<?xml version="1.0" encoding="UTF-8"?>
<testsuite xmlns:xsi="http://www.w3.org/2001/XMLSchema-instance" xsi:noNamespaceSchemaLocation="https://maven.apache.org/surefire/maven-surefire-plugin/xsd/surefire-test-report.xsd" name="org.apache.hadoop.ozone.client.rpc.TestDeleteWithSlowFollower" time="134.42" tests="1" errors="0" skipped="0" failures="1">
  <properties>
    <property name="awt.toolkit" value="sun.awt.X11.XToolkit"/>
    <property name="file.encoding.pkg" value="sun.io"/>
    <property name="java.specification.version" value="1.8"/>
    <property name="sun.cpu.isalist" value=""/>
    <property name="sun.jnu.encoding" value="ANSI_X3.4-1968"/>
    <property name="java.class.path" value="/workdir/hadoop-ozone/integration-test/target/test-classes:/workdir/hadoop-ozone/integration-test/target/classes:/home/user/.m2/repository/org/apache/hadoop/hadoop-ozone-common/0.5.0-SNAPSHOT/hadoop-ozone-common-0.5.0-SNAPSHOT.jar:/home/user/.m2/repository/org/apache/commons/commons-compress/1.4.1/commons-compress-1.4.1.jar:/home/user/.m2/repository/org/tukaani/xz/1.0/xz-1.0.jar:/home/user/.m2/repository/org/apache/hadoop/hadoop-common/3.2.0/hadoop-common-3.2.0.jar:/home/user/.m2/repository/org/apache/hadoop/hadoop-hdfs/3.2.0/hadoop-hdfs-3.2.0.jar:/home/user/.m2/repository/org/apache/hadoop/hadoop-hdfs-client/3.2.0/hadoop-hdfs-client-3.2.0.jar:/home/user/.m2/repository/com/fasterxml/jackson/core/jackson-annotations/2.9.9/jackson-annotations-2.9.9.jar:/home/user/.m2/repository/org/apache/hadoop/hadoop-hdds-common/0.5.0-SNAPSHOT/hadoop-hdds-common-0.5.0-SNAPSHOT.jar:/home/user/.m2/repository/javax/annotation/javax.annotation-api/1.2/javax.annotation-api-1.2.jar:/home/user/.m2/repository/org/apache/ratis/ratis-server/0.5.0-3f446aa-SNAPSHOT/ratis-server-0.5.0-3f446aa-SNAPSHOT.jar:/home/user/.m2/repository/org/apache/ratis/ratis-thirdparty-misc/0.2.0/ratis-thirdparty-misc-0.2.0.jar:/home/user/.m2/repository/org/apache/ratis/ratis-proto/0.5.0-3f446aa-SNAPSHOT/ratis-proto-0.5.0-3f446aa-SNAPSHOT.jar:/home/user/.m2/repository/org/apache/ratis/ratis-common/0.5.0-3f446aa-SNAPSHOT/ratis-common-0.5.0-3f446aa-SNAPSHOT.jar:/home/user/.m2/repository/org/apache/ratis/ratis-client/0.5.0-3f446aa-SNAPSHOT/ratis-client-0.5.0-3f446aa-SNAPSHOT.jar:/home/user/.m2/repository/org/apache/ratis/ratis-metrics/0.5.0-3f446aa-SNAPSHOT/ratis-metrics-0.5.0-3f446aa-SNAPSHOT.jar:/home/user/.m2/repository/com/github/joshelser/dropwizard-metrics-hadoop-metrics2-reporter/0.1.2/dropwizard-metrics-hadoop-metrics2-reporter-0.1.2.jar:/home/user/.m2/repository/io/dropwizard/metrics/metrics-jvm/3.2.5/metrics-jvm-3.2.5.jar:/home/user/.m2/repository/io/dropwizard/metrics/metrics-ganglia/3.2.5/metrics-ganglia-3.2.5.jar:/home/user/.m2/repository/info/ganglia/gmetric4j/gmetric4j/1.0.7/gmetric4j-1.0.7.jar:/home/user/.m2/repository/org/apache/ratis/ratis-netty/0.5.0-3f446aa-SNAPSHOT/ratis-netty-0.5.0-3f446aa-SNAPSHOT.jar:/home/user/.m2/repository/org/apache/ratis/ratis-grpc/0.5.0-3f446aa-SNAPSHOT/ratis-grpc-0.5.0-3f446aa-SNAPSHOT.jar:/home/user/.m2/repository/org/rocksdb/rocksdbjni/6.0.1/rocksdbjni-6.0.1.jar:/home/user/.m2/repository/org/apache/logging/log4j/log4j-api/2.11.0/log4j-api-2.11.0.jar:/home/user/.m2/repository/org/apache/logging/log4j/log4j-core/2.11.0/log4j-core-2.11.0.jar:/home/user/.m2/repository/com/lmax/disruptor/3.4.2/disruptor-3.4.2.jar:/home/user/.m2/repository/org/apache/commons/commons-pool2/2.6.0/commons-pool2-2.6.0.jar:/home/user/.m2/repository/org/bouncycastle/bcpkix-jdk15on/1.60/bcpkix-jdk15on-1.60.jar:/home/user/.m2/repository/commons-validator/commons-validator/1.6/commons-validator-1.6.jar:/home/user/.m2/repository/commons-digester/commons-digester/1.8.1/commons-digester-1.8.1.jar:/home/user/.m2/repository/io/jaegertracing/jaeger-client/0.34.0/jaeger-client-0.34.0.jar:/home/user/.m2/repository/io/jaegertracing/jaeger-thrift/0.34.0/jaeger-thrift-0.34.0.jar:/home/user/.m2/repository/org/apache/thrift/libthrift/0.12.0/libthrift-0.12.0.jar:/home/user/.m2/repository/com/squareup/okhttp3/okhttp/3.9.0/okhttp-3.9.0.jar:/home/user/.m2/repository/com/squareup/okio/okio/1.13.0/okio-1.13.0.jar:/home/user/.m2/repository/io/jaegertracing/jaeger-core/0.34.0/jaeger-core-0.34.0.jar:/home/user/.m2/repository/io/jaegertracing/jaeger-tracerresolver/0.34.0/jaeger-tracerresolver-0.34.0.jar:/home/user/.m2/repository/io/opentracing/contrib/opentracing-tracerresolver/0.1.5/opentracing-tracerresolver-0.1.5.jar:/home/user/.m2/repository/io/opentracing/opentracing-util/0.31.0/opentracing-util-0.31.0.jar:/home/user/.m2/repository/io/opentracing/opentracing-api/0.31.0/opentracing-api-0.31.0.jar:/home/user/.m2/repository/io/opentracing/opentracing-noop/0.31.0/opentracing-noop-0.31.0.jar:/home/user/.m2/repository/org/apache/hadoop/hadoop-hdds-server-framework/0.5.0-SNAPSHOT/hadoop-hdds-server-framework-0.5.0-SNAPSHOT.jar:/home/user/.m2/repository/org/apache/hadoop/hadoop-hdds-container-service/0.5.0-SNAPSHOT/hadoop-hdds-container-service-0.5.0-SNAPSHOT.jar:/home/user/.m2/repository/org/apache/hadoop/hadoop-hdds-client/0.5.0-SNAPSHOT/hadoop-hdds-client-0.5.0-SNAPSHOT.jar:/home/user/.m2/repository/org/apache/hadoop/hadoop-hdds-tools/0.5.0-SNAPSHOT/hadoop-hdds-tools-0.5.0-SNAPSHOT.jar:/home/user/.m2/repository/org/apache/hadoop/hadoop-hdds-server-scm/0.5.0-SNAPSHOT/hadoop-hdds-server-scm-0.5.0-SNAPSHOT.jar:/home/user/.m2/repository/org/apache/hadoop/hadoop-hdds-docs/0.5.0-SNAPSHOT/hadoop-hdds-docs-0.5.0-SNAPSHOT.jar:/home/user/.m2/repository/io/dropwizard/metrics/metrics-core/3.2.4/metrics-core-3.2.4.jar:/home/user/.m2/repository/org/hamcrest/hamcrest-all/1.3/hamcrest-all-1.3.jar:/home/user/.m2/repository/org/bouncycastle/bcprov-jdk15on/1.60/bcprov-jdk15on-1.60.jar:/home/user/.m2/repository/info/picocli/picocli/3.9.6/picocli-3.9.6.jar:/home/user/.m2/repository/com/google/protobuf/protobuf-java/2.5.0/protobuf-java-2.5.0.jar:/home/user/.m2/repository/com/google/guava/guava/11.0.2/guava-11.0.2.jar:/home/user/.m2/repository/org/apache/hadoop/hadoop-ozone-ozone-manager/0.5.0-SNAPSHOT/hadoop-ozone-ozone-manager-0.5.0-SNAPSHOT.jar:/home/user/.m2/repository/org/apache/hadoop/hadoop-minikdc/3.2.0/hadoop-minikdc-3.2.0.jar:/home/user/.m2/repository/commons-io/commons-io/2.5/commons-io-2.5.jar:/home/user/.m2/repository/org/apache/kerby/kerb-simplekdc/1.0.1/kerb-simplekdc-1.0.1.jar:/home/user/.m2/repository/org/apache/kerby/kerb-client/1.0.1/kerb-client-1.0.1.jar:/home/user/.m2/repository/org/apache/kerby/kerby-config/1.0.1/kerby-config-1.0.1.jar:/home/user/.m2/repository/org/apache/kerby/kerb-core/1.0.1/kerb-core-1.0.1.jar:/home/user/.m2/repository/org/apache/kerby/kerby-pkix/1.0.1/kerby-pkix-1.0.1.jar:/home/user/.m2/repository/org/apache/kerby/kerby-asn1/1.0.1/kerby-asn1-1.0.1.jar:/home/user/.m2/repository/org/apache/kerby/kerby-util/1.0.1/kerby-util-1.0.1.jar:/home/user/.m2/repository/org/apache/kerby/kerb-common/1.0.1/kerb-common-1.0.1.jar:/home/user/.m2/repository/org/apache/kerby/kerb-crypto/1.0.1/kerb-crypto-1.0.1.jar:/home/user/.m2/repository/org/apache/kerby/kerb-util/1.0.1/kerb-util-1.0.1.jar:/home/user/.m2/repository/org/apache/kerby/token-provider/1.0.1/token-provider-1.0.1.jar:/home/user/.m2/repository/org/apache/kerby/kerb-admin/1.0.1/kerb-admin-1.0.1.jar:/home/user/.m2/repository/org/apache/kerby/kerb-server/1.0.1/kerb-server-1.0.1.jar:/home/user/.m2/repository/org/apache/kerby/kerb-identity/1.0.1/kerb-identity-1.0.1.jar:/home/user/.m2/repository/org/apache/kerby/kerby-xdr/1.0.1/kerby-xdr-1.0.1.jar:/home/user/.m2/repository/org/slf4j/slf4j-log4j12/1.7.25/slf4j-log4j12-1.7.25.jar:/home/user/.m2/repository/org/apache/hadoop/hadoop-ozone-s3gateway/0.5.0-SNAPSHOT/hadoop-ozone-s3gateway-0.5.0-SNAPSHOT.jar:/home/user/.m2/repository/org/jboss/weld/servlet/weld-servlet/2.4.7.Final/weld-servlet-2.4.7.Final.jar:/home/user/.m2/repository/org/glassfish/jersey/containers/jersey-container-servlet-core/2.27/jersey-container-servlet-core-2.27.jar:/home/user/.m2/repository/org/glassfish/hk2/external/javax.inject/2.5.0-b42/javax.inject-2.5.0-b42.jar:/home/user/.m2/repository/org/glassfish/jersey/core/jersey-common/2.27/jersey-common-2.27.jar:/home/user/.m2/repository/org/glassfish/hk2/osgi-resource-locator/1.0.1/osgi-resource-locator-1.0.1.jar:/home/user/.m2/repository/javax/ws/rs/javax.ws.rs-api/2.1/javax.ws.rs-api-2.1.jar:/home/user/.m2/repository/org/glassfish/jersey/ext/cdi/jersey-cdi1x/2.27/jersey-cdi1x-2.27.jar:/home/user/.m2/repository/org/glassfish/jersey/inject/jersey-hk2/2.27/jersey-hk2-2.27.jar:/home/user/.m2/repository/org/glassfish/hk2/hk2-locator/2.5.0-b42/hk2-locator-2.5.0-b42.jar:/home/user/.m2/repository/org/javassist/javassist/3.22.0-CR2/javassist-3.22.0-CR2.jar:/home/user/.m2/repository/org/glassfish/hk2/hk2-api/2.5.0/hk2-api-2.5.0.jar:/home/user/.m2/repository/org/glassfish/hk2/external/jakarta.inject/2.5.0/jakarta.inject-2.5.0.jar:/home/user/.m2/repository/org/glassfish/hk2/hk2-utils/2.5.0/hk2-utils-2.5.0.jar:/home/user/.m2/repository/jakarta/annotation/jakarta.annotation-api/1.3.4/jakarta.annotation-api-1.3.4.jar:/home/user/.m2/repository/org/glassfish/hk2/external/aopalliance-repackaged/2.5.0/aopalliance-repackaged-2.5.0.jar:/home/user/.m2/repository/com/fasterxml/jackson/dataformat/jackson-dataformat-xml/2.9.0/jackson-dataformat-xml-2.9.0.jar:/home/user/.m2/repository/com/fasterxml/jackson/core/jackson-core/2.9.9/jackson-core-2.9.9.jar:/home/user/.m2/repository/com/fasterxml/jackson/module/jackson-module-jaxb-annotations/2.9.9/jackson-module-jaxb-annotations-2.9.9.jar:/home/user/.m2/repository/javax/enterprise/cdi-api/1.2/cdi-api-1.2.jar:/home/user/.m2/repository/javax/el/javax.el-api/3.0.0/javax.el-api-3.0.0.jar:/home/user/.m2/repository/javax/interceptor/javax.interceptor-api/1.2/javax.interceptor-api-1.2.jar:/home/user/.m2/repository/javax/inject/javax.inject/1/javax.inject-1.jar:/home/user/.m2/repository/com/sun/xml/bind/jaxb-impl/2.3.0.1/jaxb-impl-2.3.0.1.jar:/home/user/.m2/repository/com/sun/xml/bind/jaxb-core/2.3.0.1/jaxb-core-2.3.0.1.jar:/home/user/.m2/repository/javax/xml/bind/jaxb-api/2.3.0/jaxb-api-2.3.0.jar:/home/user/.m2/repository/javax/activation/activation/1.1.1/activation-1.1.1.jar:/home/user/.m2/repository/org/apache/hadoop/hadoop-ozone-csi/0.5.0-SNAPSHOT/hadoop-ozone-csi-0.5.0-SNAPSHOT.jar:/home/user/.m2/repository/com/google/protobuf/protobuf-java-util/3.5.1/protobuf-java-util-3.5.1.jar:/home/user/.m2/repository/org/apache/hadoop/hadoop-hdds-config/0.5.0-SNAPSHOT/hadoop-hdds-config-0.5.0-SNAPSHOT.jar:/home/user/.m2/repository/io/grpc/grpc-netty/1.17.1/grpc-netty-1.17.1.jar:/home/user/.m2/repository/io/grpc/grpc-core/1.17.1/grpc-core-1.17.1.jar:/home/user/.m2/repository/io/grpc/grpc-context/1.17.1/grpc-context-1.17.1.jar:/home/user/.m2/repository/com/google/errorprone/error_prone_annotations/2.2.0/error_prone_annotations-2.2.0.jar:/home/user/.m2/repository/org/codehaus/mojo/animal-sniffer-annotations/1.17/animal-sniffer-annotations-1.17.jar:/home/user/.m2/repository/io/opencensus/opencensus-api/0.17.0/opencensus-api-0.17.0.jar:/home/user/.m2/repository/io/opencensus/opencensus-contrib-grpc-metrics/0.17.0/opencensus-contrib-grpc-metrics-0.17.0.jar:/home/user/.m2/repository/io/netty/netty-codec-http2/4.1.30.Final/netty-codec-http2-4.1.30.Final.jar:/home/user/.m2/repository/io/netty/netty-codec-http/4.1.30.Final/netty-codec-http-4.1.30.Final.jar:/home/user/.m2/repository/io/netty/netty-codec/4.1.30.Final/netty-codec-4.1.30.Final.jar:/home/user/.m2/repository/io/netty/netty-handler/4.1.30.Final/netty-handler-4.1.30.Final.jar:/home/user/.m2/repository/io/netty/netty-handler-proxy/4.1.30.Final/netty-handler-proxy-4.1.30.Final.jar:/home/user/.m2/repository/io/netty/netty-codec-socks/4.1.30.Final/netty-codec-socks-4.1.30.Final.jar:/home/user/.m2/repository/io/netty/netty-transport-native-epoll/4.1.30.Final/netty-transport-native-epoll-4.1.30.Final.jar:/home/user/.m2/repository/io/netty/netty-common/4.1.30.Final/netty-common-4.1.30.Final.jar:/home/user/.m2/repository/io/netty/netty-buffer/4.1.30.Final/netty-buffer-4.1.30.Final.jar:/home/user/.m2/repository/io/netty/netty-transport/4.1.30.Final/netty-transport-4.1.30.Final.jar:/home/user/.m2/repository/io/netty/netty-resolver/4.1.30.Final/netty-resolver-4.1.30.Final.jar:/home/user/.m2/repository/io/netty/netty-transport-native-unix-common/4.1.30.Final/netty-transport-native-unix-common-4.1.30.Final.jar:/home/user/.m2/repository/io/grpc/grpc-protobuf/1.17.1/grpc-protobuf-1.17.1.jar:/home/user/.m2/repository/com/google/api/grpc/proto-google-common-protos/1.0.0/proto-google-common-protos-1.0.0.jar:/home/user/.m2/repository/io/grpc/grpc-protobuf-lite/1.17.1/grpc-protobuf-lite-1.17.1.jar:/home/user/.m2/repository/io/grpc/grpc-stub/1.17.1/grpc-stub-1.17.1.jar:/home/user/.m2/repository/org/apache/hadoop/hadoop-ozone-recon/0.5.0-SNAPSHOT/hadoop-ozone-recon-0.5.0-SNAPSHOT.jar:/home/user/.m2/repository/org/apache/hadoop/hadoop-ozone-reconcodegen/0.5.0-SNAPSHOT/hadoop-ozone-reconcodegen-0.5.0-SNAPSHOT.jar:/home/user/.m2/repository/com/google/inject/extensions/guice-multibindings/4.0/guice-multibindings-4.0.jar:/home/user/.m2/repository/com/google/inject/guice/4.0/guice-4.0.jar:/home/user/.m2/repository/aopalliance/aopalliance/1.0/aopalliance-1.0.jar:/home/user/.m2/repository/com/google/inject/extensions/guice-servlet/4.0/guice-servlet-4.0.jar:/home/user/.m2/repository/org/glassfish/jersey/containers/jersey-container-servlet/2.27/jersey-container-servlet-2.27.jar:/home/user/.m2/repository/org/glassfish/hk2/guice-bridge/2.5.0/guice-bridge-2.5.0.jar:/home/user/.m2/repository/org/glassfish/jersey/core/jersey-server/2.27/jersey-server-2.27.jar:/home/user/.m2/repository/org/glassfish/jersey/core/jersey-client/2.27/jersey-client-2.27.jar:/home/user/.m2/repository/org/glassfish/jersey/media/jersey-media-jaxb/2.27/jersey-media-jaxb-2.27.jar:/home/user/.m2/repository/javax/validation/validation-api/1.1.0.Final/validation-api-1.1.0.Final.jar:/home/user/.m2/repository/org/glassfish/jersey/media/jersey-media-json-jackson/2.27/jersey-media-json-jackson-2.27.jar:/home/user/.m2/repository/org/glassfish/jersey/ext/jersey-entity-filtering/2.27/jersey-entity-filtering-2.27.jar:/home/user/.m2/repository/com/google/inject/extensions/guice-assistedinject/4.0/guice-assistedinject-4.0.jar:/home/user/.m2/repository/org/jooq/jooq/3.11.10/jooq-3.11.10.jar:/home/user/.m2/repository/org/jooq/jooq-meta/3.11.10/jooq-meta-3.11.10.jar:/home/user/.m2/repository/org/jooq/jooq-codegen/3.11.10/jooq-codegen-3.11.10.jar:/home/user/.m2/repository/com/jolbox/bonecp/0.8.0.RELEASE/bonecp-0.8.0.RELEASE.jar:/home/user/.m2/repository/org/xerial/sqlite-jdbc/3.25.2/sqlite-jdbc-3.25.2.jar:/home/user/.m2/repository/org/springframework/spring-jdbc/5.1.3.RELEASE/spring-jdbc-5.1.3.RELEASE.jar:/home/user/.m2/repository/org/springframework/spring-beans/5.1.3.RELEASE/spring-beans-5.1.3.RELEASE.jar:/home/user/.m2/repository/org/springframework/spring-core/5.1.3.RELEASE/spring-core-5.1.3.RELEASE.jar:/home/user/.m2/repository/org/springframework/spring-jcl/5.1.3.RELEASE/spring-jcl-5.1.3.RELEASE.jar:/home/user/.m2/repository/org/springframework/spring-tx/5.1.3.RELEASE/spring-tx-5.1.3.RELEASE.jar:/home/user/.m2/repository/org/apache/hadoop/hadoop-ozone-client/0.5.0-SNAPSHOT/hadoop-ozone-client-0.5.0-SNAPSHOT.jar:/home/user/.m2/repository/commons-lang/commons-lang/2.6/commons-lang-2.6.jar:/home/user/.m2/repository/org/apache/hadoop/hadoop-ozone-ozone-manager/0.5.0-SNAPSHOT/hadoop-ozone-ozone-manager-0.5.0-SNAPSHOT-tests.jar:/home/user/.m2/repository/junit/junit/4.11/junit-4.11.jar:/home/user/.m2/repository/org/hamcrest/hamcrest-core/1.3/hamcrest-core-1.3.jar:/home/user/.m2/repository/org/openjdk/jmh/jmh-core/1.19/jmh-core-1.19.jar:/home/user/.m2/repository/net/sf/jopt-simple/jopt-simple/4.6/jopt-simple-4.6.jar:/home/user/.m2/repository/org/apache/commons/commons-math3/3.1.1/commons-math3-3.1.1.jar:/home/user/.m2/repository/org/openjdk/jmh/jmh-generator-annprocess/1.19/jmh-generator-annprocess-1.19.jar:/home/user/.m2/repository/org/mockito/mockito-all/1.8.5/mockito-all-1.8.5.jar:/home/user/.m2/repository/org/apache/hadoop/hadoop-kms/3.2.0/hadoop-kms-3.2.0.jar:/home/user/.m2/repository/org/apache/hadoop/hadoop-auth/3.2.0/hadoop-auth-3.2.0.jar:/home/user/.m2/repository/com/nimbusds/nimbus-jose-jwt/4.41.1/nimbus-jose-jwt-4.41.1.jar:/home/user/.m2/repository/com/github/stephenc/jcip/jcip-annotations/1.0-1/jcip-annotations-1.0-1.jar:/home/user/.m2/repository/net/minidev/json-smart/2.3/json-smart-2.3.jar:/home/user/.m2/repository/net/minidev/accessors-smart/1.2/accessors-smart-1.2.jar:/home/user/.m2/repository/org/ow2/asm/asm/5.0.4/asm-5.0.4.jar:/home/user/.m2/repository/org/apache/curator/curator-framework/2.12.0/curator-framework-2.12.0.jar:/home/user/.m2/repository/com/sun/jersey/jersey-core/1.19/jersey-core-1.19.jar:/home/user/.m2/repository/javax/ws/rs/jsr311-api/1.1.1/jsr311-api-1.1.1.jar:/home/user/.m2/repository/com/sun/jersey/jersey-server/1.19/jersey-server-1.19.jar:/home/user/.m2/repository/javax/servlet/javax.servlet-api/3.1.0/javax.servlet-api-3.1.0.jar:/home/user/.m2/repository/org/eclipse/jetty/jetty-server/9.3.25.v20180904/jetty-server-9.3.25.v20180904.jar:/home/user/.m2/repository/org/eclipse/jetty/jetty-http/9.3.25.v20180904/jetty-http-9.3.25.v20180904.jar:/home/user/.m2/repository/org/eclipse/jetty/jetty-io/9.3.25.v20180904/jetty-io-9.3.25.v20180904.jar:/home/user/.m2/repository/org/eclipse/jetty/jetty-webapp/9.3.25.v20180904/jetty-webapp-9.3.25.v20180904.jar:/home/user/.m2/repository/org/eclipse/jetty/jetty-xml/9.3.25.v20180904/jetty-xml-9.3.25.v20180904.jar:/home/user/.m2/repository/log4j/log4j/1.2.17/log4j-1.2.17.jar:/home/user/.m2/repository/org/slf4j/slf4j-api/1.7.25/slf4j-api-1.7.25.jar:/home/user/.m2/repository/org/slf4j/jul-to-slf4j/1.7.25/jul-to-slf4j-1.7.25.jar:/home/user/.m2/repository/org/eclipse/jetty/jetty-util/9.3.25.v20180904/jetty-util-9.3.25.v20180904.jar:/home/user/.m2/repository/com/fasterxml/jackson/core/jackson-databind/2.9.9/jackson-databind-2.9.9.jar:/home/user/.m2/repository/org/apache/hadoop/hadoop-kms/3.2.0/hadoop-kms-3.2.0-tests.jar:/home/user/.m2/repository/org/apache/hadoop/hadoop-hdds-server-scm/0.5.0-SNAPSHOT/hadoop-hdds-server-scm-0.5.0-SNAPSHOT-tests.jar:/home/user/.m2/repository/org/apache/hadoop/hadoop-hdds-container-service/0.5.0-SNAPSHOT/hadoop-hdds-container-service-0.5.0-SNAPSHOT-tests.jar:/home/user/.m2/repository/org/yaml/snakeyaml/1.16/snakeyaml-1.16.jar:/home/user/.m2/repository/org/apache/hadoop/hadoop-common/3.2.0/hadoop-common-3.2.0-tests.jar:/home/user/.m2/repository/org/apache/hadoop/hadoop-annotations/3.2.0/hadoop-annotations-3.2.0.jar:/usr/lib/jvm/java-1.8.0-openjdk-1.8.0.222.b10-1.el7_7.x86_64/jre/../lib/tools.jar:/home/user/.m2/repository/commons-cli/commons-cli/1.2/commons-cli-1.2.jar:/home/user/.m2/repository/org/apache/httpcomponents/httpclient/4.5.2/httpclient-4.5.2.jar:/home/user/.m2/repository/org/apache/httpcomponents/httpcore/4.4.4/httpcore-4.4.4.jar:/home/user/.m2/repository/commons-codec/commons-codec/1.11/commons-codec-1.11.jar:/home/user/.m2/repository/commons-net/commons-net/3.6/commons-net-3.6.jar:/home/user/.m2/repository/commons-collections/commons-collections/3.2.2/commons-collections-3.2.2.jar:/home/user/.m2/repository/org/eclipse/jetty/jetty-servlet/9.3.25.v20180904/jetty-servlet-9.3.25.v20180904.jar:/home/user/.m2/repository/org/eclipse/jetty/jetty-security/9.3.25.v20180904/jetty-security-9.3.25.v20180904.jar:/home/user/.m2/repository/javax/servlet/jsp/jsp-api/2.1/jsp-api-2.1.jar:/home/user/.m2/repository/com/sun/jersey/jersey-servlet/1.19/jersey-servlet-1.19.jar:/home/user/.m2/repository/com/sun/jersey/jersey-json/1.19/jersey-json-1.19.jar:/home/user/.m2/repository/org/codehaus/jettison/jettison/1.1/jettison-1.1.jar:/home/user/.m2/repository/org/codehaus/jackson/jackson-core-asl/1.9.13/jackson-core-asl-1.9.13.jar:/home/user/.m2/repository/org/codehaus/jackson/jackson-mapper-asl/1.9.13/jackson-mapper-asl-1.9.13.jar:/home/user/.m2/repository/org/codehaus/jackson/jackson-jaxrs/1.9.13/jackson-jaxrs-1.9.13.jar:/home/user/.m2/repository/org/codehaus/jackson/jackson-xc/1.9.13/jackson-xc-1.9.13.jar:/home/user/.m2/repository/commons-logging/commons-logging/1.1.3/commons-logging-1.1.3.jar:/home/user/.m2/repository/commons-beanutils/commons-beanutils/1.9.4/commons-beanutils-1.9.4.jar:/home/user/.m2/repository/org/apache/commons/commons-configuration2/2.1.1/commons-configuration2-2.1.1.jar:/home/user/.m2/repository/org/apache/commons/commons-lang3/3.7/commons-lang3-3.7.jar:/home/user/.m2/repository/org/apache/commons/commons-text/1.4/commons-text-1.4.jar:/home/user/.m2/repository/org/apache/avro/avro/1.7.7/avro-1.7.7.jar:/home/user/.m2/repository/com/thoughtworks/paranamer/paranamer/2.3/paranamer-2.3.jar:/home/user/.m2/repository/org/xerial/snappy/snappy-java/1.0.5/snappy-java-1.0.5.jar:/home/user/.m2/repository/com/google/re2j/re2j/1.1/re2j-1.1.jar:/home/user/.m2/repository/com/google/code/gson/gson/2.2.4/gson-2.2.4.jar:/home/user/.m2/repository/com/jcraft/jsch/0.1.54/jsch-0.1.54.jar:/home/user/.m2/repository/org/apache/curator/curator-client/2.12.0/curator-client-2.12.0.jar:/home/user/.m2/repository/org/apache/curator/curator-recipes/2.12.0/curator-recipes-2.12.0.jar:/home/user/.m2/repository/com/google/code/findbugs/jsr305/3.0.0/jsr305-3.0.0.jar:/home/user/.m2/repository/org/apache/htrace/htrace-core4/4.1.0-incubating/htrace-core4-4.1.0-incubating.jar:/home/user/.m2/repository/org/apache/zookeeper/zookeeper/3.4.13/zookeeper-3.4.13.jar:/home/user/.m2/repository/jline/jline/0.9.94/jline-0.9.94.jar:/home/user/.m2/repository/org/apache/yetus/audience-annotations/0.5.0/audience-annotations-0.5.0.jar:/home/user/.m2/repository/org/codehaus/woodstox/stax2-api/3.1.4/stax2-api-3.1.4.jar:/home/user/.m2/repository/com/fasterxml/woodstox/woodstox-core/5.0.3/woodstox-core-5.0.3.jar:/home/user/.m2/repository/dnsjava/dnsjava/2.1.7/dnsjava-2.1.7.jar:/home/user/.m2/repository/org/apache/hadoop/hadoop-hdfs/3.2.0/hadoop-hdfs-3.2.0-tests.jar:/home/user/.m2/repository/org/eclipse/jetty/jetty-util-ajax/9.3.25.v20180904/jetty-util-ajax-9.3.25.v20180904.jar:/home/user/.m2/repository/commons-daemon/commons-daemon/1.0.13/commons-daemon-1.0.13.jar:/home/user/.m2/repository/io/netty/netty/3.10.5.Final/netty-3.10.5.Final.jar:/home/user/.m2/repository/io/netty/netty-all/4.0.52.Final/netty-all-4.0.52.Final.jar:/home/user/.m2/repository/org/fusesource/leveldbjni/leveldbjni-all/1.8/leveldbjni-all-1.8.jar:"/>
    <property name="java.vm.vendor" value="Oracle Corporation"/>
    <property name="sun.arch.data.model" value="64"/>
    <property name="test.build.dir" value="/workdir/hadoop-ozone/integration-test/target/test-dir"/>
    <property name="test.cache.data" value=""/>
    <property name="java.vendor.url" value="http://java.oracle.com/"/>
    <property name="user.timezone" value=""/>
    <property name="java.vm.specification.version" value="1.8"/>
    <property name="os.name" value="Linux"/>
    <property name="test.build.data" value="/workdir/hadoop-ozone/integration-test/target/test-dir"/>
    <property name="user.country" value="US"/>
    <property name="sun.java.launcher" value="SUN_STANDARD"/>
    <property name="sun.boot.library.path" value="/usr/lib/jvm/java-1.8.0-openjdk-1.8.0.222.b10-1.el7_7.x86_64/jre/lib/amd64"/>
    <property name="sun.java.command" value="/workdir/hadoop-ozone/integration-test/target/surefire/surefirebooter1061339116729072425.jar /workdir/hadoop-ozone/integration-test/target/surefire 2019-10-28T10-45-06_209-jvmRun1 surefire2687216562511742520tmp surefire_481164373804581033529tmp"/>
    <property name="surefire.test.class.path" value="/workdir/hadoop-ozone/integration-test/target/test-classes:/workdir/hadoop-ozone/integration-test/target/classes:/home/user/.m2/repository/org/apache/hadoop/hadoop-ozone-common/0.5.0-SNAPSHOT/hadoop-ozone-common-0.5.0-SNAPSHOT.jar:/home/user/.m2/repository/org/apache/commons/commons-compress/1.4.1/commons-compress-1.4.1.jar:/home/user/.m2/repository/org/tukaani/xz/1.0/xz-1.0.jar:/home/user/.m2/repository/org/apache/hadoop/hadoop-common/3.2.0/hadoop-common-3.2.0.jar:/home/user/.m2/repository/org/apache/hadoop/hadoop-hdfs/3.2.0/hadoop-hdfs-3.2.0.jar:/home/user/.m2/repository/org/apache/hadoop/hadoop-hdfs-client/3.2.0/hadoop-hdfs-client-3.2.0.jar:/home/user/.m2/repository/com/fasterxml/jackson/core/jackson-annotations/2.9.9/jackson-annotations-2.9.9.jar:/home/user/.m2/repository/org/apache/hadoop/hadoop-hdds-common/0.5.0-SNAPSHOT/hadoop-hdds-common-0.5.0-SNAPSHOT.jar:/home/user/.m2/repository/javax/annotation/javax.annotation-api/1.2/javax.annotation-api-1.2.jar:/home/user/.m2/repository/org/apache/ratis/ratis-server/0.5.0-3f446aa-SNAPSHOT/ratis-server-0.5.0-3f446aa-SNAPSHOT.jar:/home/user/.m2/repository/org/apache/ratis/ratis-thirdparty-misc/0.2.0/ratis-thirdparty-misc-0.2.0.jar:/home/user/.m2/repository/org/apache/ratis/ratis-proto/0.5.0-3f446aa-SNAPSHOT/ratis-proto-0.5.0-3f446aa-SNAPSHOT.jar:/home/user/.m2/repository/org/apache/ratis/ratis-common/0.5.0-3f446aa-SNAPSHOT/ratis-common-0.5.0-3f446aa-SNAPSHOT.jar:/home/user/.m2/repository/org/apache/ratis/ratis-client/0.5.0-3f446aa-SNAPSHOT/ratis-client-0.5.0-3f446aa-SNAPSHOT.jar:/home/user/.m2/repository/org/apache/ratis/ratis-metrics/0.5.0-3f446aa-SNAPSHOT/ratis-metrics-0.5.0-3f446aa-SNAPSHOT.jar:/home/user/.m2/repository/com/github/joshelser/dropwizard-metrics-hadoop-metrics2-reporter/0.1.2/dropwizard-metrics-hadoop-metrics2-reporter-0.1.2.jar:/home/user/.m2/repository/io/dropwizard/metrics/metrics-jvm/3.2.5/metrics-jvm-3.2.5.jar:/home/user/.m2/repository/io/dropwizard/metrics/metrics-ganglia/3.2.5/metrics-ganglia-3.2.5.jar:/home/user/.m2/repository/info/ganglia/gmetric4j/gmetric4j/1.0.7/gmetric4j-1.0.7.jar:/home/user/.m2/repository/org/apache/ratis/ratis-netty/0.5.0-3f446aa-SNAPSHOT/ratis-netty-0.5.0-3f446aa-SNAPSHOT.jar:/home/user/.m2/repository/org/apache/ratis/ratis-grpc/0.5.0-3f446aa-SNAPSHOT/ratis-grpc-0.5.0-3f446aa-SNAPSHOT.jar:/home/user/.m2/repository/org/rocksdb/rocksdbjni/6.0.1/rocksdbjni-6.0.1.jar:/home/user/.m2/repository/org/apache/logging/log4j/log4j-api/2.11.0/log4j-api-2.11.0.jar:/home/user/.m2/repository/org/apache/logging/log4j/log4j-core/2.11.0/log4j-core-2.11.0.jar:/home/user/.m2/repository/com/lmax/disruptor/3.4.2/disruptor-3.4.2.jar:/home/user/.m2/repository/org/apache/commons/commons-pool2/2.6.0/commons-pool2-2.6.0.jar:/home/user/.m2/repository/org/bouncycastle/bcpkix-jdk15on/1.60/bcpkix-jdk15on-1.60.jar:/home/user/.m2/repository/commons-validator/commons-validator/1.6/commons-validator-1.6.jar:/home/user/.m2/repository/commons-digester/commons-digester/1.8.1/commons-digester-1.8.1.jar:/home/user/.m2/repository/io/jaegertracing/jaeger-client/0.34.0/jaeger-client-0.34.0.jar:/home/user/.m2/repository/io/jaegertracing/jaeger-thrift/0.34.0/jaeger-thrift-0.34.0.jar:/home/user/.m2/repository/org/apache/thrift/libthrift/0.12.0/libthrift-0.12.0.jar:/home/user/.m2/repository/com/squareup/okhttp3/okhttp/3.9.0/okhttp-3.9.0.jar:/home/user/.m2/repository/com/squareup/okio/okio/1.13.0/okio-1.13.0.jar:/home/user/.m2/repository/io/jaegertracing/jaeger-core/0.34.0/jaeger-core-0.34.0.jar:/home/user/.m2/repository/io/jaegertracing/jaeger-tracerresolver/0.34.0/jaeger-tracerresolver-0.34.0.jar:/home/user/.m2/repository/io/opentracing/contrib/opentracing-tracerresolver/0.1.5/opentracing-tracerresolver-0.1.5.jar:/home/user/.m2/repository/io/opentracing/opentracing-util/0.31.0/opentracing-util-0.31.0.jar:/home/user/.m2/repository/io/opentracing/opentracing-api/0.31.0/opentracing-api-0.31.0.jar:/home/user/.m2/repository/io/opentracing/opentracing-noop/0.31.0/opentracing-noop-0.31.0.jar:/home/user/.m2/repository/org/apache/hadoop/hadoop-hdds-server-framework/0.5.0-SNAPSHOT/hadoop-hdds-server-framework-0.5.0-SNAPSHOT.jar:/home/user/.m2/repository/org/apache/hadoop/hadoop-hdds-container-service/0.5.0-SNAPSHOT/hadoop-hdds-container-service-0.5.0-SNAPSHOT.jar:/home/user/.m2/repository/org/apache/hadoop/hadoop-hdds-client/0.5.0-SNAPSHOT/hadoop-hdds-client-0.5.0-SNAPSHOT.jar:/home/user/.m2/repository/org/apache/hadoop/hadoop-hdds-tools/0.5.0-SNAPSHOT/hadoop-hdds-tools-0.5.0-SNAPSHOT.jar:/home/user/.m2/repository/org/apache/hadoop/hadoop-hdds-server-scm/0.5.0-SNAPSHOT/hadoop-hdds-server-scm-0.5.0-SNAPSHOT.jar:/home/user/.m2/repository/org/apache/hadoop/hadoop-hdds-docs/0.5.0-SNAPSHOT/hadoop-hdds-docs-0.5.0-SNAPSHOT.jar:/home/user/.m2/repository/io/dropwizard/metrics/metrics-core/3.2.4/metrics-core-3.2.4.jar:/home/user/.m2/repository/org/hamcrest/hamcrest-all/1.3/hamcrest-all-1.3.jar:/home/user/.m2/repository/org/bouncycastle/bcprov-jdk15on/1.60/bcprov-jdk15on-1.60.jar:/home/user/.m2/repository/info/picocli/picocli/3.9.6/picocli-3.9.6.jar:/home/user/.m2/repository/com/google/protobuf/protobuf-java/2.5.0/protobuf-java-2.5.0.jar:/home/user/.m2/repository/com/google/guava/guava/11.0.2/guava-11.0.2.jar:/home/user/.m2/repository/org/apache/hadoop/hadoop-ozone-ozone-manager/0.5.0-SNAPSHOT/hadoop-ozone-ozone-manager-0.5.0-SNAPSHOT.jar:/home/user/.m2/repository/org/apache/hadoop/hadoop-minikdc/3.2.0/hadoop-minikdc-3.2.0.jar:/home/user/.m2/repository/commons-io/commons-io/2.5/commons-io-2.5.jar:/home/user/.m2/repository/org/apache/kerby/kerb-simplekdc/1.0.1/kerb-simplekdc-1.0.1.jar:/home/user/.m2/repository/org/apache/kerby/kerb-client/1.0.1/kerb-client-1.0.1.jar:/home/user/.m2/repository/org/apache/kerby/kerby-config/1.0.1/kerby-config-1.0.1.jar:/home/user/.m2/repository/org/apache/kerby/kerb-core/1.0.1/kerb-core-1.0.1.jar:/home/user/.m2/repository/org/apache/kerby/kerby-pkix/1.0.1/kerby-pkix-1.0.1.jar:/home/user/.m2/repository/org/apache/kerby/kerby-asn1/1.0.1/kerby-asn1-1.0.1.jar:/home/user/.m2/repository/org/apache/kerby/kerby-util/1.0.1/kerby-util-1.0.1.jar:/home/user/.m2/repository/org/apache/kerby/kerb-common/1.0.1/kerb-common-1.0.1.jar:/home/user/.m2/repository/org/apache/kerby/kerb-crypto/1.0.1/kerb-crypto-1.0.1.jar:/home/user/.m2/repository/org/apache/kerby/kerb-util/1.0.1/kerb-util-1.0.1.jar:/home/user/.m2/repository/org/apache/kerby/token-provider/1.0.1/token-provider-1.0.1.jar:/home/user/.m2/repository/org/apache/kerby/kerb-admin/1.0.1/kerb-admin-1.0.1.jar:/home/user/.m2/repository/org/apache/kerby/kerb-server/1.0.1/kerb-server-1.0.1.jar:/home/user/.m2/repository/org/apache/kerby/kerb-identity/1.0.1/kerb-identity-1.0.1.jar:/home/user/.m2/repository/org/apache/kerby/kerby-xdr/1.0.1/kerby-xdr-1.0.1.jar:/home/user/.m2/repository/org/slf4j/slf4j-log4j12/1.7.25/slf4j-log4j12-1.7.25.jar:/home/user/.m2/repository/org/apache/hadoop/hadoop-ozone-s3gateway/0.5.0-SNAPSHOT/hadoop-ozone-s3gateway-0.5.0-SNAPSHOT.jar:/home/user/.m2/repository/org/jboss/weld/servlet/weld-servlet/2.4.7.Final/weld-servlet-2.4.7.Final.jar:/home/user/.m2/repository/org/glassfish/jersey/containers/jersey-container-servlet-core/2.27/jersey-container-servlet-core-2.27.jar:/home/user/.m2/repository/org/glassfish/hk2/external/javax.inject/2.5.0-b42/javax.inject-2.5.0-b42.jar:/home/user/.m2/repository/org/glassfish/jersey/core/jersey-common/2.27/jersey-common-2.27.jar:/home/user/.m2/repository/org/glassfish/hk2/osgi-resource-locator/1.0.1/osgi-resource-locator-1.0.1.jar:/home/user/.m2/repository/javax/ws/rs/javax.ws.rs-api/2.1/javax.ws.rs-api-2.1.jar:/home/user/.m2/repository/org/glassfish/jersey/ext/cdi/jersey-cdi1x/2.27/jersey-cdi1x-2.27.jar:/home/user/.m2/repository/org/glassfish/jersey/inject/jersey-hk2/2.27/jersey-hk2-2.27.jar:/home/user/.m2/repository/org/glassfish/hk2/hk2-locator/2.5.0-b42/hk2-locator-2.5.0-b42.jar:/home/user/.m2/repository/org/javassist/javassist/3.22.0-CR2/javassist-3.22.0-CR2.jar:/home/user/.m2/repository/org/glassfish/hk2/hk2-api/2.5.0/hk2-api-2.5.0.jar:/home/user/.m2/repository/org/glassfish/hk2/external/jakarta.inject/2.5.0/jakarta.inject-2.5.0.jar:/home/user/.m2/repository/org/glassfish/hk2/hk2-utils/2.5.0/hk2-utils-2.5.0.jar:/home/user/.m2/repository/jakarta/annotation/jakarta.annotation-api/1.3.4/jakarta.annotation-api-1.3.4.jar:/home/user/.m2/repository/org/glassfish/hk2/external/aopalliance-repackaged/2.5.0/aopalliance-repackaged-2.5.0.jar:/home/user/.m2/repository/com/fasterxml/jackson/dataformat/jackson-dataformat-xml/2.9.0/jackson-dataformat-xml-2.9.0.jar:/home/user/.m2/repository/com/fasterxml/jackson/core/jackson-core/2.9.9/jackson-core-2.9.9.jar:/home/user/.m2/repository/com/fasterxml/jackson/module/jackson-module-jaxb-annotations/2.9.9/jackson-module-jaxb-annotations-2.9.9.jar:/home/user/.m2/repository/javax/enterprise/cdi-api/1.2/cdi-api-1.2.jar:/home/user/.m2/repository/javax/el/javax.el-api/3.0.0/javax.el-api-3.0.0.jar:/home/user/.m2/repository/javax/interceptor/javax.interceptor-api/1.2/javax.interceptor-api-1.2.jar:/home/user/.m2/repository/javax/inject/javax.inject/1/javax.inject-1.jar:/home/user/.m2/repository/com/sun/xml/bind/jaxb-impl/2.3.0.1/jaxb-impl-2.3.0.1.jar:/home/user/.m2/repository/com/sun/xml/bind/jaxb-core/2.3.0.1/jaxb-core-2.3.0.1.jar:/home/user/.m2/repository/javax/xml/bind/jaxb-api/2.3.0/jaxb-api-2.3.0.jar:/home/user/.m2/repository/javax/activation/activation/1.1.1/activation-1.1.1.jar:/home/user/.m2/repository/org/apache/hadoop/hadoop-ozone-csi/0.5.0-SNAPSHOT/hadoop-ozone-csi-0.5.0-SNAPSHOT.jar:/home/user/.m2/repository/com/google/protobuf/protobuf-java-util/3.5.1/protobuf-java-util-3.5.1.jar:/home/user/.m2/repository/org/apache/hadoop/hadoop-hdds-config/0.5.0-SNAPSHOT/hadoop-hdds-config-0.5.0-SNAPSHOT.jar:/home/user/.m2/repository/io/grpc/grpc-netty/1.17.1/grpc-netty-1.17.1.jar:/home/user/.m2/repository/io/grpc/grpc-core/1.17.1/grpc-core-1.17.1.jar:/home/user/.m2/repository/io/grpc/grpc-context/1.17.1/grpc-context-1.17.1.jar:/home/user/.m2/repository/com/google/errorprone/error_prone_annotations/2.2.0/error_prone_annotations-2.2.0.jar:/home/user/.m2/repository/org/codehaus/mojo/animal-sniffer-annotations/1.17/animal-sniffer-annotations-1.17.jar:/home/user/.m2/repository/io/opencensus/opencensus-api/0.17.0/opencensus-api-0.17.0.jar:/home/user/.m2/repository/io/opencensus/opencensus-contrib-grpc-metrics/0.17.0/opencensus-contrib-grpc-metrics-0.17.0.jar:/home/user/.m2/repository/io/netty/netty-codec-http2/4.1.30.Final/netty-codec-http2-4.1.30.Final.jar:/home/user/.m2/repository/io/netty/netty-codec-http/4.1.30.Final/netty-codec-http-4.1.30.Final.jar:/home/user/.m2/repository/io/netty/netty-codec/4.1.30.Final/netty-codec-4.1.30.Final.jar:/home/user/.m2/repository/io/netty/netty-handler/4.1.30.Final/netty-handler-4.1.30.Final.jar:/home/user/.m2/repository/io/netty/netty-handler-proxy/4.1.30.Final/netty-handler-proxy-4.1.30.Final.jar:/home/user/.m2/repository/io/netty/netty-codec-socks/4.1.30.Final/netty-codec-socks-4.1.30.Final.jar:/home/user/.m2/repository/io/netty/netty-transport-native-epoll/4.1.30.Final/netty-transport-native-epoll-4.1.30.Final.jar:/home/user/.m2/repository/io/netty/netty-common/4.1.30.Final/netty-common-4.1.30.Final.jar:/home/user/.m2/repository/io/netty/netty-buffer/4.1.30.Final/netty-buffer-4.1.30.Final.jar:/home/user/.m2/repository/io/netty/netty-transport/4.1.30.Final/netty-transport-4.1.30.Final.jar:/home/user/.m2/repository/io/netty/netty-resolver/4.1.30.Final/netty-resolver-4.1.30.Final.jar:/home/user/.m2/repository/io/netty/netty-transport-native-unix-common/4.1.30.Final/netty-transport-native-unix-common-4.1.30.Final.jar:/home/user/.m2/repository/io/grpc/grpc-protobuf/1.17.1/grpc-protobuf-1.17.1.jar:/home/user/.m2/repository/com/google/api/grpc/proto-google-common-protos/1.0.0/proto-google-common-protos-1.0.0.jar:/home/user/.m2/repository/io/grpc/grpc-protobuf-lite/1.17.1/grpc-protobuf-lite-1.17.1.jar:/home/user/.m2/repository/io/grpc/grpc-stub/1.17.1/grpc-stub-1.17.1.jar:/home/user/.m2/repository/org/apache/hadoop/hadoop-ozone-recon/0.5.0-SNAPSHOT/hadoop-ozone-recon-0.5.0-SNAPSHOT.jar:/home/user/.m2/repository/org/apache/hadoop/hadoop-ozone-reconcodegen/0.5.0-SNAPSHOT/hadoop-ozone-reconcodegen-0.5.0-SNAPSHOT.jar:/home/user/.m2/repository/com/google/inject/extensions/guice-multibindings/4.0/guice-multibindings-4.0.jar:/home/user/.m2/repository/com/google/inject/guice/4.0/guice-4.0.jar:/home/user/.m2/repository/aopalliance/aopalliance/1.0/aopalliance-1.0.jar:/home/user/.m2/repository/com/google/inject/extensions/guice-servlet/4.0/guice-servlet-4.0.jar:/home/user/.m2/repository/org/glassfish/jersey/containers/jersey-container-servlet/2.27/jersey-container-servlet-2.27.jar:/home/user/.m2/repository/org/glassfish/hk2/guice-bridge/2.5.0/guice-bridge-2.5.0.jar:/home/user/.m2/repository/org/glassfish/jersey/core/jersey-server/2.27/jersey-server-2.27.jar:/home/user/.m2/repository/org/glassfish/jersey/core/jersey-client/2.27/jersey-client-2.27.jar:/home/user/.m2/repository/org/glassfish/jersey/media/jersey-media-jaxb/2.27/jersey-media-jaxb-2.27.jar:/home/user/.m2/repository/javax/validation/validation-api/1.1.0.Final/validation-api-1.1.0.Final.jar:/home/user/.m2/repository/org/glassfish/jersey/media/jersey-media-json-jackson/2.27/jersey-media-json-jackson-2.27.jar:/home/user/.m2/repository/org/glassfish/jersey/ext/jersey-entity-filtering/2.27/jersey-entity-filtering-2.27.jar:/home/user/.m2/repository/com/google/inject/extensions/guice-assistedinject/4.0/guice-assistedinject-4.0.jar:/home/user/.m2/repository/org/jooq/jooq/3.11.10/jooq-3.11.10.jar:/home/user/.m2/repository/org/jooq/jooq-meta/3.11.10/jooq-meta-3.11.10.jar:/home/user/.m2/repository/org/jooq/jooq-codegen/3.11.10/jooq-codegen-3.11.10.jar:/home/user/.m2/repository/com/jolbox/bonecp/0.8.0.RELEASE/bonecp-0.8.0.RELEASE.jar:/home/user/.m2/repository/org/xerial/sqlite-jdbc/3.25.2/sqlite-jdbc-3.25.2.jar:/home/user/.m2/repository/org/springframework/spring-jdbc/5.1.3.RELEASE/spring-jdbc-5.1.3.RELEASE.jar:/home/user/.m2/repository/org/springframework/spring-beans/5.1.3.RELEASE/spring-beans-5.1.3.RELEASE.jar:/home/user/.m2/repository/org/springframework/spring-core/5.1.3.RELEASE/spring-core-5.1.3.RELEASE.jar:/home/user/.m2/repository/org/springframework/spring-jcl/5.1.3.RELEASE/spring-jcl-5.1.3.RELEASE.jar:/home/user/.m2/repository/org/springframework/spring-tx/5.1.3.RELEASE/spring-tx-5.1.3.RELEASE.jar:/home/user/.m2/repository/org/apache/hadoop/hadoop-ozone-client/0.5.0-SNAPSHOT/hadoop-ozone-client-0.5.0-SNAPSHOT.jar:/home/user/.m2/repository/commons-lang/commons-lang/2.6/commons-lang-2.6.jar:/home/user/.m2/repository/org/apache/hadoop/hadoop-ozone-ozone-manager/0.5.0-SNAPSHOT/hadoop-ozone-ozone-manager-0.5.0-SNAPSHOT-tests.jar:/home/user/.m2/repository/junit/junit/4.11/junit-4.11.jar:/home/user/.m2/repository/org/hamcrest/hamcrest-core/1.3/hamcrest-core-1.3.jar:/home/user/.m2/repository/org/openjdk/jmh/jmh-core/1.19/jmh-core-1.19.jar:/home/user/.m2/repository/net/sf/jopt-simple/jopt-simple/4.6/jopt-simple-4.6.jar:/home/user/.m2/repository/org/apache/commons/commons-math3/3.1.1/commons-math3-3.1.1.jar:/home/user/.m2/repository/org/openjdk/jmh/jmh-generator-annprocess/1.19/jmh-generator-annprocess-1.19.jar:/home/user/.m2/repository/org/mockito/mockito-all/1.8.5/mockito-all-1.8.5.jar:/home/user/.m2/repository/org/apache/hadoop/hadoop-kms/3.2.0/hadoop-kms-3.2.0.jar:/home/user/.m2/repository/org/apache/hadoop/hadoop-auth/3.2.0/hadoop-auth-3.2.0.jar:/home/user/.m2/repository/com/nimbusds/nimbus-jose-jwt/4.41.1/nimbus-jose-jwt-4.41.1.jar:/home/user/.m2/repository/com/github/stephenc/jcip/jcip-annotations/1.0-1/jcip-annotations-1.0-1.jar:/home/user/.m2/repository/net/minidev/json-smart/2.3/json-smart-2.3.jar:/home/user/.m2/repository/net/minidev/accessors-smart/1.2/accessors-smart-1.2.jar:/home/user/.m2/repository/org/ow2/asm/asm/5.0.4/asm-5.0.4.jar:/home/user/.m2/repository/org/apache/curator/curator-framework/2.12.0/curator-framework-2.12.0.jar:/home/user/.m2/repository/com/sun/jersey/jersey-core/1.19/jersey-core-1.19.jar:/home/user/.m2/repository/javax/ws/rs/jsr311-api/1.1.1/jsr311-api-1.1.1.jar:/home/user/.m2/repository/com/sun/jersey/jersey-server/1.19/jersey-server-1.19.jar:/home/user/.m2/repository/javax/servlet/javax.servlet-api/3.1.0/javax.servlet-api-3.1.0.jar:/home/user/.m2/repository/org/eclipse/jetty/jetty-server/9.3.25.v20180904/jetty-server-9.3.25.v20180904.jar:/home/user/.m2/repository/org/eclipse/jetty/jetty-http/9.3.25.v20180904/jetty-http-9.3.25.v20180904.jar:/home/user/.m2/repository/org/eclipse/jetty/jetty-io/9.3.25.v20180904/jetty-io-9.3.25.v20180904.jar:/home/user/.m2/repository/org/eclipse/jetty/jetty-webapp/9.3.25.v20180904/jetty-webapp-9.3.25.v20180904.jar:/home/user/.m2/repository/org/eclipse/jetty/jetty-xml/9.3.25.v20180904/jetty-xml-9.3.25.v20180904.jar:/home/user/.m2/repository/log4j/log4j/1.2.17/log4j-1.2.17.jar:/home/user/.m2/repository/org/slf4j/slf4j-api/1.7.25/slf4j-api-1.7.25.jar:/home/user/.m2/repository/org/slf4j/jul-to-slf4j/1.7.25/jul-to-slf4j-1.7.25.jar:/home/user/.m2/repository/org/eclipse/jetty/jetty-util/9.3.25.v20180904/jetty-util-9.3.25.v20180904.jar:/home/user/.m2/repository/com/fasterxml/jackson/core/jackson-databind/2.9.9/jackson-databind-2.9.9.jar:/home/user/.m2/repository/org/apache/hadoop/hadoop-kms/3.2.0/hadoop-kms-3.2.0-tests.jar:/home/user/.m2/repository/org/apache/hadoop/hadoop-hdds-server-scm/0.5.0-SNAPSHOT/hadoop-hdds-server-scm-0.5.0-SNAPSHOT-tests.jar:/home/user/.m2/repository/org/apache/hadoop/hadoop-hdds-container-service/0.5.0-SNAPSHOT/hadoop-hdds-container-service-0.5.0-SNAPSHOT-tests.jar:/home/user/.m2/repository/org/yaml/snakeyaml/1.16/snakeyaml-1.16.jar:/home/user/.m2/repository/org/apache/hadoop/hadoop-common/3.2.0/hadoop-common-3.2.0-tests.jar:/home/user/.m2/repository/org/apache/hadoop/hadoop-annotations/3.2.0/hadoop-annotations-3.2.0.jar:/usr/lib/jvm/java-1.8.0-openjdk-1.8.0.222.b10-1.el7_7.x86_64/jre/../lib/tools.jar:/home/user/.m2/repository/commons-cli/commons-cli/1.2/commons-cli-1.2.jar:/home/user/.m2/repository/org/apache/httpcomponents/httpclient/4.5.2/httpclient-4.5.2.jar:/home/user/.m2/repository/org/apache/httpcomponents/httpcore/4.4.4/httpcore-4.4.4.jar:/home/user/.m2/repository/commons-codec/commons-codec/1.11/commons-codec-1.11.jar:/home/user/.m2/repository/commons-net/commons-net/3.6/commons-net-3.6.jar:/home/user/.m2/repository/commons-collections/commons-collections/3.2.2/commons-collections-3.2.2.jar:/home/user/.m2/repository/org/eclipse/jetty/jetty-servlet/9.3.25.v20180904/jetty-servlet-9.3.25.v20180904.jar:/home/user/.m2/repository/org/eclipse/jetty/jetty-security/9.3.25.v20180904/jetty-security-9.3.25.v20180904.jar:/home/user/.m2/repository/javax/servlet/jsp/jsp-api/2.1/jsp-api-2.1.jar:/home/user/.m2/repository/com/sun/jersey/jersey-servlet/1.19/jersey-servlet-1.19.jar:/home/user/.m2/repository/com/sun/jersey/jersey-json/1.19/jersey-json-1.19.jar:/home/user/.m2/repository/org/codehaus/jettison/jettison/1.1/jettison-1.1.jar:/home/user/.m2/repository/org/codehaus/jackson/jackson-core-asl/1.9.13/jackson-core-asl-1.9.13.jar:/home/user/.m2/repository/org/codehaus/jackson/jackson-mapper-asl/1.9.13/jackson-mapper-asl-1.9.13.jar:/home/user/.m2/repository/org/codehaus/jackson/jackson-jaxrs/1.9.13/jackson-jaxrs-1.9.13.jar:/home/user/.m2/repository/org/codehaus/jackson/jackson-xc/1.9.13/jackson-xc-1.9.13.jar:/home/user/.m2/repository/commons-logging/commons-logging/1.1.3/commons-logging-1.1.3.jar:/home/user/.m2/repository/commons-beanutils/commons-beanutils/1.9.4/commons-beanutils-1.9.4.jar:/home/user/.m2/repository/org/apache/commons/commons-configuration2/2.1.1/commons-configuration2-2.1.1.jar:/home/user/.m2/repository/org/apache/commons/commons-lang3/3.7/commons-lang3-3.7.jar:/home/user/.m2/repository/org/apache/commons/commons-text/1.4/commons-text-1.4.jar:/home/user/.m2/repository/org/apache/avro/avro/1.7.7/avro-1.7.7.jar:/home/user/.m2/repository/com/thoughtworks/paranamer/paranamer/2.3/paranamer-2.3.jar:/home/user/.m2/repository/org/xerial/snappy/snappy-java/1.0.5/snappy-java-1.0.5.jar:/home/user/.m2/repository/com/google/re2j/re2j/1.1/re2j-1.1.jar:/home/user/.m2/repository/com/google/code/gson/gson/2.2.4/gson-2.2.4.jar:/home/user/.m2/repository/com/jcraft/jsch/0.1.54/jsch-0.1.54.jar:/home/user/.m2/repository/org/apache/curator/curator-client/2.12.0/curator-client-2.12.0.jar:/home/user/.m2/repository/org/apache/curator/curator-recipes/2.12.0/curator-recipes-2.12.0.jar:/home/user/.m2/repository/com/google/code/findbugs/jsr305/3.0.0/jsr305-3.0.0.jar:/home/user/.m2/repository/org/apache/htrace/htrace-core4/4.1.0-incubating/htrace-core4-4.1.0-incubating.jar:/home/user/.m2/repository/org/apache/zookeeper/zookeeper/3.4.13/zookeeper-3.4.13.jar:/home/user/.m2/repository/jline/jline/0.9.94/jline-0.9.94.jar:/home/user/.m2/repository/org/apache/yetus/audience-annotations/0.5.0/audience-annotations-0.5.0.jar:/home/user/.m2/repository/org/codehaus/woodstox/stax2-api/3.1.4/stax2-api-3.1.4.jar:/home/user/.m2/repository/com/fasterxml/woodstox/woodstox-core/5.0.3/woodstox-core-5.0.3.jar:/home/user/.m2/repository/dnsjava/dnsjava/2.1.7/dnsjava-2.1.7.jar:/home/user/.m2/repository/org/apache/hadoop/hadoop-hdfs/3.2.0/hadoop-hdfs-3.2.0-tests.jar:/home/user/.m2/repository/org/eclipse/jetty/jetty-util-ajax/9.3.25.v20180904/jetty-util-ajax-9.3.25.v20180904.jar:/home/user/.m2/repository/commons-daemon/commons-daemon/1.0.13/commons-daemon-1.0.13.jar:/home/user/.m2/repository/io/netty/netty/3.10.5.Final/netty-3.10.5.Final.jar:/home/user/.m2/repository/io/netty/netty-all/4.0.52.Final/netty-all-4.0.52.Final.jar:/home/user/.m2/repository/org/fusesource/leveldbjni/leveldbjni-all/1.8/leveldbjni-all-1.8.jar:"/>
    <property name="sun.cpu.endian" value="little"/>
    <property name="user.home" value="/home/user"/>
    <property name="user.language" value="en"/>
    <property name="java.specification.vendor" value="Oracle Corporation"/>
    <property name="java.home" value="/usr/lib/jvm/java-1.8.0-openjdk-1.8.0.222.b10-1.el7_7.x86_64/jre"/>
    <property name="surefire.excludesFile" value="/tools/ozone-bad-unit-tests"/>
    <property name="java.security.krb5.conf" value="/workdir/hadoop-ozone/integration-test/target/test-classes/krb5.conf"/>
    <property name="basedir" value="/workdir/hadoop-ozone/integration-test"/>
    <property name="file.separator" value="/"/>
    <property name="line.separator" value="&#10;"/>
    <property name="java.vm.specification.vendor" value="Oracle Corporation"/>
    <property name="java.specification.name" value="Java Platform API Specification"/>
    <property name="java.awt.graphicsenv" value="sun.awt.X11GraphicsEnvironment"/>
    <property name="surefire.real.class.path" value="/workdir/hadoop-ozone/integration-test/target/surefire/surefirebooter1061339116729072425.jar"/>
    <property name="hadoop.log.dir" value="/workdir/hadoop-ozone/integration-test/target/log"/>
    <property name="sun.boot.class.path" value="/usr/lib/jvm/java-1.8.0-openjdk-1.8.0.222.b10-1.el7_7.x86_64/jre/lib/resources.jar:/usr/lib/jvm/java-1.8.0-openjdk-1.8.0.222.b10-1.el7_7.x86_64/jre/lib/rt.jar:/usr/lib/jvm/java-1.8.0-openjdk-1.8.0.222.b10-1.el7_7.x86_64/jre/lib/sunrsasign.jar:/usr/lib/jvm/java-1.8.0-openjdk-1.8.0.222.b10-1.el7_7.x86_64/jre/lib/jsse.jar:/usr/lib/jvm/java-1.8.0-openjdk-1.8.0.222.b10-1.el7_7.x86_64/jre/lib/jce.jar:/usr/lib/jvm/java-1.8.0-openjdk-1.8.0.222.b10-1.el7_7.x86_64/jre/lib/charsets.jar:/usr/lib/jvm/java-1.8.0-openjdk-1.8.0.222.b10-1.el7_7.x86_64/jre/lib/jfr.jar:/usr/lib/jvm/java-1.8.0-openjdk-1.8.0.222.b10-1.el7_7.x86_64/jre/classes"/>
    <property name="sun.management.compiler" value="HotSpot 64-Bit Tiered Compilers"/>
    <property name="java.runtime.version" value="1.8.0_222-b10"/>
    <property name="java.net.preferIPv4Stack" value="true"/>
    <property name="user.name" value="jenkins1000"/>
    <property name="path.separator" value=":"/>
    <property name="java.security.egd" value="file:///dev/urandom"/>
    <property name="os.version" value="3.10.0-957.12.2.el7.x86_64"/>
    <property name="java.endorsed.dirs" value="/usr/lib/jvm/java-1.8.0-openjdk-1.8.0.222.b10-1.el7_7.x86_64/jre/lib/endorsed"/>
    <property name="java.runtime.name" value="OpenJDK Runtime Environment"/>
    <property name="file.encoding" value="ANSI_X3.4-1968"/>
    <property name="java.vm.name" value="OpenJDK 64-Bit Server VM"/>
    <property name="test.build.webapps" value=""/>
    <property name="localRepository" value="/home/user/.m2/repository"/>
    <property name="java.vendor.url.bug" value="http://bugreport.sun.com/bugreport/"/>
    <property name="java.io.tmpdir" value="/tmp"/>
    <property name="require.test.libhadoop" value=""/>
    <property name="java.version" value="1.8.0_222"/>
    <property name="user.dir" value="/workdir/hadoop-ozone/integration-test"/>
    <property name="os.arch" value="amd64"/>
    <property name="java.vm.specification.name" value="Java Virtual Machine Specification"/>
    <property name="test.build.classes" value="/workdir/hadoop-ozone/integration-test/target/test-classes"/>
    <property name="java.awt.printerjob" value="sun.print.PSPrinterJob"/>
    <property name="sun.os.patch.level" value="unknown"/>
    <property name="hadoop.tmp.dir" value="/workdir/hadoop-ozone/integration-test/target/tmp"/>
    <property name="java.library.path" value="/usr/lib:/workdir/hadoop-ozone/integration-test/target/native/target/usr/local/lib:/workdir/hadoop-ozone/integration-test/../../hadoop-common-project/hadoop-common/target/native/target/usr/local/lib:/usr/java/packages/lib/amd64:/usr/lib64:/lib64:/lib:/usr/lib"/>
    <property name="java.vm.info" value="mixed mode"/>
    <property name="java.vendor" value="Oracle Corporation"/>
    <property name="java.vm.version" value="25.222-b10"/>
    <property name="java.ext.dirs" value="/usr/lib/jvm/java-1.8.0-openjdk-1.8.0.222.b10-1.el7_7.x86_64/jre/lib/ext:/usr/java/packages/lib/ext"/>
    <property name="sun.io.unicode.encoding" value="UnicodeLittle"/>
    <property name="java.class.version" value="52.0"/>
  </properties>
  <testcase name="testDeleteKeyWithSlowFollower" classname="org.apache.hadoop.ozone.client.rpc.TestDeleteWithSlowFollower" time="113.228">
    <failure type="java.lang.AssertionError">java.lang.AssertionError
	at org.junit.Assert.fail(Assert.java:86)
	at org.junit.Assert.assertTrue(Assert.java:41)
	at org.junit.Assert.assertTrue(Assert.java:52)
	at org.apache.hadoop.ozone.client.rpc.TestDeleteWithSlowFollower.testDeleteKeyWithSlowFollower(TestDeleteWithSlowFollower.java:265)
	at sun.reflect.NativeMethodAccessorImpl.invoke0(Native Method)
	at sun.reflect.NativeMethodAccessorImpl.invoke(NativeMethodAccessorImpl.java:62)
	at sun.reflect.DelegatingMethodAccessorImpl.invoke(DelegatingMethodAccessorImpl.java:43)
	at java.lang.reflect.Method.invoke(Method.java:498)
	at org.junit.runners.model.FrameworkMethod$1.runReflectiveCall(FrameworkMethod.java:47)
	at org.junit.internal.runners.model.ReflectiveCallable.run(ReflectiveCallable.java:12)
	at org.junit.runners.model.FrameworkMethod.invokeExplosively(FrameworkMethod.java:44)
	at org.junit.internal.runners.statements.InvokeMethod.evaluate(InvokeMethod.java:17)
	at org.junit.runners.ParentRunner.runLeaf(ParentRunner.java:271)
	at org.junit.runners.BlockJUnit4ClassRunner.runChild(BlockJUnit4ClassRunner.java:70)
	at org.junit.runners.BlockJUnit4ClassRunner.runChild(BlockJUnit4ClassRunner.java:50)
	at org.junit.runners.ParentRunner$3.run(ParentRunner.java:238)
	at org.junit.runners.ParentRunner$1.schedule(ParentRunner.java:63)
	at org.junit.runners.ParentRunner.runChildren(ParentRunner.java:236)
	at org.junit.runners.ParentRunner.access$000(ParentRunner.java:53)
	at org.junit.runners.ParentRunner$2.evaluate(ParentRunner.java:229)
	at org.junit.internal.runners.statements.RunBefores.evaluate(RunBefores.java:26)
	at org.junit.internal.runners.statements.RunAfters.evaluate(RunAfters.java:27)
	at org.junit.runners.ParentRunner.run(ParentRunner.java:309)
	at org.apache.maven.surefire.junit4.JUnit4Provider.execute(JUnit4Provider.java:365)
	at org.apache.maven.surefire.junit4.JUnit4Provider.executeWithRerun(JUnit4Provider.java:273)
	at org.apache.maven.surefire.junit4.JUnit4Provider.executeTestSet(JUnit4Provider.java:238)
	at org.apache.maven.surefire.junit4.JUnit4Provider.invoke(JUnit4Provider.java:159)
	at org.apache.maven.surefire.booter.ForkedBooter.invokeProviderInSameClassLoader(ForkedBooter.java:384)
	at org.apache.maven.surefire.booter.ForkedBooter.runSuitesInProcess(ForkedBooter.java:345)
	at org.apache.maven.surefire.booter.ForkedBooter.execute(ForkedBooter.java:126)
	at org.apache.maven.surefire.booter.ForkedBooter.main(ForkedBooter.java:418)
</failure>
    <system-out><![CDATA[2019-10-28 11:33:12,154 [main] WARN  server.ServerUtils (ServerUtils.java:getScmDbDir(145)) - ozone.scm.db.dirs is not configured. We recommend adding this setting. Falling back to ozone.metadata.dirs instead.
2019-10-28 11:33:12,288 [main] WARN  server.ServerUtils (ServerUtils.java:getScmDbDir(145)) - ozone.scm.db.dirs is not configured. We recommend adding this setting. Falling back to ozone.metadata.dirs instead.
2019-10-28 11:33:12,291 [main] WARN  server.ServerUtils (ServerUtils.java:getScmDbDir(145)) - ozone.scm.db.dirs is not configured. We recommend adding this setting. Falling back to ozone.metadata.dirs instead.
2019-10-28 11:33:12,317 [main] INFO  util.log (Log.java:initialized(192)) - Logging initialized @966ms
2019-10-28 11:33:12,413 [main] INFO  db.DBStoreBuilder (DBStoreBuilder.java:addTable(117)) - using custom profile for table: deletedBlocks
2019-10-28 11:33:12,413 [main] INFO  db.DBStoreBuilder (DBStoreBuilder.java:processTables(168)) - Using default column profile:DBProfile.DISK for Table:deletedBlocks
2019-10-28 11:33:12,413 [main] INFO  db.DBStoreBuilder (DBStoreBuilder.java:addTable(117)) - using custom profile for table: validCerts
2019-10-28 11:33:12,414 [main] INFO  db.DBStoreBuilder (DBStoreBuilder.java:processTables(168)) - Using default column profile:DBProfile.DISK for Table:validCerts
2019-10-28 11:33:12,414 [main] INFO  db.DBStoreBuilder (DBStoreBuilder.java:addTable(117)) - using custom profile for table: revokedCerts
2019-10-28 11:33:12,414 [main] INFO  db.DBStoreBuilder (DBStoreBuilder.java:processTables(168)) - Using default column profile:DBProfile.DISK for Table:revokedCerts
2019-10-28 11:33:12,433 [main] INFO  db.DBStoreBuilder (DBStoreBuilder.java:addTable(117)) - using custom profile for table: default
2019-10-28 11:33:12,433 [main] INFO  db.DBStoreBuilder (DBStoreBuilder.java:processTables(174)) - Using default column profile:DBProfile.DISK for Table:default
2019-10-28 11:33:12,435 [main] INFO  db.DBStoreBuilder (DBStoreBuilder.java:getDbProfile(205)) - Using default options. DBProfile.DISK
2019-10-28 11:33:12,673 [main] INFO  net.NodeSchemaLoader (NodeSchemaLoader.java:loadSchemaFromFile(125)) - Loading file from sun.misc.CompoundEnumeration@74235045
2019-10-28 11:33:12,675 [main] INFO  net.NodeSchemaLoader (NodeSchemaLoader.java:loadSchema(171)) - Loading network topology layer schema file
2019-10-28 11:33:12,730 [main] WARN  server.ServerUtils (ServerUtils.java:sanitizeUserArgs(70)) - ozone.scm.stale.node.interval value = 1000000 is larger than max = 100000 based on the key value of ozone.scm.heartbeat.thread.interval, reset to the max value 100000.
2019-10-28 11:33:12,732 [main] WARN  server.ServerUtils (ServerUtils.java:sanitizeUserArgs(70)) - ozone.scm.stale.node.interval value = 1000000 is larger than max = 100000 based on the key value of ozone.scm.heartbeat.thread.interval, reset to the max value 100000.
2019-10-28 11:33:12,734 [main] INFO  node.SCMNodeManager (SCMNodeManager.java:<init>(116)) - Entering startup safe mode.
2019-10-28 11:33:12,793 [main] INFO  algorithms.ContainerPlacementPolicyFactory (ContainerPlacementPolicyFactory.java:getPolicy(57)) - Create container placement policy of type org.apache.hadoop.hdds.scm.container.placement.algorithms.SCMContainerPlacementRandom
2019-10-28 11:33:12,807 [main] WARN  server.ServerUtils (ServerUtils.java:getScmDbDir(145)) - ozone.scm.db.dirs is not configured. We recommend adding this setting. Falling back to ozone.metadata.dirs instead.
2019-10-28 11:33:12,876 [main] INFO  pipeline.SCMPipelineManager (SCMPipelineManager.java:initializePipelineState(132)) - No pipeline exists in current db
2019-10-28 11:33:12,878 [main] WARN  server.ServerUtils (ServerUtils.java:getScmDbDir(145)) - ozone.scm.db.dirs is not configured. We recommend adding this setting. Falling back to ozone.metadata.dirs instead.
2019-10-28 11:33:12,989 [main] WARN  events.EventQueue (EventQueue.java:fireEvent(183)) - No event handler registered for event TypedEvent{payloadType=SafeModeStatus, name='SafeModeStatus'}
2019-10-28 11:33:13,373 [main] INFO  ipc.CallQueueManager (CallQueueManager.java:<init>(84)) - Using callQueue: class java.util.concurrent.LinkedBlockingQueue, queueCapacity: 2000, scheduler: class org.apache.hadoop.ipc.DefaultRpcScheduler, ipcBackoff: false.
2019-10-28 11:33:13,493 [Socket Reader #1 for port 40876] INFO  ipc.Server (Server.java:run(1074)) - Starting Socket Reader #1 for port 40876
2019-10-28 11:33:13,518 [main] INFO  ipc.CallQueueManager (CallQueueManager.java:<init>(84)) - Using callQueue: class java.util.concurrent.LinkedBlockingQueue, queueCapacity: 2000, scheduler: class org.apache.hadoop.ipc.DefaultRpcScheduler, ipcBackoff: false.
2019-10-28 11:33:13,519 [Socket Reader #1 for port 37883] INFO  ipc.Server (Server.java:run(1074)) - Starting Socket Reader #1 for port 37883
2019-10-28 11:33:13,527 [main] INFO  ipc.CallQueueManager (CallQueueManager.java:<init>(84)) - Using callQueue: class java.util.concurrent.LinkedBlockingQueue, queueCapacity: 2000, scheduler: class org.apache.hadoop.ipc.DefaultRpcScheduler, ipcBackoff: false.
2019-10-28 11:33:13,528 [Socket Reader #1 for port 39607] INFO  ipc.Server (Server.java:run(1074)) - Starting Socket Reader #1 for port 39607
2019-10-28 11:33:13,548 [main] INFO  hdfs.DFSUtil (DFSUtil.java:httpServerTemplateForNNAndJN(1641)) - Starting Web-server for scm at: http://0.0.0.0:0
2019-10-28 11:33:13,700 [main] INFO  server.AuthenticationFilter (AuthenticationFilter.java:constructSecretProvider(240)) - Unable to initialize FileSignerSecretProvider, falling back to use random secrets.
2019-10-28 11:33:13,708 [main] WARN  http.HttpRequestLog (HttpRequestLog.java:getRequestLog(97)) - Jetty request log can only be enabled using Log4j
2019-10-28 11:33:13,716 [main] INFO  http.HttpServer2 (HttpServer2.java:addGlobalFilter(975)) - Added global filter 'safety' (class=org.apache.hadoop.http.HttpServer2$QuotingInputFilter)
2019-10-28 11:33:13,719 [main] INFO  http.HttpServer2 (HttpServer2.java:addFilter(948)) - Added filter static_user_filter (class=org.apache.hadoop.http.lib.StaticUserWebFilter$StaticUserFilter) to context scm
2019-10-28 11:33:13,719 [main] INFO  http.HttpServer2 (HttpServer2.java:addFilter(958)) - Added filter static_user_filter (class=org.apache.hadoop.http.lib.StaticUserWebFilter$StaticUserFilter) to context logs
2019-10-28 11:33:13,719 [main] INFO  http.HttpServer2 (HttpServer2.java:addFilter(958)) - Added filter static_user_filter (class=org.apache.hadoop.http.lib.StaticUserWebFilter$StaticUserFilter) to context static
2019-10-28 11:33:13,749 [main] INFO  server.StorageContainerManager (StorageContainerManager.java:start(772)) - StorageContainerLocationProtocol RPC server is listening at /0.0.0.0:39607
2019-10-28 11:33:13,813 [main] WARN  impl.MetricsConfig (MetricsConfig.java:loadFirst(134)) - Cannot locate configuration: tried hadoop-metrics2-storagecontainermanager.properties,hadoop-metrics2.properties
2019-10-28 11:33:13,825 [main] INFO  impl.MetricsSystemImpl (MetricsSystemImpl.java:startTimer(374)) - Scheduled Metric snapshot period at 10 second(s).
2019-10-28 11:33:13,825 [main] INFO  impl.MetricsSystemImpl (MetricsSystemImpl.java:start(191)) - StorageContainerManager metrics system started
2019-10-28 11:33:14,073 [main] INFO  server.SCMClientProtocolServer (SCMClientProtocolServer.java:start(159)) - RPC server for Client  is listening at /0.0.0.0:39607
2019-10-28 11:33:14,074 [IPC Server Responder] INFO  ipc.Server (Server.java:run(1314)) - IPC Server Responder: starting
2019-10-28 11:33:14,074 [IPC Server listener on 39607] INFO  ipc.Server (Server.java:run(1153)) - IPC Server listener on 39607: starting
2019-10-28 11:33:14,077 [main] INFO  server.StorageContainerManager (StorageContainerManager.java:start(782)) - ScmBlockLocationProtocol RPC server is listening at /0.0.0.0:37883
2019-10-28 11:33:14,078 [main] INFO  server.SCMBlockProtocolServer (SCMBlockProtocolServer.java:start(146)) - RPC server for Block Protocol is listening at /0.0.0.0:37883
2019-10-28 11:33:14,078 [IPC Server Responder] INFO  ipc.Server (Server.java:run(1314)) - IPC Server Responder: starting
2019-10-28 11:33:14,079 [IPC Server listener on 37883] INFO  ipc.Server (Server.java:run(1153)) - IPC Server listener on 37883: starting
2019-10-28 11:33:14,081 [main] INFO  server.StorageContainerManager (StorageContainerManager.java:start(786)) - ScmDatanodeProtocl RPC server is listening at /0.0.0.0:40876
2019-10-28 11:33:14,081 [main] INFO  server.SCMDatanodeProtocolServer (SCMDatanodeProtocolServer.java:start(169)) - RPC server for DataNodes is listening at /0.0.0.0:40876
2019-10-28 11:33:14,082 [IPC Server Responder] INFO  ipc.Server (Server.java:run(1314)) - IPC Server Responder: starting
2019-10-28 11:33:14,082 [IPC Server listener on 40876] INFO  ipc.Server (Server.java:run(1153)) - IPC Server listener on 40876: starting
2019-10-28 11:33:14,086 [main] INFO  http.HttpServer2 (HttpServer2.java:bindListener(1191)) - Jetty bound to port 38016
2019-10-28 11:33:14,088 [main] INFO  server.Server (Server.java:doStart(351)) - jetty-9.3.25.v20180904, build timestamp: 2018-09-04T21:11:46Z, git hash: 3ce520221d0240229c862b122d2b06c12a625732
2019-10-28 11:33:14,127 [main] INFO  handler.ContextHandler (ContextHandler.java:doStart(781)) - Started o.e.j.s.ServletContextHandler@42f8285e{/logs,file:///workdir/hadoop-ozone/integration-test/target/log,AVAILABLE}
2019-10-28 11:33:14,128 [main] INFO  handler.ContextHandler (ContextHandler.java:doStart(781)) - Started o.e.j.s.ServletContextHandler@3724af13{/static,file:///workdir/hadoop-ozone/integration-test/target/test-classes/webapps/static,AVAILABLE}
2019-10-28 11:33:14,174 [main] INFO  handler.ContextHandler (ContextHandler.java:doStart(781)) - Started o.e.j.w.WebAppContext@24a1c17f{/,file:///workdir/hadoop-ozone/integration-test/target/test-classes/webapps/scm/,AVAILABLE}{/scm}
2019-10-28 11:33:14,182 [main] INFO  server.AbstractConnector (AbstractConnector.java:doStart(278)) - Started ServerConnector@4d63b624{HTTP/1.1,[http/1.1]}{0.0.0.0:38016}
2019-10-28 11:33:14,182 [main] INFO  server.Server (Server.java:doStart(419)) - Started @2831ms
2019-10-28 11:33:14,184 [main] INFO  impl.MetricsSinkAdapter (MetricsSinkAdapter.java:start(204)) - Sink prometheus started
2019-10-28 11:33:14,185 [main] INFO  impl.MetricsSystemImpl (MetricsSystemImpl.java:registerSink(301)) - Registered sink prometheus
2019-10-28 11:33:14,187 [main] INFO  server.BaseHttpServer (BaseHttpServer.java:updateConnectorAddress(215)) - HTTP server of SCM is listening at http://0.0.0.0:38016
2019-10-28 11:33:14,192 [org.apache.hadoop.util.JvmPauseMonitor$Monitor@4b629f13] INFO  util.JvmPauseMonitor (JvmPauseMonitor.java:run(188)) - Starting JVM pause monitor
2019-10-28 11:33:14,196 [main] WARN  server.ServerUtils (ServerUtils.java:getDBPath(222)) - ozone.om.db.dirs is not configured. We recommend adding this setting. Falling back to ozone.metadata.dirs instead.
2019-10-28 11:33:14,330 [main] INFO  ha.OMHANodeDetails (OMHANodeDetails.java:loadOMHAConfig(190)) - Configuration either no ozone.om.address set. Falling back to the default OM address /127.0.0.1:0
2019-10-28 11:33:14,330 [main] INFO  ha.OMHANodeDetails (OMHANodeDetails.java:getOMNodeDetails(220)) - OM Service ID is not set. Setting it to the default ID: omServiceIdDefault
2019-10-28 11:33:14,333 [main] WARN  server.ServerUtils (ServerUtils.java:getDBPath(222)) - ozone.om.db.dirs is not configured. We recommend adding this setting. Falling back to ozone.metadata.dirs instead.
2019-10-28 11:33:14,334 [main] WARN  server.ServerUtils (ServerUtils.java:getDBPath(222)) - ozone.om.db.dirs is not configured. We recommend adding this setting. Falling back to ozone.metadata.dirs instead.
2019-10-28 11:33:14,964 [main] WARN  server.ServerUtils (ServerUtils.java:getDBPath(222)) - ozone.om.db.dirs is not configured. We recommend adding this setting. Falling back to ozone.metadata.dirs instead.
2019-10-28 11:33:14,972 [main] INFO  db.DBStoreBuilder (DBStoreBuilder.java:addTable(117)) - using custom profile for table: userTable
2019-10-28 11:33:14,972 [main] INFO  db.DBStoreBuilder (DBStoreBuilder.java:processTables(168)) - Using default column profile:DBProfile.DISK for Table:userTable
2019-10-28 11:33:14,973 [main] INFO  db.DBStoreBuilder (DBStoreBuilder.java:addTable(117)) - using custom profile for table: volumeTable
2019-10-28 11:33:14,973 [main] INFO  db.DBStoreBuilder (DBStoreBuilder.java:processTables(168)) - Using default column profile:DBProfile.DISK for Table:volumeTable
2019-10-28 11:33:14,973 [main] INFO  db.DBStoreBuilder (DBStoreBuilder.java:addTable(117)) - using custom profile for table: bucketTable
2019-10-28 11:33:14,973 [main] INFO  db.DBStoreBuilder (DBStoreBuilder.java:processTables(168)) - Using default column profile:DBProfile.DISK for Table:bucketTable
2019-10-28 11:33:14,973 [main] INFO  db.DBStoreBuilder (DBStoreBuilder.java:addTable(117)) - using custom profile for table: keyTable
2019-10-28 11:33:14,974 [main] INFO  db.DBStoreBuilder (DBStoreBuilder.java:processTables(168)) - Using default column profile:DBProfile.DISK for Table:keyTable
2019-10-28 11:33:14,974 [main] INFO  db.DBStoreBuilder (DBStoreBuilder.java:addTable(117)) - using custom profile for table: deletedTable
2019-10-28 11:33:14,974 [main] INFO  db.DBStoreBuilder (DBStoreBuilder.java:processTables(168)) - Using default column profile:DBProfile.DISK for Table:deletedTable
2019-10-28 11:33:14,974 [main] INFO  db.DBStoreBuilder (DBStoreBuilder.java:addTable(117)) - using custom profile for table: openKeyTable
2019-10-28 11:33:14,974 [main] INFO  db.DBStoreBuilder (DBStoreBuilder.java:processTables(168)) - Using default column profile:DBProfile.DISK for Table:openKeyTable
2019-10-28 11:33:14,975 [main] INFO  db.DBStoreBuilder (DBStoreBuilder.java:addTable(117)) - using custom profile for table: s3Table
2019-10-28 11:33:14,975 [main] INFO  db.DBStoreBuilder (DBStoreBuilder.java:processTables(168)) - Using default column profile:DBProfile.DISK for Table:s3Table
2019-10-28 11:33:14,975 [main] INFO  db.DBStoreBuilder (DBStoreBuilder.java:addTable(117)) - using custom profile for table: multipartInfoTable
2019-10-28 11:33:14,975 [main] INFO  db.DBStoreBuilder (DBStoreBuilder.java:processTables(168)) - Using default column profile:DBProfile.DISK for Table:multipartInfoTable
2019-10-28 11:33:14,976 [main] INFO  db.DBStoreBuilder (DBStoreBuilder.java:addTable(117)) - using custom profile for table: dTokenTable
2019-10-28 11:33:14,976 [main] INFO  db.DBStoreBuilder (DBStoreBuilder.java:processTables(168)) - Using default column profile:DBProfile.DISK for Table:dTokenTable
2019-10-28 11:33:14,976 [main] INFO  db.DBStoreBuilder (DBStoreBuilder.java:addTable(117)) - using custom profile for table: s3SecretTable
2019-10-28 11:33:14,976 [main] INFO  db.DBStoreBuilder (DBStoreBuilder.java:processTables(168)) - Using default column profile:DBProfile.DISK for Table:s3SecretTable
2019-10-28 11:33:14,977 [main] INFO  db.DBStoreBuilder (DBStoreBuilder.java:addTable(117)) - using custom profile for table: prefixTable
2019-10-28 11:33:14,977 [main] INFO  db.DBStoreBuilder (DBStoreBuilder.java:processTables(168)) - Using default column profile:DBProfile.DISK for Table:prefixTable
2019-10-28 11:33:14,977 [main] INFO  db.DBStoreBuilder (DBStoreBuilder.java:addTable(117)) - using custom profile for table: default
2019-10-28 11:33:14,977 [main] INFO  db.DBStoreBuilder (DBStoreBuilder.java:processTables(174)) - Using default column profile:DBProfile.DISK for Table:default
2019-10-28 11:33:14,977 [main] INFO  db.DBStoreBuilder (DBStoreBuilder.java:getDbProfile(205)) - Using default options. DBProfile.DISK
2019-10-28 11:33:15,404 [main] INFO  ipc.CallQueueManager (CallQueueManager.java:<init>(84)) - Using callQueue: class java.util.concurrent.LinkedBlockingQueue, queueCapacity: 2000, scheduler: class org.apache.hadoop.ipc.DefaultRpcScheduler, ipcBackoff: false.
2019-10-28 11:33:15,405 [Socket Reader #1 for port 33419] INFO  ipc.Server (Server.java:run(1074)) - Starting Socket Reader #1 for port 33419
2019-10-28 11:33:15,434 [main] INFO  om.OzoneManager (OzoneManager.java:start(1074)) - OzoneManager RPC server is listening at localhost/127.0.0.1:33419
2019-10-28 11:33:15,434 [main] INFO  impl.MetricsSystemImpl (MetricsSystemImpl.java:init(158)) - OzoneManager metrics system started (again)
2019-10-28 11:33:15,443 [IPC Server Responder] INFO  ipc.Server (Server.java:run(1314)) - IPC Server Responder: starting
2019-10-28 11:33:15,443 [IPC Server listener on 33419] INFO  ipc.Server (Server.java:run(1153)) - IPC Server listener on 33419: starting
2019-10-28 11:33:15,448 [main] INFO  hdfs.DFSUtil (DFSUtil.java:httpServerTemplateForNNAndJN(1641)) - Starting Web-server for ozoneManager at: http://0.0.0.0:0
2019-10-28 11:33:15,450 [main] INFO  server.AuthenticationFilter (AuthenticationFilter.java:constructSecretProvider(240)) - Unable to initialize FileSignerSecretProvider, falling back to use random secrets.
2019-10-28 11:33:15,451 [main] WARN  http.HttpRequestLog (HttpRequestLog.java:getRequestLog(97)) - Jetty request log can only be enabled using Log4j
2019-10-28 11:33:15,452 [main] INFO  http.HttpServer2 (HttpServer2.java:addGlobalFilter(975)) - Added global filter 'safety' (class=org.apache.hadoop.http.HttpServer2$QuotingInputFilter)
2019-10-28 11:33:15,453 [main] INFO  http.HttpServer2 (HttpServer2.java:addFilter(948)) - Added filter static_user_filter (class=org.apache.hadoop.http.lib.StaticUserWebFilter$StaticUserFilter) to context ozoneManager
2019-10-28 11:33:15,453 [main] INFO  http.HttpServer2 (HttpServer2.java:addFilter(958)) - Added filter static_user_filter (class=org.apache.hadoop.http.lib.StaticUserWebFilter$StaticUserFilter) to context static
2019-10-28 11:33:15,454 [main] INFO  http.HttpServer2 (HttpServer2.java:addFilter(958)) - Added filter static_user_filter (class=org.apache.hadoop.http.lib.StaticUserWebFilter$StaticUserFilter) to context logs
2019-10-28 11:33:15,456 [main] INFO  http.HttpServer2 (HttpServer2.java:bindListener(1191)) - Jetty bound to port 44187
2019-10-28 11:33:15,456 [main] INFO  server.Server (Server.java:doStart(351)) - jetty-9.3.25.v20180904, build timestamp: 2018-09-04T21:11:46Z, git hash: 3ce520221d0240229c862b122d2b06c12a625732
2019-10-28 11:33:15,458 [main] INFO  handler.ContextHandler (ContextHandler.java:doStart(781)) - Started o.e.j.s.ServletContextHandler@aa10649{/logs,file:///workdir/hadoop-ozone/integration-test/target/log,AVAILABLE}
2019-10-28 11:33:15,458 [main] INFO  handler.ContextHandler (ContextHandler.java:doStart(781)) - Started o.e.j.s.ServletContextHandler@37095ded{/static,file:///workdir/hadoop-ozone/integration-test/target/test-classes/webapps/static,AVAILABLE}
2019-10-28 11:33:15,463 [main] INFO  handler.ContextHandler (ContextHandler.java:doStart(781)) - Started o.e.j.w.WebAppContext@75b3673{/,file:///workdir/hadoop-ozone/integration-test/target/test-classes/webapps/ozoneManager/,AVAILABLE}{/ozoneManager}
2019-10-28 11:33:15,464 [main] INFO  server.AbstractConnector (AbstractConnector.java:doStart(278)) - Started ServerConnector@1bcb79c2{HTTP/1.1,[http/1.1]}{0.0.0.0:44187}
2019-10-28 11:33:15,464 [main] INFO  server.Server (Server.java:doStart(419)) - Started @4113ms
2019-10-28 11:33:15,465 [main] WARN  impl.MetricsSystemImpl (MetricsSystemImpl.java:register(276)) - Sink prometheus already exists!
2019-10-28 11:33:15,466 [main] INFO  server.BaseHttpServer (BaseHttpServer.java:updateConnectorAddress(215)) - HTTP server of OZONEMANAGER is listening at http://0.0.0.0:44187
2019-10-28 11:33:15,724 [main] INFO  impl.MetricsSystemImpl (MetricsSystemImpl.java:init(158)) - HddsDatanode metrics system started (again)
2019-10-28 11:33:15,787 [main] INFO  ozone.HddsDatanodeService (HddsDatanodeService.java:start(184)) - HddsDatanodeService host:pr-hdds-2292-97wmq-4261317731 ip:192.168.164.193
2019-10-28 11:33:15,827 [main] INFO  volume.HddsVolume (HddsVolume.java:<init>(176)) - Creating Volume: /workdir/hadoop-ozone/integration-test/target/test-dir/MiniOzoneClusterImpl-32030326-9f4e-4c1d-8269-b77a585e0de7/datanode-0/data/containers/hdds of  storage type : DISK and capacity : 1482555576320
2019-10-28 11:33:15,829 [main] INFO  volume.VolumeSet (VolumeSet.java:initializeVolumeSet(170)) - Added Volume : /workdir/hadoop-ozone/integration-test/target/test-dir/MiniOzoneClusterImpl-32030326-9f4e-4c1d-8269-b77a585e0de7/datanode-0/data/containers/hdds to VolumeSet
2019-10-28 11:33:15,833 [main] INFO  volume.ThrottledAsyncChecker (ThrottledAsyncChecker.java:schedule(141)) - Scheduling a check for /workdir/hadoop-ozone/integration-test/target/test-dir/MiniOzoneClusterImpl-32030326-9f4e-4c1d-8269-b77a585e0de7/datanode-0/data/containers/hdds
2019-10-28 11:33:15,854 [main] INFO  volume.HddsVolumeChecker (HddsVolumeChecker.java:checkAllVolumes(204)) - Scheduled health check for volume /workdir/hadoop-ozone/integration-test/target/test-dir/MiniOzoneClusterImpl-32030326-9f4e-4c1d-8269-b77a585e0de7/datanode-0/data/containers/hdds
2019-10-28 11:33:15,967 [main] INFO  impl.RaftServerProxy (ConfUtils.java:logGet(43)) - raft.rpc.type = GRPC (default)
2019-10-28 11:33:16,035 [main] INFO  grpc.GrpcFactory (GrpcFactory.java:checkPooledByteBufAllocatorUseCacheForAllThreads(45)) - PERFORMANCE WARNING: useCacheForAllThreads is true that may cause Netty to create a lot garbage objects and, as a result, trigger GC.
	It is recommended to disable useCacheForAllThreads by setting -Dorg.apache.ratis.thirdparty.io.netty.allocator.useCacheForAllThreads=false in command line.
2019-10-28 11:33:16,041 [main] INFO  grpc.GrpcConfigKeys$Server (ConfUtils.java:logGet(43)) - raft.grpc.server.port = 0 (default)
2019-10-28 11:33:16,042 [main] INFO  server.GrpcService (ConfUtils.java:logGet(43)) - raft.grpc.message.size.max = 33570816 (custom)
2019-10-28 11:33:16,044 [main] INFO  server.RaftServerConfigKeys (ConfUtils.java:logGet(43)) - raft.server.log.appender.buffer.byte-limit = 33554432 (custom)
2019-10-28 11:33:16,045 [main] INFO  server.GrpcService (ConfUtils.java:logGet(43)) - raft.grpc.flow.control.window = 1MB (=1048576) (default)
2019-10-28 11:33:16,046 [main] INFO  server.RaftServerConfigKeys (ConfUtils.java:logGet(43)) - raft.server.rpc.request.timeout = 3000ms (default)
2019-10-28 11:33:16,217 [main] INFO  server.RaftServerConfigKeys (ConfUtils.java:logGet(43)) - raft.server.storage.dir = [/workdir/hadoop-ozone/integration-test/target/test-dir/MiniOzoneClusterImpl-32030326-9f4e-4c1d-8269-b77a585e0de7/datanode-0/data/ratis] (custom)
2019-10-28 11:33:16,275 [main] INFO  hdfs.DFSUtil (DFSUtil.java:httpServerTemplateForNNAndJN(1641)) - Starting Web-server for hddsDatanode at: http://0.0.0.0:0
2019-10-28 11:33:16,278 [main] INFO  server.AuthenticationFilter (AuthenticationFilter.java:constructSecretProvider(240)) - Unable to initialize FileSignerSecretProvider, falling back to use random secrets.
2019-10-28 11:33:16,279 [main] WARN  http.HttpRequestLog (HttpRequestLog.java:getRequestLog(97)) - Jetty request log can only be enabled using Log4j
2019-10-28 11:33:16,282 [main] INFO  http.HttpServer2 (HttpServer2.java:addGlobalFilter(975)) - Added global filter 'safety' (class=org.apache.hadoop.http.HttpServer2$QuotingInputFilter)
2019-10-28 11:33:16,283 [main] INFO  http.HttpServer2 (HttpServer2.java:addFilter(948)) - Added filter static_user_filter (class=org.apache.hadoop.http.lib.StaticUserWebFilter$StaticUserFilter) to context hddsDatanode
2019-10-28 11:33:16,283 [main] INFO  http.HttpServer2 (HttpServer2.java:addFilter(958)) - Added filter static_user_filter (class=org.apache.hadoop.http.lib.StaticUserWebFilter$StaticUserFilter) to context static
2019-10-28 11:33:16,284 [main] INFO  http.HttpServer2 (HttpServer2.java:addFilter(958)) - Added filter static_user_filter (class=org.apache.hadoop.http.lib.StaticUserWebFilter$StaticUserFilter) to context logs
2019-10-28 11:33:16,285 [main] INFO  http.HttpServer2 (HttpServer2.java:bindListener(1191)) - Jetty bound to port 44356
2019-10-28 11:33:16,285 [main] INFO  server.Server (Server.java:doStart(351)) - jetty-9.3.25.v20180904, build timestamp: 2018-09-04T21:11:46Z, git hash: 3ce520221d0240229c862b122d2b06c12a625732
2019-10-28 11:33:16,288 [main] INFO  handler.ContextHandler (ContextHandler.java:doStart(781)) - Started o.e.j.s.ServletContextHandler@1e0895f5{/logs,file:///workdir/hadoop-ozone/integration-test/target/log,AVAILABLE}
2019-10-28 11:33:16,289 [main] INFO  handler.ContextHandler (ContextHandler.java:doStart(781)) - Started o.e.j.s.ServletContextHandler@fd9ebde{/static,jar:file:/home/user/.m2/repository/org/apache/hadoop/hadoop-hdds-container-service/0.5.0-SNAPSHOT/hadoop-hdds-container-service-0.5.0-SNAPSHOT.jar!/webapps/static,AVAILABLE}
2019-10-28 11:33:16,328 [main] INFO  handler.ContextHandler (ContextHandler.java:doStart(781)) - Started o.e.j.w.WebAppContext@1deceb67{/,file:///tmp/jetty-0.0.0.0-44356-hddsDatanode-_-any-5963376170063258223.dir/webapp/,AVAILABLE}{/hddsDatanode}
2019-10-28 11:33:16,330 [main] INFO  server.AbstractConnector (AbstractConnector.java:doStart(278)) - Started ServerConnector@582a764a{HTTP/1.1,[http/1.1]}{0.0.0.0:44356}
2019-10-28 11:33:16,330 [main] INFO  server.Server (Server.java:doStart(419)) - Started @4979ms
2019-10-28 11:33:16,330 [main] WARN  impl.MetricsSystemImpl (MetricsSystemImpl.java:register(276)) - Sink prometheus already exists!
2019-10-28 11:33:16,331 [main] INFO  server.BaseHttpServer (BaseHttpServer.java:updateConnectorAddress(215)) - HTTP server of HDDSDATANODE is listening at http://0.0.0.0:44356
2019-10-28 11:33:16,333 [main] INFO  impl.MetricsSystemImpl (MetricsSystemImpl.java:init(158)) - HddsDatanode metrics system started (again)
2019-10-28 11:33:16,336 [main] INFO  ozone.HddsDatanodeService (HddsDatanodeService.java:start(184)) - HddsDatanodeService host:pr-hdds-2292-97wmq-4261317731 ip:192.168.164.193
2019-10-28 11:33:16,337 [org.apache.hadoop.util.JvmPauseMonitor$Monitor@7beb33b6] INFO  util.JvmPauseMonitor (JvmPauseMonitor.java:run(188)) - Starting JVM pause monitor
2019-10-28 11:33:16,345 [main] INFO  volume.HddsVolume (HddsVolume.java:<init>(176)) - Creating Volume: /workdir/hadoop-ozone/integration-test/target/test-dir/MiniOzoneClusterImpl-32030326-9f4e-4c1d-8269-b77a585e0de7/datanode-1/data/containers/hdds of  storage type : DISK and capacity : 1482555576320
2019-10-28 11:33:16,345 [main] INFO  volume.VolumeSet (VolumeSet.java:initializeVolumeSet(170)) - Added Volume : /workdir/hadoop-ozone/integration-test/target/test-dir/MiniOzoneClusterImpl-32030326-9f4e-4c1d-8269-b77a585e0de7/datanode-1/data/containers/hdds to VolumeSet
2019-10-28 11:33:16,346 [main] INFO  volume.ThrottledAsyncChecker (ThrottledAsyncChecker.java:schedule(141)) - Scheduling a check for /workdir/hadoop-ozone/integration-test/target/test-dir/MiniOzoneClusterImpl-32030326-9f4e-4c1d-8269-b77a585e0de7/datanode-1/data/containers/hdds
2019-10-28 11:33:16,347 [main] INFO  volume.HddsVolumeChecker (HddsVolumeChecker.java:checkAllVolumes(204)) - Scheduled health check for volume /workdir/hadoop-ozone/integration-test/target/test-dir/MiniOzoneClusterImpl-32030326-9f4e-4c1d-8269-b77a585e0de7/datanode-1/data/containers/hdds
2019-10-28 11:33:16,367 [main] INFO  impl.RaftServerProxy (ConfUtils.java:logGet(43)) - raft.rpc.type = GRPC (default)
2019-10-28 11:33:16,368 [main] INFO  grpc.GrpcFactory (GrpcFactory.java:checkPooledByteBufAllocatorUseCacheForAllThreads(45)) - PERFORMANCE WARNING: useCacheForAllThreads is true that may cause Netty to create a lot garbage objects and, as a result, trigger GC.
	It is recommended to disable useCacheForAllThreads by setting -Dorg.apache.ratis.thirdparty.io.netty.allocator.useCacheForAllThreads=false in command line.
2019-10-28 11:33:16,368 [main] INFO  grpc.GrpcConfigKeys$Server (ConfUtils.java:logGet(43)) - raft.grpc.server.port = 0 (default)
2019-10-28 11:33:16,368 [main] INFO  server.GrpcService (ConfUtils.java:logGet(43)) - raft.grpc.message.size.max = 33570816 (custom)
2019-10-28 11:33:16,369 [main] INFO  server.RaftServerConfigKeys (ConfUtils.java:logGet(43)) - raft.server.log.appender.buffer.byte-limit = 33554432 (custom)
2019-10-28 11:33:16,369 [main] INFO  server.GrpcService (ConfUtils.java:logGet(43)) - raft.grpc.flow.control.window = 1MB (=1048576) (default)
2019-10-28 11:33:16,369 [main] INFO  server.RaftServerConfigKeys (ConfUtils.java:logGet(43)) - raft.server.rpc.request.timeout = 3000ms (default)
2019-10-28 11:33:16,370 [main] INFO  server.RaftServerConfigKeys (ConfUtils.java:logGet(43)) - raft.server.storage.dir = [/workdir/hadoop-ozone/integration-test/target/test-dir/MiniOzoneClusterImpl-32030326-9f4e-4c1d-8269-b77a585e0de7/datanode-1/data/ratis] (custom)
2019-10-28 11:33:16,372 [main] INFO  hdfs.DFSUtil (DFSUtil.java:httpServerTemplateForNNAndJN(1641)) - Starting Web-server for hddsDatanode at: http://0.0.0.0:0
2019-10-28 11:33:16,374 [main] INFO  server.AuthenticationFilter (AuthenticationFilter.java:constructSecretProvider(240)) - Unable to initialize FileSignerSecretProvider, falling back to use random secrets.
2019-10-28 11:33:16,375 [main] WARN  http.HttpRequestLog (HttpRequestLog.java:getRequestLog(97)) - Jetty request log can only be enabled using Log4j
2019-10-28 11:33:16,377 [main] INFO  http.HttpServer2 (HttpServer2.java:addGlobalFilter(975)) - Added global filter 'safety' (class=org.apache.hadoop.http.HttpServer2$QuotingInputFilter)
2019-10-28 11:33:16,378 [main] INFO  http.HttpServer2 (HttpServer2.java:addFilter(948)) - Added filter static_user_filter (class=org.apache.hadoop.http.lib.StaticUserWebFilter$StaticUserFilter) to context hddsDatanode
2019-10-28 11:33:16,378 [main] INFO  http.HttpServer2 (HttpServer2.java:addFilter(958)) - Added filter static_user_filter (class=org.apache.hadoop.http.lib.StaticUserWebFilter$StaticUserFilter) to context static
2019-10-28 11:33:16,378 [main] INFO  http.HttpServer2 (HttpServer2.java:addFilter(958)) - Added filter static_user_filter (class=org.apache.hadoop.http.lib.StaticUserWebFilter$StaticUserFilter) to context logs
2019-10-28 11:33:16,379 [main] INFO  http.HttpServer2 (HttpServer2.java:bindListener(1191)) - Jetty bound to port 40720
2019-10-28 11:33:16,379 [main] INFO  server.Server (Server.java:doStart(351)) - jetty-9.3.25.v20180904, build timestamp: 2018-09-04T21:11:46Z, git hash: 3ce520221d0240229c862b122d2b06c12a625732
2019-10-28 11:33:16,384 [main] INFO  handler.ContextHandler (ContextHandler.java:doStart(781)) - Started o.e.j.s.ServletContextHandler@5b3a7ef5{/logs,file:///workdir/hadoop-ozone/integration-test/target/log,AVAILABLE}
2019-10-28 11:33:16,384 [main] INFO  handler.ContextHandler (ContextHandler.java:doStart(781)) - Started o.e.j.s.ServletContextHandler@2d9dff65{/static,jar:file:/home/user/.m2/repository/org/apache/hadoop/hadoop-hdds-container-service/0.5.0-SNAPSHOT/hadoop-hdds-container-service-0.5.0-SNAPSHOT.jar!/webapps/static,AVAILABLE}
2019-10-28 11:33:16,415 [main] INFO  handler.ContextHandler (ContextHandler.java:doStart(781)) - Started o.e.j.w.WebAppContext@1b1f5012{/,file:///tmp/jetty-0.0.0.0-40720-hddsDatanode-_-any-833129196570275890.dir/webapp/,AVAILABLE}{/hddsDatanode}
2019-10-28 11:33:16,416 [main] INFO  server.AbstractConnector (AbstractConnector.java:doStart(278)) - Started ServerConnector@7add323c{HTTP/1.1,[http/1.1]}{0.0.0.0:40720}
2019-10-28 11:33:16,416 [main] INFO  server.Server (Server.java:doStart(419)) - Started @5065ms
2019-10-28 11:33:16,417 [main] WARN  impl.MetricsSystemImpl (MetricsSystemImpl.java:register(276)) - Sink prometheus already exists!
2019-10-28 11:33:16,418 [main] INFO  server.BaseHttpServer (BaseHttpServer.java:updateConnectorAddress(215)) - HTTP server of HDDSDATANODE is listening at http://0.0.0.0:40720
2019-10-28 11:33:16,418 [main] INFO  impl.MetricsSystemImpl (MetricsSystemImpl.java:init(158)) - HddsDatanode metrics system started (again)
2019-10-28 11:33:16,421 [main] INFO  ozone.HddsDatanodeService (HddsDatanodeService.java:start(184)) - HddsDatanodeService host:pr-hdds-2292-97wmq-4261317731 ip:192.168.164.193
2019-10-28 11:33:16,421 [org.apache.hadoop.util.JvmPauseMonitor$Monitor@2c6e5be2] INFO  util.JvmPauseMonitor (JvmPauseMonitor.java:run(188)) - Starting JVM pause monitor
2019-10-28 11:33:16,430 [main] INFO  volume.HddsVolume (HddsVolume.java:<init>(176)) - Creating Volume: /workdir/hadoop-ozone/integration-test/target/test-dir/MiniOzoneClusterImpl-32030326-9f4e-4c1d-8269-b77a585e0de7/datanode-2/data/containers/hdds of  storage type : DISK and capacity : 1482555576320
2019-10-28 11:33:16,431 [main] INFO  volume.VolumeSet (VolumeSet.java:initializeVolumeSet(170)) - Added Volume : /workdir/hadoop-ozone/integration-test/target/test-dir/MiniOzoneClusterImpl-32030326-9f4e-4c1d-8269-b77a585e0de7/datanode-2/data/containers/hdds to VolumeSet
2019-10-28 11:33:16,431 [main] INFO  volume.ThrottledAsyncChecker (ThrottledAsyncChecker.java:schedule(141)) - Scheduling a check for /workdir/hadoop-ozone/integration-test/target/test-dir/MiniOzoneClusterImpl-32030326-9f4e-4c1d-8269-b77a585e0de7/datanode-2/data/containers/hdds
2019-10-28 11:33:16,432 [main] INFO  volume.HddsVolumeChecker (HddsVolumeChecker.java:checkAllVolumes(204)) - Scheduled health check for volume /workdir/hadoop-ozone/integration-test/target/test-dir/MiniOzoneClusterImpl-32030326-9f4e-4c1d-8269-b77a585e0de7/datanode-2/data/containers/hdds
2019-10-28 11:33:16,449 [Datanode State Machine Thread - 0] INFO  datanode.InitDatanodeState (InitDatanodeState.java:persistContainerDatanodeDetails(140)) - DatanodeDetails is persisted to /workdir/hadoop-ozone/integration-test/target/test-dir/MiniOzoneClusterImpl-32030326-9f4e-4c1d-8269-b77a585e0de7/datanode-0/meta/datanode.id
2019-10-28 11:33:16,453 [Datanode State Machine Thread - 0] INFO  datanode.InitDatanodeState (InitDatanodeState.java:persistContainerDatanodeDetails(140)) - DatanodeDetails is persisted to /workdir/hadoop-ozone/integration-test/target/test-dir/MiniOzoneClusterImpl-32030326-9f4e-4c1d-8269-b77a585e0de7/datanode-1/meta/datanode.id
2019-10-28 11:33:16,455 [main] INFO  impl.RaftServerProxy (ConfUtils.java:logGet(43)) - raft.rpc.type = GRPC (default)
2019-10-28 11:33:16,455 [main] INFO  grpc.GrpcFactory (GrpcFactory.java:checkPooledByteBufAllocatorUseCacheForAllThreads(45)) - PERFORMANCE WARNING: useCacheForAllThreads is true that may cause Netty to create a lot garbage objects and, as a result, trigger GC.
	It is recommended to disable useCacheForAllThreads by setting -Dorg.apache.ratis.thirdparty.io.netty.allocator.useCacheForAllThreads=false in command line.
2019-10-28 11:33:16,455 [main] INFO  grpc.GrpcConfigKeys$Server (ConfUtils.java:logGet(43)) - raft.grpc.server.port = 0 (default)
2019-10-28 11:33:16,455 [main] INFO  server.GrpcService (ConfUtils.java:logGet(43)) - raft.grpc.message.size.max = 33570816 (custom)
2019-10-28 11:33:16,456 [main] INFO  server.RaftServerConfigKeys (ConfUtils.java:logGet(43)) - raft.server.log.appender.buffer.byte-limit = 33554432 (custom)
2019-10-28 11:33:16,456 [main] INFO  server.GrpcService (ConfUtils.java:logGet(43)) - raft.grpc.flow.control.window = 1MB (=1048576) (default)
2019-10-28 11:33:16,456 [main] INFO  server.RaftServerConfigKeys (ConfUtils.java:logGet(43)) - raft.server.rpc.request.timeout = 3000ms (default)
2019-10-28 11:33:16,457 [main] INFO  server.RaftServerConfigKeys (ConfUtils.java:logGet(43)) - raft.server.storage.dir = [/workdir/hadoop-ozone/integration-test/target/test-dir/MiniOzoneClusterImpl-32030326-9f4e-4c1d-8269-b77a585e0de7/datanode-2/data/ratis] (custom)
2019-10-28 11:33:16,460 [main] INFO  hdfs.DFSUtil (DFSUtil.java:httpServerTemplateForNNAndJN(1641)) - Starting Web-server for hddsDatanode at: http://0.0.0.0:0
2019-10-28 11:33:16,461 [main] INFO  server.AuthenticationFilter (AuthenticationFilter.java:constructSecretProvider(240)) - Unable to initialize FileSignerSecretProvider, falling back to use random secrets.
2019-10-28 11:33:16,462 [main] WARN  http.HttpRequestLog (HttpRequestLog.java:getRequestLog(97)) - Jetty request log can only be enabled using Log4j
2019-10-28 11:33:16,463 [main] INFO  http.HttpServer2 (HttpServer2.java:addGlobalFilter(975)) - Added global filter 'safety' (class=org.apache.hadoop.http.HttpServer2$QuotingInputFilter)
2019-10-28 11:33:16,464 [main] INFO  http.HttpServer2 (HttpServer2.java:addFilter(948)) - Added filter static_user_filter (class=org.apache.hadoop.http.lib.StaticUserWebFilter$StaticUserFilter) to context hddsDatanode
2019-10-28 11:33:16,464 [main] INFO  http.HttpServer2 (HttpServer2.java:addFilter(958)) - Added filter static_user_filter (class=org.apache.hadoop.http.lib.StaticUserWebFilter$StaticUserFilter) to context logs
2019-10-28 11:33:16,464 [main] INFO  http.HttpServer2 (HttpServer2.java:addFilter(958)) - Added filter static_user_filter (class=org.apache.hadoop.http.lib.StaticUserWebFilter$StaticUserFilter) to context static
2019-10-28 11:33:16,465 [main] INFO  http.HttpServer2 (HttpServer2.java:bindListener(1191)) - Jetty bound to port 32807
2019-10-28 11:33:16,465 [main] INFO  server.Server (Server.java:doStart(351)) - jetty-9.3.25.v20180904, build timestamp: 2018-09-04T21:11:46Z, git hash: 3ce520221d0240229c862b122d2b06c12a625732
2019-10-28 11:33:16,468 [main] INFO  handler.ContextHandler (ContextHandler.java:doStart(781)) - Started o.e.j.s.ServletContextHandler@5fa23c{/logs,file:///workdir/hadoop-ozone/integration-test/target/log,AVAILABLE}
2019-10-28 11:33:16,468 [main] INFO  handler.ContextHandler (ContextHandler.java:doStart(781)) - Started o.e.j.s.ServletContextHandler@433348bc{/static,jar:file:/home/user/.m2/repository/org/apache/hadoop/hadoop-hdds-container-service/0.5.0-SNAPSHOT/hadoop-hdds-container-service-0.5.0-SNAPSHOT.jar!/webapps/static,AVAILABLE}
2019-10-28 11:33:16,499 [main] INFO  handler.ContextHandler (ContextHandler.java:doStart(781)) - Started o.e.j.w.WebAppContext@43e9089{/,file:///tmp/jetty-0.0.0.0-32807-hddsDatanode-_-any-1209302547236174701.dir/webapp/,AVAILABLE}{/hddsDatanode}
2019-10-28 11:33:16,500 [main] INFO  server.AbstractConnector (AbstractConnector.java:doStart(278)) - Started ServerConnector@3c5dbdf8{HTTP/1.1,[http/1.1]}{0.0.0.0:32807}
2019-10-28 11:33:16,501 [main] INFO  server.Server (Server.java:doStart(419)) - Started @5150ms
2019-10-28 11:33:16,501 [main] WARN  impl.MetricsSystemImpl (MetricsSystemImpl.java:register(276)) - Sink prometheus already exists!
2019-10-28 11:33:16,502 [main] INFO  server.BaseHttpServer (BaseHttpServer.java:updateConnectorAddress(215)) - HTTP server of HDDSDATANODE is listening at http://0.0.0.0:32807
2019-10-28 11:33:16,504 [main] INFO  ozone.MiniOzoneClusterImpl (MiniOzoneClusterImpl.java:lambda$waitForClusterToBeReady$0(147)) - Waiting for cluster to be ready. Got 0 of 3 DN Heartbeats.
2019-10-28 11:33:16,505 [org.apache.hadoop.util.JvmPauseMonitor$Monitor@4e7f67e9] INFO  util.JvmPauseMonitor (JvmPauseMonitor.java:run(188)) - Starting JVM pause monitor
2019-10-28 11:33:16,508 [Datanode State Machine Thread - 0] INFO  datanode.InitDatanodeState (InitDatanodeState.java:persistContainerDatanodeDetails(140)) - DatanodeDetails is persisted to /workdir/hadoop-ozone/integration-test/target/test-dir/MiniOzoneClusterImpl-32030326-9f4e-4c1d-8269-b77a585e0de7/datanode-2/meta/datanode.id
2019-10-28 11:33:17,504 [main] INFO  ozone.MiniOzoneClusterImpl (MiniOzoneClusterImpl.java:lambda$waitForClusterToBeReady$0(147)) - Waiting for cluster to be ready. Got 0 of 3 DN Heartbeats.
2019-10-28 11:33:18,419 [Datanode State Machine Thread - 0] INFO  ozoneimpl.OzoneContainer (OzoneContainer.java:start(213)) - Attempting to start container services.
2019-10-28 11:33:18,422 [Datanode State Machine Thread - 0] INFO  ozoneimpl.OzoneContainer (OzoneContainer.java:startContainerScrub(177)) - Background container scanner has been disabled.
2019-10-28 11:33:18,423 [Datanode State Machine Thread - 0] INFO  ratis.XceiverServerRatis (XceiverServerRatis.java:start(418)) - Starting XceiverServerRatis 5aa0106d-b151-48db-b175-21e2bb54d20a at port 0
2019-10-28 11:33:18,439 [Datanode State Machine Thread - 0] INFO  ozoneimpl.OzoneContainer (OzoneContainer.java:start(213)) - Attempting to start container services.
2019-10-28 11:33:18,444 [Datanode State Machine Thread - 0] INFO  ozoneimpl.OzoneContainer (OzoneContainer.java:startContainerScrub(177)) - Background container scanner has been disabled.
2019-10-28 11:33:18,445 [Datanode State Machine Thread - 0] INFO  ratis.XceiverServerRatis (XceiverServerRatis.java:start(418)) - Starting XceiverServerRatis bb175ec5-5e98-4251-9728-8e1e745e4fa1 at port 0
2019-10-28 11:33:18,452 [Datanode State Machine Thread - 0] INFO  impl.RaftServerProxy (RaftServerProxy.java:lambda$start$3(299)) - 5aa0106d-b151-48db-b175-21e2bb54d20a: start RPC server
2019-10-28 11:33:18,461 [Datanode State Machine Thread - 0] INFO  impl.RaftServerProxy (RaftServerProxy.java:lambda$start$3(299)) - bb175ec5-5e98-4251-9728-8e1e745e4fa1: start RPC server
2019-10-28 11:33:18,505 [main] INFO  ozone.MiniOzoneClusterImpl (MiniOzoneClusterImpl.java:lambda$waitForClusterToBeReady$0(147)) - Waiting for cluster to be ready. Got 0 of 3 DN Heartbeats.
2019-10-28 11:33:18,521 [Datanode State Machine Thread - 0] INFO  ozoneimpl.OzoneContainer (OzoneContainer.java:start(213)) - Attempting to start container services.
2019-10-28 11:33:18,522 [Datanode State Machine Thread - 0] INFO  ozoneimpl.OzoneContainer (OzoneContainer.java:startContainerScrub(177)) - Background container scanner has been disabled.
2019-10-28 11:33:18,523 [Datanode State Machine Thread - 0] INFO  ratis.XceiverServerRatis (XceiverServerRatis.java:start(418)) - Starting XceiverServerRatis a4a68fdc-9c21-417a-8215-14845568ad90 at port 0
2019-10-28 11:33:18,530 [Datanode State Machine Thread - 0] INFO  impl.RaftServerProxy (RaftServerProxy.java:lambda$start$3(299)) - a4a68fdc-9c21-417a-8215-14845568ad90: start RPC server
2019-10-28 11:33:18,593 [Datanode State Machine Thread - 0] INFO  server.GrpcService (GrpcService.java:startImpl(158)) - 5aa0106d-b151-48db-b175-21e2bb54d20a: GrpcService started, listening on 0.0.0.0/0.0.0.0:45972
2019-10-28 11:33:18,593 [Datanode State Machine Thread - 0] INFO  server.GrpcService (GrpcService.java:startImpl(158)) - a4a68fdc-9c21-417a-8215-14845568ad90: GrpcService started, listening on 0.0.0.0/0.0.0.0:36183
2019-10-28 11:33:18,593 [Datanode State Machine Thread - 0] INFO  server.GrpcService (GrpcService.java:startImpl(158)) - bb175ec5-5e98-4251-9728-8e1e745e4fa1: GrpcService started, listening on 0.0.0.0/0.0.0.0:34373
2019-10-28 11:33:18,594 [Datanode State Machine Thread - 0] INFO  ratis.XceiverServerRatis (XceiverServerRatis.java:start(428)) - XceiverServerRatis a4a68fdc-9c21-417a-8215-14845568ad90 is started using port 36183
2019-10-28 11:33:18,593 [Datanode State Machine Thread - 0] INFO  ratis.XceiverServerRatis (XceiverServerRatis.java:start(428)) - XceiverServerRatis 5aa0106d-b151-48db-b175-21e2bb54d20a is started using port 45972
2019-10-28 11:33:18,594 [Datanode State Machine Thread - 0] INFO  ratis.XceiverServerRatis (XceiverServerRatis.java:start(428)) - XceiverServerRatis bb175ec5-5e98-4251-9728-8e1e745e4fa1 is started using port 34373
2019-10-28 11:33:18,599 [Datanode State Machine Thread - 0] INFO  server.XceiverServerGrpc (XceiverServerGrpc.java:start(149)) - XceiverServerGrpc a4a68fdc-9c21-417a-8215-14845568ad90 is started using port 39594
2019-10-28 11:33:18,599 [Datanode State Machine Thread - 0] INFO  server.XceiverServerGrpc (XceiverServerGrpc.java:start(149)) - XceiverServerGrpc bb175ec5-5e98-4251-9728-8e1e745e4fa1 is started using port 40752
2019-10-28 11:33:18,599 [Datanode State Machine Thread - 0] INFO  server.XceiverServerGrpc (XceiverServerGrpc.java:start(149)) - XceiverServerGrpc 5aa0106d-b151-48db-b175-21e2bb54d20a is started using port 35129
2019-10-28 11:33:19,505 [main] INFO  ozone.MiniOzoneClusterImpl (MiniOzoneClusterImpl.java:lambda$waitForClusterToBeReady$0(147)) - Waiting for cluster to be ready. Got 0 of 3 DN Heartbeats.
2019-10-28 11:33:20,367 [IPC Server handler 0 on 40876] INFO  net.NetworkTopology (NetworkTopologyImpl.java:add(111)) - Added a new node: /default-rack/5aa0106d-b151-48db-b175-21e2bb54d20a
2019-10-28 11:33:20,368 [IPC Server handler 0 on 40876] INFO  node.SCMNodeManager (SCMNodeManager.java:register(268)) - Registered Data node : 5aa0106d-b151-48db-b175-21e2bb54d20a{ip: 192.168.164.193, host: pr-hdds-2292-97wmq-4261317731, networkLocation: /default-rack, certSerialId: null}
2019-10-28 11:33:20,370 [EventQueue-NodeRegistrationContainerReportForDataNodeSafeModeRule] INFO  safemode.SCMSafeModeManager (DataNodeSafeModeRule.java:process(71)) - SCM in safe mode. 1 DataNodes registered, 1 required.
2019-10-28 11:33:20,371 [EventQueue-NodeRegistrationContainerReportForDataNodeSafeModeRule] INFO  safemode.SCMSafeModeManager (SCMSafeModeManager.java:validateSafeModeExitRules(177)) - ScmSafeModeManager, all rules are successfully validated
2019-10-28 11:33:20,371 [EventQueue-NodeRegistrationContainerReportForDataNodeSafeModeRule] INFO  safemode.SCMSafeModeManager (SCMSafeModeManager.java:exitSafeMode(193)) - SCM exiting safe mode.
2019-10-28 11:33:20,424 [IPC Server handler 2 on 40876] INFO  net.NetworkTopology (NetworkTopologyImpl.java:add(111)) - Added a new node: /default-rack/bb175ec5-5e98-4251-9728-8e1e745e4fa1
2019-10-28 11:33:20,424 [IPC Server handler 2 on 40876] INFO  node.SCMNodeManager (SCMNodeManager.java:register(268)) - Registered Data node : bb175ec5-5e98-4251-9728-8e1e745e4fa1{ip: 192.168.164.193, host: pr-hdds-2292-97wmq-4261317731, networkLocation: /default-rack, certSerialId: null}
2019-10-28 11:33:20,507 [main] INFO  ozone.MiniOzoneClusterImpl (MiniOzoneClusterImpl.java:lambda$waitForClusterToBeReady$0(147)) - Waiting for cluster to be ready. Got 2 of 3 DN Heartbeats.
2019-10-28 11:33:20,508 [IPC Server handler 1 on 40876] INFO  net.NetworkTopology (NetworkTopologyImpl.java:add(111)) - Added a new node: /default-rack/a4a68fdc-9c21-417a-8215-14845568ad90
2019-10-28 11:33:20,508 [IPC Server handler 1 on 40876] INFO  node.SCMNodeManager (SCMNodeManager.java:register(268)) - Registered Data node : a4a68fdc-9c21-417a-8215-14845568ad90{ip: 192.168.164.193, host: pr-hdds-2292-97wmq-4261317731, networkLocation: /default-rack, certSerialId: null}
2019-10-28 11:33:20,799 [grpc-default-executor-0] INFO  impl.RaftServerProxy (RaftServerProxy.java:addNew(89)) - 5aa0106d-b151-48db-b175-21e2bb54d20a: addNew group-B544DC8DD2A2:[5aa0106d-b151-48db-b175-21e2bb54d20a:192.168.164.193:45972] returns group-B544DC8DD2A2:java.util.concurrent.CompletableFuture@4a9471c7[Not completed]
2019-10-28 11:33:20,814 [pool-27-thread-1] INFO  impl.RaftServerImpl (RaftServerImpl.java:<init>(104)) - 5aa0106d-b151-48db-b175-21e2bb54d20a: new RaftServerImpl for group-B544DC8DD2A2:[5aa0106d-b151-48db-b175-21e2bb54d20a:192.168.164.193:45972] with ContainerStateMachine:uninitialized
2019-10-28 11:33:20,817 [pool-27-thread-1] INFO  server.RaftServerConfigKeys (ConfUtils.java:logGet(43)) - raft.server.rpc.timeout.min = 5s (custom)
2019-10-28 11:33:20,818 [pool-27-thread-1] INFO  server.RaftServerConfigKeys (ConfUtils.java:logGet(43)) - raft.server.rpc.timeout.max = 5200ms (custom)
2019-10-28 11:33:20,818 [pool-27-thread-1] INFO  server.RaftServerConfigKeys (ConfUtils.java:logGet(43)) - raft.server.rpcslowness.timeout = 1000s (custom)
2019-10-28 11:33:20,819 [pool-27-thread-1] INFO  server.RaftServerConfigKeys (ConfUtils.java:logGet(43)) - raft.server.sleep.deviation.threshold = 300 (default)
2019-10-28 11:33:20,819 [pool-27-thread-1] INFO  server.RaftServerConfigKeys (ConfUtils.java:logGet(43)) - raft.server.log.appender.install.snapshot.enabled = false (custom)
2019-10-28 11:33:20,828 [pool-27-thread-1] INFO  impl.RaftServerImpl (ServerState.java:<init>(103)) - 5aa0106d-b151-48db-b175-21e2bb54d20a@group-B544DC8DD2A2: ConfigurationManager, init=-1: [5aa0106d-b151-48db-b175-21e2bb54d20a:192.168.164.193:45972], old=null, confs=<EMPTY_MAP>
2019-10-28 11:33:20,829 [pool-27-thread-1] INFO  server.RaftServerConfigKeys (ConfUtils.java:logGet(43)) - raft.server.storage.dir = [/workdir/hadoop-ozone/integration-test/target/test-dir/MiniOzoneClusterImpl-32030326-9f4e-4c1d-8269-b77a585e0de7/datanode-0/data/ratis] (custom)
2019-10-28 11:33:20,836 [pool-27-thread-1] INFO  server.RaftServerConfigKeys (ConfUtils.java:logGet(43)) - raft.server.log.corruption.policy = EXCEPTION (default)
2019-10-28 11:33:20,838 [pool-27-thread-1] INFO  storage.RaftStorageDirectory (RaftStorageDirectory.java:analyzeStorage(246)) - The storage directory /workdir/hadoop-ozone/integration-test/target/test-dir/MiniOzoneClusterImpl-32030326-9f4e-4c1d-8269-b77a585e0de7/datanode-0/data/ratis/200bd36f-aff2-4fa6-a9b2-b544dc8dd2a2 does not exist. Creating ...
2019-10-28 11:33:20,855 [pool-27-thread-1] INFO  storage.RaftStorageDirectory (RaftStorageDirectory.java:tryLock(328)) - Lock on /workdir/hadoop-ozone/integration-test/target/test-dir/MiniOzoneClusterImpl-32030326-9f4e-4c1d-8269-b77a585e0de7/datanode-0/data/ratis/200bd36f-aff2-4fa6-a9b2-b544dc8dd2a2/in_use.lock acquired by nodename 15197@pr-hdds-2292-97wmq-4261317731
2019-10-28 11:33:20,861 [pool-27-thread-1] INFO  storage.RaftStorage (RaftStorage.java:format(84)) - Storage directory /workdir/hadoop-ozone/integration-test/target/test-dir/MiniOzoneClusterImpl-32030326-9f4e-4c1d-8269-b77a585e0de7/datanode-0/data/ratis/200bd36f-aff2-4fa6-a9b2-b544dc8dd2a2 has been successfully formatted.
2019-10-28 11:33:20,864 [pool-27-thread-1] INFO  ratis.ContainerStateMachine (ContainerStateMachine.java:loadSnapshot(231)) - group-B544DC8DD2A2: The snapshot info is null. Setting the last applied indexto:(t:0, i:~)
2019-10-28 11:33:20,864 [pool-27-thread-1] INFO  server.RaftServerConfigKeys (ConfUtils.java:logGet(43)) - raft.server.notification.no-leader.timeout = 1000s (custom)
2019-10-28 11:33:20,866 [pool-27-thread-1] INFO  server.RaftServerConfigKeys (ConfUtils.java:logGet(43)) - raft.server.log.use.memory = false (default)
2019-10-28 11:33:20,872 [pool-27-thread-1] INFO  server.RaftServerConfigKeys (ConfUtils.java:logGet(43)) - raft.server.log.purge.gap = 1000000 (custom)
2019-10-28 11:33:20,872 [pool-27-thread-1] INFO  server.RaftServerConfigKeys (ConfUtils.java:logGet(43)) - raft.server.log.appender.buffer.byte-limit = 33554432 (custom)
2019-10-28 11:33:20,874 [pool-27-thread-1] INFO  server.RaftServerConfigKeys (ConfUtils.java:logGet(43)) - raft.server.log.segment.size.max = 1048576 (custom)
2019-10-28 11:33:20,876 [pool-27-thread-1] INFO  impl.MetricsSystemImpl (MetricsSystemImpl.java:init(158)) - ratis metrics system started (again)
2019-10-28 11:33:20,880 [pool-27-thread-1] INFO  metrics.MetricRegistries (MetricRegistriesLoader.java:load(64)) - Loaded MetricRegistries class org.apache.ratis.metrics.impl.MetricRegistriesImpl
2019-10-28 11:33:20,916 [pool-27-thread-1] INFO  server.RaftServerConfigKeys (ConfUtils.java:logGet(43)) - raft.server.log.segment.cache.num.max = 2 (custom)
2019-10-28 11:33:20,921 [pool-27-thread-1] INFO  segmented.SegmentedRaftLogWorker (SegmentedRaftLogWorker.java:<init>(173)) - new 5aa0106d-b151-48db-b175-21e2bb54d20a@group-B544DC8DD2A2-SegmentedRaftLogWorker for RaftStorage:Storage Directory /workdir/hadoop-ozone/integration-test/target/test-dir/MiniOzoneClusterImpl-32030326-9f4e-4c1d-8269-b77a585e0de7/datanode-0/data/ratis/200bd36f-aff2-4fa6-a9b2-b544dc8dd2a2
2019-10-28 11:33:20,922 [pool-27-thread-1] INFO  server.RaftServerConfigKeys (ConfUtils.java:logGet(43)) - raft.server.log.queue.byte-limit = 2147483647 (custom)
2019-10-28 11:33:20,922 [pool-27-thread-1] INFO  server.RaftServerConfigKeys (ConfUtils.java:logGet(43)) - raft.server.log.queue.element-limit = 1024 (custom)
2019-10-28 11:33:20,923 [pool-27-thread-1] INFO  server.RaftServerConfigKeys (ConfUtils.java:logGet(43)) - raft.server.log.segment.size.max = 1048576 (custom)
2019-10-28 11:33:20,924 [pool-27-thread-1] INFO  server.RaftServerConfigKeys (ConfUtils.java:logGet(43)) - raft.server.log.preallocated.size = 16384 (custom)
2019-10-28 11:33:20,924 [pool-27-thread-1] INFO  server.RaftServerConfigKeys (ConfUtils.java:logGet(43)) - raft.server.log.write.buffer.size = 33554432 (custom)
2019-10-28 11:33:20,924 [pool-27-thread-1] INFO  server.RaftServerConfigKeys (ConfUtils.java:logGet(43)) - raft.server.log.force.sync.num = 128 (default)
2019-10-28 11:33:20,925 [pool-27-thread-1] INFO  server.RaftServerConfigKeys (ConfUtils.java:logGet(43)) - raft.server.log.statemachine.data.sync = true (default)
2019-10-28 11:33:20,925 [pool-27-thread-1] INFO  server.RaftServerConfigKeys (ConfUtils.java:logGet(43)) - raft.server.log.statemachine.data.sync.timeout = 10s (default)
2019-10-28 11:33:20,926 [pool-27-thread-1] INFO  server.RaftServerConfigKeys (ConfUtils.java:logGet(43)) - raft.server.log.statemachine.data.sync.timeout.retry = -1 (default)
2019-10-28 11:33:20,936 [pool-27-thread-1] INFO  server.RaftServerConfigKeys (ConfUtils.java:logGet(43)) - raft.server.log.statemachine.data.caching.enabled = true (custom)
2019-10-28 11:33:20,941 [pool-27-thread-1] INFO  segmented.SegmentedRaftLogWorker (SegmentedRaftLogWorker.java:lambda$new$0(128)) - 5aa0106d-b151-48db-b175-21e2bb54d20a@group-B544DC8DD2A2-SegmentedRaftLogWorker: flushIndex: setUnconditionally 0 -> -1
2019-10-28 11:33:20,945 [pool-27-thread-1] INFO  server.RaftServerConfigKeys (ConfUtils.java:logGet(43)) - raft.server.snapshot.auto.trigger.enabled = true (custom)
2019-10-28 11:33:20,946 [pool-27-thread-1] INFO  server.RaftServerConfigKeys (ConfUtils.java:logGet(43)) - raft.server.snapshot.auto.trigger.threshold = 10000 (custom)
2019-10-28 11:33:20,946 [pool-27-thread-1] INFO  server.RaftServerConfigKeys (ConfUtils.java:logGet(43)) - raft.server.snapshot.retention.file.num = 5 (custom)
2019-10-28 11:33:20,947 [pool-27-thread-1] INFO  server.RaftServerConfigKeys (ConfUtils.java:logGet(43)) - raft.server.retrycache.expirytime = 600000ms (custom)
2019-10-28 11:33:20,974 [pool-27-thread-1] INFO  impl.RaftServerImpl (RaftServerImpl.java:start(195)) - 5aa0106d-b151-48db-b175-21e2bb54d20a@group-B544DC8DD2A2: start as a follower, conf=-1: [5aa0106d-b151-48db-b175-21e2bb54d20a:192.168.164.193:45972], old=null
2019-10-28 11:33:20,975 [pool-27-thread-1] INFO  impl.RaftServerImpl (RaftServerImpl.java:setRole(184)) - 5aa0106d-b151-48db-b175-21e2bb54d20a@group-B544DC8DD2A2: changes role from      null to FOLLOWER at term 0 for startAsFollower
2019-10-28 11:33:20,976 [pool-27-thread-1] INFO  impl.RoleInfo (RoleInfo.java:updateAndGet(143)) - 5aa0106d-b151-48db-b175-21e2bb54d20a: start FollowerState
2019-10-28 11:33:20,978 [pool-27-thread-1] INFO  util.JmxRegister (JmxRegister.java:tryRegister(44)) - Successfully registered JMX Bean with object name Ratis:service=RaftServer,group=group-B544DC8DD2A2,id=5aa0106d-b151-48db-b175-21e2bb54d20a
2019-10-28 11:33:20,997 [Thread-186] INFO  impl.FollowerState (FollowerState.java:run(108)) - 5aa0106d-b151-48db-b175-21e2bb54d20a@group-B544DC8DD2A2-FollowerState: change to CANDIDATE, lastRpcTime:21ms, electionTimeout:20ms
2019-10-28 11:33:21,001 [Thread-186] INFO  impl.RoleInfo (RoleInfo.java:shutdownFollowerState(121)) - 5aa0106d-b151-48db-b175-21e2bb54d20a: shutdown FollowerState
2019-10-28 11:33:21,004 [Thread-186] INFO  impl.RaftServerImpl (RaftServerImpl.java:setRole(184)) - 5aa0106d-b151-48db-b175-21e2bb54d20a@group-B544DC8DD2A2: changes role from  FOLLOWER to CANDIDATE at term 0 for changeToCandidate
2019-10-28 11:33:21,010 [Thread-186] INFO  impl.RoleInfo (RoleInfo.java:updateAndGet(143)) - 5aa0106d-b151-48db-b175-21e2bb54d20a: start LeaderElection
2019-10-28 11:33:21,025 [5aa0106d-b151-48db-b175-21e2bb54d20a@group-B544DC8DD2A2-LeaderElection1] INFO  impl.LeaderElection (LeaderElection.java:askForVotes(178)) - 5aa0106d-b151-48db-b175-21e2bb54d20a@group-B544DC8DD2A2-LeaderElection1: begin an election at term 1 for -1: [5aa0106d-b151-48db-b175-21e2bb54d20a:192.168.164.193:45972], old=null
2019-10-28 11:33:21,027 [5aa0106d-b151-48db-b175-21e2bb54d20a@group-B544DC8DD2A2-LeaderElection1] INFO  impl.RoleInfo (RoleInfo.java:shutdownLeaderElection(134)) - 5aa0106d-b151-48db-b175-21e2bb54d20a: shutdown LeaderElection
2019-10-28 11:33:21,028 [5aa0106d-b151-48db-b175-21e2bb54d20a@group-B544DC8DD2A2-LeaderElection1] INFO  impl.RaftServerImpl (RaftServerImpl.java:setRole(184)) - 5aa0106d-b151-48db-b175-21e2bb54d20a@group-B544DC8DD2A2: changes role from CANDIDATE to LEADER at term 1 for changeToLeader
2019-10-28 11:33:21,029 [5aa0106d-b151-48db-b175-21e2bb54d20a@group-B544DC8DD2A2-LeaderElection1] INFO  impl.RaftServerImpl (ServerState.java:setLeader(256)) - 5aa0106d-b151-48db-b175-21e2bb54d20a@group-B544DC8DD2A2: change Leader from null to 5aa0106d-b151-48db-b175-21e2bb54d20a at term 1 for becomeLeader, leader elected after 164ms
2019-10-28 11:33:21,036 [5aa0106d-b151-48db-b175-21e2bb54d20a@group-B544DC8DD2A2-LeaderElection1] INFO  server.RaftServerConfigKeys (ConfUtils.java:logGet(43)) - raft.server.staging.catchup.gap = 1000 (default)
2019-10-28 11:33:21,036 [5aa0106d-b151-48db-b175-21e2bb54d20a@group-B544DC8DD2A2-LeaderElection1] INFO  server.RaftServerConfigKeys (ConfUtils.java:logGet(43)) - raft.server.rpc.sleep.time = 25ms (default)
2019-10-28 11:33:21,042 [5aa0106d-b151-48db-b175-21e2bb54d20a@group-B544DC8DD2A2-LeaderElection1] INFO  server.RaftServerConfigKeys (ConfUtils.java:logGet(43)) - raft.server.write.element-limit = 4096 (default)
2019-10-28 11:33:21,046 [5aa0106d-b151-48db-b175-21e2bb54d20a@group-B544DC8DD2A2-LeaderElection1] INFO  server.RaftServerConfigKeys (ConfUtils.java:logGet(43)) - raft.server.watch.timeout = 10s (default)
2019-10-28 11:33:21,046 [5aa0106d-b151-48db-b175-21e2bb54d20a@group-B544DC8DD2A2-LeaderElection1] INFO  server.RaftServerConfigKeys (ConfUtils.java:logGet(43)) - raft.server.watch.timeout.denomination = 1s (default)
2019-10-28 11:33:21,047 [5aa0106d-b151-48db-b175-21e2bb54d20a@group-B544DC8DD2A2-LeaderElection1] INFO  server.RaftServerConfigKeys (ConfUtils.java:logGet(43)) - raft.server.watch.element-limit = 65536 (default)
2019-10-28 11:33:21,076 [RatisPipelineUtilsThread] INFO  pipeline.PipelineStateManager (PipelineStateManager.java:addPipeline(56)) - Created pipeline Pipeline[ Id: 200bd36f-aff2-4fa6-a9b2-b544dc8dd2a2, Nodes: 5aa0106d-b151-48db-b175-21e2bb54d20a{ip: 192.168.164.193, host: pr-hdds-2292-97wmq-4261317731, networkLocation: /default-rack, certSerialId: null}, Type:RATIS, Factor:ONE, State:OPEN]
2019-10-28 11:33:21,090 [5aa0106d-b151-48db-b175-21e2bb54d20a@group-B544DC8DD2A2-LeaderElection1] INFO  impl.RoleInfo (RoleInfo.java:updateAndGet(143)) - 5aa0106d-b151-48db-b175-21e2bb54d20a: start LeaderState
2019-10-28 11:33:21,098 [grpc-default-executor-0] INFO  impl.RaftServerProxy (RaftServerProxy.java:addNew(89)) - bb175ec5-5e98-4251-9728-8e1e745e4fa1: addNew group-F43D1284476B:[bb175ec5-5e98-4251-9728-8e1e745e4fa1:192.168.164.193:34373] returns group-F43D1284476B:java.util.concurrent.CompletableFuture@794cb846[Not completed]
2019-10-28 11:33:21,101 [pool-37-thread-1] INFO  impl.RaftServerImpl (RaftServerImpl.java:<init>(104)) - bb175ec5-5e98-4251-9728-8e1e745e4fa1: new RaftServerImpl for group-F43D1284476B:[bb175ec5-5e98-4251-9728-8e1e745e4fa1:192.168.164.193:34373] with ContainerStateMachine:uninitialized
2019-10-28 11:33:21,102 [pool-37-thread-1] INFO  server.RaftServerConfigKeys (ConfUtils.java:logGet(43)) - raft.server.rpc.timeout.min = 5s (custom)
2019-10-28 11:33:21,102 [pool-37-thread-1] INFO  server.RaftServerConfigKeys (ConfUtils.java:logGet(43)) - raft.server.rpc.timeout.max = 5200ms (custom)
2019-10-28 11:33:21,103 [pool-37-thread-1] INFO  server.RaftServerConfigKeys (ConfUtils.java:logGet(43)) - raft.server.rpcslowness.timeout = 1000s (custom)
2019-10-28 11:33:21,103 [pool-37-thread-1] INFO  server.RaftServerConfigKeys (ConfUtils.java:logGet(43)) - raft.server.sleep.deviation.threshold = 300 (default)
2019-10-28 11:33:21,103 [pool-37-thread-1] INFO  server.RaftServerConfigKeys (ConfUtils.java:logGet(43)) - raft.server.log.appender.install.snapshot.enabled = false (custom)
2019-10-28 11:33:21,103 [pool-37-thread-1] INFO  impl.RaftServerImpl (ServerState.java:<init>(103)) - bb175ec5-5e98-4251-9728-8e1e745e4fa1@group-F43D1284476B: ConfigurationManager, init=-1: [bb175ec5-5e98-4251-9728-8e1e745e4fa1:192.168.164.193:34373], old=null, confs=<EMPTY_MAP>
2019-10-28 11:33:21,104 [pool-37-thread-1] INFO  server.RaftServerConfigKeys (ConfUtils.java:logGet(43)) - raft.server.storage.dir = [/workdir/hadoop-ozone/integration-test/target/test-dir/MiniOzoneClusterImpl-32030326-9f4e-4c1d-8269-b77a585e0de7/datanode-1/data/ratis] (custom)
2019-10-28 11:33:21,104 [pool-37-thread-1] INFO  server.RaftServerConfigKeys (ConfUtils.java:logGet(43)) - raft.server.log.corruption.policy = EXCEPTION (default)
2019-10-28 11:33:21,104 [pool-37-thread-1] INFO  storage.RaftStorageDirectory (RaftStorageDirectory.java:analyzeStorage(246)) - The storage directory /workdir/hadoop-ozone/integration-test/target/test-dir/MiniOzoneClusterImpl-32030326-9f4e-4c1d-8269-b77a585e0de7/datanode-1/data/ratis/547eaa47-286e-494b-bdcd-f43d1284476b does not exist. Creating ...
2019-10-28 11:33:21,118 [5aa0106d-b151-48db-b175-21e2bb54d20a@group-B544DC8DD2A2-LeaderElection1] INFO  segmented.SegmentedRaftLogWorker (SegmentedRaftLogWorker.java:startLogSegment(385)) - 5aa0106d-b151-48db-b175-21e2bb54d20a@group-B544DC8DD2A2-SegmentedRaftLogWorker: Starting segment from index:0
2019-10-28 11:33:21,129 [5aa0106d-b151-48db-b175-21e2bb54d20a@group-B544DC8DD2A2-LeaderElection1] INFO  impl.RaftServerImpl (ServerState.java:setRaftConf(357)) - 5aa0106d-b151-48db-b175-21e2bb54d20a@group-B544DC8DD2A2: set configuration 0: [5aa0106d-b151-48db-b175-21e2bb54d20a:192.168.164.193:45972], old=null at 0
2019-10-28 11:33:21,155 [pool-37-thread-1] INFO  storage.RaftStorageDirectory (RaftStorageDirectory.java:tryLock(328)) - Lock on /workdir/hadoop-ozone/integration-test/target/test-dir/MiniOzoneClusterImpl-32030326-9f4e-4c1d-8269-b77a585e0de7/datanode-1/data/ratis/547eaa47-286e-494b-bdcd-f43d1284476b/in_use.lock acquired by nodename 15197@pr-hdds-2292-97wmq-4261317731
2019-10-28 11:33:21,220 [pool-37-thread-1] INFO  storage.RaftStorage (RaftStorage.java:format(84)) - Storage directory /workdir/hadoop-ozone/integration-test/target/test-dir/MiniOzoneClusterImpl-32030326-9f4e-4c1d-8269-b77a585e0de7/datanode-1/data/ratis/547eaa47-286e-494b-bdcd-f43d1284476b has been successfully formatted.
2019-10-28 11:33:21,222 [pool-37-thread-1] INFO  ratis.ContainerStateMachine (ContainerStateMachine.java:loadSnapshot(231)) - group-F43D1284476B: The snapshot info is null. Setting the last applied indexto:(t:0, i:~)
2019-10-28 11:33:21,223 [pool-37-thread-1] INFO  server.RaftServerConfigKeys (ConfUtils.java:logGet(43)) - raft.server.notification.no-leader.timeout = 1000s (custom)
2019-10-28 11:33:21,223 [pool-37-thread-1] INFO  server.RaftServerConfigKeys (ConfUtils.java:logGet(43)) - raft.server.log.use.memory = false (default)
2019-10-28 11:33:21,223 [pool-37-thread-1] INFO  server.RaftServerConfigKeys (ConfUtils.java:logGet(43)) - raft.server.log.purge.gap = 1000000 (custom)
2019-10-28 11:33:21,223 [pool-37-thread-1] INFO  server.RaftServerConfigKeys (ConfUtils.java:logGet(43)) - raft.server.log.appender.buffer.byte-limit = 33554432 (custom)
2019-10-28 11:33:21,223 [pool-37-thread-1] INFO  server.RaftServerConfigKeys (ConfUtils.java:logGet(43)) - raft.server.log.segment.size.max = 1048576 (custom)
2019-10-28 11:33:21,250 [pool-37-thread-1] INFO  server.RaftServerConfigKeys (ConfUtils.java:logGet(43)) - raft.server.log.segment.cache.num.max = 2 (custom)
2019-10-28 11:33:21,250 [pool-37-thread-1] INFO  segmented.SegmentedRaftLogWorker (SegmentedRaftLogWorker.java:<init>(173)) - new bb175ec5-5e98-4251-9728-8e1e745e4fa1@group-F43D1284476B-SegmentedRaftLogWorker for RaftStorage:Storage Directory /workdir/hadoop-ozone/integration-test/target/test-dir/MiniOzoneClusterImpl-32030326-9f4e-4c1d-8269-b77a585e0de7/datanode-1/data/ratis/547eaa47-286e-494b-bdcd-f43d1284476b
2019-10-28 11:33:21,250 [pool-37-thread-1] INFO  server.RaftServerConfigKeys (ConfUtils.java:logGet(43)) - raft.server.log.queue.byte-limit = 2147483647 (custom)
2019-10-28 11:33:21,250 [pool-37-thread-1] INFO  server.RaftServerConfigKeys (ConfUtils.java:logGet(43)) - raft.server.log.queue.element-limit = 1024 (custom)
2019-10-28 11:33:21,251 [pool-37-thread-1] INFO  server.RaftServerConfigKeys (ConfUtils.java:logGet(43)) - raft.server.log.segment.size.max = 1048576 (custom)
2019-10-28 11:33:21,251 [pool-37-thread-1] INFO  server.RaftServerConfigKeys (ConfUtils.java:logGet(43)) - raft.server.log.preallocated.size = 16384 (custom)
2019-10-28 11:33:21,251 [pool-37-thread-1] INFO  server.RaftServerConfigKeys (ConfUtils.java:logGet(43)) - raft.server.log.write.buffer.size = 33554432 (custom)
2019-10-28 11:33:21,251 [pool-37-thread-1] INFO  server.RaftServerConfigKeys (ConfUtils.java:logGet(43)) - raft.server.log.force.sync.num = 128 (default)
2019-10-28 11:33:21,251 [pool-37-thread-1] INFO  server.RaftServerConfigKeys (ConfUtils.java:logGet(43)) - raft.server.log.statemachine.data.sync = true (default)
2019-10-28 11:33:21,251 [pool-37-thread-1] INFO  server.RaftServerConfigKeys (ConfUtils.java:logGet(43)) - raft.server.log.statemachine.data.sync.timeout = 10s (default)
2019-10-28 11:33:21,251 [pool-37-thread-1] INFO  server.RaftServerConfigKeys (ConfUtils.java:logGet(43)) - raft.server.log.statemachine.data.sync.timeout.retry = -1 (default)
2019-10-28 11:33:21,252 [pool-37-thread-1] INFO  server.RaftServerConfigKeys (ConfUtils.java:logGet(43)) - raft.server.log.statemachine.data.caching.enabled = true (custom)
2019-10-28 11:33:21,253 [pool-37-thread-1] INFO  segmented.SegmentedRaftLogWorker (SegmentedRaftLogWorker.java:lambda$new$0(128)) - bb175ec5-5e98-4251-9728-8e1e745e4fa1@group-F43D1284476B-SegmentedRaftLogWorker: flushIndex: setUnconditionally 0 -> -1
2019-10-28 11:33:21,253 [pool-37-thread-1] INFO  server.RaftServerConfigKeys (ConfUtils.java:logGet(43)) - raft.server.snapshot.auto.trigger.enabled = true (custom)
2019-10-28 11:33:21,253 [pool-37-thread-1] INFO  server.RaftServerConfigKeys (ConfUtils.java:logGet(43)) - raft.server.snapshot.auto.trigger.threshold = 10000 (custom)
2019-10-28 11:33:21,253 [pool-37-thread-1] INFO  server.RaftServerConfigKeys (ConfUtils.java:logGet(43)) - raft.server.snapshot.retention.file.num = 5 (custom)
2019-10-28 11:33:21,254 [pool-37-thread-1] INFO  server.RaftServerConfigKeys (ConfUtils.java:logGet(43)) - raft.server.retrycache.expirytime = 600000ms (custom)
2019-10-28 11:33:21,262 [pool-37-thread-1] INFO  impl.RaftServerImpl (RaftServerImpl.java:start(195)) - bb175ec5-5e98-4251-9728-8e1e745e4fa1@group-F43D1284476B: start as a follower, conf=-1: [bb175ec5-5e98-4251-9728-8e1e745e4fa1:192.168.164.193:34373], old=null
2019-10-28 11:33:21,262 [pool-37-thread-1] INFO  impl.RaftServerImpl (RaftServerImpl.java:setRole(184)) - bb175ec5-5e98-4251-9728-8e1e745e4fa1@group-F43D1284476B: changes role from      null to FOLLOWER at term 0 for startAsFollower
2019-10-28 11:33:21,263 [pool-37-thread-1] INFO  impl.RoleInfo (RoleInfo.java:updateAndGet(143)) - bb175ec5-5e98-4251-9728-8e1e745e4fa1: start FollowerState
2019-10-28 11:33:21,263 [pool-37-thread-1] INFO  util.JmxRegister (JmxRegister.java:tryRegister(44)) - Successfully registered JMX Bean with object name Ratis:service=RaftServer,group=group-F43D1284476B,id=bb175ec5-5e98-4251-9728-8e1e745e4fa1
2019-10-28 11:33:21,281 [RatisPipelineUtilsThread] INFO  pipeline.PipelineStateManager (PipelineStateManager.java:addPipeline(56)) - Created pipeline Pipeline[ Id: 547eaa47-286e-494b-bdcd-f43d1284476b, Nodes: bb175ec5-5e98-4251-9728-8e1e745e4fa1{ip: 192.168.164.193, host: pr-hdds-2292-97wmq-4261317731, networkLocation: /default-rack, certSerialId: null}, Type:RATIS, Factor:ONE, State:OPEN]
2019-10-28 11:33:21,298 [grpc-default-executor-0] INFO  impl.RaftServerProxy (RaftServerProxy.java:addNew(89)) - a4a68fdc-9c21-417a-8215-14845568ad90: addNew group-EFC7D7A10E94:[a4a68fdc-9c21-417a-8215-14845568ad90:192.168.164.193:36183] returns group-EFC7D7A10E94:java.util.concurrent.CompletableFuture@426eada3[Not completed]
2019-10-28 11:33:21,308 [pool-47-thread-1] INFO  impl.RaftServerImpl (RaftServerImpl.java:<init>(104)) - a4a68fdc-9c21-417a-8215-14845568ad90: new RaftServerImpl for group-EFC7D7A10E94:[a4a68fdc-9c21-417a-8215-14845568ad90:192.168.164.193:36183] with ContainerStateMachine:uninitialized
2019-10-28 11:33:21,309 [pool-47-thread-1] INFO  server.RaftServerConfigKeys (ConfUtils.java:logGet(43)) - raft.server.rpc.timeout.min = 5s (custom)
2019-10-28 11:33:21,310 [pool-47-thread-1] INFO  server.RaftServerConfigKeys (ConfUtils.java:logGet(43)) - raft.server.rpc.timeout.max = 5200ms (custom)
2019-10-28 11:33:21,310 [pool-47-thread-1] INFO  server.RaftServerConfigKeys (ConfUtils.java:logGet(43)) - raft.server.rpcslowness.timeout = 1000s (custom)
2019-10-28 11:33:21,310 [pool-47-thread-1] INFO  server.RaftServerConfigKeys (ConfUtils.java:logGet(43)) - raft.server.sleep.deviation.threshold = 300 (default)
2019-10-28 11:33:21,310 [pool-47-thread-1] INFO  server.RaftServerConfigKeys (ConfUtils.java:logGet(43)) - raft.server.log.appender.install.snapshot.enabled = false (custom)
2019-10-28 11:33:21,310 [pool-47-thread-1] INFO  impl.RaftServerImpl (ServerState.java:<init>(103)) - a4a68fdc-9c21-417a-8215-14845568ad90@group-EFC7D7A10E94: ConfigurationManager, init=-1: [a4a68fdc-9c21-417a-8215-14845568ad90:192.168.164.193:36183], old=null, confs=<EMPTY_MAP>
2019-10-28 11:33:21,311 [pool-47-thread-1] INFO  server.RaftServerConfigKeys (ConfUtils.java:logGet(43)) - raft.server.storage.dir = [/workdir/hadoop-ozone/integration-test/target/test-dir/MiniOzoneClusterImpl-32030326-9f4e-4c1d-8269-b77a585e0de7/datanode-2/data/ratis] (custom)
2019-10-28 11:33:21,311 [pool-47-thread-1] INFO  server.RaftServerConfigKeys (ConfUtils.java:logGet(43)) - raft.server.log.corruption.policy = EXCEPTION (default)
2019-10-28 11:33:21,311 [pool-47-thread-1] INFO  storage.RaftStorageDirectory (RaftStorageDirectory.java:analyzeStorage(246)) - The storage directory /workdir/hadoop-ozone/integration-test/target/test-dir/MiniOzoneClusterImpl-32030326-9f4e-4c1d-8269-b77a585e0de7/datanode-2/data/ratis/cd32cdc7-28b0-44bc-9202-efc7d7a10e94 does not exist. Creating ...
2019-10-28 11:33:21,325 [pool-47-thread-1] INFO  storage.RaftStorageDirectory (RaftStorageDirectory.java:tryLock(328)) - Lock on /workdir/hadoop-ozone/integration-test/target/test-dir/MiniOzoneClusterImpl-32030326-9f4e-4c1d-8269-b77a585e0de7/datanode-2/data/ratis/cd32cdc7-28b0-44bc-9202-efc7d7a10e94/in_use.lock acquired by nodename 15197@pr-hdds-2292-97wmq-4261317731
2019-10-28 11:33:21,333 [pool-47-thread-1] INFO  storage.RaftStorage (RaftStorage.java:format(84)) - Storage directory /workdir/hadoop-ozone/integration-test/target/test-dir/MiniOzoneClusterImpl-32030326-9f4e-4c1d-8269-b77a585e0de7/datanode-2/data/ratis/cd32cdc7-28b0-44bc-9202-efc7d7a10e94 has been successfully formatted.
2019-10-28 11:33:21,334 [pool-47-thread-1] INFO  ratis.ContainerStateMachine (ContainerStateMachine.java:loadSnapshot(231)) - group-EFC7D7A10E94: The snapshot info is null. Setting the last applied indexto:(t:0, i:~)
2019-10-28 11:33:21,335 [pool-47-thread-1] INFO  server.RaftServerConfigKeys (ConfUtils.java:logGet(43)) - raft.server.notification.no-leader.timeout = 1000s (custom)
2019-10-28 11:33:21,335 [pool-47-thread-1] INFO  server.RaftServerConfigKeys (ConfUtils.java:logGet(43)) - raft.server.log.use.memory = false (default)
2019-10-28 11:33:21,335 [pool-47-thread-1] INFO  server.RaftServerConfigKeys (ConfUtils.java:logGet(43)) - raft.server.log.purge.gap = 1000000 (custom)
2019-10-28 11:33:21,336 [pool-47-thread-1] INFO  server.RaftServerConfigKeys (ConfUtils.java:logGet(43)) - raft.server.log.appender.buffer.byte-limit = 33554432 (custom)
2019-10-28 11:33:21,336 [pool-47-thread-1] INFO  server.RaftServerConfigKeys (ConfUtils.java:logGet(43)) - raft.server.log.segment.size.max = 1048576 (custom)
2019-10-28 11:33:21,345 [pool-47-thread-1] INFO  server.RaftServerConfigKeys (ConfUtils.java:logGet(43)) - raft.server.log.segment.cache.num.max = 2 (custom)
2019-10-28 11:33:21,345 [pool-47-thread-1] INFO  segmented.SegmentedRaftLogWorker (SegmentedRaftLogWorker.java:<init>(173)) - new a4a68fdc-9c21-417a-8215-14845568ad90@group-EFC7D7A10E94-SegmentedRaftLogWorker for RaftStorage:Storage Directory /workdir/hadoop-ozone/integration-test/target/test-dir/MiniOzoneClusterImpl-32030326-9f4e-4c1d-8269-b77a585e0de7/datanode-2/data/ratis/cd32cdc7-28b0-44bc-9202-efc7d7a10e94
2019-10-28 11:33:21,345 [pool-47-thread-1] INFO  server.RaftServerConfigKeys (ConfUtils.java:logGet(43)) - raft.server.log.queue.byte-limit = 2147483647 (custom)
2019-10-28 11:33:21,345 [pool-47-thread-1] INFO  server.RaftServerConfigKeys (ConfUtils.java:logGet(43)) - raft.server.log.queue.element-limit = 1024 (custom)
2019-10-28 11:33:21,345 [pool-47-thread-1] INFO  server.RaftServerConfigKeys (ConfUtils.java:logGet(43)) - raft.server.log.segment.size.max = 1048576 (custom)
2019-10-28 11:33:21,345 [pool-47-thread-1] INFO  server.RaftServerConfigKeys (ConfUtils.java:logGet(43)) - raft.server.log.preallocated.size = 16384 (custom)
2019-10-28 11:33:21,346 [pool-47-thread-1] INFO  server.RaftServerConfigKeys (ConfUtils.java:logGet(43)) - raft.server.log.write.buffer.size = 33554432 (custom)
2019-10-28 11:33:21,346 [pool-47-thread-1] INFO  server.RaftServerConfigKeys (ConfUtils.java:logGet(43)) - raft.server.log.force.sync.num = 128 (default)
2019-10-28 11:33:21,346 [pool-47-thread-1] INFO  server.RaftServerConfigKeys (ConfUtils.java:logGet(43)) - raft.server.log.statemachine.data.sync = true (default)
2019-10-28 11:33:21,346 [pool-47-thread-1] INFO  server.RaftServerConfigKeys (ConfUtils.java:logGet(43)) - raft.server.log.statemachine.data.sync.timeout = 10s (default)
2019-10-28 11:33:21,346 [pool-47-thread-1] INFO  server.RaftServerConfigKeys (ConfUtils.java:logGet(43)) - raft.server.log.statemachine.data.sync.timeout.retry = -1 (default)
2019-10-28 11:33:21,347 [pool-47-thread-1] INFO  server.RaftServerConfigKeys (ConfUtils.java:logGet(43)) - raft.server.log.statemachine.data.caching.enabled = true (custom)
2019-10-28 11:33:21,347 [pool-47-thread-1] INFO  segmented.SegmentedRaftLogWorker (SegmentedRaftLogWorker.java:lambda$new$0(128)) - a4a68fdc-9c21-417a-8215-14845568ad90@group-EFC7D7A10E94-SegmentedRaftLogWorker: flushIndex: setUnconditionally 0 -> -1
2019-10-28 11:33:21,347 [pool-47-thread-1] INFO  server.RaftServerConfigKeys (ConfUtils.java:logGet(43)) - raft.server.snapshot.auto.trigger.enabled = true (custom)
2019-10-28 11:33:21,348 [pool-47-thread-1] INFO  server.RaftServerConfigKeys (ConfUtils.java:logGet(43)) - raft.server.snapshot.auto.trigger.threshold = 10000 (custom)
2019-10-28 11:33:21,348 [pool-47-thread-1] INFO  server.RaftServerConfigKeys (ConfUtils.java:logGet(43)) - raft.server.snapshot.retention.file.num = 5 (custom)
2019-10-28 11:33:21,348 [pool-47-thread-1] INFO  server.RaftServerConfigKeys (ConfUtils.java:logGet(43)) - raft.server.retrycache.expirytime = 600000ms (custom)
2019-10-28 11:33:21,353 [pool-47-thread-1] INFO  impl.RaftServerImpl (RaftServerImpl.java:start(195)) - a4a68fdc-9c21-417a-8215-14845568ad90@group-EFC7D7A10E94: start as a follower, conf=-1: [a4a68fdc-9c21-417a-8215-14845568ad90:192.168.164.193:36183], old=null
2019-10-28 11:33:21,353 [pool-47-thread-1] INFO  impl.RaftServerImpl (RaftServerImpl.java:setRole(184)) - a4a68fdc-9c21-417a-8215-14845568ad90@group-EFC7D7A10E94: changes role from      null to FOLLOWER at term 0 for startAsFollower
2019-10-28 11:33:21,353 [pool-47-thread-1] INFO  impl.RoleInfo (RoleInfo.java:updateAndGet(143)) - a4a68fdc-9c21-417a-8215-14845568ad90: start FollowerState
2019-10-28 11:33:21,354 [pool-47-thread-1] INFO  util.JmxRegister (JmxRegister.java:tryRegister(44)) - Successfully registered JMX Bean with object name Ratis:service=RaftServer,group=group-EFC7D7A10E94,id=a4a68fdc-9c21-417a-8215-14845568ad90
2019-10-28 11:33:21,370 [RatisPipelineUtilsThread] INFO  pipeline.PipelineStateManager (PipelineStateManager.java:addPipeline(56)) - Created pipeline Pipeline[ Id: cd32cdc7-28b0-44bc-9202-efc7d7a10e94, Nodes: a4a68fdc-9c21-417a-8215-14845568ad90{ip: 192.168.164.193, host: pr-hdds-2292-97wmq-4261317731, networkLocation: /default-rack, certSerialId: null}, Type:RATIS, Factor:ONE, State:OPEN]
2019-10-28 11:33:21,398 [grpc-default-executor-1] INFO  impl.RaftServerProxy (RaftServerProxy.java:addNew(89)) - a4a68fdc-9c21-417a-8215-14845568ad90: addNew group-2BBC40871E24:[a4a68fdc-9c21-417a-8215-14845568ad90:192.168.164.193:36183, 5aa0106d-b151-48db-b175-21e2bb54d20a:192.168.164.193:45972, bb175ec5-5e98-4251-9728-8e1e745e4fa1:192.168.164.193:34373] returns group-2BBC40871E24:java.util.concurrent.CompletableFuture@68f1ab92[Not completed]
2019-10-28 11:33:21,398 [grpc-default-executor-2] INFO  impl.RaftServerProxy (RaftServerProxy.java:addNew(89)) - 5aa0106d-b151-48db-b175-21e2bb54d20a: addNew group-2BBC40871E24:[a4a68fdc-9c21-417a-8215-14845568ad90:192.168.164.193:36183, 5aa0106d-b151-48db-b175-21e2bb54d20a:192.168.164.193:45972, bb175ec5-5e98-4251-9728-8e1e745e4fa1:192.168.164.193:34373] returns group-2BBC40871E24:java.util.concurrent.CompletableFuture@5bc1b037[Not completed]
2019-10-28 11:33:21,400 [grpc-default-executor-2] INFO  impl.RaftServerProxy (RaftServerProxy.java:addNew(89)) - bb175ec5-5e98-4251-9728-8e1e745e4fa1: addNew group-2BBC40871E24:[a4a68fdc-9c21-417a-8215-14845568ad90:192.168.164.193:36183, 5aa0106d-b151-48db-b175-21e2bb54d20a:192.168.164.193:45972, bb175ec5-5e98-4251-9728-8e1e745e4fa1:192.168.164.193:34373] returns group-2BBC40871E24:java.util.concurrent.CompletableFuture@1bf3657[Not completed]
2019-10-28 11:33:21,402 [5aa0106d-b151-48db-b175-21e2bb54d20a@group-B544DC8DD2A2-SegmentedRaftLogWorker] INFO  segmented.SegmentedRaftLogWorker (SegmentedRaftLogWorker.java:execute(576)) - 5aa0106d-b151-48db-b175-21e2bb54d20a@group-B544DC8DD2A2-SegmentedRaftLogWorker: created new log segment /workdir/hadoop-ozone/integration-test/target/test-dir/MiniOzoneClusterImpl-32030326-9f4e-4c1d-8269-b77a585e0de7/datanode-0/data/ratis/200bd36f-aff2-4fa6-a9b2-b544dc8dd2a2/current/log_inprogress_0
2019-10-28 11:33:21,404 [pool-47-thread-1] INFO  impl.RaftServerImpl (RaftServerImpl.java:<init>(104)) - a4a68fdc-9c21-417a-8215-14845568ad90: new RaftServerImpl for group-2BBC40871E24:[a4a68fdc-9c21-417a-8215-14845568ad90:192.168.164.193:36183, 5aa0106d-b151-48db-b175-21e2bb54d20a:192.168.164.193:45972, bb175ec5-5e98-4251-9728-8e1e745e4fa1:192.168.164.193:34373] with ContainerStateMachine:uninitialized
2019-10-28 11:33:21,404 [pool-47-thread-1] INFO  server.RaftServerConfigKeys (ConfUtils.java:logGet(43)) - raft.server.rpc.timeout.min = 5s (custom)
2019-10-28 11:33:21,404 [pool-47-thread-1] INFO  server.RaftServerConfigKeys (ConfUtils.java:logGet(43)) - raft.server.rpc.timeout.max = 5200ms (custom)
2019-10-28 11:33:21,404 [pool-47-thread-1] INFO  server.RaftServerConfigKeys (ConfUtils.java:logGet(43)) - raft.server.rpcslowness.timeout = 1000s (custom)
2019-10-28 11:33:21,404 [pool-47-thread-1] INFO  server.RaftServerConfigKeys (ConfUtils.java:logGet(43)) - raft.server.sleep.deviation.threshold = 300 (default)
2019-10-28 11:33:21,405 [pool-47-thread-1] INFO  server.RaftServerConfigKeys (ConfUtils.java:logGet(43)) - raft.server.log.appender.install.snapshot.enabled = false (custom)
2019-10-28 11:33:21,405 [pool-27-thread-1] INFO  impl.RaftServerImpl (RaftServerImpl.java:<init>(104)) - 5aa0106d-b151-48db-b175-21e2bb54d20a: new RaftServerImpl for group-2BBC40871E24:[a4a68fdc-9c21-417a-8215-14845568ad90:192.168.164.193:36183, 5aa0106d-b151-48db-b175-21e2bb54d20a:192.168.164.193:45972, bb175ec5-5e98-4251-9728-8e1e745e4fa1:192.168.164.193:34373] with ContainerStateMachine:uninitialized
2019-10-28 11:33:21,405 [pool-47-thread-1] INFO  impl.RaftServerImpl (ServerState.java:<init>(103)) - a4a68fdc-9c21-417a-8215-14845568ad90@group-2BBC40871E24: ConfigurationManager, init=-1: [a4a68fdc-9c21-417a-8215-14845568ad90:192.168.164.193:36183, 5aa0106d-b151-48db-b175-21e2bb54d20a:192.168.164.193:45972, bb175ec5-5e98-4251-9728-8e1e745e4fa1:192.168.164.193:34373], old=null, confs=<EMPTY_MAP>
2019-10-28 11:33:21,405 [pool-27-thread-1] INFO  server.RaftServerConfigKeys (ConfUtils.java:logGet(43)) - raft.server.rpc.timeout.min = 5s (custom)
2019-10-28 11:33:21,405 [pool-27-thread-1] INFO  server.RaftServerConfigKeys (ConfUtils.java:logGet(43)) - raft.server.rpc.timeout.max = 5200ms (custom)
2019-10-28 11:33:21,405 [pool-47-thread-1] INFO  server.RaftServerConfigKeys (ConfUtils.java:logGet(43)) - raft.server.storage.dir = [/workdir/hadoop-ozone/integration-test/target/test-dir/MiniOzoneClusterImpl-32030326-9f4e-4c1d-8269-b77a585e0de7/datanode-2/data/ratis] (custom)
2019-10-28 11:33:21,405 [pool-27-thread-1] INFO  server.RaftServerConfigKeys (ConfUtils.java:logGet(43)) - raft.server.rpcslowness.timeout = 1000s (custom)
2019-10-28 11:33:21,406 [pool-27-thread-1] INFO  server.RaftServerConfigKeys (ConfUtils.java:logGet(43)) - raft.server.sleep.deviation.threshold = 300 (default)
2019-10-28 11:33:21,406 [pool-47-thread-1] INFO  server.RaftServerConfigKeys (ConfUtils.java:logGet(43)) - raft.server.log.corruption.policy = EXCEPTION (default)
2019-10-28 11:33:21,406 [pool-37-thread-1] INFO  impl.RaftServerImpl (RaftServerImpl.java:<init>(104)) - bb175ec5-5e98-4251-9728-8e1e745e4fa1: new RaftServerImpl for group-2BBC40871E24:[a4a68fdc-9c21-417a-8215-14845568ad90:192.168.164.193:36183, 5aa0106d-b151-48db-b175-21e2bb54d20a:192.168.164.193:45972, bb175ec5-5e98-4251-9728-8e1e745e4fa1:192.168.164.193:34373] with ContainerStateMachine:uninitialized
2019-10-28 11:33:21,406 [pool-27-thread-1] INFO  server.RaftServerConfigKeys (ConfUtils.java:logGet(43)) - raft.server.log.appender.install.snapshot.enabled = false (custom)
2019-10-28 11:33:21,406 [pool-37-thread-1] INFO  server.RaftServerConfigKeys (ConfUtils.java:logGet(43)) - raft.server.rpc.timeout.min = 5s (custom)
2019-10-28 11:33:21,406 [pool-47-thread-1] INFO  storage.RaftStorageDirectory (RaftStorageDirectory.java:analyzeStorage(246)) - The storage directory /workdir/hadoop-ozone/integration-test/target/test-dir/MiniOzoneClusterImpl-32030326-9f4e-4c1d-8269-b77a585e0de7/datanode-2/data/ratis/673f7971-0954-4a65-9d1b-2bbc40871e24 does not exist. Creating ...
2019-10-28 11:33:21,406 [pool-37-thread-1] INFO  server.RaftServerConfigKeys (ConfUtils.java:logGet(43)) - raft.server.rpc.timeout.max = 5200ms (custom)
2019-10-28 11:33:21,406 [pool-27-thread-1] INFO  impl.RaftServerImpl (ServerState.java:<init>(103)) - 5aa0106d-b151-48db-b175-21e2bb54d20a@group-2BBC40871E24: ConfigurationManager, init=-1: [a4a68fdc-9c21-417a-8215-14845568ad90:192.168.164.193:36183, 5aa0106d-b151-48db-b175-21e2bb54d20a:192.168.164.193:45972, bb175ec5-5e98-4251-9728-8e1e745e4fa1:192.168.164.193:34373], old=null, confs=<EMPTY_MAP>
2019-10-28 11:33:21,407 [pool-37-thread-1] INFO  server.RaftServerConfigKeys (ConfUtils.java:logGet(43)) - raft.server.rpcslowness.timeout = 1000s (custom)
2019-10-28 11:33:21,407 [pool-37-thread-1] INFO  server.RaftServerConfigKeys (ConfUtils.java:logGet(43)) - raft.server.sleep.deviation.threshold = 300 (default)
2019-10-28 11:33:21,407 [pool-27-thread-1] INFO  server.RaftServerConfigKeys (ConfUtils.java:logGet(43)) - raft.server.storage.dir = [/workdir/hadoop-ozone/integration-test/target/test-dir/MiniOzoneClusterImpl-32030326-9f4e-4c1d-8269-b77a585e0de7/datanode-0/data/ratis] (custom)
2019-10-28 11:33:21,407 [pool-37-thread-1] INFO  server.RaftServerConfigKeys (ConfUtils.java:logGet(43)) - raft.server.log.appender.install.snapshot.enabled = false (custom)
2019-10-28 11:33:21,407 [pool-37-thread-1] INFO  impl.RaftServerImpl (ServerState.java:<init>(103)) - bb175ec5-5e98-4251-9728-8e1e745e4fa1@group-2BBC40871E24: ConfigurationManager, init=-1: [a4a68fdc-9c21-417a-8215-14845568ad90:192.168.164.193:36183, 5aa0106d-b151-48db-b175-21e2bb54d20a:192.168.164.193:45972, bb175ec5-5e98-4251-9728-8e1e745e4fa1:192.168.164.193:34373], old=null, confs=<EMPTY_MAP>
2019-10-28 11:33:21,407 [pool-27-thread-1] INFO  server.RaftServerConfigKeys (ConfUtils.java:logGet(43)) - raft.server.log.corruption.policy = EXCEPTION (default)
2019-10-28 11:33:21,407 [pool-37-thread-1] INFO  server.RaftServerConfigKeys (ConfUtils.java:logGet(43)) - raft.server.storage.dir = [/workdir/hadoop-ozone/integration-test/target/test-dir/MiniOzoneClusterImpl-32030326-9f4e-4c1d-8269-b77a585e0de7/datanode-1/data/ratis] (custom)
2019-10-28 11:33:21,408 [pool-27-thread-1] INFO  storage.RaftStorageDirectory (RaftStorageDirectory.java:analyzeStorage(246)) - The storage directory /workdir/hadoop-ozone/integration-test/target/test-dir/MiniOzoneClusterImpl-32030326-9f4e-4c1d-8269-b77a585e0de7/datanode-0/data/ratis/673f7971-0954-4a65-9d1b-2bbc40871e24 does not exist. Creating ...
2019-10-28 11:33:21,408 [pool-37-thread-1] INFO  server.RaftServerConfigKeys (ConfUtils.java:logGet(43)) - raft.server.log.corruption.policy = EXCEPTION (default)
2019-10-28 11:33:21,408 [pool-37-thread-1] INFO  storage.RaftStorageDirectory (RaftStorageDirectory.java:analyzeStorage(246)) - The storage directory /workdir/hadoop-ozone/integration-test/target/test-dir/MiniOzoneClusterImpl-32030326-9f4e-4c1d-8269-b77a585e0de7/datanode-1/data/ratis/673f7971-0954-4a65-9d1b-2bbc40871e24 does not exist. Creating ...
2019-10-28 11:33:21,414 [pool-37-thread-1] INFO  storage.RaftStorageDirectory (RaftStorageDirectory.java:tryLock(328)) - Lock on /workdir/hadoop-ozone/integration-test/target/test-dir/MiniOzoneClusterImpl-32030326-9f4e-4c1d-8269-b77a585e0de7/datanode-1/data/ratis/673f7971-0954-4a65-9d1b-2bbc40871e24/in_use.lock acquired by nodename 15197@pr-hdds-2292-97wmq-4261317731
2019-10-28 11:33:21,414 [pool-47-thread-1] INFO  storage.RaftStorageDirectory (RaftStorageDirectory.java:tryLock(328)) - Lock on /workdir/hadoop-ozone/integration-test/target/test-dir/MiniOzoneClusterImpl-32030326-9f4e-4c1d-8269-b77a585e0de7/datanode-2/data/ratis/673f7971-0954-4a65-9d1b-2bbc40871e24/in_use.lock acquired by nodename 15197@pr-hdds-2292-97wmq-4261317731
2019-10-28 11:33:21,414 [pool-27-thread-1] INFO  storage.RaftStorageDirectory (RaftStorageDirectory.java:tryLock(328)) - Lock on /workdir/hadoop-ozone/integration-test/target/test-dir/MiniOzoneClusterImpl-32030326-9f4e-4c1d-8269-b77a585e0de7/datanode-0/data/ratis/673f7971-0954-4a65-9d1b-2bbc40871e24/in_use.lock acquired by nodename 15197@pr-hdds-2292-97wmq-4261317731
2019-10-28 11:33:21,428 [pool-37-thread-1] INFO  storage.RaftStorage (RaftStorage.java:format(84)) - Storage directory /workdir/hadoop-ozone/integration-test/target/test-dir/MiniOzoneClusterImpl-32030326-9f4e-4c1d-8269-b77a585e0de7/datanode-1/data/ratis/673f7971-0954-4a65-9d1b-2bbc40871e24 has been successfully formatted.
2019-10-28 11:33:21,428 [pool-47-thread-1] INFO  storage.RaftStorage (RaftStorage.java:format(84)) - Storage directory /workdir/hadoop-ozone/integration-test/target/test-dir/MiniOzoneClusterImpl-32030326-9f4e-4c1d-8269-b77a585e0de7/datanode-2/data/ratis/673f7971-0954-4a65-9d1b-2bbc40871e24 has been successfully formatted.
2019-10-28 11:33:21,428 [pool-27-thread-1] INFO  storage.RaftStorage (RaftStorage.java:format(84)) - Storage directory /workdir/hadoop-ozone/integration-test/target/test-dir/MiniOzoneClusterImpl-32030326-9f4e-4c1d-8269-b77a585e0de7/datanode-0/data/ratis/673f7971-0954-4a65-9d1b-2bbc40871e24 has been successfully formatted.
2019-10-28 11:33:21,429 [pool-37-thread-1] INFO  ratis.ContainerStateMachine (ContainerStateMachine.java:loadSnapshot(231)) - group-2BBC40871E24: The snapshot info is null. Setting the last applied indexto:(t:0, i:~)
2019-10-28 11:33:21,429 [pool-47-thread-1] INFO  ratis.ContainerStateMachine (ContainerStateMachine.java:loadSnapshot(231)) - group-2BBC40871E24: The snapshot info is null. Setting the last applied indexto:(t:0, i:~)
2019-10-28 11:33:21,429 [pool-37-thread-1] INFO  server.RaftServerConfigKeys (ConfUtils.java:logGet(43)) - raft.server.notification.no-leader.timeout = 1000s (custom)
2019-10-28 11:33:21,429 [pool-47-thread-1] INFO  server.RaftServerConfigKeys (ConfUtils.java:logGet(43)) - raft.server.notification.no-leader.timeout = 1000s (custom)
2019-10-28 11:33:21,429 [pool-27-thread-1] INFO  ratis.ContainerStateMachine (ContainerStateMachine.java:loadSnapshot(231)) - group-2BBC40871E24: The snapshot info is null. Setting the last applied indexto:(t:0, i:~)
2019-10-28 11:33:21,429 [pool-47-thread-1] INFO  server.RaftServerConfigKeys (ConfUtils.java:logGet(43)) - raft.server.log.use.memory = false (default)
2019-10-28 11:33:21,429 [pool-37-thread-1] INFO  server.RaftServerConfigKeys (ConfUtils.java:logGet(43)) - raft.server.log.use.memory = false (default)
2019-10-28 11:33:21,429 [pool-47-thread-1] INFO  server.RaftServerConfigKeys (ConfUtils.java:logGet(43)) - raft.server.log.purge.gap = 1000000 (custom)
2019-10-28 11:33:21,429 [pool-27-thread-1] INFO  server.RaftServerConfigKeys (ConfUtils.java:logGet(43)) - raft.server.notification.no-leader.timeout = 1000s (custom)
2019-10-28 11:33:21,430 [pool-47-thread-1] INFO  server.RaftServerConfigKeys (ConfUtils.java:logGet(43)) - raft.server.log.appender.buffer.byte-limit = 33554432 (custom)
2019-10-28 11:33:21,430 [pool-37-thread-1] INFO  server.RaftServerConfigKeys (ConfUtils.java:logGet(43)) - raft.server.log.purge.gap = 1000000 (custom)
2019-10-28 11:33:21,430 [pool-47-thread-1] INFO  server.RaftServerConfigKeys (ConfUtils.java:logGet(43)) - raft.server.log.segment.size.max = 1048576 (custom)
2019-10-28 11:33:21,430 [pool-27-thread-1] INFO  server.RaftServerConfigKeys (ConfUtils.java:logGet(43)) - raft.server.log.use.memory = false (default)
2019-10-28 11:33:21,430 [pool-37-thread-1] INFO  server.RaftServerConfigKeys (ConfUtils.java:logGet(43)) - raft.server.log.appender.buffer.byte-limit = 33554432 (custom)
2019-10-28 11:33:21,430 [pool-27-thread-1] INFO  server.RaftServerConfigKeys (ConfUtils.java:logGet(43)) - raft.server.log.purge.gap = 1000000 (custom)
2019-10-28 11:33:21,430 [pool-47-thread-1] INFO  server.RaftServerConfigKeys (ConfUtils.java:logGet(43)) - raft.server.log.segment.cache.num.max = 2 (custom)
2019-10-28 11:33:21,430 [pool-27-thread-1] INFO  server.RaftServerConfigKeys (ConfUtils.java:logGet(43)) - raft.server.log.appender.buffer.byte-limit = 33554432 (custom)
2019-10-28 11:33:21,430 [pool-37-thread-1] INFO  server.RaftServerConfigKeys (ConfUtils.java:logGet(43)) - raft.server.log.segment.size.max = 1048576 (custom)
2019-10-28 11:33:21,431 [pool-27-thread-1] INFO  server.RaftServerConfigKeys (ConfUtils.java:logGet(43)) - raft.server.log.segment.size.max = 1048576 (custom)
2019-10-28 11:33:21,430 [pool-47-thread-1] INFO  segmented.SegmentedRaftLogWorker (SegmentedRaftLogWorker.java:<init>(173)) - new a4a68fdc-9c21-417a-8215-14845568ad90@group-2BBC40871E24-SegmentedRaftLogWorker for RaftStorage:Storage Directory /workdir/hadoop-ozone/integration-test/target/test-dir/MiniOzoneClusterImpl-32030326-9f4e-4c1d-8269-b77a585e0de7/datanode-2/data/ratis/673f7971-0954-4a65-9d1b-2bbc40871e24
2019-10-28 11:33:21,431 [pool-27-thread-1] INFO  server.RaftServerConfigKeys (ConfUtils.java:logGet(43)) - raft.server.log.segment.cache.num.max = 2 (custom)
2019-10-28 11:33:21,431 [pool-37-thread-1] INFO  server.RaftServerConfigKeys (ConfUtils.java:logGet(43)) - raft.server.log.segment.cache.num.max = 2 (custom)
2019-10-28 11:33:21,431 [pool-27-thread-1] INFO  segmented.SegmentedRaftLogWorker (SegmentedRaftLogWorker.java:<init>(173)) - new 5aa0106d-b151-48db-b175-21e2bb54d20a@group-2BBC40871E24-SegmentedRaftLogWorker for RaftStorage:Storage Directory /workdir/hadoop-ozone/integration-test/target/test-dir/MiniOzoneClusterImpl-32030326-9f4e-4c1d-8269-b77a585e0de7/datanode-0/data/ratis/673f7971-0954-4a65-9d1b-2bbc40871e24
2019-10-28 11:33:21,431 [pool-47-thread-1] INFO  server.RaftServerConfigKeys (ConfUtils.java:logGet(43)) - raft.server.log.queue.byte-limit = 2147483647 (custom)
2019-10-28 11:33:21,431 [pool-27-thread-1] INFO  server.RaftServerConfigKeys (ConfUtils.java:logGet(43)) - raft.server.log.queue.byte-limit = 2147483647 (custom)
2019-10-28 11:33:21,431 [pool-37-thread-1] INFO  segmented.SegmentedRaftLogWorker (SegmentedRaftLogWorker.java:<init>(173)) - new bb175ec5-5e98-4251-9728-8e1e745e4fa1@group-2BBC40871E24-SegmentedRaftLogWorker for RaftStorage:Storage Directory /workdir/hadoop-ozone/integration-test/target/test-dir/MiniOzoneClusterImpl-32030326-9f4e-4c1d-8269-b77a585e0de7/datanode-1/data/ratis/673f7971-0954-4a65-9d1b-2bbc40871e24
2019-10-28 11:33:21,431 [pool-27-thread-1] INFO  server.RaftServerConfigKeys (ConfUtils.java:logGet(43)) - raft.server.log.queue.element-limit = 1024 (custom)
2019-10-28 11:33:21,431 [pool-47-thread-1] INFO  server.RaftServerConfigKeys (ConfUtils.java:logGet(43)) - raft.server.log.queue.element-limit = 1024 (custom)
2019-10-28 11:33:21,432 [pool-27-thread-1] INFO  server.RaftServerConfigKeys (ConfUtils.java:logGet(43)) - raft.server.log.segment.size.max = 1048576 (custom)
2019-10-28 11:33:21,431 [pool-37-thread-1] INFO  server.RaftServerConfigKeys (ConfUtils.java:logGet(43)) - raft.server.log.queue.byte-limit = 2147483647 (custom)
2019-10-28 11:33:21,432 [pool-27-thread-1] INFO  server.RaftServerConfigKeys (ConfUtils.java:logGet(43)) - raft.server.log.preallocated.size = 16384 (custom)
2019-10-28 11:33:21,432 [pool-47-thread-1] INFO  server.RaftServerConfigKeys (ConfUtils.java:logGet(43)) - raft.server.log.segment.size.max = 1048576 (custom)
2019-10-28 11:33:21,432 [pool-27-thread-1] INFO  server.RaftServerConfigKeys (ConfUtils.java:logGet(43)) - raft.server.log.write.buffer.size = 33554432 (custom)
2019-10-28 11:33:21,432 [pool-37-thread-1] INFO  server.RaftServerConfigKeys (ConfUtils.java:logGet(43)) - raft.server.log.queue.element-limit = 1024 (custom)
2019-10-28 11:33:21,432 [pool-27-thread-1] INFO  server.RaftServerConfigKeys (ConfUtils.java:logGet(43)) - raft.server.log.force.sync.num = 128 (default)
2019-10-28 11:33:21,432 [pool-47-thread-1] INFO  server.RaftServerConfigKeys (ConfUtils.java:logGet(43)) - raft.server.log.preallocated.size = 16384 (custom)
2019-10-28 11:33:21,432 [pool-27-thread-1] INFO  server.RaftServerConfigKeys (ConfUtils.java:logGet(43)) - raft.server.log.statemachine.data.sync = true (default)
2019-10-28 11:33:21,432 [pool-37-thread-1] INFO  server.RaftServerConfigKeys (ConfUtils.java:logGet(43)) - raft.server.log.segment.size.max = 1048576 (custom)
2019-10-28 11:33:21,433 [pool-27-thread-1] INFO  server.RaftServerConfigKeys (ConfUtils.java:logGet(43)) - raft.server.log.statemachine.data.sync.timeout = 10s (default)
2019-10-28 11:33:21,432 [pool-47-thread-1] INFO  server.RaftServerConfigKeys (ConfUtils.java:logGet(43)) - raft.server.log.write.buffer.size = 33554432 (custom)
2019-10-28 11:33:21,433 [pool-27-thread-1] INFO  server.RaftServerConfigKeys (ConfUtils.java:logGet(43)) - raft.server.log.statemachine.data.sync.timeout.retry = -1 (default)
2019-10-28 11:33:21,433 [pool-37-thread-1] INFO  server.RaftServerConfigKeys (ConfUtils.java:logGet(43)) - raft.server.log.preallocated.size = 16384 (custom)
2019-10-28 11:33:21,433 [pool-47-thread-1] INFO  server.RaftServerConfigKeys (ConfUtils.java:logGet(43)) - raft.server.log.force.sync.num = 128 (default)
2019-10-28 11:33:21,433 [pool-37-thread-1] INFO  server.RaftServerConfigKeys (ConfUtils.java:logGet(43)) - raft.server.log.write.buffer.size = 33554432 (custom)
2019-10-28 11:33:21,433 [pool-27-thread-1] INFO  server.RaftServerConfigKeys (ConfUtils.java:logGet(43)) - raft.server.log.statemachine.data.caching.enabled = true (custom)
2019-10-28 11:33:21,433 [pool-37-thread-1] INFO  server.RaftServerConfigKeys (ConfUtils.java:logGet(43)) - raft.server.log.force.sync.num = 128 (default)
2019-10-28 11:33:21,433 [pool-47-thread-1] INFO  server.RaftServerConfigKeys (ConfUtils.java:logGet(43)) - raft.server.log.statemachine.data.sync = true (default)
2019-10-28 11:33:21,434 [pool-27-thread-1] INFO  segmented.SegmentedRaftLogWorker (SegmentedRaftLogWorker.java:lambda$new$0(128)) - 5aa0106d-b151-48db-b175-21e2bb54d20a@group-2BBC40871E24-SegmentedRaftLogWorker: flushIndex: setUnconditionally 0 -> -1
2019-10-28 11:33:21,433 [pool-37-thread-1] INFO  server.RaftServerConfigKeys (ConfUtils.java:logGet(43)) - raft.server.log.statemachine.data.sync = true (default)
2019-10-28 11:33:21,434 [pool-47-thread-1] INFO  server.RaftServerConfigKeys (ConfUtils.java:logGet(43)) - raft.server.log.statemachine.data.sync.timeout = 10s (default)
2019-10-28 11:33:21,434 [pool-37-thread-1] INFO  server.RaftServerConfigKeys (ConfUtils.java:logGet(43)) - raft.server.log.statemachine.data.sync.timeout = 10s (default)
2019-10-28 11:33:21,434 [pool-47-thread-1] INFO  server.RaftServerConfigKeys (ConfUtils.java:logGet(43)) - raft.server.log.statemachine.data.sync.timeout.retry = -1 (default)
2019-10-28 11:33:21,434 [pool-27-thread-1] INFO  server.RaftServerConfigKeys (ConfUtils.java:logGet(43)) - raft.server.snapshot.auto.trigger.enabled = true (custom)
2019-10-28 11:33:21,434 [pool-37-thread-1] INFO  server.RaftServerConfigKeys (ConfUtils.java:logGet(43)) - raft.server.log.statemachine.data.sync.timeout.retry = -1 (default)
2019-10-28 11:33:21,434 [pool-27-thread-1] INFO  server.RaftServerConfigKeys (ConfUtils.java:logGet(43)) - raft.server.snapshot.auto.trigger.threshold = 10000 (custom)
2019-10-28 11:33:21,434 [pool-47-thread-1] INFO  server.RaftServerConfigKeys (ConfUtils.java:logGet(43)) - raft.server.log.statemachine.data.caching.enabled = true (custom)
2019-10-28 11:33:21,434 [pool-37-thread-1] INFO  server.RaftServerConfigKeys (ConfUtils.java:logGet(43)) - raft.server.log.statemachine.data.caching.enabled = true (custom)
2019-10-28 11:33:21,434 [pool-27-thread-1] INFO  server.RaftServerConfigKeys (ConfUtils.java:logGet(43)) - raft.server.snapshot.retention.file.num = 5 (custom)
2019-10-28 11:33:21,435 [pool-47-thread-1] INFO  segmented.SegmentedRaftLogWorker (SegmentedRaftLogWorker.java:lambda$new$0(128)) - a4a68fdc-9c21-417a-8215-14845568ad90@group-2BBC40871E24-SegmentedRaftLogWorker: flushIndex: setUnconditionally 0 -> -1
2019-10-28 11:33:21,435 [pool-27-thread-1] INFO  server.RaftServerConfigKeys (ConfUtils.java:logGet(43)) - raft.server.retrycache.expirytime = 600000ms (custom)
2019-10-28 11:33:21,435 [pool-37-thread-1] INFO  segmented.SegmentedRaftLogWorker (SegmentedRaftLogWorker.java:lambda$new$0(128)) - bb175ec5-5e98-4251-9728-8e1e745e4fa1@group-2BBC40871E24-SegmentedRaftLogWorker: flushIndex: setUnconditionally 0 -> -1
2019-10-28 11:33:21,435 [pool-47-thread-1] INFO  server.RaftServerConfigKeys (ConfUtils.java:logGet(43)) - raft.server.snapshot.auto.trigger.enabled = true (custom)
2019-10-28 11:33:21,435 [pool-47-thread-1] INFO  server.RaftServerConfigKeys (ConfUtils.java:logGet(43)) - raft.server.snapshot.auto.trigger.threshold = 10000 (custom)
2019-10-28 11:33:21,435 [pool-37-thread-1] INFO  server.RaftServerConfigKeys (ConfUtils.java:logGet(43)) - raft.server.snapshot.auto.trigger.enabled = true (custom)
2019-10-28 11:33:21,435 [pool-47-thread-1] INFO  server.RaftServerConfigKeys (ConfUtils.java:logGet(43)) - raft.server.snapshot.retention.file.num = 5 (custom)
2019-10-28 11:33:21,435 [pool-37-thread-1] INFO  server.RaftServerConfigKeys (ConfUtils.java:logGet(43)) - raft.server.snapshot.auto.trigger.threshold = 10000 (custom)
2019-10-28 11:33:21,436 [pool-47-thread-1] INFO  server.RaftServerConfigKeys (ConfUtils.java:logGet(43)) - raft.server.retrycache.expirytime = 600000ms (custom)
2019-10-28 11:33:21,436 [pool-37-thread-1] INFO  server.RaftServerConfigKeys (ConfUtils.java:logGet(43)) - raft.server.snapshot.retention.file.num = 5 (custom)
2019-10-28 11:33:21,436 [pool-37-thread-1] INFO  server.RaftServerConfigKeys (ConfUtils.java:logGet(43)) - raft.server.retrycache.expirytime = 600000ms (custom)
2019-10-28 11:33:21,438 [pool-27-thread-1] INFO  impl.RaftServerImpl (RaftServerImpl.java:start(195)) - 5aa0106d-b151-48db-b175-21e2bb54d20a@group-2BBC40871E24: start as a follower, conf=-1: [a4a68fdc-9c21-417a-8215-14845568ad90:192.168.164.193:36183, 5aa0106d-b151-48db-b175-21e2bb54d20a:192.168.164.193:45972, bb175ec5-5e98-4251-9728-8e1e745e4fa1:192.168.164.193:34373], old=null
2019-10-28 11:33:21,438 [pool-27-thread-1] INFO  impl.RaftServerImpl (RaftServerImpl.java:setRole(184)) - 5aa0106d-b151-48db-b175-21e2bb54d20a@group-2BBC40871E24: changes role from      null to FOLLOWER at term 0 for startAsFollower
2019-10-28 11:33:21,439 [pool-27-thread-1] INFO  impl.RoleInfo (RoleInfo.java:updateAndGet(143)) - 5aa0106d-b151-48db-b175-21e2bb54d20a: start FollowerState
2019-10-28 11:33:21,439 [pool-27-thread-1] INFO  util.JmxRegister (JmxRegister.java:tryRegister(44)) - Successfully registered JMX Bean with object name Ratis:service=RaftServer,group=group-2BBC40871E24,id=5aa0106d-b151-48db-b175-21e2bb54d20a
2019-10-28 11:33:21,439 [pool-47-thread-1] INFO  impl.RaftServerImpl (RaftServerImpl.java:start(195)) - a4a68fdc-9c21-417a-8215-14845568ad90@group-2BBC40871E24: start as a follower, conf=-1: [a4a68fdc-9c21-417a-8215-14845568ad90:192.168.164.193:36183, 5aa0106d-b151-48db-b175-21e2bb54d20a:192.168.164.193:45972, bb175ec5-5e98-4251-9728-8e1e745e4fa1:192.168.164.193:34373], old=null
2019-10-28 11:33:21,439 [pool-47-thread-1] INFO  impl.RaftServerImpl (RaftServerImpl.java:setRole(184)) - a4a68fdc-9c21-417a-8215-14845568ad90@group-2BBC40871E24: changes role from      null to FOLLOWER at term 0 for startAsFollower
2019-10-28 11:33:21,439 [pool-37-thread-1] INFO  impl.RaftServerImpl (RaftServerImpl.java:start(195)) - bb175ec5-5e98-4251-9728-8e1e745e4fa1@group-2BBC40871E24: start as a follower, conf=-1: [a4a68fdc-9c21-417a-8215-14845568ad90:192.168.164.193:36183, 5aa0106d-b151-48db-b175-21e2bb54d20a:192.168.164.193:45972, bb175ec5-5e98-4251-9728-8e1e745e4fa1:192.168.164.193:34373], old=null
2019-10-28 11:33:21,439 [pool-47-thread-1] INFO  impl.RoleInfo (RoleInfo.java:updateAndGet(143)) - a4a68fdc-9c21-417a-8215-14845568ad90: start FollowerState
2019-10-28 11:33:21,439 [pool-37-thread-1] INFO  impl.RaftServerImpl (RaftServerImpl.java:setRole(184)) - bb175ec5-5e98-4251-9728-8e1e745e4fa1@group-2BBC40871E24: changes role from      null to FOLLOWER at term 0 for startAsFollower
2019-10-28 11:33:21,440 [pool-37-thread-1] INFO  impl.RoleInfo (RoleInfo.java:updateAndGet(143)) - bb175ec5-5e98-4251-9728-8e1e745e4fa1: start FollowerState
2019-10-28 11:33:21,440 [pool-47-thread-1] INFO  util.JmxRegister (JmxRegister.java:tryRegister(44)) - Successfully registered JMX Bean with object name Ratis:service=RaftServer,group=group-2BBC40871E24,id=a4a68fdc-9c21-417a-8215-14845568ad90
2019-10-28 11:33:21,440 [pool-37-thread-1] INFO  util.JmxRegister (JmxRegister.java:tryRegister(44)) - Successfully registered JMX Bean with object name Ratis:service=RaftServer,group=group-2BBC40871E24,id=bb175ec5-5e98-4251-9728-8e1e745e4fa1
2019-10-28 11:33:21,452 [Thread-201] INFO  impl.FollowerState (FollowerState.java:run(108)) - bb175ec5-5e98-4251-9728-8e1e745e4fa1@group-2BBC40871E24-FollowerState: change to CANDIDATE, lastRpcTime:12ms, electionTimeout:11ms
2019-10-28 11:33:21,453 [Thread-201] INFO  impl.RoleInfo (RoleInfo.java:shutdownFollowerState(121)) - bb175ec5-5e98-4251-9728-8e1e745e4fa1: shutdown FollowerState
2019-10-28 11:33:21,453 [Thread-201] INFO  impl.RaftServerImpl (RaftServerImpl.java:setRole(184)) - bb175ec5-5e98-4251-9728-8e1e745e4fa1@group-2BBC40871E24: changes role from  FOLLOWER to CANDIDATE at term 0 for changeToCandidate
2019-10-28 11:33:21,454 [Thread-201] INFO  impl.RoleInfo (RoleInfo.java:updateAndGet(143)) - bb175ec5-5e98-4251-9728-8e1e745e4fa1: start LeaderElection
2019-10-28 11:33:21,456 [Thread-199] INFO  impl.FollowerState (FollowerState.java:run(108)) - 5aa0106d-b151-48db-b175-21e2bb54d20a@group-2BBC40871E24-FollowerState: change to CANDIDATE, lastRpcTime:17ms, electionTimeout:17ms
2019-10-28 11:33:21,458 [Thread-199] INFO  impl.RoleInfo (RoleInfo.java:shutdownFollowerState(121)) - 5aa0106d-b151-48db-b175-21e2bb54d20a: shutdown FollowerState
2019-10-28 11:33:21,459 [Thread-199] INFO  impl.RaftServerImpl (RaftServerImpl.java:setRole(184)) - 5aa0106d-b151-48db-b175-21e2bb54d20a@group-2BBC40871E24: changes role from  FOLLOWER to CANDIDATE at term 0 for changeToCandidate
2019-10-28 11:33:21,459 [Thread-199] INFO  impl.RoleInfo (RoleInfo.java:updateAndGet(143)) - 5aa0106d-b151-48db-b175-21e2bb54d20a: start LeaderElection
2019-10-28 11:33:21,461 [Thread-191] INFO  impl.FollowerState (FollowerState.java:run(108)) - bb175ec5-5e98-4251-9728-8e1e745e4fa1@group-F43D1284476B-FollowerState: change to CANDIDATE, lastRpcTime:197ms, electionTimeout:196ms
2019-10-28 11:33:21,462 [Thread-191] INFO  impl.RoleInfo (RoleInfo.java:shutdownFollowerState(121)) - bb175ec5-5e98-4251-9728-8e1e745e4fa1: shutdown FollowerState
2019-10-28 11:33:21,463 [Thread-191] INFO  impl.RaftServerImpl (RaftServerImpl.java:setRole(184)) - bb175ec5-5e98-4251-9728-8e1e745e4fa1@group-F43D1284476B: changes role from  FOLLOWER to CANDIDATE at term 0 for changeToCandidate
2019-10-28 11:33:21,465 [Thread-191] INFO  impl.RoleInfo (RoleInfo.java:updateAndGet(143)) - bb175ec5-5e98-4251-9728-8e1e745e4fa1: start LeaderElection
2019-10-28 11:33:21,470 [RatisPipelineUtilsThread] INFO  pipeline.PipelineStateManager (PipelineStateManager.java:addPipeline(56)) - Created pipeline Pipeline[ Id: 673f7971-0954-4a65-9d1b-2bbc40871e24, Nodes: bb175ec5-5e98-4251-9728-8e1e745e4fa1{ip: 192.168.164.193, host: pr-hdds-2292-97wmq-4261317731, networkLocation: /default-rack, certSerialId: null}a4a68fdc-9c21-417a-8215-14845568ad90{ip: 192.168.164.193, host: pr-hdds-2292-97wmq-4261317731, networkLocation: /default-rack, certSerialId: null}5aa0106d-b151-48db-b175-21e2bb54d20a{ip: 192.168.164.193, host: pr-hdds-2292-97wmq-4261317731, networkLocation: /default-rack, certSerialId: null}, Type:RATIS, Factor:THREE, State:OPEN]
2019-10-28 11:33:21,475 [bb175ec5-5e98-4251-9728-8e1e745e4fa1@group-F43D1284476B-LeaderElection4] INFO  impl.LeaderElection (LeaderElection.java:askForVotes(178)) - bb175ec5-5e98-4251-9728-8e1e745e4fa1@group-F43D1284476B-LeaderElection4: begin an election at term 1 for -1: [bb175ec5-5e98-4251-9728-8e1e745e4fa1:192.168.164.193:34373], old=null
2019-10-28 11:33:21,476 [bb175ec5-5e98-4251-9728-8e1e745e4fa1@group-2BBC40871E24-LeaderElection2] INFO  impl.LeaderElection (LeaderElection.java:askForVotes(178)) - bb175ec5-5e98-4251-9728-8e1e745e4fa1@group-2BBC40871E24-LeaderElection2: begin an election at term 1 for -1: [a4a68fdc-9c21-417a-8215-14845568ad90:192.168.164.193:36183, 5aa0106d-b151-48db-b175-21e2bb54d20a:192.168.164.193:45972, bb175ec5-5e98-4251-9728-8e1e745e4fa1:192.168.164.193:34373], old=null
2019-10-28 11:33:21,476 [bb175ec5-5e98-4251-9728-8e1e745e4fa1@group-F43D1284476B-LeaderElection4] INFO  impl.RoleInfo (RoleInfo.java:shutdownLeaderElection(134)) - bb175ec5-5e98-4251-9728-8e1e745e4fa1: shutdown LeaderElection
2019-10-28 11:33:21,475 [5aa0106d-b151-48db-b175-21e2bb54d20a@group-2BBC40871E24-LeaderElection3] INFO  impl.LeaderElection (LeaderElection.java:askForVotes(178)) - 5aa0106d-b151-48db-b175-21e2bb54d20a@group-2BBC40871E24-LeaderElection3: begin an election at term 1 for -1: [a4a68fdc-9c21-417a-8215-14845568ad90:192.168.164.193:36183, 5aa0106d-b151-48db-b175-21e2bb54d20a:192.168.164.193:45972, bb175ec5-5e98-4251-9728-8e1e745e4fa1:192.168.164.193:34373], old=null
2019-10-28 11:33:21,477 [bb175ec5-5e98-4251-9728-8e1e745e4fa1@group-F43D1284476B-LeaderElection4] INFO  impl.RaftServerImpl (RaftServerImpl.java:setRole(184)) - bb175ec5-5e98-4251-9728-8e1e745e4fa1@group-F43D1284476B: changes role from CANDIDATE to LEADER at term 1 for changeToLeader
2019-10-28 11:33:21,477 [bb175ec5-5e98-4251-9728-8e1e745e4fa1@group-F43D1284476B-LeaderElection4] INFO  impl.RaftServerImpl (ServerState.java:setLeader(256)) - bb175ec5-5e98-4251-9728-8e1e745e4fa1@group-F43D1284476B: change Leader from null to bb175ec5-5e98-4251-9728-8e1e745e4fa1 at term 1 for becomeLeader, leader elected after 254ms
2019-10-28 11:33:21,477 [bb175ec5-5e98-4251-9728-8e1e745e4fa1@group-F43D1284476B-LeaderElection4] INFO  server.RaftServerConfigKeys (ConfUtils.java:logGet(43)) - raft.server.staging.catchup.gap = 1000 (default)
2019-10-28 11:33:21,477 [bb175ec5-5e98-4251-9728-8e1e745e4fa1@group-F43D1284476B-LeaderElection4] INFO  server.RaftServerConfigKeys (ConfUtils.java:logGet(43)) - raft.server.rpc.sleep.time = 25ms (default)
2019-10-28 11:33:21,477 [bb175ec5-5e98-4251-9728-8e1e745e4fa1@group-F43D1284476B-LeaderElection4] INFO  server.RaftServerConfigKeys (ConfUtils.java:logGet(43)) - raft.server.write.element-limit = 4096 (default)
2019-10-28 11:33:21,478 [bb175ec5-5e98-4251-9728-8e1e745e4fa1@group-F43D1284476B-LeaderElection4] INFO  server.RaftServerConfigKeys (ConfUtils.java:logGet(43)) - raft.server.watch.timeout = 10s (default)
2019-10-28 11:33:21,478 [bb175ec5-5e98-4251-9728-8e1e745e4fa1@group-F43D1284476B-LeaderElection4] INFO  server.RaftServerConfigKeys (ConfUtils.java:logGet(43)) - raft.server.watch.timeout.denomination = 1s (default)
2019-10-28 11:33:21,478 [bb175ec5-5e98-4251-9728-8e1e745e4fa1@group-F43D1284476B-LeaderElection4] INFO  server.RaftServerConfigKeys (ConfUtils.java:logGet(43)) - raft.server.watch.element-limit = 65536 (default)
2019-10-28 11:33:21,481 [bb175ec5-5e98-4251-9728-8e1e745e4fa1@group-F43D1284476B-LeaderElection4] INFO  impl.RoleInfo (RoleInfo.java:updateAndGet(143)) - bb175ec5-5e98-4251-9728-8e1e745e4fa1: start LeaderState
2019-10-28 11:33:21,481 [bb175ec5-5e98-4251-9728-8e1e745e4fa1@group-F43D1284476B-LeaderElection4] INFO  segmented.SegmentedRaftLogWorker (SegmentedRaftLogWorker.java:startLogSegment(385)) - bb175ec5-5e98-4251-9728-8e1e745e4fa1@group-F43D1284476B-SegmentedRaftLogWorker: Starting segment from index:0
2019-10-28 11:33:21,482 [Thread-200] INFO  impl.FollowerState (FollowerState.java:run(108)) - a4a68fdc-9c21-417a-8215-14845568ad90@group-2BBC40871E24-FollowerState: change to CANDIDATE, lastRpcTime:42ms, electionTimeout:42ms
2019-10-28 11:33:21,482 [bb175ec5-5e98-4251-9728-8e1e745e4fa1@group-F43D1284476B-LeaderElection4] INFO  impl.RaftServerImpl (ServerState.java:setRaftConf(357)) - bb175ec5-5e98-4251-9728-8e1e745e4fa1@group-F43D1284476B: set configuration 0: [bb175ec5-5e98-4251-9728-8e1e745e4fa1:192.168.164.193:34373], old=null at 0
2019-10-28 11:33:21,482 [Thread-200] INFO  impl.RoleInfo (RoleInfo.java:shutdownFollowerState(121)) - a4a68fdc-9c21-417a-8215-14845568ad90: shutdown FollowerState
2019-10-28 11:33:21,504 [Thread-200] INFO  impl.RaftServerImpl (RaftServerImpl.java:setRole(184)) - a4a68fdc-9c21-417a-8215-14845568ad90@group-2BBC40871E24: changes role from  FOLLOWER to CANDIDATE at term 0 for changeToCandidate
2019-10-28 11:33:21,505 [Thread-200] INFO  impl.RoleInfo (RoleInfo.java:updateAndGet(143)) - a4a68fdc-9c21-417a-8215-14845568ad90: start LeaderElection
2019-10-28 11:33:21,507 [main] INFO  ozone.MiniOzoneClusterImpl (MiniOzoneClusterImpl.java:lambda$waitForClusterToBeReady$0(147)) - Cluster is ready. Got 3 of 3 DN Heartbeats.
2019-10-28 11:33:21,517 [bb175ec5-5e98-4251-9728-8e1e745e4fa1@group-F43D1284476B-SegmentedRaftLogWorker] INFO  segmented.SegmentedRaftLogWorker (SegmentedRaftLogWorker.java:execute(576)) - bb175ec5-5e98-4251-9728-8e1e745e4fa1@group-F43D1284476B-SegmentedRaftLogWorker: created new log segment /workdir/hadoop-ozone/integration-test/target/test-dir/MiniOzoneClusterImpl-32030326-9f4e-4c1d-8269-b77a585e0de7/datanode-1/data/ratis/547eaa47-286e-494b-bdcd-f43d1284476b/current/log_inprogress_0
2019-10-28 11:33:21,517 [a4a68fdc-9c21-417a-8215-14845568ad90@group-2BBC40871E24-LeaderElection5] INFO  impl.LeaderElection (LeaderElection.java:askForVotes(178)) - a4a68fdc-9c21-417a-8215-14845568ad90@group-2BBC40871E24-LeaderElection5: begin an election at term 1 for -1: [a4a68fdc-9c21-417a-8215-14845568ad90:192.168.164.193:36183, 5aa0106d-b151-48db-b175-21e2bb54d20a:192.168.164.193:45972, bb175ec5-5e98-4251-9728-8e1e745e4fa1:192.168.164.193:34373], old=null
2019-10-28 11:33:21,552 [Thread-194] INFO  impl.FollowerState (FollowerState.java:run(108)) - a4a68fdc-9c21-417a-8215-14845568ad90@group-EFC7D7A10E94-FollowerState: change to CANDIDATE, lastRpcTime:198ms, electionTimeout:198ms
2019-10-28 11:33:21,553 [Thread-194] INFO  impl.RoleInfo (RoleInfo.java:shutdownFollowerState(121)) - a4a68fdc-9c21-417a-8215-14845568ad90: shutdown FollowerState
2019-10-28 11:33:21,553 [Thread-194] INFO  impl.RaftServerImpl (RaftServerImpl.java:setRole(184)) - a4a68fdc-9c21-417a-8215-14845568ad90@group-EFC7D7A10E94: changes role from  FOLLOWER to CANDIDATE at term 0 for changeToCandidate
2019-10-28 11:33:21,553 [Thread-194] INFO  impl.RoleInfo (RoleInfo.java:updateAndGet(143)) - a4a68fdc-9c21-417a-8215-14845568ad90: start LeaderElection
2019-10-28 11:33:21,555 [bb175ec5-5e98-4251-9728-8e1e745e4fa1@group-2BBC40871E24-LeaderElection2] INFO  impl.LeaderElection (LeaderElection.java:logAndReturn(56)) - bb175ec5-5e98-4251-9728-8e1e745e4fa1@group-2BBC40871E24-LeaderElection2: Election REJECTED; received 2 response(s) [bb175ec5-5e98-4251-9728-8e1e745e4fa1<-a4a68fdc-9c21-417a-8215-14845568ad90#0:FAIL-t1, bb175ec5-5e98-4251-9728-8e1e745e4fa1<-5aa0106d-b151-48db-b175-21e2bb54d20a#0:FAIL-t1] and 0 exception(s); bb175ec5-5e98-4251-9728-8e1e745e4fa1@group-2BBC40871E24:t1, leader=null, voted=bb175ec5-5e98-4251-9728-8e1e745e4fa1, raftlog=bb175ec5-5e98-4251-9728-8e1e745e4fa1@group-2BBC40871E24-SegmentedRaftLog:OPENED:c-1,f-1,i0, conf=-1: [a4a68fdc-9c21-417a-8215-14845568ad90:192.168.164.193:36183, 5aa0106d-b151-48db-b175-21e2bb54d20a:192.168.164.193:45972, bb175ec5-5e98-4251-9728-8e1e745e4fa1:192.168.164.193:34373], old=null
2019-10-28 11:33:21,555 [5aa0106d-b151-48db-b175-21e2bb54d20a@group-2BBC40871E24-LeaderElection3] INFO  impl.LeaderElection (LeaderElection.java:logAndReturn(56)) - 5aa0106d-b151-48db-b175-21e2bb54d20a@group-2BBC40871E24-LeaderElection3: Election REJECTED; received 2 response(s) [5aa0106d-b151-48db-b175-21e2bb54d20a<-a4a68fdc-9c21-417a-8215-14845568ad90#0:FAIL-t1, 5aa0106d-b151-48db-b175-21e2bb54d20a<-bb175ec5-5e98-4251-9728-8e1e745e4fa1#0:FAIL-t1] and 0 exception(s); 5aa0106d-b151-48db-b175-21e2bb54d20a@group-2BBC40871E24:t1, leader=null, voted=5aa0106d-b151-48db-b175-21e2bb54d20a, raftlog=5aa0106d-b151-48db-b175-21e2bb54d20a@group-2BBC40871E24-SegmentedRaftLog:OPENED:c-1,f-1,i0, conf=-1: [a4a68fdc-9c21-417a-8215-14845568ad90:192.168.164.193:36183, 5aa0106d-b151-48db-b175-21e2bb54d20a:192.168.164.193:45972, bb175ec5-5e98-4251-9728-8e1e745e4fa1:192.168.164.193:34373], old=null
2019-10-28 11:33:21,555 [a4a68fdc-9c21-417a-8215-14845568ad90@group-2BBC40871E24-LeaderElection5] INFO  impl.LeaderElection (LeaderElection.java:logAndReturn(56)) - a4a68fdc-9c21-417a-8215-14845568ad90@group-2BBC40871E24-LeaderElection5: Election REJECTED; received 2 response(s) [a4a68fdc-9c21-417a-8215-14845568ad90<-5aa0106d-b151-48db-b175-21e2bb54d20a#0:FAIL-t1, a4a68fdc-9c21-417a-8215-14845568ad90<-bb175ec5-5e98-4251-9728-8e1e745e4fa1#0:FAIL-t1] and 0 exception(s); a4a68fdc-9c21-417a-8215-14845568ad90@group-2BBC40871E24:t1, leader=null, voted=a4a68fdc-9c21-417a-8215-14845568ad90, raftlog=a4a68fdc-9c21-417a-8215-14845568ad90@group-2BBC40871E24-SegmentedRaftLog:OPENED:c-1,f-1,i0, conf=-1: [a4a68fdc-9c21-417a-8215-14845568ad90:192.168.164.193:36183, 5aa0106d-b151-48db-b175-21e2bb54d20a:192.168.164.193:45972, bb175ec5-5e98-4251-9728-8e1e745e4fa1:192.168.164.193:34373], old=null
2019-10-28 11:33:21,559 [5aa0106d-b151-48db-b175-21e2bb54d20a@group-2BBC40871E24-LeaderElection3] INFO  impl.RaftServerImpl (RaftServerImpl.java:setRole(184)) - 5aa0106d-b151-48db-b175-21e2bb54d20a@group-2BBC40871E24: changes role from CANDIDATE to FOLLOWER at term 1 for DISCOVERED_A_NEW_TERM
2019-10-28 11:33:21,560 [bb175ec5-5e98-4251-9728-8e1e745e4fa1@group-2BBC40871E24-LeaderElection2] INFO  impl.RaftServerImpl (RaftServerImpl.java:setRole(184)) - bb175ec5-5e98-4251-9728-8e1e745e4fa1@group-2BBC40871E24: changes role from CANDIDATE to FOLLOWER at term 1 for DISCOVERED_A_NEW_TERM
2019-10-28 11:33:21,560 [a4a68fdc-9c21-417a-8215-14845568ad90@group-2BBC40871E24-LeaderElection5] INFO  impl.RaftServerImpl (RaftServerImpl.java:setRole(184)) - a4a68fdc-9c21-417a-8215-14845568ad90@group-2BBC40871E24: changes role from CANDIDATE to FOLLOWER at term 1 for DISCOVERED_A_NEW_TERM
2019-10-28 11:33:21,561 [bb175ec5-5e98-4251-9728-8e1e745e4fa1@group-2BBC40871E24-LeaderElection2] INFO  impl.RoleInfo (RoleInfo.java:shutdownLeaderElection(134)) - bb175ec5-5e98-4251-9728-8e1e745e4fa1: shutdown LeaderElection
2019-10-28 11:33:21,560 [5aa0106d-b151-48db-b175-21e2bb54d20a@group-2BBC40871E24-LeaderElection3] INFO  impl.RoleInfo (RoleInfo.java:shutdownLeaderElection(134)) - 5aa0106d-b151-48db-b175-21e2bb54d20a: shutdown LeaderElection
2019-10-28 11:33:21,561 [bb175ec5-5e98-4251-9728-8e1e745e4fa1@group-2BBC40871E24-LeaderElection2] INFO  impl.RoleInfo (RoleInfo.java:updateAndGet(143)) - bb175ec5-5e98-4251-9728-8e1e745e4fa1: start FollowerState
2019-10-28 11:33:21,561 [a4a68fdc-9c21-417a-8215-14845568ad90@group-2BBC40871E24-LeaderElection5] INFO  impl.RoleInfo (RoleInfo.java:shutdownLeaderElection(134)) - a4a68fdc-9c21-417a-8215-14845568ad90: shutdown LeaderElection
2019-10-28 11:33:21,562 [5aa0106d-b151-48db-b175-21e2bb54d20a@group-2BBC40871E24-LeaderElection3] INFO  impl.RoleInfo (RoleInfo.java:updateAndGet(143)) - 5aa0106d-b151-48db-b175-21e2bb54d20a: start FollowerState
2019-10-28 11:33:21,562 [a4a68fdc-9c21-417a-8215-14845568ad90@group-2BBC40871E24-LeaderElection5] INFO  impl.RoleInfo (RoleInfo.java:updateAndGet(143)) - a4a68fdc-9c21-417a-8215-14845568ad90: start FollowerState
2019-10-28 11:33:21,569 [a4a68fdc-9c21-417a-8215-14845568ad90@group-EFC7D7A10E94-LeaderElection6] INFO  impl.LeaderElection (LeaderElection.java:askForVotes(178)) - a4a68fdc-9c21-417a-8215-14845568ad90@group-EFC7D7A10E94-LeaderElection6: begin an election at term 1 for -1: [a4a68fdc-9c21-417a-8215-14845568ad90:192.168.164.193:36183], old=null
2019-10-28 11:33:21,569 [a4a68fdc-9c21-417a-8215-14845568ad90@group-EFC7D7A10E94-LeaderElection6] INFO  impl.RoleInfo (RoleInfo.java:shutdownLeaderElection(134)) - a4a68fdc-9c21-417a-8215-14845568ad90: shutdown LeaderElection
2019-10-28 11:33:21,569 [a4a68fdc-9c21-417a-8215-14845568ad90@group-EFC7D7A10E94-LeaderElection6] INFO  impl.RaftServerImpl (RaftServerImpl.java:setRole(184)) - a4a68fdc-9c21-417a-8215-14845568ad90@group-EFC7D7A10E94: changes role from CANDIDATE to LEADER at term 1 for changeToLeader
2019-10-28 11:33:21,569 [a4a68fdc-9c21-417a-8215-14845568ad90@group-EFC7D7A10E94-LeaderElection6] INFO  impl.RaftServerImpl (ServerState.java:setLeader(256)) - a4a68fdc-9c21-417a-8215-14845568ad90@group-EFC7D7A10E94: change Leader from null to a4a68fdc-9c21-417a-8215-14845568ad90 at term 1 for becomeLeader, leader elected after 234ms
2019-10-28 11:33:21,569 [a4a68fdc-9c21-417a-8215-14845568ad90@group-EFC7D7A10E94-LeaderElection6] INFO  server.RaftServerConfigKeys (ConfUtils.java:logGet(43)) - raft.server.staging.catchup.gap = 1000 (default)
2019-10-28 11:33:21,570 [a4a68fdc-9c21-417a-8215-14845568ad90@group-EFC7D7A10E94-LeaderElection6] INFO  server.RaftServerConfigKeys (ConfUtils.java:logGet(43)) - raft.server.rpc.sleep.time = 25ms (default)
2019-10-28 11:33:21,570 [a4a68fdc-9c21-417a-8215-14845568ad90@group-EFC7D7A10E94-LeaderElection6] INFO  server.RaftServerConfigKeys (ConfUtils.java:logGet(43)) - raft.server.write.element-limit = 4096 (default)
2019-10-28 11:33:21,570 [a4a68fdc-9c21-417a-8215-14845568ad90@group-EFC7D7A10E94-LeaderElection6] INFO  server.RaftServerConfigKeys (ConfUtils.java:logGet(43)) - raft.server.watch.timeout = 10s (default)
2019-10-28 11:33:21,570 [a4a68fdc-9c21-417a-8215-14845568ad90@group-EFC7D7A10E94-LeaderElection6] INFO  server.RaftServerConfigKeys (ConfUtils.java:logGet(43)) - raft.server.watch.timeout.denomination = 1s (default)
2019-10-28 11:33:21,570 [a4a68fdc-9c21-417a-8215-14845568ad90@group-EFC7D7A10E94-LeaderElection6] INFO  server.RaftServerConfigKeys (ConfUtils.java:logGet(43)) - raft.server.watch.element-limit = 65536 (default)
2019-10-28 11:33:21,573 [a4a68fdc-9c21-417a-8215-14845568ad90@group-EFC7D7A10E94-LeaderElection6] INFO  impl.RoleInfo (RoleInfo.java:updateAndGet(143)) - a4a68fdc-9c21-417a-8215-14845568ad90: start LeaderState
2019-10-28 11:33:21,573 [a4a68fdc-9c21-417a-8215-14845568ad90@group-EFC7D7A10E94-LeaderElection6] INFO  segmented.SegmentedRaftLogWorker (SegmentedRaftLogWorker.java:startLogSegment(385)) - a4a68fdc-9c21-417a-8215-14845568ad90@group-EFC7D7A10E94-SegmentedRaftLogWorker: Starting segment from index:0
2019-10-28 11:33:21,574 [a4a68fdc-9c21-417a-8215-14845568ad90@group-EFC7D7A10E94-LeaderElection6] INFO  impl.RaftServerImpl (ServerState.java:setRaftConf(357)) - a4a68fdc-9c21-417a-8215-14845568ad90@group-EFC7D7A10E94: set configuration 0: [a4a68fdc-9c21-417a-8215-14845568ad90:192.168.164.193:36183], old=null at 0
2019-10-28 11:33:21,631 [Thread-217] INFO  impl.FollowerState (FollowerState.java:run(108)) - bb175ec5-5e98-4251-9728-8e1e745e4fa1@group-2BBC40871E24-FollowerState: change to CANDIDATE, lastRpcTime:69ms, electionTimeout:69ms
2019-10-28 11:33:21,632 [Thread-217] INFO  impl.RoleInfo (RoleInfo.java:shutdownFollowerState(121)) - bb175ec5-5e98-4251-9728-8e1e745e4fa1: shutdown FollowerState
2019-10-28 11:33:21,632 [Thread-217] INFO  impl.RaftServerImpl (RaftServerImpl.java:setRole(184)) - bb175ec5-5e98-4251-9728-8e1e745e4fa1@group-2BBC40871E24: changes role from  FOLLOWER to CANDIDATE at term 1 for changeToCandidate
2019-10-28 11:33:21,632 [Thread-217] INFO  impl.RoleInfo (RoleInfo.java:updateAndGet(143)) - bb175ec5-5e98-4251-9728-8e1e745e4fa1: start LeaderElection
2019-10-28 11:33:21,668 [a4a68fdc-9c21-417a-8215-14845568ad90@group-EFC7D7A10E94-SegmentedRaftLogWorker] INFO  segmented.SegmentedRaftLogWorker (SegmentedRaftLogWorker.java:execute(576)) - a4a68fdc-9c21-417a-8215-14845568ad90@group-EFC7D7A10E94-SegmentedRaftLogWorker: created new log segment /workdir/hadoop-ozone/integration-test/target/test-dir/MiniOzoneClusterImpl-32030326-9f4e-4c1d-8269-b77a585e0de7/datanode-2/data/ratis/cd32cdc7-28b0-44bc-9202-efc7d7a10e94/current/log_inprogress_0
2019-10-28 11:33:21,670 [bb175ec5-5e98-4251-9728-8e1e745e4fa1@group-2BBC40871E24-LeaderElection7] INFO  impl.LeaderElection (LeaderElection.java:askForVotes(178)) - bb175ec5-5e98-4251-9728-8e1e745e4fa1@group-2BBC40871E24-LeaderElection7: begin an election at term 2 for -1: [a4a68fdc-9c21-417a-8215-14845568ad90:192.168.164.193:36183, 5aa0106d-b151-48db-b175-21e2bb54d20a:192.168.164.193:45972, bb175ec5-5e98-4251-9728-8e1e745e4fa1:192.168.164.193:34373], old=null
2019-10-28 11:33:21,674 [Thread-219] INFO  impl.FollowerState (FollowerState.java:run(108)) - a4a68fdc-9c21-417a-8215-14845568ad90@group-2BBC40871E24-FollowerState: change to CANDIDATE, lastRpcTime:111ms, electionTimeout:110ms
2019-10-28 11:33:21,675 [Thread-219] INFO  impl.RoleInfo (RoleInfo.java:shutdownFollowerState(121)) - a4a68fdc-9c21-417a-8215-14845568ad90: shutdown FollowerState
2019-10-28 11:33:21,675 [Thread-219] INFO  impl.RaftServerImpl (RaftServerImpl.java:setRole(184)) - a4a68fdc-9c21-417a-8215-14845568ad90@group-2BBC40871E24: changes role from  FOLLOWER to CANDIDATE at term 1 for changeToCandidate
2019-10-28 11:33:21,675 [Thread-219] INFO  impl.RoleInfo (RoleInfo.java:updateAndGet(143)) - a4a68fdc-9c21-417a-8215-14845568ad90: start LeaderElection
2019-10-28 11:33:21,675 [grpc-default-executor-0] INFO  impl.RaftServerImpl (RaftServerImpl.java:setRole(184)) - 5aa0106d-b151-48db-b175-21e2bb54d20a@group-2BBC40871E24: changes role from  FOLLOWER to FOLLOWER at term 2 for recognizeCandidate:bb175ec5-5e98-4251-9728-8e1e745e4fa1
2019-10-28 11:33:21,677 [grpc-default-executor-0] INFO  impl.RoleInfo (RoleInfo.java:shutdownFollowerState(121)) - 5aa0106d-b151-48db-b175-21e2bb54d20a: shutdown FollowerState
2019-10-28 11:33:21,678 [Thread-218] INFO  impl.FollowerState (FollowerState.java:run(117)) - 5aa0106d-b151-48db-b175-21e2bb54d20a@group-2BBC40871E24-FollowerState was interrupted: java.lang.InterruptedException: sleep interrupted
2019-10-28 11:33:21,678 [grpc-default-executor-0] INFO  impl.RoleInfo (RoleInfo.java:updateAndGet(143)) - 5aa0106d-b151-48db-b175-21e2bb54d20a: start FollowerState
2019-10-28 11:33:21,686 [a4a68fdc-9c21-417a-8215-14845568ad90@group-2BBC40871E24-LeaderElection8] INFO  impl.LeaderElection (LeaderElection.java:askForVotes(178)) - a4a68fdc-9c21-417a-8215-14845568ad90@group-2BBC40871E24-LeaderElection8: begin an election at term 2 for -1: [a4a68fdc-9c21-417a-8215-14845568ad90:192.168.164.193:36183, 5aa0106d-b151-48db-b175-21e2bb54d20a:192.168.164.193:45972, bb175ec5-5e98-4251-9728-8e1e745e4fa1:192.168.164.193:34373], old=null
2019-10-28 11:33:21,692 [bb175ec5-5e98-4251-9728-8e1e745e4fa1@group-2BBC40871E24-LeaderElection7] INFO  impl.LeaderElection (LeaderElection.java:logAndReturn(56)) - bb175ec5-5e98-4251-9728-8e1e745e4fa1@group-2BBC40871E24-LeaderElection7: Election PASSED; received 2 response(s) [bb175ec5-5e98-4251-9728-8e1e745e4fa1<-a4a68fdc-9c21-417a-8215-14845568ad90#0:FAIL-t2, bb175ec5-5e98-4251-9728-8e1e745e4fa1<-5aa0106d-b151-48db-b175-21e2bb54d20a#0:OK-t2] and 0 exception(s); bb175ec5-5e98-4251-9728-8e1e745e4fa1@group-2BBC40871E24:t2, leader=null, voted=bb175ec5-5e98-4251-9728-8e1e745e4fa1, raftlog=bb175ec5-5e98-4251-9728-8e1e745e4fa1@group-2BBC40871E24-SegmentedRaftLog:OPENED:c-1,f-1,i0, conf=-1: [a4a68fdc-9c21-417a-8215-14845568ad90:192.168.164.193:36183, 5aa0106d-b151-48db-b175-21e2bb54d20a:192.168.164.193:45972, bb175ec5-5e98-4251-9728-8e1e745e4fa1:192.168.164.193:34373], old=null
2019-10-28 11:33:21,692 [bb175ec5-5e98-4251-9728-8e1e745e4fa1@group-2BBC40871E24-LeaderElection7] INFO  impl.RoleInfo (RoleInfo.java:shutdownLeaderElection(134)) - bb175ec5-5e98-4251-9728-8e1e745e4fa1: shutdown LeaderElection
2019-10-28 11:33:21,694 [bb175ec5-5e98-4251-9728-8e1e745e4fa1@group-2BBC40871E24-LeaderElection7] INFO  impl.RaftServerImpl (RaftServerImpl.java:setRole(184)) - bb175ec5-5e98-4251-9728-8e1e745e4fa1@group-2BBC40871E24: changes role from CANDIDATE to LEADER at term 2 for changeToLeader
2019-10-28 11:33:21,694 [bb175ec5-5e98-4251-9728-8e1e745e4fa1@group-2BBC40871E24-LeaderElection7] INFO  impl.RaftServerImpl (ServerState.java:setLeader(256)) - bb175ec5-5e98-4251-9728-8e1e745e4fa1@group-2BBC40871E24: change Leader from null to bb175ec5-5e98-4251-9728-8e1e745e4fa1 at term 2 for becomeLeader, leader elected after 265ms
2019-10-28 11:33:21,694 [bb175ec5-5e98-4251-9728-8e1e745e4fa1@group-2BBC40871E24-LeaderElection7] INFO  server.RaftServerConfigKeys (ConfUtils.java:logGet(43)) - raft.server.staging.catchup.gap = 1000 (default)
2019-10-28 11:33:21,695 [bb175ec5-5e98-4251-9728-8e1e745e4fa1@group-2BBC40871E24-LeaderElection7] INFO  server.RaftServerConfigKeys (ConfUtils.java:logGet(43)) - raft.server.rpc.sleep.time = 25ms (default)
2019-10-28 11:33:21,696 [bb175ec5-5e98-4251-9728-8e1e745e4fa1@group-2BBC40871E24-LeaderElection7] INFO  server.RaftServerConfigKeys (ConfUtils.java:logGet(43)) - raft.server.write.element-limit = 4096 (default)
2019-10-28 11:33:21,696 [bb175ec5-5e98-4251-9728-8e1e745e4fa1@group-2BBC40871E24-LeaderElection7] INFO  server.RaftServerConfigKeys (ConfUtils.java:logGet(43)) - raft.server.watch.timeout = 10s (default)
2019-10-28 11:33:21,696 [bb175ec5-5e98-4251-9728-8e1e745e4fa1@group-2BBC40871E24-LeaderElection7] INFO  server.RaftServerConfigKeys (ConfUtils.java:logGet(43)) - raft.server.watch.timeout.denomination = 1s (default)
2019-10-28 11:33:21,697 [bb175ec5-5e98-4251-9728-8e1e745e4fa1@group-2BBC40871E24-LeaderElection7] INFO  server.RaftServerConfigKeys (ConfUtils.java:logGet(43)) - raft.server.watch.element-limit = 65536 (default)
2019-10-28 11:33:21,704 [bb175ec5-5e98-4251-9728-8e1e745e4fa1@group-2BBC40871E24-LeaderElection7] INFO  server.RaftServerConfigKeys (ConfUtils.java:logGet(43)) - raft.server.log.appender.snapshot.chunk.size.max = 16MB (=16777216) (default)
2019-10-28 11:33:21,705 [bb175ec5-5e98-4251-9728-8e1e745e4fa1@group-2BBC40871E24-LeaderElection7] INFO  server.RaftServerConfigKeys (ConfUtils.java:logGet(43)) - raft.server.log.appender.buffer.byte-limit = 33554432 (custom)
2019-10-28 11:33:21,705 [bb175ec5-5e98-4251-9728-8e1e745e4fa1@group-2BBC40871E24-LeaderElection7] INFO  server.RaftServerConfigKeys (ConfUtils.java:logGet(43)) - raft.server.log.appender.buffer.element-limit = 1 (custom)
2019-10-28 11:33:21,709 [bb175ec5-5e98-4251-9728-8e1e745e4fa1@group-2BBC40871E24-LeaderElection7] INFO  grpc.GrpcConfigKeys$Server (ConfUtils.java:logGet(43)) - raft.grpc.server.leader.outstanding.appends.max = 128 (default)
2019-10-28 11:33:21,712 [bb175ec5-5e98-4251-9728-8e1e745e4fa1@group-2BBC40871E24-LeaderElection7] INFO  server.RaftServerConfigKeys (ConfUtils.java:logGet(43)) - raft.server.rpc.request.timeout = 3000ms (default)
2019-10-28 11:33:21,713 [bb175ec5-5e98-4251-9728-8e1e745e4fa1@group-2BBC40871E24-LeaderElection7] INFO  server.RaftServerConfigKeys (ConfUtils.java:logGet(43)) - raft.server.log.appender.install.snapshot.enabled = false (custom)
2019-10-28 11:33:21,717 [bb175ec5-5e98-4251-9728-8e1e745e4fa1@group-2BBC40871E24-LeaderElection7] INFO  server.RaftServerConfigKeys (ConfUtils.java:logGet(43)) - raft.server.log.appender.snapshot.chunk.size.max = 16MB (=16777216) (default)
2019-10-28 11:33:21,717 [bb175ec5-5e98-4251-9728-8e1e745e4fa1@group-2BBC40871E24-LeaderElection7] INFO  server.RaftServerConfigKeys (ConfUtils.java:logGet(43)) - raft.server.log.appender.buffer.byte-limit = 33554432 (custom)
2019-10-28 11:33:21,718 [bb175ec5-5e98-4251-9728-8e1e745e4fa1@group-2BBC40871E24-LeaderElection7] INFO  server.RaftServerConfigKeys (ConfUtils.java:logGet(43)) - raft.server.log.appender.buffer.element-limit = 1 (custom)
2019-10-28 11:33:21,718 [bb175ec5-5e98-4251-9728-8e1e745e4fa1@group-2BBC40871E24-LeaderElection7] INFO  grpc.GrpcConfigKeys$Server (ConfUtils.java:logGet(43)) - raft.grpc.server.leader.outstanding.appends.max = 128 (default)
2019-10-28 11:33:21,718 [bb175ec5-5e98-4251-9728-8e1e745e4fa1@group-2BBC40871E24-LeaderElection7] INFO  server.RaftServerConfigKeys (ConfUtils.java:logGet(43)) - raft.server.rpc.request.timeout = 3000ms (default)
2019-10-28 11:33:21,718 [bb175ec5-5e98-4251-9728-8e1e745e4fa1@group-2BBC40871E24-LeaderElection7] INFO  server.RaftServerConfigKeys (ConfUtils.java:logGet(43)) - raft.server.log.appender.install.snapshot.enabled = false (custom)
2019-10-28 11:33:21,723 [bb175ec5-5e98-4251-9728-8e1e745e4fa1@group-2BBC40871E24-LeaderElection7] INFO  impl.RoleInfo (RoleInfo.java:updateAndGet(143)) - bb175ec5-5e98-4251-9728-8e1e745e4fa1: start LeaderState
2019-10-28 11:33:21,723 [bb175ec5-5e98-4251-9728-8e1e745e4fa1@group-2BBC40871E24-LeaderElection7] INFO  segmented.SegmentedRaftLogWorker (SegmentedRaftLogWorker.java:startLogSegment(385)) - bb175ec5-5e98-4251-9728-8e1e745e4fa1@group-2BBC40871E24-SegmentedRaftLogWorker: Starting segment from index:0
2019-10-28 11:33:21,724 [bb175ec5-5e98-4251-9728-8e1e745e4fa1@group-2BBC40871E24-LeaderElection7] INFO  impl.RaftServerImpl (ServerState.java:setRaftConf(357)) - bb175ec5-5e98-4251-9728-8e1e745e4fa1@group-2BBC40871E24: set configuration 0: [a4a68fdc-9c21-417a-8215-14845568ad90:192.168.164.193:36183, 5aa0106d-b151-48db-b175-21e2bb54d20a:192.168.164.193:45972, bb175ec5-5e98-4251-9728-8e1e745e4fa1:192.168.164.193:34373], old=null at 0
2019-10-28 11:33:21,749 [grpc-default-executor-0] INFO  impl.RaftServerImpl (RaftServerImpl.java:requestVote(776)) - bb175ec5-5e98-4251-9728-8e1e745e4fa1@group-2BBC40871E24-   LEADER: Withhold vote from candidate a4a68fdc-9c21-417a-8215-14845568ad90 with term 2. State: leader=bb175ec5-5e98-4251-9728-8e1e745e4fa1, term=2, lastRpcElapsed=null
2019-10-28 11:33:21,750 [a4a68fdc-9c21-417a-8215-14845568ad90@group-2BBC40871E24-LeaderElection8] INFO  impl.LeaderElection (LeaderElection.java:logAndReturn(56)) - a4a68fdc-9c21-417a-8215-14845568ad90@group-2BBC40871E24-LeaderElection8: Election TIMEOUT; received 1 response(s) [a4a68fdc-9c21-417a-8215-14845568ad90<-5aa0106d-b151-48db-b175-21e2bb54d20a#0:FAIL-t2] and 0 exception(s); a4a68fdc-9c21-417a-8215-14845568ad90@group-2BBC40871E24:t2, leader=null, voted=a4a68fdc-9c21-417a-8215-14845568ad90, raftlog=a4a68fdc-9c21-417a-8215-14845568ad90@group-2BBC40871E24-SegmentedRaftLog:OPENED:c-1,f-1,i0, conf=-1: [a4a68fdc-9c21-417a-8215-14845568ad90:192.168.164.193:36183, 5aa0106d-b151-48db-b175-21e2bb54d20a:192.168.164.193:45972, bb175ec5-5e98-4251-9728-8e1e745e4fa1:192.168.164.193:34373], old=null
2019-10-28 11:33:21,762 [bb175ec5-5e98-4251-9728-8e1e745e4fa1@group-2BBC40871E24-SegmentedRaftLogWorker] INFO  segmented.SegmentedRaftLogWorker (SegmentedRaftLogWorker.java:execute(576)) - bb175ec5-5e98-4251-9728-8e1e745e4fa1@group-2BBC40871E24-SegmentedRaftLogWorker: created new log segment /workdir/hadoop-ozone/integration-test/target/test-dir/MiniOzoneClusterImpl-32030326-9f4e-4c1d-8269-b77a585e0de7/datanode-1/data/ratis/673f7971-0954-4a65-9d1b-2bbc40871e24/current/log_inprogress_0
2019-10-28 11:33:21,762 [a4a68fdc-9c21-417a-8215-14845568ad90@group-2BBC40871E24-LeaderElection8] INFO  impl.LeaderElection (LeaderElection.java:askForVotes(178)) - a4a68fdc-9c21-417a-8215-14845568ad90@group-2BBC40871E24-LeaderElection8: begin an election at term 3 for -1: [a4a68fdc-9c21-417a-8215-14845568ad90:192.168.164.193:36183, 5aa0106d-b151-48db-b175-21e2bb54d20a:192.168.164.193:45972, bb175ec5-5e98-4251-9728-8e1e745e4fa1:192.168.164.193:34373], old=null
2019-10-28 11:33:21,769 [grpc-default-executor-0] INFO  impl.RaftServerImpl (RaftServerImpl.java:setRole(184)) - 5aa0106d-b151-48db-b175-21e2bb54d20a@group-2BBC40871E24: changes role from  FOLLOWER to FOLLOWER at term 3 for recognizeCandidate:a4a68fdc-9c21-417a-8215-14845568ad90
2019-10-28 11:33:21,770 [grpc-default-executor-0] INFO  impl.RoleInfo (RoleInfo.java:shutdownFollowerState(121)) - 5aa0106d-b151-48db-b175-21e2bb54d20a: shutdown FollowerState
2019-10-28 11:33:21,770 [Thread-228] INFO  impl.FollowerState (FollowerState.java:run(117)) - 5aa0106d-b151-48db-b175-21e2bb54d20a@group-2BBC40871E24-FollowerState was interrupted: java.lang.InterruptedException: sleep interrupted
2019-10-28 11:33:21,770 [grpc-default-executor-0] INFO  impl.RoleInfo (RoleInfo.java:updateAndGet(143)) - 5aa0106d-b151-48db-b175-21e2bb54d20a: start FollowerState
2019-10-28 11:33:21,770 [grpc-default-executor-1] INFO  impl.RaftServerImpl (ServerState.java:setLeader(256)) - bb175ec5-5e98-4251-9728-8e1e745e4fa1@group-2BBC40871E24: change Leader from bb175ec5-5e98-4251-9728-8e1e745e4fa1 to null at term 3 for updateCurrentTerm
2019-10-28 11:33:21,771 [grpc-default-executor-1] INFO  impl.RaftServerImpl (RaftServerImpl.java:setRole(184)) - bb175ec5-5e98-4251-9728-8e1e745e4fa1@group-2BBC40871E24: changes role from    LEADER to FOLLOWER at term 3 for recognizeCandidate:a4a68fdc-9c21-417a-8215-14845568ad90
2019-10-28 11:33:21,772 [grpc-default-executor-1] INFO  impl.RoleInfo (RoleInfo.java:shutdownLeaderState(104)) - bb175ec5-5e98-4251-9728-8e1e745e4fa1: shutdown LeaderState
2019-10-28 11:33:21,774 [grpc-default-executor-1] INFO  impl.PendingRequests (PendingRequests.java:sendNotLeaderResponses(202)) - bb175ec5-5e98-4251-9728-8e1e745e4fa1@group-2BBC40871E24-PendingRequests: sendNotLeaderResponses
2019-10-28 11:33:21,774 [org.apache.ratis.server.impl.LogAppender$AppenderDaemon$$Lambda$399/2097318727@1edfff4a] WARN  server.GrpcLogAppender (GrpcLogAppender.java:mayWait(149)) - bb175ec5-5e98-4251-9728-8e1e745e4fa1@group-2BBC40871E24->a4a68fdc-9c21-417a-8215-14845568ad90-GrpcLogAppender: Wait interrupted by java.lang.InterruptedException
2019-10-28 11:33:21,774 [org.apache.ratis.server.impl.LogAppender$AppenderDaemon$$Lambda$399/2097318727@7a44738c] WARN  server.GrpcLogAppender (GrpcLogAppender.java:mayWait(149)) - bb175ec5-5e98-4251-9728-8e1e745e4fa1@group-2BBC40871E24->5aa0106d-b151-48db-b175-21e2bb54d20a-GrpcLogAppender: Wait interrupted by java.lang.InterruptedException
2019-10-28 11:33:21,777 [grpc-default-executor-1] INFO  impl.RoleInfo (RoleInfo.java:updateAndGet(143)) - bb175ec5-5e98-4251-9728-8e1e745e4fa1: start FollowerState
2019-10-28 11:33:21,784 [a4a68fdc-9c21-417a-8215-14845568ad90@group-2BBC40871E24-LeaderElection8] INFO  impl.LeaderElection (LeaderElection.java:logAndReturn(56)) - a4a68fdc-9c21-417a-8215-14845568ad90@group-2BBC40871E24-LeaderElection8: Election PASSED; received 1 response(s) [a4a68fdc-9c21-417a-8215-14845568ad90<-5aa0106d-b151-48db-b175-21e2bb54d20a#0:OK-t3] and 0 exception(s); a4a68fdc-9c21-417a-8215-14845568ad90@group-2BBC40871E24:t3, leader=null, voted=a4a68fdc-9c21-417a-8215-14845568ad90, raftlog=a4a68fdc-9c21-417a-8215-14845568ad90@group-2BBC40871E24-SegmentedRaftLog:OPENED:c-1,f-1,i0, conf=-1: [a4a68fdc-9c21-417a-8215-14845568ad90:192.168.164.193:36183, 5aa0106d-b151-48db-b175-21e2bb54d20a:192.168.164.193:45972, bb175ec5-5e98-4251-9728-8e1e745e4fa1:192.168.164.193:34373], old=null
2019-10-28 11:33:21,784 [a4a68fdc-9c21-417a-8215-14845568ad90@group-2BBC40871E24-LeaderElection8] INFO  impl.RoleInfo (RoleInfo.java:shutdownLeaderElection(134)) - a4a68fdc-9c21-417a-8215-14845568ad90: shutdown LeaderElection
2019-10-28 11:33:21,785 [a4a68fdc-9c21-417a-8215-14845568ad90@group-2BBC40871E24-LeaderElection8] INFO  impl.RaftServerImpl (RaftServerImpl.java:setRole(184)) - a4a68fdc-9c21-417a-8215-14845568ad90@group-2BBC40871E24: changes role from CANDIDATE to LEADER at term 3 for changeToLeader
2019-10-28 11:33:21,788 [a4a68fdc-9c21-417a-8215-14845568ad90@group-2BBC40871E24-LeaderElection8] INFO  impl.RaftServerImpl (ServerState.java:setLeader(256)) - a4a68fdc-9c21-417a-8215-14845568ad90@group-2BBC40871E24: change Leader from null to a4a68fdc-9c21-417a-8215-14845568ad90 at term 3 for becomeLeader, leader elected after 359ms
2019-10-28 11:33:21,788 [a4a68fdc-9c21-417a-8215-14845568ad90@group-2BBC40871E24-LeaderElection8] INFO  server.RaftServerConfigKeys (ConfUtils.java:logGet(43)) - raft.server.staging.catchup.gap = 1000 (default)
2019-10-28 11:33:21,789 [a4a68fdc-9c21-417a-8215-14845568ad90@group-2BBC40871E24-LeaderElection8] INFO  server.RaftServerConfigKeys (ConfUtils.java:logGet(43)) - raft.server.rpc.sleep.time = 25ms (default)
2019-10-28 11:33:21,789 [a4a68fdc-9c21-417a-8215-14845568ad90@group-2BBC40871E24-LeaderElection8] INFO  server.RaftServerConfigKeys (ConfUtils.java:logGet(43)) - raft.server.write.element-limit = 4096 (default)
2019-10-28 11:33:21,789 [a4a68fdc-9c21-417a-8215-14845568ad90@group-2BBC40871E24-LeaderElection8] INFO  server.RaftServerConfigKeys (ConfUtils.java:logGet(43)) - raft.server.watch.timeout = 10s (default)
2019-10-28 11:33:21,789 [a4a68fdc-9c21-417a-8215-14845568ad90@group-2BBC40871E24-LeaderElection8] INFO  server.RaftServerConfigKeys (ConfUtils.java:logGet(43)) - raft.server.watch.timeout.denomination = 1s (default)
2019-10-28 11:33:21,789 [a4a68fdc-9c21-417a-8215-14845568ad90@group-2BBC40871E24-LeaderElection8] INFO  server.RaftServerConfigKeys (ConfUtils.java:logGet(43)) - raft.server.watch.element-limit = 65536 (default)
2019-10-28 11:33:21,794 [a4a68fdc-9c21-417a-8215-14845568ad90@group-2BBC40871E24-LeaderElection8] INFO  server.RaftServerConfigKeys (ConfUtils.java:logGet(43)) - raft.server.log.appender.snapshot.chunk.size.max = 16MB (=16777216) (default)
2019-10-28 11:33:21,794 [a4a68fdc-9c21-417a-8215-14845568ad90@group-2BBC40871E24-LeaderElection8] INFO  server.RaftServerConfigKeys (ConfUtils.java:logGet(43)) - raft.server.log.appender.buffer.byte-limit = 33554432 (custom)
2019-10-28 11:33:21,794 [a4a68fdc-9c21-417a-8215-14845568ad90@group-2BBC40871E24-LeaderElection8] INFO  server.RaftServerConfigKeys (ConfUtils.java:logGet(43)) - raft.server.log.appender.buffer.element-limit = 1 (custom)
2019-10-28 11:33:21,794 [a4a68fdc-9c21-417a-8215-14845568ad90@group-2BBC40871E24-LeaderElection8] INFO  grpc.GrpcConfigKeys$Server (ConfUtils.java:logGet(43)) - raft.grpc.server.leader.outstanding.appends.max = 128 (default)
2019-10-28 11:33:21,795 [a4a68fdc-9c21-417a-8215-14845568ad90@group-2BBC40871E24-LeaderElection8] INFO  server.RaftServerConfigKeys (ConfUtils.java:logGet(43)) - raft.server.rpc.request.timeout = 3000ms (default)
2019-10-28 11:33:21,795 [a4a68fdc-9c21-417a-8215-14845568ad90@group-2BBC40871E24-LeaderElection8] INFO  server.RaftServerConfigKeys (ConfUtils.java:logGet(43)) - raft.server.log.appender.install.snapshot.enabled = false (custom)
2019-10-28 11:33:21,796 [grpc-default-executor-3] INFO  server.GrpcServerProtocolService (GrpcServerProtocolService.java:onCompleted(113)) - 5aa0106d-b151-48db-b175-21e2bb54d20a: Completed APPEND_ENTRIES, lastRequest: bb175ec5-5e98-4251-9728-8e1e745e4fa1->5aa0106d-b151-48db-b175-21e2bb54d20a#0-t2, previous=(t:0, i:0), leaderCommit=-1, initializing? false, entries: <empty>
2019-10-28 11:33:21,798 [a4a68fdc-9c21-417a-8215-14845568ad90@group-2BBC40871E24-LeaderElection8] INFO  server.RaftServerConfigKeys (ConfUtils.java:logGet(43)) - raft.server.log.appender.snapshot.chunk.size.max = 16MB (=16777216) (default)
2019-10-28 11:33:21,798 [a4a68fdc-9c21-417a-8215-14845568ad90@group-2BBC40871E24-LeaderElection8] INFO  server.RaftServerConfigKeys (ConfUtils.java:logGet(43)) - raft.server.log.appender.buffer.byte-limit = 33554432 (custom)
2019-10-28 11:33:21,798 [a4a68fdc-9c21-417a-8215-14845568ad90@group-2BBC40871E24-LeaderElection8] INFO  server.RaftServerConfigKeys (ConfUtils.java:logGet(43)) - raft.server.log.appender.buffer.element-limit = 1 (custom)
2019-10-28 11:33:21,799 [grpc-default-executor-1] INFO  server.GrpcLogAppender (GrpcLogAppender.java:onCompleted(308)) - bb175ec5-5e98-4251-9728-8e1e745e4fa1@group-2BBC40871E24->5aa0106d-b151-48db-b175-21e2bb54d20a-AppendLogResponseHandler: follower responses appendEntries COMPLETED
2019-10-28 11:33:21,799 [a4a68fdc-9c21-417a-8215-14845568ad90@group-2BBC40871E24-LeaderElection8] INFO  grpc.GrpcConfigKeys$Server (ConfUtils.java:logGet(43)) - raft.grpc.server.leader.outstanding.appends.max = 128 (default)
2019-10-28 11:33:21,799 [a4a68fdc-9c21-417a-8215-14845568ad90@group-2BBC40871E24-LeaderElection8] INFO  server.RaftServerConfigKeys (ConfUtils.java:logGet(43)) - raft.server.rpc.request.timeout = 3000ms (default)
2019-10-28 11:33:21,800 [a4a68fdc-9c21-417a-8215-14845568ad90@group-2BBC40871E24-LeaderElection8] INFO  server.RaftServerConfigKeys (ConfUtils.java:logGet(43)) - raft.server.log.appender.install.snapshot.enabled = false (custom)
2019-10-28 11:33:21,804 [grpc-default-executor-1] INFO  impl.FollowerInfo (FollowerInfo.java:lambda$new$0(51)) - bb175ec5-5e98-4251-9728-8e1e745e4fa1@group-2BBC40871E24->5aa0106d-b151-48db-b175-21e2bb54d20a: nextIndex: updateUnconditionally 0 -> 0
2019-10-28 11:33:21,805 [a4a68fdc-9c21-417a-8215-14845568ad90@group-2BBC40871E24-LeaderElection8] INFO  impl.RoleInfo (RoleInfo.java:updateAndGet(143)) - a4a68fdc-9c21-417a-8215-14845568ad90: start LeaderState
2019-10-28 11:33:21,805 [a4a68fdc-9c21-417a-8215-14845568ad90@group-2BBC40871E24-LeaderElection8] INFO  segmented.SegmentedRaftLogWorker (SegmentedRaftLogWorker.java:startLogSegment(385)) - a4a68fdc-9c21-417a-8215-14845568ad90@group-2BBC40871E24-SegmentedRaftLogWorker: Starting segment from index:0
2019-10-28 11:33:21,806 [a4a68fdc-9c21-417a-8215-14845568ad90@group-2BBC40871E24-LeaderElection8] INFO  impl.RaftServerImpl (ServerState.java:setRaftConf(357)) - a4a68fdc-9c21-417a-8215-14845568ad90@group-2BBC40871E24: set configuration 0: [a4a68fdc-9c21-417a-8215-14845568ad90:192.168.164.193:36183, 5aa0106d-b151-48db-b175-21e2bb54d20a:192.168.164.193:45972, bb175ec5-5e98-4251-9728-8e1e745e4fa1:192.168.164.193:34373], old=null at 0
2019-10-28 11:33:21,807 [grpc-default-executor-2] INFO  server.GrpcServerProtocolService (GrpcServerProtocolService.java:onCompleted(113)) - a4a68fdc-9c21-417a-8215-14845568ad90: Completed APPEND_ENTRIES, lastRequest: bb175ec5-5e98-4251-9728-8e1e745e4fa1->a4a68fdc-9c21-417a-8215-14845568ad90#0-t2, previous=(t:0, i:0), leaderCommit=-1, initializing? false, entries: <empty>
2019-10-28 11:33:21,835 [grpc-default-executor-2] INFO  server.GrpcLogAppender (GrpcLogAppender.java:onCompleted(308)) - bb175ec5-5e98-4251-9728-8e1e745e4fa1@group-2BBC40871E24->a4a68fdc-9c21-417a-8215-14845568ad90-AppendLogResponseHandler: follower responses appendEntries COMPLETED
2019-10-28 11:33:21,835 [grpc-default-executor-1] INFO  impl.RaftServerImpl (ServerState.java:setLeader(256)) - 5aa0106d-b151-48db-b175-21e2bb54d20a@group-2BBC40871E24: change Leader from null to a4a68fdc-9c21-417a-8215-14845568ad90 at term 3 for appendEntries, leader elected after 405ms
2019-10-28 11:33:21,836 [grpc-default-executor-3] INFO  impl.RaftServerImpl (ServerState.java:setLeader(256)) - bb175ec5-5e98-4251-9728-8e1e745e4fa1@group-2BBC40871E24: change Leader from null to a4a68fdc-9c21-417a-8215-14845568ad90 at term 3 for appendEntries, leader elected after 65ms
2019-10-28 11:33:21,836 [grpc-default-executor-2] INFO  impl.FollowerInfo (FollowerInfo.java:lambda$new$0(51)) - bb175ec5-5e98-4251-9728-8e1e745e4fa1@group-2BBC40871E24->a4a68fdc-9c21-417a-8215-14845568ad90: nextIndex: updateUnconditionally 0 -> 0
2019-10-28 11:33:21,845 [a4a68fdc-9c21-417a-8215-14845568ad90@group-2BBC40871E24-SegmentedRaftLogWorker] INFO  segmented.SegmentedRaftLogWorker (SegmentedRaftLogWorker.java:execute(576)) - a4a68fdc-9c21-417a-8215-14845568ad90@group-2BBC40871E24-SegmentedRaftLogWorker: created new log segment /workdir/hadoop-ozone/integration-test/target/test-dir/MiniOzoneClusterImpl-32030326-9f4e-4c1d-8269-b77a585e0de7/datanode-2/data/ratis/673f7971-0954-4a65-9d1b-2bbc40871e24/current/log_inprogress_0
2019-10-28 11:33:21,864 [grpc-default-executor-3] INFO  impl.RaftServerImpl (ServerState.java:setRaftConf(357)) - 5aa0106d-b151-48db-b175-21e2bb54d20a@group-2BBC40871E24: set configuration 0: [a4a68fdc-9c21-417a-8215-14845568ad90:192.168.164.193:36183, 5aa0106d-b151-48db-b175-21e2bb54d20a:192.168.164.193:45972, bb175ec5-5e98-4251-9728-8e1e745e4fa1:192.168.164.193:34373], old=null at 0
2019-10-28 11:33:21,864 [grpc-default-executor-1] INFO  impl.RaftServerImpl (ServerState.java:setRaftConf(357)) - bb175ec5-5e98-4251-9728-8e1e745e4fa1@group-2BBC40871E24: set configuration 0: [a4a68fdc-9c21-417a-8215-14845568ad90:192.168.164.193:36183, 5aa0106d-b151-48db-b175-21e2bb54d20a:192.168.164.193:45972, bb175ec5-5e98-4251-9728-8e1e745e4fa1:192.168.164.193:34373], old=null at 0
2019-10-28 11:33:21,864 [grpc-default-executor-3] INFO  segmented.SegmentedRaftLogWorker (SegmentedRaftLogWorker.java:startLogSegment(385)) - 5aa0106d-b151-48db-b175-21e2bb54d20a@group-2BBC40871E24-SegmentedRaftLogWorker: Starting segment from index:0
2019-10-28 11:33:21,866 [grpc-default-executor-1] INFO  segmented.SegmentedRaftLogWorker (SegmentedRaftLogWorker.java:truncate(401)) - bb175ec5-5e98-4251-9728-8e1e745e4fa1@group-2BBC40871E24-SegmentedRaftLogWorker: Truncating segments toTruncate: null
  toDelete: [(0, 0) isOpen? true, length=0, newEndIndex=-1], start index 0
2019-10-28 11:33:21,867 [grpc-default-executor-1] INFO  segmented.SegmentedRaftLogWorker (SegmentedRaftLogWorker.java:startLogSegment(385)) - bb175ec5-5e98-4251-9728-8e1e745e4fa1@group-2BBC40871E24-SegmentedRaftLogWorker: Starting segment from index:0
2019-10-28 11:33:21,868 [bb175ec5-5e98-4251-9728-8e1e745e4fa1@group-2BBC40871E24-SegmentedRaftLogWorker] INFO  segmented.SegmentedRaftLogWorker (SegmentedRaftLogWorker.java:execute(640)) - bb175ec5-5e98-4251-9728-8e1e745e4fa1@group-2BBC40871E24-SegmentedRaftLogWorker: Deleted log file /workdir/hadoop-ozone/integration-test/target/test-dir/MiniOzoneClusterImpl-32030326-9f4e-4c1d-8269-b77a585e0de7/datanode-1/data/ratis/673f7971-0954-4a65-9d1b-2bbc40871e24/current/log_inprogress_0
2019-10-28 11:33:21,868 [bb175ec5-5e98-4251-9728-8e1e745e4fa1@group-2BBC40871E24-SegmentedRaftLogWorker] INFO  segmented.SegmentedRaftLogWorker (SegmentedRaftLogWorker.java:lambda$new$0(128)) - bb175ec5-5e98-4251-9728-8e1e745e4fa1@group-2BBC40871E24-SegmentedRaftLogWorker: flushIndex: setUnconditionally 0 -> -1
2019-10-28 11:33:21,901 [5aa0106d-b151-48db-b175-21e2bb54d20a@group-2BBC40871E24-SegmentedRaftLogWorker] INFO  segmented.SegmentedRaftLogWorker (SegmentedRaftLogWorker.java:execute(576)) - 5aa0106d-b151-48db-b175-21e2bb54d20a@group-2BBC40871E24-SegmentedRaftLogWorker: created new log segment /workdir/hadoop-ozone/integration-test/target/test-dir/MiniOzoneClusterImpl-32030326-9f4e-4c1d-8269-b77a585e0de7/datanode-0/data/ratis/673f7971-0954-4a65-9d1b-2bbc40871e24/current/log_inprogress_0
2019-10-28 11:33:21,901 [bb175ec5-5e98-4251-9728-8e1e745e4fa1@group-2BBC40871E24-SegmentedRaftLogWorker] INFO  segmented.SegmentedRaftLogWorker (SegmentedRaftLogWorker.java:execute(576)) - bb175ec5-5e98-4251-9728-8e1e745e4fa1@group-2BBC40871E24-SegmentedRaftLogWorker: created new log segment /workdir/hadoop-ozone/integration-test/target/test-dir/MiniOzoneClusterImpl-32030326-9f4e-4c1d-8269-b77a585e0de7/datanode-1/data/ratis/673f7971-0954-4a65-9d1b-2bbc40871e24/current/log_inprogress_0
2019-10-28 11:33:22,450 [main] INFO  rpc.RpcClient (RpcClient.java:createVolume(272)) - Creating Volume: testcontainerstatemachinefailures, with jenkins1000 as owner.
2019-10-28 11:33:22,566 [IPC Server handler 3 on 33419] INFO  volume.OMVolumeCreateRequest (OMVolumeCreateRequest.java:validateAndUpdateCache(193)) - created volume:testcontainerstatemachinefailures for user:jenkins1000
2019-10-28 11:33:22,594 [main] INFO  rpc.RpcClient (RpcClient.java:createBucket(411)) - Creating Bucket: testcontainerstatemachinefailures/testcontainerstatemachinefailures, with Versioning false and Storage Type set to DISK and Encryption set to false 
2019-10-28 11:33:22,747 [main] INFO  impl.MetricsSystemImpl (MetricsSystemImpl.java:init(158)) - XceiverClientMetrics metrics system started (again)
2019-10-28 11:33:23,319 [Datanode State Machine Thread - 0] INFO  statemachine.DatanodeStateMachine (DatanodeStateMachine.java:lambda$startDaemon$0(350)) - Ozone container server started.
2019-10-28 11:33:23,376 [Thread-181] INFO  container.ReplicationManager (ReplicationManager.java:start(162)) - Starting Replication Monitor Thread.
2019-10-28 11:33:23,377 [ReplicationMonitor] INFO  container.ReplicationManager (ReplicationManager.java:run(225)) - Replication Monitor Thread took 1 milliseconds for processing 1 containers.
2019-10-28 11:33:28,262 [main] INFO  ozoneimpl.OzoneContainer (OzoneContainer.java:stop(227)) - Attempting to stop container services.
2019-10-28 11:33:28,263 [main] INFO  impl.RaftServerProxy (RaftServerProxy.java:lambda$close$4(314)) - bb175ec5-5e98-4251-9728-8e1e745e4fa1: close
2019-10-28 11:33:28,265 [main] INFO  impl.RaftServerImpl (RaftServerImpl.java:lambda$shutdown$3(261)) - bb175ec5-5e98-4251-9728-8e1e745e4fa1@group-F43D1284476B: shutdown
2019-10-28 11:33:28,265 [ForkJoinPool.commonPool-worker-0] INFO  impl.RaftServerImpl (RaftServerImpl.java:lambda$shutdown$3(261)) - bb175ec5-5e98-4251-9728-8e1e745e4fa1@group-2BBC40871E24: shutdown
2019-10-28 11:33:28,266 [main] INFO  util.JmxRegister (JmxRegister.java:unregister(73)) - Successfully un-registered JMX Bean with object name Ratis:service=RaftServer,group=group-F43D1284476B,id=bb175ec5-5e98-4251-9728-8e1e745e4fa1
2019-10-28 11:33:28,266 [ForkJoinPool.commonPool-worker-0] INFO  util.JmxRegister (JmxRegister.java:unregister(73)) - Successfully un-registered JMX Bean with object name Ratis:service=RaftServer,group=group-2BBC40871E24,id=bb175ec5-5e98-4251-9728-8e1e745e4fa1
2019-10-28 11:33:28,266 [main] INFO  impl.RoleInfo (RoleInfo.java:shutdownLeaderState(104)) - bb175ec5-5e98-4251-9728-8e1e745e4fa1: shutdown LeaderState
2019-10-28 11:33:28,266 [ForkJoinPool.commonPool-worker-0] INFO  impl.RoleInfo (RoleInfo.java:shutdownFollowerState(121)) - bb175ec5-5e98-4251-9728-8e1e745e4fa1: shutdown FollowerState
2019-10-28 11:33:28,267 [main] INFO  impl.PendingRequests (PendingRequests.java:sendNotLeaderResponses(202)) - bb175ec5-5e98-4251-9728-8e1e745e4fa1@group-F43D1284476B-PendingRequests: sendNotLeaderResponses
2019-10-28 11:33:28,269 [bb175ec5-5e98-4251-9728-8e1e745e4fa1@group-2BBC40871E24-StateMachineUpdater] INFO  ratis.ContainerStateMachine (ContainerStateMachine.java:takeSnapshot(294)) - group-2BBC40871E24: Taking a snapshot at:(t:3, i:3) file /workdir/hadoop-ozone/integration-test/target/test-dir/MiniOzoneClusterImpl-32030326-9f4e-4c1d-8269-b77a585e0de7/datanode-1/data/ratis/673f7971-0954-4a65-9d1b-2bbc40871e24/sm/snapshot.3_3
2019-10-28 11:33:28,268 [Thread-239] INFO  impl.FollowerState (FollowerState.java:run(117)) - bb175ec5-5e98-4251-9728-8e1e745e4fa1@group-2BBC40871E24-FollowerState was interrupted: java.lang.InterruptedException: sleep interrupted
2019-10-28 11:33:28,268 [ForkJoinPool.commonPool-worker-0] INFO  impl.StateMachineUpdater (StateMachineUpdater.java:stopAndJoin(136)) - bb175ec5-5e98-4251-9728-8e1e745e4fa1@group-2BBC40871E24-StateMachineUpdater: set stopIndex = 4
2019-10-28 11:33:28,269 [main] INFO  impl.StateMachineUpdater (StateMachineUpdater.java:stopAndJoin(136)) - bb175ec5-5e98-4251-9728-8e1e745e4fa1@group-F43D1284476B-StateMachineUpdater: set stopIndex = 0
2019-10-28 11:33:28,272 [main] INFO  impl.RaftServerImpl (ServerState.java:close(388)) - bb175ec5-5e98-4251-9728-8e1e745e4fa1@group-F43D1284476B: closes. applyIndex: 0
2019-10-28 11:33:28,274 [bb175ec5-5e98-4251-9728-8e1e745e4fa1@group-F43D1284476B-SegmentedRaftLogWorker] INFO  segmented.SegmentedRaftLogWorker (SegmentedRaftLogWorker.java:run(316)) - bb175ec5-5e98-4251-9728-8e1e745e4fa1@group-F43D1284476B-SegmentedRaftLogWorker was interrupted, exiting. There are 0 tasks remaining in the queue.
2019-10-28 11:33:28,276 [main] INFO  segmented.SegmentedRaftLogWorker (SegmentedRaftLogWorker.java:close(224)) - bb175ec5-5e98-4251-9728-8e1e745e4fa1@group-F43D1284476B-SegmentedRaftLogWorker close()
2019-10-28 11:33:28,383 [bb175ec5-5e98-4251-9728-8e1e745e4fa1@group-2BBC40871E24-StateMachineUpdater] INFO  ratis.ContainerStateMachine (ContainerStateMachine.java:takeSnapshot(305)) - group-2BBC40871E24: Finished taking a snapshot at:(t:3, i:3) file:/workdir/hadoop-ozone/integration-test/target/test-dir/MiniOzoneClusterImpl-32030326-9f4e-4c1d-8269-b77a585e0de7/datanode-1/data/ratis/673f7971-0954-4a65-9d1b-2bbc40871e24/sm/snapshot.3_3 time:115
2019-10-28 11:33:28,385 [bb175ec5-5e98-4251-9728-8e1e745e4fa1@group-2BBC40871E24-StateMachineUpdater] INFO  impl.StateMachineUpdater (StateMachineUpdater.java:takeSnapshot(269)) - bb175ec5-5e98-4251-9728-8e1e745e4fa1@group-2BBC40871E24-StateMachineUpdater: Took a snapshot at index 3
2019-10-28 11:33:28,385 [bb175ec5-5e98-4251-9728-8e1e745e4fa1@group-2BBC40871E24-StateMachineUpdater] INFO  impl.StateMachineUpdater (StateMachineUpdater.java:lambda$new$0(84)) - bb175ec5-5e98-4251-9728-8e1e745e4fa1@group-2BBC40871E24-StateMachineUpdater: snapshotIndex: updateIncreasingly -1 -> 3
2019-10-28 11:33:28,389 [bb175ec5-5e98-4251-9728-8e1e745e4fa1@group-2BBC40871E24-StateMachineUpdater] INFO  ratis.ContainerStateMachine (ContainerStateMachine.java:takeSnapshot(294)) - group-2BBC40871E24: Taking a snapshot at:(t:3, i:3) file /workdir/hadoop-ozone/integration-test/target/test-dir/MiniOzoneClusterImpl-32030326-9f4e-4c1d-8269-b77a585e0de7/datanode-1/data/ratis/673f7971-0954-4a65-9d1b-2bbc40871e24/sm/snapshot.3_3
2019-10-28 11:33:28,393 [bb175ec5-5e98-4251-9728-8e1e745e4fa1@group-2BBC40871E24-StateMachineUpdater] INFO  ratis.ContainerStateMachine (ContainerStateMachine.java:takeSnapshot(305)) - group-2BBC40871E24: Finished taking a snapshot at:(t:3, i:3) file:/workdir/hadoop-ozone/integration-test/target/test-dir/MiniOzoneClusterImpl-32030326-9f4e-4c1d-8269-b77a585e0de7/datanode-1/data/ratis/673f7971-0954-4a65-9d1b-2bbc40871e24/sm/snapshot.3_3 time:4
2019-10-28 11:33:28,393 [bb175ec5-5e98-4251-9728-8e1e745e4fa1@group-2BBC40871E24-StateMachineUpdater] INFO  impl.StateMachineUpdater (StateMachineUpdater.java:takeSnapshot(269)) - bb175ec5-5e98-4251-9728-8e1e745e4fa1@group-2BBC40871E24-StateMachineUpdater: Took a snapshot at index 3
2019-10-28 11:33:28,393 [bb175ec5-5e98-4251-9728-8e1e745e4fa1@group-2BBC40871E24-StateMachineUpdater] INFO  impl.StateMachineUpdater (StateMachineUpdater.java:lambda$new$0(84)) - bb175ec5-5e98-4251-9728-8e1e745e4fa1@group-2BBC40871E24-StateMachineUpdater: snapshotIndex: updateIncreasingly 3 -> 3
2019-10-28 11:33:28,394 [ForkJoinPool.commonPool-worker-0] INFO  impl.RaftServerImpl (ServerState.java:close(388)) - bb175ec5-5e98-4251-9728-8e1e745e4fa1@group-2BBC40871E24: closes. applyIndex: 4
2019-10-28 11:33:28,394 [bb175ec5-5e98-4251-9728-8e1e745e4fa1@group-2BBC40871E24-SegmentedRaftLogWorker] INFO  segmented.SegmentedRaftLogWorker (SegmentedRaftLogWorker.java:run(316)) - bb175ec5-5e98-4251-9728-8e1e745e4fa1@group-2BBC40871E24-SegmentedRaftLogWorker was interrupted, exiting. There are 0 tasks remaining in the queue.
2019-10-28 11:33:28,396 [ForkJoinPool.commonPool-worker-0] INFO  segmented.SegmentedRaftLogWorker (SegmentedRaftLogWorker.java:close(224)) - bb175ec5-5e98-4251-9728-8e1e745e4fa1@group-2BBC40871E24-SegmentedRaftLogWorker close()
2019-10-28 11:33:28,396 [main] INFO  server.GrpcService (GrpcService.java:closeImpl(164)) - bb175ec5-5e98-4251-9728-8e1e745e4fa1: shutdown server with port 34373 now
2019-10-28 11:33:28,403 [grpc-default-executor-0] WARN  server.GrpcServerProtocolService (LogUtils.java:warn(134)) - bb175ec5-5e98-4251-9728-8e1e745e4fa1: installSnapshot onError, lastRequest: a4a68fdc-9c21-417a-8215-14845568ad90->bb175ec5-5e98-4251-9728-8e1e745e4fa1#7-t3, previous=(t:3, i:4), leaderCommit=4, initializing? false, entries: <empty>: org.apache.ratis.thirdparty.io.grpc.StatusRuntimeException: CANCELLED: cancelled before receiving half close
2019-10-28 11:33:28,403 [main] INFO  server.GrpcService (GrpcService.java:closeImpl(172)) - bb175ec5-5e98-4251-9728-8e1e745e4fa1: shutdown server with port 34373 successfully
2019-10-28 11:33:28,405 [grpc-default-executor-1] WARN  server.GrpcLogAppender (LogUtils.java:warn(134)) - a4a68fdc-9c21-417a-8215-14845568ad90@group-2BBC40871E24->bb175ec5-5e98-4251-9728-8e1e745e4fa1-AppendLogResponseHandler: Failed appendEntries: org.apache.ratis.thirdparty.io.grpc.StatusRuntimeException: CANCELLED: HTTP/2 error code: CANCEL
Received Rst Stream
2019-10-28 11:33:28,407 [refreshUsed-/workdir/hadoop-ozone/integration-test/target/test-dir/MiniOzoneClusterImpl-32030326-9f4e-4c1d-8269-b77a585e0de7/datanode-1/data/containers] WARN  fs.CachingGetSpaceUsed (CachingGetSpaceUsed.java:run(183)) - Thread Interrupted waiting to refresh disk information: sleep interrupted
2019-10-28 11:33:28,435 [main] INFO  utils.BackgroundService (BackgroundService.java:shutdown(151)) - Shutting down service BlockDeletingService
2019-10-28 11:33:28,439 [main] INFO  statemachine.DatanodeStateMachine (DatanodeStateMachine.java:stopDaemon(395)) - Ozone container server stopped.
2019-10-28 11:33:28,443 [main] INFO  handler.ContextHandler (ContextHandler.java:doStop(910)) - Stopped o.e.j.w.WebAppContext@1b1f5012{/,null,UNAVAILABLE}{/hddsDatanode}
2019-10-28 11:33:28,448 [main] INFO  server.AbstractConnector (AbstractConnector.java:doStop(318)) - Stopped ServerConnector@7add323c{HTTP/1.1,[http/1.1]}{0.0.0.0:0}
2019-10-28 11:33:28,449 [main] INFO  handler.ContextHandler (ContextHandler.java:doStop(910)) - Stopped o.e.j.s.ServletContextHandler@2d9dff65{/static,jar:file:/home/user/.m2/repository/org/apache/hadoop/hadoop-hdds-container-service/0.5.0-SNAPSHOT/hadoop-hdds-container-service-0.5.0-SNAPSHOT.jar!/webapps/static,UNAVAILABLE}
2019-10-28 11:33:28,449 [main] INFO  handler.ContextHandler (ContextHandler.java:doStop(910)) - Stopped o.e.j.s.ServletContextHandler@5b3a7ef5{/logs,file:///workdir/hadoop-ozone/integration-test/target/log,UNAVAILABLE}
2019-10-28 11:33:31,455 [java.util.concurrent.ThreadPoolExecutor$Worker@588db654[State = -1, empty queue]] WARN  server.GrpcLogAppender (GrpcLogAppender.java:timeoutAppendRequest(209)) - a4a68fdc-9c21-417a-8215-14845568ad90@group-2BBC40871E24->bb175ec5-5e98-4251-9728-8e1e745e4fa1-GrpcLogAppender: appendEntries Timeout, request=a4a68fdc-9c21-417a-8215-14845568ad90->bb175ec5-5e98-4251-9728-8e1e745e4fa1#8-t3, previous=(t:3, i:4), leaderCommit=4, initializing? false, entries: size=1, first=(t:3, i:5), STATEMACHINELOGENTRY, client-8D88133FDDEB, cid=8
2019-10-28 11:33:31,456 [java.util.concurrent.ThreadPoolExecutor$Worker@588db654[State = -1, empty queue]] WARN  server.GrpcLogAppender (GrpcLogAppender.java:timeoutAppendRequest(209)) - a4a68fdc-9c21-417a-8215-14845568ad90@group-2BBC40871E24->bb175ec5-5e98-4251-9728-8e1e745e4fa1-GrpcLogAppender: appendEntries Timeout, request=a4a68fdc-9c21-417a-8215-14845568ad90->bb175ec5-5e98-4251-9728-8e1e745e4fa1#9-t3, previous=(t:3, i:5), leaderCommit=4, initializing? false, entries: size=1, first=(t:3, i:6), STATEMACHINELOGENTRY, client-8D88133FDDEB, cid=9
2019-10-28 11:33:31,467 [java.util.concurrent.ThreadPoolExecutor$Worker@588db654[State = -1, empty queue]] WARN  server.GrpcLogAppender (GrpcLogAppender.java:timeoutAppendRequest(209)) - a4a68fdc-9c21-417a-8215-14845568ad90@group-2BBC40871E24->bb175ec5-5e98-4251-9728-8e1e745e4fa1-GrpcLogAppender: appendEntries Timeout, request=a4a68fdc-9c21-417a-8215-14845568ad90->bb175ec5-5e98-4251-9728-8e1e745e4fa1#10-t3, previous=(t:3, i:6), leaderCommit=6, initializing? false, entries: size=1, first=(t:3, i:7), METADATAENTRY(c5)
2019-10-28 11:33:31,467 [java.util.concurrent.ThreadPoolExecutor$Worker@588db654[State = -1, empty queue]] WARN  server.GrpcLogAppender (GrpcLogAppender.java:timeoutAppendRequest(209)) - a4a68fdc-9c21-417a-8215-14845568ad90@group-2BBC40871E24->bb175ec5-5e98-4251-9728-8e1e745e4fa1-GrpcLogAppender: appendEntries Timeout, request=a4a68fdc-9c21-417a-8215-14845568ad90->bb175ec5-5e98-4251-9728-8e1e745e4fa1#11-t3, previous=(t:3, i:7), leaderCommit=6, initializing? false, entries: size=1, first=(t:3, i:8), METADATAENTRY(c6)
2019-10-28 11:33:33,970 [java.util.concurrent.ThreadPoolExecutor$Worker@588db654[State = -1, empty queue]] WARN  server.GrpcLogAppender (GrpcLogAppender.java:timeoutAppendRequest(209)) - a4a68fdc-9c21-417a-8215-14845568ad90@group-2BBC40871E24->bb175ec5-5e98-4251-9728-8e1e745e4fa1-GrpcLogAppender: appendEntries Timeout, request=a4a68fdc-9c21-417a-8215-14845568ad90->bb175ec5-5e98-4251-9728-8e1e745e4fa1#12-t3, previous=(t:3, i:8), leaderCommit=8, initializing? false, entries: <empty>
2019-10-28 11:33:36,472 [java.util.concurrent.ThreadPoolExecutor$Worker@588db654[State = -1, empty queue]] WARN  server.GrpcLogAppender (GrpcLogAppender.java:timeoutAppendRequest(209)) - a4a68fdc-9c21-417a-8215-14845568ad90@group-2BBC40871E24->bb175ec5-5e98-4251-9728-8e1e745e4fa1-GrpcLogAppender: appendEntries Timeout, request=a4a68fdc-9c21-417a-8215-14845568ad90->bb175ec5-5e98-4251-9728-8e1e745e4fa1#13-t3, previous=(t:3, i:8), leaderCommit=8, initializing? false, entries: <empty>
2019-10-28 11:33:38,687 [Thread-305] INFO  client.GrpcClientProtocolService (GrpcClientProtocolService.java:lambda$processClientRequest$0(278)) - Failed RaftClientRequest:client-8D88133FDDEB->a4a68fdc-9c21-417a-8215-14845568ad90@group-2BBC40871E24, cid=10, seq=0, Watch-ALL_COMMITTED(6), Message:<EMPTY>, reply=RaftClientReply:client-8D88133FDDEB->a4a68fdc-9c21-417a-8215-14845568ad90@group-2BBC40871E24, cid=10, FAILED org.apache.ratis.protocol.NotReplicatedException: Request with call Id 10 and log index 6 is not yet replicated to ALL_COMMITTED, logIndex=6, commits[a4a68fdc-9c21-417a-8215-14845568ad90:c8, 5aa0106d-b151-48db-b175-21e2bb54d20a:c8, bb175ec5-5e98-4251-9728-8e1e745e4fa1:c4]
2019-10-28 11:33:38,978 [java.util.concurrent.ThreadPoolExecutor$Worker@588db654[State = -1, empty queue]] WARN  server.GrpcLogAppender (GrpcLogAppender.java:timeoutAppendRequest(209)) - a4a68fdc-9c21-417a-8215-14845568ad90@group-2BBC40871E24->bb175ec5-5e98-4251-9728-8e1e745e4fa1-GrpcLogAppender: appendEntries Timeout, request=a4a68fdc-9c21-417a-8215-14845568ad90->bb175ec5-5e98-4251-9728-8e1e745e4fa1#14-t3, previous=(t:3, i:8), leaderCommit=8, initializing? false, entries: <empty>
2019-10-28 11:33:41,479 [java.util.concurrent.ThreadPoolExecutor$Worker@588db654[State = -1, empty queue]] WARN  server.GrpcLogAppender (GrpcLogAppender.java:timeoutAppendRequest(209)) - a4a68fdc-9c21-417a-8215-14845568ad90@group-2BBC40871E24->bb175ec5-5e98-4251-9728-8e1e745e4fa1-GrpcLogAppender: appendEntries Timeout, request=a4a68fdc-9c21-417a-8215-14845568ad90->bb175ec5-5e98-4251-9728-8e1e745e4fa1#15-t3, previous=(t:3, i:8), leaderCommit=8, initializing? false, entries: <empty>
2019-10-28 11:33:43,980 [java.util.concurrent.ThreadPoolExecutor$Worker@588db654[State = -1, empty queue]] WARN  server.GrpcLogAppender (GrpcLogAppender.java:timeoutAppendRequest(209)) - a4a68fdc-9c21-417a-8215-14845568ad90@group-2BBC40871E24->bb175ec5-5e98-4251-9728-8e1e745e4fa1-GrpcLogAppender: appendEntries Timeout, request=a4a68fdc-9c21-417a-8215-14845568ad90->bb175ec5-5e98-4251-9728-8e1e745e4fa1#16-t3, previous=(t:3, i:8), leaderCommit=8, initializing? false, entries: <empty>
2019-10-28 11:33:46,481 [java.util.concurrent.ThreadPoolExecutor$Worker@588db654[State = -1, empty queue]] WARN  server.GrpcLogAppender (GrpcLogAppender.java:timeoutAppendRequest(209)) - a4a68fdc-9c21-417a-8215-14845568ad90@group-2BBC40871E24->bb175ec5-5e98-4251-9728-8e1e745e4fa1-GrpcLogAppender: appendEntries Timeout, request=a4a68fdc-9c21-417a-8215-14845568ad90->bb175ec5-5e98-4251-9728-8e1e745e4fa1#17-t3, previous=(t:3, i:8), leaderCommit=8, initializing? false, entries: <empty>
2019-10-28 11:33:48,530 [Thread-314] INFO  client.GrpcClientProtocolService (GrpcClientProtocolService.java:lambda$processClientRequest$0(278)) - Failed RaftClientRequest:client-8D88133FDDEB->5aa0106d-b151-48db-b175-21e2bb54d20a@group-2BBC40871E24, cid=10, seq=0, Watch-ALL_COMMITTED(6), Message:<EMPTY>, reply=RaftClientReply:client-8D88133FDDEB->5aa0106d-b151-48db-b175-21e2bb54d20a@group-2BBC40871E24, cid=10, FAILED org.apache.ratis.protocol.NotLeaderException: Server 5aa0106d-b151-48db-b175-21e2bb54d20a@group-2BBC40871E24 is not the leader a4a68fdc-9c21-417a-8215-14845568ad90:192.168.164.193:36183, logIndex=0, commits[5aa0106d-b151-48db-b175-21e2bb54d20a:c8, a4a68fdc-9c21-417a-8215-14845568ad90:c8, bb175ec5-5e98-4251-9728-8e1e745e4fa1:c4]
2019-10-28 11:33:48,682 [Thread-317] INFO  client.GrpcClientProtocolService (GrpcClientProtocolService.java:lambda$processClientRequest$0(278)) - Failed RaftClientRequest:client-8D88133FDDEB->a4a68fdc-9c21-417a-8215-14845568ad90@group-2BBC40871E24, cid=10, seq=0, Watch-ALL_COMMITTED(6), Message:<EMPTY>, reply=RaftClientReply:client-8D88133FDDEB->a4a68fdc-9c21-417a-8215-14845568ad90@group-2BBC40871E24, cid=10, FAILED org.apache.ratis.protocol.NotReplicatedException: Request with call Id 10 and log index 6 is not yet replicated to ALL_COMMITTED, logIndex=6, commits[a4a68fdc-9c21-417a-8215-14845568ad90:c8, 5aa0106d-b151-48db-b175-21e2bb54d20a:c8, bb175ec5-5e98-4251-9728-8e1e745e4fa1:c4]
2019-10-28 11:33:48,981 [java.util.concurrent.ThreadPoolExecutor$Worker@588db654[State = -1, empty queue]] WARN  server.GrpcLogAppender (GrpcLogAppender.java:timeoutAppendRequest(209)) - a4a68fdc-9c21-417a-8215-14845568ad90@group-2BBC40871E24->bb175ec5-5e98-4251-9728-8e1e745e4fa1-GrpcLogAppender: appendEntries Timeout, request=a4a68fdc-9c21-417a-8215-14845568ad90->bb175ec5-5e98-4251-9728-8e1e745e4fa1#18-t3, previous=(t:3, i:8), leaderCommit=8, initializing? false, entries: <empty>
2019-10-28 11:33:51,482 [java.util.concurrent.ThreadPoolExecutor$Worker@588db654[State = -1, empty queue]] WARN  server.GrpcLogAppender (GrpcLogAppender.java:timeoutAppendRequest(209)) - a4a68fdc-9c21-417a-8215-14845568ad90@group-2BBC40871E24->bb175ec5-5e98-4251-9728-8e1e745e4fa1-GrpcLogAppender: appendEntries Timeout, request=a4a68fdc-9c21-417a-8215-14845568ad90->bb175ec5-5e98-4251-9728-8e1e745e4fa1#19-t3, previous=(t:3, i:8), leaderCommit=8, initializing? false, entries: <empty>
2019-10-28 11:33:53,987 [java.util.concurrent.ThreadPoolExecutor$Worker@588db654[State = -1, empty queue]] WARN  server.GrpcLogAppender (GrpcLogAppender.java:timeoutAppendRequest(209)) - a4a68fdc-9c21-417a-8215-14845568ad90@group-2BBC40871E24->bb175ec5-5e98-4251-9728-8e1e745e4fa1-GrpcLogAppender: appendEntries Timeout, request=a4a68fdc-9c21-417a-8215-14845568ad90->bb175ec5-5e98-4251-9728-8e1e745e4fa1#20-t3, previous=(t:3, i:8), leaderCommit=8, initializing? false, entries: <empty>
2019-10-28 11:33:56,489 [java.util.concurrent.ThreadPoolExecutor$Worker@588db654[State = -1, empty queue]] WARN  server.GrpcLogAppender (GrpcLogAppender.java:timeoutAppendRequest(209)) - a4a68fdc-9c21-417a-8215-14845568ad90@group-2BBC40871E24->bb175ec5-5e98-4251-9728-8e1e745e4fa1-GrpcLogAppender: appendEntries Timeout, request=a4a68fdc-9c21-417a-8215-14845568ad90->bb175ec5-5e98-4251-9728-8e1e745e4fa1#21-t3, previous=(t:3, i:8), leaderCommit=8, initializing? false, entries: <empty>
2019-10-28 11:33:58,481 [main] WARN  scm.XceiverClientRatis (XceiverClientRatis.java:watchForCommit(277)) - 3 way commit failed on pipeline Pipeline[ Id: 673f7971-0954-4a65-9d1b-2bbc40871e24, Nodes: bb175ec5-5e98-4251-9728-8e1e745e4fa1{ip: 192.168.164.193, host: pr-hdds-2292-97wmq-4261317731, networkLocation: /default-rack, certSerialId: null}a4a68fdc-9c21-417a-8215-14845568ad90{ip: 192.168.164.193, host: pr-hdds-2292-97wmq-4261317731, networkLocation: /default-rack, certSerialId: null}5aa0106d-b151-48db-b175-21e2bb54d20a{ip: 192.168.164.193, host: pr-hdds-2292-97wmq-4261317731, networkLocation: /default-rack, certSerialId: null}, Type:RATIS, Factor:THREE, State:OPEN]
java.util.concurrent.TimeoutException
	at java.util.concurrent.CompletableFuture.timedGet(CompletableFuture.java:1771)
	at java.util.concurrent.CompletableFuture.get(CompletableFuture.java:1915)
	at org.apache.hadoop.hdds.scm.XceiverClientRatis.watchForCommit(XceiverClientRatis.java:274)
	at org.apache.hadoop.hdds.scm.storage.CommitWatcher.watchForCommit(CommitWatcher.java:198)
	at org.apache.hadoop.hdds.scm.storage.CommitWatcher.watchOnLastIndex(CommitWatcher.java:161)
	at org.apache.hadoop.hdds.scm.storage.BlockOutputStream.watchForCommit(BlockOutputStream.java:346)
	at org.apache.hadoop.hdds.scm.storage.BlockOutputStream.handleFlush(BlockOutputStream.java:482)
	at org.apache.hadoop.hdds.scm.storage.BlockOutputStream.close(BlockOutputStream.java:496)
	at org.apache.hadoop.ozone.client.io.BlockOutputStreamEntry.close(BlockOutputStreamEntry.java:143)
	at org.apache.hadoop.ozone.client.io.KeyOutputStream.handleFlushOrClose(KeyOutputStream.java:435)
	at org.apache.hadoop.ozone.client.io.KeyOutputStream.close(KeyOutputStream.java:473)
	at org.apache.hadoop.ozone.client.io.OzoneOutputStream.close(OzoneOutputStream.java:60)
	at org.apache.hadoop.ozone.client.rpc.TestDeleteWithSlowFollower.testDeleteKeyWithSlowFollower(TestDeleteWithSlowFollower.java:193)
	at sun.reflect.NativeMethodAccessorImpl.invoke0(Native Method)
	at sun.reflect.NativeMethodAccessorImpl.invoke(NativeMethodAccessorImpl.java:62)
	at sun.reflect.DelegatingMethodAccessorImpl.invoke(DelegatingMethodAccessorImpl.java:43)
	at java.lang.reflect.Method.invoke(Method.java:498)
	at org.junit.runners.model.FrameworkMethod$1.runReflectiveCall(FrameworkMethod.java:47)
	at org.junit.internal.runners.model.ReflectiveCallable.run(ReflectiveCallable.java:12)
	at org.junit.runners.model.FrameworkMethod.invokeExplosively(FrameworkMethod.java:44)
	at org.junit.internal.runners.statements.InvokeMethod.evaluate(InvokeMethod.java:17)
	at org.junit.runners.ParentRunner.runLeaf(ParentRunner.java:271)
	at org.junit.runners.BlockJUnit4ClassRunner.runChild(BlockJUnit4ClassRunner.java:70)
	at org.junit.runners.BlockJUnit4ClassRunner.runChild(BlockJUnit4ClassRunner.java:50)
	at org.junit.runners.ParentRunner$3.run(ParentRunner.java:238)
	at org.junit.runners.ParentRunner$1.schedule(ParentRunner.java:63)
	at org.junit.runners.ParentRunner.runChildren(ParentRunner.java:236)
	at org.junit.runners.ParentRunner.access$000(ParentRunner.java:53)
	at org.junit.runners.ParentRunner$2.evaluate(ParentRunner.java:229)
	at org.junit.internal.runners.statements.RunBefores.evaluate(RunBefores.java:26)
	at org.junit.internal.runners.statements.RunAfters.evaluate(RunAfters.java:27)
	at org.junit.runners.ParentRunner.run(ParentRunner.java:309)
	at org.apache.maven.surefire.junit4.JUnit4Provider.execute(JUnit4Provider.java:365)
	at org.apache.maven.surefire.junit4.JUnit4Provider.executeWithRerun(JUnit4Provider.java:273)
	at org.apache.maven.surefire.junit4.JUnit4Provider.executeTestSet(JUnit4Provider.java:238)
	at org.apache.maven.surefire.junit4.JUnit4Provider.invoke(JUnit4Provider.java:159)
	at org.apache.maven.surefire.booter.ForkedBooter.invokeProviderInSameClassLoader(ForkedBooter.java:384)
	at org.apache.maven.surefire.booter.ForkedBooter.runSuitesInProcess(ForkedBooter.java:345)
	at org.apache.maven.surefire.booter.ForkedBooter.execute(ForkedBooter.java:126)
	at org.apache.maven.surefire.booter.ForkedBooter.main(ForkedBooter.java:418)
2019-10-28 11:33:58,493 [Thread-325] INFO  client.GrpcClientProtocolService (GrpcClientProtocolService.java:lambda$processClientRequest$0(278)) - Failed RaftClientRequest:client-8D88133FDDEB->5aa0106d-b151-48db-b175-21e2bb54d20a@group-2BBC40871E24, cid=11, seq=0, Watch-MAJORITY_COMMITTED(6), Message:<EMPTY>, reply=RaftClientReply:client-8D88133FDDEB->5aa0106d-b151-48db-b175-21e2bb54d20a@group-2BBC40871E24, cid=11, FAILED org.apache.ratis.protocol.NotLeaderException: Server 5aa0106d-b151-48db-b175-21e2bb54d20a@group-2BBC40871E24 is not the leader a4a68fdc-9c21-417a-8215-14845568ad90:192.168.164.193:36183, logIndex=0, commits[5aa0106d-b151-48db-b175-21e2bb54d20a:c8, a4a68fdc-9c21-417a-8215-14845568ad90:c8, bb175ec5-5e98-4251-9728-8e1e745e4fa1:c4]
2019-10-28 11:33:58,513 [main] INFO  scm.XceiverClientRatis (XceiverClientRatis.java:lambda$watchForCommit$5(295)) - Could not commit index 6 on pipeline Pipeline[ Id: 673f7971-0954-4a65-9d1b-2bbc40871e24, Nodes: bb175ec5-5e98-4251-9728-8e1e745e4fa1{ip: 192.168.164.193, host: pr-hdds-2292-97wmq-4261317731, networkLocation: /default-rack, certSerialId: null}a4a68fdc-9c21-417a-8215-14845568ad90{ip: 192.168.164.193, host: pr-hdds-2292-97wmq-4261317731, networkLocation: /default-rack, certSerialId: null}5aa0106d-b151-48db-b175-21e2bb54d20a{ip: 192.168.164.193, host: pr-hdds-2292-97wmq-4261317731, networkLocation: /default-rack, certSerialId: null}, Type:RATIS, Factor:THREE, State:OPEN] to all the nodes. Server bb175ec5-5e98-4251-9728-8e1e745e4fa1 has failed. Committed by majority.
2019-10-28 11:33:58,515 [main] WARN  storage.BlockOutputStream (BlockOutputStream.java:watchForCommit(352)) - Failed to commit BlockId conID: 1 locID: 103039788821643264 bcsId: 6 on Pipeline[ Id: 673f7971-0954-4a65-9d1b-2bbc40871e24, Nodes: bb175ec5-5e98-4251-9728-8e1e745e4fa1{ip: 192.168.164.193, host: pr-hdds-2292-97wmq-4261317731, networkLocation: /default-rack, certSerialId: null}a4a68fdc-9c21-417a-8215-14845568ad90{ip: 192.168.164.193, host: pr-hdds-2292-97wmq-4261317731, networkLocation: /default-rack, certSerialId: null}5aa0106d-b151-48db-b175-21e2bb54d20a{ip: 192.168.164.193, host: pr-hdds-2292-97wmq-4261317731, networkLocation: /default-rack, certSerialId: null}, Type:RATIS, Factor:THREE, State:OPEN]. Failed nodes: [bb175ec5-5e98-4251-9728-8e1e745e4fa1{ip: null, host: null, networkLocation: /default-rack, certSerialId: null}]
2019-10-28 11:33:58,683 [Thread-334] INFO  client.GrpcClientProtocolService (GrpcClientProtocolService.java:lambda$processClientRequest$0(278)) - Failed RaftClientRequest:client-8D88133FDDEB->a4a68fdc-9c21-417a-8215-14845568ad90@group-2BBC40871E24, cid=10, seq=0, Watch-ALL_COMMITTED(6), Message:<EMPTY>, reply=RaftClientReply:client-8D88133FDDEB->a4a68fdc-9c21-417a-8215-14845568ad90@group-2BBC40871E24, cid=10, FAILED org.apache.ratis.protocol.NotReplicatedException: Request with call Id 10 and log index 6 is not yet replicated to ALL_COMMITTED, logIndex=6, commits[a4a68fdc-9c21-417a-8215-14845568ad90:c8, 5aa0106d-b151-48db-b175-21e2bb54d20a:c8, bb175ec5-5e98-4251-9728-8e1e745e4fa1:c4]
2019-10-28 11:33:58,990 [java.util.concurrent.ThreadPoolExecutor$Worker@588db654[State = -1, empty queue]] WARN  server.GrpcLogAppender (GrpcLogAppender.java:timeoutAppendRequest(209)) - a4a68fdc-9c21-417a-8215-14845568ad90@group-2BBC40871E24->bb175ec5-5e98-4251-9728-8e1e745e4fa1-GrpcLogAppender: appendEntries Timeout, request=a4a68fdc-9c21-417a-8215-14845568ad90->bb175ec5-5e98-4251-9728-8e1e745e4fa1#22-t3, previous=(t:3, i:8), leaderCommit=8, initializing? false, entries: <empty>
2019-10-28 11:33:59,606 [EventQueue-ContainerReportForContainerReportHandler] WARN  container.ContainerReportHandler (AbstractContainerReportHandler.java:updateContainerState(145)) - Container #1 is in OPEN state, but the datanode a4a68fdc-9c21-417a-8215-14845568ad90{ip: 192.168.164.193, host: pr-hdds-2292-97wmq-4261317731, networkLocation: /default-rack, certSerialId: null} reports an CLOSING replica.
2019-10-28 11:33:59,607 [EventQueue-IncrementalContainerReportForIncrementalContainerReportHandler] WARN  container.IncrementalContainerReportHandler (AbstractContainerReportHandler.java:updateContainerState(145)) - Container #1 is in OPEN state, but the datanode a4a68fdc-9c21-417a-8215-14845568ad90{ip: 192.168.164.193, host: pr-hdds-2292-97wmq-4261317731, networkLocation: /default-rack, certSerialId: null} reports an CLOSING replica.
2019-10-28 11:33:59,617 [RatisApplyTransactionExecutor 1] INFO  interfaces.Container (KeyValueContainer.java:flushAndSyncDB(386)) - Container 1 is synced with bcsId 6.
2019-10-28 11:33:59,617 [RatisApplyTransactionExecutor 1] INFO  interfaces.Container (KeyValueContainer.java:flushAndSyncDB(386)) - Container 1 is synced with bcsId 6.
2019-10-28 11:33:59,620 [EventQueue-IncrementalContainerReportForIncrementalContainerReportHandler] WARN  container.IncrementalContainerReportHandler (AbstractContainerReportHandler.java:updateContainerState(145)) - Container #1 is in OPEN state, but the datanode 5aa0106d-b151-48db-b175-21e2bb54d20a{ip: 192.168.164.193, host: pr-hdds-2292-97wmq-4261317731, networkLocation: /default-rack, certSerialId: null} reports an CLOSING replica.
2019-10-28 11:33:59,622 [RatisApplyTransactionExecutor 1] INFO  interfaces.Container (KeyValueContainer.java:flushAndSyncDB(386)) - Container 1 is synced with bcsId 6.
2019-10-28 11:33:59,623 [RatisApplyTransactionExecutor 1] INFO  interfaces.Container (KeyValueContainer.java:flushAndSyncDB(386)) - Container 1 is synced with bcsId 6.
2019-10-28 11:33:59,623 [RatisApplyTransactionExecutor 1] INFO  interfaces.Container (KeyValueContainer.java:close(335)) - Container 1 is closed with bcsId 6.
2019-10-28 11:33:59,626 [EventQueue-IncrementalContainerReportForIncrementalContainerReportHandler] WARN  container.IncrementalContainerReportHandler (AbstractContainerReportHandler.java:updateContainerState(145)) - Container #1 is in OPEN state, but the datanode a4a68fdc-9c21-417a-8215-14845568ad90{ip: 192.168.164.193, host: pr-hdds-2292-97wmq-4261317731, networkLocation: /default-rack, certSerialId: null} reports an CLOSED replica.
2019-10-28 11:33:59,640 [RatisApplyTransactionExecutor 1] INFO  interfaces.Container (KeyValueContainer.java:close(335)) - Container 1 is closed with bcsId 6.
2019-10-28 11:33:59,642 [EventQueue-IncrementalContainerReportForIncrementalContainerReportHandler] WARN  container.IncrementalContainerReportHandler (AbstractContainerReportHandler.java:updateContainerState(145)) - Container #1 is in OPEN state, but the datanode 5aa0106d-b151-48db-b175-21e2bb54d20a{ip: 192.168.164.193, host: pr-hdds-2292-97wmq-4261317731, networkLocation: /default-rack, certSerialId: null} reports an CLOSED replica.
2019-10-28 11:33:59,643 [BlockDeletingService#2] WARN  background.BlockDeletingService (BlockDeletingService.java:isDeletionAllowed(187)) - Close Container log Index 6 is not replicated across allthe servers in the pipeline 673f7971-0954-4a65-9d1b-2bbc40871e24 as the min replicated index is 4. Deletion is not allowed in this container yet.
2019-10-28 11:33:59,742 [EventQueue-ContainerReportForContainerReportHandler] WARN  container.ContainerReportHandler (AbstractContainerReportHandler.java:updateContainerState(145)) - Container #1 is in OPEN state, but the datanode 5aa0106d-b151-48db-b175-21e2bb54d20a{ip: 192.168.164.193, host: pr-hdds-2292-97wmq-4261317731, networkLocation: /default-rack, certSerialId: null} reports an CLOSED replica.
2019-10-28 11:33:59,924 [EventQueue-ContainerReportForContainerReportHandler] WARN  container.ContainerReportHandler (AbstractContainerReportHandler.java:updateContainerState(145)) - Container #1 is in OPEN state, but the datanode a4a68fdc-9c21-417a-8215-14845568ad90{ip: 192.168.164.193, host: pr-hdds-2292-97wmq-4261317731, networkLocation: /default-rack, certSerialId: null} reports an CLOSED replica.
2019-10-28 11:33:59,942 [EventQueue-ContainerReportForContainerReportHandler] WARN  container.ContainerReportHandler (AbstractContainerReportHandler.java:updateContainerState(145)) - Container #1 is in OPEN state, but the datanode 5aa0106d-b151-48db-b175-21e2bb54d20a{ip: 192.168.164.193, host: pr-hdds-2292-97wmq-4261317731, networkLocation: /default-rack, certSerialId: null} reports an CLOSED replica.
2019-10-28 11:34:00,124 [EventQueue-ContainerReportForContainerReportHandler] WARN  container.ContainerReportHandler (AbstractContainerReportHandler.java:updateContainerState(145)) - Container #1 is in OPEN state, but the datanode a4a68fdc-9c21-417a-8215-14845568ad90{ip: 192.168.164.193, host: pr-hdds-2292-97wmq-4261317731, networkLocation: /default-rack, certSerialId: null} reports an CLOSED replica.
2019-10-28 11:34:00,323 [EventQueue-ContainerReportForContainerReportHandler] WARN  container.ContainerReportHandler (AbstractContainerReportHandler.java:updateContainerState(145)) - Container #1 is in OPEN state, but the datanode a4a68fdc-9c21-417a-8215-14845568ad90{ip: 192.168.164.193, host: pr-hdds-2292-97wmq-4261317731, networkLocation: /default-rack, certSerialId: null} reports an CLOSED replica.
2019-10-28 11:34:00,342 [EventQueue-ContainerReportForContainerReportHandler] WARN  container.ContainerReportHandler (AbstractContainerReportHandler.java:updateContainerState(145)) - Container #1 is in OPEN state, but the datanode 5aa0106d-b151-48db-b175-21e2bb54d20a{ip: 192.168.164.193, host: pr-hdds-2292-97wmq-4261317731, networkLocation: /default-rack, certSerialId: null} reports an CLOSED replica.
2019-10-28 11:34:00,488 [IPC Server handler 0 on 37883] INFO  server.SCMBlockProtocolServer (SCMBlockProtocolServer.java:deleteKeyBlocks(212)) - SCM is informed by OM to delete 1 blocks
2019-10-28 11:34:00,489 [IPC Server handler 0 on 37883] INFO  block.BlockManagerImpl (BlockManagerImpl.java:deleteBlocks(285)) - Deleting blocks conID: 1 locID: 103039788821643264 bcsId: 0
2019-10-28 11:34:00,541 [EventQueue-ContainerReportForContainerReportHandler] WARN  container.ContainerReportHandler (AbstractContainerReportHandler.java:updateContainerState(145)) - Container #1 is in OPEN state, but the datanode 5aa0106d-b151-48db-b175-21e2bb54d20a{ip: 192.168.164.193, host: pr-hdds-2292-97wmq-4261317731, networkLocation: /default-rack, certSerialId: null} reports an CLOSED replica.
2019-10-28 11:34:00,625 [BlockDeletingService#2] WARN  background.BlockDeletingService (BlockDeletingService.java:isDeletionAllowed(187)) - Close Container log Index 6 is not replicated across allthe servers in the pipeline 673f7971-0954-4a65-9d1b-2bbc40871e24 as the min replicated index is 4. Deletion is not allowed in this container yet.
2019-10-28 11:34:00,644 [BlockDeletingService#2] WARN  background.BlockDeletingService (BlockDeletingService.java:isDeletionAllowed(187)) - Close Container log Index 6 is not replicated across allthe servers in the pipeline 673f7971-0954-4a65-9d1b-2bbc40871e24 as the min replicated index is 4. Deletion is not allowed in this container yet.
2019-10-28 11:34:00,726 [EventQueue-ContainerReportForContainerReportHandler] WARN  container.ContainerReportHandler (AbstractContainerReportHandler.java:updateContainerState(145)) - Container #1 is in OPEN state, but the datanode a4a68fdc-9c21-417a-8215-14845568ad90{ip: 192.168.164.193, host: pr-hdds-2292-97wmq-4261317731, networkLocation: /default-rack, certSerialId: null} reports an CLOSED replica.
2019-10-28 11:34:00,841 [EventQueue-ContainerReportForContainerReportHandler] WARN  container.ContainerReportHandler (AbstractContainerReportHandler.java:updateContainerState(145)) - Container #1 is in OPEN state, but the datanode 5aa0106d-b151-48db-b175-21e2bb54d20a{ip: 192.168.164.193, host: pr-hdds-2292-97wmq-4261317731, networkLocation: /default-rack, certSerialId: null} reports an CLOSED replica.
2019-10-28 11:34:01,026 [EventQueue-ContainerReportForContainerReportHandler] WARN  container.ContainerReportHandler (AbstractContainerReportHandler.java:updateContainerState(145)) - Container #1 is in OPEN state, but the datanode a4a68fdc-9c21-417a-8215-14845568ad90{ip: 192.168.164.193, host: pr-hdds-2292-97wmq-4261317731, networkLocation: /default-rack, certSerialId: null} reports an CLOSED replica.
2019-10-28 11:34:01,141 [EventQueue-ContainerReportForContainerReportHandler] WARN  container.ContainerReportHandler (AbstractContainerReportHandler.java:updateContainerState(145)) - Container #1 is in OPEN state, but the datanode 5aa0106d-b151-48db-b175-21e2bb54d20a{ip: 192.168.164.193, host: pr-hdds-2292-97wmq-4261317731, networkLocation: /default-rack, certSerialId: null} reports an CLOSED replica.
2019-10-28 11:34:01,327 [EventQueue-ContainerReportForContainerReportHandler] WARN  container.ContainerReportHandler (AbstractContainerReportHandler.java:updateContainerState(145)) - Container #1 is in OPEN state, but the datanode a4a68fdc-9c21-417a-8215-14845568ad90{ip: 192.168.164.193, host: pr-hdds-2292-97wmq-4261317731, networkLocation: /default-rack, certSerialId: null} reports an CLOSED replica.
2019-10-28 11:34:01,342 [EventQueue-ContainerReportForContainerReportHandler] WARN  container.ContainerReportHandler (AbstractContainerReportHandler.java:updateContainerState(145)) - Container #1 is in OPEN state, but the datanode 5aa0106d-b151-48db-b175-21e2bb54d20a{ip: 192.168.164.193, host: pr-hdds-2292-97wmq-4261317731, networkLocation: /default-rack, certSerialId: null} reports an CLOSED replica.
2019-10-28 11:34:01,491 [java.util.concurrent.ThreadPoolExecutor$Worker@588db654[State = -1, empty queue]] WARN  server.GrpcLogAppender (GrpcLogAppender.java:timeoutAppendRequest(209)) - a4a68fdc-9c21-417a-8215-14845568ad90@group-2BBC40871E24->bb175ec5-5e98-4251-9728-8e1e745e4fa1-GrpcLogAppender: appendEntries Timeout, request=a4a68fdc-9c21-417a-8215-14845568ad90->bb175ec5-5e98-4251-9728-8e1e745e4fa1#23-t3, previous=(t:3, i:8), leaderCommit=8, initializing? false, entries: <empty>
2019-10-28 11:34:01,628 [BlockDeletingService#2] WARN  background.BlockDeletingService (BlockDeletingService.java:isDeletionAllowed(187)) - Close Container log Index 6 is not replicated across allthe servers in the pipeline 673f7971-0954-4a65-9d1b-2bbc40871e24 as the min replicated index is 4. Deletion is not allowed in this container yet.
2019-10-28 11:34:01,641 [EventQueue-ContainerReportForContainerReportHandler] WARN  container.ContainerReportHandler (AbstractContainerReportHandler.java:updateContainerState(145)) - Container #1 is in OPEN state, but the datanode 5aa0106d-b151-48db-b175-21e2bb54d20a{ip: 192.168.164.193, host: pr-hdds-2292-97wmq-4261317731, networkLocation: /default-rack, certSerialId: null} reports an CLOSED replica.
2019-10-28 11:34:01,645 [BlockDeletingService#2] WARN  background.BlockDeletingService (BlockDeletingService.java:isDeletionAllowed(187)) - Close Container log Index 6 is not replicated across allthe servers in the pipeline 673f7971-0954-4a65-9d1b-2bbc40871e24 as the min replicated index is 4. Deletion is not allowed in this container yet.
2019-10-28 11:34:01,727 [EventQueue-ContainerReportForContainerReportHandler] WARN  container.ContainerReportHandler (AbstractContainerReportHandler.java:updateContainerState(145)) - Container #1 is in OPEN state, but the datanode a4a68fdc-9c21-417a-8215-14845568ad90{ip: 192.168.164.193, host: pr-hdds-2292-97wmq-4261317731, networkLocation: /default-rack, certSerialId: null} reports an CLOSED replica.
2019-10-28 11:34:01,941 [EventQueue-ContainerReportForContainerReportHandler] WARN  container.ContainerReportHandler (AbstractContainerReportHandler.java:updateContainerState(145)) - Container #1 is in OPEN state, but the datanode 5aa0106d-b151-48db-b175-21e2bb54d20a{ip: 192.168.164.193, host: pr-hdds-2292-97wmq-4261317731, networkLocation: /default-rack, certSerialId: null} reports an CLOSED replica.
2019-10-28 11:34:02,027 [EventQueue-ContainerReportForContainerReportHandler] WARN  container.ContainerReportHandler (AbstractContainerReportHandler.java:updateContainerState(145)) - Container #1 is in OPEN state, but the datanode a4a68fdc-9c21-417a-8215-14845568ad90{ip: 192.168.164.193, host: pr-hdds-2292-97wmq-4261317731, networkLocation: /default-rack, certSerialId: null} reports an CLOSED replica.
2019-10-28 11:34:02,242 [EventQueue-ContainerReportForContainerReportHandler] WARN  container.ContainerReportHandler (AbstractContainerReportHandler.java:updateContainerState(145)) - Container #1 is in OPEN state, but the datanode 5aa0106d-b151-48db-b175-21e2bb54d20a{ip: 192.168.164.193, host: pr-hdds-2292-97wmq-4261317731, networkLocation: /default-rack, certSerialId: null} reports an CLOSED replica.
2019-10-28 11:34:02,327 [EventQueue-ContainerReportForContainerReportHandler] WARN  container.ContainerReportHandler (AbstractContainerReportHandler.java:updateContainerState(145)) - Container #1 is in OPEN state, but the datanode a4a68fdc-9c21-417a-8215-14845568ad90{ip: 192.168.164.193, host: pr-hdds-2292-97wmq-4261317731, networkLocation: /default-rack, certSerialId: null} reports an CLOSED replica.
2019-10-28 11:34:02,528 [EventQueue-ContainerReportForContainerReportHandler] WARN  container.ContainerReportHandler (AbstractContainerReportHandler.java:updateContainerState(145)) - Container #1 is in OPEN state, but the datanode a4a68fdc-9c21-417a-8215-14845568ad90{ip: 192.168.164.193, host: pr-hdds-2292-97wmq-4261317731, networkLocation: /default-rack, certSerialId: null} reports an CLOSED replica.
2019-10-28 11:34:02,578 [java.util.concurrent.ThreadPoolExecutor$Worker@588db654[State = -1, empty queue]] WARN  server.GrpcLogAppender (GrpcLogAppender.java:timeoutAppendRequest(209)) - a4a68fdc-9c21-417a-8215-14845568ad90@group-2BBC40871E24->bb175ec5-5e98-4251-9728-8e1e745e4fa1-GrpcLogAppender: appendEntries Timeout, request=a4a68fdc-9c21-417a-8215-14845568ad90->bb175ec5-5e98-4251-9728-8e1e745e4fa1#24-t3, previous=(t:3, i:8), leaderCommit=8, initializing? false, entries: size=1, first=(t:3, i:9), STATEMACHINELOGENTRY, client-51BBC9F0507F, cid=12
2019-10-28 11:34:02,591 [java.util.concurrent.ThreadPoolExecutor$Worker@588db654[State = -1, empty queue]] WARN  server.GrpcLogAppender (GrpcLogAppender.java:timeoutAppendRequest(209)) - a4a68fdc-9c21-417a-8215-14845568ad90@group-2BBC40871E24->bb175ec5-5e98-4251-9728-8e1e745e4fa1-GrpcLogAppender: appendEntries Timeout, request=a4a68fdc-9c21-417a-8215-14845568ad90->bb175ec5-5e98-4251-9728-8e1e745e4fa1#25-t3, previous=(t:3, i:9), leaderCommit=9, initializing? false, entries: size=1, first=(t:3, i:10), METADATAENTRY(c9)
2019-10-28 11:34:02,629 [BlockDeletingService#2] WARN  background.BlockDeletingService (BlockDeletingService.java:isDeletionAllowed(187)) - Close Container log Index 6 is not replicated across allthe servers in the pipeline 673f7971-0954-4a65-9d1b-2bbc40871e24 as the min replicated index is 4. Deletion is not allowed in this container yet.
2019-10-28 11:34:02,642 [EventQueue-ContainerReportForContainerReportHandler] WARN  container.ContainerReportHandler (AbstractContainerReportHandler.java:updateContainerState(145)) - Container #1 is in OPEN state, but the datanode 5aa0106d-b151-48db-b175-21e2bb54d20a{ip: 192.168.164.193, host: pr-hdds-2292-97wmq-4261317731, networkLocation: /default-rack, certSerialId: null} reports an CLOSED replica.
2019-10-28 11:34:02,646 [BlockDeletingService#2] WARN  background.BlockDeletingService (BlockDeletingService.java:isDeletionAllowed(187)) - Close Container log Index 6 is not replicated across allthe servers in the pipeline 673f7971-0954-4a65-9d1b-2bbc40871e24 as the min replicated index is 4. Deletion is not allowed in this container yet.
2019-10-28 11:34:02,828 [EventQueue-ContainerReportForContainerReportHandler] WARN  container.ContainerReportHandler (AbstractContainerReportHandler.java:updateContainerState(145)) - Container #1 is in OPEN state, but the datanode a4a68fdc-9c21-417a-8215-14845568ad90{ip: 192.168.164.193, host: pr-hdds-2292-97wmq-4261317731, networkLocation: /default-rack, certSerialId: null} reports an CLOSED replica.
2019-10-28 11:34:03,043 [EventQueue-ContainerReportForContainerReportHandler] WARN  container.ContainerReportHandler (AbstractContainerReportHandler.java:updateContainerState(145)) - Container #1 is in OPEN state, but the datanode 5aa0106d-b151-48db-b175-21e2bb54d20a{ip: 192.168.164.193, host: pr-hdds-2292-97wmq-4261317731, networkLocation: /default-rack, certSerialId: null} reports an CLOSED replica.
2019-10-28 11:34:03,128 [EventQueue-ContainerReportForContainerReportHandler] WARN  container.ContainerReportHandler (AbstractContainerReportHandler.java:updateContainerState(145)) - Container #1 is in OPEN state, but the datanode a4a68fdc-9c21-417a-8215-14845568ad90{ip: 192.168.164.193, host: pr-hdds-2292-97wmq-4261317731, networkLocation: /default-rack, certSerialId: null} reports an CLOSED replica.
2019-10-28 11:34:03,428 [EventQueue-ContainerReportForContainerReportHandler] WARN  container.ContainerReportHandler (AbstractContainerReportHandler.java:updateContainerState(145)) - Container #1 is in OPEN state, but the datanode a4a68fdc-9c21-417a-8215-14845568ad90{ip: 192.168.164.193, host: pr-hdds-2292-97wmq-4261317731, networkLocation: /default-rack, certSerialId: null} reports an CLOSED replica.
2019-10-28 11:34:03,444 [EventQueue-ContainerReportForContainerReportHandler] WARN  container.ContainerReportHandler (AbstractContainerReportHandler.java:updateContainerState(145)) - Container #1 is in OPEN state, but the datanode 5aa0106d-b151-48db-b175-21e2bb54d20a{ip: 192.168.164.193, host: pr-hdds-2292-97wmq-4261317731, networkLocation: /default-rack, certSerialId: null} reports an CLOSED replica.
2019-10-28 11:34:03,633 [BlockDeletingService#2] WARN  background.BlockDeletingService (BlockDeletingService.java:isDeletionAllowed(187)) - Close Container log Index 6 is not replicated across allthe servers in the pipeline 673f7971-0954-4a65-9d1b-2bbc40871e24 as the min replicated index is 4. Deletion is not allowed in this container yet.
2019-10-28 11:34:03,648 [BlockDeletingService#2] WARN  background.BlockDeletingService (BlockDeletingService.java:isDeletionAllowed(187)) - Close Container log Index 6 is not replicated across allthe servers in the pipeline 673f7971-0954-4a65-9d1b-2bbc40871e24 as the min replicated index is 4. Deletion is not allowed in this container yet.
2019-10-28 11:34:03,728 [EventQueue-ContainerReportForContainerReportHandler] WARN  container.ContainerReportHandler (AbstractContainerReportHandler.java:updateContainerState(145)) - Container #1 is in OPEN state, but the datanode a4a68fdc-9c21-417a-8215-14845568ad90{ip: 192.168.164.193, host: pr-hdds-2292-97wmq-4261317731, networkLocation: /default-rack, certSerialId: null} reports an CLOSED replica.
2019-10-28 11:34:03,744 [EventQueue-ContainerReportForContainerReportHandler] WARN  container.ContainerReportHandler (AbstractContainerReportHandler.java:updateContainerState(145)) - Container #1 is in OPEN state, but the datanode 5aa0106d-b151-48db-b175-21e2bb54d20a{ip: 192.168.164.193, host: pr-hdds-2292-97wmq-4261317731, networkLocation: /default-rack, certSerialId: null} reports an CLOSED replica.
2019-10-28 11:34:03,929 [EventQueue-ContainerReportForContainerReportHandler] WARN  container.ContainerReportHandler (AbstractContainerReportHandler.java:updateContainerState(145)) - Container #1 is in OPEN state, but the datanode a4a68fdc-9c21-417a-8215-14845568ad90{ip: 192.168.164.193, host: pr-hdds-2292-97wmq-4261317731, networkLocation: /default-rack, certSerialId: null} reports an CLOSED replica.
2019-10-28 11:34:04,044 [EventQueue-ContainerReportForContainerReportHandler] WARN  container.ContainerReportHandler (AbstractContainerReportHandler.java:updateContainerState(145)) - Container #1 is in OPEN state, but the datanode 5aa0106d-b151-48db-b175-21e2bb54d20a{ip: 192.168.164.193, host: pr-hdds-2292-97wmq-4261317731, networkLocation: /default-rack, certSerialId: null} reports an CLOSED replica.
2019-10-28 11:34:04,228 [EventQueue-ContainerReportForContainerReportHandler] WARN  container.ContainerReportHandler (AbstractContainerReportHandler.java:updateContainerState(145)) - Container #1 is in OPEN state, but the datanode a4a68fdc-9c21-417a-8215-14845568ad90{ip: 192.168.164.193, host: pr-hdds-2292-97wmq-4261317731, networkLocation: /default-rack, certSerialId: null} reports an CLOSED replica.
2019-10-28 11:34:04,243 [EventQueue-ContainerReportForContainerReportHandler] WARN  container.ContainerReportHandler (AbstractContainerReportHandler.java:updateContainerState(145)) - Container #1 is in OPEN state, but the datanode 5aa0106d-b151-48db-b175-21e2bb54d20a{ip: 192.168.164.193, host: pr-hdds-2292-97wmq-4261317731, networkLocation: /default-rack, certSerialId: null} reports an CLOSED replica.
2019-10-28 11:34:04,544 [EventQueue-ContainerReportForContainerReportHandler] WARN  container.ContainerReportHandler (AbstractContainerReportHandler.java:updateContainerState(145)) - Container #1 is in OPEN state, but the datanode 5aa0106d-b151-48db-b175-21e2bb54d20a{ip: 192.168.164.193, host: pr-hdds-2292-97wmq-4261317731, networkLocation: /default-rack, certSerialId: null} reports an CLOSED replica.
2019-10-28 11:34:04,629 [EventQueue-ContainerReportForContainerReportHandler] WARN  container.ContainerReportHandler (AbstractContainerReportHandler.java:updateContainerState(145)) - Container #1 is in OPEN state, but the datanode a4a68fdc-9c21-417a-8215-14845568ad90{ip: 192.168.164.193, host: pr-hdds-2292-97wmq-4261317731, networkLocation: /default-rack, certSerialId: null} reports an CLOSED replica.
2019-10-28 11:34:04,635 [BlockDeletingService#2] WARN  background.BlockDeletingService (BlockDeletingService.java:isDeletionAllowed(187)) - Close Container log Index 6 is not replicated across allthe servers in the pipeline 673f7971-0954-4a65-9d1b-2bbc40871e24 as the min replicated index is 4. Deletion is not allowed in this container yet.
2019-10-28 11:34:04,649 [BlockDeletingService#2] WARN  background.BlockDeletingService (BlockDeletingService.java:isDeletionAllowed(187)) - Close Container log Index 6 is not replicated across allthe servers in the pipeline 673f7971-0954-4a65-9d1b-2bbc40871e24 as the min replicated index is 4. Deletion is not allowed in this container yet.
2019-10-28 11:34:04,930 [EventQueue-ContainerReportForContainerReportHandler] WARN  container.ContainerReportHandler (AbstractContainerReportHandler.java:updateContainerState(145)) - Container #1 is in OPEN state, but the datanode a4a68fdc-9c21-417a-8215-14845568ad90{ip: 192.168.164.193, host: pr-hdds-2292-97wmq-4261317731, networkLocation: /default-rack, certSerialId: null} reports an CLOSED replica.
2019-10-28 11:34:04,944 [EventQueue-ContainerReportForContainerReportHandler] WARN  container.ContainerReportHandler (AbstractContainerReportHandler.java:updateContainerState(145)) - Container #1 is in OPEN state, but the datanode 5aa0106d-b151-48db-b175-21e2bb54d20a{ip: 192.168.164.193, host: pr-hdds-2292-97wmq-4261317731, networkLocation: /default-rack, certSerialId: null} reports an CLOSED replica.
2019-10-28 11:34:05,093 [java.util.concurrent.ThreadPoolExecutor$Worker@588db654[State = -1, empty queue]] WARN  server.GrpcLogAppender (GrpcLogAppender.java:timeoutAppendRequest(209)) - a4a68fdc-9c21-417a-8215-14845568ad90@group-2BBC40871E24->bb175ec5-5e98-4251-9728-8e1e745e4fa1-GrpcLogAppender: appendEntries Timeout, request=a4a68fdc-9c21-417a-8215-14845568ad90->bb175ec5-5e98-4251-9728-8e1e745e4fa1#26-t3, previous=(t:3, i:10), leaderCommit=10, initializing? false, entries: <empty>
2019-10-28 11:34:05,230 [EventQueue-ContainerReportForContainerReportHandler] WARN  container.ContainerReportHandler (AbstractContainerReportHandler.java:updateContainerState(145)) - Container #1 is in OPEN state, but the datanode a4a68fdc-9c21-417a-8215-14845568ad90{ip: 192.168.164.193, host: pr-hdds-2292-97wmq-4261317731, networkLocation: /default-rack, certSerialId: null} reports an CLOSED replica.
2019-10-28 11:34:05,245 [EventQueue-ContainerReportForContainerReportHandler] WARN  container.ContainerReportHandler (AbstractContainerReportHandler.java:updateContainerState(145)) - Container #1 is in OPEN state, but the datanode 5aa0106d-b151-48db-b175-21e2bb54d20a{ip: 192.168.164.193, host: pr-hdds-2292-97wmq-4261317731, networkLocation: /default-rack, certSerialId: null} reports an CLOSED replica.
2019-10-28 11:34:05,530 [EventQueue-ContainerReportForContainerReportHandler] WARN  container.ContainerReportHandler (AbstractContainerReportHandler.java:updateContainerState(145)) - Container #1 is in OPEN state, but the datanode a4a68fdc-9c21-417a-8215-14845568ad90{ip: 192.168.164.193, host: pr-hdds-2292-97wmq-4261317731, networkLocation: /default-rack, certSerialId: null} reports an CLOSED replica.
2019-10-28 11:34:05,546 [EventQueue-ContainerReportForContainerReportHandler] WARN  container.ContainerReportHandler (AbstractContainerReportHandler.java:updateContainerState(145)) - Container #1 is in OPEN state, but the datanode 5aa0106d-b151-48db-b175-21e2bb54d20a{ip: 192.168.164.193, host: pr-hdds-2292-97wmq-4261317731, networkLocation: /default-rack, certSerialId: null} reports an CLOSED replica.
2019-10-28 11:34:05,637 [BlockDeletingService#2] WARN  background.BlockDeletingService (BlockDeletingService.java:isDeletionAllowed(187)) - Close Container log Index 6 is not replicated across allthe servers in the pipeline 673f7971-0954-4a65-9d1b-2bbc40871e24 as the min replicated index is 4. Deletion is not allowed in this container yet.
2019-10-28 11:34:05,650 [BlockDeletingService#2] WARN  background.BlockDeletingService (BlockDeletingService.java:isDeletionAllowed(187)) - Close Container log Index 6 is not replicated across allthe servers in the pipeline 673f7971-0954-4a65-9d1b-2bbc40871e24 as the min replicated index is 4. Deletion is not allowed in this container yet.
2019-10-28 11:34:05,831 [EventQueue-ContainerReportForContainerReportHandler] WARN  container.ContainerReportHandler (AbstractContainerReportHandler.java:updateContainerState(145)) - Container #1 is in OPEN state, but the datanode a4a68fdc-9c21-417a-8215-14845568ad90{ip: 192.168.164.193, host: pr-hdds-2292-97wmq-4261317731, networkLocation: /default-rack, certSerialId: null} reports an CLOSED replica.
2019-10-28 11:34:05,946 [EventQueue-ContainerReportForContainerReportHandler] WARN  container.ContainerReportHandler (AbstractContainerReportHandler.java:updateContainerState(145)) - Container #1 is in OPEN state, but the datanode 5aa0106d-b151-48db-b175-21e2bb54d20a{ip: 192.168.164.193, host: pr-hdds-2292-97wmq-4261317731, networkLocation: /default-rack, certSerialId: null} reports an CLOSED replica.
2019-10-28 11:34:06,130 [EventQueue-ContainerReportForContainerReportHandler] WARN  container.ContainerReportHandler (AbstractContainerReportHandler.java:updateContainerState(145)) - Container #1 is in OPEN state, but the datanode a4a68fdc-9c21-417a-8215-14845568ad90{ip: 192.168.164.193, host: pr-hdds-2292-97wmq-4261317731, networkLocation: /default-rack, certSerialId: null} reports an CLOSED replica.
2019-10-28 11:34:06,147 [EventQueue-ContainerReportForContainerReportHandler] WARN  container.ContainerReportHandler (AbstractContainerReportHandler.java:updateContainerState(145)) - Container #1 is in OPEN state, but the datanode 5aa0106d-b151-48db-b175-21e2bb54d20a{ip: 192.168.164.193, host: pr-hdds-2292-97wmq-4261317731, networkLocation: /default-rack, certSerialId: null} reports an CLOSED replica.
2019-10-28 11:34:06,348 [EventQueue-ContainerReportForContainerReportHandler] WARN  container.ContainerReportHandler (AbstractContainerReportHandler.java:updateContainerState(145)) - Container #1 is in OPEN state, but the datanode 5aa0106d-b151-48db-b175-21e2bb54d20a{ip: 192.168.164.193, host: pr-hdds-2292-97wmq-4261317731, networkLocation: /default-rack, certSerialId: null} reports an CLOSED replica.
2019-10-28 11:34:06,431 [EventQueue-ContainerReportForContainerReportHandler] WARN  container.ContainerReportHandler (AbstractContainerReportHandler.java:updateContainerState(145)) - Container #1 is in OPEN state, but the datanode a4a68fdc-9c21-417a-8215-14845568ad90{ip: 192.168.164.193, host: pr-hdds-2292-97wmq-4261317731, networkLocation: /default-rack, certSerialId: null} reports an CLOSED replica.
2019-10-28 11:34:06,632 [EventQueue-ContainerReportForContainerReportHandler] WARN  container.ContainerReportHandler (AbstractContainerReportHandler.java:updateContainerState(145)) - Container #1 is in OPEN state, but the datanode a4a68fdc-9c21-417a-8215-14845568ad90{ip: 192.168.164.193, host: pr-hdds-2292-97wmq-4261317731, networkLocation: /default-rack, certSerialId: null} reports an CLOSED replica.
2019-10-28 11:34:06,640 [BlockDeletingService#2] WARN  background.BlockDeletingService (BlockDeletingService.java:isDeletionAllowed(187)) - Close Container log Index 6 is not replicated across allthe servers in the pipeline 673f7971-0954-4a65-9d1b-2bbc40871e24 as the min replicated index is 4. Deletion is not allowed in this container yet.
2019-10-28 11:34:06,648 [EventQueue-ContainerReportForContainerReportHandler] WARN  container.ContainerReportHandler (AbstractContainerReportHandler.java:updateContainerState(145)) - Container #1 is in OPEN state, but the datanode 5aa0106d-b151-48db-b175-21e2bb54d20a{ip: 192.168.164.193, host: pr-hdds-2292-97wmq-4261317731, networkLocation: /default-rack, certSerialId: null} reports an CLOSED replica.
2019-10-28 11:34:06,651 [BlockDeletingService#2] WARN  background.BlockDeletingService (BlockDeletingService.java:isDeletionAllowed(187)) - Close Container log Index 6 is not replicated across allthe servers in the pipeline 673f7971-0954-4a65-9d1b-2bbc40871e24 as the min replicated index is 4. Deletion is not allowed in this container yet.
2019-10-28 11:34:06,832 [EventQueue-ContainerReportForContainerReportHandler] WARN  container.ContainerReportHandler (AbstractContainerReportHandler.java:updateContainerState(145)) - Container #1 is in OPEN state, but the datanode a4a68fdc-9c21-417a-8215-14845568ad90{ip: 192.168.164.193, host: pr-hdds-2292-97wmq-4261317731, networkLocation: /default-rack, certSerialId: null} reports an CLOSED replica.
2019-10-28 11:34:06,848 [EventQueue-ContainerReportForContainerReportHandler] WARN  container.ContainerReportHandler (AbstractContainerReportHandler.java:updateContainerState(145)) - Container #1 is in OPEN state, but the datanode 5aa0106d-b151-48db-b175-21e2bb54d20a{ip: 192.168.164.193, host: pr-hdds-2292-97wmq-4261317731, networkLocation: /default-rack, certSerialId: null} reports an CLOSED replica.
2019-10-28 11:34:07,147 [EventQueue-ContainerReportForContainerReportHandler] WARN  container.ContainerReportHandler (AbstractContainerReportHandler.java:updateContainerState(145)) - Container #1 is in OPEN state, but the datanode 5aa0106d-b151-48db-b175-21e2bb54d20a{ip: 192.168.164.193, host: pr-hdds-2292-97wmq-4261317731, networkLocation: /default-rack, certSerialId: null} reports an CLOSED replica.
2019-10-28 11:34:07,233 [EventQueue-ContainerReportForContainerReportHandler] WARN  container.ContainerReportHandler (AbstractContainerReportHandler.java:updateContainerState(145)) - Container #1 is in OPEN state, but the datanode a4a68fdc-9c21-417a-8215-14845568ad90{ip: 192.168.164.193, host: pr-hdds-2292-97wmq-4261317731, networkLocation: /default-rack, certSerialId: null} reports an CLOSED replica.
2019-10-28 11:34:07,448 [EventQueue-ContainerReportForContainerReportHandler] WARN  container.ContainerReportHandler (AbstractContainerReportHandler.java:updateContainerState(145)) - Container #1 is in OPEN state, but the datanode 5aa0106d-b151-48db-b175-21e2bb54d20a{ip: 192.168.164.193, host: pr-hdds-2292-97wmq-4261317731, networkLocation: /default-rack, certSerialId: null} reports an CLOSED replica.
2019-10-28 11:34:07,575 [Thread-362] INFO  client.GrpcClientProtocolService (GrpcClientProtocolService.java:lambda$processClientRequest$0(278)) - Failed RaftClientRequest:client-8D88133FDDEB->5aa0106d-b151-48db-b175-21e2bb54d20a@group-2BBC40871E24, cid=10, seq=0, Watch-ALL_COMMITTED(6), Message:<EMPTY>, reply=RaftClientReply:client-8D88133FDDEB->5aa0106d-b151-48db-b175-21e2bb54d20a@group-2BBC40871E24, cid=10, FAILED org.apache.ratis.protocol.NotLeaderException: Server 5aa0106d-b151-48db-b175-21e2bb54d20a@group-2BBC40871E24 is not the leader a4a68fdc-9c21-417a-8215-14845568ad90:192.168.164.193:36183, logIndex=0, commits[5aa0106d-b151-48db-b175-21e2bb54d20a:c10, a4a68fdc-9c21-417a-8215-14845568ad90:c10, bb175ec5-5e98-4251-9728-8e1e745e4fa1:c4]
2019-10-28 11:34:07,595 [java.util.concurrent.ThreadPoolExecutor$Worker@588db654[State = -1, empty queue]] WARN  server.GrpcLogAppender (GrpcLogAppender.java:timeoutAppendRequest(209)) - a4a68fdc-9c21-417a-8215-14845568ad90@group-2BBC40871E24->bb175ec5-5e98-4251-9728-8e1e745e4fa1-GrpcLogAppender: appendEntries Timeout, request=a4a68fdc-9c21-417a-8215-14845568ad90->bb175ec5-5e98-4251-9728-8e1e745e4fa1#27-t3, previous=(t:3, i:10), leaderCommit=10, initializing? false, entries: <empty>
2019-10-28 11:34:07,635 [EventQueue-ContainerReportForContainerReportHandler] WARN  container.ContainerReportHandler (AbstractContainerReportHandler.java:updateContainerState(145)) - Container #1 is in OPEN state, but the datanode a4a68fdc-9c21-417a-8215-14845568ad90{ip: 192.168.164.193, host: pr-hdds-2292-97wmq-4261317731, networkLocation: /default-rack, certSerialId: null} reports an CLOSED replica.
2019-10-28 11:34:07,641 [BlockDeletingService#2] WARN  background.BlockDeletingService (BlockDeletingService.java:isDeletionAllowed(187)) - Close Container log Index 6 is not replicated across allthe servers in the pipeline 673f7971-0954-4a65-9d1b-2bbc40871e24 as the min replicated index is 4. Deletion is not allowed in this container yet.
2019-10-28 11:34:07,652 [BlockDeletingService#2] WARN  background.BlockDeletingService (BlockDeletingService.java:isDeletionAllowed(187)) - Close Container log Index 6 is not replicated across allthe servers in the pipeline 673f7971-0954-4a65-9d1b-2bbc40871e24 as the min replicated index is 4. Deletion is not allowed in this container yet.
2019-10-28 11:34:07,847 [EventQueue-ContainerReportForContainerReportHandler] WARN  container.ContainerReportHandler (AbstractContainerReportHandler.java:updateContainerState(145)) - Container #1 is in OPEN state, but the datanode 5aa0106d-b151-48db-b175-21e2bb54d20a{ip: 192.168.164.193, host: pr-hdds-2292-97wmq-4261317731, networkLocation: /default-rack, certSerialId: null} reports an CLOSED replica.
2019-10-28 11:34:07,934 [EventQueue-ContainerReportForContainerReportHandler] WARN  container.ContainerReportHandler (AbstractContainerReportHandler.java:updateContainerState(145)) - Container #1 is in OPEN state, but the datanode a4a68fdc-9c21-417a-8215-14845568ad90{ip: 192.168.164.193, host: pr-hdds-2292-97wmq-4261317731, networkLocation: /default-rack, certSerialId: null} reports an CLOSED replica.
2019-10-28 11:34:08,048 [EventQueue-ContainerReportForContainerReportHandler] WARN  container.ContainerReportHandler (AbstractContainerReportHandler.java:updateContainerState(145)) - Container #1 is in OPEN state, but the datanode 5aa0106d-b151-48db-b175-21e2bb54d20a{ip: 192.168.164.193, host: pr-hdds-2292-97wmq-4261317731, networkLocation: /default-rack, certSerialId: null} reports an CLOSED replica.
2019-10-28 11:34:08,135 [EventQueue-ContainerReportForContainerReportHandler] WARN  container.ContainerReportHandler (AbstractContainerReportHandler.java:updateContainerState(145)) - Container #1 is in OPEN state, but the datanode a4a68fdc-9c21-417a-8215-14845568ad90{ip: 192.168.164.193, host: pr-hdds-2292-97wmq-4261317731, networkLocation: /default-rack, certSerialId: null} reports an CLOSED replica.
2019-10-28 11:34:08,347 [EventQueue-ContainerReportForContainerReportHandler] WARN  container.ContainerReportHandler (AbstractContainerReportHandler.java:updateContainerState(145)) - Container #1 is in OPEN state, but the datanode 5aa0106d-b151-48db-b175-21e2bb54d20a{ip: 192.168.164.193, host: pr-hdds-2292-97wmq-4261317731, networkLocation: /default-rack, certSerialId: null} reports an CLOSED replica.
2019-10-28 11:34:08,435 [EventQueue-ContainerReportForContainerReportHandler] WARN  container.ContainerReportHandler (AbstractContainerReportHandler.java:updateContainerState(145)) - Container #1 is in OPEN state, but the datanode a4a68fdc-9c21-417a-8215-14845568ad90{ip: 192.168.164.193, host: pr-hdds-2292-97wmq-4261317731, networkLocation: /default-rack, certSerialId: null} reports an CLOSED replica.
2019-10-28 11:34:08,643 [BlockDeletingService#2] WARN  background.BlockDeletingService (BlockDeletingService.java:isDeletionAllowed(187)) - Close Container log Index 6 is not replicated across allthe servers in the pipeline 673f7971-0954-4a65-9d1b-2bbc40871e24 as the min replicated index is 4. Deletion is not allowed in this container yet.
2019-10-28 11:34:08,648 [EventQueue-ContainerReportForContainerReportHandler] WARN  container.ContainerReportHandler (AbstractContainerReportHandler.java:updateContainerState(145)) - Container #1 is in OPEN state, but the datanode 5aa0106d-b151-48db-b175-21e2bb54d20a{ip: 192.168.164.193, host: pr-hdds-2292-97wmq-4261317731, networkLocation: /default-rack, certSerialId: null} reports an CLOSED replica.
2019-10-28 11:34:08,653 [BlockDeletingService#2] WARN  background.BlockDeletingService (BlockDeletingService.java:isDeletionAllowed(187)) - Close Container log Index 6 is not replicated across allthe servers in the pipeline 673f7971-0954-4a65-9d1b-2bbc40871e24 as the min replicated index is 4. Deletion is not allowed in this container yet.
2019-10-28 11:34:08,682 [Thread-369] INFO  client.GrpcClientProtocolService (GrpcClientProtocolService.java:lambda$processClientRequest$0(278)) - Failed RaftClientRequest:client-8D88133FDDEB->a4a68fdc-9c21-417a-8215-14845568ad90@group-2BBC40871E24, cid=10, seq=0, Watch-ALL_COMMITTED(6), Message:<EMPTY>, reply=RaftClientReply:client-8D88133FDDEB->a4a68fdc-9c21-417a-8215-14845568ad90@group-2BBC40871E24, cid=10, FAILED org.apache.ratis.protocol.NotReplicatedException: Request with call Id 10 and log index 6 is not yet replicated to ALL_COMMITTED, logIndex=6, commits[a4a68fdc-9c21-417a-8215-14845568ad90:c10, 5aa0106d-b151-48db-b175-21e2bb54d20a:c10, bb175ec5-5e98-4251-9728-8e1e745e4fa1:c4]
2019-10-28 11:34:08,735 [EventQueue-ContainerReportForContainerReportHandler] WARN  container.ContainerReportHandler (AbstractContainerReportHandler.java:updateContainerState(145)) - Container #1 is in OPEN state, but the datanode a4a68fdc-9c21-417a-8215-14845568ad90{ip: 192.168.164.193, host: pr-hdds-2292-97wmq-4261317731, networkLocation: /default-rack, certSerialId: null} reports an CLOSED replica.
2019-10-28 11:34:08,949 [EventQueue-ContainerReportForContainerReportHandler] WARN  container.ContainerReportHandler (AbstractContainerReportHandler.java:updateContainerState(145)) - Container #1 is in OPEN state, but the datanode 5aa0106d-b151-48db-b175-21e2bb54d20a{ip: 192.168.164.193, host: pr-hdds-2292-97wmq-4261317731, networkLocation: /default-rack, certSerialId: null} reports an CLOSED replica.
2019-10-28 11:34:09,135 [EventQueue-ContainerReportForContainerReportHandler] WARN  container.ContainerReportHandler (AbstractContainerReportHandler.java:updateContainerState(145)) - Container #1 is in OPEN state, but the datanode a4a68fdc-9c21-417a-8215-14845568ad90{ip: 192.168.164.193, host: pr-hdds-2292-97wmq-4261317731, networkLocation: /default-rack, certSerialId: null} reports an CLOSED replica.
2019-10-28 11:34:09,336 [EventQueue-ContainerReportForContainerReportHandler] WARN  container.ContainerReportHandler (AbstractContainerReportHandler.java:updateContainerState(145)) - Container #1 is in OPEN state, but the datanode a4a68fdc-9c21-417a-8215-14845568ad90{ip: 192.168.164.193, host: pr-hdds-2292-97wmq-4261317731, networkLocation: /default-rack, certSerialId: null} reports an CLOSED replica.
2019-10-28 11:34:09,349 [EventQueue-ContainerReportForContainerReportHandler] WARN  container.ContainerReportHandler (AbstractContainerReportHandler.java:updateContainerState(145)) - Container #1 is in OPEN state, but the datanode 5aa0106d-b151-48db-b175-21e2bb54d20a{ip: 192.168.164.193, host: pr-hdds-2292-97wmq-4261317731, networkLocation: /default-rack, certSerialId: null} reports an CLOSED replica.
2019-10-28 11:34:09,549 [EventQueue-ContainerReportForContainerReportHandler] WARN  container.ContainerReportHandler (AbstractContainerReportHandler.java:updateContainerState(145)) - Container #1 is in OPEN state, but the datanode 5aa0106d-b151-48db-b175-21e2bb54d20a{ip: 192.168.164.193, host: pr-hdds-2292-97wmq-4261317731, networkLocation: /default-rack, certSerialId: null} reports an CLOSED replica.
2019-10-28 11:34:09,636 [EventQueue-ContainerReportForContainerReportHandler] WARN  container.ContainerReportHandler (AbstractContainerReportHandler.java:updateContainerState(145)) - Container #1 is in OPEN state, but the datanode a4a68fdc-9c21-417a-8215-14845568ad90{ip: 192.168.164.193, host: pr-hdds-2292-97wmq-4261317731, networkLocation: /default-rack, certSerialId: null} reports an CLOSED replica.
2019-10-28 11:34:09,644 [BlockDeletingService#2] WARN  background.BlockDeletingService (BlockDeletingService.java:isDeletionAllowed(187)) - Close Container log Index 6 is not replicated across allthe servers in the pipeline 673f7971-0954-4a65-9d1b-2bbc40871e24 as the min replicated index is 4. Deletion is not allowed in this container yet.
2019-10-28 11:34:09,655 [BlockDeletingService#2] WARN  background.BlockDeletingService (BlockDeletingService.java:isDeletionAllowed(187)) - Close Container log Index 6 is not replicated across allthe servers in the pipeline 673f7971-0954-4a65-9d1b-2bbc40871e24 as the min replicated index is 4. Deletion is not allowed in this container yet.
2019-10-28 11:34:09,949 [EventQueue-ContainerReportForContainerReportHandler] WARN  container.ContainerReportHandler (AbstractContainerReportHandler.java:updateContainerState(145)) - Container #1 is in OPEN state, but the datanode 5aa0106d-b151-48db-b175-21e2bb54d20a{ip: 192.168.164.193, host: pr-hdds-2292-97wmq-4261317731, networkLocation: /default-rack, certSerialId: null} reports an CLOSED replica.
2019-10-28 11:34:10,039 [EventQueue-ContainerReportForContainerReportHandler] WARN  container.ContainerReportHandler (AbstractContainerReportHandler.java:updateContainerState(145)) - Container #1 is in OPEN state, but the datanode a4a68fdc-9c21-417a-8215-14845568ad90{ip: 192.168.164.193, host: pr-hdds-2292-97wmq-4261317731, networkLocation: /default-rack, certSerialId: null} reports an CLOSED replica.
2019-10-28 11:34:10,097 [java.util.concurrent.ThreadPoolExecutor$Worker@588db654[State = -1, empty queue]] WARN  server.GrpcLogAppender (GrpcLogAppender.java:timeoutAppendRequest(209)) - a4a68fdc-9c21-417a-8215-14845568ad90@group-2BBC40871E24->bb175ec5-5e98-4251-9728-8e1e745e4fa1-GrpcLogAppender: appendEntries Timeout, request=a4a68fdc-9c21-417a-8215-14845568ad90->bb175ec5-5e98-4251-9728-8e1e745e4fa1#28-t3, previous=(t:3, i:10), leaderCommit=10, initializing? false, entries: <empty>
2019-10-28 11:34:10,148 [EventQueue-ContainerReportForContainerReportHandler] WARN  container.ContainerReportHandler (AbstractContainerReportHandler.java:updateContainerState(145)) - Container #1 is in OPEN state, but the datanode 5aa0106d-b151-48db-b175-21e2bb54d20a{ip: 192.168.164.193, host: pr-hdds-2292-97wmq-4261317731, networkLocation: /default-rack, certSerialId: null} reports an CLOSED replica.
2019-10-28 11:34:10,441 [EventQueue-ContainerReportForContainerReportHandler] WARN  container.ContainerReportHandler (AbstractContainerReportHandler.java:updateContainerState(145)) - Container #1 is in OPEN state, but the datanode a4a68fdc-9c21-417a-8215-14845568ad90{ip: 192.168.164.193, host: pr-hdds-2292-97wmq-4261317731, networkLocation: /default-rack, certSerialId: null} reports an CLOSED replica.
2019-10-28 11:34:10,448 [EventQueue-ContainerReportForContainerReportHandler] WARN  container.ContainerReportHandler (AbstractContainerReportHandler.java:updateContainerState(145)) - Container #1 is in OPEN state, but the datanode 5aa0106d-b151-48db-b175-21e2bb54d20a{ip: 192.168.164.193, host: pr-hdds-2292-97wmq-4261317731, networkLocation: /default-rack, certSerialId: null} reports an CLOSED replica.
2019-10-28 11:34:10,647 [BlockDeletingService#2] WARN  background.BlockDeletingService (BlockDeletingService.java:isDeletionAllowed(187)) - Close Container log Index 6 is not replicated across allthe servers in the pipeline 673f7971-0954-4a65-9d1b-2bbc40871e24 as the min replicated index is 4. Deletion is not allowed in this container yet.
2019-10-28 11:34:10,656 [BlockDeletingService#2] WARN  background.BlockDeletingService (BlockDeletingService.java:isDeletionAllowed(187)) - Close Container log Index 6 is not replicated across allthe servers in the pipeline 673f7971-0954-4a65-9d1b-2bbc40871e24 as the min replicated index is 4. Deletion is not allowed in this container yet.
2019-10-28 11:34:10,740 [EventQueue-ContainerReportForContainerReportHandler] WARN  container.ContainerReportHandler (AbstractContainerReportHandler.java:updateContainerState(145)) - Container #1 is in OPEN state, but the datanode a4a68fdc-9c21-417a-8215-14845568ad90{ip: 192.168.164.193, host: pr-hdds-2292-97wmq-4261317731, networkLocation: /default-rack, certSerialId: null} reports an CLOSED replica.
2019-10-28 11:34:10,850 [EventQueue-ContainerReportForContainerReportHandler] WARN  container.ContainerReportHandler (AbstractContainerReportHandler.java:updateContainerState(145)) - Container #1 is in OPEN state, but the datanode 5aa0106d-b151-48db-b175-21e2bb54d20a{ip: 192.168.164.193, host: pr-hdds-2292-97wmq-4261317731, networkLocation: /default-rack, certSerialId: null} reports an CLOSED replica.
2019-10-28 11:34:11,039 [EventQueue-ContainerReportForContainerReportHandler] WARN  container.ContainerReportHandler (AbstractContainerReportHandler.java:updateContainerState(145)) - Container #1 is in OPEN state, but the datanode a4a68fdc-9c21-417a-8215-14845568ad90{ip: 192.168.164.193, host: pr-hdds-2292-97wmq-4261317731, networkLocation: /default-rack, certSerialId: null} reports an CLOSED replica.
2019-10-28 11:34:11,149 [EventQueue-ContainerReportForContainerReportHandler] WARN  container.ContainerReportHandler (AbstractContainerReportHandler.java:updateContainerState(145)) - Container #1 is in OPEN state, but the datanode 5aa0106d-b151-48db-b175-21e2bb54d20a{ip: 192.168.164.193, host: pr-hdds-2292-97wmq-4261317731, networkLocation: /default-rack, certSerialId: null} reports an CLOSED replica.
2019-10-28 11:34:11,240 [EventQueue-ContainerReportForContainerReportHandler] WARN  container.ContainerReportHandler (AbstractContainerReportHandler.java:updateContainerState(145)) - Container #1 is in OPEN state, but the datanode a4a68fdc-9c21-417a-8215-14845568ad90{ip: 192.168.164.193, host: pr-hdds-2292-97wmq-4261317731, networkLocation: /default-rack, certSerialId: null} reports an CLOSED replica.
2019-10-28 11:34:11,451 [EventQueue-ContainerReportForContainerReportHandler] WARN  container.ContainerReportHandler (AbstractContainerReportHandler.java:updateContainerState(145)) - Container #1 is in OPEN state, but the datanode 5aa0106d-b151-48db-b175-21e2bb54d20a{ip: 192.168.164.193, host: pr-hdds-2292-97wmq-4261317731, networkLocation: /default-rack, certSerialId: null} reports an CLOSED replica.
2019-10-28 11:34:11,542 [EventQueue-ContainerReportForContainerReportHandler] WARN  container.ContainerReportHandler (AbstractContainerReportHandler.java:updateContainerState(145)) - Container #1 is in OPEN state, but the datanode a4a68fdc-9c21-417a-8215-14845568ad90{ip: 192.168.164.193, host: pr-hdds-2292-97wmq-4261317731, networkLocation: /default-rack, certSerialId: null} reports an CLOSED replica.
2019-10-28 11:34:11,648 [BlockDeletingService#2] WARN  background.BlockDeletingService (BlockDeletingService.java:isDeletionAllowed(187)) - Close Container log Index 6 is not replicated across allthe servers in the pipeline 673f7971-0954-4a65-9d1b-2bbc40871e24 as the min replicated index is 4. Deletion is not allowed in this container yet.
2019-10-28 11:34:11,657 [BlockDeletingService#2] WARN  background.BlockDeletingService (BlockDeletingService.java:isDeletionAllowed(187)) - Close Container log Index 6 is not replicated across allthe servers in the pipeline 673f7971-0954-4a65-9d1b-2bbc40871e24 as the min replicated index is 4. Deletion is not allowed in this container yet.
2019-10-28 11:34:11,750 [EventQueue-ContainerReportForContainerReportHandler] WARN  container.ContainerReportHandler (AbstractContainerReportHandler.java:updateContainerState(145)) - Container #1 is in OPEN state, but the datanode 5aa0106d-b151-48db-b175-21e2bb54d20a{ip: 192.168.164.193, host: pr-hdds-2292-97wmq-4261317731, networkLocation: /default-rack, certSerialId: null} reports an CLOSED replica.
2019-10-28 11:34:11,942 [EventQueue-ContainerReportForContainerReportHandler] WARN  container.ContainerReportHandler (AbstractContainerReportHandler.java:updateContainerState(145)) - Container #1 is in OPEN state, but the datanode a4a68fdc-9c21-417a-8215-14845568ad90{ip: 192.168.164.193, host: pr-hdds-2292-97wmq-4261317731, networkLocation: /default-rack, certSerialId: null} reports an CLOSED replica.
2019-10-28 11:34:12,151 [EventQueue-ContainerReportForContainerReportHandler] WARN  container.ContainerReportHandler (AbstractContainerReportHandler.java:updateContainerState(145)) - Container #1 is in OPEN state, but the datanode 5aa0106d-b151-48db-b175-21e2bb54d20a{ip: 192.168.164.193, host: pr-hdds-2292-97wmq-4261317731, networkLocation: /default-rack, certSerialId: null} reports an CLOSED replica.
2019-10-28 11:34:12,342 [EventQueue-ContainerReportForContainerReportHandler] WARN  container.ContainerReportHandler (AbstractContainerReportHandler.java:updateContainerState(145)) - Container #1 is in OPEN state, but the datanode a4a68fdc-9c21-417a-8215-14845568ad90{ip: 192.168.164.193, host: pr-hdds-2292-97wmq-4261317731, networkLocation: /default-rack, certSerialId: null} reports an CLOSED replica.
2019-10-28 11:34:12,451 [EventQueue-ContainerReportForContainerReportHandler] WARN  container.ContainerReportHandler (AbstractContainerReportHandler.java:updateContainerState(145)) - Container #1 is in OPEN state, but the datanode 5aa0106d-b151-48db-b175-21e2bb54d20a{ip: 192.168.164.193, host: pr-hdds-2292-97wmq-4261317731, networkLocation: /default-rack, certSerialId: null} reports an CLOSED replica.
2019-10-28 11:34:12,543 [EventQueue-ContainerReportForContainerReportHandler] WARN  container.ContainerReportHandler (AbstractContainerReportHandler.java:updateContainerState(145)) - Container #1 is in OPEN state, but the datanode a4a68fdc-9c21-417a-8215-14845568ad90{ip: 192.168.164.193, host: pr-hdds-2292-97wmq-4261317731, networkLocation: /default-rack, certSerialId: null} reports an CLOSED replica.
2019-10-28 11:34:12,598 [java.util.concurrent.ThreadPoolExecutor$Worker@588db654[State = -1, empty queue]] WARN  server.GrpcLogAppender (GrpcLogAppender.java:timeoutAppendRequest(209)) - a4a68fdc-9c21-417a-8215-14845568ad90@group-2BBC40871E24->bb175ec5-5e98-4251-9728-8e1e745e4fa1-GrpcLogAppender: appendEntries Timeout, request=a4a68fdc-9c21-417a-8215-14845568ad90->bb175ec5-5e98-4251-9728-8e1e745e4fa1#29-t3, previous=(t:3, i:10), leaderCommit=10, initializing? false, entries: <empty>
2019-10-28 11:34:12,650 [BlockDeletingService#2] WARN  background.BlockDeletingService (BlockDeletingService.java:isDeletionAllowed(187)) - Close Container log Index 6 is not replicated across allthe servers in the pipeline 673f7971-0954-4a65-9d1b-2bbc40871e24 as the min replicated index is 4. Deletion is not allowed in this container yet.
2019-10-28 11:34:12,650 [EventQueue-ContainerReportForContainerReportHandler] WARN  container.ContainerReportHandler (AbstractContainerReportHandler.java:updateContainerState(145)) - Container #1 is in OPEN state, but the datanode 5aa0106d-b151-48db-b175-21e2bb54d20a{ip: 192.168.164.193, host: pr-hdds-2292-97wmq-4261317731, networkLocation: /default-rack, certSerialId: null} reports an CLOSED replica.
2019-10-28 11:34:12,658 [BlockDeletingService#2] WARN  background.BlockDeletingService (BlockDeletingService.java:isDeletionAllowed(187)) - Close Container log Index 6 is not replicated across allthe servers in the pipeline 673f7971-0954-4a65-9d1b-2bbc40871e24 as the min replicated index is 4. Deletion is not allowed in this container yet.
2019-10-28 11:34:12,842 [EventQueue-ContainerReportForContainerReportHandler] WARN  container.ContainerReportHandler (AbstractContainerReportHandler.java:updateContainerState(145)) - Container #1 is in OPEN state, but the datanode a4a68fdc-9c21-417a-8215-14845568ad90{ip: 192.168.164.193, host: pr-hdds-2292-97wmq-4261317731, networkLocation: /default-rack, certSerialId: null} reports an CLOSED replica.
2019-10-28 11:34:12,950 [EventQueue-ContainerReportForContainerReportHandler] WARN  container.ContainerReportHandler (AbstractContainerReportHandler.java:updateContainerState(145)) - Container #1 is in OPEN state, but the datanode 5aa0106d-b151-48db-b175-21e2bb54d20a{ip: 192.168.164.193, host: pr-hdds-2292-97wmq-4261317731, networkLocation: /default-rack, certSerialId: null} reports an CLOSED replica.
2019-10-28 11:34:13,143 [EventQueue-ContainerReportForContainerReportHandler] WARN  container.ContainerReportHandler (AbstractContainerReportHandler.java:updateContainerState(145)) - Container #1 is in OPEN state, but the datanode a4a68fdc-9c21-417a-8215-14845568ad90{ip: 192.168.164.193, host: pr-hdds-2292-97wmq-4261317731, networkLocation: /default-rack, certSerialId: null} reports an CLOSED replica.
2019-10-28 11:34:13,250 [EventQueue-ContainerReportForContainerReportHandler] WARN  container.ContainerReportHandler (AbstractContainerReportHandler.java:updateContainerState(145)) - Container #1 is in OPEN state, but the datanode 5aa0106d-b151-48db-b175-21e2bb54d20a{ip: 192.168.164.193, host: pr-hdds-2292-97wmq-4261317731, networkLocation: /default-rack, certSerialId: null} reports an CLOSED replica.
2019-10-28 11:34:13,343 [EventQueue-ContainerReportForContainerReportHandler] WARN  container.ContainerReportHandler (AbstractContainerReportHandler.java:updateContainerState(145)) - Container #1 is in OPEN state, but the datanode a4a68fdc-9c21-417a-8215-14845568ad90{ip: 192.168.164.193, host: pr-hdds-2292-97wmq-4261317731, networkLocation: /default-rack, certSerialId: null} reports an CLOSED replica.
2019-10-28 11:34:13,643 [EventQueue-ContainerReportForContainerReportHandler] WARN  container.ContainerReportHandler (AbstractContainerReportHandler.java:updateContainerState(145)) - Container #1 is in OPEN state, but the datanode a4a68fdc-9c21-417a-8215-14845568ad90{ip: 192.168.164.193, host: pr-hdds-2292-97wmq-4261317731, networkLocation: /default-rack, certSerialId: null} reports an CLOSED replica.
2019-10-28 11:34:13,651 [EventQueue-ContainerReportForContainerReportHandler] WARN  container.ContainerReportHandler (AbstractContainerReportHandler.java:updateContainerState(145)) - Container #1 is in OPEN state, but the datanode 5aa0106d-b151-48db-b175-21e2bb54d20a{ip: 192.168.164.193, host: pr-hdds-2292-97wmq-4261317731, networkLocation: /default-rack, certSerialId: null} reports an CLOSED replica.
2019-10-28 11:34:13,652 [BlockDeletingService#2] WARN  background.BlockDeletingService (BlockDeletingService.java:isDeletionAllowed(187)) - Close Container log Index 6 is not replicated across allthe servers in the pipeline 673f7971-0954-4a65-9d1b-2bbc40871e24 as the min replicated index is 4. Deletion is not allowed in this container yet.
2019-10-28 11:34:13,660 [BlockDeletingService#2] WARN  background.BlockDeletingService (BlockDeletingService.java:isDeletionAllowed(187)) - Close Container log Index 6 is not replicated across allthe servers in the pipeline 673f7971-0954-4a65-9d1b-2bbc40871e24 as the min replicated index is 4. Deletion is not allowed in this container yet.
2019-10-28 11:34:13,851 [EventQueue-ContainerReportForContainerReportHandler] WARN  container.ContainerReportHandler (AbstractContainerReportHandler.java:updateContainerState(145)) - Container #1 is in OPEN state, but the datanode 5aa0106d-b151-48db-b175-21e2bb54d20a{ip: 192.168.164.193, host: pr-hdds-2292-97wmq-4261317731, networkLocation: /default-rack, certSerialId: null} reports an CLOSED replica.
2019-10-28 11:34:14,044 [EventQueue-ContainerReportForContainerReportHandler] WARN  container.ContainerReportHandler (AbstractContainerReportHandler.java:updateContainerState(145)) - Container #1 is in OPEN state, but the datanode a4a68fdc-9c21-417a-8215-14845568ad90{ip: 192.168.164.193, host: pr-hdds-2292-97wmq-4261317731, networkLocation: /default-rack, certSerialId: null} reports an CLOSED replica.
2019-10-28 11:34:14,251 [EventQueue-ContainerReportForContainerReportHandler] WARN  container.ContainerReportHandler (AbstractContainerReportHandler.java:updateContainerState(145)) - Container #1 is in OPEN state, but the datanode 5aa0106d-b151-48db-b175-21e2bb54d20a{ip: 192.168.164.193, host: pr-hdds-2292-97wmq-4261317731, networkLocation: /default-rack, certSerialId: null} reports an CLOSED replica.
2019-10-28 11:34:14,345 [EventQueue-ContainerReportForContainerReportHandler] WARN  container.ContainerReportHandler (AbstractContainerReportHandler.java:updateContainerState(145)) - Container #1 is in OPEN state, but the datanode a4a68fdc-9c21-417a-8215-14845568ad90{ip: 192.168.164.193, host: pr-hdds-2292-97wmq-4261317731, networkLocation: /default-rack, certSerialId: null} reports an CLOSED replica.
2019-10-28 11:34:14,545 [EventQueue-ContainerReportForContainerReportHandler] WARN  container.ContainerReportHandler (AbstractContainerReportHandler.java:updateContainerState(145)) - Container #1 is in OPEN state, but the datanode a4a68fdc-9c21-417a-8215-14845568ad90{ip: 192.168.164.193, host: pr-hdds-2292-97wmq-4261317731, networkLocation: /default-rack, certSerialId: null} reports an CLOSED replica.
2019-10-28 11:34:14,651 [EventQueue-ContainerReportForContainerReportHandler] WARN  container.ContainerReportHandler (AbstractContainerReportHandler.java:updateContainerState(145)) - Container #1 is in OPEN state, but the datanode 5aa0106d-b151-48db-b175-21e2bb54d20a{ip: 192.168.164.193, host: pr-hdds-2292-97wmq-4261317731, networkLocation: /default-rack, certSerialId: null} reports an CLOSED replica.
2019-10-28 11:34:14,653 [BlockDeletingService#2] WARN  background.BlockDeletingService (BlockDeletingService.java:isDeletionAllowed(187)) - Close Container log Index 6 is not replicated across allthe servers in the pipeline 673f7971-0954-4a65-9d1b-2bbc40871e24 as the min replicated index is 4. Deletion is not allowed in this container yet.
2019-10-28 11:34:14,660 [BlockDeletingService#2] WARN  background.BlockDeletingService (BlockDeletingService.java:isDeletionAllowed(187)) - Close Container log Index 6 is not replicated across allthe servers in the pipeline 673f7971-0954-4a65-9d1b-2bbc40871e24 as the min replicated index is 4. Deletion is not allowed in this container yet.
2019-10-28 11:34:14,944 [EventQueue-ContainerReportForContainerReportHandler] WARN  container.ContainerReportHandler (AbstractContainerReportHandler.java:updateContainerState(145)) - Container #1 is in OPEN state, but the datanode a4a68fdc-9c21-417a-8215-14845568ad90{ip: 192.168.164.193, host: pr-hdds-2292-97wmq-4261317731, networkLocation: /default-rack, certSerialId: null} reports an CLOSED replica.
2019-10-28 11:34:14,953 [EventQueue-ContainerReportForContainerReportHandler] WARN  container.ContainerReportHandler (AbstractContainerReportHandler.java:updateContainerState(145)) - Container #1 is in OPEN state, but the datanode 5aa0106d-b151-48db-b175-21e2bb54d20a{ip: 192.168.164.193, host: pr-hdds-2292-97wmq-4261317731, networkLocation: /default-rack, certSerialId: null} reports an CLOSED replica.
2019-10-28 11:34:15,099 [java.util.concurrent.ThreadPoolExecutor$Worker@588db654[State = -1, empty queue]] WARN  server.GrpcLogAppender (GrpcLogAppender.java:timeoutAppendRequest(209)) - a4a68fdc-9c21-417a-8215-14845568ad90@group-2BBC40871E24->bb175ec5-5e98-4251-9728-8e1e745e4fa1-GrpcLogAppender: appendEntries Timeout, request=a4a68fdc-9c21-417a-8215-14845568ad90->bb175ec5-5e98-4251-9728-8e1e745e4fa1#30-t3, previous=(t:3, i:10), leaderCommit=10, initializing? false, entries: <empty>
2019-10-28 11:34:15,153 [EventQueue-ContainerReportForContainerReportHandler] WARN  container.ContainerReportHandler (AbstractContainerReportHandler.java:updateContainerState(145)) - Container #1 is in OPEN state, but the datanode 5aa0106d-b151-48db-b175-21e2bb54d20a{ip: 192.168.164.193, host: pr-hdds-2292-97wmq-4261317731, networkLocation: /default-rack, certSerialId: null} reports an CLOSED replica.
2019-10-28 11:34:15,245 [EventQueue-ContainerReportForContainerReportHandler] WARN  container.ContainerReportHandler (AbstractContainerReportHandler.java:updateContainerState(145)) - Container #1 is in OPEN state, but the datanode a4a68fdc-9c21-417a-8215-14845568ad90{ip: 192.168.164.193, host: pr-hdds-2292-97wmq-4261317731, networkLocation: /default-rack, certSerialId: null} reports an CLOSED replica.
2019-10-28 11:34:15,444 [EventQueue-ContainerReportForContainerReportHandler] WARN  container.ContainerReportHandler (AbstractContainerReportHandler.java:updateContainerState(145)) - Container #1 is in OPEN state, but the datanode a4a68fdc-9c21-417a-8215-14845568ad90{ip: 192.168.164.193, host: pr-hdds-2292-97wmq-4261317731, networkLocation: /default-rack, certSerialId: null} reports an CLOSED replica.
2019-10-28 11:34:15,452 [EventQueue-ContainerReportForContainerReportHandler] WARN  container.ContainerReportHandler (AbstractContainerReportHandler.java:updateContainerState(145)) - Container #1 is in OPEN state, but the datanode 5aa0106d-b151-48db-b175-21e2bb54d20a{ip: 192.168.164.193, host: pr-hdds-2292-97wmq-4261317731, networkLocation: /default-rack, certSerialId: null} reports an CLOSED replica.
2019-10-28 11:34:15,654 [BlockDeletingService#2] WARN  background.BlockDeletingService (BlockDeletingService.java:isDeletionAllowed(187)) - Close Container log Index 6 is not replicated across allthe servers in the pipeline 673f7971-0954-4a65-9d1b-2bbc40871e24 as the min replicated index is 4. Deletion is not allowed in this container yet.
2019-10-28 11:34:15,662 [BlockDeletingService#2] WARN  background.BlockDeletingService (BlockDeletingService.java:isDeletionAllowed(187)) - Close Container log Index 6 is not replicated across allthe servers in the pipeline 673f7971-0954-4a65-9d1b-2bbc40871e24 as the min replicated index is 4. Deletion is not allowed in this container yet.
2019-10-28 11:34:15,745 [EventQueue-ContainerReportForContainerReportHandler] WARN  container.ContainerReportHandler (AbstractContainerReportHandler.java:updateContainerState(145)) - Container #1 is in OPEN state, but the datanode a4a68fdc-9c21-417a-8215-14845568ad90{ip: 192.168.164.193, host: pr-hdds-2292-97wmq-4261317731, networkLocation: /default-rack, certSerialId: null} reports an CLOSED replica.
2019-10-28 11:34:15,854 [EventQueue-ContainerReportForContainerReportHandler] WARN  container.ContainerReportHandler (AbstractContainerReportHandler.java:updateContainerState(145)) - Container #1 is in OPEN state, but the datanode 5aa0106d-b151-48db-b175-21e2bb54d20a{ip: 192.168.164.193, host: pr-hdds-2292-97wmq-4261317731, networkLocation: /default-rack, certSerialId: null} reports an CLOSED replica.
2019-10-28 11:34:16,054 [EventQueue-ContainerReportForContainerReportHandler] WARN  container.ContainerReportHandler (AbstractContainerReportHandler.java:updateContainerState(145)) - Container #1 is in OPEN state, but the datanode 5aa0106d-b151-48db-b175-21e2bb54d20a{ip: 192.168.164.193, host: pr-hdds-2292-97wmq-4261317731, networkLocation: /default-rack, certSerialId: null} reports an CLOSED replica.
2019-10-28 11:34:16,145 [EventQueue-ContainerReportForContainerReportHandler] WARN  container.ContainerReportHandler (AbstractContainerReportHandler.java:updateContainerState(145)) - Container #1 is in OPEN state, but the datanode a4a68fdc-9c21-417a-8215-14845568ad90{ip: 192.168.164.193, host: pr-hdds-2292-97wmq-4261317731, networkLocation: /default-rack, certSerialId: null} reports an CLOSED replica.
2019-10-28 11:34:16,355 [EventQueue-ContainerReportForContainerReportHandler] WARN  container.ContainerReportHandler (AbstractContainerReportHandler.java:updateContainerState(145)) - Container #1 is in OPEN state, but the datanode 5aa0106d-b151-48db-b175-21e2bb54d20a{ip: 192.168.164.193, host: pr-hdds-2292-97wmq-4261317731, networkLocation: /default-rack, certSerialId: null} reports an CLOSED replica.
2019-10-28 11:34:16,445 [EventQueue-ContainerReportForContainerReportHandler] WARN  container.ContainerReportHandler (AbstractContainerReportHandler.java:updateContainerState(145)) - Container #1 is in OPEN state, but the datanode a4a68fdc-9c21-417a-8215-14845568ad90{ip: 192.168.164.193, host: pr-hdds-2292-97wmq-4261317731, networkLocation: /default-rack, certSerialId: null} reports an CLOSED replica.
2019-10-28 11:34:16,553 [EventQueue-ContainerReportForContainerReportHandler] WARN  container.ContainerReportHandler (AbstractContainerReportHandler.java:updateContainerState(145)) - Container #1 is in OPEN state, but the datanode 5aa0106d-b151-48db-b175-21e2bb54d20a{ip: 192.168.164.193, host: pr-hdds-2292-97wmq-4261317731, networkLocation: /default-rack, certSerialId: null} reports an CLOSED replica.
2019-10-28 11:34:16,656 [BlockDeletingService#2] WARN  background.BlockDeletingService (BlockDeletingService.java:isDeletionAllowed(187)) - Close Container log Index 6 is not replicated across allthe servers in the pipeline 673f7971-0954-4a65-9d1b-2bbc40871e24 as the min replicated index is 4. Deletion is not allowed in this container yet.
2019-10-28 11:34:16,663 [BlockDeletingService#2] WARN  background.BlockDeletingService (BlockDeletingService.java:isDeletionAllowed(187)) - Close Container log Index 6 is not replicated across allthe servers in the pipeline 673f7971-0954-4a65-9d1b-2bbc40871e24 as the min replicated index is 4. Deletion is not allowed in this container yet.
2019-10-28 11:34:16,846 [EventQueue-ContainerReportForContainerReportHandler] WARN  container.ContainerReportHandler (AbstractContainerReportHandler.java:updateContainerState(145)) - Container #1 is in OPEN state, but the datanode a4a68fdc-9c21-417a-8215-14845568ad90{ip: 192.168.164.193, host: pr-hdds-2292-97wmq-4261317731, networkLocation: /default-rack, certSerialId: null} reports an CLOSED replica.
2019-10-28 11:34:16,953 [EventQueue-ContainerReportForContainerReportHandler] WARN  container.ContainerReportHandler (AbstractContainerReportHandler.java:updateContainerState(145)) - Container #1 is in OPEN state, but the datanode 5aa0106d-b151-48db-b175-21e2bb54d20a{ip: 192.168.164.193, host: pr-hdds-2292-97wmq-4261317731, networkLocation: /default-rack, certSerialId: null} reports an CLOSED replica.
2019-10-28 11:34:17,146 [EventQueue-ContainerReportForContainerReportHandler] WARN  container.ContainerReportHandler (AbstractContainerReportHandler.java:updateContainerState(145)) - Container #1 is in OPEN state, but the datanode a4a68fdc-9c21-417a-8215-14845568ad90{ip: 192.168.164.193, host: pr-hdds-2292-97wmq-4261317731, networkLocation: /default-rack, certSerialId: null} reports an CLOSED replica.
2019-10-28 11:34:17,253 [EventQueue-ContainerReportForContainerReportHandler] WARN  container.ContainerReportHandler (AbstractContainerReportHandler.java:updateContainerState(145)) - Container #1 is in OPEN state, but the datanode 5aa0106d-b151-48db-b175-21e2bb54d20a{ip: 192.168.164.193, host: pr-hdds-2292-97wmq-4261317731, networkLocation: /default-rack, certSerialId: null} reports an CLOSED replica.
2019-10-28 11:34:17,446 [EventQueue-ContainerReportForContainerReportHandler] WARN  container.ContainerReportHandler (AbstractContainerReportHandler.java:updateContainerState(145)) - Container #1 is in OPEN state, but the datanode a4a68fdc-9c21-417a-8215-14845568ad90{ip: 192.168.164.193, host: pr-hdds-2292-97wmq-4261317731, networkLocation: /default-rack, certSerialId: null} reports an CLOSED replica.
2019-10-28 11:34:17,553 [EventQueue-ContainerReportForContainerReportHandler] WARN  container.ContainerReportHandler (AbstractContainerReportHandler.java:updateContainerState(145)) - Container #1 is in OPEN state, but the datanode 5aa0106d-b151-48db-b175-21e2bb54d20a{ip: 192.168.164.193, host: pr-hdds-2292-97wmq-4261317731, networkLocation: /default-rack, certSerialId: null} reports an CLOSED replica.
2019-10-28 11:34:17,600 [java.util.concurrent.ThreadPoolExecutor$Worker@588db654[State = -1, empty queue]] WARN  server.GrpcLogAppender (GrpcLogAppender.java:timeoutAppendRequest(209)) - a4a68fdc-9c21-417a-8215-14845568ad90@group-2BBC40871E24->bb175ec5-5e98-4251-9728-8e1e745e4fa1-GrpcLogAppender: appendEntries Timeout, request=a4a68fdc-9c21-417a-8215-14845568ad90->bb175ec5-5e98-4251-9728-8e1e745e4fa1#31-t3, previous=(t:3, i:10), leaderCommit=10, initializing? false, entries: <empty>
2019-10-28 11:34:17,615 [Thread-395] INFO  client.GrpcClientProtocolService (GrpcClientProtocolService.java:lambda$processClientRequest$0(278)) - Failed RaftClientRequest:client-8D88133FDDEB->5aa0106d-b151-48db-b175-21e2bb54d20a@group-2BBC40871E24, cid=10, seq=0, Watch-ALL_COMMITTED(6), Message:<EMPTY>, reply=RaftClientReply:client-8D88133FDDEB->5aa0106d-b151-48db-b175-21e2bb54d20a@group-2BBC40871E24, cid=10, FAILED org.apache.ratis.protocol.NotLeaderException: Server 5aa0106d-b151-48db-b175-21e2bb54d20a@group-2BBC40871E24 is not the leader a4a68fdc-9c21-417a-8215-14845568ad90:192.168.164.193:36183, logIndex=0, commits[5aa0106d-b151-48db-b175-21e2bb54d20a:c10, a4a68fdc-9c21-417a-8215-14845568ad90:c10, bb175ec5-5e98-4251-9728-8e1e745e4fa1:c4]
2019-10-28 11:34:17,657 [BlockDeletingService#2] WARN  background.BlockDeletingService (BlockDeletingService.java:isDeletionAllowed(187)) - Close Container log Index 6 is not replicated across allthe servers in the pipeline 673f7971-0954-4a65-9d1b-2bbc40871e24 as the min replicated index is 4. Deletion is not allowed in this container yet.
2019-10-28 11:34:17,663 [BlockDeletingService#2] WARN  background.BlockDeletingService (BlockDeletingService.java:isDeletionAllowed(187)) - Close Container log Index 6 is not replicated across allthe servers in the pipeline 673f7971-0954-4a65-9d1b-2bbc40871e24 as the min replicated index is 4. Deletion is not allowed in this container yet.
2019-10-28 11:34:17,682 [Thread-400] INFO  client.GrpcClientProtocolService (GrpcClientProtocolService.java:lambda$processClientRequest$0(278)) - Failed RaftClientRequest:client-8D88133FDDEB->a4a68fdc-9c21-417a-8215-14845568ad90@group-2BBC40871E24, cid=10, seq=0, Watch-ALL_COMMITTED(6), Message:<EMPTY>, reply=RaftClientReply:client-8D88133FDDEB->a4a68fdc-9c21-417a-8215-14845568ad90@group-2BBC40871E24, cid=10, FAILED org.apache.ratis.protocol.NotReplicatedException: Request with call Id 10 and log index 6 is not yet replicated to ALL_COMMITTED, logIndex=6, commits[a4a68fdc-9c21-417a-8215-14845568ad90:c10, 5aa0106d-b151-48db-b175-21e2bb54d20a:c10, bb175ec5-5e98-4251-9728-8e1e745e4fa1:c4]
2019-10-28 11:34:17,846 [EventQueue-ContainerReportForContainerReportHandler] WARN  container.ContainerReportHandler (AbstractContainerReportHandler.java:updateContainerState(145)) - Container #1 is in OPEN state, but the datanode a4a68fdc-9c21-417a-8215-14845568ad90{ip: 192.168.164.193, host: pr-hdds-2292-97wmq-4261317731, networkLocation: /default-rack, certSerialId: null} reports an CLOSED replica.
2019-10-28 11:34:17,853 [EventQueue-ContainerReportForContainerReportHandler] WARN  container.ContainerReportHandler (AbstractContainerReportHandler.java:updateContainerState(145)) - Container #1 is in OPEN state, but the datanode 5aa0106d-b151-48db-b175-21e2bb54d20a{ip: 192.168.164.193, host: pr-hdds-2292-97wmq-4261317731, networkLocation: /default-rack, certSerialId: null} reports an CLOSED replica.
2019-10-28 11:34:18,147 [EventQueue-ContainerReportForContainerReportHandler] WARN  container.ContainerReportHandler (AbstractContainerReportHandler.java:updateContainerState(145)) - Container #1 is in OPEN state, but the datanode a4a68fdc-9c21-417a-8215-14845568ad90{ip: 192.168.164.193, host: pr-hdds-2292-97wmq-4261317731, networkLocation: /default-rack, certSerialId: null} reports an CLOSED replica.
2019-10-28 11:34:18,154 [EventQueue-ContainerReportForContainerReportHandler] WARN  container.ContainerReportHandler (AbstractContainerReportHandler.java:updateContainerState(145)) - Container #1 is in OPEN state, but the datanode 5aa0106d-b151-48db-b175-21e2bb54d20a{ip: 192.168.164.193, host: pr-hdds-2292-97wmq-4261317731, networkLocation: /default-rack, certSerialId: null} reports an CLOSED replica.
2019-10-28 11:34:18,346 [EventQueue-ContainerReportForContainerReportHandler] WARN  container.ContainerReportHandler (AbstractContainerReportHandler.java:updateContainerState(145)) - Container #1 is in OPEN state, but the datanode a4a68fdc-9c21-417a-8215-14845568ad90{ip: 192.168.164.193, host: pr-hdds-2292-97wmq-4261317731, networkLocation: /default-rack, certSerialId: null} reports an CLOSED replica.
2019-10-28 11:34:18,353 [EventQueue-ContainerReportForContainerReportHandler] WARN  container.ContainerReportHandler (AbstractContainerReportHandler.java:updateContainerState(145)) - Container #1 is in OPEN state, but the datanode 5aa0106d-b151-48db-b175-21e2bb54d20a{ip: 192.168.164.193, host: pr-hdds-2292-97wmq-4261317731, networkLocation: /default-rack, certSerialId: null} reports an CLOSED replica.
2019-10-28 11:34:18,646 [EventQueue-ContainerReportForContainerReportHandler] WARN  container.ContainerReportHandler (AbstractContainerReportHandler.java:updateContainerState(145)) - Container #1 is in OPEN state, but the datanode a4a68fdc-9c21-417a-8215-14845568ad90{ip: 192.168.164.193, host: pr-hdds-2292-97wmq-4261317731, networkLocation: /default-rack, certSerialId: null} reports an CLOSED replica.
2019-10-28 11:34:18,659 [BlockDeletingService#2] WARN  background.BlockDeletingService (BlockDeletingService.java:isDeletionAllowed(187)) - Close Container log Index 6 is not replicated across allthe servers in the pipeline 673f7971-0954-4a65-9d1b-2bbc40871e24 as the min replicated index is 4. Deletion is not allowed in this container yet.
2019-10-28 11:34:18,667 [BlockDeletingService#2] WARN  background.BlockDeletingService (BlockDeletingService.java:isDeletionAllowed(187)) - Close Container log Index 6 is not replicated across allthe servers in the pipeline 673f7971-0954-4a65-9d1b-2bbc40871e24 as the min replicated index is 4. Deletion is not allowed in this container yet.
2019-10-28 11:34:18,754 [EventQueue-ContainerReportForContainerReportHandler] WARN  container.ContainerReportHandler (AbstractContainerReportHandler.java:updateContainerState(145)) - Container #1 is in OPEN state, but the datanode 5aa0106d-b151-48db-b175-21e2bb54d20a{ip: 192.168.164.193, host: pr-hdds-2292-97wmq-4261317731, networkLocation: /default-rack, certSerialId: null} reports an CLOSED replica.
2019-10-28 11:34:18,946 [EventQueue-ContainerReportForContainerReportHandler] WARN  container.ContainerReportHandler (AbstractContainerReportHandler.java:updateContainerState(145)) - Container #1 is in OPEN state, but the datanode a4a68fdc-9c21-417a-8215-14845568ad90{ip: 192.168.164.193, host: pr-hdds-2292-97wmq-4261317731, networkLocation: /default-rack, certSerialId: null} reports an CLOSED replica.
2019-10-28 11:34:19,056 [EventQueue-ContainerReportForContainerReportHandler] WARN  container.ContainerReportHandler (AbstractContainerReportHandler.java:updateContainerState(145)) - Container #1 is in OPEN state, but the datanode 5aa0106d-b151-48db-b175-21e2bb54d20a{ip: 192.168.164.193, host: pr-hdds-2292-97wmq-4261317731, networkLocation: /default-rack, certSerialId: null} reports an CLOSED replica.
2019-10-28 11:34:19,346 [EventQueue-ContainerReportForContainerReportHandler] WARN  container.ContainerReportHandler (AbstractContainerReportHandler.java:updateContainerState(145)) - Container #1 is in OPEN state, but the datanode a4a68fdc-9c21-417a-8215-14845568ad90{ip: 192.168.164.193, host: pr-hdds-2292-97wmq-4261317731, networkLocation: /default-rack, certSerialId: null} reports an CLOSED replica.
2019-10-28 11:34:19,356 [EventQueue-ContainerReportForContainerReportHandler] WARN  container.ContainerReportHandler (AbstractContainerReportHandler.java:updateContainerState(145)) - Container #1 is in OPEN state, but the datanode 5aa0106d-b151-48db-b175-21e2bb54d20a{ip: 192.168.164.193, host: pr-hdds-2292-97wmq-4261317731, networkLocation: /default-rack, certSerialId: null} reports an CLOSED replica.
2019-10-28 11:34:19,645 [EventQueue-ContainerReportForContainerReportHandler] WARN  container.ContainerReportHandler (AbstractContainerReportHandler.java:updateContainerState(145)) - Container #1 is in OPEN state, but the datanode a4a68fdc-9c21-417a-8215-14845568ad90{ip: 192.168.164.193, host: pr-hdds-2292-97wmq-4261317731, networkLocation: /default-rack, certSerialId: null} reports an CLOSED replica.
2019-10-28 11:34:19,655 [EventQueue-ContainerReportForContainerReportHandler] WARN  container.ContainerReportHandler (AbstractContainerReportHandler.java:updateContainerState(145)) - Container #1 is in OPEN state, but the datanode 5aa0106d-b151-48db-b175-21e2bb54d20a{ip: 192.168.164.193, host: pr-hdds-2292-97wmq-4261317731, networkLocation: /default-rack, certSerialId: null} reports an CLOSED replica.
2019-10-28 11:34:19,663 [BlockDeletingService#2] WARN  background.BlockDeletingService (BlockDeletingService.java:isDeletionAllowed(187)) - Close Container log Index 6 is not replicated across allthe servers in the pipeline 673f7971-0954-4a65-9d1b-2bbc40871e24 as the min replicated index is 4. Deletion is not allowed in this container yet.
2019-10-28 11:34:19,668 [BlockDeletingService#2] WARN  background.BlockDeletingService (BlockDeletingService.java:isDeletionAllowed(187)) - Close Container log Index 6 is not replicated across allthe servers in the pipeline 673f7971-0954-4a65-9d1b-2bbc40871e24 as the min replicated index is 4. Deletion is not allowed in this container yet.
2019-10-28 11:34:19,946 [EventQueue-ContainerReportForContainerReportHandler] WARN  container.ContainerReportHandler (AbstractContainerReportHandler.java:updateContainerState(145)) - Container #1 is in OPEN state, but the datanode a4a68fdc-9c21-417a-8215-14845568ad90{ip: 192.168.164.193, host: pr-hdds-2292-97wmq-4261317731, networkLocation: /default-rack, certSerialId: null} reports an CLOSED replica.
2019-10-28 11:34:19,955 [EventQueue-ContainerReportForContainerReportHandler] WARN  container.ContainerReportHandler (AbstractContainerReportHandler.java:updateContainerState(145)) - Container #1 is in OPEN state, but the datanode 5aa0106d-b151-48db-b175-21e2bb54d20a{ip: 192.168.164.193, host: pr-hdds-2292-97wmq-4261317731, networkLocation: /default-rack, certSerialId: null} reports an CLOSED replica.
2019-10-28 11:34:20,101 [java.util.concurrent.ThreadPoolExecutor$Worker@588db654[State = -1, empty queue]] WARN  server.GrpcLogAppender (GrpcLogAppender.java:timeoutAppendRequest(209)) - a4a68fdc-9c21-417a-8215-14845568ad90@group-2BBC40871E24->bb175ec5-5e98-4251-9728-8e1e745e4fa1-GrpcLogAppender: appendEntries Timeout, request=a4a68fdc-9c21-417a-8215-14845568ad90->bb175ec5-5e98-4251-9728-8e1e745e4fa1#32-t3, previous=(t:3, i:10), leaderCommit=10, initializing? false, entries: <empty>
2019-10-28 11:34:20,246 [EventQueue-ContainerReportForContainerReportHandler] WARN  container.ContainerReportHandler (AbstractContainerReportHandler.java:updateContainerState(145)) - Container #1 is in OPEN state, but the datanode a4a68fdc-9c21-417a-8215-14845568ad90{ip: 192.168.164.193, host: pr-hdds-2292-97wmq-4261317731, networkLocation: /default-rack, certSerialId: null} reports an CLOSED replica.
2019-10-28 11:34:20,255 [EventQueue-ContainerReportForContainerReportHandler] WARN  container.ContainerReportHandler (AbstractContainerReportHandler.java:updateContainerState(145)) - Container #1 is in OPEN state, but the datanode 5aa0106d-b151-48db-b175-21e2bb54d20a{ip: 192.168.164.193, host: pr-hdds-2292-97wmq-4261317731, networkLocation: /default-rack, certSerialId: null} reports an CLOSED replica.
2019-10-28 11:34:20,456 [EventQueue-ContainerReportForContainerReportHandler] WARN  container.ContainerReportHandler (AbstractContainerReportHandler.java:updateContainerState(145)) - Container #1 is in OPEN state, but the datanode 5aa0106d-b151-48db-b175-21e2bb54d20a{ip: 192.168.164.193, host: pr-hdds-2292-97wmq-4261317731, networkLocation: /default-rack, certSerialId: null} reports an CLOSED replica.
2019-10-28 11:34:20,546 [EventQueue-ContainerReportForContainerReportHandler] WARN  container.ContainerReportHandler (AbstractContainerReportHandler.java:updateContainerState(145)) - Container #1 is in OPEN state, but the datanode a4a68fdc-9c21-417a-8215-14845568ad90{ip: 192.168.164.193, host: pr-hdds-2292-97wmq-4261317731, networkLocation: /default-rack, certSerialId: null} reports an CLOSED replica.
2019-10-28 11:34:20,665 [BlockDeletingService#2] WARN  background.BlockDeletingService (BlockDeletingService.java:isDeletionAllowed(187)) - Close Container log Index 6 is not replicated across allthe servers in the pipeline 673f7971-0954-4a65-9d1b-2bbc40871e24 as the min replicated index is 4. Deletion is not allowed in this container yet.
2019-10-28 11:34:20,669 [BlockDeletingService#2] WARN  background.BlockDeletingService (BlockDeletingService.java:isDeletionAllowed(187)) - Close Container log Index 6 is not replicated across allthe servers in the pipeline 673f7971-0954-4a65-9d1b-2bbc40871e24 as the min replicated index is 4. Deletion is not allowed in this container yet.
2019-10-28 11:34:20,757 [EventQueue-ContainerReportForContainerReportHandler] WARN  container.ContainerReportHandler (AbstractContainerReportHandler.java:updateContainerState(145)) - Container #1 is in OPEN state, but the datanode 5aa0106d-b151-48db-b175-21e2bb54d20a{ip: 192.168.164.193, host: pr-hdds-2292-97wmq-4261317731, networkLocation: /default-rack, certSerialId: null} reports an CLOSED replica.
2019-10-28 11:34:20,848 [EventQueue-ContainerReportForContainerReportHandler] WARN  container.ContainerReportHandler (AbstractContainerReportHandler.java:updateContainerState(145)) - Container #1 is in OPEN state, but the datanode a4a68fdc-9c21-417a-8215-14845568ad90{ip: 192.168.164.193, host: pr-hdds-2292-97wmq-4261317731, networkLocation: /default-rack, certSerialId: null} reports an CLOSED replica.
2019-10-28 11:34:21,048 [EventQueue-ContainerReportForContainerReportHandler] WARN  container.ContainerReportHandler (AbstractContainerReportHandler.java:updateContainerState(145)) - Container #1 is in OPEN state, but the datanode a4a68fdc-9c21-417a-8215-14845568ad90{ip: 192.168.164.193, host: pr-hdds-2292-97wmq-4261317731, networkLocation: /default-rack, certSerialId: null} reports an CLOSED replica.
2019-10-28 11:34:21,157 [EventQueue-ContainerReportForContainerReportHandler] WARN  container.ContainerReportHandler (AbstractContainerReportHandler.java:updateContainerState(145)) - Container #1 is in OPEN state, but the datanode 5aa0106d-b151-48db-b175-21e2bb54d20a{ip: 192.168.164.193, host: pr-hdds-2292-97wmq-4261317731, networkLocation: /default-rack, certSerialId: null} reports an CLOSED replica.
2019-10-28 11:34:21,449 [EventQueue-ContainerReportForContainerReportHandler] WARN  container.ContainerReportHandler (AbstractContainerReportHandler.java:updateContainerState(145)) - Container #1 is in OPEN state, but the datanode a4a68fdc-9c21-417a-8215-14845568ad90{ip: 192.168.164.193, host: pr-hdds-2292-97wmq-4261317731, networkLocation: /default-rack, certSerialId: null} reports an CLOSED replica.
2019-10-28 11:34:21,459 [EventQueue-ContainerReportForContainerReportHandler] WARN  container.ContainerReportHandler (AbstractContainerReportHandler.java:updateContainerState(145)) - Container #1 is in OPEN state, but the datanode 5aa0106d-b151-48db-b175-21e2bb54d20a{ip: 192.168.164.193, host: pr-hdds-2292-97wmq-4261317731, networkLocation: /default-rack, certSerialId: null} reports an CLOSED replica.
2019-10-28 11:34:21,649 [EventQueue-ContainerReportForContainerReportHandler] WARN  container.ContainerReportHandler (AbstractContainerReportHandler.java:updateContainerState(145)) - Container #1 is in OPEN state, but the datanode a4a68fdc-9c21-417a-8215-14845568ad90{ip: 192.168.164.193, host: pr-hdds-2292-97wmq-4261317731, networkLocation: /default-rack, certSerialId: null} reports an CLOSED replica.
2019-10-28 11:34:21,666 [BlockDeletingService#2] WARN  background.BlockDeletingService (BlockDeletingService.java:isDeletionAllowed(187)) - Close Container log Index 6 is not replicated across allthe servers in the pipeline 673f7971-0954-4a65-9d1b-2bbc40871e24 as the min replicated index is 4. Deletion is not allowed in this container yet.
2019-10-28 11:34:21,670 [BlockDeletingService#2] WARN  background.BlockDeletingService (BlockDeletingService.java:isDeletionAllowed(187)) - Close Container log Index 6 is not replicated across allthe servers in the pipeline 673f7971-0954-4a65-9d1b-2bbc40871e24 as the min replicated index is 4. Deletion is not allowed in this container yet.
2019-10-28 11:34:21,758 [EventQueue-ContainerReportForContainerReportHandler] WARN  container.ContainerReportHandler (AbstractContainerReportHandler.java:updateContainerState(145)) - Container #1 is in OPEN state, but the datanode 5aa0106d-b151-48db-b175-21e2bb54d20a{ip: 192.168.164.193, host: pr-hdds-2292-97wmq-4261317731, networkLocation: /default-rack, certSerialId: null} reports an CLOSED replica.
2019-10-28 11:34:21,950 [EventQueue-ContainerReportForContainerReportHandler] WARN  container.ContainerReportHandler (AbstractContainerReportHandler.java:updateContainerState(145)) - Container #1 is in OPEN state, but the datanode a4a68fdc-9c21-417a-8215-14845568ad90{ip: 192.168.164.193, host: pr-hdds-2292-97wmq-4261317731, networkLocation: /default-rack, certSerialId: null} reports an CLOSED replica.
2019-10-28 11:34:22,159 [EventQueue-ContainerReportForContainerReportHandler] WARN  container.ContainerReportHandler (AbstractContainerReportHandler.java:updateContainerState(145)) - Container #1 is in OPEN state, but the datanode 5aa0106d-b151-48db-b175-21e2bb54d20a{ip: 192.168.164.193, host: pr-hdds-2292-97wmq-4261317731, networkLocation: /default-rack, certSerialId: null} reports an CLOSED replica.
2019-10-28 11:34:22,250 [EventQueue-ContainerReportForContainerReportHandler] WARN  container.ContainerReportHandler (AbstractContainerReportHandler.java:updateContainerState(145)) - Container #1 is in OPEN state, but the datanode a4a68fdc-9c21-417a-8215-14845568ad90{ip: 192.168.164.193, host: pr-hdds-2292-97wmq-4261317731, networkLocation: /default-rack, certSerialId: null} reports an CLOSED replica.
2019-10-28 11:34:22,359 [EventQueue-ContainerReportForContainerReportHandler] WARN  container.ContainerReportHandler (AbstractContainerReportHandler.java:updateContainerState(145)) - Container #1 is in OPEN state, but the datanode 5aa0106d-b151-48db-b175-21e2bb54d20a{ip: 192.168.164.193, host: pr-hdds-2292-97wmq-4261317731, networkLocation: /default-rack, certSerialId: null} reports an CLOSED replica.
2019-10-28 11:34:22,559 [EventQueue-ContainerReportForContainerReportHandler] WARN  container.ContainerReportHandler (AbstractContainerReportHandler.java:updateContainerState(145)) - Container #1 is in OPEN state, but the datanode 5aa0106d-b151-48db-b175-21e2bb54d20a{ip: 192.168.164.193, host: pr-hdds-2292-97wmq-4261317731, networkLocation: /default-rack, certSerialId: null} reports an CLOSED replica.
2019-10-28 11:34:22,603 [java.util.concurrent.ThreadPoolExecutor$Worker@588db654[State = -1, empty queue]] WARN  server.GrpcLogAppender (GrpcLogAppender.java:timeoutAppendRequest(209)) - a4a68fdc-9c21-417a-8215-14845568ad90@group-2BBC40871E24->bb175ec5-5e98-4251-9728-8e1e745e4fa1-GrpcLogAppender: appendEntries Timeout, request=a4a68fdc-9c21-417a-8215-14845568ad90->bb175ec5-5e98-4251-9728-8e1e745e4fa1#33-t3, previous=(t:3, i:10), leaderCommit=10, initializing? false, entries: <empty>
2019-10-28 11:34:22,651 [EventQueue-ContainerReportForContainerReportHandler] WARN  container.ContainerReportHandler (AbstractContainerReportHandler.java:updateContainerState(145)) - Container #1 is in OPEN state, but the datanode a4a68fdc-9c21-417a-8215-14845568ad90{ip: 192.168.164.193, host: pr-hdds-2292-97wmq-4261317731, networkLocation: /default-rack, certSerialId: null} reports an CLOSED replica.
2019-10-28 11:34:22,667 [BlockDeletingService#2] WARN  background.BlockDeletingService (BlockDeletingService.java:isDeletionAllowed(187)) - Close Container log Index 6 is not replicated across allthe servers in the pipeline 673f7971-0954-4a65-9d1b-2bbc40871e24 as the min replicated index is 4. Deletion is not allowed in this container yet.
2019-10-28 11:34:22,671 [BlockDeletingService#2] WARN  background.BlockDeletingService (BlockDeletingService.java:isDeletionAllowed(187)) - Close Container log Index 6 is not replicated across allthe servers in the pipeline 673f7971-0954-4a65-9d1b-2bbc40871e24 as the min replicated index is 4. Deletion is not allowed in this container yet.
2019-10-28 11:34:22,959 [EventQueue-ContainerReportForContainerReportHandler] WARN  container.ContainerReportHandler (AbstractContainerReportHandler.java:updateContainerState(145)) - Container #1 is in OPEN state, but the datanode 5aa0106d-b151-48db-b175-21e2bb54d20a{ip: 192.168.164.193, host: pr-hdds-2292-97wmq-4261317731, networkLocation: /default-rack, certSerialId: null} reports an CLOSED replica.
2019-10-28 11:34:23,051 [EventQueue-ContainerReportForContainerReportHandler] WARN  container.ContainerReportHandler (AbstractContainerReportHandler.java:updateContainerState(145)) - Container #1 is in OPEN state, but the datanode a4a68fdc-9c21-417a-8215-14845568ad90{ip: 192.168.164.193, host: pr-hdds-2292-97wmq-4261317731, networkLocation: /default-rack, certSerialId: null} reports an CLOSED replica.
2019-10-28 11:34:23,251 [EventQueue-ContainerReportForContainerReportHandler] WARN  container.ContainerReportHandler (AbstractContainerReportHandler.java:updateContainerState(145)) - Container #1 is in OPEN state, but the datanode a4a68fdc-9c21-417a-8215-14845568ad90{ip: 192.168.164.193, host: pr-hdds-2292-97wmq-4261317731, networkLocation: /default-rack, certSerialId: null} reports an CLOSED replica.
2019-10-28 11:34:23,260 [EventQueue-ContainerReportForContainerReportHandler] WARN  container.ContainerReportHandler (AbstractContainerReportHandler.java:updateContainerState(145)) - Container #1 is in OPEN state, but the datanode 5aa0106d-b151-48db-b175-21e2bb54d20a{ip: 192.168.164.193, host: pr-hdds-2292-97wmq-4261317731, networkLocation: /default-rack, certSerialId: null} reports an CLOSED replica.
2019-10-28 11:34:23,459 [EventQueue-ContainerReportForContainerReportHandler] WARN  container.ContainerReportHandler (AbstractContainerReportHandler.java:updateContainerState(145)) - Container #1 is in OPEN state, but the datanode 5aa0106d-b151-48db-b175-21e2bb54d20a{ip: 192.168.164.193, host: pr-hdds-2292-97wmq-4261317731, networkLocation: /default-rack, certSerialId: null} reports an CLOSED replica.
2019-10-28 11:34:23,651 [EventQueue-ContainerReportForContainerReportHandler] WARN  container.ContainerReportHandler (AbstractContainerReportHandler.java:updateContainerState(145)) - Container #1 is in OPEN state, but the datanode a4a68fdc-9c21-417a-8215-14845568ad90{ip: 192.168.164.193, host: pr-hdds-2292-97wmq-4261317731, networkLocation: /default-rack, certSerialId: null} reports an CLOSED replica.
2019-10-28 11:34:23,668 [BlockDeletingService#2] WARN  background.BlockDeletingService (BlockDeletingService.java:isDeletionAllowed(187)) - Close Container log Index 6 is not replicated across allthe servers in the pipeline 673f7971-0954-4a65-9d1b-2bbc40871e24 as the min replicated index is 4. Deletion is not allowed in this container yet.
2019-10-28 11:34:23,672 [BlockDeletingService#2] WARN  background.BlockDeletingService (BlockDeletingService.java:isDeletionAllowed(187)) - Close Container log Index 6 is not replicated across allthe servers in the pipeline 673f7971-0954-4a65-9d1b-2bbc40871e24 as the min replicated index is 4. Deletion is not allowed in this container yet.
2019-10-28 11:34:23,760 [EventQueue-ContainerReportForContainerReportHandler] WARN  container.ContainerReportHandler (AbstractContainerReportHandler.java:updateContainerState(145)) - Container #1 is in OPEN state, but the datanode 5aa0106d-b151-48db-b175-21e2bb54d20a{ip: 192.168.164.193, host: pr-hdds-2292-97wmq-4261317731, networkLocation: /default-rack, certSerialId: null} reports an CLOSED replica.
2019-10-28 11:34:23,851 [EventQueue-ContainerReportForContainerReportHandler] WARN  container.ContainerReportHandler (AbstractContainerReportHandler.java:updateContainerState(145)) - Container #1 is in OPEN state, but the datanode a4a68fdc-9c21-417a-8215-14845568ad90{ip: 192.168.164.193, host: pr-hdds-2292-97wmq-4261317731, networkLocation: /default-rack, certSerialId: null} reports an CLOSED replica.
2019-10-28 11:34:24,051 [EventQueue-ContainerReportForContainerReportHandler] WARN  container.ContainerReportHandler (AbstractContainerReportHandler.java:updateContainerState(145)) - Container #1 is in OPEN state, but the datanode a4a68fdc-9c21-417a-8215-14845568ad90{ip: 192.168.164.193, host: pr-hdds-2292-97wmq-4261317731, networkLocation: /default-rack, certSerialId: null} reports an CLOSED replica.
2019-10-28 11:34:24,061 [EventQueue-ContainerReportForContainerReportHandler] WARN  container.ContainerReportHandler (AbstractContainerReportHandler.java:updateContainerState(145)) - Container #1 is in OPEN state, but the datanode 5aa0106d-b151-48db-b175-21e2bb54d20a{ip: 192.168.164.193, host: pr-hdds-2292-97wmq-4261317731, networkLocation: /default-rack, certSerialId: null} reports an CLOSED replica.
2019-10-28 11:34:24,250 [EventQueue-ContainerReportForContainerReportHandler] WARN  container.ContainerReportHandler (AbstractContainerReportHandler.java:updateContainerState(145)) - Container #1 is in OPEN state, but the datanode a4a68fdc-9c21-417a-8215-14845568ad90{ip: 192.168.164.193, host: pr-hdds-2292-97wmq-4261317731, networkLocation: /default-rack, certSerialId: null} reports an CLOSED replica.
2019-10-28 11:34:24,461 [EventQueue-ContainerReportForContainerReportHandler] WARN  container.ContainerReportHandler (AbstractContainerReportHandler.java:updateContainerState(145)) - Container #1 is in OPEN state, but the datanode 5aa0106d-b151-48db-b175-21e2bb54d20a{ip: 192.168.164.193, host: pr-hdds-2292-97wmq-4261317731, networkLocation: /default-rack, certSerialId: null} reports an CLOSED replica.
2019-10-28 11:34:24,650 [EventQueue-ContainerReportForContainerReportHandler] WARN  container.ContainerReportHandler (AbstractContainerReportHandler.java:updateContainerState(145)) - Container #1 is in OPEN state, but the datanode a4a68fdc-9c21-417a-8215-14845568ad90{ip: 192.168.164.193, host: pr-hdds-2292-97wmq-4261317731, networkLocation: /default-rack, certSerialId: null} reports an CLOSED replica.
2019-10-28 11:34:24,670 [BlockDeletingService#2] WARN  background.BlockDeletingService (BlockDeletingService.java:isDeletionAllowed(187)) - Close Container log Index 6 is not replicated across allthe servers in the pipeline 673f7971-0954-4a65-9d1b-2bbc40871e24 as the min replicated index is 4. Deletion is not allowed in this container yet.
2019-10-28 11:34:24,673 [BlockDeletingService#2] WARN  background.BlockDeletingService (BlockDeletingService.java:isDeletionAllowed(187)) - Close Container log Index 6 is not replicated across allthe servers in the pipeline 673f7971-0954-4a65-9d1b-2bbc40871e24 as the min replicated index is 4. Deletion is not allowed in this container yet.
2019-10-28 11:34:24,862 [EventQueue-ContainerReportForContainerReportHandler] WARN  container.ContainerReportHandler (AbstractContainerReportHandler.java:updateContainerState(145)) - Container #1 is in OPEN state, but the datanode 5aa0106d-b151-48db-b175-21e2bb54d20a{ip: 192.168.164.193, host: pr-hdds-2292-97wmq-4261317731, networkLocation: /default-rack, certSerialId: null} reports an CLOSED replica.
2019-10-28 11:34:25,051 [EventQueue-ContainerReportForContainerReportHandler] WARN  container.ContainerReportHandler (AbstractContainerReportHandler.java:updateContainerState(145)) - Container #1 is in OPEN state, but the datanode a4a68fdc-9c21-417a-8215-14845568ad90{ip: 192.168.164.193, host: pr-hdds-2292-97wmq-4261317731, networkLocation: /default-rack, certSerialId: null} reports an CLOSED replica.
2019-10-28 11:34:25,104 [java.util.concurrent.ThreadPoolExecutor$Worker@588db654[State = -1, empty queue]] WARN  server.GrpcLogAppender (GrpcLogAppender.java:timeoutAppendRequest(209)) - a4a68fdc-9c21-417a-8215-14845568ad90@group-2BBC40871E24->bb175ec5-5e98-4251-9728-8e1e745e4fa1-GrpcLogAppender: appendEntries Timeout, request=a4a68fdc-9c21-417a-8215-14845568ad90->bb175ec5-5e98-4251-9728-8e1e745e4fa1#34-t3, previous=(t:3, i:10), leaderCommit=10, initializing? false, entries: <empty>
2019-10-28 11:34:25,162 [EventQueue-ContainerReportForContainerReportHandler] WARN  container.ContainerReportHandler (AbstractContainerReportHandler.java:updateContainerState(145)) - Container #1 is in OPEN state, but the datanode 5aa0106d-b151-48db-b175-21e2bb54d20a{ip: 192.168.164.193, host: pr-hdds-2292-97wmq-4261317731, networkLocation: /default-rack, certSerialId: null} reports an CLOSED replica.
2019-10-28 11:34:25,352 [EventQueue-ContainerReportForContainerReportHandler] WARN  container.ContainerReportHandler (AbstractContainerReportHandler.java:updateContainerState(145)) - Container #1 is in OPEN state, but the datanode a4a68fdc-9c21-417a-8215-14845568ad90{ip: 192.168.164.193, host: pr-hdds-2292-97wmq-4261317731, networkLocation: /default-rack, certSerialId: null} reports an CLOSED replica.
2019-10-28 11:34:25,461 [EventQueue-ContainerReportForContainerReportHandler] WARN  container.ContainerReportHandler (AbstractContainerReportHandler.java:updateContainerState(145)) - Container #1 is in OPEN state, but the datanode 5aa0106d-b151-48db-b175-21e2bb54d20a{ip: 192.168.164.193, host: pr-hdds-2292-97wmq-4261317731, networkLocation: /default-rack, certSerialId: null} reports an CLOSED replica.
2019-10-28 11:34:25,672 [BlockDeletingService#2] WARN  background.BlockDeletingService (BlockDeletingService.java:isDeletionAllowed(187)) - Close Container log Index 6 is not replicated across allthe servers in the pipeline 673f7971-0954-4a65-9d1b-2bbc40871e24 as the min replicated index is 4. Deletion is not allowed in this container yet.
2019-10-28 11:34:25,674 [BlockDeletingService#2] WARN  background.BlockDeletingService (BlockDeletingService.java:isDeletionAllowed(187)) - Close Container log Index 6 is not replicated across allthe servers in the pipeline 673f7971-0954-4a65-9d1b-2bbc40871e24 as the min replicated index is 4. Deletion is not allowed in this container yet.
2019-10-28 11:34:25,751 [EventQueue-ContainerReportForContainerReportHandler] WARN  container.ContainerReportHandler (AbstractContainerReportHandler.java:updateContainerState(145)) - Container #1 is in OPEN state, but the datanode a4a68fdc-9c21-417a-8215-14845568ad90{ip: 192.168.164.193, host: pr-hdds-2292-97wmq-4261317731, networkLocation: /default-rack, certSerialId: null} reports an CLOSED replica.
2019-10-28 11:34:25,761 [EventQueue-ContainerReportForContainerReportHandler] WARN  container.ContainerReportHandler (AbstractContainerReportHandler.java:updateContainerState(145)) - Container #1 is in OPEN state, but the datanode 5aa0106d-b151-48db-b175-21e2bb54d20a{ip: 192.168.164.193, host: pr-hdds-2292-97wmq-4261317731, networkLocation: /default-rack, certSerialId: null} reports an CLOSED replica.
2019-10-28 11:34:25,952 [EventQueue-ContainerReportForContainerReportHandler] WARN  container.ContainerReportHandler (AbstractContainerReportHandler.java:updateContainerState(145)) - Container #1 is in OPEN state, but the datanode a4a68fdc-9c21-417a-8215-14845568ad90{ip: 192.168.164.193, host: pr-hdds-2292-97wmq-4261317731, networkLocation: /default-rack, certSerialId: null} reports an CLOSED replica.
2019-10-28 11:34:26,163 [EventQueue-ContainerReportForContainerReportHandler] WARN  container.ContainerReportHandler (AbstractContainerReportHandler.java:updateContainerState(145)) - Container #1 is in OPEN state, but the datanode 5aa0106d-b151-48db-b175-21e2bb54d20a{ip: 192.168.164.193, host: pr-hdds-2292-97wmq-4261317731, networkLocation: /default-rack, certSerialId: null} reports an CLOSED replica.
2019-10-28 11:34:26,352 [EventQueue-ContainerReportForContainerReportHandler] WARN  container.ContainerReportHandler (AbstractContainerReportHandler.java:updateContainerState(145)) - Container #1 is in OPEN state, but the datanode a4a68fdc-9c21-417a-8215-14845568ad90{ip: 192.168.164.193, host: pr-hdds-2292-97wmq-4261317731, networkLocation: /default-rack, certSerialId: null} reports an CLOSED replica.
2019-10-28 11:34:26,463 [EventQueue-ContainerReportForContainerReportHandler] WARN  container.ContainerReportHandler (AbstractContainerReportHandler.java:updateContainerState(145)) - Container #1 is in OPEN state, but the datanode 5aa0106d-b151-48db-b175-21e2bb54d20a{ip: 192.168.164.193, host: pr-hdds-2292-97wmq-4261317731, networkLocation: /default-rack, certSerialId: null} reports an CLOSED replica.
2019-10-28 11:34:26,645 [Thread-422] INFO  client.GrpcClientProtocolService (GrpcClientProtocolService.java:lambda$processClientRequest$0(278)) - Failed RaftClientRequest:client-8D88133FDDEB->5aa0106d-b151-48db-b175-21e2bb54d20a@group-2BBC40871E24, cid=10, seq=0, Watch-ALL_COMMITTED(6), Message:<EMPTY>, reply=RaftClientReply:client-8D88133FDDEB->5aa0106d-b151-48db-b175-21e2bb54d20a@group-2BBC40871E24, cid=10, FAILED org.apache.ratis.protocol.NotLeaderException: Server 5aa0106d-b151-48db-b175-21e2bb54d20a@group-2BBC40871E24 is not the leader a4a68fdc-9c21-417a-8215-14845568ad90:192.168.164.193:36183, logIndex=0, commits[5aa0106d-b151-48db-b175-21e2bb54d20a:c10, a4a68fdc-9c21-417a-8215-14845568ad90:c10, bb175ec5-5e98-4251-9728-8e1e745e4fa1:c4]
2019-10-28 11:34:26,663 [EventQueue-ContainerReportForContainerReportHandler] WARN  container.ContainerReportHandler (AbstractContainerReportHandler.java:updateContainerState(145)) - Container #1 is in OPEN state, but the datanode 5aa0106d-b151-48db-b175-21e2bb54d20a{ip: 192.168.164.193, host: pr-hdds-2292-97wmq-4261317731, networkLocation: /default-rack, certSerialId: null} reports an CLOSED replica.
2019-10-28 11:34:26,673 [BlockDeletingService#2] WARN  background.BlockDeletingService (BlockDeletingService.java:isDeletionAllowed(187)) - Close Container log Index 6 is not replicated across allthe servers in the pipeline 673f7971-0954-4a65-9d1b-2bbc40871e24 as the min replicated index is 4. Deletion is not allowed in this container yet.
2019-10-28 11:34:26,675 [BlockDeletingService#2] WARN  background.BlockDeletingService (BlockDeletingService.java:isDeletionAllowed(187)) - Close Container log Index 6 is not replicated across allthe servers in the pipeline 673f7971-0954-4a65-9d1b-2bbc40871e24 as the min replicated index is 4. Deletion is not allowed in this container yet.
2019-10-28 11:34:26,753 [EventQueue-ContainerReportForContainerReportHandler] WARN  container.ContainerReportHandler (AbstractContainerReportHandler.java:updateContainerState(145)) - Container #1 is in OPEN state, but the datanode a4a68fdc-9c21-417a-8215-14845568ad90{ip: 192.168.164.193, host: pr-hdds-2292-97wmq-4261317731, networkLocation: /default-rack, certSerialId: null} reports an CLOSED replica.
2019-10-28 11:34:26,964 [EventQueue-ContainerReportForContainerReportHandler] WARN  container.ContainerReportHandler (AbstractContainerReportHandler.java:updateContainerState(145)) - Container #1 is in OPEN state, but the datanode 5aa0106d-b151-48db-b175-21e2bb54d20a{ip: 192.168.164.193, host: pr-hdds-2292-97wmq-4261317731, networkLocation: /default-rack, certSerialId: null} reports an CLOSED replica.
2019-10-28 11:34:27,053 [EventQueue-ContainerReportForContainerReportHandler] WARN  container.ContainerReportHandler (AbstractContainerReportHandler.java:updateContainerState(145)) - Container #1 is in OPEN state, but the datanode a4a68fdc-9c21-417a-8215-14845568ad90{ip: 192.168.164.193, host: pr-hdds-2292-97wmq-4261317731, networkLocation: /default-rack, certSerialId: null} reports an CLOSED replica.
2019-10-28 11:34:27,263 [EventQueue-ContainerReportForContainerReportHandler] WARN  container.ContainerReportHandler (AbstractContainerReportHandler.java:updateContainerState(145)) - Container #1 is in OPEN state, but the datanode 5aa0106d-b151-48db-b175-21e2bb54d20a{ip: 192.168.164.193, host: pr-hdds-2292-97wmq-4261317731, networkLocation: /default-rack, certSerialId: null} reports an CLOSED replica.
2019-10-28 11:34:27,353 [EventQueue-ContainerReportForContainerReportHandler] WARN  container.ContainerReportHandler (AbstractContainerReportHandler.java:updateContainerState(145)) - Container #1 is in OPEN state, but the datanode a4a68fdc-9c21-417a-8215-14845568ad90{ip: 192.168.164.193, host: pr-hdds-2292-97wmq-4261317731, networkLocation: /default-rack, certSerialId: null} reports an CLOSED replica.
2019-10-28 11:34:27,465 [EventQueue-ContainerReportForContainerReportHandler] WARN  container.ContainerReportHandler (AbstractContainerReportHandler.java:updateContainerState(145)) - Container #1 is in OPEN state, but the datanode 5aa0106d-b151-48db-b175-21e2bb54d20a{ip: 192.168.164.193, host: pr-hdds-2292-97wmq-4261317731, networkLocation: /default-rack, certSerialId: null} reports an CLOSED replica.
2019-10-28 11:34:27,555 [EventQueue-ContainerReportForContainerReportHandler] WARN  container.ContainerReportHandler (AbstractContainerReportHandler.java:updateContainerState(145)) - Container #1 is in OPEN state, but the datanode a4a68fdc-9c21-417a-8215-14845568ad90{ip: 192.168.164.193, host: pr-hdds-2292-97wmq-4261317731, networkLocation: /default-rack, certSerialId: null} reports an CLOSED replica.
2019-10-28 11:34:27,605 [java.util.concurrent.ThreadPoolExecutor$Worker@588db654[State = -1, empty queue]] WARN  server.GrpcLogAppender (GrpcLogAppender.java:timeoutAppendRequest(209)) - a4a68fdc-9c21-417a-8215-14845568ad90@group-2BBC40871E24->bb175ec5-5e98-4251-9728-8e1e745e4fa1-GrpcLogAppender: appendEntries Timeout, request=a4a68fdc-9c21-417a-8215-14845568ad90->bb175ec5-5e98-4251-9728-8e1e745e4fa1#35-t3, previous=(t:3, i:10), leaderCommit=10, initializing? false, entries: <empty>
2019-10-28 11:34:27,677 [BlockDeletingService#2] WARN  background.BlockDeletingService (BlockDeletingService.java:isDeletionAllowed(187)) - Close Container log Index 6 is not replicated across allthe servers in the pipeline 673f7971-0954-4a65-9d1b-2bbc40871e24 as the min replicated index is 4. Deletion is not allowed in this container yet.
2019-10-28 11:34:27,677 [BlockDeletingService#2] WARN  background.BlockDeletingService (BlockDeletingService.java:isDeletionAllowed(187)) - Close Container log Index 6 is not replicated across allthe servers in the pipeline 673f7971-0954-4a65-9d1b-2bbc40871e24 as the min replicated index is 4. Deletion is not allowed in this container yet.
2019-10-28 11:34:27,682 [Thread-430] INFO  client.GrpcClientProtocolService (GrpcClientProtocolService.java:lambda$processClientRequest$0(278)) - Failed RaftClientRequest:client-8D88133FDDEB->a4a68fdc-9c21-417a-8215-14845568ad90@group-2BBC40871E24, cid=10, seq=0, Watch-ALL_COMMITTED(6), Message:<EMPTY>, reply=RaftClientReply:client-8D88133FDDEB->a4a68fdc-9c21-417a-8215-14845568ad90@group-2BBC40871E24, cid=10, FAILED org.apache.ratis.protocol.NotReplicatedException: Request with call Id 10 and log index 6 is not yet replicated to ALL_COMMITTED, logIndex=6, commits[a4a68fdc-9c21-417a-8215-14845568ad90:c10, 5aa0106d-b151-48db-b175-21e2bb54d20a:c10, bb175ec5-5e98-4251-9728-8e1e745e4fa1:c4]
2019-10-28 11:34:27,755 [EventQueue-ContainerReportForContainerReportHandler] WARN  container.ContainerReportHandler (AbstractContainerReportHandler.java:updateContainerState(145)) - Container #1 is in OPEN state, but the datanode a4a68fdc-9c21-417a-8215-14845568ad90{ip: 192.168.164.193, host: pr-hdds-2292-97wmq-4261317731, networkLocation: /default-rack, certSerialId: null} reports an CLOSED replica.
2019-10-28 11:34:27,865 [EventQueue-ContainerReportForContainerReportHandler] WARN  container.ContainerReportHandler (AbstractContainerReportHandler.java:updateContainerState(145)) - Container #1 is in OPEN state, but the datanode 5aa0106d-b151-48db-b175-21e2bb54d20a{ip: 192.168.164.193, host: pr-hdds-2292-97wmq-4261317731, networkLocation: /default-rack, certSerialId: null} reports an CLOSED replica.
2019-10-28 11:34:28,064 [EventQueue-ContainerReportForContainerReportHandler] WARN  container.ContainerReportHandler (AbstractContainerReportHandler.java:updateContainerState(145)) - Container #1 is in OPEN state, but the datanode 5aa0106d-b151-48db-b175-21e2bb54d20a{ip: 192.168.164.193, host: pr-hdds-2292-97wmq-4261317731, networkLocation: /default-rack, certSerialId: null} reports an CLOSED replica.
2019-10-28 11:34:28,156 [EventQueue-ContainerReportForContainerReportHandler] WARN  container.ContainerReportHandler (AbstractContainerReportHandler.java:updateContainerState(145)) - Container #1 is in OPEN state, but the datanode a4a68fdc-9c21-417a-8215-14845568ad90{ip: 192.168.164.193, host: pr-hdds-2292-97wmq-4261317731, networkLocation: /default-rack, certSerialId: null} reports an CLOSED replica.
2019-10-28 11:34:28,265 [EventQueue-ContainerReportForContainerReportHandler] WARN  container.ContainerReportHandler (AbstractContainerReportHandler.java:updateContainerState(145)) - Container #1 is in OPEN state, but the datanode 5aa0106d-b151-48db-b175-21e2bb54d20a{ip: 192.168.164.193, host: pr-hdds-2292-97wmq-4261317731, networkLocation: /default-rack, certSerialId: null} reports an CLOSED replica.
2019-10-28 11:34:28,456 [EventQueue-ContainerReportForContainerReportHandler] WARN  container.ContainerReportHandler (AbstractContainerReportHandler.java:updateContainerState(145)) - Container #1 is in OPEN state, but the datanode a4a68fdc-9c21-417a-8215-14845568ad90{ip: 192.168.164.193, host: pr-hdds-2292-97wmq-4261317731, networkLocation: /default-rack, certSerialId: null} reports an CLOSED replica.
2019-10-28 11:34:28,464 [EventQueue-ContainerReportForContainerReportHandler] WARN  container.ContainerReportHandler (AbstractContainerReportHandler.java:updateContainerState(145)) - Container #1 is in OPEN state, but the datanode 5aa0106d-b151-48db-b175-21e2bb54d20a{ip: 192.168.164.193, host: pr-hdds-2292-97wmq-4261317731, networkLocation: /default-rack, certSerialId: null} reports an CLOSED replica.
2019-10-28 11:34:28,656 [EventQueue-ContainerReportForContainerReportHandler] WARN  container.ContainerReportHandler (AbstractContainerReportHandler.java:updateContainerState(145)) - Container #1 is in OPEN state, but the datanode a4a68fdc-9c21-417a-8215-14845568ad90{ip: 192.168.164.193, host: pr-hdds-2292-97wmq-4261317731, networkLocation: /default-rack, certSerialId: null} reports an CLOSED replica.
2019-10-28 11:34:28,665 [EventQueue-ContainerReportForContainerReportHandler] WARN  container.ContainerReportHandler (AbstractContainerReportHandler.java:updateContainerState(145)) - Container #1 is in OPEN state, but the datanode 5aa0106d-b151-48db-b175-21e2bb54d20a{ip: 192.168.164.193, host: pr-hdds-2292-97wmq-4261317731, networkLocation: /default-rack, certSerialId: null} reports an CLOSED replica.
2019-10-28 11:34:28,678 [BlockDeletingService#2] WARN  background.BlockDeletingService (BlockDeletingService.java:isDeletionAllowed(187)) - Close Container log Index 6 is not replicated across allthe servers in the pipeline 673f7971-0954-4a65-9d1b-2bbc40871e24 as the min replicated index is 4. Deletion is not allowed in this container yet.
2019-10-28 11:34:28,679 [BlockDeletingService#2] WARN  background.BlockDeletingService (BlockDeletingService.java:isDeletionAllowed(187)) - Close Container log Index 6 is not replicated across allthe servers in the pipeline 673f7971-0954-4a65-9d1b-2bbc40871e24 as the min replicated index is 4. Deletion is not allowed in this container yet.
2019-10-28 11:34:28,956 [EventQueue-ContainerReportForContainerReportHandler] WARN  container.ContainerReportHandler (AbstractContainerReportHandler.java:updateContainerState(145)) - Container #1 is in OPEN state, but the datanode a4a68fdc-9c21-417a-8215-14845568ad90{ip: 192.168.164.193, host: pr-hdds-2292-97wmq-4261317731, networkLocation: /default-rack, certSerialId: null} reports an CLOSED replica.
2019-10-28 11:34:29,065 [EventQueue-ContainerReportForContainerReportHandler] WARN  container.ContainerReportHandler (AbstractContainerReportHandler.java:updateContainerState(145)) - Container #1 is in OPEN state, but the datanode 5aa0106d-b151-48db-b175-21e2bb54d20a{ip: 192.168.164.193, host: pr-hdds-2292-97wmq-4261317731, networkLocation: /default-rack, certSerialId: null} reports an CLOSED replica.
2019-10-28 11:34:29,156 [EventQueue-ContainerReportForContainerReportHandler] WARN  container.ContainerReportHandler (AbstractContainerReportHandler.java:updateContainerState(145)) - Container #1 is in OPEN state, but the datanode a4a68fdc-9c21-417a-8215-14845568ad90{ip: 192.168.164.193, host: pr-hdds-2292-97wmq-4261317731, networkLocation: /default-rack, certSerialId: null} reports an CLOSED replica.
2019-10-28 11:34:29,357 [EventQueue-ContainerReportForContainerReportHandler] WARN  container.ContainerReportHandler (AbstractContainerReportHandler.java:updateContainerState(145)) - Container #1 is in OPEN state, but the datanode a4a68fdc-9c21-417a-8215-14845568ad90{ip: 192.168.164.193, host: pr-hdds-2292-97wmq-4261317731, networkLocation: /default-rack, certSerialId: null} reports an CLOSED replica.
2019-10-28 11:34:29,365 [EventQueue-ContainerReportForContainerReportHandler] WARN  container.ContainerReportHandler (AbstractContainerReportHandler.java:updateContainerState(145)) - Container #1 is in OPEN state, but the datanode 5aa0106d-b151-48db-b175-21e2bb54d20a{ip: 192.168.164.193, host: pr-hdds-2292-97wmq-4261317731, networkLocation: /default-rack, certSerialId: null} reports an CLOSED replica.
2019-10-28 11:34:29,671 [EventQueue-ContainerReportForContainerReportHandler] WARN  container.ContainerReportHandler (AbstractContainerReportHandler.java:updateContainerState(145)) - Container #1 is in OPEN state, but the datanode 5aa0106d-b151-48db-b175-21e2bb54d20a{ip: 192.168.164.193, host: pr-hdds-2292-97wmq-4261317731, networkLocation: /default-rack, certSerialId: null} reports an CLOSED replica.
2019-10-28 11:34:29,681 [BlockDeletingService#2] WARN  background.BlockDeletingService (BlockDeletingService.java:isDeletionAllowed(187)) - Close Container log Index 6 is not replicated across allthe servers in the pipeline 673f7971-0954-4a65-9d1b-2bbc40871e24 as the min replicated index is 4. Deletion is not allowed in this container yet.
2019-10-28 11:34:29,681 [BlockDeletingService#2] WARN  background.BlockDeletingService (BlockDeletingService.java:isDeletionAllowed(187)) - Close Container log Index 6 is not replicated across allthe servers in the pipeline 673f7971-0954-4a65-9d1b-2bbc40871e24 as the min replicated index is 4. Deletion is not allowed in this container yet.
2019-10-28 11:34:29,757 [EventQueue-ContainerReportForContainerReportHandler] WARN  container.ContainerReportHandler (AbstractContainerReportHandler.java:updateContainerState(145)) - Container #1 is in OPEN state, but the datanode a4a68fdc-9c21-417a-8215-14845568ad90{ip: 192.168.164.193, host: pr-hdds-2292-97wmq-4261317731, networkLocation: /default-rack, certSerialId: null} reports an CLOSED replica.
2019-10-28 11:34:29,957 [EventQueue-ContainerReportForContainerReportHandler] WARN  container.ContainerReportHandler (AbstractContainerReportHandler.java:updateContainerState(145)) - Container #1 is in OPEN state, but the datanode a4a68fdc-9c21-417a-8215-14845568ad90{ip: 192.168.164.193, host: pr-hdds-2292-97wmq-4261317731, networkLocation: /default-rack, certSerialId: null} reports an CLOSED replica.
2019-10-28 11:34:30,070 [EventQueue-ContainerReportForContainerReportHandler] WARN  container.ContainerReportHandler (AbstractContainerReportHandler.java:updateContainerState(145)) - Container #1 is in OPEN state, but the datanode 5aa0106d-b151-48db-b175-21e2bb54d20a{ip: 192.168.164.193, host: pr-hdds-2292-97wmq-4261317731, networkLocation: /default-rack, certSerialId: null} reports an CLOSED replica.
2019-10-28 11:34:30,106 [java.util.concurrent.ThreadPoolExecutor$Worker@588db654[State = -1, empty queue]] WARN  server.GrpcLogAppender (GrpcLogAppender.java:timeoutAppendRequest(209)) - a4a68fdc-9c21-417a-8215-14845568ad90@group-2BBC40871E24->bb175ec5-5e98-4251-9728-8e1e745e4fa1-GrpcLogAppender: appendEntries Timeout, request=a4a68fdc-9c21-417a-8215-14845568ad90->bb175ec5-5e98-4251-9728-8e1e745e4fa1#36-t3, previous=(t:3, i:10), leaderCommit=10, initializing? false, entries: <empty>
2019-10-28 11:34:30,259 [EventQueue-ContainerReportForContainerReportHandler] WARN  container.ContainerReportHandler (AbstractContainerReportHandler.java:updateContainerState(145)) - Container #1 is in OPEN state, but the datanode a4a68fdc-9c21-417a-8215-14845568ad90{ip: 192.168.164.193, host: pr-hdds-2292-97wmq-4261317731, networkLocation: /default-rack, certSerialId: null} reports an CLOSED replica.
2019-10-28 11:34:30,270 [EventQueue-ContainerReportForContainerReportHandler] WARN  container.ContainerReportHandler (AbstractContainerReportHandler.java:updateContainerState(145)) - Container #1 is in OPEN state, but the datanode 5aa0106d-b151-48db-b175-21e2bb54d20a{ip: 192.168.164.193, host: pr-hdds-2292-97wmq-4261317731, networkLocation: /default-rack, certSerialId: null} reports an CLOSED replica.
2019-10-28 11:34:30,459 [EventQueue-ContainerReportForContainerReportHandler] WARN  container.ContainerReportHandler (AbstractContainerReportHandler.java:updateContainerState(145)) - Container #1 is in OPEN state, but the datanode a4a68fdc-9c21-417a-8215-14845568ad90{ip: 192.168.164.193, host: pr-hdds-2292-97wmq-4261317731, networkLocation: /default-rack, certSerialId: null} reports an CLOSED replica.
2019-10-28 11:34:30,571 [EventQueue-ContainerReportForContainerReportHandler] WARN  container.ContainerReportHandler (AbstractContainerReportHandler.java:updateContainerState(145)) - Container #1 is in OPEN state, but the datanode 5aa0106d-b151-48db-b175-21e2bb54d20a{ip: 192.168.164.193, host: pr-hdds-2292-97wmq-4261317731, networkLocation: /default-rack, certSerialId: null} reports an CLOSED replica.
2019-10-28 11:34:30,682 [BlockDeletingService#2] WARN  background.BlockDeletingService (BlockDeletingService.java:isDeletionAllowed(187)) - Close Container log Index 6 is not replicated across allthe servers in the pipeline 673f7971-0954-4a65-9d1b-2bbc40871e24 as the min replicated index is 4. Deletion is not allowed in this container yet.
2019-10-28 11:34:30,682 [BlockDeletingService#2] WARN  background.BlockDeletingService (BlockDeletingService.java:isDeletionAllowed(187)) - Close Container log Index 6 is not replicated across allthe servers in the pipeline 673f7971-0954-4a65-9d1b-2bbc40871e24 as the min replicated index is 4. Deletion is not allowed in this container yet.
2019-10-28 11:34:30,760 [EventQueue-ContainerReportForContainerReportHandler] WARN  container.ContainerReportHandler (AbstractContainerReportHandler.java:updateContainerState(145)) - Container #1 is in OPEN state, but the datanode a4a68fdc-9c21-417a-8215-14845568ad90{ip: 192.168.164.193, host: pr-hdds-2292-97wmq-4261317731, networkLocation: /default-rack, certSerialId: null} reports an CLOSED replica.
2019-10-28 11:34:30,870 [EventQueue-ContainerReportForContainerReportHandler] WARN  container.ContainerReportHandler (AbstractContainerReportHandler.java:updateContainerState(145)) - Container #1 is in OPEN state, but the datanode 5aa0106d-b151-48db-b175-21e2bb54d20a{ip: 192.168.164.193, host: pr-hdds-2292-97wmq-4261317731, networkLocation: /default-rack, certSerialId: null} reports an CLOSED replica.
2019-10-28 11:34:31,060 [EventQueue-ContainerReportForContainerReportHandler] WARN  container.ContainerReportHandler (AbstractContainerReportHandler.java:updateContainerState(145)) - Container #1 is in OPEN state, but the datanode a4a68fdc-9c21-417a-8215-14845568ad90{ip: 192.168.164.193, host: pr-hdds-2292-97wmq-4261317731, networkLocation: /default-rack, certSerialId: null} reports an CLOSED replica.
2019-10-28 11:34:31,271 [EventQueue-ContainerReportForContainerReportHandler] WARN  container.ContainerReportHandler (AbstractContainerReportHandler.java:updateContainerState(145)) - Container #1 is in OPEN state, but the datanode 5aa0106d-b151-48db-b175-21e2bb54d20a{ip: 192.168.164.193, host: pr-hdds-2292-97wmq-4261317731, networkLocation: /default-rack, certSerialId: null} reports an CLOSED replica.
2019-10-28 11:34:31,360 [EventQueue-ContainerReportForContainerReportHandler] WARN  container.ContainerReportHandler (AbstractContainerReportHandler.java:updateContainerState(145)) - Container #1 is in OPEN state, but the datanode a4a68fdc-9c21-417a-8215-14845568ad90{ip: 192.168.164.193, host: pr-hdds-2292-97wmq-4261317731, networkLocation: /default-rack, certSerialId: null} reports an CLOSED replica.
2019-10-28 11:34:31,570 [EventQueue-ContainerReportForContainerReportHandler] WARN  container.ContainerReportHandler (AbstractContainerReportHandler.java:updateContainerState(145)) - Container #1 is in OPEN state, but the datanode 5aa0106d-b151-48db-b175-21e2bb54d20a{ip: 192.168.164.193, host: pr-hdds-2292-97wmq-4261317731, networkLocation: /default-rack, certSerialId: null} reports an CLOSED replica.
2019-10-28 11:34:31,662 [EventQueue-ContainerReportForContainerReportHandler] WARN  container.ContainerReportHandler (AbstractContainerReportHandler.java:updateContainerState(145)) - Container #1 is in OPEN state, but the datanode a4a68fdc-9c21-417a-8215-14845568ad90{ip: 192.168.164.193, host: pr-hdds-2292-97wmq-4261317731, networkLocation: /default-rack, certSerialId: null} reports an CLOSED replica.
2019-10-28 11:34:31,684 [BlockDeletingService#2] WARN  background.BlockDeletingService (BlockDeletingService.java:isDeletionAllowed(187)) - Close Container log Index 6 is not replicated across allthe servers in the pipeline 673f7971-0954-4a65-9d1b-2bbc40871e24 as the min replicated index is 4. Deletion is not allowed in this container yet.
2019-10-28 11:34:31,684 [BlockDeletingService#2] WARN  background.BlockDeletingService (BlockDeletingService.java:isDeletionAllowed(187)) - Close Container log Index 6 is not replicated across allthe servers in the pipeline 673f7971-0954-4a65-9d1b-2bbc40871e24 as the min replicated index is 4. Deletion is not allowed in this container yet.
2019-10-28 11:34:31,871 [EventQueue-ContainerReportForContainerReportHandler] WARN  container.ContainerReportHandler (AbstractContainerReportHandler.java:updateContainerState(145)) - Container #1 is in OPEN state, but the datanode 5aa0106d-b151-48db-b175-21e2bb54d20a{ip: 192.168.164.193, host: pr-hdds-2292-97wmq-4261317731, networkLocation: /default-rack, certSerialId: null} reports an CLOSED replica.
2019-10-28 11:34:32,063 [EventQueue-ContainerReportForContainerReportHandler] WARN  container.ContainerReportHandler (AbstractContainerReportHandler.java:updateContainerState(145)) - Container #1 is in OPEN state, but the datanode a4a68fdc-9c21-417a-8215-14845568ad90{ip: 192.168.164.193, host: pr-hdds-2292-97wmq-4261317731, networkLocation: /default-rack, certSerialId: null} reports an CLOSED replica.
2019-10-28 11:34:32,170 [EventQueue-ContainerReportForContainerReportHandler] WARN  container.ContainerReportHandler (AbstractContainerReportHandler.java:updateContainerState(145)) - Container #1 is in OPEN state, but the datanode 5aa0106d-b151-48db-b175-21e2bb54d20a{ip: 192.168.164.193, host: pr-hdds-2292-97wmq-4261317731, networkLocation: /default-rack, certSerialId: null} reports an CLOSED replica.
2019-10-28 11:34:32,262 [EventQueue-ContainerReportForContainerReportHandler] WARN  container.ContainerReportHandler (AbstractContainerReportHandler.java:updateContainerState(145)) - Container #1 is in OPEN state, but the datanode a4a68fdc-9c21-417a-8215-14845568ad90{ip: 192.168.164.193, host: pr-hdds-2292-97wmq-4261317731, networkLocation: /default-rack, certSerialId: null} reports an CLOSED replica.
2019-10-28 11:34:32,462 [EventQueue-ContainerReportForContainerReportHandler] WARN  container.ContainerReportHandler (AbstractContainerReportHandler.java:updateContainerState(145)) - Container #1 is in OPEN state, but the datanode a4a68fdc-9c21-417a-8215-14845568ad90{ip: 192.168.164.193, host: pr-hdds-2292-97wmq-4261317731, networkLocation: /default-rack, certSerialId: null} reports an CLOSED replica.
2019-10-28 11:34:32,570 [EventQueue-ContainerReportForContainerReportHandler] WARN  container.ContainerReportHandler (AbstractContainerReportHandler.java:updateContainerState(145)) - Container #1 is in OPEN state, but the datanode 5aa0106d-b151-48db-b175-21e2bb54d20a{ip: 192.168.164.193, host: pr-hdds-2292-97wmq-4261317731, networkLocation: /default-rack, certSerialId: null} reports an CLOSED replica.
2019-10-28 11:34:32,609 [java.util.concurrent.ThreadPoolExecutor$Worker@588db654[State = -1, empty queue]] WARN  server.GrpcLogAppender (GrpcLogAppender.java:timeoutAppendRequest(209)) - a4a68fdc-9c21-417a-8215-14845568ad90@group-2BBC40871E24->bb175ec5-5e98-4251-9728-8e1e745e4fa1-GrpcLogAppender: appendEntries Timeout, request=a4a68fdc-9c21-417a-8215-14845568ad90->bb175ec5-5e98-4251-9728-8e1e745e4fa1#37-t3, previous=(t:3, i:10), leaderCommit=10, initializing? false, entries: <empty>
2019-10-28 11:34:32,685 [BlockDeletingService#2] WARN  background.BlockDeletingService (BlockDeletingService.java:isDeletionAllowed(187)) - Close Container log Index 6 is not replicated across allthe servers in the pipeline 673f7971-0954-4a65-9d1b-2bbc40871e24 as the min replicated index is 4. Deletion is not allowed in this container yet.
2019-10-28 11:34:32,685 [BlockDeletingService#2] WARN  background.BlockDeletingService (BlockDeletingService.java:isDeletionAllowed(187)) - Close Container log Index 6 is not replicated across allthe servers in the pipeline 673f7971-0954-4a65-9d1b-2bbc40871e24 as the min replicated index is 4. Deletion is not allowed in this container yet.
2019-10-28 11:34:32,763 [EventQueue-ContainerReportForContainerReportHandler] WARN  container.ContainerReportHandler (AbstractContainerReportHandler.java:updateContainerState(145)) - Container #1 is in OPEN state, but the datanode a4a68fdc-9c21-417a-8215-14845568ad90{ip: 192.168.164.193, host: pr-hdds-2292-97wmq-4261317731, networkLocation: /default-rack, certSerialId: null} reports an CLOSED replica.
2019-10-28 11:34:32,771 [EventQueue-ContainerReportForContainerReportHandler] WARN  container.ContainerReportHandler (AbstractContainerReportHandler.java:updateContainerState(145)) - Container #1 is in OPEN state, but the datanode 5aa0106d-b151-48db-b175-21e2bb54d20a{ip: 192.168.164.193, host: pr-hdds-2292-97wmq-4261317731, networkLocation: /default-rack, certSerialId: null} reports an CLOSED replica.
2019-10-28 11:34:32,963 [EventQueue-ContainerReportForContainerReportHandler] WARN  container.ContainerReportHandler (AbstractContainerReportHandler.java:updateContainerState(145)) - Container #1 is in OPEN state, but the datanode a4a68fdc-9c21-417a-8215-14845568ad90{ip: 192.168.164.193, host: pr-hdds-2292-97wmq-4261317731, networkLocation: /default-rack, certSerialId: null} reports an CLOSED replica.
2019-10-28 11:34:33,172 [EventQueue-ContainerReportForContainerReportHandler] WARN  container.ContainerReportHandler (AbstractContainerReportHandler.java:updateContainerState(145)) - Container #1 is in OPEN state, but the datanode 5aa0106d-b151-48db-b175-21e2bb54d20a{ip: 192.168.164.193, host: pr-hdds-2292-97wmq-4261317731, networkLocation: /default-rack, certSerialId: null} reports an CLOSED replica.
2019-10-28 11:34:33,263 [EventQueue-ContainerReportForContainerReportHandler] WARN  container.ContainerReportHandler (AbstractContainerReportHandler.java:updateContainerState(145)) - Container #1 is in OPEN state, but the datanode a4a68fdc-9c21-417a-8215-14845568ad90{ip: 192.168.164.193, host: pr-hdds-2292-97wmq-4261317731, networkLocation: /default-rack, certSerialId: null} reports an CLOSED replica.
2019-10-28 11:34:33,376 [EventQueue-ContainerReportForContainerReportHandler] WARN  container.ContainerReportHandler (AbstractContainerReportHandler.java:updateContainerState(145)) - Container #1 is in OPEN state, but the datanode 5aa0106d-b151-48db-b175-21e2bb54d20a{ip: 192.168.164.193, host: pr-hdds-2292-97wmq-4261317731, networkLocation: /default-rack, certSerialId: null} reports an CLOSED replica.
2019-10-28 11:34:33,462 [EventQueue-ContainerReportForContainerReportHandler] WARN  container.ContainerReportHandler (AbstractContainerReportHandler.java:updateContainerState(145)) - Container #1 is in OPEN state, but the datanode a4a68fdc-9c21-417a-8215-14845568ad90{ip: 192.168.164.193, host: pr-hdds-2292-97wmq-4261317731, networkLocation: /default-rack, certSerialId: null} reports an CLOSED replica.
2019-10-28 11:34:33,675 [EventQueue-ContainerReportForContainerReportHandler] WARN  container.ContainerReportHandler (AbstractContainerReportHandler.java:updateContainerState(145)) - Container #1 is in OPEN state, but the datanode 5aa0106d-b151-48db-b175-21e2bb54d20a{ip: 192.168.164.193, host: pr-hdds-2292-97wmq-4261317731, networkLocation: /default-rack, certSerialId: null} reports an CLOSED replica.
2019-10-28 11:34:33,686 [BlockDeletingService#2] WARN  background.BlockDeletingService (BlockDeletingService.java:isDeletionAllowed(187)) - Close Container log Index 6 is not replicated across allthe servers in the pipeline 673f7971-0954-4a65-9d1b-2bbc40871e24 as the min replicated index is 4. Deletion is not allowed in this container yet.
2019-10-28 11:34:33,686 [BlockDeletingService#2] WARN  background.BlockDeletingService (BlockDeletingService.java:isDeletionAllowed(187)) - Close Container log Index 6 is not replicated across allthe servers in the pipeline 673f7971-0954-4a65-9d1b-2bbc40871e24 as the min replicated index is 4. Deletion is not allowed in this container yet.
2019-10-28 11:34:33,763 [EventQueue-ContainerReportForContainerReportHandler] WARN  container.ContainerReportHandler (AbstractContainerReportHandler.java:updateContainerState(145)) - Container #1 is in OPEN state, but the datanode a4a68fdc-9c21-417a-8215-14845568ad90{ip: 192.168.164.193, host: pr-hdds-2292-97wmq-4261317731, networkLocation: /default-rack, certSerialId: null} reports an CLOSED replica.
2019-10-28 11:34:33,963 [EventQueue-ContainerReportForContainerReportHandler] WARN  container.ContainerReportHandler (AbstractContainerReportHandler.java:updateContainerState(145)) - Container #1 is in OPEN state, but the datanode a4a68fdc-9c21-417a-8215-14845568ad90{ip: 192.168.164.193, host: pr-hdds-2292-97wmq-4261317731, networkLocation: /default-rack, certSerialId: null} reports an CLOSED replica.
2019-10-28 11:34:34,078 [EventQueue-ContainerReportForContainerReportHandler] WARN  container.ContainerReportHandler (AbstractContainerReportHandler.java:updateContainerState(145)) - Container #1 is in OPEN state, but the datanode 5aa0106d-b151-48db-b175-21e2bb54d20a{ip: 192.168.164.193, host: pr-hdds-2292-97wmq-4261317731, networkLocation: /default-rack, certSerialId: null} reports an CLOSED replica.
2019-10-28 11:34:34,263 [EventQueue-ContainerReportForContainerReportHandler] WARN  container.ContainerReportHandler (AbstractContainerReportHandler.java:updateContainerState(145)) - Container #1 is in OPEN state, but the datanode a4a68fdc-9c21-417a-8215-14845568ad90{ip: 192.168.164.193, host: pr-hdds-2292-97wmq-4261317731, networkLocation: /default-rack, certSerialId: null} reports an CLOSED replica.
2019-10-28 11:34:34,377 [EventQueue-ContainerReportForContainerReportHandler] WARN  container.ContainerReportHandler (AbstractContainerReportHandler.java:updateContainerState(145)) - Container #1 is in OPEN state, but the datanode 5aa0106d-b151-48db-b175-21e2bb54d20a{ip: 192.168.164.193, host: pr-hdds-2292-97wmq-4261317731, networkLocation: /default-rack, certSerialId: null} reports an CLOSED replica.
2019-10-28 11:34:34,463 [EventQueue-ContainerReportForContainerReportHandler] WARN  container.ContainerReportHandler (AbstractContainerReportHandler.java:updateContainerState(145)) - Container #1 is in OPEN state, but the datanode a4a68fdc-9c21-417a-8215-14845568ad90{ip: 192.168.164.193, host: pr-hdds-2292-97wmq-4261317731, networkLocation: /default-rack, certSerialId: null} reports an CLOSED replica.
2019-10-28 11:34:34,688 [BlockDeletingService#2] WARN  background.BlockDeletingService (BlockDeletingService.java:isDeletionAllowed(187)) - Close Container log Index 6 is not replicated across allthe servers in the pipeline 673f7971-0954-4a65-9d1b-2bbc40871e24 as the min replicated index is 4. Deletion is not allowed in this container yet.
2019-10-28 11:34:34,688 [BlockDeletingService#2] WARN  background.BlockDeletingService (BlockDeletingService.java:isDeletionAllowed(187)) - Close Container log Index 6 is not replicated across allthe servers in the pipeline 673f7971-0954-4a65-9d1b-2bbc40871e24 as the min replicated index is 4. Deletion is not allowed in this container yet.
2019-10-28 11:34:34,777 [EventQueue-ContainerReportForContainerReportHandler] WARN  container.ContainerReportHandler (AbstractContainerReportHandler.java:updateContainerState(145)) - Container #1 is in OPEN state, but the datanode 5aa0106d-b151-48db-b175-21e2bb54d20a{ip: 192.168.164.193, host: pr-hdds-2292-97wmq-4261317731, networkLocation: /default-rack, certSerialId: null} reports an CLOSED replica.
2019-10-28 11:34:34,863 [EventQueue-ContainerReportForContainerReportHandler] WARN  container.ContainerReportHandler (AbstractContainerReportHandler.java:updateContainerState(145)) - Container #1 is in OPEN state, but the datanode a4a68fdc-9c21-417a-8215-14845568ad90{ip: 192.168.164.193, host: pr-hdds-2292-97wmq-4261317731, networkLocation: /default-rack, certSerialId: null} reports an CLOSED replica.
2019-10-28 11:34:35,078 [EventQueue-ContainerReportForContainerReportHandler] WARN  container.ContainerReportHandler (AbstractContainerReportHandler.java:updateContainerState(145)) - Container #1 is in OPEN state, but the datanode 5aa0106d-b151-48db-b175-21e2bb54d20a{ip: 192.168.164.193, host: pr-hdds-2292-97wmq-4261317731, networkLocation: /default-rack, certSerialId: null} reports an CLOSED replica.
2019-10-28 11:34:35,109 [java.util.concurrent.ThreadPoolExecutor$Worker@588db654[State = -1, empty queue]] WARN  server.GrpcLogAppender (GrpcLogAppender.java:timeoutAppendRequest(209)) - a4a68fdc-9c21-417a-8215-14845568ad90@group-2BBC40871E24->bb175ec5-5e98-4251-9728-8e1e745e4fa1-GrpcLogAppender: appendEntries Timeout, request=a4a68fdc-9c21-417a-8215-14845568ad90->bb175ec5-5e98-4251-9728-8e1e745e4fa1#38-t3, previous=(t:3, i:10), leaderCommit=10, initializing? false, entries: <empty>
2019-10-28 11:34:35,163 [EventQueue-ContainerReportForContainerReportHandler] WARN  container.ContainerReportHandler (AbstractContainerReportHandler.java:updateContainerState(145)) - Container #1 is in OPEN state, but the datanode a4a68fdc-9c21-417a-8215-14845568ad90{ip: 192.168.164.193, host: pr-hdds-2292-97wmq-4261317731, networkLocation: /default-rack, certSerialId: null} reports an CLOSED replica.
2019-10-28 11:34:35,378 [EventQueue-ContainerReportForContainerReportHandler] WARN  container.ContainerReportHandler (AbstractContainerReportHandler.java:updateContainerState(145)) - Container #1 is in OPEN state, but the datanode 5aa0106d-b151-48db-b175-21e2bb54d20a{ip: 192.168.164.193, host: pr-hdds-2292-97wmq-4261317731, networkLocation: /default-rack, certSerialId: null} reports an CLOSED replica.
2019-10-28 11:34:35,564 [EventQueue-ContainerReportForContainerReportHandler] WARN  container.ContainerReportHandler (AbstractContainerReportHandler.java:updateContainerState(145)) - Container #1 is in OPEN state, but the datanode a4a68fdc-9c21-417a-8215-14845568ad90{ip: 192.168.164.193, host: pr-hdds-2292-97wmq-4261317731, networkLocation: /default-rack, certSerialId: null} reports an CLOSED replica.
2019-10-28 11:34:35,689 [BlockDeletingService#2] WARN  background.BlockDeletingService (BlockDeletingService.java:isDeletionAllowed(187)) - Close Container log Index 6 is not replicated across allthe servers in the pipeline 673f7971-0954-4a65-9d1b-2bbc40871e24 as the min replicated index is 4. Deletion is not allowed in this container yet.
2019-10-28 11:34:35,689 [BlockDeletingService#2] WARN  background.BlockDeletingService (BlockDeletingService.java:isDeletionAllowed(187)) - Close Container log Index 6 is not replicated across allthe servers in the pipeline 673f7971-0954-4a65-9d1b-2bbc40871e24 as the min replicated index is 4. Deletion is not allowed in this container yet.
2019-10-28 11:34:35,763 [EventQueue-ContainerReportForContainerReportHandler] WARN  container.ContainerReportHandler (AbstractContainerReportHandler.java:updateContainerState(145)) - Container #1 is in OPEN state, but the datanode a4a68fdc-9c21-417a-8215-14845568ad90{ip: 192.168.164.193, host: pr-hdds-2292-97wmq-4261317731, networkLocation: /default-rack, certSerialId: null} reports an CLOSED replica.
2019-10-28 11:34:35,779 [EventQueue-ContainerReportForContainerReportHandler] WARN  container.ContainerReportHandler (AbstractContainerReportHandler.java:updateContainerState(145)) - Container #1 is in OPEN state, but the datanode 5aa0106d-b151-48db-b175-21e2bb54d20a{ip: 192.168.164.193, host: pr-hdds-2292-97wmq-4261317731, networkLocation: /default-rack, certSerialId: null} reports an CLOSED replica.
2019-10-28 11:34:36,064 [EventQueue-ContainerReportForContainerReportHandler] WARN  container.ContainerReportHandler (AbstractContainerReportHandler.java:updateContainerState(145)) - Container #1 is in OPEN state, but the datanode a4a68fdc-9c21-417a-8215-14845568ad90{ip: 192.168.164.193, host: pr-hdds-2292-97wmq-4261317731, networkLocation: /default-rack, certSerialId: null} reports an CLOSED replica.
2019-10-28 11:34:36,078 [EventQueue-ContainerReportForContainerReportHandler] WARN  container.ContainerReportHandler (AbstractContainerReportHandler.java:updateContainerState(145)) - Container #1 is in OPEN state, but the datanode 5aa0106d-b151-48db-b175-21e2bb54d20a{ip: 192.168.164.193, host: pr-hdds-2292-97wmq-4261317731, networkLocation: /default-rack, certSerialId: null} reports an CLOSED replica.
2019-10-28 11:34:36,264 [EventQueue-ContainerReportForContainerReportHandler] WARN  container.ContainerReportHandler (AbstractContainerReportHandler.java:updateContainerState(145)) - Container #1 is in OPEN state, but the datanode a4a68fdc-9c21-417a-8215-14845568ad90{ip: 192.168.164.193, host: pr-hdds-2292-97wmq-4261317731, networkLocation: /default-rack, certSerialId: null} reports an CLOSED replica.
2019-10-28 11:34:36,378 [EventQueue-ContainerReportForContainerReportHandler] WARN  container.ContainerReportHandler (AbstractContainerReportHandler.java:updateContainerState(145)) - Container #1 is in OPEN state, but the datanode 5aa0106d-b151-48db-b175-21e2bb54d20a{ip: 192.168.164.193, host: pr-hdds-2292-97wmq-4261317731, networkLocation: /default-rack, certSerialId: null} reports an CLOSED replica.
2019-10-28 11:34:36,567 [EventQueue-ContainerReportForContainerReportHandler] WARN  container.ContainerReportHandler (AbstractContainerReportHandler.java:updateContainerState(145)) - Container #1 is in OPEN state, but the datanode a4a68fdc-9c21-417a-8215-14845568ad90{ip: 192.168.164.193, host: pr-hdds-2292-97wmq-4261317731, networkLocation: /default-rack, certSerialId: null} reports an CLOSED replica.
2019-10-28 11:34:36,579 [EventQueue-ContainerReportForContainerReportHandler] WARN  container.ContainerReportHandler (AbstractContainerReportHandler.java:updateContainerState(145)) - Container #1 is in OPEN state, but the datanode 5aa0106d-b151-48db-b175-21e2bb54d20a{ip: 192.168.164.193, host: pr-hdds-2292-97wmq-4261317731, networkLocation: /default-rack, certSerialId: null} reports an CLOSED replica.
2019-10-28 11:34:36,685 [Thread-453] INFO  client.GrpcClientProtocolService (GrpcClientProtocolService.java:lambda$processClientRequest$0(278)) - Failed RaftClientRequest:client-8D88133FDDEB->a4a68fdc-9c21-417a-8215-14845568ad90@group-2BBC40871E24, cid=10, seq=0, Watch-ALL_COMMITTED(6), Message:<EMPTY>, reply=RaftClientReply:client-8D88133FDDEB->a4a68fdc-9c21-417a-8215-14845568ad90@group-2BBC40871E24, cid=10, FAILED org.apache.ratis.protocol.NotReplicatedException: Request with call Id 10 and log index 6 is not yet replicated to ALL_COMMITTED, logIndex=6, commits[a4a68fdc-9c21-417a-8215-14845568ad90:c10, 5aa0106d-b151-48db-b175-21e2bb54d20a:c10, bb175ec5-5e98-4251-9728-8e1e745e4fa1:c4]
2019-10-28 11:34:36,692 [BlockDeletingService#2] WARN  background.BlockDeletingService (BlockDeletingService.java:isDeletionAllowed(187)) - Close Container log Index 6 is not replicated across allthe servers in the pipeline 673f7971-0954-4a65-9d1b-2bbc40871e24 as the min replicated index is 4. Deletion is not allowed in this container yet.
2019-10-28 11:34:36,692 [BlockDeletingService#2] WARN  background.BlockDeletingService (BlockDeletingService.java:isDeletionAllowed(187)) - Close Container log Index 6 is not replicated across allthe servers in the pipeline 673f7971-0954-4a65-9d1b-2bbc40871e24 as the min replicated index is 4. Deletion is not allowed in this container yet.
2019-10-28 11:34:36,695 [Thread-457] INFO  client.GrpcClientProtocolService (GrpcClientProtocolService.java:lambda$processClientRequest$0(278)) - Failed RaftClientRequest:client-8D88133FDDEB->5aa0106d-b151-48db-b175-21e2bb54d20a@group-2BBC40871E24, cid=10, seq=0, Watch-ALL_COMMITTED(6), Message:<EMPTY>, reply=RaftClientReply:client-8D88133FDDEB->5aa0106d-b151-48db-b175-21e2bb54d20a@group-2BBC40871E24, cid=10, FAILED org.apache.ratis.protocol.NotLeaderException: Server 5aa0106d-b151-48db-b175-21e2bb54d20a@group-2BBC40871E24 is not the leader a4a68fdc-9c21-417a-8215-14845568ad90:192.168.164.193:36183, logIndex=0, commits[5aa0106d-b151-48db-b175-21e2bb54d20a:c10, a4a68fdc-9c21-417a-8215-14845568ad90:c10, bb175ec5-5e98-4251-9728-8e1e745e4fa1:c4]
2019-10-28 11:34:36,868 [EventQueue-ContainerReportForContainerReportHandler] WARN  container.ContainerReportHandler (AbstractContainerReportHandler.java:updateContainerState(145)) - Container #1 is in OPEN state, but the datanode a4a68fdc-9c21-417a-8215-14845568ad90{ip: 192.168.164.193, host: pr-hdds-2292-97wmq-4261317731, networkLocation: /default-rack, certSerialId: null} reports an CLOSED replica.
2019-10-28 11:34:36,879 [EventQueue-ContainerReportForContainerReportHandler] WARN  container.ContainerReportHandler (AbstractContainerReportHandler.java:updateContainerState(145)) - Container #1 is in OPEN state, but the datanode 5aa0106d-b151-48db-b175-21e2bb54d20a{ip: 192.168.164.193, host: pr-hdds-2292-97wmq-4261317731, networkLocation: /default-rack, certSerialId: null} reports an CLOSED replica.
2019-10-28 11:34:37,079 [EventQueue-ContainerReportForContainerReportHandler] WARN  container.ContainerReportHandler (AbstractContainerReportHandler.java:updateContainerState(145)) - Container #1 is in OPEN state, but the datanode 5aa0106d-b151-48db-b175-21e2bb54d20a{ip: 192.168.164.193, host: pr-hdds-2292-97wmq-4261317731, networkLocation: /default-rack, certSerialId: null} reports an CLOSED replica.
2019-10-28 11:34:37,268 [EventQueue-ContainerReportForContainerReportHandler] WARN  container.ContainerReportHandler (AbstractContainerReportHandler.java:updateContainerState(145)) - Container #1 is in OPEN state, but the datanode a4a68fdc-9c21-417a-8215-14845568ad90{ip: 192.168.164.193, host: pr-hdds-2292-97wmq-4261317731, networkLocation: /default-rack, certSerialId: null} reports an CLOSED replica.
2019-10-28 11:34:37,279 [EventQueue-ContainerReportForContainerReportHandler] WARN  container.ContainerReportHandler (AbstractContainerReportHandler.java:updateContainerState(145)) - Container #1 is in OPEN state, but the datanode 5aa0106d-b151-48db-b175-21e2bb54d20a{ip: 192.168.164.193, host: pr-hdds-2292-97wmq-4261317731, networkLocation: /default-rack, certSerialId: null} reports an CLOSED replica.
2019-10-28 11:34:37,581 [EventQueue-ContainerReportForContainerReportHandler] WARN  container.ContainerReportHandler (AbstractContainerReportHandler.java:updateContainerState(145)) - Container #1 is in OPEN state, but the datanode 5aa0106d-b151-48db-b175-21e2bb54d20a{ip: 192.168.164.193, host: pr-hdds-2292-97wmq-4261317731, networkLocation: /default-rack, certSerialId: null} reports an CLOSED replica.
2019-10-28 11:34:37,610 [java.util.concurrent.ThreadPoolExecutor$Worker@588db654[State = -1, empty queue]] WARN  server.GrpcLogAppender (GrpcLogAppender.java:timeoutAppendRequest(209)) - a4a68fdc-9c21-417a-8215-14845568ad90@group-2BBC40871E24->bb175ec5-5e98-4251-9728-8e1e745e4fa1-GrpcLogAppender: appendEntries Timeout, request=a4a68fdc-9c21-417a-8215-14845568ad90->bb175ec5-5e98-4251-9728-8e1e745e4fa1#39-t3, previous=(t:3, i:10), leaderCommit=10, initializing? false, entries: <empty>
2019-10-28 11:34:37,671 [EventQueue-ContainerReportForContainerReportHandler] WARN  container.ContainerReportHandler (AbstractContainerReportHandler.java:updateContainerState(145)) - Container #1 is in OPEN state, but the datanode a4a68fdc-9c21-417a-8215-14845568ad90{ip: 192.168.164.193, host: pr-hdds-2292-97wmq-4261317731, networkLocation: /default-rack, certSerialId: null} reports an CLOSED replica.
2019-10-28 11:34:37,693 [BlockDeletingService#2] WARN  background.BlockDeletingService (BlockDeletingService.java:isDeletionAllowed(187)) - Close Container log Index 6 is not replicated across allthe servers in the pipeline 673f7971-0954-4a65-9d1b-2bbc40871e24 as the min replicated index is 4. Deletion is not allowed in this container yet.
2019-10-28 11:34:37,694 [BlockDeletingService#2] WARN  background.BlockDeletingService (BlockDeletingService.java:isDeletionAllowed(187)) - Close Container log Index 6 is not replicated across allthe servers in the pipeline 673f7971-0954-4a65-9d1b-2bbc40871e24 as the min replicated index is 4. Deletion is not allowed in this container yet.
2019-10-28 11:34:37,981 [EventQueue-ContainerReportForContainerReportHandler] WARN  container.ContainerReportHandler (AbstractContainerReportHandler.java:updateContainerState(145)) - Container #1 is in OPEN state, but the datanode 5aa0106d-b151-48db-b175-21e2bb54d20a{ip: 192.168.164.193, host: pr-hdds-2292-97wmq-4261317731, networkLocation: /default-rack, certSerialId: null} reports an CLOSED replica.
2019-10-28 11:34:38,074 [EventQueue-ContainerReportForContainerReportHandler] WARN  container.ContainerReportHandler (AbstractContainerReportHandler.java:updateContainerState(145)) - Container #1 is in OPEN state, but the datanode a4a68fdc-9c21-417a-8215-14845568ad90{ip: 192.168.164.193, host: pr-hdds-2292-97wmq-4261317731, networkLocation: /default-rack, certSerialId: null} reports an CLOSED replica.
2019-10-28 11:34:38,274 [EventQueue-ContainerReportForContainerReportHandler] WARN  container.ContainerReportHandler (AbstractContainerReportHandler.java:updateContainerState(145)) - Container #1 is in OPEN state, but the datanode a4a68fdc-9c21-417a-8215-14845568ad90{ip: 192.168.164.193, host: pr-hdds-2292-97wmq-4261317731, networkLocation: /default-rack, certSerialId: null} reports an CLOSED replica.
2019-10-28 11:34:38,281 [EventQueue-ContainerReportForContainerReportHandler] WARN  container.ContainerReportHandler (AbstractContainerReportHandler.java:updateContainerState(145)) - Container #1 is in OPEN state, but the datanode 5aa0106d-b151-48db-b175-21e2bb54d20a{ip: 192.168.164.193, host: pr-hdds-2292-97wmq-4261317731, networkLocation: /default-rack, certSerialId: null} reports an CLOSED replica.
2019-10-28 11:34:38,481 [EventQueue-ContainerReportForContainerReportHandler] WARN  container.ContainerReportHandler (AbstractContainerReportHandler.java:updateContainerState(145)) - Container #1 is in OPEN state, but the datanode 5aa0106d-b151-48db-b175-21e2bb54d20a{ip: 192.168.164.193, host: pr-hdds-2292-97wmq-4261317731, networkLocation: /default-rack, certSerialId: null} reports an CLOSED replica.
2019-10-28 11:34:38,574 [EventQueue-ContainerReportForContainerReportHandler] WARN  container.ContainerReportHandler (AbstractContainerReportHandler.java:updateContainerState(145)) - Container #1 is in OPEN state, but the datanode a4a68fdc-9c21-417a-8215-14845568ad90{ip: 192.168.164.193, host: pr-hdds-2292-97wmq-4261317731, networkLocation: /default-rack, certSerialId: null} reports an CLOSED replica.
2019-10-28 11:34:38,695 [BlockDeletingService#2] WARN  background.BlockDeletingService (BlockDeletingService.java:isDeletionAllowed(187)) - Close Container log Index 6 is not replicated across allthe servers in the pipeline 673f7971-0954-4a65-9d1b-2bbc40871e24 as the min replicated index is 4. Deletion is not allowed in this container yet.
2019-10-28 11:34:38,696 [BlockDeletingService#2] WARN  background.BlockDeletingService (BlockDeletingService.java:isDeletionAllowed(187)) - Close Container log Index 6 is not replicated across allthe servers in the pipeline 673f7971-0954-4a65-9d1b-2bbc40871e24 as the min replicated index is 4. Deletion is not allowed in this container yet.
2019-10-28 11:34:38,875 [EventQueue-ContainerReportForContainerReportHandler] WARN  container.ContainerReportHandler (AbstractContainerReportHandler.java:updateContainerState(145)) - Container #1 is in OPEN state, but the datanode a4a68fdc-9c21-417a-8215-14845568ad90{ip: 192.168.164.193, host: pr-hdds-2292-97wmq-4261317731, networkLocation: /default-rack, certSerialId: null} reports an CLOSED replica.
2019-10-28 11:34:38,881 [EventQueue-ContainerReportForContainerReportHandler] WARN  container.ContainerReportHandler (AbstractContainerReportHandler.java:updateContainerState(145)) - Container #1 is in OPEN state, but the datanode 5aa0106d-b151-48db-b175-21e2bb54d20a{ip: 192.168.164.193, host: pr-hdds-2292-97wmq-4261317731, networkLocation: /default-rack, certSerialId: null} reports an CLOSED replica.
2019-10-28 11:34:39,175 [EventQueue-ContainerReportForContainerReportHandler] WARN  container.ContainerReportHandler (AbstractContainerReportHandler.java:updateContainerState(145)) - Container #1 is in OPEN state, but the datanode a4a68fdc-9c21-417a-8215-14845568ad90{ip: 192.168.164.193, host: pr-hdds-2292-97wmq-4261317731, networkLocation: /default-rack, certSerialId: null} reports an CLOSED replica.
2019-10-28 11:34:39,181 [EventQueue-ContainerReportForContainerReportHandler] WARN  container.ContainerReportHandler (AbstractContainerReportHandler.java:updateContainerState(145)) - Container #1 is in OPEN state, but the datanode 5aa0106d-b151-48db-b175-21e2bb54d20a{ip: 192.168.164.193, host: pr-hdds-2292-97wmq-4261317731, networkLocation: /default-rack, certSerialId: null} reports an CLOSED replica.
2019-10-28 11:34:39,375 [EventQueue-ContainerReportForContainerReportHandler] WARN  container.ContainerReportHandler (AbstractContainerReportHandler.java:updateContainerState(145)) - Container #1 is in OPEN state, but the datanode a4a68fdc-9c21-417a-8215-14845568ad90{ip: 192.168.164.193, host: pr-hdds-2292-97wmq-4261317731, networkLocation: /default-rack, certSerialId: null} reports an CLOSED replica.
2019-10-28 11:34:39,482 [EventQueue-ContainerReportForContainerReportHandler] WARN  container.ContainerReportHandler (AbstractContainerReportHandler.java:updateContainerState(145)) - Container #1 is in OPEN state, but the datanode 5aa0106d-b151-48db-b175-21e2bb54d20a{ip: 192.168.164.193, host: pr-hdds-2292-97wmq-4261317731, networkLocation: /default-rack, certSerialId: null} reports an CLOSED replica.
2019-10-28 11:34:39,676 [EventQueue-ContainerReportForContainerReportHandler] WARN  container.ContainerReportHandler (AbstractContainerReportHandler.java:updateContainerState(145)) - Container #1 is in OPEN state, but the datanode a4a68fdc-9c21-417a-8215-14845568ad90{ip: 192.168.164.193, host: pr-hdds-2292-97wmq-4261317731, networkLocation: /default-rack, certSerialId: null} reports an CLOSED replica.
2019-10-28 11:34:39,696 [BlockDeletingService#2] WARN  background.BlockDeletingService (BlockDeletingService.java:isDeletionAllowed(187)) - Close Container log Index 6 is not replicated across allthe servers in the pipeline 673f7971-0954-4a65-9d1b-2bbc40871e24 as the min replicated index is 4. Deletion is not allowed in this container yet.
2019-10-28 11:34:39,697 [BlockDeletingService#2] WARN  background.BlockDeletingService (BlockDeletingService.java:isDeletionAllowed(187)) - Close Container log Index 6 is not replicated across allthe servers in the pipeline 673f7971-0954-4a65-9d1b-2bbc40871e24 as the min replicated index is 4. Deletion is not allowed in this container yet.
2019-10-28 11:34:39,781 [EventQueue-ContainerReportForContainerReportHandler] WARN  container.ContainerReportHandler (AbstractContainerReportHandler.java:updateContainerState(145)) - Container #1 is in OPEN state, but the datanode 5aa0106d-b151-48db-b175-21e2bb54d20a{ip: 192.168.164.193, host: pr-hdds-2292-97wmq-4261317731, networkLocation: /default-rack, certSerialId: null} reports an CLOSED replica.
2019-10-28 11:34:39,976 [EventQueue-ContainerReportForContainerReportHandler] WARN  container.ContainerReportHandler (AbstractContainerReportHandler.java:updateContainerState(145)) - Container #1 is in OPEN state, but the datanode a4a68fdc-9c21-417a-8215-14845568ad90{ip: 192.168.164.193, host: pr-hdds-2292-97wmq-4261317731, networkLocation: /default-rack, certSerialId: null} reports an CLOSED replica.
2019-10-28 11:34:39,982 [EventQueue-ContainerReportForContainerReportHandler] WARN  container.ContainerReportHandler (AbstractContainerReportHandler.java:updateContainerState(145)) - Container #1 is in OPEN state, but the datanode 5aa0106d-b151-48db-b175-21e2bb54d20a{ip: 192.168.164.193, host: pr-hdds-2292-97wmq-4261317731, networkLocation: /default-rack, certSerialId: null} reports an CLOSED replica.
2019-10-28 11:34:40,111 [java.util.concurrent.ThreadPoolExecutor$Worker@588db654[State = -1, empty queue]] WARN  server.GrpcLogAppender (GrpcLogAppender.java:timeoutAppendRequest(209)) - a4a68fdc-9c21-417a-8215-14845568ad90@group-2BBC40871E24->bb175ec5-5e98-4251-9728-8e1e745e4fa1-GrpcLogAppender: appendEntries Timeout, request=a4a68fdc-9c21-417a-8215-14845568ad90->bb175ec5-5e98-4251-9728-8e1e745e4fa1#40-t3, previous=(t:3, i:10), leaderCommit=10, initializing? false, entries: <empty>
2019-10-28 11:34:40,376 [EventQueue-ContainerReportForContainerReportHandler] WARN  container.ContainerReportHandler (AbstractContainerReportHandler.java:updateContainerState(145)) - Container #1 is in OPEN state, but the datanode a4a68fdc-9c21-417a-8215-14845568ad90{ip: 192.168.164.193, host: pr-hdds-2292-97wmq-4261317731, networkLocation: /default-rack, certSerialId: null} reports an CLOSED replica.
2019-10-28 11:34:40,382 [EventQueue-ContainerReportForContainerReportHandler] WARN  container.ContainerReportHandler (AbstractContainerReportHandler.java:updateContainerState(145)) - Container #1 is in OPEN state, but the datanode 5aa0106d-b151-48db-b175-21e2bb54d20a{ip: 192.168.164.193, host: pr-hdds-2292-97wmq-4261317731, networkLocation: /default-rack, certSerialId: null} reports an CLOSED replica.
2019-10-28 11:34:40,576 [EventQueue-ContainerReportForContainerReportHandler] WARN  container.ContainerReportHandler (AbstractContainerReportHandler.java:updateContainerState(145)) - Container #1 is in OPEN state, but the datanode a4a68fdc-9c21-417a-8215-14845568ad90{ip: 192.168.164.193, host: pr-hdds-2292-97wmq-4261317731, networkLocation: /default-rack, certSerialId: null} reports an CLOSED replica.
2019-10-28 11:34:40,683 [EventQueue-ContainerReportForContainerReportHandler] WARN  container.ContainerReportHandler (AbstractContainerReportHandler.java:updateContainerState(145)) - Container #1 is in OPEN state, but the datanode 5aa0106d-b151-48db-b175-21e2bb54d20a{ip: 192.168.164.193, host: pr-hdds-2292-97wmq-4261317731, networkLocation: /default-rack, certSerialId: null} reports an CLOSED replica.
2019-10-28 11:34:40,698 [BlockDeletingService#2] WARN  background.BlockDeletingService (BlockDeletingService.java:isDeletionAllowed(187)) - Close Container log Index 6 is not replicated across allthe servers in the pipeline 673f7971-0954-4a65-9d1b-2bbc40871e24 as the min replicated index is 4. Deletion is not allowed in this container yet.
2019-10-28 11:34:40,699 [BlockDeletingService#2] WARN  background.BlockDeletingService (BlockDeletingService.java:isDeletionAllowed(187)) - Close Container log Index 6 is not replicated across allthe servers in the pipeline 673f7971-0954-4a65-9d1b-2bbc40871e24 as the min replicated index is 4. Deletion is not allowed in this container yet.
2019-10-28 11:34:40,883 [EventQueue-ContainerReportForContainerReportHandler] WARN  container.ContainerReportHandler (AbstractContainerReportHandler.java:updateContainerState(145)) - Container #1 is in OPEN state, but the datanode 5aa0106d-b151-48db-b175-21e2bb54d20a{ip: 192.168.164.193, host: pr-hdds-2292-97wmq-4261317731, networkLocation: /default-rack, certSerialId: null} reports an CLOSED replica.
2019-10-28 11:34:40,977 [EventQueue-ContainerReportForContainerReportHandler] WARN  container.ContainerReportHandler (AbstractContainerReportHandler.java:updateContainerState(145)) - Container #1 is in OPEN state, but the datanode a4a68fdc-9c21-417a-8215-14845568ad90{ip: 192.168.164.193, host: pr-hdds-2292-97wmq-4261317731, networkLocation: /default-rack, certSerialId: null} reports an CLOSED replica.
2019-10-28 11:34:41,184 [EventQueue-ContainerReportForContainerReportHandler] WARN  container.ContainerReportHandler (AbstractContainerReportHandler.java:updateContainerState(145)) - Container #1 is in OPEN state, but the datanode 5aa0106d-b151-48db-b175-21e2bb54d20a{ip: 192.168.164.193, host: pr-hdds-2292-97wmq-4261317731, networkLocation: /default-rack, certSerialId: null} reports an CLOSED replica.
2019-10-28 11:34:41,377 [EventQueue-ContainerReportForContainerReportHandler] WARN  container.ContainerReportHandler (AbstractContainerReportHandler.java:updateContainerState(145)) - Container #1 is in OPEN state, but the datanode a4a68fdc-9c21-417a-8215-14845568ad90{ip: 192.168.164.193, host: pr-hdds-2292-97wmq-4261317731, networkLocation: /default-rack, certSerialId: null} reports an CLOSED replica.
2019-10-28 11:34:41,485 [EventQueue-ContainerReportForContainerReportHandler] WARN  container.ContainerReportHandler (AbstractContainerReportHandler.java:updateContainerState(145)) - Container #1 is in OPEN state, but the datanode 5aa0106d-b151-48db-b175-21e2bb54d20a{ip: 192.168.164.193, host: pr-hdds-2292-97wmq-4261317731, networkLocation: /default-rack, certSerialId: null} reports an CLOSED replica.
2019-10-28 11:34:41,699 [BlockDeletingService#2] WARN  background.BlockDeletingService (BlockDeletingService.java:isDeletionAllowed(187)) - Close Container log Index 6 is not replicated across allthe servers in the pipeline 673f7971-0954-4a65-9d1b-2bbc40871e24 as the min replicated index is 4. Deletion is not allowed in this container yet.
2019-10-28 11:34:41,700 [BlockDeletingService#2] WARN  background.BlockDeletingService (BlockDeletingService.java:isDeletionAllowed(187)) - Close Container log Index 6 is not replicated across allthe servers in the pipeline 673f7971-0954-4a65-9d1b-2bbc40871e24 as the min replicated index is 4. Deletion is not allowed in this container yet.
2019-10-28 11:34:41,780 [EventQueue-ContainerReportForContainerReportHandler] WARN  container.ContainerReportHandler (AbstractContainerReportHandler.java:updateContainerState(145)) - Container #1 is in OPEN state, but the datanode a4a68fdc-9c21-417a-8215-14845568ad90{ip: 192.168.164.193, host: pr-hdds-2292-97wmq-4261317731, networkLocation: /default-rack, certSerialId: null} reports an CLOSED replica.
2019-10-28 11:34:41,784 [EventQueue-ContainerReportForContainerReportHandler] WARN  container.ContainerReportHandler (AbstractContainerReportHandler.java:updateContainerState(145)) - Container #1 is in OPEN state, but the datanode 5aa0106d-b151-48db-b175-21e2bb54d20a{ip: 192.168.164.193, host: pr-hdds-2292-97wmq-4261317731, networkLocation: /default-rack, certSerialId: null} reports an CLOSED replica.
2019-10-28 11:34:41,980 [EventQueue-ContainerReportForContainerReportHandler] WARN  container.ContainerReportHandler (AbstractContainerReportHandler.java:updateContainerState(145)) - Container #1 is in OPEN state, but the datanode a4a68fdc-9c21-417a-8215-14845568ad90{ip: 192.168.164.193, host: pr-hdds-2292-97wmq-4261317731, networkLocation: /default-rack, certSerialId: null} reports an CLOSED replica.
2019-10-28 11:34:42,085 [EventQueue-ContainerReportForContainerReportHandler] WARN  container.ContainerReportHandler (AbstractContainerReportHandler.java:updateContainerState(145)) - Container #1 is in OPEN state, but the datanode 5aa0106d-b151-48db-b175-21e2bb54d20a{ip: 192.168.164.193, host: pr-hdds-2292-97wmq-4261317731, networkLocation: /default-rack, certSerialId: null} reports an CLOSED replica.
2019-10-28 11:34:42,383 [EventQueue-ContainerReportForContainerReportHandler] WARN  container.ContainerReportHandler (AbstractContainerReportHandler.java:updateContainerState(145)) - Container #1 is in OPEN state, but the datanode a4a68fdc-9c21-417a-8215-14845568ad90{ip: 192.168.164.193, host: pr-hdds-2292-97wmq-4261317731, networkLocation: /default-rack, certSerialId: null} reports an CLOSED replica.
2019-10-28 11:34:42,384 [EventQueue-ContainerReportForContainerReportHandler] WARN  container.ContainerReportHandler (AbstractContainerReportHandler.java:updateContainerState(145)) - Container #1 is in OPEN state, but the datanode 5aa0106d-b151-48db-b175-21e2bb54d20a{ip: 192.168.164.193, host: pr-hdds-2292-97wmq-4261317731, networkLocation: /default-rack, certSerialId: null} reports an CLOSED replica.
2019-10-28 11:34:42,586 [EventQueue-ContainerReportForContainerReportHandler] WARN  container.ContainerReportHandler (AbstractContainerReportHandler.java:updateContainerState(145)) - Container #1 is in OPEN state, but the datanode 5aa0106d-b151-48db-b175-21e2bb54d20a{ip: 192.168.164.193, host: pr-hdds-2292-97wmq-4261317731, networkLocation: /default-rack, certSerialId: null} reports an CLOSED replica.
2019-10-28 11:34:42,611 [java.util.concurrent.ThreadPoolExecutor$Worker@588db654[State = -1, empty queue]] WARN  server.GrpcLogAppender (GrpcLogAppender.java:timeoutAppendRequest(209)) - a4a68fdc-9c21-417a-8215-14845568ad90@group-2BBC40871E24->bb175ec5-5e98-4251-9728-8e1e745e4fa1-GrpcLogAppender: appendEntries Timeout, request=a4a68fdc-9c21-417a-8215-14845568ad90->bb175ec5-5e98-4251-9728-8e1e745e4fa1#41-t3, previous=(t:3, i:10), leaderCommit=10, initializing? false, entries: <empty>
2019-10-28 11:34:42,685 [EventQueue-ContainerReportForContainerReportHandler] WARN  container.ContainerReportHandler (AbstractContainerReportHandler.java:updateContainerState(145)) - Container #1 is in OPEN state, but the datanode a4a68fdc-9c21-417a-8215-14845568ad90{ip: 192.168.164.193, host: pr-hdds-2292-97wmq-4261317731, networkLocation: /default-rack, certSerialId: null} reports an CLOSED replica.
2019-10-28 11:34:42,701 [BlockDeletingService#2] WARN  background.BlockDeletingService (BlockDeletingService.java:isDeletionAllowed(187)) - Close Container log Index 6 is not replicated across allthe servers in the pipeline 673f7971-0954-4a65-9d1b-2bbc40871e24 as the min replicated index is 4. Deletion is not allowed in this container yet.
2019-10-28 11:34:42,702 [BlockDeletingService#2] WARN  background.BlockDeletingService (BlockDeletingService.java:isDeletionAllowed(187)) - Close Container log Index 6 is not replicated across allthe servers in the pipeline 673f7971-0954-4a65-9d1b-2bbc40871e24 as the min replicated index is 4. Deletion is not allowed in this container yet.
2019-10-28 11:34:42,886 [EventQueue-ContainerReportForContainerReportHandler] WARN  container.ContainerReportHandler (AbstractContainerReportHandler.java:updateContainerState(145)) - Container #1 is in OPEN state, but the datanode 5aa0106d-b151-48db-b175-21e2bb54d20a{ip: 192.168.164.193, host: pr-hdds-2292-97wmq-4261317731, networkLocation: /default-rack, certSerialId: null} reports an CLOSED replica.
2019-10-28 11:34:42,986 [EventQueue-ContainerReportForContainerReportHandler] WARN  container.ContainerReportHandler (AbstractContainerReportHandler.java:updateContainerState(145)) - Container #1 is in OPEN state, but the datanode a4a68fdc-9c21-417a-8215-14845568ad90{ip: 192.168.164.193, host: pr-hdds-2292-97wmq-4261317731, networkLocation: /default-rack, certSerialId: null} reports an CLOSED replica.
2019-10-28 11:34:43,187 [EventQueue-ContainerReportForContainerReportHandler] WARN  container.ContainerReportHandler (AbstractContainerReportHandler.java:updateContainerState(145)) - Container #1 is in OPEN state, but the datanode a4a68fdc-9c21-417a-8215-14845568ad90{ip: 192.168.164.193, host: pr-hdds-2292-97wmq-4261317731, networkLocation: /default-rack, certSerialId: null} reports an CLOSED replica.
2019-10-28 11:34:43,287 [EventQueue-ContainerReportForContainerReportHandler] WARN  container.ContainerReportHandler (AbstractContainerReportHandler.java:updateContainerState(145)) - Container #1 is in OPEN state, but the datanode 5aa0106d-b151-48db-b175-21e2bb54d20a{ip: 192.168.164.193, host: pr-hdds-2292-97wmq-4261317731, networkLocation: /default-rack, certSerialId: null} reports an CLOSED replica.
2019-10-28 11:34:43,487 [EventQueue-ContainerReportForContainerReportHandler] WARN  container.ContainerReportHandler (AbstractContainerReportHandler.java:updateContainerState(145)) - Container #1 is in OPEN state, but the datanode 5aa0106d-b151-48db-b175-21e2bb54d20a{ip: 192.168.164.193, host: pr-hdds-2292-97wmq-4261317731, networkLocation: /default-rack, certSerialId: null} reports an CLOSED replica.
2019-10-28 11:34:43,587 [EventQueue-ContainerReportForContainerReportHandler] WARN  container.ContainerReportHandler (AbstractContainerReportHandler.java:updateContainerState(145)) - Container #1 is in OPEN state, but the datanode a4a68fdc-9c21-417a-8215-14845568ad90{ip: 192.168.164.193, host: pr-hdds-2292-97wmq-4261317731, networkLocation: /default-rack, certSerialId: null} reports an CLOSED replica.
2019-10-28 11:34:43,704 [BlockDeletingService#2] WARN  background.BlockDeletingService (BlockDeletingService.java:isDeletionAllowed(187)) - Close Container log Index 6 is not replicated across allthe servers in the pipeline 673f7971-0954-4a65-9d1b-2bbc40871e24 as the min replicated index is 4. Deletion is not allowed in this container yet.
2019-10-28 11:34:43,704 [BlockDeletingService#2] WARN  background.BlockDeletingService (BlockDeletingService.java:isDeletionAllowed(187)) - Close Container log Index 6 is not replicated across allthe servers in the pipeline 673f7971-0954-4a65-9d1b-2bbc40871e24 as the min replicated index is 4. Deletion is not allowed in this container yet.
2019-10-28 11:34:43,786 [EventQueue-ContainerReportForContainerReportHandler] WARN  container.ContainerReportHandler (AbstractContainerReportHandler.java:updateContainerState(145)) - Container #1 is in OPEN state, but the datanode 5aa0106d-b151-48db-b175-21e2bb54d20a{ip: 192.168.164.193, host: pr-hdds-2292-97wmq-4261317731, networkLocation: /default-rack, certSerialId: null} reports an CLOSED replica.
2019-10-28 11:34:43,887 [EventQueue-ContainerReportForContainerReportHandler] WARN  container.ContainerReportHandler (AbstractContainerReportHandler.java:updateContainerState(145)) - Container #1 is in OPEN state, but the datanode a4a68fdc-9c21-417a-8215-14845568ad90{ip: 192.168.164.193, host: pr-hdds-2292-97wmq-4261317731, networkLocation: /default-rack, certSerialId: null} reports an CLOSED replica.
2019-10-28 11:34:44,087 [EventQueue-ContainerReportForContainerReportHandler] WARN  container.ContainerReportHandler (AbstractContainerReportHandler.java:updateContainerState(145)) - Container #1 is in OPEN state, but the datanode 5aa0106d-b151-48db-b175-21e2bb54d20a{ip: 192.168.164.193, host: pr-hdds-2292-97wmq-4261317731, networkLocation: /default-rack, certSerialId: null} reports an CLOSED replica.
2019-10-28 11:34:44,189 [EventQueue-ContainerReportForContainerReportHandler] WARN  container.ContainerReportHandler (AbstractContainerReportHandler.java:updateContainerState(145)) - Container #1 is in OPEN state, but the datanode a4a68fdc-9c21-417a-8215-14845568ad90{ip: 192.168.164.193, host: pr-hdds-2292-97wmq-4261317731, networkLocation: /default-rack, certSerialId: null} reports an CLOSED replica.
2019-10-28 11:34:44,387 [EventQueue-ContainerReportForContainerReportHandler] WARN  container.ContainerReportHandler (AbstractContainerReportHandler.java:updateContainerState(145)) - Container #1 is in OPEN state, but the datanode 5aa0106d-b151-48db-b175-21e2bb54d20a{ip: 192.168.164.193, host: pr-hdds-2292-97wmq-4261317731, networkLocation: /default-rack, certSerialId: null} reports an CLOSED replica.
2019-10-28 11:34:44,388 [EventQueue-ContainerReportForContainerReportHandler] WARN  container.ContainerReportHandler (AbstractContainerReportHandler.java:updateContainerState(145)) - Container #1 is in OPEN state, but the datanode a4a68fdc-9c21-417a-8215-14845568ad90{ip: 192.168.164.193, host: pr-hdds-2292-97wmq-4261317731, networkLocation: /default-rack, certSerialId: null} reports an CLOSED replica.
2019-10-28 11:34:44,589 [EventQueue-ContainerReportForContainerReportHandler] WARN  container.ContainerReportHandler (AbstractContainerReportHandler.java:updateContainerState(145)) - Container #1 is in OPEN state, but the datanode a4a68fdc-9c21-417a-8215-14845568ad90{ip: 192.168.164.193, host: pr-hdds-2292-97wmq-4261317731, networkLocation: /default-rack, certSerialId: null} reports an CLOSED replica.
2019-10-28 11:34:44,687 [EventQueue-ContainerReportForContainerReportHandler] WARN  container.ContainerReportHandler (AbstractContainerReportHandler.java:updateContainerState(145)) - Container #1 is in OPEN state, but the datanode 5aa0106d-b151-48db-b175-21e2bb54d20a{ip: 192.168.164.193, host: pr-hdds-2292-97wmq-4261317731, networkLocation: /default-rack, certSerialId: null} reports an CLOSED replica.
2019-10-28 11:34:44,706 [BlockDeletingService#2] WARN  background.BlockDeletingService (BlockDeletingService.java:isDeletionAllowed(187)) - Close Container log Index 6 is not replicated across allthe servers in the pipeline 673f7971-0954-4a65-9d1b-2bbc40871e24 as the min replicated index is 4. Deletion is not allowed in this container yet.
2019-10-28 11:34:44,706 [BlockDeletingService#2] WARN  background.BlockDeletingService (BlockDeletingService.java:isDeletionAllowed(187)) - Close Container log Index 6 is not replicated across allthe servers in the pipeline 673f7971-0954-4a65-9d1b-2bbc40871e24 as the min replicated index is 4. Deletion is not allowed in this container yet.
2019-10-28 11:34:44,890 [EventQueue-ContainerReportForContainerReportHandler] WARN  container.ContainerReportHandler (AbstractContainerReportHandler.java:updateContainerState(145)) - Container #1 is in OPEN state, but the datanode a4a68fdc-9c21-417a-8215-14845568ad90{ip: 192.168.164.193, host: pr-hdds-2292-97wmq-4261317731, networkLocation: /default-rack, certSerialId: null} reports an CLOSED replica.
2019-10-28 11:34:44,987 [EventQueue-ContainerReportForContainerReportHandler] WARN  container.ContainerReportHandler (AbstractContainerReportHandler.java:updateContainerState(145)) - Container #1 is in OPEN state, but the datanode 5aa0106d-b151-48db-b175-21e2bb54d20a{ip: 192.168.164.193, host: pr-hdds-2292-97wmq-4261317731, networkLocation: /default-rack, certSerialId: null} reports an CLOSED replica.
2019-10-28 11:34:45,089 [EventQueue-ContainerReportForContainerReportHandler] WARN  container.ContainerReportHandler (AbstractContainerReportHandler.java:updateContainerState(145)) - Container #1 is in OPEN state, but the datanode a4a68fdc-9c21-417a-8215-14845568ad90{ip: 192.168.164.193, host: pr-hdds-2292-97wmq-4261317731, networkLocation: /default-rack, certSerialId: null} reports an CLOSED replica.
2019-10-28 11:34:45,113 [java.util.concurrent.ThreadPoolExecutor$Worker@588db654[State = -1, empty queue]] WARN  server.GrpcLogAppender (GrpcLogAppender.java:timeoutAppendRequest(209)) - a4a68fdc-9c21-417a-8215-14845568ad90@group-2BBC40871E24->bb175ec5-5e98-4251-9728-8e1e745e4fa1-GrpcLogAppender: appendEntries Timeout, request=a4a68fdc-9c21-417a-8215-14845568ad90->bb175ec5-5e98-4251-9728-8e1e745e4fa1#42-t3, previous=(t:3, i:10), leaderCommit=10, initializing? false, entries: <empty>
2019-10-28 11:34:45,288 [EventQueue-ContainerReportForContainerReportHandler] WARN  container.ContainerReportHandler (AbstractContainerReportHandler.java:updateContainerState(145)) - Container #1 is in OPEN state, but the datanode 5aa0106d-b151-48db-b175-21e2bb54d20a{ip: 192.168.164.193, host: pr-hdds-2292-97wmq-4261317731, networkLocation: /default-rack, certSerialId: null} reports an CLOSED replica.
2019-10-28 11:34:45,490 [EventQueue-ContainerReportForContainerReportHandler] WARN  container.ContainerReportHandler (AbstractContainerReportHandler.java:updateContainerState(145)) - Container #1 is in OPEN state, but the datanode a4a68fdc-9c21-417a-8215-14845568ad90{ip: 192.168.164.193, host: pr-hdds-2292-97wmq-4261317731, networkLocation: /default-rack, certSerialId: null} reports an CLOSED replica.
2019-10-28 11:34:45,690 [EventQueue-ContainerReportForContainerReportHandler] WARN  container.ContainerReportHandler (AbstractContainerReportHandler.java:updateContainerState(145)) - Container #1 is in OPEN state, but the datanode 5aa0106d-b151-48db-b175-21e2bb54d20a{ip: 192.168.164.193, host: pr-hdds-2292-97wmq-4261317731, networkLocation: /default-rack, certSerialId: null} reports an CLOSED replica.
2019-10-28 11:34:45,708 [BlockDeletingService#2] WARN  background.BlockDeletingService (BlockDeletingService.java:isDeletionAllowed(187)) - Close Container log Index 6 is not replicated across allthe servers in the pipeline 673f7971-0954-4a65-9d1b-2bbc40871e24 as the min replicated index is 4. Deletion is not allowed in this container yet.
2019-10-28 11:34:45,708 [BlockDeletingService#2] WARN  background.BlockDeletingService (BlockDeletingService.java:isDeletionAllowed(187)) - Close Container log Index 6 is not replicated across allthe servers in the pipeline 673f7971-0954-4a65-9d1b-2bbc40871e24 as the min replicated index is 4. Deletion is not allowed in this container yet.
2019-10-28 11:34:45,723 [Thread-484] INFO  client.GrpcClientProtocolService (GrpcClientProtocolService.java:lambda$processClientRequest$0(278)) - Failed RaftClientRequest:client-8D88133FDDEB->5aa0106d-b151-48db-b175-21e2bb54d20a@group-2BBC40871E24, cid=10, seq=0, Watch-ALL_COMMITTED(6), Message:<EMPTY>, reply=RaftClientReply:client-8D88133FDDEB->5aa0106d-b151-48db-b175-21e2bb54d20a@group-2BBC40871E24, cid=10, FAILED org.apache.ratis.protocol.NotLeaderException: Server 5aa0106d-b151-48db-b175-21e2bb54d20a@group-2BBC40871E24 is not the leader a4a68fdc-9c21-417a-8215-14845568ad90:192.168.164.193:36183, logIndex=0, commits[5aa0106d-b151-48db-b175-21e2bb54d20a:c10, a4a68fdc-9c21-417a-8215-14845568ad90:c10, bb175ec5-5e98-4251-9728-8e1e745e4fa1:c4]
2019-10-28 11:34:45,790 [EventQueue-ContainerReportForContainerReportHandler] WARN  container.ContainerReportHandler (AbstractContainerReportHandler.java:updateContainerState(145)) - Container #1 is in OPEN state, but the datanode a4a68fdc-9c21-417a-8215-14845568ad90{ip: 192.168.164.193, host: pr-hdds-2292-97wmq-4261317731, networkLocation: /default-rack, certSerialId: null} reports an CLOSED replica.
2019-10-28 11:34:45,890 [EventQueue-ContainerReportForContainerReportHandler] WARN  container.ContainerReportHandler (AbstractContainerReportHandler.java:updateContainerState(145)) - Container #1 is in OPEN state, but the datanode 5aa0106d-b151-48db-b175-21e2bb54d20a{ip: 192.168.164.193, host: pr-hdds-2292-97wmq-4261317731, networkLocation: /default-rack, certSerialId: null} reports an CLOSED replica.
2019-10-28 11:34:46,089 [EventQueue-ContainerReportForContainerReportHandler] WARN  container.ContainerReportHandler (AbstractContainerReportHandler.java:updateContainerState(145)) - Container #1 is in OPEN state, but the datanode a4a68fdc-9c21-417a-8215-14845568ad90{ip: 192.168.164.193, host: pr-hdds-2292-97wmq-4261317731, networkLocation: /default-rack, certSerialId: null} reports an CLOSED replica.
2019-10-28 11:34:46,291 [EventQueue-ContainerReportForContainerReportHandler] WARN  container.ContainerReportHandler (AbstractContainerReportHandler.java:updateContainerState(145)) - Container #1 is in OPEN state, but the datanode 5aa0106d-b151-48db-b175-21e2bb54d20a{ip: 192.168.164.193, host: pr-hdds-2292-97wmq-4261317731, networkLocation: /default-rack, certSerialId: null} reports an CLOSED replica.
2019-10-28 11:34:46,490 [EventQueue-ContainerReportForContainerReportHandler] WARN  container.ContainerReportHandler (AbstractContainerReportHandler.java:updateContainerState(145)) - Container #1 is in OPEN state, but the datanode a4a68fdc-9c21-417a-8215-14845568ad90{ip: 192.168.164.193, host: pr-hdds-2292-97wmq-4261317731, networkLocation: /default-rack, certSerialId: null} reports an CLOSED replica.
2019-10-28 11:34:46,690 [EventQueue-ContainerReportForContainerReportHandler] WARN  container.ContainerReportHandler (AbstractContainerReportHandler.java:updateContainerState(145)) - Container #1 is in OPEN state, but the datanode 5aa0106d-b151-48db-b175-21e2bb54d20a{ip: 192.168.164.193, host: pr-hdds-2292-97wmq-4261317731, networkLocation: /default-rack, certSerialId: null} reports an CLOSED replica.
2019-10-28 11:34:46,690 [EventQueue-ContainerReportForContainerReportHandler] WARN  container.ContainerReportHandler (AbstractContainerReportHandler.java:updateContainerState(145)) - Container #1 is in OPEN state, but the datanode a4a68fdc-9c21-417a-8215-14845568ad90{ip: 192.168.164.193, host: pr-hdds-2292-97wmq-4261317731, networkLocation: /default-rack, certSerialId: null} reports an CLOSED replica.
2019-10-28 11:34:46,710 [BlockDeletingService#2] WARN  background.BlockDeletingService (BlockDeletingService.java:isDeletionAllowed(187)) - Close Container log Index 6 is not replicated across allthe servers in the pipeline 673f7971-0954-4a65-9d1b-2bbc40871e24 as the min replicated index is 4. Deletion is not allowed in this container yet.
2019-10-28 11:34:46,710 [BlockDeletingService#2] WARN  background.BlockDeletingService (BlockDeletingService.java:isDeletionAllowed(187)) - Close Container log Index 6 is not replicated across allthe servers in the pipeline 673f7971-0954-4a65-9d1b-2bbc40871e24 as the min replicated index is 4. Deletion is not allowed in this container yet.
2019-10-28 11:34:46,889 [EventQueue-ContainerReportForContainerReportHandler] WARN  container.ContainerReportHandler (AbstractContainerReportHandler.java:updateContainerState(145)) - Container #1 is in OPEN state, but the datanode 5aa0106d-b151-48db-b175-21e2bb54d20a{ip: 192.168.164.193, host: pr-hdds-2292-97wmq-4261317731, networkLocation: /default-rack, certSerialId: null} reports an CLOSED replica.
2019-10-28 11:34:46,990 [EventQueue-ContainerReportForContainerReportHandler] WARN  container.ContainerReportHandler (AbstractContainerReportHandler.java:updateContainerState(145)) - Container #1 is in OPEN state, but the datanode a4a68fdc-9c21-417a-8215-14845568ad90{ip: 192.168.164.193, host: pr-hdds-2292-97wmq-4261317731, networkLocation: /default-rack, certSerialId: null} reports an CLOSED replica.
2019-10-28 11:34:47,089 [EventQueue-ContainerReportForContainerReportHandler] WARN  container.ContainerReportHandler (AbstractContainerReportHandler.java:updateContainerState(145)) - Container #1 is in OPEN state, but the datanode 5aa0106d-b151-48db-b175-21e2bb54d20a{ip: 192.168.164.193, host: pr-hdds-2292-97wmq-4261317731, networkLocation: /default-rack, certSerialId: null} reports an CLOSED replica.
2019-10-28 11:34:47,290 [EventQueue-ContainerReportForContainerReportHandler] WARN  container.ContainerReportHandler (AbstractContainerReportHandler.java:updateContainerState(145)) - Container #1 is in OPEN state, but the datanode a4a68fdc-9c21-417a-8215-14845568ad90{ip: 192.168.164.193, host: pr-hdds-2292-97wmq-4261317731, networkLocation: /default-rack, certSerialId: null} reports an CLOSED replica.
2019-10-28 11:34:47,389 [EventQueue-ContainerReportForContainerReportHandler] WARN  container.ContainerReportHandler (AbstractContainerReportHandler.java:updateContainerState(145)) - Container #1 is in OPEN state, but the datanode 5aa0106d-b151-48db-b175-21e2bb54d20a{ip: 192.168.164.193, host: pr-hdds-2292-97wmq-4261317731, networkLocation: /default-rack, certSerialId: null} reports an CLOSED replica.
2019-10-28 11:34:47,591 [EventQueue-ContainerReportForContainerReportHandler] WARN  container.ContainerReportHandler (AbstractContainerReportHandler.java:updateContainerState(145)) - Container #1 is in OPEN state, but the datanode a4a68fdc-9c21-417a-8215-14845568ad90{ip: 192.168.164.193, host: pr-hdds-2292-97wmq-4261317731, networkLocation: /default-rack, certSerialId: null} reports an CLOSED replica.
2019-10-28 11:34:47,614 [java.util.concurrent.ThreadPoolExecutor$Worker@588db654[State = -1, empty queue]] WARN  server.GrpcLogAppender (GrpcLogAppender.java:timeoutAppendRequest(209)) - a4a68fdc-9c21-417a-8215-14845568ad90@group-2BBC40871E24->bb175ec5-5e98-4251-9728-8e1e745e4fa1-GrpcLogAppender: appendEntries Timeout, request=a4a68fdc-9c21-417a-8215-14845568ad90->bb175ec5-5e98-4251-9728-8e1e745e4fa1#43-t3, previous=(t:3, i:10), leaderCommit=10, initializing? false, entries: <empty>
2019-10-28 11:34:47,682 [Thread-490] INFO  client.GrpcClientProtocolService (GrpcClientProtocolService.java:lambda$processClientRequest$0(278)) - Failed RaftClientRequest:client-8D88133FDDEB->a4a68fdc-9c21-417a-8215-14845568ad90@group-2BBC40871E24, cid=10, seq=0, Watch-ALL_COMMITTED(6), Message:<EMPTY>, reply=RaftClientReply:client-8D88133FDDEB->a4a68fdc-9c21-417a-8215-14845568ad90@group-2BBC40871E24, cid=10, FAILED org.apache.ratis.protocol.NotReplicatedException: Request with call Id 10 and log index 6 is not yet replicated to ALL_COMMITTED, logIndex=6, commits[a4a68fdc-9c21-417a-8215-14845568ad90:c10, 5aa0106d-b151-48db-b175-21e2bb54d20a:c10, bb175ec5-5e98-4251-9728-8e1e745e4fa1:c4]
2019-10-28 11:34:47,691 [EventQueue-ContainerReportForContainerReportHandler] WARN  container.ContainerReportHandler (AbstractContainerReportHandler.java:updateContainerState(145)) - Container #1 is in OPEN state, but the datanode 5aa0106d-b151-48db-b175-21e2bb54d20a{ip: 192.168.164.193, host: pr-hdds-2292-97wmq-4261317731, networkLocation: /default-rack, certSerialId: null} reports an CLOSED replica.
2019-10-28 11:34:47,714 [BlockDeletingService#2] WARN  background.BlockDeletingService (BlockDeletingService.java:isDeletionAllowed(187)) - Close Container log Index 6 is not replicated across allthe servers in the pipeline 673f7971-0954-4a65-9d1b-2bbc40871e24 as the min replicated index is 4. Deletion is not allowed in this container yet.
2019-10-28 11:34:47,714 [BlockDeletingService#2] WARN  background.BlockDeletingService (BlockDeletingService.java:isDeletionAllowed(187)) - Close Container log Index 6 is not replicated across allthe servers in the pipeline 673f7971-0954-4a65-9d1b-2bbc40871e24 as the min replicated index is 4. Deletion is not allowed in this container yet.
2019-10-28 11:34:47,892 [EventQueue-ContainerReportForContainerReportHandler] WARN  container.ContainerReportHandler (AbstractContainerReportHandler.java:updateContainerState(145)) - Container #1 is in OPEN state, but the datanode a4a68fdc-9c21-417a-8215-14845568ad90{ip: 192.168.164.193, host: pr-hdds-2292-97wmq-4261317731, networkLocation: /default-rack, certSerialId: null} reports an CLOSED replica.
2019-10-28 11:34:47,992 [EventQueue-ContainerReportForContainerReportHandler] WARN  container.ContainerReportHandler (AbstractContainerReportHandler.java:updateContainerState(145)) - Container #1 is in OPEN state, but the datanode 5aa0106d-b151-48db-b175-21e2bb54d20a{ip: 192.168.164.193, host: pr-hdds-2292-97wmq-4261317731, networkLocation: /default-rack, certSerialId: null} reports an CLOSED replica.
2019-10-28 11:34:48,092 [EventQueue-ContainerReportForContainerReportHandler] WARN  container.ContainerReportHandler (AbstractContainerReportHandler.java:updateContainerState(145)) - Container #1 is in OPEN state, but the datanode a4a68fdc-9c21-417a-8215-14845568ad90{ip: 192.168.164.193, host: pr-hdds-2292-97wmq-4261317731, networkLocation: /default-rack, certSerialId: null} reports an CLOSED replica.
2019-10-28 11:34:48,191 [EventQueue-ContainerReportForContainerReportHandler] WARN  container.ContainerReportHandler (AbstractContainerReportHandler.java:updateContainerState(145)) - Container #1 is in OPEN state, but the datanode 5aa0106d-b151-48db-b175-21e2bb54d20a{ip: 192.168.164.193, host: pr-hdds-2292-97wmq-4261317731, networkLocation: /default-rack, certSerialId: null} reports an CLOSED replica.
2019-10-28 11:34:48,291 [EventQueue-ContainerReportForContainerReportHandler] WARN  container.ContainerReportHandler (AbstractContainerReportHandler.java:updateContainerState(145)) - Container #1 is in OPEN state, but the datanode a4a68fdc-9c21-417a-8215-14845568ad90{ip: 192.168.164.193, host: pr-hdds-2292-97wmq-4261317731, networkLocation: /default-rack, certSerialId: null} reports an CLOSED replica.
2019-10-28 11:34:48,392 [EventQueue-ContainerReportForContainerReportHandler] WARN  container.ContainerReportHandler (AbstractContainerReportHandler.java:updateContainerState(145)) - Container #1 is in OPEN state, but the datanode 5aa0106d-b151-48db-b175-21e2bb54d20a{ip: 192.168.164.193, host: pr-hdds-2292-97wmq-4261317731, networkLocation: /default-rack, certSerialId: null} reports an CLOSED replica.
2019-10-28 11:34:48,591 [EventQueue-ContainerReportForContainerReportHandler] WARN  container.ContainerReportHandler (AbstractContainerReportHandler.java:updateContainerState(145)) - Container #1 is in OPEN state, but the datanode a4a68fdc-9c21-417a-8215-14845568ad90{ip: 192.168.164.193, host: pr-hdds-2292-97wmq-4261317731, networkLocation: /default-rack, certSerialId: null} reports an CLOSED replica.
2019-10-28 11:34:48,692 [EventQueue-ContainerReportForContainerReportHandler] WARN  container.ContainerReportHandler (AbstractContainerReportHandler.java:updateContainerState(145)) - Container #1 is in OPEN state, but the datanode 5aa0106d-b151-48db-b175-21e2bb54d20a{ip: 192.168.164.193, host: pr-hdds-2292-97wmq-4261317731, networkLocation: /default-rack, certSerialId: null} reports an CLOSED replica.
2019-10-28 11:34:48,717 [BlockDeletingService#2] WARN  background.BlockDeletingService (BlockDeletingService.java:isDeletionAllowed(187)) - Close Container log Index 6 is not replicated across allthe servers in the pipeline 673f7971-0954-4a65-9d1b-2bbc40871e24 as the min replicated index is 4. Deletion is not allowed in this container yet.
2019-10-28 11:34:48,717 [BlockDeletingService#2] WARN  background.BlockDeletingService (BlockDeletingService.java:isDeletionAllowed(187)) - Close Container log Index 6 is not replicated across allthe servers in the pipeline 673f7971-0954-4a65-9d1b-2bbc40871e24 as the min replicated index is 4. Deletion is not allowed in this container yet.
2019-10-28 11:34:48,891 [EventQueue-ContainerReportForContainerReportHandler] WARN  container.ContainerReportHandler (AbstractContainerReportHandler.java:updateContainerState(145)) - Container #1 is in OPEN state, but the datanode 5aa0106d-b151-48db-b175-21e2bb54d20a{ip: 192.168.164.193, host: pr-hdds-2292-97wmq-4261317731, networkLocation: /default-rack, certSerialId: null} reports an CLOSED replica.
2019-10-28 11:34:48,992 [EventQueue-ContainerReportForContainerReportHandler] WARN  container.ContainerReportHandler (AbstractContainerReportHandler.java:updateContainerState(145)) - Container #1 is in OPEN state, but the datanode a4a68fdc-9c21-417a-8215-14845568ad90{ip: 192.168.164.193, host: pr-hdds-2292-97wmq-4261317731, networkLocation: /default-rack, certSerialId: null} reports an CLOSED replica.
2019-10-28 11:34:49,193 [EventQueue-ContainerReportForContainerReportHandler] WARN  container.ContainerReportHandler (AbstractContainerReportHandler.java:updateContainerState(145)) - Container #1 is in OPEN state, but the datanode a4a68fdc-9c21-417a-8215-14845568ad90{ip: 192.168.164.193, host: pr-hdds-2292-97wmq-4261317731, networkLocation: /default-rack, certSerialId: null} reports an CLOSED replica.
2019-10-28 11:34:49,292 [EventQueue-ContainerReportForContainerReportHandler] WARN  container.ContainerReportHandler (AbstractContainerReportHandler.java:updateContainerState(145)) - Container #1 is in OPEN state, but the datanode 5aa0106d-b151-48db-b175-21e2bb54d20a{ip: 192.168.164.193, host: pr-hdds-2292-97wmq-4261317731, networkLocation: /default-rack, certSerialId: null} reports an CLOSED replica.
2019-10-28 11:34:49,491 [EventQueue-ContainerReportForContainerReportHandler] WARN  container.ContainerReportHandler (AbstractContainerReportHandler.java:updateContainerState(145)) - Container #1 is in OPEN state, but the datanode 5aa0106d-b151-48db-b175-21e2bb54d20a{ip: 192.168.164.193, host: pr-hdds-2292-97wmq-4261317731, networkLocation: /default-rack, certSerialId: null} reports an CLOSED replica.
2019-10-28 11:34:49,492 [EventQueue-ContainerReportForContainerReportHandler] WARN  container.ContainerReportHandler (AbstractContainerReportHandler.java:updateContainerState(145)) - Container #1 is in OPEN state, but the datanode a4a68fdc-9c21-417a-8215-14845568ad90{ip: 192.168.164.193, host: pr-hdds-2292-97wmq-4261317731, networkLocation: /default-rack, certSerialId: null} reports an CLOSED replica.
2019-10-28 11:34:49,691 [EventQueue-ContainerReportForContainerReportHandler] WARN  container.ContainerReportHandler (AbstractContainerReportHandler.java:updateContainerState(145)) - Container #1 is in OPEN state, but the datanode 5aa0106d-b151-48db-b175-21e2bb54d20a{ip: 192.168.164.193, host: pr-hdds-2292-97wmq-4261317731, networkLocation: /default-rack, certSerialId: null} reports an CLOSED replica.
2019-10-28 11:34:49,718 [BlockDeletingService#2] WARN  background.BlockDeletingService (BlockDeletingService.java:isDeletionAllowed(187)) - Close Container log Index 6 is not replicated across allthe servers in the pipeline 673f7971-0954-4a65-9d1b-2bbc40871e24 as the min replicated index is 4. Deletion is not allowed in this container yet.
2019-10-28 11:34:49,719 [BlockDeletingService#2] WARN  background.BlockDeletingService (BlockDeletingService.java:isDeletionAllowed(187)) - Close Container log Index 6 is not replicated across allthe servers in the pipeline 673f7971-0954-4a65-9d1b-2bbc40871e24 as the min replicated index is 4. Deletion is not allowed in this container yet.
2019-10-28 11:34:49,892 [EventQueue-ContainerReportForContainerReportHandler] WARN  container.ContainerReportHandler (AbstractContainerReportHandler.java:updateContainerState(145)) - Container #1 is in OPEN state, but the datanode a4a68fdc-9c21-417a-8215-14845568ad90{ip: 192.168.164.193, host: pr-hdds-2292-97wmq-4261317731, networkLocation: /default-rack, certSerialId: null} reports an CLOSED replica.
2019-10-28 11:34:50,093 [EventQueue-ContainerReportForContainerReportHandler] WARN  container.ContainerReportHandler (AbstractContainerReportHandler.java:updateContainerState(145)) - Container #1 is in OPEN state, but the datanode 5aa0106d-b151-48db-b175-21e2bb54d20a{ip: 192.168.164.193, host: pr-hdds-2292-97wmq-4261317731, networkLocation: /default-rack, certSerialId: null} reports an CLOSED replica.
2019-10-28 11:34:50,115 [java.util.concurrent.ThreadPoolExecutor$Worker@588db654[State = -1, empty queue]] WARN  server.GrpcLogAppender (GrpcLogAppender.java:timeoutAppendRequest(209)) - a4a68fdc-9c21-417a-8215-14845568ad90@group-2BBC40871E24->bb175ec5-5e98-4251-9728-8e1e745e4fa1-GrpcLogAppender: appendEntries Timeout, request=a4a68fdc-9c21-417a-8215-14845568ad90->bb175ec5-5e98-4251-9728-8e1e745e4fa1#44-t3, previous=(t:3, i:10), leaderCommit=10, initializing? false, entries: <empty>
2019-10-28 11:34:50,193 [EventQueue-ContainerReportForContainerReportHandler] WARN  container.ContainerReportHandler (AbstractContainerReportHandler.java:updateContainerState(145)) - Container #1 is in OPEN state, but the datanode a4a68fdc-9c21-417a-8215-14845568ad90{ip: 192.168.164.193, host: pr-hdds-2292-97wmq-4261317731, networkLocation: /default-rack, certSerialId: null} reports an CLOSED replica.
2019-10-28 11:34:50,393 [EventQueue-ContainerReportForContainerReportHandler] WARN  container.ContainerReportHandler (AbstractContainerReportHandler.java:updateContainerState(145)) - Container #1 is in OPEN state, but the datanode 5aa0106d-b151-48db-b175-21e2bb54d20a{ip: 192.168.164.193, host: pr-hdds-2292-97wmq-4261317731, networkLocation: /default-rack, certSerialId: null} reports an CLOSED replica.
2019-10-28 11:34:50,494 [EventQueue-ContainerReportForContainerReportHandler] WARN  container.ContainerReportHandler (AbstractContainerReportHandler.java:updateContainerState(145)) - Container #1 is in OPEN state, but the datanode a4a68fdc-9c21-417a-8215-14845568ad90{ip: 192.168.164.193, host: pr-hdds-2292-97wmq-4261317731, networkLocation: /default-rack, certSerialId: null} reports an CLOSED replica.
2019-10-28 11:34:50,694 [EventQueue-ContainerReportForContainerReportHandler] WARN  container.ContainerReportHandler (AbstractContainerReportHandler.java:updateContainerState(145)) - Container #1 is in OPEN state, but the datanode a4a68fdc-9c21-417a-8215-14845568ad90{ip: 192.168.164.193, host: pr-hdds-2292-97wmq-4261317731, networkLocation: /default-rack, certSerialId: null} reports an CLOSED replica.
2019-10-28 11:34:50,721 [BlockDeletingService#2] WARN  background.BlockDeletingService (BlockDeletingService.java:isDeletionAllowed(187)) - Close Container log Index 6 is not replicated across allthe servers in the pipeline 673f7971-0954-4a65-9d1b-2bbc40871e24 as the min replicated index is 4. Deletion is not allowed in this container yet.
2019-10-28 11:34:50,721 [BlockDeletingService#2] WARN  background.BlockDeletingService (BlockDeletingService.java:isDeletionAllowed(187)) - Close Container log Index 6 is not replicated across allthe servers in the pipeline 673f7971-0954-4a65-9d1b-2bbc40871e24 as the min replicated index is 4. Deletion is not allowed in this container yet.
2019-10-28 11:34:50,794 [EventQueue-ContainerReportForContainerReportHandler] WARN  container.ContainerReportHandler (AbstractContainerReportHandler.java:updateContainerState(145)) - Container #1 is in OPEN state, but the datanode 5aa0106d-b151-48db-b175-21e2bb54d20a{ip: 192.168.164.193, host: pr-hdds-2292-97wmq-4261317731, networkLocation: /default-rack, certSerialId: null} reports an CLOSED replica.
2019-10-28 11:34:50,994 [EventQueue-ContainerReportForContainerReportHandler] WARN  container.ContainerReportHandler (AbstractContainerReportHandler.java:updateContainerState(145)) - Container #1 is in OPEN state, but the datanode 5aa0106d-b151-48db-b175-21e2bb54d20a{ip: 192.168.164.193, host: pr-hdds-2292-97wmq-4261317731, networkLocation: /default-rack, certSerialId: null} reports an CLOSED replica.
2019-10-28 11:34:50,994 [EventQueue-ContainerReportForContainerReportHandler] WARN  container.ContainerReportHandler (AbstractContainerReportHandler.java:updateContainerState(145)) - Container #1 is in OPEN state, but the datanode a4a68fdc-9c21-417a-8215-14845568ad90{ip: 192.168.164.193, host: pr-hdds-2292-97wmq-4261317731, networkLocation: /default-rack, certSerialId: null} reports an CLOSED replica.
2019-10-28 11:34:51,294 [EventQueue-ContainerReportForContainerReportHandler] WARN  container.ContainerReportHandler (AbstractContainerReportHandler.java:updateContainerState(145)) - Container #1 is in OPEN state, but the datanode 5aa0106d-b151-48db-b175-21e2bb54d20a{ip: 192.168.164.193, host: pr-hdds-2292-97wmq-4261317731, networkLocation: /default-rack, certSerialId: null} reports an CLOSED replica.
2019-10-28 11:34:51,393 [EventQueue-ContainerReportForContainerReportHandler] WARN  container.ContainerReportHandler (AbstractContainerReportHandler.java:updateContainerState(145)) - Container #1 is in OPEN state, but the datanode a4a68fdc-9c21-417a-8215-14845568ad90{ip: 192.168.164.193, host: pr-hdds-2292-97wmq-4261317731, networkLocation: /default-rack, certSerialId: null} reports an CLOSED replica.
2019-10-28 11:34:51,593 [EventQueue-ContainerReportForContainerReportHandler] WARN  container.ContainerReportHandler (AbstractContainerReportHandler.java:updateContainerState(145)) - Container #1 is in OPEN state, but the datanode 5aa0106d-b151-48db-b175-21e2bb54d20a{ip: 192.168.164.193, host: pr-hdds-2292-97wmq-4261317731, networkLocation: /default-rack, certSerialId: null} reports an CLOSED replica.
2019-10-28 11:34:51,723 [BlockDeletingService#2] WARN  background.BlockDeletingService (BlockDeletingService.java:isDeletionAllowed(187)) - Close Container log Index 6 is not replicated across allthe servers in the pipeline 673f7971-0954-4a65-9d1b-2bbc40871e24 as the min replicated index is 4. Deletion is not allowed in this container yet.
2019-10-28 11:34:51,723 [BlockDeletingService#2] WARN  background.BlockDeletingService (BlockDeletingService.java:isDeletionAllowed(187)) - Close Container log Index 6 is not replicated across allthe servers in the pipeline 673f7971-0954-4a65-9d1b-2bbc40871e24 as the min replicated index is 4. Deletion is not allowed in this container yet.
2019-10-28 11:34:51,794 [EventQueue-ContainerReportForContainerReportHandler] WARN  container.ContainerReportHandler (AbstractContainerReportHandler.java:updateContainerState(145)) - Container #1 is in OPEN state, but the datanode a4a68fdc-9c21-417a-8215-14845568ad90{ip: 192.168.164.193, host: pr-hdds-2292-97wmq-4261317731, networkLocation: /default-rack, certSerialId: null} reports an CLOSED replica.
2019-10-28 11:34:51,994 [EventQueue-ContainerReportForContainerReportHandler] WARN  container.ContainerReportHandler (AbstractContainerReportHandler.java:updateContainerState(145)) - Container #1 is in OPEN state, but the datanode a4a68fdc-9c21-417a-8215-14845568ad90{ip: 192.168.164.193, host: pr-hdds-2292-97wmq-4261317731, networkLocation: /default-rack, certSerialId: null} reports an CLOSED replica.
2019-10-28 11:34:51,994 [EventQueue-ContainerReportForContainerReportHandler] WARN  container.ContainerReportHandler (AbstractContainerReportHandler.java:updateContainerState(145)) - Container #1 is in OPEN state, but the datanode 5aa0106d-b151-48db-b175-21e2bb54d20a{ip: 192.168.164.193, host: pr-hdds-2292-97wmq-4261317731, networkLocation: /default-rack, certSerialId: null} reports an CLOSED replica.
2019-10-28 11:34:52,294 [EventQueue-ContainerReportForContainerReportHandler] WARN  container.ContainerReportHandler (AbstractContainerReportHandler.java:updateContainerState(145)) - Container #1 is in OPEN state, but the datanode a4a68fdc-9c21-417a-8215-14845568ad90{ip: 192.168.164.193, host: pr-hdds-2292-97wmq-4261317731, networkLocation: /default-rack, certSerialId: null} reports an CLOSED replica.
2019-10-28 11:34:52,396 [EventQueue-ContainerReportForContainerReportHandler] WARN  container.ContainerReportHandler (AbstractContainerReportHandler.java:updateContainerState(145)) - Container #1 is in OPEN state, but the datanode 5aa0106d-b151-48db-b175-21e2bb54d20a{ip: 192.168.164.193, host: pr-hdds-2292-97wmq-4261317731, networkLocation: /default-rack, certSerialId: null} reports an CLOSED replica.
2019-10-28 11:34:52,617 [java.util.concurrent.ThreadPoolExecutor$Worker@588db654[State = -1, empty queue]] WARN  server.GrpcLogAppender (GrpcLogAppender.java:timeoutAppendRequest(209)) - a4a68fdc-9c21-417a-8215-14845568ad90@group-2BBC40871E24->bb175ec5-5e98-4251-9728-8e1e745e4fa1-GrpcLogAppender: appendEntries Timeout, request=a4a68fdc-9c21-417a-8215-14845568ad90->bb175ec5-5e98-4251-9728-8e1e745e4fa1#45-t3, previous=(t:3, i:10), leaderCommit=10, initializing? false, entries: <empty>
2019-10-28 11:34:52,695 [EventQueue-ContainerReportForContainerReportHandler] WARN  container.ContainerReportHandler (AbstractContainerReportHandler.java:updateContainerState(145)) - Container #1 is in OPEN state, but the datanode a4a68fdc-9c21-417a-8215-14845568ad90{ip: 192.168.164.193, host: pr-hdds-2292-97wmq-4261317731, networkLocation: /default-rack, certSerialId: null} reports an CLOSED replica.
2019-10-28 11:34:52,696 [EventQueue-ContainerReportForContainerReportHandler] WARN  container.ContainerReportHandler (AbstractContainerReportHandler.java:updateContainerState(145)) - Container #1 is in OPEN state, but the datanode 5aa0106d-b151-48db-b175-21e2bb54d20a{ip: 192.168.164.193, host: pr-hdds-2292-97wmq-4261317731, networkLocation: /default-rack, certSerialId: null} reports an CLOSED replica.
2019-10-28 11:34:52,725 [BlockDeletingService#2] WARN  background.BlockDeletingService (BlockDeletingService.java:isDeletionAllowed(187)) - Close Container log Index 6 is not replicated across allthe servers in the pipeline 673f7971-0954-4a65-9d1b-2bbc40871e24 as the min replicated index is 4. Deletion is not allowed in this container yet.
2019-10-28 11:34:52,725 [BlockDeletingService#2] WARN  background.BlockDeletingService (BlockDeletingService.java:isDeletionAllowed(187)) - Close Container log Index 6 is not replicated across allthe servers in the pipeline 673f7971-0954-4a65-9d1b-2bbc40871e24 as the min replicated index is 4. Deletion is not allowed in this container yet.
2019-10-28 11:34:52,895 [EventQueue-ContainerReportForContainerReportHandler] WARN  container.ContainerReportHandler (AbstractContainerReportHandler.java:updateContainerState(145)) - Container #1 is in OPEN state, but the datanode 5aa0106d-b151-48db-b175-21e2bb54d20a{ip: 192.168.164.193, host: pr-hdds-2292-97wmq-4261317731, networkLocation: /default-rack, certSerialId: null} reports an CLOSED replica.
2019-10-28 11:34:53,096 [EventQueue-ContainerReportForContainerReportHandler] WARN  container.ContainerReportHandler (AbstractContainerReportHandler.java:updateContainerState(145)) - Container #1 is in OPEN state, but the datanode 5aa0106d-b151-48db-b175-21e2bb54d20a{ip: 192.168.164.193, host: pr-hdds-2292-97wmq-4261317731, networkLocation: /default-rack, certSerialId: null} reports an CLOSED replica.
2019-10-28 11:34:53,097 [EventQueue-ContainerReportForContainerReportHandler] WARN  container.ContainerReportHandler (AbstractContainerReportHandler.java:updateContainerState(145)) - Container #1 is in OPEN state, but the datanode a4a68fdc-9c21-417a-8215-14845568ad90{ip: 192.168.164.193, host: pr-hdds-2292-97wmq-4261317731, networkLocation: /default-rack, certSerialId: null} reports an CLOSED replica.
2019-10-28 11:34:53,296 [EventQueue-ContainerReportForContainerReportHandler] WARN  container.ContainerReportHandler (AbstractContainerReportHandler.java:updateContainerState(145)) - Container #1 is in OPEN state, but the datanode a4a68fdc-9c21-417a-8215-14845568ad90{ip: 192.168.164.193, host: pr-hdds-2292-97wmq-4261317731, networkLocation: /default-rack, certSerialId: null} reports an CLOSED replica.
2019-10-28 11:34:53,396 [EventQueue-ContainerReportForContainerReportHandler] WARN  container.ContainerReportHandler (AbstractContainerReportHandler.java:updateContainerState(145)) - Container #1 is in OPEN state, but the datanode 5aa0106d-b151-48db-b175-21e2bb54d20a{ip: 192.168.164.193, host: pr-hdds-2292-97wmq-4261317731, networkLocation: /default-rack, certSerialId: null} reports an CLOSED replica.
2019-10-28 11:34:53,595 [EventQueue-ContainerReportForContainerReportHandler] WARN  container.ContainerReportHandler (AbstractContainerReportHandler.java:updateContainerState(145)) - Container #1 is in OPEN state, but the datanode a4a68fdc-9c21-417a-8215-14845568ad90{ip: 192.168.164.193, host: pr-hdds-2292-97wmq-4261317731, networkLocation: /default-rack, certSerialId: null} reports an CLOSED replica.
2019-10-28 11:34:53,695 [EventQueue-ContainerReportForContainerReportHandler] WARN  container.ContainerReportHandler (AbstractContainerReportHandler.java:updateContainerState(145)) - Container #1 is in OPEN state, but the datanode 5aa0106d-b151-48db-b175-21e2bb54d20a{ip: 192.168.164.193, host: pr-hdds-2292-97wmq-4261317731, networkLocation: /default-rack, certSerialId: null} reports an CLOSED replica.
2019-10-28 11:34:53,728 [BlockDeletingService#2] WARN  background.BlockDeletingService (BlockDeletingService.java:isDeletionAllowed(187)) - Close Container log Index 6 is not replicated across allthe servers in the pipeline 673f7971-0954-4a65-9d1b-2bbc40871e24 as the min replicated index is 4. Deletion is not allowed in this container yet.
2019-10-28 11:34:53,728 [BlockDeletingService#2] WARN  background.BlockDeletingService (BlockDeletingService.java:isDeletionAllowed(187)) - Close Container log Index 6 is not replicated across allthe servers in the pipeline 673f7971-0954-4a65-9d1b-2bbc40871e24 as the min replicated index is 4. Deletion is not allowed in this container yet.
2019-10-28 11:34:53,895 [EventQueue-ContainerReportForContainerReportHandler] WARN  container.ContainerReportHandler (AbstractContainerReportHandler.java:updateContainerState(145)) - Container #1 is in OPEN state, but the datanode a4a68fdc-9c21-417a-8215-14845568ad90{ip: 192.168.164.193, host: pr-hdds-2292-97wmq-4261317731, networkLocation: /default-rack, certSerialId: null} reports an CLOSED replica.
2019-10-28 11:34:53,896 [EventQueue-ContainerReportForContainerReportHandler] WARN  container.ContainerReportHandler (AbstractContainerReportHandler.java:updateContainerState(145)) - Container #1 is in OPEN state, but the datanode 5aa0106d-b151-48db-b175-21e2bb54d20a{ip: 192.168.164.193, host: pr-hdds-2292-97wmq-4261317731, networkLocation: /default-rack, certSerialId: null} reports an CLOSED replica.
2019-10-28 11:34:54,196 [EventQueue-ContainerReportForContainerReportHandler] WARN  container.ContainerReportHandler (AbstractContainerReportHandler.java:updateContainerState(145)) - Container #1 is in OPEN state, but the datanode 5aa0106d-b151-48db-b175-21e2bb54d20a{ip: 192.168.164.193, host: pr-hdds-2292-97wmq-4261317731, networkLocation: /default-rack, certSerialId: null} reports an CLOSED replica.
2019-10-28 11:34:54,197 [EventQueue-ContainerReportForContainerReportHandler] WARN  container.ContainerReportHandler (AbstractContainerReportHandler.java:updateContainerState(145)) - Container #1 is in OPEN state, but the datanode a4a68fdc-9c21-417a-8215-14845568ad90{ip: 192.168.164.193, host: pr-hdds-2292-97wmq-4261317731, networkLocation: /default-rack, certSerialId: null} reports an CLOSED replica.
2019-10-28 11:34:54,495 [EventQueue-ContainerReportForContainerReportHandler] WARN  container.ContainerReportHandler (AbstractContainerReportHandler.java:updateContainerState(145)) - Container #1 is in OPEN state, but the datanode a4a68fdc-9c21-417a-8215-14845568ad90{ip: 192.168.164.193, host: pr-hdds-2292-97wmq-4261317731, networkLocation: /default-rack, certSerialId: null} reports an CLOSED replica.
2019-10-28 11:34:54,596 [EventQueue-ContainerReportForContainerReportHandler] WARN  container.ContainerReportHandler (AbstractContainerReportHandler.java:updateContainerState(145)) - Container #1 is in OPEN state, but the datanode 5aa0106d-b151-48db-b175-21e2bb54d20a{ip: 192.168.164.193, host: pr-hdds-2292-97wmq-4261317731, networkLocation: /default-rack, certSerialId: null} reports an CLOSED replica.
2019-10-28 11:34:54,695 [EventQueue-ContainerReportForContainerReportHandler] WARN  container.ContainerReportHandler (AbstractContainerReportHandler.java:updateContainerState(145)) - Container #1 is in OPEN state, but the datanode a4a68fdc-9c21-417a-8215-14845568ad90{ip: 192.168.164.193, host: pr-hdds-2292-97wmq-4261317731, networkLocation: /default-rack, certSerialId: null} reports an CLOSED replica.
2019-10-28 11:34:54,729 [BlockDeletingService#2] WARN  background.BlockDeletingService (BlockDeletingService.java:isDeletionAllowed(187)) - Close Container log Index 6 is not replicated across allthe servers in the pipeline 673f7971-0954-4a65-9d1b-2bbc40871e24 as the min replicated index is 4. Deletion is not allowed in this container yet.
2019-10-28 11:34:54,729 [BlockDeletingService#2] WARN  background.BlockDeletingService (BlockDeletingService.java:isDeletionAllowed(187)) - Close Container log Index 6 is not replicated across allthe servers in the pipeline 673f7971-0954-4a65-9d1b-2bbc40871e24 as the min replicated index is 4. Deletion is not allowed in this container yet.
2019-10-28 11:34:54,895 [EventQueue-ContainerReportForContainerReportHandler] WARN  container.ContainerReportHandler (AbstractContainerReportHandler.java:updateContainerState(145)) - Container #1 is in OPEN state, but the datanode 5aa0106d-b151-48db-b175-21e2bb54d20a{ip: 192.168.164.193, host: pr-hdds-2292-97wmq-4261317731, networkLocation: /default-rack, certSerialId: null} reports an CLOSED replica.
2019-10-28 11:34:54,896 [EventQueue-ContainerReportForContainerReportHandler] WARN  container.ContainerReportHandler (AbstractContainerReportHandler.java:updateContainerState(145)) - Container #1 is in OPEN state, but the datanode a4a68fdc-9c21-417a-8215-14845568ad90{ip: 192.168.164.193, host: pr-hdds-2292-97wmq-4261317731, networkLocation: /default-rack, certSerialId: null} reports an CLOSED replica.
2019-10-28 11:34:55,096 [EventQueue-ContainerReportForContainerReportHandler] WARN  container.ContainerReportHandler (AbstractContainerReportHandler.java:updateContainerState(145)) - Container #1 is in OPEN state, but the datanode 5aa0106d-b151-48db-b175-21e2bb54d20a{ip: 192.168.164.193, host: pr-hdds-2292-97wmq-4261317731, networkLocation: /default-rack, certSerialId: null} reports an CLOSED replica.
2019-10-28 11:34:55,096 [EventQueue-ContainerReportForContainerReportHandler] WARN  container.ContainerReportHandler (AbstractContainerReportHandler.java:updateContainerState(145)) - Container #1 is in OPEN state, but the datanode a4a68fdc-9c21-417a-8215-14845568ad90{ip: 192.168.164.193, host: pr-hdds-2292-97wmq-4261317731, networkLocation: /default-rack, certSerialId: null} reports an CLOSED replica.
2019-10-28 11:34:55,117 [java.util.concurrent.ThreadPoolExecutor$Worker@588db654[State = -1, empty queue]] WARN  server.GrpcLogAppender (GrpcLogAppender.java:timeoutAppendRequest(209)) - a4a68fdc-9c21-417a-8215-14845568ad90@group-2BBC40871E24->bb175ec5-5e98-4251-9728-8e1e745e4fa1-GrpcLogAppender: appendEntries Timeout, request=a4a68fdc-9c21-417a-8215-14845568ad90->bb175ec5-5e98-4251-9728-8e1e745e4fa1#46-t3, previous=(t:3, i:10), leaderCommit=10, initializing? false, entries: <empty>
2019-10-28 11:34:55,295 [EventQueue-ContainerReportForContainerReportHandler] WARN  container.ContainerReportHandler (AbstractContainerReportHandler.java:updateContainerState(145)) - Container #1 is in OPEN state, but the datanode 5aa0106d-b151-48db-b175-21e2bb54d20a{ip: 192.168.164.193, host: pr-hdds-2292-97wmq-4261317731, networkLocation: /default-rack, certSerialId: null} reports an CLOSED replica.
2019-10-28 11:34:55,495 [EventQueue-ContainerReportForContainerReportHandler] WARN  container.ContainerReportHandler (AbstractContainerReportHandler.java:updateContainerState(145)) - Container #1 is in OPEN state, but the datanode a4a68fdc-9c21-417a-8215-14845568ad90{ip: 192.168.164.193, host: pr-hdds-2292-97wmq-4261317731, networkLocation: /default-rack, certSerialId: null} reports an CLOSED replica.
2019-10-28 11:34:55,596 [EventQueue-ContainerReportForContainerReportHandler] WARN  container.ContainerReportHandler (AbstractContainerReportHandler.java:updateContainerState(145)) - Container #1 is in OPEN state, but the datanode 5aa0106d-b151-48db-b175-21e2bb54d20a{ip: 192.168.164.193, host: pr-hdds-2292-97wmq-4261317731, networkLocation: /default-rack, certSerialId: null} reports an CLOSED replica.
2019-10-28 11:34:55,696 [EventQueue-ContainerReportForContainerReportHandler] WARN  container.ContainerReportHandler (AbstractContainerReportHandler.java:updateContainerState(145)) - Container #1 is in OPEN state, but the datanode a4a68fdc-9c21-417a-8215-14845568ad90{ip: 192.168.164.193, host: pr-hdds-2292-97wmq-4261317731, networkLocation: /default-rack, certSerialId: null} reports an CLOSED replica.
2019-10-28 11:34:55,731 [BlockDeletingService#2] WARN  background.BlockDeletingService (BlockDeletingService.java:isDeletionAllowed(187)) - Close Container log Index 6 is not replicated across allthe servers in the pipeline 673f7971-0954-4a65-9d1b-2bbc40871e24 as the min replicated index is 4. Deletion is not allowed in this container yet.
2019-10-28 11:34:55,731 [BlockDeletingService#2] WARN  background.BlockDeletingService (BlockDeletingService.java:isDeletionAllowed(187)) - Close Container log Index 6 is not replicated across allthe servers in the pipeline 673f7971-0954-4a65-9d1b-2bbc40871e24 as the min replicated index is 4. Deletion is not allowed in this container yet.
2019-10-28 11:34:55,767 [Thread-516] INFO  client.GrpcClientProtocolService (GrpcClientProtocolService.java:lambda$processClientRequest$0(278)) - Failed RaftClientRequest:client-8D88133FDDEB->5aa0106d-b151-48db-b175-21e2bb54d20a@group-2BBC40871E24, cid=10, seq=0, Watch-ALL_COMMITTED(6), Message:<EMPTY>, reply=RaftClientReply:client-8D88133FDDEB->5aa0106d-b151-48db-b175-21e2bb54d20a@group-2BBC40871E24, cid=10, FAILED org.apache.ratis.protocol.NotLeaderException: Server 5aa0106d-b151-48db-b175-21e2bb54d20a@group-2BBC40871E24 is not the leader a4a68fdc-9c21-417a-8215-14845568ad90:192.168.164.193:36183, logIndex=0, commits[5aa0106d-b151-48db-b175-21e2bb54d20a:c10, a4a68fdc-9c21-417a-8215-14845568ad90:c10, bb175ec5-5e98-4251-9728-8e1e745e4fa1:c4]
2019-10-28 11:34:55,996 [EventQueue-ContainerReportForContainerReportHandler] WARN  container.ContainerReportHandler (AbstractContainerReportHandler.java:updateContainerState(145)) - Container #1 is in OPEN state, but the datanode 5aa0106d-b151-48db-b175-21e2bb54d20a{ip: 192.168.164.193, host: pr-hdds-2292-97wmq-4261317731, networkLocation: /default-rack, certSerialId: null} reports an CLOSED replica.
2019-10-28 11:34:55,997 [EventQueue-ContainerReportForContainerReportHandler] WARN  container.ContainerReportHandler (AbstractContainerReportHandler.java:updateContainerState(145)) - Container #1 is in OPEN state, but the datanode a4a68fdc-9c21-417a-8215-14845568ad90{ip: 192.168.164.193, host: pr-hdds-2292-97wmq-4261317731, networkLocation: /default-rack, certSerialId: null} reports an CLOSED replica.
2019-10-28 11:34:56,296 [EventQueue-ContainerReportForContainerReportHandler] WARN  container.ContainerReportHandler (AbstractContainerReportHandler.java:updateContainerState(145)) - Container #1 is in OPEN state, but the datanode a4a68fdc-9c21-417a-8215-14845568ad90{ip: 192.168.164.193, host: pr-hdds-2292-97wmq-4261317731, networkLocation: /default-rack, certSerialId: null} reports an CLOSED replica.
2019-10-28 11:34:56,397 [EventQueue-ContainerReportForContainerReportHandler] WARN  container.ContainerReportHandler (AbstractContainerReportHandler.java:updateContainerState(145)) - Container #1 is in OPEN state, but the datanode 5aa0106d-b151-48db-b175-21e2bb54d20a{ip: 192.168.164.193, host: pr-hdds-2292-97wmq-4261317731, networkLocation: /default-rack, certSerialId: null} reports an CLOSED replica.
2019-10-28 11:34:56,597 [EventQueue-ContainerReportForContainerReportHandler] WARN  container.ContainerReportHandler (AbstractContainerReportHandler.java:updateContainerState(145)) - Container #1 is in OPEN state, but the datanode 5aa0106d-b151-48db-b175-21e2bb54d20a{ip: 192.168.164.193, host: pr-hdds-2292-97wmq-4261317731, networkLocation: /default-rack, certSerialId: null} reports an CLOSED replica.
2019-10-28 11:34:56,683 [Thread-519] INFO  client.GrpcClientProtocolService (GrpcClientProtocolService.java:lambda$processClientRequest$0(278)) - Failed RaftClientRequest:client-8D88133FDDEB->a4a68fdc-9c21-417a-8215-14845568ad90@group-2BBC40871E24, cid=10, seq=0, Watch-ALL_COMMITTED(6), Message:<EMPTY>, reply=RaftClientReply:client-8D88133FDDEB->a4a68fdc-9c21-417a-8215-14845568ad90@group-2BBC40871E24, cid=10, FAILED org.apache.ratis.protocol.NotReplicatedException: Request with call Id 10 and log index 6 is not yet replicated to ALL_COMMITTED, logIndex=6, commits[a4a68fdc-9c21-417a-8215-14845568ad90:c10, 5aa0106d-b151-48db-b175-21e2bb54d20a:c10, bb175ec5-5e98-4251-9728-8e1e745e4fa1:c4]
2019-10-28 11:34:56,697 [EventQueue-ContainerReportForContainerReportHandler] WARN  container.ContainerReportHandler (AbstractContainerReportHandler.java:updateContainerState(145)) - Container #1 is in OPEN state, but the datanode a4a68fdc-9c21-417a-8215-14845568ad90{ip: 192.168.164.193, host: pr-hdds-2292-97wmq-4261317731, networkLocation: /default-rack, certSerialId: null} reports an CLOSED replica.
2019-10-28 11:34:56,733 [BlockDeletingService#2] WARN  background.BlockDeletingService (BlockDeletingService.java:isDeletionAllowed(187)) - Close Container log Index 6 is not replicated across allthe servers in the pipeline 673f7971-0954-4a65-9d1b-2bbc40871e24 as the min replicated index is 4. Deletion is not allowed in this container yet.
2019-10-28 11:34:56,734 [BlockDeletingService#2] WARN  background.BlockDeletingService (BlockDeletingService.java:isDeletionAllowed(187)) - Close Container log Index 6 is not replicated across allthe servers in the pipeline 673f7971-0954-4a65-9d1b-2bbc40871e24 as the min replicated index is 4. Deletion is not allowed in this container yet.
2019-10-28 11:34:56,897 [EventQueue-ContainerReportForContainerReportHandler] WARN  container.ContainerReportHandler (AbstractContainerReportHandler.java:updateContainerState(145)) - Container #1 is in OPEN state, but the datanode a4a68fdc-9c21-417a-8215-14845568ad90{ip: 192.168.164.193, host: pr-hdds-2292-97wmq-4261317731, networkLocation: /default-rack, certSerialId: null} reports an CLOSED replica.
2019-10-28 11:34:56,998 [EventQueue-ContainerReportForContainerReportHandler] WARN  container.ContainerReportHandler (AbstractContainerReportHandler.java:updateContainerState(145)) - Container #1 is in OPEN state, but the datanode 5aa0106d-b151-48db-b175-21e2bb54d20a{ip: 192.168.164.193, host: pr-hdds-2292-97wmq-4261317731, networkLocation: /default-rack, certSerialId: null} reports an CLOSED replica.
2019-10-28 11:34:57,297 [EventQueue-ContainerReportForContainerReportHandler] WARN  container.ContainerReportHandler (AbstractContainerReportHandler.java:updateContainerState(145)) - Container #1 is in OPEN state, but the datanode a4a68fdc-9c21-417a-8215-14845568ad90{ip: 192.168.164.193, host: pr-hdds-2292-97wmq-4261317731, networkLocation: /default-rack, certSerialId: null} reports an CLOSED replica.
2019-10-28 11:34:57,398 [EventQueue-ContainerReportForContainerReportHandler] WARN  container.ContainerReportHandler (AbstractContainerReportHandler.java:updateContainerState(145)) - Container #1 is in OPEN state, but the datanode 5aa0106d-b151-48db-b175-21e2bb54d20a{ip: 192.168.164.193, host: pr-hdds-2292-97wmq-4261317731, networkLocation: /default-rack, certSerialId: null} reports an CLOSED replica.
2019-10-28 11:34:57,599 [EventQueue-ContainerReportForContainerReportHandler] WARN  container.ContainerReportHandler (AbstractContainerReportHandler.java:updateContainerState(145)) - Container #1 is in OPEN state, but the datanode a4a68fdc-9c21-417a-8215-14845568ad90{ip: 192.168.164.193, host: pr-hdds-2292-97wmq-4261317731, networkLocation: /default-rack, certSerialId: null} reports an CLOSED replica.
2019-10-28 11:34:57,618 [java.util.concurrent.ThreadPoolExecutor$Worker@588db654[State = -1, empty queue]] WARN  server.GrpcLogAppender (GrpcLogAppender.java:timeoutAppendRequest(209)) - a4a68fdc-9c21-417a-8215-14845568ad90@group-2BBC40871E24->bb175ec5-5e98-4251-9728-8e1e745e4fa1-GrpcLogAppender: appendEntries Timeout, request=a4a68fdc-9c21-417a-8215-14845568ad90->bb175ec5-5e98-4251-9728-8e1e745e4fa1#47-t3, previous=(t:3, i:10), leaderCommit=10, initializing? false, entries: <empty>
2019-10-28 11:34:57,699 [EventQueue-ContainerReportForContainerReportHandler] WARN  container.ContainerReportHandler (AbstractContainerReportHandler.java:updateContainerState(145)) - Container #1 is in OPEN state, but the datanode 5aa0106d-b151-48db-b175-21e2bb54d20a{ip: 192.168.164.193, host: pr-hdds-2292-97wmq-4261317731, networkLocation: /default-rack, certSerialId: null} reports an CLOSED replica.
2019-10-28 11:34:57,737 [BlockDeletingService#2] WARN  background.BlockDeletingService (BlockDeletingService.java:isDeletionAllowed(187)) - Close Container log Index 6 is not replicated across allthe servers in the pipeline 673f7971-0954-4a65-9d1b-2bbc40871e24 as the min replicated index is 4. Deletion is not allowed in this container yet.
2019-10-28 11:34:57,737 [BlockDeletingService#2] WARN  background.BlockDeletingService (BlockDeletingService.java:isDeletionAllowed(187)) - Close Container log Index 6 is not replicated across allthe servers in the pipeline 673f7971-0954-4a65-9d1b-2bbc40871e24 as the min replicated index is 4. Deletion is not allowed in this container yet.
2019-10-28 11:34:57,799 [EventQueue-ContainerReportForContainerReportHandler] WARN  container.ContainerReportHandler (AbstractContainerReportHandler.java:updateContainerState(145)) - Container #1 is in OPEN state, but the datanode a4a68fdc-9c21-417a-8215-14845568ad90{ip: 192.168.164.193, host: pr-hdds-2292-97wmq-4261317731, networkLocation: /default-rack, certSerialId: null} reports an CLOSED replica.
2019-10-28 11:34:57,900 [EventQueue-ContainerReportForContainerReportHandler] WARN  container.ContainerReportHandler (AbstractContainerReportHandler.java:updateContainerState(145)) - Container #1 is in OPEN state, but the datanode 5aa0106d-b151-48db-b175-21e2bb54d20a{ip: 192.168.164.193, host: pr-hdds-2292-97wmq-4261317731, networkLocation: /default-rack, certSerialId: null} reports an CLOSED replica.
2019-10-28 11:34:58,098 [EventQueue-ContainerReportForContainerReportHandler] WARN  container.ContainerReportHandler (AbstractContainerReportHandler.java:updateContainerState(145)) - Container #1 is in OPEN state, but the datanode a4a68fdc-9c21-417a-8215-14845568ad90{ip: 192.168.164.193, host: pr-hdds-2292-97wmq-4261317731, networkLocation: /default-rack, certSerialId: null} reports an CLOSED replica.
2019-10-28 11:34:58,199 [EventQueue-ContainerReportForContainerReportHandler] WARN  container.ContainerReportHandler (AbstractContainerReportHandler.java:updateContainerState(145)) - Container #1 is in OPEN state, but the datanode 5aa0106d-b151-48db-b175-21e2bb54d20a{ip: 192.168.164.193, host: pr-hdds-2292-97wmq-4261317731, networkLocation: /default-rack, certSerialId: null} reports an CLOSED replica.
2019-10-28 11:34:58,399 [EventQueue-ContainerReportForContainerReportHandler] WARN  container.ContainerReportHandler (AbstractContainerReportHandler.java:updateContainerState(145)) - Container #1 is in OPEN state, but the datanode a4a68fdc-9c21-417a-8215-14845568ad90{ip: 192.168.164.193, host: pr-hdds-2292-97wmq-4261317731, networkLocation: /default-rack, certSerialId: null} reports an CLOSED replica.
2019-10-28 11:34:58,600 [EventQueue-ContainerReportForContainerReportHandler] WARN  container.ContainerReportHandler (AbstractContainerReportHandler.java:updateContainerState(145)) - Container #1 is in OPEN state, but the datanode 5aa0106d-b151-48db-b175-21e2bb54d20a{ip: 192.168.164.193, host: pr-hdds-2292-97wmq-4261317731, networkLocation: /default-rack, certSerialId: null} reports an CLOSED replica.
2019-10-28 11:34:58,698 [EventQueue-ContainerReportForContainerReportHandler] WARN  container.ContainerReportHandler (AbstractContainerReportHandler.java:updateContainerState(145)) - Container #1 is in OPEN state, but the datanode a4a68fdc-9c21-417a-8215-14845568ad90{ip: 192.168.164.193, host: pr-hdds-2292-97wmq-4261317731, networkLocation: /default-rack, certSerialId: null} reports an CLOSED replica.
2019-10-28 11:34:58,739 [BlockDeletingService#2] WARN  background.BlockDeletingService (BlockDeletingService.java:isDeletionAllowed(187)) - Close Container log Index 6 is not replicated across allthe servers in the pipeline 673f7971-0954-4a65-9d1b-2bbc40871e24 as the min replicated index is 4. Deletion is not allowed in this container yet.
2019-10-28 11:34:58,739 [BlockDeletingService#2] WARN  background.BlockDeletingService (BlockDeletingService.java:isDeletionAllowed(187)) - Close Container log Index 6 is not replicated across allthe servers in the pipeline 673f7971-0954-4a65-9d1b-2bbc40871e24 as the min replicated index is 4. Deletion is not allowed in this container yet.
2019-10-28 11:34:58,899 [EventQueue-ContainerReportForContainerReportHandler] WARN  container.ContainerReportHandler (AbstractContainerReportHandler.java:updateContainerState(145)) - Container #1 is in OPEN state, but the datanode a4a68fdc-9c21-417a-8215-14845568ad90{ip: 192.168.164.193, host: pr-hdds-2292-97wmq-4261317731, networkLocation: /default-rack, certSerialId: null} reports an CLOSED replica.
2019-10-28 11:34:58,901 [EventQueue-ContainerReportForContainerReportHandler] WARN  container.ContainerReportHandler (AbstractContainerReportHandler.java:updateContainerState(145)) - Container #1 is in OPEN state, but the datanode 5aa0106d-b151-48db-b175-21e2bb54d20a{ip: 192.168.164.193, host: pr-hdds-2292-97wmq-4261317731, networkLocation: /default-rack, certSerialId: null} reports an CLOSED replica.
2019-10-28 11:34:59,199 [EventQueue-ContainerReportForContainerReportHandler] WARN  container.ContainerReportHandler (AbstractContainerReportHandler.java:updateContainerState(145)) - Container #1 is in OPEN state, but the datanode a4a68fdc-9c21-417a-8215-14845568ad90{ip: 192.168.164.193, host: pr-hdds-2292-97wmq-4261317731, networkLocation: /default-rack, certSerialId: null} reports an CLOSED replica.
2019-10-28 11:34:59,301 [EventQueue-ContainerReportForContainerReportHandler] WARN  container.ContainerReportHandler (AbstractContainerReportHandler.java:updateContainerState(145)) - Container #1 is in OPEN state, but the datanode 5aa0106d-b151-48db-b175-21e2bb54d20a{ip: 192.168.164.193, host: pr-hdds-2292-97wmq-4261317731, networkLocation: /default-rack, certSerialId: null} reports an CLOSED replica.
2019-10-28 11:34:59,599 [EventQueue-ContainerReportForContainerReportHandler] WARN  container.ContainerReportHandler (AbstractContainerReportHandler.java:updateContainerState(145)) - Container #1 is in OPEN state, but the datanode a4a68fdc-9c21-417a-8215-14845568ad90{ip: 192.168.164.193, host: pr-hdds-2292-97wmq-4261317731, networkLocation: /default-rack, certSerialId: null} reports an CLOSED replica.
2019-10-28 11:34:59,601 [EventQueue-ContainerReportForContainerReportHandler] WARN  container.ContainerReportHandler (AbstractContainerReportHandler.java:updateContainerState(145)) - Container #1 is in OPEN state, but the datanode 5aa0106d-b151-48db-b175-21e2bb54d20a{ip: 192.168.164.193, host: pr-hdds-2292-97wmq-4261317731, networkLocation: /default-rack, certSerialId: null} reports an CLOSED replica.
2019-10-28 11:34:59,741 [BlockDeletingService#2] WARN  background.BlockDeletingService (BlockDeletingService.java:isDeletionAllowed(187)) - Close Container log Index 6 is not replicated across allthe servers in the pipeline 673f7971-0954-4a65-9d1b-2bbc40871e24 as the min replicated index is 4. Deletion is not allowed in this container yet.
2019-10-28 11:34:59,741 [BlockDeletingService#2] WARN  background.BlockDeletingService (BlockDeletingService.java:isDeletionAllowed(187)) - Close Container log Index 6 is not replicated across allthe servers in the pipeline 673f7971-0954-4a65-9d1b-2bbc40871e24 as the min replicated index is 4. Deletion is not allowed in this container yet.
2019-10-28 11:34:59,800 [EventQueue-ContainerReportForContainerReportHandler] WARN  container.ContainerReportHandler (AbstractContainerReportHandler.java:updateContainerState(145)) - Container #1 is in OPEN state, but the datanode a4a68fdc-9c21-417a-8215-14845568ad90{ip: 192.168.164.193, host: pr-hdds-2292-97wmq-4261317731, networkLocation: /default-rack, certSerialId: null} reports an CLOSED replica.
2019-10-28 11:34:59,902 [EventQueue-ContainerReportForContainerReportHandler] WARN  container.ContainerReportHandler (AbstractContainerReportHandler.java:updateContainerState(145)) - Container #1 is in OPEN state, but the datanode 5aa0106d-b151-48db-b175-21e2bb54d20a{ip: 192.168.164.193, host: pr-hdds-2292-97wmq-4261317731, networkLocation: /default-rack, certSerialId: null} reports an CLOSED replica.
2019-10-28 11:35:00,100 [EventQueue-ContainerReportForContainerReportHandler] WARN  container.ContainerReportHandler (AbstractContainerReportHandler.java:updateContainerState(145)) - Container #1 is in OPEN state, but the datanode a4a68fdc-9c21-417a-8215-14845568ad90{ip: 192.168.164.193, host: pr-hdds-2292-97wmq-4261317731, networkLocation: /default-rack, certSerialId: null} reports an CLOSED replica.
2019-10-28 11:35:00,120 [java.util.concurrent.ThreadPoolExecutor$Worker@588db654[State = -1, empty queue]] WARN  server.GrpcLogAppender (GrpcLogAppender.java:timeoutAppendRequest(209)) - a4a68fdc-9c21-417a-8215-14845568ad90@group-2BBC40871E24->bb175ec5-5e98-4251-9728-8e1e745e4fa1-GrpcLogAppender: appendEntries Timeout, request=a4a68fdc-9c21-417a-8215-14845568ad90->bb175ec5-5e98-4251-9728-8e1e745e4fa1#48-t3, previous=(t:3, i:10), leaderCommit=10, initializing? false, entries: <empty>
2019-10-28 11:35:00,203 [EventQueue-ContainerReportForContainerReportHandler] WARN  container.ContainerReportHandler (AbstractContainerReportHandler.java:updateContainerState(145)) - Container #1 is in OPEN state, but the datanode 5aa0106d-b151-48db-b175-21e2bb54d20a{ip: 192.168.164.193, host: pr-hdds-2292-97wmq-4261317731, networkLocation: /default-rack, certSerialId: null} reports an CLOSED replica.
2019-10-28 11:35:00,501 [EventQueue-ContainerReportForContainerReportHandler] WARN  container.ContainerReportHandler (AbstractContainerReportHandler.java:updateContainerState(145)) - Container #1 is in OPEN state, but the datanode a4a68fdc-9c21-417a-8215-14845568ad90{ip: 192.168.164.193, host: pr-hdds-2292-97wmq-4261317731, networkLocation: /default-rack, certSerialId: null} reports an CLOSED replica.
2019-10-28 11:35:00,505 [EventQueue-ContainerReportForContainerReportHandler] WARN  container.ContainerReportHandler (AbstractContainerReportHandler.java:updateContainerState(145)) - Container #1 is in OPEN state, but the datanode 5aa0106d-b151-48db-b175-21e2bb54d20a{ip: 192.168.164.193, host: pr-hdds-2292-97wmq-4261317731, networkLocation: /default-rack, certSerialId: null} reports an CLOSED replica.
2019-10-28 11:35:00,700 [EventQueue-ContainerReportForContainerReportHandler] WARN  container.ContainerReportHandler (AbstractContainerReportHandler.java:updateContainerState(145)) - Container #1 is in OPEN state, but the datanode a4a68fdc-9c21-417a-8215-14845568ad90{ip: 192.168.164.193, host: pr-hdds-2292-97wmq-4261317731, networkLocation: /default-rack, certSerialId: null} reports an CLOSED replica.
2019-10-28 11:35:00,704 [EventQueue-ContainerReportForContainerReportHandler] WARN  container.ContainerReportHandler (AbstractContainerReportHandler.java:updateContainerState(145)) - Container #1 is in OPEN state, but the datanode 5aa0106d-b151-48db-b175-21e2bb54d20a{ip: 192.168.164.193, host: pr-hdds-2292-97wmq-4261317731, networkLocation: /default-rack, certSerialId: null} reports an CLOSED replica.
2019-10-28 11:35:00,744 [BlockDeletingService#2] WARN  background.BlockDeletingService (BlockDeletingService.java:isDeletionAllowed(187)) - Close Container log Index 6 is not replicated across allthe servers in the pipeline 673f7971-0954-4a65-9d1b-2bbc40871e24 as the min replicated index is 4. Deletion is not allowed in this container yet.
2019-10-28 11:35:00,744 [BlockDeletingService#2] WARN  background.BlockDeletingService (BlockDeletingService.java:isDeletionAllowed(187)) - Close Container log Index 6 is not replicated across allthe servers in the pipeline 673f7971-0954-4a65-9d1b-2bbc40871e24 as the min replicated index is 4. Deletion is not allowed in this container yet.
2019-10-28 11:35:01,099 [EventQueue-ContainerReportForContainerReportHandler] WARN  container.ContainerReportHandler (AbstractContainerReportHandler.java:updateContainerState(145)) - Container #1 is in OPEN state, but the datanode a4a68fdc-9c21-417a-8215-14845568ad90{ip: 192.168.164.193, host: pr-hdds-2292-97wmq-4261317731, networkLocation: /default-rack, certSerialId: null} reports an CLOSED replica.
2019-10-28 11:35:01,104 [EventQueue-ContainerReportForContainerReportHandler] WARN  container.ContainerReportHandler (AbstractContainerReportHandler.java:updateContainerState(145)) - Container #1 is in OPEN state, but the datanode 5aa0106d-b151-48db-b175-21e2bb54d20a{ip: 192.168.164.193, host: pr-hdds-2292-97wmq-4261317731, networkLocation: /default-rack, certSerialId: null} reports an CLOSED replica.
2019-10-28 11:35:01,305 [EventQueue-ContainerReportForContainerReportHandler] WARN  container.ContainerReportHandler (AbstractContainerReportHandler.java:updateContainerState(145)) - Container #1 is in OPEN state, but the datanode 5aa0106d-b151-48db-b175-21e2bb54d20a{ip: 192.168.164.193, host: pr-hdds-2292-97wmq-4261317731, networkLocation: /default-rack, certSerialId: null} reports an CLOSED replica.
2019-10-28 11:35:01,499 [EventQueue-ContainerReportForContainerReportHandler] WARN  container.ContainerReportHandler (AbstractContainerReportHandler.java:updateContainerState(145)) - Container #1 is in OPEN state, but the datanode a4a68fdc-9c21-417a-8215-14845568ad90{ip: 192.168.164.193, host: pr-hdds-2292-97wmq-4261317731, networkLocation: /default-rack, certSerialId: null} reports an CLOSED replica.
2019-10-28 11:35:01,699 [EventQueue-ContainerReportForContainerReportHandler] WARN  container.ContainerReportHandler (AbstractContainerReportHandler.java:updateContainerState(145)) - Container #1 is in OPEN state, but the datanode a4a68fdc-9c21-417a-8215-14845568ad90{ip: 192.168.164.193, host: pr-hdds-2292-97wmq-4261317731, networkLocation: /default-rack, certSerialId: null} reports an CLOSED replica.
2019-10-28 11:35:01,705 [EventQueue-ContainerReportForContainerReportHandler] WARN  container.ContainerReportHandler (AbstractContainerReportHandler.java:updateContainerState(145)) - Container #1 is in OPEN state, but the datanode 5aa0106d-b151-48db-b175-21e2bb54d20a{ip: 192.168.164.193, host: pr-hdds-2292-97wmq-4261317731, networkLocation: /default-rack, certSerialId: null} reports an CLOSED replica.
2019-10-28 11:35:01,745 [BlockDeletingService#2] WARN  background.BlockDeletingService (BlockDeletingService.java:isDeletionAllowed(187)) - Close Container log Index 6 is not replicated across allthe servers in the pipeline 673f7971-0954-4a65-9d1b-2bbc40871e24 as the min replicated index is 4. Deletion is not allowed in this container yet.
2019-10-28 11:35:01,746 [BlockDeletingService#2] WARN  background.BlockDeletingService (BlockDeletingService.java:isDeletionAllowed(187)) - Close Container log Index 6 is not replicated across allthe servers in the pipeline 673f7971-0954-4a65-9d1b-2bbc40871e24 as the min replicated index is 4. Deletion is not allowed in this container yet.
2019-10-28 11:35:01,904 [EventQueue-ContainerReportForContainerReportHandler] WARN  container.ContainerReportHandler (AbstractContainerReportHandler.java:updateContainerState(145)) - Container #1 is in OPEN state, but the datanode 5aa0106d-b151-48db-b175-21e2bb54d20a{ip: 192.168.164.193, host: pr-hdds-2292-97wmq-4261317731, networkLocation: /default-rack, certSerialId: null} reports an CLOSED replica.
2019-10-28 11:35:02,100 [EventQueue-ContainerReportForContainerReportHandler] WARN  container.ContainerReportHandler (AbstractContainerReportHandler.java:updateContainerState(145)) - Container #1 is in OPEN state, but the datanode a4a68fdc-9c21-417a-8215-14845568ad90{ip: 192.168.164.193, host: pr-hdds-2292-97wmq-4261317731, networkLocation: /default-rack, certSerialId: null} reports an CLOSED replica.
2019-10-28 11:35:02,205 [EventQueue-ContainerReportForContainerReportHandler] WARN  container.ContainerReportHandler (AbstractContainerReportHandler.java:updateContainerState(145)) - Container #1 is in OPEN state, but the datanode 5aa0106d-b151-48db-b175-21e2bb54d20a{ip: 192.168.164.193, host: pr-hdds-2292-97wmq-4261317731, networkLocation: /default-rack, certSerialId: null} reports an CLOSED replica.
2019-10-28 11:35:02,400 [EventQueue-ContainerReportForContainerReportHandler] WARN  container.ContainerReportHandler (AbstractContainerReportHandler.java:updateContainerState(145)) - Container #1 is in OPEN state, but the datanode a4a68fdc-9c21-417a-8215-14845568ad90{ip: 192.168.164.193, host: pr-hdds-2292-97wmq-4261317731, networkLocation: /default-rack, certSerialId: null} reports an CLOSED replica.
2019-10-28 11:35:02,505 [EventQueue-ContainerReportForContainerReportHandler] WARN  container.ContainerReportHandler (AbstractContainerReportHandler.java:updateContainerState(145)) - Container #1 is in OPEN state, but the datanode 5aa0106d-b151-48db-b175-21e2bb54d20a{ip: 192.168.164.193, host: pr-hdds-2292-97wmq-4261317731, networkLocation: /default-rack, certSerialId: null} reports an CLOSED replica.
2019-10-28 11:35:02,622 [java.util.concurrent.ThreadPoolExecutor$Worker@588db654[State = -1, empty queue]] WARN  server.GrpcLogAppender (GrpcLogAppender.java:timeoutAppendRequest(209)) - a4a68fdc-9c21-417a-8215-14845568ad90@group-2BBC40871E24->bb175ec5-5e98-4251-9728-8e1e745e4fa1-GrpcLogAppender: appendEntries Timeout, request=a4a68fdc-9c21-417a-8215-14845568ad90->bb175ec5-5e98-4251-9728-8e1e745e4fa1#49-t3, previous=(t:3, i:10), leaderCommit=10, initializing? false, entries: <empty>
2019-10-28 11:35:02,700 [EventQueue-ContainerReportForContainerReportHandler] WARN  container.ContainerReportHandler (AbstractContainerReportHandler.java:updateContainerState(145)) - Container #1 is in OPEN state, but the datanode a4a68fdc-9c21-417a-8215-14845568ad90{ip: 192.168.164.193, host: pr-hdds-2292-97wmq-4261317731, networkLocation: /default-rack, certSerialId: null} reports an CLOSED replica.
2019-10-28 11:35:02,747 [BlockDeletingService#2] WARN  background.BlockDeletingService (BlockDeletingService.java:isDeletionAllowed(187)) - Close Container log Index 6 is not replicated across allthe servers in the pipeline 673f7971-0954-4a65-9d1b-2bbc40871e24 as the min replicated index is 4. Deletion is not allowed in this container yet.
2019-10-28 11:35:02,747 [BlockDeletingService#2] WARN  background.BlockDeletingService (BlockDeletingService.java:isDeletionAllowed(187)) - Close Container log Index 6 is not replicated across allthe servers in the pipeline 673f7971-0954-4a65-9d1b-2bbc40871e24 as the min replicated index is 4. Deletion is not allowed in this container yet.
2019-10-28 11:35:02,805 [EventQueue-ContainerReportForContainerReportHandler] WARN  container.ContainerReportHandler (AbstractContainerReportHandler.java:updateContainerState(145)) - Container #1 is in OPEN state, but the datanode 5aa0106d-b151-48db-b175-21e2bb54d20a{ip: 192.168.164.193, host: pr-hdds-2292-97wmq-4261317731, networkLocation: /default-rack, certSerialId: null} reports an CLOSED replica.
2019-10-28 11:35:02,901 [EventQueue-ContainerReportForContainerReportHandler] WARN  container.ContainerReportHandler (AbstractContainerReportHandler.java:updateContainerState(145)) - Container #1 is in OPEN state, but the datanode a4a68fdc-9c21-417a-8215-14845568ad90{ip: 192.168.164.193, host: pr-hdds-2292-97wmq-4261317731, networkLocation: /default-rack, certSerialId: null} reports an CLOSED replica.
2019-10-28 11:35:03,124 [EventQueue-ContainerReportForContainerReportHandler] WARN  container.ContainerReportHandler (AbstractContainerReportHandler.java:updateContainerState(145)) - Container #1 is in OPEN state, but the datanode a4a68fdc-9c21-417a-8215-14845568ad90{ip: 192.168.164.193, host: pr-hdds-2292-97wmq-4261317731, networkLocation: /default-rack, certSerialId: null} reports an CLOSED replica.
2019-10-28 11:35:03,205 [EventQueue-ContainerReportForContainerReportHandler] WARN  container.ContainerReportHandler (AbstractContainerReportHandler.java:updateContainerState(145)) - Container #1 is in OPEN state, but the datanode 5aa0106d-b151-48db-b175-21e2bb54d20a{ip: 192.168.164.193, host: pr-hdds-2292-97wmq-4261317731, networkLocation: /default-rack, certSerialId: null} reports an CLOSED replica.
2019-10-28 11:35:03,307 [EventQueue-StaleNodeForStaleNodeHandler] INFO  node.StaleNodeHandler (StaleNodeHandler.java:onMessage(58)) - Datanode bb175ec5-5e98-4251-9728-8e1e745e4fa1{ip: 192.168.164.193, host: pr-hdds-2292-97wmq-4261317731, networkLocation: /default-rack, certSerialId: null} moved to stale state. Finalizing its pipelines [PipelineID=547eaa47-286e-494b-bdcd-f43d1284476b, PipelineID=673f7971-0954-4a65-9d1b-2bbc40871e24]
2019-10-28 11:35:03,307 [EventQueue-StaleNodeForStaleNodeHandler] INFO  pipeline.SCMPipelineManager (SCMPipelineManager.java:finalizeAndDestroyPipeline(315)) - destroying pipeline:Pipeline[ Id: 547eaa47-286e-494b-bdcd-f43d1284476b, Nodes: bb175ec5-5e98-4251-9728-8e1e745e4fa1{ip: 192.168.164.193, host: pr-hdds-2292-97wmq-4261317731, networkLocation: /default-rack, certSerialId: null}, Type:RATIS, Factor:ONE, State:OPEN]
2019-10-28 11:35:03,309 [EventQueue-StaleNodeForStaleNodeHandler] INFO  pipeline.PipelineStateManager (PipelineStateManager.java:finalizePipeline(123)) - Pipeline Pipeline[ Id: 547eaa47-286e-494b-bdcd-f43d1284476b, Nodes: bb175ec5-5e98-4251-9728-8e1e745e4fa1{ip: 192.168.164.193, host: pr-hdds-2292-97wmq-4261317731, networkLocation: /default-rack, certSerialId: null}, Type:RATIS, Factor:ONE, State:CLOSED] moved to CLOSED state
2019-10-28 11:35:03,310 [EventQueue-StaleNodeForStaleNodeHandler] INFO  pipeline.SCMPipelineManager (SCMPipelineManager.java:finalizeAndDestroyPipeline(315)) - destroying pipeline:Pipeline[ Id: 673f7971-0954-4a65-9d1b-2bbc40871e24, Nodes: bb175ec5-5e98-4251-9728-8e1e745e4fa1{ip: 192.168.164.193, host: pr-hdds-2292-97wmq-4261317731, networkLocation: /default-rack, certSerialId: null}a4a68fdc-9c21-417a-8215-14845568ad90{ip: 192.168.164.193, host: pr-hdds-2292-97wmq-4261317731, networkLocation: /default-rack, certSerialId: null}5aa0106d-b151-48db-b175-21e2bb54d20a{ip: 192.168.164.193, host: pr-hdds-2292-97wmq-4261317731, networkLocation: /default-rack, certSerialId: null}, Type:RATIS, Factor:THREE, State:OPEN]
2019-10-28 11:35:03,311 [EventQueue-StaleNodeForStaleNodeHandler] INFO  pipeline.PipelineStateManager (PipelineStateManager.java:finalizePipeline(123)) - Pipeline Pipeline[ Id: 673f7971-0954-4a65-9d1b-2bbc40871e24, Nodes: bb175ec5-5e98-4251-9728-8e1e745e4fa1{ip: 192.168.164.193, host: pr-hdds-2292-97wmq-4261317731, networkLocation: /default-rack, certSerialId: null}a4a68fdc-9c21-417a-8215-14845568ad90{ip: 192.168.164.193, host: pr-hdds-2292-97wmq-4261317731, networkLocation: /default-rack, certSerialId: null}5aa0106d-b151-48db-b175-21e2bb54d20a{ip: 192.168.164.193, host: pr-hdds-2292-97wmq-4261317731, networkLocation: /default-rack, certSerialId: null}, Type:RATIS, Factor:THREE, State:CLOSED] moved to CLOSED state
2019-10-28 11:35:03,311 [EventQueue-CloseContainerForCloseContainerEventHandler] INFO  container.CloseContainerEventHandler (CloseContainerEventHandler.java:onMessage(61)) - Close container Event triggered for container : #1
2019-10-28 11:35:03,501 [EventQueue-ContainerReportForContainerReportHandler] INFO  container.ContainerReportHandler (AbstractContainerReportHandler.java:updateContainerState(178)) - Moving container #1 to CLOSED state, datanode a4a68fdc-9c21-417a-8215-14845568ad90{ip: 192.168.164.193, host: pr-hdds-2292-97wmq-4261317731, networkLocation: /default-rack, certSerialId: null} reported CLOSED replica.
2019-10-28 11:35:03,750 [BlockDeletingService#2] WARN  background.BlockDeletingService (BlockDeletingService.java:isDeletionAllowed(187)) - Close Container log Index 6 is not replicated across allthe servers in the pipeline 673f7971-0954-4a65-9d1b-2bbc40871e24 as the min replicated index is 4. Deletion is not allowed in this container yet.
2019-10-28 11:35:03,750 [BlockDeletingService#2] WARN  background.BlockDeletingService (BlockDeletingService.java:isDeletionAllowed(187)) - Close Container log Index 6 is not replicated across allthe servers in the pipeline 673f7971-0954-4a65-9d1b-2bbc40871e24 as the min replicated index is 4. Deletion is not allowed in this container yet.
2019-10-28 11:35:04,438 [SCMBlockDeletingService#0] INFO  block.SCMBlockDeletingService (SCMBlockDeletingService.java:call(184)) - Totally added 3 delete blocks command for 3 datanodes, task elapsed time: 8ms
2019-10-28 11:35:04,605 [EventQueue-PendingDeleteStatusForPendingDeleteHandler] INFO  block.SCMBlockDeletingService (SCMBlockDeletingService.java:handlePendingDeletes(115)) - Block deletion txnID mismatch in datanode a4a68fdc-9c21-417a-8215-14845568ad90 for containerID 1. Datanode delete txnID: 0, SCM txnID: 1
2019-10-28 11:35:04,606 [EventQueue-PendingDeleteStatusForPendingDeleteHandler] INFO  block.SCMBlockDeletingService (SCMBlockDeletingService.java:handlePendingDeletes(115)) - Block deletion txnID mismatch in datanode 5aa0106d-b151-48db-b175-21e2bb54d20a for containerID 1. Datanode delete txnID: 0, SCM txnID: 1
2019-10-28 11:35:04,707 [Command processor thread] INFO  commandhandler.DeleteBlocksCommandHandler (DeleteBlocksCommandHandler.java:handle(106)) - Start to delete container blocks, TXIDs=[1(0)], numOfContainers=1, numOfBlocks=1
2019-10-28 11:35:04,752 [BlockDeletingService#2] WARN  background.BlockDeletingService (BlockDeletingService.java:isDeletionAllowed(187)) - Close Container log Index 6 is not replicated across allthe servers in the pipeline 673f7971-0954-4a65-9d1b-2bbc40871e24 as the min replicated index is 4. Deletion is not allowed in this container yet.
2019-10-28 11:35:04,752 [BlockDeletingService#2] WARN  background.BlockDeletingService (BlockDeletingService.java:isDeletionAllowed(187)) - Close Container log Index 6 is not replicated across allthe servers in the pipeline 673f7971-0954-4a65-9d1b-2bbc40871e24 as the min replicated index is 4. Deletion is not allowed in this container yet.
2019-10-28 11:35:04,796 [Thread-550] INFO  client.GrpcClientProtocolService (GrpcClientProtocolService.java:lambda$processClientRequest$0(278)) - Failed RaftClientRequest:client-8D88133FDDEB->5aa0106d-b151-48db-b175-21e2bb54d20a@group-2BBC40871E24, cid=10, seq=0, Watch-ALL_COMMITTED(6), Message:<EMPTY>, reply=RaftClientReply:client-8D88133FDDEB->5aa0106d-b151-48db-b175-21e2bb54d20a@group-2BBC40871E24, cid=10, FAILED org.apache.ratis.protocol.NotLeaderException: Server 5aa0106d-b151-48db-b175-21e2bb54d20a@group-2BBC40871E24 is not the leader a4a68fdc-9c21-417a-8215-14845568ad90:192.168.164.193:36183, logIndex=0, commits[5aa0106d-b151-48db-b175-21e2bb54d20a:c10, a4a68fdc-9c21-417a-8215-14845568ad90:c10, bb175ec5-5e98-4251-9728-8e1e745e4fa1:c4]
2019-10-28 11:35:04,904 [EventQueue-PendingDeleteStatusForPendingDeleteHandler] INFO  block.SCMBlockDeletingService (SCMBlockDeletingService.java:handlePendingDeletes(115)) - Block deletion txnID mismatch in datanode a4a68fdc-9c21-417a-8215-14845568ad90 for containerID 1. Datanode delete txnID: 0, SCM txnID: 1
2019-10-28 11:35:05,104 [EventQueue-PendingDeleteStatusForPendingDeleteHandler] INFO  block.SCMBlockDeletingService (SCMBlockDeletingService.java:handlePendingDeletes(115)) - Block deletion txnID mismatch in datanode a4a68fdc-9c21-417a-8215-14845568ad90 for containerID 1. Datanode delete txnID: 0, SCM txnID: 1
2019-10-28 11:35:05,124 [java.util.concurrent.ThreadPoolExecutor$Worker@588db654[State = -1, empty queue]] WARN  server.GrpcLogAppender (GrpcLogAppender.java:timeoutAppendRequest(209)) - a4a68fdc-9c21-417a-8215-14845568ad90@group-2BBC40871E24->bb175ec5-5e98-4251-9728-8e1e745e4fa1-GrpcLogAppender: appendEntries Timeout, request=a4a68fdc-9c21-417a-8215-14845568ad90->bb175ec5-5e98-4251-9728-8e1e745e4fa1#50-t3, previous=(t:3, i:10), leaderCommit=10, initializing? false, entries: <empty>
2019-10-28 11:35:05,403 [Command processor thread] INFO  commandhandler.DeleteBlocksCommandHandler (DeleteBlocksCommandHandler.java:handle(106)) - Start to delete container blocks, TXIDs=[1(0)], numOfContainers=1, numOfBlocks=1
2019-10-28 11:35:05,404 [EventQueue-PendingDeleteStatusForPendingDeleteHandler] INFO  block.SCMBlockDeletingService (SCMBlockDeletingService.java:handlePendingDeletes(115)) - Block deletion txnID mismatch in datanode a4a68fdc-9c21-417a-8215-14845568ad90 for containerID 1. Datanode delete txnID: 0, SCM txnID: 1
2019-10-28 11:35:05,439 [SCMBlockDeletingService#0] INFO  block.SCMBlockDeletingService (SCMBlockDeletingService.java:call(184)) - Totally added 2 delete blocks command for 2 datanodes, task elapsed time: 0ms
2019-10-28 11:35:05,439 [pool-7-thread-1] INFO  commands.RetriableDatanodeEventWatcher (RetriableDatanodeEventWatcher.java:onTimeout(47)) - RetriableDatanodeCommand type=deleteBlocksCommand with id=1572262504437 timed out. Retrying.
2019-10-28 11:35:05,440 [pool-7-thread-2] INFO  commands.RetriableDatanodeEventWatcher (RetriableDatanodeEventWatcher.java:onTimeout(47)) - RetriableDatanodeCommand type=deleteBlocksCommand with id=1572262504436 timed out. Retrying.
2019-10-28 11:35:05,666 [main] INFO  impl.MetricsSystemImpl (MetricsSystemImpl.java:init(158)) - HddsDatanode metrics system started (again)
2019-10-28 11:35:05,708 [main] INFO  ozone.HddsDatanodeService (HddsDatanodeService.java:start(184)) - HddsDatanodeService host:pr-hdds-2292-97wmq-4261317731 ip:192.168.164.193
2019-10-28 11:35:05,712 [main] INFO  volume.VolumeUsage (VolumeUsage.java:loadScmUsed(144)) - Cached ScmUsed found for /workdir/hadoop-ozone/integration-test/target/test-dir/MiniOzoneClusterImpl-32030326-9f4e-4c1d-8269-b77a585e0de7/datanode-1/data/containers : 4096 
2019-10-28 11:35:05,712 [main] INFO  volume.HddsVolume (HddsVolume.java:<init>(176)) - Creating Volume: /workdir/hadoop-ozone/integration-test/target/test-dir/MiniOzoneClusterImpl-32030326-9f4e-4c1d-8269-b77a585e0de7/datanode-1/data/containers/hdds of  storage type : DISK and capacity : 1482555576320
2019-10-28 11:35:05,713 [main] INFO  volume.VolumeSet (VolumeSet.java:initializeVolumeSet(170)) - Added Volume : /workdir/hadoop-ozone/integration-test/target/test-dir/MiniOzoneClusterImpl-32030326-9f4e-4c1d-8269-b77a585e0de7/datanode-1/data/containers/hdds to VolumeSet
2019-10-28 11:35:05,713 [main] INFO  volume.ThrottledAsyncChecker (ThrottledAsyncChecker.java:schedule(141)) - Scheduling a check for /workdir/hadoop-ozone/integration-test/target/test-dir/MiniOzoneClusterImpl-32030326-9f4e-4c1d-8269-b77a585e0de7/datanode-1/data/containers/hdds
2019-10-28 11:35:05,714 [main] INFO  volume.HddsVolumeChecker (HddsVolumeChecker.java:checkAllVolumes(204)) - Scheduled health check for volume /workdir/hadoop-ozone/integration-test/target/test-dir/MiniOzoneClusterImpl-32030326-9f4e-4c1d-8269-b77a585e0de7/datanode-1/data/containers/hdds
2019-10-28 11:35:05,754 [BlockDeletingService#2] WARN  background.BlockDeletingService (BlockDeletingService.java:isDeletionAllowed(187)) - Close Container log Index 6 is not replicated across allthe servers in the pipeline 673f7971-0954-4a65-9d1b-2bbc40871e24 as the min replicated index is 4. Deletion is not allowed in this container yet.
2019-10-28 11:35:05,754 [BlockDeletingService#2] WARN  background.BlockDeletingService (BlockDeletingService.java:isDeletionAllowed(187)) - Close Container log Index 6 is not replicated across allthe servers in the pipeline 673f7971-0954-4a65-9d1b-2bbc40871e24 as the min replicated index is 4. Deletion is not allowed in this container yet.
2019-10-28 11:35:05,760 [main] INFO  impl.RaftServerProxy (ConfUtils.java:logGet(43)) - raft.rpc.type = GRPC (default)
2019-10-28 11:35:05,760 [main] INFO  grpc.GrpcFactory (GrpcFactory.java:checkPooledByteBufAllocatorUseCacheForAllThreads(45)) - PERFORMANCE WARNING: useCacheForAllThreads is true that may cause Netty to create a lot garbage objects and, as a result, trigger GC.
	It is recommended to disable useCacheForAllThreads by setting -Dorg.apache.ratis.thirdparty.io.netty.allocator.useCacheForAllThreads=false in command line.
2019-10-28 11:35:05,760 [main] INFO  grpc.GrpcConfigKeys$Server (ConfUtils.java:logGet(43)) - raft.grpc.server.port = 34373 (custom)
2019-10-28 11:35:05,760 [main] INFO  server.GrpcService (ConfUtils.java:logGet(43)) - raft.grpc.message.size.max = 33570816 (custom)
2019-10-28 11:35:05,760 [main] INFO  server.RaftServerConfigKeys (ConfUtils.java:logGet(43)) - raft.server.log.appender.buffer.byte-limit = 33554432 (custom)
2019-10-28 11:35:05,761 [main] INFO  server.GrpcService (ConfUtils.java:logGet(43)) - raft.grpc.flow.control.window = 1MB (=1048576) (default)
2019-10-28 11:35:05,761 [main] INFO  server.RaftServerConfigKeys (ConfUtils.java:logGet(43)) - raft.server.rpc.request.timeout = 3000ms (default)
2019-10-28 11:35:05,761 [main] INFO  server.RaftServerConfigKeys (ConfUtils.java:logGet(43)) - raft.server.storage.dir = [/workdir/hadoop-ozone/integration-test/target/test-dir/MiniOzoneClusterImpl-32030326-9f4e-4c1d-8269-b77a585e0de7/datanode-1/data/ratis] (custom)
2019-10-28 11:35:05,762 [main] INFO  impl.RaftServerProxy (RaftServerProxy.java:lambda$null$0(191)) - bb175ec5-5e98-4251-9728-8e1e745e4fa1: found a subdirectory /workdir/hadoop-ozone/integration-test/target/test-dir/MiniOzoneClusterImpl-32030326-9f4e-4c1d-8269-b77a585e0de7/datanode-1/data/ratis/547eaa47-286e-494b-bdcd-f43d1284476b
2019-10-28 11:35:05,763 [main] INFO  impl.RaftServerProxy (RaftServerProxy.java:addNew(89)) - bb175ec5-5e98-4251-9728-8e1e745e4fa1: addNew group-F43D1284476B:[] returns group-F43D1284476B:java.util.concurrent.CompletableFuture@177c41d7[Not completed]
2019-10-28 11:35:05,763 [main] INFO  impl.RaftServerProxy (RaftServerProxy.java:lambda$null$0(191)) - bb175ec5-5e98-4251-9728-8e1e745e4fa1: found a subdirectory /workdir/hadoop-ozone/integration-test/target/test-dir/MiniOzoneClusterImpl-32030326-9f4e-4c1d-8269-b77a585e0de7/datanode-1/data/ratis/673f7971-0954-4a65-9d1b-2bbc40871e24
2019-10-28 11:35:05,763 [main] INFO  impl.RaftServerProxy (RaftServerProxy.java:addNew(89)) - bb175ec5-5e98-4251-9728-8e1e745e4fa1: addNew group-2BBC40871E24:[] returns group-2BBC40871E24:java.util.concurrent.CompletableFuture@4f327096[Not completed]
2019-10-28 11:35:05,769 [main] INFO  hdfs.DFSUtil (DFSUtil.java:httpServerTemplateForNNAndJN(1641)) - Starting Web-server for hddsDatanode at: http://0.0.0.0:40720
2019-10-28 11:35:05,769 [pool-59-thread-1] INFO  impl.RaftServerImpl (RaftServerImpl.java:<init>(104)) - bb175ec5-5e98-4251-9728-8e1e745e4fa1: new RaftServerImpl for group-F43D1284476B:[] with ContainerStateMachine:uninitialized
2019-10-28 11:35:05,770 [pool-59-thread-1] INFO  server.RaftServerConfigKeys (ConfUtils.java:logGet(43)) - raft.server.rpc.timeout.min = 5s (custom)
2019-10-28 11:35:05,770 [pool-59-thread-1] INFO  server.RaftServerConfigKeys (ConfUtils.java:logGet(43)) - raft.server.rpc.timeout.max = 5200ms (custom)
2019-10-28 11:35:05,770 [pool-59-thread-1] INFO  server.RaftServerConfigKeys (ConfUtils.java:logGet(43)) - raft.server.rpcslowness.timeout = 1000s (custom)
2019-10-28 11:35:05,770 [pool-59-thread-1] INFO  server.RaftServerConfigKeys (ConfUtils.java:logGet(43)) - raft.server.sleep.deviation.threshold = 300 (default)
2019-10-28 11:35:05,770 [pool-59-thread-1] INFO  server.RaftServerConfigKeys (ConfUtils.java:logGet(43)) - raft.server.log.appender.install.snapshot.enabled = false (custom)
2019-10-28 11:35:05,770 [pool-59-thread-1] INFO  impl.RaftServerImpl (ServerState.java:<init>(103)) - bb175ec5-5e98-4251-9728-8e1e745e4fa1@group-F43D1284476B: ConfigurationManager, init=-1: [], old=null, confs=<EMPTY_MAP>
2019-10-28 11:35:05,771 [pool-59-thread-1] INFO  server.RaftServerConfigKeys (ConfUtils.java:logGet(43)) - raft.server.storage.dir = [/workdir/hadoop-ozone/integration-test/target/test-dir/MiniOzoneClusterImpl-32030326-9f4e-4c1d-8269-b77a585e0de7/datanode-1/data/ratis] (custom)
2019-10-28 11:35:05,771 [pool-59-thread-1] INFO  server.RaftServerConfigKeys (ConfUtils.java:logGet(43)) - raft.server.log.corruption.policy = EXCEPTION (default)
2019-10-28 11:35:05,772 [main] INFO  server.AuthenticationFilter (AuthenticationFilter.java:constructSecretProvider(240)) - Unable to initialize FileSignerSecretProvider, falling back to use random secrets.
2019-10-28 11:35:05,773 [main] WARN  http.HttpRequestLog (HttpRequestLog.java:getRequestLog(97)) - Jetty request log can only be enabled using Log4j
2019-10-28 11:35:05,776 [main] INFO  http.HttpServer2 (HttpServer2.java:addGlobalFilter(975)) - Added global filter 'safety' (class=org.apache.hadoop.http.HttpServer2$QuotingInputFilter)
2019-10-28 11:35:05,777 [main] INFO  http.HttpServer2 (HttpServer2.java:addFilter(948)) - Added filter static_user_filter (class=org.apache.hadoop.http.lib.StaticUserWebFilter$StaticUserFilter) to context hddsDatanode
2019-10-28 11:35:05,777 [main] INFO  http.HttpServer2 (HttpServer2.java:addFilter(958)) - Added filter static_user_filter (class=org.apache.hadoop.http.lib.StaticUserWebFilter$StaticUserFilter) to context logs
2019-10-28 11:35:05,778 [main] INFO  http.HttpServer2 (HttpServer2.java:addFilter(958)) - Added filter static_user_filter (class=org.apache.hadoop.http.lib.StaticUserWebFilter$StaticUserFilter) to context static
2019-10-28 11:35:05,779 [main] INFO  http.HttpServer2 (HttpServer2.java:bindListener(1191)) - Jetty bound to port 40720
2019-10-28 11:35:05,779 [main] INFO  server.Server (Server.java:doStart(351)) - jetty-9.3.25.v20180904, build timestamp: 2018-09-04T21:11:46Z, git hash: 3ce520221d0240229c862b122d2b06c12a625732
2019-10-28 11:35:05,781 [main] INFO  handler.ContextHandler (ContextHandler.java:doStart(781)) - Started o.e.j.s.ServletContextHandler@11f9535b{/logs,file:///workdir/hadoop-ozone/integration-test/target/log,AVAILABLE}
2019-10-28 11:35:05,782 [main] INFO  handler.ContextHandler (ContextHandler.java:doStart(781)) - Started o.e.j.s.ServletContextHandler@1e236278{/static,jar:file:/home/user/.m2/repository/org/apache/hadoop/hadoop-hdds-container-service/0.5.0-SNAPSHOT/hadoop-hdds-container-service-0.5.0-SNAPSHOT.jar!/webapps/static,AVAILABLE}
2019-10-28 11:35:05,784 [pool-59-thread-1] INFO  storage.RaftStorageDirectory (RaftStorageDirectory.java:tryLock(328)) - Lock on /workdir/hadoop-ozone/integration-test/target/test-dir/MiniOzoneClusterImpl-32030326-9f4e-4c1d-8269-b77a585e0de7/datanode-1/data/ratis/547eaa47-286e-494b-bdcd-f43d1284476b/in_use.lock acquired by nodename 15197@pr-hdds-2292-97wmq-4261317731
2019-10-28 11:35:05,786 [pool-59-thread-1] INFO  ratis.ContainerStateMachine (ContainerStateMachine.java:loadSnapshot(231)) - group-F43D1284476B: The snapshot info is null. Setting the last applied indexto:(t:0, i:~)
2019-10-28 11:35:05,786 [pool-59-thread-1] INFO  server.RaftServerConfigKeys (ConfUtils.java:logGet(43)) - raft.server.notification.no-leader.timeout = 1000s (custom)
2019-10-28 11:35:05,786 [pool-59-thread-1] INFO  server.RaftServerConfigKeys (ConfUtils.java:logGet(43)) - raft.server.log.use.memory = false (default)
2019-10-28 11:35:05,786 [pool-59-thread-1] INFO  server.RaftServerConfigKeys (ConfUtils.java:logGet(43)) - raft.server.log.purge.gap = 1000000 (custom)
2019-10-28 11:35:05,787 [pool-59-thread-1] INFO  server.RaftServerConfigKeys (ConfUtils.java:logGet(43)) - raft.server.log.appender.buffer.byte-limit = 33554432 (custom)
2019-10-28 11:35:05,787 [pool-59-thread-1] INFO  server.RaftServerConfigKeys (ConfUtils.java:logGet(43)) - raft.server.log.segment.size.max = 1048576 (custom)
2019-10-28 11:35:05,787 [pool-59-thread-1] INFO  server.RaftServerConfigKeys (ConfUtils.java:logGet(43)) - raft.server.log.segment.cache.num.max = 2 (custom)
2019-10-28 11:35:05,787 [pool-59-thread-1] INFO  segmented.SegmentedRaftLogWorker (SegmentedRaftLogWorker.java:<init>(173)) - new bb175ec5-5e98-4251-9728-8e1e745e4fa1@group-F43D1284476B-SegmentedRaftLogWorker for RaftStorage:Storage Directory /workdir/hadoop-ozone/integration-test/target/test-dir/MiniOzoneClusterImpl-32030326-9f4e-4c1d-8269-b77a585e0de7/datanode-1/data/ratis/547eaa47-286e-494b-bdcd-f43d1284476b
2019-10-28 11:35:05,787 [pool-59-thread-1] INFO  server.RaftServerConfigKeys (ConfUtils.java:logGet(43)) - raft.server.log.queue.byte-limit = 2147483647 (custom)
2019-10-28 11:35:05,787 [pool-59-thread-1] INFO  server.RaftServerConfigKeys (ConfUtils.java:logGet(43)) - raft.server.log.queue.element-limit = 1024 (custom)
2019-10-28 11:35:05,788 [pool-59-thread-1] INFO  server.RaftServerConfigKeys (ConfUtils.java:logGet(43)) - raft.server.log.segment.size.max = 1048576 (custom)
2019-10-28 11:35:05,788 [pool-59-thread-1] INFO  server.RaftServerConfigKeys (ConfUtils.java:logGet(43)) - raft.server.log.preallocated.size = 16384 (custom)
2019-10-28 11:35:05,788 [pool-59-thread-1] INFO  server.RaftServerConfigKeys (ConfUtils.java:logGet(43)) - raft.server.log.write.buffer.size = 33554432 (custom)
2019-10-28 11:35:05,788 [pool-59-thread-1] INFO  server.RaftServerConfigKeys (ConfUtils.java:logGet(43)) - raft.server.log.force.sync.num = 128 (default)
2019-10-28 11:35:05,788 [pool-59-thread-1] INFO  server.RaftServerConfigKeys (ConfUtils.java:logGet(43)) - raft.server.log.statemachine.data.sync = true (default)
2019-10-28 11:35:05,788 [pool-59-thread-1] INFO  server.RaftServerConfigKeys (ConfUtils.java:logGet(43)) - raft.server.log.statemachine.data.sync.timeout = 10s (default)
2019-10-28 11:35:05,789 [pool-59-thread-1] INFO  server.RaftServerConfigKeys (ConfUtils.java:logGet(43)) - raft.server.log.statemachine.data.sync.timeout.retry = -1 (default)
2019-10-28 11:35:05,789 [pool-59-thread-1] INFO  server.RaftServerConfigKeys (ConfUtils.java:logGet(43)) - raft.server.log.statemachine.data.caching.enabled = true (custom)
2019-10-28 11:35:05,797 [pool-59-thread-1] INFO  impl.RaftServerImpl (ServerState.java:setRaftConf(357)) - bb175ec5-5e98-4251-9728-8e1e745e4fa1@group-F43D1284476B: set configuration 0: [bb175ec5-5e98-4251-9728-8e1e745e4fa1:192.168.164.193:34373], old=null at 0
2019-10-28 11:35:05,798 [pool-59-thread-1] INFO  segmented.LogSegment (LogSegment.java:loadSegment(140)) - Successfully read 1 entries from segment file /workdir/hadoop-ozone/integration-test/target/test-dir/MiniOzoneClusterImpl-32030326-9f4e-4c1d-8269-b77a585e0de7/datanode-1/data/ratis/547eaa47-286e-494b-bdcd-f43d1284476b/current/log_inprogress_0
2019-10-28 11:35:05,798 [pool-59-thread-1] INFO  segmented.SegmentedRaftLogWorker (SegmentedRaftLogWorker.java:lambda$new$0(128)) - bb175ec5-5e98-4251-9728-8e1e745e4fa1@group-F43D1284476B-SegmentedRaftLogWorker: flushIndex: setUnconditionally 0 -> 0
2019-10-28 11:35:05,823 [main] INFO  handler.ContextHandler (ContextHandler.java:doStart(781)) - Started o.e.j.w.WebAppContext@73809e7{/,file:///tmp/jetty-0.0.0.0-40720-hddsDatanode-_-any-382963739624945734.dir/webapp/,AVAILABLE}{/hddsDatanode}
2019-10-28 11:35:05,824 [main] INFO  server.AbstractConnector (AbstractConnector.java:doStart(278)) - Started ServerConnector@5f96f6a2{HTTP/1.1,[http/1.1]}{0.0.0.0:40720}
2019-10-28 11:35:05,828 [main] INFO  server.Server (Server.java:doStart(419)) - Started @114477ms
2019-10-28 11:35:05,828 [pool-59-thread-1] INFO  server.RaftServerConfigKeys (ConfUtils.java:logGet(43)) - raft.server.snapshot.auto.trigger.enabled = true (custom)
2019-10-28 11:35:05,829 [main] WARN  impl.MetricsSystemImpl (MetricsSystemImpl.java:register(276)) - Sink prometheus already exists!
2019-10-28 11:35:05,829 [pool-59-thread-1] INFO  server.RaftServerConfigKeys (ConfUtils.java:logGet(43)) - raft.server.snapshot.auto.trigger.threshold = 10000 (custom)
2019-10-28 11:35:05,829 [pool-59-thread-1] INFO  server.RaftServerConfigKeys (ConfUtils.java:logGet(43)) - raft.server.snapshot.retention.file.num = 5 (custom)
2019-10-28 11:35:05,829 [pool-59-thread-1] INFO  server.RaftServerConfigKeys (ConfUtils.java:logGet(43)) - raft.server.retrycache.expirytime = 600000ms (custom)
2019-10-28 11:35:05,830 [main] INFO  server.BaseHttpServer (BaseHttpServer.java:updateConnectorAddress(215)) - HTTP server of HDDSDATANODE is listening at http://0.0.0.0:40720
2019-10-28 11:35:05,831 [pool-59-thread-1] INFO  impl.RaftServerImpl (RaftServerImpl.java:<init>(104)) - bb175ec5-5e98-4251-9728-8e1e745e4fa1: new RaftServerImpl for group-2BBC40871E24:[] with ContainerStateMachine:uninitialized
2019-10-28 11:35:05,832 [pool-59-thread-1] INFO  server.RaftServerConfigKeys (ConfUtils.java:logGet(43)) - raft.server.rpc.timeout.min = 5s (custom)
2019-10-28 11:35:05,832 [pool-59-thread-1] INFO  server.RaftServerConfigKeys (ConfUtils.java:logGet(43)) - raft.server.rpc.timeout.max = 5200ms (custom)
2019-10-28 11:35:05,832 [org.apache.hadoop.util.JvmPauseMonitor$Monitor@32c08d25] INFO  util.JvmPauseMonitor (JvmPauseMonitor.java:run(188)) - Starting JVM pause monitor
2019-10-28 11:35:05,832 [pool-59-thread-1] INFO  server.RaftServerConfigKeys (ConfUtils.java:logGet(43)) - raft.server.rpcslowness.timeout = 1000s (custom)
2019-10-28 11:35:05,832 [pool-59-thread-1] INFO  server.RaftServerConfigKeys (ConfUtils.java:logGet(43)) - raft.server.sleep.deviation.threshold = 300 (default)
2019-10-28 11:35:05,832 [pool-59-thread-1] INFO  server.RaftServerConfigKeys (ConfUtils.java:logGet(43)) - raft.server.log.appender.install.snapshot.enabled = false (custom)
2019-10-28 11:35:05,832 [pool-59-thread-1] INFO  impl.RaftServerImpl (ServerState.java:<init>(103)) - bb175ec5-5e98-4251-9728-8e1e745e4fa1@group-2BBC40871E24: ConfigurationManager, init=-1: [], old=null, confs=<EMPTY_MAP>
2019-10-28 11:35:05,833 [pool-59-thread-1] INFO  server.RaftServerConfigKeys (ConfUtils.java:logGet(43)) - raft.server.storage.dir = [/workdir/hadoop-ozone/integration-test/target/test-dir/MiniOzoneClusterImpl-32030326-9f4e-4c1d-8269-b77a585e0de7/datanode-1/data/ratis] (custom)
2019-10-28 11:35:05,833 [pool-59-thread-1] INFO  server.RaftServerConfigKeys (ConfUtils.java:logGet(43)) - raft.server.log.corruption.policy = EXCEPTION (default)
2019-10-28 11:35:05,845 [pool-59-thread-1] INFO  storage.RaftStorageDirectory (RaftStorageDirectory.java:tryLock(328)) - Lock on /workdir/hadoop-ozone/integration-test/target/test-dir/MiniOzoneClusterImpl-32030326-9f4e-4c1d-8269-b77a585e0de7/datanode-1/data/ratis/673f7971-0954-4a65-9d1b-2bbc40871e24/in_use.lock acquired by nodename 15197@pr-hdds-2292-97wmq-4261317731
2019-10-28 11:35:05,847 [pool-59-thread-1] INFO  ratis.ContainerStateMachine (ContainerStateMachine.java:loadSnapshot(240)) - group-2BBC40871E24: Setting the last applied index to (t:3, i:3)
2019-10-28 11:35:05,852 [pool-59-thread-1] INFO  impl.RaftServerImpl (ServerState.java:setRaftConf(357)) - bb175ec5-5e98-4251-9728-8e1e745e4fa1@group-2BBC40871E24: set configuration 0: [a4a68fdc-9c21-417a-8215-14845568ad90:192.168.164.193:36183, 5aa0106d-b151-48db-b175-21e2bb54d20a:192.168.164.193:45972, bb175ec5-5e98-4251-9728-8e1e745e4fa1:192.168.164.193:34373], old=null at 0
2019-10-28 11:35:05,852 [pool-59-thread-1] INFO  server.RaftServerConfigKeys (ConfUtils.java:logGet(43)) - raft.server.notification.no-leader.timeout = 1000s (custom)
2019-10-28 11:35:05,853 [pool-59-thread-1] INFO  server.RaftServerConfigKeys (ConfUtils.java:logGet(43)) - raft.server.log.use.memory = false (default)
2019-10-28 11:35:05,853 [pool-59-thread-1] INFO  server.RaftServerConfigKeys (ConfUtils.java:logGet(43)) - raft.server.log.purge.gap = 1000000 (custom)
2019-10-28 11:35:05,853 [pool-59-thread-1] INFO  server.RaftServerConfigKeys (ConfUtils.java:logGet(43)) - raft.server.log.appender.buffer.byte-limit = 33554432 (custom)
2019-10-28 11:35:05,853 [pool-59-thread-1] INFO  server.RaftServerConfigKeys (ConfUtils.java:logGet(43)) - raft.server.log.segment.size.max = 1048576 (custom)
2019-10-28 11:35:05,853 [pool-59-thread-1] INFO  server.RaftServerConfigKeys (ConfUtils.java:logGet(43)) - raft.server.log.segment.cache.num.max = 2 (custom)
2019-10-28 11:35:05,853 [pool-59-thread-1] INFO  segmented.SegmentedRaftLogWorker (SegmentedRaftLogWorker.java:<init>(173)) - new bb175ec5-5e98-4251-9728-8e1e745e4fa1@group-2BBC40871E24-SegmentedRaftLogWorker for RaftStorage:Storage Directory /workdir/hadoop-ozone/integration-test/target/test-dir/MiniOzoneClusterImpl-32030326-9f4e-4c1d-8269-b77a585e0de7/datanode-1/data/ratis/673f7971-0954-4a65-9d1b-2bbc40871e24
2019-10-28 11:35:05,853 [pool-59-thread-1] INFO  server.RaftServerConfigKeys (ConfUtils.java:logGet(43)) - raft.server.log.queue.byte-limit = 2147483647 (custom)
2019-10-28 11:35:05,853 [pool-59-thread-1] INFO  server.RaftServerConfigKeys (ConfUtils.java:logGet(43)) - raft.server.log.queue.element-limit = 1024 (custom)
2019-10-28 11:35:05,853 [pool-59-thread-1] INFO  server.RaftServerConfigKeys (ConfUtils.java:logGet(43)) - raft.server.log.segment.size.max = 1048576 (custom)
2019-10-28 11:35:05,854 [pool-59-thread-1] INFO  server.RaftServerConfigKeys (ConfUtils.java:logGet(43)) - raft.server.log.preallocated.size = 16384 (custom)
2019-10-28 11:35:05,854 [pool-59-thread-1] INFO  server.RaftServerConfigKeys (ConfUtils.java:logGet(43)) - raft.server.log.write.buffer.size = 33554432 (custom)
2019-10-28 11:35:05,854 [pool-59-thread-1] INFO  server.RaftServerConfigKeys (ConfUtils.java:logGet(43)) - raft.server.log.force.sync.num = 128 (default)
2019-10-28 11:35:05,854 [pool-59-thread-1] INFO  server.RaftServerConfigKeys (ConfUtils.java:logGet(43)) - raft.server.log.statemachine.data.sync = true (default)
2019-10-28 11:35:05,854 [pool-59-thread-1] INFO  server.RaftServerConfigKeys (ConfUtils.java:logGet(43)) - raft.server.log.statemachine.data.sync.timeout = 10s (default)
2019-10-28 11:35:05,854 [pool-59-thread-1] INFO  server.RaftServerConfigKeys (ConfUtils.java:logGet(43)) - raft.server.log.statemachine.data.sync.timeout.retry = -1 (default)
2019-10-28 11:35:05,854 [pool-59-thread-1] INFO  server.RaftServerConfigKeys (ConfUtils.java:logGet(43)) - raft.server.log.statemachine.data.caching.enabled = true (custom)
2019-10-28 11:35:05,855 [pool-59-thread-1] INFO  impl.RaftServerImpl (ServerState.java:setRaftConf(357)) - bb175ec5-5e98-4251-9728-8e1e745e4fa1@group-2BBC40871E24: set configuration 0: [a4a68fdc-9c21-417a-8215-14845568ad90:192.168.164.193:36183, 5aa0106d-b151-48db-b175-21e2bb54d20a:192.168.164.193:45972, bb175ec5-5e98-4251-9728-8e1e745e4fa1:192.168.164.193:34373], old=null at 0
2019-10-28 11:35:05,856 [pool-59-thread-1] INFO  segmented.LogSegment (LogSegment.java:loadSegment(140)) - Successfully read 5 entries from segment file /workdir/hadoop-ozone/integration-test/target/test-dir/MiniOzoneClusterImpl-32030326-9f4e-4c1d-8269-b77a585e0de7/datanode-1/data/ratis/673f7971-0954-4a65-9d1b-2bbc40871e24/current/log_inprogress_0
2019-10-28 11:35:05,856 [pool-59-thread-1] INFO  segmented.SegmentedRaftLogWorker (SegmentedRaftLogWorker.java:lambda$new$0(128)) - bb175ec5-5e98-4251-9728-8e1e745e4fa1@group-2BBC40871E24-SegmentedRaftLogWorker: flushIndex: setUnconditionally 0 -> 4
2019-10-28 11:35:05,879 [pool-59-thread-1] INFO  raftlog.RaftLog (RaftLog.java:lambda$new$0(61)) - bb175ec5-5e98-4251-9728-8e1e745e4fa1@group-2BBC40871E24-SegmentedRaftLog: commitIndex: updateToMax old=3, new=3, updated? false
2019-10-28 11:35:05,879 [pool-59-thread-1] INFO  server.RaftServerConfigKeys (ConfUtils.java:logGet(43)) - raft.server.snapshot.auto.trigger.enabled = true (custom)
2019-10-28 11:35:05,879 [pool-59-thread-1] INFO  server.RaftServerConfigKeys (ConfUtils.java:logGet(43)) - raft.server.snapshot.auto.trigger.threshold = 10000 (custom)
2019-10-28 11:35:05,879 [pool-59-thread-1] INFO  server.RaftServerConfigKeys (ConfUtils.java:logGet(43)) - raft.server.snapshot.retention.file.num = 5 (custom)
2019-10-28 11:35:05,879 [pool-59-thread-1] INFO  server.RaftServerConfigKeys (ConfUtils.java:logGet(43)) - raft.server.retrycache.expirytime = 600000ms (custom)
2019-10-28 11:35:06,439 [pool-7-thread-1] INFO  commands.RetriableDatanodeEventWatcher (RetriableDatanodeEventWatcher.java:onTimeout(47)) - RetriableDatanodeCommand type=deleteBlocksCommand with id=1572262504439 timed out. Retrying.
2019-10-28 11:35:06,440 [pool-7-thread-2] INFO  commands.RetriableDatanodeEventWatcher (RetriableDatanodeEventWatcher.java:onTimeout(47)) - RetriableDatanodeCommand type=deleteBlocksCommand with id=1572262504440 timed out. Retrying.
2019-10-28 11:35:06,440 [pool-7-thread-2] INFO  commands.RetriableDatanodeEventWatcher (RetriableDatanodeEventWatcher.java:onTimeout(47)) - RetriableDatanodeCommand type=deleteBlocksCommand with id=1572262504436 timed out. Retrying.
2019-10-28 11:35:06,440 [SCMBlockDeletingService#0] INFO  block.SCMBlockDeletingService (SCMBlockDeletingService.java:call(184)) - Totally added 1 delete blocks command for 1 datanodes, task elapsed time: 0ms
2019-10-28 11:35:06,503 [Command processor thread] INFO  commandhandler.DeleteBlocksCommandHandler (DeleteBlocksCommandHandler.java:handle(106)) - Start to delete container blocks, TXIDs=[1(2)], numOfContainers=1, numOfBlocks=1
2019-10-28 11:35:06,503 [Command processor thread] INFO  commandhandler.DeleteBlocksCommandHandler (DeleteBlocksCommandHandler.java:handle(106)) - Start to delete container blocks, TXIDs=[1(0)], numOfContainers=1, numOfBlocks=1
2019-10-28 11:35:06,683 [Thread-572] INFO  client.GrpcClientProtocolService (GrpcClientProtocolService.java:lambda$processClientRequest$0(278)) - Failed RaftClientRequest:client-8D88133FDDEB->a4a68fdc-9c21-417a-8215-14845568ad90@group-2BBC40871E24, cid=10, seq=0, Watch-ALL_COMMITTED(6), Message:<EMPTY>, reply=RaftClientReply:client-8D88133FDDEB->a4a68fdc-9c21-417a-8215-14845568ad90@group-2BBC40871E24, cid=10, FAILED org.apache.ratis.protocol.NotReplicatedException: Request with call Id 10 and log index 6 is not yet replicated to ALL_COMMITTED, logIndex=6, commits[a4a68fdc-9c21-417a-8215-14845568ad90:c10, 5aa0106d-b151-48db-b175-21e2bb54d20a:c10, bb175ec5-5e98-4251-9728-8e1e745e4fa1:c4]
2019-10-28 11:35:06,706 [EventQueue-DeleteBlockStatusForEventWatcher$$Lambda$30/637241618] WARN  events.EventWatcher (EventWatcher.java:lambda$start$0(110)) - Completion event without active lease. Id=1572262504437
2019-10-28 11:35:06,755 [BlockDeletingService#2] WARN  background.BlockDeletingService (BlockDeletingService.java:isDeletionAllowed(187)) - Close Container log Index 6 is not replicated across allthe servers in the pipeline 673f7971-0954-4a65-9d1b-2bbc40871e24 as the min replicated index is 4. Deletion is not allowed in this container yet.
2019-10-28 11:35:06,755 [BlockDeletingService#2] WARN  background.BlockDeletingService (BlockDeletingService.java:isDeletionAllowed(187)) - Close Container log Index 6 is not replicated across allthe servers in the pipeline 673f7971-0954-4a65-9d1b-2bbc40871e24 as the min replicated index is 4. Deletion is not allowed in this container yet.
2019-10-28 11:35:07,440 [pool-7-thread-1] INFO  commands.RetriableDatanodeEventWatcher (RetriableDatanodeEventWatcher.java:onTimeout(47)) - RetriableDatanodeCommand type=deleteBlocksCommand with id=1572262504440 timed out. Retrying.
2019-10-28 11:35:07,441 [pool-7-thread-4] INFO  commands.RetriableDatanodeEventWatcher (RetriableDatanodeEventWatcher.java:onTimeout(47)) - RetriableDatanodeCommand type=deleteBlocksCommand with id=1572262504436 timed out. Retrying.
2019-10-28 11:35:07,441 [pool-7-thread-3] INFO  commands.RetriableDatanodeEventWatcher (RetriableDatanodeEventWatcher.java:onTimeout(47)) - RetriableDatanodeCommand type=deleteBlocksCommand with id=1572262504439 timed out. Retrying.
2019-10-28 11:35:07,441 [SCMBlockDeletingService#0] INFO  block.SCMBlockDeletingService (SCMBlockDeletingService.java:call(184)) - Totally added 1 delete blocks command for 1 datanodes, task elapsed time: 1ms
2019-10-28 11:35:07,442 [pool-7-thread-2] INFO  commands.RetriableDatanodeEventWatcher (RetriableDatanodeEventWatcher.java:onTimeout(47)) - RetriableDatanodeCommand type=deleteBlocksCommand with id=1572262504441 timed out. Retrying.
2019-10-28 11:35:07,504 [Command processor thread] INFO  commandhandler.DeleteBlocksCommandHandler (DeleteBlocksCommandHandler.java:handle(106)) - Start to delete container blocks, TXIDs=[1(2)], numOfContainers=1, numOfBlocks=1
2019-10-28 11:35:07,625 [java.util.concurrent.ThreadPoolExecutor$Worker@588db654[State = -1, empty queue]] WARN  server.GrpcLogAppender (GrpcLogAppender.java:timeoutAppendRequest(209)) - a4a68fdc-9c21-417a-8215-14845568ad90@group-2BBC40871E24->bb175ec5-5e98-4251-9728-8e1e745e4fa1-GrpcLogAppender: appendEntries Timeout, request=a4a68fdc-9c21-417a-8215-14845568ad90->bb175ec5-5e98-4251-9728-8e1e745e4fa1#51-t3, previous=(t:3, i:10), leaderCommit=10, initializing? false, entries: <empty>
2019-10-28 11:35:07,759 [BlockDeletingService#2] WARN  background.BlockDeletingService (BlockDeletingService.java:isDeletionAllowed(187)) - Close Container log Index 6 is not replicated across allthe servers in the pipeline 673f7971-0954-4a65-9d1b-2bbc40871e24 as the min replicated index is 4. Deletion is not allowed in this container yet.
2019-10-28 11:35:07,759 [BlockDeletingService#2] WARN  background.BlockDeletingService (BlockDeletingService.java:isDeletionAllowed(187)) - Close Container log Index 6 is not replicated across allthe servers in the pipeline 673f7971-0954-4a65-9d1b-2bbc40871e24 as the min replicated index is 4. Deletion is not allowed in this container yet.
2019-10-28 11:35:07,834 [Datanode State Machine Thread - 0] INFO  ozoneimpl.OzoneContainer (OzoneContainer.java:start(213)) - Attempting to start container services.
2019-10-28 11:35:07,835 [Datanode State Machine Thread - 0] INFO  ozoneimpl.OzoneContainer (OzoneContainer.java:startContainerScrub(177)) - Background container scanner has been disabled.
2019-10-28 11:35:07,835 [Datanode State Machine Thread - 0] INFO  ratis.XceiverServerRatis (XceiverServerRatis.java:start(418)) - Starting XceiverServerRatis bb175ec5-5e98-4251-9728-8e1e745e4fa1 at port 34373
2019-10-28 11:35:07,843 [Datanode State Machine Thread - 0] INFO  impl.RaftServerImpl (RaftServerImpl.java:start(195)) - bb175ec5-5e98-4251-9728-8e1e745e4fa1@group-2BBC40871E24: start as a follower, conf=0: [a4a68fdc-9c21-417a-8215-14845568ad90:192.168.164.193:36183, 5aa0106d-b151-48db-b175-21e2bb54d20a:192.168.164.193:45972, bb175ec5-5e98-4251-9728-8e1e745e4fa1:192.168.164.193:34373], old=null
2019-10-28 11:35:07,844 [ForkJoinPool.commonPool-worker-0] INFO  impl.RaftServerImpl (RaftServerImpl.java:start(195)) - bb175ec5-5e98-4251-9728-8e1e745e4fa1@group-F43D1284476B: start as a follower, conf=0: [bb175ec5-5e98-4251-9728-8e1e745e4fa1:192.168.164.193:34373], old=null
2019-10-28 11:35:07,844 [Datanode State Machine Thread - 0] INFO  impl.RaftServerImpl (RaftServerImpl.java:setRole(184)) - bb175ec5-5e98-4251-9728-8e1e745e4fa1@group-2BBC40871E24: changes role from      null to FOLLOWER at term 3 for startAsFollower
2019-10-28 11:35:07,844 [ForkJoinPool.commonPool-worker-0] INFO  impl.RaftServerImpl (RaftServerImpl.java:setRole(184)) - bb175ec5-5e98-4251-9728-8e1e745e4fa1@group-F43D1284476B: changes role from      null to FOLLOWER at term 1 for startAsFollower
2019-10-28 11:35:07,844 [Datanode State Machine Thread - 0] INFO  impl.RoleInfo (RoleInfo.java:updateAndGet(143)) - bb175ec5-5e98-4251-9728-8e1e745e4fa1: start FollowerState
2019-10-28 11:35:07,844 [ForkJoinPool.commonPool-worker-0] INFO  impl.RoleInfo (RoleInfo.java:updateAndGet(143)) - bb175ec5-5e98-4251-9728-8e1e745e4fa1: start FollowerState
2019-10-28 11:35:07,844 [Datanode State Machine Thread - 0] INFO  util.JmxRegister (JmxRegister.java:tryRegister(44)) - Successfully registered JMX Bean with object name Ratis:service=RaftServer,group=group-2BBC40871E24,id=bb175ec5-5e98-4251-9728-8e1e745e4fa1
2019-10-28 11:35:07,844 [ForkJoinPool.commonPool-worker-0] INFO  util.JmxRegister (JmxRegister.java:tryRegister(44)) - Successfully registered JMX Bean with object name Ratis:service=RaftServer,group=group-F43D1284476B,id=bb175ec5-5e98-4251-9728-8e1e745e4fa1
2019-10-28 11:35:07,846 [Datanode State Machine Thread - 0] INFO  impl.RaftServerProxy (RaftServerProxy.java:lambda$start$3(299)) - bb175ec5-5e98-4251-9728-8e1e745e4fa1: start RPC server
2019-10-28 11:35:07,848 [Datanode State Machine Thread - 0] INFO  server.GrpcService (GrpcService.java:startImpl(158)) - bb175ec5-5e98-4251-9728-8e1e745e4fa1: GrpcService started, listening on 0.0.0.0/0.0.0.0:34373
2019-10-28 11:35:07,897 [Thread-580] INFO  impl.FollowerState (FollowerState.java:run(108)) - bb175ec5-5e98-4251-9728-8e1e745e4fa1@group-F43D1284476B-FollowerState: change to CANDIDATE, lastRpcTime:52ms, electionTimeout:52ms
2019-10-28 11:35:07,897 [Thread-580] INFO  impl.RoleInfo (RoleInfo.java:shutdownFollowerState(121)) - bb175ec5-5e98-4251-9728-8e1e745e4fa1: shutdown FollowerState
2019-10-28 11:35:07,897 [Thread-580] INFO  impl.RaftServerImpl (RaftServerImpl.java:setRole(184)) - bb175ec5-5e98-4251-9728-8e1e745e4fa1@group-F43D1284476B: changes role from  FOLLOWER to CANDIDATE at term 1 for changeToCandidate
2019-10-28 11:35:07,897 [Thread-580] INFO  impl.RoleInfo (RoleInfo.java:updateAndGet(143)) - bb175ec5-5e98-4251-9728-8e1e745e4fa1: start LeaderElection
2019-10-28 11:35:07,913 [bb175ec5-5e98-4251-9728-8e1e745e4fa1@group-F43D1284476B-LeaderElection9] INFO  impl.LeaderElection (LeaderElection.java:askForVotes(178)) - bb175ec5-5e98-4251-9728-8e1e745e4fa1@group-F43D1284476B-LeaderElection9: begin an election at term 2 for 0: [bb175ec5-5e98-4251-9728-8e1e745e4fa1:192.168.164.193:34373], old=null
2019-10-28 11:35:07,913 [bb175ec5-5e98-4251-9728-8e1e745e4fa1@group-F43D1284476B-LeaderElection9] INFO  impl.RoleInfo (RoleInfo.java:shutdownLeaderElection(134)) - bb175ec5-5e98-4251-9728-8e1e745e4fa1: shutdown LeaderElection
2019-10-28 11:35:07,913 [bb175ec5-5e98-4251-9728-8e1e745e4fa1@group-F43D1284476B-LeaderElection9] INFO  impl.RaftServerImpl (RaftServerImpl.java:setRole(184)) - bb175ec5-5e98-4251-9728-8e1e745e4fa1@group-F43D1284476B: changes role from CANDIDATE to LEADER at term 2 for changeToLeader
2019-10-28 11:35:07,913 [bb175ec5-5e98-4251-9728-8e1e745e4fa1@group-F43D1284476B-LeaderElection9] INFO  impl.RaftServerImpl (ServerState.java:setLeader(256)) - bb175ec5-5e98-4251-9728-8e1e745e4fa1@group-F43D1284476B: change Leader from null to bb175ec5-5e98-4251-9728-8e1e745e4fa1 at term 2 for becomeLeader, leader elected after 2127ms
2019-10-28 11:35:07,914 [bb175ec5-5e98-4251-9728-8e1e745e4fa1@group-F43D1284476B-LeaderElection9] INFO  server.RaftServerConfigKeys (ConfUtils.java:logGet(43)) - raft.server.staging.catchup.gap = 1000 (default)
2019-10-28 11:35:07,914 [bb175ec5-5e98-4251-9728-8e1e745e4fa1@group-F43D1284476B-LeaderElection9] INFO  server.RaftServerConfigKeys (ConfUtils.java:logGet(43)) - raft.server.rpc.sleep.time = 25ms (default)
2019-10-28 11:35:07,915 [bb175ec5-5e98-4251-9728-8e1e745e4fa1@group-F43D1284476B-LeaderElection9] INFO  server.RaftServerConfigKeys (ConfUtils.java:logGet(43)) - raft.server.write.element-limit = 4096 (default)
2019-10-28 11:35:07,915 [bb175ec5-5e98-4251-9728-8e1e745e4fa1@group-F43D1284476B-LeaderElection9] INFO  server.RaftServerConfigKeys (ConfUtils.java:logGet(43)) - raft.server.watch.timeout = 10s (default)
2019-10-28 11:35:07,915 [bb175ec5-5e98-4251-9728-8e1e745e4fa1@group-F43D1284476B-LeaderElection9] INFO  server.RaftServerConfigKeys (ConfUtils.java:logGet(43)) - raft.server.watch.timeout.denomination = 1s (default)
2019-10-28 11:35:07,915 [bb175ec5-5e98-4251-9728-8e1e745e4fa1@group-F43D1284476B-LeaderElection9] INFO  server.RaftServerConfigKeys (ConfUtils.java:logGet(43)) - raft.server.watch.element-limit = 65536 (default)
2019-10-28 11:35:07,915 [bb175ec5-5e98-4251-9728-8e1e745e4fa1@group-F43D1284476B-LeaderElection9] INFO  impl.RoleInfo (RoleInfo.java:updateAndGet(143)) - bb175ec5-5e98-4251-9728-8e1e745e4fa1: start LeaderState
2019-10-28 11:35:07,916 [bb175ec5-5e98-4251-9728-8e1e745e4fa1@group-F43D1284476B-LeaderElection9] INFO  segmented.SegmentedRaftLogWorker (SegmentedRaftLogWorker.java:rollLogSegment(390)) - bb175ec5-5e98-4251-9728-8e1e745e4fa1@group-F43D1284476B-SegmentedRaftLogWorker: Rolling segment log-0_0 to index:0
2019-10-28 11:35:07,919 [bb175ec5-5e98-4251-9728-8e1e745e4fa1@group-F43D1284476B-LeaderElection9] INFO  impl.RaftServerImpl (ServerState.java:setRaftConf(357)) - bb175ec5-5e98-4251-9728-8e1e745e4fa1@group-F43D1284476B: set configuration 1: [bb175ec5-5e98-4251-9728-8e1e745e4fa1:192.168.164.193:34373], old=null at 1
2019-10-28 11:35:07,920 [bb175ec5-5e98-4251-9728-8e1e745e4fa1@group-F43D1284476B-SegmentedRaftLogWorker] INFO  segmented.SegmentedRaftLogWorker (SegmentedRaftLogWorker.java:execute(533)) - bb175ec5-5e98-4251-9728-8e1e745e4fa1@group-F43D1284476B-SegmentedRaftLogWorker: Rolled log segment from /workdir/hadoop-ozone/integration-test/target/test-dir/MiniOzoneClusterImpl-32030326-9f4e-4c1d-8269-b77a585e0de7/datanode-1/data/ratis/547eaa47-286e-494b-bdcd-f43d1284476b/current/log_inprogress_0 to /workdir/hadoop-ozone/integration-test/target/test-dir/MiniOzoneClusterImpl-32030326-9f4e-4c1d-8269-b77a585e0de7/datanode-1/data/ratis/547eaa47-286e-494b-bdcd-f43d1284476b/current/log_0-0
2019-10-28 11:35:07,932 [Thread-579] INFO  impl.FollowerState (FollowerState.java:run(108)) - bb175ec5-5e98-4251-9728-8e1e745e4fa1@group-2BBC40871E24-FollowerState: change to CANDIDATE, lastRpcTime:88ms, electionTimeout:88ms
2019-10-28 11:35:07,933 [Thread-579] INFO  impl.RoleInfo (RoleInfo.java:shutdownFollowerState(121)) - bb175ec5-5e98-4251-9728-8e1e745e4fa1: shutdown FollowerState
2019-10-28 11:35:07,933 [Thread-579] INFO  impl.RaftServerImpl (RaftServerImpl.java:setRole(184)) - bb175ec5-5e98-4251-9728-8e1e745e4fa1@group-2BBC40871E24: changes role from  FOLLOWER to CANDIDATE at term 3 for changeToCandidate
2019-10-28 11:35:07,933 [Thread-579] INFO  impl.RoleInfo (RoleInfo.java:updateAndGet(143)) - bb175ec5-5e98-4251-9728-8e1e745e4fa1: start LeaderElection
2019-10-28 11:35:07,957 [bb175ec5-5e98-4251-9728-8e1e745e4fa1@group-F43D1284476B-SegmentedRaftLogWorker] INFO  segmented.SegmentedRaftLogWorker (SegmentedRaftLogWorker.java:execute(576)) - bb175ec5-5e98-4251-9728-8e1e745e4fa1@group-F43D1284476B-SegmentedRaftLogWorker: created new log segment /workdir/hadoop-ozone/integration-test/target/test-dir/MiniOzoneClusterImpl-32030326-9f4e-4c1d-8269-b77a585e0de7/datanode-1/data/ratis/547eaa47-286e-494b-bdcd-f43d1284476b/current/log_inprogress_1
2019-10-28 11:35:07,958 [bb175ec5-5e98-4251-9728-8e1e745e4fa1@group-2BBC40871E24-LeaderElection10] INFO  impl.LeaderElection (LeaderElection.java:askForVotes(178)) - bb175ec5-5e98-4251-9728-8e1e745e4fa1@group-2BBC40871E24-LeaderElection10: begin an election at term 4 for 0: [a4a68fdc-9c21-417a-8215-14845568ad90:192.168.164.193:36183, 5aa0106d-b151-48db-b175-21e2bb54d20a:192.168.164.193:45972, bb175ec5-5e98-4251-9728-8e1e745e4fa1:192.168.164.193:34373], old=null
2019-10-28 11:35:07,967 [grpc-default-executor-0] INFO  impl.RaftServerImpl (ServerState.java:setLeader(256)) - 5aa0106d-b151-48db-b175-21e2bb54d20a@group-2BBC40871E24: change Leader from a4a68fdc-9c21-417a-8215-14845568ad90 to null at term 4 for updateCurrentTerm
2019-10-28 11:35:07,967 [grpc-default-executor-1] INFO  impl.RaftServerImpl (ServerState.java:setLeader(256)) - a4a68fdc-9c21-417a-8215-14845568ad90@group-2BBC40871E24: change Leader from a4a68fdc-9c21-417a-8215-14845568ad90 to null at term 4 for updateCurrentTerm
2019-10-28 11:35:07,968 [grpc-default-executor-0] INFO  impl.RaftServerImpl (RaftServerImpl.java:setRole(184)) - 5aa0106d-b151-48db-b175-21e2bb54d20a@group-2BBC40871E24: changes role from  FOLLOWER to FOLLOWER at term 4 for recognizeCandidate:bb175ec5-5e98-4251-9728-8e1e745e4fa1
2019-10-28 11:35:07,968 [grpc-default-executor-1] INFO  impl.RaftServerImpl (RaftServerImpl.java:setRole(184)) - a4a68fdc-9c21-417a-8215-14845568ad90@group-2BBC40871E24: changes role from    LEADER to FOLLOWER at term 4 for recognizeCandidate:bb175ec5-5e98-4251-9728-8e1e745e4fa1
2019-10-28 11:35:07,968 [grpc-default-executor-0] INFO  impl.RoleInfo (RoleInfo.java:shutdownFollowerState(121)) - 5aa0106d-b151-48db-b175-21e2bb54d20a: shutdown FollowerState
2019-10-28 11:35:07,968 [grpc-default-executor-1] INFO  impl.RoleInfo (RoleInfo.java:shutdownLeaderState(104)) - a4a68fdc-9c21-417a-8215-14845568ad90: shutdown LeaderState
2019-10-28 11:35:07,968 [Thread-236] INFO  impl.FollowerState (FollowerState.java:run(117)) - 5aa0106d-b151-48db-b175-21e2bb54d20a@group-2BBC40871E24-FollowerState was interrupted: java.lang.InterruptedException: sleep interrupted
2019-10-28 11:35:07,968 [grpc-default-executor-0] INFO  impl.RoleInfo (RoleInfo.java:updateAndGet(143)) - 5aa0106d-b151-48db-b175-21e2bb54d20a: start FollowerState
2019-10-28 11:35:07,970 [org.apache.ratis.server.impl.LogAppender$AppenderDaemon$$Lambda$399/2097318727@72d4dc4c] WARN  server.GrpcLogAppender (GrpcLogAppender.java:mayWait(149)) - a4a68fdc-9c21-417a-8215-14845568ad90@group-2BBC40871E24->5aa0106d-b151-48db-b175-21e2bb54d20a-GrpcLogAppender: Wait interrupted by java.lang.InterruptedException
2019-10-28 11:35:07,970 [grpc-default-executor-1] INFO  impl.PendingRequests (PendingRequests.java:sendNotLeaderResponses(202)) - a4a68fdc-9c21-417a-8215-14845568ad90@group-2BBC40871E24-PendingRequests: sendNotLeaderResponses
2019-10-28 11:35:07,971 [org.apache.ratis.server.impl.LogAppender$AppenderDaemon$$Lambda$399/2097318727@2372c262] WARN  server.GrpcLogAppender (GrpcLogAppender.java:mayWait(149)) - a4a68fdc-9c21-417a-8215-14845568ad90@group-2BBC40871E24->bb175ec5-5e98-4251-9728-8e1e745e4fa1-GrpcLogAppender: Wait interrupted by java.lang.InterruptedException
2019-10-28 11:35:07,973 [grpc-default-executor-2] INFO  server.GrpcServerProtocolService (GrpcServerProtocolService.java:onCompleted(113)) - 5aa0106d-b151-48db-b175-21e2bb54d20a: Completed APPEND_ENTRIES, lastRequest: a4a68fdc-9c21-417a-8215-14845568ad90->5aa0106d-b151-48db-b175-21e2bb54d20a#52-t3, previous=(t:3, i:10), leaderCommit=10, initializing? false, entries: <empty>
2019-10-28 11:35:07,973 [Thread-589] INFO  client.GrpcClientProtocolService (GrpcClientProtocolService.java:lambda$processClientRequest$0(278)) - Failed RaftClientRequest:client-8D88133FDDEB->a4a68fdc-9c21-417a-8215-14845568ad90@group-2BBC40871E24, cid=10, seq=0, Watch-ALL_COMMITTED(6), Message:<EMPTY>, reply=RaftClientReply:client-8D88133FDDEB->a4a68fdc-9c21-417a-8215-14845568ad90@group-2BBC40871E24, cid=10, FAILED org.apache.ratis.protocol.NotLeaderException: Server a4a68fdc-9c21-417a-8215-14845568ad90@group-2BBC40871E24 is not the leader, logIndex=0, commits[a4a68fdc-9c21-417a-8215-14845568ad90:c10, 5aa0106d-b151-48db-b175-21e2bb54d20a:c10, bb175ec5-5e98-4251-9728-8e1e745e4fa1:c4]
2019-10-28 11:35:07,973 [grpc-default-executor-1] INFO  impl.RoleInfo (RoleInfo.java:updateAndGet(143)) - a4a68fdc-9c21-417a-8215-14845568ad90: start FollowerState
2019-10-28 11:35:07,976 [grpc-default-executor-2] INFO  server.GrpcLogAppender (GrpcLogAppender.java:onCompleted(308)) - a4a68fdc-9c21-417a-8215-14845568ad90@group-2BBC40871E24->5aa0106d-b151-48db-b175-21e2bb54d20a-AppendLogResponseHandler: follower responses appendEntries COMPLETED
2019-10-28 11:35:07,979 [grpc-default-executor-2] INFO  impl.FollowerInfo (FollowerInfo.java:lambda$new$0(51)) - a4a68fdc-9c21-417a-8215-14845568ad90@group-2BBC40871E24->5aa0106d-b151-48db-b175-21e2bb54d20a: nextIndex: updateUnconditionally 11 -> 10
2019-10-28 11:35:07,988 [bb175ec5-5e98-4251-9728-8e1e745e4fa1@group-2BBC40871E24-LeaderElection10] INFO  impl.LeaderElection (LeaderElection.java:logAndReturn(56)) - bb175ec5-5e98-4251-9728-8e1e745e4fa1@group-2BBC40871E24-LeaderElection10: Election REJECTED; received 2 response(s) [bb175ec5-5e98-4251-9728-8e1e745e4fa1<-a4a68fdc-9c21-417a-8215-14845568ad90#0:FAIL-t4, bb175ec5-5e98-4251-9728-8e1e745e4fa1<-5aa0106d-b151-48db-b175-21e2bb54d20a#0:FAIL-t4] and 0 exception(s); bb175ec5-5e98-4251-9728-8e1e745e4fa1@group-2BBC40871E24:t4, leader=null, voted=bb175ec5-5e98-4251-9728-8e1e745e4fa1, raftlog=bb175ec5-5e98-4251-9728-8e1e745e4fa1@group-2BBC40871E24-SegmentedRaftLog:OPENED:c3,f4,i4, conf=0: [a4a68fdc-9c21-417a-8215-14845568ad90:192.168.164.193:36183, 5aa0106d-b151-48db-b175-21e2bb54d20a:192.168.164.193:45972, bb175ec5-5e98-4251-9728-8e1e745e4fa1:192.168.164.193:34373], old=null
2019-10-28 11:35:07,988 [bb175ec5-5e98-4251-9728-8e1e745e4fa1@group-2BBC40871E24-LeaderElection10] INFO  impl.RaftServerImpl (RaftServerImpl.java:setRole(184)) - bb175ec5-5e98-4251-9728-8e1e745e4fa1@group-2BBC40871E24: changes role from CANDIDATE to FOLLOWER at term 4 for DISCOVERED_A_NEW_TERM
2019-10-28 11:35:07,988 [bb175ec5-5e98-4251-9728-8e1e745e4fa1@group-2BBC40871E24-LeaderElection10] INFO  impl.RoleInfo (RoleInfo.java:shutdownLeaderElection(134)) - bb175ec5-5e98-4251-9728-8e1e745e4fa1: shutdown LeaderElection
2019-10-28 11:35:07,989 [bb175ec5-5e98-4251-9728-8e1e745e4fa1@group-2BBC40871E24-LeaderElection10] INFO  impl.RoleInfo (RoleInfo.java:updateAndGet(143)) - bb175ec5-5e98-4251-9728-8e1e745e4fa1: start FollowerState
2019-10-28 11:35:08,089 [Thread-591] INFO  impl.FollowerState (FollowerState.java:run(108)) - bb175ec5-5e98-4251-9728-8e1e745e4fa1@group-2BBC40871E24-FollowerState: change to CANDIDATE, lastRpcTime:100ms, electionTimeout:100ms
2019-10-28 11:35:08,091 [Thread-591] INFO  impl.RoleInfo (RoleInfo.java:shutdownFollowerState(121)) - bb175ec5-5e98-4251-9728-8e1e745e4fa1: shutdown FollowerState
2019-10-28 11:35:08,091 [Thread-591] INFO  impl.RaftServerImpl (RaftServerImpl.java:setRole(184)) - bb175ec5-5e98-4251-9728-8e1e745e4fa1@group-2BBC40871E24: changes role from  FOLLOWER to CANDIDATE at term 4 for changeToCandidate
2019-10-28 11:35:08,091 [Thread-591] INFO  impl.RoleInfo (RoleInfo.java:updateAndGet(143)) - bb175ec5-5e98-4251-9728-8e1e745e4fa1: start LeaderElection
2019-10-28 11:35:08,106 [bb175ec5-5e98-4251-9728-8e1e745e4fa1@group-2BBC40871E24-LeaderElection11] INFO  impl.LeaderElection (LeaderElection.java:askForVotes(178)) - bb175ec5-5e98-4251-9728-8e1e745e4fa1@group-2BBC40871E24-LeaderElection11: begin an election at term 5 for 0: [a4a68fdc-9c21-417a-8215-14845568ad90:192.168.164.193:36183, 5aa0106d-b151-48db-b175-21e2bb54d20a:192.168.164.193:45972, bb175ec5-5e98-4251-9728-8e1e745e4fa1:192.168.164.193:34373], old=null
2019-10-28 11:35:08,110 [grpc-default-executor-0] INFO  impl.RaftServerImpl (RaftServerImpl.java:setRole(184)) - a4a68fdc-9c21-417a-8215-14845568ad90@group-2BBC40871E24: changes role from  FOLLOWER to FOLLOWER at term 5 for recognizeCandidate:bb175ec5-5e98-4251-9728-8e1e745e4fa1
2019-10-28 11:35:08,110 [grpc-default-executor-1] INFO  impl.RaftServerImpl (RaftServerImpl.java:setRole(184)) - 5aa0106d-b151-48db-b175-21e2bb54d20a@group-2BBC40871E24: changes role from  FOLLOWER to FOLLOWER at term 5 for recognizeCandidate:bb175ec5-5e98-4251-9728-8e1e745e4fa1
2019-10-28 11:35:08,110 [grpc-default-executor-0] INFO  impl.RoleInfo (RoleInfo.java:shutdownFollowerState(121)) - a4a68fdc-9c21-417a-8215-14845568ad90: shutdown FollowerState
2019-10-28 11:35:08,110 [grpc-default-executor-1] INFO  impl.RoleInfo (RoleInfo.java:shutdownFollowerState(121)) - 5aa0106d-b151-48db-b175-21e2bb54d20a: shutdown FollowerState
2019-10-28 11:35:08,110 [Thread-590] INFO  impl.FollowerState (FollowerState.java:run(117)) - a4a68fdc-9c21-417a-8215-14845568ad90@group-2BBC40871E24-FollowerState was interrupted: java.lang.InterruptedException: sleep interrupted
2019-10-28 11:35:08,110 [grpc-default-executor-0] INFO  impl.RoleInfo (RoleInfo.java:updateAndGet(143)) - a4a68fdc-9c21-417a-8215-14845568ad90: start FollowerState
2019-10-28 11:35:08,110 [grpc-default-executor-1] INFO  impl.RoleInfo (RoleInfo.java:updateAndGet(143)) - 5aa0106d-b151-48db-b175-21e2bb54d20a: start FollowerState
2019-10-28 11:35:08,110 [Thread-588] INFO  impl.FollowerState (FollowerState.java:run(117)) - 5aa0106d-b151-48db-b175-21e2bb54d20a@group-2BBC40871E24-FollowerState was interrupted: java.lang.InterruptedException: sleep interrupted
2019-10-28 11:35:08,122 [bb175ec5-5e98-4251-9728-8e1e745e4fa1@group-2BBC40871E24-LeaderElection11] INFO  impl.LeaderElection (LeaderElection.java:logAndReturn(56)) - bb175ec5-5e98-4251-9728-8e1e745e4fa1@group-2BBC40871E24-LeaderElection11: Election TIMEOUT; received 0 response(s) [] and 0 exception(s); bb175ec5-5e98-4251-9728-8e1e745e4fa1@group-2BBC40871E24:t5, leader=null, voted=bb175ec5-5e98-4251-9728-8e1e745e4fa1, raftlog=bb175ec5-5e98-4251-9728-8e1e745e4fa1@group-2BBC40871E24-SegmentedRaftLog:OPENED:c3,f4,i4, conf=0: [a4a68fdc-9c21-417a-8215-14845568ad90:192.168.164.193:36183, 5aa0106d-b151-48db-b175-21e2bb54d20a:192.168.164.193:45972, bb175ec5-5e98-4251-9728-8e1e745e4fa1:192.168.164.193:34373], old=null
2019-10-28 11:35:08,128 [bb175ec5-5e98-4251-9728-8e1e745e4fa1@group-2BBC40871E24-LeaderElection11] INFO  impl.LeaderElection (LeaderElection.java:askForVotes(178)) - bb175ec5-5e98-4251-9728-8e1e745e4fa1@group-2BBC40871E24-LeaderElection11: begin an election at term 6 for 0: [a4a68fdc-9c21-417a-8215-14845568ad90:192.168.164.193:36183, 5aa0106d-b151-48db-b175-21e2bb54d20a:192.168.164.193:45972, bb175ec5-5e98-4251-9728-8e1e745e4fa1:192.168.164.193:34373], old=null
2019-10-28 11:35:08,132 [grpc-default-executor-0] INFO  impl.RaftServerImpl (RaftServerImpl.java:setRole(184)) - a4a68fdc-9c21-417a-8215-14845568ad90@group-2BBC40871E24: changes role from  FOLLOWER to FOLLOWER at term 6 for recognizeCandidate:bb175ec5-5e98-4251-9728-8e1e745e4fa1
2019-10-28 11:35:08,134 [grpc-default-executor-0] INFO  impl.RoleInfo (RoleInfo.java:shutdownFollowerState(121)) - a4a68fdc-9c21-417a-8215-14845568ad90: shutdown FollowerState
2019-10-28 11:35:08,134 [grpc-default-executor-1] INFO  impl.RaftServerImpl (RaftServerImpl.java:setRole(184)) - 5aa0106d-b151-48db-b175-21e2bb54d20a@group-2BBC40871E24: changes role from  FOLLOWER to FOLLOWER at term 6 for recognizeCandidate:bb175ec5-5e98-4251-9728-8e1e745e4fa1
2019-10-28 11:35:08,134 [grpc-default-executor-1] INFO  impl.RoleInfo (RoleInfo.java:shutdownFollowerState(121)) - 5aa0106d-b151-48db-b175-21e2bb54d20a: shutdown FollowerState
2019-10-28 11:35:08,134 [Thread-595] INFO  impl.FollowerState (FollowerState.java:run(117)) - a4a68fdc-9c21-417a-8215-14845568ad90@group-2BBC40871E24-FollowerState was interrupted: java.lang.InterruptedException: sleep interrupted
2019-10-28 11:35:08,134 [grpc-default-executor-0] INFO  impl.RoleInfo (RoleInfo.java:updateAndGet(143)) - a4a68fdc-9c21-417a-8215-14845568ad90: start FollowerState
2019-10-28 11:35:08,134 [Thread-596] INFO  impl.FollowerState (FollowerState.java:run(117)) - 5aa0106d-b151-48db-b175-21e2bb54d20a@group-2BBC40871E24-FollowerState was interrupted: java.lang.InterruptedException: sleep interrupted
2019-10-28 11:35:08,134 [grpc-default-executor-1] INFO  impl.RoleInfo (RoleInfo.java:updateAndGet(143)) - 5aa0106d-b151-48db-b175-21e2bb54d20a: start FollowerState
2019-10-28 11:35:08,150 [bb175ec5-5e98-4251-9728-8e1e745e4fa1@group-2BBC40871E24-LeaderElection11] INFO  impl.LeaderElection (LeaderElection.java:logAndReturn(56)) - bb175ec5-5e98-4251-9728-8e1e745e4fa1@group-2BBC40871E24-LeaderElection11: Election REJECTED; received 2 response(s) [bb175ec5-5e98-4251-9728-8e1e745e4fa1<-a4a68fdc-9c21-417a-8215-14845568ad90#0:FAIL-t6, bb175ec5-5e98-4251-9728-8e1e745e4fa1<-5aa0106d-b151-48db-b175-21e2bb54d20a#0:FAIL-t6] and 0 exception(s); bb175ec5-5e98-4251-9728-8e1e745e4fa1@group-2BBC40871E24:t6, leader=null, voted=bb175ec5-5e98-4251-9728-8e1e745e4fa1, raftlog=bb175ec5-5e98-4251-9728-8e1e745e4fa1@group-2BBC40871E24-SegmentedRaftLog:OPENED:c3,f4,i4, conf=0: [a4a68fdc-9c21-417a-8215-14845568ad90:192.168.164.193:36183, 5aa0106d-b151-48db-b175-21e2bb54d20a:192.168.164.193:45972, bb175ec5-5e98-4251-9728-8e1e745e4fa1:192.168.164.193:34373], old=null
2019-10-28 11:35:08,151 [bb175ec5-5e98-4251-9728-8e1e745e4fa1@group-2BBC40871E24-LeaderElection11] INFO  impl.RaftServerImpl (RaftServerImpl.java:setRole(184)) - bb175ec5-5e98-4251-9728-8e1e745e4fa1@group-2BBC40871E24: changes role from CANDIDATE to FOLLOWER at term 6 for DISCOVERED_A_NEW_TERM
2019-10-28 11:35:08,151 [bb175ec5-5e98-4251-9728-8e1e745e4fa1@group-2BBC40871E24-LeaderElection11] INFO  impl.RoleInfo (RoleInfo.java:shutdownLeaderElection(134)) - bb175ec5-5e98-4251-9728-8e1e745e4fa1: shutdown LeaderElection
2019-10-28 11:35:08,151 [bb175ec5-5e98-4251-9728-8e1e745e4fa1@group-2BBC40871E24-LeaderElection11] INFO  impl.RoleInfo (RoleInfo.java:updateAndGet(143)) - bb175ec5-5e98-4251-9728-8e1e745e4fa1: start FollowerState
2019-10-28 11:35:08,168 [Thread-601] INFO  impl.FollowerState (FollowerState.java:run(108)) - bb175ec5-5e98-4251-9728-8e1e745e4fa1@group-2BBC40871E24-FollowerState: change to CANDIDATE, lastRpcTime:16ms, electionTimeout:16ms
2019-10-28 11:35:08,169 [Thread-601] INFO  impl.RoleInfo (RoleInfo.java:shutdownFollowerState(121)) - bb175ec5-5e98-4251-9728-8e1e745e4fa1: shutdown FollowerState
2019-10-28 11:35:08,169 [Thread-601] INFO  impl.RaftServerImpl (RaftServerImpl.java:setRole(184)) - bb175ec5-5e98-4251-9728-8e1e745e4fa1@group-2BBC40871E24: changes role from  FOLLOWER to CANDIDATE at term 6 for changeToCandidate
2019-10-28 11:35:08,169 [Thread-601] INFO  impl.RoleInfo (RoleInfo.java:updateAndGet(143)) - bb175ec5-5e98-4251-9728-8e1e745e4fa1: start LeaderElection
2019-10-28 11:35:08,185 [bb175ec5-5e98-4251-9728-8e1e745e4fa1@group-2BBC40871E24-LeaderElection12] INFO  impl.LeaderElection (LeaderElection.java:askForVotes(178)) - bb175ec5-5e98-4251-9728-8e1e745e4fa1@group-2BBC40871E24-LeaderElection12: begin an election at term 7 for 0: [a4a68fdc-9c21-417a-8215-14845568ad90:192.168.164.193:36183, 5aa0106d-b151-48db-b175-21e2bb54d20a:192.168.164.193:45972, bb175ec5-5e98-4251-9728-8e1e745e4fa1:192.168.164.193:34373], old=null
2019-10-28 11:35:08,190 [grpc-default-executor-0] INFO  impl.RaftServerImpl (RaftServerImpl.java:setRole(184)) - 5aa0106d-b151-48db-b175-21e2bb54d20a@group-2BBC40871E24: changes role from  FOLLOWER to FOLLOWER at term 7 for recognizeCandidate:bb175ec5-5e98-4251-9728-8e1e745e4fa1
2019-10-28 11:35:08,190 [grpc-default-executor-1] INFO  impl.RaftServerImpl (RaftServerImpl.java:setRole(184)) - a4a68fdc-9c21-417a-8215-14845568ad90@group-2BBC40871E24: changes role from  FOLLOWER to FOLLOWER at term 7 for recognizeCandidate:bb175ec5-5e98-4251-9728-8e1e745e4fa1
2019-10-28 11:35:08,190 [grpc-default-executor-0] INFO  impl.RoleInfo (RoleInfo.java:shutdownFollowerState(121)) - 5aa0106d-b151-48db-b175-21e2bb54d20a: shutdown FollowerState
2019-10-28 11:35:08,190 [grpc-default-executor-1] INFO  impl.RoleInfo (RoleInfo.java:shutdownFollowerState(121)) - a4a68fdc-9c21-417a-8215-14845568ad90: shutdown FollowerState
2019-10-28 11:35:08,190 [Thread-600] INFO  impl.FollowerState (FollowerState.java:run(117)) - 5aa0106d-b151-48db-b175-21e2bb54d20a@group-2BBC40871E24-FollowerState was interrupted: java.lang.InterruptedException: sleep interrupted
2019-10-28 11:35:08,190 [grpc-default-executor-0] INFO  impl.RoleInfo (RoleInfo.java:updateAndGet(143)) - 5aa0106d-b151-48db-b175-21e2bb54d20a: start FollowerState
2019-10-28 11:35:08,190 [grpc-default-executor-1] INFO  impl.RoleInfo (RoleInfo.java:updateAndGet(143)) - a4a68fdc-9c21-417a-8215-14845568ad90: start FollowerState
2019-10-28 11:35:08,190 [Thread-599] INFO  impl.FollowerState (FollowerState.java:run(117)) - a4a68fdc-9c21-417a-8215-14845568ad90@group-2BBC40871E24-FollowerState was interrupted: java.lang.InterruptedException: sleep interrupted
2019-10-28 11:35:08,204 [bb175ec5-5e98-4251-9728-8e1e745e4fa1@group-2BBC40871E24-LeaderElection12] INFO  impl.LeaderElection (LeaderElection.java:logAndReturn(56)) - bb175ec5-5e98-4251-9728-8e1e745e4fa1@group-2BBC40871E24-LeaderElection12: Election REJECTED; received 2 response(s) [bb175ec5-5e98-4251-9728-8e1e745e4fa1<-a4a68fdc-9c21-417a-8215-14845568ad90#0:FAIL-t7, bb175ec5-5e98-4251-9728-8e1e745e4fa1<-5aa0106d-b151-48db-b175-21e2bb54d20a#0:FAIL-t7] and 0 exception(s); bb175ec5-5e98-4251-9728-8e1e745e4fa1@group-2BBC40871E24:t7, leader=null, voted=bb175ec5-5e98-4251-9728-8e1e745e4fa1, raftlog=bb175ec5-5e98-4251-9728-8e1e745e4fa1@group-2BBC40871E24-SegmentedRaftLog:OPENED:c3,f4,i4, conf=0: [a4a68fdc-9c21-417a-8215-14845568ad90:192.168.164.193:36183, 5aa0106d-b151-48db-b175-21e2bb54d20a:192.168.164.193:45972, bb175ec5-5e98-4251-9728-8e1e745e4fa1:192.168.164.193:34373], old=null
2019-10-28 11:35:08,204 [bb175ec5-5e98-4251-9728-8e1e745e4fa1@group-2BBC40871E24-LeaderElection12] INFO  impl.RaftServerImpl (RaftServerImpl.java:setRole(184)) - bb175ec5-5e98-4251-9728-8e1e745e4fa1@group-2BBC40871E24: changes role from CANDIDATE to FOLLOWER at term 7 for DISCOVERED_A_NEW_TERM
2019-10-28 11:35:08,205 [bb175ec5-5e98-4251-9728-8e1e745e4fa1@group-2BBC40871E24-LeaderElection12] INFO  impl.RoleInfo (RoleInfo.java:shutdownLeaderElection(134)) - bb175ec5-5e98-4251-9728-8e1e745e4fa1: shutdown LeaderElection
2019-10-28 11:35:08,205 [bb175ec5-5e98-4251-9728-8e1e745e4fa1@group-2BBC40871E24-LeaderElection12] INFO  impl.RoleInfo (RoleInfo.java:updateAndGet(143)) - bb175ec5-5e98-4251-9728-8e1e745e4fa1: start FollowerState
2019-10-28 11:35:08,328 [Thread-607] INFO  impl.FollowerState (FollowerState.java:run(108)) - bb175ec5-5e98-4251-9728-8e1e745e4fa1@group-2BBC40871E24-FollowerState: change to CANDIDATE, lastRpcTime:122ms, electionTimeout:45ms
2019-10-28 11:35:08,329 [Thread-607] INFO  impl.RoleInfo (RoleInfo.java:shutdownFollowerState(121)) - bb175ec5-5e98-4251-9728-8e1e745e4fa1: shutdown FollowerState
2019-10-28 11:35:08,329 [Thread-607] INFO  impl.RaftServerImpl (RaftServerImpl.java:setRole(184)) - bb175ec5-5e98-4251-9728-8e1e745e4fa1@group-2BBC40871E24: changes role from  FOLLOWER to CANDIDATE at term 7 for changeToCandidate
2019-10-28 11:35:08,329 [Thread-607] INFO  impl.RoleInfo (RoleInfo.java:updateAndGet(143)) - bb175ec5-5e98-4251-9728-8e1e745e4fa1: start LeaderElection
2019-10-28 11:35:08,344 [bb175ec5-5e98-4251-9728-8e1e745e4fa1@group-2BBC40871E24-LeaderElection13] INFO  impl.LeaderElection (LeaderElection.java:askForVotes(178)) - bb175ec5-5e98-4251-9728-8e1e745e4fa1@group-2BBC40871E24-LeaderElection13: begin an election at term 8 for 0: [a4a68fdc-9c21-417a-8215-14845568ad90:192.168.164.193:36183, 5aa0106d-b151-48db-b175-21e2bb54d20a:192.168.164.193:45972, bb175ec5-5e98-4251-9728-8e1e745e4fa1:192.168.164.193:34373], old=null
2019-10-28 11:35:08,348 [grpc-default-executor-1] INFO  impl.RaftServerImpl (RaftServerImpl.java:setRole(184)) - a4a68fdc-9c21-417a-8215-14845568ad90@group-2BBC40871E24: changes role from  FOLLOWER to FOLLOWER at term 8 for recognizeCandidate:bb175ec5-5e98-4251-9728-8e1e745e4fa1
2019-10-28 11:35:08,348 [grpc-default-executor-0] INFO  impl.RaftServerImpl (RaftServerImpl.java:setRole(184)) - 5aa0106d-b151-48db-b175-21e2bb54d20a@group-2BBC40871E24: changes role from  FOLLOWER to FOLLOWER at term 8 for recognizeCandidate:bb175ec5-5e98-4251-9728-8e1e745e4fa1
2019-10-28 11:35:08,349 [grpc-default-executor-1] INFO  impl.RoleInfo (RoleInfo.java:shutdownFollowerState(121)) - a4a68fdc-9c21-417a-8215-14845568ad90: shutdown FollowerState
2019-10-28 11:35:08,349 [grpc-default-executor-0] INFO  impl.RoleInfo (RoleInfo.java:shutdownFollowerState(121)) - 5aa0106d-b151-48db-b175-21e2bb54d20a: shutdown FollowerState
2019-10-28 11:35:08,349 [Thread-606] INFO  impl.FollowerState (FollowerState.java:run(117)) - a4a68fdc-9c21-417a-8215-14845568ad90@group-2BBC40871E24-FollowerState was interrupted: java.lang.InterruptedException: sleep interrupted
2019-10-28 11:35:08,349 [grpc-default-executor-1] INFO  impl.RoleInfo (RoleInfo.java:updateAndGet(143)) - a4a68fdc-9c21-417a-8215-14845568ad90: start FollowerState
2019-10-28 11:35:08,349 [Thread-605] INFO  impl.FollowerState (FollowerState.java:run(117)) - 5aa0106d-b151-48db-b175-21e2bb54d20a@group-2BBC40871E24-FollowerState was interrupted: java.lang.InterruptedException: sleep interrupted
2019-10-28 11:35:08,349 [grpc-default-executor-0] INFO  impl.RoleInfo (RoleInfo.java:updateAndGet(143)) - 5aa0106d-b151-48db-b175-21e2bb54d20a: start FollowerState
2019-10-28 11:35:08,366 [bb175ec5-5e98-4251-9728-8e1e745e4fa1@group-2BBC40871E24-LeaderElection13] INFO  impl.LeaderElection (LeaderElection.java:logAndReturn(56)) - bb175ec5-5e98-4251-9728-8e1e745e4fa1@group-2BBC40871E24-LeaderElection13: Election REJECTED; received 2 response(s) [bb175ec5-5e98-4251-9728-8e1e745e4fa1<-a4a68fdc-9c21-417a-8215-14845568ad90#0:FAIL-t8, bb175ec5-5e98-4251-9728-8e1e745e4fa1<-5aa0106d-b151-48db-b175-21e2bb54d20a#0:FAIL-t8] and 0 exception(s); bb175ec5-5e98-4251-9728-8e1e745e4fa1@group-2BBC40871E24:t8, leader=null, voted=bb175ec5-5e98-4251-9728-8e1e745e4fa1, raftlog=bb175ec5-5e98-4251-9728-8e1e745e4fa1@group-2BBC40871E24-SegmentedRaftLog:OPENED:c3,f4,i4, conf=0: [a4a68fdc-9c21-417a-8215-14845568ad90:192.168.164.193:36183, 5aa0106d-b151-48db-b175-21e2bb54d20a:192.168.164.193:45972, bb175ec5-5e98-4251-9728-8e1e745e4fa1:192.168.164.193:34373], old=null
2019-10-28 11:35:08,366 [bb175ec5-5e98-4251-9728-8e1e745e4fa1@group-2BBC40871E24-LeaderElection13] INFO  impl.RaftServerImpl (RaftServerImpl.java:setRole(184)) - bb175ec5-5e98-4251-9728-8e1e745e4fa1@group-2BBC40871E24: changes role from CANDIDATE to FOLLOWER at term 8 for DISCOVERED_A_NEW_TERM
2019-10-28 11:35:08,370 [bb175ec5-5e98-4251-9728-8e1e745e4fa1@group-2BBC40871E24-LeaderElection13] INFO  impl.RoleInfo (RoleInfo.java:shutdownLeaderElection(134)) - bb175ec5-5e98-4251-9728-8e1e745e4fa1: shutdown LeaderElection
2019-10-28 11:35:08,370 [bb175ec5-5e98-4251-9728-8e1e745e4fa1@group-2BBC40871E24-LeaderElection13] INFO  impl.RoleInfo (RoleInfo.java:updateAndGet(143)) - bb175ec5-5e98-4251-9728-8e1e745e4fa1: start FollowerState
2019-10-28 11:35:08,407 [Thread-613] INFO  impl.FollowerState (FollowerState.java:run(108)) - bb175ec5-5e98-4251-9728-8e1e745e4fa1@group-2BBC40871E24-FollowerState: change to CANDIDATE, lastRpcTime:36ms, electionTimeout:36ms
2019-10-28 11:35:08,409 [Thread-613] INFO  impl.RoleInfo (RoleInfo.java:shutdownFollowerState(121)) - bb175ec5-5e98-4251-9728-8e1e745e4fa1: shutdown FollowerState
2019-10-28 11:35:08,409 [Thread-613] INFO  impl.RaftServerImpl (RaftServerImpl.java:setRole(184)) - bb175ec5-5e98-4251-9728-8e1e745e4fa1@group-2BBC40871E24: changes role from  FOLLOWER to CANDIDATE at term 8 for changeToCandidate
2019-10-28 11:35:08,409 [Thread-613] INFO  impl.RoleInfo (RoleInfo.java:updateAndGet(143)) - bb175ec5-5e98-4251-9728-8e1e745e4fa1: start LeaderElection
2019-10-28 11:35:08,424 [bb175ec5-5e98-4251-9728-8e1e745e4fa1@group-2BBC40871E24-LeaderElection14] INFO  impl.LeaderElection (LeaderElection.java:askForVotes(178)) - bb175ec5-5e98-4251-9728-8e1e745e4fa1@group-2BBC40871E24-LeaderElection14: begin an election at term 9 for 0: [a4a68fdc-9c21-417a-8215-14845568ad90:192.168.164.193:36183, 5aa0106d-b151-48db-b175-21e2bb54d20a:192.168.164.193:45972, bb175ec5-5e98-4251-9728-8e1e745e4fa1:192.168.164.193:34373], old=null
2019-10-28 11:35:08,432 [grpc-default-executor-0] INFO  impl.RaftServerImpl (RaftServerImpl.java:setRole(184)) - a4a68fdc-9c21-417a-8215-14845568ad90@group-2BBC40871E24: changes role from  FOLLOWER to FOLLOWER at term 9 for recognizeCandidate:bb175ec5-5e98-4251-9728-8e1e745e4fa1
2019-10-28 11:35:08,432 [grpc-default-executor-1] INFO  impl.RaftServerImpl (RaftServerImpl.java:setRole(184)) - 5aa0106d-b151-48db-b175-21e2bb54d20a@group-2BBC40871E24: changes role from  FOLLOWER to FOLLOWER at term 9 for recognizeCandidate:bb175ec5-5e98-4251-9728-8e1e745e4fa1
2019-10-28 11:35:08,433 [grpc-default-executor-0] INFO  impl.RoleInfo (RoleInfo.java:shutdownFollowerState(121)) - a4a68fdc-9c21-417a-8215-14845568ad90: shutdown FollowerState
2019-10-28 11:35:08,433 [grpc-default-executor-1] INFO  impl.RoleInfo (RoleInfo.java:shutdownFollowerState(121)) - 5aa0106d-b151-48db-b175-21e2bb54d20a: shutdown FollowerState
2019-10-28 11:35:08,433 [grpc-default-executor-0] INFO  impl.RoleInfo (RoleInfo.java:updateAndGet(143)) - a4a68fdc-9c21-417a-8215-14845568ad90: start FollowerState
2019-10-28 11:35:08,433 [Thread-612] INFO  impl.FollowerState (FollowerState.java:run(117)) - 5aa0106d-b151-48db-b175-21e2bb54d20a@group-2BBC40871E24-FollowerState was interrupted: java.lang.InterruptedException: sleep interrupted
2019-10-28 11:35:08,433 [Thread-611] INFO  impl.FollowerState (FollowerState.java:run(117)) - a4a68fdc-9c21-417a-8215-14845568ad90@group-2BBC40871E24-FollowerState was interrupted: java.lang.InterruptedException: sleep interrupted
2019-10-28 11:35:08,433 [grpc-default-executor-1] INFO  impl.RoleInfo (RoleInfo.java:updateAndGet(143)) - 5aa0106d-b151-48db-b175-21e2bb54d20a: start FollowerState
2019-10-28 11:35:08,442 [pool-7-thread-2] INFO  commands.RetriableDatanodeEventWatcher (RetriableDatanodeEventWatcher.java:onTimeout(47)) - RetriableDatanodeCommand type=deleteBlocksCommand with id=1572262504442 timed out. Retrying.
2019-10-28 11:35:08,442 [pool-7-thread-5] INFO  commands.RetriableDatanodeEventWatcher (RetriableDatanodeEventWatcher.java:onTimeout(47)) - RetriableDatanodeCommand type=deleteBlocksCommand with id=1572262504436 timed out. Retrying.
2019-10-28 11:35:08,443 [pool-7-thread-1] INFO  commands.RetriableDatanodeEventWatcher (RetriableDatanodeEventWatcher.java:onTimeout(47)) - RetriableDatanodeCommand type=deleteBlocksCommand with id=1572262504439 timed out. Retrying.
2019-10-28 11:35:08,443 [pool-7-thread-3] INFO  commands.RetriableDatanodeEventWatcher (RetriableDatanodeEventWatcher.java:onTimeout(47)) - RetriableDatanodeCommand type=deleteBlocksCommand with id=1572262504441 timed out. Retrying.
2019-10-28 11:35:08,443 [pool-7-thread-4] INFO  commands.RetriableDatanodeEventWatcher (RetriableDatanodeEventWatcher.java:onTimeout(47)) - RetriableDatanodeCommand type=deleteBlocksCommand with id=1572262504440 timed out. Retrying.
2019-10-28 11:35:08,443 [SCMBlockDeletingService#0] INFO  block.SCMBlockDeletingService (SCMBlockDeletingService.java:call(184)) - Totally added 1 delete blocks command for 1 datanodes, task elapsed time: 1ms
2019-10-28 11:35:08,446 [bb175ec5-5e98-4251-9728-8e1e745e4fa1@group-2BBC40871E24-LeaderElection14] INFO  impl.LeaderElection (LeaderElection.java:logAndReturn(56)) - bb175ec5-5e98-4251-9728-8e1e745e4fa1@group-2BBC40871E24-LeaderElection14: Election REJECTED; received 2 response(s) [bb175ec5-5e98-4251-9728-8e1e745e4fa1<-a4a68fdc-9c21-417a-8215-14845568ad90#0:FAIL-t9, bb175ec5-5e98-4251-9728-8e1e745e4fa1<-5aa0106d-b151-48db-b175-21e2bb54d20a#0:FAIL-t9] and 0 exception(s); bb175ec5-5e98-4251-9728-8e1e745e4fa1@group-2BBC40871E24:t9, leader=null, voted=bb175ec5-5e98-4251-9728-8e1e745e4fa1, raftlog=bb175ec5-5e98-4251-9728-8e1e745e4fa1@group-2BBC40871E24-SegmentedRaftLog:OPENED:c3,f4,i4, conf=0: [a4a68fdc-9c21-417a-8215-14845568ad90:192.168.164.193:36183, 5aa0106d-b151-48db-b175-21e2bb54d20a:192.168.164.193:45972, bb175ec5-5e98-4251-9728-8e1e745e4fa1:192.168.164.193:34373], old=null
2019-10-28 11:35:08,447 [bb175ec5-5e98-4251-9728-8e1e745e4fa1@group-2BBC40871E24-LeaderElection14] INFO  impl.RaftServerImpl (RaftServerImpl.java:setRole(184)) - bb175ec5-5e98-4251-9728-8e1e745e4fa1@group-2BBC40871E24: changes role from CANDIDATE to FOLLOWER at term 9 for DISCOVERED_A_NEW_TERM
2019-10-28 11:35:08,447 [bb175ec5-5e98-4251-9728-8e1e745e4fa1@group-2BBC40871E24-LeaderElection14] INFO  impl.RoleInfo (RoleInfo.java:shutdownLeaderElection(134)) - bb175ec5-5e98-4251-9728-8e1e745e4fa1: shutdown LeaderElection
2019-10-28 11:35:08,447 [bb175ec5-5e98-4251-9728-8e1e745e4fa1@group-2BBC40871E24-LeaderElection14] INFO  impl.RoleInfo (RoleInfo.java:updateAndGet(143)) - bb175ec5-5e98-4251-9728-8e1e745e4fa1: start FollowerState
2019-10-28 11:35:08,506 [Command processor thread] INFO  commandhandler.DeleteBlocksCommandHandler (DeleteBlocksCommandHandler.java:handle(106)) - Start to delete container blocks, TXIDs=[1(2)], numOfContainers=1, numOfBlocks=1
2019-10-28 11:35:08,508 [Command processor thread] INFO  commandhandler.DeleteBlocksCommandHandler (DeleteBlocksCommandHandler.java:handle(106)) - Start to delete container blocks, TXIDs=[1(2)], numOfContainers=1, numOfBlocks=1
2019-10-28 11:35:08,508 [Thread-619] INFO  impl.FollowerState (FollowerState.java:run(108)) - bb175ec5-5e98-4251-9728-8e1e745e4fa1@group-2BBC40871E24-FollowerState: change to CANDIDATE, lastRpcTime:61ms, electionTimeout:61ms
2019-10-28 11:35:08,508 [Thread-619] INFO  impl.RoleInfo (RoleInfo.java:shutdownFollowerState(121)) - bb175ec5-5e98-4251-9728-8e1e745e4fa1: shutdown FollowerState
2019-10-28 11:35:08,509 [Thread-619] INFO  impl.RaftServerImpl (RaftServerImpl.java:setRole(184)) - bb175ec5-5e98-4251-9728-8e1e745e4fa1@group-2BBC40871E24: changes role from  FOLLOWER to CANDIDATE at term 9 for changeToCandidate
2019-10-28 11:35:08,509 [Thread-619] INFO  impl.RoleInfo (RoleInfo.java:updateAndGet(143)) - bb175ec5-5e98-4251-9728-8e1e745e4fa1: start LeaderElection
2019-10-28 11:35:08,523 [bb175ec5-5e98-4251-9728-8e1e745e4fa1@group-2BBC40871E24-LeaderElection15] INFO  impl.LeaderElection (LeaderElection.java:askForVotes(178)) - bb175ec5-5e98-4251-9728-8e1e745e4fa1@group-2BBC40871E24-LeaderElection15: begin an election at term 10 for 0: [a4a68fdc-9c21-417a-8215-14845568ad90:192.168.164.193:36183, 5aa0106d-b151-48db-b175-21e2bb54d20a:192.168.164.193:45972, bb175ec5-5e98-4251-9728-8e1e745e4fa1:192.168.164.193:34373], old=null
2019-10-28 11:35:08,528 [grpc-default-executor-1] INFO  impl.RaftServerImpl (RaftServerImpl.java:setRole(184)) - a4a68fdc-9c21-417a-8215-14845568ad90@group-2BBC40871E24: changes role from  FOLLOWER to FOLLOWER at term 10 for recognizeCandidate:bb175ec5-5e98-4251-9728-8e1e745e4fa1
2019-10-28 11:35:08,528 [grpc-default-executor-2] INFO  impl.RaftServerImpl (RaftServerImpl.java:setRole(184)) - 5aa0106d-b151-48db-b175-21e2bb54d20a@group-2BBC40871E24: changes role from  FOLLOWER to FOLLOWER at term 10 for recognizeCandidate:bb175ec5-5e98-4251-9728-8e1e745e4fa1
2019-10-28 11:35:08,529 [grpc-default-executor-1] INFO  impl.RoleInfo (RoleInfo.java:shutdownFollowerState(121)) - a4a68fdc-9c21-417a-8215-14845568ad90: shutdown FollowerState
2019-10-28 11:35:08,529 [grpc-default-executor-2] INFO  impl.RoleInfo (RoleInfo.java:shutdownFollowerState(121)) - 5aa0106d-b151-48db-b175-21e2bb54d20a: shutdown FollowerState
2019-10-28 11:35:08,529 [grpc-default-executor-1] INFO  impl.RoleInfo (RoleInfo.java:updateAndGet(143)) - a4a68fdc-9c21-417a-8215-14845568ad90: start FollowerState
2019-10-28 11:35:08,529 [Thread-618] INFO  impl.FollowerState (FollowerState.java:run(117)) - 5aa0106d-b151-48db-b175-21e2bb54d20a@group-2BBC40871E24-FollowerState was interrupted: java.lang.InterruptedException: sleep interrupted
2019-10-28 11:35:08,529 [grpc-default-executor-2] INFO  impl.RoleInfo (RoleInfo.java:updateAndGet(143)) - 5aa0106d-b151-48db-b175-21e2bb54d20a: start FollowerState
2019-10-28 11:35:08,529 [Thread-617] INFO  impl.FollowerState (FollowerState.java:run(117)) - a4a68fdc-9c21-417a-8215-14845568ad90@group-2BBC40871E24-FollowerState was interrupted: java.lang.InterruptedException: sleep interrupted
2019-10-28 11:35:08,546 [bb175ec5-5e98-4251-9728-8e1e745e4fa1@group-2BBC40871E24-LeaderElection15] INFO  impl.LeaderElection (LeaderElection.java:logAndReturn(56)) - bb175ec5-5e98-4251-9728-8e1e745e4fa1@group-2BBC40871E24-LeaderElection15: Election REJECTED; received 2 response(s) [bb175ec5-5e98-4251-9728-8e1e745e4fa1<-a4a68fdc-9c21-417a-8215-14845568ad90#0:FAIL-t10, bb175ec5-5e98-4251-9728-8e1e745e4fa1<-5aa0106d-b151-48db-b175-21e2bb54d20a#0:FAIL-t10] and 0 exception(s); bb175ec5-5e98-4251-9728-8e1e745e4fa1@group-2BBC40871E24:t10, leader=null, voted=bb175ec5-5e98-4251-9728-8e1e745e4fa1, raftlog=bb175ec5-5e98-4251-9728-8e1e745e4fa1@group-2BBC40871E24-SegmentedRaftLog:OPENED:c3,f4,i4, conf=0: [a4a68fdc-9c21-417a-8215-14845568ad90:192.168.164.193:36183, 5aa0106d-b151-48db-b175-21e2bb54d20a:192.168.164.193:45972, bb175ec5-5e98-4251-9728-8e1e745e4fa1:192.168.164.193:34373], old=null
2019-10-28 11:35:08,546 [bb175ec5-5e98-4251-9728-8e1e745e4fa1@group-2BBC40871E24-LeaderElection15] INFO  impl.RaftServerImpl (RaftServerImpl.java:setRole(184)) - bb175ec5-5e98-4251-9728-8e1e745e4fa1@group-2BBC40871E24: changes role from CANDIDATE to FOLLOWER at term 10 for DISCOVERED_A_NEW_TERM
2019-10-28 11:35:08,546 [bb175ec5-5e98-4251-9728-8e1e745e4fa1@group-2BBC40871E24-LeaderElection15] INFO  impl.RoleInfo (RoleInfo.java:shutdownLeaderElection(134)) - bb175ec5-5e98-4251-9728-8e1e745e4fa1: shutdown LeaderElection
2019-10-28 11:35:08,546 [bb175ec5-5e98-4251-9728-8e1e745e4fa1@group-2BBC40871E24-LeaderElection15] INFO  impl.RoleInfo (RoleInfo.java:updateAndGet(143)) - bb175ec5-5e98-4251-9728-8e1e745e4fa1: start FollowerState
2019-10-28 11:35:08,621 [Thread-625] INFO  impl.FollowerState (FollowerState.java:run(108)) - bb175ec5-5e98-4251-9728-8e1e745e4fa1@group-2BBC40871E24-FollowerState: change to CANDIDATE, lastRpcTime:74ms, electionTimeout:74ms
2019-10-28 11:35:08,622 [Thread-625] INFO  impl.RoleInfo (RoleInfo.java:shutdownFollowerState(121)) - bb175ec5-5e98-4251-9728-8e1e745e4fa1: shutdown FollowerState
2019-10-28 11:35:08,622 [Thread-625] INFO  impl.RaftServerImpl (RaftServerImpl.java:setRole(184)) - bb175ec5-5e98-4251-9728-8e1e745e4fa1@group-2BBC40871E24: changes role from  FOLLOWER to CANDIDATE at term 10 for changeToCandidate
2019-10-28 11:35:08,622 [Thread-625] INFO  impl.RoleInfo (RoleInfo.java:updateAndGet(143)) - bb175ec5-5e98-4251-9728-8e1e745e4fa1: start LeaderElection
2019-10-28 11:35:08,638 [bb175ec5-5e98-4251-9728-8e1e745e4fa1@group-2BBC40871E24-LeaderElection16] INFO  impl.LeaderElection (LeaderElection.java:askForVotes(178)) - bb175ec5-5e98-4251-9728-8e1e745e4fa1@group-2BBC40871E24-LeaderElection16: begin an election at term 11 for 0: [a4a68fdc-9c21-417a-8215-14845568ad90:192.168.164.193:36183, 5aa0106d-b151-48db-b175-21e2bb54d20a:192.168.164.193:45972, bb175ec5-5e98-4251-9728-8e1e745e4fa1:192.168.164.193:34373], old=null
2019-10-28 11:35:08,644 [grpc-default-executor-2] INFO  impl.RaftServerImpl (RaftServerImpl.java:setRole(184)) - a4a68fdc-9c21-417a-8215-14845568ad90@group-2BBC40871E24: changes role from  FOLLOWER to FOLLOWER at term 11 for recognizeCandidate:bb175ec5-5e98-4251-9728-8e1e745e4fa1
2019-10-28 11:35:08,644 [grpc-default-executor-2] INFO  impl.RoleInfo (RoleInfo.java:shutdownFollowerState(121)) - a4a68fdc-9c21-417a-8215-14845568ad90: shutdown FollowerState
2019-10-28 11:35:08,644 [grpc-default-executor-2] INFO  impl.RoleInfo (RoleInfo.java:updateAndGet(143)) - a4a68fdc-9c21-417a-8215-14845568ad90: start FollowerState
2019-10-28 11:35:08,645 [Thread-623] INFO  impl.FollowerState (FollowerState.java:run(117)) - a4a68fdc-9c21-417a-8215-14845568ad90@group-2BBC40871E24-FollowerState was interrupted: java.lang.InterruptedException: sleep interrupted
2019-10-28 11:35:08,647 [grpc-default-executor-1] INFO  impl.RaftServerImpl (RaftServerImpl.java:setRole(184)) - 5aa0106d-b151-48db-b175-21e2bb54d20a@group-2BBC40871E24: changes role from  FOLLOWER to FOLLOWER at term 11 for recognizeCandidate:bb175ec5-5e98-4251-9728-8e1e745e4fa1
2019-10-28 11:35:08,647 [grpc-default-executor-1] INFO  impl.RoleInfo (RoleInfo.java:shutdownFollowerState(121)) - 5aa0106d-b151-48db-b175-21e2bb54d20a: shutdown FollowerState
2019-10-28 11:35:08,647 [Thread-624] INFO  impl.FollowerState (FollowerState.java:run(117)) - 5aa0106d-b151-48db-b175-21e2bb54d20a@group-2BBC40871E24-FollowerState was interrupted: java.lang.InterruptedException: sleep interrupted
2019-10-28 11:35:08,647 [grpc-default-executor-1] INFO  impl.RoleInfo (RoleInfo.java:updateAndGet(143)) - 5aa0106d-b151-48db-b175-21e2bb54d20a: start FollowerState
2019-10-28 11:35:08,662 [bb175ec5-5e98-4251-9728-8e1e745e4fa1@group-2BBC40871E24-LeaderElection16] INFO  impl.LeaderElection (LeaderElection.java:logAndReturn(56)) - bb175ec5-5e98-4251-9728-8e1e745e4fa1@group-2BBC40871E24-LeaderElection16: Election REJECTED; received 2 response(s) [bb175ec5-5e98-4251-9728-8e1e745e4fa1<-a4a68fdc-9c21-417a-8215-14845568ad90#0:FAIL-t11, bb175ec5-5e98-4251-9728-8e1e745e4fa1<-5aa0106d-b151-48db-b175-21e2bb54d20a#0:FAIL-t11] and 0 exception(s); bb175ec5-5e98-4251-9728-8e1e745e4fa1@group-2BBC40871E24:t11, leader=null, voted=bb175ec5-5e98-4251-9728-8e1e745e4fa1, raftlog=bb175ec5-5e98-4251-9728-8e1e745e4fa1@group-2BBC40871E24-SegmentedRaftLog:OPENED:c3,f4,i4, conf=0: [a4a68fdc-9c21-417a-8215-14845568ad90:192.168.164.193:36183, 5aa0106d-b151-48db-b175-21e2bb54d20a:192.168.164.193:45972, bb175ec5-5e98-4251-9728-8e1e745e4fa1:192.168.164.193:34373], old=null
2019-10-28 11:35:08,662 [bb175ec5-5e98-4251-9728-8e1e745e4fa1@group-2BBC40871E24-LeaderElection16] INFO  impl.RaftServerImpl (RaftServerImpl.java:setRole(184)) - bb175ec5-5e98-4251-9728-8e1e745e4fa1@group-2BBC40871E24: changes role from CANDIDATE to FOLLOWER at term 11 for DISCOVERED_A_NEW_TERM
2019-10-28 11:35:08,662 [bb175ec5-5e98-4251-9728-8e1e745e4fa1@group-2BBC40871E24-LeaderElection16] INFO  impl.RoleInfo (RoleInfo.java:shutdownLeaderElection(134)) - bb175ec5-5e98-4251-9728-8e1e745e4fa1: shutdown LeaderElection
2019-10-28 11:35:08,662 [bb175ec5-5e98-4251-9728-8e1e745e4fa1@group-2BBC40871E24-LeaderElection16] INFO  impl.RoleInfo (RoleInfo.java:updateAndGet(143)) - bb175ec5-5e98-4251-9728-8e1e745e4fa1: start FollowerState
2019-10-28 11:35:08,761 [BlockDeletingService#2] WARN  background.BlockDeletingService (BlockDeletingService.java:isDeletionAllowed(187)) - Close Container log Index 6 is not replicated across allthe servers in the pipeline 673f7971-0954-4a65-9d1b-2bbc40871e24 as the min replicated index is 4. Deletion is not allowed in this container yet.
2019-10-28 11:35:08,761 [BlockDeletingService#2] WARN  background.BlockDeletingService (BlockDeletingService.java:isDeletionAllowed(187)) - Close Container log Index 6 is not replicated across allthe servers in the pipeline 673f7971-0954-4a65-9d1b-2bbc40871e24 as the min replicated index is 4. Deletion is not allowed in this container yet.
2019-10-28 11:35:08,764 [Thread-631] INFO  impl.FollowerState (FollowerState.java:run(108)) - bb175ec5-5e98-4251-9728-8e1e745e4fa1@group-2BBC40871E24-FollowerState: change to CANDIDATE, lastRpcTime:101ms, electionTimeout:101ms
2019-10-28 11:35:08,764 [Thread-631] INFO  impl.RoleInfo (RoleInfo.java:shutdownFollowerState(121)) - bb175ec5-5e98-4251-9728-8e1e745e4fa1: shutdown FollowerState
2019-10-28 11:35:08,764 [Thread-631] INFO  impl.RaftServerImpl (RaftServerImpl.java:setRole(184)) - bb175ec5-5e98-4251-9728-8e1e745e4fa1@group-2BBC40871E24: changes role from  FOLLOWER to CANDIDATE at term 11 for changeToCandidate
2019-10-28 11:35:08,764 [Thread-631] INFO  impl.RoleInfo (RoleInfo.java:updateAndGet(143)) - bb175ec5-5e98-4251-9728-8e1e745e4fa1: start LeaderElection
2019-10-28 11:35:08,778 [bb175ec5-5e98-4251-9728-8e1e745e4fa1@group-2BBC40871E24-LeaderElection17] INFO  impl.LeaderElection (LeaderElection.java:askForVotes(178)) - bb175ec5-5e98-4251-9728-8e1e745e4fa1@group-2BBC40871E24-LeaderElection17: begin an election at term 12 for 0: [a4a68fdc-9c21-417a-8215-14845568ad90:192.168.164.193:36183, 5aa0106d-b151-48db-b175-21e2bb54d20a:192.168.164.193:45972, bb175ec5-5e98-4251-9728-8e1e745e4fa1:192.168.164.193:34373], old=null
2019-10-28 11:35:08,782 [grpc-default-executor-2] INFO  impl.RaftServerImpl (RaftServerImpl.java:setRole(184)) - 5aa0106d-b151-48db-b175-21e2bb54d20a@group-2BBC40871E24: changes role from  FOLLOWER to FOLLOWER at term 12 for recognizeCandidate:bb175ec5-5e98-4251-9728-8e1e745e4fa1
2019-10-28 11:35:08,783 [grpc-default-executor-2] INFO  impl.RoleInfo (RoleInfo.java:shutdownFollowerState(121)) - 5aa0106d-b151-48db-b175-21e2bb54d20a: shutdown FollowerState
2019-10-28 11:35:08,783 [grpc-default-executor-2] INFO  impl.RoleInfo (RoleInfo.java:updateAndGet(143)) - 5aa0106d-b151-48db-b175-21e2bb54d20a: start FollowerState
2019-10-28 11:35:08,783 [grpc-default-executor-1] INFO  impl.RaftServerImpl (RaftServerImpl.java:setRole(184)) - a4a68fdc-9c21-417a-8215-14845568ad90@group-2BBC40871E24: changes role from  FOLLOWER to FOLLOWER at term 12 for recognizeCandidate:bb175ec5-5e98-4251-9728-8e1e745e4fa1
2019-10-28 11:35:08,783 [Thread-630] INFO  impl.FollowerState (FollowerState.java:run(117)) - 5aa0106d-b151-48db-b175-21e2bb54d20a@group-2BBC40871E24-FollowerState was interrupted: java.lang.InterruptedException: sleep interrupted
2019-10-28 11:35:08,783 [grpc-default-executor-1] INFO  impl.RoleInfo (RoleInfo.java:shutdownFollowerState(121)) - a4a68fdc-9c21-417a-8215-14845568ad90: shutdown FollowerState
2019-10-28 11:35:08,785 [grpc-default-executor-1] INFO  impl.RoleInfo (RoleInfo.java:updateAndGet(143)) - a4a68fdc-9c21-417a-8215-14845568ad90: start FollowerState
2019-10-28 11:35:08,785 [Thread-629] INFO  impl.FollowerState (FollowerState.java:run(117)) - a4a68fdc-9c21-417a-8215-14845568ad90@group-2BBC40871E24-FollowerState was interrupted: java.lang.InterruptedException: sleep interrupted
2019-10-28 11:35:08,794 [bb175ec5-5e98-4251-9728-8e1e745e4fa1@group-2BBC40871E24-LeaderElection17] INFO  impl.LeaderElection (LeaderElection.java:logAndReturn(56)) - bb175ec5-5e98-4251-9728-8e1e745e4fa1@group-2BBC40871E24-LeaderElection17: Election TIMEOUT; received 0 response(s) [] and 0 exception(s); bb175ec5-5e98-4251-9728-8e1e745e4fa1@group-2BBC40871E24:t12, leader=null, voted=bb175ec5-5e98-4251-9728-8e1e745e4fa1, raftlog=bb175ec5-5e98-4251-9728-8e1e745e4fa1@group-2BBC40871E24-SegmentedRaftLog:OPENED:c3,f4,i4, conf=0: [a4a68fdc-9c21-417a-8215-14845568ad90:192.168.164.193:36183, 5aa0106d-b151-48db-b175-21e2bb54d20a:192.168.164.193:45972, bb175ec5-5e98-4251-9728-8e1e745e4fa1:192.168.164.193:34373], old=null
2019-10-28 11:35:08,809 [bb175ec5-5e98-4251-9728-8e1e745e4fa1@group-2BBC40871E24-LeaderElection17] INFO  impl.LeaderElection (LeaderElection.java:askForVotes(178)) - bb175ec5-5e98-4251-9728-8e1e745e4fa1@group-2BBC40871E24-LeaderElection17: begin an election at term 13 for 0: [a4a68fdc-9c21-417a-8215-14845568ad90:192.168.164.193:36183, 5aa0106d-b151-48db-b175-21e2bb54d20a:192.168.164.193:45972, bb175ec5-5e98-4251-9728-8e1e745e4fa1:192.168.164.193:34373], old=null
2019-10-28 11:35:08,812 [grpc-default-executor-2] INFO  impl.RaftServerImpl (RaftServerImpl.java:setRole(184)) - a4a68fdc-9c21-417a-8215-14845568ad90@group-2BBC40871E24: changes role from  FOLLOWER to FOLLOWER at term 13 for recognizeCandidate:bb175ec5-5e98-4251-9728-8e1e745e4fa1
2019-10-28 11:35:08,813 [grpc-default-executor-2] INFO  impl.RoleInfo (RoleInfo.java:shutdownFollowerState(121)) - a4a68fdc-9c21-417a-8215-14845568ad90: shutdown FollowerState
2019-10-28 11:35:08,813 [grpc-default-executor-2] INFO  impl.RoleInfo (RoleInfo.java:updateAndGet(143)) - a4a68fdc-9c21-417a-8215-14845568ad90: start FollowerState
2019-10-28 11:35:08,813 [Thread-638] INFO  impl.FollowerState (FollowerState.java:run(117)) - a4a68fdc-9c21-417a-8215-14845568ad90@group-2BBC40871E24-FollowerState was interrupted: java.lang.InterruptedException: sleep interrupted
2019-10-28 11:35:08,813 [grpc-default-executor-1] INFO  impl.RaftServerImpl (RaftServerImpl.java:setRole(184)) - 5aa0106d-b151-48db-b175-21e2bb54d20a@group-2BBC40871E24: changes role from  FOLLOWER to FOLLOWER at term 13 for recognizeCandidate:bb175ec5-5e98-4251-9728-8e1e745e4fa1
2019-10-28 11:35:08,814 [grpc-default-executor-1] INFO  impl.RoleInfo (RoleInfo.java:shutdownFollowerState(121)) - 5aa0106d-b151-48db-b175-21e2bb54d20a: shutdown FollowerState
2019-10-28 11:35:08,814 [grpc-default-executor-1] INFO  impl.RoleInfo (RoleInfo.java:updateAndGet(143)) - 5aa0106d-b151-48db-b175-21e2bb54d20a: start FollowerState
2019-10-28 11:35:08,814 [Thread-637] INFO  impl.FollowerState (FollowerState.java:run(117)) - 5aa0106d-b151-48db-b175-21e2bb54d20a@group-2BBC40871E24-FollowerState was interrupted: java.lang.InterruptedException: sleep interrupted
2019-10-28 11:35:08,827 [bb175ec5-5e98-4251-9728-8e1e745e4fa1@group-2BBC40871E24-LeaderElection17] INFO  impl.LeaderElection (LeaderElection.java:logAndReturn(56)) - bb175ec5-5e98-4251-9728-8e1e745e4fa1@group-2BBC40871E24-LeaderElection17: Election REJECTED; received 2 response(s) [bb175ec5-5e98-4251-9728-8e1e745e4fa1<-a4a68fdc-9c21-417a-8215-14845568ad90#0:FAIL-t13, bb175ec5-5e98-4251-9728-8e1e745e4fa1<-5aa0106d-b151-48db-b175-21e2bb54d20a#0:FAIL-t13] and 0 exception(s); bb175ec5-5e98-4251-9728-8e1e745e4fa1@group-2BBC40871E24:t13, leader=null, voted=bb175ec5-5e98-4251-9728-8e1e745e4fa1, raftlog=bb175ec5-5e98-4251-9728-8e1e745e4fa1@group-2BBC40871E24-SegmentedRaftLog:OPENED:c3,f4,i4, conf=0: [a4a68fdc-9c21-417a-8215-14845568ad90:192.168.164.193:36183, 5aa0106d-b151-48db-b175-21e2bb54d20a:192.168.164.193:45972, bb175ec5-5e98-4251-9728-8e1e745e4fa1:192.168.164.193:34373], old=null
2019-10-28 11:35:08,827 [bb175ec5-5e98-4251-9728-8e1e745e4fa1@group-2BBC40871E24-LeaderElection17] INFO  impl.RaftServerImpl (RaftServerImpl.java:setRole(184)) - bb175ec5-5e98-4251-9728-8e1e745e4fa1@group-2BBC40871E24: changes role from CANDIDATE to FOLLOWER at term 13 for DISCOVERED_A_NEW_TERM
2019-10-28 11:35:08,827 [bb175ec5-5e98-4251-9728-8e1e745e4fa1@group-2BBC40871E24-LeaderElection17] INFO  impl.RoleInfo (RoleInfo.java:shutdownLeaderElection(134)) - bb175ec5-5e98-4251-9728-8e1e745e4fa1: shutdown LeaderElection
2019-10-28 11:35:08,827 [bb175ec5-5e98-4251-9728-8e1e745e4fa1@group-2BBC40871E24-LeaderElection17] INFO  impl.RoleInfo (RoleInfo.java:updateAndGet(143)) - bb175ec5-5e98-4251-9728-8e1e745e4fa1: start FollowerState
2019-10-28 11:35:08,888 [Thread-643] INFO  impl.FollowerState (FollowerState.java:run(108)) - bb175ec5-5e98-4251-9728-8e1e745e4fa1@group-2BBC40871E24-FollowerState: change to CANDIDATE, lastRpcTime:60ms, electionTimeout:60ms
2019-10-28 11:35:08,892 [Thread-643] INFO  impl.RoleInfo (RoleInfo.java:shutdownFollowerState(121)) - bb175ec5-5e98-4251-9728-8e1e745e4fa1: shutdown FollowerState
2019-10-28 11:35:08,892 [Thread-643] INFO  impl.RaftServerImpl (RaftServerImpl.java:setRole(184)) - bb175ec5-5e98-4251-9728-8e1e745e4fa1@group-2BBC40871E24: changes role from  FOLLOWER to CANDIDATE at term 13 for changeToCandidate
2019-10-28 11:35:08,892 [Thread-643] INFO  impl.RoleInfo (RoleInfo.java:updateAndGet(143)) - bb175ec5-5e98-4251-9728-8e1e745e4fa1: start LeaderElection
2019-10-28 11:35:08,906 [bb175ec5-5e98-4251-9728-8e1e745e4fa1@group-2BBC40871E24-LeaderElection18] INFO  impl.LeaderElection (LeaderElection.java:askForVotes(178)) - bb175ec5-5e98-4251-9728-8e1e745e4fa1@group-2BBC40871E24-LeaderElection18: begin an election at term 14 for 0: [a4a68fdc-9c21-417a-8215-14845568ad90:192.168.164.193:36183, 5aa0106d-b151-48db-b175-21e2bb54d20a:192.168.164.193:45972, bb175ec5-5e98-4251-9728-8e1e745e4fa1:192.168.164.193:34373], old=null
2019-10-28 11:35:08,910 [grpc-default-executor-2] INFO  impl.RaftServerImpl (RaftServerImpl.java:setRole(184)) - 5aa0106d-b151-48db-b175-21e2bb54d20a@group-2BBC40871E24: changes role from  FOLLOWER to FOLLOWER at term 14 for recognizeCandidate:bb175ec5-5e98-4251-9728-8e1e745e4fa1
2019-10-28 11:35:08,910 [grpc-default-executor-1] INFO  impl.RaftServerImpl (RaftServerImpl.java:setRole(184)) - a4a68fdc-9c21-417a-8215-14845568ad90@group-2BBC40871E24: changes role from  FOLLOWER to FOLLOWER at term 14 for recognizeCandidate:bb175ec5-5e98-4251-9728-8e1e745e4fa1
2019-10-28 11:35:08,910 [grpc-default-executor-2] INFO  impl.RoleInfo (RoleInfo.java:shutdownFollowerState(121)) - 5aa0106d-b151-48db-b175-21e2bb54d20a: shutdown FollowerState
2019-10-28 11:35:08,911 [grpc-default-executor-1] INFO  impl.RoleInfo (RoleInfo.java:shutdownFollowerState(121)) - a4a68fdc-9c21-417a-8215-14845568ad90: shutdown FollowerState
2019-10-28 11:35:08,911 [Thread-642] INFO  impl.FollowerState (FollowerState.java:run(117)) - 5aa0106d-b151-48db-b175-21e2bb54d20a@group-2BBC40871E24-FollowerState was interrupted: java.lang.InterruptedException: sleep interrupted
2019-10-28 11:35:08,911 [grpc-default-executor-2] INFO  impl.RoleInfo (RoleInfo.java:updateAndGet(143)) - 5aa0106d-b151-48db-b175-21e2bb54d20a: start FollowerState
2019-10-28 11:35:08,911 [Thread-641] INFO  impl.FollowerState (FollowerState.java:run(117)) - a4a68fdc-9c21-417a-8215-14845568ad90@group-2BBC40871E24-FollowerState was interrupted: java.lang.InterruptedException: sleep interrupted
2019-10-28 11:35:08,911 [grpc-default-executor-1] INFO  impl.RoleInfo (RoleInfo.java:updateAndGet(143)) - a4a68fdc-9c21-417a-8215-14845568ad90: start FollowerState
2019-10-28 11:35:08,930 [bb175ec5-5e98-4251-9728-8e1e745e4fa1@group-2BBC40871E24-LeaderElection18] INFO  impl.LeaderElection (LeaderElection.java:logAndReturn(56)) - bb175ec5-5e98-4251-9728-8e1e745e4fa1@group-2BBC40871E24-LeaderElection18: Election REJECTED; received 2 response(s) [bb175ec5-5e98-4251-9728-8e1e745e4fa1<-a4a68fdc-9c21-417a-8215-14845568ad90#0:FAIL-t14, bb175ec5-5e98-4251-9728-8e1e745e4fa1<-5aa0106d-b151-48db-b175-21e2bb54d20a#0:FAIL-t14] and 0 exception(s); bb175ec5-5e98-4251-9728-8e1e745e4fa1@group-2BBC40871E24:t14, leader=null, voted=bb175ec5-5e98-4251-9728-8e1e745e4fa1, raftlog=bb175ec5-5e98-4251-9728-8e1e745e4fa1@group-2BBC40871E24-SegmentedRaftLog:OPENED:c3,f4,i4, conf=0: [a4a68fdc-9c21-417a-8215-14845568ad90:192.168.164.193:36183, 5aa0106d-b151-48db-b175-21e2bb54d20a:192.168.164.193:45972, bb175ec5-5e98-4251-9728-8e1e745e4fa1:192.168.164.193:34373], old=null
2019-10-28 11:35:08,930 [bb175ec5-5e98-4251-9728-8e1e745e4fa1@group-2BBC40871E24-LeaderElection18] INFO  impl.RaftServerImpl (RaftServerImpl.java:setRole(184)) - bb175ec5-5e98-4251-9728-8e1e745e4fa1@group-2BBC40871E24: changes role from CANDIDATE to FOLLOWER at term 14 for DISCOVERED_A_NEW_TERM
2019-10-28 11:35:08,931 [bb175ec5-5e98-4251-9728-8e1e745e4fa1@group-2BBC40871E24-LeaderElection18] INFO  impl.RoleInfo (RoleInfo.java:shutdownLeaderElection(134)) - bb175ec5-5e98-4251-9728-8e1e745e4fa1: shutdown LeaderElection
2019-10-28 11:35:08,931 [bb175ec5-5e98-4251-9728-8e1e745e4fa1@group-2BBC40871E24-LeaderElection18] INFO  impl.RoleInfo (RoleInfo.java:updateAndGet(143)) - bb175ec5-5e98-4251-9728-8e1e745e4fa1: start FollowerState
2019-10-28 11:35:08,991 [Thread-652] INFO  client.GrpcClientProtocolService (GrpcClientProtocolService.java:lambda$processClientRequest$0(278)) - Failed RaftClientRequest:client-8D88133FDDEB->5aa0106d-b151-48db-b175-21e2bb54d20a@group-2BBC40871E24, cid=10, seq=0, Watch-ALL_COMMITTED(6), Message:<EMPTY>, reply=RaftClientReply:client-8D88133FDDEB->5aa0106d-b151-48db-b175-21e2bb54d20a@group-2BBC40871E24, cid=10, FAILED org.apache.ratis.protocol.NotLeaderException: Server 5aa0106d-b151-48db-b175-21e2bb54d20a@group-2BBC40871E24 is not the leader, logIndex=0, commits[5aa0106d-b151-48db-b175-21e2bb54d20a:c10, a4a68fdc-9c21-417a-8215-14845568ad90:c10, bb175ec5-5e98-4251-9728-8e1e745e4fa1:c4]
2019-10-28 11:35:09,131 [Thread-650] INFO  impl.FollowerState (FollowerState.java:run(108)) - bb175ec5-5e98-4251-9728-8e1e745e4fa1@group-2BBC40871E24-FollowerState: change to CANDIDATE, lastRpcTime:200ms, electionTimeout:200ms
2019-10-28 11:35:09,131 [Thread-650] INFO  impl.RoleInfo (RoleInfo.java:shutdownFollowerState(121)) - bb175ec5-5e98-4251-9728-8e1e745e4fa1: shutdown FollowerState
2019-10-28 11:35:09,132 [Thread-650] INFO  impl.RaftServerImpl (RaftServerImpl.java:setRole(184)) - bb175ec5-5e98-4251-9728-8e1e745e4fa1@group-2BBC40871E24: changes role from  FOLLOWER to CANDIDATE at term 14 for changeToCandidate
2019-10-28 11:35:09,132 [Thread-650] INFO  impl.RoleInfo (RoleInfo.java:updateAndGet(143)) - bb175ec5-5e98-4251-9728-8e1e745e4fa1: start LeaderElection
2019-10-28 11:35:09,145 [bb175ec5-5e98-4251-9728-8e1e745e4fa1@group-2BBC40871E24-LeaderElection19] INFO  impl.LeaderElection (LeaderElection.java:askForVotes(178)) - bb175ec5-5e98-4251-9728-8e1e745e4fa1@group-2BBC40871E24-LeaderElection19: begin an election at term 15 for 0: [a4a68fdc-9c21-417a-8215-14845568ad90:192.168.164.193:36183, 5aa0106d-b151-48db-b175-21e2bb54d20a:192.168.164.193:45972, bb175ec5-5e98-4251-9728-8e1e745e4fa1:192.168.164.193:34373], old=null
2019-10-28 11:35:09,151 [grpc-default-executor-2] INFO  impl.RaftServerImpl (RaftServerImpl.java:setRole(184)) - 5aa0106d-b151-48db-b175-21e2bb54d20a@group-2BBC40871E24: changes role from  FOLLOWER to FOLLOWER at term 15 for recognizeCandidate:bb175ec5-5e98-4251-9728-8e1e745e4fa1
2019-10-28 11:35:09,151 [grpc-default-executor-1] INFO  impl.RaftServerImpl (RaftServerImpl.java:setRole(184)) - a4a68fdc-9c21-417a-8215-14845568ad90@group-2BBC40871E24: changes role from  FOLLOWER to FOLLOWER at term 15 for recognizeCandidate:bb175ec5-5e98-4251-9728-8e1e745e4fa1
2019-10-28 11:35:09,151 [grpc-default-executor-2] INFO  impl.RoleInfo (RoleInfo.java:shutdownFollowerState(121)) - 5aa0106d-b151-48db-b175-21e2bb54d20a: shutdown FollowerState
2019-10-28 11:35:09,151 [grpc-default-executor-1] INFO  impl.RoleInfo (RoleInfo.java:shutdownFollowerState(121)) - a4a68fdc-9c21-417a-8215-14845568ad90: shutdown FollowerState
2019-10-28 11:35:09,151 [Thread-648] INFO  impl.FollowerState (FollowerState.java:run(117)) - 5aa0106d-b151-48db-b175-21e2bb54d20a@group-2BBC40871E24-FollowerState was interrupted: java.lang.InterruptedException: sleep interrupted
2019-10-28 11:35:09,151 [grpc-default-executor-2] INFO  impl.RoleInfo (RoleInfo.java:updateAndGet(143)) - 5aa0106d-b151-48db-b175-21e2bb54d20a: start FollowerState
2019-10-28 11:35:09,153 [Thread-649] INFO  impl.FollowerState (FollowerState.java:run(117)) - a4a68fdc-9c21-417a-8215-14845568ad90@group-2BBC40871E24-FollowerState was interrupted: java.lang.InterruptedException: sleep interrupted
2019-10-28 11:35:09,151 [grpc-default-executor-1] INFO  impl.RoleInfo (RoleInfo.java:updateAndGet(143)) - a4a68fdc-9c21-417a-8215-14845568ad90: start FollowerState
2019-10-28 11:35:09,168 [bb175ec5-5e98-4251-9728-8e1e745e4fa1@group-2BBC40871E24-LeaderElection19] INFO  impl.LeaderElection (LeaderElection.java:logAndReturn(56)) - bb175ec5-5e98-4251-9728-8e1e745e4fa1@group-2BBC40871E24-LeaderElection19: Election REJECTED; received 2 response(s) [bb175ec5-5e98-4251-9728-8e1e745e4fa1<-a4a68fdc-9c21-417a-8215-14845568ad90#0:FAIL-t15, bb175ec5-5e98-4251-9728-8e1e745e4fa1<-5aa0106d-b151-48db-b175-21e2bb54d20a#0:FAIL-t15] and 0 exception(s); bb175ec5-5e98-4251-9728-8e1e745e4fa1@group-2BBC40871E24:t15, leader=null, voted=bb175ec5-5e98-4251-9728-8e1e745e4fa1, raftlog=bb175ec5-5e98-4251-9728-8e1e745e4fa1@group-2BBC40871E24-SegmentedRaftLog:OPENED:c3,f4,i4, conf=0: [a4a68fdc-9c21-417a-8215-14845568ad90:192.168.164.193:36183, 5aa0106d-b151-48db-b175-21e2bb54d20a:192.168.164.193:45972, bb175ec5-5e98-4251-9728-8e1e745e4fa1:192.168.164.193:34373], old=null
2019-10-28 11:35:09,168 [bb175ec5-5e98-4251-9728-8e1e745e4fa1@group-2BBC40871E24-LeaderElection19] INFO  impl.RaftServerImpl (RaftServerImpl.java:setRole(184)) - bb175ec5-5e98-4251-9728-8e1e745e4fa1@group-2BBC40871E24: changes role from CANDIDATE to FOLLOWER at term 15 for DISCOVERED_A_NEW_TERM
2019-10-28 11:35:09,168 [bb175ec5-5e98-4251-9728-8e1e745e4fa1@group-2BBC40871E24-LeaderElection19] INFO  impl.RoleInfo (RoleInfo.java:shutdownLeaderElection(134)) - bb175ec5-5e98-4251-9728-8e1e745e4fa1: shutdown LeaderElection
2019-10-28 11:35:09,168 [bb175ec5-5e98-4251-9728-8e1e745e4fa1@group-2BBC40871E24-LeaderElection19] INFO  impl.RoleInfo (RoleInfo.java:updateAndGet(143)) - bb175ec5-5e98-4251-9728-8e1e745e4fa1: start FollowerState
2019-10-28 11:35:09,325 [Thread-659] INFO  impl.FollowerState (FollowerState.java:run(108)) - bb175ec5-5e98-4251-9728-8e1e745e4fa1@group-2BBC40871E24-FollowerState: change to CANDIDATE, lastRpcTime:157ms, electionTimeout:157ms
2019-10-28 11:35:09,327 [Thread-659] INFO  impl.RoleInfo (RoleInfo.java:shutdownFollowerState(121)) - bb175ec5-5e98-4251-9728-8e1e745e4fa1: shutdown FollowerState
2019-10-28 11:35:09,327 [Thread-659] INFO  impl.RaftServerImpl (RaftServerImpl.java:setRole(184)) - bb175ec5-5e98-4251-9728-8e1e745e4fa1@group-2BBC40871E24: changes role from  FOLLOWER to CANDIDATE at term 15 for changeToCandidate
2019-10-28 11:35:09,327 [Thread-659] INFO  impl.RoleInfo (RoleInfo.java:updateAndGet(143)) - bb175ec5-5e98-4251-9728-8e1e745e4fa1: start LeaderElection
2019-10-28 11:35:09,335 [bb175ec5-5e98-4251-9728-8e1e745e4fa1@group-2BBC40871E24-LeaderElection20] INFO  impl.LeaderElection (LeaderElection.java:askForVotes(178)) - bb175ec5-5e98-4251-9728-8e1e745e4fa1@group-2BBC40871E24-LeaderElection20: begin an election at term 16 for 0: [a4a68fdc-9c21-417a-8215-14845568ad90:192.168.164.193:36183, 5aa0106d-b151-48db-b175-21e2bb54d20a:192.168.164.193:45972, bb175ec5-5e98-4251-9728-8e1e745e4fa1:192.168.164.193:34373], old=null
2019-10-28 11:35:09,339 [grpc-default-executor-1] INFO  impl.RaftServerImpl (RaftServerImpl.java:setRole(184)) - 5aa0106d-b151-48db-b175-21e2bb54d20a@group-2BBC40871E24: changes role from  FOLLOWER to FOLLOWER at term 16 for recognizeCandidate:bb175ec5-5e98-4251-9728-8e1e745e4fa1
2019-10-28 11:35:09,339 [grpc-default-executor-2] INFO  impl.RaftServerImpl (RaftServerImpl.java:setRole(184)) - a4a68fdc-9c21-417a-8215-14845568ad90@group-2BBC40871E24: changes role from  FOLLOWER to FOLLOWER at term 16 for recognizeCandidate:bb175ec5-5e98-4251-9728-8e1e745e4fa1
2019-10-28 11:35:09,339 [grpc-default-executor-1] INFO  impl.RoleInfo (RoleInfo.java:shutdownFollowerState(121)) - 5aa0106d-b151-48db-b175-21e2bb54d20a: shutdown FollowerState
2019-10-28 11:35:09,339 [grpc-default-executor-2] INFO  impl.RoleInfo (RoleInfo.java:shutdownFollowerState(121)) - a4a68fdc-9c21-417a-8215-14845568ad90: shutdown FollowerState
2019-10-28 11:35:09,340 [Thread-657] INFO  impl.FollowerState (FollowerState.java:run(117)) - 5aa0106d-b151-48db-b175-21e2bb54d20a@group-2BBC40871E24-FollowerState was interrupted: java.lang.InterruptedException: sleep interrupted
2019-10-28 11:35:09,340 [grpc-default-executor-1] INFO  impl.RoleInfo (RoleInfo.java:updateAndGet(143)) - 5aa0106d-b151-48db-b175-21e2bb54d20a: start FollowerState
2019-10-28 11:35:09,340 [Thread-658] INFO  impl.FollowerState (FollowerState.java:run(117)) - a4a68fdc-9c21-417a-8215-14845568ad90@group-2BBC40871E24-FollowerState was interrupted: java.lang.InterruptedException: sleep interrupted
2019-10-28 11:35:09,340 [grpc-default-executor-2] INFO  impl.RoleInfo (RoleInfo.java:updateAndGet(143)) - a4a68fdc-9c21-417a-8215-14845568ad90: start FollowerState
2019-10-28 11:35:09,354 [bb175ec5-5e98-4251-9728-8e1e745e4fa1@group-2BBC40871E24-LeaderElection20] INFO  impl.LeaderElection (LeaderElection.java:logAndReturn(56)) - bb175ec5-5e98-4251-9728-8e1e745e4fa1@group-2BBC40871E24-LeaderElection20: Election REJECTED; received 2 response(s) [bb175ec5-5e98-4251-9728-8e1e745e4fa1<-a4a68fdc-9c21-417a-8215-14845568ad90#0:FAIL-t16, bb175ec5-5e98-4251-9728-8e1e745e4fa1<-5aa0106d-b151-48db-b175-21e2bb54d20a#0:FAIL-t16] and 0 exception(s); bb175ec5-5e98-4251-9728-8e1e745e4fa1@group-2BBC40871E24:t16, leader=null, voted=bb175ec5-5e98-4251-9728-8e1e745e4fa1, raftlog=bb175ec5-5e98-4251-9728-8e1e745e4fa1@group-2BBC40871E24-SegmentedRaftLog:OPENED:c3,f4,i4, conf=0: [a4a68fdc-9c21-417a-8215-14845568ad90:192.168.164.193:36183, 5aa0106d-b151-48db-b175-21e2bb54d20a:192.168.164.193:45972, bb175ec5-5e98-4251-9728-8e1e745e4fa1:192.168.164.193:34373], old=null
2019-10-28 11:35:09,355 [bb175ec5-5e98-4251-9728-8e1e745e4fa1@group-2BBC40871E24-LeaderElection20] INFO  impl.RaftServerImpl (RaftServerImpl.java:setRole(184)) - bb175ec5-5e98-4251-9728-8e1e745e4fa1@group-2BBC40871E24: changes role from CANDIDATE to FOLLOWER at term 16 for DISCOVERED_A_NEW_TERM
2019-10-28 11:35:09,355 [bb175ec5-5e98-4251-9728-8e1e745e4fa1@group-2BBC40871E24-LeaderElection20] INFO  impl.RoleInfo (RoleInfo.java:shutdownLeaderElection(134)) - bb175ec5-5e98-4251-9728-8e1e745e4fa1: shutdown LeaderElection
2019-10-28 11:35:09,355 [bb175ec5-5e98-4251-9728-8e1e745e4fa1@group-2BBC40871E24-LeaderElection20] INFO  impl.RoleInfo (RoleInfo.java:updateAndGet(143)) - bb175ec5-5e98-4251-9728-8e1e745e4fa1: start FollowerState
2019-10-28 11:35:09,356 [Thread-665] INFO  impl.FollowerState (FollowerState.java:run(108)) - bb175ec5-5e98-4251-9728-8e1e745e4fa1@group-2BBC40871E24-FollowerState: change to CANDIDATE, lastRpcTime:1ms, electionTimeout:1ms
2019-10-28 11:35:09,357 [Thread-665] INFO  impl.RoleInfo (RoleInfo.java:shutdownFollowerState(121)) - bb175ec5-5e98-4251-9728-8e1e745e4fa1: shutdown FollowerState
2019-10-28 11:35:09,357 [Thread-665] INFO  impl.RaftServerImpl (RaftServerImpl.java:setRole(184)) - bb175ec5-5e98-4251-9728-8e1e745e4fa1@group-2BBC40871E24: changes role from  FOLLOWER to CANDIDATE at term 16 for changeToCandidate
2019-10-28 11:35:09,357 [Thread-665] INFO  impl.RoleInfo (RoleInfo.java:updateAndGet(143)) - bb175ec5-5e98-4251-9728-8e1e745e4fa1: start LeaderElection
2019-10-28 11:35:09,370 [bb175ec5-5e98-4251-9728-8e1e745e4fa1@group-2BBC40871E24-LeaderElection21] INFO  impl.LeaderElection (LeaderElection.java:askForVotes(178)) - bb175ec5-5e98-4251-9728-8e1e745e4fa1@group-2BBC40871E24-LeaderElection21: begin an election at term 17 for 0: [a4a68fdc-9c21-417a-8215-14845568ad90:192.168.164.193:36183, 5aa0106d-b151-48db-b175-21e2bb54d20a:192.168.164.193:45972, bb175ec5-5e98-4251-9728-8e1e745e4fa1:192.168.164.193:34373], old=null
2019-10-28 11:35:09,373 [grpc-default-executor-2] INFO  impl.RaftServerImpl (RaftServerImpl.java:setRole(184)) - 5aa0106d-b151-48db-b175-21e2bb54d20a@group-2BBC40871E24: changes role from  FOLLOWER to FOLLOWER at term 17 for recognizeCandidate:bb175ec5-5e98-4251-9728-8e1e745e4fa1
2019-10-28 11:35:09,373 [grpc-default-executor-1] INFO  impl.RaftServerImpl (RaftServerImpl.java:setRole(184)) - a4a68fdc-9c21-417a-8215-14845568ad90@group-2BBC40871E24: changes role from  FOLLOWER to FOLLOWER at term 17 for recognizeCandidate:bb175ec5-5e98-4251-9728-8e1e745e4fa1
2019-10-28 11:35:09,374 [grpc-default-executor-2] INFO  impl.RoleInfo (RoleInfo.java:shutdownFollowerState(121)) - 5aa0106d-b151-48db-b175-21e2bb54d20a: shutdown FollowerState
2019-10-28 11:35:09,374 [grpc-default-executor-1] INFO  impl.RoleInfo (RoleInfo.java:shutdownFollowerState(121)) - a4a68fdc-9c21-417a-8215-14845568ad90: shutdown FollowerState
2019-10-28 11:35:09,374 [Thread-663] INFO  impl.FollowerState (FollowerState.java:run(117)) - 5aa0106d-b151-48db-b175-21e2bb54d20a@group-2BBC40871E24-FollowerState was interrupted: java.lang.InterruptedException: sleep interrupted
2019-10-28 11:35:09,374 [grpc-default-executor-2] INFO  impl.RoleInfo (RoleInfo.java:updateAndGet(143)) - 5aa0106d-b151-48db-b175-21e2bb54d20a: start FollowerState
2019-10-28 11:35:09,374 [Thread-664] INFO  impl.FollowerState (FollowerState.java:run(117)) - a4a68fdc-9c21-417a-8215-14845568ad90@group-2BBC40871E24-FollowerState was interrupted: java.lang.InterruptedException: sleep interrupted
2019-10-28 11:35:09,374 [grpc-default-executor-1] INFO  impl.RoleInfo (RoleInfo.java:updateAndGet(143)) - a4a68fdc-9c21-417a-8215-14845568ad90: start FollowerState
2019-10-28 11:35:09,389 [bb175ec5-5e98-4251-9728-8e1e745e4fa1@group-2BBC40871E24-LeaderElection21] INFO  impl.LeaderElection (LeaderElection.java:logAndReturn(56)) - bb175ec5-5e98-4251-9728-8e1e745e4fa1@group-2BBC40871E24-LeaderElection21: Election REJECTED; received 2 response(s) [bb175ec5-5e98-4251-9728-8e1e745e4fa1<-a4a68fdc-9c21-417a-8215-14845568ad90#0:FAIL-t17, bb175ec5-5e98-4251-9728-8e1e745e4fa1<-5aa0106d-b151-48db-b175-21e2bb54d20a#0:FAIL-t17] and 0 exception(s); bb175ec5-5e98-4251-9728-8e1e745e4fa1@group-2BBC40871E24:t17, leader=null, voted=bb175ec5-5e98-4251-9728-8e1e745e4fa1, raftlog=bb175ec5-5e98-4251-9728-8e1e745e4fa1@group-2BBC40871E24-SegmentedRaftLog:OPENED:c3,f4,i4, conf=0: [a4a68fdc-9c21-417a-8215-14845568ad90:192.168.164.193:36183, 5aa0106d-b151-48db-b175-21e2bb54d20a:192.168.164.193:45972, bb175ec5-5e98-4251-9728-8e1e745e4fa1:192.168.164.193:34373], old=null
2019-10-28 11:35:09,389 [bb175ec5-5e98-4251-9728-8e1e745e4fa1@group-2BBC40871E24-LeaderElection21] INFO  impl.RaftServerImpl (RaftServerImpl.java:setRole(184)) - bb175ec5-5e98-4251-9728-8e1e745e4fa1@group-2BBC40871E24: changes role from CANDIDATE to FOLLOWER at term 17 for DISCOVERED_A_NEW_TERM
2019-10-28 11:35:09,389 [bb175ec5-5e98-4251-9728-8e1e745e4fa1@group-2BBC40871E24-LeaderElection21] INFO  impl.RoleInfo (RoleInfo.java:shutdownLeaderElection(134)) - bb175ec5-5e98-4251-9728-8e1e745e4fa1: shutdown LeaderElection
2019-10-28 11:35:09,389 [bb175ec5-5e98-4251-9728-8e1e745e4fa1@group-2BBC40871E24-LeaderElection21] INFO  impl.RoleInfo (RoleInfo.java:updateAndGet(143)) - bb175ec5-5e98-4251-9728-8e1e745e4fa1: start FollowerState
2019-10-28 11:35:09,394 [Thread-671] INFO  impl.FollowerState (FollowerState.java:run(108)) - bb175ec5-5e98-4251-9728-8e1e745e4fa1@group-2BBC40871E24-FollowerState: change to CANDIDATE, lastRpcTime:4ms, electionTimeout:4ms
2019-10-28 11:35:09,394 [Thread-671] INFO  impl.RoleInfo (RoleInfo.java:shutdownFollowerState(121)) - bb175ec5-5e98-4251-9728-8e1e745e4fa1: shutdown FollowerState
2019-10-28 11:35:09,394 [Thread-671] INFO  impl.RaftServerImpl (RaftServerImpl.java:setRole(184)) - bb175ec5-5e98-4251-9728-8e1e745e4fa1@group-2BBC40871E24: changes role from  FOLLOWER to CANDIDATE at term 17 for changeToCandidate
2019-10-28 11:35:09,395 [Thread-671] INFO  impl.RoleInfo (RoleInfo.java:updateAndGet(143)) - bb175ec5-5e98-4251-9728-8e1e745e4fa1: start LeaderElection
2019-10-28 11:35:09,407 [bb175ec5-5e98-4251-9728-8e1e745e4fa1@group-2BBC40871E24-LeaderElection22] INFO  impl.LeaderElection (LeaderElection.java:askForVotes(178)) - bb175ec5-5e98-4251-9728-8e1e745e4fa1@group-2BBC40871E24-LeaderElection22: begin an election at term 18 for 0: [a4a68fdc-9c21-417a-8215-14845568ad90:192.168.164.193:36183, 5aa0106d-b151-48db-b175-21e2bb54d20a:192.168.164.193:45972, bb175ec5-5e98-4251-9728-8e1e745e4fa1:192.168.164.193:34373], old=null
2019-10-28 11:35:09,411 [grpc-default-executor-2] INFO  impl.RaftServerImpl (RaftServerImpl.java:setRole(184)) - 5aa0106d-b151-48db-b175-21e2bb54d20a@group-2BBC40871E24: changes role from  FOLLOWER to FOLLOWER at term 18 for recognizeCandidate:bb175ec5-5e98-4251-9728-8e1e745e4fa1
2019-10-28 11:35:09,411 [grpc-default-executor-1] INFO  impl.RaftServerImpl (RaftServerImpl.java:setRole(184)) - a4a68fdc-9c21-417a-8215-14845568ad90@group-2BBC40871E24: changes role from  FOLLOWER to FOLLOWER at term 18 for recognizeCandidate:bb175ec5-5e98-4251-9728-8e1e745e4fa1
2019-10-28 11:35:09,411 [grpc-default-executor-2] INFO  impl.RoleInfo (RoleInfo.java:shutdownFollowerState(121)) - 5aa0106d-b151-48db-b175-21e2bb54d20a: shutdown FollowerState
2019-10-28 11:35:09,411 [grpc-default-executor-1] INFO  impl.RoleInfo (RoleInfo.java:shutdownFollowerState(121)) - a4a68fdc-9c21-417a-8215-14845568ad90: shutdown FollowerState
2019-10-28 11:35:09,411 [grpc-default-executor-2] INFO  impl.RoleInfo (RoleInfo.java:updateAndGet(143)) - 5aa0106d-b151-48db-b175-21e2bb54d20a: start FollowerState
2019-10-28 11:35:09,411 [Thread-670] INFO  impl.FollowerState (FollowerState.java:run(117)) - a4a68fdc-9c21-417a-8215-14845568ad90@group-2BBC40871E24-FollowerState was interrupted: java.lang.InterruptedException: sleep interrupted
2019-10-28 11:35:09,411 [grpc-default-executor-1] INFO  impl.RoleInfo (RoleInfo.java:updateAndGet(143)) - a4a68fdc-9c21-417a-8215-14845568ad90: start FollowerState
2019-10-28 11:35:09,411 [Thread-669] INFO  impl.FollowerState (FollowerState.java:run(117)) - 5aa0106d-b151-48db-b175-21e2bb54d20a@group-2BBC40871E24-FollowerState was interrupted: java.lang.InterruptedException: sleep interrupted
2019-10-28 11:35:09,426 [bb175ec5-5e98-4251-9728-8e1e745e4fa1@group-2BBC40871E24-LeaderElection22] INFO  impl.LeaderElection (LeaderElection.java:logAndReturn(56)) - bb175ec5-5e98-4251-9728-8e1e745e4fa1@group-2BBC40871E24-LeaderElection22: Election REJECTED; received 2 response(s) [bb175ec5-5e98-4251-9728-8e1e745e4fa1<-a4a68fdc-9c21-417a-8215-14845568ad90#0:FAIL-t18, bb175ec5-5e98-4251-9728-8e1e745e4fa1<-5aa0106d-b151-48db-b175-21e2bb54d20a#0:FAIL-t18] and 0 exception(s); bb175ec5-5e98-4251-9728-8e1e745e4fa1@group-2BBC40871E24:t18, leader=null, voted=bb175ec5-5e98-4251-9728-8e1e745e4fa1, raftlog=bb175ec5-5e98-4251-9728-8e1e745e4fa1@group-2BBC40871E24-SegmentedRaftLog:OPENED:c3,f4,i4, conf=0: [a4a68fdc-9c21-417a-8215-14845568ad90:192.168.164.193:36183, 5aa0106d-b151-48db-b175-21e2bb54d20a:192.168.164.193:45972, bb175ec5-5e98-4251-9728-8e1e745e4fa1:192.168.164.193:34373], old=null
2019-10-28 11:35:09,426 [bb175ec5-5e98-4251-9728-8e1e745e4fa1@group-2BBC40871E24-LeaderElection22] INFO  impl.RaftServerImpl (RaftServerImpl.java:setRole(184)) - bb175ec5-5e98-4251-9728-8e1e745e4fa1@group-2BBC40871E24: changes role from CANDIDATE to FOLLOWER at term 18 for DISCOVERED_A_NEW_TERM
2019-10-28 11:35:09,426 [bb175ec5-5e98-4251-9728-8e1e745e4fa1@group-2BBC40871E24-LeaderElection22] INFO  impl.RoleInfo (RoleInfo.java:shutdownLeaderElection(134)) - bb175ec5-5e98-4251-9728-8e1e745e4fa1: shutdown LeaderElection
2019-10-28 11:35:09,426 [bb175ec5-5e98-4251-9728-8e1e745e4fa1@group-2BBC40871E24-LeaderElection22] INFO  impl.RoleInfo (RoleInfo.java:updateAndGet(143)) - bb175ec5-5e98-4251-9728-8e1e745e4fa1: start FollowerState
2019-10-28 11:35:09,443 [pool-7-thread-4] INFO  commands.RetriableDatanodeEventWatcher (RetriableDatanodeEventWatcher.java:onTimeout(47)) - RetriableDatanodeCommand type=deleteBlocksCommand with id=1572262504443 timed out. Retrying.
2019-10-28 11:35:09,444 [pool-7-thread-2] INFO  commands.RetriableDatanodeEventWatcher (RetriableDatanodeEventWatcher.java:onTimeout(47)) - RetriableDatanodeCommand type=deleteBlocksCommand with id=1572262504436 timed out. Retrying.
2019-10-28 11:35:09,444 [pool-7-thread-5] INFO  commands.RetriableDatanodeEventWatcher (RetriableDatanodeEventWatcher.java:onTimeout(47)) - RetriableDatanodeCommand type=deleteBlocksCommand with id=1572262504439 timed out. Retrying.
2019-10-28 11:35:09,444 [SCMBlockDeletingService#0] INFO  block.SCMBlockDeletingService (SCMBlockDeletingService.java:call(184)) - Totally added 1 delete blocks command for 1 datanodes, task elapsed time: 0ms
2019-10-28 11:35:09,444 [pool-7-thread-1] INFO  commands.RetriableDatanodeEventWatcher (RetriableDatanodeEventWatcher.java:onTimeout(47)) - RetriableDatanodeCommand type=deleteBlocksCommand with id=1572262504441 timed out. Retrying.
2019-10-28 11:35:09,444 [pool-7-thread-3] INFO  commands.RetriableDatanodeEventWatcher (RetriableDatanodeEventWatcher.java:onTimeout(47)) - RetriableDatanodeCommand type=deleteBlocksCommand with id=1572262504442 timed out. Retrying.
2019-10-28 11:35:09,606 [Thread-677] INFO  impl.FollowerState (FollowerState.java:run(108)) - bb175ec5-5e98-4251-9728-8e1e745e4fa1@group-2BBC40871E24-FollowerState: change to CANDIDATE, lastRpcTime:179ms, electionTimeout:179ms
2019-10-28 11:35:09,606 [Thread-677] INFO  impl.RoleInfo (RoleInfo.java:shutdownFollowerState(121)) - bb175ec5-5e98-4251-9728-8e1e745e4fa1: shutdown FollowerState
2019-10-28 11:35:09,607 [Thread-677] INFO  impl.RaftServerImpl (RaftServerImpl.java:setRole(184)) - bb175ec5-5e98-4251-9728-8e1e745e4fa1@group-2BBC40871E24: changes role from  FOLLOWER to CANDIDATE at term 18 for changeToCandidate
2019-10-28 11:35:09,607 [Thread-677] INFO  impl.RoleInfo (RoleInfo.java:updateAndGet(143)) - bb175ec5-5e98-4251-9728-8e1e745e4fa1: start LeaderElection
2019-10-28 11:35:09,622 [bb175ec5-5e98-4251-9728-8e1e745e4fa1@group-2BBC40871E24-LeaderElection23] INFO  impl.LeaderElection (LeaderElection.java:askForVotes(178)) - bb175ec5-5e98-4251-9728-8e1e745e4fa1@group-2BBC40871E24-LeaderElection23: begin an election at term 19 for 0: [a4a68fdc-9c21-417a-8215-14845568ad90:192.168.164.193:36183, 5aa0106d-b151-48db-b175-21e2bb54d20a:192.168.164.193:45972, bb175ec5-5e98-4251-9728-8e1e745e4fa1:192.168.164.193:34373], old=null
2019-10-28 11:35:09,630 [grpc-default-executor-1] INFO  impl.RaftServerImpl (RaftServerImpl.java:setRole(184)) - 5aa0106d-b151-48db-b175-21e2bb54d20a@group-2BBC40871E24: changes role from  FOLLOWER to FOLLOWER at term 19 for recognizeCandidate:bb175ec5-5e98-4251-9728-8e1e745e4fa1
2019-10-28 11:35:09,634 [grpc-default-executor-1] INFO  impl.RoleInfo (RoleInfo.java:shutdownFollowerState(121)) - 5aa0106d-b151-48db-b175-21e2bb54d20a: shutdown FollowerState
2019-10-28 11:35:09,635 [grpc-default-executor-2] INFO  impl.RaftServerImpl (RaftServerImpl.java:setRole(184)) - a4a68fdc-9c21-417a-8215-14845568ad90@group-2BBC40871E24: changes role from  FOLLOWER to FOLLOWER at term 19 for recognizeCandidate:bb175ec5-5e98-4251-9728-8e1e745e4fa1
2019-10-28 11:35:09,635 [Thread-675] INFO  impl.FollowerState (FollowerState.java:run(117)) - 5aa0106d-b151-48db-b175-21e2bb54d20a@group-2BBC40871E24-FollowerState was interrupted: java.lang.InterruptedException: sleep interrupted
2019-10-28 11:35:09,635 [grpc-default-executor-1] INFO  impl.RoleInfo (RoleInfo.java:updateAndGet(143)) - 5aa0106d-b151-48db-b175-21e2bb54d20a: start FollowerState
2019-10-28 11:35:09,635 [grpc-default-executor-2] INFO  impl.RoleInfo (RoleInfo.java:shutdownFollowerState(121)) - a4a68fdc-9c21-417a-8215-14845568ad90: shutdown FollowerState
2019-10-28 11:35:09,635 [grpc-default-executor-2] INFO  impl.RoleInfo (RoleInfo.java:updateAndGet(143)) - a4a68fdc-9c21-417a-8215-14845568ad90: start FollowerState
2019-10-28 11:35:09,635 [Thread-676] INFO  impl.FollowerState (FollowerState.java:run(117)) - a4a68fdc-9c21-417a-8215-14845568ad90@group-2BBC40871E24-FollowerState was interrupted: java.lang.InterruptedException: sleep interrupted
2019-10-28 11:35:09,650 [bb175ec5-5e98-4251-9728-8e1e745e4fa1@group-2BBC40871E24-LeaderElection23] INFO  impl.LeaderElection (LeaderElection.java:logAndReturn(56)) - bb175ec5-5e98-4251-9728-8e1e745e4fa1@group-2BBC40871E24-LeaderElection23: Election REJECTED; received 2 response(s) [bb175ec5-5e98-4251-9728-8e1e745e4fa1<-a4a68fdc-9c21-417a-8215-14845568ad90#0:FAIL-t19, bb175ec5-5e98-4251-9728-8e1e745e4fa1<-5aa0106d-b151-48db-b175-21e2bb54d20a#0:FAIL-t19] and 0 exception(s); bb175ec5-5e98-4251-9728-8e1e745e4fa1@group-2BBC40871E24:t19, leader=null, voted=bb175ec5-5e98-4251-9728-8e1e745e4fa1, raftlog=bb175ec5-5e98-4251-9728-8e1e745e4fa1@group-2BBC40871E24-SegmentedRaftLog:OPENED:c3,f4,i4, conf=0: [a4a68fdc-9c21-417a-8215-14845568ad90:192.168.164.193:36183, 5aa0106d-b151-48db-b175-21e2bb54d20a:192.168.164.193:45972, bb175ec5-5e98-4251-9728-8e1e745e4fa1:192.168.164.193:34373], old=null
2019-10-28 11:35:09,651 [bb175ec5-5e98-4251-9728-8e1e745e4fa1@group-2BBC40871E24-LeaderElection23] INFO  impl.RaftServerImpl (RaftServerImpl.java:setRole(184)) - bb175ec5-5e98-4251-9728-8e1e745e4fa1@group-2BBC40871E24: changes role from CANDIDATE to FOLLOWER at term 19 for DISCOVERED_A_NEW_TERM
2019-10-28 11:35:09,651 [bb175ec5-5e98-4251-9728-8e1e745e4fa1@group-2BBC40871E24-LeaderElection23] INFO  impl.RoleInfo (RoleInfo.java:shutdownLeaderElection(134)) - bb175ec5-5e98-4251-9728-8e1e745e4fa1: shutdown LeaderElection
2019-10-28 11:35:09,651 [bb175ec5-5e98-4251-9728-8e1e745e4fa1@group-2BBC40871E24-LeaderElection23] INFO  impl.RoleInfo (RoleInfo.java:updateAndGet(143)) - bb175ec5-5e98-4251-9728-8e1e745e4fa1: start FollowerState
2019-10-28 11:35:09,678 [Thread-683] INFO  impl.FollowerState (FollowerState.java:run(108)) - bb175ec5-5e98-4251-9728-8e1e745e4fa1@group-2BBC40871E24-FollowerState: change to CANDIDATE, lastRpcTime:27ms, electionTimeout:27ms
2019-10-28 11:35:09,680 [Thread-683] INFO  impl.RoleInfo (RoleInfo.java:shutdownFollowerState(121)) - bb175ec5-5e98-4251-9728-8e1e745e4fa1: shutdown FollowerState
2019-10-28 11:35:09,680 [Thread-683] INFO  impl.RaftServerImpl (RaftServerImpl.java:setRole(184)) - bb175ec5-5e98-4251-9728-8e1e745e4fa1@group-2BBC40871E24: changes role from  FOLLOWER to CANDIDATE at term 19 for changeToCandidate
2019-10-28 11:35:09,680 [Thread-683] INFO  impl.RoleInfo (RoleInfo.java:updateAndGet(143)) - bb175ec5-5e98-4251-9728-8e1e745e4fa1: start LeaderElection
2019-10-28 11:35:09,694 [bb175ec5-5e98-4251-9728-8e1e745e4fa1@group-2BBC40871E24-LeaderElection24] INFO  impl.LeaderElection (LeaderElection.java:askForVotes(178)) - bb175ec5-5e98-4251-9728-8e1e745e4fa1@group-2BBC40871E24-LeaderElection24: begin an election at term 20 for 0: [a4a68fdc-9c21-417a-8215-14845568ad90:192.168.164.193:36183, 5aa0106d-b151-48db-b175-21e2bb54d20a:192.168.164.193:45972, bb175ec5-5e98-4251-9728-8e1e745e4fa1:192.168.164.193:34373], old=null
2019-10-28 11:35:09,697 [grpc-default-executor-2] INFO  impl.RaftServerImpl (RaftServerImpl.java:setRole(184)) - 5aa0106d-b151-48db-b175-21e2bb54d20a@group-2BBC40871E24: changes role from  FOLLOWER to FOLLOWER at term 20 for recognizeCandidate:bb175ec5-5e98-4251-9728-8e1e745e4fa1
2019-10-28 11:35:09,697 [grpc-default-executor-1] INFO  impl.RaftServerImpl (RaftServerImpl.java:setRole(184)) - a4a68fdc-9c21-417a-8215-14845568ad90@group-2BBC40871E24: changes role from  FOLLOWER to FOLLOWER at term 20 for recognizeCandidate:bb175ec5-5e98-4251-9728-8e1e745e4fa1
2019-10-28 11:35:09,697 [grpc-default-executor-2] INFO  impl.RoleInfo (RoleInfo.java:shutdownFollowerState(121)) - 5aa0106d-b151-48db-b175-21e2bb54d20a: shutdown FollowerState
2019-10-28 11:35:09,697 [grpc-default-executor-1] INFO  impl.RoleInfo (RoleInfo.java:shutdownFollowerState(121)) - a4a68fdc-9c21-417a-8215-14845568ad90: shutdown FollowerState
2019-10-28 11:35:09,697 [Thread-681] INFO  impl.FollowerState (FollowerState.java:run(117)) - 5aa0106d-b151-48db-b175-21e2bb54d20a@group-2BBC40871E24-FollowerState was interrupted: java.lang.InterruptedException: sleep interrupted
2019-10-28 11:35:09,697 [grpc-default-executor-2] INFO  impl.RoleInfo (RoleInfo.java:updateAndGet(143)) - 5aa0106d-b151-48db-b175-21e2bb54d20a: start FollowerState
2019-10-28 11:35:09,697 [grpc-default-executor-1] INFO  impl.RoleInfo (RoleInfo.java:updateAndGet(143)) - a4a68fdc-9c21-417a-8215-14845568ad90: start FollowerState
2019-10-28 11:35:09,697 [Thread-682] INFO  impl.FollowerState (FollowerState.java:run(117)) - a4a68fdc-9c21-417a-8215-14845568ad90@group-2BBC40871E24-FollowerState was interrupted: java.lang.InterruptedException: sleep interrupted
2019-10-28 11:35:09,712 [bb175ec5-5e98-4251-9728-8e1e745e4fa1@group-2BBC40871E24-LeaderElection24] INFO  impl.LeaderElection (LeaderElection.java:logAndReturn(56)) - bb175ec5-5e98-4251-9728-8e1e745e4fa1@group-2BBC40871E24-LeaderElection24: Election REJECTED; received 2 response(s) [bb175ec5-5e98-4251-9728-8e1e745e4fa1<-a4a68fdc-9c21-417a-8215-14845568ad90#0:FAIL-t20, bb175ec5-5e98-4251-9728-8e1e745e4fa1<-5aa0106d-b151-48db-b175-21e2bb54d20a#0:FAIL-t20] and 0 exception(s); bb175ec5-5e98-4251-9728-8e1e745e4fa1@group-2BBC40871E24:t20, leader=null, voted=bb175ec5-5e98-4251-9728-8e1e745e4fa1, raftlog=bb175ec5-5e98-4251-9728-8e1e745e4fa1@group-2BBC40871E24-SegmentedRaftLog:OPENED:c3,f4,i4, conf=0: [a4a68fdc-9c21-417a-8215-14845568ad90:192.168.164.193:36183, 5aa0106d-b151-48db-b175-21e2bb54d20a:192.168.164.193:45972, bb175ec5-5e98-4251-9728-8e1e745e4fa1:192.168.164.193:34373], old=null
2019-10-28 11:35:09,712 [bb175ec5-5e98-4251-9728-8e1e745e4fa1@group-2BBC40871E24-LeaderElection24] INFO  impl.RaftServerImpl (RaftServerImpl.java:setRole(184)) - bb175ec5-5e98-4251-9728-8e1e745e4fa1@group-2BBC40871E24: changes role from CANDIDATE to FOLLOWER at term 20 for DISCOVERED_A_NEW_TERM
2019-10-28 11:35:09,712 [bb175ec5-5e98-4251-9728-8e1e745e4fa1@group-2BBC40871E24-LeaderElection24] INFO  impl.RoleInfo (RoleInfo.java:shutdownLeaderElection(134)) - bb175ec5-5e98-4251-9728-8e1e745e4fa1: shutdown LeaderElection
2019-10-28 11:35:09,712 [bb175ec5-5e98-4251-9728-8e1e745e4fa1@group-2BBC40871E24-LeaderElection24] INFO  impl.RoleInfo (RoleInfo.java:updateAndGet(143)) - bb175ec5-5e98-4251-9728-8e1e745e4fa1: start FollowerState
2019-10-28 11:35:09,763 [BlockDeletingService#2] WARN  background.BlockDeletingService (BlockDeletingService.java:isDeletionAllowed(187)) - Close Container log Index 6 is not replicated across allthe servers in the pipeline 673f7971-0954-4a65-9d1b-2bbc40871e24 as the min replicated index is 4. Deletion is not allowed in this container yet.
2019-10-28 11:35:09,763 [BlockDeletingService#2] WARN  background.BlockDeletingService (BlockDeletingService.java:isDeletionAllowed(187)) - Close Container log Index 6 is not replicated across allthe servers in the pipeline 673f7971-0954-4a65-9d1b-2bbc40871e24 as the min replicated index is 4. Deletion is not allowed in this container yet.
2019-10-28 11:35:09,836 [EventQueue-PendingDeleteStatusForPendingDeleteHandler] INFO  block.SCMBlockDeletingService (SCMBlockDeletingService.java:handlePendingDeletes(115)) - Block deletion txnID mismatch in datanode bb175ec5-5e98-4251-9728-8e1e745e4fa1 for containerID 1. Datanode delete txnID: 0, SCM txnID: 1
2019-10-28 11:35:09,878 [Thread-689] INFO  impl.FollowerState (FollowerState.java:run(108)) - bb175ec5-5e98-4251-9728-8e1e745e4fa1@group-2BBC40871E24-FollowerState: change to CANDIDATE, lastRpcTime:165ms, electionTimeout:165ms
2019-10-28 11:35:09,878 [Thread-689] INFO  impl.RoleInfo (RoleInfo.java:shutdownFollowerState(121)) - bb175ec5-5e98-4251-9728-8e1e745e4fa1: shutdown FollowerState
2019-10-28 11:35:09,878 [Thread-689] INFO  impl.RaftServerImpl (RaftServerImpl.java:setRole(184)) - bb175ec5-5e98-4251-9728-8e1e745e4fa1@group-2BBC40871E24: changes role from  FOLLOWER to CANDIDATE at term 20 for changeToCandidate
2019-10-28 11:35:09,879 [Thread-689] INFO  impl.RoleInfo (RoleInfo.java:updateAndGet(143)) - bb175ec5-5e98-4251-9728-8e1e745e4fa1: start LeaderElection
2019-10-28 11:35:09,893 [bb175ec5-5e98-4251-9728-8e1e745e4fa1@group-2BBC40871E24-LeaderElection25] INFO  impl.LeaderElection (LeaderElection.java:askForVotes(178)) - bb175ec5-5e98-4251-9728-8e1e745e4fa1@group-2BBC40871E24-LeaderElection25: begin an election at term 21 for 0: [a4a68fdc-9c21-417a-8215-14845568ad90:192.168.164.193:36183, 5aa0106d-b151-48db-b175-21e2bb54d20a:192.168.164.193:45972, bb175ec5-5e98-4251-9728-8e1e745e4fa1:192.168.164.193:34373], old=null
2019-10-28 11:35:09,896 [grpc-default-executor-2] INFO  impl.RaftServerImpl (RaftServerImpl.java:setRole(184)) - 5aa0106d-b151-48db-b175-21e2bb54d20a@group-2BBC40871E24: changes role from  FOLLOWER to FOLLOWER at term 21 for recognizeCandidate:bb175ec5-5e98-4251-9728-8e1e745e4fa1
2019-10-28 11:35:09,896 [grpc-default-executor-1] INFO  impl.RaftServerImpl (RaftServerImpl.java:setRole(184)) - a4a68fdc-9c21-417a-8215-14845568ad90@group-2BBC40871E24: changes role from  FOLLOWER to FOLLOWER at term 21 for recognizeCandidate:bb175ec5-5e98-4251-9728-8e1e745e4fa1
2019-10-28 11:35:09,896 [grpc-default-executor-2] INFO  impl.RoleInfo (RoleInfo.java:shutdownFollowerState(121)) - 5aa0106d-b151-48db-b175-21e2bb54d20a: shutdown FollowerState
2019-10-28 11:35:09,896 [grpc-default-executor-1] INFO  impl.RoleInfo (RoleInfo.java:shutdownFollowerState(121)) - a4a68fdc-9c21-417a-8215-14845568ad90: shutdown FollowerState
2019-10-28 11:35:09,896 [grpc-default-executor-2] INFO  impl.RoleInfo (RoleInfo.java:updateAndGet(143)) - 5aa0106d-b151-48db-b175-21e2bb54d20a: start FollowerState
2019-10-28 11:35:09,897 [grpc-default-executor-1] INFO  impl.RoleInfo (RoleInfo.java:updateAndGet(143)) - a4a68fdc-9c21-417a-8215-14845568ad90: start FollowerState
2019-10-28 11:35:09,897 [Thread-687] INFO  impl.FollowerState (FollowerState.java:run(117)) - 5aa0106d-b151-48db-b175-21e2bb54d20a@group-2BBC40871E24-FollowerState was interrupted: java.lang.InterruptedException: sleep interrupted
2019-10-28 11:35:09,897 [Thread-688] INFO  impl.FollowerState (FollowerState.java:run(117)) - a4a68fdc-9c21-417a-8215-14845568ad90@group-2BBC40871E24-FollowerState was interrupted: java.lang.InterruptedException: sleep interrupted
2019-10-28 11:35:09,912 [bb175ec5-5e98-4251-9728-8e1e745e4fa1@group-2BBC40871E24-LeaderElection25] INFO  impl.LeaderElection (LeaderElection.java:logAndReturn(56)) - bb175ec5-5e98-4251-9728-8e1e745e4fa1@group-2BBC40871E24-LeaderElection25: Election REJECTED; received 2 response(s) [bb175ec5-5e98-4251-9728-8e1e745e4fa1<-a4a68fdc-9c21-417a-8215-14845568ad90#0:FAIL-t21, bb175ec5-5e98-4251-9728-8e1e745e4fa1<-5aa0106d-b151-48db-b175-21e2bb54d20a#0:FAIL-t21] and 0 exception(s); bb175ec5-5e98-4251-9728-8e1e745e4fa1@group-2BBC40871E24:t21, leader=null, voted=bb175ec5-5e98-4251-9728-8e1e745e4fa1, raftlog=bb175ec5-5e98-4251-9728-8e1e745e4fa1@group-2BBC40871E24-SegmentedRaftLog:OPENED:c3,f4,i4, conf=0: [a4a68fdc-9c21-417a-8215-14845568ad90:192.168.164.193:36183, 5aa0106d-b151-48db-b175-21e2bb54d20a:192.168.164.193:45972, bb175ec5-5e98-4251-9728-8e1e745e4fa1:192.168.164.193:34373], old=null
2019-10-28 11:35:09,912 [bb175ec5-5e98-4251-9728-8e1e745e4fa1@group-2BBC40871E24-LeaderElection25] INFO  impl.RaftServerImpl (RaftServerImpl.java:setRole(184)) - bb175ec5-5e98-4251-9728-8e1e745e4fa1@group-2BBC40871E24: changes role from CANDIDATE to FOLLOWER at term 21 for DISCOVERED_A_NEW_TERM
2019-10-28 11:35:09,912 [bb175ec5-5e98-4251-9728-8e1e745e4fa1@group-2BBC40871E24-LeaderElection25] INFO  impl.RoleInfo (RoleInfo.java:shutdownLeaderElection(134)) - bb175ec5-5e98-4251-9728-8e1e745e4fa1: shutdown LeaderElection
2019-10-28 11:35:09,912 [bb175ec5-5e98-4251-9728-8e1e745e4fa1@group-2BBC40871E24-LeaderElection25] INFO  impl.RoleInfo (RoleInfo.java:updateAndGet(143)) - bb175ec5-5e98-4251-9728-8e1e745e4fa1: start FollowerState
2019-10-28 11:35:10,003 [Thread-698] INFO  impl.FollowerState (FollowerState.java:run(108)) - bb175ec5-5e98-4251-9728-8e1e745e4fa1@group-2BBC40871E24-FollowerState: change to CANDIDATE, lastRpcTime:90ms, electionTimeout:89ms
2019-10-28 11:35:10,004 [Thread-698] INFO  impl.RoleInfo (RoleInfo.java:shutdownFollowerState(121)) - bb175ec5-5e98-4251-9728-8e1e745e4fa1: shutdown FollowerState
2019-10-28 11:35:10,004 [Thread-698] INFO  impl.RaftServerImpl (RaftServerImpl.java:setRole(184)) - bb175ec5-5e98-4251-9728-8e1e745e4fa1@group-2BBC40871E24: changes role from  FOLLOWER to CANDIDATE at term 21 for changeToCandidate
2019-10-28 11:35:10,005 [Thread-698] INFO  impl.RoleInfo (RoleInfo.java:updateAndGet(143)) - bb175ec5-5e98-4251-9728-8e1e745e4fa1: start LeaderElection
2019-10-28 11:35:10,011 [Thread-701] INFO  client.GrpcClientProtocolService (GrpcClientProtocolService.java:lambda$processClientRequest$0(278)) - Failed RaftClientRequest:client-8D88133FDDEB->a4a68fdc-9c21-417a-8215-14845568ad90@group-2BBC40871E24, cid=10, seq=0, Watch-ALL_COMMITTED(6), Message:<EMPTY>, reply=RaftClientReply:client-8D88133FDDEB->a4a68fdc-9c21-417a-8215-14845568ad90@group-2BBC40871E24, cid=10, FAILED org.apache.ratis.protocol.NotLeaderException: Server a4a68fdc-9c21-417a-8215-14845568ad90@group-2BBC40871E24 is not the leader, logIndex=0, commits[a4a68fdc-9c21-417a-8215-14845568ad90:c10, 5aa0106d-b151-48db-b175-21e2bb54d20a:c10, bb175ec5-5e98-4251-9728-8e1e745e4fa1:c4]
2019-10-28 11:35:10,021 [bb175ec5-5e98-4251-9728-8e1e745e4fa1@group-2BBC40871E24-LeaderElection26] INFO  impl.LeaderElection (LeaderElection.java:askForVotes(178)) - bb175ec5-5e98-4251-9728-8e1e745e4fa1@group-2BBC40871E24-LeaderElection26: begin an election at term 22 for 0: [a4a68fdc-9c21-417a-8215-14845568ad90:192.168.164.193:36183, 5aa0106d-b151-48db-b175-21e2bb54d20a:192.168.164.193:45972, bb175ec5-5e98-4251-9728-8e1e745e4fa1:192.168.164.193:34373], old=null
2019-10-28 11:35:10,023 [grpc-default-executor-2] INFO  impl.RaftServerImpl (RaftServerImpl.java:setRole(184)) - a4a68fdc-9c21-417a-8215-14845568ad90@group-2BBC40871E24: changes role from  FOLLOWER to FOLLOWER at term 22 for recognizeCandidate:bb175ec5-5e98-4251-9728-8e1e745e4fa1
2019-10-28 11:35:10,024 [grpc-default-executor-1] INFO  impl.RaftServerImpl (RaftServerImpl.java:setRole(184)) - 5aa0106d-b151-48db-b175-21e2bb54d20a@group-2BBC40871E24: changes role from  FOLLOWER to FOLLOWER at term 22 for recognizeCandidate:bb175ec5-5e98-4251-9728-8e1e745e4fa1
2019-10-28 11:35:10,025 [grpc-default-executor-2] INFO  impl.RoleInfo (RoleInfo.java:shutdownFollowerState(121)) - a4a68fdc-9c21-417a-8215-14845568ad90: shutdown FollowerState
2019-10-28 11:35:10,025 [grpc-default-executor-1] INFO  impl.RoleInfo (RoleInfo.java:shutdownFollowerState(121)) - 5aa0106d-b151-48db-b175-21e2bb54d20a: shutdown FollowerState
2019-10-28 11:35:10,025 [Thread-697] INFO  impl.FollowerState (FollowerState.java:run(117)) - a4a68fdc-9c21-417a-8215-14845568ad90@group-2BBC40871E24-FollowerState was interrupted: java.lang.InterruptedException: sleep interrupted
2019-10-28 11:35:10,025 [Thread-696] INFO  impl.FollowerState (FollowerState.java:run(117)) - 5aa0106d-b151-48db-b175-21e2bb54d20a@group-2BBC40871E24-FollowerState was interrupted: java.lang.InterruptedException: sleep interrupted
2019-10-28 11:35:10,025 [grpc-default-executor-2] INFO  impl.RoleInfo (RoleInfo.java:updateAndGet(143)) - a4a68fdc-9c21-417a-8215-14845568ad90: start FollowerState
2019-10-28 11:35:10,025 [grpc-default-executor-1] INFO  impl.RoleInfo (RoleInfo.java:updateAndGet(143)) - 5aa0106d-b151-48db-b175-21e2bb54d20a: start FollowerState
2019-10-28 11:35:10,039 [bb175ec5-5e98-4251-9728-8e1e745e4fa1@group-2BBC40871E24-LeaderElection26] INFO  impl.LeaderElection (LeaderElection.java:logAndReturn(56)) - bb175ec5-5e98-4251-9728-8e1e745e4fa1@group-2BBC40871E24-LeaderElection26: Election REJECTED; received 2 response(s) [bb175ec5-5e98-4251-9728-8e1e745e4fa1<-a4a68fdc-9c21-417a-8215-14845568ad90#0:FAIL-t22, bb175ec5-5e98-4251-9728-8e1e745e4fa1<-5aa0106d-b151-48db-b175-21e2bb54d20a#0:FAIL-t22] and 0 exception(s); bb175ec5-5e98-4251-9728-8e1e745e4fa1@group-2BBC40871E24:t22, leader=null, voted=bb175ec5-5e98-4251-9728-8e1e745e4fa1, raftlog=bb175ec5-5e98-4251-9728-8e1e745e4fa1@group-2BBC40871E24-SegmentedRaftLog:OPENED:c3,f4,i4, conf=0: [a4a68fdc-9c21-417a-8215-14845568ad90:192.168.164.193:36183, 5aa0106d-b151-48db-b175-21e2bb54d20a:192.168.164.193:45972, bb175ec5-5e98-4251-9728-8e1e745e4fa1:192.168.164.193:34373], old=null
2019-10-28 11:35:10,040 [bb175ec5-5e98-4251-9728-8e1e745e4fa1@group-2BBC40871E24-LeaderElection26] INFO  impl.RaftServerImpl (RaftServerImpl.java:setRole(184)) - bb175ec5-5e98-4251-9728-8e1e745e4fa1@group-2BBC40871E24: changes role from CANDIDATE to FOLLOWER at term 22 for DISCOVERED_A_NEW_TERM
2019-10-28 11:35:10,040 [bb175ec5-5e98-4251-9728-8e1e745e4fa1@group-2BBC40871E24-LeaderElection26] INFO  impl.RoleInfo (RoleInfo.java:shutdownLeaderElection(134)) - bb175ec5-5e98-4251-9728-8e1e745e4fa1: shutdown LeaderElection
2019-10-28 11:35:10,040 [bb175ec5-5e98-4251-9728-8e1e745e4fa1@group-2BBC40871E24-LeaderElection26] INFO  impl.RoleInfo (RoleInfo.java:updateAndGet(143)) - bb175ec5-5e98-4251-9728-8e1e745e4fa1: start FollowerState
2019-10-28 11:35:10,126 [java.util.concurrent.ThreadPoolExecutor$Worker@588db654[State = -1, empty queue]] WARN  server.GrpcLogAppender (GrpcLogAppender.java:timeoutAppendRequest(209)) - a4a68fdc-9c21-417a-8215-14845568ad90@group-2BBC40871E24->bb175ec5-5e98-4251-9728-8e1e745e4fa1-GrpcLogAppender: appendEntries Timeout, request=a4a68fdc-9c21-417a-8215-14845568ad90->bb175ec5-5e98-4251-9728-8e1e745e4fa1#52-t3, previous=(t:3, i:10), leaderCommit=10, initializing? false, entries: <empty>
2019-10-28 11:35:10,208 [Thread-707] INFO  impl.FollowerState (FollowerState.java:run(108)) - bb175ec5-5e98-4251-9728-8e1e745e4fa1@group-2BBC40871E24-FollowerState: change to CANDIDATE, lastRpcTime:167ms, electionTimeout:167ms
2019-10-28 11:35:10,208 [Thread-707] INFO  impl.RoleInfo (RoleInfo.java:shutdownFollowerState(121)) - bb175ec5-5e98-4251-9728-8e1e745e4fa1: shutdown FollowerState
2019-10-28 11:35:10,208 [Thread-707] INFO  impl.RaftServerImpl (RaftServerImpl.java:setRole(184)) - bb175ec5-5e98-4251-9728-8e1e745e4fa1@group-2BBC40871E24: changes role from  FOLLOWER to CANDIDATE at term 22 for changeToCandidate
2019-10-28 11:35:10,208 [Thread-707] INFO  impl.RoleInfo (RoleInfo.java:updateAndGet(143)) - bb175ec5-5e98-4251-9728-8e1e745e4fa1: start LeaderElection
2019-10-28 11:35:10,222 [bb175ec5-5e98-4251-9728-8e1e745e4fa1@group-2BBC40871E24-LeaderElection27] INFO  impl.LeaderElection (LeaderElection.java:askForVotes(178)) - bb175ec5-5e98-4251-9728-8e1e745e4fa1@group-2BBC40871E24-LeaderElection27: begin an election at term 23 for 0: [a4a68fdc-9c21-417a-8215-14845568ad90:192.168.164.193:36183, 5aa0106d-b151-48db-b175-21e2bb54d20a:192.168.164.193:45972, bb175ec5-5e98-4251-9728-8e1e745e4fa1:192.168.164.193:34373], old=null
2019-10-28 11:35:10,225 [grpc-default-executor-2] INFO  impl.RaftServerImpl (RaftServerImpl.java:setRole(184)) - a4a68fdc-9c21-417a-8215-14845568ad90@group-2BBC40871E24: changes role from  FOLLOWER to FOLLOWER at term 23 for recognizeCandidate:bb175ec5-5e98-4251-9728-8e1e745e4fa1
2019-10-28 11:35:10,225 [grpc-default-executor-1] INFO  impl.RaftServerImpl (RaftServerImpl.java:setRole(184)) - 5aa0106d-b151-48db-b175-21e2bb54d20a@group-2BBC40871E24: changes role from  FOLLOWER to FOLLOWER at term 23 for recognizeCandidate:bb175ec5-5e98-4251-9728-8e1e745e4fa1
2019-10-28 11:35:10,225 [grpc-default-executor-2] INFO  impl.RoleInfo (RoleInfo.java:shutdownFollowerState(121)) - a4a68fdc-9c21-417a-8215-14845568ad90: shutdown FollowerState
2019-10-28 11:35:10,225 [grpc-default-executor-1] INFO  impl.RoleInfo (RoleInfo.java:shutdownFollowerState(121)) - 5aa0106d-b151-48db-b175-21e2bb54d20a: shutdown FollowerState
2019-10-28 11:35:10,225 [Thread-705] INFO  impl.FollowerState (FollowerState.java:run(117)) - a4a68fdc-9c21-417a-8215-14845568ad90@group-2BBC40871E24-FollowerState was interrupted: java.lang.InterruptedException: sleep interrupted
2019-10-28 11:35:10,225 [grpc-default-executor-2] INFO  impl.RoleInfo (RoleInfo.java:updateAndGet(143)) - a4a68fdc-9c21-417a-8215-14845568ad90: start FollowerState
2019-10-28 11:35:10,225 [Thread-706] INFO  impl.FollowerState (FollowerState.java:run(117)) - 5aa0106d-b151-48db-b175-21e2bb54d20a@group-2BBC40871E24-FollowerState was interrupted: java.lang.InterruptedException: sleep interrupted
2019-10-28 11:35:10,225 [grpc-default-executor-1] INFO  impl.RoleInfo (RoleInfo.java:updateAndGet(143)) - 5aa0106d-b151-48db-b175-21e2bb54d20a: start FollowerState
2019-10-28 11:35:10,240 [bb175ec5-5e98-4251-9728-8e1e745e4fa1@group-2BBC40871E24-LeaderElection27] INFO  impl.LeaderElection (LeaderElection.java:logAndReturn(56)) - bb175ec5-5e98-4251-9728-8e1e745e4fa1@group-2BBC40871E24-LeaderElection27: Election REJECTED; received 2 response(s) [bb175ec5-5e98-4251-9728-8e1e745e4fa1<-a4a68fdc-9c21-417a-8215-14845568ad90#0:FAIL-t23, bb175ec5-5e98-4251-9728-8e1e745e4fa1<-5aa0106d-b151-48db-b175-21e2bb54d20a#0:FAIL-t23] and 0 exception(s); bb175ec5-5e98-4251-9728-8e1e745e4fa1@group-2BBC40871E24:t23, leader=null, voted=bb175ec5-5e98-4251-9728-8e1e745e4fa1, raftlog=bb175ec5-5e98-4251-9728-8e1e745e4fa1@group-2BBC40871E24-SegmentedRaftLog:OPENED:c3,f4,i4, conf=0: [a4a68fdc-9c21-417a-8215-14845568ad90:192.168.164.193:36183, 5aa0106d-b151-48db-b175-21e2bb54d20a:192.168.164.193:45972, bb175ec5-5e98-4251-9728-8e1e745e4fa1:192.168.164.193:34373], old=null
2019-10-28 11:35:10,240 [bb175ec5-5e98-4251-9728-8e1e745e4fa1@group-2BBC40871E24-LeaderElection27] INFO  impl.RaftServerImpl (RaftServerImpl.java:setRole(184)) - bb175ec5-5e98-4251-9728-8e1e745e4fa1@group-2BBC40871E24: changes role from CANDIDATE to FOLLOWER at term 23 for DISCOVERED_A_NEW_TERM
2019-10-28 11:35:10,265 [bb175ec5-5e98-4251-9728-8e1e745e4fa1@group-2BBC40871E24-LeaderElection27] INFO  impl.RoleInfo (RoleInfo.java:shutdownLeaderElection(134)) - bb175ec5-5e98-4251-9728-8e1e745e4fa1: shutdown LeaderElection
2019-10-28 11:35:10,265 [bb175ec5-5e98-4251-9728-8e1e745e4fa1@group-2BBC40871E24-LeaderElection27] INFO  impl.RoleInfo (RoleInfo.java:updateAndGet(143)) - bb175ec5-5e98-4251-9728-8e1e745e4fa1: start FollowerState
2019-10-28 11:35:10,302 [Thread-713] INFO  impl.FollowerState (FollowerState.java:run(108)) - bb175ec5-5e98-4251-9728-8e1e745e4fa1@group-2BBC40871E24-FollowerState: change to CANDIDATE, lastRpcTime:37ms, electionTimeout:37ms
2019-10-28 11:35:10,304 [Thread-713] INFO  impl.RoleInfo (RoleInfo.java:shutdownFollowerState(121)) - bb175ec5-5e98-4251-9728-8e1e745e4fa1: shutdown FollowerState
2019-10-28 11:35:10,304 [Thread-713] INFO  impl.RaftServerImpl (RaftServerImpl.java:setRole(184)) - bb175ec5-5e98-4251-9728-8e1e745e4fa1@group-2BBC40871E24: changes role from  FOLLOWER to CANDIDATE at term 23 for changeToCandidate
2019-10-28 11:35:10,304 [Thread-713] INFO  impl.RoleInfo (RoleInfo.java:updateAndGet(143)) - bb175ec5-5e98-4251-9728-8e1e745e4fa1: start LeaderElection
2019-10-28 11:35:10,321 [bb175ec5-5e98-4251-9728-8e1e745e4fa1@group-2BBC40871E24-LeaderElection28] INFO  impl.LeaderElection (LeaderElection.java:askForVotes(178)) - bb175ec5-5e98-4251-9728-8e1e745e4fa1@group-2BBC40871E24-LeaderElection28: begin an election at term 24 for 0: [a4a68fdc-9c21-417a-8215-14845568ad90:192.168.164.193:36183, 5aa0106d-b151-48db-b175-21e2bb54d20a:192.168.164.193:45972, bb175ec5-5e98-4251-9728-8e1e745e4fa1:192.168.164.193:34373], old=null
2019-10-28 11:35:10,324 [grpc-default-executor-2] INFO  impl.RaftServerImpl (RaftServerImpl.java:setRole(184)) - a4a68fdc-9c21-417a-8215-14845568ad90@group-2BBC40871E24: changes role from  FOLLOWER to FOLLOWER at term 24 for recognizeCandidate:bb175ec5-5e98-4251-9728-8e1e745e4fa1
2019-10-28 11:35:10,324 [grpc-default-executor-1] INFO  impl.RaftServerImpl (RaftServerImpl.java:setRole(184)) - 5aa0106d-b151-48db-b175-21e2bb54d20a@group-2BBC40871E24: changes role from  FOLLOWER to FOLLOWER at term 24 for recognizeCandidate:bb175ec5-5e98-4251-9728-8e1e745e4fa1
2019-10-28 11:35:10,324 [grpc-default-executor-2] INFO  impl.RoleInfo (RoleInfo.java:shutdownFollowerState(121)) - a4a68fdc-9c21-417a-8215-14845568ad90: shutdown FollowerState
2019-10-28 11:35:10,324 [grpc-default-executor-1] INFO  impl.RoleInfo (RoleInfo.java:shutdownFollowerState(121)) - 5aa0106d-b151-48db-b175-21e2bb54d20a: shutdown FollowerState
2019-10-28 11:35:10,324 [grpc-default-executor-2] INFO  impl.RoleInfo (RoleInfo.java:updateAndGet(143)) - a4a68fdc-9c21-417a-8215-14845568ad90: start FollowerState
2019-10-28 11:35:10,324 [Thread-711] INFO  impl.FollowerState (FollowerState.java:run(117)) - a4a68fdc-9c21-417a-8215-14845568ad90@group-2BBC40871E24-FollowerState was interrupted: java.lang.InterruptedException: sleep interrupted
2019-10-28 11:35:10,325 [grpc-default-executor-1] INFO  impl.RoleInfo (RoleInfo.java:updateAndGet(143)) - 5aa0106d-b151-48db-b175-21e2bb54d20a: start FollowerState
2019-10-28 11:35:10,325 [Thread-712] INFO  impl.FollowerState (FollowerState.java:run(117)) - 5aa0106d-b151-48db-b175-21e2bb54d20a@group-2BBC40871E24-FollowerState was interrupted: java.lang.InterruptedException: sleep interrupted
2019-10-28 11:35:10,340 [bb175ec5-5e98-4251-9728-8e1e745e4fa1@group-2BBC40871E24-LeaderElection28] INFO  impl.LeaderElection (LeaderElection.java:logAndReturn(56)) - bb175ec5-5e98-4251-9728-8e1e745e4fa1@group-2BBC40871E24-LeaderElection28: Election REJECTED; received 2 response(s) [bb175ec5-5e98-4251-9728-8e1e745e4fa1<-a4a68fdc-9c21-417a-8215-14845568ad90#0:FAIL-t24, bb175ec5-5e98-4251-9728-8e1e745e4fa1<-5aa0106d-b151-48db-b175-21e2bb54d20a#0:FAIL-t24] and 0 exception(s); bb175ec5-5e98-4251-9728-8e1e745e4fa1@group-2BBC40871E24:t24, leader=null, voted=bb175ec5-5e98-4251-9728-8e1e745e4fa1, raftlog=bb175ec5-5e98-4251-9728-8e1e745e4fa1@group-2BBC40871E24-SegmentedRaftLog:OPENED:c3,f4,i4, conf=0: [a4a68fdc-9c21-417a-8215-14845568ad90:192.168.164.193:36183, 5aa0106d-b151-48db-b175-21e2bb54d20a:192.168.164.193:45972, bb175ec5-5e98-4251-9728-8e1e745e4fa1:192.168.164.193:34373], old=null
2019-10-28 11:35:10,340 [bb175ec5-5e98-4251-9728-8e1e745e4fa1@group-2BBC40871E24-LeaderElection28] INFO  impl.RaftServerImpl (RaftServerImpl.java:setRole(184)) - bb175ec5-5e98-4251-9728-8e1e745e4fa1@group-2BBC40871E24: changes role from CANDIDATE to FOLLOWER at term 24 for DISCOVERED_A_NEW_TERM
2019-10-28 11:35:10,340 [bb175ec5-5e98-4251-9728-8e1e745e4fa1@group-2BBC40871E24-LeaderElection28] INFO  impl.RoleInfo (RoleInfo.java:shutdownLeaderElection(134)) - bb175ec5-5e98-4251-9728-8e1e745e4fa1: shutdown LeaderElection
2019-10-28 11:35:10,340 [bb175ec5-5e98-4251-9728-8e1e745e4fa1@group-2BBC40871E24-LeaderElection28] INFO  impl.RoleInfo (RoleInfo.java:updateAndGet(143)) - bb175ec5-5e98-4251-9728-8e1e745e4fa1: start FollowerState
2019-10-28 11:35:10,436 [Thread-719] INFO  impl.FollowerState (FollowerState.java:run(108)) - bb175ec5-5e98-4251-9728-8e1e745e4fa1@group-2BBC40871E24-FollowerState: change to CANDIDATE, lastRpcTime:95ms, electionTimeout:95ms
2019-10-28 11:35:10,437 [Thread-719] INFO  impl.RoleInfo (RoleInfo.java:shutdownFollowerState(121)) - bb175ec5-5e98-4251-9728-8e1e745e4fa1: shutdown FollowerState
2019-10-28 11:35:10,437 [Thread-719] INFO  impl.RaftServerImpl (RaftServerImpl.java:setRole(184)) - bb175ec5-5e98-4251-9728-8e1e745e4fa1@group-2BBC40871E24: changes role from  FOLLOWER to CANDIDATE at term 24 for changeToCandidate
2019-10-28 11:35:10,437 [Thread-719] INFO  impl.RoleInfo (RoleInfo.java:updateAndGet(143)) - bb175ec5-5e98-4251-9728-8e1e745e4fa1: start LeaderElection
2019-10-28 11:35:10,444 [pool-7-thread-3] INFO  commands.RetriableDatanodeEventWatcher (RetriableDatanodeEventWatcher.java:onTimeout(47)) - RetriableDatanodeCommand type=deleteBlocksCommand with id=1572262504443 timed out. Retrying.
2019-10-28 11:35:10,444 [pool-7-thread-1] INFO  commands.RetriableDatanodeEventWatcher (RetriableDatanodeEventWatcher.java:onTimeout(47)) - RetriableDatanodeCommand type=deleteBlocksCommand with id=1572262504444 timed out. Retrying.
2019-10-28 11:35:10,445 [pool-7-thread-1] INFO  commands.RetriableDatanodeEventWatcher (RetriableDatanodeEventWatcher.java:onTimeout(47)) - RetriableDatanodeCommand type=deleteBlocksCommand with id=1572262504442 timed out. Retrying.
2019-10-28 11:35:10,445 [pool-7-thread-2] INFO  commands.RetriableDatanodeEventWatcher (RetriableDatanodeEventWatcher.java:onTimeout(47)) - RetriableDatanodeCommand type=deleteBlocksCommand with id=1572262504436 timed out. Retrying.
2019-10-28 11:35:10,445 [pool-7-thread-5] INFO  commands.RetriableDatanodeEventWatcher (RetriableDatanodeEventWatcher.java:onTimeout(47)) - RetriableDatanodeCommand type=deleteBlocksCommand with id=1572262504439 timed out. Retrying.
2019-10-28 11:35:10,445 [pool-7-thread-3] INFO  commands.RetriableDatanodeEventWatcher (RetriableDatanodeEventWatcher.java:onTimeout(47)) - RetriableDatanodeCommand type=deleteBlocksCommand with id=1572262504441 timed out. Retrying.
2019-10-28 11:35:10,445 [SCMBlockDeletingService#0] INFO  block.SCMBlockDeletingService (SCMBlockDeletingService.java:call(184)) - Totally added 1 delete blocks command for 1 datanodes, task elapsed time: 1ms
2019-10-28 11:35:10,451 [bb175ec5-5e98-4251-9728-8e1e745e4fa1@group-2BBC40871E24-LeaderElection29] INFO  impl.LeaderElection (LeaderElection.java:askForVotes(178)) - bb175ec5-5e98-4251-9728-8e1e745e4fa1@group-2BBC40871E24-LeaderElection29: begin an election at term 25 for 0: [a4a68fdc-9c21-417a-8215-14845568ad90:192.168.164.193:36183, 5aa0106d-b151-48db-b175-21e2bb54d20a:192.168.164.193:45972, bb175ec5-5e98-4251-9728-8e1e745e4fa1:192.168.164.193:34373], old=null
2019-10-28 11:35:10,454 [grpc-default-executor-2] INFO  impl.RaftServerImpl (RaftServerImpl.java:setRole(184)) - 5aa0106d-b151-48db-b175-21e2bb54d20a@group-2BBC40871E24: changes role from  FOLLOWER to FOLLOWER at term 25 for recognizeCandidate:bb175ec5-5e98-4251-9728-8e1e745e4fa1
2019-10-28 11:35:10,454 [grpc-default-executor-1] INFO  impl.RaftServerImpl (RaftServerImpl.java:setRole(184)) - a4a68fdc-9c21-417a-8215-14845568ad90@group-2BBC40871E24: changes role from  FOLLOWER to FOLLOWER at term 25 for recognizeCandidate:bb175ec5-5e98-4251-9728-8e1e745e4fa1
2019-10-28 11:35:10,454 [grpc-default-executor-2] INFO  impl.RoleInfo (RoleInfo.java:shutdownFollowerState(121)) - 5aa0106d-b151-48db-b175-21e2bb54d20a: shutdown FollowerState
2019-10-28 11:35:10,454 [grpc-default-executor-1] INFO  impl.RoleInfo (RoleInfo.java:shutdownFollowerState(121)) - a4a68fdc-9c21-417a-8215-14845568ad90: shutdown FollowerState
2019-10-28 11:35:10,454 [Thread-718] INFO  impl.FollowerState (FollowerState.java:run(117)) - 5aa0106d-b151-48db-b175-21e2bb54d20a@group-2BBC40871E24-FollowerState was interrupted: java.lang.InterruptedException: sleep interrupted
2019-10-28 11:35:10,454 [grpc-default-executor-2] INFO  impl.RoleInfo (RoleInfo.java:updateAndGet(143)) - 5aa0106d-b151-48db-b175-21e2bb54d20a: start FollowerState
2019-10-28 11:35:10,454 [grpc-default-executor-1] INFO  impl.RoleInfo (RoleInfo.java:updateAndGet(143)) - a4a68fdc-9c21-417a-8215-14845568ad90: start FollowerState
2019-10-28 11:35:10,454 [Thread-717] INFO  impl.FollowerState (FollowerState.java:run(117)) - a4a68fdc-9c21-417a-8215-14845568ad90@group-2BBC40871E24-FollowerState was interrupted: java.lang.InterruptedException: sleep interrupted
2019-10-28 11:35:10,471 [bb175ec5-5e98-4251-9728-8e1e745e4fa1@group-2BBC40871E24-LeaderElection29] INFO  impl.LeaderElection (LeaderElection.java:logAndReturn(56)) - bb175ec5-5e98-4251-9728-8e1e745e4fa1@group-2BBC40871E24-LeaderElection29: Election REJECTED; received 2 response(s) [bb175ec5-5e98-4251-9728-8e1e745e4fa1<-a4a68fdc-9c21-417a-8215-14845568ad90#0:FAIL-t25, bb175ec5-5e98-4251-9728-8e1e745e4fa1<-5aa0106d-b151-48db-b175-21e2bb54d20a#0:FAIL-t25] and 0 exception(s); bb175ec5-5e98-4251-9728-8e1e745e4fa1@group-2BBC40871E24:t25, leader=null, voted=bb175ec5-5e98-4251-9728-8e1e745e4fa1, raftlog=bb175ec5-5e98-4251-9728-8e1e745e4fa1@group-2BBC40871E24-SegmentedRaftLog:OPENED:c3,f4,i4, conf=0: [a4a68fdc-9c21-417a-8215-14845568ad90:192.168.164.193:36183, 5aa0106d-b151-48db-b175-21e2bb54d20a:192.168.164.193:45972, bb175ec5-5e98-4251-9728-8e1e745e4fa1:192.168.164.193:34373], old=null
2019-10-28 11:35:10,471 [bb175ec5-5e98-4251-9728-8e1e745e4fa1@group-2BBC40871E24-LeaderElection29] INFO  impl.RaftServerImpl (RaftServerImpl.java:setRole(184)) - bb175ec5-5e98-4251-9728-8e1e745e4fa1@group-2BBC40871E24: changes role from CANDIDATE to FOLLOWER at term 25 for DISCOVERED_A_NEW_TERM
2019-10-28 11:35:10,471 [bb175ec5-5e98-4251-9728-8e1e745e4fa1@group-2BBC40871E24-LeaderElection29] INFO  impl.RoleInfo (RoleInfo.java:shutdownLeaderElection(134)) - bb175ec5-5e98-4251-9728-8e1e745e4fa1: shutdown LeaderElection
2019-10-28 11:35:10,471 [bb175ec5-5e98-4251-9728-8e1e745e4fa1@group-2BBC40871E24-LeaderElection29] INFO  impl.RoleInfo (RoleInfo.java:updateAndGet(143)) - bb175ec5-5e98-4251-9728-8e1e745e4fa1: start FollowerState
2019-10-28 11:35:10,650 [Thread-725] INFO  impl.FollowerState (FollowerState.java:run(108)) - bb175ec5-5e98-4251-9728-8e1e745e4fa1@group-2BBC40871E24-FollowerState: change to CANDIDATE, lastRpcTime:178ms, electionTimeout:178ms
2019-10-28 11:35:10,651 [Thread-725] INFO  impl.RoleInfo (RoleInfo.java:shutdownFollowerState(121)) - bb175ec5-5e98-4251-9728-8e1e745e4fa1: shutdown FollowerState
2019-10-28 11:35:10,651 [Thread-725] INFO  impl.RaftServerImpl (RaftServerImpl.java:setRole(184)) - bb175ec5-5e98-4251-9728-8e1e745e4fa1@group-2BBC40871E24: changes role from  FOLLOWER to CANDIDATE at term 25 for changeToCandidate
2019-10-28 11:35:10,652 [Thread-725] INFO  impl.RoleInfo (RoleInfo.java:updateAndGet(143)) - bb175ec5-5e98-4251-9728-8e1e745e4fa1: start LeaderElection
2019-10-28 11:35:10,666 [bb175ec5-5e98-4251-9728-8e1e745e4fa1@group-2BBC40871E24-LeaderElection30] INFO  impl.LeaderElection (LeaderElection.java:askForVotes(178)) - bb175ec5-5e98-4251-9728-8e1e745e4fa1@group-2BBC40871E24-LeaderElection30: begin an election at term 26 for 0: [a4a68fdc-9c21-417a-8215-14845568ad90:192.168.164.193:36183, 5aa0106d-b151-48db-b175-21e2bb54d20a:192.168.164.193:45972, bb175ec5-5e98-4251-9728-8e1e745e4fa1:192.168.164.193:34373], old=null
2019-10-28 11:35:10,669 [grpc-default-executor-1] INFO  impl.RaftServerImpl (RaftServerImpl.java:setRole(184)) - a4a68fdc-9c21-417a-8215-14845568ad90@group-2BBC40871E24: changes role from  FOLLOWER to FOLLOWER at term 26 for recognizeCandidate:bb175ec5-5e98-4251-9728-8e1e745e4fa1
2019-10-28 11:35:10,669 [grpc-default-executor-2] INFO  impl.RaftServerImpl (RaftServerImpl.java:setRole(184)) - 5aa0106d-b151-48db-b175-21e2bb54d20a@group-2BBC40871E24: changes role from  FOLLOWER to FOLLOWER at term 26 for recognizeCandidate:bb175ec5-5e98-4251-9728-8e1e745e4fa1
2019-10-28 11:35:10,669 [grpc-default-executor-1] INFO  impl.RoleInfo (RoleInfo.java:shutdownFollowerState(121)) - a4a68fdc-9c21-417a-8215-14845568ad90: shutdown FollowerState
2019-10-28 11:35:10,669 [grpc-default-executor-2] INFO  impl.RoleInfo (RoleInfo.java:shutdownFollowerState(121)) - 5aa0106d-b151-48db-b175-21e2bb54d20a: shutdown FollowerState
2019-10-28 11:35:10,669 [Thread-724] INFO  impl.FollowerState (FollowerState.java:run(117)) - a4a68fdc-9c21-417a-8215-14845568ad90@group-2BBC40871E24-FollowerState was interrupted: java.lang.InterruptedException: sleep interrupted
2019-10-28 11:35:10,669 [Thread-723] INFO  impl.FollowerState (FollowerState.java:run(117)) - 5aa0106d-b151-48db-b175-21e2bb54d20a@group-2BBC40871E24-FollowerState was interrupted: java.lang.InterruptedException: sleep interrupted
2019-10-28 11:35:10,669 [grpc-default-executor-1] INFO  impl.RoleInfo (RoleInfo.java:updateAndGet(143)) - a4a68fdc-9c21-417a-8215-14845568ad90: start FollowerState
2019-10-28 11:35:10,669 [grpc-default-executor-2] INFO  impl.RoleInfo (RoleInfo.java:updateAndGet(143)) - 5aa0106d-b151-48db-b175-21e2bb54d20a: start FollowerState
2019-10-28 11:35:10,696 [bb175ec5-5e98-4251-9728-8e1e745e4fa1@group-2BBC40871E24-LeaderElection30] INFO  impl.LeaderElection (LeaderElection.java:logAndReturn(56)) - bb175ec5-5e98-4251-9728-8e1e745e4fa1@group-2BBC40871E24-LeaderElection30: Election TIMEOUT; received 0 response(s) [] and 0 exception(s); bb175ec5-5e98-4251-9728-8e1e745e4fa1@group-2BBC40871E24:t26, leader=null, voted=bb175ec5-5e98-4251-9728-8e1e745e4fa1, raftlog=bb175ec5-5e98-4251-9728-8e1e745e4fa1@group-2BBC40871E24-SegmentedRaftLog:OPENED:c3,f4,i4, conf=0: [a4a68fdc-9c21-417a-8215-14845568ad90:192.168.164.193:36183, 5aa0106d-b151-48db-b175-21e2bb54d20a:192.168.164.193:45972, bb175ec5-5e98-4251-9728-8e1e745e4fa1:192.168.164.193:34373], old=null
2019-10-28 11:35:10,711 [bb175ec5-5e98-4251-9728-8e1e745e4fa1@group-2BBC40871E24-LeaderElection30] INFO  impl.LeaderElection (LeaderElection.java:askForVotes(178)) - bb175ec5-5e98-4251-9728-8e1e745e4fa1@group-2BBC40871E24-LeaderElection30: begin an election at term 27 for 0: [a4a68fdc-9c21-417a-8215-14845568ad90:192.168.164.193:36183, 5aa0106d-b151-48db-b175-21e2bb54d20a:192.168.164.193:45972, bb175ec5-5e98-4251-9728-8e1e745e4fa1:192.168.164.193:34373], old=null
2019-10-28 11:35:10,714 [grpc-default-executor-1] INFO  impl.RaftServerImpl (RaftServerImpl.java:setRole(184)) - a4a68fdc-9c21-417a-8215-14845568ad90@group-2BBC40871E24: changes role from  FOLLOWER to FOLLOWER at term 27 for recognizeCandidate:bb175ec5-5e98-4251-9728-8e1e745e4fa1
2019-10-28 11:35:10,715 [grpc-default-executor-1] INFO  impl.RoleInfo (RoleInfo.java:shutdownFollowerState(121)) - a4a68fdc-9c21-417a-8215-14845568ad90: shutdown FollowerState
2019-10-28 11:35:10,715 [grpc-default-executor-2] INFO  impl.RaftServerImpl (RaftServerImpl.java:setRole(184)) - 5aa0106d-b151-48db-b175-21e2bb54d20a@group-2BBC40871E24: changes role from  FOLLOWER to FOLLOWER at term 27 for recognizeCandidate:bb175ec5-5e98-4251-9728-8e1e745e4fa1
2019-10-28 11:35:10,715 [Thread-729] INFO  impl.FollowerState (FollowerState.java:run(117)) - a4a68fdc-9c21-417a-8215-14845568ad90@group-2BBC40871E24-FollowerState was interrupted: java.lang.InterruptedException: sleep interrupted
2019-10-28 11:35:10,715 [grpc-default-executor-1] INFO  impl.RoleInfo (RoleInfo.java:updateAndGet(143)) - a4a68fdc-9c21-417a-8215-14845568ad90: start FollowerState
2019-10-28 11:35:10,715 [grpc-default-executor-2] INFO  impl.RoleInfo (RoleInfo.java:shutdownFollowerState(121)) - 5aa0106d-b151-48db-b175-21e2bb54d20a: shutdown FollowerState
2019-10-28 11:35:10,716 [grpc-default-executor-2] INFO  impl.RoleInfo (RoleInfo.java:updateAndGet(143)) - 5aa0106d-b151-48db-b175-21e2bb54d20a: start FollowerState
2019-10-28 11:35:10,716 [Thread-730] INFO  impl.FollowerState (FollowerState.java:run(117)) - 5aa0106d-b151-48db-b175-21e2bb54d20a@group-2BBC40871E24-FollowerState was interrupted: java.lang.InterruptedException: sleep interrupted
2019-10-28 11:35:10,726 [bb175ec5-5e98-4251-9728-8e1e745e4fa1@group-2BBC40871E24-LeaderElection30] INFO  impl.LeaderElection (LeaderElection.java:logAndReturn(56)) - bb175ec5-5e98-4251-9728-8e1e745e4fa1@group-2BBC40871E24-LeaderElection30: Election REJECTED; received 2 response(s) [bb175ec5-5e98-4251-9728-8e1e745e4fa1<-a4a68fdc-9c21-417a-8215-14845568ad90#0:FAIL-t27, bb175ec5-5e98-4251-9728-8e1e745e4fa1<-5aa0106d-b151-48db-b175-21e2bb54d20a#0:FAIL-t27] and 0 exception(s); bb175ec5-5e98-4251-9728-8e1e745e4fa1@group-2BBC40871E24:t27, leader=null, voted=bb175ec5-5e98-4251-9728-8e1e745e4fa1, raftlog=bb175ec5-5e98-4251-9728-8e1e745e4fa1@group-2BBC40871E24-SegmentedRaftLog:OPENED:c3,f4,i4, conf=0: [a4a68fdc-9c21-417a-8215-14845568ad90:192.168.164.193:36183, 5aa0106d-b151-48db-b175-21e2bb54d20a:192.168.164.193:45972, bb175ec5-5e98-4251-9728-8e1e745e4fa1:192.168.164.193:34373], old=null
2019-10-28 11:35:10,726 [bb175ec5-5e98-4251-9728-8e1e745e4fa1@group-2BBC40871E24-LeaderElection30] INFO  impl.RaftServerImpl (RaftServerImpl.java:setRole(184)) - bb175ec5-5e98-4251-9728-8e1e745e4fa1@group-2BBC40871E24: changes role from CANDIDATE to FOLLOWER at term 27 for DISCOVERED_A_NEW_TERM
2019-10-28 11:35:10,727 [bb175ec5-5e98-4251-9728-8e1e745e4fa1@group-2BBC40871E24-LeaderElection30] INFO  impl.RoleInfo (RoleInfo.java:shutdownLeaderElection(134)) - bb175ec5-5e98-4251-9728-8e1e745e4fa1: shutdown LeaderElection
2019-10-28 11:35:10,727 [bb175ec5-5e98-4251-9728-8e1e745e4fa1@group-2BBC40871E24-LeaderElection30] INFO  impl.RoleInfo (RoleInfo.java:updateAndGet(143)) - bb175ec5-5e98-4251-9728-8e1e745e4fa1: start FollowerState
2019-10-28 11:35:10,766 [BlockDeletingService#2] WARN  background.BlockDeletingService (BlockDeletingService.java:isDeletionAllowed(187)) - Close Container log Index 6 is not replicated across allthe servers in the pipeline 673f7971-0954-4a65-9d1b-2bbc40871e24 as the min replicated index is 4. Deletion is not allowed in this container yet.
2019-10-28 11:35:10,768 [BlockDeletingService#2] WARN  background.BlockDeletingService (BlockDeletingService.java:isDeletionAllowed(187)) - Close Container log Index 6 is not replicated across allthe servers in the pipeline 673f7971-0954-4a65-9d1b-2bbc40871e24 as the min replicated index is 4. Deletion is not allowed in this container yet.
2019-10-28 11:35:10,866 [Thread-735] INFO  impl.FollowerState (FollowerState.java:run(108)) - bb175ec5-5e98-4251-9728-8e1e745e4fa1@group-2BBC40871E24-FollowerState: change to CANDIDATE, lastRpcTime:139ms, electionTimeout:139ms
2019-10-28 11:35:10,866 [Thread-735] INFO  impl.RoleInfo (RoleInfo.java:shutdownFollowerState(121)) - bb175ec5-5e98-4251-9728-8e1e745e4fa1: shutdown FollowerState
2019-10-28 11:35:10,866 [Thread-735] INFO  impl.RaftServerImpl (RaftServerImpl.java:setRole(184)) - bb175ec5-5e98-4251-9728-8e1e745e4fa1@group-2BBC40871E24: changes role from  FOLLOWER to CANDIDATE at term 27 for changeToCandidate
2019-10-28 11:35:10,867 [Thread-735] INFO  impl.RoleInfo (RoleInfo.java:updateAndGet(143)) - bb175ec5-5e98-4251-9728-8e1e745e4fa1: start LeaderElection
2019-10-28 11:35:10,881 [bb175ec5-5e98-4251-9728-8e1e745e4fa1@group-2BBC40871E24-LeaderElection31] INFO  impl.LeaderElection (LeaderElection.java:askForVotes(178)) - bb175ec5-5e98-4251-9728-8e1e745e4fa1@group-2BBC40871E24-LeaderElection31: begin an election at term 28 for 0: [a4a68fdc-9c21-417a-8215-14845568ad90:192.168.164.193:36183, 5aa0106d-b151-48db-b175-21e2bb54d20a:192.168.164.193:45972, bb175ec5-5e98-4251-9728-8e1e745e4fa1:192.168.164.193:34373], old=null
2019-10-28 11:35:10,884 [grpc-default-executor-2] INFO  impl.RaftServerImpl (RaftServerImpl.java:setRole(184)) - 5aa0106d-b151-48db-b175-21e2bb54d20a@group-2BBC40871E24: changes role from  FOLLOWER to FOLLOWER at term 28 for recognizeCandidate:bb175ec5-5e98-4251-9728-8e1e745e4fa1
2019-10-28 11:35:10,884 [grpc-default-executor-1] INFO  impl.RaftServerImpl (RaftServerImpl.java:setRole(184)) - a4a68fdc-9c21-417a-8215-14845568ad90@group-2BBC40871E24: changes role from  FOLLOWER to FOLLOWER at term 28 for recognizeCandidate:bb175ec5-5e98-4251-9728-8e1e745e4fa1
2019-10-28 11:35:10,884 [grpc-default-executor-2] INFO  impl.RoleInfo (RoleInfo.java:shutdownFollowerState(121)) - 5aa0106d-b151-48db-b175-21e2bb54d20a: shutdown FollowerState
2019-10-28 11:35:10,885 [grpc-default-executor-1] INFO  impl.RoleInfo (RoleInfo.java:shutdownFollowerState(121)) - a4a68fdc-9c21-417a-8215-14845568ad90: shutdown FollowerState
2019-10-28 11:35:10,885 [Thread-734] INFO  impl.FollowerState (FollowerState.java:run(117)) - 5aa0106d-b151-48db-b175-21e2bb54d20a@group-2BBC40871E24-FollowerState was interrupted: java.lang.InterruptedException: sleep interrupted
2019-10-28 11:35:10,885 [grpc-default-executor-2] INFO  impl.RoleInfo (RoleInfo.java:updateAndGet(143)) - 5aa0106d-b151-48db-b175-21e2bb54d20a: start FollowerState
2019-10-28 11:35:10,885 [grpc-default-executor-1] INFO  impl.RoleInfo (RoleInfo.java:updateAndGet(143)) - a4a68fdc-9c21-417a-8215-14845568ad90: start FollowerState
2019-10-28 11:35:10,885 [Thread-733] INFO  impl.FollowerState (FollowerState.java:run(117)) - a4a68fdc-9c21-417a-8215-14845568ad90@group-2BBC40871E24-FollowerState was interrupted: java.lang.InterruptedException: sleep interrupted
2019-10-28 11:35:10,900 [bb175ec5-5e98-4251-9728-8e1e745e4fa1@group-2BBC40871E24-LeaderElection31] INFO  impl.LeaderElection (LeaderElection.java:logAndReturn(56)) - bb175ec5-5e98-4251-9728-8e1e745e4fa1@group-2BBC40871E24-LeaderElection31: Election REJECTED; received 2 response(s) [bb175ec5-5e98-4251-9728-8e1e745e4fa1<-a4a68fdc-9c21-417a-8215-14845568ad90#0:FAIL-t28, bb175ec5-5e98-4251-9728-8e1e745e4fa1<-5aa0106d-b151-48db-b175-21e2bb54d20a#0:FAIL-t28] and 0 exception(s); bb175ec5-5e98-4251-9728-8e1e745e4fa1@group-2BBC40871E24:t28, leader=null, voted=bb175ec5-5e98-4251-9728-8e1e745e4fa1, raftlog=bb175ec5-5e98-4251-9728-8e1e745e4fa1@group-2BBC40871E24-SegmentedRaftLog:OPENED:c3,f4,i4, conf=0: [a4a68fdc-9c21-417a-8215-14845568ad90:192.168.164.193:36183, 5aa0106d-b151-48db-b175-21e2bb54d20a:192.168.164.193:45972, bb175ec5-5e98-4251-9728-8e1e745e4fa1:192.168.164.193:34373], old=null
2019-10-28 11:35:10,901 [bb175ec5-5e98-4251-9728-8e1e745e4fa1@group-2BBC40871E24-LeaderElection31] INFO  impl.RaftServerImpl (RaftServerImpl.java:setRole(184)) - bb175ec5-5e98-4251-9728-8e1e745e4fa1@group-2BBC40871E24: changes role from CANDIDATE to FOLLOWER at term 28 for DISCOVERED_A_NEW_TERM
2019-10-28 11:35:10,901 [bb175ec5-5e98-4251-9728-8e1e745e4fa1@group-2BBC40871E24-LeaderElection31] INFO  impl.RoleInfo (RoleInfo.java:shutdownLeaderElection(134)) - bb175ec5-5e98-4251-9728-8e1e745e4fa1: shutdown LeaderElection
2019-10-28 11:35:10,901 [bb175ec5-5e98-4251-9728-8e1e745e4fa1@group-2BBC40871E24-LeaderElection31] INFO  impl.RoleInfo (RoleInfo.java:updateAndGet(143)) - bb175ec5-5e98-4251-9728-8e1e745e4fa1: start FollowerState
2019-10-28 11:35:11,027 [Thread-746] INFO  client.GrpcClientProtocolService (GrpcClientProtocolService.java:lambda$processClientRequest$0(278)) - Failed RaftClientRequest:client-8D88133FDDEB->bb175ec5-5e98-4251-9728-8e1e745e4fa1@group-2BBC40871E24, cid=10, seq=0, Watch-ALL_COMMITTED(6), Message:<EMPTY>, reply=RaftClientReply:client-8D88133FDDEB->bb175ec5-5e98-4251-9728-8e1e745e4fa1@group-2BBC40871E24, cid=10, FAILED org.apache.ratis.protocol.NotLeaderException: Server bb175ec5-5e98-4251-9728-8e1e745e4fa1@group-2BBC40871E24 is not the leader, logIndex=0, commits[bb175ec5-5e98-4251-9728-8e1e745e4fa1:c3]
2019-10-28 11:35:11,054 [Thread-744] INFO  impl.FollowerState (FollowerState.java:run(108)) - bb175ec5-5e98-4251-9728-8e1e745e4fa1@group-2BBC40871E24-FollowerState: change to CANDIDATE, lastRpcTime:153ms, electionTimeout:153ms
2019-10-28 11:35:11,055 [Thread-744] INFO  impl.RoleInfo (RoleInfo.java:shutdownFollowerState(121)) - bb175ec5-5e98-4251-9728-8e1e745e4fa1: shutdown FollowerState
2019-10-28 11:35:11,056 [Thread-744] INFO  impl.RaftServerImpl (RaftServerImpl.java:setRole(184)) - bb175ec5-5e98-4251-9728-8e1e745e4fa1@group-2BBC40871E24: changes role from  FOLLOWER to CANDIDATE at term 28 for changeToCandidate
2019-10-28 11:35:11,056 [Thread-744] INFO  impl.RoleInfo (RoleInfo.java:updateAndGet(143)) - bb175ec5-5e98-4251-9728-8e1e745e4fa1: start LeaderElection
2019-10-28 11:35:11,070 [bb175ec5-5e98-4251-9728-8e1e745e4fa1@group-2BBC40871E24-LeaderElection32] INFO  impl.LeaderElection (LeaderElection.java:askForVotes(178)) - bb175ec5-5e98-4251-9728-8e1e745e4fa1@group-2BBC40871E24-LeaderElection32: begin an election at term 29 for 0: [a4a68fdc-9c21-417a-8215-14845568ad90:192.168.164.193:36183, 5aa0106d-b151-48db-b175-21e2bb54d20a:192.168.164.193:45972, bb175ec5-5e98-4251-9728-8e1e745e4fa1:192.168.164.193:34373], old=null
2019-10-28 11:35:11,073 [grpc-default-executor-2] INFO  impl.RaftServerImpl (RaftServerImpl.java:setRole(184)) - a4a68fdc-9c21-417a-8215-14845568ad90@group-2BBC40871E24: changes role from  FOLLOWER to FOLLOWER at term 29 for recognizeCandidate:bb175ec5-5e98-4251-9728-8e1e745e4fa1
2019-10-28 11:35:11,073 [grpc-default-executor-1] INFO  impl.RaftServerImpl (RaftServerImpl.java:setRole(184)) - 5aa0106d-b151-48db-b175-21e2bb54d20a@group-2BBC40871E24: changes role from  FOLLOWER to FOLLOWER at term 29 for recognizeCandidate:bb175ec5-5e98-4251-9728-8e1e745e4fa1
2019-10-28 11:35:11,073 [grpc-default-executor-2] INFO  impl.RoleInfo (RoleInfo.java:shutdownFollowerState(121)) - a4a68fdc-9c21-417a-8215-14845568ad90: shutdown FollowerState
2019-10-28 11:35:11,073 [grpc-default-executor-1] INFO  impl.RoleInfo (RoleInfo.java:shutdownFollowerState(121)) - 5aa0106d-b151-48db-b175-21e2bb54d20a: shutdown FollowerState
2019-10-28 11:35:11,074 [grpc-default-executor-2] INFO  impl.RoleInfo (RoleInfo.java:updateAndGet(143)) - a4a68fdc-9c21-417a-8215-14845568ad90: start FollowerState
2019-10-28 11:35:11,074 [Thread-743] INFO  impl.FollowerState (FollowerState.java:run(117)) - a4a68fdc-9c21-417a-8215-14845568ad90@group-2BBC40871E24-FollowerState was interrupted: java.lang.InterruptedException: sleep interrupted
2019-10-28 11:35:11,074 [Thread-742] INFO  impl.FollowerState (FollowerState.java:run(117)) - 5aa0106d-b151-48db-b175-21e2bb54d20a@group-2BBC40871E24-FollowerState was interrupted: java.lang.InterruptedException: sleep interrupted
2019-10-28 11:35:11,074 [grpc-default-executor-1] INFO  impl.RoleInfo (RoleInfo.java:updateAndGet(143)) - 5aa0106d-b151-48db-b175-21e2bb54d20a: start FollowerState
2019-10-28 11:35:11,089 [bb175ec5-5e98-4251-9728-8e1e745e4fa1@group-2BBC40871E24-LeaderElection32] INFO  impl.LeaderElection (LeaderElection.java:logAndReturn(56)) - bb175ec5-5e98-4251-9728-8e1e745e4fa1@group-2BBC40871E24-LeaderElection32: Election REJECTED; received 2 response(s) [bb175ec5-5e98-4251-9728-8e1e745e4fa1<-a4a68fdc-9c21-417a-8215-14845568ad90#0:FAIL-t29, bb175ec5-5e98-4251-9728-8e1e745e4fa1<-5aa0106d-b151-48db-b175-21e2bb54d20a#0:FAIL-t29] and 0 exception(s); bb175ec5-5e98-4251-9728-8e1e745e4fa1@group-2BBC40871E24:t29, leader=null, voted=bb175ec5-5e98-4251-9728-8e1e745e4fa1, raftlog=bb175ec5-5e98-4251-9728-8e1e745e4fa1@group-2BBC40871E24-SegmentedRaftLog:OPENED:c3,f4,i4, conf=0: [a4a68fdc-9c21-417a-8215-14845568ad90:192.168.164.193:36183, 5aa0106d-b151-48db-b175-21e2bb54d20a:192.168.164.193:45972, bb175ec5-5e98-4251-9728-8e1e745e4fa1:192.168.164.193:34373], old=null
2019-10-28 11:35:11,089 [bb175ec5-5e98-4251-9728-8e1e745e4fa1@group-2BBC40871E24-LeaderElection32] INFO  impl.RaftServerImpl (RaftServerImpl.java:setRole(184)) - bb175ec5-5e98-4251-9728-8e1e745e4fa1@group-2BBC40871E24: changes role from CANDIDATE to FOLLOWER at term 29 for DISCOVERED_A_NEW_TERM
2019-10-28 11:35:11,089 [bb175ec5-5e98-4251-9728-8e1e745e4fa1@group-2BBC40871E24-LeaderElection32] INFO  impl.RoleInfo (RoleInfo.java:shutdownLeaderElection(134)) - bb175ec5-5e98-4251-9728-8e1e745e4fa1: shutdown LeaderElection
2019-10-28 11:35:11,089 [bb175ec5-5e98-4251-9728-8e1e745e4fa1@group-2BBC40871E24-LeaderElection32] INFO  impl.RoleInfo (RoleInfo.java:updateAndGet(143)) - bb175ec5-5e98-4251-9728-8e1e745e4fa1: start FollowerState
2019-10-28 11:35:11,105 [Thread-753] INFO  impl.FollowerState (FollowerState.java:run(108)) - bb175ec5-5e98-4251-9728-8e1e745e4fa1@group-2BBC40871E24-FollowerState: change to CANDIDATE, lastRpcTime:15ms, electionTimeout:15ms
2019-10-28 11:35:11,108 [Thread-753] INFO  impl.RoleInfo (RoleInfo.java:shutdownFollowerState(121)) - bb175ec5-5e98-4251-9728-8e1e745e4fa1: shutdown FollowerState
2019-10-28 11:35:11,108 [Thread-753] INFO  impl.RaftServerImpl (RaftServerImpl.java:setRole(184)) - bb175ec5-5e98-4251-9728-8e1e745e4fa1@group-2BBC40871E24: changes role from  FOLLOWER to CANDIDATE at term 29 for changeToCandidate
2019-10-28 11:35:11,108 [Thread-753] INFO  impl.RoleInfo (RoleInfo.java:updateAndGet(143)) - bb175ec5-5e98-4251-9728-8e1e745e4fa1: start LeaderElection
2019-10-28 11:35:11,122 [bb175ec5-5e98-4251-9728-8e1e745e4fa1@group-2BBC40871E24-LeaderElection33] INFO  impl.LeaderElection (LeaderElection.java:askForVotes(178)) - bb175ec5-5e98-4251-9728-8e1e745e4fa1@group-2BBC40871E24-LeaderElection33: begin an election at term 30 for 0: [a4a68fdc-9c21-417a-8215-14845568ad90:192.168.164.193:36183, 5aa0106d-b151-48db-b175-21e2bb54d20a:192.168.164.193:45972, bb175ec5-5e98-4251-9728-8e1e745e4fa1:192.168.164.193:34373], old=null
2019-10-28 11:35:11,124 [grpc-default-executor-1] INFO  impl.RaftServerImpl (RaftServerImpl.java:setRole(184)) - a4a68fdc-9c21-417a-8215-14845568ad90@group-2BBC40871E24: changes role from  FOLLOWER to FOLLOWER at term 30 for recognizeCandidate:bb175ec5-5e98-4251-9728-8e1e745e4fa1
2019-10-28 11:35:11,124 [grpc-default-executor-1] INFO  impl.RoleInfo (RoleInfo.java:shutdownFollowerState(121)) - a4a68fdc-9c21-417a-8215-14845568ad90: shutdown FollowerState
2019-10-28 11:35:11,125 [grpc-default-executor-1] INFO  impl.RoleInfo (RoleInfo.java:updateAndGet(143)) - a4a68fdc-9c21-417a-8215-14845568ad90: start FollowerState
2019-10-28 11:35:11,125 [Thread-751] INFO  impl.FollowerState (FollowerState.java:run(117)) - a4a68fdc-9c21-417a-8215-14845568ad90@group-2BBC40871E24-FollowerState was interrupted: java.lang.InterruptedException: sleep interrupted
2019-10-28 11:35:11,125 [grpc-default-executor-2] INFO  impl.RaftServerImpl (RaftServerImpl.java:setRole(184)) - 5aa0106d-b151-48db-b175-21e2bb54d20a@group-2BBC40871E24: changes role from  FOLLOWER to FOLLOWER at term 30 for recognizeCandidate:bb175ec5-5e98-4251-9728-8e1e745e4fa1
2019-10-28 11:35:11,125 [grpc-default-executor-2] INFO  impl.RoleInfo (RoleInfo.java:shutdownFollowerState(121)) - 5aa0106d-b151-48db-b175-21e2bb54d20a: shutdown FollowerState
2019-10-28 11:35:11,125 [Thread-752] INFO  impl.FollowerState (FollowerState.java:run(117)) - 5aa0106d-b151-48db-b175-21e2bb54d20a@group-2BBC40871E24-FollowerState was interrupted: java.lang.InterruptedException: sleep interrupted
2019-10-28 11:35:11,125 [grpc-default-executor-2] INFO  impl.RoleInfo (RoleInfo.java:updateAndGet(143)) - 5aa0106d-b151-48db-b175-21e2bb54d20a: start FollowerState
2019-10-28 11:35:11,139 [bb175ec5-5e98-4251-9728-8e1e745e4fa1@group-2BBC40871E24-LeaderElection33] INFO  impl.LeaderElection (LeaderElection.java:logAndReturn(56)) - bb175ec5-5e98-4251-9728-8e1e745e4fa1@group-2BBC40871E24-LeaderElection33: Election REJECTED; received 2 response(s) [bb175ec5-5e98-4251-9728-8e1e745e4fa1<-a4a68fdc-9c21-417a-8215-14845568ad90#0:FAIL-t30, bb175ec5-5e98-4251-9728-8e1e745e4fa1<-5aa0106d-b151-48db-b175-21e2bb54d20a#0:FAIL-t30] and 0 exception(s); bb175ec5-5e98-4251-9728-8e1e745e4fa1@group-2BBC40871E24:t30, leader=null, voted=bb175ec5-5e98-4251-9728-8e1e745e4fa1, raftlog=bb175ec5-5e98-4251-9728-8e1e745e4fa1@group-2BBC40871E24-SegmentedRaftLog:OPENED:c3,f4,i4, conf=0: [a4a68fdc-9c21-417a-8215-14845568ad90:192.168.164.193:36183, 5aa0106d-b151-48db-b175-21e2bb54d20a:192.168.164.193:45972, bb175ec5-5e98-4251-9728-8e1e745e4fa1:192.168.164.193:34373], old=null
2019-10-28 11:35:11,139 [bb175ec5-5e98-4251-9728-8e1e745e4fa1@group-2BBC40871E24-LeaderElection33] INFO  impl.RaftServerImpl (RaftServerImpl.java:setRole(184)) - bb175ec5-5e98-4251-9728-8e1e745e4fa1@group-2BBC40871E24: changes role from CANDIDATE to FOLLOWER at term 30 for DISCOVERED_A_NEW_TERM
2019-10-28 11:35:11,139 [bb175ec5-5e98-4251-9728-8e1e745e4fa1@group-2BBC40871E24-LeaderElection33] INFO  impl.RoleInfo (RoleInfo.java:shutdownLeaderElection(134)) - bb175ec5-5e98-4251-9728-8e1e745e4fa1: shutdown LeaderElection
2019-10-28 11:35:11,139 [bb175ec5-5e98-4251-9728-8e1e745e4fa1@group-2BBC40871E24-LeaderElection33] INFO  impl.RoleInfo (RoleInfo.java:updateAndGet(143)) - bb175ec5-5e98-4251-9728-8e1e745e4fa1: start FollowerState
2019-10-28 11:35:11,240 [Thread-759] INFO  impl.FollowerState (FollowerState.java:run(108)) - bb175ec5-5e98-4251-9728-8e1e745e4fa1@group-2BBC40871E24-FollowerState: change to CANDIDATE, lastRpcTime:100ms, electionTimeout:100ms
2019-10-28 11:35:11,240 [Thread-759] INFO  impl.RoleInfo (RoleInfo.java:shutdownFollowerState(121)) - bb175ec5-5e98-4251-9728-8e1e745e4fa1: shutdown FollowerState
2019-10-28 11:35:11,240 [Thread-759] INFO  impl.RaftServerImpl (RaftServerImpl.java:setRole(184)) - bb175ec5-5e98-4251-9728-8e1e745e4fa1@group-2BBC40871E24: changes role from  FOLLOWER to CANDIDATE at term 30 for changeToCandidate
2019-10-28 11:35:11,240 [Thread-759] INFO  impl.RoleInfo (RoleInfo.java:updateAndGet(143)) - bb175ec5-5e98-4251-9728-8e1e745e4fa1: start LeaderElection
2019-10-28 11:35:11,254 [bb175ec5-5e98-4251-9728-8e1e745e4fa1@group-2BBC40871E24-LeaderElection34] INFO  impl.LeaderElection (LeaderElection.java:askForVotes(178)) - bb175ec5-5e98-4251-9728-8e1e745e4fa1@group-2BBC40871E24-LeaderElection34: begin an election at term 31 for 0: [a4a68fdc-9c21-417a-8215-14845568ad90:192.168.164.193:36183, 5aa0106d-b151-48db-b175-21e2bb54d20a:192.168.164.193:45972, bb175ec5-5e98-4251-9728-8e1e745e4fa1:192.168.164.193:34373], old=null
2019-10-28 11:35:11,256 [grpc-default-executor-2] INFO  impl.RaftServerImpl (RaftServerImpl.java:setRole(184)) - a4a68fdc-9c21-417a-8215-14845568ad90@group-2BBC40871E24: changes role from  FOLLOWER to FOLLOWER at term 31 for recognizeCandidate:bb175ec5-5e98-4251-9728-8e1e745e4fa1
2019-10-28 11:35:11,256 [grpc-default-executor-1] INFO  impl.RaftServerImpl (RaftServerImpl.java:setRole(184)) - 5aa0106d-b151-48db-b175-21e2bb54d20a@group-2BBC40871E24: changes role from  FOLLOWER to FOLLOWER at term 31 for recognizeCandidate:bb175ec5-5e98-4251-9728-8e1e745e4fa1
2019-10-28 11:35:11,257 [grpc-default-executor-2] INFO  impl.RoleInfo (RoleInfo.java:shutdownFollowerState(121)) - a4a68fdc-9c21-417a-8215-14845568ad90: shutdown FollowerState
2019-10-28 11:35:11,257 [grpc-default-executor-1] INFO  impl.RoleInfo (RoleInfo.java:shutdownFollowerState(121)) - 5aa0106d-b151-48db-b175-21e2bb54d20a: shutdown FollowerState
2019-10-28 11:35:11,257 [Thread-757] INFO  impl.FollowerState (FollowerState.java:run(117)) - a4a68fdc-9c21-417a-8215-14845568ad90@group-2BBC40871E24-FollowerState was interrupted: java.lang.InterruptedException: sleep interrupted
2019-10-28 11:35:11,257 [grpc-default-executor-2] INFO  impl.RoleInfo (RoleInfo.java:updateAndGet(143)) - a4a68fdc-9c21-417a-8215-14845568ad90: start FollowerState
2019-10-28 11:35:11,257 [Thread-758] INFO  impl.FollowerState (FollowerState.java:run(117)) - 5aa0106d-b151-48db-b175-21e2bb54d20a@group-2BBC40871E24-FollowerState was interrupted: java.lang.InterruptedException: sleep interrupted
2019-10-28 11:35:11,257 [grpc-default-executor-1] INFO  impl.RoleInfo (RoleInfo.java:updateAndGet(143)) - 5aa0106d-b151-48db-b175-21e2bb54d20a: start FollowerState
2019-10-28 11:35:11,272 [bb175ec5-5e98-4251-9728-8e1e745e4fa1@group-2BBC40871E24-LeaderElection34] INFO  impl.LeaderElection (LeaderElection.java:logAndReturn(56)) - bb175ec5-5e98-4251-9728-8e1e745e4fa1@group-2BBC40871E24-LeaderElection34: Election REJECTED; received 2 response(s) [bb175ec5-5e98-4251-9728-8e1e745e4fa1<-a4a68fdc-9c21-417a-8215-14845568ad90#0:FAIL-t31, bb175ec5-5e98-4251-9728-8e1e745e4fa1<-5aa0106d-b151-48db-b175-21e2bb54d20a#0:FAIL-t31] and 0 exception(s); bb175ec5-5e98-4251-9728-8e1e745e4fa1@group-2BBC40871E24:t31, leader=null, voted=bb175ec5-5e98-4251-9728-8e1e745e4fa1, raftlog=bb175ec5-5e98-4251-9728-8e1e745e4fa1@group-2BBC40871E24-SegmentedRaftLog:OPENED:c3,f4,i4, conf=0: [a4a68fdc-9c21-417a-8215-14845568ad90:192.168.164.193:36183, 5aa0106d-b151-48db-b175-21e2bb54d20a:192.168.164.193:45972, bb175ec5-5e98-4251-9728-8e1e745e4fa1:192.168.164.193:34373], old=null
2019-10-28 11:35:11,272 [bb175ec5-5e98-4251-9728-8e1e745e4fa1@group-2BBC40871E24-LeaderElection34] INFO  impl.RaftServerImpl (RaftServerImpl.java:setRole(184)) - bb175ec5-5e98-4251-9728-8e1e745e4fa1@group-2BBC40871E24: changes role from CANDIDATE to FOLLOWER at term 31 for DISCOVERED_A_NEW_TERM
2019-10-28 11:35:11,272 [bb175ec5-5e98-4251-9728-8e1e745e4fa1@group-2BBC40871E24-LeaderElection34] INFO  impl.RoleInfo (RoleInfo.java:shutdownLeaderElection(134)) - bb175ec5-5e98-4251-9728-8e1e745e4fa1: shutdown LeaderElection
2019-10-28 11:35:11,272 [bb175ec5-5e98-4251-9728-8e1e745e4fa1@group-2BBC40871E24-LeaderElection34] INFO  impl.RoleInfo (RoleInfo.java:updateAndGet(143)) - bb175ec5-5e98-4251-9728-8e1e745e4fa1: start FollowerState
2019-10-28 11:35:11,445 [pool-7-thread-3] INFO  commands.RetriableDatanodeEventWatcher (RetriableDatanodeEventWatcher.java:onTimeout(47)) - RetriableDatanodeCommand type=deleteBlocksCommand with id=1572262504443 timed out. Retrying.
2019-10-28 11:35:11,445 [pool-7-thread-5] INFO  commands.RetriableDatanodeEventWatcher (RetriableDatanodeEventWatcher.java:onTimeout(47)) - RetriableDatanodeCommand type=deleteBlocksCommand with id=1572262504444 timed out. Retrying.
2019-10-28 11:35:11,445 [pool-7-thread-5] INFO  commands.RetriableDatanodeEventWatcher (RetriableDatanodeEventWatcher.java:onTimeout(47)) - RetriableDatanodeCommand type=deleteBlocksCommand with id=1572262504442 timed out. Retrying.
2019-10-28 11:35:11,446 [pool-7-thread-4] INFO  commands.RetriableDatanodeEventWatcher (RetriableDatanodeEventWatcher.java:onTimeout(47)) - RetriableDatanodeCommand type=deleteBlocksCommand with id=1572262504436 timed out. Retrying.
2019-10-28 11:35:11,446 [pool-7-thread-1] INFO  commands.RetriableDatanodeEventWatcher (RetriableDatanodeEventWatcher.java:onTimeout(47)) - RetriableDatanodeCommand type=deleteBlocksCommand with id=1572262504439 timed out. Retrying.
2019-10-28 11:35:11,446 [pool-7-thread-3] INFO  commands.RetriableDatanodeEventWatcher (RetriableDatanodeEventWatcher.java:onTimeout(47)) - RetriableDatanodeCommand type=deleteBlocksCommand with id=1572262504441 timed out. Retrying.
2019-10-28 11:35:11,446 [SCMBlockDeletingService#0] INFO  block.SCMBlockDeletingService (SCMBlockDeletingService.java:call(184)) - Totally added 1 delete blocks command for 1 datanodes, task elapsed time: 1ms
2019-10-28 11:35:11,446 [pool-7-thread-2] INFO  commands.RetriableDatanodeEventWatcher (RetriableDatanodeEventWatcher.java:onTimeout(47)) - RetriableDatanodeCommand type=deleteBlocksCommand with id=1572262504445 timed out. Retrying.
2019-10-28 11:35:11,457 [Thread-765] INFO  impl.FollowerState (FollowerState.java:run(108)) - bb175ec5-5e98-4251-9728-8e1e745e4fa1@group-2BBC40871E24-FollowerState: change to CANDIDATE, lastRpcTime:184ms, electionTimeout:184ms
2019-10-28 11:35:11,457 [Thread-765] INFO  impl.RoleInfo (RoleInfo.java:shutdownFollowerState(121)) - bb175ec5-5e98-4251-9728-8e1e745e4fa1: shutdown FollowerState
2019-10-28 11:35:11,457 [Thread-765] INFO  impl.RaftServerImpl (RaftServerImpl.java:setRole(184)) - bb175ec5-5e98-4251-9728-8e1e745e4fa1@group-2BBC40871E24: changes role from  FOLLOWER to CANDIDATE at term 31 for changeToCandidate
2019-10-28 11:35:11,457 [Thread-765] INFO  impl.RoleInfo (RoleInfo.java:updateAndGet(143)) - bb175ec5-5e98-4251-9728-8e1e745e4fa1: start LeaderElection
2019-10-28 11:35:11,472 [bb175ec5-5e98-4251-9728-8e1e745e4fa1@group-2BBC40871E24-LeaderElection35] INFO  impl.LeaderElection (LeaderElection.java:askForVotes(178)) - bb175ec5-5e98-4251-9728-8e1e745e4fa1@group-2BBC40871E24-LeaderElection35: begin an election at term 32 for 0: [a4a68fdc-9c21-417a-8215-14845568ad90:192.168.164.193:36183, 5aa0106d-b151-48db-b175-21e2bb54d20a:192.168.164.193:45972, bb175ec5-5e98-4251-9728-8e1e745e4fa1:192.168.164.193:34373], old=null
2019-10-28 11:35:11,474 [grpc-default-executor-1] INFO  impl.RaftServerImpl (RaftServerImpl.java:setRole(184)) - a4a68fdc-9c21-417a-8215-14845568ad90@group-2BBC40871E24: changes role from  FOLLOWER to FOLLOWER at term 32 for recognizeCandidate:bb175ec5-5e98-4251-9728-8e1e745e4fa1
2019-10-28 11:35:11,474 [grpc-default-executor-2] INFO  impl.RaftServerImpl (RaftServerImpl.java:setRole(184)) - 5aa0106d-b151-48db-b175-21e2bb54d20a@group-2BBC40871E24: changes role from  FOLLOWER to FOLLOWER at term 32 for recognizeCandidate:bb175ec5-5e98-4251-9728-8e1e745e4fa1
2019-10-28 11:35:11,474 [grpc-default-executor-1] INFO  impl.RoleInfo (RoleInfo.java:shutdownFollowerState(121)) - a4a68fdc-9c21-417a-8215-14845568ad90: shutdown FollowerState
2019-10-28 11:35:11,475 [grpc-default-executor-2] INFO  impl.RoleInfo (RoleInfo.java:shutdownFollowerState(121)) - 5aa0106d-b151-48db-b175-21e2bb54d20a: shutdown FollowerState
2019-10-28 11:35:11,475 [Thread-763] INFO  impl.FollowerState (FollowerState.java:run(117)) - a4a68fdc-9c21-417a-8215-14845568ad90@group-2BBC40871E24-FollowerState was interrupted: java.lang.InterruptedException: sleep interrupted
2019-10-28 11:35:11,475 [grpc-default-executor-2] INFO  impl.RoleInfo (RoleInfo.java:updateAndGet(143)) - 5aa0106d-b151-48db-b175-21e2bb54d20a: start FollowerState
2019-10-28 11:35:11,475 [grpc-default-executor-1] INFO  impl.RoleInfo (RoleInfo.java:updateAndGet(143)) - a4a68fdc-9c21-417a-8215-14845568ad90: start FollowerState
2019-10-28 11:35:11,475 [Thread-764] INFO  impl.FollowerState (FollowerState.java:run(117)) - 5aa0106d-b151-48db-b175-21e2bb54d20a@group-2BBC40871E24-FollowerState was interrupted: java.lang.InterruptedException: sleep interrupted
2019-10-28 11:35:11,490 [bb175ec5-5e98-4251-9728-8e1e745e4fa1@group-2BBC40871E24-LeaderElection35] INFO  impl.LeaderElection (LeaderElection.java:logAndReturn(56)) - bb175ec5-5e98-4251-9728-8e1e745e4fa1@group-2BBC40871E24-LeaderElection35: Election REJECTED; received 2 response(s) [bb175ec5-5e98-4251-9728-8e1e745e4fa1<-a4a68fdc-9c21-417a-8215-14845568ad90#0:FAIL-t32, bb175ec5-5e98-4251-9728-8e1e745e4fa1<-5aa0106d-b151-48db-b175-21e2bb54d20a#0:FAIL-t32] and 0 exception(s); bb175ec5-5e98-4251-9728-8e1e745e4fa1@group-2BBC40871E24:t32, leader=null, voted=bb175ec5-5e98-4251-9728-8e1e745e4fa1, raftlog=bb175ec5-5e98-4251-9728-8e1e745e4fa1@group-2BBC40871E24-SegmentedRaftLog:OPENED:c3,f4,i4, conf=0: [a4a68fdc-9c21-417a-8215-14845568ad90:192.168.164.193:36183, 5aa0106d-b151-48db-b175-21e2bb54d20a:192.168.164.193:45972, bb175ec5-5e98-4251-9728-8e1e745e4fa1:192.168.164.193:34373], old=null
2019-10-28 11:35:11,490 [bb175ec5-5e98-4251-9728-8e1e745e4fa1@group-2BBC40871E24-LeaderElection35] INFO  impl.RaftServerImpl (RaftServerImpl.java:setRole(184)) - bb175ec5-5e98-4251-9728-8e1e745e4fa1@group-2BBC40871E24: changes role from CANDIDATE to FOLLOWER at term 32 for DISCOVERED_A_NEW_TERM
2019-10-28 11:35:11,490 [bb175ec5-5e98-4251-9728-8e1e745e4fa1@group-2BBC40871E24-LeaderElection35] INFO  impl.RoleInfo (RoleInfo.java:shutdownLeaderElection(134)) - bb175ec5-5e98-4251-9728-8e1e745e4fa1: shutdown LeaderElection
2019-10-28 11:35:11,491 [bb175ec5-5e98-4251-9728-8e1e745e4fa1@group-2BBC40871E24-LeaderElection35] INFO  impl.RoleInfo (RoleInfo.java:updateAndGet(143)) - bb175ec5-5e98-4251-9728-8e1e745e4fa1: start FollowerState
2019-10-28 11:35:11,522 [Thread-771] INFO  impl.FollowerState (FollowerState.java:run(108)) - bb175ec5-5e98-4251-9728-8e1e745e4fa1@group-2BBC40871E24-FollowerState: change to CANDIDATE, lastRpcTime:31ms, electionTimeout:31ms
2019-10-28 11:35:11,522 [Thread-771] INFO  impl.RoleInfo (RoleInfo.java:shutdownFollowerState(121)) - bb175ec5-5e98-4251-9728-8e1e745e4fa1: shutdown FollowerState
2019-10-28 11:35:11,523 [Thread-771] INFO  impl.RaftServerImpl (RaftServerImpl.java:setRole(184)) - bb175ec5-5e98-4251-9728-8e1e745e4fa1@group-2BBC40871E24: changes role from  FOLLOWER to CANDIDATE at term 32 for changeToCandidate
2019-10-28 11:35:11,523 [Thread-771] INFO  impl.RoleInfo (RoleInfo.java:updateAndGet(143)) - bb175ec5-5e98-4251-9728-8e1e745e4fa1: start LeaderElection
2019-10-28 11:35:11,537 [bb175ec5-5e98-4251-9728-8e1e745e4fa1@group-2BBC40871E24-LeaderElection36] INFO  impl.LeaderElection (LeaderElection.java:askForVotes(178)) - bb175ec5-5e98-4251-9728-8e1e745e4fa1@group-2BBC40871E24-LeaderElection36: begin an election at term 33 for 0: [a4a68fdc-9c21-417a-8215-14845568ad90:192.168.164.193:36183, 5aa0106d-b151-48db-b175-21e2bb54d20a:192.168.164.193:45972, bb175ec5-5e98-4251-9728-8e1e745e4fa1:192.168.164.193:34373], old=null
2019-10-28 11:35:11,539 [grpc-default-executor-2] INFO  impl.RaftServerImpl (RaftServerImpl.java:setRole(184)) - a4a68fdc-9c21-417a-8215-14845568ad90@group-2BBC40871E24: changes role from  FOLLOWER to FOLLOWER at term 33 for recognizeCandidate:bb175ec5-5e98-4251-9728-8e1e745e4fa1
2019-10-28 11:35:11,539 [grpc-default-executor-1] INFO  impl.RaftServerImpl (RaftServerImpl.java:setRole(184)) - 5aa0106d-b151-48db-b175-21e2bb54d20a@group-2BBC40871E24: changes role from  FOLLOWER to FOLLOWER at term 33 for recognizeCandidate:bb175ec5-5e98-4251-9728-8e1e745e4fa1
2019-10-28 11:35:11,539 [grpc-default-executor-2] INFO  impl.RoleInfo (RoleInfo.java:shutdownFollowerState(121)) - a4a68fdc-9c21-417a-8215-14845568ad90: shutdown FollowerState
2019-10-28 11:35:11,540 [grpc-default-executor-1] INFO  impl.RoleInfo (RoleInfo.java:shutdownFollowerState(121)) - 5aa0106d-b151-48db-b175-21e2bb54d20a: shutdown FollowerState
2019-10-28 11:35:11,540 [Thread-769] INFO  impl.FollowerState (FollowerState.java:run(117)) - a4a68fdc-9c21-417a-8215-14845568ad90@group-2BBC40871E24-FollowerState was interrupted: java.lang.InterruptedException: sleep interrupted
2019-10-28 11:35:11,540 [grpc-default-executor-2] INFO  impl.RoleInfo (RoleInfo.java:updateAndGet(143)) - a4a68fdc-9c21-417a-8215-14845568ad90: start FollowerState
2019-10-28 11:35:11,540 [grpc-default-executor-1] INFO  impl.RoleInfo (RoleInfo.java:updateAndGet(143)) - 5aa0106d-b151-48db-b175-21e2bb54d20a: start FollowerState
2019-10-28 11:35:11,540 [Thread-770] INFO  impl.FollowerState (FollowerState.java:run(117)) - 5aa0106d-b151-48db-b175-21e2bb54d20a@group-2BBC40871E24-FollowerState was interrupted: java.lang.InterruptedException: sleep interrupted
2019-10-28 11:35:11,555 [bb175ec5-5e98-4251-9728-8e1e745e4fa1@group-2BBC40871E24-LeaderElection36] INFO  impl.LeaderElection (LeaderElection.java:logAndReturn(56)) - bb175ec5-5e98-4251-9728-8e1e745e4fa1@group-2BBC40871E24-LeaderElection36: Election REJECTED; received 2 response(s) [bb175ec5-5e98-4251-9728-8e1e745e4fa1<-a4a68fdc-9c21-417a-8215-14845568ad90#0:FAIL-t33, bb175ec5-5e98-4251-9728-8e1e745e4fa1<-5aa0106d-b151-48db-b175-21e2bb54d20a#0:FAIL-t33] and 0 exception(s); bb175ec5-5e98-4251-9728-8e1e745e4fa1@group-2BBC40871E24:t33, leader=null, voted=bb175ec5-5e98-4251-9728-8e1e745e4fa1, raftlog=bb175ec5-5e98-4251-9728-8e1e745e4fa1@group-2BBC40871E24-SegmentedRaftLog:OPENED:c3,f4,i4, conf=0: [a4a68fdc-9c21-417a-8215-14845568ad90:192.168.164.193:36183, 5aa0106d-b151-48db-b175-21e2bb54d20a:192.168.164.193:45972, bb175ec5-5e98-4251-9728-8e1e745e4fa1:192.168.164.193:34373], old=null
2019-10-28 11:35:11,555 [bb175ec5-5e98-4251-9728-8e1e745e4fa1@group-2BBC40871E24-LeaderElection36] INFO  impl.RaftServerImpl (RaftServerImpl.java:setRole(184)) - bb175ec5-5e98-4251-9728-8e1e745e4fa1@group-2BBC40871E24: changes role from CANDIDATE to FOLLOWER at term 33 for DISCOVERED_A_NEW_TERM
2019-10-28 11:35:11,555 [bb175ec5-5e98-4251-9728-8e1e745e4fa1@group-2BBC40871E24-LeaderElection36] INFO  impl.RoleInfo (RoleInfo.java:shutdownLeaderElection(134)) - bb175ec5-5e98-4251-9728-8e1e745e4fa1: shutdown LeaderElection
2019-10-28 11:35:11,555 [bb175ec5-5e98-4251-9728-8e1e745e4fa1@group-2BBC40871E24-LeaderElection36] INFO  impl.RoleInfo (RoleInfo.java:updateAndGet(143)) - bb175ec5-5e98-4251-9728-8e1e745e4fa1: start FollowerState
2019-10-28 11:35:11,666 [Thread-777] INFO  impl.FollowerState (FollowerState.java:run(108)) - bb175ec5-5e98-4251-9728-8e1e745e4fa1@group-2BBC40871E24-FollowerState: change to CANDIDATE, lastRpcTime:110ms, electionTimeout:110ms
2019-10-28 11:35:11,666 [Thread-777] INFO  impl.RoleInfo (RoleInfo.java:shutdownFollowerState(121)) - bb175ec5-5e98-4251-9728-8e1e745e4fa1: shutdown FollowerState
2019-10-28 11:35:11,666 [Thread-777] INFO  impl.RaftServerImpl (RaftServerImpl.java:setRole(184)) - bb175ec5-5e98-4251-9728-8e1e745e4fa1@group-2BBC40871E24: changes role from  FOLLOWER to CANDIDATE at term 33 for changeToCandidate
2019-10-28 11:35:11,666 [Thread-777] INFO  impl.RoleInfo (RoleInfo.java:updateAndGet(143)) - bb175ec5-5e98-4251-9728-8e1e745e4fa1: start LeaderElection
2019-10-28 11:35:11,681 [bb175ec5-5e98-4251-9728-8e1e745e4fa1@group-2BBC40871E24-LeaderElection37] INFO  impl.LeaderElection (LeaderElection.java:askForVotes(178)) - bb175ec5-5e98-4251-9728-8e1e745e4fa1@group-2BBC40871E24-LeaderElection37: begin an election at term 34 for 0: [a4a68fdc-9c21-417a-8215-14845568ad90:192.168.164.193:36183, 5aa0106d-b151-48db-b175-21e2bb54d20a:192.168.164.193:45972, bb175ec5-5e98-4251-9728-8e1e745e4fa1:192.168.164.193:34373], old=null
2019-10-28 11:35:11,684 [grpc-default-executor-2] INFO  impl.RaftServerImpl (RaftServerImpl.java:setRole(184)) - a4a68fdc-9c21-417a-8215-14845568ad90@group-2BBC40871E24: changes role from  FOLLOWER to FOLLOWER at term 34 for recognizeCandidate:bb175ec5-5e98-4251-9728-8e1e745e4fa1
2019-10-28 11:35:11,684 [grpc-default-executor-1] INFO  impl.RaftServerImpl (RaftServerImpl.java:setRole(184)) - 5aa0106d-b151-48db-b175-21e2bb54d20a@group-2BBC40871E24: changes role from  FOLLOWER to FOLLOWER at term 34 for recognizeCandidate:bb175ec5-5e98-4251-9728-8e1e745e4fa1
2019-10-28 11:35:11,684 [grpc-default-executor-2] INFO  impl.RoleInfo (RoleInfo.java:shutdownFollowerState(121)) - a4a68fdc-9c21-417a-8215-14845568ad90: shutdown FollowerState
2019-10-28 11:35:11,684 [grpc-default-executor-1] INFO  impl.RoleInfo (RoleInfo.java:shutdownFollowerState(121)) - 5aa0106d-b151-48db-b175-21e2bb54d20a: shutdown FollowerState
2019-10-28 11:35:11,684 [grpc-default-executor-2] INFO  impl.RoleInfo (RoleInfo.java:updateAndGet(143)) - a4a68fdc-9c21-417a-8215-14845568ad90: start FollowerState
2019-10-28 11:35:11,684 [Thread-775] INFO  impl.FollowerState (FollowerState.java:run(117)) - a4a68fdc-9c21-417a-8215-14845568ad90@group-2BBC40871E24-FollowerState was interrupted: java.lang.InterruptedException: sleep interrupted
2019-10-28 11:35:11,684 [grpc-default-executor-1] INFO  impl.RoleInfo (RoleInfo.java:updateAndGet(143)) - 5aa0106d-b151-48db-b175-21e2bb54d20a: start FollowerState
2019-10-28 11:35:11,684 [Thread-776] INFO  impl.FollowerState (FollowerState.java:run(117)) - 5aa0106d-b151-48db-b175-21e2bb54d20a@group-2BBC40871E24-FollowerState was interrupted: java.lang.InterruptedException: sleep interrupted
2019-10-28 11:35:11,699 [bb175ec5-5e98-4251-9728-8e1e745e4fa1@group-2BBC40871E24-LeaderElection37] INFO  impl.LeaderElection (LeaderElection.java:logAndReturn(56)) - bb175ec5-5e98-4251-9728-8e1e745e4fa1@group-2BBC40871E24-LeaderElection37: Election REJECTED; received 2 response(s) [bb175ec5-5e98-4251-9728-8e1e745e4fa1<-a4a68fdc-9c21-417a-8215-14845568ad90#0:FAIL-t34, bb175ec5-5e98-4251-9728-8e1e745e4fa1<-5aa0106d-b151-48db-b175-21e2bb54d20a#0:FAIL-t34] and 0 exception(s); bb175ec5-5e98-4251-9728-8e1e745e4fa1@group-2BBC40871E24:t34, leader=null, voted=bb175ec5-5e98-4251-9728-8e1e745e4fa1, raftlog=bb175ec5-5e98-4251-9728-8e1e745e4fa1@group-2BBC40871E24-SegmentedRaftLog:OPENED:c3,f4,i4, conf=0: [a4a68fdc-9c21-417a-8215-14845568ad90:192.168.164.193:36183, 5aa0106d-b151-48db-b175-21e2bb54d20a:192.168.164.193:45972, bb175ec5-5e98-4251-9728-8e1e745e4fa1:192.168.164.193:34373], old=null
2019-10-28 11:35:11,699 [bb175ec5-5e98-4251-9728-8e1e745e4fa1@group-2BBC40871E24-LeaderElection37] INFO  impl.RaftServerImpl (RaftServerImpl.java:setRole(184)) - bb175ec5-5e98-4251-9728-8e1e745e4fa1@group-2BBC40871E24: changes role from CANDIDATE to FOLLOWER at term 34 for DISCOVERED_A_NEW_TERM
2019-10-28 11:35:11,700 [bb175ec5-5e98-4251-9728-8e1e745e4fa1@group-2BBC40871E24-LeaderElection37] INFO  impl.RoleInfo (RoleInfo.java:shutdownLeaderElection(134)) - bb175ec5-5e98-4251-9728-8e1e745e4fa1: shutdown LeaderElection
2019-10-28 11:35:11,700 [bb175ec5-5e98-4251-9728-8e1e745e4fa1@group-2BBC40871E24-LeaderElection37] INFO  impl.RoleInfo (RoleInfo.java:updateAndGet(143)) - bb175ec5-5e98-4251-9728-8e1e745e4fa1: start FollowerState
2019-10-28 11:35:11,718 [Thread-783] INFO  impl.FollowerState (FollowerState.java:run(108)) - bb175ec5-5e98-4251-9728-8e1e745e4fa1@group-2BBC40871E24-FollowerState: change to CANDIDATE, lastRpcTime:18ms, electionTimeout:18ms
2019-10-28 11:35:11,718 [Thread-783] INFO  impl.RoleInfo (RoleInfo.java:shutdownFollowerState(121)) - bb175ec5-5e98-4251-9728-8e1e745e4fa1: shutdown FollowerState
2019-10-28 11:35:11,718 [Thread-783] INFO  impl.RaftServerImpl (RaftServerImpl.java:setRole(184)) - bb175ec5-5e98-4251-9728-8e1e745e4fa1@group-2BBC40871E24: changes role from  FOLLOWER to CANDIDATE at term 34 for changeToCandidate
2019-10-28 11:35:11,719 [Thread-783] INFO  impl.RoleInfo (RoleInfo.java:updateAndGet(143)) - bb175ec5-5e98-4251-9728-8e1e745e4fa1: start LeaderElection
2019-10-28 11:35:11,732 [bb175ec5-5e98-4251-9728-8e1e745e4fa1@group-2BBC40871E24-LeaderElection38] INFO  impl.LeaderElection (LeaderElection.java:askForVotes(178)) - bb175ec5-5e98-4251-9728-8e1e745e4fa1@group-2BBC40871E24-LeaderElection38: begin an election at term 35 for 0: [a4a68fdc-9c21-417a-8215-14845568ad90:192.168.164.193:36183, 5aa0106d-b151-48db-b175-21e2bb54d20a:192.168.164.193:45972, bb175ec5-5e98-4251-9728-8e1e745e4fa1:192.168.164.193:34373], old=null
2019-10-28 11:35:11,735 [grpc-default-executor-1] INFO  impl.RaftServerImpl (RaftServerImpl.java:setRole(184)) - 5aa0106d-b151-48db-b175-21e2bb54d20a@group-2BBC40871E24: changes role from  FOLLOWER to FOLLOWER at term 35 for recognizeCandidate:bb175ec5-5e98-4251-9728-8e1e745e4fa1
2019-10-28 11:35:11,735 [grpc-default-executor-2] INFO  impl.RaftServerImpl (RaftServerImpl.java:setRole(184)) - a4a68fdc-9c21-417a-8215-14845568ad90@group-2BBC40871E24: changes role from  FOLLOWER to FOLLOWER at term 35 for recognizeCandidate:bb175ec5-5e98-4251-9728-8e1e745e4fa1
2019-10-28 11:35:11,735 [grpc-default-executor-1] INFO  impl.RoleInfo (RoleInfo.java:shutdownFollowerState(121)) - 5aa0106d-b151-48db-b175-21e2bb54d20a: shutdown FollowerState
2019-10-28 11:35:11,736 [grpc-default-executor-2] INFO  impl.RoleInfo (RoleInfo.java:shutdownFollowerState(121)) - a4a68fdc-9c21-417a-8215-14845568ad90: shutdown FollowerState
2019-10-28 11:35:11,736 [grpc-default-executor-1] INFO  impl.RoleInfo (RoleInfo.java:updateAndGet(143)) - 5aa0106d-b151-48db-b175-21e2bb54d20a: start FollowerState
2019-10-28 11:35:11,736 [Thread-782] INFO  impl.FollowerState (FollowerState.java:run(117)) - 5aa0106d-b151-48db-b175-21e2bb54d20a@group-2BBC40871E24-FollowerState was interrupted: java.lang.InterruptedException: sleep interrupted
2019-10-28 11:35:11,736 [grpc-default-executor-2] INFO  impl.RoleInfo (RoleInfo.java:updateAndGet(143)) - a4a68fdc-9c21-417a-8215-14845568ad90: start FollowerState
2019-10-28 11:35:11,736 [Thread-781] INFO  impl.FollowerState (FollowerState.java:run(117)) - a4a68fdc-9c21-417a-8215-14845568ad90@group-2BBC40871E24-FollowerState was interrupted: java.lang.InterruptedException: sleep interrupted
2019-10-28 11:35:11,751 [bb175ec5-5e98-4251-9728-8e1e745e4fa1@group-2BBC40871E24-LeaderElection38] INFO  impl.LeaderElection (LeaderElection.java:logAndReturn(56)) - bb175ec5-5e98-4251-9728-8e1e745e4fa1@group-2BBC40871E24-LeaderElection38: Election REJECTED; received 2 response(s) [bb175ec5-5e98-4251-9728-8e1e745e4fa1<-a4a68fdc-9c21-417a-8215-14845568ad90#0:FAIL-t35, bb175ec5-5e98-4251-9728-8e1e745e4fa1<-5aa0106d-b151-48db-b175-21e2bb54d20a#0:FAIL-t35] and 0 exception(s); bb175ec5-5e98-4251-9728-8e1e745e4fa1@group-2BBC40871E24:t35, leader=null, voted=bb175ec5-5e98-4251-9728-8e1e745e4fa1, raftlog=bb175ec5-5e98-4251-9728-8e1e745e4fa1@group-2BBC40871E24-SegmentedRaftLog:OPENED:c3,f4,i4, conf=0: [a4a68fdc-9c21-417a-8215-14845568ad90:192.168.164.193:36183, 5aa0106d-b151-48db-b175-21e2bb54d20a:192.168.164.193:45972, bb175ec5-5e98-4251-9728-8e1e745e4fa1:192.168.164.193:34373], old=null
2019-10-28 11:35:11,751 [bb175ec5-5e98-4251-9728-8e1e745e4fa1@group-2BBC40871E24-LeaderElection38] INFO  impl.RaftServerImpl (RaftServerImpl.java:setRole(184)) - bb175ec5-5e98-4251-9728-8e1e745e4fa1@group-2BBC40871E24: changes role from CANDIDATE to FOLLOWER at term 35 for DISCOVERED_A_NEW_TERM
2019-10-28 11:35:11,751 [bb175ec5-5e98-4251-9728-8e1e745e4fa1@group-2BBC40871E24-LeaderElection38] INFO  impl.RoleInfo (RoleInfo.java:shutdownLeaderElection(134)) - bb175ec5-5e98-4251-9728-8e1e745e4fa1: shutdown LeaderElection
2019-10-28 11:35:11,751 [bb175ec5-5e98-4251-9728-8e1e745e4fa1@group-2BBC40871E24-LeaderElection38] INFO  impl.RoleInfo (RoleInfo.java:updateAndGet(143)) - bb175ec5-5e98-4251-9728-8e1e745e4fa1: start FollowerState
2019-10-28 11:35:11,769 [BlockDeletingService#2] WARN  background.BlockDeletingService (BlockDeletingService.java:isDeletionAllowed(187)) - Close Container log Index 6 is not replicated across allthe servers in the pipeline 673f7971-0954-4a65-9d1b-2bbc40871e24 as the min replicated index is 4. Deletion is not allowed in this container yet.
2019-10-28 11:35:11,769 [BlockDeletingService#2] WARN  background.BlockDeletingService (BlockDeletingService.java:isDeletionAllowed(187)) - Close Container log Index 6 is not replicated across allthe servers in the pipeline 673f7971-0954-4a65-9d1b-2bbc40871e24 as the min replicated index is 4. Deletion is not allowed in this container yet.
2019-10-28 11:35:11,832 [EventQueue-PendingDeleteStatusForPendingDeleteHandler] INFO  block.SCMBlockDeletingService (SCMBlockDeletingService.java:handlePendingDeletes(115)) - Block deletion txnID mismatch in datanode bb175ec5-5e98-4251-9728-8e1e745e4fa1 for containerID 1. Datanode delete txnID: 0, SCM txnID: 1
2019-10-28 11:35:11,901 [Thread-789] INFO  impl.FollowerState (FollowerState.java:run(108)) - bb175ec5-5e98-4251-9728-8e1e745e4fa1@group-2BBC40871E24-FollowerState: change to CANDIDATE, lastRpcTime:149ms, electionTimeout:149ms
2019-10-28 11:35:11,901 [Thread-789] INFO  impl.RoleInfo (RoleInfo.java:shutdownFollowerState(121)) - bb175ec5-5e98-4251-9728-8e1e745e4fa1: shutdown FollowerState
2019-10-28 11:35:11,901 [Thread-789] INFO  impl.RaftServerImpl (RaftServerImpl.java:setRole(184)) - bb175ec5-5e98-4251-9728-8e1e745e4fa1@group-2BBC40871E24: changes role from  FOLLOWER to CANDIDATE at term 35 for changeToCandidate
2019-10-28 11:35:11,901 [Thread-789] INFO  impl.RoleInfo (RoleInfo.java:updateAndGet(143)) - bb175ec5-5e98-4251-9728-8e1e745e4fa1: start LeaderElection
2019-10-28 11:35:11,903 [grpc-default-executor-1] INFO  impl.RaftServerProxy (RaftServerProxy.java:addNew(89)) - bb175ec5-5e98-4251-9728-8e1e745e4fa1: addNew group-B3602CA515EE:[bb175ec5-5e98-4251-9728-8e1e745e4fa1:192.168.164.193:34373] returns group-B3602CA515EE:java.util.concurrent.CompletableFuture@27c48aa[Not completed]
2019-10-28 11:35:11,906 [pool-59-thread-1] INFO  impl.RaftServerImpl (RaftServerImpl.java:<init>(104)) - bb175ec5-5e98-4251-9728-8e1e745e4fa1: new RaftServerImpl for group-B3602CA515EE:[bb175ec5-5e98-4251-9728-8e1e745e4fa1:192.168.164.193:34373] with ContainerStateMachine:uninitialized
2019-10-28 11:35:11,906 [pool-59-thread-1] INFO  server.RaftServerConfigKeys (ConfUtils.java:logGet(43)) - raft.server.rpc.timeout.min = 5s (custom)
2019-10-28 11:35:11,906 [pool-59-thread-1] INFO  server.RaftServerConfigKeys (ConfUtils.java:logGet(43)) - raft.server.rpc.timeout.max = 5200ms (custom)
2019-10-28 11:35:11,906 [pool-59-thread-1] INFO  server.RaftServerConfigKeys (ConfUtils.java:logGet(43)) - raft.server.rpcslowness.timeout = 1000s (custom)
2019-10-28 11:35:11,907 [pool-59-thread-1] INFO  server.RaftServerConfigKeys (ConfUtils.java:logGet(43)) - raft.server.sleep.deviation.threshold = 300 (default)
2019-10-28 11:35:11,907 [pool-59-thread-1] INFO  server.RaftServerConfigKeys (ConfUtils.java:logGet(43)) - raft.server.log.appender.install.snapshot.enabled = false (custom)
2019-10-28 11:35:11,907 [pool-59-thread-1] INFO  impl.RaftServerImpl (ServerState.java:<init>(103)) - bb175ec5-5e98-4251-9728-8e1e745e4fa1@group-B3602CA515EE: ConfigurationManager, init=-1: [bb175ec5-5e98-4251-9728-8e1e745e4fa1:192.168.164.193:34373], old=null, confs=<EMPTY_MAP>
2019-10-28 11:35:11,907 [pool-59-thread-1] INFO  server.RaftServerConfigKeys (ConfUtils.java:logGet(43)) - raft.server.storage.dir = [/workdir/hadoop-ozone/integration-test/target/test-dir/MiniOzoneClusterImpl-32030326-9f4e-4c1d-8269-b77a585e0de7/datanode-1/data/ratis] (custom)
2019-10-28 11:35:11,907 [pool-59-thread-1] INFO  server.RaftServerConfigKeys (ConfUtils.java:logGet(43)) - raft.server.log.corruption.policy = EXCEPTION (default)
2019-10-28 11:35:11,908 [pool-59-thread-1] INFO  storage.RaftStorageDirectory (RaftStorageDirectory.java:analyzeStorage(246)) - The storage directory /workdir/hadoop-ozone/integration-test/target/test-dir/MiniOzoneClusterImpl-32030326-9f4e-4c1d-8269-b77a585e0de7/datanode-1/data/ratis/6a98cfc6-dd5d-4088-bf99-b3602ca515ee does not exist. Creating ...
2019-10-28 11:35:11,916 [pool-59-thread-1] INFO  storage.RaftStorageDirectory (RaftStorageDirectory.java:tryLock(328)) - Lock on /workdir/hadoop-ozone/integration-test/target/test-dir/MiniOzoneClusterImpl-32030326-9f4e-4c1d-8269-b77a585e0de7/datanode-1/data/ratis/6a98cfc6-dd5d-4088-bf99-b3602ca515ee/in_use.lock acquired by nodename 15197@pr-hdds-2292-97wmq-4261317731
2019-10-28 11:35:11,916 [bb175ec5-5e98-4251-9728-8e1e745e4fa1@group-2BBC40871E24-LeaderElection39] INFO  impl.LeaderElection (LeaderElection.java:askForVotes(178)) - bb175ec5-5e98-4251-9728-8e1e745e4fa1@group-2BBC40871E24-LeaderElection39: begin an election at term 36 for 0: [a4a68fdc-9c21-417a-8215-14845568ad90:192.168.164.193:36183, 5aa0106d-b151-48db-b175-21e2bb54d20a:192.168.164.193:45972, bb175ec5-5e98-4251-9728-8e1e745e4fa1:192.168.164.193:34373], old=null
2019-10-28 11:35:11,919 [grpc-default-executor-1] INFO  impl.RaftServerImpl (RaftServerImpl.java:setRole(184)) - a4a68fdc-9c21-417a-8215-14845568ad90@group-2BBC40871E24: changes role from  FOLLOWER to FOLLOWER at term 36 for recognizeCandidate:bb175ec5-5e98-4251-9728-8e1e745e4fa1
2019-10-28 11:35:11,919 [grpc-default-executor-1] INFO  impl.RoleInfo (RoleInfo.java:shutdownFollowerState(121)) - a4a68fdc-9c21-417a-8215-14845568ad90: shutdown FollowerState
2019-10-28 11:35:11,919 [grpc-default-executor-2] INFO  impl.RaftServerImpl (RaftServerImpl.java:setRole(184)) - 5aa0106d-b151-48db-b175-21e2bb54d20a@group-2BBC40871E24: changes role from  FOLLOWER to FOLLOWER at term 36 for recognizeCandidate:bb175ec5-5e98-4251-9728-8e1e745e4fa1
2019-10-28 11:35:11,919 [grpc-default-executor-1] INFO  impl.RoleInfo (RoleInfo.java:updateAndGet(143)) - a4a68fdc-9c21-417a-8215-14845568ad90: start FollowerState
2019-10-28 11:35:11,919 [Thread-788] INFO  impl.FollowerState (FollowerState.java:run(117)) - a4a68fdc-9c21-417a-8215-14845568ad90@group-2BBC40871E24-FollowerState was interrupted: java.lang.InterruptedException: sleep interrupted
2019-10-28 11:35:11,919 [grpc-default-executor-2] INFO  impl.RoleInfo (RoleInfo.java:shutdownFollowerState(121)) - 5aa0106d-b151-48db-b175-21e2bb54d20a: shutdown FollowerState
2019-10-28 11:35:11,920 [grpc-default-executor-2] INFO  impl.RoleInfo (RoleInfo.java:updateAndGet(143)) - 5aa0106d-b151-48db-b175-21e2bb54d20a: start FollowerState
2019-10-28 11:35:11,920 [Thread-787] INFO  impl.FollowerState (FollowerState.java:run(117)) - 5aa0106d-b151-48db-b175-21e2bb54d20a@group-2BBC40871E24-FollowerState was interrupted: java.lang.InterruptedException: sleep interrupted
2019-10-28 11:35:11,931 [pool-59-thread-1] INFO  storage.RaftStorage (RaftStorage.java:format(84)) - Storage directory /workdir/hadoop-ozone/integration-test/target/test-dir/MiniOzoneClusterImpl-32030326-9f4e-4c1d-8269-b77a585e0de7/datanode-1/data/ratis/6a98cfc6-dd5d-4088-bf99-b3602ca515ee has been successfully formatted.
2019-10-28 11:35:11,932 [pool-59-thread-1] INFO  ratis.ContainerStateMachine (ContainerStateMachine.java:loadSnapshot(231)) - group-B3602CA515EE: The snapshot info is null. Setting the last applied indexto:(t:0, i:~)
2019-10-28 11:35:11,932 [pool-59-thread-1] INFO  server.RaftServerConfigKeys (ConfUtils.java:logGet(43)) - raft.server.notification.no-leader.timeout = 1000s (custom)
2019-10-28 11:35:11,932 [pool-59-thread-1] INFO  server.RaftServerConfigKeys (ConfUtils.java:logGet(43)) - raft.server.log.use.memory = false (default)
2019-10-28 11:35:11,932 [pool-59-thread-1] INFO  server.RaftServerConfigKeys (ConfUtils.java:logGet(43)) - raft.server.log.purge.gap = 1000000 (custom)
2019-10-28 11:35:11,932 [pool-59-thread-1] INFO  server.RaftServerConfigKeys (ConfUtils.java:logGet(43)) - raft.server.log.appender.buffer.byte-limit = 33554432 (custom)
2019-10-28 11:35:11,933 [pool-59-thread-1] INFO  server.RaftServerConfigKeys (ConfUtils.java:logGet(43)) - raft.server.log.segment.size.max = 1048576 (custom)
2019-10-28 11:35:11,933 [bb175ec5-5e98-4251-9728-8e1e745e4fa1@group-2BBC40871E24-LeaderElection39] INFO  impl.LeaderElection (LeaderElection.java:logAndReturn(56)) - bb175ec5-5e98-4251-9728-8e1e745e4fa1@group-2BBC40871E24-LeaderElection39: Election REJECTED; received 2 response(s) [bb175ec5-5e98-4251-9728-8e1e745e4fa1<-a4a68fdc-9c21-417a-8215-14845568ad90#0:FAIL-t36, bb175ec5-5e98-4251-9728-8e1e745e4fa1<-5aa0106d-b151-48db-b175-21e2bb54d20a#0:FAIL-t36] and 0 exception(s); bb175ec5-5e98-4251-9728-8e1e745e4fa1@group-2BBC40871E24:t36, leader=null, voted=bb175ec5-5e98-4251-9728-8e1e745e4fa1, raftlog=bb175ec5-5e98-4251-9728-8e1e745e4fa1@group-2BBC40871E24-SegmentedRaftLog:OPENED:c3,f4,i4, conf=0: [a4a68fdc-9c21-417a-8215-14845568ad90:192.168.164.193:36183, 5aa0106d-b151-48db-b175-21e2bb54d20a:192.168.164.193:45972, bb175ec5-5e98-4251-9728-8e1e745e4fa1:192.168.164.193:34373], old=null
2019-10-28 11:35:11,933 [EventQueue-PendingDeleteStatusForPendingDeleteHandler] INFO  block.SCMBlockDeletingService (SCMBlockDeletingService.java:handlePendingDeletes(115)) - Block deletion txnID mismatch in datanode bb175ec5-5e98-4251-9728-8e1e745e4fa1 for containerID 1. Datanode delete txnID: 0, SCM txnID: 1
2019-10-28 11:35:11,933 [pool-59-thread-1] INFO  server.RaftServerConfigKeys (ConfUtils.java:logGet(43)) - raft.server.log.segment.cache.num.max = 2 (custom)
2019-10-28 11:35:11,933 [bb175ec5-5e98-4251-9728-8e1e745e4fa1@group-2BBC40871E24-LeaderElection39] INFO  impl.RaftServerImpl (RaftServerImpl.java:setRole(184)) - bb175ec5-5e98-4251-9728-8e1e745e4fa1@group-2BBC40871E24: changes role from CANDIDATE to FOLLOWER at term 36 for DISCOVERED_A_NEW_TERM
2019-10-28 11:35:11,933 [pool-59-thread-1] INFO  segmented.SegmentedRaftLogWorker (SegmentedRaftLogWorker.java:<init>(173)) - new bb175ec5-5e98-4251-9728-8e1e745e4fa1@group-B3602CA515EE-SegmentedRaftLogWorker for RaftStorage:Storage Directory /workdir/hadoop-ozone/integration-test/target/test-dir/MiniOzoneClusterImpl-32030326-9f4e-4c1d-8269-b77a585e0de7/datanode-1/data/ratis/6a98cfc6-dd5d-4088-bf99-b3602ca515ee
2019-10-28 11:35:11,933 [bb175ec5-5e98-4251-9728-8e1e745e4fa1@group-2BBC40871E24-LeaderElection39] INFO  impl.RoleInfo (RoleInfo.java:shutdownLeaderElection(134)) - bb175ec5-5e98-4251-9728-8e1e745e4fa1: shutdown LeaderElection
2019-10-28 11:35:11,934 [pool-59-thread-1] INFO  server.RaftServerConfigKeys (ConfUtils.java:logGet(43)) - raft.server.log.queue.byte-limit = 2147483647 (custom)
2019-10-28 11:35:11,934 [bb175ec5-5e98-4251-9728-8e1e745e4fa1@group-2BBC40871E24-LeaderElection39] INFO  impl.RoleInfo (RoleInfo.java:updateAndGet(143)) - bb175ec5-5e98-4251-9728-8e1e745e4fa1: start FollowerState
2019-10-28 11:35:11,934 [pool-59-thread-1] INFO  server.RaftServerConfigKeys (ConfUtils.java:logGet(43)) - raft.server.log.queue.element-limit = 1024 (custom)
2019-10-28 11:35:11,934 [pool-59-thread-1] INFO  server.RaftServerConfigKeys (ConfUtils.java:logGet(43)) - raft.server.log.segment.size.max = 1048576 (custom)
2019-10-28 11:35:11,934 [pool-59-thread-1] INFO  server.RaftServerConfigKeys (ConfUtils.java:logGet(43)) - raft.server.log.preallocated.size = 16384 (custom)
2019-10-28 11:35:11,934 [pool-59-thread-1] INFO  server.RaftServerConfigKeys (ConfUtils.java:logGet(43)) - raft.server.log.write.buffer.size = 33554432 (custom)
2019-10-28 11:35:11,935 [pool-59-thread-1] INFO  server.RaftServerConfigKeys (ConfUtils.java:logGet(43)) - raft.server.log.force.sync.num = 128 (default)
2019-10-28 11:35:11,935 [pool-59-thread-1] INFO  server.RaftServerConfigKeys (ConfUtils.java:logGet(43)) - raft.server.log.statemachine.data.sync = true (default)
2019-10-28 11:35:11,935 [pool-59-thread-1] INFO  server.RaftServerConfigKeys (ConfUtils.java:logGet(43)) - raft.server.log.statemachine.data.sync.timeout = 10s (default)
2019-10-28 11:35:11,935 [pool-59-thread-1] INFO  server.RaftServerConfigKeys (ConfUtils.java:logGet(43)) - raft.server.log.statemachine.data.sync.timeout.retry = -1 (default)
2019-10-28 11:35:11,935 [pool-59-thread-1] INFO  server.RaftServerConfigKeys (ConfUtils.java:logGet(43)) - raft.server.log.statemachine.data.caching.enabled = true (custom)
2019-10-28 11:35:11,936 [pool-59-thread-1] INFO  segmented.SegmentedRaftLogWorker (SegmentedRaftLogWorker.java:lambda$new$0(128)) - bb175ec5-5e98-4251-9728-8e1e745e4fa1@group-B3602CA515EE-SegmentedRaftLogWorker: flushIndex: setUnconditionally 0 -> -1
2019-10-28 11:35:11,936 [pool-59-thread-1] INFO  server.RaftServerConfigKeys (ConfUtils.java:logGet(43)) - raft.server.snapshot.auto.trigger.enabled = true (custom)
2019-10-28 11:35:11,936 [pool-59-thread-1] INFO  server.RaftServerConfigKeys (ConfUtils.java:logGet(43)) - raft.server.snapshot.auto.trigger.threshold = 10000 (custom)
2019-10-28 11:35:11,936 [pool-59-thread-1] INFO  server.RaftServerConfigKeys (ConfUtils.java:logGet(43)) - raft.server.snapshot.retention.file.num = 5 (custom)
2019-10-28 11:35:11,936 [pool-59-thread-1] INFO  server.RaftServerConfigKeys (ConfUtils.java:logGet(43)) - raft.server.retrycache.expirytime = 600000ms (custom)
2019-10-28 11:35:11,940 [pool-59-thread-1] INFO  impl.RaftServerImpl (RaftServerImpl.java:start(195)) - bb175ec5-5e98-4251-9728-8e1e745e4fa1@group-B3602CA515EE: start as a follower, conf=-1: [bb175ec5-5e98-4251-9728-8e1e745e4fa1:192.168.164.193:34373], old=null
2019-10-28 11:35:11,940 [pool-59-thread-1] INFO  impl.RaftServerImpl (RaftServerImpl.java:setRole(184)) - bb175ec5-5e98-4251-9728-8e1e745e4fa1@group-B3602CA515EE: changes role from      null to FOLLOWER at term 0 for startAsFollower
2019-10-28 11:35:11,940 [pool-59-thread-1] INFO  impl.RoleInfo (RoleInfo.java:updateAndGet(143)) - bb175ec5-5e98-4251-9728-8e1e745e4fa1: start FollowerState
2019-10-28 11:35:11,940 [pool-59-thread-1] INFO  util.JmxRegister (JmxRegister.java:tryRegister(44)) - Successfully registered JMX Bean with object name Ratis:service=RaftServer,group=group-B3602CA515EE,id=bb175ec5-5e98-4251-9728-8e1e745e4fa1
2019-10-28 11:35:11,947 [RatisPipelineUtilsThread] INFO  pipeline.PipelineStateManager (PipelineStateManager.java:addPipeline(56)) - Created pipeline Pipeline[ Id: 6a98cfc6-dd5d-4088-bf99-b3602ca515ee, Nodes: bb175ec5-5e98-4251-9728-8e1e745e4fa1{ip: 192.168.164.193, host: pr-hdds-2292-97wmq-4261317731, networkLocation: /default-rack, certSerialId: null}, Type:RATIS, Factor:ONE, State:OPEN]
2019-10-28 11:35:11,965 [grpc-default-executor-0] INFO  impl.RaftServerProxy (RaftServerProxy.java:addNew(89)) - a4a68fdc-9c21-417a-8215-14845568ad90: addNew group-B0AB09D31297:[a4a68fdc-9c21-417a-8215-14845568ad90:192.168.164.193:36183, 5aa0106d-b151-48db-b175-21e2bb54d20a:192.168.164.193:45972, bb175ec5-5e98-4251-9728-8e1e745e4fa1:192.168.164.193:34373] returns group-B0AB09D31297:java.util.concurrent.CompletableFuture@6eee3d88[Not completed]
2019-10-28 11:35:11,965 [grpc-default-executor-1] INFO  impl.RaftServerProxy (RaftServerProxy.java:addNew(89)) - bb175ec5-5e98-4251-9728-8e1e745e4fa1: addNew group-B0AB09D31297:[a4a68fdc-9c21-417a-8215-14845568ad90:192.168.164.193:36183, 5aa0106d-b151-48db-b175-21e2bb54d20a:192.168.164.193:45972, bb175ec5-5e98-4251-9728-8e1e745e4fa1:192.168.164.193:34373] returns group-B0AB09D31297:java.util.concurrent.CompletableFuture@7efec1eb[Not completed]
2019-10-28 11:35:11,965 [grpc-default-executor-2] INFO  impl.RaftServerProxy (RaftServerProxy.java:addNew(89)) - 5aa0106d-b151-48db-b175-21e2bb54d20a: addNew group-B0AB09D31297:[a4a68fdc-9c21-417a-8215-14845568ad90:192.168.164.193:36183, 5aa0106d-b151-48db-b175-21e2bb54d20a:192.168.164.193:45972, bb175ec5-5e98-4251-9728-8e1e745e4fa1:192.168.164.193:34373] returns group-B0AB09D31297:java.util.concurrent.CompletableFuture@173b3602[Not completed]
2019-10-28 11:35:11,967 [pool-59-thread-1] INFO  impl.RaftServerImpl (RaftServerImpl.java:<init>(104)) - bb175ec5-5e98-4251-9728-8e1e745e4fa1: new RaftServerImpl for group-B0AB09D31297:[a4a68fdc-9c21-417a-8215-14845568ad90:192.168.164.193:36183, 5aa0106d-b151-48db-b175-21e2bb54d20a:192.168.164.193:45972, bb175ec5-5e98-4251-9728-8e1e745e4fa1:192.168.164.193:34373] with ContainerStateMachine:uninitialized
2019-10-28 11:35:11,967 [pool-59-thread-1] INFO  server.RaftServerConfigKeys (ConfUtils.java:logGet(43)) - raft.server.rpc.timeout.min = 5s (custom)
2019-10-28 11:35:11,967 [pool-59-thread-1] INFO  server.RaftServerConfigKeys (ConfUtils.java:logGet(43)) - raft.server.rpc.timeout.max = 5200ms (custom)
2019-10-28 11:35:11,967 [pool-59-thread-1] INFO  server.RaftServerConfigKeys (ConfUtils.java:logGet(43)) - raft.server.rpcslowness.timeout = 1000s (custom)
2019-10-28 11:35:11,968 [pool-59-thread-1] INFO  server.RaftServerConfigKeys (ConfUtils.java:logGet(43)) - raft.server.sleep.deviation.threshold = 300 (default)
2019-10-28 11:35:11,968 [pool-59-thread-1] INFO  server.RaftServerConfigKeys (ConfUtils.java:logGet(43)) - raft.server.log.appender.install.snapshot.enabled = false (custom)
2019-10-28 11:35:11,968 [pool-59-thread-1] INFO  impl.RaftServerImpl (ServerState.java:<init>(103)) - bb175ec5-5e98-4251-9728-8e1e745e4fa1@group-B0AB09D31297: ConfigurationManager, init=-1: [a4a68fdc-9c21-417a-8215-14845568ad90:192.168.164.193:36183, 5aa0106d-b151-48db-b175-21e2bb54d20a:192.168.164.193:45972, bb175ec5-5e98-4251-9728-8e1e745e4fa1:192.168.164.193:34373], old=null, confs=<EMPTY_MAP>
2019-10-28 11:35:11,968 [pool-59-thread-1] INFO  server.RaftServerConfigKeys (ConfUtils.java:logGet(43)) - raft.server.storage.dir = [/workdir/hadoop-ozone/integration-test/target/test-dir/MiniOzoneClusterImpl-32030326-9f4e-4c1d-8269-b77a585e0de7/datanode-1/data/ratis] (custom)
2019-10-28 11:35:11,968 [pool-59-thread-1] INFO  server.RaftServerConfigKeys (ConfUtils.java:logGet(43)) - raft.server.log.corruption.policy = EXCEPTION (default)
2019-10-28 11:35:11,968 [pool-27-thread-1] INFO  impl.RaftServerImpl (RaftServerImpl.java:<init>(104)) - 5aa0106d-b151-48db-b175-21e2bb54d20a: new RaftServerImpl for group-B0AB09D31297:[a4a68fdc-9c21-417a-8215-14845568ad90:192.168.164.193:36183, 5aa0106d-b151-48db-b175-21e2bb54d20a:192.168.164.193:45972, bb175ec5-5e98-4251-9728-8e1e745e4fa1:192.168.164.193:34373] with ContainerStateMachine:uninitialized
2019-10-28 11:35:11,968 [pool-59-thread-1] INFO  storage.RaftStorageDirectory (RaftStorageDirectory.java:analyzeStorage(246)) - The storage directory /workdir/hadoop-ozone/integration-test/target/test-dir/MiniOzoneClusterImpl-32030326-9f4e-4c1d-8269-b77a585e0de7/datanode-1/data/ratis/e2b173f5-d896-4230-8928-b0ab09d31297 does not exist. Creating ...
2019-10-28 11:35:11,969 [pool-27-thread-1] INFO  server.RaftServerConfigKeys (ConfUtils.java:logGet(43)) - raft.server.rpc.timeout.min = 5s (custom)
2019-10-28 11:35:11,969 [pool-27-thread-1] INFO  server.RaftServerConfigKeys (ConfUtils.java:logGet(43)) - raft.server.rpc.timeout.max = 5200ms (custom)
2019-10-28 11:35:11,969 [pool-27-thread-1] INFO  server.RaftServerConfigKeys (ConfUtils.java:logGet(43)) - raft.server.rpcslowness.timeout = 1000s (custom)
2019-10-28 11:35:11,969 [pool-47-thread-1] INFO  impl.RaftServerImpl (RaftServerImpl.java:<init>(104)) - a4a68fdc-9c21-417a-8215-14845568ad90: new RaftServerImpl for group-B0AB09D31297:[a4a68fdc-9c21-417a-8215-14845568ad90:192.168.164.193:36183, 5aa0106d-b151-48db-b175-21e2bb54d20a:192.168.164.193:45972, bb175ec5-5e98-4251-9728-8e1e745e4fa1:192.168.164.193:34373] with ContainerStateMachine:uninitialized
2019-10-28 11:35:11,969 [pool-27-thread-1] INFO  server.RaftServerConfigKeys (ConfUtils.java:logGet(43)) - raft.server.sleep.deviation.threshold = 300 (default)
2019-10-28 11:35:11,969 [pool-47-thread-1] INFO  server.RaftServerConfigKeys (ConfUtils.java:logGet(43)) - raft.server.rpc.timeout.min = 5s (custom)
2019-10-28 11:35:11,970 [pool-27-thread-1] INFO  server.RaftServerConfigKeys (ConfUtils.java:logGet(43)) - raft.server.log.appender.install.snapshot.enabled = false (custom)
2019-10-28 11:35:11,970 [pool-47-thread-1] INFO  server.RaftServerConfigKeys (ConfUtils.java:logGet(43)) - raft.server.rpc.timeout.max = 5200ms (custom)
2019-10-28 11:35:11,970 [pool-27-thread-1] INFO  impl.RaftServerImpl (ServerState.java:<init>(103)) - 5aa0106d-b151-48db-b175-21e2bb54d20a@group-B0AB09D31297: ConfigurationManager, init=-1: [a4a68fdc-9c21-417a-8215-14845568ad90:192.168.164.193:36183, 5aa0106d-b151-48db-b175-21e2bb54d20a:192.168.164.193:45972, bb175ec5-5e98-4251-9728-8e1e745e4fa1:192.168.164.193:34373], old=null, confs=<EMPTY_MAP>
2019-10-28 11:35:11,970 [pool-47-thread-1] INFO  server.RaftServerConfigKeys (ConfUtils.java:logGet(43)) - raft.server.rpcslowness.timeout = 1000s (custom)
2019-10-28 11:35:11,970 [pool-27-thread-1] INFO  server.RaftServerConfigKeys (ConfUtils.java:logGet(43)) - raft.server.storage.dir = [/workdir/hadoop-ozone/integration-test/target/test-dir/MiniOzoneClusterImpl-32030326-9f4e-4c1d-8269-b77a585e0de7/datanode-0/data/ratis] (custom)
2019-10-28 11:35:11,970 [Thread-799] INFO  impl.FollowerState (FollowerState.java:run(108)) - bb175ec5-5e98-4251-9728-8e1e745e4fa1@group-2BBC40871E24-FollowerState: change to CANDIDATE, lastRpcTime:36ms, electionTimeout:36ms
2019-10-28 11:35:11,970 [pool-47-thread-1] INFO  server.RaftServerConfigKeys (ConfUtils.java:logGet(43)) - raft.server.sleep.deviation.threshold = 300 (default)
2019-10-28 11:35:11,971 [pool-27-thread-1] INFO  server.RaftServerConfigKeys (ConfUtils.java:logGet(43)) - raft.server.log.corruption.policy = EXCEPTION (default)
2019-10-28 11:35:11,971 [Thread-799] INFO  impl.RoleInfo (RoleInfo.java:shutdownFollowerState(121)) - bb175ec5-5e98-4251-9728-8e1e745e4fa1: shutdown FollowerState
2019-10-28 11:35:11,971 [pool-47-thread-1] INFO  server.RaftServerConfigKeys (ConfUtils.java:logGet(43)) - raft.server.log.appender.install.snapshot.enabled = false (custom)
2019-10-28 11:35:11,971 [pool-27-thread-1] INFO  storage.RaftStorageDirectory (RaftStorageDirectory.java:analyzeStorage(246)) - The storage directory /workdir/hadoop-ozone/integration-test/target/test-dir/MiniOzoneClusterImpl-32030326-9f4e-4c1d-8269-b77a585e0de7/datanode-0/data/ratis/e2b173f5-d896-4230-8928-b0ab09d31297 does not exist. Creating ...
2019-10-28 11:35:11,971 [Thread-799] INFO  impl.RaftServerImpl (RaftServerImpl.java:setRole(184)) - bb175ec5-5e98-4251-9728-8e1e745e4fa1@group-2BBC40871E24: changes role from  FOLLOWER to CANDIDATE at term 36 for changeToCandidate
2019-10-28 11:35:11,971 [pool-47-thread-1] INFO  impl.RaftServerImpl (ServerState.java:<init>(103)) - a4a68fdc-9c21-417a-8215-14845568ad90@group-B0AB09D31297: ConfigurationManager, init=-1: [a4a68fdc-9c21-417a-8215-14845568ad90:192.168.164.193:36183, 5aa0106d-b151-48db-b175-21e2bb54d20a:192.168.164.193:45972, bb175ec5-5e98-4251-9728-8e1e745e4fa1:192.168.164.193:34373], old=null, confs=<EMPTY_MAP>
2019-10-28 11:35:11,971 [Thread-799] INFO  impl.RoleInfo (RoleInfo.java:updateAndGet(143)) - bb175ec5-5e98-4251-9728-8e1e745e4fa1: start LeaderElection
2019-10-28 11:35:11,971 [pool-47-thread-1] INFO  server.RaftServerConfigKeys (ConfUtils.java:logGet(43)) - raft.server.storage.dir = [/workdir/hadoop-ozone/integration-test/target/test-dir/MiniOzoneClusterImpl-32030326-9f4e-4c1d-8269-b77a585e0de7/datanode-2/data/ratis] (custom)
2019-10-28 11:35:11,972 [pool-47-thread-1] INFO  server.RaftServerConfigKeys (ConfUtils.java:logGet(43)) - raft.server.log.corruption.policy = EXCEPTION (default)
2019-10-28 11:35:11,972 [pool-47-thread-1] INFO  storage.RaftStorageDirectory (RaftStorageDirectory.java:analyzeStorage(246)) - The storage directory /workdir/hadoop-ozone/integration-test/target/test-dir/MiniOzoneClusterImpl-32030326-9f4e-4c1d-8269-b77a585e0de7/datanode-2/data/ratis/e2b173f5-d896-4230-8928-b0ab09d31297 does not exist. Creating ...
2019-10-28 11:35:11,983 [pool-59-thread-1] INFO  storage.RaftStorageDirectory (RaftStorageDirectory.java:tryLock(328)) - Lock on /workdir/hadoop-ozone/integration-test/target/test-dir/MiniOzoneClusterImpl-32030326-9f4e-4c1d-8269-b77a585e0de7/datanode-1/data/ratis/e2b173f5-d896-4230-8928-b0ab09d31297/in_use.lock acquired by nodename 15197@pr-hdds-2292-97wmq-4261317731
2019-10-28 11:35:11,983 [bb175ec5-5e98-4251-9728-8e1e745e4fa1@group-2BBC40871E24-LeaderElection40] INFO  impl.LeaderElection (LeaderElection.java:askForVotes(178)) - bb175ec5-5e98-4251-9728-8e1e745e4fa1@group-2BBC40871E24-LeaderElection40: begin an election at term 37 for 0: [a4a68fdc-9c21-417a-8215-14845568ad90:192.168.164.193:36183, 5aa0106d-b151-48db-b175-21e2bb54d20a:192.168.164.193:45972, bb175ec5-5e98-4251-9728-8e1e745e4fa1:192.168.164.193:34373], old=null
2019-10-28 11:35:11,983 [pool-47-thread-1] INFO  storage.RaftStorageDirectory (RaftStorageDirectory.java:tryLock(328)) - Lock on /workdir/hadoop-ozone/integration-test/target/test-dir/MiniOzoneClusterImpl-32030326-9f4e-4c1d-8269-b77a585e0de7/datanode-2/data/ratis/e2b173f5-d896-4230-8928-b0ab09d31297/in_use.lock acquired by nodename 15197@pr-hdds-2292-97wmq-4261317731
2019-10-28 11:35:11,983 [pool-27-thread-1] INFO  storage.RaftStorageDirectory (RaftStorageDirectory.java:tryLock(328)) - Lock on /workdir/hadoop-ozone/integration-test/target/test-dir/MiniOzoneClusterImpl-32030326-9f4e-4c1d-8269-b77a585e0de7/datanode-0/data/ratis/e2b173f5-d896-4230-8928-b0ab09d31297/in_use.lock acquired by nodename 15197@pr-hdds-2292-97wmq-4261317731
2019-10-28 11:35:11,985 [grpc-default-executor-2] INFO  impl.RaftServerImpl (RaftServerImpl.java:setRole(184)) - a4a68fdc-9c21-417a-8215-14845568ad90@group-2BBC40871E24: changes role from  FOLLOWER to FOLLOWER at term 37 for recognizeCandidate:bb175ec5-5e98-4251-9728-8e1e745e4fa1
2019-10-28 11:35:11,986 [grpc-default-executor-2] INFO  impl.RoleInfo (RoleInfo.java:shutdownFollowerState(121)) - a4a68fdc-9c21-417a-8215-14845568ad90: shutdown FollowerState
2019-10-28 11:35:11,986 [grpc-default-executor-2] INFO  impl.RoleInfo (RoleInfo.java:updateAndGet(143)) - a4a68fdc-9c21-417a-8215-14845568ad90: start FollowerState
2019-10-28 11:35:11,986 [grpc-default-executor-1] INFO  impl.RaftServerImpl (RaftServerImpl.java:setRole(184)) - 5aa0106d-b151-48db-b175-21e2bb54d20a@group-2BBC40871E24: changes role from  FOLLOWER to FOLLOWER at term 37 for recognizeCandidate:bb175ec5-5e98-4251-9728-8e1e745e4fa1
2019-10-28 11:35:11,986 [Thread-797] INFO  impl.FollowerState (FollowerState.java:run(117)) - a4a68fdc-9c21-417a-8215-14845568ad90@group-2BBC40871E24-FollowerState was interrupted: java.lang.InterruptedException: sleep interrupted
2019-10-28 11:35:11,986 [grpc-default-executor-1] INFO  impl.RoleInfo (RoleInfo.java:shutdownFollowerState(121)) - 5aa0106d-b151-48db-b175-21e2bb54d20a: shutdown FollowerState
2019-10-28 11:35:11,987 [Thread-798] INFO  impl.FollowerState (FollowerState.java:run(117)) - 5aa0106d-b151-48db-b175-21e2bb54d20a@group-2BBC40871E24-FollowerState was interrupted: java.lang.InterruptedException: sleep interrupted
2019-10-28 11:35:11,987 [grpc-default-executor-1] INFO  impl.RoleInfo (RoleInfo.java:updateAndGet(143)) - 5aa0106d-b151-48db-b175-21e2bb54d20a: start FollowerState
2019-10-28 11:35:11,993 [Thread-801] INFO  impl.FollowerState (FollowerState.java:run(108)) - bb175ec5-5e98-4251-9728-8e1e745e4fa1@group-B3602CA515EE-FollowerState: change to CANDIDATE, lastRpcTime:53ms, electionTimeout:53ms
2019-10-28 11:35:11,994 [Thread-801] INFO  impl.RoleInfo (RoleInfo.java:shutdownFollowerState(121)) - bb175ec5-5e98-4251-9728-8e1e745e4fa1: shutdown FollowerState
2019-10-28 11:35:11,994 [Thread-801] INFO  impl.RaftServerImpl (RaftServerImpl.java:setRole(184)) - bb175ec5-5e98-4251-9728-8e1e745e4fa1@group-B3602CA515EE: changes role from  FOLLOWER to CANDIDATE at term 0 for changeToCandidate
2019-10-28 11:35:11,994 [Thread-801] INFO  impl.RoleInfo (RoleInfo.java:updateAndGet(143)) - bb175ec5-5e98-4251-9728-8e1e745e4fa1: start LeaderElection
2019-10-28 11:35:11,997 [pool-27-thread-1] INFO  storage.RaftStorage (RaftStorage.java:format(84)) - Storage directory /workdir/hadoop-ozone/integration-test/target/test-dir/MiniOzoneClusterImpl-32030326-9f4e-4c1d-8269-b77a585e0de7/datanode-0/data/ratis/e2b173f5-d896-4230-8928-b0ab09d31297 has been successfully formatted.
2019-10-28 11:35:11,997 [pool-47-thread-1] INFO  storage.RaftStorage (RaftStorage.java:format(84)) - Storage directory /workdir/hadoop-ozone/integration-test/target/test-dir/MiniOzoneClusterImpl-32030326-9f4e-4c1d-8269-b77a585e0de7/datanode-2/data/ratis/e2b173f5-d896-4230-8928-b0ab09d31297 has been successfully formatted.
2019-10-28 11:35:11,997 [pool-59-thread-1] INFO  storage.RaftStorage (RaftStorage.java:format(84)) - Storage directory /workdir/hadoop-ozone/integration-test/target/test-dir/MiniOzoneClusterImpl-32030326-9f4e-4c1d-8269-b77a585e0de7/datanode-1/data/ratis/e2b173f5-d896-4230-8928-b0ab09d31297 has been successfully formatted.
2019-10-28 11:35:11,998 [pool-27-thread-1] INFO  ratis.ContainerStateMachine (ContainerStateMachine.java:loadSnapshot(231)) - group-B0AB09D31297: The snapshot info is null. Setting the last applied indexto:(t:0, i:~)
2019-10-28 11:35:11,998 [pool-47-thread-1] INFO  ratis.ContainerStateMachine (ContainerStateMachine.java:loadSnapshot(231)) - group-B0AB09D31297: The snapshot info is null. Setting the last applied indexto:(t:0, i:~)
2019-10-28 11:35:11,998 [pool-27-thread-1] INFO  server.RaftServerConfigKeys (ConfUtils.java:logGet(43)) - raft.server.notification.no-leader.timeout = 1000s (custom)
2019-10-28 11:35:11,998 [pool-47-thread-1] INFO  server.RaftServerConfigKeys (ConfUtils.java:logGet(43)) - raft.server.notification.no-leader.timeout = 1000s (custom)
2019-10-28 11:35:11,998 [pool-27-thread-1] INFO  server.RaftServerConfigKeys (ConfUtils.java:logGet(43)) - raft.server.log.use.memory = false (default)
2019-10-28 11:35:11,998 [pool-47-thread-1] INFO  server.RaftServerConfigKeys (ConfUtils.java:logGet(43)) - raft.server.log.use.memory = false (default)
2019-10-28 11:35:11,999 [bb175ec5-5e98-4251-9728-8e1e745e4fa1@group-2BBC40871E24-LeaderElection40] INFO  impl.LeaderElection (LeaderElection.java:logAndReturn(56)) - bb175ec5-5e98-4251-9728-8e1e745e4fa1@group-2BBC40871E24-LeaderElection40: Election REJECTED; received 2 response(s) [bb175ec5-5e98-4251-9728-8e1e745e4fa1<-a4a68fdc-9c21-417a-8215-14845568ad90#0:FAIL-t37, bb175ec5-5e98-4251-9728-8e1e745e4fa1<-5aa0106d-b151-48db-b175-21e2bb54d20a#0:FAIL-t37] and 0 exception(s); bb175ec5-5e98-4251-9728-8e1e745e4fa1@group-2BBC40871E24:t37, leader=null, voted=bb175ec5-5e98-4251-9728-8e1e745e4fa1, raftlog=bb175ec5-5e98-4251-9728-8e1e745e4fa1@group-2BBC40871E24-SegmentedRaftLog:OPENED:c3,f4,i4, conf=0: [a4a68fdc-9c21-417a-8215-14845568ad90:192.168.164.193:36183, 5aa0106d-b151-48db-b175-21e2bb54d20a:192.168.164.193:45972, bb175ec5-5e98-4251-9728-8e1e745e4fa1:192.168.164.193:34373], old=null
2019-10-28 11:35:11,999 [pool-27-thread-1] INFO  server.RaftServerConfigKeys (ConfUtils.java:logGet(43)) - raft.server.log.purge.gap = 1000000 (custom)
2019-10-28 11:35:11,999 [bb175ec5-5e98-4251-9728-8e1e745e4fa1@group-2BBC40871E24-LeaderElection40] INFO  impl.RaftServerImpl (RaftServerImpl.java:setRole(184)) - bb175ec5-5e98-4251-9728-8e1e745e4fa1@group-2BBC40871E24: changes role from CANDIDATE to FOLLOWER at term 37 for DISCOVERED_A_NEW_TERM
2019-10-28 11:35:11,999 [bb175ec5-5e98-4251-9728-8e1e745e4fa1@group-2BBC40871E24-LeaderElection40] INFO  impl.RoleInfo (RoleInfo.java:shutdownLeaderElection(134)) - bb175ec5-5e98-4251-9728-8e1e745e4fa1: shutdown LeaderElection
2019-10-28 11:35:11,999 [pool-47-thread-1] INFO  server.RaftServerConfigKeys (ConfUtils.java:logGet(43)) - raft.server.log.purge.gap = 1000000 (custom)
2019-10-28 11:35:11,999 [bb175ec5-5e98-4251-9728-8e1e745e4fa1@group-2BBC40871E24-LeaderElection40] INFO  impl.RoleInfo (RoleInfo.java:updateAndGet(143)) - bb175ec5-5e98-4251-9728-8e1e745e4fa1: start FollowerState
2019-10-28 11:35:11,999 [pool-59-thread-1] INFO  ratis.ContainerStateMachine (ContainerStateMachine.java:loadSnapshot(231)) - group-B0AB09D31297: The snapshot info is null. Setting the last applied indexto:(t:0, i:~)
2019-10-28 11:35:11,999 [pool-27-thread-1] INFO  server.RaftServerConfigKeys (ConfUtils.java:logGet(43)) - raft.server.log.appender.buffer.byte-limit = 33554432 (custom)
2019-10-28 11:35:12,000 [pool-59-thread-1] INFO  server.RaftServerConfigKeys (ConfUtils.java:logGet(43)) - raft.server.notification.no-leader.timeout = 1000s (custom)
2019-10-28 11:35:11,999 [pool-47-thread-1] INFO  server.RaftServerConfigKeys (ConfUtils.java:logGet(43)) - raft.server.log.appender.buffer.byte-limit = 33554432 (custom)
2019-10-28 11:35:12,000 [pool-59-thread-1] INFO  server.RaftServerConfigKeys (ConfUtils.java:logGet(43)) - raft.server.log.use.memory = false (default)
2019-10-28 11:35:12,000 [bb175ec5-5e98-4251-9728-8e1e745e4fa1@group-B3602CA515EE-LeaderElection41] INFO  impl.LeaderElection (LeaderElection.java:askForVotes(178)) - bb175ec5-5e98-4251-9728-8e1e745e4fa1@group-B3602CA515EE-LeaderElection41: begin an election at term 1 for -1: [bb175ec5-5e98-4251-9728-8e1e745e4fa1:192.168.164.193:34373], old=null
2019-10-28 11:35:12,000 [pool-27-thread-1] INFO  server.RaftServerConfigKeys (ConfUtils.java:logGet(43)) - raft.server.log.segment.size.max = 1048576 (custom)
2019-10-28 11:35:12,000 [bb175ec5-5e98-4251-9728-8e1e745e4fa1@group-B3602CA515EE-LeaderElection41] INFO  impl.RoleInfo (RoleInfo.java:shutdownLeaderElection(134)) - bb175ec5-5e98-4251-9728-8e1e745e4fa1: shutdown LeaderElection
2019-10-28 11:35:12,000 [pool-59-thread-1] INFO  server.RaftServerConfigKeys (ConfUtils.java:logGet(43)) - raft.server.log.purge.gap = 1000000 (custom)
2019-10-28 11:35:12,001 [pool-59-thread-1] INFO  server.RaftServerConfigKeys (ConfUtils.java:logGet(43)) - raft.server.log.appender.buffer.byte-limit = 33554432 (custom)
2019-10-28 11:35:12,000 [pool-47-thread-1] INFO  server.RaftServerConfigKeys (ConfUtils.java:logGet(43)) - raft.server.log.segment.size.max = 1048576 (custom)
2019-10-28 11:35:12,001 [pool-59-thread-1] INFO  server.RaftServerConfigKeys (ConfUtils.java:logGet(43)) - raft.server.log.segment.size.max = 1048576 (custom)
2019-10-28 11:35:12,001 [bb175ec5-5e98-4251-9728-8e1e745e4fa1@group-B3602CA515EE-LeaderElection41] INFO  impl.RaftServerImpl (RaftServerImpl.java:setRole(184)) - bb175ec5-5e98-4251-9728-8e1e745e4fa1@group-B3602CA515EE: changes role from CANDIDATE to LEADER at term 1 for changeToLeader
2019-10-28 11:35:12,001 [bb175ec5-5e98-4251-9728-8e1e745e4fa1@group-B3602CA515EE-LeaderElection41] INFO  impl.RaftServerImpl (ServerState.java:setLeader(256)) - bb175ec5-5e98-4251-9728-8e1e745e4fa1@group-B3602CA515EE: change Leader from null to bb175ec5-5e98-4251-9728-8e1e745e4fa1 at term 1 for becomeLeader, leader elected after 69ms
2019-10-28 11:35:12,000 [pool-27-thread-1] INFO  server.RaftServerConfigKeys (ConfUtils.java:logGet(43)) - raft.server.log.segment.cache.num.max = 2 (custom)
2019-10-28 11:35:12,001 [bb175ec5-5e98-4251-9728-8e1e745e4fa1@group-B3602CA515EE-LeaderElection41] INFO  server.RaftServerConfigKeys (ConfUtils.java:logGet(43)) - raft.server.staging.catchup.gap = 1000 (default)
2019-10-28 11:35:12,001 [pool-59-thread-1] INFO  server.RaftServerConfigKeys (ConfUtils.java:logGet(43)) - raft.server.log.segment.cache.num.max = 2 (custom)
2019-10-28 11:35:12,001 [pool-47-thread-1] INFO  server.RaftServerConfigKeys (ConfUtils.java:logGet(43)) - raft.server.log.segment.cache.num.max = 2 (custom)
2019-10-28 11:35:12,002 [pool-59-thread-1] INFO  segmented.SegmentedRaftLogWorker (SegmentedRaftLogWorker.java:<init>(173)) - new bb175ec5-5e98-4251-9728-8e1e745e4fa1@group-B0AB09D31297-SegmentedRaftLogWorker for RaftStorage:Storage Directory /workdir/hadoop-ozone/integration-test/target/test-dir/MiniOzoneClusterImpl-32030326-9f4e-4c1d-8269-b77a585e0de7/datanode-1/data/ratis/e2b173f5-d896-4230-8928-b0ab09d31297
2019-10-28 11:35:12,002 [bb175ec5-5e98-4251-9728-8e1e745e4fa1@group-B3602CA515EE-LeaderElection41] INFO  server.RaftServerConfigKeys (ConfUtils.java:logGet(43)) - raft.server.rpc.sleep.time = 25ms (default)
2019-10-28 11:35:12,002 [pool-27-thread-1] INFO  segmented.SegmentedRaftLogWorker (SegmentedRaftLogWorker.java:<init>(173)) - new 5aa0106d-b151-48db-b175-21e2bb54d20a@group-B0AB09D31297-SegmentedRaftLogWorker for RaftStorage:Storage Directory /workdir/hadoop-ozone/integration-test/target/test-dir/MiniOzoneClusterImpl-32030326-9f4e-4c1d-8269-b77a585e0de7/datanode-0/data/ratis/e2b173f5-d896-4230-8928-b0ab09d31297
2019-10-28 11:35:12,002 [bb175ec5-5e98-4251-9728-8e1e745e4fa1@group-B3602CA515EE-LeaderElection41] INFO  server.RaftServerConfigKeys (ConfUtils.java:logGet(43)) - raft.server.write.element-limit = 4096 (default)
2019-10-28 11:35:12,002 [pool-59-thread-1] INFO  server.RaftServerConfigKeys (ConfUtils.java:logGet(43)) - raft.server.log.queue.byte-limit = 2147483647 (custom)
2019-10-28 11:35:12,003 [pool-59-thread-1] INFO  server.RaftServerConfigKeys (ConfUtils.java:logGet(43)) - raft.server.log.queue.element-limit = 1024 (custom)
2019-10-28 11:35:12,002 [pool-47-thread-1] INFO  segmented.SegmentedRaftLogWorker (SegmentedRaftLogWorker.java:<init>(173)) - new a4a68fdc-9c21-417a-8215-14845568ad90@group-B0AB09D31297-SegmentedRaftLogWorker for RaftStorage:Storage Directory /workdir/hadoop-ozone/integration-test/target/test-dir/MiniOzoneClusterImpl-32030326-9f4e-4c1d-8269-b77a585e0de7/datanode-2/data/ratis/e2b173f5-d896-4230-8928-b0ab09d31297
2019-10-28 11:35:12,003 [pool-59-thread-1] INFO  server.RaftServerConfigKeys (ConfUtils.java:logGet(43)) - raft.server.log.segment.size.max = 1048576 (custom)
2019-10-28 11:35:12,003 [bb175ec5-5e98-4251-9728-8e1e745e4fa1@group-B3602CA515EE-LeaderElection41] INFO  server.RaftServerConfigKeys (ConfUtils.java:logGet(43)) - raft.server.watch.timeout = 10s (default)
2019-10-28 11:35:12,002 [pool-27-thread-1] INFO  server.RaftServerConfigKeys (ConfUtils.java:logGet(43)) - raft.server.log.queue.byte-limit = 2147483647 (custom)
2019-10-28 11:35:12,003 [bb175ec5-5e98-4251-9728-8e1e745e4fa1@group-B3602CA515EE-LeaderElection41] INFO  server.RaftServerConfigKeys (ConfUtils.java:logGet(43)) - raft.server.watch.timeout.denomination = 1s (default)
2019-10-28 11:35:12,003 [pool-59-thread-1] INFO  server.RaftServerConfigKeys (ConfUtils.java:logGet(43)) - raft.server.log.preallocated.size = 16384 (custom)
2019-10-28 11:35:12,004 [pool-59-thread-1] INFO  server.RaftServerConfigKeys (ConfUtils.java:logGet(43)) - raft.server.log.write.buffer.size = 33554432 (custom)
2019-10-28 11:35:12,003 [pool-47-thread-1] INFO  server.RaftServerConfigKeys (ConfUtils.java:logGet(43)) - raft.server.log.queue.byte-limit = 2147483647 (custom)
2019-10-28 11:35:12,004 [pool-59-thread-1] INFO  server.RaftServerConfigKeys (ConfUtils.java:logGet(43)) - raft.server.log.force.sync.num = 128 (default)
2019-10-28 11:35:12,004 [bb175ec5-5e98-4251-9728-8e1e745e4fa1@group-B3602CA515EE-LeaderElection41] INFO  server.RaftServerConfigKeys (ConfUtils.java:logGet(43)) - raft.server.watch.element-limit = 65536 (default)
2019-10-28 11:35:12,003 [pool-27-thread-1] INFO  server.RaftServerConfigKeys (ConfUtils.java:logGet(43)) - raft.server.log.queue.element-limit = 1024 (custom)
2019-10-28 11:35:12,004 [pool-59-thread-1] INFO  server.RaftServerConfigKeys (ConfUtils.java:logGet(43)) - raft.server.log.statemachine.data.sync = true (default)
2019-10-28 11:35:12,004 [pool-47-thread-1] INFO  server.RaftServerConfigKeys (ConfUtils.java:logGet(43)) - raft.server.log.queue.element-limit = 1024 (custom)
2019-10-28 11:35:12,005 [pool-59-thread-1] INFO  server.RaftServerConfigKeys (ConfUtils.java:logGet(43)) - raft.server.log.statemachine.data.sync.timeout = 10s (default)
2019-10-28 11:35:12,004 [pool-27-thread-1] INFO  server.RaftServerConfigKeys (ConfUtils.java:logGet(43)) - raft.server.log.segment.size.max = 1048576 (custom)
2019-10-28 11:35:12,005 [pool-59-thread-1] INFO  server.RaftServerConfigKeys (ConfUtils.java:logGet(43)) - raft.server.log.statemachine.data.sync.timeout.retry = -1 (default)
2019-10-28 11:35:12,005 [pool-47-thread-1] INFO  server.RaftServerConfigKeys (ConfUtils.java:logGet(43)) - raft.server.log.segment.size.max = 1048576 (custom)
2019-10-28 11:35:12,005 [pool-59-thread-1] INFO  server.RaftServerConfigKeys (ConfUtils.java:logGet(43)) - raft.server.log.statemachine.data.caching.enabled = true (custom)
2019-10-28 11:35:12,005 [pool-27-thread-1] INFO  server.RaftServerConfigKeys (ConfUtils.java:logGet(43)) - raft.server.log.preallocated.size = 16384 (custom)
2019-10-28 11:35:12,005 [pool-47-thread-1] INFO  server.RaftServerConfigKeys (ConfUtils.java:logGet(43)) - raft.server.log.preallocated.size = 16384 (custom)
2019-10-28 11:35:12,006 [pool-59-thread-1] INFO  segmented.SegmentedRaftLogWorker (SegmentedRaftLogWorker.java:lambda$new$0(128)) - bb175ec5-5e98-4251-9728-8e1e745e4fa1@group-B0AB09D31297-SegmentedRaftLogWorker: flushIndex: setUnconditionally 0 -> -1
2019-10-28 11:35:12,006 [pool-27-thread-1] INFO  server.RaftServerConfigKeys (ConfUtils.java:logGet(43)) - raft.server.log.write.buffer.size = 33554432 (custom)
2019-10-28 11:35:12,006 [pool-47-thread-1] INFO  server.RaftServerConfigKeys (ConfUtils.java:logGet(43)) - raft.server.log.write.buffer.size = 33554432 (custom)
2019-10-28 11:35:12,006 [pool-27-thread-1] INFO  server.RaftServerConfigKeys (ConfUtils.java:logGet(43)) - raft.server.log.force.sync.num = 128 (default)
2019-10-28 11:35:12,006 [pool-59-thread-1] INFO  server.RaftServerConfigKeys (ConfUtils.java:logGet(43)) - raft.server.snapshot.auto.trigger.enabled = true (custom)
2019-10-28 11:35:12,006 [pool-27-thread-1] INFO  server.RaftServerConfigKeys (ConfUtils.java:logGet(43)) - raft.server.log.statemachine.data.sync = true (default)
2019-10-28 11:35:12,006 [pool-47-thread-1] INFO  server.RaftServerConfigKeys (ConfUtils.java:logGet(43)) - raft.server.log.force.sync.num = 128 (default)
2019-10-28 11:35:12,007 [pool-27-thread-1] INFO  server.RaftServerConfigKeys (ConfUtils.java:logGet(43)) - raft.server.log.statemachine.data.sync.timeout = 10s (default)
2019-10-28 11:35:12,007 [pool-59-thread-1] INFO  server.RaftServerConfigKeys (ConfUtils.java:logGet(43)) - raft.server.snapshot.auto.trigger.threshold = 10000 (custom)
2019-10-28 11:35:12,007 [pool-27-thread-1] INFO  server.RaftServerConfigKeys (ConfUtils.java:logGet(43)) - raft.server.log.statemachine.data.sync.timeout.retry = -1 (default)
2019-10-28 11:35:12,007 [pool-47-thread-1] INFO  server.RaftServerConfigKeys (ConfUtils.java:logGet(43)) - raft.server.log.statemachine.data.sync = true (default)
2019-10-28 11:35:12,007 [bb175ec5-5e98-4251-9728-8e1e745e4fa1@group-B3602CA515EE-LeaderElection41] INFO  impl.RoleInfo (RoleInfo.java:updateAndGet(143)) - bb175ec5-5e98-4251-9728-8e1e745e4fa1: start LeaderState
2019-10-28 11:35:12,007 [pool-27-thread-1] INFO  server.RaftServerConfigKeys (ConfUtils.java:logGet(43)) - raft.server.log.statemachine.data.caching.enabled = true (custom)
2019-10-28 11:35:12,007 [pool-47-thread-1] INFO  server.RaftServerConfigKeys (ConfUtils.java:logGet(43)) - raft.server.log.statemachine.data.sync.timeout = 10s (default)
2019-10-28 11:35:12,008 [pool-47-thread-1] INFO  server.RaftServerConfigKeys (ConfUtils.java:logGet(43)) - raft.server.log.statemachine.data.sync.timeout.retry = -1 (default)
2019-10-28 11:35:12,007 [pool-59-thread-1] INFO  server.RaftServerConfigKeys (ConfUtils.java:logGet(43)) - raft.server.snapshot.retention.file.num = 5 (custom)
2019-10-28 11:35:12,008 [pool-47-thread-1] INFO  server.RaftServerConfigKeys (ConfUtils.java:logGet(43)) - raft.server.log.statemachine.data.caching.enabled = true (custom)
2019-10-28 11:35:12,008 [pool-27-thread-1] INFO  segmented.SegmentedRaftLogWorker (SegmentedRaftLogWorker.java:lambda$new$0(128)) - 5aa0106d-b151-48db-b175-21e2bb54d20a@group-B0AB09D31297-SegmentedRaftLogWorker: flushIndex: setUnconditionally 0 -> -1
2019-10-28 11:35:12,008 [bb175ec5-5e98-4251-9728-8e1e745e4fa1@group-B3602CA515EE-LeaderElection41] INFO  segmented.SegmentedRaftLogWorker (SegmentedRaftLogWorker.java:startLogSegment(385)) - bb175ec5-5e98-4251-9728-8e1e745e4fa1@group-B3602CA515EE-SegmentedRaftLogWorker: Starting segment from index:0
2019-10-28 11:35:12,008 [pool-27-thread-1] INFO  server.RaftServerConfigKeys (ConfUtils.java:logGet(43)) - raft.server.snapshot.auto.trigger.enabled = true (custom)
2019-10-28 11:35:12,008 [pool-47-thread-1] INFO  segmented.SegmentedRaftLogWorker (SegmentedRaftLogWorker.java:lambda$new$0(128)) - a4a68fdc-9c21-417a-8215-14845568ad90@group-B0AB09D31297-SegmentedRaftLogWorker: flushIndex: setUnconditionally 0 -> -1
2019-10-28 11:35:12,008 [pool-59-thread-1] INFO  server.RaftServerConfigKeys (ConfUtils.java:logGet(43)) - raft.server.retrycache.expirytime = 600000ms (custom)
2019-10-28 11:35:12,009 [pool-27-thread-1] INFO  server.RaftServerConfigKeys (ConfUtils.java:logGet(43)) - raft.server.snapshot.auto.trigger.threshold = 10000 (custom)
2019-10-28 11:35:12,009 [bb175ec5-5e98-4251-9728-8e1e745e4fa1@group-B3602CA515EE-LeaderElection41] INFO  impl.RaftServerImpl (ServerState.java:setRaftConf(357)) - bb175ec5-5e98-4251-9728-8e1e745e4fa1@group-B3602CA515EE: set configuration 0: [bb175ec5-5e98-4251-9728-8e1e745e4fa1:192.168.164.193:34373], old=null at 0
2019-10-28 11:35:12,009 [pool-47-thread-1] INFO  server.RaftServerConfigKeys (ConfUtils.java:logGet(43)) - raft.server.snapshot.auto.trigger.enabled = true (custom)
2019-10-28 11:35:12,009 [pool-27-thread-1] INFO  server.RaftServerConfigKeys (ConfUtils.java:logGet(43)) - raft.server.snapshot.retention.file.num = 5 (custom)
2019-10-28 11:35:12,009 [pool-47-thread-1] INFO  server.RaftServerConfigKeys (ConfUtils.java:logGet(43)) - raft.server.snapshot.auto.trigger.threshold = 10000 (custom)
2019-10-28 11:35:12,009 [pool-27-thread-1] INFO  server.RaftServerConfigKeys (ConfUtils.java:logGet(43)) - raft.server.retrycache.expirytime = 600000ms (custom)
2019-10-28 11:35:12,010 [pool-47-thread-1] INFO  server.RaftServerConfigKeys (ConfUtils.java:logGet(43)) - raft.server.snapshot.retention.file.num = 5 (custom)
2019-10-28 11:35:12,010 [pool-47-thread-1] INFO  server.RaftServerConfigKeys (ConfUtils.java:logGet(43)) - raft.server.retrycache.expirytime = 600000ms (custom)
2019-10-28 11:35:12,013 [pool-59-thread-1] INFO  impl.RaftServerImpl (RaftServerImpl.java:start(195)) - bb175ec5-5e98-4251-9728-8e1e745e4fa1@group-B0AB09D31297: start as a follower, conf=-1: [a4a68fdc-9c21-417a-8215-14845568ad90:192.168.164.193:36183, 5aa0106d-b151-48db-b175-21e2bb54d20a:192.168.164.193:45972, bb175ec5-5e98-4251-9728-8e1e745e4fa1:192.168.164.193:34373], old=null
2019-10-28 11:35:12,013 [pool-59-thread-1] INFO  impl.RaftServerImpl (RaftServerImpl.java:setRole(184)) - bb175ec5-5e98-4251-9728-8e1e745e4fa1@group-B0AB09D31297: changes role from      null to FOLLOWER at term 0 for startAsFollower
2019-10-28 11:35:12,013 [pool-59-thread-1] INFO  impl.RoleInfo (RoleInfo.java:updateAndGet(143)) - bb175ec5-5e98-4251-9728-8e1e745e4fa1: start FollowerState
2019-10-28 11:35:12,014 [pool-59-thread-1] INFO  util.JmxRegister (JmxRegister.java:tryRegister(44)) - Successfully registered JMX Bean with object name Ratis:service=RaftServer,group=group-B0AB09D31297,id=bb175ec5-5e98-4251-9728-8e1e745e4fa1
2019-10-28 11:35:12,015 [pool-27-thread-1] INFO  impl.RaftServerImpl (RaftServerImpl.java:start(195)) - 5aa0106d-b151-48db-b175-21e2bb54d20a@group-B0AB09D31297: start as a follower, conf=-1: [a4a68fdc-9c21-417a-8215-14845568ad90:192.168.164.193:36183, 5aa0106d-b151-48db-b175-21e2bb54d20a:192.168.164.193:45972, bb175ec5-5e98-4251-9728-8e1e745e4fa1:192.168.164.193:34373], old=null
2019-10-28 11:35:12,015 [pool-27-thread-1] INFO  impl.RaftServerImpl (RaftServerImpl.java:setRole(184)) - 5aa0106d-b151-48db-b175-21e2bb54d20a@group-B0AB09D31297: changes role from      null to FOLLOWER at term 0 for startAsFollower
2019-10-28 11:35:12,015 [pool-27-thread-1] INFO  impl.RoleInfo (RoleInfo.java:updateAndGet(143)) - 5aa0106d-b151-48db-b175-21e2bb54d20a: start FollowerState
2019-10-28 11:35:12,016 [pool-27-thread-1] INFO  util.JmxRegister (JmxRegister.java:tryRegister(44)) - Successfully registered JMX Bean with object name Ratis:service=RaftServer,group=group-B0AB09D31297,id=5aa0106d-b151-48db-b175-21e2bb54d20a
2019-10-28 11:35:12,016 [pool-47-thread-1] INFO  impl.RaftServerImpl (RaftServerImpl.java:start(195)) - a4a68fdc-9c21-417a-8215-14845568ad90@group-B0AB09D31297: start as a follower, conf=-1: [a4a68fdc-9c21-417a-8215-14845568ad90:192.168.164.193:36183, 5aa0106d-b151-48db-b175-21e2bb54d20a:192.168.164.193:45972, bb175ec5-5e98-4251-9728-8e1e745e4fa1:192.168.164.193:34373], old=null
2019-10-28 11:35:12,017 [pool-47-thread-1] INFO  impl.RaftServerImpl (RaftServerImpl.java:setRole(184)) - a4a68fdc-9c21-417a-8215-14845568ad90@group-B0AB09D31297: changes role from      null to FOLLOWER at term 0 for startAsFollower
2019-10-28 11:35:12,017 [pool-47-thread-1] INFO  impl.RoleInfo (RoleInfo.java:updateAndGet(143)) - a4a68fdc-9c21-417a-8215-14845568ad90: start FollowerState
2019-10-28 11:35:12,017 [pool-47-thread-1] INFO  util.JmxRegister (JmxRegister.java:tryRegister(44)) - Successfully registered JMX Bean with object name Ratis:service=RaftServer,group=group-B0AB09D31297,id=a4a68fdc-9c21-417a-8215-14845568ad90
2019-10-28 11:35:12,049 [Thread-816] INFO  impl.FollowerState (FollowerState.java:run(108)) - a4a68fdc-9c21-417a-8215-14845568ad90@group-B0AB09D31297-FollowerState: change to CANDIDATE, lastRpcTime:32ms, electionTimeout:32ms
2019-10-28 11:35:12,050 [Thread-816] INFO  impl.RoleInfo (RoleInfo.java:shutdownFollowerState(121)) - a4a68fdc-9c21-417a-8215-14845568ad90: shutdown FollowerState
2019-10-28 11:35:12,050 [Thread-816] INFO  impl.RaftServerImpl (RaftServerImpl.java:setRole(184)) - a4a68fdc-9c21-417a-8215-14845568ad90@group-B0AB09D31297: changes role from  FOLLOWER to CANDIDATE at term 0 for changeToCandidate
2019-10-28 11:35:12,050 [Thread-816] INFO  impl.RoleInfo (RoleInfo.java:updateAndGet(143)) - a4a68fdc-9c21-417a-8215-14845568ad90: start LeaderElection
2019-10-28 11:35:12,052 [bb175ec5-5e98-4251-9728-8e1e745e4fa1@group-B3602CA515EE-SegmentedRaftLogWorker] INFO  segmented.SegmentedRaftLogWorker (SegmentedRaftLogWorker.java:execute(576)) - bb175ec5-5e98-4251-9728-8e1e745e4fa1@group-B3602CA515EE-SegmentedRaftLogWorker: created new log segment /workdir/hadoop-ozone/integration-test/target/test-dir/MiniOzoneClusterImpl-32030326-9f4e-4c1d-8269-b77a585e0de7/datanode-1/data/ratis/6a98cfc6-dd5d-4088-bf99-b3602ca515ee/current/log_inprogress_0
2019-10-28 11:35:12,053 [RatisPipelineUtilsThread] INFO  pipeline.PipelineStateManager (PipelineStateManager.java:addPipeline(56)) - Created pipeline Pipeline[ Id: e2b173f5-d896-4230-8928-b0ab09d31297, Nodes: bb175ec5-5e98-4251-9728-8e1e745e4fa1{ip: 192.168.164.193, host: pr-hdds-2292-97wmq-4261317731, networkLocation: /default-rack, certSerialId: null}a4a68fdc-9c21-417a-8215-14845568ad90{ip: 192.168.164.193, host: pr-hdds-2292-97wmq-4261317731, networkLocation: /default-rack, certSerialId: null}5aa0106d-b151-48db-b175-21e2bb54d20a{ip: 192.168.164.193, host: pr-hdds-2292-97wmq-4261317731, networkLocation: /default-rack, certSerialId: null}, Type:RATIS, Factor:THREE, State:OPEN]
2019-10-28 11:35:12,053 [Thread-822] INFO  client.GrpcClientProtocolService (GrpcClientProtocolService.java:lambda$processClientRequest$0(278)) - Failed RaftClientRequest:client-8D88133FDDEB->a4a68fdc-9c21-417a-8215-14845568ad90@group-2BBC40871E24, cid=10, seq=0, Watch-ALL_COMMITTED(6), Message:<EMPTY>, reply=RaftClientReply:client-8D88133FDDEB->a4a68fdc-9c21-417a-8215-14845568ad90@group-2BBC40871E24, cid=10, FAILED org.apache.ratis.protocol.NotLeaderException: Server a4a68fdc-9c21-417a-8215-14845568ad90@group-2BBC40871E24 is not the leader, logIndex=0, commits[a4a68fdc-9c21-417a-8215-14845568ad90:c10, 5aa0106d-b151-48db-b175-21e2bb54d20a:c10, bb175ec5-5e98-4251-9728-8e1e745e4fa1:c4]
2019-10-28 11:35:12,074 [a4a68fdc-9c21-417a-8215-14845568ad90@group-B0AB09D31297-LeaderElection42] INFO  impl.LeaderElection (LeaderElection.java:askForVotes(178)) - a4a68fdc-9c21-417a-8215-14845568ad90@group-B0AB09D31297-LeaderElection42: begin an election at term 1 for -1: [a4a68fdc-9c21-417a-8215-14845568ad90:192.168.164.193:36183, 5aa0106d-b151-48db-b175-21e2bb54d20a:192.168.164.193:45972, bb175ec5-5e98-4251-9728-8e1e745e4fa1:192.168.164.193:34373], old=null
2019-10-28 11:35:12,079 [Thread-814] INFO  impl.FollowerState (FollowerState.java:run(108)) - bb175ec5-5e98-4251-9728-8e1e745e4fa1@group-B0AB09D31297-FollowerState: change to CANDIDATE, lastRpcTime:65ms, electionTimeout:65ms
2019-10-28 11:35:12,080 [Thread-814] INFO  impl.RoleInfo (RoleInfo.java:shutdownFollowerState(121)) - bb175ec5-5e98-4251-9728-8e1e745e4fa1: shutdown FollowerState
2019-10-28 11:35:12,080 [Thread-814] INFO  impl.RaftServerImpl (RaftServerImpl.java:setRole(184)) - bb175ec5-5e98-4251-9728-8e1e745e4fa1@group-B0AB09D31297: changes role from  FOLLOWER to CANDIDATE at term 0 for changeToCandidate
2019-10-28 11:35:12,080 [Thread-814] INFO  impl.RoleInfo (RoleInfo.java:updateAndGet(143)) - bb175ec5-5e98-4251-9728-8e1e745e4fa1: start LeaderElection
2019-10-28 11:35:12,085 [grpc-default-executor-1] INFO  impl.RaftServerImpl (RaftServerImpl.java:setRole(184)) - 5aa0106d-b151-48db-b175-21e2bb54d20a@group-B0AB09D31297: changes role from  FOLLOWER to FOLLOWER at term 1 for recognizeCandidate:a4a68fdc-9c21-417a-8215-14845568ad90
2019-10-28 11:35:12,085 [grpc-default-executor-1] INFO  impl.RoleInfo (RoleInfo.java:shutdownFollowerState(121)) - 5aa0106d-b151-48db-b175-21e2bb54d20a: shutdown FollowerState
2019-10-28 11:35:12,085 [grpc-default-executor-1] INFO  impl.RoleInfo (RoleInfo.java:updateAndGet(143)) - 5aa0106d-b151-48db-b175-21e2bb54d20a: start FollowerState
2019-10-28 11:35:12,085 [Thread-815] INFO  impl.FollowerState (FollowerState.java:run(117)) - 5aa0106d-b151-48db-b175-21e2bb54d20a@group-B0AB09D31297-FollowerState was interrupted: java.lang.InterruptedException: sleep interrupted
2019-10-28 11:35:12,096 [bb175ec5-5e98-4251-9728-8e1e745e4fa1@group-B0AB09D31297-LeaderElection43] INFO  impl.LeaderElection (LeaderElection.java:askForVotes(178)) - bb175ec5-5e98-4251-9728-8e1e745e4fa1@group-B0AB09D31297-LeaderElection43: begin an election at term 1 for -1: [a4a68fdc-9c21-417a-8215-14845568ad90:192.168.164.193:36183, 5aa0106d-b151-48db-b175-21e2bb54d20a:192.168.164.193:45972, bb175ec5-5e98-4251-9728-8e1e745e4fa1:192.168.164.193:34373], old=null
2019-10-28 11:35:12,099 [a4a68fdc-9c21-417a-8215-14845568ad90@group-B0AB09D31297-LeaderElection42] INFO  impl.LeaderElection (LeaderElection.java:logAndReturn(56)) - a4a68fdc-9c21-417a-8215-14845568ad90@group-B0AB09D31297-LeaderElection42: Election PASSED; received 2 response(s) [a4a68fdc-9c21-417a-8215-14845568ad90<-5aa0106d-b151-48db-b175-21e2bb54d20a#0:OK-t1, a4a68fdc-9c21-417a-8215-14845568ad90<-bb175ec5-5e98-4251-9728-8e1e745e4fa1#0:FAIL-t1] and 0 exception(s); a4a68fdc-9c21-417a-8215-14845568ad90@group-B0AB09D31297:t1, leader=null, voted=a4a68fdc-9c21-417a-8215-14845568ad90, raftlog=a4a68fdc-9c21-417a-8215-14845568ad90@group-B0AB09D31297-SegmentedRaftLog:OPENED:c-1,f-1,i0, conf=-1: [a4a68fdc-9c21-417a-8215-14845568ad90:192.168.164.193:36183, 5aa0106d-b151-48db-b175-21e2bb54d20a:192.168.164.193:45972, bb175ec5-5e98-4251-9728-8e1e745e4fa1:192.168.164.193:34373], old=null
2019-10-28 11:35:12,100 [a4a68fdc-9c21-417a-8215-14845568ad90@group-B0AB09D31297-LeaderElection42] INFO  impl.RoleInfo (RoleInfo.java:shutdownLeaderElection(134)) - a4a68fdc-9c21-417a-8215-14845568ad90: shutdown LeaderElection
2019-10-28 11:35:12,100 [a4a68fdc-9c21-417a-8215-14845568ad90@group-B0AB09D31297-LeaderElection42] INFO  impl.RaftServerImpl (RaftServerImpl.java:setRole(184)) - a4a68fdc-9c21-417a-8215-14845568ad90@group-B0AB09D31297: changes role from CANDIDATE to LEADER at term 1 for changeToLeader
2019-10-28 11:35:12,100 [a4a68fdc-9c21-417a-8215-14845568ad90@group-B0AB09D31297-LeaderElection42] INFO  impl.RaftServerImpl (ServerState.java:setLeader(256)) - a4a68fdc-9c21-417a-8215-14845568ad90@group-B0AB09D31297: change Leader from null to a4a68fdc-9c21-417a-8215-14845568ad90 at term 1 for becomeLeader, leader elected after 101ms
2019-10-28 11:35:12,100 [a4a68fdc-9c21-417a-8215-14845568ad90@group-B0AB09D31297-LeaderElection42] INFO  server.RaftServerConfigKeys (ConfUtils.java:logGet(43)) - raft.server.staging.catchup.gap = 1000 (default)
2019-10-28 11:35:12,100 [a4a68fdc-9c21-417a-8215-14845568ad90@group-B0AB09D31297-LeaderElection42] INFO  server.RaftServerConfigKeys (ConfUtils.java:logGet(43)) - raft.server.rpc.sleep.time = 25ms (default)
2019-10-28 11:35:12,100 [a4a68fdc-9c21-417a-8215-14845568ad90@group-B0AB09D31297-LeaderElection42] INFO  server.RaftServerConfigKeys (ConfUtils.java:logGet(43)) - raft.server.write.element-limit = 4096 (default)
2019-10-28 11:35:12,100 [a4a68fdc-9c21-417a-8215-14845568ad90@group-B0AB09D31297-LeaderElection42] INFO  server.RaftServerConfigKeys (ConfUtils.java:logGet(43)) - raft.server.watch.timeout = 10s (default)
2019-10-28 11:35:12,101 [a4a68fdc-9c21-417a-8215-14845568ad90@group-B0AB09D31297-LeaderElection42] INFO  server.RaftServerConfigKeys (ConfUtils.java:logGet(43)) - raft.server.watch.timeout.denomination = 1s (default)
2019-10-28 11:35:12,101 [a4a68fdc-9c21-417a-8215-14845568ad90@group-B0AB09D31297-LeaderElection42] INFO  server.RaftServerConfigKeys (ConfUtils.java:logGet(43)) - raft.server.watch.element-limit = 65536 (default)
2019-10-28 11:35:12,103 [a4a68fdc-9c21-417a-8215-14845568ad90@group-B0AB09D31297-LeaderElection42] INFO  server.RaftServerConfigKeys (ConfUtils.java:logGet(43)) - raft.server.log.appender.snapshot.chunk.size.max = 16MB (=16777216) (default)
2019-10-28 11:35:12,104 [a4a68fdc-9c21-417a-8215-14845568ad90@group-B0AB09D31297-LeaderElection42] INFO  server.RaftServerConfigKeys (ConfUtils.java:logGet(43)) - raft.server.log.appender.buffer.byte-limit = 33554432 (custom)
2019-10-28 11:35:12,104 [a4a68fdc-9c21-417a-8215-14845568ad90@group-B0AB09D31297-LeaderElection42] INFO  server.RaftServerConfigKeys (ConfUtils.java:logGet(43)) - raft.server.log.appender.buffer.element-limit = 1 (custom)
2019-10-28 11:35:12,104 [a4a68fdc-9c21-417a-8215-14845568ad90@group-B0AB09D31297-LeaderElection42] INFO  grpc.GrpcConfigKeys$Server (ConfUtils.java:logGet(43)) - raft.grpc.server.leader.outstanding.appends.max = 128 (default)
2019-10-28 11:35:12,104 [a4a68fdc-9c21-417a-8215-14845568ad90@group-B0AB09D31297-LeaderElection42] INFO  server.RaftServerConfigKeys (ConfUtils.java:logGet(43)) - raft.server.rpc.request.timeout = 3000ms (default)
2019-10-28 11:35:12,104 [a4a68fdc-9c21-417a-8215-14845568ad90@group-B0AB09D31297-LeaderElection42] INFO  server.RaftServerConfigKeys (ConfUtils.java:logGet(43)) - raft.server.log.appender.install.snapshot.enabled = false (custom)
2019-10-28 11:35:12,107 [a4a68fdc-9c21-417a-8215-14845568ad90@group-B0AB09D31297-LeaderElection42] INFO  server.RaftServerConfigKeys (ConfUtils.java:logGet(43)) - raft.server.log.appender.snapshot.chunk.size.max = 16MB (=16777216) (default)
2019-10-28 11:35:12,107 [a4a68fdc-9c21-417a-8215-14845568ad90@group-B0AB09D31297-LeaderElection42] INFO  server.RaftServerConfigKeys (ConfUtils.java:logGet(43)) - raft.server.log.appender.buffer.byte-limit = 33554432 (custom)
2019-10-28 11:35:12,107 [a4a68fdc-9c21-417a-8215-14845568ad90@group-B0AB09D31297-LeaderElection42] INFO  server.RaftServerConfigKeys (ConfUtils.java:logGet(43)) - raft.server.log.appender.buffer.element-limit = 1 (custom)
2019-10-28 11:35:12,107 [a4a68fdc-9c21-417a-8215-14845568ad90@group-B0AB09D31297-LeaderElection42] INFO  grpc.GrpcConfigKeys$Server (ConfUtils.java:logGet(43)) - raft.grpc.server.leader.outstanding.appends.max = 128 (default)
2019-10-28 11:35:12,107 [a4a68fdc-9c21-417a-8215-14845568ad90@group-B0AB09D31297-LeaderElection42] INFO  server.RaftServerConfigKeys (ConfUtils.java:logGet(43)) - raft.server.rpc.request.timeout = 3000ms (default)
2019-10-28 11:35:12,107 [a4a68fdc-9c21-417a-8215-14845568ad90@group-B0AB09D31297-LeaderElection42] INFO  server.RaftServerConfigKeys (ConfUtils.java:logGet(43)) - raft.server.log.appender.install.snapshot.enabled = false (custom)
2019-10-28 11:35:12,110 [a4a68fdc-9c21-417a-8215-14845568ad90@group-B0AB09D31297-LeaderElection42] INFO  impl.RoleInfo (RoleInfo.java:updateAndGet(143)) - a4a68fdc-9c21-417a-8215-14845568ad90: start LeaderState
2019-10-28 11:35:12,110 [a4a68fdc-9c21-417a-8215-14845568ad90@group-B0AB09D31297-LeaderElection42] INFO  segmented.SegmentedRaftLogWorker (SegmentedRaftLogWorker.java:startLogSegment(385)) - a4a68fdc-9c21-417a-8215-14845568ad90@group-B0AB09D31297-SegmentedRaftLogWorker: Starting segment from index:0
2019-10-28 11:35:12,111 [a4a68fdc-9c21-417a-8215-14845568ad90@group-B0AB09D31297-LeaderElection42] INFO  impl.RaftServerImpl (ServerState.java:setRaftConf(357)) - a4a68fdc-9c21-417a-8215-14845568ad90@group-B0AB09D31297: set configuration 0: [a4a68fdc-9c21-417a-8215-14845568ad90:192.168.164.193:36183, 5aa0106d-b151-48db-b175-21e2bb54d20a:192.168.164.193:45972, bb175ec5-5e98-4251-9728-8e1e745e4fa1:192.168.164.193:34373], old=null at 0
2019-10-28 11:35:12,112 [grpc-default-executor-2] INFO  impl.RaftServerImpl (RaftServerImpl.java:requestVote(776)) - a4a68fdc-9c21-417a-8215-14845568ad90@group-B0AB09D31297-   LEADER: Withhold vote from candidate bb175ec5-5e98-4251-9728-8e1e745e4fa1 with term 1. State: leader=a4a68fdc-9c21-417a-8215-14845568ad90, term=1, lastRpcElapsed=null
2019-10-28 11:35:12,113 [bb175ec5-5e98-4251-9728-8e1e745e4fa1@group-B0AB09D31297-LeaderElection43] INFO  impl.LeaderElection (LeaderElection.java:logAndReturn(56)) - bb175ec5-5e98-4251-9728-8e1e745e4fa1@group-B0AB09D31297-LeaderElection43: Election REJECTED; received 2 response(s) [bb175ec5-5e98-4251-9728-8e1e745e4fa1<-a4a68fdc-9c21-417a-8215-14845568ad90#0:FAIL-t1, bb175ec5-5e98-4251-9728-8e1e745e4fa1<-5aa0106d-b151-48db-b175-21e2bb54d20a#0:FAIL-t1] and 0 exception(s); bb175ec5-5e98-4251-9728-8e1e745e4fa1@group-B0AB09D31297:t1, leader=null, voted=bb175ec5-5e98-4251-9728-8e1e745e4fa1, raftlog=bb175ec5-5e98-4251-9728-8e1e745e4fa1@group-B0AB09D31297-SegmentedRaftLog:OPENED:c-1,f-1,i0, conf=-1: [a4a68fdc-9c21-417a-8215-14845568ad90:192.168.164.193:36183, 5aa0106d-b151-48db-b175-21e2bb54d20a:192.168.164.193:45972, bb175ec5-5e98-4251-9728-8e1e745e4fa1:192.168.164.193:34373], old=null
2019-10-28 11:35:12,113 [bb175ec5-5e98-4251-9728-8e1e745e4fa1@group-B0AB09D31297-LeaderElection43] INFO  impl.RaftServerImpl (RaftServerImpl.java:setRole(184)) - bb175ec5-5e98-4251-9728-8e1e745e4fa1@group-B0AB09D31297: changes role from CANDIDATE to FOLLOWER at term 1 for DISCOVERED_A_NEW_TERM
2019-10-28 11:35:12,113 [bb175ec5-5e98-4251-9728-8e1e745e4fa1@group-B0AB09D31297-LeaderElection43] INFO  impl.RoleInfo (RoleInfo.java:shutdownLeaderElection(134)) - bb175ec5-5e98-4251-9728-8e1e745e4fa1: shutdown LeaderElection
2019-10-28 11:35:12,113 [bb175ec5-5e98-4251-9728-8e1e745e4fa1@group-B0AB09D31297-LeaderElection43] INFO  impl.RoleInfo (RoleInfo.java:updateAndGet(143)) - bb175ec5-5e98-4251-9728-8e1e745e4fa1: start FollowerState
2019-10-28 11:35:12,114 [grpc-default-executor-1] INFO  impl.RaftServerImpl (ServerState.java:setLeader(256)) - 5aa0106d-b151-48db-b175-21e2bb54d20a@group-B0AB09D31297: change Leader from null to a4a68fdc-9c21-417a-8215-14845568ad90 at term 1 for appendEntries, leader elected after 115ms
2019-10-28 11:35:12,114 [grpc-default-executor-2] INFO  impl.RaftServerImpl (ServerState.java:setLeader(256)) - bb175ec5-5e98-4251-9728-8e1e745e4fa1@group-B0AB09D31297: change Leader from null to a4a68fdc-9c21-417a-8215-14845568ad90 at term 1 for appendEntries, leader elected after 114ms
2019-10-28 11:35:12,143 [Thread-809] INFO  impl.FollowerState (FollowerState.java:run(108)) - bb175ec5-5e98-4251-9728-8e1e745e4fa1@group-2BBC40871E24-FollowerState: change to CANDIDATE, lastRpcTime:143ms, electionTimeout:133ms
2019-10-28 11:35:12,143 [Thread-809] INFO  impl.RoleInfo (RoleInfo.java:shutdownFollowerState(121)) - bb175ec5-5e98-4251-9728-8e1e745e4fa1: shutdown FollowerState
2019-10-28 11:35:12,143 [Thread-809] INFO  impl.RaftServerImpl (RaftServerImpl.java:setRole(184)) - bb175ec5-5e98-4251-9728-8e1e745e4fa1@group-2BBC40871E24: changes role from  FOLLOWER to CANDIDATE at term 37 for changeToCandidate
2019-10-28 11:35:12,143 [Thread-809] INFO  impl.RoleInfo (RoleInfo.java:updateAndGet(143)) - bb175ec5-5e98-4251-9728-8e1e745e4fa1: start LeaderElection
2019-10-28 11:35:12,143 [EventQueue-PendingDeleteStatusForPendingDeleteHandler] INFO  block.SCMBlockDeletingService (SCMBlockDeletingService.java:handlePendingDeletes(115)) - Block deletion txnID mismatch in datanode bb175ec5-5e98-4251-9728-8e1e745e4fa1 for containerID 1. Datanode delete txnID: 0, SCM txnID: 1
2019-10-28 11:35:12,145 [grpc-default-executor-2] INFO  impl.RaftServerImpl (ServerState.java:setRaftConf(357)) - bb175ec5-5e98-4251-9728-8e1e745e4fa1@group-B0AB09D31297: set configuration 0: [a4a68fdc-9c21-417a-8215-14845568ad90:192.168.164.193:36183, 5aa0106d-b151-48db-b175-21e2bb54d20a:192.168.164.193:45972, bb175ec5-5e98-4251-9728-8e1e745e4fa1:192.168.164.193:34373], old=null at 0
2019-10-28 11:35:12,145 [grpc-default-executor-1] INFO  impl.RaftServerImpl (ServerState.java:setRaftConf(357)) - 5aa0106d-b151-48db-b175-21e2bb54d20a@group-B0AB09D31297: set configuration 0: [a4a68fdc-9c21-417a-8215-14845568ad90:192.168.164.193:36183, 5aa0106d-b151-48db-b175-21e2bb54d20a:192.168.164.193:45972, bb175ec5-5e98-4251-9728-8e1e745e4fa1:192.168.164.193:34373], old=null at 0
2019-10-28 11:35:12,146 [grpc-default-executor-2] INFO  segmented.SegmentedRaftLogWorker (SegmentedRaftLogWorker.java:startLogSegment(385)) - bb175ec5-5e98-4251-9728-8e1e745e4fa1@group-B0AB09D31297-SegmentedRaftLogWorker: Starting segment from index:0
2019-10-28 11:35:12,146 [grpc-default-executor-1] INFO  segmented.SegmentedRaftLogWorker (SegmentedRaftLogWorker.java:startLogSegment(385)) - 5aa0106d-b151-48db-b175-21e2bb54d20a@group-B0AB09D31297-SegmentedRaftLogWorker: Starting segment from index:0
2019-10-28 11:35:12,155 [a4a68fdc-9c21-417a-8215-14845568ad90@group-B0AB09D31297-SegmentedRaftLogWorker] INFO  segmented.SegmentedRaftLogWorker (SegmentedRaftLogWorker.java:execute(576)) - a4a68fdc-9c21-417a-8215-14845568ad90@group-B0AB09D31297-SegmentedRaftLogWorker: created new log segment /workdir/hadoop-ozone/integration-test/target/test-dir/MiniOzoneClusterImpl-32030326-9f4e-4c1d-8269-b77a585e0de7/datanode-2/data/ratis/e2b173f5-d896-4230-8928-b0ab09d31297/current/log_inprogress_0
2019-10-28 11:35:12,156 [bb175ec5-5e98-4251-9728-8e1e745e4fa1@group-2BBC40871E24-LeaderElection44] INFO  impl.LeaderElection (LeaderElection.java:askForVotes(178)) - bb175ec5-5e98-4251-9728-8e1e745e4fa1@group-2BBC40871E24-LeaderElection44: begin an election at term 38 for 0: [a4a68fdc-9c21-417a-8215-14845568ad90:192.168.164.193:36183, 5aa0106d-b151-48db-b175-21e2bb54d20a:192.168.164.193:45972, bb175ec5-5e98-4251-9728-8e1e745e4fa1:192.168.164.193:34373], old=null
2019-10-28 11:35:12,158 [grpc-default-executor-2] INFO  impl.RaftServerImpl (RaftServerImpl.java:setRole(184)) - 5aa0106d-b151-48db-b175-21e2bb54d20a@group-2BBC40871E24: changes role from  FOLLOWER to FOLLOWER at term 38 for recognizeCandidate:bb175ec5-5e98-4251-9728-8e1e745e4fa1
2019-10-28 11:35:12,158 [grpc-default-executor-1] INFO  impl.RaftServerImpl (RaftServerImpl.java:setRole(184)) - a4a68fdc-9c21-417a-8215-14845568ad90@group-2BBC40871E24: changes role from  FOLLOWER to FOLLOWER at term 38 for recognizeCandidate:bb175ec5-5e98-4251-9728-8e1e745e4fa1
2019-10-28 11:35:12,158 [grpc-default-executor-2] INFO  impl.RoleInfo (RoleInfo.java:shutdownFollowerState(121)) - 5aa0106d-b151-48db-b175-21e2bb54d20a: shutdown FollowerState
2019-10-28 11:35:12,158 [grpc-default-executor-1] INFO  impl.RoleInfo (RoleInfo.java:shutdownFollowerState(121)) - a4a68fdc-9c21-417a-8215-14845568ad90: shutdown FollowerState
2019-10-28 11:35:12,159 [Thread-807] INFO  impl.FollowerState (FollowerState.java:run(117)) - 5aa0106d-b151-48db-b175-21e2bb54d20a@group-2BBC40871E24-FollowerState was interrupted: java.lang.InterruptedException: sleep interrupted
2019-10-28 11:35:12,158 [grpc-default-executor-2] INFO  impl.RoleInfo (RoleInfo.java:updateAndGet(143)) - 5aa0106d-b151-48db-b175-21e2bb54d20a: start FollowerState
2019-10-28 11:35:12,159 [Thread-806] INFO  impl.FollowerState (FollowerState.java:run(117)) - a4a68fdc-9c21-417a-8215-14845568ad90@group-2BBC40871E24-FollowerState was interrupted: java.lang.InterruptedException: sleep interrupted
2019-10-28 11:35:12,159 [grpc-default-executor-1] INFO  impl.RoleInfo (RoleInfo.java:updateAndGet(143)) - a4a68fdc-9c21-417a-8215-14845568ad90: start FollowerState
2019-10-28 11:35:12,170 [bb175ec5-5e98-4251-9728-8e1e745e4fa1@group-2BBC40871E24-LeaderElection44] INFO  impl.LeaderElection (LeaderElection.java:logAndReturn(56)) - bb175ec5-5e98-4251-9728-8e1e745e4fa1@group-2BBC40871E24-LeaderElection44: Election REJECTED; received 2 response(s) [bb175ec5-5e98-4251-9728-8e1e745e4fa1<-a4a68fdc-9c21-417a-8215-14845568ad90#0:FAIL-t38, bb175ec5-5e98-4251-9728-8e1e745e4fa1<-5aa0106d-b151-48db-b175-21e2bb54d20a#0:FAIL-t38] and 0 exception(s); bb175ec5-5e98-4251-9728-8e1e745e4fa1@group-2BBC40871E24:t38, leader=null, voted=bb175ec5-5e98-4251-9728-8e1e745e4fa1, raftlog=bb175ec5-5e98-4251-9728-8e1e745e4fa1@group-2BBC40871E24-SegmentedRaftLog:OPENED:c3,f4,i4, conf=0: [a4a68fdc-9c21-417a-8215-14845568ad90:192.168.164.193:36183, 5aa0106d-b151-48db-b175-21e2bb54d20a:192.168.164.193:45972, bb175ec5-5e98-4251-9728-8e1e745e4fa1:192.168.164.193:34373], old=null
2019-10-28 11:35:12,170 [bb175ec5-5e98-4251-9728-8e1e745e4fa1@group-2BBC40871E24-LeaderElection44] INFO  impl.RaftServerImpl (RaftServerImpl.java:setRole(184)) - bb175ec5-5e98-4251-9728-8e1e745e4fa1@group-2BBC40871E24: changes role from CANDIDATE to FOLLOWER at term 38 for DISCOVERED_A_NEW_TERM
2019-10-28 11:35:12,170 [bb175ec5-5e98-4251-9728-8e1e745e4fa1@group-2BBC40871E24-LeaderElection44] INFO  impl.RoleInfo (RoleInfo.java:shutdownLeaderElection(134)) - bb175ec5-5e98-4251-9728-8e1e745e4fa1: shutdown LeaderElection
2019-10-28 11:35:12,171 [bb175ec5-5e98-4251-9728-8e1e745e4fa1@group-2BBC40871E24-LeaderElection44] INFO  impl.RoleInfo (RoleInfo.java:updateAndGet(143)) - bb175ec5-5e98-4251-9728-8e1e745e4fa1: start FollowerState
2019-10-28 11:35:12,187 [bb175ec5-5e98-4251-9728-8e1e745e4fa1@group-B0AB09D31297-SegmentedRaftLogWorker] INFO  segmented.SegmentedRaftLogWorker (SegmentedRaftLogWorker.java:execute(576)) - bb175ec5-5e98-4251-9728-8e1e745e4fa1@group-B0AB09D31297-SegmentedRaftLogWorker: created new log segment /workdir/hadoop-ozone/integration-test/target/test-dir/MiniOzoneClusterImpl-32030326-9f4e-4c1d-8269-b77a585e0de7/datanode-1/data/ratis/e2b173f5-d896-4230-8928-b0ab09d31297/current/log_inprogress_0
2019-10-28 11:35:12,187 [5aa0106d-b151-48db-b175-21e2bb54d20a@group-B0AB09D31297-SegmentedRaftLogWorker] INFO  segmented.SegmentedRaftLogWorker (SegmentedRaftLogWorker.java:execute(576)) - 5aa0106d-b151-48db-b175-21e2bb54d20a@group-B0AB09D31297-SegmentedRaftLogWorker: created new log segment /workdir/hadoop-ozone/integration-test/target/test-dir/MiniOzoneClusterImpl-32030326-9f4e-4c1d-8269-b77a585e0de7/datanode-0/data/ratis/e2b173f5-d896-4230-8928-b0ab09d31297/current/log_inprogress_0
2019-10-28 11:35:12,317 [Thread-843] INFO  impl.FollowerState (FollowerState.java:run(108)) - bb175ec5-5e98-4251-9728-8e1e745e4fa1@group-2BBC40871E24-FollowerState: change to CANDIDATE, lastRpcTime:146ms, electionTimeout:146ms
2019-10-28 11:35:12,317 [Thread-843] INFO  impl.RoleInfo (RoleInfo.java:shutdownFollowerState(121)) - bb175ec5-5e98-4251-9728-8e1e745e4fa1: shutdown FollowerState
2019-10-28 11:35:12,317 [Thread-843] INFO  impl.RaftServerImpl (RaftServerImpl.java:setRole(184)) - bb175ec5-5e98-4251-9728-8e1e745e4fa1@group-2BBC40871E24: changes role from  FOLLOWER to CANDIDATE at term 38 for changeToCandidate
2019-10-28 11:35:12,317 [Thread-843] INFO  impl.RoleInfo (RoleInfo.java:updateAndGet(143)) - bb175ec5-5e98-4251-9728-8e1e745e4fa1: start LeaderElection
2019-10-28 11:35:12,331 [bb175ec5-5e98-4251-9728-8e1e745e4fa1@group-2BBC40871E24-LeaderElection45] INFO  impl.LeaderElection (LeaderElection.java:askForVotes(178)) - bb175ec5-5e98-4251-9728-8e1e745e4fa1@group-2BBC40871E24-LeaderElection45: begin an election at term 39 for 0: [a4a68fdc-9c21-417a-8215-14845568ad90:192.168.164.193:36183, 5aa0106d-b151-48db-b175-21e2bb54d20a:192.168.164.193:45972, bb175ec5-5e98-4251-9728-8e1e745e4fa1:192.168.164.193:34373], old=null
2019-10-28 11:35:12,334 [grpc-default-executor-2] INFO  impl.RaftServerImpl (RaftServerImpl.java:setRole(184)) - a4a68fdc-9c21-417a-8215-14845568ad90@group-2BBC40871E24: changes role from  FOLLOWER to FOLLOWER at term 39 for recognizeCandidate:bb175ec5-5e98-4251-9728-8e1e745e4fa1
2019-10-28 11:35:12,334 [grpc-default-executor-1] INFO  impl.RaftServerImpl (RaftServerImpl.java:setRole(184)) - 5aa0106d-b151-48db-b175-21e2bb54d20a@group-2BBC40871E24: changes role from  FOLLOWER to FOLLOWER at term 39 for recognizeCandidate:bb175ec5-5e98-4251-9728-8e1e745e4fa1
2019-10-28 11:35:12,334 [grpc-default-executor-2] INFO  impl.RoleInfo (RoleInfo.java:shutdownFollowerState(121)) - a4a68fdc-9c21-417a-8215-14845568ad90: shutdown FollowerState
2019-10-28 11:35:12,334 [grpc-default-executor-1] INFO  impl.RoleInfo (RoleInfo.java:shutdownFollowerState(121)) - 5aa0106d-b151-48db-b175-21e2bb54d20a: shutdown FollowerState
2019-10-28 11:35:12,334 [Thread-842] INFO  impl.FollowerState (FollowerState.java:run(117)) - a4a68fdc-9c21-417a-8215-14845568ad90@group-2BBC40871E24-FollowerState was interrupted: java.lang.InterruptedException: sleep interrupted
2019-10-28 11:35:12,334 [grpc-default-executor-2] INFO  impl.RoleInfo (RoleInfo.java:updateAndGet(143)) - a4a68fdc-9c21-417a-8215-14845568ad90: start FollowerState
2019-10-28 11:35:12,334 [grpc-default-executor-1] INFO  impl.RoleInfo (RoleInfo.java:updateAndGet(143)) - 5aa0106d-b151-48db-b175-21e2bb54d20a: start FollowerState
2019-10-28 11:35:12,334 [Thread-841] INFO  impl.FollowerState (FollowerState.java:run(117)) - 5aa0106d-b151-48db-b175-21e2bb54d20a@group-2BBC40871E24-FollowerState was interrupted: java.lang.InterruptedException: sleep interrupted
2019-10-28 11:35:12,355 [bb175ec5-5e98-4251-9728-8e1e745e4fa1@group-2BBC40871E24-LeaderElection45] INFO  impl.LeaderElection (LeaderElection.java:logAndReturn(56)) - bb175ec5-5e98-4251-9728-8e1e745e4fa1@group-2BBC40871E24-LeaderElection45: Election REJECTED; received 2 response(s) [bb175ec5-5e98-4251-9728-8e1e745e4fa1<-a4a68fdc-9c21-417a-8215-14845568ad90#0:FAIL-t39, bb175ec5-5e98-4251-9728-8e1e745e4fa1<-5aa0106d-b151-48db-b175-21e2bb54d20a#0:FAIL-t39] and 0 exception(s); bb175ec5-5e98-4251-9728-8e1e745e4fa1@group-2BBC40871E24:t39, leader=null, voted=bb175ec5-5e98-4251-9728-8e1e745e4fa1, raftlog=bb175ec5-5e98-4251-9728-8e1e745e4fa1@group-2BBC40871E24-SegmentedRaftLog:OPENED:c3,f4,i4, conf=0: [a4a68fdc-9c21-417a-8215-14845568ad90:192.168.164.193:36183, 5aa0106d-b151-48db-b175-21e2bb54d20a:192.168.164.193:45972, bb175ec5-5e98-4251-9728-8e1e745e4fa1:192.168.164.193:34373], old=null
2019-10-28 11:35:12,355 [bb175ec5-5e98-4251-9728-8e1e745e4fa1@group-2BBC40871E24-LeaderElection45] INFO  impl.RaftServerImpl (RaftServerImpl.java:setRole(184)) - bb175ec5-5e98-4251-9728-8e1e745e4fa1@group-2BBC40871E24: changes role from CANDIDATE to FOLLOWER at term 39 for DISCOVERED_A_NEW_TERM
2019-10-28 11:35:12,355 [bb175ec5-5e98-4251-9728-8e1e745e4fa1@group-2BBC40871E24-LeaderElection45] INFO  impl.RoleInfo (RoleInfo.java:shutdownLeaderElection(134)) - bb175ec5-5e98-4251-9728-8e1e745e4fa1: shutdown LeaderElection
2019-10-28 11:35:12,355 [bb175ec5-5e98-4251-9728-8e1e745e4fa1@group-2BBC40871E24-LeaderElection45] INFO  impl.RoleInfo (RoleInfo.java:updateAndGet(143)) - bb175ec5-5e98-4251-9728-8e1e745e4fa1: start FollowerState
2019-10-28 11:35:12,439 [Thread-851] INFO  impl.FollowerState (FollowerState.java:run(108)) - bb175ec5-5e98-4251-9728-8e1e745e4fa1@group-2BBC40871E24-FollowerState: change to CANDIDATE, lastRpcTime:83ms, electionTimeout:83ms
2019-10-28 11:35:12,439 [Thread-851] INFO  impl.RoleInfo (RoleInfo.java:shutdownFollowerState(121)) - bb175ec5-5e98-4251-9728-8e1e745e4fa1: shutdown FollowerState
2019-10-28 11:35:12,439 [Thread-851] INFO  impl.RaftServerImpl (RaftServerImpl.java:setRole(184)) - bb175ec5-5e98-4251-9728-8e1e745e4fa1@group-2BBC40871E24: changes role from  FOLLOWER to CANDIDATE at term 39 for changeToCandidate
2019-10-28 11:35:12,439 [Thread-851] INFO  impl.RoleInfo (RoleInfo.java:updateAndGet(143)) - bb175ec5-5e98-4251-9728-8e1e745e4fa1: start LeaderElection
2019-10-28 11:35:12,444 [EventQueue-PendingDeleteStatusForPendingDeleteHandler] INFO  block.SCMBlockDeletingService (SCMBlockDeletingService.java:handlePendingDeletes(115)) - Block deletion txnID mismatch in datanode bb175ec5-5e98-4251-9728-8e1e745e4fa1 for containerID 1. Datanode delete txnID: 0, SCM txnID: 1
2019-10-28 11:35:12,446 [pool-7-thread-2] INFO  commands.RetriableDatanodeEventWatcher (RetriableDatanodeEventWatcher.java:onTimeout(47)) - RetriableDatanodeCommand type=deleteBlocksCommand with id=1572262504443 timed out. Retrying.
2019-10-28 11:35:12,446 [pool-7-thread-4] INFO  commands.RetriableDatanodeEventWatcher (RetriableDatanodeEventWatcher.java:onTimeout(47)) - RetriableDatanodeCommand type=deleteBlocksCommand with id=1572262504436 timed out. Retrying.
2019-10-28 11:35:12,447 [pool-7-thread-1] INFO  commands.RetriableDatanodeEventWatcher (RetriableDatanodeEventWatcher.java:onTimeout(47)) - RetriableDatanodeCommand type=deleteBlocksCommand with id=1572262504444 timed out. Retrying.
2019-10-28 11:35:12,447 [pool-7-thread-3] INFO  commands.RetriableDatanodeEventWatcher (RetriableDatanodeEventWatcher.java:onTimeout(47)) - RetriableDatanodeCommand type=deleteBlocksCommand with id=1572262504442 timed out. Retrying.
2019-10-28 11:35:12,447 [pool-7-thread-3] INFO  commands.RetriableDatanodeEventWatcher (RetriableDatanodeEventWatcher.java:onTimeout(47)) - RetriableDatanodeCommand type=deleteBlocksCommand with id=1572262504445 timed out. Retrying.
2019-10-28 11:35:12,447 [pool-7-thread-2] INFO  commands.RetriableDatanodeEventWatcher (RetriableDatanodeEventWatcher.java:onTimeout(47)) - RetriableDatanodeCommand type=deleteBlocksCommand with id=1572262504439 timed out. Retrying.
2019-10-28 11:35:12,448 [SCMBlockDeletingService#0] INFO  block.SCMBlockDeletingService (SCMBlockDeletingService.java:call(184)) - Totally added 1 delete blocks command for 1 datanodes, task elapsed time: 1ms
2019-10-28 11:35:12,448 [pool-7-thread-4] INFO  commands.RetriableDatanodeEventWatcher (RetriableDatanodeEventWatcher.java:onTimeout(47)) - RetriableDatanodeCommand type=deleteBlocksCommand with id=1572262504446 timed out. Retrying.
2019-10-28 11:35:12,448 [pool-7-thread-1] INFO  commands.RetriableDatanodeEventWatcher (RetriableDatanodeEventWatcher.java:onTimeout(47)) - RetriableDatanodeCommand type=deleteBlocksCommand with id=1572262504441 timed out. Retrying.
2019-10-28 11:35:12,454 [bb175ec5-5e98-4251-9728-8e1e745e4fa1@group-2BBC40871E24-LeaderElection46] INFO  impl.LeaderElection (LeaderElection.java:askForVotes(178)) - bb175ec5-5e98-4251-9728-8e1e745e4fa1@group-2BBC40871E24-LeaderElection46: begin an election at term 40 for 0: [a4a68fdc-9c21-417a-8215-14845568ad90:192.168.164.193:36183, 5aa0106d-b151-48db-b175-21e2bb54d20a:192.168.164.193:45972, bb175ec5-5e98-4251-9728-8e1e745e4fa1:192.168.164.193:34373], old=null
2019-10-28 11:35:12,458 [grpc-default-executor-1] INFO  impl.RaftServerImpl (RaftServerImpl.java:setRole(184)) - 5aa0106d-b151-48db-b175-21e2bb54d20a@group-2BBC40871E24: changes role from  FOLLOWER to FOLLOWER at term 40 for recognizeCandidate:bb175ec5-5e98-4251-9728-8e1e745e4fa1
2019-10-28 11:35:12,458 [grpc-default-executor-2] INFO  impl.RaftServerImpl (RaftServerImpl.java:setRole(184)) - a4a68fdc-9c21-417a-8215-14845568ad90@group-2BBC40871E24: changes role from  FOLLOWER to FOLLOWER at term 40 for recognizeCandidate:bb175ec5-5e98-4251-9728-8e1e745e4fa1
2019-10-28 11:35:12,458 [grpc-default-executor-1] INFO  impl.RoleInfo (RoleInfo.java:shutdownFollowerState(121)) - 5aa0106d-b151-48db-b175-21e2bb54d20a: shutdown FollowerState
2019-10-28 11:35:12,458 [grpc-default-executor-2] INFO  impl.RoleInfo (RoleInfo.java:shutdownFollowerState(121)) - a4a68fdc-9c21-417a-8215-14845568ad90: shutdown FollowerState
2019-10-28 11:35:12,458 [grpc-default-executor-1] INFO  impl.RoleInfo (RoleInfo.java:updateAndGet(143)) - 5aa0106d-b151-48db-b175-21e2bb54d20a: start FollowerState
2019-10-28 11:35:12,458 [Thread-850] INFO  impl.FollowerState (FollowerState.java:run(117)) - 5aa0106d-b151-48db-b175-21e2bb54d20a@group-2BBC40871E24-FollowerState was interrupted: java.lang.InterruptedException: sleep interrupted
2019-10-28 11:35:12,459 [Thread-849] INFO  impl.FollowerState (FollowerState.java:run(117)) - a4a68fdc-9c21-417a-8215-14845568ad90@group-2BBC40871E24-FollowerState was interrupted: java.lang.InterruptedException: sleep interrupted
2019-10-28 11:35:12,459 [grpc-default-executor-2] INFO  impl.RoleInfo (RoleInfo.java:updateAndGet(143)) - a4a68fdc-9c21-417a-8215-14845568ad90: start FollowerState
2019-10-28 11:35:12,473 [bb175ec5-5e98-4251-9728-8e1e745e4fa1@group-2BBC40871E24-LeaderElection46] INFO  impl.LeaderElection (LeaderElection.java:logAndReturn(56)) - bb175ec5-5e98-4251-9728-8e1e745e4fa1@group-2BBC40871E24-LeaderElection46: Election REJECTED; received 2 response(s) [bb175ec5-5e98-4251-9728-8e1e745e4fa1<-a4a68fdc-9c21-417a-8215-14845568ad90#0:FAIL-t40, bb175ec5-5e98-4251-9728-8e1e745e4fa1<-5aa0106d-b151-48db-b175-21e2bb54d20a#0:FAIL-t40] and 0 exception(s); bb175ec5-5e98-4251-9728-8e1e745e4fa1@group-2BBC40871E24:t40, leader=null, voted=bb175ec5-5e98-4251-9728-8e1e745e4fa1, raftlog=bb175ec5-5e98-4251-9728-8e1e745e4fa1@group-2BBC40871E24-SegmentedRaftLog:OPENED:c3,f4,i4, conf=0: [a4a68fdc-9c21-417a-8215-14845568ad90:192.168.164.193:36183, 5aa0106d-b151-48db-b175-21e2bb54d20a:192.168.164.193:45972, bb175ec5-5e98-4251-9728-8e1e745e4fa1:192.168.164.193:34373], old=null
2019-10-28 11:35:12,473 [bb175ec5-5e98-4251-9728-8e1e745e4fa1@group-2BBC40871E24-LeaderElection46] INFO  impl.RaftServerImpl (RaftServerImpl.java:setRole(184)) - bb175ec5-5e98-4251-9728-8e1e745e4fa1@group-2BBC40871E24: changes role from CANDIDATE to FOLLOWER at term 40 for DISCOVERED_A_NEW_TERM
2019-10-28 11:35:12,473 [bb175ec5-5e98-4251-9728-8e1e745e4fa1@group-2BBC40871E24-LeaderElection46] INFO  impl.RoleInfo (RoleInfo.java:shutdownLeaderElection(134)) - bb175ec5-5e98-4251-9728-8e1e745e4fa1: shutdown LeaderElection
2019-10-28 11:35:12,473 [bb175ec5-5e98-4251-9728-8e1e745e4fa1@group-2BBC40871E24-LeaderElection46] INFO  impl.RoleInfo (RoleInfo.java:updateAndGet(143)) - bb175ec5-5e98-4251-9728-8e1e745e4fa1: start FollowerState
2019-10-28 11:35:12,575 [Thread-857] INFO  impl.FollowerState (FollowerState.java:run(108)) - bb175ec5-5e98-4251-9728-8e1e745e4fa1@group-2BBC40871E24-FollowerState: change to CANDIDATE, lastRpcTime:101ms, electionTimeout:101ms
2019-10-28 11:35:12,575 [Thread-857] INFO  impl.RoleInfo (RoleInfo.java:shutdownFollowerState(121)) - bb175ec5-5e98-4251-9728-8e1e745e4fa1: shutdown FollowerState
2019-10-28 11:35:12,575 [Thread-857] INFO  impl.RaftServerImpl (RaftServerImpl.java:setRole(184)) - bb175ec5-5e98-4251-9728-8e1e745e4fa1@group-2BBC40871E24: changes role from  FOLLOWER to CANDIDATE at term 40 for changeToCandidate
2019-10-28 11:35:12,575 [Thread-857] INFO  impl.RoleInfo (RoleInfo.java:updateAndGet(143)) - bb175ec5-5e98-4251-9728-8e1e745e4fa1: start LeaderElection
2019-10-28 11:35:12,590 [bb175ec5-5e98-4251-9728-8e1e745e4fa1@group-2BBC40871E24-LeaderElection47] INFO  impl.LeaderElection (LeaderElection.java:askForVotes(178)) - bb175ec5-5e98-4251-9728-8e1e745e4fa1@group-2BBC40871E24-LeaderElection47: begin an election at term 41 for 0: [a4a68fdc-9c21-417a-8215-14845568ad90:192.168.164.193:36183, 5aa0106d-b151-48db-b175-21e2bb54d20a:192.168.164.193:45972, bb175ec5-5e98-4251-9728-8e1e745e4fa1:192.168.164.193:34373], old=null
2019-10-28 11:35:12,592 [grpc-default-executor-2] INFO  impl.RaftServerImpl (RaftServerImpl.java:setRole(184)) - 5aa0106d-b151-48db-b175-21e2bb54d20a@group-2BBC40871E24: changes role from  FOLLOWER to FOLLOWER at term 41 for recognizeCandidate:bb175ec5-5e98-4251-9728-8e1e745e4fa1
2019-10-28 11:35:12,592 [grpc-default-executor-1] INFO  impl.RaftServerImpl (RaftServerImpl.java:setRole(184)) - a4a68fdc-9c21-417a-8215-14845568ad90@group-2BBC40871E24: changes role from  FOLLOWER to FOLLOWER at term 41 for recognizeCandidate:bb175ec5-5e98-4251-9728-8e1e745e4fa1
2019-10-28 11:35:12,593 [grpc-default-executor-2] INFO  impl.RoleInfo (RoleInfo.java:shutdownFollowerState(121)) - 5aa0106d-b151-48db-b175-21e2bb54d20a: shutdown FollowerState
2019-10-28 11:35:12,593 [grpc-default-executor-1] INFO  impl.RoleInfo (RoleInfo.java:shutdownFollowerState(121)) - a4a68fdc-9c21-417a-8215-14845568ad90: shutdown FollowerState
2019-10-28 11:35:12,593 [Thread-855] INFO  impl.FollowerState (FollowerState.java:run(117)) - 5aa0106d-b151-48db-b175-21e2bb54d20a@group-2BBC40871E24-FollowerState was interrupted: java.lang.InterruptedException: sleep interrupted
2019-10-28 11:35:12,593 [grpc-default-executor-2] INFO  impl.RoleInfo (RoleInfo.java:updateAndGet(143)) - 5aa0106d-b151-48db-b175-21e2bb54d20a: start FollowerState
2019-10-28 11:35:12,593 [grpc-default-executor-1] INFO  impl.RoleInfo (RoleInfo.java:updateAndGet(143)) - a4a68fdc-9c21-417a-8215-14845568ad90: start FollowerState
2019-10-28 11:35:12,593 [Thread-856] INFO  impl.FollowerState (FollowerState.java:run(117)) - a4a68fdc-9c21-417a-8215-14845568ad90@group-2BBC40871E24-FollowerState was interrupted: java.lang.InterruptedException: sleep interrupted
2019-10-28 11:35:12,606 [bb175ec5-5e98-4251-9728-8e1e745e4fa1@group-2BBC40871E24-LeaderElection47] INFO  impl.LeaderElection (LeaderElection.java:logAndReturn(56)) - bb175ec5-5e98-4251-9728-8e1e745e4fa1@group-2BBC40871E24-LeaderElection47: Election REJECTED; received 2 response(s) [bb175ec5-5e98-4251-9728-8e1e745e4fa1<-a4a68fdc-9c21-417a-8215-14845568ad90#0:FAIL-t41, bb175ec5-5e98-4251-9728-8e1e745e4fa1<-5aa0106d-b151-48db-b175-21e2bb54d20a#0:FAIL-t41] and 0 exception(s); bb175ec5-5e98-4251-9728-8e1e745e4fa1@group-2BBC40871E24:t41, leader=null, voted=bb175ec5-5e98-4251-9728-8e1e745e4fa1, raftlog=bb175ec5-5e98-4251-9728-8e1e745e4fa1@group-2BBC40871E24-SegmentedRaftLog:OPENED:c3,f4,i4, conf=0: [a4a68fdc-9c21-417a-8215-14845568ad90:192.168.164.193:36183, 5aa0106d-b151-48db-b175-21e2bb54d20a:192.168.164.193:45972, bb175ec5-5e98-4251-9728-8e1e745e4fa1:192.168.164.193:34373], old=null
2019-10-28 11:35:12,606 [bb175ec5-5e98-4251-9728-8e1e745e4fa1@group-2BBC40871E24-LeaderElection47] INFO  impl.RaftServerImpl (RaftServerImpl.java:setRole(184)) - bb175ec5-5e98-4251-9728-8e1e745e4fa1@group-2BBC40871E24: changes role from CANDIDATE to FOLLOWER at term 41 for DISCOVERED_A_NEW_TERM
2019-10-28 11:35:12,606 [bb175ec5-5e98-4251-9728-8e1e745e4fa1@group-2BBC40871E24-LeaderElection47] INFO  impl.RoleInfo (RoleInfo.java:shutdownLeaderElection(134)) - bb175ec5-5e98-4251-9728-8e1e745e4fa1: shutdown LeaderElection
2019-10-28 11:35:12,607 [bb175ec5-5e98-4251-9728-8e1e745e4fa1@group-2BBC40871E24-LeaderElection47] INFO  impl.RoleInfo (RoleInfo.java:updateAndGet(143)) - bb175ec5-5e98-4251-9728-8e1e745e4fa1: start FollowerState
2019-10-28 11:35:12,744 [EventQueue-PendingDeleteStatusForPendingDeleteHandler] INFO  block.SCMBlockDeletingService (SCMBlockDeletingService.java:handlePendingDeletes(115)) - Block deletion txnID mismatch in datanode bb175ec5-5e98-4251-9728-8e1e745e4fa1 for containerID 1. Datanode delete txnID: 0, SCM txnID: 1
2019-10-28 11:35:12,771 [BlockDeletingService#2] WARN  background.BlockDeletingService (BlockDeletingService.java:isDeletionAllowed(187)) - Close Container log Index 6 is not replicated across allthe servers in the pipeline 673f7971-0954-4a65-9d1b-2bbc40871e24 as the min replicated index is 4. Deletion is not allowed in this container yet.
2019-10-28 11:35:12,771 [BlockDeletingService#2] WARN  background.BlockDeletingService (BlockDeletingService.java:isDeletionAllowed(187)) - Close Container log Index 6 is not replicated across allthe servers in the pipeline 673f7971-0954-4a65-9d1b-2bbc40871e24 as the min replicated index is 4. Deletion is not allowed in this container yet.
2019-10-28 11:35:12,799 [Thread-863] INFO  impl.FollowerState (FollowerState.java:run(108)) - bb175ec5-5e98-4251-9728-8e1e745e4fa1@group-2BBC40871E24-FollowerState: change to CANDIDATE, lastRpcTime:192ms, electionTimeout:192ms
2019-10-28 11:35:12,799 [Thread-863] INFO  impl.RoleInfo (RoleInfo.java:shutdownFollowerState(121)) - bb175ec5-5e98-4251-9728-8e1e745e4fa1: shutdown FollowerState
2019-10-28 11:35:12,800 [Thread-863] INFO  impl.RaftServerImpl (RaftServerImpl.java:setRole(184)) - bb175ec5-5e98-4251-9728-8e1e745e4fa1@group-2BBC40871E24: changes role from  FOLLOWER to CANDIDATE at term 41 for changeToCandidate
2019-10-28 11:35:12,800 [Thread-863] INFO  impl.RoleInfo (RoleInfo.java:updateAndGet(143)) - bb175ec5-5e98-4251-9728-8e1e745e4fa1: start LeaderElection
2019-10-28 11:35:12,814 [bb175ec5-5e98-4251-9728-8e1e745e4fa1@group-2BBC40871E24-LeaderElection48] INFO  impl.LeaderElection (LeaderElection.java:askForVotes(178)) - bb175ec5-5e98-4251-9728-8e1e745e4fa1@group-2BBC40871E24-LeaderElection48: begin an election at term 42 for 0: [a4a68fdc-9c21-417a-8215-14845568ad90:192.168.164.193:36183, 5aa0106d-b151-48db-b175-21e2bb54d20a:192.168.164.193:45972, bb175ec5-5e98-4251-9728-8e1e745e4fa1:192.168.164.193:34373], old=null
2019-10-28 11:35:12,817 [grpc-default-executor-2] INFO  impl.RaftServerImpl (RaftServerImpl.java:setRole(184)) - a4a68fdc-9c21-417a-8215-14845568ad90@group-2BBC40871E24: changes role from  FOLLOWER to FOLLOWER at term 42 for recognizeCandidate:bb175ec5-5e98-4251-9728-8e1e745e4fa1
2019-10-28 11:35:12,817 [grpc-default-executor-1] INFO  impl.RaftServerImpl (RaftServerImpl.java:setRole(184)) - 5aa0106d-b151-48db-b175-21e2bb54d20a@group-2BBC40871E24: changes role from  FOLLOWER to FOLLOWER at term 42 for recognizeCandidate:bb175ec5-5e98-4251-9728-8e1e745e4fa1
2019-10-28 11:35:12,817 [grpc-default-executor-2] INFO  impl.RoleInfo (RoleInfo.java:shutdownFollowerState(121)) - a4a68fdc-9c21-417a-8215-14845568ad90: shutdown FollowerState
2019-10-28 11:35:12,818 [grpc-default-executor-1] INFO  impl.RoleInfo (RoleInfo.java:shutdownFollowerState(121)) - 5aa0106d-b151-48db-b175-21e2bb54d20a: shutdown FollowerState
2019-10-28 11:35:12,818 [grpc-default-executor-2] INFO  impl.RoleInfo (RoleInfo.java:updateAndGet(143)) - a4a68fdc-9c21-417a-8215-14845568ad90: start FollowerState
2019-10-28 11:35:12,818 [Thread-861] INFO  impl.FollowerState (FollowerState.java:run(117)) - 5aa0106d-b151-48db-b175-21e2bb54d20a@group-2BBC40871E24-FollowerState was interrupted: java.lang.InterruptedException: sleep interrupted
2019-10-28 11:35:12,818 [grpc-default-executor-1] INFO  impl.RoleInfo (RoleInfo.java:updateAndGet(143)) - 5aa0106d-b151-48db-b175-21e2bb54d20a: start FollowerState
2019-10-28 11:35:12,818 [Thread-862] INFO  impl.FollowerState (FollowerState.java:run(117)) - a4a68fdc-9c21-417a-8215-14845568ad90@group-2BBC40871E24-FollowerState was interrupted: java.lang.InterruptedException: sleep interrupted
2019-10-28 11:35:12,833 [bb175ec5-5e98-4251-9728-8e1e745e4fa1@group-2BBC40871E24-LeaderElection48] INFO  impl.LeaderElection (LeaderElection.java:logAndReturn(56)) - bb175ec5-5e98-4251-9728-8e1e745e4fa1@group-2BBC40871E24-LeaderElection48: Election REJECTED; received 2 response(s) [bb175ec5-5e98-4251-9728-8e1e745e4fa1<-a4a68fdc-9c21-417a-8215-14845568ad90#0:FAIL-t42, bb175ec5-5e98-4251-9728-8e1e745e4fa1<-5aa0106d-b151-48db-b175-21e2bb54d20a#0:FAIL-t42] and 0 exception(s); bb175ec5-5e98-4251-9728-8e1e745e4fa1@group-2BBC40871E24:t42, leader=null, voted=bb175ec5-5e98-4251-9728-8e1e745e4fa1, raftlog=bb175ec5-5e98-4251-9728-8e1e745e4fa1@group-2BBC40871E24-SegmentedRaftLog:OPENED:c3,f4,i4, conf=0: [a4a68fdc-9c21-417a-8215-14845568ad90:192.168.164.193:36183, 5aa0106d-b151-48db-b175-21e2bb54d20a:192.168.164.193:45972, bb175ec5-5e98-4251-9728-8e1e745e4fa1:192.168.164.193:34373], old=null
2019-10-28 11:35:12,833 [bb175ec5-5e98-4251-9728-8e1e745e4fa1@group-2BBC40871E24-LeaderElection48] INFO  impl.RaftServerImpl (RaftServerImpl.java:setRole(184)) - bb175ec5-5e98-4251-9728-8e1e745e4fa1@group-2BBC40871E24: changes role from CANDIDATE to FOLLOWER at term 42 for DISCOVERED_A_NEW_TERM
2019-10-28 11:35:12,834 [bb175ec5-5e98-4251-9728-8e1e745e4fa1@group-2BBC40871E24-LeaderElection48] INFO  impl.RoleInfo (RoleInfo.java:shutdownLeaderElection(134)) - bb175ec5-5e98-4251-9728-8e1e745e4fa1: shutdown LeaderElection
2019-10-28 11:35:12,834 [bb175ec5-5e98-4251-9728-8e1e745e4fa1@group-2BBC40871E24-LeaderElection48] INFO  impl.RoleInfo (RoleInfo.java:updateAndGet(143)) - bb175ec5-5e98-4251-9728-8e1e745e4fa1: start FollowerState
2019-10-28 11:35:12,853 [Command processor thread] INFO  commandhandler.DeleteBlocksCommandHandler (DeleteBlocksCommandHandler.java:handle(106)) - Start to delete container blocks, TXIDs=[1(0)], numOfContainers=1, numOfBlocks=1
2019-10-28 11:35:12,854 [Command processor thread] INFO  commandhandler.DeleteBlocksCommandHandler (DeleteBlocksCommandHandler.java:handle(106)) - Start to delete container blocks, TXIDs=[1(2)], numOfContainers=1, numOfBlocks=1
2019-10-28 11:35:12,854 [Command processor thread] INFO  commandhandler.DeleteBlocksCommandHandler (DeleteBlocksCommandHandler.java:handle(106)) - Start to delete container blocks, TXIDs=[1(0)], numOfContainers=1, numOfBlocks=1
2019-10-28 11:35:12,854 [Command processor thread] INFO  commandhandler.DeleteBlocksCommandHandler (DeleteBlocksCommandHandler.java:handle(106)) - Start to delete container blocks, TXIDs=[1(2)], numOfContainers=1, numOfBlocks=1
2019-10-28 11:35:12,855 [Command processor thread] INFO  commandhandler.DeleteBlocksCommandHandler (DeleteBlocksCommandHandler.java:handle(106)) - Start to delete container blocks, TXIDs=[1(4)], numOfContainers=1, numOfBlocks=1
2019-10-28 11:35:12,855 [Command processor thread] INFO  commandhandler.DeleteBlocksCommandHandler (DeleteBlocksCommandHandler.java:handle(106)) - Start to delete container blocks, TXIDs=[1(0)], numOfContainers=1, numOfBlocks=1
2019-10-28 11:35:12,855 [Command processor thread] INFO  commandhandler.DeleteBlocksCommandHandler (DeleteBlocksCommandHandler.java:handle(106)) - Start to delete container blocks, TXIDs=[1(5)], numOfContainers=1, numOfBlocks=1
2019-10-28 11:35:12,855 [Command processor thread] INFO  commandhandler.DeleteBlocksCommandHandler (DeleteBlocksCommandHandler.java:handle(106)) - Start to delete container blocks, TXIDs=[1(0)], numOfContainers=1, numOfBlocks=1
2019-10-28 11:35:12,856 [Command processor thread] INFO  commandhandler.DeleteBlocksCommandHandler (DeleteBlocksCommandHandler.java:handle(106)) - Start to delete container blocks, TXIDs=[1(2)], numOfContainers=1, numOfBlocks=1
2019-10-28 11:35:12,856 [Command processor thread] INFO  commandhandler.DeleteBlocksCommandHandler (DeleteBlocksCommandHandler.java:handle(106)) - Start to delete container blocks, TXIDs=[1(4)], numOfContainers=1, numOfBlocks=1
2019-10-28 11:35:12,856 [Command processor thread] INFO  commandhandler.DeleteBlocksCommandHandler (DeleteBlocksCommandHandler.java:handle(106)) - Start to delete container blocks, TXIDs=[1(5)], numOfContainers=1, numOfBlocks=1
2019-10-28 11:35:12,856 [Command processor thread] INFO  commandhandler.DeleteBlocksCommandHandler (DeleteBlocksCommandHandler.java:handle(106)) - Start to delete container blocks, TXIDs=[1(6)], numOfContainers=1, numOfBlocks=1
2019-10-28 11:35:12,857 [Command processor thread] INFO  commandhandler.DeleteBlocksCommandHandler (DeleteBlocksCommandHandler.java:handle(106)) - Start to delete container blocks, TXIDs=[1(0)], numOfContainers=1, numOfBlocks=1
2019-10-28 11:35:12,857 [Command processor thread] INFO  commandhandler.DeleteBlocksCommandHandler (DeleteBlocksCommandHandler.java:handle(106)) - Start to delete container blocks, TXIDs=[1(2)], numOfContainers=1, numOfBlocks=1
2019-10-28 11:35:12,857 [Command processor thread] INFO  commandhandler.DeleteBlocksCommandHandler (DeleteBlocksCommandHandler.java:handle(106)) - Start to delete container blocks, TXIDs=[1(4)], numOfContainers=1, numOfBlocks=1
2019-10-28 11:35:12,857 [Command processor thread] INFO  commandhandler.DeleteBlocksCommandHandler (DeleteBlocksCommandHandler.java:handle(106)) - Start to delete container blocks, TXIDs=[1(6)], numOfContainers=1, numOfBlocks=1
2019-10-28 11:35:12,858 [Command processor thread] INFO  commandhandler.DeleteBlocksCommandHandler (DeleteBlocksCommandHandler.java:handle(106)) - Start to delete container blocks, TXIDs=[1(7)], numOfContainers=1, numOfBlocks=1
2019-10-28 11:35:12,858 [Command processor thread] INFO  commandhandler.DeleteBlocksCommandHandler (DeleteBlocksCommandHandler.java:handle(106)) - Start to delete container blocks, TXIDs=[1(0)], numOfContainers=1, numOfBlocks=1
2019-10-28 11:35:12,858 [Command processor thread] INFO  commandhandler.DeleteBlocksCommandHandler (DeleteBlocksCommandHandler.java:handle(106)) - Start to delete container blocks, TXIDs=[1(2)], numOfContainers=1, numOfBlocks=1
2019-10-28 11:35:12,858 [Command processor thread] INFO  commandhandler.DeleteBlocksCommandHandler (DeleteBlocksCommandHandler.java:handle(106)) - Start to delete container blocks, TXIDs=[1(4)], numOfContainers=1, numOfBlocks=1
2019-10-28 11:35:12,859 [Command processor thread] INFO  commandhandler.DeleteBlocksCommandHandler (DeleteBlocksCommandHandler.java:handle(106)) - Start to delete container blocks, TXIDs=[1(5)], numOfContainers=1, numOfBlocks=1
2019-10-28 11:35:12,859 [Command processor thread] INFO  commandhandler.DeleteBlocksCommandHandler (DeleteBlocksCommandHandler.java:handle(106)) - Start to delete container blocks, TXIDs=[1(6)], numOfContainers=1, numOfBlocks=1
2019-10-28 11:35:12,859 [Command processor thread] INFO  commandhandler.DeleteBlocksCommandHandler (DeleteBlocksCommandHandler.java:handle(106)) - Start to delete container blocks, TXIDs=[1(7)], numOfContainers=1, numOfBlocks=1
2019-10-28 11:35:12,859 [Command processor thread] INFO  commandhandler.DeleteBlocksCommandHandler (DeleteBlocksCommandHandler.java:handle(106)) - Start to delete container blocks, TXIDs=[1(5)], numOfContainers=1, numOfBlocks=1
2019-10-28 11:35:12,860 [Command processor thread] INFO  commandhandler.DeleteBlocksCommandHandler (DeleteBlocksCommandHandler.java:handle(106)) - Start to delete container blocks, TXIDs=[1(7)], numOfContainers=1, numOfBlocks=1
2019-10-28 11:35:12,860 [Command processor thread] INFO  commandhandler.DeleteBlocksCommandHandler (DeleteBlocksCommandHandler.java:handle(106)) - Start to delete container blocks, TXIDs=[1(0)], numOfContainers=1, numOfBlocks=1
2019-10-28 11:35:12,860 [Command processor thread] INFO  commandhandler.DeleteBlocksCommandHandler (DeleteBlocksCommandHandler.java:handle(106)) - Start to delete container blocks, TXIDs=[1(2)], numOfContainers=1, numOfBlocks=1
2019-10-28 11:35:12,860 [Command processor thread] INFO  commandhandler.DeleteBlocksCommandHandler (DeleteBlocksCommandHandler.java:handle(106)) - Start to delete container blocks, TXIDs=[1(4)], numOfContainers=1, numOfBlocks=1
2019-10-28 11:35:12,861 [Command processor thread] INFO  commandhandler.DeleteBlocksCommandHandler (DeleteBlocksCommandHandler.java:handle(106)) - Start to delete container blocks, TXIDs=[1(6)], numOfContainers=1, numOfBlocks=1
2019-10-28 11:35:12,861 [Command processor thread] INFO  commandhandler.DeleteBlocksCommandHandler (DeleteBlocksCommandHandler.java:handle(106)) - Start to delete container blocks, TXIDs=[1(7)], numOfContainers=1, numOfBlocks=1
2019-10-28 11:35:12,861 [Command processor thread] INFO  commandhandler.DeleteBlocksCommandHandler (DeleteBlocksCommandHandler.java:handle(106)) - Start to delete container blocks, TXIDs=[1(5)], numOfContainers=1, numOfBlocks=1
2019-10-28 11:35:12,861 [Command processor thread] INFO  commandhandler.DeleteBlocksCommandHandler (DeleteBlocksCommandHandler.java:handle(106)) - Start to delete container blocks, TXIDs=[1(0)], numOfContainers=1, numOfBlocks=1
2019-10-28 11:35:12,862 [Command processor thread] INFO  commandhandler.DeleteBlocksCommandHandler (DeleteBlocksCommandHandler.java:handle(106)) - Start to delete container blocks, TXIDs=[1(7)], numOfContainers=1, numOfBlocks=1
2019-10-28 11:35:12,862 [Command processor thread] INFO  commandhandler.DeleteBlocksCommandHandler (DeleteBlocksCommandHandler.java:handle(106)) - Start to delete container blocks, TXIDs=[1(2)], numOfContainers=1, numOfBlocks=1
2019-10-28 11:35:12,862 [Command processor thread] INFO  commandhandler.DeleteBlocksCommandHandler (DeleteBlocksCommandHandler.java:handle(106)) - Start to delete container blocks, TXIDs=[1(4)], numOfContainers=1, numOfBlocks=1
2019-10-28 11:35:12,862 [Command processor thread] INFO  commandhandler.DeleteBlocksCommandHandler (DeleteBlocksCommandHandler.java:handle(106)) - Start to delete container blocks, TXIDs=[1(7)], numOfContainers=1, numOfBlocks=1
2019-10-28 11:35:12,862 [Command processor thread] INFO  commandhandler.DeleteBlocksCommandHandler (DeleteBlocksCommandHandler.java:handle(106)) - Start to delete container blocks, TXIDs=[1(6)], numOfContainers=1, numOfBlocks=1
2019-10-28 11:35:12,863 [Command processor thread] INFO  commandhandler.DeleteBlocksCommandHandler (DeleteBlocksCommandHandler.java:handle(106)) - Start to delete container blocks, TXIDs=[1(0)], numOfContainers=1, numOfBlocks=1
2019-10-28 11:35:12,863 [Command processor thread] INFO  commandhandler.DeleteBlocksCommandHandler (DeleteBlocksCommandHandler.java:handle(106)) - Start to delete container blocks, TXIDs=[1(7)], numOfContainers=1, numOfBlocks=1
2019-10-28 11:35:12,863 [Command processor thread] INFO  commandhandler.DeleteBlocksCommandHandler (DeleteBlocksCommandHandler.java:handle(106)) - Start to delete container blocks, TXIDs=[1(43)], numOfContainers=1, numOfBlocks=1
2019-10-28 11:35:12,863 [Command processor thread] INFO  commandhandler.DeleteBlocksCommandHandler (DeleteBlocksCommandHandler.java:handle(106)) - Start to delete container blocks, TXIDs=[1(5)], numOfContainers=1, numOfBlocks=1
2019-10-28 11:35:12,864 [Command processor thread] INFO  commandhandler.DeleteBlocksCommandHandler (DeleteBlocksCommandHandler.java:handle(106)) - Start to delete container blocks, TXIDs=[1(7)], numOfContainers=1, numOfBlocks=1
2019-10-28 11:35:12,864 [Command processor thread] INFO  commandhandler.DeleteBlocksCommandHandler (DeleteBlocksCommandHandler.java:handle(106)) - Start to delete container blocks, TXIDs=[1(2)], numOfContainers=1, numOfBlocks=1
2019-10-28 11:35:12,864 [Command processor thread] INFO  commandhandler.DeleteBlocksCommandHandler (DeleteBlocksCommandHandler.java:handle(106)) - Start to delete container blocks, TXIDs=[1(7)], numOfContainers=1, numOfBlocks=1
2019-10-28 11:35:12,864 [Command processor thread] INFO  commandhandler.DeleteBlocksCommandHandler (DeleteBlocksCommandHandler.java:handle(106)) - Start to delete container blocks, TXIDs=[1(4)], numOfContainers=1, numOfBlocks=1
2019-10-28 11:35:12,956 [EventQueue-DeleteBlockStatusForDeletedBlockLogImpl] WARN  block.DeletedBlockLogImpl (DeletedBlockLogImpl.java:commitTransactions(205)) - Transaction txId=1 commit by dnId=bb175ec5-5e98-4251-9728-8e1e745e4fa1 for containerID=#1 failed. Corresponding entry not found.
2019-10-28 11:35:12,956 [EventQueue-DeleteBlockStatusForDeletedBlockLogImpl] WARN  block.DeletedBlockLogImpl (DeletedBlockLogImpl.java:commitTransactions(205)) - Transaction txId=1 commit by dnId=bb175ec5-5e98-4251-9728-8e1e745e4fa1 for containerID=#1 failed. Corresponding entry not found.
2019-10-28 11:35:12,956 [EventQueue-DeleteBlockStatusForDeletedBlockLogImpl] WARN  block.DeletedBlockLogImpl (DeletedBlockLogImpl.java:commitTransactions(205)) - Transaction txId=1 commit by dnId=bb175ec5-5e98-4251-9728-8e1e745e4fa1 for containerID=#1 failed. Corresponding entry not found.
2019-10-28 11:35:12,957 [EventQueue-DeleteBlockStatusForDeletedBlockLogImpl] WARN  block.DeletedBlockLogImpl (DeletedBlockLogImpl.java:commitTransactions(205)) - Transaction txId=1 commit by dnId=bb175ec5-5e98-4251-9728-8e1e745e4fa1 for containerID=#1 failed. Corresponding entry not found.
2019-10-28 11:35:12,957 [EventQueue-DeleteBlockStatusForDeletedBlockLogImpl] WARN  block.DeletedBlockLogImpl (DeletedBlockLogImpl.java:commitTransactions(205)) - Transaction txId=1 commit by dnId=bb175ec5-5e98-4251-9728-8e1e745e4fa1 for containerID=#1 failed. Corresponding entry not found.
2019-10-28 11:35:12,957 [EventQueue-DeleteBlockStatusForDeletedBlockLogImpl] WARN  block.DeletedBlockLogImpl (DeletedBlockLogImpl.java:commitTransactions(205)) - Transaction txId=1 commit by dnId=bb175ec5-5e98-4251-9728-8e1e745e4fa1 for containerID=#1 failed. Corresponding entry not found.
2019-10-28 11:35:12,957 [EventQueue-DeleteBlockStatusForDeletedBlockLogImpl] WARN  block.DeletedBlockLogImpl (DeletedBlockLogImpl.java:commitTransactions(205)) - Transaction txId=1 commit by dnId=bb175ec5-5e98-4251-9728-8e1e745e4fa1 for containerID=#1 failed. Corresponding entry not found.
2019-10-28 11:35:12,957 [EventQueue-DeleteBlockStatusForDeletedBlockLogImpl] WARN  block.DeletedBlockLogImpl (DeletedBlockLogImpl.java:commitTransactions(205)) - Transaction txId=1 commit by dnId=bb175ec5-5e98-4251-9728-8e1e745e4fa1 for containerID=#1 failed. Corresponding entry not found.
2019-10-28 11:35:12,999 [Thread-871] INFO  impl.FollowerState (FollowerState.java:run(108)) - bb175ec5-5e98-4251-9728-8e1e745e4fa1@group-2BBC40871E24-FollowerState: change to CANDIDATE, lastRpcTime:165ms, electionTimeout:165ms
2019-10-28 11:35:13,000 [Thread-871] INFO  impl.RoleInfo (RoleInfo.java:shutdownFollowerState(121)) - bb175ec5-5e98-4251-9728-8e1e745e4fa1: shutdown FollowerState
2019-10-28 11:35:13,000 [Thread-871] INFO  impl.RaftServerImpl (RaftServerImpl.java:setRole(184)) - bb175ec5-5e98-4251-9728-8e1e745e4fa1@group-2BBC40871E24: changes role from  FOLLOWER to CANDIDATE at term 42 for changeToCandidate
2019-10-28 11:35:13,000 [Thread-871] INFO  impl.RoleInfo (RoleInfo.java:updateAndGet(143)) - bb175ec5-5e98-4251-9728-8e1e745e4fa1: start LeaderElection
2019-10-28 11:35:13,014 [bb175ec5-5e98-4251-9728-8e1e745e4fa1@group-2BBC40871E24-LeaderElection49] INFO  impl.LeaderElection (LeaderElection.java:askForVotes(178)) - bb175ec5-5e98-4251-9728-8e1e745e4fa1@group-2BBC40871E24-LeaderElection49: begin an election at term 43 for 0: [a4a68fdc-9c21-417a-8215-14845568ad90:192.168.164.193:36183, 5aa0106d-b151-48db-b175-21e2bb54d20a:192.168.164.193:45972, bb175ec5-5e98-4251-9728-8e1e745e4fa1:192.168.164.193:34373], old=null
2019-10-28 11:35:13,017 [grpc-default-executor-1] INFO  impl.RaftServerImpl (RaftServerImpl.java:setRole(184)) - 5aa0106d-b151-48db-b175-21e2bb54d20a@group-2BBC40871E24: changes role from  FOLLOWER to FOLLOWER at term 43 for recognizeCandidate:bb175ec5-5e98-4251-9728-8e1e745e4fa1
2019-10-28 11:35:13,017 [grpc-default-executor-2] INFO  impl.RaftServerImpl (RaftServerImpl.java:setRole(184)) - a4a68fdc-9c21-417a-8215-14845568ad90@group-2BBC40871E24: changes role from  FOLLOWER to FOLLOWER at term 43 for recognizeCandidate:bb175ec5-5e98-4251-9728-8e1e745e4fa1
2019-10-28 11:35:13,017 [grpc-default-executor-1] INFO  impl.RoleInfo (RoleInfo.java:shutdownFollowerState(121)) - 5aa0106d-b151-48db-b175-21e2bb54d20a: shutdown FollowerState
2019-10-28 11:35:13,017 [grpc-default-executor-2] INFO  impl.RoleInfo (RoleInfo.java:shutdownFollowerState(121)) - a4a68fdc-9c21-417a-8215-14845568ad90: shutdown FollowerState
2019-10-28 11:35:13,018 [Thread-870] INFO  impl.FollowerState (FollowerState.java:run(117)) - 5aa0106d-b151-48db-b175-21e2bb54d20a@group-2BBC40871E24-FollowerState was interrupted: java.lang.InterruptedException: sleep interrupted
2019-10-28 11:35:13,018 [Thread-869] INFO  impl.FollowerState (FollowerState.java:run(117)) - a4a68fdc-9c21-417a-8215-14845568ad90@group-2BBC40871E24-FollowerState was interrupted: java.lang.InterruptedException: sleep interrupted
2019-10-28 11:35:13,018 [grpc-default-executor-2] INFO  impl.RoleInfo (RoleInfo.java:updateAndGet(143)) - a4a68fdc-9c21-417a-8215-14845568ad90: start FollowerState
2019-10-28 11:35:13,018 [grpc-default-executor-1] INFO  impl.RoleInfo (RoleInfo.java:updateAndGet(143)) - 5aa0106d-b151-48db-b175-21e2bb54d20a: start FollowerState
2019-10-28 11:35:13,034 [bb175ec5-5e98-4251-9728-8e1e745e4fa1@group-2BBC40871E24-LeaderElection49] INFO  impl.LeaderElection (LeaderElection.java:logAndReturn(56)) - bb175ec5-5e98-4251-9728-8e1e745e4fa1@group-2BBC40871E24-LeaderElection49: Election REJECTED; received 2 response(s) [bb175ec5-5e98-4251-9728-8e1e745e4fa1<-a4a68fdc-9c21-417a-8215-14845568ad90#0:FAIL-t43, bb175ec5-5e98-4251-9728-8e1e745e4fa1<-5aa0106d-b151-48db-b175-21e2bb54d20a#0:FAIL-t43] and 0 exception(s); bb175ec5-5e98-4251-9728-8e1e745e4fa1@group-2BBC40871E24:t43, leader=null, voted=bb175ec5-5e98-4251-9728-8e1e745e4fa1, raftlog=bb175ec5-5e98-4251-9728-8e1e745e4fa1@group-2BBC40871E24-SegmentedRaftLog:OPENED:c3,f4,i4, conf=0: [a4a68fdc-9c21-417a-8215-14845568ad90:192.168.164.193:36183, 5aa0106d-b151-48db-b175-21e2bb54d20a:192.168.164.193:45972, bb175ec5-5e98-4251-9728-8e1e745e4fa1:192.168.164.193:34373], old=null
2019-10-28 11:35:13,034 [bb175ec5-5e98-4251-9728-8e1e745e4fa1@group-2BBC40871E24-LeaderElection49] INFO  impl.RaftServerImpl (RaftServerImpl.java:setRole(184)) - bb175ec5-5e98-4251-9728-8e1e745e4fa1@group-2BBC40871E24: changes role from CANDIDATE to FOLLOWER at term 43 for DISCOVERED_A_NEW_TERM
2019-10-28 11:35:13,034 [bb175ec5-5e98-4251-9728-8e1e745e4fa1@group-2BBC40871E24-LeaderElection49] INFO  impl.RoleInfo (RoleInfo.java:shutdownLeaderElection(134)) - bb175ec5-5e98-4251-9728-8e1e745e4fa1: shutdown LeaderElection
2019-10-28 11:35:13,034 [bb175ec5-5e98-4251-9728-8e1e745e4fa1@group-2BBC40871E24-LeaderElection49] INFO  impl.RoleInfo (RoleInfo.java:updateAndGet(143)) - bb175ec5-5e98-4251-9728-8e1e745e4fa1: start FollowerState
2019-10-28 11:35:13,050 [Thread-878] INFO  impl.FollowerState (FollowerState.java:run(108)) - bb175ec5-5e98-4251-9728-8e1e745e4fa1@group-2BBC40871E24-FollowerState: change to CANDIDATE, lastRpcTime:15ms, electionTimeout:15ms
2019-10-28 11:35:13,050 [Thread-878] INFO  impl.RoleInfo (RoleInfo.java:shutdownFollowerState(121)) - bb175ec5-5e98-4251-9728-8e1e745e4fa1: shutdown FollowerState
2019-10-28 11:35:13,051 [Thread-878] INFO  impl.RaftServerImpl (RaftServerImpl.java:setRole(184)) - bb175ec5-5e98-4251-9728-8e1e745e4fa1@group-2BBC40871E24: changes role from  FOLLOWER to CANDIDATE at term 43 for changeToCandidate
2019-10-28 11:35:13,051 [Thread-878] INFO  impl.RoleInfo (RoleInfo.java:updateAndGet(143)) - bb175ec5-5e98-4251-9728-8e1e745e4fa1: start LeaderElection
2019-10-28 11:35:13,074 [bb175ec5-5e98-4251-9728-8e1e745e4fa1@group-2BBC40871E24-LeaderElection50] INFO  impl.LeaderElection (LeaderElection.java:askForVotes(178)) - bb175ec5-5e98-4251-9728-8e1e745e4fa1@group-2BBC40871E24-LeaderElection50: begin an election at term 44 for 0: [a4a68fdc-9c21-417a-8215-14845568ad90:192.168.164.193:36183, 5aa0106d-b151-48db-b175-21e2bb54d20a:192.168.164.193:45972, bb175ec5-5e98-4251-9728-8e1e745e4fa1:192.168.164.193:34373], old=null
2019-10-28 11:35:13,077 [grpc-default-executor-2] INFO  impl.RaftServerImpl (RaftServerImpl.java:setRole(184)) - a4a68fdc-9c21-417a-8215-14845568ad90@group-2BBC40871E24: changes role from  FOLLOWER to FOLLOWER at term 44 for recognizeCandidate:bb175ec5-5e98-4251-9728-8e1e745e4fa1
2019-10-28 11:35:13,077 [grpc-default-executor-0] INFO  impl.RaftServerImpl (RaftServerImpl.java:setRole(184)) - 5aa0106d-b151-48db-b175-21e2bb54d20a@group-2BBC40871E24: changes role from  FOLLOWER to FOLLOWER at term 44 for recognizeCandidate:bb175ec5-5e98-4251-9728-8e1e745e4fa1
2019-10-28 11:35:13,077 [grpc-default-executor-2] INFO  impl.RoleInfo (RoleInfo.java:shutdownFollowerState(121)) - a4a68fdc-9c21-417a-8215-14845568ad90: shutdown FollowerState
2019-10-28 11:35:13,077 [grpc-default-executor-0] INFO  impl.RoleInfo (RoleInfo.java:shutdownFollowerState(121)) - 5aa0106d-b151-48db-b175-21e2bb54d20a: shutdown FollowerState
2019-10-28 11:35:13,078 [Thread-883] INFO  client.GrpcClientProtocolService (GrpcClientProtocolService.java:lambda$processClientRequest$0(278)) - Failed RaftClientRequest:client-8D88133FDDEB->bb175ec5-5e98-4251-9728-8e1e745e4fa1@group-2BBC40871E24, cid=10, seq=0, Watch-ALL_COMMITTED(6), Message:<EMPTY>, reply=RaftClientReply:client-8D88133FDDEB->bb175ec5-5e98-4251-9728-8e1e745e4fa1@group-2BBC40871E24, cid=10, FAILED org.apache.ratis.protocol.NotLeaderException: Server bb175ec5-5e98-4251-9728-8e1e745e4fa1@group-2BBC40871E24 is not the leader, logIndex=0, commits[bb175ec5-5e98-4251-9728-8e1e745e4fa1:c3]
2019-10-28 11:35:13,078 [grpc-default-executor-2] INFO  impl.RoleInfo (RoleInfo.java:updateAndGet(143)) - a4a68fdc-9c21-417a-8215-14845568ad90: start FollowerState
2019-10-28 11:35:13,078 [Thread-877] INFO  impl.FollowerState (FollowerState.java:run(117)) - a4a68fdc-9c21-417a-8215-14845568ad90@group-2BBC40871E24-FollowerState was interrupted: java.lang.InterruptedException: sleep interrupted
2019-10-28 11:35:13,078 [Thread-876] INFO  impl.FollowerState (FollowerState.java:run(117)) - 5aa0106d-b151-48db-b175-21e2bb54d20a@group-2BBC40871E24-FollowerState was interrupted: java.lang.InterruptedException: sleep interrupted
2019-10-28 11:35:13,078 [grpc-default-executor-0] INFO  impl.RoleInfo (RoleInfo.java:updateAndGet(143)) - 5aa0106d-b151-48db-b175-21e2bb54d20a: start FollowerState
2019-10-28 11:35:13,086 [bb175ec5-5e98-4251-9728-8e1e745e4fa1@group-2BBC40871E24-LeaderElection50] INFO  impl.LeaderElection (LeaderElection.java:logAndReturn(56)) - bb175ec5-5e98-4251-9728-8e1e745e4fa1@group-2BBC40871E24-LeaderElection50: Election TIMEOUT; received 0 response(s) [] and 0 exception(s); bb175ec5-5e98-4251-9728-8e1e745e4fa1@group-2BBC40871E24:t44, leader=null, voted=bb175ec5-5e98-4251-9728-8e1e745e4fa1, raftlog=bb175ec5-5e98-4251-9728-8e1e745e4fa1@group-2BBC40871E24-SegmentedRaftLog:OPENED:c3,f4,i4, conf=0: [a4a68fdc-9c21-417a-8215-14845568ad90:192.168.164.193:36183, 5aa0106d-b151-48db-b175-21e2bb54d20a:192.168.164.193:45972, bb175ec5-5e98-4251-9728-8e1e745e4fa1:192.168.164.193:34373], old=null
2019-10-28 11:35:13,093 [bb175ec5-5e98-4251-9728-8e1e745e4fa1@group-2BBC40871E24-LeaderElection50] INFO  impl.LeaderElection (LeaderElection.java:askForVotes(178)) - bb175ec5-5e98-4251-9728-8e1e745e4fa1@group-2BBC40871E24-LeaderElection50: begin an election at term 45 for 0: [a4a68fdc-9c21-417a-8215-14845568ad90:192.168.164.193:36183, 5aa0106d-b151-48db-b175-21e2bb54d20a:192.168.164.193:45972, bb175ec5-5e98-4251-9728-8e1e745e4fa1:192.168.164.193:34373], old=null
2019-10-28 11:35:13,095 [grpc-default-executor-0] INFO  impl.RaftServerImpl (RaftServerImpl.java:setRole(184)) - 5aa0106d-b151-48db-b175-21e2bb54d20a@group-2BBC40871E24: changes role from  FOLLOWER to FOLLOWER at term 45 for recognizeCandidate:bb175ec5-5e98-4251-9728-8e1e745e4fa1
2019-10-28 11:35:13,095 [grpc-default-executor-0] INFO  impl.RoleInfo (RoleInfo.java:shutdownFollowerState(121)) - 5aa0106d-b151-48db-b175-21e2bb54d20a: shutdown FollowerState
2019-10-28 11:35:13,095 [grpc-default-executor-2] INFO  impl.RaftServerImpl (RaftServerImpl.java:setRole(184)) - a4a68fdc-9c21-417a-8215-14845568ad90@group-2BBC40871E24: changes role from  FOLLOWER to FOLLOWER at term 45 for recognizeCandidate:bb175ec5-5e98-4251-9728-8e1e745e4fa1
2019-10-28 11:35:13,096 [Thread-885] INFO  impl.FollowerState (FollowerState.java:run(117)) - 5aa0106d-b151-48db-b175-21e2bb54d20a@group-2BBC40871E24-FollowerState was interrupted: java.lang.InterruptedException: sleep interrupted
2019-10-28 11:35:13,095 [grpc-default-executor-0] INFO  impl.RoleInfo (RoleInfo.java:updateAndGet(143)) - 5aa0106d-b151-48db-b175-21e2bb54d20a: start FollowerState
2019-10-28 11:35:13,096 [grpc-default-executor-2] INFO  impl.RoleInfo (RoleInfo.java:shutdownFollowerState(121)) - a4a68fdc-9c21-417a-8215-14845568ad90: shutdown FollowerState
2019-10-28 11:35:13,096 [grpc-default-executor-2] INFO  impl.RoleInfo (RoleInfo.java:updateAndGet(143)) - a4a68fdc-9c21-417a-8215-14845568ad90: start FollowerState
2019-10-28 11:35:13,096 [Thread-884] INFO  impl.FollowerState (FollowerState.java:run(117)) - a4a68fdc-9c21-417a-8215-14845568ad90@group-2BBC40871E24-FollowerState was interrupted: java.lang.InterruptedException: sleep interrupted
2019-10-28 11:35:13,116 [bb175ec5-5e98-4251-9728-8e1e745e4fa1@group-2BBC40871E24-LeaderElection50] INFO  impl.LeaderElection (LeaderElection.java:logAndReturn(56)) - bb175ec5-5e98-4251-9728-8e1e745e4fa1@group-2BBC40871E24-LeaderElection50: Election REJECTED; received 2 response(s) [bb175ec5-5e98-4251-9728-8e1e745e4fa1<-a4a68fdc-9c21-417a-8215-14845568ad90#0:FAIL-t45, bb175ec5-5e98-4251-9728-8e1e745e4fa1<-5aa0106d-b151-48db-b175-21e2bb54d20a#0:FAIL-t45] and 0 exception(s); bb175ec5-5e98-4251-9728-8e1e745e4fa1@group-2BBC40871E24:t45, leader=null, voted=bb175ec5-5e98-4251-9728-8e1e745e4fa1, raftlog=bb175ec5-5e98-4251-9728-8e1e745e4fa1@group-2BBC40871E24-SegmentedRaftLog:OPENED:c3,f4,i4, conf=0: [a4a68fdc-9c21-417a-8215-14845568ad90:192.168.164.193:36183, 5aa0106d-b151-48db-b175-21e2bb54d20a:192.168.164.193:45972, bb175ec5-5e98-4251-9728-8e1e745e4fa1:192.168.164.193:34373], old=null
2019-10-28 11:35:13,116 [bb175ec5-5e98-4251-9728-8e1e745e4fa1@group-2BBC40871E24-LeaderElection50] INFO  impl.RaftServerImpl (RaftServerImpl.java:setRole(184)) - bb175ec5-5e98-4251-9728-8e1e745e4fa1@group-2BBC40871E24: changes role from CANDIDATE to FOLLOWER at term 45 for DISCOVERED_A_NEW_TERM
2019-10-28 11:35:13,117 [bb175ec5-5e98-4251-9728-8e1e745e4fa1@group-2BBC40871E24-LeaderElection50] INFO  impl.RoleInfo (RoleInfo.java:shutdownLeaderElection(134)) - bb175ec5-5e98-4251-9728-8e1e745e4fa1: shutdown LeaderElection
2019-10-28 11:35:13,117 [bb175ec5-5e98-4251-9728-8e1e745e4fa1@group-2BBC40871E24-LeaderElection50] INFO  impl.RoleInfo (RoleInfo.java:updateAndGet(143)) - bb175ec5-5e98-4251-9728-8e1e745e4fa1: start FollowerState
2019-10-28 11:35:13,250 [Thread-891] INFO  impl.FollowerState (FollowerState.java:run(108)) - bb175ec5-5e98-4251-9728-8e1e745e4fa1@group-2BBC40871E24-FollowerState: change to CANDIDATE, lastRpcTime:132ms, electionTimeout:132ms
2019-10-28 11:35:13,250 [Thread-891] INFO  impl.RoleInfo (RoleInfo.java:shutdownFollowerState(121)) - bb175ec5-5e98-4251-9728-8e1e745e4fa1: shutdown FollowerState
2019-10-28 11:35:13,250 [Thread-891] INFO  impl.RaftServerImpl (RaftServerImpl.java:setRole(184)) - bb175ec5-5e98-4251-9728-8e1e745e4fa1@group-2BBC40871E24: changes role from  FOLLOWER to CANDIDATE at term 45 for changeToCandidate
2019-10-28 11:35:13,250 [Thread-891] INFO  impl.RoleInfo (RoleInfo.java:updateAndGet(143)) - bb175ec5-5e98-4251-9728-8e1e745e4fa1: start LeaderElection
2019-10-28 11:35:13,258 [bb175ec5-5e98-4251-9728-8e1e745e4fa1@group-2BBC40871E24-LeaderElection51] INFO  impl.LeaderElection (LeaderElection.java:askForVotes(178)) - bb175ec5-5e98-4251-9728-8e1e745e4fa1@group-2BBC40871E24-LeaderElection51: begin an election at term 46 for 0: [a4a68fdc-9c21-417a-8215-14845568ad90:192.168.164.193:36183, 5aa0106d-b151-48db-b175-21e2bb54d20a:192.168.164.193:45972, bb175ec5-5e98-4251-9728-8e1e745e4fa1:192.168.164.193:34373], old=null
2019-10-28 11:35:13,261 [grpc-default-executor-0] INFO  impl.RaftServerImpl (RaftServerImpl.java:setRole(184)) - 5aa0106d-b151-48db-b175-21e2bb54d20a@group-2BBC40871E24: changes role from  FOLLOWER to FOLLOWER at term 46 for recognizeCandidate:bb175ec5-5e98-4251-9728-8e1e745e4fa1
2019-10-28 11:35:13,261 [grpc-default-executor-2] INFO  impl.RaftServerImpl (RaftServerImpl.java:setRole(184)) - a4a68fdc-9c21-417a-8215-14845568ad90@group-2BBC40871E24: changes role from  FOLLOWER to FOLLOWER at term 46 for recognizeCandidate:bb175ec5-5e98-4251-9728-8e1e745e4fa1
2019-10-28 11:35:13,261 [grpc-default-executor-0] INFO  impl.RoleInfo (RoleInfo.java:shutdownFollowerState(121)) - 5aa0106d-b151-48db-b175-21e2bb54d20a: shutdown FollowerState
2019-10-28 11:35:13,261 [grpc-default-executor-2] INFO  impl.RoleInfo (RoleInfo.java:shutdownFollowerState(121)) - a4a68fdc-9c21-417a-8215-14845568ad90: shutdown FollowerState
2019-10-28 11:35:13,262 [Thread-889] INFO  impl.FollowerState (FollowerState.java:run(117)) - 5aa0106d-b151-48db-b175-21e2bb54d20a@group-2BBC40871E24-FollowerState was interrupted: java.lang.InterruptedException: sleep interrupted
2019-10-28 11:35:13,262 [Thread-890] INFO  impl.FollowerState (FollowerState.java:run(117)) - a4a68fdc-9c21-417a-8215-14845568ad90@group-2BBC40871E24-FollowerState was interrupted: java.lang.InterruptedException: sleep interrupted
2019-10-28 11:35:13,262 [grpc-default-executor-0] INFO  impl.RoleInfo (RoleInfo.java:updateAndGet(143)) - 5aa0106d-b151-48db-b175-21e2bb54d20a: start FollowerState
2019-10-28 11:35:13,262 [grpc-default-executor-2] INFO  impl.RoleInfo (RoleInfo.java:updateAndGet(143)) - a4a68fdc-9c21-417a-8215-14845568ad90: start FollowerState
2019-10-28 11:35:13,270 [bb175ec5-5e98-4251-9728-8e1e745e4fa1@group-2BBC40871E24-LeaderElection51] INFO  impl.LeaderElection (LeaderElection.java:logAndReturn(56)) - bb175ec5-5e98-4251-9728-8e1e745e4fa1@group-2BBC40871E24-LeaderElection51: Election REJECTED; received 2 response(s) [bb175ec5-5e98-4251-9728-8e1e745e4fa1<-a4a68fdc-9c21-417a-8215-14845568ad90#0:FAIL-t46, bb175ec5-5e98-4251-9728-8e1e745e4fa1<-5aa0106d-b151-48db-b175-21e2bb54d20a#0:FAIL-t46] and 0 exception(s); bb175ec5-5e98-4251-9728-8e1e745e4fa1@group-2BBC40871E24:t46, leader=null, voted=bb175ec5-5e98-4251-9728-8e1e745e4fa1, raftlog=bb175ec5-5e98-4251-9728-8e1e745e4fa1@group-2BBC40871E24-SegmentedRaftLog:OPENED:c3,f4,i4, conf=0: [a4a68fdc-9c21-417a-8215-14845568ad90:192.168.164.193:36183, 5aa0106d-b151-48db-b175-21e2bb54d20a:192.168.164.193:45972, bb175ec5-5e98-4251-9728-8e1e745e4fa1:192.168.164.193:34373], old=null
2019-10-28 11:35:13,271 [bb175ec5-5e98-4251-9728-8e1e745e4fa1@group-2BBC40871E24-LeaderElection51] INFO  impl.RaftServerImpl (RaftServerImpl.java:setRole(184)) - bb175ec5-5e98-4251-9728-8e1e745e4fa1@group-2BBC40871E24: changes role from CANDIDATE to FOLLOWER at term 46 for DISCOVERED_A_NEW_TERM
2019-10-28 11:35:13,271 [bb175ec5-5e98-4251-9728-8e1e745e4fa1@group-2BBC40871E24-LeaderElection51] INFO  impl.RoleInfo (RoleInfo.java:shutdownLeaderElection(134)) - bb175ec5-5e98-4251-9728-8e1e745e4fa1: shutdown LeaderElection
2019-10-28 11:35:13,271 [bb175ec5-5e98-4251-9728-8e1e745e4fa1@group-2BBC40871E24-LeaderElection51] INFO  impl.RoleInfo (RoleInfo.java:updateAndGet(143)) - bb175ec5-5e98-4251-9728-8e1e745e4fa1: start FollowerState
2019-10-28 11:35:13,351 [Thread-897] INFO  impl.FollowerState (FollowerState.java:run(108)) - bb175ec5-5e98-4251-9728-8e1e745e4fa1@group-2BBC40871E24-FollowerState: change to CANDIDATE, lastRpcTime:80ms, electionTimeout:80ms
2019-10-28 11:35:13,352 [Thread-897] INFO  impl.RoleInfo (RoleInfo.java:shutdownFollowerState(121)) - bb175ec5-5e98-4251-9728-8e1e745e4fa1: shutdown FollowerState
2019-10-28 11:35:13,352 [Thread-897] INFO  impl.RaftServerImpl (RaftServerImpl.java:setRole(184)) - bb175ec5-5e98-4251-9728-8e1e745e4fa1@group-2BBC40871E24: changes role from  FOLLOWER to CANDIDATE at term 46 for changeToCandidate
2019-10-28 11:35:13,352 [Thread-897] INFO  impl.RoleInfo (RoleInfo.java:updateAndGet(143)) - bb175ec5-5e98-4251-9728-8e1e745e4fa1: start LeaderElection
2019-10-28 11:35:13,366 [bb175ec5-5e98-4251-9728-8e1e745e4fa1@group-2BBC40871E24-LeaderElection52] INFO  impl.LeaderElection (LeaderElection.java:askForVotes(178)) - bb175ec5-5e98-4251-9728-8e1e745e4fa1@group-2BBC40871E24-LeaderElection52: begin an election at term 47 for 0: [a4a68fdc-9c21-417a-8215-14845568ad90:192.168.164.193:36183, 5aa0106d-b151-48db-b175-21e2bb54d20a:192.168.164.193:45972, bb175ec5-5e98-4251-9728-8e1e745e4fa1:192.168.164.193:34373], old=null
2019-10-28 11:35:13,369 [grpc-default-executor-0] INFO  impl.RaftServerImpl (RaftServerImpl.java:setRole(184)) - 5aa0106d-b151-48db-b175-21e2bb54d20a@group-2BBC40871E24: changes role from  FOLLOWER to FOLLOWER at term 47 for recognizeCandidate:bb175ec5-5e98-4251-9728-8e1e745e4fa1
2019-10-28 11:35:13,369 [grpc-default-executor-2] INFO  impl.RaftServerImpl (RaftServerImpl.java:setRole(184)) - a4a68fdc-9c21-417a-8215-14845568ad90@group-2BBC40871E24: changes role from  FOLLOWER to FOLLOWER at term 47 for recognizeCandidate:bb175ec5-5e98-4251-9728-8e1e745e4fa1
2019-10-28 11:35:13,369 [grpc-default-executor-0] INFO  impl.RoleInfo (RoleInfo.java:shutdownFollowerState(121)) - 5aa0106d-b151-48db-b175-21e2bb54d20a: shutdown FollowerState
2019-10-28 11:35:13,370 [grpc-default-executor-2] INFO  impl.RoleInfo (RoleInfo.java:shutdownFollowerState(121)) - a4a68fdc-9c21-417a-8215-14845568ad90: shutdown FollowerState
2019-10-28 11:35:13,370 [Thread-895] INFO  impl.FollowerState (FollowerState.java:run(117)) - 5aa0106d-b151-48db-b175-21e2bb54d20a@group-2BBC40871E24-FollowerState was interrupted: java.lang.InterruptedException: sleep interrupted
2019-10-28 11:35:13,370 [grpc-default-executor-0] INFO  impl.RoleInfo (RoleInfo.java:updateAndGet(143)) - 5aa0106d-b151-48db-b175-21e2bb54d20a: start FollowerState
2019-10-28 11:35:13,370 [grpc-default-executor-2] INFO  impl.RoleInfo (RoleInfo.java:updateAndGet(143)) - a4a68fdc-9c21-417a-8215-14845568ad90: start FollowerState
2019-10-28 11:35:13,370 [Thread-896] INFO  impl.FollowerState (FollowerState.java:run(117)) - a4a68fdc-9c21-417a-8215-14845568ad90@group-2BBC40871E24-FollowerState was interrupted: java.lang.InterruptedException: sleep interrupted
2019-10-28 11:35:13,385 [bb175ec5-5e98-4251-9728-8e1e745e4fa1@group-2BBC40871E24-LeaderElection52] INFO  impl.LeaderElection (LeaderElection.java:logAndReturn(56)) - bb175ec5-5e98-4251-9728-8e1e745e4fa1@group-2BBC40871E24-LeaderElection52: Election REJECTED; received 2 response(s) [bb175ec5-5e98-4251-9728-8e1e745e4fa1<-a4a68fdc-9c21-417a-8215-14845568ad90#0:FAIL-t47, bb175ec5-5e98-4251-9728-8e1e745e4fa1<-5aa0106d-b151-48db-b175-21e2bb54d20a#0:FAIL-t47] and 0 exception(s); bb175ec5-5e98-4251-9728-8e1e745e4fa1@group-2BBC40871E24:t47, leader=null, voted=bb175ec5-5e98-4251-9728-8e1e745e4fa1, raftlog=bb175ec5-5e98-4251-9728-8e1e745e4fa1@group-2BBC40871E24-SegmentedRaftLog:OPENED:c3,f4,i4, conf=0: [a4a68fdc-9c21-417a-8215-14845568ad90:192.168.164.193:36183, 5aa0106d-b151-48db-b175-21e2bb54d20a:192.168.164.193:45972, bb175ec5-5e98-4251-9728-8e1e745e4fa1:192.168.164.193:34373], old=null
2019-10-28 11:35:13,385 [bb175ec5-5e98-4251-9728-8e1e745e4fa1@group-2BBC40871E24-LeaderElection52] INFO  impl.RaftServerImpl (RaftServerImpl.java:setRole(184)) - bb175ec5-5e98-4251-9728-8e1e745e4fa1@group-2BBC40871E24: changes role from CANDIDATE to FOLLOWER at term 47 for DISCOVERED_A_NEW_TERM
2019-10-28 11:35:13,385 [bb175ec5-5e98-4251-9728-8e1e745e4fa1@group-2BBC40871E24-LeaderElection52] INFO  impl.RoleInfo (RoleInfo.java:shutdownLeaderElection(134)) - bb175ec5-5e98-4251-9728-8e1e745e4fa1: shutdown LeaderElection
2019-10-28 11:35:13,385 [bb175ec5-5e98-4251-9728-8e1e745e4fa1@group-2BBC40871E24-LeaderElection52] INFO  impl.RoleInfo (RoleInfo.java:updateAndGet(143)) - bb175ec5-5e98-4251-9728-8e1e745e4fa1: start FollowerState
2019-10-28 11:35:13,440 [Thread-903] INFO  impl.FollowerState (FollowerState.java:run(108)) - bb175ec5-5e98-4251-9728-8e1e745e4fa1@group-2BBC40871E24-FollowerState: change to CANDIDATE, lastRpcTime:54ms, electionTimeout:54ms
2019-10-28 11:35:13,440 [Thread-903] INFO  impl.RoleInfo (RoleInfo.java:shutdownFollowerState(121)) - bb175ec5-5e98-4251-9728-8e1e745e4fa1: shutdown FollowerState
2019-10-28 11:35:13,440 [Thread-903] INFO  impl.RaftServerImpl (RaftServerImpl.java:setRole(184)) - bb175ec5-5e98-4251-9728-8e1e745e4fa1@group-2BBC40871E24: changes role from  FOLLOWER to CANDIDATE at term 47 for changeToCandidate
2019-10-28 11:35:13,440 [Thread-903] INFO  impl.RoleInfo (RoleInfo.java:updateAndGet(143)) - bb175ec5-5e98-4251-9728-8e1e745e4fa1: start LeaderElection
2019-10-28 11:35:13,455 [bb175ec5-5e98-4251-9728-8e1e745e4fa1@group-2BBC40871E24-LeaderElection53] INFO  impl.LeaderElection (LeaderElection.java:askForVotes(178)) - bb175ec5-5e98-4251-9728-8e1e745e4fa1@group-2BBC40871E24-LeaderElection53: begin an election at term 48 for 0: [a4a68fdc-9c21-417a-8215-14845568ad90:192.168.164.193:36183, 5aa0106d-b151-48db-b175-21e2bb54d20a:192.168.164.193:45972, bb175ec5-5e98-4251-9728-8e1e745e4fa1:192.168.164.193:34373], old=null
2019-10-28 11:35:13,457 [grpc-default-executor-2] INFO  impl.RaftServerImpl (RaftServerImpl.java:setRole(184)) - 5aa0106d-b151-48db-b175-21e2bb54d20a@group-2BBC40871E24: changes role from  FOLLOWER to FOLLOWER at term 48 for recognizeCandidate:bb175ec5-5e98-4251-9728-8e1e745e4fa1
2019-10-28 11:35:13,457 [grpc-default-executor-0] INFO  impl.RaftServerImpl (RaftServerImpl.java:setRole(184)) - a4a68fdc-9c21-417a-8215-14845568ad90@group-2BBC40871E24: changes role from  FOLLOWER to FOLLOWER at term 48 for recognizeCandidate:bb175ec5-5e98-4251-9728-8e1e745e4fa1
2019-10-28 11:35:13,458 [grpc-default-executor-2] INFO  impl.RoleInfo (RoleInfo.java:shutdownFollowerState(121)) - 5aa0106d-b151-48db-b175-21e2bb54d20a: shutdown FollowerState
2019-10-28 11:35:13,458 [grpc-default-executor-0] INFO  impl.RoleInfo (RoleInfo.java:shutdownFollowerState(121)) - a4a68fdc-9c21-417a-8215-14845568ad90: shutdown FollowerState
2019-10-28 11:35:13,458 [Thread-901] INFO  impl.FollowerState (FollowerState.java:run(117)) - 5aa0106d-b151-48db-b175-21e2bb54d20a@group-2BBC40871E24-FollowerState was interrupted: java.lang.InterruptedException: sleep interrupted
2019-10-28 11:35:13,458 [grpc-default-executor-0] INFO  impl.RoleInfo (RoleInfo.java:updateAndGet(143)) - a4a68fdc-9c21-417a-8215-14845568ad90: start FollowerState
2019-10-28 11:35:13,458 [grpc-default-executor-2] INFO  impl.RoleInfo (RoleInfo.java:updateAndGet(143)) - 5aa0106d-b151-48db-b175-21e2bb54d20a: start FollowerState
2019-10-28 11:35:13,458 [Thread-902] INFO  impl.FollowerState (FollowerState.java:run(117)) - a4a68fdc-9c21-417a-8215-14845568ad90@group-2BBC40871E24-FollowerState was interrupted: java.lang.InterruptedException: sleep interrupted
2019-10-28 11:35:13,473 [bb175ec5-5e98-4251-9728-8e1e745e4fa1@group-2BBC40871E24-LeaderElection53] INFO  impl.LeaderElection (LeaderElection.java:logAndReturn(56)) - bb175ec5-5e98-4251-9728-8e1e745e4fa1@group-2BBC40871E24-LeaderElection53: Election REJECTED; received 2 response(s) [bb175ec5-5e98-4251-9728-8e1e745e4fa1<-a4a68fdc-9c21-417a-8215-14845568ad90#0:FAIL-t48, bb175ec5-5e98-4251-9728-8e1e745e4fa1<-5aa0106d-b151-48db-b175-21e2bb54d20a#0:FAIL-t48] and 0 exception(s); bb175ec5-5e98-4251-9728-8e1e745e4fa1@group-2BBC40871E24:t48, leader=null, voted=bb175ec5-5e98-4251-9728-8e1e745e4fa1, raftlog=bb175ec5-5e98-4251-9728-8e1e745e4fa1@group-2BBC40871E24-SegmentedRaftLog:OPENED:c3,f4,i4, conf=0: [a4a68fdc-9c21-417a-8215-14845568ad90:192.168.164.193:36183, 5aa0106d-b151-48db-b175-21e2bb54d20a:192.168.164.193:45972, bb175ec5-5e98-4251-9728-8e1e745e4fa1:192.168.164.193:34373], old=null
2019-10-28 11:35:13,474 [bb175ec5-5e98-4251-9728-8e1e745e4fa1@group-2BBC40871E24-LeaderElection53] INFO  impl.RaftServerImpl (RaftServerImpl.java:setRole(184)) - bb175ec5-5e98-4251-9728-8e1e745e4fa1@group-2BBC40871E24: changes role from CANDIDATE to FOLLOWER at term 48 for DISCOVERED_A_NEW_TERM
2019-10-28 11:35:13,474 [bb175ec5-5e98-4251-9728-8e1e745e4fa1@group-2BBC40871E24-LeaderElection53] INFO  impl.RoleInfo (RoleInfo.java:shutdownLeaderElection(134)) - bb175ec5-5e98-4251-9728-8e1e745e4fa1: shutdown LeaderElection
2019-10-28 11:35:13,474 [bb175ec5-5e98-4251-9728-8e1e745e4fa1@group-2BBC40871E24-LeaderElection53] INFO  impl.RoleInfo (RoleInfo.java:updateAndGet(143)) - bb175ec5-5e98-4251-9728-8e1e745e4fa1: start FollowerState
2019-10-28 11:35:13,649 [Thread-909] INFO  impl.FollowerState (FollowerState.java:run(108)) - bb175ec5-5e98-4251-9728-8e1e745e4fa1@group-2BBC40871E24-FollowerState: change to CANDIDATE, lastRpcTime:174ms, electionTimeout:174ms
2019-10-28 11:35:13,649 [Thread-909] INFO  impl.RoleInfo (RoleInfo.java:shutdownFollowerState(121)) - bb175ec5-5e98-4251-9728-8e1e745e4fa1: shutdown FollowerState
2019-10-28 11:35:13,649 [Thread-909] INFO  impl.RaftServerImpl (RaftServerImpl.java:setRole(184)) - bb175ec5-5e98-4251-9728-8e1e745e4fa1@group-2BBC40871E24: changes role from  FOLLOWER to CANDIDATE at term 48 for changeToCandidate
2019-10-28 11:35:13,649 [Thread-909] INFO  impl.RoleInfo (RoleInfo.java:updateAndGet(143)) - bb175ec5-5e98-4251-9728-8e1e745e4fa1: start LeaderElection
2019-10-28 11:35:13,664 [bb175ec5-5e98-4251-9728-8e1e745e4fa1@group-2BBC40871E24-LeaderElection54] INFO  impl.LeaderElection (LeaderElection.java:askForVotes(178)) - bb175ec5-5e98-4251-9728-8e1e745e4fa1@group-2BBC40871E24-LeaderElection54: begin an election at term 49 for 0: [a4a68fdc-9c21-417a-8215-14845568ad90:192.168.164.193:36183, 5aa0106d-b151-48db-b175-21e2bb54d20a:192.168.164.193:45972, bb175ec5-5e98-4251-9728-8e1e745e4fa1:192.168.164.193:34373], old=null
2019-10-28 11:35:13,668 [grpc-default-executor-0] INFO  impl.RaftServerImpl (RaftServerImpl.java:setRole(184)) - a4a68fdc-9c21-417a-8215-14845568ad90@group-2BBC40871E24: changes role from  FOLLOWER to FOLLOWER at term 49 for recognizeCandidate:bb175ec5-5e98-4251-9728-8e1e745e4fa1
2019-10-28 11:35:13,668 [grpc-default-executor-2] INFO  impl.RaftServerImpl (RaftServerImpl.java:setRole(184)) - 5aa0106d-b151-48db-b175-21e2bb54d20a@group-2BBC40871E24: changes role from  FOLLOWER to FOLLOWER at term 49 for recognizeCandidate:bb175ec5-5e98-4251-9728-8e1e745e4fa1
2019-10-28 11:35:13,668 [grpc-default-executor-0] INFO  impl.RoleInfo (RoleInfo.java:shutdownFollowerState(121)) - a4a68fdc-9c21-417a-8215-14845568ad90: shutdown FollowerState
2019-10-28 11:35:13,668 [grpc-default-executor-2] INFO  impl.RoleInfo (RoleInfo.java:shutdownFollowerState(121)) - 5aa0106d-b151-48db-b175-21e2bb54d20a: shutdown FollowerState
2019-10-28 11:35:13,669 [grpc-default-executor-0] INFO  impl.RoleInfo (RoleInfo.java:updateAndGet(143)) - a4a68fdc-9c21-417a-8215-14845568ad90: start FollowerState
2019-10-28 11:35:13,669 [grpc-default-executor-2] INFO  impl.RoleInfo (RoleInfo.java:updateAndGet(143)) - 5aa0106d-b151-48db-b175-21e2bb54d20a: start FollowerState
2019-10-28 11:35:13,669 [Thread-908] INFO  impl.FollowerState (FollowerState.java:run(117)) - a4a68fdc-9c21-417a-8215-14845568ad90@group-2BBC40871E24-FollowerState was interrupted: java.lang.InterruptedException: sleep interrupted
2019-10-28 11:35:13,669 [Thread-907] INFO  impl.FollowerState (FollowerState.java:run(117)) - 5aa0106d-b151-48db-b175-21e2bb54d20a@group-2BBC40871E24-FollowerState was interrupted: java.lang.InterruptedException: sleep interrupted
2019-10-28 11:35:13,682 [bb175ec5-5e98-4251-9728-8e1e745e4fa1@group-2BBC40871E24-LeaderElection54] INFO  impl.LeaderElection (LeaderElection.java:logAndReturn(56)) - bb175ec5-5e98-4251-9728-8e1e745e4fa1@group-2BBC40871E24-LeaderElection54: Election REJECTED; received 2 response(s) [bb175ec5-5e98-4251-9728-8e1e745e4fa1<-a4a68fdc-9c21-417a-8215-14845568ad90#0:FAIL-t49, bb175ec5-5e98-4251-9728-8e1e745e4fa1<-5aa0106d-b151-48db-b175-21e2bb54d20a#0:FAIL-t49] and 0 exception(s); bb175ec5-5e98-4251-9728-8e1e745e4fa1@group-2BBC40871E24:t49, leader=null, voted=bb175ec5-5e98-4251-9728-8e1e745e4fa1, raftlog=bb175ec5-5e98-4251-9728-8e1e745e4fa1@group-2BBC40871E24-SegmentedRaftLog:OPENED:c3,f4,i4, conf=0: [a4a68fdc-9c21-417a-8215-14845568ad90:192.168.164.193:36183, 5aa0106d-b151-48db-b175-21e2bb54d20a:192.168.164.193:45972, bb175ec5-5e98-4251-9728-8e1e745e4fa1:192.168.164.193:34373], old=null
2019-10-28 11:35:13,682 [bb175ec5-5e98-4251-9728-8e1e745e4fa1@group-2BBC40871E24-LeaderElection54] INFO  impl.RaftServerImpl (RaftServerImpl.java:setRole(184)) - bb175ec5-5e98-4251-9728-8e1e745e4fa1@group-2BBC40871E24: changes role from CANDIDATE to FOLLOWER at term 49 for DISCOVERED_A_NEW_TERM
2019-10-28 11:35:13,682 [bb175ec5-5e98-4251-9728-8e1e745e4fa1@group-2BBC40871E24-LeaderElection54] INFO  impl.RoleInfo (RoleInfo.java:shutdownLeaderElection(134)) - bb175ec5-5e98-4251-9728-8e1e745e4fa1: shutdown LeaderElection
2019-10-28 11:35:13,682 [bb175ec5-5e98-4251-9728-8e1e745e4fa1@group-2BBC40871E24-LeaderElection54] INFO  impl.RoleInfo (RoleInfo.java:updateAndGet(143)) - bb175ec5-5e98-4251-9728-8e1e745e4fa1: start FollowerState
2019-10-28 11:35:13,773 [BlockDeletingService#2] WARN  background.BlockDeletingService (BlockDeletingService.java:isDeletionAllowed(187)) - Close Container log Index 6 is not replicated across allthe servers in the pipeline 673f7971-0954-4a65-9d1b-2bbc40871e24 as the min replicated index is 4. Deletion is not allowed in this container yet.
2019-10-28 11:35:13,773 [BlockDeletingService#2] WARN  background.BlockDeletingService (BlockDeletingService.java:isDeletionAllowed(187)) - Close Container log Index 6 is not replicated across allthe servers in the pipeline 673f7971-0954-4a65-9d1b-2bbc40871e24 as the min replicated index is 4. Deletion is not allowed in this container yet.
2019-10-28 11:35:13,856 [Thread-915] INFO  impl.FollowerState (FollowerState.java:run(108)) - bb175ec5-5e98-4251-9728-8e1e745e4fa1@group-2BBC40871E24-FollowerState: change to CANDIDATE, lastRpcTime:173ms, electionTimeout:173ms
2019-10-28 11:35:13,856 [Thread-915] INFO  impl.RoleInfo (RoleInfo.java:shutdownFollowerState(121)) - bb175ec5-5e98-4251-9728-8e1e745e4fa1: shutdown FollowerState
2019-10-28 11:35:13,856 [Thread-915] INFO  impl.RaftServerImpl (RaftServerImpl.java:setRole(184)) - bb175ec5-5e98-4251-9728-8e1e745e4fa1@group-2BBC40871E24: changes role from  FOLLOWER to CANDIDATE at term 49 for changeToCandidate
2019-10-28 11:35:13,856 [Thread-915] INFO  impl.RoleInfo (RoleInfo.java:updateAndGet(143)) - bb175ec5-5e98-4251-9728-8e1e745e4fa1: start LeaderElection
2019-10-28 11:35:13,872 [bb175ec5-5e98-4251-9728-8e1e745e4fa1@group-2BBC40871E24-LeaderElection55] INFO  impl.LeaderElection (LeaderElection.java:askForVotes(178)) - bb175ec5-5e98-4251-9728-8e1e745e4fa1@group-2BBC40871E24-LeaderElection55: begin an election at term 50 for 0: [a4a68fdc-9c21-417a-8215-14845568ad90:192.168.164.193:36183, 5aa0106d-b151-48db-b175-21e2bb54d20a:192.168.164.193:45972, bb175ec5-5e98-4251-9728-8e1e745e4fa1:192.168.164.193:34373], old=null
2019-10-28 11:35:13,901 [grpc-default-executor-0] INFO  impl.RaftServerImpl (RaftServerImpl.java:setRole(184)) - a4a68fdc-9c21-417a-8215-14845568ad90@group-2BBC40871E24: changes role from  FOLLOWER to FOLLOWER at term 50 for recognizeCandidate:bb175ec5-5e98-4251-9728-8e1e745e4fa1
2019-10-28 11:35:13,901 [grpc-default-executor-0] INFO  impl.RoleInfo (RoleInfo.java:shutdownFollowerState(121)) - a4a68fdc-9c21-417a-8215-14845568ad90: shutdown FollowerState
2019-10-28 11:35:13,901 [grpc-default-executor-0] INFO  impl.RoleInfo (RoleInfo.java:updateAndGet(143)) - a4a68fdc-9c21-417a-8215-14845568ad90: start FollowerState
2019-10-28 11:35:13,901 [Thread-913] INFO  impl.FollowerState (FollowerState.java:run(117)) - a4a68fdc-9c21-417a-8215-14845568ad90@group-2BBC40871E24-FollowerState was interrupted: java.lang.InterruptedException: sleep interrupted
2019-10-28 11:35:13,901 [grpc-default-executor-2] INFO  impl.RaftServerImpl (RaftServerImpl.java:setRole(184)) - 5aa0106d-b151-48db-b175-21e2bb54d20a@group-2BBC40871E24: changes role from  FOLLOWER to FOLLOWER at term 50 for recognizeCandidate:bb175ec5-5e98-4251-9728-8e1e745e4fa1
2019-10-28 11:35:13,902 [grpc-default-executor-2] INFO  impl.RoleInfo (RoleInfo.java:shutdownFollowerState(121)) - 5aa0106d-b151-48db-b175-21e2bb54d20a: shutdown FollowerState
2019-10-28 11:35:13,902 [grpc-default-executor-2] INFO  impl.RoleInfo (RoleInfo.java:updateAndGet(143)) - 5aa0106d-b151-48db-b175-21e2bb54d20a: start FollowerState
2019-10-28 11:35:13,902 [Thread-914] INFO  impl.FollowerState (FollowerState.java:run(117)) - 5aa0106d-b151-48db-b175-21e2bb54d20a@group-2BBC40871E24-FollowerState was interrupted: java.lang.InterruptedException: sleep interrupted
2019-10-28 11:35:13,916 [bb175ec5-5e98-4251-9728-8e1e745e4fa1@group-2BBC40871E24-LeaderElection55] INFO  impl.LeaderElection (LeaderElection.java:logAndReturn(56)) - bb175ec5-5e98-4251-9728-8e1e745e4fa1@group-2BBC40871E24-LeaderElection55: Election REJECTED; received 2 response(s) [bb175ec5-5e98-4251-9728-8e1e745e4fa1<-a4a68fdc-9c21-417a-8215-14845568ad90#0:FAIL-t50, bb175ec5-5e98-4251-9728-8e1e745e4fa1<-5aa0106d-b151-48db-b175-21e2bb54d20a#0:FAIL-t50] and 0 exception(s); bb175ec5-5e98-4251-9728-8e1e745e4fa1@group-2BBC40871E24:t50, leader=null, voted=bb175ec5-5e98-4251-9728-8e1e745e4fa1, raftlog=bb175ec5-5e98-4251-9728-8e1e745e4fa1@group-2BBC40871E24-SegmentedRaftLog:OPENED:c3,f4,i4, conf=0: [a4a68fdc-9c21-417a-8215-14845568ad90:192.168.164.193:36183, 5aa0106d-b151-48db-b175-21e2bb54d20a:192.168.164.193:45972, bb175ec5-5e98-4251-9728-8e1e745e4fa1:192.168.164.193:34373], old=null
2019-10-28 11:35:13,916 [bb175ec5-5e98-4251-9728-8e1e745e4fa1@group-2BBC40871E24-LeaderElection55] INFO  impl.RaftServerImpl (RaftServerImpl.java:setRole(184)) - bb175ec5-5e98-4251-9728-8e1e745e4fa1@group-2BBC40871E24: changes role from CANDIDATE to FOLLOWER at term 50 for DISCOVERED_A_NEW_TERM
2019-10-28 11:35:13,916 [bb175ec5-5e98-4251-9728-8e1e745e4fa1@group-2BBC40871E24-LeaderElection55] INFO  impl.RoleInfo (RoleInfo.java:shutdownLeaderElection(134)) - bb175ec5-5e98-4251-9728-8e1e745e4fa1: shutdown LeaderElection
2019-10-28 11:35:13,916 [bb175ec5-5e98-4251-9728-8e1e745e4fa1@group-2BBC40871E24-LeaderElection55] INFO  impl.RoleInfo (RoleInfo.java:updateAndGet(143)) - bb175ec5-5e98-4251-9728-8e1e745e4fa1: start FollowerState
2019-10-28 11:35:14,069 [Thread-924] INFO  impl.FollowerState (FollowerState.java:run(108)) - bb175ec5-5e98-4251-9728-8e1e745e4fa1@group-2BBC40871E24-FollowerState: change to CANDIDATE, lastRpcTime:152ms, electionTimeout:152ms
2019-10-28 11:35:14,069 [Thread-924] INFO  impl.RoleInfo (RoleInfo.java:shutdownFollowerState(121)) - bb175ec5-5e98-4251-9728-8e1e745e4fa1: shutdown FollowerState
2019-10-28 11:35:14,069 [Thread-924] INFO  impl.RaftServerImpl (RaftServerImpl.java:setRole(184)) - bb175ec5-5e98-4251-9728-8e1e745e4fa1@group-2BBC40871E24: changes role from  FOLLOWER to CANDIDATE at term 50 for changeToCandidate
2019-10-28 11:35:14,070 [Thread-924] INFO  impl.RoleInfo (RoleInfo.java:updateAndGet(143)) - bb175ec5-5e98-4251-9728-8e1e745e4fa1: start LeaderElection
2019-10-28 11:35:14,083 [bb175ec5-5e98-4251-9728-8e1e745e4fa1@group-2BBC40871E24-LeaderElection56] INFO  impl.LeaderElection (LeaderElection.java:askForVotes(178)) - bb175ec5-5e98-4251-9728-8e1e745e4fa1@group-2BBC40871E24-LeaderElection56: begin an election at term 51 for 0: [a4a68fdc-9c21-417a-8215-14845568ad90:192.168.164.193:36183, 5aa0106d-b151-48db-b175-21e2bb54d20a:192.168.164.193:45972, bb175ec5-5e98-4251-9728-8e1e745e4fa1:192.168.164.193:34373], old=null
2019-10-28 11:35:14,086 [grpc-default-executor-0] INFO  impl.RaftServerImpl (RaftServerImpl.java:setRole(184)) - 5aa0106d-b151-48db-b175-21e2bb54d20a@group-2BBC40871E24: changes role from  FOLLOWER to FOLLOWER at term 51 for recognizeCandidate:bb175ec5-5e98-4251-9728-8e1e745e4fa1
2019-10-28 11:35:14,086 [grpc-default-executor-0] INFO  impl.RoleInfo (RoleInfo.java:shutdownFollowerState(121)) - 5aa0106d-b151-48db-b175-21e2bb54d20a: shutdown FollowerState
2019-10-28 11:35:14,086 [grpc-default-executor-2] INFO  impl.RaftServerImpl (RaftServerImpl.java:setRole(184)) - a4a68fdc-9c21-417a-8215-14845568ad90@group-2BBC40871E24: changes role from  FOLLOWER to FOLLOWER at term 51 for recognizeCandidate:bb175ec5-5e98-4251-9728-8e1e745e4fa1
2019-10-28 11:35:14,087 [grpc-default-executor-0] INFO  impl.RoleInfo (RoleInfo.java:updateAndGet(143)) - 5aa0106d-b151-48db-b175-21e2bb54d20a: start FollowerState
2019-10-28 11:35:14,087 [grpc-default-executor-2] INFO  impl.RoleInfo (RoleInfo.java:shutdownFollowerState(121)) - a4a68fdc-9c21-417a-8215-14845568ad90: shutdown FollowerState
2019-10-28 11:35:14,087 [Thread-923] INFO  impl.FollowerState (FollowerState.java:run(117)) - 5aa0106d-b151-48db-b175-21e2bb54d20a@group-2BBC40871E24-FollowerState was interrupted: java.lang.InterruptedException: sleep interrupted
2019-10-28 11:35:14,087 [grpc-default-executor-2] INFO  impl.RoleInfo (RoleInfo.java:updateAndGet(143)) - a4a68fdc-9c21-417a-8215-14845568ad90: start FollowerState
2019-10-28 11:35:14,087 [Thread-922] INFO  impl.FollowerState (FollowerState.java:run(117)) - a4a68fdc-9c21-417a-8215-14845568ad90@group-2BBC40871E24-FollowerState was interrupted: java.lang.InterruptedException: sleep interrupted
2019-10-28 11:35:14,095 [Thread-931] INFO  client.GrpcClientProtocolService (GrpcClientProtocolService.java:lambda$processClientRequest$0(278)) - Failed RaftClientRequest:client-8D88133FDDEB->5aa0106d-b151-48db-b175-21e2bb54d20a@group-2BBC40871E24, cid=10, seq=0, Watch-ALL_COMMITTED(6), Message:<EMPTY>, reply=RaftClientReply:client-8D88133FDDEB->5aa0106d-b151-48db-b175-21e2bb54d20a@group-2BBC40871E24, cid=10, FAILED org.apache.ratis.protocol.NotLeaderException: Server 5aa0106d-b151-48db-b175-21e2bb54d20a@group-2BBC40871E24 is not the leader, logIndex=0, commits[5aa0106d-b151-48db-b175-21e2bb54d20a:c10, a4a68fdc-9c21-417a-8215-14845568ad90:c10, bb175ec5-5e98-4251-9728-8e1e745e4fa1:c4]
2019-10-28 11:35:14,103 [bb175ec5-5e98-4251-9728-8e1e745e4fa1@group-2BBC40871E24-LeaderElection56] INFO  impl.LeaderElection (LeaderElection.java:logAndReturn(56)) - bb175ec5-5e98-4251-9728-8e1e745e4fa1@group-2BBC40871E24-LeaderElection56: Election REJECTED; received 2 response(s) [bb175ec5-5e98-4251-9728-8e1e745e4fa1<-a4a68fdc-9c21-417a-8215-14845568ad90#0:FAIL-t51, bb175ec5-5e98-4251-9728-8e1e745e4fa1<-5aa0106d-b151-48db-b175-21e2bb54d20a#0:FAIL-t51] and 0 exception(s); bb175ec5-5e98-4251-9728-8e1e745e4fa1@group-2BBC40871E24:t51, leader=null, voted=bb175ec5-5e98-4251-9728-8e1e745e4fa1, raftlog=bb175ec5-5e98-4251-9728-8e1e745e4fa1@group-2BBC40871E24-SegmentedRaftLog:OPENED:c3,f4,i4, conf=0: [a4a68fdc-9c21-417a-8215-14845568ad90:192.168.164.193:36183, 5aa0106d-b151-48db-b175-21e2bb54d20a:192.168.164.193:45972, bb175ec5-5e98-4251-9728-8e1e745e4fa1:192.168.164.193:34373], old=null
2019-10-28 11:35:14,103 [bb175ec5-5e98-4251-9728-8e1e745e4fa1@group-2BBC40871E24-LeaderElection56] INFO  impl.RaftServerImpl (RaftServerImpl.java:setRole(184)) - bb175ec5-5e98-4251-9728-8e1e745e4fa1@group-2BBC40871E24: changes role from CANDIDATE to FOLLOWER at term 51 for DISCOVERED_A_NEW_TERM
2019-10-28 11:35:14,104 [bb175ec5-5e98-4251-9728-8e1e745e4fa1@group-2BBC40871E24-LeaderElection56] INFO  impl.RoleInfo (RoleInfo.java:shutdownLeaderElection(134)) - bb175ec5-5e98-4251-9728-8e1e745e4fa1: shutdown LeaderElection
2019-10-28 11:35:14,104 [bb175ec5-5e98-4251-9728-8e1e745e4fa1@group-2BBC40871E24-LeaderElection56] INFO  impl.RoleInfo (RoleInfo.java:updateAndGet(143)) - bb175ec5-5e98-4251-9728-8e1e745e4fa1: start FollowerState
2019-10-28 11:35:14,147 [Thread-933] INFO  impl.FollowerState (FollowerState.java:run(108)) - bb175ec5-5e98-4251-9728-8e1e745e4fa1@group-2BBC40871E24-FollowerState: change to CANDIDATE, lastRpcTime:43ms, electionTimeout:43ms
2019-10-28 11:35:14,147 [Thread-933] INFO  impl.RoleInfo (RoleInfo.java:shutdownFollowerState(121)) - bb175ec5-5e98-4251-9728-8e1e745e4fa1: shutdown FollowerState
2019-10-28 11:35:14,147 [Thread-933] INFO  impl.RaftServerImpl (RaftServerImpl.java:setRole(184)) - bb175ec5-5e98-4251-9728-8e1e745e4fa1@group-2BBC40871E24: changes role from  FOLLOWER to CANDIDATE at term 51 for changeToCandidate
2019-10-28 11:35:14,147 [Thread-933] INFO  impl.RoleInfo (RoleInfo.java:updateAndGet(143)) - bb175ec5-5e98-4251-9728-8e1e745e4fa1: start LeaderElection
2019-10-28 11:35:14,161 [bb175ec5-5e98-4251-9728-8e1e745e4fa1@group-2BBC40871E24-LeaderElection57] INFO  impl.LeaderElection (LeaderElection.java:askForVotes(178)) - bb175ec5-5e98-4251-9728-8e1e745e4fa1@group-2BBC40871E24-LeaderElection57: begin an election at term 52 for 0: [a4a68fdc-9c21-417a-8215-14845568ad90:192.168.164.193:36183, 5aa0106d-b151-48db-b175-21e2bb54d20a:192.168.164.193:45972, bb175ec5-5e98-4251-9728-8e1e745e4fa1:192.168.164.193:34373], old=null
2019-10-28 11:35:14,164 [grpc-default-executor-0] INFO  impl.RaftServerImpl (RaftServerImpl.java:setRole(184)) - 5aa0106d-b151-48db-b175-21e2bb54d20a@group-2BBC40871E24: changes role from  FOLLOWER to FOLLOWER at term 52 for recognizeCandidate:bb175ec5-5e98-4251-9728-8e1e745e4fa1
2019-10-28 11:35:14,164 [grpc-default-executor-2] INFO  impl.RaftServerImpl (RaftServerImpl.java:setRole(184)) - a4a68fdc-9c21-417a-8215-14845568ad90@group-2BBC40871E24: changes role from  FOLLOWER to FOLLOWER at term 52 for recognizeCandidate:bb175ec5-5e98-4251-9728-8e1e745e4fa1
2019-10-28 11:35:14,164 [grpc-default-executor-0] INFO  impl.RoleInfo (RoleInfo.java:shutdownFollowerState(121)) - 5aa0106d-b151-48db-b175-21e2bb54d20a: shutdown FollowerState
2019-10-28 11:35:14,164 [grpc-default-executor-2] INFO  impl.RoleInfo (RoleInfo.java:shutdownFollowerState(121)) - a4a68fdc-9c21-417a-8215-14845568ad90: shutdown FollowerState
2019-10-28 11:35:14,164 [Thread-928] INFO  impl.FollowerState (FollowerState.java:run(117)) - 5aa0106d-b151-48db-b175-21e2bb54d20a@group-2BBC40871E24-FollowerState was interrupted: java.lang.InterruptedException: sleep interrupted
2019-10-28 11:35:14,165 [grpc-default-executor-2] INFO  impl.RoleInfo (RoleInfo.java:updateAndGet(143)) - a4a68fdc-9c21-417a-8215-14845568ad90: start FollowerState
2019-10-28 11:35:14,164 [grpc-default-executor-0] INFO  impl.RoleInfo (RoleInfo.java:updateAndGet(143)) - 5aa0106d-b151-48db-b175-21e2bb54d20a: start FollowerState
2019-10-28 11:35:14,165 [Thread-929] INFO  impl.FollowerState (FollowerState.java:run(117)) - a4a68fdc-9c21-417a-8215-14845568ad90@group-2BBC40871E24-FollowerState was interrupted: java.lang.InterruptedException: sleep interrupted
2019-10-28 11:35:14,180 [bb175ec5-5e98-4251-9728-8e1e745e4fa1@group-2BBC40871E24-LeaderElection57] INFO  impl.LeaderElection (LeaderElection.java:logAndReturn(56)) - bb175ec5-5e98-4251-9728-8e1e745e4fa1@group-2BBC40871E24-LeaderElection57: Election REJECTED; received 2 response(s) [bb175ec5-5e98-4251-9728-8e1e745e4fa1<-a4a68fdc-9c21-417a-8215-14845568ad90#0:FAIL-t52, bb175ec5-5e98-4251-9728-8e1e745e4fa1<-5aa0106d-b151-48db-b175-21e2bb54d20a#0:FAIL-t52] and 0 exception(s); bb175ec5-5e98-4251-9728-8e1e745e4fa1@group-2BBC40871E24:t52, leader=null, voted=bb175ec5-5e98-4251-9728-8e1e745e4fa1, raftlog=bb175ec5-5e98-4251-9728-8e1e745e4fa1@group-2BBC40871E24-SegmentedRaftLog:OPENED:c3,f4,i4, conf=0: [a4a68fdc-9c21-417a-8215-14845568ad90:192.168.164.193:36183, 5aa0106d-b151-48db-b175-21e2bb54d20a:192.168.164.193:45972, bb175ec5-5e98-4251-9728-8e1e745e4fa1:192.168.164.193:34373], old=null
2019-10-28 11:35:14,180 [bb175ec5-5e98-4251-9728-8e1e745e4fa1@group-2BBC40871E24-LeaderElection57] INFO  impl.RaftServerImpl (RaftServerImpl.java:setRole(184)) - bb175ec5-5e98-4251-9728-8e1e745e4fa1@group-2BBC40871E24: changes role from CANDIDATE to FOLLOWER at term 52 for DISCOVERED_A_NEW_TERM
2019-10-28 11:35:14,180 [bb175ec5-5e98-4251-9728-8e1e745e4fa1@group-2BBC40871E24-LeaderElection57] INFO  impl.RoleInfo (RoleInfo.java:shutdownLeaderElection(134)) - bb175ec5-5e98-4251-9728-8e1e745e4fa1: shutdown LeaderElection
2019-10-28 11:35:14,180 [bb175ec5-5e98-4251-9728-8e1e745e4fa1@group-2BBC40871E24-LeaderElection57] INFO  impl.RoleInfo (RoleInfo.java:updateAndGet(143)) - bb175ec5-5e98-4251-9728-8e1e745e4fa1: start FollowerState
2019-10-28 11:35:14,366 [Thread-939] INFO  impl.FollowerState (FollowerState.java:run(108)) - bb175ec5-5e98-4251-9728-8e1e745e4fa1@group-2BBC40871E24-FollowerState: change to CANDIDATE, lastRpcTime:186ms, electionTimeout:186ms
2019-10-28 11:35:14,366 [Thread-939] INFO  impl.RoleInfo (RoleInfo.java:shutdownFollowerState(121)) - bb175ec5-5e98-4251-9728-8e1e745e4fa1: shutdown FollowerState
2019-10-28 11:35:14,367 [Thread-939] INFO  impl.RaftServerImpl (RaftServerImpl.java:setRole(184)) - bb175ec5-5e98-4251-9728-8e1e745e4fa1@group-2BBC40871E24: changes role from  FOLLOWER to CANDIDATE at term 52 for changeToCandidate
2019-10-28 11:35:14,367 [Thread-939] INFO  impl.RoleInfo (RoleInfo.java:updateAndGet(143)) - bb175ec5-5e98-4251-9728-8e1e745e4fa1: start LeaderElection
2019-10-28 11:35:14,380 [bb175ec5-5e98-4251-9728-8e1e745e4fa1@group-2BBC40871E24-LeaderElection58] INFO  impl.LeaderElection (LeaderElection.java:askForVotes(178)) - bb175ec5-5e98-4251-9728-8e1e745e4fa1@group-2BBC40871E24-LeaderElection58: begin an election at term 53 for 0: [a4a68fdc-9c21-417a-8215-14845568ad90:192.168.164.193:36183, 5aa0106d-b151-48db-b175-21e2bb54d20a:192.168.164.193:45972, bb175ec5-5e98-4251-9728-8e1e745e4fa1:192.168.164.193:34373], old=null
2019-10-28 11:35:14,384 [grpc-default-executor-2] INFO  impl.RaftServerImpl (RaftServerImpl.java:setRole(184)) - 5aa0106d-b151-48db-b175-21e2bb54d20a@group-2BBC40871E24: changes role from  FOLLOWER to FOLLOWER at term 53 for recognizeCandidate:bb175ec5-5e98-4251-9728-8e1e745e4fa1
2019-10-28 11:35:14,384 [grpc-default-executor-0] INFO  impl.RaftServerImpl (RaftServerImpl.java:setRole(184)) - a4a68fdc-9c21-417a-8215-14845568ad90@group-2BBC40871E24: changes role from  FOLLOWER to FOLLOWER at term 53 for recognizeCandidate:bb175ec5-5e98-4251-9728-8e1e745e4fa1
2019-10-28 11:35:14,384 [grpc-default-executor-2] INFO  impl.RoleInfo (RoleInfo.java:shutdownFollowerState(121)) - 5aa0106d-b151-48db-b175-21e2bb54d20a: shutdown FollowerState
2019-10-28 11:35:14,384 [grpc-default-executor-0] INFO  impl.RoleInfo (RoleInfo.java:shutdownFollowerState(121)) - a4a68fdc-9c21-417a-8215-14845568ad90: shutdown FollowerState
2019-10-28 11:35:14,384 [Thread-937] INFO  impl.FollowerState (FollowerState.java:run(117)) - 5aa0106d-b151-48db-b175-21e2bb54d20a@group-2BBC40871E24-FollowerState was interrupted: java.lang.InterruptedException: sleep interrupted
2019-10-28 11:35:14,384 [grpc-default-executor-2] INFO  impl.RoleInfo (RoleInfo.java:updateAndGet(143)) - 5aa0106d-b151-48db-b175-21e2bb54d20a: start FollowerState
2019-10-28 11:35:14,384 [Thread-938] INFO  impl.FollowerState (FollowerState.java:run(117)) - a4a68fdc-9c21-417a-8215-14845568ad90@group-2BBC40871E24-FollowerState was interrupted: java.lang.InterruptedException: sleep interrupted
2019-10-28 11:35:14,384 [grpc-default-executor-0] INFO  impl.RoleInfo (RoleInfo.java:updateAndGet(143)) - a4a68fdc-9c21-417a-8215-14845568ad90: start FollowerState
2019-10-28 11:35:14,400 [bb175ec5-5e98-4251-9728-8e1e745e4fa1@group-2BBC40871E24-LeaderElection58] INFO  impl.LeaderElection (LeaderElection.java:logAndReturn(56)) - bb175ec5-5e98-4251-9728-8e1e745e4fa1@group-2BBC40871E24-LeaderElection58: Election REJECTED; received 2 response(s) [bb175ec5-5e98-4251-9728-8e1e745e4fa1<-a4a68fdc-9c21-417a-8215-14845568ad90#0:FAIL-t53, bb175ec5-5e98-4251-9728-8e1e745e4fa1<-5aa0106d-b151-48db-b175-21e2bb54d20a#0:FAIL-t53] and 0 exception(s); bb175ec5-5e98-4251-9728-8e1e745e4fa1@group-2BBC40871E24:t53, leader=null, voted=bb175ec5-5e98-4251-9728-8e1e745e4fa1, raftlog=bb175ec5-5e98-4251-9728-8e1e745e4fa1@group-2BBC40871E24-SegmentedRaftLog:OPENED:c3,f4,i4, conf=0: [a4a68fdc-9c21-417a-8215-14845568ad90:192.168.164.193:36183, 5aa0106d-b151-48db-b175-21e2bb54d20a:192.168.164.193:45972, bb175ec5-5e98-4251-9728-8e1e745e4fa1:192.168.164.193:34373], old=null
2019-10-28 11:35:14,400 [bb175ec5-5e98-4251-9728-8e1e745e4fa1@group-2BBC40871E24-LeaderElection58] INFO  impl.RaftServerImpl (RaftServerImpl.java:setRole(184)) - bb175ec5-5e98-4251-9728-8e1e745e4fa1@group-2BBC40871E24: changes role from CANDIDATE to FOLLOWER at term 53 for DISCOVERED_A_NEW_TERM
2019-10-28 11:35:14,400 [bb175ec5-5e98-4251-9728-8e1e745e4fa1@group-2BBC40871E24-LeaderElection58] INFO  impl.RoleInfo (RoleInfo.java:shutdownLeaderElection(134)) - bb175ec5-5e98-4251-9728-8e1e745e4fa1: shutdown LeaderElection
2019-10-28 11:35:14,400 [bb175ec5-5e98-4251-9728-8e1e745e4fa1@group-2BBC40871E24-LeaderElection58] INFO  impl.RoleInfo (RoleInfo.java:updateAndGet(143)) - bb175ec5-5e98-4251-9728-8e1e745e4fa1: start FollowerState
2019-10-28 11:35:14,433 [Thread-945] INFO  impl.FollowerState (FollowerState.java:run(108)) - bb175ec5-5e98-4251-9728-8e1e745e4fa1@group-2BBC40871E24-FollowerState: change to CANDIDATE, lastRpcTime:33ms, electionTimeout:33ms
2019-10-28 11:35:14,434 [Thread-945] INFO  impl.RoleInfo (RoleInfo.java:shutdownFollowerState(121)) - bb175ec5-5e98-4251-9728-8e1e745e4fa1: shutdown FollowerState
2019-10-28 11:35:14,434 [Thread-945] INFO  impl.RaftServerImpl (RaftServerImpl.java:setRole(184)) - bb175ec5-5e98-4251-9728-8e1e745e4fa1@group-2BBC40871E24: changes role from  FOLLOWER to CANDIDATE at term 53 for changeToCandidate
2019-10-28 11:35:14,434 [Thread-945] INFO  impl.RoleInfo (RoleInfo.java:updateAndGet(143)) - bb175ec5-5e98-4251-9728-8e1e745e4fa1: start LeaderElection
2019-10-28 11:35:14,447 [bb175ec5-5e98-4251-9728-8e1e745e4fa1@group-2BBC40871E24-LeaderElection59] INFO  impl.LeaderElection (LeaderElection.java:askForVotes(178)) - bb175ec5-5e98-4251-9728-8e1e745e4fa1@group-2BBC40871E24-LeaderElection59: begin an election at term 54 for 0: [a4a68fdc-9c21-417a-8215-14845568ad90:192.168.164.193:36183, 5aa0106d-b151-48db-b175-21e2bb54d20a:192.168.164.193:45972, bb175ec5-5e98-4251-9728-8e1e745e4fa1:192.168.164.193:34373], old=null
2019-10-28 11:35:14,449 [grpc-default-executor-2] INFO  impl.RaftServerImpl (RaftServerImpl.java:setRole(184)) - a4a68fdc-9c21-417a-8215-14845568ad90@group-2BBC40871E24: changes role from  FOLLOWER to FOLLOWER at term 54 for recognizeCandidate:bb175ec5-5e98-4251-9728-8e1e745e4fa1
2019-10-28 11:35:14,449 [grpc-default-executor-0] INFO  impl.RaftServerImpl (RaftServerImpl.java:setRole(184)) - 5aa0106d-b151-48db-b175-21e2bb54d20a@group-2BBC40871E24: changes role from  FOLLOWER to FOLLOWER at term 54 for recognizeCandidate:bb175ec5-5e98-4251-9728-8e1e745e4fa1
2019-10-28 11:35:14,450 [grpc-default-executor-2] INFO  impl.RoleInfo (RoleInfo.java:shutdownFollowerState(121)) - a4a68fdc-9c21-417a-8215-14845568ad90: shutdown FollowerState
2019-10-28 11:35:14,450 [grpc-default-executor-0] INFO  impl.RoleInfo (RoleInfo.java:shutdownFollowerState(121)) - 5aa0106d-b151-48db-b175-21e2bb54d20a: shutdown FollowerState
2019-10-28 11:35:14,450 [Thread-944] INFO  impl.FollowerState (FollowerState.java:run(117)) - a4a68fdc-9c21-417a-8215-14845568ad90@group-2BBC40871E24-FollowerState was interrupted: java.lang.InterruptedException: sleep interrupted
2019-10-28 11:35:14,450 [grpc-default-executor-2] INFO  impl.RoleInfo (RoleInfo.java:updateAndGet(143)) - a4a68fdc-9c21-417a-8215-14845568ad90: start FollowerState
2019-10-28 11:35:14,450 [grpc-default-executor-0] INFO  impl.RoleInfo (RoleInfo.java:updateAndGet(143)) - 5aa0106d-b151-48db-b175-21e2bb54d20a: start FollowerState
2019-10-28 11:35:14,450 [Thread-943] INFO  impl.FollowerState (FollowerState.java:run(117)) - 5aa0106d-b151-48db-b175-21e2bb54d20a@group-2BBC40871E24-FollowerState was interrupted: java.lang.InterruptedException: sleep interrupted
2019-10-28 11:35:14,463 [bb175ec5-5e98-4251-9728-8e1e745e4fa1@group-2BBC40871E24-LeaderElection59] INFO  impl.LeaderElection (LeaderElection.java:logAndReturn(56)) - bb175ec5-5e98-4251-9728-8e1e745e4fa1@group-2BBC40871E24-LeaderElection59: Election REJECTED; received 2 response(s) [bb175ec5-5e98-4251-9728-8e1e745e4fa1<-a4a68fdc-9c21-417a-8215-14845568ad90#0:FAIL-t54, bb175ec5-5e98-4251-9728-8e1e745e4fa1<-5aa0106d-b151-48db-b175-21e2bb54d20a#0:FAIL-t54] and 0 exception(s); bb175ec5-5e98-4251-9728-8e1e745e4fa1@group-2BBC40871E24:t54, leader=null, voted=bb175ec5-5e98-4251-9728-8e1e745e4fa1, raftlog=bb175ec5-5e98-4251-9728-8e1e745e4fa1@group-2BBC40871E24-SegmentedRaftLog:OPENED:c3,f4,i4, conf=0: [a4a68fdc-9c21-417a-8215-14845568ad90:192.168.164.193:36183, 5aa0106d-b151-48db-b175-21e2bb54d20a:192.168.164.193:45972, bb175ec5-5e98-4251-9728-8e1e745e4fa1:192.168.164.193:34373], old=null
2019-10-28 11:35:14,464 [bb175ec5-5e98-4251-9728-8e1e745e4fa1@group-2BBC40871E24-LeaderElection59] INFO  impl.RaftServerImpl (RaftServerImpl.java:setRole(184)) - bb175ec5-5e98-4251-9728-8e1e745e4fa1@group-2BBC40871E24: changes role from CANDIDATE to FOLLOWER at term 54 for DISCOVERED_A_NEW_TERM
2019-10-28 11:35:14,464 [bb175ec5-5e98-4251-9728-8e1e745e4fa1@group-2BBC40871E24-LeaderElection59] INFO  impl.RoleInfo (RoleInfo.java:shutdownLeaderElection(134)) - bb175ec5-5e98-4251-9728-8e1e745e4fa1: shutdown LeaderElection
2019-10-28 11:35:14,464 [bb175ec5-5e98-4251-9728-8e1e745e4fa1@group-2BBC40871E24-LeaderElection59] INFO  impl.RoleInfo (RoleInfo.java:updateAndGet(143)) - bb175ec5-5e98-4251-9728-8e1e745e4fa1: start FollowerState
2019-10-28 11:35:14,560 [Thread-951] INFO  impl.FollowerState (FollowerState.java:run(108)) - bb175ec5-5e98-4251-9728-8e1e745e4fa1@group-2BBC40871E24-FollowerState: change to CANDIDATE, lastRpcTime:96ms, electionTimeout:96ms
2019-10-28 11:35:14,560 [Thread-951] INFO  impl.RoleInfo (RoleInfo.java:shutdownFollowerState(121)) - bb175ec5-5e98-4251-9728-8e1e745e4fa1: shutdown FollowerState
2019-10-28 11:35:14,560 [Thread-951] INFO  impl.RaftServerImpl (RaftServerImpl.java:setRole(184)) - bb175ec5-5e98-4251-9728-8e1e745e4fa1@group-2BBC40871E24: changes role from  FOLLOWER to CANDIDATE at term 54 for changeToCandidate
2019-10-28 11:35:14,561 [Thread-951] INFO  impl.RoleInfo (RoleInfo.java:updateAndGet(143)) - bb175ec5-5e98-4251-9728-8e1e745e4fa1: start LeaderElection
2019-10-28 11:35:14,574 [bb175ec5-5e98-4251-9728-8e1e745e4fa1@group-2BBC40871E24-LeaderElection60] INFO  impl.LeaderElection (LeaderElection.java:askForVotes(178)) - bb175ec5-5e98-4251-9728-8e1e745e4fa1@group-2BBC40871E24-LeaderElection60: begin an election at term 55 for 0: [a4a68fdc-9c21-417a-8215-14845568ad90:192.168.164.193:36183, 5aa0106d-b151-48db-b175-21e2bb54d20a:192.168.164.193:45972, bb175ec5-5e98-4251-9728-8e1e745e4fa1:192.168.164.193:34373], old=null
2019-10-28 11:35:14,579 [grpc-default-executor-0] INFO  impl.RaftServerImpl (RaftServerImpl.java:setRole(184)) - a4a68fdc-9c21-417a-8215-14845568ad90@group-2BBC40871E24: changes role from  FOLLOWER to FOLLOWER at term 55 for recognizeCandidate:bb175ec5-5e98-4251-9728-8e1e745e4fa1
2019-10-28 11:35:14,579 [grpc-default-executor-2] INFO  impl.RaftServerImpl (RaftServerImpl.java:setRole(184)) - 5aa0106d-b151-48db-b175-21e2bb54d20a@group-2BBC40871E24: changes role from  FOLLOWER to FOLLOWER at term 55 for recognizeCandidate:bb175ec5-5e98-4251-9728-8e1e745e4fa1
2019-10-28 11:35:14,579 [grpc-default-executor-0] INFO  impl.RoleInfo (RoleInfo.java:shutdownFollowerState(121)) - a4a68fdc-9c21-417a-8215-14845568ad90: shutdown FollowerState
2019-10-28 11:35:14,579 [grpc-default-executor-2] INFO  impl.RoleInfo (RoleInfo.java:shutdownFollowerState(121)) - 5aa0106d-b151-48db-b175-21e2bb54d20a: shutdown FollowerState
2019-10-28 11:35:14,579 [grpc-default-executor-0] INFO  impl.RoleInfo (RoleInfo.java:updateAndGet(143)) - a4a68fdc-9c21-417a-8215-14845568ad90: start FollowerState
2019-10-28 11:35:14,579 [Thread-949] INFO  impl.FollowerState (FollowerState.java:run(117)) - a4a68fdc-9c21-417a-8215-14845568ad90@group-2BBC40871E24-FollowerState was interrupted: java.lang.InterruptedException: sleep interrupted
2019-10-28 11:35:14,579 [Thread-950] INFO  impl.FollowerState (FollowerState.java:run(117)) - 5aa0106d-b151-48db-b175-21e2bb54d20a@group-2BBC40871E24-FollowerState was interrupted: java.lang.InterruptedException: sleep interrupted
2019-10-28 11:35:14,579 [grpc-default-executor-2] INFO  impl.RoleInfo (RoleInfo.java:updateAndGet(143)) - 5aa0106d-b151-48db-b175-21e2bb54d20a: start FollowerState
2019-10-28 11:35:14,590 [bb175ec5-5e98-4251-9728-8e1e745e4fa1@group-2BBC40871E24-LeaderElection60] INFO  impl.LeaderElection (LeaderElection.java:logAndReturn(56)) - bb175ec5-5e98-4251-9728-8e1e745e4fa1@group-2BBC40871E24-LeaderElection60: Election TIMEOUT; received 0 response(s) [] and 0 exception(s); bb175ec5-5e98-4251-9728-8e1e745e4fa1@group-2BBC40871E24:t55, leader=null, voted=bb175ec5-5e98-4251-9728-8e1e745e4fa1, raftlog=bb175ec5-5e98-4251-9728-8e1e745e4fa1@group-2BBC40871E24-SegmentedRaftLog:OPENED:c3,f4,i4, conf=0: [a4a68fdc-9c21-417a-8215-14845568ad90:192.168.164.193:36183, 5aa0106d-b151-48db-b175-21e2bb54d20a:192.168.164.193:45972, bb175ec5-5e98-4251-9728-8e1e745e4fa1:192.168.164.193:34373], old=null
2019-10-28 11:35:14,594 [bb175ec5-5e98-4251-9728-8e1e745e4fa1@group-2BBC40871E24-LeaderElection60] INFO  impl.LeaderElection (LeaderElection.java:askForVotes(178)) - bb175ec5-5e98-4251-9728-8e1e745e4fa1@group-2BBC40871E24-LeaderElection60: begin an election at term 56 for 0: [a4a68fdc-9c21-417a-8215-14845568ad90:192.168.164.193:36183, 5aa0106d-b151-48db-b175-21e2bb54d20a:192.168.164.193:45972, bb175ec5-5e98-4251-9728-8e1e745e4fa1:192.168.164.193:34373], old=null
2019-10-28 11:35:14,595 [grpc-default-executor-2] INFO  impl.RaftServerImpl (RaftServerImpl.java:setRole(184)) - a4a68fdc-9c21-417a-8215-14845568ad90@group-2BBC40871E24: changes role from  FOLLOWER to FOLLOWER at term 56 for recognizeCandidate:bb175ec5-5e98-4251-9728-8e1e745e4fa1
2019-10-28 11:35:14,595 [grpc-default-executor-2] INFO  impl.RoleInfo (RoleInfo.java:shutdownFollowerState(121)) - a4a68fdc-9c21-417a-8215-14845568ad90: shutdown FollowerState
2019-10-28 11:35:14,595 [grpc-default-executor-2] INFO  impl.RoleInfo (RoleInfo.java:updateAndGet(143)) - a4a68fdc-9c21-417a-8215-14845568ad90: start FollowerState
2019-10-28 11:35:14,595 [Thread-955] INFO  impl.FollowerState (FollowerState.java:run(117)) - a4a68fdc-9c21-417a-8215-14845568ad90@group-2BBC40871E24-FollowerState was interrupted: java.lang.InterruptedException: sleep interrupted
2019-10-28 11:35:14,595 [grpc-default-executor-0] INFO  impl.RaftServerImpl (RaftServerImpl.java:setRole(184)) - 5aa0106d-b151-48db-b175-21e2bb54d20a@group-2BBC40871E24: changes role from  FOLLOWER to FOLLOWER at term 56 for recognizeCandidate:bb175ec5-5e98-4251-9728-8e1e745e4fa1
2019-10-28 11:35:14,596 [grpc-default-executor-0] INFO  impl.RoleInfo (RoleInfo.java:shutdownFollowerState(121)) - 5aa0106d-b151-48db-b175-21e2bb54d20a: shutdown FollowerState
2019-10-28 11:35:14,596 [grpc-default-executor-0] INFO  impl.RoleInfo (RoleInfo.java:updateAndGet(143)) - 5aa0106d-b151-48db-b175-21e2bb54d20a: start FollowerState
2019-10-28 11:35:14,596 [Thread-956] INFO  impl.FollowerState (FollowerState.java:run(117)) - 5aa0106d-b151-48db-b175-21e2bb54d20a@group-2BBC40871E24-FollowerState was interrupted: java.lang.InterruptedException: sleep interrupted
2019-10-28 11:35:14,610 [bb175ec5-5e98-4251-9728-8e1e745e4fa1@group-2BBC40871E24-LeaderElection60] INFO  impl.LeaderElection (LeaderElection.java:logAndReturn(56)) - bb175ec5-5e98-4251-9728-8e1e745e4fa1@group-2BBC40871E24-LeaderElection60: Election REJECTED; received 2 response(s) [bb175ec5-5e98-4251-9728-8e1e745e4fa1<-a4a68fdc-9c21-417a-8215-14845568ad90#0:FAIL-t56, bb175ec5-5e98-4251-9728-8e1e745e4fa1<-5aa0106d-b151-48db-b175-21e2bb54d20a#0:FAIL-t56] and 0 exception(s); bb175ec5-5e98-4251-9728-8e1e745e4fa1@group-2BBC40871E24:t56, leader=null, voted=bb175ec5-5e98-4251-9728-8e1e745e4fa1, raftlog=bb175ec5-5e98-4251-9728-8e1e745e4fa1@group-2BBC40871E24-SegmentedRaftLog:OPENED:c3,f4,i4, conf=0: [a4a68fdc-9c21-417a-8215-14845568ad90:192.168.164.193:36183, 5aa0106d-b151-48db-b175-21e2bb54d20a:192.168.164.193:45972, bb175ec5-5e98-4251-9728-8e1e745e4fa1:192.168.164.193:34373], old=null
2019-10-28 11:35:14,610 [bb175ec5-5e98-4251-9728-8e1e745e4fa1@group-2BBC40871E24-LeaderElection60] INFO  impl.RaftServerImpl (RaftServerImpl.java:setRole(184)) - bb175ec5-5e98-4251-9728-8e1e745e4fa1@group-2BBC40871E24: changes role from CANDIDATE to FOLLOWER at term 56 for DISCOVERED_A_NEW_TERM
2019-10-28 11:35:14,610 [bb175ec5-5e98-4251-9728-8e1e745e4fa1@group-2BBC40871E24-LeaderElection60] INFO  impl.RoleInfo (RoleInfo.java:shutdownLeaderElection(134)) - bb175ec5-5e98-4251-9728-8e1e745e4fa1: shutdown LeaderElection
2019-10-28 11:35:14,610 [bb175ec5-5e98-4251-9728-8e1e745e4fa1@group-2BBC40871E24-LeaderElection60] INFO  impl.RoleInfo (RoleInfo.java:updateAndGet(143)) - bb175ec5-5e98-4251-9728-8e1e745e4fa1: start FollowerState
2019-10-28 11:35:14,668 [Thread-961] INFO  impl.FollowerState (FollowerState.java:run(108)) - bb175ec5-5e98-4251-9728-8e1e745e4fa1@group-2BBC40871E24-FollowerState: change to CANDIDATE, lastRpcTime:58ms, electionTimeout:58ms
2019-10-28 11:35:14,669 [Thread-961] INFO  impl.RoleInfo (RoleInfo.java:shutdownFollowerState(121)) - bb175ec5-5e98-4251-9728-8e1e745e4fa1: shutdown FollowerState
2019-10-28 11:35:14,669 [Thread-961] INFO  impl.RaftServerImpl (RaftServerImpl.java:setRole(184)) - bb175ec5-5e98-4251-9728-8e1e745e4fa1@group-2BBC40871E24: changes role from  FOLLOWER to CANDIDATE at term 56 for changeToCandidate
2019-10-28 11:35:14,669 [Thread-961] INFO  impl.RoleInfo (RoleInfo.java:updateAndGet(143)) - bb175ec5-5e98-4251-9728-8e1e745e4fa1: start LeaderElection
2019-10-28 11:35:14,682 [bb175ec5-5e98-4251-9728-8e1e745e4fa1@group-2BBC40871E24-LeaderElection61] INFO  impl.LeaderElection (LeaderElection.java:askForVotes(178)) - bb175ec5-5e98-4251-9728-8e1e745e4fa1@group-2BBC40871E24-LeaderElection61: begin an election at term 57 for 0: [a4a68fdc-9c21-417a-8215-14845568ad90:192.168.164.193:36183, 5aa0106d-b151-48db-b175-21e2bb54d20a:192.168.164.193:45972, bb175ec5-5e98-4251-9728-8e1e745e4fa1:192.168.164.193:34373], old=null
2019-10-28 11:35:14,684 [grpc-default-executor-0] INFO  impl.RaftServerImpl (RaftServerImpl.java:setRole(184)) - 5aa0106d-b151-48db-b175-21e2bb54d20a@group-2BBC40871E24: changes role from  FOLLOWER to FOLLOWER at term 57 for recognizeCandidate:bb175ec5-5e98-4251-9728-8e1e745e4fa1
2019-10-28 11:35:14,684 [grpc-default-executor-2] INFO  impl.RaftServerImpl (RaftServerImpl.java:setRole(184)) - a4a68fdc-9c21-417a-8215-14845568ad90@group-2BBC40871E24: changes role from  FOLLOWER to FOLLOWER at term 57 for recognizeCandidate:bb175ec5-5e98-4251-9728-8e1e745e4fa1
2019-10-28 11:35:14,685 [grpc-default-executor-2] INFO  impl.RoleInfo (RoleInfo.java:shutdownFollowerState(121)) - a4a68fdc-9c21-417a-8215-14845568ad90: shutdown FollowerState
2019-10-28 11:35:14,685 [grpc-default-executor-0] INFO  impl.RoleInfo (RoleInfo.java:shutdownFollowerState(121)) - 5aa0106d-b151-48db-b175-21e2bb54d20a: shutdown FollowerState
2019-10-28 11:35:14,685 [Thread-959] INFO  impl.FollowerState (FollowerState.java:run(117)) - a4a68fdc-9c21-417a-8215-14845568ad90@group-2BBC40871E24-FollowerState was interrupted: java.lang.InterruptedException: sleep interrupted
2019-10-28 11:35:14,685 [grpc-default-executor-2] INFO  impl.RoleInfo (RoleInfo.java:updateAndGet(143)) - a4a68fdc-9c21-417a-8215-14845568ad90: start FollowerState
2019-10-28 11:35:14,685 [Thread-960] INFO  impl.FollowerState (FollowerState.java:run(117)) - 5aa0106d-b151-48db-b175-21e2bb54d20a@group-2BBC40871E24-FollowerState was interrupted: java.lang.InterruptedException: sleep interrupted
2019-10-28 11:35:14,685 [grpc-default-executor-0] INFO  impl.RoleInfo (RoleInfo.java:updateAndGet(143)) - 5aa0106d-b151-48db-b175-21e2bb54d20a: start FollowerState
2019-10-28 11:35:14,700 [bb175ec5-5e98-4251-9728-8e1e745e4fa1@group-2BBC40871E24-LeaderElection61] INFO  impl.LeaderElection (LeaderElection.java:logAndReturn(56)) - bb175ec5-5e98-4251-9728-8e1e745e4fa1@group-2BBC40871E24-LeaderElection61: Election REJECTED; received 2 response(s) [bb175ec5-5e98-4251-9728-8e1e745e4fa1<-a4a68fdc-9c21-417a-8215-14845568ad90#0:FAIL-t57, bb175ec5-5e98-4251-9728-8e1e745e4fa1<-5aa0106d-b151-48db-b175-21e2bb54d20a#0:FAIL-t57] and 0 exception(s); bb175ec5-5e98-4251-9728-8e1e745e4fa1@group-2BBC40871E24:t57, leader=null, voted=bb175ec5-5e98-4251-9728-8e1e745e4fa1, raftlog=bb175ec5-5e98-4251-9728-8e1e745e4fa1@group-2BBC40871E24-SegmentedRaftLog:OPENED:c3,f4,i4, conf=0: [a4a68fdc-9c21-417a-8215-14845568ad90:192.168.164.193:36183, 5aa0106d-b151-48db-b175-21e2bb54d20a:192.168.164.193:45972, bb175ec5-5e98-4251-9728-8e1e745e4fa1:192.168.164.193:34373], old=null
2019-10-28 11:35:14,700 [bb175ec5-5e98-4251-9728-8e1e745e4fa1@group-2BBC40871E24-LeaderElection61] INFO  impl.RaftServerImpl (RaftServerImpl.java:setRole(184)) - bb175ec5-5e98-4251-9728-8e1e745e4fa1@group-2BBC40871E24: changes role from CANDIDATE to FOLLOWER at term 57 for DISCOVERED_A_NEW_TERM
2019-10-28 11:35:14,700 [bb175ec5-5e98-4251-9728-8e1e745e4fa1@group-2BBC40871E24-LeaderElection61] INFO  impl.RoleInfo (RoleInfo.java:shutdownLeaderElection(134)) - bb175ec5-5e98-4251-9728-8e1e745e4fa1: shutdown LeaderElection
2019-10-28 11:35:14,700 [bb175ec5-5e98-4251-9728-8e1e745e4fa1@group-2BBC40871E24-LeaderElection61] INFO  impl.RoleInfo (RoleInfo.java:updateAndGet(143)) - bb175ec5-5e98-4251-9728-8e1e745e4fa1: start FollowerState
2019-10-28 11:35:14,774 [BlockDeletingService#2] WARN  background.BlockDeletingService (BlockDeletingService.java:isDeletionAllowed(187)) - Close Container log Index 6 is not replicated across allthe servers in the pipeline 673f7971-0954-4a65-9d1b-2bbc40871e24 as the min replicated index is 4. Deletion is not allowed in this container yet.
2019-10-28 11:35:14,774 [BlockDeletingService#2] WARN  background.BlockDeletingService (BlockDeletingService.java:isDeletionAllowed(187)) - Close Container log Index 6 is not replicated across allthe servers in the pipeline 673f7971-0954-4a65-9d1b-2bbc40871e24 as the min replicated index is 4. Deletion is not allowed in this container yet.
2019-10-28 11:35:14,799 [Thread-969] INFO  impl.FollowerState (FollowerState.java:run(108)) - bb175ec5-5e98-4251-9728-8e1e745e4fa1@group-2BBC40871E24-FollowerState: change to CANDIDATE, lastRpcTime:98ms, electionTimeout:98ms
2019-10-28 11:35:14,801 [Thread-969] INFO  impl.RoleInfo (RoleInfo.java:shutdownFollowerState(121)) - bb175ec5-5e98-4251-9728-8e1e745e4fa1: shutdown FollowerState
2019-10-28 11:35:14,801 [Thread-969] INFO  impl.RaftServerImpl (RaftServerImpl.java:setRole(184)) - bb175ec5-5e98-4251-9728-8e1e745e4fa1@group-2BBC40871E24: changes role from  FOLLOWER to CANDIDATE at term 57 for changeToCandidate
2019-10-28 11:35:14,801 [Thread-969] INFO  impl.RoleInfo (RoleInfo.java:updateAndGet(143)) - bb175ec5-5e98-4251-9728-8e1e745e4fa1: start LeaderElection
2019-10-28 11:35:14,817 [bb175ec5-5e98-4251-9728-8e1e745e4fa1@group-2BBC40871E24-LeaderElection62] INFO  impl.LeaderElection (LeaderElection.java:askForVotes(178)) - bb175ec5-5e98-4251-9728-8e1e745e4fa1@group-2BBC40871E24-LeaderElection62: begin an election at term 58 for 0: [a4a68fdc-9c21-417a-8215-14845568ad90:192.168.164.193:36183, 5aa0106d-b151-48db-b175-21e2bb54d20a:192.168.164.193:45972, bb175ec5-5e98-4251-9728-8e1e745e4fa1:192.168.164.193:34373], old=null
2019-10-28 11:35:14,823 [grpc-default-executor-0] INFO  impl.RaftServerImpl (RaftServerImpl.java:setRole(184)) - a4a68fdc-9c21-417a-8215-14845568ad90@group-2BBC40871E24: changes role from  FOLLOWER to FOLLOWER at term 58 for recognizeCandidate:bb175ec5-5e98-4251-9728-8e1e745e4fa1
2019-10-28 11:35:14,823 [grpc-default-executor-2] INFO  impl.RaftServerImpl (RaftServerImpl.java:setRole(184)) - 5aa0106d-b151-48db-b175-21e2bb54d20a@group-2BBC40871E24: changes role from  FOLLOWER to FOLLOWER at term 58 for recognizeCandidate:bb175ec5-5e98-4251-9728-8e1e745e4fa1
2019-10-28 11:35:14,823 [grpc-default-executor-0] INFO  impl.RoleInfo (RoleInfo.java:shutdownFollowerState(121)) - a4a68fdc-9c21-417a-8215-14845568ad90: shutdown FollowerState
2019-10-28 11:35:14,823 [grpc-default-executor-2] INFO  impl.RoleInfo (RoleInfo.java:shutdownFollowerState(121)) - 5aa0106d-b151-48db-b175-21e2bb54d20a: shutdown FollowerState
2019-10-28 11:35:14,823 [Thread-965] INFO  impl.FollowerState (FollowerState.java:run(117)) - a4a68fdc-9c21-417a-8215-14845568ad90@group-2BBC40871E24-FollowerState was interrupted: java.lang.InterruptedException: sleep interrupted
2019-10-28 11:35:14,823 [grpc-default-executor-0] INFO  impl.RoleInfo (RoleInfo.java:updateAndGet(143)) - a4a68fdc-9c21-417a-8215-14845568ad90: start FollowerState
2019-10-28 11:35:14,823 [Thread-966] INFO  impl.FollowerState (FollowerState.java:run(117)) - 5aa0106d-b151-48db-b175-21e2bb54d20a@group-2BBC40871E24-FollowerState was interrupted: java.lang.InterruptedException: sleep interrupted
2019-10-28 11:35:14,823 [grpc-default-executor-2] INFO  impl.RoleInfo (RoleInfo.java:updateAndGet(143)) - 5aa0106d-b151-48db-b175-21e2bb54d20a: start FollowerState
2019-10-28 11:35:14,839 [bb175ec5-5e98-4251-9728-8e1e745e4fa1@group-2BBC40871E24-LeaderElection62] INFO  impl.LeaderElection (LeaderElection.java:logAndReturn(56)) - bb175ec5-5e98-4251-9728-8e1e745e4fa1@group-2BBC40871E24-LeaderElection62: Election REJECTED; received 2 response(s) [bb175ec5-5e98-4251-9728-8e1e745e4fa1<-a4a68fdc-9c21-417a-8215-14845568ad90#0:FAIL-t58, bb175ec5-5e98-4251-9728-8e1e745e4fa1<-5aa0106d-b151-48db-b175-21e2bb54d20a#0:FAIL-t58] and 0 exception(s); bb175ec5-5e98-4251-9728-8e1e745e4fa1@group-2BBC40871E24:t58, leader=null, voted=bb175ec5-5e98-4251-9728-8e1e745e4fa1, raftlog=bb175ec5-5e98-4251-9728-8e1e745e4fa1@group-2BBC40871E24-SegmentedRaftLog:OPENED:c3,f4,i4, conf=0: [a4a68fdc-9c21-417a-8215-14845568ad90:192.168.164.193:36183, 5aa0106d-b151-48db-b175-21e2bb54d20a:192.168.164.193:45972, bb175ec5-5e98-4251-9728-8e1e745e4fa1:192.168.164.193:34373], old=null
2019-10-28 11:35:14,839 [bb175ec5-5e98-4251-9728-8e1e745e4fa1@group-2BBC40871E24-LeaderElection62] INFO  impl.RaftServerImpl (RaftServerImpl.java:setRole(184)) - bb175ec5-5e98-4251-9728-8e1e745e4fa1@group-2BBC40871E24: changes role from CANDIDATE to FOLLOWER at term 58 for DISCOVERED_A_NEW_TERM
2019-10-28 11:35:14,839 [bb175ec5-5e98-4251-9728-8e1e745e4fa1@group-2BBC40871E24-LeaderElection62] INFO  impl.RoleInfo (RoleInfo.java:shutdownLeaderElection(134)) - bb175ec5-5e98-4251-9728-8e1e745e4fa1: shutdown LeaderElection
2019-10-28 11:35:14,839 [bb175ec5-5e98-4251-9728-8e1e745e4fa1@group-2BBC40871E24-LeaderElection62] INFO  impl.RoleInfo (RoleInfo.java:updateAndGet(143)) - bb175ec5-5e98-4251-9728-8e1e745e4fa1: start FollowerState
2019-10-28 11:35:14,873 [Thread-977] INFO  impl.FollowerState (FollowerState.java:run(108)) - bb175ec5-5e98-4251-9728-8e1e745e4fa1@group-2BBC40871E24-FollowerState: change to CANDIDATE, lastRpcTime:33ms, electionTimeout:33ms
2019-10-28 11:35:14,873 [Thread-977] INFO  impl.RoleInfo (RoleInfo.java:shutdownFollowerState(121)) - bb175ec5-5e98-4251-9728-8e1e745e4fa1: shutdown FollowerState
2019-10-28 11:35:14,873 [Thread-977] INFO  impl.RaftServerImpl (RaftServerImpl.java:setRole(184)) - bb175ec5-5e98-4251-9728-8e1e745e4fa1@group-2BBC40871E24: changes role from  FOLLOWER to CANDIDATE at term 58 for changeToCandidate
2019-10-28 11:35:14,873 [Thread-977] INFO  impl.RoleInfo (RoleInfo.java:updateAndGet(143)) - bb175ec5-5e98-4251-9728-8e1e745e4fa1: start LeaderElection
2019-10-28 11:35:14,886 [bb175ec5-5e98-4251-9728-8e1e745e4fa1@group-2BBC40871E24-LeaderElection63] INFO  impl.LeaderElection (LeaderElection.java:askForVotes(178)) - bb175ec5-5e98-4251-9728-8e1e745e4fa1@group-2BBC40871E24-LeaderElection63: begin an election at term 59 for 0: [a4a68fdc-9c21-417a-8215-14845568ad90:192.168.164.193:36183, 5aa0106d-b151-48db-b175-21e2bb54d20a:192.168.164.193:45972, bb175ec5-5e98-4251-9728-8e1e745e4fa1:192.168.164.193:34373], old=null
2019-10-28 11:35:14,888 [grpc-default-executor-0] INFO  impl.RaftServerImpl (RaftServerImpl.java:setRole(184)) - a4a68fdc-9c21-417a-8215-14845568ad90@group-2BBC40871E24: changes role from  FOLLOWER to FOLLOWER at term 59 for recognizeCandidate:bb175ec5-5e98-4251-9728-8e1e745e4fa1
2019-10-28 11:35:14,889 [grpc-default-executor-0] INFO  impl.RoleInfo (RoleInfo.java:shutdownFollowerState(121)) - a4a68fdc-9c21-417a-8215-14845568ad90: shutdown FollowerState
2019-10-28 11:35:14,889 [grpc-default-executor-2] INFO  impl.RaftServerImpl (RaftServerImpl.java:setRole(184)) - 5aa0106d-b151-48db-b175-21e2bb54d20a@group-2BBC40871E24: changes role from  FOLLOWER to FOLLOWER at term 59 for recognizeCandidate:bb175ec5-5e98-4251-9728-8e1e745e4fa1
2019-10-28 11:35:14,889 [grpc-default-executor-2] INFO  impl.RoleInfo (RoleInfo.java:shutdownFollowerState(121)) - 5aa0106d-b151-48db-b175-21e2bb54d20a: shutdown FollowerState
2019-10-28 11:35:14,889 [Thread-975] INFO  impl.FollowerState (FollowerState.java:run(117)) - a4a68fdc-9c21-417a-8215-14845568ad90@group-2BBC40871E24-FollowerState was interrupted: java.lang.InterruptedException: sleep interrupted
2019-10-28 11:35:14,889 [grpc-default-executor-0] INFO  impl.RoleInfo (RoleInfo.java:updateAndGet(143)) - a4a68fdc-9c21-417a-8215-14845568ad90: start FollowerState
2019-10-28 11:35:14,889 [Thread-976] INFO  impl.FollowerState (FollowerState.java:run(117)) - 5aa0106d-b151-48db-b175-21e2bb54d20a@group-2BBC40871E24-FollowerState was interrupted: java.lang.InterruptedException: sleep interrupted
2019-10-28 11:35:14,889 [grpc-default-executor-2] INFO  impl.RoleInfo (RoleInfo.java:updateAndGet(143)) - 5aa0106d-b151-48db-b175-21e2bb54d20a: start FollowerState
2019-10-28 11:35:14,904 [bb175ec5-5e98-4251-9728-8e1e745e4fa1@group-2BBC40871E24-LeaderElection63] INFO  impl.LeaderElection (LeaderElection.java:logAndReturn(56)) - bb175ec5-5e98-4251-9728-8e1e745e4fa1@group-2BBC40871E24-LeaderElection63: Election REJECTED; received 2 response(s) [bb175ec5-5e98-4251-9728-8e1e745e4fa1<-a4a68fdc-9c21-417a-8215-14845568ad90#0:FAIL-t59, bb175ec5-5e98-4251-9728-8e1e745e4fa1<-5aa0106d-b151-48db-b175-21e2bb54d20a#0:FAIL-t59] and 0 exception(s); bb175ec5-5e98-4251-9728-8e1e745e4fa1@group-2BBC40871E24:t59, leader=null, voted=bb175ec5-5e98-4251-9728-8e1e745e4fa1, raftlog=bb175ec5-5e98-4251-9728-8e1e745e4fa1@group-2BBC40871E24-SegmentedRaftLog:OPENED:c3,f4,i4, conf=0: [a4a68fdc-9c21-417a-8215-14845568ad90:192.168.164.193:36183, 5aa0106d-b151-48db-b175-21e2bb54d20a:192.168.164.193:45972, bb175ec5-5e98-4251-9728-8e1e745e4fa1:192.168.164.193:34373], old=null
2019-10-28 11:35:14,904 [bb175ec5-5e98-4251-9728-8e1e745e4fa1@group-2BBC40871E24-LeaderElection63] INFO  impl.RaftServerImpl (RaftServerImpl.java:setRole(184)) - bb175ec5-5e98-4251-9728-8e1e745e4fa1@group-2BBC40871E24: changes role from CANDIDATE to FOLLOWER at term 59 for DISCOVERED_A_NEW_TERM
2019-10-28 11:35:14,904 [bb175ec5-5e98-4251-9728-8e1e745e4fa1@group-2BBC40871E24-LeaderElection63] INFO  impl.RoleInfo (RoleInfo.java:shutdownLeaderElection(134)) - bb175ec5-5e98-4251-9728-8e1e745e4fa1: shutdown LeaderElection
2019-10-28 11:35:14,904 [bb175ec5-5e98-4251-9728-8e1e745e4fa1@group-2BBC40871E24-LeaderElection63] INFO  impl.RoleInfo (RoleInfo.java:updateAndGet(143)) - bb175ec5-5e98-4251-9728-8e1e745e4fa1: start FollowerState
2019-10-28 11:35:15,000 [Thread-984] INFO  impl.FollowerState (FollowerState.java:run(108)) - bb175ec5-5e98-4251-9728-8e1e745e4fa1@group-2BBC40871E24-FollowerState: change to CANDIDATE, lastRpcTime:96ms, electionTimeout:96ms
2019-10-28 11:35:15,000 [Thread-984] INFO  impl.RoleInfo (RoleInfo.java:shutdownFollowerState(121)) - bb175ec5-5e98-4251-9728-8e1e745e4fa1: shutdown FollowerState
2019-10-28 11:35:15,000 [Thread-984] INFO  impl.RaftServerImpl (RaftServerImpl.java:setRole(184)) - bb175ec5-5e98-4251-9728-8e1e745e4fa1@group-2BBC40871E24: changes role from  FOLLOWER to CANDIDATE at term 59 for changeToCandidate
2019-10-28 11:35:15,000 [Thread-984] INFO  impl.RoleInfo (RoleInfo.java:updateAndGet(143)) - bb175ec5-5e98-4251-9728-8e1e745e4fa1: start LeaderElection
2019-10-28 11:35:15,014 [bb175ec5-5e98-4251-9728-8e1e745e4fa1@group-2BBC40871E24-LeaderElection64] INFO  impl.LeaderElection (LeaderElection.java:askForVotes(178)) - bb175ec5-5e98-4251-9728-8e1e745e4fa1@group-2BBC40871E24-LeaderElection64: begin an election at term 60 for 0: [a4a68fdc-9c21-417a-8215-14845568ad90:192.168.164.193:36183, 5aa0106d-b151-48db-b175-21e2bb54d20a:192.168.164.193:45972, bb175ec5-5e98-4251-9728-8e1e745e4fa1:192.168.164.193:34373], old=null
2019-10-28 11:35:15,016 [grpc-default-executor-2] INFO  impl.RaftServerImpl (RaftServerImpl.java:setRole(184)) - a4a68fdc-9c21-417a-8215-14845568ad90@group-2BBC40871E24: changes role from  FOLLOWER to FOLLOWER at term 60 for recognizeCandidate:bb175ec5-5e98-4251-9728-8e1e745e4fa1
2019-10-28 11:35:15,016 [grpc-default-executor-2] INFO  impl.RoleInfo (RoleInfo.java:shutdownFollowerState(121)) - a4a68fdc-9c21-417a-8215-14845568ad90: shutdown FollowerState
2019-10-28 11:35:15,016 [grpc-default-executor-2] INFO  impl.RoleInfo (RoleInfo.java:updateAndGet(143)) - a4a68fdc-9c21-417a-8215-14845568ad90: start FollowerState
2019-10-28 11:35:15,016 [Thread-982] INFO  impl.FollowerState (FollowerState.java:run(117)) - a4a68fdc-9c21-417a-8215-14845568ad90@group-2BBC40871E24-FollowerState was interrupted: java.lang.InterruptedException: sleep interrupted
2019-10-28 11:35:15,017 [grpc-default-executor-0] INFO  impl.RaftServerImpl (RaftServerImpl.java:setRole(184)) - 5aa0106d-b151-48db-b175-21e2bb54d20a@group-2BBC40871E24: changes role from  FOLLOWER to FOLLOWER at term 60 for recognizeCandidate:bb175ec5-5e98-4251-9728-8e1e745e4fa1
2019-10-28 11:35:15,017 [grpc-default-executor-0] INFO  impl.RoleInfo (RoleInfo.java:shutdownFollowerState(121)) - 5aa0106d-b151-48db-b175-21e2bb54d20a: shutdown FollowerState
2019-10-28 11:35:15,017 [grpc-default-executor-0] INFO  impl.RoleInfo (RoleInfo.java:updateAndGet(143)) - 5aa0106d-b151-48db-b175-21e2bb54d20a: start FollowerState
2019-10-28 11:35:15,017 [Thread-983] INFO  impl.FollowerState (FollowerState.java:run(117)) - 5aa0106d-b151-48db-b175-21e2bb54d20a@group-2BBC40871E24-FollowerState was interrupted: java.lang.InterruptedException: sleep interrupted
2019-10-28 11:35:15,031 [bb175ec5-5e98-4251-9728-8e1e745e4fa1@group-2BBC40871E24-LeaderElection64] INFO  impl.LeaderElection (LeaderElection.java:logAndReturn(56)) - bb175ec5-5e98-4251-9728-8e1e745e4fa1@group-2BBC40871E24-LeaderElection64: Election REJECTED; received 2 response(s) [bb175ec5-5e98-4251-9728-8e1e745e4fa1<-a4a68fdc-9c21-417a-8215-14845568ad90#0:FAIL-t60, bb175ec5-5e98-4251-9728-8e1e745e4fa1<-5aa0106d-b151-48db-b175-21e2bb54d20a#0:FAIL-t60] and 0 exception(s); bb175ec5-5e98-4251-9728-8e1e745e4fa1@group-2BBC40871E24:t60, leader=null, voted=bb175ec5-5e98-4251-9728-8e1e745e4fa1, raftlog=bb175ec5-5e98-4251-9728-8e1e745e4fa1@group-2BBC40871E24-SegmentedRaftLog:OPENED:c3,f4,i4, conf=0: [a4a68fdc-9c21-417a-8215-14845568ad90:192.168.164.193:36183, 5aa0106d-b151-48db-b175-21e2bb54d20a:192.168.164.193:45972, bb175ec5-5e98-4251-9728-8e1e745e4fa1:192.168.164.193:34373], old=null
2019-10-28 11:35:15,031 [bb175ec5-5e98-4251-9728-8e1e745e4fa1@group-2BBC40871E24-LeaderElection64] INFO  impl.RaftServerImpl (RaftServerImpl.java:setRole(184)) - bb175ec5-5e98-4251-9728-8e1e745e4fa1@group-2BBC40871E24: changes role from CANDIDATE to FOLLOWER at term 60 for DISCOVERED_A_NEW_TERM
2019-10-28 11:35:15,031 [bb175ec5-5e98-4251-9728-8e1e745e4fa1@group-2BBC40871E24-LeaderElection64] INFO  impl.RoleInfo (RoleInfo.java:shutdownLeaderElection(134)) - bb175ec5-5e98-4251-9728-8e1e745e4fa1: shutdown LeaderElection
2019-10-28 11:35:15,031 [bb175ec5-5e98-4251-9728-8e1e745e4fa1@group-2BBC40871E24-LeaderElection64] INFO  impl.RoleInfo (RoleInfo.java:updateAndGet(143)) - bb175ec5-5e98-4251-9728-8e1e745e4fa1: start FollowerState
2019-10-28 11:35:15,115 [Thread-992] INFO  client.GrpcClientProtocolService (GrpcClientProtocolService.java:lambda$processClientRequest$0(278)) - Failed RaftClientRequest:client-8D88133FDDEB->a4a68fdc-9c21-417a-8215-14845568ad90@group-2BBC40871E24, cid=10, seq=0, Watch-ALL_COMMITTED(6), Message:<EMPTY>, reply=RaftClientReply:client-8D88133FDDEB->a4a68fdc-9c21-417a-8215-14845568ad90@group-2BBC40871E24, cid=10, FAILED org.apache.ratis.protocol.NotLeaderException: Server a4a68fdc-9c21-417a-8215-14845568ad90@group-2BBC40871E24 is not the leader, logIndex=0, commits[a4a68fdc-9c21-417a-8215-14845568ad90:c10, 5aa0106d-b151-48db-b175-21e2bb54d20a:c10, bb175ec5-5e98-4251-9728-8e1e745e4fa1:c4]
2019-10-28 11:35:15,125 [Thread-990] INFO  impl.FollowerState (FollowerState.java:run(108)) - bb175ec5-5e98-4251-9728-8e1e745e4fa1@group-2BBC40871E24-FollowerState: change to CANDIDATE, lastRpcTime:94ms, electionTimeout:91ms
2019-10-28 11:35:15,126 [Thread-990] INFO  impl.RoleInfo (RoleInfo.java:shutdownFollowerState(121)) - bb175ec5-5e98-4251-9728-8e1e745e4fa1: shutdown FollowerState
2019-10-28 11:35:15,126 [Thread-990] INFO  impl.RaftServerImpl (RaftServerImpl.java:setRole(184)) - bb175ec5-5e98-4251-9728-8e1e745e4fa1@group-2BBC40871E24: changes role from  FOLLOWER to CANDIDATE at term 60 for changeToCandidate
2019-10-28 11:35:15,126 [Thread-990] INFO  impl.RoleInfo (RoleInfo.java:updateAndGet(143)) - bb175ec5-5e98-4251-9728-8e1e745e4fa1: start LeaderElection
2019-10-28 11:35:15,140 [bb175ec5-5e98-4251-9728-8e1e745e4fa1@group-2BBC40871E24-LeaderElection65] INFO  impl.LeaderElection (LeaderElection.java:askForVotes(178)) - bb175ec5-5e98-4251-9728-8e1e745e4fa1@group-2BBC40871E24-LeaderElection65: begin an election at term 61 for 0: [a4a68fdc-9c21-417a-8215-14845568ad90:192.168.164.193:36183, 5aa0106d-b151-48db-b175-21e2bb54d20a:192.168.164.193:45972, bb175ec5-5e98-4251-9728-8e1e745e4fa1:192.168.164.193:34373], old=null
2019-10-28 11:35:15,142 [grpc-default-executor-0] INFO  impl.RaftServerImpl (RaftServerImpl.java:setRole(184)) - a4a68fdc-9c21-417a-8215-14845568ad90@group-2BBC40871E24: changes role from  FOLLOWER to FOLLOWER at term 61 for recognizeCandidate:bb175ec5-5e98-4251-9728-8e1e745e4fa1
2019-10-28 11:35:15,142 [grpc-default-executor-2] INFO  impl.RaftServerImpl (RaftServerImpl.java:setRole(184)) - 5aa0106d-b151-48db-b175-21e2bb54d20a@group-2BBC40871E24: changes role from  FOLLOWER to FOLLOWER at term 61 for recognizeCandidate:bb175ec5-5e98-4251-9728-8e1e745e4fa1
2019-10-28 11:35:15,142 [grpc-default-executor-0] INFO  impl.RoleInfo (RoleInfo.java:shutdownFollowerState(121)) - a4a68fdc-9c21-417a-8215-14845568ad90: shutdown FollowerState
2019-10-28 11:35:15,142 [grpc-default-executor-2] INFO  impl.RoleInfo (RoleInfo.java:shutdownFollowerState(121)) - 5aa0106d-b151-48db-b175-21e2bb54d20a: shutdown FollowerState
2019-10-28 11:35:15,142 [Thread-988] INFO  impl.FollowerState (FollowerState.java:run(117)) - a4a68fdc-9c21-417a-8215-14845568ad90@group-2BBC40871E24-FollowerState was interrupted: java.lang.InterruptedException: sleep interrupted
2019-10-28 11:35:15,142 [grpc-default-executor-0] INFO  impl.RoleInfo (RoleInfo.java:updateAndGet(143)) - a4a68fdc-9c21-417a-8215-14845568ad90: start FollowerState
2019-10-28 11:35:15,142 [Thread-989] INFO  impl.FollowerState (FollowerState.java:run(117)) - 5aa0106d-b151-48db-b175-21e2bb54d20a@group-2BBC40871E24-FollowerState was interrupted: java.lang.InterruptedException: sleep interrupted
2019-10-28 11:35:15,142 [grpc-default-executor-2] INFO  impl.RoleInfo (RoleInfo.java:updateAndGet(143)) - 5aa0106d-b151-48db-b175-21e2bb54d20a: start FollowerState
2019-10-28 11:35:15,157 [bb175ec5-5e98-4251-9728-8e1e745e4fa1@group-2BBC40871E24-LeaderElection65] INFO  impl.LeaderElection (LeaderElection.java:logAndReturn(56)) - bb175ec5-5e98-4251-9728-8e1e745e4fa1@group-2BBC40871E24-LeaderElection65: Election REJECTED; received 2 response(s) [bb175ec5-5e98-4251-9728-8e1e745e4fa1<-a4a68fdc-9c21-417a-8215-14845568ad90#0:FAIL-t61, bb175ec5-5e98-4251-9728-8e1e745e4fa1<-5aa0106d-b151-48db-b175-21e2bb54d20a#0:FAIL-t61] and 0 exception(s); bb175ec5-5e98-4251-9728-8e1e745e4fa1@group-2BBC40871E24:t61, leader=null, voted=bb175ec5-5e98-4251-9728-8e1e745e4fa1, raftlog=bb175ec5-5e98-4251-9728-8e1e745e4fa1@group-2BBC40871E24-SegmentedRaftLog:OPENED:c3,f4,i4, conf=0: [a4a68fdc-9c21-417a-8215-14845568ad90:192.168.164.193:36183, 5aa0106d-b151-48db-b175-21e2bb54d20a:192.168.164.193:45972, bb175ec5-5e98-4251-9728-8e1e745e4fa1:192.168.164.193:34373], old=null
2019-10-28 11:35:15,157 [bb175ec5-5e98-4251-9728-8e1e745e4fa1@group-2BBC40871E24-LeaderElection65] INFO  impl.RaftServerImpl (RaftServerImpl.java:setRole(184)) - bb175ec5-5e98-4251-9728-8e1e745e4fa1@group-2BBC40871E24: changes role from CANDIDATE to FOLLOWER at term 61 for DISCOVERED_A_NEW_TERM
2019-10-28 11:35:15,158 [bb175ec5-5e98-4251-9728-8e1e745e4fa1@group-2BBC40871E24-LeaderElection65] INFO  impl.RoleInfo (RoleInfo.java:shutdownLeaderElection(134)) - bb175ec5-5e98-4251-9728-8e1e745e4fa1: shutdown LeaderElection
2019-10-28 11:35:15,158 [bb175ec5-5e98-4251-9728-8e1e745e4fa1@group-2BBC40871E24-LeaderElection65] INFO  impl.RoleInfo (RoleInfo.java:updateAndGet(143)) - bb175ec5-5e98-4251-9728-8e1e745e4fa1: start FollowerState
2019-10-28 11:35:15,186 [Thread-999] INFO  impl.FollowerState (FollowerState.java:run(108)) - bb175ec5-5e98-4251-9728-8e1e745e4fa1@group-2BBC40871E24-FollowerState: change to CANDIDATE, lastRpcTime:28ms, electionTimeout:28ms
2019-10-28 11:35:15,186 [Thread-999] INFO  impl.RoleInfo (RoleInfo.java:shutdownFollowerState(121)) - bb175ec5-5e98-4251-9728-8e1e745e4fa1: shutdown FollowerState
2019-10-28 11:35:15,187 [Thread-999] INFO  impl.RaftServerImpl (RaftServerImpl.java:setRole(184)) - bb175ec5-5e98-4251-9728-8e1e745e4fa1@group-2BBC40871E24: changes role from  FOLLOWER to CANDIDATE at term 61 for changeToCandidate
2019-10-28 11:35:15,187 [Thread-999] INFO  impl.RoleInfo (RoleInfo.java:updateAndGet(143)) - bb175ec5-5e98-4251-9728-8e1e745e4fa1: start LeaderElection
2019-10-28 11:35:15,200 [bb175ec5-5e98-4251-9728-8e1e745e4fa1@group-2BBC40871E24-LeaderElection66] INFO  impl.LeaderElection (LeaderElection.java:askForVotes(178)) - bb175ec5-5e98-4251-9728-8e1e745e4fa1@group-2BBC40871E24-LeaderElection66: begin an election at term 62 for 0: [a4a68fdc-9c21-417a-8215-14845568ad90:192.168.164.193:36183, 5aa0106d-b151-48db-b175-21e2bb54d20a:192.168.164.193:45972, bb175ec5-5e98-4251-9728-8e1e745e4fa1:192.168.164.193:34373], old=null
2019-10-28 11:35:15,201 [bb175ec5-5e98-4251-9728-8e1e745e4fa1@group-2BBC40871E24-LeaderElection66] INFO  impl.LeaderElection (LeaderElection.java:logAndReturn(56)) - bb175ec5-5e98-4251-9728-8e1e745e4fa1@group-2BBC40871E24-LeaderElection66: Election TIMEOUT; received 0 response(s) [] and 0 exception(s); bb175ec5-5e98-4251-9728-8e1e745e4fa1@group-2BBC40871E24:t62, leader=null, voted=bb175ec5-5e98-4251-9728-8e1e745e4fa1, raftlog=bb175ec5-5e98-4251-9728-8e1e745e4fa1@group-2BBC40871E24-SegmentedRaftLog:OPENED:c3,f4,i4, conf=0: [a4a68fdc-9c21-417a-8215-14845568ad90:192.168.164.193:36183, 5aa0106d-b151-48db-b175-21e2bb54d20a:192.168.164.193:45972, bb175ec5-5e98-4251-9728-8e1e745e4fa1:192.168.164.193:34373], old=null
2019-10-28 11:35:15,202 [grpc-default-executor-0] INFO  impl.RaftServerImpl (RaftServerImpl.java:setRole(184)) - a4a68fdc-9c21-417a-8215-14845568ad90@group-2BBC40871E24: changes role from  FOLLOWER to FOLLOWER at term 62 for recognizeCandidate:bb175ec5-5e98-4251-9728-8e1e745e4fa1
2019-10-28 11:35:15,202 [grpc-default-executor-2] INFO  impl.RaftServerImpl (RaftServerImpl.java:setRole(184)) - 5aa0106d-b151-48db-b175-21e2bb54d20a@group-2BBC40871E24: changes role from  FOLLOWER to FOLLOWER at term 62 for recognizeCandidate:bb175ec5-5e98-4251-9728-8e1e745e4fa1
2019-10-28 11:35:15,202 [grpc-default-executor-0] INFO  impl.RoleInfo (RoleInfo.java:shutdownFollowerState(121)) - a4a68fdc-9c21-417a-8215-14845568ad90: shutdown FollowerState
2019-10-28 11:35:15,202 [grpc-default-executor-2] INFO  impl.RoleInfo (RoleInfo.java:shutdownFollowerState(121)) - 5aa0106d-b151-48db-b175-21e2bb54d20a: shutdown FollowerState
2019-10-28 11:35:15,202 [Thread-997] INFO  impl.FollowerState (FollowerState.java:run(117)) - a4a68fdc-9c21-417a-8215-14845568ad90@group-2BBC40871E24-FollowerState was interrupted: java.lang.InterruptedException: sleep interrupted
2019-10-28 11:35:15,202 [grpc-default-executor-0] INFO  impl.RoleInfo (RoleInfo.java:updateAndGet(143)) - a4a68fdc-9c21-417a-8215-14845568ad90: start FollowerState
2019-10-28 11:35:15,202 [Thread-998] INFO  impl.FollowerState (FollowerState.java:run(117)) - 5aa0106d-b151-48db-b175-21e2bb54d20a@group-2BBC40871E24-FollowerState was interrupted: java.lang.InterruptedException: sleep interrupted
2019-10-28 11:35:15,202 [grpc-default-executor-2] INFO  impl.RoleInfo (RoleInfo.java:updateAndGet(143)) - 5aa0106d-b151-48db-b175-21e2bb54d20a: start FollowerState
2019-10-28 11:35:15,220 [bb175ec5-5e98-4251-9728-8e1e745e4fa1@group-2BBC40871E24-LeaderElection66] INFO  impl.LeaderElection (LeaderElection.java:askForVotes(178)) - bb175ec5-5e98-4251-9728-8e1e745e4fa1@group-2BBC40871E24-LeaderElection66: begin an election at term 63 for 0: [a4a68fdc-9c21-417a-8215-14845568ad90:192.168.164.193:36183, 5aa0106d-b151-48db-b175-21e2bb54d20a:192.168.164.193:45972, bb175ec5-5e98-4251-9728-8e1e745e4fa1:192.168.164.193:34373], old=null
2019-10-28 11:35:15,221 [grpc-default-executor-2] INFO  impl.RaftServerImpl (RaftServerImpl.java:setRole(184)) - a4a68fdc-9c21-417a-8215-14845568ad90@group-2BBC40871E24: changes role from  FOLLOWER to FOLLOWER at term 63 for recognizeCandidate:bb175ec5-5e98-4251-9728-8e1e745e4fa1
2019-10-28 11:35:15,221 [grpc-default-executor-2] INFO  impl.RoleInfo (RoleInfo.java:shutdownFollowerState(121)) - a4a68fdc-9c21-417a-8215-14845568ad90: shutdown FollowerState
2019-10-28 11:35:15,221 [grpc-default-executor-2] INFO  impl.RoleInfo (RoleInfo.java:updateAndGet(143)) - a4a68fdc-9c21-417a-8215-14845568ad90: start FollowerState
2019-10-28 11:35:15,221 [grpc-default-executor-0] INFO  impl.RaftServerImpl (RaftServerImpl.java:setRole(184)) - 5aa0106d-b151-48db-b175-21e2bb54d20a@group-2BBC40871E24: changes role from  FOLLOWER to FOLLOWER at term 63 for recognizeCandidate:bb175ec5-5e98-4251-9728-8e1e745e4fa1
2019-10-28 11:35:15,221 [Thread-1003] INFO  impl.FollowerState (FollowerState.java:run(117)) - a4a68fdc-9c21-417a-8215-14845568ad90@group-2BBC40871E24-FollowerState was interrupted: java.lang.InterruptedException: sleep interrupted
2019-10-28 11:35:15,222 [grpc-default-executor-0] INFO  impl.RoleInfo (RoleInfo.java:shutdownFollowerState(121)) - 5aa0106d-b151-48db-b175-21e2bb54d20a: shutdown FollowerState
2019-10-28 11:35:15,222 [grpc-default-executor-0] INFO  impl.RoleInfo (RoleInfo.java:updateAndGet(143)) - 5aa0106d-b151-48db-b175-21e2bb54d20a: start FollowerState
2019-10-28 11:35:15,222 [Thread-1004] INFO  impl.FollowerState (FollowerState.java:run(117)) - 5aa0106d-b151-48db-b175-21e2bb54d20a@group-2BBC40871E24-FollowerState was interrupted: java.lang.InterruptedException: sleep interrupted
2019-10-28 11:35:15,232 [bb175ec5-5e98-4251-9728-8e1e745e4fa1@group-2BBC40871E24-LeaderElection66] INFO  impl.LeaderElection (LeaderElection.java:logAndReturn(56)) - bb175ec5-5e98-4251-9728-8e1e745e4fa1@group-2BBC40871E24-LeaderElection66: Election REJECTED; received 2 response(s) [bb175ec5-5e98-4251-9728-8e1e745e4fa1<-a4a68fdc-9c21-417a-8215-14845568ad90#0:FAIL-t63, bb175ec5-5e98-4251-9728-8e1e745e4fa1<-5aa0106d-b151-48db-b175-21e2bb54d20a#0:FAIL-t63] and 0 exception(s); bb175ec5-5e98-4251-9728-8e1e745e4fa1@group-2BBC40871E24:t63, leader=null, voted=bb175ec5-5e98-4251-9728-8e1e745e4fa1, raftlog=bb175ec5-5e98-4251-9728-8e1e745e4fa1@group-2BBC40871E24-SegmentedRaftLog:OPENED:c3,f4,i4, conf=0: [a4a68fdc-9c21-417a-8215-14845568ad90:192.168.164.193:36183, 5aa0106d-b151-48db-b175-21e2bb54d20a:192.168.164.193:45972, bb175ec5-5e98-4251-9728-8e1e745e4fa1:192.168.164.193:34373], old=null
2019-10-28 11:35:15,232 [bb175ec5-5e98-4251-9728-8e1e745e4fa1@group-2BBC40871E24-LeaderElection66] INFO  impl.RaftServerImpl (RaftServerImpl.java:setRole(184)) - bb175ec5-5e98-4251-9728-8e1e745e4fa1@group-2BBC40871E24: changes role from CANDIDATE to FOLLOWER at term 63 for DISCOVERED_A_NEW_TERM
2019-10-28 11:35:15,232 [bb175ec5-5e98-4251-9728-8e1e745e4fa1@group-2BBC40871E24-LeaderElection66] INFO  impl.RoleInfo (RoleInfo.java:shutdownLeaderElection(134)) - bb175ec5-5e98-4251-9728-8e1e745e4fa1: shutdown LeaderElection
2019-10-28 11:35:15,232 [bb175ec5-5e98-4251-9728-8e1e745e4fa1@group-2BBC40871E24-LeaderElection66] INFO  impl.RoleInfo (RoleInfo.java:updateAndGet(143)) - bb175ec5-5e98-4251-9728-8e1e745e4fa1: start FollowerState
2019-10-28 11:35:15,430 [Thread-1009] INFO  impl.FollowerState (FollowerState.java:run(108)) - bb175ec5-5e98-4251-9728-8e1e745e4fa1@group-2BBC40871E24-FollowerState: change to CANDIDATE, lastRpcTime:198ms, electionTimeout:198ms
2019-10-28 11:35:15,431 [Thread-1009] INFO  impl.RoleInfo (RoleInfo.java:shutdownFollowerState(121)) - bb175ec5-5e98-4251-9728-8e1e745e4fa1: shutdown FollowerState
2019-10-28 11:35:15,431 [Thread-1009] INFO  impl.RaftServerImpl (RaftServerImpl.java:setRole(184)) - bb175ec5-5e98-4251-9728-8e1e745e4fa1@group-2BBC40871E24: changes role from  FOLLOWER to CANDIDATE at term 63 for changeToCandidate
2019-10-28 11:35:15,431 [Thread-1009] INFO  impl.RoleInfo (RoleInfo.java:updateAndGet(143)) - bb175ec5-5e98-4251-9728-8e1e745e4fa1: start LeaderElection
2019-10-28 11:35:15,445 [bb175ec5-5e98-4251-9728-8e1e745e4fa1@group-2BBC40871E24-LeaderElection67] INFO  impl.LeaderElection (LeaderElection.java:askForVotes(178)) - bb175ec5-5e98-4251-9728-8e1e745e4fa1@group-2BBC40871E24-LeaderElection67: begin an election at term 64 for 0: [a4a68fdc-9c21-417a-8215-14845568ad90:192.168.164.193:36183, 5aa0106d-b151-48db-b175-21e2bb54d20a:192.168.164.193:45972, bb175ec5-5e98-4251-9728-8e1e745e4fa1:192.168.164.193:34373], old=null
2019-10-28 11:35:15,447 [grpc-default-executor-2] INFO  impl.RaftServerImpl (RaftServerImpl.java:setRole(184)) - a4a68fdc-9c21-417a-8215-14845568ad90@group-2BBC40871E24: changes role from  FOLLOWER to FOLLOWER at term 64 for recognizeCandidate:bb175ec5-5e98-4251-9728-8e1e745e4fa1
2019-10-28 11:35:15,447 [grpc-default-executor-0] INFO  impl.RaftServerImpl (RaftServerImpl.java:setRole(184)) - 5aa0106d-b151-48db-b175-21e2bb54d20a@group-2BBC40871E24: changes role from  FOLLOWER to FOLLOWER at term 64 for recognizeCandidate:bb175ec5-5e98-4251-9728-8e1e745e4fa1
2019-10-28 11:35:15,448 [grpc-default-executor-2] INFO  impl.RoleInfo (RoleInfo.java:shutdownFollowerState(121)) - a4a68fdc-9c21-417a-8215-14845568ad90: shutdown FollowerState
2019-10-28 11:35:15,448 [grpc-default-executor-0] INFO  impl.RoleInfo (RoleInfo.java:shutdownFollowerState(121)) - 5aa0106d-b151-48db-b175-21e2bb54d20a: shutdown FollowerState
2019-10-28 11:35:15,448 [Thread-1007] INFO  impl.FollowerState (FollowerState.java:run(117)) - a4a68fdc-9c21-417a-8215-14845568ad90@group-2BBC40871E24-FollowerState was interrupted: java.lang.InterruptedException: sleep interrupted
2019-10-28 11:35:15,448 [grpc-default-executor-2] INFO  impl.RoleInfo (RoleInfo.java:updateAndGet(143)) - a4a68fdc-9c21-417a-8215-14845568ad90: start FollowerState
2019-10-28 11:35:15,448 [Thread-1008] INFO  impl.FollowerState (FollowerState.java:run(117)) - 5aa0106d-b151-48db-b175-21e2bb54d20a@group-2BBC40871E24-FollowerState was interrupted: java.lang.InterruptedException: sleep interrupted
2019-10-28 11:35:15,448 [grpc-default-executor-0] INFO  impl.RoleInfo (RoleInfo.java:updateAndGet(143)) - 5aa0106d-b151-48db-b175-21e2bb54d20a: start FollowerState
2019-10-28 11:35:15,463 [bb175ec5-5e98-4251-9728-8e1e745e4fa1@group-2BBC40871E24-LeaderElection67] INFO  impl.LeaderElection (LeaderElection.java:logAndReturn(56)) - bb175ec5-5e98-4251-9728-8e1e745e4fa1@group-2BBC40871E24-LeaderElection67: Election REJECTED; received 2 response(s) [bb175ec5-5e98-4251-9728-8e1e745e4fa1<-a4a68fdc-9c21-417a-8215-14845568ad90#0:FAIL-t64, bb175ec5-5e98-4251-9728-8e1e745e4fa1<-5aa0106d-b151-48db-b175-21e2bb54d20a#0:FAIL-t64] and 0 exception(s); bb175ec5-5e98-4251-9728-8e1e745e4fa1@group-2BBC40871E24:t64, leader=null, voted=bb175ec5-5e98-4251-9728-8e1e745e4fa1, raftlog=bb175ec5-5e98-4251-9728-8e1e745e4fa1@group-2BBC40871E24-SegmentedRaftLog:OPENED:c3,f4,i4, conf=0: [a4a68fdc-9c21-417a-8215-14845568ad90:192.168.164.193:36183, 5aa0106d-b151-48db-b175-21e2bb54d20a:192.168.164.193:45972, bb175ec5-5e98-4251-9728-8e1e745e4fa1:192.168.164.193:34373], old=null
2019-10-28 11:35:15,464 [bb175ec5-5e98-4251-9728-8e1e745e4fa1@group-2BBC40871E24-LeaderElection67] INFO  impl.RaftServerImpl (RaftServerImpl.java:setRole(184)) - bb175ec5-5e98-4251-9728-8e1e745e4fa1@group-2BBC40871E24: changes role from CANDIDATE to FOLLOWER at term 64 for DISCOVERED_A_NEW_TERM
2019-10-28 11:35:15,464 [bb175ec5-5e98-4251-9728-8e1e745e4fa1@group-2BBC40871E24-LeaderElection67] INFO  impl.RoleInfo (RoleInfo.java:shutdownLeaderElection(134)) - bb175ec5-5e98-4251-9728-8e1e745e4fa1: shutdown LeaderElection
2019-10-28 11:35:15,464 [bb175ec5-5e98-4251-9728-8e1e745e4fa1@group-2BBC40871E24-LeaderElection67] INFO  impl.RoleInfo (RoleInfo.java:updateAndGet(143)) - bb175ec5-5e98-4251-9728-8e1e745e4fa1: start FollowerState
2019-10-28 11:35:15,510 [Thread-1015] INFO  impl.FollowerState (FollowerState.java:run(108)) - bb175ec5-5e98-4251-9728-8e1e745e4fa1@group-2BBC40871E24-FollowerState: change to CANDIDATE, lastRpcTime:46ms, electionTimeout:46ms
2019-10-28 11:35:15,511 [Thread-1015] INFO  impl.RoleInfo (RoleInfo.java:shutdownFollowerState(121)) - bb175ec5-5e98-4251-9728-8e1e745e4fa1: shutdown FollowerState
2019-10-28 11:35:15,511 [Thread-1015] INFO  impl.RaftServerImpl (RaftServerImpl.java:setRole(184)) - bb175ec5-5e98-4251-9728-8e1e745e4fa1@group-2BBC40871E24: changes role from  FOLLOWER to CANDIDATE at term 64 for changeToCandidate
2019-10-28 11:35:15,511 [Thread-1015] INFO  impl.RoleInfo (RoleInfo.java:updateAndGet(143)) - bb175ec5-5e98-4251-9728-8e1e745e4fa1: start LeaderElection
2019-10-28 11:35:15,524 [bb175ec5-5e98-4251-9728-8e1e745e4fa1@group-2BBC40871E24-LeaderElection68] INFO  impl.LeaderElection (LeaderElection.java:askForVotes(178)) - bb175ec5-5e98-4251-9728-8e1e745e4fa1@group-2BBC40871E24-LeaderElection68: begin an election at term 65 for 0: [a4a68fdc-9c21-417a-8215-14845568ad90:192.168.164.193:36183, 5aa0106d-b151-48db-b175-21e2bb54d20a:192.168.164.193:45972, bb175ec5-5e98-4251-9728-8e1e745e4fa1:192.168.164.193:34373], old=null
2019-10-28 11:35:15,526 [grpc-default-executor-0] INFO  impl.RaftServerImpl (RaftServerImpl.java:setRole(184)) - a4a68fdc-9c21-417a-8215-14845568ad90@group-2BBC40871E24: changes role from  FOLLOWER to FOLLOWER at term 65 for recognizeCandidate:bb175ec5-5e98-4251-9728-8e1e745e4fa1
2019-10-28 11:35:15,527 [grpc-default-executor-0] INFO  impl.RoleInfo (RoleInfo.java:shutdownFollowerState(121)) - a4a68fdc-9c21-417a-8215-14845568ad90: shutdown FollowerState
2019-10-28 11:35:15,527 [grpc-default-executor-0] INFO  impl.RoleInfo (RoleInfo.java:updateAndGet(143)) - a4a68fdc-9c21-417a-8215-14845568ad90: start FollowerState
2019-10-28 11:35:15,527 [Thread-1013] INFO  impl.FollowerState (FollowerState.java:run(117)) - a4a68fdc-9c21-417a-8215-14845568ad90@group-2BBC40871E24-FollowerState was interrupted: java.lang.InterruptedException: sleep interrupted
2019-10-28 11:35:15,527 [grpc-default-executor-2] INFO  impl.RaftServerImpl (RaftServerImpl.java:setRole(184)) - 5aa0106d-b151-48db-b175-21e2bb54d20a@group-2BBC40871E24: changes role from  FOLLOWER to FOLLOWER at term 65 for recognizeCandidate:bb175ec5-5e98-4251-9728-8e1e745e4fa1
2019-10-28 11:35:15,527 [grpc-default-executor-2] INFO  impl.RoleInfo (RoleInfo.java:shutdownFollowerState(121)) - 5aa0106d-b151-48db-b175-21e2bb54d20a: shutdown FollowerState
2019-10-28 11:35:15,527 [grpc-default-executor-2] INFO  impl.RoleInfo (RoleInfo.java:updateAndGet(143)) - 5aa0106d-b151-48db-b175-21e2bb54d20a: start FollowerState
2019-10-28 11:35:15,527 [Thread-1014] INFO  impl.FollowerState (FollowerState.java:run(117)) - 5aa0106d-b151-48db-b175-21e2bb54d20a@group-2BBC40871E24-FollowerState was interrupted: java.lang.InterruptedException: sleep interrupted
2019-10-28 11:35:15,541 [bb175ec5-5e98-4251-9728-8e1e745e4fa1@group-2BBC40871E24-LeaderElection68] INFO  impl.LeaderElection (LeaderElection.java:logAndReturn(56)) - bb175ec5-5e98-4251-9728-8e1e745e4fa1@group-2BBC40871E24-LeaderElection68: Election REJECTED; received 2 response(s) [bb175ec5-5e98-4251-9728-8e1e745e4fa1<-a4a68fdc-9c21-417a-8215-14845568ad90#0:FAIL-t65, bb175ec5-5e98-4251-9728-8e1e745e4fa1<-5aa0106d-b151-48db-b175-21e2bb54d20a#0:FAIL-t65] and 0 exception(s); bb175ec5-5e98-4251-9728-8e1e745e4fa1@group-2BBC40871E24:t65, leader=null, voted=bb175ec5-5e98-4251-9728-8e1e745e4fa1, raftlog=bb175ec5-5e98-4251-9728-8e1e745e4fa1@group-2BBC40871E24-SegmentedRaftLog:OPENED:c3,f4,i4, conf=0: [a4a68fdc-9c21-417a-8215-14845568ad90:192.168.164.193:36183, 5aa0106d-b151-48db-b175-21e2bb54d20a:192.168.164.193:45972, bb175ec5-5e98-4251-9728-8e1e745e4fa1:192.168.164.193:34373], old=null
2019-10-28 11:35:15,542 [bb175ec5-5e98-4251-9728-8e1e745e4fa1@group-2BBC40871E24-LeaderElection68] INFO  impl.RaftServerImpl (RaftServerImpl.java:setRole(184)) - bb175ec5-5e98-4251-9728-8e1e745e4fa1@group-2BBC40871E24: changes role from CANDIDATE to FOLLOWER at term 65 for DISCOVERED_A_NEW_TERM
2019-10-28 11:35:15,542 [bb175ec5-5e98-4251-9728-8e1e745e4fa1@group-2BBC40871E24-LeaderElection68] INFO  impl.RoleInfo (RoleInfo.java:shutdownLeaderElection(134)) - bb175ec5-5e98-4251-9728-8e1e745e4fa1: shutdown LeaderElection
2019-10-28 11:35:15,542 [bb175ec5-5e98-4251-9728-8e1e745e4fa1@group-2BBC40871E24-LeaderElection68] INFO  impl.RoleInfo (RoleInfo.java:updateAndGet(143)) - bb175ec5-5e98-4251-9728-8e1e745e4fa1: start FollowerState
2019-10-28 11:35:15,596 [Thread-1021] INFO  impl.FollowerState (FollowerState.java:run(108)) - bb175ec5-5e98-4251-9728-8e1e745e4fa1@group-2BBC40871E24-FollowerState: change to CANDIDATE, lastRpcTime:54ms, electionTimeout:54ms
2019-10-28 11:35:15,597 [Thread-1021] INFO  impl.RoleInfo (RoleInfo.java:shutdownFollowerState(121)) - bb175ec5-5e98-4251-9728-8e1e745e4fa1: shutdown FollowerState
2019-10-28 11:35:15,597 [Thread-1021] INFO  impl.RaftServerImpl (RaftServerImpl.java:setRole(184)) - bb175ec5-5e98-4251-9728-8e1e745e4fa1@group-2BBC40871E24: changes role from  FOLLOWER to CANDIDATE at term 65 for changeToCandidate
2019-10-28 11:35:15,597 [Thread-1021] INFO  impl.RoleInfo (RoleInfo.java:updateAndGet(143)) - bb175ec5-5e98-4251-9728-8e1e745e4fa1: start LeaderElection
2019-10-28 11:35:15,611 [bb175ec5-5e98-4251-9728-8e1e745e4fa1@group-2BBC40871E24-LeaderElection69] INFO  impl.LeaderElection (LeaderElection.java:askForVotes(178)) - bb175ec5-5e98-4251-9728-8e1e745e4fa1@group-2BBC40871E24-LeaderElection69: begin an election at term 66 for 0: [a4a68fdc-9c21-417a-8215-14845568ad90:192.168.164.193:36183, 5aa0106d-b151-48db-b175-21e2bb54d20a:192.168.164.193:45972, bb175ec5-5e98-4251-9728-8e1e745e4fa1:192.168.164.193:34373], old=null
2019-10-28 11:35:15,613 [grpc-default-executor-0] INFO  impl.RaftServerImpl (RaftServerImpl.java:setRole(184)) - a4a68fdc-9c21-417a-8215-14845568ad90@group-2BBC40871E24: changes role from  FOLLOWER to FOLLOWER at term 66 for recognizeCandidate:bb175ec5-5e98-4251-9728-8e1e745e4fa1
2019-10-28 11:35:15,613 [grpc-default-executor-0] INFO  impl.RoleInfo (RoleInfo.java:shutdownFollowerState(121)) - a4a68fdc-9c21-417a-8215-14845568ad90: shutdown FollowerState
2019-10-28 11:35:15,613 [grpc-default-executor-2] INFO  impl.RaftServerImpl (RaftServerImpl.java:setRole(184)) - 5aa0106d-b151-48db-b175-21e2bb54d20a@group-2BBC40871E24: changes role from  FOLLOWER to FOLLOWER at term 66 for recognizeCandidate:bb175ec5-5e98-4251-9728-8e1e745e4fa1
2019-10-28 11:35:15,613 [Thread-1019] INFO  impl.FollowerState (FollowerState.java:run(117)) - a4a68fdc-9c21-417a-8215-14845568ad90@group-2BBC40871E24-FollowerState was interrupted: java.lang.InterruptedException: sleep interrupted
2019-10-28 11:35:15,613 [grpc-default-executor-0] INFO  impl.RoleInfo (RoleInfo.java:updateAndGet(143)) - a4a68fdc-9c21-417a-8215-14845568ad90: start FollowerState
2019-10-28 11:35:15,613 [grpc-default-executor-2] INFO  impl.RoleInfo (RoleInfo.java:shutdownFollowerState(121)) - 5aa0106d-b151-48db-b175-21e2bb54d20a: shutdown FollowerState
2019-10-28 11:35:15,614 [grpc-default-executor-2] INFO  impl.RoleInfo (RoleInfo.java:updateAndGet(143)) - 5aa0106d-b151-48db-b175-21e2bb54d20a: start FollowerState
2019-10-28 11:35:15,614 [Thread-1020] INFO  impl.FollowerState (FollowerState.java:run(117)) - 5aa0106d-b151-48db-b175-21e2bb54d20a@group-2BBC40871E24-FollowerState was interrupted: java.lang.InterruptedException: sleep interrupted
2019-10-28 11:35:15,628 [bb175ec5-5e98-4251-9728-8e1e745e4fa1@group-2BBC40871E24-LeaderElection69] INFO  impl.LeaderElection (LeaderElection.java:logAndReturn(56)) - bb175ec5-5e98-4251-9728-8e1e745e4fa1@group-2BBC40871E24-LeaderElection69: Election REJECTED; received 2 response(s) [bb175ec5-5e98-4251-9728-8e1e745e4fa1<-a4a68fdc-9c21-417a-8215-14845568ad90#0:FAIL-t66, bb175ec5-5e98-4251-9728-8e1e745e4fa1<-5aa0106d-b151-48db-b175-21e2bb54d20a#0:FAIL-t66] and 0 exception(s); bb175ec5-5e98-4251-9728-8e1e745e4fa1@group-2BBC40871E24:t66, leader=null, voted=bb175ec5-5e98-4251-9728-8e1e745e4fa1, raftlog=bb175ec5-5e98-4251-9728-8e1e745e4fa1@group-2BBC40871E24-SegmentedRaftLog:OPENED:c3,f4,i4, conf=0: [a4a68fdc-9c21-417a-8215-14845568ad90:192.168.164.193:36183, 5aa0106d-b151-48db-b175-21e2bb54d20a:192.168.164.193:45972, bb175ec5-5e98-4251-9728-8e1e745e4fa1:192.168.164.193:34373], old=null
2019-10-28 11:35:15,629 [bb175ec5-5e98-4251-9728-8e1e745e4fa1@group-2BBC40871E24-LeaderElection69] INFO  impl.RaftServerImpl (RaftServerImpl.java:setRole(184)) - bb175ec5-5e98-4251-9728-8e1e745e4fa1@group-2BBC40871E24: changes role from CANDIDATE to FOLLOWER at term 66 for DISCOVERED_A_NEW_TERM
2019-10-28 11:35:15,629 [bb175ec5-5e98-4251-9728-8e1e745e4fa1@group-2BBC40871E24-LeaderElection69] INFO  impl.RoleInfo (RoleInfo.java:shutdownLeaderElection(134)) - bb175ec5-5e98-4251-9728-8e1e745e4fa1: shutdown LeaderElection
2019-10-28 11:35:15,629 [bb175ec5-5e98-4251-9728-8e1e745e4fa1@group-2BBC40871E24-LeaderElection69] INFO  impl.RoleInfo (RoleInfo.java:updateAndGet(143)) - bb175ec5-5e98-4251-9728-8e1e745e4fa1: start FollowerState
2019-10-28 11:35:15,645 [Thread-1027] INFO  impl.FollowerState (FollowerState.java:run(108)) - bb175ec5-5e98-4251-9728-8e1e745e4fa1@group-2BBC40871E24-FollowerState: change to CANDIDATE, lastRpcTime:16ms, electionTimeout:16ms
2019-10-28 11:35:15,646 [Thread-1027] INFO  impl.RoleInfo (RoleInfo.java:shutdownFollowerState(121)) - bb175ec5-5e98-4251-9728-8e1e745e4fa1: shutdown FollowerState
2019-10-28 11:35:15,646 [Thread-1027] INFO  impl.RaftServerImpl (RaftServerImpl.java:setRole(184)) - bb175ec5-5e98-4251-9728-8e1e745e4fa1@group-2BBC40871E24: changes role from  FOLLOWER to CANDIDATE at term 66 for changeToCandidate
2019-10-28 11:35:15,646 [Thread-1027] INFO  impl.RoleInfo (RoleInfo.java:updateAndGet(143)) - bb175ec5-5e98-4251-9728-8e1e745e4fa1: start LeaderElection
2019-10-28 11:35:15,659 [bb175ec5-5e98-4251-9728-8e1e745e4fa1@group-2BBC40871E24-LeaderElection70] INFO  impl.LeaderElection (LeaderElection.java:askForVotes(178)) - bb175ec5-5e98-4251-9728-8e1e745e4fa1@group-2BBC40871E24-LeaderElection70: begin an election at term 67 for 0: [a4a68fdc-9c21-417a-8215-14845568ad90:192.168.164.193:36183, 5aa0106d-b151-48db-b175-21e2bb54d20a:192.168.164.193:45972, bb175ec5-5e98-4251-9728-8e1e745e4fa1:192.168.164.193:34373], old=null
2019-10-28 11:35:15,661 [grpc-default-executor-2] INFO  impl.RaftServerImpl (RaftServerImpl.java:setRole(184)) - a4a68fdc-9c21-417a-8215-14845568ad90@group-2BBC40871E24: changes role from  FOLLOWER to FOLLOWER at term 67 for recognizeCandidate:bb175ec5-5e98-4251-9728-8e1e745e4fa1
2019-10-28 11:35:15,662 [grpc-default-executor-0] INFO  impl.RaftServerImpl (RaftServerImpl.java:setRole(184)) - 5aa0106d-b151-48db-b175-21e2bb54d20a@group-2BBC40871E24: changes role from  FOLLOWER to FOLLOWER at term 67 for recognizeCandidate:bb175ec5-5e98-4251-9728-8e1e745e4fa1
2019-10-28 11:35:15,662 [grpc-default-executor-2] INFO  impl.RoleInfo (RoleInfo.java:shutdownFollowerState(121)) - a4a68fdc-9c21-417a-8215-14845568ad90: shutdown FollowerState
2019-10-28 11:35:15,662 [grpc-default-executor-0] INFO  impl.RoleInfo (RoleInfo.java:shutdownFollowerState(121)) - 5aa0106d-b151-48db-b175-21e2bb54d20a: shutdown FollowerState
2019-10-28 11:35:15,662 [Thread-1025] INFO  impl.FollowerState (FollowerState.java:run(117)) - a4a68fdc-9c21-417a-8215-14845568ad90@group-2BBC40871E24-FollowerState was interrupted: java.lang.InterruptedException: sleep interrupted
2019-10-28 11:35:15,662 [grpc-default-executor-2] INFO  impl.RoleInfo (RoleInfo.java:updateAndGet(143)) - a4a68fdc-9c21-417a-8215-14845568ad90: start FollowerState
2019-10-28 11:35:15,662 [Thread-1026] INFO  impl.FollowerState (FollowerState.java:run(117)) - 5aa0106d-b151-48db-b175-21e2bb54d20a@group-2BBC40871E24-FollowerState was interrupted: java.lang.InterruptedException: sleep interrupted
2019-10-28 11:35:15,662 [grpc-default-executor-0] INFO  impl.RoleInfo (RoleInfo.java:updateAndGet(143)) - 5aa0106d-b151-48db-b175-21e2bb54d20a: start FollowerState
2019-10-28 11:35:15,677 [bb175ec5-5e98-4251-9728-8e1e745e4fa1@group-2BBC40871E24-LeaderElection70] INFO  impl.LeaderElection (LeaderElection.java:logAndReturn(56)) - bb175ec5-5e98-4251-9728-8e1e745e4fa1@group-2BBC40871E24-LeaderElection70: Election REJECTED; received 2 response(s) [bb175ec5-5e98-4251-9728-8e1e745e4fa1<-a4a68fdc-9c21-417a-8215-14845568ad90#0:FAIL-t67, bb175ec5-5e98-4251-9728-8e1e745e4fa1<-5aa0106d-b151-48db-b175-21e2bb54d20a#0:FAIL-t67] and 0 exception(s); bb175ec5-5e98-4251-9728-8e1e745e4fa1@group-2BBC40871E24:t67, leader=null, voted=bb175ec5-5e98-4251-9728-8e1e745e4fa1, raftlog=bb175ec5-5e98-4251-9728-8e1e745e4fa1@group-2BBC40871E24-SegmentedRaftLog:OPENED:c3,f4,i4, conf=0: [a4a68fdc-9c21-417a-8215-14845568ad90:192.168.164.193:36183, 5aa0106d-b151-48db-b175-21e2bb54d20a:192.168.164.193:45972, bb175ec5-5e98-4251-9728-8e1e745e4fa1:192.168.164.193:34373], old=null
2019-10-28 11:35:15,678 [bb175ec5-5e98-4251-9728-8e1e745e4fa1@group-2BBC40871E24-LeaderElection70] INFO  impl.RaftServerImpl (RaftServerImpl.java:setRole(184)) - bb175ec5-5e98-4251-9728-8e1e745e4fa1@group-2BBC40871E24: changes role from CANDIDATE to FOLLOWER at term 67 for DISCOVERED_A_NEW_TERM
2019-10-28 11:35:15,678 [bb175ec5-5e98-4251-9728-8e1e745e4fa1@group-2BBC40871E24-LeaderElection70] INFO  impl.RoleInfo (RoleInfo.java:shutdownLeaderElection(134)) - bb175ec5-5e98-4251-9728-8e1e745e4fa1: shutdown LeaderElection
2019-10-28 11:35:15,678 [bb175ec5-5e98-4251-9728-8e1e745e4fa1@group-2BBC40871E24-LeaderElection70] INFO  impl.RoleInfo (RoleInfo.java:updateAndGet(143)) - bb175ec5-5e98-4251-9728-8e1e745e4fa1: start FollowerState
2019-10-28 11:35:15,775 [BlockDeletingService#2] WARN  background.BlockDeletingService (BlockDeletingService.java:isDeletionAllowed(187)) - Close Container log Index 6 is not replicated across allthe servers in the pipeline 673f7971-0954-4a65-9d1b-2bbc40871e24 as the min replicated index is 4. Deletion is not allowed in this container yet.
2019-10-28 11:35:15,776 [BlockDeletingService#2] WARN  background.BlockDeletingService (BlockDeletingService.java:isDeletionAllowed(187)) - Close Container log Index 6 is not replicated across allthe servers in the pipeline 673f7971-0954-4a65-9d1b-2bbc40871e24 as the min replicated index is 4. Deletion is not allowed in this container yet.
2019-10-28 11:35:15,790 [Thread-1033] INFO  impl.FollowerState (FollowerState.java:run(108)) - bb175ec5-5e98-4251-9728-8e1e745e4fa1@group-2BBC40871E24-FollowerState: change to CANDIDATE, lastRpcTime:112ms, electionTimeout:112ms
2019-10-28 11:35:15,791 [Thread-1033] INFO  impl.RoleInfo (RoleInfo.java:shutdownFollowerState(121)) - bb175ec5-5e98-4251-9728-8e1e745e4fa1: shutdown FollowerState
2019-10-28 11:35:15,791 [Thread-1033] INFO  impl.RaftServerImpl (RaftServerImpl.java:setRole(184)) - bb175ec5-5e98-4251-9728-8e1e745e4fa1@group-2BBC40871E24: changes role from  FOLLOWER to CANDIDATE at term 67 for changeToCandidate
2019-10-28 11:35:15,791 [Thread-1033] INFO  impl.RoleInfo (RoleInfo.java:updateAndGet(143)) - bb175ec5-5e98-4251-9728-8e1e745e4fa1: start LeaderElection
2019-10-28 11:35:15,805 [bb175ec5-5e98-4251-9728-8e1e745e4fa1@group-2BBC40871E24-LeaderElection71] INFO  impl.LeaderElection (LeaderElection.java:askForVotes(178)) - bb175ec5-5e98-4251-9728-8e1e745e4fa1@group-2BBC40871E24-LeaderElection71: begin an election at term 68 for 0: [a4a68fdc-9c21-417a-8215-14845568ad90:192.168.164.193:36183, 5aa0106d-b151-48db-b175-21e2bb54d20a:192.168.164.193:45972, bb175ec5-5e98-4251-9728-8e1e745e4fa1:192.168.164.193:34373], old=null
2019-10-28 11:35:15,807 [grpc-default-executor-2] INFO  impl.RaftServerImpl (RaftServerImpl.java:setRole(184)) - a4a68fdc-9c21-417a-8215-14845568ad90@group-2BBC40871E24: changes role from  FOLLOWER to FOLLOWER at term 68 for recognizeCandidate:bb175ec5-5e98-4251-9728-8e1e745e4fa1
2019-10-28 11:35:15,807 [grpc-default-executor-0] INFO  impl.RaftServerImpl (RaftServerImpl.java:setRole(184)) - 5aa0106d-b151-48db-b175-21e2bb54d20a@group-2BBC40871E24: changes role from  FOLLOWER to FOLLOWER at term 68 for recognizeCandidate:bb175ec5-5e98-4251-9728-8e1e745e4fa1
2019-10-28 11:35:15,807 [grpc-default-executor-2] INFO  impl.RoleInfo (RoleInfo.java:shutdownFollowerState(121)) - a4a68fdc-9c21-417a-8215-14845568ad90: shutdown FollowerState
2019-10-28 11:35:15,808 [grpc-default-executor-0] INFO  impl.RoleInfo (RoleInfo.java:shutdownFollowerState(121)) - 5aa0106d-b151-48db-b175-21e2bb54d20a: shutdown FollowerState
2019-10-28 11:35:15,808 [Thread-1031] INFO  impl.FollowerState (FollowerState.java:run(117)) - a4a68fdc-9c21-417a-8215-14845568ad90@group-2BBC40871E24-FollowerState was interrupted: java.lang.InterruptedException: sleep interrupted
2019-10-28 11:35:15,808 [grpc-default-executor-2] INFO  impl.RoleInfo (RoleInfo.java:updateAndGet(143)) - a4a68fdc-9c21-417a-8215-14845568ad90: start FollowerState
2019-10-28 11:35:15,808 [Thread-1032] INFO  impl.FollowerState (FollowerState.java:run(117)) - 5aa0106d-b151-48db-b175-21e2bb54d20a@group-2BBC40871E24-FollowerState was interrupted: java.lang.InterruptedException: sleep interrupted
2019-10-28 11:35:15,808 [grpc-default-executor-0] INFO  impl.RoleInfo (RoleInfo.java:updateAndGet(143)) - 5aa0106d-b151-48db-b175-21e2bb54d20a: start FollowerState
2019-10-28 11:35:15,823 [bb175ec5-5e98-4251-9728-8e1e745e4fa1@group-2BBC40871E24-LeaderElection71] INFO  impl.LeaderElection (LeaderElection.java:logAndReturn(56)) - bb175ec5-5e98-4251-9728-8e1e745e4fa1@group-2BBC40871E24-LeaderElection71: Election REJECTED; received 2 response(s) [bb175ec5-5e98-4251-9728-8e1e745e4fa1<-a4a68fdc-9c21-417a-8215-14845568ad90#0:FAIL-t68, bb175ec5-5e98-4251-9728-8e1e745e4fa1<-5aa0106d-b151-48db-b175-21e2bb54d20a#0:FAIL-t68] and 0 exception(s); bb175ec5-5e98-4251-9728-8e1e745e4fa1@group-2BBC40871E24:t68, leader=null, voted=bb175ec5-5e98-4251-9728-8e1e745e4fa1, raftlog=bb175ec5-5e98-4251-9728-8e1e745e4fa1@group-2BBC40871E24-SegmentedRaftLog:OPENED:c3,f4,i4, conf=0: [a4a68fdc-9c21-417a-8215-14845568ad90:192.168.164.193:36183, 5aa0106d-b151-48db-b175-21e2bb54d20a:192.168.164.193:45972, bb175ec5-5e98-4251-9728-8e1e745e4fa1:192.168.164.193:34373], old=null
2019-10-28 11:35:15,823 [bb175ec5-5e98-4251-9728-8e1e745e4fa1@group-2BBC40871E24-LeaderElection71] INFO  impl.RaftServerImpl (RaftServerImpl.java:setRole(184)) - bb175ec5-5e98-4251-9728-8e1e745e4fa1@group-2BBC40871E24: changes role from CANDIDATE to FOLLOWER at term 68 for DISCOVERED_A_NEW_TERM
2019-10-28 11:35:15,823 [bb175ec5-5e98-4251-9728-8e1e745e4fa1@group-2BBC40871E24-LeaderElection71] INFO  impl.RoleInfo (RoleInfo.java:shutdownLeaderElection(134)) - bb175ec5-5e98-4251-9728-8e1e745e4fa1: shutdown LeaderElection
2019-10-28 11:35:15,824 [bb175ec5-5e98-4251-9728-8e1e745e4fa1@group-2BBC40871E24-LeaderElection71] INFO  impl.RoleInfo (RoleInfo.java:updateAndGet(143)) - bb175ec5-5e98-4251-9728-8e1e745e4fa1: start FollowerState
]]></system-out>
    <system-err><![CDATA[ERROR StatusLogger No Log4j 2 configuration file found. Using default configuration (logging only errors to the console), or user programmatically provided configurations. Set system property 'log4j2.debug' to show Log4j 2 internal initialization logging. See https://logging.apache.org/log4j/2.x/manual/configuration.html for instructions on how to configure Log4j 2
Oct 28, 2019 11:33:28 AM org.apache.ratis.thirdparty.io.grpc.internal.SerializingExecutor run
SEVERE: Exception while executing runnable org.apache.ratis.thirdparty.io.grpc.internal.ServerImpl$JumpToApplicationThreadServerStreamListener$1Closed@15601fe1
org.apache.ratis.thirdparty.io.grpc.StatusRuntimeException: CANCELLED: call already cancelled
	at org.apache.ratis.thirdparty.io.grpc.Status.asRuntimeException(Status.java:517)
	at org.apache.ratis.thirdparty.io.grpc.stub.ServerCalls$ServerCallStreamObserverImpl.onCompleted(ServerCalls.java:356)
	at org.apache.ratis.grpc.server.GrpcServerProtocolService$ServerRequestStreamObserver.onError(GrpcServerProtocolService.java:121)
	at org.apache.ratis.thirdparty.io.grpc.stub.ServerCalls$StreamingServerCallHandler$StreamingServerCallListener.onCancel(ServerCalls.java:269)
	at org.apache.ratis.thirdparty.io.grpc.internal.ServerCallImpl$ServerStreamListenerImpl.closed(ServerCallImpl.java:293)
	at org.apache.ratis.thirdparty.io.grpc.internal.ServerImpl$JumpToApplicationThreadServerStreamListener$1Closed.runInContext(ServerImpl.java:741)
	at org.apache.ratis.thirdparty.io.grpc.internal.ContextRunnable.run(ContextRunnable.java:37)
	at org.apache.ratis.thirdparty.io.grpc.internal.SerializingExecutor.run(SerializingExecutor.java:123)
	at java.util.concurrent.ThreadPoolExecutor.runWorker(ThreadPoolExecutor.java:1149)
	at java.util.concurrent.ThreadPoolExecutor$Worker.run(ThreadPoolExecutor.java:624)
	at java.lang.Thread.run(Thread.java:748)

Oct 28, 2019 11:33:28 AM org.apache.ratis.thirdparty.io.grpc.internal.SerializingExecutor run
SEVERE: Exception while executing runnable org.apache.ratis.thirdparty.io.grpc.internal.ClientCallImpl$ClientStreamListenerImpl$1StreamClosed@2be2b5de
java.lang.NullPointerException
	at org.apache.ratis.grpc.server.GrpcLogAppender$AppendLogResponseHandler.onError(GrpcLogAppender.java:303)
	at org.apache.ratis.thirdparty.io.grpc.stub.ClientCalls$StreamObserverToCallListenerAdapter.onClose(ClientCalls.java:434)
	at org.apache.ratis.thirdparty.io.grpc.PartialForwardingClientCallListener.onClose(PartialForwardingClientCallListener.java:39)
	at org.apache.ratis.thirdparty.io.grpc.ForwardingClientCallListener.onClose(ForwardingClientCallListener.java:23)
	at org.apache.ratis.thirdparty.io.grpc.ForwardingClientCallListener$SimpleForwardingClientCallListener.onClose(ForwardingClientCallListener.java:40)
	at org.apache.ratis.thirdparty.io.grpc.internal.CensusStatsModule$StatsClientInterceptor$1$1.onClose(CensusStatsModule.java:678)
	at org.apache.ratis.thirdparty.io.grpc.PartialForwardingClientCallListener.onClose(PartialForwardingClientCallListener.java:39)
	at org.apache.ratis.thirdparty.io.grpc.ForwardingClientCallListener.onClose(ForwardingClientCallListener.java:23)
	at org.apache.ratis.thirdparty.io.grpc.ForwardingClientCallListener$SimpleForwardingClientCallListener.onClose(ForwardingClientCallListener.java:40)
	at org.apache.ratis.thirdparty.io.grpc.internal.CensusTracingModule$TracingClientInterceptor$1$1.onClose(CensusTracingModule.java:397)
	at org.apache.ratis.thirdparty.io.grpc.internal.ClientCallImpl.closeObserver(ClientCallImpl.java:459)
	at org.apache.ratis.thirdparty.io.grpc.internal.ClientCallImpl.access$300(ClientCallImpl.java:63)
	at org.apache.ratis.thirdparty.io.grpc.internal.ClientCallImpl$ClientStreamListenerImpl.close(ClientCallImpl.java:546)
	at org.apache.ratis.thirdparty.io.grpc.internal.ClientCallImpl$ClientStreamListenerImpl.access$600(ClientCallImpl.java:467)
	at org.apache.ratis.thirdparty.io.grpc.internal.ClientCallImpl$ClientStreamListenerImpl$1StreamClosed.runInContext(ClientCallImpl.java:584)
	at org.apache.ratis.thirdparty.io.grpc.internal.ContextRunnable.run(ContextRunnable.java:37)
	at org.apache.ratis.thirdparty.io.grpc.internal.SerializingExecutor.run(SerializingExecutor.java:123)
	at java.util.concurrent.ThreadPoolExecutor.runWorker(ThreadPoolExecutor.java:1149)
	at java.util.concurrent.ThreadPoolExecutor$Worker.run(ThreadPoolExecutor.java:624)
	at java.lang.Thread.run(Thread.java:748)

]]></system-err>
  </testcase>
</testsuite>