<?xml version="1.0" encoding="UTF-8"?>
<testsuite xmlns:xsi="http://www.w3.org/2001/XMLSchema-instance" xsi:noNamespaceSchemaLocation="https://maven.apache.org/surefire/maven-surefire-plugin/xsd/surefire-test-report.xsd" name="org.apache.hadoop.ozone.client.rpc.TestFailureHandlingByClient" time="278.844" tests="5" errors="0" skipped="0" failures="1">
  <properties>
    <property name="awt.toolkit" value="sun.awt.X11.XToolkit"/>
    <property name="file.encoding.pkg" value="sun.io"/>
    <property name="java.specification.version" value="1.8"/>
    <property name="sun.cpu.isalist" value=""/>
    <property name="sun.jnu.encoding" value="ANSI_X3.4-1968"/>
    <property name="java.class.path" value="/workdir/hadoop-ozone/integration-test/target/test-classes:/workdir/hadoop-ozone/integration-test/target/classes:/home/user/.m2/repository/org/apache/hadoop/hadoop-ozone-common/0.5.0-SNAPSHOT/hadoop-ozone-common-0.5.0-SNAPSHOT.jar:/home/user/.m2/repository/org/apache/commons/commons-compress/1.4.1/commons-compress-1.4.1.jar:/home/user/.m2/repository/org/tukaani/xz/1.0/xz-1.0.jar:/home/user/.m2/repository/org/apache/hadoop/hadoop-common/3.2.0/hadoop-common-3.2.0.jar:/home/user/.m2/repository/org/apache/hadoop/hadoop-hdfs/3.2.0/hadoop-hdfs-3.2.0.jar:/home/user/.m2/repository/org/apache/hadoop/hadoop-hdfs-client/3.2.0/hadoop-hdfs-client-3.2.0.jar:/home/user/.m2/repository/com/fasterxml/jackson/core/jackson-annotations/2.9.9/jackson-annotations-2.9.9.jar:/home/user/.m2/repository/org/apache/hadoop/hadoop-hdds-common/0.5.0-SNAPSHOT/hadoop-hdds-common-0.5.0-SNAPSHOT.jar:/home/user/.m2/repository/javax/annotation/javax.annotation-api/1.2/javax.annotation-api-1.2.jar:/home/user/.m2/repository/org/apache/ratis/ratis-server/0.5.0-3f446aa-SNAPSHOT/ratis-server-0.5.0-3f446aa-SNAPSHOT.jar:/home/user/.m2/repository/org/apache/ratis/ratis-thirdparty-misc/0.2.0/ratis-thirdparty-misc-0.2.0.jar:/home/user/.m2/repository/org/apache/ratis/ratis-proto/0.5.0-3f446aa-SNAPSHOT/ratis-proto-0.5.0-3f446aa-SNAPSHOT.jar:/home/user/.m2/repository/org/apache/ratis/ratis-common/0.5.0-3f446aa-SNAPSHOT/ratis-common-0.5.0-3f446aa-SNAPSHOT.jar:/home/user/.m2/repository/org/apache/ratis/ratis-client/0.5.0-3f446aa-SNAPSHOT/ratis-client-0.5.0-3f446aa-SNAPSHOT.jar:/home/user/.m2/repository/org/apache/ratis/ratis-metrics/0.5.0-3f446aa-SNAPSHOT/ratis-metrics-0.5.0-3f446aa-SNAPSHOT.jar:/home/user/.m2/repository/com/github/joshelser/dropwizard-metrics-hadoop-metrics2-reporter/0.1.2/dropwizard-metrics-hadoop-metrics2-reporter-0.1.2.jar:/home/user/.m2/repository/io/dropwizard/metrics/metrics-jvm/3.2.5/metrics-jvm-3.2.5.jar:/home/user/.m2/repository/io/dropwizard/metrics/metrics-ganglia/3.2.5/metrics-ganglia-3.2.5.jar:/home/user/.m2/repository/info/ganglia/gmetric4j/gmetric4j/1.0.7/gmetric4j-1.0.7.jar:/home/user/.m2/repository/org/apache/ratis/ratis-netty/0.5.0-3f446aa-SNAPSHOT/ratis-netty-0.5.0-3f446aa-SNAPSHOT.jar:/home/user/.m2/repository/org/apache/ratis/ratis-grpc/0.5.0-3f446aa-SNAPSHOT/ratis-grpc-0.5.0-3f446aa-SNAPSHOT.jar:/home/user/.m2/repository/org/rocksdb/rocksdbjni/6.0.1/rocksdbjni-6.0.1.jar:/home/user/.m2/repository/org/apache/logging/log4j/log4j-api/2.11.0/log4j-api-2.11.0.jar:/home/user/.m2/repository/org/apache/logging/log4j/log4j-core/2.11.0/log4j-core-2.11.0.jar:/home/user/.m2/repository/com/lmax/disruptor/3.4.2/disruptor-3.4.2.jar:/home/user/.m2/repository/org/apache/commons/commons-pool2/2.6.0/commons-pool2-2.6.0.jar:/home/user/.m2/repository/org/bouncycastle/bcpkix-jdk15on/1.60/bcpkix-jdk15on-1.60.jar:/home/user/.m2/repository/commons-validator/commons-validator/1.6/commons-validator-1.6.jar:/home/user/.m2/repository/commons-digester/commons-digester/1.8.1/commons-digester-1.8.1.jar:/home/user/.m2/repository/io/jaegertracing/jaeger-client/0.34.0/jaeger-client-0.34.0.jar:/home/user/.m2/repository/io/jaegertracing/jaeger-thrift/0.34.0/jaeger-thrift-0.34.0.jar:/home/user/.m2/repository/org/apache/thrift/libthrift/0.12.0/libthrift-0.12.0.jar:/home/user/.m2/repository/com/squareup/okhttp3/okhttp/3.9.0/okhttp-3.9.0.jar:/home/user/.m2/repository/com/squareup/okio/okio/1.13.0/okio-1.13.0.jar:/home/user/.m2/repository/io/jaegertracing/jaeger-core/0.34.0/jaeger-core-0.34.0.jar:/home/user/.m2/repository/io/jaegertracing/jaeger-tracerresolver/0.34.0/jaeger-tracerresolver-0.34.0.jar:/home/user/.m2/repository/io/opentracing/contrib/opentracing-tracerresolver/0.1.5/opentracing-tracerresolver-0.1.5.jar:/home/user/.m2/repository/io/opentracing/opentracing-util/0.31.0/opentracing-util-0.31.0.jar:/home/user/.m2/repository/io/opentracing/opentracing-api/0.31.0/opentracing-api-0.31.0.jar:/home/user/.m2/repository/io/opentracing/opentracing-noop/0.31.0/opentracing-noop-0.31.0.jar:/home/user/.m2/repository/org/apache/hadoop/hadoop-hdds-server-framework/0.5.0-SNAPSHOT/hadoop-hdds-server-framework-0.5.0-SNAPSHOT.jar:/home/user/.m2/repository/org/apache/hadoop/hadoop-hdds-container-service/0.5.0-SNAPSHOT/hadoop-hdds-container-service-0.5.0-SNAPSHOT.jar:/home/user/.m2/repository/org/apache/hadoop/hadoop-hdds-client/0.5.0-SNAPSHOT/hadoop-hdds-client-0.5.0-SNAPSHOT.jar:/home/user/.m2/repository/org/apache/hadoop/hadoop-hdds-tools/0.5.0-SNAPSHOT/hadoop-hdds-tools-0.5.0-SNAPSHOT.jar:/home/user/.m2/repository/org/apache/hadoop/hadoop-hdds-server-scm/0.5.0-SNAPSHOT/hadoop-hdds-server-scm-0.5.0-SNAPSHOT.jar:/home/user/.m2/repository/org/apache/hadoop/hadoop-hdds-docs/0.5.0-SNAPSHOT/hadoop-hdds-docs-0.5.0-SNAPSHOT.jar:/home/user/.m2/repository/io/dropwizard/metrics/metrics-core/3.2.4/metrics-core-3.2.4.jar:/home/user/.m2/repository/org/hamcrest/hamcrest-all/1.3/hamcrest-all-1.3.jar:/home/user/.m2/repository/org/bouncycastle/bcprov-jdk15on/1.60/bcprov-jdk15on-1.60.jar:/home/user/.m2/repository/info/picocli/picocli/3.9.6/picocli-3.9.6.jar:/home/user/.m2/repository/com/google/protobuf/protobuf-java/2.5.0/protobuf-java-2.5.0.jar:/home/user/.m2/repository/com/google/guava/guava/11.0.2/guava-11.0.2.jar:/home/user/.m2/repository/org/apache/hadoop/hadoop-ozone-ozone-manager/0.5.0-SNAPSHOT/hadoop-ozone-ozone-manager-0.5.0-SNAPSHOT.jar:/home/user/.m2/repository/org/apache/hadoop/hadoop-minikdc/3.2.0/hadoop-minikdc-3.2.0.jar:/home/user/.m2/repository/commons-io/commons-io/2.5/commons-io-2.5.jar:/home/user/.m2/repository/org/apache/kerby/kerb-simplekdc/1.0.1/kerb-simplekdc-1.0.1.jar:/home/user/.m2/repository/org/apache/kerby/kerb-client/1.0.1/kerb-client-1.0.1.jar:/home/user/.m2/repository/org/apache/kerby/kerby-config/1.0.1/kerby-config-1.0.1.jar:/home/user/.m2/repository/org/apache/kerby/kerb-core/1.0.1/kerb-core-1.0.1.jar:/home/user/.m2/repository/org/apache/kerby/kerby-pkix/1.0.1/kerby-pkix-1.0.1.jar:/home/user/.m2/repository/org/apache/kerby/kerby-asn1/1.0.1/kerby-asn1-1.0.1.jar:/home/user/.m2/repository/org/apache/kerby/kerby-util/1.0.1/kerby-util-1.0.1.jar:/home/user/.m2/repository/org/apache/kerby/kerb-common/1.0.1/kerb-common-1.0.1.jar:/home/user/.m2/repository/org/apache/kerby/kerb-crypto/1.0.1/kerb-crypto-1.0.1.jar:/home/user/.m2/repository/org/apache/kerby/kerb-util/1.0.1/kerb-util-1.0.1.jar:/home/user/.m2/repository/org/apache/kerby/token-provider/1.0.1/token-provider-1.0.1.jar:/home/user/.m2/repository/org/apache/kerby/kerb-admin/1.0.1/kerb-admin-1.0.1.jar:/home/user/.m2/repository/org/apache/kerby/kerb-server/1.0.1/kerb-server-1.0.1.jar:/home/user/.m2/repository/org/apache/kerby/kerb-identity/1.0.1/kerb-identity-1.0.1.jar:/home/user/.m2/repository/org/apache/kerby/kerby-xdr/1.0.1/kerby-xdr-1.0.1.jar:/home/user/.m2/repository/org/slf4j/slf4j-log4j12/1.7.25/slf4j-log4j12-1.7.25.jar:/home/user/.m2/repository/org/apache/hadoop/hadoop-ozone-s3gateway/0.5.0-SNAPSHOT/hadoop-ozone-s3gateway-0.5.0-SNAPSHOT.jar:/home/user/.m2/repository/org/jboss/weld/servlet/weld-servlet/2.4.7.Final/weld-servlet-2.4.7.Final.jar:/home/user/.m2/repository/org/glassfish/jersey/containers/jersey-container-servlet-core/2.27/jersey-container-servlet-core-2.27.jar:/home/user/.m2/repository/org/glassfish/hk2/external/javax.inject/2.5.0-b42/javax.inject-2.5.0-b42.jar:/home/user/.m2/repository/org/glassfish/jersey/core/jersey-common/2.27/jersey-common-2.27.jar:/home/user/.m2/repository/org/glassfish/hk2/osgi-resource-locator/1.0.1/osgi-resource-locator-1.0.1.jar:/home/user/.m2/repository/javax/ws/rs/javax.ws.rs-api/2.1/javax.ws.rs-api-2.1.jar:/home/user/.m2/repository/org/glassfish/jersey/ext/cdi/jersey-cdi1x/2.27/jersey-cdi1x-2.27.jar:/home/user/.m2/repository/org/glassfish/jersey/inject/jersey-hk2/2.27/jersey-hk2-2.27.jar:/home/user/.m2/repository/org/glassfish/hk2/hk2-locator/2.5.0-b42/hk2-locator-2.5.0-b42.jar:/home/user/.m2/repository/org/javassist/javassist/3.22.0-CR2/javassist-3.22.0-CR2.jar:/home/user/.m2/repository/org/glassfish/hk2/hk2-api/2.5.0/hk2-api-2.5.0.jar:/home/user/.m2/repository/org/glassfish/hk2/external/jakarta.inject/2.5.0/jakarta.inject-2.5.0.jar:/home/user/.m2/repository/org/glassfish/hk2/hk2-utils/2.5.0/hk2-utils-2.5.0.jar:/home/user/.m2/repository/jakarta/annotation/jakarta.annotation-api/1.3.4/jakarta.annotation-api-1.3.4.jar:/home/user/.m2/repository/org/glassfish/hk2/external/aopalliance-repackaged/2.5.0/aopalliance-repackaged-2.5.0.jar:/home/user/.m2/repository/com/fasterxml/jackson/dataformat/jackson-dataformat-xml/2.9.0/jackson-dataformat-xml-2.9.0.jar:/home/user/.m2/repository/com/fasterxml/jackson/core/jackson-core/2.9.9/jackson-core-2.9.9.jar:/home/user/.m2/repository/com/fasterxml/jackson/module/jackson-module-jaxb-annotations/2.9.9/jackson-module-jaxb-annotations-2.9.9.jar:/home/user/.m2/repository/javax/enterprise/cdi-api/1.2/cdi-api-1.2.jar:/home/user/.m2/repository/javax/el/javax.el-api/3.0.0/javax.el-api-3.0.0.jar:/home/user/.m2/repository/javax/interceptor/javax.interceptor-api/1.2/javax.interceptor-api-1.2.jar:/home/user/.m2/repository/javax/inject/javax.inject/1/javax.inject-1.jar:/home/user/.m2/repository/com/sun/xml/bind/jaxb-impl/2.3.0.1/jaxb-impl-2.3.0.1.jar:/home/user/.m2/repository/com/sun/xml/bind/jaxb-core/2.3.0.1/jaxb-core-2.3.0.1.jar:/home/user/.m2/repository/javax/xml/bind/jaxb-api/2.3.0/jaxb-api-2.3.0.jar:/home/user/.m2/repository/javax/activation/activation/1.1.1/activation-1.1.1.jar:/home/user/.m2/repository/org/apache/hadoop/hadoop-ozone-csi/0.5.0-SNAPSHOT/hadoop-ozone-csi-0.5.0-SNAPSHOT.jar:/home/user/.m2/repository/com/google/protobuf/protobuf-java-util/3.5.1/protobuf-java-util-3.5.1.jar:/home/user/.m2/repository/org/apache/hadoop/hadoop-hdds-config/0.5.0-SNAPSHOT/hadoop-hdds-config-0.5.0-SNAPSHOT.jar:/home/user/.m2/repository/io/grpc/grpc-netty/1.17.1/grpc-netty-1.17.1.jar:/home/user/.m2/repository/io/grpc/grpc-core/1.17.1/grpc-core-1.17.1.jar:/home/user/.m2/repository/io/grpc/grpc-context/1.17.1/grpc-context-1.17.1.jar:/home/user/.m2/repository/com/google/errorprone/error_prone_annotations/2.2.0/error_prone_annotations-2.2.0.jar:/home/user/.m2/repository/org/codehaus/mojo/animal-sniffer-annotations/1.17/animal-sniffer-annotations-1.17.jar:/home/user/.m2/repository/io/opencensus/opencensus-api/0.17.0/opencensus-api-0.17.0.jar:/home/user/.m2/repository/io/opencensus/opencensus-contrib-grpc-metrics/0.17.0/opencensus-contrib-grpc-metrics-0.17.0.jar:/home/user/.m2/repository/io/netty/netty-codec-http2/4.1.30.Final/netty-codec-http2-4.1.30.Final.jar:/home/user/.m2/repository/io/netty/netty-codec-http/4.1.30.Final/netty-codec-http-4.1.30.Final.jar:/home/user/.m2/repository/io/netty/netty-codec/4.1.30.Final/netty-codec-4.1.30.Final.jar:/home/user/.m2/repository/io/netty/netty-handler/4.1.30.Final/netty-handler-4.1.30.Final.jar:/home/user/.m2/repository/io/netty/netty-handler-proxy/4.1.30.Final/netty-handler-proxy-4.1.30.Final.jar:/home/user/.m2/repository/io/netty/netty-codec-socks/4.1.30.Final/netty-codec-socks-4.1.30.Final.jar:/home/user/.m2/repository/io/netty/netty-transport-native-epoll/4.1.30.Final/netty-transport-native-epoll-4.1.30.Final.jar:/home/user/.m2/repository/io/netty/netty-common/4.1.30.Final/netty-common-4.1.30.Final.jar:/home/user/.m2/repository/io/netty/netty-buffer/4.1.30.Final/netty-buffer-4.1.30.Final.jar:/home/user/.m2/repository/io/netty/netty-transport/4.1.30.Final/netty-transport-4.1.30.Final.jar:/home/user/.m2/repository/io/netty/netty-resolver/4.1.30.Final/netty-resolver-4.1.30.Final.jar:/home/user/.m2/repository/io/netty/netty-transport-native-unix-common/4.1.30.Final/netty-transport-native-unix-common-4.1.30.Final.jar:/home/user/.m2/repository/io/grpc/grpc-protobuf/1.17.1/grpc-protobuf-1.17.1.jar:/home/user/.m2/repository/com/google/api/grpc/proto-google-common-protos/1.0.0/proto-google-common-protos-1.0.0.jar:/home/user/.m2/repository/io/grpc/grpc-protobuf-lite/1.17.1/grpc-protobuf-lite-1.17.1.jar:/home/user/.m2/repository/io/grpc/grpc-stub/1.17.1/grpc-stub-1.17.1.jar:/home/user/.m2/repository/org/apache/hadoop/hadoop-ozone-recon/0.5.0-SNAPSHOT/hadoop-ozone-recon-0.5.0-SNAPSHOT.jar:/home/user/.m2/repository/org/apache/hadoop/hadoop-ozone-reconcodegen/0.5.0-SNAPSHOT/hadoop-ozone-reconcodegen-0.5.0-SNAPSHOT.jar:/home/user/.m2/repository/com/google/inject/extensions/guice-multibindings/4.0/guice-multibindings-4.0.jar:/home/user/.m2/repository/com/google/inject/guice/4.0/guice-4.0.jar:/home/user/.m2/repository/aopalliance/aopalliance/1.0/aopalliance-1.0.jar:/home/user/.m2/repository/com/google/inject/extensions/guice-servlet/4.0/guice-servlet-4.0.jar:/home/user/.m2/repository/org/glassfish/jersey/containers/jersey-container-servlet/2.27/jersey-container-servlet-2.27.jar:/home/user/.m2/repository/org/glassfish/hk2/guice-bridge/2.5.0/guice-bridge-2.5.0.jar:/home/user/.m2/repository/org/glassfish/jersey/core/jersey-server/2.27/jersey-server-2.27.jar:/home/user/.m2/repository/org/glassfish/jersey/core/jersey-client/2.27/jersey-client-2.27.jar:/home/user/.m2/repository/org/glassfish/jersey/media/jersey-media-jaxb/2.27/jersey-media-jaxb-2.27.jar:/home/user/.m2/repository/javax/validation/validation-api/1.1.0.Final/validation-api-1.1.0.Final.jar:/home/user/.m2/repository/org/glassfish/jersey/media/jersey-media-json-jackson/2.27/jersey-media-json-jackson-2.27.jar:/home/user/.m2/repository/org/glassfish/jersey/ext/jersey-entity-filtering/2.27/jersey-entity-filtering-2.27.jar:/home/user/.m2/repository/com/google/inject/extensions/guice-assistedinject/4.0/guice-assistedinject-4.0.jar:/home/user/.m2/repository/org/jooq/jooq/3.11.10/jooq-3.11.10.jar:/home/user/.m2/repository/org/jooq/jooq-meta/3.11.10/jooq-meta-3.11.10.jar:/home/user/.m2/repository/org/jooq/jooq-codegen/3.11.10/jooq-codegen-3.11.10.jar:/home/user/.m2/repository/com/jolbox/bonecp/0.8.0.RELEASE/bonecp-0.8.0.RELEASE.jar:/home/user/.m2/repository/org/xerial/sqlite-jdbc/3.25.2/sqlite-jdbc-3.25.2.jar:/home/user/.m2/repository/org/springframework/spring-jdbc/5.1.3.RELEASE/spring-jdbc-5.1.3.RELEASE.jar:/home/user/.m2/repository/org/springframework/spring-beans/5.1.3.RELEASE/spring-beans-5.1.3.RELEASE.jar:/home/user/.m2/repository/org/springframework/spring-core/5.1.3.RELEASE/spring-core-5.1.3.RELEASE.jar:/home/user/.m2/repository/org/springframework/spring-jcl/5.1.3.RELEASE/spring-jcl-5.1.3.RELEASE.jar:/home/user/.m2/repository/org/springframework/spring-tx/5.1.3.RELEASE/spring-tx-5.1.3.RELEASE.jar:/home/user/.m2/repository/org/apache/hadoop/hadoop-ozone-client/0.5.0-SNAPSHOT/hadoop-ozone-client-0.5.0-SNAPSHOT.jar:/home/user/.m2/repository/commons-lang/commons-lang/2.6/commons-lang-2.6.jar:/home/user/.m2/repository/org/apache/hadoop/hadoop-ozone-ozone-manager/0.5.0-SNAPSHOT/hadoop-ozone-ozone-manager-0.5.0-SNAPSHOT-tests.jar:/home/user/.m2/repository/junit/junit/4.11/junit-4.11.jar:/home/user/.m2/repository/org/hamcrest/hamcrest-core/1.3/hamcrest-core-1.3.jar:/home/user/.m2/repository/org/openjdk/jmh/jmh-core/1.19/jmh-core-1.19.jar:/home/user/.m2/repository/net/sf/jopt-simple/jopt-simple/4.6/jopt-simple-4.6.jar:/home/user/.m2/repository/org/apache/commons/commons-math3/3.1.1/commons-math3-3.1.1.jar:/home/user/.m2/repository/org/openjdk/jmh/jmh-generator-annprocess/1.19/jmh-generator-annprocess-1.19.jar:/home/user/.m2/repository/org/mockito/mockito-all/1.8.5/mockito-all-1.8.5.jar:/home/user/.m2/repository/org/apache/hadoop/hadoop-kms/3.2.0/hadoop-kms-3.2.0.jar:/home/user/.m2/repository/org/apache/hadoop/hadoop-auth/3.2.0/hadoop-auth-3.2.0.jar:/home/user/.m2/repository/com/nimbusds/nimbus-jose-jwt/4.41.1/nimbus-jose-jwt-4.41.1.jar:/home/user/.m2/repository/com/github/stephenc/jcip/jcip-annotations/1.0-1/jcip-annotations-1.0-1.jar:/home/user/.m2/repository/net/minidev/json-smart/2.3/json-smart-2.3.jar:/home/user/.m2/repository/net/minidev/accessors-smart/1.2/accessors-smart-1.2.jar:/home/user/.m2/repository/org/ow2/asm/asm/5.0.4/asm-5.0.4.jar:/home/user/.m2/repository/org/apache/curator/curator-framework/2.12.0/curator-framework-2.12.0.jar:/home/user/.m2/repository/com/sun/jersey/jersey-core/1.19/jersey-core-1.19.jar:/home/user/.m2/repository/javax/ws/rs/jsr311-api/1.1.1/jsr311-api-1.1.1.jar:/home/user/.m2/repository/com/sun/jersey/jersey-server/1.19/jersey-server-1.19.jar:/home/user/.m2/repository/javax/servlet/javax.servlet-api/3.1.0/javax.servlet-api-3.1.0.jar:/home/user/.m2/repository/org/eclipse/jetty/jetty-server/9.3.25.v20180904/jetty-server-9.3.25.v20180904.jar:/home/user/.m2/repository/org/eclipse/jetty/jetty-http/9.3.25.v20180904/jetty-http-9.3.25.v20180904.jar:/home/user/.m2/repository/org/eclipse/jetty/jetty-io/9.3.25.v20180904/jetty-io-9.3.25.v20180904.jar:/home/user/.m2/repository/org/eclipse/jetty/jetty-webapp/9.3.25.v20180904/jetty-webapp-9.3.25.v20180904.jar:/home/user/.m2/repository/org/eclipse/jetty/jetty-xml/9.3.25.v20180904/jetty-xml-9.3.25.v20180904.jar:/home/user/.m2/repository/log4j/log4j/1.2.17/log4j-1.2.17.jar:/home/user/.m2/repository/org/slf4j/slf4j-api/1.7.25/slf4j-api-1.7.25.jar:/home/user/.m2/repository/org/slf4j/jul-to-slf4j/1.7.25/jul-to-slf4j-1.7.25.jar:/home/user/.m2/repository/org/eclipse/jetty/jetty-util/9.3.25.v20180904/jetty-util-9.3.25.v20180904.jar:/home/user/.m2/repository/com/fasterxml/jackson/core/jackson-databind/2.9.9/jackson-databind-2.9.9.jar:/home/user/.m2/repository/org/apache/hadoop/hadoop-kms/3.2.0/hadoop-kms-3.2.0-tests.jar:/home/user/.m2/repository/org/apache/hadoop/hadoop-hdds-server-scm/0.5.0-SNAPSHOT/hadoop-hdds-server-scm-0.5.0-SNAPSHOT-tests.jar:/home/user/.m2/repository/org/apache/hadoop/hadoop-hdds-container-service/0.5.0-SNAPSHOT/hadoop-hdds-container-service-0.5.0-SNAPSHOT-tests.jar:/home/user/.m2/repository/org/yaml/snakeyaml/1.16/snakeyaml-1.16.jar:/home/user/.m2/repository/org/apache/hadoop/hadoop-common/3.2.0/hadoop-common-3.2.0-tests.jar:/home/user/.m2/repository/org/apache/hadoop/hadoop-annotations/3.2.0/hadoop-annotations-3.2.0.jar:/usr/lib/jvm/java-1.8.0-openjdk-1.8.0.222.b10-1.el7_7.x86_64/jre/../lib/tools.jar:/home/user/.m2/repository/commons-cli/commons-cli/1.2/commons-cli-1.2.jar:/home/user/.m2/repository/org/apache/httpcomponents/httpclient/4.5.2/httpclient-4.5.2.jar:/home/user/.m2/repository/org/apache/httpcomponents/httpcore/4.4.4/httpcore-4.4.4.jar:/home/user/.m2/repository/commons-codec/commons-codec/1.11/commons-codec-1.11.jar:/home/user/.m2/repository/commons-net/commons-net/3.6/commons-net-3.6.jar:/home/user/.m2/repository/commons-collections/commons-collections/3.2.2/commons-collections-3.2.2.jar:/home/user/.m2/repository/org/eclipse/jetty/jetty-servlet/9.3.25.v20180904/jetty-servlet-9.3.25.v20180904.jar:/home/user/.m2/repository/org/eclipse/jetty/jetty-security/9.3.25.v20180904/jetty-security-9.3.25.v20180904.jar:/home/user/.m2/repository/javax/servlet/jsp/jsp-api/2.1/jsp-api-2.1.jar:/home/user/.m2/repository/com/sun/jersey/jersey-servlet/1.19/jersey-servlet-1.19.jar:/home/user/.m2/repository/com/sun/jersey/jersey-json/1.19/jersey-json-1.19.jar:/home/user/.m2/repository/org/codehaus/jettison/jettison/1.1/jettison-1.1.jar:/home/user/.m2/repository/org/codehaus/jackson/jackson-core-asl/1.9.13/jackson-core-asl-1.9.13.jar:/home/user/.m2/repository/org/codehaus/jackson/jackson-mapper-asl/1.9.13/jackson-mapper-asl-1.9.13.jar:/home/user/.m2/repository/org/codehaus/jackson/jackson-jaxrs/1.9.13/jackson-jaxrs-1.9.13.jar:/home/user/.m2/repository/org/codehaus/jackson/jackson-xc/1.9.13/jackson-xc-1.9.13.jar:/home/user/.m2/repository/commons-logging/commons-logging/1.1.3/commons-logging-1.1.3.jar:/home/user/.m2/repository/commons-beanutils/commons-beanutils/1.9.4/commons-beanutils-1.9.4.jar:/home/user/.m2/repository/org/apache/commons/commons-configuration2/2.1.1/commons-configuration2-2.1.1.jar:/home/user/.m2/repository/org/apache/commons/commons-lang3/3.7/commons-lang3-3.7.jar:/home/user/.m2/repository/org/apache/commons/commons-text/1.4/commons-text-1.4.jar:/home/user/.m2/repository/org/apache/avro/avro/1.7.7/avro-1.7.7.jar:/home/user/.m2/repository/com/thoughtworks/paranamer/paranamer/2.3/paranamer-2.3.jar:/home/user/.m2/repository/org/xerial/snappy/snappy-java/1.0.5/snappy-java-1.0.5.jar:/home/user/.m2/repository/com/google/re2j/re2j/1.1/re2j-1.1.jar:/home/user/.m2/repository/com/google/code/gson/gson/2.2.4/gson-2.2.4.jar:/home/user/.m2/repository/com/jcraft/jsch/0.1.54/jsch-0.1.54.jar:/home/user/.m2/repository/org/apache/curator/curator-client/2.12.0/curator-client-2.12.0.jar:/home/user/.m2/repository/org/apache/curator/curator-recipes/2.12.0/curator-recipes-2.12.0.jar:/home/user/.m2/repository/com/google/code/findbugs/jsr305/3.0.0/jsr305-3.0.0.jar:/home/user/.m2/repository/org/apache/htrace/htrace-core4/4.1.0-incubating/htrace-core4-4.1.0-incubating.jar:/home/user/.m2/repository/org/apache/zookeeper/zookeeper/3.4.13/zookeeper-3.4.13.jar:/home/user/.m2/repository/jline/jline/0.9.94/jline-0.9.94.jar:/home/user/.m2/repository/org/apache/yetus/audience-annotations/0.5.0/audience-annotations-0.5.0.jar:/home/user/.m2/repository/org/codehaus/woodstox/stax2-api/3.1.4/stax2-api-3.1.4.jar:/home/user/.m2/repository/com/fasterxml/woodstox/woodstox-core/5.0.3/woodstox-core-5.0.3.jar:/home/user/.m2/repository/dnsjava/dnsjava/2.1.7/dnsjava-2.1.7.jar:/home/user/.m2/repository/org/apache/hadoop/hadoop-hdfs/3.2.0/hadoop-hdfs-3.2.0-tests.jar:/home/user/.m2/repository/org/eclipse/jetty/jetty-util-ajax/9.3.25.v20180904/jetty-util-ajax-9.3.25.v20180904.jar:/home/user/.m2/repository/commons-daemon/commons-daemon/1.0.13/commons-daemon-1.0.13.jar:/home/user/.m2/repository/io/netty/netty/3.10.5.Final/netty-3.10.5.Final.jar:/home/user/.m2/repository/io/netty/netty-all/4.0.52.Final/netty-all-4.0.52.Final.jar:/home/user/.m2/repository/org/fusesource/leveldbjni/leveldbjni-all/1.8/leveldbjni-all-1.8.jar:"/>
    <property name="java.vm.vendor" value="Oracle Corporation"/>
    <property name="sun.arch.data.model" value="64"/>
    <property name="test.build.dir" value="/workdir/hadoop-ozone/integration-test/target/test-dir"/>
    <property name="test.cache.data" value=""/>
    <property name="java.vendor.url" value="http://java.oracle.com/"/>
    <property name="user.timezone" value=""/>
    <property name="java.vm.specification.version" value="1.8"/>
    <property name="os.name" value="Linux"/>
    <property name="test.build.data" value="/workdir/hadoop-ozone/integration-test/target/test-dir"/>
    <property name="user.country" value="US"/>
    <property name="sun.java.launcher" value="SUN_STANDARD"/>
    <property name="sun.boot.library.path" value="/usr/lib/jvm/java-1.8.0-openjdk-1.8.0.222.b10-1.el7_7.x86_64/jre/lib/amd64"/>
    <property name="sun.java.command" value="/workdir/hadoop-ozone/integration-test/target/surefire/surefirebooter3306866823026079792.jar /workdir/hadoop-ozone/integration-test/target/surefire 2019-10-28T10-45-06_209-jvmRun1 surefire7293288539263845912tmp surefire_52969239861519189797tmp"/>
    <property name="surefire.test.class.path" value="/workdir/hadoop-ozone/integration-test/target/test-classes:/workdir/hadoop-ozone/integration-test/target/classes:/home/user/.m2/repository/org/apache/hadoop/hadoop-ozone-common/0.5.0-SNAPSHOT/hadoop-ozone-common-0.5.0-SNAPSHOT.jar:/home/user/.m2/repository/org/apache/commons/commons-compress/1.4.1/commons-compress-1.4.1.jar:/home/user/.m2/repository/org/tukaani/xz/1.0/xz-1.0.jar:/home/user/.m2/repository/org/apache/hadoop/hadoop-common/3.2.0/hadoop-common-3.2.0.jar:/home/user/.m2/repository/org/apache/hadoop/hadoop-hdfs/3.2.0/hadoop-hdfs-3.2.0.jar:/home/user/.m2/repository/org/apache/hadoop/hadoop-hdfs-client/3.2.0/hadoop-hdfs-client-3.2.0.jar:/home/user/.m2/repository/com/fasterxml/jackson/core/jackson-annotations/2.9.9/jackson-annotations-2.9.9.jar:/home/user/.m2/repository/org/apache/hadoop/hadoop-hdds-common/0.5.0-SNAPSHOT/hadoop-hdds-common-0.5.0-SNAPSHOT.jar:/home/user/.m2/repository/javax/annotation/javax.annotation-api/1.2/javax.annotation-api-1.2.jar:/home/user/.m2/repository/org/apache/ratis/ratis-server/0.5.0-3f446aa-SNAPSHOT/ratis-server-0.5.0-3f446aa-SNAPSHOT.jar:/home/user/.m2/repository/org/apache/ratis/ratis-thirdparty-misc/0.2.0/ratis-thirdparty-misc-0.2.0.jar:/home/user/.m2/repository/org/apache/ratis/ratis-proto/0.5.0-3f446aa-SNAPSHOT/ratis-proto-0.5.0-3f446aa-SNAPSHOT.jar:/home/user/.m2/repository/org/apache/ratis/ratis-common/0.5.0-3f446aa-SNAPSHOT/ratis-common-0.5.0-3f446aa-SNAPSHOT.jar:/home/user/.m2/repository/org/apache/ratis/ratis-client/0.5.0-3f446aa-SNAPSHOT/ratis-client-0.5.0-3f446aa-SNAPSHOT.jar:/home/user/.m2/repository/org/apache/ratis/ratis-metrics/0.5.0-3f446aa-SNAPSHOT/ratis-metrics-0.5.0-3f446aa-SNAPSHOT.jar:/home/user/.m2/repository/com/github/joshelser/dropwizard-metrics-hadoop-metrics2-reporter/0.1.2/dropwizard-metrics-hadoop-metrics2-reporter-0.1.2.jar:/home/user/.m2/repository/io/dropwizard/metrics/metrics-jvm/3.2.5/metrics-jvm-3.2.5.jar:/home/user/.m2/repository/io/dropwizard/metrics/metrics-ganglia/3.2.5/metrics-ganglia-3.2.5.jar:/home/user/.m2/repository/info/ganglia/gmetric4j/gmetric4j/1.0.7/gmetric4j-1.0.7.jar:/home/user/.m2/repository/org/apache/ratis/ratis-netty/0.5.0-3f446aa-SNAPSHOT/ratis-netty-0.5.0-3f446aa-SNAPSHOT.jar:/home/user/.m2/repository/org/apache/ratis/ratis-grpc/0.5.0-3f446aa-SNAPSHOT/ratis-grpc-0.5.0-3f446aa-SNAPSHOT.jar:/home/user/.m2/repository/org/rocksdb/rocksdbjni/6.0.1/rocksdbjni-6.0.1.jar:/home/user/.m2/repository/org/apache/logging/log4j/log4j-api/2.11.0/log4j-api-2.11.0.jar:/home/user/.m2/repository/org/apache/logging/log4j/log4j-core/2.11.0/log4j-core-2.11.0.jar:/home/user/.m2/repository/com/lmax/disruptor/3.4.2/disruptor-3.4.2.jar:/home/user/.m2/repository/org/apache/commons/commons-pool2/2.6.0/commons-pool2-2.6.0.jar:/home/user/.m2/repository/org/bouncycastle/bcpkix-jdk15on/1.60/bcpkix-jdk15on-1.60.jar:/home/user/.m2/repository/commons-validator/commons-validator/1.6/commons-validator-1.6.jar:/home/user/.m2/repository/commons-digester/commons-digester/1.8.1/commons-digester-1.8.1.jar:/home/user/.m2/repository/io/jaegertracing/jaeger-client/0.34.0/jaeger-client-0.34.0.jar:/home/user/.m2/repository/io/jaegertracing/jaeger-thrift/0.34.0/jaeger-thrift-0.34.0.jar:/home/user/.m2/repository/org/apache/thrift/libthrift/0.12.0/libthrift-0.12.0.jar:/home/user/.m2/repository/com/squareup/okhttp3/okhttp/3.9.0/okhttp-3.9.0.jar:/home/user/.m2/repository/com/squareup/okio/okio/1.13.0/okio-1.13.0.jar:/home/user/.m2/repository/io/jaegertracing/jaeger-core/0.34.0/jaeger-core-0.34.0.jar:/home/user/.m2/repository/io/jaegertracing/jaeger-tracerresolver/0.34.0/jaeger-tracerresolver-0.34.0.jar:/home/user/.m2/repository/io/opentracing/contrib/opentracing-tracerresolver/0.1.5/opentracing-tracerresolver-0.1.5.jar:/home/user/.m2/repository/io/opentracing/opentracing-util/0.31.0/opentracing-util-0.31.0.jar:/home/user/.m2/repository/io/opentracing/opentracing-api/0.31.0/opentracing-api-0.31.0.jar:/home/user/.m2/repository/io/opentracing/opentracing-noop/0.31.0/opentracing-noop-0.31.0.jar:/home/user/.m2/repository/org/apache/hadoop/hadoop-hdds-server-framework/0.5.0-SNAPSHOT/hadoop-hdds-server-framework-0.5.0-SNAPSHOT.jar:/home/user/.m2/repository/org/apache/hadoop/hadoop-hdds-container-service/0.5.0-SNAPSHOT/hadoop-hdds-container-service-0.5.0-SNAPSHOT.jar:/home/user/.m2/repository/org/apache/hadoop/hadoop-hdds-client/0.5.0-SNAPSHOT/hadoop-hdds-client-0.5.0-SNAPSHOT.jar:/home/user/.m2/repository/org/apache/hadoop/hadoop-hdds-tools/0.5.0-SNAPSHOT/hadoop-hdds-tools-0.5.0-SNAPSHOT.jar:/home/user/.m2/repository/org/apache/hadoop/hadoop-hdds-server-scm/0.5.0-SNAPSHOT/hadoop-hdds-server-scm-0.5.0-SNAPSHOT.jar:/home/user/.m2/repository/org/apache/hadoop/hadoop-hdds-docs/0.5.0-SNAPSHOT/hadoop-hdds-docs-0.5.0-SNAPSHOT.jar:/home/user/.m2/repository/io/dropwizard/metrics/metrics-core/3.2.4/metrics-core-3.2.4.jar:/home/user/.m2/repository/org/hamcrest/hamcrest-all/1.3/hamcrest-all-1.3.jar:/home/user/.m2/repository/org/bouncycastle/bcprov-jdk15on/1.60/bcprov-jdk15on-1.60.jar:/home/user/.m2/repository/info/picocli/picocli/3.9.6/picocli-3.9.6.jar:/home/user/.m2/repository/com/google/protobuf/protobuf-java/2.5.0/protobuf-java-2.5.0.jar:/home/user/.m2/repository/com/google/guava/guava/11.0.2/guava-11.0.2.jar:/home/user/.m2/repository/org/apache/hadoop/hadoop-ozone-ozone-manager/0.5.0-SNAPSHOT/hadoop-ozone-ozone-manager-0.5.0-SNAPSHOT.jar:/home/user/.m2/repository/org/apache/hadoop/hadoop-minikdc/3.2.0/hadoop-minikdc-3.2.0.jar:/home/user/.m2/repository/commons-io/commons-io/2.5/commons-io-2.5.jar:/home/user/.m2/repository/org/apache/kerby/kerb-simplekdc/1.0.1/kerb-simplekdc-1.0.1.jar:/home/user/.m2/repository/org/apache/kerby/kerb-client/1.0.1/kerb-client-1.0.1.jar:/home/user/.m2/repository/org/apache/kerby/kerby-config/1.0.1/kerby-config-1.0.1.jar:/home/user/.m2/repository/org/apache/kerby/kerb-core/1.0.1/kerb-core-1.0.1.jar:/home/user/.m2/repository/org/apache/kerby/kerby-pkix/1.0.1/kerby-pkix-1.0.1.jar:/home/user/.m2/repository/org/apache/kerby/kerby-asn1/1.0.1/kerby-asn1-1.0.1.jar:/home/user/.m2/repository/org/apache/kerby/kerby-util/1.0.1/kerby-util-1.0.1.jar:/home/user/.m2/repository/org/apache/kerby/kerb-common/1.0.1/kerb-common-1.0.1.jar:/home/user/.m2/repository/org/apache/kerby/kerb-crypto/1.0.1/kerb-crypto-1.0.1.jar:/home/user/.m2/repository/org/apache/kerby/kerb-util/1.0.1/kerb-util-1.0.1.jar:/home/user/.m2/repository/org/apache/kerby/token-provider/1.0.1/token-provider-1.0.1.jar:/home/user/.m2/repository/org/apache/kerby/kerb-admin/1.0.1/kerb-admin-1.0.1.jar:/home/user/.m2/repository/org/apache/kerby/kerb-server/1.0.1/kerb-server-1.0.1.jar:/home/user/.m2/repository/org/apache/kerby/kerb-identity/1.0.1/kerb-identity-1.0.1.jar:/home/user/.m2/repository/org/apache/kerby/kerby-xdr/1.0.1/kerby-xdr-1.0.1.jar:/home/user/.m2/repository/org/slf4j/slf4j-log4j12/1.7.25/slf4j-log4j12-1.7.25.jar:/home/user/.m2/repository/org/apache/hadoop/hadoop-ozone-s3gateway/0.5.0-SNAPSHOT/hadoop-ozone-s3gateway-0.5.0-SNAPSHOT.jar:/home/user/.m2/repository/org/jboss/weld/servlet/weld-servlet/2.4.7.Final/weld-servlet-2.4.7.Final.jar:/home/user/.m2/repository/org/glassfish/jersey/containers/jersey-container-servlet-core/2.27/jersey-container-servlet-core-2.27.jar:/home/user/.m2/repository/org/glassfish/hk2/external/javax.inject/2.5.0-b42/javax.inject-2.5.0-b42.jar:/home/user/.m2/repository/org/glassfish/jersey/core/jersey-common/2.27/jersey-common-2.27.jar:/home/user/.m2/repository/org/glassfish/hk2/osgi-resource-locator/1.0.1/osgi-resource-locator-1.0.1.jar:/home/user/.m2/repository/javax/ws/rs/javax.ws.rs-api/2.1/javax.ws.rs-api-2.1.jar:/home/user/.m2/repository/org/glassfish/jersey/ext/cdi/jersey-cdi1x/2.27/jersey-cdi1x-2.27.jar:/home/user/.m2/repository/org/glassfish/jersey/inject/jersey-hk2/2.27/jersey-hk2-2.27.jar:/home/user/.m2/repository/org/glassfish/hk2/hk2-locator/2.5.0-b42/hk2-locator-2.5.0-b42.jar:/home/user/.m2/repository/org/javassist/javassist/3.22.0-CR2/javassist-3.22.0-CR2.jar:/home/user/.m2/repository/org/glassfish/hk2/hk2-api/2.5.0/hk2-api-2.5.0.jar:/home/user/.m2/repository/org/glassfish/hk2/external/jakarta.inject/2.5.0/jakarta.inject-2.5.0.jar:/home/user/.m2/repository/org/glassfish/hk2/hk2-utils/2.5.0/hk2-utils-2.5.0.jar:/home/user/.m2/repository/jakarta/annotation/jakarta.annotation-api/1.3.4/jakarta.annotation-api-1.3.4.jar:/home/user/.m2/repository/org/glassfish/hk2/external/aopalliance-repackaged/2.5.0/aopalliance-repackaged-2.5.0.jar:/home/user/.m2/repository/com/fasterxml/jackson/dataformat/jackson-dataformat-xml/2.9.0/jackson-dataformat-xml-2.9.0.jar:/home/user/.m2/repository/com/fasterxml/jackson/core/jackson-core/2.9.9/jackson-core-2.9.9.jar:/home/user/.m2/repository/com/fasterxml/jackson/module/jackson-module-jaxb-annotations/2.9.9/jackson-module-jaxb-annotations-2.9.9.jar:/home/user/.m2/repository/javax/enterprise/cdi-api/1.2/cdi-api-1.2.jar:/home/user/.m2/repository/javax/el/javax.el-api/3.0.0/javax.el-api-3.0.0.jar:/home/user/.m2/repository/javax/interceptor/javax.interceptor-api/1.2/javax.interceptor-api-1.2.jar:/home/user/.m2/repository/javax/inject/javax.inject/1/javax.inject-1.jar:/home/user/.m2/repository/com/sun/xml/bind/jaxb-impl/2.3.0.1/jaxb-impl-2.3.0.1.jar:/home/user/.m2/repository/com/sun/xml/bind/jaxb-core/2.3.0.1/jaxb-core-2.3.0.1.jar:/home/user/.m2/repository/javax/xml/bind/jaxb-api/2.3.0/jaxb-api-2.3.0.jar:/home/user/.m2/repository/javax/activation/activation/1.1.1/activation-1.1.1.jar:/home/user/.m2/repository/org/apache/hadoop/hadoop-ozone-csi/0.5.0-SNAPSHOT/hadoop-ozone-csi-0.5.0-SNAPSHOT.jar:/home/user/.m2/repository/com/google/protobuf/protobuf-java-util/3.5.1/protobuf-java-util-3.5.1.jar:/home/user/.m2/repository/org/apache/hadoop/hadoop-hdds-config/0.5.0-SNAPSHOT/hadoop-hdds-config-0.5.0-SNAPSHOT.jar:/home/user/.m2/repository/io/grpc/grpc-netty/1.17.1/grpc-netty-1.17.1.jar:/home/user/.m2/repository/io/grpc/grpc-core/1.17.1/grpc-core-1.17.1.jar:/home/user/.m2/repository/io/grpc/grpc-context/1.17.1/grpc-context-1.17.1.jar:/home/user/.m2/repository/com/google/errorprone/error_prone_annotations/2.2.0/error_prone_annotations-2.2.0.jar:/home/user/.m2/repository/org/codehaus/mojo/animal-sniffer-annotations/1.17/animal-sniffer-annotations-1.17.jar:/home/user/.m2/repository/io/opencensus/opencensus-api/0.17.0/opencensus-api-0.17.0.jar:/home/user/.m2/repository/io/opencensus/opencensus-contrib-grpc-metrics/0.17.0/opencensus-contrib-grpc-metrics-0.17.0.jar:/home/user/.m2/repository/io/netty/netty-codec-http2/4.1.30.Final/netty-codec-http2-4.1.30.Final.jar:/home/user/.m2/repository/io/netty/netty-codec-http/4.1.30.Final/netty-codec-http-4.1.30.Final.jar:/home/user/.m2/repository/io/netty/netty-codec/4.1.30.Final/netty-codec-4.1.30.Final.jar:/home/user/.m2/repository/io/netty/netty-handler/4.1.30.Final/netty-handler-4.1.30.Final.jar:/home/user/.m2/repository/io/netty/netty-handler-proxy/4.1.30.Final/netty-handler-proxy-4.1.30.Final.jar:/home/user/.m2/repository/io/netty/netty-codec-socks/4.1.30.Final/netty-codec-socks-4.1.30.Final.jar:/home/user/.m2/repository/io/netty/netty-transport-native-epoll/4.1.30.Final/netty-transport-native-epoll-4.1.30.Final.jar:/home/user/.m2/repository/io/netty/netty-common/4.1.30.Final/netty-common-4.1.30.Final.jar:/home/user/.m2/repository/io/netty/netty-buffer/4.1.30.Final/netty-buffer-4.1.30.Final.jar:/home/user/.m2/repository/io/netty/netty-transport/4.1.30.Final/netty-transport-4.1.30.Final.jar:/home/user/.m2/repository/io/netty/netty-resolver/4.1.30.Final/netty-resolver-4.1.30.Final.jar:/home/user/.m2/repository/io/netty/netty-transport-native-unix-common/4.1.30.Final/netty-transport-native-unix-common-4.1.30.Final.jar:/home/user/.m2/repository/io/grpc/grpc-protobuf/1.17.1/grpc-protobuf-1.17.1.jar:/home/user/.m2/repository/com/google/api/grpc/proto-google-common-protos/1.0.0/proto-google-common-protos-1.0.0.jar:/home/user/.m2/repository/io/grpc/grpc-protobuf-lite/1.17.1/grpc-protobuf-lite-1.17.1.jar:/home/user/.m2/repository/io/grpc/grpc-stub/1.17.1/grpc-stub-1.17.1.jar:/home/user/.m2/repository/org/apache/hadoop/hadoop-ozone-recon/0.5.0-SNAPSHOT/hadoop-ozone-recon-0.5.0-SNAPSHOT.jar:/home/user/.m2/repository/org/apache/hadoop/hadoop-ozone-reconcodegen/0.5.0-SNAPSHOT/hadoop-ozone-reconcodegen-0.5.0-SNAPSHOT.jar:/home/user/.m2/repository/com/google/inject/extensions/guice-multibindings/4.0/guice-multibindings-4.0.jar:/home/user/.m2/repository/com/google/inject/guice/4.0/guice-4.0.jar:/home/user/.m2/repository/aopalliance/aopalliance/1.0/aopalliance-1.0.jar:/home/user/.m2/repository/com/google/inject/extensions/guice-servlet/4.0/guice-servlet-4.0.jar:/home/user/.m2/repository/org/glassfish/jersey/containers/jersey-container-servlet/2.27/jersey-container-servlet-2.27.jar:/home/user/.m2/repository/org/glassfish/hk2/guice-bridge/2.5.0/guice-bridge-2.5.0.jar:/home/user/.m2/repository/org/glassfish/jersey/core/jersey-server/2.27/jersey-server-2.27.jar:/home/user/.m2/repository/org/glassfish/jersey/core/jersey-client/2.27/jersey-client-2.27.jar:/home/user/.m2/repository/org/glassfish/jersey/media/jersey-media-jaxb/2.27/jersey-media-jaxb-2.27.jar:/home/user/.m2/repository/javax/validation/validation-api/1.1.0.Final/validation-api-1.1.0.Final.jar:/home/user/.m2/repository/org/glassfish/jersey/media/jersey-media-json-jackson/2.27/jersey-media-json-jackson-2.27.jar:/home/user/.m2/repository/org/glassfish/jersey/ext/jersey-entity-filtering/2.27/jersey-entity-filtering-2.27.jar:/home/user/.m2/repository/com/google/inject/extensions/guice-assistedinject/4.0/guice-assistedinject-4.0.jar:/home/user/.m2/repository/org/jooq/jooq/3.11.10/jooq-3.11.10.jar:/home/user/.m2/repository/org/jooq/jooq-meta/3.11.10/jooq-meta-3.11.10.jar:/home/user/.m2/repository/org/jooq/jooq-codegen/3.11.10/jooq-codegen-3.11.10.jar:/home/user/.m2/repository/com/jolbox/bonecp/0.8.0.RELEASE/bonecp-0.8.0.RELEASE.jar:/home/user/.m2/repository/org/xerial/sqlite-jdbc/3.25.2/sqlite-jdbc-3.25.2.jar:/home/user/.m2/repository/org/springframework/spring-jdbc/5.1.3.RELEASE/spring-jdbc-5.1.3.RELEASE.jar:/home/user/.m2/repository/org/springframework/spring-beans/5.1.3.RELEASE/spring-beans-5.1.3.RELEASE.jar:/home/user/.m2/repository/org/springframework/spring-core/5.1.3.RELEASE/spring-core-5.1.3.RELEASE.jar:/home/user/.m2/repository/org/springframework/spring-jcl/5.1.3.RELEASE/spring-jcl-5.1.3.RELEASE.jar:/home/user/.m2/repository/org/springframework/spring-tx/5.1.3.RELEASE/spring-tx-5.1.3.RELEASE.jar:/home/user/.m2/repository/org/apache/hadoop/hadoop-ozone-client/0.5.0-SNAPSHOT/hadoop-ozone-client-0.5.0-SNAPSHOT.jar:/home/user/.m2/repository/commons-lang/commons-lang/2.6/commons-lang-2.6.jar:/home/user/.m2/repository/org/apache/hadoop/hadoop-ozone-ozone-manager/0.5.0-SNAPSHOT/hadoop-ozone-ozone-manager-0.5.0-SNAPSHOT-tests.jar:/home/user/.m2/repository/junit/junit/4.11/junit-4.11.jar:/home/user/.m2/repository/org/hamcrest/hamcrest-core/1.3/hamcrest-core-1.3.jar:/home/user/.m2/repository/org/openjdk/jmh/jmh-core/1.19/jmh-core-1.19.jar:/home/user/.m2/repository/net/sf/jopt-simple/jopt-simple/4.6/jopt-simple-4.6.jar:/home/user/.m2/repository/org/apache/commons/commons-math3/3.1.1/commons-math3-3.1.1.jar:/home/user/.m2/repository/org/openjdk/jmh/jmh-generator-annprocess/1.19/jmh-generator-annprocess-1.19.jar:/home/user/.m2/repository/org/mockito/mockito-all/1.8.5/mockito-all-1.8.5.jar:/home/user/.m2/repository/org/apache/hadoop/hadoop-kms/3.2.0/hadoop-kms-3.2.0.jar:/home/user/.m2/repository/org/apache/hadoop/hadoop-auth/3.2.0/hadoop-auth-3.2.0.jar:/home/user/.m2/repository/com/nimbusds/nimbus-jose-jwt/4.41.1/nimbus-jose-jwt-4.41.1.jar:/home/user/.m2/repository/com/github/stephenc/jcip/jcip-annotations/1.0-1/jcip-annotations-1.0-1.jar:/home/user/.m2/repository/net/minidev/json-smart/2.3/json-smart-2.3.jar:/home/user/.m2/repository/net/minidev/accessors-smart/1.2/accessors-smart-1.2.jar:/home/user/.m2/repository/org/ow2/asm/asm/5.0.4/asm-5.0.4.jar:/home/user/.m2/repository/org/apache/curator/curator-framework/2.12.0/curator-framework-2.12.0.jar:/home/user/.m2/repository/com/sun/jersey/jersey-core/1.19/jersey-core-1.19.jar:/home/user/.m2/repository/javax/ws/rs/jsr311-api/1.1.1/jsr311-api-1.1.1.jar:/home/user/.m2/repository/com/sun/jersey/jersey-server/1.19/jersey-server-1.19.jar:/home/user/.m2/repository/javax/servlet/javax.servlet-api/3.1.0/javax.servlet-api-3.1.0.jar:/home/user/.m2/repository/org/eclipse/jetty/jetty-server/9.3.25.v20180904/jetty-server-9.3.25.v20180904.jar:/home/user/.m2/repository/org/eclipse/jetty/jetty-http/9.3.25.v20180904/jetty-http-9.3.25.v20180904.jar:/home/user/.m2/repository/org/eclipse/jetty/jetty-io/9.3.25.v20180904/jetty-io-9.3.25.v20180904.jar:/home/user/.m2/repository/org/eclipse/jetty/jetty-webapp/9.3.25.v20180904/jetty-webapp-9.3.25.v20180904.jar:/home/user/.m2/repository/org/eclipse/jetty/jetty-xml/9.3.25.v20180904/jetty-xml-9.3.25.v20180904.jar:/home/user/.m2/repository/log4j/log4j/1.2.17/log4j-1.2.17.jar:/home/user/.m2/repository/org/slf4j/slf4j-api/1.7.25/slf4j-api-1.7.25.jar:/home/user/.m2/repository/org/slf4j/jul-to-slf4j/1.7.25/jul-to-slf4j-1.7.25.jar:/home/user/.m2/repository/org/eclipse/jetty/jetty-util/9.3.25.v20180904/jetty-util-9.3.25.v20180904.jar:/home/user/.m2/repository/com/fasterxml/jackson/core/jackson-databind/2.9.9/jackson-databind-2.9.9.jar:/home/user/.m2/repository/org/apache/hadoop/hadoop-kms/3.2.0/hadoop-kms-3.2.0-tests.jar:/home/user/.m2/repository/org/apache/hadoop/hadoop-hdds-server-scm/0.5.0-SNAPSHOT/hadoop-hdds-server-scm-0.5.0-SNAPSHOT-tests.jar:/home/user/.m2/repository/org/apache/hadoop/hadoop-hdds-container-service/0.5.0-SNAPSHOT/hadoop-hdds-container-service-0.5.0-SNAPSHOT-tests.jar:/home/user/.m2/repository/org/yaml/snakeyaml/1.16/snakeyaml-1.16.jar:/home/user/.m2/repository/org/apache/hadoop/hadoop-common/3.2.0/hadoop-common-3.2.0-tests.jar:/home/user/.m2/repository/org/apache/hadoop/hadoop-annotations/3.2.0/hadoop-annotations-3.2.0.jar:/usr/lib/jvm/java-1.8.0-openjdk-1.8.0.222.b10-1.el7_7.x86_64/jre/../lib/tools.jar:/home/user/.m2/repository/commons-cli/commons-cli/1.2/commons-cli-1.2.jar:/home/user/.m2/repository/org/apache/httpcomponents/httpclient/4.5.2/httpclient-4.5.2.jar:/home/user/.m2/repository/org/apache/httpcomponents/httpcore/4.4.4/httpcore-4.4.4.jar:/home/user/.m2/repository/commons-codec/commons-codec/1.11/commons-codec-1.11.jar:/home/user/.m2/repository/commons-net/commons-net/3.6/commons-net-3.6.jar:/home/user/.m2/repository/commons-collections/commons-collections/3.2.2/commons-collections-3.2.2.jar:/home/user/.m2/repository/org/eclipse/jetty/jetty-servlet/9.3.25.v20180904/jetty-servlet-9.3.25.v20180904.jar:/home/user/.m2/repository/org/eclipse/jetty/jetty-security/9.3.25.v20180904/jetty-security-9.3.25.v20180904.jar:/home/user/.m2/repository/javax/servlet/jsp/jsp-api/2.1/jsp-api-2.1.jar:/home/user/.m2/repository/com/sun/jersey/jersey-servlet/1.19/jersey-servlet-1.19.jar:/home/user/.m2/repository/com/sun/jersey/jersey-json/1.19/jersey-json-1.19.jar:/home/user/.m2/repository/org/codehaus/jettison/jettison/1.1/jettison-1.1.jar:/home/user/.m2/repository/org/codehaus/jackson/jackson-core-asl/1.9.13/jackson-core-asl-1.9.13.jar:/home/user/.m2/repository/org/codehaus/jackson/jackson-mapper-asl/1.9.13/jackson-mapper-asl-1.9.13.jar:/home/user/.m2/repository/org/codehaus/jackson/jackson-jaxrs/1.9.13/jackson-jaxrs-1.9.13.jar:/home/user/.m2/repository/org/codehaus/jackson/jackson-xc/1.9.13/jackson-xc-1.9.13.jar:/home/user/.m2/repository/commons-logging/commons-logging/1.1.3/commons-logging-1.1.3.jar:/home/user/.m2/repository/commons-beanutils/commons-beanutils/1.9.4/commons-beanutils-1.9.4.jar:/home/user/.m2/repository/org/apache/commons/commons-configuration2/2.1.1/commons-configuration2-2.1.1.jar:/home/user/.m2/repository/org/apache/commons/commons-lang3/3.7/commons-lang3-3.7.jar:/home/user/.m2/repository/org/apache/commons/commons-text/1.4/commons-text-1.4.jar:/home/user/.m2/repository/org/apache/avro/avro/1.7.7/avro-1.7.7.jar:/home/user/.m2/repository/com/thoughtworks/paranamer/paranamer/2.3/paranamer-2.3.jar:/home/user/.m2/repository/org/xerial/snappy/snappy-java/1.0.5/snappy-java-1.0.5.jar:/home/user/.m2/repository/com/google/re2j/re2j/1.1/re2j-1.1.jar:/home/user/.m2/repository/com/google/code/gson/gson/2.2.4/gson-2.2.4.jar:/home/user/.m2/repository/com/jcraft/jsch/0.1.54/jsch-0.1.54.jar:/home/user/.m2/repository/org/apache/curator/curator-client/2.12.0/curator-client-2.12.0.jar:/home/user/.m2/repository/org/apache/curator/curator-recipes/2.12.0/curator-recipes-2.12.0.jar:/home/user/.m2/repository/com/google/code/findbugs/jsr305/3.0.0/jsr305-3.0.0.jar:/home/user/.m2/repository/org/apache/htrace/htrace-core4/4.1.0-incubating/htrace-core4-4.1.0-incubating.jar:/home/user/.m2/repository/org/apache/zookeeper/zookeeper/3.4.13/zookeeper-3.4.13.jar:/home/user/.m2/repository/jline/jline/0.9.94/jline-0.9.94.jar:/home/user/.m2/repository/org/apache/yetus/audience-annotations/0.5.0/audience-annotations-0.5.0.jar:/home/user/.m2/repository/org/codehaus/woodstox/stax2-api/3.1.4/stax2-api-3.1.4.jar:/home/user/.m2/repository/com/fasterxml/woodstox/woodstox-core/5.0.3/woodstox-core-5.0.3.jar:/home/user/.m2/repository/dnsjava/dnsjava/2.1.7/dnsjava-2.1.7.jar:/home/user/.m2/repository/org/apache/hadoop/hadoop-hdfs/3.2.0/hadoop-hdfs-3.2.0-tests.jar:/home/user/.m2/repository/org/eclipse/jetty/jetty-util-ajax/9.3.25.v20180904/jetty-util-ajax-9.3.25.v20180904.jar:/home/user/.m2/repository/commons-daemon/commons-daemon/1.0.13/commons-daemon-1.0.13.jar:/home/user/.m2/repository/io/netty/netty/3.10.5.Final/netty-3.10.5.Final.jar:/home/user/.m2/repository/io/netty/netty-all/4.0.52.Final/netty-all-4.0.52.Final.jar:/home/user/.m2/repository/org/fusesource/leveldbjni/leveldbjni-all/1.8/leveldbjni-all-1.8.jar:"/>
    <property name="sun.cpu.endian" value="little"/>
    <property name="user.home" value="/home/user"/>
    <property name="user.language" value="en"/>
    <property name="java.specification.vendor" value="Oracle Corporation"/>
    <property name="java.home" value="/usr/lib/jvm/java-1.8.0-openjdk-1.8.0.222.b10-1.el7_7.x86_64/jre"/>
    <property name="surefire.excludesFile" value="/tools/ozone-bad-unit-tests"/>
    <property name="java.security.krb5.conf" value="/workdir/hadoop-ozone/integration-test/target/test-classes/krb5.conf"/>
    <property name="basedir" value="/workdir/hadoop-ozone/integration-test"/>
    <property name="file.separator" value="/"/>
    <property name="line.separator" value="&#10;"/>
    <property name="java.vm.specification.vendor" value="Oracle Corporation"/>
    <property name="java.specification.name" value="Java Platform API Specification"/>
    <property name="java.awt.graphicsenv" value="sun.awt.X11GraphicsEnvironment"/>
    <property name="surefire.real.class.path" value="/workdir/hadoop-ozone/integration-test/target/surefire/surefirebooter3306866823026079792.jar"/>
    <property name="hadoop.log.dir" value="/workdir/hadoop-ozone/integration-test/target/log"/>
    <property name="sun.boot.class.path" value="/usr/lib/jvm/java-1.8.0-openjdk-1.8.0.222.b10-1.el7_7.x86_64/jre/lib/resources.jar:/usr/lib/jvm/java-1.8.0-openjdk-1.8.0.222.b10-1.el7_7.x86_64/jre/lib/rt.jar:/usr/lib/jvm/java-1.8.0-openjdk-1.8.0.222.b10-1.el7_7.x86_64/jre/lib/sunrsasign.jar:/usr/lib/jvm/java-1.8.0-openjdk-1.8.0.222.b10-1.el7_7.x86_64/jre/lib/jsse.jar:/usr/lib/jvm/java-1.8.0-openjdk-1.8.0.222.b10-1.el7_7.x86_64/jre/lib/jce.jar:/usr/lib/jvm/java-1.8.0-openjdk-1.8.0.222.b10-1.el7_7.x86_64/jre/lib/charsets.jar:/usr/lib/jvm/java-1.8.0-openjdk-1.8.0.222.b10-1.el7_7.x86_64/jre/lib/jfr.jar:/usr/lib/jvm/java-1.8.0-openjdk-1.8.0.222.b10-1.el7_7.x86_64/jre/classes"/>
    <property name="sun.management.compiler" value="HotSpot 64-Bit Tiered Compilers"/>
    <property name="java.runtime.version" value="1.8.0_222-b10"/>
    <property name="java.net.preferIPv4Stack" value="true"/>
    <property name="user.name" value="jenkins1000"/>
    <property name="path.separator" value=":"/>
    <property name="java.security.egd" value="file:///dev/urandom"/>
    <property name="os.version" value="3.10.0-957.12.2.el7.x86_64"/>
    <property name="java.endorsed.dirs" value="/usr/lib/jvm/java-1.8.0-openjdk-1.8.0.222.b10-1.el7_7.x86_64/jre/lib/endorsed"/>
    <property name="java.runtime.name" value="OpenJDK Runtime Environment"/>
    <property name="file.encoding" value="ANSI_X3.4-1968"/>
    <property name="java.vm.name" value="OpenJDK 64-Bit Server VM"/>
    <property name="test.build.webapps" value=""/>
    <property name="localRepository" value="/home/user/.m2/repository"/>
    <property name="java.vendor.url.bug" value="http://bugreport.sun.com/bugreport/"/>
    <property name="java.io.tmpdir" value="/tmp"/>
    <property name="require.test.libhadoop" value=""/>
    <property name="java.version" value="1.8.0_222"/>
    <property name="user.dir" value="/workdir/hadoop-ozone/integration-test"/>
    <property name="os.arch" value="amd64"/>
    <property name="java.vm.specification.name" value="Java Virtual Machine Specification"/>
    <property name="test.build.classes" value="/workdir/hadoop-ozone/integration-test/target/test-classes"/>
    <property name="java.awt.printerjob" value="sun.print.PSPrinterJob"/>
    <property name="sun.os.patch.level" value="unknown"/>
    <property name="hadoop.tmp.dir" value="/workdir/hadoop-ozone/integration-test/target/tmp"/>
    <property name="java.library.path" value="/usr/lib:/workdir/hadoop-ozone/integration-test/target/native/target/usr/local/lib:/workdir/hadoop-ozone/integration-test/../../hadoop-common-project/hadoop-common/target/native/target/usr/local/lib:/usr/java/packages/lib/amd64:/usr/lib64:/lib64:/lib:/usr/lib"/>
    <property name="java.vm.info" value="mixed mode"/>
    <property name="java.vendor" value="Oracle Corporation"/>
    <property name="java.vm.version" value="25.222-b10"/>
    <property name="java.ext.dirs" value="/usr/lib/jvm/java-1.8.0-openjdk-1.8.0.222.b10-1.el7_7.x86_64/jre/lib/ext:/usr/java/packages/lib/ext"/>
    <property name="sun.io.unicode.encoding" value="UnicodeLittle"/>
    <property name="java.class.version" value="52.0"/>
  </properties>
  <testcase name="testPipelineExclusionWithPipelineFailure" classname="org.apache.hadoop.ozone.client.rpc.TestFailureHandlingByClient" time="78.228"/>
  <testcase name="testContainerExclusionWithClosedContainerException" classname="org.apache.hadoop.ozone.client.rpc.TestFailureHandlingByClient" time="45.933">
    <failure type="java.lang.AssertionError">java.lang.AssertionError
	at org.junit.Assert.fail(Assert.java:86)
	at org.junit.Assert.assertTrue(Assert.java:41)
	at org.junit.Assert.assertTrue(Assert.java:52)
	at org.apache.hadoop.ozone.client.rpc.TestFailureHandlingByClient.testContainerExclusionWithClosedContainerException(TestFailureHandlingByClient.java:260)
	at sun.reflect.NativeMethodAccessorImpl.invoke0(Native Method)
	at sun.reflect.NativeMethodAccessorImpl.invoke(NativeMethodAccessorImpl.java:62)
	at sun.reflect.DelegatingMethodAccessorImpl.invoke(DelegatingMethodAccessorImpl.java:43)
	at java.lang.reflect.Method.invoke(Method.java:498)
	at org.junit.runners.model.FrameworkMethod$1.runReflectiveCall(FrameworkMethod.java:47)
	at org.junit.internal.runners.model.ReflectiveCallable.run(ReflectiveCallable.java:12)
	at org.junit.runners.model.FrameworkMethod.invokeExplosively(FrameworkMethod.java:44)
	at org.junit.internal.runners.statements.InvokeMethod.evaluate(InvokeMethod.java:17)
	at org.junit.internal.runners.statements.RunAfters.evaluate(RunAfters.java:27)
	at org.junit.runners.ParentRunner.runLeaf(ParentRunner.java:271)
	at org.junit.runners.BlockJUnit4ClassRunner.runChild(BlockJUnit4ClassRunner.java:70)
	at org.junit.runners.BlockJUnit4ClassRunner.runChild(BlockJUnit4ClassRunner.java:50)
	at org.junit.runners.ParentRunner$3.run(ParentRunner.java:238)
	at org.junit.runners.ParentRunner$1.schedule(ParentRunner.java:63)
	at org.junit.runners.ParentRunner.runChildren(ParentRunner.java:236)
	at org.junit.runners.ParentRunner.access$000(ParentRunner.java:53)
	at org.junit.runners.ParentRunner$2.evaluate(ParentRunner.java:229)
	at org.junit.runners.ParentRunner.run(ParentRunner.java:309)
	at org.apache.maven.surefire.junit4.JUnit4Provider.execute(JUnit4Provider.java:365)
	at org.apache.maven.surefire.junit4.JUnit4Provider.executeWithRerun(JUnit4Provider.java:273)
	at org.apache.maven.surefire.junit4.JUnit4Provider.executeTestSet(JUnit4Provider.java:238)
	at org.apache.maven.surefire.junit4.JUnit4Provider.invoke(JUnit4Provider.java:159)
	at org.apache.maven.surefire.booter.ForkedBooter.invokeProviderInSameClassLoader(ForkedBooter.java:384)
	at org.apache.maven.surefire.booter.ForkedBooter.runSuitesInProcess(ForkedBooter.java:345)
	at org.apache.maven.surefire.booter.ForkedBooter.execute(ForkedBooter.java:126)
	at org.apache.maven.surefire.booter.ForkedBooter.main(ForkedBooter.java:418)
</failure>
    <system-out><![CDATA[2019-10-28 11:44:34,136 [main] WARN  server.ServerUtils (ServerUtils.java:getScmDbDir(145)) - ozone.scm.db.dirs is not configured. We recommend adding this setting. Falling back to ozone.metadata.dirs instead.
2019-10-28 11:44:34,192 [main] WARN  server.ServerUtils (ServerUtils.java:getScmDbDir(145)) - ozone.scm.db.dirs is not configured. We recommend adding this setting. Falling back to ozone.metadata.dirs instead.
2019-10-28 11:44:34,192 [main] WARN  server.ServerUtils (ServerUtils.java:getScmDbDir(145)) - ozone.scm.db.dirs is not configured. We recommend adding this setting. Falling back to ozone.metadata.dirs instead.
2019-10-28 11:44:34,193 [main] INFO  db.DBStoreBuilder (DBStoreBuilder.java:addTable(117)) - using custom profile for table: deletedBlocks
2019-10-28 11:44:34,193 [main] INFO  db.DBStoreBuilder (DBStoreBuilder.java:processTables(168)) - Using default column profile:DBProfile.DISK for Table:deletedBlocks
2019-10-28 11:44:34,194 [main] INFO  db.DBStoreBuilder (DBStoreBuilder.java:addTable(117)) - using custom profile for table: validCerts
2019-10-28 11:44:34,194 [main] INFO  db.DBStoreBuilder (DBStoreBuilder.java:processTables(168)) - Using default column profile:DBProfile.DISK for Table:validCerts
2019-10-28 11:44:34,194 [main] INFO  db.DBStoreBuilder (DBStoreBuilder.java:addTable(117)) - using custom profile for table: revokedCerts
2019-10-28 11:44:34,194 [main] INFO  db.DBStoreBuilder (DBStoreBuilder.java:processTables(168)) - Using default column profile:DBProfile.DISK for Table:revokedCerts
2019-10-28 11:44:34,194 [main] INFO  db.DBStoreBuilder (DBStoreBuilder.java:addTable(117)) - using custom profile for table: default
2019-10-28 11:44:34,195 [main] INFO  db.DBStoreBuilder (DBStoreBuilder.java:processTables(174)) - Using default column profile:DBProfile.DISK for Table:default
2019-10-28 11:44:34,195 [main] INFO  db.DBStoreBuilder (DBStoreBuilder.java:getDbProfile(205)) - Using default options. DBProfile.DISK
2019-10-28 11:44:34,367 [java.util.concurrent.ThreadPoolExecutor$Worker@621c22f3[State = -1, empty queue]] WARN  server.GrpcLogAppender (GrpcLogAppender.java:timeoutAppendRequest(209)) - dcef8c71-9a2f-43e2-b4af-dcf2ccf94b3e@group-6C657D44F665->6a67b45a-fbfb-4652-af1b-b91cb41ede04-GrpcLogAppender: appendEntries Timeout, request=dcef8c71-9a2f-43e2-b4af-dcf2ccf94b3e->6a67b45a-fbfb-4652-af1b-b91cb41ede04#127-t3, previous=(t:3, i:0), leaderCommit=0, initializing? false, entries: <empty>
2019-10-28 11:44:34,374 [main] INFO  net.NodeSchemaLoader (NodeSchemaLoader.java:loadSchemaFromFile(125)) - Loading file from sun.misc.CompoundEnumeration@663f237a
2019-10-28 11:44:34,374 [main] INFO  net.NodeSchemaLoader (NodeSchemaLoader.java:loadSchema(171)) - Loading network topology layer schema file
2019-10-28 11:44:34,380 [main] INFO  node.SCMNodeManager (SCMNodeManager.java:<init>(116)) - Entering startup safe mode.
2019-10-28 11:44:34,381 [main] INFO  algorithms.ContainerPlacementPolicyFactory (ContainerPlacementPolicyFactory.java:getPolicy(57)) - Create container placement policy of type org.apache.hadoop.hdds.scm.container.placement.algorithms.SCMContainerPlacementRandom
2019-10-28 11:44:34,382 [main] WARN  server.ServerUtils (ServerUtils.java:getScmDbDir(145)) - ozone.scm.db.dirs is not configured. We recommend adding this setting. Falling back to ozone.metadata.dirs instead.
2019-10-28 11:44:34,435 [main] INFO  pipeline.SCMPipelineManager (SCMPipelineManager.java:initializePipelineState(132)) - No pipeline exists in current db
2019-10-28 11:44:34,435 [main] WARN  server.ServerUtils (ServerUtils.java:getScmDbDir(145)) - ozone.scm.db.dirs is not configured. We recommend adding this setting. Falling back to ozone.metadata.dirs instead.
2019-10-28 11:44:34,471 [java.util.concurrent.ThreadPoolExecutor$Worker@4204fe43[State = -1, empty queue]] WARN  server.GrpcLogAppender (GrpcLogAppender.java:timeoutAppendRequest(209)) - dcef8c71-9a2f-43e2-b4af-dcf2ccf94b3e@group-6C657D44F665->904500f3-1df4-4f9b-b3af-713f00bff703-GrpcLogAppender: appendEntries Timeout, request=dcef8c71-9a2f-43e2-b4af-dcf2ccf94b3e->904500f3-1df4-4f9b-b3af-713f00bff703#127-t3, previous=(t:3, i:0), leaderCommit=0, initializing? false, entries: <empty>
2019-10-28 11:44:34,494 [main] WARN  events.EventQueue (EventQueue.java:fireEvent(183)) - No event handler registered for event TypedEvent{payloadType=SafeModeStatus, name='SafeModeStatus'}
2019-10-28 11:44:34,495 [main] INFO  ipc.CallQueueManager (CallQueueManager.java:<init>(84)) - Using callQueue: class java.util.concurrent.LinkedBlockingQueue, queueCapacity: 2000, scheduler: class org.apache.hadoop.ipc.DefaultRpcScheduler, ipcBackoff: false.
2019-10-28 11:44:34,496 [Socket Reader #1 for port 46118] INFO  ipc.Server (Server.java:run(1074)) - Starting Socket Reader #1 for port 46118
2019-10-28 11:44:34,498 [main] INFO  ipc.CallQueueManager (CallQueueManager.java:<init>(84)) - Using callQueue: class java.util.concurrent.LinkedBlockingQueue, queueCapacity: 2000, scheduler: class org.apache.hadoop.ipc.DefaultRpcScheduler, ipcBackoff: false.
2019-10-28 11:44:34,499 [Socket Reader #1 for port 45287] INFO  ipc.Server (Server.java:run(1074)) - Starting Socket Reader #1 for port 45287
2019-10-28 11:44:34,500 [main] INFO  ipc.CallQueueManager (CallQueueManager.java:<init>(84)) - Using callQueue: class java.util.concurrent.LinkedBlockingQueue, queueCapacity: 2000, scheduler: class org.apache.hadoop.ipc.DefaultRpcScheduler, ipcBackoff: false.
2019-10-28 11:44:34,500 [Socket Reader #1 for port 45762] INFO  ipc.Server (Server.java:run(1074)) - Starting Socket Reader #1 for port 45762
2019-10-28 11:44:34,504 [main] INFO  hdfs.DFSUtil (DFSUtil.java:httpServerTemplateForNNAndJN(1641)) - Starting Web-server for scm at: http://0.0.0.0:0
2019-10-28 11:44:34,506 [main] INFO  server.AuthenticationFilter (AuthenticationFilter.java:constructSecretProvider(240)) - Unable to initialize FileSignerSecretProvider, falling back to use random secrets.
2019-10-28 11:44:34,507 [main] WARN  http.HttpRequestLog (HttpRequestLog.java:getRequestLog(97)) - Jetty request log can only be enabled using Log4j
2019-10-28 11:44:34,509 [main] INFO  http.HttpServer2 (HttpServer2.java:addGlobalFilter(975)) - Added global filter 'safety' (class=org.apache.hadoop.http.HttpServer2$QuotingInputFilter)
2019-10-28 11:44:34,510 [main] INFO  http.HttpServer2 (HttpServer2.java:addFilter(948)) - Added filter static_user_filter (class=org.apache.hadoop.http.lib.StaticUserWebFilter$StaticUserFilter) to context scm
2019-10-28 11:44:34,511 [main] INFO  http.HttpServer2 (HttpServer2.java:addFilter(958)) - Added filter static_user_filter (class=org.apache.hadoop.http.lib.StaticUserWebFilter$StaticUserFilter) to context static
2019-10-28 11:44:34,511 [main] INFO  http.HttpServer2 (HttpServer2.java:addFilter(958)) - Added filter static_user_filter (class=org.apache.hadoop.http.lib.StaticUserWebFilter$StaticUserFilter) to context logs
2019-10-28 11:44:34,513 [main] INFO  server.StorageContainerManager (StorageContainerManager.java:start(772)) - StorageContainerLocationProtocol RPC server is listening at /0.0.0.0:45762
2019-10-28 11:44:34,516 [main] WARN  impl.MetricsConfig (MetricsConfig.java:loadFirst(134)) - Cannot locate configuration: tried hadoop-metrics2-storagecontainermanager.properties,hadoop-metrics2.properties
2019-10-28 11:44:34,517 [main] INFO  impl.MetricsSystemImpl (MetricsSystemImpl.java:startTimer(374)) - Scheduled Metric snapshot period at 10 second(s).
2019-10-28 11:44:34,517 [main] INFO  impl.MetricsSystemImpl (MetricsSystemImpl.java:start(191)) - StorageContainerManager metrics system started
2019-10-28 11:44:34,590 [main] WARN  impl.MetricsSystemImpl (MetricsSystemImpl.java:register(276)) - Sink prometheus already exists!
2019-10-28 11:44:34,601 [main] INFO  server.SCMClientProtocolServer (SCMClientProtocolServer.java:start(159)) - RPC server for Client  is listening at /0.0.0.0:45762
2019-10-28 11:44:34,601 [IPC Server Responder] INFO  ipc.Server (Server.java:run(1314)) - IPC Server Responder: starting
2019-10-28 11:44:34,601 [IPC Server listener on 45762] INFO  ipc.Server (Server.java:run(1153)) - IPC Server listener on 45762: starting
2019-10-28 11:44:34,604 [main] INFO  server.StorageContainerManager (StorageContainerManager.java:start(782)) - ScmBlockLocationProtocol RPC server is listening at /0.0.0.0:45287
2019-10-28 11:44:34,604 [main] INFO  server.SCMBlockProtocolServer (SCMBlockProtocolServer.java:start(146)) - RPC server for Block Protocol is listening at /0.0.0.0:45287
2019-10-28 11:44:34,605 [IPC Server Responder] INFO  ipc.Server (Server.java:run(1314)) - IPC Server Responder: starting
2019-10-28 11:44:34,605 [IPC Server listener on 45287] INFO  ipc.Server (Server.java:run(1153)) - IPC Server listener on 45287: starting
2019-10-28 11:44:34,607 [main] INFO  server.StorageContainerManager (StorageContainerManager.java:start(786)) - ScmDatanodeProtocl RPC server is listening at /0.0.0.0:46118
2019-10-28 11:44:34,608 [main] INFO  server.SCMDatanodeProtocolServer (SCMDatanodeProtocolServer.java:start(169)) - RPC server for DataNodes is listening at /0.0.0.0:46118
2019-10-28 11:44:34,608 [IPC Server Responder] INFO  ipc.Server (Server.java:run(1314)) - IPC Server Responder: starting
2019-10-28 11:44:34,608 [IPC Server listener on 46118] INFO  ipc.Server (Server.java:run(1153)) - IPC Server listener on 46118: starting
2019-10-28 11:44:34,611 [main] INFO  http.HttpServer2 (HttpServer2.java:bindListener(1191)) - Jetty bound to port 43819
2019-10-28 11:44:34,611 [main] INFO  server.Server (Server.java:doStart(351)) - jetty-9.3.25.v20180904, build timestamp: 2018-09-04T21:11:46Z, git hash: 3ce520221d0240229c862b122d2b06c12a625732
2019-10-28 11:44:34,613 [main] INFO  handler.ContextHandler (ContextHandler.java:doStart(781)) - Started o.e.j.s.ServletContextHandler@3330f3ad{/logs,file:///workdir/hadoop-ozone/integration-test/target/log,AVAILABLE}
2019-10-28 11:44:34,614 [main] INFO  handler.ContextHandler (ContextHandler.java:doStart(781)) - Started o.e.j.s.ServletContextHandler@506aabf6{/static,file:///workdir/hadoop-ozone/integration-test/target/test-classes/webapps/static,AVAILABLE}
2019-10-28 11:44:34,618 [main] INFO  handler.ContextHandler (ContextHandler.java:doStart(781)) - Started o.e.j.w.WebAppContext@1fedf0a4{/,file:///workdir/hadoop-ozone/integration-test/target/test-classes/webapps/scm/,AVAILABLE}{/scm}
2019-10-28 11:44:34,619 [main] INFO  server.AbstractConnector (AbstractConnector.java:doStart(278)) - Started ServerConnector@1e4c6583{HTTP/1.1,[http/1.1]}{0.0.0.0:43819}
2019-10-28 11:44:34,620 [main] INFO  server.Server (Server.java:doStart(419)) - Started @79120ms
2019-10-28 11:44:34,620 [main] WARN  impl.MetricsSystemImpl (MetricsSystemImpl.java:register(276)) - Sink prometheus already exists!
2019-10-28 11:44:34,621 [main] INFO  server.BaseHttpServer (BaseHttpServer.java:updateConnectorAddress(215)) - HTTP server of SCM is listening at http://0.0.0.0:43819
2019-10-28 11:44:34,622 [main] WARN  server.ServerUtils (ServerUtils.java:getDBPath(222)) - ozone.om.db.dirs is not configured. We recommend adding this setting. Falling back to ozone.metadata.dirs instead.
2019-10-28 11:44:34,622 [org.apache.hadoop.util.JvmPauseMonitor$Monitor@1d901f20] INFO  util.JvmPauseMonitor (JvmPauseMonitor.java:run(188)) - Starting JVM pause monitor
2019-10-28 11:44:34,636 [main] INFO  ha.OMHANodeDetails (OMHANodeDetails.java:loadOMHAConfig(190)) - Configuration either no ozone.om.address set. Falling back to the default OM address /127.0.0.1:0
2019-10-28 11:44:34,636 [main] INFO  ha.OMHANodeDetails (OMHANodeDetails.java:getOMNodeDetails(220)) - OM Service ID is not set. Setting it to the default ID: omServiceIdDefault
2019-10-28 11:44:34,637 [main] WARN  server.ServerUtils (ServerUtils.java:getDBPath(222)) - ozone.om.db.dirs is not configured. We recommend adding this setting. Falling back to ozone.metadata.dirs instead.
2019-10-28 11:44:34,637 [main] WARN  server.ServerUtils (ServerUtils.java:getDBPath(222)) - ozone.om.db.dirs is not configured. We recommend adding this setting. Falling back to ozone.metadata.dirs instead.
2019-10-28 11:44:34,645 [main] WARN  server.ServerUtils (ServerUtils.java:getDBPath(222)) - ozone.om.db.dirs is not configured. We recommend adding this setting. Falling back to ozone.metadata.dirs instead.
2019-10-28 11:44:34,646 [main] INFO  db.DBStoreBuilder (DBStoreBuilder.java:addTable(117)) - using custom profile for table: userTable
2019-10-28 11:44:34,646 [main] INFO  db.DBStoreBuilder (DBStoreBuilder.java:processTables(168)) - Using default column profile:DBProfile.DISK for Table:userTable
2019-10-28 11:44:34,647 [main] INFO  db.DBStoreBuilder (DBStoreBuilder.java:addTable(117)) - using custom profile for table: volumeTable
2019-10-28 11:44:34,647 [main] INFO  db.DBStoreBuilder (DBStoreBuilder.java:processTables(168)) - Using default column profile:DBProfile.DISK for Table:volumeTable
2019-10-28 11:44:34,648 [main] INFO  db.DBStoreBuilder (DBStoreBuilder.java:addTable(117)) - using custom profile for table: bucketTable
2019-10-28 11:44:34,648 [main] INFO  db.DBStoreBuilder (DBStoreBuilder.java:processTables(168)) - Using default column profile:DBProfile.DISK for Table:bucketTable
2019-10-28 11:44:34,648 [main] INFO  db.DBStoreBuilder (DBStoreBuilder.java:addTable(117)) - using custom profile for table: keyTable
2019-10-28 11:44:34,648 [main] INFO  db.DBStoreBuilder (DBStoreBuilder.java:processTables(168)) - Using default column profile:DBProfile.DISK for Table:keyTable
2019-10-28 11:44:34,649 [main] INFO  db.DBStoreBuilder (DBStoreBuilder.java:addTable(117)) - using custom profile for table: deletedTable
2019-10-28 11:44:34,649 [main] INFO  db.DBStoreBuilder (DBStoreBuilder.java:processTables(168)) - Using default column profile:DBProfile.DISK for Table:deletedTable
2019-10-28 11:44:34,649 [main] INFO  db.DBStoreBuilder (DBStoreBuilder.java:addTable(117)) - using custom profile for table: openKeyTable
2019-10-28 11:44:34,649 [main] INFO  db.DBStoreBuilder (DBStoreBuilder.java:processTables(168)) - Using default column profile:DBProfile.DISK for Table:openKeyTable
2019-10-28 11:44:34,650 [main] INFO  db.DBStoreBuilder (DBStoreBuilder.java:addTable(117)) - using custom profile for table: s3Table
2019-10-28 11:44:34,650 [main] INFO  db.DBStoreBuilder (DBStoreBuilder.java:processTables(168)) - Using default column profile:DBProfile.DISK for Table:s3Table
2019-10-28 11:44:34,650 [main] INFO  db.DBStoreBuilder (DBStoreBuilder.java:addTable(117)) - using custom profile for table: multipartInfoTable
2019-10-28 11:44:34,650 [main] INFO  db.DBStoreBuilder (DBStoreBuilder.java:processTables(168)) - Using default column profile:DBProfile.DISK for Table:multipartInfoTable
2019-10-28 11:44:34,651 [main] INFO  db.DBStoreBuilder (DBStoreBuilder.java:addTable(117)) - using custom profile for table: dTokenTable
2019-10-28 11:44:34,651 [main] INFO  db.DBStoreBuilder (DBStoreBuilder.java:processTables(168)) - Using default column profile:DBProfile.DISK for Table:dTokenTable
2019-10-28 11:44:34,651 [main] INFO  db.DBStoreBuilder (DBStoreBuilder.java:addTable(117)) - using custom profile for table: s3SecretTable
2019-10-28 11:44:34,652 [main] INFO  db.DBStoreBuilder (DBStoreBuilder.java:processTables(168)) - Using default column profile:DBProfile.DISK for Table:s3SecretTable
2019-10-28 11:44:34,652 [main] INFO  db.DBStoreBuilder (DBStoreBuilder.java:addTable(117)) - using custom profile for table: prefixTable
2019-10-28 11:44:34,652 [main] INFO  db.DBStoreBuilder (DBStoreBuilder.java:processTables(168)) - Using default column profile:DBProfile.DISK for Table:prefixTable
2019-10-28 11:44:34,653 [main] INFO  db.DBStoreBuilder (DBStoreBuilder.java:addTable(117)) - using custom profile for table: default
2019-10-28 11:44:34,653 [main] INFO  db.DBStoreBuilder (DBStoreBuilder.java:processTables(174)) - Using default column profile:DBProfile.DISK for Table:default
2019-10-28 11:44:34,653 [main] INFO  db.DBStoreBuilder (DBStoreBuilder.java:getDbProfile(205)) - Using default options. DBProfile.DISK
2019-10-28 11:44:34,867 [java.util.concurrent.ThreadPoolExecutor$Worker@621c22f3[State = -1, empty queue]] WARN  server.GrpcLogAppender (GrpcLogAppender.java:timeoutAppendRequest(209)) - dcef8c71-9a2f-43e2-b4af-dcf2ccf94b3e@group-6C657D44F665->6a67b45a-fbfb-4652-af1b-b91cb41ede04-GrpcLogAppender: appendEntries Timeout, request=dcef8c71-9a2f-43e2-b4af-dcf2ccf94b3e->6a67b45a-fbfb-4652-af1b-b91cb41ede04#128-t3, previous=(t:3, i:0), leaderCommit=0, initializing? false, entries: <empty>
2019-10-28 11:44:34,972 [java.util.concurrent.ThreadPoolExecutor$Worker@4204fe43[State = -1, empty queue]] WARN  server.GrpcLogAppender (GrpcLogAppender.java:timeoutAppendRequest(209)) - dcef8c71-9a2f-43e2-b4af-dcf2ccf94b3e@group-6C657D44F665->904500f3-1df4-4f9b-b3af-713f00bff703-GrpcLogAppender: appendEntries Timeout, request=dcef8c71-9a2f-43e2-b4af-dcf2ccf94b3e->904500f3-1df4-4f9b-b3af-713f00bff703#128-t3, previous=(t:3, i:0), leaderCommit=0, initializing? false, entries: <empty>
2019-10-28 11:44:34,998 [main] INFO  ipc.CallQueueManager (CallQueueManager.java:<init>(84)) - Using callQueue: class java.util.concurrent.LinkedBlockingQueue, queueCapacity: 2000, scheduler: class org.apache.hadoop.ipc.DefaultRpcScheduler, ipcBackoff: false.
2019-10-28 11:44:34,999 [Socket Reader #1 for port 38449] INFO  ipc.Server (Server.java:run(1074)) - Starting Socket Reader #1 for port 38449
2019-10-28 11:44:35,017 [main] INFO  om.OzoneManager (OzoneManager.java:start(1074)) - OzoneManager RPC server is listening at localhost/127.0.0.1:38449
2019-10-28 11:44:35,017 [main] INFO  impl.MetricsSystemImpl (MetricsSystemImpl.java:init(158)) - OzoneManager metrics system started (again)
2019-10-28 11:44:35,019 [IPC Server Responder] INFO  ipc.Server (Server.java:run(1314)) - IPC Server Responder: starting
2019-10-28 11:44:35,020 [IPC Server listener on 38449] INFO  ipc.Server (Server.java:run(1153)) - IPC Server listener on 38449: starting
2019-10-28 11:44:35,025 [main] INFO  hdfs.DFSUtil (DFSUtil.java:httpServerTemplateForNNAndJN(1641)) - Starting Web-server for ozoneManager at: http://0.0.0.0:0
2019-10-28 11:44:35,028 [main] INFO  server.AuthenticationFilter (AuthenticationFilter.java:constructSecretProvider(240)) - Unable to initialize FileSignerSecretProvider, falling back to use random secrets.
2019-10-28 11:44:35,029 [main] WARN  http.HttpRequestLog (HttpRequestLog.java:getRequestLog(97)) - Jetty request log can only be enabled using Log4j
2019-10-28 11:44:35,031 [main] INFO  http.HttpServer2 (HttpServer2.java:addGlobalFilter(975)) - Added global filter 'safety' (class=org.apache.hadoop.http.HttpServer2$QuotingInputFilter)
2019-10-28 11:44:35,033 [main] INFO  http.HttpServer2 (HttpServer2.java:addFilter(948)) - Added filter static_user_filter (class=org.apache.hadoop.http.lib.StaticUserWebFilter$StaticUserFilter) to context ozoneManager
2019-10-28 11:44:35,033 [main] INFO  http.HttpServer2 (HttpServer2.java:addFilter(958)) - Added filter static_user_filter (class=org.apache.hadoop.http.lib.StaticUserWebFilter$StaticUserFilter) to context static
2019-10-28 11:44:35,033 [main] INFO  http.HttpServer2 (HttpServer2.java:addFilter(958)) - Added filter static_user_filter (class=org.apache.hadoop.http.lib.StaticUserWebFilter$StaticUserFilter) to context logs
2019-10-28 11:44:35,034 [main] INFO  http.HttpServer2 (HttpServer2.java:bindListener(1191)) - Jetty bound to port 41338
2019-10-28 11:44:35,035 [main] INFO  server.Server (Server.java:doStart(351)) - jetty-9.3.25.v20180904, build timestamp: 2018-09-04T21:11:46Z, git hash: 3ce520221d0240229c862b122d2b06c12a625732
2019-10-28 11:44:35,037 [main] INFO  handler.ContextHandler (ContextHandler.java:doStart(781)) - Started o.e.j.s.ServletContextHandler@65fe2691{/logs,file:///workdir/hadoop-ozone/integration-test/target/log,AVAILABLE}
2019-10-28 11:44:35,038 [main] INFO  handler.ContextHandler (ContextHandler.java:doStart(781)) - Started o.e.j.s.ServletContextHandler@57ad1178{/static,file:///workdir/hadoop-ozone/integration-test/target/test-classes/webapps/static,AVAILABLE}
2019-10-28 11:44:35,044 [main] INFO  handler.ContextHandler (ContextHandler.java:doStart(781)) - Started o.e.j.w.WebAppContext@32a2a6be{/,file:///workdir/hadoop-ozone/integration-test/target/test-classes/webapps/ozoneManager/,AVAILABLE}{/ozoneManager}
2019-10-28 11:44:35,045 [main] INFO  server.AbstractConnector (AbstractConnector.java:doStart(278)) - Started ServerConnector@682af059{HTTP/1.1,[http/1.1]}{0.0.0.0:41338}
2019-10-28 11:44:35,046 [main] INFO  server.Server (Server.java:doStart(419)) - Started @79547ms
2019-10-28 11:44:35,046 [main] WARN  impl.MetricsSystemImpl (MetricsSystemImpl.java:register(276)) - Sink prometheus already exists!
2019-10-28 11:44:35,047 [main] INFO  server.BaseHttpServer (BaseHttpServer.java:updateConnectorAddress(215)) - HTTP server of OZONEMANAGER is listening at http://0.0.0.0:41338
2019-10-28 11:44:35,082 [main] INFO  impl.MetricsSystemImpl (MetricsSystemImpl.java:init(158)) - HddsDatanode metrics system started (again)
2019-10-28 11:44:35,086 [main] INFO  ozone.HddsDatanodeService (HddsDatanodeService.java:start(184)) - HddsDatanodeService host:pr-hdds-2292-97wmq-4261317731 ip:192.168.164.193
2019-10-28 11:44:35,095 [main] INFO  volume.HddsVolume (HddsVolume.java:<init>(176)) - Creating Volume: /workdir/hadoop-ozone/integration-test/target/test-dir/MiniOzoneClusterImpl-b31733c6-727c-4256-9138-ff5b19d95bfe/datanode-0/data/containers/hdds of  storage type : DISK and capacity : 1482555576320
2019-10-28 11:44:35,095 [main] INFO  volume.VolumeSet (VolumeSet.java:initializeVolumeSet(170)) - Added Volume : /workdir/hadoop-ozone/integration-test/target/test-dir/MiniOzoneClusterImpl-b31733c6-727c-4256-9138-ff5b19d95bfe/datanode-0/data/containers/hdds to VolumeSet
2019-10-28 11:44:35,095 [main] INFO  volume.ThrottledAsyncChecker (ThrottledAsyncChecker.java:schedule(141)) - Scheduling a check for /workdir/hadoop-ozone/integration-test/target/test-dir/MiniOzoneClusterImpl-b31733c6-727c-4256-9138-ff5b19d95bfe/datanode-0/data/containers/hdds
2019-10-28 11:44:35,096 [main] INFO  volume.HddsVolumeChecker (HddsVolumeChecker.java:checkAllVolumes(204)) - Scheduled health check for volume /workdir/hadoop-ozone/integration-test/target/test-dir/MiniOzoneClusterImpl-b31733c6-727c-4256-9138-ff5b19d95bfe/datanode-0/data/containers/hdds
2019-10-28 11:44:35,114 [main] INFO  impl.RaftServerProxy (ConfUtils.java:logGet(43)) - raft.rpc.type = GRPC (default)
2019-10-28 11:44:35,114 [main] INFO  grpc.GrpcFactory (GrpcFactory.java:checkPooledByteBufAllocatorUseCacheForAllThreads(45)) - PERFORMANCE WARNING: useCacheForAllThreads is true that may cause Netty to create a lot garbage objects and, as a result, trigger GC.
	It is recommended to disable useCacheForAllThreads by setting -Dorg.apache.ratis.thirdparty.io.netty.allocator.useCacheForAllThreads=false in command line.
2019-10-28 11:44:35,114 [main] INFO  grpc.GrpcConfigKeys$Server (ConfUtils.java:logGet(43)) - raft.grpc.server.port = 0 (default)
2019-10-28 11:44:35,115 [main] INFO  server.GrpcService (ConfUtils.java:logGet(43)) - raft.grpc.message.size.max = 33570816 (custom)
2019-10-28 11:44:35,115 [main] INFO  server.RaftServerConfigKeys (ConfUtils.java:logGet(43)) - raft.server.log.appender.buffer.byte-limit = 33554432 (custom)
2019-10-28 11:44:35,115 [main] INFO  server.GrpcService (ConfUtils.java:logGet(43)) - raft.grpc.flow.control.window = 1MB (=1048576) (default)
2019-10-28 11:44:35,115 [main] INFO  server.RaftServerConfigKeys (ConfUtils.java:logGet(43)) - raft.server.rpc.request.timeout = 3000ms (default)
2019-10-28 11:44:35,116 [main] INFO  server.RaftServerConfigKeys (ConfUtils.java:logGet(43)) - raft.server.storage.dir = [/workdir/hadoop-ozone/integration-test/target/test-dir/MiniOzoneClusterImpl-b31733c6-727c-4256-9138-ff5b19d95bfe/datanode-0/data/ratis] (custom)
2019-10-28 11:44:35,118 [main] INFO  hdfs.DFSUtil (DFSUtil.java:httpServerTemplateForNNAndJN(1641)) - Starting Web-server for hddsDatanode at: http://0.0.0.0:0
2019-10-28 11:44:35,120 [main] INFO  server.AuthenticationFilter (AuthenticationFilter.java:constructSecretProvider(240)) - Unable to initialize FileSignerSecretProvider, falling back to use random secrets.
2019-10-28 11:44:35,120 [main] WARN  http.HttpRequestLog (HttpRequestLog.java:getRequestLog(97)) - Jetty request log can only be enabled using Log4j
2019-10-28 11:44:35,121 [main] INFO  http.HttpServer2 (HttpServer2.java:addGlobalFilter(975)) - Added global filter 'safety' (class=org.apache.hadoop.http.HttpServer2$QuotingInputFilter)
2019-10-28 11:44:35,122 [main] INFO  http.HttpServer2 (HttpServer2.java:addFilter(948)) - Added filter static_user_filter (class=org.apache.hadoop.http.lib.StaticUserWebFilter$StaticUserFilter) to context hddsDatanode
2019-10-28 11:44:35,122 [main] INFO  http.HttpServer2 (HttpServer2.java:addFilter(958)) - Added filter static_user_filter (class=org.apache.hadoop.http.lib.StaticUserWebFilter$StaticUserFilter) to context static
2019-10-28 11:44:35,122 [main] INFO  http.HttpServer2 (HttpServer2.java:addFilter(958)) - Added filter static_user_filter (class=org.apache.hadoop.http.lib.StaticUserWebFilter$StaticUserFilter) to context logs
2019-10-28 11:44:35,123 [main] INFO  http.HttpServer2 (HttpServer2.java:bindListener(1191)) - Jetty bound to port 38921
2019-10-28 11:44:35,123 [main] INFO  server.Server (Server.java:doStart(351)) - jetty-9.3.25.v20180904, build timestamp: 2018-09-04T21:11:46Z, git hash: 3ce520221d0240229c862b122d2b06c12a625732
2019-10-28 11:44:35,125 [main] INFO  handler.ContextHandler (ContextHandler.java:doStart(781)) - Started o.e.j.s.ServletContextHandler@7a3b7122{/logs,file:///workdir/hadoop-ozone/integration-test/target/log,AVAILABLE}
2019-10-28 11:44:35,125 [main] INFO  handler.ContextHandler (ContextHandler.java:doStart(781)) - Started o.e.j.s.ServletContextHandler@25f15f50{/static,jar:file:/home/user/.m2/repository/org/apache/hadoop/hadoop-hdds-container-service/0.5.0-SNAPSHOT/hadoop-hdds-container-service-0.5.0-SNAPSHOT.jar!/webapps/static,AVAILABLE}
2019-10-28 11:44:35,155 [main] INFO  handler.ContextHandler (ContextHandler.java:doStart(781)) - Started o.e.j.w.WebAppContext@43c57161{/,file:///tmp/jetty-0.0.0.0-38921-hddsDatanode-_-any-947028482196797962.dir/webapp/,AVAILABLE}{/hddsDatanode}
2019-10-28 11:44:35,155 [main] INFO  server.AbstractConnector (AbstractConnector.java:doStart(278)) - Started ServerConnector@d902300{HTTP/1.1,[http/1.1]}{0.0.0.0:38921}
2019-10-28 11:44:35,157 [main] INFO  server.Server (Server.java:doStart(419)) - Started @79657ms
2019-10-28 11:44:35,157 [main] WARN  impl.MetricsSystemImpl (MetricsSystemImpl.java:register(276)) - Sink prometheus already exists!
2019-10-28 11:44:35,158 [main] INFO  server.BaseHttpServer (BaseHttpServer.java:updateConnectorAddress(215)) - HTTP server of HDDSDATANODE is listening at http://0.0.0.0:38921
2019-10-28 11:44:35,158 [main] INFO  impl.MetricsSystemImpl (MetricsSystemImpl.java:init(158)) - HddsDatanode metrics system started (again)
2019-10-28 11:44:35,161 [org.apache.hadoop.util.JvmPauseMonitor$Monitor@de6746] INFO  util.JvmPauseMonitor (JvmPauseMonitor.java:run(188)) - Starting JVM pause monitor
2019-10-28 11:44:35,161 [main] INFO  ozone.HddsDatanodeService (HddsDatanodeService.java:start(184)) - HddsDatanodeService host:pr-hdds-2292-97wmq-4261317731 ip:192.168.164.193
2019-10-28 11:44:35,164 [Datanode State Machine Thread - 0] INFO  datanode.InitDatanodeState (InitDatanodeState.java:persistContainerDatanodeDetails(140)) - DatanodeDetails is persisted to /workdir/hadoop-ozone/integration-test/target/test-dir/MiniOzoneClusterImpl-b31733c6-727c-4256-9138-ff5b19d95bfe/datanode-0/meta/datanode.id
2019-10-28 11:44:35,168 [main] INFO  volume.HddsVolume (HddsVolume.java:<init>(176)) - Creating Volume: /workdir/hadoop-ozone/integration-test/target/test-dir/MiniOzoneClusterImpl-b31733c6-727c-4256-9138-ff5b19d95bfe/datanode-1/data/containers/hdds of  storage type : DISK and capacity : 1482555576320
2019-10-28 11:44:35,168 [main] INFO  volume.VolumeSet (VolumeSet.java:initializeVolumeSet(170)) - Added Volume : /workdir/hadoop-ozone/integration-test/target/test-dir/MiniOzoneClusterImpl-b31733c6-727c-4256-9138-ff5b19d95bfe/datanode-1/data/containers/hdds to VolumeSet
2019-10-28 11:44:35,168 [main] INFO  volume.ThrottledAsyncChecker (ThrottledAsyncChecker.java:schedule(141)) - Scheduling a check for /workdir/hadoop-ozone/integration-test/target/test-dir/MiniOzoneClusterImpl-b31733c6-727c-4256-9138-ff5b19d95bfe/datanode-1/data/containers/hdds
2019-10-28 11:44:35,168 [main] INFO  volume.HddsVolumeChecker (HddsVolumeChecker.java:checkAllVolumes(204)) - Scheduled health check for volume /workdir/hadoop-ozone/integration-test/target/test-dir/MiniOzoneClusterImpl-b31733c6-727c-4256-9138-ff5b19d95bfe/datanode-1/data/containers/hdds
2019-10-28 11:44:35,184 [main] INFO  impl.RaftServerProxy (ConfUtils.java:logGet(43)) - raft.rpc.type = GRPC (default)
2019-10-28 11:44:35,184 [main] INFO  grpc.GrpcFactory (GrpcFactory.java:checkPooledByteBufAllocatorUseCacheForAllThreads(45)) - PERFORMANCE WARNING: useCacheForAllThreads is true that may cause Netty to create a lot garbage objects and, as a result, trigger GC.
	It is recommended to disable useCacheForAllThreads by setting -Dorg.apache.ratis.thirdparty.io.netty.allocator.useCacheForAllThreads=false in command line.
2019-10-28 11:44:35,184 [main] INFO  grpc.GrpcConfigKeys$Server (ConfUtils.java:logGet(43)) - raft.grpc.server.port = 0 (default)
2019-10-28 11:44:35,185 [main] INFO  server.GrpcService (ConfUtils.java:logGet(43)) - raft.grpc.message.size.max = 33570816 (custom)
2019-10-28 11:44:35,185 [main] INFO  server.RaftServerConfigKeys (ConfUtils.java:logGet(43)) - raft.server.log.appender.buffer.byte-limit = 33554432 (custom)
2019-10-28 11:44:35,185 [main] INFO  server.GrpcService (ConfUtils.java:logGet(43)) - raft.grpc.flow.control.window = 1MB (=1048576) (default)
2019-10-28 11:44:35,185 [main] INFO  server.RaftServerConfigKeys (ConfUtils.java:logGet(43)) - raft.server.rpc.request.timeout = 3000ms (default)
2019-10-28 11:44:35,186 [main] INFO  server.RaftServerConfigKeys (ConfUtils.java:logGet(43)) - raft.server.storage.dir = [/workdir/hadoop-ozone/integration-test/target/test-dir/MiniOzoneClusterImpl-b31733c6-727c-4256-9138-ff5b19d95bfe/datanode-1/data/ratis] (custom)
2019-10-28 11:44:35,187 [main] INFO  hdfs.DFSUtil (DFSUtil.java:httpServerTemplateForNNAndJN(1641)) - Starting Web-server for hddsDatanode at: http://0.0.0.0:0
2019-10-28 11:44:35,189 [main] INFO  server.AuthenticationFilter (AuthenticationFilter.java:constructSecretProvider(240)) - Unable to initialize FileSignerSecretProvider, falling back to use random secrets.
2019-10-28 11:44:35,189 [main] WARN  http.HttpRequestLog (HttpRequestLog.java:getRequestLog(97)) - Jetty request log can only be enabled using Log4j
2019-10-28 11:44:35,191 [main] INFO  http.HttpServer2 (HttpServer2.java:addGlobalFilter(975)) - Added global filter 'safety' (class=org.apache.hadoop.http.HttpServer2$QuotingInputFilter)
2019-10-28 11:44:35,192 [main] INFO  http.HttpServer2 (HttpServer2.java:addFilter(948)) - Added filter static_user_filter (class=org.apache.hadoop.http.lib.StaticUserWebFilter$StaticUserFilter) to context hddsDatanode
2019-10-28 11:44:35,192 [main] INFO  http.HttpServer2 (HttpServer2.java:addFilter(958)) - Added filter static_user_filter (class=org.apache.hadoop.http.lib.StaticUserWebFilter$StaticUserFilter) to context logs
2019-10-28 11:44:35,192 [main] INFO  http.HttpServer2 (HttpServer2.java:addFilter(958)) - Added filter static_user_filter (class=org.apache.hadoop.http.lib.StaticUserWebFilter$StaticUserFilter) to context static
2019-10-28 11:44:35,193 [main] INFO  http.HttpServer2 (HttpServer2.java:bindListener(1191)) - Jetty bound to port 45113
2019-10-28 11:44:35,193 [main] INFO  server.Server (Server.java:doStart(351)) - jetty-9.3.25.v20180904, build timestamp: 2018-09-04T21:11:46Z, git hash: 3ce520221d0240229c862b122d2b06c12a625732
2019-10-28 11:44:35,195 [main] INFO  handler.ContextHandler (ContextHandler.java:doStart(781)) - Started o.e.j.s.ServletContextHandler@67536ae0{/logs,file:///workdir/hadoop-ozone/integration-test/target/log,AVAILABLE}
2019-10-28 11:44:35,195 [main] INFO  handler.ContextHandler (ContextHandler.java:doStart(781)) - Started o.e.j.s.ServletContextHandler@d16be4f{/static,jar:file:/home/user/.m2/repository/org/apache/hadoop/hadoop-hdds-container-service/0.5.0-SNAPSHOT/hadoop-hdds-container-service-0.5.0-SNAPSHOT.jar!/webapps/static,AVAILABLE}
2019-10-28 11:44:35,226 [main] INFO  handler.ContextHandler (ContextHandler.java:doStart(781)) - Started o.e.j.w.WebAppContext@6a1ef65c{/,file:///tmp/jetty-0.0.0.0-45113-hddsDatanode-_-any-7758233520583053533.dir/webapp/,AVAILABLE}{/hddsDatanode}
2019-10-28 11:44:35,227 [main] INFO  server.AbstractConnector (AbstractConnector.java:doStart(278)) - Started ServerConnector@72976b4{HTTP/1.1,[http/1.1]}{0.0.0.0:45113}
2019-10-28 11:44:35,228 [main] INFO  server.Server (Server.java:doStart(419)) - Started @79728ms
2019-10-28 11:44:35,228 [main] WARN  impl.MetricsSystemImpl (MetricsSystemImpl.java:register(276)) - Sink prometheus already exists!
2019-10-28 11:44:35,229 [main] INFO  server.BaseHttpServer (BaseHttpServer.java:updateConnectorAddress(215)) - HTTP server of HDDSDATANODE is listening at http://0.0.0.0:45113
2019-10-28 11:44:35,229 [main] INFO  impl.MetricsSystemImpl (MetricsSystemImpl.java:init(158)) - HddsDatanode metrics system started (again)
2019-10-28 11:44:35,232 [org.apache.hadoop.util.JvmPauseMonitor$Monitor@13ade890] INFO  util.JvmPauseMonitor (JvmPauseMonitor.java:run(188)) - Starting JVM pause monitor
2019-10-28 11:44:35,232 [main] INFO  ozone.HddsDatanodeService (HddsDatanodeService.java:start(184)) - HddsDatanodeService host:pr-hdds-2292-97wmq-4261317731 ip:192.168.164.193
2019-10-28 11:44:35,233 [Datanode State Machine Thread - 0] INFO  datanode.InitDatanodeState (InitDatanodeState.java:persistContainerDatanodeDetails(140)) - DatanodeDetails is persisted to /workdir/hadoop-ozone/integration-test/target/test-dir/MiniOzoneClusterImpl-b31733c6-727c-4256-9138-ff5b19d95bfe/datanode-1/meta/datanode.id
2019-10-28 11:44:35,239 [main] INFO  volume.HddsVolume (HddsVolume.java:<init>(176)) - Creating Volume: /workdir/hadoop-ozone/integration-test/target/test-dir/MiniOzoneClusterImpl-b31733c6-727c-4256-9138-ff5b19d95bfe/datanode-2/data/containers/hdds of  storage type : DISK and capacity : 1482555576320
2019-10-28 11:44:35,240 [main] INFO  volume.VolumeSet (VolumeSet.java:initializeVolumeSet(170)) - Added Volume : /workdir/hadoop-ozone/integration-test/target/test-dir/MiniOzoneClusterImpl-b31733c6-727c-4256-9138-ff5b19d95bfe/datanode-2/data/containers/hdds to VolumeSet
2019-10-28 11:44:35,240 [main] INFO  volume.ThrottledAsyncChecker (ThrottledAsyncChecker.java:schedule(141)) - Scheduling a check for /workdir/hadoop-ozone/integration-test/target/test-dir/MiniOzoneClusterImpl-b31733c6-727c-4256-9138-ff5b19d95bfe/datanode-2/data/containers/hdds
2019-10-28 11:44:35,240 [main] INFO  volume.HddsVolumeChecker (HddsVolumeChecker.java:checkAllVolumes(204)) - Scheduled health check for volume /workdir/hadoop-ozone/integration-test/target/test-dir/MiniOzoneClusterImpl-b31733c6-727c-4256-9138-ff5b19d95bfe/datanode-2/data/containers/hdds
2019-10-28 11:44:35,257 [main] INFO  impl.RaftServerProxy (ConfUtils.java:logGet(43)) - raft.rpc.type = GRPC (default)
2019-10-28 11:44:35,257 [main] INFO  grpc.GrpcFactory (GrpcFactory.java:checkPooledByteBufAllocatorUseCacheForAllThreads(45)) - PERFORMANCE WARNING: useCacheForAllThreads is true that may cause Netty to create a lot garbage objects and, as a result, trigger GC.
	It is recommended to disable useCacheForAllThreads by setting -Dorg.apache.ratis.thirdparty.io.netty.allocator.useCacheForAllThreads=false in command line.
2019-10-28 11:44:35,257 [main] INFO  grpc.GrpcConfigKeys$Server (ConfUtils.java:logGet(43)) - raft.grpc.server.port = 0 (default)
2019-10-28 11:44:35,257 [main] INFO  server.GrpcService (ConfUtils.java:logGet(43)) - raft.grpc.message.size.max = 33570816 (custom)
2019-10-28 11:44:35,258 [main] INFO  server.RaftServerConfigKeys (ConfUtils.java:logGet(43)) - raft.server.log.appender.buffer.byte-limit = 33554432 (custom)
2019-10-28 11:44:35,258 [main] INFO  server.GrpcService (ConfUtils.java:logGet(43)) - raft.grpc.flow.control.window = 1MB (=1048576) (default)
2019-10-28 11:44:35,258 [main] INFO  server.RaftServerConfigKeys (ConfUtils.java:logGet(43)) - raft.server.rpc.request.timeout = 3000ms (default)
2019-10-28 11:44:35,259 [main] INFO  server.RaftServerConfigKeys (ConfUtils.java:logGet(43)) - raft.server.storage.dir = [/workdir/hadoop-ozone/integration-test/target/test-dir/MiniOzoneClusterImpl-b31733c6-727c-4256-9138-ff5b19d95bfe/datanode-2/data/ratis] (custom)
2019-10-28 11:44:35,260 [main] INFO  hdfs.DFSUtil (DFSUtil.java:httpServerTemplateForNNAndJN(1641)) - Starting Web-server for hddsDatanode at: http://0.0.0.0:0
2019-10-28 11:44:35,262 [main] INFO  server.AuthenticationFilter (AuthenticationFilter.java:constructSecretProvider(240)) - Unable to initialize FileSignerSecretProvider, falling back to use random secrets.
2019-10-28 11:44:35,262 [main] WARN  http.HttpRequestLog (HttpRequestLog.java:getRequestLog(97)) - Jetty request log can only be enabled using Log4j
2019-10-28 11:44:35,264 [main] INFO  http.HttpServer2 (HttpServer2.java:addGlobalFilter(975)) - Added global filter 'safety' (class=org.apache.hadoop.http.HttpServer2$QuotingInputFilter)
2019-10-28 11:44:35,265 [main] INFO  http.HttpServer2 (HttpServer2.java:addFilter(948)) - Added filter static_user_filter (class=org.apache.hadoop.http.lib.StaticUserWebFilter$StaticUserFilter) to context hddsDatanode
2019-10-28 11:44:35,265 [main] INFO  http.HttpServer2 (HttpServer2.java:addFilter(958)) - Added filter static_user_filter (class=org.apache.hadoop.http.lib.StaticUserWebFilter$StaticUserFilter) to context logs
2019-10-28 11:44:35,265 [main] INFO  http.HttpServer2 (HttpServer2.java:addFilter(958)) - Added filter static_user_filter (class=org.apache.hadoop.http.lib.StaticUserWebFilter$StaticUserFilter) to context static
2019-10-28 11:44:35,266 [main] INFO  http.HttpServer2 (HttpServer2.java:bindListener(1191)) - Jetty bound to port 46321
2019-10-28 11:44:35,266 [main] INFO  server.Server (Server.java:doStart(351)) - jetty-9.3.25.v20180904, build timestamp: 2018-09-04T21:11:46Z, git hash: 3ce520221d0240229c862b122d2b06c12a625732
2019-10-28 11:44:35,268 [main] INFO  handler.ContextHandler (ContextHandler.java:doStart(781)) - Started o.e.j.s.ServletContextHandler@3472947a{/logs,file:///workdir/hadoop-ozone/integration-test/target/log,AVAILABLE}
2019-10-28 11:44:35,268 [main] INFO  handler.ContextHandler (ContextHandler.java:doStart(781)) - Started o.e.j.s.ServletContextHandler@3a3ed300{/static,jar:file:/home/user/.m2/repository/org/apache/hadoop/hadoop-hdds-container-service/0.5.0-SNAPSHOT/hadoop-hdds-container-service-0.5.0-SNAPSHOT.jar!/webapps/static,AVAILABLE}
2019-10-28 11:44:35,300 [main] INFO  handler.ContextHandler (ContextHandler.java:doStart(781)) - Started o.e.j.w.WebAppContext@16736040{/,file:///tmp/jetty-0.0.0.0-46321-hddsDatanode-_-any-5132637448814600607.dir/webapp/,AVAILABLE}{/hddsDatanode}
2019-10-28 11:44:35,300 [main] INFO  server.AbstractConnector (AbstractConnector.java:doStart(278)) - Started ServerConnector@7c5d1d25{HTTP/1.1,[http/1.1]}{0.0.0.0:46321}
2019-10-28 11:44:35,301 [main] INFO  server.Server (Server.java:doStart(419)) - Started @79802ms
2019-10-28 11:44:35,301 [main] WARN  impl.MetricsSystemImpl (MetricsSystemImpl.java:register(276)) - Sink prometheus already exists!
2019-10-28 11:44:35,302 [main] INFO  server.BaseHttpServer (BaseHttpServer.java:updateConnectorAddress(215)) - HTTP server of HDDSDATANODE is listening at http://0.0.0.0:46321
2019-10-28 11:44:35,302 [main] INFO  impl.MetricsSystemImpl (MetricsSystemImpl.java:init(158)) - HddsDatanode metrics system started (again)
2019-10-28 11:44:35,305 [org.apache.hadoop.util.JvmPauseMonitor$Monitor@331b64e1] INFO  util.JvmPauseMonitor (JvmPauseMonitor.java:run(188)) - Starting JVM pause monitor
2019-10-28 11:44:35,306 [main] INFO  ozone.HddsDatanodeService (HddsDatanodeService.java:start(184)) - HddsDatanodeService host:pr-hdds-2292-97wmq-4261317731 ip:192.168.164.193
2019-10-28 11:44:35,307 [Datanode State Machine Thread - 0] INFO  datanode.InitDatanodeState (InitDatanodeState.java:persistContainerDatanodeDetails(140)) - DatanodeDetails is persisted to /workdir/hadoop-ozone/integration-test/target/test-dir/MiniOzoneClusterImpl-b31733c6-727c-4256-9138-ff5b19d95bfe/datanode-2/meta/datanode.id
2019-10-28 11:44:35,313 [main] INFO  volume.HddsVolume (HddsVolume.java:<init>(176)) - Creating Volume: /workdir/hadoop-ozone/integration-test/target/test-dir/MiniOzoneClusterImpl-b31733c6-727c-4256-9138-ff5b19d95bfe/datanode-3/data/containers/hdds of  storage type : DISK and capacity : 1482555576320
2019-10-28 11:44:35,313 [main] INFO  volume.VolumeSet (VolumeSet.java:initializeVolumeSet(170)) - Added Volume : /workdir/hadoop-ozone/integration-test/target/test-dir/MiniOzoneClusterImpl-b31733c6-727c-4256-9138-ff5b19d95bfe/datanode-3/data/containers/hdds to VolumeSet
2019-10-28 11:44:35,313 [main] INFO  volume.ThrottledAsyncChecker (ThrottledAsyncChecker.java:schedule(141)) - Scheduling a check for /workdir/hadoop-ozone/integration-test/target/test-dir/MiniOzoneClusterImpl-b31733c6-727c-4256-9138-ff5b19d95bfe/datanode-3/data/containers/hdds
2019-10-28 11:44:35,314 [main] INFO  volume.HddsVolumeChecker (HddsVolumeChecker.java:checkAllVolumes(204)) - Scheduled health check for volume /workdir/hadoop-ozone/integration-test/target/test-dir/MiniOzoneClusterImpl-b31733c6-727c-4256-9138-ff5b19d95bfe/datanode-3/data/containers/hdds
2019-10-28 11:44:35,327 [main] INFO  impl.RaftServerProxy (ConfUtils.java:logGet(43)) - raft.rpc.type = GRPC (default)
2019-10-28 11:44:35,327 [main] INFO  grpc.GrpcFactory (GrpcFactory.java:checkPooledByteBufAllocatorUseCacheForAllThreads(45)) - PERFORMANCE WARNING: useCacheForAllThreads is true that may cause Netty to create a lot garbage objects and, as a result, trigger GC.
	It is recommended to disable useCacheForAllThreads by setting -Dorg.apache.ratis.thirdparty.io.netty.allocator.useCacheForAllThreads=false in command line.
2019-10-28 11:44:35,328 [main] INFO  grpc.GrpcConfigKeys$Server (ConfUtils.java:logGet(43)) - raft.grpc.server.port = 0 (default)
2019-10-28 11:44:35,328 [main] INFO  server.GrpcService (ConfUtils.java:logGet(43)) - raft.grpc.message.size.max = 33570816 (custom)
2019-10-28 11:44:35,328 [main] INFO  server.RaftServerConfigKeys (ConfUtils.java:logGet(43)) - raft.server.log.appender.buffer.byte-limit = 33554432 (custom)
2019-10-28 11:44:35,328 [main] INFO  server.GrpcService (ConfUtils.java:logGet(43)) - raft.grpc.flow.control.window = 1MB (=1048576) (default)
2019-10-28 11:44:35,328 [main] INFO  server.RaftServerConfigKeys (ConfUtils.java:logGet(43)) - raft.server.rpc.request.timeout = 3000ms (default)
2019-10-28 11:44:35,329 [main] INFO  server.RaftServerConfigKeys (ConfUtils.java:logGet(43)) - raft.server.storage.dir = [/workdir/hadoop-ozone/integration-test/target/test-dir/MiniOzoneClusterImpl-b31733c6-727c-4256-9138-ff5b19d95bfe/datanode-3/data/ratis] (custom)
2019-10-28 11:44:35,331 [main] INFO  hdfs.DFSUtil (DFSUtil.java:httpServerTemplateForNNAndJN(1641)) - Starting Web-server for hddsDatanode at: http://0.0.0.0:0
2019-10-28 11:44:35,332 [main] INFO  server.AuthenticationFilter (AuthenticationFilter.java:constructSecretProvider(240)) - Unable to initialize FileSignerSecretProvider, falling back to use random secrets.
2019-10-28 11:44:35,333 [main] WARN  http.HttpRequestLog (HttpRequestLog.java:getRequestLog(97)) - Jetty request log can only be enabled using Log4j
2019-10-28 11:44:35,335 [main] INFO  http.HttpServer2 (HttpServer2.java:addGlobalFilter(975)) - Added global filter 'safety' (class=org.apache.hadoop.http.HttpServer2$QuotingInputFilter)
2019-10-28 11:44:35,336 [main] INFO  http.HttpServer2 (HttpServer2.java:addFilter(948)) - Added filter static_user_filter (class=org.apache.hadoop.http.lib.StaticUserWebFilter$StaticUserFilter) to context hddsDatanode
2019-10-28 11:44:35,336 [main] INFO  http.HttpServer2 (HttpServer2.java:addFilter(958)) - Added filter static_user_filter (class=org.apache.hadoop.http.lib.StaticUserWebFilter$StaticUserFilter) to context static
2019-10-28 11:44:35,336 [main] INFO  http.HttpServer2 (HttpServer2.java:addFilter(958)) - Added filter static_user_filter (class=org.apache.hadoop.http.lib.StaticUserWebFilter$StaticUserFilter) to context logs
2019-10-28 11:44:35,337 [main] INFO  http.HttpServer2 (HttpServer2.java:bindListener(1191)) - Jetty bound to port 41244
2019-10-28 11:44:35,337 [main] INFO  server.Server (Server.java:doStart(351)) - jetty-9.3.25.v20180904, build timestamp: 2018-09-04T21:11:46Z, git hash: 3ce520221d0240229c862b122d2b06c12a625732
2019-10-28 11:44:35,339 [main] INFO  handler.ContextHandler (ContextHandler.java:doStart(781)) - Started o.e.j.s.ServletContextHandler@53ce2392{/logs,file:///workdir/hadoop-ozone/integration-test/target/log,AVAILABLE}
2019-10-28 11:44:35,340 [main] INFO  handler.ContextHandler (ContextHandler.java:doStart(781)) - Started o.e.j.s.ServletContextHandler@1c067c0d{/static,jar:file:/home/user/.m2/repository/org/apache/hadoop/hadoop-hdds-container-service/0.5.0-SNAPSHOT/hadoop-hdds-container-service-0.5.0-SNAPSHOT.jar!/webapps/static,AVAILABLE}
2019-10-28 11:44:35,367 [java.util.concurrent.ThreadPoolExecutor$Worker@621c22f3[State = -1, empty queue]] WARN  server.GrpcLogAppender (GrpcLogAppender.java:timeoutAppendRequest(209)) - dcef8c71-9a2f-43e2-b4af-dcf2ccf94b3e@group-6C657D44F665->6a67b45a-fbfb-4652-af1b-b91cb41ede04-GrpcLogAppender: appendEntries Timeout, request=dcef8c71-9a2f-43e2-b4af-dcf2ccf94b3e->6a67b45a-fbfb-4652-af1b-b91cb41ede04#129-t3, previous=(t:3, i:0), leaderCommit=0, initializing? false, entries: <empty>
2019-10-28 11:44:35,371 [main] INFO  handler.ContextHandler (ContextHandler.java:doStart(781)) - Started o.e.j.w.WebAppContext@76f881d9{/,file:///tmp/jetty-0.0.0.0-41244-hddsDatanode-_-any-4427101139887305750.dir/webapp/,AVAILABLE}{/hddsDatanode}
2019-10-28 11:44:35,371 [main] INFO  server.AbstractConnector (AbstractConnector.java:doStart(278)) - Started ServerConnector@6dd36ab6{HTTP/1.1,[http/1.1]}{0.0.0.0:41244}
2019-10-28 11:44:35,372 [main] INFO  server.Server (Server.java:doStart(419)) - Started @79873ms
2019-10-28 11:44:35,372 [main] WARN  impl.MetricsSystemImpl (MetricsSystemImpl.java:register(276)) - Sink prometheus already exists!
2019-10-28 11:44:35,373 [main] INFO  server.BaseHttpServer (BaseHttpServer.java:updateConnectorAddress(215)) - HTTP server of HDDSDATANODE is listening at http://0.0.0.0:41244
2019-10-28 11:44:35,373 [main] INFO  impl.MetricsSystemImpl (MetricsSystemImpl.java:init(158)) - HddsDatanode metrics system started (again)
2019-10-28 11:44:35,376 [org.apache.hadoop.util.JvmPauseMonitor$Monitor@104dea7f] INFO  util.JvmPauseMonitor (JvmPauseMonitor.java:run(188)) - Starting JVM pause monitor
2019-10-28 11:44:35,377 [main] INFO  ozone.HddsDatanodeService (HddsDatanodeService.java:start(184)) - HddsDatanodeService host:pr-hdds-2292-97wmq-4261317731 ip:192.168.164.193
2019-10-28 11:44:35,379 [Datanode State Machine Thread - 0] INFO  datanode.InitDatanodeState (InitDatanodeState.java:persistContainerDatanodeDetails(140)) - DatanodeDetails is persisted to /workdir/hadoop-ozone/integration-test/target/test-dir/MiniOzoneClusterImpl-b31733c6-727c-4256-9138-ff5b19d95bfe/datanode-3/meta/datanode.id
2019-10-28 11:44:35,384 [main] INFO  volume.HddsVolume (HddsVolume.java:<init>(176)) - Creating Volume: /workdir/hadoop-ozone/integration-test/target/test-dir/MiniOzoneClusterImpl-b31733c6-727c-4256-9138-ff5b19d95bfe/datanode-4/data/containers/hdds of  storage type : DISK and capacity : 1482555576320
2019-10-28 11:44:35,384 [main] INFO  volume.VolumeSet (VolumeSet.java:initializeVolumeSet(170)) - Added Volume : /workdir/hadoop-ozone/integration-test/target/test-dir/MiniOzoneClusterImpl-b31733c6-727c-4256-9138-ff5b19d95bfe/datanode-4/data/containers/hdds to VolumeSet
2019-10-28 11:44:35,384 [main] INFO  volume.ThrottledAsyncChecker (ThrottledAsyncChecker.java:schedule(141)) - Scheduling a check for /workdir/hadoop-ozone/integration-test/target/test-dir/MiniOzoneClusterImpl-b31733c6-727c-4256-9138-ff5b19d95bfe/datanode-4/data/containers/hdds
2019-10-28 11:44:35,385 [main] INFO  volume.HddsVolumeChecker (HddsVolumeChecker.java:checkAllVolumes(204)) - Scheduled health check for volume /workdir/hadoop-ozone/integration-test/target/test-dir/MiniOzoneClusterImpl-b31733c6-727c-4256-9138-ff5b19d95bfe/datanode-4/data/containers/hdds
2019-10-28 11:44:35,399 [main] INFO  impl.RaftServerProxy (ConfUtils.java:logGet(43)) - raft.rpc.type = GRPC (default)
2019-10-28 11:44:35,399 [main] INFO  grpc.GrpcFactory (GrpcFactory.java:checkPooledByteBufAllocatorUseCacheForAllThreads(45)) - PERFORMANCE WARNING: useCacheForAllThreads is true that may cause Netty to create a lot garbage objects and, as a result, trigger GC.
	It is recommended to disable useCacheForAllThreads by setting -Dorg.apache.ratis.thirdparty.io.netty.allocator.useCacheForAllThreads=false in command line.
2019-10-28 11:44:35,399 [main] INFO  grpc.GrpcConfigKeys$Server (ConfUtils.java:logGet(43)) - raft.grpc.server.port = 0 (default)
2019-10-28 11:44:35,399 [main] INFO  server.GrpcService (ConfUtils.java:logGet(43)) - raft.grpc.message.size.max = 33570816 (custom)
2019-10-28 11:44:35,400 [main] INFO  server.RaftServerConfigKeys (ConfUtils.java:logGet(43)) - raft.server.log.appender.buffer.byte-limit = 33554432 (custom)
2019-10-28 11:44:35,400 [main] INFO  server.GrpcService (ConfUtils.java:logGet(43)) - raft.grpc.flow.control.window = 1MB (=1048576) (default)
2019-10-28 11:44:35,400 [main] INFO  server.RaftServerConfigKeys (ConfUtils.java:logGet(43)) - raft.server.rpc.request.timeout = 3000ms (default)
2019-10-28 11:44:35,400 [main] INFO  server.RaftServerConfigKeys (ConfUtils.java:logGet(43)) - raft.server.storage.dir = [/workdir/hadoop-ozone/integration-test/target/test-dir/MiniOzoneClusterImpl-b31733c6-727c-4256-9138-ff5b19d95bfe/datanode-4/data/ratis] (custom)
2019-10-28 11:44:35,402 [main] INFO  hdfs.DFSUtil (DFSUtil.java:httpServerTemplateForNNAndJN(1641)) - Starting Web-server for hddsDatanode at: http://0.0.0.0:0
2019-10-28 11:44:35,403 [main] INFO  server.AuthenticationFilter (AuthenticationFilter.java:constructSecretProvider(240)) - Unable to initialize FileSignerSecretProvider, falling back to use random secrets.
2019-10-28 11:44:35,403 [main] WARN  http.HttpRequestLog (HttpRequestLog.java:getRequestLog(97)) - Jetty request log can only be enabled using Log4j
2019-10-28 11:44:35,405 [main] INFO  http.HttpServer2 (HttpServer2.java:addGlobalFilter(975)) - Added global filter 'safety' (class=org.apache.hadoop.http.HttpServer2$QuotingInputFilter)
2019-10-28 11:44:35,405 [main] INFO  http.HttpServer2 (HttpServer2.java:addFilter(948)) - Added filter static_user_filter (class=org.apache.hadoop.http.lib.StaticUserWebFilter$StaticUserFilter) to context hddsDatanode
2019-10-28 11:44:35,405 [main] INFO  http.HttpServer2 (HttpServer2.java:addFilter(958)) - Added filter static_user_filter (class=org.apache.hadoop.http.lib.StaticUserWebFilter$StaticUserFilter) to context logs
2019-10-28 11:44:35,405 [main] INFO  http.HttpServer2 (HttpServer2.java:addFilter(958)) - Added filter static_user_filter (class=org.apache.hadoop.http.lib.StaticUserWebFilter$StaticUserFilter) to context static
2019-10-28 11:44:35,406 [main] INFO  http.HttpServer2 (HttpServer2.java:bindListener(1191)) - Jetty bound to port 44958
2019-10-28 11:44:35,406 [main] INFO  server.Server (Server.java:doStart(351)) - jetty-9.3.25.v20180904, build timestamp: 2018-09-04T21:11:46Z, git hash: 3ce520221d0240229c862b122d2b06c12a625732
2019-10-28 11:44:35,408 [main] INFO  handler.ContextHandler (ContextHandler.java:doStart(781)) - Started o.e.j.s.ServletContextHandler@4fb04a72{/logs,file:///workdir/hadoop-ozone/integration-test/target/log,AVAILABLE}
2019-10-28 11:44:35,408 [main] INFO  handler.ContextHandler (ContextHandler.java:doStart(781)) - Started o.e.j.s.ServletContextHandler@343e225a{/static,jar:file:/home/user/.m2/repository/org/apache/hadoop/hadoop-hdds-container-service/0.5.0-SNAPSHOT/hadoop-hdds-container-service-0.5.0-SNAPSHOT.jar!/webapps/static,AVAILABLE}
2019-10-28 11:44:35,438 [main] INFO  handler.ContextHandler (ContextHandler.java:doStart(781)) - Started o.e.j.w.WebAppContext@35b17c06{/,file:///tmp/jetty-0.0.0.0-44958-hddsDatanode-_-any-4129484243733107090.dir/webapp/,AVAILABLE}{/hddsDatanode}
2019-10-28 11:44:35,438 [main] INFO  server.AbstractConnector (AbstractConnector.java:doStart(278)) - Started ServerConnector@45545e7a{HTTP/1.1,[http/1.1]}{0.0.0.0:44958}
2019-10-28 11:44:35,439 [main] INFO  server.Server (Server.java:doStart(419)) - Started @79940ms
2019-10-28 11:44:35,439 [main] WARN  impl.MetricsSystemImpl (MetricsSystemImpl.java:register(276)) - Sink prometheus already exists!
2019-10-28 11:44:35,441 [main] INFO  server.BaseHttpServer (BaseHttpServer.java:updateConnectorAddress(215)) - HTTP server of HDDSDATANODE is listening at http://0.0.0.0:44958
2019-10-28 11:44:35,441 [main] INFO  impl.MetricsSystemImpl (MetricsSystemImpl.java:init(158)) - HddsDatanode metrics system started (again)
2019-10-28 11:44:35,445 [org.apache.hadoop.util.JvmPauseMonitor$Monitor@24fcc2f4] INFO  util.JvmPauseMonitor (JvmPauseMonitor.java:run(188)) - Starting JVM pause monitor
2019-10-28 11:44:35,445 [main] INFO  ozone.HddsDatanodeService (HddsDatanodeService.java:start(184)) - HddsDatanodeService host:pr-hdds-2292-97wmq-4261317731 ip:192.168.164.193
2019-10-28 11:44:35,447 [Datanode State Machine Thread - 0] INFO  datanode.InitDatanodeState (InitDatanodeState.java:persistContainerDatanodeDetails(140)) - DatanodeDetails is persisted to /workdir/hadoop-ozone/integration-test/target/test-dir/MiniOzoneClusterImpl-b31733c6-727c-4256-9138-ff5b19d95bfe/datanode-4/meta/datanode.id
2019-10-28 11:44:35,453 [main] INFO  volume.HddsVolume (HddsVolume.java:<init>(176)) - Creating Volume: /workdir/hadoop-ozone/integration-test/target/test-dir/MiniOzoneClusterImpl-b31733c6-727c-4256-9138-ff5b19d95bfe/datanode-5/data/containers/hdds of  storage type : DISK and capacity : 1482555576320
2019-10-28 11:44:35,453 [main] INFO  volume.VolumeSet (VolumeSet.java:initializeVolumeSet(170)) - Added Volume : /workdir/hadoop-ozone/integration-test/target/test-dir/MiniOzoneClusterImpl-b31733c6-727c-4256-9138-ff5b19d95bfe/datanode-5/data/containers/hdds to VolumeSet
2019-10-28 11:44:35,453 [main] INFO  volume.ThrottledAsyncChecker (ThrottledAsyncChecker.java:schedule(141)) - Scheduling a check for /workdir/hadoop-ozone/integration-test/target/test-dir/MiniOzoneClusterImpl-b31733c6-727c-4256-9138-ff5b19d95bfe/datanode-5/data/containers/hdds
2019-10-28 11:44:35,453 [main] INFO  volume.HddsVolumeChecker (HddsVolumeChecker.java:checkAllVolumes(204)) - Scheduled health check for volume /workdir/hadoop-ozone/integration-test/target/test-dir/MiniOzoneClusterImpl-b31733c6-727c-4256-9138-ff5b19d95bfe/datanode-5/data/containers/hdds
2019-10-28 11:44:35,467 [main] INFO  impl.RaftServerProxy (ConfUtils.java:logGet(43)) - raft.rpc.type = GRPC (default)
2019-10-28 11:44:35,467 [main] INFO  grpc.GrpcFactory (GrpcFactory.java:checkPooledByteBufAllocatorUseCacheForAllThreads(45)) - PERFORMANCE WARNING: useCacheForAllThreads is true that may cause Netty to create a lot garbage objects and, as a result, trigger GC.
	It is recommended to disable useCacheForAllThreads by setting -Dorg.apache.ratis.thirdparty.io.netty.allocator.useCacheForAllThreads=false in command line.
2019-10-28 11:44:35,467 [main] INFO  grpc.GrpcConfigKeys$Server (ConfUtils.java:logGet(43)) - raft.grpc.server.port = 0 (default)
2019-10-28 11:44:35,467 [main] INFO  server.GrpcService (ConfUtils.java:logGet(43)) - raft.grpc.message.size.max = 33570816 (custom)
2019-10-28 11:44:35,468 [main] INFO  server.RaftServerConfigKeys (ConfUtils.java:logGet(43)) - raft.server.log.appender.buffer.byte-limit = 33554432 (custom)
2019-10-28 11:44:35,468 [main] INFO  server.GrpcService (ConfUtils.java:logGet(43)) - raft.grpc.flow.control.window = 1MB (=1048576) (default)
2019-10-28 11:44:35,468 [main] INFO  server.RaftServerConfigKeys (ConfUtils.java:logGet(43)) - raft.server.rpc.request.timeout = 3000ms (default)
2019-10-28 11:44:35,468 [main] INFO  server.RaftServerConfigKeys (ConfUtils.java:logGet(43)) - raft.server.storage.dir = [/workdir/hadoop-ozone/integration-test/target/test-dir/MiniOzoneClusterImpl-b31733c6-727c-4256-9138-ff5b19d95bfe/datanode-5/data/ratis] (custom)
2019-10-28 11:44:35,471 [main] INFO  hdfs.DFSUtil (DFSUtil.java:httpServerTemplateForNNAndJN(1641)) - Starting Web-server for hddsDatanode at: http://0.0.0.0:0
2019-10-28 11:44:35,472 [main] INFO  server.AuthenticationFilter (AuthenticationFilter.java:constructSecretProvider(240)) - Unable to initialize FileSignerSecretProvider, falling back to use random secrets.
2019-10-28 11:44:35,472 [java.util.concurrent.ThreadPoolExecutor$Worker@4204fe43[State = -1, empty queue]] WARN  server.GrpcLogAppender (GrpcLogAppender.java:timeoutAppendRequest(209)) - dcef8c71-9a2f-43e2-b4af-dcf2ccf94b3e@group-6C657D44F665->904500f3-1df4-4f9b-b3af-713f00bff703-GrpcLogAppender: appendEntries Timeout, request=dcef8c71-9a2f-43e2-b4af-dcf2ccf94b3e->904500f3-1df4-4f9b-b3af-713f00bff703#129-t3, previous=(t:3, i:0), leaderCommit=0, initializing? false, entries: <empty>
2019-10-28 11:44:35,472 [main] WARN  http.HttpRequestLog (HttpRequestLog.java:getRequestLog(97)) - Jetty request log can only be enabled using Log4j
2019-10-28 11:44:35,474 [main] INFO  http.HttpServer2 (HttpServer2.java:addGlobalFilter(975)) - Added global filter 'safety' (class=org.apache.hadoop.http.HttpServer2$QuotingInputFilter)
2019-10-28 11:44:35,474 [main] INFO  http.HttpServer2 (HttpServer2.java:addFilter(948)) - Added filter static_user_filter (class=org.apache.hadoop.http.lib.StaticUserWebFilter$StaticUserFilter) to context hddsDatanode
2019-10-28 11:44:35,474 [main] INFO  http.HttpServer2 (HttpServer2.java:addFilter(958)) - Added filter static_user_filter (class=org.apache.hadoop.http.lib.StaticUserWebFilter$StaticUserFilter) to context static
2019-10-28 11:44:35,475 [main] INFO  http.HttpServer2 (HttpServer2.java:addFilter(958)) - Added filter static_user_filter (class=org.apache.hadoop.http.lib.StaticUserWebFilter$StaticUserFilter) to context logs
2019-10-28 11:44:35,475 [main] INFO  http.HttpServer2 (HttpServer2.java:bindListener(1191)) - Jetty bound to port 34380
2019-10-28 11:44:35,475 [main] INFO  server.Server (Server.java:doStart(351)) - jetty-9.3.25.v20180904, build timestamp: 2018-09-04T21:11:46Z, git hash: 3ce520221d0240229c862b122d2b06c12a625732
2019-10-28 11:44:35,477 [main] INFO  handler.ContextHandler (ContextHandler.java:doStart(781)) - Started o.e.j.s.ServletContextHandler@55f4887d{/logs,file:///workdir/hadoop-ozone/integration-test/target/log,AVAILABLE}
2019-10-28 11:44:35,478 [main] INFO  handler.ContextHandler (ContextHandler.java:doStart(781)) - Started o.e.j.s.ServletContextHandler@2dbc408c{/static,jar:file:/home/user/.m2/repository/org/apache/hadoop/hadoop-hdds-container-service/0.5.0-SNAPSHOT/hadoop-hdds-container-service-0.5.0-SNAPSHOT.jar!/webapps/static,AVAILABLE}
2019-10-28 11:44:35,507 [main] INFO  handler.ContextHandler (ContextHandler.java:doStart(781)) - Started o.e.j.w.WebAppContext@4337afd{/,file:///tmp/jetty-0.0.0.0-34380-hddsDatanode-_-any-6908366223524551971.dir/webapp/,AVAILABLE}{/hddsDatanode}
2019-10-28 11:44:35,507 [main] INFO  server.AbstractConnector (AbstractConnector.java:doStart(278)) - Started ServerConnector@1d02af26{HTTP/1.1,[http/1.1]}{0.0.0.0:34380}
2019-10-28 11:44:35,508 [main] INFO  server.Server (Server.java:doStart(419)) - Started @80009ms
2019-10-28 11:44:35,508 [main] WARN  impl.MetricsSystemImpl (MetricsSystemImpl.java:register(276)) - Sink prometheus already exists!
2019-10-28 11:44:35,509 [main] INFO  server.BaseHttpServer (BaseHttpServer.java:updateConnectorAddress(215)) - HTTP server of HDDSDATANODE is listening at http://0.0.0.0:34380
2019-10-28 11:44:35,510 [main] INFO  impl.MetricsSystemImpl (MetricsSystemImpl.java:init(158)) - HddsDatanode metrics system started (again)
2019-10-28 11:44:35,515 [org.apache.hadoop.util.JvmPauseMonitor$Monitor@2ff2e2ea] INFO  util.JvmPauseMonitor (JvmPauseMonitor.java:run(188)) - Starting JVM pause monitor
2019-10-28 11:44:35,516 [main] INFO  ozone.HddsDatanodeService (HddsDatanodeService.java:start(184)) - HddsDatanodeService host:pr-hdds-2292-97wmq-4261317731 ip:192.168.164.193
2019-10-28 11:44:35,520 [Datanode State Machine Thread - 0] INFO  datanode.InitDatanodeState (InitDatanodeState.java:persistContainerDatanodeDetails(140)) - DatanodeDetails is persisted to /workdir/hadoop-ozone/integration-test/target/test-dir/MiniOzoneClusterImpl-b31733c6-727c-4256-9138-ff5b19d95bfe/datanode-5/meta/datanode.id
2019-10-28 11:44:35,525 [main] INFO  volume.HddsVolume (HddsVolume.java:<init>(176)) - Creating Volume: /workdir/hadoop-ozone/integration-test/target/test-dir/MiniOzoneClusterImpl-b31733c6-727c-4256-9138-ff5b19d95bfe/datanode-6/data/containers/hdds of  storage type : DISK and capacity : 1482555576320
2019-10-28 11:44:35,525 [main] INFO  volume.VolumeSet (VolumeSet.java:initializeVolumeSet(170)) - Added Volume : /workdir/hadoop-ozone/integration-test/target/test-dir/MiniOzoneClusterImpl-b31733c6-727c-4256-9138-ff5b19d95bfe/datanode-6/data/containers/hdds to VolumeSet
2019-10-28 11:44:35,526 [main] INFO  volume.ThrottledAsyncChecker (ThrottledAsyncChecker.java:schedule(141)) - Scheduling a check for /workdir/hadoop-ozone/integration-test/target/test-dir/MiniOzoneClusterImpl-b31733c6-727c-4256-9138-ff5b19d95bfe/datanode-6/data/containers/hdds
2019-10-28 11:44:35,526 [main] INFO  volume.HddsVolumeChecker (HddsVolumeChecker.java:checkAllVolumes(204)) - Scheduled health check for volume /workdir/hadoop-ozone/integration-test/target/test-dir/MiniOzoneClusterImpl-b31733c6-727c-4256-9138-ff5b19d95bfe/datanode-6/data/containers/hdds
2019-10-28 11:44:35,547 [main] INFO  impl.RaftServerProxy (ConfUtils.java:logGet(43)) - raft.rpc.type = GRPC (default)
2019-10-28 11:44:35,548 [main] INFO  grpc.GrpcFactory (GrpcFactory.java:checkPooledByteBufAllocatorUseCacheForAllThreads(45)) - PERFORMANCE WARNING: useCacheForAllThreads is true that may cause Netty to create a lot garbage objects and, as a result, trigger GC.
	It is recommended to disable useCacheForAllThreads by setting -Dorg.apache.ratis.thirdparty.io.netty.allocator.useCacheForAllThreads=false in command line.
2019-10-28 11:44:35,548 [main] INFO  grpc.GrpcConfigKeys$Server (ConfUtils.java:logGet(43)) - raft.grpc.server.port = 0 (default)
2019-10-28 11:44:35,548 [main] INFO  server.GrpcService (ConfUtils.java:logGet(43)) - raft.grpc.message.size.max = 33570816 (custom)
2019-10-28 11:44:35,548 [main] INFO  server.RaftServerConfigKeys (ConfUtils.java:logGet(43)) - raft.server.log.appender.buffer.byte-limit = 33554432 (custom)
2019-10-28 11:44:35,548 [main] INFO  server.GrpcService (ConfUtils.java:logGet(43)) - raft.grpc.flow.control.window = 1MB (=1048576) (default)
2019-10-28 11:44:35,549 [main] INFO  server.RaftServerConfigKeys (ConfUtils.java:logGet(43)) - raft.server.rpc.request.timeout = 3000ms (default)
2019-10-28 11:44:35,549 [main] INFO  server.RaftServerConfigKeys (ConfUtils.java:logGet(43)) - raft.server.storage.dir = [/workdir/hadoop-ozone/integration-test/target/test-dir/MiniOzoneClusterImpl-b31733c6-727c-4256-9138-ff5b19d95bfe/datanode-6/data/ratis] (custom)
2019-10-28 11:44:35,551 [main] INFO  hdfs.DFSUtil (DFSUtil.java:httpServerTemplateForNNAndJN(1641)) - Starting Web-server for hddsDatanode at: http://0.0.0.0:0
2019-10-28 11:44:35,557 [main] INFO  server.AuthenticationFilter (AuthenticationFilter.java:constructSecretProvider(240)) - Unable to initialize FileSignerSecretProvider, falling back to use random secrets.
2019-10-28 11:44:35,558 [main] WARN  http.HttpRequestLog (HttpRequestLog.java:getRequestLog(97)) - Jetty request log can only be enabled using Log4j
2019-10-28 11:44:35,559 [main] INFO  http.HttpServer2 (HttpServer2.java:addGlobalFilter(975)) - Added global filter 'safety' (class=org.apache.hadoop.http.HttpServer2$QuotingInputFilter)
2019-10-28 11:44:35,560 [main] INFO  http.HttpServer2 (HttpServer2.java:addFilter(948)) - Added filter static_user_filter (class=org.apache.hadoop.http.lib.StaticUserWebFilter$StaticUserFilter) to context hddsDatanode
2019-10-28 11:44:35,560 [main] INFO  http.HttpServer2 (HttpServer2.java:addFilter(958)) - Added filter static_user_filter (class=org.apache.hadoop.http.lib.StaticUserWebFilter$StaticUserFilter) to context logs
2019-10-28 11:44:35,561 [main] INFO  http.HttpServer2 (HttpServer2.java:addFilter(958)) - Added filter static_user_filter (class=org.apache.hadoop.http.lib.StaticUserWebFilter$StaticUserFilter) to context static
2019-10-28 11:44:35,562 [main] INFO  http.HttpServer2 (HttpServer2.java:bindListener(1191)) - Jetty bound to port 42237
2019-10-28 11:44:35,562 [main] INFO  server.Server (Server.java:doStart(351)) - jetty-9.3.25.v20180904, build timestamp: 2018-09-04T21:11:46Z, git hash: 3ce520221d0240229c862b122d2b06c12a625732
2019-10-28 11:44:35,564 [main] INFO  handler.ContextHandler (ContextHandler.java:doStart(781)) - Started o.e.j.s.ServletContextHandler@47c7a9e5{/logs,file:///workdir/hadoop-ozone/integration-test/target/log,AVAILABLE}
2019-10-28 11:44:35,565 [main] INFO  handler.ContextHandler (ContextHandler.java:doStart(781)) - Started o.e.j.s.ServletContextHandler@4ed9f7b1{/static,jar:file:/home/user/.m2/repository/org/apache/hadoop/hadoop-hdds-container-service/0.5.0-SNAPSHOT/hadoop-hdds-container-service-0.5.0-SNAPSHOT.jar!/webapps/static,AVAILABLE}
2019-10-28 11:44:35,600 [main] INFO  handler.ContextHandler (ContextHandler.java:doStart(781)) - Started o.e.j.w.WebAppContext@6bedd4e4{/,file:///tmp/jetty-0.0.0.0-42237-hddsDatanode-_-any-8135571925545608644.dir/webapp/,AVAILABLE}{/hddsDatanode}
2019-10-28 11:44:35,601 [main] INFO  server.AbstractConnector (AbstractConnector.java:doStart(278)) - Started ServerConnector@4570d7b6{HTTP/1.1,[http/1.1]}{0.0.0.0:42237}
2019-10-28 11:44:35,606 [main] INFO  server.Server (Server.java:doStart(419)) - Started @80107ms
2019-10-28 11:44:35,607 [main] WARN  impl.MetricsSystemImpl (MetricsSystemImpl.java:register(276)) - Sink prometheus already exists!
2019-10-28 11:44:35,608 [main] INFO  server.BaseHttpServer (BaseHttpServer.java:updateConnectorAddress(215)) - HTTP server of HDDSDATANODE is listening at http://0.0.0.0:42237
2019-10-28 11:44:35,608 [main] INFO  impl.MetricsSystemImpl (MetricsSystemImpl.java:init(158)) - HddsDatanode metrics system started (again)
2019-10-28 11:44:35,613 [org.apache.hadoop.util.JvmPauseMonitor$Monitor@3c6572ef] INFO  util.JvmPauseMonitor (JvmPauseMonitor.java:run(188)) - Starting JVM pause monitor
2019-10-28 11:44:35,614 [main] INFO  ozone.HddsDatanodeService (HddsDatanodeService.java:start(184)) - HddsDatanodeService host:pr-hdds-2292-97wmq-4261317731 ip:192.168.164.193
2019-10-28 11:44:35,616 [Datanode State Machine Thread - 0] INFO  datanode.InitDatanodeState (InitDatanodeState.java:persistContainerDatanodeDetails(140)) - DatanodeDetails is persisted to /workdir/hadoop-ozone/integration-test/target/test-dir/MiniOzoneClusterImpl-b31733c6-727c-4256-9138-ff5b19d95bfe/datanode-6/meta/datanode.id
2019-10-28 11:44:35,622 [main] INFO  volume.HddsVolume (HddsVolume.java:<init>(176)) - Creating Volume: /workdir/hadoop-ozone/integration-test/target/test-dir/MiniOzoneClusterImpl-b31733c6-727c-4256-9138-ff5b19d95bfe/datanode-7/data/containers/hdds of  storage type : DISK and capacity : 1482555576320
2019-10-28 11:44:35,623 [main] INFO  volume.VolumeSet (VolumeSet.java:initializeVolumeSet(170)) - Added Volume : /workdir/hadoop-ozone/integration-test/target/test-dir/MiniOzoneClusterImpl-b31733c6-727c-4256-9138-ff5b19d95bfe/datanode-7/data/containers/hdds to VolumeSet
2019-10-28 11:44:35,623 [main] INFO  volume.ThrottledAsyncChecker (ThrottledAsyncChecker.java:schedule(141)) - Scheduling a check for /workdir/hadoop-ozone/integration-test/target/test-dir/MiniOzoneClusterImpl-b31733c6-727c-4256-9138-ff5b19d95bfe/datanode-7/data/containers/hdds
2019-10-28 11:44:35,623 [main] INFO  volume.HddsVolumeChecker (HddsVolumeChecker.java:checkAllVolumes(204)) - Scheduled health check for volume /workdir/hadoop-ozone/integration-test/target/test-dir/MiniOzoneClusterImpl-b31733c6-727c-4256-9138-ff5b19d95bfe/datanode-7/data/containers/hdds
2019-10-28 11:44:35,637 [main] INFO  impl.RaftServerProxy (ConfUtils.java:logGet(43)) - raft.rpc.type = GRPC (default)
2019-10-28 11:44:35,638 [main] INFO  grpc.GrpcFactory (GrpcFactory.java:checkPooledByteBufAllocatorUseCacheForAllThreads(45)) - PERFORMANCE WARNING: useCacheForAllThreads is true that may cause Netty to create a lot garbage objects and, as a result, trigger GC.
	It is recommended to disable useCacheForAllThreads by setting -Dorg.apache.ratis.thirdparty.io.netty.allocator.useCacheForAllThreads=false in command line.
2019-10-28 11:44:35,638 [main] INFO  grpc.GrpcConfigKeys$Server (ConfUtils.java:logGet(43)) - raft.grpc.server.port = 0 (default)
2019-10-28 11:44:35,638 [main] INFO  server.GrpcService (ConfUtils.java:logGet(43)) - raft.grpc.message.size.max = 33570816 (custom)
2019-10-28 11:44:35,638 [main] INFO  server.RaftServerConfigKeys (ConfUtils.java:logGet(43)) - raft.server.log.appender.buffer.byte-limit = 33554432 (custom)
2019-10-28 11:44:35,638 [main] INFO  server.GrpcService (ConfUtils.java:logGet(43)) - raft.grpc.flow.control.window = 1MB (=1048576) (default)
2019-10-28 11:44:35,638 [main] INFO  server.RaftServerConfigKeys (ConfUtils.java:logGet(43)) - raft.server.rpc.request.timeout = 3000ms (default)
2019-10-28 11:44:35,639 [main] INFO  server.RaftServerConfigKeys (ConfUtils.java:logGet(43)) - raft.server.storage.dir = [/workdir/hadoop-ozone/integration-test/target/test-dir/MiniOzoneClusterImpl-b31733c6-727c-4256-9138-ff5b19d95bfe/datanode-7/data/ratis] (custom)
2019-10-28 11:44:35,640 [main] INFO  hdfs.DFSUtil (DFSUtil.java:httpServerTemplateForNNAndJN(1641)) - Starting Web-server for hddsDatanode at: http://0.0.0.0:0
2019-10-28 11:44:35,642 [main] INFO  server.AuthenticationFilter (AuthenticationFilter.java:constructSecretProvider(240)) - Unable to initialize FileSignerSecretProvider, falling back to use random secrets.
2019-10-28 11:44:35,643 [main] WARN  http.HttpRequestLog (HttpRequestLog.java:getRequestLog(97)) - Jetty request log can only be enabled using Log4j
2019-10-28 11:44:35,645 [main] INFO  http.HttpServer2 (HttpServer2.java:addGlobalFilter(975)) - Added global filter 'safety' (class=org.apache.hadoop.http.HttpServer2$QuotingInputFilter)
2019-10-28 11:44:35,646 [main] INFO  http.HttpServer2 (HttpServer2.java:addFilter(948)) - Added filter static_user_filter (class=org.apache.hadoop.http.lib.StaticUserWebFilter$StaticUserFilter) to context hddsDatanode
2019-10-28 11:44:35,646 [main] INFO  http.HttpServer2 (HttpServer2.java:addFilter(958)) - Added filter static_user_filter (class=org.apache.hadoop.http.lib.StaticUserWebFilter$StaticUserFilter) to context static
2019-10-28 11:44:35,646 [main] INFO  http.HttpServer2 (HttpServer2.java:addFilter(958)) - Added filter static_user_filter (class=org.apache.hadoop.http.lib.StaticUserWebFilter$StaticUserFilter) to context logs
2019-10-28 11:44:35,647 [main] INFO  http.HttpServer2 (HttpServer2.java:bindListener(1191)) - Jetty bound to port 42296
2019-10-28 11:44:35,647 [main] INFO  server.Server (Server.java:doStart(351)) - jetty-9.3.25.v20180904, build timestamp: 2018-09-04T21:11:46Z, git hash: 3ce520221d0240229c862b122d2b06c12a625732
2019-10-28 11:44:35,649 [main] INFO  handler.ContextHandler (ContextHandler.java:doStart(781)) - Started o.e.j.s.ServletContextHandler@270d43a7{/logs,file:///workdir/hadoop-ozone/integration-test/target/log,AVAILABLE}
2019-10-28 11:44:35,649 [main] INFO  handler.ContextHandler (ContextHandler.java:doStart(781)) - Started o.e.j.s.ServletContextHandler@41ccb3b9{/static,jar:file:/home/user/.m2/repository/org/apache/hadoop/hadoop-hdds-container-service/0.5.0-SNAPSHOT/hadoop-hdds-container-service-0.5.0-SNAPSHOT.jar!/webapps/static,AVAILABLE}
2019-10-28 11:44:35,701 [main] INFO  handler.ContextHandler (ContextHandler.java:doStart(781)) - Started o.e.j.w.WebAppContext@733ec58b{/,file:///tmp/jetty-0.0.0.0-42296-hddsDatanode-_-any-5032938847096157113.dir/webapp/,AVAILABLE}{/hddsDatanode}
2019-10-28 11:44:35,701 [main] INFO  server.AbstractConnector (AbstractConnector.java:doStart(278)) - Started ServerConnector@723877dd{HTTP/1.1,[http/1.1]}{0.0.0.0:42296}
2019-10-28 11:44:35,703 [main] INFO  server.Server (Server.java:doStart(419)) - Started @80204ms
2019-10-28 11:44:35,703 [main] WARN  impl.MetricsSystemImpl (MetricsSystemImpl.java:register(276)) - Sink prometheus already exists!
2019-10-28 11:44:35,704 [main] INFO  server.BaseHttpServer (BaseHttpServer.java:updateConnectorAddress(215)) - HTTP server of HDDSDATANODE is listening at http://0.0.0.0:42296
2019-10-28 11:44:35,705 [main] INFO  impl.MetricsSystemImpl (MetricsSystemImpl.java:init(158)) - HddsDatanode metrics system started (again)
2019-10-28 11:44:35,710 [org.apache.hadoop.util.JvmPauseMonitor$Monitor@a781e0a] INFO  util.JvmPauseMonitor (JvmPauseMonitor.java:run(188)) - Starting JVM pause monitor
2019-10-28 11:44:35,711 [main] INFO  ozone.HddsDatanodeService (HddsDatanodeService.java:start(184)) - HddsDatanodeService host:pr-hdds-2292-97wmq-4261317731 ip:192.168.164.193
2019-10-28 11:44:35,712 [Datanode State Machine Thread - 0] INFO  datanode.InitDatanodeState (InitDatanodeState.java:persistContainerDatanodeDetails(140)) - DatanodeDetails is persisted to /workdir/hadoop-ozone/integration-test/target/test-dir/MiniOzoneClusterImpl-b31733c6-727c-4256-9138-ff5b19d95bfe/datanode-7/meta/datanode.id
2019-10-28 11:44:35,723 [main] INFO  volume.HddsVolume (HddsVolume.java:<init>(176)) - Creating Volume: /workdir/hadoop-ozone/integration-test/target/test-dir/MiniOzoneClusterImpl-b31733c6-727c-4256-9138-ff5b19d95bfe/datanode-8/data/containers/hdds of  storage type : DISK and capacity : 1482555576320
2019-10-28 11:44:35,723 [main] INFO  volume.VolumeSet (VolumeSet.java:initializeVolumeSet(170)) - Added Volume : /workdir/hadoop-ozone/integration-test/target/test-dir/MiniOzoneClusterImpl-b31733c6-727c-4256-9138-ff5b19d95bfe/datanode-8/data/containers/hdds to VolumeSet
2019-10-28 11:44:35,723 [main] INFO  volume.ThrottledAsyncChecker (ThrottledAsyncChecker.java:schedule(141)) - Scheduling a check for /workdir/hadoop-ozone/integration-test/target/test-dir/MiniOzoneClusterImpl-b31733c6-727c-4256-9138-ff5b19d95bfe/datanode-8/data/containers/hdds
2019-10-28 11:44:35,724 [main] INFO  volume.HddsVolumeChecker (HddsVolumeChecker.java:checkAllVolumes(204)) - Scheduled health check for volume /workdir/hadoop-ozone/integration-test/target/test-dir/MiniOzoneClusterImpl-b31733c6-727c-4256-9138-ff5b19d95bfe/datanode-8/data/containers/hdds
2019-10-28 11:44:35,738 [main] INFO  impl.RaftServerProxy (ConfUtils.java:logGet(43)) - raft.rpc.type = GRPC (default)
2019-10-28 11:44:35,738 [main] INFO  grpc.GrpcFactory (GrpcFactory.java:checkPooledByteBufAllocatorUseCacheForAllThreads(45)) - PERFORMANCE WARNING: useCacheForAllThreads is true that may cause Netty to create a lot garbage objects and, as a result, trigger GC.
	It is recommended to disable useCacheForAllThreads by setting -Dorg.apache.ratis.thirdparty.io.netty.allocator.useCacheForAllThreads=false in command line.
2019-10-28 11:44:35,738 [main] INFO  grpc.GrpcConfigKeys$Server (ConfUtils.java:logGet(43)) - raft.grpc.server.port = 0 (default)
2019-10-28 11:44:35,738 [main] INFO  server.GrpcService (ConfUtils.java:logGet(43)) - raft.grpc.message.size.max = 33570816 (custom)
2019-10-28 11:44:35,739 [main] INFO  server.RaftServerConfigKeys (ConfUtils.java:logGet(43)) - raft.server.log.appender.buffer.byte-limit = 33554432 (custom)
2019-10-28 11:44:35,739 [main] INFO  server.GrpcService (ConfUtils.java:logGet(43)) - raft.grpc.flow.control.window = 1MB (=1048576) (default)
2019-10-28 11:44:35,739 [main] INFO  server.RaftServerConfigKeys (ConfUtils.java:logGet(43)) - raft.server.rpc.request.timeout = 3000ms (default)
2019-10-28 11:44:35,740 [main] INFO  server.RaftServerConfigKeys (ConfUtils.java:logGet(43)) - raft.server.storage.dir = [/workdir/hadoop-ozone/integration-test/target/test-dir/MiniOzoneClusterImpl-b31733c6-727c-4256-9138-ff5b19d95bfe/datanode-8/data/ratis] (custom)
2019-10-28 11:44:35,741 [main] INFO  hdfs.DFSUtil (DFSUtil.java:httpServerTemplateForNNAndJN(1641)) - Starting Web-server for hddsDatanode at: http://0.0.0.0:0
2019-10-28 11:44:35,742 [main] INFO  server.AuthenticationFilter (AuthenticationFilter.java:constructSecretProvider(240)) - Unable to initialize FileSignerSecretProvider, falling back to use random secrets.
2019-10-28 11:44:35,743 [main] WARN  http.HttpRequestLog (HttpRequestLog.java:getRequestLog(97)) - Jetty request log can only be enabled using Log4j
2019-10-28 11:44:35,744 [main] INFO  http.HttpServer2 (HttpServer2.java:addGlobalFilter(975)) - Added global filter 'safety' (class=org.apache.hadoop.http.HttpServer2$QuotingInputFilter)
2019-10-28 11:44:35,745 [main] INFO  http.HttpServer2 (HttpServer2.java:addFilter(948)) - Added filter static_user_filter (class=org.apache.hadoop.http.lib.StaticUserWebFilter$StaticUserFilter) to context hddsDatanode
2019-10-28 11:44:35,745 [main] INFO  http.HttpServer2 (HttpServer2.java:addFilter(958)) - Added filter static_user_filter (class=org.apache.hadoop.http.lib.StaticUserWebFilter$StaticUserFilter) to context static
2019-10-28 11:44:35,745 [main] INFO  http.HttpServer2 (HttpServer2.java:addFilter(958)) - Added filter static_user_filter (class=org.apache.hadoop.http.lib.StaticUserWebFilter$StaticUserFilter) to context logs
2019-10-28 11:44:35,746 [main] INFO  http.HttpServer2 (HttpServer2.java:bindListener(1191)) - Jetty bound to port 36965
2019-10-28 11:44:35,746 [main] INFO  server.Server (Server.java:doStart(351)) - jetty-9.3.25.v20180904, build timestamp: 2018-09-04T21:11:46Z, git hash: 3ce520221d0240229c862b122d2b06c12a625732
2019-10-28 11:44:35,748 [main] INFO  handler.ContextHandler (ContextHandler.java:doStart(781)) - Started o.e.j.s.ServletContextHandler@6cbbb9c4{/logs,file:///workdir/hadoop-ozone/integration-test/target/log,AVAILABLE}
2019-10-28 11:44:35,749 [main] INFO  handler.ContextHandler (ContextHandler.java:doStart(781)) - Started o.e.j.s.ServletContextHandler@20ead579{/static,jar:file:/home/user/.m2/repository/org/apache/hadoop/hadoop-hdds-container-service/0.5.0-SNAPSHOT/hadoop-hdds-container-service-0.5.0-SNAPSHOT.jar!/webapps/static,AVAILABLE}
2019-10-28 11:44:35,780 [main] INFO  handler.ContextHandler (ContextHandler.java:doStart(781)) - Started o.e.j.w.WebAppContext@51bddd98{/,file:///tmp/jetty-0.0.0.0-36965-hddsDatanode-_-any-1512769586367957600.dir/webapp/,AVAILABLE}{/hddsDatanode}
2019-10-28 11:44:35,780 [main] INFO  server.AbstractConnector (AbstractConnector.java:doStart(278)) - Started ServerConnector@21c747a{HTTP/1.1,[http/1.1]}{0.0.0.0:36965}
2019-10-28 11:44:35,781 [main] INFO  server.Server (Server.java:doStart(419)) - Started @80281ms
2019-10-28 11:44:35,781 [main] WARN  impl.MetricsSystemImpl (MetricsSystemImpl.java:register(276)) - Sink prometheus already exists!
2019-10-28 11:44:35,783 [main] INFO  server.BaseHttpServer (BaseHttpServer.java:updateConnectorAddress(215)) - HTTP server of HDDSDATANODE is listening at http://0.0.0.0:36965
2019-10-28 11:44:35,783 [main] INFO  impl.MetricsSystemImpl (MetricsSystemImpl.java:init(158)) - HddsDatanode metrics system started (again)
2019-10-28 11:44:35,789 [org.apache.hadoop.util.JvmPauseMonitor$Monitor@2caabd93] INFO  util.JvmPauseMonitor (JvmPauseMonitor.java:run(188)) - Starting JVM pause monitor
2019-10-28 11:44:35,790 [main] INFO  ozone.HddsDatanodeService (HddsDatanodeService.java:start(184)) - HddsDatanodeService host:pr-hdds-2292-97wmq-4261317731 ip:192.168.164.193
2019-10-28 11:44:35,791 [Datanode State Machine Thread - 0] INFO  datanode.InitDatanodeState (InitDatanodeState.java:persistContainerDatanodeDetails(140)) - DatanodeDetails is persisted to /workdir/hadoop-ozone/integration-test/target/test-dir/MiniOzoneClusterImpl-b31733c6-727c-4256-9138-ff5b19d95bfe/datanode-8/meta/datanode.id
2019-10-28 11:44:35,800 [main] INFO  volume.HddsVolume (HddsVolume.java:<init>(176)) - Creating Volume: /workdir/hadoop-ozone/integration-test/target/test-dir/MiniOzoneClusterImpl-b31733c6-727c-4256-9138-ff5b19d95bfe/datanode-9/data/containers/hdds of  storage type : DISK and capacity : 1482555576320
2019-10-28 11:44:35,801 [main] INFO  volume.VolumeSet (VolumeSet.java:initializeVolumeSet(170)) - Added Volume : /workdir/hadoop-ozone/integration-test/target/test-dir/MiniOzoneClusterImpl-b31733c6-727c-4256-9138-ff5b19d95bfe/datanode-9/data/containers/hdds to VolumeSet
2019-10-28 11:44:35,801 [main] INFO  volume.ThrottledAsyncChecker (ThrottledAsyncChecker.java:schedule(141)) - Scheduling a check for /workdir/hadoop-ozone/integration-test/target/test-dir/MiniOzoneClusterImpl-b31733c6-727c-4256-9138-ff5b19d95bfe/datanode-9/data/containers/hdds
2019-10-28 11:44:35,801 [main] INFO  volume.HddsVolumeChecker (HddsVolumeChecker.java:checkAllVolumes(204)) - Scheduled health check for volume /workdir/hadoop-ozone/integration-test/target/test-dir/MiniOzoneClusterImpl-b31733c6-727c-4256-9138-ff5b19d95bfe/datanode-9/data/containers/hdds
2019-10-28 11:44:35,819 [main] INFO  impl.RaftServerProxy (ConfUtils.java:logGet(43)) - raft.rpc.type = GRPC (default)
2019-10-28 11:44:35,819 [main] INFO  grpc.GrpcFactory (GrpcFactory.java:checkPooledByteBufAllocatorUseCacheForAllThreads(45)) - PERFORMANCE WARNING: useCacheForAllThreads is true that may cause Netty to create a lot garbage objects and, as a result, trigger GC.
	It is recommended to disable useCacheForAllThreads by setting -Dorg.apache.ratis.thirdparty.io.netty.allocator.useCacheForAllThreads=false in command line.
2019-10-28 11:44:35,820 [main] INFO  grpc.GrpcConfigKeys$Server (ConfUtils.java:logGet(43)) - raft.grpc.server.port = 0 (default)
2019-10-28 11:44:35,820 [main] INFO  server.GrpcService (ConfUtils.java:logGet(43)) - raft.grpc.message.size.max = 33570816 (custom)
2019-10-28 11:44:35,820 [main] INFO  server.RaftServerConfigKeys (ConfUtils.java:logGet(43)) - raft.server.log.appender.buffer.byte-limit = 33554432 (custom)
2019-10-28 11:44:35,820 [main] INFO  server.GrpcService (ConfUtils.java:logGet(43)) - raft.grpc.flow.control.window = 1MB (=1048576) (default)
2019-10-28 11:44:35,821 [main] INFO  server.RaftServerConfigKeys (ConfUtils.java:logGet(43)) - raft.server.rpc.request.timeout = 3000ms (default)
2019-10-28 11:44:35,821 [main] INFO  server.RaftServerConfigKeys (ConfUtils.java:logGet(43)) - raft.server.storage.dir = [/workdir/hadoop-ozone/integration-test/target/test-dir/MiniOzoneClusterImpl-b31733c6-727c-4256-9138-ff5b19d95bfe/datanode-9/data/ratis] (custom)
2019-10-28 11:44:35,823 [main] INFO  hdfs.DFSUtil (DFSUtil.java:httpServerTemplateForNNAndJN(1641)) - Starting Web-server for hddsDatanode at: http://0.0.0.0:0
2019-10-28 11:44:35,825 [main] INFO  server.AuthenticationFilter (AuthenticationFilter.java:constructSecretProvider(240)) - Unable to initialize FileSignerSecretProvider, falling back to use random secrets.
2019-10-28 11:44:35,825 [main] WARN  http.HttpRequestLog (HttpRequestLog.java:getRequestLog(97)) - Jetty request log can only be enabled using Log4j
2019-10-28 11:44:35,827 [main] INFO  http.HttpServer2 (HttpServer2.java:addGlobalFilter(975)) - Added global filter 'safety' (class=org.apache.hadoop.http.HttpServer2$QuotingInputFilter)
2019-10-28 11:44:35,828 [main] INFO  http.HttpServer2 (HttpServer2.java:addFilter(948)) - Added filter static_user_filter (class=org.apache.hadoop.http.lib.StaticUserWebFilter$StaticUserFilter) to context hddsDatanode
2019-10-28 11:44:35,828 [main] INFO  http.HttpServer2 (HttpServer2.java:addFilter(958)) - Added filter static_user_filter (class=org.apache.hadoop.http.lib.StaticUserWebFilter$StaticUserFilter) to context logs
2019-10-28 11:44:35,828 [main] INFO  http.HttpServer2 (HttpServer2.java:addFilter(958)) - Added filter static_user_filter (class=org.apache.hadoop.http.lib.StaticUserWebFilter$StaticUserFilter) to context static
2019-10-28 11:44:35,830 [main] INFO  http.HttpServer2 (HttpServer2.java:bindListener(1191)) - Jetty bound to port 39711
2019-10-28 11:44:35,830 [main] INFO  server.Server (Server.java:doStart(351)) - jetty-9.3.25.v20180904, build timestamp: 2018-09-04T21:11:46Z, git hash: 3ce520221d0240229c862b122d2b06c12a625732
2019-10-28 11:44:35,832 [main] INFO  handler.ContextHandler (ContextHandler.java:doStart(781)) - Started o.e.j.s.ServletContextHandler@3290b1a6{/logs,file:///workdir/hadoop-ozone/integration-test/target/log,AVAILABLE}
2019-10-28 11:44:35,833 [main] INFO  handler.ContextHandler (ContextHandler.java:doStart(781)) - Started o.e.j.s.ServletContextHandler@67bf0480{/static,jar:file:/home/user/.m2/repository/org/apache/hadoop/hadoop-hdds-container-service/0.5.0-SNAPSHOT/hadoop-hdds-container-service-0.5.0-SNAPSHOT.jar!/webapps/static,AVAILABLE}
2019-10-28 11:44:35,869 [java.util.concurrent.ThreadPoolExecutor$Worker@621c22f3[State = -1, empty queue]] WARN  server.GrpcLogAppender (GrpcLogAppender.java:timeoutAppendRequest(209)) - dcef8c71-9a2f-43e2-b4af-dcf2ccf94b3e@group-6C657D44F665->6a67b45a-fbfb-4652-af1b-b91cb41ede04-GrpcLogAppender: appendEntries Timeout, request=dcef8c71-9a2f-43e2-b4af-dcf2ccf94b3e->6a67b45a-fbfb-4652-af1b-b91cb41ede04#130-t3, previous=(t:3, i:0), leaderCommit=0, initializing? false, entries: <empty>
2019-10-28 11:44:35,872 [main] INFO  handler.ContextHandler (ContextHandler.java:doStart(781)) - Started o.e.j.w.WebAppContext@41ef1ea2{/,file:///tmp/jetty-0.0.0.0-39711-hddsDatanode-_-any-8033164945929240211.dir/webapp/,AVAILABLE}{/hddsDatanode}
2019-10-28 11:44:35,872 [main] INFO  server.AbstractConnector (AbstractConnector.java:doStart(278)) - Started ServerConnector@5dfe23e8{HTTP/1.1,[http/1.1]}{0.0.0.0:39711}
2019-10-28 11:44:35,874 [main] INFO  server.Server (Server.java:doStart(419)) - Started @80375ms
2019-10-28 11:44:35,874 [main] WARN  impl.MetricsSystemImpl (MetricsSystemImpl.java:register(276)) - Sink prometheus already exists!
2019-10-28 11:44:35,876 [main] INFO  server.BaseHttpServer (BaseHttpServer.java:updateConnectorAddress(215)) - HTTP server of HDDSDATANODE is listening at http://0.0.0.0:39711
2019-10-28 11:44:35,876 [main] INFO  ozone.MiniOzoneClusterImpl (MiniOzoneClusterImpl.java:lambda$waitForClusterToBeReady$0(147)) - Waiting for cluster to be ready. Got 0 of 10 DN Heartbeats.
2019-10-28 11:44:35,878 [org.apache.hadoop.util.JvmPauseMonitor$Monitor@3d9950c4] INFO  util.JvmPauseMonitor (JvmPauseMonitor.java:run(188)) - Starting JVM pause monitor
2019-10-28 11:44:35,880 [Datanode State Machine Thread - 0] INFO  datanode.InitDatanodeState (InitDatanodeState.java:persistContainerDatanodeDetails(140)) - DatanodeDetails is persisted to /workdir/hadoop-ozone/integration-test/target/test-dir/MiniOzoneClusterImpl-b31733c6-727c-4256-9138-ff5b19d95bfe/datanode-9/meta/datanode.id
2019-10-28 11:44:35,973 [java.util.concurrent.ThreadPoolExecutor$Worker@4204fe43[State = -1, empty queue]] WARN  server.GrpcLogAppender (GrpcLogAppender.java:timeoutAppendRequest(209)) - dcef8c71-9a2f-43e2-b4af-dcf2ccf94b3e@group-6C657D44F665->904500f3-1df4-4f9b-b3af-713f00bff703-GrpcLogAppender: appendEntries Timeout, request=dcef8c71-9a2f-43e2-b4af-dcf2ccf94b3e->904500f3-1df4-4f9b-b3af-713f00bff703#130-t3, previous=(t:3, i:0), leaderCommit=0, initializing? false, entries: <empty>
2019-10-28 11:44:36,369 [java.util.concurrent.ThreadPoolExecutor$Worker@621c22f3[State = -1, empty queue]] WARN  server.GrpcLogAppender (GrpcLogAppender.java:timeoutAppendRequest(209)) - dcef8c71-9a2f-43e2-b4af-dcf2ccf94b3e@group-6C657D44F665->6a67b45a-fbfb-4652-af1b-b91cb41ede04-GrpcLogAppender: appendEntries Timeout, request=dcef8c71-9a2f-43e2-b4af-dcf2ccf94b3e->6a67b45a-fbfb-4652-af1b-b91cb41ede04#131-t3, previous=(t:3, i:0), leaderCommit=0, initializing? false, entries: <empty>
2019-10-28 11:44:36,473 [java.util.concurrent.ThreadPoolExecutor$Worker@4204fe43[State = -1, empty queue]] WARN  server.GrpcLogAppender (GrpcLogAppender.java:timeoutAppendRequest(209)) - dcef8c71-9a2f-43e2-b4af-dcf2ccf94b3e@group-6C657D44F665->904500f3-1df4-4f9b-b3af-713f00bff703-GrpcLogAppender: appendEntries Timeout, request=dcef8c71-9a2f-43e2-b4af-dcf2ccf94b3e->904500f3-1df4-4f9b-b3af-713f00bff703#131-t3, previous=(t:3, i:0), leaderCommit=0, initializing? false, entries: <empty>
2019-10-28 11:44:36,877 [main] INFO  ozone.MiniOzoneClusterImpl (MiniOzoneClusterImpl.java:lambda$waitForClusterToBeReady$0(147)) - Waiting for cluster to be ready. Got 0 of 10 DN Heartbeats.
2019-10-28 11:44:37,200 [Datanode State Machine Thread - 0] INFO  ozoneimpl.OzoneContainer (OzoneContainer.java:start(213)) - Attempting to start container services.
2019-10-28 11:44:37,200 [Datanode State Machine Thread - 0] INFO  ozoneimpl.OzoneContainer (OzoneContainer.java:startContainerScrub(177)) - Background container scanner has been disabled.
2019-10-28 11:44:37,200 [Datanode State Machine Thread - 0] INFO  ratis.XceiverServerRatis (XceiverServerRatis.java:start(418)) - Starting XceiverServerRatis 75159f97-af2c-48a6-bb8f-f5acb2145c35 at port 0
2019-10-28 11:44:37,208 [Datanode State Machine Thread - 0] INFO  impl.RaftServerProxy (RaftServerProxy.java:lambda$start$3(299)) - 75159f97-af2c-48a6-bb8f-f5acb2145c35: start RPC server
2019-10-28 11:44:37,210 [Datanode State Machine Thread - 0] INFO  server.GrpcService (GrpcService.java:startImpl(158)) - 75159f97-af2c-48a6-bb8f-f5acb2145c35: GrpcService started, listening on 0.0.0.0/0.0.0.0:42423
2019-10-28 11:44:37,210 [Datanode State Machine Thread - 0] INFO  ratis.XceiverServerRatis (XceiverServerRatis.java:start(428)) - XceiverServerRatis 75159f97-af2c-48a6-bb8f-f5acb2145c35 is started using port 42423
2019-10-28 11:44:37,211 [Datanode State Machine Thread - 0] INFO  server.XceiverServerGrpc (XceiverServerGrpc.java:start(149)) - XceiverServerGrpc 75159f97-af2c-48a6-bb8f-f5acb2145c35 is started using port 46211
2019-10-28 11:44:37,249 [Datanode State Machine Thread - 0] INFO  ozoneimpl.OzoneContainer (OzoneContainer.java:start(213)) - Attempting to start container services.
2019-10-28 11:44:37,250 [Datanode State Machine Thread - 0] INFO  ozoneimpl.OzoneContainer (OzoneContainer.java:startContainerScrub(177)) - Background container scanner has been disabled.
2019-10-28 11:44:37,250 [Datanode State Machine Thread - 0] INFO  ratis.XceiverServerRatis (XceiverServerRatis.java:start(418)) - Starting XceiverServerRatis 03d0ba9c-9a68-4db9-a306-0d67556dce53 at port 0
2019-10-28 11:44:37,259 [Datanode State Machine Thread - 0] INFO  impl.RaftServerProxy (RaftServerProxy.java:lambda$start$3(299)) - 03d0ba9c-9a68-4db9-a306-0d67556dce53: start RPC server
2019-10-28 11:44:37,261 [Datanode State Machine Thread - 0] INFO  server.GrpcService (GrpcService.java:startImpl(158)) - 03d0ba9c-9a68-4db9-a306-0d67556dce53: GrpcService started, listening on 0.0.0.0/0.0.0.0:33662
2019-10-28 11:44:37,261 [Datanode State Machine Thread - 0] INFO  ratis.XceiverServerRatis (XceiverServerRatis.java:start(428)) - XceiverServerRatis 03d0ba9c-9a68-4db9-a306-0d67556dce53 is started using port 33662
2019-10-28 11:44:37,262 [Datanode State Machine Thread - 0] INFO  server.XceiverServerGrpc (XceiverServerGrpc.java:start(149)) - XceiverServerGrpc 03d0ba9c-9a68-4db9-a306-0d67556dce53 is started using port 42348
2019-10-28 11:44:37,320 [Datanode State Machine Thread - 0] INFO  ozoneimpl.OzoneContainer (OzoneContainer.java:start(213)) - Attempting to start container services.
2019-10-28 11:44:37,321 [Datanode State Machine Thread - 0] INFO  ozoneimpl.OzoneContainer (OzoneContainer.java:startContainerScrub(177)) - Background container scanner has been disabled.
2019-10-28 11:44:37,321 [Datanode State Machine Thread - 0] INFO  ratis.XceiverServerRatis (XceiverServerRatis.java:start(418)) - Starting XceiverServerRatis 21e5d428-bfa8-41d9-bec1-e8e8886ad03a at port 0
2019-10-28 11:44:37,329 [Datanode State Machine Thread - 0] INFO  impl.RaftServerProxy (RaftServerProxy.java:lambda$start$3(299)) - 21e5d428-bfa8-41d9-bec1-e8e8886ad03a: start RPC server
2019-10-28 11:44:37,329 [Datanode State Machine Thread - 0] INFO  server.GrpcService (GrpcService.java:startImpl(158)) - 21e5d428-bfa8-41d9-bec1-e8e8886ad03a: GrpcService started, listening on 0.0.0.0/0.0.0.0:40834
2019-10-28 11:44:37,329 [Datanode State Machine Thread - 0] INFO  ratis.XceiverServerRatis (XceiverServerRatis.java:start(428)) - XceiverServerRatis 21e5d428-bfa8-41d9-bec1-e8e8886ad03a is started using port 40834
2019-10-28 11:44:37,331 [Datanode State Machine Thread - 0] INFO  server.XceiverServerGrpc (XceiverServerGrpc.java:start(149)) - XceiverServerGrpc 21e5d428-bfa8-41d9-bec1-e8e8886ad03a is started using port 37664
2019-10-28 11:44:37,390 [Datanode State Machine Thread - 0] INFO  ozoneimpl.OzoneContainer (OzoneContainer.java:start(213)) - Attempting to start container services.
2019-10-28 11:44:37,390 [Datanode State Machine Thread - 0] INFO  ozoneimpl.OzoneContainer (OzoneContainer.java:startContainerScrub(177)) - Background container scanner has been disabled.
2019-10-28 11:44:37,390 [Datanode State Machine Thread - 0] INFO  ratis.XceiverServerRatis (XceiverServerRatis.java:start(418)) - Starting XceiverServerRatis 31ceb61f-dd6d-4279-87bc-0b070a534ff8 at port 0
2019-10-28 11:44:37,397 [Datanode State Machine Thread - 0] INFO  impl.RaftServerProxy (RaftServerProxy.java:lambda$start$3(299)) - 31ceb61f-dd6d-4279-87bc-0b070a534ff8: start RPC server
2019-10-28 11:44:37,398 [Datanode State Machine Thread - 0] INFO  server.GrpcService (GrpcService.java:startImpl(158)) - 31ceb61f-dd6d-4279-87bc-0b070a534ff8: GrpcService started, listening on 0.0.0.0/0.0.0.0:42807
2019-10-28 11:44:37,398 [Datanode State Machine Thread - 0] INFO  ratis.XceiverServerRatis (XceiverServerRatis.java:start(428)) - XceiverServerRatis 31ceb61f-dd6d-4279-87bc-0b070a534ff8 is started using port 42807
2019-10-28 11:44:37,398 [Datanode State Machine Thread - 0] INFO  server.XceiverServerGrpc (XceiverServerGrpc.java:start(149)) - XceiverServerGrpc 31ceb61f-dd6d-4279-87bc-0b070a534ff8 is started using port 40824
2019-10-28 11:44:37,467 [Datanode State Machine Thread - 0] INFO  ozoneimpl.OzoneContainer (OzoneContainer.java:start(213)) - Attempting to start container services.
2019-10-28 11:44:37,467 [Datanode State Machine Thread - 0] INFO  ozoneimpl.OzoneContainer (OzoneContainer.java:startContainerScrub(177)) - Background container scanner has been disabled.
2019-10-28 11:44:37,467 [Datanode State Machine Thread - 0] INFO  ratis.XceiverServerRatis (XceiverServerRatis.java:start(418)) - Starting XceiverServerRatis ce71e9bc-e571-4e52-8a73-1c9dce7b9fa7 at port 0
2019-10-28 11:44:37,476 [Datanode State Machine Thread - 0] INFO  impl.RaftServerProxy (RaftServerProxy.java:lambda$start$3(299)) - ce71e9bc-e571-4e52-8a73-1c9dce7b9fa7: start RPC server
2019-10-28 11:44:37,477 [Datanode State Machine Thread - 0] INFO  server.GrpcService (GrpcService.java:startImpl(158)) - ce71e9bc-e571-4e52-8a73-1c9dce7b9fa7: GrpcService started, listening on 0.0.0.0/0.0.0.0:36234
2019-10-28 11:44:37,477 [Datanode State Machine Thread - 0] INFO  ratis.XceiverServerRatis (XceiverServerRatis.java:start(428)) - XceiverServerRatis ce71e9bc-e571-4e52-8a73-1c9dce7b9fa7 is started using port 36234
2019-10-28 11:44:37,477 [Datanode State Machine Thread - 0] INFO  server.XceiverServerGrpc (XceiverServerGrpc.java:start(149)) - XceiverServerGrpc ce71e9bc-e571-4e52-8a73-1c9dce7b9fa7 is started using port 40375
2019-10-28 11:44:37,531 [Datanode State Machine Thread - 0] INFO  ozoneimpl.OzoneContainer (OzoneContainer.java:start(213)) - Attempting to start container services.
2019-10-28 11:44:37,533 [Datanode State Machine Thread - 0] INFO  ozoneimpl.OzoneContainer (OzoneContainer.java:startContainerScrub(177)) - Background container scanner has been disabled.
2019-10-28 11:44:37,533 [Datanode State Machine Thread - 0] INFO  ratis.XceiverServerRatis (XceiverServerRatis.java:start(418)) - Starting XceiverServerRatis 24830d12-f44b-43d9-b733-6f9667bbd6c9 at port 0
2019-10-28 11:44:37,730 [Datanode State Machine Thread - 0] INFO  impl.RaftServerProxy (RaftServerProxy.java:lambda$start$3(299)) - 24830d12-f44b-43d9-b733-6f9667bbd6c9: start RPC server
2019-10-28 11:44:37,731 [Datanode State Machine Thread - 0] INFO  server.GrpcService (GrpcService.java:startImpl(158)) - 24830d12-f44b-43d9-b733-6f9667bbd6c9: GrpcService started, listening on 0.0.0.0/0.0.0.0:40613
2019-10-28 11:44:37,731 [Datanode State Machine Thread - 0] INFO  ratis.XceiverServerRatis (XceiverServerRatis.java:start(428)) - XceiverServerRatis 24830d12-f44b-43d9-b733-6f9667bbd6c9 is started using port 40613
2019-10-28 11:44:37,749 [Datanode State Machine Thread - 0] INFO  server.XceiverServerGrpc (XceiverServerGrpc.java:start(149)) - XceiverServerGrpc 24830d12-f44b-43d9-b733-6f9667bbd6c9 is started using port 39126
2019-10-28 11:44:37,749 [Datanode State Machine Thread - 0] INFO  ozoneimpl.OzoneContainer (OzoneContainer.java:start(213)) - Attempting to start container services.
2019-10-28 11:44:37,749 [Datanode State Machine Thread - 0] INFO  ozoneimpl.OzoneContainer (OzoneContainer.java:start(213)) - Attempting to start container services.
2019-10-28 11:44:37,750 [Datanode State Machine Thread - 0] INFO  ozoneimpl.OzoneContainer (OzoneContainer.java:startContainerScrub(177)) - Background container scanner has been disabled.
2019-10-28 11:44:37,750 [Datanode State Machine Thread - 0] INFO  ozoneimpl.OzoneContainer (OzoneContainer.java:startContainerScrub(177)) - Background container scanner has been disabled.
2019-10-28 11:44:37,750 [Datanode State Machine Thread - 0] INFO  ratis.XceiverServerRatis (XceiverServerRatis.java:start(418)) - Starting XceiverServerRatis a480340b-d1a5-4cd0-bc20-ae63b012c3c7 at port 0
2019-10-28 11:44:37,751 [Datanode State Machine Thread - 0] INFO  ratis.XceiverServerRatis (XceiverServerRatis.java:start(418)) - Starting XceiverServerRatis 84f4174e-6bb9-44ab-a36a-6c5af4251c6f at port 0
2019-10-28 11:44:37,765 [Datanode State Machine Thread - 0] INFO  impl.RaftServerProxy (RaftServerProxy.java:lambda$start$3(299)) - a480340b-d1a5-4cd0-bc20-ae63b012c3c7: start RPC server
2019-10-28 11:44:37,766 [Datanode State Machine Thread - 0] INFO  impl.RaftServerProxy (RaftServerProxy.java:lambda$start$3(299)) - 84f4174e-6bb9-44ab-a36a-6c5af4251c6f: start RPC server
2019-10-28 11:44:37,768 [Datanode State Machine Thread - 0] INFO  server.GrpcService (GrpcService.java:startImpl(158)) - a480340b-d1a5-4cd0-bc20-ae63b012c3c7: GrpcService started, listening on 0.0.0.0/0.0.0.0:43902
2019-10-28 11:44:37,768 [Datanode State Machine Thread - 0] INFO  ratis.XceiverServerRatis (XceiverServerRatis.java:start(428)) - XceiverServerRatis a480340b-d1a5-4cd0-bc20-ae63b012c3c7 is started using port 43902
2019-10-28 11:44:37,768 [Datanode State Machine Thread - 0] INFO  server.GrpcService (GrpcService.java:startImpl(158)) - 84f4174e-6bb9-44ab-a36a-6c5af4251c6f: GrpcService started, listening on 0.0.0.0/0.0.0.0:40080
2019-10-28 11:44:37,769 [Datanode State Machine Thread - 0] INFO  ratis.XceiverServerRatis (XceiverServerRatis.java:start(428)) - XceiverServerRatis 84f4174e-6bb9-44ab-a36a-6c5af4251c6f is started using port 40080
2019-10-28 11:44:37,770 [Datanode State Machine Thread - 0] INFO  server.XceiverServerGrpc (XceiverServerGrpc.java:start(149)) - XceiverServerGrpc a480340b-d1a5-4cd0-bc20-ae63b012c3c7 is started using port 41862
2019-10-28 11:44:37,777 [Datanode State Machine Thread - 0] INFO  server.XceiverServerGrpc (XceiverServerGrpc.java:start(149)) - XceiverServerGrpc 84f4174e-6bb9-44ab-a36a-6c5af4251c6f is started using port 34321
2019-10-28 11:44:37,816 [Datanode State Machine Thread - 0] INFO  ozoneimpl.OzoneContainer (OzoneContainer.java:start(213)) - Attempting to start container services.
2019-10-28 11:44:37,816 [Datanode State Machine Thread - 0] INFO  ozoneimpl.OzoneContainer (OzoneContainer.java:startContainerScrub(177)) - Background container scanner has been disabled.
2019-10-28 11:44:37,816 [Datanode State Machine Thread - 0] INFO  ratis.XceiverServerRatis (XceiverServerRatis.java:start(418)) - Starting XceiverServerRatis 66cf3979-81da-4155-81a0-3dd54985f91a at port 0
2019-10-28 11:44:37,823 [Datanode State Machine Thread - 0] INFO  impl.RaftServerProxy (RaftServerProxy.java:lambda$start$3(299)) - 66cf3979-81da-4155-81a0-3dd54985f91a: start RPC server
2019-10-28 11:44:37,827 [Datanode State Machine Thread - 0] INFO  server.GrpcService (GrpcService.java:startImpl(158)) - 66cf3979-81da-4155-81a0-3dd54985f91a: GrpcService started, listening on 0.0.0.0/0.0.0.0:43079
2019-10-28 11:44:37,827 [Datanode State Machine Thread - 0] INFO  ratis.XceiverServerRatis (XceiverServerRatis.java:start(428)) - XceiverServerRatis 66cf3979-81da-4155-81a0-3dd54985f91a is started using port 43079
2019-10-28 11:44:37,827 [Datanode State Machine Thread - 0] INFO  server.XceiverServerGrpc (XceiverServerGrpc.java:start(149)) - XceiverServerGrpc 66cf3979-81da-4155-81a0-3dd54985f91a is started using port 33881
2019-10-28 11:44:37,877 [main] INFO  ozone.MiniOzoneClusterImpl (MiniOzoneClusterImpl.java:lambda$waitForClusterToBeReady$0(147)) - Waiting for cluster to be ready. Got 0 of 10 DN Heartbeats.
2019-10-28 11:44:37,893 [Datanode State Machine Thread - 0] INFO  ozoneimpl.OzoneContainer (OzoneContainer.java:start(213)) - Attempting to start container services.
2019-10-28 11:44:37,893 [Datanode State Machine Thread - 0] INFO  ozoneimpl.OzoneContainer (OzoneContainer.java:startContainerScrub(177)) - Background container scanner has been disabled.
2019-10-28 11:44:37,893 [Datanode State Machine Thread - 0] INFO  ratis.XceiverServerRatis (XceiverServerRatis.java:start(418)) - Starting XceiverServerRatis 8d6128be-fc83-4963-9e93-d652923f883a at port 0
2019-10-28 11:44:37,900 [Datanode State Machine Thread - 0] INFO  impl.RaftServerProxy (RaftServerProxy.java:lambda$start$3(299)) - 8d6128be-fc83-4963-9e93-d652923f883a: start RPC server
2019-10-28 11:44:37,903 [Datanode State Machine Thread - 0] INFO  server.GrpcService (GrpcService.java:startImpl(158)) - 8d6128be-fc83-4963-9e93-d652923f883a: GrpcService started, listening on 0.0.0.0/0.0.0.0:39584
2019-10-28 11:44:37,904 [Datanode State Machine Thread - 0] INFO  ratis.XceiverServerRatis (XceiverServerRatis.java:start(428)) - XceiverServerRatis 8d6128be-fc83-4963-9e93-d652923f883a is started using port 39584
2019-10-28 11:44:37,913 [Datanode State Machine Thread - 0] INFO  server.XceiverServerGrpc (XceiverServerGrpc.java:start(149)) - XceiverServerGrpc 8d6128be-fc83-4963-9e93-d652923f883a is started using port 41607
2019-10-28 11:44:38,878 [main] INFO  ozone.MiniOzoneClusterImpl (MiniOzoneClusterImpl.java:lambda$waitForClusterToBeReady$0(147)) - Waiting for cluster to be ready. Got 0 of 10 DN Heartbeats.
2019-10-28 11:44:39,165 [IPC Server handler 0 on 46118] INFO  net.NetworkTopology (NetworkTopologyImpl.java:add(111)) - Added a new node: /rack1/75159f97-af2c-48a6-bb8f-f5acb2145c35
2019-10-28 11:44:39,168 [IPC Server handler 0 on 46118] INFO  node.SCMNodeManager (SCMNodeManager.java:register(268)) - Registered Data node : 75159f97-af2c-48a6-bb8f-f5acb2145c35{ip: 192.168.164.193, host: pr-hdds-2292-97wmq-4261317731, networkLocation: /rack1, certSerialId: null}
2019-10-28 11:44:39,168 [EventQueue-NodeRegistrationContainerReportForDataNodeSafeModeRule] INFO  safemode.SCMSafeModeManager (DataNodeSafeModeRule.java:process(71)) - SCM in safe mode. 1 DataNodes registered, 1 required.
2019-10-28 11:44:39,170 [EventQueue-NodeRegistrationContainerReportForDataNodeSafeModeRule] INFO  safemode.SCMSafeModeManager (SCMSafeModeManager.java:validateSafeModeExitRules(177)) - ScmSafeModeManager, all rules are successfully validated
2019-10-28 11:44:39,170 [EventQueue-NodeRegistrationContainerReportForDataNodeSafeModeRule] INFO  safemode.SCMSafeModeManager (SCMSafeModeManager.java:exitSafeMode(193)) - SCM exiting safe mode.
2019-10-28 11:44:39,180 [grpc-default-executor-6] INFO  impl.RaftServerProxy (RaftServerProxy.java:addNew(89)) - 75159f97-af2c-48a6-bb8f-f5acb2145c35: addNew group-67305DF784AB:[75159f97-af2c-48a6-bb8f-f5acb2145c35:192.168.164.193:42423] returns group-67305DF784AB:java.util.concurrent.CompletableFuture@4cb2feba[Not completed]
2019-10-28 11:44:39,181 [pool-149-thread-1] INFO  impl.RaftServerImpl (RaftServerImpl.java:<init>(104)) - 75159f97-af2c-48a6-bb8f-f5acb2145c35: new RaftServerImpl for group-67305DF784AB:[75159f97-af2c-48a6-bb8f-f5acb2145c35:192.168.164.193:42423] with ContainerStateMachine:uninitialized
2019-10-28 11:44:39,182 [pool-149-thread-1] INFO  server.RaftServerConfigKeys (ConfUtils.java:logGet(43)) - raft.server.rpc.timeout.min = 1s (custom)
2019-10-28 11:44:39,182 [pool-149-thread-1] INFO  server.RaftServerConfigKeys (ConfUtils.java:logGet(43)) - raft.server.rpc.timeout.max = 1200ms (custom)
2019-10-28 11:44:39,182 [pool-149-thread-1] INFO  server.RaftServerConfigKeys (ConfUtils.java:logGet(43)) - raft.server.rpcslowness.timeout = 120s (custom)
2019-10-28 11:44:39,182 [pool-149-thread-1] INFO  server.RaftServerConfigKeys (ConfUtils.java:logGet(43)) - raft.server.sleep.deviation.threshold = 300 (default)
2019-10-28 11:44:39,182 [pool-149-thread-1] INFO  server.RaftServerConfigKeys (ConfUtils.java:logGet(43)) - raft.server.log.appender.install.snapshot.enabled = false (custom)
2019-10-28 11:44:39,182 [pool-149-thread-1] INFO  impl.RaftServerImpl (ServerState.java:<init>(103)) - 75159f97-af2c-48a6-bb8f-f5acb2145c35@group-67305DF784AB: ConfigurationManager, init=-1: [75159f97-af2c-48a6-bb8f-f5acb2145c35:192.168.164.193:42423], old=null, confs=<EMPTY_MAP>
2019-10-28 11:44:39,182 [pool-149-thread-1] INFO  server.RaftServerConfigKeys (ConfUtils.java:logGet(43)) - raft.server.storage.dir = [/workdir/hadoop-ozone/integration-test/target/test-dir/MiniOzoneClusterImpl-b31733c6-727c-4256-9138-ff5b19d95bfe/datanode-0/data/ratis] (custom)
2019-10-28 11:44:39,183 [pool-149-thread-1] INFO  server.RaftServerConfigKeys (ConfUtils.java:logGet(43)) - raft.server.log.corruption.policy = EXCEPTION (default)
2019-10-28 11:44:39,183 [pool-149-thread-1] INFO  storage.RaftStorageDirectory (RaftStorageDirectory.java:analyzeStorage(246)) - The storage directory /workdir/hadoop-ozone/integration-test/target/test-dir/MiniOzoneClusterImpl-b31733c6-727c-4256-9138-ff5b19d95bfe/datanode-0/data/ratis/aeb06695-0ca0-4e77-b382-67305df784ab does not exist. Creating ...
2019-10-28 11:44:39,209 [pool-149-thread-1] INFO  storage.RaftStorageDirectory (RaftStorageDirectory.java:tryLock(328)) - Lock on /workdir/hadoop-ozone/integration-test/target/test-dir/MiniOzoneClusterImpl-b31733c6-727c-4256-9138-ff5b19d95bfe/datanode-0/data/ratis/aeb06695-0ca0-4e77-b382-67305df784ab/in_use.lock acquired by nodename 8743@pr-hdds-2292-97wmq-4261317731
2019-10-28 11:44:39,226 [pool-149-thread-1] INFO  storage.RaftStorage (RaftStorage.java:format(84)) - Storage directory /workdir/hadoop-ozone/integration-test/target/test-dir/MiniOzoneClusterImpl-b31733c6-727c-4256-9138-ff5b19d95bfe/datanode-0/data/ratis/aeb06695-0ca0-4e77-b382-67305df784ab has been successfully formatted.
2019-10-28 11:44:39,226 [pool-149-thread-1] INFO  ratis.ContainerStateMachine (ContainerStateMachine.java:loadSnapshot(231)) - group-67305DF784AB: The snapshot info is null. Setting the last applied indexto:(t:0, i:~)
2019-10-28 11:44:39,226 [pool-149-thread-1] INFO  server.RaftServerConfigKeys (ConfUtils.java:logGet(43)) - raft.server.notification.no-leader.timeout = 120s (custom)
2019-10-28 11:44:39,226 [pool-149-thread-1] INFO  server.RaftServerConfigKeys (ConfUtils.java:logGet(43)) - raft.server.log.use.memory = false (default)
2019-10-28 11:44:39,227 [pool-149-thread-1] INFO  server.RaftServerConfigKeys (ConfUtils.java:logGet(43)) - raft.server.log.purge.gap = 1000000 (custom)
2019-10-28 11:44:39,227 [pool-149-thread-1] INFO  server.RaftServerConfigKeys (ConfUtils.java:logGet(43)) - raft.server.log.appender.buffer.byte-limit = 33554432 (custom)
2019-10-28 11:44:39,227 [pool-149-thread-1] INFO  server.RaftServerConfigKeys (ConfUtils.java:logGet(43)) - raft.server.log.segment.size.max = 1048576 (custom)
2019-10-28 11:44:39,229 [pool-149-thread-1] INFO  server.RaftServerConfigKeys (ConfUtils.java:logGet(43)) - raft.server.log.segment.cache.num.max = 2 (custom)
2019-10-28 11:44:39,230 [pool-149-thread-1] INFO  segmented.SegmentedRaftLogWorker (SegmentedRaftLogWorker.java:<init>(173)) - new 75159f97-af2c-48a6-bb8f-f5acb2145c35@group-67305DF784AB-SegmentedRaftLogWorker for RaftStorage:Storage Directory /workdir/hadoop-ozone/integration-test/target/test-dir/MiniOzoneClusterImpl-b31733c6-727c-4256-9138-ff5b19d95bfe/datanode-0/data/ratis/aeb06695-0ca0-4e77-b382-67305df784ab
2019-10-28 11:44:39,230 [pool-149-thread-1] INFO  server.RaftServerConfigKeys (ConfUtils.java:logGet(43)) - raft.server.log.queue.byte-limit = 2147483647 (custom)
2019-10-28 11:44:39,230 [pool-149-thread-1] INFO  server.RaftServerConfigKeys (ConfUtils.java:logGet(43)) - raft.server.log.queue.element-limit = 1024 (custom)
2019-10-28 11:44:39,230 [pool-149-thread-1] INFO  server.RaftServerConfigKeys (ConfUtils.java:logGet(43)) - raft.server.log.segment.size.max = 1048576 (custom)
2019-10-28 11:44:39,230 [pool-149-thread-1] INFO  server.RaftServerConfigKeys (ConfUtils.java:logGet(43)) - raft.server.log.preallocated.size = 16384 (custom)
2019-10-28 11:44:39,230 [pool-149-thread-1] INFO  server.RaftServerConfigKeys (ConfUtils.java:logGet(43)) - raft.server.log.write.buffer.size = 33554432 (custom)
2019-10-28 11:44:39,230 [pool-149-thread-1] INFO  server.RaftServerConfigKeys (ConfUtils.java:logGet(43)) - raft.server.log.force.sync.num = 128 (default)
2019-10-28 11:44:39,230 [pool-149-thread-1] INFO  server.RaftServerConfigKeys (ConfUtils.java:logGet(43)) - raft.server.log.statemachine.data.sync = true (default)
2019-10-28 11:44:39,231 [pool-149-thread-1] INFO  server.RaftServerConfigKeys (ConfUtils.java:logGet(43)) - raft.server.log.statemachine.data.sync.timeout = 10s (default)
2019-10-28 11:44:39,231 [pool-149-thread-1] INFO  server.RaftServerConfigKeys (ConfUtils.java:logGet(43)) - raft.server.log.statemachine.data.sync.timeout.retry = -1 (default)
2019-10-28 11:44:39,231 [pool-149-thread-1] INFO  server.RaftServerConfigKeys (ConfUtils.java:logGet(43)) - raft.server.log.statemachine.data.caching.enabled = true (custom)
2019-10-28 11:44:39,231 [pool-149-thread-1] INFO  segmented.SegmentedRaftLogWorker (SegmentedRaftLogWorker.java:lambda$new$0(128)) - 75159f97-af2c-48a6-bb8f-f5acb2145c35@group-67305DF784AB-SegmentedRaftLogWorker: flushIndex: setUnconditionally 0 -> -1
2019-10-28 11:44:39,232 [pool-149-thread-1] INFO  server.RaftServerConfigKeys (ConfUtils.java:logGet(43)) - raft.server.snapshot.auto.trigger.enabled = true (custom)
2019-10-28 11:44:39,232 [pool-149-thread-1] INFO  server.RaftServerConfigKeys (ConfUtils.java:logGet(43)) - raft.server.snapshot.auto.trigger.threshold = 10000 (custom)
2019-10-28 11:44:39,232 [pool-149-thread-1] INFO  server.RaftServerConfigKeys (ConfUtils.java:logGet(43)) - raft.server.snapshot.retention.file.num = 5 (custom)
2019-10-28 11:44:39,232 [pool-149-thread-1] INFO  server.RaftServerConfigKeys (ConfUtils.java:logGet(43)) - raft.server.retrycache.expirytime = 600000ms (custom)
2019-10-28 11:44:39,233 [IPC Server handler 1 on 46118] INFO  net.NetworkTopology (NetworkTopologyImpl.java:add(111)) - Added a new node: /rack1/03d0ba9c-9a68-4db9-a306-0d67556dce53
2019-10-28 11:44:39,233 [IPC Server handler 1 on 46118] INFO  node.SCMNodeManager (SCMNodeManager.java:register(268)) - Registered Data node : 03d0ba9c-9a68-4db9-a306-0d67556dce53{ip: 192.168.164.193, host: pr-hdds-2292-97wmq-4261317731, networkLocation: /rack1, certSerialId: null}
2019-10-28 11:44:39,236 [pool-149-thread-1] INFO  impl.RaftServerImpl (RaftServerImpl.java:start(195)) - 75159f97-af2c-48a6-bb8f-f5acb2145c35@group-67305DF784AB: start as a follower, conf=-1: [75159f97-af2c-48a6-bb8f-f5acb2145c35:192.168.164.193:42423], old=null
2019-10-28 11:44:39,236 [pool-149-thread-1] INFO  impl.RaftServerImpl (RaftServerImpl.java:setRole(184)) - 75159f97-af2c-48a6-bb8f-f5acb2145c35@group-67305DF784AB: changes role from      null to FOLLOWER at term 0 for startAsFollower
2019-10-28 11:44:39,236 [pool-149-thread-1] INFO  impl.RoleInfo (RoleInfo.java:updateAndGet(143)) - 75159f97-af2c-48a6-bb8f-f5acb2145c35: start FollowerState
2019-10-28 11:44:39,245 [Thread-1296] INFO  impl.FollowerState (FollowerState.java:run(108)) - 75159f97-af2c-48a6-bb8f-f5acb2145c35@group-67305DF784AB-FollowerState: change to CANDIDATE, lastRpcTime:9ms, electionTimeout:2ms
2019-10-28 11:44:39,245 [pool-149-thread-1] INFO  util.JmxRegister (JmxRegister.java:tryRegister(44)) - Successfully registered JMX Bean with object name Ratis:service=RaftServer,group=group-67305DF784AB,id=75159f97-af2c-48a6-bb8f-f5acb2145c35
2019-10-28 11:44:39,246 [Thread-1296] INFO  impl.RoleInfo (RoleInfo.java:shutdownFollowerState(121)) - 75159f97-af2c-48a6-bb8f-f5acb2145c35: shutdown FollowerState
2019-10-28 11:44:39,246 [Thread-1296] INFO  impl.RaftServerImpl (RaftServerImpl.java:setRole(184)) - 75159f97-af2c-48a6-bb8f-f5acb2145c35@group-67305DF784AB: changes role from  FOLLOWER to CANDIDATE at term 0 for changeToCandidate
2019-10-28 11:44:39,246 [Thread-1296] INFO  impl.RoleInfo (RoleInfo.java:updateAndGet(143)) - 75159f97-af2c-48a6-bb8f-f5acb2145c35: start LeaderElection
2019-10-28 11:44:39,277 [75159f97-af2c-48a6-bb8f-f5acb2145c35@group-67305DF784AB-LeaderElection24] INFO  impl.LeaderElection (LeaderElection.java:askForVotes(178)) - 75159f97-af2c-48a6-bb8f-f5acb2145c35@group-67305DF784AB-LeaderElection24: begin an election at term 1 for -1: [75159f97-af2c-48a6-bb8f-f5acb2145c35:192.168.164.193:42423], old=null
2019-10-28 11:44:39,278 [75159f97-af2c-48a6-bb8f-f5acb2145c35@group-67305DF784AB-LeaderElection24] INFO  impl.RoleInfo (RoleInfo.java:shutdownLeaderElection(134)) - 75159f97-af2c-48a6-bb8f-f5acb2145c35: shutdown LeaderElection
2019-10-28 11:44:39,278 [75159f97-af2c-48a6-bb8f-f5acb2145c35@group-67305DF784AB-LeaderElection24] INFO  impl.RaftServerImpl (RaftServerImpl.java:setRole(184)) - 75159f97-af2c-48a6-bb8f-f5acb2145c35@group-67305DF784AB: changes role from CANDIDATE to LEADER at term 1 for changeToLeader
2019-10-28 11:44:39,278 [75159f97-af2c-48a6-bb8f-f5acb2145c35@group-67305DF784AB-LeaderElection24] INFO  impl.RaftServerImpl (ServerState.java:setLeader(256)) - 75159f97-af2c-48a6-bb8f-f5acb2145c35@group-67305DF784AB: change Leader from null to 75159f97-af2c-48a6-bb8f-f5acb2145c35 at term 1 for becomeLeader, leader elected after 51ms
2019-10-28 11:44:39,278 [RatisPipelineUtilsThread] INFO  pipeline.PipelineStateManager (PipelineStateManager.java:addPipeline(56)) - Created pipeline Pipeline[ Id: aeb06695-0ca0-4e77-b382-67305df784ab, Nodes: 75159f97-af2c-48a6-bb8f-f5acb2145c35{ip: 192.168.164.193, host: pr-hdds-2292-97wmq-4261317731, networkLocation: /rack1, certSerialId: null}, Type:RATIS, Factor:ONE, State:OPEN]
2019-10-28 11:44:39,278 [75159f97-af2c-48a6-bb8f-f5acb2145c35@group-67305DF784AB-LeaderElection24] INFO  server.RaftServerConfigKeys (ConfUtils.java:logGet(43)) - raft.server.staging.catchup.gap = 1000 (default)
2019-10-28 11:44:39,278 [75159f97-af2c-48a6-bb8f-f5acb2145c35@group-67305DF784AB-LeaderElection24] INFO  server.RaftServerConfigKeys (ConfUtils.java:logGet(43)) - raft.server.rpc.sleep.time = 25ms (default)
2019-10-28 11:44:39,279 [75159f97-af2c-48a6-bb8f-f5acb2145c35@group-67305DF784AB-LeaderElection24] INFO  server.RaftServerConfigKeys (ConfUtils.java:logGet(43)) - raft.server.write.element-limit = 4096 (default)
2019-10-28 11:44:39,279 [75159f97-af2c-48a6-bb8f-f5acb2145c35@group-67305DF784AB-LeaderElection24] INFO  server.RaftServerConfigKeys (ConfUtils.java:logGet(43)) - raft.server.watch.timeout = 10s (default)
2019-10-28 11:44:39,279 [75159f97-af2c-48a6-bb8f-f5acb2145c35@group-67305DF784AB-LeaderElection24] INFO  server.RaftServerConfigKeys (ConfUtils.java:logGet(43)) - raft.server.watch.timeout.denomination = 1s (default)
2019-10-28 11:44:39,279 [75159f97-af2c-48a6-bb8f-f5acb2145c35@group-67305DF784AB-LeaderElection24] INFO  server.RaftServerConfigKeys (ConfUtils.java:logGet(43)) - raft.server.watch.element-limit = 65536 (default)
2019-10-28 11:44:39,283 [75159f97-af2c-48a6-bb8f-f5acb2145c35@group-67305DF784AB-LeaderElection24] INFO  impl.RoleInfo (RoleInfo.java:updateAndGet(143)) - 75159f97-af2c-48a6-bb8f-f5acb2145c35: start LeaderState
2019-10-28 11:44:39,286 [grpc-default-executor-6] INFO  impl.RaftServerProxy (RaftServerProxy.java:addNew(89)) - 03d0ba9c-9a68-4db9-a306-0d67556dce53: addNew group-A3FB2D5161E8:[03d0ba9c-9a68-4db9-a306-0d67556dce53:192.168.164.193:33662] returns group-A3FB2D5161E8:java.util.concurrent.CompletableFuture@5da0f63b[Not completed]
2019-10-28 11:44:39,286 [75159f97-af2c-48a6-bb8f-f5acb2145c35@group-67305DF784AB-LeaderElection24] INFO  segmented.SegmentedRaftLogWorker (SegmentedRaftLogWorker.java:startLogSegment(385)) - 75159f97-af2c-48a6-bb8f-f5acb2145c35@group-67305DF784AB-SegmentedRaftLogWorker: Starting segment from index:0
2019-10-28 11:44:39,286 [75159f97-af2c-48a6-bb8f-f5acb2145c35@group-67305DF784AB-LeaderElection24] INFO  impl.RaftServerImpl (ServerState.java:setRaftConf(357)) - 75159f97-af2c-48a6-bb8f-f5acb2145c35@group-67305DF784AB: set configuration 0: [75159f97-af2c-48a6-bb8f-f5acb2145c35:192.168.164.193:42423], old=null at 0
2019-10-28 11:44:39,289 [pool-159-thread-1] INFO  impl.RaftServerImpl (RaftServerImpl.java:<init>(104)) - 03d0ba9c-9a68-4db9-a306-0d67556dce53: new RaftServerImpl for group-A3FB2D5161E8:[03d0ba9c-9a68-4db9-a306-0d67556dce53:192.168.164.193:33662] with ContainerStateMachine:uninitialized
2019-10-28 11:44:39,289 [pool-159-thread-1] INFO  server.RaftServerConfigKeys (ConfUtils.java:logGet(43)) - raft.server.rpc.timeout.min = 1s (custom)
2019-10-28 11:44:39,289 [pool-159-thread-1] INFO  server.RaftServerConfigKeys (ConfUtils.java:logGet(43)) - raft.server.rpc.timeout.max = 1200ms (custom)
2019-10-28 11:44:39,289 [pool-159-thread-1] INFO  server.RaftServerConfigKeys (ConfUtils.java:logGet(43)) - raft.server.rpcslowness.timeout = 120s (custom)
2019-10-28 11:44:39,290 [pool-159-thread-1] INFO  server.RaftServerConfigKeys (ConfUtils.java:logGet(43)) - raft.server.sleep.deviation.threshold = 300 (default)
2019-10-28 11:44:39,290 [pool-159-thread-1] INFO  server.RaftServerConfigKeys (ConfUtils.java:logGet(43)) - raft.server.log.appender.install.snapshot.enabled = false (custom)
2019-10-28 11:44:39,290 [pool-159-thread-1] INFO  impl.RaftServerImpl (ServerState.java:<init>(103)) - 03d0ba9c-9a68-4db9-a306-0d67556dce53@group-A3FB2D5161E8: ConfigurationManager, init=-1: [03d0ba9c-9a68-4db9-a306-0d67556dce53:192.168.164.193:33662], old=null, confs=<EMPTY_MAP>
2019-10-28 11:44:39,290 [pool-159-thread-1] INFO  server.RaftServerConfigKeys (ConfUtils.java:logGet(43)) - raft.server.storage.dir = [/workdir/hadoop-ozone/integration-test/target/test-dir/MiniOzoneClusterImpl-b31733c6-727c-4256-9138-ff5b19d95bfe/datanode-1/data/ratis] (custom)
2019-10-28 11:44:39,290 [pool-159-thread-1] INFO  server.RaftServerConfigKeys (ConfUtils.java:logGet(43)) - raft.server.log.corruption.policy = EXCEPTION (default)
2019-10-28 11:44:39,291 [pool-159-thread-1] INFO  storage.RaftStorageDirectory (RaftStorageDirectory.java:analyzeStorage(246)) - The storage directory /workdir/hadoop-ozone/integration-test/target/test-dir/MiniOzoneClusterImpl-b31733c6-727c-4256-9138-ff5b19d95bfe/datanode-1/data/ratis/8495c20c-1d8a-4070-8824-a3fb2d5161e8 does not exist. Creating ...
2019-10-28 11:44:39,303 [pool-159-thread-1] INFO  storage.RaftStorageDirectory (RaftStorageDirectory.java:tryLock(328)) - Lock on /workdir/hadoop-ozone/integration-test/target/test-dir/MiniOzoneClusterImpl-b31733c6-727c-4256-9138-ff5b19d95bfe/datanode-1/data/ratis/8495c20c-1d8a-4070-8824-a3fb2d5161e8/in_use.lock acquired by nodename 8743@pr-hdds-2292-97wmq-4261317731
2019-10-28 11:44:39,305 [IPC Server handler 4 on 46118] INFO  net.NetworkTopology (NetworkTopologyImpl.java:add(111)) - Added a new node: /rack1/21e5d428-bfa8-41d9-bec1-e8e8886ad03a
2019-10-28 11:44:39,306 [IPC Server handler 4 on 46118] INFO  node.SCMNodeManager (SCMNodeManager.java:register(268)) - Registered Data node : 21e5d428-bfa8-41d9-bec1-e8e8886ad03a{ip: 192.168.164.193, host: pr-hdds-2292-97wmq-4261317731, networkLocation: /rack1, certSerialId: null}
2019-10-28 11:44:39,319 [75159f97-af2c-48a6-bb8f-f5acb2145c35@group-67305DF784AB-SegmentedRaftLogWorker] INFO  segmented.SegmentedRaftLogWorker (SegmentedRaftLogWorker.java:execute(576)) - 75159f97-af2c-48a6-bb8f-f5acb2145c35@group-67305DF784AB-SegmentedRaftLogWorker: created new log segment /workdir/hadoop-ozone/integration-test/target/test-dir/MiniOzoneClusterImpl-b31733c6-727c-4256-9138-ff5b19d95bfe/datanode-0/data/ratis/aeb06695-0ca0-4e77-b382-67305df784ab/current/log_inprogress_0
2019-10-28 11:44:39,319 [pool-159-thread-1] INFO  storage.RaftStorage (RaftStorage.java:format(84)) - Storage directory /workdir/hadoop-ozone/integration-test/target/test-dir/MiniOzoneClusterImpl-b31733c6-727c-4256-9138-ff5b19d95bfe/datanode-1/data/ratis/8495c20c-1d8a-4070-8824-a3fb2d5161e8 has been successfully formatted.
2019-10-28 11:44:39,319 [pool-159-thread-1] INFO  ratis.ContainerStateMachine (ContainerStateMachine.java:loadSnapshot(231)) - group-A3FB2D5161E8: The snapshot info is null. Setting the last applied indexto:(t:0, i:~)
2019-10-28 11:44:39,319 [pool-159-thread-1] INFO  server.RaftServerConfigKeys (ConfUtils.java:logGet(43)) - raft.server.notification.no-leader.timeout = 120s (custom)
2019-10-28 11:44:39,320 [pool-159-thread-1] INFO  server.RaftServerConfigKeys (ConfUtils.java:logGet(43)) - raft.server.log.use.memory = false (default)
2019-10-28 11:44:39,320 [pool-159-thread-1] INFO  server.RaftServerConfigKeys (ConfUtils.java:logGet(43)) - raft.server.log.purge.gap = 1000000 (custom)
2019-10-28 11:44:39,320 [pool-159-thread-1] INFO  server.RaftServerConfigKeys (ConfUtils.java:logGet(43)) - raft.server.log.appender.buffer.byte-limit = 33554432 (custom)
2019-10-28 11:44:39,320 [pool-159-thread-1] INFO  server.RaftServerConfigKeys (ConfUtils.java:logGet(43)) - raft.server.log.segment.size.max = 1048576 (custom)
2019-10-28 11:44:39,322 [pool-159-thread-1] INFO  server.RaftServerConfigKeys (ConfUtils.java:logGet(43)) - raft.server.log.segment.cache.num.max = 2 (custom)
2019-10-28 11:44:39,323 [pool-159-thread-1] INFO  segmented.SegmentedRaftLogWorker (SegmentedRaftLogWorker.java:<init>(173)) - new 03d0ba9c-9a68-4db9-a306-0d67556dce53@group-A3FB2D5161E8-SegmentedRaftLogWorker for RaftStorage:Storage Directory /workdir/hadoop-ozone/integration-test/target/test-dir/MiniOzoneClusterImpl-b31733c6-727c-4256-9138-ff5b19d95bfe/datanode-1/data/ratis/8495c20c-1d8a-4070-8824-a3fb2d5161e8
2019-10-28 11:44:39,323 [pool-159-thread-1] INFO  server.RaftServerConfigKeys (ConfUtils.java:logGet(43)) - raft.server.log.queue.byte-limit = 2147483647 (custom)
2019-10-28 11:44:39,323 [pool-159-thread-1] INFO  server.RaftServerConfigKeys (ConfUtils.java:logGet(43)) - raft.server.log.queue.element-limit = 1024 (custom)
2019-10-28 11:44:39,323 [pool-159-thread-1] INFO  server.RaftServerConfigKeys (ConfUtils.java:logGet(43)) - raft.server.log.segment.size.max = 1048576 (custom)
2019-10-28 11:44:39,323 [pool-159-thread-1] INFO  server.RaftServerConfigKeys (ConfUtils.java:logGet(43)) - raft.server.log.preallocated.size = 16384 (custom)
2019-10-28 11:44:39,323 [pool-159-thread-1] INFO  server.RaftServerConfigKeys (ConfUtils.java:logGet(43)) - raft.server.log.write.buffer.size = 33554432 (custom)
2019-10-28 11:44:39,324 [pool-159-thread-1] INFO  server.RaftServerConfigKeys (ConfUtils.java:logGet(43)) - raft.server.log.force.sync.num = 128 (default)
2019-10-28 11:44:39,324 [pool-159-thread-1] INFO  server.RaftServerConfigKeys (ConfUtils.java:logGet(43)) - raft.server.log.statemachine.data.sync = true (default)
2019-10-28 11:44:39,324 [pool-159-thread-1] INFO  server.RaftServerConfigKeys (ConfUtils.java:logGet(43)) - raft.server.log.statemachine.data.sync.timeout = 10s (default)
2019-10-28 11:44:39,324 [pool-159-thread-1] INFO  server.RaftServerConfigKeys (ConfUtils.java:logGet(43)) - raft.server.log.statemachine.data.sync.timeout.retry = -1 (default)
2019-10-28 11:44:39,325 [pool-159-thread-1] INFO  server.RaftServerConfigKeys (ConfUtils.java:logGet(43)) - raft.server.log.statemachine.data.caching.enabled = true (custom)
2019-10-28 11:44:39,325 [pool-159-thread-1] INFO  segmented.SegmentedRaftLogWorker (SegmentedRaftLogWorker.java:lambda$new$0(128)) - 03d0ba9c-9a68-4db9-a306-0d67556dce53@group-A3FB2D5161E8-SegmentedRaftLogWorker: flushIndex: setUnconditionally 0 -> -1
2019-10-28 11:44:39,325 [pool-159-thread-1] INFO  server.RaftServerConfigKeys (ConfUtils.java:logGet(43)) - raft.server.snapshot.auto.trigger.enabled = true (custom)
2019-10-28 11:44:39,325 [pool-159-thread-1] INFO  server.RaftServerConfigKeys (ConfUtils.java:logGet(43)) - raft.server.snapshot.auto.trigger.threshold = 10000 (custom)
2019-10-28 11:44:39,325 [pool-159-thread-1] INFO  server.RaftServerConfigKeys (ConfUtils.java:logGet(43)) - raft.server.snapshot.retention.file.num = 5 (custom)
2019-10-28 11:44:39,326 [pool-159-thread-1] INFO  server.RaftServerConfigKeys (ConfUtils.java:logGet(43)) - raft.server.retrycache.expirytime = 600000ms (custom)
2019-10-28 11:44:39,329 [pool-159-thread-1] INFO  impl.RaftServerImpl (RaftServerImpl.java:start(195)) - 03d0ba9c-9a68-4db9-a306-0d67556dce53@group-A3FB2D5161E8: start as a follower, conf=-1: [03d0ba9c-9a68-4db9-a306-0d67556dce53:192.168.164.193:33662], old=null
2019-10-28 11:44:39,329 [pool-159-thread-1] INFO  impl.RaftServerImpl (RaftServerImpl.java:setRole(184)) - 03d0ba9c-9a68-4db9-a306-0d67556dce53@group-A3FB2D5161E8: changes role from      null to FOLLOWER at term 0 for startAsFollower
2019-10-28 11:44:39,329 [pool-159-thread-1] INFO  impl.RoleInfo (RoleInfo.java:updateAndGet(143)) - 03d0ba9c-9a68-4db9-a306-0d67556dce53: start FollowerState
2019-10-28 11:44:39,329 [pool-159-thread-1] INFO  util.JmxRegister (JmxRegister.java:tryRegister(44)) - Successfully registered JMX Bean with object name Ratis:service=RaftServer,group=group-A3FB2D5161E8,id=03d0ba9c-9a68-4db9-a306-0d67556dce53
2019-10-28 11:44:39,336 [RatisPipelineUtilsThread] INFO  pipeline.PipelineStateManager (PipelineStateManager.java:addPipeline(56)) - Created pipeline Pipeline[ Id: 8495c20c-1d8a-4070-8824-a3fb2d5161e8, Nodes: 03d0ba9c-9a68-4db9-a306-0d67556dce53{ip: 192.168.164.193, host: pr-hdds-2292-97wmq-4261317731, networkLocation: /rack1, certSerialId: null}, Type:RATIS, Factor:ONE, State:OPEN]
2019-10-28 11:44:39,343 [grpc-default-executor-6] INFO  impl.RaftServerProxy (RaftServerProxy.java:addNew(89)) - 21e5d428-bfa8-41d9-bec1-e8e8886ad03a: addNew group-DA45AA3847EA:[21e5d428-bfa8-41d9-bec1-e8e8886ad03a:192.168.164.193:40834] returns group-DA45AA3847EA:java.util.concurrent.CompletableFuture@411ceb1c[Not completed]
2019-10-28 11:44:39,344 [pool-169-thread-1] INFO  impl.RaftServerImpl (RaftServerImpl.java:<init>(104)) - 21e5d428-bfa8-41d9-bec1-e8e8886ad03a: new RaftServerImpl for group-DA45AA3847EA:[21e5d428-bfa8-41d9-bec1-e8e8886ad03a:192.168.164.193:40834] with ContainerStateMachine:uninitialized
2019-10-28 11:44:39,344 [pool-169-thread-1] INFO  server.RaftServerConfigKeys (ConfUtils.java:logGet(43)) - raft.server.rpc.timeout.min = 1s (custom)
2019-10-28 11:44:39,344 [pool-169-thread-1] INFO  server.RaftServerConfigKeys (ConfUtils.java:logGet(43)) - raft.server.rpc.timeout.max = 1200ms (custom)
2019-10-28 11:44:39,344 [pool-169-thread-1] INFO  server.RaftServerConfigKeys (ConfUtils.java:logGet(43)) - raft.server.rpcslowness.timeout = 120s (custom)
2019-10-28 11:44:39,345 [pool-169-thread-1] INFO  server.RaftServerConfigKeys (ConfUtils.java:logGet(43)) - raft.server.sleep.deviation.threshold = 300 (default)
2019-10-28 11:44:39,345 [pool-169-thread-1] INFO  server.RaftServerConfigKeys (ConfUtils.java:logGet(43)) - raft.server.log.appender.install.snapshot.enabled = false (custom)
2019-10-28 11:44:39,345 [pool-169-thread-1] INFO  impl.RaftServerImpl (ServerState.java:<init>(103)) - 21e5d428-bfa8-41d9-bec1-e8e8886ad03a@group-DA45AA3847EA: ConfigurationManager, init=-1: [21e5d428-bfa8-41d9-bec1-e8e8886ad03a:192.168.164.193:40834], old=null, confs=<EMPTY_MAP>
2019-10-28 11:44:39,345 [pool-169-thread-1] INFO  server.RaftServerConfigKeys (ConfUtils.java:logGet(43)) - raft.server.storage.dir = [/workdir/hadoop-ozone/integration-test/target/test-dir/MiniOzoneClusterImpl-b31733c6-727c-4256-9138-ff5b19d95bfe/datanode-2/data/ratis] (custom)
2019-10-28 11:44:39,345 [pool-169-thread-1] INFO  server.RaftServerConfigKeys (ConfUtils.java:logGet(43)) - raft.server.log.corruption.policy = EXCEPTION (default)
2019-10-28 11:44:39,345 [pool-169-thread-1] INFO  storage.RaftStorageDirectory (RaftStorageDirectory.java:analyzeStorage(246)) - The storage directory /workdir/hadoop-ozone/integration-test/target/test-dir/MiniOzoneClusterImpl-b31733c6-727c-4256-9138-ff5b19d95bfe/datanode-2/data/ratis/c7189e93-09f1-4a2f-880b-da45aa3847ea does not exist. Creating ...
2019-10-28 11:44:39,359 [pool-169-thread-1] INFO  storage.RaftStorageDirectory (RaftStorageDirectory.java:tryLock(328)) - Lock on /workdir/hadoop-ozone/integration-test/target/test-dir/MiniOzoneClusterImpl-b31733c6-727c-4256-9138-ff5b19d95bfe/datanode-2/data/ratis/c7189e93-09f1-4a2f-880b-da45aa3847ea/in_use.lock acquired by nodename 8743@pr-hdds-2292-97wmq-4261317731
2019-10-28 11:44:39,377 [IPC Server handler 5 on 46118] INFO  net.NetworkTopology (NetworkTopologyImpl.java:add(111)) - Added a new node: /rack1/31ceb61f-dd6d-4279-87bc-0b070a534ff8
2019-10-28 11:44:39,377 [IPC Server handler 5 on 46118] INFO  node.SCMNodeManager (SCMNodeManager.java:register(268)) - Registered Data node : 31ceb61f-dd6d-4279-87bc-0b070a534ff8{ip: 192.168.164.193, host: pr-hdds-2292-97wmq-4261317731, networkLocation: /rack1, certSerialId: null}
2019-10-28 11:44:39,384 [pool-169-thread-1] INFO  storage.RaftStorage (RaftStorage.java:format(84)) - Storage directory /workdir/hadoop-ozone/integration-test/target/test-dir/MiniOzoneClusterImpl-b31733c6-727c-4256-9138-ff5b19d95bfe/datanode-2/data/ratis/c7189e93-09f1-4a2f-880b-da45aa3847ea has been successfully formatted.
2019-10-28 11:44:39,385 [pool-169-thread-1] INFO  ratis.ContainerStateMachine (ContainerStateMachine.java:loadSnapshot(231)) - group-DA45AA3847EA: The snapshot info is null. Setting the last applied indexto:(t:0, i:~)
2019-10-28 11:44:39,385 [pool-169-thread-1] INFO  server.RaftServerConfigKeys (ConfUtils.java:logGet(43)) - raft.server.notification.no-leader.timeout = 120s (custom)
2019-10-28 11:44:39,385 [pool-169-thread-1] INFO  server.RaftServerConfigKeys (ConfUtils.java:logGet(43)) - raft.server.log.use.memory = false (default)
2019-10-28 11:44:39,385 [pool-169-thread-1] INFO  server.RaftServerConfigKeys (ConfUtils.java:logGet(43)) - raft.server.log.purge.gap = 1000000 (custom)
2019-10-28 11:44:39,385 [pool-169-thread-1] INFO  server.RaftServerConfigKeys (ConfUtils.java:logGet(43)) - raft.server.log.appender.buffer.byte-limit = 33554432 (custom)
2019-10-28 11:44:39,385 [pool-169-thread-1] INFO  server.RaftServerConfigKeys (ConfUtils.java:logGet(43)) - raft.server.log.segment.size.max = 1048576 (custom)
2019-10-28 11:44:39,387 [pool-169-thread-1] INFO  server.RaftServerConfigKeys (ConfUtils.java:logGet(43)) - raft.server.log.segment.cache.num.max = 2 (custom)
2019-10-28 11:44:39,387 [pool-169-thread-1] INFO  segmented.SegmentedRaftLogWorker (SegmentedRaftLogWorker.java:<init>(173)) - new 21e5d428-bfa8-41d9-bec1-e8e8886ad03a@group-DA45AA3847EA-SegmentedRaftLogWorker for RaftStorage:Storage Directory /workdir/hadoop-ozone/integration-test/target/test-dir/MiniOzoneClusterImpl-b31733c6-727c-4256-9138-ff5b19d95bfe/datanode-2/data/ratis/c7189e93-09f1-4a2f-880b-da45aa3847ea
2019-10-28 11:44:39,387 [pool-169-thread-1] INFO  server.RaftServerConfigKeys (ConfUtils.java:logGet(43)) - raft.server.log.queue.byte-limit = 2147483647 (custom)
2019-10-28 11:44:39,387 [pool-169-thread-1] INFO  server.RaftServerConfigKeys (ConfUtils.java:logGet(43)) - raft.server.log.queue.element-limit = 1024 (custom)
2019-10-28 11:44:39,387 [pool-169-thread-1] INFO  server.RaftServerConfigKeys (ConfUtils.java:logGet(43)) - raft.server.log.segment.size.max = 1048576 (custom)
2019-10-28 11:44:39,387 [pool-169-thread-1] INFO  server.RaftServerConfigKeys (ConfUtils.java:logGet(43)) - raft.server.log.preallocated.size = 16384 (custom)
2019-10-28 11:44:39,387 [pool-169-thread-1] INFO  server.RaftServerConfigKeys (ConfUtils.java:logGet(43)) - raft.server.log.write.buffer.size = 33554432 (custom)
2019-10-28 11:44:39,387 [pool-169-thread-1] INFO  server.RaftServerConfigKeys (ConfUtils.java:logGet(43)) - raft.server.log.force.sync.num = 128 (default)
2019-10-28 11:44:39,387 [pool-169-thread-1] INFO  server.RaftServerConfigKeys (ConfUtils.java:logGet(43)) - raft.server.log.statemachine.data.sync = true (default)
2019-10-28 11:44:39,387 [pool-169-thread-1] INFO  server.RaftServerConfigKeys (ConfUtils.java:logGet(43)) - raft.server.log.statemachine.data.sync.timeout = 10s (default)
2019-10-28 11:44:39,387 [pool-169-thread-1] INFO  server.RaftServerConfigKeys (ConfUtils.java:logGet(43)) - raft.server.log.statemachine.data.sync.timeout.retry = -1 (default)
2019-10-28 11:44:39,388 [pool-169-thread-1] INFO  server.RaftServerConfigKeys (ConfUtils.java:logGet(43)) - raft.server.log.statemachine.data.caching.enabled = true (custom)
2019-10-28 11:44:39,388 [pool-169-thread-1] INFO  segmented.SegmentedRaftLogWorker (SegmentedRaftLogWorker.java:lambda$new$0(128)) - 21e5d428-bfa8-41d9-bec1-e8e8886ad03a@group-DA45AA3847EA-SegmentedRaftLogWorker: flushIndex: setUnconditionally 0 -> -1
2019-10-28 11:44:39,388 [pool-169-thread-1] INFO  server.RaftServerConfigKeys (ConfUtils.java:logGet(43)) - raft.server.snapshot.auto.trigger.enabled = true (custom)
2019-10-28 11:44:39,388 [pool-169-thread-1] INFO  server.RaftServerConfigKeys (ConfUtils.java:logGet(43)) - raft.server.snapshot.auto.trigger.threshold = 10000 (custom)
2019-10-28 11:44:39,388 [pool-169-thread-1] INFO  server.RaftServerConfigKeys (ConfUtils.java:logGet(43)) - raft.server.snapshot.retention.file.num = 5 (custom)
2019-10-28 11:44:39,389 [pool-169-thread-1] INFO  server.RaftServerConfigKeys (ConfUtils.java:logGet(43)) - raft.server.retrycache.expirytime = 600000ms (custom)
2019-10-28 11:44:39,391 [pool-169-thread-1] INFO  impl.RaftServerImpl (RaftServerImpl.java:start(195)) - 21e5d428-bfa8-41d9-bec1-e8e8886ad03a@group-DA45AA3847EA: start as a follower, conf=-1: [21e5d428-bfa8-41d9-bec1-e8e8886ad03a:192.168.164.193:40834], old=null
2019-10-28 11:44:39,391 [pool-169-thread-1] INFO  impl.RaftServerImpl (RaftServerImpl.java:setRole(184)) - 21e5d428-bfa8-41d9-bec1-e8e8886ad03a@group-DA45AA3847EA: changes role from      null to FOLLOWER at term 0 for startAsFollower
2019-10-28 11:44:39,391 [pool-169-thread-1] INFO  impl.RoleInfo (RoleInfo.java:updateAndGet(143)) - 21e5d428-bfa8-41d9-bec1-e8e8886ad03a: start FollowerState
2019-10-28 11:44:39,391 [pool-169-thread-1] INFO  util.JmxRegister (JmxRegister.java:tryRegister(44)) - Successfully registered JMX Bean with object name Ratis:service=RaftServer,group=group-DA45AA3847EA,id=21e5d428-bfa8-41d9-bec1-e8e8886ad03a
2019-10-28 11:44:39,397 [RatisPipelineUtilsThread] INFO  pipeline.PipelineStateManager (PipelineStateManager.java:addPipeline(56)) - Created pipeline Pipeline[ Id: c7189e93-09f1-4a2f-880b-da45aa3847ea, Nodes: 21e5d428-bfa8-41d9-bec1-e8e8886ad03a{ip: 192.168.164.193, host: pr-hdds-2292-97wmq-4261317731, networkLocation: /rack1, certSerialId: null}, Type:RATIS, Factor:ONE, State:OPEN]
2019-10-28 11:44:39,404 [grpc-default-executor-6] INFO  impl.RaftServerProxy (RaftServerProxy.java:addNew(89)) - 31ceb61f-dd6d-4279-87bc-0b070a534ff8: addNew group-CD80D7819AB3:[31ceb61f-dd6d-4279-87bc-0b070a534ff8:192.168.164.193:42807] returns group-CD80D7819AB3:java.util.concurrent.CompletableFuture@491acef4[Not completed]
2019-10-28 11:44:39,406 [pool-179-thread-1] INFO  impl.RaftServerImpl (RaftServerImpl.java:<init>(104)) - 31ceb61f-dd6d-4279-87bc-0b070a534ff8: new RaftServerImpl for group-CD80D7819AB3:[31ceb61f-dd6d-4279-87bc-0b070a534ff8:192.168.164.193:42807] with ContainerStateMachine:uninitialized
2019-10-28 11:44:39,406 [pool-179-thread-1] INFO  server.RaftServerConfigKeys (ConfUtils.java:logGet(43)) - raft.server.rpc.timeout.min = 1s (custom)
2019-10-28 11:44:39,406 [pool-179-thread-1] INFO  server.RaftServerConfigKeys (ConfUtils.java:logGet(43)) - raft.server.rpc.timeout.max = 1200ms (custom)
2019-10-28 11:44:39,406 [pool-179-thread-1] INFO  server.RaftServerConfigKeys (ConfUtils.java:logGet(43)) - raft.server.rpcslowness.timeout = 120s (custom)
2019-10-28 11:44:39,406 [pool-179-thread-1] INFO  server.RaftServerConfigKeys (ConfUtils.java:logGet(43)) - raft.server.sleep.deviation.threshold = 300 (default)
2019-10-28 11:44:39,406 [pool-179-thread-1] INFO  server.RaftServerConfigKeys (ConfUtils.java:logGet(43)) - raft.server.log.appender.install.snapshot.enabled = false (custom)
2019-10-28 11:44:39,407 [pool-179-thread-1] INFO  impl.RaftServerImpl (ServerState.java:<init>(103)) - 31ceb61f-dd6d-4279-87bc-0b070a534ff8@group-CD80D7819AB3: ConfigurationManager, init=-1: [31ceb61f-dd6d-4279-87bc-0b070a534ff8:192.168.164.193:42807], old=null, confs=<EMPTY_MAP>
2019-10-28 11:44:39,407 [pool-179-thread-1] INFO  server.RaftServerConfigKeys (ConfUtils.java:logGet(43)) - raft.server.storage.dir = [/workdir/hadoop-ozone/integration-test/target/test-dir/MiniOzoneClusterImpl-b31733c6-727c-4256-9138-ff5b19d95bfe/datanode-3/data/ratis] (custom)
2019-10-28 11:44:39,407 [pool-179-thread-1] INFO  server.RaftServerConfigKeys (ConfUtils.java:logGet(43)) - raft.server.log.corruption.policy = EXCEPTION (default)
2019-10-28 11:44:39,407 [pool-179-thread-1] INFO  storage.RaftStorageDirectory (RaftStorageDirectory.java:analyzeStorage(246)) - The storage directory /workdir/hadoop-ozone/integration-test/target/test-dir/MiniOzoneClusterImpl-b31733c6-727c-4256-9138-ff5b19d95bfe/datanode-3/data/ratis/f187d09e-e85f-4368-9c92-cd80d7819ab3 does not exist. Creating ...
2019-10-28 11:44:39,422 [pool-179-thread-1] INFO  storage.RaftStorageDirectory (RaftStorageDirectory.java:tryLock(328)) - Lock on /workdir/hadoop-ozone/integration-test/target/test-dir/MiniOzoneClusterImpl-b31733c6-727c-4256-9138-ff5b19d95bfe/datanode-3/data/ratis/f187d09e-e85f-4368-9c92-cd80d7819ab3/in_use.lock acquired by nodename 8743@pr-hdds-2292-97wmq-4261317731
2019-10-28 11:44:39,434 [pool-179-thread-1] INFO  storage.RaftStorage (RaftStorage.java:format(84)) - Storage directory /workdir/hadoop-ozone/integration-test/target/test-dir/MiniOzoneClusterImpl-b31733c6-727c-4256-9138-ff5b19d95bfe/datanode-3/data/ratis/f187d09e-e85f-4368-9c92-cd80d7819ab3 has been successfully formatted.
2019-10-28 11:44:39,434 [pool-179-thread-1] INFO  ratis.ContainerStateMachine (ContainerStateMachine.java:loadSnapshot(231)) - group-CD80D7819AB3: The snapshot info is null. Setting the last applied indexto:(t:0, i:~)
2019-10-28 11:44:39,435 [pool-179-thread-1] INFO  server.RaftServerConfigKeys (ConfUtils.java:logGet(43)) - raft.server.notification.no-leader.timeout = 120s (custom)
2019-10-28 11:44:39,435 [pool-179-thread-1] INFO  server.RaftServerConfigKeys (ConfUtils.java:logGet(43)) - raft.server.log.use.memory = false (default)
2019-10-28 11:44:39,435 [pool-179-thread-1] INFO  server.RaftServerConfigKeys (ConfUtils.java:logGet(43)) - raft.server.log.purge.gap = 1000000 (custom)
2019-10-28 11:44:39,435 [pool-179-thread-1] INFO  server.RaftServerConfigKeys (ConfUtils.java:logGet(43)) - raft.server.log.appender.buffer.byte-limit = 33554432 (custom)
2019-10-28 11:44:39,435 [pool-179-thread-1] INFO  server.RaftServerConfigKeys (ConfUtils.java:logGet(43)) - raft.server.log.segment.size.max = 1048576 (custom)
2019-10-28 11:44:39,437 [pool-179-thread-1] INFO  server.RaftServerConfigKeys (ConfUtils.java:logGet(43)) - raft.server.log.segment.cache.num.max = 2 (custom)
2019-10-28 11:44:39,437 [pool-179-thread-1] INFO  segmented.SegmentedRaftLogWorker (SegmentedRaftLogWorker.java:<init>(173)) - new 31ceb61f-dd6d-4279-87bc-0b070a534ff8@group-CD80D7819AB3-SegmentedRaftLogWorker for RaftStorage:Storage Directory /workdir/hadoop-ozone/integration-test/target/test-dir/MiniOzoneClusterImpl-b31733c6-727c-4256-9138-ff5b19d95bfe/datanode-3/data/ratis/f187d09e-e85f-4368-9c92-cd80d7819ab3
2019-10-28 11:44:39,437 [pool-179-thread-1] INFO  server.RaftServerConfigKeys (ConfUtils.java:logGet(43)) - raft.server.log.queue.byte-limit = 2147483647 (custom)
2019-10-28 11:44:39,437 [pool-179-thread-1] INFO  server.RaftServerConfigKeys (ConfUtils.java:logGet(43)) - raft.server.log.queue.element-limit = 1024 (custom)
2019-10-28 11:44:39,437 [pool-179-thread-1] INFO  server.RaftServerConfigKeys (ConfUtils.java:logGet(43)) - raft.server.log.segment.size.max = 1048576 (custom)
2019-10-28 11:44:39,437 [pool-179-thread-1] INFO  server.RaftServerConfigKeys (ConfUtils.java:logGet(43)) - raft.server.log.preallocated.size = 16384 (custom)
2019-10-28 11:44:39,437 [pool-179-thread-1] INFO  server.RaftServerConfigKeys (ConfUtils.java:logGet(43)) - raft.server.log.write.buffer.size = 33554432 (custom)
2019-10-28 11:44:39,437 [pool-179-thread-1] INFO  server.RaftServerConfigKeys (ConfUtils.java:logGet(43)) - raft.server.log.force.sync.num = 128 (default)
2019-10-28 11:44:39,437 [pool-179-thread-1] INFO  server.RaftServerConfigKeys (ConfUtils.java:logGet(43)) - raft.server.log.statemachine.data.sync = true (default)
2019-10-28 11:44:39,437 [pool-179-thread-1] INFO  server.RaftServerConfigKeys (ConfUtils.java:logGet(43)) - raft.server.log.statemachine.data.sync.timeout = 10s (default)
2019-10-28 11:44:39,437 [pool-179-thread-1] INFO  server.RaftServerConfigKeys (ConfUtils.java:logGet(43)) - raft.server.log.statemachine.data.sync.timeout.retry = -1 (default)
2019-10-28 11:44:39,438 [pool-179-thread-1] INFO  server.RaftServerConfigKeys (ConfUtils.java:logGet(43)) - raft.server.log.statemachine.data.caching.enabled = true (custom)
2019-10-28 11:44:39,438 [pool-179-thread-1] INFO  segmented.SegmentedRaftLogWorker (SegmentedRaftLogWorker.java:lambda$new$0(128)) - 31ceb61f-dd6d-4279-87bc-0b070a534ff8@group-CD80D7819AB3-SegmentedRaftLogWorker: flushIndex: setUnconditionally 0 -> -1
2019-10-28 11:44:39,438 [pool-179-thread-1] INFO  server.RaftServerConfigKeys (ConfUtils.java:logGet(43)) - raft.server.snapshot.auto.trigger.enabled = true (custom)
2019-10-28 11:44:39,438 [pool-179-thread-1] INFO  server.RaftServerConfigKeys (ConfUtils.java:logGet(43)) - raft.server.snapshot.auto.trigger.threshold = 10000 (custom)
2019-10-28 11:44:39,438 [pool-179-thread-1] INFO  server.RaftServerConfigKeys (ConfUtils.java:logGet(43)) - raft.server.snapshot.retention.file.num = 5 (custom)
2019-10-28 11:44:39,438 [pool-179-thread-1] INFO  server.RaftServerConfigKeys (ConfUtils.java:logGet(43)) - raft.server.retrycache.expirytime = 600000ms (custom)
2019-10-28 11:44:39,440 [pool-179-thread-1] INFO  impl.RaftServerImpl (RaftServerImpl.java:start(195)) - 31ceb61f-dd6d-4279-87bc-0b070a534ff8@group-CD80D7819AB3: start as a follower, conf=-1: [31ceb61f-dd6d-4279-87bc-0b070a534ff8:192.168.164.193:42807], old=null
2019-10-28 11:44:39,440 [pool-179-thread-1] INFO  impl.RaftServerImpl (RaftServerImpl.java:setRole(184)) - 31ceb61f-dd6d-4279-87bc-0b070a534ff8@group-CD80D7819AB3: changes role from      null to FOLLOWER at term 0 for startAsFollower
2019-10-28 11:44:39,440 [pool-179-thread-1] INFO  impl.RoleInfo (RoleInfo.java:updateAndGet(143)) - 31ceb61f-dd6d-4279-87bc-0b070a534ff8: start FollowerState
2019-10-28 11:44:39,441 [pool-179-thread-1] INFO  util.JmxRegister (JmxRegister.java:tryRegister(44)) - Successfully registered JMX Bean with object name Ratis:service=RaftServer,group=group-CD80D7819AB3,id=31ceb61f-dd6d-4279-87bc-0b070a534ff8
2019-10-28 11:44:39,447 [IPC Server handler 19 on 46118] INFO  net.NetworkTopology (NetworkTopologyImpl.java:add(111)) - Added a new node: /rack1/ce71e9bc-e571-4e52-8a73-1c9dce7b9fa7
2019-10-28 11:44:39,447 [RatisPipelineUtilsThread] INFO  pipeline.PipelineStateManager (PipelineStateManager.java:addPipeline(56)) - Created pipeline Pipeline[ Id: f187d09e-e85f-4368-9c92-cd80d7819ab3, Nodes: 31ceb61f-dd6d-4279-87bc-0b070a534ff8{ip: 192.168.164.193, host: pr-hdds-2292-97wmq-4261317731, networkLocation: /rack1, certSerialId: null}, Type:RATIS, Factor:ONE, State:OPEN]
2019-10-28 11:44:39,447 [IPC Server handler 19 on 46118] INFO  node.SCMNodeManager (SCMNodeManager.java:register(268)) - Registered Data node : ce71e9bc-e571-4e52-8a73-1c9dce7b9fa7{ip: 192.168.164.193, host: pr-hdds-2292-97wmq-4261317731, networkLocation: /rack1, certSerialId: null}
2019-10-28 11:44:39,454 [grpc-default-executor-6] INFO  impl.RaftServerProxy (RaftServerProxy.java:addNew(89)) - ce71e9bc-e571-4e52-8a73-1c9dce7b9fa7: addNew group-B0CC4113945E:[ce71e9bc-e571-4e52-8a73-1c9dce7b9fa7:192.168.164.193:36234] returns group-B0CC4113945E:java.util.concurrent.CompletableFuture@7b0b5074[Not completed]
2019-10-28 11:44:39,454 [pool-189-thread-1] INFO  impl.RaftServerImpl (RaftServerImpl.java:<init>(104)) - ce71e9bc-e571-4e52-8a73-1c9dce7b9fa7: new RaftServerImpl for group-B0CC4113945E:[ce71e9bc-e571-4e52-8a73-1c9dce7b9fa7:192.168.164.193:36234] with ContainerStateMachine:uninitialized
2019-10-28 11:44:39,454 [pool-189-thread-1] INFO  server.RaftServerConfigKeys (ConfUtils.java:logGet(43)) - raft.server.rpc.timeout.min = 1s (custom)
2019-10-28 11:44:39,454 [pool-189-thread-1] INFO  server.RaftServerConfigKeys (ConfUtils.java:logGet(43)) - raft.server.rpc.timeout.max = 1200ms (custom)
2019-10-28 11:44:39,455 [pool-189-thread-1] INFO  server.RaftServerConfigKeys (ConfUtils.java:logGet(43)) - raft.server.rpcslowness.timeout = 120s (custom)
2019-10-28 11:44:39,455 [pool-189-thread-1] INFO  server.RaftServerConfigKeys (ConfUtils.java:logGet(43)) - raft.server.sleep.deviation.threshold = 300 (default)
2019-10-28 11:44:39,455 [pool-189-thread-1] INFO  server.RaftServerConfigKeys (ConfUtils.java:logGet(43)) - raft.server.log.appender.install.snapshot.enabled = false (custom)
2019-10-28 11:44:39,455 [pool-189-thread-1] INFO  impl.RaftServerImpl (ServerState.java:<init>(103)) - ce71e9bc-e571-4e52-8a73-1c9dce7b9fa7@group-B0CC4113945E: ConfigurationManager, init=-1: [ce71e9bc-e571-4e52-8a73-1c9dce7b9fa7:192.168.164.193:36234], old=null, confs=<EMPTY_MAP>
2019-10-28 11:44:39,455 [pool-189-thread-1] INFO  server.RaftServerConfigKeys (ConfUtils.java:logGet(43)) - raft.server.storage.dir = [/workdir/hadoop-ozone/integration-test/target/test-dir/MiniOzoneClusterImpl-b31733c6-727c-4256-9138-ff5b19d95bfe/datanode-4/data/ratis] (custom)
2019-10-28 11:44:39,455 [pool-189-thread-1] INFO  server.RaftServerConfigKeys (ConfUtils.java:logGet(43)) - raft.server.log.corruption.policy = EXCEPTION (default)
2019-10-28 11:44:39,455 [pool-189-thread-1] INFO  storage.RaftStorageDirectory (RaftStorageDirectory.java:analyzeStorage(246)) - The storage directory /workdir/hadoop-ozone/integration-test/target/test-dir/MiniOzoneClusterImpl-b31733c6-727c-4256-9138-ff5b19d95bfe/datanode-4/data/ratis/61b8633b-cb35-4674-878d-b0cc4113945e does not exist. Creating ...
2019-10-28 11:44:39,464 [pool-189-thread-1] INFO  storage.RaftStorageDirectory (RaftStorageDirectory.java:tryLock(328)) - Lock on /workdir/hadoop-ozone/integration-test/target/test-dir/MiniOzoneClusterImpl-b31733c6-727c-4256-9138-ff5b19d95bfe/datanode-4/data/ratis/61b8633b-cb35-4674-878d-b0cc4113945e/in_use.lock acquired by nodename 8743@pr-hdds-2292-97wmq-4261317731
2019-10-28 11:44:39,477 [pool-189-thread-1] INFO  storage.RaftStorage (RaftStorage.java:format(84)) - Storage directory /workdir/hadoop-ozone/integration-test/target/test-dir/MiniOzoneClusterImpl-b31733c6-727c-4256-9138-ff5b19d95bfe/datanode-4/data/ratis/61b8633b-cb35-4674-878d-b0cc4113945e has been successfully formatted.
2019-10-28 11:44:39,477 [pool-189-thread-1] INFO  ratis.ContainerStateMachine (ContainerStateMachine.java:loadSnapshot(231)) - group-B0CC4113945E: The snapshot info is null. Setting the last applied indexto:(t:0, i:~)
2019-10-28 11:44:39,477 [pool-189-thread-1] INFO  server.RaftServerConfigKeys (ConfUtils.java:logGet(43)) - raft.server.notification.no-leader.timeout = 120s (custom)
2019-10-28 11:44:39,477 [pool-189-thread-1] INFO  server.RaftServerConfigKeys (ConfUtils.java:logGet(43)) - raft.server.log.use.memory = false (default)
2019-10-28 11:44:39,478 [pool-189-thread-1] INFO  server.RaftServerConfigKeys (ConfUtils.java:logGet(43)) - raft.server.log.purge.gap = 1000000 (custom)
2019-10-28 11:44:39,478 [pool-189-thread-1] INFO  server.RaftServerConfigKeys (ConfUtils.java:logGet(43)) - raft.server.log.appender.buffer.byte-limit = 33554432 (custom)
2019-10-28 11:44:39,478 [pool-189-thread-1] INFO  server.RaftServerConfigKeys (ConfUtils.java:logGet(43)) - raft.server.log.segment.size.max = 1048576 (custom)
2019-10-28 11:44:39,479 [pool-189-thread-1] INFO  server.RaftServerConfigKeys (ConfUtils.java:logGet(43)) - raft.server.log.segment.cache.num.max = 2 (custom)
2019-10-28 11:44:39,479 [pool-189-thread-1] INFO  segmented.SegmentedRaftLogWorker (SegmentedRaftLogWorker.java:<init>(173)) - new ce71e9bc-e571-4e52-8a73-1c9dce7b9fa7@group-B0CC4113945E-SegmentedRaftLogWorker for RaftStorage:Storage Directory /workdir/hadoop-ozone/integration-test/target/test-dir/MiniOzoneClusterImpl-b31733c6-727c-4256-9138-ff5b19d95bfe/datanode-4/data/ratis/61b8633b-cb35-4674-878d-b0cc4113945e
2019-10-28 11:44:39,480 [pool-189-thread-1] INFO  server.RaftServerConfigKeys (ConfUtils.java:logGet(43)) - raft.server.log.queue.byte-limit = 2147483647 (custom)
2019-10-28 11:44:39,480 [pool-189-thread-1] INFO  server.RaftServerConfigKeys (ConfUtils.java:logGet(43)) - raft.server.log.queue.element-limit = 1024 (custom)
2019-10-28 11:44:39,480 [pool-189-thread-1] INFO  server.RaftServerConfigKeys (ConfUtils.java:logGet(43)) - raft.server.log.segment.size.max = 1048576 (custom)
2019-10-28 11:44:39,480 [pool-189-thread-1] INFO  server.RaftServerConfigKeys (ConfUtils.java:logGet(43)) - raft.server.log.preallocated.size = 16384 (custom)
2019-10-28 11:44:39,480 [pool-189-thread-1] INFO  server.RaftServerConfigKeys (ConfUtils.java:logGet(43)) - raft.server.log.write.buffer.size = 33554432 (custom)
2019-10-28 11:44:39,480 [pool-189-thread-1] INFO  server.RaftServerConfigKeys (ConfUtils.java:logGet(43)) - raft.server.log.force.sync.num = 128 (default)
2019-10-28 11:44:39,480 [pool-189-thread-1] INFO  server.RaftServerConfigKeys (ConfUtils.java:logGet(43)) - raft.server.log.statemachine.data.sync = true (default)
2019-10-28 11:44:39,480 [pool-189-thread-1] INFO  server.RaftServerConfigKeys (ConfUtils.java:logGet(43)) - raft.server.log.statemachine.data.sync.timeout = 10s (default)
2019-10-28 11:44:39,480 [pool-189-thread-1] INFO  server.RaftServerConfigKeys (ConfUtils.java:logGet(43)) - raft.server.log.statemachine.data.sync.timeout.retry = -1 (default)
2019-10-28 11:44:39,481 [pool-189-thread-1] INFO  server.RaftServerConfigKeys (ConfUtils.java:logGet(43)) - raft.server.log.statemachine.data.caching.enabled = true (custom)
2019-10-28 11:44:39,481 [pool-189-thread-1] INFO  segmented.SegmentedRaftLogWorker (SegmentedRaftLogWorker.java:lambda$new$0(128)) - ce71e9bc-e571-4e52-8a73-1c9dce7b9fa7@group-B0CC4113945E-SegmentedRaftLogWorker: flushIndex: setUnconditionally 0 -> -1
2019-10-28 11:44:39,481 [pool-189-thread-1] INFO  server.RaftServerConfigKeys (ConfUtils.java:logGet(43)) - raft.server.snapshot.auto.trigger.enabled = true (custom)
2019-10-28 11:44:39,481 [pool-189-thread-1] INFO  server.RaftServerConfigKeys (ConfUtils.java:logGet(43)) - raft.server.snapshot.auto.trigger.threshold = 10000 (custom)
2019-10-28 11:44:39,481 [pool-189-thread-1] INFO  server.RaftServerConfigKeys (ConfUtils.java:logGet(43)) - raft.server.snapshot.retention.file.num = 5 (custom)
2019-10-28 11:44:39,481 [pool-189-thread-1] INFO  server.RaftServerConfigKeys (ConfUtils.java:logGet(43)) - raft.server.retrycache.expirytime = 600000ms (custom)
2019-10-28 11:44:39,484 [pool-189-thread-1] INFO  impl.RaftServerImpl (RaftServerImpl.java:start(195)) - ce71e9bc-e571-4e52-8a73-1c9dce7b9fa7@group-B0CC4113945E: start as a follower, conf=-1: [ce71e9bc-e571-4e52-8a73-1c9dce7b9fa7:192.168.164.193:36234], old=null
2019-10-28 11:44:39,484 [pool-189-thread-1] INFO  impl.RaftServerImpl (RaftServerImpl.java:setRole(184)) - ce71e9bc-e571-4e52-8a73-1c9dce7b9fa7@group-B0CC4113945E: changes role from      null to FOLLOWER at term 0 for startAsFollower
2019-10-28 11:44:39,484 [pool-189-thread-1] INFO  impl.RoleInfo (RoleInfo.java:updateAndGet(143)) - ce71e9bc-e571-4e52-8a73-1c9dce7b9fa7: start FollowerState
2019-10-28 11:44:39,485 [pool-189-thread-1] INFO  util.JmxRegister (JmxRegister.java:tryRegister(44)) - Successfully registered JMX Bean with object name Ratis:service=RaftServer,group=group-B0CC4113945E,id=ce71e9bc-e571-4e52-8a73-1c9dce7b9fa7
2019-10-28 11:44:39,491 [Thread-1304] INFO  impl.FollowerState (FollowerState.java:run(108)) - 21e5d428-bfa8-41d9-bec1-e8e8886ad03a@group-DA45AA3847EA-FollowerState: change to CANDIDATE, lastRpcTime:99ms, electionTimeout:99ms
2019-10-28 11:44:39,491 [Thread-1304] INFO  impl.RoleInfo (RoleInfo.java:shutdownFollowerState(121)) - 21e5d428-bfa8-41d9-bec1-e8e8886ad03a: shutdown FollowerState
2019-10-28 11:44:39,491 [Thread-1304] INFO  impl.RaftServerImpl (RaftServerImpl.java:setRole(184)) - 21e5d428-bfa8-41d9-bec1-e8e8886ad03a@group-DA45AA3847EA: changes role from  FOLLOWER to CANDIDATE at term 0 for changeToCandidate
2019-10-28 11:44:39,491 [Thread-1304] INFO  impl.RoleInfo (RoleInfo.java:updateAndGet(143)) - 21e5d428-bfa8-41d9-bec1-e8e8886ad03a: start LeaderElection
2019-10-28 11:44:39,494 [RatisPipelineUtilsThread] INFO  pipeline.PipelineStateManager (PipelineStateManager.java:addPipeline(56)) - Created pipeline Pipeline[ Id: 61b8633b-cb35-4674-878d-b0cc4113945e, Nodes: ce71e9bc-e571-4e52-8a73-1c9dce7b9fa7{ip: 192.168.164.193, host: pr-hdds-2292-97wmq-4261317731, networkLocation: /rack1, certSerialId: null}, Type:RATIS, Factor:ONE, State:OPEN]
2019-10-28 11:44:39,505 [grpc-default-executor-3] INFO  impl.RaftServerProxy (RaftServerProxy.java:addNew(89)) - 21e5d428-bfa8-41d9-bec1-e8e8886ad03a: addNew group-0EDA3E4540D0:[21e5d428-bfa8-41d9-bec1-e8e8886ad03a:192.168.164.193:40834, 03d0ba9c-9a68-4db9-a306-0d67556dce53:192.168.164.193:33662, 31ceb61f-dd6d-4279-87bc-0b070a534ff8:192.168.164.193:42807] returns group-0EDA3E4540D0:java.util.concurrent.CompletableFuture@5449af7b[Not completed]
2019-10-28 11:44:39,505 [grpc-default-executor-3] INFO  impl.RaftServerProxy (RaftServerProxy.java:addNew(89)) - 03d0ba9c-9a68-4db9-a306-0d67556dce53: addNew group-0EDA3E4540D0:[21e5d428-bfa8-41d9-bec1-e8e8886ad03a:192.168.164.193:40834, 03d0ba9c-9a68-4db9-a306-0d67556dce53:192.168.164.193:33662, 31ceb61f-dd6d-4279-87bc-0b070a534ff8:192.168.164.193:42807] returns group-0EDA3E4540D0:java.util.concurrent.CompletableFuture@1272e970[Not completed]
2019-10-28 11:44:39,506 [grpc-default-executor-6] INFO  impl.RaftServerProxy (RaftServerProxy.java:addNew(89)) - 31ceb61f-dd6d-4279-87bc-0b070a534ff8: addNew group-0EDA3E4540D0:[21e5d428-bfa8-41d9-bec1-e8e8886ad03a:192.168.164.193:40834, 03d0ba9c-9a68-4db9-a306-0d67556dce53:192.168.164.193:33662, 31ceb61f-dd6d-4279-87bc-0b070a534ff8:192.168.164.193:42807] returns group-0EDA3E4540D0:java.util.concurrent.CompletableFuture@4f6cf658[Not completed]
2019-10-28 11:44:39,506 [pool-169-thread-1] INFO  impl.RaftServerImpl (RaftServerImpl.java:<init>(104)) - 21e5d428-bfa8-41d9-bec1-e8e8886ad03a: new RaftServerImpl for group-0EDA3E4540D0:[21e5d428-bfa8-41d9-bec1-e8e8886ad03a:192.168.164.193:40834, 03d0ba9c-9a68-4db9-a306-0d67556dce53:192.168.164.193:33662, 31ceb61f-dd6d-4279-87bc-0b070a534ff8:192.168.164.193:42807] with ContainerStateMachine:uninitialized
2019-10-28 11:44:39,506 [pool-169-thread-1] INFO  server.RaftServerConfigKeys (ConfUtils.java:logGet(43)) - raft.server.rpc.timeout.min = 1s (custom)
2019-10-28 11:44:39,506 [pool-169-thread-1] INFO  server.RaftServerConfigKeys (ConfUtils.java:logGet(43)) - raft.server.rpc.timeout.max = 1200ms (custom)
2019-10-28 11:44:39,506 [pool-159-thread-1] INFO  impl.RaftServerImpl (RaftServerImpl.java:<init>(104)) - 03d0ba9c-9a68-4db9-a306-0d67556dce53: new RaftServerImpl for group-0EDA3E4540D0:[21e5d428-bfa8-41d9-bec1-e8e8886ad03a:192.168.164.193:40834, 03d0ba9c-9a68-4db9-a306-0d67556dce53:192.168.164.193:33662, 31ceb61f-dd6d-4279-87bc-0b070a534ff8:192.168.164.193:42807] with ContainerStateMachine:uninitialized
2019-10-28 11:44:39,506 [pool-169-thread-1] INFO  server.RaftServerConfigKeys (ConfUtils.java:logGet(43)) - raft.server.rpcslowness.timeout = 120s (custom)
2019-10-28 11:44:39,507 [pool-159-thread-1] INFO  server.RaftServerConfigKeys (ConfUtils.java:logGet(43)) - raft.server.rpc.timeout.min = 1s (custom)
2019-10-28 11:44:39,507 [pool-169-thread-1] INFO  server.RaftServerConfigKeys (ConfUtils.java:logGet(43)) - raft.server.sleep.deviation.threshold = 300 (default)
2019-10-28 11:44:39,507 [pool-159-thread-1] INFO  server.RaftServerConfigKeys (ConfUtils.java:logGet(43)) - raft.server.rpc.timeout.max = 1200ms (custom)
2019-10-28 11:44:39,507 [pool-169-thread-1] INFO  server.RaftServerConfigKeys (ConfUtils.java:logGet(43)) - raft.server.log.appender.install.snapshot.enabled = false (custom)
2019-10-28 11:44:39,507 [pool-159-thread-1] INFO  server.RaftServerConfigKeys (ConfUtils.java:logGet(43)) - raft.server.rpcslowness.timeout = 120s (custom)
2019-10-28 11:44:39,507 [pool-169-thread-1] INFO  impl.RaftServerImpl (ServerState.java:<init>(103)) - 21e5d428-bfa8-41d9-bec1-e8e8886ad03a@group-0EDA3E4540D0: ConfigurationManager, init=-1: [21e5d428-bfa8-41d9-bec1-e8e8886ad03a:192.168.164.193:40834, 03d0ba9c-9a68-4db9-a306-0d67556dce53:192.168.164.193:33662, 31ceb61f-dd6d-4279-87bc-0b070a534ff8:192.168.164.193:42807], old=null, confs=<EMPTY_MAP>
2019-10-28 11:44:39,507 [pool-159-thread-1] INFO  server.RaftServerConfigKeys (ConfUtils.java:logGet(43)) - raft.server.sleep.deviation.threshold = 300 (default)
2019-10-28 11:44:39,507 [pool-159-thread-1] INFO  server.RaftServerConfigKeys (ConfUtils.java:logGet(43)) - raft.server.log.appender.install.snapshot.enabled = false (custom)
2019-10-28 11:44:39,507 [pool-169-thread-1] INFO  server.RaftServerConfigKeys (ConfUtils.java:logGet(43)) - raft.server.storage.dir = [/workdir/hadoop-ozone/integration-test/target/test-dir/MiniOzoneClusterImpl-b31733c6-727c-4256-9138-ff5b19d95bfe/datanode-2/data/ratis] (custom)
2019-10-28 11:44:39,507 [pool-159-thread-1] INFO  impl.RaftServerImpl (ServerState.java:<init>(103)) - 03d0ba9c-9a68-4db9-a306-0d67556dce53@group-0EDA3E4540D0: ConfigurationManager, init=-1: [21e5d428-bfa8-41d9-bec1-e8e8886ad03a:192.168.164.193:40834, 03d0ba9c-9a68-4db9-a306-0d67556dce53:192.168.164.193:33662, 31ceb61f-dd6d-4279-87bc-0b070a534ff8:192.168.164.193:42807], old=null, confs=<EMPTY_MAP>
2019-10-28 11:44:39,508 [pool-159-thread-1] INFO  server.RaftServerConfigKeys (ConfUtils.java:logGet(43)) - raft.server.storage.dir = [/workdir/hadoop-ozone/integration-test/target/test-dir/MiniOzoneClusterImpl-b31733c6-727c-4256-9138-ff5b19d95bfe/datanode-1/data/ratis] (custom)
2019-10-28 11:44:39,508 [pool-169-thread-1] INFO  server.RaftServerConfigKeys (ConfUtils.java:logGet(43)) - raft.server.log.corruption.policy = EXCEPTION (default)
2019-10-28 11:44:39,508 [pool-159-thread-1] INFO  server.RaftServerConfigKeys (ConfUtils.java:logGet(43)) - raft.server.log.corruption.policy = EXCEPTION (default)
2019-10-28 11:44:39,508 [pool-169-thread-1] INFO  storage.RaftStorageDirectory (RaftStorageDirectory.java:analyzeStorage(246)) - The storage directory /workdir/hadoop-ozone/integration-test/target/test-dir/MiniOzoneClusterImpl-b31733c6-727c-4256-9138-ff5b19d95bfe/datanode-2/data/ratis/c2fa87d6-81e7-4a93-a99b-0eda3e4540d0 does not exist. Creating ...
2019-10-28 11:44:39,508 [pool-179-thread-1] INFO  impl.RaftServerImpl (RaftServerImpl.java:<init>(104)) - 31ceb61f-dd6d-4279-87bc-0b070a534ff8: new RaftServerImpl for group-0EDA3E4540D0:[21e5d428-bfa8-41d9-bec1-e8e8886ad03a:192.168.164.193:40834, 03d0ba9c-9a68-4db9-a306-0d67556dce53:192.168.164.193:33662, 31ceb61f-dd6d-4279-87bc-0b070a534ff8:192.168.164.193:42807] with ContainerStateMachine:uninitialized
2019-10-28 11:44:39,508 [pool-159-thread-1] INFO  storage.RaftStorageDirectory (RaftStorageDirectory.java:analyzeStorage(246)) - The storage directory /workdir/hadoop-ozone/integration-test/target/test-dir/MiniOzoneClusterImpl-b31733c6-727c-4256-9138-ff5b19d95bfe/datanode-1/data/ratis/c2fa87d6-81e7-4a93-a99b-0eda3e4540d0 does not exist. Creating ...
2019-10-28 11:44:39,508 [pool-179-thread-1] INFO  server.RaftServerConfigKeys (ConfUtils.java:logGet(43)) - raft.server.rpc.timeout.min = 1s (custom)
2019-10-28 11:44:39,508 [21e5d428-bfa8-41d9-bec1-e8e8886ad03a@group-DA45AA3847EA-LeaderElection25] INFO  impl.LeaderElection (LeaderElection.java:askForVotes(178)) - 21e5d428-bfa8-41d9-bec1-e8e8886ad03a@group-DA45AA3847EA-LeaderElection25: begin an election at term 1 for -1: [21e5d428-bfa8-41d9-bec1-e8e8886ad03a:192.168.164.193:40834], old=null
2019-10-28 11:44:39,509 [pool-179-thread-1] INFO  server.RaftServerConfigKeys (ConfUtils.java:logGet(43)) - raft.server.rpc.timeout.max = 1200ms (custom)
2019-10-28 11:44:39,509 [21e5d428-bfa8-41d9-bec1-e8e8886ad03a@group-DA45AA3847EA-LeaderElection25] INFO  impl.RoleInfo (RoleInfo.java:shutdownLeaderElection(134)) - 21e5d428-bfa8-41d9-bec1-e8e8886ad03a: shutdown LeaderElection
2019-10-28 11:44:39,509 [pool-179-thread-1] INFO  server.RaftServerConfigKeys (ConfUtils.java:logGet(43)) - raft.server.rpcslowness.timeout = 120s (custom)
2019-10-28 11:44:39,509 [21e5d428-bfa8-41d9-bec1-e8e8886ad03a@group-DA45AA3847EA-LeaderElection25] INFO  impl.RaftServerImpl (RaftServerImpl.java:setRole(184)) - 21e5d428-bfa8-41d9-bec1-e8e8886ad03a@group-DA45AA3847EA: changes role from CANDIDATE to LEADER at term 1 for changeToLeader
2019-10-28 11:44:39,509 [pool-179-thread-1] INFO  server.RaftServerConfigKeys (ConfUtils.java:logGet(43)) - raft.server.sleep.deviation.threshold = 300 (default)
2019-10-28 11:44:39,509 [21e5d428-bfa8-41d9-bec1-e8e8886ad03a@group-DA45AA3847EA-LeaderElection25] INFO  impl.RaftServerImpl (ServerState.java:setLeader(256)) - 21e5d428-bfa8-41d9-bec1-e8e8886ad03a@group-DA45AA3847EA: change Leader from null to 21e5d428-bfa8-41d9-bec1-e8e8886ad03a at term 1 for becomeLeader, leader elected after 124ms
2019-10-28 11:44:39,509 [pool-179-thread-1] INFO  server.RaftServerConfigKeys (ConfUtils.java:logGet(43)) - raft.server.log.appender.install.snapshot.enabled = false (custom)
2019-10-28 11:44:39,509 [21e5d428-bfa8-41d9-bec1-e8e8886ad03a@group-DA45AA3847EA-LeaderElection25] INFO  server.RaftServerConfigKeys (ConfUtils.java:logGet(43)) - raft.server.staging.catchup.gap = 1000 (default)
2019-10-28 11:44:39,509 [pool-179-thread-1] INFO  impl.RaftServerImpl (ServerState.java:<init>(103)) - 31ceb61f-dd6d-4279-87bc-0b070a534ff8@group-0EDA3E4540D0: ConfigurationManager, init=-1: [21e5d428-bfa8-41d9-bec1-e8e8886ad03a:192.168.164.193:40834, 03d0ba9c-9a68-4db9-a306-0d67556dce53:192.168.164.193:33662, 31ceb61f-dd6d-4279-87bc-0b070a534ff8:192.168.164.193:42807], old=null, confs=<EMPTY_MAP>
2019-10-28 11:44:39,509 [21e5d428-bfa8-41d9-bec1-e8e8886ad03a@group-DA45AA3847EA-LeaderElection25] INFO  server.RaftServerConfigKeys (ConfUtils.java:logGet(43)) - raft.server.rpc.sleep.time = 25ms (default)
2019-10-28 11:44:39,509 [pool-179-thread-1] INFO  server.RaftServerConfigKeys (ConfUtils.java:logGet(43)) - raft.server.storage.dir = [/workdir/hadoop-ozone/integration-test/target/test-dir/MiniOzoneClusterImpl-b31733c6-727c-4256-9138-ff5b19d95bfe/datanode-3/data/ratis] (custom)
2019-10-28 11:44:39,510 [21e5d428-bfa8-41d9-bec1-e8e8886ad03a@group-DA45AA3847EA-LeaderElection25] INFO  server.RaftServerConfigKeys (ConfUtils.java:logGet(43)) - raft.server.write.element-limit = 4096 (default)
2019-10-28 11:44:39,510 [pool-179-thread-1] INFO  server.RaftServerConfigKeys (ConfUtils.java:logGet(43)) - raft.server.log.corruption.policy = EXCEPTION (default)
2019-10-28 11:44:39,510 [21e5d428-bfa8-41d9-bec1-e8e8886ad03a@group-DA45AA3847EA-LeaderElection25] INFO  server.RaftServerConfigKeys (ConfUtils.java:logGet(43)) - raft.server.watch.timeout = 10s (default)
2019-10-28 11:44:39,510 [pool-179-thread-1] INFO  storage.RaftStorageDirectory (RaftStorageDirectory.java:analyzeStorage(246)) - The storage directory /workdir/hadoop-ozone/integration-test/target/test-dir/MiniOzoneClusterImpl-b31733c6-727c-4256-9138-ff5b19d95bfe/datanode-3/data/ratis/c2fa87d6-81e7-4a93-a99b-0eda3e4540d0 does not exist. Creating ...
2019-10-28 11:44:39,510 [21e5d428-bfa8-41d9-bec1-e8e8886ad03a@group-DA45AA3847EA-LeaderElection25] INFO  server.RaftServerConfigKeys (ConfUtils.java:logGet(43)) - raft.server.watch.timeout.denomination = 1s (default)
2019-10-28 11:44:39,510 [21e5d428-bfa8-41d9-bec1-e8e8886ad03a@group-DA45AA3847EA-LeaderElection25] INFO  server.RaftServerConfigKeys (ConfUtils.java:logGet(43)) - raft.server.watch.element-limit = 65536 (default)
2019-10-28 11:44:39,512 [21e5d428-bfa8-41d9-bec1-e8e8886ad03a@group-DA45AA3847EA-LeaderElection25] INFO  impl.RoleInfo (RoleInfo.java:updateAndGet(143)) - 21e5d428-bfa8-41d9-bec1-e8e8886ad03a: start LeaderState
2019-10-28 11:44:39,512 [21e5d428-bfa8-41d9-bec1-e8e8886ad03a@group-DA45AA3847EA-LeaderElection25] INFO  segmented.SegmentedRaftLogWorker (SegmentedRaftLogWorker.java:startLogSegment(385)) - 21e5d428-bfa8-41d9-bec1-e8e8886ad03a@group-DA45AA3847EA-SegmentedRaftLogWorker: Starting segment from index:0
2019-10-28 11:44:39,513 [21e5d428-bfa8-41d9-bec1-e8e8886ad03a@group-DA45AA3847EA-LeaderElection25] INFO  impl.RaftServerImpl (ServerState.java:setRaftConf(357)) - 21e5d428-bfa8-41d9-bec1-e8e8886ad03a@group-DA45AA3847EA: set configuration 0: [21e5d428-bfa8-41d9-bec1-e8e8886ad03a:192.168.164.193:40834], old=null at 0
2019-10-28 11:44:39,516 [IPC Server handler 15 on 46118] INFO  net.NetworkTopology (NetworkTopologyImpl.java:add(111)) - Added a new node: /rack1/24830d12-f44b-43d9-b733-6f9667bbd6c9
2019-10-28 11:44:39,516 [IPC Server handler 15 on 46118] INFO  node.SCMNodeManager (SCMNodeManager.java:register(268)) - Registered Data node : 24830d12-f44b-43d9-b733-6f9667bbd6c9{ip: 192.168.164.193, host: pr-hdds-2292-97wmq-4261317731, networkLocation: /rack1, certSerialId: null}
2019-10-28 11:44:39,522 [Thread-1307] INFO  impl.FollowerState (FollowerState.java:run(108)) - 31ceb61f-dd6d-4279-87bc-0b070a534ff8@group-CD80D7819AB3-FollowerState: change to CANDIDATE, lastRpcTime:81ms, electionTimeout:81ms
2019-10-28 11:44:39,522 [Thread-1307] INFO  impl.RoleInfo (RoleInfo.java:shutdownFollowerState(121)) - 31ceb61f-dd6d-4279-87bc-0b070a534ff8: shutdown FollowerState
2019-10-28 11:44:39,522 [Thread-1307] INFO  impl.RaftServerImpl (RaftServerImpl.java:setRole(184)) - 31ceb61f-dd6d-4279-87bc-0b070a534ff8@group-CD80D7819AB3: changes role from  FOLLOWER to CANDIDATE at term 0 for changeToCandidate
2019-10-28 11:44:39,522 [Thread-1307] INFO  impl.RoleInfo (RoleInfo.java:updateAndGet(143)) - 31ceb61f-dd6d-4279-87bc-0b070a534ff8: start LeaderElection
2019-10-28 11:44:39,537 [pool-179-thread-1] INFO  storage.RaftStorageDirectory (RaftStorageDirectory.java:tryLock(328)) - Lock on /workdir/hadoop-ozone/integration-test/target/test-dir/MiniOzoneClusterImpl-b31733c6-727c-4256-9138-ff5b19d95bfe/datanode-3/data/ratis/c2fa87d6-81e7-4a93-a99b-0eda3e4540d0/in_use.lock acquired by nodename 8743@pr-hdds-2292-97wmq-4261317731
2019-10-28 11:44:39,537 [Thread-1301] INFO  impl.FollowerState (FollowerState.java:run(108)) - 03d0ba9c-9a68-4db9-a306-0d67556dce53@group-A3FB2D5161E8-FollowerState: change to CANDIDATE, lastRpcTime:208ms, electionTimeout:195ms
2019-10-28 11:44:39,537 [Thread-1310] INFO  impl.FollowerState (FollowerState.java:run(108)) - ce71e9bc-e571-4e52-8a73-1c9dce7b9fa7@group-B0CC4113945E-FollowerState: change to CANDIDATE, lastRpcTime:52ms, electionTimeout:41ms
2019-10-28 11:44:39,540 [Thread-1301] INFO  impl.RoleInfo (RoleInfo.java:shutdownFollowerState(121)) - 03d0ba9c-9a68-4db9-a306-0d67556dce53: shutdown FollowerState
2019-10-28 11:44:39,537 [pool-159-thread-1] INFO  storage.RaftStorageDirectory (RaftStorageDirectory.java:tryLock(328)) - Lock on /workdir/hadoop-ozone/integration-test/target/test-dir/MiniOzoneClusterImpl-b31733c6-727c-4256-9138-ff5b19d95bfe/datanode-1/data/ratis/c2fa87d6-81e7-4a93-a99b-0eda3e4540d0/in_use.lock acquired by nodename 8743@pr-hdds-2292-97wmq-4261317731
2019-10-28 11:44:39,537 [pool-169-thread-1] INFO  storage.RaftStorageDirectory (RaftStorageDirectory.java:tryLock(328)) - Lock on /workdir/hadoop-ozone/integration-test/target/test-dir/MiniOzoneClusterImpl-b31733c6-727c-4256-9138-ff5b19d95bfe/datanode-2/data/ratis/c2fa87d6-81e7-4a93-a99b-0eda3e4540d0/in_use.lock acquired by nodename 8743@pr-hdds-2292-97wmq-4261317731
2019-10-28 11:44:39,540 [Thread-1301] INFO  impl.RaftServerImpl (RaftServerImpl.java:setRole(184)) - 03d0ba9c-9a68-4db9-a306-0d67556dce53@group-A3FB2D5161E8: changes role from  FOLLOWER to CANDIDATE at term 0 for changeToCandidate
2019-10-28 11:44:39,540 [Thread-1310] INFO  impl.RoleInfo (RoleInfo.java:shutdownFollowerState(121)) - ce71e9bc-e571-4e52-8a73-1c9dce7b9fa7: shutdown FollowerState
2019-10-28 11:44:39,541 [Thread-1301] INFO  impl.RoleInfo (RoleInfo.java:updateAndGet(143)) - 03d0ba9c-9a68-4db9-a306-0d67556dce53: start LeaderElection
2019-10-28 11:44:39,541 [Thread-1310] INFO  impl.RaftServerImpl (RaftServerImpl.java:setRole(184)) - ce71e9bc-e571-4e52-8a73-1c9dce7b9fa7@group-B0CC4113945E: changes role from  FOLLOWER to CANDIDATE at term 0 for changeToCandidate
2019-10-28 11:44:39,541 [Thread-1310] INFO  impl.RoleInfo (RoleInfo.java:updateAndGet(143)) - ce71e9bc-e571-4e52-8a73-1c9dce7b9fa7: start LeaderElection
2019-10-28 11:44:39,551 [21e5d428-bfa8-41d9-bec1-e8e8886ad03a@group-DA45AA3847EA-SegmentedRaftLogWorker] INFO  segmented.SegmentedRaftLogWorker (SegmentedRaftLogWorker.java:execute(576)) - 21e5d428-bfa8-41d9-bec1-e8e8886ad03a@group-DA45AA3847EA-SegmentedRaftLogWorker: created new log segment /workdir/hadoop-ozone/integration-test/target/test-dir/MiniOzoneClusterImpl-b31733c6-727c-4256-9138-ff5b19d95bfe/datanode-2/data/ratis/c7189e93-09f1-4a2f-880b-da45aa3847ea/current/log_inprogress_0
2019-10-28 11:44:39,551 [03d0ba9c-9a68-4db9-a306-0d67556dce53@group-A3FB2D5161E8-LeaderElection27] INFO  impl.LeaderElection (LeaderElection.java:askForVotes(178)) - 03d0ba9c-9a68-4db9-a306-0d67556dce53@group-A3FB2D5161E8-LeaderElection27: begin an election at term 1 for -1: [03d0ba9c-9a68-4db9-a306-0d67556dce53:192.168.164.193:33662], old=null
2019-10-28 11:44:39,551 [31ceb61f-dd6d-4279-87bc-0b070a534ff8@group-CD80D7819AB3-LeaderElection26] INFO  impl.LeaderElection (LeaderElection.java:askForVotes(178)) - 31ceb61f-dd6d-4279-87bc-0b070a534ff8@group-CD80D7819AB3-LeaderElection26: begin an election at term 1 for -1: [31ceb61f-dd6d-4279-87bc-0b070a534ff8:192.168.164.193:42807], old=null
2019-10-28 11:44:39,551 [pool-169-thread-1] INFO  storage.RaftStorage (RaftStorage.java:format(84)) - Storage directory /workdir/hadoop-ozone/integration-test/target/test-dir/MiniOzoneClusterImpl-b31733c6-727c-4256-9138-ff5b19d95bfe/datanode-2/data/ratis/c2fa87d6-81e7-4a93-a99b-0eda3e4540d0 has been successfully formatted.
2019-10-28 11:44:39,551 [pool-179-thread-1] INFO  storage.RaftStorage (RaftStorage.java:format(84)) - Storage directory /workdir/hadoop-ozone/integration-test/target/test-dir/MiniOzoneClusterImpl-b31733c6-727c-4256-9138-ff5b19d95bfe/datanode-3/data/ratis/c2fa87d6-81e7-4a93-a99b-0eda3e4540d0 has been successfully formatted.
2019-10-28 11:44:39,551 [pool-159-thread-1] INFO  storage.RaftStorage (RaftStorage.java:format(84)) - Storage directory /workdir/hadoop-ozone/integration-test/target/test-dir/MiniOzoneClusterImpl-b31733c6-727c-4256-9138-ff5b19d95bfe/datanode-1/data/ratis/c2fa87d6-81e7-4a93-a99b-0eda3e4540d0 has been successfully formatted.
2019-10-28 11:44:39,551 [pool-169-thread-1] INFO  ratis.ContainerStateMachine (ContainerStateMachine.java:loadSnapshot(231)) - group-0EDA3E4540D0: The snapshot info is null. Setting the last applied indexto:(t:0, i:~)
2019-10-28 11:44:39,551 [31ceb61f-dd6d-4279-87bc-0b070a534ff8@group-CD80D7819AB3-LeaderElection26] INFO  impl.RoleInfo (RoleInfo.java:shutdownLeaderElection(134)) - 31ceb61f-dd6d-4279-87bc-0b070a534ff8: shutdown LeaderElection
2019-10-28 11:44:39,551 [03d0ba9c-9a68-4db9-a306-0d67556dce53@group-A3FB2D5161E8-LeaderElection27] INFO  impl.RoleInfo (RoleInfo.java:shutdownLeaderElection(134)) - 03d0ba9c-9a68-4db9-a306-0d67556dce53: shutdown LeaderElection
2019-10-28 11:44:39,552 [31ceb61f-dd6d-4279-87bc-0b070a534ff8@group-CD80D7819AB3-LeaderElection26] INFO  impl.RaftServerImpl (RaftServerImpl.java:setRole(184)) - 31ceb61f-dd6d-4279-87bc-0b070a534ff8@group-CD80D7819AB3: changes role from CANDIDATE to LEADER at term 1 for changeToLeader
2019-10-28 11:44:39,551 [pool-169-thread-1] INFO  server.RaftServerConfigKeys (ConfUtils.java:logGet(43)) - raft.server.notification.no-leader.timeout = 120s (custom)
2019-10-28 11:44:39,551 [pool-159-thread-1] INFO  ratis.ContainerStateMachine (ContainerStateMachine.java:loadSnapshot(231)) - group-0EDA3E4540D0: The snapshot info is null. Setting the last applied indexto:(t:0, i:~)
2019-10-28 11:44:39,551 [pool-179-thread-1] INFO  ratis.ContainerStateMachine (ContainerStateMachine.java:loadSnapshot(231)) - group-0EDA3E4540D0: The snapshot info is null. Setting the last applied indexto:(t:0, i:~)
2019-10-28 11:44:39,552 [ce71e9bc-e571-4e52-8a73-1c9dce7b9fa7@group-B0CC4113945E-LeaderElection28] INFO  impl.LeaderElection (LeaderElection.java:askForVotes(178)) - ce71e9bc-e571-4e52-8a73-1c9dce7b9fa7@group-B0CC4113945E-LeaderElection28: begin an election at term 1 for -1: [ce71e9bc-e571-4e52-8a73-1c9dce7b9fa7:192.168.164.193:36234], old=null
2019-10-28 11:44:39,552 [pool-159-thread-1] INFO  server.RaftServerConfigKeys (ConfUtils.java:logGet(43)) - raft.server.notification.no-leader.timeout = 120s (custom)
2019-10-28 11:44:39,552 [pool-159-thread-1] INFO  server.RaftServerConfigKeys (ConfUtils.java:logGet(43)) - raft.server.log.use.memory = false (default)
2019-10-28 11:44:39,552 [pool-169-thread-1] INFO  server.RaftServerConfigKeys (ConfUtils.java:logGet(43)) - raft.server.log.use.memory = false (default)
2019-10-28 11:44:39,552 [31ceb61f-dd6d-4279-87bc-0b070a534ff8@group-CD80D7819AB3-LeaderElection26] INFO  impl.RaftServerImpl (ServerState.java:setLeader(256)) - 31ceb61f-dd6d-4279-87bc-0b070a534ff8@group-CD80D7819AB3: change Leader from null to 31ceb61f-dd6d-4279-87bc-0b070a534ff8 at term 1 for becomeLeader, leader elected after 117ms
2019-10-28 11:44:39,552 [03d0ba9c-9a68-4db9-a306-0d67556dce53@group-A3FB2D5161E8-LeaderElection27] INFO  impl.RaftServerImpl (RaftServerImpl.java:setRole(184)) - 03d0ba9c-9a68-4db9-a306-0d67556dce53@group-A3FB2D5161E8: changes role from CANDIDATE to LEADER at term 1 for changeToLeader
2019-10-28 11:44:39,553 [31ceb61f-dd6d-4279-87bc-0b070a534ff8@group-CD80D7819AB3-LeaderElection26] INFO  server.RaftServerConfigKeys (ConfUtils.java:logGet(43)) - raft.server.staging.catchup.gap = 1000 (default)
2019-10-28 11:44:39,552 [pool-169-thread-1] INFO  server.RaftServerConfigKeys (ConfUtils.java:logGet(43)) - raft.server.log.purge.gap = 1000000 (custom)
2019-10-28 11:44:39,552 [pool-159-thread-1] INFO  server.RaftServerConfigKeys (ConfUtils.java:logGet(43)) - raft.server.log.purge.gap = 1000000 (custom)
2019-10-28 11:44:39,552 [ce71e9bc-e571-4e52-8a73-1c9dce7b9fa7@group-B0CC4113945E-LeaderElection28] INFO  impl.RoleInfo (RoleInfo.java:shutdownLeaderElection(134)) - ce71e9bc-e571-4e52-8a73-1c9dce7b9fa7: shutdown LeaderElection
2019-10-28 11:44:39,552 [pool-179-thread-1] INFO  server.RaftServerConfigKeys (ConfUtils.java:logGet(43)) - raft.server.notification.no-leader.timeout = 120s (custom)
2019-10-28 11:44:39,553 [ce71e9bc-e571-4e52-8a73-1c9dce7b9fa7@group-B0CC4113945E-LeaderElection28] INFO  impl.RaftServerImpl (RaftServerImpl.java:setRole(184)) - ce71e9bc-e571-4e52-8a73-1c9dce7b9fa7@group-B0CC4113945E: changes role from CANDIDATE to LEADER at term 1 for changeToLeader
2019-10-28 11:44:39,553 [pool-159-thread-1] INFO  server.RaftServerConfigKeys (ConfUtils.java:logGet(43)) - raft.server.log.appender.buffer.byte-limit = 33554432 (custom)
2019-10-28 11:44:39,553 [pool-169-thread-1] INFO  server.RaftServerConfigKeys (ConfUtils.java:logGet(43)) - raft.server.log.appender.buffer.byte-limit = 33554432 (custom)
2019-10-28 11:44:39,553 [pool-169-thread-1] INFO  server.RaftServerConfigKeys (ConfUtils.java:logGet(43)) - raft.server.log.segment.size.max = 1048576 (custom)
2019-10-28 11:44:39,553 [31ceb61f-dd6d-4279-87bc-0b070a534ff8@group-CD80D7819AB3-LeaderElection26] INFO  server.RaftServerConfigKeys (ConfUtils.java:logGet(43)) - raft.server.rpc.sleep.time = 25ms (default)
2019-10-28 11:44:39,553 [03d0ba9c-9a68-4db9-a306-0d67556dce53@group-A3FB2D5161E8-LeaderElection27] INFO  impl.RaftServerImpl (ServerState.java:setLeader(256)) - 03d0ba9c-9a68-4db9-a306-0d67556dce53@group-A3FB2D5161E8: change Leader from null to 03d0ba9c-9a68-4db9-a306-0d67556dce53 at term 1 for becomeLeader, leader elected after 233ms
2019-10-28 11:44:39,554 [31ceb61f-dd6d-4279-87bc-0b070a534ff8@group-CD80D7819AB3-LeaderElection26] INFO  server.RaftServerConfigKeys (ConfUtils.java:logGet(43)) - raft.server.write.element-limit = 4096 (default)
2019-10-28 11:44:39,554 [pool-169-thread-1] INFO  server.RaftServerConfigKeys (ConfUtils.java:logGet(43)) - raft.server.log.segment.cache.num.max = 2 (custom)
2019-10-28 11:44:39,553 [pool-159-thread-1] INFO  server.RaftServerConfigKeys (ConfUtils.java:logGet(43)) - raft.server.log.segment.size.max = 1048576 (custom)
2019-10-28 11:44:39,553 [ce71e9bc-e571-4e52-8a73-1c9dce7b9fa7@group-B0CC4113945E-LeaderElection28] INFO  impl.RaftServerImpl (ServerState.java:setLeader(256)) - ce71e9bc-e571-4e52-8a73-1c9dce7b9fa7@group-B0CC4113945E: change Leader from null to ce71e9bc-e571-4e52-8a73-1c9dce7b9fa7 at term 1 for becomeLeader, leader elected after 75ms
2019-10-28 11:44:39,553 [pool-179-thread-1] INFO  server.RaftServerConfigKeys (ConfUtils.java:logGet(43)) - raft.server.log.use.memory = false (default)
2019-10-28 11:44:39,554 [ce71e9bc-e571-4e52-8a73-1c9dce7b9fa7@group-B0CC4113945E-LeaderElection28] INFO  server.RaftServerConfigKeys (ConfUtils.java:logGet(43)) - raft.server.staging.catchup.gap = 1000 (default)
2019-10-28 11:44:39,554 [pool-159-thread-1] INFO  server.RaftServerConfigKeys (ConfUtils.java:logGet(43)) - raft.server.log.segment.cache.num.max = 2 (custom)
2019-10-28 11:44:39,554 [pool-169-thread-1] INFO  segmented.SegmentedRaftLogWorker (SegmentedRaftLogWorker.java:<init>(173)) - new 21e5d428-bfa8-41d9-bec1-e8e8886ad03a@group-0EDA3E4540D0-SegmentedRaftLogWorker for RaftStorage:Storage Directory /workdir/hadoop-ozone/integration-test/target/test-dir/MiniOzoneClusterImpl-b31733c6-727c-4256-9138-ff5b19d95bfe/datanode-2/data/ratis/c2fa87d6-81e7-4a93-a99b-0eda3e4540d0
2019-10-28 11:44:39,554 [31ceb61f-dd6d-4279-87bc-0b070a534ff8@group-CD80D7819AB3-LeaderElection26] INFO  server.RaftServerConfigKeys (ConfUtils.java:logGet(43)) - raft.server.watch.timeout = 10s (default)
2019-10-28 11:44:39,554 [03d0ba9c-9a68-4db9-a306-0d67556dce53@group-A3FB2D5161E8-LeaderElection27] INFO  server.RaftServerConfigKeys (ConfUtils.java:logGet(43)) - raft.server.staging.catchup.gap = 1000 (default)
2019-10-28 11:44:39,555 [31ceb61f-dd6d-4279-87bc-0b070a534ff8@group-CD80D7819AB3-LeaderElection26] INFO  server.RaftServerConfigKeys (ConfUtils.java:logGet(43)) - raft.server.watch.timeout.denomination = 1s (default)
2019-10-28 11:44:39,555 [31ceb61f-dd6d-4279-87bc-0b070a534ff8@group-CD80D7819AB3-LeaderElection26] INFO  server.RaftServerConfigKeys (ConfUtils.java:logGet(43)) - raft.server.watch.element-limit = 65536 (default)
2019-10-28 11:44:39,554 [pool-169-thread-1] INFO  server.RaftServerConfigKeys (ConfUtils.java:logGet(43)) - raft.server.log.queue.byte-limit = 2147483647 (custom)
2019-10-28 11:44:39,554 [pool-159-thread-1] INFO  segmented.SegmentedRaftLogWorker (SegmentedRaftLogWorker.java:<init>(173)) - new 03d0ba9c-9a68-4db9-a306-0d67556dce53@group-0EDA3E4540D0-SegmentedRaftLogWorker for RaftStorage:Storage Directory /workdir/hadoop-ozone/integration-test/target/test-dir/MiniOzoneClusterImpl-b31733c6-727c-4256-9138-ff5b19d95bfe/datanode-1/data/ratis/c2fa87d6-81e7-4a93-a99b-0eda3e4540d0
2019-10-28 11:44:39,554 [ce71e9bc-e571-4e52-8a73-1c9dce7b9fa7@group-B0CC4113945E-LeaderElection28] INFO  server.RaftServerConfigKeys (ConfUtils.java:logGet(43)) - raft.server.rpc.sleep.time = 25ms (default)
2019-10-28 11:44:39,554 [pool-179-thread-1] INFO  server.RaftServerConfigKeys (ConfUtils.java:logGet(43)) - raft.server.log.purge.gap = 1000000 (custom)
2019-10-28 11:44:39,555 [ce71e9bc-e571-4e52-8a73-1c9dce7b9fa7@group-B0CC4113945E-LeaderElection28] INFO  server.RaftServerConfigKeys (ConfUtils.java:logGet(43)) - raft.server.write.element-limit = 4096 (default)
2019-10-28 11:44:39,555 [pool-159-thread-1] INFO  server.RaftServerConfigKeys (ConfUtils.java:logGet(43)) - raft.server.log.queue.byte-limit = 2147483647 (custom)
2019-10-28 11:44:39,555 [pool-169-thread-1] INFO  server.RaftServerConfigKeys (ConfUtils.java:logGet(43)) - raft.server.log.queue.element-limit = 1024 (custom)
2019-10-28 11:44:39,555 [03d0ba9c-9a68-4db9-a306-0d67556dce53@group-A3FB2D5161E8-LeaderElection27] INFO  server.RaftServerConfigKeys (ConfUtils.java:logGet(43)) - raft.server.rpc.sleep.time = 25ms (default)
2019-10-28 11:44:39,556 [pool-169-thread-1] INFO  server.RaftServerConfigKeys (ConfUtils.java:logGet(43)) - raft.server.log.segment.size.max = 1048576 (custom)
2019-10-28 11:44:39,555 [pool-159-thread-1] INFO  server.RaftServerConfigKeys (ConfUtils.java:logGet(43)) - raft.server.log.queue.element-limit = 1024 (custom)
2019-10-28 11:44:39,555 [ce71e9bc-e571-4e52-8a73-1c9dce7b9fa7@group-B0CC4113945E-LeaderElection28] INFO  server.RaftServerConfigKeys (ConfUtils.java:logGet(43)) - raft.server.watch.timeout = 10s (default)
2019-10-28 11:44:39,555 [pool-179-thread-1] INFO  server.RaftServerConfigKeys (ConfUtils.java:logGet(43)) - raft.server.log.appender.buffer.byte-limit = 33554432 (custom)
2019-10-28 11:44:39,556 [ce71e9bc-e571-4e52-8a73-1c9dce7b9fa7@group-B0CC4113945E-LeaderElection28] INFO  server.RaftServerConfigKeys (ConfUtils.java:logGet(43)) - raft.server.watch.timeout.denomination = 1s (default)
2019-10-28 11:44:39,556 [pool-159-thread-1] INFO  server.RaftServerConfigKeys (ConfUtils.java:logGet(43)) - raft.server.log.segment.size.max = 1048576 (custom)
2019-10-28 11:44:39,556 [pool-159-thread-1] INFO  server.RaftServerConfigKeys (ConfUtils.java:logGet(43)) - raft.server.log.preallocated.size = 16384 (custom)
2019-10-28 11:44:39,556 [pool-169-thread-1] INFO  server.RaftServerConfigKeys (ConfUtils.java:logGet(43)) - raft.server.log.preallocated.size = 16384 (custom)
2019-10-28 11:44:39,556 [03d0ba9c-9a68-4db9-a306-0d67556dce53@group-A3FB2D5161E8-LeaderElection27] INFO  server.RaftServerConfigKeys (ConfUtils.java:logGet(43)) - raft.server.write.element-limit = 4096 (default)
2019-10-28 11:44:39,556 [pool-169-thread-1] INFO  server.RaftServerConfigKeys (ConfUtils.java:logGet(43)) - raft.server.log.write.buffer.size = 33554432 (custom)
2019-10-28 11:44:39,556 [31ceb61f-dd6d-4279-87bc-0b070a534ff8@group-CD80D7819AB3-LeaderElection26] INFO  impl.RoleInfo (RoleInfo.java:updateAndGet(143)) - 31ceb61f-dd6d-4279-87bc-0b070a534ff8: start LeaderState
2019-10-28 11:44:39,556 [pool-159-thread-1] INFO  server.RaftServerConfigKeys (ConfUtils.java:logGet(43)) - raft.server.log.write.buffer.size = 33554432 (custom)
2019-10-28 11:44:39,557 [pool-159-thread-1] INFO  server.RaftServerConfigKeys (ConfUtils.java:logGet(43)) - raft.server.log.force.sync.num = 128 (default)
2019-10-28 11:44:39,556 [ce71e9bc-e571-4e52-8a73-1c9dce7b9fa7@group-B0CC4113945E-LeaderElection28] INFO  server.RaftServerConfigKeys (ConfUtils.java:logGet(43)) - raft.server.watch.element-limit = 65536 (default)
2019-10-28 11:44:39,556 [pool-179-thread-1] INFO  server.RaftServerConfigKeys (ConfUtils.java:logGet(43)) - raft.server.log.segment.size.max = 1048576 (custom)
2019-10-28 11:44:39,557 [pool-159-thread-1] INFO  server.RaftServerConfigKeys (ConfUtils.java:logGet(43)) - raft.server.log.statemachine.data.sync = true (default)
2019-10-28 11:44:39,557 [31ceb61f-dd6d-4279-87bc-0b070a534ff8@group-CD80D7819AB3-LeaderElection26] INFO  segmented.SegmentedRaftLogWorker (SegmentedRaftLogWorker.java:startLogSegment(385)) - 31ceb61f-dd6d-4279-87bc-0b070a534ff8@group-CD80D7819AB3-SegmentedRaftLogWorker: Starting segment from index:0
2019-10-28 11:44:39,557 [pool-169-thread-1] INFO  server.RaftServerConfigKeys (ConfUtils.java:logGet(43)) - raft.server.log.force.sync.num = 128 (default)
2019-10-28 11:44:39,557 [03d0ba9c-9a68-4db9-a306-0d67556dce53@group-A3FB2D5161E8-LeaderElection27] INFO  server.RaftServerConfigKeys (ConfUtils.java:logGet(43)) - raft.server.watch.timeout = 10s (default)
2019-10-28 11:44:39,557 [pool-169-thread-1] INFO  server.RaftServerConfigKeys (ConfUtils.java:logGet(43)) - raft.server.log.statemachine.data.sync = true (default)
2019-10-28 11:44:39,557 [pool-159-thread-1] INFO  server.RaftServerConfigKeys (ConfUtils.java:logGet(43)) - raft.server.log.statemachine.data.sync.timeout = 10s (default)
2019-10-28 11:44:39,557 [pool-179-thread-1] INFO  server.RaftServerConfigKeys (ConfUtils.java:logGet(43)) - raft.server.log.segment.cache.num.max = 2 (custom)
2019-10-28 11:44:39,558 [pool-159-thread-1] INFO  server.RaftServerConfigKeys (ConfUtils.java:logGet(43)) - raft.server.log.statemachine.data.sync.timeout.retry = -1 (default)
2019-10-28 11:44:39,558 [pool-169-thread-1] INFO  server.RaftServerConfigKeys (ConfUtils.java:logGet(43)) - raft.server.log.statemachine.data.sync.timeout = 10s (default)
2019-10-28 11:44:39,558 [31ceb61f-dd6d-4279-87bc-0b070a534ff8@group-CD80D7819AB3-LeaderElection26] INFO  impl.RaftServerImpl (ServerState.java:setRaftConf(357)) - 31ceb61f-dd6d-4279-87bc-0b070a534ff8@group-CD80D7819AB3: set configuration 0: [31ceb61f-dd6d-4279-87bc-0b070a534ff8:192.168.164.193:42807], old=null at 0
2019-10-28 11:44:39,558 [03d0ba9c-9a68-4db9-a306-0d67556dce53@group-A3FB2D5161E8-LeaderElection27] INFO  server.RaftServerConfigKeys (ConfUtils.java:logGet(43)) - raft.server.watch.timeout.denomination = 1s (default)
2019-10-28 11:44:39,558 [pool-169-thread-1] INFO  server.RaftServerConfigKeys (ConfUtils.java:logGet(43)) - raft.server.log.statemachine.data.sync.timeout.retry = -1 (default)
2019-10-28 11:44:39,558 [pool-159-thread-1] INFO  server.RaftServerConfigKeys (ConfUtils.java:logGet(43)) - raft.server.log.statemachine.data.caching.enabled = true (custom)
2019-10-28 11:44:39,558 [pool-179-thread-1] INFO  segmented.SegmentedRaftLogWorker (SegmentedRaftLogWorker.java:<init>(173)) - new 31ceb61f-dd6d-4279-87bc-0b070a534ff8@group-0EDA3E4540D0-SegmentedRaftLogWorker for RaftStorage:Storage Directory /workdir/hadoop-ozone/integration-test/target/test-dir/MiniOzoneClusterImpl-b31733c6-727c-4256-9138-ff5b19d95bfe/datanode-3/data/ratis/c2fa87d6-81e7-4a93-a99b-0eda3e4540d0
2019-10-28 11:44:39,558 [pool-169-thread-1] INFO  server.RaftServerConfigKeys (ConfUtils.java:logGet(43)) - raft.server.log.statemachine.data.caching.enabled = true (custom)
2019-10-28 11:44:39,558 [03d0ba9c-9a68-4db9-a306-0d67556dce53@group-A3FB2D5161E8-LeaderElection27] INFO  server.RaftServerConfigKeys (ConfUtils.java:logGet(43)) - raft.server.watch.element-limit = 65536 (default)
2019-10-28 11:44:39,559 [ce71e9bc-e571-4e52-8a73-1c9dce7b9fa7@group-B0CC4113945E-LeaderElection28] INFO  impl.RoleInfo (RoleInfo.java:updateAndGet(143)) - ce71e9bc-e571-4e52-8a73-1c9dce7b9fa7: start LeaderState
2019-10-28 11:44:39,559 [pool-159-thread-1] INFO  segmented.SegmentedRaftLogWorker (SegmentedRaftLogWorker.java:lambda$new$0(128)) - 03d0ba9c-9a68-4db9-a306-0d67556dce53@group-0EDA3E4540D0-SegmentedRaftLogWorker: flushIndex: setUnconditionally 0 -> -1
2019-10-28 11:44:39,559 [pool-179-thread-1] INFO  server.RaftServerConfigKeys (ConfUtils.java:logGet(43)) - raft.server.log.queue.byte-limit = 2147483647 (custom)
2019-10-28 11:44:39,559 [ce71e9bc-e571-4e52-8a73-1c9dce7b9fa7@group-B0CC4113945E-LeaderElection28] INFO  segmented.SegmentedRaftLogWorker (SegmentedRaftLogWorker.java:startLogSegment(385)) - ce71e9bc-e571-4e52-8a73-1c9dce7b9fa7@group-B0CC4113945E-SegmentedRaftLogWorker: Starting segment from index:0
2019-10-28 11:44:39,559 [pool-169-thread-1] INFO  segmented.SegmentedRaftLogWorker (SegmentedRaftLogWorker.java:lambda$new$0(128)) - 21e5d428-bfa8-41d9-bec1-e8e8886ad03a@group-0EDA3E4540D0-SegmentedRaftLogWorker: flushIndex: setUnconditionally 0 -> -1
2019-10-28 11:44:39,559 [pool-179-thread-1] INFO  server.RaftServerConfigKeys (ConfUtils.java:logGet(43)) - raft.server.log.queue.element-limit = 1024 (custom)
2019-10-28 11:44:39,559 [pool-159-thread-1] INFO  server.RaftServerConfigKeys (ConfUtils.java:logGet(43)) - raft.server.snapshot.auto.trigger.enabled = true (custom)
2019-10-28 11:44:39,559 [pool-179-thread-1] INFO  server.RaftServerConfigKeys (ConfUtils.java:logGet(43)) - raft.server.log.segment.size.max = 1048576 (custom)
2019-10-28 11:44:39,559 [ce71e9bc-e571-4e52-8a73-1c9dce7b9fa7@group-B0CC4113945E-LeaderElection28] INFO  impl.RaftServerImpl (ServerState.java:setRaftConf(357)) - ce71e9bc-e571-4e52-8a73-1c9dce7b9fa7@group-B0CC4113945E: set configuration 0: [ce71e9bc-e571-4e52-8a73-1c9dce7b9fa7:192.168.164.193:36234], old=null at 0
2019-10-28 11:44:39,559 [pool-159-thread-1] INFO  server.RaftServerConfigKeys (ConfUtils.java:logGet(43)) - raft.server.snapshot.auto.trigger.threshold = 10000 (custom)
2019-10-28 11:44:39,560 [pool-179-thread-1] INFO  server.RaftServerConfigKeys (ConfUtils.java:logGet(43)) - raft.server.log.preallocated.size = 16384 (custom)
2019-10-28 11:44:39,559 [pool-169-thread-1] INFO  server.RaftServerConfigKeys (ConfUtils.java:logGet(43)) - raft.server.snapshot.auto.trigger.enabled = true (custom)
2019-10-28 11:44:39,560 [pool-179-thread-1] INFO  server.RaftServerConfigKeys (ConfUtils.java:logGet(43)) - raft.server.log.write.buffer.size = 33554432 (custom)
2019-10-28 11:44:39,560 [pool-159-thread-1] INFO  server.RaftServerConfigKeys (ConfUtils.java:logGet(43)) - raft.server.snapshot.retention.file.num = 5 (custom)
2019-10-28 11:44:39,560 [pool-179-thread-1] INFO  server.RaftServerConfigKeys (ConfUtils.java:logGet(43)) - raft.server.log.force.sync.num = 128 (default)
2019-10-28 11:44:39,560 [pool-169-thread-1] INFO  server.RaftServerConfigKeys (ConfUtils.java:logGet(43)) - raft.server.snapshot.auto.trigger.threshold = 10000 (custom)
2019-10-28 11:44:39,560 [pool-179-thread-1] INFO  server.RaftServerConfigKeys (ConfUtils.java:logGet(43)) - raft.server.log.statemachine.data.sync = true (default)
2019-10-28 11:44:39,560 [pool-159-thread-1] INFO  server.RaftServerConfigKeys (ConfUtils.java:logGet(43)) - raft.server.retrycache.expirytime = 600000ms (custom)
2019-10-28 11:44:39,560 [pool-179-thread-1] INFO  server.RaftServerConfigKeys (ConfUtils.java:logGet(43)) - raft.server.log.statemachine.data.sync.timeout = 10s (default)
2019-10-28 11:44:39,560 [pool-169-thread-1] INFO  server.RaftServerConfigKeys (ConfUtils.java:logGet(43)) - raft.server.snapshot.retention.file.num = 5 (custom)
2019-10-28 11:44:39,561 [03d0ba9c-9a68-4db9-a306-0d67556dce53@group-A3FB2D5161E8-LeaderElection27] INFO  impl.RoleInfo (RoleInfo.java:updateAndGet(143)) - 03d0ba9c-9a68-4db9-a306-0d67556dce53: start LeaderState
2019-10-28 11:44:39,561 [pool-179-thread-1] INFO  server.RaftServerConfigKeys (ConfUtils.java:logGet(43)) - raft.server.log.statemachine.data.sync.timeout.retry = -1 (default)
2019-10-28 11:44:39,561 [03d0ba9c-9a68-4db9-a306-0d67556dce53@group-A3FB2D5161E8-LeaderElection27] INFO  segmented.SegmentedRaftLogWorker (SegmentedRaftLogWorker.java:startLogSegment(385)) - 03d0ba9c-9a68-4db9-a306-0d67556dce53@group-A3FB2D5161E8-SegmentedRaftLogWorker: Starting segment from index:0
2019-10-28 11:44:39,561 [pool-169-thread-1] INFO  server.RaftServerConfigKeys (ConfUtils.java:logGet(43)) - raft.server.retrycache.expirytime = 600000ms (custom)
2019-10-28 11:44:39,561 [pool-179-thread-1] INFO  server.RaftServerConfigKeys (ConfUtils.java:logGet(43)) - raft.server.log.statemachine.data.caching.enabled = true (custom)
2019-10-28 11:44:39,561 [03d0ba9c-9a68-4db9-a306-0d67556dce53@group-A3FB2D5161E8-LeaderElection27] INFO  impl.RaftServerImpl (ServerState.java:setRaftConf(357)) - 03d0ba9c-9a68-4db9-a306-0d67556dce53@group-A3FB2D5161E8: set configuration 0: [03d0ba9c-9a68-4db9-a306-0d67556dce53:192.168.164.193:33662], old=null at 0
2019-10-28 11:44:39,561 [pool-179-thread-1] INFO  segmented.SegmentedRaftLogWorker (SegmentedRaftLogWorker.java:lambda$new$0(128)) - 31ceb61f-dd6d-4279-87bc-0b070a534ff8@group-0EDA3E4540D0-SegmentedRaftLogWorker: flushIndex: setUnconditionally 0 -> -1
2019-10-28 11:44:39,562 [pool-179-thread-1] INFO  server.RaftServerConfigKeys (ConfUtils.java:logGet(43)) - raft.server.snapshot.auto.trigger.enabled = true (custom)
2019-10-28 11:44:39,562 [pool-179-thread-1] INFO  server.RaftServerConfigKeys (ConfUtils.java:logGet(43)) - raft.server.snapshot.auto.trigger.threshold = 10000 (custom)
2019-10-28 11:44:39,563 [pool-179-thread-1] INFO  server.RaftServerConfigKeys (ConfUtils.java:logGet(43)) - raft.server.snapshot.retention.file.num = 5 (custom)
2019-10-28 11:44:39,563 [pool-179-thread-1] INFO  server.RaftServerConfigKeys (ConfUtils.java:logGet(43)) - raft.server.retrycache.expirytime = 600000ms (custom)
2019-10-28 11:44:39,563 [pool-159-thread-1] INFO  impl.RaftServerImpl (RaftServerImpl.java:start(195)) - 03d0ba9c-9a68-4db9-a306-0d67556dce53@group-0EDA3E4540D0: start as a follower, conf=-1: [21e5d428-bfa8-41d9-bec1-e8e8886ad03a:192.168.164.193:40834, 03d0ba9c-9a68-4db9-a306-0d67556dce53:192.168.164.193:33662, 31ceb61f-dd6d-4279-87bc-0b070a534ff8:192.168.164.193:42807], old=null
2019-10-28 11:44:39,563 [pool-159-thread-1] INFO  impl.RaftServerImpl (RaftServerImpl.java:setRole(184)) - 03d0ba9c-9a68-4db9-a306-0d67556dce53@group-0EDA3E4540D0: changes role from      null to FOLLOWER at term 0 for startAsFollower
2019-10-28 11:44:39,563 [pool-159-thread-1] INFO  impl.RoleInfo (RoleInfo.java:updateAndGet(143)) - 03d0ba9c-9a68-4db9-a306-0d67556dce53: start FollowerState
2019-10-28 11:44:39,563 [pool-169-thread-1] INFO  impl.RaftServerImpl (RaftServerImpl.java:start(195)) - 21e5d428-bfa8-41d9-bec1-e8e8886ad03a@group-0EDA3E4540D0: start as a follower, conf=-1: [21e5d428-bfa8-41d9-bec1-e8e8886ad03a:192.168.164.193:40834, 03d0ba9c-9a68-4db9-a306-0d67556dce53:192.168.164.193:33662, 31ceb61f-dd6d-4279-87bc-0b070a534ff8:192.168.164.193:42807], old=null
2019-10-28 11:44:39,564 [pool-169-thread-1] INFO  impl.RaftServerImpl (RaftServerImpl.java:setRole(184)) - 21e5d428-bfa8-41d9-bec1-e8e8886ad03a@group-0EDA3E4540D0: changes role from      null to FOLLOWER at term 0 for startAsFollower
2019-10-28 11:44:39,564 [pool-169-thread-1] INFO  impl.RoleInfo (RoleInfo.java:updateAndGet(143)) - 21e5d428-bfa8-41d9-bec1-e8e8886ad03a: start FollowerState
2019-10-28 11:44:39,564 [pool-159-thread-1] INFO  util.JmxRegister (JmxRegister.java:tryRegister(44)) - Successfully registered JMX Bean with object name Ratis:service=RaftServer,group=group-0EDA3E4540D0,id=03d0ba9c-9a68-4db9-a306-0d67556dce53
2019-10-28 11:44:39,566 [pool-169-thread-1] INFO  util.JmxRegister (JmxRegister.java:tryRegister(44)) - Successfully registered JMX Bean with object name Ratis:service=RaftServer,group=group-0EDA3E4540D0,id=21e5d428-bfa8-41d9-bec1-e8e8886ad03a
2019-10-28 11:44:39,570 [pool-179-thread-1] INFO  impl.RaftServerImpl (RaftServerImpl.java:start(195)) - 31ceb61f-dd6d-4279-87bc-0b070a534ff8@group-0EDA3E4540D0: start as a follower, conf=-1: [21e5d428-bfa8-41d9-bec1-e8e8886ad03a:192.168.164.193:40834, 03d0ba9c-9a68-4db9-a306-0d67556dce53:192.168.164.193:33662, 31ceb61f-dd6d-4279-87bc-0b070a534ff8:192.168.164.193:42807], old=null
2019-10-28 11:44:39,570 [pool-179-thread-1] INFO  impl.RaftServerImpl (RaftServerImpl.java:setRole(184)) - 31ceb61f-dd6d-4279-87bc-0b070a534ff8@group-0EDA3E4540D0: changes role from      null to FOLLOWER at term 0 for startAsFollower
2019-10-28 11:44:39,570 [pool-179-thread-1] INFO  impl.RoleInfo (RoleInfo.java:updateAndGet(143)) - 31ceb61f-dd6d-4279-87bc-0b070a534ff8: start FollowerState
2019-10-28 11:44:39,570 [pool-179-thread-1] INFO  util.JmxRegister (JmxRegister.java:tryRegister(44)) - Successfully registered JMX Bean with object name Ratis:service=RaftServer,group=group-0EDA3E4540D0,id=31ceb61f-dd6d-4279-87bc-0b070a534ff8
2019-10-28 11:44:39,591 [Thread-1324] INFO  impl.FollowerState (FollowerState.java:run(108)) - 21e5d428-bfa8-41d9-bec1-e8e8886ad03a@group-0EDA3E4540D0-FollowerState: change to CANDIDATE, lastRpcTime:27ms, electionTimeout:10ms
2019-10-28 11:44:39,591 [Thread-1324] INFO  impl.RoleInfo (RoleInfo.java:shutdownFollowerState(121)) - 21e5d428-bfa8-41d9-bec1-e8e8886ad03a: shutdown FollowerState
2019-10-28 11:44:39,592 [Thread-1324] INFO  impl.RaftServerImpl (RaftServerImpl.java:setRole(184)) - 21e5d428-bfa8-41d9-bec1-e8e8886ad03a@group-0EDA3E4540D0: changes role from  FOLLOWER to CANDIDATE at term 0 for changeToCandidate
2019-10-28 11:44:39,592 [Thread-1324] INFO  impl.RoleInfo (RoleInfo.java:updateAndGet(143)) - 21e5d428-bfa8-41d9-bec1-e8e8886ad03a: start LeaderElection
2019-10-28 11:44:39,600 [RatisPipelineUtilsThread] INFO  pipeline.PipelineStateManager (PipelineStateManager.java:addPipeline(56)) - Created pipeline Pipeline[ Id: c2fa87d6-81e7-4a93-a99b-0eda3e4540d0, Nodes: 03d0ba9c-9a68-4db9-a306-0d67556dce53{ip: 192.168.164.193, host: pr-hdds-2292-97wmq-4261317731, networkLocation: /rack1, certSerialId: null}21e5d428-bfa8-41d9-bec1-e8e8886ad03a{ip: 192.168.164.193, host: pr-hdds-2292-97wmq-4261317731, networkLocation: /rack1, certSerialId: null}31ceb61f-dd6d-4279-87bc-0b070a534ff8{ip: 192.168.164.193, host: pr-hdds-2292-97wmq-4261317731, networkLocation: /rack1, certSerialId: null}, Type:RATIS, Factor:THREE, State:OPEN]
2019-10-28 11:44:39,610 [03d0ba9c-9a68-4db9-a306-0d67556dce53@group-A3FB2D5161E8-SegmentedRaftLogWorker] INFO  segmented.SegmentedRaftLogWorker (SegmentedRaftLogWorker.java:execute(576)) - 03d0ba9c-9a68-4db9-a306-0d67556dce53@group-A3FB2D5161E8-SegmentedRaftLogWorker: created new log segment /workdir/hadoop-ozone/integration-test/target/test-dir/MiniOzoneClusterImpl-b31733c6-727c-4256-9138-ff5b19d95bfe/datanode-1/data/ratis/8495c20c-1d8a-4070-8824-a3fb2d5161e8/current/log_inprogress_0
2019-10-28 11:44:39,610 [ce71e9bc-e571-4e52-8a73-1c9dce7b9fa7@group-B0CC4113945E-SegmentedRaftLogWorker] INFO  segmented.SegmentedRaftLogWorker (SegmentedRaftLogWorker.java:execute(576)) - ce71e9bc-e571-4e52-8a73-1c9dce7b9fa7@group-B0CC4113945E-SegmentedRaftLogWorker: created new log segment /workdir/hadoop-ozone/integration-test/target/test-dir/MiniOzoneClusterImpl-b31733c6-727c-4256-9138-ff5b19d95bfe/datanode-4/data/ratis/61b8633b-cb35-4674-878d-b0cc4113945e/current/log_inprogress_0
2019-10-28 11:44:39,612 [21e5d428-bfa8-41d9-bec1-e8e8886ad03a@group-0EDA3E4540D0-LeaderElection29] INFO  impl.LeaderElection (LeaderElection.java:askForVotes(178)) - 21e5d428-bfa8-41d9-bec1-e8e8886ad03a@group-0EDA3E4540D0-LeaderElection29: begin an election at term 1 for -1: [21e5d428-bfa8-41d9-bec1-e8e8886ad03a:192.168.164.193:40834, 03d0ba9c-9a68-4db9-a306-0d67556dce53:192.168.164.193:33662, 31ceb61f-dd6d-4279-87bc-0b070a534ff8:192.168.164.193:42807], old=null
2019-10-28 11:44:39,610 [31ceb61f-dd6d-4279-87bc-0b070a534ff8@group-CD80D7819AB3-SegmentedRaftLogWorker] INFO  segmented.SegmentedRaftLogWorker (SegmentedRaftLogWorker.java:execute(576)) - 31ceb61f-dd6d-4279-87bc-0b070a534ff8@group-CD80D7819AB3-SegmentedRaftLogWorker: created new log segment /workdir/hadoop-ozone/integration-test/target/test-dir/MiniOzoneClusterImpl-b31733c6-727c-4256-9138-ff5b19d95bfe/datanode-3/data/ratis/f187d09e-e85f-4368-9c92-cd80d7819ab3/current/log_inprogress_0
2019-10-28 11:44:39,626 [grpc-default-executor-4] INFO  impl.RaftServerProxy (RaftServerProxy.java:addNew(89)) - 75159f97-af2c-48a6-bb8f-f5acb2145c35: addNew group-08147416B334:[24830d12-f44b-43d9-b733-6f9667bbd6c9:192.168.164.193:40613, 75159f97-af2c-48a6-bb8f-f5acb2145c35:192.168.164.193:42423, ce71e9bc-e571-4e52-8a73-1c9dce7b9fa7:192.168.164.193:36234] returns group-08147416B334:java.util.concurrent.CompletableFuture@4a6c775b[Not completed]
2019-10-28 11:44:39,627 [grpc-default-executor-2] INFO  impl.RaftServerProxy (RaftServerProxy.java:addNew(89)) - 24830d12-f44b-43d9-b733-6f9667bbd6c9: addNew group-08147416B334:[24830d12-f44b-43d9-b733-6f9667bbd6c9:192.168.164.193:40613, 75159f97-af2c-48a6-bb8f-f5acb2145c35:192.168.164.193:42423, ce71e9bc-e571-4e52-8a73-1c9dce7b9fa7:192.168.164.193:36234] returns group-08147416B334:java.util.concurrent.CompletableFuture@51abb89[Not completed]
2019-10-28 11:44:39,629 [grpc-default-executor-2] INFO  impl.RaftServerImpl (RaftServerImpl.java:setRole(184)) - 03d0ba9c-9a68-4db9-a306-0d67556dce53@group-0EDA3E4540D0: changes role from  FOLLOWER to FOLLOWER at term 1 for recognizeCandidate:21e5d428-bfa8-41d9-bec1-e8e8886ad03a
2019-10-28 11:44:39,629 [grpc-default-executor-3] INFO  impl.RaftServerProxy (RaftServerProxy.java:addNew(89)) - ce71e9bc-e571-4e52-8a73-1c9dce7b9fa7: addNew group-08147416B334:[24830d12-f44b-43d9-b733-6f9667bbd6c9:192.168.164.193:40613, 75159f97-af2c-48a6-bb8f-f5acb2145c35:192.168.164.193:42423, ce71e9bc-e571-4e52-8a73-1c9dce7b9fa7:192.168.164.193:36234] returns group-08147416B334:java.util.concurrent.CompletableFuture@7399efd[Not completed]
2019-10-28 11:44:39,631 [grpc-default-executor-4] INFO  impl.RaftServerImpl (RaftServerImpl.java:setRole(184)) - 31ceb61f-dd6d-4279-87bc-0b070a534ff8@group-0EDA3E4540D0: changes role from  FOLLOWER to FOLLOWER at term 1 for recognizeCandidate:21e5d428-bfa8-41d9-bec1-e8e8886ad03a
2019-10-28 11:44:39,631 [pool-149-thread-1] INFO  impl.RaftServerImpl (RaftServerImpl.java:<init>(104)) - 75159f97-af2c-48a6-bb8f-f5acb2145c35: new RaftServerImpl for group-08147416B334:[24830d12-f44b-43d9-b733-6f9667bbd6c9:192.168.164.193:40613, 75159f97-af2c-48a6-bb8f-f5acb2145c35:192.168.164.193:42423, ce71e9bc-e571-4e52-8a73-1c9dce7b9fa7:192.168.164.193:36234] with ContainerStateMachine:uninitialized
2019-10-28 11:44:39,629 [grpc-default-executor-2] INFO  impl.RoleInfo (RoleInfo.java:shutdownFollowerState(121)) - 03d0ba9c-9a68-4db9-a306-0d67556dce53: shutdown FollowerState
2019-10-28 11:44:39,631 [pool-149-thread-1] INFO  server.RaftServerConfigKeys (ConfUtils.java:logGet(43)) - raft.server.rpc.timeout.min = 1s (custom)
2019-10-28 11:44:39,631 [grpc-default-executor-2] INFO  impl.RoleInfo (RoleInfo.java:updateAndGet(143)) - 03d0ba9c-9a68-4db9-a306-0d67556dce53: start FollowerState
2019-10-28 11:44:39,631 [grpc-default-executor-4] INFO  impl.RoleInfo (RoleInfo.java:shutdownFollowerState(121)) - 31ceb61f-dd6d-4279-87bc-0b070a534ff8: shutdown FollowerState
2019-10-28 11:44:39,631 [pool-149-thread-1] INFO  server.RaftServerConfigKeys (ConfUtils.java:logGet(43)) - raft.server.rpc.timeout.max = 1200ms (custom)
2019-10-28 11:44:39,631 [Thread-1323] INFO  impl.FollowerState (FollowerState.java:run(117)) - 03d0ba9c-9a68-4db9-a306-0d67556dce53@group-0EDA3E4540D0-FollowerState was interrupted: java.lang.InterruptedException: sleep interrupted
2019-10-28 11:44:39,631 [pool-189-thread-1] INFO  impl.RaftServerImpl (RaftServerImpl.java:<init>(104)) - ce71e9bc-e571-4e52-8a73-1c9dce7b9fa7: new RaftServerImpl for group-08147416B334:[24830d12-f44b-43d9-b733-6f9667bbd6c9:192.168.164.193:40613, 75159f97-af2c-48a6-bb8f-f5acb2145c35:192.168.164.193:42423, ce71e9bc-e571-4e52-8a73-1c9dce7b9fa7:192.168.164.193:36234] with ContainerStateMachine:uninitialized
2019-10-28 11:44:39,631 [pool-149-thread-1] INFO  server.RaftServerConfigKeys (ConfUtils.java:logGet(43)) - raft.server.rpcslowness.timeout = 120s (custom)
2019-10-28 11:44:39,633 [pool-149-thread-1] INFO  server.RaftServerConfigKeys (ConfUtils.java:logGet(43)) - raft.server.sleep.deviation.threshold = 300 (default)
2019-10-28 11:44:39,631 [pool-199-thread-1] INFO  impl.RaftServerImpl (RaftServerImpl.java:<init>(104)) - 24830d12-f44b-43d9-b733-6f9667bbd6c9: new RaftServerImpl for group-08147416B334:[24830d12-f44b-43d9-b733-6f9667bbd6c9:192.168.164.193:40613, 75159f97-af2c-48a6-bb8f-f5acb2145c35:192.168.164.193:42423, ce71e9bc-e571-4e52-8a73-1c9dce7b9fa7:192.168.164.193:36234] with ContainerStateMachine:uninitialized
2019-10-28 11:44:39,631 [grpc-default-executor-4] INFO  impl.RoleInfo (RoleInfo.java:updateAndGet(143)) - 31ceb61f-dd6d-4279-87bc-0b070a534ff8: start FollowerState
2019-10-28 11:44:39,631 [Thread-1325] INFO  impl.FollowerState (FollowerState.java:run(117)) - 31ceb61f-dd6d-4279-87bc-0b070a534ff8@group-0EDA3E4540D0-FollowerState was interrupted: java.lang.InterruptedException: sleep interrupted
2019-10-28 11:44:39,633 [pool-199-thread-1] INFO  server.RaftServerConfigKeys (ConfUtils.java:logGet(43)) - raft.server.rpc.timeout.min = 1s (custom)
2019-10-28 11:44:39,633 [pool-149-thread-1] INFO  server.RaftServerConfigKeys (ConfUtils.java:logGet(43)) - raft.server.log.appender.install.snapshot.enabled = false (custom)
2019-10-28 11:44:39,633 [pool-189-thread-1] INFO  server.RaftServerConfigKeys (ConfUtils.java:logGet(43)) - raft.server.rpc.timeout.min = 1s (custom)
2019-10-28 11:44:39,635 [pool-149-thread-1] INFO  impl.RaftServerImpl (ServerState.java:<init>(103)) - 75159f97-af2c-48a6-bb8f-f5acb2145c35@group-08147416B334: ConfigurationManager, init=-1: [24830d12-f44b-43d9-b733-6f9667bbd6c9:192.168.164.193:40613, 75159f97-af2c-48a6-bb8f-f5acb2145c35:192.168.164.193:42423, ce71e9bc-e571-4e52-8a73-1c9dce7b9fa7:192.168.164.193:36234], old=null, confs=<EMPTY_MAP>
2019-10-28 11:44:39,634 [pool-199-thread-1] INFO  server.RaftServerConfigKeys (ConfUtils.java:logGet(43)) - raft.server.rpc.timeout.max = 1200ms (custom)
2019-10-28 11:44:39,635 [pool-189-thread-1] INFO  server.RaftServerConfigKeys (ConfUtils.java:logGet(43)) - raft.server.rpc.timeout.max = 1200ms (custom)
2019-10-28 11:44:39,635 [pool-199-thread-1] INFO  server.RaftServerConfigKeys (ConfUtils.java:logGet(43)) - raft.server.rpcslowness.timeout = 120s (custom)
2019-10-28 11:44:39,635 [pool-149-thread-1] INFO  server.RaftServerConfigKeys (ConfUtils.java:logGet(43)) - raft.server.storage.dir = [/workdir/hadoop-ozone/integration-test/target/test-dir/MiniOzoneClusterImpl-b31733c6-727c-4256-9138-ff5b19d95bfe/datanode-0/data/ratis] (custom)
2019-10-28 11:44:39,635 [pool-199-thread-1] INFO  server.RaftServerConfigKeys (ConfUtils.java:logGet(43)) - raft.server.sleep.deviation.threshold = 300 (default)
2019-10-28 11:44:39,635 [pool-189-thread-1] INFO  server.RaftServerConfigKeys (ConfUtils.java:logGet(43)) - raft.server.rpcslowness.timeout = 120s (custom)
2019-10-28 11:44:39,635 [pool-149-thread-1] INFO  server.RaftServerConfigKeys (ConfUtils.java:logGet(43)) - raft.server.log.corruption.policy = EXCEPTION (default)
2019-10-28 11:44:39,635 [pool-199-thread-1] INFO  server.RaftServerConfigKeys (ConfUtils.java:logGet(43)) - raft.server.log.appender.install.snapshot.enabled = false (custom)
2019-10-28 11:44:39,635 [pool-189-thread-1] INFO  server.RaftServerConfigKeys (ConfUtils.java:logGet(43)) - raft.server.sleep.deviation.threshold = 300 (default)
2019-10-28 11:44:39,635 [pool-199-thread-1] INFO  impl.RaftServerImpl (ServerState.java:<init>(103)) - 24830d12-f44b-43d9-b733-6f9667bbd6c9@group-08147416B334: ConfigurationManager, init=-1: [24830d12-f44b-43d9-b733-6f9667bbd6c9:192.168.164.193:40613, 75159f97-af2c-48a6-bb8f-f5acb2145c35:192.168.164.193:42423, ce71e9bc-e571-4e52-8a73-1c9dce7b9fa7:192.168.164.193:36234], old=null, confs=<EMPTY_MAP>
2019-10-28 11:44:39,635 [pool-149-thread-1] INFO  storage.RaftStorageDirectory (RaftStorageDirectory.java:analyzeStorage(246)) - The storage directory /workdir/hadoop-ozone/integration-test/target/test-dir/MiniOzoneClusterImpl-b31733c6-727c-4256-9138-ff5b19d95bfe/datanode-0/data/ratis/a1f718c7-e34d-4c3e-9e12-08147416b334 does not exist. Creating ...
2019-10-28 11:44:39,635 [pool-199-thread-1] INFO  server.RaftServerConfigKeys (ConfUtils.java:logGet(43)) - raft.server.storage.dir = [/workdir/hadoop-ozone/integration-test/target/test-dir/MiniOzoneClusterImpl-b31733c6-727c-4256-9138-ff5b19d95bfe/datanode-5/data/ratis] (custom)
2019-10-28 11:44:39,635 [pool-189-thread-1] INFO  server.RaftServerConfigKeys (ConfUtils.java:logGet(43)) - raft.server.log.appender.install.snapshot.enabled = false (custom)
2019-10-28 11:44:39,636 [pool-189-thread-1] INFO  impl.RaftServerImpl (ServerState.java:<init>(103)) - ce71e9bc-e571-4e52-8a73-1c9dce7b9fa7@group-08147416B334: ConfigurationManager, init=-1: [24830d12-f44b-43d9-b733-6f9667bbd6c9:192.168.164.193:40613, 75159f97-af2c-48a6-bb8f-f5acb2145c35:192.168.164.193:42423, ce71e9bc-e571-4e52-8a73-1c9dce7b9fa7:192.168.164.193:36234], old=null, confs=<EMPTY_MAP>
2019-10-28 11:44:39,636 [pool-199-thread-1] INFO  server.RaftServerConfigKeys (ConfUtils.java:logGet(43)) - raft.server.log.corruption.policy = EXCEPTION (default)
2019-10-28 11:44:39,636 [pool-189-thread-1] INFO  server.RaftServerConfigKeys (ConfUtils.java:logGet(43)) - raft.server.storage.dir = [/workdir/hadoop-ozone/integration-test/target/test-dir/MiniOzoneClusterImpl-b31733c6-727c-4256-9138-ff5b19d95bfe/datanode-4/data/ratis] (custom)
2019-10-28 11:44:39,636 [pool-199-thread-1] INFO  storage.RaftStorageDirectory (RaftStorageDirectory.java:analyzeStorage(246)) - The storage directory /workdir/hadoop-ozone/integration-test/target/test-dir/MiniOzoneClusterImpl-b31733c6-727c-4256-9138-ff5b19d95bfe/datanode-5/data/ratis/a1f718c7-e34d-4c3e-9e12-08147416b334 does not exist. Creating ...
2019-10-28 11:44:39,636 [pool-189-thread-1] INFO  server.RaftServerConfigKeys (ConfUtils.java:logGet(43)) - raft.server.log.corruption.policy = EXCEPTION (default)
2019-10-28 11:44:39,636 [pool-189-thread-1] INFO  storage.RaftStorageDirectory (RaftStorageDirectory.java:analyzeStorage(246)) - The storage directory /workdir/hadoop-ozone/integration-test/target/test-dir/MiniOzoneClusterImpl-b31733c6-727c-4256-9138-ff5b19d95bfe/datanode-4/data/ratis/a1f718c7-e34d-4c3e-9e12-08147416b334 does not exist. Creating ...
2019-10-28 11:44:39,646 [pool-189-thread-1] INFO  storage.RaftStorageDirectory (RaftStorageDirectory.java:tryLock(328)) - Lock on /workdir/hadoop-ozone/integration-test/target/test-dir/MiniOzoneClusterImpl-b31733c6-727c-4256-9138-ff5b19d95bfe/datanode-4/data/ratis/a1f718c7-e34d-4c3e-9e12-08147416b334/in_use.lock acquired by nodename 8743@pr-hdds-2292-97wmq-4261317731
2019-10-28 11:44:39,646 [pool-199-thread-1] INFO  storage.RaftStorageDirectory (RaftStorageDirectory.java:tryLock(328)) - Lock on /workdir/hadoop-ozone/integration-test/target/test-dir/MiniOzoneClusterImpl-b31733c6-727c-4256-9138-ff5b19d95bfe/datanode-5/data/ratis/a1f718c7-e34d-4c3e-9e12-08147416b334/in_use.lock acquired by nodename 8743@pr-hdds-2292-97wmq-4261317731
2019-10-28 11:44:39,646 [pool-149-thread-1] INFO  storage.RaftStorageDirectory (RaftStorageDirectory.java:tryLock(328)) - Lock on /workdir/hadoop-ozone/integration-test/target/test-dir/MiniOzoneClusterImpl-b31733c6-727c-4256-9138-ff5b19d95bfe/datanode-0/data/ratis/a1f718c7-e34d-4c3e-9e12-08147416b334/in_use.lock acquired by nodename 8743@pr-hdds-2292-97wmq-4261317731
2019-10-28 11:44:39,648 [21e5d428-bfa8-41d9-bec1-e8e8886ad03a@group-0EDA3E4540D0-LeaderElection29] INFO  impl.LeaderElection (LeaderElection.java:logAndReturn(56)) - 21e5d428-bfa8-41d9-bec1-e8e8886ad03a@group-0EDA3E4540D0-LeaderElection29: Election PASSED; received 1 response(s) [21e5d428-bfa8-41d9-bec1-e8e8886ad03a<-03d0ba9c-9a68-4db9-a306-0d67556dce53#0:OK-t1] and 0 exception(s); 21e5d428-bfa8-41d9-bec1-e8e8886ad03a@group-0EDA3E4540D0:t1, leader=null, voted=21e5d428-bfa8-41d9-bec1-e8e8886ad03a, raftlog=21e5d428-bfa8-41d9-bec1-e8e8886ad03a@group-0EDA3E4540D0-SegmentedRaftLog:OPENED:c-1,f-1,i0, conf=-1: [21e5d428-bfa8-41d9-bec1-e8e8886ad03a:192.168.164.193:40834, 03d0ba9c-9a68-4db9-a306-0d67556dce53:192.168.164.193:33662, 31ceb61f-dd6d-4279-87bc-0b070a534ff8:192.168.164.193:42807], old=null
2019-10-28 11:44:39,649 [21e5d428-bfa8-41d9-bec1-e8e8886ad03a@group-0EDA3E4540D0-LeaderElection29] INFO  impl.RoleInfo (RoleInfo.java:shutdownLeaderElection(134)) - 21e5d428-bfa8-41d9-bec1-e8e8886ad03a: shutdown LeaderElection
2019-10-28 11:44:39,649 [21e5d428-bfa8-41d9-bec1-e8e8886ad03a@group-0EDA3E4540D0-LeaderElection29] INFO  impl.RaftServerImpl (RaftServerImpl.java:setRole(184)) - 21e5d428-bfa8-41d9-bec1-e8e8886ad03a@group-0EDA3E4540D0: changes role from CANDIDATE to LEADER at term 1 for changeToLeader
2019-10-28 11:44:39,649 [21e5d428-bfa8-41d9-bec1-e8e8886ad03a@group-0EDA3E4540D0-LeaderElection29] INFO  impl.RaftServerImpl (ServerState.java:setLeader(256)) - 21e5d428-bfa8-41d9-bec1-e8e8886ad03a@group-0EDA3E4540D0: change Leader from null to 21e5d428-bfa8-41d9-bec1-e8e8886ad03a at term 1 for becomeLeader, leader elected after 97ms
2019-10-28 11:44:39,649 [21e5d428-bfa8-41d9-bec1-e8e8886ad03a@group-0EDA3E4540D0-LeaderElection29] INFO  server.RaftServerConfigKeys (ConfUtils.java:logGet(43)) - raft.server.staging.catchup.gap = 1000 (default)
2019-10-28 11:44:39,649 [21e5d428-bfa8-41d9-bec1-e8e8886ad03a@group-0EDA3E4540D0-LeaderElection29] INFO  server.RaftServerConfigKeys (ConfUtils.java:logGet(43)) - raft.server.rpc.sleep.time = 25ms (default)
2019-10-28 11:44:39,649 [21e5d428-bfa8-41d9-bec1-e8e8886ad03a@group-0EDA3E4540D0-LeaderElection29] INFO  server.RaftServerConfigKeys (ConfUtils.java:logGet(43)) - raft.server.write.element-limit = 4096 (default)
2019-10-28 11:44:39,649 [21e5d428-bfa8-41d9-bec1-e8e8886ad03a@group-0EDA3E4540D0-LeaderElection29] INFO  server.RaftServerConfigKeys (ConfUtils.java:logGet(43)) - raft.server.watch.timeout = 10s (default)
2019-10-28 11:44:39,649 [21e5d428-bfa8-41d9-bec1-e8e8886ad03a@group-0EDA3E4540D0-LeaderElection29] INFO  server.RaftServerConfigKeys (ConfUtils.java:logGet(43)) - raft.server.watch.timeout.denomination = 1s (default)
2019-10-28 11:44:39,649 [21e5d428-bfa8-41d9-bec1-e8e8886ad03a@group-0EDA3E4540D0-LeaderElection29] INFO  server.RaftServerConfigKeys (ConfUtils.java:logGet(43)) - raft.server.watch.element-limit = 65536 (default)
2019-10-28 11:44:39,651 [21e5d428-bfa8-41d9-bec1-e8e8886ad03a@group-0EDA3E4540D0-LeaderElection29] INFO  server.RaftServerConfigKeys (ConfUtils.java:logGet(43)) - raft.server.log.appender.snapshot.chunk.size.max = 16MB (=16777216) (default)
2019-10-28 11:44:39,651 [21e5d428-bfa8-41d9-bec1-e8e8886ad03a@group-0EDA3E4540D0-LeaderElection29] INFO  server.RaftServerConfigKeys (ConfUtils.java:logGet(43)) - raft.server.log.appender.buffer.byte-limit = 33554432 (custom)
2019-10-28 11:44:39,651 [21e5d428-bfa8-41d9-bec1-e8e8886ad03a@group-0EDA3E4540D0-LeaderElection29] INFO  server.RaftServerConfigKeys (ConfUtils.java:logGet(43)) - raft.server.log.appender.buffer.element-limit = 1 (custom)
2019-10-28 11:44:39,651 [21e5d428-bfa8-41d9-bec1-e8e8886ad03a@group-0EDA3E4540D0-LeaderElection29] INFO  grpc.GrpcConfigKeys$Server (ConfUtils.java:logGet(43)) - raft.grpc.server.leader.outstanding.appends.max = 128 (default)
2019-10-28 11:44:39,651 [21e5d428-bfa8-41d9-bec1-e8e8886ad03a@group-0EDA3E4540D0-LeaderElection29] INFO  server.RaftServerConfigKeys (ConfUtils.java:logGet(43)) - raft.server.rpc.request.timeout = 3000ms (default)
2019-10-28 11:44:39,651 [21e5d428-bfa8-41d9-bec1-e8e8886ad03a@group-0EDA3E4540D0-LeaderElection29] INFO  server.RaftServerConfigKeys (ConfUtils.java:logGet(43)) - raft.server.log.appender.install.snapshot.enabled = false (custom)
2019-10-28 11:44:39,652 [21e5d428-bfa8-41d9-bec1-e8e8886ad03a@group-0EDA3E4540D0-LeaderElection29] INFO  server.RaftServerConfigKeys (ConfUtils.java:logGet(43)) - raft.server.log.appender.snapshot.chunk.size.max = 16MB (=16777216) (default)
2019-10-28 11:44:39,653 [21e5d428-bfa8-41d9-bec1-e8e8886ad03a@group-0EDA3E4540D0-LeaderElection29] INFO  server.RaftServerConfigKeys (ConfUtils.java:logGet(43)) - raft.server.log.appender.buffer.byte-limit = 33554432 (custom)
2019-10-28 11:44:39,653 [21e5d428-bfa8-41d9-bec1-e8e8886ad03a@group-0EDA3E4540D0-LeaderElection29] INFO  server.RaftServerConfigKeys (ConfUtils.java:logGet(43)) - raft.server.log.appender.buffer.element-limit = 1 (custom)
2019-10-28 11:44:39,653 [21e5d428-bfa8-41d9-bec1-e8e8886ad03a@group-0EDA3E4540D0-LeaderElection29] INFO  grpc.GrpcConfigKeys$Server (ConfUtils.java:logGet(43)) - raft.grpc.server.leader.outstanding.appends.max = 128 (default)
2019-10-28 11:44:39,653 [21e5d428-bfa8-41d9-bec1-e8e8886ad03a@group-0EDA3E4540D0-LeaderElection29] INFO  server.RaftServerConfigKeys (ConfUtils.java:logGet(43)) - raft.server.rpc.request.timeout = 3000ms (default)
2019-10-28 11:44:39,653 [21e5d428-bfa8-41d9-bec1-e8e8886ad03a@group-0EDA3E4540D0-LeaderElection29] INFO  server.RaftServerConfigKeys (ConfUtils.java:logGet(43)) - raft.server.log.appender.install.snapshot.enabled = false (custom)
2019-10-28 11:44:39,654 [21e5d428-bfa8-41d9-bec1-e8e8886ad03a@group-0EDA3E4540D0-LeaderElection29] INFO  impl.RoleInfo (RoleInfo.java:updateAndGet(143)) - 21e5d428-bfa8-41d9-bec1-e8e8886ad03a: start LeaderState
2019-10-28 11:44:39,654 [21e5d428-bfa8-41d9-bec1-e8e8886ad03a@group-0EDA3E4540D0-LeaderElection29] INFO  segmented.SegmentedRaftLogWorker (SegmentedRaftLogWorker.java:startLogSegment(385)) - 21e5d428-bfa8-41d9-bec1-e8e8886ad03a@group-0EDA3E4540D0-SegmentedRaftLogWorker: Starting segment from index:0
2019-10-28 11:44:39,655 [21e5d428-bfa8-41d9-bec1-e8e8886ad03a@group-0EDA3E4540D0-LeaderElection29] INFO  impl.RaftServerImpl (ServerState.java:setRaftConf(357)) - 21e5d428-bfa8-41d9-bec1-e8e8886ad03a@group-0EDA3E4540D0: set configuration 0: [21e5d428-bfa8-41d9-bec1-e8e8886ad03a:192.168.164.193:40834, 03d0ba9c-9a68-4db9-a306-0d67556dce53:192.168.164.193:33662, 31ceb61f-dd6d-4279-87bc-0b070a534ff8:192.168.164.193:42807], old=null at 0
2019-10-28 11:44:39,681 [grpc-default-executor-2] INFO  impl.RaftServerImpl (ServerState.java:setLeader(256)) - 31ceb61f-dd6d-4279-87bc-0b070a534ff8@group-0EDA3E4540D0: change Leader from null to 21e5d428-bfa8-41d9-bec1-e8e8886ad03a at term 1 for appendEntries, leader elected after 128ms
2019-10-28 11:44:39,682 [pool-149-thread-1] INFO  storage.RaftStorage (RaftStorage.java:format(84)) - Storage directory /workdir/hadoop-ozone/integration-test/target/test-dir/MiniOzoneClusterImpl-b31733c6-727c-4256-9138-ff5b19d95bfe/datanode-0/data/ratis/a1f718c7-e34d-4c3e-9e12-08147416b334 has been successfully formatted.
2019-10-28 11:44:39,682 [pool-199-thread-1] INFO  storage.RaftStorage (RaftStorage.java:format(84)) - Storage directory /workdir/hadoop-ozone/integration-test/target/test-dir/MiniOzoneClusterImpl-b31733c6-727c-4256-9138-ff5b19d95bfe/datanode-5/data/ratis/a1f718c7-e34d-4c3e-9e12-08147416b334 has been successfully formatted.
2019-10-28 11:44:39,682 [grpc-default-executor-4] INFO  impl.RaftServerImpl (ServerState.java:setLeader(256)) - 03d0ba9c-9a68-4db9-a306-0d67556dce53@group-0EDA3E4540D0: change Leader from null to 21e5d428-bfa8-41d9-bec1-e8e8886ad03a at term 1 for appendEntries, leader elected after 128ms
2019-10-28 11:44:39,682 [pool-189-thread-1] INFO  storage.RaftStorage (RaftStorage.java:format(84)) - Storage directory /workdir/hadoop-ozone/integration-test/target/test-dir/MiniOzoneClusterImpl-b31733c6-727c-4256-9138-ff5b19d95bfe/datanode-4/data/ratis/a1f718c7-e34d-4c3e-9e12-08147416b334 has been successfully formatted.
2019-10-28 11:44:39,682 [pool-199-thread-1] INFO  ratis.ContainerStateMachine (ContainerStateMachine.java:loadSnapshot(231)) - group-08147416B334: The snapshot info is null. Setting the last applied indexto:(t:0, i:~)
2019-10-28 11:44:39,683 [pool-189-thread-1] INFO  ratis.ContainerStateMachine (ContainerStateMachine.java:loadSnapshot(231)) - group-08147416B334: The snapshot info is null. Setting the last applied indexto:(t:0, i:~)
2019-10-28 11:44:39,682 [pool-149-thread-1] INFO  ratis.ContainerStateMachine (ContainerStateMachine.java:loadSnapshot(231)) - group-08147416B334: The snapshot info is null. Setting the last applied indexto:(t:0, i:~)
2019-10-28 11:44:39,683 [pool-189-thread-1] INFO  server.RaftServerConfigKeys (ConfUtils.java:logGet(43)) - raft.server.notification.no-leader.timeout = 120s (custom)
2019-10-28 11:44:39,683 [pool-199-thread-1] INFO  server.RaftServerConfigKeys (ConfUtils.java:logGet(43)) - raft.server.notification.no-leader.timeout = 120s (custom)
2019-10-28 11:44:39,683 [pool-189-thread-1] INFO  server.RaftServerConfigKeys (ConfUtils.java:logGet(43)) - raft.server.log.use.memory = false (default)
2019-10-28 11:44:39,683 [pool-149-thread-1] INFO  server.RaftServerConfigKeys (ConfUtils.java:logGet(43)) - raft.server.notification.no-leader.timeout = 120s (custom)
2019-10-28 11:44:39,683 [pool-189-thread-1] INFO  server.RaftServerConfigKeys (ConfUtils.java:logGet(43)) - raft.server.log.purge.gap = 1000000 (custom)
2019-10-28 11:44:39,683 [pool-199-thread-1] INFO  server.RaftServerConfigKeys (ConfUtils.java:logGet(43)) - raft.server.log.use.memory = false (default)
2019-10-28 11:44:39,683 [pool-189-thread-1] INFO  server.RaftServerConfigKeys (ConfUtils.java:logGet(43)) - raft.server.log.appender.buffer.byte-limit = 33554432 (custom)
2019-10-28 11:44:39,683 [pool-149-thread-1] INFO  server.RaftServerConfigKeys (ConfUtils.java:logGet(43)) - raft.server.log.use.memory = false (default)
2019-10-28 11:44:39,684 [pool-189-thread-1] INFO  server.RaftServerConfigKeys (ConfUtils.java:logGet(43)) - raft.server.log.segment.size.max = 1048576 (custom)
2019-10-28 11:44:39,683 [pool-199-thread-1] INFO  server.RaftServerConfigKeys (ConfUtils.java:logGet(43)) - raft.server.log.purge.gap = 1000000 (custom)
2019-10-28 11:44:39,684 [pool-189-thread-1] INFO  server.RaftServerConfigKeys (ConfUtils.java:logGet(43)) - raft.server.log.segment.cache.num.max = 2 (custom)
2019-10-28 11:44:39,684 [pool-149-thread-1] INFO  server.RaftServerConfigKeys (ConfUtils.java:logGet(43)) - raft.server.log.purge.gap = 1000000 (custom)
2019-10-28 11:44:39,684 [pool-189-thread-1] INFO  segmented.SegmentedRaftLogWorker (SegmentedRaftLogWorker.java:<init>(173)) - new ce71e9bc-e571-4e52-8a73-1c9dce7b9fa7@group-08147416B334-SegmentedRaftLogWorker for RaftStorage:Storage Directory /workdir/hadoop-ozone/integration-test/target/test-dir/MiniOzoneClusterImpl-b31733c6-727c-4256-9138-ff5b19d95bfe/datanode-4/data/ratis/a1f718c7-e34d-4c3e-9e12-08147416b334
2019-10-28 11:44:39,684 [pool-199-thread-1] INFO  server.RaftServerConfigKeys (ConfUtils.java:logGet(43)) - raft.server.log.appender.buffer.byte-limit = 33554432 (custom)
2019-10-28 11:44:39,684 [pool-189-thread-1] INFO  server.RaftServerConfigKeys (ConfUtils.java:logGet(43)) - raft.server.log.queue.byte-limit = 2147483647 (custom)
2019-10-28 11:44:39,684 [grpc-default-executor-4] INFO  impl.RaftServerImpl (ServerState.java:setRaftConf(357)) - 31ceb61f-dd6d-4279-87bc-0b070a534ff8@group-0EDA3E4540D0: set configuration 0: [21e5d428-bfa8-41d9-bec1-e8e8886ad03a:192.168.164.193:40834, 03d0ba9c-9a68-4db9-a306-0d67556dce53:192.168.164.193:33662, 31ceb61f-dd6d-4279-87bc-0b070a534ff8:192.168.164.193:42807], old=null at 0
2019-10-28 11:44:39,684 [pool-149-thread-1] INFO  server.RaftServerConfigKeys (ConfUtils.java:logGet(43)) - raft.server.log.appender.buffer.byte-limit = 33554432 (custom)
2019-10-28 11:44:39,685 [grpc-default-executor-4] INFO  segmented.SegmentedRaftLogWorker (SegmentedRaftLogWorker.java:startLogSegment(385)) - 31ceb61f-dd6d-4279-87bc-0b070a534ff8@group-0EDA3E4540D0-SegmentedRaftLogWorker: Starting segment from index:0
2019-10-28 11:44:39,684 [grpc-default-executor-2] INFO  impl.RaftServerImpl (ServerState.java:setRaftConf(357)) - 03d0ba9c-9a68-4db9-a306-0d67556dce53@group-0EDA3E4540D0: set configuration 0: [21e5d428-bfa8-41d9-bec1-e8e8886ad03a:192.168.164.193:40834, 03d0ba9c-9a68-4db9-a306-0d67556dce53:192.168.164.193:33662, 31ceb61f-dd6d-4279-87bc-0b070a534ff8:192.168.164.193:42807], old=null at 0
2019-10-28 11:44:39,684 [pool-189-thread-1] INFO  server.RaftServerConfigKeys (ConfUtils.java:logGet(43)) - raft.server.log.queue.element-limit = 1024 (custom)
2019-10-28 11:44:39,684 [pool-199-thread-1] INFO  server.RaftServerConfigKeys (ConfUtils.java:logGet(43)) - raft.server.log.segment.size.max = 1048576 (custom)
2019-10-28 11:44:39,685 [pool-189-thread-1] INFO  server.RaftServerConfigKeys (ConfUtils.java:logGet(43)) - raft.server.log.segment.size.max = 1048576 (custom)
2019-10-28 11:44:39,685 [grpc-default-executor-2] INFO  segmented.SegmentedRaftLogWorker (SegmentedRaftLogWorker.java:startLogSegment(385)) - 03d0ba9c-9a68-4db9-a306-0d67556dce53@group-0EDA3E4540D0-SegmentedRaftLogWorker: Starting segment from index:0
2019-10-28 11:44:39,685 [pool-149-thread-1] INFO  server.RaftServerConfigKeys (ConfUtils.java:logGet(43)) - raft.server.log.segment.size.max = 1048576 (custom)
2019-10-28 11:44:39,685 [pool-189-thread-1] INFO  server.RaftServerConfigKeys (ConfUtils.java:logGet(43)) - raft.server.log.preallocated.size = 16384 (custom)
2019-10-28 11:44:39,685 [pool-149-thread-1] INFO  server.RaftServerConfigKeys (ConfUtils.java:logGet(43)) - raft.server.log.segment.cache.num.max = 2 (custom)
2019-10-28 11:44:39,685 [pool-189-thread-1] INFO  server.RaftServerConfigKeys (ConfUtils.java:logGet(43)) - raft.server.log.write.buffer.size = 33554432 (custom)
2019-10-28 11:44:39,686 [pool-149-thread-1] INFO  segmented.SegmentedRaftLogWorker (SegmentedRaftLogWorker.java:<init>(173)) - new 75159f97-af2c-48a6-bb8f-f5acb2145c35@group-08147416B334-SegmentedRaftLogWorker for RaftStorage:Storage Directory /workdir/hadoop-ozone/integration-test/target/test-dir/MiniOzoneClusterImpl-b31733c6-727c-4256-9138-ff5b19d95bfe/datanode-0/data/ratis/a1f718c7-e34d-4c3e-9e12-08147416b334
2019-10-28 11:44:39,686 [pool-189-thread-1] INFO  server.RaftServerConfigKeys (ConfUtils.java:logGet(43)) - raft.server.log.force.sync.num = 128 (default)
2019-10-28 11:44:39,686 [pool-149-thread-1] INFO  server.RaftServerConfigKeys (ConfUtils.java:logGet(43)) - raft.server.log.queue.byte-limit = 2147483647 (custom)
2019-10-28 11:44:39,686 [pool-189-thread-1] INFO  server.RaftServerConfigKeys (ConfUtils.java:logGet(43)) - raft.server.log.statemachine.data.sync = true (default)
2019-10-28 11:44:39,686 [pool-149-thread-1] INFO  server.RaftServerConfigKeys (ConfUtils.java:logGet(43)) - raft.server.log.queue.element-limit = 1024 (custom)
2019-10-28 11:44:39,686 [pool-189-thread-1] INFO  server.RaftServerConfigKeys (ConfUtils.java:logGet(43)) - raft.server.log.statemachine.data.sync.timeout = 10s (default)
2019-10-28 11:44:39,686 [pool-149-thread-1] INFO  server.RaftServerConfigKeys (ConfUtils.java:logGet(43)) - raft.server.log.segment.size.max = 1048576 (custom)
2019-10-28 11:44:39,686 [pool-189-thread-1] INFO  server.RaftServerConfigKeys (ConfUtils.java:logGet(43)) - raft.server.log.statemachine.data.sync.timeout.retry = -1 (default)
2019-10-28 11:44:39,686 [pool-199-thread-1] INFO  server.RaftServerConfigKeys (ConfUtils.java:logGet(43)) - raft.server.log.segment.cache.num.max = 2 (custom)
2019-10-28 11:44:39,686 [pool-149-thread-1] INFO  server.RaftServerConfigKeys (ConfUtils.java:logGet(43)) - raft.server.log.preallocated.size = 16384 (custom)
2019-10-28 11:44:39,686 [pool-199-thread-1] INFO  segmented.SegmentedRaftLogWorker (SegmentedRaftLogWorker.java:<init>(173)) - new 24830d12-f44b-43d9-b733-6f9667bbd6c9@group-08147416B334-SegmentedRaftLogWorker for RaftStorage:Storage Directory /workdir/hadoop-ozone/integration-test/target/test-dir/MiniOzoneClusterImpl-b31733c6-727c-4256-9138-ff5b19d95bfe/datanode-5/data/ratis/a1f718c7-e34d-4c3e-9e12-08147416b334
2019-10-28 11:44:39,686 [pool-189-thread-1] INFO  server.RaftServerConfigKeys (ConfUtils.java:logGet(43)) - raft.server.log.statemachine.data.caching.enabled = true (custom)
2019-10-28 11:44:39,686 [21e5d428-bfa8-41d9-bec1-e8e8886ad03a@group-0EDA3E4540D0-SegmentedRaftLogWorker] INFO  segmented.SegmentedRaftLogWorker (SegmentedRaftLogWorker.java:execute(576)) - 21e5d428-bfa8-41d9-bec1-e8e8886ad03a@group-0EDA3E4540D0-SegmentedRaftLogWorker: created new log segment /workdir/hadoop-ozone/integration-test/target/test-dir/MiniOzoneClusterImpl-b31733c6-727c-4256-9138-ff5b19d95bfe/datanode-2/data/ratis/c2fa87d6-81e7-4a93-a99b-0eda3e4540d0/current/log_inprogress_0
2019-10-28 11:44:39,687 [pool-189-thread-1] INFO  segmented.SegmentedRaftLogWorker (SegmentedRaftLogWorker.java:lambda$new$0(128)) - ce71e9bc-e571-4e52-8a73-1c9dce7b9fa7@group-08147416B334-SegmentedRaftLogWorker: flushIndex: setUnconditionally 0 -> -1
2019-10-28 11:44:39,687 [pool-199-thread-1] INFO  server.RaftServerConfigKeys (ConfUtils.java:logGet(43)) - raft.server.log.queue.byte-limit = 2147483647 (custom)
2019-10-28 11:44:39,686 [pool-149-thread-1] INFO  server.RaftServerConfigKeys (ConfUtils.java:logGet(43)) - raft.server.log.write.buffer.size = 33554432 (custom)
2019-10-28 11:44:39,687 [pool-189-thread-1] INFO  server.RaftServerConfigKeys (ConfUtils.java:logGet(43)) - raft.server.snapshot.auto.trigger.enabled = true (custom)
2019-10-28 11:44:39,687 [pool-199-thread-1] INFO  server.RaftServerConfigKeys (ConfUtils.java:logGet(43)) - raft.server.log.queue.element-limit = 1024 (custom)
2019-10-28 11:44:39,687 [pool-189-thread-1] INFO  server.RaftServerConfigKeys (ConfUtils.java:logGet(43)) - raft.server.snapshot.auto.trigger.threshold = 10000 (custom)
2019-10-28 11:44:39,687 [pool-149-thread-1] INFO  server.RaftServerConfigKeys (ConfUtils.java:logGet(43)) - raft.server.log.force.sync.num = 128 (default)
2019-10-28 11:44:39,687 [IPC Server handler 11 on 46118] INFO  net.NetworkTopology (NetworkTopologyImpl.java:add(111)) - Added a new node: /rack1/a480340b-d1a5-4cd0-bc20-ae63b012c3c7
2019-10-28 11:44:39,687 [pool-189-thread-1] INFO  server.RaftServerConfigKeys (ConfUtils.java:logGet(43)) - raft.server.snapshot.retention.file.num = 5 (custom)
2019-10-28 11:44:39,687 [pool-199-thread-1] INFO  server.RaftServerConfigKeys (ConfUtils.java:logGet(43)) - raft.server.log.segment.size.max = 1048576 (custom)
2019-10-28 11:44:39,688 [pool-189-thread-1] INFO  server.RaftServerConfigKeys (ConfUtils.java:logGet(43)) - raft.server.retrycache.expirytime = 600000ms (custom)
2019-10-28 11:44:39,688 [IPC Server handler 11 on 46118] INFO  node.SCMNodeManager (SCMNodeManager.java:register(268)) - Registered Data node : a480340b-d1a5-4cd0-bc20-ae63b012c3c7{ip: 192.168.164.193, host: pr-hdds-2292-97wmq-4261317731, networkLocation: /rack1, certSerialId: null}
2019-10-28 11:44:39,687 [pool-149-thread-1] INFO  server.RaftServerConfigKeys (ConfUtils.java:logGet(43)) - raft.server.log.statemachine.data.sync = true (default)
2019-10-28 11:44:39,688 [pool-199-thread-1] INFO  server.RaftServerConfigKeys (ConfUtils.java:logGet(43)) - raft.server.log.preallocated.size = 16384 (custom)
2019-10-28 11:44:39,688 [pool-149-thread-1] INFO  server.RaftServerConfigKeys (ConfUtils.java:logGet(43)) - raft.server.log.statemachine.data.sync.timeout = 10s (default)
2019-10-28 11:44:39,688 [pool-199-thread-1] INFO  server.RaftServerConfigKeys (ConfUtils.java:logGet(43)) - raft.server.log.write.buffer.size = 33554432 (custom)
2019-10-28 11:44:39,688 [pool-149-thread-1] INFO  server.RaftServerConfigKeys (ConfUtils.java:logGet(43)) - raft.server.log.statemachine.data.sync.timeout.retry = -1 (default)
2019-10-28 11:44:39,688 [pool-199-thread-1] INFO  server.RaftServerConfigKeys (ConfUtils.java:logGet(43)) - raft.server.log.force.sync.num = 128 (default)
2019-10-28 11:44:39,689 [pool-149-thread-1] INFO  server.RaftServerConfigKeys (ConfUtils.java:logGet(43)) - raft.server.log.statemachine.data.caching.enabled = true (custom)
2019-10-28 11:44:39,689 [pool-199-thread-1] INFO  server.RaftServerConfigKeys (ConfUtils.java:logGet(43)) - raft.server.log.statemachine.data.sync = true (default)
2019-10-28 11:44:39,689 [pool-199-thread-1] INFO  server.RaftServerConfigKeys (ConfUtils.java:logGet(43)) - raft.server.log.statemachine.data.sync.timeout = 10s (default)
2019-10-28 11:44:39,689 [pool-149-thread-1] INFO  segmented.SegmentedRaftLogWorker (SegmentedRaftLogWorker.java:lambda$new$0(128)) - 75159f97-af2c-48a6-bb8f-f5acb2145c35@group-08147416B334-SegmentedRaftLogWorker: flushIndex: setUnconditionally 0 -> -1
2019-10-28 11:44:39,689 [pool-199-thread-1] INFO  server.RaftServerConfigKeys (ConfUtils.java:logGet(43)) - raft.server.log.statemachine.data.sync.timeout.retry = -1 (default)
2019-10-28 11:44:39,689 [pool-149-thread-1] INFO  server.RaftServerConfigKeys (ConfUtils.java:logGet(43)) - raft.server.snapshot.auto.trigger.enabled = true (custom)
2019-10-28 11:44:39,689 [pool-189-thread-1] INFO  impl.RaftServerImpl (RaftServerImpl.java:start(195)) - ce71e9bc-e571-4e52-8a73-1c9dce7b9fa7@group-08147416B334: start as a follower, conf=-1: [24830d12-f44b-43d9-b733-6f9667bbd6c9:192.168.164.193:40613, 75159f97-af2c-48a6-bb8f-f5acb2145c35:192.168.164.193:42423, ce71e9bc-e571-4e52-8a73-1c9dce7b9fa7:192.168.164.193:36234], old=null
2019-10-28 11:44:39,689 [pool-149-thread-1] INFO  server.RaftServerConfigKeys (ConfUtils.java:logGet(43)) - raft.server.snapshot.auto.trigger.threshold = 10000 (custom)
2019-10-28 11:44:39,689 [pool-189-thread-1] INFO  impl.RaftServerImpl (RaftServerImpl.java:setRole(184)) - ce71e9bc-e571-4e52-8a73-1c9dce7b9fa7@group-08147416B334: changes role from      null to FOLLOWER at term 0 for startAsFollower
2019-10-28 11:44:39,689 [pool-199-thread-1] INFO  server.RaftServerConfigKeys (ConfUtils.java:logGet(43)) - raft.server.log.statemachine.data.caching.enabled = true (custom)
2019-10-28 11:44:39,689 [pool-189-thread-1] INFO  impl.RoleInfo (RoleInfo.java:updateAndGet(143)) - ce71e9bc-e571-4e52-8a73-1c9dce7b9fa7: start FollowerState
2019-10-28 11:44:39,689 [pool-149-thread-1] INFO  server.RaftServerConfigKeys (ConfUtils.java:logGet(43)) - raft.server.snapshot.retention.file.num = 5 (custom)
2019-10-28 11:44:39,690 [pool-199-thread-1] INFO  segmented.SegmentedRaftLogWorker (SegmentedRaftLogWorker.java:lambda$new$0(128)) - 24830d12-f44b-43d9-b733-6f9667bbd6c9@group-08147416B334-SegmentedRaftLogWorker: flushIndex: setUnconditionally 0 -> -1
2019-10-28 11:44:39,690 [pool-149-thread-1] INFO  server.RaftServerConfigKeys (ConfUtils.java:logGet(43)) - raft.server.retrycache.expirytime = 600000ms (custom)
2019-10-28 11:44:39,690 [pool-189-thread-1] INFO  util.JmxRegister (JmxRegister.java:tryRegister(44)) - Successfully registered JMX Bean with object name Ratis:service=RaftServer,group=group-08147416B334,id=ce71e9bc-e571-4e52-8a73-1c9dce7b9fa7
2019-10-28 11:44:39,690 [pool-199-thread-1] INFO  server.RaftServerConfigKeys (ConfUtils.java:logGet(43)) - raft.server.snapshot.auto.trigger.enabled = true (custom)
2019-10-28 11:44:39,690 [pool-199-thread-1] INFO  server.RaftServerConfigKeys (ConfUtils.java:logGet(43)) - raft.server.snapshot.auto.trigger.threshold = 10000 (custom)
2019-10-28 11:44:39,690 [pool-199-thread-1] INFO  server.RaftServerConfigKeys (ConfUtils.java:logGet(43)) - raft.server.snapshot.retention.file.num = 5 (custom)
2019-10-28 11:44:39,690 [pool-199-thread-1] INFO  server.RaftServerConfigKeys (ConfUtils.java:logGet(43)) - raft.server.retrycache.expirytime = 600000ms (custom)
2019-10-28 11:44:39,692 [pool-149-thread-1] INFO  impl.RaftServerImpl (RaftServerImpl.java:start(195)) - 75159f97-af2c-48a6-bb8f-f5acb2145c35@group-08147416B334: start as a follower, conf=-1: [24830d12-f44b-43d9-b733-6f9667bbd6c9:192.168.164.193:40613, 75159f97-af2c-48a6-bb8f-f5acb2145c35:192.168.164.193:42423, ce71e9bc-e571-4e52-8a73-1c9dce7b9fa7:192.168.164.193:36234], old=null
2019-10-28 11:44:39,692 [pool-149-thread-1] INFO  impl.RaftServerImpl (RaftServerImpl.java:setRole(184)) - 75159f97-af2c-48a6-bb8f-f5acb2145c35@group-08147416B334: changes role from      null to FOLLOWER at term 0 for startAsFollower
2019-10-28 11:44:39,692 [pool-149-thread-1] INFO  impl.RoleInfo (RoleInfo.java:updateAndGet(143)) - 75159f97-af2c-48a6-bb8f-f5acb2145c35: start FollowerState
2019-10-28 11:44:39,693 [pool-149-thread-1] INFO  util.JmxRegister (JmxRegister.java:tryRegister(44)) - Successfully registered JMX Bean with object name Ratis:service=RaftServer,group=group-08147416B334,id=75159f97-af2c-48a6-bb8f-f5acb2145c35
2019-10-28 11:44:39,715 [pool-199-thread-1] INFO  impl.RaftServerImpl (RaftServerImpl.java:start(195)) - 24830d12-f44b-43d9-b733-6f9667bbd6c9@group-08147416B334: start as a follower, conf=-1: [24830d12-f44b-43d9-b733-6f9667bbd6c9:192.168.164.193:40613, 75159f97-af2c-48a6-bb8f-f5acb2145c35:192.168.164.193:42423, ce71e9bc-e571-4e52-8a73-1c9dce7b9fa7:192.168.164.193:36234], old=null
2019-10-28 11:44:39,715 [pool-199-thread-1] INFO  impl.RaftServerImpl (RaftServerImpl.java:setRole(184)) - 24830d12-f44b-43d9-b733-6f9667bbd6c9@group-08147416B334: changes role from      null to FOLLOWER at term 0 for startAsFollower
2019-10-28 11:44:39,715 [pool-199-thread-1] INFO  impl.RoleInfo (RoleInfo.java:updateAndGet(143)) - 24830d12-f44b-43d9-b733-6f9667bbd6c9: start FollowerState
2019-10-28 11:44:39,716 [pool-199-thread-1] INFO  util.JmxRegister (JmxRegister.java:tryRegister(44)) - Successfully registered JMX Bean with object name Ratis:service=RaftServer,group=group-08147416B334,id=24830d12-f44b-43d9-b733-6f9667bbd6c9
2019-10-28 11:44:39,720 [IPC Server handler 6 on 46118] INFO  net.NetworkTopology (NetworkTopologyImpl.java:add(111)) - Added a new node: /rack1/84f4174e-6bb9-44ab-a36a-6c5af4251c6f
2019-10-28 11:44:39,720 [IPC Server handler 6 on 46118] INFO  node.SCMNodeManager (SCMNodeManager.java:register(268)) - Registered Data node : 84f4174e-6bb9-44ab-a36a-6c5af4251c6f{ip: 192.168.164.193, host: pr-hdds-2292-97wmq-4261317731, networkLocation: /rack1, certSerialId: null}
2019-10-28 11:44:39,721 [RatisPipelineUtilsThread] INFO  pipeline.PipelineStateManager (PipelineStateManager.java:addPipeline(56)) - Created pipeline Pipeline[ Id: a1f718c7-e34d-4c3e-9e12-08147416b334, Nodes: 24830d12-f44b-43d9-b733-6f9667bbd6c9{ip: 192.168.164.193, host: pr-hdds-2292-97wmq-4261317731, networkLocation: /rack1, certSerialId: null}75159f97-af2c-48a6-bb8f-f5acb2145c35{ip: 192.168.164.193, host: pr-hdds-2292-97wmq-4261317731, networkLocation: /rack1, certSerialId: null}ce71e9bc-e571-4e52-8a73-1c9dce7b9fa7{ip: 192.168.164.193, host: pr-hdds-2292-97wmq-4261317731, networkLocation: /rack1, certSerialId: null}, Type:RATIS, Factor:THREE, State:OPEN]
2019-10-28 11:44:39,726 [03d0ba9c-9a68-4db9-a306-0d67556dce53@group-0EDA3E4540D0-SegmentedRaftLogWorker] INFO  segmented.SegmentedRaftLogWorker (SegmentedRaftLogWorker.java:execute(576)) - 03d0ba9c-9a68-4db9-a306-0d67556dce53@group-0EDA3E4540D0-SegmentedRaftLogWorker: created new log segment /workdir/hadoop-ozone/integration-test/target/test-dir/MiniOzoneClusterImpl-b31733c6-727c-4256-9138-ff5b19d95bfe/datanode-1/data/ratis/c2fa87d6-81e7-4a93-a99b-0eda3e4540d0/current/log_inprogress_0
2019-10-28 11:44:39,726 [31ceb61f-dd6d-4279-87bc-0b070a534ff8@group-0EDA3E4540D0-SegmentedRaftLogWorker] INFO  segmented.SegmentedRaftLogWorker (SegmentedRaftLogWorker.java:execute(576)) - 31ceb61f-dd6d-4279-87bc-0b070a534ff8@group-0EDA3E4540D0-SegmentedRaftLogWorker: created new log segment /workdir/hadoop-ozone/integration-test/target/test-dir/MiniOzoneClusterImpl-b31733c6-727c-4256-9138-ff5b19d95bfe/datanode-3/data/ratis/c2fa87d6-81e7-4a93-a99b-0eda3e4540d0/current/log_inprogress_0
2019-10-28 11:44:39,728 [grpc-default-executor-2] INFO  impl.RaftServerProxy (RaftServerProxy.java:addNew(89)) - 84f4174e-6bb9-44ab-a36a-6c5af4251c6f: addNew group-3D615E92427D:[84f4174e-6bb9-44ab-a36a-6c5af4251c6f:192.168.164.193:40080] returns group-3D615E92427D:java.util.concurrent.CompletableFuture@17880bba[Not completed]
2019-10-28 11:44:39,730 [pool-219-thread-1] INFO  impl.RaftServerImpl (RaftServerImpl.java:<init>(104)) - 84f4174e-6bb9-44ab-a36a-6c5af4251c6f: new RaftServerImpl for group-3D615E92427D:[84f4174e-6bb9-44ab-a36a-6c5af4251c6f:192.168.164.193:40080] with ContainerStateMachine:uninitialized
2019-10-28 11:44:39,730 [pool-219-thread-1] INFO  server.RaftServerConfigKeys (ConfUtils.java:logGet(43)) - raft.server.rpc.timeout.min = 1s (custom)
2019-10-28 11:44:39,730 [pool-219-thread-1] INFO  server.RaftServerConfigKeys (ConfUtils.java:logGet(43)) - raft.server.rpc.timeout.max = 1200ms (custom)
2019-10-28 11:44:39,730 [pool-219-thread-1] INFO  server.RaftServerConfigKeys (ConfUtils.java:logGet(43)) - raft.server.rpcslowness.timeout = 120s (custom)
2019-10-28 11:44:39,730 [pool-219-thread-1] INFO  server.RaftServerConfigKeys (ConfUtils.java:logGet(43)) - raft.server.sleep.deviation.threshold = 300 (default)
2019-10-28 11:44:39,730 [pool-219-thread-1] INFO  server.RaftServerConfigKeys (ConfUtils.java:logGet(43)) - raft.server.log.appender.install.snapshot.enabled = false (custom)
2019-10-28 11:44:39,730 [pool-219-thread-1] INFO  impl.RaftServerImpl (ServerState.java:<init>(103)) - 84f4174e-6bb9-44ab-a36a-6c5af4251c6f@group-3D615E92427D: ConfigurationManager, init=-1: [84f4174e-6bb9-44ab-a36a-6c5af4251c6f:192.168.164.193:40080], old=null, confs=<EMPTY_MAP>
2019-10-28 11:44:39,730 [pool-219-thread-1] INFO  server.RaftServerConfigKeys (ConfUtils.java:logGet(43)) - raft.server.storage.dir = [/workdir/hadoop-ozone/integration-test/target/test-dir/MiniOzoneClusterImpl-b31733c6-727c-4256-9138-ff5b19d95bfe/datanode-7/data/ratis] (custom)
2019-10-28 11:44:39,731 [pool-219-thread-1] INFO  server.RaftServerConfigKeys (ConfUtils.java:logGet(43)) - raft.server.log.corruption.policy = EXCEPTION (default)
2019-10-28 11:44:39,731 [pool-219-thread-1] INFO  storage.RaftStorageDirectory (RaftStorageDirectory.java:analyzeStorage(246)) - The storage directory /workdir/hadoop-ozone/integration-test/target/test-dir/MiniOzoneClusterImpl-b31733c6-727c-4256-9138-ff5b19d95bfe/datanode-7/data/ratis/304c9926-cae9-4ed2-acd7-3d615e92427d does not exist. Creating ...
2019-10-28 11:44:39,742 [pool-219-thread-1] INFO  storage.RaftStorageDirectory (RaftStorageDirectory.java:tryLock(328)) - Lock on /workdir/hadoop-ozone/integration-test/target/test-dir/MiniOzoneClusterImpl-b31733c6-727c-4256-9138-ff5b19d95bfe/datanode-7/data/ratis/304c9926-cae9-4ed2-acd7-3d615e92427d/in_use.lock acquired by nodename 8743@pr-hdds-2292-97wmq-4261317731
2019-10-28 11:44:39,755 [pool-219-thread-1] INFO  storage.RaftStorage (RaftStorage.java:format(84)) - Storage directory /workdir/hadoop-ozone/integration-test/target/test-dir/MiniOzoneClusterImpl-b31733c6-727c-4256-9138-ff5b19d95bfe/datanode-7/data/ratis/304c9926-cae9-4ed2-acd7-3d615e92427d has been successfully formatted.
2019-10-28 11:44:39,755 [pool-219-thread-1] INFO  ratis.ContainerStateMachine (ContainerStateMachine.java:loadSnapshot(231)) - group-3D615E92427D: The snapshot info is null. Setting the last applied indexto:(t:0, i:~)
2019-10-28 11:44:39,755 [pool-219-thread-1] INFO  server.RaftServerConfigKeys (ConfUtils.java:logGet(43)) - raft.server.notification.no-leader.timeout = 120s (custom)
2019-10-28 11:44:39,755 [pool-219-thread-1] INFO  server.RaftServerConfigKeys (ConfUtils.java:logGet(43)) - raft.server.log.use.memory = false (default)
2019-10-28 11:44:39,756 [pool-219-thread-1] INFO  server.RaftServerConfigKeys (ConfUtils.java:logGet(43)) - raft.server.log.purge.gap = 1000000 (custom)
2019-10-28 11:44:39,756 [pool-219-thread-1] INFO  server.RaftServerConfigKeys (ConfUtils.java:logGet(43)) - raft.server.log.appender.buffer.byte-limit = 33554432 (custom)
2019-10-28 11:44:39,756 [pool-219-thread-1] INFO  server.RaftServerConfigKeys (ConfUtils.java:logGet(43)) - raft.server.log.segment.size.max = 1048576 (custom)
2019-10-28 11:44:39,758 [pool-219-thread-1] INFO  server.RaftServerConfigKeys (ConfUtils.java:logGet(43)) - raft.server.log.segment.cache.num.max = 2 (custom)
2019-10-28 11:44:39,758 [pool-219-thread-1] INFO  segmented.SegmentedRaftLogWorker (SegmentedRaftLogWorker.java:<init>(173)) - new 84f4174e-6bb9-44ab-a36a-6c5af4251c6f@group-3D615E92427D-SegmentedRaftLogWorker for RaftStorage:Storage Directory /workdir/hadoop-ozone/integration-test/target/test-dir/MiniOzoneClusterImpl-b31733c6-727c-4256-9138-ff5b19d95bfe/datanode-7/data/ratis/304c9926-cae9-4ed2-acd7-3d615e92427d
2019-10-28 11:44:39,758 [pool-219-thread-1] INFO  server.RaftServerConfigKeys (ConfUtils.java:logGet(43)) - raft.server.log.queue.byte-limit = 2147483647 (custom)
2019-10-28 11:44:39,758 [pool-219-thread-1] INFO  server.RaftServerConfigKeys (ConfUtils.java:logGet(43)) - raft.server.log.queue.element-limit = 1024 (custom)
2019-10-28 11:44:39,758 [pool-219-thread-1] INFO  server.RaftServerConfigKeys (ConfUtils.java:logGet(43)) - raft.server.log.segment.size.max = 1048576 (custom)
2019-10-28 11:44:39,758 [pool-219-thread-1] INFO  server.RaftServerConfigKeys (ConfUtils.java:logGet(43)) - raft.server.log.preallocated.size = 16384 (custom)
2019-10-28 11:44:39,758 [pool-219-thread-1] INFO  server.RaftServerConfigKeys (ConfUtils.java:logGet(43)) - raft.server.log.write.buffer.size = 33554432 (custom)
2019-10-28 11:44:39,758 [pool-219-thread-1] INFO  server.RaftServerConfigKeys (ConfUtils.java:logGet(43)) - raft.server.log.force.sync.num = 128 (default)
2019-10-28 11:44:39,759 [pool-219-thread-1] INFO  server.RaftServerConfigKeys (ConfUtils.java:logGet(43)) - raft.server.log.statemachine.data.sync = true (default)
2019-10-28 11:44:39,759 [pool-219-thread-1] INFO  server.RaftServerConfigKeys (ConfUtils.java:logGet(43)) - raft.server.log.statemachine.data.sync.timeout = 10s (default)
2019-10-28 11:44:39,759 [pool-219-thread-1] INFO  server.RaftServerConfigKeys (ConfUtils.java:logGet(43)) - raft.server.log.statemachine.data.sync.timeout.retry = -1 (default)
2019-10-28 11:44:39,759 [pool-219-thread-1] INFO  server.RaftServerConfigKeys (ConfUtils.java:logGet(43)) - raft.server.log.statemachine.data.caching.enabled = true (custom)
2019-10-28 11:44:39,759 [pool-219-thread-1] INFO  segmented.SegmentedRaftLogWorker (SegmentedRaftLogWorker.java:lambda$new$0(128)) - 84f4174e-6bb9-44ab-a36a-6c5af4251c6f@group-3D615E92427D-SegmentedRaftLogWorker: flushIndex: setUnconditionally 0 -> -1
2019-10-28 11:44:39,760 [pool-219-thread-1] INFO  server.RaftServerConfigKeys (ConfUtils.java:logGet(43)) - raft.server.snapshot.auto.trigger.enabled = true (custom)
2019-10-28 11:44:39,760 [pool-219-thread-1] INFO  server.RaftServerConfigKeys (ConfUtils.java:logGet(43)) - raft.server.snapshot.auto.trigger.threshold = 10000 (custom)
2019-10-28 11:44:39,760 [pool-219-thread-1] INFO  server.RaftServerConfigKeys (ConfUtils.java:logGet(43)) - raft.server.snapshot.retention.file.num = 5 (custom)
2019-10-28 11:44:39,760 [pool-219-thread-1] INFO  server.RaftServerConfigKeys (ConfUtils.java:logGet(43)) - raft.server.retrycache.expirytime = 600000ms (custom)
2019-10-28 11:44:39,762 [pool-219-thread-1] INFO  impl.RaftServerImpl (RaftServerImpl.java:start(195)) - 84f4174e-6bb9-44ab-a36a-6c5af4251c6f@group-3D615E92427D: start as a follower, conf=-1: [84f4174e-6bb9-44ab-a36a-6c5af4251c6f:192.168.164.193:40080], old=null
2019-10-28 11:44:39,762 [pool-219-thread-1] INFO  impl.RaftServerImpl (RaftServerImpl.java:setRole(184)) - 84f4174e-6bb9-44ab-a36a-6c5af4251c6f@group-3D615E92427D: changes role from      null to FOLLOWER at term 0 for startAsFollower
2019-10-28 11:44:39,762 [pool-219-thread-1] INFO  impl.RoleInfo (RoleInfo.java:updateAndGet(143)) - 84f4174e-6bb9-44ab-a36a-6c5af4251c6f: start FollowerState
2019-10-28 11:44:39,762 [pool-219-thread-1] INFO  util.JmxRegister (JmxRegister.java:tryRegister(44)) - Successfully registered JMX Bean with object name Ratis:service=RaftServer,group=group-3D615E92427D,id=84f4174e-6bb9-44ab-a36a-6c5af4251c6f
2019-10-28 11:44:39,775 [RatisPipelineUtilsThread] INFO  pipeline.PipelineStateManager (PipelineStateManager.java:addPipeline(56)) - Created pipeline Pipeline[ Id: 304c9926-cae9-4ed2-acd7-3d615e92427d, Nodes: 84f4174e-6bb9-44ab-a36a-6c5af4251c6f{ip: 192.168.164.193, host: pr-hdds-2292-97wmq-4261317731, networkLocation: /rack1, certSerialId: null}, Type:RATIS, Factor:ONE, State:OPEN]
2019-10-28 11:44:39,779 [Thread-1353] INFO  impl.FollowerState (FollowerState.java:run(108)) - 84f4174e-6bb9-44ab-a36a-6c5af4251c6f@group-3D615E92427D-FollowerState: change to CANDIDATE, lastRpcTime:17ms, electionTimeout:15ms
2019-10-28 11:44:39,779 [Thread-1353] INFO  impl.RoleInfo (RoleInfo.java:shutdownFollowerState(121)) - 84f4174e-6bb9-44ab-a36a-6c5af4251c6f: shutdown FollowerState
2019-10-28 11:44:39,779 [Thread-1353] INFO  impl.RaftServerImpl (RaftServerImpl.java:setRole(184)) - 84f4174e-6bb9-44ab-a36a-6c5af4251c6f@group-3D615E92427D: changes role from  FOLLOWER to CANDIDATE at term 0 for changeToCandidate
2019-10-28 11:44:39,780 [Thread-1353] INFO  impl.RoleInfo (RoleInfo.java:updateAndGet(143)) - 84f4174e-6bb9-44ab-a36a-6c5af4251c6f: start LeaderElection
2019-10-28 11:44:39,790 [IPC Server handler 2 on 46118] INFO  net.NetworkTopology (NetworkTopologyImpl.java:add(111)) - Added a new node: /rack1/66cf3979-81da-4155-81a0-3dd54985f91a
2019-10-28 11:44:39,790 [IPC Server handler 2 on 46118] INFO  node.SCMNodeManager (SCMNodeManager.java:register(268)) - Registered Data node : 66cf3979-81da-4155-81a0-3dd54985f91a{ip: 192.168.164.193, host: pr-hdds-2292-97wmq-4261317731, networkLocation: /rack1, certSerialId: null}
2019-10-28 11:44:39,790 [grpc-default-executor-2] INFO  impl.RaftServerProxy (RaftServerProxy.java:addNew(89)) - 24830d12-f44b-43d9-b733-6f9667bbd6c9: addNew group-921206801838:[24830d12-f44b-43d9-b733-6f9667bbd6c9:192.168.164.193:40613] returns group-921206801838:java.util.concurrent.CompletableFuture@2e869f0c[Not completed]
2019-10-28 11:44:39,791 [pool-199-thread-1] INFO  impl.RaftServerImpl (RaftServerImpl.java:<init>(104)) - 24830d12-f44b-43d9-b733-6f9667bbd6c9: new RaftServerImpl for group-921206801838:[24830d12-f44b-43d9-b733-6f9667bbd6c9:192.168.164.193:40613] with ContainerStateMachine:uninitialized
2019-10-28 11:44:39,791 [pool-199-thread-1] INFO  server.RaftServerConfigKeys (ConfUtils.java:logGet(43)) - raft.server.rpc.timeout.min = 1s (custom)
2019-10-28 11:44:39,791 [pool-199-thread-1] INFO  server.RaftServerConfigKeys (ConfUtils.java:logGet(43)) - raft.server.rpc.timeout.max = 1200ms (custom)
2019-10-28 11:44:39,791 [pool-199-thread-1] INFO  server.RaftServerConfigKeys (ConfUtils.java:logGet(43)) - raft.server.rpcslowness.timeout = 120s (custom)
2019-10-28 11:44:39,792 [pool-199-thread-1] INFO  server.RaftServerConfigKeys (ConfUtils.java:logGet(43)) - raft.server.sleep.deviation.threshold = 300 (default)
2019-10-28 11:44:39,792 [pool-199-thread-1] INFO  server.RaftServerConfigKeys (ConfUtils.java:logGet(43)) - raft.server.log.appender.install.snapshot.enabled = false (custom)
2019-10-28 11:44:39,792 [pool-199-thread-1] INFO  impl.RaftServerImpl (ServerState.java:<init>(103)) - 24830d12-f44b-43d9-b733-6f9667bbd6c9@group-921206801838: ConfigurationManager, init=-1: [24830d12-f44b-43d9-b733-6f9667bbd6c9:192.168.164.193:40613], old=null, confs=<EMPTY_MAP>
2019-10-28 11:44:39,792 [pool-199-thread-1] INFO  server.RaftServerConfigKeys (ConfUtils.java:logGet(43)) - raft.server.storage.dir = [/workdir/hadoop-ozone/integration-test/target/test-dir/MiniOzoneClusterImpl-b31733c6-727c-4256-9138-ff5b19d95bfe/datanode-5/data/ratis] (custom)
2019-10-28 11:44:39,792 [pool-199-thread-1] INFO  server.RaftServerConfigKeys (ConfUtils.java:logGet(43)) - raft.server.log.corruption.policy = EXCEPTION (default)
2019-10-28 11:44:39,793 [pool-199-thread-1] INFO  storage.RaftStorageDirectory (RaftStorageDirectory.java:analyzeStorage(246)) - The storage directory /workdir/hadoop-ozone/integration-test/target/test-dir/MiniOzoneClusterImpl-b31733c6-727c-4256-9138-ff5b19d95bfe/datanode-5/data/ratis/729e339c-4bbb-4333-b4d9-921206801838 does not exist. Creating ...
2019-10-28 11:44:39,812 [pool-199-thread-1] INFO  storage.RaftStorageDirectory (RaftStorageDirectory.java:tryLock(328)) - Lock on /workdir/hadoop-ozone/integration-test/target/test-dir/MiniOzoneClusterImpl-b31733c6-727c-4256-9138-ff5b19d95bfe/datanode-5/data/ratis/729e339c-4bbb-4333-b4d9-921206801838/in_use.lock acquired by nodename 8743@pr-hdds-2292-97wmq-4261317731
2019-10-28 11:44:39,813 [84f4174e-6bb9-44ab-a36a-6c5af4251c6f@group-3D615E92427D-LeaderElection30] INFO  impl.LeaderElection (LeaderElection.java:askForVotes(178)) - 84f4174e-6bb9-44ab-a36a-6c5af4251c6f@group-3D615E92427D-LeaderElection30: begin an election at term 1 for -1: [84f4174e-6bb9-44ab-a36a-6c5af4251c6f:192.168.164.193:40080], old=null
2019-10-28 11:44:39,813 [84f4174e-6bb9-44ab-a36a-6c5af4251c6f@group-3D615E92427D-LeaderElection30] INFO  impl.RoleInfo (RoleInfo.java:shutdownLeaderElection(134)) - 84f4174e-6bb9-44ab-a36a-6c5af4251c6f: shutdown LeaderElection
2019-10-28 11:44:39,813 [84f4174e-6bb9-44ab-a36a-6c5af4251c6f@group-3D615E92427D-LeaderElection30] INFO  impl.RaftServerImpl (RaftServerImpl.java:setRole(184)) - 84f4174e-6bb9-44ab-a36a-6c5af4251c6f@group-3D615E92427D: changes role from CANDIDATE to LEADER at term 1 for changeToLeader
2019-10-28 11:44:39,813 [84f4174e-6bb9-44ab-a36a-6c5af4251c6f@group-3D615E92427D-LeaderElection30] INFO  impl.RaftServerImpl (ServerState.java:setLeader(256)) - 84f4174e-6bb9-44ab-a36a-6c5af4251c6f@group-3D615E92427D: change Leader from null to 84f4174e-6bb9-44ab-a36a-6c5af4251c6f at term 1 for becomeLeader, leader elected after 57ms
2019-10-28 11:44:39,813 [84f4174e-6bb9-44ab-a36a-6c5af4251c6f@group-3D615E92427D-LeaderElection30] INFO  server.RaftServerConfigKeys (ConfUtils.java:logGet(43)) - raft.server.staging.catchup.gap = 1000 (default)
2019-10-28 11:44:39,813 [84f4174e-6bb9-44ab-a36a-6c5af4251c6f@group-3D615E92427D-LeaderElection30] INFO  server.RaftServerConfigKeys (ConfUtils.java:logGet(43)) - raft.server.rpc.sleep.time = 25ms (default)
2019-10-28 11:44:39,813 [84f4174e-6bb9-44ab-a36a-6c5af4251c6f@group-3D615E92427D-LeaderElection30] INFO  server.RaftServerConfigKeys (ConfUtils.java:logGet(43)) - raft.server.write.element-limit = 4096 (default)
2019-10-28 11:44:39,813 [84f4174e-6bb9-44ab-a36a-6c5af4251c6f@group-3D615E92427D-LeaderElection30] INFO  server.RaftServerConfigKeys (ConfUtils.java:logGet(43)) - raft.server.watch.timeout = 10s (default)
2019-10-28 11:44:39,814 [84f4174e-6bb9-44ab-a36a-6c5af4251c6f@group-3D615E92427D-LeaderElection30] INFO  server.RaftServerConfigKeys (ConfUtils.java:logGet(43)) - raft.server.watch.timeout.denomination = 1s (default)
2019-10-28 11:44:39,814 [84f4174e-6bb9-44ab-a36a-6c5af4251c6f@group-3D615E92427D-LeaderElection30] INFO  server.RaftServerConfigKeys (ConfUtils.java:logGet(43)) - raft.server.watch.element-limit = 65536 (default)
2019-10-28 11:44:39,815 [84f4174e-6bb9-44ab-a36a-6c5af4251c6f@group-3D615E92427D-LeaderElection30] INFO  impl.RoleInfo (RoleInfo.java:updateAndGet(143)) - 84f4174e-6bb9-44ab-a36a-6c5af4251c6f: start LeaderState
2019-10-28 11:44:39,815 [84f4174e-6bb9-44ab-a36a-6c5af4251c6f@group-3D615E92427D-LeaderElection30] INFO  segmented.SegmentedRaftLogWorker (SegmentedRaftLogWorker.java:startLogSegment(385)) - 84f4174e-6bb9-44ab-a36a-6c5af4251c6f@group-3D615E92427D-SegmentedRaftLogWorker: Starting segment from index:0
2019-10-28 11:44:39,816 [84f4174e-6bb9-44ab-a36a-6c5af4251c6f@group-3D615E92427D-LeaderElection30] INFO  impl.RaftServerImpl (ServerState.java:setRaftConf(357)) - 84f4174e-6bb9-44ab-a36a-6c5af4251c6f@group-3D615E92427D: set configuration 0: [84f4174e-6bb9-44ab-a36a-6c5af4251c6f:192.168.164.193:40080], old=null at 0
2019-10-28 11:44:39,825 [pool-199-thread-1] INFO  storage.RaftStorage (RaftStorage.java:format(84)) - Storage directory /workdir/hadoop-ozone/integration-test/target/test-dir/MiniOzoneClusterImpl-b31733c6-727c-4256-9138-ff5b19d95bfe/datanode-5/data/ratis/729e339c-4bbb-4333-b4d9-921206801838 has been successfully formatted.
2019-10-28 11:44:39,826 [pool-199-thread-1] INFO  ratis.ContainerStateMachine (ContainerStateMachine.java:loadSnapshot(231)) - group-921206801838: The snapshot info is null. Setting the last applied indexto:(t:0, i:~)
2019-10-28 11:44:39,826 [pool-199-thread-1] INFO  server.RaftServerConfigKeys (ConfUtils.java:logGet(43)) - raft.server.notification.no-leader.timeout = 120s (custom)
2019-10-28 11:44:39,826 [pool-199-thread-1] INFO  server.RaftServerConfigKeys (ConfUtils.java:logGet(43)) - raft.server.log.use.memory = false (default)
2019-10-28 11:44:39,826 [pool-199-thread-1] INFO  server.RaftServerConfigKeys (ConfUtils.java:logGet(43)) - raft.server.log.purge.gap = 1000000 (custom)
2019-10-28 11:44:39,826 [pool-199-thread-1] INFO  server.RaftServerConfigKeys (ConfUtils.java:logGet(43)) - raft.server.log.appender.buffer.byte-limit = 33554432 (custom)
2019-10-28 11:44:39,826 [pool-199-thread-1] INFO  server.RaftServerConfigKeys (ConfUtils.java:logGet(43)) - raft.server.log.segment.size.max = 1048576 (custom)
2019-10-28 11:44:39,826 [pool-199-thread-1] INFO  server.RaftServerConfigKeys (ConfUtils.java:logGet(43)) - raft.server.log.segment.cache.num.max = 2 (custom)
2019-10-28 11:44:39,827 [pool-199-thread-1] INFO  segmented.SegmentedRaftLogWorker (SegmentedRaftLogWorker.java:<init>(173)) - new 24830d12-f44b-43d9-b733-6f9667bbd6c9@group-921206801838-SegmentedRaftLogWorker for RaftStorage:Storage Directory /workdir/hadoop-ozone/integration-test/target/test-dir/MiniOzoneClusterImpl-b31733c6-727c-4256-9138-ff5b19d95bfe/datanode-5/data/ratis/729e339c-4bbb-4333-b4d9-921206801838
2019-10-28 11:44:39,827 [pool-199-thread-1] INFO  server.RaftServerConfigKeys (ConfUtils.java:logGet(43)) - raft.server.log.queue.byte-limit = 2147483647 (custom)
2019-10-28 11:44:39,827 [pool-199-thread-1] INFO  server.RaftServerConfigKeys (ConfUtils.java:logGet(43)) - raft.server.log.queue.element-limit = 1024 (custom)
2019-10-28 11:44:39,827 [pool-199-thread-1] INFO  server.RaftServerConfigKeys (ConfUtils.java:logGet(43)) - raft.server.log.segment.size.max = 1048576 (custom)
2019-10-28 11:44:39,827 [pool-199-thread-1] INFO  server.RaftServerConfigKeys (ConfUtils.java:logGet(43)) - raft.server.log.preallocated.size = 16384 (custom)
2019-10-28 11:44:39,827 [pool-199-thread-1] INFO  server.RaftServerConfigKeys (ConfUtils.java:logGet(43)) - raft.server.log.write.buffer.size = 33554432 (custom)
2019-10-28 11:44:39,827 [pool-199-thread-1] INFO  server.RaftServerConfigKeys (ConfUtils.java:logGet(43)) - raft.server.log.force.sync.num = 128 (default)
2019-10-28 11:44:39,827 [pool-199-thread-1] INFO  server.RaftServerConfigKeys (ConfUtils.java:logGet(43)) - raft.server.log.statemachine.data.sync = true (default)
2019-10-28 11:44:39,827 [pool-199-thread-1] INFO  server.RaftServerConfigKeys (ConfUtils.java:logGet(43)) - raft.server.log.statemachine.data.sync.timeout = 10s (default)
2019-10-28 11:44:39,827 [pool-199-thread-1] INFO  server.RaftServerConfigKeys (ConfUtils.java:logGet(43)) - raft.server.log.statemachine.data.sync.timeout.retry = -1 (default)
2019-10-28 11:44:39,827 [pool-199-thread-1] INFO  server.RaftServerConfigKeys (ConfUtils.java:logGet(43)) - raft.server.log.statemachine.data.caching.enabled = true (custom)
2019-10-28 11:44:39,828 [pool-199-thread-1] INFO  segmented.SegmentedRaftLogWorker (SegmentedRaftLogWorker.java:lambda$new$0(128)) - 24830d12-f44b-43d9-b733-6f9667bbd6c9@group-921206801838-SegmentedRaftLogWorker: flushIndex: setUnconditionally 0 -> -1
2019-10-28 11:44:39,828 [Thread-1345] INFO  impl.FollowerState (FollowerState.java:run(108)) - 75159f97-af2c-48a6-bb8f-f5acb2145c35@group-08147416B334-FollowerState: change to CANDIDATE, lastRpcTime:135ms, electionTimeout:135ms
2019-10-28 11:44:39,828 [pool-199-thread-1] INFO  server.RaftServerConfigKeys (ConfUtils.java:logGet(43)) - raft.server.snapshot.auto.trigger.enabled = true (custom)
2019-10-28 11:44:39,828 [pool-199-thread-1] INFO  server.RaftServerConfigKeys (ConfUtils.java:logGet(43)) - raft.server.snapshot.auto.trigger.threshold = 10000 (custom)
2019-10-28 11:44:39,828 [Thread-1345] INFO  impl.RoleInfo (RoleInfo.java:shutdownFollowerState(121)) - 75159f97-af2c-48a6-bb8f-f5acb2145c35: shutdown FollowerState
2019-10-28 11:44:39,828 [pool-199-thread-1] INFO  server.RaftServerConfigKeys (ConfUtils.java:logGet(43)) - raft.server.snapshot.retention.file.num = 5 (custom)
2019-10-28 11:44:39,828 [Thread-1345] INFO  impl.RaftServerImpl (RaftServerImpl.java:setRole(184)) - 75159f97-af2c-48a6-bb8f-f5acb2145c35@group-08147416B334: changes role from  FOLLOWER to CANDIDATE at term 0 for changeToCandidate
2019-10-28 11:44:39,828 [pool-199-thread-1] INFO  server.RaftServerConfigKeys (ConfUtils.java:logGet(43)) - raft.server.retrycache.expirytime = 600000ms (custom)
2019-10-28 11:44:39,829 [Thread-1345] INFO  impl.RoleInfo (RoleInfo.java:updateAndGet(143)) - 75159f97-af2c-48a6-bb8f-f5acb2145c35: start LeaderElection
2019-10-28 11:44:39,842 [Thread-1342] INFO  impl.FollowerState (FollowerState.java:run(108)) - ce71e9bc-e571-4e52-8a73-1c9dce7b9fa7@group-08147416B334-FollowerState: change to CANDIDATE, lastRpcTime:152ms, electionTimeout:141ms
2019-10-28 11:44:39,845 [Thread-1342] INFO  impl.RoleInfo (RoleInfo.java:shutdownFollowerState(121)) - ce71e9bc-e571-4e52-8a73-1c9dce7b9fa7: shutdown FollowerState
2019-10-28 11:44:39,845 [Thread-1342] INFO  impl.RaftServerImpl (RaftServerImpl.java:setRole(184)) - ce71e9bc-e571-4e52-8a73-1c9dce7b9fa7@group-08147416B334: changes role from  FOLLOWER to CANDIDATE at term 0 for changeToCandidate
2019-10-28 11:44:39,845 [Thread-1342] INFO  impl.RoleInfo (RoleInfo.java:updateAndGet(143)) - ce71e9bc-e571-4e52-8a73-1c9dce7b9fa7: start LeaderElection
2019-10-28 11:44:39,850 [pool-199-thread-1] INFO  impl.RaftServerImpl (RaftServerImpl.java:start(195)) - 24830d12-f44b-43d9-b733-6f9667bbd6c9@group-921206801838: start as a follower, conf=-1: [24830d12-f44b-43d9-b733-6f9667bbd6c9:192.168.164.193:40613], old=null
2019-10-28 11:44:39,850 [pool-199-thread-1] INFO  impl.RaftServerImpl (RaftServerImpl.java:setRole(184)) - 24830d12-f44b-43d9-b733-6f9667bbd6c9@group-921206801838: changes role from      null to FOLLOWER at term 0 for startAsFollower
2019-10-28 11:44:39,850 [pool-199-thread-1] INFO  impl.RoleInfo (RoleInfo.java:updateAndGet(143)) - 24830d12-f44b-43d9-b733-6f9667bbd6c9: start FollowerState
2019-10-28 11:44:39,851 [Thread-1348] INFO  impl.FollowerState (FollowerState.java:run(108)) - 24830d12-f44b-43d9-b733-6f9667bbd6c9@group-08147416B334-FollowerState: change to CANDIDATE, lastRpcTime:135ms, electionTimeout:135ms
2019-10-28 11:44:39,851 [pool-199-thread-1] INFO  util.JmxRegister (JmxRegister.java:tryRegister(44)) - Successfully registered JMX Bean with object name Ratis:service=RaftServer,group=group-921206801838,id=24830d12-f44b-43d9-b733-6f9667bbd6c9
2019-10-28 11:44:39,851 [Thread-1348] INFO  impl.RoleInfo (RoleInfo.java:shutdownFollowerState(121)) - 24830d12-f44b-43d9-b733-6f9667bbd6c9: shutdown FollowerState
2019-10-28 11:44:39,851 [Thread-1348] INFO  impl.RaftServerImpl (RaftServerImpl.java:setRole(184)) - 24830d12-f44b-43d9-b733-6f9667bbd6c9@group-08147416B334: changes role from  FOLLOWER to CANDIDATE at term 0 for changeToCandidate
2019-10-28 11:44:39,851 [Thread-1348] INFO  impl.RoleInfo (RoleInfo.java:updateAndGet(143)) - 24830d12-f44b-43d9-b733-6f9667bbd6c9: start LeaderElection
2019-10-28 11:44:39,857 [84f4174e-6bb9-44ab-a36a-6c5af4251c6f@group-3D615E92427D-SegmentedRaftLogWorker] INFO  segmented.SegmentedRaftLogWorker (SegmentedRaftLogWorker.java:execute(576)) - 84f4174e-6bb9-44ab-a36a-6c5af4251c6f@group-3D615E92427D-SegmentedRaftLogWorker: created new log segment /workdir/hadoop-ozone/integration-test/target/test-dir/MiniOzoneClusterImpl-b31733c6-727c-4256-9138-ff5b19d95bfe/datanode-7/data/ratis/304c9926-cae9-4ed2-acd7-3d615e92427d/current/log_inprogress_0
2019-10-28 11:44:39,857 [ce71e9bc-e571-4e52-8a73-1c9dce7b9fa7@group-08147416B334-LeaderElection32] INFO  impl.LeaderElection (LeaderElection.java:askForVotes(178)) - ce71e9bc-e571-4e52-8a73-1c9dce7b9fa7@group-08147416B334-LeaderElection32: begin an election at term 1 for -1: [24830d12-f44b-43d9-b733-6f9667bbd6c9:192.168.164.193:40613, 75159f97-af2c-48a6-bb8f-f5acb2145c35:192.168.164.193:42423, ce71e9bc-e571-4e52-8a73-1c9dce7b9fa7:192.168.164.193:36234], old=null
2019-10-28 11:44:39,857 [75159f97-af2c-48a6-bb8f-f5acb2145c35@group-08147416B334-LeaderElection31] INFO  impl.LeaderElection (LeaderElection.java:askForVotes(178)) - 75159f97-af2c-48a6-bb8f-f5acb2145c35@group-08147416B334-LeaderElection31: begin an election at term 1 for -1: [24830d12-f44b-43d9-b733-6f9667bbd6c9:192.168.164.193:40613, 75159f97-af2c-48a6-bb8f-f5acb2145c35:192.168.164.193:42423, ce71e9bc-e571-4e52-8a73-1c9dce7b9fa7:192.168.164.193:36234], old=null
2019-10-28 11:44:39,860 [RatisPipelineUtilsThread] INFO  pipeline.PipelineStateManager (PipelineStateManager.java:addPipeline(56)) - Created pipeline Pipeline[ Id: 729e339c-4bbb-4333-b4d9-921206801838, Nodes: 24830d12-f44b-43d9-b733-6f9667bbd6c9{ip: 192.168.164.193, host: pr-hdds-2292-97wmq-4261317731, networkLocation: /rack1, certSerialId: null}, Type:RATIS, Factor:ONE, State:OPEN]
2019-10-28 11:44:39,870 [grpc-default-executor-6] INFO  impl.RaftServerProxy (RaftServerProxy.java:addNew(89)) - 66cf3979-81da-4155-81a0-3dd54985f91a: addNew group-56DFAE376DB1:[66cf3979-81da-4155-81a0-3dd54985f91a:192.168.164.193:43079] returns group-56DFAE376DB1:java.util.concurrent.CompletableFuture@7f80b8c1[Not completed]
2019-10-28 11:44:39,870 [ce71e9bc-e571-4e52-8a73-1c9dce7b9fa7@group-08147416B334-LeaderElection32] INFO  impl.LeaderElection (LeaderElection.java:logAndReturn(56)) - ce71e9bc-e571-4e52-8a73-1c9dce7b9fa7@group-08147416B334-LeaderElection32: Election TIMEOUT; received 1 response(s) [ce71e9bc-e571-4e52-8a73-1c9dce7b9fa7<-75159f97-af2c-48a6-bb8f-f5acb2145c35#0:FAIL-t1] and 0 exception(s); ce71e9bc-e571-4e52-8a73-1c9dce7b9fa7@group-08147416B334:t1, leader=null, voted=ce71e9bc-e571-4e52-8a73-1c9dce7b9fa7, raftlog=ce71e9bc-e571-4e52-8a73-1c9dce7b9fa7@group-08147416B334-SegmentedRaftLog:OPENED:c-1,f-1,i0, conf=-1: [24830d12-f44b-43d9-b733-6f9667bbd6c9:192.168.164.193:40613, 75159f97-af2c-48a6-bb8f-f5acb2145c35:192.168.164.193:42423, ce71e9bc-e571-4e52-8a73-1c9dce7b9fa7:192.168.164.193:36234], old=null
2019-10-28 11:44:39,871 [pool-229-thread-1] INFO  impl.RaftServerImpl (RaftServerImpl.java:<init>(104)) - 66cf3979-81da-4155-81a0-3dd54985f91a: new RaftServerImpl for group-56DFAE376DB1:[66cf3979-81da-4155-81a0-3dd54985f91a:192.168.164.193:43079] with ContainerStateMachine:uninitialized
2019-10-28 11:44:39,871 [pool-229-thread-1] INFO  server.RaftServerConfigKeys (ConfUtils.java:logGet(43)) - raft.server.rpc.timeout.min = 1s (custom)
2019-10-28 11:44:39,871 [pool-229-thread-1] INFO  server.RaftServerConfigKeys (ConfUtils.java:logGet(43)) - raft.server.rpc.timeout.max = 1200ms (custom)
2019-10-28 11:44:39,871 [pool-229-thread-1] INFO  server.RaftServerConfigKeys (ConfUtils.java:logGet(43)) - raft.server.rpcslowness.timeout = 120s (custom)
2019-10-28 11:44:39,871 [pool-229-thread-1] INFO  server.RaftServerConfigKeys (ConfUtils.java:logGet(43)) - raft.server.sleep.deviation.threshold = 300 (default)
2019-10-28 11:44:39,871 [pool-229-thread-1] INFO  server.RaftServerConfigKeys (ConfUtils.java:logGet(43)) - raft.server.log.appender.install.snapshot.enabled = false (custom)
2019-10-28 11:44:39,872 [pool-229-thread-1] INFO  impl.RaftServerImpl (ServerState.java:<init>(103)) - 66cf3979-81da-4155-81a0-3dd54985f91a@group-56DFAE376DB1: ConfigurationManager, init=-1: [66cf3979-81da-4155-81a0-3dd54985f91a:192.168.164.193:43079], old=null, confs=<EMPTY_MAP>
2019-10-28 11:44:39,872 [pool-229-thread-1] INFO  server.RaftServerConfigKeys (ConfUtils.java:logGet(43)) - raft.server.storage.dir = [/workdir/hadoop-ozone/integration-test/target/test-dir/MiniOzoneClusterImpl-b31733c6-727c-4256-9138-ff5b19d95bfe/datanode-8/data/ratis] (custom)
2019-10-28 11:44:39,872 [pool-229-thread-1] INFO  server.RaftServerConfigKeys (ConfUtils.java:logGet(43)) - raft.server.log.corruption.policy = EXCEPTION (default)
2019-10-28 11:44:39,872 [pool-229-thread-1] INFO  storage.RaftStorageDirectory (RaftStorageDirectory.java:analyzeStorage(246)) - The storage directory /workdir/hadoop-ozone/integration-test/target/test-dir/MiniOzoneClusterImpl-b31733c6-727c-4256-9138-ff5b19d95bfe/datanode-8/data/ratis/f883ab43-231e-4803-9cb0-56dfae376db1 does not exist. Creating ...
2019-10-28 11:44:39,879 [IPC Server handler 3 on 46118] INFO  net.NetworkTopology (NetworkTopologyImpl.java:add(111)) - Added a new node: /rack1/8d6128be-fc83-4963-9e93-d652923f883a
2019-10-28 11:44:39,880 [IPC Server handler 3 on 46118] INFO  node.SCMNodeManager (SCMNodeManager.java:register(268)) - Registered Data node : 8d6128be-fc83-4963-9e93-d652923f883a{ip: 192.168.164.193, host: pr-hdds-2292-97wmq-4261317731, networkLocation: /rack1, certSerialId: null}
2019-10-28 11:44:39,881 [24830d12-f44b-43d9-b733-6f9667bbd6c9@group-08147416B334-LeaderElection33] INFO  impl.LeaderElection (LeaderElection.java:askForVotes(178)) - 24830d12-f44b-43d9-b733-6f9667bbd6c9@group-08147416B334-LeaderElection33: begin an election at term 1 for -1: [24830d12-f44b-43d9-b733-6f9667bbd6c9:192.168.164.193:40613, 75159f97-af2c-48a6-bb8f-f5acb2145c35:192.168.164.193:42423, ce71e9bc-e571-4e52-8a73-1c9dce7b9fa7:192.168.164.193:36234], old=null
2019-10-28 11:44:39,882 [main] INFO  ozone.MiniOzoneClusterImpl (MiniOzoneClusterImpl.java:lambda$waitForClusterToBeReady$0(147)) - Cluster is ready. Got 10 of 10 DN Heartbeats.
2019-10-28 11:44:39,884 [75159f97-af2c-48a6-bb8f-f5acb2145c35@group-08147416B334-LeaderElection31] INFO  impl.LeaderElection (LeaderElection.java:logAndReturn(56)) - 75159f97-af2c-48a6-bb8f-f5acb2145c35@group-08147416B334-LeaderElection31: Election REJECTED; received 2 response(s) [75159f97-af2c-48a6-bb8f-f5acb2145c35<-24830d12-f44b-43d9-b733-6f9667bbd6c9#0:FAIL-t1, 75159f97-af2c-48a6-bb8f-f5acb2145c35<-ce71e9bc-e571-4e52-8a73-1c9dce7b9fa7#0:FAIL-t1] and 0 exception(s); 75159f97-af2c-48a6-bb8f-f5acb2145c35@group-08147416B334:t1, leader=null, voted=75159f97-af2c-48a6-bb8f-f5acb2145c35, raftlog=75159f97-af2c-48a6-bb8f-f5acb2145c35@group-08147416B334-SegmentedRaftLog:OPENED:c-1,f-1,i0, conf=-1: [24830d12-f44b-43d9-b733-6f9667bbd6c9:192.168.164.193:40613, 75159f97-af2c-48a6-bb8f-f5acb2145c35:192.168.164.193:42423, ce71e9bc-e571-4e52-8a73-1c9dce7b9fa7:192.168.164.193:36234], old=null
2019-10-28 11:44:39,884 [75159f97-af2c-48a6-bb8f-f5acb2145c35@group-08147416B334-LeaderElection31] INFO  impl.RaftServerImpl (RaftServerImpl.java:setRole(184)) - 75159f97-af2c-48a6-bb8f-f5acb2145c35@group-08147416B334: changes role from CANDIDATE to FOLLOWER at term 1 for DISCOVERED_A_NEW_TERM
2019-10-28 11:44:39,884 [75159f97-af2c-48a6-bb8f-f5acb2145c35@group-08147416B334-LeaderElection31] INFO  impl.RoleInfo (RoleInfo.java:shutdownLeaderElection(134)) - 75159f97-af2c-48a6-bb8f-f5acb2145c35: shutdown LeaderElection
2019-10-28 11:44:39,884 [75159f97-af2c-48a6-bb8f-f5acb2145c35@group-08147416B334-LeaderElection31] INFO  impl.RoleInfo (RoleInfo.java:updateAndGet(143)) - 75159f97-af2c-48a6-bb8f-f5acb2145c35: start FollowerState
2019-10-28 11:44:39,886 [pool-229-thread-1] INFO  storage.RaftStorageDirectory (RaftStorageDirectory.java:tryLock(328)) - Lock on /workdir/hadoop-ozone/integration-test/target/test-dir/MiniOzoneClusterImpl-b31733c6-727c-4256-9138-ff5b19d95bfe/datanode-8/data/ratis/f883ab43-231e-4803-9cb0-56dfae376db1/in_use.lock acquired by nodename 8743@pr-hdds-2292-97wmq-4261317731
2019-10-28 11:44:39,887 [ce71e9bc-e571-4e52-8a73-1c9dce7b9fa7@group-08147416B334-LeaderElection32] INFO  impl.LeaderElection (LeaderElection.java:askForVotes(178)) - ce71e9bc-e571-4e52-8a73-1c9dce7b9fa7@group-08147416B334-LeaderElection32: begin an election at term 2 for -1: [24830d12-f44b-43d9-b733-6f9667bbd6c9:192.168.164.193:40613, 75159f97-af2c-48a6-bb8f-f5acb2145c35:192.168.164.193:42423, ce71e9bc-e571-4e52-8a73-1c9dce7b9fa7:192.168.164.193:36234], old=null
2019-10-28 11:44:39,894 [pool-229-thread-1] INFO  storage.RaftStorage (RaftStorage.java:format(84)) - Storage directory /workdir/hadoop-ozone/integration-test/target/test-dir/MiniOzoneClusterImpl-b31733c6-727c-4256-9138-ff5b19d95bfe/datanode-8/data/ratis/f883ab43-231e-4803-9cb0-56dfae376db1 has been successfully formatted.
2019-10-28 11:44:39,896 [pool-229-thread-1] INFO  ratis.ContainerStateMachine (ContainerStateMachine.java:loadSnapshot(231)) - group-56DFAE376DB1: The snapshot info is null. Setting the last applied indexto:(t:0, i:~)
2019-10-28 11:44:39,896 [24830d12-f44b-43d9-b733-6f9667bbd6c9@group-08147416B334-LeaderElection33] INFO  impl.LeaderElection (LeaderElection.java:logAndReturn(56)) - 24830d12-f44b-43d9-b733-6f9667bbd6c9@group-08147416B334-LeaderElection33: Election DISCOVERED_A_NEW_TERM; received 2 response(s) [24830d12-f44b-43d9-b733-6f9667bbd6c9<-75159f97-af2c-48a6-bb8f-f5acb2145c35#0:FAIL-t1, 24830d12-f44b-43d9-b733-6f9667bbd6c9<-ce71e9bc-e571-4e52-8a73-1c9dce7b9fa7#0:FAIL-t2] and 0 exception(s); 24830d12-f44b-43d9-b733-6f9667bbd6c9@group-08147416B334:t1, leader=null, voted=24830d12-f44b-43d9-b733-6f9667bbd6c9, raftlog=24830d12-f44b-43d9-b733-6f9667bbd6c9@group-08147416B334-SegmentedRaftLog:OPENED:c-1,f-1,i0, conf=-1: [24830d12-f44b-43d9-b733-6f9667bbd6c9:192.168.164.193:40613, 75159f97-af2c-48a6-bb8f-f5acb2145c35:192.168.164.193:42423, ce71e9bc-e571-4e52-8a73-1c9dce7b9fa7:192.168.164.193:36234], old=null
2019-10-28 11:44:39,896 [pool-229-thread-1] INFO  server.RaftServerConfigKeys (ConfUtils.java:logGet(43)) - raft.server.notification.no-leader.timeout = 120s (custom)
2019-10-28 11:44:39,896 [24830d12-f44b-43d9-b733-6f9667bbd6c9@group-08147416B334-LeaderElection33] INFO  impl.RaftServerImpl (RaftServerImpl.java:setRole(184)) - 24830d12-f44b-43d9-b733-6f9667bbd6c9@group-08147416B334: changes role from CANDIDATE to FOLLOWER at term 2 for DISCOVERED_A_NEW_TERM
2019-10-28 11:44:39,898 [24830d12-f44b-43d9-b733-6f9667bbd6c9@group-08147416B334-LeaderElection33] INFO  impl.RoleInfo (RoleInfo.java:shutdownLeaderElection(134)) - 24830d12-f44b-43d9-b733-6f9667bbd6c9: shutdown LeaderElection
2019-10-28 11:44:39,896 [pool-229-thread-1] INFO  server.RaftServerConfigKeys (ConfUtils.java:logGet(43)) - raft.server.log.use.memory = false (default)
2019-10-28 11:44:39,898 [grpc-default-executor-2] INFO  impl.RaftServerImpl (RaftServerImpl.java:setRole(184)) - 75159f97-af2c-48a6-bb8f-f5acb2145c35@group-08147416B334: changes role from  FOLLOWER to FOLLOWER at term 2 for recognizeCandidate:ce71e9bc-e571-4e52-8a73-1c9dce7b9fa7
2019-10-28 11:44:39,898 [24830d12-f44b-43d9-b733-6f9667bbd6c9@group-08147416B334-LeaderElection33] INFO  impl.RoleInfo (RoleInfo.java:updateAndGet(143)) - 24830d12-f44b-43d9-b733-6f9667bbd6c9: start FollowerState
2019-10-28 11:44:39,899 [grpc-default-executor-2] INFO  impl.RoleInfo (RoleInfo.java:shutdownFollowerState(121)) - 75159f97-af2c-48a6-bb8f-f5acb2145c35: shutdown FollowerState
2019-10-28 11:44:39,898 [pool-229-thread-1] INFO  server.RaftServerConfigKeys (ConfUtils.java:logGet(43)) - raft.server.log.purge.gap = 1000000 (custom)
2019-10-28 11:44:39,899 [Thread-1369] INFO  impl.FollowerState (FollowerState.java:run(117)) - 75159f97-af2c-48a6-bb8f-f5acb2145c35@group-08147416B334-FollowerState was interrupted: java.lang.InterruptedException: sleep interrupted
2019-10-28 11:44:39,899 [grpc-default-executor-2] INFO  impl.RoleInfo (RoleInfo.java:updateAndGet(143)) - 75159f97-af2c-48a6-bb8f-f5acb2145c35: start FollowerState
2019-10-28 11:44:39,899 [pool-229-thread-1] INFO  server.RaftServerConfigKeys (ConfUtils.java:logGet(43)) - raft.server.log.appender.buffer.byte-limit = 33554432 (custom)
2019-10-28 11:44:39,901 [pool-229-thread-1] INFO  server.RaftServerConfigKeys (ConfUtils.java:logGet(43)) - raft.server.log.segment.size.max = 1048576 (custom)
2019-10-28 11:44:39,903 [grpc-default-executor-3] INFO  impl.RaftServerImpl (RaftServerImpl.java:setRole(184)) - 24830d12-f44b-43d9-b733-6f9667bbd6c9@group-08147416B334: changes role from  FOLLOWER to FOLLOWER at term 2 for recognizeCandidate:ce71e9bc-e571-4e52-8a73-1c9dce7b9fa7
2019-10-28 11:44:39,906 [grpc-default-executor-3] INFO  impl.RoleInfo (RoleInfo.java:shutdownFollowerState(121)) - 24830d12-f44b-43d9-b733-6f9667bbd6c9: shutdown FollowerState
2019-10-28 11:44:39,910 [grpc-default-executor-3] INFO  impl.RoleInfo (RoleInfo.java:updateAndGet(143)) - 24830d12-f44b-43d9-b733-6f9667bbd6c9: start FollowerState
2019-10-28 11:44:39,910 [pool-229-thread-1] INFO  server.RaftServerConfigKeys (ConfUtils.java:logGet(43)) - raft.server.log.segment.cache.num.max = 2 (custom)
2019-10-28 11:44:39,910 [Thread-1373] INFO  impl.FollowerState (FollowerState.java:run(117)) - 24830d12-f44b-43d9-b733-6f9667bbd6c9@group-08147416B334-FollowerState was interrupted: java.lang.InterruptedException: sleep interrupted
2019-10-28 11:44:39,911 [pool-229-thread-1] INFO  segmented.SegmentedRaftLogWorker (SegmentedRaftLogWorker.java:<init>(173)) - new 66cf3979-81da-4155-81a0-3dd54985f91a@group-56DFAE376DB1-SegmentedRaftLogWorker for RaftStorage:Storage Directory /workdir/hadoop-ozone/integration-test/target/test-dir/MiniOzoneClusterImpl-b31733c6-727c-4256-9138-ff5b19d95bfe/datanode-8/data/ratis/f883ab43-231e-4803-9cb0-56dfae376db1
2019-10-28 11:44:39,912 [pool-229-thread-1] INFO  server.RaftServerConfigKeys (ConfUtils.java:logGet(43)) - raft.server.log.queue.byte-limit = 2147483647 (custom)
2019-10-28 11:44:39,912 [pool-229-thread-1] INFO  server.RaftServerConfigKeys (ConfUtils.java:logGet(43)) - raft.server.log.queue.element-limit = 1024 (custom)
2019-10-28 11:44:39,912 [pool-229-thread-1] INFO  server.RaftServerConfigKeys (ConfUtils.java:logGet(43)) - raft.server.log.segment.size.max = 1048576 (custom)
2019-10-28 11:44:39,912 [pool-229-thread-1] INFO  server.RaftServerConfigKeys (ConfUtils.java:logGet(43)) - raft.server.log.preallocated.size = 16384 (custom)
2019-10-28 11:44:39,912 [pool-229-thread-1] INFO  server.RaftServerConfigKeys (ConfUtils.java:logGet(43)) - raft.server.log.write.buffer.size = 33554432 (custom)
2019-10-28 11:44:39,913 [pool-229-thread-1] INFO  server.RaftServerConfigKeys (ConfUtils.java:logGet(43)) - raft.server.log.force.sync.num = 128 (default)
2019-10-28 11:44:39,913 [ce71e9bc-e571-4e52-8a73-1c9dce7b9fa7@group-08147416B334-LeaderElection32] INFO  impl.LeaderElection (LeaderElection.java:logAndReturn(56)) - ce71e9bc-e571-4e52-8a73-1c9dce7b9fa7@group-08147416B334-LeaderElection32: Election PASSED; received 1 response(s) [ce71e9bc-e571-4e52-8a73-1c9dce7b9fa7<-75159f97-af2c-48a6-bb8f-f5acb2145c35#0:OK-t2] and 0 exception(s); ce71e9bc-e571-4e52-8a73-1c9dce7b9fa7@group-08147416B334:t2, leader=null, voted=ce71e9bc-e571-4e52-8a73-1c9dce7b9fa7, raftlog=ce71e9bc-e571-4e52-8a73-1c9dce7b9fa7@group-08147416B334-SegmentedRaftLog:OPENED:c-1,f-1,i0, conf=-1: [24830d12-f44b-43d9-b733-6f9667bbd6c9:192.168.164.193:40613, 75159f97-af2c-48a6-bb8f-f5acb2145c35:192.168.164.193:42423, ce71e9bc-e571-4e52-8a73-1c9dce7b9fa7:192.168.164.193:36234], old=null
2019-10-28 11:44:39,913 [pool-229-thread-1] INFO  server.RaftServerConfigKeys (ConfUtils.java:logGet(43)) - raft.server.log.statemachine.data.sync = true (default)
2019-10-28 11:44:39,913 [ce71e9bc-e571-4e52-8a73-1c9dce7b9fa7@group-08147416B334-LeaderElection32] INFO  impl.RoleInfo (RoleInfo.java:shutdownLeaderElection(134)) - ce71e9bc-e571-4e52-8a73-1c9dce7b9fa7: shutdown LeaderElection
2019-10-28 11:44:39,915 [ce71e9bc-e571-4e52-8a73-1c9dce7b9fa7@group-08147416B334-LeaderElection32] INFO  impl.RaftServerImpl (RaftServerImpl.java:setRole(184)) - ce71e9bc-e571-4e52-8a73-1c9dce7b9fa7@group-08147416B334: changes role from CANDIDATE to LEADER at term 2 for changeToLeader
2019-10-28 11:44:39,913 [pool-229-thread-1] INFO  server.RaftServerConfigKeys (ConfUtils.java:logGet(43)) - raft.server.log.statemachine.data.sync.timeout = 10s (default)
2019-10-28 11:44:39,915 [ce71e9bc-e571-4e52-8a73-1c9dce7b9fa7@group-08147416B334-LeaderElection32] INFO  impl.RaftServerImpl (ServerState.java:setLeader(256)) - ce71e9bc-e571-4e52-8a73-1c9dce7b9fa7@group-08147416B334: change Leader from null to ce71e9bc-e571-4e52-8a73-1c9dce7b9fa7 at term 2 for becomeLeader, leader elected after 231ms
2019-10-28 11:44:39,915 [pool-229-thread-1] INFO  server.RaftServerConfigKeys (ConfUtils.java:logGet(43)) - raft.server.log.statemachine.data.sync.timeout.retry = -1 (default)
2019-10-28 11:44:39,915 [ce71e9bc-e571-4e52-8a73-1c9dce7b9fa7@group-08147416B334-LeaderElection32] INFO  server.RaftServerConfigKeys (ConfUtils.java:logGet(43)) - raft.server.staging.catchup.gap = 1000 (default)
2019-10-28 11:44:39,915 [ce71e9bc-e571-4e52-8a73-1c9dce7b9fa7@group-08147416B334-LeaderElection32] INFO  server.RaftServerConfigKeys (ConfUtils.java:logGet(43)) - raft.server.rpc.sleep.time = 25ms (default)
2019-10-28 11:44:39,915 [pool-229-thread-1] INFO  server.RaftServerConfigKeys (ConfUtils.java:logGet(43)) - raft.server.log.statemachine.data.caching.enabled = true (custom)
2019-10-28 11:44:39,915 [ce71e9bc-e571-4e52-8a73-1c9dce7b9fa7@group-08147416B334-LeaderElection32] INFO  server.RaftServerConfigKeys (ConfUtils.java:logGet(43)) - raft.server.write.element-limit = 4096 (default)
2019-10-28 11:44:39,915 [ce71e9bc-e571-4e52-8a73-1c9dce7b9fa7@group-08147416B334-LeaderElection32] INFO  server.RaftServerConfigKeys (ConfUtils.java:logGet(43)) - raft.server.watch.timeout = 10s (default)
2019-10-28 11:44:39,915 [pool-229-thread-1] INFO  segmented.SegmentedRaftLogWorker (SegmentedRaftLogWorker.java:lambda$new$0(128)) - 66cf3979-81da-4155-81a0-3dd54985f91a@group-56DFAE376DB1-SegmentedRaftLogWorker: flushIndex: setUnconditionally 0 -> -1
2019-10-28 11:44:39,915 [ce71e9bc-e571-4e52-8a73-1c9dce7b9fa7@group-08147416B334-LeaderElection32] INFO  server.RaftServerConfigKeys (ConfUtils.java:logGet(43)) - raft.server.watch.timeout.denomination = 1s (default)
2019-10-28 11:44:39,916 [ce71e9bc-e571-4e52-8a73-1c9dce7b9fa7@group-08147416B334-LeaderElection32] INFO  server.RaftServerConfigKeys (ConfUtils.java:logGet(43)) - raft.server.watch.element-limit = 65536 (default)
2019-10-28 11:44:39,916 [pool-229-thread-1] INFO  server.RaftServerConfigKeys (ConfUtils.java:logGet(43)) - raft.server.snapshot.auto.trigger.enabled = true (custom)
2019-10-28 11:44:39,916 [pool-229-thread-1] INFO  server.RaftServerConfigKeys (ConfUtils.java:logGet(43)) - raft.server.snapshot.auto.trigger.threshold = 10000 (custom)
2019-10-28 11:44:39,916 [pool-229-thread-1] INFO  server.RaftServerConfigKeys (ConfUtils.java:logGet(43)) - raft.server.snapshot.retention.file.num = 5 (custom)
2019-10-28 11:44:39,916 [pool-229-thread-1] INFO  server.RaftServerConfigKeys (ConfUtils.java:logGet(43)) - raft.server.retrycache.expirytime = 600000ms (custom)
2019-10-28 11:44:39,920 [ce71e9bc-e571-4e52-8a73-1c9dce7b9fa7@group-08147416B334-LeaderElection32] INFO  server.RaftServerConfigKeys (ConfUtils.java:logGet(43)) - raft.server.log.appender.snapshot.chunk.size.max = 16MB (=16777216) (default)
2019-10-28 11:44:39,920 [ce71e9bc-e571-4e52-8a73-1c9dce7b9fa7@group-08147416B334-LeaderElection32] INFO  server.RaftServerConfigKeys (ConfUtils.java:logGet(43)) - raft.server.log.appender.buffer.byte-limit = 33554432 (custom)
2019-10-28 11:44:39,920 [ce71e9bc-e571-4e52-8a73-1c9dce7b9fa7@group-08147416B334-LeaderElection32] INFO  server.RaftServerConfigKeys (ConfUtils.java:logGet(43)) - raft.server.log.appender.buffer.element-limit = 1 (custom)
2019-10-28 11:44:39,920 [ce71e9bc-e571-4e52-8a73-1c9dce7b9fa7@group-08147416B334-LeaderElection32] INFO  grpc.GrpcConfigKeys$Server (ConfUtils.java:logGet(43)) - raft.grpc.server.leader.outstanding.appends.max = 128 (default)
2019-10-28 11:44:39,920 [ce71e9bc-e571-4e52-8a73-1c9dce7b9fa7@group-08147416B334-LeaderElection32] INFO  server.RaftServerConfigKeys (ConfUtils.java:logGet(43)) - raft.server.rpc.request.timeout = 3000ms (default)
2019-10-28 11:44:39,920 [ce71e9bc-e571-4e52-8a73-1c9dce7b9fa7@group-08147416B334-LeaderElection32] INFO  server.RaftServerConfigKeys (ConfUtils.java:logGet(43)) - raft.server.log.appender.install.snapshot.enabled = false (custom)
2019-10-28 11:44:39,921 [main] INFO  rpc.RpcClient (RpcClient.java:createVolume(272)) - Creating Volume: datanodefailurehandlingtest, with jenkins1000 as owner.
2019-10-28 11:44:39,922 [pool-229-thread-1] INFO  impl.RaftServerImpl (RaftServerImpl.java:start(195)) - 66cf3979-81da-4155-81a0-3dd54985f91a@group-56DFAE376DB1: start as a follower, conf=-1: [66cf3979-81da-4155-81a0-3dd54985f91a:192.168.164.193:43079], old=null
2019-10-28 11:44:39,922 [pool-229-thread-1] INFO  impl.RaftServerImpl (RaftServerImpl.java:setRole(184)) - 66cf3979-81da-4155-81a0-3dd54985f91a@group-56DFAE376DB1: changes role from      null to FOLLOWER at term 0 for startAsFollower
2019-10-28 11:44:39,922 [pool-229-thread-1] INFO  impl.RoleInfo (RoleInfo.java:updateAndGet(143)) - 66cf3979-81da-4155-81a0-3dd54985f91a: start FollowerState
2019-10-28 11:44:39,922 [ce71e9bc-e571-4e52-8a73-1c9dce7b9fa7@group-08147416B334-LeaderElection32] INFO  server.RaftServerConfigKeys (ConfUtils.java:logGet(43)) - raft.server.log.appender.snapshot.chunk.size.max = 16MB (=16777216) (default)
2019-10-28 11:44:39,923 [ce71e9bc-e571-4e52-8a73-1c9dce7b9fa7@group-08147416B334-LeaderElection32] INFO  server.RaftServerConfigKeys (ConfUtils.java:logGet(43)) - raft.server.log.appender.buffer.byte-limit = 33554432 (custom)
2019-10-28 11:44:39,923 [pool-229-thread-1] INFO  util.JmxRegister (JmxRegister.java:tryRegister(44)) - Successfully registered JMX Bean with object name Ratis:service=RaftServer,group=group-56DFAE376DB1,id=66cf3979-81da-4155-81a0-3dd54985f91a
2019-10-28 11:44:39,923 [ce71e9bc-e571-4e52-8a73-1c9dce7b9fa7@group-08147416B334-LeaderElection32] INFO  server.RaftServerConfigKeys (ConfUtils.java:logGet(43)) - raft.server.log.appender.buffer.element-limit = 1 (custom)
2019-10-28 11:44:39,923 [ce71e9bc-e571-4e52-8a73-1c9dce7b9fa7@group-08147416B334-LeaderElection32] INFO  grpc.GrpcConfigKeys$Server (ConfUtils.java:logGet(43)) - raft.grpc.server.leader.outstanding.appends.max = 128 (default)
2019-10-28 11:44:39,923 [ce71e9bc-e571-4e52-8a73-1c9dce7b9fa7@group-08147416B334-LeaderElection32] INFO  server.RaftServerConfigKeys (ConfUtils.java:logGet(43)) - raft.server.rpc.request.timeout = 3000ms (default)
2019-10-28 11:44:39,923 [ce71e9bc-e571-4e52-8a73-1c9dce7b9fa7@group-08147416B334-LeaderElection32] INFO  server.RaftServerConfigKeys (ConfUtils.java:logGet(43)) - raft.server.log.appender.install.snapshot.enabled = false (custom)
2019-10-28 11:44:39,924 [IPC Server handler 3 on 38449] INFO  volume.OMVolumeCreateRequest (OMVolumeCreateRequest.java:validateAndUpdateCache(193)) - created volume:datanodefailurehandlingtest for user:jenkins1000
2019-10-28 11:44:39,928 [ce71e9bc-e571-4e52-8a73-1c9dce7b9fa7@group-08147416B334-LeaderElection32] INFO  impl.RoleInfo (RoleInfo.java:updateAndGet(143)) - ce71e9bc-e571-4e52-8a73-1c9dce7b9fa7: start LeaderState
2019-10-28 11:44:39,928 [ce71e9bc-e571-4e52-8a73-1c9dce7b9fa7@group-08147416B334-LeaderElection32] INFO  segmented.SegmentedRaftLogWorker (SegmentedRaftLogWorker.java:startLogSegment(385)) - ce71e9bc-e571-4e52-8a73-1c9dce7b9fa7@group-08147416B334-SegmentedRaftLogWorker: Starting segment from index:0
2019-10-28 11:44:39,957 [Thread-1380] INFO  impl.FollowerState (FollowerState.java:run(108)) - 66cf3979-81da-4155-81a0-3dd54985f91a@group-56DFAE376DB1-FollowerState: change to CANDIDATE, lastRpcTime:34ms, electionTimeout:19ms
2019-10-28 11:44:39,957 [Thread-1380] INFO  impl.RoleInfo (RoleInfo.java:shutdownFollowerState(121)) - 66cf3979-81da-4155-81a0-3dd54985f91a: shutdown FollowerState
2019-10-28 11:44:39,957 [Thread-1380] INFO  impl.RaftServerImpl (RaftServerImpl.java:setRole(184)) - 66cf3979-81da-4155-81a0-3dd54985f91a@group-56DFAE376DB1: changes role from  FOLLOWER to CANDIDATE at term 0 for changeToCandidate
2019-10-28 11:44:39,957 [ce71e9bc-e571-4e52-8a73-1c9dce7b9fa7@group-08147416B334-LeaderElection32] INFO  impl.RaftServerImpl (ServerState.java:setRaftConf(357)) - ce71e9bc-e571-4e52-8a73-1c9dce7b9fa7@group-08147416B334: set configuration 0: [24830d12-f44b-43d9-b733-6f9667bbd6c9:192.168.164.193:40613, 75159f97-af2c-48a6-bb8f-f5acb2145c35:192.168.164.193:42423, ce71e9bc-e571-4e52-8a73-1c9dce7b9fa7:192.168.164.193:36234], old=null at 0
2019-10-28 11:44:39,957 [Thread-1380] INFO  impl.RoleInfo (RoleInfo.java:updateAndGet(143)) - 66cf3979-81da-4155-81a0-3dd54985f91a: start LeaderElection
2019-10-28 11:44:39,960 [RatisPipelineUtilsThread] INFO  pipeline.PipelineStateManager (PipelineStateManager.java:addPipeline(56)) - Created pipeline Pipeline[ Id: f883ab43-231e-4803-9cb0-56dfae376db1, Nodes: 66cf3979-81da-4155-81a0-3dd54985f91a{ip: 192.168.164.193, host: pr-hdds-2292-97wmq-4261317731, networkLocation: /rack1, certSerialId: null}, Type:RATIS, Factor:ONE, State:OPEN]
2019-10-28 11:44:39,964 [Thread-1376] INFO  impl.FollowerState (FollowerState.java:run(108)) - 24830d12-f44b-43d9-b733-6f9667bbd6c9@group-08147416B334-FollowerState: change to CANDIDATE, lastRpcTime:53ms, electionTimeout:50ms
2019-10-28 11:44:39,964 [Thread-1376] INFO  impl.RoleInfo (RoleInfo.java:shutdownFollowerState(121)) - 24830d12-f44b-43d9-b733-6f9667bbd6c9: shutdown FollowerState
2019-10-28 11:44:39,964 [Thread-1376] INFO  impl.RaftServerImpl (RaftServerImpl.java:setRole(184)) - 24830d12-f44b-43d9-b733-6f9667bbd6c9@group-08147416B334: changes role from  FOLLOWER to CANDIDATE at term 2 for changeToCandidate
2019-10-28 11:44:39,975 [Thread-1376] INFO  impl.RoleInfo (RoleInfo.java:updateAndGet(143)) - 24830d12-f44b-43d9-b733-6f9667bbd6c9: start LeaderElection
2019-10-28 11:44:39,977 [grpc-default-executor-3] INFO  impl.RaftServerImpl (ServerState.java:setLeader(256)) - 75159f97-af2c-48a6-bb8f-f5acb2145c35@group-08147416B334: change Leader from null to ce71e9bc-e571-4e52-8a73-1c9dce7b9fa7 at term 2 for appendEntries, leader elected after 294ms
2019-10-28 11:44:39,978 [main] INFO  rpc.RpcClient (RpcClient.java:createBucket(411)) - Creating Bucket: datanodefailurehandlingtest/datanodefailurehandlingtest, with Versioning false and Storage Type set to DISK and Encryption set to false 
2019-10-28 11:44:39,979 [grpc-default-executor-6] INFO  impl.RaftServerImpl (ServerState.java:setRaftConf(357)) - 75159f97-af2c-48a6-bb8f-f5acb2145c35@group-08147416B334: set configuration 0: [24830d12-f44b-43d9-b733-6f9667bbd6c9:192.168.164.193:40613, 75159f97-af2c-48a6-bb8f-f5acb2145c35:192.168.164.193:42423, ce71e9bc-e571-4e52-8a73-1c9dce7b9fa7:192.168.164.193:36234], old=null at 0
2019-10-28 11:44:39,980 [grpc-default-executor-6] INFO  segmented.SegmentedRaftLogWorker (SegmentedRaftLogWorker.java:startLogSegment(385)) - 75159f97-af2c-48a6-bb8f-f5acb2145c35@group-08147416B334-SegmentedRaftLogWorker: Starting segment from index:0
2019-10-28 11:44:39,984 [ce71e9bc-e571-4e52-8a73-1c9dce7b9fa7@group-08147416B334-SegmentedRaftLogWorker] INFO  segmented.SegmentedRaftLogWorker (SegmentedRaftLogWorker.java:execute(576)) - ce71e9bc-e571-4e52-8a73-1c9dce7b9fa7@group-08147416B334-SegmentedRaftLogWorker: created new log segment /workdir/hadoop-ozone/integration-test/target/test-dir/MiniOzoneClusterImpl-b31733c6-727c-4256-9138-ff5b19d95bfe/datanode-4/data/ratis/a1f718c7-e34d-4c3e-9e12-08147416b334/current/log_inprogress_0
2019-10-28 11:44:40,009 [grpc-default-executor-6] INFO  impl.RaftServerProxy (RaftServerProxy.java:addNew(89)) - a480340b-d1a5-4cd0-bc20-ae63b012c3c7: addNew group-CB3DA70F9539:[a480340b-d1a5-4cd0-bc20-ae63b012c3c7:192.168.164.193:43902] returns group-CB3DA70F9539:java.util.concurrent.CompletableFuture@15dfb166[Not completed]
2019-10-28 11:44:40,009 [24830d12-f44b-43d9-b733-6f9667bbd6c9@group-08147416B334-LeaderElection35] INFO  impl.LeaderElection (LeaderElection.java:askForVotes(178)) - 24830d12-f44b-43d9-b733-6f9667bbd6c9@group-08147416B334-LeaderElection35: begin an election at term 3 for -1: [24830d12-f44b-43d9-b733-6f9667bbd6c9:192.168.164.193:40613, 75159f97-af2c-48a6-bb8f-f5acb2145c35:192.168.164.193:42423, ce71e9bc-e571-4e52-8a73-1c9dce7b9fa7:192.168.164.193:36234], old=null
2019-10-28 11:44:40,009 [66cf3979-81da-4155-81a0-3dd54985f91a@group-56DFAE376DB1-LeaderElection34] INFO  impl.LeaderElection (LeaderElection.java:askForVotes(178)) - 66cf3979-81da-4155-81a0-3dd54985f91a@group-56DFAE376DB1-LeaderElection34: begin an election at term 1 for -1: [66cf3979-81da-4155-81a0-3dd54985f91a:192.168.164.193:43079], old=null
2019-10-28 11:44:40,010 [66cf3979-81da-4155-81a0-3dd54985f91a@group-56DFAE376DB1-LeaderElection34] INFO  impl.RoleInfo (RoleInfo.java:shutdownLeaderElection(134)) - 66cf3979-81da-4155-81a0-3dd54985f91a: shutdown LeaderElection
2019-10-28 11:44:40,010 [66cf3979-81da-4155-81a0-3dd54985f91a@group-56DFAE376DB1-LeaderElection34] INFO  impl.RaftServerImpl (RaftServerImpl.java:setRole(184)) - 66cf3979-81da-4155-81a0-3dd54985f91a@group-56DFAE376DB1: changes role from CANDIDATE to LEADER at term 1 for changeToLeader
2019-10-28 11:44:40,010 [66cf3979-81da-4155-81a0-3dd54985f91a@group-56DFAE376DB1-LeaderElection34] INFO  impl.RaftServerImpl (ServerState.java:setLeader(256)) - 66cf3979-81da-4155-81a0-3dd54985f91a@group-56DFAE376DB1: change Leader from null to 66cf3979-81da-4155-81a0-3dd54985f91a at term 1 for becomeLeader, leader elected after 113ms
2019-10-28 11:44:40,010 [66cf3979-81da-4155-81a0-3dd54985f91a@group-56DFAE376DB1-LeaderElection34] INFO  server.RaftServerConfigKeys (ConfUtils.java:logGet(43)) - raft.server.staging.catchup.gap = 1000 (default)
2019-10-28 11:44:40,010 [66cf3979-81da-4155-81a0-3dd54985f91a@group-56DFAE376DB1-LeaderElection34] INFO  server.RaftServerConfigKeys (ConfUtils.java:logGet(43)) - raft.server.rpc.sleep.time = 25ms (default)
2019-10-28 11:44:40,010 [66cf3979-81da-4155-81a0-3dd54985f91a@group-56DFAE376DB1-LeaderElection34] INFO  server.RaftServerConfigKeys (ConfUtils.java:logGet(43)) - raft.server.write.element-limit = 4096 (default)
2019-10-28 11:44:40,011 [66cf3979-81da-4155-81a0-3dd54985f91a@group-56DFAE376DB1-LeaderElection34] INFO  server.RaftServerConfigKeys (ConfUtils.java:logGet(43)) - raft.server.watch.timeout = 10s (default)
2019-10-28 11:44:40,011 [pool-209-thread-1] INFO  impl.RaftServerImpl (RaftServerImpl.java:<init>(104)) - a480340b-d1a5-4cd0-bc20-ae63b012c3c7: new RaftServerImpl for group-CB3DA70F9539:[a480340b-d1a5-4cd0-bc20-ae63b012c3c7:192.168.164.193:43902] with ContainerStateMachine:uninitialized
2019-10-28 11:44:40,011 [66cf3979-81da-4155-81a0-3dd54985f91a@group-56DFAE376DB1-LeaderElection34] INFO  server.RaftServerConfigKeys (ConfUtils.java:logGet(43)) - raft.server.watch.timeout.denomination = 1s (default)
2019-10-28 11:44:40,011 [pool-209-thread-1] INFO  server.RaftServerConfigKeys (ConfUtils.java:logGet(43)) - raft.server.rpc.timeout.min = 1s (custom)
2019-10-28 11:44:40,011 [66cf3979-81da-4155-81a0-3dd54985f91a@group-56DFAE376DB1-LeaderElection34] INFO  server.RaftServerConfigKeys (ConfUtils.java:logGet(43)) - raft.server.watch.element-limit = 65536 (default)
2019-10-28 11:44:40,011 [pool-209-thread-1] INFO  server.RaftServerConfigKeys (ConfUtils.java:logGet(43)) - raft.server.rpc.timeout.max = 1200ms (custom)
2019-10-28 11:44:40,011 [pool-209-thread-1] INFO  server.RaftServerConfigKeys (ConfUtils.java:logGet(43)) - raft.server.rpcslowness.timeout = 120s (custom)
2019-10-28 11:44:40,011 [pool-209-thread-1] INFO  server.RaftServerConfigKeys (ConfUtils.java:logGet(43)) - raft.server.sleep.deviation.threshold = 300 (default)
2019-10-28 11:44:40,011 [pool-209-thread-1] INFO  server.RaftServerConfigKeys (ConfUtils.java:logGet(43)) - raft.server.log.appender.install.snapshot.enabled = false (custom)
2019-10-28 11:44:40,012 [pool-209-thread-1] INFO  impl.RaftServerImpl (ServerState.java:<init>(103)) - a480340b-d1a5-4cd0-bc20-ae63b012c3c7@group-CB3DA70F9539: ConfigurationManager, init=-1: [a480340b-d1a5-4cd0-bc20-ae63b012c3c7:192.168.164.193:43902], old=null, confs=<EMPTY_MAP>
2019-10-28 11:44:40,012 [Thread-1377] INFO  impl.RaftServerImpl (ServerState.java:setLeader(256)) - ce71e9bc-e571-4e52-8a73-1c9dce7b9fa7@group-08147416B334: change Leader from ce71e9bc-e571-4e52-8a73-1c9dce7b9fa7 to null at term 3 for updateCurrentTerm
2019-10-28 11:44:40,012 [pool-209-thread-1] INFO  server.RaftServerConfigKeys (ConfUtils.java:logGet(43)) - raft.server.storage.dir = [/workdir/hadoop-ozone/integration-test/target/test-dir/MiniOzoneClusterImpl-b31733c6-727c-4256-9138-ff5b19d95bfe/datanode-6/data/ratis] (custom)
2019-10-28 11:44:40,012 [Thread-1377] INFO  impl.RaftServerImpl (RaftServerImpl.java:setRole(184)) - ce71e9bc-e571-4e52-8a73-1c9dce7b9fa7@group-08147416B334: changes role from    LEADER to FOLLOWER at term 3 for stepDown
2019-10-28 11:44:40,012 [Thread-1377] INFO  impl.RoleInfo (RoleInfo.java:shutdownLeaderState(104)) - ce71e9bc-e571-4e52-8a73-1c9dce7b9fa7: shutdown LeaderState
2019-10-28 11:44:40,012 [pool-209-thread-1] INFO  server.RaftServerConfigKeys (ConfUtils.java:logGet(43)) - raft.server.log.corruption.policy = EXCEPTION (default)
2019-10-28 11:44:40,012 [grpc-default-executor-6] INFO  impl.RaftServerImpl (ServerState.java:setLeader(256)) - 75159f97-af2c-48a6-bb8f-f5acb2145c35@group-08147416B334: change Leader from ce71e9bc-e571-4e52-8a73-1c9dce7b9fa7 to null at term 3 for updateCurrentTerm
2019-10-28 11:44:40,017 [pool-209-thread-1] INFO  storage.RaftStorageDirectory (RaftStorageDirectory.java:analyzeStorage(246)) - The storage directory /workdir/hadoop-ozone/integration-test/target/test-dir/MiniOzoneClusterImpl-b31733c6-727c-4256-9138-ff5b19d95bfe/datanode-6/data/ratis/33f3d55e-c9ee-4d88-8308-cb3da70f9539 does not exist. Creating ...
2019-10-28 11:44:40,016 [org.apache.ratis.server.impl.LogAppender$AppenderDaemon$$Lambda$418/908975430@71ad7f1e] WARN  server.GrpcLogAppender (GrpcLogAppender.java:mayWait(149)) - ce71e9bc-e571-4e52-8a73-1c9dce7b9fa7@group-08147416B334->24830d12-f44b-43d9-b733-6f9667bbd6c9-GrpcLogAppender: Wait interrupted by java.lang.InterruptedException
2019-10-28 11:44:40,016 [Thread-1360] INFO  impl.FollowerState (FollowerState.java:run(108)) - 24830d12-f44b-43d9-b733-6f9667bbd6c9@group-921206801838-FollowerState: change to CANDIDATE, lastRpcTime:165ms, electionTimeout:164ms
2019-10-28 11:44:40,016 [Thread-1377] INFO  impl.PendingRequests (PendingRequests.java:sendNotLeaderResponses(202)) - ce71e9bc-e571-4e52-8a73-1c9dce7b9fa7@group-08147416B334-PendingRequests: sendNotLeaderResponses
2019-10-28 11:44:40,016 [org.apache.ratis.server.impl.LogAppender$AppenderDaemon$$Lambda$418/908975430@20080090] WARN  server.GrpcLogAppender (GrpcLogAppender.java:mayWait(149)) - ce71e9bc-e571-4e52-8a73-1c9dce7b9fa7@group-08147416B334->75159f97-af2c-48a6-bb8f-f5acb2145c35-GrpcLogAppender: Wait interrupted by java.lang.InterruptedException
2019-10-28 11:44:40,017 [grpc-default-executor-3] INFO  server.GrpcServerProtocolService (GrpcServerProtocolService.java:onCompleted(113)) - 24830d12-f44b-43d9-b733-6f9667bbd6c9: Completed APPEND_ENTRIES, lastRequest: ce71e9bc-e571-4e52-8a73-1c9dce7b9fa7->24830d12-f44b-43d9-b733-6f9667bbd6c9#0-t2, previous=(t:0, i:0), leaderCommit=-1, initializing? false, entries: <empty>
2019-10-28 11:44:40,017 [Thread-1360] INFO  impl.RoleInfo (RoleInfo.java:shutdownFollowerState(121)) - 24830d12-f44b-43d9-b733-6f9667bbd6c9: shutdown FollowerState
2019-10-28 11:44:40,018 [Thread-1360] INFO  impl.RaftServerImpl (RaftServerImpl.java:setRole(184)) - 24830d12-f44b-43d9-b733-6f9667bbd6c9@group-921206801838: changes role from  FOLLOWER to CANDIDATE at term 0 for changeToCandidate
2019-10-28 11:44:40,017 [grpc-default-executor-6] INFO  impl.RaftServerImpl (RaftServerImpl.java:setRole(184)) - 75159f97-af2c-48a6-bb8f-f5acb2145c35@group-08147416B334: changes role from  FOLLOWER to FOLLOWER at term 3 for recognizeCandidate:24830d12-f44b-43d9-b733-6f9667bbd6c9
2019-10-28 11:44:40,018 [grpc-default-executor-4] INFO  server.GrpcLogAppender (GrpcLogAppender.java:onCompleted(308)) - ce71e9bc-e571-4e52-8a73-1c9dce7b9fa7@group-08147416B334->24830d12-f44b-43d9-b733-6f9667bbd6c9-AppendLogResponseHandler: follower responses appendEntries COMPLETED
2019-10-28 11:44:40,018 [Thread-1360] INFO  impl.RoleInfo (RoleInfo.java:updateAndGet(143)) - 24830d12-f44b-43d9-b733-6f9667bbd6c9: start LeaderElection
2019-10-28 11:44:40,018 [grpc-default-executor-3] INFO  server.GrpcServerProtocolService (GrpcServerProtocolService.java:onCompleted(113)) - 75159f97-af2c-48a6-bb8f-f5acb2145c35: Completed APPEND_ENTRIES, lastRequest: ce71e9bc-e571-4e52-8a73-1c9dce7b9fa7->75159f97-af2c-48a6-bb8f-f5acb2145c35#1-t2, previous=(t:0, i:0), leaderCommit=-1, initializing? false, entries: size=1, first=(t:2, i:0), CONFIGURATIONENTRY
2019-10-28 11:44:40,017 [66cf3979-81da-4155-81a0-3dd54985f91a@group-56DFAE376DB1-LeaderElection34] INFO  impl.RoleInfo (RoleInfo.java:updateAndGet(143)) - 66cf3979-81da-4155-81a0-3dd54985f91a: start LeaderState
2019-10-28 11:44:40,017 [Thread-1377] INFO  impl.RoleInfo (RoleInfo.java:updateAndGet(143)) - ce71e9bc-e571-4e52-8a73-1c9dce7b9fa7: start FollowerState
2019-10-28 11:44:40,030 [75159f97-af2c-48a6-bb8f-f5acb2145c35@group-08147416B334-SegmentedRaftLogWorker] INFO  segmented.SegmentedRaftLogWorker (SegmentedRaftLogWorker.java:execute(576)) - 75159f97-af2c-48a6-bb8f-f5acb2145c35@group-08147416B334-SegmentedRaftLogWorker: created new log segment /workdir/hadoop-ozone/integration-test/target/test-dir/MiniOzoneClusterImpl-b31733c6-727c-4256-9138-ff5b19d95bfe/datanode-0/data/ratis/a1f718c7-e34d-4c3e-9e12-08147416b334/current/log_inprogress_0
2019-10-28 11:44:40,030 [pool-209-thread-1] INFO  storage.RaftStorageDirectory (RaftStorageDirectory.java:tryLock(328)) - Lock on /workdir/hadoop-ozone/integration-test/target/test-dir/MiniOzoneClusterImpl-b31733c6-727c-4256-9138-ff5b19d95bfe/datanode-6/data/ratis/33f3d55e-c9ee-4d88-8308-cb3da70f9539/in_use.lock acquired by nodename 8743@pr-hdds-2292-97wmq-4261317731
2019-10-28 11:44:40,018 [grpc-default-executor-6] INFO  impl.RoleInfo (RoleInfo.java:shutdownFollowerState(121)) - 75159f97-af2c-48a6-bb8f-f5acb2145c35: shutdown FollowerState
2019-10-28 11:44:40,030 [66cf3979-81da-4155-81a0-3dd54985f91a@group-56DFAE376DB1-LeaderElection34] INFO  segmented.SegmentedRaftLogWorker (SegmentedRaftLogWorker.java:startLogSegment(385)) - 66cf3979-81da-4155-81a0-3dd54985f91a@group-56DFAE376DB1-SegmentedRaftLogWorker: Starting segment from index:0
2019-10-28 11:44:40,034 [grpc-default-executor-4] INFO  impl.FollowerInfo (FollowerInfo.java:lambda$new$0(51)) - ce71e9bc-e571-4e52-8a73-1c9dce7b9fa7@group-08147416B334->24830d12-f44b-43d9-b733-6f9667bbd6c9: nextIndex: updateUnconditionally 0 -> 0
2019-10-28 11:44:40,034 [grpc-default-executor-6] INFO  impl.RoleInfo (RoleInfo.java:updateAndGet(143)) - 75159f97-af2c-48a6-bb8f-f5acb2145c35: start FollowerState
2019-10-28 11:44:40,034 [grpc-default-executor-3] INFO  server.GrpcLogAppender (GrpcLogAppender.java:onCompleted(308)) - ce71e9bc-e571-4e52-8a73-1c9dce7b9fa7@group-08147416B334->75159f97-af2c-48a6-bb8f-f5acb2145c35-AppendLogResponseHandler: follower responses appendEntries COMPLETED
2019-10-28 11:44:40,034 [66cf3979-81da-4155-81a0-3dd54985f91a@group-56DFAE376DB1-LeaderElection34] INFO  impl.RaftServerImpl (ServerState.java:setRaftConf(357)) - 66cf3979-81da-4155-81a0-3dd54985f91a@group-56DFAE376DB1: set configuration 0: [66cf3979-81da-4155-81a0-3dd54985f91a:192.168.164.193:43079], old=null at 0
2019-10-28 11:44:40,060 [grpc-default-executor-2] INFO  impl.RaftServerImpl (RaftServerImpl.java:setRole(184)) - ce71e9bc-e571-4e52-8a73-1c9dce7b9fa7@group-08147416B334: changes role from  FOLLOWER to FOLLOWER at term 3 for recognizeCandidate:24830d12-f44b-43d9-b733-6f9667bbd6c9
2019-10-28 11:44:40,060 [24830d12-f44b-43d9-b733-6f9667bbd6c9@group-921206801838-LeaderElection36] INFO  impl.LeaderElection (LeaderElection.java:askForVotes(178)) - 24830d12-f44b-43d9-b733-6f9667bbd6c9@group-921206801838-LeaderElection36: begin an election at term 1 for -1: [24830d12-f44b-43d9-b733-6f9667bbd6c9:192.168.164.193:40613], old=null
2019-10-28 11:44:40,060 [pool-209-thread-1] INFO  storage.RaftStorage (RaftStorage.java:format(84)) - Storage directory /workdir/hadoop-ozone/integration-test/target/test-dir/MiniOzoneClusterImpl-b31733c6-727c-4256-9138-ff5b19d95bfe/datanode-6/data/ratis/33f3d55e-c9ee-4d88-8308-cb3da70f9539 has been successfully formatted.
2019-10-28 11:44:40,063 [24830d12-f44b-43d9-b733-6f9667bbd6c9@group-921206801838-LeaderElection36] INFO  impl.RoleInfo (RoleInfo.java:shutdownLeaderElection(134)) - 24830d12-f44b-43d9-b733-6f9667bbd6c9: shutdown LeaderElection
2019-10-28 11:44:40,062 [grpc-default-executor-2] INFO  impl.RoleInfo (RoleInfo.java:shutdownFollowerState(121)) - ce71e9bc-e571-4e52-8a73-1c9dce7b9fa7: shutdown FollowerState
2019-10-28 11:44:40,062 [24830d12-f44b-43d9-b733-6f9667bbd6c9@group-08147416B334-LeaderElection35] INFO  impl.LeaderElection (LeaderElection.java:logAndReturn(56)) - 24830d12-f44b-43d9-b733-6f9667bbd6c9@group-08147416B334-LeaderElection35: Election TIMEOUT; received 0 response(s) [] and 0 exception(s); 24830d12-f44b-43d9-b733-6f9667bbd6c9@group-08147416B334:t3, leader=null, voted=24830d12-f44b-43d9-b733-6f9667bbd6c9, raftlog=24830d12-f44b-43d9-b733-6f9667bbd6c9@group-08147416B334-SegmentedRaftLog:OPENED:c-1,f-1,i0, conf=-1: [24830d12-f44b-43d9-b733-6f9667bbd6c9:192.168.164.193:40613, 75159f97-af2c-48a6-bb8f-f5acb2145c35:192.168.164.193:42423, ce71e9bc-e571-4e52-8a73-1c9dce7b9fa7:192.168.164.193:36234], old=null
2019-10-28 11:44:40,060 [grpc-default-executor-3] INFO  impl.FollowerInfo (FollowerInfo.java:lambda$new$0(51)) - ce71e9bc-e571-4e52-8a73-1c9dce7b9fa7@group-08147416B334->75159f97-af2c-48a6-bb8f-f5acb2145c35: nextIndex: updateUnconditionally 1 -> 0
2019-10-28 11:44:40,063 [Thread-1391] INFO  impl.FollowerState (FollowerState.java:run(117)) - ce71e9bc-e571-4e52-8a73-1c9dce7b9fa7@group-08147416B334-FollowerState was interrupted: java.lang.InterruptedException: sleep interrupted
2019-10-28 11:44:40,063 [grpc-default-executor-2] INFO  impl.RoleInfo (RoleInfo.java:updateAndGet(143)) - ce71e9bc-e571-4e52-8a73-1c9dce7b9fa7: start FollowerState
2019-10-28 11:44:40,063 [24830d12-f44b-43d9-b733-6f9667bbd6c9@group-921206801838-LeaderElection36] INFO  impl.RaftServerImpl (RaftServerImpl.java:setRole(184)) - 24830d12-f44b-43d9-b733-6f9667bbd6c9@group-921206801838: changes role from CANDIDATE to LEADER at term 1 for changeToLeader
2019-10-28 11:44:40,068 [24830d12-f44b-43d9-b733-6f9667bbd6c9@group-921206801838-LeaderElection36] INFO  impl.RaftServerImpl (ServerState.java:setLeader(256)) - 24830d12-f44b-43d9-b733-6f9667bbd6c9@group-921206801838: change Leader from null to 24830d12-f44b-43d9-b733-6f9667bbd6c9 at term 1 for becomeLeader, leader elected after 241ms
2019-10-28 11:44:40,063 [pool-209-thread-1] INFO  ratis.ContainerStateMachine (ContainerStateMachine.java:loadSnapshot(231)) - group-CB3DA70F9539: The snapshot info is null. Setting the last applied indexto:(t:0, i:~)
2019-10-28 11:44:40,068 [24830d12-f44b-43d9-b733-6f9667bbd6c9@group-921206801838-LeaderElection36] INFO  server.RaftServerConfigKeys (ConfUtils.java:logGet(43)) - raft.server.staging.catchup.gap = 1000 (default)
2019-10-28 11:44:40,068 [pool-209-thread-1] INFO  server.RaftServerConfigKeys (ConfUtils.java:logGet(43)) - raft.server.notification.no-leader.timeout = 120s (custom)
2019-10-28 11:44:40,068 [24830d12-f44b-43d9-b733-6f9667bbd6c9@group-921206801838-LeaderElection36] INFO  server.RaftServerConfigKeys (ConfUtils.java:logGet(43)) - raft.server.rpc.sleep.time = 25ms (default)
2019-10-28 11:44:40,068 [pool-209-thread-1] INFO  server.RaftServerConfigKeys (ConfUtils.java:logGet(43)) - raft.server.log.use.memory = false (default)
2019-10-28 11:44:40,068 [24830d12-f44b-43d9-b733-6f9667bbd6c9@group-921206801838-LeaderElection36] INFO  server.RaftServerConfigKeys (ConfUtils.java:logGet(43)) - raft.server.write.element-limit = 4096 (default)
2019-10-28 11:44:40,068 [pool-209-thread-1] INFO  server.RaftServerConfigKeys (ConfUtils.java:logGet(43)) - raft.server.log.purge.gap = 1000000 (custom)
2019-10-28 11:44:40,068 [24830d12-f44b-43d9-b733-6f9667bbd6c9@group-921206801838-LeaderElection36] INFO  server.RaftServerConfigKeys (ConfUtils.java:logGet(43)) - raft.server.watch.timeout = 10s (default)
2019-10-28 11:44:40,069 [pool-209-thread-1] INFO  server.RaftServerConfigKeys (ConfUtils.java:logGet(43)) - raft.server.log.appender.buffer.byte-limit = 33554432 (custom)
2019-10-28 11:44:40,069 [24830d12-f44b-43d9-b733-6f9667bbd6c9@group-921206801838-LeaderElection36] INFO  server.RaftServerConfigKeys (ConfUtils.java:logGet(43)) - raft.server.watch.timeout.denomination = 1s (default)
2019-10-28 11:44:40,069 [pool-209-thread-1] INFO  server.RaftServerConfigKeys (ConfUtils.java:logGet(43)) - raft.server.log.segment.size.max = 1048576 (custom)
2019-10-28 11:44:40,069 [24830d12-f44b-43d9-b733-6f9667bbd6c9@group-921206801838-LeaderElection36] INFO  server.RaftServerConfigKeys (ConfUtils.java:logGet(43)) - raft.server.watch.element-limit = 65536 (default)
2019-10-28 11:44:40,071 [pool-209-thread-1] INFO  server.RaftServerConfigKeys (ConfUtils.java:logGet(43)) - raft.server.log.segment.cache.num.max = 2 (custom)
2019-10-28 11:44:40,071 [pool-209-thread-1] INFO  segmented.SegmentedRaftLogWorker (SegmentedRaftLogWorker.java:<init>(173)) - new a480340b-d1a5-4cd0-bc20-ae63b012c3c7@group-CB3DA70F9539-SegmentedRaftLogWorker for RaftStorage:Storage Directory /workdir/hadoop-ozone/integration-test/target/test-dir/MiniOzoneClusterImpl-b31733c6-727c-4256-9138-ff5b19d95bfe/datanode-6/data/ratis/33f3d55e-c9ee-4d88-8308-cb3da70f9539
2019-10-28 11:44:40,071 [pool-209-thread-1] INFO  server.RaftServerConfigKeys (ConfUtils.java:logGet(43)) - raft.server.log.queue.byte-limit = 2147483647 (custom)
2019-10-28 11:44:40,071 [pool-209-thread-1] INFO  server.RaftServerConfigKeys (ConfUtils.java:logGet(43)) - raft.server.log.queue.element-limit = 1024 (custom)
2019-10-28 11:44:40,071 [24830d12-f44b-43d9-b733-6f9667bbd6c9@group-921206801838-LeaderElection36] INFO  impl.RoleInfo (RoleInfo.java:updateAndGet(143)) - 24830d12-f44b-43d9-b733-6f9667bbd6c9: start LeaderState
2019-10-28 11:44:40,071 [pool-209-thread-1] INFO  server.RaftServerConfigKeys (ConfUtils.java:logGet(43)) - raft.server.log.segment.size.max = 1048576 (custom)
2019-10-28 11:44:40,072 [pool-209-thread-1] INFO  server.RaftServerConfigKeys (ConfUtils.java:logGet(43)) - raft.server.log.preallocated.size = 16384 (custom)
2019-10-28 11:44:40,072 [pool-209-thread-1] INFO  server.RaftServerConfigKeys (ConfUtils.java:logGet(43)) - raft.server.log.write.buffer.size = 33554432 (custom)
2019-10-28 11:44:40,072 [24830d12-f44b-43d9-b733-6f9667bbd6c9@group-921206801838-LeaderElection36] INFO  segmented.SegmentedRaftLogWorker (SegmentedRaftLogWorker.java:startLogSegment(385)) - 24830d12-f44b-43d9-b733-6f9667bbd6c9@group-921206801838-SegmentedRaftLogWorker: Starting segment from index:0
2019-10-28 11:44:40,072 [pool-209-thread-1] INFO  server.RaftServerConfigKeys (ConfUtils.java:logGet(43)) - raft.server.log.force.sync.num = 128 (default)
2019-10-28 11:44:40,072 [pool-209-thread-1] INFO  server.RaftServerConfigKeys (ConfUtils.java:logGet(43)) - raft.server.log.statemachine.data.sync = true (default)
2019-10-28 11:44:40,072 [pool-209-thread-1] INFO  server.RaftServerConfigKeys (ConfUtils.java:logGet(43)) - raft.server.log.statemachine.data.sync.timeout = 10s (default)
2019-10-28 11:44:40,072 [pool-209-thread-1] INFO  server.RaftServerConfigKeys (ConfUtils.java:logGet(43)) - raft.server.log.statemachine.data.sync.timeout.retry = -1 (default)
2019-10-28 11:44:40,072 [24830d12-f44b-43d9-b733-6f9667bbd6c9@group-921206801838-LeaderElection36] INFO  impl.RaftServerImpl (ServerState.java:setRaftConf(357)) - 24830d12-f44b-43d9-b733-6f9667bbd6c9@group-921206801838: set configuration 0: [24830d12-f44b-43d9-b733-6f9667bbd6c9:192.168.164.193:40613], old=null at 0
2019-10-28 11:44:40,072 [24830d12-f44b-43d9-b733-6f9667bbd6c9@group-08147416B334-LeaderElection35] INFO  impl.LeaderElection (LeaderElection.java:askForVotes(178)) - 24830d12-f44b-43d9-b733-6f9667bbd6c9@group-08147416B334-LeaderElection35: begin an election at term 4 for -1: [24830d12-f44b-43d9-b733-6f9667bbd6c9:192.168.164.193:40613, 75159f97-af2c-48a6-bb8f-f5acb2145c35:192.168.164.193:42423, ce71e9bc-e571-4e52-8a73-1c9dce7b9fa7:192.168.164.193:36234], old=null
2019-10-28 11:44:40,072 [66cf3979-81da-4155-81a0-3dd54985f91a@group-56DFAE376DB1-SegmentedRaftLogWorker] INFO  segmented.SegmentedRaftLogWorker (SegmentedRaftLogWorker.java:execute(576)) - 66cf3979-81da-4155-81a0-3dd54985f91a@group-56DFAE376DB1-SegmentedRaftLogWorker: created new log segment /workdir/hadoop-ozone/integration-test/target/test-dir/MiniOzoneClusterImpl-b31733c6-727c-4256-9138-ff5b19d95bfe/datanode-8/data/ratis/f883ab43-231e-4803-9cb0-56dfae376db1/current/log_inprogress_0
2019-10-28 11:44:40,073 [pool-209-thread-1] INFO  server.RaftServerConfigKeys (ConfUtils.java:logGet(43)) - raft.server.log.statemachine.data.caching.enabled = true (custom)
2019-10-28 11:44:40,073 [pool-209-thread-1] INFO  segmented.SegmentedRaftLogWorker (SegmentedRaftLogWorker.java:lambda$new$0(128)) - a480340b-d1a5-4cd0-bc20-ae63b012c3c7@group-CB3DA70F9539-SegmentedRaftLogWorker: flushIndex: setUnconditionally 0 -> -1
2019-10-28 11:44:40,073 [pool-209-thread-1] INFO  server.RaftServerConfigKeys (ConfUtils.java:logGet(43)) - raft.server.snapshot.auto.trigger.enabled = true (custom)
2019-10-28 11:44:40,073 [pool-209-thread-1] INFO  server.RaftServerConfigKeys (ConfUtils.java:logGet(43)) - raft.server.snapshot.auto.trigger.threshold = 10000 (custom)
2019-10-28 11:44:40,074 [pool-209-thread-1] INFO  server.RaftServerConfigKeys (ConfUtils.java:logGet(43)) - raft.server.snapshot.retention.file.num = 5 (custom)
2019-10-28 11:44:40,074 [pool-209-thread-1] INFO  server.RaftServerConfigKeys (ConfUtils.java:logGet(43)) - raft.server.retrycache.expirytime = 600000ms (custom)
2019-10-28 11:44:40,074 [grpc-default-executor-2] INFO  impl.RaftServerImpl (RaftServerImpl.java:setRole(184)) - 75159f97-af2c-48a6-bb8f-f5acb2145c35@group-08147416B334: changes role from  FOLLOWER to FOLLOWER at term 4 for recognizeCandidate:24830d12-f44b-43d9-b733-6f9667bbd6c9
2019-10-28 11:44:40,075 [grpc-default-executor-2] INFO  impl.RoleInfo (RoleInfo.java:shutdownFollowerState(121)) - 75159f97-af2c-48a6-bb8f-f5acb2145c35: shutdown FollowerState
2019-10-28 11:44:40,075 [grpc-default-executor-2] INFO  impl.RoleInfo (RoleInfo.java:updateAndGet(143)) - 75159f97-af2c-48a6-bb8f-f5acb2145c35: start FollowerState
2019-10-28 11:44:40,075 [Thread-1393] INFO  impl.FollowerState (FollowerState.java:run(117)) - 75159f97-af2c-48a6-bb8f-f5acb2145c35@group-08147416B334-FollowerState was interrupted: java.lang.InterruptedException: sleep interrupted
2019-10-28 11:44:40,098 [grpc-default-executor-6] INFO  impl.RaftServerImpl (RaftServerImpl.java:setRole(184)) - ce71e9bc-e571-4e52-8a73-1c9dce7b9fa7@group-08147416B334: changes role from  FOLLOWER to FOLLOWER at term 4 for recognizeCandidate:24830d12-f44b-43d9-b733-6f9667bbd6c9
2019-10-28 11:44:40,099 [grpc-default-executor-6] INFO  impl.RoleInfo (RoleInfo.java:shutdownFollowerState(121)) - ce71e9bc-e571-4e52-8a73-1c9dce7b9fa7: shutdown FollowerState
2019-10-28 11:44:40,099 [grpc-default-executor-6] INFO  impl.RoleInfo (RoleInfo.java:updateAndGet(143)) - ce71e9bc-e571-4e52-8a73-1c9dce7b9fa7: start FollowerState
2019-10-28 11:44:40,099 [Thread-1395] INFO  impl.FollowerState (FollowerState.java:run(117)) - ce71e9bc-e571-4e52-8a73-1c9dce7b9fa7@group-08147416B334-FollowerState was interrupted: java.lang.InterruptedException: sleep interrupted
2019-10-28 11:44:40,102 [pool-209-thread-1] INFO  impl.RaftServerImpl (RaftServerImpl.java:start(195)) - a480340b-d1a5-4cd0-bc20-ae63b012c3c7@group-CB3DA70F9539: start as a follower, conf=-1: [a480340b-d1a5-4cd0-bc20-ae63b012c3c7:192.168.164.193:43902], old=null
2019-10-28 11:44:40,102 [pool-209-thread-1] INFO  impl.RaftServerImpl (RaftServerImpl.java:setRole(184)) - a480340b-d1a5-4cd0-bc20-ae63b012c3c7@group-CB3DA70F9539: changes role from      null to FOLLOWER at term 0 for startAsFollower
2019-10-28 11:44:40,102 [pool-209-thread-1] INFO  impl.RoleInfo (RoleInfo.java:updateAndGet(143)) - a480340b-d1a5-4cd0-bc20-ae63b012c3c7: start FollowerState
2019-10-28 11:44:40,102 [pool-209-thread-1] INFO  util.JmxRegister (JmxRegister.java:tryRegister(44)) - Successfully registered JMX Bean with object name Ratis:service=RaftServer,group=group-CB3DA70F9539,id=a480340b-d1a5-4cd0-bc20-ae63b012c3c7
2019-10-28 11:44:40,108 [RatisPipelineUtilsThread] INFO  pipeline.PipelineStateManager (PipelineStateManager.java:addPipeline(56)) - Created pipeline Pipeline[ Id: 33f3d55e-c9ee-4d88-8308-cb3da70f9539, Nodes: a480340b-d1a5-4cd0-bc20-ae63b012c3c7{ip: 192.168.164.193, host: pr-hdds-2292-97wmq-4261317731, networkLocation: /rack1, certSerialId: null}, Type:RATIS, Factor:ONE, State:OPEN]
2019-10-28 11:44:40,111 [24830d12-f44b-43d9-b733-6f9667bbd6c9@group-921206801838-SegmentedRaftLogWorker] INFO  segmented.SegmentedRaftLogWorker (SegmentedRaftLogWorker.java:execute(576)) - 24830d12-f44b-43d9-b733-6f9667bbd6c9@group-921206801838-SegmentedRaftLogWorker: created new log segment /workdir/hadoop-ozone/integration-test/target/test-dir/MiniOzoneClusterImpl-b31733c6-727c-4256-9138-ff5b19d95bfe/datanode-5/data/ratis/729e339c-4bbb-4333-b4d9-921206801838/current/log_inprogress_0
2019-10-28 11:44:40,112 [24830d12-f44b-43d9-b733-6f9667bbd6c9@group-08147416B334-LeaderElection35] INFO  impl.LeaderElection (LeaderElection.java:logAndReturn(56)) - 24830d12-f44b-43d9-b733-6f9667bbd6c9@group-08147416B334-LeaderElection35: Election REJECTED; received 2 response(s) [24830d12-f44b-43d9-b733-6f9667bbd6c9<-75159f97-af2c-48a6-bb8f-f5acb2145c35#0:FAIL-t4, 24830d12-f44b-43d9-b733-6f9667bbd6c9<-ce71e9bc-e571-4e52-8a73-1c9dce7b9fa7#0:FAIL-t4] and 0 exception(s); 24830d12-f44b-43d9-b733-6f9667bbd6c9@group-08147416B334:t4, leader=null, voted=24830d12-f44b-43d9-b733-6f9667bbd6c9, raftlog=24830d12-f44b-43d9-b733-6f9667bbd6c9@group-08147416B334-SegmentedRaftLog:OPENED:c-1,f-1,i0, conf=-1: [24830d12-f44b-43d9-b733-6f9667bbd6c9:192.168.164.193:40613, 75159f97-af2c-48a6-bb8f-f5acb2145c35:192.168.164.193:42423, ce71e9bc-e571-4e52-8a73-1c9dce7b9fa7:192.168.164.193:36234], old=null
2019-10-28 11:44:40,113 [24830d12-f44b-43d9-b733-6f9667bbd6c9@group-08147416B334-LeaderElection35] INFO  impl.RaftServerImpl (RaftServerImpl.java:setRole(184)) - 24830d12-f44b-43d9-b733-6f9667bbd6c9@group-08147416B334: changes role from CANDIDATE to FOLLOWER at term 4 for DISCOVERED_A_NEW_TERM
2019-10-28 11:44:40,113 [24830d12-f44b-43d9-b733-6f9667bbd6c9@group-08147416B334-LeaderElection35] INFO  impl.RoleInfo (RoleInfo.java:shutdownLeaderElection(134)) - 24830d12-f44b-43d9-b733-6f9667bbd6c9: shutdown LeaderElection
2019-10-28 11:44:40,113 [24830d12-f44b-43d9-b733-6f9667bbd6c9@group-08147416B334-LeaderElection35] INFO  impl.RoleInfo (RoleInfo.java:updateAndGet(143)) - 24830d12-f44b-43d9-b733-6f9667bbd6c9: start FollowerState
2019-10-28 11:44:40,123 [grpc-default-executor-2] INFO  impl.RaftServerProxy (RaftServerProxy.java:addNew(89)) - 8d6128be-fc83-4963-9e93-d652923f883a: addNew group-435F2F1029F6:[8d6128be-fc83-4963-9e93-d652923f883a:192.168.164.193:39584] returns group-435F2F1029F6:java.util.concurrent.CompletableFuture@1e3ae0f5[Not completed]
2019-10-28 11:44:40,126 [pool-239-thread-1] INFO  impl.RaftServerImpl (RaftServerImpl.java:<init>(104)) - 8d6128be-fc83-4963-9e93-d652923f883a: new RaftServerImpl for group-435F2F1029F6:[8d6128be-fc83-4963-9e93-d652923f883a:192.168.164.193:39584] with ContainerStateMachine:uninitialized
2019-10-28 11:44:40,127 [pool-239-thread-1] INFO  server.RaftServerConfigKeys (ConfUtils.java:logGet(43)) - raft.server.rpc.timeout.min = 1s (custom)
2019-10-28 11:44:40,127 [pool-239-thread-1] INFO  server.RaftServerConfigKeys (ConfUtils.java:logGet(43)) - raft.server.rpc.timeout.max = 1200ms (custom)
2019-10-28 11:44:40,127 [pool-239-thread-1] INFO  server.RaftServerConfigKeys (ConfUtils.java:logGet(43)) - raft.server.rpcslowness.timeout = 120s (custom)
2019-10-28 11:44:40,127 [pool-239-thread-1] INFO  server.RaftServerConfigKeys (ConfUtils.java:logGet(43)) - raft.server.sleep.deviation.threshold = 300 (default)
2019-10-28 11:44:40,127 [pool-239-thread-1] INFO  server.RaftServerConfigKeys (ConfUtils.java:logGet(43)) - raft.server.log.appender.install.snapshot.enabled = false (custom)
2019-10-28 11:44:40,127 [pool-239-thread-1] INFO  impl.RaftServerImpl (ServerState.java:<init>(103)) - 8d6128be-fc83-4963-9e93-d652923f883a@group-435F2F1029F6: ConfigurationManager, init=-1: [8d6128be-fc83-4963-9e93-d652923f883a:192.168.164.193:39584], old=null, confs=<EMPTY_MAP>
2019-10-28 11:44:40,127 [pool-239-thread-1] INFO  server.RaftServerConfigKeys (ConfUtils.java:logGet(43)) - raft.server.storage.dir = [/workdir/hadoop-ozone/integration-test/target/test-dir/MiniOzoneClusterImpl-b31733c6-727c-4256-9138-ff5b19d95bfe/datanode-9/data/ratis] (custom)
2019-10-28 11:44:40,127 [pool-239-thread-1] INFO  server.RaftServerConfigKeys (ConfUtils.java:logGet(43)) - raft.server.log.corruption.policy = EXCEPTION (default)
2019-10-28 11:44:40,128 [pool-239-thread-1] INFO  storage.RaftStorageDirectory (RaftStorageDirectory.java:analyzeStorage(246)) - The storage directory /workdir/hadoop-ozone/integration-test/target/test-dir/MiniOzoneClusterImpl-b31733c6-727c-4256-9138-ff5b19d95bfe/datanode-9/data/ratis/ff28d690-a3e0-4d11-925c-435f2f1029f6 does not exist. Creating ...
2019-10-28 11:44:40,140 [pool-239-thread-1] INFO  storage.RaftStorageDirectory (RaftStorageDirectory.java:tryLock(328)) - Lock on /workdir/hadoop-ozone/integration-test/target/test-dir/MiniOzoneClusterImpl-b31733c6-727c-4256-9138-ff5b19d95bfe/datanode-9/data/ratis/ff28d690-a3e0-4d11-925c-435f2f1029f6/in_use.lock acquired by nodename 8743@pr-hdds-2292-97wmq-4261317731
2019-10-28 11:44:40,153 [pool-239-thread-1] INFO  storage.RaftStorage (RaftStorage.java:format(84)) - Storage directory /workdir/hadoop-ozone/integration-test/target/test-dir/MiniOzoneClusterImpl-b31733c6-727c-4256-9138-ff5b19d95bfe/datanode-9/data/ratis/ff28d690-a3e0-4d11-925c-435f2f1029f6 has been successfully formatted.
2019-10-28 11:44:40,153 [pool-239-thread-1] INFO  ratis.ContainerStateMachine (ContainerStateMachine.java:loadSnapshot(231)) - group-435F2F1029F6: The snapshot info is null. Setting the last applied indexto:(t:0, i:~)
2019-10-28 11:44:40,153 [pool-239-thread-1] INFO  server.RaftServerConfigKeys (ConfUtils.java:logGet(43)) - raft.server.notification.no-leader.timeout = 120s (custom)
2019-10-28 11:44:40,153 [pool-239-thread-1] INFO  server.RaftServerConfigKeys (ConfUtils.java:logGet(43)) - raft.server.log.use.memory = false (default)
2019-10-28 11:44:40,153 [pool-239-thread-1] INFO  server.RaftServerConfigKeys (ConfUtils.java:logGet(43)) - raft.server.log.purge.gap = 1000000 (custom)
2019-10-28 11:44:40,153 [pool-239-thread-1] INFO  server.RaftServerConfigKeys (ConfUtils.java:logGet(43)) - raft.server.log.appender.buffer.byte-limit = 33554432 (custom)
2019-10-28 11:44:40,153 [pool-239-thread-1] INFO  server.RaftServerConfigKeys (ConfUtils.java:logGet(43)) - raft.server.log.segment.size.max = 1048576 (custom)
2019-10-28 11:44:40,154 [pool-239-thread-1] INFO  server.RaftServerConfigKeys (ConfUtils.java:logGet(43)) - raft.server.log.segment.cache.num.max = 2 (custom)
2019-10-28 11:44:40,154 [pool-239-thread-1] INFO  segmented.SegmentedRaftLogWorker (SegmentedRaftLogWorker.java:<init>(173)) - new 8d6128be-fc83-4963-9e93-d652923f883a@group-435F2F1029F6-SegmentedRaftLogWorker for RaftStorage:Storage Directory /workdir/hadoop-ozone/integration-test/target/test-dir/MiniOzoneClusterImpl-b31733c6-727c-4256-9138-ff5b19d95bfe/datanode-9/data/ratis/ff28d690-a3e0-4d11-925c-435f2f1029f6
2019-10-28 11:44:40,154 [pool-239-thread-1] INFO  server.RaftServerConfigKeys (ConfUtils.java:logGet(43)) - raft.server.log.queue.byte-limit = 2147483647 (custom)
2019-10-28 11:44:40,154 [pool-239-thread-1] INFO  server.RaftServerConfigKeys (ConfUtils.java:logGet(43)) - raft.server.log.queue.element-limit = 1024 (custom)
2019-10-28 11:44:40,154 [pool-239-thread-1] INFO  server.RaftServerConfigKeys (ConfUtils.java:logGet(43)) - raft.server.log.segment.size.max = 1048576 (custom)
2019-10-28 11:44:40,154 [pool-239-thread-1] INFO  server.RaftServerConfigKeys (ConfUtils.java:logGet(43)) - raft.server.log.preallocated.size = 16384 (custom)
2019-10-28 11:44:40,155 [pool-239-thread-1] INFO  server.RaftServerConfigKeys (ConfUtils.java:logGet(43)) - raft.server.log.write.buffer.size = 33554432 (custom)
2019-10-28 11:44:40,155 [pool-239-thread-1] INFO  server.RaftServerConfigKeys (ConfUtils.java:logGet(43)) - raft.server.log.force.sync.num = 128 (default)
2019-10-28 11:44:40,155 [pool-239-thread-1] INFO  server.RaftServerConfigKeys (ConfUtils.java:logGet(43)) - raft.server.log.statemachine.data.sync = true (default)
2019-10-28 11:44:40,155 [pool-239-thread-1] INFO  server.RaftServerConfigKeys (ConfUtils.java:logGet(43)) - raft.server.log.statemachine.data.sync.timeout = 10s (default)
2019-10-28 11:44:40,155 [pool-239-thread-1] INFO  server.RaftServerConfigKeys (ConfUtils.java:logGet(43)) - raft.server.log.statemachine.data.sync.timeout.retry = -1 (default)
2019-10-28 11:44:40,155 [pool-239-thread-1] INFO  server.RaftServerConfigKeys (ConfUtils.java:logGet(43)) - raft.server.log.statemachine.data.caching.enabled = true (custom)
2019-10-28 11:44:40,155 [pool-239-thread-1] INFO  segmented.SegmentedRaftLogWorker (SegmentedRaftLogWorker.java:lambda$new$0(128)) - 8d6128be-fc83-4963-9e93-d652923f883a@group-435F2F1029F6-SegmentedRaftLogWorker: flushIndex: setUnconditionally 0 -> -1
2019-10-28 11:44:40,155 [pool-239-thread-1] INFO  server.RaftServerConfigKeys (ConfUtils.java:logGet(43)) - raft.server.snapshot.auto.trigger.enabled = true (custom)
2019-10-28 11:44:40,156 [pool-239-thread-1] INFO  server.RaftServerConfigKeys (ConfUtils.java:logGet(43)) - raft.server.snapshot.auto.trigger.threshold = 10000 (custom)
2019-10-28 11:44:40,156 [pool-239-thread-1] INFO  server.RaftServerConfigKeys (ConfUtils.java:logGet(43)) - raft.server.snapshot.retention.file.num = 5 (custom)
2019-10-28 11:44:40,156 [pool-239-thread-1] INFO  server.RaftServerConfigKeys (ConfUtils.java:logGet(43)) - raft.server.retrycache.expirytime = 600000ms (custom)
2019-10-28 11:44:40,157 [pool-239-thread-1] INFO  impl.RaftServerImpl (RaftServerImpl.java:start(195)) - 8d6128be-fc83-4963-9e93-d652923f883a@group-435F2F1029F6: start as a follower, conf=-1: [8d6128be-fc83-4963-9e93-d652923f883a:192.168.164.193:39584], old=null
2019-10-28 11:44:40,157 [pool-239-thread-1] INFO  impl.RaftServerImpl (RaftServerImpl.java:setRole(184)) - 8d6128be-fc83-4963-9e93-d652923f883a@group-435F2F1029F6: changes role from      null to FOLLOWER at term 0 for startAsFollower
2019-10-28 11:44:40,157 [pool-239-thread-1] INFO  impl.RoleInfo (RoleInfo.java:updateAndGet(143)) - 8d6128be-fc83-4963-9e93-d652923f883a: start FollowerState
2019-10-28 11:44:40,158 [pool-239-thread-1] INFO  util.JmxRegister (JmxRegister.java:tryRegister(44)) - Successfully registered JMX Bean with object name Ratis:service=RaftServer,group=group-435F2F1029F6,id=8d6128be-fc83-4963-9e93-d652923f883a
2019-10-28 11:44:40,163 [RatisPipelineUtilsThread] INFO  pipeline.PipelineStateManager (PipelineStateManager.java:addPipeline(56)) - Created pipeline Pipeline[ Id: ff28d690-a3e0-4d11-925c-435f2f1029f6, Nodes: 8d6128be-fc83-4963-9e93-d652923f883a{ip: 192.168.164.193, host: pr-hdds-2292-97wmq-4261317731, networkLocation: /rack1, certSerialId: null}, Type:RATIS, Factor:ONE, State:OPEN]
2019-10-28 11:44:40,177 [grpc-default-executor-3] INFO  impl.RaftServerProxy (RaftServerProxy.java:addNew(89)) - a480340b-d1a5-4cd0-bc20-ae63b012c3c7: addNew group-48B29381066B:[66cf3979-81da-4155-81a0-3dd54985f91a:192.168.164.193:43079, 84f4174e-6bb9-44ab-a36a-6c5af4251c6f:192.168.164.193:40080, a480340b-d1a5-4cd0-bc20-ae63b012c3c7:192.168.164.193:43902] returns group-48B29381066B:java.util.concurrent.CompletableFuture@54cd37e6[Not completed]
2019-10-28 11:44:40,177 [grpc-default-executor-6] INFO  impl.RaftServerProxy (RaftServerProxy.java:addNew(89)) - 84f4174e-6bb9-44ab-a36a-6c5af4251c6f: addNew group-48B29381066B:[66cf3979-81da-4155-81a0-3dd54985f91a:192.168.164.193:43079, 84f4174e-6bb9-44ab-a36a-6c5af4251c6f:192.168.164.193:40080, a480340b-d1a5-4cd0-bc20-ae63b012c3c7:192.168.164.193:43902] returns group-48B29381066B:java.util.concurrent.CompletableFuture@aa2ad2c[Not completed]
2019-10-28 11:44:40,177 [grpc-default-executor-2] INFO  impl.RaftServerProxy (RaftServerProxy.java:addNew(89)) - 66cf3979-81da-4155-81a0-3dd54985f91a: addNew group-48B29381066B:[66cf3979-81da-4155-81a0-3dd54985f91a:192.168.164.193:43079, 84f4174e-6bb9-44ab-a36a-6c5af4251c6f:192.168.164.193:40080, a480340b-d1a5-4cd0-bc20-ae63b012c3c7:192.168.164.193:43902] returns group-48B29381066B:java.util.concurrent.CompletableFuture@66016605[Not completed]
2019-10-28 11:44:40,178 [pool-209-thread-1] INFO  impl.RaftServerImpl (RaftServerImpl.java:<init>(104)) - a480340b-d1a5-4cd0-bc20-ae63b012c3c7: new RaftServerImpl for group-48B29381066B:[66cf3979-81da-4155-81a0-3dd54985f91a:192.168.164.193:43079, 84f4174e-6bb9-44ab-a36a-6c5af4251c6f:192.168.164.193:40080, a480340b-d1a5-4cd0-bc20-ae63b012c3c7:192.168.164.193:43902] with ContainerStateMachine:uninitialized
2019-10-28 11:44:40,178 [pool-209-thread-1] INFO  server.RaftServerConfigKeys (ConfUtils.java:logGet(43)) - raft.server.rpc.timeout.min = 1s (custom)
2019-10-28 11:44:40,178 [pool-209-thread-1] INFO  server.RaftServerConfigKeys (ConfUtils.java:logGet(43)) - raft.server.rpc.timeout.max = 1200ms (custom)
2019-10-28 11:44:40,179 [pool-209-thread-1] INFO  server.RaftServerConfigKeys (ConfUtils.java:logGet(43)) - raft.server.rpcslowness.timeout = 120s (custom)
2019-10-28 11:44:40,179 [pool-229-thread-1] INFO  impl.RaftServerImpl (RaftServerImpl.java:<init>(104)) - 66cf3979-81da-4155-81a0-3dd54985f91a: new RaftServerImpl for group-48B29381066B:[66cf3979-81da-4155-81a0-3dd54985f91a:192.168.164.193:43079, 84f4174e-6bb9-44ab-a36a-6c5af4251c6f:192.168.164.193:40080, a480340b-d1a5-4cd0-bc20-ae63b012c3c7:192.168.164.193:43902] with ContainerStateMachine:uninitialized
2019-10-28 11:44:40,179 [pool-209-thread-1] INFO  server.RaftServerConfigKeys (ConfUtils.java:logGet(43)) - raft.server.sleep.deviation.threshold = 300 (default)
2019-10-28 11:44:40,179 [pool-229-thread-1] INFO  server.RaftServerConfigKeys (ConfUtils.java:logGet(43)) - raft.server.rpc.timeout.min = 1s (custom)
2019-10-28 11:44:40,179 [pool-209-thread-1] INFO  server.RaftServerConfigKeys (ConfUtils.java:logGet(43)) - raft.server.log.appender.install.snapshot.enabled = false (custom)
2019-10-28 11:44:40,179 [pool-229-thread-1] INFO  server.RaftServerConfigKeys (ConfUtils.java:logGet(43)) - raft.server.rpc.timeout.max = 1200ms (custom)
2019-10-28 11:44:40,179 [pool-209-thread-1] INFO  impl.RaftServerImpl (ServerState.java:<init>(103)) - a480340b-d1a5-4cd0-bc20-ae63b012c3c7@group-48B29381066B: ConfigurationManager, init=-1: [66cf3979-81da-4155-81a0-3dd54985f91a:192.168.164.193:43079, 84f4174e-6bb9-44ab-a36a-6c5af4251c6f:192.168.164.193:40080, a480340b-d1a5-4cd0-bc20-ae63b012c3c7:192.168.164.193:43902], old=null, confs=<EMPTY_MAP>
2019-10-28 11:44:40,179 [pool-229-thread-1] INFO  server.RaftServerConfigKeys (ConfUtils.java:logGet(43)) - raft.server.rpcslowness.timeout = 120s (custom)
2019-10-28 11:44:40,179 [pool-209-thread-1] INFO  server.RaftServerConfigKeys (ConfUtils.java:logGet(43)) - raft.server.storage.dir = [/workdir/hadoop-ozone/integration-test/target/test-dir/MiniOzoneClusterImpl-b31733c6-727c-4256-9138-ff5b19d95bfe/datanode-6/data/ratis] (custom)
2019-10-28 11:44:40,179 [pool-219-thread-1] INFO  impl.RaftServerImpl (RaftServerImpl.java:<init>(104)) - 84f4174e-6bb9-44ab-a36a-6c5af4251c6f: new RaftServerImpl for group-48B29381066B:[66cf3979-81da-4155-81a0-3dd54985f91a:192.168.164.193:43079, 84f4174e-6bb9-44ab-a36a-6c5af4251c6f:192.168.164.193:40080, a480340b-d1a5-4cd0-bc20-ae63b012c3c7:192.168.164.193:43902] with ContainerStateMachine:uninitialized
2019-10-28 11:44:40,179 [pool-229-thread-1] INFO  server.RaftServerConfigKeys (ConfUtils.java:logGet(43)) - raft.server.sleep.deviation.threshold = 300 (default)
2019-10-28 11:44:40,180 [pool-209-thread-1] INFO  server.RaftServerConfigKeys (ConfUtils.java:logGet(43)) - raft.server.log.corruption.policy = EXCEPTION (default)
2019-10-28 11:44:40,180 [pool-219-thread-1] INFO  server.RaftServerConfigKeys (ConfUtils.java:logGet(43)) - raft.server.rpc.timeout.min = 1s (custom)
2019-10-28 11:44:40,180 [pool-209-thread-1] INFO  storage.RaftStorageDirectory (RaftStorageDirectory.java:analyzeStorage(246)) - The storage directory /workdir/hadoop-ozone/integration-test/target/test-dir/MiniOzoneClusterImpl-b31733c6-727c-4256-9138-ff5b19d95bfe/datanode-6/data/ratis/7f77fb74-efbb-4dfa-8855-48b29381066b does not exist. Creating ...
2019-10-28 11:44:40,180 [pool-229-thread-1] INFO  server.RaftServerConfigKeys (ConfUtils.java:logGet(43)) - raft.server.log.appender.install.snapshot.enabled = false (custom)
2019-10-28 11:44:40,180 [pool-219-thread-1] INFO  server.RaftServerConfigKeys (ConfUtils.java:logGet(43)) - raft.server.rpc.timeout.max = 1200ms (custom)
2019-10-28 11:44:40,180 [pool-229-thread-1] INFO  impl.RaftServerImpl (ServerState.java:<init>(103)) - 66cf3979-81da-4155-81a0-3dd54985f91a@group-48B29381066B: ConfigurationManager, init=-1: [66cf3979-81da-4155-81a0-3dd54985f91a:192.168.164.193:43079, 84f4174e-6bb9-44ab-a36a-6c5af4251c6f:192.168.164.193:40080, a480340b-d1a5-4cd0-bc20-ae63b012c3c7:192.168.164.193:43902], old=null, confs=<EMPTY_MAP>
2019-10-28 11:44:40,180 [pool-219-thread-1] INFO  server.RaftServerConfigKeys (ConfUtils.java:logGet(43)) - raft.server.rpcslowness.timeout = 120s (custom)
2019-10-28 11:44:40,180 [pool-229-thread-1] INFO  server.RaftServerConfigKeys (ConfUtils.java:logGet(43)) - raft.server.storage.dir = [/workdir/hadoop-ozone/integration-test/target/test-dir/MiniOzoneClusterImpl-b31733c6-727c-4256-9138-ff5b19d95bfe/datanode-8/data/ratis] (custom)
2019-10-28 11:44:40,180 [pool-219-thread-1] INFO  server.RaftServerConfigKeys (ConfUtils.java:logGet(43)) - raft.server.sleep.deviation.threshold = 300 (default)
2019-10-28 11:44:40,181 [pool-219-thread-1] INFO  server.RaftServerConfigKeys (ConfUtils.java:logGet(43)) - raft.server.log.appender.install.snapshot.enabled = false (custom)
2019-10-28 11:44:40,181 [pool-229-thread-1] INFO  server.RaftServerConfigKeys (ConfUtils.java:logGet(43)) - raft.server.log.corruption.policy = EXCEPTION (default)
2019-10-28 11:44:40,181 [pool-219-thread-1] INFO  impl.RaftServerImpl (ServerState.java:<init>(103)) - 84f4174e-6bb9-44ab-a36a-6c5af4251c6f@group-48B29381066B: ConfigurationManager, init=-1: [66cf3979-81da-4155-81a0-3dd54985f91a:192.168.164.193:43079, 84f4174e-6bb9-44ab-a36a-6c5af4251c6f:192.168.164.193:40080, a480340b-d1a5-4cd0-bc20-ae63b012c3c7:192.168.164.193:43902], old=null, confs=<EMPTY_MAP>
2019-10-28 11:44:40,181 [pool-229-thread-1] INFO  storage.RaftStorageDirectory (RaftStorageDirectory.java:analyzeStorage(246)) - The storage directory /workdir/hadoop-ozone/integration-test/target/test-dir/MiniOzoneClusterImpl-b31733c6-727c-4256-9138-ff5b19d95bfe/datanode-8/data/ratis/7f77fb74-efbb-4dfa-8855-48b29381066b does not exist. Creating ...
2019-10-28 11:44:40,181 [pool-219-thread-1] INFO  server.RaftServerConfigKeys (ConfUtils.java:logGet(43)) - raft.server.storage.dir = [/workdir/hadoop-ozone/integration-test/target/test-dir/MiniOzoneClusterImpl-b31733c6-727c-4256-9138-ff5b19d95bfe/datanode-7/data/ratis] (custom)
2019-10-28 11:44:40,181 [pool-219-thread-1] INFO  server.RaftServerConfigKeys (ConfUtils.java:logGet(43)) - raft.server.log.corruption.policy = EXCEPTION (default)
2019-10-28 11:44:40,182 [pool-219-thread-1] INFO  storage.RaftStorageDirectory (RaftStorageDirectory.java:analyzeStorage(246)) - The storage directory /workdir/hadoop-ozone/integration-test/target/test-dir/MiniOzoneClusterImpl-b31733c6-727c-4256-9138-ff5b19d95bfe/datanode-7/data/ratis/7f77fb74-efbb-4dfa-8855-48b29381066b does not exist. Creating ...
2019-10-28 11:44:40,187 [pool-229-thread-1] INFO  storage.RaftStorageDirectory (RaftStorageDirectory.java:tryLock(328)) - Lock on /workdir/hadoop-ozone/integration-test/target/test-dir/MiniOzoneClusterImpl-b31733c6-727c-4256-9138-ff5b19d95bfe/datanode-8/data/ratis/7f77fb74-efbb-4dfa-8855-48b29381066b/in_use.lock acquired by nodename 8743@pr-hdds-2292-97wmq-4261317731
2019-10-28 11:44:40,187 [pool-209-thread-1] INFO  storage.RaftStorageDirectory (RaftStorageDirectory.java:tryLock(328)) - Lock on /workdir/hadoop-ozone/integration-test/target/test-dir/MiniOzoneClusterImpl-b31733c6-727c-4256-9138-ff5b19d95bfe/datanode-6/data/ratis/7f77fb74-efbb-4dfa-8855-48b29381066b/in_use.lock acquired by nodename 8743@pr-hdds-2292-97wmq-4261317731
2019-10-28 11:44:40,190 [pool-219-thread-1] INFO  storage.RaftStorageDirectory (RaftStorageDirectory.java:tryLock(328)) - Lock on /workdir/hadoop-ozone/integration-test/target/test-dir/MiniOzoneClusterImpl-b31733c6-727c-4256-9138-ff5b19d95bfe/datanode-7/data/ratis/7f77fb74-efbb-4dfa-8855-48b29381066b/in_use.lock acquired by nodename 8743@pr-hdds-2292-97wmq-4261317731
2019-10-28 11:44:40,191 [pool-209-thread-1] INFO  storage.RaftStorage (RaftStorage.java:format(84)) - Storage directory /workdir/hadoop-ozone/integration-test/target/test-dir/MiniOzoneClusterImpl-b31733c6-727c-4256-9138-ff5b19d95bfe/datanode-6/data/ratis/7f77fb74-efbb-4dfa-8855-48b29381066b has been successfully formatted.
2019-10-28 11:44:40,191 [pool-229-thread-1] INFO  storage.RaftStorage (RaftStorage.java:format(84)) - Storage directory /workdir/hadoop-ozone/integration-test/target/test-dir/MiniOzoneClusterImpl-b31733c6-727c-4256-9138-ff5b19d95bfe/datanode-8/data/ratis/7f77fb74-efbb-4dfa-8855-48b29381066b has been successfully formatted.
2019-10-28 11:44:40,192 [pool-209-thread-1] INFO  ratis.ContainerStateMachine (ContainerStateMachine.java:loadSnapshot(231)) - group-48B29381066B: The snapshot info is null. Setting the last applied indexto:(t:0, i:~)
2019-10-28 11:44:40,192 [pool-229-thread-1] INFO  ratis.ContainerStateMachine (ContainerStateMachine.java:loadSnapshot(231)) - group-48B29381066B: The snapshot info is null. Setting the last applied indexto:(t:0, i:~)
2019-10-28 11:44:40,192 [pool-209-thread-1] INFO  server.RaftServerConfigKeys (ConfUtils.java:logGet(43)) - raft.server.notification.no-leader.timeout = 120s (custom)
2019-10-28 11:44:40,192 [pool-229-thread-1] INFO  server.RaftServerConfigKeys (ConfUtils.java:logGet(43)) - raft.server.notification.no-leader.timeout = 120s (custom)
2019-10-28 11:44:40,192 [pool-209-thread-1] INFO  server.RaftServerConfigKeys (ConfUtils.java:logGet(43)) - raft.server.log.use.memory = false (default)
2019-10-28 11:44:40,192 [pool-229-thread-1] INFO  server.RaftServerConfigKeys (ConfUtils.java:logGet(43)) - raft.server.log.use.memory = false (default)
2019-10-28 11:44:40,192 [pool-209-thread-1] INFO  server.RaftServerConfigKeys (ConfUtils.java:logGet(43)) - raft.server.log.purge.gap = 1000000 (custom)
2019-10-28 11:44:40,192 [pool-229-thread-1] INFO  server.RaftServerConfigKeys (ConfUtils.java:logGet(43)) - raft.server.log.purge.gap = 1000000 (custom)
2019-10-28 11:44:40,193 [pool-209-thread-1] INFO  server.RaftServerConfigKeys (ConfUtils.java:logGet(43)) - raft.server.log.appender.buffer.byte-limit = 33554432 (custom)
2019-10-28 11:44:40,193 [pool-229-thread-1] INFO  server.RaftServerConfigKeys (ConfUtils.java:logGet(43)) - raft.server.log.appender.buffer.byte-limit = 33554432 (custom)
2019-10-28 11:44:40,193 [pool-209-thread-1] INFO  server.RaftServerConfigKeys (ConfUtils.java:logGet(43)) - raft.server.log.segment.size.max = 1048576 (custom)
2019-10-28 11:44:40,193 [pool-229-thread-1] INFO  server.RaftServerConfigKeys (ConfUtils.java:logGet(43)) - raft.server.log.segment.size.max = 1048576 (custom)
2019-10-28 11:44:40,193 [pool-209-thread-1] INFO  server.RaftServerConfigKeys (ConfUtils.java:logGet(43)) - raft.server.log.segment.cache.num.max = 2 (custom)
2019-10-28 11:44:40,193 [pool-229-thread-1] INFO  server.RaftServerConfigKeys (ConfUtils.java:logGet(43)) - raft.server.log.segment.cache.num.max = 2 (custom)
2019-10-28 11:44:40,193 [pool-209-thread-1] INFO  segmented.SegmentedRaftLogWorker (SegmentedRaftLogWorker.java:<init>(173)) - new a480340b-d1a5-4cd0-bc20-ae63b012c3c7@group-48B29381066B-SegmentedRaftLogWorker for RaftStorage:Storage Directory /workdir/hadoop-ozone/integration-test/target/test-dir/MiniOzoneClusterImpl-b31733c6-727c-4256-9138-ff5b19d95bfe/datanode-6/data/ratis/7f77fb74-efbb-4dfa-8855-48b29381066b
2019-10-28 11:44:40,193 [pool-229-thread-1] INFO  segmented.SegmentedRaftLogWorker (SegmentedRaftLogWorker.java:<init>(173)) - new 66cf3979-81da-4155-81a0-3dd54985f91a@group-48B29381066B-SegmentedRaftLogWorker for RaftStorage:Storage Directory /workdir/hadoop-ozone/integration-test/target/test-dir/MiniOzoneClusterImpl-b31733c6-727c-4256-9138-ff5b19d95bfe/datanode-8/data/ratis/7f77fb74-efbb-4dfa-8855-48b29381066b
2019-10-28 11:44:40,194 [pool-209-thread-1] INFO  server.RaftServerConfigKeys (ConfUtils.java:logGet(43)) - raft.server.log.queue.byte-limit = 2147483647 (custom)
2019-10-28 11:44:40,194 [pool-229-thread-1] INFO  server.RaftServerConfigKeys (ConfUtils.java:logGet(43)) - raft.server.log.queue.byte-limit = 2147483647 (custom)
2019-10-28 11:44:40,194 [pool-209-thread-1] INFO  server.RaftServerConfigKeys (ConfUtils.java:logGet(43)) - raft.server.log.queue.element-limit = 1024 (custom)
2019-10-28 11:44:40,194 [pool-229-thread-1] INFO  server.RaftServerConfigKeys (ConfUtils.java:logGet(43)) - raft.server.log.queue.element-limit = 1024 (custom)
2019-10-28 11:44:40,194 [pool-209-thread-1] INFO  server.RaftServerConfigKeys (ConfUtils.java:logGet(43)) - raft.server.log.segment.size.max = 1048576 (custom)
2019-10-28 11:44:40,194 [pool-229-thread-1] INFO  server.RaftServerConfigKeys (ConfUtils.java:logGet(43)) - raft.server.log.segment.size.max = 1048576 (custom)
2019-10-28 11:44:40,194 [pool-209-thread-1] INFO  server.RaftServerConfigKeys (ConfUtils.java:logGet(43)) - raft.server.log.preallocated.size = 16384 (custom)
2019-10-28 11:44:40,194 [pool-229-thread-1] INFO  server.RaftServerConfigKeys (ConfUtils.java:logGet(43)) - raft.server.log.preallocated.size = 16384 (custom)
2019-10-28 11:44:40,194 [pool-209-thread-1] INFO  server.RaftServerConfigKeys (ConfUtils.java:logGet(43)) - raft.server.log.write.buffer.size = 33554432 (custom)
2019-10-28 11:44:40,195 [pool-229-thread-1] INFO  server.RaftServerConfigKeys (ConfUtils.java:logGet(43)) - raft.server.log.write.buffer.size = 33554432 (custom)
2019-10-28 11:44:40,195 [pool-209-thread-1] INFO  server.RaftServerConfigKeys (ConfUtils.java:logGet(43)) - raft.server.log.force.sync.num = 128 (default)
2019-10-28 11:44:40,195 [pool-229-thread-1] INFO  server.RaftServerConfigKeys (ConfUtils.java:logGet(43)) - raft.server.log.force.sync.num = 128 (default)
2019-10-28 11:44:40,195 [pool-209-thread-1] INFO  server.RaftServerConfigKeys (ConfUtils.java:logGet(43)) - raft.server.log.statemachine.data.sync = true (default)
2019-10-28 11:44:40,195 [pool-229-thread-1] INFO  server.RaftServerConfigKeys (ConfUtils.java:logGet(43)) - raft.server.log.statemachine.data.sync = true (default)
2019-10-28 11:44:40,195 [pool-219-thread-1] INFO  storage.RaftStorage (RaftStorage.java:format(84)) - Storage directory /workdir/hadoop-ozone/integration-test/target/test-dir/MiniOzoneClusterImpl-b31733c6-727c-4256-9138-ff5b19d95bfe/datanode-7/data/ratis/7f77fb74-efbb-4dfa-8855-48b29381066b has been successfully formatted.
2019-10-28 11:44:40,195 [pool-209-thread-1] INFO  server.RaftServerConfigKeys (ConfUtils.java:logGet(43)) - raft.server.log.statemachine.data.sync.timeout = 10s (default)
2019-10-28 11:44:40,195 [pool-219-thread-1] INFO  ratis.ContainerStateMachine (ContainerStateMachine.java:loadSnapshot(231)) - group-48B29381066B: The snapshot info is null. Setting the last applied indexto:(t:0, i:~)
2019-10-28 11:44:40,195 [pool-209-thread-1] INFO  server.RaftServerConfigKeys (ConfUtils.java:logGet(43)) - raft.server.log.statemachine.data.sync.timeout.retry = -1 (default)
2019-10-28 11:44:40,195 [pool-229-thread-1] INFO  server.RaftServerConfigKeys (ConfUtils.java:logGet(43)) - raft.server.log.statemachine.data.sync.timeout = 10s (default)
2019-10-28 11:44:40,196 [pool-209-thread-1] INFO  server.RaftServerConfigKeys (ConfUtils.java:logGet(43)) - raft.server.log.statemachine.data.caching.enabled = true (custom)
2019-10-28 11:44:40,196 [pool-219-thread-1] INFO  server.RaftServerConfigKeys (ConfUtils.java:logGet(43)) - raft.server.notification.no-leader.timeout = 120s (custom)
2019-10-28 11:44:40,196 [pool-229-thread-1] INFO  server.RaftServerConfigKeys (ConfUtils.java:logGet(43)) - raft.server.log.statemachine.data.sync.timeout.retry = -1 (default)
2019-10-28 11:44:40,196 [pool-209-thread-1] INFO  segmented.SegmentedRaftLogWorker (SegmentedRaftLogWorker.java:lambda$new$0(128)) - a480340b-d1a5-4cd0-bc20-ae63b012c3c7@group-48B29381066B-SegmentedRaftLogWorker: flushIndex: setUnconditionally 0 -> -1
2019-10-28 11:44:40,196 [pool-219-thread-1] INFO  server.RaftServerConfigKeys (ConfUtils.java:logGet(43)) - raft.server.log.use.memory = false (default)
2019-10-28 11:44:40,196 [pool-229-thread-1] INFO  server.RaftServerConfigKeys (ConfUtils.java:logGet(43)) - raft.server.log.statemachine.data.caching.enabled = true (custom)
2019-10-28 11:44:40,196 [pool-219-thread-1] INFO  server.RaftServerConfigKeys (ConfUtils.java:logGet(43)) - raft.server.log.purge.gap = 1000000 (custom)
2019-10-28 11:44:40,196 [pool-209-thread-1] INFO  server.RaftServerConfigKeys (ConfUtils.java:logGet(43)) - raft.server.snapshot.auto.trigger.enabled = true (custom)
2019-10-28 11:44:40,197 [pool-229-thread-1] INFO  segmented.SegmentedRaftLogWorker (SegmentedRaftLogWorker.java:lambda$new$0(128)) - 66cf3979-81da-4155-81a0-3dd54985f91a@group-48B29381066B-SegmentedRaftLogWorker: flushIndex: setUnconditionally 0 -> -1
2019-10-28 11:44:40,197 [pool-219-thread-1] INFO  server.RaftServerConfigKeys (ConfUtils.java:logGet(43)) - raft.server.log.appender.buffer.byte-limit = 33554432 (custom)
2019-10-28 11:44:40,197 [pool-209-thread-1] INFO  server.RaftServerConfigKeys (ConfUtils.java:logGet(43)) - raft.server.snapshot.auto.trigger.threshold = 10000 (custom)
2019-10-28 11:44:40,197 [pool-229-thread-1] INFO  server.RaftServerConfigKeys (ConfUtils.java:logGet(43)) - raft.server.snapshot.auto.trigger.enabled = true (custom)
2019-10-28 11:44:40,197 [pool-219-thread-1] INFO  server.RaftServerConfigKeys (ConfUtils.java:logGet(43)) - raft.server.log.segment.size.max = 1048576 (custom)
2019-10-28 11:44:40,197 [pool-229-thread-1] INFO  server.RaftServerConfigKeys (ConfUtils.java:logGet(43)) - raft.server.snapshot.auto.trigger.threshold = 10000 (custom)
2019-10-28 11:44:40,197 [pool-209-thread-1] INFO  server.RaftServerConfigKeys (ConfUtils.java:logGet(43)) - raft.server.snapshot.retention.file.num = 5 (custom)
2019-10-28 11:44:40,197 [pool-229-thread-1] INFO  server.RaftServerConfigKeys (ConfUtils.java:logGet(43)) - raft.server.snapshot.retention.file.num = 5 (custom)
2019-10-28 11:44:40,197 [pool-219-thread-1] INFO  server.RaftServerConfigKeys (ConfUtils.java:logGet(43)) - raft.server.log.segment.cache.num.max = 2 (custom)
2019-10-28 11:44:40,198 [pool-229-thread-1] INFO  server.RaftServerConfigKeys (ConfUtils.java:logGet(43)) - raft.server.retrycache.expirytime = 600000ms (custom)
2019-10-28 11:44:40,198 [pool-209-thread-1] INFO  server.RaftServerConfigKeys (ConfUtils.java:logGet(43)) - raft.server.retrycache.expirytime = 600000ms (custom)
2019-10-28 11:44:40,198 [pool-219-thread-1] INFO  segmented.SegmentedRaftLogWorker (SegmentedRaftLogWorker.java:<init>(173)) - new 84f4174e-6bb9-44ab-a36a-6c5af4251c6f@group-48B29381066B-SegmentedRaftLogWorker for RaftStorage:Storage Directory /workdir/hadoop-ozone/integration-test/target/test-dir/MiniOzoneClusterImpl-b31733c6-727c-4256-9138-ff5b19d95bfe/datanode-7/data/ratis/7f77fb74-efbb-4dfa-8855-48b29381066b
2019-10-28 11:44:40,198 [pool-219-thread-1] INFO  server.RaftServerConfigKeys (ConfUtils.java:logGet(43)) - raft.server.log.queue.byte-limit = 2147483647 (custom)
2019-10-28 11:44:40,198 [pool-219-thread-1] INFO  server.RaftServerConfigKeys (ConfUtils.java:logGet(43)) - raft.server.log.queue.element-limit = 1024 (custom)
2019-10-28 11:44:40,198 [pool-219-thread-1] INFO  server.RaftServerConfigKeys (ConfUtils.java:logGet(43)) - raft.server.log.segment.size.max = 1048576 (custom)
2019-10-28 11:44:40,198 [pool-219-thread-1] INFO  server.RaftServerConfigKeys (ConfUtils.java:logGet(43)) - raft.server.log.preallocated.size = 16384 (custom)
2019-10-28 11:44:40,199 [pool-219-thread-1] INFO  server.RaftServerConfigKeys (ConfUtils.java:logGet(43)) - raft.server.log.write.buffer.size = 33554432 (custom)
2019-10-28 11:44:40,199 [pool-219-thread-1] INFO  server.RaftServerConfigKeys (ConfUtils.java:logGet(43)) - raft.server.log.force.sync.num = 128 (default)
2019-10-28 11:44:40,199 [pool-219-thread-1] INFO  server.RaftServerConfigKeys (ConfUtils.java:logGet(43)) - raft.server.log.statemachine.data.sync = true (default)
2019-10-28 11:44:40,199 [pool-219-thread-1] INFO  server.RaftServerConfigKeys (ConfUtils.java:logGet(43)) - raft.server.log.statemachine.data.sync.timeout = 10s (default)
2019-10-28 11:44:40,199 [pool-219-thread-1] INFO  server.RaftServerConfigKeys (ConfUtils.java:logGet(43)) - raft.server.log.statemachine.data.sync.timeout.retry = -1 (default)
2019-10-28 11:44:40,199 [pool-219-thread-1] INFO  server.RaftServerConfigKeys (ConfUtils.java:logGet(43)) - raft.server.log.statemachine.data.caching.enabled = true (custom)
2019-10-28 11:44:40,199 [pool-219-thread-1] INFO  segmented.SegmentedRaftLogWorker (SegmentedRaftLogWorker.java:lambda$new$0(128)) - 84f4174e-6bb9-44ab-a36a-6c5af4251c6f@group-48B29381066B-SegmentedRaftLogWorker: flushIndex: setUnconditionally 0 -> -1
2019-10-28 11:44:40,200 [pool-219-thread-1] INFO  server.RaftServerConfigKeys (ConfUtils.java:logGet(43)) - raft.server.snapshot.auto.trigger.enabled = true (custom)
2019-10-28 11:44:40,200 [pool-219-thread-1] INFO  server.RaftServerConfigKeys (ConfUtils.java:logGet(43)) - raft.server.snapshot.auto.trigger.threshold = 10000 (custom)
2019-10-28 11:44:40,200 [pool-219-thread-1] INFO  server.RaftServerConfigKeys (ConfUtils.java:logGet(43)) - raft.server.snapshot.retention.file.num = 5 (custom)
2019-10-28 11:44:40,200 [pool-219-thread-1] INFO  server.RaftServerConfigKeys (ConfUtils.java:logGet(43)) - raft.server.retrycache.expirytime = 600000ms (custom)
2019-10-28 11:44:40,200 [pool-229-thread-1] INFO  impl.RaftServerImpl (RaftServerImpl.java:start(195)) - 66cf3979-81da-4155-81a0-3dd54985f91a@group-48B29381066B: start as a follower, conf=-1: [66cf3979-81da-4155-81a0-3dd54985f91a:192.168.164.193:43079, 84f4174e-6bb9-44ab-a36a-6c5af4251c6f:192.168.164.193:40080, a480340b-d1a5-4cd0-bc20-ae63b012c3c7:192.168.164.193:43902], old=null
2019-10-28 11:44:40,201 [pool-229-thread-1] INFO  impl.RaftServerImpl (RaftServerImpl.java:setRole(184)) - 66cf3979-81da-4155-81a0-3dd54985f91a@group-48B29381066B: changes role from      null to FOLLOWER at term 0 for startAsFollower
2019-10-28 11:44:40,201 [pool-229-thread-1] INFO  impl.RoleInfo (RoleInfo.java:updateAndGet(143)) - 66cf3979-81da-4155-81a0-3dd54985f91a: start FollowerState
2019-10-28 11:44:40,201 [pool-209-thread-1] INFO  impl.RaftServerImpl (RaftServerImpl.java:start(195)) - a480340b-d1a5-4cd0-bc20-ae63b012c3c7@group-48B29381066B: start as a follower, conf=-1: [66cf3979-81da-4155-81a0-3dd54985f91a:192.168.164.193:43079, 84f4174e-6bb9-44ab-a36a-6c5af4251c6f:192.168.164.193:40080, a480340b-d1a5-4cd0-bc20-ae63b012c3c7:192.168.164.193:43902], old=null
2019-10-28 11:44:40,201 [pool-209-thread-1] INFO  impl.RaftServerImpl (RaftServerImpl.java:setRole(184)) - a480340b-d1a5-4cd0-bc20-ae63b012c3c7@group-48B29381066B: changes role from      null to FOLLOWER at term 0 for startAsFollower
2019-10-28 11:44:40,201 [pool-229-thread-1] INFO  util.JmxRegister (JmxRegister.java:tryRegister(44)) - Successfully registered JMX Bean with object name Ratis:service=RaftServer,group=group-48B29381066B,id=66cf3979-81da-4155-81a0-3dd54985f91a
2019-10-28 11:44:40,201 [pool-209-thread-1] INFO  impl.RoleInfo (RoleInfo.java:updateAndGet(143)) - a480340b-d1a5-4cd0-bc20-ae63b012c3c7: start FollowerState
2019-10-28 11:44:40,201 [pool-219-thread-1] INFO  impl.RaftServerImpl (RaftServerImpl.java:start(195)) - 84f4174e-6bb9-44ab-a36a-6c5af4251c6f@group-48B29381066B: start as a follower, conf=-1: [66cf3979-81da-4155-81a0-3dd54985f91a:192.168.164.193:43079, 84f4174e-6bb9-44ab-a36a-6c5af4251c6f:192.168.164.193:40080, a480340b-d1a5-4cd0-bc20-ae63b012c3c7:192.168.164.193:43902], old=null
2019-10-28 11:44:40,201 [pool-219-thread-1] INFO  impl.RaftServerImpl (RaftServerImpl.java:setRole(184)) - 84f4174e-6bb9-44ab-a36a-6c5af4251c6f@group-48B29381066B: changes role from      null to FOLLOWER at term 0 for startAsFollower
2019-10-28 11:44:40,201 [pool-219-thread-1] INFO  impl.RoleInfo (RoleInfo.java:updateAndGet(143)) - 84f4174e-6bb9-44ab-a36a-6c5af4251c6f: start FollowerState
2019-10-28 11:44:40,202 [pool-209-thread-1] INFO  util.JmxRegister (JmxRegister.java:tryRegister(44)) - Successfully registered JMX Bean with object name Ratis:service=RaftServer,group=group-48B29381066B,id=a480340b-d1a5-4cd0-bc20-ae63b012c3c7
2019-10-28 11:44:40,202 [pool-219-thread-1] INFO  util.JmxRegister (JmxRegister.java:tryRegister(44)) - Successfully registered JMX Bean with object name Ratis:service=RaftServer,group=group-48B29381066B,id=84f4174e-6bb9-44ab-a36a-6c5af4251c6f
2019-10-28 11:44:40,236 [Thread-1402] INFO  impl.FollowerState (FollowerState.java:run(108)) - a480340b-d1a5-4cd0-bc20-ae63b012c3c7@group-CB3DA70F9539-FollowerState: change to CANDIDATE, lastRpcTime:134ms, electionTimeout:134ms
2019-10-28 11:44:40,245 [Thread-1402] INFO  impl.RoleInfo (RoleInfo.java:shutdownFollowerState(121)) - a480340b-d1a5-4cd0-bc20-ae63b012c3c7: shutdown FollowerState
2019-10-28 11:44:40,245 [Thread-1402] INFO  impl.RaftServerImpl (RaftServerImpl.java:setRole(184)) - a480340b-d1a5-4cd0-bc20-ae63b012c3c7@group-CB3DA70F9539: changes role from  FOLLOWER to CANDIDATE at term 0 for changeToCandidate
2019-10-28 11:44:40,245 [Thread-1402] INFO  impl.RoleInfo (RoleInfo.java:updateAndGet(143)) - a480340b-d1a5-4cd0-bc20-ae63b012c3c7: start LeaderElection
2019-10-28 11:44:40,256 [RatisPipelineUtilsThread] INFO  pipeline.PipelineStateManager (PipelineStateManager.java:addPipeline(56)) - Created pipeline Pipeline[ Id: 7f77fb74-efbb-4dfa-8855-48b29381066b, Nodes: 84f4174e-6bb9-44ab-a36a-6c5af4251c6f{ip: 192.168.164.193, host: pr-hdds-2292-97wmq-4261317731, networkLocation: /rack1, certSerialId: null}66cf3979-81da-4155-81a0-3dd54985f91a{ip: 192.168.164.193, host: pr-hdds-2292-97wmq-4261317731, networkLocation: /rack1, certSerialId: null}a480340b-d1a5-4cd0-bc20-ae63b012c3c7{ip: 192.168.164.193, host: pr-hdds-2292-97wmq-4261317731, networkLocation: /rack1, certSerialId: null}, Type:RATIS, Factor:THREE, State:OPEN]
2019-10-28 11:44:40,259 [Thread-1411] INFO  impl.FollowerState (FollowerState.java:run(108)) - 66cf3979-81da-4155-81a0-3dd54985f91a@group-48B29381066B-FollowerState: change to CANDIDATE, lastRpcTime:58ms, electionTimeout:58ms
2019-10-28 11:44:40,259 [Thread-1411] INFO  impl.RoleInfo (RoleInfo.java:shutdownFollowerState(121)) - 66cf3979-81da-4155-81a0-3dd54985f91a: shutdown FollowerState
2019-10-28 11:44:40,259 [Thread-1411] INFO  impl.RaftServerImpl (RaftServerImpl.java:setRole(184)) - 66cf3979-81da-4155-81a0-3dd54985f91a@group-48B29381066B: changes role from  FOLLOWER to CANDIDATE at term 0 for changeToCandidate
2019-10-28 11:44:40,259 [Thread-1411] INFO  impl.RoleInfo (RoleInfo.java:updateAndGet(143)) - 66cf3979-81da-4155-81a0-3dd54985f91a: start LeaderElection
2019-10-28 11:44:40,280 [a480340b-d1a5-4cd0-bc20-ae63b012c3c7@group-CB3DA70F9539-LeaderElection37] INFO  impl.LeaderElection (LeaderElection.java:askForVotes(178)) - a480340b-d1a5-4cd0-bc20-ae63b012c3c7@group-CB3DA70F9539-LeaderElection37: begin an election at term 1 for -1: [a480340b-d1a5-4cd0-bc20-ae63b012c3c7:192.168.164.193:43902], old=null
2019-10-28 11:44:40,280 [66cf3979-81da-4155-81a0-3dd54985f91a@group-48B29381066B-LeaderElection38] INFO  impl.LeaderElection (LeaderElection.java:askForVotes(178)) - 66cf3979-81da-4155-81a0-3dd54985f91a@group-48B29381066B-LeaderElection38: begin an election at term 1 for -1: [66cf3979-81da-4155-81a0-3dd54985f91a:192.168.164.193:43079, 84f4174e-6bb9-44ab-a36a-6c5af4251c6f:192.168.164.193:40080, a480340b-d1a5-4cd0-bc20-ae63b012c3c7:192.168.164.193:43902], old=null
2019-10-28 11:44:40,283 [a480340b-d1a5-4cd0-bc20-ae63b012c3c7@group-CB3DA70F9539-LeaderElection37] INFO  impl.RoleInfo (RoleInfo.java:shutdownLeaderElection(134)) - a480340b-d1a5-4cd0-bc20-ae63b012c3c7: shutdown LeaderElection
2019-10-28 11:44:40,283 [a480340b-d1a5-4cd0-bc20-ae63b012c3c7@group-CB3DA70F9539-LeaderElection37] INFO  impl.RaftServerImpl (RaftServerImpl.java:setRole(184)) - a480340b-d1a5-4cd0-bc20-ae63b012c3c7@group-CB3DA70F9539: changes role from CANDIDATE to LEADER at term 1 for changeToLeader
2019-10-28 11:44:40,284 [a480340b-d1a5-4cd0-bc20-ae63b012c3c7@group-CB3DA70F9539-LeaderElection37] INFO  impl.RaftServerImpl (ServerState.java:setLeader(256)) - a480340b-d1a5-4cd0-bc20-ae63b012c3c7@group-CB3DA70F9539: change Leader from null to a480340b-d1a5-4cd0-bc20-ae63b012c3c7 at term 1 for becomeLeader, leader elected after 215ms
2019-10-28 11:44:40,284 [a480340b-d1a5-4cd0-bc20-ae63b012c3c7@group-CB3DA70F9539-LeaderElection37] INFO  server.RaftServerConfigKeys (ConfUtils.java:logGet(43)) - raft.server.staging.catchup.gap = 1000 (default)
2019-10-28 11:44:40,284 [a480340b-d1a5-4cd0-bc20-ae63b012c3c7@group-CB3DA70F9539-LeaderElection37] INFO  server.RaftServerConfigKeys (ConfUtils.java:logGet(43)) - raft.server.rpc.sleep.time = 25ms (default)
2019-10-28 11:44:40,284 [a480340b-d1a5-4cd0-bc20-ae63b012c3c7@group-CB3DA70F9539-LeaderElection37] INFO  server.RaftServerConfigKeys (ConfUtils.java:logGet(43)) - raft.server.write.element-limit = 4096 (default)
2019-10-28 11:44:40,284 [a480340b-d1a5-4cd0-bc20-ae63b012c3c7@group-CB3DA70F9539-LeaderElection37] INFO  server.RaftServerConfigKeys (ConfUtils.java:logGet(43)) - raft.server.watch.timeout = 10s (default)
2019-10-28 11:44:40,284 [a480340b-d1a5-4cd0-bc20-ae63b012c3c7@group-CB3DA70F9539-LeaderElection37] INFO  server.RaftServerConfigKeys (ConfUtils.java:logGet(43)) - raft.server.watch.timeout.denomination = 1s (default)
2019-10-28 11:44:40,284 [a480340b-d1a5-4cd0-bc20-ae63b012c3c7@group-CB3DA70F9539-LeaderElection37] INFO  server.RaftServerConfigKeys (ConfUtils.java:logGet(43)) - raft.server.watch.element-limit = 65536 (default)
2019-10-28 11:44:40,286 [a480340b-d1a5-4cd0-bc20-ae63b012c3c7@group-CB3DA70F9539-LeaderElection37] INFO  impl.RoleInfo (RoleInfo.java:updateAndGet(143)) - a480340b-d1a5-4cd0-bc20-ae63b012c3c7: start LeaderState
2019-10-28 11:44:40,287 [a480340b-d1a5-4cd0-bc20-ae63b012c3c7@group-CB3DA70F9539-LeaderElection37] INFO  segmented.SegmentedRaftLogWorker (SegmentedRaftLogWorker.java:startLogSegment(385)) - a480340b-d1a5-4cd0-bc20-ae63b012c3c7@group-CB3DA70F9539-SegmentedRaftLogWorker: Starting segment from index:0
2019-10-28 11:44:40,290 [grpc-default-executor-2] INFO  impl.RaftServerImpl (RaftServerImpl.java:setRole(184)) - 84f4174e-6bb9-44ab-a36a-6c5af4251c6f@group-48B29381066B: changes role from  FOLLOWER to FOLLOWER at term 1 for recognizeCandidate:66cf3979-81da-4155-81a0-3dd54985f91a
2019-10-28 11:44:40,290 [Thread-1404] INFO  impl.FollowerState (FollowerState.java:run(108)) - 24830d12-f44b-43d9-b733-6f9667bbd6c9@group-08147416B334-FollowerState: change to CANDIDATE, lastRpcTime:176ms, electionTimeout:162ms
2019-10-28 11:44:40,290 [grpc-default-executor-2] INFO  impl.RoleInfo (RoleInfo.java:shutdownFollowerState(121)) - 84f4174e-6bb9-44ab-a36a-6c5af4251c6f: shutdown FollowerState
2019-10-28 11:44:40,292 [a480340b-d1a5-4cd0-bc20-ae63b012c3c7@group-CB3DA70F9539-LeaderElection37] INFO  impl.RaftServerImpl (ServerState.java:setRaftConf(357)) - a480340b-d1a5-4cd0-bc20-ae63b012c3c7@group-CB3DA70F9539: set configuration 0: [a480340b-d1a5-4cd0-bc20-ae63b012c3c7:192.168.164.193:43902], old=null at 0
2019-10-28 11:44:40,292 [Thread-1404] INFO  impl.RoleInfo (RoleInfo.java:shutdownFollowerState(121)) - 24830d12-f44b-43d9-b733-6f9667bbd6c9: shutdown FollowerState
2019-10-28 11:44:40,292 [grpc-default-executor-6] INFO  impl.RaftServerImpl (RaftServerImpl.java:setRole(184)) - a480340b-d1a5-4cd0-bc20-ae63b012c3c7@group-48B29381066B: changes role from  FOLLOWER to FOLLOWER at term 1 for recognizeCandidate:66cf3979-81da-4155-81a0-3dd54985f91a
2019-10-28 11:44:40,292 [Thread-1404] INFO  impl.RaftServerImpl (RaftServerImpl.java:setRole(184)) - 24830d12-f44b-43d9-b733-6f9667bbd6c9@group-08147416B334: changes role from  FOLLOWER to CANDIDATE at term 4 for changeToCandidate
2019-10-28 11:44:40,292 [grpc-default-executor-2] INFO  impl.RoleInfo (RoleInfo.java:updateAndGet(143)) - 84f4174e-6bb9-44ab-a36a-6c5af4251c6f: start FollowerState
2019-10-28 11:44:40,292 [Thread-1413] INFO  impl.FollowerState (FollowerState.java:run(117)) - 84f4174e-6bb9-44ab-a36a-6c5af4251c6f@group-48B29381066B-FollowerState was interrupted: java.lang.InterruptedException: sleep interrupted
2019-10-28 11:44:40,292 [Thread-1404] INFO  impl.RoleInfo (RoleInfo.java:updateAndGet(143)) - 24830d12-f44b-43d9-b733-6f9667bbd6c9: start LeaderElection
2019-10-28 11:44:40,292 [grpc-default-executor-6] INFO  impl.RoleInfo (RoleInfo.java:shutdownFollowerState(121)) - a480340b-d1a5-4cd0-bc20-ae63b012c3c7: shutdown FollowerState
2019-10-28 11:44:40,318 [Thread-1406] INFO  impl.FollowerState (FollowerState.java:run(108)) - 8d6128be-fc83-4963-9e93-d652923f883a@group-435F2F1029F6-FollowerState: change to CANDIDATE, lastRpcTime:160ms, electionTimeout:159ms
2019-10-28 11:44:40,318 [Thread-1406] INFO  impl.RoleInfo (RoleInfo.java:shutdownFollowerState(121)) - 8d6128be-fc83-4963-9e93-d652923f883a: shutdown FollowerState
2019-10-28 11:44:40,318 [Thread-1406] INFO  impl.RaftServerImpl (RaftServerImpl.java:setRole(184)) - 8d6128be-fc83-4963-9e93-d652923f883a@group-435F2F1029F6: changes role from  FOLLOWER to CANDIDATE at term 0 for changeToCandidate
2019-10-28 11:44:40,320 [grpc-default-executor-6] INFO  impl.RoleInfo (RoleInfo.java:updateAndGet(143)) - a480340b-d1a5-4cd0-bc20-ae63b012c3c7: start FollowerState
2019-10-28 11:44:40,320 [Thread-1412] INFO  impl.FollowerState (FollowerState.java:run(117)) - a480340b-d1a5-4cd0-bc20-ae63b012c3c7@group-48B29381066B-FollowerState was interrupted: java.lang.InterruptedException: sleep interrupted
2019-10-28 11:44:40,320 [Thread-1406] INFO  impl.RoleInfo (RoleInfo.java:updateAndGet(143)) - 8d6128be-fc83-4963-9e93-d652923f883a: start LeaderElection
2019-10-28 11:44:40,331 [a480340b-d1a5-4cd0-bc20-ae63b012c3c7@group-CB3DA70F9539-SegmentedRaftLogWorker] INFO  segmented.SegmentedRaftLogWorker (SegmentedRaftLogWorker.java:execute(576)) - a480340b-d1a5-4cd0-bc20-ae63b012c3c7@group-CB3DA70F9539-SegmentedRaftLogWorker: created new log segment /workdir/hadoop-ozone/integration-test/target/test-dir/MiniOzoneClusterImpl-b31733c6-727c-4256-9138-ff5b19d95bfe/datanode-6/data/ratis/33f3d55e-c9ee-4d88-8308-cb3da70f9539/current/log_inprogress_0
2019-10-28 11:44:40,331 [24830d12-f44b-43d9-b733-6f9667bbd6c9@group-08147416B334-LeaderElection39] INFO  impl.LeaderElection (LeaderElection.java:askForVotes(178)) - 24830d12-f44b-43d9-b733-6f9667bbd6c9@group-08147416B334-LeaderElection39: begin an election at term 5 for -1: [24830d12-f44b-43d9-b733-6f9667bbd6c9:192.168.164.193:40613, 75159f97-af2c-48a6-bb8f-f5acb2145c35:192.168.164.193:42423, ce71e9bc-e571-4e52-8a73-1c9dce7b9fa7:192.168.164.193:36234], old=null
2019-10-28 11:44:40,331 [8d6128be-fc83-4963-9e93-d652923f883a@group-435F2F1029F6-LeaderElection40] INFO  impl.LeaderElection (LeaderElection.java:askForVotes(178)) - 8d6128be-fc83-4963-9e93-d652923f883a@group-435F2F1029F6-LeaderElection40: begin an election at term 1 for -1: [8d6128be-fc83-4963-9e93-d652923f883a:192.168.164.193:39584], old=null
2019-10-28 11:44:40,333 [8d6128be-fc83-4963-9e93-d652923f883a@group-435F2F1029F6-LeaderElection40] INFO  impl.RoleInfo (RoleInfo.java:shutdownLeaderElection(134)) - 8d6128be-fc83-4963-9e93-d652923f883a: shutdown LeaderElection
2019-10-28 11:44:40,334 [8d6128be-fc83-4963-9e93-d652923f883a@group-435F2F1029F6-LeaderElection40] INFO  impl.RaftServerImpl (RaftServerImpl.java:setRole(184)) - 8d6128be-fc83-4963-9e93-d652923f883a@group-435F2F1029F6: changes role from CANDIDATE to LEADER at term 1 for changeToLeader
2019-10-28 11:44:40,334 [8d6128be-fc83-4963-9e93-d652923f883a@group-435F2F1029F6-LeaderElection40] INFO  impl.RaftServerImpl (ServerState.java:setLeader(256)) - 8d6128be-fc83-4963-9e93-d652923f883a@group-435F2F1029F6: change Leader from null to 8d6128be-fc83-4963-9e93-d652923f883a at term 1 for becomeLeader, leader elected after 180ms
2019-10-28 11:44:40,334 [66cf3979-81da-4155-81a0-3dd54985f91a@group-48B29381066B-LeaderElection38] INFO  impl.LeaderElection (LeaderElection.java:logAndReturn(56)) - 66cf3979-81da-4155-81a0-3dd54985f91a@group-48B29381066B-LeaderElection38: Election PASSED; received 1 response(s) [66cf3979-81da-4155-81a0-3dd54985f91a<-a480340b-d1a5-4cd0-bc20-ae63b012c3c7#0:OK-t1] and 0 exception(s); 66cf3979-81da-4155-81a0-3dd54985f91a@group-48B29381066B:t1, leader=null, voted=66cf3979-81da-4155-81a0-3dd54985f91a, raftlog=66cf3979-81da-4155-81a0-3dd54985f91a@group-48B29381066B-SegmentedRaftLog:OPENED:c-1,f-1,i0, conf=-1: [66cf3979-81da-4155-81a0-3dd54985f91a:192.168.164.193:43079, 84f4174e-6bb9-44ab-a36a-6c5af4251c6f:192.168.164.193:40080, a480340b-d1a5-4cd0-bc20-ae63b012c3c7:192.168.164.193:43902], old=null
2019-10-28 11:44:40,334 [8d6128be-fc83-4963-9e93-d652923f883a@group-435F2F1029F6-LeaderElection40] INFO  server.RaftServerConfigKeys (ConfUtils.java:logGet(43)) - raft.server.staging.catchup.gap = 1000 (default)
2019-10-28 11:44:40,335 [66cf3979-81da-4155-81a0-3dd54985f91a@group-48B29381066B-LeaderElection38] INFO  impl.RoleInfo (RoleInfo.java:shutdownLeaderElection(134)) - 66cf3979-81da-4155-81a0-3dd54985f91a: shutdown LeaderElection
2019-10-28 11:44:40,335 [8d6128be-fc83-4963-9e93-d652923f883a@group-435F2F1029F6-LeaderElection40] INFO  server.RaftServerConfigKeys (ConfUtils.java:logGet(43)) - raft.server.rpc.sleep.time = 25ms (default)
2019-10-28 11:44:40,337 [66cf3979-81da-4155-81a0-3dd54985f91a@group-48B29381066B-LeaderElection38] INFO  impl.RaftServerImpl (RaftServerImpl.java:setRole(184)) - 66cf3979-81da-4155-81a0-3dd54985f91a@group-48B29381066B: changes role from CANDIDATE to LEADER at term 1 for changeToLeader
2019-10-28 11:44:40,337 [8d6128be-fc83-4963-9e93-d652923f883a@group-435F2F1029F6-LeaderElection40] INFO  server.RaftServerConfigKeys (ConfUtils.java:logGet(43)) - raft.server.write.element-limit = 4096 (default)
2019-10-28 11:44:40,337 [66cf3979-81da-4155-81a0-3dd54985f91a@group-48B29381066B-LeaderElection38] INFO  impl.RaftServerImpl (ServerState.java:setLeader(256)) - 66cf3979-81da-4155-81a0-3dd54985f91a@group-48B29381066B: change Leader from null to 66cf3979-81da-4155-81a0-3dd54985f91a at term 1 for becomeLeader, leader elected after 144ms
2019-10-28 11:44:40,337 [8d6128be-fc83-4963-9e93-d652923f883a@group-435F2F1029F6-LeaderElection40] INFO  server.RaftServerConfigKeys (ConfUtils.java:logGet(43)) - raft.server.watch.timeout = 10s (default)
2019-10-28 11:44:40,337 [66cf3979-81da-4155-81a0-3dd54985f91a@group-48B29381066B-LeaderElection38] INFO  server.RaftServerConfigKeys (ConfUtils.java:logGet(43)) - raft.server.staging.catchup.gap = 1000 (default)
2019-10-28 11:44:40,337 [8d6128be-fc83-4963-9e93-d652923f883a@group-435F2F1029F6-LeaderElection40] INFO  server.RaftServerConfigKeys (ConfUtils.java:logGet(43)) - raft.server.watch.timeout.denomination = 1s (default)
2019-10-28 11:44:40,337 [66cf3979-81da-4155-81a0-3dd54985f91a@group-48B29381066B-LeaderElection38] INFO  server.RaftServerConfigKeys (ConfUtils.java:logGet(43)) - raft.server.rpc.sleep.time = 25ms (default)
2019-10-28 11:44:40,337 [8d6128be-fc83-4963-9e93-d652923f883a@group-435F2F1029F6-LeaderElection40] INFO  server.RaftServerConfigKeys (ConfUtils.java:logGet(43)) - raft.server.watch.element-limit = 65536 (default)
2019-10-28 11:44:40,337 [66cf3979-81da-4155-81a0-3dd54985f91a@group-48B29381066B-LeaderElection38] INFO  server.RaftServerConfigKeys (ConfUtils.java:logGet(43)) - raft.server.write.element-limit = 4096 (default)
2019-10-28 11:44:40,337 [66cf3979-81da-4155-81a0-3dd54985f91a@group-48B29381066B-LeaderElection38] INFO  server.RaftServerConfigKeys (ConfUtils.java:logGet(43)) - raft.server.watch.timeout = 10s (default)
2019-10-28 11:44:40,338 [66cf3979-81da-4155-81a0-3dd54985f91a@group-48B29381066B-LeaderElection38] INFO  server.RaftServerConfigKeys (ConfUtils.java:logGet(43)) - raft.server.watch.timeout.denomination = 1s (default)
2019-10-28 11:44:40,338 [66cf3979-81da-4155-81a0-3dd54985f91a@group-48B29381066B-LeaderElection38] INFO  server.RaftServerConfigKeys (ConfUtils.java:logGet(43)) - raft.server.watch.element-limit = 65536 (default)
2019-10-28 11:44:40,339 [grpc-default-executor-6] INFO  impl.RaftServerImpl (RaftServerImpl.java:setRole(184)) - 75159f97-af2c-48a6-bb8f-f5acb2145c35@group-08147416B334: changes role from  FOLLOWER to FOLLOWER at term 5 for recognizeCandidate:24830d12-f44b-43d9-b733-6f9667bbd6c9
2019-10-28 11:44:40,340 [grpc-default-executor-6] INFO  impl.RoleInfo (RoleInfo.java:shutdownFollowerState(121)) - 75159f97-af2c-48a6-bb8f-f5acb2145c35: shutdown FollowerState
2019-10-28 11:44:40,340 [grpc-default-executor-6] INFO  impl.RoleInfo (RoleInfo.java:updateAndGet(143)) - 75159f97-af2c-48a6-bb8f-f5acb2145c35: start FollowerState
2019-10-28 11:44:40,340 [Thread-1400] INFO  impl.FollowerState (FollowerState.java:run(117)) - 75159f97-af2c-48a6-bb8f-f5acb2145c35@group-08147416B334-FollowerState was interrupted: java.lang.InterruptedException: sleep interrupted
2019-10-28 11:44:40,342 [66cf3979-81da-4155-81a0-3dd54985f91a@group-48B29381066B-LeaderElection38] INFO  server.RaftServerConfigKeys (ConfUtils.java:logGet(43)) - raft.server.log.appender.snapshot.chunk.size.max = 16MB (=16777216) (default)
2019-10-28 11:44:40,342 [grpc-default-executor-2] INFO  impl.RaftServerImpl (RaftServerImpl.java:setRole(184)) - ce71e9bc-e571-4e52-8a73-1c9dce7b9fa7@group-08147416B334: changes role from  FOLLOWER to FOLLOWER at term 5 for recognizeCandidate:24830d12-f44b-43d9-b733-6f9667bbd6c9
2019-10-28 11:44:40,342 [66cf3979-81da-4155-81a0-3dd54985f91a@group-48B29381066B-LeaderElection38] INFO  server.RaftServerConfigKeys (ConfUtils.java:logGet(43)) - raft.server.log.appender.buffer.byte-limit = 33554432 (custom)
2019-10-28 11:44:40,342 [8d6128be-fc83-4963-9e93-d652923f883a@group-435F2F1029F6-LeaderElection40] INFO  impl.RoleInfo (RoleInfo.java:updateAndGet(143)) - 8d6128be-fc83-4963-9e93-d652923f883a: start LeaderState
2019-10-28 11:44:40,343 [66cf3979-81da-4155-81a0-3dd54985f91a@group-48B29381066B-LeaderElection38] INFO  server.RaftServerConfigKeys (ConfUtils.java:logGet(43)) - raft.server.log.appender.buffer.element-limit = 1 (custom)
2019-10-28 11:44:40,342 [grpc-default-executor-2] INFO  impl.RoleInfo (RoleInfo.java:shutdownFollowerState(121)) - ce71e9bc-e571-4e52-8a73-1c9dce7b9fa7: shutdown FollowerState
2019-10-28 11:44:40,343 [66cf3979-81da-4155-81a0-3dd54985f91a@group-48B29381066B-LeaderElection38] INFO  grpc.GrpcConfigKeys$Server (ConfUtils.java:logGet(43)) - raft.grpc.server.leader.outstanding.appends.max = 128 (default)
2019-10-28 11:44:40,343 [8d6128be-fc83-4963-9e93-d652923f883a@group-435F2F1029F6-LeaderElection40] INFO  segmented.SegmentedRaftLogWorker (SegmentedRaftLogWorker.java:startLogSegment(385)) - 8d6128be-fc83-4963-9e93-d652923f883a@group-435F2F1029F6-SegmentedRaftLogWorker: Starting segment from index:0
2019-10-28 11:44:40,343 [grpc-default-executor-2] INFO  impl.RoleInfo (RoleInfo.java:updateAndGet(143)) - ce71e9bc-e571-4e52-8a73-1c9dce7b9fa7: start FollowerState
2019-10-28 11:44:40,343 [Thread-1401] INFO  impl.FollowerState (FollowerState.java:run(117)) - ce71e9bc-e571-4e52-8a73-1c9dce7b9fa7@group-08147416B334-FollowerState was interrupted: java.lang.InterruptedException: sleep interrupted
2019-10-28 11:44:40,343 [66cf3979-81da-4155-81a0-3dd54985f91a@group-48B29381066B-LeaderElection38] INFO  server.RaftServerConfigKeys (ConfUtils.java:logGet(43)) - raft.server.rpc.request.timeout = 3000ms (default)
2019-10-28 11:44:40,343 [8d6128be-fc83-4963-9e93-d652923f883a@group-435F2F1029F6-LeaderElection40] INFO  impl.RaftServerImpl (ServerState.java:setRaftConf(357)) - 8d6128be-fc83-4963-9e93-d652923f883a@group-435F2F1029F6: set configuration 0: [8d6128be-fc83-4963-9e93-d652923f883a:192.168.164.193:39584], old=null at 0
2019-10-28 11:44:40,343 [66cf3979-81da-4155-81a0-3dd54985f91a@group-48B29381066B-LeaderElection38] INFO  server.RaftServerConfigKeys (ConfUtils.java:logGet(43)) - raft.server.log.appender.install.snapshot.enabled = false (custom)
2019-10-28 11:44:40,372 [66cf3979-81da-4155-81a0-3dd54985f91a@group-48B29381066B-LeaderElection38] INFO  server.RaftServerConfigKeys (ConfUtils.java:logGet(43)) - raft.server.log.appender.snapshot.chunk.size.max = 16MB (=16777216) (default)
2019-10-28 11:44:40,372 [66cf3979-81da-4155-81a0-3dd54985f91a@group-48B29381066B-LeaderElection38] INFO  server.RaftServerConfigKeys (ConfUtils.java:logGet(43)) - raft.server.log.appender.buffer.byte-limit = 33554432 (custom)
2019-10-28 11:44:40,372 [66cf3979-81da-4155-81a0-3dd54985f91a@group-48B29381066B-LeaderElection38] INFO  server.RaftServerConfigKeys (ConfUtils.java:logGet(43)) - raft.server.log.appender.buffer.element-limit = 1 (custom)
2019-10-28 11:44:40,372 [66cf3979-81da-4155-81a0-3dd54985f91a@group-48B29381066B-LeaderElection38] INFO  grpc.GrpcConfigKeys$Server (ConfUtils.java:logGet(43)) - raft.grpc.server.leader.outstanding.appends.max = 128 (default)
2019-10-28 11:44:40,373 [66cf3979-81da-4155-81a0-3dd54985f91a@group-48B29381066B-LeaderElection38] INFO  server.RaftServerConfigKeys (ConfUtils.java:logGet(43)) - raft.server.rpc.request.timeout = 3000ms (default)
2019-10-28 11:44:40,374 [66cf3979-81da-4155-81a0-3dd54985f91a@group-48B29381066B-LeaderElection38] INFO  server.RaftServerConfigKeys (ConfUtils.java:logGet(43)) - raft.server.log.appender.install.snapshot.enabled = false (custom)
2019-10-28 11:44:40,381 [66cf3979-81da-4155-81a0-3dd54985f91a@group-48B29381066B-LeaderElection38] INFO  impl.RoleInfo (RoleInfo.java:updateAndGet(143)) - 66cf3979-81da-4155-81a0-3dd54985f91a: start LeaderState
2019-10-28 11:44:40,382 [66cf3979-81da-4155-81a0-3dd54985f91a@group-48B29381066B-LeaderElection38] INFO  segmented.SegmentedRaftLogWorker (SegmentedRaftLogWorker.java:startLogSegment(385)) - 66cf3979-81da-4155-81a0-3dd54985f91a@group-48B29381066B-SegmentedRaftLogWorker: Starting segment from index:0
2019-10-28 11:44:40,382 [66cf3979-81da-4155-81a0-3dd54985f91a@group-48B29381066B-LeaderElection38] INFO  impl.RaftServerImpl (ServerState.java:setRaftConf(357)) - 66cf3979-81da-4155-81a0-3dd54985f91a@group-48B29381066B: set configuration 0: [66cf3979-81da-4155-81a0-3dd54985f91a:192.168.164.193:43079, 84f4174e-6bb9-44ab-a36a-6c5af4251c6f:192.168.164.193:40080, a480340b-d1a5-4cd0-bc20-ae63b012c3c7:192.168.164.193:43902], old=null at 0
2019-10-28 11:44:40,406 [grpc-default-executor-3] INFO  impl.RaftServerImpl (ServerState.java:setLeader(256)) - a480340b-d1a5-4cd0-bc20-ae63b012c3c7@group-48B29381066B: change Leader from null to 66cf3979-81da-4155-81a0-3dd54985f91a at term 1 for appendEntries, leader elected after 213ms
2019-10-28 11:44:40,407 [24830d12-f44b-43d9-b733-6f9667bbd6c9@group-08147416B334-LeaderElection39] INFO  impl.LeaderElection (LeaderElection.java:logAndReturn(56)) - 24830d12-f44b-43d9-b733-6f9667bbd6c9@group-08147416B334-LeaderElection39: Election TIMEOUT; received 1 response(s) [24830d12-f44b-43d9-b733-6f9667bbd6c9<-75159f97-af2c-48a6-bb8f-f5acb2145c35#0:FAIL-t5] and 0 exception(s); 24830d12-f44b-43d9-b733-6f9667bbd6c9@group-08147416B334:t5, leader=null, voted=24830d12-f44b-43d9-b733-6f9667bbd6c9, raftlog=24830d12-f44b-43d9-b733-6f9667bbd6c9@group-08147416B334-SegmentedRaftLog:OPENED:c-1,f-1,i0, conf=-1: [24830d12-f44b-43d9-b733-6f9667bbd6c9:192.168.164.193:40613, 75159f97-af2c-48a6-bb8f-f5acb2145c35:192.168.164.193:42423, ce71e9bc-e571-4e52-8a73-1c9dce7b9fa7:192.168.164.193:36234], old=null
2019-10-28 11:44:40,406 [8d6128be-fc83-4963-9e93-d652923f883a@group-435F2F1029F6-SegmentedRaftLogWorker] INFO  segmented.SegmentedRaftLogWorker (SegmentedRaftLogWorker.java:execute(576)) - 8d6128be-fc83-4963-9e93-d652923f883a@group-435F2F1029F6-SegmentedRaftLogWorker: created new log segment /workdir/hadoop-ozone/integration-test/target/test-dir/MiniOzoneClusterImpl-b31733c6-727c-4256-9138-ff5b19d95bfe/datanode-9/data/ratis/ff28d690-a3e0-4d11-925c-435f2f1029f6/current/log_inprogress_0
2019-10-28 11:44:40,407 [Thread-1424] INFO  impl.FollowerState (FollowerState.java:run(108)) - 84f4174e-6bb9-44ab-a36a-6c5af4251c6f@group-48B29381066B-FollowerState: change to CANDIDATE, lastRpcTime:115ms, electionTimeout:71ms
2019-10-28 11:44:40,409 [Thread-1424] INFO  impl.RoleInfo (RoleInfo.java:shutdownFollowerState(121)) - 84f4174e-6bb9-44ab-a36a-6c5af4251c6f: shutdown FollowerState
2019-10-28 11:44:40,409 [Thread-1424] INFO  impl.RaftServerImpl (RaftServerImpl.java:setRole(184)) - 84f4174e-6bb9-44ab-a36a-6c5af4251c6f@group-48B29381066B: changes role from  FOLLOWER to CANDIDATE at term 1 for changeToCandidate
2019-10-28 11:44:40,409 [Thread-1424] INFO  impl.RoleInfo (RoleInfo.java:updateAndGet(143)) - 84f4174e-6bb9-44ab-a36a-6c5af4251c6f: start LeaderElection
2019-10-28 11:44:40,411 [grpc-default-executor-6] INFO  impl.RaftServerImpl (RaftServerImpl.java:setRole(184)) - 84f4174e-6bb9-44ab-a36a-6c5af4251c6f@group-48B29381066B: changes role from CANDIDATE to FOLLOWER at term 1 for appendEntries
2019-10-28 11:44:40,411 [grpc-default-executor-6] INFO  impl.RoleInfo (RoleInfo.java:shutdownLeaderElection(134)) - 84f4174e-6bb9-44ab-a36a-6c5af4251c6f: shutdown LeaderElection
2019-10-28 11:44:40,411 [grpc-default-executor-6] INFO  impl.RoleInfo (RoleInfo.java:updateAndGet(143)) - 84f4174e-6bb9-44ab-a36a-6c5af4251c6f: start FollowerState
2019-10-28 11:44:40,412 [grpc-default-executor-6] INFO  impl.RaftServerImpl (ServerState.java:setLeader(256)) - 84f4174e-6bb9-44ab-a36a-6c5af4251c6f@group-48B29381066B: change Leader from null to 66cf3979-81da-4155-81a0-3dd54985f91a at term 1 for appendEntries, leader elected after 216ms
2019-10-28 11:44:40,412 [84f4174e-6bb9-44ab-a36a-6c5af4251c6f@group-48B29381066B-LeaderElection41] INFO  impl.RaftServerImpl (ServerState.java:setLeader(256)) - 84f4174e-6bb9-44ab-a36a-6c5af4251c6f@group-48B29381066B: change Leader from 66cf3979-81da-4155-81a0-3dd54985f91a to null at term 1 for initElection
2019-10-28 11:44:40,413 [grpc-default-executor-6] INFO  impl.RaftServerImpl (ServerState.java:setRaftConf(357)) - a480340b-d1a5-4cd0-bc20-ae63b012c3c7@group-48B29381066B: set configuration 0: [66cf3979-81da-4155-81a0-3dd54985f91a:192.168.164.193:43079, 84f4174e-6bb9-44ab-a36a-6c5af4251c6f:192.168.164.193:40080, a480340b-d1a5-4cd0-bc20-ae63b012c3c7:192.168.164.193:43902], old=null at 0
2019-10-28 11:44:40,413 [grpc-default-executor-6] INFO  segmented.SegmentedRaftLogWorker (SegmentedRaftLogWorker.java:startLogSegment(385)) - a480340b-d1a5-4cd0-bc20-ae63b012c3c7@group-48B29381066B-SegmentedRaftLogWorker: Starting segment from index:0
2019-10-28 11:44:40,419 [66cf3979-81da-4155-81a0-3dd54985f91a@group-48B29381066B-SegmentedRaftLogWorker] INFO  segmented.SegmentedRaftLogWorker (SegmentedRaftLogWorker.java:execute(576)) - 66cf3979-81da-4155-81a0-3dd54985f91a@group-48B29381066B-SegmentedRaftLogWorker: created new log segment /workdir/hadoop-ozone/integration-test/target/test-dir/MiniOzoneClusterImpl-b31733c6-727c-4256-9138-ff5b19d95bfe/datanode-8/data/ratis/7f77fb74-efbb-4dfa-8855-48b29381066b/current/log_inprogress_0
2019-10-28 11:44:40,419 [24830d12-f44b-43d9-b733-6f9667bbd6c9@group-08147416B334-LeaderElection39] INFO  impl.LeaderElection (LeaderElection.java:askForVotes(178)) - 24830d12-f44b-43d9-b733-6f9667bbd6c9@group-08147416B334-LeaderElection39: begin an election at term 6 for -1: [24830d12-f44b-43d9-b733-6f9667bbd6c9:192.168.164.193:40613, 75159f97-af2c-48a6-bb8f-f5acb2145c35:192.168.164.193:42423, ce71e9bc-e571-4e52-8a73-1c9dce7b9fa7:192.168.164.193:36234], old=null
2019-10-28 11:44:40,419 [84f4174e-6bb9-44ab-a36a-6c5af4251c6f@group-48B29381066B-LeaderElection41] INFO  impl.LeaderElection (LeaderElection.java:askForVotes(178)) - 84f4174e-6bb9-44ab-a36a-6c5af4251c6f@group-48B29381066B-LeaderElection41: begin an election at term 2 for -1: [66cf3979-81da-4155-81a0-3dd54985f91a:192.168.164.193:43079, 84f4174e-6bb9-44ab-a36a-6c5af4251c6f:192.168.164.193:40080, a480340b-d1a5-4cd0-bc20-ae63b012c3c7:192.168.164.193:43902], old=null
2019-10-28 11:44:40,420 [84f4174e-6bb9-44ab-a36a-6c5af4251c6f@group-48B29381066B-LeaderElection41] INFO  impl.LeaderElection (LeaderElection.java:logAndReturn(56)) - 84f4174e-6bb9-44ab-a36a-6c5af4251c6f@group-48B29381066B-LeaderElection41: Election REJECTED; received 0 response(s) [] and 0 exception(s); 84f4174e-6bb9-44ab-a36a-6c5af4251c6f@group-48B29381066B:t2, leader=null, voted=84f4174e-6bb9-44ab-a36a-6c5af4251c6f, raftlog=84f4174e-6bb9-44ab-a36a-6c5af4251c6f@group-48B29381066B-SegmentedRaftLog:OPENED:c-1,f-1,i0, conf=-1: [66cf3979-81da-4155-81a0-3dd54985f91a:192.168.164.193:43079, 84f4174e-6bb9-44ab-a36a-6c5af4251c6f:192.168.164.193:40080, a480340b-d1a5-4cd0-bc20-ae63b012c3c7:192.168.164.193:43902], old=null
2019-10-28 11:44:40,445 [grpc-default-executor-6] INFO  impl.RaftServerImpl (RaftServerImpl.java:setRole(184)) - 75159f97-af2c-48a6-bb8f-f5acb2145c35@group-08147416B334: changes role from  FOLLOWER to FOLLOWER at term 6 for recognizeCandidate:24830d12-f44b-43d9-b733-6f9667bbd6c9
2019-10-28 11:44:40,445 [grpc-default-executor-6] INFO  impl.RoleInfo (RoleInfo.java:shutdownFollowerState(121)) - 75159f97-af2c-48a6-bb8f-f5acb2145c35: shutdown FollowerState
2019-10-28 11:44:40,445 [Thread-1432] INFO  impl.RaftServerImpl (ServerState.java:setLeader(256)) - 66cf3979-81da-4155-81a0-3dd54985f91a@group-48B29381066B: change Leader from 66cf3979-81da-4155-81a0-3dd54985f91a to null at term 2 for updateCurrentTerm
2019-10-28 11:44:40,446 [grpc-default-executor-6] INFO  impl.RoleInfo (RoleInfo.java:updateAndGet(143)) - 75159f97-af2c-48a6-bb8f-f5acb2145c35: start FollowerState
2019-10-28 11:44:40,446 [Thread-1432] INFO  impl.RaftServerImpl (RaftServerImpl.java:setRole(184)) - 66cf3979-81da-4155-81a0-3dd54985f91a@group-48B29381066B: changes role from    LEADER to FOLLOWER at term 2 for stepDown
2019-10-28 11:44:40,446 [Thread-1433] INFO  impl.FollowerState (FollowerState.java:run(117)) - 75159f97-af2c-48a6-bb8f-f5acb2145c35@group-08147416B334-FollowerState was interrupted: java.lang.InterruptedException: sleep interrupted
2019-10-28 11:44:40,447 [grpc-default-executor-3] INFO  impl.RaftServerImpl (RaftServerImpl.java:setRole(184)) - ce71e9bc-e571-4e52-8a73-1c9dce7b9fa7@group-08147416B334: changes role from  FOLLOWER to FOLLOWER at term 6 for recognizeCandidate:24830d12-f44b-43d9-b733-6f9667bbd6c9
2019-10-28 11:44:40,447 [Thread-1432] INFO  impl.RoleInfo (RoleInfo.java:shutdownLeaderState(104)) - 66cf3979-81da-4155-81a0-3dd54985f91a: shutdown LeaderState
2019-10-28 11:44:40,448 [grpc-default-executor-3] INFO  impl.RoleInfo (RoleInfo.java:shutdownFollowerState(121)) - ce71e9bc-e571-4e52-8a73-1c9dce7b9fa7: shutdown FollowerState
2019-10-28 11:44:40,451 [org.apache.ratis.server.impl.LogAppender$AppenderDaemon$$Lambda$418/908975430@36d8fe92] WARN  server.GrpcLogAppender (GrpcLogAppender.java:mayWait(149)) - 66cf3979-81da-4155-81a0-3dd54985f91a@group-48B29381066B->a480340b-d1a5-4cd0-bc20-ae63b012c3c7-GrpcLogAppender: Wait interrupted by java.lang.InterruptedException
2019-10-28 11:44:40,451 [Thread-1435] INFO  impl.FollowerState (FollowerState.java:run(117)) - ce71e9bc-e571-4e52-8a73-1c9dce7b9fa7@group-08147416B334-FollowerState was interrupted: java.lang.InterruptedException: sleep interrupted
2019-10-28 11:44:40,451 [grpc-default-executor-3] INFO  impl.RoleInfo (RoleInfo.java:updateAndGet(143)) - ce71e9bc-e571-4e52-8a73-1c9dce7b9fa7: start FollowerState
2019-10-28 11:44:40,451 [Thread-1432] INFO  impl.PendingRequests (PendingRequests.java:sendNotLeaderResponses(202)) - 66cf3979-81da-4155-81a0-3dd54985f91a@group-48B29381066B-PendingRequests: sendNotLeaderResponses
2019-10-28 11:44:40,453 [grpc-default-executor-2] INFO  impl.RaftServerImpl (ServerState.java:setLeader(256)) - a480340b-d1a5-4cd0-bc20-ae63b012c3c7@group-48B29381066B: change Leader from 66cf3979-81da-4155-81a0-3dd54985f91a to null at term 2 for updateCurrentTerm
2019-10-28 11:44:40,451 [org.apache.ratis.server.impl.LogAppender$AppenderDaemon$$Lambda$418/908975430@7951b0d] WARN  server.GrpcLogAppender (GrpcLogAppender.java:mayWait(149)) - 66cf3979-81da-4155-81a0-3dd54985f91a@group-48B29381066B->84f4174e-6bb9-44ab-a36a-6c5af4251c6f-GrpcLogAppender: Wait interrupted by java.lang.InterruptedException
2019-10-28 11:44:40,453 [grpc-default-executor-2] INFO  impl.RaftServerImpl (RaftServerImpl.java:setRole(184)) - a480340b-d1a5-4cd0-bc20-ae63b012c3c7@group-48B29381066B: changes role from  FOLLOWER to FOLLOWER at term 2 for recognizeCandidate:84f4174e-6bb9-44ab-a36a-6c5af4251c6f
2019-10-28 11:44:40,453 [Thread-1432] INFO  impl.RoleInfo (RoleInfo.java:updateAndGet(143)) - 66cf3979-81da-4155-81a0-3dd54985f91a: start FollowerState
2019-10-28 11:44:40,453 [grpc-default-executor-4] INFO  server.GrpcServerProtocolService (GrpcServerProtocolService.java:onCompleted(113)) - a480340b-d1a5-4cd0-bc20-ae63b012c3c7: Completed APPEND_ENTRIES, lastRequest: 66cf3979-81da-4155-81a0-3dd54985f91a->a480340b-d1a5-4cd0-bc20-ae63b012c3c7#1-t1, previous=(t:0, i:0), leaderCommit=-1, initializing? false, entries: size=1, first=(t:1, i:0), CONFIGURATIONENTRY
2019-10-28 11:44:40,453 [grpc-default-executor-2] INFO  impl.RoleInfo (RoleInfo.java:shutdownFollowerState(121)) - a480340b-d1a5-4cd0-bc20-ae63b012c3c7: shutdown FollowerState
2019-10-28 11:44:40,453 [grpc-default-executor-2] INFO  impl.RoleInfo (RoleInfo.java:updateAndGet(143)) - a480340b-d1a5-4cd0-bc20-ae63b012c3c7: start FollowerState
2019-10-28 11:44:40,453 [Thread-1426] INFO  impl.FollowerState (FollowerState.java:run(117)) - a480340b-d1a5-4cd0-bc20-ae63b012c3c7@group-48B29381066B-FollowerState was interrupted: java.lang.InterruptedException: sleep interrupted
2019-10-28 11:44:40,453 [grpc-default-executor-7] INFO  server.GrpcServerProtocolService (GrpcServerProtocolService.java:onCompleted(113)) - 84f4174e-6bb9-44ab-a36a-6c5af4251c6f: Completed APPEND_ENTRIES, lastRequest: 66cf3979-81da-4155-81a0-3dd54985f91a->84f4174e-6bb9-44ab-a36a-6c5af4251c6f#1-t1, previous=(t:0, i:0), leaderCommit=0, initializing? false, entries: size=1, first=(t:1, i:0), CONFIGURATIONENTRY
2019-10-28 11:44:40,453 [grpc-default-executor-4] INFO  server.GrpcLogAppender (GrpcLogAppender.java:onCompleted(308)) - 66cf3979-81da-4155-81a0-3dd54985f91a@group-48B29381066B->a480340b-d1a5-4cd0-bc20-ae63b012c3c7-AppendLogResponseHandler: follower responses appendEntries COMPLETED
2019-10-28 11:44:40,457 [grpc-default-executor-8] INFO  server.GrpcLogAppender (GrpcLogAppender.java:onCompleted(308)) - 66cf3979-81da-4155-81a0-3dd54985f91a@group-48B29381066B->84f4174e-6bb9-44ab-a36a-6c5af4251c6f-AppendLogResponseHandler: follower responses appendEntries COMPLETED
2019-10-28 11:44:40,457 [grpc-default-executor-4] INFO  impl.FollowerInfo (FollowerInfo.java:lambda$new$0(51)) - 66cf3979-81da-4155-81a0-3dd54985f91a@group-48B29381066B->a480340b-d1a5-4cd0-bc20-ae63b012c3c7: nextIndex: updateUnconditionally 1 -> 0
2019-10-28 11:44:40,458 [a480340b-d1a5-4cd0-bc20-ae63b012c3c7@group-48B29381066B-SegmentedRaftLogWorker] INFO  segmented.SegmentedRaftLogWorker (SegmentedRaftLogWorker.java:execute(576)) - a480340b-d1a5-4cd0-bc20-ae63b012c3c7@group-48B29381066B-SegmentedRaftLogWorker: created new log segment /workdir/hadoop-ozone/integration-test/target/test-dir/MiniOzoneClusterImpl-b31733c6-727c-4256-9138-ff5b19d95bfe/datanode-6/data/ratis/7f77fb74-efbb-4dfa-8855-48b29381066b/current/log_inprogress_0
2019-10-28 11:44:40,460 [grpc-default-executor-0] INFO  impl.RaftServerImpl (RaftServerImpl.java:setRole(184)) - 66cf3979-81da-4155-81a0-3dd54985f91a@group-48B29381066B: changes role from  FOLLOWER to FOLLOWER at term 2 for recognizeCandidate:84f4174e-6bb9-44ab-a36a-6c5af4251c6f
2019-10-28 11:44:40,460 [grpc-default-executor-0] INFO  impl.RoleInfo (RoleInfo.java:shutdownFollowerState(121)) - 66cf3979-81da-4155-81a0-3dd54985f91a: shutdown FollowerState
2019-10-28 11:44:40,460 [grpc-default-executor-0] INFO  impl.RoleInfo (RoleInfo.java:updateAndGet(143)) - 66cf3979-81da-4155-81a0-3dd54985f91a: start FollowerState
2019-10-28 11:44:40,460 [Thread-1451] INFO  impl.FollowerState (FollowerState.java:run(117)) - 66cf3979-81da-4155-81a0-3dd54985f91a@group-48B29381066B-FollowerState was interrupted: java.lang.InterruptedException: sleep interrupted
2019-10-28 11:44:40,460 [grpc-default-executor-8] INFO  impl.FollowerInfo (FollowerInfo.java:lambda$new$0(51)) - 66cf3979-81da-4155-81a0-3dd54985f91a@group-48B29381066B->84f4174e-6bb9-44ab-a36a-6c5af4251c6f: nextIndex: updateUnconditionally 1 -> 0
2019-10-28 11:44:40,462 [24830d12-f44b-43d9-b733-6f9667bbd6c9@group-08147416B334-LeaderElection39] INFO  impl.LeaderElection (LeaderElection.java:logAndReturn(56)) - 24830d12-f44b-43d9-b733-6f9667bbd6c9@group-08147416B334-LeaderElection39: Election REJECTED; received 2 response(s) [24830d12-f44b-43d9-b733-6f9667bbd6c9<-75159f97-af2c-48a6-bb8f-f5acb2145c35#0:FAIL-t6, 24830d12-f44b-43d9-b733-6f9667bbd6c9<-ce71e9bc-e571-4e52-8a73-1c9dce7b9fa7#0:FAIL-t6] and 0 exception(s); 24830d12-f44b-43d9-b733-6f9667bbd6c9@group-08147416B334:t6, leader=null, voted=24830d12-f44b-43d9-b733-6f9667bbd6c9, raftlog=24830d12-f44b-43d9-b733-6f9667bbd6c9@group-08147416B334-SegmentedRaftLog:OPENED:c-1,f-1,i0, conf=-1: [24830d12-f44b-43d9-b733-6f9667bbd6c9:192.168.164.193:40613, 75159f97-af2c-48a6-bb8f-f5acb2145c35:192.168.164.193:42423, ce71e9bc-e571-4e52-8a73-1c9dce7b9fa7:192.168.164.193:36234], old=null
2019-10-28 11:44:40,462 [24830d12-f44b-43d9-b733-6f9667bbd6c9@group-08147416B334-LeaderElection39] INFO  impl.RaftServerImpl (RaftServerImpl.java:setRole(184)) - 24830d12-f44b-43d9-b733-6f9667bbd6c9@group-08147416B334: changes role from CANDIDATE to FOLLOWER at term 6 for DISCOVERED_A_NEW_TERM
2019-10-28 11:44:40,463 [24830d12-f44b-43d9-b733-6f9667bbd6c9@group-08147416B334-LeaderElection39] INFO  impl.RoleInfo (RoleInfo.java:shutdownLeaderElection(134)) - 24830d12-f44b-43d9-b733-6f9667bbd6c9: shutdown LeaderElection
2019-10-28 11:44:40,465 [24830d12-f44b-43d9-b733-6f9667bbd6c9@group-08147416B334-LeaderElection39] INFO  impl.RoleInfo (RoleInfo.java:updateAndGet(143)) - 24830d12-f44b-43d9-b733-6f9667bbd6c9: start FollowerState
2019-10-28 11:44:40,545 [Thread-1455] INFO  impl.FollowerState (FollowerState.java:run(108)) - 24830d12-f44b-43d9-b733-6f9667bbd6c9@group-08147416B334-FollowerState: change to CANDIDATE, lastRpcTime:80ms, electionTimeout:80ms
2019-10-28 11:44:40,549 [Thread-1455] INFO  impl.RoleInfo (RoleInfo.java:shutdownFollowerState(121)) - 24830d12-f44b-43d9-b733-6f9667bbd6c9: shutdown FollowerState
2019-10-28 11:44:40,549 [Thread-1455] INFO  impl.RaftServerImpl (RaftServerImpl.java:setRole(184)) - 24830d12-f44b-43d9-b733-6f9667bbd6c9@group-08147416B334: changes role from  FOLLOWER to CANDIDATE at term 6 for changeToCandidate
2019-10-28 11:44:40,549 [Thread-1455] INFO  impl.RoleInfo (RoleInfo.java:updateAndGet(143)) - 24830d12-f44b-43d9-b733-6f9667bbd6c9: start LeaderElection
2019-10-28 11:44:40,565 [24830d12-f44b-43d9-b733-6f9667bbd6c9@group-08147416B334-LeaderElection42] INFO  impl.LeaderElection (LeaderElection.java:askForVotes(178)) - 24830d12-f44b-43d9-b733-6f9667bbd6c9@group-08147416B334-LeaderElection42: begin an election at term 7 for -1: [24830d12-f44b-43d9-b733-6f9667bbd6c9:192.168.164.193:40613, 75159f97-af2c-48a6-bb8f-f5acb2145c35:192.168.164.193:42423, ce71e9bc-e571-4e52-8a73-1c9dce7b9fa7:192.168.164.193:36234], old=null
2019-10-28 11:44:40,567 [grpc-default-executor-0] INFO  impl.RaftServerImpl (RaftServerImpl.java:setRole(184)) - ce71e9bc-e571-4e52-8a73-1c9dce7b9fa7@group-08147416B334: changes role from  FOLLOWER to FOLLOWER at term 7 for recognizeCandidate:24830d12-f44b-43d9-b733-6f9667bbd6c9
2019-10-28 11:44:40,567 [grpc-default-executor-8] INFO  impl.RaftServerImpl (RaftServerImpl.java:setRole(184)) - 75159f97-af2c-48a6-bb8f-f5acb2145c35@group-08147416B334: changes role from  FOLLOWER to FOLLOWER at term 7 for recognizeCandidate:24830d12-f44b-43d9-b733-6f9667bbd6c9
2019-10-28 11:44:40,567 [grpc-default-executor-0] INFO  impl.RoleInfo (RoleInfo.java:shutdownFollowerState(121)) - ce71e9bc-e571-4e52-8a73-1c9dce7b9fa7: shutdown FollowerState
2019-10-28 11:44:40,567 [grpc-default-executor-8] INFO  impl.RoleInfo (RoleInfo.java:shutdownFollowerState(121)) - 75159f97-af2c-48a6-bb8f-f5acb2145c35: shutdown FollowerState
2019-10-28 11:44:40,567 [Thread-1450] INFO  impl.FollowerState (FollowerState.java:run(117)) - ce71e9bc-e571-4e52-8a73-1c9dce7b9fa7@group-08147416B334-FollowerState was interrupted: java.lang.InterruptedException: sleep interrupted
2019-10-28 11:44:40,567 [grpc-default-executor-0] INFO  impl.RoleInfo (RoleInfo.java:updateAndGet(143)) - ce71e9bc-e571-4e52-8a73-1c9dce7b9fa7: start FollowerState
2019-10-28 11:44:40,567 [Thread-1449] INFO  impl.FollowerState (FollowerState.java:run(117)) - 75159f97-af2c-48a6-bb8f-f5acb2145c35@group-08147416B334-FollowerState was interrupted: java.lang.InterruptedException: sleep interrupted
2019-10-28 11:44:40,567 [grpc-default-executor-8] INFO  impl.RoleInfo (RoleInfo.java:updateAndGet(143)) - 75159f97-af2c-48a6-bb8f-f5acb2145c35: start FollowerState
2019-10-28 11:44:40,599 [24830d12-f44b-43d9-b733-6f9667bbd6c9@group-08147416B334-LeaderElection42] INFO  impl.LeaderElection (LeaderElection.java:logAndReturn(56)) - 24830d12-f44b-43d9-b733-6f9667bbd6c9@group-08147416B334-LeaderElection42: Election REJECTED; received 2 response(s) [24830d12-f44b-43d9-b733-6f9667bbd6c9<-75159f97-af2c-48a6-bb8f-f5acb2145c35#0:FAIL-t7, 24830d12-f44b-43d9-b733-6f9667bbd6c9<-ce71e9bc-e571-4e52-8a73-1c9dce7b9fa7#0:FAIL-t7] and 0 exception(s); 24830d12-f44b-43d9-b733-6f9667bbd6c9@group-08147416B334:t7, leader=null, voted=24830d12-f44b-43d9-b733-6f9667bbd6c9, raftlog=24830d12-f44b-43d9-b733-6f9667bbd6c9@group-08147416B334-SegmentedRaftLog:OPENED:c-1,f-1,i0, conf=-1: [24830d12-f44b-43d9-b733-6f9667bbd6c9:192.168.164.193:40613, 75159f97-af2c-48a6-bb8f-f5acb2145c35:192.168.164.193:42423, ce71e9bc-e571-4e52-8a73-1c9dce7b9fa7:192.168.164.193:36234], old=null
2019-10-28 11:44:40,599 [24830d12-f44b-43d9-b733-6f9667bbd6c9@group-08147416B334-LeaderElection42] INFO  impl.RaftServerImpl (RaftServerImpl.java:setRole(184)) - 24830d12-f44b-43d9-b733-6f9667bbd6c9@group-08147416B334: changes role from CANDIDATE to FOLLOWER at term 7 for DISCOVERED_A_NEW_TERM
2019-10-28 11:44:40,599 [24830d12-f44b-43d9-b733-6f9667bbd6c9@group-08147416B334-LeaderElection42] INFO  impl.RoleInfo (RoleInfo.java:shutdownLeaderElection(134)) - 24830d12-f44b-43d9-b733-6f9667bbd6c9: shutdown LeaderElection
2019-10-28 11:44:40,599 [24830d12-f44b-43d9-b733-6f9667bbd6c9@group-08147416B334-LeaderElection42] INFO  impl.RoleInfo (RoleInfo.java:updateAndGet(143)) - 24830d12-f44b-43d9-b733-6f9667bbd6c9: start FollowerState
2019-10-28 11:44:40,603 [Thread-1461] INFO  impl.FollowerState (FollowerState.java:run(108)) - 24830d12-f44b-43d9-b733-6f9667bbd6c9@group-08147416B334-FollowerState: change to CANDIDATE, lastRpcTime:3ms, electionTimeout:3ms
2019-10-28 11:44:40,605 [Thread-1461] INFO  impl.RoleInfo (RoleInfo.java:shutdownFollowerState(121)) - 24830d12-f44b-43d9-b733-6f9667bbd6c9: shutdown FollowerState
2019-10-28 11:44:40,606 [Thread-1461] INFO  impl.RaftServerImpl (RaftServerImpl.java:setRole(184)) - 24830d12-f44b-43d9-b733-6f9667bbd6c9@group-08147416B334: changes role from  FOLLOWER to CANDIDATE at term 7 for changeToCandidate
2019-10-28 11:44:40,606 [Thread-1461] INFO  impl.RoleInfo (RoleInfo.java:updateAndGet(143)) - 24830d12-f44b-43d9-b733-6f9667bbd6c9: start LeaderElection
2019-10-28 11:44:40,632 [24830d12-f44b-43d9-b733-6f9667bbd6c9@group-08147416B334-LeaderElection43] INFO  impl.LeaderElection (LeaderElection.java:askForVotes(178)) - 24830d12-f44b-43d9-b733-6f9667bbd6c9@group-08147416B334-LeaderElection43: begin an election at term 8 for -1: [24830d12-f44b-43d9-b733-6f9667bbd6c9:192.168.164.193:40613, 75159f97-af2c-48a6-bb8f-f5acb2145c35:192.168.164.193:42423, ce71e9bc-e571-4e52-8a73-1c9dce7b9fa7:192.168.164.193:36234], old=null
2019-10-28 11:44:40,634 [grpc-default-executor-0] INFO  impl.RaftServerImpl (RaftServerImpl.java:setRole(184)) - ce71e9bc-e571-4e52-8a73-1c9dce7b9fa7@group-08147416B334: changes role from  FOLLOWER to FOLLOWER at term 8 for recognizeCandidate:24830d12-f44b-43d9-b733-6f9667bbd6c9
2019-10-28 11:44:40,634 [grpc-default-executor-8] INFO  impl.RaftServerImpl (RaftServerImpl.java:setRole(184)) - 75159f97-af2c-48a6-bb8f-f5acb2145c35@group-08147416B334: changes role from  FOLLOWER to FOLLOWER at term 8 for recognizeCandidate:24830d12-f44b-43d9-b733-6f9667bbd6c9
2019-10-28 11:44:40,634 [grpc-default-executor-0] INFO  impl.RoleInfo (RoleInfo.java:shutdownFollowerState(121)) - ce71e9bc-e571-4e52-8a73-1c9dce7b9fa7: shutdown FollowerState
2019-10-28 11:44:40,634 [grpc-default-executor-8] INFO  impl.RoleInfo (RoleInfo.java:shutdownFollowerState(121)) - 75159f97-af2c-48a6-bb8f-f5acb2145c35: shutdown FollowerState
2019-10-28 11:44:40,634 [grpc-default-executor-0] INFO  impl.RoleInfo (RoleInfo.java:updateAndGet(143)) - ce71e9bc-e571-4e52-8a73-1c9dce7b9fa7: start FollowerState
2019-10-28 11:44:40,634 [Thread-1459] INFO  impl.FollowerState (FollowerState.java:run(117)) - ce71e9bc-e571-4e52-8a73-1c9dce7b9fa7@group-08147416B334-FollowerState was interrupted: java.lang.InterruptedException: sleep interrupted
2019-10-28 11:44:40,634 [Thread-1460] INFO  impl.FollowerState (FollowerState.java:run(117)) - 75159f97-af2c-48a6-bb8f-f5acb2145c35@group-08147416B334-FollowerState was interrupted: java.lang.InterruptedException: sleep interrupted
2019-10-28 11:44:40,634 [grpc-default-executor-8] INFO  impl.RoleInfo (RoleInfo.java:updateAndGet(143)) - 75159f97-af2c-48a6-bb8f-f5acb2145c35: start FollowerState
2019-10-28 11:44:40,660 [24830d12-f44b-43d9-b733-6f9667bbd6c9@group-08147416B334-LeaderElection43] INFO  impl.LeaderElection (LeaderElection.java:logAndReturn(56)) - 24830d12-f44b-43d9-b733-6f9667bbd6c9@group-08147416B334-LeaderElection43: Election REJECTED; received 2 response(s) [24830d12-f44b-43d9-b733-6f9667bbd6c9<-75159f97-af2c-48a6-bb8f-f5acb2145c35#0:FAIL-t8, 24830d12-f44b-43d9-b733-6f9667bbd6c9<-ce71e9bc-e571-4e52-8a73-1c9dce7b9fa7#0:FAIL-t8] and 0 exception(s); 24830d12-f44b-43d9-b733-6f9667bbd6c9@group-08147416B334:t8, leader=null, voted=24830d12-f44b-43d9-b733-6f9667bbd6c9, raftlog=24830d12-f44b-43d9-b733-6f9667bbd6c9@group-08147416B334-SegmentedRaftLog:OPENED:c-1,f-1,i0, conf=-1: [24830d12-f44b-43d9-b733-6f9667bbd6c9:192.168.164.193:40613, 75159f97-af2c-48a6-bb8f-f5acb2145c35:192.168.164.193:42423, ce71e9bc-e571-4e52-8a73-1c9dce7b9fa7:192.168.164.193:36234], old=null
2019-10-28 11:44:40,661 [24830d12-f44b-43d9-b733-6f9667bbd6c9@group-08147416B334-LeaderElection43] INFO  impl.RaftServerImpl (RaftServerImpl.java:setRole(184)) - 24830d12-f44b-43d9-b733-6f9667bbd6c9@group-08147416B334: changes role from CANDIDATE to FOLLOWER at term 8 for DISCOVERED_A_NEW_TERM
2019-10-28 11:44:40,661 [24830d12-f44b-43d9-b733-6f9667bbd6c9@group-08147416B334-LeaderElection43] INFO  impl.RoleInfo (RoleInfo.java:shutdownLeaderElection(134)) - 24830d12-f44b-43d9-b733-6f9667bbd6c9: shutdown LeaderElection
2019-10-28 11:44:40,661 [24830d12-f44b-43d9-b733-6f9667bbd6c9@group-08147416B334-LeaderElection43] INFO  impl.RoleInfo (RoleInfo.java:updateAndGet(143)) - 24830d12-f44b-43d9-b733-6f9667bbd6c9: start FollowerState
2019-10-28 11:44:40,696 [Thread-1467] INFO  impl.FollowerState (FollowerState.java:run(108)) - 24830d12-f44b-43d9-b733-6f9667bbd6c9@group-08147416B334-FollowerState: change to CANDIDATE, lastRpcTime:35ms, electionTimeout:35ms
2019-10-28 11:44:40,700 [Thread-1467] INFO  impl.RoleInfo (RoleInfo.java:shutdownFollowerState(121)) - 24830d12-f44b-43d9-b733-6f9667bbd6c9: shutdown FollowerState
2019-10-28 11:44:40,700 [Thread-1467] INFO  impl.RaftServerImpl (RaftServerImpl.java:setRole(184)) - 24830d12-f44b-43d9-b733-6f9667bbd6c9@group-08147416B334: changes role from  FOLLOWER to CANDIDATE at term 8 for changeToCandidate
2019-10-28 11:44:40,700 [Thread-1467] INFO  impl.RoleInfo (RoleInfo.java:updateAndGet(143)) - 24830d12-f44b-43d9-b733-6f9667bbd6c9: start LeaderElection
2019-10-28 11:44:40,724 [24830d12-f44b-43d9-b733-6f9667bbd6c9@group-08147416B334-LeaderElection44] INFO  impl.LeaderElection (LeaderElection.java:askForVotes(178)) - 24830d12-f44b-43d9-b733-6f9667bbd6c9@group-08147416B334-LeaderElection44: begin an election at term 9 for -1: [24830d12-f44b-43d9-b733-6f9667bbd6c9:192.168.164.193:40613, 75159f97-af2c-48a6-bb8f-f5acb2145c35:192.168.164.193:42423, ce71e9bc-e571-4e52-8a73-1c9dce7b9fa7:192.168.164.193:36234], old=null
2019-10-28 11:44:40,726 [grpc-default-executor-8] INFO  impl.RaftServerImpl (RaftServerImpl.java:setRole(184)) - ce71e9bc-e571-4e52-8a73-1c9dce7b9fa7@group-08147416B334: changes role from  FOLLOWER to FOLLOWER at term 9 for recognizeCandidate:24830d12-f44b-43d9-b733-6f9667bbd6c9
2019-10-28 11:44:40,726 [grpc-default-executor-0] INFO  impl.RaftServerImpl (RaftServerImpl.java:setRole(184)) - 75159f97-af2c-48a6-bb8f-f5acb2145c35@group-08147416B334: changes role from  FOLLOWER to FOLLOWER at term 9 for recognizeCandidate:24830d12-f44b-43d9-b733-6f9667bbd6c9
2019-10-28 11:44:40,726 [grpc-default-executor-8] INFO  impl.RoleInfo (RoleInfo.java:shutdownFollowerState(121)) - ce71e9bc-e571-4e52-8a73-1c9dce7b9fa7: shutdown FollowerState
2019-10-28 11:44:40,726 [grpc-default-executor-0] INFO  impl.RoleInfo (RoleInfo.java:shutdownFollowerState(121)) - 75159f97-af2c-48a6-bb8f-f5acb2145c35: shutdown FollowerState
2019-10-28 11:44:40,726 [Thread-1465] INFO  impl.FollowerState (FollowerState.java:run(117)) - ce71e9bc-e571-4e52-8a73-1c9dce7b9fa7@group-08147416B334-FollowerState was interrupted: java.lang.InterruptedException: sleep interrupted
2019-10-28 11:44:40,727 [grpc-default-executor-0] INFO  impl.RoleInfo (RoleInfo.java:updateAndGet(143)) - 75159f97-af2c-48a6-bb8f-f5acb2145c35: start FollowerState
2019-10-28 11:44:40,726 [grpc-default-executor-8] INFO  impl.RoleInfo (RoleInfo.java:updateAndGet(143)) - ce71e9bc-e571-4e52-8a73-1c9dce7b9fa7: start FollowerState
2019-10-28 11:44:40,727 [Thread-1466] INFO  impl.FollowerState (FollowerState.java:run(117)) - 75159f97-af2c-48a6-bb8f-f5acb2145c35@group-08147416B334-FollowerState was interrupted: java.lang.InterruptedException: sleep interrupted
2019-10-28 11:44:40,741 [24830d12-f44b-43d9-b733-6f9667bbd6c9@group-08147416B334-LeaderElection44] INFO  impl.LeaderElection (LeaderElection.java:logAndReturn(56)) - 24830d12-f44b-43d9-b733-6f9667bbd6c9@group-08147416B334-LeaderElection44: Election REJECTED; received 2 response(s) [24830d12-f44b-43d9-b733-6f9667bbd6c9<-75159f97-af2c-48a6-bb8f-f5acb2145c35#0:FAIL-t9, 24830d12-f44b-43d9-b733-6f9667bbd6c9<-ce71e9bc-e571-4e52-8a73-1c9dce7b9fa7#0:FAIL-t9] and 0 exception(s); 24830d12-f44b-43d9-b733-6f9667bbd6c9@group-08147416B334:t9, leader=null, voted=24830d12-f44b-43d9-b733-6f9667bbd6c9, raftlog=24830d12-f44b-43d9-b733-6f9667bbd6c9@group-08147416B334-SegmentedRaftLog:OPENED:c-1,f-1,i0, conf=-1: [24830d12-f44b-43d9-b733-6f9667bbd6c9:192.168.164.193:40613, 75159f97-af2c-48a6-bb8f-f5acb2145c35:192.168.164.193:42423, ce71e9bc-e571-4e52-8a73-1c9dce7b9fa7:192.168.164.193:36234], old=null
2019-10-28 11:44:40,741 [24830d12-f44b-43d9-b733-6f9667bbd6c9@group-08147416B334-LeaderElection44] INFO  impl.RaftServerImpl (RaftServerImpl.java:setRole(184)) - 24830d12-f44b-43d9-b733-6f9667bbd6c9@group-08147416B334: changes role from CANDIDATE to FOLLOWER at term 9 for DISCOVERED_A_NEW_TERM
2019-10-28 11:44:40,741 [24830d12-f44b-43d9-b733-6f9667bbd6c9@group-08147416B334-LeaderElection44] INFO  impl.RoleInfo (RoleInfo.java:shutdownLeaderElection(134)) - 24830d12-f44b-43d9-b733-6f9667bbd6c9: shutdown LeaderElection
2019-10-28 11:44:40,741 [24830d12-f44b-43d9-b733-6f9667bbd6c9@group-08147416B334-LeaderElection44] INFO  impl.RoleInfo (RoleInfo.java:updateAndGet(143)) - 24830d12-f44b-43d9-b733-6f9667bbd6c9: start FollowerState
2019-10-28 11:44:40,815 [Thread-1473] INFO  impl.FollowerState (FollowerState.java:run(108)) - 24830d12-f44b-43d9-b733-6f9667bbd6c9@group-08147416B334-FollowerState: change to CANDIDATE, lastRpcTime:73ms, electionTimeout:73ms
2019-10-28 11:44:40,818 [Thread-1473] INFO  impl.RoleInfo (RoleInfo.java:shutdownFollowerState(121)) - 24830d12-f44b-43d9-b733-6f9667bbd6c9: shutdown FollowerState
2019-10-28 11:44:40,818 [Thread-1473] INFO  impl.RaftServerImpl (RaftServerImpl.java:setRole(184)) - 24830d12-f44b-43d9-b733-6f9667bbd6c9@group-08147416B334: changes role from  FOLLOWER to CANDIDATE at term 9 for changeToCandidate
2019-10-28 11:44:40,818 [Thread-1473] INFO  impl.RoleInfo (RoleInfo.java:updateAndGet(143)) - 24830d12-f44b-43d9-b733-6f9667bbd6c9: start LeaderElection
2019-10-28 11:44:40,844 [24830d12-f44b-43d9-b733-6f9667bbd6c9@group-08147416B334-LeaderElection45] INFO  impl.LeaderElection (LeaderElection.java:askForVotes(178)) - 24830d12-f44b-43d9-b733-6f9667bbd6c9@group-08147416B334-LeaderElection45: begin an election at term 10 for -1: [24830d12-f44b-43d9-b733-6f9667bbd6c9:192.168.164.193:40613, 75159f97-af2c-48a6-bb8f-f5acb2145c35:192.168.164.193:42423, ce71e9bc-e571-4e52-8a73-1c9dce7b9fa7:192.168.164.193:36234], old=null
2019-10-28 11:44:40,846 [grpc-default-executor-0] INFO  impl.RaftServerImpl (RaftServerImpl.java:setRole(184)) - ce71e9bc-e571-4e52-8a73-1c9dce7b9fa7@group-08147416B334: changes role from  FOLLOWER to FOLLOWER at term 10 for recognizeCandidate:24830d12-f44b-43d9-b733-6f9667bbd6c9
2019-10-28 11:44:40,846 [grpc-default-executor-8] INFO  impl.RaftServerImpl (RaftServerImpl.java:setRole(184)) - 75159f97-af2c-48a6-bb8f-f5acb2145c35@group-08147416B334: changes role from  FOLLOWER to FOLLOWER at term 10 for recognizeCandidate:24830d12-f44b-43d9-b733-6f9667bbd6c9
2019-10-28 11:44:40,846 [grpc-default-executor-0] INFO  impl.RoleInfo (RoleInfo.java:shutdownFollowerState(121)) - ce71e9bc-e571-4e52-8a73-1c9dce7b9fa7: shutdown FollowerState
2019-10-28 11:44:40,847 [grpc-default-executor-8] INFO  impl.RoleInfo (RoleInfo.java:shutdownFollowerState(121)) - 75159f97-af2c-48a6-bb8f-f5acb2145c35: shutdown FollowerState
2019-10-28 11:44:40,847 [Thread-1471] INFO  impl.FollowerState (FollowerState.java:run(117)) - ce71e9bc-e571-4e52-8a73-1c9dce7b9fa7@group-08147416B334-FollowerState was interrupted: java.lang.InterruptedException: sleep interrupted
2019-10-28 11:44:40,847 [grpc-default-executor-0] INFO  impl.RoleInfo (RoleInfo.java:updateAndGet(143)) - ce71e9bc-e571-4e52-8a73-1c9dce7b9fa7: start FollowerState
2019-10-28 11:44:40,847 [Thread-1472] INFO  impl.FollowerState (FollowerState.java:run(117)) - 75159f97-af2c-48a6-bb8f-f5acb2145c35@group-08147416B334-FollowerState was interrupted: java.lang.InterruptedException: sleep interrupted
2019-10-28 11:44:40,847 [grpc-default-executor-8] INFO  impl.RoleInfo (RoleInfo.java:updateAndGet(143)) - 75159f97-af2c-48a6-bb8f-f5acb2145c35: start FollowerState
2019-10-28 11:44:40,861 [24830d12-f44b-43d9-b733-6f9667bbd6c9@group-08147416B334-LeaderElection45] INFO  impl.LeaderElection (LeaderElection.java:logAndReturn(56)) - 24830d12-f44b-43d9-b733-6f9667bbd6c9@group-08147416B334-LeaderElection45: Election REJECTED; received 2 response(s) [24830d12-f44b-43d9-b733-6f9667bbd6c9<-75159f97-af2c-48a6-bb8f-f5acb2145c35#0:FAIL-t10, 24830d12-f44b-43d9-b733-6f9667bbd6c9<-ce71e9bc-e571-4e52-8a73-1c9dce7b9fa7#0:FAIL-t10] and 0 exception(s); 24830d12-f44b-43d9-b733-6f9667bbd6c9@group-08147416B334:t10, leader=null, voted=24830d12-f44b-43d9-b733-6f9667bbd6c9, raftlog=24830d12-f44b-43d9-b733-6f9667bbd6c9@group-08147416B334-SegmentedRaftLog:OPENED:c-1,f-1,i0, conf=-1: [24830d12-f44b-43d9-b733-6f9667bbd6c9:192.168.164.193:40613, 75159f97-af2c-48a6-bb8f-f5acb2145c35:192.168.164.193:42423, ce71e9bc-e571-4e52-8a73-1c9dce7b9fa7:192.168.164.193:36234], old=null
2019-10-28 11:44:40,861 [24830d12-f44b-43d9-b733-6f9667bbd6c9@group-08147416B334-LeaderElection45] INFO  impl.RaftServerImpl (RaftServerImpl.java:setRole(184)) - 24830d12-f44b-43d9-b733-6f9667bbd6c9@group-08147416B334: changes role from CANDIDATE to FOLLOWER at term 10 for DISCOVERED_A_NEW_TERM
2019-10-28 11:44:40,861 [24830d12-f44b-43d9-b733-6f9667bbd6c9@group-08147416B334-LeaderElection45] INFO  impl.RoleInfo (RoleInfo.java:shutdownLeaderElection(134)) - 24830d12-f44b-43d9-b733-6f9667bbd6c9: shutdown LeaderElection
2019-10-28 11:44:40,862 [24830d12-f44b-43d9-b733-6f9667bbd6c9@group-08147416B334-LeaderElection45] INFO  impl.RoleInfo (RoleInfo.java:updateAndGet(143)) - 24830d12-f44b-43d9-b733-6f9667bbd6c9: start FollowerState
2019-10-28 11:44:41,036 [Thread-1481] INFO  impl.FollowerState (FollowerState.java:run(108)) - 24830d12-f44b-43d9-b733-6f9667bbd6c9@group-08147416B334-FollowerState: change to CANDIDATE, lastRpcTime:174ms, electionTimeout:174ms
2019-10-28 11:44:41,048 [Thread-1481] INFO  impl.RoleInfo (RoleInfo.java:shutdownFollowerState(121)) - 24830d12-f44b-43d9-b733-6f9667bbd6c9: shutdown FollowerState
2019-10-28 11:44:41,049 [Thread-1481] INFO  impl.RaftServerImpl (RaftServerImpl.java:setRole(184)) - 24830d12-f44b-43d9-b733-6f9667bbd6c9@group-08147416B334: changes role from  FOLLOWER to CANDIDATE at term 10 for changeToCandidate
2019-10-28 11:44:41,049 [Thread-1481] INFO  impl.RoleInfo (RoleInfo.java:updateAndGet(143)) - 24830d12-f44b-43d9-b733-6f9667bbd6c9: start LeaderElection
2019-10-28 11:44:41,063 [24830d12-f44b-43d9-b733-6f9667bbd6c9@group-08147416B334-LeaderElection46] INFO  impl.LeaderElection (LeaderElection.java:askForVotes(178)) - 24830d12-f44b-43d9-b733-6f9667bbd6c9@group-08147416B334-LeaderElection46: begin an election at term 11 for -1: [24830d12-f44b-43d9-b733-6f9667bbd6c9:192.168.164.193:40613, 75159f97-af2c-48a6-bb8f-f5acb2145c35:192.168.164.193:42423, ce71e9bc-e571-4e52-8a73-1c9dce7b9fa7:192.168.164.193:36234], old=null
2019-10-28 11:44:41,068 [grpc-default-executor-0] INFO  impl.RaftServerImpl (RaftServerImpl.java:setRole(184)) - ce71e9bc-e571-4e52-8a73-1c9dce7b9fa7@group-08147416B334: changes role from  FOLLOWER to FOLLOWER at term 11 for recognizeCandidate:24830d12-f44b-43d9-b733-6f9667bbd6c9
2019-10-28 11:44:41,068 [grpc-default-executor-8] INFO  impl.RaftServerImpl (RaftServerImpl.java:setRole(184)) - 75159f97-af2c-48a6-bb8f-f5acb2145c35@group-08147416B334: changes role from  FOLLOWER to FOLLOWER at term 11 for recognizeCandidate:24830d12-f44b-43d9-b733-6f9667bbd6c9
2019-10-28 11:44:41,068 [grpc-default-executor-0] INFO  impl.RoleInfo (RoleInfo.java:shutdownFollowerState(121)) - ce71e9bc-e571-4e52-8a73-1c9dce7b9fa7: shutdown FollowerState
2019-10-28 11:44:41,068 [grpc-default-executor-8] INFO  impl.RoleInfo (RoleInfo.java:shutdownFollowerState(121)) - 75159f97-af2c-48a6-bb8f-f5acb2145c35: shutdown FollowerState
2019-10-28 11:44:41,068 [Thread-1479] INFO  impl.FollowerState (FollowerState.java:run(117)) - ce71e9bc-e571-4e52-8a73-1c9dce7b9fa7@group-08147416B334-FollowerState was interrupted: java.lang.InterruptedException: sleep interrupted
2019-10-28 11:44:41,068 [grpc-default-executor-0] INFO  impl.RoleInfo (RoleInfo.java:updateAndGet(143)) - ce71e9bc-e571-4e52-8a73-1c9dce7b9fa7: start FollowerState
2019-10-28 11:44:41,068 [Thread-1480] INFO  impl.FollowerState (FollowerState.java:run(117)) - 75159f97-af2c-48a6-bb8f-f5acb2145c35@group-08147416B334-FollowerState was interrupted: java.lang.InterruptedException: sleep interrupted
2019-10-28 11:44:41,068 [grpc-default-executor-8] INFO  impl.RoleInfo (RoleInfo.java:updateAndGet(143)) - 75159f97-af2c-48a6-bb8f-f5acb2145c35: start FollowerState
2019-10-28 11:44:41,095 [24830d12-f44b-43d9-b733-6f9667bbd6c9@group-08147416B334-LeaderElection46] INFO  impl.LeaderElection (LeaderElection.java:logAndReturn(56)) - 24830d12-f44b-43d9-b733-6f9667bbd6c9@group-08147416B334-LeaderElection46: Election REJECTED; received 2 response(s) [24830d12-f44b-43d9-b733-6f9667bbd6c9<-75159f97-af2c-48a6-bb8f-f5acb2145c35#0:FAIL-t11, 24830d12-f44b-43d9-b733-6f9667bbd6c9<-ce71e9bc-e571-4e52-8a73-1c9dce7b9fa7#0:FAIL-t11] and 0 exception(s); 24830d12-f44b-43d9-b733-6f9667bbd6c9@group-08147416B334:t11, leader=null, voted=24830d12-f44b-43d9-b733-6f9667bbd6c9, raftlog=24830d12-f44b-43d9-b733-6f9667bbd6c9@group-08147416B334-SegmentedRaftLog:OPENED:c-1,f-1,i0, conf=-1: [24830d12-f44b-43d9-b733-6f9667bbd6c9:192.168.164.193:40613, 75159f97-af2c-48a6-bb8f-f5acb2145c35:192.168.164.193:42423, ce71e9bc-e571-4e52-8a73-1c9dce7b9fa7:192.168.164.193:36234], old=null
2019-10-28 11:44:41,095 [24830d12-f44b-43d9-b733-6f9667bbd6c9@group-08147416B334-LeaderElection46] INFO  impl.RaftServerImpl (RaftServerImpl.java:setRole(184)) - 24830d12-f44b-43d9-b733-6f9667bbd6c9@group-08147416B334: changes role from CANDIDATE to FOLLOWER at term 11 for DISCOVERED_A_NEW_TERM
2019-10-28 11:44:41,095 [24830d12-f44b-43d9-b733-6f9667bbd6c9@group-08147416B334-LeaderElection46] INFO  impl.RoleInfo (RoleInfo.java:shutdownLeaderElection(134)) - 24830d12-f44b-43d9-b733-6f9667bbd6c9: shutdown LeaderElection
2019-10-28 11:44:41,095 [24830d12-f44b-43d9-b733-6f9667bbd6c9@group-08147416B334-LeaderElection46] INFO  impl.RoleInfo (RoleInfo.java:updateAndGet(143)) - 24830d12-f44b-43d9-b733-6f9667bbd6c9: start FollowerState
2019-10-28 11:44:41,148 [Thread-1487] INFO  impl.FollowerState (FollowerState.java:run(108)) - 24830d12-f44b-43d9-b733-6f9667bbd6c9@group-08147416B334-FollowerState: change to CANDIDATE, lastRpcTime:52ms, electionTimeout:52ms
2019-10-28 11:44:41,150 [Thread-1487] INFO  impl.RoleInfo (RoleInfo.java:shutdownFollowerState(121)) - 24830d12-f44b-43d9-b733-6f9667bbd6c9: shutdown FollowerState
2019-10-28 11:44:41,151 [Thread-1487] INFO  impl.RaftServerImpl (RaftServerImpl.java:setRole(184)) - 24830d12-f44b-43d9-b733-6f9667bbd6c9@group-08147416B334: changes role from  FOLLOWER to CANDIDATE at term 11 for changeToCandidate
2019-10-28 11:44:41,151 [Thread-1487] INFO  impl.RoleInfo (RoleInfo.java:updateAndGet(143)) - 24830d12-f44b-43d9-b733-6f9667bbd6c9: start LeaderElection
2019-10-28 11:44:41,164 [24830d12-f44b-43d9-b733-6f9667bbd6c9@group-08147416B334-LeaderElection47] INFO  impl.LeaderElection (LeaderElection.java:askForVotes(178)) - 24830d12-f44b-43d9-b733-6f9667bbd6c9@group-08147416B334-LeaderElection47: begin an election at term 12 for -1: [24830d12-f44b-43d9-b733-6f9667bbd6c9:192.168.164.193:40613, 75159f97-af2c-48a6-bb8f-f5acb2145c35:192.168.164.193:42423, ce71e9bc-e571-4e52-8a73-1c9dce7b9fa7:192.168.164.193:36234], old=null
2019-10-28 11:44:41,166 [grpc-default-executor-0] INFO  impl.RaftServerImpl (RaftServerImpl.java:setRole(184)) - ce71e9bc-e571-4e52-8a73-1c9dce7b9fa7@group-08147416B334: changes role from  FOLLOWER to FOLLOWER at term 12 for recognizeCandidate:24830d12-f44b-43d9-b733-6f9667bbd6c9
2019-10-28 11:44:41,166 [grpc-default-executor-8] INFO  impl.RaftServerImpl (RaftServerImpl.java:setRole(184)) - 75159f97-af2c-48a6-bb8f-f5acb2145c35@group-08147416B334: changes role from  FOLLOWER to FOLLOWER at term 12 for recognizeCandidate:24830d12-f44b-43d9-b733-6f9667bbd6c9
2019-10-28 11:44:41,166 [grpc-default-executor-0] INFO  impl.RoleInfo (RoleInfo.java:shutdownFollowerState(121)) - ce71e9bc-e571-4e52-8a73-1c9dce7b9fa7: shutdown FollowerState
2019-10-28 11:44:41,166 [grpc-default-executor-8] INFO  impl.RoleInfo (RoleInfo.java:shutdownFollowerState(121)) - 75159f97-af2c-48a6-bb8f-f5acb2145c35: shutdown FollowerState
2019-10-28 11:44:41,166 [Thread-1485] INFO  impl.FollowerState (FollowerState.java:run(117)) - ce71e9bc-e571-4e52-8a73-1c9dce7b9fa7@group-08147416B334-FollowerState was interrupted: java.lang.InterruptedException: sleep interrupted
2019-10-28 11:44:41,166 [grpc-default-executor-0] INFO  impl.RoleInfo (RoleInfo.java:updateAndGet(143)) - ce71e9bc-e571-4e52-8a73-1c9dce7b9fa7: start FollowerState
2019-10-28 11:44:41,166 [Thread-1486] INFO  impl.FollowerState (FollowerState.java:run(117)) - 75159f97-af2c-48a6-bb8f-f5acb2145c35@group-08147416B334-FollowerState was interrupted: java.lang.InterruptedException: sleep interrupted
2019-10-28 11:44:41,166 [grpc-default-executor-8] INFO  impl.RoleInfo (RoleInfo.java:updateAndGet(143)) - 75159f97-af2c-48a6-bb8f-f5acb2145c35: start FollowerState
2019-10-28 11:44:41,192 [24830d12-f44b-43d9-b733-6f9667bbd6c9@group-08147416B334-LeaderElection47] INFO  impl.LeaderElection (LeaderElection.java:logAndReturn(56)) - 24830d12-f44b-43d9-b733-6f9667bbd6c9@group-08147416B334-LeaderElection47: Election REJECTED; received 2 response(s) [24830d12-f44b-43d9-b733-6f9667bbd6c9<-75159f97-af2c-48a6-bb8f-f5acb2145c35#0:FAIL-t12, 24830d12-f44b-43d9-b733-6f9667bbd6c9<-ce71e9bc-e571-4e52-8a73-1c9dce7b9fa7#0:FAIL-t12] and 0 exception(s); 24830d12-f44b-43d9-b733-6f9667bbd6c9@group-08147416B334:t12, leader=null, voted=24830d12-f44b-43d9-b733-6f9667bbd6c9, raftlog=24830d12-f44b-43d9-b733-6f9667bbd6c9@group-08147416B334-SegmentedRaftLog:OPENED:c-1,f-1,i0, conf=-1: [24830d12-f44b-43d9-b733-6f9667bbd6c9:192.168.164.193:40613, 75159f97-af2c-48a6-bb8f-f5acb2145c35:192.168.164.193:42423, ce71e9bc-e571-4e52-8a73-1c9dce7b9fa7:192.168.164.193:36234], old=null
2019-10-28 11:44:41,192 [24830d12-f44b-43d9-b733-6f9667bbd6c9@group-08147416B334-LeaderElection47] INFO  impl.RaftServerImpl (RaftServerImpl.java:setRole(184)) - 24830d12-f44b-43d9-b733-6f9667bbd6c9@group-08147416B334: changes role from CANDIDATE to FOLLOWER at term 12 for DISCOVERED_A_NEW_TERM
2019-10-28 11:44:41,193 [24830d12-f44b-43d9-b733-6f9667bbd6c9@group-08147416B334-LeaderElection47] INFO  impl.RoleInfo (RoleInfo.java:shutdownLeaderElection(134)) - 24830d12-f44b-43d9-b733-6f9667bbd6c9: shutdown LeaderElection
2019-10-28 11:44:41,193 [24830d12-f44b-43d9-b733-6f9667bbd6c9@group-08147416B334-LeaderElection47] INFO  impl.RoleInfo (RoleInfo.java:updateAndGet(143)) - 24830d12-f44b-43d9-b733-6f9667bbd6c9: start FollowerState
2019-10-28 11:44:41,339 [Thread-1493] INFO  impl.FollowerState (FollowerState.java:run(108)) - 24830d12-f44b-43d9-b733-6f9667bbd6c9@group-08147416B334-FollowerState: change to CANDIDATE, lastRpcTime:146ms, electionTimeout:146ms
2019-10-28 11:44:41,342 [Thread-1493] INFO  impl.RoleInfo (RoleInfo.java:shutdownFollowerState(121)) - 24830d12-f44b-43d9-b733-6f9667bbd6c9: shutdown FollowerState
2019-10-28 11:44:41,342 [Thread-1493] INFO  impl.RaftServerImpl (RaftServerImpl.java:setRole(184)) - 24830d12-f44b-43d9-b733-6f9667bbd6c9@group-08147416B334: changes role from  FOLLOWER to CANDIDATE at term 12 for changeToCandidate
2019-10-28 11:44:41,343 [Thread-1493] INFO  impl.RoleInfo (RoleInfo.java:updateAndGet(143)) - 24830d12-f44b-43d9-b733-6f9667bbd6c9: start LeaderElection
2019-10-28 11:44:41,368 [24830d12-f44b-43d9-b733-6f9667bbd6c9@group-08147416B334-LeaderElection48] INFO  impl.LeaderElection (LeaderElection.java:askForVotes(178)) - 24830d12-f44b-43d9-b733-6f9667bbd6c9@group-08147416B334-LeaderElection48: begin an election at term 13 for -1: [24830d12-f44b-43d9-b733-6f9667bbd6c9:192.168.164.193:40613, 75159f97-af2c-48a6-bb8f-f5acb2145c35:192.168.164.193:42423, ce71e9bc-e571-4e52-8a73-1c9dce7b9fa7:192.168.164.193:36234], old=null
2019-10-28 11:44:41,371 [grpc-default-executor-8] INFO  impl.RaftServerImpl (RaftServerImpl.java:setRole(184)) - ce71e9bc-e571-4e52-8a73-1c9dce7b9fa7@group-08147416B334: changes role from  FOLLOWER to FOLLOWER at term 13 for recognizeCandidate:24830d12-f44b-43d9-b733-6f9667bbd6c9
2019-10-28 11:44:41,372 [grpc-default-executor-8] INFO  impl.RoleInfo (RoleInfo.java:shutdownFollowerState(121)) - ce71e9bc-e571-4e52-8a73-1c9dce7b9fa7: shutdown FollowerState
2019-10-28 11:44:41,372 [grpc-default-executor-8] INFO  impl.RoleInfo (RoleInfo.java:updateAndGet(143)) - ce71e9bc-e571-4e52-8a73-1c9dce7b9fa7: start FollowerState
2019-10-28 11:44:41,372 [grpc-default-executor-0] INFO  impl.RaftServerImpl (RaftServerImpl.java:setRole(184)) - 75159f97-af2c-48a6-bb8f-f5acb2145c35@group-08147416B334: changes role from  FOLLOWER to FOLLOWER at term 13 for recognizeCandidate:24830d12-f44b-43d9-b733-6f9667bbd6c9
2019-10-28 11:44:41,372 [grpc-default-executor-0] INFO  impl.RoleInfo (RoleInfo.java:shutdownFollowerState(121)) - 75159f97-af2c-48a6-bb8f-f5acb2145c35: shutdown FollowerState
2019-10-28 11:44:41,372 [Thread-1491] INFO  impl.FollowerState (FollowerState.java:run(117)) - ce71e9bc-e571-4e52-8a73-1c9dce7b9fa7@group-08147416B334-FollowerState was interrupted: java.lang.InterruptedException: sleep interrupted
2019-10-28 11:44:41,372 [Thread-1492] INFO  impl.FollowerState (FollowerState.java:run(117)) - 75159f97-af2c-48a6-bb8f-f5acb2145c35@group-08147416B334-FollowerState was interrupted: java.lang.InterruptedException: sleep interrupted
2019-10-28 11:44:41,372 [grpc-default-executor-0] INFO  impl.RoleInfo (RoleInfo.java:updateAndGet(143)) - 75159f97-af2c-48a6-bb8f-f5acb2145c35: start FollowerState
2019-10-28 11:44:41,399 [24830d12-f44b-43d9-b733-6f9667bbd6c9@group-08147416B334-LeaderElection48] INFO  impl.LeaderElection (LeaderElection.java:logAndReturn(56)) - 24830d12-f44b-43d9-b733-6f9667bbd6c9@group-08147416B334-LeaderElection48: Election REJECTED; received 2 response(s) [24830d12-f44b-43d9-b733-6f9667bbd6c9<-75159f97-af2c-48a6-bb8f-f5acb2145c35#0:FAIL-t13, 24830d12-f44b-43d9-b733-6f9667bbd6c9<-ce71e9bc-e571-4e52-8a73-1c9dce7b9fa7#0:FAIL-t13] and 0 exception(s); 24830d12-f44b-43d9-b733-6f9667bbd6c9@group-08147416B334:t13, leader=null, voted=24830d12-f44b-43d9-b733-6f9667bbd6c9, raftlog=24830d12-f44b-43d9-b733-6f9667bbd6c9@group-08147416B334-SegmentedRaftLog:OPENED:c-1,f-1,i0, conf=-1: [24830d12-f44b-43d9-b733-6f9667bbd6c9:192.168.164.193:40613, 75159f97-af2c-48a6-bb8f-f5acb2145c35:192.168.164.193:42423, ce71e9bc-e571-4e52-8a73-1c9dce7b9fa7:192.168.164.193:36234], old=null
2019-10-28 11:44:41,399 [24830d12-f44b-43d9-b733-6f9667bbd6c9@group-08147416B334-LeaderElection48] INFO  impl.RaftServerImpl (RaftServerImpl.java:setRole(184)) - 24830d12-f44b-43d9-b733-6f9667bbd6c9@group-08147416B334: changes role from CANDIDATE to FOLLOWER at term 13 for DISCOVERED_A_NEW_TERM
2019-10-28 11:44:41,399 [24830d12-f44b-43d9-b733-6f9667bbd6c9@group-08147416B334-LeaderElection48] INFO  impl.RoleInfo (RoleInfo.java:shutdownLeaderElection(134)) - 24830d12-f44b-43d9-b733-6f9667bbd6c9: shutdown LeaderElection
2019-10-28 11:44:41,399 [24830d12-f44b-43d9-b733-6f9667bbd6c9@group-08147416B334-LeaderElection48] INFO  impl.RoleInfo (RoleInfo.java:updateAndGet(143)) - 24830d12-f44b-43d9-b733-6f9667bbd6c9: start FollowerState
2019-10-28 11:44:41,476 [Thread-1452] INFO  impl.FollowerState (FollowerState.java:run(108)) - a480340b-d1a5-4cd0-bc20-ae63b012c3c7@group-48B29381066B-FollowerState: change to CANDIDATE, lastRpcTime:1022ms, electionTimeout:1021ms
2019-10-28 11:44:41,478 [Thread-1452] INFO  impl.RoleInfo (RoleInfo.java:shutdownFollowerState(121)) - a480340b-d1a5-4cd0-bc20-ae63b012c3c7: shutdown FollowerState
2019-10-28 11:44:41,478 [Thread-1452] INFO  impl.RaftServerImpl (RaftServerImpl.java:setRole(184)) - a480340b-d1a5-4cd0-bc20-ae63b012c3c7@group-48B29381066B: changes role from  FOLLOWER to CANDIDATE at term 2 for changeToCandidate
2019-10-28 11:44:41,479 [Thread-1452] INFO  impl.RoleInfo (RoleInfo.java:updateAndGet(143)) - a480340b-d1a5-4cd0-bc20-ae63b012c3c7: start LeaderElection
2019-10-28 11:44:41,493 [a480340b-d1a5-4cd0-bc20-ae63b012c3c7@group-48B29381066B-LeaderElection49] INFO  impl.LeaderElection (LeaderElection.java:askForVotes(178)) - a480340b-d1a5-4cd0-bc20-ae63b012c3c7@group-48B29381066B-LeaderElection49: begin an election at term 3 for 0: [66cf3979-81da-4155-81a0-3dd54985f91a:192.168.164.193:43079, 84f4174e-6bb9-44ab-a36a-6c5af4251c6f:192.168.164.193:40080, a480340b-d1a5-4cd0-bc20-ae63b012c3c7:192.168.164.193:43902], old=null
2019-10-28 11:44:41,497 [grpc-default-executor-8] INFO  impl.RaftServerImpl (RaftServerImpl.java:setRole(184)) - 84f4174e-6bb9-44ab-a36a-6c5af4251c6f@group-48B29381066B: changes role from  FOLLOWER to FOLLOWER at term 3 for recognizeCandidate:a480340b-d1a5-4cd0-bc20-ae63b012c3c7
2019-10-28 11:44:41,497 [grpc-default-executor-4] INFO  impl.RaftServerImpl (RaftServerImpl.java:setRole(184)) - 66cf3979-81da-4155-81a0-3dd54985f91a@group-48B29381066B: changes role from  FOLLOWER to FOLLOWER at term 3 for recognizeCandidate:a480340b-d1a5-4cd0-bc20-ae63b012c3c7
2019-10-28 11:44:41,497 [grpc-default-executor-8] INFO  impl.RoleInfo (RoleInfo.java:shutdownFollowerState(121)) - 84f4174e-6bb9-44ab-a36a-6c5af4251c6f: shutdown FollowerState
2019-10-28 11:44:41,497 [grpc-default-executor-4] INFO  impl.RoleInfo (RoleInfo.java:shutdownFollowerState(121)) - 66cf3979-81da-4155-81a0-3dd54985f91a: shutdown FollowerState
2019-10-28 11:44:41,498 [Thread-1443] INFO  impl.FollowerState (FollowerState.java:run(117)) - 84f4174e-6bb9-44ab-a36a-6c5af4251c6f@group-48B29381066B-FollowerState was interrupted: java.lang.InterruptedException: sleep interrupted
2019-10-28 11:44:41,498 [grpc-default-executor-8] INFO  impl.RoleInfo (RoleInfo.java:updateAndGet(143)) - 84f4174e-6bb9-44ab-a36a-6c5af4251c6f: start FollowerState
2019-10-28 11:44:41,498 [Thread-1453] INFO  impl.FollowerState (FollowerState.java:run(117)) - 66cf3979-81da-4155-81a0-3dd54985f91a@group-48B29381066B-FollowerState was interrupted: java.lang.InterruptedException: sleep interrupted
2019-10-28 11:44:41,498 [grpc-default-executor-4] INFO  impl.RoleInfo (RoleInfo.java:updateAndGet(143)) - 66cf3979-81da-4155-81a0-3dd54985f91a: start FollowerState
2019-10-28 11:44:41,523 [Thread-1503] INFO  impl.FollowerState (FollowerState.java:run(108)) - 24830d12-f44b-43d9-b733-6f9667bbd6c9@group-08147416B334-FollowerState: change to CANDIDATE, lastRpcTime:124ms, electionTimeout:115ms
2019-10-28 11:44:41,524 [Thread-1503] INFO  impl.RoleInfo (RoleInfo.java:shutdownFollowerState(121)) - 24830d12-f44b-43d9-b733-6f9667bbd6c9: shutdown FollowerState
2019-10-28 11:44:41,524 [Thread-1503] INFO  impl.RaftServerImpl (RaftServerImpl.java:setRole(184)) - 24830d12-f44b-43d9-b733-6f9667bbd6c9@group-08147416B334: changes role from  FOLLOWER to CANDIDATE at term 13 for changeToCandidate
2019-10-28 11:44:41,524 [a480340b-d1a5-4cd0-bc20-ae63b012c3c7@group-48B29381066B-LeaderElection49] INFO  impl.LeaderElection (LeaderElection.java:logAndReturn(56)) - a480340b-d1a5-4cd0-bc20-ae63b012c3c7@group-48B29381066B-LeaderElection49: Election PASSED; received 1 response(s) [a480340b-d1a5-4cd0-bc20-ae63b012c3c7<-84f4174e-6bb9-44ab-a36a-6c5af4251c6f#0:OK-t3] and 0 exception(s); a480340b-d1a5-4cd0-bc20-ae63b012c3c7@group-48B29381066B:t3, leader=null, voted=a480340b-d1a5-4cd0-bc20-ae63b012c3c7, raftlog=a480340b-d1a5-4cd0-bc20-ae63b012c3c7@group-48B29381066B-SegmentedRaftLog:OPENED:c-1,f0,i0, conf=0: [66cf3979-81da-4155-81a0-3dd54985f91a:192.168.164.193:43079, 84f4174e-6bb9-44ab-a36a-6c5af4251c6f:192.168.164.193:40080, a480340b-d1a5-4cd0-bc20-ae63b012c3c7:192.168.164.193:43902], old=null
2019-10-28 11:44:41,524 [Thread-1503] INFO  impl.RoleInfo (RoleInfo.java:updateAndGet(143)) - 24830d12-f44b-43d9-b733-6f9667bbd6c9: start LeaderElection
2019-10-28 11:44:41,524 [a480340b-d1a5-4cd0-bc20-ae63b012c3c7@group-48B29381066B-LeaderElection49] INFO  impl.RoleInfo (RoleInfo.java:shutdownLeaderElection(134)) - a480340b-d1a5-4cd0-bc20-ae63b012c3c7: shutdown LeaderElection
2019-10-28 11:44:41,527 [a480340b-d1a5-4cd0-bc20-ae63b012c3c7@group-48B29381066B-LeaderElection49] INFO  impl.RaftServerImpl (RaftServerImpl.java:setRole(184)) - a480340b-d1a5-4cd0-bc20-ae63b012c3c7@group-48B29381066B: changes role from CANDIDATE to LEADER at term 3 for changeToLeader
2019-10-28 11:44:41,527 [a480340b-d1a5-4cd0-bc20-ae63b012c3c7@group-48B29381066B-LeaderElection49] INFO  impl.RaftServerImpl (ServerState.java:setLeader(256)) - a480340b-d1a5-4cd0-bc20-ae63b012c3c7@group-48B29381066B: change Leader from null to a480340b-d1a5-4cd0-bc20-ae63b012c3c7 at term 3 for becomeLeader, leader elected after 1074ms
2019-10-28 11:44:41,527 [a480340b-d1a5-4cd0-bc20-ae63b012c3c7@group-48B29381066B-LeaderElection49] INFO  server.RaftServerConfigKeys (ConfUtils.java:logGet(43)) - raft.server.staging.catchup.gap = 1000 (default)
2019-10-28 11:44:41,527 [a480340b-d1a5-4cd0-bc20-ae63b012c3c7@group-48B29381066B-LeaderElection49] INFO  server.RaftServerConfigKeys (ConfUtils.java:logGet(43)) - raft.server.rpc.sleep.time = 25ms (default)
2019-10-28 11:44:41,527 [a480340b-d1a5-4cd0-bc20-ae63b012c3c7@group-48B29381066B-LeaderElection49] INFO  server.RaftServerConfigKeys (ConfUtils.java:logGet(43)) - raft.server.write.element-limit = 4096 (default)
2019-10-28 11:44:41,528 [a480340b-d1a5-4cd0-bc20-ae63b012c3c7@group-48B29381066B-LeaderElection49] INFO  server.RaftServerConfigKeys (ConfUtils.java:logGet(43)) - raft.server.watch.timeout = 10s (default)
2019-10-28 11:44:41,528 [a480340b-d1a5-4cd0-bc20-ae63b012c3c7@group-48B29381066B-LeaderElection49] INFO  server.RaftServerConfigKeys (ConfUtils.java:logGet(43)) - raft.server.watch.timeout.denomination = 1s (default)
2019-10-28 11:44:41,528 [a480340b-d1a5-4cd0-bc20-ae63b012c3c7@group-48B29381066B-LeaderElection49] INFO  server.RaftServerConfigKeys (ConfUtils.java:logGet(43)) - raft.server.watch.element-limit = 65536 (default)
2019-10-28 11:44:41,529 [a480340b-d1a5-4cd0-bc20-ae63b012c3c7@group-48B29381066B-LeaderElection49] INFO  server.RaftServerConfigKeys (ConfUtils.java:logGet(43)) - raft.server.log.appender.snapshot.chunk.size.max = 16MB (=16777216) (default)
2019-10-28 11:44:41,530 [a480340b-d1a5-4cd0-bc20-ae63b012c3c7@group-48B29381066B-LeaderElection49] INFO  server.RaftServerConfigKeys (ConfUtils.java:logGet(43)) - raft.server.log.appender.buffer.byte-limit = 33554432 (custom)
2019-10-28 11:44:41,530 [a480340b-d1a5-4cd0-bc20-ae63b012c3c7@group-48B29381066B-LeaderElection49] INFO  server.RaftServerConfigKeys (ConfUtils.java:logGet(43)) - raft.server.log.appender.buffer.element-limit = 1 (custom)
2019-10-28 11:44:41,530 [a480340b-d1a5-4cd0-bc20-ae63b012c3c7@group-48B29381066B-LeaderElection49] INFO  grpc.GrpcConfigKeys$Server (ConfUtils.java:logGet(43)) - raft.grpc.server.leader.outstanding.appends.max = 128 (default)
2019-10-28 11:44:41,530 [a480340b-d1a5-4cd0-bc20-ae63b012c3c7@group-48B29381066B-LeaderElection49] INFO  server.RaftServerConfigKeys (ConfUtils.java:logGet(43)) - raft.server.rpc.request.timeout = 3000ms (default)
2019-10-28 11:44:41,530 [a480340b-d1a5-4cd0-bc20-ae63b012c3c7@group-48B29381066B-LeaderElection49] INFO  server.RaftServerConfigKeys (ConfUtils.java:logGet(43)) - raft.server.log.appender.install.snapshot.enabled = false (custom)
2019-10-28 11:44:41,532 [a480340b-d1a5-4cd0-bc20-ae63b012c3c7@group-48B29381066B-LeaderElection49] INFO  server.RaftServerConfigKeys (ConfUtils.java:logGet(43)) - raft.server.log.appender.snapshot.chunk.size.max = 16MB (=16777216) (default)
2019-10-28 11:44:41,532 [a480340b-d1a5-4cd0-bc20-ae63b012c3c7@group-48B29381066B-LeaderElection49] INFO  server.RaftServerConfigKeys (ConfUtils.java:logGet(43)) - raft.server.log.appender.buffer.byte-limit = 33554432 (custom)
2019-10-28 11:44:41,532 [a480340b-d1a5-4cd0-bc20-ae63b012c3c7@group-48B29381066B-LeaderElection49] INFO  server.RaftServerConfigKeys (ConfUtils.java:logGet(43)) - raft.server.log.appender.buffer.element-limit = 1 (custom)
2019-10-28 11:44:41,532 [a480340b-d1a5-4cd0-bc20-ae63b012c3c7@group-48B29381066B-LeaderElection49] INFO  grpc.GrpcConfigKeys$Server (ConfUtils.java:logGet(43)) - raft.grpc.server.leader.outstanding.appends.max = 128 (default)
2019-10-28 11:44:41,532 [a480340b-d1a5-4cd0-bc20-ae63b012c3c7@group-48B29381066B-LeaderElection49] INFO  server.RaftServerConfigKeys (ConfUtils.java:logGet(43)) - raft.server.rpc.request.timeout = 3000ms (default)
2019-10-28 11:44:41,532 [a480340b-d1a5-4cd0-bc20-ae63b012c3c7@group-48B29381066B-LeaderElection49] INFO  server.RaftServerConfigKeys (ConfUtils.java:logGet(43)) - raft.server.log.appender.install.snapshot.enabled = false (custom)
2019-10-28 11:44:41,534 [a480340b-d1a5-4cd0-bc20-ae63b012c3c7@group-48B29381066B-LeaderElection49] INFO  impl.RoleInfo (RoleInfo.java:updateAndGet(143)) - a480340b-d1a5-4cd0-bc20-ae63b012c3c7: start LeaderState
2019-10-28 11:44:41,534 [a480340b-d1a5-4cd0-bc20-ae63b012c3c7@group-48B29381066B-LeaderElection49] INFO  segmented.SegmentedRaftLogWorker (SegmentedRaftLogWorker.java:rollLogSegment(390)) - a480340b-d1a5-4cd0-bc20-ae63b012c3c7@group-48B29381066B-SegmentedRaftLogWorker: Rolling segment log-0_0 to index:0
2019-10-28 11:44:41,535 [a480340b-d1a5-4cd0-bc20-ae63b012c3c7@group-48B29381066B-LeaderElection49] INFO  impl.RaftServerImpl (ServerState.java:setRaftConf(357)) - a480340b-d1a5-4cd0-bc20-ae63b012c3c7@group-48B29381066B: set configuration 1: [66cf3979-81da-4155-81a0-3dd54985f91a:192.168.164.193:43079, 84f4174e-6bb9-44ab-a36a-6c5af4251c6f:192.168.164.193:40080, a480340b-d1a5-4cd0-bc20-ae63b012c3c7:192.168.164.193:43902], old=null at 1
2019-10-28 11:44:41,535 [a480340b-d1a5-4cd0-bc20-ae63b012c3c7@group-48B29381066B-SegmentedRaftLogWorker] INFO  segmented.SegmentedRaftLogWorker (SegmentedRaftLogWorker.java:execute(533)) - a480340b-d1a5-4cd0-bc20-ae63b012c3c7@group-48B29381066B-SegmentedRaftLogWorker: Rolled log segment from /workdir/hadoop-ozone/integration-test/target/test-dir/MiniOzoneClusterImpl-b31733c6-727c-4256-9138-ff5b19d95bfe/datanode-6/data/ratis/7f77fb74-efbb-4dfa-8855-48b29381066b/current/log_inprogress_0 to /workdir/hadoop-ozone/integration-test/target/test-dir/MiniOzoneClusterImpl-b31733c6-727c-4256-9138-ff5b19d95bfe/datanode-6/data/ratis/7f77fb74-efbb-4dfa-8855-48b29381066b/current/log_0-0
2019-10-28 11:44:41,536 [grpc-default-executor-4] INFO  impl.RaftServerImpl (ServerState.java:setLeader(256)) - 84f4174e-6bb9-44ab-a36a-6c5af4251c6f@group-48B29381066B: change Leader from null to a480340b-d1a5-4cd0-bc20-ae63b012c3c7 at term 3 for appendEntries, leader elected after 1124ms
2019-10-28 11:44:41,536 [grpc-default-executor-8] INFO  impl.RaftServerImpl (ServerState.java:setLeader(256)) - 66cf3979-81da-4155-81a0-3dd54985f91a@group-48B29381066B: change Leader from null to a480340b-d1a5-4cd0-bc20-ae63b012c3c7 at term 3 for appendEntries, leader elected after 1091ms
2019-10-28 11:44:41,562 [grpc-default-executor-4] INFO  impl.RaftServerImpl (RaftServerImpl.java:checkInconsistentAppendEntries(1023)) - 84f4174e-6bb9-44ab-a36a-6c5af4251c6f@group-48B29381066B: Failed appendEntries as previous log entry ((t:1, i:0)) is not found
2019-10-28 11:44:41,563 [24830d12-f44b-43d9-b733-6f9667bbd6c9@group-08147416B334-LeaderElection50] INFO  impl.LeaderElection (LeaderElection.java:askForVotes(178)) - 24830d12-f44b-43d9-b733-6f9667bbd6c9@group-08147416B334-LeaderElection50: begin an election at term 14 for -1: [24830d12-f44b-43d9-b733-6f9667bbd6c9:192.168.164.193:40613, 75159f97-af2c-48a6-bb8f-f5acb2145c35:192.168.164.193:42423, ce71e9bc-e571-4e52-8a73-1c9dce7b9fa7:192.168.164.193:36234], old=null
2019-10-28 11:44:41,563 [grpc-default-executor-4] INFO  impl.RaftServerImpl (RaftServerImpl.java:checkInconsistentAppendEntries(996)) - 84f4174e-6bb9-44ab-a36a-6c5af4251c6f@group-48B29381066B: inconsistency entries. Reply:a480340b-d1a5-4cd0-bc20-ae63b012c3c7<-84f4174e-6bb9-44ab-a36a-6c5af4251c6f#0:FAIL,INCONSISTENCY,nextIndex:0,term:3,followerCommit:-1
2019-10-28 11:44:41,564 [grpc-default-executor-4] INFO  impl.FollowerInfo (FollowerInfo.java:lambda$new$0(51)) - a480340b-d1a5-4cd0-bc20-ae63b012c3c7@group-48B29381066B->84f4174e-6bb9-44ab-a36a-6c5af4251c6f: nextIndex: updateUnconditionally 1 -> 0
2019-10-28 11:44:41,564 [grpc-default-executor-8] INFO  impl.RaftServerImpl (ServerState.java:setRaftConf(357)) - 66cf3979-81da-4155-81a0-3dd54985f91a@group-48B29381066B: set configuration 1: [66cf3979-81da-4155-81a0-3dd54985f91a:192.168.164.193:43079, 84f4174e-6bb9-44ab-a36a-6c5af4251c6f:192.168.164.193:40080, a480340b-d1a5-4cd0-bc20-ae63b012c3c7:192.168.164.193:43902], old=null at 1
2019-10-28 11:44:41,564 [grpc-default-executor-8] INFO  segmented.SegmentedRaftLogWorker (SegmentedRaftLogWorker.java:rollLogSegment(390)) - 66cf3979-81da-4155-81a0-3dd54985f91a@group-48B29381066B-SegmentedRaftLogWorker: Rolling segment log-0_0 to index:0
2019-10-28 11:44:41,565 [grpc-default-executor-4] INFO  impl.RaftServerImpl (RaftServerImpl.java:setRole(184)) - 75159f97-af2c-48a6-bb8f-f5acb2145c35@group-08147416B334: changes role from  FOLLOWER to FOLLOWER at term 14 for recognizeCandidate:24830d12-f44b-43d9-b733-6f9667bbd6c9
2019-10-28 11:44:41,565 [grpc-default-executor-0] INFO  impl.RaftServerImpl (RaftServerImpl.java:setRole(184)) - ce71e9bc-e571-4e52-8a73-1c9dce7b9fa7@group-08147416B334: changes role from  FOLLOWER to FOLLOWER at term 14 for recognizeCandidate:24830d12-f44b-43d9-b733-6f9667bbd6c9
2019-10-28 11:44:41,565 [grpc-default-executor-2] INFO  impl.RaftServerImpl (ServerState.java:setRaftConf(357)) - 84f4174e-6bb9-44ab-a36a-6c5af4251c6f@group-48B29381066B: set configuration 0: [66cf3979-81da-4155-81a0-3dd54985f91a:192.168.164.193:43079, 84f4174e-6bb9-44ab-a36a-6c5af4251c6f:192.168.164.193:40080, a480340b-d1a5-4cd0-bc20-ae63b012c3c7:192.168.164.193:43902], old=null at 0
2019-10-28 11:44:41,565 [66cf3979-81da-4155-81a0-3dd54985f91a@group-48B29381066B-SegmentedRaftLogWorker] INFO  segmented.SegmentedRaftLogWorker (SegmentedRaftLogWorker.java:execute(533)) - 66cf3979-81da-4155-81a0-3dd54985f91a@group-48B29381066B-SegmentedRaftLogWorker: Rolled log segment from /workdir/hadoop-ozone/integration-test/target/test-dir/MiniOzoneClusterImpl-b31733c6-727c-4256-9138-ff5b19d95bfe/datanode-8/data/ratis/7f77fb74-efbb-4dfa-8855-48b29381066b/current/log_inprogress_0 to /workdir/hadoop-ozone/integration-test/target/test-dir/MiniOzoneClusterImpl-b31733c6-727c-4256-9138-ff5b19d95bfe/datanode-8/data/ratis/7f77fb74-efbb-4dfa-8855-48b29381066b/current/log_0-0
2019-10-28 11:44:41,565 [grpc-default-executor-4] INFO  impl.RoleInfo (RoleInfo.java:shutdownFollowerState(121)) - 75159f97-af2c-48a6-bb8f-f5acb2145c35: shutdown FollowerState
2019-10-28 11:44:41,565 [grpc-default-executor-2] INFO  segmented.SegmentedRaftLogWorker (SegmentedRaftLogWorker.java:startLogSegment(385)) - 84f4174e-6bb9-44ab-a36a-6c5af4251c6f@group-48B29381066B-SegmentedRaftLogWorker: Starting segment from index:0
2019-10-28 11:44:41,565 [grpc-default-executor-0] INFO  impl.RoleInfo (RoleInfo.java:shutdownFollowerState(121)) - ce71e9bc-e571-4e52-8a73-1c9dce7b9fa7: shutdown FollowerState
2019-10-28 11:44:41,568 [Thread-1500] INFO  impl.FollowerState (FollowerState.java:run(117)) - 75159f97-af2c-48a6-bb8f-f5acb2145c35@group-08147416B334-FollowerState was interrupted: java.lang.InterruptedException: sleep interrupted
2019-10-28 11:44:41,565 [grpc-default-executor-4] INFO  impl.RoleInfo (RoleInfo.java:updateAndGet(143)) - 75159f97-af2c-48a6-bb8f-f5acb2145c35: start FollowerState
2019-10-28 11:44:41,568 [grpc-default-executor-2] INFO  impl.RaftServerImpl (ServerState.java:setRaftConf(357)) - 84f4174e-6bb9-44ab-a36a-6c5af4251c6f@group-48B29381066B: set configuration 1: [66cf3979-81da-4155-81a0-3dd54985f91a:192.168.164.193:43079, 84f4174e-6bb9-44ab-a36a-6c5af4251c6f:192.168.164.193:40080, a480340b-d1a5-4cd0-bc20-ae63b012c3c7:192.168.164.193:43902], old=null at 1
2019-10-28 11:44:41,568 [Thread-1499] INFO  impl.FollowerState (FollowerState.java:run(117)) - ce71e9bc-e571-4e52-8a73-1c9dce7b9fa7@group-08147416B334-FollowerState was interrupted: java.lang.InterruptedException: sleep interrupted
2019-10-28 11:44:41,568 [grpc-default-executor-0] INFO  impl.RoleInfo (RoleInfo.java:updateAndGet(143)) - ce71e9bc-e571-4e52-8a73-1c9dce7b9fa7: start FollowerState
2019-10-28 11:44:41,569 [grpc-default-executor-2] INFO  segmented.SegmentedRaftLogWorker (SegmentedRaftLogWorker.java:rollLogSegment(390)) - 84f4174e-6bb9-44ab-a36a-6c5af4251c6f@group-48B29381066B-SegmentedRaftLogWorker: Rolling segment log-0_0 to index:0
2019-10-28 11:44:41,585 [24830d12-f44b-43d9-b733-6f9667bbd6c9@group-08147416B334-LeaderElection50] INFO  impl.LeaderElection (LeaderElection.java:logAndReturn(56)) - 24830d12-f44b-43d9-b733-6f9667bbd6c9@group-08147416B334-LeaderElection50: Election TIMEOUT; received 0 response(s) [] and 0 exception(s); 24830d12-f44b-43d9-b733-6f9667bbd6c9@group-08147416B334:t14, leader=null, voted=24830d12-f44b-43d9-b733-6f9667bbd6c9, raftlog=24830d12-f44b-43d9-b733-6f9667bbd6c9@group-08147416B334-SegmentedRaftLog:OPENED:c-1,f-1,i0, conf=-1: [24830d12-f44b-43d9-b733-6f9667bbd6c9:192.168.164.193:40613, 75159f97-af2c-48a6-bb8f-f5acb2145c35:192.168.164.193:42423, ce71e9bc-e571-4e52-8a73-1c9dce7b9fa7:192.168.164.193:36234], old=null
2019-10-28 11:44:41,589 [a480340b-d1a5-4cd0-bc20-ae63b012c3c7@group-48B29381066B-SegmentedRaftLogWorker] INFO  segmented.SegmentedRaftLogWorker (SegmentedRaftLogWorker.java:execute(576)) - a480340b-d1a5-4cd0-bc20-ae63b012c3c7@group-48B29381066B-SegmentedRaftLogWorker: created new log segment /workdir/hadoop-ozone/integration-test/target/test-dir/MiniOzoneClusterImpl-b31733c6-727c-4256-9138-ff5b19d95bfe/datanode-6/data/ratis/7f77fb74-efbb-4dfa-8855-48b29381066b/current/log_inprogress_1
2019-10-28 11:44:41,602 [66cf3979-81da-4155-81a0-3dd54985f91a@group-48B29381066B-SegmentedRaftLogWorker] INFO  segmented.SegmentedRaftLogWorker (SegmentedRaftLogWorker.java:execute(576)) - 66cf3979-81da-4155-81a0-3dd54985f91a@group-48B29381066B-SegmentedRaftLogWorker: created new log segment /workdir/hadoop-ozone/integration-test/target/test-dir/MiniOzoneClusterImpl-b31733c6-727c-4256-9138-ff5b19d95bfe/datanode-8/data/ratis/7f77fb74-efbb-4dfa-8855-48b29381066b/current/log_inprogress_1
2019-10-28 11:44:41,602 [84f4174e-6bb9-44ab-a36a-6c5af4251c6f@group-48B29381066B-SegmentedRaftLogWorker] INFO  segmented.SegmentedRaftLogWorker (SegmentedRaftLogWorker.java:execute(576)) - 84f4174e-6bb9-44ab-a36a-6c5af4251c6f@group-48B29381066B-SegmentedRaftLogWorker: created new log segment /workdir/hadoop-ozone/integration-test/target/test-dir/MiniOzoneClusterImpl-b31733c6-727c-4256-9138-ff5b19d95bfe/datanode-7/data/ratis/7f77fb74-efbb-4dfa-8855-48b29381066b/current/log_inprogress_0
2019-10-28 11:44:41,606 [24830d12-f44b-43d9-b733-6f9667bbd6c9@group-08147416B334-LeaderElection50] INFO  impl.LeaderElection (LeaderElection.java:askForVotes(178)) - 24830d12-f44b-43d9-b733-6f9667bbd6c9@group-08147416B334-LeaderElection50: begin an election at term 15 for -1: [24830d12-f44b-43d9-b733-6f9667bbd6c9:192.168.164.193:40613, 75159f97-af2c-48a6-bb8f-f5acb2145c35:192.168.164.193:42423, ce71e9bc-e571-4e52-8a73-1c9dce7b9fa7:192.168.164.193:36234], old=null
2019-10-28 11:44:41,609 [grpc-default-executor-4] INFO  impl.RaftServerImpl (RaftServerImpl.java:setRole(184)) - ce71e9bc-e571-4e52-8a73-1c9dce7b9fa7@group-08147416B334: changes role from  FOLLOWER to FOLLOWER at term 15 for recognizeCandidate:24830d12-f44b-43d9-b733-6f9667bbd6c9
2019-10-28 11:44:41,609 [grpc-default-executor-0] INFO  impl.RaftServerImpl (RaftServerImpl.java:setRole(184)) - 75159f97-af2c-48a6-bb8f-f5acb2145c35@group-08147416B334: changes role from  FOLLOWER to FOLLOWER at term 15 for recognizeCandidate:24830d12-f44b-43d9-b733-6f9667bbd6c9
2019-10-28 11:44:41,609 [grpc-default-executor-4] INFO  impl.RoleInfo (RoleInfo.java:shutdownFollowerState(121)) - ce71e9bc-e571-4e52-8a73-1c9dce7b9fa7: shutdown FollowerState
2019-10-28 11:44:41,609 [grpc-default-executor-0] INFO  impl.RoleInfo (RoleInfo.java:shutdownFollowerState(121)) - 75159f97-af2c-48a6-bb8f-f5acb2145c35: shutdown FollowerState
2019-10-28 11:44:41,609 [Thread-1519] INFO  impl.FollowerState (FollowerState.java:run(117)) - ce71e9bc-e571-4e52-8a73-1c9dce7b9fa7@group-08147416B334-FollowerState was interrupted: java.lang.InterruptedException: sleep interrupted
2019-10-28 11:44:41,609 [grpc-default-executor-4] INFO  impl.RoleInfo (RoleInfo.java:updateAndGet(143)) - ce71e9bc-e571-4e52-8a73-1c9dce7b9fa7: start FollowerState
2019-10-28 11:44:41,609 [Thread-1518] INFO  impl.FollowerState (FollowerState.java:run(117)) - 75159f97-af2c-48a6-bb8f-f5acb2145c35@group-08147416B334-FollowerState was interrupted: java.lang.InterruptedException: sleep interrupted
2019-10-28 11:44:41,609 [grpc-default-executor-0] INFO  impl.RoleInfo (RoleInfo.java:updateAndGet(143)) - 75159f97-af2c-48a6-bb8f-f5acb2145c35: start FollowerState
2019-10-28 11:44:41,627 [84f4174e-6bb9-44ab-a36a-6c5af4251c6f@group-48B29381066B-SegmentedRaftLogWorker] INFO  segmented.SegmentedRaftLogWorker (SegmentedRaftLogWorker.java:execute(533)) - 84f4174e-6bb9-44ab-a36a-6c5af4251c6f@group-48B29381066B-SegmentedRaftLogWorker: Rolled log segment from /workdir/hadoop-ozone/integration-test/target/test-dir/MiniOzoneClusterImpl-b31733c6-727c-4256-9138-ff5b19d95bfe/datanode-7/data/ratis/7f77fb74-efbb-4dfa-8855-48b29381066b/current/log_inprogress_0 to /workdir/hadoop-ozone/integration-test/target/test-dir/MiniOzoneClusterImpl-b31733c6-727c-4256-9138-ff5b19d95bfe/datanode-7/data/ratis/7f77fb74-efbb-4dfa-8855-48b29381066b/current/log_0-0
2019-10-28 11:44:41,631 [24830d12-f44b-43d9-b733-6f9667bbd6c9@group-08147416B334-LeaderElection50] INFO  impl.LeaderElection (LeaderElection.java:logAndReturn(56)) - 24830d12-f44b-43d9-b733-6f9667bbd6c9@group-08147416B334-LeaderElection50: Election REJECTED; received 2 response(s) [24830d12-f44b-43d9-b733-6f9667bbd6c9<-75159f97-af2c-48a6-bb8f-f5acb2145c35#0:FAIL-t15, 24830d12-f44b-43d9-b733-6f9667bbd6c9<-ce71e9bc-e571-4e52-8a73-1c9dce7b9fa7#0:FAIL-t15] and 0 exception(s); 24830d12-f44b-43d9-b733-6f9667bbd6c9@group-08147416B334:t15, leader=null, voted=24830d12-f44b-43d9-b733-6f9667bbd6c9, raftlog=24830d12-f44b-43d9-b733-6f9667bbd6c9@group-08147416B334-SegmentedRaftLog:OPENED:c-1,f-1,i0, conf=-1: [24830d12-f44b-43d9-b733-6f9667bbd6c9:192.168.164.193:40613, 75159f97-af2c-48a6-bb8f-f5acb2145c35:192.168.164.193:42423, ce71e9bc-e571-4e52-8a73-1c9dce7b9fa7:192.168.164.193:36234], old=null
2019-10-28 11:44:41,631 [24830d12-f44b-43d9-b733-6f9667bbd6c9@group-08147416B334-LeaderElection50] INFO  impl.RaftServerImpl (RaftServerImpl.java:setRole(184)) - 24830d12-f44b-43d9-b733-6f9667bbd6c9@group-08147416B334: changes role from CANDIDATE to FOLLOWER at term 15 for DISCOVERED_A_NEW_TERM
2019-10-28 11:44:41,631 [24830d12-f44b-43d9-b733-6f9667bbd6c9@group-08147416B334-LeaderElection50] INFO  impl.RoleInfo (RoleInfo.java:shutdownLeaderElection(134)) - 24830d12-f44b-43d9-b733-6f9667bbd6c9: shutdown LeaderElection
2019-10-28 11:44:41,631 [24830d12-f44b-43d9-b733-6f9667bbd6c9@group-08147416B334-LeaderElection50] INFO  impl.RoleInfo (RoleInfo.java:updateAndGet(143)) - 24830d12-f44b-43d9-b733-6f9667bbd6c9: start FollowerState
2019-10-28 11:44:41,669 [Thread-1526] INFO  impl.FollowerState (FollowerState.java:run(108)) - 24830d12-f44b-43d9-b733-6f9667bbd6c9@group-08147416B334-FollowerState: change to CANDIDATE, lastRpcTime:37ms, electionTimeout:37ms
2019-10-28 11:44:41,672 [Thread-1526] INFO  impl.RoleInfo (RoleInfo.java:shutdownFollowerState(121)) - 24830d12-f44b-43d9-b733-6f9667bbd6c9: shutdown FollowerState
2019-10-28 11:44:41,672 [Thread-1526] INFO  impl.RaftServerImpl (RaftServerImpl.java:setRole(184)) - 24830d12-f44b-43d9-b733-6f9667bbd6c9@group-08147416B334: changes role from  FOLLOWER to CANDIDATE at term 15 for changeToCandidate
2019-10-28 11:44:41,672 [Thread-1526] INFO  impl.RoleInfo (RoleInfo.java:updateAndGet(143)) - 24830d12-f44b-43d9-b733-6f9667bbd6c9: start LeaderElection
2019-10-28 11:44:41,682 [84f4174e-6bb9-44ab-a36a-6c5af4251c6f@group-48B29381066B-SegmentedRaftLogWorker] INFO  segmented.SegmentedRaftLogWorker (SegmentedRaftLogWorker.java:execute(576)) - 84f4174e-6bb9-44ab-a36a-6c5af4251c6f@group-48B29381066B-SegmentedRaftLogWorker: created new log segment /workdir/hadoop-ozone/integration-test/target/test-dir/MiniOzoneClusterImpl-b31733c6-727c-4256-9138-ff5b19d95bfe/datanode-7/data/ratis/7f77fb74-efbb-4dfa-8855-48b29381066b/current/log_inprogress_1
2019-10-28 11:44:41,686 [24830d12-f44b-43d9-b733-6f9667bbd6c9@group-08147416B334-LeaderElection51] INFO  impl.LeaderElection (LeaderElection.java:askForVotes(178)) - 24830d12-f44b-43d9-b733-6f9667bbd6c9@group-08147416B334-LeaderElection51: begin an election at term 16 for -1: [24830d12-f44b-43d9-b733-6f9667bbd6c9:192.168.164.193:40613, 75159f97-af2c-48a6-bb8f-f5acb2145c35:192.168.164.193:42423, ce71e9bc-e571-4e52-8a73-1c9dce7b9fa7:192.168.164.193:36234], old=null
2019-10-28 11:44:41,688 [grpc-default-executor-0] INFO  impl.RaftServerImpl (RaftServerImpl.java:setRole(184)) - ce71e9bc-e571-4e52-8a73-1c9dce7b9fa7@group-08147416B334: changes role from  FOLLOWER to FOLLOWER at term 16 for recognizeCandidate:24830d12-f44b-43d9-b733-6f9667bbd6c9
2019-10-28 11:44:41,688 [grpc-default-executor-4] INFO  impl.RaftServerImpl (RaftServerImpl.java:setRole(184)) - 75159f97-af2c-48a6-bb8f-f5acb2145c35@group-08147416B334: changes role from  FOLLOWER to FOLLOWER at term 16 for recognizeCandidate:24830d12-f44b-43d9-b733-6f9667bbd6c9
2019-10-28 11:44:41,688 [grpc-default-executor-0] INFO  impl.RoleInfo (RoleInfo.java:shutdownFollowerState(121)) - ce71e9bc-e571-4e52-8a73-1c9dce7b9fa7: shutdown FollowerState
2019-10-28 11:44:41,688 [grpc-default-executor-4] INFO  impl.RoleInfo (RoleInfo.java:shutdownFollowerState(121)) - 75159f97-af2c-48a6-bb8f-f5acb2145c35: shutdown FollowerState
2019-10-28 11:44:41,688 [Thread-1523] INFO  impl.FollowerState (FollowerState.java:run(117)) - ce71e9bc-e571-4e52-8a73-1c9dce7b9fa7@group-08147416B334-FollowerState was interrupted: java.lang.InterruptedException: sleep interrupted
2019-10-28 11:44:41,688 [grpc-default-executor-4] INFO  impl.RoleInfo (RoleInfo.java:updateAndGet(143)) - 75159f97-af2c-48a6-bb8f-f5acb2145c35: start FollowerState
2019-10-28 11:44:41,688 [grpc-default-executor-0] INFO  impl.RoleInfo (RoleInfo.java:updateAndGet(143)) - ce71e9bc-e571-4e52-8a73-1c9dce7b9fa7: start FollowerState
2019-10-28 11:44:41,688 [Thread-1524] INFO  impl.FollowerState (FollowerState.java:run(117)) - 75159f97-af2c-48a6-bb8f-f5acb2145c35@group-08147416B334-FollowerState was interrupted: java.lang.InterruptedException: sleep interrupted
2019-10-28 11:44:41,703 [24830d12-f44b-43d9-b733-6f9667bbd6c9@group-08147416B334-LeaderElection51] INFO  impl.LeaderElection (LeaderElection.java:logAndReturn(56)) - 24830d12-f44b-43d9-b733-6f9667bbd6c9@group-08147416B334-LeaderElection51: Election REJECTED; received 2 response(s) [24830d12-f44b-43d9-b733-6f9667bbd6c9<-75159f97-af2c-48a6-bb8f-f5acb2145c35#0:FAIL-t16, 24830d12-f44b-43d9-b733-6f9667bbd6c9<-ce71e9bc-e571-4e52-8a73-1c9dce7b9fa7#0:FAIL-t16] and 0 exception(s); 24830d12-f44b-43d9-b733-6f9667bbd6c9@group-08147416B334:t16, leader=null, voted=24830d12-f44b-43d9-b733-6f9667bbd6c9, raftlog=24830d12-f44b-43d9-b733-6f9667bbd6c9@group-08147416B334-SegmentedRaftLog:OPENED:c-1,f-1,i0, conf=-1: [24830d12-f44b-43d9-b733-6f9667bbd6c9:192.168.164.193:40613, 75159f97-af2c-48a6-bb8f-f5acb2145c35:192.168.164.193:42423, ce71e9bc-e571-4e52-8a73-1c9dce7b9fa7:192.168.164.193:36234], old=null
2019-10-28 11:44:41,704 [24830d12-f44b-43d9-b733-6f9667bbd6c9@group-08147416B334-LeaderElection51] INFO  impl.RaftServerImpl (RaftServerImpl.java:setRole(184)) - 24830d12-f44b-43d9-b733-6f9667bbd6c9@group-08147416B334: changes role from CANDIDATE to FOLLOWER at term 16 for DISCOVERED_A_NEW_TERM
2019-10-28 11:44:41,704 [24830d12-f44b-43d9-b733-6f9667bbd6c9@group-08147416B334-LeaderElection51] INFO  impl.RoleInfo (RoleInfo.java:shutdownLeaderElection(134)) - 24830d12-f44b-43d9-b733-6f9667bbd6c9: shutdown LeaderElection
2019-10-28 11:44:41,704 [24830d12-f44b-43d9-b733-6f9667bbd6c9@group-08147416B334-LeaderElection51] INFO  impl.RoleInfo (RoleInfo.java:updateAndGet(143)) - 24830d12-f44b-43d9-b733-6f9667bbd6c9: start FollowerState
2019-10-28 11:44:41,817 [Thread-1535] INFO  impl.FollowerState (FollowerState.java:run(108)) - 24830d12-f44b-43d9-b733-6f9667bbd6c9@group-08147416B334-FollowerState: change to CANDIDATE, lastRpcTime:113ms, electionTimeout:113ms
2019-10-28 11:44:41,821 [Thread-1535] INFO  impl.RoleInfo (RoleInfo.java:shutdownFollowerState(121)) - 24830d12-f44b-43d9-b733-6f9667bbd6c9: shutdown FollowerState
2019-10-28 11:44:41,821 [Thread-1535] INFO  impl.RaftServerImpl (RaftServerImpl.java:setRole(184)) - 24830d12-f44b-43d9-b733-6f9667bbd6c9@group-08147416B334: changes role from  FOLLOWER to CANDIDATE at term 16 for changeToCandidate
2019-10-28 11:44:41,821 [Thread-1535] INFO  impl.RoleInfo (RoleInfo.java:updateAndGet(143)) - 24830d12-f44b-43d9-b733-6f9667bbd6c9: start LeaderElection
2019-10-28 11:44:41,846 [24830d12-f44b-43d9-b733-6f9667bbd6c9@group-08147416B334-LeaderElection52] INFO  impl.LeaderElection (LeaderElection.java:askForVotes(178)) - 24830d12-f44b-43d9-b733-6f9667bbd6c9@group-08147416B334-LeaderElection52: begin an election at term 17 for -1: [24830d12-f44b-43d9-b733-6f9667bbd6c9:192.168.164.193:40613, 75159f97-af2c-48a6-bb8f-f5acb2145c35:192.168.164.193:42423, ce71e9bc-e571-4e52-8a73-1c9dce7b9fa7:192.168.164.193:36234], old=null
2019-10-28 11:44:41,849 [grpc-default-executor-4] INFO  impl.RaftServerImpl (RaftServerImpl.java:setRole(184)) - ce71e9bc-e571-4e52-8a73-1c9dce7b9fa7@group-08147416B334: changes role from  FOLLOWER to FOLLOWER at term 17 for recognizeCandidate:24830d12-f44b-43d9-b733-6f9667bbd6c9
2019-10-28 11:44:41,849 [grpc-default-executor-0] INFO  impl.RaftServerImpl (RaftServerImpl.java:setRole(184)) - 75159f97-af2c-48a6-bb8f-f5acb2145c35@group-08147416B334: changes role from  FOLLOWER to FOLLOWER at term 17 for recognizeCandidate:24830d12-f44b-43d9-b733-6f9667bbd6c9
2019-10-28 11:44:41,849 [grpc-default-executor-4] INFO  impl.RoleInfo (RoleInfo.java:shutdownFollowerState(121)) - ce71e9bc-e571-4e52-8a73-1c9dce7b9fa7: shutdown FollowerState
2019-10-28 11:44:41,849 [grpc-default-executor-0] INFO  impl.RoleInfo (RoleInfo.java:shutdownFollowerState(121)) - 75159f97-af2c-48a6-bb8f-f5acb2145c35: shutdown FollowerState
2019-10-28 11:44:41,849 [Thread-1533] INFO  impl.FollowerState (FollowerState.java:run(117)) - ce71e9bc-e571-4e52-8a73-1c9dce7b9fa7@group-08147416B334-FollowerState was interrupted: java.lang.InterruptedException: sleep interrupted
2019-10-28 11:44:41,849 [grpc-default-executor-4] INFO  impl.RoleInfo (RoleInfo.java:updateAndGet(143)) - ce71e9bc-e571-4e52-8a73-1c9dce7b9fa7: start FollowerState
2019-10-28 11:44:41,849 [Thread-1534] INFO  impl.FollowerState (FollowerState.java:run(117)) - 75159f97-af2c-48a6-bb8f-f5acb2145c35@group-08147416B334-FollowerState was interrupted: java.lang.InterruptedException: sleep interrupted
2019-10-28 11:44:41,849 [grpc-default-executor-0] INFO  impl.RoleInfo (RoleInfo.java:updateAndGet(143)) - 75159f97-af2c-48a6-bb8f-f5acb2145c35: start FollowerState
2019-10-28 11:44:41,871 [24830d12-f44b-43d9-b733-6f9667bbd6c9@group-08147416B334-LeaderElection52] INFO  impl.LeaderElection (LeaderElection.java:logAndReturn(56)) - 24830d12-f44b-43d9-b733-6f9667bbd6c9@group-08147416B334-LeaderElection52: Election REJECTED; received 2 response(s) [24830d12-f44b-43d9-b733-6f9667bbd6c9<-75159f97-af2c-48a6-bb8f-f5acb2145c35#0:FAIL-t17, 24830d12-f44b-43d9-b733-6f9667bbd6c9<-ce71e9bc-e571-4e52-8a73-1c9dce7b9fa7#0:FAIL-t17] and 0 exception(s); 24830d12-f44b-43d9-b733-6f9667bbd6c9@group-08147416B334:t17, leader=null, voted=24830d12-f44b-43d9-b733-6f9667bbd6c9, raftlog=24830d12-f44b-43d9-b733-6f9667bbd6c9@group-08147416B334-SegmentedRaftLog:OPENED:c-1,f-1,i0, conf=-1: [24830d12-f44b-43d9-b733-6f9667bbd6c9:192.168.164.193:40613, 75159f97-af2c-48a6-bb8f-f5acb2145c35:192.168.164.193:42423, ce71e9bc-e571-4e52-8a73-1c9dce7b9fa7:192.168.164.193:36234], old=null
2019-10-28 11:44:41,871 [24830d12-f44b-43d9-b733-6f9667bbd6c9@group-08147416B334-LeaderElection52] INFO  impl.RaftServerImpl (RaftServerImpl.java:setRole(184)) - 24830d12-f44b-43d9-b733-6f9667bbd6c9@group-08147416B334: changes role from CANDIDATE to FOLLOWER at term 17 for DISCOVERED_A_NEW_TERM
2019-10-28 11:44:41,871 [24830d12-f44b-43d9-b733-6f9667bbd6c9@group-08147416B334-LeaderElection52] INFO  impl.RoleInfo (RoleInfo.java:shutdownLeaderElection(134)) - 24830d12-f44b-43d9-b733-6f9667bbd6c9: shutdown LeaderElection
2019-10-28 11:44:41,871 [24830d12-f44b-43d9-b733-6f9667bbd6c9@group-08147416B334-LeaderElection52] INFO  impl.RoleInfo (RoleInfo.java:updateAndGet(143)) - 24830d12-f44b-43d9-b733-6f9667bbd6c9: start FollowerState
2019-10-28 11:44:42,055 [Thread-1543] INFO  impl.FollowerState (FollowerState.java:run(108)) - 24830d12-f44b-43d9-b733-6f9667bbd6c9@group-08147416B334-FollowerState: change to CANDIDATE, lastRpcTime:183ms, electionTimeout:183ms
2019-10-28 11:44:42,061 [Thread-1543] INFO  impl.RoleInfo (RoleInfo.java:shutdownFollowerState(121)) - 24830d12-f44b-43d9-b733-6f9667bbd6c9: shutdown FollowerState
2019-10-28 11:44:42,061 [Thread-1543] INFO  impl.RaftServerImpl (RaftServerImpl.java:setRole(184)) - 24830d12-f44b-43d9-b733-6f9667bbd6c9@group-08147416B334: changes role from  FOLLOWER to CANDIDATE at term 17 for changeToCandidate
2019-10-28 11:44:42,061 [Thread-1543] INFO  impl.RoleInfo (RoleInfo.java:updateAndGet(143)) - 24830d12-f44b-43d9-b733-6f9667bbd6c9: start LeaderElection
2019-10-28 11:44:42,076 [24830d12-f44b-43d9-b733-6f9667bbd6c9@group-08147416B334-LeaderElection53] INFO  impl.LeaderElection (LeaderElection.java:askForVotes(178)) - 24830d12-f44b-43d9-b733-6f9667bbd6c9@group-08147416B334-LeaderElection53: begin an election at term 18 for -1: [24830d12-f44b-43d9-b733-6f9667bbd6c9:192.168.164.193:40613, 75159f97-af2c-48a6-bb8f-f5acb2145c35:192.168.164.193:42423, ce71e9bc-e571-4e52-8a73-1c9dce7b9fa7:192.168.164.193:36234], old=null
2019-10-28 11:44:42,080 [grpc-default-executor-4] INFO  impl.RaftServerImpl (RaftServerImpl.java:setRole(184)) - 75159f97-af2c-48a6-bb8f-f5acb2145c35@group-08147416B334: changes role from  FOLLOWER to FOLLOWER at term 18 for recognizeCandidate:24830d12-f44b-43d9-b733-6f9667bbd6c9
2019-10-28 11:44:42,080 [grpc-default-executor-0] INFO  impl.RaftServerImpl (RaftServerImpl.java:setRole(184)) - ce71e9bc-e571-4e52-8a73-1c9dce7b9fa7@group-08147416B334: changes role from  FOLLOWER to FOLLOWER at term 18 for recognizeCandidate:24830d12-f44b-43d9-b733-6f9667bbd6c9
2019-10-28 11:44:42,080 [grpc-default-executor-4] INFO  impl.RoleInfo (RoleInfo.java:shutdownFollowerState(121)) - 75159f97-af2c-48a6-bb8f-f5acb2145c35: shutdown FollowerState
2019-10-28 11:44:42,080 [grpc-default-executor-0] INFO  impl.RoleInfo (RoleInfo.java:shutdownFollowerState(121)) - ce71e9bc-e571-4e52-8a73-1c9dce7b9fa7: shutdown FollowerState
2019-10-28 11:44:42,081 [Thread-1542] INFO  impl.FollowerState (FollowerState.java:run(117)) - 75159f97-af2c-48a6-bb8f-f5acb2145c35@group-08147416B334-FollowerState was interrupted: java.lang.InterruptedException: sleep interrupted
2019-10-28 11:44:42,081 [grpc-default-executor-4] INFO  impl.RoleInfo (RoleInfo.java:updateAndGet(143)) - 75159f97-af2c-48a6-bb8f-f5acb2145c35: start FollowerState
2019-10-28 11:44:42,081 [Thread-1541] INFO  impl.FollowerState (FollowerState.java:run(117)) - ce71e9bc-e571-4e52-8a73-1c9dce7b9fa7@group-08147416B334-FollowerState was interrupted: java.lang.InterruptedException: sleep interrupted
2019-10-28 11:44:42,081 [grpc-default-executor-0] INFO  impl.RoleInfo (RoleInfo.java:updateAndGet(143)) - ce71e9bc-e571-4e52-8a73-1c9dce7b9fa7: start FollowerState
2019-10-28 11:44:42,093 [24830d12-f44b-43d9-b733-6f9667bbd6c9@group-08147416B334-LeaderElection53] INFO  impl.LeaderElection (LeaderElection.java:logAndReturn(56)) - 24830d12-f44b-43d9-b733-6f9667bbd6c9@group-08147416B334-LeaderElection53: Election REJECTED; received 2 response(s) [24830d12-f44b-43d9-b733-6f9667bbd6c9<-75159f97-af2c-48a6-bb8f-f5acb2145c35#0:FAIL-t18, 24830d12-f44b-43d9-b733-6f9667bbd6c9<-ce71e9bc-e571-4e52-8a73-1c9dce7b9fa7#0:FAIL-t18] and 0 exception(s); 24830d12-f44b-43d9-b733-6f9667bbd6c9@group-08147416B334:t18, leader=null, voted=24830d12-f44b-43d9-b733-6f9667bbd6c9, raftlog=24830d12-f44b-43d9-b733-6f9667bbd6c9@group-08147416B334-SegmentedRaftLog:OPENED:c-1,f-1,i0, conf=-1: [24830d12-f44b-43d9-b733-6f9667bbd6c9:192.168.164.193:40613, 75159f97-af2c-48a6-bb8f-f5acb2145c35:192.168.164.193:42423, ce71e9bc-e571-4e52-8a73-1c9dce7b9fa7:192.168.164.193:36234], old=null
2019-10-28 11:44:42,093 [24830d12-f44b-43d9-b733-6f9667bbd6c9@group-08147416B334-LeaderElection53] INFO  impl.RaftServerImpl (RaftServerImpl.java:setRole(184)) - 24830d12-f44b-43d9-b733-6f9667bbd6c9@group-08147416B334: changes role from CANDIDATE to FOLLOWER at term 18 for DISCOVERED_A_NEW_TERM
2019-10-28 11:44:42,093 [24830d12-f44b-43d9-b733-6f9667bbd6c9@group-08147416B334-LeaderElection53] INFO  impl.RoleInfo (RoleInfo.java:shutdownLeaderElection(134)) - 24830d12-f44b-43d9-b733-6f9667bbd6c9: shutdown LeaderElection
2019-10-28 11:44:42,094 [24830d12-f44b-43d9-b733-6f9667bbd6c9@group-08147416B334-LeaderElection53] INFO  impl.RoleInfo (RoleInfo.java:updateAndGet(143)) - 24830d12-f44b-43d9-b733-6f9667bbd6c9: start FollowerState
2019-10-28 11:44:42,133 [Thread-1549] INFO  impl.FollowerState (FollowerState.java:run(108)) - 24830d12-f44b-43d9-b733-6f9667bbd6c9@group-08147416B334-FollowerState: change to CANDIDATE, lastRpcTime:39ms, electionTimeout:39ms
2019-10-28 11:44:42,136 [Thread-1549] INFO  impl.RoleInfo (RoleInfo.java:shutdownFollowerState(121)) - 24830d12-f44b-43d9-b733-6f9667bbd6c9: shutdown FollowerState
2019-10-28 11:44:42,137 [Thread-1549] INFO  impl.RaftServerImpl (RaftServerImpl.java:setRole(184)) - 24830d12-f44b-43d9-b733-6f9667bbd6c9@group-08147416B334: changes role from  FOLLOWER to CANDIDATE at term 18 for changeToCandidate
2019-10-28 11:44:42,137 [Thread-1549] INFO  impl.RoleInfo (RoleInfo.java:updateAndGet(143)) - 24830d12-f44b-43d9-b733-6f9667bbd6c9: start LeaderElection
2019-10-28 11:44:42,164 [24830d12-f44b-43d9-b733-6f9667bbd6c9@group-08147416B334-LeaderElection54] INFO  impl.LeaderElection (LeaderElection.java:askForVotes(178)) - 24830d12-f44b-43d9-b733-6f9667bbd6c9@group-08147416B334-LeaderElection54: begin an election at term 19 for -1: [24830d12-f44b-43d9-b733-6f9667bbd6c9:192.168.164.193:40613, 75159f97-af2c-48a6-bb8f-f5acb2145c35:192.168.164.193:42423, ce71e9bc-e571-4e52-8a73-1c9dce7b9fa7:192.168.164.193:36234], old=null
2019-10-28 11:44:42,166 [grpc-default-executor-0] INFO  impl.RaftServerImpl (RaftServerImpl.java:setRole(184)) - 75159f97-af2c-48a6-bb8f-f5acb2145c35@group-08147416B334: changes role from  FOLLOWER to FOLLOWER at term 19 for recognizeCandidate:24830d12-f44b-43d9-b733-6f9667bbd6c9
2019-10-28 11:44:42,166 [grpc-default-executor-0] INFO  impl.RoleInfo (RoleInfo.java:shutdownFollowerState(121)) - 75159f97-af2c-48a6-bb8f-f5acb2145c35: shutdown FollowerState
2019-10-28 11:44:42,166 [grpc-default-executor-4] INFO  impl.RaftServerImpl (RaftServerImpl.java:setRole(184)) - ce71e9bc-e571-4e52-8a73-1c9dce7b9fa7@group-08147416B334: changes role from  FOLLOWER to FOLLOWER at term 19 for recognizeCandidate:24830d12-f44b-43d9-b733-6f9667bbd6c9
2019-10-28 11:44:42,166 [Thread-1547] INFO  impl.FollowerState (FollowerState.java:run(117)) - 75159f97-af2c-48a6-bb8f-f5acb2145c35@group-08147416B334-FollowerState was interrupted: java.lang.InterruptedException: sleep interrupted
2019-10-28 11:44:42,166 [grpc-default-executor-4] INFO  impl.RoleInfo (RoleInfo.java:shutdownFollowerState(121)) - ce71e9bc-e571-4e52-8a73-1c9dce7b9fa7: shutdown FollowerState
2019-10-28 11:44:42,166 [grpc-default-executor-0] INFO  impl.RoleInfo (RoleInfo.java:updateAndGet(143)) - 75159f97-af2c-48a6-bb8f-f5acb2145c35: start FollowerState
2019-10-28 11:44:42,167 [Thread-1548] INFO  impl.FollowerState (FollowerState.java:run(117)) - ce71e9bc-e571-4e52-8a73-1c9dce7b9fa7@group-08147416B334-FollowerState was interrupted: java.lang.InterruptedException: sleep interrupted
2019-10-28 11:44:42,167 [grpc-default-executor-4] INFO  impl.RoleInfo (RoleInfo.java:updateAndGet(143)) - ce71e9bc-e571-4e52-8a73-1c9dce7b9fa7: start FollowerState
2019-10-28 11:44:42,171 [Thread-1294] INFO  container.ReplicationManager (ReplicationManager.java:start(162)) - Starting Replication Monitor Thread.
2019-10-28 11:44:42,175 [ReplicationMonitor] INFO  container.ReplicationManager (ReplicationManager.java:run(225)) - Replication Monitor Thread took 0 milliseconds for processing 1 containers.
2019-10-28 11:44:42,175 [24830d12-f44b-43d9-b733-6f9667bbd6c9@group-08147416B334-LeaderElection54] INFO  impl.LeaderElection (LeaderElection.java:logAndReturn(56)) - 24830d12-f44b-43d9-b733-6f9667bbd6c9@group-08147416B334-LeaderElection54: Election TIMEOUT; received 0 response(s) [] and 0 exception(s); 24830d12-f44b-43d9-b733-6f9667bbd6c9@group-08147416B334:t19, leader=null, voted=24830d12-f44b-43d9-b733-6f9667bbd6c9, raftlog=24830d12-f44b-43d9-b733-6f9667bbd6c9@group-08147416B334-SegmentedRaftLog:OPENED:c-1,f-1,i0, conf=-1: [24830d12-f44b-43d9-b733-6f9667bbd6c9:192.168.164.193:40613, 75159f97-af2c-48a6-bb8f-f5acb2145c35:192.168.164.193:42423, ce71e9bc-e571-4e52-8a73-1c9dce7b9fa7:192.168.164.193:36234], old=null
2019-10-28 11:44:42,181 [24830d12-f44b-43d9-b733-6f9667bbd6c9@group-08147416B334-LeaderElection54] INFO  impl.LeaderElection (LeaderElection.java:askForVotes(178)) - 24830d12-f44b-43d9-b733-6f9667bbd6c9@group-08147416B334-LeaderElection54: begin an election at term 20 for -1: [24830d12-f44b-43d9-b733-6f9667bbd6c9:192.168.164.193:40613, 75159f97-af2c-48a6-bb8f-f5acb2145c35:192.168.164.193:42423, ce71e9bc-e571-4e52-8a73-1c9dce7b9fa7:192.168.164.193:36234], old=null
2019-10-28 11:44:42,183 [grpc-default-executor-4] INFO  impl.RaftServerImpl (RaftServerImpl.java:setRole(184)) - 75159f97-af2c-48a6-bb8f-f5acb2145c35@group-08147416B334: changes role from  FOLLOWER to FOLLOWER at term 20 for recognizeCandidate:24830d12-f44b-43d9-b733-6f9667bbd6c9
2019-10-28 11:44:42,185 [grpc-default-executor-4] INFO  impl.RoleInfo (RoleInfo.java:shutdownFollowerState(121)) - 75159f97-af2c-48a6-bb8f-f5acb2145c35: shutdown FollowerState
2019-10-28 11:44:42,185 [grpc-default-executor-4] INFO  impl.RoleInfo (RoleInfo.java:updateAndGet(143)) - 75159f97-af2c-48a6-bb8f-f5acb2145c35: start FollowerState
2019-10-28 11:44:42,185 [Thread-1554] INFO  impl.FollowerState (FollowerState.java:run(117)) - 75159f97-af2c-48a6-bb8f-f5acb2145c35@group-08147416B334-FollowerState was interrupted: java.lang.InterruptedException: sleep interrupted
2019-10-28 11:44:42,185 [grpc-default-executor-0] INFO  impl.RaftServerImpl (RaftServerImpl.java:setRole(184)) - ce71e9bc-e571-4e52-8a73-1c9dce7b9fa7@group-08147416B334: changes role from  FOLLOWER to FOLLOWER at term 20 for recognizeCandidate:24830d12-f44b-43d9-b733-6f9667bbd6c9
2019-10-28 11:44:42,186 [grpc-default-executor-0] INFO  impl.RoleInfo (RoleInfo.java:shutdownFollowerState(121)) - ce71e9bc-e571-4e52-8a73-1c9dce7b9fa7: shutdown FollowerState
2019-10-28 11:44:42,186 [grpc-default-executor-0] INFO  impl.RoleInfo (RoleInfo.java:updateAndGet(143)) - ce71e9bc-e571-4e52-8a73-1c9dce7b9fa7: start FollowerState
2019-10-28 11:44:42,186 [Thread-1555] INFO  impl.FollowerState (FollowerState.java:run(117)) - ce71e9bc-e571-4e52-8a73-1c9dce7b9fa7@group-08147416B334-FollowerState was interrupted: java.lang.InterruptedException: sleep interrupted
2019-10-28 11:44:42,200 [24830d12-f44b-43d9-b733-6f9667bbd6c9@group-08147416B334-LeaderElection54] INFO  impl.LeaderElection (LeaderElection.java:logAndReturn(56)) - 24830d12-f44b-43d9-b733-6f9667bbd6c9@group-08147416B334-LeaderElection54: Election REJECTED; received 2 response(s) [24830d12-f44b-43d9-b733-6f9667bbd6c9<-75159f97-af2c-48a6-bb8f-f5acb2145c35#0:FAIL-t20, 24830d12-f44b-43d9-b733-6f9667bbd6c9<-ce71e9bc-e571-4e52-8a73-1c9dce7b9fa7#0:FAIL-t20] and 0 exception(s); 24830d12-f44b-43d9-b733-6f9667bbd6c9@group-08147416B334:t20, leader=null, voted=24830d12-f44b-43d9-b733-6f9667bbd6c9, raftlog=24830d12-f44b-43d9-b733-6f9667bbd6c9@group-08147416B334-SegmentedRaftLog:OPENED:c-1,f-1,i0, conf=-1: [24830d12-f44b-43d9-b733-6f9667bbd6c9:192.168.164.193:40613, 75159f97-af2c-48a6-bb8f-f5acb2145c35:192.168.164.193:42423, ce71e9bc-e571-4e52-8a73-1c9dce7b9fa7:192.168.164.193:36234], old=null
2019-10-28 11:44:42,200 [24830d12-f44b-43d9-b733-6f9667bbd6c9@group-08147416B334-LeaderElection54] INFO  impl.RaftServerImpl (RaftServerImpl.java:setRole(184)) - 24830d12-f44b-43d9-b733-6f9667bbd6c9@group-08147416B334: changes role from CANDIDATE to FOLLOWER at term 20 for DISCOVERED_A_NEW_TERM
2019-10-28 11:44:42,200 [24830d12-f44b-43d9-b733-6f9667bbd6c9@group-08147416B334-LeaderElection54] INFO  impl.RoleInfo (RoleInfo.java:shutdownLeaderElection(134)) - 24830d12-f44b-43d9-b733-6f9667bbd6c9: shutdown LeaderElection
2019-10-28 11:44:42,200 [24830d12-f44b-43d9-b733-6f9667bbd6c9@group-08147416B334-LeaderElection54] INFO  impl.RoleInfo (RoleInfo.java:updateAndGet(143)) - 24830d12-f44b-43d9-b733-6f9667bbd6c9: start FollowerState
2019-10-28 11:44:42,324 [Thread-1562] INFO  impl.FollowerState (FollowerState.java:run(108)) - 24830d12-f44b-43d9-b733-6f9667bbd6c9@group-08147416B334-FollowerState: change to CANDIDATE, lastRpcTime:123ms, electionTimeout:123ms
2019-10-28 11:44:42,328 [Thread-1562] INFO  impl.RoleInfo (RoleInfo.java:shutdownFollowerState(121)) - 24830d12-f44b-43d9-b733-6f9667bbd6c9: shutdown FollowerState
2019-10-28 11:44:42,328 [Thread-1562] INFO  impl.RaftServerImpl (RaftServerImpl.java:setRole(184)) - 24830d12-f44b-43d9-b733-6f9667bbd6c9@group-08147416B334: changes role from  FOLLOWER to CANDIDATE at term 20 for changeToCandidate
2019-10-28 11:44:42,328 [Thread-1562] INFO  impl.RoleInfo (RoleInfo.java:updateAndGet(143)) - 24830d12-f44b-43d9-b733-6f9667bbd6c9: start LeaderElection
2019-10-28 11:44:42,342 [24830d12-f44b-43d9-b733-6f9667bbd6c9@group-08147416B334-LeaderElection55] INFO  impl.LeaderElection (LeaderElection.java:askForVotes(178)) - 24830d12-f44b-43d9-b733-6f9667bbd6c9@group-08147416B334-LeaderElection55: begin an election at term 21 for -1: [24830d12-f44b-43d9-b733-6f9667bbd6c9:192.168.164.193:40613, 75159f97-af2c-48a6-bb8f-f5acb2145c35:192.168.164.193:42423, ce71e9bc-e571-4e52-8a73-1c9dce7b9fa7:192.168.164.193:36234], old=null
2019-10-28 11:44:42,344 [grpc-default-executor-4] INFO  impl.RaftServerImpl (RaftServerImpl.java:setRole(184)) - ce71e9bc-e571-4e52-8a73-1c9dce7b9fa7@group-08147416B334: changes role from  FOLLOWER to FOLLOWER at term 21 for recognizeCandidate:24830d12-f44b-43d9-b733-6f9667bbd6c9
2019-10-28 11:44:42,344 [grpc-default-executor-0] INFO  impl.RaftServerImpl (RaftServerImpl.java:setRole(184)) - 75159f97-af2c-48a6-bb8f-f5acb2145c35@group-08147416B334: changes role from  FOLLOWER to FOLLOWER at term 21 for recognizeCandidate:24830d12-f44b-43d9-b733-6f9667bbd6c9
2019-10-28 11:44:42,345 [grpc-default-executor-4] INFO  impl.RoleInfo (RoleInfo.java:shutdownFollowerState(121)) - ce71e9bc-e571-4e52-8a73-1c9dce7b9fa7: shutdown FollowerState
2019-10-28 11:44:42,345 [grpc-default-executor-0] INFO  impl.RoleInfo (RoleInfo.java:shutdownFollowerState(121)) - 75159f97-af2c-48a6-bb8f-f5acb2145c35: shutdown FollowerState
2019-10-28 11:44:42,345 [Thread-1561] INFO  impl.FollowerState (FollowerState.java:run(117)) - ce71e9bc-e571-4e52-8a73-1c9dce7b9fa7@group-08147416B334-FollowerState was interrupted: java.lang.InterruptedException: sleep interrupted
2019-10-28 11:44:42,345 [grpc-default-executor-4] INFO  impl.RoleInfo (RoleInfo.java:updateAndGet(143)) - ce71e9bc-e571-4e52-8a73-1c9dce7b9fa7: start FollowerState
2019-10-28 11:44:42,345 [grpc-default-executor-0] INFO  impl.RoleInfo (RoleInfo.java:updateAndGet(143)) - 75159f97-af2c-48a6-bb8f-f5acb2145c35: start FollowerState
2019-10-28 11:44:42,345 [Thread-1559] INFO  impl.FollowerState (FollowerState.java:run(117)) - 75159f97-af2c-48a6-bb8f-f5acb2145c35@group-08147416B334-FollowerState was interrupted: java.lang.InterruptedException: sleep interrupted
2019-10-28 11:44:42,368 [24830d12-f44b-43d9-b733-6f9667bbd6c9@group-08147416B334-LeaderElection55] INFO  impl.LeaderElection (LeaderElection.java:logAndReturn(56)) - 24830d12-f44b-43d9-b733-6f9667bbd6c9@group-08147416B334-LeaderElection55: Election REJECTED; received 2 response(s) [24830d12-f44b-43d9-b733-6f9667bbd6c9<-75159f97-af2c-48a6-bb8f-f5acb2145c35#0:FAIL-t21, 24830d12-f44b-43d9-b733-6f9667bbd6c9<-ce71e9bc-e571-4e52-8a73-1c9dce7b9fa7#0:FAIL-t21] and 0 exception(s); 24830d12-f44b-43d9-b733-6f9667bbd6c9@group-08147416B334:t21, leader=null, voted=24830d12-f44b-43d9-b733-6f9667bbd6c9, raftlog=24830d12-f44b-43d9-b733-6f9667bbd6c9@group-08147416B334-SegmentedRaftLog:OPENED:c-1,f-1,i0, conf=-1: [24830d12-f44b-43d9-b733-6f9667bbd6c9:192.168.164.193:40613, 75159f97-af2c-48a6-bb8f-f5acb2145c35:192.168.164.193:42423, ce71e9bc-e571-4e52-8a73-1c9dce7b9fa7:192.168.164.193:36234], old=null
2019-10-28 11:44:42,368 [24830d12-f44b-43d9-b733-6f9667bbd6c9@group-08147416B334-LeaderElection55] INFO  impl.RaftServerImpl (RaftServerImpl.java:setRole(184)) - 24830d12-f44b-43d9-b733-6f9667bbd6c9@group-08147416B334: changes role from CANDIDATE to FOLLOWER at term 21 for DISCOVERED_A_NEW_TERM
2019-10-28 11:44:42,368 [24830d12-f44b-43d9-b733-6f9667bbd6c9@group-08147416B334-LeaderElection55] INFO  impl.RoleInfo (RoleInfo.java:shutdownLeaderElection(134)) - 24830d12-f44b-43d9-b733-6f9667bbd6c9: shutdown LeaderElection
2019-10-28 11:44:42,368 [24830d12-f44b-43d9-b733-6f9667bbd6c9@group-08147416B334-LeaderElection55] INFO  impl.RoleInfo (RoleInfo.java:updateAndGet(143)) - 24830d12-f44b-43d9-b733-6f9667bbd6c9: start FollowerState
2019-10-28 11:44:42,461 [Thread-1570] INFO  impl.FollowerState (FollowerState.java:run(108)) - 24830d12-f44b-43d9-b733-6f9667bbd6c9@group-08147416B334-FollowerState: change to CANDIDATE, lastRpcTime:92ms, electionTimeout:92ms
2019-10-28 11:44:42,465 [Thread-1570] INFO  impl.RoleInfo (RoleInfo.java:shutdownFollowerState(121)) - 24830d12-f44b-43d9-b733-6f9667bbd6c9: shutdown FollowerState
2019-10-28 11:44:42,465 [Thread-1570] INFO  impl.RaftServerImpl (RaftServerImpl.java:setRole(184)) - 24830d12-f44b-43d9-b733-6f9667bbd6c9@group-08147416B334: changes role from  FOLLOWER to CANDIDATE at term 21 for changeToCandidate
2019-10-28 11:44:42,465 [Thread-1570] INFO  impl.RoleInfo (RoleInfo.java:updateAndGet(143)) - 24830d12-f44b-43d9-b733-6f9667bbd6c9: start LeaderElection
2019-10-28 11:44:42,487 [24830d12-f44b-43d9-b733-6f9667bbd6c9@group-08147416B334-LeaderElection56] INFO  impl.LeaderElection (LeaderElection.java:askForVotes(178)) - 24830d12-f44b-43d9-b733-6f9667bbd6c9@group-08147416B334-LeaderElection56: begin an election at term 22 for -1: [24830d12-f44b-43d9-b733-6f9667bbd6c9:192.168.164.193:40613, 75159f97-af2c-48a6-bb8f-f5acb2145c35:192.168.164.193:42423, ce71e9bc-e571-4e52-8a73-1c9dce7b9fa7:192.168.164.193:36234], old=null
2019-10-28 11:44:42,490 [grpc-default-executor-4] INFO  impl.RaftServerImpl (RaftServerImpl.java:setRole(184)) - 75159f97-af2c-48a6-bb8f-f5acb2145c35@group-08147416B334: changes role from  FOLLOWER to FOLLOWER at term 22 for recognizeCandidate:24830d12-f44b-43d9-b733-6f9667bbd6c9
2019-10-28 11:44:42,490 [grpc-default-executor-4] INFO  impl.RoleInfo (RoleInfo.java:shutdownFollowerState(121)) - 75159f97-af2c-48a6-bb8f-f5acb2145c35: shutdown FollowerState
2019-10-28 11:44:42,490 [grpc-default-executor-2] INFO  impl.RaftServerImpl (RaftServerImpl.java:setRole(184)) - ce71e9bc-e571-4e52-8a73-1c9dce7b9fa7@group-08147416B334: changes role from  FOLLOWER to FOLLOWER at term 22 for recognizeCandidate:24830d12-f44b-43d9-b733-6f9667bbd6c9
2019-10-28 11:44:42,490 [Thread-1569] INFO  impl.FollowerState (FollowerState.java:run(117)) - 75159f97-af2c-48a6-bb8f-f5acb2145c35@group-08147416B334-FollowerState was interrupted: java.lang.InterruptedException: sleep interrupted
2019-10-28 11:44:42,490 [grpc-default-executor-4] INFO  impl.RoleInfo (RoleInfo.java:updateAndGet(143)) - 75159f97-af2c-48a6-bb8f-f5acb2145c35: start FollowerState
2019-10-28 11:44:42,490 [grpc-default-executor-2] INFO  impl.RoleInfo (RoleInfo.java:shutdownFollowerState(121)) - ce71e9bc-e571-4e52-8a73-1c9dce7b9fa7: shutdown FollowerState
2019-10-28 11:44:42,491 [grpc-default-executor-2] INFO  impl.RoleInfo (RoleInfo.java:updateAndGet(143)) - ce71e9bc-e571-4e52-8a73-1c9dce7b9fa7: start FollowerState
2019-10-28 11:44:42,491 [Thread-1568] INFO  impl.FollowerState (FollowerState.java:run(117)) - ce71e9bc-e571-4e52-8a73-1c9dce7b9fa7@group-08147416B334-FollowerState was interrupted: java.lang.InterruptedException: sleep interrupted
2019-10-28 11:44:42,506 [24830d12-f44b-43d9-b733-6f9667bbd6c9@group-08147416B334-LeaderElection56] INFO  impl.LeaderElection (LeaderElection.java:logAndReturn(56)) - 24830d12-f44b-43d9-b733-6f9667bbd6c9@group-08147416B334-LeaderElection56: Election REJECTED; received 2 response(s) [24830d12-f44b-43d9-b733-6f9667bbd6c9<-75159f97-af2c-48a6-bb8f-f5acb2145c35#0:FAIL-t22, 24830d12-f44b-43d9-b733-6f9667bbd6c9<-ce71e9bc-e571-4e52-8a73-1c9dce7b9fa7#0:FAIL-t22] and 0 exception(s); 24830d12-f44b-43d9-b733-6f9667bbd6c9@group-08147416B334:t22, leader=null, voted=24830d12-f44b-43d9-b733-6f9667bbd6c9, raftlog=24830d12-f44b-43d9-b733-6f9667bbd6c9@group-08147416B334-SegmentedRaftLog:OPENED:c-1,f-1,i0, conf=-1: [24830d12-f44b-43d9-b733-6f9667bbd6c9:192.168.164.193:40613, 75159f97-af2c-48a6-bb8f-f5acb2145c35:192.168.164.193:42423, ce71e9bc-e571-4e52-8a73-1c9dce7b9fa7:192.168.164.193:36234], old=null
2019-10-28 11:44:42,507 [24830d12-f44b-43d9-b733-6f9667bbd6c9@group-08147416B334-LeaderElection56] INFO  impl.RaftServerImpl (RaftServerImpl.java:setRole(184)) - 24830d12-f44b-43d9-b733-6f9667bbd6c9@group-08147416B334: changes role from CANDIDATE to FOLLOWER at term 22 for DISCOVERED_A_NEW_TERM
2019-10-28 11:44:42,507 [24830d12-f44b-43d9-b733-6f9667bbd6c9@group-08147416B334-LeaderElection56] INFO  impl.RoleInfo (RoleInfo.java:shutdownLeaderElection(134)) - 24830d12-f44b-43d9-b733-6f9667bbd6c9: shutdown LeaderElection
2019-10-28 11:44:42,507 [24830d12-f44b-43d9-b733-6f9667bbd6c9@group-08147416B334-LeaderElection56] INFO  impl.RoleInfo (RoleInfo.java:updateAndGet(143)) - 24830d12-f44b-43d9-b733-6f9667bbd6c9: start FollowerState
2019-10-28 11:44:42,600 [Thread-1578] INFO  impl.FollowerState (FollowerState.java:run(108)) - 24830d12-f44b-43d9-b733-6f9667bbd6c9@group-08147416B334-FollowerState: change to CANDIDATE, lastRpcTime:92ms, electionTimeout:92ms
2019-10-28 11:44:42,602 [Thread-1578] INFO  impl.RoleInfo (RoleInfo.java:shutdownFollowerState(121)) - 24830d12-f44b-43d9-b733-6f9667bbd6c9: shutdown FollowerState
2019-10-28 11:44:42,603 [Thread-1578] INFO  impl.RaftServerImpl (RaftServerImpl.java:setRole(184)) - 24830d12-f44b-43d9-b733-6f9667bbd6c9@group-08147416B334: changes role from  FOLLOWER to CANDIDATE at term 22 for changeToCandidate
2019-10-28 11:44:42,603 [Thread-1578] INFO  impl.RoleInfo (RoleInfo.java:updateAndGet(143)) - 24830d12-f44b-43d9-b733-6f9667bbd6c9: start LeaderElection
2019-10-28 11:44:42,631 [24830d12-f44b-43d9-b733-6f9667bbd6c9@group-08147416B334-LeaderElection57] INFO  impl.LeaderElection (LeaderElection.java:askForVotes(178)) - 24830d12-f44b-43d9-b733-6f9667bbd6c9@group-08147416B334-LeaderElection57: begin an election at term 23 for -1: [24830d12-f44b-43d9-b733-6f9667bbd6c9:192.168.164.193:40613, 75159f97-af2c-48a6-bb8f-f5acb2145c35:192.168.164.193:42423, ce71e9bc-e571-4e52-8a73-1c9dce7b9fa7:192.168.164.193:36234], old=null
2019-10-28 11:44:42,632 [24830d12-f44b-43d9-b733-6f9667bbd6c9@group-08147416B334-LeaderElection57] INFO  impl.LeaderElection (LeaderElection.java:logAndReturn(56)) - 24830d12-f44b-43d9-b733-6f9667bbd6c9@group-08147416B334-LeaderElection57: Election TIMEOUT; received 0 response(s) [] and 0 exception(s); 24830d12-f44b-43d9-b733-6f9667bbd6c9@group-08147416B334:t23, leader=null, voted=24830d12-f44b-43d9-b733-6f9667bbd6c9, raftlog=24830d12-f44b-43d9-b733-6f9667bbd6c9@group-08147416B334-SegmentedRaftLog:OPENED:c-1,f-1,i0, conf=-1: [24830d12-f44b-43d9-b733-6f9667bbd6c9:192.168.164.193:40613, 75159f97-af2c-48a6-bb8f-f5acb2145c35:192.168.164.193:42423, ce71e9bc-e571-4e52-8a73-1c9dce7b9fa7:192.168.164.193:36234], old=null
2019-10-28 11:44:42,633 [grpc-default-executor-4] INFO  impl.RaftServerImpl (RaftServerImpl.java:setRole(184)) - 75159f97-af2c-48a6-bb8f-f5acb2145c35@group-08147416B334: changes role from  FOLLOWER to FOLLOWER at term 23 for recognizeCandidate:24830d12-f44b-43d9-b733-6f9667bbd6c9
2019-10-28 11:44:42,633 [grpc-default-executor-4] INFO  impl.RoleInfo (RoleInfo.java:shutdownFollowerState(121)) - 75159f97-af2c-48a6-bb8f-f5acb2145c35: shutdown FollowerState
2019-10-28 11:44:42,633 [grpc-default-executor-4] INFO  impl.RoleInfo (RoleInfo.java:updateAndGet(143)) - 75159f97-af2c-48a6-bb8f-f5acb2145c35: start FollowerState
2019-10-28 11:44:42,633 [Thread-1575] INFO  impl.FollowerState (FollowerState.java:run(117)) - 75159f97-af2c-48a6-bb8f-f5acb2145c35@group-08147416B334-FollowerState was interrupted: java.lang.InterruptedException: sleep interrupted
2019-10-28 11:44:42,638 [grpc-default-executor-0] INFO  impl.RaftServerImpl (RaftServerImpl.java:setRole(184)) - ce71e9bc-e571-4e52-8a73-1c9dce7b9fa7@group-08147416B334: changes role from  FOLLOWER to FOLLOWER at term 23 for recognizeCandidate:24830d12-f44b-43d9-b733-6f9667bbd6c9
2019-10-28 11:44:42,638 [grpc-default-executor-0] INFO  impl.RoleInfo (RoleInfo.java:shutdownFollowerState(121)) - ce71e9bc-e571-4e52-8a73-1c9dce7b9fa7: shutdown FollowerState
2019-10-28 11:44:42,640 [grpc-default-executor-0] INFO  impl.RoleInfo (RoleInfo.java:updateAndGet(143)) - ce71e9bc-e571-4e52-8a73-1c9dce7b9fa7: start FollowerState
2019-10-28 11:44:42,640 [Thread-1576] INFO  impl.FollowerState (FollowerState.java:run(117)) - ce71e9bc-e571-4e52-8a73-1c9dce7b9fa7@group-08147416B334-FollowerState was interrupted: java.lang.InterruptedException: sleep interrupted
2019-10-28 11:44:42,643 [EventQueue-CloseContainerForCloseContainerEventHandler] INFO  container.CloseContainerEventHandler (CloseContainerEventHandler.java:onMessage(61)) - Close container Event triggered for container : #1
2019-10-28 11:44:42,647 [EventQueue-CloseContainerForCloseContainerEventHandler] INFO  container.CloseContainerEventHandler (CloseContainerEventHandler.java:onMessage(61)) - Close container Event triggered for container : #1
2019-10-28 11:44:42,647 [EventQueue-CloseContainerForCloseContainerEventHandler] INFO  container.CloseContainerEventHandler (CloseContainerEventHandler.java:onMessage(61)) - Close container Event triggered for container : #1
2019-10-28 11:44:42,668 [24830d12-f44b-43d9-b733-6f9667bbd6c9@group-08147416B334-LeaderElection57] INFO  impl.LeaderElection (LeaderElection.java:askForVotes(178)) - 24830d12-f44b-43d9-b733-6f9667bbd6c9@group-08147416B334-LeaderElection57: begin an election at term 24 for -1: [24830d12-f44b-43d9-b733-6f9667bbd6c9:192.168.164.193:40613, 75159f97-af2c-48a6-bb8f-f5acb2145c35:192.168.164.193:42423, ce71e9bc-e571-4e52-8a73-1c9dce7b9fa7:192.168.164.193:36234], old=null
2019-10-28 11:44:42,670 [grpc-default-executor-0] INFO  impl.RaftServerImpl (RaftServerImpl.java:setRole(184)) - 75159f97-af2c-48a6-bb8f-f5acb2145c35@group-08147416B334: changes role from  FOLLOWER to FOLLOWER at term 24 for recognizeCandidate:24830d12-f44b-43d9-b733-6f9667bbd6c9
2019-10-28 11:44:42,670 [grpc-default-executor-0] INFO  impl.RoleInfo (RoleInfo.java:shutdownFollowerState(121)) - 75159f97-af2c-48a6-bb8f-f5acb2145c35: shutdown FollowerState
2019-10-28 11:44:42,670 [Thread-1594] INFO  impl.FollowerState (FollowerState.java:run(117)) - 75159f97-af2c-48a6-bb8f-f5acb2145c35@group-08147416B334-FollowerState was interrupted: java.lang.InterruptedException: sleep interrupted
2019-10-28 11:44:42,671 [grpc-default-executor-4] INFO  impl.RaftServerImpl (RaftServerImpl.java:setRole(184)) - ce71e9bc-e571-4e52-8a73-1c9dce7b9fa7@group-08147416B334: changes role from  FOLLOWER to FOLLOWER at term 24 for recognizeCandidate:24830d12-f44b-43d9-b733-6f9667bbd6c9
2019-10-28 11:44:42,670 [grpc-default-executor-0] INFO  impl.RoleInfo (RoleInfo.java:updateAndGet(143)) - 75159f97-af2c-48a6-bb8f-f5acb2145c35: start FollowerState
2019-10-28 11:44:42,671 [grpc-default-executor-4] INFO  impl.RoleInfo (RoleInfo.java:shutdownFollowerState(121)) - ce71e9bc-e571-4e52-8a73-1c9dce7b9fa7: shutdown FollowerState
2019-10-28 11:44:42,671 [grpc-default-executor-4] INFO  impl.RoleInfo (RoleInfo.java:updateAndGet(143)) - ce71e9bc-e571-4e52-8a73-1c9dce7b9fa7: start FollowerState
2019-10-28 11:44:42,671 [Thread-1596] INFO  impl.FollowerState (FollowerState.java:run(117)) - ce71e9bc-e571-4e52-8a73-1c9dce7b9fa7@group-08147416B334-FollowerState was interrupted: java.lang.InterruptedException: sleep interrupted
2019-10-28 11:44:42,685 [24830d12-f44b-43d9-b733-6f9667bbd6c9@group-08147416B334-LeaderElection57] INFO  impl.LeaderElection (LeaderElection.java:logAndReturn(56)) - 24830d12-f44b-43d9-b733-6f9667bbd6c9@group-08147416B334-LeaderElection57: Election REJECTED; received 2 response(s) [24830d12-f44b-43d9-b733-6f9667bbd6c9<-75159f97-af2c-48a6-bb8f-f5acb2145c35#0:FAIL-t24, 24830d12-f44b-43d9-b733-6f9667bbd6c9<-ce71e9bc-e571-4e52-8a73-1c9dce7b9fa7#0:FAIL-t24] and 0 exception(s); 24830d12-f44b-43d9-b733-6f9667bbd6c9@group-08147416B334:t24, leader=null, voted=24830d12-f44b-43d9-b733-6f9667bbd6c9, raftlog=24830d12-f44b-43d9-b733-6f9667bbd6c9@group-08147416B334-SegmentedRaftLog:OPENED:c-1,f-1,i0, conf=-1: [24830d12-f44b-43d9-b733-6f9667bbd6c9:192.168.164.193:40613, 75159f97-af2c-48a6-bb8f-f5acb2145c35:192.168.164.193:42423, ce71e9bc-e571-4e52-8a73-1c9dce7b9fa7:192.168.164.193:36234], old=null
2019-10-28 11:44:42,686 [24830d12-f44b-43d9-b733-6f9667bbd6c9@group-08147416B334-LeaderElection57] INFO  impl.RaftServerImpl (RaftServerImpl.java:setRole(184)) - 24830d12-f44b-43d9-b733-6f9667bbd6c9@group-08147416B334: changes role from CANDIDATE to FOLLOWER at term 24 for DISCOVERED_A_NEW_TERM
2019-10-28 11:44:42,686 [24830d12-f44b-43d9-b733-6f9667bbd6c9@group-08147416B334-LeaderElection57] INFO  impl.RoleInfo (RoleInfo.java:shutdownLeaderElection(134)) - 24830d12-f44b-43d9-b733-6f9667bbd6c9: shutdown LeaderElection
2019-10-28 11:44:42,686 [24830d12-f44b-43d9-b733-6f9667bbd6c9@group-08147416B334-LeaderElection57] INFO  impl.RoleInfo (RoleInfo.java:updateAndGet(143)) - 24830d12-f44b-43d9-b733-6f9667bbd6c9: start FollowerState
2019-10-28 11:44:42,722 [Thread-1603] INFO  impl.FollowerState (FollowerState.java:run(108)) - 24830d12-f44b-43d9-b733-6f9667bbd6c9@group-08147416B334-FollowerState: change to CANDIDATE, lastRpcTime:36ms, electionTimeout:36ms
2019-10-28 11:44:42,726 [Thread-1603] INFO  impl.RoleInfo (RoleInfo.java:shutdownFollowerState(121)) - 24830d12-f44b-43d9-b733-6f9667bbd6c9: shutdown FollowerState
2019-10-28 11:44:42,726 [Thread-1603] INFO  impl.RaftServerImpl (RaftServerImpl.java:setRole(184)) - 24830d12-f44b-43d9-b733-6f9667bbd6c9@group-08147416B334: changes role from  FOLLOWER to CANDIDATE at term 24 for changeToCandidate
2019-10-28 11:44:42,726 [Thread-1603] INFO  impl.RoleInfo (RoleInfo.java:updateAndGet(143)) - 24830d12-f44b-43d9-b733-6f9667bbd6c9: start LeaderElection
2019-10-28 11:44:42,747 [24830d12-f44b-43d9-b733-6f9667bbd6c9@group-08147416B334-LeaderElection58] INFO  impl.LeaderElection (LeaderElection.java:askForVotes(178)) - 24830d12-f44b-43d9-b733-6f9667bbd6c9@group-08147416B334-LeaderElection58: begin an election at term 25 for -1: [24830d12-f44b-43d9-b733-6f9667bbd6c9:192.168.164.193:40613, 75159f97-af2c-48a6-bb8f-f5acb2145c35:192.168.164.193:42423, ce71e9bc-e571-4e52-8a73-1c9dce7b9fa7:192.168.164.193:36234], old=null
2019-10-28 11:44:42,750 [grpc-default-executor-4] INFO  impl.RaftServerImpl (RaftServerImpl.java:setRole(184)) - 75159f97-af2c-48a6-bb8f-f5acb2145c35@group-08147416B334: changes role from  FOLLOWER to FOLLOWER at term 25 for recognizeCandidate:24830d12-f44b-43d9-b733-6f9667bbd6c9
2019-10-28 11:44:42,750 [grpc-default-executor-4] INFO  impl.RoleInfo (RoleInfo.java:shutdownFollowerState(121)) - 75159f97-af2c-48a6-bb8f-f5acb2145c35: shutdown FollowerState
2019-10-28 11:44:42,750 [grpc-default-executor-0] INFO  impl.RaftServerImpl (RaftServerImpl.java:setRole(184)) - ce71e9bc-e571-4e52-8a73-1c9dce7b9fa7@group-08147416B334: changes role from  FOLLOWER to FOLLOWER at term 25 for recognizeCandidate:24830d12-f44b-43d9-b733-6f9667bbd6c9
2019-10-28 11:44:42,750 [Thread-1601] INFO  impl.FollowerState (FollowerState.java:run(117)) - 75159f97-af2c-48a6-bb8f-f5acb2145c35@group-08147416B334-FollowerState was interrupted: java.lang.InterruptedException: sleep interrupted
2019-10-28 11:44:42,750 [grpc-default-executor-4] INFO  impl.RoleInfo (RoleInfo.java:updateAndGet(143)) - 75159f97-af2c-48a6-bb8f-f5acb2145c35: start FollowerState
2019-10-28 11:44:42,750 [grpc-default-executor-0] INFO  impl.RoleInfo (RoleInfo.java:shutdownFollowerState(121)) - ce71e9bc-e571-4e52-8a73-1c9dce7b9fa7: shutdown FollowerState
2019-10-28 11:44:42,751 [grpc-default-executor-0] INFO  impl.RoleInfo (RoleInfo.java:updateAndGet(143)) - ce71e9bc-e571-4e52-8a73-1c9dce7b9fa7: start FollowerState
2019-10-28 11:44:42,751 [Thread-1602] INFO  impl.FollowerState (FollowerState.java:run(117)) - ce71e9bc-e571-4e52-8a73-1c9dce7b9fa7@group-08147416B334-FollowerState was interrupted: java.lang.InterruptedException: sleep interrupted
2019-10-28 11:44:42,768 [24830d12-f44b-43d9-b733-6f9667bbd6c9@group-08147416B334-LeaderElection58] INFO  impl.LeaderElection (LeaderElection.java:logAndReturn(56)) - 24830d12-f44b-43d9-b733-6f9667bbd6c9@group-08147416B334-LeaderElection58: Election REJECTED; received 2 response(s) [24830d12-f44b-43d9-b733-6f9667bbd6c9<-75159f97-af2c-48a6-bb8f-f5acb2145c35#0:FAIL-t25, 24830d12-f44b-43d9-b733-6f9667bbd6c9<-ce71e9bc-e571-4e52-8a73-1c9dce7b9fa7#0:FAIL-t25] and 0 exception(s); 24830d12-f44b-43d9-b733-6f9667bbd6c9@group-08147416B334:t25, leader=null, voted=24830d12-f44b-43d9-b733-6f9667bbd6c9, raftlog=24830d12-f44b-43d9-b733-6f9667bbd6c9@group-08147416B334-SegmentedRaftLog:OPENED:c-1,f-1,i0, conf=-1: [24830d12-f44b-43d9-b733-6f9667bbd6c9:192.168.164.193:40613, 75159f97-af2c-48a6-bb8f-f5acb2145c35:192.168.164.193:42423, ce71e9bc-e571-4e52-8a73-1c9dce7b9fa7:192.168.164.193:36234], old=null
2019-10-28 11:44:42,768 [24830d12-f44b-43d9-b733-6f9667bbd6c9@group-08147416B334-LeaderElection58] INFO  impl.RaftServerImpl (RaftServerImpl.java:setRole(184)) - 24830d12-f44b-43d9-b733-6f9667bbd6c9@group-08147416B334: changes role from CANDIDATE to FOLLOWER at term 25 for DISCOVERED_A_NEW_TERM
2019-10-28 11:44:42,768 [24830d12-f44b-43d9-b733-6f9667bbd6c9@group-08147416B334-LeaderElection58] INFO  impl.RoleInfo (RoleInfo.java:shutdownLeaderElection(134)) - 24830d12-f44b-43d9-b733-6f9667bbd6c9: shutdown LeaderElection
2019-10-28 11:44:42,768 [24830d12-f44b-43d9-b733-6f9667bbd6c9@group-08147416B334-LeaderElection58] INFO  impl.RoleInfo (RoleInfo.java:updateAndGet(143)) - 24830d12-f44b-43d9-b733-6f9667bbd6c9: start FollowerState
2019-10-28 11:44:42,788 [Thread-1611] INFO  impl.FollowerState (FollowerState.java:run(108)) - 24830d12-f44b-43d9-b733-6f9667bbd6c9@group-08147416B334-FollowerState: change to CANDIDATE, lastRpcTime:20ms, electionTimeout:20ms
2019-10-28 11:44:42,792 [Thread-1611] INFO  impl.RoleInfo (RoleInfo.java:shutdownFollowerState(121)) - 24830d12-f44b-43d9-b733-6f9667bbd6c9: shutdown FollowerState
2019-10-28 11:44:42,792 [Thread-1611] INFO  impl.RaftServerImpl (RaftServerImpl.java:setRole(184)) - 24830d12-f44b-43d9-b733-6f9667bbd6c9@group-08147416B334: changes role from  FOLLOWER to CANDIDATE at term 25 for changeToCandidate
2019-10-28 11:44:42,793 [Thread-1611] INFO  impl.RoleInfo (RoleInfo.java:updateAndGet(143)) - 24830d12-f44b-43d9-b733-6f9667bbd6c9: start LeaderElection
2019-10-28 11:44:42,807 [24830d12-f44b-43d9-b733-6f9667bbd6c9@group-08147416B334-LeaderElection59] INFO  impl.LeaderElection (LeaderElection.java:askForVotes(178)) - 24830d12-f44b-43d9-b733-6f9667bbd6c9@group-08147416B334-LeaderElection59: begin an election at term 26 for -1: [24830d12-f44b-43d9-b733-6f9667bbd6c9:192.168.164.193:40613, 75159f97-af2c-48a6-bb8f-f5acb2145c35:192.168.164.193:42423, ce71e9bc-e571-4e52-8a73-1c9dce7b9fa7:192.168.164.193:36234], old=null
2019-10-28 11:44:42,809 [grpc-default-executor-8] INFO  impl.RaftServerImpl (RaftServerImpl.java:setRole(184)) - 75159f97-af2c-48a6-bb8f-f5acb2145c35@group-08147416B334: changes role from  FOLLOWER to FOLLOWER at term 26 for recognizeCandidate:24830d12-f44b-43d9-b733-6f9667bbd6c9
2019-10-28 11:44:42,809 [grpc-default-executor-8] INFO  impl.RoleInfo (RoleInfo.java:shutdownFollowerState(121)) - 75159f97-af2c-48a6-bb8f-f5acb2145c35: shutdown FollowerState
2019-10-28 11:44:42,809 [grpc-default-executor-0] INFO  impl.RaftServerImpl (RaftServerImpl.java:setRole(184)) - ce71e9bc-e571-4e52-8a73-1c9dce7b9fa7@group-08147416B334: changes role from  FOLLOWER to FOLLOWER at term 26 for recognizeCandidate:24830d12-f44b-43d9-b733-6f9667bbd6c9
2019-10-28 11:44:42,809 [Thread-1607] INFO  impl.FollowerState (FollowerState.java:run(117)) - 75159f97-af2c-48a6-bb8f-f5acb2145c35@group-08147416B334-FollowerState was interrupted: java.lang.InterruptedException: sleep interrupted
2019-10-28 11:44:42,809 [grpc-default-executor-8] INFO  impl.RoleInfo (RoleInfo.java:updateAndGet(143)) - 75159f97-af2c-48a6-bb8f-f5acb2145c35: start FollowerState
2019-10-28 11:44:42,809 [grpc-default-executor-0] INFO  impl.RoleInfo (RoleInfo.java:shutdownFollowerState(121)) - ce71e9bc-e571-4e52-8a73-1c9dce7b9fa7: shutdown FollowerState
2019-10-28 11:44:42,810 [grpc-default-executor-0] INFO  impl.RoleInfo (RoleInfo.java:updateAndGet(143)) - ce71e9bc-e571-4e52-8a73-1c9dce7b9fa7: start FollowerState
2019-10-28 11:44:42,810 [Thread-1608] INFO  impl.FollowerState (FollowerState.java:run(117)) - ce71e9bc-e571-4e52-8a73-1c9dce7b9fa7@group-08147416B334-FollowerState was interrupted: java.lang.InterruptedException: sleep interrupted
2019-10-28 11:44:42,848 [24830d12-f44b-43d9-b733-6f9667bbd6c9@group-08147416B334-LeaderElection59] INFO  impl.LeaderElection (LeaderElection.java:logAndReturn(56)) - 24830d12-f44b-43d9-b733-6f9667bbd6c9@group-08147416B334-LeaderElection59: Election REJECTED; received 2 response(s) [24830d12-f44b-43d9-b733-6f9667bbd6c9<-75159f97-af2c-48a6-bb8f-f5acb2145c35#0:FAIL-t26, 24830d12-f44b-43d9-b733-6f9667bbd6c9<-ce71e9bc-e571-4e52-8a73-1c9dce7b9fa7#0:FAIL-t26] and 0 exception(s); 24830d12-f44b-43d9-b733-6f9667bbd6c9@group-08147416B334:t26, leader=null, voted=24830d12-f44b-43d9-b733-6f9667bbd6c9, raftlog=24830d12-f44b-43d9-b733-6f9667bbd6c9@group-08147416B334-SegmentedRaftLog:OPENED:c-1,f-1,i0, conf=-1: [24830d12-f44b-43d9-b733-6f9667bbd6c9:192.168.164.193:40613, 75159f97-af2c-48a6-bb8f-f5acb2145c35:192.168.164.193:42423, ce71e9bc-e571-4e52-8a73-1c9dce7b9fa7:192.168.164.193:36234], old=null
2019-10-28 11:44:42,848 [24830d12-f44b-43d9-b733-6f9667bbd6c9@group-08147416B334-LeaderElection59] INFO  impl.RaftServerImpl (RaftServerImpl.java:setRole(184)) - 24830d12-f44b-43d9-b733-6f9667bbd6c9@group-08147416B334: changes role from CANDIDATE to FOLLOWER at term 26 for DISCOVERED_A_NEW_TERM
2019-10-28 11:44:42,848 [24830d12-f44b-43d9-b733-6f9667bbd6c9@group-08147416B334-LeaderElection59] INFO  impl.RoleInfo (RoleInfo.java:shutdownLeaderElection(134)) - 24830d12-f44b-43d9-b733-6f9667bbd6c9: shutdown LeaderElection
2019-10-28 11:44:42,848 [24830d12-f44b-43d9-b733-6f9667bbd6c9@group-08147416B334-LeaderElection59] INFO  impl.RoleInfo (RoleInfo.java:updateAndGet(143)) - 24830d12-f44b-43d9-b733-6f9667bbd6c9: start FollowerState
2019-10-28 11:44:42,947 [Thread-1617] INFO  impl.FollowerState (FollowerState.java:run(108)) - 24830d12-f44b-43d9-b733-6f9667bbd6c9@group-08147416B334-FollowerState: change to CANDIDATE, lastRpcTime:98ms, electionTimeout:98ms
2019-10-28 11:44:42,970 [Thread-1617] INFO  impl.RoleInfo (RoleInfo.java:shutdownFollowerState(121)) - 24830d12-f44b-43d9-b733-6f9667bbd6c9: shutdown FollowerState
2019-10-28 11:44:42,970 [Thread-1617] INFO  impl.RaftServerImpl (RaftServerImpl.java:setRole(184)) - 24830d12-f44b-43d9-b733-6f9667bbd6c9@group-08147416B334: changes role from  FOLLOWER to CANDIDATE at term 26 for changeToCandidate
2019-10-28 11:44:42,970 [Thread-1617] INFO  impl.RoleInfo (RoleInfo.java:updateAndGet(143)) - 24830d12-f44b-43d9-b733-6f9667bbd6c9: start LeaderElection
2019-10-28 11:44:42,985 [24830d12-f44b-43d9-b733-6f9667bbd6c9@group-08147416B334-LeaderElection60] INFO  impl.LeaderElection (LeaderElection.java:askForVotes(178)) - 24830d12-f44b-43d9-b733-6f9667bbd6c9@group-08147416B334-LeaderElection60: begin an election at term 27 for -1: [24830d12-f44b-43d9-b733-6f9667bbd6c9:192.168.164.193:40613, 75159f97-af2c-48a6-bb8f-f5acb2145c35:192.168.164.193:42423, ce71e9bc-e571-4e52-8a73-1c9dce7b9fa7:192.168.164.193:36234], old=null
2019-10-28 11:44:42,988 [grpc-default-executor-8] INFO  impl.RaftServerImpl (RaftServerImpl.java:setRole(184)) - 75159f97-af2c-48a6-bb8f-f5acb2145c35@group-08147416B334: changes role from  FOLLOWER to FOLLOWER at term 27 for recognizeCandidate:24830d12-f44b-43d9-b733-6f9667bbd6c9
2019-10-28 11:44:42,988 [grpc-default-executor-0] INFO  impl.RaftServerImpl (RaftServerImpl.java:setRole(184)) - ce71e9bc-e571-4e52-8a73-1c9dce7b9fa7@group-08147416B334: changes role from  FOLLOWER to FOLLOWER at term 27 for recognizeCandidate:24830d12-f44b-43d9-b733-6f9667bbd6c9
2019-10-28 11:44:42,988 [grpc-default-executor-8] INFO  impl.RoleInfo (RoleInfo.java:shutdownFollowerState(121)) - 75159f97-af2c-48a6-bb8f-f5acb2145c35: shutdown FollowerState
2019-10-28 11:44:42,988 [grpc-default-executor-0] INFO  impl.RoleInfo (RoleInfo.java:shutdownFollowerState(121)) - ce71e9bc-e571-4e52-8a73-1c9dce7b9fa7: shutdown FollowerState
2019-10-28 11:44:42,988 [Thread-1615] INFO  impl.FollowerState (FollowerState.java:run(117)) - 75159f97-af2c-48a6-bb8f-f5acb2145c35@group-08147416B334-FollowerState was interrupted: java.lang.InterruptedException: sleep interrupted
2019-10-28 11:44:42,988 [grpc-default-executor-8] INFO  impl.RoleInfo (RoleInfo.java:updateAndGet(143)) - 75159f97-af2c-48a6-bb8f-f5acb2145c35: start FollowerState
2019-10-28 11:44:42,989 [Thread-1616] INFO  impl.FollowerState (FollowerState.java:run(117)) - ce71e9bc-e571-4e52-8a73-1c9dce7b9fa7@group-08147416B334-FollowerState was interrupted: java.lang.InterruptedException: sleep interrupted
2019-10-28 11:44:42,988 [grpc-default-executor-0] INFO  impl.RoleInfo (RoleInfo.java:updateAndGet(143)) - ce71e9bc-e571-4e52-8a73-1c9dce7b9fa7: start FollowerState
2019-10-28 11:44:43,021 [24830d12-f44b-43d9-b733-6f9667bbd6c9@group-08147416B334-LeaderElection60] INFO  impl.LeaderElection (LeaderElection.java:logAndReturn(56)) - 24830d12-f44b-43d9-b733-6f9667bbd6c9@group-08147416B334-LeaderElection60: Election REJECTED; received 2 response(s) [24830d12-f44b-43d9-b733-6f9667bbd6c9<-75159f97-af2c-48a6-bb8f-f5acb2145c35#0:FAIL-t27, 24830d12-f44b-43d9-b733-6f9667bbd6c9<-ce71e9bc-e571-4e52-8a73-1c9dce7b9fa7#0:FAIL-t27] and 0 exception(s); 24830d12-f44b-43d9-b733-6f9667bbd6c9@group-08147416B334:t27, leader=null, voted=24830d12-f44b-43d9-b733-6f9667bbd6c9, raftlog=24830d12-f44b-43d9-b733-6f9667bbd6c9@group-08147416B334-SegmentedRaftLog:OPENED:c-1,f-1,i0, conf=-1: [24830d12-f44b-43d9-b733-6f9667bbd6c9:192.168.164.193:40613, 75159f97-af2c-48a6-bb8f-f5acb2145c35:192.168.164.193:42423, ce71e9bc-e571-4e52-8a73-1c9dce7b9fa7:192.168.164.193:36234], old=null
2019-10-28 11:44:43,021 [24830d12-f44b-43d9-b733-6f9667bbd6c9@group-08147416B334-LeaderElection60] INFO  impl.RaftServerImpl (RaftServerImpl.java:setRole(184)) - 24830d12-f44b-43d9-b733-6f9667bbd6c9@group-08147416B334: changes role from CANDIDATE to FOLLOWER at term 27 for DISCOVERED_A_NEW_TERM
2019-10-28 11:44:43,021 [24830d12-f44b-43d9-b733-6f9667bbd6c9@group-08147416B334-LeaderElection60] INFO  impl.RoleInfo (RoleInfo.java:shutdownLeaderElection(134)) - 24830d12-f44b-43d9-b733-6f9667bbd6c9: shutdown LeaderElection
2019-10-28 11:44:43,021 [24830d12-f44b-43d9-b733-6f9667bbd6c9@group-08147416B334-LeaderElection60] INFO  impl.RoleInfo (RoleInfo.java:updateAndGet(143)) - 24830d12-f44b-43d9-b733-6f9667bbd6c9: start FollowerState
2019-10-28 11:44:43,192 [Thread-1623] INFO  impl.FollowerState (FollowerState.java:run(108)) - 24830d12-f44b-43d9-b733-6f9667bbd6c9@group-08147416B334-FollowerState: change to CANDIDATE, lastRpcTime:170ms, electionTimeout:170ms
2019-10-28 11:44:43,192 [Thread-1623] INFO  impl.RoleInfo (RoleInfo.java:shutdownFollowerState(121)) - 24830d12-f44b-43d9-b733-6f9667bbd6c9: shutdown FollowerState
2019-10-28 11:44:43,192 [Thread-1623] INFO  impl.RaftServerImpl (RaftServerImpl.java:setRole(184)) - 24830d12-f44b-43d9-b733-6f9667bbd6c9@group-08147416B334: changes role from  FOLLOWER to CANDIDATE at term 27 for changeToCandidate
2019-10-28 11:44:43,192 [Thread-1623] INFO  impl.RoleInfo (RoleInfo.java:updateAndGet(143)) - 24830d12-f44b-43d9-b733-6f9667bbd6c9: start LeaderElection
2019-10-28 11:44:43,206 [24830d12-f44b-43d9-b733-6f9667bbd6c9@group-08147416B334-LeaderElection61] INFO  impl.LeaderElection (LeaderElection.java:askForVotes(178)) - 24830d12-f44b-43d9-b733-6f9667bbd6c9@group-08147416B334-LeaderElection61: begin an election at term 28 for -1: [24830d12-f44b-43d9-b733-6f9667bbd6c9:192.168.164.193:40613, 75159f97-af2c-48a6-bb8f-f5acb2145c35:192.168.164.193:42423, ce71e9bc-e571-4e52-8a73-1c9dce7b9fa7:192.168.164.193:36234], old=null
2019-10-28 11:44:43,209 [grpc-default-executor-0] INFO  impl.RaftServerImpl (RaftServerImpl.java:setRole(184)) - ce71e9bc-e571-4e52-8a73-1c9dce7b9fa7@group-08147416B334: changes role from  FOLLOWER to FOLLOWER at term 28 for recognizeCandidate:24830d12-f44b-43d9-b733-6f9667bbd6c9
2019-10-28 11:44:43,209 [grpc-default-executor-8] INFO  impl.RaftServerImpl (RaftServerImpl.java:setRole(184)) - 75159f97-af2c-48a6-bb8f-f5acb2145c35@group-08147416B334: changes role from  FOLLOWER to FOLLOWER at term 28 for recognizeCandidate:24830d12-f44b-43d9-b733-6f9667bbd6c9
2019-10-28 11:44:43,209 [grpc-default-executor-0] INFO  impl.RoleInfo (RoleInfo.java:shutdownFollowerState(121)) - ce71e9bc-e571-4e52-8a73-1c9dce7b9fa7: shutdown FollowerState
2019-10-28 11:44:43,209 [grpc-default-executor-8] INFO  impl.RoleInfo (RoleInfo.java:shutdownFollowerState(121)) - 75159f97-af2c-48a6-bb8f-f5acb2145c35: shutdown FollowerState
2019-10-28 11:44:43,209 [Thread-1622] INFO  impl.FollowerState (FollowerState.java:run(117)) - ce71e9bc-e571-4e52-8a73-1c9dce7b9fa7@group-08147416B334-FollowerState was interrupted: java.lang.InterruptedException: sleep interrupted
2019-10-28 11:44:43,209 [grpc-default-executor-0] INFO  impl.RoleInfo (RoleInfo.java:updateAndGet(143)) - ce71e9bc-e571-4e52-8a73-1c9dce7b9fa7: start FollowerState
2019-10-28 11:44:43,209 [Thread-1621] INFO  impl.FollowerState (FollowerState.java:run(117)) - 75159f97-af2c-48a6-bb8f-f5acb2145c35@group-08147416B334-FollowerState was interrupted: java.lang.InterruptedException: sleep interrupted
2019-10-28 11:44:43,209 [grpc-default-executor-8] INFO  impl.RoleInfo (RoleInfo.java:updateAndGet(143)) - 75159f97-af2c-48a6-bb8f-f5acb2145c35: start FollowerState
2019-10-28 11:44:43,223 [24830d12-f44b-43d9-b733-6f9667bbd6c9@group-08147416B334-LeaderElection61] INFO  impl.LeaderElection (LeaderElection.java:logAndReturn(56)) - 24830d12-f44b-43d9-b733-6f9667bbd6c9@group-08147416B334-LeaderElection61: Election REJECTED; received 2 response(s) [24830d12-f44b-43d9-b733-6f9667bbd6c9<-75159f97-af2c-48a6-bb8f-f5acb2145c35#0:FAIL-t28, 24830d12-f44b-43d9-b733-6f9667bbd6c9<-ce71e9bc-e571-4e52-8a73-1c9dce7b9fa7#0:FAIL-t28] and 0 exception(s); 24830d12-f44b-43d9-b733-6f9667bbd6c9@group-08147416B334:t28, leader=null, voted=24830d12-f44b-43d9-b733-6f9667bbd6c9, raftlog=24830d12-f44b-43d9-b733-6f9667bbd6c9@group-08147416B334-SegmentedRaftLog:OPENED:c-1,f-1,i0, conf=-1: [24830d12-f44b-43d9-b733-6f9667bbd6c9:192.168.164.193:40613, 75159f97-af2c-48a6-bb8f-f5acb2145c35:192.168.164.193:42423, ce71e9bc-e571-4e52-8a73-1c9dce7b9fa7:192.168.164.193:36234], old=null
2019-10-28 11:44:43,223 [24830d12-f44b-43d9-b733-6f9667bbd6c9@group-08147416B334-LeaderElection61] INFO  impl.RaftServerImpl (RaftServerImpl.java:setRole(184)) - 24830d12-f44b-43d9-b733-6f9667bbd6c9@group-08147416B334: changes role from CANDIDATE to FOLLOWER at term 28 for DISCOVERED_A_NEW_TERM
2019-10-28 11:44:43,224 [24830d12-f44b-43d9-b733-6f9667bbd6c9@group-08147416B334-LeaderElection61] INFO  impl.RoleInfo (RoleInfo.java:shutdownLeaderElection(134)) - 24830d12-f44b-43d9-b733-6f9667bbd6c9: shutdown LeaderElection
2019-10-28 11:44:43,224 [24830d12-f44b-43d9-b733-6f9667bbd6c9@group-08147416B334-LeaderElection61] INFO  impl.RoleInfo (RoleInfo.java:updateAndGet(143)) - 24830d12-f44b-43d9-b733-6f9667bbd6c9: start FollowerState
2019-10-28 11:44:43,317 [Thread-1631] INFO  impl.FollowerState (FollowerState.java:run(108)) - 24830d12-f44b-43d9-b733-6f9667bbd6c9@group-08147416B334-FollowerState: change to CANDIDATE, lastRpcTime:93ms, electionTimeout:93ms
2019-10-28 11:44:43,317 [Thread-1631] INFO  impl.RoleInfo (RoleInfo.java:shutdownFollowerState(121)) - 24830d12-f44b-43d9-b733-6f9667bbd6c9: shutdown FollowerState
2019-10-28 11:44:43,317 [Thread-1631] INFO  impl.RaftServerImpl (RaftServerImpl.java:setRole(184)) - 24830d12-f44b-43d9-b733-6f9667bbd6c9@group-08147416B334: changes role from  FOLLOWER to CANDIDATE at term 28 for changeToCandidate
2019-10-28 11:44:43,318 [Thread-1631] INFO  impl.RoleInfo (RoleInfo.java:updateAndGet(143)) - 24830d12-f44b-43d9-b733-6f9667bbd6c9: start LeaderElection
2019-10-28 11:44:43,332 [24830d12-f44b-43d9-b733-6f9667bbd6c9@group-08147416B334-LeaderElection62] INFO  impl.LeaderElection (LeaderElection.java:askForVotes(178)) - 24830d12-f44b-43d9-b733-6f9667bbd6c9@group-08147416B334-LeaderElection62: begin an election at term 29 for -1: [24830d12-f44b-43d9-b733-6f9667bbd6c9:192.168.164.193:40613, 75159f97-af2c-48a6-bb8f-f5acb2145c35:192.168.164.193:42423, ce71e9bc-e571-4e52-8a73-1c9dce7b9fa7:192.168.164.193:36234], old=null
2019-10-28 11:44:43,334 [grpc-default-executor-0] INFO  impl.RaftServerImpl (RaftServerImpl.java:setRole(184)) - ce71e9bc-e571-4e52-8a73-1c9dce7b9fa7@group-08147416B334: changes role from  FOLLOWER to FOLLOWER at term 29 for recognizeCandidate:24830d12-f44b-43d9-b733-6f9667bbd6c9
2019-10-28 11:44:43,334 [grpc-default-executor-8] INFO  impl.RaftServerImpl (RaftServerImpl.java:setRole(184)) - 75159f97-af2c-48a6-bb8f-f5acb2145c35@group-08147416B334: changes role from  FOLLOWER to FOLLOWER at term 29 for recognizeCandidate:24830d12-f44b-43d9-b733-6f9667bbd6c9
2019-10-28 11:44:43,334 [grpc-default-executor-0] INFO  impl.RoleInfo (RoleInfo.java:shutdownFollowerState(121)) - ce71e9bc-e571-4e52-8a73-1c9dce7b9fa7: shutdown FollowerState
2019-10-28 11:44:43,334 [grpc-default-executor-8] INFO  impl.RoleInfo (RoleInfo.java:shutdownFollowerState(121)) - 75159f97-af2c-48a6-bb8f-f5acb2145c35: shutdown FollowerState
2019-10-28 11:44:43,334 [Thread-1629] INFO  impl.FollowerState (FollowerState.java:run(117)) - ce71e9bc-e571-4e52-8a73-1c9dce7b9fa7@group-08147416B334-FollowerState was interrupted: java.lang.InterruptedException: sleep interrupted
2019-10-28 11:44:43,334 [grpc-default-executor-0] INFO  impl.RoleInfo (RoleInfo.java:updateAndGet(143)) - ce71e9bc-e571-4e52-8a73-1c9dce7b9fa7: start FollowerState
2019-10-28 11:44:43,334 [Thread-1630] INFO  impl.FollowerState (FollowerState.java:run(117)) - 75159f97-af2c-48a6-bb8f-f5acb2145c35@group-08147416B334-FollowerState was interrupted: java.lang.InterruptedException: sleep interrupted
2019-10-28 11:44:43,334 [grpc-default-executor-8] INFO  impl.RoleInfo (RoleInfo.java:updateAndGet(143)) - 75159f97-af2c-48a6-bb8f-f5acb2145c35: start FollowerState
2019-10-28 11:44:43,348 [24830d12-f44b-43d9-b733-6f9667bbd6c9@group-08147416B334-LeaderElection62] INFO  impl.LeaderElection (LeaderElection.java:logAndReturn(56)) - 24830d12-f44b-43d9-b733-6f9667bbd6c9@group-08147416B334-LeaderElection62: Election REJECTED; received 2 response(s) [24830d12-f44b-43d9-b733-6f9667bbd6c9<-75159f97-af2c-48a6-bb8f-f5acb2145c35#0:FAIL-t29, 24830d12-f44b-43d9-b733-6f9667bbd6c9<-ce71e9bc-e571-4e52-8a73-1c9dce7b9fa7#0:FAIL-t29] and 0 exception(s); 24830d12-f44b-43d9-b733-6f9667bbd6c9@group-08147416B334:t29, leader=null, voted=24830d12-f44b-43d9-b733-6f9667bbd6c9, raftlog=24830d12-f44b-43d9-b733-6f9667bbd6c9@group-08147416B334-SegmentedRaftLog:OPENED:c-1,f-1,i0, conf=-1: [24830d12-f44b-43d9-b733-6f9667bbd6c9:192.168.164.193:40613, 75159f97-af2c-48a6-bb8f-f5acb2145c35:192.168.164.193:42423, ce71e9bc-e571-4e52-8a73-1c9dce7b9fa7:192.168.164.193:36234], old=null
2019-10-28 11:44:43,348 [24830d12-f44b-43d9-b733-6f9667bbd6c9@group-08147416B334-LeaderElection62] INFO  impl.RaftServerImpl (RaftServerImpl.java:setRole(184)) - 24830d12-f44b-43d9-b733-6f9667bbd6c9@group-08147416B334: changes role from CANDIDATE to FOLLOWER at term 29 for DISCOVERED_A_NEW_TERM
2019-10-28 11:44:43,348 [24830d12-f44b-43d9-b733-6f9667bbd6c9@group-08147416B334-LeaderElection62] INFO  impl.RoleInfo (RoleInfo.java:shutdownLeaderElection(134)) - 24830d12-f44b-43d9-b733-6f9667bbd6c9: shutdown LeaderElection
2019-10-28 11:44:43,348 [24830d12-f44b-43d9-b733-6f9667bbd6c9@group-08147416B334-LeaderElection62] INFO  impl.RoleInfo (RoleInfo.java:updateAndGet(143)) - 24830d12-f44b-43d9-b733-6f9667bbd6c9: start FollowerState
2019-10-28 11:44:43,457 [Thread-1639] INFO  impl.FollowerState (FollowerState.java:run(108)) - 24830d12-f44b-43d9-b733-6f9667bbd6c9@group-08147416B334-FollowerState: change to CANDIDATE, lastRpcTime:108ms, electionTimeout:108ms
2019-10-28 11:44:43,457 [Thread-1639] INFO  impl.RoleInfo (RoleInfo.java:shutdownFollowerState(121)) - 24830d12-f44b-43d9-b733-6f9667bbd6c9: shutdown FollowerState
2019-10-28 11:44:43,457 [Thread-1639] INFO  impl.RaftServerImpl (RaftServerImpl.java:setRole(184)) - 24830d12-f44b-43d9-b733-6f9667bbd6c9@group-08147416B334: changes role from  FOLLOWER to CANDIDATE at term 29 for changeToCandidate
2019-10-28 11:44:43,457 [Thread-1639] INFO  impl.RoleInfo (RoleInfo.java:updateAndGet(143)) - 24830d12-f44b-43d9-b733-6f9667bbd6c9: start LeaderElection
2019-10-28 11:44:43,464 [24830d12-f44b-43d9-b733-6f9667bbd6c9@group-08147416B334-LeaderElection63] INFO  impl.LeaderElection (LeaderElection.java:askForVotes(178)) - 24830d12-f44b-43d9-b733-6f9667bbd6c9@group-08147416B334-LeaderElection63: begin an election at term 30 for -1: [24830d12-f44b-43d9-b733-6f9667bbd6c9:192.168.164.193:40613, 75159f97-af2c-48a6-bb8f-f5acb2145c35:192.168.164.193:42423, ce71e9bc-e571-4e52-8a73-1c9dce7b9fa7:192.168.164.193:36234], old=null
2019-10-28 11:44:43,467 [grpc-default-executor-0] INFO  impl.RaftServerImpl (RaftServerImpl.java:setRole(184)) - ce71e9bc-e571-4e52-8a73-1c9dce7b9fa7@group-08147416B334: changes role from  FOLLOWER to FOLLOWER at term 30 for recognizeCandidate:24830d12-f44b-43d9-b733-6f9667bbd6c9
2019-10-28 11:44:43,467 [grpc-default-executor-8] INFO  impl.RaftServerImpl (RaftServerImpl.java:setRole(184)) - 75159f97-af2c-48a6-bb8f-f5acb2145c35@group-08147416B334: changes role from  FOLLOWER to FOLLOWER at term 30 for recognizeCandidate:24830d12-f44b-43d9-b733-6f9667bbd6c9
2019-10-28 11:44:43,467 [grpc-default-executor-0] INFO  impl.RoleInfo (RoleInfo.java:shutdownFollowerState(121)) - ce71e9bc-e571-4e52-8a73-1c9dce7b9fa7: shutdown FollowerState
2019-10-28 11:44:43,467 [grpc-default-executor-8] INFO  impl.RoleInfo (RoleInfo.java:shutdownFollowerState(121)) - 75159f97-af2c-48a6-bb8f-f5acb2145c35: shutdown FollowerState
2019-10-28 11:44:43,467 [Thread-1637] INFO  impl.FollowerState (FollowerState.java:run(117)) - ce71e9bc-e571-4e52-8a73-1c9dce7b9fa7@group-08147416B334-FollowerState was interrupted: java.lang.InterruptedException: sleep interrupted
2019-10-28 11:44:43,467 [grpc-default-executor-0] INFO  impl.RoleInfo (RoleInfo.java:updateAndGet(143)) - ce71e9bc-e571-4e52-8a73-1c9dce7b9fa7: start FollowerState
2019-10-28 11:44:43,467 [Thread-1638] INFO  impl.FollowerState (FollowerState.java:run(117)) - 75159f97-af2c-48a6-bb8f-f5acb2145c35@group-08147416B334-FollowerState was interrupted: java.lang.InterruptedException: sleep interrupted
2019-10-28 11:44:43,467 [grpc-default-executor-8] INFO  impl.RoleInfo (RoleInfo.java:updateAndGet(143)) - 75159f97-af2c-48a6-bb8f-f5acb2145c35: start FollowerState
2019-10-28 11:44:43,482 [24830d12-f44b-43d9-b733-6f9667bbd6c9@group-08147416B334-LeaderElection63] INFO  impl.LeaderElection (LeaderElection.java:logAndReturn(56)) - 24830d12-f44b-43d9-b733-6f9667bbd6c9@group-08147416B334-LeaderElection63: Election REJECTED; received 2 response(s) [24830d12-f44b-43d9-b733-6f9667bbd6c9<-75159f97-af2c-48a6-bb8f-f5acb2145c35#0:FAIL-t30, 24830d12-f44b-43d9-b733-6f9667bbd6c9<-ce71e9bc-e571-4e52-8a73-1c9dce7b9fa7#0:FAIL-t30] and 0 exception(s); 24830d12-f44b-43d9-b733-6f9667bbd6c9@group-08147416B334:t30, leader=null, voted=24830d12-f44b-43d9-b733-6f9667bbd6c9, raftlog=24830d12-f44b-43d9-b733-6f9667bbd6c9@group-08147416B334-SegmentedRaftLog:OPENED:c-1,f-1,i0, conf=-1: [24830d12-f44b-43d9-b733-6f9667bbd6c9:192.168.164.193:40613, 75159f97-af2c-48a6-bb8f-f5acb2145c35:192.168.164.193:42423, ce71e9bc-e571-4e52-8a73-1c9dce7b9fa7:192.168.164.193:36234], old=null
2019-10-28 11:44:43,482 [24830d12-f44b-43d9-b733-6f9667bbd6c9@group-08147416B334-LeaderElection63] INFO  impl.RaftServerImpl (RaftServerImpl.java:setRole(184)) - 24830d12-f44b-43d9-b733-6f9667bbd6c9@group-08147416B334: changes role from CANDIDATE to FOLLOWER at term 30 for DISCOVERED_A_NEW_TERM
2019-10-28 11:44:43,482 [24830d12-f44b-43d9-b733-6f9667bbd6c9@group-08147416B334-LeaderElection63] INFO  impl.RoleInfo (RoleInfo.java:shutdownLeaderElection(134)) - 24830d12-f44b-43d9-b733-6f9667bbd6c9: shutdown LeaderElection
2019-10-28 11:44:43,482 [24830d12-f44b-43d9-b733-6f9667bbd6c9@group-08147416B334-LeaderElection63] INFO  impl.RoleInfo (RoleInfo.java:updateAndGet(143)) - 24830d12-f44b-43d9-b733-6f9667bbd6c9: start FollowerState
2019-10-28 11:44:43,497 [Thread-1645] INFO  impl.FollowerState (FollowerState.java:run(108)) - 24830d12-f44b-43d9-b733-6f9667bbd6c9@group-08147416B334-FollowerState: change to CANDIDATE, lastRpcTime:14ms, electionTimeout:14ms
2019-10-28 11:44:43,497 [Thread-1645] INFO  impl.RoleInfo (RoleInfo.java:shutdownFollowerState(121)) - 24830d12-f44b-43d9-b733-6f9667bbd6c9: shutdown FollowerState
2019-10-28 11:44:43,497 [Thread-1645] INFO  impl.RaftServerImpl (RaftServerImpl.java:setRole(184)) - 24830d12-f44b-43d9-b733-6f9667bbd6c9@group-08147416B334: changes role from  FOLLOWER to CANDIDATE at term 30 for changeToCandidate
2019-10-28 11:44:43,497 [Thread-1645] INFO  impl.RoleInfo (RoleInfo.java:updateAndGet(143)) - 24830d12-f44b-43d9-b733-6f9667bbd6c9: start LeaderElection
2019-10-28 11:44:43,511 [24830d12-f44b-43d9-b733-6f9667bbd6c9@group-08147416B334-LeaderElection64] INFO  impl.LeaderElection (LeaderElection.java:askForVotes(178)) - 24830d12-f44b-43d9-b733-6f9667bbd6c9@group-08147416B334-LeaderElection64: begin an election at term 31 for -1: [24830d12-f44b-43d9-b733-6f9667bbd6c9:192.168.164.193:40613, 75159f97-af2c-48a6-bb8f-f5acb2145c35:192.168.164.193:42423, ce71e9bc-e571-4e52-8a73-1c9dce7b9fa7:192.168.164.193:36234], old=null
2019-10-28 11:44:43,513 [grpc-default-executor-0] INFO  impl.RaftServerImpl (RaftServerImpl.java:setRole(184)) - 75159f97-af2c-48a6-bb8f-f5acb2145c35@group-08147416B334: changes role from  FOLLOWER to FOLLOWER at term 31 for recognizeCandidate:24830d12-f44b-43d9-b733-6f9667bbd6c9
2019-10-28 11:44:43,513 [grpc-default-executor-8] INFO  impl.RaftServerImpl (RaftServerImpl.java:setRole(184)) - ce71e9bc-e571-4e52-8a73-1c9dce7b9fa7@group-08147416B334: changes role from  FOLLOWER to FOLLOWER at term 31 for recognizeCandidate:24830d12-f44b-43d9-b733-6f9667bbd6c9
2019-10-28 11:44:43,513 [grpc-default-executor-0] INFO  impl.RoleInfo (RoleInfo.java:shutdownFollowerState(121)) - 75159f97-af2c-48a6-bb8f-f5acb2145c35: shutdown FollowerState
2019-10-28 11:44:43,514 [grpc-default-executor-8] INFO  impl.RoleInfo (RoleInfo.java:shutdownFollowerState(121)) - ce71e9bc-e571-4e52-8a73-1c9dce7b9fa7: shutdown FollowerState
2019-10-28 11:44:43,514 [Thread-1644] INFO  impl.FollowerState (FollowerState.java:run(117)) - 75159f97-af2c-48a6-bb8f-f5acb2145c35@group-08147416B334-FollowerState was interrupted: java.lang.InterruptedException: sleep interrupted
2019-10-28 11:44:43,514 [grpc-default-executor-0] INFO  impl.RoleInfo (RoleInfo.java:updateAndGet(143)) - 75159f97-af2c-48a6-bb8f-f5acb2145c35: start FollowerState
2019-10-28 11:44:43,514 [grpc-default-executor-8] INFO  impl.RoleInfo (RoleInfo.java:updateAndGet(143)) - ce71e9bc-e571-4e52-8a73-1c9dce7b9fa7: start FollowerState
2019-10-28 11:44:43,514 [Thread-1643] INFO  impl.FollowerState (FollowerState.java:run(117)) - ce71e9bc-e571-4e52-8a73-1c9dce7b9fa7@group-08147416B334-FollowerState was interrupted: java.lang.InterruptedException: sleep interrupted
2019-10-28 11:44:43,535 [24830d12-f44b-43d9-b733-6f9667bbd6c9@group-08147416B334-LeaderElection64] INFO  impl.LeaderElection (LeaderElection.java:logAndReturn(56)) - 24830d12-f44b-43d9-b733-6f9667bbd6c9@group-08147416B334-LeaderElection64: Election REJECTED; received 2 response(s) [24830d12-f44b-43d9-b733-6f9667bbd6c9<-75159f97-af2c-48a6-bb8f-f5acb2145c35#0:FAIL-t31, 24830d12-f44b-43d9-b733-6f9667bbd6c9<-ce71e9bc-e571-4e52-8a73-1c9dce7b9fa7#0:FAIL-t31] and 0 exception(s); 24830d12-f44b-43d9-b733-6f9667bbd6c9@group-08147416B334:t31, leader=null, voted=24830d12-f44b-43d9-b733-6f9667bbd6c9, raftlog=24830d12-f44b-43d9-b733-6f9667bbd6c9@group-08147416B334-SegmentedRaftLog:OPENED:c-1,f-1,i0, conf=-1: [24830d12-f44b-43d9-b733-6f9667bbd6c9:192.168.164.193:40613, 75159f97-af2c-48a6-bb8f-f5acb2145c35:192.168.164.193:42423, ce71e9bc-e571-4e52-8a73-1c9dce7b9fa7:192.168.164.193:36234], old=null
2019-10-28 11:44:43,535 [24830d12-f44b-43d9-b733-6f9667bbd6c9@group-08147416B334-LeaderElection64] INFO  impl.RaftServerImpl (RaftServerImpl.java:setRole(184)) - 24830d12-f44b-43d9-b733-6f9667bbd6c9@group-08147416B334: changes role from CANDIDATE to FOLLOWER at term 31 for DISCOVERED_A_NEW_TERM
2019-10-28 11:44:43,535 [24830d12-f44b-43d9-b733-6f9667bbd6c9@group-08147416B334-LeaderElection64] INFO  impl.RoleInfo (RoleInfo.java:shutdownLeaderElection(134)) - 24830d12-f44b-43d9-b733-6f9667bbd6c9: shutdown LeaderElection
2019-10-28 11:44:43,535 [24830d12-f44b-43d9-b733-6f9667bbd6c9@group-08147416B334-LeaderElection64] INFO  impl.RoleInfo (RoleInfo.java:updateAndGet(143)) - 24830d12-f44b-43d9-b733-6f9667bbd6c9: start FollowerState
2019-10-28 11:44:43,705 [Thread-1651] INFO  impl.FollowerState (FollowerState.java:run(108)) - 24830d12-f44b-43d9-b733-6f9667bbd6c9@group-08147416B334-FollowerState: change to CANDIDATE, lastRpcTime:169ms, electionTimeout:169ms
2019-10-28 11:44:43,705 [Thread-1651] INFO  impl.RoleInfo (RoleInfo.java:shutdownFollowerState(121)) - 24830d12-f44b-43d9-b733-6f9667bbd6c9: shutdown FollowerState
2019-10-28 11:44:43,705 [Thread-1651] INFO  impl.RaftServerImpl (RaftServerImpl.java:setRole(184)) - 24830d12-f44b-43d9-b733-6f9667bbd6c9@group-08147416B334: changes role from  FOLLOWER to CANDIDATE at term 31 for changeToCandidate
2019-10-28 11:44:43,705 [Thread-1651] INFO  impl.RoleInfo (RoleInfo.java:updateAndGet(143)) - 24830d12-f44b-43d9-b733-6f9667bbd6c9: start LeaderElection
2019-10-28 11:44:43,718 [24830d12-f44b-43d9-b733-6f9667bbd6c9@group-08147416B334-LeaderElection65] INFO  impl.LeaderElection (LeaderElection.java:askForVotes(178)) - 24830d12-f44b-43d9-b733-6f9667bbd6c9@group-08147416B334-LeaderElection65: begin an election at term 32 for -1: [24830d12-f44b-43d9-b733-6f9667bbd6c9:192.168.164.193:40613, 75159f97-af2c-48a6-bb8f-f5acb2145c35:192.168.164.193:42423, ce71e9bc-e571-4e52-8a73-1c9dce7b9fa7:192.168.164.193:36234], old=null
2019-10-28 11:44:43,721 [grpc-default-executor-0] INFO  impl.RaftServerImpl (RaftServerImpl.java:setRole(184)) - 75159f97-af2c-48a6-bb8f-f5acb2145c35@group-08147416B334: changes role from  FOLLOWER to FOLLOWER at term 32 for recognizeCandidate:24830d12-f44b-43d9-b733-6f9667bbd6c9
2019-10-28 11:44:43,721 [grpc-default-executor-8] INFO  impl.RaftServerImpl (RaftServerImpl.java:setRole(184)) - ce71e9bc-e571-4e52-8a73-1c9dce7b9fa7@group-08147416B334: changes role from  FOLLOWER to FOLLOWER at term 32 for recognizeCandidate:24830d12-f44b-43d9-b733-6f9667bbd6c9
2019-10-28 11:44:43,721 [grpc-default-executor-0] INFO  impl.RoleInfo (RoleInfo.java:shutdownFollowerState(121)) - 75159f97-af2c-48a6-bb8f-f5acb2145c35: shutdown FollowerState
2019-10-28 11:44:43,721 [grpc-default-executor-8] INFO  impl.RoleInfo (RoleInfo.java:shutdownFollowerState(121)) - ce71e9bc-e571-4e52-8a73-1c9dce7b9fa7: shutdown FollowerState
2019-10-28 11:44:43,721 [grpc-default-executor-0] INFO  impl.RoleInfo (RoleInfo.java:updateAndGet(143)) - 75159f97-af2c-48a6-bb8f-f5acb2145c35: start FollowerState
2019-10-28 11:44:43,721 [Thread-1650] INFO  impl.FollowerState (FollowerState.java:run(117)) - ce71e9bc-e571-4e52-8a73-1c9dce7b9fa7@group-08147416B334-FollowerState was interrupted: java.lang.InterruptedException: sleep interrupted
2019-10-28 11:44:43,721 [grpc-default-executor-8] INFO  impl.RoleInfo (RoleInfo.java:updateAndGet(143)) - ce71e9bc-e571-4e52-8a73-1c9dce7b9fa7: start FollowerState
2019-10-28 11:44:43,721 [Thread-1649] INFO  impl.FollowerState (FollowerState.java:run(117)) - 75159f97-af2c-48a6-bb8f-f5acb2145c35@group-08147416B334-FollowerState was interrupted: java.lang.InterruptedException: sleep interrupted
2019-10-28 11:44:43,747 [24830d12-f44b-43d9-b733-6f9667bbd6c9@group-08147416B334-LeaderElection65] INFO  impl.LeaderElection (LeaderElection.java:logAndReturn(56)) - 24830d12-f44b-43d9-b733-6f9667bbd6c9@group-08147416B334-LeaderElection65: Election REJECTED; received 2 response(s) [24830d12-f44b-43d9-b733-6f9667bbd6c9<-75159f97-af2c-48a6-bb8f-f5acb2145c35#0:FAIL-t32, 24830d12-f44b-43d9-b733-6f9667bbd6c9<-ce71e9bc-e571-4e52-8a73-1c9dce7b9fa7#0:FAIL-t32] and 0 exception(s); 24830d12-f44b-43d9-b733-6f9667bbd6c9@group-08147416B334:t32, leader=null, voted=24830d12-f44b-43d9-b733-6f9667bbd6c9, raftlog=24830d12-f44b-43d9-b733-6f9667bbd6c9@group-08147416B334-SegmentedRaftLog:OPENED:c-1,f-1,i0, conf=-1: [24830d12-f44b-43d9-b733-6f9667bbd6c9:192.168.164.193:40613, 75159f97-af2c-48a6-bb8f-f5acb2145c35:192.168.164.193:42423, ce71e9bc-e571-4e52-8a73-1c9dce7b9fa7:192.168.164.193:36234], old=null
2019-10-28 11:44:43,747 [24830d12-f44b-43d9-b733-6f9667bbd6c9@group-08147416B334-LeaderElection65] INFO  impl.RaftServerImpl (RaftServerImpl.java:setRole(184)) - 24830d12-f44b-43d9-b733-6f9667bbd6c9@group-08147416B334: changes role from CANDIDATE to FOLLOWER at term 32 for DISCOVERED_A_NEW_TERM
2019-10-28 11:44:43,747 [24830d12-f44b-43d9-b733-6f9667bbd6c9@group-08147416B334-LeaderElection65] INFO  impl.RoleInfo (RoleInfo.java:shutdownLeaderElection(134)) - 24830d12-f44b-43d9-b733-6f9667bbd6c9: shutdown LeaderElection
2019-10-28 11:44:43,748 [24830d12-f44b-43d9-b733-6f9667bbd6c9@group-08147416B334-LeaderElection65] INFO  impl.RoleInfo (RoleInfo.java:updateAndGet(143)) - 24830d12-f44b-43d9-b733-6f9667bbd6c9: start FollowerState
2019-10-28 11:44:43,935 [Thread-1659] INFO  impl.FollowerState (FollowerState.java:run(108)) - 24830d12-f44b-43d9-b733-6f9667bbd6c9@group-08147416B334-FollowerState: change to CANDIDATE, lastRpcTime:187ms, electionTimeout:187ms
2019-10-28 11:44:43,935 [Thread-1659] INFO  impl.RoleInfo (RoleInfo.java:shutdownFollowerState(121)) - 24830d12-f44b-43d9-b733-6f9667bbd6c9: shutdown FollowerState
2019-10-28 11:44:43,936 [Thread-1659] INFO  impl.RaftServerImpl (RaftServerImpl.java:setRole(184)) - 24830d12-f44b-43d9-b733-6f9667bbd6c9@group-08147416B334: changes role from  FOLLOWER to CANDIDATE at term 32 for changeToCandidate
2019-10-28 11:44:43,936 [Thread-1659] INFO  impl.RoleInfo (RoleInfo.java:updateAndGet(143)) - 24830d12-f44b-43d9-b733-6f9667bbd6c9: start LeaderElection
2019-10-28 11:44:43,950 [24830d12-f44b-43d9-b733-6f9667bbd6c9@group-08147416B334-LeaderElection66] INFO  impl.LeaderElection (LeaderElection.java:askForVotes(178)) - 24830d12-f44b-43d9-b733-6f9667bbd6c9@group-08147416B334-LeaderElection66: begin an election at term 33 for -1: [24830d12-f44b-43d9-b733-6f9667bbd6c9:192.168.164.193:40613, 75159f97-af2c-48a6-bb8f-f5acb2145c35:192.168.164.193:42423, ce71e9bc-e571-4e52-8a73-1c9dce7b9fa7:192.168.164.193:36234], old=null
2019-10-28 11:44:43,953 [grpc-default-executor-8] INFO  impl.RaftServerImpl (RaftServerImpl.java:setRole(184)) - ce71e9bc-e571-4e52-8a73-1c9dce7b9fa7@group-08147416B334: changes role from  FOLLOWER to FOLLOWER at term 33 for recognizeCandidate:24830d12-f44b-43d9-b733-6f9667bbd6c9
2019-10-28 11:44:43,953 [grpc-default-executor-0] INFO  impl.RaftServerImpl (RaftServerImpl.java:setRole(184)) - 75159f97-af2c-48a6-bb8f-f5acb2145c35@group-08147416B334: changes role from  FOLLOWER to FOLLOWER at term 33 for recognizeCandidate:24830d12-f44b-43d9-b733-6f9667bbd6c9
2019-10-28 11:44:43,953 [grpc-default-executor-8] INFO  impl.RoleInfo (RoleInfo.java:shutdownFollowerState(121)) - ce71e9bc-e571-4e52-8a73-1c9dce7b9fa7: shutdown FollowerState
2019-10-28 11:44:43,953 [grpc-default-executor-0] INFO  impl.RoleInfo (RoleInfo.java:shutdownFollowerState(121)) - 75159f97-af2c-48a6-bb8f-f5acb2145c35: shutdown FollowerState
2019-10-28 11:44:43,953 [grpc-default-executor-8] INFO  impl.RoleInfo (RoleInfo.java:updateAndGet(143)) - ce71e9bc-e571-4e52-8a73-1c9dce7b9fa7: start FollowerState
2019-10-28 11:44:43,953 [Thread-1657] INFO  impl.FollowerState (FollowerState.java:run(117)) - 75159f97-af2c-48a6-bb8f-f5acb2145c35@group-08147416B334-FollowerState was interrupted: java.lang.InterruptedException: sleep interrupted
2019-10-28 11:44:43,953 [Thread-1658] INFO  impl.FollowerState (FollowerState.java:run(117)) - ce71e9bc-e571-4e52-8a73-1c9dce7b9fa7@group-08147416B334-FollowerState was interrupted: java.lang.InterruptedException: sleep interrupted
2019-10-28 11:44:43,953 [grpc-default-executor-0] INFO  impl.RoleInfo (RoleInfo.java:updateAndGet(143)) - 75159f97-af2c-48a6-bb8f-f5acb2145c35: start FollowerState
2019-10-28 11:44:43,980 [24830d12-f44b-43d9-b733-6f9667bbd6c9@group-08147416B334-LeaderElection66] INFO  impl.LeaderElection (LeaderElection.java:logAndReturn(56)) - 24830d12-f44b-43d9-b733-6f9667bbd6c9@group-08147416B334-LeaderElection66: Election REJECTED; received 2 response(s) [24830d12-f44b-43d9-b733-6f9667bbd6c9<-75159f97-af2c-48a6-bb8f-f5acb2145c35#0:FAIL-t33, 24830d12-f44b-43d9-b733-6f9667bbd6c9<-ce71e9bc-e571-4e52-8a73-1c9dce7b9fa7#0:FAIL-t33] and 0 exception(s); 24830d12-f44b-43d9-b733-6f9667bbd6c9@group-08147416B334:t33, leader=null, voted=24830d12-f44b-43d9-b733-6f9667bbd6c9, raftlog=24830d12-f44b-43d9-b733-6f9667bbd6c9@group-08147416B334-SegmentedRaftLog:OPENED:c-1,f-1,i0, conf=-1: [24830d12-f44b-43d9-b733-6f9667bbd6c9:192.168.164.193:40613, 75159f97-af2c-48a6-bb8f-f5acb2145c35:192.168.164.193:42423, ce71e9bc-e571-4e52-8a73-1c9dce7b9fa7:192.168.164.193:36234], old=null
2019-10-28 11:44:43,981 [24830d12-f44b-43d9-b733-6f9667bbd6c9@group-08147416B334-LeaderElection66] INFO  impl.RaftServerImpl (RaftServerImpl.java:setRole(184)) - 24830d12-f44b-43d9-b733-6f9667bbd6c9@group-08147416B334: changes role from CANDIDATE to FOLLOWER at term 33 for DISCOVERED_A_NEW_TERM
2019-10-28 11:44:43,981 [24830d12-f44b-43d9-b733-6f9667bbd6c9@group-08147416B334-LeaderElection66] INFO  impl.RoleInfo (RoleInfo.java:shutdownLeaderElection(134)) - 24830d12-f44b-43d9-b733-6f9667bbd6c9: shutdown LeaderElection
2019-10-28 11:44:43,981 [24830d12-f44b-43d9-b733-6f9667bbd6c9@group-08147416B334-LeaderElection66] INFO  impl.RoleInfo (RoleInfo.java:updateAndGet(143)) - 24830d12-f44b-43d9-b733-6f9667bbd6c9: start FollowerState
2019-10-28 11:44:44,045 [Thread-1667] INFO  impl.FollowerState (FollowerState.java:run(108)) - 24830d12-f44b-43d9-b733-6f9667bbd6c9@group-08147416B334-FollowerState: change to CANDIDATE, lastRpcTime:64ms, electionTimeout:64ms
2019-10-28 11:44:44,045 [Thread-1667] INFO  impl.RoleInfo (RoleInfo.java:shutdownFollowerState(121)) - 24830d12-f44b-43d9-b733-6f9667bbd6c9: shutdown FollowerState
2019-10-28 11:44:44,046 [Thread-1667] INFO  impl.RaftServerImpl (RaftServerImpl.java:setRole(184)) - 24830d12-f44b-43d9-b733-6f9667bbd6c9@group-08147416B334: changes role from  FOLLOWER to CANDIDATE at term 33 for changeToCandidate
2019-10-28 11:44:44,046 [Thread-1667] INFO  impl.RoleInfo (RoleInfo.java:updateAndGet(143)) - 24830d12-f44b-43d9-b733-6f9667bbd6c9: start LeaderElection
2019-10-28 11:44:44,059 [24830d12-f44b-43d9-b733-6f9667bbd6c9@group-08147416B334-LeaderElection67] INFO  impl.LeaderElection (LeaderElection.java:askForVotes(178)) - 24830d12-f44b-43d9-b733-6f9667bbd6c9@group-08147416B334-LeaderElection67: begin an election at term 34 for -1: [24830d12-f44b-43d9-b733-6f9667bbd6c9:192.168.164.193:40613, 75159f97-af2c-48a6-bb8f-f5acb2145c35:192.168.164.193:42423, ce71e9bc-e571-4e52-8a73-1c9dce7b9fa7:192.168.164.193:36234], old=null
2019-10-28 11:44:44,061 [grpc-default-executor-8] INFO  impl.RaftServerImpl (RaftServerImpl.java:setRole(184)) - ce71e9bc-e571-4e52-8a73-1c9dce7b9fa7@group-08147416B334: changes role from  FOLLOWER to FOLLOWER at term 34 for recognizeCandidate:24830d12-f44b-43d9-b733-6f9667bbd6c9
2019-10-28 11:44:44,061 [grpc-default-executor-0] INFO  impl.RaftServerImpl (RaftServerImpl.java:setRole(184)) - 75159f97-af2c-48a6-bb8f-f5acb2145c35@group-08147416B334: changes role from  FOLLOWER to FOLLOWER at term 34 for recognizeCandidate:24830d12-f44b-43d9-b733-6f9667bbd6c9
2019-10-28 11:44:44,061 [grpc-default-executor-8] INFO  impl.RoleInfo (RoleInfo.java:shutdownFollowerState(121)) - ce71e9bc-e571-4e52-8a73-1c9dce7b9fa7: shutdown FollowerState
2019-10-28 11:44:44,061 [grpc-default-executor-0] INFO  impl.RoleInfo (RoleInfo.java:shutdownFollowerState(121)) - 75159f97-af2c-48a6-bb8f-f5acb2145c35: shutdown FollowerState
2019-10-28 11:44:44,061 [Thread-1665] INFO  impl.FollowerState (FollowerState.java:run(117)) - ce71e9bc-e571-4e52-8a73-1c9dce7b9fa7@group-08147416B334-FollowerState was interrupted: java.lang.InterruptedException: sleep interrupted
2019-10-28 11:44:44,061 [grpc-default-executor-8] INFO  impl.RoleInfo (RoleInfo.java:updateAndGet(143)) - ce71e9bc-e571-4e52-8a73-1c9dce7b9fa7: start FollowerState
2019-10-28 11:44:44,061 [Thread-1666] INFO  impl.FollowerState (FollowerState.java:run(117)) - 75159f97-af2c-48a6-bb8f-f5acb2145c35@group-08147416B334-FollowerState was interrupted: java.lang.InterruptedException: sleep interrupted
2019-10-28 11:44:44,061 [grpc-default-executor-0] INFO  impl.RoleInfo (RoleInfo.java:updateAndGet(143)) - 75159f97-af2c-48a6-bb8f-f5acb2145c35: start FollowerState
2019-10-28 11:44:44,075 [24830d12-f44b-43d9-b733-6f9667bbd6c9@group-08147416B334-LeaderElection67] INFO  impl.LeaderElection (LeaderElection.java:logAndReturn(56)) - 24830d12-f44b-43d9-b733-6f9667bbd6c9@group-08147416B334-LeaderElection67: Election REJECTED; received 2 response(s) [24830d12-f44b-43d9-b733-6f9667bbd6c9<-75159f97-af2c-48a6-bb8f-f5acb2145c35#0:FAIL-t34, 24830d12-f44b-43d9-b733-6f9667bbd6c9<-ce71e9bc-e571-4e52-8a73-1c9dce7b9fa7#0:FAIL-t34] and 0 exception(s); 24830d12-f44b-43d9-b733-6f9667bbd6c9@group-08147416B334:t34, leader=null, voted=24830d12-f44b-43d9-b733-6f9667bbd6c9, raftlog=24830d12-f44b-43d9-b733-6f9667bbd6c9@group-08147416B334-SegmentedRaftLog:OPENED:c-1,f-1,i0, conf=-1: [24830d12-f44b-43d9-b733-6f9667bbd6c9:192.168.164.193:40613, 75159f97-af2c-48a6-bb8f-f5acb2145c35:192.168.164.193:42423, ce71e9bc-e571-4e52-8a73-1c9dce7b9fa7:192.168.164.193:36234], old=null
2019-10-28 11:44:44,075 [24830d12-f44b-43d9-b733-6f9667bbd6c9@group-08147416B334-LeaderElection67] INFO  impl.RaftServerImpl (RaftServerImpl.java:setRole(184)) - 24830d12-f44b-43d9-b733-6f9667bbd6c9@group-08147416B334: changes role from CANDIDATE to FOLLOWER at term 34 for DISCOVERED_A_NEW_TERM
2019-10-28 11:44:44,076 [24830d12-f44b-43d9-b733-6f9667bbd6c9@group-08147416B334-LeaderElection67] INFO  impl.RoleInfo (RoleInfo.java:shutdownLeaderElection(134)) - 24830d12-f44b-43d9-b733-6f9667bbd6c9: shutdown LeaderElection
2019-10-28 11:44:44,076 [24830d12-f44b-43d9-b733-6f9667bbd6c9@group-08147416B334-LeaderElection67] INFO  impl.RoleInfo (RoleInfo.java:updateAndGet(143)) - 24830d12-f44b-43d9-b733-6f9667bbd6c9: start FollowerState
2019-10-28 11:44:44,131 [Thread-1673] INFO  impl.FollowerState (FollowerState.java:run(108)) - 24830d12-f44b-43d9-b733-6f9667bbd6c9@group-08147416B334-FollowerState: change to CANDIDATE, lastRpcTime:55ms, electionTimeout:55ms
2019-10-28 11:44:44,131 [Thread-1673] INFO  impl.RoleInfo (RoleInfo.java:shutdownFollowerState(121)) - 24830d12-f44b-43d9-b733-6f9667bbd6c9: shutdown FollowerState
2019-10-28 11:44:44,131 [Thread-1673] INFO  impl.RaftServerImpl (RaftServerImpl.java:setRole(184)) - 24830d12-f44b-43d9-b733-6f9667bbd6c9@group-08147416B334: changes role from  FOLLOWER to CANDIDATE at term 34 for changeToCandidate
2019-10-28 11:44:44,131 [Thread-1673] INFO  impl.RoleInfo (RoleInfo.java:updateAndGet(143)) - 24830d12-f44b-43d9-b733-6f9667bbd6c9: start LeaderElection
2019-10-28 11:44:44,145 [24830d12-f44b-43d9-b733-6f9667bbd6c9@group-08147416B334-LeaderElection68] INFO  impl.LeaderElection (LeaderElection.java:askForVotes(178)) - 24830d12-f44b-43d9-b733-6f9667bbd6c9@group-08147416B334-LeaderElection68: begin an election at term 35 for -1: [24830d12-f44b-43d9-b733-6f9667bbd6c9:192.168.164.193:40613, 75159f97-af2c-48a6-bb8f-f5acb2145c35:192.168.164.193:42423, ce71e9bc-e571-4e52-8a73-1c9dce7b9fa7:192.168.164.193:36234], old=null
2019-10-28 11:44:44,147 [grpc-default-executor-0] INFO  impl.RaftServerImpl (RaftServerImpl.java:setRole(184)) - ce71e9bc-e571-4e52-8a73-1c9dce7b9fa7@group-08147416B334: changes role from  FOLLOWER to FOLLOWER at term 35 for recognizeCandidate:24830d12-f44b-43d9-b733-6f9667bbd6c9
2019-10-28 11:44:44,147 [grpc-default-executor-8] INFO  impl.RaftServerImpl (RaftServerImpl.java:setRole(184)) - 75159f97-af2c-48a6-bb8f-f5acb2145c35@group-08147416B334: changes role from  FOLLOWER to FOLLOWER at term 35 for recognizeCandidate:24830d12-f44b-43d9-b733-6f9667bbd6c9
2019-10-28 11:44:44,147 [grpc-default-executor-0] INFO  impl.RoleInfo (RoleInfo.java:shutdownFollowerState(121)) - ce71e9bc-e571-4e52-8a73-1c9dce7b9fa7: shutdown FollowerState
2019-10-28 11:44:44,147 [grpc-default-executor-8] INFO  impl.RoleInfo (RoleInfo.java:shutdownFollowerState(121)) - 75159f97-af2c-48a6-bb8f-f5acb2145c35: shutdown FollowerState
2019-10-28 11:44:44,148 [Thread-1671] INFO  impl.FollowerState (FollowerState.java:run(117)) - ce71e9bc-e571-4e52-8a73-1c9dce7b9fa7@group-08147416B334-FollowerState was interrupted: java.lang.InterruptedException: sleep interrupted
2019-10-28 11:44:44,148 [grpc-default-executor-0] INFO  impl.RoleInfo (RoleInfo.java:updateAndGet(143)) - ce71e9bc-e571-4e52-8a73-1c9dce7b9fa7: start FollowerState
2019-10-28 11:44:44,148 [Thread-1672] INFO  impl.FollowerState (FollowerState.java:run(117)) - 75159f97-af2c-48a6-bb8f-f5acb2145c35@group-08147416B334-FollowerState was interrupted: java.lang.InterruptedException: sleep interrupted
2019-10-28 11:44:44,148 [grpc-default-executor-8] INFO  impl.RoleInfo (RoleInfo.java:updateAndGet(143)) - 75159f97-af2c-48a6-bb8f-f5acb2145c35: start FollowerState
2019-10-28 11:44:44,162 [24830d12-f44b-43d9-b733-6f9667bbd6c9@group-08147416B334-LeaderElection68] INFO  impl.LeaderElection (LeaderElection.java:logAndReturn(56)) - 24830d12-f44b-43d9-b733-6f9667bbd6c9@group-08147416B334-LeaderElection68: Election REJECTED; received 2 response(s) [24830d12-f44b-43d9-b733-6f9667bbd6c9<-75159f97-af2c-48a6-bb8f-f5acb2145c35#0:FAIL-t35, 24830d12-f44b-43d9-b733-6f9667bbd6c9<-ce71e9bc-e571-4e52-8a73-1c9dce7b9fa7#0:FAIL-t35] and 0 exception(s); 24830d12-f44b-43d9-b733-6f9667bbd6c9@group-08147416B334:t35, leader=null, voted=24830d12-f44b-43d9-b733-6f9667bbd6c9, raftlog=24830d12-f44b-43d9-b733-6f9667bbd6c9@group-08147416B334-SegmentedRaftLog:OPENED:c-1,f-1,i0, conf=-1: [24830d12-f44b-43d9-b733-6f9667bbd6c9:192.168.164.193:40613, 75159f97-af2c-48a6-bb8f-f5acb2145c35:192.168.164.193:42423, ce71e9bc-e571-4e52-8a73-1c9dce7b9fa7:192.168.164.193:36234], old=null
2019-10-28 11:44:44,162 [24830d12-f44b-43d9-b733-6f9667bbd6c9@group-08147416B334-LeaderElection68] INFO  impl.RaftServerImpl (RaftServerImpl.java:setRole(184)) - 24830d12-f44b-43d9-b733-6f9667bbd6c9@group-08147416B334: changes role from CANDIDATE to FOLLOWER at term 35 for DISCOVERED_A_NEW_TERM
2019-10-28 11:44:44,162 [24830d12-f44b-43d9-b733-6f9667bbd6c9@group-08147416B334-LeaderElection68] INFO  impl.RoleInfo (RoleInfo.java:shutdownLeaderElection(134)) - 24830d12-f44b-43d9-b733-6f9667bbd6c9: shutdown LeaderElection
2019-10-28 11:44:44,162 [24830d12-f44b-43d9-b733-6f9667bbd6c9@group-08147416B334-LeaderElection68] INFO  impl.RoleInfo (RoleInfo.java:updateAndGet(143)) - 24830d12-f44b-43d9-b733-6f9667bbd6c9: start FollowerState
2019-10-28 11:44:44,362 [Thread-1681] INFO  impl.FollowerState (FollowerState.java:run(108)) - 24830d12-f44b-43d9-b733-6f9667bbd6c9@group-08147416B334-FollowerState: change to CANDIDATE, lastRpcTime:199ms, electionTimeout:199ms
2019-10-28 11:44:44,362 [Thread-1681] INFO  impl.RoleInfo (RoleInfo.java:shutdownFollowerState(121)) - 24830d12-f44b-43d9-b733-6f9667bbd6c9: shutdown FollowerState
2019-10-28 11:44:44,363 [Thread-1681] INFO  impl.RaftServerImpl (RaftServerImpl.java:setRole(184)) - 24830d12-f44b-43d9-b733-6f9667bbd6c9@group-08147416B334: changes role from  FOLLOWER to CANDIDATE at term 35 for changeToCandidate
2019-10-28 11:44:44,363 [Thread-1681] INFO  impl.RoleInfo (RoleInfo.java:updateAndGet(143)) - 24830d12-f44b-43d9-b733-6f9667bbd6c9: start LeaderElection
2019-10-28 11:44:44,395 [24830d12-f44b-43d9-b733-6f9667bbd6c9@group-08147416B334-LeaderElection69] INFO  impl.LeaderElection (LeaderElection.java:askForVotes(178)) - 24830d12-f44b-43d9-b733-6f9667bbd6c9@group-08147416B334-LeaderElection69: begin an election at term 36 for -1: [24830d12-f44b-43d9-b733-6f9667bbd6c9:192.168.164.193:40613, 75159f97-af2c-48a6-bb8f-f5acb2145c35:192.168.164.193:42423, ce71e9bc-e571-4e52-8a73-1c9dce7b9fa7:192.168.164.193:36234], old=null
2019-10-28 11:44:44,402 [grpc-default-executor-8] INFO  impl.RaftServerImpl (RaftServerImpl.java:setRole(184)) - 75159f97-af2c-48a6-bb8f-f5acb2145c35@group-08147416B334: changes role from  FOLLOWER to FOLLOWER at term 36 for recognizeCandidate:24830d12-f44b-43d9-b733-6f9667bbd6c9
2019-10-28 11:44:44,402 [grpc-default-executor-8] INFO  impl.RoleInfo (RoleInfo.java:shutdownFollowerState(121)) - 75159f97-af2c-48a6-bb8f-f5acb2145c35: shutdown FollowerState
2019-10-28 11:44:44,402 [grpc-default-executor-8] INFO  impl.RoleInfo (RoleInfo.java:updateAndGet(143)) - 75159f97-af2c-48a6-bb8f-f5acb2145c35: start FollowerState
2019-10-28 11:44:44,402 [Thread-1680] INFO  impl.FollowerState (FollowerState.java:run(117)) - 75159f97-af2c-48a6-bb8f-f5acb2145c35@group-08147416B334-FollowerState was interrupted: java.lang.InterruptedException: sleep interrupted
2019-10-28 11:44:44,402 [grpc-default-executor-2] INFO  impl.RaftServerImpl (RaftServerImpl.java:setRole(184)) - ce71e9bc-e571-4e52-8a73-1c9dce7b9fa7@group-08147416B334: changes role from  FOLLOWER to FOLLOWER at term 36 for recognizeCandidate:24830d12-f44b-43d9-b733-6f9667bbd6c9
2019-10-28 11:44:44,403 [grpc-default-executor-2] INFO  impl.RoleInfo (RoleInfo.java:shutdownFollowerState(121)) - ce71e9bc-e571-4e52-8a73-1c9dce7b9fa7: shutdown FollowerState
2019-10-28 11:44:44,403 [grpc-default-executor-2] INFO  impl.RoleInfo (RoleInfo.java:updateAndGet(143)) - ce71e9bc-e571-4e52-8a73-1c9dce7b9fa7: start FollowerState
2019-10-28 11:44:44,404 [Thread-1679] INFO  impl.FollowerState (FollowerState.java:run(117)) - ce71e9bc-e571-4e52-8a73-1c9dce7b9fa7@group-08147416B334-FollowerState was interrupted: java.lang.InterruptedException: sleep interrupted
2019-10-28 11:44:44,419 [24830d12-f44b-43d9-b733-6f9667bbd6c9@group-08147416B334-LeaderElection69] INFO  impl.LeaderElection (LeaderElection.java:logAndReturn(56)) - 24830d12-f44b-43d9-b733-6f9667bbd6c9@group-08147416B334-LeaderElection69: Election REJECTED; received 2 response(s) [24830d12-f44b-43d9-b733-6f9667bbd6c9<-75159f97-af2c-48a6-bb8f-f5acb2145c35#0:FAIL-t36, 24830d12-f44b-43d9-b733-6f9667bbd6c9<-ce71e9bc-e571-4e52-8a73-1c9dce7b9fa7#0:FAIL-t36] and 0 exception(s); 24830d12-f44b-43d9-b733-6f9667bbd6c9@group-08147416B334:t36, leader=null, voted=24830d12-f44b-43d9-b733-6f9667bbd6c9, raftlog=24830d12-f44b-43d9-b733-6f9667bbd6c9@group-08147416B334-SegmentedRaftLog:OPENED:c-1,f-1,i0, conf=-1: [24830d12-f44b-43d9-b733-6f9667bbd6c9:192.168.164.193:40613, 75159f97-af2c-48a6-bb8f-f5acb2145c35:192.168.164.193:42423, ce71e9bc-e571-4e52-8a73-1c9dce7b9fa7:192.168.164.193:36234], old=null
2019-10-28 11:44:44,419 [24830d12-f44b-43d9-b733-6f9667bbd6c9@group-08147416B334-LeaderElection69] INFO  impl.RaftServerImpl (RaftServerImpl.java:setRole(184)) - 24830d12-f44b-43d9-b733-6f9667bbd6c9@group-08147416B334: changes role from CANDIDATE to FOLLOWER at term 36 for DISCOVERED_A_NEW_TERM
2019-10-28 11:44:44,419 [24830d12-f44b-43d9-b733-6f9667bbd6c9@group-08147416B334-LeaderElection69] INFO  impl.RoleInfo (RoleInfo.java:shutdownLeaderElection(134)) - 24830d12-f44b-43d9-b733-6f9667bbd6c9: shutdown LeaderElection
2019-10-28 11:44:44,420 [24830d12-f44b-43d9-b733-6f9667bbd6c9@group-08147416B334-LeaderElection69] INFO  impl.RoleInfo (RoleInfo.java:updateAndGet(143)) - 24830d12-f44b-43d9-b733-6f9667bbd6c9: start FollowerState
2019-10-28 11:44:44,474 [Thread-1689] INFO  impl.FollowerState (FollowerState.java:run(108)) - 24830d12-f44b-43d9-b733-6f9667bbd6c9@group-08147416B334-FollowerState: change to CANDIDATE, lastRpcTime:54ms, electionTimeout:54ms
2019-10-28 11:44:44,474 [Thread-1689] INFO  impl.RoleInfo (RoleInfo.java:shutdownFollowerState(121)) - 24830d12-f44b-43d9-b733-6f9667bbd6c9: shutdown FollowerState
2019-10-28 11:44:44,474 [Thread-1689] INFO  impl.RaftServerImpl (RaftServerImpl.java:setRole(184)) - 24830d12-f44b-43d9-b733-6f9667bbd6c9@group-08147416B334: changes role from  FOLLOWER to CANDIDATE at term 36 for changeToCandidate
2019-10-28 11:44:44,474 [Thread-1689] INFO  impl.RoleInfo (RoleInfo.java:updateAndGet(143)) - 24830d12-f44b-43d9-b733-6f9667bbd6c9: start LeaderElection
2019-10-28 11:44:44,501 [24830d12-f44b-43d9-b733-6f9667bbd6c9@group-08147416B334-LeaderElection70] INFO  impl.LeaderElection (LeaderElection.java:askForVotes(178)) - 24830d12-f44b-43d9-b733-6f9667bbd6c9@group-08147416B334-LeaderElection70: begin an election at term 37 for -1: [24830d12-f44b-43d9-b733-6f9667bbd6c9:192.168.164.193:40613, 75159f97-af2c-48a6-bb8f-f5acb2145c35:192.168.164.193:42423, ce71e9bc-e571-4e52-8a73-1c9dce7b9fa7:192.168.164.193:36234], old=null
2019-10-28 11:44:44,507 [grpc-default-executor-2] INFO  impl.RaftServerImpl (RaftServerImpl.java:setRole(184)) - ce71e9bc-e571-4e52-8a73-1c9dce7b9fa7@group-08147416B334: changes role from  FOLLOWER to FOLLOWER at term 37 for recognizeCandidate:24830d12-f44b-43d9-b733-6f9667bbd6c9
2019-10-28 11:44:44,507 [grpc-default-executor-2] INFO  impl.RoleInfo (RoleInfo.java:shutdownFollowerState(121)) - ce71e9bc-e571-4e52-8a73-1c9dce7b9fa7: shutdown FollowerState
2019-10-28 11:44:44,507 [grpc-default-executor-8] INFO  impl.RaftServerImpl (RaftServerImpl.java:setRole(184)) - 75159f97-af2c-48a6-bb8f-f5acb2145c35@group-08147416B334: changes role from  FOLLOWER to FOLLOWER at term 37 for recognizeCandidate:24830d12-f44b-43d9-b733-6f9667bbd6c9
2019-10-28 11:44:44,508 [Thread-1688] INFO  impl.FollowerState (FollowerState.java:run(117)) - ce71e9bc-e571-4e52-8a73-1c9dce7b9fa7@group-08147416B334-FollowerState was interrupted: java.lang.InterruptedException: sleep interrupted
2019-10-28 11:44:44,507 [grpc-default-executor-2] INFO  impl.RoleInfo (RoleInfo.java:updateAndGet(143)) - ce71e9bc-e571-4e52-8a73-1c9dce7b9fa7: start FollowerState
2019-10-28 11:44:44,508 [grpc-default-executor-8] INFO  impl.RoleInfo (RoleInfo.java:shutdownFollowerState(121)) - 75159f97-af2c-48a6-bb8f-f5acb2145c35: shutdown FollowerState
2019-10-28 11:44:44,508 [grpc-default-executor-8] INFO  impl.RoleInfo (RoleInfo.java:updateAndGet(143)) - 75159f97-af2c-48a6-bb8f-f5acb2145c35: start FollowerState
2019-10-28 11:44:44,508 [Thread-1687] INFO  impl.FollowerState (FollowerState.java:run(117)) - 75159f97-af2c-48a6-bb8f-f5acb2145c35@group-08147416B334-FollowerState was interrupted: java.lang.InterruptedException: sleep interrupted
2019-10-28 11:44:44,522 [24830d12-f44b-43d9-b733-6f9667bbd6c9@group-08147416B334-LeaderElection70] INFO  impl.LeaderElection (LeaderElection.java:logAndReturn(56)) - 24830d12-f44b-43d9-b733-6f9667bbd6c9@group-08147416B334-LeaderElection70: Election REJECTED; received 2 response(s) [24830d12-f44b-43d9-b733-6f9667bbd6c9<-75159f97-af2c-48a6-bb8f-f5acb2145c35#0:FAIL-t37, 24830d12-f44b-43d9-b733-6f9667bbd6c9<-ce71e9bc-e571-4e52-8a73-1c9dce7b9fa7#0:FAIL-t37] and 0 exception(s); 24830d12-f44b-43d9-b733-6f9667bbd6c9@group-08147416B334:t37, leader=null, voted=24830d12-f44b-43d9-b733-6f9667bbd6c9, raftlog=24830d12-f44b-43d9-b733-6f9667bbd6c9@group-08147416B334-SegmentedRaftLog:OPENED:c-1,f-1,i0, conf=-1: [24830d12-f44b-43d9-b733-6f9667bbd6c9:192.168.164.193:40613, 75159f97-af2c-48a6-bb8f-f5acb2145c35:192.168.164.193:42423, ce71e9bc-e571-4e52-8a73-1c9dce7b9fa7:192.168.164.193:36234], old=null
2019-10-28 11:44:44,522 [24830d12-f44b-43d9-b733-6f9667bbd6c9@group-08147416B334-LeaderElection70] INFO  impl.RaftServerImpl (RaftServerImpl.java:setRole(184)) - 24830d12-f44b-43d9-b733-6f9667bbd6c9@group-08147416B334: changes role from CANDIDATE to FOLLOWER at term 37 for DISCOVERED_A_NEW_TERM
2019-10-28 11:44:44,522 [24830d12-f44b-43d9-b733-6f9667bbd6c9@group-08147416B334-LeaderElection70] INFO  impl.RoleInfo (RoleInfo.java:shutdownLeaderElection(134)) - 24830d12-f44b-43d9-b733-6f9667bbd6c9: shutdown LeaderElection
2019-10-28 11:44:44,523 [24830d12-f44b-43d9-b733-6f9667bbd6c9@group-08147416B334-LeaderElection70] INFO  impl.RoleInfo (RoleInfo.java:updateAndGet(143)) - 24830d12-f44b-43d9-b733-6f9667bbd6c9: start FollowerState
2019-10-28 11:44:44,590 [RatisApplyTransactionExecutor 1] INFO  interfaces.Container (KeyValueContainer.java:flushAndSyncDB(386)) - Container 1 is synced with bcsId 5.
2019-10-28 11:44:44,590 [RatisApplyTransactionExecutor 1] INFO  interfaces.Container (KeyValueContainer.java:flushAndSyncDB(386)) - Container 1 is synced with bcsId 5.
2019-10-28 11:44:44,596 [RatisApplyTransactionExecutor 1] INFO  interfaces.Container (KeyValueContainer.java:flushAndSyncDB(386)) - Container 1 is synced with bcsId 5.
2019-10-28 11:44:44,596 [RatisApplyTransactionExecutor 1] INFO  interfaces.Container (KeyValueContainer.java:flushAndSyncDB(386)) - Container 1 is synced with bcsId 5.
2019-10-28 11:44:44,600 [RatisApplyTransactionExecutor 1] INFO  interfaces.Container (KeyValueContainer.java:close(335)) - Container 1 is closed with bcsId 5.
2019-10-28 11:44:44,600 [RatisApplyTransactionExecutor 1] INFO  interfaces.Container (KeyValueContainer.java:flushAndSyncDB(386)) - Container 1 is synced with bcsId 5.
2019-10-28 11:44:44,600 [RatisApplyTransactionExecutor 1] INFO  interfaces.Container (KeyValueContainer.java:flushAndSyncDB(386)) - Container 1 is synced with bcsId 5.
2019-10-28 11:44:44,601 [EventQueue-IncrementalContainerReportForIncrementalContainerReportHandler] INFO  container.IncrementalContainerReportHandler (AbstractContainerReportHandler.java:updateContainerState(178)) - Moving container #1 to CLOSED state, datanode a480340b-d1a5-4cd0-bc20-ae63b012c3c7{ip: 192.168.164.193, host: pr-hdds-2292-97wmq-4261317731, networkLocation: /rack1, certSerialId: null} reported CLOSED replica.
2019-10-28 11:44:44,610 [RatisApplyTransactionExecutor 1] INFO  interfaces.Container (KeyValueContainer.java:close(335)) - Container 1 is closed with bcsId 5.
2019-10-28 11:44:44,610 [RatisApplyTransactionExecutor 1] INFO  interfaces.Container (KeyValueContainer.java:close(335)) - Container 1 is closed with bcsId 5.
11:44:44.657 [grpc-default-executor-2] ERROR DNAudit - user=null | ip=null | op=WRITE_CHUNK {blockData=conID: 1 locID: 103039833227788291 bcsId: 5} | ret=FAILURE
org.apache.hadoop.hdds.scm.container.common.helpers.ContainerNotOpenException: Container 1 in CLOSED state
	at org.apache.hadoop.ozone.container.common.impl.HddsDispatcher.validateContainerCommand(HddsDispatcher.java:436) ~[hadoop-hdds-container-service-0.5.0-SNAPSHOT.jar:?]
	at org.apache.hadoop.ozone.container.common.transport.server.ratis.ContainerStateMachine.startTransaction(ContainerStateMachine.java:320) ~[hadoop-hdds-container-service-0.5.0-SNAPSHOT.jar:?]
	at org.apache.ratis.server.impl.RaftServerImpl.submitClientRequestAsync(RaftServerImpl.java:591) ~[ratis-server-0.5.0-3f446aa-SNAPSHOT.jar:0.5.0-3f446aa-SNAPSHOT]
	at org.apache.ratis.server.impl.RaftServerProxy.lambda$submitClientRequestAsync$7(RaftServerProxy.java:333) ~[ratis-server-0.5.0-3f446aa-SNAPSHOT.jar:0.5.0-3f446aa-SNAPSHOT]
	at org.apache.ratis.server.impl.RaftServerProxy.lambda$null$5(RaftServerProxy.java:328) ~[ratis-server-0.5.0-3f446aa-SNAPSHOT.jar:0.5.0-3f446aa-SNAPSHOT]
	at org.apache.ratis.util.JavaUtils.callAsUnchecked(JavaUtils.java:109) ~[ratis-common-0.5.0-3f446aa-SNAPSHOT.jar:0.5.0-3f446aa-SNAPSHOT]
	at org.apache.ratis.server.impl.RaftServerProxy.lambda$submitRequest$6(RaftServerProxy.java:328) ~[ratis-server-0.5.0-3f446aa-SNAPSHOT.jar:0.5.0-3f446aa-SNAPSHOT]
	at java.util.concurrent.CompletableFuture.uniComposeStage(CompletableFuture.java:981) ~[?:1.8.0_222]
	at java.util.concurrent.CompletableFuture.thenCompose(CompletableFuture.java:2124) ~[?:1.8.0_222]
	at org.apache.ratis.server.impl.RaftServerProxy.submitRequest(RaftServerProxy.java:327) ~[ratis-server-0.5.0-3f446aa-SNAPSHOT.jar:0.5.0-3f446aa-SNAPSHOT]
	at org.apache.ratis.server.impl.RaftServerProxy.submitClientRequestAsync(RaftServerProxy.java:333) ~[ratis-server-0.5.0-3f446aa-SNAPSHOT.jar:0.5.0-3f446aa-SNAPSHOT]
	at org.apache.ratis.grpc.client.GrpcClientProtocolService$RequestStreamObserver.processClientRequest(GrpcClientProtocolService.java:220) ~[ratis-grpc-0.5.0-3f446aa-SNAPSHOT.jar:0.5.0-3f446aa-SNAPSHOT]
	at org.apache.ratis.grpc.client.GrpcClientProtocolService$OrderedRequestStreamObserver.processClientRequest(GrpcClientProtocolService.java:326) ~[ratis-grpc-0.5.0-3f446aa-SNAPSHOT.jar:0.5.0-3f446aa-SNAPSHOT]
	at org.apache.ratis.util.SlidingWindow$Server.processRequestsFromHead(SlidingWindow.java:429) [ratis-common-0.5.0-3f446aa-SNAPSHOT.jar:0.5.0-3f446aa-SNAPSHOT]
	at org.apache.ratis.util.SlidingWindow$Server.receivedRequest(SlidingWindow.java:421) [ratis-common-0.5.0-3f446aa-SNAPSHOT.jar:0.5.0-3f446aa-SNAPSHOT]
	at org.apache.ratis.grpc.client.GrpcClientProtocolService$OrderedRequestStreamObserver.processClientRequest(GrpcClientProtocolService.java:345) [ratis-grpc-0.5.0-3f446aa-SNAPSHOT.jar:0.5.0-3f446aa-SNAPSHOT]
	at org.apache.ratis.grpc.client.GrpcClientProtocolService$RequestStreamObserver.onNext(GrpcClientProtocolService.java:240) [ratis-grpc-0.5.0-3f446aa-SNAPSHOT.jar:0.5.0-3f446aa-SNAPSHOT]
	at org.apache.ratis.grpc.client.GrpcClientProtocolService$RequestStreamObserver.onNext(GrpcClientProtocolService.java:168) [ratis-grpc-0.5.0-3f446aa-SNAPSHOT.jar:0.5.0-3f446aa-SNAPSHOT]
	at org.apache.ratis.thirdparty.io.grpc.stub.ServerCalls$StreamingServerCallHandler$StreamingServerCallListener.onMessage(ServerCalls.java:248) [ratis-thirdparty-misc-0.2.0.jar:0.2.0]
	at org.apache.ratis.thirdparty.io.grpc.internal.ServerCallImpl$ServerStreamListenerImpl.messagesAvailable(ServerCallImpl.java:263) [ratis-thirdparty-misc-0.2.0.jar:0.2.0]
	at org.apache.ratis.thirdparty.io.grpc.internal.ServerImpl$JumpToApplicationThreadServerStreamListener$1MessagesAvailable.runInContext(ServerImpl.java:686) [ratis-thirdparty-misc-0.2.0.jar:0.2.0]
	at org.apache.ratis.thirdparty.io.grpc.internal.ContextRunnable.run(ContextRunnable.java:37) [ratis-thirdparty-misc-0.2.0.jar:0.2.0]
	at org.apache.ratis.thirdparty.io.grpc.internal.SerializingExecutor.run(SerializingExecutor.java:123) [ratis-thirdparty-misc-0.2.0.jar:0.2.0]
	at java.util.concurrent.ThreadPoolExecutor.runWorker(ThreadPoolExecutor.java:1149) [?:1.8.0_222]
	at java.util.concurrent.ThreadPoolExecutor$Worker.run(ThreadPoolExecutor.java:624) [?:1.8.0_222]
	at java.lang.Thread.run(Thread.java:748) [?:1.8.0_222]
11:44:44.687 [grpc-default-executor-2] ERROR DNAudit - user=null | ip=null | op=PUT_BLOCK {blockData=[blockId=conID: 1 locID: 103039833227788291 bcsId: 0,size=2097152]} | ret=FAILURE
org.apache.hadoop.hdds.scm.container.common.helpers.ContainerNotOpenException: Container 1 in CLOSED state
	at org.apache.hadoop.ozone.container.common.impl.HddsDispatcher.validateContainerCommand(HddsDispatcher.java:436) ~[hadoop-hdds-container-service-0.5.0-SNAPSHOT.jar:?]
	at org.apache.hadoop.ozone.container.common.transport.server.ratis.ContainerStateMachine.startTransaction(ContainerStateMachine.java:320) ~[hadoop-hdds-container-service-0.5.0-SNAPSHOT.jar:?]
	at org.apache.ratis.server.impl.RaftServerImpl.submitClientRequestAsync(RaftServerImpl.java:591) ~[ratis-server-0.5.0-3f446aa-SNAPSHOT.jar:0.5.0-3f446aa-SNAPSHOT]
	at org.apache.ratis.server.impl.RaftServerProxy.lambda$submitClientRequestAsync$7(RaftServerProxy.java:333) ~[ratis-server-0.5.0-3f446aa-SNAPSHOT.jar:0.5.0-3f446aa-SNAPSHOT]
	at org.apache.ratis.server.impl.RaftServerProxy.lambda$null$5(RaftServerProxy.java:328) ~[ratis-server-0.5.0-3f446aa-SNAPSHOT.jar:0.5.0-3f446aa-SNAPSHOT]
	at org.apache.ratis.util.JavaUtils.callAsUnchecked(JavaUtils.java:109) ~[ratis-common-0.5.0-3f446aa-SNAPSHOT.jar:0.5.0-3f446aa-SNAPSHOT]
	at org.apache.ratis.server.impl.RaftServerProxy.lambda$submitRequest$6(RaftServerProxy.java:328) ~[ratis-server-0.5.0-3f446aa-SNAPSHOT.jar:0.5.0-3f446aa-SNAPSHOT]
	at java.util.concurrent.CompletableFuture.uniComposeStage(CompletableFuture.java:981) ~[?:1.8.0_222]
	at java.util.concurrent.CompletableFuture.thenCompose(CompletableFuture.java:2124) ~[?:1.8.0_222]
	at org.apache.ratis.server.impl.RaftServerProxy.submitRequest(RaftServerProxy.java:327) ~[ratis-server-0.5.0-3f446aa-SNAPSHOT.jar:0.5.0-3f446aa-SNAPSHOT]
	at org.apache.ratis.server.impl.RaftServerProxy.submitClientRequestAsync(RaftServerProxy.java:333) ~[ratis-server-0.5.0-3f446aa-SNAPSHOT.jar:0.5.0-3f446aa-SNAPSHOT]
	at org.apache.ratis.grpc.client.GrpcClientProtocolService$RequestStreamObserver.processClientRequest(GrpcClientProtocolService.java:220) ~[ratis-grpc-0.5.0-3f446aa-SNAPSHOT.jar:0.5.0-3f446aa-SNAPSHOT]
	at org.apache.ratis.grpc.client.GrpcClientProtocolService$OrderedRequestStreamObserver.processClientRequest(GrpcClientProtocolService.java:326) ~[ratis-grpc-0.5.0-3f446aa-SNAPSHOT.jar:0.5.0-3f446aa-SNAPSHOT]
	at org.apache.ratis.util.SlidingWindow$Server.processRequestsFromHead(SlidingWindow.java:429) [ratis-common-0.5.0-3f446aa-SNAPSHOT.jar:0.5.0-3f446aa-SNAPSHOT]
	at org.apache.ratis.util.SlidingWindow$Server.receivedRequest(SlidingWindow.java:421) [ratis-common-0.5.0-3f446aa-SNAPSHOT.jar:0.5.0-3f446aa-SNAPSHOT]
	at org.apache.ratis.grpc.client.GrpcClientProtocolService$OrderedRequestStreamObserver.processClientRequest(GrpcClientProtocolService.java:345) [ratis-grpc-0.5.0-3f446aa-SNAPSHOT.jar:0.5.0-3f446aa-SNAPSHOT]
	at org.apache.ratis.grpc.client.GrpcClientProtocolService$RequestStreamObserver.onNext(GrpcClientProtocolService.java:240) [ratis-grpc-0.5.0-3f446aa-SNAPSHOT.jar:0.5.0-3f446aa-SNAPSHOT]
	at org.apache.ratis.grpc.client.GrpcClientProtocolService$RequestStreamObserver.onNext(GrpcClientProtocolService.java:168) [ratis-grpc-0.5.0-3f446aa-SNAPSHOT.jar:0.5.0-3f446aa-SNAPSHOT]
	at org.apache.ratis.thirdparty.io.grpc.stub.ServerCalls$StreamingServerCallHandler$StreamingServerCallListener.onMessage(ServerCalls.java:248) [ratis-thirdparty-misc-0.2.0.jar:0.2.0]
	at org.apache.ratis.thirdparty.io.grpc.internal.ServerCallImpl$ServerStreamListenerImpl.messagesAvailable(ServerCallImpl.java:263) [ratis-thirdparty-misc-0.2.0.jar:0.2.0]
	at org.apache.ratis.thirdparty.io.grpc.internal.ServerImpl$JumpToApplicationThreadServerStreamListener$1MessagesAvailable.runInContext(ServerImpl.java:686) [ratis-thirdparty-misc-0.2.0.jar:0.2.0]
	at org.apache.ratis.thirdparty.io.grpc.internal.ContextRunnable.run(ContextRunnable.java:37) [ratis-thirdparty-misc-0.2.0.jar:0.2.0]
	at org.apache.ratis.thirdparty.io.grpc.internal.SerializingExecutor.run(SerializingExecutor.java:123) [ratis-thirdparty-misc-0.2.0.jar:0.2.0]
	at java.util.concurrent.ThreadPoolExecutor.runWorker(ThreadPoolExecutor.java:1149) [?:1.8.0_222]
	at java.util.concurrent.ThreadPoolExecutor$Worker.run(ThreadPoolExecutor.java:624) [?:1.8.0_222]
	at java.lang.Thread.run(Thread.java:748) [?:1.8.0_222]
2019-10-28 11:44:44,707 [Thread-1695] INFO  impl.FollowerState (FollowerState.java:run(108)) - 24830d12-f44b-43d9-b733-6f9667bbd6c9@group-08147416B334-FollowerState: change to CANDIDATE, lastRpcTime:184ms, electionTimeout:175ms
2019-10-28 11:44:44,709 [Thread-1695] INFO  impl.RoleInfo (RoleInfo.java:shutdownFollowerState(121)) - 24830d12-f44b-43d9-b733-6f9667bbd6c9: shutdown FollowerState
2019-10-28 11:44:44,709 [Thread-1695] INFO  impl.RaftServerImpl (RaftServerImpl.java:setRole(184)) - 24830d12-f44b-43d9-b733-6f9667bbd6c9@group-08147416B334: changes role from  FOLLOWER to CANDIDATE at term 37 for changeToCandidate
2019-10-28 11:44:44,709 [Thread-1695] INFO  impl.RoleInfo (RoleInfo.java:updateAndGet(143)) - 24830d12-f44b-43d9-b733-6f9667bbd6c9: start LeaderElection
2019-10-28 11:44:44,723 [24830d12-f44b-43d9-b733-6f9667bbd6c9@group-08147416B334-LeaderElection71] INFO  impl.LeaderElection (LeaderElection.java:askForVotes(178)) - 24830d12-f44b-43d9-b733-6f9667bbd6c9@group-08147416B334-LeaderElection71: begin an election at term 38 for -1: [24830d12-f44b-43d9-b733-6f9667bbd6c9:192.168.164.193:40613, 75159f97-af2c-48a6-bb8f-f5acb2145c35:192.168.164.193:42423, ce71e9bc-e571-4e52-8a73-1c9dce7b9fa7:192.168.164.193:36234], old=null
2019-10-28 11:44:44,738 [grpc-default-executor-2] INFO  impl.RaftServerImpl (RaftServerImpl.java:setRole(184)) - ce71e9bc-e571-4e52-8a73-1c9dce7b9fa7@group-08147416B334: changes role from  FOLLOWER to FOLLOWER at term 38 for recognizeCandidate:24830d12-f44b-43d9-b733-6f9667bbd6c9
2019-10-28 11:44:44,738 [grpc-default-executor-2] INFO  impl.RoleInfo (RoleInfo.java:shutdownFollowerState(121)) - ce71e9bc-e571-4e52-8a73-1c9dce7b9fa7: shutdown FollowerState
2019-10-28 11:44:44,738 [grpc-default-executor-2] INFO  impl.RoleInfo (RoleInfo.java:updateAndGet(143)) - ce71e9bc-e571-4e52-8a73-1c9dce7b9fa7: start FollowerState
2019-10-28 11:44:44,738 [Thread-1693] INFO  impl.FollowerState (FollowerState.java:run(117)) - ce71e9bc-e571-4e52-8a73-1c9dce7b9fa7@group-08147416B334-FollowerState was interrupted: java.lang.InterruptedException: sleep interrupted
2019-10-28 11:44:44,739 [grpc-default-executor-8] INFO  impl.RaftServerImpl (RaftServerImpl.java:setRole(184)) - 75159f97-af2c-48a6-bb8f-f5acb2145c35@group-08147416B334: changes role from  FOLLOWER to FOLLOWER at term 38 for recognizeCandidate:24830d12-f44b-43d9-b733-6f9667bbd6c9
2019-10-28 11:44:44,739 [grpc-default-executor-8] INFO  impl.RoleInfo (RoleInfo.java:shutdownFollowerState(121)) - 75159f97-af2c-48a6-bb8f-f5acb2145c35: shutdown FollowerState
2019-10-28 11:44:44,739 [grpc-default-executor-8] INFO  impl.RoleInfo (RoleInfo.java:updateAndGet(143)) - 75159f97-af2c-48a6-bb8f-f5acb2145c35: start FollowerState
2019-10-28 11:44:44,739 [Thread-1694] INFO  impl.FollowerState (FollowerState.java:run(117)) - 75159f97-af2c-48a6-bb8f-f5acb2145c35@group-08147416B334-FollowerState was interrupted: java.lang.InterruptedException: sleep interrupted
2019-10-28 11:44:44,764 [24830d12-f44b-43d9-b733-6f9667bbd6c9@group-08147416B334-LeaderElection71] INFO  impl.LeaderElection (LeaderElection.java:logAndReturn(56)) - 24830d12-f44b-43d9-b733-6f9667bbd6c9@group-08147416B334-LeaderElection71: Election REJECTED; received 2 response(s) [24830d12-f44b-43d9-b733-6f9667bbd6c9<-75159f97-af2c-48a6-bb8f-f5acb2145c35#0:FAIL-t38, 24830d12-f44b-43d9-b733-6f9667bbd6c9<-ce71e9bc-e571-4e52-8a73-1c9dce7b9fa7#0:FAIL-t38] and 0 exception(s); 24830d12-f44b-43d9-b733-6f9667bbd6c9@group-08147416B334:t38, leader=null, voted=24830d12-f44b-43d9-b733-6f9667bbd6c9, raftlog=24830d12-f44b-43d9-b733-6f9667bbd6c9@group-08147416B334-SegmentedRaftLog:OPENED:c-1,f-1,i0, conf=-1: [24830d12-f44b-43d9-b733-6f9667bbd6c9:192.168.164.193:40613, 75159f97-af2c-48a6-bb8f-f5acb2145c35:192.168.164.193:42423, ce71e9bc-e571-4e52-8a73-1c9dce7b9fa7:192.168.164.193:36234], old=null
2019-10-28 11:44:44,765 [24830d12-f44b-43d9-b733-6f9667bbd6c9@group-08147416B334-LeaderElection71] INFO  impl.RaftServerImpl (RaftServerImpl.java:setRole(184)) - 24830d12-f44b-43d9-b733-6f9667bbd6c9@group-08147416B334: changes role from CANDIDATE to FOLLOWER at term 38 for DISCOVERED_A_NEW_TERM
2019-10-28 11:44:44,765 [24830d12-f44b-43d9-b733-6f9667bbd6c9@group-08147416B334-LeaderElection71] INFO  impl.RoleInfo (RoleInfo.java:shutdownLeaderElection(134)) - 24830d12-f44b-43d9-b733-6f9667bbd6c9: shutdown LeaderElection
2019-10-28 11:44:44,765 [24830d12-f44b-43d9-b733-6f9667bbd6c9@group-08147416B334-LeaderElection71] INFO  impl.RoleInfo (RoleInfo.java:updateAndGet(143)) - 24830d12-f44b-43d9-b733-6f9667bbd6c9: start FollowerState
2019-10-28 11:44:44,846 [Thread-1709] INFO  impl.FollowerState (FollowerState.java:run(108)) - 24830d12-f44b-43d9-b733-6f9667bbd6c9@group-08147416B334-FollowerState: change to CANDIDATE, lastRpcTime:81ms, electionTimeout:81ms
2019-10-28 11:44:44,846 [Thread-1709] INFO  impl.RoleInfo (RoleInfo.java:shutdownFollowerState(121)) - 24830d12-f44b-43d9-b733-6f9667bbd6c9: shutdown FollowerState
2019-10-28 11:44:44,847 [Thread-1709] INFO  impl.RaftServerImpl (RaftServerImpl.java:setRole(184)) - 24830d12-f44b-43d9-b733-6f9667bbd6c9@group-08147416B334: changes role from  FOLLOWER to CANDIDATE at term 38 for changeToCandidate
2019-10-28 11:44:44,847 [Thread-1709] INFO  impl.RoleInfo (RoleInfo.java:updateAndGet(143)) - 24830d12-f44b-43d9-b733-6f9667bbd6c9: start LeaderElection
2019-10-28 11:44:44,857 [24830d12-f44b-43d9-b733-6f9667bbd6c9@group-08147416B334-LeaderElection72] INFO  impl.LeaderElection (LeaderElection.java:askForVotes(178)) - 24830d12-f44b-43d9-b733-6f9667bbd6c9@group-08147416B334-LeaderElection72: begin an election at term 39 for -1: [24830d12-f44b-43d9-b733-6f9667bbd6c9:192.168.164.193:40613, 75159f97-af2c-48a6-bb8f-f5acb2145c35:192.168.164.193:42423, ce71e9bc-e571-4e52-8a73-1c9dce7b9fa7:192.168.164.193:36234], old=null
2019-10-28 11:44:44,860 [grpc-default-executor-2] INFO  impl.RaftServerImpl (RaftServerImpl.java:setRole(184)) - ce71e9bc-e571-4e52-8a73-1c9dce7b9fa7@group-08147416B334: changes role from  FOLLOWER to FOLLOWER at term 39 for recognizeCandidate:24830d12-f44b-43d9-b733-6f9667bbd6c9
2019-10-28 11:44:44,860 [grpc-default-executor-8] INFO  impl.RaftServerImpl (RaftServerImpl.java:setRole(184)) - 75159f97-af2c-48a6-bb8f-f5acb2145c35@group-08147416B334: changes role from  FOLLOWER to FOLLOWER at term 39 for recognizeCandidate:24830d12-f44b-43d9-b733-6f9667bbd6c9
2019-10-28 11:44:44,860 [grpc-default-executor-2] INFO  impl.RoleInfo (RoleInfo.java:shutdownFollowerState(121)) - ce71e9bc-e571-4e52-8a73-1c9dce7b9fa7: shutdown FollowerState
2019-10-28 11:44:44,860 [grpc-default-executor-8] INFO  impl.RoleInfo (RoleInfo.java:shutdownFollowerState(121)) - 75159f97-af2c-48a6-bb8f-f5acb2145c35: shutdown FollowerState
2019-10-28 11:44:44,860 [Thread-1705] INFO  impl.FollowerState (FollowerState.java:run(117)) - ce71e9bc-e571-4e52-8a73-1c9dce7b9fa7@group-08147416B334-FollowerState was interrupted: java.lang.InterruptedException: sleep interrupted
2019-10-28 11:44:44,860 [grpc-default-executor-2] INFO  impl.RoleInfo (RoleInfo.java:updateAndGet(143)) - ce71e9bc-e571-4e52-8a73-1c9dce7b9fa7: start FollowerState
2019-10-28 11:44:44,860 [Thread-1706] INFO  impl.FollowerState (FollowerState.java:run(117)) - 75159f97-af2c-48a6-bb8f-f5acb2145c35@group-08147416B334-FollowerState was interrupted: java.lang.InterruptedException: sleep interrupted
2019-10-28 11:44:44,860 [grpc-default-executor-8] INFO  impl.RoleInfo (RoleInfo.java:updateAndGet(143)) - 75159f97-af2c-48a6-bb8f-f5acb2145c35: start FollowerState
2019-10-28 11:44:44,875 [24830d12-f44b-43d9-b733-6f9667bbd6c9@group-08147416B334-LeaderElection72] INFO  impl.LeaderElection (LeaderElection.java:logAndReturn(56)) - 24830d12-f44b-43d9-b733-6f9667bbd6c9@group-08147416B334-LeaderElection72: Election REJECTED; received 2 response(s) [24830d12-f44b-43d9-b733-6f9667bbd6c9<-75159f97-af2c-48a6-bb8f-f5acb2145c35#0:FAIL-t39, 24830d12-f44b-43d9-b733-6f9667bbd6c9<-ce71e9bc-e571-4e52-8a73-1c9dce7b9fa7#0:FAIL-t39] and 0 exception(s); 24830d12-f44b-43d9-b733-6f9667bbd6c9@group-08147416B334:t39, leader=null, voted=24830d12-f44b-43d9-b733-6f9667bbd6c9, raftlog=24830d12-f44b-43d9-b733-6f9667bbd6c9@group-08147416B334-SegmentedRaftLog:OPENED:c-1,f-1,i0, conf=-1: [24830d12-f44b-43d9-b733-6f9667bbd6c9:192.168.164.193:40613, 75159f97-af2c-48a6-bb8f-f5acb2145c35:192.168.164.193:42423, ce71e9bc-e571-4e52-8a73-1c9dce7b9fa7:192.168.164.193:36234], old=null
2019-10-28 11:44:44,875 [24830d12-f44b-43d9-b733-6f9667bbd6c9@group-08147416B334-LeaderElection72] INFO  impl.RaftServerImpl (RaftServerImpl.java:setRole(184)) - 24830d12-f44b-43d9-b733-6f9667bbd6c9@group-08147416B334: changes role from CANDIDATE to FOLLOWER at term 39 for DISCOVERED_A_NEW_TERM
2019-10-28 11:44:44,875 [24830d12-f44b-43d9-b733-6f9667bbd6c9@group-08147416B334-LeaderElection72] INFO  impl.RoleInfo (RoleInfo.java:shutdownLeaderElection(134)) - 24830d12-f44b-43d9-b733-6f9667bbd6c9: shutdown LeaderElection
2019-10-28 11:44:44,875 [24830d12-f44b-43d9-b733-6f9667bbd6c9@group-08147416B334-LeaderElection72] INFO  impl.RoleInfo (RoleInfo.java:updateAndGet(143)) - 24830d12-f44b-43d9-b733-6f9667bbd6c9: start FollowerState
2019-10-28 11:44:44,939 [Thread-1718] INFO  impl.FollowerState (FollowerState.java:run(108)) - 24830d12-f44b-43d9-b733-6f9667bbd6c9@group-08147416B334-FollowerState: change to CANDIDATE, lastRpcTime:63ms, electionTimeout:63ms
2019-10-28 11:44:44,939 [Thread-1718] INFO  impl.RoleInfo (RoleInfo.java:shutdownFollowerState(121)) - 24830d12-f44b-43d9-b733-6f9667bbd6c9: shutdown FollowerState
2019-10-28 11:44:44,939 [Thread-1718] INFO  impl.RaftServerImpl (RaftServerImpl.java:setRole(184)) - 24830d12-f44b-43d9-b733-6f9667bbd6c9@group-08147416B334: changes role from  FOLLOWER to CANDIDATE at term 39 for changeToCandidate
2019-10-28 11:44:44,939 [Thread-1718] INFO  impl.RoleInfo (RoleInfo.java:updateAndGet(143)) - 24830d12-f44b-43d9-b733-6f9667bbd6c9: start LeaderElection
2019-10-28 11:44:44,956 [24830d12-f44b-43d9-b733-6f9667bbd6c9@group-08147416B334-LeaderElection73] INFO  impl.LeaderElection (LeaderElection.java:askForVotes(178)) - 24830d12-f44b-43d9-b733-6f9667bbd6c9@group-08147416B334-LeaderElection73: begin an election at term 40 for -1: [24830d12-f44b-43d9-b733-6f9667bbd6c9:192.168.164.193:40613, 75159f97-af2c-48a6-bb8f-f5acb2145c35:192.168.164.193:42423, ce71e9bc-e571-4e52-8a73-1c9dce7b9fa7:192.168.164.193:36234], old=null
2019-10-28 11:44:44,958 [grpc-default-executor-2] INFO  impl.RaftServerImpl (RaftServerImpl.java:setRole(184)) - 75159f97-af2c-48a6-bb8f-f5acb2145c35@group-08147416B334: changes role from  FOLLOWER to FOLLOWER at term 40 for recognizeCandidate:24830d12-f44b-43d9-b733-6f9667bbd6c9
2019-10-28 11:44:44,959 [grpc-default-executor-2] INFO  impl.RoleInfo (RoleInfo.java:shutdownFollowerState(121)) - 75159f97-af2c-48a6-bb8f-f5acb2145c35: shutdown FollowerState
2019-10-28 11:44:44,959 [grpc-default-executor-8] INFO  impl.RaftServerImpl (RaftServerImpl.java:setRole(184)) - ce71e9bc-e571-4e52-8a73-1c9dce7b9fa7@group-08147416B334: changes role from  FOLLOWER to FOLLOWER at term 40 for recognizeCandidate:24830d12-f44b-43d9-b733-6f9667bbd6c9
2019-10-28 11:44:44,959 [grpc-default-executor-2] INFO  impl.RoleInfo (RoleInfo.java:updateAndGet(143)) - 75159f97-af2c-48a6-bb8f-f5acb2145c35: start FollowerState
2019-10-28 11:44:44,959 [grpc-default-executor-8] INFO  impl.RoleInfo (RoleInfo.java:shutdownFollowerState(121)) - ce71e9bc-e571-4e52-8a73-1c9dce7b9fa7: shutdown FollowerState
2019-10-28 11:44:44,959 [Thread-1717] INFO  impl.FollowerState (FollowerState.java:run(117)) - 75159f97-af2c-48a6-bb8f-f5acb2145c35@group-08147416B334-FollowerState was interrupted: java.lang.InterruptedException: sleep interrupted
2019-10-28 11:44:44,959 [grpc-default-executor-8] INFO  impl.RoleInfo (RoleInfo.java:updateAndGet(143)) - ce71e9bc-e571-4e52-8a73-1c9dce7b9fa7: start FollowerState
2019-10-28 11:44:44,959 [Thread-1716] INFO  impl.FollowerState (FollowerState.java:run(117)) - ce71e9bc-e571-4e52-8a73-1c9dce7b9fa7@group-08147416B334-FollowerState was interrupted: java.lang.InterruptedException: sleep interrupted
2019-10-28 11:44:44,982 [24830d12-f44b-43d9-b733-6f9667bbd6c9@group-08147416B334-LeaderElection73] INFO  impl.LeaderElection (LeaderElection.java:logAndReturn(56)) - 24830d12-f44b-43d9-b733-6f9667bbd6c9@group-08147416B334-LeaderElection73: Election TIMEOUT; received 0 response(s) [] and 0 exception(s); 24830d12-f44b-43d9-b733-6f9667bbd6c9@group-08147416B334:t40, leader=null, voted=24830d12-f44b-43d9-b733-6f9667bbd6c9, raftlog=24830d12-f44b-43d9-b733-6f9667bbd6c9@group-08147416B334-SegmentedRaftLog:OPENED:c-1,f-1,i0, conf=-1: [24830d12-f44b-43d9-b733-6f9667bbd6c9:192.168.164.193:40613, 75159f97-af2c-48a6-bb8f-f5acb2145c35:192.168.164.193:42423, ce71e9bc-e571-4e52-8a73-1c9dce7b9fa7:192.168.164.193:36234], old=null
2019-10-28 11:44:44,999 [24830d12-f44b-43d9-b733-6f9667bbd6c9@group-08147416B334-LeaderElection73] INFO  impl.LeaderElection (LeaderElection.java:askForVotes(178)) - 24830d12-f44b-43d9-b733-6f9667bbd6c9@group-08147416B334-LeaderElection73: begin an election at term 41 for -1: [24830d12-f44b-43d9-b733-6f9667bbd6c9:192.168.164.193:40613, 75159f97-af2c-48a6-bb8f-f5acb2145c35:192.168.164.193:42423, ce71e9bc-e571-4e52-8a73-1c9dce7b9fa7:192.168.164.193:36234], old=null
2019-10-28 11:44:45,001 [grpc-default-executor-8] INFO  impl.RaftServerImpl (RaftServerImpl.java:setRole(184)) - 75159f97-af2c-48a6-bb8f-f5acb2145c35@group-08147416B334: changes role from  FOLLOWER to FOLLOWER at term 41 for recognizeCandidate:24830d12-f44b-43d9-b733-6f9667bbd6c9
2019-10-28 11:44:45,001 [grpc-default-executor-2] INFO  impl.RaftServerImpl (RaftServerImpl.java:setRole(184)) - ce71e9bc-e571-4e52-8a73-1c9dce7b9fa7@group-08147416B334: changes role from  FOLLOWER to FOLLOWER at term 41 for recognizeCandidate:24830d12-f44b-43d9-b733-6f9667bbd6c9
2019-10-28 11:44:45,001 [grpc-default-executor-2] INFO  impl.RoleInfo (RoleInfo.java:shutdownFollowerState(121)) - ce71e9bc-e571-4e52-8a73-1c9dce7b9fa7: shutdown FollowerState
2019-10-28 11:44:45,002 [grpc-default-executor-2] INFO  impl.RoleInfo (RoleInfo.java:updateAndGet(143)) - ce71e9bc-e571-4e52-8a73-1c9dce7b9fa7: start FollowerState
2019-10-28 11:44:45,002 [Thread-1723] INFO  impl.FollowerState (FollowerState.java:run(117)) - ce71e9bc-e571-4e52-8a73-1c9dce7b9fa7@group-08147416B334-FollowerState was interrupted: java.lang.InterruptedException: sleep interrupted
2019-10-28 11:44:45,002 [grpc-default-executor-8] INFO  impl.RoleInfo (RoleInfo.java:shutdownFollowerState(121)) - 75159f97-af2c-48a6-bb8f-f5acb2145c35: shutdown FollowerState
2019-10-28 11:44:45,002 [grpc-default-executor-8] INFO  impl.RoleInfo (RoleInfo.java:updateAndGet(143)) - 75159f97-af2c-48a6-bb8f-f5acb2145c35: start FollowerState
2019-10-28 11:44:45,002 [Thread-1722] INFO  impl.FollowerState (FollowerState.java:run(117)) - 75159f97-af2c-48a6-bb8f-f5acb2145c35@group-08147416B334-FollowerState was interrupted: java.lang.InterruptedException: sleep interrupted
2019-10-28 11:44:45,009 [24830d12-f44b-43d9-b733-6f9667bbd6c9@group-08147416B334-LeaderElection73] INFO  impl.LeaderElection (LeaderElection.java:logAndReturn(56)) - 24830d12-f44b-43d9-b733-6f9667bbd6c9@group-08147416B334-LeaderElection73: Election TIMEOUT; received 0 response(s) [] and 0 exception(s); 24830d12-f44b-43d9-b733-6f9667bbd6c9@group-08147416B334:t41, leader=null, voted=24830d12-f44b-43d9-b733-6f9667bbd6c9, raftlog=24830d12-f44b-43d9-b733-6f9667bbd6c9@group-08147416B334-SegmentedRaftLog:OPENED:c-1,f-1,i0, conf=-1: [24830d12-f44b-43d9-b733-6f9667bbd6c9:192.168.164.193:40613, 75159f97-af2c-48a6-bb8f-f5acb2145c35:192.168.164.193:42423, ce71e9bc-e571-4e52-8a73-1c9dce7b9fa7:192.168.164.193:36234], old=null
2019-10-28 11:44:45,027 [24830d12-f44b-43d9-b733-6f9667bbd6c9@group-08147416B334-LeaderElection73] INFO  impl.LeaderElection (LeaderElection.java:askForVotes(178)) - 24830d12-f44b-43d9-b733-6f9667bbd6c9@group-08147416B334-LeaderElection73: begin an election at term 42 for -1: [24830d12-f44b-43d9-b733-6f9667bbd6c9:192.168.164.193:40613, 75159f97-af2c-48a6-bb8f-f5acb2145c35:192.168.164.193:42423, ce71e9bc-e571-4e52-8a73-1c9dce7b9fa7:192.168.164.193:36234], old=null
2019-10-28 11:44:45,030 [grpc-default-executor-2] INFO  impl.RaftServerImpl (RaftServerImpl.java:setRole(184)) - ce71e9bc-e571-4e52-8a73-1c9dce7b9fa7@group-08147416B334: changes role from  FOLLOWER to FOLLOWER at term 42 for recognizeCandidate:24830d12-f44b-43d9-b733-6f9667bbd6c9
2019-10-28 11:44:45,030 [grpc-default-executor-2] INFO  impl.RoleInfo (RoleInfo.java:shutdownFollowerState(121)) - ce71e9bc-e571-4e52-8a73-1c9dce7b9fa7: shutdown FollowerState
2019-10-28 11:44:45,030 [grpc-default-executor-2] INFO  impl.RoleInfo (RoleInfo.java:updateAndGet(143)) - ce71e9bc-e571-4e52-8a73-1c9dce7b9fa7: start FollowerState
2019-10-28 11:44:45,030 [Thread-1726] INFO  impl.FollowerState (FollowerState.java:run(117)) - ce71e9bc-e571-4e52-8a73-1c9dce7b9fa7@group-08147416B334-FollowerState was interrupted: java.lang.InterruptedException: sleep interrupted
2019-10-28 11:44:45,031 [grpc-default-executor-8] INFO  impl.RaftServerImpl (RaftServerImpl.java:setRole(184)) - 75159f97-af2c-48a6-bb8f-f5acb2145c35@group-08147416B334: changes role from  FOLLOWER to FOLLOWER at term 42 for recognizeCandidate:24830d12-f44b-43d9-b733-6f9667bbd6c9
2019-10-28 11:44:45,031 [grpc-default-executor-8] INFO  impl.RoleInfo (RoleInfo.java:shutdownFollowerState(121)) - 75159f97-af2c-48a6-bb8f-f5acb2145c35: shutdown FollowerState
2019-10-28 11:44:45,031 [grpc-default-executor-8] INFO  impl.RoleInfo (RoleInfo.java:updateAndGet(143)) - 75159f97-af2c-48a6-bb8f-f5acb2145c35: start FollowerState
2019-10-28 11:44:45,031 [Thread-1727] INFO  impl.FollowerState (FollowerState.java:run(117)) - 75159f97-af2c-48a6-bb8f-f5acb2145c35@group-08147416B334-FollowerState was interrupted: java.lang.InterruptedException: sleep interrupted
2019-10-28 11:44:45,039 [24830d12-f44b-43d9-b733-6f9667bbd6c9@group-08147416B334-LeaderElection73] INFO  impl.LeaderElection (LeaderElection.java:logAndReturn(56)) - 24830d12-f44b-43d9-b733-6f9667bbd6c9@group-08147416B334-LeaderElection73: Election REJECTED; received 2 response(s) [24830d12-f44b-43d9-b733-6f9667bbd6c9<-75159f97-af2c-48a6-bb8f-f5acb2145c35#0:FAIL-t42, 24830d12-f44b-43d9-b733-6f9667bbd6c9<-ce71e9bc-e571-4e52-8a73-1c9dce7b9fa7#0:FAIL-t42] and 0 exception(s); 24830d12-f44b-43d9-b733-6f9667bbd6c9@group-08147416B334:t42, leader=null, voted=24830d12-f44b-43d9-b733-6f9667bbd6c9, raftlog=24830d12-f44b-43d9-b733-6f9667bbd6c9@group-08147416B334-SegmentedRaftLog:OPENED:c-1,f-1,i0, conf=-1: [24830d12-f44b-43d9-b733-6f9667bbd6c9:192.168.164.193:40613, 75159f97-af2c-48a6-bb8f-f5acb2145c35:192.168.164.193:42423, ce71e9bc-e571-4e52-8a73-1c9dce7b9fa7:192.168.164.193:36234], old=null
2019-10-28 11:44:45,040 [24830d12-f44b-43d9-b733-6f9667bbd6c9@group-08147416B334-LeaderElection73] INFO  impl.RaftServerImpl (RaftServerImpl.java:setRole(184)) - 24830d12-f44b-43d9-b733-6f9667bbd6c9@group-08147416B334: changes role from CANDIDATE to FOLLOWER at term 42 for DISCOVERED_A_NEW_TERM
2019-10-28 11:44:45,040 [24830d12-f44b-43d9-b733-6f9667bbd6c9@group-08147416B334-LeaderElection73] INFO  impl.RoleInfo (RoleInfo.java:shutdownLeaderElection(134)) - 24830d12-f44b-43d9-b733-6f9667bbd6c9: shutdown LeaderElection
2019-10-28 11:44:45,040 [24830d12-f44b-43d9-b733-6f9667bbd6c9@group-08147416B334-LeaderElection73] INFO  impl.RoleInfo (RoleInfo.java:updateAndGet(143)) - 24830d12-f44b-43d9-b733-6f9667bbd6c9: start FollowerState
2019-10-28 11:44:45,095 [Thread-1732] INFO  impl.FollowerState (FollowerState.java:run(108)) - 24830d12-f44b-43d9-b733-6f9667bbd6c9@group-08147416B334-FollowerState: change to CANDIDATE, lastRpcTime:55ms, electionTimeout:55ms
2019-10-28 11:44:45,095 [Thread-1732] INFO  impl.RoleInfo (RoleInfo.java:shutdownFollowerState(121)) - 24830d12-f44b-43d9-b733-6f9667bbd6c9: shutdown FollowerState
2019-10-28 11:44:45,095 [Thread-1732] INFO  impl.RaftServerImpl (RaftServerImpl.java:setRole(184)) - 24830d12-f44b-43d9-b733-6f9667bbd6c9@group-08147416B334: changes role from  FOLLOWER to CANDIDATE at term 42 for changeToCandidate
2019-10-28 11:44:45,096 [Thread-1732] INFO  impl.RoleInfo (RoleInfo.java:updateAndGet(143)) - 24830d12-f44b-43d9-b733-6f9667bbd6c9: start LeaderElection
2019-10-28 11:44:45,109 [24830d12-f44b-43d9-b733-6f9667bbd6c9@group-08147416B334-LeaderElection74] INFO  impl.LeaderElection (LeaderElection.java:askForVotes(178)) - 24830d12-f44b-43d9-b733-6f9667bbd6c9@group-08147416B334-LeaderElection74: begin an election at term 43 for -1: [24830d12-f44b-43d9-b733-6f9667bbd6c9:192.168.164.193:40613, 75159f97-af2c-48a6-bb8f-f5acb2145c35:192.168.164.193:42423, ce71e9bc-e571-4e52-8a73-1c9dce7b9fa7:192.168.164.193:36234], old=null
2019-10-28 11:44:45,111 [grpc-default-executor-2] INFO  impl.RaftServerImpl (RaftServerImpl.java:setRole(184)) - 75159f97-af2c-48a6-bb8f-f5acb2145c35@group-08147416B334: changes role from  FOLLOWER to FOLLOWER at term 43 for recognizeCandidate:24830d12-f44b-43d9-b733-6f9667bbd6c9
2019-10-28 11:44:45,111 [grpc-default-executor-8] INFO  impl.RaftServerImpl (RaftServerImpl.java:setRole(184)) - ce71e9bc-e571-4e52-8a73-1c9dce7b9fa7@group-08147416B334: changes role from  FOLLOWER to FOLLOWER at term 43 for recognizeCandidate:24830d12-f44b-43d9-b733-6f9667bbd6c9
2019-10-28 11:44:45,111 [grpc-default-executor-2] INFO  impl.RoleInfo (RoleInfo.java:shutdownFollowerState(121)) - 75159f97-af2c-48a6-bb8f-f5acb2145c35: shutdown FollowerState
2019-10-28 11:44:45,112 [grpc-default-executor-8] INFO  impl.RoleInfo (RoleInfo.java:shutdownFollowerState(121)) - ce71e9bc-e571-4e52-8a73-1c9dce7b9fa7: shutdown FollowerState
2019-10-28 11:44:45,112 [grpc-default-executor-2] INFO  impl.RoleInfo (RoleInfo.java:updateAndGet(143)) - 75159f97-af2c-48a6-bb8f-f5acb2145c35: start FollowerState
2019-10-28 11:44:45,112 [Thread-1731] INFO  impl.FollowerState (FollowerState.java:run(117)) - 75159f97-af2c-48a6-bb8f-f5acb2145c35@group-08147416B334-FollowerState was interrupted: java.lang.InterruptedException: sleep interrupted
2019-10-28 11:44:45,112 [Thread-1730] INFO  impl.FollowerState (FollowerState.java:run(117)) - ce71e9bc-e571-4e52-8a73-1c9dce7b9fa7@group-08147416B334-FollowerState was interrupted: java.lang.InterruptedException: sleep interrupted
2019-10-28 11:44:45,112 [grpc-default-executor-8] INFO  impl.RoleInfo (RoleInfo.java:updateAndGet(143)) - ce71e9bc-e571-4e52-8a73-1c9dce7b9fa7: start FollowerState
2019-10-28 11:44:45,134 [24830d12-f44b-43d9-b733-6f9667bbd6c9@group-08147416B334-LeaderElection74] INFO  impl.LeaderElection (LeaderElection.java:logAndReturn(56)) - 24830d12-f44b-43d9-b733-6f9667bbd6c9@group-08147416B334-LeaderElection74: Election REJECTED; received 2 response(s) [24830d12-f44b-43d9-b733-6f9667bbd6c9<-75159f97-af2c-48a6-bb8f-f5acb2145c35#0:FAIL-t43, 24830d12-f44b-43d9-b733-6f9667bbd6c9<-ce71e9bc-e571-4e52-8a73-1c9dce7b9fa7#0:FAIL-t43] and 0 exception(s); 24830d12-f44b-43d9-b733-6f9667bbd6c9@group-08147416B334:t43, leader=null, voted=24830d12-f44b-43d9-b733-6f9667bbd6c9, raftlog=24830d12-f44b-43d9-b733-6f9667bbd6c9@group-08147416B334-SegmentedRaftLog:OPENED:c-1,f-1,i0, conf=-1: [24830d12-f44b-43d9-b733-6f9667bbd6c9:192.168.164.193:40613, 75159f97-af2c-48a6-bb8f-f5acb2145c35:192.168.164.193:42423, ce71e9bc-e571-4e52-8a73-1c9dce7b9fa7:192.168.164.193:36234], old=null
2019-10-28 11:44:45,134 [24830d12-f44b-43d9-b733-6f9667bbd6c9@group-08147416B334-LeaderElection74] INFO  impl.RaftServerImpl (RaftServerImpl.java:setRole(184)) - 24830d12-f44b-43d9-b733-6f9667bbd6c9@group-08147416B334: changes role from CANDIDATE to FOLLOWER at term 43 for DISCOVERED_A_NEW_TERM
2019-10-28 11:44:45,134 [24830d12-f44b-43d9-b733-6f9667bbd6c9@group-08147416B334-LeaderElection74] INFO  impl.RoleInfo (RoleInfo.java:shutdownLeaderElection(134)) - 24830d12-f44b-43d9-b733-6f9667bbd6c9: shutdown LeaderElection
2019-10-28 11:44:45,134 [24830d12-f44b-43d9-b733-6f9667bbd6c9@group-08147416B334-LeaderElection74] INFO  impl.RoleInfo (RoleInfo.java:updateAndGet(143)) - 24830d12-f44b-43d9-b733-6f9667bbd6c9: start FollowerState
2019-10-28 11:44:45,216 [Thread-1740] INFO  impl.FollowerState (FollowerState.java:run(108)) - 24830d12-f44b-43d9-b733-6f9667bbd6c9@group-08147416B334-FollowerState: change to CANDIDATE, lastRpcTime:81ms, electionTimeout:81ms
2019-10-28 11:44:45,216 [Thread-1740] INFO  impl.RoleInfo (RoleInfo.java:shutdownFollowerState(121)) - 24830d12-f44b-43d9-b733-6f9667bbd6c9: shutdown FollowerState
2019-10-28 11:44:45,216 [Thread-1740] INFO  impl.RaftServerImpl (RaftServerImpl.java:setRole(184)) - 24830d12-f44b-43d9-b733-6f9667bbd6c9@group-08147416B334: changes role from  FOLLOWER to CANDIDATE at term 43 for changeToCandidate
2019-10-28 11:44:45,216 [Thread-1740] INFO  impl.RoleInfo (RoleInfo.java:updateAndGet(143)) - 24830d12-f44b-43d9-b733-6f9667bbd6c9: start LeaderElection
2019-10-28 11:44:45,230 [24830d12-f44b-43d9-b733-6f9667bbd6c9@group-08147416B334-LeaderElection75] INFO  impl.LeaderElection (LeaderElection.java:askForVotes(178)) - 24830d12-f44b-43d9-b733-6f9667bbd6c9@group-08147416B334-LeaderElection75: begin an election at term 44 for -1: [24830d12-f44b-43d9-b733-6f9667bbd6c9:192.168.164.193:40613, 75159f97-af2c-48a6-bb8f-f5acb2145c35:192.168.164.193:42423, ce71e9bc-e571-4e52-8a73-1c9dce7b9fa7:192.168.164.193:36234], old=null
2019-10-28 11:44:45,232 [grpc-default-executor-8] INFO  impl.RaftServerImpl (RaftServerImpl.java:setRole(184)) - 75159f97-af2c-48a6-bb8f-f5acb2145c35@group-08147416B334: changes role from  FOLLOWER to FOLLOWER at term 44 for recognizeCandidate:24830d12-f44b-43d9-b733-6f9667bbd6c9
2019-10-28 11:44:45,232 [grpc-default-executor-2] INFO  impl.RaftServerImpl (RaftServerImpl.java:setRole(184)) - ce71e9bc-e571-4e52-8a73-1c9dce7b9fa7@group-08147416B334: changes role from  FOLLOWER to FOLLOWER at term 44 for recognizeCandidate:24830d12-f44b-43d9-b733-6f9667bbd6c9
2019-10-28 11:44:45,233 [grpc-default-executor-2] INFO  impl.RoleInfo (RoleInfo.java:shutdownFollowerState(121)) - ce71e9bc-e571-4e52-8a73-1c9dce7b9fa7: shutdown FollowerState
2019-10-28 11:44:45,233 [grpc-default-executor-8] INFO  impl.RoleInfo (RoleInfo.java:shutdownFollowerState(121)) - 75159f97-af2c-48a6-bb8f-f5acb2145c35: shutdown FollowerState
2019-10-28 11:44:45,233 [grpc-default-executor-2] INFO  impl.RoleInfo (RoleInfo.java:updateAndGet(143)) - ce71e9bc-e571-4e52-8a73-1c9dce7b9fa7: start FollowerState
2019-10-28 11:44:45,233 [grpc-default-executor-8] INFO  impl.RoleInfo (RoleInfo.java:updateAndGet(143)) - 75159f97-af2c-48a6-bb8f-f5acb2145c35: start FollowerState
2019-10-28 11:44:45,234 [Thread-1739] INFO  impl.FollowerState (FollowerState.java:run(117)) - ce71e9bc-e571-4e52-8a73-1c9dce7b9fa7@group-08147416B334-FollowerState was interrupted: java.lang.InterruptedException: sleep interrupted
2019-10-28 11:44:45,234 [Thread-1738] INFO  impl.FollowerState (FollowerState.java:run(117)) - 75159f97-af2c-48a6-bb8f-f5acb2145c35@group-08147416B334-FollowerState was interrupted: java.lang.InterruptedException: sleep interrupted
2019-10-28 11:44:45,252 [24830d12-f44b-43d9-b733-6f9667bbd6c9@group-08147416B334-LeaderElection75] INFO  impl.LeaderElection (LeaderElection.java:logAndReturn(56)) - 24830d12-f44b-43d9-b733-6f9667bbd6c9@group-08147416B334-LeaderElection75: Election REJECTED; received 2 response(s) [24830d12-f44b-43d9-b733-6f9667bbd6c9<-75159f97-af2c-48a6-bb8f-f5acb2145c35#0:FAIL-t44, 24830d12-f44b-43d9-b733-6f9667bbd6c9<-ce71e9bc-e571-4e52-8a73-1c9dce7b9fa7#0:FAIL-t44] and 0 exception(s); 24830d12-f44b-43d9-b733-6f9667bbd6c9@group-08147416B334:t44, leader=null, voted=24830d12-f44b-43d9-b733-6f9667bbd6c9, raftlog=24830d12-f44b-43d9-b733-6f9667bbd6c9@group-08147416B334-SegmentedRaftLog:OPENED:c-1,f-1,i0, conf=-1: [24830d12-f44b-43d9-b733-6f9667bbd6c9:192.168.164.193:40613, 75159f97-af2c-48a6-bb8f-f5acb2145c35:192.168.164.193:42423, ce71e9bc-e571-4e52-8a73-1c9dce7b9fa7:192.168.164.193:36234], old=null
2019-10-28 11:44:45,252 [24830d12-f44b-43d9-b733-6f9667bbd6c9@group-08147416B334-LeaderElection75] INFO  impl.RaftServerImpl (RaftServerImpl.java:setRole(184)) - 24830d12-f44b-43d9-b733-6f9667bbd6c9@group-08147416B334: changes role from CANDIDATE to FOLLOWER at term 44 for DISCOVERED_A_NEW_TERM
2019-10-28 11:44:45,252 [24830d12-f44b-43d9-b733-6f9667bbd6c9@group-08147416B334-LeaderElection75] INFO  impl.RoleInfo (RoleInfo.java:shutdownLeaderElection(134)) - 24830d12-f44b-43d9-b733-6f9667bbd6c9: shutdown LeaderElection
2019-10-28 11:44:45,252 [24830d12-f44b-43d9-b733-6f9667bbd6c9@group-08147416B334-LeaderElection75] INFO  impl.RoleInfo (RoleInfo.java:updateAndGet(143)) - 24830d12-f44b-43d9-b733-6f9667bbd6c9: start FollowerState
2019-10-28 11:44:45,378 [Thread-1746] INFO  impl.FollowerState (FollowerState.java:run(108)) - 24830d12-f44b-43d9-b733-6f9667bbd6c9@group-08147416B334-FollowerState: change to CANDIDATE, lastRpcTime:126ms, electionTimeout:126ms
2019-10-28 11:44:45,379 [Thread-1746] INFO  impl.RoleInfo (RoleInfo.java:shutdownFollowerState(121)) - 24830d12-f44b-43d9-b733-6f9667bbd6c9: shutdown FollowerState
2019-10-28 11:44:45,379 [Thread-1746] INFO  impl.RaftServerImpl (RaftServerImpl.java:setRole(184)) - 24830d12-f44b-43d9-b733-6f9667bbd6c9@group-08147416B334: changes role from  FOLLOWER to CANDIDATE at term 44 for changeToCandidate
2019-10-28 11:44:45,379 [Thread-1746] INFO  impl.RoleInfo (RoleInfo.java:updateAndGet(143)) - 24830d12-f44b-43d9-b733-6f9667bbd6c9: start LeaderElection
2019-10-28 11:44:45,401 [24830d12-f44b-43d9-b733-6f9667bbd6c9@group-08147416B334-LeaderElection76] INFO  impl.LeaderElection (LeaderElection.java:askForVotes(178)) - 24830d12-f44b-43d9-b733-6f9667bbd6c9@group-08147416B334-LeaderElection76: begin an election at term 45 for -1: [24830d12-f44b-43d9-b733-6f9667bbd6c9:192.168.164.193:40613, 75159f97-af2c-48a6-bb8f-f5acb2145c35:192.168.164.193:42423, ce71e9bc-e571-4e52-8a73-1c9dce7b9fa7:192.168.164.193:36234], old=null
2019-10-28 11:44:45,403 [grpc-default-executor-2] INFO  impl.RaftServerImpl (RaftServerImpl.java:setRole(184)) - 75159f97-af2c-48a6-bb8f-f5acb2145c35@group-08147416B334: changes role from  FOLLOWER to FOLLOWER at term 45 for recognizeCandidate:24830d12-f44b-43d9-b733-6f9667bbd6c9
2019-10-28 11:44:45,403 [grpc-default-executor-8] INFO  impl.RaftServerImpl (RaftServerImpl.java:setRole(184)) - ce71e9bc-e571-4e52-8a73-1c9dce7b9fa7@group-08147416B334: changes role from  FOLLOWER to FOLLOWER at term 45 for recognizeCandidate:24830d12-f44b-43d9-b733-6f9667bbd6c9
2019-10-28 11:44:45,403 [grpc-default-executor-2] INFO  impl.RoleInfo (RoleInfo.java:shutdownFollowerState(121)) - 75159f97-af2c-48a6-bb8f-f5acb2145c35: shutdown FollowerState
2019-10-28 11:44:45,403 [grpc-default-executor-8] INFO  impl.RoleInfo (RoleInfo.java:shutdownFollowerState(121)) - ce71e9bc-e571-4e52-8a73-1c9dce7b9fa7: shutdown FollowerState
2019-10-28 11:44:45,404 [Thread-1745] INFO  impl.FollowerState (FollowerState.java:run(117)) - 75159f97-af2c-48a6-bb8f-f5acb2145c35@group-08147416B334-FollowerState was interrupted: java.lang.InterruptedException: sleep interrupted
2019-10-28 11:44:45,404 [Thread-1744] INFO  impl.FollowerState (FollowerState.java:run(117)) - ce71e9bc-e571-4e52-8a73-1c9dce7b9fa7@group-08147416B334-FollowerState was interrupted: java.lang.InterruptedException: sleep interrupted
2019-10-28 11:44:45,404 [grpc-default-executor-2] INFO  impl.RoleInfo (RoleInfo.java:updateAndGet(143)) - 75159f97-af2c-48a6-bb8f-f5acb2145c35: start FollowerState
2019-10-28 11:44:45,404 [grpc-default-executor-8] INFO  impl.RoleInfo (RoleInfo.java:updateAndGet(143)) - ce71e9bc-e571-4e52-8a73-1c9dce7b9fa7: start FollowerState
2019-10-28 11:44:45,427 [24830d12-f44b-43d9-b733-6f9667bbd6c9@group-08147416B334-LeaderElection76] INFO  impl.LeaderElection (LeaderElection.java:logAndReturn(56)) - 24830d12-f44b-43d9-b733-6f9667bbd6c9@group-08147416B334-LeaderElection76: Election REJECTED; received 2 response(s) [24830d12-f44b-43d9-b733-6f9667bbd6c9<-75159f97-af2c-48a6-bb8f-f5acb2145c35#0:FAIL-t45, 24830d12-f44b-43d9-b733-6f9667bbd6c9<-ce71e9bc-e571-4e52-8a73-1c9dce7b9fa7#0:FAIL-t45] and 0 exception(s); 24830d12-f44b-43d9-b733-6f9667bbd6c9@group-08147416B334:t45, leader=null, voted=24830d12-f44b-43d9-b733-6f9667bbd6c9, raftlog=24830d12-f44b-43d9-b733-6f9667bbd6c9@group-08147416B334-SegmentedRaftLog:OPENED:c-1,f-1,i0, conf=-1: [24830d12-f44b-43d9-b733-6f9667bbd6c9:192.168.164.193:40613, 75159f97-af2c-48a6-bb8f-f5acb2145c35:192.168.164.193:42423, ce71e9bc-e571-4e52-8a73-1c9dce7b9fa7:192.168.164.193:36234], old=null
2019-10-28 11:44:45,427 [24830d12-f44b-43d9-b733-6f9667bbd6c9@group-08147416B334-LeaderElection76] INFO  impl.RaftServerImpl (RaftServerImpl.java:setRole(184)) - 24830d12-f44b-43d9-b733-6f9667bbd6c9@group-08147416B334: changes role from CANDIDATE to FOLLOWER at term 45 for DISCOVERED_A_NEW_TERM
2019-10-28 11:44:45,427 [24830d12-f44b-43d9-b733-6f9667bbd6c9@group-08147416B334-LeaderElection76] INFO  impl.RoleInfo (RoleInfo.java:shutdownLeaderElection(134)) - 24830d12-f44b-43d9-b733-6f9667bbd6c9: shutdown LeaderElection
2019-10-28 11:44:45,428 [24830d12-f44b-43d9-b733-6f9667bbd6c9@group-08147416B334-LeaderElection76] INFO  impl.RoleInfo (RoleInfo.java:updateAndGet(143)) - 24830d12-f44b-43d9-b733-6f9667bbd6c9: start FollowerState
2019-10-28 11:44:45,584 [Thread-1754] INFO  impl.FollowerState (FollowerState.java:run(108)) - 24830d12-f44b-43d9-b733-6f9667bbd6c9@group-08147416B334-FollowerState: change to CANDIDATE, lastRpcTime:156ms, electionTimeout:156ms
2019-10-28 11:44:45,584 [Thread-1754] INFO  impl.RoleInfo (RoleInfo.java:shutdownFollowerState(121)) - 24830d12-f44b-43d9-b733-6f9667bbd6c9: shutdown FollowerState
2019-10-28 11:44:45,584 [Thread-1754] INFO  impl.RaftServerImpl (RaftServerImpl.java:setRole(184)) - 24830d12-f44b-43d9-b733-6f9667bbd6c9@group-08147416B334: changes role from  FOLLOWER to CANDIDATE at term 45 for changeToCandidate
2019-10-28 11:44:45,585 [Thread-1754] INFO  impl.RoleInfo (RoleInfo.java:updateAndGet(143)) - 24830d12-f44b-43d9-b733-6f9667bbd6c9: start LeaderElection
2019-10-28 11:44:45,598 [24830d12-f44b-43d9-b733-6f9667bbd6c9@group-08147416B334-LeaderElection77] INFO  impl.LeaderElection (LeaderElection.java:askForVotes(178)) - 24830d12-f44b-43d9-b733-6f9667bbd6c9@group-08147416B334-LeaderElection77: begin an election at term 46 for -1: [24830d12-f44b-43d9-b733-6f9667bbd6c9:192.168.164.193:40613, 75159f97-af2c-48a6-bb8f-f5acb2145c35:192.168.164.193:42423, ce71e9bc-e571-4e52-8a73-1c9dce7b9fa7:192.168.164.193:36234], old=null
2019-10-28 11:44:45,600 [grpc-default-executor-2] INFO  impl.RaftServerImpl (RaftServerImpl.java:setRole(184)) - ce71e9bc-e571-4e52-8a73-1c9dce7b9fa7@group-08147416B334: changes role from  FOLLOWER to FOLLOWER at term 46 for recognizeCandidate:24830d12-f44b-43d9-b733-6f9667bbd6c9
2019-10-28 11:44:45,600 [grpc-default-executor-8] INFO  impl.RaftServerImpl (RaftServerImpl.java:setRole(184)) - 75159f97-af2c-48a6-bb8f-f5acb2145c35@group-08147416B334: changes role from  FOLLOWER to FOLLOWER at term 46 for recognizeCandidate:24830d12-f44b-43d9-b733-6f9667bbd6c9
2019-10-28 11:44:45,600 [grpc-default-executor-2] INFO  impl.RoleInfo (RoleInfo.java:shutdownFollowerState(121)) - ce71e9bc-e571-4e52-8a73-1c9dce7b9fa7: shutdown FollowerState
2019-10-28 11:44:45,600 [grpc-default-executor-8] INFO  impl.RoleInfo (RoleInfo.java:shutdownFollowerState(121)) - 75159f97-af2c-48a6-bb8f-f5acb2145c35: shutdown FollowerState
2019-10-28 11:44:45,600 [grpc-default-executor-2] INFO  impl.RoleInfo (RoleInfo.java:updateAndGet(143)) - ce71e9bc-e571-4e52-8a73-1c9dce7b9fa7: start FollowerState
2019-10-28 11:44:45,601 [Thread-1752] INFO  impl.FollowerState (FollowerState.java:run(117)) - 75159f97-af2c-48a6-bb8f-f5acb2145c35@group-08147416B334-FollowerState was interrupted: java.lang.InterruptedException: sleep interrupted
2019-10-28 11:44:45,601 [grpc-default-executor-8] INFO  impl.RoleInfo (RoleInfo.java:updateAndGet(143)) - 75159f97-af2c-48a6-bb8f-f5acb2145c35: start FollowerState
2019-10-28 11:44:45,601 [Thread-1753] INFO  impl.FollowerState (FollowerState.java:run(117)) - ce71e9bc-e571-4e52-8a73-1c9dce7b9fa7@group-08147416B334-FollowerState was interrupted: java.lang.InterruptedException: sleep interrupted
2019-10-28 11:44:45,616 [24830d12-f44b-43d9-b733-6f9667bbd6c9@group-08147416B334-LeaderElection77] INFO  impl.LeaderElection (LeaderElection.java:logAndReturn(56)) - 24830d12-f44b-43d9-b733-6f9667bbd6c9@group-08147416B334-LeaderElection77: Election REJECTED; received 2 response(s) [24830d12-f44b-43d9-b733-6f9667bbd6c9<-75159f97-af2c-48a6-bb8f-f5acb2145c35#0:FAIL-t46, 24830d12-f44b-43d9-b733-6f9667bbd6c9<-ce71e9bc-e571-4e52-8a73-1c9dce7b9fa7#0:FAIL-t46] and 0 exception(s); 24830d12-f44b-43d9-b733-6f9667bbd6c9@group-08147416B334:t46, leader=null, voted=24830d12-f44b-43d9-b733-6f9667bbd6c9, raftlog=24830d12-f44b-43d9-b733-6f9667bbd6c9@group-08147416B334-SegmentedRaftLog:OPENED:c-1,f-1,i0, conf=-1: [24830d12-f44b-43d9-b733-6f9667bbd6c9:192.168.164.193:40613, 75159f97-af2c-48a6-bb8f-f5acb2145c35:192.168.164.193:42423, ce71e9bc-e571-4e52-8a73-1c9dce7b9fa7:192.168.164.193:36234], old=null
2019-10-28 11:44:45,616 [24830d12-f44b-43d9-b733-6f9667bbd6c9@group-08147416B334-LeaderElection77] INFO  impl.RaftServerImpl (RaftServerImpl.java:setRole(184)) - 24830d12-f44b-43d9-b733-6f9667bbd6c9@group-08147416B334: changes role from CANDIDATE to FOLLOWER at term 46 for DISCOVERED_A_NEW_TERM
2019-10-28 11:44:45,616 [24830d12-f44b-43d9-b733-6f9667bbd6c9@group-08147416B334-LeaderElection77] INFO  impl.RoleInfo (RoleInfo.java:shutdownLeaderElection(134)) - 24830d12-f44b-43d9-b733-6f9667bbd6c9: shutdown LeaderElection
2019-10-28 11:44:45,616 [24830d12-f44b-43d9-b733-6f9667bbd6c9@group-08147416B334-LeaderElection77] INFO  impl.RoleInfo (RoleInfo.java:updateAndGet(143)) - 24830d12-f44b-43d9-b733-6f9667bbd6c9: start FollowerState
2019-10-28 11:44:45,762 [Thread-1762] INFO  impl.FollowerState (FollowerState.java:run(108)) - 24830d12-f44b-43d9-b733-6f9667bbd6c9@group-08147416B334-FollowerState: change to CANDIDATE, lastRpcTime:146ms, electionTimeout:146ms
2019-10-28 11:44:45,763 [Thread-1762] INFO  impl.RoleInfo (RoleInfo.java:shutdownFollowerState(121)) - 24830d12-f44b-43d9-b733-6f9667bbd6c9: shutdown FollowerState
2019-10-28 11:44:45,763 [Thread-1762] INFO  impl.RaftServerImpl (RaftServerImpl.java:setRole(184)) - 24830d12-f44b-43d9-b733-6f9667bbd6c9@group-08147416B334: changes role from  FOLLOWER to CANDIDATE at term 46 for changeToCandidate
2019-10-28 11:44:45,763 [Thread-1762] INFO  impl.RoleInfo (RoleInfo.java:updateAndGet(143)) - 24830d12-f44b-43d9-b733-6f9667bbd6c9: start LeaderElection
2019-10-28 11:44:45,803 [24830d12-f44b-43d9-b733-6f9667bbd6c9@group-08147416B334-LeaderElection78] INFO  impl.LeaderElection (LeaderElection.java:askForVotes(178)) - 24830d12-f44b-43d9-b733-6f9667bbd6c9@group-08147416B334-LeaderElection78: begin an election at term 47 for -1: [24830d12-f44b-43d9-b733-6f9667bbd6c9:192.168.164.193:40613, 75159f97-af2c-48a6-bb8f-f5acb2145c35:192.168.164.193:42423, ce71e9bc-e571-4e52-8a73-1c9dce7b9fa7:192.168.164.193:36234], old=null
2019-10-28 11:44:45,805 [grpc-default-executor-2] INFO  impl.RaftServerImpl (RaftServerImpl.java:setRole(184)) - ce71e9bc-e571-4e52-8a73-1c9dce7b9fa7@group-08147416B334: changes role from  FOLLOWER to FOLLOWER at term 47 for recognizeCandidate:24830d12-f44b-43d9-b733-6f9667bbd6c9
2019-10-28 11:44:45,805 [grpc-default-executor-4] INFO  impl.RaftServerImpl (RaftServerImpl.java:setRole(184)) - 75159f97-af2c-48a6-bb8f-f5acb2145c35@group-08147416B334: changes role from  FOLLOWER to FOLLOWER at term 47 for recognizeCandidate:24830d12-f44b-43d9-b733-6f9667bbd6c9
2019-10-28 11:44:45,806 [grpc-default-executor-2] INFO  impl.RoleInfo (RoleInfo.java:shutdownFollowerState(121)) - ce71e9bc-e571-4e52-8a73-1c9dce7b9fa7: shutdown FollowerState
2019-10-28 11:44:45,806 [grpc-default-executor-4] INFO  impl.RoleInfo (RoleInfo.java:shutdownFollowerState(121)) - 75159f97-af2c-48a6-bb8f-f5acb2145c35: shutdown FollowerState
2019-10-28 11:44:45,806 [grpc-default-executor-2] INFO  impl.RoleInfo (RoleInfo.java:updateAndGet(143)) - ce71e9bc-e571-4e52-8a73-1c9dce7b9fa7: start FollowerState
2019-10-28 11:44:45,806 [Thread-1760] INFO  impl.FollowerState (FollowerState.java:run(117)) - ce71e9bc-e571-4e52-8a73-1c9dce7b9fa7@group-08147416B334-FollowerState was interrupted: java.lang.InterruptedException: sleep interrupted
2019-10-28 11:44:45,806 [grpc-default-executor-4] INFO  impl.RoleInfo (RoleInfo.java:updateAndGet(143)) - 75159f97-af2c-48a6-bb8f-f5acb2145c35: start FollowerState
2019-10-28 11:44:45,806 [Thread-1761] INFO  impl.FollowerState (FollowerState.java:run(117)) - 75159f97-af2c-48a6-bb8f-f5acb2145c35@group-08147416B334-FollowerState was interrupted: java.lang.InterruptedException: sleep interrupted
2019-10-28 11:44:45,813 [24830d12-f44b-43d9-b733-6f9667bbd6c9@group-08147416B334-LeaderElection78] INFO  impl.LeaderElection (LeaderElection.java:logAndReturn(56)) - 24830d12-f44b-43d9-b733-6f9667bbd6c9@group-08147416B334-LeaderElection78: Election REJECTED; received 2 response(s) [24830d12-f44b-43d9-b733-6f9667bbd6c9<-75159f97-af2c-48a6-bb8f-f5acb2145c35#0:FAIL-t47, 24830d12-f44b-43d9-b733-6f9667bbd6c9<-ce71e9bc-e571-4e52-8a73-1c9dce7b9fa7#0:FAIL-t47] and 0 exception(s); 24830d12-f44b-43d9-b733-6f9667bbd6c9@group-08147416B334:t47, leader=null, voted=24830d12-f44b-43d9-b733-6f9667bbd6c9, raftlog=24830d12-f44b-43d9-b733-6f9667bbd6c9@group-08147416B334-SegmentedRaftLog:OPENED:c-1,f-1,i0, conf=-1: [24830d12-f44b-43d9-b733-6f9667bbd6c9:192.168.164.193:40613, 75159f97-af2c-48a6-bb8f-f5acb2145c35:192.168.164.193:42423, ce71e9bc-e571-4e52-8a73-1c9dce7b9fa7:192.168.164.193:36234], old=null
2019-10-28 11:44:45,813 [24830d12-f44b-43d9-b733-6f9667bbd6c9@group-08147416B334-LeaderElection78] INFO  impl.RaftServerImpl (RaftServerImpl.java:setRole(184)) - 24830d12-f44b-43d9-b733-6f9667bbd6c9@group-08147416B334: changes role from CANDIDATE to FOLLOWER at term 47 for DISCOVERED_A_NEW_TERM
2019-10-28 11:44:45,813 [24830d12-f44b-43d9-b733-6f9667bbd6c9@group-08147416B334-LeaderElection78] INFO  impl.RoleInfo (RoleInfo.java:shutdownLeaderElection(134)) - 24830d12-f44b-43d9-b733-6f9667bbd6c9: shutdown LeaderElection
2019-10-28 11:44:45,813 [24830d12-f44b-43d9-b733-6f9667bbd6c9@group-08147416B334-LeaderElection78] INFO  impl.RoleInfo (RoleInfo.java:updateAndGet(143)) - 24830d12-f44b-43d9-b733-6f9667bbd6c9: start FollowerState
2019-10-28 11:44:45,966 [Thread-1772] INFO  impl.FollowerState (FollowerState.java:run(108)) - 24830d12-f44b-43d9-b733-6f9667bbd6c9@group-08147416B334-FollowerState: change to CANDIDATE, lastRpcTime:152ms, electionTimeout:152ms
2019-10-28 11:44:45,966 [Thread-1772] INFO  impl.RoleInfo (RoleInfo.java:shutdownFollowerState(121)) - 24830d12-f44b-43d9-b733-6f9667bbd6c9: shutdown FollowerState
2019-10-28 11:44:45,966 [Thread-1772] INFO  impl.RaftServerImpl (RaftServerImpl.java:setRole(184)) - 24830d12-f44b-43d9-b733-6f9667bbd6c9@group-08147416B334: changes role from  FOLLOWER to CANDIDATE at term 47 for changeToCandidate
2019-10-28 11:44:45,971 [Thread-1772] INFO  impl.RoleInfo (RoleInfo.java:updateAndGet(143)) - 24830d12-f44b-43d9-b733-6f9667bbd6c9: start LeaderElection
2019-10-28 11:44:45,986 [24830d12-f44b-43d9-b733-6f9667bbd6c9@group-08147416B334-LeaderElection79] INFO  impl.LeaderElection (LeaderElection.java:askForVotes(178)) - 24830d12-f44b-43d9-b733-6f9667bbd6c9@group-08147416B334-LeaderElection79: begin an election at term 48 for -1: [24830d12-f44b-43d9-b733-6f9667bbd6c9:192.168.164.193:40613, 75159f97-af2c-48a6-bb8f-f5acb2145c35:192.168.164.193:42423, ce71e9bc-e571-4e52-8a73-1c9dce7b9fa7:192.168.164.193:36234], old=null
2019-10-28 11:44:45,989 [grpc-default-executor-4] INFO  impl.RaftServerImpl (RaftServerImpl.java:setRole(184)) - ce71e9bc-e571-4e52-8a73-1c9dce7b9fa7@group-08147416B334: changes role from  FOLLOWER to FOLLOWER at term 48 for recognizeCandidate:24830d12-f44b-43d9-b733-6f9667bbd6c9
2019-10-28 11:44:45,989 [grpc-default-executor-4] INFO  impl.RoleInfo (RoleInfo.java:shutdownFollowerState(121)) - ce71e9bc-e571-4e52-8a73-1c9dce7b9fa7: shutdown FollowerState
2019-10-28 11:44:45,989 [grpc-default-executor-4] INFO  impl.RoleInfo (RoleInfo.java:updateAndGet(143)) - ce71e9bc-e571-4e52-8a73-1c9dce7b9fa7: start FollowerState
2019-10-28 11:44:45,989 [Thread-1770] INFO  impl.FollowerState (FollowerState.java:run(117)) - ce71e9bc-e571-4e52-8a73-1c9dce7b9fa7@group-08147416B334-FollowerState was interrupted: java.lang.InterruptedException: sleep interrupted
2019-10-28 11:44:45,989 [grpc-default-executor-8] INFO  impl.RaftServerImpl (RaftServerImpl.java:setRole(184)) - 75159f97-af2c-48a6-bb8f-f5acb2145c35@group-08147416B334: changes role from  FOLLOWER to FOLLOWER at term 48 for recognizeCandidate:24830d12-f44b-43d9-b733-6f9667bbd6c9
2019-10-28 11:44:45,989 [grpc-default-executor-8] INFO  impl.RoleInfo (RoleInfo.java:shutdownFollowerState(121)) - 75159f97-af2c-48a6-bb8f-f5acb2145c35: shutdown FollowerState
2019-10-28 11:44:45,990 [grpc-default-executor-8] INFO  impl.RoleInfo (RoleInfo.java:updateAndGet(143)) - 75159f97-af2c-48a6-bb8f-f5acb2145c35: start FollowerState
2019-10-28 11:44:45,990 [Thread-1771] INFO  impl.FollowerState (FollowerState.java:run(117)) - 75159f97-af2c-48a6-bb8f-f5acb2145c35@group-08147416B334-FollowerState was interrupted: java.lang.InterruptedException: sleep interrupted
2019-10-28 11:44:46,005 [24830d12-f44b-43d9-b733-6f9667bbd6c9@group-08147416B334-LeaderElection79] INFO  impl.LeaderElection (LeaderElection.java:logAndReturn(56)) - 24830d12-f44b-43d9-b733-6f9667bbd6c9@group-08147416B334-LeaderElection79: Election REJECTED; received 2 response(s) [24830d12-f44b-43d9-b733-6f9667bbd6c9<-75159f97-af2c-48a6-bb8f-f5acb2145c35#0:FAIL-t48, 24830d12-f44b-43d9-b733-6f9667bbd6c9<-ce71e9bc-e571-4e52-8a73-1c9dce7b9fa7#0:FAIL-t48] and 0 exception(s); 24830d12-f44b-43d9-b733-6f9667bbd6c9@group-08147416B334:t48, leader=null, voted=24830d12-f44b-43d9-b733-6f9667bbd6c9, raftlog=24830d12-f44b-43d9-b733-6f9667bbd6c9@group-08147416B334-SegmentedRaftLog:OPENED:c-1,f-1,i0, conf=-1: [24830d12-f44b-43d9-b733-6f9667bbd6c9:192.168.164.193:40613, 75159f97-af2c-48a6-bb8f-f5acb2145c35:192.168.164.193:42423, ce71e9bc-e571-4e52-8a73-1c9dce7b9fa7:192.168.164.193:36234], old=null
2019-10-28 11:44:46,005 [24830d12-f44b-43d9-b733-6f9667bbd6c9@group-08147416B334-LeaderElection79] INFO  impl.RaftServerImpl (RaftServerImpl.java:setRole(184)) - 24830d12-f44b-43d9-b733-6f9667bbd6c9@group-08147416B334: changes role from CANDIDATE to FOLLOWER at term 48 for DISCOVERED_A_NEW_TERM
2019-10-28 11:44:46,005 [24830d12-f44b-43d9-b733-6f9667bbd6c9@group-08147416B334-LeaderElection79] INFO  impl.RoleInfo (RoleInfo.java:shutdownLeaderElection(134)) - 24830d12-f44b-43d9-b733-6f9667bbd6c9: shutdown LeaderElection
2019-10-28 11:44:46,005 [24830d12-f44b-43d9-b733-6f9667bbd6c9@group-08147416B334-LeaderElection79] INFO  impl.RoleInfo (RoleInfo.java:updateAndGet(143)) - 24830d12-f44b-43d9-b733-6f9667bbd6c9: start FollowerState
2019-10-28 11:44:46,025 [Thread-1778] INFO  impl.FollowerState (FollowerState.java:run(108)) - 24830d12-f44b-43d9-b733-6f9667bbd6c9@group-08147416B334-FollowerState: change to CANDIDATE, lastRpcTime:20ms, electionTimeout:20ms
2019-10-28 11:44:46,026 [Thread-1778] INFO  impl.RoleInfo (RoleInfo.java:shutdownFollowerState(121)) - 24830d12-f44b-43d9-b733-6f9667bbd6c9: shutdown FollowerState
2019-10-28 11:44:46,026 [Thread-1778] INFO  impl.RaftServerImpl (RaftServerImpl.java:setRole(184)) - 24830d12-f44b-43d9-b733-6f9667bbd6c9@group-08147416B334: changes role from  FOLLOWER to CANDIDATE at term 48 for changeToCandidate
2019-10-28 11:44:46,026 [Thread-1778] INFO  impl.RoleInfo (RoleInfo.java:updateAndGet(143)) - 24830d12-f44b-43d9-b733-6f9667bbd6c9: start LeaderElection
2019-10-28 11:44:46,041 [24830d12-f44b-43d9-b733-6f9667bbd6c9@group-08147416B334-LeaderElection80] INFO  impl.LeaderElection (LeaderElection.java:askForVotes(178)) - 24830d12-f44b-43d9-b733-6f9667bbd6c9@group-08147416B334-LeaderElection80: begin an election at term 49 for -1: [24830d12-f44b-43d9-b733-6f9667bbd6c9:192.168.164.193:40613, 75159f97-af2c-48a6-bb8f-f5acb2145c35:192.168.164.193:42423, ce71e9bc-e571-4e52-8a73-1c9dce7b9fa7:192.168.164.193:36234], old=null
2019-10-28 11:44:46,044 [grpc-default-executor-4] INFO  impl.RaftServerImpl (RaftServerImpl.java:setRole(184)) - ce71e9bc-e571-4e52-8a73-1c9dce7b9fa7@group-08147416B334: changes role from  FOLLOWER to FOLLOWER at term 49 for recognizeCandidate:24830d12-f44b-43d9-b733-6f9667bbd6c9
2019-10-28 11:44:46,044 [grpc-default-executor-4] INFO  impl.RoleInfo (RoleInfo.java:shutdownFollowerState(121)) - ce71e9bc-e571-4e52-8a73-1c9dce7b9fa7: shutdown FollowerState
2019-10-28 11:44:46,044 [grpc-default-executor-8] INFO  impl.RaftServerImpl (RaftServerImpl.java:setRole(184)) - 75159f97-af2c-48a6-bb8f-f5acb2145c35@group-08147416B334: changes role from  FOLLOWER to FOLLOWER at term 49 for recognizeCandidate:24830d12-f44b-43d9-b733-6f9667bbd6c9
2019-10-28 11:44:46,044 [grpc-default-executor-4] INFO  impl.RoleInfo (RoleInfo.java:updateAndGet(143)) - ce71e9bc-e571-4e52-8a73-1c9dce7b9fa7: start FollowerState
2019-10-28 11:44:46,044 [Thread-1776] INFO  impl.FollowerState (FollowerState.java:run(117)) - ce71e9bc-e571-4e52-8a73-1c9dce7b9fa7@group-08147416B334-FollowerState was interrupted: java.lang.InterruptedException: sleep interrupted
2019-10-28 11:44:46,044 [grpc-default-executor-8] INFO  impl.RoleInfo (RoleInfo.java:shutdownFollowerState(121)) - 75159f97-af2c-48a6-bb8f-f5acb2145c35: shutdown FollowerState
2019-10-28 11:44:46,045 [grpc-default-executor-8] INFO  impl.RoleInfo (RoleInfo.java:updateAndGet(143)) - 75159f97-af2c-48a6-bb8f-f5acb2145c35: start FollowerState
2019-10-28 11:44:46,045 [Thread-1777] INFO  impl.FollowerState (FollowerState.java:run(117)) - 75159f97-af2c-48a6-bb8f-f5acb2145c35@group-08147416B334-FollowerState was interrupted: java.lang.InterruptedException: sleep interrupted
2019-10-28 11:44:46,058 [24830d12-f44b-43d9-b733-6f9667bbd6c9@group-08147416B334-LeaderElection80] INFO  impl.LeaderElection (LeaderElection.java:logAndReturn(56)) - 24830d12-f44b-43d9-b733-6f9667bbd6c9@group-08147416B334-LeaderElection80: Election REJECTED; received 2 response(s) [24830d12-f44b-43d9-b733-6f9667bbd6c9<-75159f97-af2c-48a6-bb8f-f5acb2145c35#0:FAIL-t49, 24830d12-f44b-43d9-b733-6f9667bbd6c9<-ce71e9bc-e571-4e52-8a73-1c9dce7b9fa7#0:FAIL-t49] and 0 exception(s); 24830d12-f44b-43d9-b733-6f9667bbd6c9@group-08147416B334:t49, leader=null, voted=24830d12-f44b-43d9-b733-6f9667bbd6c9, raftlog=24830d12-f44b-43d9-b733-6f9667bbd6c9@group-08147416B334-SegmentedRaftLog:OPENED:c-1,f-1,i0, conf=-1: [24830d12-f44b-43d9-b733-6f9667bbd6c9:192.168.164.193:40613, 75159f97-af2c-48a6-bb8f-f5acb2145c35:192.168.164.193:42423, ce71e9bc-e571-4e52-8a73-1c9dce7b9fa7:192.168.164.193:36234], old=null
2019-10-28 11:44:46,058 [24830d12-f44b-43d9-b733-6f9667bbd6c9@group-08147416B334-LeaderElection80] INFO  impl.RaftServerImpl (RaftServerImpl.java:setRole(184)) - 24830d12-f44b-43d9-b733-6f9667bbd6c9@group-08147416B334: changes role from CANDIDATE to FOLLOWER at term 49 for DISCOVERED_A_NEW_TERM
2019-10-28 11:44:46,058 [24830d12-f44b-43d9-b733-6f9667bbd6c9@group-08147416B334-LeaderElection80] INFO  impl.RoleInfo (RoleInfo.java:shutdownLeaderElection(134)) - 24830d12-f44b-43d9-b733-6f9667bbd6c9: shutdown LeaderElection
2019-10-28 11:44:46,059 [24830d12-f44b-43d9-b733-6f9667bbd6c9@group-08147416B334-LeaderElection80] INFO  impl.RoleInfo (RoleInfo.java:updateAndGet(143)) - 24830d12-f44b-43d9-b733-6f9667bbd6c9: start FollowerState
2019-10-28 11:44:46,104 [Thread-1784] INFO  impl.FollowerState (FollowerState.java:run(108)) - 24830d12-f44b-43d9-b733-6f9667bbd6c9@group-08147416B334-FollowerState: change to CANDIDATE, lastRpcTime:45ms, electionTimeout:45ms
2019-10-28 11:44:46,104 [Thread-1784] INFO  impl.RoleInfo (RoleInfo.java:shutdownFollowerState(121)) - 24830d12-f44b-43d9-b733-6f9667bbd6c9: shutdown FollowerState
2019-10-28 11:44:46,104 [Thread-1784] INFO  impl.RaftServerImpl (RaftServerImpl.java:setRole(184)) - 24830d12-f44b-43d9-b733-6f9667bbd6c9@group-08147416B334: changes role from  FOLLOWER to CANDIDATE at term 49 for changeToCandidate
2019-10-28 11:44:46,104 [Thread-1784] INFO  impl.RoleInfo (RoleInfo.java:updateAndGet(143)) - 24830d12-f44b-43d9-b733-6f9667bbd6c9: start LeaderElection
2019-10-28 11:44:46,117 [24830d12-f44b-43d9-b733-6f9667bbd6c9@group-08147416B334-LeaderElection81] INFO  impl.LeaderElection (LeaderElection.java:askForVotes(178)) - 24830d12-f44b-43d9-b733-6f9667bbd6c9@group-08147416B334-LeaderElection81: begin an election at term 50 for -1: [24830d12-f44b-43d9-b733-6f9667bbd6c9:192.168.164.193:40613, 75159f97-af2c-48a6-bb8f-f5acb2145c35:192.168.164.193:42423, ce71e9bc-e571-4e52-8a73-1c9dce7b9fa7:192.168.164.193:36234], old=null
2019-10-28 11:44:46,121 [grpc-default-executor-8] INFO  impl.RaftServerImpl (RaftServerImpl.java:setRole(184)) - 75159f97-af2c-48a6-bb8f-f5acb2145c35@group-08147416B334: changes role from  FOLLOWER to FOLLOWER at term 50 for recognizeCandidate:24830d12-f44b-43d9-b733-6f9667bbd6c9
2019-10-28 11:44:46,121 [grpc-default-executor-8] INFO  impl.RoleInfo (RoleInfo.java:shutdownFollowerState(121)) - 75159f97-af2c-48a6-bb8f-f5acb2145c35: shutdown FollowerState
2019-10-28 11:44:46,121 [grpc-default-executor-8] INFO  impl.RoleInfo (RoleInfo.java:updateAndGet(143)) - 75159f97-af2c-48a6-bb8f-f5acb2145c35: start FollowerState
2019-10-28 11:44:46,121 [Thread-1783] INFO  impl.FollowerState (FollowerState.java:run(117)) - 75159f97-af2c-48a6-bb8f-f5acb2145c35@group-08147416B334-FollowerState was interrupted: java.lang.InterruptedException: sleep interrupted
2019-10-28 11:44:46,121 [grpc-default-executor-4] INFO  impl.RaftServerImpl (RaftServerImpl.java:setRole(184)) - ce71e9bc-e571-4e52-8a73-1c9dce7b9fa7@group-08147416B334: changes role from  FOLLOWER to FOLLOWER at term 50 for recognizeCandidate:24830d12-f44b-43d9-b733-6f9667bbd6c9
2019-10-28 11:44:46,121 [grpc-default-executor-4] INFO  impl.RoleInfo (RoleInfo.java:shutdownFollowerState(121)) - ce71e9bc-e571-4e52-8a73-1c9dce7b9fa7: shutdown FollowerState
2019-10-28 11:44:46,122 [grpc-default-executor-4] INFO  impl.RoleInfo (RoleInfo.java:updateAndGet(143)) - ce71e9bc-e571-4e52-8a73-1c9dce7b9fa7: start FollowerState
2019-10-28 11:44:46,123 [Thread-1782] INFO  impl.FollowerState (FollowerState.java:run(117)) - ce71e9bc-e571-4e52-8a73-1c9dce7b9fa7@group-08147416B334-FollowerState was interrupted: java.lang.InterruptedException: sleep interrupted
2019-10-28 11:44:46,135 [24830d12-f44b-43d9-b733-6f9667bbd6c9@group-08147416B334-LeaderElection81] INFO  impl.LeaderElection (LeaderElection.java:logAndReturn(56)) - 24830d12-f44b-43d9-b733-6f9667bbd6c9@group-08147416B334-LeaderElection81: Election REJECTED; received 2 response(s) [24830d12-f44b-43d9-b733-6f9667bbd6c9<-75159f97-af2c-48a6-bb8f-f5acb2145c35#0:FAIL-t50, 24830d12-f44b-43d9-b733-6f9667bbd6c9<-ce71e9bc-e571-4e52-8a73-1c9dce7b9fa7#0:FAIL-t50] and 0 exception(s); 24830d12-f44b-43d9-b733-6f9667bbd6c9@group-08147416B334:t50, leader=null, voted=24830d12-f44b-43d9-b733-6f9667bbd6c9, raftlog=24830d12-f44b-43d9-b733-6f9667bbd6c9@group-08147416B334-SegmentedRaftLog:OPENED:c-1,f-1,i0, conf=-1: [24830d12-f44b-43d9-b733-6f9667bbd6c9:192.168.164.193:40613, 75159f97-af2c-48a6-bb8f-f5acb2145c35:192.168.164.193:42423, ce71e9bc-e571-4e52-8a73-1c9dce7b9fa7:192.168.164.193:36234], old=null
2019-10-28 11:44:46,136 [24830d12-f44b-43d9-b733-6f9667bbd6c9@group-08147416B334-LeaderElection81] INFO  impl.RaftServerImpl (RaftServerImpl.java:setRole(184)) - 24830d12-f44b-43d9-b733-6f9667bbd6c9@group-08147416B334: changes role from CANDIDATE to FOLLOWER at term 50 for DISCOVERED_A_NEW_TERM
2019-10-28 11:44:46,136 [24830d12-f44b-43d9-b733-6f9667bbd6c9@group-08147416B334-LeaderElection81] INFO  impl.RoleInfo (RoleInfo.java:shutdownLeaderElection(134)) - 24830d12-f44b-43d9-b733-6f9667bbd6c9: shutdown LeaderElection
2019-10-28 11:44:46,136 [24830d12-f44b-43d9-b733-6f9667bbd6c9@group-08147416B334-LeaderElection81] INFO  impl.RoleInfo (RoleInfo.java:updateAndGet(143)) - 24830d12-f44b-43d9-b733-6f9667bbd6c9: start FollowerState
2019-10-28 11:44:46,163 [Thread-1792] INFO  impl.FollowerState (FollowerState.java:run(108)) - 24830d12-f44b-43d9-b733-6f9667bbd6c9@group-08147416B334-FollowerState: change to CANDIDATE, lastRpcTime:27ms, electionTimeout:27ms
2019-10-28 11:44:46,163 [Thread-1792] INFO  impl.RoleInfo (RoleInfo.java:shutdownFollowerState(121)) - 24830d12-f44b-43d9-b733-6f9667bbd6c9: shutdown FollowerState
2019-10-28 11:44:46,164 [Thread-1792] INFO  impl.RaftServerImpl (RaftServerImpl.java:setRole(184)) - 24830d12-f44b-43d9-b733-6f9667bbd6c9@group-08147416B334: changes role from  FOLLOWER to CANDIDATE at term 50 for changeToCandidate
2019-10-28 11:44:46,164 [Thread-1792] INFO  impl.RoleInfo (RoleInfo.java:updateAndGet(143)) - 24830d12-f44b-43d9-b733-6f9667bbd6c9: start LeaderElection
2019-10-28 11:44:46,177 [24830d12-f44b-43d9-b733-6f9667bbd6c9@group-08147416B334-LeaderElection82] INFO  impl.LeaderElection (LeaderElection.java:askForVotes(178)) - 24830d12-f44b-43d9-b733-6f9667bbd6c9@group-08147416B334-LeaderElection82: begin an election at term 51 for -1: [24830d12-f44b-43d9-b733-6f9667bbd6c9:192.168.164.193:40613, 75159f97-af2c-48a6-bb8f-f5acb2145c35:192.168.164.193:42423, ce71e9bc-e571-4e52-8a73-1c9dce7b9fa7:192.168.164.193:36234], old=null
2019-10-28 11:44:46,179 [grpc-default-executor-4] INFO  impl.RaftServerImpl (RaftServerImpl.java:setRole(184)) - 75159f97-af2c-48a6-bb8f-f5acb2145c35@group-08147416B334: changes role from  FOLLOWER to FOLLOWER at term 51 for recognizeCandidate:24830d12-f44b-43d9-b733-6f9667bbd6c9
2019-10-28 11:44:46,179 [grpc-default-executor-4] INFO  impl.RoleInfo (RoleInfo.java:shutdownFollowerState(121)) - 75159f97-af2c-48a6-bb8f-f5acb2145c35: shutdown FollowerState
2019-10-28 11:44:46,180 [grpc-default-executor-4] INFO  impl.RoleInfo (RoleInfo.java:updateAndGet(143)) - 75159f97-af2c-48a6-bb8f-f5acb2145c35: start FollowerState
2019-10-28 11:44:46,180 [Thread-1790] INFO  impl.FollowerState (FollowerState.java:run(117)) - 75159f97-af2c-48a6-bb8f-f5acb2145c35@group-08147416B334-FollowerState was interrupted: java.lang.InterruptedException: sleep interrupted
2019-10-28 11:44:46,180 [grpc-default-executor-8] INFO  impl.RaftServerImpl (RaftServerImpl.java:setRole(184)) - ce71e9bc-e571-4e52-8a73-1c9dce7b9fa7@group-08147416B334: changes role from  FOLLOWER to FOLLOWER at term 51 for recognizeCandidate:24830d12-f44b-43d9-b733-6f9667bbd6c9
2019-10-28 11:44:46,180 [grpc-default-executor-8] INFO  impl.RoleInfo (RoleInfo.java:shutdownFollowerState(121)) - ce71e9bc-e571-4e52-8a73-1c9dce7b9fa7: shutdown FollowerState
2019-10-28 11:44:46,180 [grpc-default-executor-8] INFO  impl.RoleInfo (RoleInfo.java:updateAndGet(143)) - ce71e9bc-e571-4e52-8a73-1c9dce7b9fa7: start FollowerState
2019-10-28 11:44:46,180 [Thread-1791] INFO  impl.FollowerState (FollowerState.java:run(117)) - ce71e9bc-e571-4e52-8a73-1c9dce7b9fa7@group-08147416B334-FollowerState was interrupted: java.lang.InterruptedException: sleep interrupted
2019-10-28 11:44:46,194 [24830d12-f44b-43d9-b733-6f9667bbd6c9@group-08147416B334-LeaderElection82] INFO  impl.LeaderElection (LeaderElection.java:logAndReturn(56)) - 24830d12-f44b-43d9-b733-6f9667bbd6c9@group-08147416B334-LeaderElection82: Election TIMEOUT; received 0 response(s) [] and 0 exception(s); 24830d12-f44b-43d9-b733-6f9667bbd6c9@group-08147416B334:t51, leader=null, voted=24830d12-f44b-43d9-b733-6f9667bbd6c9, raftlog=24830d12-f44b-43d9-b733-6f9667bbd6c9@group-08147416B334-SegmentedRaftLog:OPENED:c-1,f-1,i0, conf=-1: [24830d12-f44b-43d9-b733-6f9667bbd6c9:192.168.164.193:40613, 75159f97-af2c-48a6-bb8f-f5acb2145c35:192.168.164.193:42423, ce71e9bc-e571-4e52-8a73-1c9dce7b9fa7:192.168.164.193:36234], old=null
2019-10-28 11:44:46,207 [24830d12-f44b-43d9-b733-6f9667bbd6c9@group-08147416B334-LeaderElection82] INFO  impl.LeaderElection (LeaderElection.java:askForVotes(178)) - 24830d12-f44b-43d9-b733-6f9667bbd6c9@group-08147416B334-LeaderElection82: begin an election at term 52 for -1: [24830d12-f44b-43d9-b733-6f9667bbd6c9:192.168.164.193:40613, 75159f97-af2c-48a6-bb8f-f5acb2145c35:192.168.164.193:42423, ce71e9bc-e571-4e52-8a73-1c9dce7b9fa7:192.168.164.193:36234], old=null
2019-10-28 11:44:46,209 [grpc-default-executor-8] INFO  impl.RaftServerImpl (RaftServerImpl.java:setRole(184)) - 75159f97-af2c-48a6-bb8f-f5acb2145c35@group-08147416B334: changes role from  FOLLOWER to FOLLOWER at term 52 for recognizeCandidate:24830d12-f44b-43d9-b733-6f9667bbd6c9
2019-10-28 11:44:46,209 [grpc-default-executor-8] INFO  impl.RoleInfo (RoleInfo.java:shutdownFollowerState(121)) - 75159f97-af2c-48a6-bb8f-f5acb2145c35: shutdown FollowerState
2019-10-28 11:44:46,210 [grpc-default-executor-8] INFO  impl.RoleInfo (RoleInfo.java:updateAndGet(143)) - 75159f97-af2c-48a6-bb8f-f5acb2145c35: start FollowerState
2019-10-28 11:44:46,210 [Thread-1796] INFO  impl.FollowerState (FollowerState.java:run(117)) - 75159f97-af2c-48a6-bb8f-f5acb2145c35@group-08147416B334-FollowerState was interrupted: java.lang.InterruptedException: sleep interrupted
2019-10-28 11:44:46,211 [grpc-default-executor-4] INFO  impl.RaftServerImpl (RaftServerImpl.java:setRole(184)) - ce71e9bc-e571-4e52-8a73-1c9dce7b9fa7@group-08147416B334: changes role from  FOLLOWER to FOLLOWER at term 52 for recognizeCandidate:24830d12-f44b-43d9-b733-6f9667bbd6c9
2019-10-28 11:44:46,211 [grpc-default-executor-4] INFO  impl.RoleInfo (RoleInfo.java:shutdownFollowerState(121)) - ce71e9bc-e571-4e52-8a73-1c9dce7b9fa7: shutdown FollowerState
2019-10-28 11:44:46,211 [grpc-default-executor-4] INFO  impl.RoleInfo (RoleInfo.java:updateAndGet(143)) - ce71e9bc-e571-4e52-8a73-1c9dce7b9fa7: start FollowerState
2019-10-28 11:44:46,212 [Thread-1797] INFO  impl.FollowerState (FollowerState.java:run(117)) - ce71e9bc-e571-4e52-8a73-1c9dce7b9fa7@group-08147416B334-FollowerState was interrupted: java.lang.InterruptedException: sleep interrupted
2019-10-28 11:44:46,224 [24830d12-f44b-43d9-b733-6f9667bbd6c9@group-08147416B334-LeaderElection82] INFO  impl.LeaderElection (LeaderElection.java:logAndReturn(56)) - 24830d12-f44b-43d9-b733-6f9667bbd6c9@group-08147416B334-LeaderElection82: Election REJECTED; received 2 response(s) [24830d12-f44b-43d9-b733-6f9667bbd6c9<-75159f97-af2c-48a6-bb8f-f5acb2145c35#0:FAIL-t52, 24830d12-f44b-43d9-b733-6f9667bbd6c9<-ce71e9bc-e571-4e52-8a73-1c9dce7b9fa7#0:FAIL-t52] and 0 exception(s); 24830d12-f44b-43d9-b733-6f9667bbd6c9@group-08147416B334:t52, leader=null, voted=24830d12-f44b-43d9-b733-6f9667bbd6c9, raftlog=24830d12-f44b-43d9-b733-6f9667bbd6c9@group-08147416B334-SegmentedRaftLog:OPENED:c-1,f-1,i0, conf=-1: [24830d12-f44b-43d9-b733-6f9667bbd6c9:192.168.164.193:40613, 75159f97-af2c-48a6-bb8f-f5acb2145c35:192.168.164.193:42423, ce71e9bc-e571-4e52-8a73-1c9dce7b9fa7:192.168.164.193:36234], old=null
2019-10-28 11:44:46,225 [24830d12-f44b-43d9-b733-6f9667bbd6c9@group-08147416B334-LeaderElection82] INFO  impl.RaftServerImpl (RaftServerImpl.java:setRole(184)) - 24830d12-f44b-43d9-b733-6f9667bbd6c9@group-08147416B334: changes role from CANDIDATE to FOLLOWER at term 52 for DISCOVERED_A_NEW_TERM
2019-10-28 11:44:46,225 [24830d12-f44b-43d9-b733-6f9667bbd6c9@group-08147416B334-LeaderElection82] INFO  impl.RoleInfo (RoleInfo.java:shutdownLeaderElection(134)) - 24830d12-f44b-43d9-b733-6f9667bbd6c9: shutdown LeaderElection
2019-10-28 11:44:46,225 [24830d12-f44b-43d9-b733-6f9667bbd6c9@group-08147416B334-LeaderElection82] INFO  impl.RoleInfo (RoleInfo.java:updateAndGet(143)) - 24830d12-f44b-43d9-b733-6f9667bbd6c9: start FollowerState
2019-10-28 11:44:46,242 [Thread-1802] INFO  impl.FollowerState (FollowerState.java:run(108)) - 24830d12-f44b-43d9-b733-6f9667bbd6c9@group-08147416B334-FollowerState: change to CANDIDATE, lastRpcTime:17ms, electionTimeout:12ms
2019-10-28 11:44:46,243 [Thread-1802] INFO  impl.RoleInfo (RoleInfo.java:shutdownFollowerState(121)) - 24830d12-f44b-43d9-b733-6f9667bbd6c9: shutdown FollowerState
2019-10-28 11:44:46,243 [Thread-1802] INFO  impl.RaftServerImpl (RaftServerImpl.java:setRole(184)) - 24830d12-f44b-43d9-b733-6f9667bbd6c9@group-08147416B334: changes role from  FOLLOWER to CANDIDATE at term 52 for changeToCandidate
2019-10-28 11:44:46,243 [Thread-1802] INFO  impl.RoleInfo (RoleInfo.java:updateAndGet(143)) - 24830d12-f44b-43d9-b733-6f9667bbd6c9: start LeaderElection
2019-10-28 11:44:46,266 [24830d12-f44b-43d9-b733-6f9667bbd6c9@group-08147416B334-LeaderElection83] INFO  impl.LeaderElection (LeaderElection.java:askForVotes(178)) - 24830d12-f44b-43d9-b733-6f9667bbd6c9@group-08147416B334-LeaderElection83: begin an election at term 53 for -1: [24830d12-f44b-43d9-b733-6f9667bbd6c9:192.168.164.193:40613, 75159f97-af2c-48a6-bb8f-f5acb2145c35:192.168.164.193:42423, ce71e9bc-e571-4e52-8a73-1c9dce7b9fa7:192.168.164.193:36234], old=null
2019-10-28 11:44:46,268 [grpc-default-executor-4] INFO  impl.RaftServerImpl (RaftServerImpl.java:setRole(184)) - 75159f97-af2c-48a6-bb8f-f5acb2145c35@group-08147416B334: changes role from  FOLLOWER to FOLLOWER at term 53 for recognizeCandidate:24830d12-f44b-43d9-b733-6f9667bbd6c9
2019-10-28 11:44:46,269 [grpc-default-executor-4] INFO  impl.RoleInfo (RoleInfo.java:shutdownFollowerState(121)) - 75159f97-af2c-48a6-bb8f-f5acb2145c35: shutdown FollowerState
2019-10-28 11:44:46,269 [grpc-default-executor-4] INFO  impl.RoleInfo (RoleInfo.java:updateAndGet(143)) - 75159f97-af2c-48a6-bb8f-f5acb2145c35: start FollowerState
2019-10-28 11:44:46,269 [grpc-default-executor-8] INFO  impl.RaftServerImpl (RaftServerImpl.java:setRole(184)) - ce71e9bc-e571-4e52-8a73-1c9dce7b9fa7@group-08147416B334: changes role from  FOLLOWER to FOLLOWER at term 53 for recognizeCandidate:24830d12-f44b-43d9-b733-6f9667bbd6c9
2019-10-28 11:44:46,269 [grpc-default-executor-8] INFO  impl.RoleInfo (RoleInfo.java:shutdownFollowerState(121)) - ce71e9bc-e571-4e52-8a73-1c9dce7b9fa7: shutdown FollowerState
2019-10-28 11:44:46,269 [grpc-default-executor-8] INFO  impl.RoleInfo (RoleInfo.java:updateAndGet(143)) - ce71e9bc-e571-4e52-8a73-1c9dce7b9fa7: start FollowerState
2019-10-28 11:44:46,270 [Thread-1800] INFO  impl.FollowerState (FollowerState.java:run(117)) - 75159f97-af2c-48a6-bb8f-f5acb2145c35@group-08147416B334-FollowerState was interrupted: java.lang.InterruptedException: sleep interrupted
2019-10-28 11:44:46,270 [Thread-1801] INFO  impl.FollowerState (FollowerState.java:run(117)) - ce71e9bc-e571-4e52-8a73-1c9dce7b9fa7@group-08147416B334-FollowerState was interrupted: java.lang.InterruptedException: sleep interrupted
2019-10-28 11:44:46,297 [24830d12-f44b-43d9-b733-6f9667bbd6c9@group-08147416B334-LeaderElection83] INFO  impl.LeaderElection (LeaderElection.java:logAndReturn(56)) - 24830d12-f44b-43d9-b733-6f9667bbd6c9@group-08147416B334-LeaderElection83: Election REJECTED; received 2 response(s) [24830d12-f44b-43d9-b733-6f9667bbd6c9<-75159f97-af2c-48a6-bb8f-f5acb2145c35#0:FAIL-t53, 24830d12-f44b-43d9-b733-6f9667bbd6c9<-ce71e9bc-e571-4e52-8a73-1c9dce7b9fa7#0:FAIL-t53] and 0 exception(s); 24830d12-f44b-43d9-b733-6f9667bbd6c9@group-08147416B334:t53, leader=null, voted=24830d12-f44b-43d9-b733-6f9667bbd6c9, raftlog=24830d12-f44b-43d9-b733-6f9667bbd6c9@group-08147416B334-SegmentedRaftLog:OPENED:c-1,f-1,i0, conf=-1: [24830d12-f44b-43d9-b733-6f9667bbd6c9:192.168.164.193:40613, 75159f97-af2c-48a6-bb8f-f5acb2145c35:192.168.164.193:42423, ce71e9bc-e571-4e52-8a73-1c9dce7b9fa7:192.168.164.193:36234], old=null
2019-10-28 11:44:46,298 [24830d12-f44b-43d9-b733-6f9667bbd6c9@group-08147416B334-LeaderElection83] INFO  impl.RaftServerImpl (RaftServerImpl.java:setRole(184)) - 24830d12-f44b-43d9-b733-6f9667bbd6c9@group-08147416B334: changes role from CANDIDATE to FOLLOWER at term 53 for DISCOVERED_A_NEW_TERM
2019-10-28 11:44:46,298 [24830d12-f44b-43d9-b733-6f9667bbd6c9@group-08147416B334-LeaderElection83] INFO  impl.RoleInfo (RoleInfo.java:shutdownLeaderElection(134)) - 24830d12-f44b-43d9-b733-6f9667bbd6c9: shutdown LeaderElection
2019-10-28 11:44:46,298 [24830d12-f44b-43d9-b733-6f9667bbd6c9@group-08147416B334-LeaderElection83] INFO  impl.RoleInfo (RoleInfo.java:updateAndGet(143)) - 24830d12-f44b-43d9-b733-6f9667bbd6c9: start FollowerState
2019-10-28 11:44:46,445 [Thread-1810] INFO  impl.FollowerState (FollowerState.java:run(108)) - 24830d12-f44b-43d9-b733-6f9667bbd6c9@group-08147416B334-FollowerState: change to CANDIDATE, lastRpcTime:147ms, electionTimeout:147ms
2019-10-28 11:44:46,445 [Thread-1810] INFO  impl.RoleInfo (RoleInfo.java:shutdownFollowerState(121)) - 24830d12-f44b-43d9-b733-6f9667bbd6c9: shutdown FollowerState
2019-10-28 11:44:46,445 [Thread-1810] INFO  impl.RaftServerImpl (RaftServerImpl.java:setRole(184)) - 24830d12-f44b-43d9-b733-6f9667bbd6c9@group-08147416B334: changes role from  FOLLOWER to CANDIDATE at term 53 for changeToCandidate
2019-10-28 11:44:46,446 [Thread-1810] INFO  impl.RoleInfo (RoleInfo.java:updateAndGet(143)) - 24830d12-f44b-43d9-b733-6f9667bbd6c9: start LeaderElection
2019-10-28 11:44:46,459 [24830d12-f44b-43d9-b733-6f9667bbd6c9@group-08147416B334-LeaderElection84] INFO  impl.LeaderElection (LeaderElection.java:askForVotes(178)) - 24830d12-f44b-43d9-b733-6f9667bbd6c9@group-08147416B334-LeaderElection84: begin an election at term 54 for -1: [24830d12-f44b-43d9-b733-6f9667bbd6c9:192.168.164.193:40613, 75159f97-af2c-48a6-bb8f-f5acb2145c35:192.168.164.193:42423, ce71e9bc-e571-4e52-8a73-1c9dce7b9fa7:192.168.164.193:36234], old=null
2019-10-28 11:44:46,461 [grpc-default-executor-8] INFO  impl.RaftServerImpl (RaftServerImpl.java:setRole(184)) - ce71e9bc-e571-4e52-8a73-1c9dce7b9fa7@group-08147416B334: changes role from  FOLLOWER to FOLLOWER at term 54 for recognizeCandidate:24830d12-f44b-43d9-b733-6f9667bbd6c9
2019-10-28 11:44:46,461 [grpc-default-executor-4] INFO  impl.RaftServerImpl (RaftServerImpl.java:setRole(184)) - 75159f97-af2c-48a6-bb8f-f5acb2145c35@group-08147416B334: changes role from  FOLLOWER to FOLLOWER at term 54 for recognizeCandidate:24830d12-f44b-43d9-b733-6f9667bbd6c9
2019-10-28 11:44:46,461 [grpc-default-executor-8] INFO  impl.RoleInfo (RoleInfo.java:shutdownFollowerState(121)) - ce71e9bc-e571-4e52-8a73-1c9dce7b9fa7: shutdown FollowerState
2019-10-28 11:44:46,461 [grpc-default-executor-4] INFO  impl.RoleInfo (RoleInfo.java:shutdownFollowerState(121)) - 75159f97-af2c-48a6-bb8f-f5acb2145c35: shutdown FollowerState
2019-10-28 11:44:46,461 [Thread-1807] INFO  impl.FollowerState (FollowerState.java:run(117)) - ce71e9bc-e571-4e52-8a73-1c9dce7b9fa7@group-08147416B334-FollowerState was interrupted: java.lang.InterruptedException: sleep interrupted
2019-10-28 11:44:46,461 [grpc-default-executor-8] INFO  impl.RoleInfo (RoleInfo.java:updateAndGet(143)) - ce71e9bc-e571-4e52-8a73-1c9dce7b9fa7: start FollowerState
2019-10-28 11:44:46,461 [Thread-1806] INFO  impl.FollowerState (FollowerState.java:run(117)) - 75159f97-af2c-48a6-bb8f-f5acb2145c35@group-08147416B334-FollowerState was interrupted: java.lang.InterruptedException: sleep interrupted
2019-10-28 11:44:46,461 [grpc-default-executor-4] INFO  impl.RoleInfo (RoleInfo.java:updateAndGet(143)) - 75159f97-af2c-48a6-bb8f-f5acb2145c35: start FollowerState
2019-10-28 11:44:46,484 [24830d12-f44b-43d9-b733-6f9667bbd6c9@group-08147416B334-LeaderElection84] INFO  impl.LeaderElection (LeaderElection.java:logAndReturn(56)) - 24830d12-f44b-43d9-b733-6f9667bbd6c9@group-08147416B334-LeaderElection84: Election REJECTED; received 2 response(s) [24830d12-f44b-43d9-b733-6f9667bbd6c9<-75159f97-af2c-48a6-bb8f-f5acb2145c35#0:FAIL-t54, 24830d12-f44b-43d9-b733-6f9667bbd6c9<-ce71e9bc-e571-4e52-8a73-1c9dce7b9fa7#0:FAIL-t54] and 0 exception(s); 24830d12-f44b-43d9-b733-6f9667bbd6c9@group-08147416B334:t54, leader=null, voted=24830d12-f44b-43d9-b733-6f9667bbd6c9, raftlog=24830d12-f44b-43d9-b733-6f9667bbd6c9@group-08147416B334-SegmentedRaftLog:OPENED:c-1,f-1,i0, conf=-1: [24830d12-f44b-43d9-b733-6f9667bbd6c9:192.168.164.193:40613, 75159f97-af2c-48a6-bb8f-f5acb2145c35:192.168.164.193:42423, ce71e9bc-e571-4e52-8a73-1c9dce7b9fa7:192.168.164.193:36234], old=null
2019-10-28 11:44:46,484 [24830d12-f44b-43d9-b733-6f9667bbd6c9@group-08147416B334-LeaderElection84] INFO  impl.RaftServerImpl (RaftServerImpl.java:setRole(184)) - 24830d12-f44b-43d9-b733-6f9667bbd6c9@group-08147416B334: changes role from CANDIDATE to FOLLOWER at term 54 for DISCOVERED_A_NEW_TERM
2019-10-28 11:44:46,484 [24830d12-f44b-43d9-b733-6f9667bbd6c9@group-08147416B334-LeaderElection84] INFO  impl.RoleInfo (RoleInfo.java:shutdownLeaderElection(134)) - 24830d12-f44b-43d9-b733-6f9667bbd6c9: shutdown LeaderElection
2019-10-28 11:44:46,484 [24830d12-f44b-43d9-b733-6f9667bbd6c9@group-08147416B334-LeaderElection84] INFO  impl.RoleInfo (RoleInfo.java:updateAndGet(143)) - 24830d12-f44b-43d9-b733-6f9667bbd6c9: start FollowerState
2019-10-28 11:44:46,521 [Thread-1816] INFO  impl.FollowerState (FollowerState.java:run(108)) - 24830d12-f44b-43d9-b733-6f9667bbd6c9@group-08147416B334-FollowerState: change to CANDIDATE, lastRpcTime:36ms, electionTimeout:36ms
2019-10-28 11:44:46,521 [Thread-1816] INFO  impl.RoleInfo (RoleInfo.java:shutdownFollowerState(121)) - 24830d12-f44b-43d9-b733-6f9667bbd6c9: shutdown FollowerState
2019-10-28 11:44:46,521 [Thread-1816] INFO  impl.RaftServerImpl (RaftServerImpl.java:setRole(184)) - 24830d12-f44b-43d9-b733-6f9667bbd6c9@group-08147416B334: changes role from  FOLLOWER to CANDIDATE at term 54 for changeToCandidate
2019-10-28 11:44:46,521 [Thread-1816] INFO  impl.RoleInfo (RoleInfo.java:updateAndGet(143)) - 24830d12-f44b-43d9-b733-6f9667bbd6c9: start LeaderElection
2019-10-28 11:44:46,535 [24830d12-f44b-43d9-b733-6f9667bbd6c9@group-08147416B334-LeaderElection85] INFO  impl.LeaderElection (LeaderElection.java:askForVotes(178)) - 24830d12-f44b-43d9-b733-6f9667bbd6c9@group-08147416B334-LeaderElection85: begin an election at term 55 for -1: [24830d12-f44b-43d9-b733-6f9667bbd6c9:192.168.164.193:40613, 75159f97-af2c-48a6-bb8f-f5acb2145c35:192.168.164.193:42423, ce71e9bc-e571-4e52-8a73-1c9dce7b9fa7:192.168.164.193:36234], old=null
2019-10-28 11:44:46,537 [grpc-default-executor-8] INFO  impl.RaftServerImpl (RaftServerImpl.java:setRole(184)) - 75159f97-af2c-48a6-bb8f-f5acb2145c35@group-08147416B334: changes role from  FOLLOWER to FOLLOWER at term 55 for recognizeCandidate:24830d12-f44b-43d9-b733-6f9667bbd6c9
2019-10-28 11:44:46,537 [grpc-default-executor-4] INFO  impl.RaftServerImpl (RaftServerImpl.java:setRole(184)) - ce71e9bc-e571-4e52-8a73-1c9dce7b9fa7@group-08147416B334: changes role from  FOLLOWER to FOLLOWER at term 55 for recognizeCandidate:24830d12-f44b-43d9-b733-6f9667bbd6c9
2019-10-28 11:44:46,537 [grpc-default-executor-8] INFO  impl.RoleInfo (RoleInfo.java:shutdownFollowerState(121)) - 75159f97-af2c-48a6-bb8f-f5acb2145c35: shutdown FollowerState
2019-10-28 11:44:46,537 [grpc-default-executor-4] INFO  impl.RoleInfo (RoleInfo.java:shutdownFollowerState(121)) - ce71e9bc-e571-4e52-8a73-1c9dce7b9fa7: shutdown FollowerState
2019-10-28 11:44:46,538 [Thread-1815] INFO  impl.FollowerState (FollowerState.java:run(117)) - 75159f97-af2c-48a6-bb8f-f5acb2145c35@group-08147416B334-FollowerState was interrupted: java.lang.InterruptedException: sleep interrupted
2019-10-28 11:44:46,538 [grpc-default-executor-8] INFO  impl.RoleInfo (RoleInfo.java:updateAndGet(143)) - 75159f97-af2c-48a6-bb8f-f5acb2145c35: start FollowerState
2019-10-28 11:44:46,538 [grpc-default-executor-4] INFO  impl.RoleInfo (RoleInfo.java:updateAndGet(143)) - ce71e9bc-e571-4e52-8a73-1c9dce7b9fa7: start FollowerState
2019-10-28 11:44:46,538 [Thread-1814] INFO  impl.FollowerState (FollowerState.java:run(117)) - ce71e9bc-e571-4e52-8a73-1c9dce7b9fa7@group-08147416B334-FollowerState was interrupted: java.lang.InterruptedException: sleep interrupted
2019-10-28 11:44:46,551 [24830d12-f44b-43d9-b733-6f9667bbd6c9@group-08147416B334-LeaderElection85] INFO  impl.LeaderElection (LeaderElection.java:logAndReturn(56)) - 24830d12-f44b-43d9-b733-6f9667bbd6c9@group-08147416B334-LeaderElection85: Election REJECTED; received 2 response(s) [24830d12-f44b-43d9-b733-6f9667bbd6c9<-75159f97-af2c-48a6-bb8f-f5acb2145c35#0:FAIL-t55, 24830d12-f44b-43d9-b733-6f9667bbd6c9<-ce71e9bc-e571-4e52-8a73-1c9dce7b9fa7#0:FAIL-t55] and 0 exception(s); 24830d12-f44b-43d9-b733-6f9667bbd6c9@group-08147416B334:t55, leader=null, voted=24830d12-f44b-43d9-b733-6f9667bbd6c9, raftlog=24830d12-f44b-43d9-b733-6f9667bbd6c9@group-08147416B334-SegmentedRaftLog:OPENED:c-1,f-1,i0, conf=-1: [24830d12-f44b-43d9-b733-6f9667bbd6c9:192.168.164.193:40613, 75159f97-af2c-48a6-bb8f-f5acb2145c35:192.168.164.193:42423, ce71e9bc-e571-4e52-8a73-1c9dce7b9fa7:192.168.164.193:36234], old=null
2019-10-28 11:44:46,552 [24830d12-f44b-43d9-b733-6f9667bbd6c9@group-08147416B334-LeaderElection85] INFO  impl.RaftServerImpl (RaftServerImpl.java:setRole(184)) - 24830d12-f44b-43d9-b733-6f9667bbd6c9@group-08147416B334: changes role from CANDIDATE to FOLLOWER at term 55 for DISCOVERED_A_NEW_TERM
2019-10-28 11:44:46,552 [24830d12-f44b-43d9-b733-6f9667bbd6c9@group-08147416B334-LeaderElection85] INFO  impl.RoleInfo (RoleInfo.java:shutdownLeaderElection(134)) - 24830d12-f44b-43d9-b733-6f9667bbd6c9: shutdown LeaderElection
2019-10-28 11:44:46,552 [24830d12-f44b-43d9-b733-6f9667bbd6c9@group-08147416B334-LeaderElection85] INFO  impl.RoleInfo (RoleInfo.java:updateAndGet(143)) - 24830d12-f44b-43d9-b733-6f9667bbd6c9: start FollowerState
2019-10-28 11:44:46,752 [Thread-1822] INFO  impl.FollowerState (FollowerState.java:run(108)) - 24830d12-f44b-43d9-b733-6f9667bbd6c9@group-08147416B334-FollowerState: change to CANDIDATE, lastRpcTime:200ms, electionTimeout:200ms
2019-10-28 11:44:46,752 [Thread-1822] INFO  impl.RoleInfo (RoleInfo.java:shutdownFollowerState(121)) - 24830d12-f44b-43d9-b733-6f9667bbd6c9: shutdown FollowerState
2019-10-28 11:44:46,753 [Thread-1822] INFO  impl.RaftServerImpl (RaftServerImpl.java:setRole(184)) - 24830d12-f44b-43d9-b733-6f9667bbd6c9@group-08147416B334: changes role from  FOLLOWER to CANDIDATE at term 55 for changeToCandidate
2019-10-28 11:44:46,753 [Thread-1822] INFO  impl.RoleInfo (RoleInfo.java:updateAndGet(143)) - 24830d12-f44b-43d9-b733-6f9667bbd6c9: start LeaderElection
2019-10-28 11:44:46,766 [24830d12-f44b-43d9-b733-6f9667bbd6c9@group-08147416B334-LeaderElection86] INFO  impl.LeaderElection (LeaderElection.java:askForVotes(178)) - 24830d12-f44b-43d9-b733-6f9667bbd6c9@group-08147416B334-LeaderElection86: begin an election at term 56 for -1: [24830d12-f44b-43d9-b733-6f9667bbd6c9:192.168.164.193:40613, 75159f97-af2c-48a6-bb8f-f5acb2145c35:192.168.164.193:42423, ce71e9bc-e571-4e52-8a73-1c9dce7b9fa7:192.168.164.193:36234], old=null
2019-10-28 11:44:46,769 [grpc-default-executor-4] INFO  impl.RaftServerImpl (RaftServerImpl.java:setRole(184)) - ce71e9bc-e571-4e52-8a73-1c9dce7b9fa7@group-08147416B334: changes role from  FOLLOWER to FOLLOWER at term 56 for recognizeCandidate:24830d12-f44b-43d9-b733-6f9667bbd6c9
2019-10-28 11:44:46,769 [grpc-default-executor-8] INFO  impl.RaftServerImpl (RaftServerImpl.java:setRole(184)) - 75159f97-af2c-48a6-bb8f-f5acb2145c35@group-08147416B334: changes role from  FOLLOWER to FOLLOWER at term 56 for recognizeCandidate:24830d12-f44b-43d9-b733-6f9667bbd6c9
2019-10-28 11:44:46,769 [grpc-default-executor-4] INFO  impl.RoleInfo (RoleInfo.java:shutdownFollowerState(121)) - ce71e9bc-e571-4e52-8a73-1c9dce7b9fa7: shutdown FollowerState
2019-10-28 11:44:46,769 [grpc-default-executor-8] INFO  impl.RoleInfo (RoleInfo.java:shutdownFollowerState(121)) - 75159f97-af2c-48a6-bb8f-f5acb2145c35: shutdown FollowerState
2019-10-28 11:44:46,769 [Thread-1821] INFO  impl.FollowerState (FollowerState.java:run(117)) - ce71e9bc-e571-4e52-8a73-1c9dce7b9fa7@group-08147416B334-FollowerState was interrupted: java.lang.InterruptedException: sleep interrupted
2019-10-28 11:44:46,769 [grpc-default-executor-4] INFO  impl.RoleInfo (RoleInfo.java:updateAndGet(143)) - ce71e9bc-e571-4e52-8a73-1c9dce7b9fa7: start FollowerState
2019-10-28 11:44:46,769 [Thread-1820] INFO  impl.FollowerState (FollowerState.java:run(117)) - 75159f97-af2c-48a6-bb8f-f5acb2145c35@group-08147416B334-FollowerState was interrupted: java.lang.InterruptedException: sleep interrupted
2019-10-28 11:44:46,769 [grpc-default-executor-8] INFO  impl.RoleInfo (RoleInfo.java:updateAndGet(143)) - 75159f97-af2c-48a6-bb8f-f5acb2145c35: start FollowerState
2019-10-28 11:44:46,784 [24830d12-f44b-43d9-b733-6f9667bbd6c9@group-08147416B334-LeaderElection86] INFO  impl.LeaderElection (LeaderElection.java:logAndReturn(56)) - 24830d12-f44b-43d9-b733-6f9667bbd6c9@group-08147416B334-LeaderElection86: Election REJECTED; received 2 response(s) [24830d12-f44b-43d9-b733-6f9667bbd6c9<-75159f97-af2c-48a6-bb8f-f5acb2145c35#0:FAIL-t56, 24830d12-f44b-43d9-b733-6f9667bbd6c9<-ce71e9bc-e571-4e52-8a73-1c9dce7b9fa7#0:FAIL-t56] and 0 exception(s); 24830d12-f44b-43d9-b733-6f9667bbd6c9@group-08147416B334:t56, leader=null, voted=24830d12-f44b-43d9-b733-6f9667bbd6c9, raftlog=24830d12-f44b-43d9-b733-6f9667bbd6c9@group-08147416B334-SegmentedRaftLog:OPENED:c-1,f-1,i0, conf=-1: [24830d12-f44b-43d9-b733-6f9667bbd6c9:192.168.164.193:40613, 75159f97-af2c-48a6-bb8f-f5acb2145c35:192.168.164.193:42423, ce71e9bc-e571-4e52-8a73-1c9dce7b9fa7:192.168.164.193:36234], old=null
2019-10-28 11:44:46,785 [24830d12-f44b-43d9-b733-6f9667bbd6c9@group-08147416B334-LeaderElection86] INFO  impl.RaftServerImpl (RaftServerImpl.java:setRole(184)) - 24830d12-f44b-43d9-b733-6f9667bbd6c9@group-08147416B334: changes role from CANDIDATE to FOLLOWER at term 56 for DISCOVERED_A_NEW_TERM
2019-10-28 11:44:46,785 [24830d12-f44b-43d9-b733-6f9667bbd6c9@group-08147416B334-LeaderElection86] INFO  impl.RoleInfo (RoleInfo.java:shutdownLeaderElection(134)) - 24830d12-f44b-43d9-b733-6f9667bbd6c9: shutdown LeaderElection
2019-10-28 11:44:46,785 [24830d12-f44b-43d9-b733-6f9667bbd6c9@group-08147416B334-LeaderElection86] INFO  impl.RoleInfo (RoleInfo.java:updateAndGet(143)) - 24830d12-f44b-43d9-b733-6f9667bbd6c9: start FollowerState
2019-10-28 11:44:46,804 [Thread-1831] INFO  impl.FollowerState (FollowerState.java:run(108)) - 24830d12-f44b-43d9-b733-6f9667bbd6c9@group-08147416B334-FollowerState: change to CANDIDATE, lastRpcTime:18ms, electionTimeout:18ms
2019-10-28 11:44:46,804 [Thread-1831] INFO  impl.RoleInfo (RoleInfo.java:shutdownFollowerState(121)) - 24830d12-f44b-43d9-b733-6f9667bbd6c9: shutdown FollowerState
2019-10-28 11:44:46,804 [Thread-1831] INFO  impl.RaftServerImpl (RaftServerImpl.java:setRole(184)) - 24830d12-f44b-43d9-b733-6f9667bbd6c9@group-08147416B334: changes role from  FOLLOWER to CANDIDATE at term 56 for changeToCandidate
2019-10-28 11:44:46,804 [Thread-1831] INFO  impl.RoleInfo (RoleInfo.java:updateAndGet(143)) - 24830d12-f44b-43d9-b733-6f9667bbd6c9: start LeaderElection
2019-10-28 11:44:46,829 [24830d12-f44b-43d9-b733-6f9667bbd6c9@group-08147416B334-LeaderElection87] INFO  impl.LeaderElection (LeaderElection.java:askForVotes(178)) - 24830d12-f44b-43d9-b733-6f9667bbd6c9@group-08147416B334-LeaderElection87: begin an election at term 57 for -1: [24830d12-f44b-43d9-b733-6f9667bbd6c9:192.168.164.193:40613, 75159f97-af2c-48a6-bb8f-f5acb2145c35:192.168.164.193:42423, ce71e9bc-e571-4e52-8a73-1c9dce7b9fa7:192.168.164.193:36234], old=null
2019-10-28 11:44:46,833 [grpc-default-executor-4] INFO  impl.RaftServerImpl (RaftServerImpl.java:setRole(184)) - 75159f97-af2c-48a6-bb8f-f5acb2145c35@group-08147416B334: changes role from  FOLLOWER to FOLLOWER at term 57 for recognizeCandidate:24830d12-f44b-43d9-b733-6f9667bbd6c9
2019-10-28 11:44:46,833 [grpc-default-executor-4] INFO  impl.RoleInfo (RoleInfo.java:shutdownFollowerState(121)) - 75159f97-af2c-48a6-bb8f-f5acb2145c35: shutdown FollowerState
2019-10-28 11:44:46,833 [grpc-default-executor-4] INFO  impl.RoleInfo (RoleInfo.java:updateAndGet(143)) - 75159f97-af2c-48a6-bb8f-f5acb2145c35: start FollowerState
2019-10-28 11:44:46,834 [Thread-1829] INFO  impl.FollowerState (FollowerState.java:run(117)) - 75159f97-af2c-48a6-bb8f-f5acb2145c35@group-08147416B334-FollowerState was interrupted: java.lang.InterruptedException: sleep interrupted
2019-10-28 11:44:46,835 [grpc-default-executor-2] INFO  impl.RaftServerImpl (RaftServerImpl.java:setRole(184)) - ce71e9bc-e571-4e52-8a73-1c9dce7b9fa7@group-08147416B334: changes role from  FOLLOWER to FOLLOWER at term 57 for recognizeCandidate:24830d12-f44b-43d9-b733-6f9667bbd6c9
2019-10-28 11:44:46,836 [grpc-default-executor-2] INFO  impl.RoleInfo (RoleInfo.java:shutdownFollowerState(121)) - ce71e9bc-e571-4e52-8a73-1c9dce7b9fa7: shutdown FollowerState
2019-10-28 11:44:46,836 [grpc-default-executor-2] INFO  impl.RoleInfo (RoleInfo.java:updateAndGet(143)) - ce71e9bc-e571-4e52-8a73-1c9dce7b9fa7: start FollowerState
2019-10-28 11:44:46,836 [Thread-1828] INFO  impl.FollowerState (FollowerState.java:run(117)) - ce71e9bc-e571-4e52-8a73-1c9dce7b9fa7@group-08147416B334-FollowerState was interrupted: java.lang.InterruptedException: sleep interrupted
2019-10-28 11:44:46,862 [24830d12-f44b-43d9-b733-6f9667bbd6c9@group-08147416B334-LeaderElection87] INFO  impl.LeaderElection (LeaderElection.java:logAndReturn(56)) - 24830d12-f44b-43d9-b733-6f9667bbd6c9@group-08147416B334-LeaderElection87: Election REJECTED; received 2 response(s) [24830d12-f44b-43d9-b733-6f9667bbd6c9<-75159f97-af2c-48a6-bb8f-f5acb2145c35#0:FAIL-t57, 24830d12-f44b-43d9-b733-6f9667bbd6c9<-ce71e9bc-e571-4e52-8a73-1c9dce7b9fa7#0:FAIL-t57] and 0 exception(s); 24830d12-f44b-43d9-b733-6f9667bbd6c9@group-08147416B334:t57, leader=null, voted=24830d12-f44b-43d9-b733-6f9667bbd6c9, raftlog=24830d12-f44b-43d9-b733-6f9667bbd6c9@group-08147416B334-SegmentedRaftLog:OPENED:c-1,f-1,i0, conf=-1: [24830d12-f44b-43d9-b733-6f9667bbd6c9:192.168.164.193:40613, 75159f97-af2c-48a6-bb8f-f5acb2145c35:192.168.164.193:42423, ce71e9bc-e571-4e52-8a73-1c9dce7b9fa7:192.168.164.193:36234], old=null
2019-10-28 11:44:46,863 [24830d12-f44b-43d9-b733-6f9667bbd6c9@group-08147416B334-LeaderElection87] INFO  impl.RaftServerImpl (RaftServerImpl.java:setRole(184)) - 24830d12-f44b-43d9-b733-6f9667bbd6c9@group-08147416B334: changes role from CANDIDATE to FOLLOWER at term 57 for DISCOVERED_A_NEW_TERM
2019-10-28 11:44:46,863 [24830d12-f44b-43d9-b733-6f9667bbd6c9@group-08147416B334-LeaderElection87] INFO  impl.RoleInfo (RoleInfo.java:shutdownLeaderElection(134)) - 24830d12-f44b-43d9-b733-6f9667bbd6c9: shutdown LeaderElection
2019-10-28 11:44:46,863 [24830d12-f44b-43d9-b733-6f9667bbd6c9@group-08147416B334-LeaderElection87] INFO  impl.RoleInfo (RoleInfo.java:updateAndGet(143)) - 24830d12-f44b-43d9-b733-6f9667bbd6c9: start FollowerState
2019-10-28 11:44:46,910 [Thread-1840] INFO  impl.FollowerState (FollowerState.java:run(108)) - 24830d12-f44b-43d9-b733-6f9667bbd6c9@group-08147416B334-FollowerState: change to CANDIDATE, lastRpcTime:47ms, electionTimeout:47ms
2019-10-28 11:44:46,910 [Thread-1840] INFO  impl.RoleInfo (RoleInfo.java:shutdownFollowerState(121)) - 24830d12-f44b-43d9-b733-6f9667bbd6c9: shutdown FollowerState
2019-10-28 11:44:46,911 [Thread-1840] INFO  impl.RaftServerImpl (RaftServerImpl.java:setRole(184)) - 24830d12-f44b-43d9-b733-6f9667bbd6c9@group-08147416B334: changes role from  FOLLOWER to CANDIDATE at term 57 for changeToCandidate
2019-10-28 11:44:46,911 [Thread-1840] INFO  impl.RoleInfo (RoleInfo.java:updateAndGet(143)) - 24830d12-f44b-43d9-b733-6f9667bbd6c9: start LeaderElection
2019-10-28 11:44:46,923 [24830d12-f44b-43d9-b733-6f9667bbd6c9@group-08147416B334-LeaderElection88] INFO  impl.LeaderElection (LeaderElection.java:askForVotes(178)) - 24830d12-f44b-43d9-b733-6f9667bbd6c9@group-08147416B334-LeaderElection88: begin an election at term 58 for -1: [24830d12-f44b-43d9-b733-6f9667bbd6c9:192.168.164.193:40613, 75159f97-af2c-48a6-bb8f-f5acb2145c35:192.168.164.193:42423, ce71e9bc-e571-4e52-8a73-1c9dce7b9fa7:192.168.164.193:36234], old=null
2019-10-28 11:44:46,926 [grpc-default-executor-2] INFO  impl.RaftServerImpl (RaftServerImpl.java:setRole(184)) - ce71e9bc-e571-4e52-8a73-1c9dce7b9fa7@group-08147416B334: changes role from  FOLLOWER to FOLLOWER at term 58 for recognizeCandidate:24830d12-f44b-43d9-b733-6f9667bbd6c9
2019-10-28 11:44:46,926 [grpc-default-executor-0] INFO  impl.RaftServerImpl (RaftServerImpl.java:setRole(184)) - 75159f97-af2c-48a6-bb8f-f5acb2145c35@group-08147416B334: changes role from  FOLLOWER to FOLLOWER at term 58 for recognizeCandidate:24830d12-f44b-43d9-b733-6f9667bbd6c9
2019-10-28 11:44:46,926 [grpc-default-executor-0] INFO  impl.RoleInfo (RoleInfo.java:shutdownFollowerState(121)) - 75159f97-af2c-48a6-bb8f-f5acb2145c35: shutdown FollowerState
2019-10-28 11:44:46,926 [grpc-default-executor-2] INFO  impl.RoleInfo (RoleInfo.java:shutdownFollowerState(121)) - ce71e9bc-e571-4e52-8a73-1c9dce7b9fa7: shutdown FollowerState
2019-10-28 11:44:46,926 [Thread-1836] INFO  impl.FollowerState (FollowerState.java:run(117)) - 75159f97-af2c-48a6-bb8f-f5acb2145c35@group-08147416B334-FollowerState was interrupted: java.lang.InterruptedException: sleep interrupted
2019-10-28 11:44:46,926 [grpc-default-executor-0] INFO  impl.RoleInfo (RoleInfo.java:updateAndGet(143)) - 75159f97-af2c-48a6-bb8f-f5acb2145c35: start FollowerState
2019-10-28 11:44:46,926 [grpc-default-executor-2] INFO  impl.RoleInfo (RoleInfo.java:updateAndGet(143)) - ce71e9bc-e571-4e52-8a73-1c9dce7b9fa7: start FollowerState
2019-10-28 11:44:46,927 [Thread-1837] INFO  impl.FollowerState (FollowerState.java:run(117)) - ce71e9bc-e571-4e52-8a73-1c9dce7b9fa7@group-08147416B334-FollowerState was interrupted: java.lang.InterruptedException: sleep interrupted
2019-10-28 11:44:46,941 [24830d12-f44b-43d9-b733-6f9667bbd6c9@group-08147416B334-LeaderElection88] INFO  impl.LeaderElection (LeaderElection.java:logAndReturn(56)) - 24830d12-f44b-43d9-b733-6f9667bbd6c9@group-08147416B334-LeaderElection88: Election REJECTED; received 2 response(s) [24830d12-f44b-43d9-b733-6f9667bbd6c9<-75159f97-af2c-48a6-bb8f-f5acb2145c35#0:FAIL-t58, 24830d12-f44b-43d9-b733-6f9667bbd6c9<-ce71e9bc-e571-4e52-8a73-1c9dce7b9fa7#0:FAIL-t58] and 0 exception(s); 24830d12-f44b-43d9-b733-6f9667bbd6c9@group-08147416B334:t58, leader=null, voted=24830d12-f44b-43d9-b733-6f9667bbd6c9, raftlog=24830d12-f44b-43d9-b733-6f9667bbd6c9@group-08147416B334-SegmentedRaftLog:OPENED:c-1,f-1,i0, conf=-1: [24830d12-f44b-43d9-b733-6f9667bbd6c9:192.168.164.193:40613, 75159f97-af2c-48a6-bb8f-f5acb2145c35:192.168.164.193:42423, ce71e9bc-e571-4e52-8a73-1c9dce7b9fa7:192.168.164.193:36234], old=null
2019-10-28 11:44:46,941 [24830d12-f44b-43d9-b733-6f9667bbd6c9@group-08147416B334-LeaderElection88] INFO  impl.RaftServerImpl (RaftServerImpl.java:setRole(184)) - 24830d12-f44b-43d9-b733-6f9667bbd6c9@group-08147416B334: changes role from CANDIDATE to FOLLOWER at term 58 for DISCOVERED_A_NEW_TERM
2019-10-28 11:44:46,941 [24830d12-f44b-43d9-b733-6f9667bbd6c9@group-08147416B334-LeaderElection88] INFO  impl.RoleInfo (RoleInfo.java:shutdownLeaderElection(134)) - 24830d12-f44b-43d9-b733-6f9667bbd6c9: shutdown LeaderElection
2019-10-28 11:44:46,941 [24830d12-f44b-43d9-b733-6f9667bbd6c9@group-08147416B334-LeaderElection88] INFO  impl.RoleInfo (RoleInfo.java:updateAndGet(143)) - 24830d12-f44b-43d9-b733-6f9667bbd6c9: start FollowerState
2019-10-28 11:44:47,019 [Thread-1846] INFO  impl.FollowerState (FollowerState.java:run(108)) - 24830d12-f44b-43d9-b733-6f9667bbd6c9@group-08147416B334-FollowerState: change to CANDIDATE, lastRpcTime:77ms, electionTimeout:77ms
2019-10-28 11:44:47,019 [Thread-1846] INFO  impl.RoleInfo (RoleInfo.java:shutdownFollowerState(121)) - 24830d12-f44b-43d9-b733-6f9667bbd6c9: shutdown FollowerState
2019-10-28 11:44:47,019 [Thread-1846] INFO  impl.RaftServerImpl (RaftServerImpl.java:setRole(184)) - 24830d12-f44b-43d9-b733-6f9667bbd6c9@group-08147416B334: changes role from  FOLLOWER to CANDIDATE at term 58 for changeToCandidate
2019-10-28 11:44:47,019 [Thread-1846] INFO  impl.RoleInfo (RoleInfo.java:updateAndGet(143)) - 24830d12-f44b-43d9-b733-6f9667bbd6c9: start LeaderElection
2019-10-28 11:44:47,033 [24830d12-f44b-43d9-b733-6f9667bbd6c9@group-08147416B334-LeaderElection89] INFO  impl.LeaderElection (LeaderElection.java:askForVotes(178)) - 24830d12-f44b-43d9-b733-6f9667bbd6c9@group-08147416B334-LeaderElection89: begin an election at term 59 for -1: [24830d12-f44b-43d9-b733-6f9667bbd6c9:192.168.164.193:40613, 75159f97-af2c-48a6-bb8f-f5acb2145c35:192.168.164.193:42423, ce71e9bc-e571-4e52-8a73-1c9dce7b9fa7:192.168.164.193:36234], old=null
2019-10-28 11:44:47,035 [grpc-default-executor-2] INFO  impl.RaftServerImpl (RaftServerImpl.java:setRole(184)) - 75159f97-af2c-48a6-bb8f-f5acb2145c35@group-08147416B334: changes role from  FOLLOWER to FOLLOWER at term 59 for recognizeCandidate:24830d12-f44b-43d9-b733-6f9667bbd6c9
2019-10-28 11:44:47,036 [grpc-default-executor-2] INFO  impl.RoleInfo (RoleInfo.java:shutdownFollowerState(121)) - 75159f97-af2c-48a6-bb8f-f5acb2145c35: shutdown FollowerState
2019-10-28 11:44:47,036 [grpc-default-executor-2] INFO  impl.RoleInfo (RoleInfo.java:updateAndGet(143)) - 75159f97-af2c-48a6-bb8f-f5acb2145c35: start FollowerState
2019-10-28 11:44:47,036 [grpc-default-executor-0] INFO  impl.RaftServerImpl (RaftServerImpl.java:setRole(184)) - ce71e9bc-e571-4e52-8a73-1c9dce7b9fa7@group-08147416B334: changes role from  FOLLOWER to FOLLOWER at term 59 for recognizeCandidate:24830d12-f44b-43d9-b733-6f9667bbd6c9
2019-10-28 11:44:47,036 [grpc-default-executor-0] INFO  impl.RoleInfo (RoleInfo.java:shutdownFollowerState(121)) - ce71e9bc-e571-4e52-8a73-1c9dce7b9fa7: shutdown FollowerState
2019-10-28 11:44:47,036 [grpc-default-executor-0] INFO  impl.RoleInfo (RoleInfo.java:updateAndGet(143)) - ce71e9bc-e571-4e52-8a73-1c9dce7b9fa7: start FollowerState
2019-10-28 11:44:47,036 [Thread-1844] INFO  impl.FollowerState (FollowerState.java:run(117)) - 75159f97-af2c-48a6-bb8f-f5acb2145c35@group-08147416B334-FollowerState was interrupted: java.lang.InterruptedException: sleep interrupted
2019-10-28 11:44:47,036 [Thread-1845] INFO  impl.FollowerState (FollowerState.java:run(117)) - ce71e9bc-e571-4e52-8a73-1c9dce7b9fa7@group-08147416B334-FollowerState was interrupted: java.lang.InterruptedException: sleep interrupted
2019-10-28 11:44:47,052 [24830d12-f44b-43d9-b733-6f9667bbd6c9@group-08147416B334-LeaderElection89] INFO  impl.LeaderElection (LeaderElection.java:logAndReturn(56)) - 24830d12-f44b-43d9-b733-6f9667bbd6c9@group-08147416B334-LeaderElection89: Election REJECTED; received 2 response(s) [24830d12-f44b-43d9-b733-6f9667bbd6c9<-75159f97-af2c-48a6-bb8f-f5acb2145c35#0:FAIL-t59, 24830d12-f44b-43d9-b733-6f9667bbd6c9<-ce71e9bc-e571-4e52-8a73-1c9dce7b9fa7#0:FAIL-t59] and 0 exception(s); 24830d12-f44b-43d9-b733-6f9667bbd6c9@group-08147416B334:t59, leader=null, voted=24830d12-f44b-43d9-b733-6f9667bbd6c9, raftlog=24830d12-f44b-43d9-b733-6f9667bbd6c9@group-08147416B334-SegmentedRaftLog:OPENED:c-1,f-1,i0, conf=-1: [24830d12-f44b-43d9-b733-6f9667bbd6c9:192.168.164.193:40613, 75159f97-af2c-48a6-bb8f-f5acb2145c35:192.168.164.193:42423, ce71e9bc-e571-4e52-8a73-1c9dce7b9fa7:192.168.164.193:36234], old=null
2019-10-28 11:44:47,052 [24830d12-f44b-43d9-b733-6f9667bbd6c9@group-08147416B334-LeaderElection89] INFO  impl.RaftServerImpl (RaftServerImpl.java:setRole(184)) - 24830d12-f44b-43d9-b733-6f9667bbd6c9@group-08147416B334: changes role from CANDIDATE to FOLLOWER at term 59 for DISCOVERED_A_NEW_TERM
2019-10-28 11:44:47,052 [24830d12-f44b-43d9-b733-6f9667bbd6c9@group-08147416B334-LeaderElection89] INFO  impl.RoleInfo (RoleInfo.java:shutdownLeaderElection(134)) - 24830d12-f44b-43d9-b733-6f9667bbd6c9: shutdown LeaderElection
2019-10-28 11:44:47,052 [24830d12-f44b-43d9-b733-6f9667bbd6c9@group-08147416B334-LeaderElection89] INFO  impl.RoleInfo (RoleInfo.java:updateAndGet(143)) - 24830d12-f44b-43d9-b733-6f9667bbd6c9: start FollowerState
2019-10-28 11:44:47,233 [Thread-1852] INFO  impl.FollowerState (FollowerState.java:run(108)) - 24830d12-f44b-43d9-b733-6f9667bbd6c9@group-08147416B334-FollowerState: change to CANDIDATE, lastRpcTime:180ms, electionTimeout:180ms
2019-10-28 11:44:47,233 [Thread-1852] INFO  impl.RoleInfo (RoleInfo.java:shutdownFollowerState(121)) - 24830d12-f44b-43d9-b733-6f9667bbd6c9: shutdown FollowerState
2019-10-28 11:44:47,233 [Thread-1852] INFO  impl.RaftServerImpl (RaftServerImpl.java:setRole(184)) - 24830d12-f44b-43d9-b733-6f9667bbd6c9@group-08147416B334: changes role from  FOLLOWER to CANDIDATE at term 59 for changeToCandidate
2019-10-28 11:44:47,233 [Thread-1852] INFO  impl.RoleInfo (RoleInfo.java:updateAndGet(143)) - 24830d12-f44b-43d9-b733-6f9667bbd6c9: start LeaderElection
2019-10-28 11:44:47,246 [24830d12-f44b-43d9-b733-6f9667bbd6c9@group-08147416B334-LeaderElection90] INFO  impl.LeaderElection (LeaderElection.java:askForVotes(178)) - 24830d12-f44b-43d9-b733-6f9667bbd6c9@group-08147416B334-LeaderElection90: begin an election at term 60 for -1: [24830d12-f44b-43d9-b733-6f9667bbd6c9:192.168.164.193:40613, 75159f97-af2c-48a6-bb8f-f5acb2145c35:192.168.164.193:42423, ce71e9bc-e571-4e52-8a73-1c9dce7b9fa7:192.168.164.193:36234], old=null
2019-10-28 11:44:47,249 [grpc-default-executor-2] INFO  impl.RaftServerImpl (RaftServerImpl.java:setRole(184)) - ce71e9bc-e571-4e52-8a73-1c9dce7b9fa7@group-08147416B334: changes role from  FOLLOWER to FOLLOWER at term 60 for recognizeCandidate:24830d12-f44b-43d9-b733-6f9667bbd6c9
2019-10-28 11:44:47,249 [grpc-default-executor-0] INFO  impl.RaftServerImpl (RaftServerImpl.java:setRole(184)) - 75159f97-af2c-48a6-bb8f-f5acb2145c35@group-08147416B334: changes role from  FOLLOWER to FOLLOWER at term 60 for recognizeCandidate:24830d12-f44b-43d9-b733-6f9667bbd6c9
2019-10-28 11:44:47,249 [grpc-default-executor-2] INFO  impl.RoleInfo (RoleInfo.java:shutdownFollowerState(121)) - ce71e9bc-e571-4e52-8a73-1c9dce7b9fa7: shutdown FollowerState
2019-10-28 11:44:47,249 [grpc-default-executor-0] INFO  impl.RoleInfo (RoleInfo.java:shutdownFollowerState(121)) - 75159f97-af2c-48a6-bb8f-f5acb2145c35: shutdown FollowerState
2019-10-28 11:44:47,249 [grpc-default-executor-2] INFO  impl.RoleInfo (RoleInfo.java:updateAndGet(143)) - ce71e9bc-e571-4e52-8a73-1c9dce7b9fa7: start FollowerState
2019-10-28 11:44:47,250 [Thread-1850] INFO  impl.FollowerState (FollowerState.java:run(117)) - 75159f97-af2c-48a6-bb8f-f5acb2145c35@group-08147416B334-FollowerState was interrupted: java.lang.InterruptedException: sleep interrupted
2019-10-28 11:44:47,250 [grpc-default-executor-0] INFO  impl.RoleInfo (RoleInfo.java:updateAndGet(143)) - 75159f97-af2c-48a6-bb8f-f5acb2145c35: start FollowerState
2019-10-28 11:44:47,250 [Thread-1851] INFO  impl.FollowerState (FollowerState.java:run(117)) - ce71e9bc-e571-4e52-8a73-1c9dce7b9fa7@group-08147416B334-FollowerState was interrupted: java.lang.InterruptedException: sleep interrupted
2019-10-28 11:44:47,264 [24830d12-f44b-43d9-b733-6f9667bbd6c9@group-08147416B334-LeaderElection90] INFO  impl.LeaderElection (LeaderElection.java:logAndReturn(56)) - 24830d12-f44b-43d9-b733-6f9667bbd6c9@group-08147416B334-LeaderElection90: Election REJECTED; received 2 response(s) [24830d12-f44b-43d9-b733-6f9667bbd6c9<-75159f97-af2c-48a6-bb8f-f5acb2145c35#0:FAIL-t60, 24830d12-f44b-43d9-b733-6f9667bbd6c9<-ce71e9bc-e571-4e52-8a73-1c9dce7b9fa7#0:FAIL-t60] and 0 exception(s); 24830d12-f44b-43d9-b733-6f9667bbd6c9@group-08147416B334:t60, leader=null, voted=24830d12-f44b-43d9-b733-6f9667bbd6c9, raftlog=24830d12-f44b-43d9-b733-6f9667bbd6c9@group-08147416B334-SegmentedRaftLog:OPENED:c-1,f-1,i0, conf=-1: [24830d12-f44b-43d9-b733-6f9667bbd6c9:192.168.164.193:40613, 75159f97-af2c-48a6-bb8f-f5acb2145c35:192.168.164.193:42423, ce71e9bc-e571-4e52-8a73-1c9dce7b9fa7:192.168.164.193:36234], old=null
2019-10-28 11:44:47,265 [24830d12-f44b-43d9-b733-6f9667bbd6c9@group-08147416B334-LeaderElection90] INFO  impl.RaftServerImpl (RaftServerImpl.java:setRole(184)) - 24830d12-f44b-43d9-b733-6f9667bbd6c9@group-08147416B334: changes role from CANDIDATE to FOLLOWER at term 60 for DISCOVERED_A_NEW_TERM
2019-10-28 11:44:47,265 [24830d12-f44b-43d9-b733-6f9667bbd6c9@group-08147416B334-LeaderElection90] INFO  impl.RoleInfo (RoleInfo.java:shutdownLeaderElection(134)) - 24830d12-f44b-43d9-b733-6f9667bbd6c9: shutdown LeaderElection
2019-10-28 11:44:47,265 [24830d12-f44b-43d9-b733-6f9667bbd6c9@group-08147416B334-LeaderElection90] INFO  impl.RoleInfo (RoleInfo.java:updateAndGet(143)) - 24830d12-f44b-43d9-b733-6f9667bbd6c9: start FollowerState
2019-10-28 11:44:47,298 [Thread-1860] INFO  impl.FollowerState (FollowerState.java:run(108)) - 24830d12-f44b-43d9-b733-6f9667bbd6c9@group-08147416B334-FollowerState: change to CANDIDATE, lastRpcTime:32ms, electionTimeout:32ms
2019-10-28 11:44:47,298 [Thread-1860] INFO  impl.RoleInfo (RoleInfo.java:shutdownFollowerState(121)) - 24830d12-f44b-43d9-b733-6f9667bbd6c9: shutdown FollowerState
2019-10-28 11:44:47,298 [Thread-1860] INFO  impl.RaftServerImpl (RaftServerImpl.java:setRole(184)) - 24830d12-f44b-43d9-b733-6f9667bbd6c9@group-08147416B334: changes role from  FOLLOWER to CANDIDATE at term 60 for changeToCandidate
2019-10-28 11:44:47,298 [Thread-1860] INFO  impl.RoleInfo (RoleInfo.java:updateAndGet(143)) - 24830d12-f44b-43d9-b733-6f9667bbd6c9: start LeaderElection
2019-10-28 11:44:47,311 [24830d12-f44b-43d9-b733-6f9667bbd6c9@group-08147416B334-LeaderElection91] INFO  impl.LeaderElection (LeaderElection.java:askForVotes(178)) - 24830d12-f44b-43d9-b733-6f9667bbd6c9@group-08147416B334-LeaderElection91: begin an election at term 61 for -1: [24830d12-f44b-43d9-b733-6f9667bbd6c9:192.168.164.193:40613, 75159f97-af2c-48a6-bb8f-f5acb2145c35:192.168.164.193:42423, ce71e9bc-e571-4e52-8a73-1c9dce7b9fa7:192.168.164.193:36234], old=null
2019-10-28 11:44:47,313 [grpc-default-executor-2] INFO  impl.RaftServerImpl (RaftServerImpl.java:setRole(184)) - ce71e9bc-e571-4e52-8a73-1c9dce7b9fa7@group-08147416B334: changes role from  FOLLOWER to FOLLOWER at term 61 for recognizeCandidate:24830d12-f44b-43d9-b733-6f9667bbd6c9
2019-10-28 11:44:47,313 [grpc-default-executor-2] INFO  impl.RoleInfo (RoleInfo.java:shutdownFollowerState(121)) - ce71e9bc-e571-4e52-8a73-1c9dce7b9fa7: shutdown FollowerState
2019-10-28 11:44:47,314 [grpc-default-executor-2] INFO  impl.RoleInfo (RoleInfo.java:updateAndGet(143)) - ce71e9bc-e571-4e52-8a73-1c9dce7b9fa7: start FollowerState
2019-10-28 11:44:47,314 [Thread-1858] INFO  impl.FollowerState (FollowerState.java:run(117)) - ce71e9bc-e571-4e52-8a73-1c9dce7b9fa7@group-08147416B334-FollowerState was interrupted: java.lang.InterruptedException: sleep interrupted
2019-10-28 11:44:47,314 [grpc-default-executor-0] INFO  impl.RaftServerImpl (RaftServerImpl.java:setRole(184)) - 75159f97-af2c-48a6-bb8f-f5acb2145c35@group-08147416B334: changes role from  FOLLOWER to FOLLOWER at term 61 for recognizeCandidate:24830d12-f44b-43d9-b733-6f9667bbd6c9
2019-10-28 11:44:47,315 [grpc-default-executor-0] INFO  impl.RoleInfo (RoleInfo.java:shutdownFollowerState(121)) - 75159f97-af2c-48a6-bb8f-f5acb2145c35: shutdown FollowerState
2019-10-28 11:44:47,315 [grpc-default-executor-0] INFO  impl.RoleInfo (RoleInfo.java:updateAndGet(143)) - 75159f97-af2c-48a6-bb8f-f5acb2145c35: start FollowerState
2019-10-28 11:44:47,315 [Thread-1859] INFO  impl.FollowerState (FollowerState.java:run(117)) - 75159f97-af2c-48a6-bb8f-f5acb2145c35@group-08147416B334-FollowerState was interrupted: java.lang.InterruptedException: sleep interrupted
2019-10-28 11:44:47,330 [24830d12-f44b-43d9-b733-6f9667bbd6c9@group-08147416B334-LeaderElection91] INFO  impl.LeaderElection (LeaderElection.java:logAndReturn(56)) - 24830d12-f44b-43d9-b733-6f9667bbd6c9@group-08147416B334-LeaderElection91: Election REJECTED; received 2 response(s) [24830d12-f44b-43d9-b733-6f9667bbd6c9<-75159f97-af2c-48a6-bb8f-f5acb2145c35#0:FAIL-t61, 24830d12-f44b-43d9-b733-6f9667bbd6c9<-ce71e9bc-e571-4e52-8a73-1c9dce7b9fa7#0:FAIL-t61] and 0 exception(s); 24830d12-f44b-43d9-b733-6f9667bbd6c9@group-08147416B334:t61, leader=null, voted=24830d12-f44b-43d9-b733-6f9667bbd6c9, raftlog=24830d12-f44b-43d9-b733-6f9667bbd6c9@group-08147416B334-SegmentedRaftLog:OPENED:c-1,f-1,i0, conf=-1: [24830d12-f44b-43d9-b733-6f9667bbd6c9:192.168.164.193:40613, 75159f97-af2c-48a6-bb8f-f5acb2145c35:192.168.164.193:42423, ce71e9bc-e571-4e52-8a73-1c9dce7b9fa7:192.168.164.193:36234], old=null
2019-10-28 11:44:47,330 [24830d12-f44b-43d9-b733-6f9667bbd6c9@group-08147416B334-LeaderElection91] INFO  impl.RaftServerImpl (RaftServerImpl.java:setRole(184)) - 24830d12-f44b-43d9-b733-6f9667bbd6c9@group-08147416B334: changes role from CANDIDATE to FOLLOWER at term 61 for DISCOVERED_A_NEW_TERM
2019-10-28 11:44:47,330 [24830d12-f44b-43d9-b733-6f9667bbd6c9@group-08147416B334-LeaderElection91] INFO  impl.RoleInfo (RoleInfo.java:shutdownLeaderElection(134)) - 24830d12-f44b-43d9-b733-6f9667bbd6c9: shutdown LeaderElection
2019-10-28 11:44:47,330 [24830d12-f44b-43d9-b733-6f9667bbd6c9@group-08147416B334-LeaderElection91] INFO  impl.RoleInfo (RoleInfo.java:updateAndGet(143)) - 24830d12-f44b-43d9-b733-6f9667bbd6c9: start FollowerState
2019-10-28 11:44:47,423 [Thread-1868] INFO  impl.FollowerState (FollowerState.java:run(108)) - 24830d12-f44b-43d9-b733-6f9667bbd6c9@group-08147416B334-FollowerState: change to CANDIDATE, lastRpcTime:93ms, electionTimeout:93ms
2019-10-28 11:44:47,424 [Thread-1868] INFO  impl.RoleInfo (RoleInfo.java:shutdownFollowerState(121)) - 24830d12-f44b-43d9-b733-6f9667bbd6c9: shutdown FollowerState
2019-10-28 11:44:47,424 [Thread-1868] INFO  impl.RaftServerImpl (RaftServerImpl.java:setRole(184)) - 24830d12-f44b-43d9-b733-6f9667bbd6c9@group-08147416B334: changes role from  FOLLOWER to CANDIDATE at term 61 for changeToCandidate
2019-10-28 11:44:47,424 [Thread-1868] INFO  impl.RoleInfo (RoleInfo.java:updateAndGet(143)) - 24830d12-f44b-43d9-b733-6f9667bbd6c9: start LeaderElection
2019-10-28 11:44:47,437 [24830d12-f44b-43d9-b733-6f9667bbd6c9@group-08147416B334-LeaderElection92] INFO  impl.LeaderElection (LeaderElection.java:askForVotes(178)) - 24830d12-f44b-43d9-b733-6f9667bbd6c9@group-08147416B334-LeaderElection92: begin an election at term 62 for -1: [24830d12-f44b-43d9-b733-6f9667bbd6c9:192.168.164.193:40613, 75159f97-af2c-48a6-bb8f-f5acb2145c35:192.168.164.193:42423, ce71e9bc-e571-4e52-8a73-1c9dce7b9fa7:192.168.164.193:36234], old=null
2019-10-28 11:44:47,440 [grpc-default-executor-2] INFO  impl.RaftServerImpl (RaftServerImpl.java:setRole(184)) - 75159f97-af2c-48a6-bb8f-f5acb2145c35@group-08147416B334: changes role from  FOLLOWER to FOLLOWER at term 62 for recognizeCandidate:24830d12-f44b-43d9-b733-6f9667bbd6c9
2019-10-28 11:44:47,440 [grpc-default-executor-2] INFO  impl.RoleInfo (RoleInfo.java:shutdownFollowerState(121)) - 75159f97-af2c-48a6-bb8f-f5acb2145c35: shutdown FollowerState
2019-10-28 11:44:47,440 [grpc-default-executor-2] INFO  impl.RoleInfo (RoleInfo.java:updateAndGet(143)) - 75159f97-af2c-48a6-bb8f-f5acb2145c35: start FollowerState
2019-10-28 11:44:47,441 [Thread-1867] INFO  impl.FollowerState (FollowerState.java:run(117)) - 75159f97-af2c-48a6-bb8f-f5acb2145c35@group-08147416B334-FollowerState was interrupted: java.lang.InterruptedException: sleep interrupted
2019-10-28 11:44:47,442 [grpc-default-executor-0] INFO  impl.RaftServerImpl (RaftServerImpl.java:setRole(184)) - ce71e9bc-e571-4e52-8a73-1c9dce7b9fa7@group-08147416B334: changes role from  FOLLOWER to FOLLOWER at term 62 for recognizeCandidate:24830d12-f44b-43d9-b733-6f9667bbd6c9
2019-10-28 11:44:47,442 [grpc-default-executor-0] INFO  impl.RoleInfo (RoleInfo.java:shutdownFollowerState(121)) - ce71e9bc-e571-4e52-8a73-1c9dce7b9fa7: shutdown FollowerState
2019-10-28 11:44:47,442 [Thread-1866] INFO  impl.FollowerState (FollowerState.java:run(117)) - ce71e9bc-e571-4e52-8a73-1c9dce7b9fa7@group-08147416B334-FollowerState was interrupted: java.lang.InterruptedException: sleep interrupted
2019-10-28 11:44:47,442 [grpc-default-executor-0] INFO  impl.RoleInfo (RoleInfo.java:updateAndGet(143)) - ce71e9bc-e571-4e52-8a73-1c9dce7b9fa7: start FollowerState
2019-10-28 11:44:47,456 [24830d12-f44b-43d9-b733-6f9667bbd6c9@group-08147416B334-LeaderElection92] INFO  impl.LeaderElection (LeaderElection.java:logAndReturn(56)) - 24830d12-f44b-43d9-b733-6f9667bbd6c9@group-08147416B334-LeaderElection92: Election REJECTED; received 2 response(s) [24830d12-f44b-43d9-b733-6f9667bbd6c9<-75159f97-af2c-48a6-bb8f-f5acb2145c35#0:FAIL-t62, 24830d12-f44b-43d9-b733-6f9667bbd6c9<-ce71e9bc-e571-4e52-8a73-1c9dce7b9fa7#0:FAIL-t62] and 0 exception(s); 24830d12-f44b-43d9-b733-6f9667bbd6c9@group-08147416B334:t62, leader=null, voted=24830d12-f44b-43d9-b733-6f9667bbd6c9, raftlog=24830d12-f44b-43d9-b733-6f9667bbd6c9@group-08147416B334-SegmentedRaftLog:OPENED:c-1,f-1,i0, conf=-1: [24830d12-f44b-43d9-b733-6f9667bbd6c9:192.168.164.193:40613, 75159f97-af2c-48a6-bb8f-f5acb2145c35:192.168.164.193:42423, ce71e9bc-e571-4e52-8a73-1c9dce7b9fa7:192.168.164.193:36234], old=null
2019-10-28 11:44:47,456 [24830d12-f44b-43d9-b733-6f9667bbd6c9@group-08147416B334-LeaderElection92] INFO  impl.RaftServerImpl (RaftServerImpl.java:setRole(184)) - 24830d12-f44b-43d9-b733-6f9667bbd6c9@group-08147416B334: changes role from CANDIDATE to FOLLOWER at term 62 for DISCOVERED_A_NEW_TERM
2019-10-28 11:44:47,456 [24830d12-f44b-43d9-b733-6f9667bbd6c9@group-08147416B334-LeaderElection92] INFO  impl.RoleInfo (RoleInfo.java:shutdownLeaderElection(134)) - 24830d12-f44b-43d9-b733-6f9667bbd6c9: shutdown LeaderElection
2019-10-28 11:44:47,456 [24830d12-f44b-43d9-b733-6f9667bbd6c9@group-08147416B334-LeaderElection92] INFO  impl.RoleInfo (RoleInfo.java:updateAndGet(143)) - 24830d12-f44b-43d9-b733-6f9667bbd6c9: start FollowerState
2019-10-28 11:44:47,465 [Thread-1874] INFO  impl.FollowerState (FollowerState.java:run(108)) - 24830d12-f44b-43d9-b733-6f9667bbd6c9@group-08147416B334-FollowerState: change to CANDIDATE, lastRpcTime:8ms, electionTimeout:8ms
2019-10-28 11:44:47,465 [Thread-1874] INFO  impl.RoleInfo (RoleInfo.java:shutdownFollowerState(121)) - 24830d12-f44b-43d9-b733-6f9667bbd6c9: shutdown FollowerState
2019-10-28 11:44:47,465 [Thread-1874] INFO  impl.RaftServerImpl (RaftServerImpl.java:setRole(184)) - 24830d12-f44b-43d9-b733-6f9667bbd6c9@group-08147416B334: changes role from  FOLLOWER to CANDIDATE at term 62 for changeToCandidate
2019-10-28 11:44:47,465 [Thread-1874] INFO  impl.RoleInfo (RoleInfo.java:updateAndGet(143)) - 24830d12-f44b-43d9-b733-6f9667bbd6c9: start LeaderElection
2019-10-28 11:44:47,479 [24830d12-f44b-43d9-b733-6f9667bbd6c9@group-08147416B334-LeaderElection93] INFO  impl.LeaderElection (LeaderElection.java:askForVotes(178)) - 24830d12-f44b-43d9-b733-6f9667bbd6c9@group-08147416B334-LeaderElection93: begin an election at term 63 for -1: [24830d12-f44b-43d9-b733-6f9667bbd6c9:192.168.164.193:40613, 75159f97-af2c-48a6-bb8f-f5acb2145c35:192.168.164.193:42423, ce71e9bc-e571-4e52-8a73-1c9dce7b9fa7:192.168.164.193:36234], old=null
2019-10-28 11:44:47,481 [grpc-default-executor-2] INFO  impl.RaftServerImpl (RaftServerImpl.java:setRole(184)) - 75159f97-af2c-48a6-bb8f-f5acb2145c35@group-08147416B334: changes role from  FOLLOWER to FOLLOWER at term 63 for recognizeCandidate:24830d12-f44b-43d9-b733-6f9667bbd6c9
2019-10-28 11:44:47,482 [grpc-default-executor-2] INFO  impl.RoleInfo (RoleInfo.java:shutdownFollowerState(121)) - 75159f97-af2c-48a6-bb8f-f5acb2145c35: shutdown FollowerState
2019-10-28 11:44:47,482 [grpc-default-executor-2] INFO  impl.RoleInfo (RoleInfo.java:updateAndGet(143)) - 75159f97-af2c-48a6-bb8f-f5acb2145c35: start FollowerState
2019-10-28 11:44:47,482 [Thread-1872] INFO  impl.FollowerState (FollowerState.java:run(117)) - 75159f97-af2c-48a6-bb8f-f5acb2145c35@group-08147416B334-FollowerState was interrupted: java.lang.InterruptedException: sleep interrupted
2019-10-28 11:44:47,483 [grpc-default-executor-0] INFO  impl.RaftServerImpl (RaftServerImpl.java:setRole(184)) - ce71e9bc-e571-4e52-8a73-1c9dce7b9fa7@group-08147416B334: changes role from  FOLLOWER to FOLLOWER at term 63 for recognizeCandidate:24830d12-f44b-43d9-b733-6f9667bbd6c9
2019-10-28 11:44:47,483 [grpc-default-executor-0] INFO  impl.RoleInfo (RoleInfo.java:shutdownFollowerState(121)) - ce71e9bc-e571-4e52-8a73-1c9dce7b9fa7: shutdown FollowerState
2019-10-28 11:44:47,483 [grpc-default-executor-0] INFO  impl.RoleInfo (RoleInfo.java:updateAndGet(143)) - ce71e9bc-e571-4e52-8a73-1c9dce7b9fa7: start FollowerState
2019-10-28 11:44:47,484 [Thread-1873] INFO  impl.FollowerState (FollowerState.java:run(117)) - ce71e9bc-e571-4e52-8a73-1c9dce7b9fa7@group-08147416B334-FollowerState was interrupted: java.lang.InterruptedException: sleep interrupted
2019-10-28 11:44:47,498 [24830d12-f44b-43d9-b733-6f9667bbd6c9@group-08147416B334-LeaderElection93] INFO  impl.LeaderElection (LeaderElection.java:logAndReturn(56)) - 24830d12-f44b-43d9-b733-6f9667bbd6c9@group-08147416B334-LeaderElection93: Election REJECTED; received 2 response(s) [24830d12-f44b-43d9-b733-6f9667bbd6c9<-75159f97-af2c-48a6-bb8f-f5acb2145c35#0:FAIL-t63, 24830d12-f44b-43d9-b733-6f9667bbd6c9<-ce71e9bc-e571-4e52-8a73-1c9dce7b9fa7#0:FAIL-t63] and 0 exception(s); 24830d12-f44b-43d9-b733-6f9667bbd6c9@group-08147416B334:t63, leader=null, voted=24830d12-f44b-43d9-b733-6f9667bbd6c9, raftlog=24830d12-f44b-43d9-b733-6f9667bbd6c9@group-08147416B334-SegmentedRaftLog:OPENED:c-1,f-1,i0, conf=-1: [24830d12-f44b-43d9-b733-6f9667bbd6c9:192.168.164.193:40613, 75159f97-af2c-48a6-bb8f-f5acb2145c35:192.168.164.193:42423, ce71e9bc-e571-4e52-8a73-1c9dce7b9fa7:192.168.164.193:36234], old=null
2019-10-28 11:44:47,498 [24830d12-f44b-43d9-b733-6f9667bbd6c9@group-08147416B334-LeaderElection93] INFO  impl.RaftServerImpl (RaftServerImpl.java:setRole(184)) - 24830d12-f44b-43d9-b733-6f9667bbd6c9@group-08147416B334: changes role from CANDIDATE to FOLLOWER at term 63 for DISCOVERED_A_NEW_TERM
2019-10-28 11:44:47,498 [24830d12-f44b-43d9-b733-6f9667bbd6c9@group-08147416B334-LeaderElection93] INFO  impl.RoleInfo (RoleInfo.java:shutdownLeaderElection(134)) - 24830d12-f44b-43d9-b733-6f9667bbd6c9: shutdown LeaderElection
2019-10-28 11:44:47,499 [24830d12-f44b-43d9-b733-6f9667bbd6c9@group-08147416B334-LeaderElection93] INFO  impl.RoleInfo (RoleInfo.java:updateAndGet(143)) - 24830d12-f44b-43d9-b733-6f9667bbd6c9: start FollowerState
2019-10-28 11:44:47,549 [Thread-1880] INFO  impl.FollowerState (FollowerState.java:run(108)) - 24830d12-f44b-43d9-b733-6f9667bbd6c9@group-08147416B334-FollowerState: change to CANDIDATE, lastRpcTime:50ms, electionTimeout:50ms
2019-10-28 11:44:47,549 [Thread-1880] INFO  impl.RoleInfo (RoleInfo.java:shutdownFollowerState(121)) - 24830d12-f44b-43d9-b733-6f9667bbd6c9: shutdown FollowerState
2019-10-28 11:44:47,549 [Thread-1880] INFO  impl.RaftServerImpl (RaftServerImpl.java:setRole(184)) - 24830d12-f44b-43d9-b733-6f9667bbd6c9@group-08147416B334: changes role from  FOLLOWER to CANDIDATE at term 63 for changeToCandidate
2019-10-28 11:44:47,549 [Thread-1880] INFO  impl.RoleInfo (RoleInfo.java:updateAndGet(143)) - 24830d12-f44b-43d9-b733-6f9667bbd6c9: start LeaderElection
2019-10-28 11:44:47,567 [24830d12-f44b-43d9-b733-6f9667bbd6c9@group-08147416B334-LeaderElection94] INFO  impl.LeaderElection (LeaderElection.java:askForVotes(178)) - 24830d12-f44b-43d9-b733-6f9667bbd6c9@group-08147416B334-LeaderElection94: begin an election at term 64 for -1: [24830d12-f44b-43d9-b733-6f9667bbd6c9:192.168.164.193:40613, 75159f97-af2c-48a6-bb8f-f5acb2145c35:192.168.164.193:42423, ce71e9bc-e571-4e52-8a73-1c9dce7b9fa7:192.168.164.193:36234], old=null
2019-10-28 11:44:47,569 [grpc-default-executor-2] INFO  impl.RaftServerImpl (RaftServerImpl.java:setRole(184)) - 75159f97-af2c-48a6-bb8f-f5acb2145c35@group-08147416B334: changes role from  FOLLOWER to FOLLOWER at term 64 for recognizeCandidate:24830d12-f44b-43d9-b733-6f9667bbd6c9
2019-10-28 11:44:47,569 [grpc-default-executor-0] INFO  impl.RaftServerImpl (RaftServerImpl.java:setRole(184)) - ce71e9bc-e571-4e52-8a73-1c9dce7b9fa7@group-08147416B334: changes role from  FOLLOWER to FOLLOWER at term 64 for recognizeCandidate:24830d12-f44b-43d9-b733-6f9667bbd6c9
2019-10-28 11:44:47,569 [grpc-default-executor-2] INFO  impl.RoleInfo (RoleInfo.java:shutdownFollowerState(121)) - 75159f97-af2c-48a6-bb8f-f5acb2145c35: shutdown FollowerState
2019-10-28 11:44:47,569 [grpc-default-executor-0] INFO  impl.RoleInfo (RoleInfo.java:shutdownFollowerState(121)) - ce71e9bc-e571-4e52-8a73-1c9dce7b9fa7: shutdown FollowerState
2019-10-28 11:44:47,569 [Thread-1878] INFO  impl.FollowerState (FollowerState.java:run(117)) - 75159f97-af2c-48a6-bb8f-f5acb2145c35@group-08147416B334-FollowerState was interrupted: java.lang.InterruptedException: sleep interrupted
2019-10-28 11:44:47,569 [grpc-default-executor-2] INFO  impl.RoleInfo (RoleInfo.java:updateAndGet(143)) - 75159f97-af2c-48a6-bb8f-f5acb2145c35: start FollowerState
2019-10-28 11:44:47,569 [Thread-1879] INFO  impl.FollowerState (FollowerState.java:run(117)) - ce71e9bc-e571-4e52-8a73-1c9dce7b9fa7@group-08147416B334-FollowerState was interrupted: java.lang.InterruptedException: sleep interrupted
2019-10-28 11:44:47,569 [grpc-default-executor-0] INFO  impl.RoleInfo (RoleInfo.java:updateAndGet(143)) - ce71e9bc-e571-4e52-8a73-1c9dce7b9fa7: start FollowerState
2019-10-28 11:44:47,584 [24830d12-f44b-43d9-b733-6f9667bbd6c9@group-08147416B334-LeaderElection94] INFO  impl.LeaderElection (LeaderElection.java:logAndReturn(56)) - 24830d12-f44b-43d9-b733-6f9667bbd6c9@group-08147416B334-LeaderElection94: Election REJECTED; received 2 response(s) [24830d12-f44b-43d9-b733-6f9667bbd6c9<-75159f97-af2c-48a6-bb8f-f5acb2145c35#0:FAIL-t64, 24830d12-f44b-43d9-b733-6f9667bbd6c9<-ce71e9bc-e571-4e52-8a73-1c9dce7b9fa7#0:FAIL-t64] and 0 exception(s); 24830d12-f44b-43d9-b733-6f9667bbd6c9@group-08147416B334:t64, leader=null, voted=24830d12-f44b-43d9-b733-6f9667bbd6c9, raftlog=24830d12-f44b-43d9-b733-6f9667bbd6c9@group-08147416B334-SegmentedRaftLog:OPENED:c-1,f-1,i0, conf=-1: [24830d12-f44b-43d9-b733-6f9667bbd6c9:192.168.164.193:40613, 75159f97-af2c-48a6-bb8f-f5acb2145c35:192.168.164.193:42423, ce71e9bc-e571-4e52-8a73-1c9dce7b9fa7:192.168.164.193:36234], old=null
2019-10-28 11:44:47,584 [24830d12-f44b-43d9-b733-6f9667bbd6c9@group-08147416B334-LeaderElection94] INFO  impl.RaftServerImpl (RaftServerImpl.java:setRole(184)) - 24830d12-f44b-43d9-b733-6f9667bbd6c9@group-08147416B334: changes role from CANDIDATE to FOLLOWER at term 64 for DISCOVERED_A_NEW_TERM
2019-10-28 11:44:47,584 [24830d12-f44b-43d9-b733-6f9667bbd6c9@group-08147416B334-LeaderElection94] INFO  impl.RoleInfo (RoleInfo.java:shutdownLeaderElection(134)) - 24830d12-f44b-43d9-b733-6f9667bbd6c9: shutdown LeaderElection
2019-10-28 11:44:47,584 [24830d12-f44b-43d9-b733-6f9667bbd6c9@group-08147416B334-LeaderElection94] INFO  impl.RoleInfo (RoleInfo.java:updateAndGet(143)) - 24830d12-f44b-43d9-b733-6f9667bbd6c9: start FollowerState
2019-10-28 11:44:47,682 [Thread-1886] INFO  impl.FollowerState (FollowerState.java:run(108)) - 24830d12-f44b-43d9-b733-6f9667bbd6c9@group-08147416B334-FollowerState: change to CANDIDATE, lastRpcTime:97ms, electionTimeout:97ms
2019-10-28 11:44:47,682 [Thread-1886] INFO  impl.RoleInfo (RoleInfo.java:shutdownFollowerState(121)) - 24830d12-f44b-43d9-b733-6f9667bbd6c9: shutdown FollowerState
2019-10-28 11:44:47,682 [Thread-1886] INFO  impl.RaftServerImpl (RaftServerImpl.java:setRole(184)) - 24830d12-f44b-43d9-b733-6f9667bbd6c9@group-08147416B334: changes role from  FOLLOWER to CANDIDATE at term 64 for changeToCandidate
2019-10-28 11:44:47,682 [Thread-1886] INFO  impl.RoleInfo (RoleInfo.java:updateAndGet(143)) - 24830d12-f44b-43d9-b733-6f9667bbd6c9: start LeaderElection
2019-10-28 11:44:47,696 [24830d12-f44b-43d9-b733-6f9667bbd6c9@group-08147416B334-LeaderElection95] INFO  impl.LeaderElection (LeaderElection.java:askForVotes(178)) - 24830d12-f44b-43d9-b733-6f9667bbd6c9@group-08147416B334-LeaderElection95: begin an election at term 65 for -1: [24830d12-f44b-43d9-b733-6f9667bbd6c9:192.168.164.193:40613, 75159f97-af2c-48a6-bb8f-f5acb2145c35:192.168.164.193:42423, ce71e9bc-e571-4e52-8a73-1c9dce7b9fa7:192.168.164.193:36234], old=null
2019-10-28 11:44:47,698 [grpc-default-executor-2] INFO  impl.RaftServerImpl (RaftServerImpl.java:setRole(184)) - ce71e9bc-e571-4e52-8a73-1c9dce7b9fa7@group-08147416B334: changes role from  FOLLOWER to FOLLOWER at term 65 for recognizeCandidate:24830d12-f44b-43d9-b733-6f9667bbd6c9
2019-10-28 11:44:47,698 [grpc-default-executor-0] INFO  impl.RaftServerImpl (RaftServerImpl.java:setRole(184)) - 75159f97-af2c-48a6-bb8f-f5acb2145c35@group-08147416B334: changes role from  FOLLOWER to FOLLOWER at term 65 for recognizeCandidate:24830d12-f44b-43d9-b733-6f9667bbd6c9
2019-10-28 11:44:47,698 [grpc-default-executor-2] INFO  impl.RoleInfo (RoleInfo.java:shutdownFollowerState(121)) - ce71e9bc-e571-4e52-8a73-1c9dce7b9fa7: shutdown FollowerState
2019-10-28 11:44:47,698 [grpc-default-executor-0] INFO  impl.RoleInfo (RoleInfo.java:shutdownFollowerState(121)) - 75159f97-af2c-48a6-bb8f-f5acb2145c35: shutdown FollowerState
2019-10-28 11:44:47,698 [grpc-default-executor-2] INFO  impl.RoleInfo (RoleInfo.java:updateAndGet(143)) - ce71e9bc-e571-4e52-8a73-1c9dce7b9fa7: start FollowerState
2019-10-28 11:44:47,699 [Thread-1885] INFO  impl.FollowerState (FollowerState.java:run(117)) - ce71e9bc-e571-4e52-8a73-1c9dce7b9fa7@group-08147416B334-FollowerState was interrupted: java.lang.InterruptedException: sleep interrupted
2019-10-28 11:44:47,699 [grpc-default-executor-0] INFO  impl.RoleInfo (RoleInfo.java:updateAndGet(143)) - 75159f97-af2c-48a6-bb8f-f5acb2145c35: start FollowerState
2019-10-28 11:44:47,699 [Thread-1884] INFO  impl.FollowerState (FollowerState.java:run(117)) - 75159f97-af2c-48a6-bb8f-f5acb2145c35@group-08147416B334-FollowerState was interrupted: java.lang.InterruptedException: sleep interrupted
2019-10-28 11:44:47,718 [24830d12-f44b-43d9-b733-6f9667bbd6c9@group-08147416B334-LeaderElection95] INFO  impl.LeaderElection (LeaderElection.java:logAndReturn(56)) - 24830d12-f44b-43d9-b733-6f9667bbd6c9@group-08147416B334-LeaderElection95: Election REJECTED; received 2 response(s) [24830d12-f44b-43d9-b733-6f9667bbd6c9<-75159f97-af2c-48a6-bb8f-f5acb2145c35#0:FAIL-t65, 24830d12-f44b-43d9-b733-6f9667bbd6c9<-ce71e9bc-e571-4e52-8a73-1c9dce7b9fa7#0:FAIL-t65] and 0 exception(s); 24830d12-f44b-43d9-b733-6f9667bbd6c9@group-08147416B334:t65, leader=null, voted=24830d12-f44b-43d9-b733-6f9667bbd6c9, raftlog=24830d12-f44b-43d9-b733-6f9667bbd6c9@group-08147416B334-SegmentedRaftLog:OPENED:c-1,f-1,i0, conf=-1: [24830d12-f44b-43d9-b733-6f9667bbd6c9:192.168.164.193:40613, 75159f97-af2c-48a6-bb8f-f5acb2145c35:192.168.164.193:42423, ce71e9bc-e571-4e52-8a73-1c9dce7b9fa7:192.168.164.193:36234], old=null
2019-10-28 11:44:47,719 [24830d12-f44b-43d9-b733-6f9667bbd6c9@group-08147416B334-LeaderElection95] INFO  impl.RaftServerImpl (RaftServerImpl.java:setRole(184)) - 24830d12-f44b-43d9-b733-6f9667bbd6c9@group-08147416B334: changes role from CANDIDATE to FOLLOWER at term 65 for DISCOVERED_A_NEW_TERM
2019-10-28 11:44:47,719 [24830d12-f44b-43d9-b733-6f9667bbd6c9@group-08147416B334-LeaderElection95] INFO  impl.RoleInfo (RoleInfo.java:shutdownLeaderElection(134)) - 24830d12-f44b-43d9-b733-6f9667bbd6c9: shutdown LeaderElection
2019-10-28 11:44:47,719 [24830d12-f44b-43d9-b733-6f9667bbd6c9@group-08147416B334-LeaderElection95] INFO  impl.RoleInfo (RoleInfo.java:updateAndGet(143)) - 24830d12-f44b-43d9-b733-6f9667bbd6c9: start FollowerState
2019-10-28 11:44:47,905 [Thread-1894] INFO  impl.FollowerState (FollowerState.java:run(108)) - 24830d12-f44b-43d9-b733-6f9667bbd6c9@group-08147416B334-FollowerState: change to CANDIDATE, lastRpcTime:186ms, electionTimeout:186ms
2019-10-28 11:44:47,906 [Thread-1894] INFO  impl.RoleInfo (RoleInfo.java:shutdownFollowerState(121)) - 24830d12-f44b-43d9-b733-6f9667bbd6c9: shutdown FollowerState
2019-10-28 11:44:47,906 [Thread-1894] INFO  impl.RaftServerImpl (RaftServerImpl.java:setRole(184)) - 24830d12-f44b-43d9-b733-6f9667bbd6c9@group-08147416B334: changes role from  FOLLOWER to CANDIDATE at term 65 for changeToCandidate
2019-10-28 11:44:47,906 [Thread-1894] INFO  impl.RoleInfo (RoleInfo.java:updateAndGet(143)) - 24830d12-f44b-43d9-b733-6f9667bbd6c9: start LeaderElection
2019-10-28 11:44:47,931 [24830d12-f44b-43d9-b733-6f9667bbd6c9@group-08147416B334-LeaderElection96] INFO  impl.LeaderElection (LeaderElection.java:askForVotes(178)) - 24830d12-f44b-43d9-b733-6f9667bbd6c9@group-08147416B334-LeaderElection96: begin an election at term 66 for -1: [24830d12-f44b-43d9-b733-6f9667bbd6c9:192.168.164.193:40613, 75159f97-af2c-48a6-bb8f-f5acb2145c35:192.168.164.193:42423, ce71e9bc-e571-4e52-8a73-1c9dce7b9fa7:192.168.164.193:36234], old=null
2019-10-28 11:44:47,933 [grpc-default-executor-2] INFO  impl.RaftServerImpl (RaftServerImpl.java:setRole(184)) - ce71e9bc-e571-4e52-8a73-1c9dce7b9fa7@group-08147416B334: changes role from  FOLLOWER to FOLLOWER at term 66 for recognizeCandidate:24830d12-f44b-43d9-b733-6f9667bbd6c9
2019-10-28 11:44:47,933 [grpc-default-executor-0] INFO  impl.RaftServerImpl (RaftServerImpl.java:setRole(184)) - 75159f97-af2c-48a6-bb8f-f5acb2145c35@group-08147416B334: changes role from  FOLLOWER to FOLLOWER at term 66 for recognizeCandidate:24830d12-f44b-43d9-b733-6f9667bbd6c9
2019-10-28 11:44:47,934 [grpc-default-executor-2] INFO  impl.RoleInfo (RoleInfo.java:shutdownFollowerState(121)) - ce71e9bc-e571-4e52-8a73-1c9dce7b9fa7: shutdown FollowerState
2019-10-28 11:44:47,934 [grpc-default-executor-0] INFO  impl.RoleInfo (RoleInfo.java:shutdownFollowerState(121)) - 75159f97-af2c-48a6-bb8f-f5acb2145c35: shutdown FollowerState
2019-10-28 11:44:47,934 [Thread-1892] INFO  impl.FollowerState (FollowerState.java:run(117)) - ce71e9bc-e571-4e52-8a73-1c9dce7b9fa7@group-08147416B334-FollowerState was interrupted: java.lang.InterruptedException: sleep interrupted
2019-10-28 11:44:47,934 [Thread-1893] INFO  impl.FollowerState (FollowerState.java:run(117)) - 75159f97-af2c-48a6-bb8f-f5acb2145c35@group-08147416B334-FollowerState was interrupted: java.lang.InterruptedException: sleep interrupted
2019-10-28 11:44:47,934 [grpc-default-executor-2] INFO  impl.RoleInfo (RoleInfo.java:updateAndGet(143)) - ce71e9bc-e571-4e52-8a73-1c9dce7b9fa7: start FollowerState
2019-10-28 11:44:47,934 [grpc-default-executor-0] INFO  impl.RoleInfo (RoleInfo.java:updateAndGet(143)) - 75159f97-af2c-48a6-bb8f-f5acb2145c35: start FollowerState
2019-10-28 11:44:47,948 [24830d12-f44b-43d9-b733-6f9667bbd6c9@group-08147416B334-LeaderElection96] INFO  impl.LeaderElection (LeaderElection.java:logAndReturn(56)) - 24830d12-f44b-43d9-b733-6f9667bbd6c9@group-08147416B334-LeaderElection96: Election REJECTED; received 2 response(s) [24830d12-f44b-43d9-b733-6f9667bbd6c9<-75159f97-af2c-48a6-bb8f-f5acb2145c35#0:FAIL-t66, 24830d12-f44b-43d9-b733-6f9667bbd6c9<-ce71e9bc-e571-4e52-8a73-1c9dce7b9fa7#0:FAIL-t66] and 0 exception(s); 24830d12-f44b-43d9-b733-6f9667bbd6c9@group-08147416B334:t66, leader=null, voted=24830d12-f44b-43d9-b733-6f9667bbd6c9, raftlog=24830d12-f44b-43d9-b733-6f9667bbd6c9@group-08147416B334-SegmentedRaftLog:OPENED:c-1,f-1,i0, conf=-1: [24830d12-f44b-43d9-b733-6f9667bbd6c9:192.168.164.193:40613, 75159f97-af2c-48a6-bb8f-f5acb2145c35:192.168.164.193:42423, ce71e9bc-e571-4e52-8a73-1c9dce7b9fa7:192.168.164.193:36234], old=null
2019-10-28 11:44:47,948 [24830d12-f44b-43d9-b733-6f9667bbd6c9@group-08147416B334-LeaderElection96] INFO  impl.RaftServerImpl (RaftServerImpl.java:setRole(184)) - 24830d12-f44b-43d9-b733-6f9667bbd6c9@group-08147416B334: changes role from CANDIDATE to FOLLOWER at term 66 for DISCOVERED_A_NEW_TERM
2019-10-28 11:44:47,949 [24830d12-f44b-43d9-b733-6f9667bbd6c9@group-08147416B334-LeaderElection96] INFO  impl.RoleInfo (RoleInfo.java:shutdownLeaderElection(134)) - 24830d12-f44b-43d9-b733-6f9667bbd6c9: shutdown LeaderElection
2019-10-28 11:44:47,949 [24830d12-f44b-43d9-b733-6f9667bbd6c9@group-08147416B334-LeaderElection96] INFO  impl.RoleInfo (RoleInfo.java:updateAndGet(143)) - 24830d12-f44b-43d9-b733-6f9667bbd6c9: start FollowerState
2019-10-28 11:44:48,095 [Thread-1904] INFO  impl.FollowerState (FollowerState.java:run(108)) - 24830d12-f44b-43d9-b733-6f9667bbd6c9@group-08147416B334-FollowerState: change to CANDIDATE, lastRpcTime:146ms, electionTimeout:146ms
2019-10-28 11:44:48,096 [Thread-1904] INFO  impl.RoleInfo (RoleInfo.java:shutdownFollowerState(121)) - 24830d12-f44b-43d9-b733-6f9667bbd6c9: shutdown FollowerState
2019-10-28 11:44:48,096 [Thread-1904] INFO  impl.RaftServerImpl (RaftServerImpl.java:setRole(184)) - 24830d12-f44b-43d9-b733-6f9667bbd6c9@group-08147416B334: changes role from  FOLLOWER to CANDIDATE at term 66 for changeToCandidate
2019-10-28 11:44:48,096 [Thread-1904] INFO  impl.RoleInfo (RoleInfo.java:updateAndGet(143)) - 24830d12-f44b-43d9-b733-6f9667bbd6c9: start LeaderElection
2019-10-28 11:44:48,109 [24830d12-f44b-43d9-b733-6f9667bbd6c9@group-08147416B334-LeaderElection97] INFO  impl.LeaderElection (LeaderElection.java:askForVotes(178)) - 24830d12-f44b-43d9-b733-6f9667bbd6c9@group-08147416B334-LeaderElection97: begin an election at term 67 for -1: [24830d12-f44b-43d9-b733-6f9667bbd6c9:192.168.164.193:40613, 75159f97-af2c-48a6-bb8f-f5acb2145c35:192.168.164.193:42423, ce71e9bc-e571-4e52-8a73-1c9dce7b9fa7:192.168.164.193:36234], old=null
2019-10-28 11:44:48,112 [grpc-default-executor-0] INFO  impl.RaftServerImpl (RaftServerImpl.java:setRole(184)) - 75159f97-af2c-48a6-bb8f-f5acb2145c35@group-08147416B334: changes role from  FOLLOWER to FOLLOWER at term 67 for recognizeCandidate:24830d12-f44b-43d9-b733-6f9667bbd6c9
2019-10-28 11:44:48,112 [grpc-default-executor-0] INFO  impl.RoleInfo (RoleInfo.java:shutdownFollowerState(121)) - 75159f97-af2c-48a6-bb8f-f5acb2145c35: shutdown FollowerState
2019-10-28 11:44:48,112 [grpc-default-executor-0] INFO  impl.RoleInfo (RoleInfo.java:updateAndGet(143)) - 75159f97-af2c-48a6-bb8f-f5acb2145c35: start FollowerState
2019-10-28 11:44:48,112 [Thread-1903] INFO  impl.FollowerState (FollowerState.java:run(117)) - 75159f97-af2c-48a6-bb8f-f5acb2145c35@group-08147416B334-FollowerState was interrupted: java.lang.InterruptedException: sleep interrupted
2019-10-28 11:44:48,112 [grpc-default-executor-2] INFO  impl.RaftServerImpl (RaftServerImpl.java:setRole(184)) - ce71e9bc-e571-4e52-8a73-1c9dce7b9fa7@group-08147416B334: changes role from  FOLLOWER to FOLLOWER at term 67 for recognizeCandidate:24830d12-f44b-43d9-b733-6f9667bbd6c9
2019-10-28 11:44:48,112 [grpc-default-executor-2] INFO  impl.RoleInfo (RoleInfo.java:shutdownFollowerState(121)) - ce71e9bc-e571-4e52-8a73-1c9dce7b9fa7: shutdown FollowerState
2019-10-28 11:44:48,113 [grpc-default-executor-2] INFO  impl.RoleInfo (RoleInfo.java:updateAndGet(143)) - ce71e9bc-e571-4e52-8a73-1c9dce7b9fa7: start FollowerState
2019-10-28 11:44:48,113 [Thread-1902] INFO  impl.FollowerState (FollowerState.java:run(117)) - ce71e9bc-e571-4e52-8a73-1c9dce7b9fa7@group-08147416B334-FollowerState was interrupted: java.lang.InterruptedException: sleep interrupted
2019-10-28 11:44:48,128 [24830d12-f44b-43d9-b733-6f9667bbd6c9@group-08147416B334-LeaderElection97] INFO  impl.LeaderElection (LeaderElection.java:logAndReturn(56)) - 24830d12-f44b-43d9-b733-6f9667bbd6c9@group-08147416B334-LeaderElection97: Election REJECTED; received 2 response(s) [24830d12-f44b-43d9-b733-6f9667bbd6c9<-75159f97-af2c-48a6-bb8f-f5acb2145c35#0:FAIL-t67, 24830d12-f44b-43d9-b733-6f9667bbd6c9<-ce71e9bc-e571-4e52-8a73-1c9dce7b9fa7#0:FAIL-t67] and 0 exception(s); 24830d12-f44b-43d9-b733-6f9667bbd6c9@group-08147416B334:t67, leader=null, voted=24830d12-f44b-43d9-b733-6f9667bbd6c9, raftlog=24830d12-f44b-43d9-b733-6f9667bbd6c9@group-08147416B334-SegmentedRaftLog:OPENED:c-1,f-1,i0, conf=-1: [24830d12-f44b-43d9-b733-6f9667bbd6c9:192.168.164.193:40613, 75159f97-af2c-48a6-bb8f-f5acb2145c35:192.168.164.193:42423, ce71e9bc-e571-4e52-8a73-1c9dce7b9fa7:192.168.164.193:36234], old=null
2019-10-28 11:44:48,128 [24830d12-f44b-43d9-b733-6f9667bbd6c9@group-08147416B334-LeaderElection97] INFO  impl.RaftServerImpl (RaftServerImpl.java:setRole(184)) - 24830d12-f44b-43d9-b733-6f9667bbd6c9@group-08147416B334: changes role from CANDIDATE to FOLLOWER at term 67 for DISCOVERED_A_NEW_TERM
2019-10-28 11:44:48,128 [24830d12-f44b-43d9-b733-6f9667bbd6c9@group-08147416B334-LeaderElection97] INFO  impl.RoleInfo (RoleInfo.java:shutdownLeaderElection(134)) - 24830d12-f44b-43d9-b733-6f9667bbd6c9: shutdown LeaderElection
2019-10-28 11:44:48,128 [24830d12-f44b-43d9-b733-6f9667bbd6c9@group-08147416B334-LeaderElection97] INFO  impl.RoleInfo (RoleInfo.java:updateAndGet(143)) - 24830d12-f44b-43d9-b733-6f9667bbd6c9: start FollowerState
2019-10-28 11:44:48,325 [Thread-1912] INFO  impl.FollowerState (FollowerState.java:run(108)) - 24830d12-f44b-43d9-b733-6f9667bbd6c9@group-08147416B334-FollowerState: change to CANDIDATE, lastRpcTime:196ms, electionTimeout:196ms
2019-10-28 11:44:48,325 [Thread-1912] INFO  impl.RoleInfo (RoleInfo.java:shutdownFollowerState(121)) - 24830d12-f44b-43d9-b733-6f9667bbd6c9: shutdown FollowerState
2019-10-28 11:44:48,325 [Thread-1912] INFO  impl.RaftServerImpl (RaftServerImpl.java:setRole(184)) - 24830d12-f44b-43d9-b733-6f9667bbd6c9@group-08147416B334: changes role from  FOLLOWER to CANDIDATE at term 67 for changeToCandidate
2019-10-28 11:44:48,325 [Thread-1912] INFO  impl.RoleInfo (RoleInfo.java:updateAndGet(143)) - 24830d12-f44b-43d9-b733-6f9667bbd6c9: start LeaderElection
2019-10-28 11:44:48,339 [24830d12-f44b-43d9-b733-6f9667bbd6c9@group-08147416B334-LeaderElection98] INFO  impl.LeaderElection (LeaderElection.java:askForVotes(178)) - 24830d12-f44b-43d9-b733-6f9667bbd6c9@group-08147416B334-LeaderElection98: begin an election at term 68 for -1: [24830d12-f44b-43d9-b733-6f9667bbd6c9:192.168.164.193:40613, 75159f97-af2c-48a6-bb8f-f5acb2145c35:192.168.164.193:42423, ce71e9bc-e571-4e52-8a73-1c9dce7b9fa7:192.168.164.193:36234], old=null
2019-10-28 11:44:48,340 [grpc-default-executor-0] INFO  impl.RaftServerImpl (RaftServerImpl.java:setRole(184)) - ce71e9bc-e571-4e52-8a73-1c9dce7b9fa7@group-08147416B334: changes role from  FOLLOWER to FOLLOWER at term 68 for recognizeCandidate:24830d12-f44b-43d9-b733-6f9667bbd6c9
2019-10-28 11:44:48,340 [grpc-default-executor-2] INFO  impl.RaftServerImpl (RaftServerImpl.java:setRole(184)) - 75159f97-af2c-48a6-bb8f-f5acb2145c35@group-08147416B334: changes role from  FOLLOWER to FOLLOWER at term 68 for recognizeCandidate:24830d12-f44b-43d9-b733-6f9667bbd6c9
2019-10-28 11:44:48,341 [grpc-default-executor-0] INFO  impl.RoleInfo (RoleInfo.java:shutdownFollowerState(121)) - ce71e9bc-e571-4e52-8a73-1c9dce7b9fa7: shutdown FollowerState
2019-10-28 11:44:48,341 [grpc-default-executor-2] INFO  impl.RoleInfo (RoleInfo.java:shutdownFollowerState(121)) - 75159f97-af2c-48a6-bb8f-f5acb2145c35: shutdown FollowerState
2019-10-28 11:44:48,341 [grpc-default-executor-0] INFO  impl.RoleInfo (RoleInfo.java:updateAndGet(143)) - ce71e9bc-e571-4e52-8a73-1c9dce7b9fa7: start FollowerState
2019-10-28 11:44:48,341 [grpc-default-executor-2] INFO  impl.RoleInfo (RoleInfo.java:updateAndGet(143)) - 75159f97-af2c-48a6-bb8f-f5acb2145c35: start FollowerState
2019-10-28 11:44:48,341 [Thread-1910] INFO  impl.FollowerState (FollowerState.java:run(117)) - 75159f97-af2c-48a6-bb8f-f5acb2145c35@group-08147416B334-FollowerState was interrupted: java.lang.InterruptedException: sleep interrupted
2019-10-28 11:44:48,341 [Thread-1911] INFO  impl.FollowerState (FollowerState.java:run(117)) - ce71e9bc-e571-4e52-8a73-1c9dce7b9fa7@group-08147416B334-FollowerState was interrupted: java.lang.InterruptedException: sleep interrupted
2019-10-28 11:44:48,355 [24830d12-f44b-43d9-b733-6f9667bbd6c9@group-08147416B334-LeaderElection98] INFO  impl.LeaderElection (LeaderElection.java:logAndReturn(56)) - 24830d12-f44b-43d9-b733-6f9667bbd6c9@group-08147416B334-LeaderElection98: Election REJECTED; received 2 response(s) [24830d12-f44b-43d9-b733-6f9667bbd6c9<-75159f97-af2c-48a6-bb8f-f5acb2145c35#0:FAIL-t68, 24830d12-f44b-43d9-b733-6f9667bbd6c9<-ce71e9bc-e571-4e52-8a73-1c9dce7b9fa7#0:FAIL-t68] and 0 exception(s); 24830d12-f44b-43d9-b733-6f9667bbd6c9@group-08147416B334:t68, leader=null, voted=24830d12-f44b-43d9-b733-6f9667bbd6c9, raftlog=24830d12-f44b-43d9-b733-6f9667bbd6c9@group-08147416B334-SegmentedRaftLog:OPENED:c-1,f-1,i0, conf=-1: [24830d12-f44b-43d9-b733-6f9667bbd6c9:192.168.164.193:40613, 75159f97-af2c-48a6-bb8f-f5acb2145c35:192.168.164.193:42423, ce71e9bc-e571-4e52-8a73-1c9dce7b9fa7:192.168.164.193:36234], old=null
2019-10-28 11:44:48,355 [24830d12-f44b-43d9-b733-6f9667bbd6c9@group-08147416B334-LeaderElection98] INFO  impl.RaftServerImpl (RaftServerImpl.java:setRole(184)) - 24830d12-f44b-43d9-b733-6f9667bbd6c9@group-08147416B334: changes role from CANDIDATE to FOLLOWER at term 68 for DISCOVERED_A_NEW_TERM
2019-10-28 11:44:48,355 [24830d12-f44b-43d9-b733-6f9667bbd6c9@group-08147416B334-LeaderElection98] INFO  impl.RoleInfo (RoleInfo.java:shutdownLeaderElection(134)) - 24830d12-f44b-43d9-b733-6f9667bbd6c9: shutdown LeaderElection
2019-10-28 11:44:48,355 [24830d12-f44b-43d9-b733-6f9667bbd6c9@group-08147416B334-LeaderElection98] INFO  impl.RoleInfo (RoleInfo.java:updateAndGet(143)) - 24830d12-f44b-43d9-b733-6f9667bbd6c9: start FollowerState
2019-10-28 11:44:48,539 [Thread-1920] INFO  impl.FollowerState (FollowerState.java:run(108)) - 24830d12-f44b-43d9-b733-6f9667bbd6c9@group-08147416B334-FollowerState: change to CANDIDATE, lastRpcTime:184ms, electionTimeout:184ms
2019-10-28 11:44:48,540 [Thread-1920] INFO  impl.RoleInfo (RoleInfo.java:shutdownFollowerState(121)) - 24830d12-f44b-43d9-b733-6f9667bbd6c9: shutdown FollowerState
2019-10-28 11:44:48,540 [Thread-1920] INFO  impl.RaftServerImpl (RaftServerImpl.java:setRole(184)) - 24830d12-f44b-43d9-b733-6f9667bbd6c9@group-08147416B334: changes role from  FOLLOWER to CANDIDATE at term 68 for changeToCandidate
2019-10-28 11:44:48,540 [Thread-1920] INFO  impl.RoleInfo (RoleInfo.java:updateAndGet(143)) - 24830d12-f44b-43d9-b733-6f9667bbd6c9: start LeaderElection
2019-10-28 11:44:48,565 [24830d12-f44b-43d9-b733-6f9667bbd6c9@group-08147416B334-LeaderElection99] INFO  impl.LeaderElection (LeaderElection.java:askForVotes(178)) - 24830d12-f44b-43d9-b733-6f9667bbd6c9@group-08147416B334-LeaderElection99: begin an election at term 69 for -1: [24830d12-f44b-43d9-b733-6f9667bbd6c9:192.168.164.193:40613, 75159f97-af2c-48a6-bb8f-f5acb2145c35:192.168.164.193:42423, ce71e9bc-e571-4e52-8a73-1c9dce7b9fa7:192.168.164.193:36234], old=null
2019-10-28 11:44:48,568 [grpc-default-executor-0] INFO  impl.RaftServerImpl (RaftServerImpl.java:setRole(184)) - ce71e9bc-e571-4e52-8a73-1c9dce7b9fa7@group-08147416B334: changes role from  FOLLOWER to FOLLOWER at term 69 for recognizeCandidate:24830d12-f44b-43d9-b733-6f9667bbd6c9
2019-10-28 11:44:48,568 [grpc-default-executor-0] INFO  impl.RoleInfo (RoleInfo.java:shutdownFollowerState(121)) - ce71e9bc-e571-4e52-8a73-1c9dce7b9fa7: shutdown FollowerState
2019-10-28 11:44:48,568 [grpc-default-executor-2] INFO  impl.RaftServerImpl (RaftServerImpl.java:setRole(184)) - 75159f97-af2c-48a6-bb8f-f5acb2145c35@group-08147416B334: changes role from  FOLLOWER to FOLLOWER at term 69 for recognizeCandidate:24830d12-f44b-43d9-b733-6f9667bbd6c9
2019-10-28 11:44:48,568 [Thread-1918] INFO  impl.FollowerState (FollowerState.java:run(117)) - ce71e9bc-e571-4e52-8a73-1c9dce7b9fa7@group-08147416B334-FollowerState was interrupted: java.lang.InterruptedException: sleep interrupted
2019-10-28 11:44:48,568 [grpc-default-executor-0] INFO  impl.RoleInfo (RoleInfo.java:updateAndGet(143)) - ce71e9bc-e571-4e52-8a73-1c9dce7b9fa7: start FollowerState
2019-10-28 11:44:48,568 [grpc-default-executor-2] INFO  impl.RoleInfo (RoleInfo.java:shutdownFollowerState(121)) - 75159f97-af2c-48a6-bb8f-f5acb2145c35: shutdown FollowerState
2019-10-28 11:44:48,568 [grpc-default-executor-2] INFO  impl.RoleInfo (RoleInfo.java:updateAndGet(143)) - 75159f97-af2c-48a6-bb8f-f5acb2145c35: start FollowerState
2019-10-28 11:44:48,568 [Thread-1919] INFO  impl.FollowerState (FollowerState.java:run(117)) - 75159f97-af2c-48a6-bb8f-f5acb2145c35@group-08147416B334-FollowerState was interrupted: java.lang.InterruptedException: sleep interrupted
2019-10-28 11:44:48,583 [24830d12-f44b-43d9-b733-6f9667bbd6c9@group-08147416B334-LeaderElection99] INFO  impl.LeaderElection (LeaderElection.java:logAndReturn(56)) - 24830d12-f44b-43d9-b733-6f9667bbd6c9@group-08147416B334-LeaderElection99: Election REJECTED; received 2 response(s) [24830d12-f44b-43d9-b733-6f9667bbd6c9<-75159f97-af2c-48a6-bb8f-f5acb2145c35#0:FAIL-t69, 24830d12-f44b-43d9-b733-6f9667bbd6c9<-ce71e9bc-e571-4e52-8a73-1c9dce7b9fa7#0:FAIL-t69] and 0 exception(s); 24830d12-f44b-43d9-b733-6f9667bbd6c9@group-08147416B334:t69, leader=null, voted=24830d12-f44b-43d9-b733-6f9667bbd6c9, raftlog=24830d12-f44b-43d9-b733-6f9667bbd6c9@group-08147416B334-SegmentedRaftLog:OPENED:c-1,f-1,i0, conf=-1: [24830d12-f44b-43d9-b733-6f9667bbd6c9:192.168.164.193:40613, 75159f97-af2c-48a6-bb8f-f5acb2145c35:192.168.164.193:42423, ce71e9bc-e571-4e52-8a73-1c9dce7b9fa7:192.168.164.193:36234], old=null
2019-10-28 11:44:48,583 [24830d12-f44b-43d9-b733-6f9667bbd6c9@group-08147416B334-LeaderElection99] INFO  impl.RaftServerImpl (RaftServerImpl.java:setRole(184)) - 24830d12-f44b-43d9-b733-6f9667bbd6c9@group-08147416B334: changes role from CANDIDATE to FOLLOWER at term 69 for DISCOVERED_A_NEW_TERM
2019-10-28 11:44:48,583 [24830d12-f44b-43d9-b733-6f9667bbd6c9@group-08147416B334-LeaderElection99] INFO  impl.RoleInfo (RoleInfo.java:shutdownLeaderElection(134)) - 24830d12-f44b-43d9-b733-6f9667bbd6c9: shutdown LeaderElection
2019-10-28 11:44:48,583 [24830d12-f44b-43d9-b733-6f9667bbd6c9@group-08147416B334-LeaderElection99] INFO  impl.RoleInfo (RoleInfo.java:updateAndGet(143)) - 24830d12-f44b-43d9-b733-6f9667bbd6c9: start FollowerState
2019-10-28 11:44:48,639 [Thread-1926] INFO  impl.FollowerState (FollowerState.java:run(108)) - 24830d12-f44b-43d9-b733-6f9667bbd6c9@group-08147416B334-FollowerState: change to CANDIDATE, lastRpcTime:56ms, electionTimeout:56ms
2019-10-28 11:44:48,640 [Thread-1926] INFO  impl.RoleInfo (RoleInfo.java:shutdownFollowerState(121)) - 24830d12-f44b-43d9-b733-6f9667bbd6c9: shutdown FollowerState
2019-10-28 11:44:48,640 [Thread-1926] INFO  impl.RaftServerImpl (RaftServerImpl.java:setRole(184)) - 24830d12-f44b-43d9-b733-6f9667bbd6c9@group-08147416B334: changes role from  FOLLOWER to CANDIDATE at term 69 for changeToCandidate
2019-10-28 11:44:48,640 [Thread-1926] INFO  impl.RoleInfo (RoleInfo.java:updateAndGet(143)) - 24830d12-f44b-43d9-b733-6f9667bbd6c9: start LeaderElection
2019-10-28 11:44:48,653 [24830d12-f44b-43d9-b733-6f9667bbd6c9@group-08147416B334-LeaderElection100] INFO  impl.LeaderElection (LeaderElection.java:askForVotes(178)) - 24830d12-f44b-43d9-b733-6f9667bbd6c9@group-08147416B334-LeaderElection100: begin an election at term 70 for -1: [24830d12-f44b-43d9-b733-6f9667bbd6c9:192.168.164.193:40613, 75159f97-af2c-48a6-bb8f-f5acb2145c35:192.168.164.193:42423, ce71e9bc-e571-4e52-8a73-1c9dce7b9fa7:192.168.164.193:36234], old=null
2019-10-28 11:44:48,655 [grpc-default-executor-2] INFO  impl.RaftServerImpl (RaftServerImpl.java:setRole(184)) - 75159f97-af2c-48a6-bb8f-f5acb2145c35@group-08147416B334: changes role from  FOLLOWER to FOLLOWER at term 70 for recognizeCandidate:24830d12-f44b-43d9-b733-6f9667bbd6c9
2019-10-28 11:44:48,655 [grpc-default-executor-0] INFO  impl.RaftServerImpl (RaftServerImpl.java:setRole(184)) - ce71e9bc-e571-4e52-8a73-1c9dce7b9fa7@group-08147416B334: changes role from  FOLLOWER to FOLLOWER at term 70 for recognizeCandidate:24830d12-f44b-43d9-b733-6f9667bbd6c9
2019-10-28 11:44:48,655 [grpc-default-executor-2] INFO  impl.RoleInfo (RoleInfo.java:shutdownFollowerState(121)) - 75159f97-af2c-48a6-bb8f-f5acb2145c35: shutdown FollowerState
2019-10-28 11:44:48,655 [grpc-default-executor-0] INFO  impl.RoleInfo (RoleInfo.java:shutdownFollowerState(121)) - ce71e9bc-e571-4e52-8a73-1c9dce7b9fa7: shutdown FollowerState
2019-10-28 11:44:48,655 [Thread-1925] INFO  impl.FollowerState (FollowerState.java:run(117)) - 75159f97-af2c-48a6-bb8f-f5acb2145c35@group-08147416B334-FollowerState was interrupted: java.lang.InterruptedException: sleep interrupted
2019-10-28 11:44:48,655 [grpc-default-executor-2] INFO  impl.RoleInfo (RoleInfo.java:updateAndGet(143)) - 75159f97-af2c-48a6-bb8f-f5acb2145c35: start FollowerState
2019-10-28 11:44:48,655 [Thread-1924] INFO  impl.FollowerState (FollowerState.java:run(117)) - ce71e9bc-e571-4e52-8a73-1c9dce7b9fa7@group-08147416B334-FollowerState was interrupted: java.lang.InterruptedException: sleep interrupted
2019-10-28 11:44:48,655 [grpc-default-executor-0] INFO  impl.RoleInfo (RoleInfo.java:updateAndGet(143)) - ce71e9bc-e571-4e52-8a73-1c9dce7b9fa7: start FollowerState
2019-10-28 11:44:48,669 [24830d12-f44b-43d9-b733-6f9667bbd6c9@group-08147416B334-LeaderElection100] INFO  impl.LeaderElection (LeaderElection.java:logAndReturn(56)) - 24830d12-f44b-43d9-b733-6f9667bbd6c9@group-08147416B334-LeaderElection100: Election REJECTED; received 2 response(s) [24830d12-f44b-43d9-b733-6f9667bbd6c9<-75159f97-af2c-48a6-bb8f-f5acb2145c35#0:FAIL-t70, 24830d12-f44b-43d9-b733-6f9667bbd6c9<-ce71e9bc-e571-4e52-8a73-1c9dce7b9fa7#0:FAIL-t70] and 0 exception(s); 24830d12-f44b-43d9-b733-6f9667bbd6c9@group-08147416B334:t70, leader=null, voted=24830d12-f44b-43d9-b733-6f9667bbd6c9, raftlog=24830d12-f44b-43d9-b733-6f9667bbd6c9@group-08147416B334-SegmentedRaftLog:OPENED:c-1,f-1,i0, conf=-1: [24830d12-f44b-43d9-b733-6f9667bbd6c9:192.168.164.193:40613, 75159f97-af2c-48a6-bb8f-f5acb2145c35:192.168.164.193:42423, ce71e9bc-e571-4e52-8a73-1c9dce7b9fa7:192.168.164.193:36234], old=null
2019-10-28 11:44:48,669 [24830d12-f44b-43d9-b733-6f9667bbd6c9@group-08147416B334-LeaderElection100] INFO  impl.RaftServerImpl (RaftServerImpl.java:setRole(184)) - 24830d12-f44b-43d9-b733-6f9667bbd6c9@group-08147416B334: changes role from CANDIDATE to FOLLOWER at term 70 for DISCOVERED_A_NEW_TERM
2019-10-28 11:44:48,670 [24830d12-f44b-43d9-b733-6f9667bbd6c9@group-08147416B334-LeaderElection100] INFO  impl.RoleInfo (RoleInfo.java:shutdownLeaderElection(134)) - 24830d12-f44b-43d9-b733-6f9667bbd6c9: shutdown LeaderElection
2019-10-28 11:44:48,670 [24830d12-f44b-43d9-b733-6f9667bbd6c9@group-08147416B334-LeaderElection100] INFO  impl.RoleInfo (RoleInfo.java:updateAndGet(143)) - 24830d12-f44b-43d9-b733-6f9667bbd6c9: start FollowerState
2019-10-28 11:44:48,779 [Thread-1934] INFO  impl.FollowerState (FollowerState.java:run(108)) - 24830d12-f44b-43d9-b733-6f9667bbd6c9@group-08147416B334-FollowerState: change to CANDIDATE, lastRpcTime:109ms, electionTimeout:109ms
2019-10-28 11:44:48,779 [Thread-1934] INFO  impl.RoleInfo (RoleInfo.java:shutdownFollowerState(121)) - 24830d12-f44b-43d9-b733-6f9667bbd6c9: shutdown FollowerState
2019-10-28 11:44:48,779 [Thread-1934] INFO  impl.RaftServerImpl (RaftServerImpl.java:setRole(184)) - 24830d12-f44b-43d9-b733-6f9667bbd6c9@group-08147416B334: changes role from  FOLLOWER to CANDIDATE at term 70 for changeToCandidate
2019-10-28 11:44:48,779 [Thread-1934] INFO  impl.RoleInfo (RoleInfo.java:updateAndGet(143)) - 24830d12-f44b-43d9-b733-6f9667bbd6c9: start LeaderElection
2019-10-28 11:44:48,793 [24830d12-f44b-43d9-b733-6f9667bbd6c9@group-08147416B334-LeaderElection101] INFO  impl.LeaderElection (LeaderElection.java:askForVotes(178)) - 24830d12-f44b-43d9-b733-6f9667bbd6c9@group-08147416B334-LeaderElection101: begin an election at term 71 for -1: [24830d12-f44b-43d9-b733-6f9667bbd6c9:192.168.164.193:40613, 75159f97-af2c-48a6-bb8f-f5acb2145c35:192.168.164.193:42423, ce71e9bc-e571-4e52-8a73-1c9dce7b9fa7:192.168.164.193:36234], old=null
2019-10-28 11:44:48,795 [grpc-default-executor-0] INFO  impl.RaftServerImpl (RaftServerImpl.java:setRole(184)) - ce71e9bc-e571-4e52-8a73-1c9dce7b9fa7@group-08147416B334: changes role from  FOLLOWER to FOLLOWER at term 71 for recognizeCandidate:24830d12-f44b-43d9-b733-6f9667bbd6c9
2019-10-28 11:44:48,795 [grpc-default-executor-2] INFO  impl.RaftServerImpl (RaftServerImpl.java:setRole(184)) - 75159f97-af2c-48a6-bb8f-f5acb2145c35@group-08147416B334: changes role from  FOLLOWER to FOLLOWER at term 71 for recognizeCandidate:24830d12-f44b-43d9-b733-6f9667bbd6c9
2019-10-28 11:44:48,795 [grpc-default-executor-0] INFO  impl.RoleInfo (RoleInfo.java:shutdownFollowerState(121)) - ce71e9bc-e571-4e52-8a73-1c9dce7b9fa7: shutdown FollowerState
2019-10-28 11:44:48,796 [grpc-default-executor-2] INFO  impl.RoleInfo (RoleInfo.java:shutdownFollowerState(121)) - 75159f97-af2c-48a6-bb8f-f5acb2145c35: shutdown FollowerState
2019-10-28 11:44:48,796 [Thread-1933] INFO  impl.FollowerState (FollowerState.java:run(117)) - ce71e9bc-e571-4e52-8a73-1c9dce7b9fa7@group-08147416B334-FollowerState was interrupted: java.lang.InterruptedException: sleep interrupted
2019-10-28 11:44:48,796 [grpc-default-executor-0] INFO  impl.RoleInfo (RoleInfo.java:updateAndGet(143)) - ce71e9bc-e571-4e52-8a73-1c9dce7b9fa7: start FollowerState
2019-10-28 11:44:48,796 [Thread-1932] INFO  impl.FollowerState (FollowerState.java:run(117)) - 75159f97-af2c-48a6-bb8f-f5acb2145c35@group-08147416B334-FollowerState was interrupted: java.lang.InterruptedException: sleep interrupted
2019-10-28 11:44:48,796 [grpc-default-executor-2] INFO  impl.RoleInfo (RoleInfo.java:updateAndGet(143)) - 75159f97-af2c-48a6-bb8f-f5acb2145c35: start FollowerState
2019-10-28 11:44:48,823 [24830d12-f44b-43d9-b733-6f9667bbd6c9@group-08147416B334-LeaderElection101] INFO  impl.LeaderElection (LeaderElection.java:logAndReturn(56)) - 24830d12-f44b-43d9-b733-6f9667bbd6c9@group-08147416B334-LeaderElection101: Election REJECTED; received 2 response(s) [24830d12-f44b-43d9-b733-6f9667bbd6c9<-75159f97-af2c-48a6-bb8f-f5acb2145c35#0:FAIL-t71, 24830d12-f44b-43d9-b733-6f9667bbd6c9<-ce71e9bc-e571-4e52-8a73-1c9dce7b9fa7#0:FAIL-t71] and 0 exception(s); 24830d12-f44b-43d9-b733-6f9667bbd6c9@group-08147416B334:t71, leader=null, voted=24830d12-f44b-43d9-b733-6f9667bbd6c9, raftlog=24830d12-f44b-43d9-b733-6f9667bbd6c9@group-08147416B334-SegmentedRaftLog:OPENED:c-1,f-1,i0, conf=-1: [24830d12-f44b-43d9-b733-6f9667bbd6c9:192.168.164.193:40613, 75159f97-af2c-48a6-bb8f-f5acb2145c35:192.168.164.193:42423, ce71e9bc-e571-4e52-8a73-1c9dce7b9fa7:192.168.164.193:36234], old=null
2019-10-28 11:44:48,823 [24830d12-f44b-43d9-b733-6f9667bbd6c9@group-08147416B334-LeaderElection101] INFO  impl.RaftServerImpl (RaftServerImpl.java:setRole(184)) - 24830d12-f44b-43d9-b733-6f9667bbd6c9@group-08147416B334: changes role from CANDIDATE to FOLLOWER at term 71 for DISCOVERED_A_NEW_TERM
2019-10-28 11:44:48,823 [24830d12-f44b-43d9-b733-6f9667bbd6c9@group-08147416B334-LeaderElection101] INFO  impl.RoleInfo (RoleInfo.java:shutdownLeaderElection(134)) - 24830d12-f44b-43d9-b733-6f9667bbd6c9: shutdown LeaderElection
2019-10-28 11:44:48,823 [24830d12-f44b-43d9-b733-6f9667bbd6c9@group-08147416B334-LeaderElection101] INFO  impl.RoleInfo (RoleInfo.java:updateAndGet(143)) - 24830d12-f44b-43d9-b733-6f9667bbd6c9: start FollowerState
2019-10-28 11:44:48,877 [Thread-1942] INFO  impl.FollowerState (FollowerState.java:run(108)) - 24830d12-f44b-43d9-b733-6f9667bbd6c9@group-08147416B334-FollowerState: change to CANDIDATE, lastRpcTime:53ms, electionTimeout:53ms
2019-10-28 11:44:48,877 [Thread-1942] INFO  impl.RoleInfo (RoleInfo.java:shutdownFollowerState(121)) - 24830d12-f44b-43d9-b733-6f9667bbd6c9: shutdown FollowerState
2019-10-28 11:44:48,877 [Thread-1942] INFO  impl.RaftServerImpl (RaftServerImpl.java:setRole(184)) - 24830d12-f44b-43d9-b733-6f9667bbd6c9@group-08147416B334: changes role from  FOLLOWER to CANDIDATE at term 71 for changeToCandidate
2019-10-28 11:44:48,877 [Thread-1942] INFO  impl.RoleInfo (RoleInfo.java:updateAndGet(143)) - 24830d12-f44b-43d9-b733-6f9667bbd6c9: start LeaderElection
2019-10-28 11:44:48,890 [24830d12-f44b-43d9-b733-6f9667bbd6c9@group-08147416B334-LeaderElection102] INFO  impl.LeaderElection (LeaderElection.java:askForVotes(178)) - 24830d12-f44b-43d9-b733-6f9667bbd6c9@group-08147416B334-LeaderElection102: begin an election at term 72 for -1: [24830d12-f44b-43d9-b733-6f9667bbd6c9:192.168.164.193:40613, 75159f97-af2c-48a6-bb8f-f5acb2145c35:192.168.164.193:42423, ce71e9bc-e571-4e52-8a73-1c9dce7b9fa7:192.168.164.193:36234], old=null
2019-10-28 11:44:48,892 [grpc-default-executor-0] INFO  impl.RaftServerImpl (RaftServerImpl.java:setRole(184)) - ce71e9bc-e571-4e52-8a73-1c9dce7b9fa7@group-08147416B334: changes role from  FOLLOWER to FOLLOWER at term 72 for recognizeCandidate:24830d12-f44b-43d9-b733-6f9667bbd6c9
2019-10-28 11:44:48,893 [grpc-default-executor-0] INFO  impl.RoleInfo (RoleInfo.java:shutdownFollowerState(121)) - ce71e9bc-e571-4e52-8a73-1c9dce7b9fa7: shutdown FollowerState
2019-10-28 11:44:48,893 [grpc-default-executor-0] INFO  impl.RoleInfo (RoleInfo.java:updateAndGet(143)) - ce71e9bc-e571-4e52-8a73-1c9dce7b9fa7: start FollowerState
2019-10-28 11:44:48,893 [Thread-1940] INFO  impl.FollowerState (FollowerState.java:run(117)) - ce71e9bc-e571-4e52-8a73-1c9dce7b9fa7@group-08147416B334-FollowerState was interrupted: java.lang.InterruptedException: sleep interrupted
2019-10-28 11:44:48,893 [grpc-default-executor-2] INFO  impl.RaftServerImpl (RaftServerImpl.java:setRole(184)) - 75159f97-af2c-48a6-bb8f-f5acb2145c35@group-08147416B334: changes role from  FOLLOWER to FOLLOWER at term 72 for recognizeCandidate:24830d12-f44b-43d9-b733-6f9667bbd6c9
2019-10-28 11:44:48,897 [grpc-default-executor-2] INFO  impl.RoleInfo (RoleInfo.java:shutdownFollowerState(121)) - 75159f97-af2c-48a6-bb8f-f5acb2145c35: shutdown FollowerState
2019-10-28 11:44:48,898 [grpc-default-executor-2] INFO  impl.RoleInfo (RoleInfo.java:updateAndGet(143)) - 75159f97-af2c-48a6-bb8f-f5acb2145c35: start FollowerState
2019-10-28 11:44:48,898 [Thread-1941] INFO  impl.FollowerState (FollowerState.java:run(117)) - 75159f97-af2c-48a6-bb8f-f5acb2145c35@group-08147416B334-FollowerState was interrupted: java.lang.InterruptedException: sleep interrupted
2019-10-28 11:44:48,931 [24830d12-f44b-43d9-b733-6f9667bbd6c9@group-08147416B334-LeaderElection102] INFO  impl.LeaderElection (LeaderElection.java:logAndReturn(56)) - 24830d12-f44b-43d9-b733-6f9667bbd6c9@group-08147416B334-LeaderElection102: Election REJECTED; received 2 response(s) [24830d12-f44b-43d9-b733-6f9667bbd6c9<-75159f97-af2c-48a6-bb8f-f5acb2145c35#0:FAIL-t72, 24830d12-f44b-43d9-b733-6f9667bbd6c9<-ce71e9bc-e571-4e52-8a73-1c9dce7b9fa7#0:FAIL-t72] and 0 exception(s); 24830d12-f44b-43d9-b733-6f9667bbd6c9@group-08147416B334:t72, leader=null, voted=24830d12-f44b-43d9-b733-6f9667bbd6c9, raftlog=24830d12-f44b-43d9-b733-6f9667bbd6c9@group-08147416B334-SegmentedRaftLog:OPENED:c-1,f-1,i0, conf=-1: [24830d12-f44b-43d9-b733-6f9667bbd6c9:192.168.164.193:40613, 75159f97-af2c-48a6-bb8f-f5acb2145c35:192.168.164.193:42423, ce71e9bc-e571-4e52-8a73-1c9dce7b9fa7:192.168.164.193:36234], old=null
2019-10-28 11:44:48,931 [24830d12-f44b-43d9-b733-6f9667bbd6c9@group-08147416B334-LeaderElection102] INFO  impl.RaftServerImpl (RaftServerImpl.java:setRole(184)) - 24830d12-f44b-43d9-b733-6f9667bbd6c9@group-08147416B334: changes role from CANDIDATE to FOLLOWER at term 72 for DISCOVERED_A_NEW_TERM
2019-10-28 11:44:48,931 [24830d12-f44b-43d9-b733-6f9667bbd6c9@group-08147416B334-LeaderElection102] INFO  impl.RoleInfo (RoleInfo.java:shutdownLeaderElection(134)) - 24830d12-f44b-43d9-b733-6f9667bbd6c9: shutdown LeaderElection
2019-10-28 11:44:48,931 [24830d12-f44b-43d9-b733-6f9667bbd6c9@group-08147416B334-LeaderElection102] INFO  impl.RoleInfo (RoleInfo.java:updateAndGet(143)) - 24830d12-f44b-43d9-b733-6f9667bbd6c9: start FollowerState
2019-10-28 11:44:49,016 [Thread-1950] INFO  impl.FollowerState (FollowerState.java:run(108)) - 24830d12-f44b-43d9-b733-6f9667bbd6c9@group-08147416B334-FollowerState: change to CANDIDATE, lastRpcTime:84ms, electionTimeout:84ms
2019-10-28 11:44:49,016 [Thread-1950] INFO  impl.RoleInfo (RoleInfo.java:shutdownFollowerState(121)) - 24830d12-f44b-43d9-b733-6f9667bbd6c9: shutdown FollowerState
2019-10-28 11:44:49,016 [Thread-1950] INFO  impl.RaftServerImpl (RaftServerImpl.java:setRole(184)) - 24830d12-f44b-43d9-b733-6f9667bbd6c9@group-08147416B334: changes role from  FOLLOWER to CANDIDATE at term 72 for changeToCandidate
2019-10-28 11:44:49,016 [Thread-1950] INFO  impl.RoleInfo (RoleInfo.java:updateAndGet(143)) - 24830d12-f44b-43d9-b733-6f9667bbd6c9: start LeaderElection
2019-10-28 11:44:49,030 [24830d12-f44b-43d9-b733-6f9667bbd6c9@group-08147416B334-LeaderElection103] INFO  impl.LeaderElection (LeaderElection.java:askForVotes(178)) - 24830d12-f44b-43d9-b733-6f9667bbd6c9@group-08147416B334-LeaderElection103: begin an election at term 73 for -1: [24830d12-f44b-43d9-b733-6f9667bbd6c9:192.168.164.193:40613, 75159f97-af2c-48a6-bb8f-f5acb2145c35:192.168.164.193:42423, ce71e9bc-e571-4e52-8a73-1c9dce7b9fa7:192.168.164.193:36234], old=null
2019-10-28 11:44:49,032 [24830d12-f44b-43d9-b733-6f9667bbd6c9@group-08147416B334-LeaderElection103] INFO  impl.LeaderElection (LeaderElection.java:logAndReturn(56)) - 24830d12-f44b-43d9-b733-6f9667bbd6c9@group-08147416B334-LeaderElection103: Election TIMEOUT; received 0 response(s) [] and 0 exception(s); 24830d12-f44b-43d9-b733-6f9667bbd6c9@group-08147416B334:t73, leader=null, voted=24830d12-f44b-43d9-b733-6f9667bbd6c9, raftlog=24830d12-f44b-43d9-b733-6f9667bbd6c9@group-08147416B334-SegmentedRaftLog:OPENED:c-1,f-1,i0, conf=-1: [24830d12-f44b-43d9-b733-6f9667bbd6c9:192.168.164.193:40613, 75159f97-af2c-48a6-bb8f-f5acb2145c35:192.168.164.193:42423, ce71e9bc-e571-4e52-8a73-1c9dce7b9fa7:192.168.164.193:36234], old=null
2019-10-28 11:44:49,034 [grpc-default-executor-8] INFO  impl.RaftServerImpl (RaftServerImpl.java:setRole(184)) - 75159f97-af2c-48a6-bb8f-f5acb2145c35@group-08147416B334: changes role from  FOLLOWER to FOLLOWER at term 73 for recognizeCandidate:24830d12-f44b-43d9-b733-6f9667bbd6c9
2019-10-28 11:44:49,034 [grpc-default-executor-8] INFO  impl.RoleInfo (RoleInfo.java:shutdownFollowerState(121)) - 75159f97-af2c-48a6-bb8f-f5acb2145c35: shutdown FollowerState
2019-10-28 11:44:49,034 [grpc-default-executor-2] INFO  impl.RaftServerImpl (RaftServerImpl.java:setRole(184)) - ce71e9bc-e571-4e52-8a73-1c9dce7b9fa7@group-08147416B334: changes role from  FOLLOWER to FOLLOWER at term 73 for recognizeCandidate:24830d12-f44b-43d9-b733-6f9667bbd6c9
2019-10-28 11:44:49,034 [Thread-1947] INFO  impl.FollowerState (FollowerState.java:run(117)) - 75159f97-af2c-48a6-bb8f-f5acb2145c35@group-08147416B334-FollowerState was interrupted: java.lang.InterruptedException: sleep interrupted
2019-10-28 11:44:49,034 [grpc-default-executor-8] INFO  impl.RoleInfo (RoleInfo.java:updateAndGet(143)) - 75159f97-af2c-48a6-bb8f-f5acb2145c35: start FollowerState
2019-10-28 11:44:49,034 [grpc-default-executor-2] INFO  impl.RoleInfo (RoleInfo.java:shutdownFollowerState(121)) - ce71e9bc-e571-4e52-8a73-1c9dce7b9fa7: shutdown FollowerState
2019-10-28 11:44:49,035 [grpc-default-executor-2] INFO  impl.RoleInfo (RoleInfo.java:updateAndGet(143)) - ce71e9bc-e571-4e52-8a73-1c9dce7b9fa7: start FollowerState
2019-10-28 11:44:49,035 [Thread-1946] INFO  impl.FollowerState (FollowerState.java:run(117)) - ce71e9bc-e571-4e52-8a73-1c9dce7b9fa7@group-08147416B334-FollowerState was interrupted: java.lang.InterruptedException: sleep interrupted
2019-10-28 11:44:49,057 [24830d12-f44b-43d9-b733-6f9667bbd6c9@group-08147416B334-LeaderElection103] INFO  impl.LeaderElection (LeaderElection.java:askForVotes(178)) - 24830d12-f44b-43d9-b733-6f9667bbd6c9@group-08147416B334-LeaderElection103: begin an election at term 74 for -1: [24830d12-f44b-43d9-b733-6f9667bbd6c9:192.168.164.193:40613, 75159f97-af2c-48a6-bb8f-f5acb2145c35:192.168.164.193:42423, ce71e9bc-e571-4e52-8a73-1c9dce7b9fa7:192.168.164.193:36234], old=null
2019-10-28 11:44:49,058 [grpc-default-executor-8] INFO  impl.RaftServerImpl (RaftServerImpl.java:setRole(184)) - 75159f97-af2c-48a6-bb8f-f5acb2145c35@group-08147416B334: changes role from  FOLLOWER to FOLLOWER at term 74 for recognizeCandidate:24830d12-f44b-43d9-b733-6f9667bbd6c9
2019-10-28 11:44:49,059 [grpc-default-executor-8] INFO  impl.RoleInfo (RoleInfo.java:shutdownFollowerState(121)) - 75159f97-af2c-48a6-bb8f-f5acb2145c35: shutdown FollowerState
2019-10-28 11:44:49,059 [grpc-default-executor-2] INFO  impl.RaftServerImpl (RaftServerImpl.java:setRole(184)) - ce71e9bc-e571-4e52-8a73-1c9dce7b9fa7@group-08147416B334: changes role from  FOLLOWER to FOLLOWER at term 74 for recognizeCandidate:24830d12-f44b-43d9-b733-6f9667bbd6c9
2019-10-28 11:44:49,059 [Thread-1954] INFO  impl.FollowerState (FollowerState.java:run(117)) - 75159f97-af2c-48a6-bb8f-f5acb2145c35@group-08147416B334-FollowerState was interrupted: java.lang.InterruptedException: sleep interrupted
2019-10-28 11:44:49,059 [grpc-default-executor-8] INFO  impl.RoleInfo (RoleInfo.java:updateAndGet(143)) - 75159f97-af2c-48a6-bb8f-f5acb2145c35: start FollowerState
2019-10-28 11:44:49,059 [grpc-default-executor-2] INFO  impl.RoleInfo (RoleInfo.java:shutdownFollowerState(121)) - ce71e9bc-e571-4e52-8a73-1c9dce7b9fa7: shutdown FollowerState
2019-10-28 11:44:49,059 [grpc-default-executor-2] INFO  impl.RoleInfo (RoleInfo.java:updateAndGet(143)) - ce71e9bc-e571-4e52-8a73-1c9dce7b9fa7: start FollowerState
2019-10-28 11:44:49,059 [Thread-1955] INFO  impl.FollowerState (FollowerState.java:run(117)) - ce71e9bc-e571-4e52-8a73-1c9dce7b9fa7@group-08147416B334-FollowerState was interrupted: java.lang.InterruptedException: sleep interrupted
2019-10-28 11:44:49,073 [24830d12-f44b-43d9-b733-6f9667bbd6c9@group-08147416B334-LeaderElection103] INFO  impl.LeaderElection (LeaderElection.java:logAndReturn(56)) - 24830d12-f44b-43d9-b733-6f9667bbd6c9@group-08147416B334-LeaderElection103: Election REJECTED; received 2 response(s) [24830d12-f44b-43d9-b733-6f9667bbd6c9<-75159f97-af2c-48a6-bb8f-f5acb2145c35#0:FAIL-t74, 24830d12-f44b-43d9-b733-6f9667bbd6c9<-ce71e9bc-e571-4e52-8a73-1c9dce7b9fa7#0:FAIL-t74] and 0 exception(s); 24830d12-f44b-43d9-b733-6f9667bbd6c9@group-08147416B334:t74, leader=null, voted=24830d12-f44b-43d9-b733-6f9667bbd6c9, raftlog=24830d12-f44b-43d9-b733-6f9667bbd6c9@group-08147416B334-SegmentedRaftLog:OPENED:c-1,f-1,i0, conf=-1: [24830d12-f44b-43d9-b733-6f9667bbd6c9:192.168.164.193:40613, 75159f97-af2c-48a6-bb8f-f5acb2145c35:192.168.164.193:42423, ce71e9bc-e571-4e52-8a73-1c9dce7b9fa7:192.168.164.193:36234], old=null
2019-10-28 11:44:49,073 [24830d12-f44b-43d9-b733-6f9667bbd6c9@group-08147416B334-LeaderElection103] INFO  impl.RaftServerImpl (RaftServerImpl.java:setRole(184)) - 24830d12-f44b-43d9-b733-6f9667bbd6c9@group-08147416B334: changes role from CANDIDATE to FOLLOWER at term 74 for DISCOVERED_A_NEW_TERM
2019-10-28 11:44:49,073 [24830d12-f44b-43d9-b733-6f9667bbd6c9@group-08147416B334-LeaderElection103] INFO  impl.RoleInfo (RoleInfo.java:shutdownLeaderElection(134)) - 24830d12-f44b-43d9-b733-6f9667bbd6c9: shutdown LeaderElection
2019-10-28 11:44:49,073 [24830d12-f44b-43d9-b733-6f9667bbd6c9@group-08147416B334-LeaderElection103] INFO  impl.RoleInfo (RoleInfo.java:updateAndGet(143)) - 24830d12-f44b-43d9-b733-6f9667bbd6c9: start FollowerState
2019-10-28 11:44:49,225 [Thread-1960] INFO  impl.FollowerState (FollowerState.java:run(108)) - 24830d12-f44b-43d9-b733-6f9667bbd6c9@group-08147416B334-FollowerState: change to CANDIDATE, lastRpcTime:151ms, electionTimeout:151ms
2019-10-28 11:44:49,225 [Thread-1960] INFO  impl.RoleInfo (RoleInfo.java:shutdownFollowerState(121)) - 24830d12-f44b-43d9-b733-6f9667bbd6c9: shutdown FollowerState
2019-10-28 11:44:49,225 [Thread-1960] INFO  impl.RaftServerImpl (RaftServerImpl.java:setRole(184)) - 24830d12-f44b-43d9-b733-6f9667bbd6c9@group-08147416B334: changes role from  FOLLOWER to CANDIDATE at term 74 for changeToCandidate
2019-10-28 11:44:49,225 [Thread-1960] INFO  impl.RoleInfo (RoleInfo.java:updateAndGet(143)) - 24830d12-f44b-43d9-b733-6f9667bbd6c9: start LeaderElection
2019-10-28 11:44:49,250 [24830d12-f44b-43d9-b733-6f9667bbd6c9@group-08147416B334-LeaderElection104] INFO  impl.LeaderElection (LeaderElection.java:askForVotes(178)) - 24830d12-f44b-43d9-b733-6f9667bbd6c9@group-08147416B334-LeaderElection104: begin an election at term 75 for -1: [24830d12-f44b-43d9-b733-6f9667bbd6c9:192.168.164.193:40613, 75159f97-af2c-48a6-bb8f-f5acb2145c35:192.168.164.193:42423, ce71e9bc-e571-4e52-8a73-1c9dce7b9fa7:192.168.164.193:36234], old=null
2019-10-28 11:44:49,252 [grpc-default-executor-8] INFO  impl.RaftServerImpl (RaftServerImpl.java:setRole(184)) - 75159f97-af2c-48a6-bb8f-f5acb2145c35@group-08147416B334: changes role from  FOLLOWER to FOLLOWER at term 75 for recognizeCandidate:24830d12-f44b-43d9-b733-6f9667bbd6c9
2019-10-28 11:44:49,252 [grpc-default-executor-8] INFO  impl.RoleInfo (RoleInfo.java:shutdownFollowerState(121)) - 75159f97-af2c-48a6-bb8f-f5acb2145c35: shutdown FollowerState
2019-10-28 11:44:49,252 [grpc-default-executor-8] INFO  impl.RoleInfo (RoleInfo.java:updateAndGet(143)) - 75159f97-af2c-48a6-bb8f-f5acb2145c35: start FollowerState
2019-10-28 11:44:49,252 [Thread-1958] INFO  impl.FollowerState (FollowerState.java:run(117)) - 75159f97-af2c-48a6-bb8f-f5acb2145c35@group-08147416B334-FollowerState was interrupted: java.lang.InterruptedException: sleep interrupted
2019-10-28 11:44:49,253 [grpc-default-executor-2] INFO  impl.RaftServerImpl (RaftServerImpl.java:setRole(184)) - ce71e9bc-e571-4e52-8a73-1c9dce7b9fa7@group-08147416B334: changes role from  FOLLOWER to FOLLOWER at term 75 for recognizeCandidate:24830d12-f44b-43d9-b733-6f9667bbd6c9
2019-10-28 11:44:49,253 [grpc-default-executor-2] INFO  impl.RoleInfo (RoleInfo.java:shutdownFollowerState(121)) - ce71e9bc-e571-4e52-8a73-1c9dce7b9fa7: shutdown FollowerState
2019-10-28 11:44:49,253 [grpc-default-executor-2] INFO  impl.RoleInfo (RoleInfo.java:updateAndGet(143)) - ce71e9bc-e571-4e52-8a73-1c9dce7b9fa7: start FollowerState
2019-10-28 11:44:49,253 [Thread-1959] INFO  impl.FollowerState (FollowerState.java:run(117)) - ce71e9bc-e571-4e52-8a73-1c9dce7b9fa7@group-08147416B334-FollowerState was interrupted: java.lang.InterruptedException: sleep interrupted
2019-10-28 11:44:49,267 [24830d12-f44b-43d9-b733-6f9667bbd6c9@group-08147416B334-LeaderElection104] INFO  impl.LeaderElection (LeaderElection.java:logAndReturn(56)) - 24830d12-f44b-43d9-b733-6f9667bbd6c9@group-08147416B334-LeaderElection104: Election REJECTED; received 2 response(s) [24830d12-f44b-43d9-b733-6f9667bbd6c9<-75159f97-af2c-48a6-bb8f-f5acb2145c35#0:FAIL-t75, 24830d12-f44b-43d9-b733-6f9667bbd6c9<-ce71e9bc-e571-4e52-8a73-1c9dce7b9fa7#0:FAIL-t75] and 0 exception(s); 24830d12-f44b-43d9-b733-6f9667bbd6c9@group-08147416B334:t75, leader=null, voted=24830d12-f44b-43d9-b733-6f9667bbd6c9, raftlog=24830d12-f44b-43d9-b733-6f9667bbd6c9@group-08147416B334-SegmentedRaftLog:OPENED:c-1,f-1,i0, conf=-1: [24830d12-f44b-43d9-b733-6f9667bbd6c9:192.168.164.193:40613, 75159f97-af2c-48a6-bb8f-f5acb2145c35:192.168.164.193:42423, ce71e9bc-e571-4e52-8a73-1c9dce7b9fa7:192.168.164.193:36234], old=null
2019-10-28 11:44:49,267 [24830d12-f44b-43d9-b733-6f9667bbd6c9@group-08147416B334-LeaderElection104] INFO  impl.RaftServerImpl (RaftServerImpl.java:setRole(184)) - 24830d12-f44b-43d9-b733-6f9667bbd6c9@group-08147416B334: changes role from CANDIDATE to FOLLOWER at term 75 for DISCOVERED_A_NEW_TERM
2019-10-28 11:44:49,267 [24830d12-f44b-43d9-b733-6f9667bbd6c9@group-08147416B334-LeaderElection104] INFO  impl.RoleInfo (RoleInfo.java:shutdownLeaderElection(134)) - 24830d12-f44b-43d9-b733-6f9667bbd6c9: shutdown LeaderElection
2019-10-28 11:44:49,267 [24830d12-f44b-43d9-b733-6f9667bbd6c9@group-08147416B334-LeaderElection104] INFO  impl.RoleInfo (RoleInfo.java:updateAndGet(143)) - 24830d12-f44b-43d9-b733-6f9667bbd6c9: start FollowerState
2019-10-28 11:44:49,319 [Thread-1968] INFO  impl.FollowerState (FollowerState.java:run(108)) - 24830d12-f44b-43d9-b733-6f9667bbd6c9@group-08147416B334-FollowerState: change to CANDIDATE, lastRpcTime:51ms, electionTimeout:51ms
2019-10-28 11:44:49,319 [Thread-1968] INFO  impl.RoleInfo (RoleInfo.java:shutdownFollowerState(121)) - 24830d12-f44b-43d9-b733-6f9667bbd6c9: shutdown FollowerState
2019-10-28 11:44:49,319 [Thread-1968] INFO  impl.RaftServerImpl (RaftServerImpl.java:setRole(184)) - 24830d12-f44b-43d9-b733-6f9667bbd6c9@group-08147416B334: changes role from  FOLLOWER to CANDIDATE at term 75 for changeToCandidate
2019-10-28 11:44:49,319 [Thread-1968] INFO  impl.RoleInfo (RoleInfo.java:updateAndGet(143)) - 24830d12-f44b-43d9-b733-6f9667bbd6c9: start LeaderElection
2019-10-28 11:44:49,332 [24830d12-f44b-43d9-b733-6f9667bbd6c9@group-08147416B334-LeaderElection105] INFO  impl.LeaderElection (LeaderElection.java:askForVotes(178)) - 24830d12-f44b-43d9-b733-6f9667bbd6c9@group-08147416B334-LeaderElection105: begin an election at term 76 for -1: [24830d12-f44b-43d9-b733-6f9667bbd6c9:192.168.164.193:40613, 75159f97-af2c-48a6-bb8f-f5acb2145c35:192.168.164.193:42423, ce71e9bc-e571-4e52-8a73-1c9dce7b9fa7:192.168.164.193:36234], old=null
2019-10-28 11:44:49,334 [grpc-default-executor-2] INFO  impl.RaftServerImpl (RaftServerImpl.java:setRole(184)) - 75159f97-af2c-48a6-bb8f-f5acb2145c35@group-08147416B334: changes role from  FOLLOWER to FOLLOWER at term 76 for recognizeCandidate:24830d12-f44b-43d9-b733-6f9667bbd6c9
2019-10-28 11:44:49,334 [grpc-default-executor-2] INFO  impl.RoleInfo (RoleInfo.java:shutdownFollowerState(121)) - 75159f97-af2c-48a6-bb8f-f5acb2145c35: shutdown FollowerState
2019-10-28 11:44:49,334 [grpc-default-executor-8] INFO  impl.RaftServerImpl (RaftServerImpl.java:setRole(184)) - ce71e9bc-e571-4e52-8a73-1c9dce7b9fa7@group-08147416B334: changes role from  FOLLOWER to FOLLOWER at term 76 for recognizeCandidate:24830d12-f44b-43d9-b733-6f9667bbd6c9
2019-10-28 11:44:49,334 [Thread-1966] INFO  impl.FollowerState (FollowerState.java:run(117)) - 75159f97-af2c-48a6-bb8f-f5acb2145c35@group-08147416B334-FollowerState was interrupted: java.lang.InterruptedException: sleep interrupted
2019-10-28 11:44:49,334 [grpc-default-executor-2] INFO  impl.RoleInfo (RoleInfo.java:updateAndGet(143)) - 75159f97-af2c-48a6-bb8f-f5acb2145c35: start FollowerState
2019-10-28 11:44:49,334 [grpc-default-executor-8] INFO  impl.RoleInfo (RoleInfo.java:shutdownFollowerState(121)) - ce71e9bc-e571-4e52-8a73-1c9dce7b9fa7: shutdown FollowerState
2019-10-28 11:44:49,334 [grpc-default-executor-8] INFO  impl.RoleInfo (RoleInfo.java:updateAndGet(143)) - ce71e9bc-e571-4e52-8a73-1c9dce7b9fa7: start FollowerState
2019-10-28 11:44:49,334 [Thread-1967] INFO  impl.FollowerState (FollowerState.java:run(117)) - ce71e9bc-e571-4e52-8a73-1c9dce7b9fa7@group-08147416B334-FollowerState was interrupted: java.lang.InterruptedException: sleep interrupted
2019-10-28 11:44:49,348 [24830d12-f44b-43d9-b733-6f9667bbd6c9@group-08147416B334-LeaderElection105] INFO  impl.LeaderElection (LeaderElection.java:logAndReturn(56)) - 24830d12-f44b-43d9-b733-6f9667bbd6c9@group-08147416B334-LeaderElection105: Election REJECTED; received 2 response(s) [24830d12-f44b-43d9-b733-6f9667bbd6c9<-75159f97-af2c-48a6-bb8f-f5acb2145c35#0:FAIL-t76, 24830d12-f44b-43d9-b733-6f9667bbd6c9<-ce71e9bc-e571-4e52-8a73-1c9dce7b9fa7#0:FAIL-t76] and 0 exception(s); 24830d12-f44b-43d9-b733-6f9667bbd6c9@group-08147416B334:t76, leader=null, voted=24830d12-f44b-43d9-b733-6f9667bbd6c9, raftlog=24830d12-f44b-43d9-b733-6f9667bbd6c9@group-08147416B334-SegmentedRaftLog:OPENED:c-1,f-1,i0, conf=-1: [24830d12-f44b-43d9-b733-6f9667bbd6c9:192.168.164.193:40613, 75159f97-af2c-48a6-bb8f-f5acb2145c35:192.168.164.193:42423, ce71e9bc-e571-4e52-8a73-1c9dce7b9fa7:192.168.164.193:36234], old=null
2019-10-28 11:44:49,348 [24830d12-f44b-43d9-b733-6f9667bbd6c9@group-08147416B334-LeaderElection105] INFO  impl.RaftServerImpl (RaftServerImpl.java:setRole(184)) - 24830d12-f44b-43d9-b733-6f9667bbd6c9@group-08147416B334: changes role from CANDIDATE to FOLLOWER at term 76 for DISCOVERED_A_NEW_TERM
2019-10-28 11:44:49,348 [24830d12-f44b-43d9-b733-6f9667bbd6c9@group-08147416B334-LeaderElection105] INFO  impl.RoleInfo (RoleInfo.java:shutdownLeaderElection(134)) - 24830d12-f44b-43d9-b733-6f9667bbd6c9: shutdown LeaderElection
2019-10-28 11:44:49,348 [24830d12-f44b-43d9-b733-6f9667bbd6c9@group-08147416B334-LeaderElection105] INFO  impl.RoleInfo (RoleInfo.java:updateAndGet(143)) - 24830d12-f44b-43d9-b733-6f9667bbd6c9: start FollowerState
2019-10-28 11:44:49,463 [Thread-1976] INFO  impl.FollowerState (FollowerState.java:run(108)) - 24830d12-f44b-43d9-b733-6f9667bbd6c9@group-08147416B334-FollowerState: change to CANDIDATE, lastRpcTime:114ms, electionTimeout:114ms
2019-10-28 11:44:49,463 [Thread-1976] INFO  impl.RoleInfo (RoleInfo.java:shutdownFollowerState(121)) - 24830d12-f44b-43d9-b733-6f9667bbd6c9: shutdown FollowerState
2019-10-28 11:44:49,463 [Thread-1976] INFO  impl.RaftServerImpl (RaftServerImpl.java:setRole(184)) - 24830d12-f44b-43d9-b733-6f9667bbd6c9@group-08147416B334: changes role from  FOLLOWER to CANDIDATE at term 76 for changeToCandidate
2019-10-28 11:44:49,463 [Thread-1976] INFO  impl.RoleInfo (RoleInfo.java:updateAndGet(143)) - 24830d12-f44b-43d9-b733-6f9667bbd6c9: start LeaderElection
2019-10-28 11:44:49,476 [24830d12-f44b-43d9-b733-6f9667bbd6c9@group-08147416B334-LeaderElection106] INFO  impl.LeaderElection (LeaderElection.java:askForVotes(178)) - 24830d12-f44b-43d9-b733-6f9667bbd6c9@group-08147416B334-LeaderElection106: begin an election at term 77 for -1: [24830d12-f44b-43d9-b733-6f9667bbd6c9:192.168.164.193:40613, 75159f97-af2c-48a6-bb8f-f5acb2145c35:192.168.164.193:42423, ce71e9bc-e571-4e52-8a73-1c9dce7b9fa7:192.168.164.193:36234], old=null
2019-10-28 11:44:49,479 [grpc-default-executor-2] INFO  impl.RaftServerImpl (RaftServerImpl.java:setRole(184)) - 75159f97-af2c-48a6-bb8f-f5acb2145c35@group-08147416B334: changes role from  FOLLOWER to FOLLOWER at term 77 for recognizeCandidate:24830d12-f44b-43d9-b733-6f9667bbd6c9
2019-10-28 11:44:49,479 [grpc-default-executor-8] INFO  impl.RaftServerImpl (RaftServerImpl.java:setRole(184)) - ce71e9bc-e571-4e52-8a73-1c9dce7b9fa7@group-08147416B334: changes role from  FOLLOWER to FOLLOWER at term 77 for recognizeCandidate:24830d12-f44b-43d9-b733-6f9667bbd6c9
2019-10-28 11:44:49,479 [grpc-default-executor-2] INFO  impl.RoleInfo (RoleInfo.java:shutdownFollowerState(121)) - 75159f97-af2c-48a6-bb8f-f5acb2145c35: shutdown FollowerState
2019-10-28 11:44:49,479 [grpc-default-executor-8] INFO  impl.RoleInfo (RoleInfo.java:shutdownFollowerState(121)) - ce71e9bc-e571-4e52-8a73-1c9dce7b9fa7: shutdown FollowerState
2019-10-28 11:44:49,479 [Thread-1974] INFO  impl.FollowerState (FollowerState.java:run(117)) - 75159f97-af2c-48a6-bb8f-f5acb2145c35@group-08147416B334-FollowerState was interrupted: java.lang.InterruptedException: sleep interrupted
2019-10-28 11:44:49,479 [Thread-1975] INFO  impl.FollowerState (FollowerState.java:run(117)) - ce71e9bc-e571-4e52-8a73-1c9dce7b9fa7@group-08147416B334-FollowerState was interrupted: java.lang.InterruptedException: sleep interrupted
2019-10-28 11:44:49,479 [grpc-default-executor-2] INFO  impl.RoleInfo (RoleInfo.java:updateAndGet(143)) - 75159f97-af2c-48a6-bb8f-f5acb2145c35: start FollowerState
2019-10-28 11:44:49,479 [grpc-default-executor-8] INFO  impl.RoleInfo (RoleInfo.java:updateAndGet(143)) - ce71e9bc-e571-4e52-8a73-1c9dce7b9fa7: start FollowerState
2019-10-28 11:44:49,499 [24830d12-f44b-43d9-b733-6f9667bbd6c9@group-08147416B334-LeaderElection106] INFO  impl.LeaderElection (LeaderElection.java:logAndReturn(56)) - 24830d12-f44b-43d9-b733-6f9667bbd6c9@group-08147416B334-LeaderElection106: Election REJECTED; received 2 response(s) [24830d12-f44b-43d9-b733-6f9667bbd6c9<-75159f97-af2c-48a6-bb8f-f5acb2145c35#0:FAIL-t77, 24830d12-f44b-43d9-b733-6f9667bbd6c9<-ce71e9bc-e571-4e52-8a73-1c9dce7b9fa7#0:FAIL-t77] and 0 exception(s); 24830d12-f44b-43d9-b733-6f9667bbd6c9@group-08147416B334:t77, leader=null, voted=24830d12-f44b-43d9-b733-6f9667bbd6c9, raftlog=24830d12-f44b-43d9-b733-6f9667bbd6c9@group-08147416B334-SegmentedRaftLog:OPENED:c-1,f-1,i0, conf=-1: [24830d12-f44b-43d9-b733-6f9667bbd6c9:192.168.164.193:40613, 75159f97-af2c-48a6-bb8f-f5acb2145c35:192.168.164.193:42423, ce71e9bc-e571-4e52-8a73-1c9dce7b9fa7:192.168.164.193:36234], old=null
2019-10-28 11:44:49,500 [24830d12-f44b-43d9-b733-6f9667bbd6c9@group-08147416B334-LeaderElection106] INFO  impl.RaftServerImpl (RaftServerImpl.java:setRole(184)) - 24830d12-f44b-43d9-b733-6f9667bbd6c9@group-08147416B334: changes role from CANDIDATE to FOLLOWER at term 77 for DISCOVERED_A_NEW_TERM
2019-10-28 11:44:49,500 [24830d12-f44b-43d9-b733-6f9667bbd6c9@group-08147416B334-LeaderElection106] INFO  impl.RoleInfo (RoleInfo.java:shutdownLeaderElection(134)) - 24830d12-f44b-43d9-b733-6f9667bbd6c9: shutdown LeaderElection
2019-10-28 11:44:49,500 [24830d12-f44b-43d9-b733-6f9667bbd6c9@group-08147416B334-LeaderElection106] INFO  impl.RoleInfo (RoleInfo.java:updateAndGet(143)) - 24830d12-f44b-43d9-b733-6f9667bbd6c9: start FollowerState
2019-10-28 11:44:49,660 [Thread-1982] INFO  impl.FollowerState (FollowerState.java:run(108)) - 24830d12-f44b-43d9-b733-6f9667bbd6c9@group-08147416B334-FollowerState: change to CANDIDATE, lastRpcTime:160ms, electionTimeout:160ms
2019-10-28 11:44:49,660 [Thread-1982] INFO  impl.RoleInfo (RoleInfo.java:shutdownFollowerState(121)) - 24830d12-f44b-43d9-b733-6f9667bbd6c9: shutdown FollowerState
2019-10-28 11:44:49,660 [Thread-1982] INFO  impl.RaftServerImpl (RaftServerImpl.java:setRole(184)) - 24830d12-f44b-43d9-b733-6f9667bbd6c9@group-08147416B334: changes role from  FOLLOWER to CANDIDATE at term 77 for changeToCandidate
2019-10-28 11:44:49,660 [Thread-1982] INFO  impl.RoleInfo (RoleInfo.java:updateAndGet(143)) - 24830d12-f44b-43d9-b733-6f9667bbd6c9: start LeaderElection
2019-10-28 11:44:49,674 [24830d12-f44b-43d9-b733-6f9667bbd6c9@group-08147416B334-LeaderElection107] INFO  impl.LeaderElection (LeaderElection.java:askForVotes(178)) - 24830d12-f44b-43d9-b733-6f9667bbd6c9@group-08147416B334-LeaderElection107: begin an election at term 78 for -1: [24830d12-f44b-43d9-b733-6f9667bbd6c9:192.168.164.193:40613, 75159f97-af2c-48a6-bb8f-f5acb2145c35:192.168.164.193:42423, ce71e9bc-e571-4e52-8a73-1c9dce7b9fa7:192.168.164.193:36234], old=null
2019-10-28 11:44:49,676 [grpc-default-executor-2] INFO  impl.RaftServerImpl (RaftServerImpl.java:setRole(184)) - 75159f97-af2c-48a6-bb8f-f5acb2145c35@group-08147416B334: changes role from  FOLLOWER to FOLLOWER at term 78 for recognizeCandidate:24830d12-f44b-43d9-b733-6f9667bbd6c9
2019-10-28 11:44:49,676 [grpc-default-executor-8] INFO  impl.RaftServerImpl (RaftServerImpl.java:setRole(184)) - ce71e9bc-e571-4e52-8a73-1c9dce7b9fa7@group-08147416B334: changes role from  FOLLOWER to FOLLOWER at term 78 for recognizeCandidate:24830d12-f44b-43d9-b733-6f9667bbd6c9
2019-10-28 11:44:49,677 [grpc-default-executor-2] INFO  impl.RoleInfo (RoleInfo.java:shutdownFollowerState(121)) - 75159f97-af2c-48a6-bb8f-f5acb2145c35: shutdown FollowerState
2019-10-28 11:44:49,677 [grpc-default-executor-8] INFO  impl.RoleInfo (RoleInfo.java:shutdownFollowerState(121)) - ce71e9bc-e571-4e52-8a73-1c9dce7b9fa7: shutdown FollowerState
2019-10-28 11:44:49,677 [Thread-1980] INFO  impl.FollowerState (FollowerState.java:run(117)) - 75159f97-af2c-48a6-bb8f-f5acb2145c35@group-08147416B334-FollowerState was interrupted: java.lang.InterruptedException: sleep interrupted
2019-10-28 11:44:49,677 [grpc-default-executor-2] INFO  impl.RoleInfo (RoleInfo.java:updateAndGet(143)) - 75159f97-af2c-48a6-bb8f-f5acb2145c35: start FollowerState
2019-10-28 11:44:49,677 [grpc-default-executor-8] INFO  impl.RoleInfo (RoleInfo.java:updateAndGet(143)) - ce71e9bc-e571-4e52-8a73-1c9dce7b9fa7: start FollowerState
2019-10-28 11:44:49,677 [Thread-1981] INFO  impl.FollowerState (FollowerState.java:run(117)) - ce71e9bc-e571-4e52-8a73-1c9dce7b9fa7@group-08147416B334-FollowerState was interrupted: java.lang.InterruptedException: sleep interrupted
2019-10-28 11:44:49,691 [24830d12-f44b-43d9-b733-6f9667bbd6c9@group-08147416B334-LeaderElection107] INFO  impl.LeaderElection (LeaderElection.java:logAndReturn(56)) - 24830d12-f44b-43d9-b733-6f9667bbd6c9@group-08147416B334-LeaderElection107: Election REJECTED; received 2 response(s) [24830d12-f44b-43d9-b733-6f9667bbd6c9<-75159f97-af2c-48a6-bb8f-f5acb2145c35#0:FAIL-t78, 24830d12-f44b-43d9-b733-6f9667bbd6c9<-ce71e9bc-e571-4e52-8a73-1c9dce7b9fa7#0:FAIL-t78] and 0 exception(s); 24830d12-f44b-43d9-b733-6f9667bbd6c9@group-08147416B334:t78, leader=null, voted=24830d12-f44b-43d9-b733-6f9667bbd6c9, raftlog=24830d12-f44b-43d9-b733-6f9667bbd6c9@group-08147416B334-SegmentedRaftLog:OPENED:c-1,f-1,i0, conf=-1: [24830d12-f44b-43d9-b733-6f9667bbd6c9:192.168.164.193:40613, 75159f97-af2c-48a6-bb8f-f5acb2145c35:192.168.164.193:42423, ce71e9bc-e571-4e52-8a73-1c9dce7b9fa7:192.168.164.193:36234], old=null
2019-10-28 11:44:49,692 [24830d12-f44b-43d9-b733-6f9667bbd6c9@group-08147416B334-LeaderElection107] INFO  impl.RaftServerImpl (RaftServerImpl.java:setRole(184)) - 24830d12-f44b-43d9-b733-6f9667bbd6c9@group-08147416B334: changes role from CANDIDATE to FOLLOWER at term 78 for DISCOVERED_A_NEW_TERM
2019-10-28 11:44:49,692 [24830d12-f44b-43d9-b733-6f9667bbd6c9@group-08147416B334-LeaderElection107] INFO  impl.RoleInfo (RoleInfo.java:shutdownLeaderElection(134)) - 24830d12-f44b-43d9-b733-6f9667bbd6c9: shutdown LeaderElection
2019-10-28 11:44:49,692 [24830d12-f44b-43d9-b733-6f9667bbd6c9@group-08147416B334-LeaderElection107] INFO  impl.RoleInfo (RoleInfo.java:updateAndGet(143)) - 24830d12-f44b-43d9-b733-6f9667bbd6c9: start FollowerState
2019-10-28 11:44:49,698 [Thread-1990] INFO  impl.FollowerState (FollowerState.java:run(108)) - 24830d12-f44b-43d9-b733-6f9667bbd6c9@group-08147416B334-FollowerState: change to CANDIDATE, lastRpcTime:6ms, electionTimeout:6ms
2019-10-28 11:44:49,698 [Thread-1990] INFO  impl.RoleInfo (RoleInfo.java:shutdownFollowerState(121)) - 24830d12-f44b-43d9-b733-6f9667bbd6c9: shutdown FollowerState
2019-10-28 11:44:49,698 [Thread-1990] INFO  impl.RaftServerImpl (RaftServerImpl.java:setRole(184)) - 24830d12-f44b-43d9-b733-6f9667bbd6c9@group-08147416B334: changes role from  FOLLOWER to CANDIDATE at term 78 for changeToCandidate
2019-10-28 11:44:49,699 [Thread-1990] INFO  impl.RoleInfo (RoleInfo.java:updateAndGet(143)) - 24830d12-f44b-43d9-b733-6f9667bbd6c9: start LeaderElection
2019-10-28 11:44:49,712 [24830d12-f44b-43d9-b733-6f9667bbd6c9@group-08147416B334-LeaderElection108] INFO  impl.LeaderElection (LeaderElection.java:askForVotes(178)) - 24830d12-f44b-43d9-b733-6f9667bbd6c9@group-08147416B334-LeaderElection108: begin an election at term 79 for -1: [24830d12-f44b-43d9-b733-6f9667bbd6c9:192.168.164.193:40613, 75159f97-af2c-48a6-bb8f-f5acb2145c35:192.168.164.193:42423, ce71e9bc-e571-4e52-8a73-1c9dce7b9fa7:192.168.164.193:36234], old=null
2019-10-28 11:44:49,714 [grpc-default-executor-2] INFO  impl.RaftServerImpl (RaftServerImpl.java:setRole(184)) - ce71e9bc-e571-4e52-8a73-1c9dce7b9fa7@group-08147416B334: changes role from  FOLLOWER to FOLLOWER at term 79 for recognizeCandidate:24830d12-f44b-43d9-b733-6f9667bbd6c9
2019-10-28 11:44:49,714 [grpc-default-executor-2] INFO  impl.RoleInfo (RoleInfo.java:shutdownFollowerState(121)) - ce71e9bc-e571-4e52-8a73-1c9dce7b9fa7: shutdown FollowerState
2019-10-28 11:44:49,714 [grpc-default-executor-8] INFO  impl.RaftServerImpl (RaftServerImpl.java:setRole(184)) - 75159f97-af2c-48a6-bb8f-f5acb2145c35@group-08147416B334: changes role from  FOLLOWER to FOLLOWER at term 79 for recognizeCandidate:24830d12-f44b-43d9-b733-6f9667bbd6c9
2019-10-28 11:44:49,714 [grpc-default-executor-8] INFO  impl.RoleInfo (RoleInfo.java:shutdownFollowerState(121)) - 75159f97-af2c-48a6-bb8f-f5acb2145c35: shutdown FollowerState
2019-10-28 11:44:49,714 [Thread-1989] INFO  impl.FollowerState (FollowerState.java:run(117)) - ce71e9bc-e571-4e52-8a73-1c9dce7b9fa7@group-08147416B334-FollowerState was interrupted: java.lang.InterruptedException: sleep interrupted
2019-10-28 11:44:49,714 [Thread-1988] INFO  impl.FollowerState (FollowerState.java:run(117)) - 75159f97-af2c-48a6-bb8f-f5acb2145c35@group-08147416B334-FollowerState was interrupted: java.lang.InterruptedException: sleep interrupted
2019-10-28 11:44:49,714 [grpc-default-executor-2] INFO  impl.RoleInfo (RoleInfo.java:updateAndGet(143)) - ce71e9bc-e571-4e52-8a73-1c9dce7b9fa7: start FollowerState
2019-10-28 11:44:49,714 [grpc-default-executor-8] INFO  impl.RoleInfo (RoleInfo.java:updateAndGet(143)) - 75159f97-af2c-48a6-bb8f-f5acb2145c35: start FollowerState
2019-10-28 11:44:49,728 [24830d12-f44b-43d9-b733-6f9667bbd6c9@group-08147416B334-LeaderElection108] INFO  impl.LeaderElection (LeaderElection.java:logAndReturn(56)) - 24830d12-f44b-43d9-b733-6f9667bbd6c9@group-08147416B334-LeaderElection108: Election REJECTED; received 2 response(s) [24830d12-f44b-43d9-b733-6f9667bbd6c9<-75159f97-af2c-48a6-bb8f-f5acb2145c35#0:FAIL-t79, 24830d12-f44b-43d9-b733-6f9667bbd6c9<-ce71e9bc-e571-4e52-8a73-1c9dce7b9fa7#0:FAIL-t79] and 0 exception(s); 24830d12-f44b-43d9-b733-6f9667bbd6c9@group-08147416B334:t79, leader=null, voted=24830d12-f44b-43d9-b733-6f9667bbd6c9, raftlog=24830d12-f44b-43d9-b733-6f9667bbd6c9@group-08147416B334-SegmentedRaftLog:OPENED:c-1,f-1,i0, conf=-1: [24830d12-f44b-43d9-b733-6f9667bbd6c9:192.168.164.193:40613, 75159f97-af2c-48a6-bb8f-f5acb2145c35:192.168.164.193:42423, ce71e9bc-e571-4e52-8a73-1c9dce7b9fa7:192.168.164.193:36234], old=null
2019-10-28 11:44:49,728 [24830d12-f44b-43d9-b733-6f9667bbd6c9@group-08147416B334-LeaderElection108] INFO  impl.RaftServerImpl (RaftServerImpl.java:setRole(184)) - 24830d12-f44b-43d9-b733-6f9667bbd6c9@group-08147416B334: changes role from CANDIDATE to FOLLOWER at term 79 for DISCOVERED_A_NEW_TERM
2019-10-28 11:44:49,728 [24830d12-f44b-43d9-b733-6f9667bbd6c9@group-08147416B334-LeaderElection108] INFO  impl.RoleInfo (RoleInfo.java:shutdownLeaderElection(134)) - 24830d12-f44b-43d9-b733-6f9667bbd6c9: shutdown LeaderElection
2019-10-28 11:44:49,728 [24830d12-f44b-43d9-b733-6f9667bbd6c9@group-08147416B334-LeaderElection108] INFO  impl.RoleInfo (RoleInfo.java:updateAndGet(143)) - 24830d12-f44b-43d9-b733-6f9667bbd6c9: start FollowerState
2019-10-28 11:44:49,782 [Thread-1996] INFO  impl.FollowerState (FollowerState.java:run(108)) - 24830d12-f44b-43d9-b733-6f9667bbd6c9@group-08147416B334-FollowerState: change to CANDIDATE, lastRpcTime:54ms, electionTimeout:54ms
2019-10-28 11:44:49,782 [Thread-1996] INFO  impl.RoleInfo (RoleInfo.java:shutdownFollowerState(121)) - 24830d12-f44b-43d9-b733-6f9667bbd6c9: shutdown FollowerState
2019-10-28 11:44:49,783 [Thread-1996] INFO  impl.RaftServerImpl (RaftServerImpl.java:setRole(184)) - 24830d12-f44b-43d9-b733-6f9667bbd6c9@group-08147416B334: changes role from  FOLLOWER to CANDIDATE at term 79 for changeToCandidate
2019-10-28 11:44:49,783 [Thread-1996] INFO  impl.RoleInfo (RoleInfo.java:updateAndGet(143)) - 24830d12-f44b-43d9-b733-6f9667bbd6c9: start LeaderElection
2019-10-28 11:44:49,795 [24830d12-f44b-43d9-b733-6f9667bbd6c9@group-08147416B334-LeaderElection109] INFO  impl.LeaderElection (LeaderElection.java:askForVotes(178)) - 24830d12-f44b-43d9-b733-6f9667bbd6c9@group-08147416B334-LeaderElection109: begin an election at term 80 for -1: [24830d12-f44b-43d9-b733-6f9667bbd6c9:192.168.164.193:40613, 75159f97-af2c-48a6-bb8f-f5acb2145c35:192.168.164.193:42423, ce71e9bc-e571-4e52-8a73-1c9dce7b9fa7:192.168.164.193:36234], old=null
2019-10-28 11:44:49,797 [grpc-default-executor-8] INFO  impl.RaftServerImpl (RaftServerImpl.java:setRole(184)) - ce71e9bc-e571-4e52-8a73-1c9dce7b9fa7@group-08147416B334: changes role from  FOLLOWER to FOLLOWER at term 80 for recognizeCandidate:24830d12-f44b-43d9-b733-6f9667bbd6c9
2019-10-28 11:44:49,797 [grpc-default-executor-2] INFO  impl.RaftServerImpl (RaftServerImpl.java:setRole(184)) - 75159f97-af2c-48a6-bb8f-f5acb2145c35@group-08147416B334: changes role from  FOLLOWER to FOLLOWER at term 80 for recognizeCandidate:24830d12-f44b-43d9-b733-6f9667bbd6c9
2019-10-28 11:44:49,797 [grpc-default-executor-8] INFO  impl.RoleInfo (RoleInfo.java:shutdownFollowerState(121)) - ce71e9bc-e571-4e52-8a73-1c9dce7b9fa7: shutdown FollowerState
2019-10-28 11:44:49,797 [grpc-default-executor-2] INFO  impl.RoleInfo (RoleInfo.java:shutdownFollowerState(121)) - 75159f97-af2c-48a6-bb8f-f5acb2145c35: shutdown FollowerState
2019-10-28 11:44:49,798 [grpc-default-executor-8] INFO  impl.RoleInfo (RoleInfo.java:updateAndGet(143)) - ce71e9bc-e571-4e52-8a73-1c9dce7b9fa7: start FollowerState
2019-10-28 11:44:49,798 [grpc-default-executor-2] INFO  impl.RoleInfo (RoleInfo.java:updateAndGet(143)) - 75159f97-af2c-48a6-bb8f-f5acb2145c35: start FollowerState
2019-10-28 11:44:49,798 [Thread-1995] INFO  impl.FollowerState (FollowerState.java:run(117)) - 75159f97-af2c-48a6-bb8f-f5acb2145c35@group-08147416B334-FollowerState was interrupted: java.lang.InterruptedException: sleep interrupted
2019-10-28 11:44:49,798 [Thread-1994] INFO  impl.FollowerState (FollowerState.java:run(117)) - ce71e9bc-e571-4e52-8a73-1c9dce7b9fa7@group-08147416B334-FollowerState was interrupted: java.lang.InterruptedException: sleep interrupted
2019-10-28 11:44:49,811 [24830d12-f44b-43d9-b733-6f9667bbd6c9@group-08147416B334-LeaderElection109] INFO  impl.LeaderElection (LeaderElection.java:logAndReturn(56)) - 24830d12-f44b-43d9-b733-6f9667bbd6c9@group-08147416B334-LeaderElection109: Election REJECTED; received 2 response(s) [24830d12-f44b-43d9-b733-6f9667bbd6c9<-75159f97-af2c-48a6-bb8f-f5acb2145c35#0:FAIL-t80, 24830d12-f44b-43d9-b733-6f9667bbd6c9<-ce71e9bc-e571-4e52-8a73-1c9dce7b9fa7#0:FAIL-t80] and 0 exception(s); 24830d12-f44b-43d9-b733-6f9667bbd6c9@group-08147416B334:t80, leader=null, voted=24830d12-f44b-43d9-b733-6f9667bbd6c9, raftlog=24830d12-f44b-43d9-b733-6f9667bbd6c9@group-08147416B334-SegmentedRaftLog:OPENED:c-1,f-1,i0, conf=-1: [24830d12-f44b-43d9-b733-6f9667bbd6c9:192.168.164.193:40613, 75159f97-af2c-48a6-bb8f-f5acb2145c35:192.168.164.193:42423, ce71e9bc-e571-4e52-8a73-1c9dce7b9fa7:192.168.164.193:36234], old=null
2019-10-28 11:44:49,811 [24830d12-f44b-43d9-b733-6f9667bbd6c9@group-08147416B334-LeaderElection109] INFO  impl.RaftServerImpl (RaftServerImpl.java:setRole(184)) - 24830d12-f44b-43d9-b733-6f9667bbd6c9@group-08147416B334: changes role from CANDIDATE to FOLLOWER at term 80 for DISCOVERED_A_NEW_TERM
2019-10-28 11:44:49,812 [24830d12-f44b-43d9-b733-6f9667bbd6c9@group-08147416B334-LeaderElection109] INFO  impl.RoleInfo (RoleInfo.java:shutdownLeaderElection(134)) - 24830d12-f44b-43d9-b733-6f9667bbd6c9: shutdown LeaderElection
2019-10-28 11:44:49,812 [24830d12-f44b-43d9-b733-6f9667bbd6c9@group-08147416B334-LeaderElection109] INFO  impl.RoleInfo (RoleInfo.java:updateAndGet(143)) - 24830d12-f44b-43d9-b733-6f9667bbd6c9: start FollowerState
2019-10-28 11:44:49,976 [Thread-2004] INFO  impl.FollowerState (FollowerState.java:run(108)) - 24830d12-f44b-43d9-b733-6f9667bbd6c9@group-08147416B334-FollowerState: change to CANDIDATE, lastRpcTime:164ms, electionTimeout:164ms
2019-10-28 11:44:49,976 [Thread-2004] INFO  impl.RoleInfo (RoleInfo.java:shutdownFollowerState(121)) - 24830d12-f44b-43d9-b733-6f9667bbd6c9: shutdown FollowerState
2019-10-28 11:44:49,976 [Thread-2004] INFO  impl.RaftServerImpl (RaftServerImpl.java:setRole(184)) - 24830d12-f44b-43d9-b733-6f9667bbd6c9@group-08147416B334: changes role from  FOLLOWER to CANDIDATE at term 80 for changeToCandidate
2019-10-28 11:44:49,976 [Thread-2004] INFO  impl.RoleInfo (RoleInfo.java:updateAndGet(143)) - 24830d12-f44b-43d9-b733-6f9667bbd6c9: start LeaderElection
2019-10-28 11:44:49,990 [24830d12-f44b-43d9-b733-6f9667bbd6c9@group-08147416B334-LeaderElection110] INFO  impl.LeaderElection (LeaderElection.java:askForVotes(178)) - 24830d12-f44b-43d9-b733-6f9667bbd6c9@group-08147416B334-LeaderElection110: begin an election at term 81 for -1: [24830d12-f44b-43d9-b733-6f9667bbd6c9:192.168.164.193:40613, 75159f97-af2c-48a6-bb8f-f5acb2145c35:192.168.164.193:42423, ce71e9bc-e571-4e52-8a73-1c9dce7b9fa7:192.168.164.193:36234], old=null
2019-10-28 11:44:49,992 [grpc-default-executor-8] INFO  impl.RaftServerImpl (RaftServerImpl.java:setRole(184)) - ce71e9bc-e571-4e52-8a73-1c9dce7b9fa7@group-08147416B334: changes role from  FOLLOWER to FOLLOWER at term 81 for recognizeCandidate:24830d12-f44b-43d9-b733-6f9667bbd6c9
2019-10-28 11:44:49,992 [grpc-default-executor-2] INFO  impl.RaftServerImpl (RaftServerImpl.java:setRole(184)) - 75159f97-af2c-48a6-bb8f-f5acb2145c35@group-08147416B334: changes role from  FOLLOWER to FOLLOWER at term 81 for recognizeCandidate:24830d12-f44b-43d9-b733-6f9667bbd6c9
2019-10-28 11:44:49,992 [grpc-default-executor-2] INFO  impl.RoleInfo (RoleInfo.java:shutdownFollowerState(121)) - 75159f97-af2c-48a6-bb8f-f5acb2145c35: shutdown FollowerState
2019-10-28 11:44:49,992 [grpc-default-executor-8] INFO  impl.RoleInfo (RoleInfo.java:shutdownFollowerState(121)) - ce71e9bc-e571-4e52-8a73-1c9dce7b9fa7: shutdown FollowerState
2019-10-28 11:44:49,992 [Thread-2003] INFO  impl.FollowerState (FollowerState.java:run(117)) - 75159f97-af2c-48a6-bb8f-f5acb2145c35@group-08147416B334-FollowerState was interrupted: java.lang.InterruptedException: sleep interrupted
2019-10-28 11:44:49,992 [Thread-2002] INFO  impl.FollowerState (FollowerState.java:run(117)) - ce71e9bc-e571-4e52-8a73-1c9dce7b9fa7@group-08147416B334-FollowerState was interrupted: java.lang.InterruptedException: sleep interrupted
2019-10-28 11:44:49,992 [grpc-default-executor-2] INFO  impl.RoleInfo (RoleInfo.java:updateAndGet(143)) - 75159f97-af2c-48a6-bb8f-f5acb2145c35: start FollowerState
2019-10-28 11:44:49,992 [grpc-default-executor-8] INFO  impl.RoleInfo (RoleInfo.java:updateAndGet(143)) - ce71e9bc-e571-4e52-8a73-1c9dce7b9fa7: start FollowerState
2019-10-28 11:44:50,008 [24830d12-f44b-43d9-b733-6f9667bbd6c9@group-08147416B334-LeaderElection110] INFO  impl.LeaderElection (LeaderElection.java:logAndReturn(56)) - 24830d12-f44b-43d9-b733-6f9667bbd6c9@group-08147416B334-LeaderElection110: Election REJECTED; received 2 response(s) [24830d12-f44b-43d9-b733-6f9667bbd6c9<-75159f97-af2c-48a6-bb8f-f5acb2145c35#0:FAIL-t81, 24830d12-f44b-43d9-b733-6f9667bbd6c9<-ce71e9bc-e571-4e52-8a73-1c9dce7b9fa7#0:FAIL-t81] and 0 exception(s); 24830d12-f44b-43d9-b733-6f9667bbd6c9@group-08147416B334:t81, leader=null, voted=24830d12-f44b-43d9-b733-6f9667bbd6c9, raftlog=24830d12-f44b-43d9-b733-6f9667bbd6c9@group-08147416B334-SegmentedRaftLog:OPENED:c-1,f-1,i0, conf=-1: [24830d12-f44b-43d9-b733-6f9667bbd6c9:192.168.164.193:40613, 75159f97-af2c-48a6-bb8f-f5acb2145c35:192.168.164.193:42423, ce71e9bc-e571-4e52-8a73-1c9dce7b9fa7:192.168.164.193:36234], old=null
2019-10-28 11:44:50,009 [24830d12-f44b-43d9-b733-6f9667bbd6c9@group-08147416B334-LeaderElection110] INFO  impl.RaftServerImpl (RaftServerImpl.java:setRole(184)) - 24830d12-f44b-43d9-b733-6f9667bbd6c9@group-08147416B334: changes role from CANDIDATE to FOLLOWER at term 81 for DISCOVERED_A_NEW_TERM
2019-10-28 11:44:50,009 [24830d12-f44b-43d9-b733-6f9667bbd6c9@group-08147416B334-LeaderElection110] INFO  impl.RoleInfo (RoleInfo.java:shutdownLeaderElection(134)) - 24830d12-f44b-43d9-b733-6f9667bbd6c9: shutdown LeaderElection
2019-10-28 11:44:50,009 [24830d12-f44b-43d9-b733-6f9667bbd6c9@group-08147416B334-LeaderElection110] INFO  impl.RoleInfo (RoleInfo.java:updateAndGet(143)) - 24830d12-f44b-43d9-b733-6f9667bbd6c9: start FollowerState
2019-10-28 11:44:50,192 [Thread-2012] INFO  impl.FollowerState (FollowerState.java:run(108)) - 24830d12-f44b-43d9-b733-6f9667bbd6c9@group-08147416B334-FollowerState: change to CANDIDATE, lastRpcTime:183ms, electionTimeout:183ms
2019-10-28 11:44:50,192 [Thread-2012] INFO  impl.RoleInfo (RoleInfo.java:shutdownFollowerState(121)) - 24830d12-f44b-43d9-b733-6f9667bbd6c9: shutdown FollowerState
2019-10-28 11:44:50,192 [Thread-2012] INFO  impl.RaftServerImpl (RaftServerImpl.java:setRole(184)) - 24830d12-f44b-43d9-b733-6f9667bbd6c9@group-08147416B334: changes role from  FOLLOWER to CANDIDATE at term 81 for changeToCandidate
2019-10-28 11:44:50,193 [Thread-2012] INFO  impl.RoleInfo (RoleInfo.java:updateAndGet(143)) - 24830d12-f44b-43d9-b733-6f9667bbd6c9: start LeaderElection
2019-10-28 11:44:50,207 [24830d12-f44b-43d9-b733-6f9667bbd6c9@group-08147416B334-LeaderElection111] INFO  impl.LeaderElection (LeaderElection.java:askForVotes(178)) - 24830d12-f44b-43d9-b733-6f9667bbd6c9@group-08147416B334-LeaderElection111: begin an election at term 82 for -1: [24830d12-f44b-43d9-b733-6f9667bbd6c9:192.168.164.193:40613, 75159f97-af2c-48a6-bb8f-f5acb2145c35:192.168.164.193:42423, ce71e9bc-e571-4e52-8a73-1c9dce7b9fa7:192.168.164.193:36234], old=null
2019-10-28 11:44:50,208 [grpc-default-executor-2] INFO  impl.RaftServerImpl (RaftServerImpl.java:setRole(184)) - 75159f97-af2c-48a6-bb8f-f5acb2145c35@group-08147416B334: changes role from  FOLLOWER to FOLLOWER at term 82 for recognizeCandidate:24830d12-f44b-43d9-b733-6f9667bbd6c9
2019-10-28 11:44:50,208 [grpc-default-executor-8] INFO  impl.RaftServerImpl (RaftServerImpl.java:setRole(184)) - ce71e9bc-e571-4e52-8a73-1c9dce7b9fa7@group-08147416B334: changes role from  FOLLOWER to FOLLOWER at term 82 for recognizeCandidate:24830d12-f44b-43d9-b733-6f9667bbd6c9
2019-10-28 11:44:50,209 [grpc-default-executor-2] INFO  impl.RoleInfo (RoleInfo.java:shutdownFollowerState(121)) - 75159f97-af2c-48a6-bb8f-f5acb2145c35: shutdown FollowerState
2019-10-28 11:44:50,209 [grpc-default-executor-8] INFO  impl.RoleInfo (RoleInfo.java:shutdownFollowerState(121)) - ce71e9bc-e571-4e52-8a73-1c9dce7b9fa7: shutdown FollowerState
2019-10-28 11:44:50,209 [Thread-2010] INFO  impl.FollowerState (FollowerState.java:run(117)) - 75159f97-af2c-48a6-bb8f-f5acb2145c35@group-08147416B334-FollowerState was interrupted: java.lang.InterruptedException: sleep interrupted
2019-10-28 11:44:50,209 [grpc-default-executor-2] INFO  impl.RoleInfo (RoleInfo.java:updateAndGet(143)) - 75159f97-af2c-48a6-bb8f-f5acb2145c35: start FollowerState
2019-10-28 11:44:50,209 [grpc-default-executor-8] INFO  impl.RoleInfo (RoleInfo.java:updateAndGet(143)) - ce71e9bc-e571-4e52-8a73-1c9dce7b9fa7: start FollowerState
2019-10-28 11:44:50,209 [Thread-2011] INFO  impl.FollowerState (FollowerState.java:run(117)) - ce71e9bc-e571-4e52-8a73-1c9dce7b9fa7@group-08147416B334-FollowerState was interrupted: java.lang.InterruptedException: sleep interrupted
2019-10-28 11:44:50,222 [24830d12-f44b-43d9-b733-6f9667bbd6c9@group-08147416B334-LeaderElection111] INFO  impl.LeaderElection (LeaderElection.java:logAndReturn(56)) - 24830d12-f44b-43d9-b733-6f9667bbd6c9@group-08147416B334-LeaderElection111: Election REJECTED; received 2 response(s) [24830d12-f44b-43d9-b733-6f9667bbd6c9<-75159f97-af2c-48a6-bb8f-f5acb2145c35#0:FAIL-t82, 24830d12-f44b-43d9-b733-6f9667bbd6c9<-ce71e9bc-e571-4e52-8a73-1c9dce7b9fa7#0:FAIL-t82] and 0 exception(s); 24830d12-f44b-43d9-b733-6f9667bbd6c9@group-08147416B334:t82, leader=null, voted=24830d12-f44b-43d9-b733-6f9667bbd6c9, raftlog=24830d12-f44b-43d9-b733-6f9667bbd6c9@group-08147416B334-SegmentedRaftLog:OPENED:c-1,f-1,i0, conf=-1: [24830d12-f44b-43d9-b733-6f9667bbd6c9:192.168.164.193:40613, 75159f97-af2c-48a6-bb8f-f5acb2145c35:192.168.164.193:42423, ce71e9bc-e571-4e52-8a73-1c9dce7b9fa7:192.168.164.193:36234], old=null
2019-10-28 11:44:50,223 [24830d12-f44b-43d9-b733-6f9667bbd6c9@group-08147416B334-LeaderElection111] INFO  impl.RaftServerImpl (RaftServerImpl.java:setRole(184)) - 24830d12-f44b-43d9-b733-6f9667bbd6c9@group-08147416B334: changes role from CANDIDATE to FOLLOWER at term 82 for DISCOVERED_A_NEW_TERM
2019-10-28 11:44:50,223 [24830d12-f44b-43d9-b733-6f9667bbd6c9@group-08147416B334-LeaderElection111] INFO  impl.RoleInfo (RoleInfo.java:shutdownLeaderElection(134)) - 24830d12-f44b-43d9-b733-6f9667bbd6c9: shutdown LeaderElection
2019-10-28 11:44:50,223 [24830d12-f44b-43d9-b733-6f9667bbd6c9@group-08147416B334-LeaderElection111] INFO  impl.RoleInfo (RoleInfo.java:updateAndGet(143)) - 24830d12-f44b-43d9-b733-6f9667bbd6c9: start FollowerState
2019-10-28 11:44:50,315 [Thread-2020] INFO  impl.FollowerState (FollowerState.java:run(108)) - 24830d12-f44b-43d9-b733-6f9667bbd6c9@group-08147416B334-FollowerState: change to CANDIDATE, lastRpcTime:92ms, electionTimeout:92ms
2019-10-28 11:44:50,315 [Thread-2020] INFO  impl.RoleInfo (RoleInfo.java:shutdownFollowerState(121)) - 24830d12-f44b-43d9-b733-6f9667bbd6c9: shutdown FollowerState
2019-10-28 11:44:50,315 [Thread-2020] INFO  impl.RaftServerImpl (RaftServerImpl.java:setRole(184)) - 24830d12-f44b-43d9-b733-6f9667bbd6c9@group-08147416B334: changes role from  FOLLOWER to CANDIDATE at term 82 for changeToCandidate
2019-10-28 11:44:50,316 [Thread-2020] INFO  impl.RoleInfo (RoleInfo.java:updateAndGet(143)) - 24830d12-f44b-43d9-b733-6f9667bbd6c9: start LeaderElection
2019-10-28 11:44:50,329 [24830d12-f44b-43d9-b733-6f9667bbd6c9@group-08147416B334-LeaderElection112] INFO  impl.LeaderElection (LeaderElection.java:askForVotes(178)) - 24830d12-f44b-43d9-b733-6f9667bbd6c9@group-08147416B334-LeaderElection112: begin an election at term 83 for -1: [24830d12-f44b-43d9-b733-6f9667bbd6c9:192.168.164.193:40613, 75159f97-af2c-48a6-bb8f-f5acb2145c35:192.168.164.193:42423, ce71e9bc-e571-4e52-8a73-1c9dce7b9fa7:192.168.164.193:36234], old=null
2019-10-28 11:44:50,331 [grpc-default-executor-2] INFO  impl.RaftServerImpl (RaftServerImpl.java:setRole(184)) - 75159f97-af2c-48a6-bb8f-f5acb2145c35@group-08147416B334: changes role from  FOLLOWER to FOLLOWER at term 83 for recognizeCandidate:24830d12-f44b-43d9-b733-6f9667bbd6c9
2019-10-28 11:44:50,331 [grpc-default-executor-8] INFO  impl.RaftServerImpl (RaftServerImpl.java:setRole(184)) - ce71e9bc-e571-4e52-8a73-1c9dce7b9fa7@group-08147416B334: changes role from  FOLLOWER to FOLLOWER at term 83 for recognizeCandidate:24830d12-f44b-43d9-b733-6f9667bbd6c9
2019-10-28 11:44:50,331 [grpc-default-executor-2] INFO  impl.RoleInfo (RoleInfo.java:shutdownFollowerState(121)) - 75159f97-af2c-48a6-bb8f-f5acb2145c35: shutdown FollowerState
2019-10-28 11:44:50,332 [grpc-default-executor-8] INFO  impl.RoleInfo (RoleInfo.java:shutdownFollowerState(121)) - ce71e9bc-e571-4e52-8a73-1c9dce7b9fa7: shutdown FollowerState
2019-10-28 11:44:50,332 [grpc-default-executor-2] INFO  impl.RoleInfo (RoleInfo.java:updateAndGet(143)) - 75159f97-af2c-48a6-bb8f-f5acb2145c35: start FollowerState
2019-10-28 11:44:50,332 [Thread-2019] INFO  impl.FollowerState (FollowerState.java:run(117)) - ce71e9bc-e571-4e52-8a73-1c9dce7b9fa7@group-08147416B334-FollowerState was interrupted: java.lang.InterruptedException: sleep interrupted
2019-10-28 11:44:50,332 [Thread-2018] INFO  impl.FollowerState (FollowerState.java:run(117)) - 75159f97-af2c-48a6-bb8f-f5acb2145c35@group-08147416B334-FollowerState was interrupted: java.lang.InterruptedException: sleep interrupted
2019-10-28 11:44:50,332 [grpc-default-executor-8] INFO  impl.RoleInfo (RoleInfo.java:updateAndGet(143)) - ce71e9bc-e571-4e52-8a73-1c9dce7b9fa7: start FollowerState
2019-10-28 11:44:50,346 [24830d12-f44b-43d9-b733-6f9667bbd6c9@group-08147416B334-LeaderElection112] INFO  impl.LeaderElection (LeaderElection.java:logAndReturn(56)) - 24830d12-f44b-43d9-b733-6f9667bbd6c9@group-08147416B334-LeaderElection112: Election REJECTED; received 2 response(s) [24830d12-f44b-43d9-b733-6f9667bbd6c9<-75159f97-af2c-48a6-bb8f-f5acb2145c35#0:FAIL-t83, 24830d12-f44b-43d9-b733-6f9667bbd6c9<-ce71e9bc-e571-4e52-8a73-1c9dce7b9fa7#0:FAIL-t83] and 0 exception(s); 24830d12-f44b-43d9-b733-6f9667bbd6c9@group-08147416B334:t83, leader=null, voted=24830d12-f44b-43d9-b733-6f9667bbd6c9, raftlog=24830d12-f44b-43d9-b733-6f9667bbd6c9@group-08147416B334-SegmentedRaftLog:OPENED:c-1,f-1,i0, conf=-1: [24830d12-f44b-43d9-b733-6f9667bbd6c9:192.168.164.193:40613, 75159f97-af2c-48a6-bb8f-f5acb2145c35:192.168.164.193:42423, ce71e9bc-e571-4e52-8a73-1c9dce7b9fa7:192.168.164.193:36234], old=null
2019-10-28 11:44:50,346 [24830d12-f44b-43d9-b733-6f9667bbd6c9@group-08147416B334-LeaderElection112] INFO  impl.RaftServerImpl (RaftServerImpl.java:setRole(184)) - 24830d12-f44b-43d9-b733-6f9667bbd6c9@group-08147416B334: changes role from CANDIDATE to FOLLOWER at term 83 for DISCOVERED_A_NEW_TERM
2019-10-28 11:44:50,346 [24830d12-f44b-43d9-b733-6f9667bbd6c9@group-08147416B334-LeaderElection112] INFO  impl.RoleInfo (RoleInfo.java:shutdownLeaderElection(134)) - 24830d12-f44b-43d9-b733-6f9667bbd6c9: shutdown LeaderElection
2019-10-28 11:44:50,346 [24830d12-f44b-43d9-b733-6f9667bbd6c9@group-08147416B334-LeaderElection112] INFO  impl.RoleInfo (RoleInfo.java:updateAndGet(143)) - 24830d12-f44b-43d9-b733-6f9667bbd6c9: start FollowerState
2019-10-28 11:44:50,442 [Thread-2028] INFO  impl.FollowerState (FollowerState.java:run(108)) - 24830d12-f44b-43d9-b733-6f9667bbd6c9@group-08147416B334-FollowerState: change to CANDIDATE, lastRpcTime:95ms, electionTimeout:95ms
2019-10-28 11:44:50,442 [Thread-2028] INFO  impl.RoleInfo (RoleInfo.java:shutdownFollowerState(121)) - 24830d12-f44b-43d9-b733-6f9667bbd6c9: shutdown FollowerState
2019-10-28 11:44:50,442 [Thread-2028] INFO  impl.RaftServerImpl (RaftServerImpl.java:setRole(184)) - 24830d12-f44b-43d9-b733-6f9667bbd6c9@group-08147416B334: changes role from  FOLLOWER to CANDIDATE at term 83 for changeToCandidate
2019-10-28 11:44:50,442 [Thread-2028] INFO  impl.RoleInfo (RoleInfo.java:updateAndGet(143)) - 24830d12-f44b-43d9-b733-6f9667bbd6c9: start LeaderElection
2019-10-28 11:44:50,457 [24830d12-f44b-43d9-b733-6f9667bbd6c9@group-08147416B334-LeaderElection113] INFO  impl.LeaderElection (LeaderElection.java:askForVotes(178)) - 24830d12-f44b-43d9-b733-6f9667bbd6c9@group-08147416B334-LeaderElection113: begin an election at term 84 for -1: [24830d12-f44b-43d9-b733-6f9667bbd6c9:192.168.164.193:40613, 75159f97-af2c-48a6-bb8f-f5acb2145c35:192.168.164.193:42423, ce71e9bc-e571-4e52-8a73-1c9dce7b9fa7:192.168.164.193:36234], old=null
2019-10-28 11:44:50,459 [grpc-default-executor-2] INFO  impl.RaftServerImpl (RaftServerImpl.java:setRole(184)) - 75159f97-af2c-48a6-bb8f-f5acb2145c35@group-08147416B334: changes role from  FOLLOWER to FOLLOWER at term 84 for recognizeCandidate:24830d12-f44b-43d9-b733-6f9667bbd6c9
2019-10-28 11:44:50,459 [grpc-default-executor-8] INFO  impl.RaftServerImpl (RaftServerImpl.java:setRole(184)) - ce71e9bc-e571-4e52-8a73-1c9dce7b9fa7@group-08147416B334: changes role from  FOLLOWER to FOLLOWER at term 84 for recognizeCandidate:24830d12-f44b-43d9-b733-6f9667bbd6c9
2019-10-28 11:44:50,459 [grpc-default-executor-2] INFO  impl.RoleInfo (RoleInfo.java:shutdownFollowerState(121)) - 75159f97-af2c-48a6-bb8f-f5acb2145c35: shutdown FollowerState
2019-10-28 11:44:50,460 [grpc-default-executor-8] INFO  impl.RoleInfo (RoleInfo.java:shutdownFollowerState(121)) - ce71e9bc-e571-4e52-8a73-1c9dce7b9fa7: shutdown FollowerState
2019-10-28 11:44:50,460 [Thread-2026] INFO  impl.FollowerState (FollowerState.java:run(117)) - 75159f97-af2c-48a6-bb8f-f5acb2145c35@group-08147416B334-FollowerState was interrupted: java.lang.InterruptedException: sleep interrupted
2019-10-28 11:44:50,460 [grpc-default-executor-2] INFO  impl.RoleInfo (RoleInfo.java:updateAndGet(143)) - 75159f97-af2c-48a6-bb8f-f5acb2145c35: start FollowerState
2019-10-28 11:44:50,460 [Thread-2027] INFO  impl.FollowerState (FollowerState.java:run(117)) - ce71e9bc-e571-4e52-8a73-1c9dce7b9fa7@group-08147416B334-FollowerState was interrupted: java.lang.InterruptedException: sleep interrupted
2019-10-28 11:44:50,460 [grpc-default-executor-8] INFO  impl.RoleInfo (RoleInfo.java:updateAndGet(143)) - ce71e9bc-e571-4e52-8a73-1c9dce7b9fa7: start FollowerState
2019-10-28 11:44:50,475 [24830d12-f44b-43d9-b733-6f9667bbd6c9@group-08147416B334-LeaderElection113] INFO  impl.LeaderElection (LeaderElection.java:logAndReturn(56)) - 24830d12-f44b-43d9-b733-6f9667bbd6c9@group-08147416B334-LeaderElection113: Election REJECTED; received 2 response(s) [24830d12-f44b-43d9-b733-6f9667bbd6c9<-75159f97-af2c-48a6-bb8f-f5acb2145c35#0:FAIL-t84, 24830d12-f44b-43d9-b733-6f9667bbd6c9<-ce71e9bc-e571-4e52-8a73-1c9dce7b9fa7#0:FAIL-t84] and 0 exception(s); 24830d12-f44b-43d9-b733-6f9667bbd6c9@group-08147416B334:t84, leader=null, voted=24830d12-f44b-43d9-b733-6f9667bbd6c9, raftlog=24830d12-f44b-43d9-b733-6f9667bbd6c9@group-08147416B334-SegmentedRaftLog:OPENED:c-1,f-1,i0, conf=-1: [24830d12-f44b-43d9-b733-6f9667bbd6c9:192.168.164.193:40613, 75159f97-af2c-48a6-bb8f-f5acb2145c35:192.168.164.193:42423, ce71e9bc-e571-4e52-8a73-1c9dce7b9fa7:192.168.164.193:36234], old=null
2019-10-28 11:44:50,475 [24830d12-f44b-43d9-b733-6f9667bbd6c9@group-08147416B334-LeaderElection113] INFO  impl.RaftServerImpl (RaftServerImpl.java:setRole(184)) - 24830d12-f44b-43d9-b733-6f9667bbd6c9@group-08147416B334: changes role from CANDIDATE to FOLLOWER at term 84 for DISCOVERED_A_NEW_TERM
2019-10-28 11:44:50,475 [24830d12-f44b-43d9-b733-6f9667bbd6c9@group-08147416B334-LeaderElection113] INFO  impl.RoleInfo (RoleInfo.java:shutdownLeaderElection(134)) - 24830d12-f44b-43d9-b733-6f9667bbd6c9: shutdown LeaderElection
2019-10-28 11:44:50,475 [24830d12-f44b-43d9-b733-6f9667bbd6c9@group-08147416B334-LeaderElection113] INFO  impl.RoleInfo (RoleInfo.java:updateAndGet(143)) - 24830d12-f44b-43d9-b733-6f9667bbd6c9: start FollowerState
2019-10-28 11:44:50,515 [Thread-2034] INFO  impl.FollowerState (FollowerState.java:run(108)) - 24830d12-f44b-43d9-b733-6f9667bbd6c9@group-08147416B334-FollowerState: change to CANDIDATE, lastRpcTime:39ms, electionTimeout:39ms
2019-10-28 11:44:50,515 [Thread-2034] INFO  impl.RoleInfo (RoleInfo.java:shutdownFollowerState(121)) - 24830d12-f44b-43d9-b733-6f9667bbd6c9: shutdown FollowerState
2019-10-28 11:44:50,515 [Thread-2034] INFO  impl.RaftServerImpl (RaftServerImpl.java:setRole(184)) - 24830d12-f44b-43d9-b733-6f9667bbd6c9@group-08147416B334: changes role from  FOLLOWER to CANDIDATE at term 84 for changeToCandidate
2019-10-28 11:44:50,515 [Thread-2034] INFO  impl.RoleInfo (RoleInfo.java:updateAndGet(143)) - 24830d12-f44b-43d9-b733-6f9667bbd6c9: start LeaderElection
2019-10-28 11:44:50,529 [24830d12-f44b-43d9-b733-6f9667bbd6c9@group-08147416B334-LeaderElection114] INFO  impl.LeaderElection (LeaderElection.java:askForVotes(178)) - 24830d12-f44b-43d9-b733-6f9667bbd6c9@group-08147416B334-LeaderElection114: begin an election at term 85 for -1: [24830d12-f44b-43d9-b733-6f9667bbd6c9:192.168.164.193:40613, 75159f97-af2c-48a6-bb8f-f5acb2145c35:192.168.164.193:42423, ce71e9bc-e571-4e52-8a73-1c9dce7b9fa7:192.168.164.193:36234], old=null
2019-10-28 11:44:50,531 [grpc-default-executor-2] INFO  impl.RaftServerImpl (RaftServerImpl.java:setRole(184)) - 75159f97-af2c-48a6-bb8f-f5acb2145c35@group-08147416B334: changes role from  FOLLOWER to FOLLOWER at term 85 for recognizeCandidate:24830d12-f44b-43d9-b733-6f9667bbd6c9
2019-10-28 11:44:50,531 [grpc-default-executor-8] INFO  impl.RaftServerImpl (RaftServerImpl.java:setRole(184)) - ce71e9bc-e571-4e52-8a73-1c9dce7b9fa7@group-08147416B334: changes role from  FOLLOWER to FOLLOWER at term 85 for recognizeCandidate:24830d12-f44b-43d9-b733-6f9667bbd6c9
2019-10-28 11:44:50,532 [grpc-default-executor-8] INFO  impl.RoleInfo (RoleInfo.java:shutdownFollowerState(121)) - ce71e9bc-e571-4e52-8a73-1c9dce7b9fa7: shutdown FollowerState
2019-10-28 11:44:50,531 [grpc-default-executor-2] INFO  impl.RoleInfo (RoleInfo.java:shutdownFollowerState(121)) - 75159f97-af2c-48a6-bb8f-f5acb2145c35: shutdown FollowerState
2019-10-28 11:44:50,532 [Thread-2033] INFO  impl.FollowerState (FollowerState.java:run(117)) - ce71e9bc-e571-4e52-8a73-1c9dce7b9fa7@group-08147416B334-FollowerState was interrupted: java.lang.InterruptedException: sleep interrupted
2019-10-28 11:44:50,532 [grpc-default-executor-8] INFO  impl.RoleInfo (RoleInfo.java:updateAndGet(143)) - ce71e9bc-e571-4e52-8a73-1c9dce7b9fa7: start FollowerState
2019-10-28 11:44:50,532 [Thread-2032] INFO  impl.FollowerState (FollowerState.java:run(117)) - 75159f97-af2c-48a6-bb8f-f5acb2145c35@group-08147416B334-FollowerState was interrupted: java.lang.InterruptedException: sleep interrupted
2019-10-28 11:44:50,532 [grpc-default-executor-2] INFO  impl.RoleInfo (RoleInfo.java:updateAndGet(143)) - 75159f97-af2c-48a6-bb8f-f5acb2145c35: start FollowerState
2019-10-28 11:44:50,545 [24830d12-f44b-43d9-b733-6f9667bbd6c9@group-08147416B334-LeaderElection114] INFO  impl.LeaderElection (LeaderElection.java:logAndReturn(56)) - 24830d12-f44b-43d9-b733-6f9667bbd6c9@group-08147416B334-LeaderElection114: Election REJECTED; received 2 response(s) [24830d12-f44b-43d9-b733-6f9667bbd6c9<-75159f97-af2c-48a6-bb8f-f5acb2145c35#0:FAIL-t85, 24830d12-f44b-43d9-b733-6f9667bbd6c9<-ce71e9bc-e571-4e52-8a73-1c9dce7b9fa7#0:FAIL-t85] and 0 exception(s); 24830d12-f44b-43d9-b733-6f9667bbd6c9@group-08147416B334:t85, leader=null, voted=24830d12-f44b-43d9-b733-6f9667bbd6c9, raftlog=24830d12-f44b-43d9-b733-6f9667bbd6c9@group-08147416B334-SegmentedRaftLog:OPENED:c-1,f-1,i0, conf=-1: [24830d12-f44b-43d9-b733-6f9667bbd6c9:192.168.164.193:40613, 75159f97-af2c-48a6-bb8f-f5acb2145c35:192.168.164.193:42423, ce71e9bc-e571-4e52-8a73-1c9dce7b9fa7:192.168.164.193:36234], old=null
2019-10-28 11:44:50,545 [24830d12-f44b-43d9-b733-6f9667bbd6c9@group-08147416B334-LeaderElection114] INFO  impl.RaftServerImpl (RaftServerImpl.java:setRole(184)) - 24830d12-f44b-43d9-b733-6f9667bbd6c9@group-08147416B334: changes role from CANDIDATE to FOLLOWER at term 85 for DISCOVERED_A_NEW_TERM
2019-10-28 11:44:50,545 [24830d12-f44b-43d9-b733-6f9667bbd6c9@group-08147416B334-LeaderElection114] INFO  impl.RoleInfo (RoleInfo.java:shutdownLeaderElection(134)) - 24830d12-f44b-43d9-b733-6f9667bbd6c9: shutdown LeaderElection
2019-10-28 11:44:50,546 [24830d12-f44b-43d9-b733-6f9667bbd6c9@group-08147416B334-LeaderElection114] INFO  impl.RoleInfo (RoleInfo.java:updateAndGet(143)) - 24830d12-f44b-43d9-b733-6f9667bbd6c9: start FollowerState
2019-10-28 11:44:50,604 [Thread-2040] INFO  impl.FollowerState (FollowerState.java:run(108)) - 24830d12-f44b-43d9-b733-6f9667bbd6c9@group-08147416B334-FollowerState: change to CANDIDATE, lastRpcTime:58ms, electionTimeout:58ms
2019-10-28 11:44:50,604 [Thread-2040] INFO  impl.RoleInfo (RoleInfo.java:shutdownFollowerState(121)) - 24830d12-f44b-43d9-b733-6f9667bbd6c9: shutdown FollowerState
2019-10-28 11:44:50,604 [Thread-2040] INFO  impl.RaftServerImpl (RaftServerImpl.java:setRole(184)) - 24830d12-f44b-43d9-b733-6f9667bbd6c9@group-08147416B334: changes role from  FOLLOWER to CANDIDATE at term 85 for changeToCandidate
2019-10-28 11:44:50,604 [Thread-2040] INFO  impl.RoleInfo (RoleInfo.java:updateAndGet(143)) - 24830d12-f44b-43d9-b733-6f9667bbd6c9: start LeaderElection
2019-10-28 11:44:50,618 [24830d12-f44b-43d9-b733-6f9667bbd6c9@group-08147416B334-LeaderElection115] INFO  impl.LeaderElection (LeaderElection.java:askForVotes(178)) - 24830d12-f44b-43d9-b733-6f9667bbd6c9@group-08147416B334-LeaderElection115: begin an election at term 86 for -1: [24830d12-f44b-43d9-b733-6f9667bbd6c9:192.168.164.193:40613, 75159f97-af2c-48a6-bb8f-f5acb2145c35:192.168.164.193:42423, ce71e9bc-e571-4e52-8a73-1c9dce7b9fa7:192.168.164.193:36234], old=null
2019-10-28 11:44:50,620 [grpc-default-executor-8] INFO  impl.RaftServerImpl (RaftServerImpl.java:setRole(184)) - ce71e9bc-e571-4e52-8a73-1c9dce7b9fa7@group-08147416B334: changes role from  FOLLOWER to FOLLOWER at term 86 for recognizeCandidate:24830d12-f44b-43d9-b733-6f9667bbd6c9
2019-10-28 11:44:50,620 [grpc-default-executor-8] INFO  impl.RoleInfo (RoleInfo.java:shutdownFollowerState(121)) - ce71e9bc-e571-4e52-8a73-1c9dce7b9fa7: shutdown FollowerState
2019-10-28 11:44:50,620 [grpc-default-executor-2] INFO  impl.RaftServerImpl (RaftServerImpl.java:setRole(184)) - 75159f97-af2c-48a6-bb8f-f5acb2145c35@group-08147416B334: changes role from  FOLLOWER to FOLLOWER at term 86 for recognizeCandidate:24830d12-f44b-43d9-b733-6f9667bbd6c9
2019-10-28 11:44:50,620 [Thread-2038] INFO  impl.FollowerState (FollowerState.java:run(117)) - ce71e9bc-e571-4e52-8a73-1c9dce7b9fa7@group-08147416B334-FollowerState was interrupted: java.lang.InterruptedException: sleep interrupted
2019-10-28 11:44:50,620 [grpc-default-executor-2] INFO  impl.RoleInfo (RoleInfo.java:shutdownFollowerState(121)) - 75159f97-af2c-48a6-bb8f-f5acb2145c35: shutdown FollowerState
2019-10-28 11:44:50,620 [grpc-default-executor-8] INFO  impl.RoleInfo (RoleInfo.java:updateAndGet(143)) - ce71e9bc-e571-4e52-8a73-1c9dce7b9fa7: start FollowerState
2019-10-28 11:44:50,620 [Thread-2039] INFO  impl.FollowerState (FollowerState.java:run(117)) - 75159f97-af2c-48a6-bb8f-f5acb2145c35@group-08147416B334-FollowerState was interrupted: java.lang.InterruptedException: sleep interrupted
2019-10-28 11:44:50,620 [grpc-default-executor-2] INFO  impl.RoleInfo (RoleInfo.java:updateAndGet(143)) - 75159f97-af2c-48a6-bb8f-f5acb2145c35: start FollowerState
2019-10-28 11:44:50,634 [24830d12-f44b-43d9-b733-6f9667bbd6c9@group-08147416B334-LeaderElection115] INFO  impl.LeaderElection (LeaderElection.java:logAndReturn(56)) - 24830d12-f44b-43d9-b733-6f9667bbd6c9@group-08147416B334-LeaderElection115: Election REJECTED; received 2 response(s) [24830d12-f44b-43d9-b733-6f9667bbd6c9<-75159f97-af2c-48a6-bb8f-f5acb2145c35#0:FAIL-t86, 24830d12-f44b-43d9-b733-6f9667bbd6c9<-ce71e9bc-e571-4e52-8a73-1c9dce7b9fa7#0:FAIL-t86] and 0 exception(s); 24830d12-f44b-43d9-b733-6f9667bbd6c9@group-08147416B334:t86, leader=null, voted=24830d12-f44b-43d9-b733-6f9667bbd6c9, raftlog=24830d12-f44b-43d9-b733-6f9667bbd6c9@group-08147416B334-SegmentedRaftLog:OPENED:c-1,f-1,i0, conf=-1: [24830d12-f44b-43d9-b733-6f9667bbd6c9:192.168.164.193:40613, 75159f97-af2c-48a6-bb8f-f5acb2145c35:192.168.164.193:42423, ce71e9bc-e571-4e52-8a73-1c9dce7b9fa7:192.168.164.193:36234], old=null
2019-10-28 11:44:50,634 [24830d12-f44b-43d9-b733-6f9667bbd6c9@group-08147416B334-LeaderElection115] INFO  impl.RaftServerImpl (RaftServerImpl.java:setRole(184)) - 24830d12-f44b-43d9-b733-6f9667bbd6c9@group-08147416B334: changes role from CANDIDATE to FOLLOWER at term 86 for DISCOVERED_A_NEW_TERM
2019-10-28 11:44:50,634 [24830d12-f44b-43d9-b733-6f9667bbd6c9@group-08147416B334-LeaderElection115] INFO  impl.RoleInfo (RoleInfo.java:shutdownLeaderElection(134)) - 24830d12-f44b-43d9-b733-6f9667bbd6c9: shutdown LeaderElection
2019-10-28 11:44:50,634 [24830d12-f44b-43d9-b733-6f9667bbd6c9@group-08147416B334-LeaderElection115] INFO  impl.RoleInfo (RoleInfo.java:updateAndGet(143)) - 24830d12-f44b-43d9-b733-6f9667bbd6c9: start FollowerState
2019-10-28 11:44:50,762 [Thread-2048] INFO  impl.FollowerState (FollowerState.java:run(108)) - 24830d12-f44b-43d9-b733-6f9667bbd6c9@group-08147416B334-FollowerState: change to CANDIDATE, lastRpcTime:128ms, electionTimeout:128ms
2019-10-28 11:44:50,763 [Thread-2048] INFO  impl.RoleInfo (RoleInfo.java:shutdownFollowerState(121)) - 24830d12-f44b-43d9-b733-6f9667bbd6c9: shutdown FollowerState
2019-10-28 11:44:50,763 [Thread-2048] INFO  impl.RaftServerImpl (RaftServerImpl.java:setRole(184)) - 24830d12-f44b-43d9-b733-6f9667bbd6c9@group-08147416B334: changes role from  FOLLOWER to CANDIDATE at term 86 for changeToCandidate
2019-10-28 11:44:50,764 [Thread-2048] INFO  impl.RoleInfo (RoleInfo.java:updateAndGet(143)) - 24830d12-f44b-43d9-b733-6f9667bbd6c9: start LeaderElection
2019-10-28 11:44:50,778 [24830d12-f44b-43d9-b733-6f9667bbd6c9@group-08147416B334-LeaderElection116] INFO  impl.LeaderElection (LeaderElection.java:askForVotes(178)) - 24830d12-f44b-43d9-b733-6f9667bbd6c9@group-08147416B334-LeaderElection116: begin an election at term 87 for -1: [24830d12-f44b-43d9-b733-6f9667bbd6c9:192.168.164.193:40613, 75159f97-af2c-48a6-bb8f-f5acb2145c35:192.168.164.193:42423, ce71e9bc-e571-4e52-8a73-1c9dce7b9fa7:192.168.164.193:36234], old=null
2019-10-28 11:44:50,783 [grpc-default-executor-2] INFO  impl.RaftServerImpl (RaftServerImpl.java:setRole(184)) - ce71e9bc-e571-4e52-8a73-1c9dce7b9fa7@group-08147416B334: changes role from  FOLLOWER to FOLLOWER at term 87 for recognizeCandidate:24830d12-f44b-43d9-b733-6f9667bbd6c9
2019-10-28 11:44:50,783 [grpc-default-executor-2] INFO  impl.RoleInfo (RoleInfo.java:shutdownFollowerState(121)) - ce71e9bc-e571-4e52-8a73-1c9dce7b9fa7: shutdown FollowerState
2019-10-28 11:44:50,783 [grpc-default-executor-8] INFO  impl.RaftServerImpl (RaftServerImpl.java:setRole(184)) - 75159f97-af2c-48a6-bb8f-f5acb2145c35@group-08147416B334: changes role from  FOLLOWER to FOLLOWER at term 87 for recognizeCandidate:24830d12-f44b-43d9-b733-6f9667bbd6c9
2019-10-28 11:44:50,784 [Thread-2044] INFO  impl.FollowerState (FollowerState.java:run(117)) - ce71e9bc-e571-4e52-8a73-1c9dce7b9fa7@group-08147416B334-FollowerState was interrupted: java.lang.InterruptedException: sleep interrupted
2019-10-28 11:44:50,784 [grpc-default-executor-2] INFO  impl.RoleInfo (RoleInfo.java:updateAndGet(143)) - ce71e9bc-e571-4e52-8a73-1c9dce7b9fa7: start FollowerState
2019-10-28 11:44:50,784 [grpc-default-executor-8] INFO  impl.RoleInfo (RoleInfo.java:shutdownFollowerState(121)) - 75159f97-af2c-48a6-bb8f-f5acb2145c35: shutdown FollowerState
2019-10-28 11:44:50,784 [grpc-default-executor-8] INFO  impl.RoleInfo (RoleInfo.java:updateAndGet(143)) - 75159f97-af2c-48a6-bb8f-f5acb2145c35: start FollowerState
2019-10-28 11:44:50,784 [Thread-2045] INFO  impl.FollowerState (FollowerState.java:run(117)) - 75159f97-af2c-48a6-bb8f-f5acb2145c35@group-08147416B334-FollowerState was interrupted: java.lang.InterruptedException: sleep interrupted
2019-10-28 11:44:50,800 [24830d12-f44b-43d9-b733-6f9667bbd6c9@group-08147416B334-LeaderElection116] INFO  impl.LeaderElection (LeaderElection.java:logAndReturn(56)) - 24830d12-f44b-43d9-b733-6f9667bbd6c9@group-08147416B334-LeaderElection116: Election REJECTED; received 2 response(s) [24830d12-f44b-43d9-b733-6f9667bbd6c9<-75159f97-af2c-48a6-bb8f-f5acb2145c35#0:FAIL-t87, 24830d12-f44b-43d9-b733-6f9667bbd6c9<-ce71e9bc-e571-4e52-8a73-1c9dce7b9fa7#0:FAIL-t87] and 0 exception(s); 24830d12-f44b-43d9-b733-6f9667bbd6c9@group-08147416B334:t87, leader=null, voted=24830d12-f44b-43d9-b733-6f9667bbd6c9, raftlog=24830d12-f44b-43d9-b733-6f9667bbd6c9@group-08147416B334-SegmentedRaftLog:OPENED:c-1,f-1,i0, conf=-1: [24830d12-f44b-43d9-b733-6f9667bbd6c9:192.168.164.193:40613, 75159f97-af2c-48a6-bb8f-f5acb2145c35:192.168.164.193:42423, ce71e9bc-e571-4e52-8a73-1c9dce7b9fa7:192.168.164.193:36234], old=null
2019-10-28 11:44:50,801 [24830d12-f44b-43d9-b733-6f9667bbd6c9@group-08147416B334-LeaderElection116] INFO  impl.RaftServerImpl (RaftServerImpl.java:setRole(184)) - 24830d12-f44b-43d9-b733-6f9667bbd6c9@group-08147416B334: changes role from CANDIDATE to FOLLOWER at term 87 for DISCOVERED_A_NEW_TERM
2019-10-28 11:44:50,801 [24830d12-f44b-43d9-b733-6f9667bbd6c9@group-08147416B334-LeaderElection116] INFO  impl.RoleInfo (RoleInfo.java:shutdownLeaderElection(134)) - 24830d12-f44b-43d9-b733-6f9667bbd6c9: shutdown LeaderElection
2019-10-28 11:44:50,801 [24830d12-f44b-43d9-b733-6f9667bbd6c9@group-08147416B334-LeaderElection116] INFO  impl.RoleInfo (RoleInfo.java:updateAndGet(143)) - 24830d12-f44b-43d9-b733-6f9667bbd6c9: start FollowerState
2019-10-28 11:44:50,826 [Thread-2056] INFO  impl.FollowerState (FollowerState.java:run(108)) - 24830d12-f44b-43d9-b733-6f9667bbd6c9@group-08147416B334-FollowerState: change to CANDIDATE, lastRpcTime:25ms, electionTimeout:25ms
2019-10-28 11:44:50,827 [Thread-2056] INFO  impl.RoleInfo (RoleInfo.java:shutdownFollowerState(121)) - 24830d12-f44b-43d9-b733-6f9667bbd6c9: shutdown FollowerState
2019-10-28 11:44:50,827 [Thread-2056] INFO  impl.RaftServerImpl (RaftServerImpl.java:setRole(184)) - 24830d12-f44b-43d9-b733-6f9667bbd6c9@group-08147416B334: changes role from  FOLLOWER to CANDIDATE at term 87 for changeToCandidate
2019-10-28 11:44:50,827 [Thread-2056] INFO  impl.RoleInfo (RoleInfo.java:updateAndGet(143)) - 24830d12-f44b-43d9-b733-6f9667bbd6c9: start LeaderElection
2019-10-28 11:44:50,906 [24830d12-f44b-43d9-b733-6f9667bbd6c9@group-08147416B334-LeaderElection117] INFO  impl.LeaderElection (LeaderElection.java:askForVotes(178)) - 24830d12-f44b-43d9-b733-6f9667bbd6c9@group-08147416B334-LeaderElection117: begin an election at term 88 for -1: [24830d12-f44b-43d9-b733-6f9667bbd6c9:192.168.164.193:40613, 75159f97-af2c-48a6-bb8f-f5acb2145c35:192.168.164.193:42423, ce71e9bc-e571-4e52-8a73-1c9dce7b9fa7:192.168.164.193:36234], old=null
2019-10-28 11:44:50,909 [grpc-default-executor-2] INFO  impl.RaftServerImpl (RaftServerImpl.java:setRole(184)) - 75159f97-af2c-48a6-bb8f-f5acb2145c35@group-08147416B334: changes role from  FOLLOWER to FOLLOWER at term 88 for recognizeCandidate:24830d12-f44b-43d9-b733-6f9667bbd6c9
2019-10-28 11:44:50,909 [grpc-default-executor-2] INFO  impl.RoleInfo (RoleInfo.java:shutdownFollowerState(121)) - 75159f97-af2c-48a6-bb8f-f5acb2145c35: shutdown FollowerState
2019-10-28 11:44:50,909 [grpc-default-executor-2] INFO  impl.RoleInfo (RoleInfo.java:updateAndGet(143)) - 75159f97-af2c-48a6-bb8f-f5acb2145c35: start FollowerState
2019-10-28 11:44:50,909 [grpc-default-executor-8] INFO  impl.RaftServerImpl (RaftServerImpl.java:setRole(184)) - ce71e9bc-e571-4e52-8a73-1c9dce7b9fa7@group-08147416B334: changes role from  FOLLOWER to FOLLOWER at term 88 for recognizeCandidate:24830d12-f44b-43d9-b733-6f9667bbd6c9
2019-10-28 11:44:50,909 [grpc-default-executor-8] INFO  impl.RoleInfo (RoleInfo.java:shutdownFollowerState(121)) - ce71e9bc-e571-4e52-8a73-1c9dce7b9fa7: shutdown FollowerState
2019-10-28 11:44:50,909 [Thread-2053] INFO  impl.FollowerState (FollowerState.java:run(117)) - 75159f97-af2c-48a6-bb8f-f5acb2145c35@group-08147416B334-FollowerState was interrupted: java.lang.InterruptedException: sleep interrupted
2019-10-28 11:44:50,910 [Thread-2052] INFO  impl.FollowerState (FollowerState.java:run(117)) - ce71e9bc-e571-4e52-8a73-1c9dce7b9fa7@group-08147416B334-FollowerState was interrupted: java.lang.InterruptedException: sleep interrupted
2019-10-28 11:44:50,910 [grpc-default-executor-8] INFO  impl.RoleInfo (RoleInfo.java:updateAndGet(143)) - ce71e9bc-e571-4e52-8a73-1c9dce7b9fa7: start FollowerState
2019-10-28 11:44:50,928 [24830d12-f44b-43d9-b733-6f9667bbd6c9@group-08147416B334-LeaderElection117] INFO  impl.LeaderElection (LeaderElection.java:logAndReturn(56)) - 24830d12-f44b-43d9-b733-6f9667bbd6c9@group-08147416B334-LeaderElection117: Election REJECTED; received 2 response(s) [24830d12-f44b-43d9-b733-6f9667bbd6c9<-75159f97-af2c-48a6-bb8f-f5acb2145c35#0:FAIL-t88, 24830d12-f44b-43d9-b733-6f9667bbd6c9<-ce71e9bc-e571-4e52-8a73-1c9dce7b9fa7#0:FAIL-t88] and 0 exception(s); 24830d12-f44b-43d9-b733-6f9667bbd6c9@group-08147416B334:t88, leader=null, voted=24830d12-f44b-43d9-b733-6f9667bbd6c9, raftlog=24830d12-f44b-43d9-b733-6f9667bbd6c9@group-08147416B334-SegmentedRaftLog:OPENED:c-1,f-1,i0, conf=-1: [24830d12-f44b-43d9-b733-6f9667bbd6c9:192.168.164.193:40613, 75159f97-af2c-48a6-bb8f-f5acb2145c35:192.168.164.193:42423, ce71e9bc-e571-4e52-8a73-1c9dce7b9fa7:192.168.164.193:36234], old=null
2019-10-28 11:44:50,928 [24830d12-f44b-43d9-b733-6f9667bbd6c9@group-08147416B334-LeaderElection117] INFO  impl.RaftServerImpl (RaftServerImpl.java:setRole(184)) - 24830d12-f44b-43d9-b733-6f9667bbd6c9@group-08147416B334: changes role from CANDIDATE to FOLLOWER at term 88 for DISCOVERED_A_NEW_TERM
2019-10-28 11:44:50,928 [24830d12-f44b-43d9-b733-6f9667bbd6c9@group-08147416B334-LeaderElection117] INFO  impl.RoleInfo (RoleInfo.java:shutdownLeaderElection(134)) - 24830d12-f44b-43d9-b733-6f9667bbd6c9: shutdown LeaderElection
2019-10-28 11:44:50,928 [24830d12-f44b-43d9-b733-6f9667bbd6c9@group-08147416B334-LeaderElection117] INFO  impl.RoleInfo (RoleInfo.java:updateAndGet(143)) - 24830d12-f44b-43d9-b733-6f9667bbd6c9: start FollowerState
2019-10-28 11:44:51,019 [Thread-2062] INFO  impl.FollowerState (FollowerState.java:run(108)) - 24830d12-f44b-43d9-b733-6f9667bbd6c9@group-08147416B334-FollowerState: change to CANDIDATE, lastRpcTime:90ms, electionTimeout:90ms
2019-10-28 11:44:51,019 [Thread-2062] INFO  impl.RoleInfo (RoleInfo.java:shutdownFollowerState(121)) - 24830d12-f44b-43d9-b733-6f9667bbd6c9: shutdown FollowerState
2019-10-28 11:44:51,019 [Thread-2062] INFO  impl.RaftServerImpl (RaftServerImpl.java:setRole(184)) - 24830d12-f44b-43d9-b733-6f9667bbd6c9@group-08147416B334: changes role from  FOLLOWER to CANDIDATE at term 88 for changeToCandidate
2019-10-28 11:44:51,019 [Thread-2062] INFO  impl.RoleInfo (RoleInfo.java:updateAndGet(143)) - 24830d12-f44b-43d9-b733-6f9667bbd6c9: start LeaderElection
2019-10-28 11:44:51,032 [24830d12-f44b-43d9-b733-6f9667bbd6c9@group-08147416B334-LeaderElection118] INFO  impl.LeaderElection (LeaderElection.java:askForVotes(178)) - 24830d12-f44b-43d9-b733-6f9667bbd6c9@group-08147416B334-LeaderElection118: begin an election at term 89 for -1: [24830d12-f44b-43d9-b733-6f9667bbd6c9:192.168.164.193:40613, 75159f97-af2c-48a6-bb8f-f5acb2145c35:192.168.164.193:42423, ce71e9bc-e571-4e52-8a73-1c9dce7b9fa7:192.168.164.193:36234], old=null
2019-10-28 11:44:51,035 [grpc-default-executor-8] INFO  impl.RaftServerImpl (RaftServerImpl.java:setRole(184)) - ce71e9bc-e571-4e52-8a73-1c9dce7b9fa7@group-08147416B334: changes role from  FOLLOWER to FOLLOWER at term 89 for recognizeCandidate:24830d12-f44b-43d9-b733-6f9667bbd6c9
2019-10-28 11:44:51,035 [grpc-default-executor-2] INFO  impl.RaftServerImpl (RaftServerImpl.java:setRole(184)) - 75159f97-af2c-48a6-bb8f-f5acb2145c35@group-08147416B334: changes role from  FOLLOWER to FOLLOWER at term 89 for recognizeCandidate:24830d12-f44b-43d9-b733-6f9667bbd6c9
2019-10-28 11:44:51,035 [grpc-default-executor-8] INFO  impl.RoleInfo (RoleInfo.java:shutdownFollowerState(121)) - ce71e9bc-e571-4e52-8a73-1c9dce7b9fa7: shutdown FollowerState
2019-10-28 11:44:51,035 [grpc-default-executor-2] INFO  impl.RoleInfo (RoleInfo.java:shutdownFollowerState(121)) - 75159f97-af2c-48a6-bb8f-f5acb2145c35: shutdown FollowerState
2019-10-28 11:44:51,035 [Thread-2061] INFO  impl.FollowerState (FollowerState.java:run(117)) - ce71e9bc-e571-4e52-8a73-1c9dce7b9fa7@group-08147416B334-FollowerState was interrupted: java.lang.InterruptedException: sleep interrupted
2019-10-28 11:44:51,035 [grpc-default-executor-8] INFO  impl.RoleInfo (RoleInfo.java:updateAndGet(143)) - ce71e9bc-e571-4e52-8a73-1c9dce7b9fa7: start FollowerState
2019-10-28 11:44:51,035 [grpc-default-executor-2] INFO  impl.RoleInfo (RoleInfo.java:updateAndGet(143)) - 75159f97-af2c-48a6-bb8f-f5acb2145c35: start FollowerState
2019-10-28 11:44:51,035 [Thread-2060] INFO  impl.FollowerState (FollowerState.java:run(117)) - 75159f97-af2c-48a6-bb8f-f5acb2145c35@group-08147416B334-FollowerState was interrupted: java.lang.InterruptedException: sleep interrupted
2019-10-28 11:44:51,050 [24830d12-f44b-43d9-b733-6f9667bbd6c9@group-08147416B334-LeaderElection118] INFO  impl.LeaderElection (LeaderElection.java:logAndReturn(56)) - 24830d12-f44b-43d9-b733-6f9667bbd6c9@group-08147416B334-LeaderElection118: Election REJECTED; received 2 response(s) [24830d12-f44b-43d9-b733-6f9667bbd6c9<-75159f97-af2c-48a6-bb8f-f5acb2145c35#0:FAIL-t89, 24830d12-f44b-43d9-b733-6f9667bbd6c9<-ce71e9bc-e571-4e52-8a73-1c9dce7b9fa7#0:FAIL-t89] and 0 exception(s); 24830d12-f44b-43d9-b733-6f9667bbd6c9@group-08147416B334:t89, leader=null, voted=24830d12-f44b-43d9-b733-6f9667bbd6c9, raftlog=24830d12-f44b-43d9-b733-6f9667bbd6c9@group-08147416B334-SegmentedRaftLog:OPENED:c-1,f-1,i0, conf=-1: [24830d12-f44b-43d9-b733-6f9667bbd6c9:192.168.164.193:40613, 75159f97-af2c-48a6-bb8f-f5acb2145c35:192.168.164.193:42423, ce71e9bc-e571-4e52-8a73-1c9dce7b9fa7:192.168.164.193:36234], old=null
2019-10-28 11:44:51,050 [24830d12-f44b-43d9-b733-6f9667bbd6c9@group-08147416B334-LeaderElection118] INFO  impl.RaftServerImpl (RaftServerImpl.java:setRole(184)) - 24830d12-f44b-43d9-b733-6f9667bbd6c9@group-08147416B334: changes role from CANDIDATE to FOLLOWER at term 89 for DISCOVERED_A_NEW_TERM
2019-10-28 11:44:51,050 [24830d12-f44b-43d9-b733-6f9667bbd6c9@group-08147416B334-LeaderElection118] INFO  impl.RoleInfo (RoleInfo.java:shutdownLeaderElection(134)) - 24830d12-f44b-43d9-b733-6f9667bbd6c9: shutdown LeaderElection
2019-10-28 11:44:51,050 [24830d12-f44b-43d9-b733-6f9667bbd6c9@group-08147416B334-LeaderElection118] INFO  impl.RoleInfo (RoleInfo.java:updateAndGet(143)) - 24830d12-f44b-43d9-b733-6f9667bbd6c9: start FollowerState
2019-10-28 11:44:51,154 [Thread-2070] INFO  impl.FollowerState (FollowerState.java:run(108)) - 24830d12-f44b-43d9-b733-6f9667bbd6c9@group-08147416B334-FollowerState: change to CANDIDATE, lastRpcTime:103ms, electionTimeout:103ms
2019-10-28 11:44:51,154 [Thread-2070] INFO  impl.RoleInfo (RoleInfo.java:shutdownFollowerState(121)) - 24830d12-f44b-43d9-b733-6f9667bbd6c9: shutdown FollowerState
2019-10-28 11:44:51,154 [Thread-2070] INFO  impl.RaftServerImpl (RaftServerImpl.java:setRole(184)) - 24830d12-f44b-43d9-b733-6f9667bbd6c9@group-08147416B334: changes role from  FOLLOWER to CANDIDATE at term 89 for changeToCandidate
2019-10-28 11:44:51,154 [Thread-2070] INFO  impl.RoleInfo (RoleInfo.java:updateAndGet(143)) - 24830d12-f44b-43d9-b733-6f9667bbd6c9: start LeaderElection
2019-10-28 11:44:51,168 [24830d12-f44b-43d9-b733-6f9667bbd6c9@group-08147416B334-LeaderElection119] INFO  impl.LeaderElection (LeaderElection.java:askForVotes(178)) - 24830d12-f44b-43d9-b733-6f9667bbd6c9@group-08147416B334-LeaderElection119: begin an election at term 90 for -1: [24830d12-f44b-43d9-b733-6f9667bbd6c9:192.168.164.193:40613, 75159f97-af2c-48a6-bb8f-f5acb2145c35:192.168.164.193:42423, ce71e9bc-e571-4e52-8a73-1c9dce7b9fa7:192.168.164.193:36234], old=null
2019-10-28 11:44:51,171 [grpc-default-executor-2] INFO  impl.RaftServerImpl (RaftServerImpl.java:setRole(184)) - 75159f97-af2c-48a6-bb8f-f5acb2145c35@group-08147416B334: changes role from  FOLLOWER to FOLLOWER at term 90 for recognizeCandidate:24830d12-f44b-43d9-b733-6f9667bbd6c9
2019-10-28 11:44:51,172 [grpc-default-executor-2] INFO  impl.RoleInfo (RoleInfo.java:shutdownFollowerState(121)) - 75159f97-af2c-48a6-bb8f-f5acb2145c35: shutdown FollowerState
2019-10-28 11:44:51,172 [grpc-default-executor-2] INFO  impl.RoleInfo (RoleInfo.java:updateAndGet(143)) - 75159f97-af2c-48a6-bb8f-f5acb2145c35: start FollowerState
2019-10-28 11:44:51,172 [Thread-2069] INFO  impl.FollowerState (FollowerState.java:run(117)) - 75159f97-af2c-48a6-bb8f-f5acb2145c35@group-08147416B334-FollowerState was interrupted: java.lang.InterruptedException: sleep interrupted
2019-10-28 11:44:51,172 [grpc-default-executor-8] INFO  impl.RaftServerImpl (RaftServerImpl.java:setRole(184)) - ce71e9bc-e571-4e52-8a73-1c9dce7b9fa7@group-08147416B334: changes role from  FOLLOWER to FOLLOWER at term 90 for recognizeCandidate:24830d12-f44b-43d9-b733-6f9667bbd6c9
2019-10-28 11:44:51,173 [grpc-default-executor-8] INFO  impl.RoleInfo (RoleInfo.java:shutdownFollowerState(121)) - ce71e9bc-e571-4e52-8a73-1c9dce7b9fa7: shutdown FollowerState
2019-10-28 11:44:51,173 [grpc-default-executor-8] INFO  impl.RoleInfo (RoleInfo.java:updateAndGet(143)) - ce71e9bc-e571-4e52-8a73-1c9dce7b9fa7: start FollowerState
2019-10-28 11:44:51,173 [Thread-2068] INFO  impl.FollowerState (FollowerState.java:run(117)) - ce71e9bc-e571-4e52-8a73-1c9dce7b9fa7@group-08147416B334-FollowerState was interrupted: java.lang.InterruptedException: sleep interrupted
2019-10-28 11:44:51,186 [24830d12-f44b-43d9-b733-6f9667bbd6c9@group-08147416B334-LeaderElection119] INFO  impl.LeaderElection (LeaderElection.java:logAndReturn(56)) - 24830d12-f44b-43d9-b733-6f9667bbd6c9@group-08147416B334-LeaderElection119: Election REJECTED; received 2 response(s) [24830d12-f44b-43d9-b733-6f9667bbd6c9<-75159f97-af2c-48a6-bb8f-f5acb2145c35#0:FAIL-t90, 24830d12-f44b-43d9-b733-6f9667bbd6c9<-ce71e9bc-e571-4e52-8a73-1c9dce7b9fa7#0:FAIL-t90] and 0 exception(s); 24830d12-f44b-43d9-b733-6f9667bbd6c9@group-08147416B334:t90, leader=null, voted=24830d12-f44b-43d9-b733-6f9667bbd6c9, raftlog=24830d12-f44b-43d9-b733-6f9667bbd6c9@group-08147416B334-SegmentedRaftLog:OPENED:c-1,f-1,i0, conf=-1: [24830d12-f44b-43d9-b733-6f9667bbd6c9:192.168.164.193:40613, 75159f97-af2c-48a6-bb8f-f5acb2145c35:192.168.164.193:42423, ce71e9bc-e571-4e52-8a73-1c9dce7b9fa7:192.168.164.193:36234], old=null
2019-10-28 11:44:51,187 [24830d12-f44b-43d9-b733-6f9667bbd6c9@group-08147416B334-LeaderElection119] INFO  impl.RaftServerImpl (RaftServerImpl.java:setRole(184)) - 24830d12-f44b-43d9-b733-6f9667bbd6c9@group-08147416B334: changes role from CANDIDATE to FOLLOWER at term 90 for DISCOVERED_A_NEW_TERM
2019-10-28 11:44:51,187 [24830d12-f44b-43d9-b733-6f9667bbd6c9@group-08147416B334-LeaderElection119] INFO  impl.RoleInfo (RoleInfo.java:shutdownLeaderElection(134)) - 24830d12-f44b-43d9-b733-6f9667bbd6c9: shutdown LeaderElection
2019-10-28 11:44:51,187 [24830d12-f44b-43d9-b733-6f9667bbd6c9@group-08147416B334-LeaderElection119] INFO  impl.RoleInfo (RoleInfo.java:updateAndGet(143)) - 24830d12-f44b-43d9-b733-6f9667bbd6c9: start FollowerState
2019-10-28 11:44:51,227 [Thread-2078] INFO  impl.FollowerState (FollowerState.java:run(108)) - 24830d12-f44b-43d9-b733-6f9667bbd6c9@group-08147416B334-FollowerState: change to CANDIDATE, lastRpcTime:39ms, electionTimeout:39ms
2019-10-28 11:44:51,227 [Thread-2078] INFO  impl.RoleInfo (RoleInfo.java:shutdownFollowerState(121)) - 24830d12-f44b-43d9-b733-6f9667bbd6c9: shutdown FollowerState
2019-10-28 11:44:51,227 [Thread-2078] INFO  impl.RaftServerImpl (RaftServerImpl.java:setRole(184)) - 24830d12-f44b-43d9-b733-6f9667bbd6c9@group-08147416B334: changes role from  FOLLOWER to CANDIDATE at term 90 for changeToCandidate
2019-10-28 11:44:51,227 [Thread-2078] INFO  impl.RoleInfo (RoleInfo.java:updateAndGet(143)) - 24830d12-f44b-43d9-b733-6f9667bbd6c9: start LeaderElection
2019-10-28 11:44:51,240 [24830d12-f44b-43d9-b733-6f9667bbd6c9@group-08147416B334-LeaderElection120] INFO  impl.LeaderElection (LeaderElection.java:askForVotes(178)) - 24830d12-f44b-43d9-b733-6f9667bbd6c9@group-08147416B334-LeaderElection120: begin an election at term 91 for -1: [24830d12-f44b-43d9-b733-6f9667bbd6c9:192.168.164.193:40613, 75159f97-af2c-48a6-bb8f-f5acb2145c35:192.168.164.193:42423, ce71e9bc-e571-4e52-8a73-1c9dce7b9fa7:192.168.164.193:36234], old=null
2019-10-28 11:44:51,242 [grpc-default-executor-8] INFO  impl.RaftServerImpl (RaftServerImpl.java:setRole(184)) - 75159f97-af2c-48a6-bb8f-f5acb2145c35@group-08147416B334: changes role from  FOLLOWER to FOLLOWER at term 91 for recognizeCandidate:24830d12-f44b-43d9-b733-6f9667bbd6c9
2019-10-28 11:44:51,242 [grpc-default-executor-2] INFO  impl.RaftServerImpl (RaftServerImpl.java:setRole(184)) - ce71e9bc-e571-4e52-8a73-1c9dce7b9fa7@group-08147416B334: changes role from  FOLLOWER to FOLLOWER at term 91 for recognizeCandidate:24830d12-f44b-43d9-b733-6f9667bbd6c9
2019-10-28 11:44:51,242 [grpc-default-executor-2] INFO  impl.RoleInfo (RoleInfo.java:shutdownFollowerState(121)) - ce71e9bc-e571-4e52-8a73-1c9dce7b9fa7: shutdown FollowerState
2019-10-28 11:44:51,242 [grpc-default-executor-8] INFO  impl.RoleInfo (RoleInfo.java:shutdownFollowerState(121)) - 75159f97-af2c-48a6-bb8f-f5acb2145c35: shutdown FollowerState
2019-10-28 11:44:51,243 [Thread-2077] INFO  impl.FollowerState (FollowerState.java:run(117)) - ce71e9bc-e571-4e52-8a73-1c9dce7b9fa7@group-08147416B334-FollowerState was interrupted: java.lang.InterruptedException: sleep interrupted
2019-10-28 11:44:51,242 [grpc-default-executor-2] INFO  impl.RoleInfo (RoleInfo.java:updateAndGet(143)) - ce71e9bc-e571-4e52-8a73-1c9dce7b9fa7: start FollowerState
2019-10-28 11:44:51,243 [Thread-2076] INFO  impl.FollowerState (FollowerState.java:run(117)) - 75159f97-af2c-48a6-bb8f-f5acb2145c35@group-08147416B334-FollowerState was interrupted: java.lang.InterruptedException: sleep interrupted
2019-10-28 11:44:51,243 [grpc-default-executor-8] INFO  impl.RoleInfo (RoleInfo.java:updateAndGet(143)) - 75159f97-af2c-48a6-bb8f-f5acb2145c35: start FollowerState
2019-10-28 11:44:51,257 [24830d12-f44b-43d9-b733-6f9667bbd6c9@group-08147416B334-LeaderElection120] INFO  impl.LeaderElection (LeaderElection.java:logAndReturn(56)) - 24830d12-f44b-43d9-b733-6f9667bbd6c9@group-08147416B334-LeaderElection120: Election REJECTED; received 2 response(s) [24830d12-f44b-43d9-b733-6f9667bbd6c9<-75159f97-af2c-48a6-bb8f-f5acb2145c35#0:FAIL-t91, 24830d12-f44b-43d9-b733-6f9667bbd6c9<-ce71e9bc-e571-4e52-8a73-1c9dce7b9fa7#0:FAIL-t91] and 0 exception(s); 24830d12-f44b-43d9-b733-6f9667bbd6c9@group-08147416B334:t91, leader=null, voted=24830d12-f44b-43d9-b733-6f9667bbd6c9, raftlog=24830d12-f44b-43d9-b733-6f9667bbd6c9@group-08147416B334-SegmentedRaftLog:OPENED:c-1,f-1,i0, conf=-1: [24830d12-f44b-43d9-b733-6f9667bbd6c9:192.168.164.193:40613, 75159f97-af2c-48a6-bb8f-f5acb2145c35:192.168.164.193:42423, ce71e9bc-e571-4e52-8a73-1c9dce7b9fa7:192.168.164.193:36234], old=null
2019-10-28 11:44:51,257 [24830d12-f44b-43d9-b733-6f9667bbd6c9@group-08147416B334-LeaderElection120] INFO  impl.RaftServerImpl (RaftServerImpl.java:setRole(184)) - 24830d12-f44b-43d9-b733-6f9667bbd6c9@group-08147416B334: changes role from CANDIDATE to FOLLOWER at term 91 for DISCOVERED_A_NEW_TERM
2019-10-28 11:44:51,257 [24830d12-f44b-43d9-b733-6f9667bbd6c9@group-08147416B334-LeaderElection120] INFO  impl.RoleInfo (RoleInfo.java:shutdownLeaderElection(134)) - 24830d12-f44b-43d9-b733-6f9667bbd6c9: shutdown LeaderElection
2019-10-28 11:44:51,257 [24830d12-f44b-43d9-b733-6f9667bbd6c9@group-08147416B334-LeaderElection120] INFO  impl.RoleInfo (RoleInfo.java:updateAndGet(143)) - 24830d12-f44b-43d9-b733-6f9667bbd6c9: start FollowerState
2019-10-28 11:44:51,374 [Thread-2084] INFO  impl.FollowerState (FollowerState.java:run(108)) - 24830d12-f44b-43d9-b733-6f9667bbd6c9@group-08147416B334-FollowerState: change to CANDIDATE, lastRpcTime:116ms, electionTimeout:116ms
2019-10-28 11:44:51,374 [Thread-2084] INFO  impl.RoleInfo (RoleInfo.java:shutdownFollowerState(121)) - 24830d12-f44b-43d9-b733-6f9667bbd6c9: shutdown FollowerState
2019-10-28 11:44:51,374 [Thread-2084] INFO  impl.RaftServerImpl (RaftServerImpl.java:setRole(184)) - 24830d12-f44b-43d9-b733-6f9667bbd6c9@group-08147416B334: changes role from  FOLLOWER to CANDIDATE at term 91 for changeToCandidate
2019-10-28 11:44:51,374 [Thread-2084] INFO  impl.RoleInfo (RoleInfo.java:updateAndGet(143)) - 24830d12-f44b-43d9-b733-6f9667bbd6c9: start LeaderElection
2019-10-28 11:44:51,388 [24830d12-f44b-43d9-b733-6f9667bbd6c9@group-08147416B334-LeaderElection121] INFO  impl.LeaderElection (LeaderElection.java:askForVotes(178)) - 24830d12-f44b-43d9-b733-6f9667bbd6c9@group-08147416B334-LeaderElection121: begin an election at term 92 for -1: [24830d12-f44b-43d9-b733-6f9667bbd6c9:192.168.164.193:40613, 75159f97-af2c-48a6-bb8f-f5acb2145c35:192.168.164.193:42423, ce71e9bc-e571-4e52-8a73-1c9dce7b9fa7:192.168.164.193:36234], old=null
2019-10-28 11:44:51,391 [grpc-default-executor-8] INFO  impl.RaftServerImpl (RaftServerImpl.java:setRole(184)) - 75159f97-af2c-48a6-bb8f-f5acb2145c35@group-08147416B334: changes role from  FOLLOWER to FOLLOWER at term 92 for recognizeCandidate:24830d12-f44b-43d9-b733-6f9667bbd6c9
2019-10-28 11:44:51,391 [grpc-default-executor-2] INFO  impl.RaftServerImpl (RaftServerImpl.java:setRole(184)) - ce71e9bc-e571-4e52-8a73-1c9dce7b9fa7@group-08147416B334: changes role from  FOLLOWER to FOLLOWER at term 92 for recognizeCandidate:24830d12-f44b-43d9-b733-6f9667bbd6c9
2019-10-28 11:44:51,392 [grpc-default-executor-2] INFO  impl.RoleInfo (RoleInfo.java:shutdownFollowerState(121)) - ce71e9bc-e571-4e52-8a73-1c9dce7b9fa7: shutdown FollowerState
2019-10-28 11:44:51,392 [grpc-default-executor-8] INFO  impl.RoleInfo (RoleInfo.java:shutdownFollowerState(121)) - 75159f97-af2c-48a6-bb8f-f5acb2145c35: shutdown FollowerState
2019-10-28 11:44:51,392 [Thread-2082] INFO  impl.FollowerState (FollowerState.java:run(117)) - ce71e9bc-e571-4e52-8a73-1c9dce7b9fa7@group-08147416B334-FollowerState was interrupted: java.lang.InterruptedException: sleep interrupted
2019-10-28 11:44:51,392 [Thread-2083] INFO  impl.FollowerState (FollowerState.java:run(117)) - 75159f97-af2c-48a6-bb8f-f5acb2145c35@group-08147416B334-FollowerState was interrupted: java.lang.InterruptedException: sleep interrupted
2019-10-28 11:44:51,392 [grpc-default-executor-8] INFO  impl.RoleInfo (RoleInfo.java:updateAndGet(143)) - 75159f97-af2c-48a6-bb8f-f5acb2145c35: start FollowerState
2019-10-28 11:44:51,392 [grpc-default-executor-2] INFO  impl.RoleInfo (RoleInfo.java:updateAndGet(143)) - ce71e9bc-e571-4e52-8a73-1c9dce7b9fa7: start FollowerState
2019-10-28 11:44:51,408 [24830d12-f44b-43d9-b733-6f9667bbd6c9@group-08147416B334-LeaderElection121] INFO  impl.LeaderElection (LeaderElection.java:logAndReturn(56)) - 24830d12-f44b-43d9-b733-6f9667bbd6c9@group-08147416B334-LeaderElection121: Election REJECTED; received 2 response(s) [24830d12-f44b-43d9-b733-6f9667bbd6c9<-75159f97-af2c-48a6-bb8f-f5acb2145c35#0:FAIL-t92, 24830d12-f44b-43d9-b733-6f9667bbd6c9<-ce71e9bc-e571-4e52-8a73-1c9dce7b9fa7#0:FAIL-t92] and 0 exception(s); 24830d12-f44b-43d9-b733-6f9667bbd6c9@group-08147416B334:t92, leader=null, voted=24830d12-f44b-43d9-b733-6f9667bbd6c9, raftlog=24830d12-f44b-43d9-b733-6f9667bbd6c9@group-08147416B334-SegmentedRaftLog:OPENED:c-1,f-1,i0, conf=-1: [24830d12-f44b-43d9-b733-6f9667bbd6c9:192.168.164.193:40613, 75159f97-af2c-48a6-bb8f-f5acb2145c35:192.168.164.193:42423, ce71e9bc-e571-4e52-8a73-1c9dce7b9fa7:192.168.164.193:36234], old=null
2019-10-28 11:44:51,408 [24830d12-f44b-43d9-b733-6f9667bbd6c9@group-08147416B334-LeaderElection121] INFO  impl.RaftServerImpl (RaftServerImpl.java:setRole(184)) - 24830d12-f44b-43d9-b733-6f9667bbd6c9@group-08147416B334: changes role from CANDIDATE to FOLLOWER at term 92 for DISCOVERED_A_NEW_TERM
2019-10-28 11:44:51,408 [24830d12-f44b-43d9-b733-6f9667bbd6c9@group-08147416B334-LeaderElection121] INFO  impl.RoleInfo (RoleInfo.java:shutdownLeaderElection(134)) - 24830d12-f44b-43d9-b733-6f9667bbd6c9: shutdown LeaderElection
2019-10-28 11:44:51,408 [24830d12-f44b-43d9-b733-6f9667bbd6c9@group-08147416B334-LeaderElection121] INFO  impl.RoleInfo (RoleInfo.java:updateAndGet(143)) - 24830d12-f44b-43d9-b733-6f9667bbd6c9: start FollowerState
2019-10-28 11:44:51,493 [Thread-2092] INFO  impl.FollowerState (FollowerState.java:run(108)) - 24830d12-f44b-43d9-b733-6f9667bbd6c9@group-08147416B334-FollowerState: change to CANDIDATE, lastRpcTime:84ms, electionTimeout:84ms
2019-10-28 11:44:51,493 [Thread-2092] INFO  impl.RoleInfo (RoleInfo.java:shutdownFollowerState(121)) - 24830d12-f44b-43d9-b733-6f9667bbd6c9: shutdown FollowerState
2019-10-28 11:44:51,493 [Thread-2092] INFO  impl.RaftServerImpl (RaftServerImpl.java:setRole(184)) - 24830d12-f44b-43d9-b733-6f9667bbd6c9@group-08147416B334: changes role from  FOLLOWER to CANDIDATE at term 92 for changeToCandidate
2019-10-28 11:44:51,493 [Thread-2092] INFO  impl.RoleInfo (RoleInfo.java:updateAndGet(143)) - 24830d12-f44b-43d9-b733-6f9667bbd6c9: start LeaderElection
2019-10-28 11:44:51,519 [24830d12-f44b-43d9-b733-6f9667bbd6c9@group-08147416B334-LeaderElection122] INFO  impl.LeaderElection (LeaderElection.java:askForVotes(178)) - 24830d12-f44b-43d9-b733-6f9667bbd6c9@group-08147416B334-LeaderElection122: begin an election at term 93 for -1: [24830d12-f44b-43d9-b733-6f9667bbd6c9:192.168.164.193:40613, 75159f97-af2c-48a6-bb8f-f5acb2145c35:192.168.164.193:42423, ce71e9bc-e571-4e52-8a73-1c9dce7b9fa7:192.168.164.193:36234], old=null
2019-10-28 11:44:51,521 [grpc-default-executor-2] INFO  impl.RaftServerImpl (RaftServerImpl.java:setRole(184)) - 75159f97-af2c-48a6-bb8f-f5acb2145c35@group-08147416B334: changes role from  FOLLOWER to FOLLOWER at term 93 for recognizeCandidate:24830d12-f44b-43d9-b733-6f9667bbd6c9
2019-10-28 11:44:51,521 [grpc-default-executor-8] INFO  impl.RaftServerImpl (RaftServerImpl.java:setRole(184)) - ce71e9bc-e571-4e52-8a73-1c9dce7b9fa7@group-08147416B334: changes role from  FOLLOWER to FOLLOWER at term 93 for recognizeCandidate:24830d12-f44b-43d9-b733-6f9667bbd6c9
2019-10-28 11:44:51,521 [grpc-default-executor-2] INFO  impl.RoleInfo (RoleInfo.java:shutdownFollowerState(121)) - 75159f97-af2c-48a6-bb8f-f5acb2145c35: shutdown FollowerState
2019-10-28 11:44:51,522 [grpc-default-executor-8] INFO  impl.RoleInfo (RoleInfo.java:shutdownFollowerState(121)) - ce71e9bc-e571-4e52-8a73-1c9dce7b9fa7: shutdown FollowerState
2019-10-28 11:44:51,522 [grpc-default-executor-2] INFO  impl.RoleInfo (RoleInfo.java:updateAndGet(143)) - 75159f97-af2c-48a6-bb8f-f5acb2145c35: start FollowerState
2019-10-28 11:44:51,522 [Thread-2090] INFO  impl.FollowerState (FollowerState.java:run(117)) - ce71e9bc-e571-4e52-8a73-1c9dce7b9fa7@group-08147416B334-FollowerState was interrupted: java.lang.InterruptedException: sleep interrupted
2019-10-28 11:44:51,522 [grpc-default-executor-8] INFO  impl.RoleInfo (RoleInfo.java:updateAndGet(143)) - ce71e9bc-e571-4e52-8a73-1c9dce7b9fa7: start FollowerState
2019-10-28 11:44:51,522 [Thread-2091] INFO  impl.FollowerState (FollowerState.java:run(117)) - 75159f97-af2c-48a6-bb8f-f5acb2145c35@group-08147416B334-FollowerState was interrupted: java.lang.InterruptedException: sleep interrupted
2019-10-28 11:44:51,536 [24830d12-f44b-43d9-b733-6f9667bbd6c9@group-08147416B334-LeaderElection122] INFO  impl.LeaderElection (LeaderElection.java:logAndReturn(56)) - 24830d12-f44b-43d9-b733-6f9667bbd6c9@group-08147416B334-LeaderElection122: Election REJECTED; received 2 response(s) [24830d12-f44b-43d9-b733-6f9667bbd6c9<-75159f97-af2c-48a6-bb8f-f5acb2145c35#0:FAIL-t93, 24830d12-f44b-43d9-b733-6f9667bbd6c9<-ce71e9bc-e571-4e52-8a73-1c9dce7b9fa7#0:FAIL-t93] and 0 exception(s); 24830d12-f44b-43d9-b733-6f9667bbd6c9@group-08147416B334:t93, leader=null, voted=24830d12-f44b-43d9-b733-6f9667bbd6c9, raftlog=24830d12-f44b-43d9-b733-6f9667bbd6c9@group-08147416B334-SegmentedRaftLog:OPENED:c-1,f-1,i0, conf=-1: [24830d12-f44b-43d9-b733-6f9667bbd6c9:192.168.164.193:40613, 75159f97-af2c-48a6-bb8f-f5acb2145c35:192.168.164.193:42423, ce71e9bc-e571-4e52-8a73-1c9dce7b9fa7:192.168.164.193:36234], old=null
2019-10-28 11:44:51,536 [24830d12-f44b-43d9-b733-6f9667bbd6c9@group-08147416B334-LeaderElection122] INFO  impl.RaftServerImpl (RaftServerImpl.java:setRole(184)) - 24830d12-f44b-43d9-b733-6f9667bbd6c9@group-08147416B334: changes role from CANDIDATE to FOLLOWER at term 93 for DISCOVERED_A_NEW_TERM
2019-10-28 11:44:51,536 [24830d12-f44b-43d9-b733-6f9667bbd6c9@group-08147416B334-LeaderElection122] INFO  impl.RoleInfo (RoleInfo.java:shutdownLeaderElection(134)) - 24830d12-f44b-43d9-b733-6f9667bbd6c9: shutdown LeaderElection
2019-10-28 11:44:51,536 [24830d12-f44b-43d9-b733-6f9667bbd6c9@group-08147416B334-LeaderElection122] INFO  impl.RoleInfo (RoleInfo.java:updateAndGet(143)) - 24830d12-f44b-43d9-b733-6f9667bbd6c9: start FollowerState
2019-10-28 11:44:51,640 [Thread-2098] INFO  impl.FollowerState (FollowerState.java:run(108)) - 24830d12-f44b-43d9-b733-6f9667bbd6c9@group-08147416B334-FollowerState: change to CANDIDATE, lastRpcTime:103ms, electionTimeout:103ms
2019-10-28 11:44:51,640 [Thread-2098] INFO  impl.RoleInfo (RoleInfo.java:shutdownFollowerState(121)) - 24830d12-f44b-43d9-b733-6f9667bbd6c9: shutdown FollowerState
2019-10-28 11:44:51,640 [Thread-2098] INFO  impl.RaftServerImpl (RaftServerImpl.java:setRole(184)) - 24830d12-f44b-43d9-b733-6f9667bbd6c9@group-08147416B334: changes role from  FOLLOWER to CANDIDATE at term 93 for changeToCandidate
2019-10-28 11:44:51,640 [Thread-2098] INFO  impl.RoleInfo (RoleInfo.java:updateAndGet(143)) - 24830d12-f44b-43d9-b733-6f9667bbd6c9: start LeaderElection
2019-10-28 11:44:51,654 [24830d12-f44b-43d9-b733-6f9667bbd6c9@group-08147416B334-LeaderElection123] INFO  impl.LeaderElection (LeaderElection.java:askForVotes(178)) - 24830d12-f44b-43d9-b733-6f9667bbd6c9@group-08147416B334-LeaderElection123: begin an election at term 94 for -1: [24830d12-f44b-43d9-b733-6f9667bbd6c9:192.168.164.193:40613, 75159f97-af2c-48a6-bb8f-f5acb2145c35:192.168.164.193:42423, ce71e9bc-e571-4e52-8a73-1c9dce7b9fa7:192.168.164.193:36234], old=null
2019-10-28 11:44:51,656 [grpc-default-executor-8] INFO  impl.RaftServerImpl (RaftServerImpl.java:setRole(184)) - 75159f97-af2c-48a6-bb8f-f5acb2145c35@group-08147416B334: changes role from  FOLLOWER to FOLLOWER at term 94 for recognizeCandidate:24830d12-f44b-43d9-b733-6f9667bbd6c9
2019-10-28 11:44:51,656 [grpc-default-executor-8] INFO  impl.RoleInfo (RoleInfo.java:shutdownFollowerState(121)) - 75159f97-af2c-48a6-bb8f-f5acb2145c35: shutdown FollowerState
2019-10-28 11:44:51,656 [grpc-default-executor-8] INFO  impl.RoleInfo (RoleInfo.java:updateAndGet(143)) - 75159f97-af2c-48a6-bb8f-f5acb2145c35: start FollowerState
2019-10-28 11:44:51,656 [Thread-2096] INFO  impl.FollowerState (FollowerState.java:run(117)) - 75159f97-af2c-48a6-bb8f-f5acb2145c35@group-08147416B334-FollowerState was interrupted: java.lang.InterruptedException: sleep interrupted
2019-10-28 11:44:51,656 [grpc-default-executor-2] INFO  impl.RaftServerImpl (RaftServerImpl.java:setRole(184)) - ce71e9bc-e571-4e52-8a73-1c9dce7b9fa7@group-08147416B334: changes role from  FOLLOWER to FOLLOWER at term 94 for recognizeCandidate:24830d12-f44b-43d9-b733-6f9667bbd6c9
2019-10-28 11:44:51,657 [grpc-default-executor-2] INFO  impl.RoleInfo (RoleInfo.java:shutdownFollowerState(121)) - ce71e9bc-e571-4e52-8a73-1c9dce7b9fa7: shutdown FollowerState
2019-10-28 11:44:51,657 [grpc-default-executor-2] INFO  impl.RoleInfo (RoleInfo.java:updateAndGet(143)) - ce71e9bc-e571-4e52-8a73-1c9dce7b9fa7: start FollowerState
2019-10-28 11:44:51,657 [Thread-2097] INFO  impl.FollowerState (FollowerState.java:run(117)) - ce71e9bc-e571-4e52-8a73-1c9dce7b9fa7@group-08147416B334-FollowerState was interrupted: java.lang.InterruptedException: sleep interrupted
2019-10-28 11:44:51,671 [24830d12-f44b-43d9-b733-6f9667bbd6c9@group-08147416B334-LeaderElection123] INFO  impl.LeaderElection (LeaderElection.java:logAndReturn(56)) - 24830d12-f44b-43d9-b733-6f9667bbd6c9@group-08147416B334-LeaderElection123: Election REJECTED; received 2 response(s) [24830d12-f44b-43d9-b733-6f9667bbd6c9<-75159f97-af2c-48a6-bb8f-f5acb2145c35#0:FAIL-t94, 24830d12-f44b-43d9-b733-6f9667bbd6c9<-ce71e9bc-e571-4e52-8a73-1c9dce7b9fa7#0:FAIL-t94] and 0 exception(s); 24830d12-f44b-43d9-b733-6f9667bbd6c9@group-08147416B334:t94, leader=null, voted=24830d12-f44b-43d9-b733-6f9667bbd6c9, raftlog=24830d12-f44b-43d9-b733-6f9667bbd6c9@group-08147416B334-SegmentedRaftLog:OPENED:c-1,f-1,i0, conf=-1: [24830d12-f44b-43d9-b733-6f9667bbd6c9:192.168.164.193:40613, 75159f97-af2c-48a6-bb8f-f5acb2145c35:192.168.164.193:42423, ce71e9bc-e571-4e52-8a73-1c9dce7b9fa7:192.168.164.193:36234], old=null
2019-10-28 11:44:51,671 [24830d12-f44b-43d9-b733-6f9667bbd6c9@group-08147416B334-LeaderElection123] INFO  impl.RaftServerImpl (RaftServerImpl.java:setRole(184)) - 24830d12-f44b-43d9-b733-6f9667bbd6c9@group-08147416B334: changes role from CANDIDATE to FOLLOWER at term 94 for DISCOVERED_A_NEW_TERM
2019-10-28 11:44:51,672 [24830d12-f44b-43d9-b733-6f9667bbd6c9@group-08147416B334-LeaderElection123] INFO  impl.RoleInfo (RoleInfo.java:shutdownLeaderElection(134)) - 24830d12-f44b-43d9-b733-6f9667bbd6c9: shutdown LeaderElection
2019-10-28 11:44:51,672 [24830d12-f44b-43d9-b733-6f9667bbd6c9@group-08147416B334-LeaderElection123] INFO  impl.RoleInfo (RoleInfo.java:updateAndGet(143)) - 24830d12-f44b-43d9-b733-6f9667bbd6c9: start FollowerState
2019-10-28 11:44:51,679 [Thread-2106] INFO  impl.FollowerState (FollowerState.java:run(108)) - 24830d12-f44b-43d9-b733-6f9667bbd6c9@group-08147416B334-FollowerState: change to CANDIDATE, lastRpcTime:7ms, electionTimeout:7ms
2019-10-28 11:44:51,679 [Thread-2106] INFO  impl.RoleInfo (RoleInfo.java:shutdownFollowerState(121)) - 24830d12-f44b-43d9-b733-6f9667bbd6c9: shutdown FollowerState
2019-10-28 11:44:51,679 [Thread-2106] INFO  impl.RaftServerImpl (RaftServerImpl.java:setRole(184)) - 24830d12-f44b-43d9-b733-6f9667bbd6c9@group-08147416B334: changes role from  FOLLOWER to CANDIDATE at term 94 for changeToCandidate
2019-10-28 11:44:51,679 [Thread-2106] INFO  impl.RoleInfo (RoleInfo.java:updateAndGet(143)) - 24830d12-f44b-43d9-b733-6f9667bbd6c9: start LeaderElection
2019-10-28 11:44:51,693 [24830d12-f44b-43d9-b733-6f9667bbd6c9@group-08147416B334-LeaderElection124] INFO  impl.LeaderElection (LeaderElection.java:askForVotes(178)) - 24830d12-f44b-43d9-b733-6f9667bbd6c9@group-08147416B334-LeaderElection124: begin an election at term 95 for -1: [24830d12-f44b-43d9-b733-6f9667bbd6c9:192.168.164.193:40613, 75159f97-af2c-48a6-bb8f-f5acb2145c35:192.168.164.193:42423, ce71e9bc-e571-4e52-8a73-1c9dce7b9fa7:192.168.164.193:36234], old=null
2019-10-28 11:44:51,695 [grpc-default-executor-2] INFO  impl.RaftServerImpl (RaftServerImpl.java:setRole(184)) - 75159f97-af2c-48a6-bb8f-f5acb2145c35@group-08147416B334: changes role from  FOLLOWER to FOLLOWER at term 95 for recognizeCandidate:24830d12-f44b-43d9-b733-6f9667bbd6c9
2019-10-28 11:44:51,695 [grpc-default-executor-8] INFO  impl.RaftServerImpl (RaftServerImpl.java:setRole(184)) - ce71e9bc-e571-4e52-8a73-1c9dce7b9fa7@group-08147416B334: changes role from  FOLLOWER to FOLLOWER at term 95 for recognizeCandidate:24830d12-f44b-43d9-b733-6f9667bbd6c9
2019-10-28 11:44:51,696 [grpc-default-executor-2] INFO  impl.RoleInfo (RoleInfo.java:shutdownFollowerState(121)) - 75159f97-af2c-48a6-bb8f-f5acb2145c35: shutdown FollowerState
2019-10-28 11:44:51,696 [grpc-default-executor-8] INFO  impl.RoleInfo (RoleInfo.java:shutdownFollowerState(121)) - ce71e9bc-e571-4e52-8a73-1c9dce7b9fa7: shutdown FollowerState
2019-10-28 11:44:51,696 [Thread-2104] INFO  impl.FollowerState (FollowerState.java:run(117)) - 75159f97-af2c-48a6-bb8f-f5acb2145c35@group-08147416B334-FollowerState was interrupted: java.lang.InterruptedException: sleep interrupted
2019-10-28 11:44:51,696 [grpc-default-executor-2] INFO  impl.RoleInfo (RoleInfo.java:updateAndGet(143)) - 75159f97-af2c-48a6-bb8f-f5acb2145c35: start FollowerState
2019-10-28 11:44:51,696 [Thread-2105] INFO  impl.FollowerState (FollowerState.java:run(117)) - ce71e9bc-e571-4e52-8a73-1c9dce7b9fa7@group-08147416B334-FollowerState was interrupted: java.lang.InterruptedException: sleep interrupted
2019-10-28 11:44:51,696 [grpc-default-executor-8] INFO  impl.RoleInfo (RoleInfo.java:updateAndGet(143)) - ce71e9bc-e571-4e52-8a73-1c9dce7b9fa7: start FollowerState
2019-10-28 11:44:51,711 [24830d12-f44b-43d9-b733-6f9667bbd6c9@group-08147416B334-LeaderElection124] INFO  impl.LeaderElection (LeaderElection.java:logAndReturn(56)) - 24830d12-f44b-43d9-b733-6f9667bbd6c9@group-08147416B334-LeaderElection124: Election REJECTED; received 2 response(s) [24830d12-f44b-43d9-b733-6f9667bbd6c9<-75159f97-af2c-48a6-bb8f-f5acb2145c35#0:FAIL-t95, 24830d12-f44b-43d9-b733-6f9667bbd6c9<-ce71e9bc-e571-4e52-8a73-1c9dce7b9fa7#0:FAIL-t95] and 0 exception(s); 24830d12-f44b-43d9-b733-6f9667bbd6c9@group-08147416B334:t95, leader=null, voted=24830d12-f44b-43d9-b733-6f9667bbd6c9, raftlog=24830d12-f44b-43d9-b733-6f9667bbd6c9@group-08147416B334-SegmentedRaftLog:OPENED:c-1,f-1,i0, conf=-1: [24830d12-f44b-43d9-b733-6f9667bbd6c9:192.168.164.193:40613, 75159f97-af2c-48a6-bb8f-f5acb2145c35:192.168.164.193:42423, ce71e9bc-e571-4e52-8a73-1c9dce7b9fa7:192.168.164.193:36234], old=null
2019-10-28 11:44:51,711 [24830d12-f44b-43d9-b733-6f9667bbd6c9@group-08147416B334-LeaderElection124] INFO  impl.RaftServerImpl (RaftServerImpl.java:setRole(184)) - 24830d12-f44b-43d9-b733-6f9667bbd6c9@group-08147416B334: changes role from CANDIDATE to FOLLOWER at term 95 for DISCOVERED_A_NEW_TERM
2019-10-28 11:44:51,711 [24830d12-f44b-43d9-b733-6f9667bbd6c9@group-08147416B334-LeaderElection124] INFO  impl.RoleInfo (RoleInfo.java:shutdownLeaderElection(134)) - 24830d12-f44b-43d9-b733-6f9667bbd6c9: shutdown LeaderElection
2019-10-28 11:44:51,711 [24830d12-f44b-43d9-b733-6f9667bbd6c9@group-08147416B334-LeaderElection124] INFO  impl.RoleInfo (RoleInfo.java:updateAndGet(143)) - 24830d12-f44b-43d9-b733-6f9667bbd6c9: start FollowerState
2019-10-28 11:44:51,827 [Thread-2112] INFO  impl.FollowerState (FollowerState.java:run(108)) - 24830d12-f44b-43d9-b733-6f9667bbd6c9@group-08147416B334-FollowerState: change to CANDIDATE, lastRpcTime:115ms, electionTimeout:115ms
2019-10-28 11:44:51,827 [Thread-2112] INFO  impl.RoleInfo (RoleInfo.java:shutdownFollowerState(121)) - 24830d12-f44b-43d9-b733-6f9667bbd6c9: shutdown FollowerState
2019-10-28 11:44:51,827 [Thread-2112] INFO  impl.RaftServerImpl (RaftServerImpl.java:setRole(184)) - 24830d12-f44b-43d9-b733-6f9667bbd6c9@group-08147416B334: changes role from  FOLLOWER to CANDIDATE at term 95 for changeToCandidate
2019-10-28 11:44:51,827 [Thread-2112] INFO  impl.RoleInfo (RoleInfo.java:updateAndGet(143)) - 24830d12-f44b-43d9-b733-6f9667bbd6c9: start LeaderElection
2019-10-28 11:44:51,841 [24830d12-f44b-43d9-b733-6f9667bbd6c9@group-08147416B334-LeaderElection125] INFO  impl.LeaderElection (LeaderElection.java:askForVotes(178)) - 24830d12-f44b-43d9-b733-6f9667bbd6c9@group-08147416B334-LeaderElection125: begin an election at term 96 for -1: [24830d12-f44b-43d9-b733-6f9667bbd6c9:192.168.164.193:40613, 75159f97-af2c-48a6-bb8f-f5acb2145c35:192.168.164.193:42423, ce71e9bc-e571-4e52-8a73-1c9dce7b9fa7:192.168.164.193:36234], old=null
2019-10-28 11:44:51,843 [grpc-default-executor-8] INFO  impl.RaftServerImpl (RaftServerImpl.java:setRole(184)) - ce71e9bc-e571-4e52-8a73-1c9dce7b9fa7@group-08147416B334: changes role from  FOLLOWER to FOLLOWER at term 96 for recognizeCandidate:24830d12-f44b-43d9-b733-6f9667bbd6c9
2019-10-28 11:44:51,844 [grpc-default-executor-2] INFO  impl.RaftServerImpl (RaftServerImpl.java:setRole(184)) - 75159f97-af2c-48a6-bb8f-f5acb2145c35@group-08147416B334: changes role from  FOLLOWER to FOLLOWER at term 96 for recognizeCandidate:24830d12-f44b-43d9-b733-6f9667bbd6c9
2019-10-28 11:44:51,844 [grpc-default-executor-8] INFO  impl.RoleInfo (RoleInfo.java:shutdownFollowerState(121)) - ce71e9bc-e571-4e52-8a73-1c9dce7b9fa7: shutdown FollowerState
2019-10-28 11:44:51,844 [grpc-default-executor-2] INFO  impl.RoleInfo (RoleInfo.java:shutdownFollowerState(121)) - 75159f97-af2c-48a6-bb8f-f5acb2145c35: shutdown FollowerState
2019-10-28 11:44:51,844 [Thread-2111] INFO  impl.FollowerState (FollowerState.java:run(117)) - ce71e9bc-e571-4e52-8a73-1c9dce7b9fa7@group-08147416B334-FollowerState was interrupted: java.lang.InterruptedException: sleep interrupted
2019-10-28 11:44:51,844 [grpc-default-executor-8] INFO  impl.RoleInfo (RoleInfo.java:updateAndGet(143)) - ce71e9bc-e571-4e52-8a73-1c9dce7b9fa7: start FollowerState
2019-10-28 11:44:51,844 [Thread-2110] INFO  impl.FollowerState (FollowerState.java:run(117)) - 75159f97-af2c-48a6-bb8f-f5acb2145c35@group-08147416B334-FollowerState was interrupted: java.lang.InterruptedException: sleep interrupted
2019-10-28 11:44:51,844 [grpc-default-executor-2] INFO  impl.RoleInfo (RoleInfo.java:updateAndGet(143)) - 75159f97-af2c-48a6-bb8f-f5acb2145c35: start FollowerState
2019-10-28 11:44:51,858 [24830d12-f44b-43d9-b733-6f9667bbd6c9@group-08147416B334-LeaderElection125] INFO  impl.LeaderElection (LeaderElection.java:logAndReturn(56)) - 24830d12-f44b-43d9-b733-6f9667bbd6c9@group-08147416B334-LeaderElection125: Election REJECTED; received 2 response(s) [24830d12-f44b-43d9-b733-6f9667bbd6c9<-75159f97-af2c-48a6-bb8f-f5acb2145c35#0:FAIL-t96, 24830d12-f44b-43d9-b733-6f9667bbd6c9<-ce71e9bc-e571-4e52-8a73-1c9dce7b9fa7#0:FAIL-t96] and 0 exception(s); 24830d12-f44b-43d9-b733-6f9667bbd6c9@group-08147416B334:t96, leader=null, voted=24830d12-f44b-43d9-b733-6f9667bbd6c9, raftlog=24830d12-f44b-43d9-b733-6f9667bbd6c9@group-08147416B334-SegmentedRaftLog:OPENED:c-1,f-1,i0, conf=-1: [24830d12-f44b-43d9-b733-6f9667bbd6c9:192.168.164.193:40613, 75159f97-af2c-48a6-bb8f-f5acb2145c35:192.168.164.193:42423, ce71e9bc-e571-4e52-8a73-1c9dce7b9fa7:192.168.164.193:36234], old=null
2019-10-28 11:44:51,858 [24830d12-f44b-43d9-b733-6f9667bbd6c9@group-08147416B334-LeaderElection125] INFO  impl.RaftServerImpl (RaftServerImpl.java:setRole(184)) - 24830d12-f44b-43d9-b733-6f9667bbd6c9@group-08147416B334: changes role from CANDIDATE to FOLLOWER at term 96 for DISCOVERED_A_NEW_TERM
2019-10-28 11:44:51,858 [24830d12-f44b-43d9-b733-6f9667bbd6c9@group-08147416B334-LeaderElection125] INFO  impl.RoleInfo (RoleInfo.java:shutdownLeaderElection(134)) - 24830d12-f44b-43d9-b733-6f9667bbd6c9: shutdown LeaderElection
2019-10-28 11:44:51,858 [24830d12-f44b-43d9-b733-6f9667bbd6c9@group-08147416B334-LeaderElection125] INFO  impl.RoleInfo (RoleInfo.java:updateAndGet(143)) - 24830d12-f44b-43d9-b733-6f9667bbd6c9: start FollowerState
2019-10-28 11:44:52,048 [Thread-2120] INFO  impl.FollowerState (FollowerState.java:run(108)) - 24830d12-f44b-43d9-b733-6f9667bbd6c9@group-08147416B334-FollowerState: change to CANDIDATE, lastRpcTime:189ms, electionTimeout:189ms
2019-10-28 11:44:52,048 [Thread-2120] INFO  impl.RoleInfo (RoleInfo.java:shutdownFollowerState(121)) - 24830d12-f44b-43d9-b733-6f9667bbd6c9: shutdown FollowerState
2019-10-28 11:44:52,048 [Thread-2120] INFO  impl.RaftServerImpl (RaftServerImpl.java:setRole(184)) - 24830d12-f44b-43d9-b733-6f9667bbd6c9@group-08147416B334: changes role from  FOLLOWER to CANDIDATE at term 96 for changeToCandidate
2019-10-28 11:44:52,048 [Thread-2120] INFO  impl.RoleInfo (RoleInfo.java:updateAndGet(143)) - 24830d12-f44b-43d9-b733-6f9667bbd6c9: start LeaderElection
2019-10-28 11:44:52,061 [24830d12-f44b-43d9-b733-6f9667bbd6c9@group-08147416B334-LeaderElection126] INFO  impl.LeaderElection (LeaderElection.java:askForVotes(178)) - 24830d12-f44b-43d9-b733-6f9667bbd6c9@group-08147416B334-LeaderElection126: begin an election at term 97 for -1: [24830d12-f44b-43d9-b733-6f9667bbd6c9:192.168.164.193:40613, 75159f97-af2c-48a6-bb8f-f5acb2145c35:192.168.164.193:42423, ce71e9bc-e571-4e52-8a73-1c9dce7b9fa7:192.168.164.193:36234], old=null
2019-10-28 11:44:52,063 [grpc-default-executor-8] INFO  impl.RaftServerImpl (RaftServerImpl.java:setRole(184)) - ce71e9bc-e571-4e52-8a73-1c9dce7b9fa7@group-08147416B334: changes role from  FOLLOWER to FOLLOWER at term 97 for recognizeCandidate:24830d12-f44b-43d9-b733-6f9667bbd6c9
2019-10-28 11:44:52,063 [grpc-default-executor-2] INFO  impl.RaftServerImpl (RaftServerImpl.java:setRole(184)) - 75159f97-af2c-48a6-bb8f-f5acb2145c35@group-08147416B334: changes role from  FOLLOWER to FOLLOWER at term 97 for recognizeCandidate:24830d12-f44b-43d9-b733-6f9667bbd6c9
2019-10-28 11:44:52,063 [grpc-default-executor-2] INFO  impl.RoleInfo (RoleInfo.java:shutdownFollowerState(121)) - 75159f97-af2c-48a6-bb8f-f5acb2145c35: shutdown FollowerState
2019-10-28 11:44:52,063 [grpc-default-executor-8] INFO  impl.RoleInfo (RoleInfo.java:shutdownFollowerState(121)) - ce71e9bc-e571-4e52-8a73-1c9dce7b9fa7: shutdown FollowerState
2019-10-28 11:44:52,064 [grpc-default-executor-2] INFO  impl.RoleInfo (RoleInfo.java:updateAndGet(143)) - 75159f97-af2c-48a6-bb8f-f5acb2145c35: start FollowerState
2019-10-28 11:44:52,064 [Thread-2118] INFO  impl.FollowerState (FollowerState.java:run(117)) - ce71e9bc-e571-4e52-8a73-1c9dce7b9fa7@group-08147416B334-FollowerState was interrupted: java.lang.InterruptedException: sleep interrupted
2019-10-28 11:44:52,064 [Thread-2119] INFO  impl.FollowerState (FollowerState.java:run(117)) - 75159f97-af2c-48a6-bb8f-f5acb2145c35@group-08147416B334-FollowerState was interrupted: java.lang.InterruptedException: sleep interrupted
2019-10-28 11:44:52,064 [grpc-default-executor-8] INFO  impl.RoleInfo (RoleInfo.java:updateAndGet(143)) - ce71e9bc-e571-4e52-8a73-1c9dce7b9fa7: start FollowerState
2019-10-28 11:44:52,078 [24830d12-f44b-43d9-b733-6f9667bbd6c9@group-08147416B334-LeaderElection126] INFO  impl.LeaderElection (LeaderElection.java:logAndReturn(56)) - 24830d12-f44b-43d9-b733-6f9667bbd6c9@group-08147416B334-LeaderElection126: Election REJECTED; received 2 response(s) [24830d12-f44b-43d9-b733-6f9667bbd6c9<-75159f97-af2c-48a6-bb8f-f5acb2145c35#0:FAIL-t97, 24830d12-f44b-43d9-b733-6f9667bbd6c9<-ce71e9bc-e571-4e52-8a73-1c9dce7b9fa7#0:FAIL-t97] and 0 exception(s); 24830d12-f44b-43d9-b733-6f9667bbd6c9@group-08147416B334:t97, leader=null, voted=24830d12-f44b-43d9-b733-6f9667bbd6c9, raftlog=24830d12-f44b-43d9-b733-6f9667bbd6c9@group-08147416B334-SegmentedRaftLog:OPENED:c-1,f-1,i0, conf=-1: [24830d12-f44b-43d9-b733-6f9667bbd6c9:192.168.164.193:40613, 75159f97-af2c-48a6-bb8f-f5acb2145c35:192.168.164.193:42423, ce71e9bc-e571-4e52-8a73-1c9dce7b9fa7:192.168.164.193:36234], old=null
2019-10-28 11:44:52,078 [24830d12-f44b-43d9-b733-6f9667bbd6c9@group-08147416B334-LeaderElection126] INFO  impl.RaftServerImpl (RaftServerImpl.java:setRole(184)) - 24830d12-f44b-43d9-b733-6f9667bbd6c9@group-08147416B334: changes role from CANDIDATE to FOLLOWER at term 97 for DISCOVERED_A_NEW_TERM
2019-10-28 11:44:52,078 [24830d12-f44b-43d9-b733-6f9667bbd6c9@group-08147416B334-LeaderElection126] INFO  impl.RoleInfo (RoleInfo.java:shutdownLeaderElection(134)) - 24830d12-f44b-43d9-b733-6f9667bbd6c9: shutdown LeaderElection
2019-10-28 11:44:52,078 [24830d12-f44b-43d9-b733-6f9667bbd6c9@group-08147416B334-LeaderElection126] INFO  impl.RoleInfo (RoleInfo.java:updateAndGet(143)) - 24830d12-f44b-43d9-b733-6f9667bbd6c9: start FollowerState
2019-10-28 11:44:52,241 [Thread-2128] INFO  impl.FollowerState (FollowerState.java:run(108)) - 24830d12-f44b-43d9-b733-6f9667bbd6c9@group-08147416B334-FollowerState: change to CANDIDATE, lastRpcTime:162ms, electionTimeout:161ms
2019-10-28 11:44:52,241 [Thread-2128] INFO  impl.RoleInfo (RoleInfo.java:shutdownFollowerState(121)) - 24830d12-f44b-43d9-b733-6f9667bbd6c9: shutdown FollowerState
2019-10-28 11:44:52,241 [Thread-2128] INFO  impl.RaftServerImpl (RaftServerImpl.java:setRole(184)) - 24830d12-f44b-43d9-b733-6f9667bbd6c9@group-08147416B334: changes role from  FOLLOWER to CANDIDATE at term 97 for changeToCandidate
2019-10-28 11:44:52,241 [Thread-2128] INFO  impl.RoleInfo (RoleInfo.java:updateAndGet(143)) - 24830d12-f44b-43d9-b733-6f9667bbd6c9: start LeaderElection
2019-10-28 11:44:52,254 [24830d12-f44b-43d9-b733-6f9667bbd6c9@group-08147416B334-LeaderElection127] INFO  impl.LeaderElection (LeaderElection.java:askForVotes(178)) - 24830d12-f44b-43d9-b733-6f9667bbd6c9@group-08147416B334-LeaderElection127: begin an election at term 98 for -1: [24830d12-f44b-43d9-b733-6f9667bbd6c9:192.168.164.193:40613, 75159f97-af2c-48a6-bb8f-f5acb2145c35:192.168.164.193:42423, ce71e9bc-e571-4e52-8a73-1c9dce7b9fa7:192.168.164.193:36234], old=null
2019-10-28 11:44:52,256 [grpc-default-executor-2] INFO  impl.RaftServerImpl (RaftServerImpl.java:setRole(184)) - ce71e9bc-e571-4e52-8a73-1c9dce7b9fa7@group-08147416B334: changes role from  FOLLOWER to FOLLOWER at term 98 for recognizeCandidate:24830d12-f44b-43d9-b733-6f9667bbd6c9
2019-10-28 11:44:52,256 [grpc-default-executor-8] INFO  impl.RaftServerImpl (RaftServerImpl.java:setRole(184)) - 75159f97-af2c-48a6-bb8f-f5acb2145c35@group-08147416B334: changes role from  FOLLOWER to FOLLOWER at term 98 for recognizeCandidate:24830d12-f44b-43d9-b733-6f9667bbd6c9
2019-10-28 11:44:52,256 [grpc-default-executor-2] INFO  impl.RoleInfo (RoleInfo.java:shutdownFollowerState(121)) - ce71e9bc-e571-4e52-8a73-1c9dce7b9fa7: shutdown FollowerState
2019-10-28 11:44:52,256 [grpc-default-executor-8] INFO  impl.RoleInfo (RoleInfo.java:shutdownFollowerState(121)) - 75159f97-af2c-48a6-bb8f-f5acb2145c35: shutdown FollowerState
2019-10-28 11:44:52,256 [Thread-2127] INFO  impl.FollowerState (FollowerState.java:run(117)) - ce71e9bc-e571-4e52-8a73-1c9dce7b9fa7@group-08147416B334-FollowerState was interrupted: java.lang.InterruptedException: sleep interrupted
2019-10-28 11:44:52,256 [grpc-default-executor-2] INFO  impl.RoleInfo (RoleInfo.java:updateAndGet(143)) - ce71e9bc-e571-4e52-8a73-1c9dce7b9fa7: start FollowerState
2019-10-28 11:44:52,257 [Thread-2126] INFO  impl.FollowerState (FollowerState.java:run(117)) - 75159f97-af2c-48a6-bb8f-f5acb2145c35@group-08147416B334-FollowerState was interrupted: java.lang.InterruptedException: sleep interrupted
2019-10-28 11:44:52,257 [grpc-default-executor-8] INFO  impl.RoleInfo (RoleInfo.java:updateAndGet(143)) - 75159f97-af2c-48a6-bb8f-f5acb2145c35: start FollowerState
2019-10-28 11:44:52,271 [24830d12-f44b-43d9-b733-6f9667bbd6c9@group-08147416B334-LeaderElection127] INFO  impl.LeaderElection (LeaderElection.java:logAndReturn(56)) - 24830d12-f44b-43d9-b733-6f9667bbd6c9@group-08147416B334-LeaderElection127: Election TIMEOUT; received 0 response(s) [] and 0 exception(s); 24830d12-f44b-43d9-b733-6f9667bbd6c9@group-08147416B334:t98, leader=null, voted=24830d12-f44b-43d9-b733-6f9667bbd6c9, raftlog=24830d12-f44b-43d9-b733-6f9667bbd6c9@group-08147416B334-SegmentedRaftLog:OPENED:c-1,f-1,i0, conf=-1: [24830d12-f44b-43d9-b733-6f9667bbd6c9:192.168.164.193:40613, 75159f97-af2c-48a6-bb8f-f5acb2145c35:192.168.164.193:42423, ce71e9bc-e571-4e52-8a73-1c9dce7b9fa7:192.168.164.193:36234], old=null
2019-10-28 11:44:52,274 [24830d12-f44b-43d9-b733-6f9667bbd6c9@group-08147416B334-LeaderElection127] INFO  impl.LeaderElection (LeaderElection.java:askForVotes(178)) - 24830d12-f44b-43d9-b733-6f9667bbd6c9@group-08147416B334-LeaderElection127: begin an election at term 99 for -1: [24830d12-f44b-43d9-b733-6f9667bbd6c9:192.168.164.193:40613, 75159f97-af2c-48a6-bb8f-f5acb2145c35:192.168.164.193:42423, ce71e9bc-e571-4e52-8a73-1c9dce7b9fa7:192.168.164.193:36234], old=null
2019-10-28 11:44:52,276 [grpc-default-executor-8] INFO  impl.RaftServerImpl (RaftServerImpl.java:setRole(184)) - 75159f97-af2c-48a6-bb8f-f5acb2145c35@group-08147416B334: changes role from  FOLLOWER to FOLLOWER at term 99 for recognizeCandidate:24830d12-f44b-43d9-b733-6f9667bbd6c9
2019-10-28 11:44:52,276 [grpc-default-executor-2] INFO  impl.RaftServerImpl (RaftServerImpl.java:setRole(184)) - ce71e9bc-e571-4e52-8a73-1c9dce7b9fa7@group-08147416B334: changes role from  FOLLOWER to FOLLOWER at term 99 for recognizeCandidate:24830d12-f44b-43d9-b733-6f9667bbd6c9
2019-10-28 11:44:52,276 [grpc-default-executor-8] INFO  impl.RoleInfo (RoleInfo.java:shutdownFollowerState(121)) - 75159f97-af2c-48a6-bb8f-f5acb2145c35: shutdown FollowerState
2019-10-28 11:44:52,276 [grpc-default-executor-2] INFO  impl.RoleInfo (RoleInfo.java:shutdownFollowerState(121)) - ce71e9bc-e571-4e52-8a73-1c9dce7b9fa7: shutdown FollowerState
2019-10-28 11:44:52,276 [Thread-2135] INFO  impl.FollowerState (FollowerState.java:run(117)) - 75159f97-af2c-48a6-bb8f-f5acb2145c35@group-08147416B334-FollowerState was interrupted: java.lang.InterruptedException: sleep interrupted
2019-10-28 11:44:52,276 [Thread-2134] INFO  impl.FollowerState (FollowerState.java:run(117)) - ce71e9bc-e571-4e52-8a73-1c9dce7b9fa7@group-08147416B334-FollowerState was interrupted: java.lang.InterruptedException: sleep interrupted
2019-10-28 11:44:52,276 [grpc-default-executor-8] INFO  impl.RoleInfo (RoleInfo.java:updateAndGet(143)) - 75159f97-af2c-48a6-bb8f-f5acb2145c35: start FollowerState
2019-10-28 11:44:52,276 [grpc-default-executor-2] INFO  impl.RoleInfo (RoleInfo.java:updateAndGet(143)) - ce71e9bc-e571-4e52-8a73-1c9dce7b9fa7: start FollowerState
2019-10-28 11:44:52,284 [24830d12-f44b-43d9-b733-6f9667bbd6c9@group-08147416B334-LeaderElection127] INFO  impl.LeaderElection (LeaderElection.java:logAndReturn(56)) - 24830d12-f44b-43d9-b733-6f9667bbd6c9@group-08147416B334-LeaderElection127: Election REJECTED; received 2 response(s) [24830d12-f44b-43d9-b733-6f9667bbd6c9<-75159f97-af2c-48a6-bb8f-f5acb2145c35#0:FAIL-t99, 24830d12-f44b-43d9-b733-6f9667bbd6c9<-ce71e9bc-e571-4e52-8a73-1c9dce7b9fa7#0:FAIL-t99] and 0 exception(s); 24830d12-f44b-43d9-b733-6f9667bbd6c9@group-08147416B334:t99, leader=null, voted=24830d12-f44b-43d9-b733-6f9667bbd6c9, raftlog=24830d12-f44b-43d9-b733-6f9667bbd6c9@group-08147416B334-SegmentedRaftLog:OPENED:c-1,f-1,i0, conf=-1: [24830d12-f44b-43d9-b733-6f9667bbd6c9:192.168.164.193:40613, 75159f97-af2c-48a6-bb8f-f5acb2145c35:192.168.164.193:42423, ce71e9bc-e571-4e52-8a73-1c9dce7b9fa7:192.168.164.193:36234], old=null
2019-10-28 11:44:52,284 [24830d12-f44b-43d9-b733-6f9667bbd6c9@group-08147416B334-LeaderElection127] INFO  impl.RaftServerImpl (RaftServerImpl.java:setRole(184)) - 24830d12-f44b-43d9-b733-6f9667bbd6c9@group-08147416B334: changes role from CANDIDATE to FOLLOWER at term 99 for DISCOVERED_A_NEW_TERM
2019-10-28 11:44:52,284 [24830d12-f44b-43d9-b733-6f9667bbd6c9@group-08147416B334-LeaderElection127] INFO  impl.RoleInfo (RoleInfo.java:shutdownLeaderElection(134)) - 24830d12-f44b-43d9-b733-6f9667bbd6c9: shutdown LeaderElection
2019-10-28 11:44:52,284 [24830d12-f44b-43d9-b733-6f9667bbd6c9@group-08147416B334-LeaderElection127] INFO  impl.RoleInfo (RoleInfo.java:updateAndGet(143)) - 24830d12-f44b-43d9-b733-6f9667bbd6c9: start FollowerState
2019-10-28 11:44:52,299 [Thread-2140] INFO  impl.FollowerState (FollowerState.java:run(108)) - 24830d12-f44b-43d9-b733-6f9667bbd6c9@group-08147416B334-FollowerState: change to CANDIDATE, lastRpcTime:14ms, electionTimeout:14ms
2019-10-28 11:44:52,299 [Thread-2140] INFO  impl.RoleInfo (RoleInfo.java:shutdownFollowerState(121)) - 24830d12-f44b-43d9-b733-6f9667bbd6c9: shutdown FollowerState
2019-10-28 11:44:52,299 [Thread-2140] INFO  impl.RaftServerImpl (RaftServerImpl.java:setRole(184)) - 24830d12-f44b-43d9-b733-6f9667bbd6c9@group-08147416B334: changes role from  FOLLOWER to CANDIDATE at term 99 for changeToCandidate
2019-10-28 11:44:52,299 [Thread-2140] INFO  impl.RoleInfo (RoleInfo.java:updateAndGet(143)) - 24830d12-f44b-43d9-b733-6f9667bbd6c9: start LeaderElection
2019-10-28 11:44:52,312 [24830d12-f44b-43d9-b733-6f9667bbd6c9@group-08147416B334-LeaderElection128] INFO  impl.LeaderElection (LeaderElection.java:askForVotes(178)) - 24830d12-f44b-43d9-b733-6f9667bbd6c9@group-08147416B334-LeaderElection128: begin an election at term 100 for -1: [24830d12-f44b-43d9-b733-6f9667bbd6c9:192.168.164.193:40613, 75159f97-af2c-48a6-bb8f-f5acb2145c35:192.168.164.193:42423, ce71e9bc-e571-4e52-8a73-1c9dce7b9fa7:192.168.164.193:36234], old=null
2019-10-28 11:44:52,314 [grpc-default-executor-2] INFO  impl.RaftServerImpl (RaftServerImpl.java:setRole(184)) - 75159f97-af2c-48a6-bb8f-f5acb2145c35@group-08147416B334: changes role from  FOLLOWER to FOLLOWER at term 100 for recognizeCandidate:24830d12-f44b-43d9-b733-6f9667bbd6c9
2019-10-28 11:44:52,314 [grpc-default-executor-8] INFO  impl.RaftServerImpl (RaftServerImpl.java:setRole(184)) - ce71e9bc-e571-4e52-8a73-1c9dce7b9fa7@group-08147416B334: changes role from  FOLLOWER to FOLLOWER at term 100 for recognizeCandidate:24830d12-f44b-43d9-b733-6f9667bbd6c9
2019-10-28 11:44:52,314 [grpc-default-executor-8] INFO  impl.RoleInfo (RoleInfo.java:shutdownFollowerState(121)) - ce71e9bc-e571-4e52-8a73-1c9dce7b9fa7: shutdown FollowerState
2019-10-28 11:44:52,314 [grpc-default-executor-2] INFO  impl.RoleInfo (RoleInfo.java:shutdownFollowerState(121)) - 75159f97-af2c-48a6-bb8f-f5acb2145c35: shutdown FollowerState
2019-10-28 11:44:52,314 [Thread-2139] INFO  impl.FollowerState (FollowerState.java:run(117)) - ce71e9bc-e571-4e52-8a73-1c9dce7b9fa7@group-08147416B334-FollowerState was interrupted: java.lang.InterruptedException: sleep interrupted
2019-10-28 11:44:52,314 [Thread-2138] INFO  impl.FollowerState (FollowerState.java:run(117)) - 75159f97-af2c-48a6-bb8f-f5acb2145c35@group-08147416B334-FollowerState was interrupted: java.lang.InterruptedException: sleep interrupted
2019-10-28 11:44:52,314 [grpc-default-executor-8] INFO  impl.RoleInfo (RoleInfo.java:updateAndGet(143)) - ce71e9bc-e571-4e52-8a73-1c9dce7b9fa7: start FollowerState
2019-10-28 11:44:52,314 [grpc-default-executor-2] INFO  impl.RoleInfo (RoleInfo.java:updateAndGet(143)) - 75159f97-af2c-48a6-bb8f-f5acb2145c35: start FollowerState
2019-10-28 11:44:52,328 [24830d12-f44b-43d9-b733-6f9667bbd6c9@group-08147416B334-LeaderElection128] INFO  impl.LeaderElection (LeaderElection.java:logAndReturn(56)) - 24830d12-f44b-43d9-b733-6f9667bbd6c9@group-08147416B334-LeaderElection128: Election REJECTED; received 2 response(s) [24830d12-f44b-43d9-b733-6f9667bbd6c9<-75159f97-af2c-48a6-bb8f-f5acb2145c35#0:FAIL-t100, 24830d12-f44b-43d9-b733-6f9667bbd6c9<-ce71e9bc-e571-4e52-8a73-1c9dce7b9fa7#0:FAIL-t100] and 0 exception(s); 24830d12-f44b-43d9-b733-6f9667bbd6c9@group-08147416B334:t100, leader=null, voted=24830d12-f44b-43d9-b733-6f9667bbd6c9, raftlog=24830d12-f44b-43d9-b733-6f9667bbd6c9@group-08147416B334-SegmentedRaftLog:OPENED:c-1,f-1,i0, conf=-1: [24830d12-f44b-43d9-b733-6f9667bbd6c9:192.168.164.193:40613, 75159f97-af2c-48a6-bb8f-f5acb2145c35:192.168.164.193:42423, ce71e9bc-e571-4e52-8a73-1c9dce7b9fa7:192.168.164.193:36234], old=null
2019-10-28 11:44:52,329 [24830d12-f44b-43d9-b733-6f9667bbd6c9@group-08147416B334-LeaderElection128] INFO  impl.RaftServerImpl (RaftServerImpl.java:setRole(184)) - 24830d12-f44b-43d9-b733-6f9667bbd6c9@group-08147416B334: changes role from CANDIDATE to FOLLOWER at term 100 for DISCOVERED_A_NEW_TERM
2019-10-28 11:44:52,329 [24830d12-f44b-43d9-b733-6f9667bbd6c9@group-08147416B334-LeaderElection128] INFO  impl.RoleInfo (RoleInfo.java:shutdownLeaderElection(134)) - 24830d12-f44b-43d9-b733-6f9667bbd6c9: shutdown LeaderElection
2019-10-28 11:44:52,329 [24830d12-f44b-43d9-b733-6f9667bbd6c9@group-08147416B334-LeaderElection128] INFO  impl.RoleInfo (RoleInfo.java:updateAndGet(143)) - 24830d12-f44b-43d9-b733-6f9667bbd6c9: start FollowerState
2019-10-28 11:44:52,411 [Thread-2148] INFO  impl.FollowerState (FollowerState.java:run(108)) - 24830d12-f44b-43d9-b733-6f9667bbd6c9@group-08147416B334-FollowerState: change to CANDIDATE, lastRpcTime:82ms, electionTimeout:82ms
2019-10-28 11:44:52,412 [Thread-2148] INFO  impl.RoleInfo (RoleInfo.java:shutdownFollowerState(121)) - 24830d12-f44b-43d9-b733-6f9667bbd6c9: shutdown FollowerState
2019-10-28 11:44:52,412 [Thread-2148] INFO  impl.RaftServerImpl (RaftServerImpl.java:setRole(184)) - 24830d12-f44b-43d9-b733-6f9667bbd6c9@group-08147416B334: changes role from  FOLLOWER to CANDIDATE at term 100 for changeToCandidate
2019-10-28 11:44:52,412 [Thread-2148] INFO  impl.RoleInfo (RoleInfo.java:updateAndGet(143)) - 24830d12-f44b-43d9-b733-6f9667bbd6c9: start LeaderElection
2019-10-28 11:44:52,425 [24830d12-f44b-43d9-b733-6f9667bbd6c9@group-08147416B334-LeaderElection129] INFO  impl.LeaderElection (LeaderElection.java:askForVotes(178)) - 24830d12-f44b-43d9-b733-6f9667bbd6c9@group-08147416B334-LeaderElection129: begin an election at term 101 for -1: [24830d12-f44b-43d9-b733-6f9667bbd6c9:192.168.164.193:40613, 75159f97-af2c-48a6-bb8f-f5acb2145c35:192.168.164.193:42423, ce71e9bc-e571-4e52-8a73-1c9dce7b9fa7:192.168.164.193:36234], old=null
2019-10-28 11:44:52,427 [grpc-default-executor-2] INFO  impl.RaftServerImpl (RaftServerImpl.java:setRole(184)) - 75159f97-af2c-48a6-bb8f-f5acb2145c35@group-08147416B334: changes role from  FOLLOWER to FOLLOWER at term 101 for recognizeCandidate:24830d12-f44b-43d9-b733-6f9667bbd6c9
2019-10-28 11:44:52,427 [grpc-default-executor-8] INFO  impl.RaftServerImpl (RaftServerImpl.java:setRole(184)) - ce71e9bc-e571-4e52-8a73-1c9dce7b9fa7@group-08147416B334: changes role from  FOLLOWER to FOLLOWER at term 101 for recognizeCandidate:24830d12-f44b-43d9-b733-6f9667bbd6c9
2019-10-28 11:44:52,427 [grpc-default-executor-2] INFO  impl.RoleInfo (RoleInfo.java:shutdownFollowerState(121)) - 75159f97-af2c-48a6-bb8f-f5acb2145c35: shutdown FollowerState
2019-10-28 11:44:52,428 [grpc-default-executor-8] INFO  impl.RoleInfo (RoleInfo.java:shutdownFollowerState(121)) - ce71e9bc-e571-4e52-8a73-1c9dce7b9fa7: shutdown FollowerState
2019-10-28 11:44:52,428 [Thread-2147] INFO  impl.FollowerState (FollowerState.java:run(117)) - 75159f97-af2c-48a6-bb8f-f5acb2145c35@group-08147416B334-FollowerState was interrupted: java.lang.InterruptedException: sleep interrupted
2019-10-28 11:44:52,428 [grpc-default-executor-2] INFO  impl.RoleInfo (RoleInfo.java:updateAndGet(143)) - 75159f97-af2c-48a6-bb8f-f5acb2145c35: start FollowerState
2019-10-28 11:44:52,428 [Thread-2146] INFO  impl.FollowerState (FollowerState.java:run(117)) - ce71e9bc-e571-4e52-8a73-1c9dce7b9fa7@group-08147416B334-FollowerState was interrupted: java.lang.InterruptedException: sleep interrupted
2019-10-28 11:44:52,428 [grpc-default-executor-8] INFO  impl.RoleInfo (RoleInfo.java:updateAndGet(143)) - ce71e9bc-e571-4e52-8a73-1c9dce7b9fa7: start FollowerState
2019-10-28 11:44:52,439 [24830d12-f44b-43d9-b733-6f9667bbd6c9@group-08147416B334-LeaderElection129] INFO  impl.LeaderElection (LeaderElection.java:logAndReturn(56)) - 24830d12-f44b-43d9-b733-6f9667bbd6c9@group-08147416B334-LeaderElection129: Election TIMEOUT; received 0 response(s) [] and 0 exception(s); 24830d12-f44b-43d9-b733-6f9667bbd6c9@group-08147416B334:t101, leader=null, voted=24830d12-f44b-43d9-b733-6f9667bbd6c9, raftlog=24830d12-f44b-43d9-b733-6f9667bbd6c9@group-08147416B334-SegmentedRaftLog:OPENED:c-1,f-1,i0, conf=-1: [24830d12-f44b-43d9-b733-6f9667bbd6c9:192.168.164.193:40613, 75159f97-af2c-48a6-bb8f-f5acb2145c35:192.168.164.193:42423, ce71e9bc-e571-4e52-8a73-1c9dce7b9fa7:192.168.164.193:36234], old=null
2019-10-28 11:44:52,443 [24830d12-f44b-43d9-b733-6f9667bbd6c9@group-08147416B334-LeaderElection129] INFO  impl.LeaderElection (LeaderElection.java:askForVotes(178)) - 24830d12-f44b-43d9-b733-6f9667bbd6c9@group-08147416B334-LeaderElection129: begin an election at term 102 for -1: [24830d12-f44b-43d9-b733-6f9667bbd6c9:192.168.164.193:40613, 75159f97-af2c-48a6-bb8f-f5acb2145c35:192.168.164.193:42423, ce71e9bc-e571-4e52-8a73-1c9dce7b9fa7:192.168.164.193:36234], old=null
2019-10-28 11:44:52,445 [grpc-default-executor-2] INFO  impl.RaftServerImpl (RaftServerImpl.java:setRole(184)) - 75159f97-af2c-48a6-bb8f-f5acb2145c35@group-08147416B334: changes role from  FOLLOWER to FOLLOWER at term 102 for recognizeCandidate:24830d12-f44b-43d9-b733-6f9667bbd6c9
2019-10-28 11:44:52,445 [grpc-default-executor-8] INFO  impl.RaftServerImpl (RaftServerImpl.java:setRole(184)) - ce71e9bc-e571-4e52-8a73-1c9dce7b9fa7@group-08147416B334: changes role from  FOLLOWER to FOLLOWER at term 102 for recognizeCandidate:24830d12-f44b-43d9-b733-6f9667bbd6c9
2019-10-28 11:44:52,445 [grpc-default-executor-2] INFO  impl.RoleInfo (RoleInfo.java:shutdownFollowerState(121)) - 75159f97-af2c-48a6-bb8f-f5acb2145c35: shutdown FollowerState
2019-10-28 11:44:52,445 [grpc-default-executor-8] INFO  impl.RoleInfo (RoleInfo.java:shutdownFollowerState(121)) - ce71e9bc-e571-4e52-8a73-1c9dce7b9fa7: shutdown FollowerState
2019-10-28 11:44:52,445 [Thread-2152] INFO  impl.FollowerState (FollowerState.java:run(117)) - 75159f97-af2c-48a6-bb8f-f5acb2145c35@group-08147416B334-FollowerState was interrupted: java.lang.InterruptedException: sleep interrupted
2019-10-28 11:44:52,445 [grpc-default-executor-2] INFO  impl.RoleInfo (RoleInfo.java:updateAndGet(143)) - 75159f97-af2c-48a6-bb8f-f5acb2145c35: start FollowerState
2019-10-28 11:44:52,445 [Thread-2153] INFO  impl.FollowerState (FollowerState.java:run(117)) - ce71e9bc-e571-4e52-8a73-1c9dce7b9fa7@group-08147416B334-FollowerState was interrupted: java.lang.InterruptedException: sleep interrupted
2019-10-28 11:44:52,445 [grpc-default-executor-8] INFO  impl.RoleInfo (RoleInfo.java:updateAndGet(143)) - ce71e9bc-e571-4e52-8a73-1c9dce7b9fa7: start FollowerState
2019-10-28 11:44:52,464 [24830d12-f44b-43d9-b733-6f9667bbd6c9@group-08147416B334-LeaderElection129] INFO  impl.LeaderElection (LeaderElection.java:logAndReturn(56)) - 24830d12-f44b-43d9-b733-6f9667bbd6c9@group-08147416B334-LeaderElection129: Election REJECTED; received 2 response(s) [24830d12-f44b-43d9-b733-6f9667bbd6c9<-75159f97-af2c-48a6-bb8f-f5acb2145c35#0:FAIL-t102, 24830d12-f44b-43d9-b733-6f9667bbd6c9<-ce71e9bc-e571-4e52-8a73-1c9dce7b9fa7#0:FAIL-t102] and 0 exception(s); 24830d12-f44b-43d9-b733-6f9667bbd6c9@group-08147416B334:t102, leader=null, voted=24830d12-f44b-43d9-b733-6f9667bbd6c9, raftlog=24830d12-f44b-43d9-b733-6f9667bbd6c9@group-08147416B334-SegmentedRaftLog:OPENED:c-1,f-1,i0, conf=-1: [24830d12-f44b-43d9-b733-6f9667bbd6c9:192.168.164.193:40613, 75159f97-af2c-48a6-bb8f-f5acb2145c35:192.168.164.193:42423, ce71e9bc-e571-4e52-8a73-1c9dce7b9fa7:192.168.164.193:36234], old=null
2019-10-28 11:44:52,465 [24830d12-f44b-43d9-b733-6f9667bbd6c9@group-08147416B334-LeaderElection129] INFO  impl.RaftServerImpl (RaftServerImpl.java:setRole(184)) - 24830d12-f44b-43d9-b733-6f9667bbd6c9@group-08147416B334: changes role from CANDIDATE to FOLLOWER at term 102 for DISCOVERED_A_NEW_TERM
2019-10-28 11:44:52,468 [24830d12-f44b-43d9-b733-6f9667bbd6c9@group-08147416B334-LeaderElection129] INFO  impl.RoleInfo (RoleInfo.java:shutdownLeaderElection(134)) - 24830d12-f44b-43d9-b733-6f9667bbd6c9: shutdown LeaderElection
2019-10-28 11:44:52,468 [24830d12-f44b-43d9-b733-6f9667bbd6c9@group-08147416B334-LeaderElection129] INFO  impl.RoleInfo (RoleInfo.java:updateAndGet(143)) - 24830d12-f44b-43d9-b733-6f9667bbd6c9: start FollowerState
2019-10-28 11:44:52,592 [Thread-2158] INFO  impl.FollowerState (FollowerState.java:run(108)) - 24830d12-f44b-43d9-b733-6f9667bbd6c9@group-08147416B334-FollowerState: change to CANDIDATE, lastRpcTime:123ms, electionTimeout:123ms
2019-10-28 11:44:52,592 [Thread-2158] INFO  impl.RoleInfo (RoleInfo.java:shutdownFollowerState(121)) - 24830d12-f44b-43d9-b733-6f9667bbd6c9: shutdown FollowerState
2019-10-28 11:44:52,592 [Thread-2158] INFO  impl.RaftServerImpl (RaftServerImpl.java:setRole(184)) - 24830d12-f44b-43d9-b733-6f9667bbd6c9@group-08147416B334: changes role from  FOLLOWER to CANDIDATE at term 102 for changeToCandidate
2019-10-28 11:44:52,592 [Thread-2158] INFO  impl.RoleInfo (RoleInfo.java:updateAndGet(143)) - 24830d12-f44b-43d9-b733-6f9667bbd6c9: start LeaderElection
2019-10-28 11:44:52,605 [24830d12-f44b-43d9-b733-6f9667bbd6c9@group-08147416B334-LeaderElection130] INFO  impl.LeaderElection (LeaderElection.java:askForVotes(178)) - 24830d12-f44b-43d9-b733-6f9667bbd6c9@group-08147416B334-LeaderElection130: begin an election at term 103 for -1: [24830d12-f44b-43d9-b733-6f9667bbd6c9:192.168.164.193:40613, 75159f97-af2c-48a6-bb8f-f5acb2145c35:192.168.164.193:42423, ce71e9bc-e571-4e52-8a73-1c9dce7b9fa7:192.168.164.193:36234], old=null
2019-10-28 11:44:52,607 [grpc-default-executor-2] INFO  impl.RaftServerImpl (RaftServerImpl.java:setRole(184)) - 75159f97-af2c-48a6-bb8f-f5acb2145c35@group-08147416B334: changes role from  FOLLOWER to FOLLOWER at term 103 for recognizeCandidate:24830d12-f44b-43d9-b733-6f9667bbd6c9
2019-10-28 11:44:52,607 [grpc-default-executor-2] INFO  impl.RoleInfo (RoleInfo.java:shutdownFollowerState(121)) - 75159f97-af2c-48a6-bb8f-f5acb2145c35: shutdown FollowerState
2019-10-28 11:44:52,608 [grpc-default-executor-2] INFO  impl.RoleInfo (RoleInfo.java:updateAndGet(143)) - 75159f97-af2c-48a6-bb8f-f5acb2145c35: start FollowerState
2019-10-28 11:44:52,608 [grpc-default-executor-8] INFO  impl.RaftServerImpl (RaftServerImpl.java:setRole(184)) - ce71e9bc-e571-4e52-8a73-1c9dce7b9fa7@group-08147416B334: changes role from  FOLLOWER to FOLLOWER at term 103 for recognizeCandidate:24830d12-f44b-43d9-b733-6f9667bbd6c9
2019-10-28 11:44:52,608 [grpc-default-executor-8] INFO  impl.RoleInfo (RoleInfo.java:shutdownFollowerState(121)) - ce71e9bc-e571-4e52-8a73-1c9dce7b9fa7: shutdown FollowerState
2019-10-28 11:44:52,609 [grpc-default-executor-8] INFO  impl.RoleInfo (RoleInfo.java:updateAndGet(143)) - ce71e9bc-e571-4e52-8a73-1c9dce7b9fa7: start FollowerState
2019-10-28 11:44:52,609 [Thread-2157] INFO  impl.FollowerState (FollowerState.java:run(117)) - ce71e9bc-e571-4e52-8a73-1c9dce7b9fa7@group-08147416B334-FollowerState was interrupted: java.lang.InterruptedException: sleep interrupted
2019-10-28 11:44:52,609 [Thread-2156] INFO  impl.FollowerState (FollowerState.java:run(117)) - 75159f97-af2c-48a6-bb8f-f5acb2145c35@group-08147416B334-FollowerState was interrupted: java.lang.InterruptedException: sleep interrupted
2019-10-28 11:44:52,622 [24830d12-f44b-43d9-b733-6f9667bbd6c9@group-08147416B334-LeaderElection130] INFO  impl.LeaderElection (LeaderElection.java:logAndReturn(56)) - 24830d12-f44b-43d9-b733-6f9667bbd6c9@group-08147416B334-LeaderElection130: Election REJECTED; received 2 response(s) [24830d12-f44b-43d9-b733-6f9667bbd6c9<-75159f97-af2c-48a6-bb8f-f5acb2145c35#0:FAIL-t103, 24830d12-f44b-43d9-b733-6f9667bbd6c9<-ce71e9bc-e571-4e52-8a73-1c9dce7b9fa7#0:FAIL-t103] and 0 exception(s); 24830d12-f44b-43d9-b733-6f9667bbd6c9@group-08147416B334:t103, leader=null, voted=24830d12-f44b-43d9-b733-6f9667bbd6c9, raftlog=24830d12-f44b-43d9-b733-6f9667bbd6c9@group-08147416B334-SegmentedRaftLog:OPENED:c-1,f-1,i0, conf=-1: [24830d12-f44b-43d9-b733-6f9667bbd6c9:192.168.164.193:40613, 75159f97-af2c-48a6-bb8f-f5acb2145c35:192.168.164.193:42423, ce71e9bc-e571-4e52-8a73-1c9dce7b9fa7:192.168.164.193:36234], old=null
2019-10-28 11:44:52,623 [24830d12-f44b-43d9-b733-6f9667bbd6c9@group-08147416B334-LeaderElection130] INFO  impl.RaftServerImpl (RaftServerImpl.java:setRole(184)) - 24830d12-f44b-43d9-b733-6f9667bbd6c9@group-08147416B334: changes role from CANDIDATE to FOLLOWER at term 103 for DISCOVERED_A_NEW_TERM
2019-10-28 11:44:52,623 [24830d12-f44b-43d9-b733-6f9667bbd6c9@group-08147416B334-LeaderElection130] INFO  impl.RoleInfo (RoleInfo.java:shutdownLeaderElection(134)) - 24830d12-f44b-43d9-b733-6f9667bbd6c9: shutdown LeaderElection
2019-10-28 11:44:52,623 [24830d12-f44b-43d9-b733-6f9667bbd6c9@group-08147416B334-LeaderElection130] INFO  impl.RoleInfo (RoleInfo.java:updateAndGet(143)) - 24830d12-f44b-43d9-b733-6f9667bbd6c9: start FollowerState
2019-10-28 11:44:52,766 [Thread-2164] INFO  impl.FollowerState (FollowerState.java:run(108)) - 24830d12-f44b-43d9-b733-6f9667bbd6c9@group-08147416B334-FollowerState: change to CANDIDATE, lastRpcTime:143ms, electionTimeout:143ms
2019-10-28 11:44:52,766 [Thread-2164] INFO  impl.RoleInfo (RoleInfo.java:shutdownFollowerState(121)) - 24830d12-f44b-43d9-b733-6f9667bbd6c9: shutdown FollowerState
2019-10-28 11:44:52,766 [Thread-2164] INFO  impl.RaftServerImpl (RaftServerImpl.java:setRole(184)) - 24830d12-f44b-43d9-b733-6f9667bbd6c9@group-08147416B334: changes role from  FOLLOWER to CANDIDATE at term 103 for changeToCandidate
2019-10-28 11:44:52,767 [Thread-2164] INFO  impl.RoleInfo (RoleInfo.java:updateAndGet(143)) - 24830d12-f44b-43d9-b733-6f9667bbd6c9: start LeaderElection
2019-10-28 11:44:52,780 [24830d12-f44b-43d9-b733-6f9667bbd6c9@group-08147416B334-LeaderElection131] INFO  impl.LeaderElection (LeaderElection.java:askForVotes(178)) - 24830d12-f44b-43d9-b733-6f9667bbd6c9@group-08147416B334-LeaderElection131: begin an election at term 104 for -1: [24830d12-f44b-43d9-b733-6f9667bbd6c9:192.168.164.193:40613, 75159f97-af2c-48a6-bb8f-f5acb2145c35:192.168.164.193:42423, ce71e9bc-e571-4e52-8a73-1c9dce7b9fa7:192.168.164.193:36234], old=null
2019-10-28 11:44:52,784 [grpc-default-executor-4] INFO  impl.RaftServerImpl (RaftServerImpl.java:setRole(184)) - ce71e9bc-e571-4e52-8a73-1c9dce7b9fa7@group-08147416B334: changes role from  FOLLOWER to FOLLOWER at term 104 for recognizeCandidate:24830d12-f44b-43d9-b733-6f9667bbd6c9
2019-10-28 11:44:52,784 [grpc-default-executor-4] INFO  impl.RoleInfo (RoleInfo.java:shutdownFollowerState(121)) - ce71e9bc-e571-4e52-8a73-1c9dce7b9fa7: shutdown FollowerState
2019-10-28 11:44:52,784 [grpc-default-executor-2] INFO  impl.RaftServerImpl (RaftServerImpl.java:setRole(184)) - 75159f97-af2c-48a6-bb8f-f5acb2145c35@group-08147416B334: changes role from  FOLLOWER to FOLLOWER at term 104 for recognizeCandidate:24830d12-f44b-43d9-b733-6f9667bbd6c9
2019-10-28 11:44:52,785 [Thread-2163] INFO  impl.FollowerState (FollowerState.java:run(117)) - ce71e9bc-e571-4e52-8a73-1c9dce7b9fa7@group-08147416B334-FollowerState was interrupted: java.lang.InterruptedException: sleep interrupted
2019-10-28 11:44:52,784 [grpc-default-executor-4] INFO  impl.RoleInfo (RoleInfo.java:updateAndGet(143)) - ce71e9bc-e571-4e52-8a73-1c9dce7b9fa7: start FollowerState
2019-10-28 11:44:52,785 [grpc-default-executor-2] INFO  impl.RoleInfo (RoleInfo.java:shutdownFollowerState(121)) - 75159f97-af2c-48a6-bb8f-f5acb2145c35: shutdown FollowerState
2019-10-28 11:44:52,785 [grpc-default-executor-2] INFO  impl.RoleInfo (RoleInfo.java:updateAndGet(143)) - 75159f97-af2c-48a6-bb8f-f5acb2145c35: start FollowerState
2019-10-28 11:44:52,785 [Thread-2162] INFO  impl.FollowerState (FollowerState.java:run(117)) - 75159f97-af2c-48a6-bb8f-f5acb2145c35@group-08147416B334-FollowerState was interrupted: java.lang.InterruptedException: sleep interrupted
2019-10-28 11:44:52,798 [24830d12-f44b-43d9-b733-6f9667bbd6c9@group-08147416B334-LeaderElection131] INFO  impl.LeaderElection (LeaderElection.java:logAndReturn(56)) - 24830d12-f44b-43d9-b733-6f9667bbd6c9@group-08147416B334-LeaderElection131: Election REJECTED; received 2 response(s) [24830d12-f44b-43d9-b733-6f9667bbd6c9<-75159f97-af2c-48a6-bb8f-f5acb2145c35#0:FAIL-t104, 24830d12-f44b-43d9-b733-6f9667bbd6c9<-ce71e9bc-e571-4e52-8a73-1c9dce7b9fa7#0:FAIL-t104] and 0 exception(s); 24830d12-f44b-43d9-b733-6f9667bbd6c9@group-08147416B334:t104, leader=null, voted=24830d12-f44b-43d9-b733-6f9667bbd6c9, raftlog=24830d12-f44b-43d9-b733-6f9667bbd6c9@group-08147416B334-SegmentedRaftLog:OPENED:c-1,f-1,i0, conf=-1: [24830d12-f44b-43d9-b733-6f9667bbd6c9:192.168.164.193:40613, 75159f97-af2c-48a6-bb8f-f5acb2145c35:192.168.164.193:42423, ce71e9bc-e571-4e52-8a73-1c9dce7b9fa7:192.168.164.193:36234], old=null
2019-10-28 11:44:52,798 [24830d12-f44b-43d9-b733-6f9667bbd6c9@group-08147416B334-LeaderElection131] INFO  impl.RaftServerImpl (RaftServerImpl.java:setRole(184)) - 24830d12-f44b-43d9-b733-6f9667bbd6c9@group-08147416B334: changes role from CANDIDATE to FOLLOWER at term 104 for DISCOVERED_A_NEW_TERM
2019-10-28 11:44:52,798 [24830d12-f44b-43d9-b733-6f9667bbd6c9@group-08147416B334-LeaderElection131] INFO  impl.RoleInfo (RoleInfo.java:shutdownLeaderElection(134)) - 24830d12-f44b-43d9-b733-6f9667bbd6c9: shutdown LeaderElection
2019-10-28 11:44:52,798 [24830d12-f44b-43d9-b733-6f9667bbd6c9@group-08147416B334-LeaderElection131] INFO  impl.RoleInfo (RoleInfo.java:updateAndGet(143)) - 24830d12-f44b-43d9-b733-6f9667bbd6c9: start FollowerState
2019-10-28 11:44:52,883 [Thread-2172] INFO  impl.FollowerState (FollowerState.java:run(108)) - 24830d12-f44b-43d9-b733-6f9667bbd6c9@group-08147416B334-FollowerState: change to CANDIDATE, lastRpcTime:85ms, electionTimeout:85ms
2019-10-28 11:44:52,884 [Thread-2172] INFO  impl.RoleInfo (RoleInfo.java:shutdownFollowerState(121)) - 24830d12-f44b-43d9-b733-6f9667bbd6c9: shutdown FollowerState
2019-10-28 11:44:52,884 [Thread-2172] INFO  impl.RaftServerImpl (RaftServerImpl.java:setRole(184)) - 24830d12-f44b-43d9-b733-6f9667bbd6c9@group-08147416B334: changes role from  FOLLOWER to CANDIDATE at term 104 for changeToCandidate
2019-10-28 11:44:52,884 [Thread-2172] INFO  impl.RoleInfo (RoleInfo.java:updateAndGet(143)) - 24830d12-f44b-43d9-b733-6f9667bbd6c9: start LeaderElection
2019-10-28 11:44:52,910 [24830d12-f44b-43d9-b733-6f9667bbd6c9@group-08147416B334-LeaderElection132] INFO  impl.LeaderElection (LeaderElection.java:askForVotes(178)) - 24830d12-f44b-43d9-b733-6f9667bbd6c9@group-08147416B334-LeaderElection132: begin an election at term 105 for -1: [24830d12-f44b-43d9-b733-6f9667bbd6c9:192.168.164.193:40613, 75159f97-af2c-48a6-bb8f-f5acb2145c35:192.168.164.193:42423, ce71e9bc-e571-4e52-8a73-1c9dce7b9fa7:192.168.164.193:36234], old=null
2019-10-28 11:44:52,913 [grpc-default-executor-2] INFO  impl.RaftServerImpl (RaftServerImpl.java:setRole(184)) - 75159f97-af2c-48a6-bb8f-f5acb2145c35@group-08147416B334: changes role from  FOLLOWER to FOLLOWER at term 105 for recognizeCandidate:24830d12-f44b-43d9-b733-6f9667bbd6c9
2019-10-28 11:44:52,914 [grpc-default-executor-2] INFO  impl.RoleInfo (RoleInfo.java:shutdownFollowerState(121)) - 75159f97-af2c-48a6-bb8f-f5acb2145c35: shutdown FollowerState
2019-10-28 11:44:52,914 [grpc-default-executor-2] INFO  impl.RoleInfo (RoleInfo.java:updateAndGet(143)) - 75159f97-af2c-48a6-bb8f-f5acb2145c35: start FollowerState
2019-10-28 11:44:52,914 [Thread-2171] INFO  impl.FollowerState (FollowerState.java:run(117)) - 75159f97-af2c-48a6-bb8f-f5acb2145c35@group-08147416B334-FollowerState was interrupted: java.lang.InterruptedException: sleep interrupted
2019-10-28 11:44:52,914 [grpc-default-executor-4] INFO  impl.RaftServerImpl (RaftServerImpl.java:setRole(184)) - ce71e9bc-e571-4e52-8a73-1c9dce7b9fa7@group-08147416B334: changes role from  FOLLOWER to FOLLOWER at term 105 for recognizeCandidate:24830d12-f44b-43d9-b733-6f9667bbd6c9
2019-10-28 11:44:52,914 [grpc-default-executor-4] INFO  impl.RoleInfo (RoleInfo.java:shutdownFollowerState(121)) - ce71e9bc-e571-4e52-8a73-1c9dce7b9fa7: shutdown FollowerState
2019-10-28 11:44:52,914 [grpc-default-executor-4] INFO  impl.RoleInfo (RoleInfo.java:updateAndGet(143)) - ce71e9bc-e571-4e52-8a73-1c9dce7b9fa7: start FollowerState
2019-10-28 11:44:52,915 [Thread-2170] INFO  impl.FollowerState (FollowerState.java:run(117)) - ce71e9bc-e571-4e52-8a73-1c9dce7b9fa7@group-08147416B334-FollowerState was interrupted: java.lang.InterruptedException: sleep interrupted
2019-10-28 11:44:52,922 [24830d12-f44b-43d9-b733-6f9667bbd6c9@group-08147416B334-LeaderElection132] INFO  impl.LeaderElection (LeaderElection.java:logAndReturn(56)) - 24830d12-f44b-43d9-b733-6f9667bbd6c9@group-08147416B334-LeaderElection132: Election TIMEOUT; received 0 response(s) [] and 0 exception(s); 24830d12-f44b-43d9-b733-6f9667bbd6c9@group-08147416B334:t105, leader=null, voted=24830d12-f44b-43d9-b733-6f9667bbd6c9, raftlog=24830d12-f44b-43d9-b733-6f9667bbd6c9@group-08147416B334-SegmentedRaftLog:OPENED:c-1,f-1,i0, conf=-1: [24830d12-f44b-43d9-b733-6f9667bbd6c9:192.168.164.193:40613, 75159f97-af2c-48a6-bb8f-f5acb2145c35:192.168.164.193:42423, ce71e9bc-e571-4e52-8a73-1c9dce7b9fa7:192.168.164.193:36234], old=null
2019-10-28 11:44:52,928 [24830d12-f44b-43d9-b733-6f9667bbd6c9@group-08147416B334-LeaderElection132] INFO  impl.LeaderElection (LeaderElection.java:askForVotes(178)) - 24830d12-f44b-43d9-b733-6f9667bbd6c9@group-08147416B334-LeaderElection132: begin an election at term 106 for -1: [24830d12-f44b-43d9-b733-6f9667bbd6c9:192.168.164.193:40613, 75159f97-af2c-48a6-bb8f-f5acb2145c35:192.168.164.193:42423, ce71e9bc-e571-4e52-8a73-1c9dce7b9fa7:192.168.164.193:36234], old=null
2019-10-28 11:44:52,930 [grpc-default-executor-2] INFO  impl.RaftServerImpl (RaftServerImpl.java:setRole(184)) - 75159f97-af2c-48a6-bb8f-f5acb2145c35@group-08147416B334: changes role from  FOLLOWER to FOLLOWER at term 106 for recognizeCandidate:24830d12-f44b-43d9-b733-6f9667bbd6c9
2019-10-28 11:44:52,931 [grpc-default-executor-2] INFO  impl.RoleInfo (RoleInfo.java:shutdownFollowerState(121)) - 75159f97-af2c-48a6-bb8f-f5acb2145c35: shutdown FollowerState
2019-10-28 11:44:52,931 [grpc-default-executor-2] INFO  impl.RoleInfo (RoleInfo.java:updateAndGet(143)) - 75159f97-af2c-48a6-bb8f-f5acb2145c35: start FollowerState
2019-10-28 11:44:52,931 [Thread-2178] INFO  impl.FollowerState (FollowerState.java:run(117)) - 75159f97-af2c-48a6-bb8f-f5acb2145c35@group-08147416B334-FollowerState was interrupted: java.lang.InterruptedException: sleep interrupted
2019-10-28 11:44:52,931 [grpc-default-executor-4] INFO  impl.RaftServerImpl (RaftServerImpl.java:setRole(184)) - ce71e9bc-e571-4e52-8a73-1c9dce7b9fa7@group-08147416B334: changes role from  FOLLOWER to FOLLOWER at term 106 for recognizeCandidate:24830d12-f44b-43d9-b733-6f9667bbd6c9
2019-10-28 11:44:52,931 [grpc-default-executor-4] INFO  impl.RoleInfo (RoleInfo.java:shutdownFollowerState(121)) - ce71e9bc-e571-4e52-8a73-1c9dce7b9fa7: shutdown FollowerState
2019-10-28 11:44:52,931 [grpc-default-executor-4] INFO  impl.RoleInfo (RoleInfo.java:updateAndGet(143)) - ce71e9bc-e571-4e52-8a73-1c9dce7b9fa7: start FollowerState
2019-10-28 11:44:52,932 [Thread-2179] INFO  impl.FollowerState (FollowerState.java:run(117)) - ce71e9bc-e571-4e52-8a73-1c9dce7b9fa7@group-08147416B334-FollowerState was interrupted: java.lang.InterruptedException: sleep interrupted
2019-10-28 11:44:52,946 [24830d12-f44b-43d9-b733-6f9667bbd6c9@group-08147416B334-LeaderElection132] INFO  impl.LeaderElection (LeaderElection.java:logAndReturn(56)) - 24830d12-f44b-43d9-b733-6f9667bbd6c9@group-08147416B334-LeaderElection132: Election REJECTED; received 2 response(s) [24830d12-f44b-43d9-b733-6f9667bbd6c9<-75159f97-af2c-48a6-bb8f-f5acb2145c35#0:FAIL-t106, 24830d12-f44b-43d9-b733-6f9667bbd6c9<-ce71e9bc-e571-4e52-8a73-1c9dce7b9fa7#0:FAIL-t106] and 0 exception(s); 24830d12-f44b-43d9-b733-6f9667bbd6c9@group-08147416B334:t106, leader=null, voted=24830d12-f44b-43d9-b733-6f9667bbd6c9, raftlog=24830d12-f44b-43d9-b733-6f9667bbd6c9@group-08147416B334-SegmentedRaftLog:OPENED:c-1,f-1,i0, conf=-1: [24830d12-f44b-43d9-b733-6f9667bbd6c9:192.168.164.193:40613, 75159f97-af2c-48a6-bb8f-f5acb2145c35:192.168.164.193:42423, ce71e9bc-e571-4e52-8a73-1c9dce7b9fa7:192.168.164.193:36234], old=null
2019-10-28 11:44:52,946 [24830d12-f44b-43d9-b733-6f9667bbd6c9@group-08147416B334-LeaderElection132] INFO  impl.RaftServerImpl (RaftServerImpl.java:setRole(184)) - 24830d12-f44b-43d9-b733-6f9667bbd6c9@group-08147416B334: changes role from CANDIDATE to FOLLOWER at term 106 for DISCOVERED_A_NEW_TERM
2019-10-28 11:44:52,946 [24830d12-f44b-43d9-b733-6f9667bbd6c9@group-08147416B334-LeaderElection132] INFO  impl.RoleInfo (RoleInfo.java:shutdownLeaderElection(134)) - 24830d12-f44b-43d9-b733-6f9667bbd6c9: shutdown LeaderElection
2019-10-28 11:44:52,946 [24830d12-f44b-43d9-b733-6f9667bbd6c9@group-08147416B334-LeaderElection132] INFO  impl.RoleInfo (RoleInfo.java:updateAndGet(143)) - 24830d12-f44b-43d9-b733-6f9667bbd6c9: start FollowerState
2019-10-28 11:44:53,059 [Thread-2184] INFO  impl.FollowerState (FollowerState.java:run(108)) - 24830d12-f44b-43d9-b733-6f9667bbd6c9@group-08147416B334-FollowerState: change to CANDIDATE, lastRpcTime:112ms, electionTimeout:112ms
2019-10-28 11:44:53,064 [Thread-2184] INFO  impl.RoleInfo (RoleInfo.java:shutdownFollowerState(121)) - 24830d12-f44b-43d9-b733-6f9667bbd6c9: shutdown FollowerState
2019-10-28 11:44:53,064 [Thread-2184] INFO  impl.RaftServerImpl (RaftServerImpl.java:setRole(184)) - 24830d12-f44b-43d9-b733-6f9667bbd6c9@group-08147416B334: changes role from  FOLLOWER to CANDIDATE at term 106 for changeToCandidate
2019-10-28 11:44:53,064 [Thread-2184] INFO  impl.RoleInfo (RoleInfo.java:updateAndGet(143)) - 24830d12-f44b-43d9-b733-6f9667bbd6c9: start LeaderElection
2019-10-28 11:44:53,072 [24830d12-f44b-43d9-b733-6f9667bbd6c9@group-08147416B334-LeaderElection133] INFO  impl.LeaderElection (LeaderElection.java:askForVotes(178)) - 24830d12-f44b-43d9-b733-6f9667bbd6c9@group-08147416B334-LeaderElection133: begin an election at term 107 for -1: [24830d12-f44b-43d9-b733-6f9667bbd6c9:192.168.164.193:40613, 75159f97-af2c-48a6-bb8f-f5acb2145c35:192.168.164.193:42423, ce71e9bc-e571-4e52-8a73-1c9dce7b9fa7:192.168.164.193:36234], old=null
2019-10-28 11:44:53,073 [grpc-default-executor-4] INFO  impl.RaftServerImpl (RaftServerImpl.java:setRole(184)) - ce71e9bc-e571-4e52-8a73-1c9dce7b9fa7@group-08147416B334: changes role from  FOLLOWER to FOLLOWER at term 107 for recognizeCandidate:24830d12-f44b-43d9-b733-6f9667bbd6c9
2019-10-28 11:44:53,074 [grpc-default-executor-2] INFO  impl.RaftServerImpl (RaftServerImpl.java:setRole(184)) - 75159f97-af2c-48a6-bb8f-f5acb2145c35@group-08147416B334: changes role from  FOLLOWER to FOLLOWER at term 107 for recognizeCandidate:24830d12-f44b-43d9-b733-6f9667bbd6c9
2019-10-28 11:44:53,074 [grpc-default-executor-4] INFO  impl.RoleInfo (RoleInfo.java:shutdownFollowerState(121)) - ce71e9bc-e571-4e52-8a73-1c9dce7b9fa7: shutdown FollowerState
2019-10-28 11:44:53,074 [grpc-default-executor-2] INFO  impl.RoleInfo (RoleInfo.java:shutdownFollowerState(121)) - 75159f97-af2c-48a6-bb8f-f5acb2145c35: shutdown FollowerState
2019-10-28 11:44:53,074 [Thread-2183] INFO  impl.FollowerState (FollowerState.java:run(117)) - ce71e9bc-e571-4e52-8a73-1c9dce7b9fa7@group-08147416B334-FollowerState was interrupted: java.lang.InterruptedException: sleep interrupted
2019-10-28 11:44:53,074 [Thread-2182] INFO  impl.FollowerState (FollowerState.java:run(117)) - 75159f97-af2c-48a6-bb8f-f5acb2145c35@group-08147416B334-FollowerState was interrupted: java.lang.InterruptedException: sleep interrupted
2019-10-28 11:44:53,074 [grpc-default-executor-4] INFO  impl.RoleInfo (RoleInfo.java:updateAndGet(143)) - ce71e9bc-e571-4e52-8a73-1c9dce7b9fa7: start FollowerState
2019-10-28 11:44:53,074 [grpc-default-executor-2] INFO  impl.RoleInfo (RoleInfo.java:updateAndGet(143)) - 75159f97-af2c-48a6-bb8f-f5acb2145c35: start FollowerState
2019-10-28 11:44:53,076 [24830d12-f44b-43d9-b733-6f9667bbd6c9@group-08147416B334-LeaderElection133] INFO  impl.LeaderElection (LeaderElection.java:logAndReturn(56)) - 24830d12-f44b-43d9-b733-6f9667bbd6c9@group-08147416B334-LeaderElection133: Election TIMEOUT; received 0 response(s) [] and 0 exception(s); 24830d12-f44b-43d9-b733-6f9667bbd6c9@group-08147416B334:t107, leader=null, voted=24830d12-f44b-43d9-b733-6f9667bbd6c9, raftlog=24830d12-f44b-43d9-b733-6f9667bbd6c9@group-08147416B334-SegmentedRaftLog:OPENED:c-1,f-1,i0, conf=-1: [24830d12-f44b-43d9-b733-6f9667bbd6c9:192.168.164.193:40613, 75159f97-af2c-48a6-bb8f-f5acb2145c35:192.168.164.193:42423, ce71e9bc-e571-4e52-8a73-1c9dce7b9fa7:192.168.164.193:36234], old=null
2019-10-28 11:44:53,088 [24830d12-f44b-43d9-b733-6f9667bbd6c9@group-08147416B334-LeaderElection133] INFO  impl.LeaderElection (LeaderElection.java:askForVotes(178)) - 24830d12-f44b-43d9-b733-6f9667bbd6c9@group-08147416B334-LeaderElection133: begin an election at term 108 for -1: [24830d12-f44b-43d9-b733-6f9667bbd6c9:192.168.164.193:40613, 75159f97-af2c-48a6-bb8f-f5acb2145c35:192.168.164.193:42423, ce71e9bc-e571-4e52-8a73-1c9dce7b9fa7:192.168.164.193:36234], old=null
2019-10-28 11:44:53,089 [grpc-default-executor-2] INFO  impl.RaftServerImpl (RaftServerImpl.java:setRole(184)) - 75159f97-af2c-48a6-bb8f-f5acb2145c35@group-08147416B334: changes role from  FOLLOWER to FOLLOWER at term 108 for recognizeCandidate:24830d12-f44b-43d9-b733-6f9667bbd6c9
2019-10-28 11:44:53,089 [grpc-default-executor-2] INFO  impl.RoleInfo (RoleInfo.java:shutdownFollowerState(121)) - 75159f97-af2c-48a6-bb8f-f5acb2145c35: shutdown FollowerState
2019-10-28 11:44:53,089 [grpc-default-executor-4] INFO  impl.RaftServerImpl (RaftServerImpl.java:setRole(184)) - ce71e9bc-e571-4e52-8a73-1c9dce7b9fa7@group-08147416B334: changes role from  FOLLOWER to FOLLOWER at term 108 for recognizeCandidate:24830d12-f44b-43d9-b733-6f9667bbd6c9
2019-10-28 11:44:53,089 [Thread-2191] INFO  impl.FollowerState (FollowerState.java:run(117)) - 75159f97-af2c-48a6-bb8f-f5acb2145c35@group-08147416B334-FollowerState was interrupted: java.lang.InterruptedException: sleep interrupted
2019-10-28 11:44:53,089 [grpc-default-executor-2] INFO  impl.RoleInfo (RoleInfo.java:updateAndGet(143)) - 75159f97-af2c-48a6-bb8f-f5acb2145c35: start FollowerState
2019-10-28 11:44:53,089 [grpc-default-executor-4] INFO  impl.RoleInfo (RoleInfo.java:shutdownFollowerState(121)) - ce71e9bc-e571-4e52-8a73-1c9dce7b9fa7: shutdown FollowerState
2019-10-28 11:44:53,090 [grpc-default-executor-4] INFO  impl.RoleInfo (RoleInfo.java:updateAndGet(143)) - ce71e9bc-e571-4e52-8a73-1c9dce7b9fa7: start FollowerState
2019-10-28 11:44:53,090 [Thread-2190] INFO  impl.FollowerState (FollowerState.java:run(117)) - ce71e9bc-e571-4e52-8a73-1c9dce7b9fa7@group-08147416B334-FollowerState was interrupted: java.lang.InterruptedException: sleep interrupted
2019-10-28 11:44:53,103 [24830d12-f44b-43d9-b733-6f9667bbd6c9@group-08147416B334-LeaderElection133] INFO  impl.LeaderElection (LeaderElection.java:logAndReturn(56)) - 24830d12-f44b-43d9-b733-6f9667bbd6c9@group-08147416B334-LeaderElection133: Election REJECTED; received 2 response(s) [24830d12-f44b-43d9-b733-6f9667bbd6c9<-75159f97-af2c-48a6-bb8f-f5acb2145c35#0:FAIL-t108, 24830d12-f44b-43d9-b733-6f9667bbd6c9<-ce71e9bc-e571-4e52-8a73-1c9dce7b9fa7#0:FAIL-t108] and 0 exception(s); 24830d12-f44b-43d9-b733-6f9667bbd6c9@group-08147416B334:t108, leader=null, voted=24830d12-f44b-43d9-b733-6f9667bbd6c9, raftlog=24830d12-f44b-43d9-b733-6f9667bbd6c9@group-08147416B334-SegmentedRaftLog:OPENED:c-1,f-1,i0, conf=-1: [24830d12-f44b-43d9-b733-6f9667bbd6c9:192.168.164.193:40613, 75159f97-af2c-48a6-bb8f-f5acb2145c35:192.168.164.193:42423, ce71e9bc-e571-4e52-8a73-1c9dce7b9fa7:192.168.164.193:36234], old=null
2019-10-28 11:44:53,103 [24830d12-f44b-43d9-b733-6f9667bbd6c9@group-08147416B334-LeaderElection133] INFO  impl.RaftServerImpl (RaftServerImpl.java:setRole(184)) - 24830d12-f44b-43d9-b733-6f9667bbd6c9@group-08147416B334: changes role from CANDIDATE to FOLLOWER at term 108 for DISCOVERED_A_NEW_TERM
2019-10-28 11:44:53,104 [24830d12-f44b-43d9-b733-6f9667bbd6c9@group-08147416B334-LeaderElection133] INFO  impl.RoleInfo (RoleInfo.java:shutdownLeaderElection(134)) - 24830d12-f44b-43d9-b733-6f9667bbd6c9: shutdown LeaderElection
2019-10-28 11:44:53,104 [24830d12-f44b-43d9-b733-6f9667bbd6c9@group-08147416B334-LeaderElection133] INFO  impl.RoleInfo (RoleInfo.java:updateAndGet(143)) - 24830d12-f44b-43d9-b733-6f9667bbd6c9: start FollowerState
2019-10-28 11:44:53,120 [Thread-2196] INFO  impl.FollowerState (FollowerState.java:run(108)) - 24830d12-f44b-43d9-b733-6f9667bbd6c9@group-08147416B334-FollowerState: change to CANDIDATE, lastRpcTime:16ms, electionTimeout:16ms
2019-10-28 11:44:53,120 [Thread-2196] INFO  impl.RoleInfo (RoleInfo.java:shutdownFollowerState(121)) - 24830d12-f44b-43d9-b733-6f9667bbd6c9: shutdown FollowerState
2019-10-28 11:44:53,120 [Thread-2196] INFO  impl.RaftServerImpl (RaftServerImpl.java:setRole(184)) - 24830d12-f44b-43d9-b733-6f9667bbd6c9@group-08147416B334: changes role from  FOLLOWER to CANDIDATE at term 108 for changeToCandidate
2019-10-28 11:44:53,120 [Thread-2196] INFO  impl.RoleInfo (RoleInfo.java:updateAndGet(143)) - 24830d12-f44b-43d9-b733-6f9667bbd6c9: start LeaderElection
2019-10-28 11:44:53,133 [24830d12-f44b-43d9-b733-6f9667bbd6c9@group-08147416B334-LeaderElection134] INFO  impl.LeaderElection (LeaderElection.java:askForVotes(178)) - 24830d12-f44b-43d9-b733-6f9667bbd6c9@group-08147416B334-LeaderElection134: begin an election at term 109 for -1: [24830d12-f44b-43d9-b733-6f9667bbd6c9:192.168.164.193:40613, 75159f97-af2c-48a6-bb8f-f5acb2145c35:192.168.164.193:42423, ce71e9bc-e571-4e52-8a73-1c9dce7b9fa7:192.168.164.193:36234], old=null
2019-10-28 11:44:53,135 [grpc-default-executor-4] INFO  impl.RaftServerImpl (RaftServerImpl.java:setRole(184)) - ce71e9bc-e571-4e52-8a73-1c9dce7b9fa7@group-08147416B334: changes role from  FOLLOWER to FOLLOWER at term 109 for recognizeCandidate:24830d12-f44b-43d9-b733-6f9667bbd6c9
2019-10-28 11:44:53,135 [grpc-default-executor-2] INFO  impl.RaftServerImpl (RaftServerImpl.java:setRole(184)) - 75159f97-af2c-48a6-bb8f-f5acb2145c35@group-08147416B334: changes role from  FOLLOWER to FOLLOWER at term 109 for recognizeCandidate:24830d12-f44b-43d9-b733-6f9667bbd6c9
2019-10-28 11:44:53,135 [grpc-default-executor-2] INFO  impl.RoleInfo (RoleInfo.java:shutdownFollowerState(121)) - 75159f97-af2c-48a6-bb8f-f5acb2145c35: shutdown FollowerState
2019-10-28 11:44:53,135 [grpc-default-executor-4] INFO  impl.RoleInfo (RoleInfo.java:shutdownFollowerState(121)) - ce71e9bc-e571-4e52-8a73-1c9dce7b9fa7: shutdown FollowerState
2019-10-28 11:44:53,135 [Thread-2194] INFO  impl.FollowerState (FollowerState.java:run(117)) - 75159f97-af2c-48a6-bb8f-f5acb2145c35@group-08147416B334-FollowerState was interrupted: java.lang.InterruptedException: sleep interrupted
2019-10-28 11:44:53,135 [grpc-default-executor-2] INFO  impl.RoleInfo (RoleInfo.java:updateAndGet(143)) - 75159f97-af2c-48a6-bb8f-f5acb2145c35: start FollowerState
2019-10-28 11:44:53,136 [Thread-2195] INFO  impl.FollowerState (FollowerState.java:run(117)) - ce71e9bc-e571-4e52-8a73-1c9dce7b9fa7@group-08147416B334-FollowerState was interrupted: java.lang.InterruptedException: sleep interrupted
2019-10-28 11:44:53,136 [grpc-default-executor-4] INFO  impl.RoleInfo (RoleInfo.java:updateAndGet(143)) - ce71e9bc-e571-4e52-8a73-1c9dce7b9fa7: start FollowerState
2019-10-28 11:44:53,149 [24830d12-f44b-43d9-b733-6f9667bbd6c9@group-08147416B334-LeaderElection134] INFO  impl.LeaderElection (LeaderElection.java:logAndReturn(56)) - 24830d12-f44b-43d9-b733-6f9667bbd6c9@group-08147416B334-LeaderElection134: Election REJECTED; received 2 response(s) [24830d12-f44b-43d9-b733-6f9667bbd6c9<-75159f97-af2c-48a6-bb8f-f5acb2145c35#0:FAIL-t109, 24830d12-f44b-43d9-b733-6f9667bbd6c9<-ce71e9bc-e571-4e52-8a73-1c9dce7b9fa7#0:FAIL-t109] and 0 exception(s); 24830d12-f44b-43d9-b733-6f9667bbd6c9@group-08147416B334:t109, leader=null, voted=24830d12-f44b-43d9-b733-6f9667bbd6c9, raftlog=24830d12-f44b-43d9-b733-6f9667bbd6c9@group-08147416B334-SegmentedRaftLog:OPENED:c-1,f-1,i0, conf=-1: [24830d12-f44b-43d9-b733-6f9667bbd6c9:192.168.164.193:40613, 75159f97-af2c-48a6-bb8f-f5acb2145c35:192.168.164.193:42423, ce71e9bc-e571-4e52-8a73-1c9dce7b9fa7:192.168.164.193:36234], old=null
2019-10-28 11:44:53,149 [24830d12-f44b-43d9-b733-6f9667bbd6c9@group-08147416B334-LeaderElection134] INFO  impl.RaftServerImpl (RaftServerImpl.java:setRole(184)) - 24830d12-f44b-43d9-b733-6f9667bbd6c9@group-08147416B334: changes role from CANDIDATE to FOLLOWER at term 109 for DISCOVERED_A_NEW_TERM
2019-10-28 11:44:53,150 [24830d12-f44b-43d9-b733-6f9667bbd6c9@group-08147416B334-LeaderElection134] INFO  impl.RoleInfo (RoleInfo.java:shutdownLeaderElection(134)) - 24830d12-f44b-43d9-b733-6f9667bbd6c9: shutdown LeaderElection
2019-10-28 11:44:53,150 [24830d12-f44b-43d9-b733-6f9667bbd6c9@group-08147416B334-LeaderElection134] INFO  impl.RoleInfo (RoleInfo.java:updateAndGet(143)) - 24830d12-f44b-43d9-b733-6f9667bbd6c9: start FollowerState
2019-10-28 11:44:53,176 [Thread-2204] INFO  impl.FollowerState (FollowerState.java:run(108)) - 24830d12-f44b-43d9-b733-6f9667bbd6c9@group-08147416B334-FollowerState: change to CANDIDATE, lastRpcTime:26ms, electionTimeout:26ms
2019-10-28 11:44:53,176 [Thread-2204] INFO  impl.RoleInfo (RoleInfo.java:shutdownFollowerState(121)) - 24830d12-f44b-43d9-b733-6f9667bbd6c9: shutdown FollowerState
2019-10-28 11:44:53,176 [Thread-2204] INFO  impl.RaftServerImpl (RaftServerImpl.java:setRole(184)) - 24830d12-f44b-43d9-b733-6f9667bbd6c9@group-08147416B334: changes role from  FOLLOWER to CANDIDATE at term 109 for changeToCandidate
2019-10-28 11:44:53,177 [Thread-2204] INFO  impl.RoleInfo (RoleInfo.java:updateAndGet(143)) - 24830d12-f44b-43d9-b733-6f9667bbd6c9: start LeaderElection
2019-10-28 11:44:53,190 [24830d12-f44b-43d9-b733-6f9667bbd6c9@group-08147416B334-LeaderElection135] INFO  impl.LeaderElection (LeaderElection.java:askForVotes(178)) - 24830d12-f44b-43d9-b733-6f9667bbd6c9@group-08147416B334-LeaderElection135: begin an election at term 110 for -1: [24830d12-f44b-43d9-b733-6f9667bbd6c9:192.168.164.193:40613, 75159f97-af2c-48a6-bb8f-f5acb2145c35:192.168.164.193:42423, ce71e9bc-e571-4e52-8a73-1c9dce7b9fa7:192.168.164.193:36234], old=null
2019-10-28 11:44:53,192 [grpc-default-executor-2] INFO  impl.RaftServerImpl (RaftServerImpl.java:setRole(184)) - ce71e9bc-e571-4e52-8a73-1c9dce7b9fa7@group-08147416B334: changes role from  FOLLOWER to FOLLOWER at term 110 for recognizeCandidate:24830d12-f44b-43d9-b733-6f9667bbd6c9
2019-10-28 11:44:53,193 [grpc-default-executor-2] INFO  impl.RoleInfo (RoleInfo.java:shutdownFollowerState(121)) - ce71e9bc-e571-4e52-8a73-1c9dce7b9fa7: shutdown FollowerState
2019-10-28 11:44:53,193 [grpc-default-executor-2] INFO  impl.RoleInfo (RoleInfo.java:updateAndGet(143)) - ce71e9bc-e571-4e52-8a73-1c9dce7b9fa7: start FollowerState
2019-10-28 11:44:53,193 [Thread-2203] INFO  impl.FollowerState (FollowerState.java:run(117)) - ce71e9bc-e571-4e52-8a73-1c9dce7b9fa7@group-08147416B334-FollowerState was interrupted: java.lang.InterruptedException: sleep interrupted
2019-10-28 11:44:53,193 [grpc-default-executor-4] INFO  impl.RaftServerImpl (RaftServerImpl.java:setRole(184)) - 75159f97-af2c-48a6-bb8f-f5acb2145c35@group-08147416B334: changes role from  FOLLOWER to FOLLOWER at term 110 for recognizeCandidate:24830d12-f44b-43d9-b733-6f9667bbd6c9
2019-10-28 11:44:53,193 [grpc-default-executor-4] INFO  impl.RoleInfo (RoleInfo.java:shutdownFollowerState(121)) - 75159f97-af2c-48a6-bb8f-f5acb2145c35: shutdown FollowerState
2019-10-28 11:44:53,193 [Thread-2202] INFO  impl.FollowerState (FollowerState.java:run(117)) - 75159f97-af2c-48a6-bb8f-f5acb2145c35@group-08147416B334-FollowerState was interrupted: java.lang.InterruptedException: sleep interrupted
2019-10-28 11:44:53,193 [grpc-default-executor-4] INFO  impl.RoleInfo (RoleInfo.java:updateAndGet(143)) - 75159f97-af2c-48a6-bb8f-f5acb2145c35: start FollowerState
2019-10-28 11:44:53,208 [24830d12-f44b-43d9-b733-6f9667bbd6c9@group-08147416B334-LeaderElection135] INFO  impl.LeaderElection (LeaderElection.java:logAndReturn(56)) - 24830d12-f44b-43d9-b733-6f9667bbd6c9@group-08147416B334-LeaderElection135: Election REJECTED; received 2 response(s) [24830d12-f44b-43d9-b733-6f9667bbd6c9<-75159f97-af2c-48a6-bb8f-f5acb2145c35#0:FAIL-t110, 24830d12-f44b-43d9-b733-6f9667bbd6c9<-ce71e9bc-e571-4e52-8a73-1c9dce7b9fa7#0:FAIL-t110] and 0 exception(s); 24830d12-f44b-43d9-b733-6f9667bbd6c9@group-08147416B334:t110, leader=null, voted=24830d12-f44b-43d9-b733-6f9667bbd6c9, raftlog=24830d12-f44b-43d9-b733-6f9667bbd6c9@group-08147416B334-SegmentedRaftLog:OPENED:c-1,f-1,i0, conf=-1: [24830d12-f44b-43d9-b733-6f9667bbd6c9:192.168.164.193:40613, 75159f97-af2c-48a6-bb8f-f5acb2145c35:192.168.164.193:42423, ce71e9bc-e571-4e52-8a73-1c9dce7b9fa7:192.168.164.193:36234], old=null
2019-10-28 11:44:53,208 [24830d12-f44b-43d9-b733-6f9667bbd6c9@group-08147416B334-LeaderElection135] INFO  impl.RaftServerImpl (RaftServerImpl.java:setRole(184)) - 24830d12-f44b-43d9-b733-6f9667bbd6c9@group-08147416B334: changes role from CANDIDATE to FOLLOWER at term 110 for DISCOVERED_A_NEW_TERM
2019-10-28 11:44:53,208 [24830d12-f44b-43d9-b733-6f9667bbd6c9@group-08147416B334-LeaderElection135] INFO  impl.RoleInfo (RoleInfo.java:shutdownLeaderElection(134)) - 24830d12-f44b-43d9-b733-6f9667bbd6c9: shutdown LeaderElection
2019-10-28 11:44:53,208 [24830d12-f44b-43d9-b733-6f9667bbd6c9@group-08147416B334-LeaderElection135] INFO  impl.RoleInfo (RoleInfo.java:updateAndGet(143)) - 24830d12-f44b-43d9-b733-6f9667bbd6c9: start FollowerState
2019-10-28 11:44:53,298 [Thread-2210] INFO  impl.FollowerState (FollowerState.java:run(108)) - 24830d12-f44b-43d9-b733-6f9667bbd6c9@group-08147416B334-FollowerState: change to CANDIDATE, lastRpcTime:90ms, electionTimeout:90ms
2019-10-28 11:44:53,299 [Thread-2210] INFO  impl.RoleInfo (RoleInfo.java:shutdownFollowerState(121)) - 24830d12-f44b-43d9-b733-6f9667bbd6c9: shutdown FollowerState
2019-10-28 11:44:53,299 [Thread-2210] INFO  impl.RaftServerImpl (RaftServerImpl.java:setRole(184)) - 24830d12-f44b-43d9-b733-6f9667bbd6c9@group-08147416B334: changes role from  FOLLOWER to CANDIDATE at term 110 for changeToCandidate
2019-10-28 11:44:53,299 [Thread-2210] INFO  impl.RoleInfo (RoleInfo.java:updateAndGet(143)) - 24830d12-f44b-43d9-b733-6f9667bbd6c9: start LeaderElection
2019-10-28 11:44:53,312 [24830d12-f44b-43d9-b733-6f9667bbd6c9@group-08147416B334-LeaderElection136] INFO  impl.LeaderElection (LeaderElection.java:askForVotes(178)) - 24830d12-f44b-43d9-b733-6f9667bbd6c9@group-08147416B334-LeaderElection136: begin an election at term 111 for -1: [24830d12-f44b-43d9-b733-6f9667bbd6c9:192.168.164.193:40613, 75159f97-af2c-48a6-bb8f-f5acb2145c35:192.168.164.193:42423, ce71e9bc-e571-4e52-8a73-1c9dce7b9fa7:192.168.164.193:36234], old=null
2019-10-28 11:44:53,316 [grpc-default-executor-2] INFO  impl.RaftServerImpl (RaftServerImpl.java:setRole(184)) - 75159f97-af2c-48a6-bb8f-f5acb2145c35@group-08147416B334: changes role from  FOLLOWER to FOLLOWER at term 111 for recognizeCandidate:24830d12-f44b-43d9-b733-6f9667bbd6c9
2019-10-28 11:44:53,316 [grpc-default-executor-4] INFO  impl.RaftServerImpl (RaftServerImpl.java:setRole(184)) - ce71e9bc-e571-4e52-8a73-1c9dce7b9fa7@group-08147416B334: changes role from  FOLLOWER to FOLLOWER at term 111 for recognizeCandidate:24830d12-f44b-43d9-b733-6f9667bbd6c9
2019-10-28 11:44:53,317 [grpc-default-executor-2] INFO  impl.RoleInfo (RoleInfo.java:shutdownFollowerState(121)) - 75159f97-af2c-48a6-bb8f-f5acb2145c35: shutdown FollowerState
2019-10-28 11:44:53,317 [grpc-default-executor-4] INFO  impl.RoleInfo (RoleInfo.java:shutdownFollowerState(121)) - ce71e9bc-e571-4e52-8a73-1c9dce7b9fa7: shutdown FollowerState
2019-10-28 11:44:53,317 [grpc-default-executor-2] INFO  impl.RoleInfo (RoleInfo.java:updateAndGet(143)) - 75159f97-af2c-48a6-bb8f-f5acb2145c35: start FollowerState
2019-10-28 11:44:53,317 [Thread-2208] INFO  impl.FollowerState (FollowerState.java:run(117)) - ce71e9bc-e571-4e52-8a73-1c9dce7b9fa7@group-08147416B334-FollowerState was interrupted: java.lang.InterruptedException: sleep interrupted
2019-10-28 11:44:53,317 [Thread-2209] INFO  impl.FollowerState (FollowerState.java:run(117)) - 75159f97-af2c-48a6-bb8f-f5acb2145c35@group-08147416B334-FollowerState was interrupted: java.lang.InterruptedException: sleep interrupted
2019-10-28 11:44:53,317 [grpc-default-executor-4] INFO  impl.RoleInfo (RoleInfo.java:updateAndGet(143)) - ce71e9bc-e571-4e52-8a73-1c9dce7b9fa7: start FollowerState
2019-10-28 11:44:53,330 [24830d12-f44b-43d9-b733-6f9667bbd6c9@group-08147416B334-LeaderElection136] INFO  impl.LeaderElection (LeaderElection.java:logAndReturn(56)) - 24830d12-f44b-43d9-b733-6f9667bbd6c9@group-08147416B334-LeaderElection136: Election REJECTED; received 2 response(s) [24830d12-f44b-43d9-b733-6f9667bbd6c9<-75159f97-af2c-48a6-bb8f-f5acb2145c35#0:FAIL-t111, 24830d12-f44b-43d9-b733-6f9667bbd6c9<-ce71e9bc-e571-4e52-8a73-1c9dce7b9fa7#0:FAIL-t111] and 0 exception(s); 24830d12-f44b-43d9-b733-6f9667bbd6c9@group-08147416B334:t111, leader=null, voted=24830d12-f44b-43d9-b733-6f9667bbd6c9, raftlog=24830d12-f44b-43d9-b733-6f9667bbd6c9@group-08147416B334-SegmentedRaftLog:OPENED:c-1,f-1,i0, conf=-1: [24830d12-f44b-43d9-b733-6f9667bbd6c9:192.168.164.193:40613, 75159f97-af2c-48a6-bb8f-f5acb2145c35:192.168.164.193:42423, ce71e9bc-e571-4e52-8a73-1c9dce7b9fa7:192.168.164.193:36234], old=null
2019-10-28 11:44:53,330 [24830d12-f44b-43d9-b733-6f9667bbd6c9@group-08147416B334-LeaderElection136] INFO  impl.RaftServerImpl (RaftServerImpl.java:setRole(184)) - 24830d12-f44b-43d9-b733-6f9667bbd6c9@group-08147416B334: changes role from CANDIDATE to FOLLOWER at term 111 for DISCOVERED_A_NEW_TERM
2019-10-28 11:44:53,330 [24830d12-f44b-43d9-b733-6f9667bbd6c9@group-08147416B334-LeaderElection136] INFO  impl.RoleInfo (RoleInfo.java:shutdownLeaderElection(134)) - 24830d12-f44b-43d9-b733-6f9667bbd6c9: shutdown LeaderElection
2019-10-28 11:44:53,330 [24830d12-f44b-43d9-b733-6f9667bbd6c9@group-08147416B334-LeaderElection136] INFO  impl.RoleInfo (RoleInfo.java:updateAndGet(143)) - 24830d12-f44b-43d9-b733-6f9667bbd6c9: start FollowerState
2019-10-28 11:44:53,481 [Thread-2218] INFO  impl.FollowerState (FollowerState.java:run(108)) - 24830d12-f44b-43d9-b733-6f9667bbd6c9@group-08147416B334-FollowerState: change to CANDIDATE, lastRpcTime:150ms, electionTimeout:150ms
2019-10-28 11:44:53,481 [Thread-2218] INFO  impl.RoleInfo (RoleInfo.java:shutdownFollowerState(121)) - 24830d12-f44b-43d9-b733-6f9667bbd6c9: shutdown FollowerState
2019-10-28 11:44:53,481 [Thread-2218] INFO  impl.RaftServerImpl (RaftServerImpl.java:setRole(184)) - 24830d12-f44b-43d9-b733-6f9667bbd6c9@group-08147416B334: changes role from  FOLLOWER to CANDIDATE at term 111 for changeToCandidate
2019-10-28 11:44:53,482 [Thread-2218] INFO  impl.RoleInfo (RoleInfo.java:updateAndGet(143)) - 24830d12-f44b-43d9-b733-6f9667bbd6c9: start LeaderElection
2019-10-28 11:44:53,508 [24830d12-f44b-43d9-b733-6f9667bbd6c9@group-08147416B334-LeaderElection137] INFO  impl.LeaderElection (LeaderElection.java:askForVotes(178)) - 24830d12-f44b-43d9-b733-6f9667bbd6c9@group-08147416B334-LeaderElection137: begin an election at term 112 for -1: [24830d12-f44b-43d9-b733-6f9667bbd6c9:192.168.164.193:40613, 75159f97-af2c-48a6-bb8f-f5acb2145c35:192.168.164.193:42423, ce71e9bc-e571-4e52-8a73-1c9dce7b9fa7:192.168.164.193:36234], old=null
2019-10-28 11:44:53,510 [grpc-default-executor-4] INFO  impl.RaftServerImpl (RaftServerImpl.java:setRole(184)) - 75159f97-af2c-48a6-bb8f-f5acb2145c35@group-08147416B334: changes role from  FOLLOWER to FOLLOWER at term 112 for recognizeCandidate:24830d12-f44b-43d9-b733-6f9667bbd6c9
2019-10-28 11:44:53,510 [grpc-default-executor-4] INFO  impl.RoleInfo (RoleInfo.java:shutdownFollowerState(121)) - 75159f97-af2c-48a6-bb8f-f5acb2145c35: shutdown FollowerState
2019-10-28 11:44:53,510 [grpc-default-executor-2] INFO  impl.RaftServerImpl (RaftServerImpl.java:setRole(184)) - ce71e9bc-e571-4e52-8a73-1c9dce7b9fa7@group-08147416B334: changes role from  FOLLOWER to FOLLOWER at term 112 for recognizeCandidate:24830d12-f44b-43d9-b733-6f9667bbd6c9
2019-10-28 11:44:53,510 [Thread-2216] INFO  impl.FollowerState (FollowerState.java:run(117)) - 75159f97-af2c-48a6-bb8f-f5acb2145c35@group-08147416B334-FollowerState was interrupted: java.lang.InterruptedException: sleep interrupted
2019-10-28 11:44:53,510 [grpc-default-executor-4] INFO  impl.RoleInfo (RoleInfo.java:updateAndGet(143)) - 75159f97-af2c-48a6-bb8f-f5acb2145c35: start FollowerState
2019-10-28 11:44:53,510 [grpc-default-executor-2] INFO  impl.RoleInfo (RoleInfo.java:shutdownFollowerState(121)) - ce71e9bc-e571-4e52-8a73-1c9dce7b9fa7: shutdown FollowerState
2019-10-28 11:44:53,511 [grpc-default-executor-2] INFO  impl.RoleInfo (RoleInfo.java:updateAndGet(143)) - ce71e9bc-e571-4e52-8a73-1c9dce7b9fa7: start FollowerState
2019-10-28 11:44:53,511 [Thread-2217] INFO  impl.FollowerState (FollowerState.java:run(117)) - ce71e9bc-e571-4e52-8a73-1c9dce7b9fa7@group-08147416B334-FollowerState was interrupted: java.lang.InterruptedException: sleep interrupted
2019-10-28 11:44:53,525 [24830d12-f44b-43d9-b733-6f9667bbd6c9@group-08147416B334-LeaderElection137] INFO  impl.LeaderElection (LeaderElection.java:logAndReturn(56)) - 24830d12-f44b-43d9-b733-6f9667bbd6c9@group-08147416B334-LeaderElection137: Election REJECTED; received 2 response(s) [24830d12-f44b-43d9-b733-6f9667bbd6c9<-75159f97-af2c-48a6-bb8f-f5acb2145c35#0:FAIL-t112, 24830d12-f44b-43d9-b733-6f9667bbd6c9<-ce71e9bc-e571-4e52-8a73-1c9dce7b9fa7#0:FAIL-t112] and 0 exception(s); 24830d12-f44b-43d9-b733-6f9667bbd6c9@group-08147416B334:t112, leader=null, voted=24830d12-f44b-43d9-b733-6f9667bbd6c9, raftlog=24830d12-f44b-43d9-b733-6f9667bbd6c9@group-08147416B334-SegmentedRaftLog:OPENED:c-1,f-1,i0, conf=-1: [24830d12-f44b-43d9-b733-6f9667bbd6c9:192.168.164.193:40613, 75159f97-af2c-48a6-bb8f-f5acb2145c35:192.168.164.193:42423, ce71e9bc-e571-4e52-8a73-1c9dce7b9fa7:192.168.164.193:36234], old=null
2019-10-28 11:44:53,525 [24830d12-f44b-43d9-b733-6f9667bbd6c9@group-08147416B334-LeaderElection137] INFO  impl.RaftServerImpl (RaftServerImpl.java:setRole(184)) - 24830d12-f44b-43d9-b733-6f9667bbd6c9@group-08147416B334: changes role from CANDIDATE to FOLLOWER at term 112 for DISCOVERED_A_NEW_TERM
2019-10-28 11:44:53,525 [24830d12-f44b-43d9-b733-6f9667bbd6c9@group-08147416B334-LeaderElection137] INFO  impl.RoleInfo (RoleInfo.java:shutdownLeaderElection(134)) - 24830d12-f44b-43d9-b733-6f9667bbd6c9: shutdown LeaderElection
2019-10-28 11:44:53,525 [24830d12-f44b-43d9-b733-6f9667bbd6c9@group-08147416B334-LeaderElection137] INFO  impl.RoleInfo (RoleInfo.java:updateAndGet(143)) - 24830d12-f44b-43d9-b733-6f9667bbd6c9: start FollowerState
2019-10-28 11:44:53,650 [Thread-2224] INFO  impl.FollowerState (FollowerState.java:run(108)) - 24830d12-f44b-43d9-b733-6f9667bbd6c9@group-08147416B334-FollowerState: change to CANDIDATE, lastRpcTime:124ms, electionTimeout:123ms
2019-10-28 11:44:53,650 [Thread-2224] INFO  impl.RoleInfo (RoleInfo.java:shutdownFollowerState(121)) - 24830d12-f44b-43d9-b733-6f9667bbd6c9: shutdown FollowerState
2019-10-28 11:44:53,650 [Thread-2224] INFO  impl.RaftServerImpl (RaftServerImpl.java:setRole(184)) - 24830d12-f44b-43d9-b733-6f9667bbd6c9@group-08147416B334: changes role from  FOLLOWER to CANDIDATE at term 112 for changeToCandidate
2019-10-28 11:44:53,650 [Thread-2224] INFO  impl.RoleInfo (RoleInfo.java:updateAndGet(143)) - 24830d12-f44b-43d9-b733-6f9667bbd6c9: start LeaderElection
2019-10-28 11:44:53,655 [24830d12-f44b-43d9-b733-6f9667bbd6c9@group-08147416B334-LeaderElection138] INFO  impl.LeaderElection (LeaderElection.java:askForVotes(178)) - 24830d12-f44b-43d9-b733-6f9667bbd6c9@group-08147416B334-LeaderElection138: begin an election at term 113 for -1: [24830d12-f44b-43d9-b733-6f9667bbd6c9:192.168.164.193:40613, 75159f97-af2c-48a6-bb8f-f5acb2145c35:192.168.164.193:42423, ce71e9bc-e571-4e52-8a73-1c9dce7b9fa7:192.168.164.193:36234], old=null
2019-10-28 11:44:53,657 [grpc-default-executor-4] INFO  impl.RaftServerImpl (RaftServerImpl.java:setRole(184)) - 75159f97-af2c-48a6-bb8f-f5acb2145c35@group-08147416B334: changes role from  FOLLOWER to FOLLOWER at term 113 for recognizeCandidate:24830d12-f44b-43d9-b733-6f9667bbd6c9
2019-10-28 11:44:53,657 [grpc-default-executor-2] INFO  impl.RaftServerImpl (RaftServerImpl.java:setRole(184)) - ce71e9bc-e571-4e52-8a73-1c9dce7b9fa7@group-08147416B334: changes role from  FOLLOWER to FOLLOWER at term 113 for recognizeCandidate:24830d12-f44b-43d9-b733-6f9667bbd6c9
2019-10-28 11:44:53,657 [grpc-default-executor-4] INFO  impl.RoleInfo (RoleInfo.java:shutdownFollowerState(121)) - 75159f97-af2c-48a6-bb8f-f5acb2145c35: shutdown FollowerState
2019-10-28 11:44:53,657 [grpc-default-executor-2] INFO  impl.RoleInfo (RoleInfo.java:shutdownFollowerState(121)) - ce71e9bc-e571-4e52-8a73-1c9dce7b9fa7: shutdown FollowerState
2019-10-28 11:44:53,657 [Thread-2222] INFO  impl.FollowerState (FollowerState.java:run(117)) - 75159f97-af2c-48a6-bb8f-f5acb2145c35@group-08147416B334-FollowerState was interrupted: java.lang.InterruptedException: sleep interrupted
2019-10-28 11:44:53,657 [grpc-default-executor-4] INFO  impl.RoleInfo (RoleInfo.java:updateAndGet(143)) - 75159f97-af2c-48a6-bb8f-f5acb2145c35: start FollowerState
2019-10-28 11:44:53,657 [Thread-2223] INFO  impl.FollowerState (FollowerState.java:run(117)) - ce71e9bc-e571-4e52-8a73-1c9dce7b9fa7@group-08147416B334-FollowerState was interrupted: java.lang.InterruptedException: sleep interrupted
2019-10-28 11:44:53,657 [grpc-default-executor-2] INFO  impl.RoleInfo (RoleInfo.java:updateAndGet(143)) - ce71e9bc-e571-4e52-8a73-1c9dce7b9fa7: start FollowerState
2019-10-28 11:44:53,664 [24830d12-f44b-43d9-b733-6f9667bbd6c9@group-08147416B334-LeaderElection138] INFO  impl.LeaderElection (LeaderElection.java:logAndReturn(56)) - 24830d12-f44b-43d9-b733-6f9667bbd6c9@group-08147416B334-LeaderElection138: Election REJECTED; received 2 response(s) [24830d12-f44b-43d9-b733-6f9667bbd6c9<-75159f97-af2c-48a6-bb8f-f5acb2145c35#0:FAIL-t113, 24830d12-f44b-43d9-b733-6f9667bbd6c9<-ce71e9bc-e571-4e52-8a73-1c9dce7b9fa7#0:FAIL-t113] and 0 exception(s); 24830d12-f44b-43d9-b733-6f9667bbd6c9@group-08147416B334:t113, leader=null, voted=24830d12-f44b-43d9-b733-6f9667bbd6c9, raftlog=24830d12-f44b-43d9-b733-6f9667bbd6c9@group-08147416B334-SegmentedRaftLog:OPENED:c-1,f-1,i0, conf=-1: [24830d12-f44b-43d9-b733-6f9667bbd6c9:192.168.164.193:40613, 75159f97-af2c-48a6-bb8f-f5acb2145c35:192.168.164.193:42423, ce71e9bc-e571-4e52-8a73-1c9dce7b9fa7:192.168.164.193:36234], old=null
2019-10-28 11:44:53,665 [24830d12-f44b-43d9-b733-6f9667bbd6c9@group-08147416B334-LeaderElection138] INFO  impl.RaftServerImpl (RaftServerImpl.java:setRole(184)) - 24830d12-f44b-43d9-b733-6f9667bbd6c9@group-08147416B334: changes role from CANDIDATE to FOLLOWER at term 113 for DISCOVERED_A_NEW_TERM
2019-10-28 11:44:53,665 [24830d12-f44b-43d9-b733-6f9667bbd6c9@group-08147416B334-LeaderElection138] INFO  impl.RoleInfo (RoleInfo.java:shutdownLeaderElection(134)) - 24830d12-f44b-43d9-b733-6f9667bbd6c9: shutdown LeaderElection
2019-10-28 11:44:53,665 [24830d12-f44b-43d9-b733-6f9667bbd6c9@group-08147416B334-LeaderElection138] INFO  impl.RoleInfo (RoleInfo.java:updateAndGet(143)) - 24830d12-f44b-43d9-b733-6f9667bbd6c9: start FollowerState
2019-10-28 11:44:53,840 [Thread-2232] INFO  impl.FollowerState (FollowerState.java:run(108)) - 24830d12-f44b-43d9-b733-6f9667bbd6c9@group-08147416B334-FollowerState: change to CANDIDATE, lastRpcTime:175ms, electionTimeout:175ms
2019-10-28 11:44:53,840 [Thread-2232] INFO  impl.RoleInfo (RoleInfo.java:shutdownFollowerState(121)) - 24830d12-f44b-43d9-b733-6f9667bbd6c9: shutdown FollowerState
2019-10-28 11:44:53,840 [Thread-2232] INFO  impl.RaftServerImpl (RaftServerImpl.java:setRole(184)) - 24830d12-f44b-43d9-b733-6f9667bbd6c9@group-08147416B334: changes role from  FOLLOWER to CANDIDATE at term 113 for changeToCandidate
2019-10-28 11:44:53,841 [Thread-2232] INFO  impl.RoleInfo (RoleInfo.java:updateAndGet(143)) - 24830d12-f44b-43d9-b733-6f9667bbd6c9: start LeaderElection
2019-10-28 11:44:53,853 [24830d12-f44b-43d9-b733-6f9667bbd6c9@group-08147416B334-LeaderElection139] INFO  impl.LeaderElection (LeaderElection.java:askForVotes(178)) - 24830d12-f44b-43d9-b733-6f9667bbd6c9@group-08147416B334-LeaderElection139: begin an election at term 114 for -1: [24830d12-f44b-43d9-b733-6f9667bbd6c9:192.168.164.193:40613, 75159f97-af2c-48a6-bb8f-f5acb2145c35:192.168.164.193:42423, ce71e9bc-e571-4e52-8a73-1c9dce7b9fa7:192.168.164.193:36234], old=null
2019-10-28 11:44:53,855 [grpc-default-executor-4] INFO  impl.RaftServerImpl (RaftServerImpl.java:setRole(184)) - 75159f97-af2c-48a6-bb8f-f5acb2145c35@group-08147416B334: changes role from  FOLLOWER to FOLLOWER at term 114 for recognizeCandidate:24830d12-f44b-43d9-b733-6f9667bbd6c9
2019-10-28 11:44:53,855 [grpc-default-executor-4] INFO  impl.RoleInfo (RoleInfo.java:shutdownFollowerState(121)) - 75159f97-af2c-48a6-bb8f-f5acb2145c35: shutdown FollowerState
2019-10-28 11:44:53,855 [grpc-default-executor-2] INFO  impl.RaftServerImpl (RaftServerImpl.java:setRole(184)) - ce71e9bc-e571-4e52-8a73-1c9dce7b9fa7@group-08147416B334: changes role from  FOLLOWER to FOLLOWER at term 114 for recognizeCandidate:24830d12-f44b-43d9-b733-6f9667bbd6c9
2019-10-28 11:44:53,855 [Thread-2230] INFO  impl.FollowerState (FollowerState.java:run(117)) - 75159f97-af2c-48a6-bb8f-f5acb2145c35@group-08147416B334-FollowerState was interrupted: java.lang.InterruptedException: sleep interrupted
2019-10-28 11:44:53,855 [grpc-default-executor-4] INFO  impl.RoleInfo (RoleInfo.java:updateAndGet(143)) - 75159f97-af2c-48a6-bb8f-f5acb2145c35: start FollowerState
2019-10-28 11:44:53,855 [grpc-default-executor-2] INFO  impl.RoleInfo (RoleInfo.java:shutdownFollowerState(121)) - ce71e9bc-e571-4e52-8a73-1c9dce7b9fa7: shutdown FollowerState
2019-10-28 11:44:53,855 [grpc-default-executor-2] INFO  impl.RoleInfo (RoleInfo.java:updateAndGet(143)) - ce71e9bc-e571-4e52-8a73-1c9dce7b9fa7: start FollowerState
2019-10-28 11:44:53,855 [Thread-2231] INFO  impl.FollowerState (FollowerState.java:run(117)) - ce71e9bc-e571-4e52-8a73-1c9dce7b9fa7@group-08147416B334-FollowerState was interrupted: java.lang.InterruptedException: sleep interrupted
2019-10-28 11:44:53,902 [24830d12-f44b-43d9-b733-6f9667bbd6c9@group-08147416B334-LeaderElection139] INFO  impl.LeaderElection (LeaderElection.java:logAndReturn(56)) - 24830d12-f44b-43d9-b733-6f9667bbd6c9@group-08147416B334-LeaderElection139: Election REJECTED; received 2 response(s) [24830d12-f44b-43d9-b733-6f9667bbd6c9<-75159f97-af2c-48a6-bb8f-f5acb2145c35#0:FAIL-t114, 24830d12-f44b-43d9-b733-6f9667bbd6c9<-ce71e9bc-e571-4e52-8a73-1c9dce7b9fa7#0:FAIL-t114] and 0 exception(s); 24830d12-f44b-43d9-b733-6f9667bbd6c9@group-08147416B334:t114, leader=null, voted=24830d12-f44b-43d9-b733-6f9667bbd6c9, raftlog=24830d12-f44b-43d9-b733-6f9667bbd6c9@group-08147416B334-SegmentedRaftLog:OPENED:c-1,f-1,i0, conf=-1: [24830d12-f44b-43d9-b733-6f9667bbd6c9:192.168.164.193:40613, 75159f97-af2c-48a6-bb8f-f5acb2145c35:192.168.164.193:42423, ce71e9bc-e571-4e52-8a73-1c9dce7b9fa7:192.168.164.193:36234], old=null
2019-10-28 11:44:53,902 [24830d12-f44b-43d9-b733-6f9667bbd6c9@group-08147416B334-LeaderElection139] INFO  impl.RaftServerImpl (RaftServerImpl.java:setRole(184)) - 24830d12-f44b-43d9-b733-6f9667bbd6c9@group-08147416B334: changes role from CANDIDATE to FOLLOWER at term 114 for DISCOVERED_A_NEW_TERM
2019-10-28 11:44:53,902 [24830d12-f44b-43d9-b733-6f9667bbd6c9@group-08147416B334-LeaderElection139] INFO  impl.RoleInfo (RoleInfo.java:shutdownLeaderElection(134)) - 24830d12-f44b-43d9-b733-6f9667bbd6c9: shutdown LeaderElection
2019-10-28 11:44:53,902 [24830d12-f44b-43d9-b733-6f9667bbd6c9@group-08147416B334-LeaderElection139] INFO  impl.RoleInfo (RoleInfo.java:updateAndGet(143)) - 24830d12-f44b-43d9-b733-6f9667bbd6c9: start FollowerState
2019-10-28 11:44:54,091 [Thread-2240] INFO  impl.FollowerState (FollowerState.java:run(108)) - 24830d12-f44b-43d9-b733-6f9667bbd6c9@group-08147416B334-FollowerState: change to CANDIDATE, lastRpcTime:188ms, electionTimeout:188ms
2019-10-28 11:44:54,091 [Thread-2240] INFO  impl.RoleInfo (RoleInfo.java:shutdownFollowerState(121)) - 24830d12-f44b-43d9-b733-6f9667bbd6c9: shutdown FollowerState
2019-10-28 11:44:54,091 [Thread-2240] INFO  impl.RaftServerImpl (RaftServerImpl.java:setRole(184)) - 24830d12-f44b-43d9-b733-6f9667bbd6c9@group-08147416B334: changes role from  FOLLOWER to CANDIDATE at term 114 for changeToCandidate
2019-10-28 11:44:54,091 [Thread-2240] INFO  impl.RoleInfo (RoleInfo.java:updateAndGet(143)) - 24830d12-f44b-43d9-b733-6f9667bbd6c9: start LeaderElection
2019-10-28 11:44:54,102 [main] WARN  io.KeyOutputStream (KeyOutputStream.java:handleException(274)) - Encountered exception java.io.IOException: Unexpected Storage Container Exception: java.util.concurrent.CompletionException: java.util.concurrent.CompletionException: org.apache.ratis.protocol.RaftRetryFailureException: Failed RaftClientRequest:client-B532211060BA->ce71e9bc-e571-4e52-8a73-1c9dce7b9fa7@group-08147416B334, cid=52, seq=1*, RW, cmdType: WriteChunk
traceID: "9fe7a85cf67d9288:9fe7a85cf67d9288:0:0"
containerID: 2
datanodeUuid: "24830d12-f44b-43d9-b733-6f9667bbd6c9"
writeChunk {
  blockID {
    containerID: 2
    localID: 103039833520078853
    blockCommitSequenceId: 0
  }
  chunkData {
    chunkName: "103039833520078853_chunk_1"
    offset: 0
    len: 1048576
    checksumData {
      type: CRC32
      bytesPerChecksum: 1048576
      checksums: "wB\324\177"
    }
  }
}
, data.size=1048576 for 10 attempts with RetryLimited(maxAttempts=10, sleepTime=1000ms) on the pipeline Pipeline[ Id: a1f718c7-e34d-4c3e-9e12-08147416b334, Nodes: 24830d12-f44b-43d9-b733-6f9667bbd6c9{ip: 192.168.164.193, host: pr-hdds-2292-97wmq-4261317731, networkLocation: /rack1, certSerialId: null}75159f97-af2c-48a6-bb8f-f5acb2145c35{ip: 192.168.164.193, host: pr-hdds-2292-97wmq-4261317731, networkLocation: /rack1, certSerialId: null}ce71e9bc-e571-4e52-8a73-1c9dce7b9fa7{ip: 192.168.164.193, host: pr-hdds-2292-97wmq-4261317731, networkLocation: /rack1, certSerialId: null}, Type:RATIS, Factor:THREE, State:OPEN]. The last committed block length is 0, uncommitted data length is 1048576 retry count 0
2019-10-28 11:44:54,116 [24830d12-f44b-43d9-b733-6f9667bbd6c9@group-08147416B334-LeaderElection140] INFO  impl.LeaderElection (LeaderElection.java:askForVotes(178)) - 24830d12-f44b-43d9-b733-6f9667bbd6c9@group-08147416B334-LeaderElection140: begin an election at term 115 for -1: [24830d12-f44b-43d9-b733-6f9667bbd6c9:192.168.164.193:40613, 75159f97-af2c-48a6-bb8f-f5acb2145c35:192.168.164.193:42423, ce71e9bc-e571-4e52-8a73-1c9dce7b9fa7:192.168.164.193:36234], old=null
2019-10-28 11:44:54,119 [grpc-default-executor-2] INFO  impl.RaftServerImpl (RaftServerImpl.java:setRole(184)) - 75159f97-af2c-48a6-bb8f-f5acb2145c35@group-08147416B334: changes role from  FOLLOWER to FOLLOWER at term 115 for recognizeCandidate:24830d12-f44b-43d9-b733-6f9667bbd6c9
2019-10-28 11:44:54,119 [grpc-default-executor-2] INFO  impl.RoleInfo (RoleInfo.java:shutdownFollowerState(121)) - 75159f97-af2c-48a6-bb8f-f5acb2145c35: shutdown FollowerState
2019-10-28 11:44:54,119 [grpc-default-executor-4] INFO  impl.RaftServerImpl (RaftServerImpl.java:setRole(184)) - ce71e9bc-e571-4e52-8a73-1c9dce7b9fa7@group-08147416B334: changes role from  FOLLOWER to FOLLOWER at term 115 for recognizeCandidate:24830d12-f44b-43d9-b733-6f9667bbd6c9
2019-10-28 11:44:54,119 [Thread-2238] INFO  impl.FollowerState (FollowerState.java:run(117)) - 75159f97-af2c-48a6-bb8f-f5acb2145c35@group-08147416B334-FollowerState was interrupted: java.lang.InterruptedException: sleep interrupted
2019-10-28 11:44:54,119 [grpc-default-executor-2] INFO  impl.RoleInfo (RoleInfo.java:updateAndGet(143)) - 75159f97-af2c-48a6-bb8f-f5acb2145c35: start FollowerState
2019-10-28 11:44:54,119 [grpc-default-executor-4] INFO  impl.RoleInfo (RoleInfo.java:shutdownFollowerState(121)) - ce71e9bc-e571-4e52-8a73-1c9dce7b9fa7: shutdown FollowerState
2019-10-28 11:44:54,120 [grpc-default-executor-4] INFO  impl.RoleInfo (RoleInfo.java:updateAndGet(143)) - ce71e9bc-e571-4e52-8a73-1c9dce7b9fa7: start FollowerState
2019-10-28 11:44:54,120 [Thread-2239] INFO  impl.FollowerState (FollowerState.java:run(117)) - ce71e9bc-e571-4e52-8a73-1c9dce7b9fa7@group-08147416B334-FollowerState was interrupted: java.lang.InterruptedException: sleep interrupted
2019-10-28 11:44:54,130 [24830d12-f44b-43d9-b733-6f9667bbd6c9@group-08147416B334-LeaderElection140] INFO  impl.LeaderElection (LeaderElection.java:logAndReturn(56)) - 24830d12-f44b-43d9-b733-6f9667bbd6c9@group-08147416B334-LeaderElection140: Election REJECTED; received 2 response(s) [24830d12-f44b-43d9-b733-6f9667bbd6c9<-75159f97-af2c-48a6-bb8f-f5acb2145c35#0:FAIL-t115, 24830d12-f44b-43d9-b733-6f9667bbd6c9<-ce71e9bc-e571-4e52-8a73-1c9dce7b9fa7#0:FAIL-t115] and 0 exception(s); 24830d12-f44b-43d9-b733-6f9667bbd6c9@group-08147416B334:t115, leader=null, voted=24830d12-f44b-43d9-b733-6f9667bbd6c9, raftlog=24830d12-f44b-43d9-b733-6f9667bbd6c9@group-08147416B334-SegmentedRaftLog:OPENED:c-1,f-1,i0, conf=-1: [24830d12-f44b-43d9-b733-6f9667bbd6c9:192.168.164.193:40613, 75159f97-af2c-48a6-bb8f-f5acb2145c35:192.168.164.193:42423, ce71e9bc-e571-4e52-8a73-1c9dce7b9fa7:192.168.164.193:36234], old=null
2019-10-28 11:44:54,130 [24830d12-f44b-43d9-b733-6f9667bbd6c9@group-08147416B334-LeaderElection140] INFO  impl.RaftServerImpl (RaftServerImpl.java:setRole(184)) - 24830d12-f44b-43d9-b733-6f9667bbd6c9@group-08147416B334: changes role from CANDIDATE to FOLLOWER at term 115 for DISCOVERED_A_NEW_TERM
2019-10-28 11:44:54,130 [24830d12-f44b-43d9-b733-6f9667bbd6c9@group-08147416B334-LeaderElection140] INFO  impl.RoleInfo (RoleInfo.java:shutdownLeaderElection(134)) - 24830d12-f44b-43d9-b733-6f9667bbd6c9: shutdown LeaderElection
2019-10-28 11:44:54,130 [24830d12-f44b-43d9-b733-6f9667bbd6c9@group-08147416B334-LeaderElection140] INFO  impl.RoleInfo (RoleInfo.java:updateAndGet(143)) - 24830d12-f44b-43d9-b733-6f9667bbd6c9: start FollowerState
2019-10-28 11:44:54,331 [Thread-2248] INFO  impl.FollowerState (FollowerState.java:run(108)) - 24830d12-f44b-43d9-b733-6f9667bbd6c9@group-08147416B334-FollowerState: change to CANDIDATE, lastRpcTime:200ms, electionTimeout:200ms
2019-10-28 11:44:54,331 [Thread-2248] INFO  impl.RoleInfo (RoleInfo.java:shutdownFollowerState(121)) - 24830d12-f44b-43d9-b733-6f9667bbd6c9: shutdown FollowerState
2019-10-28 11:44:54,331 [Thread-2248] INFO  impl.RaftServerImpl (RaftServerImpl.java:setRole(184)) - 24830d12-f44b-43d9-b733-6f9667bbd6c9@group-08147416B334: changes role from  FOLLOWER to CANDIDATE at term 115 for changeToCandidate
2019-10-28 11:44:54,331 [Thread-2248] INFO  impl.RoleInfo (RoleInfo.java:updateAndGet(143)) - 24830d12-f44b-43d9-b733-6f9667bbd6c9: start LeaderElection
2019-10-28 11:44:54,347 [24830d12-f44b-43d9-b733-6f9667bbd6c9@group-08147416B334-LeaderElection141] INFO  impl.LeaderElection (LeaderElection.java:askForVotes(178)) - 24830d12-f44b-43d9-b733-6f9667bbd6c9@group-08147416B334-LeaderElection141: begin an election at term 116 for -1: [24830d12-f44b-43d9-b733-6f9667bbd6c9:192.168.164.193:40613, 75159f97-af2c-48a6-bb8f-f5acb2145c35:192.168.164.193:42423, ce71e9bc-e571-4e52-8a73-1c9dce7b9fa7:192.168.164.193:36234], old=null
2019-10-28 11:44:54,349 [grpc-default-executor-2] INFO  impl.RaftServerImpl (RaftServerImpl.java:setRole(184)) - 75159f97-af2c-48a6-bb8f-f5acb2145c35@group-08147416B334: changes role from  FOLLOWER to FOLLOWER at term 116 for recognizeCandidate:24830d12-f44b-43d9-b733-6f9667bbd6c9
2019-10-28 11:44:54,349 [grpc-default-executor-2] INFO  impl.RoleInfo (RoleInfo.java:shutdownFollowerState(121)) - 75159f97-af2c-48a6-bb8f-f5acb2145c35: shutdown FollowerState
2019-10-28 11:44:54,349 [grpc-default-executor-2] INFO  impl.RoleInfo (RoleInfo.java:updateAndGet(143)) - 75159f97-af2c-48a6-bb8f-f5acb2145c35: start FollowerState
2019-10-28 11:44:54,349 [Thread-2246] INFO  impl.FollowerState (FollowerState.java:run(117)) - 75159f97-af2c-48a6-bb8f-f5acb2145c35@group-08147416B334-FollowerState was interrupted: java.lang.InterruptedException: sleep interrupted
2019-10-28 11:44:54,349 [grpc-default-executor-8] INFO  impl.RaftServerImpl (RaftServerImpl.java:setRole(184)) - ce71e9bc-e571-4e52-8a73-1c9dce7b9fa7@group-08147416B334: changes role from  FOLLOWER to FOLLOWER at term 116 for recognizeCandidate:24830d12-f44b-43d9-b733-6f9667bbd6c9
2019-10-28 11:44:54,349 [grpc-default-executor-8] INFO  impl.RoleInfo (RoleInfo.java:shutdownFollowerState(121)) - ce71e9bc-e571-4e52-8a73-1c9dce7b9fa7: shutdown FollowerState
2019-10-28 11:44:54,350 [grpc-default-executor-8] INFO  impl.RoleInfo (RoleInfo.java:updateAndGet(143)) - ce71e9bc-e571-4e52-8a73-1c9dce7b9fa7: start FollowerState
2019-10-28 11:44:54,350 [Thread-2247] INFO  impl.FollowerState (FollowerState.java:run(117)) - ce71e9bc-e571-4e52-8a73-1c9dce7b9fa7@group-08147416B334-FollowerState was interrupted: java.lang.InterruptedException: sleep interrupted
2019-10-28 11:44:54,355 [main] INFO  ozone.MiniOzoneClusterImpl (MiniOzoneClusterImpl.java:shutdown(314)) - Shutting down the Mini Ozone Cluster
2019-10-28 11:44:54,355 [main] INFO  ozone.MiniOzoneClusterImpl (MiniOzoneClusterImpl.java:stop(330)) - Stopping the Mini Ozone Cluster
2019-10-28 11:44:54,355 [main] INFO  ozone.MiniOzoneClusterImpl (MiniOzoneClusterImpl.java:stopOM(400)) - Stopping the OzoneManager
2019-10-28 11:44:54,355 [main] INFO  ipc.Server (Server.java:stop(3082)) - Stopping server on 38449
2019-10-28 11:44:54,372 [24830d12-f44b-43d9-b733-6f9667bbd6c9@group-08147416B334-LeaderElection141] INFO  impl.LeaderElection (LeaderElection.java:logAndReturn(56)) - 24830d12-f44b-43d9-b733-6f9667bbd6c9@group-08147416B334-LeaderElection141: Election TIMEOUT; received 0 response(s) [] and 0 exception(s); 24830d12-f44b-43d9-b733-6f9667bbd6c9@group-08147416B334:t116, leader=null, voted=24830d12-f44b-43d9-b733-6f9667bbd6c9, raftlog=24830d12-f44b-43d9-b733-6f9667bbd6c9@group-08147416B334-SegmentedRaftLog:OPENED:c-1,f-1,i0, conf=-1: [24830d12-f44b-43d9-b733-6f9667bbd6c9:192.168.164.193:40613, 75159f97-af2c-48a6-bb8f-f5acb2145c35:192.168.164.193:42423, ce71e9bc-e571-4e52-8a73-1c9dce7b9fa7:192.168.164.193:36234], old=null
2019-10-28 11:44:54,372 [IPC Server listener on 38449] INFO  ipc.Server (Server.java:run(1185)) - Stopping IPC Server listener on 38449
2019-10-28 11:44:54,387 [main] INFO  ratis.OzoneManagerDoubleBuffer (OzoneManagerDoubleBuffer.java:stop(250)) - Stopping OMDoubleBuffer flush thread
2019-10-28 11:44:54,390 [IPC Server Responder] INFO  ipc.Server (Server.java:run(1319)) - Stopping IPC Server Responder
2019-10-28 11:44:54,390 [OMDoubleBufferFlushThread] INFO  ratis.OzoneManagerDoubleBuffer (OzoneManagerDoubleBuffer.java:flushTransactions(193)) - OMDoubleBuffer flush thread OMDoubleBufferFlushThread is interrupted and will exit. OMDoubleBufferFlushThread
2019-10-28 11:44:54,391 [main] INFO  utils.BackgroundService (BackgroundService.java:shutdown(151)) - Shutting down service KeyDeletingService
2019-10-28 11:44:54,392 [main] INFO  handler.ContextHandler (ContextHandler.java:doStop(910)) - Stopped o.e.j.w.WebAppContext@32a2a6be{/,null,UNAVAILABLE}{/ozoneManager}
2019-10-28 11:44:54,393 [main] INFO  server.AbstractConnector (AbstractConnector.java:doStop(318)) - Stopped ServerConnector@682af059{HTTP/1.1,[http/1.1]}{0.0.0.0:0}
2019-10-28 11:44:54,393 [main] INFO  handler.ContextHandler (ContextHandler.java:doStop(910)) - Stopped o.e.j.s.ServletContextHandler@57ad1178{/static,file:///workdir/hadoop-ozone/integration-test/target/test-classes/webapps/static,UNAVAILABLE}
2019-10-28 11:44:54,393 [main] INFO  handler.ContextHandler (ContextHandler.java:doStop(910)) - Stopped o.e.j.s.ServletContextHandler@65fe2691{/logs,file:///workdir/hadoop-ozone/integration-test/target/log,UNAVAILABLE}
2019-10-28 11:44:54,437 [main] INFO  ozone.MiniOzoneClusterImpl (MiniOzoneClusterImpl.java:stopDatanodes(377)) - Stopping the HddsDatanodes
2019-10-28 11:44:54,494 [24830d12-f44b-43d9-b733-6f9667bbd6c9@group-08147416B334-LeaderElection141] INFO  impl.LeaderElection (LeaderElection.java:askForVotes(178)) - 24830d12-f44b-43d9-b733-6f9667bbd6c9@group-08147416B334-LeaderElection141: begin an election at term 117 for -1: [24830d12-f44b-43d9-b733-6f9667bbd6c9:192.168.164.193:40613, 75159f97-af2c-48a6-bb8f-f5acb2145c35:192.168.164.193:42423, ce71e9bc-e571-4e52-8a73-1c9dce7b9fa7:192.168.164.193:36234], old=null
2019-10-28 11:44:54,496 [grpc-default-executor-2] INFO  impl.RaftServerImpl (RaftServerImpl.java:setRole(184)) - 75159f97-af2c-48a6-bb8f-f5acb2145c35@group-08147416B334: changes role from  FOLLOWER to FOLLOWER at term 117 for recognizeCandidate:24830d12-f44b-43d9-b733-6f9667bbd6c9
2019-10-28 11:44:54,496 [grpc-default-executor-2] INFO  impl.RoleInfo (RoleInfo.java:shutdownFollowerState(121)) - 75159f97-af2c-48a6-bb8f-f5acb2145c35: shutdown FollowerState
2019-10-28 11:44:54,496 [grpc-default-executor-8] INFO  impl.RaftServerImpl (RaftServerImpl.java:setRole(184)) - ce71e9bc-e571-4e52-8a73-1c9dce7b9fa7@group-08147416B334: changes role from  FOLLOWER to FOLLOWER at term 117 for recognizeCandidate:24830d12-f44b-43d9-b733-6f9667bbd6c9
2019-10-28 11:44:54,496 [grpc-default-executor-2] INFO  impl.RoleInfo (RoleInfo.java:updateAndGet(143)) - 75159f97-af2c-48a6-bb8f-f5acb2145c35: start FollowerState
2019-10-28 11:44:54,496 [Thread-2270] INFO  impl.FollowerState (FollowerState.java:run(117)) - 75159f97-af2c-48a6-bb8f-f5acb2145c35@group-08147416B334-FollowerState was interrupted: java.lang.InterruptedException: sleep interrupted
2019-10-28 11:44:54,496 [grpc-default-executor-8] INFO  impl.RoleInfo (RoleInfo.java:shutdownFollowerState(121)) - ce71e9bc-e571-4e52-8a73-1c9dce7b9fa7: shutdown FollowerState
2019-10-28 11:44:54,497 [grpc-default-executor-8] INFO  impl.RoleInfo (RoleInfo.java:updateAndGet(143)) - ce71e9bc-e571-4e52-8a73-1c9dce7b9fa7: start FollowerState
2019-10-28 11:44:54,497 [Thread-2272] INFO  impl.FollowerState (FollowerState.java:run(117)) - ce71e9bc-e571-4e52-8a73-1c9dce7b9fa7@group-08147416B334-FollowerState was interrupted: java.lang.InterruptedException: sleep interrupted
2019-10-28 11:44:54,506 [24830d12-f44b-43d9-b733-6f9667bbd6c9@group-08147416B334-LeaderElection141] INFO  impl.LeaderElection (LeaderElection.java:logAndReturn(56)) - 24830d12-f44b-43d9-b733-6f9667bbd6c9@group-08147416B334-LeaderElection141: Election REJECTED; received 2 response(s) [24830d12-f44b-43d9-b733-6f9667bbd6c9<-75159f97-af2c-48a6-bb8f-f5acb2145c35#0:FAIL-t117, 24830d12-f44b-43d9-b733-6f9667bbd6c9<-ce71e9bc-e571-4e52-8a73-1c9dce7b9fa7#0:FAIL-t117] and 0 exception(s); 24830d12-f44b-43d9-b733-6f9667bbd6c9@group-08147416B334:t117, leader=null, voted=24830d12-f44b-43d9-b733-6f9667bbd6c9, raftlog=24830d12-f44b-43d9-b733-6f9667bbd6c9@group-08147416B334-SegmentedRaftLog:OPENED:c-1,f-1,i0, conf=-1: [24830d12-f44b-43d9-b733-6f9667bbd6c9:192.168.164.193:40613, 75159f97-af2c-48a6-bb8f-f5acb2145c35:192.168.164.193:42423, ce71e9bc-e571-4e52-8a73-1c9dce7b9fa7:192.168.164.193:36234], old=null
2019-10-28 11:44:54,506 [24830d12-f44b-43d9-b733-6f9667bbd6c9@group-08147416B334-LeaderElection141] INFO  impl.RaftServerImpl (RaftServerImpl.java:setRole(184)) - 24830d12-f44b-43d9-b733-6f9667bbd6c9@group-08147416B334: changes role from CANDIDATE to FOLLOWER at term 117 for DISCOVERED_A_NEW_TERM
2019-10-28 11:44:54,506 [24830d12-f44b-43d9-b733-6f9667bbd6c9@group-08147416B334-LeaderElection141] INFO  impl.RoleInfo (RoleInfo.java:shutdownLeaderElection(134)) - 24830d12-f44b-43d9-b733-6f9667bbd6c9: shutdown LeaderElection
2019-10-28 11:44:54,506 [24830d12-f44b-43d9-b733-6f9667bbd6c9@group-08147416B334-LeaderElection141] INFO  impl.RoleInfo (RoleInfo.java:updateAndGet(143)) - 24830d12-f44b-43d9-b733-6f9667bbd6c9: start FollowerState
2019-10-28 11:44:54,525 [Datanode State Machine Thread - 0] INFO  statemachine.DatanodeStateMachine (DatanodeStateMachine.java:lambda$startDaemon$0(350)) - Ozone container server started.
2019-10-28 11:44:54,642 [Thread-2277] INFO  impl.FollowerState (FollowerState.java:run(108)) - 24830d12-f44b-43d9-b733-6f9667bbd6c9@group-08147416B334-FollowerState: change to CANDIDATE, lastRpcTime:135ms, electionTimeout:135ms
2019-10-28 11:44:54,642 [Thread-2277] INFO  impl.RoleInfo (RoleInfo.java:shutdownFollowerState(121)) - 24830d12-f44b-43d9-b733-6f9667bbd6c9: shutdown FollowerState
2019-10-28 11:44:54,642 [Thread-2277] INFO  impl.RaftServerImpl (RaftServerImpl.java:setRole(184)) - 24830d12-f44b-43d9-b733-6f9667bbd6c9@group-08147416B334: changes role from  FOLLOWER to CANDIDATE at term 117 for changeToCandidate
2019-10-28 11:44:54,642 [Thread-2277] INFO  impl.RoleInfo (RoleInfo.java:updateAndGet(143)) - 24830d12-f44b-43d9-b733-6f9667bbd6c9: start LeaderElection
2019-10-28 11:44:54,684 [24830d12-f44b-43d9-b733-6f9667bbd6c9@group-08147416B334-LeaderElection142] INFO  impl.LeaderElection (LeaderElection.java:askForVotes(178)) - 24830d12-f44b-43d9-b733-6f9667bbd6c9@group-08147416B334-LeaderElection142: begin an election at term 118 for -1: [24830d12-f44b-43d9-b733-6f9667bbd6c9:192.168.164.193:40613, 75159f97-af2c-48a6-bb8f-f5acb2145c35:192.168.164.193:42423, ce71e9bc-e571-4e52-8a73-1c9dce7b9fa7:192.168.164.193:36234], old=null
2019-10-28 11:44:54,687 [grpc-default-executor-2] INFO  impl.RaftServerImpl (RaftServerImpl.java:setRole(184)) - ce71e9bc-e571-4e52-8a73-1c9dce7b9fa7@group-08147416B334: changes role from  FOLLOWER to FOLLOWER at term 118 for recognizeCandidate:24830d12-f44b-43d9-b733-6f9667bbd6c9
2019-10-28 11:44:54,687 [grpc-default-executor-2] INFO  impl.RoleInfo (RoleInfo.java:shutdownFollowerState(121)) - ce71e9bc-e571-4e52-8a73-1c9dce7b9fa7: shutdown FollowerState
2019-10-28 11:44:54,687 [grpc-default-executor-8] INFO  impl.RaftServerImpl (RaftServerImpl.java:setRole(184)) - 75159f97-af2c-48a6-bb8f-f5acb2145c35@group-08147416B334: changes role from  FOLLOWER to FOLLOWER at term 118 for recognizeCandidate:24830d12-f44b-43d9-b733-6f9667bbd6c9
2019-10-28 11:44:54,687 [Thread-2276] INFO  impl.FollowerState (FollowerState.java:run(117)) - ce71e9bc-e571-4e52-8a73-1c9dce7b9fa7@group-08147416B334-FollowerState was interrupted: java.lang.InterruptedException: sleep interrupted
2019-10-28 11:44:54,687 [grpc-default-executor-2] INFO  impl.RoleInfo (RoleInfo.java:updateAndGet(143)) - ce71e9bc-e571-4e52-8a73-1c9dce7b9fa7: start FollowerState
2019-10-28 11:44:54,687 [grpc-default-executor-8] INFO  impl.RoleInfo (RoleInfo.java:shutdownFollowerState(121)) - 75159f97-af2c-48a6-bb8f-f5acb2145c35: shutdown FollowerState
2019-10-28 11:44:54,687 [grpc-default-executor-8] INFO  impl.RoleInfo (RoleInfo.java:updateAndGet(143)) - 75159f97-af2c-48a6-bb8f-f5acb2145c35: start FollowerState
2019-10-28 11:44:54,687 [Thread-2275] INFO  impl.FollowerState (FollowerState.java:run(117)) - 75159f97-af2c-48a6-bb8f-f5acb2145c35@group-08147416B334-FollowerState was interrupted: java.lang.InterruptedException: sleep interrupted
2019-10-28 11:44:54,705 [24830d12-f44b-43d9-b733-6f9667bbd6c9@group-08147416B334-LeaderElection142] INFO  impl.LeaderElection (LeaderElection.java:logAndReturn(56)) - 24830d12-f44b-43d9-b733-6f9667bbd6c9@group-08147416B334-LeaderElection142: Election REJECTED; received 2 response(s) [24830d12-f44b-43d9-b733-6f9667bbd6c9<-75159f97-af2c-48a6-bb8f-f5acb2145c35#0:FAIL-t118, 24830d12-f44b-43d9-b733-6f9667bbd6c9<-ce71e9bc-e571-4e52-8a73-1c9dce7b9fa7#0:FAIL-t118] and 0 exception(s); 24830d12-f44b-43d9-b733-6f9667bbd6c9@group-08147416B334:t118, leader=null, voted=24830d12-f44b-43d9-b733-6f9667bbd6c9, raftlog=24830d12-f44b-43d9-b733-6f9667bbd6c9@group-08147416B334-SegmentedRaftLog:OPENED:c-1,f-1,i0, conf=-1: [24830d12-f44b-43d9-b733-6f9667bbd6c9:192.168.164.193:40613, 75159f97-af2c-48a6-bb8f-f5acb2145c35:192.168.164.193:42423, ce71e9bc-e571-4e52-8a73-1c9dce7b9fa7:192.168.164.193:36234], old=null
2019-10-28 11:44:54,705 [24830d12-f44b-43d9-b733-6f9667bbd6c9@group-08147416B334-LeaderElection142] INFO  impl.RaftServerImpl (RaftServerImpl.java:setRole(184)) - 24830d12-f44b-43d9-b733-6f9667bbd6c9@group-08147416B334: changes role from CANDIDATE to FOLLOWER at term 118 for DISCOVERED_A_NEW_TERM
2019-10-28 11:44:54,705 [24830d12-f44b-43d9-b733-6f9667bbd6c9@group-08147416B334-LeaderElection142] INFO  impl.RoleInfo (RoleInfo.java:shutdownLeaderElection(134)) - 24830d12-f44b-43d9-b733-6f9667bbd6c9: shutdown LeaderElection
2019-10-28 11:44:54,705 [24830d12-f44b-43d9-b733-6f9667bbd6c9@group-08147416B334-LeaderElection142] INFO  impl.RoleInfo (RoleInfo.java:updateAndGet(143)) - 24830d12-f44b-43d9-b733-6f9667bbd6c9: start FollowerState
2019-10-28 11:44:54,822 [Thread-2285] INFO  impl.FollowerState (FollowerState.java:run(108)) - 24830d12-f44b-43d9-b733-6f9667bbd6c9@group-08147416B334-FollowerState: change to CANDIDATE, lastRpcTime:117ms, electionTimeout:117ms
2019-10-28 11:44:54,823 [Thread-2285] INFO  impl.RoleInfo (RoleInfo.java:shutdownFollowerState(121)) - 24830d12-f44b-43d9-b733-6f9667bbd6c9: shutdown FollowerState
2019-10-28 11:44:54,823 [Thread-2285] INFO  impl.RaftServerImpl (RaftServerImpl.java:setRole(184)) - 24830d12-f44b-43d9-b733-6f9667bbd6c9@group-08147416B334: changes role from  FOLLOWER to CANDIDATE at term 118 for changeToCandidate
2019-10-28 11:44:54,823 [Thread-2285] INFO  impl.RoleInfo (RoleInfo.java:updateAndGet(143)) - 24830d12-f44b-43d9-b733-6f9667bbd6c9: start LeaderElection
2019-10-28 11:44:54,874 [24830d12-f44b-43d9-b733-6f9667bbd6c9@group-08147416B334-LeaderElection143] INFO  impl.LeaderElection (LeaderElection.java:askForVotes(178)) - 24830d12-f44b-43d9-b733-6f9667bbd6c9@group-08147416B334-LeaderElection143: begin an election at term 119 for -1: [24830d12-f44b-43d9-b733-6f9667bbd6c9:192.168.164.193:40613, 75159f97-af2c-48a6-bb8f-f5acb2145c35:192.168.164.193:42423, ce71e9bc-e571-4e52-8a73-1c9dce7b9fa7:192.168.164.193:36234], old=null
2019-10-28 11:44:54,876 [grpc-default-executor-2] INFO  impl.RaftServerImpl (RaftServerImpl.java:setRole(184)) - ce71e9bc-e571-4e52-8a73-1c9dce7b9fa7@group-08147416B334: changes role from  FOLLOWER to FOLLOWER at term 119 for recognizeCandidate:24830d12-f44b-43d9-b733-6f9667bbd6c9
2019-10-28 11:44:54,876 [grpc-default-executor-8] INFO  impl.RaftServerImpl (RaftServerImpl.java:setRole(184)) - 75159f97-af2c-48a6-bb8f-f5acb2145c35@group-08147416B334: changes role from  FOLLOWER to FOLLOWER at term 119 for recognizeCandidate:24830d12-f44b-43d9-b733-6f9667bbd6c9
2019-10-28 11:44:54,876 [grpc-default-executor-2] INFO  impl.RoleInfo (RoleInfo.java:shutdownFollowerState(121)) - ce71e9bc-e571-4e52-8a73-1c9dce7b9fa7: shutdown FollowerState
2019-10-28 11:44:54,876 [grpc-default-executor-8] INFO  impl.RoleInfo (RoleInfo.java:shutdownFollowerState(121)) - 75159f97-af2c-48a6-bb8f-f5acb2145c35: shutdown FollowerState
2019-10-28 11:44:54,876 [Thread-2283] INFO  impl.FollowerState (FollowerState.java:run(117)) - ce71e9bc-e571-4e52-8a73-1c9dce7b9fa7@group-08147416B334-FollowerState was interrupted: java.lang.InterruptedException: sleep interrupted
2019-10-28 11:44:54,876 [grpc-default-executor-2] INFO  impl.RoleInfo (RoleInfo.java:updateAndGet(143)) - ce71e9bc-e571-4e52-8a73-1c9dce7b9fa7: start FollowerState
2019-10-28 11:44:54,876 [Thread-2284] INFO  impl.FollowerState (FollowerState.java:run(117)) - 75159f97-af2c-48a6-bb8f-f5acb2145c35@group-08147416B334-FollowerState was interrupted: java.lang.InterruptedException: sleep interrupted
2019-10-28 11:44:54,876 [grpc-default-executor-8] INFO  impl.RoleInfo (RoleInfo.java:updateAndGet(143)) - 75159f97-af2c-48a6-bb8f-f5acb2145c35: start FollowerState
2019-10-28 11:44:54,885 [24830d12-f44b-43d9-b733-6f9667bbd6c9@group-08147416B334-LeaderElection143] INFO  impl.LeaderElection (LeaderElection.java:logAndReturn(56)) - 24830d12-f44b-43d9-b733-6f9667bbd6c9@group-08147416B334-LeaderElection143: Election REJECTED; received 2 response(s) [24830d12-f44b-43d9-b733-6f9667bbd6c9<-75159f97-af2c-48a6-bb8f-f5acb2145c35#0:FAIL-t119, 24830d12-f44b-43d9-b733-6f9667bbd6c9<-ce71e9bc-e571-4e52-8a73-1c9dce7b9fa7#0:FAIL-t119] and 0 exception(s); 24830d12-f44b-43d9-b733-6f9667bbd6c9@group-08147416B334:t119, leader=null, voted=24830d12-f44b-43d9-b733-6f9667bbd6c9, raftlog=24830d12-f44b-43d9-b733-6f9667bbd6c9@group-08147416B334-SegmentedRaftLog:OPENED:c-1,f-1,i0, conf=-1: [24830d12-f44b-43d9-b733-6f9667bbd6c9:192.168.164.193:40613, 75159f97-af2c-48a6-bb8f-f5acb2145c35:192.168.164.193:42423, ce71e9bc-e571-4e52-8a73-1c9dce7b9fa7:192.168.164.193:36234], old=null
2019-10-28 11:44:54,885 [24830d12-f44b-43d9-b733-6f9667bbd6c9@group-08147416B334-LeaderElection143] INFO  impl.RaftServerImpl (RaftServerImpl.java:setRole(184)) - 24830d12-f44b-43d9-b733-6f9667bbd6c9@group-08147416B334: changes role from CANDIDATE to FOLLOWER at term 119 for DISCOVERED_A_NEW_TERM
2019-10-28 11:44:54,885 [24830d12-f44b-43d9-b733-6f9667bbd6c9@group-08147416B334-LeaderElection143] INFO  impl.RoleInfo (RoleInfo.java:shutdownLeaderElection(134)) - 24830d12-f44b-43d9-b733-6f9667bbd6c9: shutdown LeaderElection
2019-10-28 11:44:54,885 [24830d12-f44b-43d9-b733-6f9667bbd6c9@group-08147416B334-LeaderElection143] INFO  impl.RoleInfo (RoleInfo.java:updateAndGet(143)) - 24830d12-f44b-43d9-b733-6f9667bbd6c9: start FollowerState
2019-10-28 11:44:55,067 [Thread-2293] INFO  impl.FollowerState (FollowerState.java:run(108)) - 24830d12-f44b-43d9-b733-6f9667bbd6c9@group-08147416B334-FollowerState: change to CANDIDATE, lastRpcTime:181ms, electionTimeout:181ms
2019-10-28 11:44:55,067 [Thread-2293] INFO  impl.RoleInfo (RoleInfo.java:shutdownFollowerState(121)) - 24830d12-f44b-43d9-b733-6f9667bbd6c9: shutdown FollowerState
2019-10-28 11:44:55,067 [Thread-2293] INFO  impl.RaftServerImpl (RaftServerImpl.java:setRole(184)) - 24830d12-f44b-43d9-b733-6f9667bbd6c9@group-08147416B334: changes role from  FOLLOWER to CANDIDATE at term 119 for changeToCandidate
2019-10-28 11:44:55,067 [Thread-2293] INFO  impl.RoleInfo (RoleInfo.java:updateAndGet(143)) - 24830d12-f44b-43d9-b733-6f9667bbd6c9: start LeaderElection
2019-10-28 11:44:55,074 [24830d12-f44b-43d9-b733-6f9667bbd6c9@group-08147416B334-LeaderElection144] INFO  impl.LeaderElection (LeaderElection.java:askForVotes(178)) - 24830d12-f44b-43d9-b733-6f9667bbd6c9@group-08147416B334-LeaderElection144: begin an election at term 120 for -1: [24830d12-f44b-43d9-b733-6f9667bbd6c9:192.168.164.193:40613, 75159f97-af2c-48a6-bb8f-f5acb2145c35:192.168.164.193:42423, ce71e9bc-e571-4e52-8a73-1c9dce7b9fa7:192.168.164.193:36234], old=null
2019-10-28 11:44:55,076 [grpc-default-executor-8] INFO  impl.RaftServerImpl (RaftServerImpl.java:setRole(184)) - 75159f97-af2c-48a6-bb8f-f5acb2145c35@group-08147416B334: changes role from  FOLLOWER to FOLLOWER at term 120 for recognizeCandidate:24830d12-f44b-43d9-b733-6f9667bbd6c9
2019-10-28 11:44:55,076 [grpc-default-executor-8] INFO  impl.RoleInfo (RoleInfo.java:shutdownFollowerState(121)) - 75159f97-af2c-48a6-bb8f-f5acb2145c35: shutdown FollowerState
2019-10-28 11:44:55,076 [grpc-default-executor-2] INFO  impl.RaftServerImpl (RaftServerImpl.java:setRole(184)) - ce71e9bc-e571-4e52-8a73-1c9dce7b9fa7@group-08147416B334: changes role from  FOLLOWER to FOLLOWER at term 120 for recognizeCandidate:24830d12-f44b-43d9-b733-6f9667bbd6c9
2019-10-28 11:44:55,076 [grpc-default-executor-8] INFO  impl.RoleInfo (RoleInfo.java:updateAndGet(143)) - 75159f97-af2c-48a6-bb8f-f5acb2145c35: start FollowerState
2019-10-28 11:44:55,076 [Thread-2292] INFO  impl.FollowerState (FollowerState.java:run(117)) - 75159f97-af2c-48a6-bb8f-f5acb2145c35@group-08147416B334-FollowerState was interrupted: java.lang.InterruptedException: sleep interrupted
2019-10-28 11:44:55,076 [grpc-default-executor-2] INFO  impl.RoleInfo (RoleInfo.java:shutdownFollowerState(121)) - ce71e9bc-e571-4e52-8a73-1c9dce7b9fa7: shutdown FollowerState
2019-10-28 11:44:55,077 [grpc-default-executor-2] INFO  impl.RoleInfo (RoleInfo.java:updateAndGet(143)) - ce71e9bc-e571-4e52-8a73-1c9dce7b9fa7: start FollowerState
2019-10-28 11:44:55,077 [Thread-2291] INFO  impl.FollowerState (FollowerState.java:run(117)) - ce71e9bc-e571-4e52-8a73-1c9dce7b9fa7@group-08147416B334-FollowerState was interrupted: java.lang.InterruptedException: sleep interrupted
2019-10-28 11:44:55,085 [24830d12-f44b-43d9-b733-6f9667bbd6c9@group-08147416B334-LeaderElection144] INFO  impl.LeaderElection (LeaderElection.java:logAndReturn(56)) - 24830d12-f44b-43d9-b733-6f9667bbd6c9@group-08147416B334-LeaderElection144: Election REJECTED; received 2 response(s) [24830d12-f44b-43d9-b733-6f9667bbd6c9<-75159f97-af2c-48a6-bb8f-f5acb2145c35#0:FAIL-t120, 24830d12-f44b-43d9-b733-6f9667bbd6c9<-ce71e9bc-e571-4e52-8a73-1c9dce7b9fa7#0:FAIL-t120] and 0 exception(s); 24830d12-f44b-43d9-b733-6f9667bbd6c9@group-08147416B334:t120, leader=null, voted=24830d12-f44b-43d9-b733-6f9667bbd6c9, raftlog=24830d12-f44b-43d9-b733-6f9667bbd6c9@group-08147416B334-SegmentedRaftLog:OPENED:c-1,f-1,i0, conf=-1: [24830d12-f44b-43d9-b733-6f9667bbd6c9:192.168.164.193:40613, 75159f97-af2c-48a6-bb8f-f5acb2145c35:192.168.164.193:42423, ce71e9bc-e571-4e52-8a73-1c9dce7b9fa7:192.168.164.193:36234], old=null
2019-10-28 11:44:55,085 [24830d12-f44b-43d9-b733-6f9667bbd6c9@group-08147416B334-LeaderElection144] INFO  impl.RaftServerImpl (RaftServerImpl.java:setRole(184)) - 24830d12-f44b-43d9-b733-6f9667bbd6c9@group-08147416B334: changes role from CANDIDATE to FOLLOWER at term 120 for DISCOVERED_A_NEW_TERM
2019-10-28 11:44:55,085 [24830d12-f44b-43d9-b733-6f9667bbd6c9@group-08147416B334-LeaderElection144] INFO  impl.RoleInfo (RoleInfo.java:shutdownLeaderElection(134)) - 24830d12-f44b-43d9-b733-6f9667bbd6c9: shutdown LeaderElection
2019-10-28 11:44:55,086 [24830d12-f44b-43d9-b733-6f9667bbd6c9@group-08147416B334-LeaderElection144] INFO  impl.RoleInfo (RoleInfo.java:updateAndGet(143)) - 24830d12-f44b-43d9-b733-6f9667bbd6c9: start FollowerState
2019-10-28 11:44:55,121 [Thread-2299] INFO  impl.FollowerState (FollowerState.java:run(108)) - 24830d12-f44b-43d9-b733-6f9667bbd6c9@group-08147416B334-FollowerState: change to CANDIDATE, lastRpcTime:35ms, electionTimeout:35ms
2019-10-28 11:44:55,121 [Thread-2299] INFO  impl.RoleInfo (RoleInfo.java:shutdownFollowerState(121)) - 24830d12-f44b-43d9-b733-6f9667bbd6c9: shutdown FollowerState
2019-10-28 11:44:55,121 [Thread-2299] INFO  impl.RaftServerImpl (RaftServerImpl.java:setRole(184)) - 24830d12-f44b-43d9-b733-6f9667bbd6c9@group-08147416B334: changes role from  FOLLOWER to CANDIDATE at term 120 for changeToCandidate
2019-10-28 11:44:55,122 [Thread-2299] INFO  impl.RoleInfo (RoleInfo.java:updateAndGet(143)) - 24830d12-f44b-43d9-b733-6f9667bbd6c9: start LeaderElection
2019-10-28 11:44:55,136 [24830d12-f44b-43d9-b733-6f9667bbd6c9@group-08147416B334-LeaderElection145] INFO  impl.LeaderElection (LeaderElection.java:askForVotes(178)) - 24830d12-f44b-43d9-b733-6f9667bbd6c9@group-08147416B334-LeaderElection145: begin an election at term 121 for -1: [24830d12-f44b-43d9-b733-6f9667bbd6c9:192.168.164.193:40613, 75159f97-af2c-48a6-bb8f-f5acb2145c35:192.168.164.193:42423, ce71e9bc-e571-4e52-8a73-1c9dce7b9fa7:192.168.164.193:36234], old=null
2019-10-28 11:44:55,138 [grpc-default-executor-2] INFO  impl.RaftServerImpl (RaftServerImpl.java:setRole(184)) - 75159f97-af2c-48a6-bb8f-f5acb2145c35@group-08147416B334: changes role from  FOLLOWER to FOLLOWER at term 121 for recognizeCandidate:24830d12-f44b-43d9-b733-6f9667bbd6c9
2019-10-28 11:44:55,138 [grpc-default-executor-2] INFO  impl.RoleInfo (RoleInfo.java:shutdownFollowerState(121)) - 75159f97-af2c-48a6-bb8f-f5acb2145c35: shutdown FollowerState
2019-10-28 11:44:55,138 [grpc-default-executor-2] INFO  impl.RoleInfo (RoleInfo.java:updateAndGet(143)) - 75159f97-af2c-48a6-bb8f-f5acb2145c35: start FollowerState
2019-10-28 11:44:55,138 [Thread-2297] INFO  impl.FollowerState (FollowerState.java:run(117)) - 75159f97-af2c-48a6-bb8f-f5acb2145c35@group-08147416B334-FollowerState was interrupted: java.lang.InterruptedException: sleep interrupted
2019-10-28 11:44:55,138 [grpc-default-executor-8] INFO  impl.RaftServerImpl (RaftServerImpl.java:setRole(184)) - ce71e9bc-e571-4e52-8a73-1c9dce7b9fa7@group-08147416B334: changes role from  FOLLOWER to FOLLOWER at term 121 for recognizeCandidate:24830d12-f44b-43d9-b733-6f9667bbd6c9
2019-10-28 11:44:55,138 [grpc-default-executor-8] INFO  impl.RoleInfo (RoleInfo.java:shutdownFollowerState(121)) - ce71e9bc-e571-4e52-8a73-1c9dce7b9fa7: shutdown FollowerState
2019-10-28 11:44:55,138 [grpc-default-executor-8] INFO  impl.RoleInfo (RoleInfo.java:updateAndGet(143)) - ce71e9bc-e571-4e52-8a73-1c9dce7b9fa7: start FollowerState
2019-10-28 11:44:55,139 [Thread-2298] INFO  impl.FollowerState (FollowerState.java:run(117)) - ce71e9bc-e571-4e52-8a73-1c9dce7b9fa7@group-08147416B334-FollowerState was interrupted: java.lang.InterruptedException: sleep interrupted
2019-10-28 11:44:55,147 [24830d12-f44b-43d9-b733-6f9667bbd6c9@group-08147416B334-LeaderElection145] INFO  impl.LeaderElection (LeaderElection.java:logAndReturn(56)) - 24830d12-f44b-43d9-b733-6f9667bbd6c9@group-08147416B334-LeaderElection145: Election REJECTED; received 2 response(s) [24830d12-f44b-43d9-b733-6f9667bbd6c9<-75159f97-af2c-48a6-bb8f-f5acb2145c35#0:FAIL-t121, 24830d12-f44b-43d9-b733-6f9667bbd6c9<-ce71e9bc-e571-4e52-8a73-1c9dce7b9fa7#0:FAIL-t121] and 0 exception(s); 24830d12-f44b-43d9-b733-6f9667bbd6c9@group-08147416B334:t121, leader=null, voted=24830d12-f44b-43d9-b733-6f9667bbd6c9, raftlog=24830d12-f44b-43d9-b733-6f9667bbd6c9@group-08147416B334-SegmentedRaftLog:OPENED:c-1,f-1,i0, conf=-1: [24830d12-f44b-43d9-b733-6f9667bbd6c9:192.168.164.193:40613, 75159f97-af2c-48a6-bb8f-f5acb2145c35:192.168.164.193:42423, ce71e9bc-e571-4e52-8a73-1c9dce7b9fa7:192.168.164.193:36234], old=null
2019-10-28 11:44:55,148 [24830d12-f44b-43d9-b733-6f9667bbd6c9@group-08147416B334-LeaderElection145] INFO  impl.RaftServerImpl (RaftServerImpl.java:setRole(184)) - 24830d12-f44b-43d9-b733-6f9667bbd6c9@group-08147416B334: changes role from CANDIDATE to FOLLOWER at term 121 for DISCOVERED_A_NEW_TERM
2019-10-28 11:44:55,148 [24830d12-f44b-43d9-b733-6f9667bbd6c9@group-08147416B334-LeaderElection145] INFO  impl.RoleInfo (RoleInfo.java:shutdownLeaderElection(134)) - 24830d12-f44b-43d9-b733-6f9667bbd6c9: shutdown LeaderElection
2019-10-28 11:44:55,148 [24830d12-f44b-43d9-b733-6f9667bbd6c9@group-08147416B334-LeaderElection145] INFO  impl.RoleInfo (RoleInfo.java:updateAndGet(143)) - 24830d12-f44b-43d9-b733-6f9667bbd6c9: start FollowerState
2019-10-28 11:44:55,224 [Thread-2307] INFO  impl.FollowerState (FollowerState.java:run(108)) - 24830d12-f44b-43d9-b733-6f9667bbd6c9@group-08147416B334-FollowerState: change to CANDIDATE, lastRpcTime:76ms, electionTimeout:76ms
2019-10-28 11:44:55,224 [Thread-2307] INFO  impl.RoleInfo (RoleInfo.java:shutdownFollowerState(121)) - 24830d12-f44b-43d9-b733-6f9667bbd6c9: shutdown FollowerState
2019-10-28 11:44:55,224 [Thread-2307] INFO  impl.RaftServerImpl (RaftServerImpl.java:setRole(184)) - 24830d12-f44b-43d9-b733-6f9667bbd6c9@group-08147416B334: changes role from  FOLLOWER to CANDIDATE at term 121 for changeToCandidate
2019-10-28 11:44:55,225 [Thread-2307] INFO  impl.RoleInfo (RoleInfo.java:updateAndGet(143)) - 24830d12-f44b-43d9-b733-6f9667bbd6c9: start LeaderElection
2019-10-28 11:44:55,238 [24830d12-f44b-43d9-b733-6f9667bbd6c9@group-08147416B334-LeaderElection146] INFO  impl.LeaderElection (LeaderElection.java:askForVotes(178)) - 24830d12-f44b-43d9-b733-6f9667bbd6c9@group-08147416B334-LeaderElection146: begin an election at term 122 for -1: [24830d12-f44b-43d9-b733-6f9667bbd6c9:192.168.164.193:40613, 75159f97-af2c-48a6-bb8f-f5acb2145c35:192.168.164.193:42423, ce71e9bc-e571-4e52-8a73-1c9dce7b9fa7:192.168.164.193:36234], old=null
2019-10-28 11:44:55,240 [grpc-default-executor-2] INFO  impl.RaftServerImpl (RaftServerImpl.java:setRole(184)) - 75159f97-af2c-48a6-bb8f-f5acb2145c35@group-08147416B334: changes role from  FOLLOWER to FOLLOWER at term 122 for recognizeCandidate:24830d12-f44b-43d9-b733-6f9667bbd6c9
2019-10-28 11:44:55,240 [grpc-default-executor-2] INFO  impl.RoleInfo (RoleInfo.java:shutdownFollowerState(121)) - 75159f97-af2c-48a6-bb8f-f5acb2145c35: shutdown FollowerState
2019-10-28 11:44:55,240 [grpc-default-executor-8] INFO  impl.RaftServerImpl (RaftServerImpl.java:setRole(184)) - ce71e9bc-e571-4e52-8a73-1c9dce7b9fa7@group-08147416B334: changes role from  FOLLOWER to FOLLOWER at term 122 for recognizeCandidate:24830d12-f44b-43d9-b733-6f9667bbd6c9
2019-10-28 11:44:55,241 [grpc-default-executor-8] INFO  impl.RoleInfo (RoleInfo.java:shutdownFollowerState(121)) - ce71e9bc-e571-4e52-8a73-1c9dce7b9fa7: shutdown FollowerState
2019-10-28 11:44:55,240 [Thread-2303] INFO  impl.FollowerState (FollowerState.java:run(117)) - 75159f97-af2c-48a6-bb8f-f5acb2145c35@group-08147416B334-FollowerState was interrupted: java.lang.InterruptedException: sleep interrupted
2019-10-28 11:44:55,241 [Thread-2305] INFO  impl.FollowerState (FollowerState.java:run(117)) - ce71e9bc-e571-4e52-8a73-1c9dce7b9fa7@group-08147416B334-FollowerState was interrupted: java.lang.InterruptedException: sleep interrupted
2019-10-28 11:44:55,240 [grpc-default-executor-2] INFO  impl.RoleInfo (RoleInfo.java:updateAndGet(143)) - 75159f97-af2c-48a6-bb8f-f5acb2145c35: start FollowerState
2019-10-28 11:44:55,241 [grpc-default-executor-8] INFO  impl.RoleInfo (RoleInfo.java:updateAndGet(143)) - ce71e9bc-e571-4e52-8a73-1c9dce7b9fa7: start FollowerState
2019-10-28 11:44:55,251 [Datanode State Machine Thread - 0] INFO  statemachine.DatanodeStateMachine (DatanodeStateMachine.java:lambda$startDaemon$0(350)) - Ozone container server started.
2019-10-28 11:44:55,255 [24830d12-f44b-43d9-b733-6f9667bbd6c9@group-08147416B334-LeaderElection146] INFO  impl.LeaderElection (LeaderElection.java:logAndReturn(56)) - 24830d12-f44b-43d9-b733-6f9667bbd6c9@group-08147416B334-LeaderElection146: Election REJECTED; received 2 response(s) [24830d12-f44b-43d9-b733-6f9667bbd6c9<-75159f97-af2c-48a6-bb8f-f5acb2145c35#0:FAIL-t122, 24830d12-f44b-43d9-b733-6f9667bbd6c9<-ce71e9bc-e571-4e52-8a73-1c9dce7b9fa7#0:FAIL-t122] and 0 exception(s); 24830d12-f44b-43d9-b733-6f9667bbd6c9@group-08147416B334:t122, leader=null, voted=24830d12-f44b-43d9-b733-6f9667bbd6c9, raftlog=24830d12-f44b-43d9-b733-6f9667bbd6c9@group-08147416B334-SegmentedRaftLog:OPENED:c-1,f-1,i0, conf=-1: [24830d12-f44b-43d9-b733-6f9667bbd6c9:192.168.164.193:40613, 75159f97-af2c-48a6-bb8f-f5acb2145c35:192.168.164.193:42423, ce71e9bc-e571-4e52-8a73-1c9dce7b9fa7:192.168.164.193:36234], old=null
2019-10-28 11:44:55,255 [24830d12-f44b-43d9-b733-6f9667bbd6c9@group-08147416B334-LeaderElection146] INFO  impl.RaftServerImpl (RaftServerImpl.java:setRole(184)) - 24830d12-f44b-43d9-b733-6f9667bbd6c9@group-08147416B334: changes role from CANDIDATE to FOLLOWER at term 122 for DISCOVERED_A_NEW_TERM
2019-10-28 11:44:55,255 [24830d12-f44b-43d9-b733-6f9667bbd6c9@group-08147416B334-LeaderElection146] INFO  impl.RoleInfo (RoleInfo.java:shutdownLeaderElection(134)) - 24830d12-f44b-43d9-b733-6f9667bbd6c9: shutdown LeaderElection
2019-10-28 11:44:55,255 [24830d12-f44b-43d9-b733-6f9667bbd6c9@group-08147416B334-LeaderElection146] INFO  impl.RoleInfo (RoleInfo.java:updateAndGet(143)) - 24830d12-f44b-43d9-b733-6f9667bbd6c9: start FollowerState
2019-10-28 11:44:55,306 [Thread-2313] INFO  impl.FollowerState (FollowerState.java:run(108)) - 24830d12-f44b-43d9-b733-6f9667bbd6c9@group-08147416B334-FollowerState: change to CANDIDATE, lastRpcTime:50ms, electionTimeout:50ms
2019-10-28 11:44:55,306 [Thread-2313] INFO  impl.RoleInfo (RoleInfo.java:shutdownFollowerState(121)) - 24830d12-f44b-43d9-b733-6f9667bbd6c9: shutdown FollowerState
2019-10-28 11:44:55,306 [Thread-2313] INFO  impl.RaftServerImpl (RaftServerImpl.java:setRole(184)) - 24830d12-f44b-43d9-b733-6f9667bbd6c9@group-08147416B334: changes role from  FOLLOWER to CANDIDATE at term 122 for changeToCandidate
2019-10-28 11:44:55,306 [Thread-2313] INFO  impl.RoleInfo (RoleInfo.java:updateAndGet(143)) - 24830d12-f44b-43d9-b733-6f9667bbd6c9: start LeaderElection
2019-10-28 11:44:55,320 [24830d12-f44b-43d9-b733-6f9667bbd6c9@group-08147416B334-LeaderElection147] INFO  impl.LeaderElection (LeaderElection.java:askForVotes(178)) - 24830d12-f44b-43d9-b733-6f9667bbd6c9@group-08147416B334-LeaderElection147: begin an election at term 123 for -1: [24830d12-f44b-43d9-b733-6f9667bbd6c9:192.168.164.193:40613, 75159f97-af2c-48a6-bb8f-f5acb2145c35:192.168.164.193:42423, ce71e9bc-e571-4e52-8a73-1c9dce7b9fa7:192.168.164.193:36234], old=null
2019-10-28 11:44:55,322 [grpc-default-executor-8] INFO  impl.RaftServerImpl (RaftServerImpl.java:setRole(184)) - 75159f97-af2c-48a6-bb8f-f5acb2145c35@group-08147416B334: changes role from  FOLLOWER to FOLLOWER at term 123 for recognizeCandidate:24830d12-f44b-43d9-b733-6f9667bbd6c9
2019-10-28 11:44:55,322 [grpc-default-executor-8] INFO  impl.RoleInfo (RoleInfo.java:shutdownFollowerState(121)) - 75159f97-af2c-48a6-bb8f-f5acb2145c35: shutdown FollowerState
2019-10-28 11:44:55,323 [grpc-default-executor-8] INFO  impl.RoleInfo (RoleInfo.java:updateAndGet(143)) - 75159f97-af2c-48a6-bb8f-f5acb2145c35: start FollowerState
2019-10-28 11:44:55,323 [grpc-default-executor-0] INFO  impl.RaftServerImpl (RaftServerImpl.java:setRole(184)) - ce71e9bc-e571-4e52-8a73-1c9dce7b9fa7@group-08147416B334: changes role from  FOLLOWER to FOLLOWER at term 123 for recognizeCandidate:24830d12-f44b-43d9-b733-6f9667bbd6c9
2019-10-28 11:44:55,323 [grpc-default-executor-0] INFO  impl.RoleInfo (RoleInfo.java:shutdownFollowerState(121)) - ce71e9bc-e571-4e52-8a73-1c9dce7b9fa7: shutdown FollowerState
2019-10-28 11:44:55,323 [Thread-2311] INFO  impl.FollowerState (FollowerState.java:run(117)) - 75159f97-af2c-48a6-bb8f-f5acb2145c35@group-08147416B334-FollowerState was interrupted: java.lang.InterruptedException: sleep interrupted
2019-10-28 11:44:55,323 [Thread-2312] INFO  impl.FollowerState (FollowerState.java:run(117)) - ce71e9bc-e571-4e52-8a73-1c9dce7b9fa7@group-08147416B334-FollowerState was interrupted: java.lang.InterruptedException: sleep interrupted
2019-10-28 11:44:55,323 [grpc-default-executor-0] INFO  impl.RoleInfo (RoleInfo.java:updateAndGet(143)) - ce71e9bc-e571-4e52-8a73-1c9dce7b9fa7: start FollowerState
2019-10-28 11:44:55,340 [24830d12-f44b-43d9-b733-6f9667bbd6c9@group-08147416B334-LeaderElection147] INFO  impl.LeaderElection (LeaderElection.java:logAndReturn(56)) - 24830d12-f44b-43d9-b733-6f9667bbd6c9@group-08147416B334-LeaderElection147: Election REJECTED; received 2 response(s) [24830d12-f44b-43d9-b733-6f9667bbd6c9<-75159f97-af2c-48a6-bb8f-f5acb2145c35#0:FAIL-t123, 24830d12-f44b-43d9-b733-6f9667bbd6c9<-ce71e9bc-e571-4e52-8a73-1c9dce7b9fa7#0:FAIL-t123] and 0 exception(s); 24830d12-f44b-43d9-b733-6f9667bbd6c9@group-08147416B334:t123, leader=null, voted=24830d12-f44b-43d9-b733-6f9667bbd6c9, raftlog=24830d12-f44b-43d9-b733-6f9667bbd6c9@group-08147416B334-SegmentedRaftLog:OPENED:c-1,f-1,i0, conf=-1: [24830d12-f44b-43d9-b733-6f9667bbd6c9:192.168.164.193:40613, 75159f97-af2c-48a6-bb8f-f5acb2145c35:192.168.164.193:42423, ce71e9bc-e571-4e52-8a73-1c9dce7b9fa7:192.168.164.193:36234], old=null
2019-10-28 11:44:55,340 [24830d12-f44b-43d9-b733-6f9667bbd6c9@group-08147416B334-LeaderElection147] INFO  impl.RaftServerImpl (RaftServerImpl.java:setRole(184)) - 24830d12-f44b-43d9-b733-6f9667bbd6c9@group-08147416B334: changes role from CANDIDATE to FOLLOWER at term 123 for DISCOVERED_A_NEW_TERM
2019-10-28 11:44:55,341 [24830d12-f44b-43d9-b733-6f9667bbd6c9@group-08147416B334-LeaderElection147] INFO  impl.RoleInfo (RoleInfo.java:shutdownLeaderElection(134)) - 24830d12-f44b-43d9-b733-6f9667bbd6c9: shutdown LeaderElection
2019-10-28 11:44:55,341 [24830d12-f44b-43d9-b733-6f9667bbd6c9@group-08147416B334-LeaderElection147] INFO  impl.RoleInfo (RoleInfo.java:updateAndGet(143)) - 24830d12-f44b-43d9-b733-6f9667bbd6c9: start FollowerState
2019-10-28 11:44:55,508 [Thread-2321] INFO  impl.FollowerState (FollowerState.java:run(108)) - 24830d12-f44b-43d9-b733-6f9667bbd6c9@group-08147416B334-FollowerState: change to CANDIDATE, lastRpcTime:167ms, electionTimeout:167ms
2019-10-28 11:44:55,508 [Thread-2321] INFO  impl.RoleInfo (RoleInfo.java:shutdownFollowerState(121)) - 24830d12-f44b-43d9-b733-6f9667bbd6c9: shutdown FollowerState
2019-10-28 11:44:55,509 [Thread-2321] INFO  impl.RaftServerImpl (RaftServerImpl.java:setRole(184)) - 24830d12-f44b-43d9-b733-6f9667bbd6c9@group-08147416B334: changes role from  FOLLOWER to CANDIDATE at term 123 for changeToCandidate
2019-10-28 11:44:55,509 [Thread-2321] INFO  impl.RoleInfo (RoleInfo.java:updateAndGet(143)) - 24830d12-f44b-43d9-b733-6f9667bbd6c9: start LeaderElection
2019-10-28 11:44:55,535 [24830d12-f44b-43d9-b733-6f9667bbd6c9@group-08147416B334-LeaderElection148] INFO  impl.LeaderElection (LeaderElection.java:askForVotes(178)) - 24830d12-f44b-43d9-b733-6f9667bbd6c9@group-08147416B334-LeaderElection148: begin an election at term 124 for -1: [24830d12-f44b-43d9-b733-6f9667bbd6c9:192.168.164.193:40613, 75159f97-af2c-48a6-bb8f-f5acb2145c35:192.168.164.193:42423, ce71e9bc-e571-4e52-8a73-1c9dce7b9fa7:192.168.164.193:36234], old=null
2019-10-28 11:44:55,537 [grpc-default-executor-8] INFO  impl.RaftServerImpl (RaftServerImpl.java:setRole(184)) - 75159f97-af2c-48a6-bb8f-f5acb2145c35@group-08147416B334: changes role from  FOLLOWER to FOLLOWER at term 124 for recognizeCandidate:24830d12-f44b-43d9-b733-6f9667bbd6c9
2019-10-28 11:44:55,537 [grpc-default-executor-8] INFO  impl.RoleInfo (RoleInfo.java:shutdownFollowerState(121)) - 75159f97-af2c-48a6-bb8f-f5acb2145c35: shutdown FollowerState
2019-10-28 11:44:55,537 [grpc-default-executor-0] INFO  impl.RaftServerImpl (RaftServerImpl.java:setRole(184)) - ce71e9bc-e571-4e52-8a73-1c9dce7b9fa7@group-08147416B334: changes role from  FOLLOWER to FOLLOWER at term 124 for recognizeCandidate:24830d12-f44b-43d9-b733-6f9667bbd6c9
2019-10-28 11:44:55,537 [Thread-2318] INFO  impl.FollowerState (FollowerState.java:run(117)) - 75159f97-af2c-48a6-bb8f-f5acb2145c35@group-08147416B334-FollowerState was interrupted: java.lang.InterruptedException: sleep interrupted
2019-10-28 11:44:55,537 [grpc-default-executor-8] INFO  impl.RoleInfo (RoleInfo.java:updateAndGet(143)) - 75159f97-af2c-48a6-bb8f-f5acb2145c35: start FollowerState
2019-10-28 11:44:55,537 [grpc-default-executor-0] INFO  impl.RoleInfo (RoleInfo.java:shutdownFollowerState(121)) - ce71e9bc-e571-4e52-8a73-1c9dce7b9fa7: shutdown FollowerState
2019-10-28 11:44:55,537 [grpc-default-executor-0] INFO  impl.RoleInfo (RoleInfo.java:updateAndGet(143)) - ce71e9bc-e571-4e52-8a73-1c9dce7b9fa7: start FollowerState
2019-10-28 11:44:55,537 [Thread-2320] INFO  impl.FollowerState (FollowerState.java:run(117)) - ce71e9bc-e571-4e52-8a73-1c9dce7b9fa7@group-08147416B334-FollowerState was interrupted: java.lang.InterruptedException: sleep interrupted
2019-10-28 11:44:55,551 [24830d12-f44b-43d9-b733-6f9667bbd6c9@group-08147416B334-LeaderElection148] INFO  impl.LeaderElection (LeaderElection.java:logAndReturn(56)) - 24830d12-f44b-43d9-b733-6f9667bbd6c9@group-08147416B334-LeaderElection148: Election REJECTED; received 2 response(s) [24830d12-f44b-43d9-b733-6f9667bbd6c9<-75159f97-af2c-48a6-bb8f-f5acb2145c35#0:FAIL-t124, 24830d12-f44b-43d9-b733-6f9667bbd6c9<-ce71e9bc-e571-4e52-8a73-1c9dce7b9fa7#0:FAIL-t124] and 0 exception(s); 24830d12-f44b-43d9-b733-6f9667bbd6c9@group-08147416B334:t124, leader=null, voted=24830d12-f44b-43d9-b733-6f9667bbd6c9, raftlog=24830d12-f44b-43d9-b733-6f9667bbd6c9@group-08147416B334-SegmentedRaftLog:OPENED:c-1,f-1,i0, conf=-1: [24830d12-f44b-43d9-b733-6f9667bbd6c9:192.168.164.193:40613, 75159f97-af2c-48a6-bb8f-f5acb2145c35:192.168.164.193:42423, ce71e9bc-e571-4e52-8a73-1c9dce7b9fa7:192.168.164.193:36234], old=null
2019-10-28 11:44:55,551 [24830d12-f44b-43d9-b733-6f9667bbd6c9@group-08147416B334-LeaderElection148] INFO  impl.RaftServerImpl (RaftServerImpl.java:setRole(184)) - 24830d12-f44b-43d9-b733-6f9667bbd6c9@group-08147416B334: changes role from CANDIDATE to FOLLOWER at term 124 for DISCOVERED_A_NEW_TERM
2019-10-28 11:44:55,552 [24830d12-f44b-43d9-b733-6f9667bbd6c9@group-08147416B334-LeaderElection148] INFO  impl.RoleInfo (RoleInfo.java:shutdownLeaderElection(134)) - 24830d12-f44b-43d9-b733-6f9667bbd6c9: shutdown LeaderElection
2019-10-28 11:44:55,552 [24830d12-f44b-43d9-b733-6f9667bbd6c9@group-08147416B334-LeaderElection148] INFO  impl.RoleInfo (RoleInfo.java:updateAndGet(143)) - 24830d12-f44b-43d9-b733-6f9667bbd6c9: start FollowerState
2019-10-28 11:44:55,585 [Thread-2327] INFO  impl.FollowerState (FollowerState.java:run(108)) - 24830d12-f44b-43d9-b733-6f9667bbd6c9@group-08147416B334-FollowerState: change to CANDIDATE, lastRpcTime:33ms, electionTimeout:33ms
2019-10-28 11:44:55,585 [Thread-2327] INFO  impl.RoleInfo (RoleInfo.java:shutdownFollowerState(121)) - 24830d12-f44b-43d9-b733-6f9667bbd6c9: shutdown FollowerState
2019-10-28 11:44:55,585 [Thread-2327] INFO  impl.RaftServerImpl (RaftServerImpl.java:setRole(184)) - 24830d12-f44b-43d9-b733-6f9667bbd6c9@group-08147416B334: changes role from  FOLLOWER to CANDIDATE at term 124 for changeToCandidate
2019-10-28 11:44:55,585 [Thread-2327] INFO  impl.RoleInfo (RoleInfo.java:updateAndGet(143)) - 24830d12-f44b-43d9-b733-6f9667bbd6c9: start LeaderElection
2019-10-28 11:44:55,599 [24830d12-f44b-43d9-b733-6f9667bbd6c9@group-08147416B334-LeaderElection149] INFO  impl.LeaderElection (LeaderElection.java:askForVotes(178)) - 24830d12-f44b-43d9-b733-6f9667bbd6c9@group-08147416B334-LeaderElection149: begin an election at term 125 for -1: [24830d12-f44b-43d9-b733-6f9667bbd6c9:192.168.164.193:40613, 75159f97-af2c-48a6-bb8f-f5acb2145c35:192.168.164.193:42423, ce71e9bc-e571-4e52-8a73-1c9dce7b9fa7:192.168.164.193:36234], old=null
2019-10-28 11:44:55,601 [grpc-default-executor-8] INFO  impl.RaftServerImpl (RaftServerImpl.java:setRole(184)) - 75159f97-af2c-48a6-bb8f-f5acb2145c35@group-08147416B334: changes role from  FOLLOWER to FOLLOWER at term 125 for recognizeCandidate:24830d12-f44b-43d9-b733-6f9667bbd6c9
2019-10-28 11:44:55,601 [grpc-default-executor-8] INFO  impl.RoleInfo (RoleInfo.java:shutdownFollowerState(121)) - 75159f97-af2c-48a6-bb8f-f5acb2145c35: shutdown FollowerState
2019-10-28 11:44:55,601 [grpc-default-executor-0] INFO  impl.RaftServerImpl (RaftServerImpl.java:setRole(184)) - ce71e9bc-e571-4e52-8a73-1c9dce7b9fa7@group-08147416B334: changes role from  FOLLOWER to FOLLOWER at term 125 for recognizeCandidate:24830d12-f44b-43d9-b733-6f9667bbd6c9
2019-10-28 11:44:55,601 [Thread-2325] INFO  impl.FollowerState (FollowerState.java:run(117)) - 75159f97-af2c-48a6-bb8f-f5acb2145c35@group-08147416B334-FollowerState was interrupted: java.lang.InterruptedException: sleep interrupted
2019-10-28 11:44:55,601 [grpc-default-executor-8] INFO  impl.RoleInfo (RoleInfo.java:updateAndGet(143)) - 75159f97-af2c-48a6-bb8f-f5acb2145c35: start FollowerState
2019-10-28 11:44:55,601 [grpc-default-executor-0] INFO  impl.RoleInfo (RoleInfo.java:shutdownFollowerState(121)) - ce71e9bc-e571-4e52-8a73-1c9dce7b9fa7: shutdown FollowerState
2019-10-28 11:44:55,602 [grpc-default-executor-0] INFO  impl.RoleInfo (RoleInfo.java:updateAndGet(143)) - ce71e9bc-e571-4e52-8a73-1c9dce7b9fa7: start FollowerState
2019-10-28 11:44:55,602 [Thread-2326] INFO  impl.FollowerState (FollowerState.java:run(117)) - ce71e9bc-e571-4e52-8a73-1c9dce7b9fa7@group-08147416B334-FollowerState was interrupted: java.lang.InterruptedException: sleep interrupted
2019-10-28 11:44:55,620 [24830d12-f44b-43d9-b733-6f9667bbd6c9@group-08147416B334-LeaderElection149] INFO  impl.LeaderElection (LeaderElection.java:logAndReturn(56)) - 24830d12-f44b-43d9-b733-6f9667bbd6c9@group-08147416B334-LeaderElection149: Election REJECTED; received 2 response(s) [24830d12-f44b-43d9-b733-6f9667bbd6c9<-75159f97-af2c-48a6-bb8f-f5acb2145c35#0:FAIL-t125, 24830d12-f44b-43d9-b733-6f9667bbd6c9<-ce71e9bc-e571-4e52-8a73-1c9dce7b9fa7#0:FAIL-t125] and 0 exception(s); 24830d12-f44b-43d9-b733-6f9667bbd6c9@group-08147416B334:t125, leader=null, voted=24830d12-f44b-43d9-b733-6f9667bbd6c9, raftlog=24830d12-f44b-43d9-b733-6f9667bbd6c9@group-08147416B334-SegmentedRaftLog:OPENED:c-1,f-1,i0, conf=-1: [24830d12-f44b-43d9-b733-6f9667bbd6c9:192.168.164.193:40613, 75159f97-af2c-48a6-bb8f-f5acb2145c35:192.168.164.193:42423, ce71e9bc-e571-4e52-8a73-1c9dce7b9fa7:192.168.164.193:36234], old=null
2019-10-28 11:44:55,620 [24830d12-f44b-43d9-b733-6f9667bbd6c9@group-08147416B334-LeaderElection149] INFO  impl.RaftServerImpl (RaftServerImpl.java:setRole(184)) - 24830d12-f44b-43d9-b733-6f9667bbd6c9@group-08147416B334: changes role from CANDIDATE to FOLLOWER at term 125 for DISCOVERED_A_NEW_TERM
2019-10-28 11:44:55,620 [24830d12-f44b-43d9-b733-6f9667bbd6c9@group-08147416B334-LeaderElection149] INFO  impl.RoleInfo (RoleInfo.java:shutdownLeaderElection(134)) - 24830d12-f44b-43d9-b733-6f9667bbd6c9: shutdown LeaderElection
2019-10-28 11:44:55,620 [24830d12-f44b-43d9-b733-6f9667bbd6c9@group-08147416B334-LeaderElection149] INFO  impl.RoleInfo (RoleInfo.java:updateAndGet(143)) - 24830d12-f44b-43d9-b733-6f9667bbd6c9: start FollowerState
2019-10-28 11:44:55,798 [Thread-2333] INFO  impl.FollowerState (FollowerState.java:run(108)) - 24830d12-f44b-43d9-b733-6f9667bbd6c9@group-08147416B334-FollowerState: change to CANDIDATE, lastRpcTime:177ms, electionTimeout:177ms
2019-10-28 11:44:55,798 [Thread-2333] INFO  impl.RoleInfo (RoleInfo.java:shutdownFollowerState(121)) - 24830d12-f44b-43d9-b733-6f9667bbd6c9: shutdown FollowerState
2019-10-28 11:44:55,798 [Thread-2333] INFO  impl.RaftServerImpl (RaftServerImpl.java:setRole(184)) - 24830d12-f44b-43d9-b733-6f9667bbd6c9@group-08147416B334: changes role from  FOLLOWER to CANDIDATE at term 125 for changeToCandidate
2019-10-28 11:44:55,798 [Thread-2333] INFO  impl.RoleInfo (RoleInfo.java:updateAndGet(143)) - 24830d12-f44b-43d9-b733-6f9667bbd6c9: start LeaderElection
2019-10-28 11:44:55,824 [24830d12-f44b-43d9-b733-6f9667bbd6c9@group-08147416B334-LeaderElection150] INFO  impl.LeaderElection (LeaderElection.java:askForVotes(178)) - 24830d12-f44b-43d9-b733-6f9667bbd6c9@group-08147416B334-LeaderElection150: begin an election at term 126 for -1: [24830d12-f44b-43d9-b733-6f9667bbd6c9:192.168.164.193:40613, 75159f97-af2c-48a6-bb8f-f5acb2145c35:192.168.164.193:42423, ce71e9bc-e571-4e52-8a73-1c9dce7b9fa7:192.168.164.193:36234], old=null
2019-10-28 11:44:55,828 [grpc-default-executor-0] INFO  impl.RaftServerImpl (RaftServerImpl.java:setRole(184)) - 75159f97-af2c-48a6-bb8f-f5acb2145c35@group-08147416B334: changes role from  FOLLOWER to FOLLOWER at term 126 for recognizeCandidate:24830d12-f44b-43d9-b733-6f9667bbd6c9
2019-10-28 11:44:55,828 [grpc-default-executor-8] INFO  impl.RaftServerImpl (RaftServerImpl.java:setRole(184)) - ce71e9bc-e571-4e52-8a73-1c9dce7b9fa7@group-08147416B334: changes role from  FOLLOWER to FOLLOWER at term 126 for recognizeCandidate:24830d12-f44b-43d9-b733-6f9667bbd6c9
2019-10-28 11:44:55,828 [grpc-default-executor-8] INFO  impl.RoleInfo (RoleInfo.java:shutdownFollowerState(121)) - ce71e9bc-e571-4e52-8a73-1c9dce7b9fa7: shutdown FollowerState
2019-10-28 11:44:55,828 [grpc-default-executor-0] INFO  impl.RoleInfo (RoleInfo.java:shutdownFollowerState(121)) - 75159f97-af2c-48a6-bb8f-f5acb2145c35: shutdown FollowerState
2019-10-28 11:44:55,828 [Thread-2332] INFO  impl.FollowerState (FollowerState.java:run(117)) - ce71e9bc-e571-4e52-8a73-1c9dce7b9fa7@group-08147416B334-FollowerState was interrupted: java.lang.InterruptedException: sleep interrupted
2019-10-28 11:44:55,828 [grpc-default-executor-8] INFO  impl.RoleInfo (RoleInfo.java:updateAndGet(143)) - ce71e9bc-e571-4e52-8a73-1c9dce7b9fa7: start FollowerState
2019-10-28 11:44:55,829 [Thread-2331] INFO  impl.FollowerState (FollowerState.java:run(117)) - 75159f97-af2c-48a6-bb8f-f5acb2145c35@group-08147416B334-FollowerState was interrupted: java.lang.InterruptedException: sleep interrupted
2019-10-28 11:44:55,829 [grpc-default-executor-0] INFO  impl.RoleInfo (RoleInfo.java:updateAndGet(143)) - 75159f97-af2c-48a6-bb8f-f5acb2145c35: start FollowerState
2019-10-28 11:44:55,843 [24830d12-f44b-43d9-b733-6f9667bbd6c9@group-08147416B334-LeaderElection150] INFO  impl.LeaderElection (LeaderElection.java:logAndReturn(56)) - 24830d12-f44b-43d9-b733-6f9667bbd6c9@group-08147416B334-LeaderElection150: Election REJECTED; received 2 response(s) [24830d12-f44b-43d9-b733-6f9667bbd6c9<-75159f97-af2c-48a6-bb8f-f5acb2145c35#0:FAIL-t126, 24830d12-f44b-43d9-b733-6f9667bbd6c9<-ce71e9bc-e571-4e52-8a73-1c9dce7b9fa7#0:FAIL-t126] and 0 exception(s); 24830d12-f44b-43d9-b733-6f9667bbd6c9@group-08147416B334:t126, leader=null, voted=24830d12-f44b-43d9-b733-6f9667bbd6c9, raftlog=24830d12-f44b-43d9-b733-6f9667bbd6c9@group-08147416B334-SegmentedRaftLog:OPENED:c-1,f-1,i0, conf=-1: [24830d12-f44b-43d9-b733-6f9667bbd6c9:192.168.164.193:40613, 75159f97-af2c-48a6-bb8f-f5acb2145c35:192.168.164.193:42423, ce71e9bc-e571-4e52-8a73-1c9dce7b9fa7:192.168.164.193:36234], old=null
2019-10-28 11:44:55,843 [24830d12-f44b-43d9-b733-6f9667bbd6c9@group-08147416B334-LeaderElection150] INFO  impl.RaftServerImpl (RaftServerImpl.java:setRole(184)) - 24830d12-f44b-43d9-b733-6f9667bbd6c9@group-08147416B334: changes role from CANDIDATE to FOLLOWER at term 126 for DISCOVERED_A_NEW_TERM
2019-10-28 11:44:55,843 [24830d12-f44b-43d9-b733-6f9667bbd6c9@group-08147416B334-LeaderElection150] INFO  impl.RoleInfo (RoleInfo.java:shutdownLeaderElection(134)) - 24830d12-f44b-43d9-b733-6f9667bbd6c9: shutdown LeaderElection
2019-10-28 11:44:55,843 [24830d12-f44b-43d9-b733-6f9667bbd6c9@group-08147416B334-LeaderElection150] INFO  impl.RoleInfo (RoleInfo.java:updateAndGet(143)) - 24830d12-f44b-43d9-b733-6f9667bbd6c9: start FollowerState
2019-10-28 11:44:55,978 [Thread-2343] INFO  impl.FollowerState (FollowerState.java:run(108)) - 24830d12-f44b-43d9-b733-6f9667bbd6c9@group-08147416B334-FollowerState: change to CANDIDATE, lastRpcTime:134ms, electionTimeout:134ms
2019-10-28 11:44:55,978 [Thread-2343] INFO  impl.RoleInfo (RoleInfo.java:shutdownFollowerState(121)) - 24830d12-f44b-43d9-b733-6f9667bbd6c9: shutdown FollowerState
2019-10-28 11:44:55,978 [Thread-2343] INFO  impl.RaftServerImpl (RaftServerImpl.java:setRole(184)) - 24830d12-f44b-43d9-b733-6f9667bbd6c9@group-08147416B334: changes role from  FOLLOWER to CANDIDATE at term 126 for changeToCandidate
2019-10-28 11:44:55,978 [Thread-2343] INFO  impl.RoleInfo (RoleInfo.java:updateAndGet(143)) - 24830d12-f44b-43d9-b733-6f9667bbd6c9: start LeaderElection
2019-10-28 11:44:56,001 [24830d12-f44b-43d9-b733-6f9667bbd6c9@group-08147416B334-LeaderElection151] INFO  impl.LeaderElection (LeaderElection.java:askForVotes(178)) - 24830d12-f44b-43d9-b733-6f9667bbd6c9@group-08147416B334-LeaderElection151: begin an election at term 127 for -1: [24830d12-f44b-43d9-b733-6f9667bbd6c9:192.168.164.193:40613, 75159f97-af2c-48a6-bb8f-f5acb2145c35:192.168.164.193:42423, ce71e9bc-e571-4e52-8a73-1c9dce7b9fa7:192.168.164.193:36234], old=null
2019-10-28 11:44:56,003 [grpc-default-executor-8] INFO  impl.RaftServerImpl (RaftServerImpl.java:setRole(184)) - ce71e9bc-e571-4e52-8a73-1c9dce7b9fa7@group-08147416B334: changes role from  FOLLOWER to FOLLOWER at term 127 for recognizeCandidate:24830d12-f44b-43d9-b733-6f9667bbd6c9
2019-10-28 11:44:56,003 [grpc-default-executor-8] INFO  impl.RoleInfo (RoleInfo.java:shutdownFollowerState(121)) - ce71e9bc-e571-4e52-8a73-1c9dce7b9fa7: shutdown FollowerState
2019-10-28 11:44:56,003 [grpc-default-executor-0] INFO  impl.RaftServerImpl (RaftServerImpl.java:setRole(184)) - 75159f97-af2c-48a6-bb8f-f5acb2145c35@group-08147416B334: changes role from  FOLLOWER to FOLLOWER at term 127 for recognizeCandidate:24830d12-f44b-43d9-b733-6f9667bbd6c9
2019-10-28 11:44:56,004 [Thread-2341] INFO  impl.FollowerState (FollowerState.java:run(117)) - ce71e9bc-e571-4e52-8a73-1c9dce7b9fa7@group-08147416B334-FollowerState was interrupted: java.lang.InterruptedException: sleep interrupted
2019-10-28 11:44:56,004 [grpc-default-executor-8] INFO  impl.RoleInfo (RoleInfo.java:updateAndGet(143)) - ce71e9bc-e571-4e52-8a73-1c9dce7b9fa7: start FollowerState
2019-10-28 11:44:56,004 [grpc-default-executor-0] INFO  impl.RoleInfo (RoleInfo.java:shutdownFollowerState(121)) - 75159f97-af2c-48a6-bb8f-f5acb2145c35: shutdown FollowerState
2019-10-28 11:44:56,004 [grpc-default-executor-0] INFO  impl.RoleInfo (RoleInfo.java:updateAndGet(143)) - 75159f97-af2c-48a6-bb8f-f5acb2145c35: start FollowerState
2019-10-28 11:44:56,004 [Thread-2342] INFO  impl.FollowerState (FollowerState.java:run(117)) - 75159f97-af2c-48a6-bb8f-f5acb2145c35@group-08147416B334-FollowerState was interrupted: java.lang.InterruptedException: sleep interrupted
2019-10-28 11:44:56,019 [24830d12-f44b-43d9-b733-6f9667bbd6c9@group-08147416B334-LeaderElection151] INFO  impl.LeaderElection (LeaderElection.java:logAndReturn(56)) - 24830d12-f44b-43d9-b733-6f9667bbd6c9@group-08147416B334-LeaderElection151: Election REJECTED; received 2 response(s) [24830d12-f44b-43d9-b733-6f9667bbd6c9<-75159f97-af2c-48a6-bb8f-f5acb2145c35#0:FAIL-t127, 24830d12-f44b-43d9-b733-6f9667bbd6c9<-ce71e9bc-e571-4e52-8a73-1c9dce7b9fa7#0:FAIL-t127] and 0 exception(s); 24830d12-f44b-43d9-b733-6f9667bbd6c9@group-08147416B334:t127, leader=null, voted=24830d12-f44b-43d9-b733-6f9667bbd6c9, raftlog=24830d12-f44b-43d9-b733-6f9667bbd6c9@group-08147416B334-SegmentedRaftLog:OPENED:c-1,f-1,i0, conf=-1: [24830d12-f44b-43d9-b733-6f9667bbd6c9:192.168.164.193:40613, 75159f97-af2c-48a6-bb8f-f5acb2145c35:192.168.164.193:42423, ce71e9bc-e571-4e52-8a73-1c9dce7b9fa7:192.168.164.193:36234], old=null
2019-10-28 11:44:56,020 [24830d12-f44b-43d9-b733-6f9667bbd6c9@group-08147416B334-LeaderElection151] INFO  impl.RaftServerImpl (RaftServerImpl.java:setRole(184)) - 24830d12-f44b-43d9-b733-6f9667bbd6c9@group-08147416B334: changes role from CANDIDATE to FOLLOWER at term 127 for DISCOVERED_A_NEW_TERM
2019-10-28 11:44:56,020 [24830d12-f44b-43d9-b733-6f9667bbd6c9@group-08147416B334-LeaderElection151] INFO  impl.RoleInfo (RoleInfo.java:shutdownLeaderElection(134)) - 24830d12-f44b-43d9-b733-6f9667bbd6c9: shutdown LeaderElection
2019-10-28 11:44:56,020 [24830d12-f44b-43d9-b733-6f9667bbd6c9@group-08147416B334-LeaderElection151] INFO  impl.RoleInfo (RoleInfo.java:updateAndGet(143)) - 24830d12-f44b-43d9-b733-6f9667bbd6c9: start FollowerState
2019-10-28 11:44:56,098 [Thread-2349] INFO  impl.FollowerState (FollowerState.java:run(108)) - 24830d12-f44b-43d9-b733-6f9667bbd6c9@group-08147416B334-FollowerState: change to CANDIDATE, lastRpcTime:78ms, electionTimeout:78ms
2019-10-28 11:44:56,098 [Thread-2349] INFO  impl.RoleInfo (RoleInfo.java:shutdownFollowerState(121)) - 24830d12-f44b-43d9-b733-6f9667bbd6c9: shutdown FollowerState
2019-10-28 11:44:56,099 [Thread-2349] INFO  impl.RaftServerImpl (RaftServerImpl.java:setRole(184)) - 24830d12-f44b-43d9-b733-6f9667bbd6c9@group-08147416B334: changes role from  FOLLOWER to CANDIDATE at term 127 for changeToCandidate
2019-10-28 11:44:56,099 [Thread-2349] INFO  impl.RoleInfo (RoleInfo.java:updateAndGet(143)) - 24830d12-f44b-43d9-b733-6f9667bbd6c9: start LeaderElection
2019-10-28 11:44:56,128 [24830d12-f44b-43d9-b733-6f9667bbd6c9@group-08147416B334-LeaderElection152] INFO  impl.LeaderElection (LeaderElection.java:askForVotes(178)) - 24830d12-f44b-43d9-b733-6f9667bbd6c9@group-08147416B334-LeaderElection152: begin an election at term 128 for -1: [24830d12-f44b-43d9-b733-6f9667bbd6c9:192.168.164.193:40613, 75159f97-af2c-48a6-bb8f-f5acb2145c35:192.168.164.193:42423, ce71e9bc-e571-4e52-8a73-1c9dce7b9fa7:192.168.164.193:36234], old=null
2019-10-28 11:44:56,130 [grpc-default-executor-0] INFO  impl.RaftServerImpl (RaftServerImpl.java:setRole(184)) - 75159f97-af2c-48a6-bb8f-f5acb2145c35@group-08147416B334: changes role from  FOLLOWER to FOLLOWER at term 128 for recognizeCandidate:24830d12-f44b-43d9-b733-6f9667bbd6c9
2019-10-28 11:44:56,130 [grpc-default-executor-0] INFO  impl.RoleInfo (RoleInfo.java:shutdownFollowerState(121)) - 75159f97-af2c-48a6-bb8f-f5acb2145c35: shutdown FollowerState
2019-10-28 11:44:56,130 [grpc-default-executor-8] INFO  impl.RaftServerImpl (RaftServerImpl.java:setRole(184)) - ce71e9bc-e571-4e52-8a73-1c9dce7b9fa7@group-08147416B334: changes role from  FOLLOWER to FOLLOWER at term 128 for recognizeCandidate:24830d12-f44b-43d9-b733-6f9667bbd6c9
2019-10-28 11:44:56,130 [grpc-default-executor-8] INFO  impl.RoleInfo (RoleInfo.java:shutdownFollowerState(121)) - ce71e9bc-e571-4e52-8a73-1c9dce7b9fa7: shutdown FollowerState
2019-10-28 11:44:56,130 [Thread-2348] INFO  impl.FollowerState (FollowerState.java:run(117)) - 75159f97-af2c-48a6-bb8f-f5acb2145c35@group-08147416B334-FollowerState was interrupted: java.lang.InterruptedException: sleep interrupted
2019-10-28 11:44:56,130 [grpc-default-executor-0] INFO  impl.RoleInfo (RoleInfo.java:updateAndGet(143)) - 75159f97-af2c-48a6-bb8f-f5acb2145c35: start FollowerState
2019-10-28 11:44:56,131 [Thread-2347] INFO  impl.FollowerState (FollowerState.java:run(117)) - ce71e9bc-e571-4e52-8a73-1c9dce7b9fa7@group-08147416B334-FollowerState was interrupted: java.lang.InterruptedException: sleep interrupted
2019-10-28 11:44:56,131 [grpc-default-executor-8] INFO  impl.RoleInfo (RoleInfo.java:updateAndGet(143)) - ce71e9bc-e571-4e52-8a73-1c9dce7b9fa7: start FollowerState
2019-10-28 11:44:56,145 [24830d12-f44b-43d9-b733-6f9667bbd6c9@group-08147416B334-LeaderElection152] INFO  impl.LeaderElection (LeaderElection.java:logAndReturn(56)) - 24830d12-f44b-43d9-b733-6f9667bbd6c9@group-08147416B334-LeaderElection152: Election REJECTED; received 2 response(s) [24830d12-f44b-43d9-b733-6f9667bbd6c9<-75159f97-af2c-48a6-bb8f-f5acb2145c35#0:FAIL-t128, 24830d12-f44b-43d9-b733-6f9667bbd6c9<-ce71e9bc-e571-4e52-8a73-1c9dce7b9fa7#0:FAIL-t128] and 0 exception(s); 24830d12-f44b-43d9-b733-6f9667bbd6c9@group-08147416B334:t128, leader=null, voted=24830d12-f44b-43d9-b733-6f9667bbd6c9, raftlog=24830d12-f44b-43d9-b733-6f9667bbd6c9@group-08147416B334-SegmentedRaftLog:OPENED:c-1,f-1,i0, conf=-1: [24830d12-f44b-43d9-b733-6f9667bbd6c9:192.168.164.193:40613, 75159f97-af2c-48a6-bb8f-f5acb2145c35:192.168.164.193:42423, ce71e9bc-e571-4e52-8a73-1c9dce7b9fa7:192.168.164.193:36234], old=null
2019-10-28 11:44:56,145 [24830d12-f44b-43d9-b733-6f9667bbd6c9@group-08147416B334-LeaderElection152] INFO  impl.RaftServerImpl (RaftServerImpl.java:setRole(184)) - 24830d12-f44b-43d9-b733-6f9667bbd6c9@group-08147416B334: changes role from CANDIDATE to FOLLOWER at term 128 for DISCOVERED_A_NEW_TERM
2019-10-28 11:44:56,145 [24830d12-f44b-43d9-b733-6f9667bbd6c9@group-08147416B334-LeaderElection152] INFO  impl.RoleInfo (RoleInfo.java:shutdownLeaderElection(134)) - 24830d12-f44b-43d9-b733-6f9667bbd6c9: shutdown LeaderElection
2019-10-28 11:44:56,145 [24830d12-f44b-43d9-b733-6f9667bbd6c9@group-08147416B334-LeaderElection152] INFO  impl.RoleInfo (RoleInfo.java:updateAndGet(143)) - 24830d12-f44b-43d9-b733-6f9667bbd6c9: start FollowerState
2019-10-28 11:44:56,299 [Thread-2357] INFO  impl.FollowerState (FollowerState.java:run(108)) - 24830d12-f44b-43d9-b733-6f9667bbd6c9@group-08147416B334-FollowerState: change to CANDIDATE, lastRpcTime:154ms, electionTimeout:154ms
2019-10-28 11:44:56,300 [Thread-2357] INFO  impl.RoleInfo (RoleInfo.java:shutdownFollowerState(121)) - 24830d12-f44b-43d9-b733-6f9667bbd6c9: shutdown FollowerState
2019-10-28 11:44:56,300 [Thread-2357] INFO  impl.RaftServerImpl (RaftServerImpl.java:setRole(184)) - 24830d12-f44b-43d9-b733-6f9667bbd6c9@group-08147416B334: changes role from  FOLLOWER to CANDIDATE at term 128 for changeToCandidate
2019-10-28 11:44:56,300 [Thread-2357] INFO  impl.RoleInfo (RoleInfo.java:updateAndGet(143)) - 24830d12-f44b-43d9-b733-6f9667bbd6c9: start LeaderElection
2019-10-28 11:44:56,314 [24830d12-f44b-43d9-b733-6f9667bbd6c9@group-08147416B334-LeaderElection153] INFO  impl.LeaderElection (LeaderElection.java:askForVotes(178)) - 24830d12-f44b-43d9-b733-6f9667bbd6c9@group-08147416B334-LeaderElection153: begin an election at term 129 for -1: [24830d12-f44b-43d9-b733-6f9667bbd6c9:192.168.164.193:40613, 75159f97-af2c-48a6-bb8f-f5acb2145c35:192.168.164.193:42423, ce71e9bc-e571-4e52-8a73-1c9dce7b9fa7:192.168.164.193:36234], old=null
2019-10-28 11:44:56,315 [grpc-default-executor-8] INFO  impl.RaftServerImpl (RaftServerImpl.java:setRole(184)) - 75159f97-af2c-48a6-bb8f-f5acb2145c35@group-08147416B334: changes role from  FOLLOWER to FOLLOWER at term 129 for recognizeCandidate:24830d12-f44b-43d9-b733-6f9667bbd6c9
2019-10-28 11:44:56,315 [grpc-default-executor-8] INFO  impl.RoleInfo (RoleInfo.java:shutdownFollowerState(121)) - 75159f97-af2c-48a6-bb8f-f5acb2145c35: shutdown FollowerState
2019-10-28 11:44:56,316 [grpc-default-executor-8] INFO  impl.RoleInfo (RoleInfo.java:updateAndGet(143)) - 75159f97-af2c-48a6-bb8f-f5acb2145c35: start FollowerState
2019-10-28 11:44:56,316 [grpc-default-executor-0] INFO  impl.RaftServerImpl (RaftServerImpl.java:setRole(184)) - ce71e9bc-e571-4e52-8a73-1c9dce7b9fa7@group-08147416B334: changes role from  FOLLOWER to FOLLOWER at term 129 for recognizeCandidate:24830d12-f44b-43d9-b733-6f9667bbd6c9
2019-10-28 11:44:56,316 [grpc-default-executor-0] INFO  impl.RoleInfo (RoleInfo.java:shutdownFollowerState(121)) - ce71e9bc-e571-4e52-8a73-1c9dce7b9fa7: shutdown FollowerState
2019-10-28 11:44:56,316 [Thread-2353] INFO  impl.FollowerState (FollowerState.java:run(117)) - 75159f97-af2c-48a6-bb8f-f5acb2145c35@group-08147416B334-FollowerState was interrupted: java.lang.InterruptedException: sleep interrupted
2019-10-28 11:44:56,316 [Thread-2354] INFO  impl.FollowerState (FollowerState.java:run(117)) - ce71e9bc-e571-4e52-8a73-1c9dce7b9fa7@group-08147416B334-FollowerState was interrupted: java.lang.InterruptedException: sleep interrupted
2019-10-28 11:44:56,316 [grpc-default-executor-0] INFO  impl.RoleInfo (RoleInfo.java:updateAndGet(143)) - ce71e9bc-e571-4e52-8a73-1c9dce7b9fa7: start FollowerState
2019-10-28 11:44:56,350 [24830d12-f44b-43d9-b733-6f9667bbd6c9@group-08147416B334-LeaderElection153] INFO  impl.LeaderElection (LeaderElection.java:logAndReturn(56)) - 24830d12-f44b-43d9-b733-6f9667bbd6c9@group-08147416B334-LeaderElection153: Election REJECTED; received 2 response(s) [24830d12-f44b-43d9-b733-6f9667bbd6c9<-75159f97-af2c-48a6-bb8f-f5acb2145c35#0:FAIL-t129, 24830d12-f44b-43d9-b733-6f9667bbd6c9<-ce71e9bc-e571-4e52-8a73-1c9dce7b9fa7#0:FAIL-t129] and 0 exception(s); 24830d12-f44b-43d9-b733-6f9667bbd6c9@group-08147416B334:t129, leader=null, voted=24830d12-f44b-43d9-b733-6f9667bbd6c9, raftlog=24830d12-f44b-43d9-b733-6f9667bbd6c9@group-08147416B334-SegmentedRaftLog:OPENED:c-1,f-1,i0, conf=-1: [24830d12-f44b-43d9-b733-6f9667bbd6c9:192.168.164.193:40613, 75159f97-af2c-48a6-bb8f-f5acb2145c35:192.168.164.193:42423, ce71e9bc-e571-4e52-8a73-1c9dce7b9fa7:192.168.164.193:36234], old=null
2019-10-28 11:44:56,350 [24830d12-f44b-43d9-b733-6f9667bbd6c9@group-08147416B334-LeaderElection153] INFO  impl.RaftServerImpl (RaftServerImpl.java:setRole(184)) - 24830d12-f44b-43d9-b733-6f9667bbd6c9@group-08147416B334: changes role from CANDIDATE to FOLLOWER at term 129 for DISCOVERED_A_NEW_TERM
2019-10-28 11:44:56,350 [24830d12-f44b-43d9-b733-6f9667bbd6c9@group-08147416B334-LeaderElection153] INFO  impl.RoleInfo (RoleInfo.java:shutdownLeaderElection(134)) - 24830d12-f44b-43d9-b733-6f9667bbd6c9: shutdown LeaderElection
2019-10-28 11:44:56,350 [24830d12-f44b-43d9-b733-6f9667bbd6c9@group-08147416B334-LeaderElection153] INFO  impl.RoleInfo (RoleInfo.java:updateAndGet(143)) - 24830d12-f44b-43d9-b733-6f9667bbd6c9: start FollowerState
2019-10-28 11:44:56,536 [Thread-2365] INFO  impl.FollowerState (FollowerState.java:run(108)) - 24830d12-f44b-43d9-b733-6f9667bbd6c9@group-08147416B334-FollowerState: change to CANDIDATE, lastRpcTime:186ms, electionTimeout:186ms
2019-10-28 11:44:56,537 [Thread-2365] INFO  impl.RoleInfo (RoleInfo.java:shutdownFollowerState(121)) - 24830d12-f44b-43d9-b733-6f9667bbd6c9: shutdown FollowerState
2019-10-28 11:44:56,537 [Thread-2365] INFO  impl.RaftServerImpl (RaftServerImpl.java:setRole(184)) - 24830d12-f44b-43d9-b733-6f9667bbd6c9@group-08147416B334: changes role from  FOLLOWER to CANDIDATE at term 129 for changeToCandidate
2019-10-28 11:44:56,537 [Thread-2365] INFO  impl.RoleInfo (RoleInfo.java:updateAndGet(143)) - 24830d12-f44b-43d9-b733-6f9667bbd6c9: start LeaderElection
2019-10-28 11:44:56,551 [24830d12-f44b-43d9-b733-6f9667bbd6c9@group-08147416B334-LeaderElection154] INFO  impl.LeaderElection (LeaderElection.java:askForVotes(178)) - 24830d12-f44b-43d9-b733-6f9667bbd6c9@group-08147416B334-LeaderElection154: begin an election at term 130 for -1: [24830d12-f44b-43d9-b733-6f9667bbd6c9:192.168.164.193:40613, 75159f97-af2c-48a6-bb8f-f5acb2145c35:192.168.164.193:42423, ce71e9bc-e571-4e52-8a73-1c9dce7b9fa7:192.168.164.193:36234], old=null
2019-10-28 11:44:56,554 [24830d12-f44b-43d9-b733-6f9667bbd6c9@group-08147416B334-LeaderElection154] INFO  impl.LeaderElection (LeaderElection.java:logAndReturn(56)) - 24830d12-f44b-43d9-b733-6f9667bbd6c9@group-08147416B334-LeaderElection154: Election TIMEOUT; received 0 response(s) [] and 0 exception(s); 24830d12-f44b-43d9-b733-6f9667bbd6c9@group-08147416B334:t130, leader=null, voted=24830d12-f44b-43d9-b733-6f9667bbd6c9, raftlog=24830d12-f44b-43d9-b733-6f9667bbd6c9@group-08147416B334-SegmentedRaftLog:OPENED:c-1,f-1,i0, conf=-1: [24830d12-f44b-43d9-b733-6f9667bbd6c9:192.168.164.193:40613, 75159f97-af2c-48a6-bb8f-f5acb2145c35:192.168.164.193:42423, ce71e9bc-e571-4e52-8a73-1c9dce7b9fa7:192.168.164.193:36234], old=null
2019-10-28 11:44:56,555 [grpc-default-executor-8] INFO  impl.RaftServerImpl (RaftServerImpl.java:setRole(184)) - ce71e9bc-e571-4e52-8a73-1c9dce7b9fa7@group-08147416B334: changes role from  FOLLOWER to FOLLOWER at term 130 for recognizeCandidate:24830d12-f44b-43d9-b733-6f9667bbd6c9
2019-10-28 11:44:56,555 [grpc-default-executor-8] INFO  impl.RoleInfo (RoleInfo.java:shutdownFollowerState(121)) - ce71e9bc-e571-4e52-8a73-1c9dce7b9fa7: shutdown FollowerState
2019-10-28 11:44:56,556 [grpc-default-executor-0] INFO  impl.RaftServerImpl (RaftServerImpl.java:setRole(184)) - 75159f97-af2c-48a6-bb8f-f5acb2145c35@group-08147416B334: changes role from  FOLLOWER to FOLLOWER at term 130 for recognizeCandidate:24830d12-f44b-43d9-b733-6f9667bbd6c9
2019-10-28 11:44:56,556 [Thread-2362] INFO  impl.FollowerState (FollowerState.java:run(117)) - ce71e9bc-e571-4e52-8a73-1c9dce7b9fa7@group-08147416B334-FollowerState was interrupted: java.lang.InterruptedException: sleep interrupted
2019-10-28 11:44:56,556 [grpc-default-executor-8] INFO  impl.RoleInfo (RoleInfo.java:updateAndGet(143)) - ce71e9bc-e571-4e52-8a73-1c9dce7b9fa7: start FollowerState
2019-10-28 11:44:56,556 [grpc-default-executor-0] INFO  impl.RoleInfo (RoleInfo.java:shutdownFollowerState(121)) - 75159f97-af2c-48a6-bb8f-f5acb2145c35: shutdown FollowerState
2019-10-28 11:44:56,556 [grpc-default-executor-0] INFO  impl.RoleInfo (RoleInfo.java:updateAndGet(143)) - 75159f97-af2c-48a6-bb8f-f5acb2145c35: start FollowerState
2019-10-28 11:44:56,556 [Thread-2361] INFO  impl.FollowerState (FollowerState.java:run(117)) - 75159f97-af2c-48a6-bb8f-f5acb2145c35@group-08147416B334-FollowerState was interrupted: java.lang.InterruptedException: sleep interrupted
2019-10-28 11:44:56,569 [24830d12-f44b-43d9-b733-6f9667bbd6c9@group-08147416B334-LeaderElection154] INFO  impl.LeaderElection (LeaderElection.java:askForVotes(178)) - 24830d12-f44b-43d9-b733-6f9667bbd6c9@group-08147416B334-LeaderElection154: begin an election at term 131 for -1: [24830d12-f44b-43d9-b733-6f9667bbd6c9:192.168.164.193:40613, 75159f97-af2c-48a6-bb8f-f5acb2145c35:192.168.164.193:42423, ce71e9bc-e571-4e52-8a73-1c9dce7b9fa7:192.168.164.193:36234], old=null
2019-10-28 11:44:56,571 [grpc-default-executor-8] INFO  impl.RaftServerImpl (RaftServerImpl.java:setRole(184)) - 75159f97-af2c-48a6-bb8f-f5acb2145c35@group-08147416B334: changes role from  FOLLOWER to FOLLOWER at term 131 for recognizeCandidate:24830d12-f44b-43d9-b733-6f9667bbd6c9
2019-10-28 11:44:56,571 [grpc-default-executor-8] INFO  impl.RoleInfo (RoleInfo.java:shutdownFollowerState(121)) - 75159f97-af2c-48a6-bb8f-f5acb2145c35: shutdown FollowerState
2019-10-28 11:44:56,571 [grpc-default-executor-0] INFO  impl.RaftServerImpl (RaftServerImpl.java:setRole(184)) - ce71e9bc-e571-4e52-8a73-1c9dce7b9fa7@group-08147416B334: changes role from  FOLLOWER to FOLLOWER at term 131 for recognizeCandidate:24830d12-f44b-43d9-b733-6f9667bbd6c9
2019-10-28 11:44:56,571 [grpc-default-executor-0] INFO  impl.RoleInfo (RoleInfo.java:shutdownFollowerState(121)) - ce71e9bc-e571-4e52-8a73-1c9dce7b9fa7: shutdown FollowerState
2019-10-28 11:44:56,571 [Thread-2370] INFO  impl.FollowerState (FollowerState.java:run(117)) - 75159f97-af2c-48a6-bb8f-f5acb2145c35@group-08147416B334-FollowerState was interrupted: java.lang.InterruptedException: sleep interrupted
2019-10-28 11:44:56,571 [grpc-default-executor-8] INFO  impl.RoleInfo (RoleInfo.java:updateAndGet(143)) - 75159f97-af2c-48a6-bb8f-f5acb2145c35: start FollowerState
2019-10-28 11:44:56,571 [Thread-2369] INFO  impl.FollowerState (FollowerState.java:run(117)) - ce71e9bc-e571-4e52-8a73-1c9dce7b9fa7@group-08147416B334-FollowerState was interrupted: java.lang.InterruptedException: sleep interrupted
2019-10-28 11:44:56,571 [grpc-default-executor-0] INFO  impl.RoleInfo (RoleInfo.java:updateAndGet(143)) - ce71e9bc-e571-4e52-8a73-1c9dce7b9fa7: start FollowerState
2019-10-28 11:44:56,598 [24830d12-f44b-43d9-b733-6f9667bbd6c9@group-08147416B334-LeaderElection154] INFO  impl.LeaderElection (LeaderElection.java:logAndReturn(56)) - 24830d12-f44b-43d9-b733-6f9667bbd6c9@group-08147416B334-LeaderElection154: Election REJECTED; received 2 response(s) [24830d12-f44b-43d9-b733-6f9667bbd6c9<-75159f97-af2c-48a6-bb8f-f5acb2145c35#0:FAIL-t131, 24830d12-f44b-43d9-b733-6f9667bbd6c9<-ce71e9bc-e571-4e52-8a73-1c9dce7b9fa7#0:FAIL-t131] and 0 exception(s); 24830d12-f44b-43d9-b733-6f9667bbd6c9@group-08147416B334:t131, leader=null, voted=24830d12-f44b-43d9-b733-6f9667bbd6c9, raftlog=24830d12-f44b-43d9-b733-6f9667bbd6c9@group-08147416B334-SegmentedRaftLog:OPENED:c-1,f-1,i0, conf=-1: [24830d12-f44b-43d9-b733-6f9667bbd6c9:192.168.164.193:40613, 75159f97-af2c-48a6-bb8f-f5acb2145c35:192.168.164.193:42423, ce71e9bc-e571-4e52-8a73-1c9dce7b9fa7:192.168.164.193:36234], old=null
2019-10-28 11:44:56,598 [24830d12-f44b-43d9-b733-6f9667bbd6c9@group-08147416B334-LeaderElection154] INFO  impl.RaftServerImpl (RaftServerImpl.java:setRole(184)) - 24830d12-f44b-43d9-b733-6f9667bbd6c9@group-08147416B334: changes role from CANDIDATE to FOLLOWER at term 131 for DISCOVERED_A_NEW_TERM
2019-10-28 11:44:56,598 [24830d12-f44b-43d9-b733-6f9667bbd6c9@group-08147416B334-LeaderElection154] INFO  impl.RoleInfo (RoleInfo.java:shutdownLeaderElection(134)) - 24830d12-f44b-43d9-b733-6f9667bbd6c9: shutdown LeaderElection
2019-10-28 11:44:56,599 [24830d12-f44b-43d9-b733-6f9667bbd6c9@group-08147416B334-LeaderElection154] INFO  impl.RoleInfo (RoleInfo.java:updateAndGet(143)) - 24830d12-f44b-43d9-b733-6f9667bbd6c9: start FollowerState
2019-10-28 11:44:56,764 [Thread-2375] INFO  impl.FollowerState (FollowerState.java:run(108)) - 24830d12-f44b-43d9-b733-6f9667bbd6c9@group-08147416B334-FollowerState: change to CANDIDATE, lastRpcTime:165ms, electionTimeout:165ms
2019-10-28 11:44:56,764 [Thread-2375] INFO  impl.RoleInfo (RoleInfo.java:shutdownFollowerState(121)) - 24830d12-f44b-43d9-b733-6f9667bbd6c9: shutdown FollowerState
2019-10-28 11:44:56,764 [Thread-2375] INFO  impl.RaftServerImpl (RaftServerImpl.java:setRole(184)) - 24830d12-f44b-43d9-b733-6f9667bbd6c9@group-08147416B334: changes role from  FOLLOWER to CANDIDATE at term 131 for changeToCandidate
2019-10-28 11:44:56,764 [Thread-2375] INFO  impl.RoleInfo (RoleInfo.java:updateAndGet(143)) - 24830d12-f44b-43d9-b733-6f9667bbd6c9: start LeaderElection
2019-10-28 11:44:56,790 [24830d12-f44b-43d9-b733-6f9667bbd6c9@group-08147416B334-LeaderElection155] INFO  impl.LeaderElection (LeaderElection.java:askForVotes(178)) - 24830d12-f44b-43d9-b733-6f9667bbd6c9@group-08147416B334-LeaderElection155: begin an election at term 132 for -1: [24830d12-f44b-43d9-b733-6f9667bbd6c9:192.168.164.193:40613, 75159f97-af2c-48a6-bb8f-f5acb2145c35:192.168.164.193:42423, ce71e9bc-e571-4e52-8a73-1c9dce7b9fa7:192.168.164.193:36234], old=null
2019-10-28 11:44:56,792 [grpc-default-executor-8] INFO  impl.RaftServerImpl (RaftServerImpl.java:setRole(184)) - ce71e9bc-e571-4e52-8a73-1c9dce7b9fa7@group-08147416B334: changes role from  FOLLOWER to FOLLOWER at term 132 for recognizeCandidate:24830d12-f44b-43d9-b733-6f9667bbd6c9
2019-10-28 11:44:56,792 [grpc-default-executor-0] INFO  impl.RaftServerImpl (RaftServerImpl.java:setRole(184)) - 75159f97-af2c-48a6-bb8f-f5acb2145c35@group-08147416B334: changes role from  FOLLOWER to FOLLOWER at term 132 for recognizeCandidate:24830d12-f44b-43d9-b733-6f9667bbd6c9
2019-10-28 11:44:56,793 [grpc-default-executor-8] INFO  impl.RoleInfo (RoleInfo.java:shutdownFollowerState(121)) - ce71e9bc-e571-4e52-8a73-1c9dce7b9fa7: shutdown FollowerState
2019-10-28 11:44:56,793 [grpc-default-executor-0] INFO  impl.RoleInfo (RoleInfo.java:shutdownFollowerState(121)) - 75159f97-af2c-48a6-bb8f-f5acb2145c35: shutdown FollowerState
2019-10-28 11:44:56,793 [Thread-2374] INFO  impl.FollowerState (FollowerState.java:run(117)) - ce71e9bc-e571-4e52-8a73-1c9dce7b9fa7@group-08147416B334-FollowerState was interrupted: java.lang.InterruptedException: sleep interrupted
2019-10-28 11:44:56,793 [Thread-2373] INFO  impl.FollowerState (FollowerState.java:run(117)) - 75159f97-af2c-48a6-bb8f-f5acb2145c35@group-08147416B334-FollowerState was interrupted: java.lang.InterruptedException: sleep interrupted
2019-10-28 11:44:56,793 [grpc-default-executor-8] INFO  impl.RoleInfo (RoleInfo.java:updateAndGet(143)) - ce71e9bc-e571-4e52-8a73-1c9dce7b9fa7: start FollowerState
2019-10-28 11:44:56,793 [grpc-default-executor-0] INFO  impl.RoleInfo (RoleInfo.java:updateAndGet(143)) - 75159f97-af2c-48a6-bb8f-f5acb2145c35: start FollowerState
2019-10-28 11:44:56,808 [24830d12-f44b-43d9-b733-6f9667bbd6c9@group-08147416B334-LeaderElection155] INFO  impl.LeaderElection (LeaderElection.java:logAndReturn(56)) - 24830d12-f44b-43d9-b733-6f9667bbd6c9@group-08147416B334-LeaderElection155: Election REJECTED; received 2 response(s) [24830d12-f44b-43d9-b733-6f9667bbd6c9<-75159f97-af2c-48a6-bb8f-f5acb2145c35#0:FAIL-t132, 24830d12-f44b-43d9-b733-6f9667bbd6c9<-ce71e9bc-e571-4e52-8a73-1c9dce7b9fa7#0:FAIL-t132] and 0 exception(s); 24830d12-f44b-43d9-b733-6f9667bbd6c9@group-08147416B334:t132, leader=null, voted=24830d12-f44b-43d9-b733-6f9667bbd6c9, raftlog=24830d12-f44b-43d9-b733-6f9667bbd6c9@group-08147416B334-SegmentedRaftLog:OPENED:c-1,f-1,i0, conf=-1: [24830d12-f44b-43d9-b733-6f9667bbd6c9:192.168.164.193:40613, 75159f97-af2c-48a6-bb8f-f5acb2145c35:192.168.164.193:42423, ce71e9bc-e571-4e52-8a73-1c9dce7b9fa7:192.168.164.193:36234], old=null
2019-10-28 11:44:56,808 [24830d12-f44b-43d9-b733-6f9667bbd6c9@group-08147416B334-LeaderElection155] INFO  impl.RaftServerImpl (RaftServerImpl.java:setRole(184)) - 24830d12-f44b-43d9-b733-6f9667bbd6c9@group-08147416B334: changes role from CANDIDATE to FOLLOWER at term 132 for DISCOVERED_A_NEW_TERM
2019-10-28 11:44:56,808 [24830d12-f44b-43d9-b733-6f9667bbd6c9@group-08147416B334-LeaderElection155] INFO  impl.RoleInfo (RoleInfo.java:shutdownLeaderElection(134)) - 24830d12-f44b-43d9-b733-6f9667bbd6c9: shutdown LeaderElection
2019-10-28 11:44:56,808 [24830d12-f44b-43d9-b733-6f9667bbd6c9@group-08147416B334-LeaderElection155] INFO  impl.RoleInfo (RoleInfo.java:updateAndGet(143)) - 24830d12-f44b-43d9-b733-6f9667bbd6c9: start FollowerState
2019-10-28 11:44:56,947 [Thread-2383] INFO  impl.FollowerState (FollowerState.java:run(108)) - 24830d12-f44b-43d9-b733-6f9667bbd6c9@group-08147416B334-FollowerState: change to CANDIDATE, lastRpcTime:139ms, electionTimeout:139ms
2019-10-28 11:44:56,948 [Thread-2383] INFO  impl.RoleInfo (RoleInfo.java:shutdownFollowerState(121)) - 24830d12-f44b-43d9-b733-6f9667bbd6c9: shutdown FollowerState
2019-10-28 11:44:56,948 [Thread-2383] INFO  impl.RaftServerImpl (RaftServerImpl.java:setRole(184)) - 24830d12-f44b-43d9-b733-6f9667bbd6c9@group-08147416B334: changes role from  FOLLOWER to CANDIDATE at term 132 for changeToCandidate
2019-10-28 11:44:56,948 [Thread-2383] INFO  impl.RoleInfo (RoleInfo.java:updateAndGet(143)) - 24830d12-f44b-43d9-b733-6f9667bbd6c9: start LeaderElection
2019-10-28 11:44:56,966 [24830d12-f44b-43d9-b733-6f9667bbd6c9@group-08147416B334-LeaderElection156] INFO  impl.LeaderElection (LeaderElection.java:askForVotes(178)) - 24830d12-f44b-43d9-b733-6f9667bbd6c9@group-08147416B334-LeaderElection156: begin an election at term 133 for -1: [24830d12-f44b-43d9-b733-6f9667bbd6c9:192.168.164.193:40613, 75159f97-af2c-48a6-bb8f-f5acb2145c35:192.168.164.193:42423, ce71e9bc-e571-4e52-8a73-1c9dce7b9fa7:192.168.164.193:36234], old=null
2019-10-28 11:44:56,968 [grpc-default-executor-0] INFO  impl.RaftServerImpl (RaftServerImpl.java:setRole(184)) - 75159f97-af2c-48a6-bb8f-f5acb2145c35@group-08147416B334: changes role from  FOLLOWER to FOLLOWER at term 133 for recognizeCandidate:24830d12-f44b-43d9-b733-6f9667bbd6c9
2019-10-28 11:44:56,968 [grpc-default-executor-0] INFO  impl.RoleInfo (RoleInfo.java:shutdownFollowerState(121)) - 75159f97-af2c-48a6-bb8f-f5acb2145c35: shutdown FollowerState
2019-10-28 11:44:56,968 [grpc-default-executor-8] INFO  impl.RaftServerImpl (RaftServerImpl.java:setRole(184)) - ce71e9bc-e571-4e52-8a73-1c9dce7b9fa7@group-08147416B334: changes role from  FOLLOWER to FOLLOWER at term 133 for recognizeCandidate:24830d12-f44b-43d9-b733-6f9667bbd6c9
2019-10-28 11:44:56,972 [grpc-default-executor-8] INFO  impl.RoleInfo (RoleInfo.java:shutdownFollowerState(121)) - ce71e9bc-e571-4e52-8a73-1c9dce7b9fa7: shutdown FollowerState
2019-10-28 11:44:56,972 [Thread-2382] INFO  impl.FollowerState (FollowerState.java:run(117)) - 75159f97-af2c-48a6-bb8f-f5acb2145c35@group-08147416B334-FollowerState was interrupted: java.lang.InterruptedException: sleep interrupted
2019-10-28 11:44:56,972 [Thread-2381] INFO  impl.FollowerState (FollowerState.java:run(117)) - ce71e9bc-e571-4e52-8a73-1c9dce7b9fa7@group-08147416B334-FollowerState was interrupted: java.lang.InterruptedException: sleep interrupted
2019-10-28 11:44:56,972 [grpc-default-executor-0] INFO  impl.RoleInfo (RoleInfo.java:updateAndGet(143)) - 75159f97-af2c-48a6-bb8f-f5acb2145c35: start FollowerState
2019-10-28 11:44:56,972 [grpc-default-executor-8] INFO  impl.RoleInfo (RoleInfo.java:updateAndGet(143)) - ce71e9bc-e571-4e52-8a73-1c9dce7b9fa7: start FollowerState
2019-10-28 11:44:56,987 [24830d12-f44b-43d9-b733-6f9667bbd6c9@group-08147416B334-LeaderElection156] INFO  impl.LeaderElection (LeaderElection.java:logAndReturn(56)) - 24830d12-f44b-43d9-b733-6f9667bbd6c9@group-08147416B334-LeaderElection156: Election REJECTED; received 2 response(s) [24830d12-f44b-43d9-b733-6f9667bbd6c9<-75159f97-af2c-48a6-bb8f-f5acb2145c35#0:FAIL-t133, 24830d12-f44b-43d9-b733-6f9667bbd6c9<-ce71e9bc-e571-4e52-8a73-1c9dce7b9fa7#0:FAIL-t133] and 0 exception(s); 24830d12-f44b-43d9-b733-6f9667bbd6c9@group-08147416B334:t133, leader=null, voted=24830d12-f44b-43d9-b733-6f9667bbd6c9, raftlog=24830d12-f44b-43d9-b733-6f9667bbd6c9@group-08147416B334-SegmentedRaftLog:OPENED:c-1,f-1,i0, conf=-1: [24830d12-f44b-43d9-b733-6f9667bbd6c9:192.168.164.193:40613, 75159f97-af2c-48a6-bb8f-f5acb2145c35:192.168.164.193:42423, ce71e9bc-e571-4e52-8a73-1c9dce7b9fa7:192.168.164.193:36234], old=null
2019-10-28 11:44:56,987 [24830d12-f44b-43d9-b733-6f9667bbd6c9@group-08147416B334-LeaderElection156] INFO  impl.RaftServerImpl (RaftServerImpl.java:setRole(184)) - 24830d12-f44b-43d9-b733-6f9667bbd6c9@group-08147416B334: changes role from CANDIDATE to FOLLOWER at term 133 for DISCOVERED_A_NEW_TERM
2019-10-28 11:44:56,987 [24830d12-f44b-43d9-b733-6f9667bbd6c9@group-08147416B334-LeaderElection156] INFO  impl.RoleInfo (RoleInfo.java:shutdownLeaderElection(134)) - 24830d12-f44b-43d9-b733-6f9667bbd6c9: shutdown LeaderElection
2019-10-28 11:44:56,988 [24830d12-f44b-43d9-b733-6f9667bbd6c9@group-08147416B334-LeaderElection156] INFO  impl.RoleInfo (RoleInfo.java:updateAndGet(143)) - 24830d12-f44b-43d9-b733-6f9667bbd6c9: start FollowerState
2019-10-28 11:44:57,072 [Thread-2391] INFO  impl.FollowerState (FollowerState.java:run(108)) - 24830d12-f44b-43d9-b733-6f9667bbd6c9@group-08147416B334-FollowerState: change to CANDIDATE, lastRpcTime:84ms, electionTimeout:84ms
2019-10-28 11:44:57,072 [Thread-2391] INFO  impl.RoleInfo (RoleInfo.java:shutdownFollowerState(121)) - 24830d12-f44b-43d9-b733-6f9667bbd6c9: shutdown FollowerState
2019-10-28 11:44:57,072 [Thread-2391] INFO  impl.RaftServerImpl (RaftServerImpl.java:setRole(184)) - 24830d12-f44b-43d9-b733-6f9667bbd6c9@group-08147416B334: changes role from  FOLLOWER to CANDIDATE at term 133 for changeToCandidate
2019-10-28 11:44:57,072 [Thread-2391] INFO  impl.RoleInfo (RoleInfo.java:updateAndGet(143)) - 24830d12-f44b-43d9-b733-6f9667bbd6c9: start LeaderElection
2019-10-28 11:44:57,098 [24830d12-f44b-43d9-b733-6f9667bbd6c9@group-08147416B334-LeaderElection157] INFO  impl.LeaderElection (LeaderElection.java:askForVotes(178)) - 24830d12-f44b-43d9-b733-6f9667bbd6c9@group-08147416B334-LeaderElection157: begin an election at term 134 for -1: [24830d12-f44b-43d9-b733-6f9667bbd6c9:192.168.164.193:40613, 75159f97-af2c-48a6-bb8f-f5acb2145c35:192.168.164.193:42423, ce71e9bc-e571-4e52-8a73-1c9dce7b9fa7:192.168.164.193:36234], old=null
2019-10-28 11:44:57,100 [grpc-default-executor-0] INFO  impl.RaftServerImpl (RaftServerImpl.java:setRole(184)) - 75159f97-af2c-48a6-bb8f-f5acb2145c35@group-08147416B334: changes role from  FOLLOWER to FOLLOWER at term 134 for recognizeCandidate:24830d12-f44b-43d9-b733-6f9667bbd6c9
2019-10-28 11:44:57,100 [grpc-default-executor-8] INFO  impl.RaftServerImpl (RaftServerImpl.java:setRole(184)) - ce71e9bc-e571-4e52-8a73-1c9dce7b9fa7@group-08147416B334: changes role from  FOLLOWER to FOLLOWER at term 134 for recognizeCandidate:24830d12-f44b-43d9-b733-6f9667bbd6c9
2019-10-28 11:44:57,101 [grpc-default-executor-0] INFO  impl.RoleInfo (RoleInfo.java:shutdownFollowerState(121)) - 75159f97-af2c-48a6-bb8f-f5acb2145c35: shutdown FollowerState
2019-10-28 11:44:57,101 [grpc-default-executor-8] INFO  impl.RoleInfo (RoleInfo.java:shutdownFollowerState(121)) - ce71e9bc-e571-4e52-8a73-1c9dce7b9fa7: shutdown FollowerState
2019-10-28 11:44:57,101 [Thread-2389] INFO  impl.FollowerState (FollowerState.java:run(117)) - 75159f97-af2c-48a6-bb8f-f5acb2145c35@group-08147416B334-FollowerState was interrupted: java.lang.InterruptedException: sleep interrupted
2019-10-28 11:44:57,101 [Thread-2390] INFO  impl.FollowerState (FollowerState.java:run(117)) - ce71e9bc-e571-4e52-8a73-1c9dce7b9fa7@group-08147416B334-FollowerState was interrupted: java.lang.InterruptedException: sleep interrupted
2019-10-28 11:44:57,101 [grpc-default-executor-0] INFO  impl.RoleInfo (RoleInfo.java:updateAndGet(143)) - 75159f97-af2c-48a6-bb8f-f5acb2145c35: start FollowerState
2019-10-28 11:44:57,101 [grpc-default-executor-8] INFO  impl.RoleInfo (RoleInfo.java:updateAndGet(143)) - ce71e9bc-e571-4e52-8a73-1c9dce7b9fa7: start FollowerState
2019-10-28 11:44:57,115 [24830d12-f44b-43d9-b733-6f9667bbd6c9@group-08147416B334-LeaderElection157] INFO  impl.LeaderElection (LeaderElection.java:logAndReturn(56)) - 24830d12-f44b-43d9-b733-6f9667bbd6c9@group-08147416B334-LeaderElection157: Election REJECTED; received 2 response(s) [24830d12-f44b-43d9-b733-6f9667bbd6c9<-75159f97-af2c-48a6-bb8f-f5acb2145c35#0:FAIL-t134, 24830d12-f44b-43d9-b733-6f9667bbd6c9<-ce71e9bc-e571-4e52-8a73-1c9dce7b9fa7#0:FAIL-t134] and 0 exception(s); 24830d12-f44b-43d9-b733-6f9667bbd6c9@group-08147416B334:t134, leader=null, voted=24830d12-f44b-43d9-b733-6f9667bbd6c9, raftlog=24830d12-f44b-43d9-b733-6f9667bbd6c9@group-08147416B334-SegmentedRaftLog:OPENED:c-1,f-1,i0, conf=-1: [24830d12-f44b-43d9-b733-6f9667bbd6c9:192.168.164.193:40613, 75159f97-af2c-48a6-bb8f-f5acb2145c35:192.168.164.193:42423, ce71e9bc-e571-4e52-8a73-1c9dce7b9fa7:192.168.164.193:36234], old=null
2019-10-28 11:44:57,116 [24830d12-f44b-43d9-b733-6f9667bbd6c9@group-08147416B334-LeaderElection157] INFO  impl.RaftServerImpl (RaftServerImpl.java:setRole(184)) - 24830d12-f44b-43d9-b733-6f9667bbd6c9@group-08147416B334: changes role from CANDIDATE to FOLLOWER at term 134 for DISCOVERED_A_NEW_TERM
2019-10-28 11:44:57,116 [24830d12-f44b-43d9-b733-6f9667bbd6c9@group-08147416B334-LeaderElection157] INFO  impl.RoleInfo (RoleInfo.java:shutdownLeaderElection(134)) - 24830d12-f44b-43d9-b733-6f9667bbd6c9: shutdown LeaderElection
2019-10-28 11:44:57,116 [24830d12-f44b-43d9-b733-6f9667bbd6c9@group-08147416B334-LeaderElection157] INFO  impl.RoleInfo (RoleInfo.java:updateAndGet(143)) - 24830d12-f44b-43d9-b733-6f9667bbd6c9: start FollowerState
2019-10-28 11:44:57,154 [Thread-2397] INFO  impl.FollowerState (FollowerState.java:run(108)) - 24830d12-f44b-43d9-b733-6f9667bbd6c9@group-08147416B334-FollowerState: change to CANDIDATE, lastRpcTime:38ms, electionTimeout:38ms
2019-10-28 11:44:57,154 [Thread-2397] INFO  impl.RoleInfo (RoleInfo.java:shutdownFollowerState(121)) - 24830d12-f44b-43d9-b733-6f9667bbd6c9: shutdown FollowerState
2019-10-28 11:44:57,154 [Thread-2397] INFO  impl.RaftServerImpl (RaftServerImpl.java:setRole(184)) - 24830d12-f44b-43d9-b733-6f9667bbd6c9@group-08147416B334: changes role from  FOLLOWER to CANDIDATE at term 134 for changeToCandidate
2019-10-28 11:44:57,155 [Thread-2397] INFO  impl.RoleInfo (RoleInfo.java:updateAndGet(143)) - 24830d12-f44b-43d9-b733-6f9667bbd6c9: start LeaderElection
2019-10-28 11:44:57,168 [24830d12-f44b-43d9-b733-6f9667bbd6c9@group-08147416B334-LeaderElection158] INFO  impl.LeaderElection (LeaderElection.java:askForVotes(178)) - 24830d12-f44b-43d9-b733-6f9667bbd6c9@group-08147416B334-LeaderElection158: begin an election at term 135 for -1: [24830d12-f44b-43d9-b733-6f9667bbd6c9:192.168.164.193:40613, 75159f97-af2c-48a6-bb8f-f5acb2145c35:192.168.164.193:42423, ce71e9bc-e571-4e52-8a73-1c9dce7b9fa7:192.168.164.193:36234], old=null
2019-10-28 11:44:57,169 [grpc-default-executor-0] INFO  impl.RaftServerImpl (RaftServerImpl.java:setRole(184)) - 75159f97-af2c-48a6-bb8f-f5acb2145c35@group-08147416B334: changes role from  FOLLOWER to FOLLOWER at term 135 for recognizeCandidate:24830d12-f44b-43d9-b733-6f9667bbd6c9
2019-10-28 11:44:57,169 [grpc-default-executor-0] INFO  impl.RoleInfo (RoleInfo.java:shutdownFollowerState(121)) - 75159f97-af2c-48a6-bb8f-f5acb2145c35: shutdown FollowerState
2019-10-28 11:44:57,169 [grpc-default-executor-8] INFO  impl.RaftServerImpl (RaftServerImpl.java:setRole(184)) - ce71e9bc-e571-4e52-8a73-1c9dce7b9fa7@group-08147416B334: changes role from  FOLLOWER to FOLLOWER at term 135 for recognizeCandidate:24830d12-f44b-43d9-b733-6f9667bbd6c9
2019-10-28 11:44:57,170 [grpc-default-executor-8] INFO  impl.RoleInfo (RoleInfo.java:shutdownFollowerState(121)) - ce71e9bc-e571-4e52-8a73-1c9dce7b9fa7: shutdown FollowerState
2019-10-28 11:44:57,170 [Thread-2395] INFO  impl.FollowerState (FollowerState.java:run(117)) - 75159f97-af2c-48a6-bb8f-f5acb2145c35@group-08147416B334-FollowerState was interrupted: java.lang.InterruptedException: sleep interrupted
2019-10-28 11:44:57,170 [grpc-default-executor-0] INFO  impl.RoleInfo (RoleInfo.java:updateAndGet(143)) - 75159f97-af2c-48a6-bb8f-f5acb2145c35: start FollowerState
2019-10-28 11:44:57,170 [Thread-2396] INFO  impl.FollowerState (FollowerState.java:run(117)) - ce71e9bc-e571-4e52-8a73-1c9dce7b9fa7@group-08147416B334-FollowerState was interrupted: java.lang.InterruptedException: sleep interrupted
2019-10-28 11:44:57,170 [grpc-default-executor-8] INFO  impl.RoleInfo (RoleInfo.java:updateAndGet(143)) - ce71e9bc-e571-4e52-8a73-1c9dce7b9fa7: start FollowerState
2019-10-28 11:44:57,184 [24830d12-f44b-43d9-b733-6f9667bbd6c9@group-08147416B334-LeaderElection158] INFO  impl.LeaderElection (LeaderElection.java:logAndReturn(56)) - 24830d12-f44b-43d9-b733-6f9667bbd6c9@group-08147416B334-LeaderElection158: Election REJECTED; received 2 response(s) [24830d12-f44b-43d9-b733-6f9667bbd6c9<-75159f97-af2c-48a6-bb8f-f5acb2145c35#0:FAIL-t135, 24830d12-f44b-43d9-b733-6f9667bbd6c9<-ce71e9bc-e571-4e52-8a73-1c9dce7b9fa7#0:FAIL-t135] and 0 exception(s); 24830d12-f44b-43d9-b733-6f9667bbd6c9@group-08147416B334:t135, leader=null, voted=24830d12-f44b-43d9-b733-6f9667bbd6c9, raftlog=24830d12-f44b-43d9-b733-6f9667bbd6c9@group-08147416B334-SegmentedRaftLog:OPENED:c-1,f-1,i0, conf=-1: [24830d12-f44b-43d9-b733-6f9667bbd6c9:192.168.164.193:40613, 75159f97-af2c-48a6-bb8f-f5acb2145c35:192.168.164.193:42423, ce71e9bc-e571-4e52-8a73-1c9dce7b9fa7:192.168.164.193:36234], old=null
2019-10-28 11:44:57,184 [24830d12-f44b-43d9-b733-6f9667bbd6c9@group-08147416B334-LeaderElection158] INFO  impl.RaftServerImpl (RaftServerImpl.java:setRole(184)) - 24830d12-f44b-43d9-b733-6f9667bbd6c9@group-08147416B334: changes role from CANDIDATE to FOLLOWER at term 135 for DISCOVERED_A_NEW_TERM
2019-10-28 11:44:57,184 [24830d12-f44b-43d9-b733-6f9667bbd6c9@group-08147416B334-LeaderElection158] INFO  impl.RoleInfo (RoleInfo.java:shutdownLeaderElection(134)) - 24830d12-f44b-43d9-b733-6f9667bbd6c9: shutdown LeaderElection
2019-10-28 11:44:57,184 [24830d12-f44b-43d9-b733-6f9667bbd6c9@group-08147416B334-LeaderElection158] INFO  impl.RoleInfo (RoleInfo.java:updateAndGet(143)) - 24830d12-f44b-43d9-b733-6f9667bbd6c9: start FollowerState
2019-10-28 11:44:57,218 [Thread-2405] INFO  impl.FollowerState (FollowerState.java:run(108)) - 24830d12-f44b-43d9-b733-6f9667bbd6c9@group-08147416B334-FollowerState: change to CANDIDATE, lastRpcTime:33ms, electionTimeout:33ms
2019-10-28 11:44:57,218 [Thread-2405] INFO  impl.RoleInfo (RoleInfo.java:shutdownFollowerState(121)) - 24830d12-f44b-43d9-b733-6f9667bbd6c9: shutdown FollowerState
2019-10-28 11:44:57,218 [Thread-2405] INFO  impl.RaftServerImpl (RaftServerImpl.java:setRole(184)) - 24830d12-f44b-43d9-b733-6f9667bbd6c9@group-08147416B334: changes role from  FOLLOWER to CANDIDATE at term 135 for changeToCandidate
2019-10-28 11:44:57,218 [Thread-2405] INFO  impl.RoleInfo (RoleInfo.java:updateAndGet(143)) - 24830d12-f44b-43d9-b733-6f9667bbd6c9: start LeaderElection
2019-10-28 11:44:57,231 [24830d12-f44b-43d9-b733-6f9667bbd6c9@group-08147416B334-LeaderElection159] INFO  impl.LeaderElection (LeaderElection.java:askForVotes(178)) - 24830d12-f44b-43d9-b733-6f9667bbd6c9@group-08147416B334-LeaderElection159: begin an election at term 136 for -1: [24830d12-f44b-43d9-b733-6f9667bbd6c9:192.168.164.193:40613, 75159f97-af2c-48a6-bb8f-f5acb2145c35:192.168.164.193:42423, ce71e9bc-e571-4e52-8a73-1c9dce7b9fa7:192.168.164.193:36234], old=null
2019-10-28 11:44:57,232 [grpc-default-executor-0] INFO  impl.RaftServerImpl (RaftServerImpl.java:setRole(184)) - 75159f97-af2c-48a6-bb8f-f5acb2145c35@group-08147416B334: changes role from  FOLLOWER to FOLLOWER at term 136 for recognizeCandidate:24830d12-f44b-43d9-b733-6f9667bbd6c9
2019-10-28 11:44:57,232 [grpc-default-executor-8] INFO  impl.RaftServerImpl (RaftServerImpl.java:setRole(184)) - ce71e9bc-e571-4e52-8a73-1c9dce7b9fa7@group-08147416B334: changes role from  FOLLOWER to FOLLOWER at term 136 for recognizeCandidate:24830d12-f44b-43d9-b733-6f9667bbd6c9
2019-10-28 11:44:57,233 [grpc-default-executor-0] INFO  impl.RoleInfo (RoleInfo.java:shutdownFollowerState(121)) - 75159f97-af2c-48a6-bb8f-f5acb2145c35: shutdown FollowerState
2019-10-28 11:44:57,233 [grpc-default-executor-8] INFO  impl.RoleInfo (RoleInfo.java:shutdownFollowerState(121)) - ce71e9bc-e571-4e52-8a73-1c9dce7b9fa7: shutdown FollowerState
2019-10-28 11:44:57,233 [Thread-2403] INFO  impl.FollowerState (FollowerState.java:run(117)) - 75159f97-af2c-48a6-bb8f-f5acb2145c35@group-08147416B334-FollowerState was interrupted: java.lang.InterruptedException: sleep interrupted
2019-10-28 11:44:57,233 [grpc-default-executor-0] INFO  impl.RoleInfo (RoleInfo.java:updateAndGet(143)) - 75159f97-af2c-48a6-bb8f-f5acb2145c35: start FollowerState
2019-10-28 11:44:57,233 [Thread-2404] INFO  impl.FollowerState (FollowerState.java:run(117)) - ce71e9bc-e571-4e52-8a73-1c9dce7b9fa7@group-08147416B334-FollowerState was interrupted: java.lang.InterruptedException: sleep interrupted
2019-10-28 11:44:57,233 [grpc-default-executor-8] INFO  impl.RoleInfo (RoleInfo.java:updateAndGet(143)) - ce71e9bc-e571-4e52-8a73-1c9dce7b9fa7: start FollowerState
2019-10-28 11:44:57,250 [24830d12-f44b-43d9-b733-6f9667bbd6c9@group-08147416B334-LeaderElection159] INFO  impl.LeaderElection (LeaderElection.java:logAndReturn(56)) - 24830d12-f44b-43d9-b733-6f9667bbd6c9@group-08147416B334-LeaderElection159: Election TIMEOUT; received 0 response(s) [] and 0 exception(s); 24830d12-f44b-43d9-b733-6f9667bbd6c9@group-08147416B334:t136, leader=null, voted=24830d12-f44b-43d9-b733-6f9667bbd6c9, raftlog=24830d12-f44b-43d9-b733-6f9667bbd6c9@group-08147416B334-SegmentedRaftLog:OPENED:c-1,f-1,i0, conf=-1: [24830d12-f44b-43d9-b733-6f9667bbd6c9:192.168.164.193:40613, 75159f97-af2c-48a6-bb8f-f5acb2145c35:192.168.164.193:42423, ce71e9bc-e571-4e52-8a73-1c9dce7b9fa7:192.168.164.193:36234], old=null
2019-10-28 11:44:57,274 [24830d12-f44b-43d9-b733-6f9667bbd6c9@group-08147416B334-LeaderElection159] INFO  impl.LeaderElection (LeaderElection.java:askForVotes(178)) - 24830d12-f44b-43d9-b733-6f9667bbd6c9@group-08147416B334-LeaderElection159: begin an election at term 137 for -1: [24830d12-f44b-43d9-b733-6f9667bbd6c9:192.168.164.193:40613, 75159f97-af2c-48a6-bb8f-f5acb2145c35:192.168.164.193:42423, ce71e9bc-e571-4e52-8a73-1c9dce7b9fa7:192.168.164.193:36234], old=null
2019-10-28 11:44:57,275 [grpc-default-executor-8] INFO  impl.RaftServerImpl (RaftServerImpl.java:setRole(184)) - ce71e9bc-e571-4e52-8a73-1c9dce7b9fa7@group-08147416B334: changes role from  FOLLOWER to FOLLOWER at term 137 for recognizeCandidate:24830d12-f44b-43d9-b733-6f9667bbd6c9
2019-10-28 11:44:57,275 [grpc-default-executor-0] INFO  impl.RaftServerImpl (RaftServerImpl.java:setRole(184)) - 75159f97-af2c-48a6-bb8f-f5acb2145c35@group-08147416B334: changes role from  FOLLOWER to FOLLOWER at term 137 for recognizeCandidate:24830d12-f44b-43d9-b733-6f9667bbd6c9
2019-10-28 11:44:57,276 [grpc-default-executor-8] INFO  impl.RoleInfo (RoleInfo.java:shutdownFollowerState(121)) - ce71e9bc-e571-4e52-8a73-1c9dce7b9fa7: shutdown FollowerState
2019-10-28 11:44:57,276 [grpc-default-executor-0] INFO  impl.RoleInfo (RoleInfo.java:shutdownFollowerState(121)) - 75159f97-af2c-48a6-bb8f-f5acb2145c35: shutdown FollowerState
2019-10-28 11:44:57,276 [Thread-2410] INFO  impl.FollowerState (FollowerState.java:run(117)) - ce71e9bc-e571-4e52-8a73-1c9dce7b9fa7@group-08147416B334-FollowerState was interrupted: java.lang.InterruptedException: sleep interrupted
2019-10-28 11:44:57,276 [Thread-2409] INFO  impl.FollowerState (FollowerState.java:run(117)) - 75159f97-af2c-48a6-bb8f-f5acb2145c35@group-08147416B334-FollowerState was interrupted: java.lang.InterruptedException: sleep interrupted
2019-10-28 11:44:57,276 [grpc-default-executor-8] INFO  impl.RoleInfo (RoleInfo.java:updateAndGet(143)) - ce71e9bc-e571-4e52-8a73-1c9dce7b9fa7: start FollowerState
2019-10-28 11:44:57,276 [grpc-default-executor-0] INFO  impl.RoleInfo (RoleInfo.java:updateAndGet(143)) - 75159f97-af2c-48a6-bb8f-f5acb2145c35: start FollowerState
2019-10-28 11:44:57,292 [24830d12-f44b-43d9-b733-6f9667bbd6c9@group-08147416B334-LeaderElection159] INFO  impl.LeaderElection (LeaderElection.java:logAndReturn(56)) - 24830d12-f44b-43d9-b733-6f9667bbd6c9@group-08147416B334-LeaderElection159: Election REJECTED; received 2 response(s) [24830d12-f44b-43d9-b733-6f9667bbd6c9<-75159f97-af2c-48a6-bb8f-f5acb2145c35#0:FAIL-t137, 24830d12-f44b-43d9-b733-6f9667bbd6c9<-ce71e9bc-e571-4e52-8a73-1c9dce7b9fa7#0:FAIL-t137] and 0 exception(s); 24830d12-f44b-43d9-b733-6f9667bbd6c9@group-08147416B334:t137, leader=null, voted=24830d12-f44b-43d9-b733-6f9667bbd6c9, raftlog=24830d12-f44b-43d9-b733-6f9667bbd6c9@group-08147416B334-SegmentedRaftLog:OPENED:c-1,f-1,i0, conf=-1: [24830d12-f44b-43d9-b733-6f9667bbd6c9:192.168.164.193:40613, 75159f97-af2c-48a6-bb8f-f5acb2145c35:192.168.164.193:42423, ce71e9bc-e571-4e52-8a73-1c9dce7b9fa7:192.168.164.193:36234], old=null
2019-10-28 11:44:57,292 [24830d12-f44b-43d9-b733-6f9667bbd6c9@group-08147416B334-LeaderElection159] INFO  impl.RaftServerImpl (RaftServerImpl.java:setRole(184)) - 24830d12-f44b-43d9-b733-6f9667bbd6c9@group-08147416B334: changes role from CANDIDATE to FOLLOWER at term 137 for DISCOVERED_A_NEW_TERM
2019-10-28 11:44:57,292 [24830d12-f44b-43d9-b733-6f9667bbd6c9@group-08147416B334-LeaderElection159] INFO  impl.RoleInfo (RoleInfo.java:shutdownLeaderElection(134)) - 24830d12-f44b-43d9-b733-6f9667bbd6c9: shutdown LeaderElection
2019-10-28 11:44:57,292 [24830d12-f44b-43d9-b733-6f9667bbd6c9@group-08147416B334-LeaderElection159] INFO  impl.RoleInfo (RoleInfo.java:updateAndGet(143)) - 24830d12-f44b-43d9-b733-6f9667bbd6c9: start FollowerState
2019-10-28 11:44:57,490 [Thread-2415] INFO  impl.FollowerState (FollowerState.java:run(108)) - 24830d12-f44b-43d9-b733-6f9667bbd6c9@group-08147416B334-FollowerState: change to CANDIDATE, lastRpcTime:198ms, electionTimeout:198ms
2019-10-28 11:44:57,491 [Thread-2415] INFO  impl.RoleInfo (RoleInfo.java:shutdownFollowerState(121)) - 24830d12-f44b-43d9-b733-6f9667bbd6c9: shutdown FollowerState
2019-10-28 11:44:57,491 [Thread-2415] INFO  impl.RaftServerImpl (RaftServerImpl.java:setRole(184)) - 24830d12-f44b-43d9-b733-6f9667bbd6c9@group-08147416B334: changes role from  FOLLOWER to CANDIDATE at term 137 for changeToCandidate
2019-10-28 11:44:57,491 [Thread-2415] INFO  impl.RoleInfo (RoleInfo.java:updateAndGet(143)) - 24830d12-f44b-43d9-b733-6f9667bbd6c9: start LeaderElection
2019-10-28 11:44:57,513 [24830d12-f44b-43d9-b733-6f9667bbd6c9@group-08147416B334-LeaderElection160] INFO  impl.LeaderElection (LeaderElection.java:askForVotes(178)) - 24830d12-f44b-43d9-b733-6f9667bbd6c9@group-08147416B334-LeaderElection160: begin an election at term 138 for -1: [24830d12-f44b-43d9-b733-6f9667bbd6c9:192.168.164.193:40613, 75159f97-af2c-48a6-bb8f-f5acb2145c35:192.168.164.193:42423, ce71e9bc-e571-4e52-8a73-1c9dce7b9fa7:192.168.164.193:36234], old=null
2019-10-28 11:44:57,515 [grpc-default-executor-8] INFO  impl.RaftServerImpl (RaftServerImpl.java:setRole(184)) - ce71e9bc-e571-4e52-8a73-1c9dce7b9fa7@group-08147416B334: changes role from  FOLLOWER to FOLLOWER at term 138 for recognizeCandidate:24830d12-f44b-43d9-b733-6f9667bbd6c9
2019-10-28 11:44:57,515 [grpc-default-executor-0] INFO  impl.RaftServerImpl (RaftServerImpl.java:setRole(184)) - 75159f97-af2c-48a6-bb8f-f5acb2145c35@group-08147416B334: changes role from  FOLLOWER to FOLLOWER at term 138 for recognizeCandidate:24830d12-f44b-43d9-b733-6f9667bbd6c9
2019-10-28 11:44:57,515 [grpc-default-executor-8] INFO  impl.RoleInfo (RoleInfo.java:shutdownFollowerState(121)) - ce71e9bc-e571-4e52-8a73-1c9dce7b9fa7: shutdown FollowerState
2019-10-28 11:44:57,515 [grpc-default-executor-0] INFO  impl.RoleInfo (RoleInfo.java:shutdownFollowerState(121)) - 75159f97-af2c-48a6-bb8f-f5acb2145c35: shutdown FollowerState
2019-10-28 11:44:57,516 [Thread-2413] INFO  impl.FollowerState (FollowerState.java:run(117)) - ce71e9bc-e571-4e52-8a73-1c9dce7b9fa7@group-08147416B334-FollowerState was interrupted: java.lang.InterruptedException: sleep interrupted
2019-10-28 11:44:57,516 [grpc-default-executor-8] INFO  impl.RoleInfo (RoleInfo.java:updateAndGet(143)) - ce71e9bc-e571-4e52-8a73-1c9dce7b9fa7: start FollowerState
2019-10-28 11:44:57,516 [Thread-2414] INFO  impl.FollowerState (FollowerState.java:run(117)) - 75159f97-af2c-48a6-bb8f-f5acb2145c35@group-08147416B334-FollowerState was interrupted: java.lang.InterruptedException: sleep interrupted
2019-10-28 11:44:57,516 [grpc-default-executor-0] INFO  impl.RoleInfo (RoleInfo.java:updateAndGet(143)) - 75159f97-af2c-48a6-bb8f-f5acb2145c35: start FollowerState
2019-10-28 11:44:57,531 [24830d12-f44b-43d9-b733-6f9667bbd6c9@group-08147416B334-LeaderElection160] INFO  impl.LeaderElection (LeaderElection.java:logAndReturn(56)) - 24830d12-f44b-43d9-b733-6f9667bbd6c9@group-08147416B334-LeaderElection160: Election REJECTED; received 2 response(s) [24830d12-f44b-43d9-b733-6f9667bbd6c9<-75159f97-af2c-48a6-bb8f-f5acb2145c35#0:FAIL-t138, 24830d12-f44b-43d9-b733-6f9667bbd6c9<-ce71e9bc-e571-4e52-8a73-1c9dce7b9fa7#0:FAIL-t138] and 0 exception(s); 24830d12-f44b-43d9-b733-6f9667bbd6c9@group-08147416B334:t138, leader=null, voted=24830d12-f44b-43d9-b733-6f9667bbd6c9, raftlog=24830d12-f44b-43d9-b733-6f9667bbd6c9@group-08147416B334-SegmentedRaftLog:OPENED:c-1,f-1,i0, conf=-1: [24830d12-f44b-43d9-b733-6f9667bbd6c9:192.168.164.193:40613, 75159f97-af2c-48a6-bb8f-f5acb2145c35:192.168.164.193:42423, ce71e9bc-e571-4e52-8a73-1c9dce7b9fa7:192.168.164.193:36234], old=null
2019-10-28 11:44:57,531 [24830d12-f44b-43d9-b733-6f9667bbd6c9@group-08147416B334-LeaderElection160] INFO  impl.RaftServerImpl (RaftServerImpl.java:setRole(184)) - 24830d12-f44b-43d9-b733-6f9667bbd6c9@group-08147416B334: changes role from CANDIDATE to FOLLOWER at term 138 for DISCOVERED_A_NEW_TERM
2019-10-28 11:44:57,531 [24830d12-f44b-43d9-b733-6f9667bbd6c9@group-08147416B334-LeaderElection160] INFO  impl.RoleInfo (RoleInfo.java:shutdownLeaderElection(134)) - 24830d12-f44b-43d9-b733-6f9667bbd6c9: shutdown LeaderElection
2019-10-28 11:44:57,531 [24830d12-f44b-43d9-b733-6f9667bbd6c9@group-08147416B334-LeaderElection160] INFO  impl.RoleInfo (RoleInfo.java:updateAndGet(143)) - 24830d12-f44b-43d9-b733-6f9667bbd6c9: start FollowerState
2019-10-28 11:44:57,645 [Thread-2423] INFO  impl.FollowerState (FollowerState.java:run(108)) - 24830d12-f44b-43d9-b733-6f9667bbd6c9@group-08147416B334-FollowerState: change to CANDIDATE, lastRpcTime:113ms, electionTimeout:113ms
2019-10-28 11:44:57,645 [Thread-2423] INFO  impl.RoleInfo (RoleInfo.java:shutdownFollowerState(121)) - 24830d12-f44b-43d9-b733-6f9667bbd6c9: shutdown FollowerState
2019-10-28 11:44:57,645 [Thread-2423] INFO  impl.RaftServerImpl (RaftServerImpl.java:setRole(184)) - 24830d12-f44b-43d9-b733-6f9667bbd6c9@group-08147416B334: changes role from  FOLLOWER to CANDIDATE at term 138 for changeToCandidate
2019-10-28 11:44:57,645 [Thread-2423] INFO  impl.RoleInfo (RoleInfo.java:updateAndGet(143)) - 24830d12-f44b-43d9-b733-6f9667bbd6c9: start LeaderElection
2019-10-28 11:44:57,669 [24830d12-f44b-43d9-b733-6f9667bbd6c9@group-08147416B334-LeaderElection161] INFO  impl.LeaderElection (LeaderElection.java:askForVotes(178)) - 24830d12-f44b-43d9-b733-6f9667bbd6c9@group-08147416B334-LeaderElection161: begin an election at term 139 for -1: [24830d12-f44b-43d9-b733-6f9667bbd6c9:192.168.164.193:40613, 75159f97-af2c-48a6-bb8f-f5acb2145c35:192.168.164.193:42423, ce71e9bc-e571-4e52-8a73-1c9dce7b9fa7:192.168.164.193:36234], old=null
2019-10-28 11:44:57,671 [grpc-default-executor-0] INFO  impl.RaftServerImpl (RaftServerImpl.java:setRole(184)) - 75159f97-af2c-48a6-bb8f-f5acb2145c35@group-08147416B334: changes role from  FOLLOWER to FOLLOWER at term 139 for recognizeCandidate:24830d12-f44b-43d9-b733-6f9667bbd6c9
2019-10-28 11:44:57,671 [grpc-default-executor-8] INFO  impl.RaftServerImpl (RaftServerImpl.java:setRole(184)) - ce71e9bc-e571-4e52-8a73-1c9dce7b9fa7@group-08147416B334: changes role from  FOLLOWER to FOLLOWER at term 139 for recognizeCandidate:24830d12-f44b-43d9-b733-6f9667bbd6c9
2019-10-28 11:44:57,671 [grpc-default-executor-0] INFO  impl.RoleInfo (RoleInfo.java:shutdownFollowerState(121)) - 75159f97-af2c-48a6-bb8f-f5acb2145c35: shutdown FollowerState
2019-10-28 11:44:57,672 [grpc-default-executor-8] INFO  impl.RoleInfo (RoleInfo.java:shutdownFollowerState(121)) - ce71e9bc-e571-4e52-8a73-1c9dce7b9fa7: shutdown FollowerState
2019-10-28 11:44:57,672 [Thread-2422] INFO  impl.FollowerState (FollowerState.java:run(117)) - 75159f97-af2c-48a6-bb8f-f5acb2145c35@group-08147416B334-FollowerState was interrupted: java.lang.InterruptedException: sleep interrupted
2019-10-28 11:44:57,672 [grpc-default-executor-0] INFO  impl.RoleInfo (RoleInfo.java:updateAndGet(143)) - 75159f97-af2c-48a6-bb8f-f5acb2145c35: start FollowerState
2019-10-28 11:44:57,672 [Thread-2421] INFO  impl.FollowerState (FollowerState.java:run(117)) - ce71e9bc-e571-4e52-8a73-1c9dce7b9fa7@group-08147416B334-FollowerState was interrupted: java.lang.InterruptedException: sleep interrupted
2019-10-28 11:44:57,672 [grpc-default-executor-8] INFO  impl.RoleInfo (RoleInfo.java:updateAndGet(143)) - ce71e9bc-e571-4e52-8a73-1c9dce7b9fa7: start FollowerState
2019-10-28 11:44:57,675 [24830d12-f44b-43d9-b733-6f9667bbd6c9@group-08147416B334-LeaderElection161] INFO  impl.LeaderElection (LeaderElection.java:logAndReturn(56)) - 24830d12-f44b-43d9-b733-6f9667bbd6c9@group-08147416B334-LeaderElection161: Election TIMEOUT; received 0 response(s) [] and 0 exception(s); 24830d12-f44b-43d9-b733-6f9667bbd6c9@group-08147416B334:t139, leader=null, voted=24830d12-f44b-43d9-b733-6f9667bbd6c9, raftlog=24830d12-f44b-43d9-b733-6f9667bbd6c9@group-08147416B334-SegmentedRaftLog:OPENED:c-1,f-1,i0, conf=-1: [24830d12-f44b-43d9-b733-6f9667bbd6c9:192.168.164.193:40613, 75159f97-af2c-48a6-bb8f-f5acb2145c35:192.168.164.193:42423, ce71e9bc-e571-4e52-8a73-1c9dce7b9fa7:192.168.164.193:36234], old=null
2019-10-28 11:44:57,686 [24830d12-f44b-43d9-b733-6f9667bbd6c9@group-08147416B334-LeaderElection161] INFO  impl.LeaderElection (LeaderElection.java:askForVotes(178)) - 24830d12-f44b-43d9-b733-6f9667bbd6c9@group-08147416B334-LeaderElection161: begin an election at term 140 for -1: [24830d12-f44b-43d9-b733-6f9667bbd6c9:192.168.164.193:40613, 75159f97-af2c-48a6-bb8f-f5acb2145c35:192.168.164.193:42423, ce71e9bc-e571-4e52-8a73-1c9dce7b9fa7:192.168.164.193:36234], old=null
2019-10-28 11:44:57,687 [grpc-default-executor-0] INFO  impl.RaftServerImpl (RaftServerImpl.java:setRole(184)) - 75159f97-af2c-48a6-bb8f-f5acb2145c35@group-08147416B334: changes role from  FOLLOWER to FOLLOWER at term 140 for recognizeCandidate:24830d12-f44b-43d9-b733-6f9667bbd6c9
2019-10-28 11:44:57,687 [grpc-default-executor-0] INFO  impl.RoleInfo (RoleInfo.java:shutdownFollowerState(121)) - 75159f97-af2c-48a6-bb8f-f5acb2145c35: shutdown FollowerState
2019-10-28 11:44:57,687 [grpc-default-executor-8] INFO  impl.RaftServerImpl (RaftServerImpl.java:setRole(184)) - ce71e9bc-e571-4e52-8a73-1c9dce7b9fa7@group-08147416B334: changes role from  FOLLOWER to FOLLOWER at term 140 for recognizeCandidate:24830d12-f44b-43d9-b733-6f9667bbd6c9
2019-10-28 11:44:57,687 [Thread-2429] INFO  impl.FollowerState (FollowerState.java:run(117)) - 75159f97-af2c-48a6-bb8f-f5acb2145c35@group-08147416B334-FollowerState was interrupted: java.lang.InterruptedException: sleep interrupted
2019-10-28 11:44:57,687 [grpc-default-executor-0] INFO  impl.RoleInfo (RoleInfo.java:updateAndGet(143)) - 75159f97-af2c-48a6-bb8f-f5acb2145c35: start FollowerState
2019-10-28 11:44:57,687 [grpc-default-executor-8] INFO  impl.RoleInfo (RoleInfo.java:shutdownFollowerState(121)) - ce71e9bc-e571-4e52-8a73-1c9dce7b9fa7: shutdown FollowerState
2019-10-28 11:44:57,688 [grpc-default-executor-8] INFO  impl.RoleInfo (RoleInfo.java:updateAndGet(143)) - ce71e9bc-e571-4e52-8a73-1c9dce7b9fa7: start FollowerState
2019-10-28 11:44:57,688 [Thread-2430] INFO  impl.FollowerState (FollowerState.java:run(117)) - ce71e9bc-e571-4e52-8a73-1c9dce7b9fa7@group-08147416B334-FollowerState was interrupted: java.lang.InterruptedException: sleep interrupted
2019-10-28 11:44:57,702 [24830d12-f44b-43d9-b733-6f9667bbd6c9@group-08147416B334-LeaderElection161] INFO  impl.LeaderElection (LeaderElection.java:logAndReturn(56)) - 24830d12-f44b-43d9-b733-6f9667bbd6c9@group-08147416B334-LeaderElection161: Election REJECTED; received 2 response(s) [24830d12-f44b-43d9-b733-6f9667bbd6c9<-75159f97-af2c-48a6-bb8f-f5acb2145c35#0:FAIL-t140, 24830d12-f44b-43d9-b733-6f9667bbd6c9<-ce71e9bc-e571-4e52-8a73-1c9dce7b9fa7#0:FAIL-t140] and 0 exception(s); 24830d12-f44b-43d9-b733-6f9667bbd6c9@group-08147416B334:t140, leader=null, voted=24830d12-f44b-43d9-b733-6f9667bbd6c9, raftlog=24830d12-f44b-43d9-b733-6f9667bbd6c9@group-08147416B334-SegmentedRaftLog:OPENED:c-1,f-1,i0, conf=-1: [24830d12-f44b-43d9-b733-6f9667bbd6c9:192.168.164.193:40613, 75159f97-af2c-48a6-bb8f-f5acb2145c35:192.168.164.193:42423, ce71e9bc-e571-4e52-8a73-1c9dce7b9fa7:192.168.164.193:36234], old=null
2019-10-28 11:44:57,702 [24830d12-f44b-43d9-b733-6f9667bbd6c9@group-08147416B334-LeaderElection161] INFO  impl.RaftServerImpl (RaftServerImpl.java:setRole(184)) - 24830d12-f44b-43d9-b733-6f9667bbd6c9@group-08147416B334: changes role from CANDIDATE to FOLLOWER at term 140 for DISCOVERED_A_NEW_TERM
2019-10-28 11:44:57,703 [24830d12-f44b-43d9-b733-6f9667bbd6c9@group-08147416B334-LeaderElection161] INFO  impl.RoleInfo (RoleInfo.java:shutdownLeaderElection(134)) - 24830d12-f44b-43d9-b733-6f9667bbd6c9: shutdown LeaderElection
2019-10-28 11:44:57,703 [24830d12-f44b-43d9-b733-6f9667bbd6c9@group-08147416B334-LeaderElection161] INFO  impl.RoleInfo (RoleInfo.java:updateAndGet(143)) - 24830d12-f44b-43d9-b733-6f9667bbd6c9: start FollowerState
2019-10-28 11:44:57,901 [Thread-2435] INFO  impl.FollowerState (FollowerState.java:run(108)) - 24830d12-f44b-43d9-b733-6f9667bbd6c9@group-08147416B334-FollowerState: change to CANDIDATE, lastRpcTime:198ms, electionTimeout:198ms
2019-10-28 11:44:57,902 [Thread-2435] INFO  impl.RoleInfo (RoleInfo.java:shutdownFollowerState(121)) - 24830d12-f44b-43d9-b733-6f9667bbd6c9: shutdown FollowerState
2019-10-28 11:44:57,902 [Thread-2435] INFO  impl.RaftServerImpl (RaftServerImpl.java:setRole(184)) - 24830d12-f44b-43d9-b733-6f9667bbd6c9@group-08147416B334: changes role from  FOLLOWER to CANDIDATE at term 140 for changeToCandidate
2019-10-28 11:44:57,902 [Thread-2435] INFO  impl.RoleInfo (RoleInfo.java:updateAndGet(143)) - 24830d12-f44b-43d9-b733-6f9667bbd6c9: start LeaderElection
2019-10-28 11:44:57,916 [24830d12-f44b-43d9-b733-6f9667bbd6c9@group-08147416B334-LeaderElection162] INFO  impl.LeaderElection (LeaderElection.java:askForVotes(178)) - 24830d12-f44b-43d9-b733-6f9667bbd6c9@group-08147416B334-LeaderElection162: begin an election at term 141 for -1: [24830d12-f44b-43d9-b733-6f9667bbd6c9:192.168.164.193:40613, 75159f97-af2c-48a6-bb8f-f5acb2145c35:192.168.164.193:42423, ce71e9bc-e571-4e52-8a73-1c9dce7b9fa7:192.168.164.193:36234], old=null
2019-10-28 11:44:57,920 [grpc-default-executor-8] INFO  impl.RaftServerImpl (RaftServerImpl.java:setRole(184)) - 75159f97-af2c-48a6-bb8f-f5acb2145c35@group-08147416B334: changes role from  FOLLOWER to FOLLOWER at term 141 for recognizeCandidate:24830d12-f44b-43d9-b733-6f9667bbd6c9
2019-10-28 11:44:57,920 [grpc-default-executor-8] INFO  impl.RoleInfo (RoleInfo.java:shutdownFollowerState(121)) - 75159f97-af2c-48a6-bb8f-f5acb2145c35: shutdown FollowerState
2019-10-28 11:44:57,920 [grpc-default-executor-0] INFO  impl.RaftServerImpl (RaftServerImpl.java:setRole(184)) - ce71e9bc-e571-4e52-8a73-1c9dce7b9fa7@group-08147416B334: changes role from  FOLLOWER to FOLLOWER at term 141 for recognizeCandidate:24830d12-f44b-43d9-b733-6f9667bbd6c9
2019-10-28 11:44:57,920 [grpc-default-executor-8] INFO  impl.RoleInfo (RoleInfo.java:updateAndGet(143)) - 75159f97-af2c-48a6-bb8f-f5acb2145c35: start FollowerState
2019-10-28 11:44:57,920 [Thread-2433] INFO  impl.FollowerState (FollowerState.java:run(117)) - 75159f97-af2c-48a6-bb8f-f5acb2145c35@group-08147416B334-FollowerState was interrupted: java.lang.InterruptedException: sleep interrupted
2019-10-28 11:44:57,920 [grpc-default-executor-0] INFO  impl.RoleInfo (RoleInfo.java:shutdownFollowerState(121)) - ce71e9bc-e571-4e52-8a73-1c9dce7b9fa7: shutdown FollowerState
2019-10-28 11:44:57,921 [grpc-default-executor-0] INFO  impl.RoleInfo (RoleInfo.java:updateAndGet(143)) - ce71e9bc-e571-4e52-8a73-1c9dce7b9fa7: start FollowerState
2019-10-28 11:44:57,921 [Thread-2434] INFO  impl.FollowerState (FollowerState.java:run(117)) - ce71e9bc-e571-4e52-8a73-1c9dce7b9fa7@group-08147416B334-FollowerState was interrupted: java.lang.InterruptedException: sleep interrupted
2019-10-28 11:44:57,935 [24830d12-f44b-43d9-b733-6f9667bbd6c9@group-08147416B334-LeaderElection162] INFO  impl.LeaderElection (LeaderElection.java:logAndReturn(56)) - 24830d12-f44b-43d9-b733-6f9667bbd6c9@group-08147416B334-LeaderElection162: Election REJECTED; received 2 response(s) [24830d12-f44b-43d9-b733-6f9667bbd6c9<-75159f97-af2c-48a6-bb8f-f5acb2145c35#0:FAIL-t141, 24830d12-f44b-43d9-b733-6f9667bbd6c9<-ce71e9bc-e571-4e52-8a73-1c9dce7b9fa7#0:FAIL-t141] and 0 exception(s); 24830d12-f44b-43d9-b733-6f9667bbd6c9@group-08147416B334:t141, leader=null, voted=24830d12-f44b-43d9-b733-6f9667bbd6c9, raftlog=24830d12-f44b-43d9-b733-6f9667bbd6c9@group-08147416B334-SegmentedRaftLog:OPENED:c-1,f-1,i0, conf=-1: [24830d12-f44b-43d9-b733-6f9667bbd6c9:192.168.164.193:40613, 75159f97-af2c-48a6-bb8f-f5acb2145c35:192.168.164.193:42423, ce71e9bc-e571-4e52-8a73-1c9dce7b9fa7:192.168.164.193:36234], old=null
2019-10-28 11:44:57,935 [24830d12-f44b-43d9-b733-6f9667bbd6c9@group-08147416B334-LeaderElection162] INFO  impl.RaftServerImpl (RaftServerImpl.java:setRole(184)) - 24830d12-f44b-43d9-b733-6f9667bbd6c9@group-08147416B334: changes role from CANDIDATE to FOLLOWER at term 141 for DISCOVERED_A_NEW_TERM
2019-10-28 11:44:57,935 [24830d12-f44b-43d9-b733-6f9667bbd6c9@group-08147416B334-LeaderElection162] INFO  impl.RoleInfo (RoleInfo.java:shutdownLeaderElection(134)) - 24830d12-f44b-43d9-b733-6f9667bbd6c9: shutdown LeaderElection
2019-10-28 11:44:57,936 [24830d12-f44b-43d9-b733-6f9667bbd6c9@group-08147416B334-LeaderElection162] INFO  impl.RoleInfo (RoleInfo.java:updateAndGet(143)) - 24830d12-f44b-43d9-b733-6f9667bbd6c9: start FollowerState
2019-10-28 11:44:58,087 [Thread-2443] INFO  impl.FollowerState (FollowerState.java:run(108)) - 24830d12-f44b-43d9-b733-6f9667bbd6c9@group-08147416B334-FollowerState: change to CANDIDATE, lastRpcTime:151ms, electionTimeout:151ms
2019-10-28 11:44:58,088 [Thread-2443] INFO  impl.RoleInfo (RoleInfo.java:shutdownFollowerState(121)) - 24830d12-f44b-43d9-b733-6f9667bbd6c9: shutdown FollowerState
2019-10-28 11:44:58,088 [Thread-2443] INFO  impl.RaftServerImpl (RaftServerImpl.java:setRole(184)) - 24830d12-f44b-43d9-b733-6f9667bbd6c9@group-08147416B334: changes role from  FOLLOWER to CANDIDATE at term 141 for changeToCandidate
2019-10-28 11:44:58,088 [Thread-2443] INFO  impl.RoleInfo (RoleInfo.java:updateAndGet(143)) - 24830d12-f44b-43d9-b733-6f9667bbd6c9: start LeaderElection
2019-10-28 11:44:58,114 [24830d12-f44b-43d9-b733-6f9667bbd6c9@group-08147416B334-LeaderElection163] INFO  impl.LeaderElection (LeaderElection.java:askForVotes(178)) - 24830d12-f44b-43d9-b733-6f9667bbd6c9@group-08147416B334-LeaderElection163: begin an election at term 142 for -1: [24830d12-f44b-43d9-b733-6f9667bbd6c9:192.168.164.193:40613, 75159f97-af2c-48a6-bb8f-f5acb2145c35:192.168.164.193:42423, ce71e9bc-e571-4e52-8a73-1c9dce7b9fa7:192.168.164.193:36234], old=null
2019-10-28 11:44:58,116 [grpc-default-executor-0] INFO  impl.RaftServerImpl (RaftServerImpl.java:setRole(184)) - 75159f97-af2c-48a6-bb8f-f5acb2145c35@group-08147416B334: changes role from  FOLLOWER to FOLLOWER at term 142 for recognizeCandidate:24830d12-f44b-43d9-b733-6f9667bbd6c9
2019-10-28 11:44:58,116 [grpc-default-executor-0] INFO  impl.RoleInfo (RoleInfo.java:shutdownFollowerState(121)) - 75159f97-af2c-48a6-bb8f-f5acb2145c35: shutdown FollowerState
2019-10-28 11:44:58,116 [grpc-default-executor-8] INFO  impl.RaftServerImpl (RaftServerImpl.java:setRole(184)) - ce71e9bc-e571-4e52-8a73-1c9dce7b9fa7@group-08147416B334: changes role from  FOLLOWER to FOLLOWER at term 142 for recognizeCandidate:24830d12-f44b-43d9-b733-6f9667bbd6c9
2019-10-28 11:44:58,116 [grpc-default-executor-8] INFO  impl.RoleInfo (RoleInfo.java:shutdownFollowerState(121)) - ce71e9bc-e571-4e52-8a73-1c9dce7b9fa7: shutdown FollowerState
2019-10-28 11:44:58,116 [Thread-2441] INFO  impl.FollowerState (FollowerState.java:run(117)) - 75159f97-af2c-48a6-bb8f-f5acb2145c35@group-08147416B334-FollowerState was interrupted: java.lang.InterruptedException: sleep interrupted
2019-10-28 11:44:58,116 [grpc-default-executor-0] INFO  impl.RoleInfo (RoleInfo.java:updateAndGet(143)) - 75159f97-af2c-48a6-bb8f-f5acb2145c35: start FollowerState
2019-10-28 11:44:58,116 [Thread-2442] INFO  impl.FollowerState (FollowerState.java:run(117)) - ce71e9bc-e571-4e52-8a73-1c9dce7b9fa7@group-08147416B334-FollowerState was interrupted: java.lang.InterruptedException: sleep interrupted
2019-10-28 11:44:58,116 [grpc-default-executor-8] INFO  impl.RoleInfo (RoleInfo.java:updateAndGet(143)) - ce71e9bc-e571-4e52-8a73-1c9dce7b9fa7: start FollowerState
2019-10-28 11:44:58,151 [24830d12-f44b-43d9-b733-6f9667bbd6c9@group-08147416B334-LeaderElection163] INFO  impl.LeaderElection (LeaderElection.java:logAndReturn(56)) - 24830d12-f44b-43d9-b733-6f9667bbd6c9@group-08147416B334-LeaderElection163: Election REJECTED; received 2 response(s) [24830d12-f44b-43d9-b733-6f9667bbd6c9<-75159f97-af2c-48a6-bb8f-f5acb2145c35#0:FAIL-t142, 24830d12-f44b-43d9-b733-6f9667bbd6c9<-ce71e9bc-e571-4e52-8a73-1c9dce7b9fa7#0:FAIL-t142] and 0 exception(s); 24830d12-f44b-43d9-b733-6f9667bbd6c9@group-08147416B334:t142, leader=null, voted=24830d12-f44b-43d9-b733-6f9667bbd6c9, raftlog=24830d12-f44b-43d9-b733-6f9667bbd6c9@group-08147416B334-SegmentedRaftLog:OPENED:c-1,f-1,i0, conf=-1: [24830d12-f44b-43d9-b733-6f9667bbd6c9:192.168.164.193:40613, 75159f97-af2c-48a6-bb8f-f5acb2145c35:192.168.164.193:42423, ce71e9bc-e571-4e52-8a73-1c9dce7b9fa7:192.168.164.193:36234], old=null
2019-10-28 11:44:58,151 [24830d12-f44b-43d9-b733-6f9667bbd6c9@group-08147416B334-LeaderElection163] INFO  impl.RaftServerImpl (RaftServerImpl.java:setRole(184)) - 24830d12-f44b-43d9-b733-6f9667bbd6c9@group-08147416B334: changes role from CANDIDATE to FOLLOWER at term 142 for DISCOVERED_A_NEW_TERM
2019-10-28 11:44:58,152 [24830d12-f44b-43d9-b733-6f9667bbd6c9@group-08147416B334-LeaderElection163] INFO  impl.RoleInfo (RoleInfo.java:shutdownLeaderElection(134)) - 24830d12-f44b-43d9-b733-6f9667bbd6c9: shutdown LeaderElection
2019-10-28 11:44:58,152 [24830d12-f44b-43d9-b733-6f9667bbd6c9@group-08147416B334-LeaderElection163] INFO  impl.RoleInfo (RoleInfo.java:updateAndGet(143)) - 24830d12-f44b-43d9-b733-6f9667bbd6c9: start FollowerState
2019-10-28 11:44:58,312 [Thread-2451] INFO  impl.FollowerState (FollowerState.java:run(108)) - 24830d12-f44b-43d9-b733-6f9667bbd6c9@group-08147416B334-FollowerState: change to CANDIDATE, lastRpcTime:160ms, electionTimeout:160ms
2019-10-28 11:44:58,312 [Thread-2451] INFO  impl.RoleInfo (RoleInfo.java:shutdownFollowerState(121)) - 24830d12-f44b-43d9-b733-6f9667bbd6c9: shutdown FollowerState
2019-10-28 11:44:58,312 [Thread-2451] INFO  impl.RaftServerImpl (RaftServerImpl.java:setRole(184)) - 24830d12-f44b-43d9-b733-6f9667bbd6c9@group-08147416B334: changes role from  FOLLOWER to CANDIDATE at term 142 for changeToCandidate
2019-10-28 11:44:58,312 [Thread-2451] INFO  impl.RoleInfo (RoleInfo.java:updateAndGet(143)) - 24830d12-f44b-43d9-b733-6f9667bbd6c9: start LeaderElection
2019-10-28 11:44:58,338 [24830d12-f44b-43d9-b733-6f9667bbd6c9@group-08147416B334-LeaderElection164] INFO  impl.LeaderElection (LeaderElection.java:askForVotes(178)) - 24830d12-f44b-43d9-b733-6f9667bbd6c9@group-08147416B334-LeaderElection164: begin an election at term 143 for -1: [24830d12-f44b-43d9-b733-6f9667bbd6c9:192.168.164.193:40613, 75159f97-af2c-48a6-bb8f-f5acb2145c35:192.168.164.193:42423, ce71e9bc-e571-4e52-8a73-1c9dce7b9fa7:192.168.164.193:36234], old=null
2019-10-28 11:44:58,340 [grpc-default-executor-8] INFO  impl.RaftServerImpl (RaftServerImpl.java:setRole(184)) - 75159f97-af2c-48a6-bb8f-f5acb2145c35@group-08147416B334: changes role from  FOLLOWER to FOLLOWER at term 143 for recognizeCandidate:24830d12-f44b-43d9-b733-6f9667bbd6c9
2019-10-28 11:44:58,340 [grpc-default-executor-0] INFO  impl.RaftServerImpl (RaftServerImpl.java:setRole(184)) - ce71e9bc-e571-4e52-8a73-1c9dce7b9fa7@group-08147416B334: changes role from  FOLLOWER to FOLLOWER at term 143 for recognizeCandidate:24830d12-f44b-43d9-b733-6f9667bbd6c9
2019-10-28 11:44:58,340 [grpc-default-executor-0] INFO  impl.RoleInfo (RoleInfo.java:shutdownFollowerState(121)) - ce71e9bc-e571-4e52-8a73-1c9dce7b9fa7: shutdown FollowerState
2019-10-28 11:44:58,340 [grpc-default-executor-8] INFO  impl.RoleInfo (RoleInfo.java:shutdownFollowerState(121)) - 75159f97-af2c-48a6-bb8f-f5acb2145c35: shutdown FollowerState
2019-10-28 11:44:58,340 [Thread-2448] INFO  impl.FollowerState (FollowerState.java:run(117)) - ce71e9bc-e571-4e52-8a73-1c9dce7b9fa7@group-08147416B334-FollowerState was interrupted: java.lang.InterruptedException: sleep interrupted
2019-10-28 11:44:58,341 [Thread-2447] INFO  impl.FollowerState (FollowerState.java:run(117)) - 75159f97-af2c-48a6-bb8f-f5acb2145c35@group-08147416B334-FollowerState was interrupted: java.lang.InterruptedException: sleep interrupted
2019-10-28 11:44:58,340 [grpc-default-executor-0] INFO  impl.RoleInfo (RoleInfo.java:updateAndGet(143)) - ce71e9bc-e571-4e52-8a73-1c9dce7b9fa7: start FollowerState
2019-10-28 11:44:58,341 [grpc-default-executor-8] INFO  impl.RoleInfo (RoleInfo.java:updateAndGet(143)) - 75159f97-af2c-48a6-bb8f-f5acb2145c35: start FollowerState
2019-10-28 11:44:58,349 [24830d12-f44b-43d9-b733-6f9667bbd6c9@group-08147416B334-LeaderElection164] INFO  impl.LeaderElection (LeaderElection.java:logAndReturn(56)) - 24830d12-f44b-43d9-b733-6f9667bbd6c9@group-08147416B334-LeaderElection164: Election TIMEOUT; received 0 response(s) [] and 0 exception(s); 24830d12-f44b-43d9-b733-6f9667bbd6c9@group-08147416B334:t143, leader=null, voted=24830d12-f44b-43d9-b733-6f9667bbd6c9, raftlog=24830d12-f44b-43d9-b733-6f9667bbd6c9@group-08147416B334-SegmentedRaftLog:OPENED:c-1,f-1,i0, conf=-1: [24830d12-f44b-43d9-b733-6f9667bbd6c9:192.168.164.193:40613, 75159f97-af2c-48a6-bb8f-f5acb2145c35:192.168.164.193:42423, ce71e9bc-e571-4e52-8a73-1c9dce7b9fa7:192.168.164.193:36234], old=null
2019-10-28 11:44:58,353 [24830d12-f44b-43d9-b733-6f9667bbd6c9@group-08147416B334-LeaderElection164] INFO  impl.LeaderElection (LeaderElection.java:askForVotes(178)) - 24830d12-f44b-43d9-b733-6f9667bbd6c9@group-08147416B334-LeaderElection164: begin an election at term 144 for -1: [24830d12-f44b-43d9-b733-6f9667bbd6c9:192.168.164.193:40613, 75159f97-af2c-48a6-bb8f-f5acb2145c35:192.168.164.193:42423, ce71e9bc-e571-4e52-8a73-1c9dce7b9fa7:192.168.164.193:36234], old=null
2019-10-28 11:44:58,355 [grpc-default-executor-0] INFO  impl.RaftServerImpl (RaftServerImpl.java:setRole(184)) - 75159f97-af2c-48a6-bb8f-f5acb2145c35@group-08147416B334: changes role from  FOLLOWER to FOLLOWER at term 144 for recognizeCandidate:24830d12-f44b-43d9-b733-6f9667bbd6c9
2019-10-28 11:44:58,355 [grpc-default-executor-0] INFO  impl.RoleInfo (RoleInfo.java:shutdownFollowerState(121)) - 75159f97-af2c-48a6-bb8f-f5acb2145c35: shutdown FollowerState
2019-10-28 11:44:58,355 [grpc-default-executor-8] INFO  impl.RaftServerImpl (RaftServerImpl.java:setRole(184)) - ce71e9bc-e571-4e52-8a73-1c9dce7b9fa7@group-08147416B334: changes role from  FOLLOWER to FOLLOWER at term 144 for recognizeCandidate:24830d12-f44b-43d9-b733-6f9667bbd6c9
2019-10-28 11:44:58,355 [grpc-default-executor-8] INFO  impl.RoleInfo (RoleInfo.java:shutdownFollowerState(121)) - ce71e9bc-e571-4e52-8a73-1c9dce7b9fa7: shutdown FollowerState
2019-10-28 11:44:58,355 [Thread-2458] INFO  impl.FollowerState (FollowerState.java:run(117)) - 75159f97-af2c-48a6-bb8f-f5acb2145c35@group-08147416B334-FollowerState was interrupted: java.lang.InterruptedException: sleep interrupted
2019-10-28 11:44:58,355 [grpc-default-executor-0] INFO  impl.RoleInfo (RoleInfo.java:updateAndGet(143)) - 75159f97-af2c-48a6-bb8f-f5acb2145c35: start FollowerState
2019-10-28 11:44:58,355 [Thread-2457] INFO  impl.FollowerState (FollowerState.java:run(117)) - ce71e9bc-e571-4e52-8a73-1c9dce7b9fa7@group-08147416B334-FollowerState was interrupted: java.lang.InterruptedException: sleep interrupted
2019-10-28 11:44:58,355 [grpc-default-executor-8] INFO  impl.RoleInfo (RoleInfo.java:updateAndGet(143)) - ce71e9bc-e571-4e52-8a73-1c9dce7b9fa7: start FollowerState
2019-10-28 11:44:58,361 [24830d12-f44b-43d9-b733-6f9667bbd6c9@group-08147416B334-LeaderElection164] INFO  impl.LeaderElection (LeaderElection.java:logAndReturn(56)) - 24830d12-f44b-43d9-b733-6f9667bbd6c9@group-08147416B334-LeaderElection164: Election REJECTED; received 2 response(s) [24830d12-f44b-43d9-b733-6f9667bbd6c9<-75159f97-af2c-48a6-bb8f-f5acb2145c35#0:FAIL-t144, 24830d12-f44b-43d9-b733-6f9667bbd6c9<-ce71e9bc-e571-4e52-8a73-1c9dce7b9fa7#0:FAIL-t144] and 0 exception(s); 24830d12-f44b-43d9-b733-6f9667bbd6c9@group-08147416B334:t144, leader=null, voted=24830d12-f44b-43d9-b733-6f9667bbd6c9, raftlog=24830d12-f44b-43d9-b733-6f9667bbd6c9@group-08147416B334-SegmentedRaftLog:OPENED:c-1,f-1,i0, conf=-1: [24830d12-f44b-43d9-b733-6f9667bbd6c9:192.168.164.193:40613, 75159f97-af2c-48a6-bb8f-f5acb2145c35:192.168.164.193:42423, ce71e9bc-e571-4e52-8a73-1c9dce7b9fa7:192.168.164.193:36234], old=null
2019-10-28 11:44:58,361 [24830d12-f44b-43d9-b733-6f9667bbd6c9@group-08147416B334-LeaderElection164] INFO  impl.RaftServerImpl (RaftServerImpl.java:setRole(184)) - 24830d12-f44b-43d9-b733-6f9667bbd6c9@group-08147416B334: changes role from CANDIDATE to FOLLOWER at term 144 for DISCOVERED_A_NEW_TERM
2019-10-28 11:44:58,362 [24830d12-f44b-43d9-b733-6f9667bbd6c9@group-08147416B334-LeaderElection164] INFO  impl.RoleInfo (RoleInfo.java:shutdownLeaderElection(134)) - 24830d12-f44b-43d9-b733-6f9667bbd6c9: shutdown LeaderElection
2019-10-28 11:44:58,362 [24830d12-f44b-43d9-b733-6f9667bbd6c9@group-08147416B334-LeaderElection164] INFO  impl.RoleInfo (RoleInfo.java:updateAndGet(143)) - 24830d12-f44b-43d9-b733-6f9667bbd6c9: start FollowerState
2019-10-28 11:44:58,474 [Thread-2463] INFO  impl.FollowerState (FollowerState.java:run(108)) - 24830d12-f44b-43d9-b733-6f9667bbd6c9@group-08147416B334-FollowerState: change to CANDIDATE, lastRpcTime:112ms, electionTimeout:112ms
2019-10-28 11:44:58,474 [Thread-2463] INFO  impl.RoleInfo (RoleInfo.java:shutdownFollowerState(121)) - 24830d12-f44b-43d9-b733-6f9667bbd6c9: shutdown FollowerState
2019-10-28 11:44:58,474 [Thread-2463] INFO  impl.RaftServerImpl (RaftServerImpl.java:setRole(184)) - 24830d12-f44b-43d9-b733-6f9667bbd6c9@group-08147416B334: changes role from  FOLLOWER to CANDIDATE at term 144 for changeToCandidate
2019-10-28 11:44:58,475 [Thread-2463] INFO  impl.RoleInfo (RoleInfo.java:updateAndGet(143)) - 24830d12-f44b-43d9-b733-6f9667bbd6c9: start LeaderElection
2019-10-28 11:44:58,500 [24830d12-f44b-43d9-b733-6f9667bbd6c9@group-08147416B334-LeaderElection165] INFO  impl.LeaderElection (LeaderElection.java:askForVotes(178)) - 24830d12-f44b-43d9-b733-6f9667bbd6c9@group-08147416B334-LeaderElection165: begin an election at term 145 for -1: [24830d12-f44b-43d9-b733-6f9667bbd6c9:192.168.164.193:40613, 75159f97-af2c-48a6-bb8f-f5acb2145c35:192.168.164.193:42423, ce71e9bc-e571-4e52-8a73-1c9dce7b9fa7:192.168.164.193:36234], old=null
2019-10-28 11:44:58,501 [grpc-default-executor-8] INFO  impl.RaftServerImpl (RaftServerImpl.java:setRole(184)) - 75159f97-af2c-48a6-bb8f-f5acb2145c35@group-08147416B334: changes role from  FOLLOWER to FOLLOWER at term 145 for recognizeCandidate:24830d12-f44b-43d9-b733-6f9667bbd6c9
2019-10-28 11:44:58,501 [grpc-default-executor-0] INFO  impl.RaftServerImpl (RaftServerImpl.java:setRole(184)) - ce71e9bc-e571-4e52-8a73-1c9dce7b9fa7@group-08147416B334: changes role from  FOLLOWER to FOLLOWER at term 145 for recognizeCandidate:24830d12-f44b-43d9-b733-6f9667bbd6c9
2019-10-28 11:44:58,502 [grpc-default-executor-8] INFO  impl.RoleInfo (RoleInfo.java:shutdownFollowerState(121)) - 75159f97-af2c-48a6-bb8f-f5acb2145c35: shutdown FollowerState
2019-10-28 11:44:58,502 [grpc-default-executor-0] INFO  impl.RoleInfo (RoleInfo.java:shutdownFollowerState(121)) - ce71e9bc-e571-4e52-8a73-1c9dce7b9fa7: shutdown FollowerState
2019-10-28 11:44:58,502 [grpc-default-executor-8] INFO  impl.RoleInfo (RoleInfo.java:updateAndGet(143)) - 75159f97-af2c-48a6-bb8f-f5acb2145c35: start FollowerState
2019-10-28 11:44:58,502 [Thread-2462] INFO  impl.FollowerState (FollowerState.java:run(117)) - ce71e9bc-e571-4e52-8a73-1c9dce7b9fa7@group-08147416B334-FollowerState was interrupted: java.lang.InterruptedException: sleep interrupted
2019-10-28 11:44:58,502 [grpc-default-executor-0] INFO  impl.RoleInfo (RoleInfo.java:updateAndGet(143)) - ce71e9bc-e571-4e52-8a73-1c9dce7b9fa7: start FollowerState
2019-10-28 11:44:58,502 [Thread-2461] INFO  impl.FollowerState (FollowerState.java:run(117)) - 75159f97-af2c-48a6-bb8f-f5acb2145c35@group-08147416B334-FollowerState was interrupted: java.lang.InterruptedException: sleep interrupted
2019-10-28 11:44:58,541 [24830d12-f44b-43d9-b733-6f9667bbd6c9@group-08147416B334-LeaderElection165] INFO  impl.LeaderElection (LeaderElection.java:logAndReturn(56)) - 24830d12-f44b-43d9-b733-6f9667bbd6c9@group-08147416B334-LeaderElection165: Election REJECTED; received 2 response(s) [24830d12-f44b-43d9-b733-6f9667bbd6c9<-75159f97-af2c-48a6-bb8f-f5acb2145c35#0:FAIL-t145, 24830d12-f44b-43d9-b733-6f9667bbd6c9<-ce71e9bc-e571-4e52-8a73-1c9dce7b9fa7#0:FAIL-t145] and 0 exception(s); 24830d12-f44b-43d9-b733-6f9667bbd6c9@group-08147416B334:t145, leader=null, voted=24830d12-f44b-43d9-b733-6f9667bbd6c9, raftlog=24830d12-f44b-43d9-b733-6f9667bbd6c9@group-08147416B334-SegmentedRaftLog:OPENED:c-1,f-1,i0, conf=-1: [24830d12-f44b-43d9-b733-6f9667bbd6c9:192.168.164.193:40613, 75159f97-af2c-48a6-bb8f-f5acb2145c35:192.168.164.193:42423, ce71e9bc-e571-4e52-8a73-1c9dce7b9fa7:192.168.164.193:36234], old=null
2019-10-28 11:44:58,541 [24830d12-f44b-43d9-b733-6f9667bbd6c9@group-08147416B334-LeaderElection165] INFO  impl.RaftServerImpl (RaftServerImpl.java:setRole(184)) - 24830d12-f44b-43d9-b733-6f9667bbd6c9@group-08147416B334: changes role from CANDIDATE to FOLLOWER at term 145 for DISCOVERED_A_NEW_TERM
2019-10-28 11:44:58,541 [24830d12-f44b-43d9-b733-6f9667bbd6c9@group-08147416B334-LeaderElection165] INFO  impl.RoleInfo (RoleInfo.java:shutdownLeaderElection(134)) - 24830d12-f44b-43d9-b733-6f9667bbd6c9: shutdown LeaderElection
2019-10-28 11:44:58,541 [24830d12-f44b-43d9-b733-6f9667bbd6c9@group-08147416B334-LeaderElection165] INFO  impl.RoleInfo (RoleInfo.java:updateAndGet(143)) - 24830d12-f44b-43d9-b733-6f9667bbd6c9: start FollowerState
2019-10-28 11:44:58,637 [Thread-2469] INFO  impl.FollowerState (FollowerState.java:run(108)) - 24830d12-f44b-43d9-b733-6f9667bbd6c9@group-08147416B334-FollowerState: change to CANDIDATE, lastRpcTime:96ms, electionTimeout:96ms
2019-10-28 11:44:58,638 [Thread-2469] INFO  impl.RoleInfo (RoleInfo.java:shutdownFollowerState(121)) - 24830d12-f44b-43d9-b733-6f9667bbd6c9: shutdown FollowerState
2019-10-28 11:44:58,638 [Thread-2469] INFO  impl.RaftServerImpl (RaftServerImpl.java:setRole(184)) - 24830d12-f44b-43d9-b733-6f9667bbd6c9@group-08147416B334: changes role from  FOLLOWER to CANDIDATE at term 145 for changeToCandidate
2019-10-28 11:44:58,638 [Thread-2469] INFO  impl.RoleInfo (RoleInfo.java:updateAndGet(143)) - 24830d12-f44b-43d9-b733-6f9667bbd6c9: start LeaderElection
2019-10-28 11:44:58,652 [24830d12-f44b-43d9-b733-6f9667bbd6c9@group-08147416B334-LeaderElection166] INFO  impl.LeaderElection (LeaderElection.java:askForVotes(178)) - 24830d12-f44b-43d9-b733-6f9667bbd6c9@group-08147416B334-LeaderElection166: begin an election at term 146 for -1: [24830d12-f44b-43d9-b733-6f9667bbd6c9:192.168.164.193:40613, 75159f97-af2c-48a6-bb8f-f5acb2145c35:192.168.164.193:42423, ce71e9bc-e571-4e52-8a73-1c9dce7b9fa7:192.168.164.193:36234], old=null
2019-10-28 11:44:58,655 [grpc-default-executor-0] INFO  impl.RaftServerImpl (RaftServerImpl.java:setRole(184)) - ce71e9bc-e571-4e52-8a73-1c9dce7b9fa7@group-08147416B334: changes role from  FOLLOWER to FOLLOWER at term 146 for recognizeCandidate:24830d12-f44b-43d9-b733-6f9667bbd6c9
2019-10-28 11:44:58,655 [grpc-default-executor-0] INFO  impl.RoleInfo (RoleInfo.java:shutdownFollowerState(121)) - ce71e9bc-e571-4e52-8a73-1c9dce7b9fa7: shutdown FollowerState
2019-10-28 11:44:58,655 [grpc-default-executor-0] INFO  impl.RoleInfo (RoleInfo.java:updateAndGet(143)) - ce71e9bc-e571-4e52-8a73-1c9dce7b9fa7: start FollowerState
2019-10-28 11:44:58,655 [Thread-2468] INFO  impl.FollowerState (FollowerState.java:run(117)) - ce71e9bc-e571-4e52-8a73-1c9dce7b9fa7@group-08147416B334-FollowerState was interrupted: java.lang.InterruptedException: sleep interrupted
2019-10-28 11:44:58,655 [grpc-default-executor-8] INFO  impl.RaftServerImpl (RaftServerImpl.java:setRole(184)) - 75159f97-af2c-48a6-bb8f-f5acb2145c35@group-08147416B334: changes role from  FOLLOWER to FOLLOWER at term 146 for recognizeCandidate:24830d12-f44b-43d9-b733-6f9667bbd6c9
2019-10-28 11:44:58,656 [grpc-default-executor-8] INFO  impl.RoleInfo (RoleInfo.java:shutdownFollowerState(121)) - 75159f97-af2c-48a6-bb8f-f5acb2145c35: shutdown FollowerState
2019-10-28 11:44:58,656 [grpc-default-executor-8] INFO  impl.RoleInfo (RoleInfo.java:updateAndGet(143)) - 75159f97-af2c-48a6-bb8f-f5acb2145c35: start FollowerState
2019-10-28 11:44:58,656 [Thread-2467] INFO  impl.FollowerState (FollowerState.java:run(117)) - 75159f97-af2c-48a6-bb8f-f5acb2145c35@group-08147416B334-FollowerState was interrupted: java.lang.InterruptedException: sleep interrupted
2019-10-28 11:44:58,670 [24830d12-f44b-43d9-b733-6f9667bbd6c9@group-08147416B334-LeaderElection166] INFO  impl.LeaderElection (LeaderElection.java:logAndReturn(56)) - 24830d12-f44b-43d9-b733-6f9667bbd6c9@group-08147416B334-LeaderElection166: Election REJECTED; received 2 response(s) [24830d12-f44b-43d9-b733-6f9667bbd6c9<-75159f97-af2c-48a6-bb8f-f5acb2145c35#0:FAIL-t146, 24830d12-f44b-43d9-b733-6f9667bbd6c9<-ce71e9bc-e571-4e52-8a73-1c9dce7b9fa7#0:FAIL-t146] and 0 exception(s); 24830d12-f44b-43d9-b733-6f9667bbd6c9@group-08147416B334:t146, leader=null, voted=24830d12-f44b-43d9-b733-6f9667bbd6c9, raftlog=24830d12-f44b-43d9-b733-6f9667bbd6c9@group-08147416B334-SegmentedRaftLog:OPENED:c-1,f-1,i0, conf=-1: [24830d12-f44b-43d9-b733-6f9667bbd6c9:192.168.164.193:40613, 75159f97-af2c-48a6-bb8f-f5acb2145c35:192.168.164.193:42423, ce71e9bc-e571-4e52-8a73-1c9dce7b9fa7:192.168.164.193:36234], old=null
2019-10-28 11:44:58,670 [24830d12-f44b-43d9-b733-6f9667bbd6c9@group-08147416B334-LeaderElection166] INFO  impl.RaftServerImpl (RaftServerImpl.java:setRole(184)) - 24830d12-f44b-43d9-b733-6f9667bbd6c9@group-08147416B334: changes role from CANDIDATE to FOLLOWER at term 146 for DISCOVERED_A_NEW_TERM
2019-10-28 11:44:58,670 [24830d12-f44b-43d9-b733-6f9667bbd6c9@group-08147416B334-LeaderElection166] INFO  impl.RoleInfo (RoleInfo.java:shutdownLeaderElection(134)) - 24830d12-f44b-43d9-b733-6f9667bbd6c9: shutdown LeaderElection
2019-10-28 11:44:58,670 [24830d12-f44b-43d9-b733-6f9667bbd6c9@group-08147416B334-LeaderElection166] INFO  impl.RoleInfo (RoleInfo.java:updateAndGet(143)) - 24830d12-f44b-43d9-b733-6f9667bbd6c9: start FollowerState
2019-10-28 11:44:58,759 [Thread-2477] INFO  impl.FollowerState (FollowerState.java:run(108)) - 24830d12-f44b-43d9-b733-6f9667bbd6c9@group-08147416B334-FollowerState: change to CANDIDATE, lastRpcTime:88ms, electionTimeout:88ms
2019-10-28 11:44:58,759 [Thread-2477] INFO  impl.RoleInfo (RoleInfo.java:shutdownFollowerState(121)) - 24830d12-f44b-43d9-b733-6f9667bbd6c9: shutdown FollowerState
2019-10-28 11:44:58,759 [Thread-2477] INFO  impl.RaftServerImpl (RaftServerImpl.java:setRole(184)) - 24830d12-f44b-43d9-b733-6f9667bbd6c9@group-08147416B334: changes role from  FOLLOWER to CANDIDATE at term 146 for changeToCandidate
2019-10-28 11:44:58,759 [Thread-2477] INFO  impl.RoleInfo (RoleInfo.java:updateAndGet(143)) - 24830d12-f44b-43d9-b733-6f9667bbd6c9: start LeaderElection
2019-10-28 11:44:58,773 [24830d12-f44b-43d9-b733-6f9667bbd6c9@group-08147416B334-LeaderElection167] INFO  impl.LeaderElection (LeaderElection.java:askForVotes(178)) - 24830d12-f44b-43d9-b733-6f9667bbd6c9@group-08147416B334-LeaderElection167: begin an election at term 147 for -1: [24830d12-f44b-43d9-b733-6f9667bbd6c9:192.168.164.193:40613, 75159f97-af2c-48a6-bb8f-f5acb2145c35:192.168.164.193:42423, ce71e9bc-e571-4e52-8a73-1c9dce7b9fa7:192.168.164.193:36234], old=null
2019-10-28 11:44:58,775 [grpc-default-executor-8] INFO  impl.RaftServerImpl (RaftServerImpl.java:setRole(184)) - 75159f97-af2c-48a6-bb8f-f5acb2145c35@group-08147416B334: changes role from  FOLLOWER to FOLLOWER at term 147 for recognizeCandidate:24830d12-f44b-43d9-b733-6f9667bbd6c9
2019-10-28 11:44:58,775 [grpc-default-executor-8] INFO  impl.RoleInfo (RoleInfo.java:shutdownFollowerState(121)) - 75159f97-af2c-48a6-bb8f-f5acb2145c35: shutdown FollowerState
2019-10-28 11:44:58,775 [grpc-default-executor-0] INFO  impl.RaftServerImpl (RaftServerImpl.java:setRole(184)) - ce71e9bc-e571-4e52-8a73-1c9dce7b9fa7@group-08147416B334: changes role from  FOLLOWER to FOLLOWER at term 147 for recognizeCandidate:24830d12-f44b-43d9-b733-6f9667bbd6c9
2019-10-28 11:44:58,775 [Thread-2476] INFO  impl.FollowerState (FollowerState.java:run(117)) - 75159f97-af2c-48a6-bb8f-f5acb2145c35@group-08147416B334-FollowerState was interrupted: java.lang.InterruptedException: sleep interrupted
2019-10-28 11:44:58,775 [grpc-default-executor-8] INFO  impl.RoleInfo (RoleInfo.java:updateAndGet(143)) - 75159f97-af2c-48a6-bb8f-f5acb2145c35: start FollowerState
2019-10-28 11:44:58,775 [grpc-default-executor-0] INFO  impl.RoleInfo (RoleInfo.java:shutdownFollowerState(121)) - ce71e9bc-e571-4e52-8a73-1c9dce7b9fa7: shutdown FollowerState
2019-10-28 11:44:58,776 [grpc-default-executor-0] INFO  impl.RoleInfo (RoleInfo.java:updateAndGet(143)) - ce71e9bc-e571-4e52-8a73-1c9dce7b9fa7: start FollowerState
2019-10-28 11:44:58,776 [Thread-2475] INFO  impl.FollowerState (FollowerState.java:run(117)) - ce71e9bc-e571-4e52-8a73-1c9dce7b9fa7@group-08147416B334-FollowerState was interrupted: java.lang.InterruptedException: sleep interrupted
2019-10-28 11:44:58,789 [24830d12-f44b-43d9-b733-6f9667bbd6c9@group-08147416B334-LeaderElection167] INFO  impl.LeaderElection (LeaderElection.java:logAndReturn(56)) - 24830d12-f44b-43d9-b733-6f9667bbd6c9@group-08147416B334-LeaderElection167: Election REJECTED; received 2 response(s) [24830d12-f44b-43d9-b733-6f9667bbd6c9<-75159f97-af2c-48a6-bb8f-f5acb2145c35#0:FAIL-t147, 24830d12-f44b-43d9-b733-6f9667bbd6c9<-ce71e9bc-e571-4e52-8a73-1c9dce7b9fa7#0:FAIL-t147] and 0 exception(s); 24830d12-f44b-43d9-b733-6f9667bbd6c9@group-08147416B334:t147, leader=null, voted=24830d12-f44b-43d9-b733-6f9667bbd6c9, raftlog=24830d12-f44b-43d9-b733-6f9667bbd6c9@group-08147416B334-SegmentedRaftLog:OPENED:c-1,f-1,i0, conf=-1: [24830d12-f44b-43d9-b733-6f9667bbd6c9:192.168.164.193:40613, 75159f97-af2c-48a6-bb8f-f5acb2145c35:192.168.164.193:42423, ce71e9bc-e571-4e52-8a73-1c9dce7b9fa7:192.168.164.193:36234], old=null
2019-10-28 11:44:58,790 [24830d12-f44b-43d9-b733-6f9667bbd6c9@group-08147416B334-LeaderElection167] INFO  impl.RaftServerImpl (RaftServerImpl.java:setRole(184)) - 24830d12-f44b-43d9-b733-6f9667bbd6c9@group-08147416B334: changes role from CANDIDATE to FOLLOWER at term 147 for DISCOVERED_A_NEW_TERM
2019-10-28 11:44:58,790 [24830d12-f44b-43d9-b733-6f9667bbd6c9@group-08147416B334-LeaderElection167] INFO  impl.RoleInfo (RoleInfo.java:shutdownLeaderElection(134)) - 24830d12-f44b-43d9-b733-6f9667bbd6c9: shutdown LeaderElection
2019-10-28 11:44:58,790 [24830d12-f44b-43d9-b733-6f9667bbd6c9@group-08147416B334-LeaderElection167] INFO  impl.RoleInfo (RoleInfo.java:updateAndGet(143)) - 24830d12-f44b-43d9-b733-6f9667bbd6c9: start FollowerState
2019-10-28 11:44:58,859 [Thread-2483] INFO  impl.FollowerState (FollowerState.java:run(108)) - 24830d12-f44b-43d9-b733-6f9667bbd6c9@group-08147416B334-FollowerState: change to CANDIDATE, lastRpcTime:69ms, electionTimeout:69ms
2019-10-28 11:44:58,859 [Thread-2483] INFO  impl.RoleInfo (RoleInfo.java:shutdownFollowerState(121)) - 24830d12-f44b-43d9-b733-6f9667bbd6c9: shutdown FollowerState
2019-10-28 11:44:58,859 [Thread-2483] INFO  impl.RaftServerImpl (RaftServerImpl.java:setRole(184)) - 24830d12-f44b-43d9-b733-6f9667bbd6c9@group-08147416B334: changes role from  FOLLOWER to CANDIDATE at term 147 for changeToCandidate
2019-10-28 11:44:58,859 [Thread-2483] INFO  impl.RoleInfo (RoleInfo.java:updateAndGet(143)) - 24830d12-f44b-43d9-b733-6f9667bbd6c9: start LeaderElection
2019-10-28 11:44:58,872 [24830d12-f44b-43d9-b733-6f9667bbd6c9@group-08147416B334-LeaderElection168] INFO  impl.LeaderElection (LeaderElection.java:askForVotes(178)) - 24830d12-f44b-43d9-b733-6f9667bbd6c9@group-08147416B334-LeaderElection168: begin an election at term 148 for -1: [24830d12-f44b-43d9-b733-6f9667bbd6c9:192.168.164.193:40613, 75159f97-af2c-48a6-bb8f-f5acb2145c35:192.168.164.193:42423, ce71e9bc-e571-4e52-8a73-1c9dce7b9fa7:192.168.164.193:36234], old=null
2019-10-28 11:44:58,874 [grpc-default-executor-0] INFO  impl.RaftServerImpl (RaftServerImpl.java:setRole(184)) - 75159f97-af2c-48a6-bb8f-f5acb2145c35@group-08147416B334: changes role from  FOLLOWER to FOLLOWER at term 148 for recognizeCandidate:24830d12-f44b-43d9-b733-6f9667bbd6c9
2019-10-28 11:44:58,874 [grpc-default-executor-0] INFO  impl.RoleInfo (RoleInfo.java:shutdownFollowerState(121)) - 75159f97-af2c-48a6-bb8f-f5acb2145c35: shutdown FollowerState
2019-10-28 11:44:58,874 [grpc-default-executor-0] INFO  impl.RoleInfo (RoleInfo.java:updateAndGet(143)) - 75159f97-af2c-48a6-bb8f-f5acb2145c35: start FollowerState
2019-10-28 11:44:58,874 [Thread-2481] INFO  impl.FollowerState (FollowerState.java:run(117)) - 75159f97-af2c-48a6-bb8f-f5acb2145c35@group-08147416B334-FollowerState was interrupted: java.lang.InterruptedException: sleep interrupted
2019-10-28 11:44:58,874 [grpc-default-executor-8] INFO  impl.RaftServerImpl (RaftServerImpl.java:setRole(184)) - ce71e9bc-e571-4e52-8a73-1c9dce7b9fa7@group-08147416B334: changes role from  FOLLOWER to FOLLOWER at term 148 for recognizeCandidate:24830d12-f44b-43d9-b733-6f9667bbd6c9
2019-10-28 11:44:58,875 [grpc-default-executor-8] INFO  impl.RoleInfo (RoleInfo.java:shutdownFollowerState(121)) - ce71e9bc-e571-4e52-8a73-1c9dce7b9fa7: shutdown FollowerState
2019-10-28 11:44:58,875 [grpc-default-executor-8] INFO  impl.RoleInfo (RoleInfo.java:updateAndGet(143)) - ce71e9bc-e571-4e52-8a73-1c9dce7b9fa7: start FollowerState
2019-10-28 11:44:58,875 [Thread-2482] INFO  impl.FollowerState (FollowerState.java:run(117)) - ce71e9bc-e571-4e52-8a73-1c9dce7b9fa7@group-08147416B334-FollowerState was interrupted: java.lang.InterruptedException: sleep interrupted
2019-10-28 11:44:58,926 [24830d12-f44b-43d9-b733-6f9667bbd6c9@group-08147416B334-LeaderElection168] INFO  impl.LeaderElection (LeaderElection.java:logAndReturn(56)) - 24830d12-f44b-43d9-b733-6f9667bbd6c9@group-08147416B334-LeaderElection168: Election REJECTED; received 2 response(s) [24830d12-f44b-43d9-b733-6f9667bbd6c9<-75159f97-af2c-48a6-bb8f-f5acb2145c35#0:FAIL-t148, 24830d12-f44b-43d9-b733-6f9667bbd6c9<-ce71e9bc-e571-4e52-8a73-1c9dce7b9fa7#0:FAIL-t148] and 0 exception(s); 24830d12-f44b-43d9-b733-6f9667bbd6c9@group-08147416B334:t148, leader=null, voted=24830d12-f44b-43d9-b733-6f9667bbd6c9, raftlog=24830d12-f44b-43d9-b733-6f9667bbd6c9@group-08147416B334-SegmentedRaftLog:OPENED:c-1,f-1,i0, conf=-1: [24830d12-f44b-43d9-b733-6f9667bbd6c9:192.168.164.193:40613, 75159f97-af2c-48a6-bb8f-f5acb2145c35:192.168.164.193:42423, ce71e9bc-e571-4e52-8a73-1c9dce7b9fa7:192.168.164.193:36234], old=null
2019-10-28 11:44:58,926 [24830d12-f44b-43d9-b733-6f9667bbd6c9@group-08147416B334-LeaderElection168] INFO  impl.RaftServerImpl (RaftServerImpl.java:setRole(184)) - 24830d12-f44b-43d9-b733-6f9667bbd6c9@group-08147416B334: changes role from CANDIDATE to FOLLOWER at term 148 for DISCOVERED_A_NEW_TERM
2019-10-28 11:44:58,926 [24830d12-f44b-43d9-b733-6f9667bbd6c9@group-08147416B334-LeaderElection168] INFO  impl.RoleInfo (RoleInfo.java:shutdownLeaderElection(134)) - 24830d12-f44b-43d9-b733-6f9667bbd6c9: shutdown LeaderElection
2019-10-28 11:44:58,926 [24830d12-f44b-43d9-b733-6f9667bbd6c9@group-08147416B334-LeaderElection168] INFO  impl.RoleInfo (RoleInfo.java:updateAndGet(143)) - 24830d12-f44b-43d9-b733-6f9667bbd6c9: start FollowerState
2019-10-28 11:44:59,032 [Thread-2491] INFO  impl.FollowerState (FollowerState.java:run(108)) - 24830d12-f44b-43d9-b733-6f9667bbd6c9@group-08147416B334-FollowerState: change to CANDIDATE, lastRpcTime:106ms, electionTimeout:106ms
2019-10-28 11:44:59,033 [Thread-2491] INFO  impl.RoleInfo (RoleInfo.java:shutdownFollowerState(121)) - 24830d12-f44b-43d9-b733-6f9667bbd6c9: shutdown FollowerState
2019-10-28 11:44:59,033 [Thread-2491] INFO  impl.RaftServerImpl (RaftServerImpl.java:setRole(184)) - 24830d12-f44b-43d9-b733-6f9667bbd6c9@group-08147416B334: changes role from  FOLLOWER to CANDIDATE at term 148 for changeToCandidate
2019-10-28 11:44:59,033 [Thread-2491] INFO  impl.RoleInfo (RoleInfo.java:updateAndGet(143)) - 24830d12-f44b-43d9-b733-6f9667bbd6c9: start LeaderElection
2019-10-28 11:44:59,046 [24830d12-f44b-43d9-b733-6f9667bbd6c9@group-08147416B334-LeaderElection169] INFO  impl.LeaderElection (LeaderElection.java:askForVotes(178)) - 24830d12-f44b-43d9-b733-6f9667bbd6c9@group-08147416B334-LeaderElection169: begin an election at term 149 for -1: [24830d12-f44b-43d9-b733-6f9667bbd6c9:192.168.164.193:40613, 75159f97-af2c-48a6-bb8f-f5acb2145c35:192.168.164.193:42423, ce71e9bc-e571-4e52-8a73-1c9dce7b9fa7:192.168.164.193:36234], old=null
2019-10-28 11:44:59,048 [grpc-default-executor-0] INFO  impl.RaftServerImpl (RaftServerImpl.java:setRole(184)) - 75159f97-af2c-48a6-bb8f-f5acb2145c35@group-08147416B334: changes role from  FOLLOWER to FOLLOWER at term 149 for recognizeCandidate:24830d12-f44b-43d9-b733-6f9667bbd6c9
2019-10-28 11:44:59,049 [grpc-default-executor-0] INFO  impl.RoleInfo (RoleInfo.java:shutdownFollowerState(121)) - 75159f97-af2c-48a6-bb8f-f5acb2145c35: shutdown FollowerState
2019-10-28 11:44:59,049 [grpc-default-executor-8] INFO  impl.RaftServerImpl (RaftServerImpl.java:setRole(184)) - ce71e9bc-e571-4e52-8a73-1c9dce7b9fa7@group-08147416B334: changes role from  FOLLOWER to FOLLOWER at term 149 for recognizeCandidate:24830d12-f44b-43d9-b733-6f9667bbd6c9
2019-10-28 11:44:59,049 [Thread-2489] INFO  impl.FollowerState (FollowerState.java:run(117)) - 75159f97-af2c-48a6-bb8f-f5acb2145c35@group-08147416B334-FollowerState was interrupted: java.lang.InterruptedException: sleep interrupted
2019-10-28 11:44:59,049 [grpc-default-executor-0] INFO  impl.RoleInfo (RoleInfo.java:updateAndGet(143)) - 75159f97-af2c-48a6-bb8f-f5acb2145c35: start FollowerState
2019-10-28 11:44:59,049 [grpc-default-executor-8] INFO  impl.RoleInfo (RoleInfo.java:shutdownFollowerState(121)) - ce71e9bc-e571-4e52-8a73-1c9dce7b9fa7: shutdown FollowerState
2019-10-28 11:44:59,049 [grpc-default-executor-8] INFO  impl.RoleInfo (RoleInfo.java:updateAndGet(143)) - ce71e9bc-e571-4e52-8a73-1c9dce7b9fa7: start FollowerState
2019-10-28 11:44:59,049 [Thread-2490] INFO  impl.FollowerState (FollowerState.java:run(117)) - ce71e9bc-e571-4e52-8a73-1c9dce7b9fa7@group-08147416B334-FollowerState was interrupted: java.lang.InterruptedException: sleep interrupted
2019-10-28 11:44:59,063 [24830d12-f44b-43d9-b733-6f9667bbd6c9@group-08147416B334-LeaderElection169] INFO  impl.LeaderElection (LeaderElection.java:logAndReturn(56)) - 24830d12-f44b-43d9-b733-6f9667bbd6c9@group-08147416B334-LeaderElection169: Election REJECTED; received 2 response(s) [24830d12-f44b-43d9-b733-6f9667bbd6c9<-75159f97-af2c-48a6-bb8f-f5acb2145c35#0:FAIL-t149, 24830d12-f44b-43d9-b733-6f9667bbd6c9<-ce71e9bc-e571-4e52-8a73-1c9dce7b9fa7#0:FAIL-t149] and 0 exception(s); 24830d12-f44b-43d9-b733-6f9667bbd6c9@group-08147416B334:t149, leader=null, voted=24830d12-f44b-43d9-b733-6f9667bbd6c9, raftlog=24830d12-f44b-43d9-b733-6f9667bbd6c9@group-08147416B334-SegmentedRaftLog:OPENED:c-1,f-1,i0, conf=-1: [24830d12-f44b-43d9-b733-6f9667bbd6c9:192.168.164.193:40613, 75159f97-af2c-48a6-bb8f-f5acb2145c35:192.168.164.193:42423, ce71e9bc-e571-4e52-8a73-1c9dce7b9fa7:192.168.164.193:36234], old=null
2019-10-28 11:44:59,063 [24830d12-f44b-43d9-b733-6f9667bbd6c9@group-08147416B334-LeaderElection169] INFO  impl.RaftServerImpl (RaftServerImpl.java:setRole(184)) - 24830d12-f44b-43d9-b733-6f9667bbd6c9@group-08147416B334: changes role from CANDIDATE to FOLLOWER at term 149 for DISCOVERED_A_NEW_TERM
2019-10-28 11:44:59,063 [24830d12-f44b-43d9-b733-6f9667bbd6c9@group-08147416B334-LeaderElection169] INFO  impl.RoleInfo (RoleInfo.java:shutdownLeaderElection(134)) - 24830d12-f44b-43d9-b733-6f9667bbd6c9: shutdown LeaderElection
2019-10-28 11:44:59,063 [24830d12-f44b-43d9-b733-6f9667bbd6c9@group-08147416B334-LeaderElection169] INFO  impl.RoleInfo (RoleInfo.java:updateAndGet(143)) - 24830d12-f44b-43d9-b733-6f9667bbd6c9: start FollowerState
2019-10-28 11:44:59,205 [Thread-2497] INFO  impl.FollowerState (FollowerState.java:run(108)) - 24830d12-f44b-43d9-b733-6f9667bbd6c9@group-08147416B334-FollowerState: change to CANDIDATE, lastRpcTime:141ms, electionTimeout:141ms
2019-10-28 11:44:59,205 [Thread-2497] INFO  impl.RoleInfo (RoleInfo.java:shutdownFollowerState(121)) - 24830d12-f44b-43d9-b733-6f9667bbd6c9: shutdown FollowerState
2019-10-28 11:44:59,205 [Thread-2497] INFO  impl.RaftServerImpl (RaftServerImpl.java:setRole(184)) - 24830d12-f44b-43d9-b733-6f9667bbd6c9@group-08147416B334: changes role from  FOLLOWER to CANDIDATE at term 149 for changeToCandidate
2019-10-28 11:44:59,205 [Thread-2497] INFO  impl.RoleInfo (RoleInfo.java:updateAndGet(143)) - 24830d12-f44b-43d9-b733-6f9667bbd6c9: start LeaderElection
2019-10-28 11:44:59,219 [24830d12-f44b-43d9-b733-6f9667bbd6c9@group-08147416B334-LeaderElection170] INFO  impl.LeaderElection (LeaderElection.java:askForVotes(178)) - 24830d12-f44b-43d9-b733-6f9667bbd6c9@group-08147416B334-LeaderElection170: begin an election at term 150 for -1: [24830d12-f44b-43d9-b733-6f9667bbd6c9:192.168.164.193:40613, 75159f97-af2c-48a6-bb8f-f5acb2145c35:192.168.164.193:42423, ce71e9bc-e571-4e52-8a73-1c9dce7b9fa7:192.168.164.193:36234], old=null
2019-10-28 11:44:59,221 [grpc-default-executor-0] INFO  impl.RaftServerImpl (RaftServerImpl.java:setRole(184)) - 75159f97-af2c-48a6-bb8f-f5acb2145c35@group-08147416B334: changes role from  FOLLOWER to FOLLOWER at term 150 for recognizeCandidate:24830d12-f44b-43d9-b733-6f9667bbd6c9
2019-10-28 11:44:59,221 [grpc-default-executor-0] INFO  impl.RoleInfo (RoleInfo.java:shutdownFollowerState(121)) - 75159f97-af2c-48a6-bb8f-f5acb2145c35: shutdown FollowerState
2019-10-28 11:44:59,221 [grpc-default-executor-0] INFO  impl.RoleInfo (RoleInfo.java:updateAndGet(143)) - 75159f97-af2c-48a6-bb8f-f5acb2145c35: start FollowerState
2019-10-28 11:44:59,221 [grpc-default-executor-8] INFO  impl.RaftServerImpl (RaftServerImpl.java:setRole(184)) - ce71e9bc-e571-4e52-8a73-1c9dce7b9fa7@group-08147416B334: changes role from  FOLLOWER to FOLLOWER at term 150 for recognizeCandidate:24830d12-f44b-43d9-b733-6f9667bbd6c9
2019-10-28 11:44:59,221 [grpc-default-executor-8] INFO  impl.RoleInfo (RoleInfo.java:shutdownFollowerState(121)) - ce71e9bc-e571-4e52-8a73-1c9dce7b9fa7: shutdown FollowerState
2019-10-28 11:44:59,221 [Thread-2495] INFO  impl.FollowerState (FollowerState.java:run(117)) - 75159f97-af2c-48a6-bb8f-f5acb2145c35@group-08147416B334-FollowerState was interrupted: java.lang.InterruptedException: sleep interrupted
2019-10-28 11:44:59,221 [Thread-2496] INFO  impl.FollowerState (FollowerState.java:run(117)) - ce71e9bc-e571-4e52-8a73-1c9dce7b9fa7@group-08147416B334-FollowerState was interrupted: java.lang.InterruptedException: sleep interrupted
2019-10-28 11:44:59,221 [grpc-default-executor-8] INFO  impl.RoleInfo (RoleInfo.java:updateAndGet(143)) - ce71e9bc-e571-4e52-8a73-1c9dce7b9fa7: start FollowerState
2019-10-28 11:44:59,235 [24830d12-f44b-43d9-b733-6f9667bbd6c9@group-08147416B334-LeaderElection170] INFO  impl.LeaderElection (LeaderElection.java:logAndReturn(56)) - 24830d12-f44b-43d9-b733-6f9667bbd6c9@group-08147416B334-LeaderElection170: Election REJECTED; received 2 response(s) [24830d12-f44b-43d9-b733-6f9667bbd6c9<-75159f97-af2c-48a6-bb8f-f5acb2145c35#0:FAIL-t150, 24830d12-f44b-43d9-b733-6f9667bbd6c9<-ce71e9bc-e571-4e52-8a73-1c9dce7b9fa7#0:FAIL-t150] and 0 exception(s); 24830d12-f44b-43d9-b733-6f9667bbd6c9@group-08147416B334:t150, leader=null, voted=24830d12-f44b-43d9-b733-6f9667bbd6c9, raftlog=24830d12-f44b-43d9-b733-6f9667bbd6c9@group-08147416B334-SegmentedRaftLog:OPENED:c-1,f-1,i0, conf=-1: [24830d12-f44b-43d9-b733-6f9667bbd6c9:192.168.164.193:40613, 75159f97-af2c-48a6-bb8f-f5acb2145c35:192.168.164.193:42423, ce71e9bc-e571-4e52-8a73-1c9dce7b9fa7:192.168.164.193:36234], old=null
2019-10-28 11:44:59,235 [24830d12-f44b-43d9-b733-6f9667bbd6c9@group-08147416B334-LeaderElection170] INFO  impl.RaftServerImpl (RaftServerImpl.java:setRole(184)) - 24830d12-f44b-43d9-b733-6f9667bbd6c9@group-08147416B334: changes role from CANDIDATE to FOLLOWER at term 150 for DISCOVERED_A_NEW_TERM
2019-10-28 11:44:59,235 [24830d12-f44b-43d9-b733-6f9667bbd6c9@group-08147416B334-LeaderElection170] INFO  impl.RoleInfo (RoleInfo.java:shutdownLeaderElection(134)) - 24830d12-f44b-43d9-b733-6f9667bbd6c9: shutdown LeaderElection
2019-10-28 11:44:59,236 [24830d12-f44b-43d9-b733-6f9667bbd6c9@group-08147416B334-LeaderElection170] INFO  impl.RoleInfo (RoleInfo.java:updateAndGet(143)) - 24830d12-f44b-43d9-b733-6f9667bbd6c9: start FollowerState
2019-10-28 11:44:59,405 [Thread-2505] INFO  impl.FollowerState (FollowerState.java:run(108)) - 24830d12-f44b-43d9-b733-6f9667bbd6c9@group-08147416B334-FollowerState: change to CANDIDATE, lastRpcTime:169ms, electionTimeout:169ms
2019-10-28 11:44:59,405 [Thread-2505] INFO  impl.RoleInfo (RoleInfo.java:shutdownFollowerState(121)) - 24830d12-f44b-43d9-b733-6f9667bbd6c9: shutdown FollowerState
2019-10-28 11:44:59,406 [Thread-2505] INFO  impl.RaftServerImpl (RaftServerImpl.java:setRole(184)) - 24830d12-f44b-43d9-b733-6f9667bbd6c9@group-08147416B334: changes role from  FOLLOWER to CANDIDATE at term 150 for changeToCandidate
2019-10-28 11:44:59,406 [Thread-2505] INFO  impl.RoleInfo (RoleInfo.java:updateAndGet(143)) - 24830d12-f44b-43d9-b733-6f9667bbd6c9: start LeaderElection
2019-10-28 11:44:59,424 [24830d12-f44b-43d9-b733-6f9667bbd6c9@group-08147416B334-LeaderElection171] INFO  impl.LeaderElection (LeaderElection.java:askForVotes(178)) - 24830d12-f44b-43d9-b733-6f9667bbd6c9@group-08147416B334-LeaderElection171: begin an election at term 151 for -1: [24830d12-f44b-43d9-b733-6f9667bbd6c9:192.168.164.193:40613, 75159f97-af2c-48a6-bb8f-f5acb2145c35:192.168.164.193:42423, ce71e9bc-e571-4e52-8a73-1c9dce7b9fa7:192.168.164.193:36234], old=null
2019-10-28 11:44:59,426 [grpc-default-executor-8] INFO  impl.RaftServerImpl (RaftServerImpl.java:setRole(184)) - 75159f97-af2c-48a6-bb8f-f5acb2145c35@group-08147416B334: changes role from  FOLLOWER to FOLLOWER at term 151 for recognizeCandidate:24830d12-f44b-43d9-b733-6f9667bbd6c9
2019-10-28 11:44:59,427 [grpc-default-executor-8] INFO  impl.RoleInfo (RoleInfo.java:shutdownFollowerState(121)) - 75159f97-af2c-48a6-bb8f-f5acb2145c35: shutdown FollowerState
2019-10-28 11:44:59,427 [grpc-default-executor-0] INFO  impl.RaftServerImpl (RaftServerImpl.java:setRole(184)) - ce71e9bc-e571-4e52-8a73-1c9dce7b9fa7@group-08147416B334: changes role from  FOLLOWER to FOLLOWER at term 151 for recognizeCandidate:24830d12-f44b-43d9-b733-6f9667bbd6c9
2019-10-28 11:44:59,427 [Thread-2503] INFO  impl.FollowerState (FollowerState.java:run(117)) - 75159f97-af2c-48a6-bb8f-f5acb2145c35@group-08147416B334-FollowerState was interrupted: java.lang.InterruptedException: sleep interrupted
2019-10-28 11:44:59,427 [grpc-default-executor-8] INFO  impl.RoleInfo (RoleInfo.java:updateAndGet(143)) - 75159f97-af2c-48a6-bb8f-f5acb2145c35: start FollowerState
2019-10-28 11:44:59,427 [grpc-default-executor-0] INFO  impl.RoleInfo (RoleInfo.java:shutdownFollowerState(121)) - ce71e9bc-e571-4e52-8a73-1c9dce7b9fa7: shutdown FollowerState
2019-10-28 11:44:59,427 [grpc-default-executor-0] INFO  impl.RoleInfo (RoleInfo.java:updateAndGet(143)) - ce71e9bc-e571-4e52-8a73-1c9dce7b9fa7: start FollowerState
2019-10-28 11:44:59,427 [Thread-2504] INFO  impl.FollowerState (FollowerState.java:run(117)) - ce71e9bc-e571-4e52-8a73-1c9dce7b9fa7@group-08147416B334-FollowerState was interrupted: java.lang.InterruptedException: sleep interrupted
2019-10-28 11:44:59,436 [24830d12-f44b-43d9-b733-6f9667bbd6c9@group-08147416B334-LeaderElection171] INFO  impl.LeaderElection (LeaderElection.java:logAndReturn(56)) - 24830d12-f44b-43d9-b733-6f9667bbd6c9@group-08147416B334-LeaderElection171: Election TIMEOUT; received 0 response(s) [] and 0 exception(s); 24830d12-f44b-43d9-b733-6f9667bbd6c9@group-08147416B334:t151, leader=null, voted=24830d12-f44b-43d9-b733-6f9667bbd6c9, raftlog=24830d12-f44b-43d9-b733-6f9667bbd6c9@group-08147416B334-SegmentedRaftLog:OPENED:c-1,f-1,i0, conf=-1: [24830d12-f44b-43d9-b733-6f9667bbd6c9:192.168.164.193:40613, 75159f97-af2c-48a6-bb8f-f5acb2145c35:192.168.164.193:42423, ce71e9bc-e571-4e52-8a73-1c9dce7b9fa7:192.168.164.193:36234], old=null
2019-10-28 11:44:59,438 [main] INFO  ozoneimpl.OzoneContainer (OzoneContainer.java:stop(227)) - Attempting to stop container services.
2019-10-28 11:44:59,438 [ForkJoinPool.commonPool-worker-1] INFO  ozoneimpl.OzoneContainer (OzoneContainer.java:stop(227)) - Attempting to stop container services.
2019-10-28 11:44:59,439 [main] INFO  impl.RaftServerProxy (RaftServerProxy.java:lambda$close$4(314)) - 24830d12-f44b-43d9-b733-6f9667bbd6c9: close
2019-10-28 11:44:59,439 [24830d12-f44b-43d9-b733-6f9667bbd6c9@group-08147416B334-LeaderElection171] INFO  impl.LeaderElection (LeaderElection.java:askForVotes(178)) - 24830d12-f44b-43d9-b733-6f9667bbd6c9@group-08147416B334-LeaderElection171: begin an election at term 152 for -1: [24830d12-f44b-43d9-b733-6f9667bbd6c9:192.168.164.193:40613, 75159f97-af2c-48a6-bb8f-f5acb2145c35:192.168.164.193:42423, ce71e9bc-e571-4e52-8a73-1c9dce7b9fa7:192.168.164.193:36234], old=null
2019-10-28 11:44:59,439 [ForkJoinPool.commonPool-worker-1] INFO  impl.RaftServerProxy (RaftServerProxy.java:lambda$close$4(314)) - 21e5d428-bfa8-41d9-bec1-e8e8886ad03a: close
2019-10-28 11:44:59,440 [main] INFO  impl.RaftServerImpl (RaftServerImpl.java:lambda$shutdown$3(261)) - 24830d12-f44b-43d9-b733-6f9667bbd6c9@group-08147416B334: shutdown
2019-10-28 11:44:59,440 [24830d12-f44b-43d9-b733-6f9667bbd6c9@group-08147416B334-LeaderElection171] INFO  impl.LeaderElection (LeaderElection.java:logAndReturn(56)) - 24830d12-f44b-43d9-b733-6f9667bbd6c9@group-08147416B334-LeaderElection171: Election REJECTED; received 0 response(s) [] and 0 exception(s); 24830d12-f44b-43d9-b733-6f9667bbd6c9@group-08147416B334:t152, leader=null, voted=24830d12-f44b-43d9-b733-6f9667bbd6c9, raftlog=24830d12-f44b-43d9-b733-6f9667bbd6c9@group-08147416B334-SegmentedRaftLog:OPENED:c-1,f-1,i0, conf=-1: [24830d12-f44b-43d9-b733-6f9667bbd6c9:192.168.164.193:40613, 75159f97-af2c-48a6-bb8f-f5acb2145c35:192.168.164.193:42423, ce71e9bc-e571-4e52-8a73-1c9dce7b9fa7:192.168.164.193:36234], old=null
2019-10-28 11:44:59,440 [ForkJoinPool.commonPool-worker-1] INFO  impl.RaftServerImpl (RaftServerImpl.java:lambda$shutdown$3(261)) - 21e5d428-bfa8-41d9-bec1-e8e8886ad03a@group-DA45AA3847EA: shutdown
2019-10-28 11:44:59,440 [main] INFO  util.JmxRegister (JmxRegister.java:unregister(73)) - Successfully un-registered JMX Bean with object name Ratis:service=RaftServer,group=group-08147416B334,id=24830d12-f44b-43d9-b733-6f9667bbd6c9
2019-10-28 11:44:59,441 [ForkJoinPool.commonPool-worker-1] INFO  util.JmxRegister (JmxRegister.java:unregister(73)) - Successfully un-registered JMX Bean with object name Ratis:service=RaftServer,group=group-DA45AA3847EA,id=21e5d428-bfa8-41d9-bec1-e8e8886ad03a
2019-10-28 11:44:59,441 [main] INFO  impl.RoleInfo (RoleInfo.java:shutdownLeaderElection(134)) - 24830d12-f44b-43d9-b733-6f9667bbd6c9: shutdown LeaderElection
2019-10-28 11:44:59,441 [grpc-default-executor-8] INFO  impl.RaftServerImpl (RaftServerImpl.java:setRole(184)) - 75159f97-af2c-48a6-bb8f-f5acb2145c35@group-08147416B334: changes role from  FOLLOWER to FOLLOWER at term 152 for recognizeCandidate:24830d12-f44b-43d9-b733-6f9667bbd6c9
2019-10-28 11:44:59,442 [grpc-default-executor-8] INFO  impl.RoleInfo (RoleInfo.java:shutdownFollowerState(121)) - 75159f97-af2c-48a6-bb8f-f5acb2145c35: shutdown FollowerState
2019-10-28 11:44:59,441 [ForkJoinPool.commonPool-worker-1] INFO  impl.RoleInfo (RoleInfo.java:shutdownLeaderState(104)) - 21e5d428-bfa8-41d9-bec1-e8e8886ad03a: shutdown LeaderState
2019-10-28 11:44:59,442 [Thread-2511] INFO  impl.FollowerState (FollowerState.java:run(117)) - 75159f97-af2c-48a6-bb8f-f5acb2145c35@group-08147416B334-FollowerState was interrupted: java.lang.InterruptedException: sleep interrupted
2019-10-28 11:44:59,442 [grpc-default-executor-8] INFO  impl.RoleInfo (RoleInfo.java:updateAndGet(143)) - 75159f97-af2c-48a6-bb8f-f5acb2145c35: start FollowerState
2019-10-28 11:44:59,443 [ForkJoinPool.commonPool-worker-1] INFO  impl.PendingRequests (PendingRequests.java:sendNotLeaderResponses(202)) - 21e5d428-bfa8-41d9-bec1-e8e8886ad03a@group-DA45AA3847EA-PendingRequests: sendNotLeaderResponses
2019-10-28 11:44:59,442 [grpc-default-executor-0] INFO  impl.RaftServerImpl (RaftServerImpl.java:setRole(184)) - ce71e9bc-e571-4e52-8a73-1c9dce7b9fa7@group-08147416B334: changes role from  FOLLOWER to FOLLOWER at term 152 for recognizeCandidate:24830d12-f44b-43d9-b733-6f9667bbd6c9
2019-10-28 11:44:59,443 [grpc-default-executor-0] INFO  impl.RoleInfo (RoleInfo.java:shutdownFollowerState(121)) - ce71e9bc-e571-4e52-8a73-1c9dce7b9fa7: shutdown FollowerState
2019-10-28 11:44:59,442 [main] INFO  impl.StateMachineUpdater (StateMachineUpdater.java:stopAndJoin(136)) - 24830d12-f44b-43d9-b733-6f9667bbd6c9@group-08147416B334-StateMachineUpdater: set stopIndex = -1
2019-10-28 11:44:59,443 [ForkJoinPool.commonPool-worker-1] INFO  impl.StateMachineUpdater (StateMachineUpdater.java:stopAndJoin(136)) - 21e5d428-bfa8-41d9-bec1-e8e8886ad03a@group-DA45AA3847EA-StateMachineUpdater: set stopIndex = 0
2019-10-28 11:44:59,443 [Thread-2512] INFO  impl.FollowerState (FollowerState.java:run(117)) - ce71e9bc-e571-4e52-8a73-1c9dce7b9fa7@group-08147416B334-FollowerState was interrupted: java.lang.InterruptedException: sleep interrupted
2019-10-28 11:44:59,443 [grpc-default-executor-0] INFO  impl.RoleInfo (RoleInfo.java:updateAndGet(143)) - ce71e9bc-e571-4e52-8a73-1c9dce7b9fa7: start FollowerState
2019-10-28 11:44:59,444 [ForkJoinPool.commonPool-worker-1] INFO  impl.RaftServerImpl (ServerState.java:close(388)) - 21e5d428-bfa8-41d9-bec1-e8e8886ad03a@group-DA45AA3847EA: closes. applyIndex: 0
2019-10-28 11:44:59,443 [main] INFO  impl.RaftServerImpl (ServerState.java:close(388)) - 24830d12-f44b-43d9-b733-6f9667bbd6c9@group-08147416B334: closes. applyIndex: -1
2019-10-28 11:44:59,444 [21e5d428-bfa8-41d9-bec1-e8e8886ad03a@group-DA45AA3847EA-SegmentedRaftLogWorker] INFO  segmented.SegmentedRaftLogWorker (SegmentedRaftLogWorker.java:run(316)) - 21e5d428-bfa8-41d9-bec1-e8e8886ad03a@group-DA45AA3847EA-SegmentedRaftLogWorker was interrupted, exiting. There are 0 tasks remaining in the queue.
2019-10-28 11:44:59,444 [24830d12-f44b-43d9-b733-6f9667bbd6c9@group-08147416B334-SegmentedRaftLogWorker] INFO  segmented.SegmentedRaftLogWorker (SegmentedRaftLogWorker.java:run(316)) - 24830d12-f44b-43d9-b733-6f9667bbd6c9@group-08147416B334-SegmentedRaftLogWorker was interrupted, exiting. There are 0 tasks remaining in the queue.
2019-10-28 11:44:59,445 [main] INFO  segmented.SegmentedRaftLogWorker (SegmentedRaftLogWorker.java:close(224)) - 24830d12-f44b-43d9-b733-6f9667bbd6c9@group-08147416B334-SegmentedRaftLogWorker close()
2019-10-28 11:44:59,448 [ForkJoinPool.commonPool-worker-1] INFO  segmented.SegmentedRaftLogWorker (SegmentedRaftLogWorker.java:close(224)) - 21e5d428-bfa8-41d9-bec1-e8e8886ad03a@group-DA45AA3847EA-SegmentedRaftLogWorker close()
2019-10-28 11:44:59,470 [main] INFO  impl.RaftServerImpl (RaftServerImpl.java:lambda$shutdown$3(261)) - 24830d12-f44b-43d9-b733-6f9667bbd6c9@group-921206801838: shutdown
2019-10-28 11:44:59,472 [ForkJoinPool.commonPool-worker-1] INFO  impl.RaftServerImpl (RaftServerImpl.java:lambda$shutdown$3(261)) - 21e5d428-bfa8-41d9-bec1-e8e8886ad03a@group-0EDA3E4540D0: shutdown
2019-10-28 11:44:59,473 [main] INFO  util.JmxRegister (JmxRegister.java:unregister(73)) - Successfully un-registered JMX Bean with object name Ratis:service=RaftServer,group=group-921206801838,id=24830d12-f44b-43d9-b733-6f9667bbd6c9
2019-10-28 11:44:59,473 [ForkJoinPool.commonPool-worker-1] INFO  util.JmxRegister (JmxRegister.java:unregister(73)) - Successfully un-registered JMX Bean with object name Ratis:service=RaftServer,group=group-0EDA3E4540D0,id=21e5d428-bfa8-41d9-bec1-e8e8886ad03a
2019-10-28 11:44:59,473 [ForkJoinPool.commonPool-worker-1] INFO  impl.RoleInfo (RoleInfo.java:shutdownLeaderState(104)) - 21e5d428-bfa8-41d9-bec1-e8e8886ad03a: shutdown LeaderState
2019-10-28 11:44:59,473 [main] INFO  impl.RoleInfo (RoleInfo.java:shutdownLeaderState(104)) - 24830d12-f44b-43d9-b733-6f9667bbd6c9: shutdown LeaderState
2019-10-28 11:44:59,478 [org.apache.ratis.server.impl.LogAppender$AppenderDaemon$$Lambda$418/908975430@7591ca8b] WARN  server.GrpcLogAppender (GrpcLogAppender.java:mayWait(149)) - 21e5d428-bfa8-41d9-bec1-e8e8886ad03a@group-0EDA3E4540D0->03d0ba9c-9a68-4db9-a306-0d67556dce53-GrpcLogAppender: Wait interrupted by java.lang.InterruptedException
2019-10-28 11:44:59,478 [org.apache.ratis.server.impl.LogAppender$AppenderDaemon$$Lambda$418/908975430@442ed9df] WARN  server.GrpcLogAppender (GrpcLogAppender.java:mayWait(149)) - 21e5d428-bfa8-41d9-bec1-e8e8886ad03a@group-0EDA3E4540D0->31ceb61f-dd6d-4279-87bc-0b070a534ff8-GrpcLogAppender: Wait interrupted by java.lang.InterruptedException
2019-10-28 11:44:59,478 [ForkJoinPool.commonPool-worker-1] INFO  impl.PendingRequests (PendingRequests.java:sendNotLeaderResponses(202)) - 21e5d428-bfa8-41d9-bec1-e8e8886ad03a@group-0EDA3E4540D0-PendingRequests: sendNotLeaderResponses
2019-10-28 11:44:59,478 [main] INFO  impl.PendingRequests (PendingRequests.java:sendNotLeaderResponses(202)) - 24830d12-f44b-43d9-b733-6f9667bbd6c9@group-921206801838-PendingRequests: sendNotLeaderResponses
2019-10-28 11:44:59,486 [ForkJoinPool.commonPool-worker-1] INFO  impl.StateMachineUpdater (StateMachineUpdater.java:stopAndJoin(136)) - 21e5d428-bfa8-41d9-bec1-e8e8886ad03a@group-0EDA3E4540D0-StateMachineUpdater: set stopIndex = 4
2019-10-28 11:44:59,482 [grpc-default-executor-8] INFO  server.GrpcServerProtocolService (GrpcServerProtocolService.java:onCompleted(113)) - 03d0ba9c-9a68-4db9-a306-0d67556dce53: Completed APPEND_ENTRIES, lastRequest: 21e5d428-bfa8-41d9-bec1-e8e8886ad03a->03d0ba9c-9a68-4db9-a306-0d67556dce53#43-t1, previous=(t:1, i:4), leaderCommit=4, initializing? false, entries: <empty>
2019-10-28 11:44:59,482 [grpc-default-executor-0] INFO  server.GrpcServerProtocolService (GrpcServerProtocolService.java:onCompleted(113)) - 31ceb61f-dd6d-4279-87bc-0b070a534ff8: Completed APPEND_ENTRIES, lastRequest: 21e5d428-bfa8-41d9-bec1-e8e8886ad03a->31ceb61f-dd6d-4279-87bc-0b070a534ff8#43-t1, previous=(t:1, i:4), leaderCommit=4, initializing? false, entries: <empty>
2019-10-28 11:44:59,487 [21e5d428-bfa8-41d9-bec1-e8e8886ad03a@group-0EDA3E4540D0-StateMachineUpdater] INFO  ratis.ContainerStateMachine (ContainerStateMachine.java:takeSnapshot(294)) - group-0EDA3E4540D0: Taking a snapshot at:(t:1, i:4) file /workdir/hadoop-ozone/integration-test/target/test-dir/MiniOzoneClusterImpl-b31733c6-727c-4256-9138-ff5b19d95bfe/datanode-2/data/ratis/c2fa87d6-81e7-4a93-a99b-0eda3e4540d0/sm/snapshot.1_4
2019-10-28 11:44:59,486 [main] INFO  impl.StateMachineUpdater (StateMachineUpdater.java:stopAndJoin(136)) - 24830d12-f44b-43d9-b733-6f9667bbd6c9@group-921206801838-StateMachineUpdater: set stopIndex = 0
2019-10-28 11:44:59,487 [grpc-default-executor-0] INFO  server.GrpcLogAppender (GrpcLogAppender.java:onCompleted(308)) - 21e5d428-bfa8-41d9-bec1-e8e8886ad03a@group-0EDA3E4540D0->31ceb61f-dd6d-4279-87bc-0b070a534ff8-AppendLogResponseHandler: follower responses appendEntries COMPLETED
2019-10-28 11:44:59,487 [grpc-default-executor-8] INFO  server.GrpcLogAppender (GrpcLogAppender.java:onCompleted(308)) - 21e5d428-bfa8-41d9-bec1-e8e8886ad03a@group-0EDA3E4540D0->03d0ba9c-9a68-4db9-a306-0d67556dce53-AppendLogResponseHandler: follower responses appendEntries COMPLETED
2019-10-28 11:44:59,487 [main] INFO  impl.RaftServerImpl (ServerState.java:close(388)) - 24830d12-f44b-43d9-b733-6f9667bbd6c9@group-921206801838: closes. applyIndex: 0
2019-10-28 11:44:59,490 [24830d12-f44b-43d9-b733-6f9667bbd6c9@group-921206801838-SegmentedRaftLogWorker] INFO  segmented.SegmentedRaftLogWorker (SegmentedRaftLogWorker.java:run(316)) - 24830d12-f44b-43d9-b733-6f9667bbd6c9@group-921206801838-SegmentedRaftLogWorker was interrupted, exiting. There are 0 tasks remaining in the queue.
2019-10-28 11:44:59,493 [main] INFO  segmented.SegmentedRaftLogWorker (SegmentedRaftLogWorker.java:close(224)) - 24830d12-f44b-43d9-b733-6f9667bbd6c9@group-921206801838-SegmentedRaftLogWorker close()
2019-10-28 11:44:59,495 [grpc-default-executor-0] INFO  impl.FollowerInfo (FollowerInfo.java:lambda$new$0(51)) - 21e5d428-bfa8-41d9-bec1-e8e8886ad03a@group-0EDA3E4540D0->31ceb61f-dd6d-4279-87bc-0b070a534ff8: nextIndex: updateUnconditionally 5 -> 4
2019-10-28 11:44:59,497 [main] INFO  server.GrpcService (GrpcService.java:closeImpl(164)) - 24830d12-f44b-43d9-b733-6f9667bbd6c9: shutdown server with port 40613 now
2019-10-28 11:44:59,497 [grpc-default-executor-8] INFO  impl.FollowerInfo (FollowerInfo.java:lambda$new$0(51)) - 21e5d428-bfa8-41d9-bec1-e8e8886ad03a@group-0EDA3E4540D0->03d0ba9c-9a68-4db9-a306-0d67556dce53: nextIndex: updateUnconditionally 5 -> 4
2019-10-28 11:44:59,502 [21e5d428-bfa8-41d9-bec1-e8e8886ad03a@group-0EDA3E4540D0-StateMachineUpdater] INFO  ratis.ContainerStateMachine (ContainerStateMachine.java:takeSnapshot(305)) - group-0EDA3E4540D0: Finished taking a snapshot at:(t:1, i:4) file:/workdir/hadoop-ozone/integration-test/target/test-dir/MiniOzoneClusterImpl-b31733c6-727c-4256-9138-ff5b19d95bfe/datanode-2/data/ratis/c2fa87d6-81e7-4a93-a99b-0eda3e4540d0/sm/snapshot.1_4 time:15
2019-10-28 11:44:59,503 [21e5d428-bfa8-41d9-bec1-e8e8886ad03a@group-0EDA3E4540D0-StateMachineUpdater] INFO  impl.StateMachineUpdater (StateMachineUpdater.java:takeSnapshot(269)) - 21e5d428-bfa8-41d9-bec1-e8e8886ad03a@group-0EDA3E4540D0-StateMachineUpdater: Took a snapshot at index 4
2019-10-28 11:44:59,503 [21e5d428-bfa8-41d9-bec1-e8e8886ad03a@group-0EDA3E4540D0-StateMachineUpdater] INFO  impl.StateMachineUpdater (StateMachineUpdater.java:lambda$new$0(84)) - 21e5d428-bfa8-41d9-bec1-e8e8886ad03a@group-0EDA3E4540D0-StateMachineUpdater: snapshotIndex: updateIncreasingly -1 -> 4
2019-10-28 11:44:59,503 [main] INFO  server.GrpcService (GrpcService.java:closeImpl(172)) - 24830d12-f44b-43d9-b733-6f9667bbd6c9: shutdown server with port 40613 successfully
2019-10-28 11:44:59,503 [ForkJoinPool.commonPool-worker-1] INFO  impl.RaftServerImpl (ServerState.java:close(388)) - 21e5d428-bfa8-41d9-bec1-e8e8886ad03a@group-0EDA3E4540D0: closes. applyIndex: 4
2019-10-28 11:44:59,504 [21e5d428-bfa8-41d9-bec1-e8e8886ad03a@group-0EDA3E4540D0-SegmentedRaftLogWorker] INFO  segmented.SegmentedRaftLogWorker (SegmentedRaftLogWorker.java:run(316)) - 21e5d428-bfa8-41d9-bec1-e8e8886ad03a@group-0EDA3E4540D0-SegmentedRaftLogWorker was interrupted, exiting. There are 0 tasks remaining in the queue.
2019-10-28 11:44:59,507 [ForkJoinPool.commonPool-worker-1] INFO  segmented.SegmentedRaftLogWorker (SegmentedRaftLogWorker.java:close(224)) - 21e5d428-bfa8-41d9-bec1-e8e8886ad03a@group-0EDA3E4540D0-SegmentedRaftLogWorker close()
2019-10-28 11:44:59,509 [ForkJoinPool.commonPool-worker-1] INFO  server.GrpcService (GrpcService.java:closeImpl(164)) - 21e5d428-bfa8-41d9-bec1-e8e8886ad03a: shutdown server with port 40834 now
2019-10-28 11:44:59,509 [ForkJoinPool.commonPool-worker-1] INFO  server.GrpcService (GrpcService.java:closeImpl(172)) - 21e5d428-bfa8-41d9-bec1-e8e8886ad03a: shutdown server with port 40834 successfully
2019-10-28 11:44:59,512 [refreshUsed-/workdir/hadoop-ozone/integration-test/target/test-dir/MiniOzoneClusterImpl-b31733c6-727c-4256-9138-ff5b19d95bfe/datanode-2/data/containers] WARN  fs.CachingGetSpaceUsed (CachingGetSpaceUsed.java:run(183)) - Thread Interrupted waiting to refresh disk information: sleep interrupted
2019-10-28 11:44:59,515 [refreshUsed-/workdir/hadoop-ozone/integration-test/target/test-dir/MiniOzoneClusterImpl-b31733c6-727c-4256-9138-ff5b19d95bfe/datanode-5/data/containers] WARN  fs.CachingGetSpaceUsed (CachingGetSpaceUsed.java:run(183)) - Thread Interrupted waiting to refresh disk information: sleep interrupted
2019-10-28 11:44:59,531 [main] INFO  utils.BackgroundService (BackgroundService.java:shutdown(151)) - Shutting down service BlockDeletingService
2019-10-28 11:44:59,537 [main] INFO  statemachine.DatanodeStateMachine (DatanodeStateMachine.java:stopDaemon(395)) - Ozone container server stopped.
2019-10-28 11:44:59,540 [ForkJoinPool.commonPool-worker-1] INFO  utils.BackgroundService (BackgroundService.java:shutdown(151)) - Shutting down service BlockDeletingService
2019-10-28 11:44:59,540 [main] INFO  handler.ContextHandler (ContextHandler.java:doStop(910)) - Stopped o.e.j.w.WebAppContext@4337afd{/,null,UNAVAILABLE}{/hddsDatanode}
2019-10-28 11:44:59,545 [ForkJoinPool.commonPool-worker-1] INFO  statemachine.DatanodeStateMachine (DatanodeStateMachine.java:stopDaemon(395)) - Ozone container server stopped.
2019-10-28 11:44:59,550 [ForkJoinPool.commonPool-worker-1] INFO  handler.ContextHandler (ContextHandler.java:doStop(910)) - Stopped o.e.j.w.WebAppContext@16736040{/,null,UNAVAILABLE}{/hddsDatanode}
2019-10-28 11:44:59,550 [main] INFO  server.AbstractConnector (AbstractConnector.java:doStop(318)) - Stopped ServerConnector@1d02af26{HTTP/1.1,[http/1.1]}{0.0.0.0:0}
2019-10-28 11:44:59,550 [ForkJoinPool.commonPool-worker-1] INFO  server.AbstractConnector (AbstractConnector.java:doStop(318)) - Stopped ServerConnector@7c5d1d25{HTTP/1.1,[http/1.1]}{0.0.0.0:0}
2019-10-28 11:44:59,552 [main] INFO  handler.ContextHandler (ContextHandler.java:doStop(910)) - Stopped o.e.j.s.ServletContextHandler@2dbc408c{/static,jar:file:/home/user/.m2/repository/org/apache/hadoop/hadoop-hdds-container-service/0.5.0-SNAPSHOT/hadoop-hdds-container-service-0.5.0-SNAPSHOT.jar!/webapps/static,UNAVAILABLE}
2019-10-28 11:44:59,552 [ForkJoinPool.commonPool-worker-1] INFO  handler.ContextHandler (ContextHandler.java:doStop(910)) - Stopped o.e.j.s.ServletContextHandler@3a3ed300{/static,jar:file:/home/user/.m2/repository/org/apache/hadoop/hadoop-hdds-container-service/0.5.0-SNAPSHOT/hadoop-hdds-container-service-0.5.0-SNAPSHOT.jar!/webapps/static,UNAVAILABLE}
2019-10-28 11:44:59,553 [main] INFO  handler.ContextHandler (ContextHandler.java:doStop(910)) - Stopped o.e.j.s.ServletContextHandler@55f4887d{/logs,file:///workdir/hadoop-ozone/integration-test/target/log,UNAVAILABLE}
2019-10-28 11:44:59,554 [ForkJoinPool.commonPool-worker-1] INFO  handler.ContextHandler (ContextHandler.java:doStop(910)) - Stopped o.e.j.s.ServletContextHandler@3472947a{/logs,file:///workdir/hadoop-ozone/integration-test/target/log,UNAVAILABLE}
2019-10-28 11:44:59,601 [Datanode State Machine Thread - 0] INFO  statemachine.DatanodeStateMachine (DatanodeStateMachine.java:lambda$startDaemon$0(350)) - Ozone container server started.
2019-10-28 11:45:00,271 [Datanode State Machine Thread - 0] INFO  statemachine.DatanodeStateMachine (DatanodeStateMachine.java:lambda$startDaemon$0(350)) - Ozone container server started.
2019-10-28 11:45:00,434 [Thread-1332] INFO  impl.FollowerState (FollowerState.java:run(108)) - 03d0ba9c-9a68-4db9-a306-0d67556dce53@group-0EDA3E4540D0-FollowerState: change to CANDIDATE, lastRpcTime:1096ms, electionTimeout:1049ms
2019-10-28 11:45:00,434 [Thread-1332] INFO  impl.RoleInfo (RoleInfo.java:shutdownFollowerState(121)) - 03d0ba9c-9a68-4db9-a306-0d67556dce53: shutdown FollowerState
2019-10-28 11:45:00,434 [Thread-1332] INFO  impl.RaftServerImpl (RaftServerImpl.java:setRole(184)) - 03d0ba9c-9a68-4db9-a306-0d67556dce53@group-0EDA3E4540D0: changes role from  FOLLOWER to CANDIDATE at term 1 for changeToCandidate
2019-10-28 11:45:00,435 [Thread-1332] INFO  impl.RoleInfo (RoleInfo.java:updateAndGet(143)) - 03d0ba9c-9a68-4db9-a306-0d67556dce53: start LeaderElection
2019-10-28 11:45:00,435 [03d0ba9c-9a68-4db9-a306-0d67556dce53@group-0EDA3E4540D0-LeaderElection172] INFO  impl.RaftServerImpl (ServerState.java:setLeader(256)) - 03d0ba9c-9a68-4db9-a306-0d67556dce53@group-0EDA3E4540D0: change Leader from 21e5d428-bfa8-41d9-bec1-e8e8886ad03a to null at term 1 for initElection
2019-10-28 11:45:00,449 [03d0ba9c-9a68-4db9-a306-0d67556dce53@group-0EDA3E4540D0-LeaderElection172] INFO  impl.LeaderElection (LeaderElection.java:askForVotes(178)) - 03d0ba9c-9a68-4db9-a306-0d67556dce53@group-0EDA3E4540D0-LeaderElection172: begin an election at term 2 for 0: [21e5d428-bfa8-41d9-bec1-e8e8886ad03a:192.168.164.193:40834, 03d0ba9c-9a68-4db9-a306-0d67556dce53:192.168.164.193:33662, 31ceb61f-dd6d-4279-87bc-0b070a534ff8:192.168.164.193:42807], old=null
2019-10-28 11:45:00,455 [grpc-default-executor-0] INFO  impl.RaftServerImpl (ServerState.java:setLeader(256)) - 31ceb61f-dd6d-4279-87bc-0b070a534ff8@group-0EDA3E4540D0: change Leader from 21e5d428-bfa8-41d9-bec1-e8e8886ad03a to null at term 2 for updateCurrentTerm
2019-10-28 11:45:00,455 [grpc-default-executor-0] INFO  impl.RaftServerImpl (RaftServerImpl.java:setRole(184)) - 31ceb61f-dd6d-4279-87bc-0b070a534ff8@group-0EDA3E4540D0: changes role from  FOLLOWER to FOLLOWER at term 2 for recognizeCandidate:03d0ba9c-9a68-4db9-a306-0d67556dce53
2019-10-28 11:45:00,456 [grpc-default-executor-0] INFO  impl.RoleInfo (RoleInfo.java:shutdownFollowerState(121)) - 31ceb61f-dd6d-4279-87bc-0b070a534ff8: shutdown FollowerState
2019-10-28 11:45:00,456 [grpc-default-executor-0] INFO  impl.RoleInfo (RoleInfo.java:updateAndGet(143)) - 31ceb61f-dd6d-4279-87bc-0b070a534ff8: start FollowerState
2019-10-28 11:45:00,456 [Thread-1333] INFO  impl.FollowerState (FollowerState.java:run(117)) - 31ceb61f-dd6d-4279-87bc-0b070a534ff8@group-0EDA3E4540D0-FollowerState was interrupted: java.lang.InterruptedException: sleep interrupted
2019-10-28 11:45:00,458 [03d0ba9c-9a68-4db9-a306-0d67556dce53@group-0EDA3E4540D0-LeaderElection172] INFO  impl.LeaderElection (LogUtils.java:infoOrTrace(149)) - 03d0ba9c-9a68-4db9-a306-0d67556dce53@group-0EDA3E4540D0-LeaderElection172 got exception when requesting votes: {}
java.util.concurrent.ExecutionException: org.apache.ratis.thirdparty.io.grpc.StatusRuntimeException: UNAVAILABLE: io exception
	at java.util.concurrent.FutureTask.report(FutureTask.java:122)
	at java.util.concurrent.FutureTask.get(FutureTask.java:192)
	at org.apache.ratis.server.impl.LeaderElection.waitForResults(LeaderElection.java:259)
	at org.apache.ratis.server.impl.LeaderElection.askForVotes(LeaderElection.java:197)
	at org.apache.ratis.server.impl.LeaderElection.run(LeaderElection.java:133)
	at java.lang.Thread.run(Thread.java:748)
Caused by: org.apache.ratis.thirdparty.io.grpc.StatusRuntimeException: UNAVAILABLE: io exception
	at org.apache.ratis.thirdparty.io.grpc.stub.ClientCalls.toStatusRuntimeException(ClientCalls.java:233)
	at org.apache.ratis.thirdparty.io.grpc.stub.ClientCalls.getUnchecked(ClientCalls.java:214)
	at org.apache.ratis.thirdparty.io.grpc.stub.ClientCalls.blockingUnaryCall(ClientCalls.java:139)
	at org.apache.ratis.proto.grpc.RaftServerProtocolServiceGrpc$RaftServerProtocolServiceBlockingStub.requestVote(RaftServerProtocolServiceGrpc.java:265)
	at org.apache.ratis.grpc.server.GrpcServerProtocolClient.requestVote(GrpcServerProtocolClient.java:99)
	at org.apache.ratis.grpc.server.GrpcService.requestVote(GrpcService.java:204)
	at org.apache.ratis.server.impl.LeaderElection.lambda$submitRequests$1(LeaderElection.java:234)
	at java.util.concurrent.FutureTask.run(FutureTask.java:266)
	at java.util.concurrent.Executors$RunnableAdapter.call(Executors.java:511)
	at java.util.concurrent.FutureTask.run(FutureTask.java:266)
	at java.util.concurrent.ThreadPoolExecutor.runWorker(ThreadPoolExecutor.java:1149)
	at java.util.concurrent.ThreadPoolExecutor$Worker.run(ThreadPoolExecutor.java:624)
	... 1 more
Caused by: org.apache.ratis.thirdparty.io.netty.channel.AbstractChannel$AnnotatedConnectException: Connection refused: /192.168.164.193:40834
	at sun.nio.ch.SocketChannelImpl.checkConnect(Native Method)
	at sun.nio.ch.SocketChannelImpl.finishConnect(SocketChannelImpl.java:717)
	at org.apache.ratis.thirdparty.io.netty.channel.socket.nio.NioSocketChannel.doFinishConnect(NioSocketChannel.java:327)
	at org.apache.ratis.thirdparty.io.netty.channel.nio.AbstractNioChannel$AbstractNioUnsafe.finishConnect(AbstractNioChannel.java:340)
	at org.apache.ratis.thirdparty.io.netty.channel.nio.NioEventLoop.processSelectedKey(NioEventLoop.java:632)
	at org.apache.ratis.thirdparty.io.netty.channel.nio.NioEventLoop.processSelectedKeysOptimized(NioEventLoop.java:579)
	at org.apache.ratis.thirdparty.io.netty.channel.nio.NioEventLoop.processSelectedKeys(NioEventLoop.java:496)
	at org.apache.ratis.thirdparty.io.netty.channel.nio.NioEventLoop.run(NioEventLoop.java:458)
	at org.apache.ratis.thirdparty.io.netty.util.concurrent.SingleThreadEventExecutor$5.run(SingleThreadEventExecutor.java:897)
	at org.apache.ratis.thirdparty.io.netty.util.concurrent.FastThreadLocalRunnable.run(FastThreadLocalRunnable.java:30)
	... 1 more
Caused by: java.net.ConnectException: Connection refused
	... 11 more
2019-10-28 11:45:00,471 [03d0ba9c-9a68-4db9-a306-0d67556dce53@group-0EDA3E4540D0-LeaderElection172] INFO  impl.LeaderElection (LeaderElection.java:logAndReturn(56)) - 03d0ba9c-9a68-4db9-a306-0d67556dce53@group-0EDA3E4540D0-LeaderElection172: Election PASSED; received 1 response(s) [03d0ba9c-9a68-4db9-a306-0d67556dce53<-31ceb61f-dd6d-4279-87bc-0b070a534ff8#0:OK-t2] and 1 exception(s); 03d0ba9c-9a68-4db9-a306-0d67556dce53@group-0EDA3E4540D0:t2, leader=null, voted=03d0ba9c-9a68-4db9-a306-0d67556dce53, raftlog=03d0ba9c-9a68-4db9-a306-0d67556dce53@group-0EDA3E4540D0-SegmentedRaftLog:OPENED:c4,f4,i4, conf=0: [21e5d428-bfa8-41d9-bec1-e8e8886ad03a:192.168.164.193:40834, 03d0ba9c-9a68-4db9-a306-0d67556dce53:192.168.164.193:33662, 31ceb61f-dd6d-4279-87bc-0b070a534ff8:192.168.164.193:42807], old=null
2019-10-28 11:45:00,472 [03d0ba9c-9a68-4db9-a306-0d67556dce53@group-0EDA3E4540D0-LeaderElection172] INFO  impl.LeaderElection (LogUtils.java:infoOrTrace(149)) -   Exception 0: {}
java.util.concurrent.ExecutionException: org.apache.ratis.thirdparty.io.grpc.StatusRuntimeException: UNAVAILABLE: io exception
	at java.util.concurrent.FutureTask.report(FutureTask.java:122)
	at java.util.concurrent.FutureTask.get(FutureTask.java:192)
	at org.apache.ratis.server.impl.LeaderElection.waitForResults(LeaderElection.java:259)
	at org.apache.ratis.server.impl.LeaderElection.askForVotes(LeaderElection.java:197)
	at org.apache.ratis.server.impl.LeaderElection.run(LeaderElection.java:133)
	at java.lang.Thread.run(Thread.java:748)
Caused by: org.apache.ratis.thirdparty.io.grpc.StatusRuntimeException: UNAVAILABLE: io exception
	at org.apache.ratis.thirdparty.io.grpc.stub.ClientCalls.toStatusRuntimeException(ClientCalls.java:233)
	at org.apache.ratis.thirdparty.io.grpc.stub.ClientCalls.getUnchecked(ClientCalls.java:214)
	at org.apache.ratis.thirdparty.io.grpc.stub.ClientCalls.blockingUnaryCall(ClientCalls.java:139)
	at org.apache.ratis.proto.grpc.RaftServerProtocolServiceGrpc$RaftServerProtocolServiceBlockingStub.requestVote(RaftServerProtocolServiceGrpc.java:265)
	at org.apache.ratis.grpc.server.GrpcServerProtocolClient.requestVote(GrpcServerProtocolClient.java:99)
	at org.apache.ratis.grpc.server.GrpcService.requestVote(GrpcService.java:204)
	at org.apache.ratis.server.impl.LeaderElection.lambda$submitRequests$1(LeaderElection.java:234)
	at java.util.concurrent.FutureTask.run(FutureTask.java:266)
	at java.util.concurrent.Executors$RunnableAdapter.call(Executors.java:511)
	at java.util.concurrent.FutureTask.run(FutureTask.java:266)
	at java.util.concurrent.ThreadPoolExecutor.runWorker(ThreadPoolExecutor.java:1149)
	at java.util.concurrent.ThreadPoolExecutor$Worker.run(ThreadPoolExecutor.java:624)
	... 1 more
Caused by: org.apache.ratis.thirdparty.io.netty.channel.AbstractChannel$AnnotatedConnectException: Connection refused: /192.168.164.193:40834
	at sun.nio.ch.SocketChannelImpl.checkConnect(Native Method)
	at sun.nio.ch.SocketChannelImpl.finishConnect(SocketChannelImpl.java:717)
	at org.apache.ratis.thirdparty.io.netty.channel.socket.nio.NioSocketChannel.doFinishConnect(NioSocketChannel.java:327)
	at org.apache.ratis.thirdparty.io.netty.channel.nio.AbstractNioChannel$AbstractNioUnsafe.finishConnect(AbstractNioChannel.java:340)
	at org.apache.ratis.thirdparty.io.netty.channel.nio.NioEventLoop.processSelectedKey(NioEventLoop.java:632)
	at org.apache.ratis.thirdparty.io.netty.channel.nio.NioEventLoop.processSelectedKeysOptimized(NioEventLoop.java:579)
	at org.apache.ratis.thirdparty.io.netty.channel.nio.NioEventLoop.processSelectedKeys(NioEventLoop.java:496)
	at org.apache.ratis.thirdparty.io.netty.channel.nio.NioEventLoop.run(NioEventLoop.java:458)
	at org.apache.ratis.thirdparty.io.netty.util.concurrent.SingleThreadEventExecutor$5.run(SingleThreadEventExecutor.java:897)
	at org.apache.ratis.thirdparty.io.netty.util.concurrent.FastThreadLocalRunnable.run(FastThreadLocalRunnable.java:30)
	... 1 more
Caused by: java.net.ConnectException: Connection refused
	... 11 more
2019-10-28 11:45:00,473 [03d0ba9c-9a68-4db9-a306-0d67556dce53@group-0EDA3E4540D0-LeaderElection172] INFO  impl.RoleInfo (RoleInfo.java:shutdownLeaderElection(134)) - 03d0ba9c-9a68-4db9-a306-0d67556dce53: shutdown LeaderElection
2019-10-28 11:45:00,473 [03d0ba9c-9a68-4db9-a306-0d67556dce53@group-0EDA3E4540D0-LeaderElection172] INFO  impl.RaftServerImpl (RaftServerImpl.java:setRole(184)) - 03d0ba9c-9a68-4db9-a306-0d67556dce53@group-0EDA3E4540D0: changes role from CANDIDATE to LEADER at term 2 for changeToLeader
2019-10-28 11:45:00,473 [03d0ba9c-9a68-4db9-a306-0d67556dce53@group-0EDA3E4540D0-LeaderElection172] INFO  impl.RaftServerImpl (ServerState.java:setLeader(256)) - 03d0ba9c-9a68-4db9-a306-0d67556dce53@group-0EDA3E4540D0: change Leader from null to 03d0ba9c-9a68-4db9-a306-0d67556dce53 at term 2 for becomeLeader, leader elected after 37ms
2019-10-28 11:45:00,473 [03d0ba9c-9a68-4db9-a306-0d67556dce53@group-0EDA3E4540D0-LeaderElection172] INFO  server.RaftServerConfigKeys (ConfUtils.java:logGet(43)) - raft.server.staging.catchup.gap = 1000 (default)
2019-10-28 11:45:00,473 [03d0ba9c-9a68-4db9-a306-0d67556dce53@group-0EDA3E4540D0-LeaderElection172] INFO  server.RaftServerConfigKeys (ConfUtils.java:logGet(43)) - raft.server.rpc.sleep.time = 25ms (default)
2019-10-28 11:45:00,474 [03d0ba9c-9a68-4db9-a306-0d67556dce53@group-0EDA3E4540D0-LeaderElection172] INFO  server.RaftServerConfigKeys (ConfUtils.java:logGet(43)) - raft.server.write.element-limit = 4096 (default)
2019-10-28 11:45:00,474 [03d0ba9c-9a68-4db9-a306-0d67556dce53@group-0EDA3E4540D0-LeaderElection172] INFO  server.RaftServerConfigKeys (ConfUtils.java:logGet(43)) - raft.server.watch.timeout = 10s (default)
2019-10-28 11:45:00,474 [03d0ba9c-9a68-4db9-a306-0d67556dce53@group-0EDA3E4540D0-LeaderElection172] INFO  server.RaftServerConfigKeys (ConfUtils.java:logGet(43)) - raft.server.watch.timeout.denomination = 1s (default)
2019-10-28 11:45:00,474 [03d0ba9c-9a68-4db9-a306-0d67556dce53@group-0EDA3E4540D0-LeaderElection172] INFO  server.RaftServerConfigKeys (ConfUtils.java:logGet(43)) - raft.server.watch.element-limit = 65536 (default)
2019-10-28 11:45:00,477 [03d0ba9c-9a68-4db9-a306-0d67556dce53@group-0EDA3E4540D0-LeaderElection172] INFO  server.RaftServerConfigKeys (ConfUtils.java:logGet(43)) - raft.server.log.appender.snapshot.chunk.size.max = 16MB (=16777216) (default)
2019-10-28 11:45:00,477 [03d0ba9c-9a68-4db9-a306-0d67556dce53@group-0EDA3E4540D0-LeaderElection172] INFO  server.RaftServerConfigKeys (ConfUtils.java:logGet(43)) - raft.server.log.appender.buffer.byte-limit = 33554432 (custom)
2019-10-28 11:45:00,477 [03d0ba9c-9a68-4db9-a306-0d67556dce53@group-0EDA3E4540D0-LeaderElection172] INFO  server.RaftServerConfigKeys (ConfUtils.java:logGet(43)) - raft.server.log.appender.buffer.element-limit = 1 (custom)
2019-10-28 11:45:00,478 [03d0ba9c-9a68-4db9-a306-0d67556dce53@group-0EDA3E4540D0-LeaderElection172] INFO  grpc.GrpcConfigKeys$Server (ConfUtils.java:logGet(43)) - raft.grpc.server.leader.outstanding.appends.max = 128 (default)
2019-10-28 11:45:00,478 [03d0ba9c-9a68-4db9-a306-0d67556dce53@group-0EDA3E4540D0-LeaderElection172] INFO  server.RaftServerConfigKeys (ConfUtils.java:logGet(43)) - raft.server.rpc.request.timeout = 3000ms (default)
2019-10-28 11:45:00,478 [03d0ba9c-9a68-4db9-a306-0d67556dce53@group-0EDA3E4540D0-LeaderElection172] INFO  server.RaftServerConfigKeys (ConfUtils.java:logGet(43)) - raft.server.log.appender.install.snapshot.enabled = false (custom)
2019-10-28 11:45:00,480 [03d0ba9c-9a68-4db9-a306-0d67556dce53@group-0EDA3E4540D0-LeaderElection172] INFO  server.RaftServerConfigKeys (ConfUtils.java:logGet(43)) - raft.server.log.appender.snapshot.chunk.size.max = 16MB (=16777216) (default)
2019-10-28 11:45:00,480 [03d0ba9c-9a68-4db9-a306-0d67556dce53@group-0EDA3E4540D0-LeaderElection172] INFO  server.RaftServerConfigKeys (ConfUtils.java:logGet(43)) - raft.server.log.appender.buffer.byte-limit = 33554432 (custom)
2019-10-28 11:45:00,480 [03d0ba9c-9a68-4db9-a306-0d67556dce53@group-0EDA3E4540D0-LeaderElection172] INFO  server.RaftServerConfigKeys (ConfUtils.java:logGet(43)) - raft.server.log.appender.buffer.element-limit = 1 (custom)
2019-10-28 11:45:00,480 [03d0ba9c-9a68-4db9-a306-0d67556dce53@group-0EDA3E4540D0-LeaderElection172] INFO  grpc.GrpcConfigKeys$Server (ConfUtils.java:logGet(43)) - raft.grpc.server.leader.outstanding.appends.max = 128 (default)
2019-10-28 11:45:00,480 [03d0ba9c-9a68-4db9-a306-0d67556dce53@group-0EDA3E4540D0-LeaderElection172] INFO  server.RaftServerConfigKeys (ConfUtils.java:logGet(43)) - raft.server.rpc.request.timeout = 3000ms (default)
2019-10-28 11:45:00,480 [03d0ba9c-9a68-4db9-a306-0d67556dce53@group-0EDA3E4540D0-LeaderElection172] INFO  server.RaftServerConfigKeys (ConfUtils.java:logGet(43)) - raft.server.log.appender.install.snapshot.enabled = false (custom)
2019-10-28 11:45:00,482 [03d0ba9c-9a68-4db9-a306-0d67556dce53@group-0EDA3E4540D0-LeaderElection172] INFO  impl.RoleInfo (RoleInfo.java:updateAndGet(143)) - 03d0ba9c-9a68-4db9-a306-0d67556dce53: start LeaderState
2019-10-28 11:45:00,483 [03d0ba9c-9a68-4db9-a306-0d67556dce53@group-0EDA3E4540D0-LeaderElection172] INFO  segmented.SegmentedRaftLogWorker (SegmentedRaftLogWorker.java:rollLogSegment(390)) - 03d0ba9c-9a68-4db9-a306-0d67556dce53@group-0EDA3E4540D0-SegmentedRaftLogWorker: Rolling segment log-0_4 to index:4
2019-10-28 11:45:00,484 [03d0ba9c-9a68-4db9-a306-0d67556dce53@group-0EDA3E4540D0-LeaderElection172] INFO  impl.RaftServerImpl (ServerState.java:setRaftConf(357)) - 03d0ba9c-9a68-4db9-a306-0d67556dce53@group-0EDA3E4540D0: set configuration 5: [21e5d428-bfa8-41d9-bec1-e8e8886ad03a:192.168.164.193:40834, 03d0ba9c-9a68-4db9-a306-0d67556dce53:192.168.164.193:33662, 31ceb61f-dd6d-4279-87bc-0b070a534ff8:192.168.164.193:42807], old=null at 5
2019-10-28 11:45:00,484 [03d0ba9c-9a68-4db9-a306-0d67556dce53@group-0EDA3E4540D0-SegmentedRaftLogWorker] INFO  segmented.SegmentedRaftLogWorker (SegmentedRaftLogWorker.java:execute(533)) - 03d0ba9c-9a68-4db9-a306-0d67556dce53@group-0EDA3E4540D0-SegmentedRaftLogWorker: Rolled log segment from /workdir/hadoop-ozone/integration-test/target/test-dir/MiniOzoneClusterImpl-b31733c6-727c-4256-9138-ff5b19d95bfe/datanode-1/data/ratis/c2fa87d6-81e7-4a93-a99b-0eda3e4540d0/current/log_inprogress_0 to /workdir/hadoop-ozone/integration-test/target/test-dir/MiniOzoneClusterImpl-b31733c6-727c-4256-9138-ff5b19d95bfe/datanode-1/data/ratis/c2fa87d6-81e7-4a93-a99b-0eda3e4540d0/current/log_0-4
2019-10-28 11:45:00,484 [grpc-default-executor-0] WARN  server.GrpcLogAppender (LogUtils.java:warn(134)) - 03d0ba9c-9a68-4db9-a306-0d67556dce53@group-0EDA3E4540D0->21e5d428-bfa8-41d9-bec1-e8e8886ad03a-AppendLogResponseHandler: Failed appendEntries: org.apache.ratis.thirdparty.io.grpc.StatusRuntimeException: UNAVAILABLE: io exception
2019-10-28 11:45:00,531 [grpc-default-executor-8] INFO  impl.RaftServerImpl (ServerState.java:setLeader(256)) - 31ceb61f-dd6d-4279-87bc-0b070a534ff8@group-0EDA3E4540D0: change Leader from null to 03d0ba9c-9a68-4db9-a306-0d67556dce53 at term 2 for appendEntries, leader elected after 29ms
2019-10-28 11:45:00,534 [grpc-default-executor-0] INFO  impl.RaftServerImpl (ServerState.java:setRaftConf(357)) - 31ceb61f-dd6d-4279-87bc-0b070a534ff8@group-0EDA3E4540D0: set configuration 5: [21e5d428-bfa8-41d9-bec1-e8e8886ad03a:192.168.164.193:40834, 03d0ba9c-9a68-4db9-a306-0d67556dce53:192.168.164.193:33662, 31ceb61f-dd6d-4279-87bc-0b070a534ff8:192.168.164.193:42807], old=null at 5
2019-10-28 11:45:00,534 [grpc-default-executor-0] INFO  segmented.SegmentedRaftLogWorker (SegmentedRaftLogWorker.java:rollLogSegment(390)) - 31ceb61f-dd6d-4279-87bc-0b070a534ff8@group-0EDA3E4540D0-SegmentedRaftLogWorker: Rolling segment log-0_4 to index:4
2019-10-28 11:45:00,535 [31ceb61f-dd6d-4279-87bc-0b070a534ff8@group-0EDA3E4540D0-SegmentedRaftLogWorker] INFO  segmented.SegmentedRaftLogWorker (SegmentedRaftLogWorker.java:execute(533)) - 31ceb61f-dd6d-4279-87bc-0b070a534ff8@group-0EDA3E4540D0-SegmentedRaftLogWorker: Rolled log segment from /workdir/hadoop-ozone/integration-test/target/test-dir/MiniOzoneClusterImpl-b31733c6-727c-4256-9138-ff5b19d95bfe/datanode-3/data/ratis/c2fa87d6-81e7-4a93-a99b-0eda3e4540d0/current/log_inprogress_0 to /workdir/hadoop-ozone/integration-test/target/test-dir/MiniOzoneClusterImpl-b31733c6-727c-4256-9138-ff5b19d95bfe/datanode-3/data/ratis/c2fa87d6-81e7-4a93-a99b-0eda3e4540d0/current/log_0-4
2019-10-28 11:45:00,535 [Thread-2516] INFO  impl.FollowerState (FollowerState.java:run(108)) - ce71e9bc-e571-4e52-8a73-1c9dce7b9fa7@group-08147416B334-FollowerState: change to CANDIDATE, lastRpcTime:1092ms, electionTimeout:1091ms
2019-10-28 11:45:00,535 [Thread-2516] INFO  impl.RoleInfo (RoleInfo.java:shutdownFollowerState(121)) - ce71e9bc-e571-4e52-8a73-1c9dce7b9fa7: shutdown FollowerState
2019-10-28 11:45:00,535 [Thread-2516] INFO  impl.RaftServerImpl (RaftServerImpl.java:setRole(184)) - ce71e9bc-e571-4e52-8a73-1c9dce7b9fa7@group-08147416B334: changes role from  FOLLOWER to CANDIDATE at term 152 for changeToCandidate
2019-10-28 11:45:00,535 [Thread-2516] INFO  impl.RoleInfo (RoleInfo.java:updateAndGet(143)) - ce71e9bc-e571-4e52-8a73-1c9dce7b9fa7: start LeaderElection
2019-10-28 11:45:00,557 [03d0ba9c-9a68-4db9-a306-0d67556dce53@group-0EDA3E4540D0-SegmentedRaftLogWorker] INFO  segmented.SegmentedRaftLogWorker (SegmentedRaftLogWorker.java:execute(576)) - 03d0ba9c-9a68-4db9-a306-0d67556dce53@group-0EDA3E4540D0-SegmentedRaftLogWorker: created new log segment /workdir/hadoop-ozone/integration-test/target/test-dir/MiniOzoneClusterImpl-b31733c6-727c-4256-9138-ff5b19d95bfe/datanode-1/data/ratis/c2fa87d6-81e7-4a93-a99b-0eda3e4540d0/current/log_inprogress_5
2019-10-28 11:45:00,557 [ce71e9bc-e571-4e52-8a73-1c9dce7b9fa7@group-08147416B334-LeaderElection173] INFO  impl.LeaderElection (LeaderElection.java:askForVotes(178)) - ce71e9bc-e571-4e52-8a73-1c9dce7b9fa7@group-08147416B334-LeaderElection173: begin an election at term 153 for 0: [24830d12-f44b-43d9-b733-6f9667bbd6c9:192.168.164.193:40613, 75159f97-af2c-48a6-bb8f-f5acb2145c35:192.168.164.193:42423, ce71e9bc-e571-4e52-8a73-1c9dce7b9fa7:192.168.164.193:36234], old=null
2019-10-28 11:45:00,560 [ce71e9bc-e571-4e52-8a73-1c9dce7b9fa7@group-08147416B334-LeaderElection173] INFO  impl.LeaderElection (LogUtils.java:infoOrTrace(149)) - ce71e9bc-e571-4e52-8a73-1c9dce7b9fa7@group-08147416B334-LeaderElection173 got exception when requesting votes: {}
java.util.concurrent.ExecutionException: org.apache.ratis.thirdparty.io.grpc.StatusRuntimeException: UNAVAILABLE: io exception
	at java.util.concurrent.FutureTask.report(FutureTask.java:122)
	at java.util.concurrent.FutureTask.get(FutureTask.java:192)
	at org.apache.ratis.server.impl.LeaderElection.waitForResults(LeaderElection.java:259)
	at org.apache.ratis.server.impl.LeaderElection.askForVotes(LeaderElection.java:197)
	at org.apache.ratis.server.impl.LeaderElection.run(LeaderElection.java:133)
	at java.lang.Thread.run(Thread.java:748)
Caused by: org.apache.ratis.thirdparty.io.grpc.StatusRuntimeException: UNAVAILABLE: io exception
	at org.apache.ratis.thirdparty.io.grpc.stub.ClientCalls.toStatusRuntimeException(ClientCalls.java:233)
	at org.apache.ratis.thirdparty.io.grpc.stub.ClientCalls.getUnchecked(ClientCalls.java:214)
	at org.apache.ratis.thirdparty.io.grpc.stub.ClientCalls.blockingUnaryCall(ClientCalls.java:139)
	at org.apache.ratis.proto.grpc.RaftServerProtocolServiceGrpc$RaftServerProtocolServiceBlockingStub.requestVote(RaftServerProtocolServiceGrpc.java:265)
	at org.apache.ratis.grpc.server.GrpcServerProtocolClient.requestVote(GrpcServerProtocolClient.java:99)
	at org.apache.ratis.grpc.server.GrpcService.requestVote(GrpcService.java:204)
	at org.apache.ratis.server.impl.LeaderElection.lambda$submitRequests$1(LeaderElection.java:234)
	at java.util.concurrent.FutureTask.run(FutureTask.java:266)
	at java.util.concurrent.Executors$RunnableAdapter.call(Executors.java:511)
	at java.util.concurrent.FutureTask.run(FutureTask.java:266)
	at java.util.concurrent.ThreadPoolExecutor.runWorker(ThreadPoolExecutor.java:1149)
	at java.util.concurrent.ThreadPoolExecutor$Worker.run(ThreadPoolExecutor.java:624)
	... 1 more
Caused by: org.apache.ratis.thirdparty.io.netty.channel.AbstractChannel$AnnotatedConnectException: Connection refused: /192.168.164.193:40613
	at sun.nio.ch.SocketChannelImpl.checkConnect(Native Method)
	at sun.nio.ch.SocketChannelImpl.finishConnect(SocketChannelImpl.java:717)
	at org.apache.ratis.thirdparty.io.netty.channel.socket.nio.NioSocketChannel.doFinishConnect(NioSocketChannel.java:327)
	at org.apache.ratis.thirdparty.io.netty.channel.nio.AbstractNioChannel$AbstractNioUnsafe.finishConnect(AbstractNioChannel.java:340)
	at org.apache.ratis.thirdparty.io.netty.channel.nio.NioEventLoop.processSelectedKey(NioEventLoop.java:632)
	at org.apache.ratis.thirdparty.io.netty.channel.nio.NioEventLoop.processSelectedKeysOptimized(NioEventLoop.java:579)
	at org.apache.ratis.thirdparty.io.netty.channel.nio.NioEventLoop.processSelectedKeys(NioEventLoop.java:496)
	at org.apache.ratis.thirdparty.io.netty.channel.nio.NioEventLoop.run(NioEventLoop.java:458)
	at org.apache.ratis.thirdparty.io.netty.util.concurrent.SingleThreadEventExecutor$5.run(SingleThreadEventExecutor.java:897)
	at org.apache.ratis.thirdparty.io.netty.util.concurrent.FastThreadLocalRunnable.run(FastThreadLocalRunnable.java:30)
	... 1 more
Caused by: java.net.ConnectException: Connection refused
	... 11 more
2019-10-28 11:45:00,570 [grpc-default-executor-8] INFO  impl.RaftServerImpl (RaftServerImpl.java:setRole(184)) - 75159f97-af2c-48a6-bb8f-f5acb2145c35@group-08147416B334: changes role from  FOLLOWER to FOLLOWER at term 153 for recognizeCandidate:ce71e9bc-e571-4e52-8a73-1c9dce7b9fa7
2019-10-28 11:45:00,570 [grpc-default-executor-8] INFO  impl.RoleInfo (RoleInfo.java:shutdownFollowerState(121)) - 75159f97-af2c-48a6-bb8f-f5acb2145c35: shutdown FollowerState
2019-10-28 11:45:00,570 [grpc-default-executor-8] INFO  impl.RoleInfo (RoleInfo.java:updateAndGet(143)) - 75159f97-af2c-48a6-bb8f-f5acb2145c35: start FollowerState
2019-10-28 11:45:00,570 [Thread-2515] INFO  impl.FollowerState (FollowerState.java:run(117)) - 75159f97-af2c-48a6-bb8f-f5acb2145c35@group-08147416B334-FollowerState was interrupted: java.lang.InterruptedException: sleep interrupted
2019-10-28 11:45:00,572 [31ceb61f-dd6d-4279-87bc-0b070a534ff8@group-0EDA3E4540D0-SegmentedRaftLogWorker] INFO  segmented.SegmentedRaftLogWorker (SegmentedRaftLogWorker.java:execute(576)) - 31ceb61f-dd6d-4279-87bc-0b070a534ff8@group-0EDA3E4540D0-SegmentedRaftLogWorker: created new log segment /workdir/hadoop-ozone/integration-test/target/test-dir/MiniOzoneClusterImpl-b31733c6-727c-4256-9138-ff5b19d95bfe/datanode-3/data/ratis/c2fa87d6-81e7-4a93-a99b-0eda3e4540d0/current/log_inprogress_5
2019-10-28 11:45:00,574 [ce71e9bc-e571-4e52-8a73-1c9dce7b9fa7@group-08147416B334-LeaderElection173] INFO  impl.LeaderElection (LeaderElection.java:logAndReturn(56)) - ce71e9bc-e571-4e52-8a73-1c9dce7b9fa7@group-08147416B334-LeaderElection173: Election PASSED; received 1 response(s) [ce71e9bc-e571-4e52-8a73-1c9dce7b9fa7<-75159f97-af2c-48a6-bb8f-f5acb2145c35#0:OK-t153] and 1 exception(s); ce71e9bc-e571-4e52-8a73-1c9dce7b9fa7@group-08147416B334:t153, leader=null, voted=ce71e9bc-e571-4e52-8a73-1c9dce7b9fa7, raftlog=ce71e9bc-e571-4e52-8a73-1c9dce7b9fa7@group-08147416B334-SegmentedRaftLog:OPENED:c-1,f0,i0, conf=0: [24830d12-f44b-43d9-b733-6f9667bbd6c9:192.168.164.193:40613, 75159f97-af2c-48a6-bb8f-f5acb2145c35:192.168.164.193:42423, ce71e9bc-e571-4e52-8a73-1c9dce7b9fa7:192.168.164.193:36234], old=null
2019-10-28 11:45:00,574 [ce71e9bc-e571-4e52-8a73-1c9dce7b9fa7@group-08147416B334-LeaderElection173] INFO  impl.LeaderElection (LogUtils.java:infoOrTrace(149)) -   Exception 0: {}
java.util.concurrent.ExecutionException: org.apache.ratis.thirdparty.io.grpc.StatusRuntimeException: UNAVAILABLE: io exception
	at java.util.concurrent.FutureTask.report(FutureTask.java:122)
	at java.util.concurrent.FutureTask.get(FutureTask.java:192)
	at org.apache.ratis.server.impl.LeaderElection.waitForResults(LeaderElection.java:259)
	at org.apache.ratis.server.impl.LeaderElection.askForVotes(LeaderElection.java:197)
	at org.apache.ratis.server.impl.LeaderElection.run(LeaderElection.java:133)
	at java.lang.Thread.run(Thread.java:748)
Caused by: org.apache.ratis.thirdparty.io.grpc.StatusRuntimeException: UNAVAILABLE: io exception
	at org.apache.ratis.thirdparty.io.grpc.stub.ClientCalls.toStatusRuntimeException(ClientCalls.java:233)
	at org.apache.ratis.thirdparty.io.grpc.stub.ClientCalls.getUnchecked(ClientCalls.java:214)
	at org.apache.ratis.thirdparty.io.grpc.stub.ClientCalls.blockingUnaryCall(ClientCalls.java:139)
	at org.apache.ratis.proto.grpc.RaftServerProtocolServiceGrpc$RaftServerProtocolServiceBlockingStub.requestVote(RaftServerProtocolServiceGrpc.java:265)
	at org.apache.ratis.grpc.server.GrpcServerProtocolClient.requestVote(GrpcServerProtocolClient.java:99)
	at org.apache.ratis.grpc.server.GrpcService.requestVote(GrpcService.java:204)
	at org.apache.ratis.server.impl.LeaderElection.lambda$submitRequests$1(LeaderElection.java:234)
	at java.util.concurrent.FutureTask.run(FutureTask.java:266)
	at java.util.concurrent.Executors$RunnableAdapter.call(Executors.java:511)
	at java.util.concurrent.FutureTask.run(FutureTask.java:266)
	at java.util.concurrent.ThreadPoolExecutor.runWorker(ThreadPoolExecutor.java:1149)
	at java.util.concurrent.ThreadPoolExecutor$Worker.run(ThreadPoolExecutor.java:624)
	... 1 more
Caused by: org.apache.ratis.thirdparty.io.netty.channel.AbstractChannel$AnnotatedConnectException: Connection refused: /192.168.164.193:40613
	at sun.nio.ch.SocketChannelImpl.checkConnect(Native Method)
	at sun.nio.ch.SocketChannelImpl.finishConnect(SocketChannelImpl.java:717)
	at org.apache.ratis.thirdparty.io.netty.channel.socket.nio.NioSocketChannel.doFinishConnect(NioSocketChannel.java:327)
	at org.apache.ratis.thirdparty.io.netty.channel.nio.AbstractNioChannel$AbstractNioUnsafe.finishConnect(AbstractNioChannel.java:340)
	at org.apache.ratis.thirdparty.io.netty.channel.nio.NioEventLoop.processSelectedKey(NioEventLoop.java:632)
	at org.apache.ratis.thirdparty.io.netty.channel.nio.NioEventLoop.processSelectedKeysOptimized(NioEventLoop.java:579)
	at org.apache.ratis.thirdparty.io.netty.channel.nio.NioEventLoop.processSelectedKeys(NioEventLoop.java:496)
	at org.apache.ratis.thirdparty.io.netty.channel.nio.NioEventLoop.run(NioEventLoop.java:458)
	at org.apache.ratis.thirdparty.io.netty.util.concurrent.SingleThreadEventExecutor$5.run(SingleThreadEventExecutor.java:897)
	at org.apache.ratis.thirdparty.io.netty.util.concurrent.FastThreadLocalRunnable.run(FastThreadLocalRunnable.java:30)
	... 1 more
Caused by: java.net.ConnectException: Connection refused
	... 11 more
2019-10-28 11:45:00,577 [ce71e9bc-e571-4e52-8a73-1c9dce7b9fa7@group-08147416B334-LeaderElection173] INFO  impl.RoleInfo (RoleInfo.java:shutdownLeaderElection(134)) - ce71e9bc-e571-4e52-8a73-1c9dce7b9fa7: shutdown LeaderElection
2019-10-28 11:45:00,578 [ce71e9bc-e571-4e52-8a73-1c9dce7b9fa7@group-08147416B334-LeaderElection173] INFO  impl.RaftServerImpl (RaftServerImpl.java:setRole(184)) - ce71e9bc-e571-4e52-8a73-1c9dce7b9fa7@group-08147416B334: changes role from CANDIDATE to LEADER at term 153 for changeToLeader
2019-10-28 11:45:00,578 [ce71e9bc-e571-4e52-8a73-1c9dce7b9fa7@group-08147416B334-LeaderElection173] INFO  impl.RaftServerImpl (ServerState.java:setLeader(256)) - ce71e9bc-e571-4e52-8a73-1c9dce7b9fa7@group-08147416B334: change Leader from null to ce71e9bc-e571-4e52-8a73-1c9dce7b9fa7 at term 153 for becomeLeader, leader elected after 20566ms
2019-10-28 11:45:00,578 [ce71e9bc-e571-4e52-8a73-1c9dce7b9fa7@group-08147416B334-LeaderElection173] INFO  server.RaftServerConfigKeys (ConfUtils.java:logGet(43)) - raft.server.staging.catchup.gap = 1000 (default)
2019-10-28 11:45:00,578 [ce71e9bc-e571-4e52-8a73-1c9dce7b9fa7@group-08147416B334-LeaderElection173] INFO  server.RaftServerConfigKeys (ConfUtils.java:logGet(43)) - raft.server.rpc.sleep.time = 25ms (default)
2019-10-28 11:45:00,578 [ce71e9bc-e571-4e52-8a73-1c9dce7b9fa7@group-08147416B334-LeaderElection173] INFO  server.RaftServerConfigKeys (ConfUtils.java:logGet(43)) - raft.server.write.element-limit = 4096 (default)
2019-10-28 11:45:00,578 [ce71e9bc-e571-4e52-8a73-1c9dce7b9fa7@group-08147416B334-LeaderElection173] INFO  server.RaftServerConfigKeys (ConfUtils.java:logGet(43)) - raft.server.watch.timeout = 10s (default)
2019-10-28 11:45:00,578 [ce71e9bc-e571-4e52-8a73-1c9dce7b9fa7@group-08147416B334-LeaderElection173] INFO  server.RaftServerConfigKeys (ConfUtils.java:logGet(43)) - raft.server.watch.timeout.denomination = 1s (default)
2019-10-28 11:45:00,578 [ce71e9bc-e571-4e52-8a73-1c9dce7b9fa7@group-08147416B334-LeaderElection173] INFO  server.RaftServerConfigKeys (ConfUtils.java:logGet(43)) - raft.server.watch.element-limit = 65536 (default)
2019-10-28 11:45:00,579 [ce71e9bc-e571-4e52-8a73-1c9dce7b9fa7@group-08147416B334-LeaderElection173] INFO  server.RaftServerConfigKeys (ConfUtils.java:logGet(43)) - raft.server.log.appender.snapshot.chunk.size.max = 16MB (=16777216) (default)
2019-10-28 11:45:00,579 [ce71e9bc-e571-4e52-8a73-1c9dce7b9fa7@group-08147416B334-LeaderElection173] INFO  server.RaftServerConfigKeys (ConfUtils.java:logGet(43)) - raft.server.log.appender.buffer.byte-limit = 33554432 (custom)
2019-10-28 11:45:00,579 [ce71e9bc-e571-4e52-8a73-1c9dce7b9fa7@group-08147416B334-LeaderElection173] INFO  server.RaftServerConfigKeys (ConfUtils.java:logGet(43)) - raft.server.log.appender.buffer.element-limit = 1 (custom)
2019-10-28 11:45:00,579 [ce71e9bc-e571-4e52-8a73-1c9dce7b9fa7@group-08147416B334-LeaderElection173] INFO  grpc.GrpcConfigKeys$Server (ConfUtils.java:logGet(43)) - raft.grpc.server.leader.outstanding.appends.max = 128 (default)
2019-10-28 11:45:00,579 [ce71e9bc-e571-4e52-8a73-1c9dce7b9fa7@group-08147416B334-LeaderElection173] INFO  server.RaftServerConfigKeys (ConfUtils.java:logGet(43)) - raft.server.rpc.request.timeout = 3000ms (default)
2019-10-28 11:45:00,579 [ce71e9bc-e571-4e52-8a73-1c9dce7b9fa7@group-08147416B334-LeaderElection173] INFO  server.RaftServerConfigKeys (ConfUtils.java:logGet(43)) - raft.server.log.appender.install.snapshot.enabled = false (custom)
2019-10-28 11:45:00,581 [ce71e9bc-e571-4e52-8a73-1c9dce7b9fa7@group-08147416B334-LeaderElection173] INFO  server.RaftServerConfigKeys (ConfUtils.java:logGet(43)) - raft.server.log.appender.snapshot.chunk.size.max = 16MB (=16777216) (default)
2019-10-28 11:45:00,581 [ce71e9bc-e571-4e52-8a73-1c9dce7b9fa7@group-08147416B334-LeaderElection173] INFO  server.RaftServerConfigKeys (ConfUtils.java:logGet(43)) - raft.server.log.appender.buffer.byte-limit = 33554432 (custom)
2019-10-28 11:45:00,581 [ce71e9bc-e571-4e52-8a73-1c9dce7b9fa7@group-08147416B334-LeaderElection173] INFO  server.RaftServerConfigKeys (ConfUtils.java:logGet(43)) - raft.server.log.appender.buffer.element-limit = 1 (custom)
2019-10-28 11:45:00,582 [ce71e9bc-e571-4e52-8a73-1c9dce7b9fa7@group-08147416B334-LeaderElection173] INFO  grpc.GrpcConfigKeys$Server (ConfUtils.java:logGet(43)) - raft.grpc.server.leader.outstanding.appends.max = 128 (default)
2019-10-28 11:45:00,582 [ce71e9bc-e571-4e52-8a73-1c9dce7b9fa7@group-08147416B334-LeaderElection173] INFO  server.RaftServerConfigKeys (ConfUtils.java:logGet(43)) - raft.server.rpc.request.timeout = 3000ms (default)
2019-10-28 11:45:00,582 [ce71e9bc-e571-4e52-8a73-1c9dce7b9fa7@group-08147416B334-LeaderElection173] INFO  server.RaftServerConfigKeys (ConfUtils.java:logGet(43)) - raft.server.log.appender.install.snapshot.enabled = false (custom)
2019-10-28 11:45:00,586 [ce71e9bc-e571-4e52-8a73-1c9dce7b9fa7@group-08147416B334-LeaderElection173] INFO  impl.RoleInfo (RoleInfo.java:updateAndGet(143)) - ce71e9bc-e571-4e52-8a73-1c9dce7b9fa7: start LeaderState
2019-10-28 11:45:00,587 [ce71e9bc-e571-4e52-8a73-1c9dce7b9fa7@group-08147416B334-LeaderElection173] INFO  segmented.SegmentedRaftLogWorker (SegmentedRaftLogWorker.java:rollLogSegment(390)) - ce71e9bc-e571-4e52-8a73-1c9dce7b9fa7@group-08147416B334-SegmentedRaftLogWorker: Rolling segment log-0_0 to index:0
2019-10-28 11:45:00,587 [ce71e9bc-e571-4e52-8a73-1c9dce7b9fa7@group-08147416B334-LeaderElection173] INFO  impl.RaftServerImpl (ServerState.java:setRaftConf(357)) - ce71e9bc-e571-4e52-8a73-1c9dce7b9fa7@group-08147416B334: set configuration 1: [24830d12-f44b-43d9-b733-6f9667bbd6c9:192.168.164.193:40613, 75159f97-af2c-48a6-bb8f-f5acb2145c35:192.168.164.193:42423, ce71e9bc-e571-4e52-8a73-1c9dce7b9fa7:192.168.164.193:36234], old=null at 1
2019-10-28 11:45:00,588 [ce71e9bc-e571-4e52-8a73-1c9dce7b9fa7@group-08147416B334-SegmentedRaftLogWorker] INFO  segmented.SegmentedRaftLogWorker (SegmentedRaftLogWorker.java:execute(533)) - ce71e9bc-e571-4e52-8a73-1c9dce7b9fa7@group-08147416B334-SegmentedRaftLogWorker: Rolled log segment from /workdir/hadoop-ozone/integration-test/target/test-dir/MiniOzoneClusterImpl-b31733c6-727c-4256-9138-ff5b19d95bfe/datanode-4/data/ratis/a1f718c7-e34d-4c3e-9e12-08147416b334/current/log_inprogress_0 to /workdir/hadoop-ozone/integration-test/target/test-dir/MiniOzoneClusterImpl-b31733c6-727c-4256-9138-ff5b19d95bfe/datanode-4/data/ratis/a1f718c7-e34d-4c3e-9e12-08147416b334/current/log_0-0
2019-10-28 11:45:00,588 [grpc-default-executor-8] WARN  server.GrpcLogAppender (LogUtils.java:warn(134)) - ce71e9bc-e571-4e52-8a73-1c9dce7b9fa7@group-08147416B334->24830d12-f44b-43d9-b733-6f9667bbd6c9-AppendLogResponseHandler: Failed appendEntries: org.apache.ratis.thirdparty.io.grpc.StatusRuntimeException: UNAVAILABLE: io exception
2019-10-28 11:45:00,589 [grpc-default-executor-0] INFO  impl.RaftServerImpl (ServerState.java:setLeader(256)) - 75159f97-af2c-48a6-bb8f-f5acb2145c35@group-08147416B334: change Leader from null to ce71e9bc-e571-4e52-8a73-1c9dce7b9fa7 at term 153 for appendEntries, leader elected after 20576ms
2019-10-28 11:45:00,590 [grpc-default-executor-0] INFO  impl.RaftServerImpl (ServerState.java:setRaftConf(357)) - 75159f97-af2c-48a6-bb8f-f5acb2145c35@group-08147416B334: set configuration 1: [24830d12-f44b-43d9-b733-6f9667bbd6c9:192.168.164.193:40613, 75159f97-af2c-48a6-bb8f-f5acb2145c35:192.168.164.193:42423, ce71e9bc-e571-4e52-8a73-1c9dce7b9fa7:192.168.164.193:36234], old=null at 1
2019-10-28 11:45:00,590 [grpc-default-executor-0] INFO  segmented.SegmentedRaftLogWorker (SegmentedRaftLogWorker.java:rollLogSegment(390)) - 75159f97-af2c-48a6-bb8f-f5acb2145c35@group-08147416B334-SegmentedRaftLogWorker: Rolling segment log-0_0 to index:0
2019-10-28 11:45:00,591 [75159f97-af2c-48a6-bb8f-f5acb2145c35@group-08147416B334-SegmentedRaftLogWorker] INFO  segmented.SegmentedRaftLogWorker (SegmentedRaftLogWorker.java:execute(533)) - 75159f97-af2c-48a6-bb8f-f5acb2145c35@group-08147416B334-SegmentedRaftLogWorker: Rolled log segment from /workdir/hadoop-ozone/integration-test/target/test-dir/MiniOzoneClusterImpl-b31733c6-727c-4256-9138-ff5b19d95bfe/datanode-0/data/ratis/a1f718c7-e34d-4c3e-9e12-08147416b334/current/log_inprogress_0 to /workdir/hadoop-ozone/integration-test/target/test-dir/MiniOzoneClusterImpl-b31733c6-727c-4256-9138-ff5b19d95bfe/datanode-0/data/ratis/a1f718c7-e34d-4c3e-9e12-08147416b334/current/log_0-0
2019-10-28 11:45:00,639 [75159f97-af2c-48a6-bb8f-f5acb2145c35@group-08147416B334-SegmentedRaftLogWorker] INFO  segmented.SegmentedRaftLogWorker (SegmentedRaftLogWorker.java:execute(576)) - 75159f97-af2c-48a6-bb8f-f5acb2145c35@group-08147416B334-SegmentedRaftLogWorker: created new log segment /workdir/hadoop-ozone/integration-test/target/test-dir/MiniOzoneClusterImpl-b31733c6-727c-4256-9138-ff5b19d95bfe/datanode-0/data/ratis/a1f718c7-e34d-4c3e-9e12-08147416b334/current/log_inprogress_1
2019-10-28 11:45:00,639 [ce71e9bc-e571-4e52-8a73-1c9dce7b9fa7@group-08147416B334-SegmentedRaftLogWorker] INFO  segmented.SegmentedRaftLogWorker (SegmentedRaftLogWorker.java:execute(576)) - ce71e9bc-e571-4e52-8a73-1c9dce7b9fa7@group-08147416B334-SegmentedRaftLogWorker: created new log segment /workdir/hadoop-ozone/integration-test/target/test-dir/MiniOzoneClusterImpl-b31733c6-727c-4256-9138-ff5b19d95bfe/datanode-4/data/ratis/a1f718c7-e34d-4c3e-9e12-08147416b334/current/log_inprogress_1
2019-10-28 11:45:03,485 [java.util.concurrent.ThreadPoolExecutor$Worker@2f1242dc[State = -1, empty queue]] WARN  server.GrpcLogAppender (GrpcLogAppender.java:timeoutAppendRequest(209)) - 03d0ba9c-9a68-4db9-a306-0d67556dce53@group-0EDA3E4540D0->21e5d428-bfa8-41d9-bec1-e8e8886ad03a-GrpcLogAppender: appendEntries Timeout, request=03d0ba9c-9a68-4db9-a306-0d67556dce53->21e5d428-bfa8-41d9-bec1-e8e8886ad03a#0-t2, previous=(t:1, i:4), leaderCommit=4, initializing? false, entries: <empty>
2019-10-28 11:45:03,588 [java.util.concurrent.ThreadPoolExecutor$Worker@587f6f6f[State = -1, empty queue]] WARN  server.GrpcLogAppender (GrpcLogAppender.java:timeoutAppendRequest(209)) - ce71e9bc-e571-4e52-8a73-1c9dce7b9fa7@group-08147416B334->24830d12-f44b-43d9-b733-6f9667bbd6c9-GrpcLogAppender: appendEntries Timeout, request=ce71e9bc-e571-4e52-8a73-1c9dce7b9fa7->24830d12-f44b-43d9-b733-6f9667bbd6c9#0-t153, previous=(t:2, i:0), leaderCommit=-1, initializing? false, entries: <empty>
2019-10-28 11:45:04,558 [main] INFO  ozoneimpl.OzoneContainer (OzoneContainer.java:stop(227)) - Attempting to stop container services.
2019-10-28 11:45:04,558 [ForkJoinPool.commonPool-worker-1] INFO  ozoneimpl.OzoneContainer (OzoneContainer.java:stop(227)) - Attempting to stop container services.
2019-10-28 11:45:04,560 [ForkJoinPool.commonPool-worker-1] INFO  impl.RaftServerProxy (RaftServerProxy.java:lambda$close$4(314)) - 31ceb61f-dd6d-4279-87bc-0b070a534ff8: close
2019-10-28 11:45:04,560 [main] INFO  impl.RaftServerProxy (RaftServerProxy.java:lambda$close$4(314)) - a480340b-d1a5-4cd0-bc20-ae63b012c3c7: close
2019-10-28 11:45:04,560 [main] INFO  impl.RaftServerImpl (RaftServerImpl.java:lambda$shutdown$3(261)) - a480340b-d1a5-4cd0-bc20-ae63b012c3c7@group-CB3DA70F9539: shutdown
2019-10-28 11:45:04,560 [ForkJoinPool.commonPool-worker-1] INFO  impl.RaftServerImpl (RaftServerImpl.java:lambda$shutdown$3(261)) - 31ceb61f-dd6d-4279-87bc-0b070a534ff8@group-0EDA3E4540D0: shutdown
2019-10-28 11:45:04,561 [main] INFO  util.JmxRegister (JmxRegister.java:unregister(73)) - Successfully un-registered JMX Bean with object name Ratis:service=RaftServer,group=group-CB3DA70F9539,id=a480340b-d1a5-4cd0-bc20-ae63b012c3c7
2019-10-28 11:45:04,561 [ForkJoinPool.commonPool-worker-1] INFO  util.JmxRegister (JmxRegister.java:unregister(73)) - Successfully un-registered JMX Bean with object name Ratis:service=RaftServer,group=group-0EDA3E4540D0,id=31ceb61f-dd6d-4279-87bc-0b070a534ff8
2019-10-28 11:45:04,561 [main] INFO  impl.RoleInfo (RoleInfo.java:shutdownLeaderState(104)) - a480340b-d1a5-4cd0-bc20-ae63b012c3c7: shutdown LeaderState
2019-10-28 11:45:04,561 [ForkJoinPool.commonPool-worker-1] INFO  impl.RoleInfo (RoleInfo.java:shutdownFollowerState(121)) - 31ceb61f-dd6d-4279-87bc-0b070a534ff8: shutdown FollowerState
2019-10-28 11:45:04,562 [ForkJoinPool.commonPool-worker-1] INFO  impl.StateMachineUpdater (StateMachineUpdater.java:stopAndJoin(136)) - 31ceb61f-dd6d-4279-87bc-0b070a534ff8@group-0EDA3E4540D0-StateMachineUpdater: set stopIndex = 6
2019-10-28 11:45:04,562 [Thread-2524] INFO  impl.FollowerState (FollowerState.java:run(117)) - 31ceb61f-dd6d-4279-87bc-0b070a534ff8@group-0EDA3E4540D0-FollowerState was interrupted: java.lang.InterruptedException: sleep interrupted
2019-10-28 11:45:04,562 [main] INFO  impl.PendingRequests (PendingRequests.java:sendNotLeaderResponses(202)) - a480340b-d1a5-4cd0-bc20-ae63b012c3c7@group-CB3DA70F9539-PendingRequests: sendNotLeaderResponses
2019-10-28 11:45:04,562 [31ceb61f-dd6d-4279-87bc-0b070a534ff8@group-0EDA3E4540D0-StateMachineUpdater] INFO  ratis.ContainerStateMachine (ContainerStateMachine.java:takeSnapshot(294)) - group-0EDA3E4540D0: Taking a snapshot at:(t:1, i:3) file /workdir/hadoop-ozone/integration-test/target/test-dir/MiniOzoneClusterImpl-b31733c6-727c-4256-9138-ff5b19d95bfe/datanode-3/data/ratis/c2fa87d6-81e7-4a93-a99b-0eda3e4540d0/sm/snapshot.1_3
2019-10-28 11:45:04,562 [main] INFO  impl.StateMachineUpdater (StateMachineUpdater.java:stopAndJoin(136)) - a480340b-d1a5-4cd0-bc20-ae63b012c3c7@group-CB3DA70F9539-StateMachineUpdater: set stopIndex = 0
2019-10-28 11:45:04,563 [main] INFO  impl.RaftServerImpl (ServerState.java:close(388)) - a480340b-d1a5-4cd0-bc20-ae63b012c3c7@group-CB3DA70F9539: closes. applyIndex: 0
2019-10-28 11:45:04,564 [a480340b-d1a5-4cd0-bc20-ae63b012c3c7@group-CB3DA70F9539-SegmentedRaftLogWorker] INFO  segmented.SegmentedRaftLogWorker (SegmentedRaftLogWorker.java:run(316)) - a480340b-d1a5-4cd0-bc20-ae63b012c3c7@group-CB3DA70F9539-SegmentedRaftLogWorker was interrupted, exiting. There are 0 tasks remaining in the queue.
2019-10-28 11:45:04,570 [main] INFO  segmented.SegmentedRaftLogWorker (SegmentedRaftLogWorker.java:close(224)) - a480340b-d1a5-4cd0-bc20-ae63b012c3c7@group-CB3DA70F9539-SegmentedRaftLogWorker close()
2019-10-28 11:45:04,572 [main] INFO  impl.RaftServerImpl (RaftServerImpl.java:lambda$shutdown$3(261)) - a480340b-d1a5-4cd0-bc20-ae63b012c3c7@group-48B29381066B: shutdown
2019-10-28 11:45:04,572 [main] INFO  util.JmxRegister (JmxRegister.java:unregister(73)) - Successfully un-registered JMX Bean with object name Ratis:service=RaftServer,group=group-48B29381066B,id=a480340b-d1a5-4cd0-bc20-ae63b012c3c7
2019-10-28 11:45:04,572 [main] INFO  impl.RoleInfo (RoleInfo.java:shutdownLeaderState(104)) - a480340b-d1a5-4cd0-bc20-ae63b012c3c7: shutdown LeaderState
2019-10-28 11:45:04,575 [main] INFO  impl.PendingRequests (PendingRequests.java:sendNotLeaderResponses(202)) - a480340b-d1a5-4cd0-bc20-ae63b012c3c7@group-48B29381066B-PendingRequests: sendNotLeaderResponses
2019-10-28 11:45:04,575 [org.apache.ratis.server.impl.LogAppender$AppenderDaemon$$Lambda$418/908975430@41a99669] WARN  server.GrpcLogAppender (GrpcLogAppender.java:mayWait(149)) - a480340b-d1a5-4cd0-bc20-ae63b012c3c7@group-48B29381066B->84f4174e-6bb9-44ab-a36a-6c5af4251c6f-GrpcLogAppender: Wait interrupted by java.lang.InterruptedException
2019-10-28 11:45:04,575 [org.apache.ratis.server.impl.LogAppender$AppenderDaemon$$Lambda$418/908975430@709302e7] WARN  server.GrpcLogAppender (GrpcLogAppender.java:mayWait(149)) - a480340b-d1a5-4cd0-bc20-ae63b012c3c7@group-48B29381066B->66cf3979-81da-4155-81a0-3dd54985f91a-GrpcLogAppender: Wait interrupted by java.lang.InterruptedException
2019-10-28 11:45:04,577 [main] INFO  impl.StateMachineUpdater (StateMachineUpdater.java:stopAndJoin(136)) - a480340b-d1a5-4cd0-bc20-ae63b012c3c7@group-48B29381066B-StateMachineUpdater: set stopIndex = 8
2019-10-28 11:45:04,578 [a480340b-d1a5-4cd0-bc20-ae63b012c3c7@group-48B29381066B-StateMachineUpdater] INFO  ratis.ContainerStateMachine (ContainerStateMachine.java:takeSnapshot(294)) - group-48B29381066B: Taking a snapshot at:(t:3, i:8) file /workdir/hadoop-ozone/integration-test/target/test-dir/MiniOzoneClusterImpl-b31733c6-727c-4256-9138-ff5b19d95bfe/datanode-6/data/ratis/7f77fb74-efbb-4dfa-8855-48b29381066b/sm/snapshot.3_8
2019-10-28 11:45:04,578 [grpc-default-executor-0] INFO  server.GrpcServerProtocolService (GrpcServerProtocolService.java:onCompleted(113)) - 66cf3979-81da-4155-81a0-3dd54985f91a: Completed APPEND_ENTRIES, lastRequest: a480340b-d1a5-4cd0-bc20-ae63b012c3c7->66cf3979-81da-4155-81a0-3dd54985f91a#51-t3, previous=(t:3, i:8), leaderCommit=8, initializing? false, entries: <empty>
2019-10-28 11:45:04,579 [grpc-default-executor-8] INFO  server.GrpcServerProtocolService (GrpcServerProtocolService.java:onCompleted(113)) - 84f4174e-6bb9-44ab-a36a-6c5af4251c6f: Completed APPEND_ENTRIES, lastRequest: a480340b-d1a5-4cd0-bc20-ae63b012c3c7->84f4174e-6bb9-44ab-a36a-6c5af4251c6f#52-t3, previous=(t:3, i:8), leaderCommit=8, initializing? false, entries: <empty>
2019-10-28 11:45:04,580 [grpc-default-executor-0] INFO  server.GrpcLogAppender (GrpcLogAppender.java:onCompleted(308)) - a480340b-d1a5-4cd0-bc20-ae63b012c3c7@group-48B29381066B->84f4174e-6bb9-44ab-a36a-6c5af4251c6f-AppendLogResponseHandler: follower responses appendEntries COMPLETED
2019-10-28 11:45:04,580 [grpc-default-executor-8] INFO  server.GrpcLogAppender (GrpcLogAppender.java:onCompleted(308)) - a480340b-d1a5-4cd0-bc20-ae63b012c3c7@group-48B29381066B->66cf3979-81da-4155-81a0-3dd54985f91a-AppendLogResponseHandler: follower responses appendEntries COMPLETED
2019-10-28 11:45:04,583 [grpc-default-executor-0] INFO  impl.FollowerInfo (FollowerInfo.java:lambda$new$0(51)) - a480340b-d1a5-4cd0-bc20-ae63b012c3c7@group-48B29381066B->84f4174e-6bb9-44ab-a36a-6c5af4251c6f: nextIndex: updateUnconditionally 9 -> 8
2019-10-28 11:45:04,584 [grpc-default-executor-8] INFO  impl.FollowerInfo (FollowerInfo.java:lambda$new$0(51)) - a480340b-d1a5-4cd0-bc20-ae63b012c3c7@group-48B29381066B->66cf3979-81da-4155-81a0-3dd54985f91a: nextIndex: updateUnconditionally 9 -> 8
2019-10-28 11:45:04,588 [31ceb61f-dd6d-4279-87bc-0b070a534ff8@group-0EDA3E4540D0-StateMachineUpdater] INFO  ratis.ContainerStateMachine (ContainerStateMachine.java:takeSnapshot(305)) - group-0EDA3E4540D0: Finished taking a snapshot at:(t:1, i:3) file:/workdir/hadoop-ozone/integration-test/target/test-dir/MiniOzoneClusterImpl-b31733c6-727c-4256-9138-ff5b19d95bfe/datanode-3/data/ratis/c2fa87d6-81e7-4a93-a99b-0eda3e4540d0/sm/snapshot.1_3 time:26
2019-10-28 11:45:04,588 [31ceb61f-dd6d-4279-87bc-0b070a534ff8@group-0EDA3E4540D0-StateMachineUpdater] INFO  impl.StateMachineUpdater (StateMachineUpdater.java:takeSnapshot(269)) - 31ceb61f-dd6d-4279-87bc-0b070a534ff8@group-0EDA3E4540D0-StateMachineUpdater: Took a snapshot at index 3
2019-10-28 11:45:04,588 [31ceb61f-dd6d-4279-87bc-0b070a534ff8@group-0EDA3E4540D0-StateMachineUpdater] INFO  impl.StateMachineUpdater (StateMachineUpdater.java:lambda$new$0(84)) - 31ceb61f-dd6d-4279-87bc-0b070a534ff8@group-0EDA3E4540D0-StateMachineUpdater: snapshotIndex: updateIncreasingly -1 -> 3
2019-10-28 11:45:04,589 [31ceb61f-dd6d-4279-87bc-0b070a534ff8@group-0EDA3E4540D0-StateMachineUpdater] INFO  ratis.ContainerStateMachine (ContainerStateMachine.java:takeSnapshot(294)) - group-0EDA3E4540D0: Taking a snapshot at:(t:1, i:3) file /workdir/hadoop-ozone/integration-test/target/test-dir/MiniOzoneClusterImpl-b31733c6-727c-4256-9138-ff5b19d95bfe/datanode-3/data/ratis/c2fa87d6-81e7-4a93-a99b-0eda3e4540d0/sm/snapshot.1_3
2019-10-28 11:45:04,590 [a480340b-d1a5-4cd0-bc20-ae63b012c3c7@group-48B29381066B-StateMachineUpdater] INFO  ratis.ContainerStateMachine (ContainerStateMachine.java:takeSnapshot(305)) - group-48B29381066B: Finished taking a snapshot at:(t:3, i:8) file:/workdir/hadoop-ozone/integration-test/target/test-dir/MiniOzoneClusterImpl-b31733c6-727c-4256-9138-ff5b19d95bfe/datanode-6/data/ratis/7f77fb74-efbb-4dfa-8855-48b29381066b/sm/snapshot.3_8 time:12
2019-10-28 11:45:04,590 [a480340b-d1a5-4cd0-bc20-ae63b012c3c7@group-48B29381066B-StateMachineUpdater] INFO  impl.StateMachineUpdater (StateMachineUpdater.java:takeSnapshot(269)) - a480340b-d1a5-4cd0-bc20-ae63b012c3c7@group-48B29381066B-StateMachineUpdater: Took a snapshot at index 8
2019-10-28 11:45:04,590 [a480340b-d1a5-4cd0-bc20-ae63b012c3c7@group-48B29381066B-StateMachineUpdater] INFO  impl.StateMachineUpdater (StateMachineUpdater.java:lambda$new$0(84)) - a480340b-d1a5-4cd0-bc20-ae63b012c3c7@group-48B29381066B-StateMachineUpdater: snapshotIndex: updateIncreasingly -1 -> 8
2019-10-28 11:45:04,590 [main] INFO  impl.RaftServerImpl (ServerState.java:close(388)) - a480340b-d1a5-4cd0-bc20-ae63b012c3c7@group-48B29381066B: closes. applyIndex: 8
2019-10-28 11:45:04,591 [a480340b-d1a5-4cd0-bc20-ae63b012c3c7@group-48B29381066B-SegmentedRaftLogWorker] INFO  segmented.SegmentedRaftLogWorker (SegmentedRaftLogWorker.java:run(316)) - a480340b-d1a5-4cd0-bc20-ae63b012c3c7@group-48B29381066B-SegmentedRaftLogWorker was interrupted, exiting. There are 0 tasks remaining in the queue.
2019-10-28 11:45:04,592 [31ceb61f-dd6d-4279-87bc-0b070a534ff8@group-0EDA3E4540D0-StateMachineUpdater] INFO  ratis.ContainerStateMachine (ContainerStateMachine.java:takeSnapshot(305)) - group-0EDA3E4540D0: Finished taking a snapshot at:(t:1, i:3) file:/workdir/hadoop-ozone/integration-test/target/test-dir/MiniOzoneClusterImpl-b31733c6-727c-4256-9138-ff5b19d95bfe/datanode-3/data/ratis/c2fa87d6-81e7-4a93-a99b-0eda3e4540d0/sm/snapshot.1_3 time:4
2019-10-28 11:45:04,592 [main] INFO  segmented.SegmentedRaftLogWorker (SegmentedRaftLogWorker.java:close(224)) - a480340b-d1a5-4cd0-bc20-ae63b012c3c7@group-48B29381066B-SegmentedRaftLogWorker close()
2019-10-28 11:45:04,592 [31ceb61f-dd6d-4279-87bc-0b070a534ff8@group-0EDA3E4540D0-StateMachineUpdater] INFO  impl.StateMachineUpdater (StateMachineUpdater.java:takeSnapshot(269)) - 31ceb61f-dd6d-4279-87bc-0b070a534ff8@group-0EDA3E4540D0-StateMachineUpdater: Took a snapshot at index 3
2019-10-28 11:45:04,594 [31ceb61f-dd6d-4279-87bc-0b070a534ff8@group-0EDA3E4540D0-StateMachineUpdater] INFO  impl.StateMachineUpdater (StateMachineUpdater.java:lambda$new$0(84)) - 31ceb61f-dd6d-4279-87bc-0b070a534ff8@group-0EDA3E4540D0-StateMachineUpdater: snapshotIndex: updateIncreasingly 3 -> 3
2019-10-28 11:45:04,594 [main] INFO  server.GrpcService (GrpcService.java:closeImpl(164)) - a480340b-d1a5-4cd0-bc20-ae63b012c3c7: shutdown server with port 43902 now
2019-10-28 11:45:04,594 [ForkJoinPool.commonPool-worker-1] INFO  impl.RaftServerImpl (ServerState.java:close(388)) - 31ceb61f-dd6d-4279-87bc-0b070a534ff8@group-0EDA3E4540D0: closes. applyIndex: 6
2019-10-28 11:45:04,594 [31ceb61f-dd6d-4279-87bc-0b070a534ff8@group-0EDA3E4540D0-SegmentedRaftLogWorker] INFO  segmented.SegmentedRaftLogWorker (SegmentedRaftLogWorker.java:run(316)) - 31ceb61f-dd6d-4279-87bc-0b070a534ff8@group-0EDA3E4540D0-SegmentedRaftLogWorker was interrupted, exiting. There are 0 tasks remaining in the queue.
2019-10-28 11:45:04,595 [main] INFO  server.GrpcService (GrpcService.java:closeImpl(172)) - a480340b-d1a5-4cd0-bc20-ae63b012c3c7: shutdown server with port 43902 successfully
2019-10-28 11:45:04,596 [ForkJoinPool.commonPool-worker-1] INFO  segmented.SegmentedRaftLogWorker (SegmentedRaftLogWorker.java:close(224)) - 31ceb61f-dd6d-4279-87bc-0b070a534ff8@group-0EDA3E4540D0-SegmentedRaftLogWorker close()
2019-10-28 11:45:04,598 [ForkJoinPool.commonPool-worker-1] INFO  impl.RaftServerImpl (RaftServerImpl.java:lambda$shutdown$3(261)) - 31ceb61f-dd6d-4279-87bc-0b070a534ff8@group-CD80D7819AB3: shutdown
2019-10-28 11:45:04,598 [ForkJoinPool.commonPool-worker-1] INFO  util.JmxRegister (JmxRegister.java:unregister(73)) - Successfully un-registered JMX Bean with object name Ratis:service=RaftServer,group=group-CD80D7819AB3,id=31ceb61f-dd6d-4279-87bc-0b070a534ff8
2019-10-28 11:45:04,598 [ForkJoinPool.commonPool-worker-1] INFO  impl.RoleInfo (RoleInfo.java:shutdownLeaderState(104)) - 31ceb61f-dd6d-4279-87bc-0b070a534ff8: shutdown LeaderState
2019-10-28 11:45:04,598 [ForkJoinPool.commonPool-worker-1] INFO  impl.PendingRequests (PendingRequests.java:sendNotLeaderResponses(202)) - 31ceb61f-dd6d-4279-87bc-0b070a534ff8@group-CD80D7819AB3-PendingRequests: sendNotLeaderResponses
2019-10-28 11:45:04,599 [ForkJoinPool.commonPool-worker-1] INFO  impl.StateMachineUpdater (StateMachineUpdater.java:stopAndJoin(136)) - 31ceb61f-dd6d-4279-87bc-0b070a534ff8@group-CD80D7819AB3-StateMachineUpdater: set stopIndex = 0
2019-10-28 11:45:04,599 [ForkJoinPool.commonPool-worker-1] INFO  impl.RaftServerImpl (ServerState.java:close(388)) - 31ceb61f-dd6d-4279-87bc-0b070a534ff8@group-CD80D7819AB3: closes. applyIndex: 0
2019-10-28 11:45:04,599 [31ceb61f-dd6d-4279-87bc-0b070a534ff8@group-CD80D7819AB3-SegmentedRaftLogWorker] INFO  segmented.SegmentedRaftLogWorker (SegmentedRaftLogWorker.java:run(316)) - 31ceb61f-dd6d-4279-87bc-0b070a534ff8@group-CD80D7819AB3-SegmentedRaftLogWorker was interrupted, exiting. There are 0 tasks remaining in the queue.
2019-10-28 11:45:04,601 [ForkJoinPool.commonPool-worker-1] INFO  segmented.SegmentedRaftLogWorker (SegmentedRaftLogWorker.java:close(224)) - 31ceb61f-dd6d-4279-87bc-0b070a534ff8@group-CD80D7819AB3-SegmentedRaftLogWorker close()
2019-10-28 11:45:04,603 [ForkJoinPool.commonPool-worker-1] INFO  server.GrpcService (GrpcService.java:closeImpl(164)) - 31ceb61f-dd6d-4279-87bc-0b070a534ff8: shutdown server with port 42807 now
2019-10-28 11:45:04,604 [refreshUsed-/workdir/hadoop-ozone/integration-test/target/test-dir/MiniOzoneClusterImpl-b31733c6-727c-4256-9138-ff5b19d95bfe/datanode-6/data/containers] WARN  fs.CachingGetSpaceUsed (CachingGetSpaceUsed.java:run(183)) - Thread Interrupted waiting to refresh disk information: sleep interrupted
2019-10-28 11:45:04,604 [ForkJoinPool.commonPool-worker-1] INFO  server.GrpcService (GrpcService.java:closeImpl(172)) - 31ceb61f-dd6d-4279-87bc-0b070a534ff8: shutdown server with port 42807 successfully
2019-10-28 11:45:04,605 [grpc-default-executor-2] WARN  server.GrpcLogAppender (LogUtils.java:warn(134)) - 03d0ba9c-9a68-4db9-a306-0d67556dce53@group-0EDA3E4540D0->31ceb61f-dd6d-4279-87bc-0b070a534ff8-AppendLogResponseHandler: Failed appendEntries: org.apache.ratis.thirdparty.io.grpc.StatusRuntimeException: CANCELLED: HTTP/2 error code: CANCEL
Received Rst Stream
2019-10-28 11:45:04,605 [grpc-default-executor-8] WARN  server.GrpcServerProtocolService (LogUtils.java:warn(134)) - 31ceb61f-dd6d-4279-87bc-0b070a534ff8: installSnapshot onError, lastRequest: 03d0ba9c-9a68-4db9-a306-0d67556dce53->31ceb61f-dd6d-4279-87bc-0b070a534ff8#10-t2, previous=(t:2, i:6), leaderCommit=6, initializing? false, entries: <empty>: org.apache.ratis.thirdparty.io.grpc.StatusRuntimeException: CANCELLED: cancelled before receiving half close
2019-10-28 11:45:04,613 [refreshUsed-/workdir/hadoop-ozone/integration-test/target/test-dir/MiniOzoneClusterImpl-b31733c6-727c-4256-9138-ff5b19d95bfe/datanode-3/data/containers] WARN  fs.CachingGetSpaceUsed (CachingGetSpaceUsed.java:run(183)) - Thread Interrupted waiting to refresh disk information: sleep interrupted
2019-10-28 11:45:04,624 [main] INFO  utils.BackgroundService (BackgroundService.java:shutdown(151)) - Shutting down service BlockDeletingService
2019-10-28 11:45:04,631 [main] INFO  statemachine.DatanodeStateMachine (DatanodeStateMachine.java:stopDaemon(395)) - Ozone container server stopped.
2019-10-28 11:45:04,632 [ForkJoinPool.commonPool-worker-1] INFO  utils.BackgroundService (BackgroundService.java:shutdown(151)) - Shutting down service BlockDeletingService
2019-10-28 11:45:04,635 [ForkJoinPool.commonPool-worker-1] INFO  statemachine.DatanodeStateMachine (DatanodeStateMachine.java:stopDaemon(395)) - Ozone container server stopped.
2019-10-28 11:45:04,639 [main] INFO  handler.ContextHandler (ContextHandler.java:doStop(910)) - Stopped o.e.j.w.WebAppContext@6bedd4e4{/,null,UNAVAILABLE}{/hddsDatanode}
2019-10-28 11:45:04,639 [ForkJoinPool.commonPool-worker-1] INFO  handler.ContextHandler (ContextHandler.java:doStop(910)) - Stopped o.e.j.w.WebAppContext@76f881d9{/,null,UNAVAILABLE}{/hddsDatanode}
2019-10-28 11:45:04,641 [main] INFO  server.AbstractConnector (AbstractConnector.java:doStop(318)) - Stopped ServerConnector@4570d7b6{HTTP/1.1,[http/1.1]}{0.0.0.0:0}
2019-10-28 11:45:04,641 [ForkJoinPool.commonPool-worker-1] INFO  server.AbstractConnector (AbstractConnector.java:doStop(318)) - Stopped ServerConnector@6dd36ab6{HTTP/1.1,[http/1.1]}{0.0.0.0:0}
2019-10-28 11:45:04,642 [main] INFO  handler.ContextHandler (ContextHandler.java:doStop(910)) - Stopped o.e.j.s.ServletContextHandler@4ed9f7b1{/static,jar:file:/home/user/.m2/repository/org/apache/hadoop/hadoop-hdds-container-service/0.5.0-SNAPSHOT/hadoop-hdds-container-service-0.5.0-SNAPSHOT.jar!/webapps/static,UNAVAILABLE}
2019-10-28 11:45:04,642 [ForkJoinPool.commonPool-worker-1] INFO  handler.ContextHandler (ContextHandler.java:doStop(910)) - Stopped o.e.j.s.ServletContextHandler@1c067c0d{/static,jar:file:/home/user/.m2/repository/org/apache/hadoop/hadoop-hdds-container-service/0.5.0-SNAPSHOT/hadoop-hdds-container-service-0.5.0-SNAPSHOT.jar!/webapps/static,UNAVAILABLE}
2019-10-28 11:45:04,643 [main] INFO  handler.ContextHandler (ContextHandler.java:doStop(910)) - Stopped o.e.j.s.ServletContextHandler@47c7a9e5{/logs,file:///workdir/hadoop-ozone/integration-test/target/log,UNAVAILABLE}
2019-10-28 11:45:04,644 [ForkJoinPool.commonPool-worker-1] INFO  handler.ContextHandler (ContextHandler.java:doStop(910)) - Stopped o.e.j.s.ServletContextHandler@53ce2392{/logs,file:///workdir/hadoop-ozone/integration-test/target/log,UNAVAILABLE}
2019-10-28 11:45:05,324 [Thread-1508] INFO  impl.FollowerState (FollowerState.java:run(108)) - 66cf3979-81da-4155-81a0-3dd54985f91a@group-48B29381066B-FollowerState: change to CANDIDATE, lastRpcTime:1151ms, electionTimeout:1106ms
2019-10-28 11:45:05,324 [Thread-1508] INFO  impl.RoleInfo (RoleInfo.java:shutdownFollowerState(121)) - 66cf3979-81da-4155-81a0-3dd54985f91a: shutdown FollowerState
2019-10-28 11:45:05,325 [Thread-1508] INFO  impl.RaftServerImpl (RaftServerImpl.java:setRole(184)) - 66cf3979-81da-4155-81a0-3dd54985f91a@group-48B29381066B: changes role from  FOLLOWER to CANDIDATE at term 3 for changeToCandidate
2019-10-28 11:45:05,325 [Thread-1508] INFO  impl.RoleInfo (RoleInfo.java:updateAndGet(143)) - 66cf3979-81da-4155-81a0-3dd54985f91a: start LeaderElection
2019-10-28 11:45:05,325 [66cf3979-81da-4155-81a0-3dd54985f91a@group-48B29381066B-LeaderElection174] INFO  impl.RaftServerImpl (ServerState.java:setLeader(256)) - 66cf3979-81da-4155-81a0-3dd54985f91a@group-48B29381066B: change Leader from a480340b-d1a5-4cd0-bc20-ae63b012c3c7 to null at term 3 for initElection
2019-10-28 11:45:05,351 [66cf3979-81da-4155-81a0-3dd54985f91a@group-48B29381066B-LeaderElection174] INFO  impl.LeaderElection (LeaderElection.java:askForVotes(178)) - 66cf3979-81da-4155-81a0-3dd54985f91a@group-48B29381066B-LeaderElection174: begin an election at term 4 for 1: [66cf3979-81da-4155-81a0-3dd54985f91a:192.168.164.193:43079, 84f4174e-6bb9-44ab-a36a-6c5af4251c6f:192.168.164.193:40080, a480340b-d1a5-4cd0-bc20-ae63b012c3c7:192.168.164.193:43902], old=null
2019-10-28 11:45:05,358 [66cf3979-81da-4155-81a0-3dd54985f91a@group-48B29381066B-LeaderElection174] INFO  impl.LeaderElection (LogUtils.java:infoOrTrace(149)) - 66cf3979-81da-4155-81a0-3dd54985f91a@group-48B29381066B-LeaderElection174 got exception when requesting votes: {}
java.util.concurrent.ExecutionException: org.apache.ratis.thirdparty.io.grpc.StatusRuntimeException: UNAVAILABLE: io exception
	at java.util.concurrent.FutureTask.report(FutureTask.java:122)
	at java.util.concurrent.FutureTask.get(FutureTask.java:192)
	at org.apache.ratis.server.impl.LeaderElection.waitForResults(LeaderElection.java:259)
	at org.apache.ratis.server.impl.LeaderElection.askForVotes(LeaderElection.java:197)
	at org.apache.ratis.server.impl.LeaderElection.run(LeaderElection.java:133)
	at java.lang.Thread.run(Thread.java:748)
Caused by: org.apache.ratis.thirdparty.io.grpc.StatusRuntimeException: UNAVAILABLE: io exception
	at org.apache.ratis.thirdparty.io.grpc.stub.ClientCalls.toStatusRuntimeException(ClientCalls.java:233)
	at org.apache.ratis.thirdparty.io.grpc.stub.ClientCalls.getUnchecked(ClientCalls.java:214)
	at org.apache.ratis.thirdparty.io.grpc.stub.ClientCalls.blockingUnaryCall(ClientCalls.java:139)
	at org.apache.ratis.proto.grpc.RaftServerProtocolServiceGrpc$RaftServerProtocolServiceBlockingStub.requestVote(RaftServerProtocolServiceGrpc.java:265)
	at org.apache.ratis.grpc.server.GrpcServerProtocolClient.requestVote(GrpcServerProtocolClient.java:99)
	at org.apache.ratis.grpc.server.GrpcService.requestVote(GrpcService.java:204)
	at org.apache.ratis.server.impl.LeaderElection.lambda$submitRequests$1(LeaderElection.java:234)
	at java.util.concurrent.FutureTask.run(FutureTask.java:266)
	at java.util.concurrent.Executors$RunnableAdapter.call(Executors.java:511)
	at java.util.concurrent.FutureTask.run(FutureTask.java:266)
	at java.util.concurrent.ThreadPoolExecutor.runWorker(ThreadPoolExecutor.java:1149)
	at java.util.concurrent.ThreadPoolExecutor$Worker.run(ThreadPoolExecutor.java:624)
	... 1 more
Caused by: org.apache.ratis.thirdparty.io.netty.channel.AbstractChannel$AnnotatedConnectException: Connection refused: /192.168.164.193:43902
	at sun.nio.ch.SocketChannelImpl.checkConnect(Native Method)
	at sun.nio.ch.SocketChannelImpl.finishConnect(SocketChannelImpl.java:717)
	at org.apache.ratis.thirdparty.io.netty.channel.socket.nio.NioSocketChannel.doFinishConnect(NioSocketChannel.java:327)
	at org.apache.ratis.thirdparty.io.netty.channel.nio.AbstractNioChannel$AbstractNioUnsafe.finishConnect(AbstractNioChannel.java:340)
	at org.apache.ratis.thirdparty.io.netty.channel.nio.NioEventLoop.processSelectedKey(NioEventLoop.java:632)
	at org.apache.ratis.thirdparty.io.netty.channel.nio.NioEventLoop.processSelectedKeysOptimized(NioEventLoop.java:579)
	at org.apache.ratis.thirdparty.io.netty.channel.nio.NioEventLoop.processSelectedKeys(NioEventLoop.java:496)
	at org.apache.ratis.thirdparty.io.netty.channel.nio.NioEventLoop.run(NioEventLoop.java:458)
	at org.apache.ratis.thirdparty.io.netty.util.concurrent.SingleThreadEventExecutor$5.run(SingleThreadEventExecutor.java:897)
	at org.apache.ratis.thirdparty.io.netty.util.concurrent.FastThreadLocalRunnable.run(FastThreadLocalRunnable.java:30)
	... 1 more
Caused by: java.net.ConnectException: Connection refused
	... 11 more
2019-10-28 11:45:05,362 [grpc-default-executor-2] INFO  impl.RaftServerImpl (ServerState.java:setLeader(256)) - 84f4174e-6bb9-44ab-a36a-6c5af4251c6f@group-48B29381066B: change Leader from a480340b-d1a5-4cd0-bc20-ae63b012c3c7 to null at term 4 for updateCurrentTerm
2019-10-28 11:45:05,363 [grpc-default-executor-2] INFO  impl.RaftServerImpl (RaftServerImpl.java:setRole(184)) - 84f4174e-6bb9-44ab-a36a-6c5af4251c6f@group-48B29381066B: changes role from  FOLLOWER to FOLLOWER at term 4 for recognizeCandidate:66cf3979-81da-4155-81a0-3dd54985f91a
2019-10-28 11:45:05,363 [grpc-default-executor-2] INFO  impl.RoleInfo (RoleInfo.java:shutdownFollowerState(121)) - 84f4174e-6bb9-44ab-a36a-6c5af4251c6f: shutdown FollowerState
2019-10-28 11:45:05,363 [grpc-default-executor-2] INFO  impl.RoleInfo (RoleInfo.java:updateAndGet(143)) - 84f4174e-6bb9-44ab-a36a-6c5af4251c6f: start FollowerState
2019-10-28 11:45:05,363 [Thread-1507] INFO  impl.FollowerState (FollowerState.java:run(117)) - 84f4174e-6bb9-44ab-a36a-6c5af4251c6f@group-48B29381066B-FollowerState was interrupted: java.lang.InterruptedException: sleep interrupted
2019-10-28 11:45:05,377 [66cf3979-81da-4155-81a0-3dd54985f91a@group-48B29381066B-LeaderElection174] INFO  impl.LeaderElection (LeaderElection.java:logAndReturn(56)) - 66cf3979-81da-4155-81a0-3dd54985f91a@group-48B29381066B-LeaderElection174: Election PASSED; received 1 response(s) [66cf3979-81da-4155-81a0-3dd54985f91a<-84f4174e-6bb9-44ab-a36a-6c5af4251c6f#0:OK-t4] and 1 exception(s); 66cf3979-81da-4155-81a0-3dd54985f91a@group-48B29381066B:t4, leader=null, voted=66cf3979-81da-4155-81a0-3dd54985f91a, raftlog=66cf3979-81da-4155-81a0-3dd54985f91a@group-48B29381066B-SegmentedRaftLog:OPENED:c8,f8,i8, conf=1: [66cf3979-81da-4155-81a0-3dd54985f91a:192.168.164.193:43079, 84f4174e-6bb9-44ab-a36a-6c5af4251c6f:192.168.164.193:40080, a480340b-d1a5-4cd0-bc20-ae63b012c3c7:192.168.164.193:43902], old=null
2019-10-28 11:45:05,377 [66cf3979-81da-4155-81a0-3dd54985f91a@group-48B29381066B-LeaderElection174] INFO  impl.LeaderElection (LogUtils.java:infoOrTrace(149)) -   Exception 0: {}
java.util.concurrent.ExecutionException: org.apache.ratis.thirdparty.io.grpc.StatusRuntimeException: UNAVAILABLE: io exception
	at java.util.concurrent.FutureTask.report(FutureTask.java:122)
	at java.util.concurrent.FutureTask.get(FutureTask.java:192)
	at org.apache.ratis.server.impl.LeaderElection.waitForResults(LeaderElection.java:259)
	at org.apache.ratis.server.impl.LeaderElection.askForVotes(LeaderElection.java:197)
	at org.apache.ratis.server.impl.LeaderElection.run(LeaderElection.java:133)
	at java.lang.Thread.run(Thread.java:748)
Caused by: org.apache.ratis.thirdparty.io.grpc.StatusRuntimeException: UNAVAILABLE: io exception
	at org.apache.ratis.thirdparty.io.grpc.stub.ClientCalls.toStatusRuntimeException(ClientCalls.java:233)
	at org.apache.ratis.thirdparty.io.grpc.stub.ClientCalls.getUnchecked(ClientCalls.java:214)
	at org.apache.ratis.thirdparty.io.grpc.stub.ClientCalls.blockingUnaryCall(ClientCalls.java:139)
	at org.apache.ratis.proto.grpc.RaftServerProtocolServiceGrpc$RaftServerProtocolServiceBlockingStub.requestVote(RaftServerProtocolServiceGrpc.java:265)
	at org.apache.ratis.grpc.server.GrpcServerProtocolClient.requestVote(GrpcServerProtocolClient.java:99)
	at org.apache.ratis.grpc.server.GrpcService.requestVote(GrpcService.java:204)
	at org.apache.ratis.server.impl.LeaderElection.lambda$submitRequests$1(LeaderElection.java:234)
	at java.util.concurrent.FutureTask.run(FutureTask.java:266)
	at java.util.concurrent.Executors$RunnableAdapter.call(Executors.java:511)
	at java.util.concurrent.FutureTask.run(FutureTask.java:266)
	at java.util.concurrent.ThreadPoolExecutor.runWorker(ThreadPoolExecutor.java:1149)
	at java.util.concurrent.ThreadPoolExecutor$Worker.run(ThreadPoolExecutor.java:624)
	... 1 more
Caused by: org.apache.ratis.thirdparty.io.netty.channel.AbstractChannel$AnnotatedConnectException: Connection refused: /192.168.164.193:43902
	at sun.nio.ch.SocketChannelImpl.checkConnect(Native Method)
	at sun.nio.ch.SocketChannelImpl.finishConnect(SocketChannelImpl.java:717)
	at org.apache.ratis.thirdparty.io.netty.channel.socket.nio.NioSocketChannel.doFinishConnect(NioSocketChannel.java:327)
	at org.apache.ratis.thirdparty.io.netty.channel.nio.AbstractNioChannel$AbstractNioUnsafe.finishConnect(AbstractNioChannel.java:340)
	at org.apache.ratis.thirdparty.io.netty.channel.nio.NioEventLoop.processSelectedKey(NioEventLoop.java:632)
	at org.apache.ratis.thirdparty.io.netty.channel.nio.NioEventLoop.processSelectedKeysOptimized(NioEventLoop.java:579)
	at org.apache.ratis.thirdparty.io.netty.channel.nio.NioEventLoop.processSelectedKeys(NioEventLoop.java:496)
	at org.apache.ratis.thirdparty.io.netty.channel.nio.NioEventLoop.run(NioEventLoop.java:458)
	at org.apache.ratis.thirdparty.io.netty.util.concurrent.SingleThreadEventExecutor$5.run(SingleThreadEventExecutor.java:897)
	at org.apache.ratis.thirdparty.io.netty.util.concurrent.FastThreadLocalRunnable.run(FastThreadLocalRunnable.java:30)
	... 1 more
Caused by: java.net.ConnectException: Connection refused
	... 11 more
2019-10-28 11:45:05,377 [66cf3979-81da-4155-81a0-3dd54985f91a@group-48B29381066B-LeaderElection174] INFO  impl.RoleInfo (RoleInfo.java:shutdownLeaderElection(134)) - 66cf3979-81da-4155-81a0-3dd54985f91a: shutdown LeaderElection
2019-10-28 11:45:05,378 [66cf3979-81da-4155-81a0-3dd54985f91a@group-48B29381066B-LeaderElection174] INFO  impl.RaftServerImpl (RaftServerImpl.java:setRole(184)) - 66cf3979-81da-4155-81a0-3dd54985f91a@group-48B29381066B: changes role from CANDIDATE to LEADER at term 4 for changeToLeader
2019-10-28 11:45:05,378 [66cf3979-81da-4155-81a0-3dd54985f91a@group-48B29381066B-LeaderElection174] INFO  impl.RaftServerImpl (ServerState.java:setLeader(256)) - 66cf3979-81da-4155-81a0-3dd54985f91a@group-48B29381066B: change Leader from null to 66cf3979-81da-4155-81a0-3dd54985f91a at term 4 for becomeLeader, leader elected after 52ms
2019-10-28 11:45:05,378 [66cf3979-81da-4155-81a0-3dd54985f91a@group-48B29381066B-LeaderElection174] INFO  server.RaftServerConfigKeys (ConfUtils.java:logGet(43)) - raft.server.staging.catchup.gap = 1000 (default)
2019-10-28 11:45:05,378 [66cf3979-81da-4155-81a0-3dd54985f91a@group-48B29381066B-LeaderElection174] INFO  server.RaftServerConfigKeys (ConfUtils.java:logGet(43)) - raft.server.rpc.sleep.time = 25ms (default)
2019-10-28 11:45:05,378 [66cf3979-81da-4155-81a0-3dd54985f91a@group-48B29381066B-LeaderElection174] INFO  server.RaftServerConfigKeys (ConfUtils.java:logGet(43)) - raft.server.write.element-limit = 4096 (default)
2019-10-28 11:45:05,378 [66cf3979-81da-4155-81a0-3dd54985f91a@group-48B29381066B-LeaderElection174] INFO  server.RaftServerConfigKeys (ConfUtils.java:logGet(43)) - raft.server.watch.timeout = 10s (default)
2019-10-28 11:45:05,378 [66cf3979-81da-4155-81a0-3dd54985f91a@group-48B29381066B-LeaderElection174] INFO  server.RaftServerConfigKeys (ConfUtils.java:logGet(43)) - raft.server.watch.timeout.denomination = 1s (default)
2019-10-28 11:45:05,378 [66cf3979-81da-4155-81a0-3dd54985f91a@group-48B29381066B-LeaderElection174] INFO  server.RaftServerConfigKeys (ConfUtils.java:logGet(43)) - raft.server.watch.element-limit = 65536 (default)
2019-10-28 11:45:05,379 [66cf3979-81da-4155-81a0-3dd54985f91a@group-48B29381066B-LeaderElection174] INFO  server.RaftServerConfigKeys (ConfUtils.java:logGet(43)) - raft.server.log.appender.snapshot.chunk.size.max = 16MB (=16777216) (default)
2019-10-28 11:45:05,379 [66cf3979-81da-4155-81a0-3dd54985f91a@group-48B29381066B-LeaderElection174] INFO  server.RaftServerConfigKeys (ConfUtils.java:logGet(43)) - raft.server.log.appender.buffer.byte-limit = 33554432 (custom)
2019-10-28 11:45:05,379 [66cf3979-81da-4155-81a0-3dd54985f91a@group-48B29381066B-LeaderElection174] INFO  server.RaftServerConfigKeys (ConfUtils.java:logGet(43)) - raft.server.log.appender.buffer.element-limit = 1 (custom)
2019-10-28 11:45:05,379 [66cf3979-81da-4155-81a0-3dd54985f91a@group-48B29381066B-LeaderElection174] INFO  grpc.GrpcConfigKeys$Server (ConfUtils.java:logGet(43)) - raft.grpc.server.leader.outstanding.appends.max = 128 (default)
2019-10-28 11:45:05,380 [66cf3979-81da-4155-81a0-3dd54985f91a@group-48B29381066B-LeaderElection174] INFO  server.RaftServerConfigKeys (ConfUtils.java:logGet(43)) - raft.server.rpc.request.timeout = 3000ms (default)
2019-10-28 11:45:05,380 [66cf3979-81da-4155-81a0-3dd54985f91a@group-48B29381066B-LeaderElection174] INFO  server.RaftServerConfigKeys (ConfUtils.java:logGet(43)) - raft.server.log.appender.install.snapshot.enabled = false (custom)
2019-10-28 11:45:05,382 [66cf3979-81da-4155-81a0-3dd54985f91a@group-48B29381066B-LeaderElection174] INFO  server.RaftServerConfigKeys (ConfUtils.java:logGet(43)) - raft.server.log.appender.snapshot.chunk.size.max = 16MB (=16777216) (default)
2019-10-28 11:45:05,383 [66cf3979-81da-4155-81a0-3dd54985f91a@group-48B29381066B-LeaderElection174] INFO  server.RaftServerConfigKeys (ConfUtils.java:logGet(43)) - raft.server.log.appender.buffer.byte-limit = 33554432 (custom)
2019-10-28 11:45:05,383 [66cf3979-81da-4155-81a0-3dd54985f91a@group-48B29381066B-LeaderElection174] INFO  server.RaftServerConfigKeys (ConfUtils.java:logGet(43)) - raft.server.log.appender.buffer.element-limit = 1 (custom)
2019-10-28 11:45:05,383 [66cf3979-81da-4155-81a0-3dd54985f91a@group-48B29381066B-LeaderElection174] INFO  grpc.GrpcConfigKeys$Server (ConfUtils.java:logGet(43)) - raft.grpc.server.leader.outstanding.appends.max = 128 (default)
2019-10-28 11:45:05,383 [66cf3979-81da-4155-81a0-3dd54985f91a@group-48B29381066B-LeaderElection174] INFO  server.RaftServerConfigKeys (ConfUtils.java:logGet(43)) - raft.server.rpc.request.timeout = 3000ms (default)
2019-10-28 11:45:05,383 [66cf3979-81da-4155-81a0-3dd54985f91a@group-48B29381066B-LeaderElection174] INFO  server.RaftServerConfigKeys (ConfUtils.java:logGet(43)) - raft.server.log.appender.install.snapshot.enabled = false (custom)
2019-10-28 11:45:05,385 [66cf3979-81da-4155-81a0-3dd54985f91a@group-48B29381066B-LeaderElection174] INFO  impl.RoleInfo (RoleInfo.java:updateAndGet(143)) - 66cf3979-81da-4155-81a0-3dd54985f91a: start LeaderState
2019-10-28 11:45:05,386 [66cf3979-81da-4155-81a0-3dd54985f91a@group-48B29381066B-LeaderElection174] INFO  segmented.SegmentedRaftLogWorker (SegmentedRaftLogWorker.java:rollLogSegment(390)) - 66cf3979-81da-4155-81a0-3dd54985f91a@group-48B29381066B-SegmentedRaftLogWorker: Rolling segment log-1_8 to index:8
2019-10-28 11:45:05,386 [66cf3979-81da-4155-81a0-3dd54985f91a@group-48B29381066B-SegmentedRaftLogWorker] INFO  segmented.SegmentedRaftLogWorker (SegmentedRaftLogWorker.java:execute(533)) - 66cf3979-81da-4155-81a0-3dd54985f91a@group-48B29381066B-SegmentedRaftLogWorker: Rolled log segment from /workdir/hadoop-ozone/integration-test/target/test-dir/MiniOzoneClusterImpl-b31733c6-727c-4256-9138-ff5b19d95bfe/datanode-8/data/ratis/7f77fb74-efbb-4dfa-8855-48b29381066b/current/log_inprogress_1 to /workdir/hadoop-ozone/integration-test/target/test-dir/MiniOzoneClusterImpl-b31733c6-727c-4256-9138-ff5b19d95bfe/datanode-8/data/ratis/7f77fb74-efbb-4dfa-8855-48b29381066b/current/log_1-8
2019-10-28 11:45:05,386 [66cf3979-81da-4155-81a0-3dd54985f91a@group-48B29381066B-LeaderElection174] INFO  impl.RaftServerImpl (ServerState.java:setRaftConf(357)) - 66cf3979-81da-4155-81a0-3dd54985f91a@group-48B29381066B: set configuration 9: [66cf3979-81da-4155-81a0-3dd54985f91a:192.168.164.193:43079, 84f4174e-6bb9-44ab-a36a-6c5af4251c6f:192.168.164.193:40080, a480340b-d1a5-4cd0-bc20-ae63b012c3c7:192.168.164.193:43902], old=null at 9
2019-10-28 11:45:05,387 [grpc-default-executor-2] WARN  server.GrpcLogAppender (LogUtils.java:warn(134)) - 66cf3979-81da-4155-81a0-3dd54985f91a@group-48B29381066B->a480340b-d1a5-4cd0-bc20-ae63b012c3c7-AppendLogResponseHandler: Failed appendEntries: org.apache.ratis.thirdparty.io.grpc.StatusRuntimeException: UNAVAILABLE: io exception
2019-10-28 11:45:05,388 [grpc-default-executor-8] INFO  impl.RaftServerImpl (ServerState.java:setLeader(256)) - 84f4174e-6bb9-44ab-a36a-6c5af4251c6f@group-48B29381066B: change Leader from null to 66cf3979-81da-4155-81a0-3dd54985f91a at term 4 for appendEntries, leader elected after 25ms
2019-10-28 11:45:05,390 [grpc-default-executor-8] INFO  impl.RaftServerImpl (ServerState.java:setRaftConf(357)) - 84f4174e-6bb9-44ab-a36a-6c5af4251c6f@group-48B29381066B: set configuration 9: [66cf3979-81da-4155-81a0-3dd54985f91a:192.168.164.193:43079, 84f4174e-6bb9-44ab-a36a-6c5af4251c6f:192.168.164.193:40080, a480340b-d1a5-4cd0-bc20-ae63b012c3c7:192.168.164.193:43902], old=null at 9
2019-10-28 11:45:05,390 [grpc-default-executor-8] INFO  segmented.SegmentedRaftLogWorker (SegmentedRaftLogWorker.java:rollLogSegment(390)) - 84f4174e-6bb9-44ab-a36a-6c5af4251c6f@group-48B29381066B-SegmentedRaftLogWorker: Rolling segment log-1_8 to index:8
2019-10-28 11:45:05,391 [84f4174e-6bb9-44ab-a36a-6c5af4251c6f@group-48B29381066B-SegmentedRaftLogWorker] INFO  segmented.SegmentedRaftLogWorker (SegmentedRaftLogWorker.java:execute(533)) - 84f4174e-6bb9-44ab-a36a-6c5af4251c6f@group-48B29381066B-SegmentedRaftLogWorker: Rolled log segment from /workdir/hadoop-ozone/integration-test/target/test-dir/MiniOzoneClusterImpl-b31733c6-727c-4256-9138-ff5b19d95bfe/datanode-7/data/ratis/7f77fb74-efbb-4dfa-8855-48b29381066b/current/log_inprogress_1 to /workdir/hadoop-ozone/integration-test/target/test-dir/MiniOzoneClusterImpl-b31733c6-727c-4256-9138-ff5b19d95bfe/datanode-7/data/ratis/7f77fb74-efbb-4dfa-8855-48b29381066b/current/log_1-8
2019-10-28 11:45:05,427 [66cf3979-81da-4155-81a0-3dd54985f91a@group-48B29381066B-SegmentedRaftLogWorker] INFO  segmented.SegmentedRaftLogWorker (SegmentedRaftLogWorker.java:execute(576)) - 66cf3979-81da-4155-81a0-3dd54985f91a@group-48B29381066B-SegmentedRaftLogWorker: created new log segment /workdir/hadoop-ozone/integration-test/target/test-dir/MiniOzoneClusterImpl-b31733c6-727c-4256-9138-ff5b19d95bfe/datanode-8/data/ratis/7f77fb74-efbb-4dfa-8855-48b29381066b/current/log_inprogress_9
2019-10-28 11:45:05,427 [84f4174e-6bb9-44ab-a36a-6c5af4251c6f@group-48B29381066B-SegmentedRaftLogWorker] INFO  segmented.SegmentedRaftLogWorker (SegmentedRaftLogWorker.java:execute(576)) - 84f4174e-6bb9-44ab-a36a-6c5af4251c6f@group-48B29381066B-SegmentedRaftLogWorker: created new log segment /workdir/hadoop-ozone/integration-test/target/test-dir/MiniOzoneClusterImpl-b31733c6-727c-4256-9138-ff5b19d95bfe/datanode-7/data/ratis/7f77fb74-efbb-4dfa-8855-48b29381066b/current/log_inprogress_9
2019-10-28 11:45:05,451 [Datanode State Machine Thread - 0] INFO  statemachine.DatanodeStateMachine (DatanodeStateMachine.java:lambda$startDaemon$0(350)) - Ozone container server started.
2019-10-28 11:45:05,612 [Datanode State Machine Thread - 0] INFO  statemachine.DatanodeStateMachine (DatanodeStateMachine.java:lambda$startDaemon$0(350)) - Ozone container server started.
2019-10-28 11:45:06,586 [java.util.concurrent.ThreadPoolExecutor$Worker@2f1242dc[State = -1, empty queue]] WARN  server.GrpcLogAppender (GrpcLogAppender.java:timeoutAppendRequest(209)) - 03d0ba9c-9a68-4db9-a306-0d67556dce53@group-0EDA3E4540D0->21e5d428-bfa8-41d9-bec1-e8e8886ad03a-GrpcLogAppender: appendEntries Timeout, request=03d0ba9c-9a68-4db9-a306-0d67556dce53->21e5d428-bfa8-41d9-bec1-e8e8886ad03a#1-t2, previous=(t:1, i:4), leaderCommit=6, initializing? false, entries: <empty>
2019-10-28 11:45:06,667 [java.util.concurrent.ThreadPoolExecutor$Worker@587f6f6f[State = -1, empty queue]] WARN  server.GrpcLogAppender (GrpcLogAppender.java:timeoutAppendRequest(209)) - ce71e9bc-e571-4e52-8a73-1c9dce7b9fa7@group-08147416B334->24830d12-f44b-43d9-b733-6f9667bbd6c9-GrpcLogAppender: appendEntries Timeout, request=ce71e9bc-e571-4e52-8a73-1c9dce7b9fa7->24830d12-f44b-43d9-b733-6f9667bbd6c9#1-t153, previous=(t:2, i:0), leaderCommit=2, initializing? false, entries: <empty>
2019-10-28 11:45:07,600 [java.util.concurrent.ThreadPoolExecutor$Worker@7499a2be[State = -1, empty queue]] WARN  server.GrpcLogAppender (GrpcLogAppender.java:timeoutAppendRequest(209)) - 03d0ba9c-9a68-4db9-a306-0d67556dce53@group-0EDA3E4540D0->31ceb61f-dd6d-4279-87bc-0b070a534ff8-GrpcLogAppender: appendEntries Timeout, request=03d0ba9c-9a68-4db9-a306-0d67556dce53->31ceb61f-dd6d-4279-87bc-0b070a534ff8#10-t2, previous=(t:2, i:6), leaderCommit=6, initializing? false, entries: <empty>
2019-10-28 11:45:08,102 [java.util.concurrent.ThreadPoolExecutor$Worker@7499a2be[State = -1, empty queue]] WARN  server.GrpcLogAppender (GrpcLogAppender.java:timeoutAppendRequest(209)) - 03d0ba9c-9a68-4db9-a306-0d67556dce53@group-0EDA3E4540D0->31ceb61f-dd6d-4279-87bc-0b070a534ff8-GrpcLogAppender: appendEntries Timeout, request=03d0ba9c-9a68-4db9-a306-0d67556dce53->31ceb61f-dd6d-4279-87bc-0b070a534ff8#11-t2, previous=(t:2, i:6), leaderCommit=6, initializing? false, entries: <empty>
2019-10-28 11:45:08,387 [java.util.concurrent.ThreadPoolExecutor$Worker@5dcbef97[State = -1, empty queue]] WARN  server.GrpcLogAppender (GrpcLogAppender.java:timeoutAppendRequest(209)) - 66cf3979-81da-4155-81a0-3dd54985f91a@group-48B29381066B->a480340b-d1a5-4cd0-bc20-ae63b012c3c7-GrpcLogAppender: appendEntries Timeout, request=66cf3979-81da-4155-81a0-3dd54985f91a->a480340b-d1a5-4cd0-bc20-ae63b012c3c7#0-t4, previous=(t:3, i:8), leaderCommit=8, initializing? false, entries: <empty>
2019-10-28 11:45:08,602 [java.util.concurrent.ThreadPoolExecutor$Worker@7499a2be[State = -1, empty queue]] WARN  server.GrpcLogAppender (GrpcLogAppender.java:timeoutAppendRequest(209)) - 03d0ba9c-9a68-4db9-a306-0d67556dce53@group-0EDA3E4540D0->31ceb61f-dd6d-4279-87bc-0b070a534ff8-GrpcLogAppender: appendEntries Timeout, request=03d0ba9c-9a68-4db9-a306-0d67556dce53->31ceb61f-dd6d-4279-87bc-0b070a534ff8#12-t2, previous=(t:2, i:6), leaderCommit=6, initializing? false, entries: <empty>
2019-10-28 11:45:09,102 [java.util.concurrent.ThreadPoolExecutor$Worker@7499a2be[State = -1, empty queue]] WARN  server.GrpcLogAppender (GrpcLogAppender.java:timeoutAppendRequest(209)) - 03d0ba9c-9a68-4db9-a306-0d67556dce53@group-0EDA3E4540D0->31ceb61f-dd6d-4279-87bc-0b070a534ff8-GrpcLogAppender: appendEntries Timeout, request=03d0ba9c-9a68-4db9-a306-0d67556dce53->31ceb61f-dd6d-4279-87bc-0b070a534ff8#13-t2, previous=(t:2, i:6), leaderCommit=6, initializing? false, entries: <empty>
2019-10-28 11:45:09,587 [java.util.concurrent.ThreadPoolExecutor$Worker@2f1242dc[State = -1, empty queue]] WARN  server.GrpcLogAppender (GrpcLogAppender.java:timeoutAppendRequest(209)) - 03d0ba9c-9a68-4db9-a306-0d67556dce53@group-0EDA3E4540D0->21e5d428-bfa8-41d9-bec1-e8e8886ad03a-GrpcLogAppender: appendEntries Timeout, request=03d0ba9c-9a68-4db9-a306-0d67556dce53->21e5d428-bfa8-41d9-bec1-e8e8886ad03a#2-t2, previous=(t:1, i:4), leaderCommit=6, initializing? false, entries: <empty>
2019-10-28 11:45:09,602 [java.util.concurrent.ThreadPoolExecutor$Worker@7499a2be[State = -1, empty queue]] WARN  server.GrpcLogAppender (GrpcLogAppender.java:timeoutAppendRequest(209)) - 03d0ba9c-9a68-4db9-a306-0d67556dce53@group-0EDA3E4540D0->31ceb61f-dd6d-4279-87bc-0b070a534ff8-GrpcLogAppender: appendEntries Timeout, request=03d0ba9c-9a68-4db9-a306-0d67556dce53->31ceb61f-dd6d-4279-87bc-0b070a534ff8#14-t2, previous=(t:2, i:6), leaderCommit=6, initializing? false, entries: <empty>
2019-10-28 11:45:09,646 [main] INFO  ozoneimpl.OzoneContainer (OzoneContainer.java:stop(227)) - Attempting to stop container services.
2019-10-28 11:45:09,646 [ForkJoinPool.commonPool-worker-1] INFO  ozoneimpl.OzoneContainer (OzoneContainer.java:stop(227)) - Attempting to stop container services.
2019-10-28 11:45:09,647 [ForkJoinPool.commonPool-worker-1] INFO  impl.RaftServerProxy (RaftServerProxy.java:lambda$close$4(314)) - ce71e9bc-e571-4e52-8a73-1c9dce7b9fa7: close
2019-10-28 11:45:09,647 [main] INFO  impl.RaftServerProxy (RaftServerProxy.java:lambda$close$4(314)) - 66cf3979-81da-4155-81a0-3dd54985f91a: close
2019-10-28 11:45:09,647 [ForkJoinPool.commonPool-worker-1] INFO  impl.RaftServerImpl (RaftServerImpl.java:lambda$shutdown$3(261)) - ce71e9bc-e571-4e52-8a73-1c9dce7b9fa7@group-08147416B334: shutdown
2019-10-28 11:45:09,647 [main] INFO  impl.RaftServerImpl (RaftServerImpl.java:lambda$shutdown$3(261)) - 66cf3979-81da-4155-81a0-3dd54985f91a@group-56DFAE376DB1: shutdown
2019-10-28 11:45:09,648 [ForkJoinPool.commonPool-worker-1] INFO  util.JmxRegister (JmxRegister.java:unregister(73)) - Successfully un-registered JMX Bean with object name Ratis:service=RaftServer,group=group-08147416B334,id=ce71e9bc-e571-4e52-8a73-1c9dce7b9fa7
2019-10-28 11:45:09,648 [main] INFO  util.JmxRegister (JmxRegister.java:unregister(73)) - Successfully un-registered JMX Bean with object name Ratis:service=RaftServer,group=group-56DFAE376DB1,id=66cf3979-81da-4155-81a0-3dd54985f91a
2019-10-28 11:45:09,648 [ForkJoinPool.commonPool-worker-1] INFO  impl.RoleInfo (RoleInfo.java:shutdownLeaderState(104)) - ce71e9bc-e571-4e52-8a73-1c9dce7b9fa7: shutdown LeaderState
2019-10-28 11:45:09,648 [main] INFO  impl.RoleInfo (RoleInfo.java:shutdownLeaderState(104)) - 66cf3979-81da-4155-81a0-3dd54985f91a: shutdown LeaderState
2019-10-28 11:45:09,664 [org.apache.ratis.server.impl.LogAppender$AppenderDaemon$$Lambda$418/908975430@a6f3695] WARN  server.GrpcLogAppender (GrpcLogAppender.java:mayWait(149)) - ce71e9bc-e571-4e52-8a73-1c9dce7b9fa7@group-08147416B334->75159f97-af2c-48a6-bb8f-f5acb2145c35-GrpcLogAppender: Wait interrupted by java.lang.InterruptedException
2019-10-28 11:45:09,664 [ForkJoinPool.commonPool-worker-1] INFO  impl.PendingRequests (PendingRequests.java:sendNotLeaderResponses(202)) - ce71e9bc-e571-4e52-8a73-1c9dce7b9fa7@group-08147416B334-PendingRequests: sendNotLeaderResponses
2019-10-28 11:45:09,664 [main] INFO  impl.PendingRequests (PendingRequests.java:sendNotLeaderResponses(202)) - 66cf3979-81da-4155-81a0-3dd54985f91a@group-56DFAE376DB1-PendingRequests: sendNotLeaderResponses
2019-10-28 11:45:09,664 [org.apache.ratis.server.impl.LogAppender$AppenderDaemon$$Lambda$418/908975430@7298bd9c] WARN  server.GrpcLogAppender (GrpcLogAppender.java:mayWait(149)) - ce71e9bc-e571-4e52-8a73-1c9dce7b9fa7@group-08147416B334->24830d12-f44b-43d9-b733-6f9667bbd6c9-GrpcLogAppender: Wait interrupted by java.lang.InterruptedException
2019-10-28 11:45:09,665 [main] INFO  impl.StateMachineUpdater (StateMachineUpdater.java:stopAndJoin(136)) - 66cf3979-81da-4155-81a0-3dd54985f91a@group-56DFAE376DB1-StateMachineUpdater: set stopIndex = 0
2019-10-28 11:45:09,665 [ForkJoinPool.commonPool-worker-1] INFO  impl.StateMachineUpdater (StateMachineUpdater.java:stopAndJoin(136)) - ce71e9bc-e571-4e52-8a73-1c9dce7b9fa7@group-08147416B334-StateMachineUpdater: set stopIndex = 2
2019-10-28 11:45:09,665 [main] INFO  impl.RaftServerImpl (ServerState.java:close(388)) - 66cf3979-81da-4155-81a0-3dd54985f91a@group-56DFAE376DB1: closes. applyIndex: 0
2019-10-28 11:45:09,665 [grpc-default-executor-8] INFO  server.GrpcServerProtocolService (GrpcServerProtocolService.java:onCompleted(113)) - 75159f97-af2c-48a6-bb8f-f5acb2145c35: Completed APPEND_ENTRIES, lastRequest: ce71e9bc-e571-4e52-8a73-1c9dce7b9fa7->75159f97-af2c-48a6-bb8f-f5acb2145c35#19-t153, previous=(t:153, i:2), leaderCommit=2, initializing? false, entries: <empty>
2019-10-28 11:45:09,665 [ForkJoinPool.commonPool-worker-1] INFO  impl.RaftServerImpl (ServerState.java:close(388)) - ce71e9bc-e571-4e52-8a73-1c9dce7b9fa7@group-08147416B334: closes. applyIndex: 2
2019-10-28 11:45:09,666 [66cf3979-81da-4155-81a0-3dd54985f91a@group-56DFAE376DB1-SegmentedRaftLogWorker] INFO  segmented.SegmentedRaftLogWorker (SegmentedRaftLogWorker.java:run(316)) - 66cf3979-81da-4155-81a0-3dd54985f91a@group-56DFAE376DB1-SegmentedRaftLogWorker was interrupted, exiting. There are 0 tasks remaining in the queue.
2019-10-28 11:45:09,666 [ce71e9bc-e571-4e52-8a73-1c9dce7b9fa7@group-08147416B334-SegmentedRaftLogWorker] INFO  segmented.SegmentedRaftLogWorker (SegmentedRaftLogWorker.java:run(316)) - ce71e9bc-e571-4e52-8a73-1c9dce7b9fa7@group-08147416B334-SegmentedRaftLogWorker was interrupted, exiting. There are 0 tasks remaining in the queue.
2019-10-28 11:45:09,668 [java.util.concurrent.ThreadPoolExecutor$Worker@587f6f6f[State = -1, empty queue]] WARN  server.GrpcLogAppender (GrpcLogAppender.java:timeoutAppendRequest(209)) - ce71e9bc-e571-4e52-8a73-1c9dce7b9fa7@group-08147416B334->24830d12-f44b-43d9-b733-6f9667bbd6c9-GrpcLogAppender: appendEntries Timeout, request=ce71e9bc-e571-4e52-8a73-1c9dce7b9fa7->24830d12-f44b-43d9-b733-6f9667bbd6c9#2-t153, previous=(t:2, i:0), leaderCommit=2, initializing? false, entries: <empty>
2019-10-28 11:45:09,669 [ForkJoinPool.commonPool-worker-1] INFO  segmented.SegmentedRaftLogWorker (SegmentedRaftLogWorker.java:close(224)) - ce71e9bc-e571-4e52-8a73-1c9dce7b9fa7@group-08147416B334-SegmentedRaftLogWorker close()
2019-10-28 11:45:09,669 [grpc-default-executor-8] INFO  server.GrpcLogAppender (GrpcLogAppender.java:onCompleted(308)) - ce71e9bc-e571-4e52-8a73-1c9dce7b9fa7@group-08147416B334->75159f97-af2c-48a6-bb8f-f5acb2145c35-AppendLogResponseHandler: follower responses appendEntries COMPLETED
2019-10-28 11:45:09,668 [main] INFO  segmented.SegmentedRaftLogWorker (SegmentedRaftLogWorker.java:close(224)) - 66cf3979-81da-4155-81a0-3dd54985f91a@group-56DFAE376DB1-SegmentedRaftLogWorker close()
2019-10-28 11:45:09,671 [ForkJoinPool.commonPool-worker-1] INFO  impl.RaftServerImpl (RaftServerImpl.java:lambda$shutdown$3(261)) - ce71e9bc-e571-4e52-8a73-1c9dce7b9fa7@group-B0CC4113945E: shutdown
2019-10-28 11:45:09,674 [main] INFO  impl.RaftServerImpl (RaftServerImpl.java:lambda$shutdown$3(261)) - 66cf3979-81da-4155-81a0-3dd54985f91a@group-48B29381066B: shutdown
2019-10-28 11:45:09,674 [ForkJoinPool.commonPool-worker-1] INFO  util.JmxRegister (JmxRegister.java:unregister(73)) - Successfully un-registered JMX Bean with object name Ratis:service=RaftServer,group=group-B0CC4113945E,id=ce71e9bc-e571-4e52-8a73-1c9dce7b9fa7
2019-10-28 11:45:09,674 [main] INFO  util.JmxRegister (JmxRegister.java:unregister(73)) - Successfully un-registered JMX Bean with object name Ratis:service=RaftServer,group=group-48B29381066B,id=66cf3979-81da-4155-81a0-3dd54985f91a
2019-10-28 11:45:09,674 [ForkJoinPool.commonPool-worker-1] INFO  impl.RoleInfo (RoleInfo.java:shutdownLeaderState(104)) - ce71e9bc-e571-4e52-8a73-1c9dce7b9fa7: shutdown LeaderState
2019-10-28 11:45:09,674 [main] INFO  impl.RoleInfo (RoleInfo.java:shutdownLeaderState(104)) - 66cf3979-81da-4155-81a0-3dd54985f91a: shutdown LeaderState
2019-10-28 11:45:09,674 [ForkJoinPool.commonPool-worker-1] INFO  impl.PendingRequests (PendingRequests.java:sendNotLeaderResponses(202)) - ce71e9bc-e571-4e52-8a73-1c9dce7b9fa7@group-B0CC4113945E-PendingRequests: sendNotLeaderResponses
2019-10-28 11:45:09,675 [org.apache.ratis.server.impl.LogAppender$AppenderDaemon$$Lambda$418/908975430@4c4ad413] WARN  server.GrpcLogAppender (GrpcLogAppender.java:mayWait(149)) - 66cf3979-81da-4155-81a0-3dd54985f91a@group-48B29381066B->a480340b-d1a5-4cd0-bc20-ae63b012c3c7-GrpcLogAppender: Wait interrupted by java.lang.InterruptedException
2019-10-28 11:45:09,675 [grpc-default-executor-8] INFO  impl.FollowerInfo (FollowerInfo.java:lambda$new$0(51)) - ce71e9bc-e571-4e52-8a73-1c9dce7b9fa7@group-08147416B334->75159f97-af2c-48a6-bb8f-f5acb2145c35: nextIndex: updateUnconditionally 3 -> 2
2019-10-28 11:45:09,675 [org.apache.ratis.server.impl.LogAppender$AppenderDaemon$$Lambda$418/908975430@34ccce28] WARN  server.GrpcLogAppender (GrpcLogAppender.java:mayWait(149)) - 66cf3979-81da-4155-81a0-3dd54985f91a@group-48B29381066B->84f4174e-6bb9-44ab-a36a-6c5af4251c6f-GrpcLogAppender: Wait interrupted by java.lang.InterruptedException
2019-10-28 11:45:09,675 [main] INFO  impl.PendingRequests (PendingRequests.java:sendNotLeaderResponses(202)) - 66cf3979-81da-4155-81a0-3dd54985f91a@group-48B29381066B-PendingRequests: sendNotLeaderResponses
2019-10-28 11:45:09,675 [ForkJoinPool.commonPool-worker-1] INFO  impl.StateMachineUpdater (StateMachineUpdater.java:stopAndJoin(136)) - ce71e9bc-e571-4e52-8a73-1c9dce7b9fa7@group-B0CC4113945E-StateMachineUpdater: set stopIndex = 0
2019-10-28 11:45:09,678 [main] INFO  impl.StateMachineUpdater (StateMachineUpdater.java:stopAndJoin(136)) - 66cf3979-81da-4155-81a0-3dd54985f91a@group-48B29381066B-StateMachineUpdater: set stopIndex = 10
2019-10-28 11:45:09,675 [grpc-default-executor-8] INFO  server.GrpcServerProtocolService (GrpcServerProtocolService.java:onCompleted(113)) - 84f4174e-6bb9-44ab-a36a-6c5af4251c6f: Completed APPEND_ENTRIES, lastRequest: 66cf3979-81da-4155-81a0-3dd54985f91a->84f4174e-6bb9-44ab-a36a-6c5af4251c6f#10-t4, previous=(t:4, i:10), leaderCommit=10, initializing? false, entries: <empty>
2019-10-28 11:45:09,678 [66cf3979-81da-4155-81a0-3dd54985f91a@group-48B29381066B-StateMachineUpdater] INFO  ratis.ContainerStateMachine (ContainerStateMachine.java:takeSnapshot(294)) - group-48B29381066B: Taking a snapshot at:(t:3, i:7) file /workdir/hadoop-ozone/integration-test/target/test-dir/MiniOzoneClusterImpl-b31733c6-727c-4256-9138-ff5b19d95bfe/datanode-8/data/ratis/7f77fb74-efbb-4dfa-8855-48b29381066b/sm/snapshot.3_7
2019-10-28 11:45:09,678 [ForkJoinPool.commonPool-worker-1] INFO  impl.RaftServerImpl (ServerState.java:close(388)) - ce71e9bc-e571-4e52-8a73-1c9dce7b9fa7@group-B0CC4113945E: closes. applyIndex: 0
2019-10-28 11:45:09,678 [grpc-default-executor-8] INFO  server.GrpcLogAppender (GrpcLogAppender.java:onCompleted(308)) - 66cf3979-81da-4155-81a0-3dd54985f91a@group-48B29381066B->84f4174e-6bb9-44ab-a36a-6c5af4251c6f-AppendLogResponseHandler: follower responses appendEntries COMPLETED
2019-10-28 11:45:09,683 [ce71e9bc-e571-4e52-8a73-1c9dce7b9fa7@group-B0CC4113945E-SegmentedRaftLogWorker] INFO  segmented.SegmentedRaftLogWorker (SegmentedRaftLogWorker.java:run(316)) - ce71e9bc-e571-4e52-8a73-1c9dce7b9fa7@group-B0CC4113945E-SegmentedRaftLogWorker was interrupted, exiting. There are 0 tasks remaining in the queue.
2019-10-28 11:45:09,687 [ForkJoinPool.commonPool-worker-1] INFO  segmented.SegmentedRaftLogWorker (SegmentedRaftLogWorker.java:close(224)) - ce71e9bc-e571-4e52-8a73-1c9dce7b9fa7@group-B0CC4113945E-SegmentedRaftLogWorker close()
2019-10-28 11:45:09,688 [grpc-default-executor-8] INFO  impl.FollowerInfo (FollowerInfo.java:lambda$new$0(51)) - 66cf3979-81da-4155-81a0-3dd54985f91a@group-48B29381066B->84f4174e-6bb9-44ab-a36a-6c5af4251c6f: nextIndex: updateUnconditionally 11 -> 10
2019-10-28 11:45:09,688 [ForkJoinPool.commonPool-worker-1] INFO  server.GrpcService (GrpcService.java:closeImpl(164)) - ce71e9bc-e571-4e52-8a73-1c9dce7b9fa7: shutdown server with port 36234 now
2019-10-28 11:45:09,689 [ForkJoinPool.commonPool-worker-1] INFO  server.GrpcService (GrpcService.java:closeImpl(172)) - ce71e9bc-e571-4e52-8a73-1c9dce7b9fa7: shutdown server with port 36234 successfully
2019-10-28 11:45:09,691 [refreshUsed-/workdir/hadoop-ozone/integration-test/target/test-dir/MiniOzoneClusterImpl-b31733c6-727c-4256-9138-ff5b19d95bfe/datanode-4/data/containers] WARN  fs.CachingGetSpaceUsed (CachingGetSpaceUsed.java:run(183)) - Thread Interrupted waiting to refresh disk information: sleep interrupted
2019-10-28 11:45:09,709 [ForkJoinPool.commonPool-worker-1] INFO  utils.BackgroundService (BackgroundService.java:shutdown(151)) - Shutting down service BlockDeletingService
2019-10-28 11:45:09,713 [66cf3979-81da-4155-81a0-3dd54985f91a@group-48B29381066B-StateMachineUpdater] INFO  ratis.ContainerStateMachine (ContainerStateMachine.java:takeSnapshot(305)) - group-48B29381066B: Finished taking a snapshot at:(t:3, i:7) file:/workdir/hadoop-ozone/integration-test/target/test-dir/MiniOzoneClusterImpl-b31733c6-727c-4256-9138-ff5b19d95bfe/datanode-8/data/ratis/7f77fb74-efbb-4dfa-8855-48b29381066b/sm/snapshot.3_7 time:36
2019-10-28 11:45:09,714 [ForkJoinPool.commonPool-worker-1] INFO  statemachine.DatanodeStateMachine (DatanodeStateMachine.java:stopDaemon(395)) - Ozone container server stopped.
2019-10-28 11:45:09,717 [66cf3979-81da-4155-81a0-3dd54985f91a@group-48B29381066B-StateMachineUpdater] INFO  impl.StateMachineUpdater (StateMachineUpdater.java:takeSnapshot(269)) - 66cf3979-81da-4155-81a0-3dd54985f91a@group-48B29381066B-StateMachineUpdater: Took a snapshot at index 7
2019-10-28 11:45:09,717 [66cf3979-81da-4155-81a0-3dd54985f91a@group-48B29381066B-StateMachineUpdater] INFO  impl.StateMachineUpdater (StateMachineUpdater.java:lambda$new$0(84)) - 66cf3979-81da-4155-81a0-3dd54985f91a@group-48B29381066B-StateMachineUpdater: snapshotIndex: updateIncreasingly -1 -> 7
2019-10-28 11:45:09,718 [66cf3979-81da-4155-81a0-3dd54985f91a@group-48B29381066B-StateMachineUpdater] INFO  ratis.ContainerStateMachine (ContainerStateMachine.java:takeSnapshot(294)) - group-48B29381066B: Taking a snapshot at:(t:3, i:7) file /workdir/hadoop-ozone/integration-test/target/test-dir/MiniOzoneClusterImpl-b31733c6-727c-4256-9138-ff5b19d95bfe/datanode-8/data/ratis/7f77fb74-efbb-4dfa-8855-48b29381066b/sm/snapshot.3_7
2019-10-28 11:45:09,718 [ForkJoinPool.commonPool-worker-1] INFO  handler.ContextHandler (ContextHandler.java:doStop(910)) - Stopped o.e.j.w.WebAppContext@35b17c06{/,null,UNAVAILABLE}{/hddsDatanode}
2019-10-28 11:45:09,719 [ForkJoinPool.commonPool-worker-1] INFO  server.AbstractConnector (AbstractConnector.java:doStop(318)) - Stopped ServerConnector@45545e7a{HTTP/1.1,[http/1.1]}{0.0.0.0:0}
2019-10-28 11:45:09,725 [ForkJoinPool.commonPool-worker-1] INFO  handler.ContextHandler (ContextHandler.java:doStop(910)) - Stopped o.e.j.s.ServletContextHandler@343e225a{/static,jar:file:/home/user/.m2/repository/org/apache/hadoop/hadoop-hdds-container-service/0.5.0-SNAPSHOT/hadoop-hdds-container-service-0.5.0-SNAPSHOT.jar!/webapps/static,UNAVAILABLE}
2019-10-28 11:45:09,725 [ForkJoinPool.commonPool-worker-1] INFO  handler.ContextHandler (ContextHandler.java:doStop(910)) - Stopped o.e.j.s.ServletContextHandler@4fb04a72{/logs,file:///workdir/hadoop-ozone/integration-test/target/log,UNAVAILABLE}
2019-10-28 11:45:09,730 [66cf3979-81da-4155-81a0-3dd54985f91a@group-48B29381066B-StateMachineUpdater] INFO  ratis.ContainerStateMachine (ContainerStateMachine.java:takeSnapshot(305)) - group-48B29381066B: Finished taking a snapshot at:(t:3, i:7) file:/workdir/hadoop-ozone/integration-test/target/test-dir/MiniOzoneClusterImpl-b31733c6-727c-4256-9138-ff5b19d95bfe/datanode-8/data/ratis/7f77fb74-efbb-4dfa-8855-48b29381066b/sm/snapshot.3_7 time:12
2019-10-28 11:45:09,731 [66cf3979-81da-4155-81a0-3dd54985f91a@group-48B29381066B-StateMachineUpdater] INFO  impl.StateMachineUpdater (StateMachineUpdater.java:takeSnapshot(269)) - 66cf3979-81da-4155-81a0-3dd54985f91a@group-48B29381066B-StateMachineUpdater: Took a snapshot at index 7
2019-10-28 11:45:09,731 [66cf3979-81da-4155-81a0-3dd54985f91a@group-48B29381066B-StateMachineUpdater] INFO  impl.StateMachineUpdater (StateMachineUpdater.java:lambda$new$0(84)) - 66cf3979-81da-4155-81a0-3dd54985f91a@group-48B29381066B-StateMachineUpdater: snapshotIndex: updateIncreasingly 7 -> 7
2019-10-28 11:45:09,731 [main] INFO  impl.RaftServerImpl (ServerState.java:close(388)) - 66cf3979-81da-4155-81a0-3dd54985f91a@group-48B29381066B: closes. applyIndex: 10
2019-10-28 11:45:09,731 [66cf3979-81da-4155-81a0-3dd54985f91a@group-48B29381066B-SegmentedRaftLogWorker] INFO  segmented.SegmentedRaftLogWorker (SegmentedRaftLogWorker.java:run(316)) - 66cf3979-81da-4155-81a0-3dd54985f91a@group-48B29381066B-SegmentedRaftLogWorker was interrupted, exiting. There are 0 tasks remaining in the queue.
2019-10-28 11:45:09,732 [main] INFO  segmented.SegmentedRaftLogWorker (SegmentedRaftLogWorker.java:close(224)) - 66cf3979-81da-4155-81a0-3dd54985f91a@group-48B29381066B-SegmentedRaftLogWorker close()
2019-10-28 11:45:09,732 [main] INFO  server.GrpcService (GrpcService.java:closeImpl(164)) - 66cf3979-81da-4155-81a0-3dd54985f91a: shutdown server with port 43079 now
2019-10-28 11:45:09,732 [main] INFO  server.GrpcService (GrpcService.java:closeImpl(172)) - 66cf3979-81da-4155-81a0-3dd54985f91a: shutdown server with port 43079 successfully
2019-10-28 11:45:09,734 [refreshUsed-/workdir/hadoop-ozone/integration-test/target/test-dir/MiniOzoneClusterImpl-b31733c6-727c-4256-9138-ff5b19d95bfe/datanode-8/data/containers] WARN  fs.CachingGetSpaceUsed (CachingGetSpaceUsed.java:run(183)) - Thread Interrupted waiting to refresh disk information: sleep interrupted
2019-10-28 11:45:09,747 [main] INFO  utils.BackgroundService (BackgroundService.java:shutdown(151)) - Shutting down service BlockDeletingService
2019-10-28 11:45:09,751 [main] INFO  statemachine.DatanodeStateMachine (DatanodeStateMachine.java:stopDaemon(395)) - Ozone container server stopped.
2019-10-28 11:45:09,752 [main] INFO  handler.ContextHandler (ContextHandler.java:doStop(910)) - Stopped o.e.j.w.WebAppContext@51bddd98{/,null,UNAVAILABLE}{/hddsDatanode}
2019-10-28 11:45:09,752 [main] INFO  server.AbstractConnector (AbstractConnector.java:doStop(318)) - Stopped ServerConnector@21c747a{HTTP/1.1,[http/1.1]}{0.0.0.0:0}
2019-10-28 11:45:09,752 [main] INFO  handler.ContextHandler (ContextHandler.java:doStop(910)) - Stopped o.e.j.s.ServletContextHandler@20ead579{/static,jar:file:/home/user/.m2/repository/org/apache/hadoop/hadoop-hdds-container-service/0.5.0-SNAPSHOT/hadoop-hdds-container-service-0.5.0-SNAPSHOT.jar!/webapps/static,UNAVAILABLE}
2019-10-28 11:45:09,753 [main] INFO  handler.ContextHandler (ContextHandler.java:doStop(910)) - Stopped o.e.j.s.ServletContextHandler@6cbbb9c4{/logs,file:///workdir/hadoop-ozone/integration-test/target/log,UNAVAILABLE}
2019-10-28 11:45:09,895 [Datanode State Machine Thread - 0] INFO  statemachine.DatanodeStateMachine (DatanodeStateMachine.java:lambda$startDaemon$0(350)) - Ozone container server started.
2019-10-28 11:45:10,103 [java.util.concurrent.ThreadPoolExecutor$Worker@7499a2be[State = -1, empty queue]] WARN  server.GrpcLogAppender (GrpcLogAppender.java:timeoutAppendRequest(209)) - 03d0ba9c-9a68-4db9-a306-0d67556dce53@group-0EDA3E4540D0->31ceb61f-dd6d-4279-87bc-0b070a534ff8-GrpcLogAppender: appendEntries Timeout, request=03d0ba9c-9a68-4db9-a306-0d67556dce53->31ceb61f-dd6d-4279-87bc-0b070a534ff8#15-t2, previous=(t:2, i:6), leaderCommit=6, initializing? false, entries: <empty>
2019-10-28 11:45:10,164 [Datanode State Machine Thread - 0] INFO  statemachine.DatanodeStateMachine (DatanodeStateMachine.java:lambda$startDaemon$0(350)) - Ozone container server started.
2019-10-28 11:45:10,332 [Thread-2534] INFO  impl.FollowerState (FollowerState.java:run(108)) - 75159f97-af2c-48a6-bb8f-f5acb2145c35@group-08147416B334-FollowerState: change to CANDIDATE, lastRpcTime:1134ms, electionTimeout:1132ms
2019-10-28 11:45:10,333 [Thread-2534] INFO  impl.RoleInfo (RoleInfo.java:shutdownFollowerState(121)) - 75159f97-af2c-48a6-bb8f-f5acb2145c35: shutdown FollowerState
2019-10-28 11:45:10,333 [Thread-2534] INFO  impl.RaftServerImpl (RaftServerImpl.java:setRole(184)) - 75159f97-af2c-48a6-bb8f-f5acb2145c35@group-08147416B334: changes role from  FOLLOWER to CANDIDATE at term 153 for changeToCandidate
2019-10-28 11:45:10,333 [Thread-2534] INFO  impl.RoleInfo (RoleInfo.java:updateAndGet(143)) - 75159f97-af2c-48a6-bb8f-f5acb2145c35: start LeaderElection
2019-10-28 11:45:10,333 [75159f97-af2c-48a6-bb8f-f5acb2145c35@group-08147416B334-LeaderElection175] INFO  impl.RaftServerImpl (ServerState.java:setLeader(256)) - 75159f97-af2c-48a6-bb8f-f5acb2145c35@group-08147416B334: change Leader from ce71e9bc-e571-4e52-8a73-1c9dce7b9fa7 to null at term 153 for initElection
2019-10-28 11:45:10,346 [75159f97-af2c-48a6-bb8f-f5acb2145c35@group-08147416B334-LeaderElection175] INFO  impl.LeaderElection (LeaderElection.java:askForVotes(178)) - 75159f97-af2c-48a6-bb8f-f5acb2145c35@group-08147416B334-LeaderElection175: begin an election at term 154 for 1: [24830d12-f44b-43d9-b733-6f9667bbd6c9:192.168.164.193:40613, 75159f97-af2c-48a6-bb8f-f5acb2145c35:192.168.164.193:42423, ce71e9bc-e571-4e52-8a73-1c9dce7b9fa7:192.168.164.193:36234], old=null
2019-10-28 11:45:10,349 [75159f97-af2c-48a6-bb8f-f5acb2145c35@group-08147416B334-LeaderElection175] INFO  impl.LeaderElection (LogUtils.java:infoOrTrace(149)) - 75159f97-af2c-48a6-bb8f-f5acb2145c35@group-08147416B334-LeaderElection175 got exception when requesting votes: {}
java.util.concurrent.ExecutionException: org.apache.ratis.thirdparty.io.grpc.StatusRuntimeException: UNAVAILABLE: io exception
	at java.util.concurrent.FutureTask.report(FutureTask.java:122)
	at java.util.concurrent.FutureTask.get(FutureTask.java:192)
	at org.apache.ratis.server.impl.LeaderElection.waitForResults(LeaderElection.java:259)
	at org.apache.ratis.server.impl.LeaderElection.askForVotes(LeaderElection.java:197)
	at org.apache.ratis.server.impl.LeaderElection.run(LeaderElection.java:133)
	at java.lang.Thread.run(Thread.java:748)
Caused by: org.apache.ratis.thirdparty.io.grpc.StatusRuntimeException: UNAVAILABLE: io exception
	at org.apache.ratis.thirdparty.io.grpc.stub.ClientCalls.toStatusRuntimeException(ClientCalls.java:233)
	at org.apache.ratis.thirdparty.io.grpc.stub.ClientCalls.getUnchecked(ClientCalls.java:214)
	at org.apache.ratis.thirdparty.io.grpc.stub.ClientCalls.blockingUnaryCall(ClientCalls.java:139)
	at org.apache.ratis.proto.grpc.RaftServerProtocolServiceGrpc$RaftServerProtocolServiceBlockingStub.requestVote(RaftServerProtocolServiceGrpc.java:265)
	at org.apache.ratis.grpc.server.GrpcServerProtocolClient.requestVote(GrpcServerProtocolClient.java:99)
	at org.apache.ratis.grpc.server.GrpcService.requestVote(GrpcService.java:204)
	at org.apache.ratis.server.impl.LeaderElection.lambda$submitRequests$1(LeaderElection.java:234)
	at java.util.concurrent.FutureTask.run(FutureTask.java:266)
	at java.util.concurrent.Executors$RunnableAdapter.call(Executors.java:511)
	at java.util.concurrent.FutureTask.run(FutureTask.java:266)
	at java.util.concurrent.ThreadPoolExecutor.runWorker(ThreadPoolExecutor.java:1149)
	at java.util.concurrent.ThreadPoolExecutor$Worker.run(ThreadPoolExecutor.java:624)
	... 1 more
Caused by: org.apache.ratis.thirdparty.io.netty.channel.AbstractChannel$AnnotatedConnectException: Connection refused: /192.168.164.193:40613
	at sun.nio.ch.SocketChannelImpl.checkConnect(Native Method)
	at sun.nio.ch.SocketChannelImpl.finishConnect(SocketChannelImpl.java:717)
	at org.apache.ratis.thirdparty.io.netty.channel.socket.nio.NioSocketChannel.doFinishConnect(NioSocketChannel.java:327)
	at org.apache.ratis.thirdparty.io.netty.channel.nio.AbstractNioChannel$AbstractNioUnsafe.finishConnect(AbstractNioChannel.java:340)
	at org.apache.ratis.thirdparty.io.netty.channel.nio.NioEventLoop.processSelectedKey(NioEventLoop.java:632)
	at org.apache.ratis.thirdparty.io.netty.channel.nio.NioEventLoop.processSelectedKeysOptimized(NioEventLoop.java:579)
	at org.apache.ratis.thirdparty.io.netty.channel.nio.NioEventLoop.processSelectedKeys(NioEventLoop.java:496)
	at org.apache.ratis.thirdparty.io.netty.channel.nio.NioEventLoop.run(NioEventLoop.java:458)
	at org.apache.ratis.thirdparty.io.netty.util.concurrent.SingleThreadEventExecutor$5.run(SingleThreadEventExecutor.java:897)
	at org.apache.ratis.thirdparty.io.netty.util.concurrent.FastThreadLocalRunnable.run(FastThreadLocalRunnable.java:30)
	... 1 more
Caused by: java.net.ConnectException: Connection refused
	... 11 more
2019-10-28 11:45:10,351 [75159f97-af2c-48a6-bb8f-f5acb2145c35@group-08147416B334-LeaderElection175] INFO  impl.LeaderElection (LogUtils.java:infoOrTrace(149)) - 75159f97-af2c-48a6-bb8f-f5acb2145c35@group-08147416B334-LeaderElection175 got exception when requesting votes: {}
java.util.concurrent.ExecutionException: org.apache.ratis.thirdparty.io.grpc.StatusRuntimeException: UNAVAILABLE: io exception
	at java.util.concurrent.FutureTask.report(FutureTask.java:122)
	at java.util.concurrent.FutureTask.get(FutureTask.java:192)
	at org.apache.ratis.server.impl.LeaderElection.waitForResults(LeaderElection.java:259)
	at org.apache.ratis.server.impl.LeaderElection.askForVotes(LeaderElection.java:197)
	at org.apache.ratis.server.impl.LeaderElection.run(LeaderElection.java:133)
	at java.lang.Thread.run(Thread.java:748)
Caused by: org.apache.ratis.thirdparty.io.grpc.StatusRuntimeException: UNAVAILABLE: io exception
	at org.apache.ratis.thirdparty.io.grpc.stub.ClientCalls.toStatusRuntimeException(ClientCalls.java:233)
	at org.apache.ratis.thirdparty.io.grpc.stub.ClientCalls.getUnchecked(ClientCalls.java:214)
	at org.apache.ratis.thirdparty.io.grpc.stub.ClientCalls.blockingUnaryCall(ClientCalls.java:139)
	at org.apache.ratis.proto.grpc.RaftServerProtocolServiceGrpc$RaftServerProtocolServiceBlockingStub.requestVote(RaftServerProtocolServiceGrpc.java:265)
	at org.apache.ratis.grpc.server.GrpcServerProtocolClient.requestVote(GrpcServerProtocolClient.java:99)
	at org.apache.ratis.grpc.server.GrpcService.requestVote(GrpcService.java:204)
	at org.apache.ratis.server.impl.LeaderElection.lambda$submitRequests$1(LeaderElection.java:234)
	at java.util.concurrent.FutureTask.run(FutureTask.java:266)
	at java.util.concurrent.Executors$RunnableAdapter.call(Executors.java:511)
	at java.util.concurrent.FutureTask.run(FutureTask.java:266)
	at java.util.concurrent.ThreadPoolExecutor.runWorker(ThreadPoolExecutor.java:1149)
	at java.util.concurrent.ThreadPoolExecutor$Worker.run(ThreadPoolExecutor.java:624)
	... 1 more
Caused by: org.apache.ratis.thirdparty.io.netty.channel.AbstractChannel$AnnotatedConnectException: Connection refused: /192.168.164.193:36234
	at sun.nio.ch.SocketChannelImpl.checkConnect(Native Method)
	at sun.nio.ch.SocketChannelImpl.finishConnect(SocketChannelImpl.java:717)
	at org.apache.ratis.thirdparty.io.netty.channel.socket.nio.NioSocketChannel.doFinishConnect(NioSocketChannel.java:327)
	at org.apache.ratis.thirdparty.io.netty.channel.nio.AbstractNioChannel$AbstractNioUnsafe.finishConnect(AbstractNioChannel.java:340)
	at org.apache.ratis.thirdparty.io.netty.channel.nio.NioEventLoop.processSelectedKey(NioEventLoop.java:632)
	at org.apache.ratis.thirdparty.io.netty.channel.nio.NioEventLoop.processSelectedKeysOptimized(NioEventLoop.java:579)
	at org.apache.ratis.thirdparty.io.netty.channel.nio.NioEventLoop.processSelectedKeys(NioEventLoop.java:496)
	at org.apache.ratis.thirdparty.io.netty.channel.nio.NioEventLoop.run(NioEventLoop.java:458)
	at org.apache.ratis.thirdparty.io.netty.util.concurrent.SingleThreadEventExecutor$5.run(SingleThreadEventExecutor.java:897)
	at org.apache.ratis.thirdparty.io.netty.util.concurrent.FastThreadLocalRunnable.run(FastThreadLocalRunnable.java:30)
	... 1 more
Caused by: java.net.ConnectException: Connection refused
	... 11 more
2019-10-28 11:45:10,353 [75159f97-af2c-48a6-bb8f-f5acb2145c35@group-08147416B334-LeaderElection175] INFO  impl.LeaderElection (LeaderElection.java:logAndReturn(56)) - 75159f97-af2c-48a6-bb8f-f5acb2145c35@group-08147416B334-LeaderElection175: Election REJECTED; received 0 response(s) [] and 2 exception(s); 75159f97-af2c-48a6-bb8f-f5acb2145c35@group-08147416B334:t154, leader=null, voted=75159f97-af2c-48a6-bb8f-f5acb2145c35, raftlog=75159f97-af2c-48a6-bb8f-f5acb2145c35@group-08147416B334-SegmentedRaftLog:OPENED:c2,f2,i2, conf=1: [24830d12-f44b-43d9-b733-6f9667bbd6c9:192.168.164.193:40613, 75159f97-af2c-48a6-bb8f-f5acb2145c35:192.168.164.193:42423, ce71e9bc-e571-4e52-8a73-1c9dce7b9fa7:192.168.164.193:36234], old=null
2019-10-28 11:45:10,353 [75159f97-af2c-48a6-bb8f-f5acb2145c35@group-08147416B334-LeaderElection175] INFO  impl.LeaderElection (LogUtils.java:infoOrTrace(149)) -   Exception 0: {}
java.util.concurrent.ExecutionException: org.apache.ratis.thirdparty.io.grpc.StatusRuntimeException: UNAVAILABLE: io exception
	at java.util.concurrent.FutureTask.report(FutureTask.java:122)
	at java.util.concurrent.FutureTask.get(FutureTask.java:192)
	at org.apache.ratis.server.impl.LeaderElection.waitForResults(LeaderElection.java:259)
	at org.apache.ratis.server.impl.LeaderElection.askForVotes(LeaderElection.java:197)
	at org.apache.ratis.server.impl.LeaderElection.run(LeaderElection.java:133)
	at java.lang.Thread.run(Thread.java:748)
Caused by: org.apache.ratis.thirdparty.io.grpc.StatusRuntimeException: UNAVAILABLE: io exception
	at org.apache.ratis.thirdparty.io.grpc.stub.ClientCalls.toStatusRuntimeException(ClientCalls.java:233)
	at org.apache.ratis.thirdparty.io.grpc.stub.ClientCalls.getUnchecked(ClientCalls.java:214)
	at org.apache.ratis.thirdparty.io.grpc.stub.ClientCalls.blockingUnaryCall(ClientCalls.java:139)
	at org.apache.ratis.proto.grpc.RaftServerProtocolServiceGrpc$RaftServerProtocolServiceBlockingStub.requestVote(RaftServerProtocolServiceGrpc.java:265)
	at org.apache.ratis.grpc.server.GrpcServerProtocolClient.requestVote(GrpcServerProtocolClient.java:99)
	at org.apache.ratis.grpc.server.GrpcService.requestVote(GrpcService.java:204)
	at org.apache.ratis.server.impl.LeaderElection.lambda$submitRequests$1(LeaderElection.java:234)
	at java.util.concurrent.FutureTask.run(FutureTask.java:266)
	at java.util.concurrent.Executors$RunnableAdapter.call(Executors.java:511)
	at java.util.concurrent.FutureTask.run(FutureTask.java:266)
	at java.util.concurrent.ThreadPoolExecutor.runWorker(ThreadPoolExecutor.java:1149)
	at java.util.concurrent.ThreadPoolExecutor$Worker.run(ThreadPoolExecutor.java:624)
	... 1 more
Caused by: org.apache.ratis.thirdparty.io.netty.channel.AbstractChannel$AnnotatedConnectException: Connection refused: /192.168.164.193:40613
	at sun.nio.ch.SocketChannelImpl.checkConnect(Native Method)
	at sun.nio.ch.SocketChannelImpl.finishConnect(SocketChannelImpl.java:717)
	at org.apache.ratis.thirdparty.io.netty.channel.socket.nio.NioSocketChannel.doFinishConnect(NioSocketChannel.java:327)
	at org.apache.ratis.thirdparty.io.netty.channel.nio.AbstractNioChannel$AbstractNioUnsafe.finishConnect(AbstractNioChannel.java:340)
	at org.apache.ratis.thirdparty.io.netty.channel.nio.NioEventLoop.processSelectedKey(NioEventLoop.java:632)
	at org.apache.ratis.thirdparty.io.netty.channel.nio.NioEventLoop.processSelectedKeysOptimized(NioEventLoop.java:579)
	at org.apache.ratis.thirdparty.io.netty.channel.nio.NioEventLoop.processSelectedKeys(NioEventLoop.java:496)
	at org.apache.ratis.thirdparty.io.netty.channel.nio.NioEventLoop.run(NioEventLoop.java:458)
	at org.apache.ratis.thirdparty.io.netty.util.concurrent.SingleThreadEventExecutor$5.run(SingleThreadEventExecutor.java:897)
	at org.apache.ratis.thirdparty.io.netty.util.concurrent.FastThreadLocalRunnable.run(FastThreadLocalRunnable.java:30)
	... 1 more
Caused by: java.net.ConnectException: Connection refused
	... 11 more
2019-10-28 11:45:10,353 [75159f97-af2c-48a6-bb8f-f5acb2145c35@group-08147416B334-LeaderElection175] INFO  impl.LeaderElection (LogUtils.java:infoOrTrace(149)) -   Exception 1: {}
java.util.concurrent.ExecutionException: org.apache.ratis.thirdparty.io.grpc.StatusRuntimeException: UNAVAILABLE: io exception
	at java.util.concurrent.FutureTask.report(FutureTask.java:122)
	at java.util.concurrent.FutureTask.get(FutureTask.java:192)
	at org.apache.ratis.server.impl.LeaderElection.waitForResults(LeaderElection.java:259)
	at org.apache.ratis.server.impl.LeaderElection.askForVotes(LeaderElection.java:197)
	at org.apache.ratis.server.impl.LeaderElection.run(LeaderElection.java:133)
	at java.lang.Thread.run(Thread.java:748)
Caused by: org.apache.ratis.thirdparty.io.grpc.StatusRuntimeException: UNAVAILABLE: io exception
	at org.apache.ratis.thirdparty.io.grpc.stub.ClientCalls.toStatusRuntimeException(ClientCalls.java:233)
	at org.apache.ratis.thirdparty.io.grpc.stub.ClientCalls.getUnchecked(ClientCalls.java:214)
	at org.apache.ratis.thirdparty.io.grpc.stub.ClientCalls.blockingUnaryCall(ClientCalls.java:139)
	at org.apache.ratis.proto.grpc.RaftServerProtocolServiceGrpc$RaftServerProtocolServiceBlockingStub.requestVote(RaftServerProtocolServiceGrpc.java:265)
	at org.apache.ratis.grpc.server.GrpcServerProtocolClient.requestVote(GrpcServerProtocolClient.java:99)
	at org.apache.ratis.grpc.server.GrpcService.requestVote(GrpcService.java:204)
	at org.apache.ratis.server.impl.LeaderElection.lambda$submitRequests$1(LeaderElection.java:234)
	at java.util.concurrent.FutureTask.run(FutureTask.java:266)
	at java.util.concurrent.Executors$RunnableAdapter.call(Executors.java:511)
	at java.util.concurrent.FutureTask.run(FutureTask.java:266)
	at java.util.concurrent.ThreadPoolExecutor.runWorker(ThreadPoolExecutor.java:1149)
	at java.util.concurrent.ThreadPoolExecutor$Worker.run(ThreadPoolExecutor.java:624)
	... 1 more
Caused by: org.apache.ratis.thirdparty.io.netty.channel.AbstractChannel$AnnotatedConnectException: Connection refused: /192.168.164.193:36234
	at sun.nio.ch.SocketChannelImpl.checkConnect(Native Method)
	at sun.nio.ch.SocketChannelImpl.finishConnect(SocketChannelImpl.java:717)
	at org.apache.ratis.thirdparty.io.netty.channel.socket.nio.NioSocketChannel.doFinishConnect(NioSocketChannel.java:327)
	at org.apache.ratis.thirdparty.io.netty.channel.nio.AbstractNioChannel$AbstractNioUnsafe.finishConnect(AbstractNioChannel.java:340)
	at org.apache.ratis.thirdparty.io.netty.channel.nio.NioEventLoop.processSelectedKey(NioEventLoop.java:632)
	at org.apache.ratis.thirdparty.io.netty.channel.nio.NioEventLoop.processSelectedKeysOptimized(NioEventLoop.java:579)
	at org.apache.ratis.thirdparty.io.netty.channel.nio.NioEventLoop.processSelectedKeys(NioEventLoop.java:496)
	at org.apache.ratis.thirdparty.io.netty.channel.nio.NioEventLoop.run(NioEventLoop.java:458)
	at org.apache.ratis.thirdparty.io.netty.util.concurrent.SingleThreadEventExecutor$5.run(SingleThreadEventExecutor.java:897)
	at org.apache.ratis.thirdparty.io.netty.util.concurrent.FastThreadLocalRunnable.run(FastThreadLocalRunnable.java:30)
	... 1 more
Caused by: java.net.ConnectException: Connection refused
	... 11 more
2019-10-28 11:45:10,353 [75159f97-af2c-48a6-bb8f-f5acb2145c35@group-08147416B334-LeaderElection175] INFO  impl.RaftServerImpl (RaftServerImpl.java:setRole(184)) - 75159f97-af2c-48a6-bb8f-f5acb2145c35@group-08147416B334: changes role from CANDIDATE to FOLLOWER at term 154 for DISCOVERED_A_NEW_TERM
2019-10-28 11:45:10,353 [75159f97-af2c-48a6-bb8f-f5acb2145c35@group-08147416B334-LeaderElection175] INFO  impl.RoleInfo (RoleInfo.java:shutdownLeaderElection(134)) - 75159f97-af2c-48a6-bb8f-f5acb2145c35: shutdown LeaderElection
2019-10-28 11:45:10,353 [75159f97-af2c-48a6-bb8f-f5acb2145c35@group-08147416B334-LeaderElection175] INFO  impl.RoleInfo (RoleInfo.java:updateAndGet(143)) - 75159f97-af2c-48a6-bb8f-f5acb2145c35: start FollowerState
2019-10-28 11:45:10,603 [java.util.concurrent.ThreadPoolExecutor$Worker@7499a2be[State = -1, empty queue]] WARN  server.GrpcLogAppender (GrpcLogAppender.java:timeoutAppendRequest(209)) - 03d0ba9c-9a68-4db9-a306-0d67556dce53@group-0EDA3E4540D0->31ceb61f-dd6d-4279-87bc-0b070a534ff8-GrpcLogAppender: appendEntries Timeout, request=03d0ba9c-9a68-4db9-a306-0d67556dce53->31ceb61f-dd6d-4279-87bc-0b070a534ff8#16-t2, previous=(t:2, i:6), leaderCommit=6, initializing? false, entries: <empty>
2019-10-28 11:45:11,100 [Thread-2580] INFO  impl.FollowerState (FollowerState.java:run(108)) - 84f4174e-6bb9-44ab-a36a-6c5af4251c6f@group-48B29381066B-FollowerState: change to CANDIDATE, lastRpcTime:1626ms, electionTimeout:1102ms
2019-10-28 11:45:11,100 [Thread-2580] INFO  impl.RoleInfo (RoleInfo.java:shutdownFollowerState(121)) - 84f4174e-6bb9-44ab-a36a-6c5af4251c6f: shutdown FollowerState
2019-10-28 11:45:11,100 [Thread-2580] INFO  impl.RaftServerImpl (RaftServerImpl.java:setRole(184)) - 84f4174e-6bb9-44ab-a36a-6c5af4251c6f@group-48B29381066B: changes role from  FOLLOWER to CANDIDATE at term 4 for changeToCandidate
2019-10-28 11:45:11,100 [Thread-2580] INFO  impl.RoleInfo (RoleInfo.java:updateAndGet(143)) - 84f4174e-6bb9-44ab-a36a-6c5af4251c6f: start LeaderElection
2019-10-28 11:45:11,103 [java.util.concurrent.ThreadPoolExecutor$Worker@7499a2be[State = -1, empty queue]] WARN  server.GrpcLogAppender (GrpcLogAppender.java:timeoutAppendRequest(209)) - 03d0ba9c-9a68-4db9-a306-0d67556dce53@group-0EDA3E4540D0->31ceb61f-dd6d-4279-87bc-0b070a534ff8-GrpcLogAppender: appendEntries Timeout, request=03d0ba9c-9a68-4db9-a306-0d67556dce53->31ceb61f-dd6d-4279-87bc-0b070a534ff8#17-t2, previous=(t:2, i:6), leaderCommit=6, initializing? false, entries: <empty>
2019-10-28 11:45:11,105 [84f4174e-6bb9-44ab-a36a-6c5af4251c6f@group-48B29381066B-LeaderElection176] INFO  impl.RaftServerImpl (ServerState.java:setLeader(256)) - 84f4174e-6bb9-44ab-a36a-6c5af4251c6f@group-48B29381066B: change Leader from 66cf3979-81da-4155-81a0-3dd54985f91a to null at term 4 for initElection
2019-10-28 11:45:11,118 [84f4174e-6bb9-44ab-a36a-6c5af4251c6f@group-48B29381066B-LeaderElection176] INFO  impl.LeaderElection (LeaderElection.java:askForVotes(178)) - 84f4174e-6bb9-44ab-a36a-6c5af4251c6f@group-48B29381066B-LeaderElection176: begin an election at term 5 for 9: [66cf3979-81da-4155-81a0-3dd54985f91a:192.168.164.193:43079, 84f4174e-6bb9-44ab-a36a-6c5af4251c6f:192.168.164.193:40080, a480340b-d1a5-4cd0-bc20-ae63b012c3c7:192.168.164.193:43902], old=null
2019-10-28 11:45:11,122 [84f4174e-6bb9-44ab-a36a-6c5af4251c6f@group-48B29381066B-LeaderElection176] INFO  impl.LeaderElection (LogUtils.java:infoOrTrace(149)) - 84f4174e-6bb9-44ab-a36a-6c5af4251c6f@group-48B29381066B-LeaderElection176 got exception when requesting votes: {}
java.util.concurrent.ExecutionException: org.apache.ratis.thirdparty.io.grpc.StatusRuntimeException: UNAVAILABLE: io exception
	at java.util.concurrent.FutureTask.report(FutureTask.java:122)
	at java.util.concurrent.FutureTask.get(FutureTask.java:192)
	at org.apache.ratis.server.impl.LeaderElection.waitForResults(LeaderElection.java:259)
	at org.apache.ratis.server.impl.LeaderElection.askForVotes(LeaderElection.java:197)
	at org.apache.ratis.server.impl.LeaderElection.run(LeaderElection.java:133)
	at java.lang.Thread.run(Thread.java:748)
Caused by: org.apache.ratis.thirdparty.io.grpc.StatusRuntimeException: UNAVAILABLE: io exception
	at org.apache.ratis.thirdparty.io.grpc.stub.ClientCalls.toStatusRuntimeException(ClientCalls.java:233)
	at org.apache.ratis.thirdparty.io.grpc.stub.ClientCalls.getUnchecked(ClientCalls.java:214)
	at org.apache.ratis.thirdparty.io.grpc.stub.ClientCalls.blockingUnaryCall(ClientCalls.java:139)
	at org.apache.ratis.proto.grpc.RaftServerProtocolServiceGrpc$RaftServerProtocolServiceBlockingStub.requestVote(RaftServerProtocolServiceGrpc.java:265)
	at org.apache.ratis.grpc.server.GrpcServerProtocolClient.requestVote(GrpcServerProtocolClient.java:99)
	at org.apache.ratis.grpc.server.GrpcService.requestVote(GrpcService.java:204)
	at org.apache.ratis.server.impl.LeaderElection.lambda$submitRequests$1(LeaderElection.java:234)
	at java.util.concurrent.FutureTask.run(FutureTask.java:266)
	at java.util.concurrent.Executors$RunnableAdapter.call(Executors.java:511)
	at java.util.concurrent.FutureTask.run(FutureTask.java:266)
	at java.util.concurrent.ThreadPoolExecutor.runWorker(ThreadPoolExecutor.java:1149)
	at java.util.concurrent.ThreadPoolExecutor$Worker.run(ThreadPoolExecutor.java:624)
	... 1 more
Caused by: org.apache.ratis.thirdparty.io.netty.channel.AbstractChannel$AnnotatedConnectException: Connection refused: /192.168.164.193:43902
	at sun.nio.ch.SocketChannelImpl.checkConnect(Native Method)
	at sun.nio.ch.SocketChannelImpl.finishConnect(SocketChannelImpl.java:717)
	at org.apache.ratis.thirdparty.io.netty.channel.socket.nio.NioSocketChannel.doFinishConnect(NioSocketChannel.java:327)
	at org.apache.ratis.thirdparty.io.netty.channel.nio.AbstractNioChannel$AbstractNioUnsafe.finishConnect(AbstractNioChannel.java:340)
	at org.apache.ratis.thirdparty.io.netty.channel.nio.NioEventLoop.processSelectedKey(NioEventLoop.java:632)
	at org.apache.ratis.thirdparty.io.netty.channel.nio.NioEventLoop.processSelectedKeysOptimized(NioEventLoop.java:579)
	at org.apache.ratis.thirdparty.io.netty.channel.nio.NioEventLoop.processSelectedKeys(NioEventLoop.java:496)
	at org.apache.ratis.thirdparty.io.netty.channel.nio.NioEventLoop.run(NioEventLoop.java:458)
	at org.apache.ratis.thirdparty.io.netty.util.concurrent.SingleThreadEventExecutor$5.run(SingleThreadEventExecutor.java:897)
	at org.apache.ratis.thirdparty.io.netty.util.concurrent.FastThreadLocalRunnable.run(FastThreadLocalRunnable.java:30)
	... 1 more
Caused by: java.net.ConnectException: Connection refused
	... 11 more
2019-10-28 11:45:11,125 [84f4174e-6bb9-44ab-a36a-6c5af4251c6f@group-48B29381066B-LeaderElection176] INFO  impl.LeaderElection (LogUtils.java:infoOrTrace(149)) - 84f4174e-6bb9-44ab-a36a-6c5af4251c6f@group-48B29381066B-LeaderElection176 got exception when requesting votes: {}
java.util.concurrent.ExecutionException: org.apache.ratis.thirdparty.io.grpc.StatusRuntimeException: UNAVAILABLE: io exception
	at java.util.concurrent.FutureTask.report(FutureTask.java:122)
	at java.util.concurrent.FutureTask.get(FutureTask.java:192)
	at org.apache.ratis.server.impl.LeaderElection.waitForResults(LeaderElection.java:259)
	at org.apache.ratis.server.impl.LeaderElection.askForVotes(LeaderElection.java:197)
	at org.apache.ratis.server.impl.LeaderElection.run(LeaderElection.java:133)
	at java.lang.Thread.run(Thread.java:748)
Caused by: org.apache.ratis.thirdparty.io.grpc.StatusRuntimeException: UNAVAILABLE: io exception
	at org.apache.ratis.thirdparty.io.grpc.stub.ClientCalls.toStatusRuntimeException(ClientCalls.java:233)
	at org.apache.ratis.thirdparty.io.grpc.stub.ClientCalls.getUnchecked(ClientCalls.java:214)
	at org.apache.ratis.thirdparty.io.grpc.stub.ClientCalls.blockingUnaryCall(ClientCalls.java:139)
	at org.apache.ratis.proto.grpc.RaftServerProtocolServiceGrpc$RaftServerProtocolServiceBlockingStub.requestVote(RaftServerProtocolServiceGrpc.java:265)
	at org.apache.ratis.grpc.server.GrpcServerProtocolClient.requestVote(GrpcServerProtocolClient.java:99)
	at org.apache.ratis.grpc.server.GrpcService.requestVote(GrpcService.java:204)
	at org.apache.ratis.server.impl.LeaderElection.lambda$submitRequests$1(LeaderElection.java:234)
	at java.util.concurrent.FutureTask.run(FutureTask.java:266)
	at java.util.concurrent.Executors$RunnableAdapter.call(Executors.java:511)
	at java.util.concurrent.FutureTask.run(FutureTask.java:266)
	at java.util.concurrent.ThreadPoolExecutor.runWorker(ThreadPoolExecutor.java:1149)
	at java.util.concurrent.ThreadPoolExecutor$Worker.run(ThreadPoolExecutor.java:624)
	... 1 more
Caused by: org.apache.ratis.thirdparty.io.netty.channel.AbstractChannel$AnnotatedConnectException: Connection refused: /192.168.164.193:43079
	at sun.nio.ch.SocketChannelImpl.checkConnect(Native Method)
	at sun.nio.ch.SocketChannelImpl.finishConnect(SocketChannelImpl.java:717)
	at org.apache.ratis.thirdparty.io.netty.channel.socket.nio.NioSocketChannel.doFinishConnect(NioSocketChannel.java:327)
	at org.apache.ratis.thirdparty.io.netty.channel.nio.AbstractNioChannel$AbstractNioUnsafe.finishConnect(AbstractNioChannel.java:340)
	at org.apache.ratis.thirdparty.io.netty.channel.nio.NioEventLoop.processSelectedKey(NioEventLoop.java:632)
	at org.apache.ratis.thirdparty.io.netty.channel.nio.NioEventLoop.processSelectedKeysOptimized(NioEventLoop.java:579)
	at org.apache.ratis.thirdparty.io.netty.channel.nio.NioEventLoop.processSelectedKeys(NioEventLoop.java:496)
	at org.apache.ratis.thirdparty.io.netty.channel.nio.NioEventLoop.run(NioEventLoop.java:458)
	at org.apache.ratis.thirdparty.io.netty.util.concurrent.SingleThreadEventExecutor$5.run(SingleThreadEventExecutor.java:897)
	at org.apache.ratis.thirdparty.io.netty.util.concurrent.FastThreadLocalRunnable.run(FastThreadLocalRunnable.java:30)
	... 1 more
Caused by: java.net.ConnectException: Connection refused
	... 11 more
2019-10-28 11:45:11,127 [84f4174e-6bb9-44ab-a36a-6c5af4251c6f@group-48B29381066B-LeaderElection176] INFO  impl.LeaderElection (LeaderElection.java:logAndReturn(56)) - 84f4174e-6bb9-44ab-a36a-6c5af4251c6f@group-48B29381066B-LeaderElection176: Election REJECTED; received 0 response(s) [] and 2 exception(s); 84f4174e-6bb9-44ab-a36a-6c5af4251c6f@group-48B29381066B:t5, leader=null, voted=84f4174e-6bb9-44ab-a36a-6c5af4251c6f, raftlog=84f4174e-6bb9-44ab-a36a-6c5af4251c6f@group-48B29381066B-SegmentedRaftLog:OPENED:c10,f10,i10, conf=9: [66cf3979-81da-4155-81a0-3dd54985f91a:192.168.164.193:43079, 84f4174e-6bb9-44ab-a36a-6c5af4251c6f:192.168.164.193:40080, a480340b-d1a5-4cd0-bc20-ae63b012c3c7:192.168.164.193:43902], old=null
2019-10-28 11:45:11,127 [84f4174e-6bb9-44ab-a36a-6c5af4251c6f@group-48B29381066B-LeaderElection176] INFO  impl.LeaderElection (LogUtils.java:infoOrTrace(149)) -   Exception 0: {}
java.util.concurrent.ExecutionException: org.apache.ratis.thirdparty.io.grpc.StatusRuntimeException: UNAVAILABLE: io exception
	at java.util.concurrent.FutureTask.report(FutureTask.java:122)
	at java.util.concurrent.FutureTask.get(FutureTask.java:192)
	at org.apache.ratis.server.impl.LeaderElection.waitForResults(LeaderElection.java:259)
	at org.apache.ratis.server.impl.LeaderElection.askForVotes(LeaderElection.java:197)
	at org.apache.ratis.server.impl.LeaderElection.run(LeaderElection.java:133)
	at java.lang.Thread.run(Thread.java:748)
Caused by: org.apache.ratis.thirdparty.io.grpc.StatusRuntimeException: UNAVAILABLE: io exception
	at org.apache.ratis.thirdparty.io.grpc.stub.ClientCalls.toStatusRuntimeException(ClientCalls.java:233)
	at org.apache.ratis.thirdparty.io.grpc.stub.ClientCalls.getUnchecked(ClientCalls.java:214)
	at org.apache.ratis.thirdparty.io.grpc.stub.ClientCalls.blockingUnaryCall(ClientCalls.java:139)
	at org.apache.ratis.proto.grpc.RaftServerProtocolServiceGrpc$RaftServerProtocolServiceBlockingStub.requestVote(RaftServerProtocolServiceGrpc.java:265)
	at org.apache.ratis.grpc.server.GrpcServerProtocolClient.requestVote(GrpcServerProtocolClient.java:99)
	at org.apache.ratis.grpc.server.GrpcService.requestVote(GrpcService.java:204)
	at org.apache.ratis.server.impl.LeaderElection.lambda$submitRequests$1(LeaderElection.java:234)
	at java.util.concurrent.FutureTask.run(FutureTask.java:266)
	at java.util.concurrent.Executors$RunnableAdapter.call(Executors.java:511)
	at java.util.concurrent.FutureTask.run(FutureTask.java:266)
	at java.util.concurrent.ThreadPoolExecutor.runWorker(ThreadPoolExecutor.java:1149)
	at java.util.concurrent.ThreadPoolExecutor$Worker.run(ThreadPoolExecutor.java:624)
	... 1 more
Caused by: org.apache.ratis.thirdparty.io.netty.channel.AbstractChannel$AnnotatedConnectException: Connection refused: /192.168.164.193:43902
	at sun.nio.ch.SocketChannelImpl.checkConnect(Native Method)
	at sun.nio.ch.SocketChannelImpl.finishConnect(SocketChannelImpl.java:717)
	at org.apache.ratis.thirdparty.io.netty.channel.socket.nio.NioSocketChannel.doFinishConnect(NioSocketChannel.java:327)
	at org.apache.ratis.thirdparty.io.netty.channel.nio.AbstractNioChannel$AbstractNioUnsafe.finishConnect(AbstractNioChannel.java:340)
	at org.apache.ratis.thirdparty.io.netty.channel.nio.NioEventLoop.processSelectedKey(NioEventLoop.java:632)
	at org.apache.ratis.thirdparty.io.netty.channel.nio.NioEventLoop.processSelectedKeysOptimized(NioEventLoop.java:579)
	at org.apache.ratis.thirdparty.io.netty.channel.nio.NioEventLoop.processSelectedKeys(NioEventLoop.java:496)
	at org.apache.ratis.thirdparty.io.netty.channel.nio.NioEventLoop.run(NioEventLoop.java:458)
	at org.apache.ratis.thirdparty.io.netty.util.concurrent.SingleThreadEventExecutor$5.run(SingleThreadEventExecutor.java:897)
	at org.apache.ratis.thirdparty.io.netty.util.concurrent.FastThreadLocalRunnable.run(FastThreadLocalRunnable.java:30)
	... 1 more
Caused by: java.net.ConnectException: Connection refused
	... 11 more
2019-10-28 11:45:11,128 [84f4174e-6bb9-44ab-a36a-6c5af4251c6f@group-48B29381066B-LeaderElection176] INFO  impl.LeaderElection (LogUtils.java:infoOrTrace(149)) -   Exception 1: {}
java.util.concurrent.ExecutionException: org.apache.ratis.thirdparty.io.grpc.StatusRuntimeException: UNAVAILABLE: io exception
	at java.util.concurrent.FutureTask.report(FutureTask.java:122)
	at java.util.concurrent.FutureTask.get(FutureTask.java:192)
	at org.apache.ratis.server.impl.LeaderElection.waitForResults(LeaderElection.java:259)
	at org.apache.ratis.server.impl.LeaderElection.askForVotes(LeaderElection.java:197)
	at org.apache.ratis.server.impl.LeaderElection.run(LeaderElection.java:133)
	at java.lang.Thread.run(Thread.java:748)
Caused by: org.apache.ratis.thirdparty.io.grpc.StatusRuntimeException: UNAVAILABLE: io exception
	at org.apache.ratis.thirdparty.io.grpc.stub.ClientCalls.toStatusRuntimeException(ClientCalls.java:233)
	at org.apache.ratis.thirdparty.io.grpc.stub.ClientCalls.getUnchecked(ClientCalls.java:214)
	at org.apache.ratis.thirdparty.io.grpc.stub.ClientCalls.blockingUnaryCall(ClientCalls.java:139)
	at org.apache.ratis.proto.grpc.RaftServerProtocolServiceGrpc$RaftServerProtocolServiceBlockingStub.requestVote(RaftServerProtocolServiceGrpc.java:265)
	at org.apache.ratis.grpc.server.GrpcServerProtocolClient.requestVote(GrpcServerProtocolClient.java:99)
	at org.apache.ratis.grpc.server.GrpcService.requestVote(GrpcService.java:204)
	at org.apache.ratis.server.impl.LeaderElection.lambda$submitRequests$1(LeaderElection.java:234)
	at java.util.concurrent.FutureTask.run(FutureTask.java:266)
	at java.util.concurrent.Executors$RunnableAdapter.call(Executors.java:511)
	at java.util.concurrent.FutureTask.run(FutureTask.java:266)
	at java.util.concurrent.ThreadPoolExecutor.runWorker(ThreadPoolExecutor.java:1149)
	at java.util.concurrent.ThreadPoolExecutor$Worker.run(ThreadPoolExecutor.java:624)
	... 1 more
Caused by: org.apache.ratis.thirdparty.io.netty.channel.AbstractChannel$AnnotatedConnectException: Connection refused: /192.168.164.193:43079
	at sun.nio.ch.SocketChannelImpl.checkConnect(Native Method)
	at sun.nio.ch.SocketChannelImpl.finishConnect(SocketChannelImpl.java:717)
	at org.apache.ratis.thirdparty.io.netty.channel.socket.nio.NioSocketChannel.doFinishConnect(NioSocketChannel.java:327)
	at org.apache.ratis.thirdparty.io.netty.channel.nio.AbstractNioChannel$AbstractNioUnsafe.finishConnect(AbstractNioChannel.java:340)
	at org.apache.ratis.thirdparty.io.netty.channel.nio.NioEventLoop.processSelectedKey(NioEventLoop.java:632)
	at org.apache.ratis.thirdparty.io.netty.channel.nio.NioEventLoop.processSelectedKeysOptimized(NioEventLoop.java:579)
	at org.apache.ratis.thirdparty.io.netty.channel.nio.NioEventLoop.processSelectedKeys(NioEventLoop.java:496)
	at org.apache.ratis.thirdparty.io.netty.channel.nio.NioEventLoop.run(NioEventLoop.java:458)
	at org.apache.ratis.thirdparty.io.netty.util.concurrent.SingleThreadEventExecutor$5.run(SingleThreadEventExecutor.java:897)
	at org.apache.ratis.thirdparty.io.netty.util.concurrent.FastThreadLocalRunnable.run(FastThreadLocalRunnable.java:30)
	... 1 more
Caused by: java.net.ConnectException: Connection refused
	... 11 more
2019-10-28 11:45:11,128 [84f4174e-6bb9-44ab-a36a-6c5af4251c6f@group-48B29381066B-LeaderElection176] INFO  impl.RaftServerImpl (RaftServerImpl.java:setRole(184)) - 84f4174e-6bb9-44ab-a36a-6c5af4251c6f@group-48B29381066B: changes role from CANDIDATE to FOLLOWER at term 5 for DISCOVERED_A_NEW_TERM
2019-10-28 11:45:11,128 [84f4174e-6bb9-44ab-a36a-6c5af4251c6f@group-48B29381066B-LeaderElection176] INFO  impl.RoleInfo (RoleInfo.java:shutdownLeaderElection(134)) - 84f4174e-6bb9-44ab-a36a-6c5af4251c6f: shutdown LeaderElection
2019-10-28 11:45:11,129 [84f4174e-6bb9-44ab-a36a-6c5af4251c6f@group-48B29381066B-LeaderElection176] INFO  impl.RoleInfo (RoleInfo.java:updateAndGet(143)) - 84f4174e-6bb9-44ab-a36a-6c5af4251c6f: start FollowerState
2019-10-28 11:45:11,457 [java.util.concurrent.ThreadPoolExecutor$Worker@5dcbef97[State = -1, empty queue]] WARN  server.GrpcLogAppender (GrpcLogAppender.java:timeoutAppendRequest(209)) - 66cf3979-81da-4155-81a0-3dd54985f91a@group-48B29381066B->a480340b-d1a5-4cd0-bc20-ae63b012c3c7-GrpcLogAppender: appendEntries Timeout, request=66cf3979-81da-4155-81a0-3dd54985f91a->a480340b-d1a5-4cd0-bc20-ae63b012c3c7#1-t4, previous=(t:3, i:8), leaderCommit=10, initializing? false, entries: <empty>
2019-10-28 11:45:11,477 [Thread-2608] INFO  impl.FollowerState (FollowerState.java:run(108)) - 75159f97-af2c-48a6-bb8f-f5acb2145c35@group-08147416B334-FollowerState: change to CANDIDATE, lastRpcTime:1123ms, electionTimeout:1123ms
2019-10-28 11:45:11,477 [Thread-2608] INFO  impl.RoleInfo (RoleInfo.java:shutdownFollowerState(121)) - 75159f97-af2c-48a6-bb8f-f5acb2145c35: shutdown FollowerState
2019-10-28 11:45:11,477 [Thread-2608] INFO  impl.RaftServerImpl (RaftServerImpl.java:setRole(184)) - 75159f97-af2c-48a6-bb8f-f5acb2145c35@group-08147416B334: changes role from  FOLLOWER to CANDIDATE at term 154 for changeToCandidate
2019-10-28 11:45:11,477 [Thread-2608] INFO  impl.RoleInfo (RoleInfo.java:updateAndGet(143)) - 75159f97-af2c-48a6-bb8f-f5acb2145c35: start LeaderElection
2019-10-28 11:45:11,491 [75159f97-af2c-48a6-bb8f-f5acb2145c35@group-08147416B334-LeaderElection177] INFO  impl.LeaderElection (LeaderElection.java:askForVotes(178)) - 75159f97-af2c-48a6-bb8f-f5acb2145c35@group-08147416B334-LeaderElection177: begin an election at term 155 for 1: [24830d12-f44b-43d9-b733-6f9667bbd6c9:192.168.164.193:40613, 75159f97-af2c-48a6-bb8f-f5acb2145c35:192.168.164.193:42423, ce71e9bc-e571-4e52-8a73-1c9dce7b9fa7:192.168.164.193:36234], old=null
2019-10-28 11:45:11,492 [75159f97-af2c-48a6-bb8f-f5acb2145c35@group-08147416B334-LeaderElection177] INFO  impl.LeaderElection (LogUtils.java:infoOrTrace(149)) - 75159f97-af2c-48a6-bb8f-f5acb2145c35@group-08147416B334-LeaderElection177 got exception when requesting votes: {}
java.util.concurrent.ExecutionException: org.apache.ratis.thirdparty.io.grpc.StatusRuntimeException: UNAVAILABLE: io exception
	at java.util.concurrent.FutureTask.report(FutureTask.java:122)
	at java.util.concurrent.FutureTask.get(FutureTask.java:192)
	at org.apache.ratis.server.impl.LeaderElection.waitForResults(LeaderElection.java:259)
	at org.apache.ratis.server.impl.LeaderElection.askForVotes(LeaderElection.java:197)
	at org.apache.ratis.server.impl.LeaderElection.run(LeaderElection.java:133)
	at java.lang.Thread.run(Thread.java:748)
Caused by: org.apache.ratis.thirdparty.io.grpc.StatusRuntimeException: UNAVAILABLE: io exception
	at org.apache.ratis.thirdparty.io.grpc.stub.ClientCalls.toStatusRuntimeException(ClientCalls.java:233)
	at org.apache.ratis.thirdparty.io.grpc.stub.ClientCalls.getUnchecked(ClientCalls.java:214)
	at org.apache.ratis.thirdparty.io.grpc.stub.ClientCalls.blockingUnaryCall(ClientCalls.java:139)
	at org.apache.ratis.proto.grpc.RaftServerProtocolServiceGrpc$RaftServerProtocolServiceBlockingStub.requestVote(RaftServerProtocolServiceGrpc.java:265)
	at org.apache.ratis.grpc.server.GrpcServerProtocolClient.requestVote(GrpcServerProtocolClient.java:99)
	at org.apache.ratis.grpc.server.GrpcService.requestVote(GrpcService.java:204)
	at org.apache.ratis.server.impl.LeaderElection.lambda$submitRequests$1(LeaderElection.java:234)
	at java.util.concurrent.FutureTask.run(FutureTask.java:266)
	at java.util.concurrent.Executors$RunnableAdapter.call(Executors.java:511)
	at java.util.concurrent.FutureTask.run(FutureTask.java:266)
	at java.util.concurrent.ThreadPoolExecutor.runWorker(ThreadPoolExecutor.java:1149)
	at java.util.concurrent.ThreadPoolExecutor$Worker.run(ThreadPoolExecutor.java:624)
	... 1 more
Caused by: org.apache.ratis.thirdparty.io.netty.channel.AbstractChannel$AnnotatedConnectException: Connection refused: /192.168.164.193:40613
	at sun.nio.ch.SocketChannelImpl.checkConnect(Native Method)
	at sun.nio.ch.SocketChannelImpl.finishConnect(SocketChannelImpl.java:717)
	at org.apache.ratis.thirdparty.io.netty.channel.socket.nio.NioSocketChannel.doFinishConnect(NioSocketChannel.java:327)
	at org.apache.ratis.thirdparty.io.netty.channel.nio.AbstractNioChannel$AbstractNioUnsafe.finishConnect(AbstractNioChannel.java:340)
	at org.apache.ratis.thirdparty.io.netty.channel.nio.NioEventLoop.processSelectedKey(NioEventLoop.java:632)
	at org.apache.ratis.thirdparty.io.netty.channel.nio.NioEventLoop.processSelectedKeysOptimized(NioEventLoop.java:579)
	at org.apache.ratis.thirdparty.io.netty.channel.nio.NioEventLoop.processSelectedKeys(NioEventLoop.java:496)
	at org.apache.ratis.thirdparty.io.netty.channel.nio.NioEventLoop.run(NioEventLoop.java:458)
	at org.apache.ratis.thirdparty.io.netty.util.concurrent.SingleThreadEventExecutor$5.run(SingleThreadEventExecutor.java:897)
	at org.apache.ratis.thirdparty.io.netty.util.concurrent.FastThreadLocalRunnable.run(FastThreadLocalRunnable.java:30)
	... 1 more
Caused by: java.net.ConnectException: Connection refused
	... 11 more
2019-10-28 11:45:11,494 [75159f97-af2c-48a6-bb8f-f5acb2145c35@group-08147416B334-LeaderElection177] INFO  impl.LeaderElection (LogUtils.java:infoOrTrace(149)) - 75159f97-af2c-48a6-bb8f-f5acb2145c35@group-08147416B334-LeaderElection177 got exception when requesting votes: {}
java.util.concurrent.ExecutionException: org.apache.ratis.thirdparty.io.grpc.StatusRuntimeException: UNAVAILABLE: io exception
	at java.util.concurrent.FutureTask.report(FutureTask.java:122)
	at java.util.concurrent.FutureTask.get(FutureTask.java:192)
	at org.apache.ratis.server.impl.LeaderElection.waitForResults(LeaderElection.java:259)
	at org.apache.ratis.server.impl.LeaderElection.askForVotes(LeaderElection.java:197)
	at org.apache.ratis.server.impl.LeaderElection.run(LeaderElection.java:133)
	at java.lang.Thread.run(Thread.java:748)
Caused by: org.apache.ratis.thirdparty.io.grpc.StatusRuntimeException: UNAVAILABLE: io exception
	at org.apache.ratis.thirdparty.io.grpc.stub.ClientCalls.toStatusRuntimeException(ClientCalls.java:233)
	at org.apache.ratis.thirdparty.io.grpc.stub.ClientCalls.getUnchecked(ClientCalls.java:214)
	at org.apache.ratis.thirdparty.io.grpc.stub.ClientCalls.blockingUnaryCall(ClientCalls.java:139)
	at org.apache.ratis.proto.grpc.RaftServerProtocolServiceGrpc$RaftServerProtocolServiceBlockingStub.requestVote(RaftServerProtocolServiceGrpc.java:265)
	at org.apache.ratis.grpc.server.GrpcServerProtocolClient.requestVote(GrpcServerProtocolClient.java:99)
	at org.apache.ratis.grpc.server.GrpcService.requestVote(GrpcService.java:204)
	at org.apache.ratis.server.impl.LeaderElection.lambda$submitRequests$1(LeaderElection.java:234)
	at java.util.concurrent.FutureTask.run(FutureTask.java:266)
	at java.util.concurrent.Executors$RunnableAdapter.call(Executors.java:511)
	at java.util.concurrent.FutureTask.run(FutureTask.java:266)
	at java.util.concurrent.ThreadPoolExecutor.runWorker(ThreadPoolExecutor.java:1149)
	at java.util.concurrent.ThreadPoolExecutor$Worker.run(ThreadPoolExecutor.java:624)
	... 1 more
Caused by: org.apache.ratis.thirdparty.io.netty.channel.AbstractChannel$AnnotatedConnectException: Connection refused: /192.168.164.193:36234
	at sun.nio.ch.SocketChannelImpl.checkConnect(Native Method)
	at sun.nio.ch.SocketChannelImpl.finishConnect(SocketChannelImpl.java:717)
	at org.apache.ratis.thirdparty.io.netty.channel.socket.nio.NioSocketChannel.doFinishConnect(NioSocketChannel.java:327)
	at org.apache.ratis.thirdparty.io.netty.channel.nio.AbstractNioChannel$AbstractNioUnsafe.finishConnect(AbstractNioChannel.java:340)
	at org.apache.ratis.thirdparty.io.netty.channel.nio.NioEventLoop.processSelectedKey(NioEventLoop.java:632)
	at org.apache.ratis.thirdparty.io.netty.channel.nio.NioEventLoop.processSelectedKeysOptimized(NioEventLoop.java:579)
	at org.apache.ratis.thirdparty.io.netty.channel.nio.NioEventLoop.processSelectedKeys(NioEventLoop.java:496)
	at org.apache.ratis.thirdparty.io.netty.channel.nio.NioEventLoop.run(NioEventLoop.java:458)
	at org.apache.ratis.thirdparty.io.netty.util.concurrent.SingleThreadEventExecutor$5.run(SingleThreadEventExecutor.java:897)
	at org.apache.ratis.thirdparty.io.netty.util.concurrent.FastThreadLocalRunnable.run(FastThreadLocalRunnable.java:30)
	... 1 more
Caused by: java.net.ConnectException: Connection refused
	... 11 more
2019-10-28 11:45:11,496 [75159f97-af2c-48a6-bb8f-f5acb2145c35@group-08147416B334-LeaderElection177] INFO  impl.LeaderElection (LeaderElection.java:logAndReturn(56)) - 75159f97-af2c-48a6-bb8f-f5acb2145c35@group-08147416B334-LeaderElection177: Election REJECTED; received 0 response(s) [] and 2 exception(s); 75159f97-af2c-48a6-bb8f-f5acb2145c35@group-08147416B334:t155, leader=null, voted=75159f97-af2c-48a6-bb8f-f5acb2145c35, raftlog=75159f97-af2c-48a6-bb8f-f5acb2145c35@group-08147416B334-SegmentedRaftLog:OPENED:c2,f2,i2, conf=1: [24830d12-f44b-43d9-b733-6f9667bbd6c9:192.168.164.193:40613, 75159f97-af2c-48a6-bb8f-f5acb2145c35:192.168.164.193:42423, ce71e9bc-e571-4e52-8a73-1c9dce7b9fa7:192.168.164.193:36234], old=null
2019-10-28 11:45:11,496 [75159f97-af2c-48a6-bb8f-f5acb2145c35@group-08147416B334-LeaderElection177] INFO  impl.LeaderElection (LogUtils.java:infoOrTrace(149)) -   Exception 0: {}
java.util.concurrent.ExecutionException: org.apache.ratis.thirdparty.io.grpc.StatusRuntimeException: UNAVAILABLE: io exception
	at java.util.concurrent.FutureTask.report(FutureTask.java:122)
	at java.util.concurrent.FutureTask.get(FutureTask.java:192)
	at org.apache.ratis.server.impl.LeaderElection.waitForResults(LeaderElection.java:259)
	at org.apache.ratis.server.impl.LeaderElection.askForVotes(LeaderElection.java:197)
	at org.apache.ratis.server.impl.LeaderElection.run(LeaderElection.java:133)
	at java.lang.Thread.run(Thread.java:748)
Caused by: org.apache.ratis.thirdparty.io.grpc.StatusRuntimeException: UNAVAILABLE: io exception
	at org.apache.ratis.thirdparty.io.grpc.stub.ClientCalls.toStatusRuntimeException(ClientCalls.java:233)
	at org.apache.ratis.thirdparty.io.grpc.stub.ClientCalls.getUnchecked(ClientCalls.java:214)
	at org.apache.ratis.thirdparty.io.grpc.stub.ClientCalls.blockingUnaryCall(ClientCalls.java:139)
	at org.apache.ratis.proto.grpc.RaftServerProtocolServiceGrpc$RaftServerProtocolServiceBlockingStub.requestVote(RaftServerProtocolServiceGrpc.java:265)
	at org.apache.ratis.grpc.server.GrpcServerProtocolClient.requestVote(GrpcServerProtocolClient.java:99)
	at org.apache.ratis.grpc.server.GrpcService.requestVote(GrpcService.java:204)
	at org.apache.ratis.server.impl.LeaderElection.lambda$submitRequests$1(LeaderElection.java:234)
	at java.util.concurrent.FutureTask.run(FutureTask.java:266)
	at java.util.concurrent.Executors$RunnableAdapter.call(Executors.java:511)
	at java.util.concurrent.FutureTask.run(FutureTask.java:266)
	at java.util.concurrent.ThreadPoolExecutor.runWorker(ThreadPoolExecutor.java:1149)
	at java.util.concurrent.ThreadPoolExecutor$Worker.run(ThreadPoolExecutor.java:624)
	... 1 more
Caused by: org.apache.ratis.thirdparty.io.netty.channel.AbstractChannel$AnnotatedConnectException: Connection refused: /192.168.164.193:40613
	at sun.nio.ch.SocketChannelImpl.checkConnect(Native Method)
	at sun.nio.ch.SocketChannelImpl.finishConnect(SocketChannelImpl.java:717)
	at org.apache.ratis.thirdparty.io.netty.channel.socket.nio.NioSocketChannel.doFinishConnect(NioSocketChannel.java:327)
	at org.apache.ratis.thirdparty.io.netty.channel.nio.AbstractNioChannel$AbstractNioUnsafe.finishConnect(AbstractNioChannel.java:340)
	at org.apache.ratis.thirdparty.io.netty.channel.nio.NioEventLoop.processSelectedKey(NioEventLoop.java:632)
	at org.apache.ratis.thirdparty.io.netty.channel.nio.NioEventLoop.processSelectedKeysOptimized(NioEventLoop.java:579)
	at org.apache.ratis.thirdparty.io.netty.channel.nio.NioEventLoop.processSelectedKeys(NioEventLoop.java:496)
	at org.apache.ratis.thirdparty.io.netty.channel.nio.NioEventLoop.run(NioEventLoop.java:458)
	at org.apache.ratis.thirdparty.io.netty.util.concurrent.SingleThreadEventExecutor$5.run(SingleThreadEventExecutor.java:897)
	at org.apache.ratis.thirdparty.io.netty.util.concurrent.FastThreadLocalRunnable.run(FastThreadLocalRunnable.java:30)
	... 1 more
Caused by: java.net.ConnectException: Connection refused
	... 11 more
2019-10-28 11:45:11,497 [75159f97-af2c-48a6-bb8f-f5acb2145c35@group-08147416B334-LeaderElection177] INFO  impl.LeaderElection (LogUtils.java:infoOrTrace(149)) -   Exception 1: {}
java.util.concurrent.ExecutionException: org.apache.ratis.thirdparty.io.grpc.StatusRuntimeException: UNAVAILABLE: io exception
	at java.util.concurrent.FutureTask.report(FutureTask.java:122)
	at java.util.concurrent.FutureTask.get(FutureTask.java:192)
	at org.apache.ratis.server.impl.LeaderElection.waitForResults(LeaderElection.java:259)
	at org.apache.ratis.server.impl.LeaderElection.askForVotes(LeaderElection.java:197)
	at org.apache.ratis.server.impl.LeaderElection.run(LeaderElection.java:133)
	at java.lang.Thread.run(Thread.java:748)
Caused by: org.apache.ratis.thirdparty.io.grpc.StatusRuntimeException: UNAVAILABLE: io exception
	at org.apache.ratis.thirdparty.io.grpc.stub.ClientCalls.toStatusRuntimeException(ClientCalls.java:233)
	at org.apache.ratis.thirdparty.io.grpc.stub.ClientCalls.getUnchecked(ClientCalls.java:214)
	at org.apache.ratis.thirdparty.io.grpc.stub.ClientCalls.blockingUnaryCall(ClientCalls.java:139)
	at org.apache.ratis.proto.grpc.RaftServerProtocolServiceGrpc$RaftServerProtocolServiceBlockingStub.requestVote(RaftServerProtocolServiceGrpc.java:265)
	at org.apache.ratis.grpc.server.GrpcServerProtocolClient.requestVote(GrpcServerProtocolClient.java:99)
	at org.apache.ratis.grpc.server.GrpcService.requestVote(GrpcService.java:204)
	at org.apache.ratis.server.impl.LeaderElection.lambda$submitRequests$1(LeaderElection.java:234)
	at java.util.concurrent.FutureTask.run(FutureTask.java:266)
	at java.util.concurrent.Executors$RunnableAdapter.call(Executors.java:511)
	at java.util.concurrent.FutureTask.run(FutureTask.java:266)
	at java.util.concurrent.ThreadPoolExecutor.runWorker(ThreadPoolExecutor.java:1149)
	at java.util.concurrent.ThreadPoolExecutor$Worker.run(ThreadPoolExecutor.java:624)
	... 1 more
Caused by: org.apache.ratis.thirdparty.io.netty.channel.AbstractChannel$AnnotatedConnectException: Connection refused: /192.168.164.193:36234
	at sun.nio.ch.SocketChannelImpl.checkConnect(Native Method)
	at sun.nio.ch.SocketChannelImpl.finishConnect(SocketChannelImpl.java:717)
	at org.apache.ratis.thirdparty.io.netty.channel.socket.nio.NioSocketChannel.doFinishConnect(NioSocketChannel.java:327)
	at org.apache.ratis.thirdparty.io.netty.channel.nio.AbstractNioChannel$AbstractNioUnsafe.finishConnect(AbstractNioChannel.java:340)
	at org.apache.ratis.thirdparty.io.netty.channel.nio.NioEventLoop.processSelectedKey(NioEventLoop.java:632)
	at org.apache.ratis.thirdparty.io.netty.channel.nio.NioEventLoop.processSelectedKeysOptimized(NioEventLoop.java:579)
	at org.apache.ratis.thirdparty.io.netty.channel.nio.NioEventLoop.processSelectedKeys(NioEventLoop.java:496)
	at org.apache.ratis.thirdparty.io.netty.channel.nio.NioEventLoop.run(NioEventLoop.java:458)
	at org.apache.ratis.thirdparty.io.netty.util.concurrent.SingleThreadEventExecutor$5.run(SingleThreadEventExecutor.java:897)
	at org.apache.ratis.thirdparty.io.netty.util.concurrent.FastThreadLocalRunnable.run(FastThreadLocalRunnable.java:30)
	... 1 more
Caused by: java.net.ConnectException: Connection refused
	... 11 more
2019-10-28 11:45:11,497 [75159f97-af2c-48a6-bb8f-f5acb2145c35@group-08147416B334-LeaderElection177] INFO  impl.RaftServerImpl (RaftServerImpl.java:setRole(184)) - 75159f97-af2c-48a6-bb8f-f5acb2145c35@group-08147416B334: changes role from CANDIDATE to FOLLOWER at term 155 for DISCOVERED_A_NEW_TERM
2019-10-28 11:45:11,497 [75159f97-af2c-48a6-bb8f-f5acb2145c35@group-08147416B334-LeaderElection177] INFO  impl.RoleInfo (RoleInfo.java:shutdownLeaderElection(134)) - 75159f97-af2c-48a6-bb8f-f5acb2145c35: shutdown LeaderElection
2019-10-28 11:45:11,497 [75159f97-af2c-48a6-bb8f-f5acb2145c35@group-08147416B334-LeaderElection177] INFO  impl.RoleInfo (RoleInfo.java:updateAndGet(143)) - 75159f97-af2c-48a6-bb8f-f5acb2145c35: start FollowerState
2019-10-28 11:45:11,604 [java.util.concurrent.ThreadPoolExecutor$Worker@7499a2be[State = -1, empty queue]] WARN  server.GrpcLogAppender (GrpcLogAppender.java:timeoutAppendRequest(209)) - 03d0ba9c-9a68-4db9-a306-0d67556dce53@group-0EDA3E4540D0->31ceb61f-dd6d-4279-87bc-0b070a534ff8-GrpcLogAppender: appendEntries Timeout, request=03d0ba9c-9a68-4db9-a306-0d67556dce53->31ceb61f-dd6d-4279-87bc-0b070a534ff8#18-t2, previous=(t:2, i:6), leaderCommit=6, initializing? false, entries: <empty>
2019-10-28 11:45:12,105 [java.util.concurrent.ThreadPoolExecutor$Worker@7499a2be[State = -1, empty queue]] WARN  server.GrpcLogAppender (GrpcLogAppender.java:timeoutAppendRequest(209)) - 03d0ba9c-9a68-4db9-a306-0d67556dce53@group-0EDA3E4540D0->31ceb61f-dd6d-4279-87bc-0b070a534ff8-GrpcLogAppender: appendEntries Timeout, request=03d0ba9c-9a68-4db9-a306-0d67556dce53->31ceb61f-dd6d-4279-87bc-0b070a534ff8#19-t2, previous=(t:2, i:6), leaderCommit=6, initializing? false, entries: <empty>
2019-10-28 11:45:12,200 [Thread-2612] INFO  impl.FollowerState (FollowerState.java:run(108)) - 84f4174e-6bb9-44ab-a36a-6c5af4251c6f@group-48B29381066B-FollowerState: change to CANDIDATE, lastRpcTime:1071ms, electionTimeout:1071ms
2019-10-28 11:45:12,200 [Thread-2612] INFO  impl.RoleInfo (RoleInfo.java:shutdownFollowerState(121)) - 84f4174e-6bb9-44ab-a36a-6c5af4251c6f: shutdown FollowerState
2019-10-28 11:45:12,201 [Thread-2612] INFO  impl.RaftServerImpl (RaftServerImpl.java:setRole(184)) - 84f4174e-6bb9-44ab-a36a-6c5af4251c6f@group-48B29381066B: changes role from  FOLLOWER to CANDIDATE at term 5 for changeToCandidate
2019-10-28 11:45:12,201 [Thread-2612] INFO  impl.RoleInfo (RoleInfo.java:updateAndGet(143)) - 84f4174e-6bb9-44ab-a36a-6c5af4251c6f: start LeaderElection
2019-10-28 11:45:12,216 [84f4174e-6bb9-44ab-a36a-6c5af4251c6f@group-48B29381066B-LeaderElection178] INFO  impl.LeaderElection (LeaderElection.java:askForVotes(178)) - 84f4174e-6bb9-44ab-a36a-6c5af4251c6f@group-48B29381066B-LeaderElection178: begin an election at term 6 for 9: [66cf3979-81da-4155-81a0-3dd54985f91a:192.168.164.193:43079, 84f4174e-6bb9-44ab-a36a-6c5af4251c6f:192.168.164.193:40080, a480340b-d1a5-4cd0-bc20-ae63b012c3c7:192.168.164.193:43902], old=null
2019-10-28 11:45:12,217 [84f4174e-6bb9-44ab-a36a-6c5af4251c6f@group-48B29381066B-LeaderElection178] INFO  impl.LeaderElection (LogUtils.java:infoOrTrace(149)) - 84f4174e-6bb9-44ab-a36a-6c5af4251c6f@group-48B29381066B-LeaderElection178 got exception when requesting votes: {}
java.util.concurrent.ExecutionException: org.apache.ratis.thirdparty.io.grpc.StatusRuntimeException: UNAVAILABLE: io exception
	at java.util.concurrent.FutureTask.report(FutureTask.java:122)
	at java.util.concurrent.FutureTask.get(FutureTask.java:192)
	at org.apache.ratis.server.impl.LeaderElection.waitForResults(LeaderElection.java:259)
	at org.apache.ratis.server.impl.LeaderElection.askForVotes(LeaderElection.java:197)
	at org.apache.ratis.server.impl.LeaderElection.run(LeaderElection.java:133)
	at java.lang.Thread.run(Thread.java:748)
Caused by: org.apache.ratis.thirdparty.io.grpc.StatusRuntimeException: UNAVAILABLE: io exception
	at org.apache.ratis.thirdparty.io.grpc.stub.ClientCalls.toStatusRuntimeException(ClientCalls.java:233)
	at org.apache.ratis.thirdparty.io.grpc.stub.ClientCalls.getUnchecked(ClientCalls.java:214)
	at org.apache.ratis.thirdparty.io.grpc.stub.ClientCalls.blockingUnaryCall(ClientCalls.java:139)
	at org.apache.ratis.proto.grpc.RaftServerProtocolServiceGrpc$RaftServerProtocolServiceBlockingStub.requestVote(RaftServerProtocolServiceGrpc.java:265)
	at org.apache.ratis.grpc.server.GrpcServerProtocolClient.requestVote(GrpcServerProtocolClient.java:99)
	at org.apache.ratis.grpc.server.GrpcService.requestVote(GrpcService.java:204)
	at org.apache.ratis.server.impl.LeaderElection.lambda$submitRequests$1(LeaderElection.java:234)
	at java.util.concurrent.FutureTask.run(FutureTask.java:266)
	at java.util.concurrent.Executors$RunnableAdapter.call(Executors.java:511)
	at java.util.concurrent.FutureTask.run(FutureTask.java:266)
	at java.util.concurrent.ThreadPoolExecutor.runWorker(ThreadPoolExecutor.java:1149)
	at java.util.concurrent.ThreadPoolExecutor$Worker.run(ThreadPoolExecutor.java:624)
	... 1 more
Caused by: org.apache.ratis.thirdparty.io.netty.channel.AbstractChannel$AnnotatedConnectException: Connection refused: /192.168.164.193:43902
	at sun.nio.ch.SocketChannelImpl.checkConnect(Native Method)
	at sun.nio.ch.SocketChannelImpl.finishConnect(SocketChannelImpl.java:717)
	at org.apache.ratis.thirdparty.io.netty.channel.socket.nio.NioSocketChannel.doFinishConnect(NioSocketChannel.java:327)
	at org.apache.ratis.thirdparty.io.netty.channel.nio.AbstractNioChannel$AbstractNioUnsafe.finishConnect(AbstractNioChannel.java:340)
	at org.apache.ratis.thirdparty.io.netty.channel.nio.NioEventLoop.processSelectedKey(NioEventLoop.java:632)
	at org.apache.ratis.thirdparty.io.netty.channel.nio.NioEventLoop.processSelectedKeysOptimized(NioEventLoop.java:579)
	at org.apache.ratis.thirdparty.io.netty.channel.nio.NioEventLoop.processSelectedKeys(NioEventLoop.java:496)
	at org.apache.ratis.thirdparty.io.netty.channel.nio.NioEventLoop.run(NioEventLoop.java:458)
	at org.apache.ratis.thirdparty.io.netty.util.concurrent.SingleThreadEventExecutor$5.run(SingleThreadEventExecutor.java:897)
	at org.apache.ratis.thirdparty.io.netty.util.concurrent.FastThreadLocalRunnable.run(FastThreadLocalRunnable.java:30)
	... 1 more
Caused by: java.net.ConnectException: Connection refused
	... 11 more
2019-10-28 11:45:12,222 [84f4174e-6bb9-44ab-a36a-6c5af4251c6f@group-48B29381066B-LeaderElection178] INFO  impl.LeaderElection (LogUtils.java:infoOrTrace(149)) - 84f4174e-6bb9-44ab-a36a-6c5af4251c6f@group-48B29381066B-LeaderElection178 got exception when requesting votes: {}
java.util.concurrent.ExecutionException: org.apache.ratis.thirdparty.io.grpc.StatusRuntimeException: UNAVAILABLE: io exception
	at java.util.concurrent.FutureTask.report(FutureTask.java:122)
	at java.util.concurrent.FutureTask.get(FutureTask.java:192)
	at org.apache.ratis.server.impl.LeaderElection.waitForResults(LeaderElection.java:259)
	at org.apache.ratis.server.impl.LeaderElection.askForVotes(LeaderElection.java:197)
	at org.apache.ratis.server.impl.LeaderElection.run(LeaderElection.java:133)
	at java.lang.Thread.run(Thread.java:748)
Caused by: org.apache.ratis.thirdparty.io.grpc.StatusRuntimeException: UNAVAILABLE: io exception
	at org.apache.ratis.thirdparty.io.grpc.stub.ClientCalls.toStatusRuntimeException(ClientCalls.java:233)
	at org.apache.ratis.thirdparty.io.grpc.stub.ClientCalls.getUnchecked(ClientCalls.java:214)
	at org.apache.ratis.thirdparty.io.grpc.stub.ClientCalls.blockingUnaryCall(ClientCalls.java:139)
	at org.apache.ratis.proto.grpc.RaftServerProtocolServiceGrpc$RaftServerProtocolServiceBlockingStub.requestVote(RaftServerProtocolServiceGrpc.java:265)
	at org.apache.ratis.grpc.server.GrpcServerProtocolClient.requestVote(GrpcServerProtocolClient.java:99)
	at org.apache.ratis.grpc.server.GrpcService.requestVote(GrpcService.java:204)
	at org.apache.ratis.server.impl.LeaderElection.lambda$submitRequests$1(LeaderElection.java:234)
	at java.util.concurrent.FutureTask.run(FutureTask.java:266)
	at java.util.concurrent.Executors$RunnableAdapter.call(Executors.java:511)
	at java.util.concurrent.FutureTask.run(FutureTask.java:266)
	at java.util.concurrent.ThreadPoolExecutor.runWorker(ThreadPoolExecutor.java:1149)
	at java.util.concurrent.ThreadPoolExecutor$Worker.run(ThreadPoolExecutor.java:624)
	... 1 more
Caused by: org.apache.ratis.thirdparty.io.netty.channel.AbstractChannel$AnnotatedConnectException: Connection refused: /192.168.164.193:43079
	at sun.nio.ch.SocketChannelImpl.checkConnect(Native Method)
	at sun.nio.ch.SocketChannelImpl.finishConnect(SocketChannelImpl.java:717)
	at org.apache.ratis.thirdparty.io.netty.channel.socket.nio.NioSocketChannel.doFinishConnect(NioSocketChannel.java:327)
	at org.apache.ratis.thirdparty.io.netty.channel.nio.AbstractNioChannel$AbstractNioUnsafe.finishConnect(AbstractNioChannel.java:340)
	at org.apache.ratis.thirdparty.io.netty.channel.nio.NioEventLoop.processSelectedKey(NioEventLoop.java:632)
	at org.apache.ratis.thirdparty.io.netty.channel.nio.NioEventLoop.processSelectedKeysOptimized(NioEventLoop.java:579)
	at org.apache.ratis.thirdparty.io.netty.channel.nio.NioEventLoop.processSelectedKeys(NioEventLoop.java:496)
	at org.apache.ratis.thirdparty.io.netty.channel.nio.NioEventLoop.run(NioEventLoop.java:458)
	at org.apache.ratis.thirdparty.io.netty.util.concurrent.SingleThreadEventExecutor$5.run(SingleThreadEventExecutor.java:897)
	at org.apache.ratis.thirdparty.io.netty.util.concurrent.FastThreadLocalRunnable.run(FastThreadLocalRunnable.java:30)
	... 1 more
Caused by: java.net.ConnectException: Connection refused
	... 11 more
2019-10-28 11:45:12,233 [84f4174e-6bb9-44ab-a36a-6c5af4251c6f@group-48B29381066B-LeaderElection178] INFO  impl.LeaderElection (LeaderElection.java:logAndReturn(56)) - 84f4174e-6bb9-44ab-a36a-6c5af4251c6f@group-48B29381066B-LeaderElection178: Election REJECTED; received 0 response(s) [] and 2 exception(s); 84f4174e-6bb9-44ab-a36a-6c5af4251c6f@group-48B29381066B:t6, leader=null, voted=84f4174e-6bb9-44ab-a36a-6c5af4251c6f, raftlog=84f4174e-6bb9-44ab-a36a-6c5af4251c6f@group-48B29381066B-SegmentedRaftLog:OPENED:c10,f10,i10, conf=9: [66cf3979-81da-4155-81a0-3dd54985f91a:192.168.164.193:43079, 84f4174e-6bb9-44ab-a36a-6c5af4251c6f:192.168.164.193:40080, a480340b-d1a5-4cd0-bc20-ae63b012c3c7:192.168.164.193:43902], old=null
2019-10-28 11:45:12,234 [84f4174e-6bb9-44ab-a36a-6c5af4251c6f@group-48B29381066B-LeaderElection178] INFO  impl.LeaderElection (LogUtils.java:infoOrTrace(149)) -   Exception 0: {}
java.util.concurrent.ExecutionException: org.apache.ratis.thirdparty.io.grpc.StatusRuntimeException: UNAVAILABLE: io exception
	at java.util.concurrent.FutureTask.report(FutureTask.java:122)
	at java.util.concurrent.FutureTask.get(FutureTask.java:192)
	at org.apache.ratis.server.impl.LeaderElection.waitForResults(LeaderElection.java:259)
	at org.apache.ratis.server.impl.LeaderElection.askForVotes(LeaderElection.java:197)
	at org.apache.ratis.server.impl.LeaderElection.run(LeaderElection.java:133)
	at java.lang.Thread.run(Thread.java:748)
Caused by: org.apache.ratis.thirdparty.io.grpc.StatusRuntimeException: UNAVAILABLE: io exception
	at org.apache.ratis.thirdparty.io.grpc.stub.ClientCalls.toStatusRuntimeException(ClientCalls.java:233)
	at org.apache.ratis.thirdparty.io.grpc.stub.ClientCalls.getUnchecked(ClientCalls.java:214)
	at org.apache.ratis.thirdparty.io.grpc.stub.ClientCalls.blockingUnaryCall(ClientCalls.java:139)
	at org.apache.ratis.proto.grpc.RaftServerProtocolServiceGrpc$RaftServerProtocolServiceBlockingStub.requestVote(RaftServerProtocolServiceGrpc.java:265)
	at org.apache.ratis.grpc.server.GrpcServerProtocolClient.requestVote(GrpcServerProtocolClient.java:99)
	at org.apache.ratis.grpc.server.GrpcService.requestVote(GrpcService.java:204)
	at org.apache.ratis.server.impl.LeaderElection.lambda$submitRequests$1(LeaderElection.java:234)
	at java.util.concurrent.FutureTask.run(FutureTask.java:266)
	at java.util.concurrent.Executors$RunnableAdapter.call(Executors.java:511)
	at java.util.concurrent.FutureTask.run(FutureTask.java:266)
	at java.util.concurrent.ThreadPoolExecutor.runWorker(ThreadPoolExecutor.java:1149)
	at java.util.concurrent.ThreadPoolExecutor$Worker.run(ThreadPoolExecutor.java:624)
	... 1 more
Caused by: org.apache.ratis.thirdparty.io.netty.channel.AbstractChannel$AnnotatedConnectException: Connection refused: /192.168.164.193:43902
	at sun.nio.ch.SocketChannelImpl.checkConnect(Native Method)
	at sun.nio.ch.SocketChannelImpl.finishConnect(SocketChannelImpl.java:717)
	at org.apache.ratis.thirdparty.io.netty.channel.socket.nio.NioSocketChannel.doFinishConnect(NioSocketChannel.java:327)
	at org.apache.ratis.thirdparty.io.netty.channel.nio.AbstractNioChannel$AbstractNioUnsafe.finishConnect(AbstractNioChannel.java:340)
	at org.apache.ratis.thirdparty.io.netty.channel.nio.NioEventLoop.processSelectedKey(NioEventLoop.java:632)
	at org.apache.ratis.thirdparty.io.netty.channel.nio.NioEventLoop.processSelectedKeysOptimized(NioEventLoop.java:579)
	at org.apache.ratis.thirdparty.io.netty.channel.nio.NioEventLoop.processSelectedKeys(NioEventLoop.java:496)
	at org.apache.ratis.thirdparty.io.netty.channel.nio.NioEventLoop.run(NioEventLoop.java:458)
	at org.apache.ratis.thirdparty.io.netty.util.concurrent.SingleThreadEventExecutor$5.run(SingleThreadEventExecutor.java:897)
	at org.apache.ratis.thirdparty.io.netty.util.concurrent.FastThreadLocalRunnable.run(FastThreadLocalRunnable.java:30)
	... 1 more
Caused by: java.net.ConnectException: Connection refused
	... 11 more
2019-10-28 11:45:12,234 [84f4174e-6bb9-44ab-a36a-6c5af4251c6f@group-48B29381066B-LeaderElection178] INFO  impl.LeaderElection (LogUtils.java:infoOrTrace(149)) -   Exception 1: {}
java.util.concurrent.ExecutionException: org.apache.ratis.thirdparty.io.grpc.StatusRuntimeException: UNAVAILABLE: io exception
	at java.util.concurrent.FutureTask.report(FutureTask.java:122)
	at java.util.concurrent.FutureTask.get(FutureTask.java:192)
	at org.apache.ratis.server.impl.LeaderElection.waitForResults(LeaderElection.java:259)
	at org.apache.ratis.server.impl.LeaderElection.askForVotes(LeaderElection.java:197)
	at org.apache.ratis.server.impl.LeaderElection.run(LeaderElection.java:133)
	at java.lang.Thread.run(Thread.java:748)
Caused by: org.apache.ratis.thirdparty.io.grpc.StatusRuntimeException: UNAVAILABLE: io exception
	at org.apache.ratis.thirdparty.io.grpc.stub.ClientCalls.toStatusRuntimeException(ClientCalls.java:233)
	at org.apache.ratis.thirdparty.io.grpc.stub.ClientCalls.getUnchecked(ClientCalls.java:214)
	at org.apache.ratis.thirdparty.io.grpc.stub.ClientCalls.blockingUnaryCall(ClientCalls.java:139)
	at org.apache.ratis.proto.grpc.RaftServerProtocolServiceGrpc$RaftServerProtocolServiceBlockingStub.requestVote(RaftServerProtocolServiceGrpc.java:265)
	at org.apache.ratis.grpc.server.GrpcServerProtocolClient.requestVote(GrpcServerProtocolClient.java:99)
	at org.apache.ratis.grpc.server.GrpcService.requestVote(GrpcService.java:204)
	at org.apache.ratis.server.impl.LeaderElection.lambda$submitRequests$1(LeaderElection.java:234)
	at java.util.concurrent.FutureTask.run(FutureTask.java:266)
	at java.util.concurrent.Executors$RunnableAdapter.call(Executors.java:511)
	at java.util.concurrent.FutureTask.run(FutureTask.java:266)
	at java.util.concurrent.ThreadPoolExecutor.runWorker(ThreadPoolExecutor.java:1149)
	at java.util.concurrent.ThreadPoolExecutor$Worker.run(ThreadPoolExecutor.java:624)
	... 1 more
Caused by: org.apache.ratis.thirdparty.io.netty.channel.AbstractChannel$AnnotatedConnectException: Connection refused: /192.168.164.193:43079
	at sun.nio.ch.SocketChannelImpl.checkConnect(Native Method)
	at sun.nio.ch.SocketChannelImpl.finishConnect(SocketChannelImpl.java:717)
	at org.apache.ratis.thirdparty.io.netty.channel.socket.nio.NioSocketChannel.doFinishConnect(NioSocketChannel.java:327)
	at org.apache.ratis.thirdparty.io.netty.channel.nio.AbstractNioChannel$AbstractNioUnsafe.finishConnect(AbstractNioChannel.java:340)
	at org.apache.ratis.thirdparty.io.netty.channel.nio.NioEventLoop.processSelectedKey(NioEventLoop.java:632)
	at org.apache.ratis.thirdparty.io.netty.channel.nio.NioEventLoop.processSelectedKeysOptimized(NioEventLoop.java:579)
	at org.apache.ratis.thirdparty.io.netty.channel.nio.NioEventLoop.processSelectedKeys(NioEventLoop.java:496)
	at org.apache.ratis.thirdparty.io.netty.channel.nio.NioEventLoop.run(NioEventLoop.java:458)
	at org.apache.ratis.thirdparty.io.netty.util.concurrent.SingleThreadEventExecutor$5.run(SingleThreadEventExecutor.java:897)
	at org.apache.ratis.thirdparty.io.netty.util.concurrent.FastThreadLocalRunnable.run(FastThreadLocalRunnable.java:30)
	... 1 more
Caused by: java.net.ConnectException: Connection refused
	... 11 more
2019-10-28 11:45:12,234 [84f4174e-6bb9-44ab-a36a-6c5af4251c6f@group-48B29381066B-LeaderElection178] INFO  impl.RaftServerImpl (RaftServerImpl.java:setRole(184)) - 84f4174e-6bb9-44ab-a36a-6c5af4251c6f@group-48B29381066B: changes role from CANDIDATE to FOLLOWER at term 6 for DISCOVERED_A_NEW_TERM
2019-10-28 11:45:12,234 [84f4174e-6bb9-44ab-a36a-6c5af4251c6f@group-48B29381066B-LeaderElection178] INFO  impl.RoleInfo (RoleInfo.java:shutdownLeaderElection(134)) - 84f4174e-6bb9-44ab-a36a-6c5af4251c6f: shutdown LeaderElection
2019-10-28 11:45:12,234 [84f4174e-6bb9-44ab-a36a-6c5af4251c6f@group-48B29381066B-LeaderElection178] INFO  impl.RoleInfo (RoleInfo.java:updateAndGet(143)) - 84f4174e-6bb9-44ab-a36a-6c5af4251c6f: start FollowerState
2019-10-28 11:45:12,588 [java.util.concurrent.ThreadPoolExecutor$Worker@2f1242dc[State = -1, empty queue]] WARN  server.GrpcLogAppender (GrpcLogAppender.java:timeoutAppendRequest(209)) - 03d0ba9c-9a68-4db9-a306-0d67556dce53@group-0EDA3E4540D0->21e5d428-bfa8-41d9-bec1-e8e8886ad03a-GrpcLogAppender: appendEntries Timeout, request=03d0ba9c-9a68-4db9-a306-0d67556dce53->21e5d428-bfa8-41d9-bec1-e8e8886ad03a#3-t2, previous=(t:1, i:4), leaderCommit=6, initializing? false, entries: <empty>
2019-10-28 11:45:12,605 [java.util.concurrent.ThreadPoolExecutor$Worker@7499a2be[State = -1, empty queue]] WARN  server.GrpcLogAppender (GrpcLogAppender.java:timeoutAppendRequest(209)) - 03d0ba9c-9a68-4db9-a306-0d67556dce53@group-0EDA3E4540D0->31ceb61f-dd6d-4279-87bc-0b070a534ff8-GrpcLogAppender: appendEntries Timeout, request=03d0ba9c-9a68-4db9-a306-0d67556dce53->31ceb61f-dd6d-4279-87bc-0b070a534ff8#20-t2, previous=(t:2, i:6), leaderCommit=6, initializing? false, entries: <empty>
2019-10-28 11:45:12,643 [Thread-2616] INFO  impl.FollowerState (FollowerState.java:run(108)) - 75159f97-af2c-48a6-bb8f-f5acb2145c35@group-08147416B334-FollowerState: change to CANDIDATE, lastRpcTime:1145ms, electionTimeout:1145ms
2019-10-28 11:45:12,643 [Thread-2616] INFO  impl.RoleInfo (RoleInfo.java:shutdownFollowerState(121)) - 75159f97-af2c-48a6-bb8f-f5acb2145c35: shutdown FollowerState
2019-10-28 11:45:12,643 [Thread-2616] INFO  impl.RaftServerImpl (RaftServerImpl.java:setRole(184)) - 75159f97-af2c-48a6-bb8f-f5acb2145c35@group-08147416B334: changes role from  FOLLOWER to CANDIDATE at term 155 for changeToCandidate
2019-10-28 11:45:12,643 [Thread-2616] INFO  impl.RoleInfo (RoleInfo.java:updateAndGet(143)) - 75159f97-af2c-48a6-bb8f-f5acb2145c35: start LeaderElection
2019-10-28 11:45:12,657 [75159f97-af2c-48a6-bb8f-f5acb2145c35@group-08147416B334-LeaderElection179] INFO  impl.LeaderElection (LeaderElection.java:askForVotes(178)) - 75159f97-af2c-48a6-bb8f-f5acb2145c35@group-08147416B334-LeaderElection179: begin an election at term 156 for 1: [24830d12-f44b-43d9-b733-6f9667bbd6c9:192.168.164.193:40613, 75159f97-af2c-48a6-bb8f-f5acb2145c35:192.168.164.193:42423, ce71e9bc-e571-4e52-8a73-1c9dce7b9fa7:192.168.164.193:36234], old=null
2019-10-28 11:45:12,660 [75159f97-af2c-48a6-bb8f-f5acb2145c35@group-08147416B334-LeaderElection179] INFO  impl.LeaderElection (LogUtils.java:infoOrTrace(149)) - 75159f97-af2c-48a6-bb8f-f5acb2145c35@group-08147416B334-LeaderElection179 got exception when requesting votes: {}
java.util.concurrent.ExecutionException: org.apache.ratis.thirdparty.io.grpc.StatusRuntimeException: UNAVAILABLE: io exception
	at java.util.concurrent.FutureTask.report(FutureTask.java:122)
	at java.util.concurrent.FutureTask.get(FutureTask.java:192)
	at org.apache.ratis.server.impl.LeaderElection.waitForResults(LeaderElection.java:259)
	at org.apache.ratis.server.impl.LeaderElection.askForVotes(LeaderElection.java:197)
	at org.apache.ratis.server.impl.LeaderElection.run(LeaderElection.java:133)
	at java.lang.Thread.run(Thread.java:748)
Caused by: org.apache.ratis.thirdparty.io.grpc.StatusRuntimeException: UNAVAILABLE: io exception
	at org.apache.ratis.thirdparty.io.grpc.stub.ClientCalls.toStatusRuntimeException(ClientCalls.java:233)
	at org.apache.ratis.thirdparty.io.grpc.stub.ClientCalls.getUnchecked(ClientCalls.java:214)
	at org.apache.ratis.thirdparty.io.grpc.stub.ClientCalls.blockingUnaryCall(ClientCalls.java:139)
	at org.apache.ratis.proto.grpc.RaftServerProtocolServiceGrpc$RaftServerProtocolServiceBlockingStub.requestVote(RaftServerProtocolServiceGrpc.java:265)
	at org.apache.ratis.grpc.server.GrpcServerProtocolClient.requestVote(GrpcServerProtocolClient.java:99)
	at org.apache.ratis.grpc.server.GrpcService.requestVote(GrpcService.java:204)
	at org.apache.ratis.server.impl.LeaderElection.lambda$submitRequests$1(LeaderElection.java:234)
	at java.util.concurrent.FutureTask.run(FutureTask.java:266)
	at java.util.concurrent.Executors$RunnableAdapter.call(Executors.java:511)
	at java.util.concurrent.FutureTask.run(FutureTask.java:266)
	at java.util.concurrent.ThreadPoolExecutor.runWorker(ThreadPoolExecutor.java:1149)
	at java.util.concurrent.ThreadPoolExecutor$Worker.run(ThreadPoolExecutor.java:624)
	... 1 more
Caused by: org.apache.ratis.thirdparty.io.netty.channel.AbstractChannel$AnnotatedConnectException: Connection refused: /192.168.164.193:40613
	at sun.nio.ch.SocketChannelImpl.checkConnect(Native Method)
	at sun.nio.ch.SocketChannelImpl.finishConnect(SocketChannelImpl.java:717)
	at org.apache.ratis.thirdparty.io.netty.channel.socket.nio.NioSocketChannel.doFinishConnect(NioSocketChannel.java:327)
	at org.apache.ratis.thirdparty.io.netty.channel.nio.AbstractNioChannel$AbstractNioUnsafe.finishConnect(AbstractNioChannel.java:340)
	at org.apache.ratis.thirdparty.io.netty.channel.nio.NioEventLoop.processSelectedKey(NioEventLoop.java:632)
	at org.apache.ratis.thirdparty.io.netty.channel.nio.NioEventLoop.processSelectedKeysOptimized(NioEventLoop.java:579)
	at org.apache.ratis.thirdparty.io.netty.channel.nio.NioEventLoop.processSelectedKeys(NioEventLoop.java:496)
	at org.apache.ratis.thirdparty.io.netty.channel.nio.NioEventLoop.run(NioEventLoop.java:458)
	at org.apache.ratis.thirdparty.io.netty.util.concurrent.SingleThreadEventExecutor$5.run(SingleThreadEventExecutor.java:897)
	at org.apache.ratis.thirdparty.io.netty.util.concurrent.FastThreadLocalRunnable.run(FastThreadLocalRunnable.java:30)
	... 1 more
Caused by: java.net.ConnectException: Connection refused
	... 11 more
2019-10-28 11:45:12,662 [75159f97-af2c-48a6-bb8f-f5acb2145c35@group-08147416B334-LeaderElection179] INFO  impl.LeaderElection (LogUtils.java:infoOrTrace(149)) - 75159f97-af2c-48a6-bb8f-f5acb2145c35@group-08147416B334-LeaderElection179 got exception when requesting votes: {}
java.util.concurrent.ExecutionException: org.apache.ratis.thirdparty.io.grpc.StatusRuntimeException: UNAVAILABLE: io exception
	at java.util.concurrent.FutureTask.report(FutureTask.java:122)
	at java.util.concurrent.FutureTask.get(FutureTask.java:192)
	at org.apache.ratis.server.impl.LeaderElection.waitForResults(LeaderElection.java:259)
	at org.apache.ratis.server.impl.LeaderElection.askForVotes(LeaderElection.java:197)
	at org.apache.ratis.server.impl.LeaderElection.run(LeaderElection.java:133)
	at java.lang.Thread.run(Thread.java:748)
Caused by: org.apache.ratis.thirdparty.io.grpc.StatusRuntimeException: UNAVAILABLE: io exception
	at org.apache.ratis.thirdparty.io.grpc.stub.ClientCalls.toStatusRuntimeException(ClientCalls.java:233)
	at org.apache.ratis.thirdparty.io.grpc.stub.ClientCalls.getUnchecked(ClientCalls.java:214)
	at org.apache.ratis.thirdparty.io.grpc.stub.ClientCalls.blockingUnaryCall(ClientCalls.java:139)
	at org.apache.ratis.proto.grpc.RaftServerProtocolServiceGrpc$RaftServerProtocolServiceBlockingStub.requestVote(RaftServerProtocolServiceGrpc.java:265)
	at org.apache.ratis.grpc.server.GrpcServerProtocolClient.requestVote(GrpcServerProtocolClient.java:99)
	at org.apache.ratis.grpc.server.GrpcService.requestVote(GrpcService.java:204)
	at org.apache.ratis.server.impl.LeaderElection.lambda$submitRequests$1(LeaderElection.java:234)
	at java.util.concurrent.FutureTask.run(FutureTask.java:266)
	at java.util.concurrent.Executors$RunnableAdapter.call(Executors.java:511)
	at java.util.concurrent.FutureTask.run(FutureTask.java:266)
	at java.util.concurrent.ThreadPoolExecutor.runWorker(ThreadPoolExecutor.java:1149)
	at java.util.concurrent.ThreadPoolExecutor$Worker.run(ThreadPoolExecutor.java:624)
	... 1 more
Caused by: org.apache.ratis.thirdparty.io.netty.channel.AbstractChannel$AnnotatedConnectException: Connection refused: /192.168.164.193:36234
	at sun.nio.ch.SocketChannelImpl.checkConnect(Native Method)
	at sun.nio.ch.SocketChannelImpl.finishConnect(SocketChannelImpl.java:717)
	at org.apache.ratis.thirdparty.io.netty.channel.socket.nio.NioSocketChannel.doFinishConnect(NioSocketChannel.java:327)
	at org.apache.ratis.thirdparty.io.netty.channel.nio.AbstractNioChannel$AbstractNioUnsafe.finishConnect(AbstractNioChannel.java:340)
	at org.apache.ratis.thirdparty.io.netty.channel.nio.NioEventLoop.processSelectedKey(NioEventLoop.java:632)
	at org.apache.ratis.thirdparty.io.netty.channel.nio.NioEventLoop.processSelectedKeysOptimized(NioEventLoop.java:579)
	at org.apache.ratis.thirdparty.io.netty.channel.nio.NioEventLoop.processSelectedKeys(NioEventLoop.java:496)
	at org.apache.ratis.thirdparty.io.netty.channel.nio.NioEventLoop.run(NioEventLoop.java:458)
	at org.apache.ratis.thirdparty.io.netty.util.concurrent.SingleThreadEventExecutor$5.run(SingleThreadEventExecutor.java:897)
	at org.apache.ratis.thirdparty.io.netty.util.concurrent.FastThreadLocalRunnable.run(FastThreadLocalRunnable.java:30)
	... 1 more
Caused by: java.net.ConnectException: Connection refused
	... 11 more
2019-10-28 11:45:12,664 [75159f97-af2c-48a6-bb8f-f5acb2145c35@group-08147416B334-LeaderElection179] INFO  impl.LeaderElection (LeaderElection.java:logAndReturn(56)) - 75159f97-af2c-48a6-bb8f-f5acb2145c35@group-08147416B334-LeaderElection179: Election REJECTED; received 0 response(s) [] and 2 exception(s); 75159f97-af2c-48a6-bb8f-f5acb2145c35@group-08147416B334:t156, leader=null, voted=75159f97-af2c-48a6-bb8f-f5acb2145c35, raftlog=75159f97-af2c-48a6-bb8f-f5acb2145c35@group-08147416B334-SegmentedRaftLog:OPENED:c2,f2,i2, conf=1: [24830d12-f44b-43d9-b733-6f9667bbd6c9:192.168.164.193:40613, 75159f97-af2c-48a6-bb8f-f5acb2145c35:192.168.164.193:42423, ce71e9bc-e571-4e52-8a73-1c9dce7b9fa7:192.168.164.193:36234], old=null
2019-10-28 11:45:12,664 [75159f97-af2c-48a6-bb8f-f5acb2145c35@group-08147416B334-LeaderElection179] INFO  impl.LeaderElection (LogUtils.java:infoOrTrace(149)) -   Exception 0: {}
java.util.concurrent.ExecutionException: org.apache.ratis.thirdparty.io.grpc.StatusRuntimeException: UNAVAILABLE: io exception
	at java.util.concurrent.FutureTask.report(FutureTask.java:122)
	at java.util.concurrent.FutureTask.get(FutureTask.java:192)
	at org.apache.ratis.server.impl.LeaderElection.waitForResults(LeaderElection.java:259)
	at org.apache.ratis.server.impl.LeaderElection.askForVotes(LeaderElection.java:197)
	at org.apache.ratis.server.impl.LeaderElection.run(LeaderElection.java:133)
	at java.lang.Thread.run(Thread.java:748)
Caused by: org.apache.ratis.thirdparty.io.grpc.StatusRuntimeException: UNAVAILABLE: io exception
	at org.apache.ratis.thirdparty.io.grpc.stub.ClientCalls.toStatusRuntimeException(ClientCalls.java:233)
	at org.apache.ratis.thirdparty.io.grpc.stub.ClientCalls.getUnchecked(ClientCalls.java:214)
	at org.apache.ratis.thirdparty.io.grpc.stub.ClientCalls.blockingUnaryCall(ClientCalls.java:139)
	at org.apache.ratis.proto.grpc.RaftServerProtocolServiceGrpc$RaftServerProtocolServiceBlockingStub.requestVote(RaftServerProtocolServiceGrpc.java:265)
	at org.apache.ratis.grpc.server.GrpcServerProtocolClient.requestVote(GrpcServerProtocolClient.java:99)
	at org.apache.ratis.grpc.server.GrpcService.requestVote(GrpcService.java:204)
	at org.apache.ratis.server.impl.LeaderElection.lambda$submitRequests$1(LeaderElection.java:234)
	at java.util.concurrent.FutureTask.run(FutureTask.java:266)
	at java.util.concurrent.Executors$RunnableAdapter.call(Executors.java:511)
	at java.util.concurrent.FutureTask.run(FutureTask.java:266)
	at java.util.concurrent.ThreadPoolExecutor.runWorker(ThreadPoolExecutor.java:1149)
	at java.util.concurrent.ThreadPoolExecutor$Worker.run(ThreadPoolExecutor.java:624)
	... 1 more
Caused by: org.apache.ratis.thirdparty.io.netty.channel.AbstractChannel$AnnotatedConnectException: Connection refused: /192.168.164.193:40613
	at sun.nio.ch.SocketChannelImpl.checkConnect(Native Method)
	at sun.nio.ch.SocketChannelImpl.finishConnect(SocketChannelImpl.java:717)
	at org.apache.ratis.thirdparty.io.netty.channel.socket.nio.NioSocketChannel.doFinishConnect(NioSocketChannel.java:327)
	at org.apache.ratis.thirdparty.io.netty.channel.nio.AbstractNioChannel$AbstractNioUnsafe.finishConnect(AbstractNioChannel.java:340)
	at org.apache.ratis.thirdparty.io.netty.channel.nio.NioEventLoop.processSelectedKey(NioEventLoop.java:632)
	at org.apache.ratis.thirdparty.io.netty.channel.nio.NioEventLoop.processSelectedKeysOptimized(NioEventLoop.java:579)
	at org.apache.ratis.thirdparty.io.netty.channel.nio.NioEventLoop.processSelectedKeys(NioEventLoop.java:496)
	at org.apache.ratis.thirdparty.io.netty.channel.nio.NioEventLoop.run(NioEventLoop.java:458)
	at org.apache.ratis.thirdparty.io.netty.util.concurrent.SingleThreadEventExecutor$5.run(SingleThreadEventExecutor.java:897)
	at org.apache.ratis.thirdparty.io.netty.util.concurrent.FastThreadLocalRunnable.run(FastThreadLocalRunnable.java:30)
	... 1 more
Caused by: java.net.ConnectException: Connection refused
	... 11 more
2019-10-28 11:45:12,664 [75159f97-af2c-48a6-bb8f-f5acb2145c35@group-08147416B334-LeaderElection179] INFO  impl.LeaderElection (LogUtils.java:infoOrTrace(149)) -   Exception 1: {}
java.util.concurrent.ExecutionException: org.apache.ratis.thirdparty.io.grpc.StatusRuntimeException: UNAVAILABLE: io exception
	at java.util.concurrent.FutureTask.report(FutureTask.java:122)
	at java.util.concurrent.FutureTask.get(FutureTask.java:192)
	at org.apache.ratis.server.impl.LeaderElection.waitForResults(LeaderElection.java:259)
	at org.apache.ratis.server.impl.LeaderElection.askForVotes(LeaderElection.java:197)
	at org.apache.ratis.server.impl.LeaderElection.run(LeaderElection.java:133)
	at java.lang.Thread.run(Thread.java:748)
Caused by: org.apache.ratis.thirdparty.io.grpc.StatusRuntimeException: UNAVAILABLE: io exception
	at org.apache.ratis.thirdparty.io.grpc.stub.ClientCalls.toStatusRuntimeException(ClientCalls.java:233)
	at org.apache.ratis.thirdparty.io.grpc.stub.ClientCalls.getUnchecked(ClientCalls.java:214)
	at org.apache.ratis.thirdparty.io.grpc.stub.ClientCalls.blockingUnaryCall(ClientCalls.java:139)
	at org.apache.ratis.proto.grpc.RaftServerProtocolServiceGrpc$RaftServerProtocolServiceBlockingStub.requestVote(RaftServerProtocolServiceGrpc.java:265)
	at org.apache.ratis.grpc.server.GrpcServerProtocolClient.requestVote(GrpcServerProtocolClient.java:99)
	at org.apache.ratis.grpc.server.GrpcService.requestVote(GrpcService.java:204)
	at org.apache.ratis.server.impl.LeaderElection.lambda$submitRequests$1(LeaderElection.java:234)
	at java.util.concurrent.FutureTask.run(FutureTask.java:266)
	at java.util.concurrent.Executors$RunnableAdapter.call(Executors.java:511)
	at java.util.concurrent.FutureTask.run(FutureTask.java:266)
	at java.util.concurrent.ThreadPoolExecutor.runWorker(ThreadPoolExecutor.java:1149)
	at java.util.concurrent.ThreadPoolExecutor$Worker.run(ThreadPoolExecutor.java:624)
	... 1 more
Caused by: org.apache.ratis.thirdparty.io.netty.channel.AbstractChannel$AnnotatedConnectException: Connection refused: /192.168.164.193:36234
	at sun.nio.ch.SocketChannelImpl.checkConnect(Native Method)
	at sun.nio.ch.SocketChannelImpl.finishConnect(SocketChannelImpl.java:717)
	at org.apache.ratis.thirdparty.io.netty.channel.socket.nio.NioSocketChannel.doFinishConnect(NioSocketChannel.java:327)
	at org.apache.ratis.thirdparty.io.netty.channel.nio.AbstractNioChannel$AbstractNioUnsafe.finishConnect(AbstractNioChannel.java:340)
	at org.apache.ratis.thirdparty.io.netty.channel.nio.NioEventLoop.processSelectedKey(NioEventLoop.java:632)
	at org.apache.ratis.thirdparty.io.netty.channel.nio.NioEventLoop.processSelectedKeysOptimized(NioEventLoop.java:579)
	at org.apache.ratis.thirdparty.io.netty.channel.nio.NioEventLoop.processSelectedKeys(NioEventLoop.java:496)
	at org.apache.ratis.thirdparty.io.netty.channel.nio.NioEventLoop.run(NioEventLoop.java:458)
	at org.apache.ratis.thirdparty.io.netty.util.concurrent.SingleThreadEventExecutor$5.run(SingleThreadEventExecutor.java:897)
	at org.apache.ratis.thirdparty.io.netty.util.concurrent.FastThreadLocalRunnable.run(FastThreadLocalRunnable.java:30)
	... 1 more
Caused by: java.net.ConnectException: Connection refused
	... 11 more
2019-10-28 11:45:12,665 [75159f97-af2c-48a6-bb8f-f5acb2145c35@group-08147416B334-LeaderElection179] INFO  impl.RaftServerImpl (RaftServerImpl.java:setRole(184)) - 75159f97-af2c-48a6-bb8f-f5acb2145c35@group-08147416B334: changes role from CANDIDATE to FOLLOWER at term 156 for DISCOVERED_A_NEW_TERM
2019-10-28 11:45:12,665 [75159f97-af2c-48a6-bb8f-f5acb2145c35@group-08147416B334-LeaderElection179] INFO  impl.RoleInfo (RoleInfo.java:shutdownLeaderElection(134)) - 75159f97-af2c-48a6-bb8f-f5acb2145c35: shutdown LeaderElection
2019-10-28 11:45:12,665 [75159f97-af2c-48a6-bb8f-f5acb2145c35@group-08147416B334-LeaderElection179] INFO  impl.RoleInfo (RoleInfo.java:updateAndGet(143)) - 75159f97-af2c-48a6-bb8f-f5acb2145c35: start FollowerState
2019-10-28 11:45:13,106 [java.util.concurrent.ThreadPoolExecutor$Worker@7499a2be[State = -1, empty queue]] WARN  server.GrpcLogAppender (GrpcLogAppender.java:timeoutAppendRequest(209)) - 03d0ba9c-9a68-4db9-a306-0d67556dce53@group-0EDA3E4540D0->31ceb61f-dd6d-4279-87bc-0b070a534ff8-GrpcLogAppender: appendEntries Timeout, request=03d0ba9c-9a68-4db9-a306-0d67556dce53->31ceb61f-dd6d-4279-87bc-0b070a534ff8#21-t2, previous=(t:2, i:6), leaderCommit=6, initializing? false, entries: <empty>
2019-10-28 11:45:13,276 [Thread-2620] INFO  impl.FollowerState (FollowerState.java:run(108)) - 84f4174e-6bb9-44ab-a36a-6c5af4251c6f@group-48B29381066B-FollowerState: change to CANDIDATE, lastRpcTime:1041ms, electionTimeout:1041ms
2019-10-28 11:45:13,276 [Thread-2620] INFO  impl.RoleInfo (RoleInfo.java:shutdownFollowerState(121)) - 84f4174e-6bb9-44ab-a36a-6c5af4251c6f: shutdown FollowerState
2019-10-28 11:45:13,276 [Thread-2620] INFO  impl.RaftServerImpl (RaftServerImpl.java:setRole(184)) - 84f4174e-6bb9-44ab-a36a-6c5af4251c6f@group-48B29381066B: changes role from  FOLLOWER to CANDIDATE at term 6 for changeToCandidate
2019-10-28 11:45:13,277 [Thread-2620] INFO  impl.RoleInfo (RoleInfo.java:updateAndGet(143)) - 84f4174e-6bb9-44ab-a36a-6c5af4251c6f: start LeaderElection
2019-10-28 11:45:13,291 [84f4174e-6bb9-44ab-a36a-6c5af4251c6f@group-48B29381066B-LeaderElection180] INFO  impl.LeaderElection (LeaderElection.java:askForVotes(178)) - 84f4174e-6bb9-44ab-a36a-6c5af4251c6f@group-48B29381066B-LeaderElection180: begin an election at term 7 for 9: [66cf3979-81da-4155-81a0-3dd54985f91a:192.168.164.193:43079, 84f4174e-6bb9-44ab-a36a-6c5af4251c6f:192.168.164.193:40080, a480340b-d1a5-4cd0-bc20-ae63b012c3c7:192.168.164.193:43902], old=null
2019-10-28 11:45:13,292 [84f4174e-6bb9-44ab-a36a-6c5af4251c6f@group-48B29381066B-LeaderElection180] INFO  impl.LeaderElection (LogUtils.java:infoOrTrace(149)) - 84f4174e-6bb9-44ab-a36a-6c5af4251c6f@group-48B29381066B-LeaderElection180 got exception when requesting votes: {}
java.util.concurrent.ExecutionException: org.apache.ratis.thirdparty.io.grpc.StatusRuntimeException: UNAVAILABLE: io exception
	at java.util.concurrent.FutureTask.report(FutureTask.java:122)
	at java.util.concurrent.FutureTask.get(FutureTask.java:192)
	at org.apache.ratis.server.impl.LeaderElection.waitForResults(LeaderElection.java:259)
	at org.apache.ratis.server.impl.LeaderElection.askForVotes(LeaderElection.java:197)
	at org.apache.ratis.server.impl.LeaderElection.run(LeaderElection.java:133)
	at java.lang.Thread.run(Thread.java:748)
Caused by: org.apache.ratis.thirdparty.io.grpc.StatusRuntimeException: UNAVAILABLE: io exception
	at org.apache.ratis.thirdparty.io.grpc.stub.ClientCalls.toStatusRuntimeException(ClientCalls.java:233)
	at org.apache.ratis.thirdparty.io.grpc.stub.ClientCalls.getUnchecked(ClientCalls.java:214)
	at org.apache.ratis.thirdparty.io.grpc.stub.ClientCalls.blockingUnaryCall(ClientCalls.java:139)
	at org.apache.ratis.proto.grpc.RaftServerProtocolServiceGrpc$RaftServerProtocolServiceBlockingStub.requestVote(RaftServerProtocolServiceGrpc.java:265)
	at org.apache.ratis.grpc.server.GrpcServerProtocolClient.requestVote(GrpcServerProtocolClient.java:99)
	at org.apache.ratis.grpc.server.GrpcService.requestVote(GrpcService.java:204)
	at org.apache.ratis.server.impl.LeaderElection.lambda$submitRequests$1(LeaderElection.java:234)
	at java.util.concurrent.FutureTask.run(FutureTask.java:266)
	at java.util.concurrent.Executors$RunnableAdapter.call(Executors.java:511)
	at java.util.concurrent.FutureTask.run(FutureTask.java:266)
	at java.util.concurrent.ThreadPoolExecutor.runWorker(ThreadPoolExecutor.java:1149)
	at java.util.concurrent.ThreadPoolExecutor$Worker.run(ThreadPoolExecutor.java:624)
	... 1 more
Caused by: org.apache.ratis.thirdparty.io.netty.channel.AbstractChannel$AnnotatedConnectException: Connection refused: /192.168.164.193:43902
	at sun.nio.ch.SocketChannelImpl.checkConnect(Native Method)
	at sun.nio.ch.SocketChannelImpl.finishConnect(SocketChannelImpl.java:717)
	at org.apache.ratis.thirdparty.io.netty.channel.socket.nio.NioSocketChannel.doFinishConnect(NioSocketChannel.java:327)
	at org.apache.ratis.thirdparty.io.netty.channel.nio.AbstractNioChannel$AbstractNioUnsafe.finishConnect(AbstractNioChannel.java:340)
	at org.apache.ratis.thirdparty.io.netty.channel.nio.NioEventLoop.processSelectedKey(NioEventLoop.java:632)
	at org.apache.ratis.thirdparty.io.netty.channel.nio.NioEventLoop.processSelectedKeysOptimized(NioEventLoop.java:579)
	at org.apache.ratis.thirdparty.io.netty.channel.nio.NioEventLoop.processSelectedKeys(NioEventLoop.java:496)
	at org.apache.ratis.thirdparty.io.netty.channel.nio.NioEventLoop.run(NioEventLoop.java:458)
	at org.apache.ratis.thirdparty.io.netty.util.concurrent.SingleThreadEventExecutor$5.run(SingleThreadEventExecutor.java:897)
	at org.apache.ratis.thirdparty.io.netty.util.concurrent.FastThreadLocalRunnable.run(FastThreadLocalRunnable.java:30)
	... 1 more
Caused by: java.net.ConnectException: Connection refused
	... 11 more
2019-10-28 11:45:13,295 [84f4174e-6bb9-44ab-a36a-6c5af4251c6f@group-48B29381066B-LeaderElection180] INFO  impl.LeaderElection (LogUtils.java:infoOrTrace(149)) - 84f4174e-6bb9-44ab-a36a-6c5af4251c6f@group-48B29381066B-LeaderElection180 got exception when requesting votes: {}
java.util.concurrent.ExecutionException: org.apache.ratis.thirdparty.io.grpc.StatusRuntimeException: UNAVAILABLE: io exception
	at java.util.concurrent.FutureTask.report(FutureTask.java:122)
	at java.util.concurrent.FutureTask.get(FutureTask.java:192)
	at org.apache.ratis.server.impl.LeaderElection.waitForResults(LeaderElection.java:259)
	at org.apache.ratis.server.impl.LeaderElection.askForVotes(LeaderElection.java:197)
	at org.apache.ratis.server.impl.LeaderElection.run(LeaderElection.java:133)
	at java.lang.Thread.run(Thread.java:748)
Caused by: org.apache.ratis.thirdparty.io.grpc.StatusRuntimeException: UNAVAILABLE: io exception
	at org.apache.ratis.thirdparty.io.grpc.stub.ClientCalls.toStatusRuntimeException(ClientCalls.java:233)
	at org.apache.ratis.thirdparty.io.grpc.stub.ClientCalls.getUnchecked(ClientCalls.java:214)
	at org.apache.ratis.thirdparty.io.grpc.stub.ClientCalls.blockingUnaryCall(ClientCalls.java:139)
	at org.apache.ratis.proto.grpc.RaftServerProtocolServiceGrpc$RaftServerProtocolServiceBlockingStub.requestVote(RaftServerProtocolServiceGrpc.java:265)
	at org.apache.ratis.grpc.server.GrpcServerProtocolClient.requestVote(GrpcServerProtocolClient.java:99)
	at org.apache.ratis.grpc.server.GrpcService.requestVote(GrpcService.java:204)
	at org.apache.ratis.server.impl.LeaderElection.lambda$submitRequests$1(LeaderElection.java:234)
	at java.util.concurrent.FutureTask.run(FutureTask.java:266)
	at java.util.concurrent.Executors$RunnableAdapter.call(Executors.java:511)
	at java.util.concurrent.FutureTask.run(FutureTask.java:266)
	at java.util.concurrent.ThreadPoolExecutor.runWorker(ThreadPoolExecutor.java:1149)
	at java.util.concurrent.ThreadPoolExecutor$Worker.run(ThreadPoolExecutor.java:624)
	... 1 more
Caused by: org.apache.ratis.thirdparty.io.netty.channel.AbstractChannel$AnnotatedConnectException: Connection refused: /192.168.164.193:43079
	at sun.nio.ch.SocketChannelImpl.checkConnect(Native Method)
	at sun.nio.ch.SocketChannelImpl.finishConnect(SocketChannelImpl.java:717)
	at org.apache.ratis.thirdparty.io.netty.channel.socket.nio.NioSocketChannel.doFinishConnect(NioSocketChannel.java:327)
	at org.apache.ratis.thirdparty.io.netty.channel.nio.AbstractNioChannel$AbstractNioUnsafe.finishConnect(AbstractNioChannel.java:340)
	at org.apache.ratis.thirdparty.io.netty.channel.nio.NioEventLoop.processSelectedKey(NioEventLoop.java:632)
	at org.apache.ratis.thirdparty.io.netty.channel.nio.NioEventLoop.processSelectedKeysOptimized(NioEventLoop.java:579)
	at org.apache.ratis.thirdparty.io.netty.channel.nio.NioEventLoop.processSelectedKeys(NioEventLoop.java:496)
	at org.apache.ratis.thirdparty.io.netty.channel.nio.NioEventLoop.run(NioEventLoop.java:458)
	at org.apache.ratis.thirdparty.io.netty.util.concurrent.SingleThreadEventExecutor$5.run(SingleThreadEventExecutor.java:897)
	at org.apache.ratis.thirdparty.io.netty.util.concurrent.FastThreadLocalRunnable.run(FastThreadLocalRunnable.java:30)
	... 1 more
Caused by: java.net.ConnectException: Connection refused
	... 11 more
2019-10-28 11:45:13,297 [84f4174e-6bb9-44ab-a36a-6c5af4251c6f@group-48B29381066B-LeaderElection180] INFO  impl.LeaderElection (LeaderElection.java:logAndReturn(56)) - 84f4174e-6bb9-44ab-a36a-6c5af4251c6f@group-48B29381066B-LeaderElection180: Election REJECTED; received 0 response(s) [] and 2 exception(s); 84f4174e-6bb9-44ab-a36a-6c5af4251c6f@group-48B29381066B:t7, leader=null, voted=84f4174e-6bb9-44ab-a36a-6c5af4251c6f, raftlog=84f4174e-6bb9-44ab-a36a-6c5af4251c6f@group-48B29381066B-SegmentedRaftLog:OPENED:c10,f10,i10, conf=9: [66cf3979-81da-4155-81a0-3dd54985f91a:192.168.164.193:43079, 84f4174e-6bb9-44ab-a36a-6c5af4251c6f:192.168.164.193:40080, a480340b-d1a5-4cd0-bc20-ae63b012c3c7:192.168.164.193:43902], old=null
2019-10-28 11:45:13,297 [84f4174e-6bb9-44ab-a36a-6c5af4251c6f@group-48B29381066B-LeaderElection180] INFO  impl.LeaderElection (LogUtils.java:infoOrTrace(149)) -   Exception 0: {}
java.util.concurrent.ExecutionException: org.apache.ratis.thirdparty.io.grpc.StatusRuntimeException: UNAVAILABLE: io exception
	at java.util.concurrent.FutureTask.report(FutureTask.java:122)
	at java.util.concurrent.FutureTask.get(FutureTask.java:192)
	at org.apache.ratis.server.impl.LeaderElection.waitForResults(LeaderElection.java:259)
	at org.apache.ratis.server.impl.LeaderElection.askForVotes(LeaderElection.java:197)
	at org.apache.ratis.server.impl.LeaderElection.run(LeaderElection.java:133)
	at java.lang.Thread.run(Thread.java:748)
Caused by: org.apache.ratis.thirdparty.io.grpc.StatusRuntimeException: UNAVAILABLE: io exception
	at org.apache.ratis.thirdparty.io.grpc.stub.ClientCalls.toStatusRuntimeException(ClientCalls.java:233)
	at org.apache.ratis.thirdparty.io.grpc.stub.ClientCalls.getUnchecked(ClientCalls.java:214)
	at org.apache.ratis.thirdparty.io.grpc.stub.ClientCalls.blockingUnaryCall(ClientCalls.java:139)
	at org.apache.ratis.proto.grpc.RaftServerProtocolServiceGrpc$RaftServerProtocolServiceBlockingStub.requestVote(RaftServerProtocolServiceGrpc.java:265)
	at org.apache.ratis.grpc.server.GrpcServerProtocolClient.requestVote(GrpcServerProtocolClient.java:99)
	at org.apache.ratis.grpc.server.GrpcService.requestVote(GrpcService.java:204)
	at org.apache.ratis.server.impl.LeaderElection.lambda$submitRequests$1(LeaderElection.java:234)
	at java.util.concurrent.FutureTask.run(FutureTask.java:266)
	at java.util.concurrent.Executors$RunnableAdapter.call(Executors.java:511)
	at java.util.concurrent.FutureTask.run(FutureTask.java:266)
	at java.util.concurrent.ThreadPoolExecutor.runWorker(ThreadPoolExecutor.java:1149)
	at java.util.concurrent.ThreadPoolExecutor$Worker.run(ThreadPoolExecutor.java:624)
	... 1 more
Caused by: org.apache.ratis.thirdparty.io.netty.channel.AbstractChannel$AnnotatedConnectException: Connection refused: /192.168.164.193:43902
	at sun.nio.ch.SocketChannelImpl.checkConnect(Native Method)
	at sun.nio.ch.SocketChannelImpl.finishConnect(SocketChannelImpl.java:717)
	at org.apache.ratis.thirdparty.io.netty.channel.socket.nio.NioSocketChannel.doFinishConnect(NioSocketChannel.java:327)
	at org.apache.ratis.thirdparty.io.netty.channel.nio.AbstractNioChannel$AbstractNioUnsafe.finishConnect(AbstractNioChannel.java:340)
	at org.apache.ratis.thirdparty.io.netty.channel.nio.NioEventLoop.processSelectedKey(NioEventLoop.java:632)
	at org.apache.ratis.thirdparty.io.netty.channel.nio.NioEventLoop.processSelectedKeysOptimized(NioEventLoop.java:579)
	at org.apache.ratis.thirdparty.io.netty.channel.nio.NioEventLoop.processSelectedKeys(NioEventLoop.java:496)
	at org.apache.ratis.thirdparty.io.netty.channel.nio.NioEventLoop.run(NioEventLoop.java:458)
	at org.apache.ratis.thirdparty.io.netty.util.concurrent.SingleThreadEventExecutor$5.run(SingleThreadEventExecutor.java:897)
	at org.apache.ratis.thirdparty.io.netty.util.concurrent.FastThreadLocalRunnable.run(FastThreadLocalRunnable.java:30)
	... 1 more
Caused by: java.net.ConnectException: Connection refused
	... 11 more
2019-10-28 11:45:13,298 [84f4174e-6bb9-44ab-a36a-6c5af4251c6f@group-48B29381066B-LeaderElection180] INFO  impl.LeaderElection (LogUtils.java:infoOrTrace(149)) -   Exception 1: {}
java.util.concurrent.ExecutionException: org.apache.ratis.thirdparty.io.grpc.StatusRuntimeException: UNAVAILABLE: io exception
	at java.util.concurrent.FutureTask.report(FutureTask.java:122)
	at java.util.concurrent.FutureTask.get(FutureTask.java:192)
	at org.apache.ratis.server.impl.LeaderElection.waitForResults(LeaderElection.java:259)
	at org.apache.ratis.server.impl.LeaderElection.askForVotes(LeaderElection.java:197)
	at org.apache.ratis.server.impl.LeaderElection.run(LeaderElection.java:133)
	at java.lang.Thread.run(Thread.java:748)
Caused by: org.apache.ratis.thirdparty.io.grpc.StatusRuntimeException: UNAVAILABLE: io exception
	at org.apache.ratis.thirdparty.io.grpc.stub.ClientCalls.toStatusRuntimeException(ClientCalls.java:233)
	at org.apache.ratis.thirdparty.io.grpc.stub.ClientCalls.getUnchecked(ClientCalls.java:214)
	at org.apache.ratis.thirdparty.io.grpc.stub.ClientCalls.blockingUnaryCall(ClientCalls.java:139)
	at org.apache.ratis.proto.grpc.RaftServerProtocolServiceGrpc$RaftServerProtocolServiceBlockingStub.requestVote(RaftServerProtocolServiceGrpc.java:265)
	at org.apache.ratis.grpc.server.GrpcServerProtocolClient.requestVote(GrpcServerProtocolClient.java:99)
	at org.apache.ratis.grpc.server.GrpcService.requestVote(GrpcService.java:204)
	at org.apache.ratis.server.impl.LeaderElection.lambda$submitRequests$1(LeaderElection.java:234)
	at java.util.concurrent.FutureTask.run(FutureTask.java:266)
	at java.util.concurrent.Executors$RunnableAdapter.call(Executors.java:511)
	at java.util.concurrent.FutureTask.run(FutureTask.java:266)
	at java.util.concurrent.ThreadPoolExecutor.runWorker(ThreadPoolExecutor.java:1149)
	at java.util.concurrent.ThreadPoolExecutor$Worker.run(ThreadPoolExecutor.java:624)
	... 1 more
Caused by: org.apache.ratis.thirdparty.io.netty.channel.AbstractChannel$AnnotatedConnectException: Connection refused: /192.168.164.193:43079
	at sun.nio.ch.SocketChannelImpl.checkConnect(Native Method)
	at sun.nio.ch.SocketChannelImpl.finishConnect(SocketChannelImpl.java:717)
	at org.apache.ratis.thirdparty.io.netty.channel.socket.nio.NioSocketChannel.doFinishConnect(NioSocketChannel.java:327)
	at org.apache.ratis.thirdparty.io.netty.channel.nio.AbstractNioChannel$AbstractNioUnsafe.finishConnect(AbstractNioChannel.java:340)
	at org.apache.ratis.thirdparty.io.netty.channel.nio.NioEventLoop.processSelectedKey(NioEventLoop.java:632)
	at org.apache.ratis.thirdparty.io.netty.channel.nio.NioEventLoop.processSelectedKeysOptimized(NioEventLoop.java:579)
	at org.apache.ratis.thirdparty.io.netty.channel.nio.NioEventLoop.processSelectedKeys(NioEventLoop.java:496)
	at org.apache.ratis.thirdparty.io.netty.channel.nio.NioEventLoop.run(NioEventLoop.java:458)
	at org.apache.ratis.thirdparty.io.netty.util.concurrent.SingleThreadEventExecutor$5.run(SingleThreadEventExecutor.java:897)
	at org.apache.ratis.thirdparty.io.netty.util.concurrent.FastThreadLocalRunnable.run(FastThreadLocalRunnable.java:30)
	... 1 more
Caused by: java.net.ConnectException: Connection refused
	... 11 more
2019-10-28 11:45:13,299 [84f4174e-6bb9-44ab-a36a-6c5af4251c6f@group-48B29381066B-LeaderElection180] INFO  impl.RaftServerImpl (RaftServerImpl.java:setRole(184)) - 84f4174e-6bb9-44ab-a36a-6c5af4251c6f@group-48B29381066B: changes role from CANDIDATE to FOLLOWER at term 7 for DISCOVERED_A_NEW_TERM
2019-10-28 11:45:13,299 [84f4174e-6bb9-44ab-a36a-6c5af4251c6f@group-48B29381066B-LeaderElection180] INFO  impl.RoleInfo (RoleInfo.java:shutdownLeaderElection(134)) - 84f4174e-6bb9-44ab-a36a-6c5af4251c6f: shutdown LeaderElection
2019-10-28 11:45:13,299 [84f4174e-6bb9-44ab-a36a-6c5af4251c6f@group-48B29381066B-LeaderElection180] INFO  impl.RoleInfo (RoleInfo.java:updateAndGet(143)) - 84f4174e-6bb9-44ab-a36a-6c5af4251c6f: start FollowerState
2019-10-28 11:45:13,606 [java.util.concurrent.ThreadPoolExecutor$Worker@7499a2be[State = -1, empty queue]] WARN  server.GrpcLogAppender (GrpcLogAppender.java:timeoutAppendRequest(209)) - 03d0ba9c-9a68-4db9-a306-0d67556dce53@group-0EDA3E4540D0->31ceb61f-dd6d-4279-87bc-0b070a534ff8-GrpcLogAppender: appendEntries Timeout, request=03d0ba9c-9a68-4db9-a306-0d67556dce53->31ceb61f-dd6d-4279-87bc-0b070a534ff8#22-t2, previous=(t:2, i:6), leaderCommit=6, initializing? false, entries: <empty>
2019-10-28 11:45:13,838 [Thread-2624] INFO  impl.FollowerState (FollowerState.java:run(108)) - 75159f97-af2c-48a6-bb8f-f5acb2145c35@group-08147416B334-FollowerState: change to CANDIDATE, lastRpcTime:1173ms, electionTimeout:1173ms
2019-10-28 11:45:13,839 [Thread-2624] INFO  impl.RoleInfo (RoleInfo.java:shutdownFollowerState(121)) - 75159f97-af2c-48a6-bb8f-f5acb2145c35: shutdown FollowerState
2019-10-28 11:45:13,840 [Thread-2624] INFO  impl.RaftServerImpl (RaftServerImpl.java:setRole(184)) - 75159f97-af2c-48a6-bb8f-f5acb2145c35@group-08147416B334: changes role from  FOLLOWER to CANDIDATE at term 156 for changeToCandidate
2019-10-28 11:45:13,840 [Thread-2624] INFO  impl.RoleInfo (RoleInfo.java:updateAndGet(143)) - 75159f97-af2c-48a6-bb8f-f5acb2145c35: start LeaderElection
2019-10-28 11:45:13,856 [75159f97-af2c-48a6-bb8f-f5acb2145c35@group-08147416B334-LeaderElection181] INFO  impl.LeaderElection (LeaderElection.java:askForVotes(178)) - 75159f97-af2c-48a6-bb8f-f5acb2145c35@group-08147416B334-LeaderElection181: begin an election at term 157 for 1: [24830d12-f44b-43d9-b733-6f9667bbd6c9:192.168.164.193:40613, 75159f97-af2c-48a6-bb8f-f5acb2145c35:192.168.164.193:42423, ce71e9bc-e571-4e52-8a73-1c9dce7b9fa7:192.168.164.193:36234], old=null
2019-10-28 11:45:13,858 [75159f97-af2c-48a6-bb8f-f5acb2145c35@group-08147416B334-LeaderElection181] INFO  impl.LeaderElection (LogUtils.java:infoOrTrace(149)) - 75159f97-af2c-48a6-bb8f-f5acb2145c35@group-08147416B334-LeaderElection181 got exception when requesting votes: {}
java.util.concurrent.ExecutionException: org.apache.ratis.thirdparty.io.grpc.StatusRuntimeException: UNAVAILABLE: io exception
	at java.util.concurrent.FutureTask.report(FutureTask.java:122)
	at java.util.concurrent.FutureTask.get(FutureTask.java:192)
	at org.apache.ratis.server.impl.LeaderElection.waitForResults(LeaderElection.java:259)
	at org.apache.ratis.server.impl.LeaderElection.askForVotes(LeaderElection.java:197)
	at org.apache.ratis.server.impl.LeaderElection.run(LeaderElection.java:133)
	at java.lang.Thread.run(Thread.java:748)
Caused by: org.apache.ratis.thirdparty.io.grpc.StatusRuntimeException: UNAVAILABLE: io exception
	at org.apache.ratis.thirdparty.io.grpc.stub.ClientCalls.toStatusRuntimeException(ClientCalls.java:233)
	at org.apache.ratis.thirdparty.io.grpc.stub.ClientCalls.getUnchecked(ClientCalls.java:214)
	at org.apache.ratis.thirdparty.io.grpc.stub.ClientCalls.blockingUnaryCall(ClientCalls.java:139)
	at org.apache.ratis.proto.grpc.RaftServerProtocolServiceGrpc$RaftServerProtocolServiceBlockingStub.requestVote(RaftServerProtocolServiceGrpc.java:265)
	at org.apache.ratis.grpc.server.GrpcServerProtocolClient.requestVote(GrpcServerProtocolClient.java:99)
	at org.apache.ratis.grpc.server.GrpcService.requestVote(GrpcService.java:204)
	at org.apache.ratis.server.impl.LeaderElection.lambda$submitRequests$1(LeaderElection.java:234)
	at java.util.concurrent.FutureTask.run(FutureTask.java:266)
	at java.util.concurrent.Executors$RunnableAdapter.call(Executors.java:511)
	at java.util.concurrent.FutureTask.run(FutureTask.java:266)
	at java.util.concurrent.ThreadPoolExecutor.runWorker(ThreadPoolExecutor.java:1149)
	at java.util.concurrent.ThreadPoolExecutor$Worker.run(ThreadPoolExecutor.java:624)
	... 1 more
Caused by: org.apache.ratis.thirdparty.io.netty.channel.AbstractChannel$AnnotatedConnectException: Connection refused: /192.168.164.193:36234
	at sun.nio.ch.SocketChannelImpl.checkConnect(Native Method)
	at sun.nio.ch.SocketChannelImpl.finishConnect(SocketChannelImpl.java:717)
	at org.apache.ratis.thirdparty.io.netty.channel.socket.nio.NioSocketChannel.doFinishConnect(NioSocketChannel.java:327)
	at org.apache.ratis.thirdparty.io.netty.channel.nio.AbstractNioChannel$AbstractNioUnsafe.finishConnect(AbstractNioChannel.java:340)
	at org.apache.ratis.thirdparty.io.netty.channel.nio.NioEventLoop.processSelectedKey(NioEventLoop.java:632)
	at org.apache.ratis.thirdparty.io.netty.channel.nio.NioEventLoop.processSelectedKeysOptimized(NioEventLoop.java:579)
	at org.apache.ratis.thirdparty.io.netty.channel.nio.NioEventLoop.processSelectedKeys(NioEventLoop.java:496)
	at org.apache.ratis.thirdparty.io.netty.channel.nio.NioEventLoop.run(NioEventLoop.java:458)
	at org.apache.ratis.thirdparty.io.netty.util.concurrent.SingleThreadEventExecutor$5.run(SingleThreadEventExecutor.java:897)
	at org.apache.ratis.thirdparty.io.netty.util.concurrent.FastThreadLocalRunnable.run(FastThreadLocalRunnable.java:30)
	... 1 more
Caused by: java.net.ConnectException: Connection refused
	... 11 more
2019-10-28 11:45:13,864 [75159f97-af2c-48a6-bb8f-f5acb2145c35@group-08147416B334-LeaderElection181] INFO  impl.LeaderElection (LogUtils.java:infoOrTrace(149)) - 75159f97-af2c-48a6-bb8f-f5acb2145c35@group-08147416B334-LeaderElection181 got exception when requesting votes: {}
java.util.concurrent.ExecutionException: org.apache.ratis.thirdparty.io.grpc.StatusRuntimeException: UNAVAILABLE: io exception
	at java.util.concurrent.FutureTask.report(FutureTask.java:122)
	at java.util.concurrent.FutureTask.get(FutureTask.java:192)
	at org.apache.ratis.server.impl.LeaderElection.waitForResults(LeaderElection.java:259)
	at org.apache.ratis.server.impl.LeaderElection.askForVotes(LeaderElection.java:197)
	at org.apache.ratis.server.impl.LeaderElection.run(LeaderElection.java:133)
	at java.lang.Thread.run(Thread.java:748)
Caused by: org.apache.ratis.thirdparty.io.grpc.StatusRuntimeException: UNAVAILABLE: io exception
	at org.apache.ratis.thirdparty.io.grpc.stub.ClientCalls.toStatusRuntimeException(ClientCalls.java:233)
	at org.apache.ratis.thirdparty.io.grpc.stub.ClientCalls.getUnchecked(ClientCalls.java:214)
	at org.apache.ratis.thirdparty.io.grpc.stub.ClientCalls.blockingUnaryCall(ClientCalls.java:139)
	at org.apache.ratis.proto.grpc.RaftServerProtocolServiceGrpc$RaftServerProtocolServiceBlockingStub.requestVote(RaftServerProtocolServiceGrpc.java:265)
	at org.apache.ratis.grpc.server.GrpcServerProtocolClient.requestVote(GrpcServerProtocolClient.java:99)
	at org.apache.ratis.grpc.server.GrpcService.requestVote(GrpcService.java:204)
	at org.apache.ratis.server.impl.LeaderElection.lambda$submitRequests$1(LeaderElection.java:234)
	at java.util.concurrent.FutureTask.run(FutureTask.java:266)
	at java.util.concurrent.Executors$RunnableAdapter.call(Executors.java:511)
	at java.util.concurrent.FutureTask.run(FutureTask.java:266)
	at java.util.concurrent.ThreadPoolExecutor.runWorker(ThreadPoolExecutor.java:1149)
	at java.util.concurrent.ThreadPoolExecutor$Worker.run(ThreadPoolExecutor.java:624)
	... 1 more
Caused by: org.apache.ratis.thirdparty.io.netty.channel.AbstractChannel$AnnotatedConnectException: Connection refused: /192.168.164.193:40613
	at sun.nio.ch.SocketChannelImpl.checkConnect(Native Method)
	at sun.nio.ch.SocketChannelImpl.finishConnect(SocketChannelImpl.java:717)
	at org.apache.ratis.thirdparty.io.netty.channel.socket.nio.NioSocketChannel.doFinishConnect(NioSocketChannel.java:327)
	at org.apache.ratis.thirdparty.io.netty.channel.nio.AbstractNioChannel$AbstractNioUnsafe.finishConnect(AbstractNioChannel.java:340)
	at org.apache.ratis.thirdparty.io.netty.channel.nio.NioEventLoop.processSelectedKey(NioEventLoop.java:632)
	at org.apache.ratis.thirdparty.io.netty.channel.nio.NioEventLoop.processSelectedKeysOptimized(NioEventLoop.java:579)
	at org.apache.ratis.thirdparty.io.netty.channel.nio.NioEventLoop.processSelectedKeys(NioEventLoop.java:496)
	at org.apache.ratis.thirdparty.io.netty.channel.nio.NioEventLoop.run(NioEventLoop.java:458)
	at org.apache.ratis.thirdparty.io.netty.util.concurrent.SingleThreadEventExecutor$5.run(SingleThreadEventExecutor.java:897)
	at org.apache.ratis.thirdparty.io.netty.util.concurrent.FastThreadLocalRunnable.run(FastThreadLocalRunnable.java:30)
	... 1 more
Caused by: java.net.ConnectException: Connection refused
	... 11 more
2019-10-28 11:45:13,866 [75159f97-af2c-48a6-bb8f-f5acb2145c35@group-08147416B334-LeaderElection181] INFO  impl.LeaderElection (LeaderElection.java:logAndReturn(56)) - 75159f97-af2c-48a6-bb8f-f5acb2145c35@group-08147416B334-LeaderElection181: Election REJECTED; received 0 response(s) [] and 2 exception(s); 75159f97-af2c-48a6-bb8f-f5acb2145c35@group-08147416B334:t157, leader=null, voted=75159f97-af2c-48a6-bb8f-f5acb2145c35, raftlog=75159f97-af2c-48a6-bb8f-f5acb2145c35@group-08147416B334-SegmentedRaftLog:OPENED:c2,f2,i2, conf=1: [24830d12-f44b-43d9-b733-6f9667bbd6c9:192.168.164.193:40613, 75159f97-af2c-48a6-bb8f-f5acb2145c35:192.168.164.193:42423, ce71e9bc-e571-4e52-8a73-1c9dce7b9fa7:192.168.164.193:36234], old=null
2019-10-28 11:45:13,866 [75159f97-af2c-48a6-bb8f-f5acb2145c35@group-08147416B334-LeaderElection181] INFO  impl.LeaderElection (LogUtils.java:infoOrTrace(149)) -   Exception 0: {}
java.util.concurrent.ExecutionException: org.apache.ratis.thirdparty.io.grpc.StatusRuntimeException: UNAVAILABLE: io exception
	at java.util.concurrent.FutureTask.report(FutureTask.java:122)
	at java.util.concurrent.FutureTask.get(FutureTask.java:192)
	at org.apache.ratis.server.impl.LeaderElection.waitForResults(LeaderElection.java:259)
	at org.apache.ratis.server.impl.LeaderElection.askForVotes(LeaderElection.java:197)
	at org.apache.ratis.server.impl.LeaderElection.run(LeaderElection.java:133)
	at java.lang.Thread.run(Thread.java:748)
Caused by: org.apache.ratis.thirdparty.io.grpc.StatusRuntimeException: UNAVAILABLE: io exception
	at org.apache.ratis.thirdparty.io.grpc.stub.ClientCalls.toStatusRuntimeException(ClientCalls.java:233)
	at org.apache.ratis.thirdparty.io.grpc.stub.ClientCalls.getUnchecked(ClientCalls.java:214)
	at org.apache.ratis.thirdparty.io.grpc.stub.ClientCalls.blockingUnaryCall(ClientCalls.java:139)
	at org.apache.ratis.proto.grpc.RaftServerProtocolServiceGrpc$RaftServerProtocolServiceBlockingStub.requestVote(RaftServerProtocolServiceGrpc.java:265)
	at org.apache.ratis.grpc.server.GrpcServerProtocolClient.requestVote(GrpcServerProtocolClient.java:99)
	at org.apache.ratis.grpc.server.GrpcService.requestVote(GrpcService.java:204)
	at org.apache.ratis.server.impl.LeaderElection.lambda$submitRequests$1(LeaderElection.java:234)
	at java.util.concurrent.FutureTask.run(FutureTask.java:266)
	at java.util.concurrent.Executors$RunnableAdapter.call(Executors.java:511)
	at java.util.concurrent.FutureTask.run(FutureTask.java:266)
	at java.util.concurrent.ThreadPoolExecutor.runWorker(ThreadPoolExecutor.java:1149)
	at java.util.concurrent.ThreadPoolExecutor$Worker.run(ThreadPoolExecutor.java:624)
	... 1 more
Caused by: org.apache.ratis.thirdparty.io.netty.channel.AbstractChannel$AnnotatedConnectException: Connection refused: /192.168.164.193:36234
	at sun.nio.ch.SocketChannelImpl.checkConnect(Native Method)
	at sun.nio.ch.SocketChannelImpl.finishConnect(SocketChannelImpl.java:717)
	at org.apache.ratis.thirdparty.io.netty.channel.socket.nio.NioSocketChannel.doFinishConnect(NioSocketChannel.java:327)
	at org.apache.ratis.thirdparty.io.netty.channel.nio.AbstractNioChannel$AbstractNioUnsafe.finishConnect(AbstractNioChannel.java:340)
	at org.apache.ratis.thirdparty.io.netty.channel.nio.NioEventLoop.processSelectedKey(NioEventLoop.java:632)
	at org.apache.ratis.thirdparty.io.netty.channel.nio.NioEventLoop.processSelectedKeysOptimized(NioEventLoop.java:579)
	at org.apache.ratis.thirdparty.io.netty.channel.nio.NioEventLoop.processSelectedKeys(NioEventLoop.java:496)
	at org.apache.ratis.thirdparty.io.netty.channel.nio.NioEventLoop.run(NioEventLoop.java:458)
	at org.apache.ratis.thirdparty.io.netty.util.concurrent.SingleThreadEventExecutor$5.run(SingleThreadEventExecutor.java:897)
	at org.apache.ratis.thirdparty.io.netty.util.concurrent.FastThreadLocalRunnable.run(FastThreadLocalRunnable.java:30)
	... 1 more
Caused by: java.net.ConnectException: Connection refused
	... 11 more
2019-10-28 11:45:13,867 [75159f97-af2c-48a6-bb8f-f5acb2145c35@group-08147416B334-LeaderElection181] INFO  impl.LeaderElection (LogUtils.java:infoOrTrace(149)) -   Exception 1: {}
java.util.concurrent.ExecutionException: org.apache.ratis.thirdparty.io.grpc.StatusRuntimeException: UNAVAILABLE: io exception
	at java.util.concurrent.FutureTask.report(FutureTask.java:122)
	at java.util.concurrent.FutureTask.get(FutureTask.java:192)
	at org.apache.ratis.server.impl.LeaderElection.waitForResults(LeaderElection.java:259)
	at org.apache.ratis.server.impl.LeaderElection.askForVotes(LeaderElection.java:197)
	at org.apache.ratis.server.impl.LeaderElection.run(LeaderElection.java:133)
	at java.lang.Thread.run(Thread.java:748)
Caused by: org.apache.ratis.thirdparty.io.grpc.StatusRuntimeException: UNAVAILABLE: io exception
	at org.apache.ratis.thirdparty.io.grpc.stub.ClientCalls.toStatusRuntimeException(ClientCalls.java:233)
	at org.apache.ratis.thirdparty.io.grpc.stub.ClientCalls.getUnchecked(ClientCalls.java:214)
	at org.apache.ratis.thirdparty.io.grpc.stub.ClientCalls.blockingUnaryCall(ClientCalls.java:139)
	at org.apache.ratis.proto.grpc.RaftServerProtocolServiceGrpc$RaftServerProtocolServiceBlockingStub.requestVote(RaftServerProtocolServiceGrpc.java:265)
	at org.apache.ratis.grpc.server.GrpcServerProtocolClient.requestVote(GrpcServerProtocolClient.java:99)
	at org.apache.ratis.grpc.server.GrpcService.requestVote(GrpcService.java:204)
	at org.apache.ratis.server.impl.LeaderElection.lambda$submitRequests$1(LeaderElection.java:234)
	at java.util.concurrent.FutureTask.run(FutureTask.java:266)
	at java.util.concurrent.Executors$RunnableAdapter.call(Executors.java:511)
	at java.util.concurrent.FutureTask.run(FutureTask.java:266)
	at java.util.concurrent.ThreadPoolExecutor.runWorker(ThreadPoolExecutor.java:1149)
	at java.util.concurrent.ThreadPoolExecutor$Worker.run(ThreadPoolExecutor.java:624)
	... 1 more
Caused by: org.apache.ratis.thirdparty.io.netty.channel.AbstractChannel$AnnotatedConnectException: Connection refused: /192.168.164.193:40613
	at sun.nio.ch.SocketChannelImpl.checkConnect(Native Method)
	at sun.nio.ch.SocketChannelImpl.finishConnect(SocketChannelImpl.java:717)
	at org.apache.ratis.thirdparty.io.netty.channel.socket.nio.NioSocketChannel.doFinishConnect(NioSocketChannel.java:327)
	at org.apache.ratis.thirdparty.io.netty.channel.nio.AbstractNioChannel$AbstractNioUnsafe.finishConnect(AbstractNioChannel.java:340)
	at org.apache.ratis.thirdparty.io.netty.channel.nio.NioEventLoop.processSelectedKey(NioEventLoop.java:632)
	at org.apache.ratis.thirdparty.io.netty.channel.nio.NioEventLoop.processSelectedKeysOptimized(NioEventLoop.java:579)
	at org.apache.ratis.thirdparty.io.netty.channel.nio.NioEventLoop.processSelectedKeys(NioEventLoop.java:496)
	at org.apache.ratis.thirdparty.io.netty.channel.nio.NioEventLoop.run(NioEventLoop.java:458)
	at org.apache.ratis.thirdparty.io.netty.util.concurrent.SingleThreadEventExecutor$5.run(SingleThreadEventExecutor.java:897)
	at org.apache.ratis.thirdparty.io.netty.util.concurrent.FastThreadLocalRunnable.run(FastThreadLocalRunnable.java:30)
	... 1 more
Caused by: java.net.ConnectException: Connection refused
	... 11 more
2019-10-28 11:45:13,870 [75159f97-af2c-48a6-bb8f-f5acb2145c35@group-08147416B334-LeaderElection181] INFO  impl.RaftServerImpl (RaftServerImpl.java:setRole(184)) - 75159f97-af2c-48a6-bb8f-f5acb2145c35@group-08147416B334: changes role from CANDIDATE to FOLLOWER at term 157 for DISCOVERED_A_NEW_TERM
2019-10-28 11:45:13,870 [75159f97-af2c-48a6-bb8f-f5acb2145c35@group-08147416B334-LeaderElection181] INFO  impl.RoleInfo (RoleInfo.java:shutdownLeaderElection(134)) - 75159f97-af2c-48a6-bb8f-f5acb2145c35: shutdown LeaderElection
2019-10-28 11:45:13,870 [75159f97-af2c-48a6-bb8f-f5acb2145c35@group-08147416B334-LeaderElection181] INFO  impl.RoleInfo (RoleInfo.java:updateAndGet(143)) - 75159f97-af2c-48a6-bb8f-f5acb2145c35: start FollowerState
2019-10-28 11:45:14,107 [java.util.concurrent.ThreadPoolExecutor$Worker@7499a2be[State = -1, empty queue]] WARN  server.GrpcLogAppender (GrpcLogAppender.java:timeoutAppendRequest(209)) - 03d0ba9c-9a68-4db9-a306-0d67556dce53@group-0EDA3E4540D0->31ceb61f-dd6d-4279-87bc-0b070a534ff8-GrpcLogAppender: appendEntries Timeout, request=03d0ba9c-9a68-4db9-a306-0d67556dce53->31ceb61f-dd6d-4279-87bc-0b070a534ff8#23-t2, previous=(t:2, i:6), leaderCommit=6, initializing? false, entries: <empty>
2019-10-28 11:45:14,314 [Thread-2628] INFO  impl.FollowerState (FollowerState.java:run(108)) - 84f4174e-6bb9-44ab-a36a-6c5af4251c6f@group-48B29381066B-FollowerState: change to CANDIDATE, lastRpcTime:1014ms, electionTimeout:1014ms
2019-10-28 11:45:14,314 [Thread-2628] INFO  impl.RoleInfo (RoleInfo.java:shutdownFollowerState(121)) - 84f4174e-6bb9-44ab-a36a-6c5af4251c6f: shutdown FollowerState
2019-10-28 11:45:14,314 [Thread-2628] INFO  impl.RaftServerImpl (RaftServerImpl.java:setRole(184)) - 84f4174e-6bb9-44ab-a36a-6c5af4251c6f@group-48B29381066B: changes role from  FOLLOWER to CANDIDATE at term 7 for changeToCandidate
2019-10-28 11:45:14,314 [Thread-2628] INFO  impl.RoleInfo (RoleInfo.java:updateAndGet(143)) - 84f4174e-6bb9-44ab-a36a-6c5af4251c6f: start LeaderElection
2019-10-28 11:45:14,328 [84f4174e-6bb9-44ab-a36a-6c5af4251c6f@group-48B29381066B-LeaderElection182] INFO  impl.LeaderElection (LeaderElection.java:askForVotes(178)) - 84f4174e-6bb9-44ab-a36a-6c5af4251c6f@group-48B29381066B-LeaderElection182: begin an election at term 8 for 9: [66cf3979-81da-4155-81a0-3dd54985f91a:192.168.164.193:43079, 84f4174e-6bb9-44ab-a36a-6c5af4251c6f:192.168.164.193:40080, a480340b-d1a5-4cd0-bc20-ae63b012c3c7:192.168.164.193:43902], old=null
2019-10-28 11:45:14,329 [84f4174e-6bb9-44ab-a36a-6c5af4251c6f@group-48B29381066B-LeaderElection182] INFO  impl.LeaderElection (LogUtils.java:infoOrTrace(149)) - 84f4174e-6bb9-44ab-a36a-6c5af4251c6f@group-48B29381066B-LeaderElection182 got exception when requesting votes: {}
java.util.concurrent.ExecutionException: org.apache.ratis.thirdparty.io.grpc.StatusRuntimeException: UNAVAILABLE: io exception
	at java.util.concurrent.FutureTask.report(FutureTask.java:122)
	at java.util.concurrent.FutureTask.get(FutureTask.java:192)
	at org.apache.ratis.server.impl.LeaderElection.waitForResults(LeaderElection.java:259)
	at org.apache.ratis.server.impl.LeaderElection.askForVotes(LeaderElection.java:197)
	at org.apache.ratis.server.impl.LeaderElection.run(LeaderElection.java:133)
	at java.lang.Thread.run(Thread.java:748)
Caused by: org.apache.ratis.thirdparty.io.grpc.StatusRuntimeException: UNAVAILABLE: io exception
	at org.apache.ratis.thirdparty.io.grpc.stub.ClientCalls.toStatusRuntimeException(ClientCalls.java:233)
	at org.apache.ratis.thirdparty.io.grpc.stub.ClientCalls.getUnchecked(ClientCalls.java:214)
	at org.apache.ratis.thirdparty.io.grpc.stub.ClientCalls.blockingUnaryCall(ClientCalls.java:139)
	at org.apache.ratis.proto.grpc.RaftServerProtocolServiceGrpc$RaftServerProtocolServiceBlockingStub.requestVote(RaftServerProtocolServiceGrpc.java:265)
	at org.apache.ratis.grpc.server.GrpcServerProtocolClient.requestVote(GrpcServerProtocolClient.java:99)
	at org.apache.ratis.grpc.server.GrpcService.requestVote(GrpcService.java:204)
	at org.apache.ratis.server.impl.LeaderElection.lambda$submitRequests$1(LeaderElection.java:234)
	at java.util.concurrent.FutureTask.run(FutureTask.java:266)
	at java.util.concurrent.Executors$RunnableAdapter.call(Executors.java:511)
	at java.util.concurrent.FutureTask.run(FutureTask.java:266)
	at java.util.concurrent.ThreadPoolExecutor.runWorker(ThreadPoolExecutor.java:1149)
	at java.util.concurrent.ThreadPoolExecutor$Worker.run(ThreadPoolExecutor.java:624)
	... 1 more
Caused by: org.apache.ratis.thirdparty.io.netty.channel.AbstractChannel$AnnotatedConnectException: Connection refused: /192.168.164.193:43079
	at sun.nio.ch.SocketChannelImpl.checkConnect(Native Method)
	at sun.nio.ch.SocketChannelImpl.finishConnect(SocketChannelImpl.java:717)
	at org.apache.ratis.thirdparty.io.netty.channel.socket.nio.NioSocketChannel.doFinishConnect(NioSocketChannel.java:327)
	at org.apache.ratis.thirdparty.io.netty.channel.nio.AbstractNioChannel$AbstractNioUnsafe.finishConnect(AbstractNioChannel.java:340)
	at org.apache.ratis.thirdparty.io.netty.channel.nio.NioEventLoop.processSelectedKey(NioEventLoop.java:632)
	at org.apache.ratis.thirdparty.io.netty.channel.nio.NioEventLoop.processSelectedKeysOptimized(NioEventLoop.java:579)
	at org.apache.ratis.thirdparty.io.netty.channel.nio.NioEventLoop.processSelectedKeys(NioEventLoop.java:496)
	at org.apache.ratis.thirdparty.io.netty.channel.nio.NioEventLoop.run(NioEventLoop.java:458)
	at org.apache.ratis.thirdparty.io.netty.util.concurrent.SingleThreadEventExecutor$5.run(SingleThreadEventExecutor.java:897)
	at org.apache.ratis.thirdparty.io.netty.util.concurrent.FastThreadLocalRunnable.run(FastThreadLocalRunnable.java:30)
	... 1 more
Caused by: java.net.ConnectException: Connection refused
	... 11 more
2019-10-28 11:45:14,342 [84f4174e-6bb9-44ab-a36a-6c5af4251c6f@group-48B29381066B-LeaderElection182] INFO  impl.LeaderElection (LogUtils.java:infoOrTrace(149)) - 84f4174e-6bb9-44ab-a36a-6c5af4251c6f@group-48B29381066B-LeaderElection182 got exception when requesting votes: {}
java.util.concurrent.ExecutionException: org.apache.ratis.thirdparty.io.grpc.StatusRuntimeException: UNAVAILABLE: io exception
	at java.util.concurrent.FutureTask.report(FutureTask.java:122)
	at java.util.concurrent.FutureTask.get(FutureTask.java:192)
	at org.apache.ratis.server.impl.LeaderElection.waitForResults(LeaderElection.java:259)
	at org.apache.ratis.server.impl.LeaderElection.askForVotes(LeaderElection.java:197)
	at org.apache.ratis.server.impl.LeaderElection.run(LeaderElection.java:133)
	at java.lang.Thread.run(Thread.java:748)
Caused by: org.apache.ratis.thirdparty.io.grpc.StatusRuntimeException: UNAVAILABLE: io exception
	at org.apache.ratis.thirdparty.io.grpc.stub.ClientCalls.toStatusRuntimeException(ClientCalls.java:233)
	at org.apache.ratis.thirdparty.io.grpc.stub.ClientCalls.getUnchecked(ClientCalls.java:214)
	at org.apache.ratis.thirdparty.io.grpc.stub.ClientCalls.blockingUnaryCall(ClientCalls.java:139)
	at org.apache.ratis.proto.grpc.RaftServerProtocolServiceGrpc$RaftServerProtocolServiceBlockingStub.requestVote(RaftServerProtocolServiceGrpc.java:265)
	at org.apache.ratis.grpc.server.GrpcServerProtocolClient.requestVote(GrpcServerProtocolClient.java:99)
	at org.apache.ratis.grpc.server.GrpcService.requestVote(GrpcService.java:204)
	at org.apache.ratis.server.impl.LeaderElection.lambda$submitRequests$1(LeaderElection.java:234)
	at java.util.concurrent.FutureTask.run(FutureTask.java:266)
	at java.util.concurrent.Executors$RunnableAdapter.call(Executors.java:511)
	at java.util.concurrent.FutureTask.run(FutureTask.java:266)
	at java.util.concurrent.ThreadPoolExecutor.runWorker(ThreadPoolExecutor.java:1149)
	at java.util.concurrent.ThreadPoolExecutor$Worker.run(ThreadPoolExecutor.java:624)
	... 1 more
Caused by: org.apache.ratis.thirdparty.io.netty.channel.AbstractChannel$AnnotatedConnectException: Connection refused: /192.168.164.193:43902
	at sun.nio.ch.SocketChannelImpl.checkConnect(Native Method)
	at sun.nio.ch.SocketChannelImpl.finishConnect(SocketChannelImpl.java:717)
	at org.apache.ratis.thirdparty.io.netty.channel.socket.nio.NioSocketChannel.doFinishConnect(NioSocketChannel.java:327)
	at org.apache.ratis.thirdparty.io.netty.channel.nio.AbstractNioChannel$AbstractNioUnsafe.finishConnect(AbstractNioChannel.java:340)
	at org.apache.ratis.thirdparty.io.netty.channel.nio.NioEventLoop.processSelectedKey(NioEventLoop.java:632)
	at org.apache.ratis.thirdparty.io.netty.channel.nio.NioEventLoop.processSelectedKeysOptimized(NioEventLoop.java:579)
	at org.apache.ratis.thirdparty.io.netty.channel.nio.NioEventLoop.processSelectedKeys(NioEventLoop.java:496)
	at org.apache.ratis.thirdparty.io.netty.channel.nio.NioEventLoop.run(NioEventLoop.java:458)
	at org.apache.ratis.thirdparty.io.netty.util.concurrent.SingleThreadEventExecutor$5.run(SingleThreadEventExecutor.java:897)
	at org.apache.ratis.thirdparty.io.netty.util.concurrent.FastThreadLocalRunnable.run(FastThreadLocalRunnable.java:30)
	... 1 more
Caused by: java.net.ConnectException: Connection refused
	... 11 more
2019-10-28 11:45:14,343 [84f4174e-6bb9-44ab-a36a-6c5af4251c6f@group-48B29381066B-LeaderElection182] INFO  impl.LeaderElection (LeaderElection.java:logAndReturn(56)) - 84f4174e-6bb9-44ab-a36a-6c5af4251c6f@group-48B29381066B-LeaderElection182: Election REJECTED; received 0 response(s) [] and 2 exception(s); 84f4174e-6bb9-44ab-a36a-6c5af4251c6f@group-48B29381066B:t8, leader=null, voted=84f4174e-6bb9-44ab-a36a-6c5af4251c6f, raftlog=84f4174e-6bb9-44ab-a36a-6c5af4251c6f@group-48B29381066B-SegmentedRaftLog:OPENED:c10,f10,i10, conf=9: [66cf3979-81da-4155-81a0-3dd54985f91a:192.168.164.193:43079, 84f4174e-6bb9-44ab-a36a-6c5af4251c6f:192.168.164.193:40080, a480340b-d1a5-4cd0-bc20-ae63b012c3c7:192.168.164.193:43902], old=null
2019-10-28 11:45:14,344 [84f4174e-6bb9-44ab-a36a-6c5af4251c6f@group-48B29381066B-LeaderElection182] INFO  impl.LeaderElection (LogUtils.java:infoOrTrace(149)) -   Exception 0: {}
java.util.concurrent.ExecutionException: org.apache.ratis.thirdparty.io.grpc.StatusRuntimeException: UNAVAILABLE: io exception
	at java.util.concurrent.FutureTask.report(FutureTask.java:122)
	at java.util.concurrent.FutureTask.get(FutureTask.java:192)
	at org.apache.ratis.server.impl.LeaderElection.waitForResults(LeaderElection.java:259)
	at org.apache.ratis.server.impl.LeaderElection.askForVotes(LeaderElection.java:197)
	at org.apache.ratis.server.impl.LeaderElection.run(LeaderElection.java:133)
	at java.lang.Thread.run(Thread.java:748)
Caused by: org.apache.ratis.thirdparty.io.grpc.StatusRuntimeException: UNAVAILABLE: io exception
	at org.apache.ratis.thirdparty.io.grpc.stub.ClientCalls.toStatusRuntimeException(ClientCalls.java:233)
	at org.apache.ratis.thirdparty.io.grpc.stub.ClientCalls.getUnchecked(ClientCalls.java:214)
	at org.apache.ratis.thirdparty.io.grpc.stub.ClientCalls.blockingUnaryCall(ClientCalls.java:139)
	at org.apache.ratis.proto.grpc.RaftServerProtocolServiceGrpc$RaftServerProtocolServiceBlockingStub.requestVote(RaftServerProtocolServiceGrpc.java:265)
	at org.apache.ratis.grpc.server.GrpcServerProtocolClient.requestVote(GrpcServerProtocolClient.java:99)
	at org.apache.ratis.grpc.server.GrpcService.requestVote(GrpcService.java:204)
	at org.apache.ratis.server.impl.LeaderElection.lambda$submitRequests$1(LeaderElection.java:234)
	at java.util.concurrent.FutureTask.run(FutureTask.java:266)
	at java.util.concurrent.Executors$RunnableAdapter.call(Executors.java:511)
	at java.util.concurrent.FutureTask.run(FutureTask.java:266)
	at java.util.concurrent.ThreadPoolExecutor.runWorker(ThreadPoolExecutor.java:1149)
	at java.util.concurrent.ThreadPoolExecutor$Worker.run(ThreadPoolExecutor.java:624)
	... 1 more
Caused by: org.apache.ratis.thirdparty.io.netty.channel.AbstractChannel$AnnotatedConnectException: Connection refused: /192.168.164.193:43079
	at sun.nio.ch.SocketChannelImpl.checkConnect(Native Method)
	at sun.nio.ch.SocketChannelImpl.finishConnect(SocketChannelImpl.java:717)
	at org.apache.ratis.thirdparty.io.netty.channel.socket.nio.NioSocketChannel.doFinishConnect(NioSocketChannel.java:327)
	at org.apache.ratis.thirdparty.io.netty.channel.nio.AbstractNioChannel$AbstractNioUnsafe.finishConnect(AbstractNioChannel.java:340)
	at org.apache.ratis.thirdparty.io.netty.channel.nio.NioEventLoop.processSelectedKey(NioEventLoop.java:632)
	at org.apache.ratis.thirdparty.io.netty.channel.nio.NioEventLoop.processSelectedKeysOptimized(NioEventLoop.java:579)
	at org.apache.ratis.thirdparty.io.netty.channel.nio.NioEventLoop.processSelectedKeys(NioEventLoop.java:496)
	at org.apache.ratis.thirdparty.io.netty.channel.nio.NioEventLoop.run(NioEventLoop.java:458)
	at org.apache.ratis.thirdparty.io.netty.util.concurrent.SingleThreadEventExecutor$5.run(SingleThreadEventExecutor.java:897)
	at org.apache.ratis.thirdparty.io.netty.util.concurrent.FastThreadLocalRunnable.run(FastThreadLocalRunnable.java:30)
	... 1 more
Caused by: java.net.ConnectException: Connection refused
	... 11 more
2019-10-28 11:45:14,344 [84f4174e-6bb9-44ab-a36a-6c5af4251c6f@group-48B29381066B-LeaderElection182] INFO  impl.LeaderElection (LogUtils.java:infoOrTrace(149)) -   Exception 1: {}
java.util.concurrent.ExecutionException: org.apache.ratis.thirdparty.io.grpc.StatusRuntimeException: UNAVAILABLE: io exception
	at java.util.concurrent.FutureTask.report(FutureTask.java:122)
	at java.util.concurrent.FutureTask.get(FutureTask.java:192)
	at org.apache.ratis.server.impl.LeaderElection.waitForResults(LeaderElection.java:259)
	at org.apache.ratis.server.impl.LeaderElection.askForVotes(LeaderElection.java:197)
	at org.apache.ratis.server.impl.LeaderElection.run(LeaderElection.java:133)
	at java.lang.Thread.run(Thread.java:748)
Caused by: org.apache.ratis.thirdparty.io.grpc.StatusRuntimeException: UNAVAILABLE: io exception
	at org.apache.ratis.thirdparty.io.grpc.stub.ClientCalls.toStatusRuntimeException(ClientCalls.java:233)
	at org.apache.ratis.thirdparty.io.grpc.stub.ClientCalls.getUnchecked(ClientCalls.java:214)
	at org.apache.ratis.thirdparty.io.grpc.stub.ClientCalls.blockingUnaryCall(ClientCalls.java:139)
	at org.apache.ratis.proto.grpc.RaftServerProtocolServiceGrpc$RaftServerProtocolServiceBlockingStub.requestVote(RaftServerProtocolServiceGrpc.java:265)
	at org.apache.ratis.grpc.server.GrpcServerProtocolClient.requestVote(GrpcServerProtocolClient.java:99)
	at org.apache.ratis.grpc.server.GrpcService.requestVote(GrpcService.java:204)
	at org.apache.ratis.server.impl.LeaderElection.lambda$submitRequests$1(LeaderElection.java:234)
	at java.util.concurrent.FutureTask.run(FutureTask.java:266)
	at java.util.concurrent.Executors$RunnableAdapter.call(Executors.java:511)
	at java.util.concurrent.FutureTask.run(FutureTask.java:266)
	at java.util.concurrent.ThreadPoolExecutor.runWorker(ThreadPoolExecutor.java:1149)
	at java.util.concurrent.ThreadPoolExecutor$Worker.run(ThreadPoolExecutor.java:624)
	... 1 more
Caused by: org.apache.ratis.thirdparty.io.netty.channel.AbstractChannel$AnnotatedConnectException: Connection refused: /192.168.164.193:43902
	at sun.nio.ch.SocketChannelImpl.checkConnect(Native Method)
	at sun.nio.ch.SocketChannelImpl.finishConnect(SocketChannelImpl.java:717)
	at org.apache.ratis.thirdparty.io.netty.channel.socket.nio.NioSocketChannel.doFinishConnect(NioSocketChannel.java:327)
	at org.apache.ratis.thirdparty.io.netty.channel.nio.AbstractNioChannel$AbstractNioUnsafe.finishConnect(AbstractNioChannel.java:340)
	at org.apache.ratis.thirdparty.io.netty.channel.nio.NioEventLoop.processSelectedKey(NioEventLoop.java:632)
	at org.apache.ratis.thirdparty.io.netty.channel.nio.NioEventLoop.processSelectedKeysOptimized(NioEventLoop.java:579)
	at org.apache.ratis.thirdparty.io.netty.channel.nio.NioEventLoop.processSelectedKeys(NioEventLoop.java:496)
	at org.apache.ratis.thirdparty.io.netty.channel.nio.NioEventLoop.run(NioEventLoop.java:458)
	at org.apache.ratis.thirdparty.io.netty.util.concurrent.SingleThreadEventExecutor$5.run(SingleThreadEventExecutor.java:897)
	at org.apache.ratis.thirdparty.io.netty.util.concurrent.FastThreadLocalRunnable.run(FastThreadLocalRunnable.java:30)
	... 1 more
Caused by: java.net.ConnectException: Connection refused
	... 11 more
2019-10-28 11:45:14,345 [84f4174e-6bb9-44ab-a36a-6c5af4251c6f@group-48B29381066B-LeaderElection182] INFO  impl.RaftServerImpl (RaftServerImpl.java:setRole(184)) - 84f4174e-6bb9-44ab-a36a-6c5af4251c6f@group-48B29381066B: changes role from CANDIDATE to FOLLOWER at term 8 for DISCOVERED_A_NEW_TERM
2019-10-28 11:45:14,345 [84f4174e-6bb9-44ab-a36a-6c5af4251c6f@group-48B29381066B-LeaderElection182] INFO  impl.RoleInfo (RoleInfo.java:shutdownLeaderElection(134)) - 84f4174e-6bb9-44ab-a36a-6c5af4251c6f: shutdown LeaderElection
2019-10-28 11:45:14,345 [84f4174e-6bb9-44ab-a36a-6c5af4251c6f@group-48B29381066B-LeaderElection182] INFO  impl.RoleInfo (RoleInfo.java:updateAndGet(143)) - 84f4174e-6bb9-44ab-a36a-6c5af4251c6f: start FollowerState
2019-10-28 11:45:14,607 [java.util.concurrent.ThreadPoolExecutor$Worker@7499a2be[State = -1, empty queue]] WARN  server.GrpcLogAppender (GrpcLogAppender.java:timeoutAppendRequest(209)) - 03d0ba9c-9a68-4db9-a306-0d67556dce53@group-0EDA3E4540D0->31ceb61f-dd6d-4279-87bc-0b070a534ff8-GrpcLogAppender: appendEntries Timeout, request=03d0ba9c-9a68-4db9-a306-0d67556dce53->31ceb61f-dd6d-4279-87bc-0b070a534ff8#24-t2, previous=(t:2, i:6), leaderCommit=6, initializing? false, entries: <empty>
2019-10-28 11:45:14,727 [ForkJoinPool.commonPool-worker-1] INFO  ozoneimpl.OzoneContainer (OzoneContainer.java:stop(227)) - Attempting to stop container services.
2019-10-28 11:45:14,728 [ForkJoinPool.commonPool-worker-1] INFO  impl.RaftServerProxy (RaftServerProxy.java:lambda$close$4(314)) - 75159f97-af2c-48a6-bb8f-f5acb2145c35: close
2019-10-28 11:45:14,729 [ForkJoinPool.commonPool-worker-1] INFO  impl.RaftServerImpl (RaftServerImpl.java:lambda$shutdown$3(261)) - 75159f97-af2c-48a6-bb8f-f5acb2145c35@group-08147416B334: shutdown
2019-10-28 11:45:14,729 [ForkJoinPool.commonPool-worker-1] INFO  util.JmxRegister (JmxRegister.java:unregister(73)) - Successfully un-registered JMX Bean with object name Ratis:service=RaftServer,group=group-08147416B334,id=75159f97-af2c-48a6-bb8f-f5acb2145c35
2019-10-28 11:45:14,729 [ForkJoinPool.commonPool-worker-1] INFO  impl.RoleInfo (RoleInfo.java:shutdownFollowerState(121)) - 75159f97-af2c-48a6-bb8f-f5acb2145c35: shutdown FollowerState
2019-10-28 11:45:14,730 [ForkJoinPool.commonPool-worker-1] INFO  impl.StateMachineUpdater (StateMachineUpdater.java:stopAndJoin(136)) - 75159f97-af2c-48a6-bb8f-f5acb2145c35@group-08147416B334-StateMachineUpdater: set stopIndex = 2
2019-10-28 11:45:14,730 [Thread-2632] INFO  impl.FollowerState (FollowerState.java:run(117)) - 75159f97-af2c-48a6-bb8f-f5acb2145c35@group-08147416B334-FollowerState was interrupted: java.lang.InterruptedException: sleep interrupted
2019-10-28 11:45:14,730 [ForkJoinPool.commonPool-worker-1] INFO  impl.RaftServerImpl (ServerState.java:close(388)) - 75159f97-af2c-48a6-bb8f-f5acb2145c35@group-08147416B334: closes. applyIndex: 2
2019-10-28 11:45:14,731 [75159f97-af2c-48a6-bb8f-f5acb2145c35@group-08147416B334-SegmentedRaftLogWorker] INFO  segmented.SegmentedRaftLogWorker (SegmentedRaftLogWorker.java:run(316)) - 75159f97-af2c-48a6-bb8f-f5acb2145c35@group-08147416B334-SegmentedRaftLogWorker was interrupted, exiting. There are 0 tasks remaining in the queue.
2019-10-28 11:45:14,731 [ForkJoinPool.commonPool-worker-1] INFO  segmented.SegmentedRaftLogWorker (SegmentedRaftLogWorker.java:close(224)) - 75159f97-af2c-48a6-bb8f-f5acb2145c35@group-08147416B334-SegmentedRaftLogWorker close()
2019-10-28 11:45:14,732 [ForkJoinPool.commonPool-worker-1] INFO  impl.RaftServerImpl (RaftServerImpl.java:lambda$shutdown$3(261)) - 75159f97-af2c-48a6-bb8f-f5acb2145c35@group-67305DF784AB: shutdown
2019-10-28 11:45:14,732 [ForkJoinPool.commonPool-worker-1] INFO  util.JmxRegister (JmxRegister.java:unregister(73)) - Successfully un-registered JMX Bean with object name Ratis:service=RaftServer,group=group-67305DF784AB,id=75159f97-af2c-48a6-bb8f-f5acb2145c35
2019-10-28 11:45:14,732 [ForkJoinPool.commonPool-worker-1] INFO  impl.RoleInfo (RoleInfo.java:shutdownLeaderState(104)) - 75159f97-af2c-48a6-bb8f-f5acb2145c35: shutdown LeaderState
2019-10-28 11:45:14,733 [ForkJoinPool.commonPool-worker-1] INFO  impl.PendingRequests (PendingRequests.java:sendNotLeaderResponses(202)) - 75159f97-af2c-48a6-bb8f-f5acb2145c35@group-67305DF784AB-PendingRequests: sendNotLeaderResponses
2019-10-28 11:45:14,733 [ForkJoinPool.commonPool-worker-1] INFO  impl.StateMachineUpdater (StateMachineUpdater.java:stopAndJoin(136)) - 75159f97-af2c-48a6-bb8f-f5acb2145c35@group-67305DF784AB-StateMachineUpdater: set stopIndex = 0
2019-10-28 11:45:14,733 [ForkJoinPool.commonPool-worker-1] INFO  impl.RaftServerImpl (ServerState.java:close(388)) - 75159f97-af2c-48a6-bb8f-f5acb2145c35@group-67305DF784AB: closes. applyIndex: 0
2019-10-28 11:45:14,734 [75159f97-af2c-48a6-bb8f-f5acb2145c35@group-67305DF784AB-SegmentedRaftLogWorker] INFO  segmented.SegmentedRaftLogWorker (SegmentedRaftLogWorker.java:run(316)) - 75159f97-af2c-48a6-bb8f-f5acb2145c35@group-67305DF784AB-SegmentedRaftLogWorker was interrupted, exiting. There are 0 tasks remaining in the queue.
2019-10-28 11:45:14,734 [ForkJoinPool.commonPool-worker-1] INFO  segmented.SegmentedRaftLogWorker (SegmentedRaftLogWorker.java:close(224)) - 75159f97-af2c-48a6-bb8f-f5acb2145c35@group-67305DF784AB-SegmentedRaftLogWorker close()
2019-10-28 11:45:14,735 [ForkJoinPool.commonPool-worker-1] INFO  server.GrpcService (GrpcService.java:closeImpl(164)) - 75159f97-af2c-48a6-bb8f-f5acb2145c35: shutdown server with port 42423 now
2019-10-28 11:45:14,736 [ForkJoinPool.commonPool-worker-1] INFO  server.GrpcService (GrpcService.java:closeImpl(172)) - 75159f97-af2c-48a6-bb8f-f5acb2145c35: shutdown server with port 42423 successfully
2019-10-28 11:45:14,740 [refreshUsed-/workdir/hadoop-ozone/integration-test/target/test-dir/MiniOzoneClusterImpl-b31733c6-727c-4256-9138-ff5b19d95bfe/datanode-0/data/containers] WARN  fs.CachingGetSpaceUsed (CachingGetSpaceUsed.java:run(183)) - Thread Interrupted waiting to refresh disk information: sleep interrupted
2019-10-28 11:45:14,754 [main] INFO  ozoneimpl.OzoneContainer (OzoneContainer.java:stop(227)) - Attempting to stop container services.
2019-10-28 11:45:14,755 [main] INFO  impl.RaftServerProxy (RaftServerProxy.java:lambda$close$4(314)) - 8d6128be-fc83-4963-9e93-d652923f883a: close
2019-10-28 11:45:14,757 [main] INFO  impl.RaftServerImpl (RaftServerImpl.java:lambda$shutdown$3(261)) - 8d6128be-fc83-4963-9e93-d652923f883a@group-435F2F1029F6: shutdown
2019-10-28 11:45:14,757 [main] INFO  util.JmxRegister (JmxRegister.java:unregister(73)) - Successfully un-registered JMX Bean with object name Ratis:service=RaftServer,group=group-435F2F1029F6,id=8d6128be-fc83-4963-9e93-d652923f883a
2019-10-28 11:45:14,758 [main] INFO  impl.RoleInfo (RoleInfo.java:shutdownLeaderState(104)) - 8d6128be-fc83-4963-9e93-d652923f883a: shutdown LeaderState
2019-10-28 11:45:14,758 [main] INFO  impl.PendingRequests (PendingRequests.java:sendNotLeaderResponses(202)) - 8d6128be-fc83-4963-9e93-d652923f883a@group-435F2F1029F6-PendingRequests: sendNotLeaderResponses
2019-10-28 11:45:14,758 [main] INFO  impl.StateMachineUpdater (StateMachineUpdater.java:stopAndJoin(136)) - 8d6128be-fc83-4963-9e93-d652923f883a@group-435F2F1029F6-StateMachineUpdater: set stopIndex = 0
2019-10-28 11:45:14,758 [main] INFO  impl.RaftServerImpl (ServerState.java:close(388)) - 8d6128be-fc83-4963-9e93-d652923f883a@group-435F2F1029F6: closes. applyIndex: 0
2019-10-28 11:45:14,759 [8d6128be-fc83-4963-9e93-d652923f883a@group-435F2F1029F6-SegmentedRaftLogWorker] INFO  segmented.SegmentedRaftLogWorker (SegmentedRaftLogWorker.java:run(316)) - 8d6128be-fc83-4963-9e93-d652923f883a@group-435F2F1029F6-SegmentedRaftLogWorker was interrupted, exiting. There are 0 tasks remaining in the queue.
2019-10-28 11:45:14,759 [main] INFO  segmented.SegmentedRaftLogWorker (SegmentedRaftLogWorker.java:close(224)) - 8d6128be-fc83-4963-9e93-d652923f883a@group-435F2F1029F6-SegmentedRaftLogWorker close()
2019-10-28 11:45:14,759 [main] INFO  server.GrpcService (GrpcService.java:closeImpl(164)) - 8d6128be-fc83-4963-9e93-d652923f883a: shutdown server with port 39584 now
2019-10-28 11:45:14,760 [main] INFO  server.GrpcService (GrpcService.java:closeImpl(172)) - 8d6128be-fc83-4963-9e93-d652923f883a: shutdown server with port 39584 successfully
2019-10-28 11:45:14,767 [refreshUsed-/workdir/hadoop-ozone/integration-test/target/test-dir/MiniOzoneClusterImpl-b31733c6-727c-4256-9138-ff5b19d95bfe/datanode-9/data/containers] WARN  fs.CachingGetSpaceUsed (CachingGetSpaceUsed.java:run(183)) - Thread Interrupted waiting to refresh disk information: sleep interrupted
2019-10-28 11:45:14,769 [ForkJoinPool.commonPool-worker-1] INFO  utils.BackgroundService (BackgroundService.java:shutdown(151)) - Shutting down service BlockDeletingService
2019-10-28 11:45:14,776 [ForkJoinPool.commonPool-worker-1] INFO  statemachine.DatanodeStateMachine (DatanodeStateMachine.java:stopDaemon(395)) - Ozone container server stopped.
2019-10-28 11:45:14,779 [ForkJoinPool.commonPool-worker-1] INFO  handler.ContextHandler (ContextHandler.java:doStop(910)) - Stopped o.e.j.w.WebAppContext@43c57161{/,null,UNAVAILABLE}{/hddsDatanode}
2019-10-28 11:45:14,780 [ForkJoinPool.commonPool-worker-1] INFO  server.AbstractConnector (AbstractConnector.java:doStop(318)) - Stopped ServerConnector@d902300{HTTP/1.1,[http/1.1]}{0.0.0.0:0}
2019-10-28 11:45:14,781 [ForkJoinPool.commonPool-worker-1] INFO  handler.ContextHandler (ContextHandler.java:doStop(910)) - Stopped o.e.j.s.ServletContextHandler@25f15f50{/static,jar:file:/home/user/.m2/repository/org/apache/hadoop/hadoop-hdds-container-service/0.5.0-SNAPSHOT/hadoop-hdds-container-service-0.5.0-SNAPSHOT.jar!/webapps/static,UNAVAILABLE}
2019-10-28 11:45:14,781 [ForkJoinPool.commonPool-worker-1] INFO  handler.ContextHandler (ContextHandler.java:doStop(910)) - Stopped o.e.j.s.ServletContextHandler@7a3b7122{/logs,file:///workdir/hadoop-ozone/integration-test/target/log,UNAVAILABLE}
2019-10-28 11:45:14,789 [main] INFO  utils.BackgroundService (BackgroundService.java:shutdown(151)) - Shutting down service BlockDeletingService
2019-10-28 11:45:14,792 [main] INFO  statemachine.DatanodeStateMachine (DatanodeStateMachine.java:stopDaemon(395)) - Ozone container server stopped.
2019-10-28 11:45:14,793 [main] INFO  handler.ContextHandler (ContextHandler.java:doStop(910)) - Stopped o.e.j.w.WebAppContext@41ef1ea2{/,null,UNAVAILABLE}{/hddsDatanode}
2019-10-28 11:45:14,793 [main] INFO  server.AbstractConnector (AbstractConnector.java:doStop(318)) - Stopped ServerConnector@5dfe23e8{HTTP/1.1,[http/1.1]}{0.0.0.0:0}
2019-10-28 11:45:14,793 [main] INFO  handler.ContextHandler (ContextHandler.java:doStop(910)) - Stopped o.e.j.s.ServletContextHandler@67bf0480{/static,jar:file:/home/user/.m2/repository/org/apache/hadoop/hadoop-hdds-container-service/0.5.0-SNAPSHOT/hadoop-hdds-container-service-0.5.0-SNAPSHOT.jar!/webapps/static,UNAVAILABLE}
2019-10-28 11:45:14,794 [main] INFO  handler.ContextHandler (ContextHandler.java:doStop(910)) - Stopped o.e.j.s.ServletContextHandler@3290b1a6{/logs,file:///workdir/hadoop-ozone/integration-test/target/log,UNAVAILABLE}
2019-10-28 11:45:15,107 [java.util.concurrent.ThreadPoolExecutor$Worker@7499a2be[State = -1, empty queue]] WARN  server.GrpcLogAppender (GrpcLogAppender.java:timeoutAppendRequest(209)) - 03d0ba9c-9a68-4db9-a306-0d67556dce53@group-0EDA3E4540D0->31ceb61f-dd6d-4279-87bc-0b070a534ff8-GrpcLogAppender: appendEntries Timeout, request=03d0ba9c-9a68-4db9-a306-0d67556dce53->31ceb61f-dd6d-4279-87bc-0b070a534ff8#25-t2, previous=(t:2, i:6), leaderCommit=6, initializing? false, entries: <empty>
2019-10-28 11:45:15,276 [Datanode State Machine Thread - 0] INFO  statemachine.DatanodeStateMachine (DatanodeStateMachine.java:lambda$startDaemon$0(350)) - Ozone container server started.
2019-10-28 11:45:15,463 [Thread-2636] INFO  impl.FollowerState (FollowerState.java:run(108)) - 84f4174e-6bb9-44ab-a36a-6c5af4251c6f@group-48B29381066B-FollowerState: change to CANDIDATE, lastRpcTime:1118ms, electionTimeout:1118ms
2019-10-28 11:45:15,463 [Thread-2636] INFO  impl.RoleInfo (RoleInfo.java:shutdownFollowerState(121)) - 84f4174e-6bb9-44ab-a36a-6c5af4251c6f: shutdown FollowerState
2019-10-28 11:45:15,464 [Thread-2636] INFO  impl.RaftServerImpl (RaftServerImpl.java:setRole(184)) - 84f4174e-6bb9-44ab-a36a-6c5af4251c6f@group-48B29381066B: changes role from  FOLLOWER to CANDIDATE at term 8 for changeToCandidate
2019-10-28 11:45:15,464 [Thread-2636] INFO  impl.RoleInfo (RoleInfo.java:updateAndGet(143)) - 84f4174e-6bb9-44ab-a36a-6c5af4251c6f: start LeaderElection
2019-10-28 11:45:15,478 [84f4174e-6bb9-44ab-a36a-6c5af4251c6f@group-48B29381066B-LeaderElection183] INFO  impl.LeaderElection (LeaderElection.java:askForVotes(178)) - 84f4174e-6bb9-44ab-a36a-6c5af4251c6f@group-48B29381066B-LeaderElection183: begin an election at term 9 for 9: [66cf3979-81da-4155-81a0-3dd54985f91a:192.168.164.193:43079, 84f4174e-6bb9-44ab-a36a-6c5af4251c6f:192.168.164.193:40080, a480340b-d1a5-4cd0-bc20-ae63b012c3c7:192.168.164.193:43902], old=null
2019-10-28 11:45:15,479 [84f4174e-6bb9-44ab-a36a-6c5af4251c6f@group-48B29381066B-LeaderElection183] INFO  impl.LeaderElection (LogUtils.java:infoOrTrace(149)) - 84f4174e-6bb9-44ab-a36a-6c5af4251c6f@group-48B29381066B-LeaderElection183 got exception when requesting votes: {}
java.util.concurrent.ExecutionException: org.apache.ratis.thirdparty.io.grpc.StatusRuntimeException: UNAVAILABLE: io exception
	at java.util.concurrent.FutureTask.report(FutureTask.java:122)
	at java.util.concurrent.FutureTask.get(FutureTask.java:192)
	at org.apache.ratis.server.impl.LeaderElection.waitForResults(LeaderElection.java:259)
	at org.apache.ratis.server.impl.LeaderElection.askForVotes(LeaderElection.java:197)
	at org.apache.ratis.server.impl.LeaderElection.run(LeaderElection.java:133)
	at java.lang.Thread.run(Thread.java:748)
Caused by: org.apache.ratis.thirdparty.io.grpc.StatusRuntimeException: UNAVAILABLE: io exception
	at org.apache.ratis.thirdparty.io.grpc.stub.ClientCalls.toStatusRuntimeException(ClientCalls.java:233)
	at org.apache.ratis.thirdparty.io.grpc.stub.ClientCalls.getUnchecked(ClientCalls.java:214)
	at org.apache.ratis.thirdparty.io.grpc.stub.ClientCalls.blockingUnaryCall(ClientCalls.java:139)
	at org.apache.ratis.proto.grpc.RaftServerProtocolServiceGrpc$RaftServerProtocolServiceBlockingStub.requestVote(RaftServerProtocolServiceGrpc.java:265)
	at org.apache.ratis.grpc.server.GrpcServerProtocolClient.requestVote(GrpcServerProtocolClient.java:99)
	at org.apache.ratis.grpc.server.GrpcService.requestVote(GrpcService.java:204)
	at org.apache.ratis.server.impl.LeaderElection.lambda$submitRequests$1(LeaderElection.java:234)
	at java.util.concurrent.FutureTask.run(FutureTask.java:266)
	at java.util.concurrent.Executors$RunnableAdapter.call(Executors.java:511)
	at java.util.concurrent.FutureTask.run(FutureTask.java:266)
	at java.util.concurrent.ThreadPoolExecutor.runWorker(ThreadPoolExecutor.java:1149)
	at java.util.concurrent.ThreadPoolExecutor$Worker.run(ThreadPoolExecutor.java:624)
	... 1 more
Caused by: org.apache.ratis.thirdparty.io.netty.channel.AbstractChannel$AnnotatedConnectException: Connection refused: /192.168.164.193:43902
	at sun.nio.ch.SocketChannelImpl.checkConnect(Native Method)
	at sun.nio.ch.SocketChannelImpl.finishConnect(SocketChannelImpl.java:717)
	at org.apache.ratis.thirdparty.io.netty.channel.socket.nio.NioSocketChannel.doFinishConnect(NioSocketChannel.java:327)
	at org.apache.ratis.thirdparty.io.netty.channel.nio.AbstractNioChannel$AbstractNioUnsafe.finishConnect(AbstractNioChannel.java:340)
	at org.apache.ratis.thirdparty.io.netty.channel.nio.NioEventLoop.processSelectedKey(NioEventLoop.java:632)
	at org.apache.ratis.thirdparty.io.netty.channel.nio.NioEventLoop.processSelectedKeysOptimized(NioEventLoop.java:579)
	at org.apache.ratis.thirdparty.io.netty.channel.nio.NioEventLoop.processSelectedKeys(NioEventLoop.java:496)
	at org.apache.ratis.thirdparty.io.netty.channel.nio.NioEventLoop.run(NioEventLoop.java:458)
	at org.apache.ratis.thirdparty.io.netty.util.concurrent.SingleThreadEventExecutor$5.run(SingleThreadEventExecutor.java:897)
	at org.apache.ratis.thirdparty.io.netty.util.concurrent.FastThreadLocalRunnable.run(FastThreadLocalRunnable.java:30)
	... 1 more
Caused by: java.net.ConnectException: Connection refused
	... 11 more
2019-10-28 11:45:15,481 [84f4174e-6bb9-44ab-a36a-6c5af4251c6f@group-48B29381066B-LeaderElection183] INFO  impl.LeaderElection (LogUtils.java:infoOrTrace(149)) - 84f4174e-6bb9-44ab-a36a-6c5af4251c6f@group-48B29381066B-LeaderElection183 got exception when requesting votes: {}
java.util.concurrent.ExecutionException: org.apache.ratis.thirdparty.io.grpc.StatusRuntimeException: UNAVAILABLE: io exception
	at java.util.concurrent.FutureTask.report(FutureTask.java:122)
	at java.util.concurrent.FutureTask.get(FutureTask.java:192)
	at org.apache.ratis.server.impl.LeaderElection.waitForResults(LeaderElection.java:259)
	at org.apache.ratis.server.impl.LeaderElection.askForVotes(LeaderElection.java:197)
	at org.apache.ratis.server.impl.LeaderElection.run(LeaderElection.java:133)
	at java.lang.Thread.run(Thread.java:748)
Caused by: org.apache.ratis.thirdparty.io.grpc.StatusRuntimeException: UNAVAILABLE: io exception
	at org.apache.ratis.thirdparty.io.grpc.stub.ClientCalls.toStatusRuntimeException(ClientCalls.java:233)
	at org.apache.ratis.thirdparty.io.grpc.stub.ClientCalls.getUnchecked(ClientCalls.java:214)
	at org.apache.ratis.thirdparty.io.grpc.stub.ClientCalls.blockingUnaryCall(ClientCalls.java:139)
	at org.apache.ratis.proto.grpc.RaftServerProtocolServiceGrpc$RaftServerProtocolServiceBlockingStub.requestVote(RaftServerProtocolServiceGrpc.java:265)
	at org.apache.ratis.grpc.server.GrpcServerProtocolClient.requestVote(GrpcServerProtocolClient.java:99)
	at org.apache.ratis.grpc.server.GrpcService.requestVote(GrpcService.java:204)
	at org.apache.ratis.server.impl.LeaderElection.lambda$submitRequests$1(LeaderElection.java:234)
	at java.util.concurrent.FutureTask.run(FutureTask.java:266)
	at java.util.concurrent.Executors$RunnableAdapter.call(Executors.java:511)
	at java.util.concurrent.FutureTask.run(FutureTask.java:266)
	at java.util.concurrent.ThreadPoolExecutor.runWorker(ThreadPoolExecutor.java:1149)
	at java.util.concurrent.ThreadPoolExecutor$Worker.run(ThreadPoolExecutor.java:624)
	... 1 more
Caused by: org.apache.ratis.thirdparty.io.netty.channel.AbstractChannel$AnnotatedConnectException: Connection refused: /192.168.164.193:43079
	at sun.nio.ch.SocketChannelImpl.checkConnect(Native Method)
	at sun.nio.ch.SocketChannelImpl.finishConnect(SocketChannelImpl.java:717)
	at org.apache.ratis.thirdparty.io.netty.channel.socket.nio.NioSocketChannel.doFinishConnect(NioSocketChannel.java:327)
	at org.apache.ratis.thirdparty.io.netty.channel.nio.AbstractNioChannel$AbstractNioUnsafe.finishConnect(AbstractNioChannel.java:340)
	at org.apache.ratis.thirdparty.io.netty.channel.nio.NioEventLoop.processSelectedKey(NioEventLoop.java:632)
	at org.apache.ratis.thirdparty.io.netty.channel.nio.NioEventLoop.processSelectedKeysOptimized(NioEventLoop.java:579)
	at org.apache.ratis.thirdparty.io.netty.channel.nio.NioEventLoop.processSelectedKeys(NioEventLoop.java:496)
	at org.apache.ratis.thirdparty.io.netty.channel.nio.NioEventLoop.run(NioEventLoop.java:458)
	at org.apache.ratis.thirdparty.io.netty.util.concurrent.SingleThreadEventExecutor$5.run(SingleThreadEventExecutor.java:897)
	at org.apache.ratis.thirdparty.io.netty.util.concurrent.FastThreadLocalRunnable.run(FastThreadLocalRunnable.java:30)
	... 1 more
Caused by: java.net.ConnectException: Connection refused
	... 11 more
2019-10-28 11:45:15,484 [84f4174e-6bb9-44ab-a36a-6c5af4251c6f@group-48B29381066B-LeaderElection183] INFO  impl.LeaderElection (LeaderElection.java:logAndReturn(56)) - 84f4174e-6bb9-44ab-a36a-6c5af4251c6f@group-48B29381066B-LeaderElection183: Election REJECTED; received 0 response(s) [] and 2 exception(s); 84f4174e-6bb9-44ab-a36a-6c5af4251c6f@group-48B29381066B:t9, leader=null, voted=84f4174e-6bb9-44ab-a36a-6c5af4251c6f, raftlog=84f4174e-6bb9-44ab-a36a-6c5af4251c6f@group-48B29381066B-SegmentedRaftLog:OPENED:c10,f10,i10, conf=9: [66cf3979-81da-4155-81a0-3dd54985f91a:192.168.164.193:43079, 84f4174e-6bb9-44ab-a36a-6c5af4251c6f:192.168.164.193:40080, a480340b-d1a5-4cd0-bc20-ae63b012c3c7:192.168.164.193:43902], old=null
2019-10-28 11:45:15,484 [84f4174e-6bb9-44ab-a36a-6c5af4251c6f@group-48B29381066B-LeaderElection183] INFO  impl.LeaderElection (LogUtils.java:infoOrTrace(149)) -   Exception 0: {}
java.util.concurrent.ExecutionException: org.apache.ratis.thirdparty.io.grpc.StatusRuntimeException: UNAVAILABLE: io exception
	at java.util.concurrent.FutureTask.report(FutureTask.java:122)
	at java.util.concurrent.FutureTask.get(FutureTask.java:192)
	at org.apache.ratis.server.impl.LeaderElection.waitForResults(LeaderElection.java:259)
	at org.apache.ratis.server.impl.LeaderElection.askForVotes(LeaderElection.java:197)
	at org.apache.ratis.server.impl.LeaderElection.run(LeaderElection.java:133)
	at java.lang.Thread.run(Thread.java:748)
Caused by: org.apache.ratis.thirdparty.io.grpc.StatusRuntimeException: UNAVAILABLE: io exception
	at org.apache.ratis.thirdparty.io.grpc.stub.ClientCalls.toStatusRuntimeException(ClientCalls.java:233)
	at org.apache.ratis.thirdparty.io.grpc.stub.ClientCalls.getUnchecked(ClientCalls.java:214)
	at org.apache.ratis.thirdparty.io.grpc.stub.ClientCalls.blockingUnaryCall(ClientCalls.java:139)
	at org.apache.ratis.proto.grpc.RaftServerProtocolServiceGrpc$RaftServerProtocolServiceBlockingStub.requestVote(RaftServerProtocolServiceGrpc.java:265)
	at org.apache.ratis.grpc.server.GrpcServerProtocolClient.requestVote(GrpcServerProtocolClient.java:99)
	at org.apache.ratis.grpc.server.GrpcService.requestVote(GrpcService.java:204)
	at org.apache.ratis.server.impl.LeaderElection.lambda$submitRequests$1(LeaderElection.java:234)
	at java.util.concurrent.FutureTask.run(FutureTask.java:266)
	at java.util.concurrent.Executors$RunnableAdapter.call(Executors.java:511)
	at java.util.concurrent.FutureTask.run(FutureTask.java:266)
	at java.util.concurrent.ThreadPoolExecutor.runWorker(ThreadPoolExecutor.java:1149)
	at java.util.concurrent.ThreadPoolExecutor$Worker.run(ThreadPoolExecutor.java:624)
	... 1 more
Caused by: org.apache.ratis.thirdparty.io.netty.channel.AbstractChannel$AnnotatedConnectException: Connection refused: /192.168.164.193:43902
	at sun.nio.ch.SocketChannelImpl.checkConnect(Native Method)
	at sun.nio.ch.SocketChannelImpl.finishConnect(SocketChannelImpl.java:717)
	at org.apache.ratis.thirdparty.io.netty.channel.socket.nio.NioSocketChannel.doFinishConnect(NioSocketChannel.java:327)
	at org.apache.ratis.thirdparty.io.netty.channel.nio.AbstractNioChannel$AbstractNioUnsafe.finishConnect(AbstractNioChannel.java:340)
	at org.apache.ratis.thirdparty.io.netty.channel.nio.NioEventLoop.processSelectedKey(NioEventLoop.java:632)
	at org.apache.ratis.thirdparty.io.netty.channel.nio.NioEventLoop.processSelectedKeysOptimized(NioEventLoop.java:579)
	at org.apache.ratis.thirdparty.io.netty.channel.nio.NioEventLoop.processSelectedKeys(NioEventLoop.java:496)
	at org.apache.ratis.thirdparty.io.netty.channel.nio.NioEventLoop.run(NioEventLoop.java:458)
	at org.apache.ratis.thirdparty.io.netty.util.concurrent.SingleThreadEventExecutor$5.run(SingleThreadEventExecutor.java:897)
	at org.apache.ratis.thirdparty.io.netty.util.concurrent.FastThreadLocalRunnable.run(FastThreadLocalRunnable.java:30)
	... 1 more
Caused by: java.net.ConnectException: Connection refused
	... 11 more
2019-10-28 11:45:15,485 [84f4174e-6bb9-44ab-a36a-6c5af4251c6f@group-48B29381066B-LeaderElection183] INFO  impl.LeaderElection (LogUtils.java:infoOrTrace(149)) -   Exception 1: {}
java.util.concurrent.ExecutionException: org.apache.ratis.thirdparty.io.grpc.StatusRuntimeException: UNAVAILABLE: io exception
	at java.util.concurrent.FutureTask.report(FutureTask.java:122)
	at java.util.concurrent.FutureTask.get(FutureTask.java:192)
	at org.apache.ratis.server.impl.LeaderElection.waitForResults(LeaderElection.java:259)
	at org.apache.ratis.server.impl.LeaderElection.askForVotes(LeaderElection.java:197)
	at org.apache.ratis.server.impl.LeaderElection.run(LeaderElection.java:133)
	at java.lang.Thread.run(Thread.java:748)
Caused by: org.apache.ratis.thirdparty.io.grpc.StatusRuntimeException: UNAVAILABLE: io exception
	at org.apache.ratis.thirdparty.io.grpc.stub.ClientCalls.toStatusRuntimeException(ClientCalls.java:233)
	at org.apache.ratis.thirdparty.io.grpc.stub.ClientCalls.getUnchecked(ClientCalls.java:214)
	at org.apache.ratis.thirdparty.io.grpc.stub.ClientCalls.blockingUnaryCall(ClientCalls.java:139)
	at org.apache.ratis.proto.grpc.RaftServerProtocolServiceGrpc$RaftServerProtocolServiceBlockingStub.requestVote(RaftServerProtocolServiceGrpc.java:265)
	at org.apache.ratis.grpc.server.GrpcServerProtocolClient.requestVote(GrpcServerProtocolClient.java:99)
	at org.apache.ratis.grpc.server.GrpcService.requestVote(GrpcService.java:204)
	at org.apache.ratis.server.impl.LeaderElection.lambda$submitRequests$1(LeaderElection.java:234)
	at java.util.concurrent.FutureTask.run(FutureTask.java:266)
	at java.util.concurrent.Executors$RunnableAdapter.call(Executors.java:511)
	at java.util.concurrent.FutureTask.run(FutureTask.java:266)
	at java.util.concurrent.ThreadPoolExecutor.runWorker(ThreadPoolExecutor.java:1149)
	at java.util.concurrent.ThreadPoolExecutor$Worker.run(ThreadPoolExecutor.java:624)
	... 1 more
Caused by: org.apache.ratis.thirdparty.io.netty.channel.AbstractChannel$AnnotatedConnectException: Connection refused: /192.168.164.193:43079
	at sun.nio.ch.SocketChannelImpl.checkConnect(Native Method)
	at sun.nio.ch.SocketChannelImpl.finishConnect(SocketChannelImpl.java:717)
	at org.apache.ratis.thirdparty.io.netty.channel.socket.nio.NioSocketChannel.doFinishConnect(NioSocketChannel.java:327)
	at org.apache.ratis.thirdparty.io.netty.channel.nio.AbstractNioChannel$AbstractNioUnsafe.finishConnect(AbstractNioChannel.java:340)
	at org.apache.ratis.thirdparty.io.netty.channel.nio.NioEventLoop.processSelectedKey(NioEventLoop.java:632)
	at org.apache.ratis.thirdparty.io.netty.channel.nio.NioEventLoop.processSelectedKeysOptimized(NioEventLoop.java:579)
	at org.apache.ratis.thirdparty.io.netty.channel.nio.NioEventLoop.processSelectedKeys(NioEventLoop.java:496)
	at org.apache.ratis.thirdparty.io.netty.channel.nio.NioEventLoop.run(NioEventLoop.java:458)
	at org.apache.ratis.thirdparty.io.netty.util.concurrent.SingleThreadEventExecutor$5.run(SingleThreadEventExecutor.java:897)
	at org.apache.ratis.thirdparty.io.netty.util.concurrent.FastThreadLocalRunnable.run(FastThreadLocalRunnable.java:30)
	... 1 more
Caused by: java.net.ConnectException: Connection refused
	... 11 more
2019-10-28 11:45:15,485 [84f4174e-6bb9-44ab-a36a-6c5af4251c6f@group-48B29381066B-LeaderElection183] INFO  impl.RaftServerImpl (RaftServerImpl.java:setRole(184)) - 84f4174e-6bb9-44ab-a36a-6c5af4251c6f@group-48B29381066B: changes role from CANDIDATE to FOLLOWER at term 9 for DISCOVERED_A_NEW_TERM
2019-10-28 11:45:15,485 [84f4174e-6bb9-44ab-a36a-6c5af4251c6f@group-48B29381066B-LeaderElection183] INFO  impl.RoleInfo (RoleInfo.java:shutdownLeaderElection(134)) - 84f4174e-6bb9-44ab-a36a-6c5af4251c6f: shutdown LeaderElection
2019-10-28 11:45:15,486 [84f4174e-6bb9-44ab-a36a-6c5af4251c6f@group-48B29381066B-LeaderElection183] INFO  impl.RoleInfo (RoleInfo.java:updateAndGet(143)) - 84f4174e-6bb9-44ab-a36a-6c5af4251c6f: start FollowerState
2019-10-28 11:45:15,590 [java.util.concurrent.ThreadPoolExecutor$Worker@2f1242dc[State = -1, empty queue]] WARN  server.GrpcLogAppender (GrpcLogAppender.java:timeoutAppendRequest(209)) - 03d0ba9c-9a68-4db9-a306-0d67556dce53@group-0EDA3E4540D0->21e5d428-bfa8-41d9-bec1-e8e8886ad03a-GrpcLogAppender: appendEntries Timeout, request=03d0ba9c-9a68-4db9-a306-0d67556dce53->21e5d428-bfa8-41d9-bec1-e8e8886ad03a#4-t2, previous=(t:1, i:4), leaderCommit=6, initializing? false, entries: <empty>
2019-10-28 11:45:15,608 [java.util.concurrent.ThreadPoolExecutor$Worker@7499a2be[State = -1, empty queue]] WARN  server.GrpcLogAppender (GrpcLogAppender.java:timeoutAppendRequest(209)) - 03d0ba9c-9a68-4db9-a306-0d67556dce53@group-0EDA3E4540D0->31ceb61f-dd6d-4279-87bc-0b070a534ff8-GrpcLogAppender: appendEntries Timeout, request=03d0ba9c-9a68-4db9-a306-0d67556dce53->31ceb61f-dd6d-4279-87bc-0b070a534ff8#26-t2, previous=(t:2, i:6), leaderCommit=6, initializing? false, entries: <empty>
2019-10-28 11:45:15,615 [Datanode State Machine Thread - 0] INFO  statemachine.DatanodeStateMachine (DatanodeStateMachine.java:lambda$startDaemon$0(350)) - Ozone container server started.
2019-10-28 11:45:16,109 [java.util.concurrent.ThreadPoolExecutor$Worker@7499a2be[State = -1, empty queue]] WARN  server.GrpcLogAppender (GrpcLogAppender.java:timeoutAppendRequest(209)) - 03d0ba9c-9a68-4db9-a306-0d67556dce53@group-0EDA3E4540D0->31ceb61f-dd6d-4279-87bc-0b070a534ff8-GrpcLogAppender: appendEntries Timeout, request=03d0ba9c-9a68-4db9-a306-0d67556dce53->31ceb61f-dd6d-4279-87bc-0b070a534ff8#27-t2, previous=(t:2, i:6), leaderCommit=6, initializing? false, entries: <empty>
2019-10-28 11:45:16,562 [Thread-2640] INFO  impl.FollowerState (FollowerState.java:run(108)) - 84f4174e-6bb9-44ab-a36a-6c5af4251c6f@group-48B29381066B-FollowerState: change to CANDIDATE, lastRpcTime:1076ms, electionTimeout:1076ms
2019-10-28 11:45:16,562 [Thread-2640] INFO  impl.RoleInfo (RoleInfo.java:shutdownFollowerState(121)) - 84f4174e-6bb9-44ab-a36a-6c5af4251c6f: shutdown FollowerState
2019-10-28 11:45:16,562 [Thread-2640] INFO  impl.RaftServerImpl (RaftServerImpl.java:setRole(184)) - 84f4174e-6bb9-44ab-a36a-6c5af4251c6f@group-48B29381066B: changes role from  FOLLOWER to CANDIDATE at term 9 for changeToCandidate
2019-10-28 11:45:16,562 [Thread-2640] INFO  impl.RoleInfo (RoleInfo.java:updateAndGet(143)) - 84f4174e-6bb9-44ab-a36a-6c5af4251c6f: start LeaderElection
2019-10-28 11:45:16,576 [84f4174e-6bb9-44ab-a36a-6c5af4251c6f@group-48B29381066B-LeaderElection184] INFO  impl.LeaderElection (LeaderElection.java:askForVotes(178)) - 84f4174e-6bb9-44ab-a36a-6c5af4251c6f@group-48B29381066B-LeaderElection184: begin an election at term 10 for 9: [66cf3979-81da-4155-81a0-3dd54985f91a:192.168.164.193:43079, 84f4174e-6bb9-44ab-a36a-6c5af4251c6f:192.168.164.193:40080, a480340b-d1a5-4cd0-bc20-ae63b012c3c7:192.168.164.193:43902], old=null
2019-10-28 11:45:16,577 [84f4174e-6bb9-44ab-a36a-6c5af4251c6f@group-48B29381066B-LeaderElection184] INFO  impl.LeaderElection (LogUtils.java:infoOrTrace(149)) - 84f4174e-6bb9-44ab-a36a-6c5af4251c6f@group-48B29381066B-LeaderElection184 got exception when requesting votes: {}
java.util.concurrent.ExecutionException: org.apache.ratis.thirdparty.io.grpc.StatusRuntimeException: UNAVAILABLE: io exception
	at java.util.concurrent.FutureTask.report(FutureTask.java:122)
	at java.util.concurrent.FutureTask.get(FutureTask.java:192)
	at org.apache.ratis.server.impl.LeaderElection.waitForResults(LeaderElection.java:259)
	at org.apache.ratis.server.impl.LeaderElection.askForVotes(LeaderElection.java:197)
	at org.apache.ratis.server.impl.LeaderElection.run(LeaderElection.java:133)
	at java.lang.Thread.run(Thread.java:748)
Caused by: org.apache.ratis.thirdparty.io.grpc.StatusRuntimeException: UNAVAILABLE: io exception
	at org.apache.ratis.thirdparty.io.grpc.stub.ClientCalls.toStatusRuntimeException(ClientCalls.java:233)
	at org.apache.ratis.thirdparty.io.grpc.stub.ClientCalls.getUnchecked(ClientCalls.java:214)
	at org.apache.ratis.thirdparty.io.grpc.stub.ClientCalls.blockingUnaryCall(ClientCalls.java:139)
	at org.apache.ratis.proto.grpc.RaftServerProtocolServiceGrpc$RaftServerProtocolServiceBlockingStub.requestVote(RaftServerProtocolServiceGrpc.java:265)
	at org.apache.ratis.grpc.server.GrpcServerProtocolClient.requestVote(GrpcServerProtocolClient.java:99)
	at org.apache.ratis.grpc.server.GrpcService.requestVote(GrpcService.java:204)
	at org.apache.ratis.server.impl.LeaderElection.lambda$submitRequests$1(LeaderElection.java:234)
	at java.util.concurrent.FutureTask.run(FutureTask.java:266)
	at java.util.concurrent.Executors$RunnableAdapter.call(Executors.java:511)
	at java.util.concurrent.FutureTask.run(FutureTask.java:266)
	at java.util.concurrent.ThreadPoolExecutor.runWorker(ThreadPoolExecutor.java:1149)
	at java.util.concurrent.ThreadPoolExecutor$Worker.run(ThreadPoolExecutor.java:624)
	... 1 more
Caused by: org.apache.ratis.thirdparty.io.netty.channel.AbstractChannel$AnnotatedConnectException: Connection refused: /192.168.164.193:43902
	at sun.nio.ch.SocketChannelImpl.checkConnect(Native Method)
	at sun.nio.ch.SocketChannelImpl.finishConnect(SocketChannelImpl.java:717)
	at org.apache.ratis.thirdparty.io.netty.channel.socket.nio.NioSocketChannel.doFinishConnect(NioSocketChannel.java:327)
	at org.apache.ratis.thirdparty.io.netty.channel.nio.AbstractNioChannel$AbstractNioUnsafe.finishConnect(AbstractNioChannel.java:340)
	at org.apache.ratis.thirdparty.io.netty.channel.nio.NioEventLoop.processSelectedKey(NioEventLoop.java:632)
	at org.apache.ratis.thirdparty.io.netty.channel.nio.NioEventLoop.processSelectedKeysOptimized(NioEventLoop.java:579)
	at org.apache.ratis.thirdparty.io.netty.channel.nio.NioEventLoop.processSelectedKeys(NioEventLoop.java:496)
	at org.apache.ratis.thirdparty.io.netty.channel.nio.NioEventLoop.run(NioEventLoop.java:458)
	at org.apache.ratis.thirdparty.io.netty.util.concurrent.SingleThreadEventExecutor$5.run(SingleThreadEventExecutor.java:897)
	at org.apache.ratis.thirdparty.io.netty.util.concurrent.FastThreadLocalRunnable.run(FastThreadLocalRunnable.java:30)
	... 1 more
Caused by: java.net.ConnectException: Connection refused
	... 11 more
2019-10-28 11:45:16,579 [84f4174e-6bb9-44ab-a36a-6c5af4251c6f@group-48B29381066B-LeaderElection184] INFO  impl.LeaderElection (LogUtils.java:infoOrTrace(149)) - 84f4174e-6bb9-44ab-a36a-6c5af4251c6f@group-48B29381066B-LeaderElection184 got exception when requesting votes: {}
java.util.concurrent.ExecutionException: org.apache.ratis.thirdparty.io.grpc.StatusRuntimeException: UNAVAILABLE: io exception
	at java.util.concurrent.FutureTask.report(FutureTask.java:122)
	at java.util.concurrent.FutureTask.get(FutureTask.java:192)
	at org.apache.ratis.server.impl.LeaderElection.waitForResults(LeaderElection.java:259)
	at org.apache.ratis.server.impl.LeaderElection.askForVotes(LeaderElection.java:197)
	at org.apache.ratis.server.impl.LeaderElection.run(LeaderElection.java:133)
	at java.lang.Thread.run(Thread.java:748)
Caused by: org.apache.ratis.thirdparty.io.grpc.StatusRuntimeException: UNAVAILABLE: io exception
	at org.apache.ratis.thirdparty.io.grpc.stub.ClientCalls.toStatusRuntimeException(ClientCalls.java:233)
	at org.apache.ratis.thirdparty.io.grpc.stub.ClientCalls.getUnchecked(ClientCalls.java:214)
	at org.apache.ratis.thirdparty.io.grpc.stub.ClientCalls.blockingUnaryCall(ClientCalls.java:139)
	at org.apache.ratis.proto.grpc.RaftServerProtocolServiceGrpc$RaftServerProtocolServiceBlockingStub.requestVote(RaftServerProtocolServiceGrpc.java:265)
	at org.apache.ratis.grpc.server.GrpcServerProtocolClient.requestVote(GrpcServerProtocolClient.java:99)
	at org.apache.ratis.grpc.server.GrpcService.requestVote(GrpcService.java:204)
	at org.apache.ratis.server.impl.LeaderElection.lambda$submitRequests$1(LeaderElection.java:234)
	at java.util.concurrent.FutureTask.run(FutureTask.java:266)
	at java.util.concurrent.Executors$RunnableAdapter.call(Executors.java:511)
	at java.util.concurrent.FutureTask.run(FutureTask.java:266)
	at java.util.concurrent.ThreadPoolExecutor.runWorker(ThreadPoolExecutor.java:1149)
	at java.util.concurrent.ThreadPoolExecutor$Worker.run(ThreadPoolExecutor.java:624)
	... 1 more
Caused by: org.apache.ratis.thirdparty.io.netty.channel.AbstractChannel$AnnotatedConnectException: Connection refused: /192.168.164.193:43079
	at sun.nio.ch.SocketChannelImpl.checkConnect(Native Method)
	at sun.nio.ch.SocketChannelImpl.finishConnect(SocketChannelImpl.java:717)
	at org.apache.ratis.thirdparty.io.netty.channel.socket.nio.NioSocketChannel.doFinishConnect(NioSocketChannel.java:327)
	at org.apache.ratis.thirdparty.io.netty.channel.nio.AbstractNioChannel$AbstractNioUnsafe.finishConnect(AbstractNioChannel.java:340)
	at org.apache.ratis.thirdparty.io.netty.channel.nio.NioEventLoop.processSelectedKey(NioEventLoop.java:632)
	at org.apache.ratis.thirdparty.io.netty.channel.nio.NioEventLoop.processSelectedKeysOptimized(NioEventLoop.java:579)
	at org.apache.ratis.thirdparty.io.netty.channel.nio.NioEventLoop.processSelectedKeys(NioEventLoop.java:496)
	at org.apache.ratis.thirdparty.io.netty.channel.nio.NioEventLoop.run(NioEventLoop.java:458)
	at org.apache.ratis.thirdparty.io.netty.util.concurrent.SingleThreadEventExecutor$5.run(SingleThreadEventExecutor.java:897)
	at org.apache.ratis.thirdparty.io.netty.util.concurrent.FastThreadLocalRunnable.run(FastThreadLocalRunnable.java:30)
	... 1 more
Caused by: java.net.ConnectException: Connection refused
	... 11 more
2019-10-28 11:45:16,580 [84f4174e-6bb9-44ab-a36a-6c5af4251c6f@group-48B29381066B-LeaderElection184] INFO  impl.LeaderElection (LeaderElection.java:logAndReturn(56)) - 84f4174e-6bb9-44ab-a36a-6c5af4251c6f@group-48B29381066B-LeaderElection184: Election REJECTED; received 0 response(s) [] and 2 exception(s); 84f4174e-6bb9-44ab-a36a-6c5af4251c6f@group-48B29381066B:t10, leader=null, voted=84f4174e-6bb9-44ab-a36a-6c5af4251c6f, raftlog=84f4174e-6bb9-44ab-a36a-6c5af4251c6f@group-48B29381066B-SegmentedRaftLog:OPENED:c10,f10,i10, conf=9: [66cf3979-81da-4155-81a0-3dd54985f91a:192.168.164.193:43079, 84f4174e-6bb9-44ab-a36a-6c5af4251c6f:192.168.164.193:40080, a480340b-d1a5-4cd0-bc20-ae63b012c3c7:192.168.164.193:43902], old=null
2019-10-28 11:45:16,580 [84f4174e-6bb9-44ab-a36a-6c5af4251c6f@group-48B29381066B-LeaderElection184] INFO  impl.LeaderElection (LogUtils.java:infoOrTrace(149)) -   Exception 0: {}
java.util.concurrent.ExecutionException: org.apache.ratis.thirdparty.io.grpc.StatusRuntimeException: UNAVAILABLE: io exception
	at java.util.concurrent.FutureTask.report(FutureTask.java:122)
	at java.util.concurrent.FutureTask.get(FutureTask.java:192)
	at org.apache.ratis.server.impl.LeaderElection.waitForResults(LeaderElection.java:259)
	at org.apache.ratis.server.impl.LeaderElection.askForVotes(LeaderElection.java:197)
	at org.apache.ratis.server.impl.LeaderElection.run(LeaderElection.java:133)
	at java.lang.Thread.run(Thread.java:748)
Caused by: org.apache.ratis.thirdparty.io.grpc.StatusRuntimeException: UNAVAILABLE: io exception
	at org.apache.ratis.thirdparty.io.grpc.stub.ClientCalls.toStatusRuntimeException(ClientCalls.java:233)
	at org.apache.ratis.thirdparty.io.grpc.stub.ClientCalls.getUnchecked(ClientCalls.java:214)
	at org.apache.ratis.thirdparty.io.grpc.stub.ClientCalls.blockingUnaryCall(ClientCalls.java:139)
	at org.apache.ratis.proto.grpc.RaftServerProtocolServiceGrpc$RaftServerProtocolServiceBlockingStub.requestVote(RaftServerProtocolServiceGrpc.java:265)
	at org.apache.ratis.grpc.server.GrpcServerProtocolClient.requestVote(GrpcServerProtocolClient.java:99)
	at org.apache.ratis.grpc.server.GrpcService.requestVote(GrpcService.java:204)
	at org.apache.ratis.server.impl.LeaderElection.lambda$submitRequests$1(LeaderElection.java:234)
	at java.util.concurrent.FutureTask.run(FutureTask.java:266)
	at java.util.concurrent.Executors$RunnableAdapter.call(Executors.java:511)
	at java.util.concurrent.FutureTask.run(FutureTask.java:266)
	at java.util.concurrent.ThreadPoolExecutor.runWorker(ThreadPoolExecutor.java:1149)
	at java.util.concurrent.ThreadPoolExecutor$Worker.run(ThreadPoolExecutor.java:624)
	... 1 more
Caused by: org.apache.ratis.thirdparty.io.netty.channel.AbstractChannel$AnnotatedConnectException: Connection refused: /192.168.164.193:43902
	at sun.nio.ch.SocketChannelImpl.checkConnect(Native Method)
	at sun.nio.ch.SocketChannelImpl.finishConnect(SocketChannelImpl.java:717)
	at org.apache.ratis.thirdparty.io.netty.channel.socket.nio.NioSocketChannel.doFinishConnect(NioSocketChannel.java:327)
	at org.apache.ratis.thirdparty.io.netty.channel.nio.AbstractNioChannel$AbstractNioUnsafe.finishConnect(AbstractNioChannel.java:340)
	at org.apache.ratis.thirdparty.io.netty.channel.nio.NioEventLoop.processSelectedKey(NioEventLoop.java:632)
	at org.apache.ratis.thirdparty.io.netty.channel.nio.NioEventLoop.processSelectedKeysOptimized(NioEventLoop.java:579)
	at org.apache.ratis.thirdparty.io.netty.channel.nio.NioEventLoop.processSelectedKeys(NioEventLoop.java:496)
	at org.apache.ratis.thirdparty.io.netty.channel.nio.NioEventLoop.run(NioEventLoop.java:458)
	at org.apache.ratis.thirdparty.io.netty.util.concurrent.SingleThreadEventExecutor$5.run(SingleThreadEventExecutor.java:897)
	at org.apache.ratis.thirdparty.io.netty.util.concurrent.FastThreadLocalRunnable.run(FastThreadLocalRunnable.java:30)
	... 1 more
Caused by: java.net.ConnectException: Connection refused
	... 11 more
2019-10-28 11:45:16,580 [84f4174e-6bb9-44ab-a36a-6c5af4251c6f@group-48B29381066B-LeaderElection184] INFO  impl.LeaderElection (LogUtils.java:infoOrTrace(149)) -   Exception 1: {}
java.util.concurrent.ExecutionException: org.apache.ratis.thirdparty.io.grpc.StatusRuntimeException: UNAVAILABLE: io exception
	at java.util.concurrent.FutureTask.report(FutureTask.java:122)
	at java.util.concurrent.FutureTask.get(FutureTask.java:192)
	at org.apache.ratis.server.impl.LeaderElection.waitForResults(LeaderElection.java:259)
	at org.apache.ratis.server.impl.LeaderElection.askForVotes(LeaderElection.java:197)
	at org.apache.ratis.server.impl.LeaderElection.run(LeaderElection.java:133)
	at java.lang.Thread.run(Thread.java:748)
Caused by: org.apache.ratis.thirdparty.io.grpc.StatusRuntimeException: UNAVAILABLE: io exception
	at org.apache.ratis.thirdparty.io.grpc.stub.ClientCalls.toStatusRuntimeException(ClientCalls.java:233)
	at org.apache.ratis.thirdparty.io.grpc.stub.ClientCalls.getUnchecked(ClientCalls.java:214)
	at org.apache.ratis.thirdparty.io.grpc.stub.ClientCalls.blockingUnaryCall(ClientCalls.java:139)
	at org.apache.ratis.proto.grpc.RaftServerProtocolServiceGrpc$RaftServerProtocolServiceBlockingStub.requestVote(RaftServerProtocolServiceGrpc.java:265)
	at org.apache.ratis.grpc.server.GrpcServerProtocolClient.requestVote(GrpcServerProtocolClient.java:99)
	at org.apache.ratis.grpc.server.GrpcService.requestVote(GrpcService.java:204)
	at org.apache.ratis.server.impl.LeaderElection.lambda$submitRequests$1(LeaderElection.java:234)
	at java.util.concurrent.FutureTask.run(FutureTask.java:266)
	at java.util.concurrent.Executors$RunnableAdapter.call(Executors.java:511)
	at java.util.concurrent.FutureTask.run(FutureTask.java:266)
	at java.util.concurrent.ThreadPoolExecutor.runWorker(ThreadPoolExecutor.java:1149)
	at java.util.concurrent.ThreadPoolExecutor$Worker.run(ThreadPoolExecutor.java:624)
	... 1 more
Caused by: org.apache.ratis.thirdparty.io.netty.channel.AbstractChannel$AnnotatedConnectException: Connection refused: /192.168.164.193:43079
	at sun.nio.ch.SocketChannelImpl.checkConnect(Native Method)
	at sun.nio.ch.SocketChannelImpl.finishConnect(SocketChannelImpl.java:717)
	at org.apache.ratis.thirdparty.io.netty.channel.socket.nio.NioSocketChannel.doFinishConnect(NioSocketChannel.java:327)
	at org.apache.ratis.thirdparty.io.netty.channel.nio.AbstractNioChannel$AbstractNioUnsafe.finishConnect(AbstractNioChannel.java:340)
	at org.apache.ratis.thirdparty.io.netty.channel.nio.NioEventLoop.processSelectedKey(NioEventLoop.java:632)
	at org.apache.ratis.thirdparty.io.netty.channel.nio.NioEventLoop.processSelectedKeysOptimized(NioEventLoop.java:579)
	at org.apache.ratis.thirdparty.io.netty.channel.nio.NioEventLoop.processSelectedKeys(NioEventLoop.java:496)
	at org.apache.ratis.thirdparty.io.netty.channel.nio.NioEventLoop.run(NioEventLoop.java:458)
	at org.apache.ratis.thirdparty.io.netty.util.concurrent.SingleThreadEventExecutor$5.run(SingleThreadEventExecutor.java:897)
	at org.apache.ratis.thirdparty.io.netty.util.concurrent.FastThreadLocalRunnable.run(FastThreadLocalRunnable.java:30)
	... 1 more
Caused by: java.net.ConnectException: Connection refused
	... 11 more
2019-10-28 11:45:16,580 [84f4174e-6bb9-44ab-a36a-6c5af4251c6f@group-48B29381066B-LeaderElection184] INFO  impl.RaftServerImpl (RaftServerImpl.java:setRole(184)) - 84f4174e-6bb9-44ab-a36a-6c5af4251c6f@group-48B29381066B: changes role from CANDIDATE to FOLLOWER at term 10 for DISCOVERED_A_NEW_TERM
2019-10-28 11:45:16,580 [84f4174e-6bb9-44ab-a36a-6c5af4251c6f@group-48B29381066B-LeaderElection184] INFO  impl.RoleInfo (RoleInfo.java:shutdownLeaderElection(134)) - 84f4174e-6bb9-44ab-a36a-6c5af4251c6f: shutdown LeaderElection
2019-10-28 11:45:16,581 [84f4174e-6bb9-44ab-a36a-6c5af4251c6f@group-48B29381066B-LeaderElection184] INFO  impl.RoleInfo (RoleInfo.java:updateAndGet(143)) - 84f4174e-6bb9-44ab-a36a-6c5af4251c6f: start FollowerState
2019-10-28 11:45:16,610 [java.util.concurrent.ThreadPoolExecutor$Worker@7499a2be[State = -1, empty queue]] WARN  server.GrpcLogAppender (GrpcLogAppender.java:timeoutAppendRequest(209)) - 03d0ba9c-9a68-4db9-a306-0d67556dce53@group-0EDA3E4540D0->31ceb61f-dd6d-4279-87bc-0b070a534ff8-GrpcLogAppender: appendEntries Timeout, request=03d0ba9c-9a68-4db9-a306-0d67556dce53->31ceb61f-dd6d-4279-87bc-0b070a534ff8#28-t2, previous=(t:2, i:6), leaderCommit=6, initializing? false, entries: <empty>
2019-10-28 11:45:17,111 [java.util.concurrent.ThreadPoolExecutor$Worker@7499a2be[State = -1, empty queue]] WARN  server.GrpcLogAppender (GrpcLogAppender.java:timeoutAppendRequest(209)) - 03d0ba9c-9a68-4db9-a306-0d67556dce53@group-0EDA3E4540D0->31ceb61f-dd6d-4279-87bc-0b070a534ff8-GrpcLogAppender: appendEntries Timeout, request=03d0ba9c-9a68-4db9-a306-0d67556dce53->31ceb61f-dd6d-4279-87bc-0b070a534ff8#29-t2, previous=(t:2, i:6), leaderCommit=6, initializing? false, entries: <empty>
2019-10-28 11:45:17,612 [java.util.concurrent.ThreadPoolExecutor$Worker@7499a2be[State = -1, empty queue]] WARN  server.GrpcLogAppender (GrpcLogAppender.java:timeoutAppendRequest(209)) - 03d0ba9c-9a68-4db9-a306-0d67556dce53@group-0EDA3E4540D0->31ceb61f-dd6d-4279-87bc-0b070a534ff8-GrpcLogAppender: appendEntries Timeout, request=03d0ba9c-9a68-4db9-a306-0d67556dce53->31ceb61f-dd6d-4279-87bc-0b070a534ff8#30-t2, previous=(t:2, i:6), leaderCommit=6, initializing? false, entries: <empty>
2019-10-28 11:45:17,640 [Thread-2644] INFO  impl.FollowerState (FollowerState.java:run(108)) - 84f4174e-6bb9-44ab-a36a-6c5af4251c6f@group-48B29381066B-FollowerState: change to CANDIDATE, lastRpcTime:1059ms, electionTimeout:1059ms
2019-10-28 11:45:17,640 [Thread-2644] INFO  impl.RoleInfo (RoleInfo.java:shutdownFollowerState(121)) - 84f4174e-6bb9-44ab-a36a-6c5af4251c6f: shutdown FollowerState
2019-10-28 11:45:17,641 [Thread-2644] INFO  impl.RaftServerImpl (RaftServerImpl.java:setRole(184)) - 84f4174e-6bb9-44ab-a36a-6c5af4251c6f@group-48B29381066B: changes role from  FOLLOWER to CANDIDATE at term 10 for changeToCandidate
2019-10-28 11:45:17,641 [Thread-2644] INFO  impl.RoleInfo (RoleInfo.java:updateAndGet(143)) - 84f4174e-6bb9-44ab-a36a-6c5af4251c6f: start LeaderElection
2019-10-28 11:45:17,656 [84f4174e-6bb9-44ab-a36a-6c5af4251c6f@group-48B29381066B-LeaderElection185] INFO  impl.LeaderElection (LeaderElection.java:askForVotes(178)) - 84f4174e-6bb9-44ab-a36a-6c5af4251c6f@group-48B29381066B-LeaderElection185: begin an election at term 11 for 9: [66cf3979-81da-4155-81a0-3dd54985f91a:192.168.164.193:43079, 84f4174e-6bb9-44ab-a36a-6c5af4251c6f:192.168.164.193:40080, a480340b-d1a5-4cd0-bc20-ae63b012c3c7:192.168.164.193:43902], old=null
2019-10-28 11:45:17,658 [84f4174e-6bb9-44ab-a36a-6c5af4251c6f@group-48B29381066B-LeaderElection185] INFO  impl.LeaderElection (LogUtils.java:infoOrTrace(149)) - 84f4174e-6bb9-44ab-a36a-6c5af4251c6f@group-48B29381066B-LeaderElection185 got exception when requesting votes: {}
java.util.concurrent.ExecutionException: org.apache.ratis.thirdparty.io.grpc.StatusRuntimeException: UNAVAILABLE: io exception
	at java.util.concurrent.FutureTask.report(FutureTask.java:122)
	at java.util.concurrent.FutureTask.get(FutureTask.java:192)
	at org.apache.ratis.server.impl.LeaderElection.waitForResults(LeaderElection.java:259)
	at org.apache.ratis.server.impl.LeaderElection.askForVotes(LeaderElection.java:197)
	at org.apache.ratis.server.impl.LeaderElection.run(LeaderElection.java:133)
	at java.lang.Thread.run(Thread.java:748)
Caused by: org.apache.ratis.thirdparty.io.grpc.StatusRuntimeException: UNAVAILABLE: io exception
	at org.apache.ratis.thirdparty.io.grpc.stub.ClientCalls.toStatusRuntimeException(ClientCalls.java:233)
	at org.apache.ratis.thirdparty.io.grpc.stub.ClientCalls.getUnchecked(ClientCalls.java:214)
	at org.apache.ratis.thirdparty.io.grpc.stub.ClientCalls.blockingUnaryCall(ClientCalls.java:139)
	at org.apache.ratis.proto.grpc.RaftServerProtocolServiceGrpc$RaftServerProtocolServiceBlockingStub.requestVote(RaftServerProtocolServiceGrpc.java:265)
	at org.apache.ratis.grpc.server.GrpcServerProtocolClient.requestVote(GrpcServerProtocolClient.java:99)
	at org.apache.ratis.grpc.server.GrpcService.requestVote(GrpcService.java:204)
	at org.apache.ratis.server.impl.LeaderElection.lambda$submitRequests$1(LeaderElection.java:234)
	at java.util.concurrent.FutureTask.run(FutureTask.java:266)
	at java.util.concurrent.Executors$RunnableAdapter.call(Executors.java:511)
	at java.util.concurrent.FutureTask.run(FutureTask.java:266)
	at java.util.concurrent.ThreadPoolExecutor.runWorker(ThreadPoolExecutor.java:1149)
	at java.util.concurrent.ThreadPoolExecutor$Worker.run(ThreadPoolExecutor.java:624)
	... 1 more
Caused by: org.apache.ratis.thirdparty.io.netty.channel.AbstractChannel$AnnotatedConnectException: Connection refused: /192.168.164.193:43079
	at sun.nio.ch.SocketChannelImpl.checkConnect(Native Method)
	at sun.nio.ch.SocketChannelImpl.finishConnect(SocketChannelImpl.java:717)
	at org.apache.ratis.thirdparty.io.netty.channel.socket.nio.NioSocketChannel.doFinishConnect(NioSocketChannel.java:327)
	at org.apache.ratis.thirdparty.io.netty.channel.nio.AbstractNioChannel$AbstractNioUnsafe.finishConnect(AbstractNioChannel.java:340)
	at org.apache.ratis.thirdparty.io.netty.channel.nio.NioEventLoop.processSelectedKey(NioEventLoop.java:632)
	at org.apache.ratis.thirdparty.io.netty.channel.nio.NioEventLoop.processSelectedKeysOptimized(NioEventLoop.java:579)
	at org.apache.ratis.thirdparty.io.netty.channel.nio.NioEventLoop.processSelectedKeys(NioEventLoop.java:496)
	at org.apache.ratis.thirdparty.io.netty.channel.nio.NioEventLoop.run(NioEventLoop.java:458)
	at org.apache.ratis.thirdparty.io.netty.util.concurrent.SingleThreadEventExecutor$5.run(SingleThreadEventExecutor.java:897)
	at org.apache.ratis.thirdparty.io.netty.util.concurrent.FastThreadLocalRunnable.run(FastThreadLocalRunnable.java:30)
	... 1 more
Caused by: java.net.ConnectException: Connection refused
	... 11 more
2019-10-28 11:45:17,664 [84f4174e-6bb9-44ab-a36a-6c5af4251c6f@group-48B29381066B-LeaderElection185] INFO  impl.LeaderElection (LogUtils.java:infoOrTrace(149)) - 84f4174e-6bb9-44ab-a36a-6c5af4251c6f@group-48B29381066B-LeaderElection185 got exception when requesting votes: {}
java.util.concurrent.ExecutionException: org.apache.ratis.thirdparty.io.grpc.StatusRuntimeException: UNAVAILABLE: io exception
	at java.util.concurrent.FutureTask.report(FutureTask.java:122)
	at java.util.concurrent.FutureTask.get(FutureTask.java:192)
	at org.apache.ratis.server.impl.LeaderElection.waitForResults(LeaderElection.java:259)
	at org.apache.ratis.server.impl.LeaderElection.askForVotes(LeaderElection.java:197)
	at org.apache.ratis.server.impl.LeaderElection.run(LeaderElection.java:133)
	at java.lang.Thread.run(Thread.java:748)
Caused by: org.apache.ratis.thirdparty.io.grpc.StatusRuntimeException: UNAVAILABLE: io exception
	at org.apache.ratis.thirdparty.io.grpc.stub.ClientCalls.toStatusRuntimeException(ClientCalls.java:233)
	at org.apache.ratis.thirdparty.io.grpc.stub.ClientCalls.getUnchecked(ClientCalls.java:214)
	at org.apache.ratis.thirdparty.io.grpc.stub.ClientCalls.blockingUnaryCall(ClientCalls.java:139)
	at org.apache.ratis.proto.grpc.RaftServerProtocolServiceGrpc$RaftServerProtocolServiceBlockingStub.requestVote(RaftServerProtocolServiceGrpc.java:265)
	at org.apache.ratis.grpc.server.GrpcServerProtocolClient.requestVote(GrpcServerProtocolClient.java:99)
	at org.apache.ratis.grpc.server.GrpcService.requestVote(GrpcService.java:204)
	at org.apache.ratis.server.impl.LeaderElection.lambda$submitRequests$1(LeaderElection.java:234)
	at java.util.concurrent.FutureTask.run(FutureTask.java:266)
	at java.util.concurrent.Executors$RunnableAdapter.call(Executors.java:511)
	at java.util.concurrent.FutureTask.run(FutureTask.java:266)
	at java.util.concurrent.ThreadPoolExecutor.runWorker(ThreadPoolExecutor.java:1149)
	at java.util.concurrent.ThreadPoolExecutor$Worker.run(ThreadPoolExecutor.java:624)
	... 1 more
Caused by: org.apache.ratis.thirdparty.io.netty.channel.AbstractChannel$AnnotatedConnectException: Connection refused: /192.168.164.193:43902
	at sun.nio.ch.SocketChannelImpl.checkConnect(Native Method)
	at sun.nio.ch.SocketChannelImpl.finishConnect(SocketChannelImpl.java:717)
	at org.apache.ratis.thirdparty.io.netty.channel.socket.nio.NioSocketChannel.doFinishConnect(NioSocketChannel.java:327)
	at org.apache.ratis.thirdparty.io.netty.channel.nio.AbstractNioChannel$AbstractNioUnsafe.finishConnect(AbstractNioChannel.java:340)
	at org.apache.ratis.thirdparty.io.netty.channel.nio.NioEventLoop.processSelectedKey(NioEventLoop.java:632)
	at org.apache.ratis.thirdparty.io.netty.channel.nio.NioEventLoop.processSelectedKeysOptimized(NioEventLoop.java:579)
	at org.apache.ratis.thirdparty.io.netty.channel.nio.NioEventLoop.processSelectedKeys(NioEventLoop.java:496)
	at org.apache.ratis.thirdparty.io.netty.channel.nio.NioEventLoop.run(NioEventLoop.java:458)
	at org.apache.ratis.thirdparty.io.netty.util.concurrent.SingleThreadEventExecutor$5.run(SingleThreadEventExecutor.java:897)
	at org.apache.ratis.thirdparty.io.netty.util.concurrent.FastThreadLocalRunnable.run(FastThreadLocalRunnable.java:30)
	... 1 more
Caused by: java.net.ConnectException: Connection refused
	... 11 more
2019-10-28 11:45:17,666 [84f4174e-6bb9-44ab-a36a-6c5af4251c6f@group-48B29381066B-LeaderElection185] INFO  impl.LeaderElection (LeaderElection.java:logAndReturn(56)) - 84f4174e-6bb9-44ab-a36a-6c5af4251c6f@group-48B29381066B-LeaderElection185: Election REJECTED; received 0 response(s) [] and 2 exception(s); 84f4174e-6bb9-44ab-a36a-6c5af4251c6f@group-48B29381066B:t11, leader=null, voted=84f4174e-6bb9-44ab-a36a-6c5af4251c6f, raftlog=84f4174e-6bb9-44ab-a36a-6c5af4251c6f@group-48B29381066B-SegmentedRaftLog:OPENED:c10,f10,i10, conf=9: [66cf3979-81da-4155-81a0-3dd54985f91a:192.168.164.193:43079, 84f4174e-6bb9-44ab-a36a-6c5af4251c6f:192.168.164.193:40080, a480340b-d1a5-4cd0-bc20-ae63b012c3c7:192.168.164.193:43902], old=null
2019-10-28 11:45:17,666 [84f4174e-6bb9-44ab-a36a-6c5af4251c6f@group-48B29381066B-LeaderElection185] INFO  impl.LeaderElection (LogUtils.java:infoOrTrace(149)) -   Exception 0: {}
java.util.concurrent.ExecutionException: org.apache.ratis.thirdparty.io.grpc.StatusRuntimeException: UNAVAILABLE: io exception
	at java.util.concurrent.FutureTask.report(FutureTask.java:122)
	at java.util.concurrent.FutureTask.get(FutureTask.java:192)
	at org.apache.ratis.server.impl.LeaderElection.waitForResults(LeaderElection.java:259)
	at org.apache.ratis.server.impl.LeaderElection.askForVotes(LeaderElection.java:197)
	at org.apache.ratis.server.impl.LeaderElection.run(LeaderElection.java:133)
	at java.lang.Thread.run(Thread.java:748)
Caused by: org.apache.ratis.thirdparty.io.grpc.StatusRuntimeException: UNAVAILABLE: io exception
	at org.apache.ratis.thirdparty.io.grpc.stub.ClientCalls.toStatusRuntimeException(ClientCalls.java:233)
	at org.apache.ratis.thirdparty.io.grpc.stub.ClientCalls.getUnchecked(ClientCalls.java:214)
	at org.apache.ratis.thirdparty.io.grpc.stub.ClientCalls.blockingUnaryCall(ClientCalls.java:139)
	at org.apache.ratis.proto.grpc.RaftServerProtocolServiceGrpc$RaftServerProtocolServiceBlockingStub.requestVote(RaftServerProtocolServiceGrpc.java:265)
	at org.apache.ratis.grpc.server.GrpcServerProtocolClient.requestVote(GrpcServerProtocolClient.java:99)
	at org.apache.ratis.grpc.server.GrpcService.requestVote(GrpcService.java:204)
	at org.apache.ratis.server.impl.LeaderElection.lambda$submitRequests$1(LeaderElection.java:234)
	at java.util.concurrent.FutureTask.run(FutureTask.java:266)
	at java.util.concurrent.Executors$RunnableAdapter.call(Executors.java:511)
	at java.util.concurrent.FutureTask.run(FutureTask.java:266)
	at java.util.concurrent.ThreadPoolExecutor.runWorker(ThreadPoolExecutor.java:1149)
	at java.util.concurrent.ThreadPoolExecutor$Worker.run(ThreadPoolExecutor.java:624)
	... 1 more
Caused by: org.apache.ratis.thirdparty.io.netty.channel.AbstractChannel$AnnotatedConnectException: Connection refused: /192.168.164.193:43079
	at sun.nio.ch.SocketChannelImpl.checkConnect(Native Method)
	at sun.nio.ch.SocketChannelImpl.finishConnect(SocketChannelImpl.java:717)
	at org.apache.ratis.thirdparty.io.netty.channel.socket.nio.NioSocketChannel.doFinishConnect(NioSocketChannel.java:327)
	at org.apache.ratis.thirdparty.io.netty.channel.nio.AbstractNioChannel$AbstractNioUnsafe.finishConnect(AbstractNioChannel.java:340)
	at org.apache.ratis.thirdparty.io.netty.channel.nio.NioEventLoop.processSelectedKey(NioEventLoop.java:632)
	at org.apache.ratis.thirdparty.io.netty.channel.nio.NioEventLoop.processSelectedKeysOptimized(NioEventLoop.java:579)
	at org.apache.ratis.thirdparty.io.netty.channel.nio.NioEventLoop.processSelectedKeys(NioEventLoop.java:496)
	at org.apache.ratis.thirdparty.io.netty.channel.nio.NioEventLoop.run(NioEventLoop.java:458)
	at org.apache.ratis.thirdparty.io.netty.util.concurrent.SingleThreadEventExecutor$5.run(SingleThreadEventExecutor.java:897)
	at org.apache.ratis.thirdparty.io.netty.util.concurrent.FastThreadLocalRunnable.run(FastThreadLocalRunnable.java:30)
	... 1 more
Caused by: java.net.ConnectException: Connection refused
	... 11 more
2019-10-28 11:45:17,666 [84f4174e-6bb9-44ab-a36a-6c5af4251c6f@group-48B29381066B-LeaderElection185] INFO  impl.LeaderElection (LogUtils.java:infoOrTrace(149)) -   Exception 1: {}
java.util.concurrent.ExecutionException: org.apache.ratis.thirdparty.io.grpc.StatusRuntimeException: UNAVAILABLE: io exception
	at java.util.concurrent.FutureTask.report(FutureTask.java:122)
	at java.util.concurrent.FutureTask.get(FutureTask.java:192)
	at org.apache.ratis.server.impl.LeaderElection.waitForResults(LeaderElection.java:259)
	at org.apache.ratis.server.impl.LeaderElection.askForVotes(LeaderElection.java:197)
	at org.apache.ratis.server.impl.LeaderElection.run(LeaderElection.java:133)
	at java.lang.Thread.run(Thread.java:748)
Caused by: org.apache.ratis.thirdparty.io.grpc.StatusRuntimeException: UNAVAILABLE: io exception
	at org.apache.ratis.thirdparty.io.grpc.stub.ClientCalls.toStatusRuntimeException(ClientCalls.java:233)
	at org.apache.ratis.thirdparty.io.grpc.stub.ClientCalls.getUnchecked(ClientCalls.java:214)
	at org.apache.ratis.thirdparty.io.grpc.stub.ClientCalls.blockingUnaryCall(ClientCalls.java:139)
	at org.apache.ratis.proto.grpc.RaftServerProtocolServiceGrpc$RaftServerProtocolServiceBlockingStub.requestVote(RaftServerProtocolServiceGrpc.java:265)
	at org.apache.ratis.grpc.server.GrpcServerProtocolClient.requestVote(GrpcServerProtocolClient.java:99)
	at org.apache.ratis.grpc.server.GrpcService.requestVote(GrpcService.java:204)
	at org.apache.ratis.server.impl.LeaderElection.lambda$submitRequests$1(LeaderElection.java:234)
	at java.util.concurrent.FutureTask.run(FutureTask.java:266)
	at java.util.concurrent.Executors$RunnableAdapter.call(Executors.java:511)
	at java.util.concurrent.FutureTask.run(FutureTask.java:266)
	at java.util.concurrent.ThreadPoolExecutor.runWorker(ThreadPoolExecutor.java:1149)
	at java.util.concurrent.ThreadPoolExecutor$Worker.run(ThreadPoolExecutor.java:624)
	... 1 more
Caused by: org.apache.ratis.thirdparty.io.netty.channel.AbstractChannel$AnnotatedConnectException: Connection refused: /192.168.164.193:43902
	at sun.nio.ch.SocketChannelImpl.checkConnect(Native Method)
	at sun.nio.ch.SocketChannelImpl.finishConnect(SocketChannelImpl.java:717)
	at org.apache.ratis.thirdparty.io.netty.channel.socket.nio.NioSocketChannel.doFinishConnect(NioSocketChannel.java:327)
	at org.apache.ratis.thirdparty.io.netty.channel.nio.AbstractNioChannel$AbstractNioUnsafe.finishConnect(AbstractNioChannel.java:340)
	at org.apache.ratis.thirdparty.io.netty.channel.nio.NioEventLoop.processSelectedKey(NioEventLoop.java:632)
	at org.apache.ratis.thirdparty.io.netty.channel.nio.NioEventLoop.processSelectedKeysOptimized(NioEventLoop.java:579)
	at org.apache.ratis.thirdparty.io.netty.channel.nio.NioEventLoop.processSelectedKeys(NioEventLoop.java:496)
	at org.apache.ratis.thirdparty.io.netty.channel.nio.NioEventLoop.run(NioEventLoop.java:458)
	at org.apache.ratis.thirdparty.io.netty.util.concurrent.SingleThreadEventExecutor$5.run(SingleThreadEventExecutor.java:897)
	at org.apache.ratis.thirdparty.io.netty.util.concurrent.FastThreadLocalRunnable.run(FastThreadLocalRunnable.java:30)
	... 1 more
Caused by: java.net.ConnectException: Connection refused
	... 11 more
2019-10-28 11:45:17,667 [84f4174e-6bb9-44ab-a36a-6c5af4251c6f@group-48B29381066B-LeaderElection185] INFO  impl.RaftServerImpl (RaftServerImpl.java:setRole(184)) - 84f4174e-6bb9-44ab-a36a-6c5af4251c6f@group-48B29381066B: changes role from CANDIDATE to FOLLOWER at term 11 for DISCOVERED_A_NEW_TERM
2019-10-28 11:45:17,667 [84f4174e-6bb9-44ab-a36a-6c5af4251c6f@group-48B29381066B-LeaderElection185] INFO  impl.RoleInfo (RoleInfo.java:shutdownLeaderElection(134)) - 84f4174e-6bb9-44ab-a36a-6c5af4251c6f: shutdown LeaderElection
2019-10-28 11:45:17,667 [84f4174e-6bb9-44ab-a36a-6c5af4251c6f@group-48B29381066B-LeaderElection185] INFO  impl.RoleInfo (RoleInfo.java:updateAndGet(143)) - 84f4174e-6bb9-44ab-a36a-6c5af4251c6f: start FollowerState
2019-10-28 11:45:18,112 [java.util.concurrent.ThreadPoolExecutor$Worker@7499a2be[State = -1, empty queue]] WARN  server.GrpcLogAppender (GrpcLogAppender.java:timeoutAppendRequest(209)) - 03d0ba9c-9a68-4db9-a306-0d67556dce53@group-0EDA3E4540D0->31ceb61f-dd6d-4279-87bc-0b070a534ff8-GrpcLogAppender: appendEntries Timeout, request=03d0ba9c-9a68-4db9-a306-0d67556dce53->31ceb61f-dd6d-4279-87bc-0b070a534ff8#31-t2, previous=(t:2, i:6), leaderCommit=6, initializing? false, entries: <empty>
2019-10-28 11:45:18,591 [java.util.concurrent.ThreadPoolExecutor$Worker@2f1242dc[State = -1, empty queue]] WARN  server.GrpcLogAppender (GrpcLogAppender.java:timeoutAppendRequest(209)) - 03d0ba9c-9a68-4db9-a306-0d67556dce53@group-0EDA3E4540D0->21e5d428-bfa8-41d9-bec1-e8e8886ad03a-GrpcLogAppender: appendEntries Timeout, request=03d0ba9c-9a68-4db9-a306-0d67556dce53->21e5d428-bfa8-41d9-bec1-e8e8886ad03a#5-t2, previous=(t:1, i:4), leaderCommit=6, initializing? false, entries: <empty>
2019-10-28 11:45:18,612 [java.util.concurrent.ThreadPoolExecutor$Worker@7499a2be[State = -1, empty queue]] WARN  server.GrpcLogAppender (GrpcLogAppender.java:timeoutAppendRequest(209)) - 03d0ba9c-9a68-4db9-a306-0d67556dce53@group-0EDA3E4540D0->31ceb61f-dd6d-4279-87bc-0b070a534ff8-GrpcLogAppender: appendEntries Timeout, request=03d0ba9c-9a68-4db9-a306-0d67556dce53->31ceb61f-dd6d-4279-87bc-0b070a534ff8#32-t2, previous=(t:2, i:6), leaderCommit=6, initializing? false, entries: <empty>
2019-10-28 11:45:18,744 [Thread-2648] INFO  impl.FollowerState (FollowerState.java:run(108)) - 84f4174e-6bb9-44ab-a36a-6c5af4251c6f@group-48B29381066B-FollowerState: change to CANDIDATE, lastRpcTime:1076ms, electionTimeout:1076ms
2019-10-28 11:45:18,744 [Thread-2648] INFO  impl.RoleInfo (RoleInfo.java:shutdownFollowerState(121)) - 84f4174e-6bb9-44ab-a36a-6c5af4251c6f: shutdown FollowerState
2019-10-28 11:45:18,744 [Thread-2648] INFO  impl.RaftServerImpl (RaftServerImpl.java:setRole(184)) - 84f4174e-6bb9-44ab-a36a-6c5af4251c6f@group-48B29381066B: changes role from  FOLLOWER to CANDIDATE at term 11 for changeToCandidate
2019-10-28 11:45:18,745 [Thread-2648] INFO  impl.RoleInfo (RoleInfo.java:updateAndGet(143)) - 84f4174e-6bb9-44ab-a36a-6c5af4251c6f: start LeaderElection
2019-10-28 11:45:18,760 [84f4174e-6bb9-44ab-a36a-6c5af4251c6f@group-48B29381066B-LeaderElection186] INFO  impl.LeaderElection (LeaderElection.java:askForVotes(178)) - 84f4174e-6bb9-44ab-a36a-6c5af4251c6f@group-48B29381066B-LeaderElection186: begin an election at term 12 for 9: [66cf3979-81da-4155-81a0-3dd54985f91a:192.168.164.193:43079, 84f4174e-6bb9-44ab-a36a-6c5af4251c6f:192.168.164.193:40080, a480340b-d1a5-4cd0-bc20-ae63b012c3c7:192.168.164.193:43902], old=null
2019-10-28 11:45:18,761 [84f4174e-6bb9-44ab-a36a-6c5af4251c6f@group-48B29381066B-LeaderElection186] INFO  impl.LeaderElection (LogUtils.java:infoOrTrace(149)) - 84f4174e-6bb9-44ab-a36a-6c5af4251c6f@group-48B29381066B-LeaderElection186 got exception when requesting votes: {}
java.util.concurrent.ExecutionException: org.apache.ratis.thirdparty.io.grpc.StatusRuntimeException: UNAVAILABLE: io exception
	at java.util.concurrent.FutureTask.report(FutureTask.java:122)
	at java.util.concurrent.FutureTask.get(FutureTask.java:192)
	at org.apache.ratis.server.impl.LeaderElection.waitForResults(LeaderElection.java:259)
	at org.apache.ratis.server.impl.LeaderElection.askForVotes(LeaderElection.java:197)
	at org.apache.ratis.server.impl.LeaderElection.run(LeaderElection.java:133)
	at java.lang.Thread.run(Thread.java:748)
Caused by: org.apache.ratis.thirdparty.io.grpc.StatusRuntimeException: UNAVAILABLE: io exception
	at org.apache.ratis.thirdparty.io.grpc.stub.ClientCalls.toStatusRuntimeException(ClientCalls.java:233)
	at org.apache.ratis.thirdparty.io.grpc.stub.ClientCalls.getUnchecked(ClientCalls.java:214)
	at org.apache.ratis.thirdparty.io.grpc.stub.ClientCalls.blockingUnaryCall(ClientCalls.java:139)
	at org.apache.ratis.proto.grpc.RaftServerProtocolServiceGrpc$RaftServerProtocolServiceBlockingStub.requestVote(RaftServerProtocolServiceGrpc.java:265)
	at org.apache.ratis.grpc.server.GrpcServerProtocolClient.requestVote(GrpcServerProtocolClient.java:99)
	at org.apache.ratis.grpc.server.GrpcService.requestVote(GrpcService.java:204)
	at org.apache.ratis.server.impl.LeaderElection.lambda$submitRequests$1(LeaderElection.java:234)
	at java.util.concurrent.FutureTask.run(FutureTask.java:266)
	at java.util.concurrent.Executors$RunnableAdapter.call(Executors.java:511)
	at java.util.concurrent.FutureTask.run(FutureTask.java:266)
	at java.util.concurrent.ThreadPoolExecutor.runWorker(ThreadPoolExecutor.java:1149)
	at java.util.concurrent.ThreadPoolExecutor$Worker.run(ThreadPoolExecutor.java:624)
	... 1 more
Caused by: org.apache.ratis.thirdparty.io.netty.channel.AbstractChannel$AnnotatedConnectException: Connection refused: /192.168.164.193:43902
	at sun.nio.ch.SocketChannelImpl.checkConnect(Native Method)
	at sun.nio.ch.SocketChannelImpl.finishConnect(SocketChannelImpl.java:717)
	at org.apache.ratis.thirdparty.io.netty.channel.socket.nio.NioSocketChannel.doFinishConnect(NioSocketChannel.java:327)
	at org.apache.ratis.thirdparty.io.netty.channel.nio.AbstractNioChannel$AbstractNioUnsafe.finishConnect(AbstractNioChannel.java:340)
	at org.apache.ratis.thirdparty.io.netty.channel.nio.NioEventLoop.processSelectedKey(NioEventLoop.java:632)
	at org.apache.ratis.thirdparty.io.netty.channel.nio.NioEventLoop.processSelectedKeysOptimized(NioEventLoop.java:579)
	at org.apache.ratis.thirdparty.io.netty.channel.nio.NioEventLoop.processSelectedKeys(NioEventLoop.java:496)
	at org.apache.ratis.thirdparty.io.netty.channel.nio.NioEventLoop.run(NioEventLoop.java:458)
	at org.apache.ratis.thirdparty.io.netty.util.concurrent.SingleThreadEventExecutor$5.run(SingleThreadEventExecutor.java:897)
	at org.apache.ratis.thirdparty.io.netty.util.concurrent.FastThreadLocalRunnable.run(FastThreadLocalRunnable.java:30)
	... 1 more
Caused by: java.net.ConnectException: Connection refused
	... 11 more
2019-10-28 11:45:18,763 [84f4174e-6bb9-44ab-a36a-6c5af4251c6f@group-48B29381066B-LeaderElection186] INFO  impl.LeaderElection (LogUtils.java:infoOrTrace(149)) - 84f4174e-6bb9-44ab-a36a-6c5af4251c6f@group-48B29381066B-LeaderElection186 got exception when requesting votes: {}
java.util.concurrent.ExecutionException: org.apache.ratis.thirdparty.io.grpc.StatusRuntimeException: UNAVAILABLE: io exception
	at java.util.concurrent.FutureTask.report(FutureTask.java:122)
	at java.util.concurrent.FutureTask.get(FutureTask.java:192)
	at org.apache.ratis.server.impl.LeaderElection.waitForResults(LeaderElection.java:259)
	at org.apache.ratis.server.impl.LeaderElection.askForVotes(LeaderElection.java:197)
	at org.apache.ratis.server.impl.LeaderElection.run(LeaderElection.java:133)
	at java.lang.Thread.run(Thread.java:748)
Caused by: org.apache.ratis.thirdparty.io.grpc.StatusRuntimeException: UNAVAILABLE: io exception
	at org.apache.ratis.thirdparty.io.grpc.stub.ClientCalls.toStatusRuntimeException(ClientCalls.java:233)
	at org.apache.ratis.thirdparty.io.grpc.stub.ClientCalls.getUnchecked(ClientCalls.java:214)
	at org.apache.ratis.thirdparty.io.grpc.stub.ClientCalls.blockingUnaryCall(ClientCalls.java:139)
	at org.apache.ratis.proto.grpc.RaftServerProtocolServiceGrpc$RaftServerProtocolServiceBlockingStub.requestVote(RaftServerProtocolServiceGrpc.java:265)
	at org.apache.ratis.grpc.server.GrpcServerProtocolClient.requestVote(GrpcServerProtocolClient.java:99)
	at org.apache.ratis.grpc.server.GrpcService.requestVote(GrpcService.java:204)
	at org.apache.ratis.server.impl.LeaderElection.lambda$submitRequests$1(LeaderElection.java:234)
	at java.util.concurrent.FutureTask.run(FutureTask.java:266)
	at java.util.concurrent.Executors$RunnableAdapter.call(Executors.java:511)
	at java.util.concurrent.FutureTask.run(FutureTask.java:266)
	at java.util.concurrent.ThreadPoolExecutor.runWorker(ThreadPoolExecutor.java:1149)
	at java.util.concurrent.ThreadPoolExecutor$Worker.run(ThreadPoolExecutor.java:624)
	... 1 more
Caused by: org.apache.ratis.thirdparty.io.netty.channel.AbstractChannel$AnnotatedConnectException: Connection refused: /192.168.164.193:43079
	at sun.nio.ch.SocketChannelImpl.checkConnect(Native Method)
	at sun.nio.ch.SocketChannelImpl.finishConnect(SocketChannelImpl.java:717)
	at org.apache.ratis.thirdparty.io.netty.channel.socket.nio.NioSocketChannel.doFinishConnect(NioSocketChannel.java:327)
	at org.apache.ratis.thirdparty.io.netty.channel.nio.AbstractNioChannel$AbstractNioUnsafe.finishConnect(AbstractNioChannel.java:340)
	at org.apache.ratis.thirdparty.io.netty.channel.nio.NioEventLoop.processSelectedKey(NioEventLoop.java:632)
	at org.apache.ratis.thirdparty.io.netty.channel.nio.NioEventLoop.processSelectedKeysOptimized(NioEventLoop.java:579)
	at org.apache.ratis.thirdparty.io.netty.channel.nio.NioEventLoop.processSelectedKeys(NioEventLoop.java:496)
	at org.apache.ratis.thirdparty.io.netty.channel.nio.NioEventLoop.run(NioEventLoop.java:458)
	at org.apache.ratis.thirdparty.io.netty.util.concurrent.SingleThreadEventExecutor$5.run(SingleThreadEventExecutor.java:897)
	at org.apache.ratis.thirdparty.io.netty.util.concurrent.FastThreadLocalRunnable.run(FastThreadLocalRunnable.java:30)
	... 1 more
Caused by: java.net.ConnectException: Connection refused
	... 11 more
2019-10-28 11:45:18,765 [84f4174e-6bb9-44ab-a36a-6c5af4251c6f@group-48B29381066B-LeaderElection186] INFO  impl.LeaderElection (LeaderElection.java:logAndReturn(56)) - 84f4174e-6bb9-44ab-a36a-6c5af4251c6f@group-48B29381066B-LeaderElection186: Election REJECTED; received 0 response(s) [] and 2 exception(s); 84f4174e-6bb9-44ab-a36a-6c5af4251c6f@group-48B29381066B:t12, leader=null, voted=84f4174e-6bb9-44ab-a36a-6c5af4251c6f, raftlog=84f4174e-6bb9-44ab-a36a-6c5af4251c6f@group-48B29381066B-SegmentedRaftLog:OPENED:c10,f10,i10, conf=9: [66cf3979-81da-4155-81a0-3dd54985f91a:192.168.164.193:43079, 84f4174e-6bb9-44ab-a36a-6c5af4251c6f:192.168.164.193:40080, a480340b-d1a5-4cd0-bc20-ae63b012c3c7:192.168.164.193:43902], old=null
2019-10-28 11:45:18,765 [84f4174e-6bb9-44ab-a36a-6c5af4251c6f@group-48B29381066B-LeaderElection186] INFO  impl.LeaderElection (LogUtils.java:infoOrTrace(149)) -   Exception 0: {}
java.util.concurrent.ExecutionException: org.apache.ratis.thirdparty.io.grpc.StatusRuntimeException: UNAVAILABLE: io exception
	at java.util.concurrent.FutureTask.report(FutureTask.java:122)
	at java.util.concurrent.FutureTask.get(FutureTask.java:192)
	at org.apache.ratis.server.impl.LeaderElection.waitForResults(LeaderElection.java:259)
	at org.apache.ratis.server.impl.LeaderElection.askForVotes(LeaderElection.java:197)
	at org.apache.ratis.server.impl.LeaderElection.run(LeaderElection.java:133)
	at java.lang.Thread.run(Thread.java:748)
Caused by: org.apache.ratis.thirdparty.io.grpc.StatusRuntimeException: UNAVAILABLE: io exception
	at org.apache.ratis.thirdparty.io.grpc.stub.ClientCalls.toStatusRuntimeException(ClientCalls.java:233)
	at org.apache.ratis.thirdparty.io.grpc.stub.ClientCalls.getUnchecked(ClientCalls.java:214)
	at org.apache.ratis.thirdparty.io.grpc.stub.ClientCalls.blockingUnaryCall(ClientCalls.java:139)
	at org.apache.ratis.proto.grpc.RaftServerProtocolServiceGrpc$RaftServerProtocolServiceBlockingStub.requestVote(RaftServerProtocolServiceGrpc.java:265)
	at org.apache.ratis.grpc.server.GrpcServerProtocolClient.requestVote(GrpcServerProtocolClient.java:99)
	at org.apache.ratis.grpc.server.GrpcService.requestVote(GrpcService.java:204)
	at org.apache.ratis.server.impl.LeaderElection.lambda$submitRequests$1(LeaderElection.java:234)
	at java.util.concurrent.FutureTask.run(FutureTask.java:266)
	at java.util.concurrent.Executors$RunnableAdapter.call(Executors.java:511)
	at java.util.concurrent.FutureTask.run(FutureTask.java:266)
	at java.util.concurrent.ThreadPoolExecutor.runWorker(ThreadPoolExecutor.java:1149)
	at java.util.concurrent.ThreadPoolExecutor$Worker.run(ThreadPoolExecutor.java:624)
	... 1 more
Caused by: org.apache.ratis.thirdparty.io.netty.channel.AbstractChannel$AnnotatedConnectException: Connection refused: /192.168.164.193:43902
	at sun.nio.ch.SocketChannelImpl.checkConnect(Native Method)
	at sun.nio.ch.SocketChannelImpl.finishConnect(SocketChannelImpl.java:717)
	at org.apache.ratis.thirdparty.io.netty.channel.socket.nio.NioSocketChannel.doFinishConnect(NioSocketChannel.java:327)
	at org.apache.ratis.thirdparty.io.netty.channel.nio.AbstractNioChannel$AbstractNioUnsafe.finishConnect(AbstractNioChannel.java:340)
	at org.apache.ratis.thirdparty.io.netty.channel.nio.NioEventLoop.processSelectedKey(NioEventLoop.java:632)
	at org.apache.ratis.thirdparty.io.netty.channel.nio.NioEventLoop.processSelectedKeysOptimized(NioEventLoop.java:579)
	at org.apache.ratis.thirdparty.io.netty.channel.nio.NioEventLoop.processSelectedKeys(NioEventLoop.java:496)
	at org.apache.ratis.thirdparty.io.netty.channel.nio.NioEventLoop.run(NioEventLoop.java:458)
	at org.apache.ratis.thirdparty.io.netty.util.concurrent.SingleThreadEventExecutor$5.run(SingleThreadEventExecutor.java:897)
	at org.apache.ratis.thirdparty.io.netty.util.concurrent.FastThreadLocalRunnable.run(FastThreadLocalRunnable.java:30)
	... 1 more
Caused by: java.net.ConnectException: Connection refused
	... 11 more
2019-10-28 11:45:18,766 [84f4174e-6bb9-44ab-a36a-6c5af4251c6f@group-48B29381066B-LeaderElection186] INFO  impl.LeaderElection (LogUtils.java:infoOrTrace(149)) -   Exception 1: {}
java.util.concurrent.ExecutionException: org.apache.ratis.thirdparty.io.grpc.StatusRuntimeException: UNAVAILABLE: io exception
	at java.util.concurrent.FutureTask.report(FutureTask.java:122)
	at java.util.concurrent.FutureTask.get(FutureTask.java:192)
	at org.apache.ratis.server.impl.LeaderElection.waitForResults(LeaderElection.java:259)
	at org.apache.ratis.server.impl.LeaderElection.askForVotes(LeaderElection.java:197)
	at org.apache.ratis.server.impl.LeaderElection.run(LeaderElection.java:133)
	at java.lang.Thread.run(Thread.java:748)
Caused by: org.apache.ratis.thirdparty.io.grpc.StatusRuntimeException: UNAVAILABLE: io exception
	at org.apache.ratis.thirdparty.io.grpc.stub.ClientCalls.toStatusRuntimeException(ClientCalls.java:233)
	at org.apache.ratis.thirdparty.io.grpc.stub.ClientCalls.getUnchecked(ClientCalls.java:214)
	at org.apache.ratis.thirdparty.io.grpc.stub.ClientCalls.blockingUnaryCall(ClientCalls.java:139)
	at org.apache.ratis.proto.grpc.RaftServerProtocolServiceGrpc$RaftServerProtocolServiceBlockingStub.requestVote(RaftServerProtocolServiceGrpc.java:265)
	at org.apache.ratis.grpc.server.GrpcServerProtocolClient.requestVote(GrpcServerProtocolClient.java:99)
	at org.apache.ratis.grpc.server.GrpcService.requestVote(GrpcService.java:204)
	at org.apache.ratis.server.impl.LeaderElection.lambda$submitRequests$1(LeaderElection.java:234)
	at java.util.concurrent.FutureTask.run(FutureTask.java:266)
	at java.util.concurrent.Executors$RunnableAdapter.call(Executors.java:511)
	at java.util.concurrent.FutureTask.run(FutureTask.java:266)
	at java.util.concurrent.ThreadPoolExecutor.runWorker(ThreadPoolExecutor.java:1149)
	at java.util.concurrent.ThreadPoolExecutor$Worker.run(ThreadPoolExecutor.java:624)
	... 1 more
Caused by: org.apache.ratis.thirdparty.io.netty.channel.AbstractChannel$AnnotatedConnectException: Connection refused: /192.168.164.193:43079
	at sun.nio.ch.SocketChannelImpl.checkConnect(Native Method)
	at sun.nio.ch.SocketChannelImpl.finishConnect(SocketChannelImpl.java:717)
	at org.apache.ratis.thirdparty.io.netty.channel.socket.nio.NioSocketChannel.doFinishConnect(NioSocketChannel.java:327)
	at org.apache.ratis.thirdparty.io.netty.channel.nio.AbstractNioChannel$AbstractNioUnsafe.finishConnect(AbstractNioChannel.java:340)
	at org.apache.ratis.thirdparty.io.netty.channel.nio.NioEventLoop.processSelectedKey(NioEventLoop.java:632)
	at org.apache.ratis.thirdparty.io.netty.channel.nio.NioEventLoop.processSelectedKeysOptimized(NioEventLoop.java:579)
	at org.apache.ratis.thirdparty.io.netty.channel.nio.NioEventLoop.processSelectedKeys(NioEventLoop.java:496)
	at org.apache.ratis.thirdparty.io.netty.channel.nio.NioEventLoop.run(NioEventLoop.java:458)
	at org.apache.ratis.thirdparty.io.netty.util.concurrent.SingleThreadEventExecutor$5.run(SingleThreadEventExecutor.java:897)
	at org.apache.ratis.thirdparty.io.netty.util.concurrent.FastThreadLocalRunnable.run(FastThreadLocalRunnable.java:30)
	... 1 more
Caused by: java.net.ConnectException: Connection refused
	... 11 more
2019-10-28 11:45:18,766 [84f4174e-6bb9-44ab-a36a-6c5af4251c6f@group-48B29381066B-LeaderElection186] INFO  impl.RaftServerImpl (RaftServerImpl.java:setRole(184)) - 84f4174e-6bb9-44ab-a36a-6c5af4251c6f@group-48B29381066B: changes role from CANDIDATE to FOLLOWER at term 12 for DISCOVERED_A_NEW_TERM
2019-10-28 11:45:18,766 [84f4174e-6bb9-44ab-a36a-6c5af4251c6f@group-48B29381066B-LeaderElection186] INFO  impl.RoleInfo (RoleInfo.java:shutdownLeaderElection(134)) - 84f4174e-6bb9-44ab-a36a-6c5af4251c6f: shutdown LeaderElection
2019-10-28 11:45:18,767 [84f4174e-6bb9-44ab-a36a-6c5af4251c6f@group-48B29381066B-LeaderElection186] INFO  impl.RoleInfo (RoleInfo.java:updateAndGet(143)) - 84f4174e-6bb9-44ab-a36a-6c5af4251c6f: start FollowerState
2019-10-28 11:45:19,112 [java.util.concurrent.ThreadPoolExecutor$Worker@7499a2be[State = -1, empty queue]] WARN  server.GrpcLogAppender (GrpcLogAppender.java:timeoutAppendRequest(209)) - 03d0ba9c-9a68-4db9-a306-0d67556dce53@group-0EDA3E4540D0->31ceb61f-dd6d-4279-87bc-0b070a534ff8-GrpcLogAppender: appendEntries Timeout, request=03d0ba9c-9a68-4db9-a306-0d67556dce53->31ceb61f-dd6d-4279-87bc-0b070a534ff8#33-t2, previous=(t:2, i:6), leaderCommit=6, initializing? false, entries: <empty>
2019-10-28 11:45:19,613 [java.util.concurrent.ThreadPoolExecutor$Worker@7499a2be[State = -1, empty queue]] WARN  server.GrpcLogAppender (GrpcLogAppender.java:timeoutAppendRequest(209)) - 03d0ba9c-9a68-4db9-a306-0d67556dce53@group-0EDA3E4540D0->31ceb61f-dd6d-4279-87bc-0b070a534ff8-GrpcLogAppender: appendEntries Timeout, request=03d0ba9c-9a68-4db9-a306-0d67556dce53->31ceb61f-dd6d-4279-87bc-0b070a534ff8#34-t2, previous=(t:2, i:6), leaderCommit=6, initializing? false, entries: <empty>
2019-10-28 11:45:19,783 [ForkJoinPool.commonPool-worker-1] INFO  ozoneimpl.OzoneContainer (OzoneContainer.java:stop(227)) - Attempting to stop container services.
2019-10-28 11:45:19,784 [ForkJoinPool.commonPool-worker-1] INFO  impl.RaftServerProxy (RaftServerProxy.java:lambda$close$4(314)) - 03d0ba9c-9a68-4db9-a306-0d67556dce53: close
2019-10-28 11:45:19,784 [ForkJoinPool.commonPool-worker-1] INFO  impl.RaftServerImpl (RaftServerImpl.java:lambda$shutdown$3(261)) - 03d0ba9c-9a68-4db9-a306-0d67556dce53@group-A3FB2D5161E8: shutdown
2019-10-28 11:45:19,785 [ForkJoinPool.commonPool-worker-1] INFO  util.JmxRegister (JmxRegister.java:unregister(73)) - Successfully un-registered JMX Bean with object name Ratis:service=RaftServer,group=group-A3FB2D5161E8,id=03d0ba9c-9a68-4db9-a306-0d67556dce53
2019-10-28 11:45:19,785 [ForkJoinPool.commonPool-worker-1] INFO  impl.RoleInfo (RoleInfo.java:shutdownLeaderState(104)) - 03d0ba9c-9a68-4db9-a306-0d67556dce53: shutdown LeaderState
2019-10-28 11:45:19,785 [ForkJoinPool.commonPool-worker-1] INFO  impl.PendingRequests (PendingRequests.java:sendNotLeaderResponses(202)) - 03d0ba9c-9a68-4db9-a306-0d67556dce53@group-A3FB2D5161E8-PendingRequests: sendNotLeaderResponses
2019-10-28 11:45:19,786 [ForkJoinPool.commonPool-worker-1] INFO  impl.StateMachineUpdater (StateMachineUpdater.java:stopAndJoin(136)) - 03d0ba9c-9a68-4db9-a306-0d67556dce53@group-A3FB2D5161E8-StateMachineUpdater: set stopIndex = 0
2019-10-28 11:45:19,787 [ForkJoinPool.commonPool-worker-1] INFO  impl.RaftServerImpl (ServerState.java:close(388)) - 03d0ba9c-9a68-4db9-a306-0d67556dce53@group-A3FB2D5161E8: closes. applyIndex: 0
2019-10-28 11:45:19,787 [03d0ba9c-9a68-4db9-a306-0d67556dce53@group-A3FB2D5161E8-SegmentedRaftLogWorker] INFO  segmented.SegmentedRaftLogWorker (SegmentedRaftLogWorker.java:run(316)) - 03d0ba9c-9a68-4db9-a306-0d67556dce53@group-A3FB2D5161E8-SegmentedRaftLogWorker was interrupted, exiting. There are 0 tasks remaining in the queue.
2019-10-28 11:45:19,788 [ForkJoinPool.commonPool-worker-1] INFO  segmented.SegmentedRaftLogWorker (SegmentedRaftLogWorker.java:close(224)) - 03d0ba9c-9a68-4db9-a306-0d67556dce53@group-A3FB2D5161E8-SegmentedRaftLogWorker close()
2019-10-28 11:45:19,788 [ForkJoinPool.commonPool-worker-1] INFO  impl.RaftServerImpl (RaftServerImpl.java:lambda$shutdown$3(261)) - 03d0ba9c-9a68-4db9-a306-0d67556dce53@group-0EDA3E4540D0: shutdown
2019-10-28 11:45:19,789 [ForkJoinPool.commonPool-worker-1] INFO  util.JmxRegister (JmxRegister.java:unregister(73)) - Successfully un-registered JMX Bean with object name Ratis:service=RaftServer,group=group-0EDA3E4540D0,id=03d0ba9c-9a68-4db9-a306-0d67556dce53
2019-10-28 11:45:19,789 [ForkJoinPool.commonPool-worker-1] INFO  impl.RoleInfo (RoleInfo.java:shutdownLeaderState(104)) - 03d0ba9c-9a68-4db9-a306-0d67556dce53: shutdown LeaderState
2019-10-28 11:45:19,789 [ForkJoinPool.commonPool-worker-1] INFO  impl.PendingRequests (PendingRequests.java:sendNotLeaderResponses(202)) - 03d0ba9c-9a68-4db9-a306-0d67556dce53@group-0EDA3E4540D0-PendingRequests: sendNotLeaderResponses
2019-10-28 11:45:19,789 [org.apache.ratis.server.impl.LogAppender$AppenderDaemon$$Lambda$418/908975430@6b7314b9] WARN  server.GrpcLogAppender (GrpcLogAppender.java:mayWait(149)) - 03d0ba9c-9a68-4db9-a306-0d67556dce53@group-0EDA3E4540D0->21e5d428-bfa8-41d9-bec1-e8e8886ad03a-GrpcLogAppender: Wait interrupted by java.lang.InterruptedException
2019-10-28 11:45:19,789 [ForkJoinPool.commonPool-worker-1] INFO  impl.StateMachineUpdater (StateMachineUpdater.java:stopAndJoin(136)) - 03d0ba9c-9a68-4db9-a306-0d67556dce53@group-0EDA3E4540D0-StateMachineUpdater: set stopIndex = 6
2019-10-28 11:45:19,789 [org.apache.ratis.server.impl.LogAppender$AppenderDaemon$$Lambda$418/908975430@79861226] WARN  server.GrpcLogAppender (GrpcLogAppender.java:mayWait(149)) - 03d0ba9c-9a68-4db9-a306-0d67556dce53@group-0EDA3E4540D0->31ceb61f-dd6d-4279-87bc-0b070a534ff8-GrpcLogAppender: Wait interrupted by java.lang.InterruptedException
2019-10-28 11:45:19,789 [03d0ba9c-9a68-4db9-a306-0d67556dce53@group-0EDA3E4540D0-StateMachineUpdater] INFO  ratis.ContainerStateMachine (ContainerStateMachine.java:takeSnapshot(294)) - group-0EDA3E4540D0: Taking a snapshot at:(t:1, i:3) file /workdir/hadoop-ozone/integration-test/target/test-dir/MiniOzoneClusterImpl-b31733c6-727c-4256-9138-ff5b19d95bfe/datanode-1/data/ratis/c2fa87d6-81e7-4a93-a99b-0eda3e4540d0/sm/snapshot.1_3
2019-10-28 11:45:19,795 [main] INFO  ozoneimpl.OzoneContainer (OzoneContainer.java:stop(227)) - Attempting to stop container services.
2019-10-28 11:45:19,796 [main] INFO  impl.RaftServerProxy (RaftServerProxy.java:lambda$close$4(314)) - 84f4174e-6bb9-44ab-a36a-6c5af4251c6f: close
2019-10-28 11:45:19,796 [main] INFO  impl.RaftServerImpl (RaftServerImpl.java:lambda$shutdown$3(261)) - 84f4174e-6bb9-44ab-a36a-6c5af4251c6f@group-3D615E92427D: shutdown
2019-10-28 11:45:19,797 [main] INFO  util.JmxRegister (JmxRegister.java:unregister(73)) - Successfully un-registered JMX Bean with object name Ratis:service=RaftServer,group=group-3D615E92427D,id=84f4174e-6bb9-44ab-a36a-6c5af4251c6f
2019-10-28 11:45:19,797 [main] INFO  impl.RoleInfo (RoleInfo.java:shutdownLeaderState(104)) - 84f4174e-6bb9-44ab-a36a-6c5af4251c6f: shutdown LeaderState
2019-10-28 11:45:19,799 [main] INFO  impl.PendingRequests (PendingRequests.java:sendNotLeaderResponses(202)) - 84f4174e-6bb9-44ab-a36a-6c5af4251c6f@group-3D615E92427D-PendingRequests: sendNotLeaderResponses
2019-10-28 11:45:19,800 [main] INFO  impl.StateMachineUpdater (StateMachineUpdater.java:stopAndJoin(136)) - 84f4174e-6bb9-44ab-a36a-6c5af4251c6f@group-3D615E92427D-StateMachineUpdater: set stopIndex = 0
2019-10-28 11:45:19,802 [main] INFO  impl.RaftServerImpl (ServerState.java:close(388)) - 84f4174e-6bb9-44ab-a36a-6c5af4251c6f@group-3D615E92427D: closes. applyIndex: 0
2019-10-28 11:45:19,804 [84f4174e-6bb9-44ab-a36a-6c5af4251c6f@group-3D615E92427D-SegmentedRaftLogWorker] INFO  segmented.SegmentedRaftLogWorker (SegmentedRaftLogWorker.java:run(316)) - 84f4174e-6bb9-44ab-a36a-6c5af4251c6f@group-3D615E92427D-SegmentedRaftLogWorker was interrupted, exiting. There are 0 tasks remaining in the queue.
2019-10-28 11:45:19,813 [main] INFO  segmented.SegmentedRaftLogWorker (SegmentedRaftLogWorker.java:close(224)) - 84f4174e-6bb9-44ab-a36a-6c5af4251c6f@group-3D615E92427D-SegmentedRaftLogWorker close()
2019-10-28 11:45:19,814 [main] INFO  impl.RaftServerImpl (RaftServerImpl.java:lambda$shutdown$3(261)) - 84f4174e-6bb9-44ab-a36a-6c5af4251c6f@group-48B29381066B: shutdown
2019-10-28 11:45:19,814 [03d0ba9c-9a68-4db9-a306-0d67556dce53@group-0EDA3E4540D0-StateMachineUpdater] INFO  ratis.ContainerStateMachine (ContainerStateMachine.java:takeSnapshot(305)) - group-0EDA3E4540D0: Finished taking a snapshot at:(t:1, i:3) file:/workdir/hadoop-ozone/integration-test/target/test-dir/MiniOzoneClusterImpl-b31733c6-727c-4256-9138-ff5b19d95bfe/datanode-1/data/ratis/c2fa87d6-81e7-4a93-a99b-0eda3e4540d0/sm/snapshot.1_3 time:24
2019-10-28 11:45:19,815 [main] INFO  util.JmxRegister (JmxRegister.java:unregister(73)) - Successfully un-registered JMX Bean with object name Ratis:service=RaftServer,group=group-48B29381066B,id=84f4174e-6bb9-44ab-a36a-6c5af4251c6f
2019-10-28 11:45:19,815 [03d0ba9c-9a68-4db9-a306-0d67556dce53@group-0EDA3E4540D0-StateMachineUpdater] INFO  impl.StateMachineUpdater (StateMachineUpdater.java:takeSnapshot(269)) - 03d0ba9c-9a68-4db9-a306-0d67556dce53@group-0EDA3E4540D0-StateMachineUpdater: Took a snapshot at index 3
2019-10-28 11:45:19,815 [main] INFO  impl.RoleInfo (RoleInfo.java:shutdownFollowerState(121)) - 84f4174e-6bb9-44ab-a36a-6c5af4251c6f: shutdown FollowerState
2019-10-28 11:45:19,815 [03d0ba9c-9a68-4db9-a306-0d67556dce53@group-0EDA3E4540D0-StateMachineUpdater] INFO  impl.StateMachineUpdater (StateMachineUpdater.java:lambda$new$0(84)) - 03d0ba9c-9a68-4db9-a306-0d67556dce53@group-0EDA3E4540D0-StateMachineUpdater: snapshotIndex: updateIncreasingly -1 -> 3
2019-10-28 11:45:19,816 [main] INFO  impl.StateMachineUpdater (StateMachineUpdater.java:stopAndJoin(136)) - 84f4174e-6bb9-44ab-a36a-6c5af4251c6f@group-48B29381066B-StateMachineUpdater: set stopIndex = 10
2019-10-28 11:45:19,816 [Thread-2652] INFO  impl.FollowerState (FollowerState.java:run(117)) - 84f4174e-6bb9-44ab-a36a-6c5af4251c6f@group-48B29381066B-FollowerState was interrupted: java.lang.InterruptedException: sleep interrupted
2019-10-28 11:45:19,816 [84f4174e-6bb9-44ab-a36a-6c5af4251c6f@group-48B29381066B-StateMachineUpdater] INFO  ratis.ContainerStateMachine (ContainerStateMachine.java:takeSnapshot(294)) - group-48B29381066B: Taking a snapshot at:(t:3, i:7) file /workdir/hadoop-ozone/integration-test/target/test-dir/MiniOzoneClusterImpl-b31733c6-727c-4256-9138-ff5b19d95bfe/datanode-7/data/ratis/7f77fb74-efbb-4dfa-8855-48b29381066b/sm/snapshot.3_7
2019-10-28 11:45:19,816 [03d0ba9c-9a68-4db9-a306-0d67556dce53@group-0EDA3E4540D0-StateMachineUpdater] INFO  ratis.ContainerStateMachine (ContainerStateMachine.java:takeSnapshot(294)) - group-0EDA3E4540D0: Taking a snapshot at:(t:1, i:3) file /workdir/hadoop-ozone/integration-test/target/test-dir/MiniOzoneClusterImpl-b31733c6-727c-4256-9138-ff5b19d95bfe/datanode-1/data/ratis/c2fa87d6-81e7-4a93-a99b-0eda3e4540d0/sm/snapshot.1_3
2019-10-28 11:45:19,829 [84f4174e-6bb9-44ab-a36a-6c5af4251c6f@group-48B29381066B-StateMachineUpdater] INFO  ratis.ContainerStateMachine (ContainerStateMachine.java:takeSnapshot(305)) - group-48B29381066B: Finished taking a snapshot at:(t:3, i:7) file:/workdir/hadoop-ozone/integration-test/target/test-dir/MiniOzoneClusterImpl-b31733c6-727c-4256-9138-ff5b19d95bfe/datanode-7/data/ratis/7f77fb74-efbb-4dfa-8855-48b29381066b/sm/snapshot.3_7 time:14
2019-10-28 11:45:19,829 [03d0ba9c-9a68-4db9-a306-0d67556dce53@group-0EDA3E4540D0-StateMachineUpdater] INFO  ratis.ContainerStateMachine (ContainerStateMachine.java:takeSnapshot(305)) - group-0EDA3E4540D0: Finished taking a snapshot at:(t:1, i:3) file:/workdir/hadoop-ozone/integration-test/target/test-dir/MiniOzoneClusterImpl-b31733c6-727c-4256-9138-ff5b19d95bfe/datanode-1/data/ratis/c2fa87d6-81e7-4a93-a99b-0eda3e4540d0/sm/snapshot.1_3 time:14
2019-10-28 11:45:19,830 [03d0ba9c-9a68-4db9-a306-0d67556dce53@group-0EDA3E4540D0-StateMachineUpdater] INFO  impl.StateMachineUpdater (StateMachineUpdater.java:takeSnapshot(269)) - 03d0ba9c-9a68-4db9-a306-0d67556dce53@group-0EDA3E4540D0-StateMachineUpdater: Took a snapshot at index 3
2019-10-28 11:45:19,830 [03d0ba9c-9a68-4db9-a306-0d67556dce53@group-0EDA3E4540D0-StateMachineUpdater] INFO  impl.StateMachineUpdater (StateMachineUpdater.java:lambda$new$0(84)) - 03d0ba9c-9a68-4db9-a306-0d67556dce53@group-0EDA3E4540D0-StateMachineUpdater: snapshotIndex: updateIncreasingly 3 -> 3
2019-10-28 11:45:19,830 [ForkJoinPool.commonPool-worker-1] INFO  impl.RaftServerImpl (ServerState.java:close(388)) - 03d0ba9c-9a68-4db9-a306-0d67556dce53@group-0EDA3E4540D0: closes. applyIndex: 6
2019-10-28 11:45:19,831 [84f4174e-6bb9-44ab-a36a-6c5af4251c6f@group-48B29381066B-StateMachineUpdater] INFO  impl.StateMachineUpdater (StateMachineUpdater.java:takeSnapshot(269)) - 84f4174e-6bb9-44ab-a36a-6c5af4251c6f@group-48B29381066B-StateMachineUpdater: Took a snapshot at index 7
2019-10-28 11:45:19,831 [84f4174e-6bb9-44ab-a36a-6c5af4251c6f@group-48B29381066B-StateMachineUpdater] INFO  impl.StateMachineUpdater (StateMachineUpdater.java:lambda$new$0(84)) - 84f4174e-6bb9-44ab-a36a-6c5af4251c6f@group-48B29381066B-StateMachineUpdater: snapshotIndex: updateIncreasingly -1 -> 7
2019-10-28 11:45:19,831 [03d0ba9c-9a68-4db9-a306-0d67556dce53@group-0EDA3E4540D0-SegmentedRaftLogWorker] INFO  segmented.SegmentedRaftLogWorker (SegmentedRaftLogWorker.java:run(316)) - 03d0ba9c-9a68-4db9-a306-0d67556dce53@group-0EDA3E4540D0-SegmentedRaftLogWorker was interrupted, exiting. There are 0 tasks remaining in the queue.
2019-10-28 11:45:19,831 [ForkJoinPool.commonPool-worker-1] INFO  segmented.SegmentedRaftLogWorker (SegmentedRaftLogWorker.java:close(224)) - 03d0ba9c-9a68-4db9-a306-0d67556dce53@group-0EDA3E4540D0-SegmentedRaftLogWorker close()
2019-10-28 11:45:19,831 [84f4174e-6bb9-44ab-a36a-6c5af4251c6f@group-48B29381066B-StateMachineUpdater] INFO  ratis.ContainerStateMachine (ContainerStateMachine.java:takeSnapshot(294)) - group-48B29381066B: Taking a snapshot at:(t:3, i:7) file /workdir/hadoop-ozone/integration-test/target/test-dir/MiniOzoneClusterImpl-b31733c6-727c-4256-9138-ff5b19d95bfe/datanode-7/data/ratis/7f77fb74-efbb-4dfa-8855-48b29381066b/sm/snapshot.3_7
2019-10-28 11:45:19,832 [ForkJoinPool.commonPool-worker-1] INFO  server.GrpcService (GrpcService.java:closeImpl(164)) - 03d0ba9c-9a68-4db9-a306-0d67556dce53: shutdown server with port 33662 now
2019-10-28 11:45:19,833 [ForkJoinPool.commonPool-worker-1] INFO  server.GrpcService (GrpcService.java:closeImpl(172)) - 03d0ba9c-9a68-4db9-a306-0d67556dce53: shutdown server with port 33662 successfully
2019-10-28 11:45:19,835 [refreshUsed-/workdir/hadoop-ozone/integration-test/target/test-dir/MiniOzoneClusterImpl-b31733c6-727c-4256-9138-ff5b19d95bfe/datanode-1/data/containers] WARN  fs.CachingGetSpaceUsed (CachingGetSpaceUsed.java:run(183)) - Thread Interrupted waiting to refresh disk information: sleep interrupted
2019-10-28 11:45:19,844 [84f4174e-6bb9-44ab-a36a-6c5af4251c6f@group-48B29381066B-StateMachineUpdater] INFO  ratis.ContainerStateMachine (ContainerStateMachine.java:takeSnapshot(305)) - group-48B29381066B: Finished taking a snapshot at:(t:3, i:7) file:/workdir/hadoop-ozone/integration-test/target/test-dir/MiniOzoneClusterImpl-b31733c6-727c-4256-9138-ff5b19d95bfe/datanode-7/data/ratis/7f77fb74-efbb-4dfa-8855-48b29381066b/sm/snapshot.3_7 time:13
2019-10-28 11:45:19,844 [84f4174e-6bb9-44ab-a36a-6c5af4251c6f@group-48B29381066B-StateMachineUpdater] INFO  impl.StateMachineUpdater (StateMachineUpdater.java:takeSnapshot(269)) - 84f4174e-6bb9-44ab-a36a-6c5af4251c6f@group-48B29381066B-StateMachineUpdater: Took a snapshot at index 7
2019-10-28 11:45:19,844 [84f4174e-6bb9-44ab-a36a-6c5af4251c6f@group-48B29381066B-StateMachineUpdater] INFO  impl.StateMachineUpdater (StateMachineUpdater.java:lambda$new$0(84)) - 84f4174e-6bb9-44ab-a36a-6c5af4251c6f@group-48B29381066B-StateMachineUpdater: snapshotIndex: updateIncreasingly 7 -> 7
2019-10-28 11:45:19,845 [main] INFO  impl.RaftServerImpl (ServerState.java:close(388)) - 84f4174e-6bb9-44ab-a36a-6c5af4251c6f@group-48B29381066B: closes. applyIndex: 10
2019-10-28 11:45:19,845 [84f4174e-6bb9-44ab-a36a-6c5af4251c6f@group-48B29381066B-SegmentedRaftLogWorker] INFO  segmented.SegmentedRaftLogWorker (SegmentedRaftLogWorker.java:run(316)) - 84f4174e-6bb9-44ab-a36a-6c5af4251c6f@group-48B29381066B-SegmentedRaftLogWorker was interrupted, exiting. There are 0 tasks remaining in the queue.
2019-10-28 11:45:19,846 [main] INFO  segmented.SegmentedRaftLogWorker (SegmentedRaftLogWorker.java:close(224)) - 84f4174e-6bb9-44ab-a36a-6c5af4251c6f@group-48B29381066B-SegmentedRaftLogWorker close()
2019-10-28 11:45:19,846 [main] INFO  server.GrpcService (GrpcService.java:closeImpl(164)) - 84f4174e-6bb9-44ab-a36a-6c5af4251c6f: shutdown server with port 40080 now
2019-10-28 11:45:19,847 [main] INFO  server.GrpcService (GrpcService.java:closeImpl(172)) - 84f4174e-6bb9-44ab-a36a-6c5af4251c6f: shutdown server with port 40080 successfully
2019-10-28 11:45:19,849 [refreshUsed-/workdir/hadoop-ozone/integration-test/target/test-dir/MiniOzoneClusterImpl-b31733c6-727c-4256-9138-ff5b19d95bfe/datanode-7/data/containers] WARN  fs.CachingGetSpaceUsed (CachingGetSpaceUsed.java:run(183)) - Thread Interrupted waiting to refresh disk information: sleep interrupted
2019-10-28 11:45:19,864 [ForkJoinPool.commonPool-worker-1] INFO  utils.BackgroundService (BackgroundService.java:shutdown(151)) - Shutting down service BlockDeletingService
2019-10-28 11:45:19,869 [ForkJoinPool.commonPool-worker-1] INFO  statemachine.DatanodeStateMachine (DatanodeStateMachine.java:stopDaemon(395)) - Ozone container server stopped.
2019-10-28 11:45:19,872 [ForkJoinPool.commonPool-worker-1] INFO  handler.ContextHandler (ContextHandler.java:doStop(910)) - Stopped o.e.j.w.WebAppContext@6a1ef65c{/,null,UNAVAILABLE}{/hddsDatanode}
2019-10-28 11:45:19,873 [main] INFO  utils.BackgroundService (BackgroundService.java:shutdown(151)) - Shutting down service BlockDeletingService
2019-10-28 11:45:19,874 [ForkJoinPool.commonPool-worker-1] INFO  server.AbstractConnector (AbstractConnector.java:doStop(318)) - Stopped ServerConnector@72976b4{HTTP/1.1,[http/1.1]}{0.0.0.0:0}
2019-10-28 11:45:19,886 [main] INFO  statemachine.DatanodeStateMachine (DatanodeStateMachine.java:stopDaemon(395)) - Ozone container server stopped.
2019-10-28 11:45:19,886 [ForkJoinPool.commonPool-worker-1] INFO  handler.ContextHandler (ContextHandler.java:doStop(910)) - Stopped o.e.j.s.ServletContextHandler@d16be4f{/static,jar:file:/home/user/.m2/repository/org/apache/hadoop/hadoop-hdds-container-service/0.5.0-SNAPSHOT/hadoop-hdds-container-service-0.5.0-SNAPSHOT.jar!/webapps/static,UNAVAILABLE}
2019-10-28 11:45:19,886 [ForkJoinPool.commonPool-worker-1] INFO  handler.ContextHandler (ContextHandler.java:doStop(910)) - Stopped o.e.j.s.ServletContextHandler@67536ae0{/logs,file:///workdir/hadoop-ozone/integration-test/target/log,UNAVAILABLE}
2019-10-28 11:45:19,887 [main] INFO  handler.ContextHandler (ContextHandler.java:doStop(910)) - Stopped o.e.j.w.WebAppContext@733ec58b{/,null,UNAVAILABLE}{/hddsDatanode}
2019-10-28 11:45:19,888 [main] INFO  server.AbstractConnector (AbstractConnector.java:doStop(318)) - Stopped ServerConnector@723877dd{HTTP/1.1,[http/1.1]}{0.0.0.0:0}
2019-10-28 11:45:19,888 [main] INFO  handler.ContextHandler (ContextHandler.java:doStop(910)) - Stopped o.e.j.s.ServletContextHandler@41ccb3b9{/static,jar:file:/home/user/.m2/repository/org/apache/hadoop/hadoop-hdds-container-service/0.5.0-SNAPSHOT/hadoop-hdds-container-service-0.5.0-SNAPSHOT.jar!/webapps/static,UNAVAILABLE}
2019-10-28 11:45:19,888 [main] INFO  handler.ContextHandler (ContextHandler.java:doStop(910)) - Stopped o.e.j.s.ServletContextHandler@270d43a7{/logs,file:///workdir/hadoop-ozone/integration-test/target/log,UNAVAILABLE}
2019-10-28 11:45:19,889 [main] INFO  ozone.MiniOzoneClusterImpl (MiniOzoneClusterImpl.java:stopSCM(392)) - Stopping the StorageContainerManager
2019-10-28 11:45:19,889 [main] INFO  server.StorageContainerManager (StorageContainerManager.java:stop(810)) - Stopping Replication Manager Service.
2019-10-28 11:45:19,889 [main] INFO  container.ReplicationManager (ReplicationManager.java:stop(203)) - Stopping Replication Monitor Thread.
2019-10-28 11:45:19,889 [main] INFO  server.StorageContainerManager (StorageContainerManager.java:stop(817)) - Stopping Lease Manager of the command watchers
2019-10-28 11:45:19,890 [main] INFO  server.StorageContainerManager (StorageContainerManager.java:stop(824)) - Stopping datanode service RPC server
2019-10-28 11:45:19,890 [main] INFO  server.SCMDatanodeProtocolServer (SCMDatanodeProtocolServer.java:stop(346)) - Stopping the RPC server for DataNodes
2019-10-28 11:45:19,890 [main] INFO  ipc.Server (Server.java:stop(3082)) - Stopping server on 46118
2019-10-28 11:45:19,892 [IPC Server listener on 46118] INFO  ipc.Server (Server.java:run(1185)) - Stopping IPC Server listener on 46118
2019-10-28 11:45:19,892 [IPC Server Responder] INFO  ipc.Server (Server.java:run(1319)) - Stopping IPC Server Responder
2019-10-28 11:45:19,961 [SCM Heartbeat Processing Thread - 0] WARN  node.NodeStateManager (NodeStateManager.java:scheduleNextHealthCheck(646)) - Current Thread is interrupted, shutting down HB processing thread for Node Manager.
2019-10-28 11:45:19,962 [main] INFO  server.StorageContainerManager (StorageContainerManager.java:stop(832)) - Stopping block service RPC server
2019-10-28 11:45:19,962 [main] INFO  server.SCMBlockProtocolServer (SCMBlockProtocolServer.java:stop(155)) - Stopping the RPC server for Block Protocol
2019-10-28 11:45:19,962 [main] INFO  ipc.Server (Server.java:stop(3082)) - Stopping server on 45287
2019-10-28 11:45:19,965 [IPC Server listener on 45287] INFO  ipc.Server (Server.java:run(1185)) - Stopping IPC Server listener on 45287
2019-10-28 11:45:19,965 [main] INFO  server.StorageContainerManager (StorageContainerManager.java:stop(839)) - Stopping the StorageContainerLocationProtocol RPC server
2019-10-28 11:45:19,965 [IPC Server Responder] INFO  ipc.Server (Server.java:run(1319)) - Stopping IPC Server Responder
2019-10-28 11:45:19,965 [main] INFO  server.SCMClientProtocolServer (SCMClientProtocolServer.java:stop(168)) - Stopping the RPC server for Client Protocol
2019-10-28 11:45:19,966 [main] INFO  ipc.Server (Server.java:stop(3082)) - Stopping server on 45762
2019-10-28 11:45:19,968 [IPC Server listener on 45762] INFO  ipc.Server (Server.java:run(1185)) - Stopping IPC Server listener on 45762
2019-10-28 11:45:19,968 [main] INFO  server.StorageContainerManager (StorageContainerManager.java:stop(846)) - Stopping Storage Container Manager HTTP server.
2019-10-28 11:45:19,969 [IPC Server Responder] INFO  ipc.Server (Server.java:run(1319)) - Stopping IPC Server Responder
2019-10-28 11:45:19,970 [main] INFO  handler.ContextHandler (ContextHandler.java:doStop(910)) - Stopped o.e.j.w.WebAppContext@1fedf0a4{/,null,UNAVAILABLE}{/scm}
2019-10-28 11:45:19,971 [main] INFO  server.AbstractConnector (AbstractConnector.java:doStop(318)) - Stopped ServerConnector@1e4c6583{HTTP/1.1,[http/1.1]}{0.0.0.0:0}
2019-10-28 11:45:19,971 [main] INFO  handler.ContextHandler (ContextHandler.java:doStop(910)) - Stopped o.e.j.s.ServletContextHandler@506aabf6{/static,file:///workdir/hadoop-ozone/integration-test/target/test-classes/webapps/static,UNAVAILABLE}
2019-10-28 11:45:19,972 [main] INFO  handler.ContextHandler (ContextHandler.java:doStop(910)) - Stopped o.e.j.s.ServletContextHandler@3330f3ad{/logs,file:///workdir/hadoop-ozone/integration-test/target/log,UNAVAILABLE}
2019-10-28 11:45:19,972 [main] INFO  server.StorageContainerManager (StorageContainerManager.java:stop(857)) - Stopping Block Manager Service.
2019-10-28 11:45:19,973 [main] INFO  utils.BackgroundService (BackgroundService.java:shutdown(151)) - Shutting down service SCMBlockDeletingService
2019-10-28 11:45:19,973 [main] INFO  utils.BackgroundService (BackgroundService.java:shutdown(151)) - Shutting down service SCMBlockDeletingService
2019-10-28 11:45:19,974 [main] INFO  server.StorageContainerManager (StorageContainerManager.java:stop(879)) - Stopping SCM Event Queue.
2019-10-28 11:45:19,980 [main] INFO  impl.MetricsSystemImpl (MetricsSystemImpl.java:stop(210)) - Stopping HddsDatanode metrics system...
2019-10-28 11:45:20,002 [main] INFO  impl.MetricsSystemImpl (MetricsSystemImpl.java:stop(216)) - HddsDatanode metrics system stopped.
]]></system-out>
    <system-err><![CDATA[Exception in thread "24830d12-f44b-43d9-b733-6f9667bbd6c9@group-08147416B334-LeaderElection171" java.lang.IllegalStateException: ILLEGAL TRANSITION: In 24830d12-f44b-43d9-b733-6f9667bbd6c9@group-08147416B334-LeaderElection171, RUNNING -> CLOSED
	at org.apache.ratis.util.Preconditions.assertTrue(Preconditions.java:63)
	at org.apache.ratis.util.LifeCycle$State.validate(LifeCycle.java:123)
	at org.apache.ratis.util.LifeCycle.transition(LifeCycle.java:143)
	at org.apache.ratis.server.impl.LeaderElection.run(LeaderElection.java:151)
	at java.lang.Thread.run(Thread.java:748)
Oct 28, 2019 11:45:00 AM org.apache.ratis.thirdparty.io.grpc.internal.SerializingExecutor run
SEVERE: Exception while executing runnable org.apache.ratis.thirdparty.io.grpc.internal.ClientCallImpl$ClientStreamListenerImpl$1StreamClosed@5e488bb3
java.lang.NullPointerException
	at org.apache.ratis.grpc.server.GrpcLogAppender$AppendLogResponseHandler.onError(GrpcLogAppender.java:303)
	at org.apache.ratis.thirdparty.io.grpc.stub.ClientCalls$StreamObserverToCallListenerAdapter.onClose(ClientCalls.java:434)
	at org.apache.ratis.thirdparty.io.grpc.PartialForwardingClientCallListener.onClose(PartialForwardingClientCallListener.java:39)
	at org.apache.ratis.thirdparty.io.grpc.ForwardingClientCallListener.onClose(ForwardingClientCallListener.java:23)
	at org.apache.ratis.thirdparty.io.grpc.ForwardingClientCallListener$SimpleForwardingClientCallListener.onClose(ForwardingClientCallListener.java:40)
	at org.apache.ratis.thirdparty.io.grpc.internal.CensusStatsModule$StatsClientInterceptor$1$1.onClose(CensusStatsModule.java:678)
	at org.apache.ratis.thirdparty.io.grpc.PartialForwardingClientCallListener.onClose(PartialForwardingClientCallListener.java:39)
	at org.apache.ratis.thirdparty.io.grpc.ForwardingClientCallListener.onClose(ForwardingClientCallListener.java:23)
	at org.apache.ratis.thirdparty.io.grpc.ForwardingClientCallListener$SimpleForwardingClientCallListener.onClose(ForwardingClientCallListener.java:40)
	at org.apache.ratis.thirdparty.io.grpc.internal.CensusTracingModule$TracingClientInterceptor$1$1.onClose(CensusTracingModule.java:397)
	at org.apache.ratis.thirdparty.io.grpc.internal.ClientCallImpl.closeObserver(ClientCallImpl.java:459)
	at org.apache.ratis.thirdparty.io.grpc.internal.ClientCallImpl.access$300(ClientCallImpl.java:63)
	at org.apache.ratis.thirdparty.io.grpc.internal.ClientCallImpl$ClientStreamListenerImpl.close(ClientCallImpl.java:546)
	at org.apache.ratis.thirdparty.io.grpc.internal.ClientCallImpl$ClientStreamListenerImpl.access$600(ClientCallImpl.java:467)
	at org.apache.ratis.thirdparty.io.grpc.internal.ClientCallImpl$ClientStreamListenerImpl$1StreamClosed.runInContext(ClientCallImpl.java:584)
	at org.apache.ratis.thirdparty.io.grpc.internal.ContextRunnable.run(ContextRunnable.java:37)
	at org.apache.ratis.thirdparty.io.grpc.internal.SerializingExecutor.run(SerializingExecutor.java:123)
	at java.util.concurrent.ThreadPoolExecutor.runWorker(ThreadPoolExecutor.java:1149)
	at java.util.concurrent.ThreadPoolExecutor$Worker.run(ThreadPoolExecutor.java:624)
	at java.lang.Thread.run(Thread.java:748)

Oct 28, 2019 11:45:00 AM org.apache.ratis.thirdparty.io.grpc.internal.SerializingExecutor run
SEVERE: Exception while executing runnable org.apache.ratis.thirdparty.io.grpc.internal.ClientCallImpl$ClientStreamListenerImpl$1StreamClosed@78f84ea5
java.lang.NullPointerException
	at org.apache.ratis.grpc.server.GrpcLogAppender$AppendLogResponseHandler.onError(GrpcLogAppender.java:303)
	at org.apache.ratis.thirdparty.io.grpc.stub.ClientCalls$StreamObserverToCallListenerAdapter.onClose(ClientCalls.java:434)
	at org.apache.ratis.thirdparty.io.grpc.PartialForwardingClientCallListener.onClose(PartialForwardingClientCallListener.java:39)
	at org.apache.ratis.thirdparty.io.grpc.ForwardingClientCallListener.onClose(ForwardingClientCallListener.java:23)
	at org.apache.ratis.thirdparty.io.grpc.ForwardingClientCallListener$SimpleForwardingClientCallListener.onClose(ForwardingClientCallListener.java:40)
	at org.apache.ratis.thirdparty.io.grpc.internal.CensusStatsModule$StatsClientInterceptor$1$1.onClose(CensusStatsModule.java:678)
	at org.apache.ratis.thirdparty.io.grpc.PartialForwardingClientCallListener.onClose(PartialForwardingClientCallListener.java:39)
	at org.apache.ratis.thirdparty.io.grpc.ForwardingClientCallListener.onClose(ForwardingClientCallListener.java:23)
	at org.apache.ratis.thirdparty.io.grpc.ForwardingClientCallListener$SimpleForwardingClientCallListener.onClose(ForwardingClientCallListener.java:40)
	at org.apache.ratis.thirdparty.io.grpc.internal.CensusTracingModule$TracingClientInterceptor$1$1.onClose(CensusTracingModule.java:397)
	at org.apache.ratis.thirdparty.io.grpc.internal.ClientCallImpl.closeObserver(ClientCallImpl.java:459)
	at org.apache.ratis.thirdparty.io.grpc.internal.ClientCallImpl.access$300(ClientCallImpl.java:63)
	at org.apache.ratis.thirdparty.io.grpc.internal.ClientCallImpl$ClientStreamListenerImpl.close(ClientCallImpl.java:546)
	at org.apache.ratis.thirdparty.io.grpc.internal.ClientCallImpl$ClientStreamListenerImpl.access$600(ClientCallImpl.java:467)
	at org.apache.ratis.thirdparty.io.grpc.internal.ClientCallImpl$ClientStreamListenerImpl$1StreamClosed.runInContext(ClientCallImpl.java:584)
	at org.apache.ratis.thirdparty.io.grpc.internal.ContextRunnable.run(ContextRunnable.java:37)
	at org.apache.ratis.thirdparty.io.grpc.internal.SerializingExecutor.run(SerializingExecutor.java:123)
	at java.util.concurrent.ThreadPoolExecutor.runWorker(ThreadPoolExecutor.java:1149)
	at java.util.concurrent.ThreadPoolExecutor$Worker.run(ThreadPoolExecutor.java:624)
	at java.lang.Thread.run(Thread.java:748)

Oct 28, 2019 11:45:04 AM org.apache.ratis.thirdparty.io.grpc.internal.SerializingExecutor run
SEVERE: Exception while executing runnable org.apache.ratis.thirdparty.io.grpc.internal.ClientCallImpl$ClientStreamListenerImpl$1StreamClosed@7500a4c6
java.lang.NullPointerException
	at org.apache.ratis.grpc.server.GrpcLogAppender$AppendLogResponseHandler.onError(GrpcLogAppender.java:303)
	at org.apache.ratis.thirdparty.io.grpc.stub.ClientCalls$StreamObserverToCallListenerAdapter.onClose(ClientCalls.java:434)
	at org.apache.ratis.thirdparty.io.grpc.PartialForwardingClientCallListener.onClose(PartialForwardingClientCallListener.java:39)
	at org.apache.ratis.thirdparty.io.grpc.ForwardingClientCallListener.onClose(ForwardingClientCallListener.java:23)
	at org.apache.ratis.thirdparty.io.grpc.ForwardingClientCallListener$SimpleForwardingClientCallListener.onClose(ForwardingClientCallListener.java:40)
	at org.apache.ratis.thirdparty.io.grpc.internal.CensusStatsModule$StatsClientInterceptor$1$1.onClose(CensusStatsModule.java:678)
	at org.apache.ratis.thirdparty.io.grpc.PartialForwardingClientCallListener.onClose(PartialForwardingClientCallListener.java:39)
	at org.apache.ratis.thirdparty.io.grpc.ForwardingClientCallListener.onClose(ForwardingClientCallListener.java:23)
	at org.apache.ratis.thirdparty.io.grpc.ForwardingClientCallListener$SimpleForwardingClientCallListener.onClose(ForwardingClientCallListener.java:40)
	at org.apache.ratis.thirdparty.io.grpc.internal.CensusTracingModule$TracingClientInterceptor$1$1.onClose(CensusTracingModule.java:397)
	at org.apache.ratis.thirdparty.io.grpc.internal.ClientCallImpl.closeObserver(ClientCallImpl.java:459)
	at org.apache.ratis.thirdparty.io.grpc.internal.ClientCallImpl.access$300(ClientCallImpl.java:63)
	at org.apache.ratis.thirdparty.io.grpc.internal.ClientCallImpl$ClientStreamListenerImpl.close(ClientCallImpl.java:546)
	at org.apache.ratis.thirdparty.io.grpc.internal.ClientCallImpl$ClientStreamListenerImpl.access$600(ClientCallImpl.java:467)
	at org.apache.ratis.thirdparty.io.grpc.internal.ClientCallImpl$ClientStreamListenerImpl$1StreamClosed.runInContext(ClientCallImpl.java:584)
	at org.apache.ratis.thirdparty.io.grpc.internal.ContextRunnable.run(ContextRunnable.java:37)
	at org.apache.ratis.thirdparty.io.grpc.internal.SerializingExecutor.run(SerializingExecutor.java:123)
	at java.util.concurrent.ThreadPoolExecutor.runWorker(ThreadPoolExecutor.java:1149)
	at java.util.concurrent.ThreadPoolExecutor$Worker.run(ThreadPoolExecutor.java:624)
	at java.lang.Thread.run(Thread.java:748)

Oct 28, 2019 11:45:04 AM org.apache.ratis.thirdparty.io.grpc.internal.SerializingExecutor run
SEVERE: Exception while executing runnable org.apache.ratis.thirdparty.io.grpc.internal.ServerImpl$JumpToApplicationThreadServerStreamListener$1Closed@59fe0b0a
org.apache.ratis.thirdparty.io.grpc.StatusRuntimeException: CANCELLED: call already cancelled
	at org.apache.ratis.thirdparty.io.grpc.Status.asRuntimeException(Status.java:517)
	at org.apache.ratis.thirdparty.io.grpc.stub.ServerCalls$ServerCallStreamObserverImpl.onCompleted(ServerCalls.java:356)
	at org.apache.ratis.grpc.server.GrpcServerProtocolService$ServerRequestStreamObserver.onError(GrpcServerProtocolService.java:121)
	at org.apache.ratis.thirdparty.io.grpc.stub.ServerCalls$StreamingServerCallHandler$StreamingServerCallListener.onCancel(ServerCalls.java:269)
	at org.apache.ratis.thirdparty.io.grpc.internal.ServerCallImpl$ServerStreamListenerImpl.closed(ServerCallImpl.java:293)
	at org.apache.ratis.thirdparty.io.grpc.internal.ServerImpl$JumpToApplicationThreadServerStreamListener$1Closed.runInContext(ServerImpl.java:741)
	at org.apache.ratis.thirdparty.io.grpc.internal.ContextRunnable.run(ContextRunnable.java:37)
	at org.apache.ratis.thirdparty.io.grpc.internal.SerializingExecutor.run(SerializingExecutor.java:123)
	at java.util.concurrent.ThreadPoolExecutor.runWorker(ThreadPoolExecutor.java:1149)
	at java.util.concurrent.ThreadPoolExecutor$Worker.run(ThreadPoolExecutor.java:624)
	at java.lang.Thread.run(Thread.java:748)

Oct 28, 2019 11:45:05 AM org.apache.ratis.thirdparty.io.grpc.internal.SerializingExecutor run
SEVERE: Exception while executing runnable org.apache.ratis.thirdparty.io.grpc.internal.ClientCallImpl$ClientStreamListenerImpl$1StreamClosed@ec602ff
java.lang.NullPointerException
	at org.apache.ratis.grpc.server.GrpcLogAppender$AppendLogResponseHandler.onError(GrpcLogAppender.java:303)
	at org.apache.ratis.thirdparty.io.grpc.stub.ClientCalls$StreamObserverToCallListenerAdapter.onClose(ClientCalls.java:434)
	at org.apache.ratis.thirdparty.io.grpc.PartialForwardingClientCallListener.onClose(PartialForwardingClientCallListener.java:39)
	at org.apache.ratis.thirdparty.io.grpc.ForwardingClientCallListener.onClose(ForwardingClientCallListener.java:23)
	at org.apache.ratis.thirdparty.io.grpc.ForwardingClientCallListener$SimpleForwardingClientCallListener.onClose(ForwardingClientCallListener.java:40)
	at org.apache.ratis.thirdparty.io.grpc.internal.CensusStatsModule$StatsClientInterceptor$1$1.onClose(CensusStatsModule.java:678)
	at org.apache.ratis.thirdparty.io.grpc.PartialForwardingClientCallListener.onClose(PartialForwardingClientCallListener.java:39)
	at org.apache.ratis.thirdparty.io.grpc.ForwardingClientCallListener.onClose(ForwardingClientCallListener.java:23)
	at org.apache.ratis.thirdparty.io.grpc.ForwardingClientCallListener$SimpleForwardingClientCallListener.onClose(ForwardingClientCallListener.java:40)
	at org.apache.ratis.thirdparty.io.grpc.internal.CensusTracingModule$TracingClientInterceptor$1$1.onClose(CensusTracingModule.java:397)
	at org.apache.ratis.thirdparty.io.grpc.internal.ClientCallImpl.closeObserver(ClientCallImpl.java:459)
	at org.apache.ratis.thirdparty.io.grpc.internal.ClientCallImpl.access$300(ClientCallImpl.java:63)
	at org.apache.ratis.thirdparty.io.grpc.internal.ClientCallImpl$ClientStreamListenerImpl.close(ClientCallImpl.java:546)
	at org.apache.ratis.thirdparty.io.grpc.internal.ClientCallImpl$ClientStreamListenerImpl.access$600(ClientCallImpl.java:467)
	at org.apache.ratis.thirdparty.io.grpc.internal.ClientCallImpl$ClientStreamListenerImpl$1StreamClosed.runInContext(ClientCallImpl.java:584)
	at org.apache.ratis.thirdparty.io.grpc.internal.ContextRunnable.run(ContextRunnable.java:37)
	at org.apache.ratis.thirdparty.io.grpc.internal.SerializingExecutor.run(SerializingExecutor.java:123)
	at java.util.concurrent.ThreadPoolExecutor.runWorker(ThreadPoolExecutor.java:1149)
	at java.util.concurrent.ThreadPoolExecutor$Worker.run(ThreadPoolExecutor.java:624)
	at java.lang.Thread.run(Thread.java:748)

]]></system-err>
  </testcase>
  <testcase name="testWriteSmallFile" classname="org.apache.hadoop.ozone.client.rpc.TestFailureHandlingByClient" time="45.794"/>
  <testcase name="testBlockWritesWithDnFailures" classname="org.apache.hadoop.ozone.client.rpc.TestFailureHandlingByClient" time="51.146"/>
  <testcase name="testDatanodeExclusionWithMajorityCommit" classname="org.apache.hadoop.ozone.client.rpc.TestFailureHandlingByClient" time="57.679"/>
</testsuite>