<?xml version="1.0" encoding="UTF-8"?>
<testsuite xmlns:xsi="http://www.w3.org/2001/XMLSchema-instance" xsi:noNamespaceSchemaLocation="https://maven.apache.org/surefire/maven-surefire-plugin/xsd/surefire-test-report.xsd" name="org.apache.hadoop.ozone.client.rpc.TestDeleteWithSlowFollower" time="139.319" tests="1" errors="0" skipped="0" failures="1">
  <properties>
    <property name="awt.toolkit" value="sun.awt.X11.XToolkit"/>
    <property name="file.encoding.pkg" value="sun.io"/>
    <property name="java.specification.version" value="1.8"/>
    <property name="sun.cpu.isalist" value=""/>
    <property name="sun.jnu.encoding" value="ANSI_X3.4-1968"/>
    <property name="java.class.path" value="/workdir/hadoop-ozone/integration-test/target/test-classes:/workdir/hadoop-ozone/integration-test/target/classes:/home/user/.m2/repository/org/apache/hadoop/hadoop-ozone-common/0.5.0-SNAPSHOT/hadoop-ozone-common-0.5.0-SNAPSHOT.jar:/home/user/.m2/repository/org/apache/commons/commons-compress/1.4.1/commons-compress-1.4.1.jar:/home/user/.m2/repository/org/tukaani/xz/1.0/xz-1.0.jar:/home/user/.m2/repository/org/apache/hadoop/hadoop-common/3.2.0/hadoop-common-3.2.0.jar:/home/user/.m2/repository/org/apache/hadoop/hadoop-hdfs/3.2.0/hadoop-hdfs-3.2.0.jar:/home/user/.m2/repository/org/apache/hadoop/hadoop-hdfs-client/3.2.0/hadoop-hdfs-client-3.2.0.jar:/home/user/.m2/repository/com/fasterxml/jackson/core/jackson-annotations/2.9.9/jackson-annotations-2.9.9.jar:/home/user/.m2/repository/org/apache/hadoop/hadoop-hdds-common/0.5.0-SNAPSHOT/hadoop-hdds-common-0.5.0-SNAPSHOT.jar:/home/user/.m2/repository/javax/annotation/javax.annotation-api/1.2/javax.annotation-api-1.2.jar:/home/user/.m2/repository/org/apache/ratis/ratis-server/0.5.0-ced7dbf-SNAPSHOT/ratis-server-0.5.0-ced7dbf-SNAPSHOT.jar:/home/user/.m2/repository/org/apache/ratis/ratis-thirdparty-misc/0.2.0/ratis-thirdparty-misc-0.2.0.jar:/home/user/.m2/repository/org/apache/ratis/ratis-proto/0.5.0-ced7dbf-SNAPSHOT/ratis-proto-0.5.0-ced7dbf-SNAPSHOT.jar:/home/user/.m2/repository/org/apache/ratis/ratis-common/0.5.0-ced7dbf-SNAPSHOT/ratis-common-0.5.0-ced7dbf-SNAPSHOT.jar:/home/user/.m2/repository/org/apache/ratis/ratis-client/0.5.0-ced7dbf-SNAPSHOT/ratis-client-0.5.0-ced7dbf-SNAPSHOT.jar:/home/user/.m2/repository/org/apache/ratis/ratis-metrics/0.5.0-ced7dbf-SNAPSHOT/ratis-metrics-0.5.0-ced7dbf-SNAPSHOT.jar:/home/user/.m2/repository/org/apache/ratis/ratis-netty/0.5.0-ced7dbf-SNAPSHOT/ratis-netty-0.5.0-ced7dbf-SNAPSHOT.jar:/home/user/.m2/repository/org/apache/ratis/ratis-grpc/0.5.0-ced7dbf-SNAPSHOT/ratis-grpc-0.5.0-ced7dbf-SNAPSHOT.jar:/home/user/.m2/repository/org/rocksdb/rocksdbjni/6.0.1/rocksdbjni-6.0.1.jar:/home/user/.m2/repository/org/apache/logging/log4j/log4j-api/2.11.0/log4j-api-2.11.0.jar:/home/user/.m2/repository/org/apache/logging/log4j/log4j-core/2.11.0/log4j-core-2.11.0.jar:/home/user/.m2/repository/com/lmax/disruptor/3.4.2/disruptor-3.4.2.jar:/home/user/.m2/repository/org/apache/commons/commons-pool2/2.6.0/commons-pool2-2.6.0.jar:/home/user/.m2/repository/org/bouncycastle/bcpkix-jdk15on/1.60/bcpkix-jdk15on-1.60.jar:/home/user/.m2/repository/commons-validator/commons-validator/1.6/commons-validator-1.6.jar:/home/user/.m2/repository/commons-digester/commons-digester/1.8.1/commons-digester-1.8.1.jar:/home/user/.m2/repository/io/jaegertracing/jaeger-client/0.34.0/jaeger-client-0.34.0.jar:/home/user/.m2/repository/io/jaegertracing/jaeger-thrift/0.34.0/jaeger-thrift-0.34.0.jar:/home/user/.m2/repository/org/apache/thrift/libthrift/0.12.0/libthrift-0.12.0.jar:/home/user/.m2/repository/com/squareup/okhttp3/okhttp/3.9.0/okhttp-3.9.0.jar:/home/user/.m2/repository/com/squareup/okio/okio/1.13.0/okio-1.13.0.jar:/home/user/.m2/repository/io/jaegertracing/jaeger-core/0.34.0/jaeger-core-0.34.0.jar:/home/user/.m2/repository/io/jaegertracing/jaeger-tracerresolver/0.34.0/jaeger-tracerresolver-0.34.0.jar:/home/user/.m2/repository/io/opentracing/contrib/opentracing-tracerresolver/0.1.5/opentracing-tracerresolver-0.1.5.jar:/home/user/.m2/repository/io/opentracing/opentracing-util/0.31.0/opentracing-util-0.31.0.jar:/home/user/.m2/repository/io/opentracing/opentracing-api/0.31.0/opentracing-api-0.31.0.jar:/home/user/.m2/repository/io/opentracing/opentracing-noop/0.31.0/opentracing-noop-0.31.0.jar:/home/user/.m2/repository/org/apache/hadoop/hadoop-hdds-server-framework/0.5.0-SNAPSHOT/hadoop-hdds-server-framework-0.5.0-SNAPSHOT.jar:/home/user/.m2/repository/org/apache/hadoop/hadoop-hdds-container-service/0.5.0-SNAPSHOT/hadoop-hdds-container-service-0.5.0-SNAPSHOT.jar:/home/user/.m2/repository/org/apache/hadoop/hadoop-hdds-client/0.5.0-SNAPSHOT/hadoop-hdds-client-0.5.0-SNAPSHOT.jar:/home/user/.m2/repository/org/apache/hadoop/hadoop-hdds-tools/0.5.0-SNAPSHOT/hadoop-hdds-tools-0.5.0-SNAPSHOT.jar:/home/user/.m2/repository/org/apache/hadoop/hadoop-hdds-server-scm/0.5.0-SNAPSHOT/hadoop-hdds-server-scm-0.5.0-SNAPSHOT.jar:/home/user/.m2/repository/org/apache/hadoop/hadoop-hdds-docs/0.5.0-SNAPSHOT/hadoop-hdds-docs-0.5.0-SNAPSHOT.jar:/home/user/.m2/repository/io/dropwizard/metrics/metrics-core/3.2.4/metrics-core-3.2.4.jar:/home/user/.m2/repository/org/hamcrest/hamcrest-all/1.3/hamcrest-all-1.3.jar:/home/user/.m2/repository/org/bouncycastle/bcprov-jdk15on/1.60/bcprov-jdk15on-1.60.jar:/home/user/.m2/repository/info/picocli/picocli/3.9.6/picocli-3.9.6.jar:/home/user/.m2/repository/com/google/protobuf/protobuf-java/2.5.0/protobuf-java-2.5.0.jar:/home/user/.m2/repository/com/google/guava/guava/11.0.2/guava-11.0.2.jar:/home/user/.m2/repository/org/apache/hadoop/hadoop-ozone-ozone-manager/0.5.0-SNAPSHOT/hadoop-ozone-ozone-manager-0.5.0-SNAPSHOT.jar:/home/user/.m2/repository/org/apache/hadoop/hadoop-minikdc/3.2.0/hadoop-minikdc-3.2.0.jar:/home/user/.m2/repository/commons-io/commons-io/2.5/commons-io-2.5.jar:/home/user/.m2/repository/org/apache/kerby/kerb-simplekdc/1.0.1/kerb-simplekdc-1.0.1.jar:/home/user/.m2/repository/org/apache/kerby/kerb-client/1.0.1/kerb-client-1.0.1.jar:/home/user/.m2/repository/org/apache/kerby/kerby-config/1.0.1/kerby-config-1.0.1.jar:/home/user/.m2/repository/org/apache/kerby/kerb-core/1.0.1/kerb-core-1.0.1.jar:/home/user/.m2/repository/org/apache/kerby/kerby-pkix/1.0.1/kerby-pkix-1.0.1.jar:/home/user/.m2/repository/org/apache/kerby/kerby-asn1/1.0.1/kerby-asn1-1.0.1.jar:/home/user/.m2/repository/org/apache/kerby/kerby-util/1.0.1/kerby-util-1.0.1.jar:/home/user/.m2/repository/org/apache/kerby/kerb-common/1.0.1/kerb-common-1.0.1.jar:/home/user/.m2/repository/org/apache/kerby/kerb-crypto/1.0.1/kerb-crypto-1.0.1.jar:/home/user/.m2/repository/org/apache/kerby/kerb-util/1.0.1/kerb-util-1.0.1.jar:/home/user/.m2/repository/org/apache/kerby/token-provider/1.0.1/token-provider-1.0.1.jar:/home/user/.m2/repository/org/apache/kerby/kerb-admin/1.0.1/kerb-admin-1.0.1.jar:/home/user/.m2/repository/org/apache/kerby/kerb-server/1.0.1/kerb-server-1.0.1.jar:/home/user/.m2/repository/org/apache/kerby/kerb-identity/1.0.1/kerb-identity-1.0.1.jar:/home/user/.m2/repository/org/apache/kerby/kerby-xdr/1.0.1/kerby-xdr-1.0.1.jar:/home/user/.m2/repository/org/slf4j/slf4j-log4j12/1.7.25/slf4j-log4j12-1.7.25.jar:/home/user/.m2/repository/org/apache/hadoop/hadoop-ozone-s3gateway/0.5.0-SNAPSHOT/hadoop-ozone-s3gateway-0.5.0-SNAPSHOT.jar:/home/user/.m2/repository/org/jboss/weld/servlet/weld-servlet/2.4.7.Final/weld-servlet-2.4.7.Final.jar:/home/user/.m2/repository/org/glassfish/jersey/containers/jersey-container-servlet-core/2.27/jersey-container-servlet-core-2.27.jar:/home/user/.m2/repository/org/glassfish/hk2/external/javax.inject/2.5.0-b42/javax.inject-2.5.0-b42.jar:/home/user/.m2/repository/org/glassfish/jersey/core/jersey-common/2.27/jersey-common-2.27.jar:/home/user/.m2/repository/org/glassfish/hk2/osgi-resource-locator/1.0.1/osgi-resource-locator-1.0.1.jar:/home/user/.m2/repository/javax/ws/rs/javax.ws.rs-api/2.1/javax.ws.rs-api-2.1.jar:/home/user/.m2/repository/org/glassfish/jersey/ext/cdi/jersey-cdi1x/2.27/jersey-cdi1x-2.27.jar:/home/user/.m2/repository/org/glassfish/jersey/inject/jersey-hk2/2.27/jersey-hk2-2.27.jar:/home/user/.m2/repository/org/glassfish/hk2/hk2-locator/2.5.0-b42/hk2-locator-2.5.0-b42.jar:/home/user/.m2/repository/org/javassist/javassist/3.22.0-CR2/javassist-3.22.0-CR2.jar:/home/user/.m2/repository/org/glassfish/hk2/hk2-api/2.5.0/hk2-api-2.5.0.jar:/home/user/.m2/repository/org/glassfish/hk2/external/jakarta.inject/2.5.0/jakarta.inject-2.5.0.jar:/home/user/.m2/repository/org/glassfish/hk2/hk2-utils/2.5.0/hk2-utils-2.5.0.jar:/home/user/.m2/repository/jakarta/annotation/jakarta.annotation-api/1.3.4/jakarta.annotation-api-1.3.4.jar:/home/user/.m2/repository/org/glassfish/hk2/external/aopalliance-repackaged/2.5.0/aopalliance-repackaged-2.5.0.jar:/home/user/.m2/repository/com/fasterxml/jackson/dataformat/jackson-dataformat-xml/2.9.0/jackson-dataformat-xml-2.9.0.jar:/home/user/.m2/repository/com/fasterxml/jackson/core/jackson-core/2.9.9/jackson-core-2.9.9.jar:/home/user/.m2/repository/com/fasterxml/jackson/module/jackson-module-jaxb-annotations/2.9.9/jackson-module-jaxb-annotations-2.9.9.jar:/home/user/.m2/repository/javax/enterprise/cdi-api/1.2/cdi-api-1.2.jar:/home/user/.m2/repository/javax/el/javax.el-api/3.0.0/javax.el-api-3.0.0.jar:/home/user/.m2/repository/javax/interceptor/javax.interceptor-api/1.2/javax.interceptor-api-1.2.jar:/home/user/.m2/repository/javax/inject/javax.inject/1/javax.inject-1.jar:/home/user/.m2/repository/com/sun/xml/bind/jaxb-impl/2.3.0.1/jaxb-impl-2.3.0.1.jar:/home/user/.m2/repository/com/sun/xml/bind/jaxb-core/2.3.0.1/jaxb-core-2.3.0.1.jar:/home/user/.m2/repository/javax/xml/bind/jaxb-api/2.3.0/jaxb-api-2.3.0.jar:/home/user/.m2/repository/javax/activation/activation/1.1.1/activation-1.1.1.jar:/home/user/.m2/repository/org/apache/hadoop/hadoop-ozone-csi/0.5.0-SNAPSHOT/hadoop-ozone-csi-0.5.0-SNAPSHOT.jar:/home/user/.m2/repository/com/google/protobuf/protobuf-java-util/3.5.1/protobuf-java-util-3.5.1.jar:/home/user/.m2/repository/org/apache/hadoop/hadoop-hdds-config/0.5.0-SNAPSHOT/hadoop-hdds-config-0.5.0-SNAPSHOT.jar:/home/user/.m2/repository/io/grpc/grpc-netty/1.17.1/grpc-netty-1.17.1.jar:/home/user/.m2/repository/io/grpc/grpc-core/1.17.1/grpc-core-1.17.1.jar:/home/user/.m2/repository/io/grpc/grpc-context/1.17.1/grpc-context-1.17.1.jar:/home/user/.m2/repository/com/google/errorprone/error_prone_annotations/2.2.0/error_prone_annotations-2.2.0.jar:/home/user/.m2/repository/org/codehaus/mojo/animal-sniffer-annotations/1.17/animal-sniffer-annotations-1.17.jar:/home/user/.m2/repository/io/opencensus/opencensus-api/0.17.0/opencensus-api-0.17.0.jar:/home/user/.m2/repository/io/opencensus/opencensus-contrib-grpc-metrics/0.17.0/opencensus-contrib-grpc-metrics-0.17.0.jar:/home/user/.m2/repository/io/netty/netty-codec-http2/4.1.30.Final/netty-codec-http2-4.1.30.Final.jar:/home/user/.m2/repository/io/netty/netty-codec-http/4.1.30.Final/netty-codec-http-4.1.30.Final.jar:/home/user/.m2/repository/io/netty/netty-codec/4.1.30.Final/netty-codec-4.1.30.Final.jar:/home/user/.m2/repository/io/netty/netty-handler/4.1.30.Final/netty-handler-4.1.30.Final.jar:/home/user/.m2/repository/io/netty/netty-handler-proxy/4.1.30.Final/netty-handler-proxy-4.1.30.Final.jar:/home/user/.m2/repository/io/netty/netty-codec-socks/4.1.30.Final/netty-codec-socks-4.1.30.Final.jar:/home/user/.m2/repository/io/netty/netty-transport-native-epoll/4.1.30.Final/netty-transport-native-epoll-4.1.30.Final.jar:/home/user/.m2/repository/io/netty/netty-common/4.1.30.Final/netty-common-4.1.30.Final.jar:/home/user/.m2/repository/io/netty/netty-buffer/4.1.30.Final/netty-buffer-4.1.30.Final.jar:/home/user/.m2/repository/io/netty/netty-transport/4.1.30.Final/netty-transport-4.1.30.Final.jar:/home/user/.m2/repository/io/netty/netty-resolver/4.1.30.Final/netty-resolver-4.1.30.Final.jar:/home/user/.m2/repository/io/netty/netty-transport-native-unix-common/4.1.30.Final/netty-transport-native-unix-common-4.1.30.Final.jar:/home/user/.m2/repository/io/grpc/grpc-protobuf/1.17.1/grpc-protobuf-1.17.1.jar:/home/user/.m2/repository/com/google/api/grpc/proto-google-common-protos/1.0.0/proto-google-common-protos-1.0.0.jar:/home/user/.m2/repository/io/grpc/grpc-protobuf-lite/1.17.1/grpc-protobuf-lite-1.17.1.jar:/home/user/.m2/repository/io/grpc/grpc-stub/1.17.1/grpc-stub-1.17.1.jar:/home/user/.m2/repository/org/apache/hadoop/hadoop-ozone-recon/0.5.0-SNAPSHOT/hadoop-ozone-recon-0.5.0-SNAPSHOT.jar:/home/user/.m2/repository/org/apache/hadoop/hadoop-ozone-reconcodegen/0.5.0-SNAPSHOT/hadoop-ozone-reconcodegen-0.5.0-SNAPSHOT.jar:/home/user/.m2/repository/com/google/inject/extensions/guice-multibindings/4.0/guice-multibindings-4.0.jar:/home/user/.m2/repository/com/google/inject/guice/4.0/guice-4.0.jar:/home/user/.m2/repository/aopalliance/aopalliance/1.0/aopalliance-1.0.jar:/home/user/.m2/repository/com/google/inject/extensions/guice-servlet/4.0/guice-servlet-4.0.jar:/home/user/.m2/repository/org/glassfish/jersey/containers/jersey-container-servlet/2.27/jersey-container-servlet-2.27.jar:/home/user/.m2/repository/org/glassfish/hk2/guice-bridge/2.5.0/guice-bridge-2.5.0.jar:/home/user/.m2/repository/org/glassfish/jersey/core/jersey-server/2.27/jersey-server-2.27.jar:/home/user/.m2/repository/org/glassfish/jersey/core/jersey-client/2.27/jersey-client-2.27.jar:/home/user/.m2/repository/org/glassfish/jersey/media/jersey-media-jaxb/2.27/jersey-media-jaxb-2.27.jar:/home/user/.m2/repository/javax/validation/validation-api/1.1.0.Final/validation-api-1.1.0.Final.jar:/home/user/.m2/repository/org/glassfish/jersey/media/jersey-media-json-jackson/2.27/jersey-media-json-jackson-2.27.jar:/home/user/.m2/repository/org/glassfish/jersey/ext/jersey-entity-filtering/2.27/jersey-entity-filtering-2.27.jar:/home/user/.m2/repository/com/google/inject/extensions/guice-assistedinject/4.0/guice-assistedinject-4.0.jar:/home/user/.m2/repository/org/jooq/jooq/3.11.10/jooq-3.11.10.jar:/home/user/.m2/repository/org/jooq/jooq-meta/3.11.10/jooq-meta-3.11.10.jar:/home/user/.m2/repository/org/jooq/jooq-codegen/3.11.10/jooq-codegen-3.11.10.jar:/home/user/.m2/repository/com/jolbox/bonecp/0.8.0.RELEASE/bonecp-0.8.0.RELEASE.jar:/home/user/.m2/repository/org/xerial/sqlite-jdbc/3.25.2/sqlite-jdbc-3.25.2.jar:/home/user/.m2/repository/org/springframework/spring-jdbc/5.1.3.RELEASE/spring-jdbc-5.1.3.RELEASE.jar:/home/user/.m2/repository/org/springframework/spring-beans/5.1.3.RELEASE/spring-beans-5.1.3.RELEASE.jar:/home/user/.m2/repository/org/springframework/spring-core/5.1.3.RELEASE/spring-core-5.1.3.RELEASE.jar:/home/user/.m2/repository/org/springframework/spring-jcl/5.1.3.RELEASE/spring-jcl-5.1.3.RELEASE.jar:/home/user/.m2/repository/org/springframework/spring-tx/5.1.3.RELEASE/spring-tx-5.1.3.RELEASE.jar:/home/user/.m2/repository/org/apache/hadoop/hadoop-ozone-client/0.5.0-SNAPSHOT/hadoop-ozone-client-0.5.0-SNAPSHOT.jar:/home/user/.m2/repository/commons-lang/commons-lang/2.6/commons-lang-2.6.jar:/home/user/.m2/repository/org/apache/hadoop/hadoop-ozone-ozone-manager/0.5.0-SNAPSHOT/hadoop-ozone-ozone-manager-0.5.0-SNAPSHOT-tests.jar:/home/user/.m2/repository/junit/junit/4.11/junit-4.11.jar:/home/user/.m2/repository/org/hamcrest/hamcrest-core/1.3/hamcrest-core-1.3.jar:/home/user/.m2/repository/org/openjdk/jmh/jmh-core/1.19/jmh-core-1.19.jar:/home/user/.m2/repository/net/sf/jopt-simple/jopt-simple/4.6/jopt-simple-4.6.jar:/home/user/.m2/repository/org/apache/commons/commons-math3/3.1.1/commons-math3-3.1.1.jar:/home/user/.m2/repository/org/openjdk/jmh/jmh-generator-annprocess/1.19/jmh-generator-annprocess-1.19.jar:/home/user/.m2/repository/org/mockito/mockito-all/1.8.5/mockito-all-1.8.5.jar:/home/user/.m2/repository/org/apache/hadoop/hadoop-kms/3.2.0/hadoop-kms-3.2.0.jar:/home/user/.m2/repository/org/apache/hadoop/hadoop-auth/3.2.0/hadoop-auth-3.2.0.jar:/home/user/.m2/repository/com/nimbusds/nimbus-jose-jwt/4.41.1/nimbus-jose-jwt-4.41.1.jar:/home/user/.m2/repository/com/github/stephenc/jcip/jcip-annotations/1.0-1/jcip-annotations-1.0-1.jar:/home/user/.m2/repository/net/minidev/json-smart/2.3/json-smart-2.3.jar:/home/user/.m2/repository/net/minidev/accessors-smart/1.2/accessors-smart-1.2.jar:/home/user/.m2/repository/org/ow2/asm/asm/5.0.4/asm-5.0.4.jar:/home/user/.m2/repository/org/apache/curator/curator-framework/2.12.0/curator-framework-2.12.0.jar:/home/user/.m2/repository/com/sun/jersey/jersey-core/1.19/jersey-core-1.19.jar:/home/user/.m2/repository/javax/ws/rs/jsr311-api/1.1.1/jsr311-api-1.1.1.jar:/home/user/.m2/repository/com/sun/jersey/jersey-server/1.19/jersey-server-1.19.jar:/home/user/.m2/repository/javax/servlet/javax.servlet-api/3.1.0/javax.servlet-api-3.1.0.jar:/home/user/.m2/repository/org/eclipse/jetty/jetty-server/9.3.25.v20180904/jetty-server-9.3.25.v20180904.jar:/home/user/.m2/repository/org/eclipse/jetty/jetty-http/9.3.25.v20180904/jetty-http-9.3.25.v20180904.jar:/home/user/.m2/repository/org/eclipse/jetty/jetty-io/9.3.25.v20180904/jetty-io-9.3.25.v20180904.jar:/home/user/.m2/repository/org/eclipse/jetty/jetty-webapp/9.3.25.v20180904/jetty-webapp-9.3.25.v20180904.jar:/home/user/.m2/repository/org/eclipse/jetty/jetty-xml/9.3.25.v20180904/jetty-xml-9.3.25.v20180904.jar:/home/user/.m2/repository/log4j/log4j/1.2.17/log4j-1.2.17.jar:/home/user/.m2/repository/org/slf4j/slf4j-api/1.7.25/slf4j-api-1.7.25.jar:/home/user/.m2/repository/org/slf4j/jul-to-slf4j/1.7.25/jul-to-slf4j-1.7.25.jar:/home/user/.m2/repository/org/eclipse/jetty/jetty-util/9.3.25.v20180904/jetty-util-9.3.25.v20180904.jar:/home/user/.m2/repository/com/fasterxml/jackson/core/jackson-databind/2.9.9/jackson-databind-2.9.9.jar:/home/user/.m2/repository/org/apache/hadoop/hadoop-kms/3.2.0/hadoop-kms-3.2.0-tests.jar:/home/user/.m2/repository/org/apache/hadoop/hadoop-hdds-server-scm/0.5.0-SNAPSHOT/hadoop-hdds-server-scm-0.5.0-SNAPSHOT-tests.jar:/home/user/.m2/repository/org/apache/hadoop/hadoop-hdds-container-service/0.5.0-SNAPSHOT/hadoop-hdds-container-service-0.5.0-SNAPSHOT-tests.jar:/home/user/.m2/repository/org/yaml/snakeyaml/1.16/snakeyaml-1.16.jar:/home/user/.m2/repository/org/apache/hadoop/hadoop-common/3.2.0/hadoop-common-3.2.0-tests.jar:/home/user/.m2/repository/org/apache/hadoop/hadoop-annotations/3.2.0/hadoop-annotations-3.2.0.jar:/usr/lib/jvm/java-1.8.0-openjdk-1.8.0.222.b10-1.el7_7.x86_64/jre/../lib/tools.jar:/home/user/.m2/repository/commons-cli/commons-cli/1.2/commons-cli-1.2.jar:/home/user/.m2/repository/org/apache/httpcomponents/httpclient/4.5.2/httpclient-4.5.2.jar:/home/user/.m2/repository/org/apache/httpcomponents/httpcore/4.4.4/httpcore-4.4.4.jar:/home/user/.m2/repository/commons-codec/commons-codec/1.11/commons-codec-1.11.jar:/home/user/.m2/repository/commons-net/commons-net/3.6/commons-net-3.6.jar:/home/user/.m2/repository/commons-collections/commons-collections/3.2.2/commons-collections-3.2.2.jar:/home/user/.m2/repository/org/eclipse/jetty/jetty-servlet/9.3.25.v20180904/jetty-servlet-9.3.25.v20180904.jar:/home/user/.m2/repository/org/eclipse/jetty/jetty-security/9.3.25.v20180904/jetty-security-9.3.25.v20180904.jar:/home/user/.m2/repository/javax/servlet/jsp/jsp-api/2.1/jsp-api-2.1.jar:/home/user/.m2/repository/com/sun/jersey/jersey-servlet/1.19/jersey-servlet-1.19.jar:/home/user/.m2/repository/com/sun/jersey/jersey-json/1.19/jersey-json-1.19.jar:/home/user/.m2/repository/org/codehaus/jettison/jettison/1.1/jettison-1.1.jar:/home/user/.m2/repository/org/codehaus/jackson/jackson-core-asl/1.9.13/jackson-core-asl-1.9.13.jar:/home/user/.m2/repository/org/codehaus/jackson/jackson-mapper-asl/1.9.13/jackson-mapper-asl-1.9.13.jar:/home/user/.m2/repository/org/codehaus/jackson/jackson-jaxrs/1.9.13/jackson-jaxrs-1.9.13.jar:/home/user/.m2/repository/org/codehaus/jackson/jackson-xc/1.9.13/jackson-xc-1.9.13.jar:/home/user/.m2/repository/commons-logging/commons-logging/1.1.3/commons-logging-1.1.3.jar:/home/user/.m2/repository/commons-beanutils/commons-beanutils/1.9.4/commons-beanutils-1.9.4.jar:/home/user/.m2/repository/org/apache/commons/commons-configuration2/2.1.1/commons-configuration2-2.1.1.jar:/home/user/.m2/repository/org/apache/commons/commons-lang3/3.7/commons-lang3-3.7.jar:/home/user/.m2/repository/org/apache/commons/commons-text/1.4/commons-text-1.4.jar:/home/user/.m2/repository/org/apache/avro/avro/1.7.7/avro-1.7.7.jar:/home/user/.m2/repository/com/thoughtworks/paranamer/paranamer/2.3/paranamer-2.3.jar:/home/user/.m2/repository/org/xerial/snappy/snappy-java/1.0.5/snappy-java-1.0.5.jar:/home/user/.m2/repository/com/google/re2j/re2j/1.1/re2j-1.1.jar:/home/user/.m2/repository/com/google/code/gson/gson/2.2.4/gson-2.2.4.jar:/home/user/.m2/repository/com/jcraft/jsch/0.1.54/jsch-0.1.54.jar:/home/user/.m2/repository/org/apache/curator/curator-client/2.12.0/curator-client-2.12.0.jar:/home/user/.m2/repository/org/apache/curator/curator-recipes/2.12.0/curator-recipes-2.12.0.jar:/home/user/.m2/repository/com/google/code/findbugs/jsr305/3.0.0/jsr305-3.0.0.jar:/home/user/.m2/repository/org/apache/htrace/htrace-core4/4.1.0-incubating/htrace-core4-4.1.0-incubating.jar:/home/user/.m2/repository/org/apache/zookeeper/zookeeper/3.4.13/zookeeper-3.4.13.jar:/home/user/.m2/repository/jline/jline/0.9.94/jline-0.9.94.jar:/home/user/.m2/repository/org/apache/yetus/audience-annotations/0.5.0/audience-annotations-0.5.0.jar:/home/user/.m2/repository/org/codehaus/woodstox/stax2-api/3.1.4/stax2-api-3.1.4.jar:/home/user/.m2/repository/com/fasterxml/woodstox/woodstox-core/5.0.3/woodstox-core-5.0.3.jar:/home/user/.m2/repository/dnsjava/dnsjava/2.1.7/dnsjava-2.1.7.jar:/home/user/.m2/repository/org/apache/hadoop/hadoop-hdfs/3.2.0/hadoop-hdfs-3.2.0-tests.jar:/home/user/.m2/repository/org/eclipse/jetty/jetty-util-ajax/9.3.25.v20180904/jetty-util-ajax-9.3.25.v20180904.jar:/home/user/.m2/repository/commons-daemon/commons-daemon/1.0.13/commons-daemon-1.0.13.jar:/home/user/.m2/repository/io/netty/netty/3.10.5.Final/netty-3.10.5.Final.jar:/home/user/.m2/repository/io/netty/netty-all/4.0.52.Final/netty-all-4.0.52.Final.jar:/home/user/.m2/repository/org/fusesource/leveldbjni/leveldbjni-all/1.8/leveldbjni-all-1.8.jar:"/>
    <property name="java.vm.vendor" value="Oracle Corporation"/>
    <property name="sun.arch.data.model" value="64"/>
    <property name="test.build.dir" value="/workdir/hadoop-ozone/integration-test/target/test-dir"/>
    <property name="test.cache.data" value=""/>
    <property name="java.vendor.url" value="http://java.oracle.com/"/>
    <property name="user.timezone" value=""/>
    <property name="java.vm.specification.version" value="1.8"/>
    <property name="os.name" value="Linux"/>
    <property name="test.build.data" value="/workdir/hadoop-ozone/integration-test/target/test-dir"/>
    <property name="user.country" value="US"/>
    <property name="sun.java.launcher" value="SUN_STANDARD"/>
    <property name="sun.boot.library.path" value="/usr/lib/jvm/java-1.8.0-openjdk-1.8.0.222.b10-1.el7_7.x86_64/jre/lib/amd64"/>
    <property name="sun.java.command" value="/workdir/hadoop-ozone/integration-test/target/surefire/surefirebooter1263551786208584844.jar /workdir/hadoop-ozone/integration-test/target/surefire 2019-10-31T12-40-50_018-jvmRun1 surefire7659004979491073469tmp surefire_303910057662136904347tmp"/>
    <property name="surefire.test.class.path" value="/workdir/hadoop-ozone/integration-test/target/test-classes:/workdir/hadoop-ozone/integration-test/target/classes:/home/user/.m2/repository/org/apache/hadoop/hadoop-ozone-common/0.5.0-SNAPSHOT/hadoop-ozone-common-0.5.0-SNAPSHOT.jar:/home/user/.m2/repository/org/apache/commons/commons-compress/1.4.1/commons-compress-1.4.1.jar:/home/user/.m2/repository/org/tukaani/xz/1.0/xz-1.0.jar:/home/user/.m2/repository/org/apache/hadoop/hadoop-common/3.2.0/hadoop-common-3.2.0.jar:/home/user/.m2/repository/org/apache/hadoop/hadoop-hdfs/3.2.0/hadoop-hdfs-3.2.0.jar:/home/user/.m2/repository/org/apache/hadoop/hadoop-hdfs-client/3.2.0/hadoop-hdfs-client-3.2.0.jar:/home/user/.m2/repository/com/fasterxml/jackson/core/jackson-annotations/2.9.9/jackson-annotations-2.9.9.jar:/home/user/.m2/repository/org/apache/hadoop/hadoop-hdds-common/0.5.0-SNAPSHOT/hadoop-hdds-common-0.5.0-SNAPSHOT.jar:/home/user/.m2/repository/javax/annotation/javax.annotation-api/1.2/javax.annotation-api-1.2.jar:/home/user/.m2/repository/org/apache/ratis/ratis-server/0.5.0-ced7dbf-SNAPSHOT/ratis-server-0.5.0-ced7dbf-SNAPSHOT.jar:/home/user/.m2/repository/org/apache/ratis/ratis-thirdparty-misc/0.2.0/ratis-thirdparty-misc-0.2.0.jar:/home/user/.m2/repository/org/apache/ratis/ratis-proto/0.5.0-ced7dbf-SNAPSHOT/ratis-proto-0.5.0-ced7dbf-SNAPSHOT.jar:/home/user/.m2/repository/org/apache/ratis/ratis-common/0.5.0-ced7dbf-SNAPSHOT/ratis-common-0.5.0-ced7dbf-SNAPSHOT.jar:/home/user/.m2/repository/org/apache/ratis/ratis-client/0.5.0-ced7dbf-SNAPSHOT/ratis-client-0.5.0-ced7dbf-SNAPSHOT.jar:/home/user/.m2/repository/org/apache/ratis/ratis-metrics/0.5.0-ced7dbf-SNAPSHOT/ratis-metrics-0.5.0-ced7dbf-SNAPSHOT.jar:/home/user/.m2/repository/org/apache/ratis/ratis-netty/0.5.0-ced7dbf-SNAPSHOT/ratis-netty-0.5.0-ced7dbf-SNAPSHOT.jar:/home/user/.m2/repository/org/apache/ratis/ratis-grpc/0.5.0-ced7dbf-SNAPSHOT/ratis-grpc-0.5.0-ced7dbf-SNAPSHOT.jar:/home/user/.m2/repository/org/rocksdb/rocksdbjni/6.0.1/rocksdbjni-6.0.1.jar:/home/user/.m2/repository/org/apache/logging/log4j/log4j-api/2.11.0/log4j-api-2.11.0.jar:/home/user/.m2/repository/org/apache/logging/log4j/log4j-core/2.11.0/log4j-core-2.11.0.jar:/home/user/.m2/repository/com/lmax/disruptor/3.4.2/disruptor-3.4.2.jar:/home/user/.m2/repository/org/apache/commons/commons-pool2/2.6.0/commons-pool2-2.6.0.jar:/home/user/.m2/repository/org/bouncycastle/bcpkix-jdk15on/1.60/bcpkix-jdk15on-1.60.jar:/home/user/.m2/repository/commons-validator/commons-validator/1.6/commons-validator-1.6.jar:/home/user/.m2/repository/commons-digester/commons-digester/1.8.1/commons-digester-1.8.1.jar:/home/user/.m2/repository/io/jaegertracing/jaeger-client/0.34.0/jaeger-client-0.34.0.jar:/home/user/.m2/repository/io/jaegertracing/jaeger-thrift/0.34.0/jaeger-thrift-0.34.0.jar:/home/user/.m2/repository/org/apache/thrift/libthrift/0.12.0/libthrift-0.12.0.jar:/home/user/.m2/repository/com/squareup/okhttp3/okhttp/3.9.0/okhttp-3.9.0.jar:/home/user/.m2/repository/com/squareup/okio/okio/1.13.0/okio-1.13.0.jar:/home/user/.m2/repository/io/jaegertracing/jaeger-core/0.34.0/jaeger-core-0.34.0.jar:/home/user/.m2/repository/io/jaegertracing/jaeger-tracerresolver/0.34.0/jaeger-tracerresolver-0.34.0.jar:/home/user/.m2/repository/io/opentracing/contrib/opentracing-tracerresolver/0.1.5/opentracing-tracerresolver-0.1.5.jar:/home/user/.m2/repository/io/opentracing/opentracing-util/0.31.0/opentracing-util-0.31.0.jar:/home/user/.m2/repository/io/opentracing/opentracing-api/0.31.0/opentracing-api-0.31.0.jar:/home/user/.m2/repository/io/opentracing/opentracing-noop/0.31.0/opentracing-noop-0.31.0.jar:/home/user/.m2/repository/org/apache/hadoop/hadoop-hdds-server-framework/0.5.0-SNAPSHOT/hadoop-hdds-server-framework-0.5.0-SNAPSHOT.jar:/home/user/.m2/repository/org/apache/hadoop/hadoop-hdds-container-service/0.5.0-SNAPSHOT/hadoop-hdds-container-service-0.5.0-SNAPSHOT.jar:/home/user/.m2/repository/org/apache/hadoop/hadoop-hdds-client/0.5.0-SNAPSHOT/hadoop-hdds-client-0.5.0-SNAPSHOT.jar:/home/user/.m2/repository/org/apache/hadoop/hadoop-hdds-tools/0.5.0-SNAPSHOT/hadoop-hdds-tools-0.5.0-SNAPSHOT.jar:/home/user/.m2/repository/org/apache/hadoop/hadoop-hdds-server-scm/0.5.0-SNAPSHOT/hadoop-hdds-server-scm-0.5.0-SNAPSHOT.jar:/home/user/.m2/repository/org/apache/hadoop/hadoop-hdds-docs/0.5.0-SNAPSHOT/hadoop-hdds-docs-0.5.0-SNAPSHOT.jar:/home/user/.m2/repository/io/dropwizard/metrics/metrics-core/3.2.4/metrics-core-3.2.4.jar:/home/user/.m2/repository/org/hamcrest/hamcrest-all/1.3/hamcrest-all-1.3.jar:/home/user/.m2/repository/org/bouncycastle/bcprov-jdk15on/1.60/bcprov-jdk15on-1.60.jar:/home/user/.m2/repository/info/picocli/picocli/3.9.6/picocli-3.9.6.jar:/home/user/.m2/repository/com/google/protobuf/protobuf-java/2.5.0/protobuf-java-2.5.0.jar:/home/user/.m2/repository/com/google/guava/guava/11.0.2/guava-11.0.2.jar:/home/user/.m2/repository/org/apache/hadoop/hadoop-ozone-ozone-manager/0.5.0-SNAPSHOT/hadoop-ozone-ozone-manager-0.5.0-SNAPSHOT.jar:/home/user/.m2/repository/org/apache/hadoop/hadoop-minikdc/3.2.0/hadoop-minikdc-3.2.0.jar:/home/user/.m2/repository/commons-io/commons-io/2.5/commons-io-2.5.jar:/home/user/.m2/repository/org/apache/kerby/kerb-simplekdc/1.0.1/kerb-simplekdc-1.0.1.jar:/home/user/.m2/repository/org/apache/kerby/kerb-client/1.0.1/kerb-client-1.0.1.jar:/home/user/.m2/repository/org/apache/kerby/kerby-config/1.0.1/kerby-config-1.0.1.jar:/home/user/.m2/repository/org/apache/kerby/kerb-core/1.0.1/kerb-core-1.0.1.jar:/home/user/.m2/repository/org/apache/kerby/kerby-pkix/1.0.1/kerby-pkix-1.0.1.jar:/home/user/.m2/repository/org/apache/kerby/kerby-asn1/1.0.1/kerby-asn1-1.0.1.jar:/home/user/.m2/repository/org/apache/kerby/kerby-util/1.0.1/kerby-util-1.0.1.jar:/home/user/.m2/repository/org/apache/kerby/kerb-common/1.0.1/kerb-common-1.0.1.jar:/home/user/.m2/repository/org/apache/kerby/kerb-crypto/1.0.1/kerb-crypto-1.0.1.jar:/home/user/.m2/repository/org/apache/kerby/kerb-util/1.0.1/kerb-util-1.0.1.jar:/home/user/.m2/repository/org/apache/kerby/token-provider/1.0.1/token-provider-1.0.1.jar:/home/user/.m2/repository/org/apache/kerby/kerb-admin/1.0.1/kerb-admin-1.0.1.jar:/home/user/.m2/repository/org/apache/kerby/kerb-server/1.0.1/kerb-server-1.0.1.jar:/home/user/.m2/repository/org/apache/kerby/kerb-identity/1.0.1/kerb-identity-1.0.1.jar:/home/user/.m2/repository/org/apache/kerby/kerby-xdr/1.0.1/kerby-xdr-1.0.1.jar:/home/user/.m2/repository/org/slf4j/slf4j-log4j12/1.7.25/slf4j-log4j12-1.7.25.jar:/home/user/.m2/repository/org/apache/hadoop/hadoop-ozone-s3gateway/0.5.0-SNAPSHOT/hadoop-ozone-s3gateway-0.5.0-SNAPSHOT.jar:/home/user/.m2/repository/org/jboss/weld/servlet/weld-servlet/2.4.7.Final/weld-servlet-2.4.7.Final.jar:/home/user/.m2/repository/org/glassfish/jersey/containers/jersey-container-servlet-core/2.27/jersey-container-servlet-core-2.27.jar:/home/user/.m2/repository/org/glassfish/hk2/external/javax.inject/2.5.0-b42/javax.inject-2.5.0-b42.jar:/home/user/.m2/repository/org/glassfish/jersey/core/jersey-common/2.27/jersey-common-2.27.jar:/home/user/.m2/repository/org/glassfish/hk2/osgi-resource-locator/1.0.1/osgi-resource-locator-1.0.1.jar:/home/user/.m2/repository/javax/ws/rs/javax.ws.rs-api/2.1/javax.ws.rs-api-2.1.jar:/home/user/.m2/repository/org/glassfish/jersey/ext/cdi/jersey-cdi1x/2.27/jersey-cdi1x-2.27.jar:/home/user/.m2/repository/org/glassfish/jersey/inject/jersey-hk2/2.27/jersey-hk2-2.27.jar:/home/user/.m2/repository/org/glassfish/hk2/hk2-locator/2.5.0-b42/hk2-locator-2.5.0-b42.jar:/home/user/.m2/repository/org/javassist/javassist/3.22.0-CR2/javassist-3.22.0-CR2.jar:/home/user/.m2/repository/org/glassfish/hk2/hk2-api/2.5.0/hk2-api-2.5.0.jar:/home/user/.m2/repository/org/glassfish/hk2/external/jakarta.inject/2.5.0/jakarta.inject-2.5.0.jar:/home/user/.m2/repository/org/glassfish/hk2/hk2-utils/2.5.0/hk2-utils-2.5.0.jar:/home/user/.m2/repository/jakarta/annotation/jakarta.annotation-api/1.3.4/jakarta.annotation-api-1.3.4.jar:/home/user/.m2/repository/org/glassfish/hk2/external/aopalliance-repackaged/2.5.0/aopalliance-repackaged-2.5.0.jar:/home/user/.m2/repository/com/fasterxml/jackson/dataformat/jackson-dataformat-xml/2.9.0/jackson-dataformat-xml-2.9.0.jar:/home/user/.m2/repository/com/fasterxml/jackson/core/jackson-core/2.9.9/jackson-core-2.9.9.jar:/home/user/.m2/repository/com/fasterxml/jackson/module/jackson-module-jaxb-annotations/2.9.9/jackson-module-jaxb-annotations-2.9.9.jar:/home/user/.m2/repository/javax/enterprise/cdi-api/1.2/cdi-api-1.2.jar:/home/user/.m2/repository/javax/el/javax.el-api/3.0.0/javax.el-api-3.0.0.jar:/home/user/.m2/repository/javax/interceptor/javax.interceptor-api/1.2/javax.interceptor-api-1.2.jar:/home/user/.m2/repository/javax/inject/javax.inject/1/javax.inject-1.jar:/home/user/.m2/repository/com/sun/xml/bind/jaxb-impl/2.3.0.1/jaxb-impl-2.3.0.1.jar:/home/user/.m2/repository/com/sun/xml/bind/jaxb-core/2.3.0.1/jaxb-core-2.3.0.1.jar:/home/user/.m2/repository/javax/xml/bind/jaxb-api/2.3.0/jaxb-api-2.3.0.jar:/home/user/.m2/repository/javax/activation/activation/1.1.1/activation-1.1.1.jar:/home/user/.m2/repository/org/apache/hadoop/hadoop-ozone-csi/0.5.0-SNAPSHOT/hadoop-ozone-csi-0.5.0-SNAPSHOT.jar:/home/user/.m2/repository/com/google/protobuf/protobuf-java-util/3.5.1/protobuf-java-util-3.5.1.jar:/home/user/.m2/repository/org/apache/hadoop/hadoop-hdds-config/0.5.0-SNAPSHOT/hadoop-hdds-config-0.5.0-SNAPSHOT.jar:/home/user/.m2/repository/io/grpc/grpc-netty/1.17.1/grpc-netty-1.17.1.jar:/home/user/.m2/repository/io/grpc/grpc-core/1.17.1/grpc-core-1.17.1.jar:/home/user/.m2/repository/io/grpc/grpc-context/1.17.1/grpc-context-1.17.1.jar:/home/user/.m2/repository/com/google/errorprone/error_prone_annotations/2.2.0/error_prone_annotations-2.2.0.jar:/home/user/.m2/repository/org/codehaus/mojo/animal-sniffer-annotations/1.17/animal-sniffer-annotations-1.17.jar:/home/user/.m2/repository/io/opencensus/opencensus-api/0.17.0/opencensus-api-0.17.0.jar:/home/user/.m2/repository/io/opencensus/opencensus-contrib-grpc-metrics/0.17.0/opencensus-contrib-grpc-metrics-0.17.0.jar:/home/user/.m2/repository/io/netty/netty-codec-http2/4.1.30.Final/netty-codec-http2-4.1.30.Final.jar:/home/user/.m2/repository/io/netty/netty-codec-http/4.1.30.Final/netty-codec-http-4.1.30.Final.jar:/home/user/.m2/repository/io/netty/netty-codec/4.1.30.Final/netty-codec-4.1.30.Final.jar:/home/user/.m2/repository/io/netty/netty-handler/4.1.30.Final/netty-handler-4.1.30.Final.jar:/home/user/.m2/repository/io/netty/netty-handler-proxy/4.1.30.Final/netty-handler-proxy-4.1.30.Final.jar:/home/user/.m2/repository/io/netty/netty-codec-socks/4.1.30.Final/netty-codec-socks-4.1.30.Final.jar:/home/user/.m2/repository/io/netty/netty-transport-native-epoll/4.1.30.Final/netty-transport-native-epoll-4.1.30.Final.jar:/home/user/.m2/repository/io/netty/netty-common/4.1.30.Final/netty-common-4.1.30.Final.jar:/home/user/.m2/repository/io/netty/netty-buffer/4.1.30.Final/netty-buffer-4.1.30.Final.jar:/home/user/.m2/repository/io/netty/netty-transport/4.1.30.Final/netty-transport-4.1.30.Final.jar:/home/user/.m2/repository/io/netty/netty-resolver/4.1.30.Final/netty-resolver-4.1.30.Final.jar:/home/user/.m2/repository/io/netty/netty-transport-native-unix-common/4.1.30.Final/netty-transport-native-unix-common-4.1.30.Final.jar:/home/user/.m2/repository/io/grpc/grpc-protobuf/1.17.1/grpc-protobuf-1.17.1.jar:/home/user/.m2/repository/com/google/api/grpc/proto-google-common-protos/1.0.0/proto-google-common-protos-1.0.0.jar:/home/user/.m2/repository/io/grpc/grpc-protobuf-lite/1.17.1/grpc-protobuf-lite-1.17.1.jar:/home/user/.m2/repository/io/grpc/grpc-stub/1.17.1/grpc-stub-1.17.1.jar:/home/user/.m2/repository/org/apache/hadoop/hadoop-ozone-recon/0.5.0-SNAPSHOT/hadoop-ozone-recon-0.5.0-SNAPSHOT.jar:/home/user/.m2/repository/org/apache/hadoop/hadoop-ozone-reconcodegen/0.5.0-SNAPSHOT/hadoop-ozone-reconcodegen-0.5.0-SNAPSHOT.jar:/home/user/.m2/repository/com/google/inject/extensions/guice-multibindings/4.0/guice-multibindings-4.0.jar:/home/user/.m2/repository/com/google/inject/guice/4.0/guice-4.0.jar:/home/user/.m2/repository/aopalliance/aopalliance/1.0/aopalliance-1.0.jar:/home/user/.m2/repository/com/google/inject/extensions/guice-servlet/4.0/guice-servlet-4.0.jar:/home/user/.m2/repository/org/glassfish/jersey/containers/jersey-container-servlet/2.27/jersey-container-servlet-2.27.jar:/home/user/.m2/repository/org/glassfish/hk2/guice-bridge/2.5.0/guice-bridge-2.5.0.jar:/home/user/.m2/repository/org/glassfish/jersey/core/jersey-server/2.27/jersey-server-2.27.jar:/home/user/.m2/repository/org/glassfish/jersey/core/jersey-client/2.27/jersey-client-2.27.jar:/home/user/.m2/repository/org/glassfish/jersey/media/jersey-media-jaxb/2.27/jersey-media-jaxb-2.27.jar:/home/user/.m2/repository/javax/validation/validation-api/1.1.0.Final/validation-api-1.1.0.Final.jar:/home/user/.m2/repository/org/glassfish/jersey/media/jersey-media-json-jackson/2.27/jersey-media-json-jackson-2.27.jar:/home/user/.m2/repository/org/glassfish/jersey/ext/jersey-entity-filtering/2.27/jersey-entity-filtering-2.27.jar:/home/user/.m2/repository/com/google/inject/extensions/guice-assistedinject/4.0/guice-assistedinject-4.0.jar:/home/user/.m2/repository/org/jooq/jooq/3.11.10/jooq-3.11.10.jar:/home/user/.m2/repository/org/jooq/jooq-meta/3.11.10/jooq-meta-3.11.10.jar:/home/user/.m2/repository/org/jooq/jooq-codegen/3.11.10/jooq-codegen-3.11.10.jar:/home/user/.m2/repository/com/jolbox/bonecp/0.8.0.RELEASE/bonecp-0.8.0.RELEASE.jar:/home/user/.m2/repository/org/xerial/sqlite-jdbc/3.25.2/sqlite-jdbc-3.25.2.jar:/home/user/.m2/repository/org/springframework/spring-jdbc/5.1.3.RELEASE/spring-jdbc-5.1.3.RELEASE.jar:/home/user/.m2/repository/org/springframework/spring-beans/5.1.3.RELEASE/spring-beans-5.1.3.RELEASE.jar:/home/user/.m2/repository/org/springframework/spring-core/5.1.3.RELEASE/spring-core-5.1.3.RELEASE.jar:/home/user/.m2/repository/org/springframework/spring-jcl/5.1.3.RELEASE/spring-jcl-5.1.3.RELEASE.jar:/home/user/.m2/repository/org/springframework/spring-tx/5.1.3.RELEASE/spring-tx-5.1.3.RELEASE.jar:/home/user/.m2/repository/org/apache/hadoop/hadoop-ozone-client/0.5.0-SNAPSHOT/hadoop-ozone-client-0.5.0-SNAPSHOT.jar:/home/user/.m2/repository/commons-lang/commons-lang/2.6/commons-lang-2.6.jar:/home/user/.m2/repository/org/apache/hadoop/hadoop-ozone-ozone-manager/0.5.0-SNAPSHOT/hadoop-ozone-ozone-manager-0.5.0-SNAPSHOT-tests.jar:/home/user/.m2/repository/junit/junit/4.11/junit-4.11.jar:/home/user/.m2/repository/org/hamcrest/hamcrest-core/1.3/hamcrest-core-1.3.jar:/home/user/.m2/repository/org/openjdk/jmh/jmh-core/1.19/jmh-core-1.19.jar:/home/user/.m2/repository/net/sf/jopt-simple/jopt-simple/4.6/jopt-simple-4.6.jar:/home/user/.m2/repository/org/apache/commons/commons-math3/3.1.1/commons-math3-3.1.1.jar:/home/user/.m2/repository/org/openjdk/jmh/jmh-generator-annprocess/1.19/jmh-generator-annprocess-1.19.jar:/home/user/.m2/repository/org/mockito/mockito-all/1.8.5/mockito-all-1.8.5.jar:/home/user/.m2/repository/org/apache/hadoop/hadoop-kms/3.2.0/hadoop-kms-3.2.0.jar:/home/user/.m2/repository/org/apache/hadoop/hadoop-auth/3.2.0/hadoop-auth-3.2.0.jar:/home/user/.m2/repository/com/nimbusds/nimbus-jose-jwt/4.41.1/nimbus-jose-jwt-4.41.1.jar:/home/user/.m2/repository/com/github/stephenc/jcip/jcip-annotations/1.0-1/jcip-annotations-1.0-1.jar:/home/user/.m2/repository/net/minidev/json-smart/2.3/json-smart-2.3.jar:/home/user/.m2/repository/net/minidev/accessors-smart/1.2/accessors-smart-1.2.jar:/home/user/.m2/repository/org/ow2/asm/asm/5.0.4/asm-5.0.4.jar:/home/user/.m2/repository/org/apache/curator/curator-framework/2.12.0/curator-framework-2.12.0.jar:/home/user/.m2/repository/com/sun/jersey/jersey-core/1.19/jersey-core-1.19.jar:/home/user/.m2/repository/javax/ws/rs/jsr311-api/1.1.1/jsr311-api-1.1.1.jar:/home/user/.m2/repository/com/sun/jersey/jersey-server/1.19/jersey-server-1.19.jar:/home/user/.m2/repository/javax/servlet/javax.servlet-api/3.1.0/javax.servlet-api-3.1.0.jar:/home/user/.m2/repository/org/eclipse/jetty/jetty-server/9.3.25.v20180904/jetty-server-9.3.25.v20180904.jar:/home/user/.m2/repository/org/eclipse/jetty/jetty-http/9.3.25.v20180904/jetty-http-9.3.25.v20180904.jar:/home/user/.m2/repository/org/eclipse/jetty/jetty-io/9.3.25.v20180904/jetty-io-9.3.25.v20180904.jar:/home/user/.m2/repository/org/eclipse/jetty/jetty-webapp/9.3.25.v20180904/jetty-webapp-9.3.25.v20180904.jar:/home/user/.m2/repository/org/eclipse/jetty/jetty-xml/9.3.25.v20180904/jetty-xml-9.3.25.v20180904.jar:/home/user/.m2/repository/log4j/log4j/1.2.17/log4j-1.2.17.jar:/home/user/.m2/repository/org/slf4j/slf4j-api/1.7.25/slf4j-api-1.7.25.jar:/home/user/.m2/repository/org/slf4j/jul-to-slf4j/1.7.25/jul-to-slf4j-1.7.25.jar:/home/user/.m2/repository/org/eclipse/jetty/jetty-util/9.3.25.v20180904/jetty-util-9.3.25.v20180904.jar:/home/user/.m2/repository/com/fasterxml/jackson/core/jackson-databind/2.9.9/jackson-databind-2.9.9.jar:/home/user/.m2/repository/org/apache/hadoop/hadoop-kms/3.2.0/hadoop-kms-3.2.0-tests.jar:/home/user/.m2/repository/org/apache/hadoop/hadoop-hdds-server-scm/0.5.0-SNAPSHOT/hadoop-hdds-server-scm-0.5.0-SNAPSHOT-tests.jar:/home/user/.m2/repository/org/apache/hadoop/hadoop-hdds-container-service/0.5.0-SNAPSHOT/hadoop-hdds-container-service-0.5.0-SNAPSHOT-tests.jar:/home/user/.m2/repository/org/yaml/snakeyaml/1.16/snakeyaml-1.16.jar:/home/user/.m2/repository/org/apache/hadoop/hadoop-common/3.2.0/hadoop-common-3.2.0-tests.jar:/home/user/.m2/repository/org/apache/hadoop/hadoop-annotations/3.2.0/hadoop-annotations-3.2.0.jar:/usr/lib/jvm/java-1.8.0-openjdk-1.8.0.222.b10-1.el7_7.x86_64/jre/../lib/tools.jar:/home/user/.m2/repository/commons-cli/commons-cli/1.2/commons-cli-1.2.jar:/home/user/.m2/repository/org/apache/httpcomponents/httpclient/4.5.2/httpclient-4.5.2.jar:/home/user/.m2/repository/org/apache/httpcomponents/httpcore/4.4.4/httpcore-4.4.4.jar:/home/user/.m2/repository/commons-codec/commons-codec/1.11/commons-codec-1.11.jar:/home/user/.m2/repository/commons-net/commons-net/3.6/commons-net-3.6.jar:/home/user/.m2/repository/commons-collections/commons-collections/3.2.2/commons-collections-3.2.2.jar:/home/user/.m2/repository/org/eclipse/jetty/jetty-servlet/9.3.25.v20180904/jetty-servlet-9.3.25.v20180904.jar:/home/user/.m2/repository/org/eclipse/jetty/jetty-security/9.3.25.v20180904/jetty-security-9.3.25.v20180904.jar:/home/user/.m2/repository/javax/servlet/jsp/jsp-api/2.1/jsp-api-2.1.jar:/home/user/.m2/repository/com/sun/jersey/jersey-servlet/1.19/jersey-servlet-1.19.jar:/home/user/.m2/repository/com/sun/jersey/jersey-json/1.19/jersey-json-1.19.jar:/home/user/.m2/repository/org/codehaus/jettison/jettison/1.1/jettison-1.1.jar:/home/user/.m2/repository/org/codehaus/jackson/jackson-core-asl/1.9.13/jackson-core-asl-1.9.13.jar:/home/user/.m2/repository/org/codehaus/jackson/jackson-mapper-asl/1.9.13/jackson-mapper-asl-1.9.13.jar:/home/user/.m2/repository/org/codehaus/jackson/jackson-jaxrs/1.9.13/jackson-jaxrs-1.9.13.jar:/home/user/.m2/repository/org/codehaus/jackson/jackson-xc/1.9.13/jackson-xc-1.9.13.jar:/home/user/.m2/repository/commons-logging/commons-logging/1.1.3/commons-logging-1.1.3.jar:/home/user/.m2/repository/commons-beanutils/commons-beanutils/1.9.4/commons-beanutils-1.9.4.jar:/home/user/.m2/repository/org/apache/commons/commons-configuration2/2.1.1/commons-configuration2-2.1.1.jar:/home/user/.m2/repository/org/apache/commons/commons-lang3/3.7/commons-lang3-3.7.jar:/home/user/.m2/repository/org/apache/commons/commons-text/1.4/commons-text-1.4.jar:/home/user/.m2/repository/org/apache/avro/avro/1.7.7/avro-1.7.7.jar:/home/user/.m2/repository/com/thoughtworks/paranamer/paranamer/2.3/paranamer-2.3.jar:/home/user/.m2/repository/org/xerial/snappy/snappy-java/1.0.5/snappy-java-1.0.5.jar:/home/user/.m2/repository/com/google/re2j/re2j/1.1/re2j-1.1.jar:/home/user/.m2/repository/com/google/code/gson/gson/2.2.4/gson-2.2.4.jar:/home/user/.m2/repository/com/jcraft/jsch/0.1.54/jsch-0.1.54.jar:/home/user/.m2/repository/org/apache/curator/curator-client/2.12.0/curator-client-2.12.0.jar:/home/user/.m2/repository/org/apache/curator/curator-recipes/2.12.0/curator-recipes-2.12.0.jar:/home/user/.m2/repository/com/google/code/findbugs/jsr305/3.0.0/jsr305-3.0.0.jar:/home/user/.m2/repository/org/apache/htrace/htrace-core4/4.1.0-incubating/htrace-core4-4.1.0-incubating.jar:/home/user/.m2/repository/org/apache/zookeeper/zookeeper/3.4.13/zookeeper-3.4.13.jar:/home/user/.m2/repository/jline/jline/0.9.94/jline-0.9.94.jar:/home/user/.m2/repository/org/apache/yetus/audience-annotations/0.5.0/audience-annotations-0.5.0.jar:/home/user/.m2/repository/org/codehaus/woodstox/stax2-api/3.1.4/stax2-api-3.1.4.jar:/home/user/.m2/repository/com/fasterxml/woodstox/woodstox-core/5.0.3/woodstox-core-5.0.3.jar:/home/user/.m2/repository/dnsjava/dnsjava/2.1.7/dnsjava-2.1.7.jar:/home/user/.m2/repository/org/apache/hadoop/hadoop-hdfs/3.2.0/hadoop-hdfs-3.2.0-tests.jar:/home/user/.m2/repository/org/eclipse/jetty/jetty-util-ajax/9.3.25.v20180904/jetty-util-ajax-9.3.25.v20180904.jar:/home/user/.m2/repository/commons-daemon/commons-daemon/1.0.13/commons-daemon-1.0.13.jar:/home/user/.m2/repository/io/netty/netty/3.10.5.Final/netty-3.10.5.Final.jar:/home/user/.m2/repository/io/netty/netty-all/4.0.52.Final/netty-all-4.0.52.Final.jar:/home/user/.m2/repository/org/fusesource/leveldbjni/leveldbjni-all/1.8/leveldbjni-all-1.8.jar:"/>
    <property name="sun.cpu.endian" value="little"/>
    <property name="user.home" value="/home/user"/>
    <property name="user.language" value="en"/>
    <property name="java.specification.vendor" value="Oracle Corporation"/>
    <property name="java.home" value="/usr/lib/jvm/java-1.8.0-openjdk-1.8.0.222.b10-1.el7_7.x86_64/jre"/>
    <property name="surefire.excludesFile" value="/tools/ozone-bad-unit-tests"/>
    <property name="java.security.krb5.conf" value="/workdir/hadoop-ozone/integration-test/target/test-classes/krb5.conf"/>
    <property name="basedir" value="/workdir/hadoop-ozone/integration-test"/>
    <property name="file.separator" value="/"/>
    <property name="line.separator" value="&#10;"/>
    <property name="java.vm.specification.vendor" value="Oracle Corporation"/>
    <property name="java.specification.name" value="Java Platform API Specification"/>
    <property name="java.awt.graphicsenv" value="sun.awt.X11GraphicsEnvironment"/>
    <property name="surefire.real.class.path" value="/workdir/hadoop-ozone/integration-test/target/surefire/surefirebooter1263551786208584844.jar"/>
    <property name="hadoop.log.dir" value="/workdir/hadoop-ozone/integration-test/target/log"/>
    <property name="sun.boot.class.path" value="/usr/lib/jvm/java-1.8.0-openjdk-1.8.0.222.b10-1.el7_7.x86_64/jre/lib/resources.jar:/usr/lib/jvm/java-1.8.0-openjdk-1.8.0.222.b10-1.el7_7.x86_64/jre/lib/rt.jar:/usr/lib/jvm/java-1.8.0-openjdk-1.8.0.222.b10-1.el7_7.x86_64/jre/lib/sunrsasign.jar:/usr/lib/jvm/java-1.8.0-openjdk-1.8.0.222.b10-1.el7_7.x86_64/jre/lib/jsse.jar:/usr/lib/jvm/java-1.8.0-openjdk-1.8.0.222.b10-1.el7_7.x86_64/jre/lib/jce.jar:/usr/lib/jvm/java-1.8.0-openjdk-1.8.0.222.b10-1.el7_7.x86_64/jre/lib/charsets.jar:/usr/lib/jvm/java-1.8.0-openjdk-1.8.0.222.b10-1.el7_7.x86_64/jre/lib/jfr.jar:/usr/lib/jvm/java-1.8.0-openjdk-1.8.0.222.b10-1.el7_7.x86_64/jre/classes"/>
    <property name="sun.management.compiler" value="HotSpot 64-Bit Tiered Compilers"/>
    <property name="java.runtime.version" value="1.8.0_222-b10"/>
    <property name="java.net.preferIPv4Stack" value="true"/>
    <property name="user.name" value="jenkins1000"/>
    <property name="path.separator" value=":"/>
    <property name="java.security.egd" value="file:///dev/urandom"/>
    <property name="os.version" value="3.10.0-957.12.2.el7.x86_64"/>
    <property name="java.endorsed.dirs" value="/usr/lib/jvm/java-1.8.0-openjdk-1.8.0.222.b10-1.el7_7.x86_64/jre/lib/endorsed"/>
    <property name="java.runtime.name" value="OpenJDK Runtime Environment"/>
    <property name="file.encoding" value="ANSI_X3.4-1968"/>
    <property name="java.vm.name" value="OpenJDK 64-Bit Server VM"/>
    <property name="test.build.webapps" value=""/>
    <property name="localRepository" value="/home/user/.m2/repository"/>
    <property name="java.vendor.url.bug" value="http://bugreport.sun.com/bugreport/"/>
    <property name="java.io.tmpdir" value="/tmp"/>
    <property name="require.test.libhadoop" value=""/>
    <property name="java.version" value="1.8.0_222"/>
    <property name="user.dir" value="/workdir/hadoop-ozone/integration-test"/>
    <property name="os.arch" value="amd64"/>
    <property name="java.vm.specification.name" value="Java Virtual Machine Specification"/>
    <property name="test.build.classes" value="/workdir/hadoop-ozone/integration-test/target/test-classes"/>
    <property name="java.awt.printerjob" value="sun.print.PSPrinterJob"/>
    <property name="sun.os.patch.level" value="unknown"/>
    <property name="hadoop.tmp.dir" value="/workdir/hadoop-ozone/integration-test/target/tmp"/>
    <property name="java.library.path" value="/usr/lib:/workdir/hadoop-ozone/integration-test/target/native/target/usr/local/lib:/workdir/hadoop-ozone/integration-test/../../hadoop-common-project/hadoop-common/target/native/target/usr/local/lib:/usr/java/packages/lib/amd64:/usr/lib64:/lib64:/lib:/usr/lib"/>
    <property name="java.vm.info" value="mixed mode"/>
    <property name="java.vendor" value="Oracle Corporation"/>
    <property name="java.vm.version" value="25.222-b10"/>
    <property name="java.ext.dirs" value="/usr/lib/jvm/java-1.8.0-openjdk-1.8.0.222.b10-1.el7_7.x86_64/jre/lib/ext:/usr/java/packages/lib/ext"/>
    <property name="sun.io.unicode.encoding" value="UnicodeLittle"/>
    <property name="java.class.version" value="52.0"/>
  </properties>
  <testcase name="testDeleteKeyWithSlowFollower" classname="org.apache.hadoop.ozone.client.rpc.TestDeleteWithSlowFollower" time="116.775">
    <failure type="java.lang.AssertionError">java.lang.AssertionError
	at org.junit.Assert.fail(Assert.java:86)
	at org.junit.Assert.assertTrue(Assert.java:41)
	at org.junit.Assert.assertTrue(Assert.java:52)
	at org.apache.hadoop.ozone.client.rpc.TestDeleteWithSlowFollower.testDeleteKeyWithSlowFollower(TestDeleteWithSlowFollower.java:265)
	at sun.reflect.NativeMethodAccessorImpl.invoke0(Native Method)
	at sun.reflect.NativeMethodAccessorImpl.invoke(NativeMethodAccessorImpl.java:62)
	at sun.reflect.DelegatingMethodAccessorImpl.invoke(DelegatingMethodAccessorImpl.java:43)
	at java.lang.reflect.Method.invoke(Method.java:498)
	at org.junit.runners.model.FrameworkMethod$1.runReflectiveCall(FrameworkMethod.java:47)
	at org.junit.internal.runners.model.ReflectiveCallable.run(ReflectiveCallable.java:12)
	at org.junit.runners.model.FrameworkMethod.invokeExplosively(FrameworkMethod.java:44)
	at org.junit.internal.runners.statements.InvokeMethod.evaluate(InvokeMethod.java:17)
	at org.junit.runners.ParentRunner.runLeaf(ParentRunner.java:271)
	at org.junit.runners.BlockJUnit4ClassRunner.runChild(BlockJUnit4ClassRunner.java:70)
	at org.junit.runners.BlockJUnit4ClassRunner.runChild(BlockJUnit4ClassRunner.java:50)
	at org.junit.runners.ParentRunner$3.run(ParentRunner.java:238)
	at org.junit.runners.ParentRunner$1.schedule(ParentRunner.java:63)
	at org.junit.runners.ParentRunner.runChildren(ParentRunner.java:236)
	at org.junit.runners.ParentRunner.access$000(ParentRunner.java:53)
	at org.junit.runners.ParentRunner$2.evaluate(ParentRunner.java:229)
	at org.junit.internal.runners.statements.RunBefores.evaluate(RunBefores.java:26)
	at org.junit.internal.runners.statements.RunAfters.evaluate(RunAfters.java:27)
	at org.junit.runners.ParentRunner.run(ParentRunner.java:309)
	at org.apache.maven.surefire.junit4.JUnit4Provider.execute(JUnit4Provider.java:365)
	at org.apache.maven.surefire.junit4.JUnit4Provider.executeWithRerun(JUnit4Provider.java:273)
	at org.apache.maven.surefire.junit4.JUnit4Provider.executeTestSet(JUnit4Provider.java:238)
	at org.apache.maven.surefire.junit4.JUnit4Provider.invoke(JUnit4Provider.java:159)
	at org.apache.maven.surefire.booter.ForkedBooter.invokeProviderInSameClassLoader(ForkedBooter.java:384)
	at org.apache.maven.surefire.booter.ForkedBooter.runSuitesInProcess(ForkedBooter.java:345)
	at org.apache.maven.surefire.booter.ForkedBooter.execute(ForkedBooter.java:126)
	at org.apache.maven.surefire.booter.ForkedBooter.main(ForkedBooter.java:418)
</failure>
    <system-out><![CDATA[2019-10-31 13:04:06,112 [main] WARN  server.ServerUtils (ServerUtils.java:getScmDbDir(145)) - ozone.scm.db.dirs is not configured. We recommend adding this setting. Falling back to ozone.metadata.dirs instead.
2019-10-31 13:04:06,248 [main] WARN  server.ServerUtils (ServerUtils.java:getScmDbDir(145)) - ozone.scm.db.dirs is not configured. We recommend adding this setting. Falling back to ozone.metadata.dirs instead.
2019-10-31 13:04:06,252 [main] WARN  server.ServerUtils (ServerUtils.java:getScmDbDir(145)) - ozone.scm.db.dirs is not configured. We recommend adding this setting. Falling back to ozone.metadata.dirs instead.
2019-10-31 13:04:06,281 [main] INFO  util.log (Log.java:initialized(192)) - Logging initialized @834ms
2019-10-31 13:04:06,371 [main] INFO  db.DBStoreBuilder (DBStoreBuilder.java:addTable(127)) - using custom profile for table: deletedBlocks
2019-10-31 13:04:06,371 [main] INFO  db.DBStoreBuilder (DBStoreBuilder.java:processTables(183)) - Using default column profile:DBProfile.DISK for Table:deletedBlocks
2019-10-31 13:04:06,372 [main] INFO  db.DBStoreBuilder (DBStoreBuilder.java:addTable(127)) - using custom profile for table: validCerts
2019-10-31 13:04:06,372 [main] INFO  db.DBStoreBuilder (DBStoreBuilder.java:processTables(183)) - Using default column profile:DBProfile.DISK for Table:validCerts
2019-10-31 13:04:06,372 [main] INFO  db.DBStoreBuilder (DBStoreBuilder.java:addTable(127)) - using custom profile for table: revokedCerts
2019-10-31 13:04:06,372 [main] INFO  db.DBStoreBuilder (DBStoreBuilder.java:processTables(183)) - Using default column profile:DBProfile.DISK for Table:revokedCerts
2019-10-31 13:04:06,382 [main] INFO  db.DBStoreBuilder (DBStoreBuilder.java:addTable(127)) - using custom profile for table: default
2019-10-31 13:04:06,383 [main] INFO  db.DBStoreBuilder (DBStoreBuilder.java:processTables(189)) - Using default column profile:DBProfile.DISK for Table:default
2019-10-31 13:04:06,384 [main] INFO  db.DBStoreBuilder (DBStoreBuilder.java:getDbProfile(220)) - Using default options. DBProfile.DISK
2019-10-31 13:04:06,694 [main] INFO  net.NodeSchemaLoader (NodeSchemaLoader.java:loadSchemaFromFile(125)) - Loading file from sun.misc.CompoundEnumeration@78691363
2019-10-31 13:04:06,696 [main] INFO  net.NodeSchemaLoader (NodeSchemaLoader.java:loadSchema(171)) - Loading network topology layer schema file
2019-10-31 13:04:06,753 [main] WARN  server.ServerUtils (ServerUtils.java:sanitizeUserArgs(70)) - ozone.scm.stale.node.interval value = 1000000 is larger than max = 100000 based on the key value of ozone.scm.heartbeat.thread.interval, reset to the max value 100000.
2019-10-31 13:04:06,755 [main] WARN  server.ServerUtils (ServerUtils.java:sanitizeUserArgs(70)) - ozone.scm.stale.node.interval value = 1000000 is larger than max = 100000 based on the key value of ozone.scm.heartbeat.thread.interval, reset to the max value 100000.
2019-10-31 13:04:06,757 [main] INFO  node.SCMNodeManager (SCMNodeManager.java:<init>(116)) - Entering startup safe mode.
2019-10-31 13:04:06,813 [main] INFO  algorithms.ContainerPlacementPolicyFactory (ContainerPlacementPolicyFactory.java:getPolicy(57)) - Create container placement policy of type org.apache.hadoop.hdds.scm.container.placement.algorithms.SCMContainerPlacementRandom
2019-10-31 13:04:06,824 [main] WARN  server.ServerUtils (ServerUtils.java:getScmDbDir(145)) - ozone.scm.db.dirs is not configured. We recommend adding this setting. Falling back to ozone.metadata.dirs instead.
2019-10-31 13:04:06,908 [main] INFO  pipeline.SCMPipelineManager (SCMPipelineManager.java:initializePipelineState(132)) - No pipeline exists in current db
2019-10-31 13:04:06,909 [main] WARN  server.ServerUtils (ServerUtils.java:getScmDbDir(145)) - ozone.scm.db.dirs is not configured. We recommend adding this setting. Falling back to ozone.metadata.dirs instead.
2019-10-31 13:04:07,044 [main] WARN  events.EventQueue (EventQueue.java:fireEvent(183)) - No event handler registered for event TypedEvent{payloadType=SafeModeStatus, name='SafeModeStatus'}
2019-10-31 13:04:07,362 [main] INFO  ipc.CallQueueManager (CallQueueManager.java:<init>(84)) - Using callQueue: class java.util.concurrent.LinkedBlockingQueue, queueCapacity: 2000, scheduler: class org.apache.hadoop.ipc.DefaultRpcScheduler, ipcBackoff: false.
2019-10-31 13:04:07,470 [Socket Reader #1 for port 46470] INFO  ipc.Server (Server.java:run(1074)) - Starting Socket Reader #1 for port 46470
2019-10-31 13:04:07,502 [main] INFO  ipc.CallQueueManager (CallQueueManager.java:<init>(84)) - Using callQueue: class java.util.concurrent.LinkedBlockingQueue, queueCapacity: 2000, scheduler: class org.apache.hadoop.ipc.DefaultRpcScheduler, ipcBackoff: false.
2019-10-31 13:04:07,502 [Socket Reader #1 for port 34149] INFO  ipc.Server (Server.java:run(1074)) - Starting Socket Reader #1 for port 34149
2019-10-31 13:04:07,511 [main] INFO  ipc.CallQueueManager (CallQueueManager.java:<init>(84)) - Using callQueue: class java.util.concurrent.LinkedBlockingQueue, queueCapacity: 2000, scheduler: class org.apache.hadoop.ipc.DefaultRpcScheduler, ipcBackoff: false.
2019-10-31 13:04:07,513 [Socket Reader #1 for port 36411] INFO  ipc.Server (Server.java:run(1074)) - Starting Socket Reader #1 for port 36411
2019-10-31 13:04:07,534 [main] INFO  hdfs.DFSUtil (DFSUtil.java:httpServerTemplateForNNAndJN(1641)) - Starting Web-server for scm at: http://0.0.0.0:0
2019-10-31 13:04:07,686 [main] INFO  server.AuthenticationFilter (AuthenticationFilter.java:constructSecretProvider(240)) - Unable to initialize FileSignerSecretProvider, falling back to use random secrets.
2019-10-31 13:04:07,694 [main] WARN  http.HttpRequestLog (HttpRequestLog.java:getRequestLog(97)) - Jetty request log can only be enabled using Log4j
2019-10-31 13:04:07,702 [main] INFO  http.HttpServer2 (HttpServer2.java:addGlobalFilter(975)) - Added global filter 'safety' (class=org.apache.hadoop.http.HttpServer2$QuotingInputFilter)
2019-10-31 13:04:07,705 [main] INFO  http.HttpServer2 (HttpServer2.java:addFilter(948)) - Added filter static_user_filter (class=org.apache.hadoop.http.lib.StaticUserWebFilter$StaticUserFilter) to context scm
2019-10-31 13:04:07,705 [main] INFO  http.HttpServer2 (HttpServer2.java:addFilter(958)) - Added filter static_user_filter (class=org.apache.hadoop.http.lib.StaticUserWebFilter$StaticUserFilter) to context static
2019-10-31 13:04:07,705 [main] INFO  http.HttpServer2 (HttpServer2.java:addFilter(958)) - Added filter static_user_filter (class=org.apache.hadoop.http.lib.StaticUserWebFilter$StaticUserFilter) to context logs
2019-10-31 13:04:07,732 [main] INFO  server.StorageContainerManager (StorageContainerManager.java:start(772)) - StorageContainerLocationProtocol RPC server is listening at /0.0.0.0:36411
2019-10-31 13:04:07,814 [main] WARN  impl.MetricsConfig (MetricsConfig.java:loadFirst(134)) - Cannot locate configuration: tried hadoop-metrics2-storagecontainermanager.properties,hadoop-metrics2.properties
2019-10-31 13:04:07,831 [main] INFO  impl.MetricsSystemImpl (MetricsSystemImpl.java:startTimer(374)) - Scheduled Metric snapshot period at 10 second(s).
2019-10-31 13:04:07,831 [main] INFO  impl.MetricsSystemImpl (MetricsSystemImpl.java:start(191)) - StorageContainerManager metrics system started
2019-10-31 13:04:08,073 [main] INFO  server.SCMClientProtocolServer (SCMClientProtocolServer.java:start(159)) - RPC server for Client  is listening at /0.0.0.0:36411
2019-10-31 13:04:08,073 [IPC Server Responder] INFO  ipc.Server (Server.java:run(1314)) - IPC Server Responder: starting
2019-10-31 13:04:08,074 [IPC Server listener on 36411] INFO  ipc.Server (Server.java:run(1153)) - IPC Server listener on 36411: starting
2019-10-31 13:04:08,076 [main] INFO  server.StorageContainerManager (StorageContainerManager.java:start(782)) - ScmBlockLocationProtocol RPC server is listening at /0.0.0.0:34149
2019-10-31 13:04:08,077 [main] INFO  server.SCMBlockProtocolServer (SCMBlockProtocolServer.java:start(146)) - RPC server for Block Protocol is listening at /0.0.0.0:34149
2019-10-31 13:04:08,078 [IPC Server Responder] INFO  ipc.Server (Server.java:run(1314)) - IPC Server Responder: starting
2019-10-31 13:04:08,079 [IPC Server listener on 34149] INFO  ipc.Server (Server.java:run(1153)) - IPC Server listener on 34149: starting
2019-10-31 13:04:08,086 [main] INFO  server.StorageContainerManager (StorageContainerManager.java:start(786)) - ScmDatanodeProtocl RPC server is listening at /0.0.0.0:46470
2019-10-31 13:04:08,086 [main] INFO  server.SCMDatanodeProtocolServer (SCMDatanodeProtocolServer.java:start(169)) - RPC server for DataNodes is listening at /0.0.0.0:46470
2019-10-31 13:04:08,088 [IPC Server Responder] INFO  ipc.Server (Server.java:run(1314)) - IPC Server Responder: starting
2019-10-31 13:04:08,088 [IPC Server listener on 46470] INFO  ipc.Server (Server.java:run(1153)) - IPC Server listener on 46470: starting
2019-10-31 13:04:08,091 [main] INFO  http.HttpServer2 (HttpServer2.java:bindListener(1191)) - Jetty bound to port 44380
2019-10-31 13:04:08,093 [main] INFO  server.Server (Server.java:doStart(351)) - jetty-9.3.25.v20180904, build timestamp: 2018-09-04T21:11:46Z, git hash: 3ce520221d0240229c862b122d2b06c12a625732
2019-10-31 13:04:08,141 [main] INFO  handler.ContextHandler (ContextHandler.java:doStart(781)) - Started o.e.j.s.ServletContextHandler@2f48b3d2{/logs,file:///workdir/hadoop-ozone/integration-test/target/log,AVAILABLE}
2019-10-31 13:04:08,142 [main] INFO  handler.ContextHandler (ContextHandler.java:doStart(781)) - Started o.e.j.s.ServletContextHandler@753432a2{/static,file:///workdir/hadoop-ozone/integration-test/target/test-classes/webapps/static,AVAILABLE}
2019-10-31 13:04:08,184 [main] INFO  handler.ContextHandler (ContextHandler.java:doStart(781)) - Started o.e.j.w.WebAppContext@23a9ba52{/,file:///workdir/hadoop-ozone/integration-test/target/test-classes/webapps/scm/,AVAILABLE}{/scm}
2019-10-31 13:04:08,190 [main] INFO  server.AbstractConnector (AbstractConnector.java:doStart(278)) - Started ServerConnector@7927bd9f{HTTP/1.1,[http/1.1]}{0.0.0.0:44380}
2019-10-31 13:04:08,191 [main] INFO  server.Server (Server.java:doStart(419)) - Started @2744ms
2019-10-31 13:04:08,193 [main] INFO  impl.MetricsSinkAdapter (MetricsSinkAdapter.java:start(204)) - Sink prometheus started
2019-10-31 13:04:08,193 [main] INFO  impl.MetricsSystemImpl (MetricsSystemImpl.java:registerSink(301)) - Registered sink prometheus
2019-10-31 13:04:08,196 [main] INFO  server.BaseHttpServer (BaseHttpServer.java:updateConnectorAddress(215)) - HTTP server of SCM is listening at http://0.0.0.0:44380
2019-10-31 13:04:08,204 [org.apache.hadoop.util.JvmPauseMonitor$Monitor@3d3f761a] INFO  util.JvmPauseMonitor (JvmPauseMonitor.java:run(188)) - Starting JVM pause monitor
2019-10-31 13:04:08,209 [main] WARN  server.ServerUtils (ServerUtils.java:getDBPath(222)) - ozone.om.db.dirs is not configured. We recommend adding this setting. Falling back to ozone.metadata.dirs instead.
2019-10-31 13:04:08,333 [main] INFO  ha.OMHANodeDetails (OMHANodeDetails.java:loadOMHAConfig(190)) - Configuration either no ozone.om.address set. Falling back to the default OM address /127.0.0.1:0
2019-10-31 13:04:08,333 [main] INFO  ha.OMHANodeDetails (OMHANodeDetails.java:getOMNodeDetails(220)) - OM Service ID is not set. Setting it to the default ID: omServiceIdDefault
2019-10-31 13:04:08,335 [main] WARN  server.ServerUtils (ServerUtils.java:getDBPath(222)) - ozone.om.db.dirs is not configured. We recommend adding this setting. Falling back to ozone.metadata.dirs instead.
2019-10-31 13:04:08,336 [main] WARN  server.ServerUtils (ServerUtils.java:getDBPath(222)) - ozone.om.db.dirs is not configured. We recommend adding this setting. Falling back to ozone.metadata.dirs instead.
2019-10-31 13:04:08,913 [main] WARN  server.ServerUtils (ServerUtils.java:getDBPath(222)) - ozone.om.db.dirs is not configured. We recommend adding this setting. Falling back to ozone.metadata.dirs instead.
2019-10-31 13:04:08,922 [main] INFO  db.DBStoreBuilder (DBStoreBuilder.java:addTable(127)) - using custom profile for table: userTable
2019-10-31 13:04:08,922 [main] INFO  db.DBStoreBuilder (DBStoreBuilder.java:processTables(183)) - Using default column profile:DBProfile.DISK for Table:userTable
2019-10-31 13:04:08,922 [main] INFO  db.DBStoreBuilder (DBStoreBuilder.java:addTable(127)) - using custom profile for table: volumeTable
2019-10-31 13:04:08,922 [main] INFO  db.DBStoreBuilder (DBStoreBuilder.java:processTables(183)) - Using default column profile:DBProfile.DISK for Table:volumeTable
2019-10-31 13:04:08,922 [main] INFO  db.DBStoreBuilder (DBStoreBuilder.java:addTable(127)) - using custom profile for table: bucketTable
2019-10-31 13:04:08,923 [main] INFO  db.DBStoreBuilder (DBStoreBuilder.java:processTables(183)) - Using default column profile:DBProfile.DISK for Table:bucketTable
2019-10-31 13:04:08,923 [main] INFO  db.DBStoreBuilder (DBStoreBuilder.java:addTable(127)) - using custom profile for table: keyTable
2019-10-31 13:04:08,923 [main] INFO  db.DBStoreBuilder (DBStoreBuilder.java:processTables(183)) - Using default column profile:DBProfile.DISK for Table:keyTable
2019-10-31 13:04:08,923 [main] INFO  db.DBStoreBuilder (DBStoreBuilder.java:addTable(127)) - using custom profile for table: deletedTable
2019-10-31 13:04:08,924 [main] INFO  db.DBStoreBuilder (DBStoreBuilder.java:processTables(183)) - Using default column profile:DBProfile.DISK for Table:deletedTable
2019-10-31 13:04:08,924 [main] INFO  db.DBStoreBuilder (DBStoreBuilder.java:addTable(127)) - using custom profile for table: openKeyTable
2019-10-31 13:04:08,924 [main] INFO  db.DBStoreBuilder (DBStoreBuilder.java:processTables(183)) - Using default column profile:DBProfile.DISK for Table:openKeyTable
2019-10-31 13:04:08,924 [main] INFO  db.DBStoreBuilder (DBStoreBuilder.java:addTable(127)) - using custom profile for table: s3Table
2019-10-31 13:04:08,924 [main] INFO  db.DBStoreBuilder (DBStoreBuilder.java:processTables(183)) - Using default column profile:DBProfile.DISK for Table:s3Table
2019-10-31 13:04:08,925 [main] INFO  db.DBStoreBuilder (DBStoreBuilder.java:addTable(127)) - using custom profile for table: multipartInfoTable
2019-10-31 13:04:08,925 [main] INFO  db.DBStoreBuilder (DBStoreBuilder.java:processTables(183)) - Using default column profile:DBProfile.DISK for Table:multipartInfoTable
2019-10-31 13:04:08,925 [main] INFO  db.DBStoreBuilder (DBStoreBuilder.java:addTable(127)) - using custom profile for table: dTokenTable
2019-10-31 13:04:08,925 [main] INFO  db.DBStoreBuilder (DBStoreBuilder.java:processTables(183)) - Using default column profile:DBProfile.DISK for Table:dTokenTable
2019-10-31 13:04:08,926 [main] INFO  db.DBStoreBuilder (DBStoreBuilder.java:addTable(127)) - using custom profile for table: s3SecretTable
2019-10-31 13:04:08,926 [main] INFO  db.DBStoreBuilder (DBStoreBuilder.java:processTables(183)) - Using default column profile:DBProfile.DISK for Table:s3SecretTable
2019-10-31 13:04:08,926 [main] INFO  db.DBStoreBuilder (DBStoreBuilder.java:addTable(127)) - using custom profile for table: prefixTable
2019-10-31 13:04:08,926 [main] INFO  db.DBStoreBuilder (DBStoreBuilder.java:processTables(183)) - Using default column profile:DBProfile.DISK for Table:prefixTable
2019-10-31 13:04:08,927 [main] INFO  db.DBStoreBuilder (DBStoreBuilder.java:addTable(127)) - using custom profile for table: default
2019-10-31 13:04:08,927 [main] INFO  db.DBStoreBuilder (DBStoreBuilder.java:processTables(189)) - Using default column profile:DBProfile.DISK for Table:default
2019-10-31 13:04:08,927 [main] INFO  db.DBStoreBuilder (DBStoreBuilder.java:getDbProfile(220)) - Using default options. DBProfile.DISK
2019-10-31 13:04:09,561 [main] INFO  ipc.CallQueueManager (CallQueueManager.java:<init>(84)) - Using callQueue: class java.util.concurrent.LinkedBlockingQueue, queueCapacity: 2000, scheduler: class org.apache.hadoop.ipc.DefaultRpcScheduler, ipcBackoff: false.
2019-10-31 13:04:09,562 [Socket Reader #1 for port 34162] INFO  ipc.Server (Server.java:run(1074)) - Starting Socket Reader #1 for port 34162
2019-10-31 13:04:09,583 [main] INFO  om.OzoneManager (OzoneManager.java:start(1074)) - OzoneManager RPC server is listening at localhost/127.0.0.1:34162
2019-10-31 13:04:09,583 [main] INFO  impl.MetricsSystemImpl (MetricsSystemImpl.java:init(158)) - OzoneManager metrics system started (again)
2019-10-31 13:04:09,591 [IPC Server Responder] INFO  ipc.Server (Server.java:run(1314)) - IPC Server Responder: starting
2019-10-31 13:04:09,591 [IPC Server listener on 34162] INFO  ipc.Server (Server.java:run(1153)) - IPC Server listener on 34162: starting
2019-10-31 13:04:09,601 [main] INFO  hdfs.DFSUtil (DFSUtil.java:httpServerTemplateForNNAndJN(1641)) - Starting Web-server for ozoneManager at: http://0.0.0.0:0
2019-10-31 13:04:09,602 [main] INFO  server.AuthenticationFilter (AuthenticationFilter.java:constructSecretProvider(240)) - Unable to initialize FileSignerSecretProvider, falling back to use random secrets.
2019-10-31 13:04:09,603 [main] WARN  http.HttpRequestLog (HttpRequestLog.java:getRequestLog(97)) - Jetty request log can only be enabled using Log4j
2019-10-31 13:04:09,605 [main] INFO  http.HttpServer2 (HttpServer2.java:addGlobalFilter(975)) - Added global filter 'safety' (class=org.apache.hadoop.http.HttpServer2$QuotingInputFilter)
2019-10-31 13:04:09,606 [main] INFO  http.HttpServer2 (HttpServer2.java:addFilter(948)) - Added filter static_user_filter (class=org.apache.hadoop.http.lib.StaticUserWebFilter$StaticUserFilter) to context ozoneManager
2019-10-31 13:04:09,606 [main] INFO  http.HttpServer2 (HttpServer2.java:addFilter(958)) - Added filter static_user_filter (class=org.apache.hadoop.http.lib.StaticUserWebFilter$StaticUserFilter) to context logs
2019-10-31 13:04:09,606 [main] INFO  http.HttpServer2 (HttpServer2.java:addFilter(958)) - Added filter static_user_filter (class=org.apache.hadoop.http.lib.StaticUserWebFilter$StaticUserFilter) to context static
2019-10-31 13:04:09,608 [main] INFO  http.HttpServer2 (HttpServer2.java:bindListener(1191)) - Jetty bound to port 36534
2019-10-31 13:04:09,609 [main] INFO  server.Server (Server.java:doStart(351)) - jetty-9.3.25.v20180904, build timestamp: 2018-09-04T21:11:46Z, git hash: 3ce520221d0240229c862b122d2b06c12a625732
2019-10-31 13:04:09,611 [main] INFO  handler.ContextHandler (ContextHandler.java:doStart(781)) - Started o.e.j.s.ServletContextHandler@40ab8a8{/logs,file:///workdir/hadoop-ozone/integration-test/target/log,AVAILABLE}
2019-10-31 13:04:09,611 [main] INFO  handler.ContextHandler (ContextHandler.java:doStart(781)) - Started o.e.j.s.ServletContextHandler@65cc8228{/static,file:///workdir/hadoop-ozone/integration-test/target/test-classes/webapps/static,AVAILABLE}
2019-10-31 13:04:09,616 [main] INFO  handler.ContextHandler (ContextHandler.java:doStart(781)) - Started o.e.j.w.WebAppContext@5d235104{/,file:///workdir/hadoop-ozone/integration-test/target/test-classes/webapps/ozoneManager/,AVAILABLE}{/ozoneManager}
2019-10-31 13:04:09,617 [main] INFO  server.AbstractConnector (AbstractConnector.java:doStart(278)) - Started ServerConnector@4e8e8621{HTTP/1.1,[http/1.1]}{0.0.0.0:36534}
2019-10-31 13:04:09,617 [main] INFO  server.Server (Server.java:doStart(419)) - Started @4170ms
2019-10-31 13:04:09,617 [main] WARN  impl.MetricsSystemImpl (MetricsSystemImpl.java:register(276)) - Sink prometheus already exists!
2019-10-31 13:04:09,618 [main] INFO  server.BaseHttpServer (BaseHttpServer.java:updateConnectorAddress(215)) - HTTP server of OZONEMANAGER is listening at http://0.0.0.0:36534
2019-10-31 13:04:09,863 [main] INFO  impl.MetricsSystemImpl (MetricsSystemImpl.java:init(158)) - HddsDatanode metrics system started (again)
2019-10-31 13:04:09,908 [main] INFO  ozone.HddsDatanodeService (HddsDatanodeService.java:start(184)) - HddsDatanodeService host:pr-hdds-1701-2k7ks-937105442 ip:192.168.157.200
2019-10-31 13:04:09,947 [main] INFO  volume.HddsVolume (HddsVolume.java:<init>(176)) - Creating Volume: /workdir/hadoop-ozone/integration-test/target/test-dir/MiniOzoneClusterImpl-ba86e98e-0b9e-4fbc-a2f2-7e38c2eb387e/datanode-0/data/containers/hdds of  storage type : DISK and capacity : 1482555576320
2019-10-31 13:04:09,950 [main] INFO  volume.VolumeSet (VolumeSet.java:initializeVolumeSet(170)) - Added Volume : /workdir/hadoop-ozone/integration-test/target/test-dir/MiniOzoneClusterImpl-ba86e98e-0b9e-4fbc-a2f2-7e38c2eb387e/datanode-0/data/containers/hdds to VolumeSet
2019-10-31 13:04:09,954 [main] INFO  volume.ThrottledAsyncChecker (ThrottledAsyncChecker.java:schedule(141)) - Scheduling a check for /workdir/hadoop-ozone/integration-test/target/test-dir/MiniOzoneClusterImpl-ba86e98e-0b9e-4fbc-a2f2-7e38c2eb387e/datanode-0/data/containers/hdds
2019-10-31 13:04:09,971 [main] INFO  volume.HddsVolumeChecker (HddsVolumeChecker.java:checkAllVolumes(204)) - Scheduled health check for volume /workdir/hadoop-ozone/integration-test/target/test-dir/MiniOzoneClusterImpl-ba86e98e-0b9e-4fbc-a2f2-7e38c2eb387e/datanode-0/data/containers/hdds
2019-10-31 13:04:10,074 [main] INFO  impl.RaftServerProxy (ConfUtils.java:logGet(43)) - raft.rpc.type = GRPC (default)
2019-10-31 13:04:10,135 [main] INFO  grpc.GrpcFactory (GrpcFactory.java:checkPooledByteBufAllocatorUseCacheForAllThreads(45)) - PERFORMANCE WARNING: useCacheForAllThreads is true that may cause Netty to create a lot garbage objects and, as a result, trigger GC.
	It is recommended to disable useCacheForAllThreads by setting -Dorg.apache.ratis.thirdparty.io.netty.allocator.useCacheForAllThreads=false in command line.
2019-10-31 13:04:10,139 [main] INFO  grpc.GrpcConfigKeys$Server (ConfUtils.java:logGet(43)) - raft.grpc.server.port = 0 (default)
2019-10-31 13:04:10,140 [main] INFO  server.GrpcService (ConfUtils.java:logGet(43)) - raft.grpc.message.size.max = 33570816 (custom)
2019-10-31 13:04:10,142 [main] INFO  server.RaftServerConfigKeys (ConfUtils.java:logGet(43)) - raft.server.log.appender.buffer.byte-limit = 33554432 (custom)
2019-10-31 13:04:10,142 [main] INFO  server.GrpcService (ConfUtils.java:logGet(43)) - raft.grpc.flow.control.window = 1MB (=1048576) (default)
2019-10-31 13:04:10,143 [main] INFO  server.RaftServerConfigKeys (ConfUtils.java:logGet(43)) - raft.server.rpc.request.timeout = 3000ms (default)
2019-10-31 13:04:10,291 [main] INFO  server.RaftServerConfigKeys (ConfUtils.java:logGet(43)) - raft.server.storage.dir = [/workdir/hadoop-ozone/integration-test/target/test-dir/MiniOzoneClusterImpl-ba86e98e-0b9e-4fbc-a2f2-7e38c2eb387e/datanode-0/data/ratis] (custom)
2019-10-31 13:04:10,349 [main] INFO  hdfs.DFSUtil (DFSUtil.java:httpServerTemplateForNNAndJN(1641)) - Starting Web-server for hddsDatanode at: http://0.0.0.0:0
2019-10-31 13:04:10,352 [main] INFO  server.AuthenticationFilter (AuthenticationFilter.java:constructSecretProvider(240)) - Unable to initialize FileSignerSecretProvider, falling back to use random secrets.
2019-10-31 13:04:10,353 [main] WARN  http.HttpRequestLog (HttpRequestLog.java:getRequestLog(97)) - Jetty request log can only be enabled using Log4j
2019-10-31 13:04:10,356 [main] INFO  http.HttpServer2 (HttpServer2.java:addGlobalFilter(975)) - Added global filter 'safety' (class=org.apache.hadoop.http.HttpServer2$QuotingInputFilter)
2019-10-31 13:04:10,358 [main] INFO  http.HttpServer2 (HttpServer2.java:addFilter(948)) - Added filter static_user_filter (class=org.apache.hadoop.http.lib.StaticUserWebFilter$StaticUserFilter) to context hddsDatanode
2019-10-31 13:04:10,358 [main] INFO  http.HttpServer2 (HttpServer2.java:addFilter(958)) - Added filter static_user_filter (class=org.apache.hadoop.http.lib.StaticUserWebFilter$StaticUserFilter) to context logs
2019-10-31 13:04:10,358 [main] INFO  http.HttpServer2 (HttpServer2.java:addFilter(958)) - Added filter static_user_filter (class=org.apache.hadoop.http.lib.StaticUserWebFilter$StaticUserFilter) to context static
2019-10-31 13:04:10,360 [main] INFO  http.HttpServer2 (HttpServer2.java:bindListener(1191)) - Jetty bound to port 40585
2019-10-31 13:04:10,360 [main] INFO  server.Server (Server.java:doStart(351)) - jetty-9.3.25.v20180904, build timestamp: 2018-09-04T21:11:46Z, git hash: 3ce520221d0240229c862b122d2b06c12a625732
2019-10-31 13:04:10,364 [main] INFO  handler.ContextHandler (ContextHandler.java:doStart(781)) - Started o.e.j.s.ServletContextHandler@6c008c24{/logs,file:///workdir/hadoop-ozone/integration-test/target/log,AVAILABLE}
2019-10-31 13:04:10,364 [main] INFO  handler.ContextHandler (ContextHandler.java:doStart(781)) - Started o.e.j.s.ServletContextHandler@21079a12{/static,jar:file:/home/user/.m2/repository/org/apache/hadoop/hadoop-hdds-container-service/0.5.0-SNAPSHOT/hadoop-hdds-container-service-0.5.0-SNAPSHOT.jar!/webapps/static,AVAILABLE}
2019-10-31 13:04:10,415 [main] INFO  handler.ContextHandler (ContextHandler.java:doStart(781)) - Started o.e.j.w.WebAppContext@673919a7{/,file:///tmp/jetty-0.0.0.0-40585-hddsDatanode-_-any-4719899490695476240.dir/webapp/,AVAILABLE}{/hddsDatanode}
2019-10-31 13:04:10,416 [main] INFO  server.AbstractConnector (AbstractConnector.java:doStart(278)) - Started ServerConnector@25d93198{HTTP/1.1,[http/1.1]}{0.0.0.0:40585}
2019-10-31 13:04:10,417 [main] INFO  server.Server (Server.java:doStart(419)) - Started @4970ms
2019-10-31 13:04:10,417 [main] WARN  impl.MetricsSystemImpl (MetricsSystemImpl.java:register(276)) - Sink prometheus already exists!
2019-10-31 13:04:10,420 [main] INFO  server.BaseHttpServer (BaseHttpServer.java:updateConnectorAddress(215)) - HTTP server of HDDSDATANODE is listening at http://0.0.0.0:40585
2019-10-31 13:04:10,422 [main] INFO  impl.MetricsSystemImpl (MetricsSystemImpl.java:init(158)) - HddsDatanode metrics system started (again)
2019-10-31 13:04:10,426 [main] INFO  ozone.HddsDatanodeService (HddsDatanodeService.java:start(184)) - HddsDatanodeService host:pr-hdds-1701-2k7ks-937105442 ip:192.168.157.200
2019-10-31 13:04:10,428 [org.apache.hadoop.util.JvmPauseMonitor$Monitor@7e0796d6] INFO  util.JvmPauseMonitor (JvmPauseMonitor.java:run(188)) - Starting JVM pause monitor
2019-10-31 13:04:10,437 [main] INFO  volume.HddsVolume (HddsVolume.java:<init>(176)) - Creating Volume: /workdir/hadoop-ozone/integration-test/target/test-dir/MiniOzoneClusterImpl-ba86e98e-0b9e-4fbc-a2f2-7e38c2eb387e/datanode-1/data/containers/hdds of  storage type : DISK and capacity : 1482555576320
2019-10-31 13:04:10,437 [main] INFO  volume.VolumeSet (VolumeSet.java:initializeVolumeSet(170)) - Added Volume : /workdir/hadoop-ozone/integration-test/target/test-dir/MiniOzoneClusterImpl-ba86e98e-0b9e-4fbc-a2f2-7e38c2eb387e/datanode-1/data/containers/hdds to VolumeSet
2019-10-31 13:04:10,438 [main] INFO  volume.ThrottledAsyncChecker (ThrottledAsyncChecker.java:schedule(141)) - Scheduling a check for /workdir/hadoop-ozone/integration-test/target/test-dir/MiniOzoneClusterImpl-ba86e98e-0b9e-4fbc-a2f2-7e38c2eb387e/datanode-1/data/containers/hdds
2019-10-31 13:04:10,438 [main] INFO  volume.HddsVolumeChecker (HddsVolumeChecker.java:checkAllVolumes(204)) - Scheduled health check for volume /workdir/hadoop-ozone/integration-test/target/test-dir/MiniOzoneClusterImpl-ba86e98e-0b9e-4fbc-a2f2-7e38c2eb387e/datanode-1/data/containers/hdds
2019-10-31 13:04:10,460 [main] INFO  impl.RaftServerProxy (ConfUtils.java:logGet(43)) - raft.rpc.type = GRPC (default)
2019-10-31 13:04:10,460 [main] INFO  grpc.GrpcFactory (GrpcFactory.java:checkPooledByteBufAllocatorUseCacheForAllThreads(45)) - PERFORMANCE WARNING: useCacheForAllThreads is true that may cause Netty to create a lot garbage objects and, as a result, trigger GC.
	It is recommended to disable useCacheForAllThreads by setting -Dorg.apache.ratis.thirdparty.io.netty.allocator.useCacheForAllThreads=false in command line.
2019-10-31 13:04:10,461 [main] INFO  grpc.GrpcConfigKeys$Server (ConfUtils.java:logGet(43)) - raft.grpc.server.port = 0 (default)
2019-10-31 13:04:10,461 [main] INFO  server.GrpcService (ConfUtils.java:logGet(43)) - raft.grpc.message.size.max = 33570816 (custom)
2019-10-31 13:04:10,462 [main] INFO  server.RaftServerConfigKeys (ConfUtils.java:logGet(43)) - raft.server.log.appender.buffer.byte-limit = 33554432 (custom)
2019-10-31 13:04:10,462 [main] INFO  server.GrpcService (ConfUtils.java:logGet(43)) - raft.grpc.flow.control.window = 1MB (=1048576) (default)
2019-10-31 13:04:10,462 [main] INFO  server.RaftServerConfigKeys (ConfUtils.java:logGet(43)) - raft.server.rpc.request.timeout = 3000ms (default)
2019-10-31 13:04:10,463 [main] INFO  server.RaftServerConfigKeys (ConfUtils.java:logGet(43)) - raft.server.storage.dir = [/workdir/hadoop-ozone/integration-test/target/test-dir/MiniOzoneClusterImpl-ba86e98e-0b9e-4fbc-a2f2-7e38c2eb387e/datanode-1/data/ratis] (custom)
2019-10-31 13:04:10,465 [main] INFO  hdfs.DFSUtil (DFSUtil.java:httpServerTemplateForNNAndJN(1641)) - Starting Web-server for hddsDatanode at: http://0.0.0.0:0
2019-10-31 13:04:10,467 [main] INFO  server.AuthenticationFilter (AuthenticationFilter.java:constructSecretProvider(240)) - Unable to initialize FileSignerSecretProvider, falling back to use random secrets.
2019-10-31 13:04:10,467 [main] WARN  http.HttpRequestLog (HttpRequestLog.java:getRequestLog(97)) - Jetty request log can only be enabled using Log4j
2019-10-31 13:04:10,470 [main] INFO  http.HttpServer2 (HttpServer2.java:addGlobalFilter(975)) - Added global filter 'safety' (class=org.apache.hadoop.http.HttpServer2$QuotingInputFilter)
2019-10-31 13:04:10,471 [main] INFO  http.HttpServer2 (HttpServer2.java:addFilter(948)) - Added filter static_user_filter (class=org.apache.hadoop.http.lib.StaticUserWebFilter$StaticUserFilter) to context hddsDatanode
2019-10-31 13:04:10,471 [main] INFO  http.HttpServer2 (HttpServer2.java:addFilter(958)) - Added filter static_user_filter (class=org.apache.hadoop.http.lib.StaticUserWebFilter$StaticUserFilter) to context logs
2019-10-31 13:04:10,471 [main] INFO  http.HttpServer2 (HttpServer2.java:addFilter(958)) - Added filter static_user_filter (class=org.apache.hadoop.http.lib.StaticUserWebFilter$StaticUserFilter) to context static
2019-10-31 13:04:10,472 [main] INFO  http.HttpServer2 (HttpServer2.java:bindListener(1191)) - Jetty bound to port 41450
2019-10-31 13:04:10,472 [main] INFO  server.Server (Server.java:doStart(351)) - jetty-9.3.25.v20180904, build timestamp: 2018-09-04T21:11:46Z, git hash: 3ce520221d0240229c862b122d2b06c12a625732
2019-10-31 13:04:10,476 [main] INFO  handler.ContextHandler (ContextHandler.java:doStart(781)) - Started o.e.j.s.ServletContextHandler@38bb9d7a{/logs,file:///workdir/hadoop-ozone/integration-test/target/log,AVAILABLE}
2019-10-31 13:04:10,477 [main] INFO  handler.ContextHandler (ContextHandler.java:doStart(781)) - Started o.e.j.s.ServletContextHandler@78d6447a{/static,jar:file:/home/user/.m2/repository/org/apache/hadoop/hadoop-hdds-container-service/0.5.0-SNAPSHOT/hadoop-hdds-container-service-0.5.0-SNAPSHOT.jar!/webapps/static,AVAILABLE}
2019-10-31 13:04:10,517 [main] INFO  handler.ContextHandler (ContextHandler.java:doStart(781)) - Started o.e.j.w.WebAppContext@2f37f1f9{/,file:///tmp/jetty-0.0.0.0-41450-hddsDatanode-_-any-4272172355660713977.dir/webapp/,AVAILABLE}{/hddsDatanode}
2019-10-31 13:04:10,518 [main] INFO  server.AbstractConnector (AbstractConnector.java:doStart(278)) - Started ServerConnector@3374b5bc{HTTP/1.1,[http/1.1]}{0.0.0.0:41450}
2019-10-31 13:04:10,518 [main] INFO  server.Server (Server.java:doStart(419)) - Started @5071ms
2019-10-31 13:04:10,518 [main] WARN  impl.MetricsSystemImpl (MetricsSystemImpl.java:register(276)) - Sink prometheus already exists!
2019-10-31 13:04:10,520 [main] INFO  server.BaseHttpServer (BaseHttpServer.java:updateConnectorAddress(215)) - HTTP server of HDDSDATANODE is listening at http://0.0.0.0:41450
2019-10-31 13:04:10,520 [main] INFO  impl.MetricsSystemImpl (MetricsSystemImpl.java:init(158)) - HddsDatanode metrics system started (again)
2019-10-31 13:04:10,523 [org.apache.hadoop.util.JvmPauseMonitor$Monitor@44637df8] INFO  util.JvmPauseMonitor (JvmPauseMonitor.java:run(188)) - Starting JVM pause monitor
2019-10-31 13:04:10,524 [main] INFO  ozone.HddsDatanodeService (HddsDatanodeService.java:start(184)) - HddsDatanodeService host:pr-hdds-1701-2k7ks-937105442 ip:192.168.157.200
2019-10-31 13:04:10,532 [main] INFO  volume.HddsVolume (HddsVolume.java:<init>(176)) - Creating Volume: /workdir/hadoop-ozone/integration-test/target/test-dir/MiniOzoneClusterImpl-ba86e98e-0b9e-4fbc-a2f2-7e38c2eb387e/datanode-2/data/containers/hdds of  storage type : DISK and capacity : 1482555576320
2019-10-31 13:04:10,532 [main] INFO  volume.VolumeSet (VolumeSet.java:initializeVolumeSet(170)) - Added Volume : /workdir/hadoop-ozone/integration-test/target/test-dir/MiniOzoneClusterImpl-ba86e98e-0b9e-4fbc-a2f2-7e38c2eb387e/datanode-2/data/containers/hdds to VolumeSet
2019-10-31 13:04:10,533 [main] INFO  volume.ThrottledAsyncChecker (ThrottledAsyncChecker.java:schedule(141)) - Scheduling a check for /workdir/hadoop-ozone/integration-test/target/test-dir/MiniOzoneClusterImpl-ba86e98e-0b9e-4fbc-a2f2-7e38c2eb387e/datanode-2/data/containers/hdds
2019-10-31 13:04:10,533 [main] INFO  volume.HddsVolumeChecker (HddsVolumeChecker.java:checkAllVolumes(204)) - Scheduled health check for volume /workdir/hadoop-ozone/integration-test/target/test-dir/MiniOzoneClusterImpl-ba86e98e-0b9e-4fbc-a2f2-7e38c2eb387e/datanode-2/data/containers/hdds
2019-10-31 13:04:10,543 [Datanode State Machine Thread - 0] INFO  datanode.InitDatanodeState (InitDatanodeState.java:persistContainerDatanodeDetails(140)) - DatanodeDetails is persisted to /workdir/hadoop-ozone/integration-test/target/test-dir/MiniOzoneClusterImpl-ba86e98e-0b9e-4fbc-a2f2-7e38c2eb387e/datanode-0/meta/datanode.id
2019-10-31 13:04:10,546 [Datanode State Machine Thread - 0] INFO  datanode.InitDatanodeState (InitDatanodeState.java:persistContainerDatanodeDetails(140)) - DatanodeDetails is persisted to /workdir/hadoop-ozone/integration-test/target/test-dir/MiniOzoneClusterImpl-ba86e98e-0b9e-4fbc-a2f2-7e38c2eb387e/datanode-1/meta/datanode.id
2019-10-31 13:04:10,550 [main] INFO  impl.RaftServerProxy (ConfUtils.java:logGet(43)) - raft.rpc.type = GRPC (default)
2019-10-31 13:04:10,550 [main] INFO  grpc.GrpcFactory (GrpcFactory.java:checkPooledByteBufAllocatorUseCacheForAllThreads(45)) - PERFORMANCE WARNING: useCacheForAllThreads is true that may cause Netty to create a lot garbage objects and, as a result, trigger GC.
	It is recommended to disable useCacheForAllThreads by setting -Dorg.apache.ratis.thirdparty.io.netty.allocator.useCacheForAllThreads=false in command line.
2019-10-31 13:04:10,550 [main] INFO  grpc.GrpcConfigKeys$Server (ConfUtils.java:logGet(43)) - raft.grpc.server.port = 0 (default)
2019-10-31 13:04:10,550 [main] INFO  server.GrpcService (ConfUtils.java:logGet(43)) - raft.grpc.message.size.max = 33570816 (custom)
2019-10-31 13:04:10,551 [main] INFO  server.RaftServerConfigKeys (ConfUtils.java:logGet(43)) - raft.server.log.appender.buffer.byte-limit = 33554432 (custom)
2019-10-31 13:04:10,551 [main] INFO  server.GrpcService (ConfUtils.java:logGet(43)) - raft.grpc.flow.control.window = 1MB (=1048576) (default)
2019-10-31 13:04:10,551 [main] INFO  server.RaftServerConfigKeys (ConfUtils.java:logGet(43)) - raft.server.rpc.request.timeout = 3000ms (default)
2019-10-31 13:04:10,552 [main] INFO  server.RaftServerConfigKeys (ConfUtils.java:logGet(43)) - raft.server.storage.dir = [/workdir/hadoop-ozone/integration-test/target/test-dir/MiniOzoneClusterImpl-ba86e98e-0b9e-4fbc-a2f2-7e38c2eb387e/datanode-2/data/ratis] (custom)
2019-10-31 13:04:10,554 [main] INFO  hdfs.DFSUtil (DFSUtil.java:httpServerTemplateForNNAndJN(1641)) - Starting Web-server for hddsDatanode at: http://0.0.0.0:0
2019-10-31 13:04:10,555 [main] INFO  server.AuthenticationFilter (AuthenticationFilter.java:constructSecretProvider(240)) - Unable to initialize FileSignerSecretProvider, falling back to use random secrets.
2019-10-31 13:04:10,556 [main] WARN  http.HttpRequestLog (HttpRequestLog.java:getRequestLog(97)) - Jetty request log can only be enabled using Log4j
2019-10-31 13:04:10,557 [main] INFO  http.HttpServer2 (HttpServer2.java:addGlobalFilter(975)) - Added global filter 'safety' (class=org.apache.hadoop.http.HttpServer2$QuotingInputFilter)
2019-10-31 13:04:10,558 [main] INFO  http.HttpServer2 (HttpServer2.java:addFilter(948)) - Added filter static_user_filter (class=org.apache.hadoop.http.lib.StaticUserWebFilter$StaticUserFilter) to context hddsDatanode
2019-10-31 13:04:10,558 [main] INFO  http.HttpServer2 (HttpServer2.java:addFilter(958)) - Added filter static_user_filter (class=org.apache.hadoop.http.lib.StaticUserWebFilter$StaticUserFilter) to context static
2019-10-31 13:04:10,558 [main] INFO  http.HttpServer2 (HttpServer2.java:addFilter(958)) - Added filter static_user_filter (class=org.apache.hadoop.http.lib.StaticUserWebFilter$StaticUserFilter) to context logs
2019-10-31 13:04:10,559 [main] INFO  http.HttpServer2 (HttpServer2.java:bindListener(1191)) - Jetty bound to port 37503
2019-10-31 13:04:10,559 [main] INFO  server.Server (Server.java:doStart(351)) - jetty-9.3.25.v20180904, build timestamp: 2018-09-04T21:11:46Z, git hash: 3ce520221d0240229c862b122d2b06c12a625732
2019-10-31 13:04:10,561 [main] INFO  handler.ContextHandler (ContextHandler.java:doStart(781)) - Started o.e.j.s.ServletContextHandler@e5cbff2{/logs,file:///workdir/hadoop-ozone/integration-test/target/log,AVAILABLE}
2019-10-31 13:04:10,562 [main] INFO  handler.ContextHandler (ContextHandler.java:doStart(781)) - Started o.e.j.s.ServletContextHandler@4fc3c165{/static,jar:file:/home/user/.m2/repository/org/apache/hadoop/hadoop-hdds-container-service/0.5.0-SNAPSHOT/hadoop-hdds-container-service-0.5.0-SNAPSHOT.jar!/webapps/static,AVAILABLE}
2019-10-31 13:04:10,593 [main] INFO  handler.ContextHandler (ContextHandler.java:doStart(781)) - Started o.e.j.w.WebAppContext@70228253{/,file:///tmp/jetty-0.0.0.0-37503-hddsDatanode-_-any-1046231453057391112.dir/webapp/,AVAILABLE}{/hddsDatanode}
2019-10-31 13:04:10,593 [main] INFO  server.AbstractConnector (AbstractConnector.java:doStart(278)) - Started ServerConnector@63c12e52{HTTP/1.1,[http/1.1]}{0.0.0.0:37503}
2019-10-31 13:04:10,594 [main] INFO  server.Server (Server.java:doStart(419)) - Started @5147ms
2019-10-31 13:04:10,595 [main] WARN  impl.MetricsSystemImpl (MetricsSystemImpl.java:register(276)) - Sink prometheus already exists!
2019-10-31 13:04:10,595 [main] INFO  server.BaseHttpServer (BaseHttpServer.java:updateConnectorAddress(215)) - HTTP server of HDDSDATANODE is listening at http://0.0.0.0:37503
2019-10-31 13:04:10,597 [main] INFO  ozone.MiniOzoneClusterImpl (MiniOzoneClusterImpl.java:lambda$waitForClusterToBeReady$0(147)) - Waiting for cluster to be ready. Got 0 of 3 DN Heartbeats.
2019-10-31 13:04:10,597 [org.apache.hadoop.util.JvmPauseMonitor$Monitor@35218f68] INFO  util.JvmPauseMonitor (JvmPauseMonitor.java:run(188)) - Starting JVM pause monitor
2019-10-31 13:04:10,601 [Datanode State Machine Thread - 0] INFO  datanode.InitDatanodeState (InitDatanodeState.java:persistContainerDatanodeDetails(140)) - DatanodeDetails is persisted to /workdir/hadoop-ozone/integration-test/target/test-dir/MiniOzoneClusterImpl-ba86e98e-0b9e-4fbc-a2f2-7e38c2eb387e/datanode-2/meta/datanode.id
2019-10-31 13:04:11,597 [main] INFO  ozone.MiniOzoneClusterImpl (MiniOzoneClusterImpl.java:lambda$waitForClusterToBeReady$0(147)) - Waiting for cluster to be ready. Got 0 of 3 DN Heartbeats.
2019-10-31 13:04:12,519 [Datanode State Machine Thread - 0] INFO  ozoneimpl.OzoneContainer (OzoneContainer.java:start(213)) - Attempting to start container services.
2019-10-31 13:04:12,522 [Datanode State Machine Thread - 0] INFO  ozoneimpl.OzoneContainer (OzoneContainer.java:startContainerScrub(177)) - Background container scanner has been disabled.
2019-10-31 13:04:12,522 [Datanode State Machine Thread - 0] INFO  ratis.XceiverServerRatis (XceiverServerRatis.java:start(418)) - Starting XceiverServerRatis bb6aa9e0-dd06-4c88-93db-4ae7898bc0a1 at port 0
2019-10-31 13:04:12,541 [Datanode State Machine Thread - 0] INFO  ozoneimpl.OzoneContainer (OzoneContainer.java:start(213)) - Attempting to start container services.
2019-10-31 13:04:12,547 [Datanode State Machine Thread - 0] INFO  ozoneimpl.OzoneContainer (OzoneContainer.java:startContainerScrub(177)) - Background container scanner has been disabled.
2019-10-31 13:04:12,547 [Datanode State Machine Thread - 0] INFO  ratis.XceiverServerRatis (XceiverServerRatis.java:start(418)) - Starting XceiverServerRatis cfcebab0-3c5e-460b-914c-a75f26ecc6be at port 0
2019-10-31 13:04:12,556 [Datanode State Machine Thread - 0] INFO  impl.RaftServerProxy (RaftServerProxy.java:lambda$start$3(299)) - bb6aa9e0-dd06-4c88-93db-4ae7898bc0a1: start RPC server
2019-10-31 13:04:12,563 [Datanode State Machine Thread - 0] INFO  impl.RaftServerProxy (RaftServerProxy.java:lambda$start$3(299)) - cfcebab0-3c5e-460b-914c-a75f26ecc6be: start RPC server
2019-10-31 13:04:12,597 [main] INFO  ozone.MiniOzoneClusterImpl (MiniOzoneClusterImpl.java:lambda$waitForClusterToBeReady$0(147)) - Waiting for cluster to be ready. Got 0 of 3 DN Heartbeats.
2019-10-31 13:04:12,625 [Datanode State Machine Thread - 0] INFO  ozoneimpl.OzoneContainer (OzoneContainer.java:start(213)) - Attempting to start container services.
2019-10-31 13:04:12,627 [Datanode State Machine Thread - 0] INFO  ozoneimpl.OzoneContainer (OzoneContainer.java:startContainerScrub(177)) - Background container scanner has been disabled.
2019-10-31 13:04:12,627 [Datanode State Machine Thread - 0] INFO  ratis.XceiverServerRatis (XceiverServerRatis.java:start(418)) - Starting XceiverServerRatis acc98349-19c8-4839-9f32-ec7ab3c247da at port 0
2019-10-31 13:04:12,637 [Datanode State Machine Thread - 0] INFO  impl.RaftServerProxy (RaftServerProxy.java:lambda$start$3(299)) - acc98349-19c8-4839-9f32-ec7ab3c247da: start RPC server
2019-10-31 13:04:12,702 [Datanode State Machine Thread - 0] INFO  server.GrpcService (GrpcService.java:startImpl(158)) - bb6aa9e0-dd06-4c88-93db-4ae7898bc0a1: GrpcService started, listening on 0.0.0.0/0.0.0.0:45292
2019-10-31 13:04:12,702 [Datanode State Machine Thread - 0] INFO  server.GrpcService (GrpcService.java:startImpl(158)) - acc98349-19c8-4839-9f32-ec7ab3c247da: GrpcService started, listening on 0.0.0.0/0.0.0.0:43538
2019-10-31 13:04:12,703 [Datanode State Machine Thread - 0] INFO  ratis.XceiverServerRatis (XceiverServerRatis.java:start(428)) - XceiverServerRatis bb6aa9e0-dd06-4c88-93db-4ae7898bc0a1 is started using port 45292
2019-10-31 13:04:12,702 [Datanode State Machine Thread - 0] INFO  server.GrpcService (GrpcService.java:startImpl(158)) - cfcebab0-3c5e-460b-914c-a75f26ecc6be: GrpcService started, listening on 0.0.0.0/0.0.0.0:44898
2019-10-31 13:04:12,703 [Datanode State Machine Thread - 0] INFO  ratis.XceiverServerRatis (XceiverServerRatis.java:start(428)) - XceiverServerRatis acc98349-19c8-4839-9f32-ec7ab3c247da is started using port 43538
2019-10-31 13:04:12,704 [Datanode State Machine Thread - 0] INFO  ratis.XceiverServerRatis (XceiverServerRatis.java:start(428)) - XceiverServerRatis cfcebab0-3c5e-460b-914c-a75f26ecc6be is started using port 44898
2019-10-31 13:04:12,709 [Datanode State Machine Thread - 0] INFO  server.XceiverServerGrpc (XceiverServerGrpc.java:start(149)) - XceiverServerGrpc bb6aa9e0-dd06-4c88-93db-4ae7898bc0a1 is started using port 37299
2019-10-31 13:04:12,709 [Datanode State Machine Thread - 0] INFO  server.XceiverServerGrpc (XceiverServerGrpc.java:start(149)) - XceiverServerGrpc cfcebab0-3c5e-460b-914c-a75f26ecc6be is started using port 35076
2019-10-31 13:04:12,709 [Datanode State Machine Thread - 0] INFO  server.XceiverServerGrpc (XceiverServerGrpc.java:start(149)) - XceiverServerGrpc acc98349-19c8-4839-9f32-ec7ab3c247da is started using port 42119
2019-10-31 13:04:13,599 [main] INFO  ozone.MiniOzoneClusterImpl (MiniOzoneClusterImpl.java:lambda$waitForClusterToBeReady$0(147)) - Waiting for cluster to be ready. Got 0 of 3 DN Heartbeats.
2019-10-31 13:04:14,468 [IPC Server handler 0 on 46470] INFO  net.NetworkTopology (NetworkTopologyImpl.java:add(111)) - Added a new node: /default-rack/bb6aa9e0-dd06-4c88-93db-4ae7898bc0a1
2019-10-31 13:04:14,468 [IPC Server handler 0 on 46470] INFO  node.SCMNodeManager (SCMNodeManager.java:register(268)) - Registered Data node : bb6aa9e0-dd06-4c88-93db-4ae7898bc0a1{ip: 192.168.157.200, host: pr-hdds-1701-2k7ks-937105442, networkLocation: /default-rack, certSerialId: null}
2019-10-31 13:04:14,471 [EventQueue-NodeRegistrationContainerReportForDataNodeSafeModeRule] INFO  safemode.SCMSafeModeManager (DataNodeSafeModeRule.java:process(71)) - SCM in safe mode. 1 DataNodes registered, 1 required.
2019-10-31 13:04:14,471 [EventQueue-NodeRegistrationContainerReportForDataNodeSafeModeRule] INFO  safemode.SCMSafeModeManager (SCMSafeModeManager.java:validateSafeModeExitRules(177)) - ScmSafeModeManager, all rules are successfully validated
2019-10-31 13:04:14,472 [EventQueue-NodeRegistrationContainerReportForDataNodeSafeModeRule] INFO  safemode.SCMSafeModeManager (SCMSafeModeManager.java:exitSafeMode(193)) - SCM exiting safe mode.
2019-10-31 13:04:14,526 [IPC Server handler 1 on 46470] INFO  net.NetworkTopology (NetworkTopologyImpl.java:add(111)) - Added a new node: /default-rack/cfcebab0-3c5e-460b-914c-a75f26ecc6be
2019-10-31 13:04:14,527 [IPC Server handler 1 on 46470] INFO  node.SCMNodeManager (SCMNodeManager.java:register(268)) - Registered Data node : cfcebab0-3c5e-460b-914c-a75f26ecc6be{ip: 192.168.157.200, host: pr-hdds-1701-2k7ks-937105442, networkLocation: /default-rack, certSerialId: null}
2019-10-31 13:04:14,600 [main] INFO  ozone.MiniOzoneClusterImpl (MiniOzoneClusterImpl.java:lambda$waitForClusterToBeReady$0(147)) - Waiting for cluster to be ready. Got 2 of 3 DN Heartbeats.
2019-10-31 13:04:14,604 [IPC Server handler 2 on 46470] INFO  net.NetworkTopology (NetworkTopologyImpl.java:add(111)) - Added a new node: /default-rack/acc98349-19c8-4839-9f32-ec7ab3c247da
2019-10-31 13:04:14,605 [IPC Server handler 2 on 46470] INFO  node.SCMNodeManager (SCMNodeManager.java:register(268)) - Registered Data node : acc98349-19c8-4839-9f32-ec7ab3c247da{ip: 192.168.157.200, host: pr-hdds-1701-2k7ks-937105442, networkLocation: /default-rack, certSerialId: null}
2019-10-31 13:04:14,975 [grpc-default-executor-0] INFO  impl.RaftServerProxy (RaftServerProxy.java:addNew(89)) - bb6aa9e0-dd06-4c88-93db-4ae7898bc0a1: addNew group-9812DF355B20:[bb6aa9e0-dd06-4c88-93db-4ae7898bc0a1:192.168.157.200:45292] returns group-9812DF355B20:java.util.concurrent.CompletableFuture@2029ac52[Not completed]
2019-10-31 13:04:14,992 [pool-27-thread-1] INFO  impl.RaftServerImpl (RaftServerImpl.java:<init>(98)) - bb6aa9e0-dd06-4c88-93db-4ae7898bc0a1: new RaftServerImpl for group-9812DF355B20:[bb6aa9e0-dd06-4c88-93db-4ae7898bc0a1:192.168.157.200:45292] with ContainerStateMachine:uninitialized
2019-10-31 13:04:14,996 [pool-27-thread-1] INFO  server.RaftServerConfigKeys (ConfUtils.java:logGet(43)) - raft.server.rpc.timeout.min = 5s (custom)
2019-10-31 13:04:14,998 [pool-27-thread-1] INFO  server.RaftServerConfigKeys (ConfUtils.java:logGet(43)) - raft.server.rpc.timeout.max = 5200ms (custom)
2019-10-31 13:04:14,998 [pool-27-thread-1] INFO  server.RaftServerConfigKeys (ConfUtils.java:logGet(43)) - raft.server.rpcslowness.timeout = 1000s (custom)
2019-10-31 13:04:15,000 [pool-27-thread-1] INFO  server.RaftServerConfigKeys (ConfUtils.java:logGet(43)) - raft.server.sleep.deviation.threshold = 300 (default)
2019-10-31 13:04:15,001 [pool-27-thread-1] INFO  server.RaftServerConfigKeys (ConfUtils.java:logGet(43)) - raft.server.log.appender.install.snapshot.enabled = false (custom)
2019-10-31 13:04:15,014 [pool-27-thread-1] INFO  impl.RaftServerImpl (ServerState.java:<init>(103)) - bb6aa9e0-dd06-4c88-93db-4ae7898bc0a1@group-9812DF355B20: ConfigurationManager, init=-1: [bb6aa9e0-dd06-4c88-93db-4ae7898bc0a1:192.168.157.200:45292], old=null, confs=<EMPTY_MAP>
2019-10-31 13:04:15,014 [pool-27-thread-1] INFO  server.RaftServerConfigKeys (ConfUtils.java:logGet(43)) - raft.server.storage.dir = [/workdir/hadoop-ozone/integration-test/target/test-dir/MiniOzoneClusterImpl-ba86e98e-0b9e-4fbc-a2f2-7e38c2eb387e/datanode-0/data/ratis] (custom)
2019-10-31 13:04:15,024 [pool-27-thread-1] INFO  server.RaftServerConfigKeys (ConfUtils.java:logGet(43)) - raft.server.log.corruption.policy = EXCEPTION (default)
2019-10-31 13:04:15,027 [pool-27-thread-1] INFO  storage.RaftStorageDirectory (RaftStorageDirectory.java:analyzeStorage(246)) - The storage directory /workdir/hadoop-ozone/integration-test/target/test-dir/MiniOzoneClusterImpl-ba86e98e-0b9e-4fbc-a2f2-7e38c2eb387e/datanode-0/data/ratis/a6b7548e-dbb0-418f-8829-9812df355b20 does not exist. Creating ...
2019-10-31 13:04:15,046 [pool-27-thread-1] INFO  storage.RaftStorageDirectory (RaftStorageDirectory.java:tryLock(328)) - Lock on /workdir/hadoop-ozone/integration-test/target/test-dir/MiniOzoneClusterImpl-ba86e98e-0b9e-4fbc-a2f2-7e38c2eb387e/datanode-0/data/ratis/a6b7548e-dbb0-418f-8829-9812df355b20/in_use.lock acquired by nodename 2434@pr-hdds-1701-2k7ks-937105442
2019-10-31 13:04:15,062 [pool-27-thread-1] INFO  storage.RaftStorage (RaftStorage.java:format(84)) - Storage directory /workdir/hadoop-ozone/integration-test/target/test-dir/MiniOzoneClusterImpl-ba86e98e-0b9e-4fbc-a2f2-7e38c2eb387e/datanode-0/data/ratis/a6b7548e-dbb0-418f-8829-9812df355b20 has been successfully formatted.
2019-10-31 13:04:15,065 [pool-27-thread-1] INFO  ratis.ContainerStateMachine (ContainerStateMachine.java:loadSnapshot(231)) - group-9812DF355B20: The snapshot info is null. Setting the last applied indexto:(t:0, i:~)
2019-10-31 13:04:15,065 [pool-27-thread-1] INFO  server.RaftServerConfigKeys (ConfUtils.java:logGet(43)) - raft.server.notification.no-leader.timeout = 1000s (custom)
2019-10-31 13:04:15,067 [pool-27-thread-1] INFO  server.RaftServerConfigKeys (ConfUtils.java:logGet(43)) - raft.server.log.use.memory = false (default)
2019-10-31 13:04:15,072 [pool-27-thread-1] INFO  server.RaftServerConfigKeys (ConfUtils.java:logGet(43)) - raft.server.log.purge.gap = 1000000 (custom)
2019-10-31 13:04:15,072 [pool-27-thread-1] INFO  server.RaftServerConfigKeys (ConfUtils.java:logGet(43)) - raft.server.log.appender.buffer.byte-limit = 33554432 (custom)
2019-10-31 13:04:15,074 [pool-27-thread-1] INFO  server.RaftServerConfigKeys (ConfUtils.java:logGet(43)) - raft.server.log.segment.size.max = 1048576 (custom)
2019-10-31 13:04:15,079 [pool-27-thread-1] INFO  metrics.MetricRegistries (MetricRegistriesLoader.java:load(64)) - Loaded MetricRegistries class org.apache.ratis.metrics.impl.MetricRegistriesImpl
2019-10-31 13:04:15,083 [pool-27-thread-1] WARN  impl.MetricRegistriesImpl (MetricRegistriesImpl.java:lambda$create$1(61)) - First MetricRegistry has been created without registering reporters. You may need to call MetricRegistries.global().addReportRegistration(...) before.
2019-10-31 13:04:15,088 [pool-27-thread-1] INFO  server.RaftServerConfigKeys (ConfUtils.java:logGet(43)) - raft.server.log.segment.cache.num.max = 2 (custom)
2019-10-31 13:04:15,093 [pool-27-thread-1] INFO  segmented.SegmentedRaftLogWorker (SegmentedRaftLogWorker.java:<init>(173)) - new bb6aa9e0-dd06-4c88-93db-4ae7898bc0a1@group-9812DF355B20-SegmentedRaftLogWorker for RaftStorage:Storage Directory /workdir/hadoop-ozone/integration-test/target/test-dir/MiniOzoneClusterImpl-ba86e98e-0b9e-4fbc-a2f2-7e38c2eb387e/datanode-0/data/ratis/a6b7548e-dbb0-418f-8829-9812df355b20
2019-10-31 13:04:15,093 [pool-27-thread-1] INFO  server.RaftServerConfigKeys (ConfUtils.java:logGet(43)) - raft.server.log.queue.byte-limit = 2147483647 (custom)
2019-10-31 13:04:15,094 [pool-27-thread-1] INFO  server.RaftServerConfigKeys (ConfUtils.java:logGet(43)) - raft.server.log.queue.element-limit = 1024 (custom)
2019-10-31 13:04:15,095 [pool-27-thread-1] INFO  server.RaftServerConfigKeys (ConfUtils.java:logGet(43)) - raft.server.log.segment.size.max = 1048576 (custom)
2019-10-31 13:04:15,096 [pool-27-thread-1] INFO  server.RaftServerConfigKeys (ConfUtils.java:logGet(43)) - raft.server.log.preallocated.size = 16384 (custom)
2019-10-31 13:04:15,096 [pool-27-thread-1] INFO  server.RaftServerConfigKeys (ConfUtils.java:logGet(43)) - raft.server.log.write.buffer.size = 33554432 (custom)
2019-10-31 13:04:15,096 [pool-27-thread-1] INFO  server.RaftServerConfigKeys (ConfUtils.java:logGet(43)) - raft.server.log.force.sync.num = 128 (default)
2019-10-31 13:04:15,097 [pool-27-thread-1] INFO  server.RaftServerConfigKeys (ConfUtils.java:logGet(43)) - raft.server.log.statemachine.data.sync = true (default)
2019-10-31 13:04:15,097 [pool-27-thread-1] INFO  server.RaftServerConfigKeys (ConfUtils.java:logGet(43)) - raft.server.log.statemachine.data.sync.timeout = 10s (default)
2019-10-31 13:04:15,098 [pool-27-thread-1] INFO  server.RaftServerConfigKeys (ConfUtils.java:logGet(43)) - raft.server.log.statemachine.data.sync.timeout.retry = -1 (default)
2019-10-31 13:04:15,107 [pool-27-thread-1] INFO  server.RaftServerConfigKeys (ConfUtils.java:logGet(43)) - raft.server.log.statemachine.data.caching.enabled = true (custom)
2019-10-31 13:04:15,111 [pool-27-thread-1] INFO  segmented.SegmentedRaftLogWorker (SegmentedRaftLogWorker.java:lambda$new$0(128)) - bb6aa9e0-dd06-4c88-93db-4ae7898bc0a1@group-9812DF355B20-SegmentedRaftLogWorker: flushIndex: setUnconditionally 0 -> -1
2019-10-31 13:04:15,115 [pool-27-thread-1] INFO  server.RaftServerConfigKeys (ConfUtils.java:logGet(43)) - raft.server.snapshot.auto.trigger.enabled = true (custom)
2019-10-31 13:04:15,116 [pool-27-thread-1] INFO  server.RaftServerConfigKeys (ConfUtils.java:logGet(43)) - raft.server.snapshot.auto.trigger.threshold = 10000 (custom)
2019-10-31 13:04:15,116 [pool-27-thread-1] INFO  server.RaftServerConfigKeys (ConfUtils.java:logGet(43)) - raft.server.snapshot.retention.file.num = 5 (custom)
2019-10-31 13:04:15,117 [pool-27-thread-1] INFO  server.RaftServerConfigKeys (ConfUtils.java:logGet(43)) - raft.server.retrycache.expirytime = 600000ms (custom)
2019-10-31 13:04:15,134 [pool-27-thread-1] WARN  impl.MetricRegistriesImpl (MetricRegistriesImpl.java:lambda$create$1(61)) - First MetricRegistry has been created without registering reporters. You may need to call MetricRegistries.global().addReportRegistration(...) before.
2019-10-31 13:04:15,136 [pool-27-thread-1] WARN  impl.MetricRegistriesImpl (MetricRegistriesImpl.java:lambda$create$1(61)) - First MetricRegistry has been created without registering reporters. You may need to call MetricRegistries.global().addReportRegistration(...) before.
2019-10-31 13:04:15,138 [pool-27-thread-1] INFO  impl.RaftServerImpl (RaftServerImpl.java:start(184)) - bb6aa9e0-dd06-4c88-93db-4ae7898bc0a1@group-9812DF355B20: start as a follower, conf=-1: [bb6aa9e0-dd06-4c88-93db-4ae7898bc0a1:192.168.157.200:45292], old=null
2019-10-31 13:04:15,139 [pool-27-thread-1] INFO  impl.RaftServerImpl (RaftServerImpl.java:setRole(173)) - bb6aa9e0-dd06-4c88-93db-4ae7898bc0a1@group-9812DF355B20: changes role from      null to FOLLOWER at term 0 for startAsFollower
2019-10-31 13:04:15,140 [pool-27-thread-1] INFO  impl.RoleInfo (RoleInfo.java:updateAndGet(143)) - bb6aa9e0-dd06-4c88-93db-4ae7898bc0a1: start FollowerState
2019-10-31 13:04:15,142 [pool-27-thread-1] INFO  util.JmxRegister (JmxRegister.java:tryRegister(44)) - Successfully registered JMX Bean with object name Ratis:service=RaftServer,group=group-9812DF355B20,id=bb6aa9e0-dd06-4c88-93db-4ae7898bc0a1
2019-10-31 13:04:15,143 [pool-27-thread-1] WARN  impl.MetricRegistriesImpl (MetricRegistriesImpl.java:lambda$create$1(61)) - First MetricRegistry has been created without registering reporters. You may need to call MetricRegistries.global().addReportRegistration(...) before.
2019-10-31 13:04:15,204 [RatisPipelineUtilsThread] INFO  pipeline.PipelineStateManager (PipelineStateManager.java:addPipeline(56)) - Created pipeline Pipeline[ Id: a6b7548e-dbb0-418f-8829-9812df355b20, Nodes: bb6aa9e0-dd06-4c88-93db-4ae7898bc0a1{ip: 192.168.157.200, host: pr-hdds-1701-2k7ks-937105442, networkLocation: /default-rack, certSerialId: null}, Type:RATIS, Factor:ONE, State:OPEN]
2019-10-31 13:04:15,221 [grpc-default-executor-0] INFO  impl.RaftServerProxy (RaftServerProxy.java:addNew(89)) - acc98349-19c8-4839-9f32-ec7ab3c247da: addNew group-007D1245C389:[acc98349-19c8-4839-9f32-ec7ab3c247da:192.168.157.200:43538] returns group-007D1245C389:java.util.concurrent.CompletableFuture@297d7229[Not completed]
2019-10-31 13:04:15,247 [pool-47-thread-1] INFO  impl.RaftServerImpl (RaftServerImpl.java:<init>(98)) - acc98349-19c8-4839-9f32-ec7ab3c247da: new RaftServerImpl for group-007D1245C389:[acc98349-19c8-4839-9f32-ec7ab3c247da:192.168.157.200:43538] with ContainerStateMachine:uninitialized
2019-10-31 13:04:15,248 [pool-47-thread-1] INFO  server.RaftServerConfigKeys (ConfUtils.java:logGet(43)) - raft.server.rpc.timeout.min = 5s (custom)
2019-10-31 13:04:15,248 [pool-47-thread-1] INFO  server.RaftServerConfigKeys (ConfUtils.java:logGet(43)) - raft.server.rpc.timeout.max = 5200ms (custom)
2019-10-31 13:04:15,248 [pool-47-thread-1] INFO  server.RaftServerConfigKeys (ConfUtils.java:logGet(43)) - raft.server.rpcslowness.timeout = 1000s (custom)
2019-10-31 13:04:15,248 [pool-47-thread-1] INFO  server.RaftServerConfigKeys (ConfUtils.java:logGet(43)) - raft.server.sleep.deviation.threshold = 300 (default)
2019-10-31 13:04:15,249 [pool-47-thread-1] INFO  server.RaftServerConfigKeys (ConfUtils.java:logGet(43)) - raft.server.log.appender.install.snapshot.enabled = false (custom)
2019-10-31 13:04:15,249 [pool-47-thread-1] INFO  impl.RaftServerImpl (ServerState.java:<init>(103)) - acc98349-19c8-4839-9f32-ec7ab3c247da@group-007D1245C389: ConfigurationManager, init=-1: [acc98349-19c8-4839-9f32-ec7ab3c247da:192.168.157.200:43538], old=null, confs=<EMPTY_MAP>
2019-10-31 13:04:15,249 [pool-47-thread-1] INFO  server.RaftServerConfigKeys (ConfUtils.java:logGet(43)) - raft.server.storage.dir = [/workdir/hadoop-ozone/integration-test/target/test-dir/MiniOzoneClusterImpl-ba86e98e-0b9e-4fbc-a2f2-7e38c2eb387e/datanode-2/data/ratis] (custom)
2019-10-31 13:04:15,249 [pool-47-thread-1] INFO  server.RaftServerConfigKeys (ConfUtils.java:logGet(43)) - raft.server.log.corruption.policy = EXCEPTION (default)
2019-10-31 13:04:15,249 [pool-47-thread-1] INFO  storage.RaftStorageDirectory (RaftStorageDirectory.java:analyzeStorage(246)) - The storage directory /workdir/hadoop-ozone/integration-test/target/test-dir/MiniOzoneClusterImpl-ba86e98e-0b9e-4fbc-a2f2-7e38c2eb387e/datanode-2/data/ratis/e6e953ef-ec82-42d5-a888-007d1245c389 does not exist. Creating ...
2019-10-31 13:04:15,263 [pool-47-thread-1] INFO  storage.RaftStorageDirectory (RaftStorageDirectory.java:tryLock(328)) - Lock on /workdir/hadoop-ozone/integration-test/target/test-dir/MiniOzoneClusterImpl-ba86e98e-0b9e-4fbc-a2f2-7e38c2eb387e/datanode-2/data/ratis/e6e953ef-ec82-42d5-a888-007d1245c389/in_use.lock acquired by nodename 2434@pr-hdds-1701-2k7ks-937105442
2019-10-31 13:04:15,276 [pool-47-thread-1] INFO  storage.RaftStorage (RaftStorage.java:format(84)) - Storage directory /workdir/hadoop-ozone/integration-test/target/test-dir/MiniOzoneClusterImpl-ba86e98e-0b9e-4fbc-a2f2-7e38c2eb387e/datanode-2/data/ratis/e6e953ef-ec82-42d5-a888-007d1245c389 has been successfully formatted.
2019-10-31 13:04:15,277 [pool-47-thread-1] INFO  ratis.ContainerStateMachine (ContainerStateMachine.java:loadSnapshot(231)) - group-007D1245C389: The snapshot info is null. Setting the last applied indexto:(t:0, i:~)
2019-10-31 13:04:15,278 [pool-47-thread-1] INFO  server.RaftServerConfigKeys (ConfUtils.java:logGet(43)) - raft.server.notification.no-leader.timeout = 1000s (custom)
2019-10-31 13:04:15,278 [pool-47-thread-1] INFO  server.RaftServerConfigKeys (ConfUtils.java:logGet(43)) - raft.server.log.use.memory = false (default)
2019-10-31 13:04:15,279 [pool-47-thread-1] INFO  server.RaftServerConfigKeys (ConfUtils.java:logGet(43)) - raft.server.log.purge.gap = 1000000 (custom)
2019-10-31 13:04:15,279 [pool-47-thread-1] INFO  server.RaftServerConfigKeys (ConfUtils.java:logGet(43)) - raft.server.log.appender.buffer.byte-limit = 33554432 (custom)
2019-10-31 13:04:15,279 [pool-47-thread-1] INFO  server.RaftServerConfigKeys (ConfUtils.java:logGet(43)) - raft.server.log.segment.size.max = 1048576 (custom)
2019-10-31 13:04:15,279 [pool-47-thread-1] WARN  impl.MetricRegistriesImpl (MetricRegistriesImpl.java:lambda$create$1(61)) - First MetricRegistry has been created without registering reporters. You may need to call MetricRegistries.global().addReportRegistration(...) before.
2019-10-31 13:04:15,280 [pool-47-thread-1] INFO  server.RaftServerConfigKeys (ConfUtils.java:logGet(43)) - raft.server.log.segment.cache.num.max = 2 (custom)
2019-10-31 13:04:15,280 [pool-47-thread-1] INFO  segmented.SegmentedRaftLogWorker (SegmentedRaftLogWorker.java:<init>(173)) - new acc98349-19c8-4839-9f32-ec7ab3c247da@group-007D1245C389-SegmentedRaftLogWorker for RaftStorage:Storage Directory /workdir/hadoop-ozone/integration-test/target/test-dir/MiniOzoneClusterImpl-ba86e98e-0b9e-4fbc-a2f2-7e38c2eb387e/datanode-2/data/ratis/e6e953ef-ec82-42d5-a888-007d1245c389
2019-10-31 13:04:15,281 [pool-47-thread-1] INFO  server.RaftServerConfigKeys (ConfUtils.java:logGet(43)) - raft.server.log.queue.byte-limit = 2147483647 (custom)
2019-10-31 13:04:15,281 [pool-47-thread-1] INFO  server.RaftServerConfigKeys (ConfUtils.java:logGet(43)) - raft.server.log.queue.element-limit = 1024 (custom)
2019-10-31 13:04:15,281 [pool-47-thread-1] INFO  server.RaftServerConfigKeys (ConfUtils.java:logGet(43)) - raft.server.log.segment.size.max = 1048576 (custom)
2019-10-31 13:04:15,281 [pool-47-thread-1] INFO  server.RaftServerConfigKeys (ConfUtils.java:logGet(43)) - raft.server.log.preallocated.size = 16384 (custom)
2019-10-31 13:04:15,281 [pool-47-thread-1] INFO  server.RaftServerConfigKeys (ConfUtils.java:logGet(43)) - raft.server.log.write.buffer.size = 33554432 (custom)
2019-10-31 13:04:15,281 [pool-47-thread-1] INFO  server.RaftServerConfigKeys (ConfUtils.java:logGet(43)) - raft.server.log.force.sync.num = 128 (default)
2019-10-31 13:04:15,281 [pool-47-thread-1] INFO  server.RaftServerConfigKeys (ConfUtils.java:logGet(43)) - raft.server.log.statemachine.data.sync = true (default)
2019-10-31 13:04:15,281 [pool-47-thread-1] INFO  server.RaftServerConfigKeys (ConfUtils.java:logGet(43)) - raft.server.log.statemachine.data.sync.timeout = 10s (default)
2019-10-31 13:04:15,281 [pool-47-thread-1] INFO  server.RaftServerConfigKeys (ConfUtils.java:logGet(43)) - raft.server.log.statemachine.data.sync.timeout.retry = -1 (default)
2019-10-31 13:04:15,282 [pool-47-thread-1] INFO  server.RaftServerConfigKeys (ConfUtils.java:logGet(43)) - raft.server.log.statemachine.data.caching.enabled = true (custom)
2019-10-31 13:04:15,282 [pool-47-thread-1] INFO  segmented.SegmentedRaftLogWorker (SegmentedRaftLogWorker.java:lambda$new$0(128)) - acc98349-19c8-4839-9f32-ec7ab3c247da@group-007D1245C389-SegmentedRaftLogWorker: flushIndex: setUnconditionally 0 -> -1
2019-10-31 13:04:15,282 [pool-47-thread-1] INFO  server.RaftServerConfigKeys (ConfUtils.java:logGet(43)) - raft.server.snapshot.auto.trigger.enabled = true (custom)
2019-10-31 13:04:15,283 [pool-47-thread-1] INFO  server.RaftServerConfigKeys (ConfUtils.java:logGet(43)) - raft.server.snapshot.auto.trigger.threshold = 10000 (custom)
2019-10-31 13:04:15,283 [pool-47-thread-1] INFO  server.RaftServerConfigKeys (ConfUtils.java:logGet(43)) - raft.server.snapshot.retention.file.num = 5 (custom)
2019-10-31 13:04:15,283 [pool-47-thread-1] INFO  server.RaftServerConfigKeys (ConfUtils.java:logGet(43)) - raft.server.retrycache.expirytime = 600000ms (custom)
2019-10-31 13:04:15,283 [pool-47-thread-1] WARN  impl.MetricRegistriesImpl (MetricRegistriesImpl.java:lambda$create$1(61)) - First MetricRegistry has been created without registering reporters. You may need to call MetricRegistries.global().addReportRegistration(...) before.
2019-10-31 13:04:15,283 [pool-47-thread-1] WARN  impl.MetricRegistriesImpl (MetricRegistriesImpl.java:lambda$create$1(61)) - First MetricRegistry has been created without registering reporters. You may need to call MetricRegistries.global().addReportRegistration(...) before.
2019-10-31 13:04:15,283 [pool-47-thread-1] INFO  impl.RaftServerImpl (RaftServerImpl.java:start(184)) - acc98349-19c8-4839-9f32-ec7ab3c247da@group-007D1245C389: start as a follower, conf=-1: [acc98349-19c8-4839-9f32-ec7ab3c247da:192.168.157.200:43538], old=null
2019-10-31 13:04:15,283 [pool-47-thread-1] INFO  impl.RaftServerImpl (RaftServerImpl.java:setRole(173)) - acc98349-19c8-4839-9f32-ec7ab3c247da@group-007D1245C389: changes role from      null to FOLLOWER at term 0 for startAsFollower
2019-10-31 13:04:15,284 [pool-47-thread-1] INFO  impl.RoleInfo (RoleInfo.java:updateAndGet(143)) - acc98349-19c8-4839-9f32-ec7ab3c247da: start FollowerState
2019-10-31 13:04:15,285 [pool-47-thread-1] INFO  util.JmxRegister (JmxRegister.java:tryRegister(44)) - Successfully registered JMX Bean with object name Ratis:service=RaftServer,group=group-007D1245C389,id=acc98349-19c8-4839-9f32-ec7ab3c247da
2019-10-31 13:04:15,286 [pool-47-thread-1] WARN  impl.MetricRegistriesImpl (MetricRegistriesImpl.java:lambda$create$1(61)) - First MetricRegistry has been created without registering reporters. You may need to call MetricRegistries.global().addReportRegistration(...) before.
2019-10-31 13:04:15,296 [RatisPipelineUtilsThread] INFO  pipeline.PipelineStateManager (PipelineStateManager.java:addPipeline(56)) - Created pipeline Pipeline[ Id: e6e953ef-ec82-42d5-a888-007d1245c389, Nodes: acc98349-19c8-4839-9f32-ec7ab3c247da{ip: 192.168.157.200, host: pr-hdds-1701-2k7ks-937105442, networkLocation: /default-rack, certSerialId: null}, Type:RATIS, Factor:ONE, State:OPEN]
2019-10-31 13:04:15,313 [grpc-default-executor-0] INFO  impl.RaftServerProxy (RaftServerProxy.java:addNew(89)) - cfcebab0-3c5e-460b-914c-a75f26ecc6be: addNew group-62482CEB9F5F:[cfcebab0-3c5e-460b-914c-a75f26ecc6be:192.168.157.200:44898] returns group-62482CEB9F5F:java.util.concurrent.CompletableFuture@1bc80178[Not completed]
2019-10-31 13:04:15,329 [pool-37-thread-1] INFO  impl.RaftServerImpl (RaftServerImpl.java:<init>(98)) - cfcebab0-3c5e-460b-914c-a75f26ecc6be: new RaftServerImpl for group-62482CEB9F5F:[cfcebab0-3c5e-460b-914c-a75f26ecc6be:192.168.157.200:44898] with ContainerStateMachine:uninitialized
2019-10-31 13:04:15,330 [pool-37-thread-1] INFO  server.RaftServerConfigKeys (ConfUtils.java:logGet(43)) - raft.server.rpc.timeout.min = 5s (custom)
2019-10-31 13:04:15,330 [pool-37-thread-1] INFO  server.RaftServerConfigKeys (ConfUtils.java:logGet(43)) - raft.server.rpc.timeout.max = 5200ms (custom)
2019-10-31 13:04:15,330 [pool-37-thread-1] INFO  server.RaftServerConfigKeys (ConfUtils.java:logGet(43)) - raft.server.rpcslowness.timeout = 1000s (custom)
2019-10-31 13:04:15,330 [pool-37-thread-1] INFO  server.RaftServerConfigKeys (ConfUtils.java:logGet(43)) - raft.server.sleep.deviation.threshold = 300 (default)
2019-10-31 13:04:15,330 [pool-37-thread-1] INFO  server.RaftServerConfigKeys (ConfUtils.java:logGet(43)) - raft.server.log.appender.install.snapshot.enabled = false (custom)
2019-10-31 13:04:15,331 [pool-37-thread-1] INFO  impl.RaftServerImpl (ServerState.java:<init>(103)) - cfcebab0-3c5e-460b-914c-a75f26ecc6be@group-62482CEB9F5F: ConfigurationManager, init=-1: [cfcebab0-3c5e-460b-914c-a75f26ecc6be:192.168.157.200:44898], old=null, confs=<EMPTY_MAP>
2019-10-31 13:04:15,331 [pool-37-thread-1] INFO  server.RaftServerConfigKeys (ConfUtils.java:logGet(43)) - raft.server.storage.dir = [/workdir/hadoop-ozone/integration-test/target/test-dir/MiniOzoneClusterImpl-ba86e98e-0b9e-4fbc-a2f2-7e38c2eb387e/datanode-1/data/ratis] (custom)
2019-10-31 13:04:15,331 [pool-37-thread-1] INFO  server.RaftServerConfigKeys (ConfUtils.java:logGet(43)) - raft.server.log.corruption.policy = EXCEPTION (default)
2019-10-31 13:04:15,332 [pool-37-thread-1] INFO  storage.RaftStorageDirectory (RaftStorageDirectory.java:analyzeStorage(246)) - The storage directory /workdir/hadoop-ozone/integration-test/target/test-dir/MiniOzoneClusterImpl-ba86e98e-0b9e-4fbc-a2f2-7e38c2eb387e/datanode-1/data/ratis/4b3d63bb-7a46-438a-a069-62482ceb9f5f does not exist. Creating ...
2019-10-31 13:04:15,346 [pool-37-thread-1] INFO  storage.RaftStorageDirectory (RaftStorageDirectory.java:tryLock(328)) - Lock on /workdir/hadoop-ozone/integration-test/target/test-dir/MiniOzoneClusterImpl-ba86e98e-0b9e-4fbc-a2f2-7e38c2eb387e/datanode-1/data/ratis/4b3d63bb-7a46-438a-a069-62482ceb9f5f/in_use.lock acquired by nodename 2434@pr-hdds-1701-2k7ks-937105442
2019-10-31 13:04:15,361 [pool-37-thread-1] INFO  storage.RaftStorage (RaftStorage.java:format(84)) - Storage directory /workdir/hadoop-ozone/integration-test/target/test-dir/MiniOzoneClusterImpl-ba86e98e-0b9e-4fbc-a2f2-7e38c2eb387e/datanode-1/data/ratis/4b3d63bb-7a46-438a-a069-62482ceb9f5f has been successfully formatted.
2019-10-31 13:04:15,361 [pool-37-thread-1] INFO  ratis.ContainerStateMachine (ContainerStateMachine.java:loadSnapshot(231)) - group-62482CEB9F5F: The snapshot info is null. Setting the last applied indexto:(t:0, i:~)
2019-10-31 13:04:15,361 [pool-37-thread-1] INFO  server.RaftServerConfigKeys (ConfUtils.java:logGet(43)) - raft.server.notification.no-leader.timeout = 1000s (custom)
2019-10-31 13:04:15,362 [pool-37-thread-1] INFO  server.RaftServerConfigKeys (ConfUtils.java:logGet(43)) - raft.server.log.use.memory = false (default)
2019-10-31 13:04:15,362 [pool-37-thread-1] INFO  server.RaftServerConfigKeys (ConfUtils.java:logGet(43)) - raft.server.log.purge.gap = 1000000 (custom)
2019-10-31 13:04:15,362 [pool-37-thread-1] INFO  server.RaftServerConfigKeys (ConfUtils.java:logGet(43)) - raft.server.log.appender.buffer.byte-limit = 33554432 (custom)
2019-10-31 13:04:15,362 [pool-37-thread-1] INFO  server.RaftServerConfigKeys (ConfUtils.java:logGet(43)) - raft.server.log.segment.size.max = 1048576 (custom)
2019-10-31 13:04:15,362 [pool-37-thread-1] WARN  impl.MetricRegistriesImpl (MetricRegistriesImpl.java:lambda$create$1(61)) - First MetricRegistry has been created without registering reporters. You may need to call MetricRegistries.global().addReportRegistration(...) before.
2019-10-31 13:04:15,362 [pool-37-thread-1] INFO  server.RaftServerConfigKeys (ConfUtils.java:logGet(43)) - raft.server.log.segment.cache.num.max = 2 (custom)
2019-10-31 13:04:15,363 [pool-37-thread-1] INFO  segmented.SegmentedRaftLogWorker (SegmentedRaftLogWorker.java:<init>(173)) - new cfcebab0-3c5e-460b-914c-a75f26ecc6be@group-62482CEB9F5F-SegmentedRaftLogWorker for RaftStorage:Storage Directory /workdir/hadoop-ozone/integration-test/target/test-dir/MiniOzoneClusterImpl-ba86e98e-0b9e-4fbc-a2f2-7e38c2eb387e/datanode-1/data/ratis/4b3d63bb-7a46-438a-a069-62482ceb9f5f
2019-10-31 13:04:15,363 [pool-37-thread-1] INFO  server.RaftServerConfigKeys (ConfUtils.java:logGet(43)) - raft.server.log.queue.byte-limit = 2147483647 (custom)
2019-10-31 13:04:15,363 [pool-37-thread-1] INFO  server.RaftServerConfigKeys (ConfUtils.java:logGet(43)) - raft.server.log.queue.element-limit = 1024 (custom)
2019-10-31 13:04:15,363 [pool-37-thread-1] INFO  server.RaftServerConfigKeys (ConfUtils.java:logGet(43)) - raft.server.log.segment.size.max = 1048576 (custom)
2019-10-31 13:04:15,363 [pool-37-thread-1] INFO  server.RaftServerConfigKeys (ConfUtils.java:logGet(43)) - raft.server.log.preallocated.size = 16384 (custom)
2019-10-31 13:04:15,363 [pool-37-thread-1] INFO  server.RaftServerConfigKeys (ConfUtils.java:logGet(43)) - raft.server.log.write.buffer.size = 33554432 (custom)
2019-10-31 13:04:15,364 [pool-37-thread-1] INFO  server.RaftServerConfigKeys (ConfUtils.java:logGet(43)) - raft.server.log.force.sync.num = 128 (default)
2019-10-31 13:04:15,364 [pool-37-thread-1] INFO  server.RaftServerConfigKeys (ConfUtils.java:logGet(43)) - raft.server.log.statemachine.data.sync = true (default)
2019-10-31 13:04:15,364 [pool-37-thread-1] INFO  server.RaftServerConfigKeys (ConfUtils.java:logGet(43)) - raft.server.log.statemachine.data.sync.timeout = 10s (default)
2019-10-31 13:04:15,364 [pool-37-thread-1] INFO  server.RaftServerConfigKeys (ConfUtils.java:logGet(43)) - raft.server.log.statemachine.data.sync.timeout.retry = -1 (default)
2019-10-31 13:04:15,365 [pool-37-thread-1] INFO  server.RaftServerConfigKeys (ConfUtils.java:logGet(43)) - raft.server.log.statemachine.data.caching.enabled = true (custom)
2019-10-31 13:04:15,365 [pool-37-thread-1] INFO  segmented.SegmentedRaftLogWorker (SegmentedRaftLogWorker.java:lambda$new$0(128)) - cfcebab0-3c5e-460b-914c-a75f26ecc6be@group-62482CEB9F5F-SegmentedRaftLogWorker: flushIndex: setUnconditionally 0 -> -1
2019-10-31 13:04:15,366 [pool-37-thread-1] INFO  server.RaftServerConfigKeys (ConfUtils.java:logGet(43)) - raft.server.snapshot.auto.trigger.enabled = true (custom)
2019-10-31 13:04:15,366 [pool-37-thread-1] INFO  server.RaftServerConfigKeys (ConfUtils.java:logGet(43)) - raft.server.snapshot.auto.trigger.threshold = 10000 (custom)
2019-10-31 13:04:15,366 [pool-37-thread-1] INFO  server.RaftServerConfigKeys (ConfUtils.java:logGet(43)) - raft.server.snapshot.retention.file.num = 5 (custom)
2019-10-31 13:04:15,366 [pool-37-thread-1] INFO  server.RaftServerConfigKeys (ConfUtils.java:logGet(43)) - raft.server.retrycache.expirytime = 600000ms (custom)
2019-10-31 13:04:15,366 [pool-37-thread-1] WARN  impl.MetricRegistriesImpl (MetricRegistriesImpl.java:lambda$create$1(61)) - First MetricRegistry has been created without registering reporters. You may need to call MetricRegistries.global().addReportRegistration(...) before.
2019-10-31 13:04:15,367 [pool-37-thread-1] WARN  impl.MetricRegistriesImpl (MetricRegistriesImpl.java:lambda$create$1(61)) - First MetricRegistry has been created without registering reporters. You may need to call MetricRegistries.global().addReportRegistration(...) before.
2019-10-31 13:04:15,367 [pool-37-thread-1] INFO  impl.RaftServerImpl (RaftServerImpl.java:start(184)) - cfcebab0-3c5e-460b-914c-a75f26ecc6be@group-62482CEB9F5F: start as a follower, conf=-1: [cfcebab0-3c5e-460b-914c-a75f26ecc6be:192.168.157.200:44898], old=null
2019-10-31 13:04:15,367 [pool-37-thread-1] INFO  impl.RaftServerImpl (RaftServerImpl.java:setRole(173)) - cfcebab0-3c5e-460b-914c-a75f26ecc6be@group-62482CEB9F5F: changes role from      null to FOLLOWER at term 0 for startAsFollower
2019-10-31 13:04:15,367 [pool-37-thread-1] INFO  impl.RoleInfo (RoleInfo.java:updateAndGet(143)) - cfcebab0-3c5e-460b-914c-a75f26ecc6be: start FollowerState
2019-10-31 13:04:15,368 [pool-37-thread-1] INFO  util.JmxRegister (JmxRegister.java:tryRegister(44)) - Successfully registered JMX Bean with object name Ratis:service=RaftServer,group=group-62482CEB9F5F,id=cfcebab0-3c5e-460b-914c-a75f26ecc6be
2019-10-31 13:04:15,368 [pool-37-thread-1] WARN  impl.MetricRegistriesImpl (MetricRegistriesImpl.java:lambda$create$1(61)) - First MetricRegistry has been created without registering reporters. You may need to call MetricRegistries.global().addReportRegistration(...) before.
2019-10-31 13:04:15,380 [RatisPipelineUtilsThread] INFO  pipeline.PipelineStateManager (PipelineStateManager.java:addPipeline(56)) - Created pipeline Pipeline[ Id: 4b3d63bb-7a46-438a-a069-62482ceb9f5f, Nodes: cfcebab0-3c5e-460b-914c-a75f26ecc6be{ip: 192.168.157.200, host: pr-hdds-1701-2k7ks-937105442, networkLocation: /default-rack, certSerialId: null}, Type:RATIS, Factor:ONE, State:OPEN]
2019-10-31 13:04:15,415 [grpc-default-executor-1] INFO  impl.RaftServerProxy (RaftServerProxy.java:addNew(89)) - bb6aa9e0-dd06-4c88-93db-4ae7898bc0a1: addNew group-B36ABC200B12:[cfcebab0-3c5e-460b-914c-a75f26ecc6be:192.168.157.200:44898, bb6aa9e0-dd06-4c88-93db-4ae7898bc0a1:192.168.157.200:45292, acc98349-19c8-4839-9f32-ec7ab3c247da:192.168.157.200:43538] returns group-B36ABC200B12:java.util.concurrent.CompletableFuture@2df8fe85[Not completed]
2019-10-31 13:04:15,415 [grpc-default-executor-2] INFO  impl.RaftServerProxy (RaftServerProxy.java:addNew(89)) - acc98349-19c8-4839-9f32-ec7ab3c247da: addNew group-B36ABC200B12:[cfcebab0-3c5e-460b-914c-a75f26ecc6be:192.168.157.200:44898, bb6aa9e0-dd06-4c88-93db-4ae7898bc0a1:192.168.157.200:45292, acc98349-19c8-4839-9f32-ec7ab3c247da:192.168.157.200:43538] returns group-B36ABC200B12:java.util.concurrent.CompletableFuture@2c0fafb[Not completed]
2019-10-31 13:04:15,419 [pool-27-thread-1] INFO  impl.RaftServerImpl (RaftServerImpl.java:<init>(98)) - bb6aa9e0-dd06-4c88-93db-4ae7898bc0a1: new RaftServerImpl for group-B36ABC200B12:[cfcebab0-3c5e-460b-914c-a75f26ecc6be:192.168.157.200:44898, bb6aa9e0-dd06-4c88-93db-4ae7898bc0a1:192.168.157.200:45292, acc98349-19c8-4839-9f32-ec7ab3c247da:192.168.157.200:43538] with ContainerStateMachine:uninitialized
2019-10-31 13:04:15,419 [pool-27-thread-1] INFO  server.RaftServerConfigKeys (ConfUtils.java:logGet(43)) - raft.server.rpc.timeout.min = 5s (custom)
2019-10-31 13:04:15,419 [pool-27-thread-1] INFO  server.RaftServerConfigKeys (ConfUtils.java:logGet(43)) - raft.server.rpc.timeout.max = 5200ms (custom)
2019-10-31 13:04:15,419 [pool-27-thread-1] INFO  server.RaftServerConfigKeys (ConfUtils.java:logGet(43)) - raft.server.rpcslowness.timeout = 1000s (custom)
2019-10-31 13:04:15,419 [pool-27-thread-1] INFO  server.RaftServerConfigKeys (ConfUtils.java:logGet(43)) - raft.server.sleep.deviation.threshold = 300 (default)
2019-10-31 13:04:15,419 [grpc-default-executor-2] INFO  impl.RaftServerProxy (RaftServerProxy.java:addNew(89)) - cfcebab0-3c5e-460b-914c-a75f26ecc6be: addNew group-B36ABC200B12:[cfcebab0-3c5e-460b-914c-a75f26ecc6be:192.168.157.200:44898, bb6aa9e0-dd06-4c88-93db-4ae7898bc0a1:192.168.157.200:45292, acc98349-19c8-4839-9f32-ec7ab3c247da:192.168.157.200:43538] returns group-B36ABC200B12:java.util.concurrent.CompletableFuture@47c264c7[Not completed]
2019-10-31 13:04:15,419 [pool-27-thread-1] INFO  server.RaftServerConfigKeys (ConfUtils.java:logGet(43)) - raft.server.log.appender.install.snapshot.enabled = false (custom)
2019-10-31 13:04:15,420 [pool-27-thread-1] INFO  impl.RaftServerImpl (ServerState.java:<init>(103)) - bb6aa9e0-dd06-4c88-93db-4ae7898bc0a1@group-B36ABC200B12: ConfigurationManager, init=-1: [cfcebab0-3c5e-460b-914c-a75f26ecc6be:192.168.157.200:44898, bb6aa9e0-dd06-4c88-93db-4ae7898bc0a1:192.168.157.200:45292, acc98349-19c8-4839-9f32-ec7ab3c247da:192.168.157.200:43538], old=null, confs=<EMPTY_MAP>
2019-10-31 13:04:15,420 [pool-27-thread-1] INFO  server.RaftServerConfigKeys (ConfUtils.java:logGet(43)) - raft.server.storage.dir = [/workdir/hadoop-ozone/integration-test/target/test-dir/MiniOzoneClusterImpl-ba86e98e-0b9e-4fbc-a2f2-7e38c2eb387e/datanode-0/data/ratis] (custom)
2019-10-31 13:04:15,420 [pool-27-thread-1] INFO  server.RaftServerConfigKeys (ConfUtils.java:logGet(43)) - raft.server.log.corruption.policy = EXCEPTION (default)
2019-10-31 13:04:15,420 [pool-27-thread-1] INFO  storage.RaftStorageDirectory (RaftStorageDirectory.java:analyzeStorage(246)) - The storage directory /workdir/hadoop-ozone/integration-test/target/test-dir/MiniOzoneClusterImpl-ba86e98e-0b9e-4fbc-a2f2-7e38c2eb387e/datanode-0/data/ratis/5381b01c-8196-43cd-825c-b36abc200b12 does not exist. Creating ...
2019-10-31 13:04:15,421 [pool-47-thread-1] INFO  impl.RaftServerImpl (RaftServerImpl.java:<init>(98)) - acc98349-19c8-4839-9f32-ec7ab3c247da: new RaftServerImpl for group-B36ABC200B12:[cfcebab0-3c5e-460b-914c-a75f26ecc6be:192.168.157.200:44898, bb6aa9e0-dd06-4c88-93db-4ae7898bc0a1:192.168.157.200:45292, acc98349-19c8-4839-9f32-ec7ab3c247da:192.168.157.200:43538] with ContainerStateMachine:uninitialized
2019-10-31 13:04:15,421 [pool-47-thread-1] INFO  server.RaftServerConfigKeys (ConfUtils.java:logGet(43)) - raft.server.rpc.timeout.min = 5s (custom)
2019-10-31 13:04:15,421 [pool-47-thread-1] INFO  server.RaftServerConfigKeys (ConfUtils.java:logGet(43)) - raft.server.rpc.timeout.max = 5200ms (custom)
2019-10-31 13:04:15,421 [pool-47-thread-1] INFO  server.RaftServerConfigKeys (ConfUtils.java:logGet(43)) - raft.server.rpcslowness.timeout = 1000s (custom)
2019-10-31 13:04:15,422 [pool-37-thread-1] INFO  impl.RaftServerImpl (RaftServerImpl.java:<init>(98)) - cfcebab0-3c5e-460b-914c-a75f26ecc6be: new RaftServerImpl for group-B36ABC200B12:[cfcebab0-3c5e-460b-914c-a75f26ecc6be:192.168.157.200:44898, bb6aa9e0-dd06-4c88-93db-4ae7898bc0a1:192.168.157.200:45292, acc98349-19c8-4839-9f32-ec7ab3c247da:192.168.157.200:43538] with ContainerStateMachine:uninitialized
2019-10-31 13:04:15,422 [pool-47-thread-1] INFO  server.RaftServerConfigKeys (ConfUtils.java:logGet(43)) - raft.server.sleep.deviation.threshold = 300 (default)
2019-10-31 13:04:15,422 [pool-37-thread-1] INFO  server.RaftServerConfigKeys (ConfUtils.java:logGet(43)) - raft.server.rpc.timeout.min = 5s (custom)
2019-10-31 13:04:15,422 [pool-47-thread-1] INFO  server.RaftServerConfigKeys (ConfUtils.java:logGet(43)) - raft.server.log.appender.install.snapshot.enabled = false (custom)
2019-10-31 13:04:15,422 [pool-37-thread-1] INFO  server.RaftServerConfigKeys (ConfUtils.java:logGet(43)) - raft.server.rpc.timeout.max = 5200ms (custom)
2019-10-31 13:04:15,422 [pool-47-thread-1] INFO  impl.RaftServerImpl (ServerState.java:<init>(103)) - acc98349-19c8-4839-9f32-ec7ab3c247da@group-B36ABC200B12: ConfigurationManager, init=-1: [cfcebab0-3c5e-460b-914c-a75f26ecc6be:192.168.157.200:44898, bb6aa9e0-dd06-4c88-93db-4ae7898bc0a1:192.168.157.200:45292, acc98349-19c8-4839-9f32-ec7ab3c247da:192.168.157.200:43538], old=null, confs=<EMPTY_MAP>
2019-10-31 13:04:15,423 [pool-37-thread-1] INFO  server.RaftServerConfigKeys (ConfUtils.java:logGet(43)) - raft.server.rpcslowness.timeout = 1000s (custom)
2019-10-31 13:04:15,423 [pool-37-thread-1] INFO  server.RaftServerConfigKeys (ConfUtils.java:logGet(43)) - raft.server.sleep.deviation.threshold = 300 (default)
2019-10-31 13:04:15,423 [pool-47-thread-1] INFO  server.RaftServerConfigKeys (ConfUtils.java:logGet(43)) - raft.server.storage.dir = [/workdir/hadoop-ozone/integration-test/target/test-dir/MiniOzoneClusterImpl-ba86e98e-0b9e-4fbc-a2f2-7e38c2eb387e/datanode-2/data/ratis] (custom)
2019-10-31 13:04:15,423 [pool-37-thread-1] INFO  server.RaftServerConfigKeys (ConfUtils.java:logGet(43)) - raft.server.log.appender.install.snapshot.enabled = false (custom)
2019-10-31 13:04:15,423 [pool-37-thread-1] INFO  impl.RaftServerImpl (ServerState.java:<init>(103)) - cfcebab0-3c5e-460b-914c-a75f26ecc6be@group-B36ABC200B12: ConfigurationManager, init=-1: [cfcebab0-3c5e-460b-914c-a75f26ecc6be:192.168.157.200:44898, bb6aa9e0-dd06-4c88-93db-4ae7898bc0a1:192.168.157.200:45292, acc98349-19c8-4839-9f32-ec7ab3c247da:192.168.157.200:43538], old=null, confs=<EMPTY_MAP>
2019-10-31 13:04:15,424 [pool-47-thread-1] INFO  server.RaftServerConfigKeys (ConfUtils.java:logGet(43)) - raft.server.log.corruption.policy = EXCEPTION (default)
2019-10-31 13:04:15,424 [pool-37-thread-1] INFO  server.RaftServerConfigKeys (ConfUtils.java:logGet(43)) - raft.server.storage.dir = [/workdir/hadoop-ozone/integration-test/target/test-dir/MiniOzoneClusterImpl-ba86e98e-0b9e-4fbc-a2f2-7e38c2eb387e/datanode-1/data/ratis] (custom)
2019-10-31 13:04:15,424 [pool-47-thread-1] INFO  storage.RaftStorageDirectory (RaftStorageDirectory.java:analyzeStorage(246)) - The storage directory /workdir/hadoop-ozone/integration-test/target/test-dir/MiniOzoneClusterImpl-ba86e98e-0b9e-4fbc-a2f2-7e38c2eb387e/datanode-2/data/ratis/5381b01c-8196-43cd-825c-b36abc200b12 does not exist. Creating ...
2019-10-31 13:04:15,424 [pool-37-thread-1] INFO  server.RaftServerConfigKeys (ConfUtils.java:logGet(43)) - raft.server.log.corruption.policy = EXCEPTION (default)
2019-10-31 13:04:15,424 [pool-37-thread-1] INFO  storage.RaftStorageDirectory (RaftStorageDirectory.java:analyzeStorage(246)) - The storage directory /workdir/hadoop-ozone/integration-test/target/test-dir/MiniOzoneClusterImpl-ba86e98e-0b9e-4fbc-a2f2-7e38c2eb387e/datanode-1/data/ratis/5381b01c-8196-43cd-825c-b36abc200b12 does not exist. Creating ...
2019-10-31 13:04:15,434 [pool-37-thread-1] INFO  storage.RaftStorageDirectory (RaftStorageDirectory.java:tryLock(328)) - Lock on /workdir/hadoop-ozone/integration-test/target/test-dir/MiniOzoneClusterImpl-ba86e98e-0b9e-4fbc-a2f2-7e38c2eb387e/datanode-1/data/ratis/5381b01c-8196-43cd-825c-b36abc200b12/in_use.lock acquired by nodename 2434@pr-hdds-1701-2k7ks-937105442
2019-10-31 13:04:15,434 [pool-27-thread-1] INFO  storage.RaftStorageDirectory (RaftStorageDirectory.java:tryLock(328)) - Lock on /workdir/hadoop-ozone/integration-test/target/test-dir/MiniOzoneClusterImpl-ba86e98e-0b9e-4fbc-a2f2-7e38c2eb387e/datanode-0/data/ratis/5381b01c-8196-43cd-825c-b36abc200b12/in_use.lock acquired by nodename 2434@pr-hdds-1701-2k7ks-937105442
2019-10-31 13:04:15,434 [pool-47-thread-1] INFO  storage.RaftStorageDirectory (RaftStorageDirectory.java:tryLock(328)) - Lock on /workdir/hadoop-ozone/integration-test/target/test-dir/MiniOzoneClusterImpl-ba86e98e-0b9e-4fbc-a2f2-7e38c2eb387e/datanode-2/data/ratis/5381b01c-8196-43cd-825c-b36abc200b12/in_use.lock acquired by nodename 2434@pr-hdds-1701-2k7ks-937105442
2019-10-31 13:04:15,448 [pool-37-thread-1] INFO  storage.RaftStorage (RaftStorage.java:format(84)) - Storage directory /workdir/hadoop-ozone/integration-test/target/test-dir/MiniOzoneClusterImpl-ba86e98e-0b9e-4fbc-a2f2-7e38c2eb387e/datanode-1/data/ratis/5381b01c-8196-43cd-825c-b36abc200b12 has been successfully formatted.
2019-10-31 13:04:15,448 [pool-47-thread-1] INFO  storage.RaftStorage (RaftStorage.java:format(84)) - Storage directory /workdir/hadoop-ozone/integration-test/target/test-dir/MiniOzoneClusterImpl-ba86e98e-0b9e-4fbc-a2f2-7e38c2eb387e/datanode-2/data/ratis/5381b01c-8196-43cd-825c-b36abc200b12 has been successfully formatted.
2019-10-31 13:04:15,448 [pool-27-thread-1] INFO  storage.RaftStorage (RaftStorage.java:format(84)) - Storage directory /workdir/hadoop-ozone/integration-test/target/test-dir/MiniOzoneClusterImpl-ba86e98e-0b9e-4fbc-a2f2-7e38c2eb387e/datanode-0/data/ratis/5381b01c-8196-43cd-825c-b36abc200b12 has been successfully formatted.
2019-10-31 13:04:15,448 [pool-37-thread-1] INFO  ratis.ContainerStateMachine (ContainerStateMachine.java:loadSnapshot(231)) - group-B36ABC200B12: The snapshot info is null. Setting the last applied indexto:(t:0, i:~)
2019-10-31 13:04:15,448 [pool-27-thread-1] INFO  ratis.ContainerStateMachine (ContainerStateMachine.java:loadSnapshot(231)) - group-B36ABC200B12: The snapshot info is null. Setting the last applied indexto:(t:0, i:~)
2019-10-31 13:04:15,449 [pool-47-thread-1] INFO  ratis.ContainerStateMachine (ContainerStateMachine.java:loadSnapshot(231)) - group-B36ABC200B12: The snapshot info is null. Setting the last applied indexto:(t:0, i:~)
2019-10-31 13:04:15,448 [pool-37-thread-1] INFO  server.RaftServerConfigKeys (ConfUtils.java:logGet(43)) - raft.server.notification.no-leader.timeout = 1000s (custom)
2019-10-31 13:04:15,449 [pool-47-thread-1] INFO  server.RaftServerConfigKeys (ConfUtils.java:logGet(43)) - raft.server.notification.no-leader.timeout = 1000s (custom)
2019-10-31 13:04:15,449 [pool-27-thread-1] INFO  server.RaftServerConfigKeys (ConfUtils.java:logGet(43)) - raft.server.notification.no-leader.timeout = 1000s (custom)
2019-10-31 13:04:15,449 [pool-47-thread-1] INFO  server.RaftServerConfigKeys (ConfUtils.java:logGet(43)) - raft.server.log.use.memory = false (default)
2019-10-31 13:04:15,449 [pool-37-thread-1] INFO  server.RaftServerConfigKeys (ConfUtils.java:logGet(43)) - raft.server.log.use.memory = false (default)
2019-10-31 13:04:15,449 [pool-47-thread-1] INFO  server.RaftServerConfigKeys (ConfUtils.java:logGet(43)) - raft.server.log.purge.gap = 1000000 (custom)
2019-10-31 13:04:15,449 [pool-27-thread-1] INFO  server.RaftServerConfigKeys (ConfUtils.java:logGet(43)) - raft.server.log.use.memory = false (default)
2019-10-31 13:04:15,450 [pool-37-thread-1] INFO  server.RaftServerConfigKeys (ConfUtils.java:logGet(43)) - raft.server.log.purge.gap = 1000000 (custom)
2019-10-31 13:04:15,450 [pool-27-thread-1] INFO  server.RaftServerConfigKeys (ConfUtils.java:logGet(43)) - raft.server.log.purge.gap = 1000000 (custom)
2019-10-31 13:04:15,450 [pool-47-thread-1] INFO  server.RaftServerConfigKeys (ConfUtils.java:logGet(43)) - raft.server.log.appender.buffer.byte-limit = 33554432 (custom)
2019-10-31 13:04:15,450 [pool-27-thread-1] INFO  server.RaftServerConfigKeys (ConfUtils.java:logGet(43)) - raft.server.log.appender.buffer.byte-limit = 33554432 (custom)
2019-10-31 13:04:15,450 [pool-37-thread-1] INFO  server.RaftServerConfigKeys (ConfUtils.java:logGet(43)) - raft.server.log.appender.buffer.byte-limit = 33554432 (custom)
2019-10-31 13:04:15,450 [pool-27-thread-1] INFO  server.RaftServerConfigKeys (ConfUtils.java:logGet(43)) - raft.server.log.segment.size.max = 1048576 (custom)
2019-10-31 13:04:15,450 [pool-47-thread-1] INFO  server.RaftServerConfigKeys (ConfUtils.java:logGet(43)) - raft.server.log.segment.size.max = 1048576 (custom)
2019-10-31 13:04:15,451 [pool-27-thread-1] INFO  server.RaftServerConfigKeys (ConfUtils.java:logGet(43)) - raft.server.log.segment.cache.num.max = 2 (custom)
2019-10-31 13:04:15,450 [pool-37-thread-1] INFO  server.RaftServerConfigKeys (ConfUtils.java:logGet(43)) - raft.server.log.segment.size.max = 1048576 (custom)
2019-10-31 13:04:15,451 [pool-27-thread-1] INFO  segmented.SegmentedRaftLogWorker (SegmentedRaftLogWorker.java:<init>(173)) - new bb6aa9e0-dd06-4c88-93db-4ae7898bc0a1@group-B36ABC200B12-SegmentedRaftLogWorker for RaftStorage:Storage Directory /workdir/hadoop-ozone/integration-test/target/test-dir/MiniOzoneClusterImpl-ba86e98e-0b9e-4fbc-a2f2-7e38c2eb387e/datanode-0/data/ratis/5381b01c-8196-43cd-825c-b36abc200b12
2019-10-31 13:04:15,451 [pool-47-thread-1] INFO  server.RaftServerConfigKeys (ConfUtils.java:logGet(43)) - raft.server.log.segment.cache.num.max = 2 (custom)
2019-10-31 13:04:15,451 [pool-27-thread-1] INFO  server.RaftServerConfigKeys (ConfUtils.java:logGet(43)) - raft.server.log.queue.byte-limit = 2147483647 (custom)
2019-10-31 13:04:15,451 [pool-37-thread-1] INFO  server.RaftServerConfigKeys (ConfUtils.java:logGet(43)) - raft.server.log.segment.cache.num.max = 2 (custom)
2019-10-31 13:04:15,451 [pool-27-thread-1] INFO  server.RaftServerConfigKeys (ConfUtils.java:logGet(43)) - raft.server.log.queue.element-limit = 1024 (custom)
2019-10-31 13:04:15,451 [pool-47-thread-1] INFO  segmented.SegmentedRaftLogWorker (SegmentedRaftLogWorker.java:<init>(173)) - new acc98349-19c8-4839-9f32-ec7ab3c247da@group-B36ABC200B12-SegmentedRaftLogWorker for RaftStorage:Storage Directory /workdir/hadoop-ozone/integration-test/target/test-dir/MiniOzoneClusterImpl-ba86e98e-0b9e-4fbc-a2f2-7e38c2eb387e/datanode-2/data/ratis/5381b01c-8196-43cd-825c-b36abc200b12
2019-10-31 13:04:15,451 [pool-27-thread-1] INFO  server.RaftServerConfigKeys (ConfUtils.java:logGet(43)) - raft.server.log.segment.size.max = 1048576 (custom)
2019-10-31 13:04:15,451 [pool-37-thread-1] INFO  segmented.SegmentedRaftLogWorker (SegmentedRaftLogWorker.java:<init>(173)) - new cfcebab0-3c5e-460b-914c-a75f26ecc6be@group-B36ABC200B12-SegmentedRaftLogWorker for RaftStorage:Storage Directory /workdir/hadoop-ozone/integration-test/target/test-dir/MiniOzoneClusterImpl-ba86e98e-0b9e-4fbc-a2f2-7e38c2eb387e/datanode-1/data/ratis/5381b01c-8196-43cd-825c-b36abc200b12
2019-10-31 13:04:15,452 [pool-27-thread-1] INFO  server.RaftServerConfigKeys (ConfUtils.java:logGet(43)) - raft.server.log.preallocated.size = 16384 (custom)
2019-10-31 13:04:15,452 [pool-37-thread-1] INFO  server.RaftServerConfigKeys (ConfUtils.java:logGet(43)) - raft.server.log.queue.byte-limit = 2147483647 (custom)
2019-10-31 13:04:15,452 [pool-47-thread-1] INFO  server.RaftServerConfigKeys (ConfUtils.java:logGet(43)) - raft.server.log.queue.byte-limit = 2147483647 (custom)
2019-10-31 13:04:15,452 [pool-37-thread-1] INFO  server.RaftServerConfigKeys (ConfUtils.java:logGet(43)) - raft.server.log.queue.element-limit = 1024 (custom)
2019-10-31 13:04:15,452 [pool-27-thread-1] INFO  server.RaftServerConfigKeys (ConfUtils.java:logGet(43)) - raft.server.log.write.buffer.size = 33554432 (custom)
2019-10-31 13:04:15,452 [pool-37-thread-1] INFO  server.RaftServerConfigKeys (ConfUtils.java:logGet(43)) - raft.server.log.segment.size.max = 1048576 (custom)
2019-10-31 13:04:15,452 [pool-47-thread-1] INFO  server.RaftServerConfigKeys (ConfUtils.java:logGet(43)) - raft.server.log.queue.element-limit = 1024 (custom)
2019-10-31 13:04:15,453 [pool-37-thread-1] INFO  server.RaftServerConfigKeys (ConfUtils.java:logGet(43)) - raft.server.log.preallocated.size = 16384 (custom)
2019-10-31 13:04:15,452 [pool-27-thread-1] INFO  server.RaftServerConfigKeys (ConfUtils.java:logGet(43)) - raft.server.log.force.sync.num = 128 (default)
2019-10-31 13:04:15,453 [pool-37-thread-1] INFO  server.RaftServerConfigKeys (ConfUtils.java:logGet(43)) - raft.server.log.write.buffer.size = 33554432 (custom)
2019-10-31 13:04:15,453 [pool-47-thread-1] INFO  server.RaftServerConfigKeys (ConfUtils.java:logGet(43)) - raft.server.log.segment.size.max = 1048576 (custom)
2019-10-31 13:04:15,453 [pool-37-thread-1] INFO  server.RaftServerConfigKeys (ConfUtils.java:logGet(43)) - raft.server.log.force.sync.num = 128 (default)
2019-10-31 13:04:15,453 [pool-27-thread-1] INFO  server.RaftServerConfigKeys (ConfUtils.java:logGet(43)) - raft.server.log.statemachine.data.sync = true (default)
2019-10-31 13:04:15,453 [pool-37-thread-1] INFO  server.RaftServerConfigKeys (ConfUtils.java:logGet(43)) - raft.server.log.statemachine.data.sync = true (default)
2019-10-31 13:04:15,453 [pool-47-thread-1] INFO  server.RaftServerConfigKeys (ConfUtils.java:logGet(43)) - raft.server.log.preallocated.size = 16384 (custom)
2019-10-31 13:04:15,454 [pool-37-thread-1] INFO  server.RaftServerConfigKeys (ConfUtils.java:logGet(43)) - raft.server.log.statemachine.data.sync.timeout = 10s (default)
2019-10-31 13:04:15,453 [pool-27-thread-1] INFO  server.RaftServerConfigKeys (ConfUtils.java:logGet(43)) - raft.server.log.statemachine.data.sync.timeout = 10s (default)
2019-10-31 13:04:15,454 [pool-37-thread-1] INFO  server.RaftServerConfigKeys (ConfUtils.java:logGet(43)) - raft.server.log.statemachine.data.sync.timeout.retry = -1 (default)
2019-10-31 13:04:15,454 [pool-47-thread-1] INFO  server.RaftServerConfigKeys (ConfUtils.java:logGet(43)) - raft.server.log.write.buffer.size = 33554432 (custom)
2019-10-31 13:04:15,454 [pool-37-thread-1] INFO  server.RaftServerConfigKeys (ConfUtils.java:logGet(43)) - raft.server.log.statemachine.data.caching.enabled = true (custom)
2019-10-31 13:04:15,454 [pool-27-thread-1] INFO  server.RaftServerConfigKeys (ConfUtils.java:logGet(43)) - raft.server.log.statemachine.data.sync.timeout.retry = -1 (default)
2019-10-31 13:04:15,454 [pool-47-thread-1] INFO  server.RaftServerConfigKeys (ConfUtils.java:logGet(43)) - raft.server.log.force.sync.num = 128 (default)
2019-10-31 13:04:15,455 [pool-37-thread-1] INFO  segmented.SegmentedRaftLogWorker (SegmentedRaftLogWorker.java:lambda$new$0(128)) - cfcebab0-3c5e-460b-914c-a75f26ecc6be@group-B36ABC200B12-SegmentedRaftLogWorker: flushIndex: setUnconditionally 0 -> -1
2019-10-31 13:04:15,455 [pool-27-thread-1] INFO  server.RaftServerConfigKeys (ConfUtils.java:logGet(43)) - raft.server.log.statemachine.data.caching.enabled = true (custom)
2019-10-31 13:04:15,455 [pool-47-thread-1] INFO  server.RaftServerConfigKeys (ConfUtils.java:logGet(43)) - raft.server.log.statemachine.data.sync = true (default)
2019-10-31 13:04:15,455 [pool-37-thread-1] INFO  server.RaftServerConfigKeys (ConfUtils.java:logGet(43)) - raft.server.snapshot.auto.trigger.enabled = true (custom)
2019-10-31 13:04:15,455 [pool-47-thread-1] INFO  server.RaftServerConfigKeys (ConfUtils.java:logGet(43)) - raft.server.log.statemachine.data.sync.timeout = 10s (default)
2019-10-31 13:04:15,455 [pool-27-thread-1] INFO  segmented.SegmentedRaftLogWorker (SegmentedRaftLogWorker.java:lambda$new$0(128)) - bb6aa9e0-dd06-4c88-93db-4ae7898bc0a1@group-B36ABC200B12-SegmentedRaftLogWorker: flushIndex: setUnconditionally 0 -> -1
2019-10-31 13:04:15,455 [pool-47-thread-1] INFO  server.RaftServerConfigKeys (ConfUtils.java:logGet(43)) - raft.server.log.statemachine.data.sync.timeout.retry = -1 (default)
2019-10-31 13:04:15,455 [pool-37-thread-1] INFO  server.RaftServerConfigKeys (ConfUtils.java:logGet(43)) - raft.server.snapshot.auto.trigger.threshold = 10000 (custom)
2019-10-31 13:04:15,456 [pool-27-thread-1] INFO  server.RaftServerConfigKeys (ConfUtils.java:logGet(43)) - raft.server.snapshot.auto.trigger.enabled = true (custom)
2019-10-31 13:04:15,456 [pool-37-thread-1] INFO  server.RaftServerConfigKeys (ConfUtils.java:logGet(43)) - raft.server.snapshot.retention.file.num = 5 (custom)
2019-10-31 13:04:15,456 [pool-27-thread-1] INFO  server.RaftServerConfigKeys (ConfUtils.java:logGet(43)) - raft.server.snapshot.auto.trigger.threshold = 10000 (custom)
2019-10-31 13:04:15,456 [pool-47-thread-1] INFO  server.RaftServerConfigKeys (ConfUtils.java:logGet(43)) - raft.server.log.statemachine.data.caching.enabled = true (custom)
2019-10-31 13:04:15,456 [pool-37-thread-1] INFO  server.RaftServerConfigKeys (ConfUtils.java:logGet(43)) - raft.server.retrycache.expirytime = 600000ms (custom)
2019-10-31 13:04:15,456 [pool-27-thread-1] INFO  server.RaftServerConfigKeys (ConfUtils.java:logGet(43)) - raft.server.snapshot.retention.file.num = 5 (custom)
2019-10-31 13:04:15,456 [pool-37-thread-1] WARN  impl.MetricRegistriesImpl (MetricRegistriesImpl.java:lambda$create$1(61)) - First MetricRegistry has been created without registering reporters. You may need to call MetricRegistries.global().addReportRegistration(...) before.
2019-10-31 13:04:15,457 [pool-47-thread-1] INFO  segmented.SegmentedRaftLogWorker (SegmentedRaftLogWorker.java:lambda$new$0(128)) - acc98349-19c8-4839-9f32-ec7ab3c247da@group-B36ABC200B12-SegmentedRaftLogWorker: flushIndex: setUnconditionally 0 -> -1
2019-10-31 13:04:15,456 [pool-27-thread-1] INFO  server.RaftServerConfigKeys (ConfUtils.java:logGet(43)) - raft.server.retrycache.expirytime = 600000ms (custom)
2019-10-31 13:04:15,457 [pool-37-thread-1] WARN  impl.MetricRegistriesImpl (MetricRegistriesImpl.java:lambda$create$1(61)) - First MetricRegistry has been created without registering reporters. You may need to call MetricRegistries.global().addReportRegistration(...) before.
2019-10-31 13:04:15,457 [pool-27-thread-1] WARN  impl.MetricRegistriesImpl (MetricRegistriesImpl.java:lambda$create$1(61)) - First MetricRegistry has been created without registering reporters. You may need to call MetricRegistries.global().addReportRegistration(...) before.
2019-10-31 13:04:15,457 [pool-47-thread-1] INFO  server.RaftServerConfigKeys (ConfUtils.java:logGet(43)) - raft.server.snapshot.auto.trigger.enabled = true (custom)
2019-10-31 13:04:15,457 [pool-37-thread-1] INFO  impl.RaftServerImpl (RaftServerImpl.java:start(184)) - cfcebab0-3c5e-460b-914c-a75f26ecc6be@group-B36ABC200B12: start as a follower, conf=-1: [cfcebab0-3c5e-460b-914c-a75f26ecc6be:192.168.157.200:44898, bb6aa9e0-dd06-4c88-93db-4ae7898bc0a1:192.168.157.200:45292, acc98349-19c8-4839-9f32-ec7ab3c247da:192.168.157.200:43538], old=null
2019-10-31 13:04:15,457 [pool-27-thread-1] WARN  impl.MetricRegistriesImpl (MetricRegistriesImpl.java:lambda$create$1(61)) - First MetricRegistry has been created without registering reporters. You may need to call MetricRegistries.global().addReportRegistration(...) before.
2019-10-31 13:04:15,457 [pool-37-thread-1] INFO  impl.RaftServerImpl (RaftServerImpl.java:setRole(173)) - cfcebab0-3c5e-460b-914c-a75f26ecc6be@group-B36ABC200B12: changes role from      null to FOLLOWER at term 0 for startAsFollower
2019-10-31 13:04:15,457 [pool-27-thread-1] INFO  impl.RaftServerImpl (RaftServerImpl.java:start(184)) - bb6aa9e0-dd06-4c88-93db-4ae7898bc0a1@group-B36ABC200B12: start as a follower, conf=-1: [cfcebab0-3c5e-460b-914c-a75f26ecc6be:192.168.157.200:44898, bb6aa9e0-dd06-4c88-93db-4ae7898bc0a1:192.168.157.200:45292, acc98349-19c8-4839-9f32-ec7ab3c247da:192.168.157.200:43538], old=null
2019-10-31 13:04:15,457 [pool-47-thread-1] INFO  server.RaftServerConfigKeys (ConfUtils.java:logGet(43)) - raft.server.snapshot.auto.trigger.threshold = 10000 (custom)
2019-10-31 13:04:15,458 [pool-27-thread-1] INFO  impl.RaftServerImpl (RaftServerImpl.java:setRole(173)) - bb6aa9e0-dd06-4c88-93db-4ae7898bc0a1@group-B36ABC200B12: changes role from      null to FOLLOWER at term 0 for startAsFollower
2019-10-31 13:04:15,458 [pool-37-thread-1] INFO  impl.RoleInfo (RoleInfo.java:updateAndGet(143)) - cfcebab0-3c5e-460b-914c-a75f26ecc6be: start FollowerState
2019-10-31 13:04:15,458 [pool-27-thread-1] INFO  impl.RoleInfo (RoleInfo.java:updateAndGet(143)) - bb6aa9e0-dd06-4c88-93db-4ae7898bc0a1: start FollowerState
2019-10-31 13:04:15,458 [pool-47-thread-1] INFO  server.RaftServerConfigKeys (ConfUtils.java:logGet(43)) - raft.server.snapshot.retention.file.num = 5 (custom)
2019-10-31 13:04:15,458 [pool-37-thread-1] INFO  util.JmxRegister (JmxRegister.java:tryRegister(44)) - Successfully registered JMX Bean with object name Ratis:service=RaftServer,group=group-B36ABC200B12,id=cfcebab0-3c5e-460b-914c-a75f26ecc6be
2019-10-31 13:04:15,458 [pool-27-thread-1] INFO  util.JmxRegister (JmxRegister.java:tryRegister(44)) - Successfully registered JMX Bean with object name Ratis:service=RaftServer,group=group-B36ABC200B12,id=bb6aa9e0-dd06-4c88-93db-4ae7898bc0a1
2019-10-31 13:04:15,458 [pool-47-thread-1] INFO  server.RaftServerConfigKeys (ConfUtils.java:logGet(43)) - raft.server.retrycache.expirytime = 600000ms (custom)
2019-10-31 13:04:15,458 [pool-37-thread-1] WARN  impl.MetricRegistriesImpl (MetricRegistriesImpl.java:lambda$create$1(61)) - First MetricRegistry has been created without registering reporters. You may need to call MetricRegistries.global().addReportRegistration(...) before.
2019-10-31 13:04:15,459 [pool-47-thread-1] WARN  impl.MetricRegistriesImpl (MetricRegistriesImpl.java:lambda$create$1(61)) - First MetricRegistry has been created without registering reporters. You may need to call MetricRegistries.global().addReportRegistration(...) before.
2019-10-31 13:04:15,458 [pool-27-thread-1] WARN  impl.MetricRegistriesImpl (MetricRegistriesImpl.java:lambda$create$1(61)) - First MetricRegistry has been created without registering reporters. You may need to call MetricRegistries.global().addReportRegistration(...) before.
2019-10-31 13:04:15,459 [pool-47-thread-1] WARN  impl.MetricRegistriesImpl (MetricRegistriesImpl.java:lambda$create$1(61)) - First MetricRegistry has been created without registering reporters. You may need to call MetricRegistries.global().addReportRegistration(...) before.
2019-10-31 13:04:15,459 [pool-47-thread-1] INFO  impl.RaftServerImpl (RaftServerImpl.java:start(184)) - acc98349-19c8-4839-9f32-ec7ab3c247da@group-B36ABC200B12: start as a follower, conf=-1: [cfcebab0-3c5e-460b-914c-a75f26ecc6be:192.168.157.200:44898, bb6aa9e0-dd06-4c88-93db-4ae7898bc0a1:192.168.157.200:45292, acc98349-19c8-4839-9f32-ec7ab3c247da:192.168.157.200:43538], old=null
2019-10-31 13:04:15,460 [pool-47-thread-1] INFO  impl.RaftServerImpl (RaftServerImpl.java:setRole(173)) - acc98349-19c8-4839-9f32-ec7ab3c247da@group-B36ABC200B12: changes role from      null to FOLLOWER at term 0 for startAsFollower
2019-10-31 13:04:15,460 [pool-47-thread-1] INFO  impl.RoleInfo (RoleInfo.java:updateAndGet(143)) - acc98349-19c8-4839-9f32-ec7ab3c247da: start FollowerState
2019-10-31 13:04:15,467 [pool-47-thread-1] INFO  util.JmxRegister (JmxRegister.java:tryRegister(44)) - Successfully registered JMX Bean with object name Ratis:service=RaftServer,group=group-B36ABC200B12,id=acc98349-19c8-4839-9f32-ec7ab3c247da
2019-10-31 13:04:15,467 [pool-47-thread-1] WARN  impl.MetricRegistriesImpl (MetricRegistriesImpl.java:lambda$create$1(61)) - First MetricRegistry has been created without registering reporters. You may need to call MetricRegistries.global().addReportRegistration(...) before.
2019-10-31 13:04:15,484 [RatisPipelineUtilsThread] INFO  pipeline.PipelineStateManager (PipelineStateManager.java:addPipeline(56)) - Created pipeline Pipeline[ Id: 5381b01c-8196-43cd-825c-b36abc200b12, Nodes: acc98349-19c8-4839-9f32-ec7ab3c247da{ip: 192.168.157.200, host: pr-hdds-1701-2k7ks-937105442, networkLocation: /default-rack, certSerialId: null}bb6aa9e0-dd06-4c88-93db-4ae7898bc0a1{ip: 192.168.157.200, host: pr-hdds-1701-2k7ks-937105442, networkLocation: /default-rack, certSerialId: null}cfcebab0-3c5e-460b-914c-a75f26ecc6be{ip: 192.168.157.200, host: pr-hdds-1701-2k7ks-937105442, networkLocation: /default-rack, certSerialId: null}, Type:RATIS, Factor:THREE, State:OPEN]
2019-10-31 13:04:15,600 [main] INFO  ozone.MiniOzoneClusterImpl (MiniOzoneClusterImpl.java:lambda$waitForClusterToBeReady$0(147)) - Cluster is ready. Got 3 of 3 DN Heartbeats.
2019-10-31 13:04:16,090 [main] INFO  rpc.RpcClient (RpcClient.java:createVolume(272)) - Creating Volume: testcontainerstatemachinefailures, with jenkins1000 as owner.
2019-10-31 13:04:16,189 [IPC Server handler 2 on 34162] INFO  volume.OMVolumeCreateRequest (OMVolumeCreateRequest.java:validateAndUpdateCache(193)) - created volume:testcontainerstatemachinefailures for user:jenkins1000
2019-10-31 13:04:16,236 [main] INFO  rpc.RpcClient (RpcClient.java:createBucket(411)) - Creating Bucket: testcontainerstatemachinefailures/testcontainerstatemachinefailures, with Versioning false and Storage Type set to DISK and Encryption set to false 
2019-10-31 13:04:16,742 [main] INFO  impl.MetricsSystemImpl (MetricsSystemImpl.java:init(158)) - XceiverClientMetrics metrics system started (again)
2019-10-31 13:04:17,491 [Thread-181] INFO  container.ReplicationManager (ReplicationManager.java:start(162)) - Starting Replication Monitor Thread.
2019-10-31 13:04:17,500 [ReplicationMonitor] INFO  container.ReplicationManager (ReplicationManager.java:run(225)) - Replication Monitor Thread took 6 milliseconds for processing 1 containers.
2019-10-31 13:04:20,333 [Thread-186] INFO  impl.FollowerState (FollowerState.java:run(111)) - bb6aa9e0-dd06-4c88-93db-4ae7898bc0a1@group-9812DF355B20-FollowerState: change to CANDIDATE, lastRpcTime:5193ms, electionTimeout:5192ms
2019-10-31 13:04:20,337 [Thread-186] INFO  impl.RoleInfo (RoleInfo.java:shutdownFollowerState(121)) - bb6aa9e0-dd06-4c88-93db-4ae7898bc0a1: shutdown FollowerState
2019-10-31 13:04:20,337 [Thread-186] INFO  impl.RaftServerImpl (RaftServerImpl.java:setRole(173)) - bb6aa9e0-dd06-4c88-93db-4ae7898bc0a1@group-9812DF355B20: changes role from  FOLLOWER to CANDIDATE at term 0 for changeToCandidate
2019-10-31 13:04:20,345 [Thread-186] INFO  impl.RoleInfo (RoleInfo.java:updateAndGet(143)) - bb6aa9e0-dd06-4c88-93db-4ae7898bc0a1: start LeaderElection
2019-10-31 13:04:20,361 [bb6aa9e0-dd06-4c88-93db-4ae7898bc0a1@group-9812DF355B20-LeaderElection1] INFO  impl.LeaderElection (LeaderElection.java:askForVotes(178)) - bb6aa9e0-dd06-4c88-93db-4ae7898bc0a1@group-9812DF355B20-LeaderElection1: begin an election at term 1 for -1: [bb6aa9e0-dd06-4c88-93db-4ae7898bc0a1:192.168.157.200:45292], old=null
2019-10-31 13:04:20,363 [bb6aa9e0-dd06-4c88-93db-4ae7898bc0a1@group-9812DF355B20-LeaderElection1] INFO  impl.RoleInfo (RoleInfo.java:shutdownLeaderElection(134)) - bb6aa9e0-dd06-4c88-93db-4ae7898bc0a1: shutdown LeaderElection
2019-10-31 13:04:20,364 [bb6aa9e0-dd06-4c88-93db-4ae7898bc0a1@group-9812DF355B20-LeaderElection1] INFO  impl.RaftServerImpl (RaftServerImpl.java:setRole(173)) - bb6aa9e0-dd06-4c88-93db-4ae7898bc0a1@group-9812DF355B20: changes role from CANDIDATE to LEADER at term 1 for changeToLeader
2019-10-31 13:04:20,364 [bb6aa9e0-dd06-4c88-93db-4ae7898bc0a1@group-9812DF355B20-LeaderElection1] INFO  impl.RaftServerImpl (ServerState.java:setLeader(255)) - bb6aa9e0-dd06-4c88-93db-4ae7898bc0a1@group-9812DF355B20: change Leader from null to bb6aa9e0-dd06-4c88-93db-4ae7898bc0a1 at term 1 for becomeLeader, leader elected after 5299ms
2019-10-31 13:04:20,371 [bb6aa9e0-dd06-4c88-93db-4ae7898bc0a1@group-9812DF355B20-LeaderElection1] INFO  server.RaftServerConfigKeys (ConfUtils.java:logGet(43)) - raft.server.staging.catchup.gap = 1000 (default)
2019-10-31 13:04:20,371 [bb6aa9e0-dd06-4c88-93db-4ae7898bc0a1@group-9812DF355B20-LeaderElection1] INFO  server.RaftServerConfigKeys (ConfUtils.java:logGet(43)) - raft.server.rpc.sleep.time = 25ms (default)
2019-10-31 13:04:20,376 [bb6aa9e0-dd06-4c88-93db-4ae7898bc0a1@group-9812DF355B20-LeaderElection1] INFO  server.RaftServerConfigKeys (ConfUtils.java:logGet(43)) - raft.server.write.element-limit = 4096 (default)
2019-10-31 13:04:20,381 [bb6aa9e0-dd06-4c88-93db-4ae7898bc0a1@group-9812DF355B20-LeaderElection1] INFO  server.RaftServerConfigKeys (ConfUtils.java:logGet(43)) - raft.server.watch.timeout = 10s (default)
2019-10-31 13:04:20,381 [bb6aa9e0-dd06-4c88-93db-4ae7898bc0a1@group-9812DF355B20-LeaderElection1] INFO  server.RaftServerConfigKeys (ConfUtils.java:logGet(43)) - raft.server.watch.timeout.denomination = 1s (default)
2019-10-31 13:04:20,382 [bb6aa9e0-dd06-4c88-93db-4ae7898bc0a1@group-9812DF355B20-LeaderElection1] INFO  server.RaftServerConfigKeys (ConfUtils.java:logGet(43)) - raft.server.watch.element-limit = 65536 (default)
2019-10-31 13:04:20,391 [bb6aa9e0-dd06-4c88-93db-4ae7898bc0a1@group-9812DF355B20-LeaderElection1] INFO  impl.RoleInfo (RoleInfo.java:updateAndGet(143)) - bb6aa9e0-dd06-4c88-93db-4ae7898bc0a1: start LeaderState
2019-10-31 13:04:20,396 [Thread-189] INFO  impl.FollowerState (FollowerState.java:run(111)) - acc98349-19c8-4839-9f32-ec7ab3c247da@group-007D1245C389-FollowerState: change to CANDIDATE, lastRpcTime:5112ms, electionTimeout:5111ms
2019-10-31 13:04:20,397 [Thread-189] INFO  impl.RoleInfo (RoleInfo.java:shutdownFollowerState(121)) - acc98349-19c8-4839-9f32-ec7ab3c247da: shutdown FollowerState
2019-10-31 13:04:20,397 [Thread-189] INFO  impl.RaftServerImpl (RaftServerImpl.java:setRole(173)) - acc98349-19c8-4839-9f32-ec7ab3c247da@group-007D1245C389: changes role from  FOLLOWER to CANDIDATE at term 0 for changeToCandidate
2019-10-31 13:04:20,397 [Thread-189] INFO  impl.RoleInfo (RoleInfo.java:updateAndGet(143)) - acc98349-19c8-4839-9f32-ec7ab3c247da: start LeaderElection
2019-10-31 13:04:20,413 [acc98349-19c8-4839-9f32-ec7ab3c247da@group-007D1245C389-LeaderElection2] INFO  impl.LeaderElection (LeaderElection.java:askForVotes(178)) - acc98349-19c8-4839-9f32-ec7ab3c247da@group-007D1245C389-LeaderElection2: begin an election at term 1 for -1: [acc98349-19c8-4839-9f32-ec7ab3c247da:192.168.157.200:43538], old=null
2019-10-31 13:04:20,417 [acc98349-19c8-4839-9f32-ec7ab3c247da@group-007D1245C389-LeaderElection2] INFO  impl.RoleInfo (RoleInfo.java:shutdownLeaderElection(134)) - acc98349-19c8-4839-9f32-ec7ab3c247da: shutdown LeaderElection
2019-10-31 13:04:20,417 [acc98349-19c8-4839-9f32-ec7ab3c247da@group-007D1245C389-LeaderElection2] INFO  impl.RaftServerImpl (RaftServerImpl.java:setRole(173)) - acc98349-19c8-4839-9f32-ec7ab3c247da@group-007D1245C389: changes role from CANDIDATE to LEADER at term 1 for changeToLeader
2019-10-31 13:04:20,417 [acc98349-19c8-4839-9f32-ec7ab3c247da@group-007D1245C389-LeaderElection2] INFO  impl.RaftServerImpl (ServerState.java:setLeader(255)) - acc98349-19c8-4839-9f32-ec7ab3c247da@group-007D1245C389: change Leader from null to acc98349-19c8-4839-9f32-ec7ab3c247da at term 1 for becomeLeader, leader elected after 5139ms
2019-10-31 13:04:20,417 [acc98349-19c8-4839-9f32-ec7ab3c247da@group-007D1245C389-LeaderElection2] INFO  server.RaftServerConfigKeys (ConfUtils.java:logGet(43)) - raft.server.staging.catchup.gap = 1000 (default)
2019-10-31 13:04:20,418 [acc98349-19c8-4839-9f32-ec7ab3c247da@group-007D1245C389-LeaderElection2] INFO  server.RaftServerConfigKeys (ConfUtils.java:logGet(43)) - raft.server.rpc.sleep.time = 25ms (default)
2019-10-31 13:04:20,418 [acc98349-19c8-4839-9f32-ec7ab3c247da@group-007D1245C389-LeaderElection2] INFO  server.RaftServerConfigKeys (ConfUtils.java:logGet(43)) - raft.server.write.element-limit = 4096 (default)
2019-10-31 13:04:20,418 [acc98349-19c8-4839-9f32-ec7ab3c247da@group-007D1245C389-LeaderElection2] INFO  server.RaftServerConfigKeys (ConfUtils.java:logGet(43)) - raft.server.watch.timeout = 10s (default)
2019-10-31 13:04:20,418 [acc98349-19c8-4839-9f32-ec7ab3c247da@group-007D1245C389-LeaderElection2] INFO  server.RaftServerConfigKeys (ConfUtils.java:logGet(43)) - raft.server.watch.timeout.denomination = 1s (default)
2019-10-31 13:04:20,418 [acc98349-19c8-4839-9f32-ec7ab3c247da@group-007D1245C389-LeaderElection2] INFO  server.RaftServerConfigKeys (ConfUtils.java:logGet(43)) - raft.server.watch.element-limit = 65536 (default)
2019-10-31 13:04:20,419 [acc98349-19c8-4839-9f32-ec7ab3c247da@group-007D1245C389-LeaderElection2] INFO  impl.RoleInfo (RoleInfo.java:updateAndGet(143)) - acc98349-19c8-4839-9f32-ec7ab3c247da: start LeaderState
2019-10-31 13:04:20,419 [bb6aa9e0-dd06-4c88-93db-4ae7898bc0a1@group-9812DF355B20-LeaderElection1] INFO  segmented.SegmentedRaftLogWorker (SegmentedRaftLogWorker.java:startLogSegment(385)) - bb6aa9e0-dd06-4c88-93db-4ae7898bc0a1@group-9812DF355B20-SegmentedRaftLogWorker: Starting segment from index:0
2019-10-31 13:04:20,419 [acc98349-19c8-4839-9f32-ec7ab3c247da@group-007D1245C389-LeaderElection2] INFO  segmented.SegmentedRaftLogWorker (SegmentedRaftLogWorker.java:startLogSegment(385)) - acc98349-19c8-4839-9f32-ec7ab3c247da@group-007D1245C389-SegmentedRaftLogWorker: Starting segment from index:0
2019-10-31 13:04:20,429 [bb6aa9e0-dd06-4c88-93db-4ae7898bc0a1@group-9812DF355B20-LeaderElection1] INFO  impl.RaftServerImpl (ServerState.java:setRaftConf(356)) - bb6aa9e0-dd06-4c88-93db-4ae7898bc0a1@group-9812DF355B20: set configuration 0: [bb6aa9e0-dd06-4c88-93db-4ae7898bc0a1:192.168.157.200:45292], old=null at 0
2019-10-31 13:04:20,429 [acc98349-19c8-4839-9f32-ec7ab3c247da@group-007D1245C389-LeaderElection2] INFO  impl.RaftServerImpl (ServerState.java:setRaftConf(356)) - acc98349-19c8-4839-9f32-ec7ab3c247da@group-007D1245C389: set configuration 0: [acc98349-19c8-4839-9f32-ec7ab3c247da:192.168.157.200:43538], old=null at 0
2019-10-31 13:04:20,486 [Thread-201] INFO  impl.FollowerState (FollowerState.java:run(111)) - acc98349-19c8-4839-9f32-ec7ab3c247da@group-B36ABC200B12-FollowerState: change to CANDIDATE, lastRpcTime:5026ms, electionTimeout:5024ms
2019-10-31 13:04:20,486 [Thread-201] INFO  impl.RoleInfo (RoleInfo.java:shutdownFollowerState(121)) - acc98349-19c8-4839-9f32-ec7ab3c247da: shutdown FollowerState
2019-10-31 13:04:20,486 [Thread-201] INFO  impl.RaftServerImpl (RaftServerImpl.java:setRole(173)) - acc98349-19c8-4839-9f32-ec7ab3c247da@group-B36ABC200B12: changes role from  FOLLOWER to CANDIDATE at term 0 for changeToCandidate
2019-10-31 13:04:20,486 [Thread-201] INFO  impl.RoleInfo (RoleInfo.java:updateAndGet(143)) - acc98349-19c8-4839-9f32-ec7ab3c247da: start LeaderElection
2019-10-31 13:04:20,492 [Thread-192] INFO  impl.FollowerState (FollowerState.java:run(111)) - cfcebab0-3c5e-460b-914c-a75f26ecc6be@group-62482CEB9F5F-FollowerState: change to CANDIDATE, lastRpcTime:5124ms, electionTimeout:5124ms
2019-10-31 13:04:20,492 [Thread-192] INFO  impl.RoleInfo (RoleInfo.java:shutdownFollowerState(121)) - cfcebab0-3c5e-460b-914c-a75f26ecc6be: shutdown FollowerState
2019-10-31 13:04:20,492 [Thread-192] INFO  impl.RaftServerImpl (RaftServerImpl.java:setRole(173)) - cfcebab0-3c5e-460b-914c-a75f26ecc6be@group-62482CEB9F5F: changes role from  FOLLOWER to CANDIDATE at term 0 for changeToCandidate
2019-10-31 13:04:20,492 [Thread-192] INFO  impl.RoleInfo (RoleInfo.java:updateAndGet(143)) - cfcebab0-3c5e-460b-914c-a75f26ecc6be: start LeaderElection
2019-10-31 13:04:20,500 [cfcebab0-3c5e-460b-914c-a75f26ecc6be@group-62482CEB9F5F-LeaderElection4] INFO  impl.LeaderElection (LeaderElection.java:askForVotes(178)) - cfcebab0-3c5e-460b-914c-a75f26ecc6be@group-62482CEB9F5F-LeaderElection4: begin an election at term 1 for -1: [cfcebab0-3c5e-460b-914c-a75f26ecc6be:192.168.157.200:44898], old=null
2019-10-31 13:04:20,501 [acc98349-19c8-4839-9f32-ec7ab3c247da@group-B36ABC200B12-LeaderElection3] INFO  impl.LeaderElection (LeaderElection.java:askForVotes(178)) - acc98349-19c8-4839-9f32-ec7ab3c247da@group-B36ABC200B12-LeaderElection3: begin an election at term 1 for -1: [cfcebab0-3c5e-460b-914c-a75f26ecc6be:192.168.157.200:44898, bb6aa9e0-dd06-4c88-93db-4ae7898bc0a1:192.168.157.200:45292, acc98349-19c8-4839-9f32-ec7ab3c247da:192.168.157.200:43538], old=null
2019-10-31 13:04:20,501 [cfcebab0-3c5e-460b-914c-a75f26ecc6be@group-62482CEB9F5F-LeaderElection4] INFO  impl.RoleInfo (RoleInfo.java:shutdownLeaderElection(134)) - cfcebab0-3c5e-460b-914c-a75f26ecc6be: shutdown LeaderElection
2019-10-31 13:04:20,501 [cfcebab0-3c5e-460b-914c-a75f26ecc6be@group-62482CEB9F5F-LeaderElection4] INFO  impl.RaftServerImpl (RaftServerImpl.java:setRole(173)) - cfcebab0-3c5e-460b-914c-a75f26ecc6be@group-62482CEB9F5F: changes role from CANDIDATE to LEADER at term 1 for changeToLeader
2019-10-31 13:04:20,501 [cfcebab0-3c5e-460b-914c-a75f26ecc6be@group-62482CEB9F5F-LeaderElection4] INFO  impl.RaftServerImpl (ServerState.java:setLeader(255)) - cfcebab0-3c5e-460b-914c-a75f26ecc6be@group-62482CEB9F5F: change Leader from null to cfcebab0-3c5e-460b-914c-a75f26ecc6be at term 1 for becomeLeader, leader elected after 5140ms
2019-10-31 13:04:20,502 [cfcebab0-3c5e-460b-914c-a75f26ecc6be@group-62482CEB9F5F-LeaderElection4] INFO  server.RaftServerConfigKeys (ConfUtils.java:logGet(43)) - raft.server.staging.catchup.gap = 1000 (default)
2019-10-31 13:04:20,502 [cfcebab0-3c5e-460b-914c-a75f26ecc6be@group-62482CEB9F5F-LeaderElection4] INFO  server.RaftServerConfigKeys (ConfUtils.java:logGet(43)) - raft.server.rpc.sleep.time = 25ms (default)
2019-10-31 13:04:20,502 [cfcebab0-3c5e-460b-914c-a75f26ecc6be@group-62482CEB9F5F-LeaderElection4] INFO  server.RaftServerConfigKeys (ConfUtils.java:logGet(43)) - raft.server.write.element-limit = 4096 (default)
2019-10-31 13:04:20,502 [cfcebab0-3c5e-460b-914c-a75f26ecc6be@group-62482CEB9F5F-LeaderElection4] INFO  server.RaftServerConfigKeys (ConfUtils.java:logGet(43)) - raft.server.watch.timeout = 10s (default)
2019-10-31 13:04:20,502 [cfcebab0-3c5e-460b-914c-a75f26ecc6be@group-62482CEB9F5F-LeaderElection4] INFO  server.RaftServerConfigKeys (ConfUtils.java:logGet(43)) - raft.server.watch.timeout.denomination = 1s (default)
2019-10-31 13:04:20,502 [cfcebab0-3c5e-460b-914c-a75f26ecc6be@group-62482CEB9F5F-LeaderElection4] INFO  server.RaftServerConfigKeys (ConfUtils.java:logGet(43)) - raft.server.watch.element-limit = 65536 (default)
2019-10-31 13:04:20,503 [cfcebab0-3c5e-460b-914c-a75f26ecc6be@group-62482CEB9F5F-LeaderElection4] INFO  impl.RoleInfo (RoleInfo.java:updateAndGet(143)) - cfcebab0-3c5e-460b-914c-a75f26ecc6be: start LeaderState
2019-10-31 13:04:20,503 [cfcebab0-3c5e-460b-914c-a75f26ecc6be@group-62482CEB9F5F-LeaderElection4] INFO  segmented.SegmentedRaftLogWorker (SegmentedRaftLogWorker.java:startLogSegment(385)) - cfcebab0-3c5e-460b-914c-a75f26ecc6be@group-62482CEB9F5F-SegmentedRaftLogWorker: Starting segment from index:0
2019-10-31 13:04:20,503 [cfcebab0-3c5e-460b-914c-a75f26ecc6be@group-62482CEB9F5F-LeaderElection4] INFO  impl.RaftServerImpl (ServerState.java:setRaftConf(356)) - cfcebab0-3c5e-460b-914c-a75f26ecc6be@group-62482CEB9F5F: set configuration 0: [cfcebab0-3c5e-460b-914c-a75f26ecc6be:192.168.157.200:44898], old=null at 0
2019-10-31 13:04:20,525 [grpc-default-executor-1] INFO  impl.RaftServerImpl (RaftServerImpl.java:setRole(173)) - bb6aa9e0-dd06-4c88-93db-4ae7898bc0a1@group-B36ABC200B12: changes role from  FOLLOWER to FOLLOWER at term 1 for recognizeCandidate:acc98349-19c8-4839-9f32-ec7ab3c247da
2019-10-31 13:04:20,525 [grpc-default-executor-2] INFO  impl.RaftServerImpl (RaftServerImpl.java:setRole(173)) - cfcebab0-3c5e-460b-914c-a75f26ecc6be@group-B36ABC200B12: changes role from  FOLLOWER to FOLLOWER at term 1 for recognizeCandidate:acc98349-19c8-4839-9f32-ec7ab3c247da
2019-10-31 13:04:20,526 [grpc-default-executor-1] INFO  impl.RoleInfo (RoleInfo.java:shutdownFollowerState(121)) - bb6aa9e0-dd06-4c88-93db-4ae7898bc0a1: shutdown FollowerState
2019-10-31 13:04:20,526 [grpc-default-executor-2] INFO  impl.RoleInfo (RoleInfo.java:shutdownFollowerState(121)) - cfcebab0-3c5e-460b-914c-a75f26ecc6be: shutdown FollowerState
2019-10-31 13:04:20,526 [Thread-197] INFO  impl.FollowerState (FollowerState.java:run(120)) - bb6aa9e0-dd06-4c88-93db-4ae7898bc0a1@group-B36ABC200B12-FollowerState was interrupted: java.lang.InterruptedException: sleep interrupted
2019-10-31 13:04:20,526 [grpc-default-executor-2] INFO  impl.RoleInfo (RoleInfo.java:updateAndGet(143)) - cfcebab0-3c5e-460b-914c-a75f26ecc6be: start FollowerState
2019-10-31 13:04:20,526 [grpc-default-executor-1] INFO  impl.RoleInfo (RoleInfo.java:updateAndGet(143)) - bb6aa9e0-dd06-4c88-93db-4ae7898bc0a1: start FollowerState
2019-10-31 13:04:20,526 [Thread-196] INFO  impl.FollowerState (FollowerState.java:run(120)) - cfcebab0-3c5e-460b-914c-a75f26ecc6be@group-B36ABC200B12-FollowerState was interrupted: java.lang.InterruptedException: sleep interrupted
2019-10-31 13:04:20,552 [acc98349-19c8-4839-9f32-ec7ab3c247da@group-B36ABC200B12-LeaderElection3] INFO  impl.LeaderElection (LeaderElection.java:logAndReturn(56)) - acc98349-19c8-4839-9f32-ec7ab3c247da@group-B36ABC200B12-LeaderElection3: Election PASSED; received 1 response(s) [acc98349-19c8-4839-9f32-ec7ab3c247da<-cfcebab0-3c5e-460b-914c-a75f26ecc6be#0:OK-t1] and 0 exception(s); acc98349-19c8-4839-9f32-ec7ab3c247da@group-B36ABC200B12:t1, leader=null, voted=acc98349-19c8-4839-9f32-ec7ab3c247da, raftlog=acc98349-19c8-4839-9f32-ec7ab3c247da@group-B36ABC200B12-SegmentedRaftLog:OPENED:c-1,f-1,i0, conf=-1: [cfcebab0-3c5e-460b-914c-a75f26ecc6be:192.168.157.200:44898, bb6aa9e0-dd06-4c88-93db-4ae7898bc0a1:192.168.157.200:45292, acc98349-19c8-4839-9f32-ec7ab3c247da:192.168.157.200:43538], old=null
2019-10-31 13:04:20,552 [acc98349-19c8-4839-9f32-ec7ab3c247da@group-B36ABC200B12-LeaderElection3] INFO  impl.RoleInfo (RoleInfo.java:shutdownLeaderElection(134)) - acc98349-19c8-4839-9f32-ec7ab3c247da: shutdown LeaderElection
2019-10-31 13:04:20,552 [acc98349-19c8-4839-9f32-ec7ab3c247da@group-B36ABC200B12-LeaderElection3] INFO  impl.RaftServerImpl (RaftServerImpl.java:setRole(173)) - acc98349-19c8-4839-9f32-ec7ab3c247da@group-B36ABC200B12: changes role from CANDIDATE to LEADER at term 1 for changeToLeader
2019-10-31 13:04:20,552 [acc98349-19c8-4839-9f32-ec7ab3c247da@group-B36ABC200B12-LeaderElection3] INFO  impl.RaftServerImpl (ServerState.java:setLeader(255)) - acc98349-19c8-4839-9f32-ec7ab3c247da@group-B36ABC200B12: change Leader from null to acc98349-19c8-4839-9f32-ec7ab3c247da at term 1 for becomeLeader, leader elected after 5103ms
2019-10-31 13:04:20,553 [acc98349-19c8-4839-9f32-ec7ab3c247da@group-B36ABC200B12-LeaderElection3] INFO  server.RaftServerConfigKeys (ConfUtils.java:logGet(43)) - raft.server.staging.catchup.gap = 1000 (default)
2019-10-31 13:04:20,553 [acc98349-19c8-4839-9f32-ec7ab3c247da@group-B36ABC200B12-LeaderElection3] INFO  server.RaftServerConfigKeys (ConfUtils.java:logGet(43)) - raft.server.rpc.sleep.time = 25ms (default)
2019-10-31 13:04:20,554 [acc98349-19c8-4839-9f32-ec7ab3c247da@group-B36ABC200B12-LeaderElection3] INFO  server.RaftServerConfigKeys (ConfUtils.java:logGet(43)) - raft.server.write.element-limit = 4096 (default)
2019-10-31 13:04:20,554 [acc98349-19c8-4839-9f32-ec7ab3c247da@group-B36ABC200B12-LeaderElection3] INFO  server.RaftServerConfigKeys (ConfUtils.java:logGet(43)) - raft.server.watch.timeout = 10s (default)
2019-10-31 13:04:20,554 [acc98349-19c8-4839-9f32-ec7ab3c247da@group-B36ABC200B12-LeaderElection3] INFO  server.RaftServerConfigKeys (ConfUtils.java:logGet(43)) - raft.server.watch.timeout.denomination = 1s (default)
2019-10-31 13:04:20,554 [acc98349-19c8-4839-9f32-ec7ab3c247da@group-B36ABC200B12-LeaderElection3] INFO  server.RaftServerConfigKeys (ConfUtils.java:logGet(43)) - raft.server.watch.element-limit = 65536 (default)
2019-10-31 13:04:20,556 [acc98349-19c8-4839-9f32-ec7ab3c247da@group-B36ABC200B12-LeaderElection3] INFO  server.RaftServerConfigKeys (ConfUtils.java:logGet(43)) - raft.server.log.appender.snapshot.chunk.size.max = 16MB (=16777216) (default)
2019-10-31 13:04:20,557 [acc98349-19c8-4839-9f32-ec7ab3c247da@group-B36ABC200B12-LeaderElection3] INFO  server.RaftServerConfigKeys (ConfUtils.java:logGet(43)) - raft.server.log.appender.buffer.byte-limit = 33554432 (custom)
2019-10-31 13:04:20,557 [acc98349-19c8-4839-9f32-ec7ab3c247da@group-B36ABC200B12-LeaderElection3] INFO  server.RaftServerConfigKeys (ConfUtils.java:logGet(43)) - raft.server.log.appender.buffer.element-limit = 1 (custom)
2019-10-31 13:04:20,560 [acc98349-19c8-4839-9f32-ec7ab3c247da@group-B36ABC200B12-LeaderElection3] INFO  grpc.GrpcConfigKeys$Server (ConfUtils.java:logGet(43)) - raft.grpc.server.leader.outstanding.appends.max = 128 (default)
2019-10-31 13:04:20,560 [acc98349-19c8-4839-9f32-ec7ab3c247da@group-B36ABC200B12-LeaderElection3] INFO  server.RaftServerConfigKeys (ConfUtils.java:logGet(43)) - raft.server.rpc.request.timeout = 3000ms (default)
2019-10-31 13:04:20,560 [acc98349-19c8-4839-9f32-ec7ab3c247da@group-B36ABC200B12-LeaderElection3] INFO  server.RaftServerConfigKeys (ConfUtils.java:logGet(43)) - raft.server.log.appender.install.snapshot.enabled = false (custom)
2019-10-31 13:04:20,561 [acc98349-19c8-4839-9f32-ec7ab3c247da@group-B36ABC200B12-LeaderElection3] WARN  impl.MetricRegistriesImpl (MetricRegistriesImpl.java:lambda$create$1(61)) - First MetricRegistry has been created without registering reporters. You may need to call MetricRegistries.global().addReportRegistration(...) before.
2019-10-31 13:04:20,562 [acc98349-19c8-4839-9f32-ec7ab3c247da@group-B36ABC200B12-LeaderElection3] INFO  server.RaftServerConfigKeys (ConfUtils.java:logGet(43)) - raft.server.log.appender.snapshot.chunk.size.max = 16MB (=16777216) (default)
2019-10-31 13:04:20,562 [acc98349-19c8-4839-9f32-ec7ab3c247da@group-B36ABC200B12-LeaderElection3] INFO  server.RaftServerConfigKeys (ConfUtils.java:logGet(43)) - raft.server.log.appender.buffer.byte-limit = 33554432 (custom)
2019-10-31 13:04:20,562 [acc98349-19c8-4839-9f32-ec7ab3c247da@group-B36ABC200B12-LeaderElection3] INFO  server.RaftServerConfigKeys (ConfUtils.java:logGet(43)) - raft.server.log.appender.buffer.element-limit = 1 (custom)
2019-10-31 13:04:20,562 [acc98349-19c8-4839-9f32-ec7ab3c247da@group-B36ABC200B12-LeaderElection3] INFO  grpc.GrpcConfigKeys$Server (ConfUtils.java:logGet(43)) - raft.grpc.server.leader.outstanding.appends.max = 128 (default)
2019-10-31 13:04:20,562 [acc98349-19c8-4839-9f32-ec7ab3c247da@group-B36ABC200B12-LeaderElection3] INFO  server.RaftServerConfigKeys (ConfUtils.java:logGet(43)) - raft.server.rpc.request.timeout = 3000ms (default)
2019-10-31 13:04:20,562 [acc98349-19c8-4839-9f32-ec7ab3c247da@group-B36ABC200B12-LeaderElection3] INFO  server.RaftServerConfigKeys (ConfUtils.java:logGet(43)) - raft.server.log.appender.install.snapshot.enabled = false (custom)
2019-10-31 13:04:20,563 [acc98349-19c8-4839-9f32-ec7ab3c247da@group-B36ABC200B12-LeaderElection3] INFO  impl.RoleInfo (RoleInfo.java:updateAndGet(143)) - acc98349-19c8-4839-9f32-ec7ab3c247da: start LeaderState
2019-10-31 13:04:20,564 [acc98349-19c8-4839-9f32-ec7ab3c247da@group-B36ABC200B12-LeaderElection3] INFO  segmented.SegmentedRaftLogWorker (SegmentedRaftLogWorker.java:startLogSegment(385)) - acc98349-19c8-4839-9f32-ec7ab3c247da@group-B36ABC200B12-SegmentedRaftLogWorker: Starting segment from index:0
2019-10-31 13:04:20,564 [acc98349-19c8-4839-9f32-ec7ab3c247da@group-B36ABC200B12-LeaderElection3] INFO  impl.RaftServerImpl (ServerState.java:setRaftConf(356)) - acc98349-19c8-4839-9f32-ec7ab3c247da@group-B36ABC200B12: set configuration 0: [cfcebab0-3c5e-460b-914c-a75f26ecc6be:192.168.157.200:44898, bb6aa9e0-dd06-4c88-93db-4ae7898bc0a1:192.168.157.200:45292, acc98349-19c8-4839-9f32-ec7ab3c247da:192.168.157.200:43538], old=null at 0
2019-10-31 13:04:20,585 [grpc-default-executor-1] INFO  impl.RaftServerImpl (ServerState.java:setLeader(255)) - bb6aa9e0-dd06-4c88-93db-4ae7898bc0a1@group-B36ABC200B12: change Leader from null to acc98349-19c8-4839-9f32-ec7ab3c247da at term 1 for appendEntries, leader elected after 5136ms
2019-10-31 13:04:20,585 [grpc-default-executor-2] INFO  impl.RaftServerImpl (ServerState.java:setLeader(255)) - cfcebab0-3c5e-460b-914c-a75f26ecc6be@group-B36ABC200B12: change Leader from null to acc98349-19c8-4839-9f32-ec7ab3c247da at term 1 for appendEntries, leader elected after 5136ms
2019-10-31 13:04:20,644 [grpc-default-executor-1] INFO  impl.RaftServerImpl (ServerState.java:setRaftConf(356)) - cfcebab0-3c5e-460b-914c-a75f26ecc6be@group-B36ABC200B12: set configuration 0: [cfcebab0-3c5e-460b-914c-a75f26ecc6be:192.168.157.200:44898, bb6aa9e0-dd06-4c88-93db-4ae7898bc0a1:192.168.157.200:45292, acc98349-19c8-4839-9f32-ec7ab3c247da:192.168.157.200:43538], old=null at 0
2019-10-31 13:04:20,644 [grpc-default-executor-2] INFO  impl.RaftServerImpl (ServerState.java:setRaftConf(356)) - bb6aa9e0-dd06-4c88-93db-4ae7898bc0a1@group-B36ABC200B12: set configuration 0: [cfcebab0-3c5e-460b-914c-a75f26ecc6be:192.168.157.200:44898, bb6aa9e0-dd06-4c88-93db-4ae7898bc0a1:192.168.157.200:45292, acc98349-19c8-4839-9f32-ec7ab3c247da:192.168.157.200:43538], old=null at 0
2019-10-31 13:04:20,644 [grpc-default-executor-1] INFO  segmented.SegmentedRaftLogWorker (SegmentedRaftLogWorker.java:startLogSegment(385)) - cfcebab0-3c5e-460b-914c-a75f26ecc6be@group-B36ABC200B12-SegmentedRaftLogWorker: Starting segment from index:0
2019-10-31 13:04:20,644 [grpc-default-executor-2] INFO  segmented.SegmentedRaftLogWorker (SegmentedRaftLogWorker.java:startLogSegment(385)) - bb6aa9e0-dd06-4c88-93db-4ae7898bc0a1@group-B36ABC200B12-SegmentedRaftLogWorker: Starting segment from index:0
2019-10-31 13:04:20,656 [bb6aa9e0-dd06-4c88-93db-4ae7898bc0a1@group-9812DF355B20-SegmentedRaftLogWorker] INFO  segmented.SegmentedRaftLogWorker (SegmentedRaftLogWorker.java:execute(576)) - bb6aa9e0-dd06-4c88-93db-4ae7898bc0a1@group-9812DF355B20-SegmentedRaftLogWorker: created new log segment /workdir/hadoop-ozone/integration-test/target/test-dir/MiniOzoneClusterImpl-ba86e98e-0b9e-4fbc-a2f2-7e38c2eb387e/datanode-0/data/ratis/a6b7548e-dbb0-418f-8829-9812df355b20/current/log_inprogress_0
2019-10-31 13:04:20,656 [cfcebab0-3c5e-460b-914c-a75f26ecc6be@group-62482CEB9F5F-SegmentedRaftLogWorker] INFO  segmented.SegmentedRaftLogWorker (SegmentedRaftLogWorker.java:execute(576)) - cfcebab0-3c5e-460b-914c-a75f26ecc6be@group-62482CEB9F5F-SegmentedRaftLogWorker: created new log segment /workdir/hadoop-ozone/integration-test/target/test-dir/MiniOzoneClusterImpl-ba86e98e-0b9e-4fbc-a2f2-7e38c2eb387e/datanode-1/data/ratis/4b3d63bb-7a46-438a-a069-62482ceb9f5f/current/log_inprogress_0
2019-10-31 13:04:20,656 [acc98349-19c8-4839-9f32-ec7ab3c247da@group-007D1245C389-SegmentedRaftLogWorker] INFO  segmented.SegmentedRaftLogWorker (SegmentedRaftLogWorker.java:execute(576)) - acc98349-19c8-4839-9f32-ec7ab3c247da@group-007D1245C389-SegmentedRaftLogWorker: created new log segment /workdir/hadoop-ozone/integration-test/target/test-dir/MiniOzoneClusterImpl-ba86e98e-0b9e-4fbc-a2f2-7e38c2eb387e/datanode-2/data/ratis/e6e953ef-ec82-42d5-a888-007d1245c389/current/log_inprogress_0
2019-10-31 13:04:20,656 [acc98349-19c8-4839-9f32-ec7ab3c247da@group-B36ABC200B12-SegmentedRaftLogWorker] INFO  segmented.SegmentedRaftLogWorker (SegmentedRaftLogWorker.java:execute(576)) - acc98349-19c8-4839-9f32-ec7ab3c247da@group-B36ABC200B12-SegmentedRaftLogWorker: created new log segment /workdir/hadoop-ozone/integration-test/target/test-dir/MiniOzoneClusterImpl-ba86e98e-0b9e-4fbc-a2f2-7e38c2eb387e/datanode-2/data/ratis/5381b01c-8196-43cd-825c-b36abc200b12/current/log_inprogress_0
2019-10-31 13:04:20,690 [cfcebab0-3c5e-460b-914c-a75f26ecc6be@group-B36ABC200B12-SegmentedRaftLogWorker] INFO  segmented.SegmentedRaftLogWorker (SegmentedRaftLogWorker.java:execute(576)) - cfcebab0-3c5e-460b-914c-a75f26ecc6be@group-B36ABC200B12-SegmentedRaftLogWorker: created new log segment /workdir/hadoop-ozone/integration-test/target/test-dir/MiniOzoneClusterImpl-ba86e98e-0b9e-4fbc-a2f2-7e38c2eb387e/datanode-1/data/ratis/5381b01c-8196-43cd-825c-b36abc200b12/current/log_inprogress_0
2019-10-31 13:04:20,704 [bb6aa9e0-dd06-4c88-93db-4ae7898bc0a1@group-B36ABC200B12-SegmentedRaftLogWorker] INFO  segmented.SegmentedRaftLogWorker (SegmentedRaftLogWorker.java:execute(576)) - bb6aa9e0-dd06-4c88-93db-4ae7898bc0a1@group-B36ABC200B12-SegmentedRaftLogWorker: created new log segment /workdir/hadoop-ozone/integration-test/target/test-dir/MiniOzoneClusterImpl-ba86e98e-0b9e-4fbc-a2f2-7e38c2eb387e/datanode-0/data/ratis/5381b01c-8196-43cd-825c-b36abc200b12/current/log_inprogress_0
2019-10-31 13:04:21,419 [Datanode State Machine Thread - 0] INFO  statemachine.DatanodeStateMachine (DatanodeStateMachine.java:lambda$startDaemon$0(350)) - Ozone container server started.
2019-10-31 13:04:26,389 [main] INFO  ozoneimpl.OzoneContainer (OzoneContainer.java:stop(227)) - Attempting to stop container services.
2019-10-31 13:04:26,390 [main] INFO  impl.RaftServerProxy (RaftServerProxy.java:lambda$close$4(314)) - cfcebab0-3c5e-460b-914c-a75f26ecc6be: close
2019-10-31 13:04:26,392 [main] INFO  impl.RaftServerImpl (RaftServerImpl.java:lambda$shutdown$3(250)) - cfcebab0-3c5e-460b-914c-a75f26ecc6be@group-B36ABC200B12: shutdown
2019-10-31 13:04:26,392 [ForkJoinPool.commonPool-worker-1] INFO  impl.RaftServerImpl (RaftServerImpl.java:lambda$shutdown$3(250)) - cfcebab0-3c5e-460b-914c-a75f26ecc6be@group-62482CEB9F5F: shutdown
2019-10-31 13:04:26,393 [main] INFO  util.JmxRegister (JmxRegister.java:unregister(73)) - Successfully un-registered JMX Bean with object name Ratis:service=RaftServer,group=group-B36ABC200B12,id=cfcebab0-3c5e-460b-914c-a75f26ecc6be
2019-10-31 13:04:26,393 [ForkJoinPool.commonPool-worker-1] INFO  util.JmxRegister (JmxRegister.java:unregister(73)) - Successfully un-registered JMX Bean with object name Ratis:service=RaftServer,group=group-62482CEB9F5F,id=cfcebab0-3c5e-460b-914c-a75f26ecc6be
2019-10-31 13:04:26,393 [main] INFO  impl.RoleInfo (RoleInfo.java:shutdownFollowerState(121)) - cfcebab0-3c5e-460b-914c-a75f26ecc6be: shutdown FollowerState
2019-10-31 13:04:26,393 [ForkJoinPool.commonPool-worker-1] INFO  impl.RoleInfo (RoleInfo.java:shutdownLeaderState(104)) - cfcebab0-3c5e-460b-914c-a75f26ecc6be: shutdown LeaderState
2019-10-31 13:04:26,394 [main] INFO  impl.StateMachineUpdater (StateMachineUpdater.java:stopAndJoin(136)) - cfcebab0-3c5e-460b-914c-a75f26ecc6be@group-B36ABC200B12-StateMachineUpdater: set stopIndex = 4
2019-10-31 13:04:26,394 [Thread-241] INFO  impl.FollowerState (FollowerState.java:run(120)) - cfcebab0-3c5e-460b-914c-a75f26ecc6be@group-B36ABC200B12-FollowerState was interrupted: java.lang.InterruptedException: sleep interrupted
2019-10-31 13:04:26,394 [cfcebab0-3c5e-460b-914c-a75f26ecc6be@group-B36ABC200B12-StateMachineUpdater] INFO  ratis.ContainerStateMachine (ContainerStateMachine.java:takeSnapshot(294)) - group-B36ABC200B12: Taking a snapshot at:(t:1, i:3) file /workdir/hadoop-ozone/integration-test/target/test-dir/MiniOzoneClusterImpl-ba86e98e-0b9e-4fbc-a2f2-7e38c2eb387e/datanode-1/data/ratis/5381b01c-8196-43cd-825c-b36abc200b12/sm/snapshot.1_3
2019-10-31 13:04:26,397 [ForkJoinPool.commonPool-worker-1] INFO  impl.PendingRequests (PendingRequests.java:sendNotLeaderResponses(206)) - cfcebab0-3c5e-460b-914c-a75f26ecc6be@group-62482CEB9F5F-PendingRequests: sendNotLeaderResponses
2019-10-31 13:04:26,399 [ForkJoinPool.commonPool-worker-1] INFO  impl.StateMachineUpdater (StateMachineUpdater.java:stopAndJoin(136)) - cfcebab0-3c5e-460b-914c-a75f26ecc6be@group-62482CEB9F5F-StateMachineUpdater: set stopIndex = 0
2019-10-31 13:04:26,402 [ForkJoinPool.commonPool-worker-1] INFO  impl.RaftServerImpl (ServerState.java:close(387)) - cfcebab0-3c5e-460b-914c-a75f26ecc6be@group-62482CEB9F5F: closes. applyIndex: 0
2019-10-31 13:04:26,404 [cfcebab0-3c5e-460b-914c-a75f26ecc6be@group-62482CEB9F5F-SegmentedRaftLogWorker] INFO  segmented.SegmentedRaftLogWorker (SegmentedRaftLogWorker.java:run(316)) - cfcebab0-3c5e-460b-914c-a75f26ecc6be@group-62482CEB9F5F-SegmentedRaftLogWorker was interrupted, exiting. There are 0 tasks remaining in the queue.
2019-10-31 13:04:26,406 [ForkJoinPool.commonPool-worker-1] INFO  segmented.SegmentedRaftLogWorker (SegmentedRaftLogWorker.java:close(224)) - cfcebab0-3c5e-460b-914c-a75f26ecc6be@group-62482CEB9F5F-SegmentedRaftLogWorker close()
2019-10-31 13:04:26,521 [cfcebab0-3c5e-460b-914c-a75f26ecc6be@group-B36ABC200B12-StateMachineUpdater] INFO  ratis.ContainerStateMachine (ContainerStateMachine.java:takeSnapshot(305)) - group-B36ABC200B12: Finished taking a snapshot at:(t:1, i:3) file:/workdir/hadoop-ozone/integration-test/target/test-dir/MiniOzoneClusterImpl-ba86e98e-0b9e-4fbc-a2f2-7e38c2eb387e/datanode-1/data/ratis/5381b01c-8196-43cd-825c-b36abc200b12/sm/snapshot.1_3 time:126
2019-10-31 13:04:26,522 [cfcebab0-3c5e-460b-914c-a75f26ecc6be@group-B36ABC200B12-StateMachineUpdater] INFO  impl.StateMachineUpdater (StateMachineUpdater.java:takeSnapshot(269)) - cfcebab0-3c5e-460b-914c-a75f26ecc6be@group-B36ABC200B12-StateMachineUpdater: Took a snapshot at index 3
2019-10-31 13:04:26,522 [cfcebab0-3c5e-460b-914c-a75f26ecc6be@group-B36ABC200B12-StateMachineUpdater] INFO  impl.StateMachineUpdater (StateMachineUpdater.java:lambda$new$0(84)) - cfcebab0-3c5e-460b-914c-a75f26ecc6be@group-B36ABC200B12-StateMachineUpdater: snapshotIndex: updateIncreasingly -1 -> 3
2019-10-31 13:04:26,525 [cfcebab0-3c5e-460b-914c-a75f26ecc6be@group-B36ABC200B12-StateMachineUpdater] INFO  ratis.ContainerStateMachine (ContainerStateMachine.java:takeSnapshot(294)) - group-B36ABC200B12: Taking a snapshot at:(t:1, i:3) file /workdir/hadoop-ozone/integration-test/target/test-dir/MiniOzoneClusterImpl-ba86e98e-0b9e-4fbc-a2f2-7e38c2eb387e/datanode-1/data/ratis/5381b01c-8196-43cd-825c-b36abc200b12/sm/snapshot.1_3
2019-10-31 13:04:26,538 [cfcebab0-3c5e-460b-914c-a75f26ecc6be@group-B36ABC200B12-StateMachineUpdater] INFO  ratis.ContainerStateMachine (ContainerStateMachine.java:takeSnapshot(305)) - group-B36ABC200B12: Finished taking a snapshot at:(t:1, i:3) file:/workdir/hadoop-ozone/integration-test/target/test-dir/MiniOzoneClusterImpl-ba86e98e-0b9e-4fbc-a2f2-7e38c2eb387e/datanode-1/data/ratis/5381b01c-8196-43cd-825c-b36abc200b12/sm/snapshot.1_3 time:12
2019-10-31 13:04:26,538 [cfcebab0-3c5e-460b-914c-a75f26ecc6be@group-B36ABC200B12-StateMachineUpdater] INFO  impl.StateMachineUpdater (StateMachineUpdater.java:takeSnapshot(269)) - cfcebab0-3c5e-460b-914c-a75f26ecc6be@group-B36ABC200B12-StateMachineUpdater: Took a snapshot at index 3
2019-10-31 13:04:26,538 [cfcebab0-3c5e-460b-914c-a75f26ecc6be@group-B36ABC200B12-StateMachineUpdater] INFO  impl.StateMachineUpdater (StateMachineUpdater.java:lambda$new$0(84)) - cfcebab0-3c5e-460b-914c-a75f26ecc6be@group-B36ABC200B12-StateMachineUpdater: snapshotIndex: updateIncreasingly 3 -> 3
2019-10-31 13:04:26,538 [main] INFO  impl.RaftServerImpl (ServerState.java:close(387)) - cfcebab0-3c5e-460b-914c-a75f26ecc6be@group-B36ABC200B12: closes. applyIndex: 4
2019-10-31 13:04:26,539 [cfcebab0-3c5e-460b-914c-a75f26ecc6be@group-B36ABC200B12-SegmentedRaftLogWorker] INFO  segmented.SegmentedRaftLogWorker (SegmentedRaftLogWorker.java:run(316)) - cfcebab0-3c5e-460b-914c-a75f26ecc6be@group-B36ABC200B12-SegmentedRaftLogWorker was interrupted, exiting. There are 0 tasks remaining in the queue.
2019-10-31 13:04:26,541 [main] INFO  segmented.SegmentedRaftLogWorker (SegmentedRaftLogWorker.java:close(224)) - cfcebab0-3c5e-460b-914c-a75f26ecc6be@group-B36ABC200B12-SegmentedRaftLogWorker close()
2019-10-31 13:04:26,543 [main] INFO  server.GrpcService (GrpcService.java:closeImpl(164)) - cfcebab0-3c5e-460b-914c-a75f26ecc6be: shutdown server with port 44898 now
2019-10-31 13:04:26,551 [main] INFO  server.GrpcService (GrpcService.java:closeImpl(172)) - cfcebab0-3c5e-460b-914c-a75f26ecc6be: shutdown server with port 44898 successfully
2019-10-31 13:04:26,551 [grpc-default-executor-1] WARN  server.GrpcServerProtocolService (LogUtils.java:warn(134)) - cfcebab0-3c5e-460b-914c-a75f26ecc6be: installSnapshot onError, lastRequest: acc98349-19c8-4839-9f32-ec7ab3c247da->cfcebab0-3c5e-460b-914c-a75f26ecc6be#7-t1, previous=(t:1, i:4), leaderCommit=4, initializing? false, entries: <empty>: org.apache.ratis.thirdparty.io.grpc.StatusRuntimeException: CANCELLED: cancelled before receiving half close
2019-10-31 13:04:26,553 [grpc-default-executor-2] WARN  server.GrpcLogAppender (LogUtils.java:warn(134)) - acc98349-19c8-4839-9f32-ec7ab3c247da@group-B36ABC200B12->cfcebab0-3c5e-460b-914c-a75f26ecc6be-AppendLogResponseHandler: Failed appendEntries: org.apache.ratis.thirdparty.io.grpc.StatusRuntimeException: CANCELLED: HTTP/2 error code: CANCEL
Received Rst Stream
2019-10-31 13:04:26,555 [refreshUsed-/workdir/hadoop-ozone/integration-test/target/test-dir/MiniOzoneClusterImpl-ba86e98e-0b9e-4fbc-a2f2-7e38c2eb387e/datanode-1/data/containers] WARN  fs.CachingGetSpaceUsed (CachingGetSpaceUsed.java:run(183)) - Thread Interrupted waiting to refresh disk information: sleep interrupted
2019-10-31 13:04:26,581 [main] INFO  utils.BackgroundService (BackgroundService.java:shutdown(151)) - Shutting down service BlockDeletingService
2019-10-31 13:04:26,585 [main] INFO  statemachine.DatanodeStateMachine (DatanodeStateMachine.java:stopDaemon(395)) - Ozone container server stopped.
2019-10-31 13:04:26,591 [main] INFO  handler.ContextHandler (ContextHandler.java:doStop(910)) - Stopped o.e.j.w.WebAppContext@2f37f1f9{/,null,UNAVAILABLE}{/hddsDatanode}
2019-10-31 13:04:26,597 [main] INFO  server.AbstractConnector (AbstractConnector.java:doStop(318)) - Stopped ServerConnector@3374b5bc{HTTP/1.1,[http/1.1]}{0.0.0.0:0}
2019-10-31 13:04:26,597 [main] INFO  handler.ContextHandler (ContextHandler.java:doStop(910)) - Stopped o.e.j.s.ServletContextHandler@78d6447a{/static,jar:file:/home/user/.m2/repository/org/apache/hadoop/hadoop-hdds-container-service/0.5.0-SNAPSHOT/hadoop-hdds-container-service-0.5.0-SNAPSHOT.jar!/webapps/static,UNAVAILABLE}
2019-10-31 13:04:26,597 [main] INFO  handler.ContextHandler (ContextHandler.java:doStop(910)) - Stopped o.e.j.s.ServletContextHandler@38bb9d7a{/logs,file:///workdir/hadoop-ozone/integration-test/target/log,UNAVAILABLE}
2019-10-31 13:04:29,604 [java.util.concurrent.ThreadPoolExecutor$Worker@79e4e00a[State = -1, empty queue]] WARN  server.GrpcLogAppender (GrpcLogAppender.java:timeoutAppendRequest(209)) - acc98349-19c8-4839-9f32-ec7ab3c247da@group-B36ABC200B12->cfcebab0-3c5e-460b-914c-a75f26ecc6be-GrpcLogAppender: appendEntries Timeout, request=acc98349-19c8-4839-9f32-ec7ab3c247da->cfcebab0-3c5e-460b-914c-a75f26ecc6be#8-t1, previous=(t:1, i:4), leaderCommit=4, initializing? false, entries: size=1, first=(t:1, i:5), STATEMACHINELOGENTRY, client-E8694136A95C, cid=8
2019-10-31 13:04:29,606 [java.util.concurrent.ThreadPoolExecutor$Worker@79e4e00a[State = -1, empty queue]] WARN  server.GrpcLogAppender (GrpcLogAppender.java:timeoutAppendRequest(209)) - acc98349-19c8-4839-9f32-ec7ab3c247da@group-B36ABC200B12->cfcebab0-3c5e-460b-914c-a75f26ecc6be-GrpcLogAppender: appendEntries Timeout, request=acc98349-19c8-4839-9f32-ec7ab3c247da->cfcebab0-3c5e-460b-914c-a75f26ecc6be#9-t1, previous=(t:1, i:5), leaderCommit=4, initializing? false, entries: size=1, first=(t:1, i:6), STATEMACHINELOGENTRY, client-E8694136A95C, cid=9
2019-10-31 13:04:29,621 [java.util.concurrent.ThreadPoolExecutor$Worker@79e4e00a[State = -1, empty queue]] WARN  server.GrpcLogAppender (GrpcLogAppender.java:timeoutAppendRequest(209)) - acc98349-19c8-4839-9f32-ec7ab3c247da@group-B36ABC200B12->cfcebab0-3c5e-460b-914c-a75f26ecc6be-GrpcLogAppender: appendEntries Timeout, request=acc98349-19c8-4839-9f32-ec7ab3c247da->cfcebab0-3c5e-460b-914c-a75f26ecc6be#10-t1, previous=(t:1, i:6), leaderCommit=6, initializing? false, entries: size=1, first=(t:1, i:7), METADATAENTRY(c5)
2019-10-31 13:04:29,621 [java.util.concurrent.ThreadPoolExecutor$Worker@79e4e00a[State = -1, empty queue]] WARN  server.GrpcLogAppender (GrpcLogAppender.java:timeoutAppendRequest(209)) - acc98349-19c8-4839-9f32-ec7ab3c247da@group-B36ABC200B12->cfcebab0-3c5e-460b-914c-a75f26ecc6be-GrpcLogAppender: appendEntries Timeout, request=acc98349-19c8-4839-9f32-ec7ab3c247da->cfcebab0-3c5e-460b-914c-a75f26ecc6be#11-t1, previous=(t:1, i:7), leaderCommit=6, initializing? false, entries: size=1, first=(t:1, i:8), METADATAENTRY(c6)
2019-10-31 13:04:32,125 [java.util.concurrent.ThreadPoolExecutor$Worker@79e4e00a[State = -1, empty queue]] WARN  server.GrpcLogAppender (GrpcLogAppender.java:timeoutAppendRequest(209)) - acc98349-19c8-4839-9f32-ec7ab3c247da@group-B36ABC200B12->cfcebab0-3c5e-460b-914c-a75f26ecc6be-GrpcLogAppender: appendEntries Timeout, request=acc98349-19c8-4839-9f32-ec7ab3c247da->cfcebab0-3c5e-460b-914c-a75f26ecc6be#12-t1, previous=(t:1, i:8), leaderCommit=8, initializing? false, entries: <empty>
2019-10-31 13:04:34,624 [java.util.concurrent.ThreadPoolExecutor$Worker@79e4e00a[State = -1, empty queue]] WARN  server.GrpcLogAppender (GrpcLogAppender.java:timeoutAppendRequest(209)) - acc98349-19c8-4839-9f32-ec7ab3c247da@group-B36ABC200B12->cfcebab0-3c5e-460b-914c-a75f26ecc6be-GrpcLogAppender: appendEntries Timeout, request=acc98349-19c8-4839-9f32-ec7ab3c247da->cfcebab0-3c5e-460b-914c-a75f26ecc6be#13-t1, previous=(t:1, i:8), leaderCommit=8, initializing? false, entries: <empty>
2019-10-31 13:04:35,651 [Thread-287] INFO  client.GrpcClientProtocolService (GrpcClientProtocolService.java:lambda$processClientRequest$0(279)) - Failed RaftClientRequest:client-E8694136A95C->bb6aa9e0-dd06-4c88-93db-4ae7898bc0a1@group-B36ABC200B12, cid=10, seq=0, Watch-ALL_COMMITTED(6), Message:<EMPTY>, reply=RaftClientReply:client-E8694136A95C->bb6aa9e0-dd06-4c88-93db-4ae7898bc0a1@group-B36ABC200B12, cid=10, FAILED org.apache.ratis.protocol.NotLeaderException: Server bb6aa9e0-dd06-4c88-93db-4ae7898bc0a1@group-B36ABC200B12 is not the leader acc98349-19c8-4839-9f32-ec7ab3c247da:192.168.157.200:43538, logIndex=0, commits[bb6aa9e0-dd06-4c88-93db-4ae7898bc0a1:c8, cfcebab0-3c5e-460b-914c-a75f26ecc6be:c4, acc98349-19c8-4839-9f32-ec7ab3c247da:c8]
2019-10-31 13:04:37,126 [java.util.concurrent.ThreadPoolExecutor$Worker@79e4e00a[State = -1, empty queue]] WARN  server.GrpcLogAppender (GrpcLogAppender.java:timeoutAppendRequest(209)) - acc98349-19c8-4839-9f32-ec7ab3c247da@group-B36ABC200B12->cfcebab0-3c5e-460b-914c-a75f26ecc6be-GrpcLogAppender: appendEntries Timeout, request=acc98349-19c8-4839-9f32-ec7ab3c247da->cfcebab0-3c5e-460b-914c-a75f26ecc6be#14-t1, previous=(t:1, i:8), leaderCommit=8, initializing? false, entries: <empty>
2019-10-31 13:04:37,587 [Thread-291] INFO  client.GrpcClientProtocolService (GrpcClientProtocolService.java:lambda$processClientRequest$0(279)) - Failed RaftClientRequest:client-E8694136A95C->acc98349-19c8-4839-9f32-ec7ab3c247da@group-B36ABC200B12, cid=10, seq=0, Watch-ALL_COMMITTED(6), Message:<EMPTY>, reply=RaftClientReply:client-E8694136A95C->acc98349-19c8-4839-9f32-ec7ab3c247da@group-B36ABC200B12, cid=10, FAILED org.apache.ratis.protocol.NotReplicatedException: Request with call Id 10 and log index 6 is not yet replicated to ALL_COMMITTED, logIndex=6, commits[acc98349-19c8-4839-9f32-ec7ab3c247da:c8, cfcebab0-3c5e-460b-914c-a75f26ecc6be:c4, bb6aa9e0-dd06-4c88-93db-4ae7898bc0a1:c8]
2019-10-31 13:04:39,627 [java.util.concurrent.ThreadPoolExecutor$Worker@79e4e00a[State = -1, empty queue]] WARN  server.GrpcLogAppender (GrpcLogAppender.java:timeoutAppendRequest(209)) - acc98349-19c8-4839-9f32-ec7ab3c247da@group-B36ABC200B12->cfcebab0-3c5e-460b-914c-a75f26ecc6be-GrpcLogAppender: appendEntries Timeout, request=acc98349-19c8-4839-9f32-ec7ab3c247da->cfcebab0-3c5e-460b-914c-a75f26ecc6be#15-t1, previous=(t:1, i:8), leaderCommit=8, initializing? false, entries: <empty>
2019-10-31 13:04:42,128 [java.util.concurrent.ThreadPoolExecutor$Worker@79e4e00a[State = -1, empty queue]] WARN  server.GrpcLogAppender (GrpcLogAppender.java:timeoutAppendRequest(209)) - acc98349-19c8-4839-9f32-ec7ab3c247da@group-B36ABC200B12->cfcebab0-3c5e-460b-914c-a75f26ecc6be-GrpcLogAppender: appendEntries Timeout, request=acc98349-19c8-4839-9f32-ec7ab3c247da->cfcebab0-3c5e-460b-914c-a75f26ecc6be#16-t1, previous=(t:1, i:8), leaderCommit=8, initializing? false, entries: <empty>
2019-10-31 13:04:44,628 [java.util.concurrent.ThreadPoolExecutor$Worker@79e4e00a[State = -1, empty queue]] WARN  server.GrpcLogAppender (GrpcLogAppender.java:timeoutAppendRequest(209)) - acc98349-19c8-4839-9f32-ec7ab3c247da@group-B36ABC200B12->cfcebab0-3c5e-460b-914c-a75f26ecc6be-GrpcLogAppender: appendEntries Timeout, request=acc98349-19c8-4839-9f32-ec7ab3c247da->cfcebab0-3c5e-460b-914c-a75f26ecc6be#17-t1, previous=(t:1, i:8), leaderCommit=8, initializing? false, entries: <empty>
2019-10-31 13:04:44,680 [Thread-297] INFO  client.GrpcClientProtocolService (GrpcClientProtocolService.java:lambda$processClientRequest$0(279)) - Failed RaftClientRequest:client-E8694136A95C->bb6aa9e0-dd06-4c88-93db-4ae7898bc0a1@group-B36ABC200B12, cid=10, seq=0, Watch-ALL_COMMITTED(6), Message:<EMPTY>, reply=RaftClientReply:client-E8694136A95C->bb6aa9e0-dd06-4c88-93db-4ae7898bc0a1@group-B36ABC200B12, cid=10, FAILED org.apache.ratis.protocol.NotLeaderException: Server bb6aa9e0-dd06-4c88-93db-4ae7898bc0a1@group-B36ABC200B12 is not the leader acc98349-19c8-4839-9f32-ec7ab3c247da:192.168.157.200:43538, logIndex=0, commits[bb6aa9e0-dd06-4c88-93db-4ae7898bc0a1:c8, cfcebab0-3c5e-460b-914c-a75f26ecc6be:c4, acc98349-19c8-4839-9f32-ec7ab3c247da:c8]
2019-10-31 13:04:46,586 [Thread-300] INFO  client.GrpcClientProtocolService (GrpcClientProtocolService.java:lambda$processClientRequest$0(279)) - Failed RaftClientRequest:client-E8694136A95C->acc98349-19c8-4839-9f32-ec7ab3c247da@group-B36ABC200B12, cid=10, seq=0, Watch-ALL_COMMITTED(6), Message:<EMPTY>, reply=RaftClientReply:client-E8694136A95C->acc98349-19c8-4839-9f32-ec7ab3c247da@group-B36ABC200B12, cid=10, FAILED org.apache.ratis.protocol.NotReplicatedException: Request with call Id 10 and log index 6 is not yet replicated to ALL_COMMITTED, logIndex=6, commits[acc98349-19c8-4839-9f32-ec7ab3c247da:c8, cfcebab0-3c5e-460b-914c-a75f26ecc6be:c4, bb6aa9e0-dd06-4c88-93db-4ae7898bc0a1:c8]
2019-10-31 13:04:47,129 [java.util.concurrent.ThreadPoolExecutor$Worker@79e4e00a[State = -1, empty queue]] WARN  server.GrpcLogAppender (GrpcLogAppender.java:timeoutAppendRequest(209)) - acc98349-19c8-4839-9f32-ec7ab3c247da@group-B36ABC200B12->cfcebab0-3c5e-460b-914c-a75f26ecc6be-GrpcLogAppender: appendEntries Timeout, request=acc98349-19c8-4839-9f32-ec7ab3c247da->cfcebab0-3c5e-460b-914c-a75f26ecc6be#18-t1, previous=(t:1, i:8), leaderCommit=8, initializing? false, entries: <empty>
2019-10-31 13:04:49,632 [java.util.concurrent.ThreadPoolExecutor$Worker@79e4e00a[State = -1, empty queue]] WARN  server.GrpcLogAppender (GrpcLogAppender.java:timeoutAppendRequest(209)) - acc98349-19c8-4839-9f32-ec7ab3c247da@group-B36ABC200B12->cfcebab0-3c5e-460b-914c-a75f26ecc6be-GrpcLogAppender: appendEntries Timeout, request=acc98349-19c8-4839-9f32-ec7ab3c247da->cfcebab0-3c5e-460b-914c-a75f26ecc6be#19-t1, previous=(t:1, i:8), leaderCommit=8, initializing? false, entries: <empty>
2019-10-31 13:04:52,134 [java.util.concurrent.ThreadPoolExecutor$Worker@79e4e00a[State = -1, empty queue]] WARN  server.GrpcLogAppender (GrpcLogAppender.java:timeoutAppendRequest(209)) - acc98349-19c8-4839-9f32-ec7ab3c247da@group-B36ABC200B12->cfcebab0-3c5e-460b-914c-a75f26ecc6be-GrpcLogAppender: appendEntries Timeout, request=acc98349-19c8-4839-9f32-ec7ab3c247da->cfcebab0-3c5e-460b-914c-a75f26ecc6be#20-t1, previous=(t:1, i:8), leaderCommit=8, initializing? false, entries: <empty>
2019-10-31 13:04:54,638 [java.util.concurrent.ThreadPoolExecutor$Worker@79e4e00a[State = -1, empty queue]] WARN  server.GrpcLogAppender (GrpcLogAppender.java:timeoutAppendRequest(209)) - acc98349-19c8-4839-9f32-ec7ab3c247da@group-B36ABC200B12->cfcebab0-3c5e-460b-914c-a75f26ecc6be-GrpcLogAppender: appendEntries Timeout, request=acc98349-19c8-4839-9f32-ec7ab3c247da->cfcebab0-3c5e-460b-914c-a75f26ecc6be#21-t1, previous=(t:1, i:8), leaderCommit=8, initializing? false, entries: <empty>
2019-10-31 13:04:54,751 [Thread-309] INFO  client.GrpcClientProtocolService (GrpcClientProtocolService.java:lambda$processClientRequest$0(279)) - Failed RaftClientRequest:client-E8694136A95C->bb6aa9e0-dd06-4c88-93db-4ae7898bc0a1@group-B36ABC200B12, cid=10, seq=0, Watch-ALL_COMMITTED(6), Message:<EMPTY>, reply=RaftClientReply:client-E8694136A95C->bb6aa9e0-dd06-4c88-93db-4ae7898bc0a1@group-B36ABC200B12, cid=10, FAILED org.apache.ratis.protocol.NotLeaderException: Server bb6aa9e0-dd06-4c88-93db-4ae7898bc0a1@group-B36ABC200B12 is not the leader acc98349-19c8-4839-9f32-ec7ab3c247da:192.168.157.200:43538, logIndex=0, commits[bb6aa9e0-dd06-4c88-93db-4ae7898bc0a1:c8, cfcebab0-3c5e-460b-914c-a75f26ecc6be:c4, acc98349-19c8-4839-9f32-ec7ab3c247da:c8]
2019-10-31 13:04:55,585 [Thread-312] INFO  client.GrpcClientProtocolService (GrpcClientProtocolService.java:lambda$processClientRequest$0(279)) - Failed RaftClientRequest:client-E8694136A95C->acc98349-19c8-4839-9f32-ec7ab3c247da@group-B36ABC200B12, cid=10, seq=0, Watch-ALL_COMMITTED(6), Message:<EMPTY>, reply=RaftClientReply:client-E8694136A95C->acc98349-19c8-4839-9f32-ec7ab3c247da@group-B36ABC200B12, cid=10, FAILED org.apache.ratis.protocol.NotReplicatedException: Request with call Id 10 and log index 6 is not yet replicated to ALL_COMMITTED, logIndex=6, commits[acc98349-19c8-4839-9f32-ec7ab3c247da:c8, cfcebab0-3c5e-460b-914c-a75f26ecc6be:c4, bb6aa9e0-dd06-4c88-93db-4ae7898bc0a1:c8]
2019-10-31 13:04:56,634 [main] WARN  scm.XceiverClientRatis (XceiverClientRatis.java:watchForCommit(277)) - 3 way commit failed on pipeline Pipeline[ Id: 5381b01c-8196-43cd-825c-b36abc200b12, Nodes: acc98349-19c8-4839-9f32-ec7ab3c247da{ip: 192.168.157.200, host: pr-hdds-1701-2k7ks-937105442, networkLocation: /default-rack, certSerialId: null}bb6aa9e0-dd06-4c88-93db-4ae7898bc0a1{ip: 192.168.157.200, host: pr-hdds-1701-2k7ks-937105442, networkLocation: /default-rack, certSerialId: null}cfcebab0-3c5e-460b-914c-a75f26ecc6be{ip: 192.168.157.200, host: pr-hdds-1701-2k7ks-937105442, networkLocation: /default-rack, certSerialId: null}, Type:RATIS, Factor:THREE, State:OPEN]
java.util.concurrent.TimeoutException
	at java.util.concurrent.CompletableFuture.timedGet(CompletableFuture.java:1771)
	at java.util.concurrent.CompletableFuture.get(CompletableFuture.java:1915)
	at org.apache.hadoop.hdds.scm.XceiverClientRatis.watchForCommit(XceiverClientRatis.java:274)
	at org.apache.hadoop.hdds.scm.storage.CommitWatcher.watchForCommit(CommitWatcher.java:198)
	at org.apache.hadoop.hdds.scm.storage.CommitWatcher.watchOnLastIndex(CommitWatcher.java:161)
	at org.apache.hadoop.hdds.scm.storage.BlockOutputStream.watchForCommit(BlockOutputStream.java:346)
	at org.apache.hadoop.hdds.scm.storage.BlockOutputStream.handleFlush(BlockOutputStream.java:482)
	at org.apache.hadoop.hdds.scm.storage.BlockOutputStream.close(BlockOutputStream.java:496)
	at org.apache.hadoop.ozone.client.io.BlockOutputStreamEntry.close(BlockOutputStreamEntry.java:143)
	at org.apache.hadoop.ozone.client.io.KeyOutputStream.handleFlushOrClose(KeyOutputStream.java:435)
	at org.apache.hadoop.ozone.client.io.KeyOutputStream.close(KeyOutputStream.java:473)
	at org.apache.hadoop.ozone.client.io.OzoneOutputStream.close(OzoneOutputStream.java:60)
	at org.apache.hadoop.ozone.client.rpc.TestDeleteWithSlowFollower.testDeleteKeyWithSlowFollower(TestDeleteWithSlowFollower.java:193)
	at sun.reflect.NativeMethodAccessorImpl.invoke0(Native Method)
	at sun.reflect.NativeMethodAccessorImpl.invoke(NativeMethodAccessorImpl.java:62)
	at sun.reflect.DelegatingMethodAccessorImpl.invoke(DelegatingMethodAccessorImpl.java:43)
	at java.lang.reflect.Method.invoke(Method.java:498)
	at org.junit.runners.model.FrameworkMethod$1.runReflectiveCall(FrameworkMethod.java:47)
	at org.junit.internal.runners.model.ReflectiveCallable.run(ReflectiveCallable.java:12)
	at org.junit.runners.model.FrameworkMethod.invokeExplosively(FrameworkMethod.java:44)
	at org.junit.internal.runners.statements.InvokeMethod.evaluate(InvokeMethod.java:17)
	at org.junit.runners.ParentRunner.runLeaf(ParentRunner.java:271)
	at org.junit.runners.BlockJUnit4ClassRunner.runChild(BlockJUnit4ClassRunner.java:70)
	at org.junit.runners.BlockJUnit4ClassRunner.runChild(BlockJUnit4ClassRunner.java:50)
	at org.junit.runners.ParentRunner$3.run(ParentRunner.java:238)
	at org.junit.runners.ParentRunner$1.schedule(ParentRunner.java:63)
	at org.junit.runners.ParentRunner.runChildren(ParentRunner.java:236)
	at org.junit.runners.ParentRunner.access$000(ParentRunner.java:53)
	at org.junit.runners.ParentRunner$2.evaluate(ParentRunner.java:229)
	at org.junit.internal.runners.statements.RunBefores.evaluate(RunBefores.java:26)
	at org.junit.internal.runners.statements.RunAfters.evaluate(RunAfters.java:27)
	at org.junit.runners.ParentRunner.run(ParentRunner.java:309)
	at org.apache.maven.surefire.junit4.JUnit4Provider.execute(JUnit4Provider.java:365)
	at org.apache.maven.surefire.junit4.JUnit4Provider.executeWithRerun(JUnit4Provider.java:273)
	at org.apache.maven.surefire.junit4.JUnit4Provider.executeTestSet(JUnit4Provider.java:238)
	at org.apache.maven.surefire.junit4.JUnit4Provider.invoke(JUnit4Provider.java:159)
	at org.apache.maven.surefire.booter.ForkedBooter.invokeProviderInSameClassLoader(ForkedBooter.java:384)
	at org.apache.maven.surefire.booter.ForkedBooter.runSuitesInProcess(ForkedBooter.java:345)
	at org.apache.maven.surefire.booter.ForkedBooter.execute(ForkedBooter.java:126)
	at org.apache.maven.surefire.booter.ForkedBooter.main(ForkedBooter.java:418)
2019-10-31 13:04:56,653 [main] INFO  scm.XceiverClientRatis (XceiverClientRatis.java:lambda$watchForCommit$5(295)) - Could not commit index 6 on pipeline Pipeline[ Id: 5381b01c-8196-43cd-825c-b36abc200b12, Nodes: acc98349-19c8-4839-9f32-ec7ab3c247da{ip: 192.168.157.200, host: pr-hdds-1701-2k7ks-937105442, networkLocation: /default-rack, certSerialId: null}bb6aa9e0-dd06-4c88-93db-4ae7898bc0a1{ip: 192.168.157.200, host: pr-hdds-1701-2k7ks-937105442, networkLocation: /default-rack, certSerialId: null}cfcebab0-3c5e-460b-914c-a75f26ecc6be{ip: 192.168.157.200, host: pr-hdds-1701-2k7ks-937105442, networkLocation: /default-rack, certSerialId: null}, Type:RATIS, Factor:THREE, State:OPEN] to all the nodes. Server cfcebab0-3c5e-460b-914c-a75f26ecc6be has failed. Committed by majority.
2019-10-31 13:04:56,654 [main] WARN  storage.BlockOutputStream (BlockOutputStream.java:watchForCommit(352)) - Failed to commit BlockId conID: 1 locID: 103057133184024576 bcsId: 6 on Pipeline[ Id: 5381b01c-8196-43cd-825c-b36abc200b12, Nodes: acc98349-19c8-4839-9f32-ec7ab3c247da{ip: 192.168.157.200, host: pr-hdds-1701-2k7ks-937105442, networkLocation: /default-rack, certSerialId: null}bb6aa9e0-dd06-4c88-93db-4ae7898bc0a1{ip: 192.168.157.200, host: pr-hdds-1701-2k7ks-937105442, networkLocation: /default-rack, certSerialId: null}cfcebab0-3c5e-460b-914c-a75f26ecc6be{ip: 192.168.157.200, host: pr-hdds-1701-2k7ks-937105442, networkLocation: /default-rack, certSerialId: null}, Type:RATIS, Factor:THREE, State:OPEN]. Failed nodes: [cfcebab0-3c5e-460b-914c-a75f26ecc6be{ip: null, host: null, networkLocation: /default-rack, certSerialId: null}]
2019-10-31 13:04:56,759 [EventQueue-IncrementalContainerReportForIncrementalContainerReportHandler] WARN  container.IncrementalContainerReportHandler (AbstractContainerReportHandler.java:updateContainerState(145)) - Container #1 is in OPEN state, but the datanode acc98349-19c8-4839-9f32-ec7ab3c247da{ip: 192.168.157.200, host: pr-hdds-1701-2k7ks-937105442, networkLocation: /default-rack, certSerialId: null} reports an CLOSING replica.
2019-10-31 13:04:56,769 [RatisApplyTransactionExecutor 1] INFO  interfaces.Container (KeyValueContainer.java:flushAndSyncDB(386)) - Container 1 is synced with bcsId 6.
2019-10-31 13:04:56,770 [RatisApplyTransactionExecutor 1] INFO  interfaces.Container (KeyValueContainer.java:flushAndSyncDB(386)) - Container 1 is synced with bcsId 6.
2019-10-31 13:04:56,796 [RatisApplyTransactionExecutor 1] INFO  interfaces.Container (KeyValueContainer.java:close(335)) - Container 1 is closed with bcsId 6.
2019-10-31 13:04:56,799 [EventQueue-IncrementalContainerReportForIncrementalContainerReportHandler] WARN  container.IncrementalContainerReportHandler (AbstractContainerReportHandler.java:updateContainerState(145)) - Container #1 is in OPEN state, but the datanode acc98349-19c8-4839-9f32-ec7ab3c247da{ip: 192.168.157.200, host: pr-hdds-1701-2k7ks-937105442, networkLocation: /default-rack, certSerialId: null} reports an CLOSED replica.
2019-10-31 13:04:56,800 [EventQueue-ContainerReportForContainerReportHandler] WARN  container.ContainerReportHandler (AbstractContainerReportHandler.java:updateContainerState(145)) - Container #1 is in OPEN state, but the datanode bb6aa9e0-dd06-4c88-93db-4ae7898bc0a1{ip: 192.168.157.200, host: pr-hdds-1701-2k7ks-937105442, networkLocation: /default-rack, certSerialId: null} reports an CLOSING replica.
2019-10-31 13:04:56,800 [EventQueue-IncrementalContainerReportForIncrementalContainerReportHandler] WARN  container.IncrementalContainerReportHandler (AbstractContainerReportHandler.java:updateContainerState(145)) - Container #1 is in OPEN state, but the datanode bb6aa9e0-dd06-4c88-93db-4ae7898bc0a1{ip: 192.168.157.200, host: pr-hdds-1701-2k7ks-937105442, networkLocation: /default-rack, certSerialId: null} reports an CLOSING replica.
2019-10-31 13:04:56,808 [RatisApplyTransactionExecutor 1] INFO  interfaces.Container (KeyValueContainer.java:flushAndSyncDB(386)) - Container 1 is synced with bcsId 6.
2019-10-31 13:04:56,809 [RatisApplyTransactionExecutor 1] INFO  interfaces.Container (KeyValueContainer.java:flushAndSyncDB(386)) - Container 1 is synced with bcsId 6.
2019-10-31 13:04:56,824 [RatisApplyTransactionExecutor 1] INFO  interfaces.Container (KeyValueContainer.java:close(335)) - Container 1 is closed with bcsId 6.
2019-10-31 13:04:56,826 [EventQueue-IncrementalContainerReportForIncrementalContainerReportHandler] WARN  container.IncrementalContainerReportHandler (AbstractContainerReportHandler.java:updateContainerState(145)) - Container #1 is in OPEN state, but the datanode bb6aa9e0-dd06-4c88-93db-4ae7898bc0a1{ip: 192.168.157.200, host: pr-hdds-1701-2k7ks-937105442, networkLocation: /default-rack, certSerialId: null} reports an CLOSED replica.
2019-10-31 13:04:56,897 [EventQueue-ContainerReportForContainerReportHandler] WARN  container.ContainerReportHandler (AbstractContainerReportHandler.java:updateContainerState(145)) - Container #1 is in OPEN state, but the datanode acc98349-19c8-4839-9f32-ec7ab3c247da{ip: 192.168.157.200, host: pr-hdds-1701-2k7ks-937105442, networkLocation: /default-rack, certSerialId: null} reports an CLOSED replica.
2019-10-31 13:04:57,125 [EventQueue-ContainerReportForContainerReportHandler] WARN  container.ContainerReportHandler (AbstractContainerReportHandler.java:updateContainerState(145)) - Container #1 is in OPEN state, but the datanode bb6aa9e0-dd06-4c88-93db-4ae7898bc0a1{ip: 192.168.157.200, host: pr-hdds-1701-2k7ks-937105442, networkLocation: /default-rack, certSerialId: null} reports an CLOSED replica.
2019-10-31 13:04:57,140 [java.util.concurrent.ThreadPoolExecutor$Worker@79e4e00a[State = -1, empty queue]] WARN  server.GrpcLogAppender (GrpcLogAppender.java:timeoutAppendRequest(209)) - acc98349-19c8-4839-9f32-ec7ab3c247da@group-B36ABC200B12->cfcebab0-3c5e-460b-914c-a75f26ecc6be-GrpcLogAppender: appendEntries Timeout, request=acc98349-19c8-4839-9f32-ec7ab3c247da->cfcebab0-3c5e-460b-914c-a75f26ecc6be#22-t1, previous=(t:1, i:8), leaderCommit=8, initializing? false, entries: <empty>
2019-10-31 13:04:57,198 [EventQueue-ContainerReportForContainerReportHandler] WARN  container.ContainerReportHandler (AbstractContainerReportHandler.java:updateContainerState(145)) - Container #1 is in OPEN state, but the datanode acc98349-19c8-4839-9f32-ec7ab3c247da{ip: 192.168.157.200, host: pr-hdds-1701-2k7ks-937105442, networkLocation: /default-rack, certSerialId: null} reports an CLOSED replica.
2019-10-31 13:04:57,326 [EventQueue-ContainerReportForContainerReportHandler] WARN  container.ContainerReportHandler (AbstractContainerReportHandler.java:updateContainerState(145)) - Container #1 is in OPEN state, but the datanode bb6aa9e0-dd06-4c88-93db-4ae7898bc0a1{ip: 192.168.157.200, host: pr-hdds-1701-2k7ks-937105442, networkLocation: /default-rack, certSerialId: null} reports an CLOSED replica.
2019-10-31 13:04:57,598 [EventQueue-ContainerReportForContainerReportHandler] WARN  container.ContainerReportHandler (AbstractContainerReportHandler.java:updateContainerState(145)) - Container #1 is in OPEN state, but the datanode acc98349-19c8-4839-9f32-ec7ab3c247da{ip: 192.168.157.200, host: pr-hdds-1701-2k7ks-937105442, networkLocation: /default-rack, certSerialId: null} reports an CLOSED replica.
2019-10-31 13:04:57,648 [IPC Server handler 1 on 34149] INFO  server.SCMBlockProtocolServer (SCMBlockProtocolServer.java:deleteKeyBlocks(217)) - SCM is informed by OM to delete 1 blocks
2019-10-31 13:04:57,648 [IPC Server handler 1 on 34149] INFO  block.BlockManagerImpl (BlockManagerImpl.java:deleteBlocks(285)) - Deleting blocks conID: 1 locID: 103057133184024576 bcsId: 0
2019-10-31 13:04:57,728 [EventQueue-ContainerReportForContainerReportHandler] WARN  container.ContainerReportHandler (AbstractContainerReportHandler.java:updateContainerState(145)) - Container #1 is in OPEN state, but the datanode bb6aa9e0-dd06-4c88-93db-4ae7898bc0a1{ip: 192.168.157.200, host: pr-hdds-1701-2k7ks-937105442, networkLocation: /default-rack, certSerialId: null} reports an CLOSED replica.
2019-10-31 13:04:57,752 [BlockDeletingService#5] WARN  background.BlockDeletingService (BlockDeletingService.java:isDeletionAllowed(187)) - Close Container log Index 6 is not replicated across allthe servers in the pipeline 5381b01c-8196-43cd-825c-b36abc200b12 as the min replicated index is 4. Deletion is not allowed in this container yet.
2019-10-31 13:04:57,753 [BlockDeletingService#2] WARN  background.BlockDeletingService (BlockDeletingService.java:isDeletionAllowed(187)) - Close Container log Index 6 is not replicated across allthe servers in the pipeline 5381b01c-8196-43cd-825c-b36abc200b12 as the min replicated index is 4. Deletion is not allowed in this container yet.
2019-10-31 13:04:57,898 [EventQueue-ContainerReportForContainerReportHandler] WARN  container.ContainerReportHandler (AbstractContainerReportHandler.java:updateContainerState(145)) - Container #1 is in OPEN state, but the datanode acc98349-19c8-4839-9f32-ec7ab3c247da{ip: 192.168.157.200, host: pr-hdds-1701-2k7ks-937105442, networkLocation: /default-rack, certSerialId: null} reports an CLOSED replica.
2019-10-31 13:04:57,928 [EventQueue-ContainerReportForContainerReportHandler] WARN  container.ContainerReportHandler (AbstractContainerReportHandler.java:updateContainerState(145)) - Container #1 is in OPEN state, but the datanode bb6aa9e0-dd06-4c88-93db-4ae7898bc0a1{ip: 192.168.157.200, host: pr-hdds-1701-2k7ks-937105442, networkLocation: /default-rack, certSerialId: null} reports an CLOSED replica.
2019-10-31 13:04:58,199 [EventQueue-ContainerReportForContainerReportHandler] WARN  container.ContainerReportHandler (AbstractContainerReportHandler.java:updateContainerState(145)) - Container #1 is in OPEN state, but the datanode acc98349-19c8-4839-9f32-ec7ab3c247da{ip: 192.168.157.200, host: pr-hdds-1701-2k7ks-937105442, networkLocation: /default-rack, certSerialId: null} reports an CLOSED replica.
2019-10-31 13:04:58,228 [EventQueue-ContainerReportForContainerReportHandler] WARN  container.ContainerReportHandler (AbstractContainerReportHandler.java:updateContainerState(145)) - Container #1 is in OPEN state, but the datanode bb6aa9e0-dd06-4c88-93db-4ae7898bc0a1{ip: 192.168.157.200, host: pr-hdds-1701-2k7ks-937105442, networkLocation: /default-rack, certSerialId: null} reports an CLOSED replica.
2019-10-31 13:04:58,500 [EventQueue-ContainerReportForContainerReportHandler] WARN  container.ContainerReportHandler (AbstractContainerReportHandler.java:updateContainerState(145)) - Container #1 is in OPEN state, but the datanode acc98349-19c8-4839-9f32-ec7ab3c247da{ip: 192.168.157.200, host: pr-hdds-1701-2k7ks-937105442, networkLocation: /default-rack, certSerialId: null} reports an CLOSED replica.
2019-10-31 13:04:58,628 [EventQueue-ContainerReportForContainerReportHandler] WARN  container.ContainerReportHandler (AbstractContainerReportHandler.java:updateContainerState(145)) - Container #1 is in OPEN state, but the datanode bb6aa9e0-dd06-4c88-93db-4ae7898bc0a1{ip: 192.168.157.200, host: pr-hdds-1701-2k7ks-937105442, networkLocation: /default-rack, certSerialId: null} reports an CLOSED replica.
2019-10-31 13:04:58,753 [BlockDeletingService#5] WARN  background.BlockDeletingService (BlockDeletingService.java:isDeletionAllowed(187)) - Close Container log Index 6 is not replicated across allthe servers in the pipeline 5381b01c-8196-43cd-825c-b36abc200b12 as the min replicated index is 4. Deletion is not allowed in this container yet.
2019-10-31 13:04:58,755 [BlockDeletingService#2] WARN  background.BlockDeletingService (BlockDeletingService.java:isDeletionAllowed(187)) - Close Container log Index 6 is not replicated across allthe servers in the pipeline 5381b01c-8196-43cd-825c-b36abc200b12 as the min replicated index is 4. Deletion is not allowed in this container yet.
2019-10-31 13:04:58,799 [EventQueue-ContainerReportForContainerReportHandler] WARN  container.ContainerReportHandler (AbstractContainerReportHandler.java:updateContainerState(145)) - Container #1 is in OPEN state, but the datanode acc98349-19c8-4839-9f32-ec7ab3c247da{ip: 192.168.157.200, host: pr-hdds-1701-2k7ks-937105442, networkLocation: /default-rack, certSerialId: null} reports an CLOSED replica.
2019-10-31 13:04:58,999 [EventQueue-ContainerReportForContainerReportHandler] WARN  container.ContainerReportHandler (AbstractContainerReportHandler.java:updateContainerState(145)) - Container #1 is in OPEN state, but the datanode acc98349-19c8-4839-9f32-ec7ab3c247da{ip: 192.168.157.200, host: pr-hdds-1701-2k7ks-937105442, networkLocation: /default-rack, certSerialId: null} reports an CLOSED replica.
2019-10-31 13:04:59,029 [EventQueue-ContainerReportForContainerReportHandler] WARN  container.ContainerReportHandler (AbstractContainerReportHandler.java:updateContainerState(145)) - Container #1 is in OPEN state, but the datanode bb6aa9e0-dd06-4c88-93db-4ae7898bc0a1{ip: 192.168.157.200, host: pr-hdds-1701-2k7ks-937105442, networkLocation: /default-rack, certSerialId: null} reports an CLOSED replica.
2019-10-31 13:04:59,229 [EventQueue-ContainerReportForContainerReportHandler] WARN  container.ContainerReportHandler (AbstractContainerReportHandler.java:updateContainerState(145)) - Container #1 is in OPEN state, but the datanode bb6aa9e0-dd06-4c88-93db-4ae7898bc0a1{ip: 192.168.157.200, host: pr-hdds-1701-2k7ks-937105442, networkLocation: /default-rack, certSerialId: null} reports an CLOSED replica.
2019-10-31 13:04:59,304 [EventQueue-ContainerReportForContainerReportHandler] WARN  container.ContainerReportHandler (AbstractContainerReportHandler.java:updateContainerState(145)) - Container #1 is in OPEN state, but the datanode acc98349-19c8-4839-9f32-ec7ab3c247da{ip: 192.168.157.200, host: pr-hdds-1701-2k7ks-937105442, networkLocation: /default-rack, certSerialId: null} reports an CLOSED replica.
2019-10-31 13:04:59,605 [EventQueue-ContainerReportForContainerReportHandler] WARN  container.ContainerReportHandler (AbstractContainerReportHandler.java:updateContainerState(145)) - Container #1 is in OPEN state, but the datanode acc98349-19c8-4839-9f32-ec7ab3c247da{ip: 192.168.157.200, host: pr-hdds-1701-2k7ks-937105442, networkLocation: /default-rack, certSerialId: null} reports an CLOSED replica.
2019-10-31 13:04:59,629 [EventQueue-ContainerReportForContainerReportHandler] WARN  container.ContainerReportHandler (AbstractContainerReportHandler.java:updateContainerState(145)) - Container #1 is in OPEN state, but the datanode bb6aa9e0-dd06-4c88-93db-4ae7898bc0a1{ip: 192.168.157.200, host: pr-hdds-1701-2k7ks-937105442, networkLocation: /default-rack, certSerialId: null} reports an CLOSED replica.
2019-10-31 13:04:59,641 [java.util.concurrent.ThreadPoolExecutor$Worker@79e4e00a[State = -1, empty queue]] WARN  server.GrpcLogAppender (GrpcLogAppender.java:timeoutAppendRequest(209)) - acc98349-19c8-4839-9f32-ec7ab3c247da@group-B36ABC200B12->cfcebab0-3c5e-460b-914c-a75f26ecc6be-GrpcLogAppender: appendEntries Timeout, request=acc98349-19c8-4839-9f32-ec7ab3c247da->cfcebab0-3c5e-460b-914c-a75f26ecc6be#23-t1, previous=(t:1, i:8), leaderCommit=8, initializing? false, entries: <empty>
2019-10-31 13:04:59,727 [java.util.concurrent.ThreadPoolExecutor$Worker@79e4e00a[State = -1, empty queue]] WARN  server.GrpcLogAppender (GrpcLogAppender.java:timeoutAppendRequest(209)) - acc98349-19c8-4839-9f32-ec7ab3c247da@group-B36ABC200B12->cfcebab0-3c5e-460b-914c-a75f26ecc6be-GrpcLogAppender: appendEntries Timeout, request=acc98349-19c8-4839-9f32-ec7ab3c247da->cfcebab0-3c5e-460b-914c-a75f26ecc6be#24-t1, previous=(t:1, i:8), leaderCommit=8, initializing? false, entries: size=1, first=(t:1, i:9), STATEMACHINELOGENTRY, client-D701CB08B243, cid=12
2019-10-31 13:04:59,744 [java.util.concurrent.ThreadPoolExecutor$Worker@79e4e00a[State = -1, empty queue]] WARN  server.GrpcLogAppender (GrpcLogAppender.java:timeoutAppendRequest(209)) - acc98349-19c8-4839-9f32-ec7ab3c247da@group-B36ABC200B12->cfcebab0-3c5e-460b-914c-a75f26ecc6be-GrpcLogAppender: appendEntries Timeout, request=acc98349-19c8-4839-9f32-ec7ab3c247da->cfcebab0-3c5e-460b-914c-a75f26ecc6be#25-t1, previous=(t:1, i:9), leaderCommit=9, initializing? false, entries: size=1, first=(t:1, i:10), METADATAENTRY(c9)
2019-10-31 13:04:59,755 [BlockDeletingService#5] WARN  background.BlockDeletingService (BlockDeletingService.java:isDeletionAllowed(187)) - Close Container log Index 6 is not replicated across allthe servers in the pipeline 5381b01c-8196-43cd-825c-b36abc200b12 as the min replicated index is 4. Deletion is not allowed in this container yet.
2019-10-31 13:04:59,759 [BlockDeletingService#2] WARN  background.BlockDeletingService (BlockDeletingService.java:isDeletionAllowed(187)) - Close Container log Index 6 is not replicated across allthe servers in the pipeline 5381b01c-8196-43cd-825c-b36abc200b12 as the min replicated index is 4. Deletion is not allowed in this container yet.
2019-10-31 13:04:59,906 [EventQueue-ContainerReportForContainerReportHandler] WARN  container.ContainerReportHandler (AbstractContainerReportHandler.java:updateContainerState(145)) - Container #1 is in OPEN state, but the datanode acc98349-19c8-4839-9f32-ec7ab3c247da{ip: 192.168.157.200, host: pr-hdds-1701-2k7ks-937105442, networkLocation: /default-rack, certSerialId: null} reports an CLOSED replica.
2019-10-31 13:04:59,930 [EventQueue-ContainerReportForContainerReportHandler] WARN  container.ContainerReportHandler (AbstractContainerReportHandler.java:updateContainerState(145)) - Container #1 is in OPEN state, but the datanode bb6aa9e0-dd06-4c88-93db-4ae7898bc0a1{ip: 192.168.157.200, host: pr-hdds-1701-2k7ks-937105442, networkLocation: /default-rack, certSerialId: null} reports an CLOSED replica.
2019-10-31 13:05:00,205 [EventQueue-ContainerReportForContainerReportHandler] WARN  container.ContainerReportHandler (AbstractContainerReportHandler.java:updateContainerState(145)) - Container #1 is in OPEN state, but the datanode acc98349-19c8-4839-9f32-ec7ab3c247da{ip: 192.168.157.200, host: pr-hdds-1701-2k7ks-937105442, networkLocation: /default-rack, certSerialId: null} reports an CLOSED replica.
2019-10-31 13:05:00,230 [EventQueue-ContainerReportForContainerReportHandler] WARN  container.ContainerReportHandler (AbstractContainerReportHandler.java:updateContainerState(145)) - Container #1 is in OPEN state, but the datanode bb6aa9e0-dd06-4c88-93db-4ae7898bc0a1{ip: 192.168.157.200, host: pr-hdds-1701-2k7ks-937105442, networkLocation: /default-rack, certSerialId: null} reports an CLOSED replica.
2019-10-31 13:05:00,530 [EventQueue-ContainerReportForContainerReportHandler] WARN  container.ContainerReportHandler (AbstractContainerReportHandler.java:updateContainerState(145)) - Container #1 is in OPEN state, but the datanode bb6aa9e0-dd06-4c88-93db-4ae7898bc0a1{ip: 192.168.157.200, host: pr-hdds-1701-2k7ks-937105442, networkLocation: /default-rack, certSerialId: null} reports an CLOSED replica.
2019-10-31 13:05:00,605 [EventQueue-ContainerReportForContainerReportHandler] WARN  container.ContainerReportHandler (AbstractContainerReportHandler.java:updateContainerState(145)) - Container #1 is in OPEN state, but the datanode acc98349-19c8-4839-9f32-ec7ab3c247da{ip: 192.168.157.200, host: pr-hdds-1701-2k7ks-937105442, networkLocation: /default-rack, certSerialId: null} reports an CLOSED replica.
2019-10-31 13:05:00,760 [BlockDeletingService#5] WARN  background.BlockDeletingService (BlockDeletingService.java:isDeletionAllowed(187)) - Close Container log Index 6 is not replicated across allthe servers in the pipeline 5381b01c-8196-43cd-825c-b36abc200b12 as the min replicated index is 4. Deletion is not allowed in this container yet.
2019-10-31 13:05:00,762 [BlockDeletingService#2] WARN  background.BlockDeletingService (BlockDeletingService.java:isDeletionAllowed(187)) - Close Container log Index 6 is not replicated across allthe servers in the pipeline 5381b01c-8196-43cd-825c-b36abc200b12 as the min replicated index is 4. Deletion is not allowed in this container yet.
2019-10-31 13:05:00,806 [EventQueue-ContainerReportForContainerReportHandler] WARN  container.ContainerReportHandler (AbstractContainerReportHandler.java:updateContainerState(145)) - Container #1 is in OPEN state, but the datanode acc98349-19c8-4839-9f32-ec7ab3c247da{ip: 192.168.157.200, host: pr-hdds-1701-2k7ks-937105442, networkLocation: /default-rack, certSerialId: null} reports an CLOSED replica.
2019-10-31 13:05:00,931 [EventQueue-ContainerReportForContainerReportHandler] WARN  container.ContainerReportHandler (AbstractContainerReportHandler.java:updateContainerState(145)) - Container #1 is in OPEN state, but the datanode bb6aa9e0-dd06-4c88-93db-4ae7898bc0a1{ip: 192.168.157.200, host: pr-hdds-1701-2k7ks-937105442, networkLocation: /default-rack, certSerialId: null} reports an CLOSED replica.
2019-10-31 13:05:01,106 [EventQueue-ContainerReportForContainerReportHandler] WARN  container.ContainerReportHandler (AbstractContainerReportHandler.java:updateContainerState(145)) - Container #1 is in OPEN state, but the datanode acc98349-19c8-4839-9f32-ec7ab3c247da{ip: 192.168.157.200, host: pr-hdds-1701-2k7ks-937105442, networkLocation: /default-rack, certSerialId: null} reports an CLOSED replica.
2019-10-31 13:05:01,132 [EventQueue-ContainerReportForContainerReportHandler] WARN  container.ContainerReportHandler (AbstractContainerReportHandler.java:updateContainerState(145)) - Container #1 is in OPEN state, but the datanode bb6aa9e0-dd06-4c88-93db-4ae7898bc0a1{ip: 192.168.157.200, host: pr-hdds-1701-2k7ks-937105442, networkLocation: /default-rack, certSerialId: null} reports an CLOSED replica.
2019-10-31 13:05:01,332 [EventQueue-ContainerReportForContainerReportHandler] WARN  container.ContainerReportHandler (AbstractContainerReportHandler.java:updateContainerState(145)) - Container #1 is in OPEN state, but the datanode bb6aa9e0-dd06-4c88-93db-4ae7898bc0a1{ip: 192.168.157.200, host: pr-hdds-1701-2k7ks-937105442, networkLocation: /default-rack, certSerialId: null} reports an CLOSED replica.
2019-10-31 13:05:01,407 [EventQueue-ContainerReportForContainerReportHandler] WARN  container.ContainerReportHandler (AbstractContainerReportHandler.java:updateContainerState(145)) - Container #1 is in OPEN state, but the datanode acc98349-19c8-4839-9f32-ec7ab3c247da{ip: 192.168.157.200, host: pr-hdds-1701-2k7ks-937105442, networkLocation: /default-rack, certSerialId: null} reports an CLOSED replica.
2019-10-31 13:05:01,708 [EventQueue-ContainerReportForContainerReportHandler] WARN  container.ContainerReportHandler (AbstractContainerReportHandler.java:updateContainerState(145)) - Container #1 is in OPEN state, but the datanode acc98349-19c8-4839-9f32-ec7ab3c247da{ip: 192.168.157.200, host: pr-hdds-1701-2k7ks-937105442, networkLocation: /default-rack, certSerialId: null} reports an CLOSED replica.
2019-10-31 13:05:01,732 [EventQueue-ContainerReportForContainerReportHandler] WARN  container.ContainerReportHandler (AbstractContainerReportHandler.java:updateContainerState(145)) - Container #1 is in OPEN state, but the datanode bb6aa9e0-dd06-4c88-93db-4ae7898bc0a1{ip: 192.168.157.200, host: pr-hdds-1701-2k7ks-937105442, networkLocation: /default-rack, certSerialId: null} reports an CLOSED replica.
2019-10-31 13:05:01,763 [BlockDeletingService#5] WARN  background.BlockDeletingService (BlockDeletingService.java:isDeletionAllowed(187)) - Close Container log Index 6 is not replicated across allthe servers in the pipeline 5381b01c-8196-43cd-825c-b36abc200b12 as the min replicated index is 4. Deletion is not allowed in this container yet.
2019-10-31 13:05:01,763 [BlockDeletingService#2] WARN  background.BlockDeletingService (BlockDeletingService.java:isDeletionAllowed(187)) - Close Container log Index 6 is not replicated across allthe servers in the pipeline 5381b01c-8196-43cd-825c-b36abc200b12 as the min replicated index is 4. Deletion is not allowed in this container yet.
2019-10-31 13:05:02,011 [EventQueue-ContainerReportForContainerReportHandler] WARN  container.ContainerReportHandler (AbstractContainerReportHandler.java:updateContainerState(145)) - Container #1 is in OPEN state, but the datanode acc98349-19c8-4839-9f32-ec7ab3c247da{ip: 192.168.157.200, host: pr-hdds-1701-2k7ks-937105442, networkLocation: /default-rack, certSerialId: null} reports an CLOSED replica.
2019-10-31 13:05:02,032 [EventQueue-ContainerReportForContainerReportHandler] WARN  container.ContainerReportHandler (AbstractContainerReportHandler.java:updateContainerState(145)) - Container #1 is in OPEN state, but the datanode bb6aa9e0-dd06-4c88-93db-4ae7898bc0a1{ip: 192.168.157.200, host: pr-hdds-1701-2k7ks-937105442, networkLocation: /default-rack, certSerialId: null} reports an CLOSED replica.
2019-10-31 13:05:02,233 [EventQueue-ContainerReportForContainerReportHandler] WARN  container.ContainerReportHandler (AbstractContainerReportHandler.java:updateContainerState(145)) - Container #1 is in OPEN state, but the datanode bb6aa9e0-dd06-4c88-93db-4ae7898bc0a1{ip: 192.168.157.200, host: pr-hdds-1701-2k7ks-937105442, networkLocation: /default-rack, certSerialId: null} reports an CLOSED replica.
2019-10-31 13:05:02,244 [java.util.concurrent.ThreadPoolExecutor$Worker@79e4e00a[State = -1, empty queue]] WARN  server.GrpcLogAppender (GrpcLogAppender.java:timeoutAppendRequest(209)) - acc98349-19c8-4839-9f32-ec7ab3c247da@group-B36ABC200B12->cfcebab0-3c5e-460b-914c-a75f26ecc6be-GrpcLogAppender: appendEntries Timeout, request=acc98349-19c8-4839-9f32-ec7ab3c247da->cfcebab0-3c5e-460b-914c-a75f26ecc6be#26-t1, previous=(t:1, i:10), leaderCommit=10, initializing? false, entries: <empty>
2019-10-31 13:05:02,310 [EventQueue-ContainerReportForContainerReportHandler] WARN  container.ContainerReportHandler (AbstractContainerReportHandler.java:updateContainerState(145)) - Container #1 is in OPEN state, but the datanode acc98349-19c8-4839-9f32-ec7ab3c247da{ip: 192.168.157.200, host: pr-hdds-1701-2k7ks-937105442, networkLocation: /default-rack, certSerialId: null} reports an CLOSED replica.
2019-10-31 13:05:02,511 [EventQueue-ContainerReportForContainerReportHandler] WARN  container.ContainerReportHandler (AbstractContainerReportHandler.java:updateContainerState(145)) - Container #1 is in OPEN state, but the datanode acc98349-19c8-4839-9f32-ec7ab3c247da{ip: 192.168.157.200, host: pr-hdds-1701-2k7ks-937105442, networkLocation: /default-rack, certSerialId: null} reports an CLOSED replica.
2019-10-31 13:05:02,533 [EventQueue-ContainerReportForContainerReportHandler] WARN  container.ContainerReportHandler (AbstractContainerReportHandler.java:updateContainerState(145)) - Container #1 is in OPEN state, but the datanode bb6aa9e0-dd06-4c88-93db-4ae7898bc0a1{ip: 192.168.157.200, host: pr-hdds-1701-2k7ks-937105442, networkLocation: /default-rack, certSerialId: null} reports an CLOSED replica.
2019-10-31 13:05:02,765 [BlockDeletingService#2] WARN  background.BlockDeletingService (BlockDeletingService.java:isDeletionAllowed(187)) - Close Container log Index 6 is not replicated across allthe servers in the pipeline 5381b01c-8196-43cd-825c-b36abc200b12 as the min replicated index is 4. Deletion is not allowed in this container yet.
2019-10-31 13:05:02,765 [BlockDeletingService#5] WARN  background.BlockDeletingService (BlockDeletingService.java:isDeletionAllowed(187)) - Close Container log Index 6 is not replicated across allthe servers in the pipeline 5381b01c-8196-43cd-825c-b36abc200b12 as the min replicated index is 4. Deletion is not allowed in this container yet.
2019-10-31 13:05:02,813 [EventQueue-ContainerReportForContainerReportHandler] WARN  container.ContainerReportHandler (AbstractContainerReportHandler.java:updateContainerState(145)) - Container #1 is in OPEN state, but the datanode acc98349-19c8-4839-9f32-ec7ab3c247da{ip: 192.168.157.200, host: pr-hdds-1701-2k7ks-937105442, networkLocation: /default-rack, certSerialId: null} reports an CLOSED replica.
2019-10-31 13:05:02,832 [EventQueue-ContainerReportForContainerReportHandler] WARN  container.ContainerReportHandler (AbstractContainerReportHandler.java:updateContainerState(145)) - Container #1 is in OPEN state, but the datanode bb6aa9e0-dd06-4c88-93db-4ae7898bc0a1{ip: 192.168.157.200, host: pr-hdds-1701-2k7ks-937105442, networkLocation: /default-rack, certSerialId: null} reports an CLOSED replica.
2019-10-31 13:05:03,032 [EventQueue-ContainerReportForContainerReportHandler] WARN  container.ContainerReportHandler (AbstractContainerReportHandler.java:updateContainerState(145)) - Container #1 is in OPEN state, but the datanode bb6aa9e0-dd06-4c88-93db-4ae7898bc0a1{ip: 192.168.157.200, host: pr-hdds-1701-2k7ks-937105442, networkLocation: /default-rack, certSerialId: null} reports an CLOSED replica.
2019-10-31 13:05:03,113 [EventQueue-ContainerReportForContainerReportHandler] WARN  container.ContainerReportHandler (AbstractContainerReportHandler.java:updateContainerState(145)) - Container #1 is in OPEN state, but the datanode acc98349-19c8-4839-9f32-ec7ab3c247da{ip: 192.168.157.200, host: pr-hdds-1701-2k7ks-937105442, networkLocation: /default-rack, certSerialId: null} reports an CLOSED replica.
2019-10-31 13:05:03,313 [EventQueue-ContainerReportForContainerReportHandler] WARN  container.ContainerReportHandler (AbstractContainerReportHandler.java:updateContainerState(145)) - Container #1 is in OPEN state, but the datanode acc98349-19c8-4839-9f32-ec7ab3c247da{ip: 192.168.157.200, host: pr-hdds-1701-2k7ks-937105442, networkLocation: /default-rack, certSerialId: null} reports an CLOSED replica.
2019-10-31 13:05:03,333 [EventQueue-ContainerReportForContainerReportHandler] WARN  container.ContainerReportHandler (AbstractContainerReportHandler.java:updateContainerState(145)) - Container #1 is in OPEN state, but the datanode bb6aa9e0-dd06-4c88-93db-4ae7898bc0a1{ip: 192.168.157.200, host: pr-hdds-1701-2k7ks-937105442, networkLocation: /default-rack, certSerialId: null} reports an CLOSED replica.
2019-10-31 13:05:03,635 [EventQueue-ContainerReportForContainerReportHandler] WARN  container.ContainerReportHandler (AbstractContainerReportHandler.java:updateContainerState(145)) - Container #1 is in OPEN state, but the datanode bb6aa9e0-dd06-4c88-93db-4ae7898bc0a1{ip: 192.168.157.200, host: pr-hdds-1701-2k7ks-937105442, networkLocation: /default-rack, certSerialId: null} reports an CLOSED replica.
2019-10-31 13:05:03,715 [EventQueue-ContainerReportForContainerReportHandler] WARN  container.ContainerReportHandler (AbstractContainerReportHandler.java:updateContainerState(145)) - Container #1 is in OPEN state, but the datanode acc98349-19c8-4839-9f32-ec7ab3c247da{ip: 192.168.157.200, host: pr-hdds-1701-2k7ks-937105442, networkLocation: /default-rack, certSerialId: null} reports an CLOSED replica.
2019-10-31 13:05:03,768 [BlockDeletingService#2] WARN  background.BlockDeletingService (BlockDeletingService.java:isDeletionAllowed(187)) - Close Container log Index 6 is not replicated across allthe servers in the pipeline 5381b01c-8196-43cd-825c-b36abc200b12 as the min replicated index is 4. Deletion is not allowed in this container yet.
2019-10-31 13:05:03,768 [BlockDeletingService#5] WARN  background.BlockDeletingService (BlockDeletingService.java:isDeletionAllowed(187)) - Close Container log Index 6 is not replicated across allthe servers in the pipeline 5381b01c-8196-43cd-825c-b36abc200b12 as the min replicated index is 4. Deletion is not allowed in this container yet.
2019-10-31 13:05:03,936 [EventQueue-ContainerReportForContainerReportHandler] WARN  container.ContainerReportHandler (AbstractContainerReportHandler.java:updateContainerState(145)) - Container #1 is in OPEN state, but the datanode bb6aa9e0-dd06-4c88-93db-4ae7898bc0a1{ip: 192.168.157.200, host: pr-hdds-1701-2k7ks-937105442, networkLocation: /default-rack, certSerialId: null} reports an CLOSED replica.
2019-10-31 13:05:04,117 [EventQueue-ContainerReportForContainerReportHandler] WARN  container.ContainerReportHandler (AbstractContainerReportHandler.java:updateContainerState(145)) - Container #1 is in OPEN state, but the datanode acc98349-19c8-4839-9f32-ec7ab3c247da{ip: 192.168.157.200, host: pr-hdds-1701-2k7ks-937105442, networkLocation: /default-rack, certSerialId: null} reports an CLOSED replica.
2019-10-31 13:05:04,135 [EventQueue-ContainerReportForContainerReportHandler] WARN  container.ContainerReportHandler (AbstractContainerReportHandler.java:updateContainerState(145)) - Container #1 is in OPEN state, but the datanode bb6aa9e0-dd06-4c88-93db-4ae7898bc0a1{ip: 192.168.157.200, host: pr-hdds-1701-2k7ks-937105442, networkLocation: /default-rack, certSerialId: null} reports an CLOSED replica.
2019-10-31 13:05:04,316 [EventQueue-ContainerReportForContainerReportHandler] WARN  container.ContainerReportHandler (AbstractContainerReportHandler.java:updateContainerState(145)) - Container #1 is in OPEN state, but the datanode acc98349-19c8-4839-9f32-ec7ab3c247da{ip: 192.168.157.200, host: pr-hdds-1701-2k7ks-937105442, networkLocation: /default-rack, certSerialId: null} reports an CLOSED replica.
2019-10-31 13:05:04,436 [EventQueue-ContainerReportForContainerReportHandler] WARN  container.ContainerReportHandler (AbstractContainerReportHandler.java:updateContainerState(145)) - Container #1 is in OPEN state, but the datanode bb6aa9e0-dd06-4c88-93db-4ae7898bc0a1{ip: 192.168.157.200, host: pr-hdds-1701-2k7ks-937105442, networkLocation: /default-rack, certSerialId: null} reports an CLOSED replica.
2019-10-31 13:05:04,517 [EventQueue-ContainerReportForContainerReportHandler] WARN  container.ContainerReportHandler (AbstractContainerReportHandler.java:updateContainerState(145)) - Container #1 is in OPEN state, but the datanode acc98349-19c8-4839-9f32-ec7ab3c247da{ip: 192.168.157.200, host: pr-hdds-1701-2k7ks-937105442, networkLocation: /default-rack, certSerialId: null} reports an CLOSED replica.
2019-10-31 13:05:04,745 [java.util.concurrent.ThreadPoolExecutor$Worker@79e4e00a[State = -1, empty queue]] WARN  server.GrpcLogAppender (GrpcLogAppender.java:timeoutAppendRequest(209)) - acc98349-19c8-4839-9f32-ec7ab3c247da@group-B36ABC200B12->cfcebab0-3c5e-460b-914c-a75f26ecc6be-GrpcLogAppender: appendEntries Timeout, request=acc98349-19c8-4839-9f32-ec7ab3c247da->cfcebab0-3c5e-460b-914c-a75f26ecc6be#27-t1, previous=(t:1, i:10), leaderCommit=10, initializing? false, entries: <empty>
2019-10-31 13:05:04,770 [BlockDeletingService#2] WARN  background.BlockDeletingService (BlockDeletingService.java:isDeletionAllowed(187)) - Close Container log Index 6 is not replicated across allthe servers in the pipeline 5381b01c-8196-43cd-825c-b36abc200b12 as the min replicated index is 4. Deletion is not allowed in this container yet.
2019-10-31 13:05:04,770 [BlockDeletingService#5] WARN  background.BlockDeletingService (BlockDeletingService.java:isDeletionAllowed(187)) - Close Container log Index 6 is not replicated across allthe servers in the pipeline 5381b01c-8196-43cd-825c-b36abc200b12 as the min replicated index is 4. Deletion is not allowed in this container yet.
2019-10-31 13:05:04,801 [Thread-345] INFO  client.GrpcClientProtocolService (GrpcClientProtocolService.java:lambda$processClientRequest$0(279)) - Failed RaftClientRequest:client-E8694136A95C->bb6aa9e0-dd06-4c88-93db-4ae7898bc0a1@group-B36ABC200B12, cid=10, seq=0, Watch-ALL_COMMITTED(6), Message:<EMPTY>, reply=RaftClientReply:client-E8694136A95C->bb6aa9e0-dd06-4c88-93db-4ae7898bc0a1@group-B36ABC200B12, cid=10, FAILED org.apache.ratis.protocol.NotLeaderException: Server bb6aa9e0-dd06-4c88-93db-4ae7898bc0a1@group-B36ABC200B12 is not the leader acc98349-19c8-4839-9f32-ec7ab3c247da:192.168.157.200:43538, logIndex=0, commits[bb6aa9e0-dd06-4c88-93db-4ae7898bc0a1:c10, cfcebab0-3c5e-460b-914c-a75f26ecc6be:c4, acc98349-19c8-4839-9f32-ec7ab3c247da:c10]
2019-10-31 13:05:04,836 [EventQueue-ContainerReportForContainerReportHandler] WARN  container.ContainerReportHandler (AbstractContainerReportHandler.java:updateContainerState(145)) - Container #1 is in OPEN state, but the datanode bb6aa9e0-dd06-4c88-93db-4ae7898bc0a1{ip: 192.168.157.200, host: pr-hdds-1701-2k7ks-937105442, networkLocation: /default-rack, certSerialId: null} reports an CLOSED replica.
2019-10-31 13:05:04,918 [EventQueue-ContainerReportForContainerReportHandler] WARN  container.ContainerReportHandler (AbstractContainerReportHandler.java:updateContainerState(145)) - Container #1 is in OPEN state, but the datanode acc98349-19c8-4839-9f32-ec7ab3c247da{ip: 192.168.157.200, host: pr-hdds-1701-2k7ks-937105442, networkLocation: /default-rack, certSerialId: null} reports an CLOSED replica.
2019-10-31 13:05:05,119 [EventQueue-ContainerReportForContainerReportHandler] WARN  container.ContainerReportHandler (AbstractContainerReportHandler.java:updateContainerState(145)) - Container #1 is in OPEN state, but the datanode acc98349-19c8-4839-9f32-ec7ab3c247da{ip: 192.168.157.200, host: pr-hdds-1701-2k7ks-937105442, networkLocation: /default-rack, certSerialId: null} reports an CLOSED replica.
2019-10-31 13:05:05,236 [EventQueue-ContainerReportForContainerReportHandler] WARN  container.ContainerReportHandler (AbstractContainerReportHandler.java:updateContainerState(145)) - Container #1 is in OPEN state, but the datanode bb6aa9e0-dd06-4c88-93db-4ae7898bc0a1{ip: 192.168.157.200, host: pr-hdds-1701-2k7ks-937105442, networkLocation: /default-rack, certSerialId: null} reports an CLOSED replica.
2019-10-31 13:05:05,318 [EventQueue-ContainerReportForContainerReportHandler] WARN  container.ContainerReportHandler (AbstractContainerReportHandler.java:updateContainerState(145)) - Container #1 is in OPEN state, but the datanode acc98349-19c8-4839-9f32-ec7ab3c247da{ip: 192.168.157.200, host: pr-hdds-1701-2k7ks-937105442, networkLocation: /default-rack, certSerialId: null} reports an CLOSED replica.
2019-10-31 13:05:05,436 [EventQueue-ContainerReportForContainerReportHandler] WARN  container.ContainerReportHandler (AbstractContainerReportHandler.java:updateContainerState(145)) - Container #1 is in OPEN state, but the datanode bb6aa9e0-dd06-4c88-93db-4ae7898bc0a1{ip: 192.168.157.200, host: pr-hdds-1701-2k7ks-937105442, networkLocation: /default-rack, certSerialId: null} reports an CLOSED replica.
2019-10-31 13:05:05,584 [Thread-348] INFO  client.GrpcClientProtocolService (GrpcClientProtocolService.java:lambda$processClientRequest$0(279)) - Failed RaftClientRequest:client-E8694136A95C->acc98349-19c8-4839-9f32-ec7ab3c247da@group-B36ABC200B12, cid=10, seq=0, Watch-ALL_COMMITTED(6), Message:<EMPTY>, reply=RaftClientReply:client-E8694136A95C->acc98349-19c8-4839-9f32-ec7ab3c247da@group-B36ABC200B12, cid=10, FAILED org.apache.ratis.protocol.NotReplicatedException: Request with call Id 10 and log index 6 is not yet replicated to ALL_COMMITTED, logIndex=6, commits[acc98349-19c8-4839-9f32-ec7ab3c247da:c10, cfcebab0-3c5e-460b-914c-a75f26ecc6be:c4, bb6aa9e0-dd06-4c88-93db-4ae7898bc0a1:c10]
2019-10-31 13:05:05,719 [EventQueue-ContainerReportForContainerReportHandler] WARN  container.ContainerReportHandler (AbstractContainerReportHandler.java:updateContainerState(145)) - Container #1 is in OPEN state, but the datanode acc98349-19c8-4839-9f32-ec7ab3c247da{ip: 192.168.157.200, host: pr-hdds-1701-2k7ks-937105442, networkLocation: /default-rack, certSerialId: null} reports an CLOSED replica.
2019-10-31 13:05:05,736 [EventQueue-ContainerReportForContainerReportHandler] WARN  container.ContainerReportHandler (AbstractContainerReportHandler.java:updateContainerState(145)) - Container #1 is in OPEN state, but the datanode bb6aa9e0-dd06-4c88-93db-4ae7898bc0a1{ip: 192.168.157.200, host: pr-hdds-1701-2k7ks-937105442, networkLocation: /default-rack, certSerialId: null} reports an CLOSED replica.
2019-10-31 13:05:05,772 [BlockDeletingService#2] WARN  background.BlockDeletingService (BlockDeletingService.java:isDeletionAllowed(187)) - Close Container log Index 6 is not replicated across allthe servers in the pipeline 5381b01c-8196-43cd-825c-b36abc200b12 as the min replicated index is 4. Deletion is not allowed in this container yet.
2019-10-31 13:05:05,772 [BlockDeletingService#5] WARN  background.BlockDeletingService (BlockDeletingService.java:isDeletionAllowed(187)) - Close Container log Index 6 is not replicated across allthe servers in the pipeline 5381b01c-8196-43cd-825c-b36abc200b12 as the min replicated index is 4. Deletion is not allowed in this container yet.
2019-10-31 13:05:05,937 [EventQueue-ContainerReportForContainerReportHandler] WARN  container.ContainerReportHandler (AbstractContainerReportHandler.java:updateContainerState(145)) - Container #1 is in OPEN state, but the datanode bb6aa9e0-dd06-4c88-93db-4ae7898bc0a1{ip: 192.168.157.200, host: pr-hdds-1701-2k7ks-937105442, networkLocation: /default-rack, certSerialId: null} reports an CLOSED replica.
2019-10-31 13:05:06,119 [EventQueue-ContainerReportForContainerReportHandler] WARN  container.ContainerReportHandler (AbstractContainerReportHandler.java:updateContainerState(145)) - Container #1 is in OPEN state, but the datanode acc98349-19c8-4839-9f32-ec7ab3c247da{ip: 192.168.157.200, host: pr-hdds-1701-2k7ks-937105442, networkLocation: /default-rack, certSerialId: null} reports an CLOSED replica.
2019-10-31 13:05:06,238 [EventQueue-ContainerReportForContainerReportHandler] WARN  container.ContainerReportHandler (AbstractContainerReportHandler.java:updateContainerState(145)) - Container #1 is in OPEN state, but the datanode bb6aa9e0-dd06-4c88-93db-4ae7898bc0a1{ip: 192.168.157.200, host: pr-hdds-1701-2k7ks-937105442, networkLocation: /default-rack, certSerialId: null} reports an CLOSED replica.
2019-10-31 13:05:06,419 [EventQueue-ContainerReportForContainerReportHandler] WARN  container.ContainerReportHandler (AbstractContainerReportHandler.java:updateContainerState(145)) - Container #1 is in OPEN state, but the datanode acc98349-19c8-4839-9f32-ec7ab3c247da{ip: 192.168.157.200, host: pr-hdds-1701-2k7ks-937105442, networkLocation: /default-rack, certSerialId: null} reports an CLOSED replica.
2019-10-31 13:05:06,537 [EventQueue-ContainerReportForContainerReportHandler] WARN  container.ContainerReportHandler (AbstractContainerReportHandler.java:updateContainerState(145)) - Container #1 is in OPEN state, but the datanode bb6aa9e0-dd06-4c88-93db-4ae7898bc0a1{ip: 192.168.157.200, host: pr-hdds-1701-2k7ks-937105442, networkLocation: /default-rack, certSerialId: null} reports an CLOSED replica.
2019-10-31 13:05:06,719 [EventQueue-ContainerReportForContainerReportHandler] WARN  container.ContainerReportHandler (AbstractContainerReportHandler.java:updateContainerState(145)) - Container #1 is in OPEN state, but the datanode acc98349-19c8-4839-9f32-ec7ab3c247da{ip: 192.168.157.200, host: pr-hdds-1701-2k7ks-937105442, networkLocation: /default-rack, certSerialId: null} reports an CLOSED replica.
2019-10-31 13:05:06,779 [BlockDeletingService#2] WARN  background.BlockDeletingService (BlockDeletingService.java:isDeletionAllowed(187)) - Close Container log Index 6 is not replicated across allthe servers in the pipeline 5381b01c-8196-43cd-825c-b36abc200b12 as the min replicated index is 4. Deletion is not allowed in this container yet.
2019-10-31 13:05:06,779 [BlockDeletingService#5] WARN  background.BlockDeletingService (BlockDeletingService.java:isDeletionAllowed(187)) - Close Container log Index 6 is not replicated across allthe servers in the pipeline 5381b01c-8196-43cd-825c-b36abc200b12 as the min replicated index is 4. Deletion is not allowed in this container yet.
2019-10-31 13:05:06,937 [EventQueue-ContainerReportForContainerReportHandler] WARN  container.ContainerReportHandler (AbstractContainerReportHandler.java:updateContainerState(145)) - Container #1 is in OPEN state, but the datanode bb6aa9e0-dd06-4c88-93db-4ae7898bc0a1{ip: 192.168.157.200, host: pr-hdds-1701-2k7ks-937105442, networkLocation: /default-rack, certSerialId: null} reports an CLOSED replica.
2019-10-31 13:05:07,019 [EventQueue-ContainerReportForContainerReportHandler] WARN  container.ContainerReportHandler (AbstractContainerReportHandler.java:updateContainerState(145)) - Container #1 is in OPEN state, but the datanode acc98349-19c8-4839-9f32-ec7ab3c247da{ip: 192.168.157.200, host: pr-hdds-1701-2k7ks-937105442, networkLocation: /default-rack, certSerialId: null} reports an CLOSED replica.
2019-10-31 13:05:07,138 [EventQueue-ContainerReportForContainerReportHandler] WARN  container.ContainerReportHandler (AbstractContainerReportHandler.java:updateContainerState(145)) - Container #1 is in OPEN state, but the datanode bb6aa9e0-dd06-4c88-93db-4ae7898bc0a1{ip: 192.168.157.200, host: pr-hdds-1701-2k7ks-937105442, networkLocation: /default-rack, certSerialId: null} reports an CLOSED replica.
2019-10-31 13:05:07,219 [EventQueue-ContainerReportForContainerReportHandler] WARN  container.ContainerReportHandler (AbstractContainerReportHandler.java:updateContainerState(145)) - Container #1 is in OPEN state, but the datanode acc98349-19c8-4839-9f32-ec7ab3c247da{ip: 192.168.157.200, host: pr-hdds-1701-2k7ks-937105442, networkLocation: /default-rack, certSerialId: null} reports an CLOSED replica.
2019-10-31 13:05:07,247 [java.util.concurrent.ThreadPoolExecutor$Worker@79e4e00a[State = -1, empty queue]] WARN  server.GrpcLogAppender (GrpcLogAppender.java:timeoutAppendRequest(209)) - acc98349-19c8-4839-9f32-ec7ab3c247da@group-B36ABC200B12->cfcebab0-3c5e-460b-914c-a75f26ecc6be-GrpcLogAppender: appendEntries Timeout, request=acc98349-19c8-4839-9f32-ec7ab3c247da->cfcebab0-3c5e-460b-914c-a75f26ecc6be#28-t1, previous=(t:1, i:10), leaderCommit=10, initializing? false, entries: <empty>
2019-10-31 13:05:07,520 [EventQueue-ContainerReportForContainerReportHandler] WARN  container.ContainerReportHandler (AbstractContainerReportHandler.java:updateContainerState(145)) - Container #1 is in OPEN state, but the datanode acc98349-19c8-4839-9f32-ec7ab3c247da{ip: 192.168.157.200, host: pr-hdds-1701-2k7ks-937105442, networkLocation: /default-rack, certSerialId: null} reports an CLOSED replica.
2019-10-31 13:05:07,537 [EventQueue-ContainerReportForContainerReportHandler] WARN  container.ContainerReportHandler (AbstractContainerReportHandler.java:updateContainerState(145)) - Container #1 is in OPEN state, but the datanode bb6aa9e0-dd06-4c88-93db-4ae7898bc0a1{ip: 192.168.157.200, host: pr-hdds-1701-2k7ks-937105442, networkLocation: /default-rack, certSerialId: null} reports an CLOSED replica.
2019-10-31 13:05:07,781 [BlockDeletingService#2] WARN  background.BlockDeletingService (BlockDeletingService.java:isDeletionAllowed(187)) - Close Container log Index 6 is not replicated across allthe servers in the pipeline 5381b01c-8196-43cd-825c-b36abc200b12 as the min replicated index is 4. Deletion is not allowed in this container yet.
2019-10-31 13:05:07,781 [BlockDeletingService#5] WARN  background.BlockDeletingService (BlockDeletingService.java:isDeletionAllowed(187)) - Close Container log Index 6 is not replicated across allthe servers in the pipeline 5381b01c-8196-43cd-825c-b36abc200b12 as the min replicated index is 4. Deletion is not allowed in this container yet.
2019-10-31 13:05:07,837 [EventQueue-ContainerReportForContainerReportHandler] WARN  container.ContainerReportHandler (AbstractContainerReportHandler.java:updateContainerState(145)) - Container #1 is in OPEN state, but the datanode bb6aa9e0-dd06-4c88-93db-4ae7898bc0a1{ip: 192.168.157.200, host: pr-hdds-1701-2k7ks-937105442, networkLocation: /default-rack, certSerialId: null} reports an CLOSED replica.
2019-10-31 13:05:07,922 [EventQueue-ContainerReportForContainerReportHandler] WARN  container.ContainerReportHandler (AbstractContainerReportHandler.java:updateContainerState(145)) - Container #1 is in OPEN state, but the datanode acc98349-19c8-4839-9f32-ec7ab3c247da{ip: 192.168.157.200, host: pr-hdds-1701-2k7ks-937105442, networkLocation: /default-rack, certSerialId: null} reports an CLOSED replica.
2019-10-31 13:05:08,037 [EventQueue-ContainerReportForContainerReportHandler] WARN  container.ContainerReportHandler (AbstractContainerReportHandler.java:updateContainerState(145)) - Container #1 is in OPEN state, but the datanode bb6aa9e0-dd06-4c88-93db-4ae7898bc0a1{ip: 192.168.157.200, host: pr-hdds-1701-2k7ks-937105442, networkLocation: /default-rack, certSerialId: null} reports an CLOSED replica.
2019-10-31 13:05:08,122 [EventQueue-ContainerReportForContainerReportHandler] WARN  container.ContainerReportHandler (AbstractContainerReportHandler.java:updateContainerState(145)) - Container #1 is in OPEN state, but the datanode acc98349-19c8-4839-9f32-ec7ab3c247da{ip: 192.168.157.200, host: pr-hdds-1701-2k7ks-937105442, networkLocation: /default-rack, certSerialId: null} reports an CLOSED replica.
2019-10-31 13:05:08,337 [EventQueue-ContainerReportForContainerReportHandler] WARN  container.ContainerReportHandler (AbstractContainerReportHandler.java:updateContainerState(145)) - Container #1 is in OPEN state, but the datanode bb6aa9e0-dd06-4c88-93db-4ae7898bc0a1{ip: 192.168.157.200, host: pr-hdds-1701-2k7ks-937105442, networkLocation: /default-rack, certSerialId: null} reports an CLOSED replica.
2019-10-31 13:05:08,522 [EventQueue-ContainerReportForContainerReportHandler] WARN  container.ContainerReportHandler (AbstractContainerReportHandler.java:updateContainerState(145)) - Container #1 is in OPEN state, but the datanode acc98349-19c8-4839-9f32-ec7ab3c247da{ip: 192.168.157.200, host: pr-hdds-1701-2k7ks-937105442, networkLocation: /default-rack, certSerialId: null} reports an CLOSED replica.
2019-10-31 13:05:08,638 [EventQueue-ContainerReportForContainerReportHandler] WARN  container.ContainerReportHandler (AbstractContainerReportHandler.java:updateContainerState(145)) - Container #1 is in OPEN state, but the datanode bb6aa9e0-dd06-4c88-93db-4ae7898bc0a1{ip: 192.168.157.200, host: pr-hdds-1701-2k7ks-937105442, networkLocation: /default-rack, certSerialId: null} reports an CLOSED replica.
2019-10-31 13:05:08,783 [BlockDeletingService#5] WARN  background.BlockDeletingService (BlockDeletingService.java:isDeletionAllowed(187)) - Close Container log Index 6 is not replicated across allthe servers in the pipeline 5381b01c-8196-43cd-825c-b36abc200b12 as the min replicated index is 4. Deletion is not allowed in this container yet.
2019-10-31 13:05:08,783 [BlockDeletingService#2] WARN  background.BlockDeletingService (BlockDeletingService.java:isDeletionAllowed(187)) - Close Container log Index 6 is not replicated across allthe servers in the pipeline 5381b01c-8196-43cd-825c-b36abc200b12 as the min replicated index is 4. Deletion is not allowed in this container yet.
2019-10-31 13:05:08,823 [EventQueue-ContainerReportForContainerReportHandler] WARN  container.ContainerReportHandler (AbstractContainerReportHandler.java:updateContainerState(145)) - Container #1 is in OPEN state, but the datanode acc98349-19c8-4839-9f32-ec7ab3c247da{ip: 192.168.157.200, host: pr-hdds-1701-2k7ks-937105442, networkLocation: /default-rack, certSerialId: null} reports an CLOSED replica.
2019-10-31 13:05:08,839 [EventQueue-ContainerReportForContainerReportHandler] WARN  container.ContainerReportHandler (AbstractContainerReportHandler.java:updateContainerState(145)) - Container #1 is in OPEN state, but the datanode bb6aa9e0-dd06-4c88-93db-4ae7898bc0a1{ip: 192.168.157.200, host: pr-hdds-1701-2k7ks-937105442, networkLocation: /default-rack, certSerialId: null} reports an CLOSED replica.
2019-10-31 13:05:09,122 [EventQueue-ContainerReportForContainerReportHandler] WARN  container.ContainerReportHandler (AbstractContainerReportHandler.java:updateContainerState(145)) - Container #1 is in OPEN state, but the datanode acc98349-19c8-4839-9f32-ec7ab3c247da{ip: 192.168.157.200, host: pr-hdds-1701-2k7ks-937105442, networkLocation: /default-rack, certSerialId: null} reports an CLOSED replica.
2019-10-31 13:05:09,139 [EventQueue-ContainerReportForContainerReportHandler] WARN  container.ContainerReportHandler (AbstractContainerReportHandler.java:updateContainerState(145)) - Container #1 is in OPEN state, but the datanode bb6aa9e0-dd06-4c88-93db-4ae7898bc0a1{ip: 192.168.157.200, host: pr-hdds-1701-2k7ks-937105442, networkLocation: /default-rack, certSerialId: null} reports an CLOSED replica.
2019-10-31 13:05:09,322 [EventQueue-ContainerReportForContainerReportHandler] WARN  container.ContainerReportHandler (AbstractContainerReportHandler.java:updateContainerState(145)) - Container #1 is in OPEN state, but the datanode acc98349-19c8-4839-9f32-ec7ab3c247da{ip: 192.168.157.200, host: pr-hdds-1701-2k7ks-937105442, networkLocation: /default-rack, certSerialId: null} reports an CLOSED replica.
2019-10-31 13:05:09,541 [EventQueue-ContainerReportForContainerReportHandler] WARN  container.ContainerReportHandler (AbstractContainerReportHandler.java:updateContainerState(145)) - Container #1 is in OPEN state, but the datanode bb6aa9e0-dd06-4c88-93db-4ae7898bc0a1{ip: 192.168.157.200, host: pr-hdds-1701-2k7ks-937105442, networkLocation: /default-rack, certSerialId: null} reports an CLOSED replica.
2019-10-31 13:05:09,622 [EventQueue-ContainerReportForContainerReportHandler] WARN  container.ContainerReportHandler (AbstractContainerReportHandler.java:updateContainerState(145)) - Container #1 is in OPEN state, but the datanode acc98349-19c8-4839-9f32-ec7ab3c247da{ip: 192.168.157.200, host: pr-hdds-1701-2k7ks-937105442, networkLocation: /default-rack, certSerialId: null} reports an CLOSED replica.
2019-10-31 13:05:09,742 [EventQueue-ContainerReportForContainerReportHandler] WARN  container.ContainerReportHandler (AbstractContainerReportHandler.java:updateContainerState(145)) - Container #1 is in OPEN state, but the datanode bb6aa9e0-dd06-4c88-93db-4ae7898bc0a1{ip: 192.168.157.200, host: pr-hdds-1701-2k7ks-937105442, networkLocation: /default-rack, certSerialId: null} reports an CLOSED replica.
2019-10-31 13:05:09,749 [java.util.concurrent.ThreadPoolExecutor$Worker@79e4e00a[State = -1, empty queue]] WARN  server.GrpcLogAppender (GrpcLogAppender.java:timeoutAppendRequest(209)) - acc98349-19c8-4839-9f32-ec7ab3c247da@group-B36ABC200B12->cfcebab0-3c5e-460b-914c-a75f26ecc6be-GrpcLogAppender: appendEntries Timeout, request=acc98349-19c8-4839-9f32-ec7ab3c247da->cfcebab0-3c5e-460b-914c-a75f26ecc6be#29-t1, previous=(t:1, i:10), leaderCommit=10, initializing? false, entries: <empty>
2019-10-31 13:05:09,785 [BlockDeletingService#5] WARN  background.BlockDeletingService (BlockDeletingService.java:isDeletionAllowed(187)) - Close Container log Index 6 is not replicated across allthe servers in the pipeline 5381b01c-8196-43cd-825c-b36abc200b12 as the min replicated index is 4. Deletion is not allowed in this container yet.
2019-10-31 13:05:09,785 [BlockDeletingService#2] WARN  background.BlockDeletingService (BlockDeletingService.java:isDeletionAllowed(187)) - Close Container log Index 6 is not replicated across allthe servers in the pipeline 5381b01c-8196-43cd-825c-b36abc200b12 as the min replicated index is 4. Deletion is not allowed in this container yet.
2019-10-31 13:05:09,922 [EventQueue-ContainerReportForContainerReportHandler] WARN  container.ContainerReportHandler (AbstractContainerReportHandler.java:updateContainerState(145)) - Container #1 is in OPEN state, but the datanode acc98349-19c8-4839-9f32-ec7ab3c247da{ip: 192.168.157.200, host: pr-hdds-1701-2k7ks-937105442, networkLocation: /default-rack, certSerialId: null} reports an CLOSED replica.
2019-10-31 13:05:09,943 [EventQueue-ContainerReportForContainerReportHandler] WARN  container.ContainerReportHandler (AbstractContainerReportHandler.java:updateContainerState(145)) - Container #1 is in OPEN state, but the datanode bb6aa9e0-dd06-4c88-93db-4ae7898bc0a1{ip: 192.168.157.200, host: pr-hdds-1701-2k7ks-937105442, networkLocation: /default-rack, certSerialId: null} reports an CLOSED replica.
2019-10-31 13:05:10,224 [EventQueue-ContainerReportForContainerReportHandler] WARN  container.ContainerReportHandler (AbstractContainerReportHandler.java:updateContainerState(145)) - Container #1 is in OPEN state, but the datanode acc98349-19c8-4839-9f32-ec7ab3c247da{ip: 192.168.157.200, host: pr-hdds-1701-2k7ks-937105442, networkLocation: /default-rack, certSerialId: null} reports an CLOSED replica.
2019-10-31 13:05:10,244 [EventQueue-ContainerReportForContainerReportHandler] WARN  container.ContainerReportHandler (AbstractContainerReportHandler.java:updateContainerState(145)) - Container #1 is in OPEN state, but the datanode bb6aa9e0-dd06-4c88-93db-4ae7898bc0a1{ip: 192.168.157.200, host: pr-hdds-1701-2k7ks-937105442, networkLocation: /default-rack, certSerialId: null} reports an CLOSED replica.
2019-10-31 13:05:10,526 [EventQueue-ContainerReportForContainerReportHandler] WARN  container.ContainerReportHandler (AbstractContainerReportHandler.java:updateContainerState(145)) - Container #1 is in OPEN state, but the datanode acc98349-19c8-4839-9f32-ec7ab3c247da{ip: 192.168.157.200, host: pr-hdds-1701-2k7ks-937105442, networkLocation: /default-rack, certSerialId: null} reports an CLOSED replica.
2019-10-31 13:05:10,544 [EventQueue-ContainerReportForContainerReportHandler] WARN  container.ContainerReportHandler (AbstractContainerReportHandler.java:updateContainerState(145)) - Container #1 is in OPEN state, but the datanode bb6aa9e0-dd06-4c88-93db-4ae7898bc0a1{ip: 192.168.157.200, host: pr-hdds-1701-2k7ks-937105442, networkLocation: /default-rack, certSerialId: null} reports an CLOSED replica.
2019-10-31 13:05:10,786 [BlockDeletingService#5] WARN  background.BlockDeletingService (BlockDeletingService.java:isDeletionAllowed(187)) - Close Container log Index 6 is not replicated across allthe servers in the pipeline 5381b01c-8196-43cd-825c-b36abc200b12 as the min replicated index is 4. Deletion is not allowed in this container yet.
2019-10-31 13:05:10,786 [BlockDeletingService#2] WARN  background.BlockDeletingService (BlockDeletingService.java:isDeletionAllowed(187)) - Close Container log Index 6 is not replicated across allthe servers in the pipeline 5381b01c-8196-43cd-825c-b36abc200b12 as the min replicated index is 4. Deletion is not allowed in this container yet.
2019-10-31 13:05:10,844 [EventQueue-ContainerReportForContainerReportHandler] WARN  container.ContainerReportHandler (AbstractContainerReportHandler.java:updateContainerState(145)) - Container #1 is in OPEN state, but the datanode bb6aa9e0-dd06-4c88-93db-4ae7898bc0a1{ip: 192.168.157.200, host: pr-hdds-1701-2k7ks-937105442, networkLocation: /default-rack, certSerialId: null} reports an CLOSED replica.
2019-10-31 13:05:10,927 [EventQueue-ContainerReportForContainerReportHandler] WARN  container.ContainerReportHandler (AbstractContainerReportHandler.java:updateContainerState(145)) - Container #1 is in OPEN state, but the datanode acc98349-19c8-4839-9f32-ec7ab3c247da{ip: 192.168.157.200, host: pr-hdds-1701-2k7ks-937105442, networkLocation: /default-rack, certSerialId: null} reports an CLOSED replica.
2019-10-31 13:05:11,144 [EventQueue-ContainerReportForContainerReportHandler] WARN  container.ContainerReportHandler (AbstractContainerReportHandler.java:updateContainerState(145)) - Container #1 is in OPEN state, but the datanode bb6aa9e0-dd06-4c88-93db-4ae7898bc0a1{ip: 192.168.157.200, host: pr-hdds-1701-2k7ks-937105442, networkLocation: /default-rack, certSerialId: null} reports an CLOSED replica.
2019-10-31 13:05:11,327 [EventQueue-ContainerReportForContainerReportHandler] WARN  container.ContainerReportHandler (AbstractContainerReportHandler.java:updateContainerState(145)) - Container #1 is in OPEN state, but the datanode acc98349-19c8-4839-9f32-ec7ab3c247da{ip: 192.168.157.200, host: pr-hdds-1701-2k7ks-937105442, networkLocation: /default-rack, certSerialId: null} reports an CLOSED replica.
2019-10-31 13:05:11,544 [EventQueue-ContainerReportForContainerReportHandler] WARN  container.ContainerReportHandler (AbstractContainerReportHandler.java:updateContainerState(145)) - Container #1 is in OPEN state, but the datanode bb6aa9e0-dd06-4c88-93db-4ae7898bc0a1{ip: 192.168.157.200, host: pr-hdds-1701-2k7ks-937105442, networkLocation: /default-rack, certSerialId: null} reports an CLOSED replica.
2019-10-31 13:05:11,627 [EventQueue-ContainerReportForContainerReportHandler] WARN  container.ContainerReportHandler (AbstractContainerReportHandler.java:updateContainerState(145)) - Container #1 is in OPEN state, but the datanode acc98349-19c8-4839-9f32-ec7ab3c247da{ip: 192.168.157.200, host: pr-hdds-1701-2k7ks-937105442, networkLocation: /default-rack, certSerialId: null} reports an CLOSED replica.
2019-10-31 13:05:11,788 [BlockDeletingService#5] WARN  background.BlockDeletingService (BlockDeletingService.java:isDeletionAllowed(187)) - Close Container log Index 6 is not replicated across allthe servers in the pipeline 5381b01c-8196-43cd-825c-b36abc200b12 as the min replicated index is 4. Deletion is not allowed in this container yet.
2019-10-31 13:05:11,788 [BlockDeletingService#2] WARN  background.BlockDeletingService (BlockDeletingService.java:isDeletionAllowed(187)) - Close Container log Index 6 is not replicated across allthe servers in the pipeline 5381b01c-8196-43cd-825c-b36abc200b12 as the min replicated index is 4. Deletion is not allowed in this container yet.
2019-10-31 13:05:11,927 [EventQueue-ContainerReportForContainerReportHandler] WARN  container.ContainerReportHandler (AbstractContainerReportHandler.java:updateContainerState(145)) - Container #1 is in OPEN state, but the datanode acc98349-19c8-4839-9f32-ec7ab3c247da{ip: 192.168.157.200, host: pr-hdds-1701-2k7ks-937105442, networkLocation: /default-rack, certSerialId: null} reports an CLOSED replica.
2019-10-31 13:05:11,944 [EventQueue-ContainerReportForContainerReportHandler] WARN  container.ContainerReportHandler (AbstractContainerReportHandler.java:updateContainerState(145)) - Container #1 is in OPEN state, but the datanode bb6aa9e0-dd06-4c88-93db-4ae7898bc0a1{ip: 192.168.157.200, host: pr-hdds-1701-2k7ks-937105442, networkLocation: /default-rack, certSerialId: null} reports an CLOSED replica.
2019-10-31 13:05:12,127 [EventQueue-ContainerReportForContainerReportHandler] WARN  container.ContainerReportHandler (AbstractContainerReportHandler.java:updateContainerState(145)) - Container #1 is in OPEN state, but the datanode acc98349-19c8-4839-9f32-ec7ab3c247da{ip: 192.168.157.200, host: pr-hdds-1701-2k7ks-937105442, networkLocation: /default-rack, certSerialId: null} reports an CLOSED replica.
2019-10-31 13:05:12,144 [EventQueue-ContainerReportForContainerReportHandler] WARN  container.ContainerReportHandler (AbstractContainerReportHandler.java:updateContainerState(145)) - Container #1 is in OPEN state, but the datanode bb6aa9e0-dd06-4c88-93db-4ae7898bc0a1{ip: 192.168.157.200, host: pr-hdds-1701-2k7ks-937105442, networkLocation: /default-rack, certSerialId: null} reports an CLOSED replica.
2019-10-31 13:05:12,251 [java.util.concurrent.ThreadPoolExecutor$Worker@79e4e00a[State = -1, empty queue]] WARN  server.GrpcLogAppender (GrpcLogAppender.java:timeoutAppendRequest(209)) - acc98349-19c8-4839-9f32-ec7ab3c247da@group-B36ABC200B12->cfcebab0-3c5e-460b-914c-a75f26ecc6be-GrpcLogAppender: appendEntries Timeout, request=acc98349-19c8-4839-9f32-ec7ab3c247da->cfcebab0-3c5e-460b-914c-a75f26ecc6be#30-t1, previous=(t:1, i:10), leaderCommit=10, initializing? false, entries: <empty>
2019-10-31 13:05:12,427 [EventQueue-ContainerReportForContainerReportHandler] WARN  container.ContainerReportHandler (AbstractContainerReportHandler.java:updateContainerState(145)) - Container #1 is in OPEN state, but the datanode acc98349-19c8-4839-9f32-ec7ab3c247da{ip: 192.168.157.200, host: pr-hdds-1701-2k7ks-937105442, networkLocation: /default-rack, certSerialId: null} reports an CLOSED replica.
2019-10-31 13:05:12,444 [EventQueue-ContainerReportForContainerReportHandler] WARN  container.ContainerReportHandler (AbstractContainerReportHandler.java:updateContainerState(145)) - Container #1 is in OPEN state, but the datanode bb6aa9e0-dd06-4c88-93db-4ae7898bc0a1{ip: 192.168.157.200, host: pr-hdds-1701-2k7ks-937105442, networkLocation: /default-rack, certSerialId: null} reports an CLOSED replica.
2019-10-31 13:05:12,728 [EventQueue-ContainerReportForContainerReportHandler] WARN  container.ContainerReportHandler (AbstractContainerReportHandler.java:updateContainerState(145)) - Container #1 is in OPEN state, but the datanode acc98349-19c8-4839-9f32-ec7ab3c247da{ip: 192.168.157.200, host: pr-hdds-1701-2k7ks-937105442, networkLocation: /default-rack, certSerialId: null} reports an CLOSED replica.
2019-10-31 13:05:12,744 [EventQueue-ContainerReportForContainerReportHandler] WARN  container.ContainerReportHandler (AbstractContainerReportHandler.java:updateContainerState(145)) - Container #1 is in OPEN state, but the datanode bb6aa9e0-dd06-4c88-93db-4ae7898bc0a1{ip: 192.168.157.200, host: pr-hdds-1701-2k7ks-937105442, networkLocation: /default-rack, certSerialId: null} reports an CLOSED replica.
2019-10-31 13:05:12,790 [BlockDeletingService#2] WARN  background.BlockDeletingService (BlockDeletingService.java:isDeletionAllowed(187)) - Close Container log Index 6 is not replicated across allthe servers in the pipeline 5381b01c-8196-43cd-825c-b36abc200b12 as the min replicated index is 4. Deletion is not allowed in this container yet.
2019-10-31 13:05:12,790 [BlockDeletingService#5] WARN  background.BlockDeletingService (BlockDeletingService.java:isDeletionAllowed(187)) - Close Container log Index 6 is not replicated across allthe servers in the pipeline 5381b01c-8196-43cd-825c-b36abc200b12 as the min replicated index is 4. Deletion is not allowed in this container yet.
2019-10-31 13:05:13,027 [EventQueue-ContainerReportForContainerReportHandler] WARN  container.ContainerReportHandler (AbstractContainerReportHandler.java:updateContainerState(145)) - Container #1 is in OPEN state, but the datanode acc98349-19c8-4839-9f32-ec7ab3c247da{ip: 192.168.157.200, host: pr-hdds-1701-2k7ks-937105442, networkLocation: /default-rack, certSerialId: null} reports an CLOSED replica.
2019-10-31 13:05:13,045 [EventQueue-ContainerReportForContainerReportHandler] WARN  container.ContainerReportHandler (AbstractContainerReportHandler.java:updateContainerState(145)) - Container #1 is in OPEN state, but the datanode bb6aa9e0-dd06-4c88-93db-4ae7898bc0a1{ip: 192.168.157.200, host: pr-hdds-1701-2k7ks-937105442, networkLocation: /default-rack, certSerialId: null} reports an CLOSED replica.
2019-10-31 13:05:13,345 [EventQueue-ContainerReportForContainerReportHandler] WARN  container.ContainerReportHandler (AbstractContainerReportHandler.java:updateContainerState(145)) - Container #1 is in OPEN state, but the datanode bb6aa9e0-dd06-4c88-93db-4ae7898bc0a1{ip: 192.168.157.200, host: pr-hdds-1701-2k7ks-937105442, networkLocation: /default-rack, certSerialId: null} reports an CLOSED replica.
2019-10-31 13:05:13,428 [EventQueue-ContainerReportForContainerReportHandler] WARN  container.ContainerReportHandler (AbstractContainerReportHandler.java:updateContainerState(145)) - Container #1 is in OPEN state, but the datanode acc98349-19c8-4839-9f32-ec7ab3c247da{ip: 192.168.157.200, host: pr-hdds-1701-2k7ks-937105442, networkLocation: /default-rack, certSerialId: null} reports an CLOSED replica.
2019-10-31 13:05:13,646 [EventQueue-ContainerReportForContainerReportHandler] WARN  container.ContainerReportHandler (AbstractContainerReportHandler.java:updateContainerState(145)) - Container #1 is in OPEN state, but the datanode bb6aa9e0-dd06-4c88-93db-4ae7898bc0a1{ip: 192.168.157.200, host: pr-hdds-1701-2k7ks-937105442, networkLocation: /default-rack, certSerialId: null} reports an CLOSED replica.
2019-10-31 13:05:13,792 [BlockDeletingService#5] WARN  background.BlockDeletingService (BlockDeletingService.java:isDeletionAllowed(187)) - Close Container log Index 6 is not replicated across allthe servers in the pipeline 5381b01c-8196-43cd-825c-b36abc200b12 as the min replicated index is 4. Deletion is not allowed in this container yet.
2019-10-31 13:05:13,792 [BlockDeletingService#2] WARN  background.BlockDeletingService (BlockDeletingService.java:isDeletionAllowed(187)) - Close Container log Index 6 is not replicated across allthe servers in the pipeline 5381b01c-8196-43cd-825c-b36abc200b12 as the min replicated index is 4. Deletion is not allowed in this container yet.
2019-10-31 13:05:13,830 [EventQueue-ContainerReportForContainerReportHandler] WARN  container.ContainerReportHandler (AbstractContainerReportHandler.java:updateContainerState(145)) - Container #1 is in OPEN state, but the datanode acc98349-19c8-4839-9f32-ec7ab3c247da{ip: 192.168.157.200, host: pr-hdds-1701-2k7ks-937105442, networkLocation: /default-rack, certSerialId: null} reports an CLOSED replica.
2019-10-31 13:05:14,046 [EventQueue-ContainerReportForContainerReportHandler] WARN  container.ContainerReportHandler (AbstractContainerReportHandler.java:updateContainerState(145)) - Container #1 is in OPEN state, but the datanode bb6aa9e0-dd06-4c88-93db-4ae7898bc0a1{ip: 192.168.157.200, host: pr-hdds-1701-2k7ks-937105442, networkLocation: /default-rack, certSerialId: null} reports an CLOSED replica.
2019-10-31 13:05:14,129 [EventQueue-ContainerReportForContainerReportHandler] WARN  container.ContainerReportHandler (AbstractContainerReportHandler.java:updateContainerState(145)) - Container #1 is in OPEN state, but the datanode acc98349-19c8-4839-9f32-ec7ab3c247da{ip: 192.168.157.200, host: pr-hdds-1701-2k7ks-937105442, networkLocation: /default-rack, certSerialId: null} reports an CLOSED replica.
2019-10-31 13:05:14,329 [EventQueue-ContainerReportForContainerReportHandler] WARN  container.ContainerReportHandler (AbstractContainerReportHandler.java:updateContainerState(145)) - Container #1 is in OPEN state, but the datanode acc98349-19c8-4839-9f32-ec7ab3c247da{ip: 192.168.157.200, host: pr-hdds-1701-2k7ks-937105442, networkLocation: /default-rack, certSerialId: null} reports an CLOSED replica.
2019-10-31 13:05:14,346 [EventQueue-ContainerReportForContainerReportHandler] WARN  container.ContainerReportHandler (AbstractContainerReportHandler.java:updateContainerState(145)) - Container #1 is in OPEN state, but the datanode bb6aa9e0-dd06-4c88-93db-4ae7898bc0a1{ip: 192.168.157.200, host: pr-hdds-1701-2k7ks-937105442, networkLocation: /default-rack, certSerialId: null} reports an CLOSED replica.
2019-10-31 13:05:14,546 [EventQueue-ContainerReportForContainerReportHandler] WARN  container.ContainerReportHandler (AbstractContainerReportHandler.java:updateContainerState(145)) - Container #1 is in OPEN state, but the datanode bb6aa9e0-dd06-4c88-93db-4ae7898bc0a1{ip: 192.168.157.200, host: pr-hdds-1701-2k7ks-937105442, networkLocation: /default-rack, certSerialId: null} reports an CLOSED replica.
2019-10-31 13:05:14,629 [EventQueue-ContainerReportForContainerReportHandler] WARN  container.ContainerReportHandler (AbstractContainerReportHandler.java:updateContainerState(145)) - Container #1 is in OPEN state, but the datanode acc98349-19c8-4839-9f32-ec7ab3c247da{ip: 192.168.157.200, host: pr-hdds-1701-2k7ks-937105442, networkLocation: /default-rack, certSerialId: null} reports an CLOSED replica.
2019-10-31 13:05:14,751 [java.util.concurrent.ThreadPoolExecutor$Worker@79e4e00a[State = -1, empty queue]] WARN  server.GrpcLogAppender (GrpcLogAppender.java:timeoutAppendRequest(209)) - acc98349-19c8-4839-9f32-ec7ab3c247da@group-B36ABC200B12->cfcebab0-3c5e-460b-914c-a75f26ecc6be-GrpcLogAppender: appendEntries Timeout, request=acc98349-19c8-4839-9f32-ec7ab3c247da->cfcebab0-3c5e-460b-914c-a75f26ecc6be#31-t1, previous=(t:1, i:10), leaderCommit=10, initializing? false, entries: <empty>
2019-10-31 13:05:14,793 [BlockDeletingService#5] WARN  background.BlockDeletingService (BlockDeletingService.java:isDeletionAllowed(187)) - Close Container log Index 6 is not replicated across allthe servers in the pipeline 5381b01c-8196-43cd-825c-b36abc200b12 as the min replicated index is 4. Deletion is not allowed in this container yet.
2019-10-31 13:05:14,793 [BlockDeletingService#2] WARN  background.BlockDeletingService (BlockDeletingService.java:isDeletionAllowed(187)) - Close Container log Index 6 is not replicated across allthe servers in the pipeline 5381b01c-8196-43cd-825c-b36abc200b12 as the min replicated index is 4. Deletion is not allowed in this container yet.
2019-10-31 13:05:14,849 [Thread-378] INFO  client.GrpcClientProtocolService (GrpcClientProtocolService.java:lambda$processClientRequest$0(279)) - Failed RaftClientRequest:client-E8694136A95C->bb6aa9e0-dd06-4c88-93db-4ae7898bc0a1@group-B36ABC200B12, cid=10, seq=0, Watch-ALL_COMMITTED(6), Message:<EMPTY>, reply=RaftClientReply:client-E8694136A95C->bb6aa9e0-dd06-4c88-93db-4ae7898bc0a1@group-B36ABC200B12, cid=10, FAILED org.apache.ratis.protocol.NotLeaderException: Server bb6aa9e0-dd06-4c88-93db-4ae7898bc0a1@group-B36ABC200B12 is not the leader acc98349-19c8-4839-9f32-ec7ab3c247da:192.168.157.200:43538, logIndex=0, commits[bb6aa9e0-dd06-4c88-93db-4ae7898bc0a1:c10, cfcebab0-3c5e-460b-914c-a75f26ecc6be:c4, acc98349-19c8-4839-9f32-ec7ab3c247da:c10]
2019-10-31 13:05:14,929 [EventQueue-ContainerReportForContainerReportHandler] WARN  container.ContainerReportHandler (AbstractContainerReportHandler.java:updateContainerState(145)) - Container #1 is in OPEN state, but the datanode acc98349-19c8-4839-9f32-ec7ab3c247da{ip: 192.168.157.200, host: pr-hdds-1701-2k7ks-937105442, networkLocation: /default-rack, certSerialId: null} reports an CLOSED replica.
2019-10-31 13:05:14,946 [EventQueue-ContainerReportForContainerReportHandler] WARN  container.ContainerReportHandler (AbstractContainerReportHandler.java:updateContainerState(145)) - Container #1 is in OPEN state, but the datanode bb6aa9e0-dd06-4c88-93db-4ae7898bc0a1{ip: 192.168.157.200, host: pr-hdds-1701-2k7ks-937105442, networkLocation: /default-rack, certSerialId: null} reports an CLOSED replica.
2019-10-31 13:05:15,130 [EventQueue-ContainerReportForContainerReportHandler] WARN  container.ContainerReportHandler (AbstractContainerReportHandler.java:updateContainerState(145)) - Container #1 is in OPEN state, but the datanode acc98349-19c8-4839-9f32-ec7ab3c247da{ip: 192.168.157.200, host: pr-hdds-1701-2k7ks-937105442, networkLocation: /default-rack, certSerialId: null} reports an CLOSED replica.
2019-10-31 13:05:15,246 [EventQueue-ContainerReportForContainerReportHandler] WARN  container.ContainerReportHandler (AbstractContainerReportHandler.java:updateContainerState(145)) - Container #1 is in OPEN state, but the datanode bb6aa9e0-dd06-4c88-93db-4ae7898bc0a1{ip: 192.168.157.200, host: pr-hdds-1701-2k7ks-937105442, networkLocation: /default-rack, certSerialId: null} reports an CLOSED replica.
2019-10-31 13:05:15,429 [EventQueue-ContainerReportForContainerReportHandler] WARN  container.ContainerReportHandler (AbstractContainerReportHandler.java:updateContainerState(145)) - Container #1 is in OPEN state, but the datanode acc98349-19c8-4839-9f32-ec7ab3c247da{ip: 192.168.157.200, host: pr-hdds-1701-2k7ks-937105442, networkLocation: /default-rack, certSerialId: null} reports an CLOSED replica.
2019-10-31 13:05:15,585 [Thread-381] INFO  client.GrpcClientProtocolService (GrpcClientProtocolService.java:lambda$processClientRequest$0(279)) - Failed RaftClientRequest:client-E8694136A95C->acc98349-19c8-4839-9f32-ec7ab3c247da@group-B36ABC200B12, cid=10, seq=0, Watch-ALL_COMMITTED(6), Message:<EMPTY>, reply=RaftClientReply:client-E8694136A95C->acc98349-19c8-4839-9f32-ec7ab3c247da@group-B36ABC200B12, cid=10, FAILED org.apache.ratis.protocol.NotReplicatedException: Request with call Id 10 and log index 6 is not yet replicated to ALL_COMMITTED, logIndex=6, commits[acc98349-19c8-4839-9f32-ec7ab3c247da:c10, cfcebab0-3c5e-460b-914c-a75f26ecc6be:c4, bb6aa9e0-dd06-4c88-93db-4ae7898bc0a1:c10]
2019-10-31 13:05:15,630 [EventQueue-ContainerReportForContainerReportHandler] WARN  container.ContainerReportHandler (AbstractContainerReportHandler.java:updateContainerState(145)) - Container #1 is in OPEN state, but the datanode acc98349-19c8-4839-9f32-ec7ab3c247da{ip: 192.168.157.200, host: pr-hdds-1701-2k7ks-937105442, networkLocation: /default-rack, certSerialId: null} reports an CLOSED replica.
2019-10-31 13:05:15,646 [EventQueue-ContainerReportForContainerReportHandler] WARN  container.ContainerReportHandler (AbstractContainerReportHandler.java:updateContainerState(145)) - Container #1 is in OPEN state, but the datanode bb6aa9e0-dd06-4c88-93db-4ae7898bc0a1{ip: 192.168.157.200, host: pr-hdds-1701-2k7ks-937105442, networkLocation: /default-rack, certSerialId: null} reports an CLOSED replica.
2019-10-31 13:05:15,796 [BlockDeletingService#2] WARN  background.BlockDeletingService (BlockDeletingService.java:isDeletionAllowed(187)) - Close Container log Index 6 is not replicated across allthe servers in the pipeline 5381b01c-8196-43cd-825c-b36abc200b12 as the min replicated index is 4. Deletion is not allowed in this container yet.
2019-10-31 13:05:15,796 [BlockDeletingService#5] WARN  background.BlockDeletingService (BlockDeletingService.java:isDeletionAllowed(187)) - Close Container log Index 6 is not replicated across allthe servers in the pipeline 5381b01c-8196-43cd-825c-b36abc200b12 as the min replicated index is 4. Deletion is not allowed in this container yet.
2019-10-31 13:05:15,846 [EventQueue-ContainerReportForContainerReportHandler] WARN  container.ContainerReportHandler (AbstractContainerReportHandler.java:updateContainerState(145)) - Container #1 is in OPEN state, but the datanode bb6aa9e0-dd06-4c88-93db-4ae7898bc0a1{ip: 192.168.157.200, host: pr-hdds-1701-2k7ks-937105442, networkLocation: /default-rack, certSerialId: null} reports an CLOSED replica.
2019-10-31 13:05:15,930 [EventQueue-ContainerReportForContainerReportHandler] WARN  container.ContainerReportHandler (AbstractContainerReportHandler.java:updateContainerState(145)) - Container #1 is in OPEN state, but the datanode acc98349-19c8-4839-9f32-ec7ab3c247da{ip: 192.168.157.200, host: pr-hdds-1701-2k7ks-937105442, networkLocation: /default-rack, certSerialId: null} reports an CLOSED replica.
2019-10-31 13:05:16,130 [EventQueue-ContainerReportForContainerReportHandler] WARN  container.ContainerReportHandler (AbstractContainerReportHandler.java:updateContainerState(145)) - Container #1 is in OPEN state, but the datanode acc98349-19c8-4839-9f32-ec7ab3c247da{ip: 192.168.157.200, host: pr-hdds-1701-2k7ks-937105442, networkLocation: /default-rack, certSerialId: null} reports an CLOSED replica.
2019-10-31 13:05:16,247 [EventQueue-ContainerReportForContainerReportHandler] WARN  container.ContainerReportHandler (AbstractContainerReportHandler.java:updateContainerState(145)) - Container #1 is in OPEN state, but the datanode bb6aa9e0-dd06-4c88-93db-4ae7898bc0a1{ip: 192.168.157.200, host: pr-hdds-1701-2k7ks-937105442, networkLocation: /default-rack, certSerialId: null} reports an CLOSED replica.
2019-10-31 13:05:16,430 [EventQueue-ContainerReportForContainerReportHandler] WARN  container.ContainerReportHandler (AbstractContainerReportHandler.java:updateContainerState(145)) - Container #1 is in OPEN state, but the datanode acc98349-19c8-4839-9f32-ec7ab3c247da{ip: 192.168.157.200, host: pr-hdds-1701-2k7ks-937105442, networkLocation: /default-rack, certSerialId: null} reports an CLOSED replica.
2019-10-31 13:05:16,447 [EventQueue-ContainerReportForContainerReportHandler] WARN  container.ContainerReportHandler (AbstractContainerReportHandler.java:updateContainerState(145)) - Container #1 is in OPEN state, but the datanode bb6aa9e0-dd06-4c88-93db-4ae7898bc0a1{ip: 192.168.157.200, host: pr-hdds-1701-2k7ks-937105442, networkLocation: /default-rack, certSerialId: null} reports an CLOSED replica.
2019-10-31 13:05:16,799 [BlockDeletingService#5] WARN  background.BlockDeletingService (BlockDeletingService.java:isDeletionAllowed(187)) - Close Container log Index 6 is not replicated across allthe servers in the pipeline 5381b01c-8196-43cd-825c-b36abc200b12 as the min replicated index is 4. Deletion is not allowed in this container yet.
2019-10-31 13:05:16,799 [BlockDeletingService#2] WARN  background.BlockDeletingService (BlockDeletingService.java:isDeletionAllowed(187)) - Close Container log Index 6 is not replicated across allthe servers in the pipeline 5381b01c-8196-43cd-825c-b36abc200b12 as the min replicated index is 4. Deletion is not allowed in this container yet.
2019-10-31 13:05:16,830 [EventQueue-ContainerReportForContainerReportHandler] WARN  container.ContainerReportHandler (AbstractContainerReportHandler.java:updateContainerState(145)) - Container #1 is in OPEN state, but the datanode acc98349-19c8-4839-9f32-ec7ab3c247da{ip: 192.168.157.200, host: pr-hdds-1701-2k7ks-937105442, networkLocation: /default-rack, certSerialId: null} reports an CLOSED replica.
2019-10-31 13:05:16,847 [EventQueue-ContainerReportForContainerReportHandler] WARN  container.ContainerReportHandler (AbstractContainerReportHandler.java:updateContainerState(145)) - Container #1 is in OPEN state, but the datanode bb6aa9e0-dd06-4c88-93db-4ae7898bc0a1{ip: 192.168.157.200, host: pr-hdds-1701-2k7ks-937105442, networkLocation: /default-rack, certSerialId: null} reports an CLOSED replica.
2019-10-31 13:05:17,131 [EventQueue-ContainerReportForContainerReportHandler] WARN  container.ContainerReportHandler (AbstractContainerReportHandler.java:updateContainerState(145)) - Container #1 is in OPEN state, but the datanode acc98349-19c8-4839-9f32-ec7ab3c247da{ip: 192.168.157.200, host: pr-hdds-1701-2k7ks-937105442, networkLocation: /default-rack, certSerialId: null} reports an CLOSED replica.
2019-10-31 13:05:17,147 [EventQueue-ContainerReportForContainerReportHandler] WARN  container.ContainerReportHandler (AbstractContainerReportHandler.java:updateContainerState(145)) - Container #1 is in OPEN state, but the datanode bb6aa9e0-dd06-4c88-93db-4ae7898bc0a1{ip: 192.168.157.200, host: pr-hdds-1701-2k7ks-937105442, networkLocation: /default-rack, certSerialId: null} reports an CLOSED replica.
2019-10-31 13:05:17,252 [java.util.concurrent.ThreadPoolExecutor$Worker@79e4e00a[State = -1, empty queue]] WARN  server.GrpcLogAppender (GrpcLogAppender.java:timeoutAppendRequest(209)) - acc98349-19c8-4839-9f32-ec7ab3c247da@group-B36ABC200B12->cfcebab0-3c5e-460b-914c-a75f26ecc6be-GrpcLogAppender: appendEntries Timeout, request=acc98349-19c8-4839-9f32-ec7ab3c247da->cfcebab0-3c5e-460b-914c-a75f26ecc6be#32-t1, previous=(t:1, i:10), leaderCommit=10, initializing? false, entries: <empty>
2019-10-31 13:05:17,347 [EventQueue-ContainerReportForContainerReportHandler] WARN  container.ContainerReportHandler (AbstractContainerReportHandler.java:updateContainerState(145)) - Container #1 is in OPEN state, but the datanode bb6aa9e0-dd06-4c88-93db-4ae7898bc0a1{ip: 192.168.157.200, host: pr-hdds-1701-2k7ks-937105442, networkLocation: /default-rack, certSerialId: null} reports an CLOSED replica.
2019-10-31 13:05:17,531 [EventQueue-ContainerReportForContainerReportHandler] WARN  container.ContainerReportHandler (AbstractContainerReportHandler.java:updateContainerState(145)) - Container #1 is in OPEN state, but the datanode acc98349-19c8-4839-9f32-ec7ab3c247da{ip: 192.168.157.200, host: pr-hdds-1701-2k7ks-937105442, networkLocation: /default-rack, certSerialId: null} reports an CLOSED replica.
2019-10-31 13:05:17,647 [EventQueue-ContainerReportForContainerReportHandler] WARN  container.ContainerReportHandler (AbstractContainerReportHandler.java:updateContainerState(145)) - Container #1 is in OPEN state, but the datanode bb6aa9e0-dd06-4c88-93db-4ae7898bc0a1{ip: 192.168.157.200, host: pr-hdds-1701-2k7ks-937105442, networkLocation: /default-rack, certSerialId: null} reports an CLOSED replica.
2019-10-31 13:05:17,732 [EventQueue-ContainerReportForContainerReportHandler] WARN  container.ContainerReportHandler (AbstractContainerReportHandler.java:updateContainerState(145)) - Container #1 is in OPEN state, but the datanode acc98349-19c8-4839-9f32-ec7ab3c247da{ip: 192.168.157.200, host: pr-hdds-1701-2k7ks-937105442, networkLocation: /default-rack, certSerialId: null} reports an CLOSED replica.
2019-10-31 13:05:17,801 [BlockDeletingService#2] WARN  background.BlockDeletingService (BlockDeletingService.java:isDeletionAllowed(187)) - Close Container log Index 6 is not replicated across allthe servers in the pipeline 5381b01c-8196-43cd-825c-b36abc200b12 as the min replicated index is 4. Deletion is not allowed in this container yet.
2019-10-31 13:05:17,801 [BlockDeletingService#5] WARN  background.BlockDeletingService (BlockDeletingService.java:isDeletionAllowed(187)) - Close Container log Index 6 is not replicated across allthe servers in the pipeline 5381b01c-8196-43cd-825c-b36abc200b12 as the min replicated index is 4. Deletion is not allowed in this container yet.
2019-10-31 13:05:17,947 [EventQueue-ContainerReportForContainerReportHandler] WARN  container.ContainerReportHandler (AbstractContainerReportHandler.java:updateContainerState(145)) - Container #1 is in OPEN state, but the datanode bb6aa9e0-dd06-4c88-93db-4ae7898bc0a1{ip: 192.168.157.200, host: pr-hdds-1701-2k7ks-937105442, networkLocation: /default-rack, certSerialId: null} reports an CLOSED replica.
2019-10-31 13:05:18,131 [EventQueue-ContainerReportForContainerReportHandler] WARN  container.ContainerReportHandler (AbstractContainerReportHandler.java:updateContainerState(145)) - Container #1 is in OPEN state, but the datanode acc98349-19c8-4839-9f32-ec7ab3c247da{ip: 192.168.157.200, host: pr-hdds-1701-2k7ks-937105442, networkLocation: /default-rack, certSerialId: null} reports an CLOSED replica.
2019-10-31 13:05:18,347 [EventQueue-ContainerReportForContainerReportHandler] WARN  container.ContainerReportHandler (AbstractContainerReportHandler.java:updateContainerState(145)) - Container #1 is in OPEN state, but the datanode bb6aa9e0-dd06-4c88-93db-4ae7898bc0a1{ip: 192.168.157.200, host: pr-hdds-1701-2k7ks-937105442, networkLocation: /default-rack, certSerialId: null} reports an CLOSED replica.
2019-10-31 13:05:18,434 [EventQueue-ContainerReportForContainerReportHandler] WARN  container.ContainerReportHandler (AbstractContainerReportHandler.java:updateContainerState(145)) - Container #1 is in OPEN state, but the datanode acc98349-19c8-4839-9f32-ec7ab3c247da{ip: 192.168.157.200, host: pr-hdds-1701-2k7ks-937105442, networkLocation: /default-rack, certSerialId: null} reports an CLOSED replica.
2019-10-31 13:05:18,647 [EventQueue-ContainerReportForContainerReportHandler] WARN  container.ContainerReportHandler (AbstractContainerReportHandler.java:updateContainerState(145)) - Container #1 is in OPEN state, but the datanode bb6aa9e0-dd06-4c88-93db-4ae7898bc0a1{ip: 192.168.157.200, host: pr-hdds-1701-2k7ks-937105442, networkLocation: /default-rack, certSerialId: null} reports an CLOSED replica.
2019-10-31 13:05:18,734 [EventQueue-ContainerReportForContainerReportHandler] WARN  container.ContainerReportHandler (AbstractContainerReportHandler.java:updateContainerState(145)) - Container #1 is in OPEN state, but the datanode acc98349-19c8-4839-9f32-ec7ab3c247da{ip: 192.168.157.200, host: pr-hdds-1701-2k7ks-937105442, networkLocation: /default-rack, certSerialId: null} reports an CLOSED replica.
2019-10-31 13:05:18,803 [BlockDeletingService#2] WARN  background.BlockDeletingService (BlockDeletingService.java:isDeletionAllowed(187)) - Close Container log Index 6 is not replicated across allthe servers in the pipeline 5381b01c-8196-43cd-825c-b36abc200b12 as the min replicated index is 4. Deletion is not allowed in this container yet.
2019-10-31 13:05:18,803 [BlockDeletingService#5] WARN  background.BlockDeletingService (BlockDeletingService.java:isDeletionAllowed(187)) - Close Container log Index 6 is not replicated across allthe servers in the pipeline 5381b01c-8196-43cd-825c-b36abc200b12 as the min replicated index is 4. Deletion is not allowed in this container yet.
2019-10-31 13:05:18,934 [EventQueue-ContainerReportForContainerReportHandler] WARN  container.ContainerReportHandler (AbstractContainerReportHandler.java:updateContainerState(145)) - Container #1 is in OPEN state, but the datanode acc98349-19c8-4839-9f32-ec7ab3c247da{ip: 192.168.157.200, host: pr-hdds-1701-2k7ks-937105442, networkLocation: /default-rack, certSerialId: null} reports an CLOSED replica.
2019-10-31 13:05:18,948 [EventQueue-ContainerReportForContainerReportHandler] WARN  container.ContainerReportHandler (AbstractContainerReportHandler.java:updateContainerState(145)) - Container #1 is in OPEN state, but the datanode bb6aa9e0-dd06-4c88-93db-4ae7898bc0a1{ip: 192.168.157.200, host: pr-hdds-1701-2k7ks-937105442, networkLocation: /default-rack, certSerialId: null} reports an CLOSED replica.
2019-10-31 13:05:19,335 [EventQueue-ContainerReportForContainerReportHandler] WARN  container.ContainerReportHandler (AbstractContainerReportHandler.java:updateContainerState(145)) - Container #1 is in OPEN state, but the datanode acc98349-19c8-4839-9f32-ec7ab3c247da{ip: 192.168.157.200, host: pr-hdds-1701-2k7ks-937105442, networkLocation: /default-rack, certSerialId: null} reports an CLOSED replica.
2019-10-31 13:05:19,348 [EventQueue-ContainerReportForContainerReportHandler] WARN  container.ContainerReportHandler (AbstractContainerReportHandler.java:updateContainerState(145)) - Container #1 is in OPEN state, but the datanode bb6aa9e0-dd06-4c88-93db-4ae7898bc0a1{ip: 192.168.157.200, host: pr-hdds-1701-2k7ks-937105442, networkLocation: /default-rack, certSerialId: null} reports an CLOSED replica.
2019-10-31 13:05:19,735 [EventQueue-ContainerReportForContainerReportHandler] WARN  container.ContainerReportHandler (AbstractContainerReportHandler.java:updateContainerState(145)) - Container #1 is in OPEN state, but the datanode acc98349-19c8-4839-9f32-ec7ab3c247da{ip: 192.168.157.200, host: pr-hdds-1701-2k7ks-937105442, networkLocation: /default-rack, certSerialId: null} reports an CLOSED replica.
2019-10-31 13:05:19,748 [EventQueue-ContainerReportForContainerReportHandler] WARN  container.ContainerReportHandler (AbstractContainerReportHandler.java:updateContainerState(145)) - Container #1 is in OPEN state, but the datanode bb6aa9e0-dd06-4c88-93db-4ae7898bc0a1{ip: 192.168.157.200, host: pr-hdds-1701-2k7ks-937105442, networkLocation: /default-rack, certSerialId: null} reports an CLOSED replica.
2019-10-31 13:05:19,754 [java.util.concurrent.ThreadPoolExecutor$Worker@79e4e00a[State = -1, empty queue]] WARN  server.GrpcLogAppender (GrpcLogAppender.java:timeoutAppendRequest(209)) - acc98349-19c8-4839-9f32-ec7ab3c247da@group-B36ABC200B12->cfcebab0-3c5e-460b-914c-a75f26ecc6be-GrpcLogAppender: appendEntries Timeout, request=acc98349-19c8-4839-9f32-ec7ab3c247da->cfcebab0-3c5e-460b-914c-a75f26ecc6be#33-t1, previous=(t:1, i:10), leaderCommit=10, initializing? false, entries: <empty>
2019-10-31 13:05:19,805 [BlockDeletingService#2] WARN  background.BlockDeletingService (BlockDeletingService.java:isDeletionAllowed(187)) - Close Container log Index 6 is not replicated across allthe servers in the pipeline 5381b01c-8196-43cd-825c-b36abc200b12 as the min replicated index is 4. Deletion is not allowed in this container yet.
2019-10-31 13:05:19,805 [BlockDeletingService#5] WARN  background.BlockDeletingService (BlockDeletingService.java:isDeletionAllowed(187)) - Close Container log Index 6 is not replicated across allthe servers in the pipeline 5381b01c-8196-43cd-825c-b36abc200b12 as the min replicated index is 4. Deletion is not allowed in this container yet.
2019-10-31 13:05:20,048 [EventQueue-ContainerReportForContainerReportHandler] WARN  container.ContainerReportHandler (AbstractContainerReportHandler.java:updateContainerState(145)) - Container #1 is in OPEN state, but the datanode bb6aa9e0-dd06-4c88-93db-4ae7898bc0a1{ip: 192.168.157.200, host: pr-hdds-1701-2k7ks-937105442, networkLocation: /default-rack, certSerialId: null} reports an CLOSED replica.
2019-10-31 13:05:20,136 [EventQueue-ContainerReportForContainerReportHandler] WARN  container.ContainerReportHandler (AbstractContainerReportHandler.java:updateContainerState(145)) - Container #1 is in OPEN state, but the datanode acc98349-19c8-4839-9f32-ec7ab3c247da{ip: 192.168.157.200, host: pr-hdds-1701-2k7ks-937105442, networkLocation: /default-rack, certSerialId: null} reports an CLOSED replica.
2019-10-31 13:05:20,448 [EventQueue-ContainerReportForContainerReportHandler] WARN  container.ContainerReportHandler (AbstractContainerReportHandler.java:updateContainerState(145)) - Container #1 is in OPEN state, but the datanode bb6aa9e0-dd06-4c88-93db-4ae7898bc0a1{ip: 192.168.157.200, host: pr-hdds-1701-2k7ks-937105442, networkLocation: /default-rack, certSerialId: null} reports an CLOSED replica.
2019-10-31 13:05:20,536 [EventQueue-ContainerReportForContainerReportHandler] WARN  container.ContainerReportHandler (AbstractContainerReportHandler.java:updateContainerState(145)) - Container #1 is in OPEN state, but the datanode acc98349-19c8-4839-9f32-ec7ab3c247da{ip: 192.168.157.200, host: pr-hdds-1701-2k7ks-937105442, networkLocation: /default-rack, certSerialId: null} reports an CLOSED replica.
2019-10-31 13:05:20,735 [EventQueue-ContainerReportForContainerReportHandler] WARN  container.ContainerReportHandler (AbstractContainerReportHandler.java:updateContainerState(145)) - Container #1 is in OPEN state, but the datanode acc98349-19c8-4839-9f32-ec7ab3c247da{ip: 192.168.157.200, host: pr-hdds-1701-2k7ks-937105442, networkLocation: /default-rack, certSerialId: null} reports an CLOSED replica.
2019-10-31 13:05:20,748 [EventQueue-ContainerReportForContainerReportHandler] WARN  container.ContainerReportHandler (AbstractContainerReportHandler.java:updateContainerState(145)) - Container #1 is in OPEN state, but the datanode bb6aa9e0-dd06-4c88-93db-4ae7898bc0a1{ip: 192.168.157.200, host: pr-hdds-1701-2k7ks-937105442, networkLocation: /default-rack, certSerialId: null} reports an CLOSED replica.
2019-10-31 13:05:20,806 [BlockDeletingService#2] WARN  background.BlockDeletingService (BlockDeletingService.java:isDeletionAllowed(187)) - Close Container log Index 6 is not replicated across allthe servers in the pipeline 5381b01c-8196-43cd-825c-b36abc200b12 as the min replicated index is 4. Deletion is not allowed in this container yet.
2019-10-31 13:05:20,806 [BlockDeletingService#5] WARN  background.BlockDeletingService (BlockDeletingService.java:isDeletionAllowed(187)) - Close Container log Index 6 is not replicated across allthe servers in the pipeline 5381b01c-8196-43cd-825c-b36abc200b12 as the min replicated index is 4. Deletion is not allowed in this container yet.
2019-10-31 13:05:21,035 [EventQueue-ContainerReportForContainerReportHandler] WARN  container.ContainerReportHandler (AbstractContainerReportHandler.java:updateContainerState(145)) - Container #1 is in OPEN state, but the datanode acc98349-19c8-4839-9f32-ec7ab3c247da{ip: 192.168.157.200, host: pr-hdds-1701-2k7ks-937105442, networkLocation: /default-rack, certSerialId: null} reports an CLOSED replica.
2019-10-31 13:05:21,148 [EventQueue-ContainerReportForContainerReportHandler] WARN  container.ContainerReportHandler (AbstractContainerReportHandler.java:updateContainerState(145)) - Container #1 is in OPEN state, but the datanode bb6aa9e0-dd06-4c88-93db-4ae7898bc0a1{ip: 192.168.157.200, host: pr-hdds-1701-2k7ks-937105442, networkLocation: /default-rack, certSerialId: null} reports an CLOSED replica.
2019-10-31 13:05:21,337 [EventQueue-ContainerReportForContainerReportHandler] WARN  container.ContainerReportHandler (AbstractContainerReportHandler.java:updateContainerState(145)) - Container #1 is in OPEN state, but the datanode acc98349-19c8-4839-9f32-ec7ab3c247da{ip: 192.168.157.200, host: pr-hdds-1701-2k7ks-937105442, networkLocation: /default-rack, certSerialId: null} reports an CLOSED replica.
2019-10-31 13:05:21,348 [EventQueue-ContainerReportForContainerReportHandler] WARN  container.ContainerReportHandler (AbstractContainerReportHandler.java:updateContainerState(145)) - Container #1 is in OPEN state, but the datanode bb6aa9e0-dd06-4c88-93db-4ae7898bc0a1{ip: 192.168.157.200, host: pr-hdds-1701-2k7ks-937105442, networkLocation: /default-rack, certSerialId: null} reports an CLOSED replica.
2019-10-31 13:05:21,549 [EventQueue-ContainerReportForContainerReportHandler] WARN  container.ContainerReportHandler (AbstractContainerReportHandler.java:updateContainerState(145)) - Container #1 is in OPEN state, but the datanode bb6aa9e0-dd06-4c88-93db-4ae7898bc0a1{ip: 192.168.157.200, host: pr-hdds-1701-2k7ks-937105442, networkLocation: /default-rack, certSerialId: null} reports an CLOSED replica.
2019-10-31 13:05:21,637 [EventQueue-ContainerReportForContainerReportHandler] WARN  container.ContainerReportHandler (AbstractContainerReportHandler.java:updateContainerState(145)) - Container #1 is in OPEN state, but the datanode acc98349-19c8-4839-9f32-ec7ab3c247da{ip: 192.168.157.200, host: pr-hdds-1701-2k7ks-937105442, networkLocation: /default-rack, certSerialId: null} reports an CLOSED replica.
2019-10-31 13:05:21,808 [BlockDeletingService#2] WARN  background.BlockDeletingService (BlockDeletingService.java:isDeletionAllowed(187)) - Close Container log Index 6 is not replicated across allthe servers in the pipeline 5381b01c-8196-43cd-825c-b36abc200b12 as the min replicated index is 4. Deletion is not allowed in this container yet.
2019-10-31 13:05:21,808 [BlockDeletingService#5] WARN  background.BlockDeletingService (BlockDeletingService.java:isDeletionAllowed(187)) - Close Container log Index 6 is not replicated across allthe servers in the pipeline 5381b01c-8196-43cd-825c-b36abc200b12 as the min replicated index is 4. Deletion is not allowed in this container yet.
2019-10-31 13:05:21,938 [EventQueue-ContainerReportForContainerReportHandler] WARN  container.ContainerReportHandler (AbstractContainerReportHandler.java:updateContainerState(145)) - Container #1 is in OPEN state, but the datanode acc98349-19c8-4839-9f32-ec7ab3c247da{ip: 192.168.157.200, host: pr-hdds-1701-2k7ks-937105442, networkLocation: /default-rack, certSerialId: null} reports an CLOSED replica.
2019-10-31 13:05:21,948 [EventQueue-ContainerReportForContainerReportHandler] WARN  container.ContainerReportHandler (AbstractContainerReportHandler.java:updateContainerState(145)) - Container #1 is in OPEN state, but the datanode bb6aa9e0-dd06-4c88-93db-4ae7898bc0a1{ip: 192.168.157.200, host: pr-hdds-1701-2k7ks-937105442, networkLocation: /default-rack, certSerialId: null} reports an CLOSED replica.
2019-10-31 13:05:22,238 [EventQueue-ContainerReportForContainerReportHandler] WARN  container.ContainerReportHandler (AbstractContainerReportHandler.java:updateContainerState(145)) - Container #1 is in OPEN state, but the datanode acc98349-19c8-4839-9f32-ec7ab3c247da{ip: 192.168.157.200, host: pr-hdds-1701-2k7ks-937105442, networkLocation: /default-rack, certSerialId: null} reports an CLOSED replica.
2019-10-31 13:05:22,255 [java.util.concurrent.ThreadPoolExecutor$Worker@79e4e00a[State = -1, empty queue]] WARN  server.GrpcLogAppender (GrpcLogAppender.java:timeoutAppendRequest(209)) - acc98349-19c8-4839-9f32-ec7ab3c247da@group-B36ABC200B12->cfcebab0-3c5e-460b-914c-a75f26ecc6be-GrpcLogAppender: appendEntries Timeout, request=acc98349-19c8-4839-9f32-ec7ab3c247da->cfcebab0-3c5e-460b-914c-a75f26ecc6be#34-t1, previous=(t:1, i:10), leaderCommit=10, initializing? false, entries: <empty>
2019-10-31 13:05:22,349 [EventQueue-ContainerReportForContainerReportHandler] WARN  container.ContainerReportHandler (AbstractContainerReportHandler.java:updateContainerState(145)) - Container #1 is in OPEN state, but the datanode bb6aa9e0-dd06-4c88-93db-4ae7898bc0a1{ip: 192.168.157.200, host: pr-hdds-1701-2k7ks-937105442, networkLocation: /default-rack, certSerialId: null} reports an CLOSED replica.
2019-10-31 13:05:22,539 [EventQueue-ContainerReportForContainerReportHandler] WARN  container.ContainerReportHandler (AbstractContainerReportHandler.java:updateContainerState(145)) - Container #1 is in OPEN state, but the datanode acc98349-19c8-4839-9f32-ec7ab3c247da{ip: 192.168.157.200, host: pr-hdds-1701-2k7ks-937105442, networkLocation: /default-rack, certSerialId: null} reports an CLOSED replica.
2019-10-31 13:05:22,549 [EventQueue-ContainerReportForContainerReportHandler] WARN  container.ContainerReportHandler (AbstractContainerReportHandler.java:updateContainerState(145)) - Container #1 is in OPEN state, but the datanode bb6aa9e0-dd06-4c88-93db-4ae7898bc0a1{ip: 192.168.157.200, host: pr-hdds-1701-2k7ks-937105442, networkLocation: /default-rack, certSerialId: null} reports an CLOSED replica.
2019-10-31 13:05:22,811 [BlockDeletingService#2] WARN  background.BlockDeletingService (BlockDeletingService.java:isDeletionAllowed(187)) - Close Container log Index 6 is not replicated across allthe servers in the pipeline 5381b01c-8196-43cd-825c-b36abc200b12 as the min replicated index is 4. Deletion is not allowed in this container yet.
2019-10-31 13:05:22,811 [BlockDeletingService#5] WARN  background.BlockDeletingService (BlockDeletingService.java:isDeletionAllowed(187)) - Close Container log Index 6 is not replicated across allthe servers in the pipeline 5381b01c-8196-43cd-825c-b36abc200b12 as the min replicated index is 4. Deletion is not allowed in this container yet.
2019-10-31 13:05:22,837 [EventQueue-ContainerReportForContainerReportHandler] WARN  container.ContainerReportHandler (AbstractContainerReportHandler.java:updateContainerState(145)) - Container #1 is in OPEN state, but the datanode acc98349-19c8-4839-9f32-ec7ab3c247da{ip: 192.168.157.200, host: pr-hdds-1701-2k7ks-937105442, networkLocation: /default-rack, certSerialId: null} reports an CLOSED replica.
2019-10-31 13:05:22,849 [EventQueue-ContainerReportForContainerReportHandler] WARN  container.ContainerReportHandler (AbstractContainerReportHandler.java:updateContainerState(145)) - Container #1 is in OPEN state, but the datanode bb6aa9e0-dd06-4c88-93db-4ae7898bc0a1{ip: 192.168.157.200, host: pr-hdds-1701-2k7ks-937105442, networkLocation: /default-rack, certSerialId: null} reports an CLOSED replica.
2019-10-31 13:05:23,138 [EventQueue-ContainerReportForContainerReportHandler] WARN  container.ContainerReportHandler (AbstractContainerReportHandler.java:updateContainerState(145)) - Container #1 is in OPEN state, but the datanode acc98349-19c8-4839-9f32-ec7ab3c247da{ip: 192.168.157.200, host: pr-hdds-1701-2k7ks-937105442, networkLocation: /default-rack, certSerialId: null} reports an CLOSED replica.
2019-10-31 13:05:23,249 [EventQueue-ContainerReportForContainerReportHandler] WARN  container.ContainerReportHandler (AbstractContainerReportHandler.java:updateContainerState(145)) - Container #1 is in OPEN state, but the datanode bb6aa9e0-dd06-4c88-93db-4ae7898bc0a1{ip: 192.168.157.200, host: pr-hdds-1701-2k7ks-937105442, networkLocation: /default-rack, certSerialId: null} reports an CLOSED replica.
2019-10-31 13:05:23,439 [EventQueue-ContainerReportForContainerReportHandler] WARN  container.ContainerReportHandler (AbstractContainerReportHandler.java:updateContainerState(145)) - Container #1 is in OPEN state, but the datanode acc98349-19c8-4839-9f32-ec7ab3c247da{ip: 192.168.157.200, host: pr-hdds-1701-2k7ks-937105442, networkLocation: /default-rack, certSerialId: null} reports an CLOSED replica.
2019-10-31 13:05:23,549 [EventQueue-ContainerReportForContainerReportHandler] WARN  container.ContainerReportHandler (AbstractContainerReportHandler.java:updateContainerState(145)) - Container #1 is in OPEN state, but the datanode bb6aa9e0-dd06-4c88-93db-4ae7898bc0a1{ip: 192.168.157.200, host: pr-hdds-1701-2k7ks-937105442, networkLocation: /default-rack, certSerialId: null} reports an CLOSED replica.
2019-10-31 13:05:23,638 [EventQueue-ContainerReportForContainerReportHandler] WARN  container.ContainerReportHandler (AbstractContainerReportHandler.java:updateContainerState(145)) - Container #1 is in OPEN state, but the datanode acc98349-19c8-4839-9f32-ec7ab3c247da{ip: 192.168.157.200, host: pr-hdds-1701-2k7ks-937105442, networkLocation: /default-rack, certSerialId: null} reports an CLOSED replica.
2019-10-31 13:05:23,813 [BlockDeletingService#5] WARN  background.BlockDeletingService (BlockDeletingService.java:isDeletionAllowed(187)) - Close Container log Index 6 is not replicated across allthe servers in the pipeline 5381b01c-8196-43cd-825c-b36abc200b12 as the min replicated index is 4. Deletion is not allowed in this container yet.
2019-10-31 13:05:23,813 [BlockDeletingService#2] WARN  background.BlockDeletingService (BlockDeletingService.java:isDeletionAllowed(187)) - Close Container log Index 6 is not replicated across allthe servers in the pipeline 5381b01c-8196-43cd-825c-b36abc200b12 as the min replicated index is 4. Deletion is not allowed in this container yet.
2019-10-31 13:05:23,851 [EventQueue-ContainerReportForContainerReportHandler] WARN  container.ContainerReportHandler (AbstractContainerReportHandler.java:updateContainerState(145)) - Container #1 is in OPEN state, but the datanode bb6aa9e0-dd06-4c88-93db-4ae7898bc0a1{ip: 192.168.157.200, host: pr-hdds-1701-2k7ks-937105442, networkLocation: /default-rack, certSerialId: null} reports an CLOSED replica.
2019-10-31 13:05:24,039 [EventQueue-ContainerReportForContainerReportHandler] WARN  container.ContainerReportHandler (AbstractContainerReportHandler.java:updateContainerState(145)) - Container #1 is in OPEN state, but the datanode acc98349-19c8-4839-9f32-ec7ab3c247da{ip: 192.168.157.200, host: pr-hdds-1701-2k7ks-937105442, networkLocation: /default-rack, certSerialId: null} reports an CLOSED replica.
2019-10-31 13:05:24,150 [EventQueue-ContainerReportForContainerReportHandler] WARN  container.ContainerReportHandler (AbstractContainerReportHandler.java:updateContainerState(145)) - Container #1 is in OPEN state, but the datanode bb6aa9e0-dd06-4c88-93db-4ae7898bc0a1{ip: 192.168.157.200, host: pr-hdds-1701-2k7ks-937105442, networkLocation: /default-rack, certSerialId: null} reports an CLOSED replica.
2019-10-31 13:05:24,238 [EventQueue-ContainerReportForContainerReportHandler] WARN  container.ContainerReportHandler (AbstractContainerReportHandler.java:updateContainerState(145)) - Container #1 is in OPEN state, but the datanode acc98349-19c8-4839-9f32-ec7ab3c247da{ip: 192.168.157.200, host: pr-hdds-1701-2k7ks-937105442, networkLocation: /default-rack, certSerialId: null} reports an CLOSED replica.
2019-10-31 13:05:24,438 [EventQueue-ContainerReportForContainerReportHandler] WARN  container.ContainerReportHandler (AbstractContainerReportHandler.java:updateContainerState(145)) - Container #1 is in OPEN state, but the datanode acc98349-19c8-4839-9f32-ec7ab3c247da{ip: 192.168.157.200, host: pr-hdds-1701-2k7ks-937105442, networkLocation: /default-rack, certSerialId: null} reports an CLOSED replica.
2019-10-31 13:05:24,550 [EventQueue-ContainerReportForContainerReportHandler] WARN  container.ContainerReportHandler (AbstractContainerReportHandler.java:updateContainerState(145)) - Container #1 is in OPEN state, but the datanode bb6aa9e0-dd06-4c88-93db-4ae7898bc0a1{ip: 192.168.157.200, host: pr-hdds-1701-2k7ks-937105442, networkLocation: /default-rack, certSerialId: null} reports an CLOSED replica.
2019-10-31 13:05:24,758 [java.util.concurrent.ThreadPoolExecutor$Worker@79e4e00a[State = -1, empty queue]] WARN  server.GrpcLogAppender (GrpcLogAppender.java:timeoutAppendRequest(209)) - acc98349-19c8-4839-9f32-ec7ab3c247da@group-B36ABC200B12->cfcebab0-3c5e-460b-914c-a75f26ecc6be-GrpcLogAppender: appendEntries Timeout, request=acc98349-19c8-4839-9f32-ec7ab3c247da->cfcebab0-3c5e-460b-914c-a75f26ecc6be#35-t1, previous=(t:1, i:10), leaderCommit=10, initializing? false, entries: <empty>
2019-10-31 13:05:24,815 [BlockDeletingService#5] WARN  background.BlockDeletingService (BlockDeletingService.java:isDeletionAllowed(187)) - Close Container log Index 6 is not replicated across allthe servers in the pipeline 5381b01c-8196-43cd-825c-b36abc200b12 as the min replicated index is 4. Deletion is not allowed in this container yet.
2019-10-31 13:05:24,815 [BlockDeletingService#2] WARN  background.BlockDeletingService (BlockDeletingService.java:isDeletionAllowed(187)) - Close Container log Index 6 is not replicated across allthe servers in the pipeline 5381b01c-8196-43cd-825c-b36abc200b12 as the min replicated index is 4. Deletion is not allowed in this container yet.
2019-10-31 13:05:24,839 [EventQueue-ContainerReportForContainerReportHandler] WARN  container.ContainerReportHandler (AbstractContainerReportHandler.java:updateContainerState(145)) - Container #1 is in OPEN state, but the datanode acc98349-19c8-4839-9f32-ec7ab3c247da{ip: 192.168.157.200, host: pr-hdds-1701-2k7ks-937105442, networkLocation: /default-rack, certSerialId: null} reports an CLOSED replica.
2019-10-31 13:05:24,950 [EventQueue-ContainerReportForContainerReportHandler] WARN  container.ContainerReportHandler (AbstractContainerReportHandler.java:updateContainerState(145)) - Container #1 is in OPEN state, but the datanode bb6aa9e0-dd06-4c88-93db-4ae7898bc0a1{ip: 192.168.157.200, host: pr-hdds-1701-2k7ks-937105442, networkLocation: /default-rack, certSerialId: null} reports an CLOSED replica.
2019-10-31 13:05:25,039 [EventQueue-ContainerReportForContainerReportHandler] WARN  container.ContainerReportHandler (AbstractContainerReportHandler.java:updateContainerState(145)) - Container #1 is in OPEN state, but the datanode acc98349-19c8-4839-9f32-ec7ab3c247da{ip: 192.168.157.200, host: pr-hdds-1701-2k7ks-937105442, networkLocation: /default-rack, certSerialId: null} reports an CLOSED replica.
2019-10-31 13:05:25,250 [EventQueue-ContainerReportForContainerReportHandler] WARN  container.ContainerReportHandler (AbstractContainerReportHandler.java:updateContainerState(145)) - Container #1 is in OPEN state, but the datanode bb6aa9e0-dd06-4c88-93db-4ae7898bc0a1{ip: 192.168.157.200, host: pr-hdds-1701-2k7ks-937105442, networkLocation: /default-rack, certSerialId: null} reports an CLOSED replica.
2019-10-31 13:05:25,341 [EventQueue-ContainerReportForContainerReportHandler] WARN  container.ContainerReportHandler (AbstractContainerReportHandler.java:updateContainerState(145)) - Container #1 is in OPEN state, but the datanode acc98349-19c8-4839-9f32-ec7ab3c247da{ip: 192.168.157.200, host: pr-hdds-1701-2k7ks-937105442, networkLocation: /default-rack, certSerialId: null} reports an CLOSED replica.
2019-10-31 13:05:25,539 [EventQueue-ContainerReportForContainerReportHandler] WARN  container.ContainerReportHandler (AbstractContainerReportHandler.java:updateContainerState(145)) - Container #1 is in OPEN state, but the datanode acc98349-19c8-4839-9f32-ec7ab3c247da{ip: 192.168.157.200, host: pr-hdds-1701-2k7ks-937105442, networkLocation: /default-rack, certSerialId: null} reports an CLOSED replica.
2019-10-31 13:05:25,550 [EventQueue-ContainerReportForContainerReportHandler] WARN  container.ContainerReportHandler (AbstractContainerReportHandler.java:updateContainerState(145)) - Container #1 is in OPEN state, but the datanode bb6aa9e0-dd06-4c88-93db-4ae7898bc0a1{ip: 192.168.157.200, host: pr-hdds-1701-2k7ks-937105442, networkLocation: /default-rack, certSerialId: null} reports an CLOSED replica.
2019-10-31 13:05:25,584 [Thread-410] INFO  client.GrpcClientProtocolService (GrpcClientProtocolService.java:lambda$processClientRequest$0(279)) - Failed RaftClientRequest:client-E8694136A95C->acc98349-19c8-4839-9f32-ec7ab3c247da@group-B36ABC200B12, cid=10, seq=0, Watch-ALL_COMMITTED(6), Message:<EMPTY>, reply=RaftClientReply:client-E8694136A95C->acc98349-19c8-4839-9f32-ec7ab3c247da@group-B36ABC200B12, cid=10, FAILED org.apache.ratis.protocol.NotReplicatedException: Request with call Id 10 and log index 6 is not yet replicated to ALL_COMMITTED, logIndex=6, commits[acc98349-19c8-4839-9f32-ec7ab3c247da:c10, cfcebab0-3c5e-460b-914c-a75f26ecc6be:c4, bb6aa9e0-dd06-4c88-93db-4ae7898bc0a1:c10]
2019-10-31 13:05:25,817 [BlockDeletingService#5] WARN  background.BlockDeletingService (BlockDeletingService.java:isDeletionAllowed(187)) - Close Container log Index 6 is not replicated across allthe servers in the pipeline 5381b01c-8196-43cd-825c-b36abc200b12 as the min replicated index is 4. Deletion is not allowed in this container yet.
2019-10-31 13:05:25,817 [BlockDeletingService#2] WARN  background.BlockDeletingService (BlockDeletingService.java:isDeletionAllowed(187)) - Close Container log Index 6 is not replicated across allthe servers in the pipeline 5381b01c-8196-43cd-825c-b36abc200b12 as the min replicated index is 4. Deletion is not allowed in this container yet.
2019-10-31 13:05:25,840 [EventQueue-ContainerReportForContainerReportHandler] WARN  container.ContainerReportHandler (AbstractContainerReportHandler.java:updateContainerState(145)) - Container #1 is in OPEN state, but the datanode acc98349-19c8-4839-9f32-ec7ab3c247da{ip: 192.168.157.200, host: pr-hdds-1701-2k7ks-937105442, networkLocation: /default-rack, certSerialId: null} reports an CLOSED replica.
2019-10-31 13:05:25,953 [EventQueue-ContainerReportForContainerReportHandler] WARN  container.ContainerReportHandler (AbstractContainerReportHandler.java:updateContainerState(145)) - Container #1 is in OPEN state, but the datanode bb6aa9e0-dd06-4c88-93db-4ae7898bc0a1{ip: 192.168.157.200, host: pr-hdds-1701-2k7ks-937105442, networkLocation: /default-rack, certSerialId: null} reports an CLOSED replica.
2019-10-31 13:05:26,240 [EventQueue-ContainerReportForContainerReportHandler] WARN  container.ContainerReportHandler (AbstractContainerReportHandler.java:updateContainerState(145)) - Container #1 is in OPEN state, but the datanode acc98349-19c8-4839-9f32-ec7ab3c247da{ip: 192.168.157.200, host: pr-hdds-1701-2k7ks-937105442, networkLocation: /default-rack, certSerialId: null} reports an CLOSED replica.
2019-10-31 13:05:26,255 [EventQueue-ContainerReportForContainerReportHandler] WARN  container.ContainerReportHandler (AbstractContainerReportHandler.java:updateContainerState(145)) - Container #1 is in OPEN state, but the datanode bb6aa9e0-dd06-4c88-93db-4ae7898bc0a1{ip: 192.168.157.200, host: pr-hdds-1701-2k7ks-937105442, networkLocation: /default-rack, certSerialId: null} reports an CLOSED replica.
2019-10-31 13:05:26,539 [EventQueue-ContainerReportForContainerReportHandler] WARN  container.ContainerReportHandler (AbstractContainerReportHandler.java:updateContainerState(145)) - Container #1 is in OPEN state, but the datanode acc98349-19c8-4839-9f32-ec7ab3c247da{ip: 192.168.157.200, host: pr-hdds-1701-2k7ks-937105442, networkLocation: /default-rack, certSerialId: null} reports an CLOSED replica.
2019-10-31 13:05:26,556 [EventQueue-ContainerReportForContainerReportHandler] WARN  container.ContainerReportHandler (AbstractContainerReportHandler.java:updateContainerState(145)) - Container #1 is in OPEN state, but the datanode bb6aa9e0-dd06-4c88-93db-4ae7898bc0a1{ip: 192.168.157.200, host: pr-hdds-1701-2k7ks-937105442, networkLocation: /default-rack, certSerialId: null} reports an CLOSED replica.
2019-10-31 13:05:26,740 [EventQueue-ContainerReportForContainerReportHandler] WARN  container.ContainerReportHandler (AbstractContainerReportHandler.java:updateContainerState(145)) - Container #1 is in OPEN state, but the datanode acc98349-19c8-4839-9f32-ec7ab3c247da{ip: 192.168.157.200, host: pr-hdds-1701-2k7ks-937105442, networkLocation: /default-rack, certSerialId: null} reports an CLOSED replica.
2019-10-31 13:05:26,757 [EventQueue-ContainerReportForContainerReportHandler] WARN  container.ContainerReportHandler (AbstractContainerReportHandler.java:updateContainerState(145)) - Container #1 is in OPEN state, but the datanode bb6aa9e0-dd06-4c88-93db-4ae7898bc0a1{ip: 192.168.157.200, host: pr-hdds-1701-2k7ks-937105442, networkLocation: /default-rack, certSerialId: null} reports an CLOSED replica.
2019-10-31 13:05:26,821 [BlockDeletingService#5] WARN  background.BlockDeletingService (BlockDeletingService.java:isDeletionAllowed(187)) - Close Container log Index 6 is not replicated across allthe servers in the pipeline 5381b01c-8196-43cd-825c-b36abc200b12 as the min replicated index is 4. Deletion is not allowed in this container yet.
2019-10-31 13:05:26,821 [BlockDeletingService#2] WARN  background.BlockDeletingService (BlockDeletingService.java:isDeletionAllowed(187)) - Close Container log Index 6 is not replicated across allthe servers in the pipeline 5381b01c-8196-43cd-825c-b36abc200b12 as the min replicated index is 4. Deletion is not allowed in this container yet.
2019-10-31 13:05:27,058 [EventQueue-ContainerReportForContainerReportHandler] WARN  container.ContainerReportHandler (AbstractContainerReportHandler.java:updateContainerState(145)) - Container #1 is in OPEN state, but the datanode bb6aa9e0-dd06-4c88-93db-4ae7898bc0a1{ip: 192.168.157.200, host: pr-hdds-1701-2k7ks-937105442, networkLocation: /default-rack, certSerialId: null} reports an CLOSED replica.
2019-10-31 13:05:27,147 [EventQueue-ContainerReportForContainerReportHandler] WARN  container.ContainerReportHandler (AbstractContainerReportHandler.java:updateContainerState(145)) - Container #1 is in OPEN state, but the datanode acc98349-19c8-4839-9f32-ec7ab3c247da{ip: 192.168.157.200, host: pr-hdds-1701-2k7ks-937105442, networkLocation: /default-rack, certSerialId: null} reports an CLOSED replica.
2019-10-31 13:05:27,260 [java.util.concurrent.ThreadPoolExecutor$Worker@79e4e00a[State = -1, empty queue]] WARN  server.GrpcLogAppender (GrpcLogAppender.java:timeoutAppendRequest(209)) - acc98349-19c8-4839-9f32-ec7ab3c247da@group-B36ABC200B12->cfcebab0-3c5e-460b-914c-a75f26ecc6be-GrpcLogAppender: appendEntries Timeout, request=acc98349-19c8-4839-9f32-ec7ab3c247da->cfcebab0-3c5e-460b-914c-a75f26ecc6be#36-t1, previous=(t:1, i:10), leaderCommit=10, initializing? false, entries: <empty>
2019-10-31 13:05:27,358 [EventQueue-ContainerReportForContainerReportHandler] WARN  container.ContainerReportHandler (AbstractContainerReportHandler.java:updateContainerState(145)) - Container #1 is in OPEN state, but the datanode bb6aa9e0-dd06-4c88-93db-4ae7898bc0a1{ip: 192.168.157.200, host: pr-hdds-1701-2k7ks-937105442, networkLocation: /default-rack, certSerialId: null} reports an CLOSED replica.
2019-10-31 13:05:27,444 [EventQueue-ContainerReportForContainerReportHandler] WARN  container.ContainerReportHandler (AbstractContainerReportHandler.java:updateContainerState(145)) - Container #1 is in OPEN state, but the datanode acc98349-19c8-4839-9f32-ec7ab3c247da{ip: 192.168.157.200, host: pr-hdds-1701-2k7ks-937105442, networkLocation: /default-rack, certSerialId: null} reports an CLOSED replica.
2019-10-31 13:05:27,643 [EventQueue-ContainerReportForContainerReportHandler] WARN  container.ContainerReportHandler (AbstractContainerReportHandler.java:updateContainerState(145)) - Container #1 is in OPEN state, but the datanode acc98349-19c8-4839-9f32-ec7ab3c247da{ip: 192.168.157.200, host: pr-hdds-1701-2k7ks-937105442, networkLocation: /default-rack, certSerialId: null} reports an CLOSED replica.
2019-10-31 13:05:27,658 [EventQueue-ContainerReportForContainerReportHandler] WARN  container.ContainerReportHandler (AbstractContainerReportHandler.java:updateContainerState(145)) - Container #1 is in OPEN state, but the datanode bb6aa9e0-dd06-4c88-93db-4ae7898bc0a1{ip: 192.168.157.200, host: pr-hdds-1701-2k7ks-937105442, networkLocation: /default-rack, certSerialId: null} reports an CLOSED replica.
2019-10-31 13:05:27,825 [BlockDeletingService#2] WARN  background.BlockDeletingService (BlockDeletingService.java:isDeletionAllowed(187)) - Close Container log Index 6 is not replicated across allthe servers in the pipeline 5381b01c-8196-43cd-825c-b36abc200b12 as the min replicated index is 4. Deletion is not allowed in this container yet.
2019-10-31 13:05:27,825 [BlockDeletingService#5] WARN  background.BlockDeletingService (BlockDeletingService.java:isDeletionAllowed(187)) - Close Container log Index 6 is not replicated across allthe servers in the pipeline 5381b01c-8196-43cd-825c-b36abc200b12 as the min replicated index is 4. Deletion is not allowed in this container yet.
2019-10-31 13:05:27,859 [EventQueue-ContainerReportForContainerReportHandler] WARN  container.ContainerReportHandler (AbstractContainerReportHandler.java:updateContainerState(145)) - Container #1 is in OPEN state, but the datanode bb6aa9e0-dd06-4c88-93db-4ae7898bc0a1{ip: 192.168.157.200, host: pr-hdds-1701-2k7ks-937105442, networkLocation: /default-rack, certSerialId: null} reports an CLOSED replica.
2019-10-31 13:05:27,943 [EventQueue-ContainerReportForContainerReportHandler] WARN  container.ContainerReportHandler (AbstractContainerReportHandler.java:updateContainerState(145)) - Container #1 is in OPEN state, but the datanode acc98349-19c8-4839-9f32-ec7ab3c247da{ip: 192.168.157.200, host: pr-hdds-1701-2k7ks-937105442, networkLocation: /default-rack, certSerialId: null} reports an CLOSED replica.
2019-10-31 13:05:28,244 [EventQueue-ContainerReportForContainerReportHandler] WARN  container.ContainerReportHandler (AbstractContainerReportHandler.java:updateContainerState(145)) - Container #1 is in OPEN state, but the datanode acc98349-19c8-4839-9f32-ec7ab3c247da{ip: 192.168.157.200, host: pr-hdds-1701-2k7ks-937105442, networkLocation: /default-rack, certSerialId: null} reports an CLOSED replica.
2019-10-31 13:05:28,259 [EventQueue-ContainerReportForContainerReportHandler] WARN  container.ContainerReportHandler (AbstractContainerReportHandler.java:updateContainerState(145)) - Container #1 is in OPEN state, but the datanode bb6aa9e0-dd06-4c88-93db-4ae7898bc0a1{ip: 192.168.157.200, host: pr-hdds-1701-2k7ks-937105442, networkLocation: /default-rack, certSerialId: null} reports an CLOSED replica.
2019-10-31 13:05:28,544 [EventQueue-ContainerReportForContainerReportHandler] WARN  container.ContainerReportHandler (AbstractContainerReportHandler.java:updateContainerState(145)) - Container #1 is in OPEN state, but the datanode acc98349-19c8-4839-9f32-ec7ab3c247da{ip: 192.168.157.200, host: pr-hdds-1701-2k7ks-937105442, networkLocation: /default-rack, certSerialId: null} reports an CLOSED replica.
2019-10-31 13:05:28,559 [EventQueue-ContainerReportForContainerReportHandler] WARN  container.ContainerReportHandler (AbstractContainerReportHandler.java:updateContainerState(145)) - Container #1 is in OPEN state, but the datanode bb6aa9e0-dd06-4c88-93db-4ae7898bc0a1{ip: 192.168.157.200, host: pr-hdds-1701-2k7ks-937105442, networkLocation: /default-rack, certSerialId: null} reports an CLOSED replica.
2019-10-31 13:05:28,827 [BlockDeletingService#2] WARN  background.BlockDeletingService (BlockDeletingService.java:isDeletionAllowed(187)) - Close Container log Index 6 is not replicated across allthe servers in the pipeline 5381b01c-8196-43cd-825c-b36abc200b12 as the min replicated index is 4. Deletion is not allowed in this container yet.
2019-10-31 13:05:28,827 [BlockDeletingService#5] WARN  background.BlockDeletingService (BlockDeletingService.java:isDeletionAllowed(187)) - Close Container log Index 6 is not replicated across allthe servers in the pipeline 5381b01c-8196-43cd-825c-b36abc200b12 as the min replicated index is 4. Deletion is not allowed in this container yet.
2019-10-31 13:05:28,844 [EventQueue-ContainerReportForContainerReportHandler] WARN  container.ContainerReportHandler (AbstractContainerReportHandler.java:updateContainerState(145)) - Container #1 is in OPEN state, but the datanode acc98349-19c8-4839-9f32-ec7ab3c247da{ip: 192.168.157.200, host: pr-hdds-1701-2k7ks-937105442, networkLocation: /default-rack, certSerialId: null} reports an CLOSED replica.
2019-10-31 13:05:28,859 [EventQueue-ContainerReportForContainerReportHandler] WARN  container.ContainerReportHandler (AbstractContainerReportHandler.java:updateContainerState(145)) - Container #1 is in OPEN state, but the datanode bb6aa9e0-dd06-4c88-93db-4ae7898bc0a1{ip: 192.168.157.200, host: pr-hdds-1701-2k7ks-937105442, networkLocation: /default-rack, certSerialId: null} reports an CLOSED replica.
2019-10-31 13:05:29,045 [EventQueue-ContainerReportForContainerReportHandler] WARN  container.ContainerReportHandler (AbstractContainerReportHandler.java:updateContainerState(145)) - Container #1 is in OPEN state, but the datanode acc98349-19c8-4839-9f32-ec7ab3c247da{ip: 192.168.157.200, host: pr-hdds-1701-2k7ks-937105442, networkLocation: /default-rack, certSerialId: null} reports an CLOSED replica.
2019-10-31 13:05:29,060 [EventQueue-ContainerReportForContainerReportHandler] WARN  container.ContainerReportHandler (AbstractContainerReportHandler.java:updateContainerState(145)) - Container #1 is in OPEN state, but the datanode bb6aa9e0-dd06-4c88-93db-4ae7898bc0a1{ip: 192.168.157.200, host: pr-hdds-1701-2k7ks-937105442, networkLocation: /default-rack, certSerialId: null} reports an CLOSED replica.
2019-10-31 13:05:29,344 [EventQueue-ContainerReportForContainerReportHandler] WARN  container.ContainerReportHandler (AbstractContainerReportHandler.java:updateContainerState(145)) - Container #1 is in OPEN state, but the datanode acc98349-19c8-4839-9f32-ec7ab3c247da{ip: 192.168.157.200, host: pr-hdds-1701-2k7ks-937105442, networkLocation: /default-rack, certSerialId: null} reports an CLOSED replica.
2019-10-31 13:05:29,360 [EventQueue-ContainerReportForContainerReportHandler] WARN  container.ContainerReportHandler (AbstractContainerReportHandler.java:updateContainerState(145)) - Container #1 is in OPEN state, but the datanode bb6aa9e0-dd06-4c88-93db-4ae7898bc0a1{ip: 192.168.157.200, host: pr-hdds-1701-2k7ks-937105442, networkLocation: /default-rack, certSerialId: null} reports an CLOSED replica.
2019-10-31 13:05:29,561 [EventQueue-ContainerReportForContainerReportHandler] WARN  container.ContainerReportHandler (AbstractContainerReportHandler.java:updateContainerState(145)) - Container #1 is in OPEN state, but the datanode bb6aa9e0-dd06-4c88-93db-4ae7898bc0a1{ip: 192.168.157.200, host: pr-hdds-1701-2k7ks-937105442, networkLocation: /default-rack, certSerialId: null} reports an CLOSED replica.
2019-10-31 13:05:29,744 [EventQueue-ContainerReportForContainerReportHandler] WARN  container.ContainerReportHandler (AbstractContainerReportHandler.java:updateContainerState(145)) - Container #1 is in OPEN state, but the datanode acc98349-19c8-4839-9f32-ec7ab3c247da{ip: 192.168.157.200, host: pr-hdds-1701-2k7ks-937105442, networkLocation: /default-rack, certSerialId: null} reports an CLOSED replica.
2019-10-31 13:05:29,762 [java.util.concurrent.ThreadPoolExecutor$Worker@79e4e00a[State = -1, empty queue]] WARN  server.GrpcLogAppender (GrpcLogAppender.java:timeoutAppendRequest(209)) - acc98349-19c8-4839-9f32-ec7ab3c247da@group-B36ABC200B12->cfcebab0-3c5e-460b-914c-a75f26ecc6be-GrpcLogAppender: appendEntries Timeout, request=acc98349-19c8-4839-9f32-ec7ab3c247da->cfcebab0-3c5e-460b-914c-a75f26ecc6be#37-t1, previous=(t:1, i:10), leaderCommit=10, initializing? false, entries: <empty>
2019-10-31 13:05:29,829 [BlockDeletingService#2] WARN  background.BlockDeletingService (BlockDeletingService.java:isDeletionAllowed(187)) - Close Container log Index 6 is not replicated across allthe servers in the pipeline 5381b01c-8196-43cd-825c-b36abc200b12 as the min replicated index is 4. Deletion is not allowed in this container yet.
2019-10-31 13:05:29,829 [BlockDeletingService#5] WARN  background.BlockDeletingService (BlockDeletingService.java:isDeletionAllowed(187)) - Close Container log Index 6 is not replicated across allthe servers in the pipeline 5381b01c-8196-43cd-825c-b36abc200b12 as the min replicated index is 4. Deletion is not allowed in this container yet.
2019-10-31 13:05:29,861 [EventQueue-ContainerReportForContainerReportHandler] WARN  container.ContainerReportHandler (AbstractContainerReportHandler.java:updateContainerState(145)) - Container #1 is in OPEN state, but the datanode bb6aa9e0-dd06-4c88-93db-4ae7898bc0a1{ip: 192.168.157.200, host: pr-hdds-1701-2k7ks-937105442, networkLocation: /default-rack, certSerialId: null} reports an CLOSED replica.
2019-10-31 13:05:30,047 [EventQueue-ContainerReportForContainerReportHandler] WARN  container.ContainerReportHandler (AbstractContainerReportHandler.java:updateContainerState(145)) - Container #1 is in OPEN state, but the datanode acc98349-19c8-4839-9f32-ec7ab3c247da{ip: 192.168.157.200, host: pr-hdds-1701-2k7ks-937105442, networkLocation: /default-rack, certSerialId: null} reports an CLOSED replica.
2019-10-31 13:05:30,162 [EventQueue-ContainerReportForContainerReportHandler] WARN  container.ContainerReportHandler (AbstractContainerReportHandler.java:updateContainerState(145)) - Container #1 is in OPEN state, but the datanode bb6aa9e0-dd06-4c88-93db-4ae7898bc0a1{ip: 192.168.157.200, host: pr-hdds-1701-2k7ks-937105442, networkLocation: /default-rack, certSerialId: null} reports an CLOSED replica.
2019-10-31 13:05:30,446 [EventQueue-ContainerReportForContainerReportHandler] WARN  container.ContainerReportHandler (AbstractContainerReportHandler.java:updateContainerState(145)) - Container #1 is in OPEN state, but the datanode acc98349-19c8-4839-9f32-ec7ab3c247da{ip: 192.168.157.200, host: pr-hdds-1701-2k7ks-937105442, networkLocation: /default-rack, certSerialId: null} reports an CLOSED replica.
2019-10-31 13:05:30,562 [EventQueue-ContainerReportForContainerReportHandler] WARN  container.ContainerReportHandler (AbstractContainerReportHandler.java:updateContainerState(145)) - Container #1 is in OPEN state, but the datanode bb6aa9e0-dd06-4c88-93db-4ae7898bc0a1{ip: 192.168.157.200, host: pr-hdds-1701-2k7ks-937105442, networkLocation: /default-rack, certSerialId: null} reports an CLOSED replica.
2019-10-31 13:05:30,762 [EventQueue-ContainerReportForContainerReportHandler] WARN  container.ContainerReportHandler (AbstractContainerReportHandler.java:updateContainerState(145)) - Container #1 is in OPEN state, but the datanode bb6aa9e0-dd06-4c88-93db-4ae7898bc0a1{ip: 192.168.157.200, host: pr-hdds-1701-2k7ks-937105442, networkLocation: /default-rack, certSerialId: null} reports an CLOSED replica.
2019-10-31 13:05:30,831 [BlockDeletingService#2] WARN  background.BlockDeletingService (BlockDeletingService.java:isDeletionAllowed(187)) - Close Container log Index 6 is not replicated across allthe servers in the pipeline 5381b01c-8196-43cd-825c-b36abc200b12 as the min replicated index is 4. Deletion is not allowed in this container yet.
2019-10-31 13:05:30,831 [BlockDeletingService#5] WARN  background.BlockDeletingService (BlockDeletingService.java:isDeletionAllowed(187)) - Close Container log Index 6 is not replicated across allthe servers in the pipeline 5381b01c-8196-43cd-825c-b36abc200b12 as the min replicated index is 4. Deletion is not allowed in this container yet.
2019-10-31 13:05:30,846 [EventQueue-ContainerReportForContainerReportHandler] WARN  container.ContainerReportHandler (AbstractContainerReportHandler.java:updateContainerState(145)) - Container #1 is in OPEN state, but the datanode acc98349-19c8-4839-9f32-ec7ab3c247da{ip: 192.168.157.200, host: pr-hdds-1701-2k7ks-937105442, networkLocation: /default-rack, certSerialId: null} reports an CLOSED replica.
2019-10-31 13:05:31,146 [EventQueue-ContainerReportForContainerReportHandler] WARN  container.ContainerReportHandler (AbstractContainerReportHandler.java:updateContainerState(145)) - Container #1 is in OPEN state, but the datanode acc98349-19c8-4839-9f32-ec7ab3c247da{ip: 192.168.157.200, host: pr-hdds-1701-2k7ks-937105442, networkLocation: /default-rack, certSerialId: null} reports an CLOSED replica.
2019-10-31 13:05:31,164 [EventQueue-ContainerReportForContainerReportHandler] WARN  container.ContainerReportHandler (AbstractContainerReportHandler.java:updateContainerState(145)) - Container #1 is in OPEN state, but the datanode bb6aa9e0-dd06-4c88-93db-4ae7898bc0a1{ip: 192.168.157.200, host: pr-hdds-1701-2k7ks-937105442, networkLocation: /default-rack, certSerialId: null} reports an CLOSED replica.
2019-10-31 13:05:31,364 [EventQueue-ContainerReportForContainerReportHandler] WARN  container.ContainerReportHandler (AbstractContainerReportHandler.java:updateContainerState(145)) - Container #1 is in OPEN state, but the datanode bb6aa9e0-dd06-4c88-93db-4ae7898bc0a1{ip: 192.168.157.200, host: pr-hdds-1701-2k7ks-937105442, networkLocation: /default-rack, certSerialId: null} reports an CLOSED replica.
2019-10-31 13:05:31,445 [EventQueue-ContainerReportForContainerReportHandler] WARN  container.ContainerReportHandler (AbstractContainerReportHandler.java:updateContainerState(145)) - Container #1 is in OPEN state, but the datanode acc98349-19c8-4839-9f32-ec7ab3c247da{ip: 192.168.157.200, host: pr-hdds-1701-2k7ks-937105442, networkLocation: /default-rack, certSerialId: null} reports an CLOSED replica.
2019-10-31 13:05:31,664 [EventQueue-ContainerReportForContainerReportHandler] WARN  container.ContainerReportHandler (AbstractContainerReportHandler.java:updateContainerState(145)) - Container #1 is in OPEN state, but the datanode bb6aa9e0-dd06-4c88-93db-4ae7898bc0a1{ip: 192.168.157.200, host: pr-hdds-1701-2k7ks-937105442, networkLocation: /default-rack, certSerialId: null} reports an CLOSED replica.
2019-10-31 13:05:31,833 [BlockDeletingService#2] WARN  background.BlockDeletingService (BlockDeletingService.java:isDeletionAllowed(187)) - Close Container log Index 6 is not replicated across allthe servers in the pipeline 5381b01c-8196-43cd-825c-b36abc200b12 as the min replicated index is 4. Deletion is not allowed in this container yet.
2019-10-31 13:05:31,833 [BlockDeletingService#5] WARN  background.BlockDeletingService (BlockDeletingService.java:isDeletionAllowed(187)) - Close Container log Index 6 is not replicated across allthe servers in the pipeline 5381b01c-8196-43cd-825c-b36abc200b12 as the min replicated index is 4. Deletion is not allowed in this container yet.
2019-10-31 13:05:31,846 [EventQueue-ContainerReportForContainerReportHandler] WARN  container.ContainerReportHandler (AbstractContainerReportHandler.java:updateContainerState(145)) - Container #1 is in OPEN state, but the datanode acc98349-19c8-4839-9f32-ec7ab3c247da{ip: 192.168.157.200, host: pr-hdds-1701-2k7ks-937105442, networkLocation: /default-rack, certSerialId: null} reports an CLOSED replica.
2019-10-31 13:05:31,864 [EventQueue-ContainerReportForContainerReportHandler] WARN  container.ContainerReportHandler (AbstractContainerReportHandler.java:updateContainerState(145)) - Container #1 is in OPEN state, but the datanode bb6aa9e0-dd06-4c88-93db-4ae7898bc0a1{ip: 192.168.157.200, host: pr-hdds-1701-2k7ks-937105442, networkLocation: /default-rack, certSerialId: null} reports an CLOSED replica.
2019-10-31 13:05:32,146 [EventQueue-ContainerReportForContainerReportHandler] WARN  container.ContainerReportHandler (AbstractContainerReportHandler.java:updateContainerState(145)) - Container #1 is in OPEN state, but the datanode acc98349-19c8-4839-9f32-ec7ab3c247da{ip: 192.168.157.200, host: pr-hdds-1701-2k7ks-937105442, networkLocation: /default-rack, certSerialId: null} reports an CLOSED replica.
2019-10-31 13:05:32,263 [java.util.concurrent.ThreadPoolExecutor$Worker@79e4e00a[State = -1, empty queue]] WARN  server.GrpcLogAppender (GrpcLogAppender.java:timeoutAppendRequest(209)) - acc98349-19c8-4839-9f32-ec7ab3c247da@group-B36ABC200B12->cfcebab0-3c5e-460b-914c-a75f26ecc6be-GrpcLogAppender: appendEntries Timeout, request=acc98349-19c8-4839-9f32-ec7ab3c247da->cfcebab0-3c5e-460b-914c-a75f26ecc6be#38-t1, previous=(t:1, i:10), leaderCommit=10, initializing? false, entries: <empty>
2019-10-31 13:05:32,264 [EventQueue-ContainerReportForContainerReportHandler] WARN  container.ContainerReportHandler (AbstractContainerReportHandler.java:updateContainerState(145)) - Container #1 is in OPEN state, but the datanode bb6aa9e0-dd06-4c88-93db-4ae7898bc0a1{ip: 192.168.157.200, host: pr-hdds-1701-2k7ks-937105442, networkLocation: /default-rack, certSerialId: null} reports an CLOSED replica.
2019-10-31 13:05:32,548 [EventQueue-ContainerReportForContainerReportHandler] WARN  container.ContainerReportHandler (AbstractContainerReportHandler.java:updateContainerState(145)) - Container #1 is in OPEN state, but the datanode acc98349-19c8-4839-9f32-ec7ab3c247da{ip: 192.168.157.200, host: pr-hdds-1701-2k7ks-937105442, networkLocation: /default-rack, certSerialId: null} reports an CLOSED replica.
2019-10-31 13:05:32,564 [EventQueue-ContainerReportForContainerReportHandler] WARN  container.ContainerReportHandler (AbstractContainerReportHandler.java:updateContainerState(145)) - Container #1 is in OPEN state, but the datanode bb6aa9e0-dd06-4c88-93db-4ae7898bc0a1{ip: 192.168.157.200, host: pr-hdds-1701-2k7ks-937105442, networkLocation: /default-rack, certSerialId: null} reports an CLOSED replica.
2019-10-31 13:05:32,748 [EventQueue-ContainerReportForContainerReportHandler] WARN  container.ContainerReportHandler (AbstractContainerReportHandler.java:updateContainerState(145)) - Container #1 is in OPEN state, but the datanode acc98349-19c8-4839-9f32-ec7ab3c247da{ip: 192.168.157.200, host: pr-hdds-1701-2k7ks-937105442, networkLocation: /default-rack, certSerialId: null} reports an CLOSED replica.
2019-10-31 13:05:32,836 [BlockDeletingService#5] WARN  background.BlockDeletingService (BlockDeletingService.java:isDeletionAllowed(187)) - Close Container log Index 6 is not replicated across allthe servers in the pipeline 5381b01c-8196-43cd-825c-b36abc200b12 as the min replicated index is 4. Deletion is not allowed in this container yet.
2019-10-31 13:05:32,836 [BlockDeletingService#2] WARN  background.BlockDeletingService (BlockDeletingService.java:isDeletionAllowed(187)) - Close Container log Index 6 is not replicated across allthe servers in the pipeline 5381b01c-8196-43cd-825c-b36abc200b12 as the min replicated index is 4. Deletion is not allowed in this container yet.
2019-10-31 13:05:32,947 [EventQueue-ContainerReportForContainerReportHandler] WARN  container.ContainerReportHandler (AbstractContainerReportHandler.java:updateContainerState(145)) - Container #1 is in OPEN state, but the datanode acc98349-19c8-4839-9f32-ec7ab3c247da{ip: 192.168.157.200, host: pr-hdds-1701-2k7ks-937105442, networkLocation: /default-rack, certSerialId: null} reports an CLOSED replica.
2019-10-31 13:05:32,964 [EventQueue-ContainerReportForContainerReportHandler] WARN  container.ContainerReportHandler (AbstractContainerReportHandler.java:updateContainerState(145)) - Container #1 is in OPEN state, but the datanode bb6aa9e0-dd06-4c88-93db-4ae7898bc0a1{ip: 192.168.157.200, host: pr-hdds-1701-2k7ks-937105442, networkLocation: /default-rack, certSerialId: null} reports an CLOSED replica.
2019-10-31 13:05:33,147 [EventQueue-ContainerReportForContainerReportHandler] WARN  container.ContainerReportHandler (AbstractContainerReportHandler.java:updateContainerState(145)) - Container #1 is in OPEN state, but the datanode acc98349-19c8-4839-9f32-ec7ab3c247da{ip: 192.168.157.200, host: pr-hdds-1701-2k7ks-937105442, networkLocation: /default-rack, certSerialId: null} reports an CLOSED replica.
2019-10-31 13:05:33,165 [EventQueue-ContainerReportForContainerReportHandler] WARN  container.ContainerReportHandler (AbstractContainerReportHandler.java:updateContainerState(145)) - Container #1 is in OPEN state, but the datanode bb6aa9e0-dd06-4c88-93db-4ae7898bc0a1{ip: 192.168.157.200, host: pr-hdds-1701-2k7ks-937105442, networkLocation: /default-rack, certSerialId: null} reports an CLOSED replica.
2019-10-31 13:05:33,447 [EventQueue-ContainerReportForContainerReportHandler] WARN  container.ContainerReportHandler (AbstractContainerReportHandler.java:updateContainerState(145)) - Container #1 is in OPEN state, but the datanode acc98349-19c8-4839-9f32-ec7ab3c247da{ip: 192.168.157.200, host: pr-hdds-1701-2k7ks-937105442, networkLocation: /default-rack, certSerialId: null} reports an CLOSED replica.
2019-10-31 13:05:33,565 [EventQueue-ContainerReportForContainerReportHandler] WARN  container.ContainerReportHandler (AbstractContainerReportHandler.java:updateContainerState(145)) - Container #1 is in OPEN state, but the datanode bb6aa9e0-dd06-4c88-93db-4ae7898bc0a1{ip: 192.168.157.200, host: pr-hdds-1701-2k7ks-937105442, networkLocation: /default-rack, certSerialId: null} reports an CLOSED replica.
2019-10-31 13:05:33,838 [BlockDeletingService#2] WARN  background.BlockDeletingService (BlockDeletingService.java:isDeletionAllowed(187)) - Close Container log Index 6 is not replicated across allthe servers in the pipeline 5381b01c-8196-43cd-825c-b36abc200b12 as the min replicated index is 4. Deletion is not allowed in this container yet.
2019-10-31 13:05:33,839 [BlockDeletingService#5] WARN  background.BlockDeletingService (BlockDeletingService.java:isDeletionAllowed(187)) - Close Container log Index 6 is not replicated across allthe servers in the pipeline 5381b01c-8196-43cd-825c-b36abc200b12 as the min replicated index is 4. Deletion is not allowed in this container yet.
2019-10-31 13:05:33,847 [EventQueue-ContainerReportForContainerReportHandler] WARN  container.ContainerReportHandler (AbstractContainerReportHandler.java:updateContainerState(145)) - Container #1 is in OPEN state, but the datanode acc98349-19c8-4839-9f32-ec7ab3c247da{ip: 192.168.157.200, host: pr-hdds-1701-2k7ks-937105442, networkLocation: /default-rack, certSerialId: null} reports an CLOSED replica.
2019-10-31 13:05:33,865 [EventQueue-ContainerReportForContainerReportHandler] WARN  container.ContainerReportHandler (AbstractContainerReportHandler.java:updateContainerState(145)) - Container #1 is in OPEN state, but the datanode bb6aa9e0-dd06-4c88-93db-4ae7898bc0a1{ip: 192.168.157.200, host: pr-hdds-1701-2k7ks-937105442, networkLocation: /default-rack, certSerialId: null} reports an CLOSED replica.
2019-10-31 13:05:34,047 [EventQueue-ContainerReportForContainerReportHandler] WARN  container.ContainerReportHandler (AbstractContainerReportHandler.java:updateContainerState(145)) - Container #1 is in OPEN state, but the datanode acc98349-19c8-4839-9f32-ec7ab3c247da{ip: 192.168.157.200, host: pr-hdds-1701-2k7ks-937105442, networkLocation: /default-rack, certSerialId: null} reports an CLOSED replica.
2019-10-31 13:05:34,065 [EventQueue-ContainerReportForContainerReportHandler] WARN  container.ContainerReportHandler (AbstractContainerReportHandler.java:updateContainerState(145)) - Container #1 is in OPEN state, but the datanode bb6aa9e0-dd06-4c88-93db-4ae7898bc0a1{ip: 192.168.157.200, host: pr-hdds-1701-2k7ks-937105442, networkLocation: /default-rack, certSerialId: null} reports an CLOSED replica.
2019-10-31 13:05:34,348 [EventQueue-ContainerReportForContainerReportHandler] WARN  container.ContainerReportHandler (AbstractContainerReportHandler.java:updateContainerState(145)) - Container #1 is in OPEN state, but the datanode acc98349-19c8-4839-9f32-ec7ab3c247da{ip: 192.168.157.200, host: pr-hdds-1701-2k7ks-937105442, networkLocation: /default-rack, certSerialId: null} reports an CLOSED replica.
2019-10-31 13:05:34,365 [EventQueue-ContainerReportForContainerReportHandler] WARN  container.ContainerReportHandler (AbstractContainerReportHandler.java:updateContainerState(145)) - Container #1 is in OPEN state, but the datanode bb6aa9e0-dd06-4c88-93db-4ae7898bc0a1{ip: 192.168.157.200, host: pr-hdds-1701-2k7ks-937105442, networkLocation: /default-rack, certSerialId: null} reports an CLOSED replica.
2019-10-31 13:05:34,547 [EventQueue-ContainerReportForContainerReportHandler] WARN  container.ContainerReportHandler (AbstractContainerReportHandler.java:updateContainerState(145)) - Container #1 is in OPEN state, but the datanode acc98349-19c8-4839-9f32-ec7ab3c247da{ip: 192.168.157.200, host: pr-hdds-1701-2k7ks-937105442, networkLocation: /default-rack, certSerialId: null} reports an CLOSED replica.
2019-10-31 13:05:34,665 [EventQueue-ContainerReportForContainerReportHandler] WARN  container.ContainerReportHandler (AbstractContainerReportHandler.java:updateContainerState(145)) - Container #1 is in OPEN state, but the datanode bb6aa9e0-dd06-4c88-93db-4ae7898bc0a1{ip: 192.168.157.200, host: pr-hdds-1701-2k7ks-937105442, networkLocation: /default-rack, certSerialId: null} reports an CLOSED replica.
2019-10-31 13:05:34,766 [java.util.concurrent.ThreadPoolExecutor$Worker@79e4e00a[State = -1, empty queue]] WARN  server.GrpcLogAppender (GrpcLogAppender.java:timeoutAppendRequest(209)) - acc98349-19c8-4839-9f32-ec7ab3c247da@group-B36ABC200B12->cfcebab0-3c5e-460b-914c-a75f26ecc6be-GrpcLogAppender: appendEntries Timeout, request=acc98349-19c8-4839-9f32-ec7ab3c247da->cfcebab0-3c5e-460b-914c-a75f26ecc6be#39-t1, previous=(t:1, i:10), leaderCommit=10, initializing? false, entries: <empty>
2019-10-31 13:05:34,840 [BlockDeletingService#5] WARN  background.BlockDeletingService (BlockDeletingService.java:isDeletionAllowed(187)) - Close Container log Index 6 is not replicated across allthe servers in the pipeline 5381b01c-8196-43cd-825c-b36abc200b12 as the min replicated index is 4. Deletion is not allowed in this container yet.
2019-10-31 13:05:34,840 [BlockDeletingService#2] WARN  background.BlockDeletingService (BlockDeletingService.java:isDeletionAllowed(187)) - Close Container log Index 6 is not replicated across allthe servers in the pipeline 5381b01c-8196-43cd-825c-b36abc200b12 as the min replicated index is 4. Deletion is not allowed in this container yet.
2019-10-31 13:05:34,948 [EventQueue-ContainerReportForContainerReportHandler] WARN  container.ContainerReportHandler (AbstractContainerReportHandler.java:updateContainerState(145)) - Container #1 is in OPEN state, but the datanode acc98349-19c8-4839-9f32-ec7ab3c247da{ip: 192.168.157.200, host: pr-hdds-1701-2k7ks-937105442, networkLocation: /default-rack, certSerialId: null} reports an CLOSED replica.
2019-10-31 13:05:34,965 [EventQueue-ContainerReportForContainerReportHandler] WARN  container.ContainerReportHandler (AbstractContainerReportHandler.java:updateContainerState(145)) - Container #1 is in OPEN state, but the datanode bb6aa9e0-dd06-4c88-93db-4ae7898bc0a1{ip: 192.168.157.200, host: pr-hdds-1701-2k7ks-937105442, networkLocation: /default-rack, certSerialId: null} reports an CLOSED replica.
2019-10-31 13:05:35,267 [EventQueue-ContainerReportForContainerReportHandler] WARN  container.ContainerReportHandler (AbstractContainerReportHandler.java:updateContainerState(145)) - Container #1 is in OPEN state, but the datanode bb6aa9e0-dd06-4c88-93db-4ae7898bc0a1{ip: 192.168.157.200, host: pr-hdds-1701-2k7ks-937105442, networkLocation: /default-rack, certSerialId: null} reports an CLOSED replica.
2019-10-31 13:05:35,348 [EventQueue-ContainerReportForContainerReportHandler] WARN  container.ContainerReportHandler (AbstractContainerReportHandler.java:updateContainerState(145)) - Container #1 is in OPEN state, but the datanode acc98349-19c8-4839-9f32-ec7ab3c247da{ip: 192.168.157.200, host: pr-hdds-1701-2k7ks-937105442, networkLocation: /default-rack, certSerialId: null} reports an CLOSED replica.
2019-10-31 13:05:35,586 [Thread-439] INFO  client.GrpcClientProtocolService (GrpcClientProtocolService.java:lambda$processClientRequest$0(279)) - Failed RaftClientRequest:client-E8694136A95C->acc98349-19c8-4839-9f32-ec7ab3c247da@group-B36ABC200B12, cid=10, seq=0, Watch-ALL_COMMITTED(6), Message:<EMPTY>, reply=RaftClientReply:client-E8694136A95C->acc98349-19c8-4839-9f32-ec7ab3c247da@group-B36ABC200B12, cid=10, FAILED org.apache.ratis.protocol.NotReplicatedException: Request with call Id 10 and log index 6 is not yet replicated to ALL_COMMITTED, logIndex=6, commits[acc98349-19c8-4839-9f32-ec7ab3c247da:c10, cfcebab0-3c5e-460b-914c-a75f26ecc6be:c4, bb6aa9e0-dd06-4c88-93db-4ae7898bc0a1:c10]
2019-10-31 13:05:35,649 [EventQueue-ContainerReportForContainerReportHandler] WARN  container.ContainerReportHandler (AbstractContainerReportHandler.java:updateContainerState(145)) - Container #1 is in OPEN state, but the datanode acc98349-19c8-4839-9f32-ec7ab3c247da{ip: 192.168.157.200, host: pr-hdds-1701-2k7ks-937105442, networkLocation: /default-rack, certSerialId: null} reports an CLOSED replica.
2019-10-31 13:05:35,666 [EventQueue-ContainerReportForContainerReportHandler] WARN  container.ContainerReportHandler (AbstractContainerReportHandler.java:updateContainerState(145)) - Container #1 is in OPEN state, but the datanode bb6aa9e0-dd06-4c88-93db-4ae7898bc0a1{ip: 192.168.157.200, host: pr-hdds-1701-2k7ks-937105442, networkLocation: /default-rack, certSerialId: null} reports an CLOSED replica.
2019-10-31 13:05:35,843 [BlockDeletingService#5] WARN  background.BlockDeletingService (BlockDeletingService.java:isDeletionAllowed(187)) - Close Container log Index 6 is not replicated across allthe servers in the pipeline 5381b01c-8196-43cd-825c-b36abc200b12 as the min replicated index is 4. Deletion is not allowed in this container yet.
2019-10-31 13:05:35,843 [BlockDeletingService#2] WARN  background.BlockDeletingService (BlockDeletingService.java:isDeletionAllowed(187)) - Close Container log Index 6 is not replicated across allthe servers in the pipeline 5381b01c-8196-43cd-825c-b36abc200b12 as the min replicated index is 4. Deletion is not allowed in this container yet.
2019-10-31 13:05:35,866 [EventQueue-ContainerReportForContainerReportHandler] WARN  container.ContainerReportHandler (AbstractContainerReportHandler.java:updateContainerState(145)) - Container #1 is in OPEN state, but the datanode bb6aa9e0-dd06-4c88-93db-4ae7898bc0a1{ip: 192.168.157.200, host: pr-hdds-1701-2k7ks-937105442, networkLocation: /default-rack, certSerialId: null} reports an CLOSED replica.
2019-10-31 13:05:36,049 [EventQueue-ContainerReportForContainerReportHandler] WARN  container.ContainerReportHandler (AbstractContainerReportHandler.java:updateContainerState(145)) - Container #1 is in OPEN state, but the datanode acc98349-19c8-4839-9f32-ec7ab3c247da{ip: 192.168.157.200, host: pr-hdds-1701-2k7ks-937105442, networkLocation: /default-rack, certSerialId: null} reports an CLOSED replica.
2019-10-31 13:05:36,066 [EventQueue-ContainerReportForContainerReportHandler] WARN  container.ContainerReportHandler (AbstractContainerReportHandler.java:updateContainerState(145)) - Container #1 is in OPEN state, but the datanode bb6aa9e0-dd06-4c88-93db-4ae7898bc0a1{ip: 192.168.157.200, host: pr-hdds-1701-2k7ks-937105442, networkLocation: /default-rack, certSerialId: null} reports an CLOSED replica.
2019-10-31 13:05:36,249 [EventQueue-ContainerReportForContainerReportHandler] WARN  container.ContainerReportHandler (AbstractContainerReportHandler.java:updateContainerState(145)) - Container #1 is in OPEN state, but the datanode acc98349-19c8-4839-9f32-ec7ab3c247da{ip: 192.168.157.200, host: pr-hdds-1701-2k7ks-937105442, networkLocation: /default-rack, certSerialId: null} reports an CLOSED replica.
2019-10-31 13:05:36,466 [EventQueue-ContainerReportForContainerReportHandler] WARN  container.ContainerReportHandler (AbstractContainerReportHandler.java:updateContainerState(145)) - Container #1 is in OPEN state, but the datanode bb6aa9e0-dd06-4c88-93db-4ae7898bc0a1{ip: 192.168.157.200, host: pr-hdds-1701-2k7ks-937105442, networkLocation: /default-rack, certSerialId: null} reports an CLOSED replica.
2019-10-31 13:05:36,549 [EventQueue-ContainerReportForContainerReportHandler] WARN  container.ContainerReportHandler (AbstractContainerReportHandler.java:updateContainerState(145)) - Container #1 is in OPEN state, but the datanode acc98349-19c8-4839-9f32-ec7ab3c247da{ip: 192.168.157.200, host: pr-hdds-1701-2k7ks-937105442, networkLocation: /default-rack, certSerialId: null} reports an CLOSED replica.
2019-10-31 13:05:36,766 [EventQueue-ContainerReportForContainerReportHandler] WARN  container.ContainerReportHandler (AbstractContainerReportHandler.java:updateContainerState(145)) - Container #1 is in OPEN state, but the datanode bb6aa9e0-dd06-4c88-93db-4ae7898bc0a1{ip: 192.168.157.200, host: pr-hdds-1701-2k7ks-937105442, networkLocation: /default-rack, certSerialId: null} reports an CLOSED replica.
2019-10-31 13:05:36,846 [BlockDeletingService#5] WARN  background.BlockDeletingService (BlockDeletingService.java:isDeletionAllowed(187)) - Close Container log Index 6 is not replicated across allthe servers in the pipeline 5381b01c-8196-43cd-825c-b36abc200b12 as the min replicated index is 4. Deletion is not allowed in this container yet.
2019-10-31 13:05:36,846 [BlockDeletingService#2] WARN  background.BlockDeletingService (BlockDeletingService.java:isDeletionAllowed(187)) - Close Container log Index 6 is not replicated across allthe servers in the pipeline 5381b01c-8196-43cd-825c-b36abc200b12 as the min replicated index is 4. Deletion is not allowed in this container yet.
2019-10-31 13:05:36,850 [EventQueue-ContainerReportForContainerReportHandler] WARN  container.ContainerReportHandler (AbstractContainerReportHandler.java:updateContainerState(145)) - Container #1 is in OPEN state, but the datanode acc98349-19c8-4839-9f32-ec7ab3c247da{ip: 192.168.157.200, host: pr-hdds-1701-2k7ks-937105442, networkLocation: /default-rack, certSerialId: null} reports an CLOSED replica.
2019-10-31 13:05:36,966 [EventQueue-ContainerReportForContainerReportHandler] WARN  container.ContainerReportHandler (AbstractContainerReportHandler.java:updateContainerState(145)) - Container #1 is in OPEN state, but the datanode bb6aa9e0-dd06-4c88-93db-4ae7898bc0a1{ip: 192.168.157.200, host: pr-hdds-1701-2k7ks-937105442, networkLocation: /default-rack, certSerialId: null} reports an CLOSED replica.
2019-10-31 13:05:37,150 [EventQueue-ContainerReportForContainerReportHandler] WARN  container.ContainerReportHandler (AbstractContainerReportHandler.java:updateContainerState(145)) - Container #1 is in OPEN state, but the datanode acc98349-19c8-4839-9f32-ec7ab3c247da{ip: 192.168.157.200, host: pr-hdds-1701-2k7ks-937105442, networkLocation: /default-rack, certSerialId: null} reports an CLOSED replica.
2019-10-31 13:05:37,267 [EventQueue-ContainerReportForContainerReportHandler] WARN  container.ContainerReportHandler (AbstractContainerReportHandler.java:updateContainerState(145)) - Container #1 is in OPEN state, but the datanode bb6aa9e0-dd06-4c88-93db-4ae7898bc0a1{ip: 192.168.157.200, host: pr-hdds-1701-2k7ks-937105442, networkLocation: /default-rack, certSerialId: null} reports an CLOSED replica.
2019-10-31 13:05:37,267 [java.util.concurrent.ThreadPoolExecutor$Worker@79e4e00a[State = -1, empty queue]] WARN  server.GrpcLogAppender (GrpcLogAppender.java:timeoutAppendRequest(209)) - acc98349-19c8-4839-9f32-ec7ab3c247da@group-B36ABC200B12->cfcebab0-3c5e-460b-914c-a75f26ecc6be-GrpcLogAppender: appendEntries Timeout, request=acc98349-19c8-4839-9f32-ec7ab3c247da->cfcebab0-3c5e-460b-914c-a75f26ecc6be#40-t1, previous=(t:1, i:10), leaderCommit=10, initializing? false, entries: <empty>
2019-10-31 13:05:37,449 [EventQueue-ContainerReportForContainerReportHandler] WARN  container.ContainerReportHandler (AbstractContainerReportHandler.java:updateContainerState(145)) - Container #1 is in OPEN state, but the datanode acc98349-19c8-4839-9f32-ec7ab3c247da{ip: 192.168.157.200, host: pr-hdds-1701-2k7ks-937105442, networkLocation: /default-rack, certSerialId: null} reports an CLOSED replica.
2019-10-31 13:05:37,566 [EventQueue-ContainerReportForContainerReportHandler] WARN  container.ContainerReportHandler (AbstractContainerReportHandler.java:updateContainerState(145)) - Container #1 is in OPEN state, but the datanode bb6aa9e0-dd06-4c88-93db-4ae7898bc0a1{ip: 192.168.157.200, host: pr-hdds-1701-2k7ks-937105442, networkLocation: /default-rack, certSerialId: null} reports an CLOSED replica.
2019-10-31 13:05:37,850 [EventQueue-ContainerReportForContainerReportHandler] WARN  container.ContainerReportHandler (AbstractContainerReportHandler.java:updateContainerState(145)) - Container #1 is in OPEN state, but the datanode acc98349-19c8-4839-9f32-ec7ab3c247da{ip: 192.168.157.200, host: pr-hdds-1701-2k7ks-937105442, networkLocation: /default-rack, certSerialId: null} reports an CLOSED replica.
2019-10-31 13:05:37,851 [BlockDeletingService#2] WARN  background.BlockDeletingService (BlockDeletingService.java:isDeletionAllowed(187)) - Close Container log Index 6 is not replicated across allthe servers in the pipeline 5381b01c-8196-43cd-825c-b36abc200b12 as the min replicated index is 4. Deletion is not allowed in this container yet.
2019-10-31 13:05:37,853 [BlockDeletingService#5] WARN  background.BlockDeletingService (BlockDeletingService.java:isDeletionAllowed(187)) - Close Container log Index 6 is not replicated across allthe servers in the pipeline 5381b01c-8196-43cd-825c-b36abc200b12 as the min replicated index is 4. Deletion is not allowed in this container yet.
2019-10-31 13:05:37,866 [EventQueue-ContainerReportForContainerReportHandler] WARN  container.ContainerReportHandler (AbstractContainerReportHandler.java:updateContainerState(145)) - Container #1 is in OPEN state, but the datanode bb6aa9e0-dd06-4c88-93db-4ae7898bc0a1{ip: 192.168.157.200, host: pr-hdds-1701-2k7ks-937105442, networkLocation: /default-rack, certSerialId: null} reports an CLOSED replica.
2019-10-31 13:05:38,150 [EventQueue-ContainerReportForContainerReportHandler] WARN  container.ContainerReportHandler (AbstractContainerReportHandler.java:updateContainerState(145)) - Container #1 is in OPEN state, but the datanode acc98349-19c8-4839-9f32-ec7ab3c247da{ip: 192.168.157.200, host: pr-hdds-1701-2k7ks-937105442, networkLocation: /default-rack, certSerialId: null} reports an CLOSED replica.
2019-10-31 13:05:38,268 [EventQueue-ContainerReportForContainerReportHandler] WARN  container.ContainerReportHandler (AbstractContainerReportHandler.java:updateContainerState(145)) - Container #1 is in OPEN state, but the datanode bb6aa9e0-dd06-4c88-93db-4ae7898bc0a1{ip: 192.168.157.200, host: pr-hdds-1701-2k7ks-937105442, networkLocation: /default-rack, certSerialId: null} reports an CLOSED replica.
2019-10-31 13:05:38,450 [EventQueue-ContainerReportForContainerReportHandler] WARN  container.ContainerReportHandler (AbstractContainerReportHandler.java:updateContainerState(145)) - Container #1 is in OPEN state, but the datanode acc98349-19c8-4839-9f32-ec7ab3c247da{ip: 192.168.157.200, host: pr-hdds-1701-2k7ks-937105442, networkLocation: /default-rack, certSerialId: null} reports an CLOSED replica.
2019-10-31 13:05:38,572 [EventQueue-ContainerReportForContainerReportHandler] WARN  container.ContainerReportHandler (AbstractContainerReportHandler.java:updateContainerState(145)) - Container #1 is in OPEN state, but the datanode bb6aa9e0-dd06-4c88-93db-4ae7898bc0a1{ip: 192.168.157.200, host: pr-hdds-1701-2k7ks-937105442, networkLocation: /default-rack, certSerialId: null} reports an CLOSED replica.
2019-10-31 13:05:38,750 [EventQueue-ContainerReportForContainerReportHandler] WARN  container.ContainerReportHandler (AbstractContainerReportHandler.java:updateContainerState(145)) - Container #1 is in OPEN state, but the datanode acc98349-19c8-4839-9f32-ec7ab3c247da{ip: 192.168.157.200, host: pr-hdds-1701-2k7ks-937105442, networkLocation: /default-rack, certSerialId: null} reports an CLOSED replica.
2019-10-31 13:05:38,854 [BlockDeletingService#2] WARN  background.BlockDeletingService (BlockDeletingService.java:isDeletionAllowed(187)) - Close Container log Index 6 is not replicated across allthe servers in the pipeline 5381b01c-8196-43cd-825c-b36abc200b12 as the min replicated index is 4. Deletion is not allowed in this container yet.
2019-10-31 13:05:38,854 [BlockDeletingService#5] WARN  background.BlockDeletingService (BlockDeletingService.java:isDeletionAllowed(187)) - Close Container log Index 6 is not replicated across allthe servers in the pipeline 5381b01c-8196-43cd-825c-b36abc200b12 as the min replicated index is 4. Deletion is not allowed in this container yet.
2019-10-31 13:05:38,971 [EventQueue-ContainerReportForContainerReportHandler] WARN  container.ContainerReportHandler (AbstractContainerReportHandler.java:updateContainerState(145)) - Container #1 is in OPEN state, but the datanode bb6aa9e0-dd06-4c88-93db-4ae7898bc0a1{ip: 192.168.157.200, host: pr-hdds-1701-2k7ks-937105442, networkLocation: /default-rack, certSerialId: null} reports an CLOSED replica.
2019-10-31 13:05:39,151 [EventQueue-ContainerReportForContainerReportHandler] WARN  container.ContainerReportHandler (AbstractContainerReportHandler.java:updateContainerState(145)) - Container #1 is in OPEN state, but the datanode acc98349-19c8-4839-9f32-ec7ab3c247da{ip: 192.168.157.200, host: pr-hdds-1701-2k7ks-937105442, networkLocation: /default-rack, certSerialId: null} reports an CLOSED replica.
2019-10-31 13:05:39,171 [EventQueue-ContainerReportForContainerReportHandler] WARN  container.ContainerReportHandler (AbstractContainerReportHandler.java:updateContainerState(145)) - Container #1 is in OPEN state, but the datanode bb6aa9e0-dd06-4c88-93db-4ae7898bc0a1{ip: 192.168.157.200, host: pr-hdds-1701-2k7ks-937105442, networkLocation: /default-rack, certSerialId: null} reports an CLOSED replica.
2019-10-31 13:05:39,450 [EventQueue-ContainerReportForContainerReportHandler] WARN  container.ContainerReportHandler (AbstractContainerReportHandler.java:updateContainerState(145)) - Container #1 is in OPEN state, but the datanode acc98349-19c8-4839-9f32-ec7ab3c247da{ip: 192.168.157.200, host: pr-hdds-1701-2k7ks-937105442, networkLocation: /default-rack, certSerialId: null} reports an CLOSED replica.
2019-10-31 13:05:39,471 [EventQueue-ContainerReportForContainerReportHandler] WARN  container.ContainerReportHandler (AbstractContainerReportHandler.java:updateContainerState(145)) - Container #1 is in OPEN state, but the datanode bb6aa9e0-dd06-4c88-93db-4ae7898bc0a1{ip: 192.168.157.200, host: pr-hdds-1701-2k7ks-937105442, networkLocation: /default-rack, certSerialId: null} reports an CLOSED replica.
2019-10-31 13:05:39,650 [EventQueue-ContainerReportForContainerReportHandler] WARN  container.ContainerReportHandler (AbstractContainerReportHandler.java:updateContainerState(145)) - Container #1 is in OPEN state, but the datanode acc98349-19c8-4839-9f32-ec7ab3c247da{ip: 192.168.157.200, host: pr-hdds-1701-2k7ks-937105442, networkLocation: /default-rack, certSerialId: null} reports an CLOSED replica.
2019-10-31 13:05:39,768 [java.util.concurrent.ThreadPoolExecutor$Worker@79e4e00a[State = -1, empty queue]] WARN  server.GrpcLogAppender (GrpcLogAppender.java:timeoutAppendRequest(209)) - acc98349-19c8-4839-9f32-ec7ab3c247da@group-B36ABC200B12->cfcebab0-3c5e-460b-914c-a75f26ecc6be-GrpcLogAppender: appendEntries Timeout, request=acc98349-19c8-4839-9f32-ec7ab3c247da->cfcebab0-3c5e-460b-914c-a75f26ecc6be#41-t1, previous=(t:1, i:10), leaderCommit=10, initializing? false, entries: <empty>
2019-10-31 13:05:39,855 [BlockDeletingService#2] WARN  background.BlockDeletingService (BlockDeletingService.java:isDeletionAllowed(187)) - Close Container log Index 6 is not replicated across allthe servers in the pipeline 5381b01c-8196-43cd-825c-b36abc200b12 as the min replicated index is 4. Deletion is not allowed in this container yet.
2019-10-31 13:05:39,855 [BlockDeletingService#5] WARN  background.BlockDeletingService (BlockDeletingService.java:isDeletionAllowed(187)) - Close Container log Index 6 is not replicated across allthe servers in the pipeline 5381b01c-8196-43cd-825c-b36abc200b12 as the min replicated index is 4. Deletion is not allowed in this container yet.
2019-10-31 13:05:39,872 [EventQueue-ContainerReportForContainerReportHandler] WARN  container.ContainerReportHandler (AbstractContainerReportHandler.java:updateContainerState(145)) - Container #1 is in OPEN state, but the datanode bb6aa9e0-dd06-4c88-93db-4ae7898bc0a1{ip: 192.168.157.200, host: pr-hdds-1701-2k7ks-937105442, networkLocation: /default-rack, certSerialId: null} reports an CLOSED replica.
2019-10-31 13:05:39,950 [EventQueue-ContainerReportForContainerReportHandler] WARN  container.ContainerReportHandler (AbstractContainerReportHandler.java:updateContainerState(145)) - Container #1 is in OPEN state, but the datanode acc98349-19c8-4839-9f32-ec7ab3c247da{ip: 192.168.157.200, host: pr-hdds-1701-2k7ks-937105442, networkLocation: /default-rack, certSerialId: null} reports an CLOSED replica.
2019-10-31 13:05:40,072 [EventQueue-ContainerReportForContainerReportHandler] WARN  container.ContainerReportHandler (AbstractContainerReportHandler.java:updateContainerState(145)) - Container #1 is in OPEN state, but the datanode bb6aa9e0-dd06-4c88-93db-4ae7898bc0a1{ip: 192.168.157.200, host: pr-hdds-1701-2k7ks-937105442, networkLocation: /default-rack, certSerialId: null} reports an CLOSED replica.
2019-10-31 13:05:40,351 [EventQueue-ContainerReportForContainerReportHandler] WARN  container.ContainerReportHandler (AbstractContainerReportHandler.java:updateContainerState(145)) - Container #1 is in OPEN state, but the datanode acc98349-19c8-4839-9f32-ec7ab3c247da{ip: 192.168.157.200, host: pr-hdds-1701-2k7ks-937105442, networkLocation: /default-rack, certSerialId: null} reports an CLOSED replica.
2019-10-31 13:05:40,472 [EventQueue-ContainerReportForContainerReportHandler] WARN  container.ContainerReportHandler (AbstractContainerReportHandler.java:updateContainerState(145)) - Container #1 is in OPEN state, but the datanode bb6aa9e0-dd06-4c88-93db-4ae7898bc0a1{ip: 192.168.157.200, host: pr-hdds-1701-2k7ks-937105442, networkLocation: /default-rack, certSerialId: null} reports an CLOSED replica.
2019-10-31 13:05:40,652 [EventQueue-ContainerReportForContainerReportHandler] WARN  container.ContainerReportHandler (AbstractContainerReportHandler.java:updateContainerState(145)) - Container #1 is in OPEN state, but the datanode acc98349-19c8-4839-9f32-ec7ab3c247da{ip: 192.168.157.200, host: pr-hdds-1701-2k7ks-937105442, networkLocation: /default-rack, certSerialId: null} reports an CLOSED replica.
2019-10-31 13:05:40,772 [EventQueue-ContainerReportForContainerReportHandler] WARN  container.ContainerReportHandler (AbstractContainerReportHandler.java:updateContainerState(145)) - Container #1 is in OPEN state, but the datanode bb6aa9e0-dd06-4c88-93db-4ae7898bc0a1{ip: 192.168.157.200, host: pr-hdds-1701-2k7ks-937105442, networkLocation: /default-rack, certSerialId: null} reports an CLOSED replica.
2019-10-31 13:05:40,857 [BlockDeletingService#2] WARN  background.BlockDeletingService (BlockDeletingService.java:isDeletionAllowed(187)) - Close Container log Index 6 is not replicated across allthe servers in the pipeline 5381b01c-8196-43cd-825c-b36abc200b12 as the min replicated index is 4. Deletion is not allowed in this container yet.
2019-10-31 13:05:40,857 [BlockDeletingService#5] WARN  background.BlockDeletingService (BlockDeletingService.java:isDeletionAllowed(187)) - Close Container log Index 6 is not replicated across allthe servers in the pipeline 5381b01c-8196-43cd-825c-b36abc200b12 as the min replicated index is 4. Deletion is not allowed in this container yet.
2019-10-31 13:05:40,951 [EventQueue-ContainerReportForContainerReportHandler] WARN  container.ContainerReportHandler (AbstractContainerReportHandler.java:updateContainerState(145)) - Container #1 is in OPEN state, but the datanode acc98349-19c8-4839-9f32-ec7ab3c247da{ip: 192.168.157.200, host: pr-hdds-1701-2k7ks-937105442, networkLocation: /default-rack, certSerialId: null} reports an CLOSED replica.
2019-10-31 13:05:40,972 [EventQueue-ContainerReportForContainerReportHandler] WARN  container.ContainerReportHandler (AbstractContainerReportHandler.java:updateContainerState(145)) - Container #1 is in OPEN state, but the datanode bb6aa9e0-dd06-4c88-93db-4ae7898bc0a1{ip: 192.168.157.200, host: pr-hdds-1701-2k7ks-937105442, networkLocation: /default-rack, certSerialId: null} reports an CLOSED replica.
2019-10-31 13:05:41,252 [EventQueue-ContainerReportForContainerReportHandler] WARN  container.ContainerReportHandler (AbstractContainerReportHandler.java:updateContainerState(145)) - Container #1 is in OPEN state, but the datanode acc98349-19c8-4839-9f32-ec7ab3c247da{ip: 192.168.157.200, host: pr-hdds-1701-2k7ks-937105442, networkLocation: /default-rack, certSerialId: null} reports an CLOSED replica.
2019-10-31 13:05:41,272 [EventQueue-ContainerReportForContainerReportHandler] WARN  container.ContainerReportHandler (AbstractContainerReportHandler.java:updateContainerState(145)) - Container #1 is in OPEN state, but the datanode bb6aa9e0-dd06-4c88-93db-4ae7898bc0a1{ip: 192.168.157.200, host: pr-hdds-1701-2k7ks-937105442, networkLocation: /default-rack, certSerialId: null} reports an CLOSED replica.
2019-10-31 13:05:41,552 [EventQueue-ContainerReportForContainerReportHandler] WARN  container.ContainerReportHandler (AbstractContainerReportHandler.java:updateContainerState(145)) - Container #1 is in OPEN state, but the datanode acc98349-19c8-4839-9f32-ec7ab3c247da{ip: 192.168.157.200, host: pr-hdds-1701-2k7ks-937105442, networkLocation: /default-rack, certSerialId: null} reports an CLOSED replica.
2019-10-31 13:05:41,672 [EventQueue-ContainerReportForContainerReportHandler] WARN  container.ContainerReportHandler (AbstractContainerReportHandler.java:updateContainerState(145)) - Container #1 is in OPEN state, but the datanode bb6aa9e0-dd06-4c88-93db-4ae7898bc0a1{ip: 192.168.157.200, host: pr-hdds-1701-2k7ks-937105442, networkLocation: /default-rack, certSerialId: null} reports an CLOSED replica.
2019-10-31 13:05:41,852 [EventQueue-ContainerReportForContainerReportHandler] WARN  container.ContainerReportHandler (AbstractContainerReportHandler.java:updateContainerState(145)) - Container #1 is in OPEN state, but the datanode acc98349-19c8-4839-9f32-ec7ab3c247da{ip: 192.168.157.200, host: pr-hdds-1701-2k7ks-937105442, networkLocation: /default-rack, certSerialId: null} reports an CLOSED replica.
2019-10-31 13:05:41,860 [BlockDeletingService#2] WARN  background.BlockDeletingService (BlockDeletingService.java:isDeletionAllowed(187)) - Close Container log Index 6 is not replicated across allthe servers in the pipeline 5381b01c-8196-43cd-825c-b36abc200b12 as the min replicated index is 4. Deletion is not allowed in this container yet.
2019-10-31 13:05:41,860 [BlockDeletingService#5] WARN  background.BlockDeletingService (BlockDeletingService.java:isDeletionAllowed(187)) - Close Container log Index 6 is not replicated across allthe servers in the pipeline 5381b01c-8196-43cd-825c-b36abc200b12 as the min replicated index is 4. Deletion is not allowed in this container yet.
2019-10-31 13:05:41,974 [EventQueue-ContainerReportForContainerReportHandler] WARN  container.ContainerReportHandler (AbstractContainerReportHandler.java:updateContainerState(145)) - Container #1 is in OPEN state, but the datanode bb6aa9e0-dd06-4c88-93db-4ae7898bc0a1{ip: 192.168.157.200, host: pr-hdds-1701-2k7ks-937105442, networkLocation: /default-rack, certSerialId: null} reports an CLOSED replica.
2019-10-31 13:05:42,053 [EventQueue-ContainerReportForContainerReportHandler] WARN  container.ContainerReportHandler (AbstractContainerReportHandler.java:updateContainerState(145)) - Container #1 is in OPEN state, but the datanode acc98349-19c8-4839-9f32-ec7ab3c247da{ip: 192.168.157.200, host: pr-hdds-1701-2k7ks-937105442, networkLocation: /default-rack, certSerialId: null} reports an CLOSED replica.
2019-10-31 13:05:42,173 [EventQueue-ContainerReportForContainerReportHandler] WARN  container.ContainerReportHandler (AbstractContainerReportHandler.java:updateContainerState(145)) - Container #1 is in OPEN state, but the datanode bb6aa9e0-dd06-4c88-93db-4ae7898bc0a1{ip: 192.168.157.200, host: pr-hdds-1701-2k7ks-937105442, networkLocation: /default-rack, certSerialId: null} reports an CLOSED replica.
2019-10-31 13:05:42,270 [java.util.concurrent.ThreadPoolExecutor$Worker@79e4e00a[State = -1, empty queue]] WARN  server.GrpcLogAppender (GrpcLogAppender.java:timeoutAppendRequest(209)) - acc98349-19c8-4839-9f32-ec7ab3c247da@group-B36ABC200B12->cfcebab0-3c5e-460b-914c-a75f26ecc6be-GrpcLogAppender: appendEntries Timeout, request=acc98349-19c8-4839-9f32-ec7ab3c247da->cfcebab0-3c5e-460b-914c-a75f26ecc6be#42-t1, previous=(t:1, i:10), leaderCommit=10, initializing? false, entries: <empty>
2019-10-31 13:05:42,452 [EventQueue-ContainerReportForContainerReportHandler] WARN  container.ContainerReportHandler (AbstractContainerReportHandler.java:updateContainerState(145)) - Container #1 is in OPEN state, but the datanode acc98349-19c8-4839-9f32-ec7ab3c247da{ip: 192.168.157.200, host: pr-hdds-1701-2k7ks-937105442, networkLocation: /default-rack, certSerialId: null} reports an CLOSED replica.
2019-10-31 13:05:42,476 [EventQueue-ContainerReportForContainerReportHandler] WARN  container.ContainerReportHandler (AbstractContainerReportHandler.java:updateContainerState(145)) - Container #1 is in OPEN state, but the datanode bb6aa9e0-dd06-4c88-93db-4ae7898bc0a1{ip: 192.168.157.200, host: pr-hdds-1701-2k7ks-937105442, networkLocation: /default-rack, certSerialId: null} reports an CLOSED replica.
2019-10-31 13:05:42,752 [EventQueue-ContainerReportForContainerReportHandler] WARN  container.ContainerReportHandler (AbstractContainerReportHandler.java:updateContainerState(145)) - Container #1 is in OPEN state, but the datanode acc98349-19c8-4839-9f32-ec7ab3c247da{ip: 192.168.157.200, host: pr-hdds-1701-2k7ks-937105442, networkLocation: /default-rack, certSerialId: null} reports an CLOSED replica.
2019-10-31 13:05:42,775 [EventQueue-ContainerReportForContainerReportHandler] WARN  container.ContainerReportHandler (AbstractContainerReportHandler.java:updateContainerState(145)) - Container #1 is in OPEN state, but the datanode bb6aa9e0-dd06-4c88-93db-4ae7898bc0a1{ip: 192.168.157.200, host: pr-hdds-1701-2k7ks-937105442, networkLocation: /default-rack, certSerialId: null} reports an CLOSED replica.
2019-10-31 13:05:42,863 [BlockDeletingService#5] WARN  background.BlockDeletingService (BlockDeletingService.java:isDeletionAllowed(187)) - Close Container log Index 6 is not replicated across allthe servers in the pipeline 5381b01c-8196-43cd-825c-b36abc200b12 as the min replicated index is 4. Deletion is not allowed in this container yet.
2019-10-31 13:05:42,863 [BlockDeletingService#2] WARN  background.BlockDeletingService (BlockDeletingService.java:isDeletionAllowed(187)) - Close Container log Index 6 is not replicated across allthe servers in the pipeline 5381b01c-8196-43cd-825c-b36abc200b12 as the min replicated index is 4. Deletion is not allowed in this container yet.
2019-10-31 13:05:42,975 [EventQueue-ContainerReportForContainerReportHandler] WARN  container.ContainerReportHandler (AbstractContainerReportHandler.java:updateContainerState(145)) - Container #1 is in OPEN state, but the datanode bb6aa9e0-dd06-4c88-93db-4ae7898bc0a1{ip: 192.168.157.200, host: pr-hdds-1701-2k7ks-937105442, networkLocation: /default-rack, certSerialId: null} reports an CLOSED replica.
2019-10-31 13:05:43,053 [EventQueue-ContainerReportForContainerReportHandler] WARN  container.ContainerReportHandler (AbstractContainerReportHandler.java:updateContainerState(145)) - Container #1 is in OPEN state, but the datanode acc98349-19c8-4839-9f32-ec7ab3c247da{ip: 192.168.157.200, host: pr-hdds-1701-2k7ks-937105442, networkLocation: /default-rack, certSerialId: null} reports an CLOSED replica.
2019-10-31 13:05:43,376 [EventQueue-ContainerReportForContainerReportHandler] WARN  container.ContainerReportHandler (AbstractContainerReportHandler.java:updateContainerState(145)) - Container #1 is in OPEN state, but the datanode bb6aa9e0-dd06-4c88-93db-4ae7898bc0a1{ip: 192.168.157.200, host: pr-hdds-1701-2k7ks-937105442, networkLocation: /default-rack, certSerialId: null} reports an CLOSED replica.
2019-10-31 13:05:43,452 [EventQueue-ContainerReportForContainerReportHandler] WARN  container.ContainerReportHandler (AbstractContainerReportHandler.java:updateContainerState(145)) - Container #1 is in OPEN state, but the datanode acc98349-19c8-4839-9f32-ec7ab3c247da{ip: 192.168.157.200, host: pr-hdds-1701-2k7ks-937105442, networkLocation: /default-rack, certSerialId: null} reports an CLOSED replica.
2019-10-31 13:05:43,577 [EventQueue-ContainerReportForContainerReportHandler] WARN  container.ContainerReportHandler (AbstractContainerReportHandler.java:updateContainerState(145)) - Container #1 is in OPEN state, but the datanode bb6aa9e0-dd06-4c88-93db-4ae7898bc0a1{ip: 192.168.157.200, host: pr-hdds-1701-2k7ks-937105442, networkLocation: /default-rack, certSerialId: null} reports an CLOSED replica.
2019-10-31 13:05:43,652 [EventQueue-ContainerReportForContainerReportHandler] WARN  container.ContainerReportHandler (AbstractContainerReportHandler.java:updateContainerState(145)) - Container #1 is in OPEN state, but the datanode acc98349-19c8-4839-9f32-ec7ab3c247da{ip: 192.168.157.200, host: pr-hdds-1701-2k7ks-937105442, networkLocation: /default-rack, certSerialId: null} reports an CLOSED replica.
2019-10-31 13:05:43,865 [BlockDeletingService#2] WARN  background.BlockDeletingService (BlockDeletingService.java:isDeletionAllowed(187)) - Close Container log Index 6 is not replicated across allthe servers in the pipeline 5381b01c-8196-43cd-825c-b36abc200b12 as the min replicated index is 4. Deletion is not allowed in this container yet.
2019-10-31 13:05:43,865 [BlockDeletingService#5] WARN  background.BlockDeletingService (BlockDeletingService.java:isDeletionAllowed(187)) - Close Container log Index 6 is not replicated across allthe servers in the pipeline 5381b01c-8196-43cd-825c-b36abc200b12 as the min replicated index is 4. Deletion is not allowed in this container yet.
2019-10-31 13:05:43,876 [EventQueue-ContainerReportForContainerReportHandler] WARN  container.ContainerReportHandler (AbstractContainerReportHandler.java:updateContainerState(145)) - Container #1 is in OPEN state, but the datanode bb6aa9e0-dd06-4c88-93db-4ae7898bc0a1{ip: 192.168.157.200, host: pr-hdds-1701-2k7ks-937105442, networkLocation: /default-rack, certSerialId: null} reports an CLOSED replica.
2019-10-31 13:05:43,942 [Thread-463] INFO  client.GrpcClientProtocolService (GrpcClientProtocolService.java:lambda$processClientRequest$0(279)) - Failed RaftClientRequest:client-E8694136A95C->bb6aa9e0-dd06-4c88-93db-4ae7898bc0a1@group-B36ABC200B12, cid=10, seq=0, Watch-ALL_COMMITTED(6), Message:<EMPTY>, reply=RaftClientReply:client-E8694136A95C->bb6aa9e0-dd06-4c88-93db-4ae7898bc0a1@group-B36ABC200B12, cid=10, FAILED org.apache.ratis.protocol.NotLeaderException: Server bb6aa9e0-dd06-4c88-93db-4ae7898bc0a1@group-B36ABC200B12 is not the leader acc98349-19c8-4839-9f32-ec7ab3c247da:192.168.157.200:43538, logIndex=0, commits[bb6aa9e0-dd06-4c88-93db-4ae7898bc0a1:c10, cfcebab0-3c5e-460b-914c-a75f26ecc6be:c4, acc98349-19c8-4839-9f32-ec7ab3c247da:c10]
2019-10-31 13:05:43,953 [EventQueue-ContainerReportForContainerReportHandler] WARN  container.ContainerReportHandler (AbstractContainerReportHandler.java:updateContainerState(145)) - Container #1 is in OPEN state, but the datanode acc98349-19c8-4839-9f32-ec7ab3c247da{ip: 192.168.157.200, host: pr-hdds-1701-2k7ks-937105442, networkLocation: /default-rack, certSerialId: null} reports an CLOSED replica.
2019-10-31 13:05:44,176 [EventQueue-ContainerReportForContainerReportHandler] WARN  container.ContainerReportHandler (AbstractContainerReportHandler.java:updateContainerState(145)) - Container #1 is in OPEN state, but the datanode bb6aa9e0-dd06-4c88-93db-4ae7898bc0a1{ip: 192.168.157.200, host: pr-hdds-1701-2k7ks-937105442, networkLocation: /default-rack, certSerialId: null} reports an CLOSED replica.
2019-10-31 13:05:44,255 [EventQueue-ContainerReportForContainerReportHandler] WARN  container.ContainerReportHandler (AbstractContainerReportHandler.java:updateContainerState(145)) - Container #1 is in OPEN state, but the datanode acc98349-19c8-4839-9f32-ec7ab3c247da{ip: 192.168.157.200, host: pr-hdds-1701-2k7ks-937105442, networkLocation: /default-rack, certSerialId: null} reports an CLOSED replica.
2019-10-31 13:05:44,376 [EventQueue-ContainerReportForContainerReportHandler] WARN  container.ContainerReportHandler (AbstractContainerReportHandler.java:updateContainerState(145)) - Container #1 is in OPEN state, but the datanode bb6aa9e0-dd06-4c88-93db-4ae7898bc0a1{ip: 192.168.157.200, host: pr-hdds-1701-2k7ks-937105442, networkLocation: /default-rack, certSerialId: null} reports an CLOSED replica.
2019-10-31 13:05:44,555 [EventQueue-ContainerReportForContainerReportHandler] WARN  container.ContainerReportHandler (AbstractContainerReportHandler.java:updateContainerState(145)) - Container #1 is in OPEN state, but the datanode acc98349-19c8-4839-9f32-ec7ab3c247da{ip: 192.168.157.200, host: pr-hdds-1701-2k7ks-937105442, networkLocation: /default-rack, certSerialId: null} reports an CLOSED replica.
2019-10-31 13:05:44,676 [EventQueue-ContainerReportForContainerReportHandler] WARN  container.ContainerReportHandler (AbstractContainerReportHandler.java:updateContainerState(145)) - Container #1 is in OPEN state, but the datanode bb6aa9e0-dd06-4c88-93db-4ae7898bc0a1{ip: 192.168.157.200, host: pr-hdds-1701-2k7ks-937105442, networkLocation: /default-rack, certSerialId: null} reports an CLOSED replica.
2019-10-31 13:05:44,773 [java.util.concurrent.ThreadPoolExecutor$Worker@79e4e00a[State = -1, empty queue]] WARN  server.GrpcLogAppender (GrpcLogAppender.java:timeoutAppendRequest(209)) - acc98349-19c8-4839-9f32-ec7ab3c247da@group-B36ABC200B12->cfcebab0-3c5e-460b-914c-a75f26ecc6be-GrpcLogAppender: appendEntries Timeout, request=acc98349-19c8-4839-9f32-ec7ab3c247da->cfcebab0-3c5e-460b-914c-a75f26ecc6be#43-t1, previous=(t:1, i:10), leaderCommit=10, initializing? false, entries: <empty>
2019-10-31 13:05:44,868 [BlockDeletingService#5] WARN  background.BlockDeletingService (BlockDeletingService.java:isDeletionAllowed(187)) - Close Container log Index 6 is not replicated across allthe servers in the pipeline 5381b01c-8196-43cd-825c-b36abc200b12 as the min replicated index is 4. Deletion is not allowed in this container yet.
2019-10-31 13:05:44,869 [BlockDeletingService#2] WARN  background.BlockDeletingService (BlockDeletingService.java:isDeletionAllowed(187)) - Close Container log Index 6 is not replicated across allthe servers in the pipeline 5381b01c-8196-43cd-825c-b36abc200b12 as the min replicated index is 4. Deletion is not allowed in this container yet.
2019-10-31 13:05:44,957 [EventQueue-ContainerReportForContainerReportHandler] WARN  container.ContainerReportHandler (AbstractContainerReportHandler.java:updateContainerState(145)) - Container #1 is in OPEN state, but the datanode acc98349-19c8-4839-9f32-ec7ab3c247da{ip: 192.168.157.200, host: pr-hdds-1701-2k7ks-937105442, networkLocation: /default-rack, certSerialId: null} reports an CLOSED replica.
2019-10-31 13:05:44,977 [EventQueue-ContainerReportForContainerReportHandler] WARN  container.ContainerReportHandler (AbstractContainerReportHandler.java:updateContainerState(145)) - Container #1 is in OPEN state, but the datanode bb6aa9e0-dd06-4c88-93db-4ae7898bc0a1{ip: 192.168.157.200, host: pr-hdds-1701-2k7ks-937105442, networkLocation: /default-rack, certSerialId: null} reports an CLOSED replica.
2019-10-31 13:05:45,178 [EventQueue-ContainerReportForContainerReportHandler] WARN  container.ContainerReportHandler (AbstractContainerReportHandler.java:updateContainerState(145)) - Container #1 is in OPEN state, but the datanode bb6aa9e0-dd06-4c88-93db-4ae7898bc0a1{ip: 192.168.157.200, host: pr-hdds-1701-2k7ks-937105442, networkLocation: /default-rack, certSerialId: null} reports an CLOSED replica.
2019-10-31 13:05:45,259 [EventQueue-ContainerReportForContainerReportHandler] WARN  container.ContainerReportHandler (AbstractContainerReportHandler.java:updateContainerState(145)) - Container #1 is in OPEN state, but the datanode acc98349-19c8-4839-9f32-ec7ab3c247da{ip: 192.168.157.200, host: pr-hdds-1701-2k7ks-937105442, networkLocation: /default-rack, certSerialId: null} reports an CLOSED replica.
2019-10-31 13:05:45,479 [EventQueue-ContainerReportForContainerReportHandler] WARN  container.ContainerReportHandler (AbstractContainerReportHandler.java:updateContainerState(145)) - Container #1 is in OPEN state, but the datanode bb6aa9e0-dd06-4c88-93db-4ae7898bc0a1{ip: 192.168.157.200, host: pr-hdds-1701-2k7ks-937105442, networkLocation: /default-rack, certSerialId: null} reports an CLOSED replica.
2019-10-31 13:05:45,559 [EventQueue-ContainerReportForContainerReportHandler] WARN  container.ContainerReportHandler (AbstractContainerReportHandler.java:updateContainerState(145)) - Container #1 is in OPEN state, but the datanode acc98349-19c8-4839-9f32-ec7ab3c247da{ip: 192.168.157.200, host: pr-hdds-1701-2k7ks-937105442, networkLocation: /default-rack, certSerialId: null} reports an CLOSED replica.
2019-10-31 13:05:45,585 [Thread-469] INFO  client.GrpcClientProtocolService (GrpcClientProtocolService.java:lambda$processClientRequest$0(279)) - Failed RaftClientRequest:client-E8694136A95C->acc98349-19c8-4839-9f32-ec7ab3c247da@group-B36ABC200B12, cid=10, seq=0, Watch-ALL_COMMITTED(6), Message:<EMPTY>, reply=RaftClientReply:client-E8694136A95C->acc98349-19c8-4839-9f32-ec7ab3c247da@group-B36ABC200B12, cid=10, FAILED org.apache.ratis.protocol.NotReplicatedException: Request with call Id 10 and log index 6 is not yet replicated to ALL_COMMITTED, logIndex=6, commits[acc98349-19c8-4839-9f32-ec7ab3c247da:c10, cfcebab0-3c5e-460b-914c-a75f26ecc6be:c4, bb6aa9e0-dd06-4c88-93db-4ae7898bc0a1:c10]
2019-10-31 13:05:45,679 [EventQueue-ContainerReportForContainerReportHandler] WARN  container.ContainerReportHandler (AbstractContainerReportHandler.java:updateContainerState(145)) - Container #1 is in OPEN state, but the datanode bb6aa9e0-dd06-4c88-93db-4ae7898bc0a1{ip: 192.168.157.200, host: pr-hdds-1701-2k7ks-937105442, networkLocation: /default-rack, certSerialId: null} reports an CLOSED replica.
2019-10-31 13:05:45,860 [EventQueue-ContainerReportForContainerReportHandler] WARN  container.ContainerReportHandler (AbstractContainerReportHandler.java:updateContainerState(145)) - Container #1 is in OPEN state, but the datanode acc98349-19c8-4839-9f32-ec7ab3c247da{ip: 192.168.157.200, host: pr-hdds-1701-2k7ks-937105442, networkLocation: /default-rack, certSerialId: null} reports an CLOSED replica.
2019-10-31 13:05:45,871 [BlockDeletingService#2] WARN  background.BlockDeletingService (BlockDeletingService.java:isDeletionAllowed(187)) - Close Container log Index 6 is not replicated across allthe servers in the pipeline 5381b01c-8196-43cd-825c-b36abc200b12 as the min replicated index is 4. Deletion is not allowed in this container yet.
2019-10-31 13:05:45,871 [BlockDeletingService#5] WARN  background.BlockDeletingService (BlockDeletingService.java:isDeletionAllowed(187)) - Close Container log Index 6 is not replicated across allthe servers in the pipeline 5381b01c-8196-43cd-825c-b36abc200b12 as the min replicated index is 4. Deletion is not allowed in this container yet.
2019-10-31 13:05:46,060 [EventQueue-ContainerReportForContainerReportHandler] WARN  container.ContainerReportHandler (AbstractContainerReportHandler.java:updateContainerState(145)) - Container #1 is in OPEN state, but the datanode acc98349-19c8-4839-9f32-ec7ab3c247da{ip: 192.168.157.200, host: pr-hdds-1701-2k7ks-937105442, networkLocation: /default-rack, certSerialId: null} reports an CLOSED replica.
2019-10-31 13:05:46,079 [EventQueue-ContainerReportForContainerReportHandler] WARN  container.ContainerReportHandler (AbstractContainerReportHandler.java:updateContainerState(145)) - Container #1 is in OPEN state, but the datanode bb6aa9e0-dd06-4c88-93db-4ae7898bc0a1{ip: 192.168.157.200, host: pr-hdds-1701-2k7ks-937105442, networkLocation: /default-rack, certSerialId: null} reports an CLOSED replica.
2019-10-31 13:05:46,380 [EventQueue-ContainerReportForContainerReportHandler] WARN  container.ContainerReportHandler (AbstractContainerReportHandler.java:updateContainerState(145)) - Container #1 is in OPEN state, but the datanode bb6aa9e0-dd06-4c88-93db-4ae7898bc0a1{ip: 192.168.157.200, host: pr-hdds-1701-2k7ks-937105442, networkLocation: /default-rack, certSerialId: null} reports an CLOSED replica.
2019-10-31 13:05:46,461 [EventQueue-ContainerReportForContainerReportHandler] WARN  container.ContainerReportHandler (AbstractContainerReportHandler.java:updateContainerState(145)) - Container #1 is in OPEN state, but the datanode acc98349-19c8-4839-9f32-ec7ab3c247da{ip: 192.168.157.200, host: pr-hdds-1701-2k7ks-937105442, networkLocation: /default-rack, certSerialId: null} reports an CLOSED replica.
2019-10-31 13:05:46,662 [EventQueue-ContainerReportForContainerReportHandler] WARN  container.ContainerReportHandler (AbstractContainerReportHandler.java:updateContainerState(145)) - Container #1 is in OPEN state, but the datanode acc98349-19c8-4839-9f32-ec7ab3c247da{ip: 192.168.157.200, host: pr-hdds-1701-2k7ks-937105442, networkLocation: /default-rack, certSerialId: null} reports an CLOSED replica.
2019-10-31 13:05:46,781 [EventQueue-ContainerReportForContainerReportHandler] WARN  container.ContainerReportHandler (AbstractContainerReportHandler.java:updateContainerState(145)) - Container #1 is in OPEN state, but the datanode bb6aa9e0-dd06-4c88-93db-4ae7898bc0a1{ip: 192.168.157.200, host: pr-hdds-1701-2k7ks-937105442, networkLocation: /default-rack, certSerialId: null} reports an CLOSED replica.
2019-10-31 13:05:46,879 [BlockDeletingService#2] WARN  background.BlockDeletingService (BlockDeletingService.java:isDeletionAllowed(187)) - Close Container log Index 6 is not replicated across allthe servers in the pipeline 5381b01c-8196-43cd-825c-b36abc200b12 as the min replicated index is 4. Deletion is not allowed in this container yet.
2019-10-31 13:05:46,880 [BlockDeletingService#5] WARN  background.BlockDeletingService (BlockDeletingService.java:isDeletionAllowed(187)) - Close Container log Index 6 is not replicated across allthe servers in the pipeline 5381b01c-8196-43cd-825c-b36abc200b12 as the min replicated index is 4. Deletion is not allowed in this container yet.
2019-10-31 13:05:46,962 [EventQueue-ContainerReportForContainerReportHandler] WARN  container.ContainerReportHandler (AbstractContainerReportHandler.java:updateContainerState(145)) - Container #1 is in OPEN state, but the datanode acc98349-19c8-4839-9f32-ec7ab3c247da{ip: 192.168.157.200, host: pr-hdds-1701-2k7ks-937105442, networkLocation: /default-rack, certSerialId: null} reports an CLOSED replica.
2019-10-31 13:05:47,081 [EventQueue-ContainerReportForContainerReportHandler] WARN  container.ContainerReportHandler (AbstractContainerReportHandler.java:updateContainerState(145)) - Container #1 is in OPEN state, but the datanode bb6aa9e0-dd06-4c88-93db-4ae7898bc0a1{ip: 192.168.157.200, host: pr-hdds-1701-2k7ks-937105442, networkLocation: /default-rack, certSerialId: null} reports an CLOSED replica.
2019-10-31 13:05:47,274 [java.util.concurrent.ThreadPoolExecutor$Worker@79e4e00a[State = -1, empty queue]] WARN  server.GrpcLogAppender (GrpcLogAppender.java:timeoutAppendRequest(209)) - acc98349-19c8-4839-9f32-ec7ab3c247da@group-B36ABC200B12->cfcebab0-3c5e-460b-914c-a75f26ecc6be-GrpcLogAppender: appendEntries Timeout, request=acc98349-19c8-4839-9f32-ec7ab3c247da->cfcebab0-3c5e-460b-914c-a75f26ecc6be#44-t1, previous=(t:1, i:10), leaderCommit=10, initializing? false, entries: <empty>
2019-10-31 13:05:47,362 [EventQueue-ContainerReportForContainerReportHandler] WARN  container.ContainerReportHandler (AbstractContainerReportHandler.java:updateContainerState(145)) - Container #1 is in OPEN state, but the datanode acc98349-19c8-4839-9f32-ec7ab3c247da{ip: 192.168.157.200, host: pr-hdds-1701-2k7ks-937105442, networkLocation: /default-rack, certSerialId: null} reports an CLOSED replica.
2019-10-31 13:05:47,381 [EventQueue-ContainerReportForContainerReportHandler] WARN  container.ContainerReportHandler (AbstractContainerReportHandler.java:updateContainerState(145)) - Container #1 is in OPEN state, but the datanode bb6aa9e0-dd06-4c88-93db-4ae7898bc0a1{ip: 192.168.157.200, host: pr-hdds-1701-2k7ks-937105442, networkLocation: /default-rack, certSerialId: null} reports an CLOSED replica.
2019-10-31 13:05:47,581 [EventQueue-ContainerReportForContainerReportHandler] WARN  container.ContainerReportHandler (AbstractContainerReportHandler.java:updateContainerState(145)) - Container #1 is in OPEN state, but the datanode bb6aa9e0-dd06-4c88-93db-4ae7898bc0a1{ip: 192.168.157.200, host: pr-hdds-1701-2k7ks-937105442, networkLocation: /default-rack, certSerialId: null} reports an CLOSED replica.
2019-10-31 13:05:47,662 [EventQueue-ContainerReportForContainerReportHandler] WARN  container.ContainerReportHandler (AbstractContainerReportHandler.java:updateContainerState(145)) - Container #1 is in OPEN state, but the datanode acc98349-19c8-4839-9f32-ec7ab3c247da{ip: 192.168.157.200, host: pr-hdds-1701-2k7ks-937105442, networkLocation: /default-rack, certSerialId: null} reports an CLOSED replica.
2019-10-31 13:05:47,862 [EventQueue-ContainerReportForContainerReportHandler] WARN  container.ContainerReportHandler (AbstractContainerReportHandler.java:updateContainerState(145)) - Container #1 is in OPEN state, but the datanode acc98349-19c8-4839-9f32-ec7ab3c247da{ip: 192.168.157.200, host: pr-hdds-1701-2k7ks-937105442, networkLocation: /default-rack, certSerialId: null} reports an CLOSED replica.
2019-10-31 13:05:47,882 [BlockDeletingService#5] WARN  background.BlockDeletingService (BlockDeletingService.java:isDeletionAllowed(187)) - Close Container log Index 6 is not replicated across allthe servers in the pipeline 5381b01c-8196-43cd-825c-b36abc200b12 as the min replicated index is 4. Deletion is not allowed in this container yet.
2019-10-31 13:05:47,882 [BlockDeletingService#2] WARN  background.BlockDeletingService (BlockDeletingService.java:isDeletionAllowed(187)) - Close Container log Index 6 is not replicated across allthe servers in the pipeline 5381b01c-8196-43cd-825c-b36abc200b12 as the min replicated index is 4. Deletion is not allowed in this container yet.
2019-10-31 13:05:47,983 [EventQueue-ContainerReportForContainerReportHandler] WARN  container.ContainerReportHandler (AbstractContainerReportHandler.java:updateContainerState(145)) - Container #1 is in OPEN state, but the datanode bb6aa9e0-dd06-4c88-93db-4ae7898bc0a1{ip: 192.168.157.200, host: pr-hdds-1701-2k7ks-937105442, networkLocation: /default-rack, certSerialId: null} reports an CLOSED replica.
2019-10-31 13:05:48,163 [EventQueue-ContainerReportForContainerReportHandler] WARN  container.ContainerReportHandler (AbstractContainerReportHandler.java:updateContainerState(145)) - Container #1 is in OPEN state, but the datanode acc98349-19c8-4839-9f32-ec7ab3c247da{ip: 192.168.157.200, host: pr-hdds-1701-2k7ks-937105442, networkLocation: /default-rack, certSerialId: null} reports an CLOSED replica.
2019-10-31 13:05:48,283 [EventQueue-ContainerReportForContainerReportHandler] WARN  container.ContainerReportHandler (AbstractContainerReportHandler.java:updateContainerState(145)) - Container #1 is in OPEN state, but the datanode bb6aa9e0-dd06-4c88-93db-4ae7898bc0a1{ip: 192.168.157.200, host: pr-hdds-1701-2k7ks-937105442, networkLocation: /default-rack, certSerialId: null} reports an CLOSED replica.
2019-10-31 13:05:48,465 [EventQueue-ContainerReportForContainerReportHandler] WARN  container.ContainerReportHandler (AbstractContainerReportHandler.java:updateContainerState(145)) - Container #1 is in OPEN state, but the datanode acc98349-19c8-4839-9f32-ec7ab3c247da{ip: 192.168.157.200, host: pr-hdds-1701-2k7ks-937105442, networkLocation: /default-rack, certSerialId: null} reports an CLOSED replica.
2019-10-31 13:05:48,483 [EventQueue-ContainerReportForContainerReportHandler] WARN  container.ContainerReportHandler (AbstractContainerReportHandler.java:updateContainerState(145)) - Container #1 is in OPEN state, but the datanode bb6aa9e0-dd06-4c88-93db-4ae7898bc0a1{ip: 192.168.157.200, host: pr-hdds-1701-2k7ks-937105442, networkLocation: /default-rack, certSerialId: null} reports an CLOSED replica.
2019-10-31 13:05:48,664 [EventQueue-ContainerReportForContainerReportHandler] WARN  container.ContainerReportHandler (AbstractContainerReportHandler.java:updateContainerState(145)) - Container #1 is in OPEN state, but the datanode acc98349-19c8-4839-9f32-ec7ab3c247da{ip: 192.168.157.200, host: pr-hdds-1701-2k7ks-937105442, networkLocation: /default-rack, certSerialId: null} reports an CLOSED replica.
2019-10-31 13:05:48,685 [EventQueue-ContainerReportForContainerReportHandler] WARN  container.ContainerReportHandler (AbstractContainerReportHandler.java:updateContainerState(145)) - Container #1 is in OPEN state, but the datanode bb6aa9e0-dd06-4c88-93db-4ae7898bc0a1{ip: 192.168.157.200, host: pr-hdds-1701-2k7ks-937105442, networkLocation: /default-rack, certSerialId: null} reports an CLOSED replica.
2019-10-31 13:05:48,884 [BlockDeletingService#5] WARN  background.BlockDeletingService (BlockDeletingService.java:isDeletionAllowed(187)) - Close Container log Index 6 is not replicated across allthe servers in the pipeline 5381b01c-8196-43cd-825c-b36abc200b12 as the min replicated index is 4. Deletion is not allowed in this container yet.
2019-10-31 13:05:48,884 [BlockDeletingService#2] WARN  background.BlockDeletingService (BlockDeletingService.java:isDeletionAllowed(187)) - Close Container log Index 6 is not replicated across allthe servers in the pipeline 5381b01c-8196-43cd-825c-b36abc200b12 as the min replicated index is 4. Deletion is not allowed in this container yet.
2019-10-31 13:05:48,964 [EventQueue-ContainerReportForContainerReportHandler] WARN  container.ContainerReportHandler (AbstractContainerReportHandler.java:updateContainerState(145)) - Container #1 is in OPEN state, but the datanode acc98349-19c8-4839-9f32-ec7ab3c247da{ip: 192.168.157.200, host: pr-hdds-1701-2k7ks-937105442, networkLocation: /default-rack, certSerialId: null} reports an CLOSED replica.
2019-10-31 13:05:48,983 [EventQueue-ContainerReportForContainerReportHandler] WARN  container.ContainerReportHandler (AbstractContainerReportHandler.java:updateContainerState(145)) - Container #1 is in OPEN state, but the datanode bb6aa9e0-dd06-4c88-93db-4ae7898bc0a1{ip: 192.168.157.200, host: pr-hdds-1701-2k7ks-937105442, networkLocation: /default-rack, certSerialId: null} reports an CLOSED replica.
2019-10-31 13:05:49,184 [EventQueue-ContainerReportForContainerReportHandler] WARN  container.ContainerReportHandler (AbstractContainerReportHandler.java:updateContainerState(145)) - Container #1 is in OPEN state, but the datanode bb6aa9e0-dd06-4c88-93db-4ae7898bc0a1{ip: 192.168.157.200, host: pr-hdds-1701-2k7ks-937105442, networkLocation: /default-rack, certSerialId: null} reports an CLOSED replica.
2019-10-31 13:05:49,364 [EventQueue-ContainerReportForContainerReportHandler] WARN  container.ContainerReportHandler (AbstractContainerReportHandler.java:updateContainerState(145)) - Container #1 is in OPEN state, but the datanode acc98349-19c8-4839-9f32-ec7ab3c247da{ip: 192.168.157.200, host: pr-hdds-1701-2k7ks-937105442, networkLocation: /default-rack, certSerialId: null} reports an CLOSED replica.
2019-10-31 13:05:49,384 [EventQueue-ContainerReportForContainerReportHandler] WARN  container.ContainerReportHandler (AbstractContainerReportHandler.java:updateContainerState(145)) - Container #1 is in OPEN state, but the datanode bb6aa9e0-dd06-4c88-93db-4ae7898bc0a1{ip: 192.168.157.200, host: pr-hdds-1701-2k7ks-937105442, networkLocation: /default-rack, certSerialId: null} reports an CLOSED replica.
2019-10-31 13:05:49,765 [EventQueue-ContainerReportForContainerReportHandler] WARN  container.ContainerReportHandler (AbstractContainerReportHandler.java:updateContainerState(145)) - Container #1 is in OPEN state, but the datanode acc98349-19c8-4839-9f32-ec7ab3c247da{ip: 192.168.157.200, host: pr-hdds-1701-2k7ks-937105442, networkLocation: /default-rack, certSerialId: null} reports an CLOSED replica.
2019-10-31 13:05:49,776 [java.util.concurrent.ThreadPoolExecutor$Worker@79e4e00a[State = -1, empty queue]] WARN  server.GrpcLogAppender (GrpcLogAppender.java:timeoutAppendRequest(209)) - acc98349-19c8-4839-9f32-ec7ab3c247da@group-B36ABC200B12->cfcebab0-3c5e-460b-914c-a75f26ecc6be-GrpcLogAppender: appendEntries Timeout, request=acc98349-19c8-4839-9f32-ec7ab3c247da->cfcebab0-3c5e-460b-914c-a75f26ecc6be#45-t1, previous=(t:1, i:10), leaderCommit=10, initializing? false, entries: <empty>
2019-10-31 13:05:49,784 [EventQueue-ContainerReportForContainerReportHandler] WARN  container.ContainerReportHandler (AbstractContainerReportHandler.java:updateContainerState(145)) - Container #1 is in OPEN state, but the datanode bb6aa9e0-dd06-4c88-93db-4ae7898bc0a1{ip: 192.168.157.200, host: pr-hdds-1701-2k7ks-937105442, networkLocation: /default-rack, certSerialId: null} reports an CLOSED replica.
2019-10-31 13:05:49,886 [BlockDeletingService#5] WARN  background.BlockDeletingService (BlockDeletingService.java:isDeletionAllowed(187)) - Close Container log Index 6 is not replicated across allthe servers in the pipeline 5381b01c-8196-43cd-825c-b36abc200b12 as the min replicated index is 4. Deletion is not allowed in this container yet.
2019-10-31 13:05:49,886 [BlockDeletingService#2] WARN  background.BlockDeletingService (BlockDeletingService.java:isDeletionAllowed(187)) - Close Container log Index 6 is not replicated across allthe servers in the pipeline 5381b01c-8196-43cd-825c-b36abc200b12 as the min replicated index is 4. Deletion is not allowed in this container yet.
2019-10-31 13:05:49,984 [EventQueue-ContainerReportForContainerReportHandler] WARN  container.ContainerReportHandler (AbstractContainerReportHandler.java:updateContainerState(145)) - Container #1 is in OPEN state, but the datanode bb6aa9e0-dd06-4c88-93db-4ae7898bc0a1{ip: 192.168.157.200, host: pr-hdds-1701-2k7ks-937105442, networkLocation: /default-rack, certSerialId: null} reports an CLOSED replica.
2019-10-31 13:05:50,166 [EventQueue-ContainerReportForContainerReportHandler] WARN  container.ContainerReportHandler (AbstractContainerReportHandler.java:updateContainerState(145)) - Container #1 is in OPEN state, but the datanode acc98349-19c8-4839-9f32-ec7ab3c247da{ip: 192.168.157.200, host: pr-hdds-1701-2k7ks-937105442, networkLocation: /default-rack, certSerialId: null} reports an CLOSED replica.
2019-10-31 13:05:50,284 [EventQueue-ContainerReportForContainerReportHandler] WARN  container.ContainerReportHandler (AbstractContainerReportHandler.java:updateContainerState(145)) - Container #1 is in OPEN state, but the datanode bb6aa9e0-dd06-4c88-93db-4ae7898bc0a1{ip: 192.168.157.200, host: pr-hdds-1701-2k7ks-937105442, networkLocation: /default-rack, certSerialId: null} reports an CLOSED replica.
2019-10-31 13:05:50,465 [EventQueue-ContainerReportForContainerReportHandler] WARN  container.ContainerReportHandler (AbstractContainerReportHandler.java:updateContainerState(145)) - Container #1 is in OPEN state, but the datanode acc98349-19c8-4839-9f32-ec7ab3c247da{ip: 192.168.157.200, host: pr-hdds-1701-2k7ks-937105442, networkLocation: /default-rack, certSerialId: null} reports an CLOSED replica.
2019-10-31 13:05:50,584 [EventQueue-ContainerReportForContainerReportHandler] WARN  container.ContainerReportHandler (AbstractContainerReportHandler.java:updateContainerState(145)) - Container #1 is in OPEN state, but the datanode bb6aa9e0-dd06-4c88-93db-4ae7898bc0a1{ip: 192.168.157.200, host: pr-hdds-1701-2k7ks-937105442, networkLocation: /default-rack, certSerialId: null} reports an CLOSED replica.
2019-10-31 13:05:50,784 [EventQueue-ContainerReportForContainerReportHandler] WARN  container.ContainerReportHandler (AbstractContainerReportHandler.java:updateContainerState(145)) - Container #1 is in OPEN state, but the datanode bb6aa9e0-dd06-4c88-93db-4ae7898bc0a1{ip: 192.168.157.200, host: pr-hdds-1701-2k7ks-937105442, networkLocation: /default-rack, certSerialId: null} reports an CLOSED replica.
2019-10-31 13:05:50,865 [EventQueue-ContainerReportForContainerReportHandler] WARN  container.ContainerReportHandler (AbstractContainerReportHandler.java:updateContainerState(145)) - Container #1 is in OPEN state, but the datanode acc98349-19c8-4839-9f32-ec7ab3c247da{ip: 192.168.157.200, host: pr-hdds-1701-2k7ks-937105442, networkLocation: /default-rack, certSerialId: null} reports an CLOSED replica.
2019-10-31 13:05:50,887 [BlockDeletingService#5] WARN  background.BlockDeletingService (BlockDeletingService.java:isDeletionAllowed(187)) - Close Container log Index 6 is not replicated across allthe servers in the pipeline 5381b01c-8196-43cd-825c-b36abc200b12 as the min replicated index is 4. Deletion is not allowed in this container yet.
2019-10-31 13:05:50,887 [BlockDeletingService#2] WARN  background.BlockDeletingService (BlockDeletingService.java:isDeletionAllowed(187)) - Close Container log Index 6 is not replicated across allthe servers in the pipeline 5381b01c-8196-43cd-825c-b36abc200b12 as the min replicated index is 4. Deletion is not allowed in this container yet.
2019-10-31 13:05:51,066 [EventQueue-ContainerReportForContainerReportHandler] WARN  container.ContainerReportHandler (AbstractContainerReportHandler.java:updateContainerState(145)) - Container #1 is in OPEN state, but the datanode acc98349-19c8-4839-9f32-ec7ab3c247da{ip: 192.168.157.200, host: pr-hdds-1701-2k7ks-937105442, networkLocation: /default-rack, certSerialId: null} reports an CLOSED replica.
2019-10-31 13:05:51,184 [EventQueue-ContainerReportForContainerReportHandler] WARN  container.ContainerReportHandler (AbstractContainerReportHandler.java:updateContainerState(145)) - Container #1 is in OPEN state, but the datanode bb6aa9e0-dd06-4c88-93db-4ae7898bc0a1{ip: 192.168.157.200, host: pr-hdds-1701-2k7ks-937105442, networkLocation: /default-rack, certSerialId: null} reports an CLOSED replica.
2019-10-31 13:05:51,366 [EventQueue-ContainerReportForContainerReportHandler] WARN  container.ContainerReportHandler (AbstractContainerReportHandler.java:updateContainerState(145)) - Container #1 is in OPEN state, but the datanode acc98349-19c8-4839-9f32-ec7ab3c247da{ip: 192.168.157.200, host: pr-hdds-1701-2k7ks-937105442, networkLocation: /default-rack, certSerialId: null} reports an CLOSED replica.
2019-10-31 13:05:51,384 [EventQueue-ContainerReportForContainerReportHandler] WARN  container.ContainerReportHandler (AbstractContainerReportHandler.java:updateContainerState(145)) - Container #1 is in OPEN state, but the datanode bb6aa9e0-dd06-4c88-93db-4ae7898bc0a1{ip: 192.168.157.200, host: pr-hdds-1701-2k7ks-937105442, networkLocation: /default-rack, certSerialId: null} reports an CLOSED replica.
2019-10-31 13:05:51,566 [EventQueue-ContainerReportForContainerReportHandler] WARN  container.ContainerReportHandler (AbstractContainerReportHandler.java:updateContainerState(145)) - Container #1 is in OPEN state, but the datanode acc98349-19c8-4839-9f32-ec7ab3c247da{ip: 192.168.157.200, host: pr-hdds-1701-2k7ks-937105442, networkLocation: /default-rack, certSerialId: null} reports an CLOSED replica.
2019-10-31 13:05:51,685 [EventQueue-ContainerReportForContainerReportHandler] WARN  container.ContainerReportHandler (AbstractContainerReportHandler.java:updateContainerState(145)) - Container #1 is in OPEN state, but the datanode bb6aa9e0-dd06-4c88-93db-4ae7898bc0a1{ip: 192.168.157.200, host: pr-hdds-1701-2k7ks-937105442, networkLocation: /default-rack, certSerialId: null} reports an CLOSED replica.
2019-10-31 13:05:51,867 [EventQueue-ContainerReportForContainerReportHandler] WARN  container.ContainerReportHandler (AbstractContainerReportHandler.java:updateContainerState(145)) - Container #1 is in OPEN state, but the datanode acc98349-19c8-4839-9f32-ec7ab3c247da{ip: 192.168.157.200, host: pr-hdds-1701-2k7ks-937105442, networkLocation: /default-rack, certSerialId: null} reports an CLOSED replica.
2019-10-31 13:05:51,886 [EventQueue-ContainerReportForContainerReportHandler] WARN  container.ContainerReportHandler (AbstractContainerReportHandler.java:updateContainerState(145)) - Container #1 is in OPEN state, but the datanode bb6aa9e0-dd06-4c88-93db-4ae7898bc0a1{ip: 192.168.157.200, host: pr-hdds-1701-2k7ks-937105442, networkLocation: /default-rack, certSerialId: null} reports an CLOSED replica.
2019-10-31 13:05:51,889 [BlockDeletingService#2] WARN  background.BlockDeletingService (BlockDeletingService.java:isDeletionAllowed(187)) - Close Container log Index 6 is not replicated across allthe servers in the pipeline 5381b01c-8196-43cd-825c-b36abc200b12 as the min replicated index is 4. Deletion is not allowed in this container yet.
2019-10-31 13:05:51,889 [BlockDeletingService#5] WARN  background.BlockDeletingService (BlockDeletingService.java:isDeletionAllowed(187)) - Close Container log Index 6 is not replicated across allthe servers in the pipeline 5381b01c-8196-43cd-825c-b36abc200b12 as the min replicated index is 4. Deletion is not allowed in this container yet.
2019-10-31 13:05:52,168 [EventQueue-ContainerReportForContainerReportHandler] WARN  container.ContainerReportHandler (AbstractContainerReportHandler.java:updateContainerState(145)) - Container #1 is in OPEN state, but the datanode acc98349-19c8-4839-9f32-ec7ab3c247da{ip: 192.168.157.200, host: pr-hdds-1701-2k7ks-937105442, networkLocation: /default-rack, certSerialId: null} reports an CLOSED replica.
2019-10-31 13:05:52,277 [java.util.concurrent.ThreadPoolExecutor$Worker@79e4e00a[State = -1, empty queue]] WARN  server.GrpcLogAppender (GrpcLogAppender.java:timeoutAppendRequest(209)) - acc98349-19c8-4839-9f32-ec7ab3c247da@group-B36ABC200B12->cfcebab0-3c5e-460b-914c-a75f26ecc6be-GrpcLogAppender: appendEntries Timeout, request=acc98349-19c8-4839-9f32-ec7ab3c247da->cfcebab0-3c5e-460b-914c-a75f26ecc6be#46-t1, previous=(t:1, i:10), leaderCommit=10, initializing? false, entries: <empty>
2019-10-31 13:05:52,285 [EventQueue-ContainerReportForContainerReportHandler] WARN  container.ContainerReportHandler (AbstractContainerReportHandler.java:updateContainerState(145)) - Container #1 is in OPEN state, but the datanode bb6aa9e0-dd06-4c88-93db-4ae7898bc0a1{ip: 192.168.157.200, host: pr-hdds-1701-2k7ks-937105442, networkLocation: /default-rack, certSerialId: null} reports an CLOSED replica.
2019-10-31 13:05:52,468 [EventQueue-ContainerReportForContainerReportHandler] WARN  container.ContainerReportHandler (AbstractContainerReportHandler.java:updateContainerState(145)) - Container #1 is in OPEN state, but the datanode acc98349-19c8-4839-9f32-ec7ab3c247da{ip: 192.168.157.200, host: pr-hdds-1701-2k7ks-937105442, networkLocation: /default-rack, certSerialId: null} reports an CLOSED replica.
2019-10-31 13:05:52,585 [EventQueue-ContainerReportForContainerReportHandler] WARN  container.ContainerReportHandler (AbstractContainerReportHandler.java:updateContainerState(145)) - Container #1 is in OPEN state, but the datanode bb6aa9e0-dd06-4c88-93db-4ae7898bc0a1{ip: 192.168.157.200, host: pr-hdds-1701-2k7ks-937105442, networkLocation: /default-rack, certSerialId: null} reports an CLOSED replica.
2019-10-31 13:05:52,769 [EventQueue-ContainerReportForContainerReportHandler] WARN  container.ContainerReportHandler (AbstractContainerReportHandler.java:updateContainerState(145)) - Container #1 is in OPEN state, but the datanode acc98349-19c8-4839-9f32-ec7ab3c247da{ip: 192.168.157.200, host: pr-hdds-1701-2k7ks-937105442, networkLocation: /default-rack, certSerialId: null} reports an CLOSED replica.
2019-10-31 13:05:52,785 [EventQueue-ContainerReportForContainerReportHandler] WARN  container.ContainerReportHandler (AbstractContainerReportHandler.java:updateContainerState(145)) - Container #1 is in OPEN state, but the datanode bb6aa9e0-dd06-4c88-93db-4ae7898bc0a1{ip: 192.168.157.200, host: pr-hdds-1701-2k7ks-937105442, networkLocation: /default-rack, certSerialId: null} reports an CLOSED replica.
2019-10-31 13:05:52,891 [BlockDeletingService#5] WARN  background.BlockDeletingService (BlockDeletingService.java:isDeletionAllowed(187)) - Close Container log Index 6 is not replicated across allthe servers in the pipeline 5381b01c-8196-43cd-825c-b36abc200b12 as the min replicated index is 4. Deletion is not allowed in this container yet.
2019-10-31 13:05:52,891 [BlockDeletingService#2] WARN  background.BlockDeletingService (BlockDeletingService.java:isDeletionAllowed(187)) - Close Container log Index 6 is not replicated across allthe servers in the pipeline 5381b01c-8196-43cd-825c-b36abc200b12 as the min replicated index is 4. Deletion is not allowed in this container yet.
2019-10-31 13:05:53,085 [EventQueue-ContainerReportForContainerReportHandler] WARN  container.ContainerReportHandler (AbstractContainerReportHandler.java:updateContainerState(145)) - Container #1 is in OPEN state, but the datanode bb6aa9e0-dd06-4c88-93db-4ae7898bc0a1{ip: 192.168.157.200, host: pr-hdds-1701-2k7ks-937105442, networkLocation: /default-rack, certSerialId: null} reports an CLOSED replica.
2019-10-31 13:05:53,170 [EventQueue-ContainerReportForContainerReportHandler] WARN  container.ContainerReportHandler (AbstractContainerReportHandler.java:updateContainerState(145)) - Container #1 is in OPEN state, but the datanode acc98349-19c8-4839-9f32-ec7ab3c247da{ip: 192.168.157.200, host: pr-hdds-1701-2k7ks-937105442, networkLocation: /default-rack, certSerialId: null} reports an CLOSED replica.
2019-10-31 13:05:53,385 [EventQueue-ContainerReportForContainerReportHandler] WARN  container.ContainerReportHandler (AbstractContainerReportHandler.java:updateContainerState(145)) - Container #1 is in OPEN state, but the datanode bb6aa9e0-dd06-4c88-93db-4ae7898bc0a1{ip: 192.168.157.200, host: pr-hdds-1701-2k7ks-937105442, networkLocation: /default-rack, certSerialId: null} reports an CLOSED replica.
2019-10-31 13:05:53,569 [EventQueue-ContainerReportForContainerReportHandler] WARN  container.ContainerReportHandler (AbstractContainerReportHandler.java:updateContainerState(145)) - Container #1 is in OPEN state, but the datanode acc98349-19c8-4839-9f32-ec7ab3c247da{ip: 192.168.157.200, host: pr-hdds-1701-2k7ks-937105442, networkLocation: /default-rack, certSerialId: null} reports an CLOSED replica.
2019-10-31 13:05:53,785 [EventQueue-ContainerReportForContainerReportHandler] WARN  container.ContainerReportHandler (AbstractContainerReportHandler.java:updateContainerState(145)) - Container #1 is in OPEN state, but the datanode bb6aa9e0-dd06-4c88-93db-4ae7898bc0a1{ip: 192.168.157.200, host: pr-hdds-1701-2k7ks-937105442, networkLocation: /default-rack, certSerialId: null} reports an CLOSED replica.
2019-10-31 13:05:53,871 [EventQueue-ContainerReportForContainerReportHandler] WARN  container.ContainerReportHandler (AbstractContainerReportHandler.java:updateContainerState(145)) - Container #1 is in OPEN state, but the datanode acc98349-19c8-4839-9f32-ec7ab3c247da{ip: 192.168.157.200, host: pr-hdds-1701-2k7ks-937105442, networkLocation: /default-rack, certSerialId: null} reports an CLOSED replica.
2019-10-31 13:05:53,894 [BlockDeletingService#2] WARN  background.BlockDeletingService (BlockDeletingService.java:isDeletionAllowed(187)) - Close Container log Index 6 is not replicated across allthe servers in the pipeline 5381b01c-8196-43cd-825c-b36abc200b12 as the min replicated index is 4. Deletion is not allowed in this container yet.
2019-10-31 13:05:53,894 [BlockDeletingService#5] WARN  background.BlockDeletingService (BlockDeletingService.java:isDeletionAllowed(187)) - Close Container log Index 6 is not replicated across allthe servers in the pipeline 5381b01c-8196-43cd-825c-b36abc200b12 as the min replicated index is 4. Deletion is not allowed in this container yet.
2019-10-31 13:05:54,085 [EventQueue-ContainerReportForContainerReportHandler] WARN  container.ContainerReportHandler (AbstractContainerReportHandler.java:updateContainerState(145)) - Container #1 is in OPEN state, but the datanode bb6aa9e0-dd06-4c88-93db-4ae7898bc0a1{ip: 192.168.157.200, host: pr-hdds-1701-2k7ks-937105442, networkLocation: /default-rack, certSerialId: null} reports an CLOSED replica.
2019-10-31 13:05:54,173 [EventQueue-ContainerReportForContainerReportHandler] WARN  container.ContainerReportHandler (AbstractContainerReportHandler.java:updateContainerState(145)) - Container #1 is in OPEN state, but the datanode acc98349-19c8-4839-9f32-ec7ab3c247da{ip: 192.168.157.200, host: pr-hdds-1701-2k7ks-937105442, networkLocation: /default-rack, certSerialId: null} reports an CLOSED replica.
2019-10-31 13:05:54,373 [EventQueue-ContainerReportForContainerReportHandler] WARN  container.ContainerReportHandler (AbstractContainerReportHandler.java:updateContainerState(145)) - Container #1 is in OPEN state, but the datanode acc98349-19c8-4839-9f32-ec7ab3c247da{ip: 192.168.157.200, host: pr-hdds-1701-2k7ks-937105442, networkLocation: /default-rack, certSerialId: null} reports an CLOSED replica.
2019-10-31 13:05:54,385 [EventQueue-ContainerReportForContainerReportHandler] WARN  container.ContainerReportHandler (AbstractContainerReportHandler.java:updateContainerState(145)) - Container #1 is in OPEN state, but the datanode bb6aa9e0-dd06-4c88-93db-4ae7898bc0a1{ip: 192.168.157.200, host: pr-hdds-1701-2k7ks-937105442, networkLocation: /default-rack, certSerialId: null} reports an CLOSED replica.
2019-10-31 13:05:54,584 [Thread-496] INFO  client.GrpcClientProtocolService (GrpcClientProtocolService.java:lambda$processClientRequest$0(279)) - Failed RaftClientRequest:client-E8694136A95C->acc98349-19c8-4839-9f32-ec7ab3c247da@group-B36ABC200B12, cid=10, seq=0, Watch-ALL_COMMITTED(6), Message:<EMPTY>, reply=RaftClientReply:client-E8694136A95C->acc98349-19c8-4839-9f32-ec7ab3c247da@group-B36ABC200B12, cid=10, FAILED org.apache.ratis.protocol.NotReplicatedException: Request with call Id 10 and log index 6 is not yet replicated to ALL_COMMITTED, logIndex=6, commits[acc98349-19c8-4839-9f32-ec7ab3c247da:c10, cfcebab0-3c5e-460b-914c-a75f26ecc6be:c4, bb6aa9e0-dd06-4c88-93db-4ae7898bc0a1:c10]
2019-10-31 13:05:54,673 [EventQueue-ContainerReportForContainerReportHandler] WARN  container.ContainerReportHandler (AbstractContainerReportHandler.java:updateContainerState(145)) - Container #1 is in OPEN state, but the datanode acc98349-19c8-4839-9f32-ec7ab3c247da{ip: 192.168.157.200, host: pr-hdds-1701-2k7ks-937105442, networkLocation: /default-rack, certSerialId: null} reports an CLOSED replica.
2019-10-31 13:05:54,685 [EventQueue-ContainerReportForContainerReportHandler] WARN  container.ContainerReportHandler (AbstractContainerReportHandler.java:updateContainerState(145)) - Container #1 is in OPEN state, but the datanode bb6aa9e0-dd06-4c88-93db-4ae7898bc0a1{ip: 192.168.157.200, host: pr-hdds-1701-2k7ks-937105442, networkLocation: /default-rack, certSerialId: null} reports an CLOSED replica.
2019-10-31 13:05:54,778 [java.util.concurrent.ThreadPoolExecutor$Worker@79e4e00a[State = -1, empty queue]] WARN  server.GrpcLogAppender (GrpcLogAppender.java:timeoutAppendRequest(209)) - acc98349-19c8-4839-9f32-ec7ab3c247da@group-B36ABC200B12->cfcebab0-3c5e-460b-914c-a75f26ecc6be-GrpcLogAppender: appendEntries Timeout, request=acc98349-19c8-4839-9f32-ec7ab3c247da->cfcebab0-3c5e-460b-914c-a75f26ecc6be#47-t1, previous=(t:1, i:10), leaderCommit=10, initializing? false, entries: <empty>
2019-10-31 13:05:54,885 [EventQueue-ContainerReportForContainerReportHandler] WARN  container.ContainerReportHandler (AbstractContainerReportHandler.java:updateContainerState(145)) - Container #1 is in OPEN state, but the datanode bb6aa9e0-dd06-4c88-93db-4ae7898bc0a1{ip: 192.168.157.200, host: pr-hdds-1701-2k7ks-937105442, networkLocation: /default-rack, certSerialId: null} reports an CLOSED replica.
2019-10-31 13:05:54,895 [BlockDeletingService#5] WARN  background.BlockDeletingService (BlockDeletingService.java:isDeletionAllowed(187)) - Close Container log Index 6 is not replicated across allthe servers in the pipeline 5381b01c-8196-43cd-825c-b36abc200b12 as the min replicated index is 4. Deletion is not allowed in this container yet.
2019-10-31 13:05:54,898 [BlockDeletingService#2] WARN  background.BlockDeletingService (BlockDeletingService.java:isDeletionAllowed(187)) - Close Container log Index 6 is not replicated across allthe servers in the pipeline 5381b01c-8196-43cd-825c-b36abc200b12 as the min replicated index is 4. Deletion is not allowed in this container yet.
2019-10-31 13:05:54,973 [EventQueue-ContainerReportForContainerReportHandler] WARN  container.ContainerReportHandler (AbstractContainerReportHandler.java:updateContainerState(145)) - Container #1 is in OPEN state, but the datanode acc98349-19c8-4839-9f32-ec7ab3c247da{ip: 192.168.157.200, host: pr-hdds-1701-2k7ks-937105442, networkLocation: /default-rack, certSerialId: null} reports an CLOSED replica.
2019-10-31 13:05:55,274 [EventQueue-ContainerReportForContainerReportHandler] WARN  container.ContainerReportHandler (AbstractContainerReportHandler.java:updateContainerState(145)) - Container #1 is in OPEN state, but the datanode acc98349-19c8-4839-9f32-ec7ab3c247da{ip: 192.168.157.200, host: pr-hdds-1701-2k7ks-937105442, networkLocation: /default-rack, certSerialId: null} reports an CLOSED replica.
2019-10-31 13:05:55,292 [EventQueue-ContainerReportForContainerReportHandler] WARN  container.ContainerReportHandler (AbstractContainerReportHandler.java:updateContainerState(145)) - Container #1 is in OPEN state, but the datanode bb6aa9e0-dd06-4c88-93db-4ae7898bc0a1{ip: 192.168.157.200, host: pr-hdds-1701-2k7ks-937105442, networkLocation: /default-rack, certSerialId: null} reports an CLOSED replica.
2019-10-31 13:05:55,594 [EventQueue-ContainerReportForContainerReportHandler] WARN  container.ContainerReportHandler (AbstractContainerReportHandler.java:updateContainerState(145)) - Container #1 is in OPEN state, but the datanode bb6aa9e0-dd06-4c88-93db-4ae7898bc0a1{ip: 192.168.157.200, host: pr-hdds-1701-2k7ks-937105442, networkLocation: /default-rack, certSerialId: null} reports an CLOSED replica.
2019-10-31 13:05:55,675 [EventQueue-ContainerReportForContainerReportHandler] WARN  container.ContainerReportHandler (AbstractContainerReportHandler.java:updateContainerState(145)) - Container #1 is in OPEN state, but the datanode acc98349-19c8-4839-9f32-ec7ab3c247da{ip: 192.168.157.200, host: pr-hdds-1701-2k7ks-937105442, networkLocation: /default-rack, certSerialId: null} reports an CLOSED replica.
2019-10-31 13:05:55,878 [EventQueue-ContainerReportForContainerReportHandler] WARN  container.ContainerReportHandler (AbstractContainerReportHandler.java:updateContainerState(145)) - Container #1 is in OPEN state, but the datanode acc98349-19c8-4839-9f32-ec7ab3c247da{ip: 192.168.157.200, host: pr-hdds-1701-2k7ks-937105442, networkLocation: /default-rack, certSerialId: null} reports an CLOSED replica.
2019-10-31 13:05:55,897 [BlockDeletingService#5] WARN  background.BlockDeletingService (BlockDeletingService.java:isDeletionAllowed(187)) - Close Container log Index 6 is not replicated across allthe servers in the pipeline 5381b01c-8196-43cd-825c-b36abc200b12 as the min replicated index is 4. Deletion is not allowed in this container yet.
2019-10-31 13:05:55,900 [BlockDeletingService#2] WARN  background.BlockDeletingService (BlockDeletingService.java:isDeletionAllowed(187)) - Close Container log Index 6 is not replicated across allthe servers in the pipeline 5381b01c-8196-43cd-825c-b36abc200b12 as the min replicated index is 4. Deletion is not allowed in this container yet.
2019-10-31 13:05:55,995 [EventQueue-ContainerReportForContainerReportHandler] WARN  container.ContainerReportHandler (AbstractContainerReportHandler.java:updateContainerState(145)) - Container #1 is in OPEN state, but the datanode bb6aa9e0-dd06-4c88-93db-4ae7898bc0a1{ip: 192.168.157.200, host: pr-hdds-1701-2k7ks-937105442, networkLocation: /default-rack, certSerialId: null} reports an CLOSED replica.
2019-10-31 13:05:56,276 [EventQueue-ContainerReportForContainerReportHandler] WARN  container.ContainerReportHandler (AbstractContainerReportHandler.java:updateContainerState(145)) - Container #1 is in OPEN state, but the datanode acc98349-19c8-4839-9f32-ec7ab3c247da{ip: 192.168.157.200, host: pr-hdds-1701-2k7ks-937105442, networkLocation: /default-rack, certSerialId: null} reports an CLOSED replica.
2019-10-31 13:05:56,397 [EventQueue-ContainerReportForContainerReportHandler] WARN  container.ContainerReportHandler (AbstractContainerReportHandler.java:updateContainerState(145)) - Container #1 is in OPEN state, but the datanode bb6aa9e0-dd06-4c88-93db-4ae7898bc0a1{ip: 192.168.157.200, host: pr-hdds-1701-2k7ks-937105442, networkLocation: /default-rack, certSerialId: null} reports an CLOSED replica.
2019-10-31 13:05:56,577 [EventQueue-ContainerReportForContainerReportHandler] WARN  container.ContainerReportHandler (AbstractContainerReportHandler.java:updateContainerState(145)) - Container #1 is in OPEN state, but the datanode acc98349-19c8-4839-9f32-ec7ab3c247da{ip: 192.168.157.200, host: pr-hdds-1701-2k7ks-937105442, networkLocation: /default-rack, certSerialId: null} reports an CLOSED replica.
2019-10-31 13:05:56,598 [EventQueue-ContainerReportForContainerReportHandler] WARN  container.ContainerReportHandler (AbstractContainerReportHandler.java:updateContainerState(145)) - Container #1 is in OPEN state, but the datanode bb6aa9e0-dd06-4c88-93db-4ae7898bc0a1{ip: 192.168.157.200, host: pr-hdds-1701-2k7ks-937105442, networkLocation: /default-rack, certSerialId: null} reports an CLOSED replica.
2019-10-31 13:05:56,777 [EventQueue-ContainerReportForContainerReportHandler] WARN  container.ContainerReportHandler (AbstractContainerReportHandler.java:updateContainerState(145)) - Container #1 is in OPEN state, but the datanode acc98349-19c8-4839-9f32-ec7ab3c247da{ip: 192.168.157.200, host: pr-hdds-1701-2k7ks-937105442, networkLocation: /default-rack, certSerialId: null} reports an CLOSED replica.
2019-10-31 13:05:56,899 [EventQueue-ContainerReportForContainerReportHandler] WARN  container.ContainerReportHandler (AbstractContainerReportHandler.java:updateContainerState(145)) - Container #1 is in OPEN state, but the datanode bb6aa9e0-dd06-4c88-93db-4ae7898bc0a1{ip: 192.168.157.200, host: pr-hdds-1701-2k7ks-937105442, networkLocation: /default-rack, certSerialId: null} reports an CLOSED replica.
2019-10-31 13:05:56,900 [BlockDeletingService#5] WARN  background.BlockDeletingService (BlockDeletingService.java:isDeletionAllowed(187)) - Close Container log Index 6 is not replicated across allthe servers in the pipeline 5381b01c-8196-43cd-825c-b36abc200b12 as the min replicated index is 4. Deletion is not allowed in this container yet.
2019-10-31 13:05:56,901 [BlockDeletingService#2] WARN  background.BlockDeletingService (BlockDeletingService.java:isDeletionAllowed(187)) - Close Container log Index 6 is not replicated across allthe servers in the pipeline 5381b01c-8196-43cd-825c-b36abc200b12 as the min replicated index is 4. Deletion is not allowed in this container yet.
2019-10-31 13:05:57,080 [EventQueue-ContainerReportForContainerReportHandler] WARN  container.ContainerReportHandler (AbstractContainerReportHandler.java:updateContainerState(145)) - Container #1 is in OPEN state, but the datanode acc98349-19c8-4839-9f32-ec7ab3c247da{ip: 192.168.157.200, host: pr-hdds-1701-2k7ks-937105442, networkLocation: /default-rack, certSerialId: null} reports an CLOSED replica.
2019-10-31 13:05:57,198 [EventQueue-ContainerReportForContainerReportHandler] WARN  container.ContainerReportHandler (AbstractContainerReportHandler.java:updateContainerState(145)) - Container #1 is in OPEN state, but the datanode bb6aa9e0-dd06-4c88-93db-4ae7898bc0a1{ip: 192.168.157.200, host: pr-hdds-1701-2k7ks-937105442, networkLocation: /default-rack, certSerialId: null} reports an CLOSED replica.
2019-10-31 13:05:57,278 [EventQueue-ContainerReportForContainerReportHandler] WARN  container.ContainerReportHandler (AbstractContainerReportHandler.java:updateContainerState(145)) - Container #1 is in OPEN state, but the datanode acc98349-19c8-4839-9f32-ec7ab3c247da{ip: 192.168.157.200, host: pr-hdds-1701-2k7ks-937105442, networkLocation: /default-rack, certSerialId: null} reports an CLOSED replica.
2019-10-31 13:05:57,279 [java.util.concurrent.ThreadPoolExecutor$Worker@79e4e00a[State = -1, empty queue]] WARN  server.GrpcLogAppender (GrpcLogAppender.java:timeoutAppendRequest(209)) - acc98349-19c8-4839-9f32-ec7ab3c247da@group-B36ABC200B12->cfcebab0-3c5e-460b-914c-a75f26ecc6be-GrpcLogAppender: appendEntries Timeout, request=acc98349-19c8-4839-9f32-ec7ab3c247da->cfcebab0-3c5e-460b-914c-a75f26ecc6be#48-t1, previous=(t:1, i:10), leaderCommit=10, initializing? false, entries: <empty>
2019-10-31 13:05:57,498 [EventQueue-ContainerReportForContainerReportHandler] WARN  container.ContainerReportHandler (AbstractContainerReportHandler.java:updateContainerState(145)) - Container #1 is in OPEN state, but the datanode bb6aa9e0-dd06-4c88-93db-4ae7898bc0a1{ip: 192.168.157.200, host: pr-hdds-1701-2k7ks-937105442, networkLocation: /default-rack, certSerialId: null} reports an CLOSED replica.
2019-10-31 13:05:57,578 [EventQueue-ContainerReportForContainerReportHandler] WARN  container.ContainerReportHandler (AbstractContainerReportHandler.java:updateContainerState(145)) - Container #1 is in OPEN state, but the datanode acc98349-19c8-4839-9f32-ec7ab3c247da{ip: 192.168.157.200, host: pr-hdds-1701-2k7ks-937105442, networkLocation: /default-rack, certSerialId: null} reports an CLOSED replica.
2019-10-31 13:05:57,878 [EventQueue-ContainerReportForContainerReportHandler] WARN  container.ContainerReportHandler (AbstractContainerReportHandler.java:updateContainerState(145)) - Container #1 is in OPEN state, but the datanode acc98349-19c8-4839-9f32-ec7ab3c247da{ip: 192.168.157.200, host: pr-hdds-1701-2k7ks-937105442, networkLocation: /default-rack, certSerialId: null} reports an CLOSED replica.
2019-10-31 13:05:57,898 [EventQueue-ContainerReportForContainerReportHandler] WARN  container.ContainerReportHandler (AbstractContainerReportHandler.java:updateContainerState(145)) - Container #1 is in OPEN state, but the datanode bb6aa9e0-dd06-4c88-93db-4ae7898bc0a1{ip: 192.168.157.200, host: pr-hdds-1701-2k7ks-937105442, networkLocation: /default-rack, certSerialId: null} reports an CLOSED replica.
2019-10-31 13:05:57,903 [BlockDeletingService#2] WARN  background.BlockDeletingService (BlockDeletingService.java:isDeletionAllowed(187)) - Close Container log Index 6 is not replicated across allthe servers in the pipeline 5381b01c-8196-43cd-825c-b36abc200b12 as the min replicated index is 4. Deletion is not allowed in this container yet.
2019-10-31 13:05:57,903 [BlockDeletingService#5] WARN  background.BlockDeletingService (BlockDeletingService.java:isDeletionAllowed(187)) - Close Container log Index 6 is not replicated across allthe servers in the pipeline 5381b01c-8196-43cd-825c-b36abc200b12 as the min replicated index is 4. Deletion is not allowed in this container yet.
2019-10-31 13:05:58,178 [EventQueue-ContainerReportForContainerReportHandler] WARN  container.ContainerReportHandler (AbstractContainerReportHandler.java:updateContainerState(145)) - Container #1 is in OPEN state, but the datanode acc98349-19c8-4839-9f32-ec7ab3c247da{ip: 192.168.157.200, host: pr-hdds-1701-2k7ks-937105442, networkLocation: /default-rack, certSerialId: null} reports an CLOSED replica.
2019-10-31 13:05:58,198 [EventQueue-ContainerReportForContainerReportHandler] WARN  container.ContainerReportHandler (AbstractContainerReportHandler.java:updateContainerState(145)) - Container #1 is in OPEN state, but the datanode bb6aa9e0-dd06-4c88-93db-4ae7898bc0a1{ip: 192.168.157.200, host: pr-hdds-1701-2k7ks-937105442, networkLocation: /default-rack, certSerialId: null} reports an CLOSED replica.
2019-10-31 13:05:58,500 [EventQueue-ContainerReportForContainerReportHandler] WARN  container.ContainerReportHandler (AbstractContainerReportHandler.java:updateContainerState(145)) - Container #1 is in OPEN state, but the datanode bb6aa9e0-dd06-4c88-93db-4ae7898bc0a1{ip: 192.168.157.200, host: pr-hdds-1701-2k7ks-937105442, networkLocation: /default-rack, certSerialId: null} reports an CLOSED replica.
2019-10-31 13:05:58,579 [EventQueue-ContainerReportForContainerReportHandler] WARN  container.ContainerReportHandler (AbstractContainerReportHandler.java:updateContainerState(145)) - Container #1 is in OPEN state, but the datanode acc98349-19c8-4839-9f32-ec7ab3c247da{ip: 192.168.157.200, host: pr-hdds-1701-2k7ks-937105442, networkLocation: /default-rack, certSerialId: null} reports an CLOSED replica.
2019-10-31 13:05:58,883 [EventQueue-ContainerReportForContainerReportHandler] WARN  container.ContainerReportHandler (AbstractContainerReportHandler.java:updateContainerState(145)) - Container #1 is in OPEN state, but the datanode acc98349-19c8-4839-9f32-ec7ab3c247da{ip: 192.168.157.200, host: pr-hdds-1701-2k7ks-937105442, networkLocation: /default-rack, certSerialId: null} reports an CLOSED replica.
2019-10-31 13:05:58,899 [EventQueue-ContainerReportForContainerReportHandler] WARN  container.ContainerReportHandler (AbstractContainerReportHandler.java:updateContainerState(145)) - Container #1 is in OPEN state, but the datanode bb6aa9e0-dd06-4c88-93db-4ae7898bc0a1{ip: 192.168.157.200, host: pr-hdds-1701-2k7ks-937105442, networkLocation: /default-rack, certSerialId: null} reports an CLOSED replica.
2019-10-31 13:05:58,906 [BlockDeletingService#5] WARN  background.BlockDeletingService (BlockDeletingService.java:isDeletionAllowed(187)) - Close Container log Index 6 is not replicated across allthe servers in the pipeline 5381b01c-8196-43cd-825c-b36abc200b12 as the min replicated index is 4. Deletion is not allowed in this container yet.
2019-10-31 13:05:58,906 [BlockDeletingService#2] WARN  background.BlockDeletingService (BlockDeletingService.java:isDeletionAllowed(187)) - Close Container log Index 6 is not replicated across allthe servers in the pipeline 5381b01c-8196-43cd-825c-b36abc200b12 as the min replicated index is 4. Deletion is not allowed in this container yet.
2019-10-31 13:05:59,199 [EventQueue-ContainerReportForContainerReportHandler] WARN  container.ContainerReportHandler (AbstractContainerReportHandler.java:updateContainerState(145)) - Container #1 is in OPEN state, but the datanode bb6aa9e0-dd06-4c88-93db-4ae7898bc0a1{ip: 192.168.157.200, host: pr-hdds-1701-2k7ks-937105442, networkLocation: /default-rack, certSerialId: null} reports an CLOSED replica.
2019-10-31 13:05:59,281 [EventQueue-ContainerReportForContainerReportHandler] WARN  container.ContainerReportHandler (AbstractContainerReportHandler.java:updateContainerState(145)) - Container #1 is in OPEN state, but the datanode acc98349-19c8-4839-9f32-ec7ab3c247da{ip: 192.168.157.200, host: pr-hdds-1701-2k7ks-937105442, networkLocation: /default-rack, certSerialId: null} reports an CLOSED replica.
2019-10-31 13:05:59,499 [EventQueue-ContainerReportForContainerReportHandler] WARN  container.ContainerReportHandler (AbstractContainerReportHandler.java:updateContainerState(145)) - Container #1 is in OPEN state, but the datanode bb6aa9e0-dd06-4c88-93db-4ae7898bc0a1{ip: 192.168.157.200, host: pr-hdds-1701-2k7ks-937105442, networkLocation: /default-rack, certSerialId: null} reports an CLOSED replica.
2019-10-31 13:05:59,582 [EventQueue-ContainerReportForContainerReportHandler] WARN  container.ContainerReportHandler (AbstractContainerReportHandler.java:updateContainerState(145)) - Container #1 is in OPEN state, but the datanode acc98349-19c8-4839-9f32-ec7ab3c247da{ip: 192.168.157.200, host: pr-hdds-1701-2k7ks-937105442, networkLocation: /default-rack, certSerialId: null} reports an CLOSED replica.
2019-10-31 13:05:59,785 [java.util.concurrent.ThreadPoolExecutor$Worker@79e4e00a[State = -1, empty queue]] WARN  server.GrpcLogAppender (GrpcLogAppender.java:timeoutAppendRequest(209)) - acc98349-19c8-4839-9f32-ec7ab3c247da@group-B36ABC200B12->cfcebab0-3c5e-460b-914c-a75f26ecc6be-GrpcLogAppender: appendEntries Timeout, request=acc98349-19c8-4839-9f32-ec7ab3c247da->cfcebab0-3c5e-460b-914c-a75f26ecc6be#49-t1, previous=(t:1, i:10), leaderCommit=10, initializing? false, entries: <empty>
2019-10-31 13:05:59,799 [EventQueue-ContainerReportForContainerReportHandler] WARN  container.ContainerReportHandler (AbstractContainerReportHandler.java:updateContainerState(145)) - Container #1 is in OPEN state, but the datanode bb6aa9e0-dd06-4c88-93db-4ae7898bc0a1{ip: 192.168.157.200, host: pr-hdds-1701-2k7ks-937105442, networkLocation: /default-rack, certSerialId: null} reports an CLOSED replica.
2019-10-31 13:05:59,882 [EventQueue-ContainerReportForContainerReportHandler] WARN  container.ContainerReportHandler (AbstractContainerReportHandler.java:updateContainerState(145)) - Container #1 is in OPEN state, but the datanode acc98349-19c8-4839-9f32-ec7ab3c247da{ip: 192.168.157.200, host: pr-hdds-1701-2k7ks-937105442, networkLocation: /default-rack, certSerialId: null} reports an CLOSED replica.
2019-10-31 13:05:59,908 [BlockDeletingService#4] WARN  background.BlockDeletingService (BlockDeletingService.java:isDeletionAllowed(187)) - Close Container log Index 6 is not replicated across allthe servers in the pipeline 5381b01c-8196-43cd-825c-b36abc200b12 as the min replicated index is 4. Deletion is not allowed in this container yet.
2019-10-31 13:05:59,908 [BlockDeletingService#2] WARN  background.BlockDeletingService (BlockDeletingService.java:isDeletionAllowed(187)) - Close Container log Index 6 is not replicated across allthe servers in the pipeline 5381b01c-8196-43cd-825c-b36abc200b12 as the min replicated index is 4. Deletion is not allowed in this container yet.
2019-10-31 13:06:00,099 [EventQueue-ContainerReportForContainerReportHandler] WARN  container.ContainerReportHandler (AbstractContainerReportHandler.java:updateContainerState(145)) - Container #1 is in OPEN state, but the datanode bb6aa9e0-dd06-4c88-93db-4ae7898bc0a1{ip: 192.168.157.200, host: pr-hdds-1701-2k7ks-937105442, networkLocation: /default-rack, certSerialId: null} reports an CLOSED replica.
2019-10-31 13:06:00,182 [EventQueue-ContainerReportForContainerReportHandler] WARN  container.ContainerReportHandler (AbstractContainerReportHandler.java:updateContainerState(145)) - Container #1 is in OPEN state, but the datanode acc98349-19c8-4839-9f32-ec7ab3c247da{ip: 192.168.157.200, host: pr-hdds-1701-2k7ks-937105442, networkLocation: /default-rack, certSerialId: null} reports an CLOSED replica.
2019-10-31 13:06:00,382 [EventQueue-ContainerReportForContainerReportHandler] WARN  container.ContainerReportHandler (AbstractContainerReportHandler.java:updateContainerState(145)) - Container #1 is in OPEN state, but the datanode acc98349-19c8-4839-9f32-ec7ab3c247da{ip: 192.168.157.200, host: pr-hdds-1701-2k7ks-937105442, networkLocation: /default-rack, certSerialId: null} reports an CLOSED replica.
2019-10-31 13:06:00,399 [EventQueue-ContainerReportForContainerReportHandler] WARN  container.ContainerReportHandler (AbstractContainerReportHandler.java:updateContainerState(145)) - Container #1 is in OPEN state, but the datanode bb6aa9e0-dd06-4c88-93db-4ae7898bc0a1{ip: 192.168.157.200, host: pr-hdds-1701-2k7ks-937105442, networkLocation: /default-rack, certSerialId: null} reports an CLOSED replica.
2019-10-31 13:06:00,682 [EventQueue-ContainerReportForContainerReportHandler] WARN  container.ContainerReportHandler (AbstractContainerReportHandler.java:updateContainerState(145)) - Container #1 is in OPEN state, but the datanode acc98349-19c8-4839-9f32-ec7ab3c247da{ip: 192.168.157.200, host: pr-hdds-1701-2k7ks-937105442, networkLocation: /default-rack, certSerialId: null} reports an CLOSED replica.
2019-10-31 13:06:00,800 [EventQueue-ContainerReportForContainerReportHandler] WARN  container.ContainerReportHandler (AbstractContainerReportHandler.java:updateContainerState(145)) - Container #1 is in OPEN state, but the datanode bb6aa9e0-dd06-4c88-93db-4ae7898bc0a1{ip: 192.168.157.200, host: pr-hdds-1701-2k7ks-937105442, networkLocation: /default-rack, certSerialId: null} reports an CLOSED replica.
2019-10-31 13:06:00,910 [BlockDeletingService#2] WARN  background.BlockDeletingService (BlockDeletingService.java:isDeletionAllowed(187)) - Close Container log Index 6 is not replicated across allthe servers in the pipeline 5381b01c-8196-43cd-825c-b36abc200b12 as the min replicated index is 4. Deletion is not allowed in this container yet.
2019-10-31 13:06:00,910 [BlockDeletingService#4] WARN  background.BlockDeletingService (BlockDeletingService.java:isDeletionAllowed(187)) - Close Container log Index 6 is not replicated across allthe servers in the pipeline 5381b01c-8196-43cd-825c-b36abc200b12 as the min replicated index is 4. Deletion is not allowed in this container yet.
2019-10-31 13:06:01,000 [EventQueue-ContainerReportForContainerReportHandler] WARN  container.ContainerReportHandler (AbstractContainerReportHandler.java:updateContainerState(145)) - Container #1 is in OPEN state, but the datanode bb6aa9e0-dd06-4c88-93db-4ae7898bc0a1{ip: 192.168.157.200, host: pr-hdds-1701-2k7ks-937105442, networkLocation: /default-rack, certSerialId: null} reports an CLOSED replica.
2019-10-31 13:06:01,082 [EventQueue-ContainerReportForContainerReportHandler] WARN  container.ContainerReportHandler (AbstractContainerReportHandler.java:updateContainerState(145)) - Container #1 is in OPEN state, but the datanode acc98349-19c8-4839-9f32-ec7ab3c247da{ip: 192.168.157.200, host: pr-hdds-1701-2k7ks-937105442, networkLocation: /default-rack, certSerialId: null} reports an CLOSED replica.
2019-10-31 13:06:01,282 [EventQueue-ContainerReportForContainerReportHandler] WARN  container.ContainerReportHandler (AbstractContainerReportHandler.java:updateContainerState(145)) - Container #1 is in OPEN state, but the datanode acc98349-19c8-4839-9f32-ec7ab3c247da{ip: 192.168.157.200, host: pr-hdds-1701-2k7ks-937105442, networkLocation: /default-rack, certSerialId: null} reports an CLOSED replica.
2019-10-31 13:06:01,302 [EventQueue-ContainerReportForContainerReportHandler] WARN  container.ContainerReportHandler (AbstractContainerReportHandler.java:updateContainerState(145)) - Container #1 is in OPEN state, but the datanode bb6aa9e0-dd06-4c88-93db-4ae7898bc0a1{ip: 192.168.157.200, host: pr-hdds-1701-2k7ks-937105442, networkLocation: /default-rack, certSerialId: null} reports an CLOSED replica.
2019-10-31 13:06:01,390 [EventQueue-StaleNodeForStaleNodeHandler] INFO  node.StaleNodeHandler (StaleNodeHandler.java:onMessage(58)) - Datanode cfcebab0-3c5e-460b-914c-a75f26ecc6be{ip: 192.168.157.200, host: pr-hdds-1701-2k7ks-937105442, networkLocation: /default-rack, certSerialId: null} moved to stale state. Finalizing its pipelines [PipelineID=5381b01c-8196-43cd-825c-b36abc200b12, PipelineID=4b3d63bb-7a46-438a-a069-62482ceb9f5f]
2019-10-31 13:06:01,391 [EventQueue-StaleNodeForStaleNodeHandler] INFO  pipeline.SCMPipelineManager (SCMPipelineManager.java:finalizeAndDestroyPipeline(315)) - destroying pipeline:Pipeline[ Id: 5381b01c-8196-43cd-825c-b36abc200b12, Nodes: acc98349-19c8-4839-9f32-ec7ab3c247da{ip: 192.168.157.200, host: pr-hdds-1701-2k7ks-937105442, networkLocation: /default-rack, certSerialId: null}bb6aa9e0-dd06-4c88-93db-4ae7898bc0a1{ip: 192.168.157.200, host: pr-hdds-1701-2k7ks-937105442, networkLocation: /default-rack, certSerialId: null}cfcebab0-3c5e-460b-914c-a75f26ecc6be{ip: 192.168.157.200, host: pr-hdds-1701-2k7ks-937105442, networkLocation: /default-rack, certSerialId: null}, Type:RATIS, Factor:THREE, State:OPEN]
2019-10-31 13:06:01,393 [EventQueue-StaleNodeForStaleNodeHandler] INFO  pipeline.PipelineStateManager (PipelineStateManager.java:finalizePipeline(123)) - Pipeline Pipeline[ Id: 5381b01c-8196-43cd-825c-b36abc200b12, Nodes: acc98349-19c8-4839-9f32-ec7ab3c247da{ip: 192.168.157.200, host: pr-hdds-1701-2k7ks-937105442, networkLocation: /default-rack, certSerialId: null}bb6aa9e0-dd06-4c88-93db-4ae7898bc0a1{ip: 192.168.157.200, host: pr-hdds-1701-2k7ks-937105442, networkLocation: /default-rack, certSerialId: null}cfcebab0-3c5e-460b-914c-a75f26ecc6be{ip: 192.168.157.200, host: pr-hdds-1701-2k7ks-937105442, networkLocation: /default-rack, certSerialId: null}, Type:RATIS, Factor:THREE, State:CLOSED] moved to CLOSED state
2019-10-31 13:06:01,394 [EventQueue-CloseContainerForCloseContainerEventHandler] INFO  container.CloseContainerEventHandler (CloseContainerEventHandler.java:onMessage(61)) - Close container Event triggered for container : #1
2019-10-31 13:06:01,397 [EventQueue-StaleNodeForStaleNodeHandler] INFO  pipeline.SCMPipelineManager (SCMPipelineManager.java:finalizeAndDestroyPipeline(315)) - destroying pipeline:Pipeline[ Id: 4b3d63bb-7a46-438a-a069-62482ceb9f5f, Nodes: cfcebab0-3c5e-460b-914c-a75f26ecc6be{ip: 192.168.157.200, host: pr-hdds-1701-2k7ks-937105442, networkLocation: /default-rack, certSerialId: null}, Type:RATIS, Factor:ONE, State:OPEN]
2019-10-31 13:06:01,399 [EventQueue-StaleNodeForStaleNodeHandler] INFO  pipeline.PipelineStateManager (PipelineStateManager.java:finalizePipeline(123)) - Pipeline Pipeline[ Id: 4b3d63bb-7a46-438a-a069-62482ceb9f5f, Nodes: cfcebab0-3c5e-460b-914c-a75f26ecc6be{ip: 192.168.157.200, host: pr-hdds-1701-2k7ks-937105442, networkLocation: /default-rack, certSerialId: null}, Type:RATIS, Factor:ONE, State:CLOSED] moved to CLOSED state
2019-10-31 13:06:01,505 [EventQueue-ContainerReportForContainerReportHandler] INFO  container.ContainerReportHandler (AbstractContainerReportHandler.java:updateContainerState(178)) - Moving container #1 to CLOSED state, datanode bb6aa9e0-dd06-4c88-93db-4ae7898bc0a1{ip: 192.168.157.200, host: pr-hdds-1701-2k7ks-937105442, networkLocation: /default-rack, certSerialId: null} reported CLOSED replica.
2019-10-31 13:06:01,912 [BlockDeletingService#4] WARN  background.BlockDeletingService (BlockDeletingService.java:isDeletionAllowed(187)) - Close Container log Index 6 is not replicated across allthe servers in the pipeline 5381b01c-8196-43cd-825c-b36abc200b12 as the min replicated index is 4. Deletion is not allowed in this container yet.
2019-10-31 13:06:01,912 [BlockDeletingService#2] WARN  background.BlockDeletingService (BlockDeletingService.java:isDeletionAllowed(187)) - Close Container log Index 6 is not replicated across allthe servers in the pipeline 5381b01c-8196-43cd-825c-b36abc200b12 as the min replicated index is 4. Deletion is not allowed in this container yet.
2019-10-31 13:06:02,287 [java.util.concurrent.ThreadPoolExecutor$Worker@79e4e00a[State = -1, empty queue]] WARN  server.GrpcLogAppender (GrpcLogAppender.java:timeoutAppendRequest(209)) - acc98349-19c8-4839-9f32-ec7ab3c247da@group-B36ABC200B12->cfcebab0-3c5e-460b-914c-a75f26ecc6be-GrpcLogAppender: appendEntries Timeout, request=acc98349-19c8-4839-9f32-ec7ab3c247da->cfcebab0-3c5e-460b-914c-a75f26ecc6be#50-t1, previous=(t:1, i:10), leaderCommit=10, initializing? false, entries: <empty>
2019-10-31 13:06:02,306 [SCMBlockDeletingService#1] INFO  block.SCMBlockDeletingService (SCMBlockDeletingService.java:call(184)) - Totally added 3 delete blocks command for 3 datanodes, task elapsed time: 9ms
2019-10-31 13:06:02,406 [EventQueue-PendingDeleteStatusForPendingDeleteHandler] INFO  block.SCMBlockDeletingService (SCMBlockDeletingService.java:handlePendingDeletes(115)) - Block deletion txnID mismatch in datanode bb6aa9e0-dd06-4c88-93db-4ae7898bc0a1 for containerID 1. Datanode delete txnID: 0, SCM txnID: 1
2019-10-31 13:06:02,485 [Command processor thread] INFO  commandhandler.DeleteBlocksCommandHandler (DeleteBlocksCommandHandler.java:handle(106)) - Start to delete container blocks, TXIDs=[1(0)], numOfContainers=1, numOfBlocks=1
2019-10-31 13:06:02,502 [Command processor thread] INFO  commandhandler.DeleteBlocksCommandHandler (DeleteBlocksCommandHandler.java:handle(106)) - Start to delete container blocks, TXIDs=[1(0)], numOfContainers=1, numOfBlocks=1
2019-10-31 13:06:02,583 [EventQueue-PendingDeleteStatusForPendingDeleteHandler] INFO  block.SCMBlockDeletingService (SCMBlockDeletingService.java:handlePendingDeletes(115)) - Block deletion txnID mismatch in datanode acc98349-19c8-4839-9f32-ec7ab3c247da for containerID 1. Datanode delete txnID: 0, SCM txnID: 1
2019-10-31 13:06:02,858 [main] INFO  impl.MetricsSystemImpl (MetricsSystemImpl.java:init(158)) - HddsDatanode metrics system started (again)
2019-10-31 13:06:02,905 [main] INFO  ozone.HddsDatanodeService (HddsDatanodeService.java:start(184)) - HddsDatanodeService host:pr-hdds-1701-2k7ks-937105442 ip:192.168.157.200
2019-10-31 13:06:02,909 [main] INFO  volume.VolumeUsage (VolumeUsage.java:loadScmUsed(144)) - Cached ScmUsed found for /workdir/hadoop-ozone/integration-test/target/test-dir/MiniOzoneClusterImpl-ba86e98e-0b9e-4fbc-a2f2-7e38c2eb387e/datanode-1/data/containers : 4096 
2019-10-31 13:06:02,910 [main] INFO  volume.HddsVolume (HddsVolume.java:<init>(176)) - Creating Volume: /workdir/hadoop-ozone/integration-test/target/test-dir/MiniOzoneClusterImpl-ba86e98e-0b9e-4fbc-a2f2-7e38c2eb387e/datanode-1/data/containers/hdds of  storage type : DISK and capacity : 1482555576320
2019-10-31 13:06:02,911 [main] INFO  volume.VolumeSet (VolumeSet.java:initializeVolumeSet(170)) - Added Volume : /workdir/hadoop-ozone/integration-test/target/test-dir/MiniOzoneClusterImpl-ba86e98e-0b9e-4fbc-a2f2-7e38c2eb387e/datanode-1/data/containers/hdds to VolumeSet
2019-10-31 13:06:02,911 [main] INFO  volume.ThrottledAsyncChecker (ThrottledAsyncChecker.java:schedule(141)) - Scheduling a check for /workdir/hadoop-ozone/integration-test/target/test-dir/MiniOzoneClusterImpl-ba86e98e-0b9e-4fbc-a2f2-7e38c2eb387e/datanode-1/data/containers/hdds
2019-10-31 13:06:02,912 [main] INFO  volume.HddsVolumeChecker (HddsVolumeChecker.java:checkAllVolumes(204)) - Scheduled health check for volume /workdir/hadoop-ozone/integration-test/target/test-dir/MiniOzoneClusterImpl-ba86e98e-0b9e-4fbc-a2f2-7e38c2eb387e/datanode-1/data/containers/hdds
2019-10-31 13:06:02,914 [BlockDeletingService#4] WARN  background.BlockDeletingService (BlockDeletingService.java:isDeletionAllowed(187)) - Close Container log Index 6 is not replicated across allthe servers in the pipeline 5381b01c-8196-43cd-825c-b36abc200b12 as the min replicated index is 4. Deletion is not allowed in this container yet.
2019-10-31 13:06:02,914 [BlockDeletingService#2] WARN  background.BlockDeletingService (BlockDeletingService.java:isDeletionAllowed(187)) - Close Container log Index 6 is not replicated across allthe servers in the pipeline 5381b01c-8196-43cd-825c-b36abc200b12 as the min replicated index is 4. Deletion is not allowed in this container yet.
2019-10-31 13:06:02,954 [main] INFO  impl.RaftServerProxy (ConfUtils.java:logGet(43)) - raft.rpc.type = GRPC (default)
2019-10-31 13:06:02,955 [main] INFO  grpc.GrpcFactory (GrpcFactory.java:checkPooledByteBufAllocatorUseCacheForAllThreads(45)) - PERFORMANCE WARNING: useCacheForAllThreads is true that may cause Netty to create a lot garbage objects and, as a result, trigger GC.
	It is recommended to disable useCacheForAllThreads by setting -Dorg.apache.ratis.thirdparty.io.netty.allocator.useCacheForAllThreads=false in command line.
2019-10-31 13:06:02,955 [main] INFO  grpc.GrpcConfigKeys$Server (ConfUtils.java:logGet(43)) - raft.grpc.server.port = 44898 (custom)
2019-10-31 13:06:02,956 [main] INFO  server.GrpcService (ConfUtils.java:logGet(43)) - raft.grpc.message.size.max = 33570816 (custom)
2019-10-31 13:06:02,956 [main] INFO  server.RaftServerConfigKeys (ConfUtils.java:logGet(43)) - raft.server.log.appender.buffer.byte-limit = 33554432 (custom)
2019-10-31 13:06:02,956 [main] INFO  server.GrpcService (ConfUtils.java:logGet(43)) - raft.grpc.flow.control.window = 1MB (=1048576) (default)
2019-10-31 13:06:02,957 [main] INFO  server.RaftServerConfigKeys (ConfUtils.java:logGet(43)) - raft.server.rpc.request.timeout = 3000ms (default)
2019-10-31 13:06:02,957 [main] INFO  server.RaftServerConfigKeys (ConfUtils.java:logGet(43)) - raft.server.storage.dir = [/workdir/hadoop-ozone/integration-test/target/test-dir/MiniOzoneClusterImpl-ba86e98e-0b9e-4fbc-a2f2-7e38c2eb387e/datanode-1/data/ratis] (custom)
2019-10-31 13:06:02,958 [main] INFO  impl.RaftServerProxy (RaftServerProxy.java:lambda$null$0(191)) - cfcebab0-3c5e-460b-914c-a75f26ecc6be: found a subdirectory /workdir/hadoop-ozone/integration-test/target/test-dir/MiniOzoneClusterImpl-ba86e98e-0b9e-4fbc-a2f2-7e38c2eb387e/datanode-1/data/ratis/5381b01c-8196-43cd-825c-b36abc200b12
2019-10-31 13:06:02,959 [main] INFO  impl.RaftServerProxy (RaftServerProxy.java:addNew(89)) - cfcebab0-3c5e-460b-914c-a75f26ecc6be: addNew group-B36ABC200B12:[] returns group-B36ABC200B12:java.util.concurrent.CompletableFuture@78a515e4[Not completed]
2019-10-31 13:06:02,959 [main] INFO  impl.RaftServerProxy (RaftServerProxy.java:lambda$null$0(191)) - cfcebab0-3c5e-460b-914c-a75f26ecc6be: found a subdirectory /workdir/hadoop-ozone/integration-test/target/test-dir/MiniOzoneClusterImpl-ba86e98e-0b9e-4fbc-a2f2-7e38c2eb387e/datanode-1/data/ratis/4b3d63bb-7a46-438a-a069-62482ceb9f5f
2019-10-31 13:06:02,959 [main] INFO  impl.RaftServerProxy (RaftServerProxy.java:addNew(89)) - cfcebab0-3c5e-460b-914c-a75f26ecc6be: addNew group-62482CEB9F5F:[] returns group-62482CEB9F5F:java.util.concurrent.CompletableFuture@d2291de[Not completed]
2019-10-31 13:06:02,962 [pool-59-thread-1] INFO  impl.RaftServerImpl (RaftServerImpl.java:<init>(98)) - cfcebab0-3c5e-460b-914c-a75f26ecc6be: new RaftServerImpl for group-B36ABC200B12:[] with ContainerStateMachine:uninitialized
2019-10-31 13:06:02,962 [main] INFO  hdfs.DFSUtil (DFSUtil.java:httpServerTemplateForNNAndJN(1641)) - Starting Web-server for hddsDatanode at: http://0.0.0.0:41450
2019-10-31 13:06:02,967 [pool-59-thread-1] INFO  server.RaftServerConfigKeys (ConfUtils.java:logGet(43)) - raft.server.rpc.timeout.min = 5s (custom)
2019-10-31 13:06:02,967 [pool-59-thread-1] INFO  server.RaftServerConfigKeys (ConfUtils.java:logGet(43)) - raft.server.rpc.timeout.max = 5200ms (custom)
2019-10-31 13:06:02,968 [pool-59-thread-1] INFO  server.RaftServerConfigKeys (ConfUtils.java:logGet(43)) - raft.server.rpcslowness.timeout = 1000s (custom)
2019-10-31 13:06:02,968 [pool-59-thread-1] INFO  server.RaftServerConfigKeys (ConfUtils.java:logGet(43)) - raft.server.sleep.deviation.threshold = 300 (default)
2019-10-31 13:06:02,968 [pool-59-thread-1] INFO  server.RaftServerConfigKeys (ConfUtils.java:logGet(43)) - raft.server.log.appender.install.snapshot.enabled = false (custom)
2019-10-31 13:06:02,968 [pool-59-thread-1] INFO  impl.RaftServerImpl (ServerState.java:<init>(103)) - cfcebab0-3c5e-460b-914c-a75f26ecc6be@group-B36ABC200B12: ConfigurationManager, init=-1: [], old=null, confs=<EMPTY_MAP>
2019-10-31 13:06:02,968 [pool-59-thread-1] INFO  server.RaftServerConfigKeys (ConfUtils.java:logGet(43)) - raft.server.storage.dir = [/workdir/hadoop-ozone/integration-test/target/test-dir/MiniOzoneClusterImpl-ba86e98e-0b9e-4fbc-a2f2-7e38c2eb387e/datanode-1/data/ratis] (custom)
2019-10-31 13:06:02,969 [pool-59-thread-1] INFO  server.RaftServerConfigKeys (ConfUtils.java:logGet(43)) - raft.server.log.corruption.policy = EXCEPTION (default)
2019-10-31 13:06:02,969 [main] INFO  server.AuthenticationFilter (AuthenticationFilter.java:constructSecretProvider(240)) - Unable to initialize FileSignerSecretProvider, falling back to use random secrets.
2019-10-31 13:06:02,970 [main] WARN  http.HttpRequestLog (HttpRequestLog.java:getRequestLog(97)) - Jetty request log can only be enabled using Log4j
2019-10-31 13:06:02,972 [main] INFO  http.HttpServer2 (HttpServer2.java:addGlobalFilter(975)) - Added global filter 'safety' (class=org.apache.hadoop.http.HttpServer2$QuotingInputFilter)
2019-10-31 13:06:02,973 [main] INFO  http.HttpServer2 (HttpServer2.java:addFilter(948)) - Added filter static_user_filter (class=org.apache.hadoop.http.lib.StaticUserWebFilter$StaticUserFilter) to context hddsDatanode
2019-10-31 13:06:02,973 [main] INFO  http.HttpServer2 (HttpServer2.java:addFilter(958)) - Added filter static_user_filter (class=org.apache.hadoop.http.lib.StaticUserWebFilter$StaticUserFilter) to context logs
2019-10-31 13:06:02,973 [main] INFO  http.HttpServer2 (HttpServer2.java:addFilter(958)) - Added filter static_user_filter (class=org.apache.hadoop.http.lib.StaticUserWebFilter$StaticUserFilter) to context static
2019-10-31 13:06:02,974 [main] INFO  http.HttpServer2 (HttpServer2.java:bindListener(1191)) - Jetty bound to port 41450
2019-10-31 13:06:02,974 [main] INFO  server.Server (Server.java:doStart(351)) - jetty-9.3.25.v20180904, build timestamp: 2018-09-04T21:11:46Z, git hash: 3ce520221d0240229c862b122d2b06c12a625732
2019-10-31 13:06:02,976 [main] INFO  handler.ContextHandler (ContextHandler.java:doStart(781)) - Started o.e.j.s.ServletContextHandler@44fff386{/logs,file:///workdir/hadoop-ozone/integration-test/target/log,AVAILABLE}
2019-10-31 13:06:02,976 [main] INFO  handler.ContextHandler (ContextHandler.java:doStart(781)) - Started o.e.j.s.ServletContextHandler@7301eebe{/static,jar:file:/home/user/.m2/repository/org/apache/hadoop/hadoop-hdds-container-service/0.5.0-SNAPSHOT/hadoop-hdds-container-service-0.5.0-SNAPSHOT.jar!/webapps/static,AVAILABLE}
2019-10-31 13:06:02,982 [pool-59-thread-1] INFO  storage.RaftStorageDirectory (RaftStorageDirectory.java:tryLock(328)) - Lock on /workdir/hadoop-ozone/integration-test/target/test-dir/MiniOzoneClusterImpl-ba86e98e-0b9e-4fbc-a2f2-7e38c2eb387e/datanode-1/data/ratis/5381b01c-8196-43cd-825c-b36abc200b12/in_use.lock acquired by nodename 2434@pr-hdds-1701-2k7ks-937105442
2019-10-31 13:06:02,985 [pool-59-thread-1] INFO  ratis.ContainerStateMachine (ContainerStateMachine.java:loadSnapshot(240)) - group-B36ABC200B12: Setting the last applied index to (t:1, i:3)
2019-10-31 13:06:02,987 [Thread-539] INFO  client.GrpcClientProtocolService (GrpcClientProtocolService.java:lambda$processClientRequest$0(279)) - Failed RaftClientRequest:client-E8694136A95C->bb6aa9e0-dd06-4c88-93db-4ae7898bc0a1@group-B36ABC200B12, cid=10, seq=0, Watch-ALL_COMMITTED(6), Message:<EMPTY>, reply=RaftClientReply:client-E8694136A95C->bb6aa9e0-dd06-4c88-93db-4ae7898bc0a1@group-B36ABC200B12, cid=10, FAILED org.apache.ratis.protocol.NotLeaderException: Server bb6aa9e0-dd06-4c88-93db-4ae7898bc0a1@group-B36ABC200B12 is not the leader acc98349-19c8-4839-9f32-ec7ab3c247da:192.168.157.200:43538, logIndex=0, commits[bb6aa9e0-dd06-4c88-93db-4ae7898bc0a1:c10, cfcebab0-3c5e-460b-914c-a75f26ecc6be:c4, acc98349-19c8-4839-9f32-ec7ab3c247da:c10]
2019-10-31 13:06:02,999 [pool-59-thread-1] INFO  impl.RaftServerImpl (ServerState.java:setRaftConf(356)) - cfcebab0-3c5e-460b-914c-a75f26ecc6be@group-B36ABC200B12: set configuration 0: [cfcebab0-3c5e-460b-914c-a75f26ecc6be:192.168.157.200:44898, bb6aa9e0-dd06-4c88-93db-4ae7898bc0a1:192.168.157.200:45292, acc98349-19c8-4839-9f32-ec7ab3c247da:192.168.157.200:43538], old=null at 0
2019-10-31 13:06:02,999 [pool-59-thread-1] INFO  server.RaftServerConfigKeys (ConfUtils.java:logGet(43)) - raft.server.notification.no-leader.timeout = 1000s (custom)
2019-10-31 13:06:03,000 [pool-59-thread-1] INFO  server.RaftServerConfigKeys (ConfUtils.java:logGet(43)) - raft.server.log.use.memory = false (default)
2019-10-31 13:06:03,000 [pool-59-thread-1] INFO  server.RaftServerConfigKeys (ConfUtils.java:logGet(43)) - raft.server.log.purge.gap = 1000000 (custom)
2019-10-31 13:06:03,000 [pool-59-thread-1] INFO  server.RaftServerConfigKeys (ConfUtils.java:logGet(43)) - raft.server.log.appender.buffer.byte-limit = 33554432 (custom)
2019-10-31 13:06:03,001 [pool-59-thread-1] INFO  server.RaftServerConfigKeys (ConfUtils.java:logGet(43)) - raft.server.log.segment.size.max = 1048576 (custom)
2019-10-31 13:06:03,001 [pool-59-thread-1] INFO  server.RaftServerConfigKeys (ConfUtils.java:logGet(43)) - raft.server.log.segment.cache.num.max = 2 (custom)
2019-10-31 13:06:03,001 [pool-59-thread-1] INFO  segmented.SegmentedRaftLogWorker (SegmentedRaftLogWorker.java:<init>(173)) - new cfcebab0-3c5e-460b-914c-a75f26ecc6be@group-B36ABC200B12-SegmentedRaftLogWorker for RaftStorage:Storage Directory /workdir/hadoop-ozone/integration-test/target/test-dir/MiniOzoneClusterImpl-ba86e98e-0b9e-4fbc-a2f2-7e38c2eb387e/datanode-1/data/ratis/5381b01c-8196-43cd-825c-b36abc200b12
2019-10-31 13:06:03,001 [pool-59-thread-1] INFO  server.RaftServerConfigKeys (ConfUtils.java:logGet(43)) - raft.server.log.queue.byte-limit = 2147483647 (custom)
2019-10-31 13:06:03,001 [pool-59-thread-1] INFO  server.RaftServerConfigKeys (ConfUtils.java:logGet(43)) - raft.server.log.queue.element-limit = 1024 (custom)
2019-10-31 13:06:03,001 [pool-59-thread-1] INFO  server.RaftServerConfigKeys (ConfUtils.java:logGet(43)) - raft.server.log.segment.size.max = 1048576 (custom)
2019-10-31 13:06:03,001 [pool-59-thread-1] INFO  server.RaftServerConfigKeys (ConfUtils.java:logGet(43)) - raft.server.log.preallocated.size = 16384 (custom)
2019-10-31 13:06:03,002 [pool-59-thread-1] INFO  server.RaftServerConfigKeys (ConfUtils.java:logGet(43)) - raft.server.log.write.buffer.size = 33554432 (custom)
2019-10-31 13:06:03,002 [pool-59-thread-1] INFO  server.RaftServerConfigKeys (ConfUtils.java:logGet(43)) - raft.server.log.force.sync.num = 128 (default)
2019-10-31 13:06:03,002 [pool-59-thread-1] INFO  server.RaftServerConfigKeys (ConfUtils.java:logGet(43)) - raft.server.log.statemachine.data.sync = true (default)
2019-10-31 13:06:03,002 [pool-59-thread-1] INFO  server.RaftServerConfigKeys (ConfUtils.java:logGet(43)) - raft.server.log.statemachine.data.sync.timeout = 10s (default)
2019-10-31 13:06:03,002 [pool-59-thread-1] INFO  server.RaftServerConfigKeys (ConfUtils.java:logGet(43)) - raft.server.log.statemachine.data.sync.timeout.retry = -1 (default)
2019-10-31 13:06:03,002 [pool-59-thread-1] INFO  server.RaftServerConfigKeys (ConfUtils.java:logGet(43)) - raft.server.log.statemachine.data.caching.enabled = true (custom)
2019-10-31 13:06:03,008 [pool-59-thread-1] INFO  impl.RaftServerImpl (ServerState.java:setRaftConf(356)) - cfcebab0-3c5e-460b-914c-a75f26ecc6be@group-B36ABC200B12: set configuration 0: [cfcebab0-3c5e-460b-914c-a75f26ecc6be:192.168.157.200:44898, bb6aa9e0-dd06-4c88-93db-4ae7898bc0a1:192.168.157.200:45292, acc98349-19c8-4839-9f32-ec7ab3c247da:192.168.157.200:43538], old=null at 0
2019-10-31 13:06:03,009 [pool-59-thread-1] INFO  segmented.LogSegment (LogSegment.java:loadSegment(140)) - Successfully read 5 entries from segment file /workdir/hadoop-ozone/integration-test/target/test-dir/MiniOzoneClusterImpl-ba86e98e-0b9e-4fbc-a2f2-7e38c2eb387e/datanode-1/data/ratis/5381b01c-8196-43cd-825c-b36abc200b12/current/log_inprogress_0
2019-10-31 13:06:03,009 [pool-59-thread-1] INFO  segmented.SegmentedRaftLogWorker (SegmentedRaftLogWorker.java:lambda$new$0(128)) - cfcebab0-3c5e-460b-914c-a75f26ecc6be@group-B36ABC200B12-SegmentedRaftLogWorker: flushIndex: setUnconditionally 0 -> 4
2019-10-31 13:06:03,023 [main] INFO  handler.ContextHandler (ContextHandler.java:doStart(781)) - Started o.e.j.w.WebAppContext@290e8cab{/,file:///tmp/jetty-0.0.0.0-41450-hddsDatanode-_-any-2314974231398377993.dir/webapp/,AVAILABLE}{/hddsDatanode}
2019-10-31 13:06:03,034 [pool-59-thread-1] INFO  raftlog.RaftLog (RaftLog.java:lambda$new$0(61)) - cfcebab0-3c5e-460b-914c-a75f26ecc6be@group-B36ABC200B12-SegmentedRaftLog: commitIndex: updateToMax old=3, new=3, updated? false
2019-10-31 13:06:03,035 [main] INFO  server.AbstractConnector (AbstractConnector.java:doStart(278)) - Started ServerConnector@6e3ecf5c{HTTP/1.1,[http/1.1]}{0.0.0.0:41450}
2019-10-31 13:06:03,035 [pool-59-thread-1] INFO  server.RaftServerConfigKeys (ConfUtils.java:logGet(43)) - raft.server.snapshot.auto.trigger.enabled = true (custom)
2019-10-31 13:06:03,035 [main] INFO  server.Server (Server.java:doStart(419)) - Started @117589ms
2019-10-31 13:06:03,035 [pool-59-thread-1] INFO  server.RaftServerConfigKeys (ConfUtils.java:logGet(43)) - raft.server.snapshot.auto.trigger.threshold = 10000 (custom)
2019-10-31 13:06:03,036 [main] WARN  impl.MetricsSystemImpl (MetricsSystemImpl.java:register(276)) - Sink prometheus already exists!
2019-10-31 13:06:03,036 [pool-59-thread-1] INFO  server.RaftServerConfigKeys (ConfUtils.java:logGet(43)) - raft.server.snapshot.retention.file.num = 5 (custom)
2019-10-31 13:06:03,036 [pool-59-thread-1] INFO  server.RaftServerConfigKeys (ConfUtils.java:logGet(43)) - raft.server.retrycache.expirytime = 600000ms (custom)
2019-10-31 13:06:03,037 [main] INFO  server.BaseHttpServer (BaseHttpServer.java:updateConnectorAddress(215)) - HTTP server of HDDSDATANODE is listening at http://0.0.0.0:41450
2019-10-31 13:06:03,038 [pool-59-thread-1] INFO  impl.RaftServerImpl (RaftServerImpl.java:<init>(98)) - cfcebab0-3c5e-460b-914c-a75f26ecc6be: new RaftServerImpl for group-62482CEB9F5F:[] with ContainerStateMachine:uninitialized
2019-10-31 13:06:03,038 [pool-59-thread-1] INFO  server.RaftServerConfigKeys (ConfUtils.java:logGet(43)) - raft.server.rpc.timeout.min = 5s (custom)
2019-10-31 13:06:03,038 [pool-59-thread-1] INFO  server.RaftServerConfigKeys (ConfUtils.java:logGet(43)) - raft.server.rpc.timeout.max = 5200ms (custom)
2019-10-31 13:06:03,038 [pool-59-thread-1] INFO  server.RaftServerConfigKeys (ConfUtils.java:logGet(43)) - raft.server.rpcslowness.timeout = 1000s (custom)
2019-10-31 13:06:03,038 [pool-59-thread-1] INFO  server.RaftServerConfigKeys (ConfUtils.java:logGet(43)) - raft.server.sleep.deviation.threshold = 300 (default)
2019-10-31 13:06:03,038 [pool-59-thread-1] INFO  server.RaftServerConfigKeys (ConfUtils.java:logGet(43)) - raft.server.log.appender.install.snapshot.enabled = false (custom)
2019-10-31 13:06:03,038 [pool-59-thread-1] INFO  impl.RaftServerImpl (ServerState.java:<init>(103)) - cfcebab0-3c5e-460b-914c-a75f26ecc6be@group-62482CEB9F5F: ConfigurationManager, init=-1: [], old=null, confs=<EMPTY_MAP>
2019-10-31 13:06:03,038 [pool-59-thread-1] INFO  server.RaftServerConfigKeys (ConfUtils.java:logGet(43)) - raft.server.storage.dir = [/workdir/hadoop-ozone/integration-test/target/test-dir/MiniOzoneClusterImpl-ba86e98e-0b9e-4fbc-a2f2-7e38c2eb387e/datanode-1/data/ratis] (custom)
2019-10-31 13:06:03,039 [pool-59-thread-1] INFO  server.RaftServerConfigKeys (ConfUtils.java:logGet(43)) - raft.server.log.corruption.policy = EXCEPTION (default)
2019-10-31 13:06:03,039 [org.apache.hadoop.util.JvmPauseMonitor$Monitor@7bec3623] INFO  util.JvmPauseMonitor (JvmPauseMonitor.java:run(188)) - Starting JVM pause monitor
2019-10-31 13:06:03,057 [pool-59-thread-1] INFO  storage.RaftStorageDirectory (RaftStorageDirectory.java:tryLock(328)) - Lock on /workdir/hadoop-ozone/integration-test/target/test-dir/MiniOzoneClusterImpl-ba86e98e-0b9e-4fbc-a2f2-7e38c2eb387e/datanode-1/data/ratis/4b3d63bb-7a46-438a-a069-62482ceb9f5f/in_use.lock acquired by nodename 2434@pr-hdds-1701-2k7ks-937105442
2019-10-31 13:06:03,058 [pool-59-thread-1] INFO  ratis.ContainerStateMachine (ContainerStateMachine.java:loadSnapshot(231)) - group-62482CEB9F5F: The snapshot info is null. Setting the last applied indexto:(t:0, i:~)
2019-10-31 13:06:03,058 [pool-59-thread-1] INFO  server.RaftServerConfigKeys (ConfUtils.java:logGet(43)) - raft.server.notification.no-leader.timeout = 1000s (custom)
2019-10-31 13:06:03,058 [pool-59-thread-1] INFO  server.RaftServerConfigKeys (ConfUtils.java:logGet(43)) - raft.server.log.use.memory = false (default)
2019-10-31 13:06:03,058 [pool-59-thread-1] INFO  server.RaftServerConfigKeys (ConfUtils.java:logGet(43)) - raft.server.log.purge.gap = 1000000 (custom)
2019-10-31 13:06:03,058 [pool-59-thread-1] INFO  server.RaftServerConfigKeys (ConfUtils.java:logGet(43)) - raft.server.log.appender.buffer.byte-limit = 33554432 (custom)
2019-10-31 13:06:03,058 [pool-59-thread-1] INFO  server.RaftServerConfigKeys (ConfUtils.java:logGet(43)) - raft.server.log.segment.size.max = 1048576 (custom)
2019-10-31 13:06:03,058 [pool-59-thread-1] INFO  server.RaftServerConfigKeys (ConfUtils.java:logGet(43)) - raft.server.log.segment.cache.num.max = 2 (custom)
2019-10-31 13:06:03,058 [pool-59-thread-1] INFO  segmented.SegmentedRaftLogWorker (SegmentedRaftLogWorker.java:<init>(173)) - new cfcebab0-3c5e-460b-914c-a75f26ecc6be@group-62482CEB9F5F-SegmentedRaftLogWorker for RaftStorage:Storage Directory /workdir/hadoop-ozone/integration-test/target/test-dir/MiniOzoneClusterImpl-ba86e98e-0b9e-4fbc-a2f2-7e38c2eb387e/datanode-1/data/ratis/4b3d63bb-7a46-438a-a069-62482ceb9f5f
2019-10-31 13:06:03,059 [pool-59-thread-1] INFO  server.RaftServerConfigKeys (ConfUtils.java:logGet(43)) - raft.server.log.queue.byte-limit = 2147483647 (custom)
2019-10-31 13:06:03,059 [pool-59-thread-1] INFO  server.RaftServerConfigKeys (ConfUtils.java:logGet(43)) - raft.server.log.queue.element-limit = 1024 (custom)
2019-10-31 13:06:03,059 [pool-59-thread-1] INFO  server.RaftServerConfigKeys (ConfUtils.java:logGet(43)) - raft.server.log.segment.size.max = 1048576 (custom)
2019-10-31 13:06:03,059 [pool-59-thread-1] INFO  server.RaftServerConfigKeys (ConfUtils.java:logGet(43)) - raft.server.log.preallocated.size = 16384 (custom)
2019-10-31 13:06:03,059 [pool-59-thread-1] INFO  server.RaftServerConfigKeys (ConfUtils.java:logGet(43)) - raft.server.log.write.buffer.size = 33554432 (custom)
2019-10-31 13:06:03,059 [pool-59-thread-1] INFO  server.RaftServerConfigKeys (ConfUtils.java:logGet(43)) - raft.server.log.force.sync.num = 128 (default)
2019-10-31 13:06:03,059 [pool-59-thread-1] INFO  server.RaftServerConfigKeys (ConfUtils.java:logGet(43)) - raft.server.log.statemachine.data.sync = true (default)
2019-10-31 13:06:03,059 [pool-59-thread-1] INFO  server.RaftServerConfigKeys (ConfUtils.java:logGet(43)) - raft.server.log.statemachine.data.sync.timeout = 10s (default)
2019-10-31 13:06:03,059 [pool-59-thread-1] INFO  server.RaftServerConfigKeys (ConfUtils.java:logGet(43)) - raft.server.log.statemachine.data.sync.timeout.retry = -1 (default)
2019-10-31 13:06:03,059 [pool-59-thread-1] INFO  server.RaftServerConfigKeys (ConfUtils.java:logGet(43)) - raft.server.log.statemachine.data.caching.enabled = true (custom)
2019-10-31 13:06:03,060 [pool-59-thread-1] INFO  impl.RaftServerImpl (ServerState.java:setRaftConf(356)) - cfcebab0-3c5e-460b-914c-a75f26ecc6be@group-62482CEB9F5F: set configuration 0: [cfcebab0-3c5e-460b-914c-a75f26ecc6be:192.168.157.200:44898], old=null at 0
2019-10-31 13:06:03,060 [pool-59-thread-1] INFO  segmented.LogSegment (LogSegment.java:loadSegment(140)) - Successfully read 1 entries from segment file /workdir/hadoop-ozone/integration-test/target/test-dir/MiniOzoneClusterImpl-ba86e98e-0b9e-4fbc-a2f2-7e38c2eb387e/datanode-1/data/ratis/4b3d63bb-7a46-438a-a069-62482ceb9f5f/current/log_inprogress_0
2019-10-31 13:06:03,060 [pool-59-thread-1] INFO  segmented.SegmentedRaftLogWorker (SegmentedRaftLogWorker.java:lambda$new$0(128)) - cfcebab0-3c5e-460b-914c-a75f26ecc6be@group-62482CEB9F5F-SegmentedRaftLogWorker: flushIndex: setUnconditionally 0 -> 0
2019-10-31 13:06:03,084 [pool-59-thread-1] INFO  server.RaftServerConfigKeys (ConfUtils.java:logGet(43)) - raft.server.snapshot.auto.trigger.enabled = true (custom)
2019-10-31 13:06:03,084 [pool-59-thread-1] INFO  server.RaftServerConfigKeys (ConfUtils.java:logGet(43)) - raft.server.snapshot.auto.trigger.threshold = 10000 (custom)
2019-10-31 13:06:03,084 [pool-59-thread-1] INFO  server.RaftServerConfigKeys (ConfUtils.java:logGet(43)) - raft.server.snapshot.retention.file.num = 5 (custom)
2019-10-31 13:06:03,085 [pool-59-thread-1] INFO  server.RaftServerConfigKeys (ConfUtils.java:logGet(43)) - raft.server.retrycache.expirytime = 600000ms (custom)
2019-10-31 13:06:03,307 [SCMBlockDeletingService#1] INFO  block.SCMBlockDeletingService (SCMBlockDeletingService.java:call(184)) - Totally added 1 delete blocks command for 1 datanodes, task elapsed time: 1ms
2019-10-31 13:06:03,310 [pool-7-thread-1] INFO  commands.RetriableDatanodeEventWatcher (RetriableDatanodeEventWatcher.java:onTimeout(47)) - RetriableDatanodeCommand type=deleteBlocksCommand with id=1572527162306 timed out. Retrying.
2019-10-31 13:06:03,916 [BlockDeletingService#4] WARN  background.BlockDeletingService (BlockDeletingService.java:isDeletionAllowed(187)) - Close Container log Index 6 is not replicated across allthe servers in the pipeline 5381b01c-8196-43cd-825c-b36abc200b12 as the min replicated index is 4. Deletion is not allowed in this container yet.
2019-10-31 13:06:03,916 [BlockDeletingService#2] WARN  background.BlockDeletingService (BlockDeletingService.java:isDeletionAllowed(187)) - Close Container log Index 6 is not replicated across allthe servers in the pipeline 5381b01c-8196-43cd-825c-b36abc200b12 as the min replicated index is 4. Deletion is not allowed in this container yet.
2019-10-31 13:06:04,307 [pool-7-thread-1] INFO  commands.RetriableDatanodeEventWatcher (RetriableDatanodeEventWatcher.java:onTimeout(47)) - RetriableDatanodeCommand type=deleteBlocksCommand with id=1572527162307 timed out. Retrying.
2019-10-31 13:06:04,308 [SCMBlockDeletingService#1] INFO  block.SCMBlockDeletingService (SCMBlockDeletingService.java:call(184)) - Totally added 1 delete blocks command for 1 datanodes, task elapsed time: 1ms
2019-10-31 13:06:04,310 [pool-7-thread-1] INFO  commands.RetriableDatanodeEventWatcher (RetriableDatanodeEventWatcher.java:onTimeout(47)) - RetriableDatanodeCommand type=deleteBlocksCommand with id=1572527162306 timed out. Retrying.
2019-10-31 13:06:04,584 [Thread-549] INFO  client.GrpcClientProtocolService (GrpcClientProtocolService.java:lambda$processClientRequest$0(279)) - Failed RaftClientRequest:client-E8694136A95C->acc98349-19c8-4839-9f32-ec7ab3c247da@group-B36ABC200B12, cid=10, seq=0, Watch-ALL_COMMITTED(6), Message:<EMPTY>, reply=RaftClientReply:client-E8694136A95C->acc98349-19c8-4839-9f32-ec7ab3c247da@group-B36ABC200B12, cid=10, FAILED org.apache.ratis.protocol.NotReplicatedException: Request with call Id 10 and log index 6 is not yet replicated to ALL_COMMITTED, logIndex=6, commits[acc98349-19c8-4839-9f32-ec7ab3c247da:c10, cfcebab0-3c5e-460b-914c-a75f26ecc6be:c4, bb6aa9e0-dd06-4c88-93db-4ae7898bc0a1:c10]
2019-10-31 13:06:04,788 [java.util.concurrent.ThreadPoolExecutor$Worker@79e4e00a[State = -1, empty queue]] WARN  server.GrpcLogAppender (GrpcLogAppender.java:timeoutAppendRequest(209)) - acc98349-19c8-4839-9f32-ec7ab3c247da@group-B36ABC200B12->cfcebab0-3c5e-460b-914c-a75f26ecc6be-GrpcLogAppender: appendEntries Timeout, request=acc98349-19c8-4839-9f32-ec7ab3c247da->cfcebab0-3c5e-460b-914c-a75f26ecc6be#51-t1, previous=(t:1, i:10), leaderCommit=10, initializing? false, entries: <empty>
2019-10-31 13:06:04,917 [BlockDeletingService#4] WARN  background.BlockDeletingService (BlockDeletingService.java:isDeletionAllowed(187)) - Close Container log Index 6 is not replicated across allthe servers in the pipeline 5381b01c-8196-43cd-825c-b36abc200b12 as the min replicated index is 4. Deletion is not allowed in this container yet.
2019-10-31 13:06:04,917 [BlockDeletingService#2] WARN  background.BlockDeletingService (BlockDeletingService.java:isDeletionAllowed(187)) - Close Container log Index 6 is not replicated across allthe servers in the pipeline 5381b01c-8196-43cd-825c-b36abc200b12 as the min replicated index is 4. Deletion is not allowed in this container yet.
2019-10-31 13:06:05,041 [Datanode State Machine Thread - 0] INFO  ozoneimpl.OzoneContainer (OzoneContainer.java:start(213)) - Attempting to start container services.
2019-10-31 13:06:05,042 [Datanode State Machine Thread - 0] INFO  ozoneimpl.OzoneContainer (OzoneContainer.java:startContainerScrub(177)) - Background container scanner has been disabled.
2019-10-31 13:06:05,042 [Datanode State Machine Thread - 0] INFO  ratis.XceiverServerRatis (XceiverServerRatis.java:start(418)) - Starting XceiverServerRatis cfcebab0-3c5e-460b-914c-a75f26ecc6be at port 44898
2019-10-31 13:06:05,054 [Datanode State Machine Thread - 0] INFO  impl.RaftServerImpl (RaftServerImpl.java:start(184)) - cfcebab0-3c5e-460b-914c-a75f26ecc6be@group-62482CEB9F5F: start as a follower, conf=0: [cfcebab0-3c5e-460b-914c-a75f26ecc6be:192.168.157.200:44898], old=null
2019-10-31 13:06:05,055 [ForkJoinPool.commonPool-worker-1] INFO  impl.RaftServerImpl (RaftServerImpl.java:start(184)) - cfcebab0-3c5e-460b-914c-a75f26ecc6be@group-B36ABC200B12: start as a follower, conf=0: [cfcebab0-3c5e-460b-914c-a75f26ecc6be:192.168.157.200:44898, bb6aa9e0-dd06-4c88-93db-4ae7898bc0a1:192.168.157.200:45292, acc98349-19c8-4839-9f32-ec7ab3c247da:192.168.157.200:43538], old=null
2019-10-31 13:06:05,055 [Datanode State Machine Thread - 0] INFO  impl.RaftServerImpl (RaftServerImpl.java:setRole(173)) - cfcebab0-3c5e-460b-914c-a75f26ecc6be@group-62482CEB9F5F: changes role from      null to FOLLOWER at term 1 for startAsFollower
2019-10-31 13:06:05,055 [ForkJoinPool.commonPool-worker-1] INFO  impl.RaftServerImpl (RaftServerImpl.java:setRole(173)) - cfcebab0-3c5e-460b-914c-a75f26ecc6be@group-B36ABC200B12: changes role from      null to FOLLOWER at term 1 for startAsFollower
2019-10-31 13:06:05,055 [Datanode State Machine Thread - 0] INFO  impl.RoleInfo (RoleInfo.java:updateAndGet(143)) - cfcebab0-3c5e-460b-914c-a75f26ecc6be: start FollowerState
2019-10-31 13:06:05,055 [ForkJoinPool.commonPool-worker-1] INFO  impl.RoleInfo (RoleInfo.java:updateAndGet(143)) - cfcebab0-3c5e-460b-914c-a75f26ecc6be: start FollowerState
2019-10-31 13:06:05,056 [Datanode State Machine Thread - 0] INFO  util.JmxRegister (JmxRegister.java:tryRegister(44)) - Successfully registered JMX Bean with object name Ratis:service=RaftServer,group=group-62482CEB9F5F,id=cfcebab0-3c5e-460b-914c-a75f26ecc6be
2019-10-31 13:06:05,056 [ForkJoinPool.commonPool-worker-1] INFO  util.JmxRegister (JmxRegister.java:tryRegister(44)) - Successfully registered JMX Bean with object name Ratis:service=RaftServer,group=group-B36ABC200B12,id=cfcebab0-3c5e-460b-914c-a75f26ecc6be
2019-10-31 13:06:05,058 [Datanode State Machine Thread - 0] INFO  impl.RaftServerProxy (RaftServerProxy.java:lambda$start$3(299)) - cfcebab0-3c5e-460b-914c-a75f26ecc6be: start RPC server
2019-10-31 13:06:05,060 [Datanode State Machine Thread - 0] INFO  server.GrpcService (GrpcService.java:startImpl(158)) - cfcebab0-3c5e-460b-914c-a75f26ecc6be: GrpcService started, listening on 0.0.0.0/0.0.0.0:44898
2019-10-31 13:06:05,308 [pool-7-thread-1] INFO  commands.RetriableDatanodeEventWatcher (RetriableDatanodeEventWatcher.java:onTimeout(47)) - RetriableDatanodeCommand type=deleteBlocksCommand with id=1572527162307 timed out. Retrying.
2019-10-31 13:06:05,309 [pool-7-thread-2] INFO  commands.RetriableDatanodeEventWatcher (RetriableDatanodeEventWatcher.java:onTimeout(47)) - RetriableDatanodeCommand type=deleteBlocksCommand with id=1572527162308 timed out. Retrying.
2019-10-31 13:06:05,309 [SCMBlockDeletingService#1] INFO  block.SCMBlockDeletingService (SCMBlockDeletingService.java:call(184)) - Totally added 1 delete blocks command for 1 datanodes, task elapsed time: 1ms
2019-10-31 13:06:05,310 [pool-7-thread-2] INFO  commands.RetriableDatanodeEventWatcher (RetriableDatanodeEventWatcher.java:onTimeout(47)) - RetriableDatanodeCommand type=deleteBlocksCommand with id=1572527162306 timed out. Retrying.
2019-10-31 13:06:05,920 [BlockDeletingService#2] WARN  background.BlockDeletingService (BlockDeletingService.java:isDeletionAllowed(187)) - Close Container log Index 6 is not replicated across allthe servers in the pipeline 5381b01c-8196-43cd-825c-b36abc200b12 as the min replicated index is 4. Deletion is not allowed in this container yet.
2019-10-31 13:06:05,920 [BlockDeletingService#4] WARN  background.BlockDeletingService (BlockDeletingService.java:isDeletionAllowed(187)) - Close Container log Index 6 is not replicated across allthe servers in the pipeline 5381b01c-8196-43cd-825c-b36abc200b12 as the min replicated index is 4. Deletion is not allowed in this container yet.
2019-10-31 13:06:06,309 [pool-7-thread-2] INFO  commands.RetriableDatanodeEventWatcher (RetriableDatanodeEventWatcher.java:onTimeout(47)) - RetriableDatanodeCommand type=deleteBlocksCommand with id=1572527162307 timed out. Retrying.
2019-10-31 13:06:06,309 [pool-7-thread-1] INFO  commands.RetriableDatanodeEventWatcher (RetriableDatanodeEventWatcher.java:onTimeout(47)) - RetriableDatanodeCommand type=deleteBlocksCommand with id=1572527162308 timed out. Retrying.
2019-10-31 13:06:06,310 [pool-7-thread-1] INFO  commands.RetriableDatanodeEventWatcher (RetriableDatanodeEventWatcher.java:onTimeout(47)) - RetriableDatanodeCommand type=deleteBlocksCommand with id=1572527162309 timed out. Retrying.
2019-10-31 13:06:06,310 [pool-7-thread-1] INFO  commands.RetriableDatanodeEventWatcher (RetriableDatanodeEventWatcher.java:onTimeout(47)) - RetriableDatanodeCommand type=deleteBlocksCommand with id=1572527162306 timed out. Retrying.
2019-10-31 13:06:06,310 [SCMBlockDeletingService#1] INFO  block.SCMBlockDeletingService (SCMBlockDeletingService.java:call(184)) - Totally added 1 delete blocks command for 1 datanodes, task elapsed time: 1ms
2019-10-31 13:06:06,922 [BlockDeletingService#2] WARN  background.BlockDeletingService (BlockDeletingService.java:isDeletionAllowed(187)) - Close Container log Index 6 is not replicated across allthe servers in the pipeline 5381b01c-8196-43cd-825c-b36abc200b12 as the min replicated index is 4. Deletion is not allowed in this container yet.
2019-10-31 13:06:06,922 [BlockDeletingService#4] WARN  background.BlockDeletingService (BlockDeletingService.java:isDeletionAllowed(187)) - Close Container log Index 6 is not replicated across allthe servers in the pipeline 5381b01c-8196-43cd-825c-b36abc200b12 as the min replicated index is 4. Deletion is not allowed in this container yet.
2019-10-31 13:06:07,040 [EventQueue-PendingDeleteStatusForPendingDeleteHandler] INFO  block.SCMBlockDeletingService (SCMBlockDeletingService.java:handlePendingDeletes(115)) - Block deletion txnID mismatch in datanode cfcebab0-3c5e-460b-914c-a75f26ecc6be for containerID 1. Datanode delete txnID: 0, SCM txnID: 1
2019-10-31 13:06:07,289 [java.util.concurrent.ThreadPoolExecutor$Worker@79e4e00a[State = -1, empty queue]] WARN  server.GrpcLogAppender (GrpcLogAppender.java:timeoutAppendRequest(209)) - acc98349-19c8-4839-9f32-ec7ab3c247da@group-B36ABC200B12->cfcebab0-3c5e-460b-914c-a75f26ecc6be-GrpcLogAppender: appendEntries Timeout, request=acc98349-19c8-4839-9f32-ec7ab3c247da->cfcebab0-3c5e-460b-914c-a75f26ecc6be#52-t1, previous=(t:1, i:10), leaderCommit=10, initializing? false, entries: <empty>
2019-10-31 13:06:07,310 [pool-7-thread-2] INFO  commands.RetriableDatanodeEventWatcher (RetriableDatanodeEventWatcher.java:onTimeout(47)) - RetriableDatanodeCommand type=deleteBlocksCommand with id=1572527162308 timed out. Retrying.
2019-10-31 13:06:07,310 [pool-7-thread-3] INFO  commands.RetriableDatanodeEventWatcher (RetriableDatanodeEventWatcher.java:onTimeout(47)) - RetriableDatanodeCommand type=deleteBlocksCommand with id=1572527162309 timed out. Retrying.
2019-10-31 13:06:07,310 [pool-7-thread-1] INFO  commands.RetriableDatanodeEventWatcher (RetriableDatanodeEventWatcher.java:onTimeout(47)) - RetriableDatanodeCommand type=deleteBlocksCommand with id=1572527162307 timed out. Retrying.
2019-10-31 13:06:07,311 [pool-7-thread-1] INFO  commands.RetriableDatanodeEventWatcher (RetriableDatanodeEventWatcher.java:onTimeout(47)) - RetriableDatanodeCommand type=deleteBlocksCommand with id=1572527162306 timed out. Retrying.
2019-10-31 13:06:07,311 [pool-7-thread-3] INFO  commands.RetriableDatanodeEventWatcher (RetriableDatanodeEventWatcher.java:onTimeout(47)) - RetriableDatanodeCommand type=deleteBlocksCommand with id=1572527162310 timed out. Retrying.
2019-10-31 13:06:07,313 [SCMBlockDeletingService#1] INFO  block.SCMBlockDeletingService (SCMBlockDeletingService.java:call(184)) - Totally added 1 delete blocks command for 1 datanodes, task elapsed time: 3ms
2019-10-31 13:06:07,923 [BlockDeletingService#2] WARN  background.BlockDeletingService (BlockDeletingService.java:isDeletionAllowed(187)) - Close Container log Index 6 is not replicated across allthe servers in the pipeline 5381b01c-8196-43cd-825c-b36abc200b12 as the min replicated index is 4. Deletion is not allowed in this container yet.
2019-10-31 13:06:07,923 [BlockDeletingService#4] WARN  background.BlockDeletingService (BlockDeletingService.java:isDeletionAllowed(187)) - Close Container log Index 6 is not replicated across allthe servers in the pipeline 5381b01c-8196-43cd-825c-b36abc200b12 as the min replicated index is 4. Deletion is not allowed in this container yet.
2019-10-31 13:06:08,311 [pool-7-thread-1] INFO  commands.RetriableDatanodeEventWatcher (RetriableDatanodeEventWatcher.java:onTimeout(47)) - RetriableDatanodeCommand type=deleteBlocksCommand with id=1572527162307 timed out. Retrying.
2019-10-31 13:06:08,311 [pool-7-thread-4] INFO  commands.RetriableDatanodeEventWatcher (RetriableDatanodeEventWatcher.java:onTimeout(47)) - RetriableDatanodeCommand type=deleteBlocksCommand with id=1572527162308 timed out. Retrying.
2019-10-31 13:06:08,311 [pool-7-thread-5] INFO  commands.RetriableDatanodeEventWatcher (RetriableDatanodeEventWatcher.java:onTimeout(47)) - RetriableDatanodeCommand type=deleteBlocksCommand with id=1572527162309 timed out. Retrying.
2019-10-31 13:06:08,312 [pool-7-thread-3] INFO  commands.RetriableDatanodeEventWatcher (RetriableDatanodeEventWatcher.java:onTimeout(47)) - RetriableDatanodeCommand type=deleteBlocksCommand with id=1572527162306 timed out. Retrying.
2019-10-31 13:06:08,312 [pool-7-thread-2] INFO  commands.RetriableDatanodeEventWatcher (RetriableDatanodeEventWatcher.java:onTimeout(47)) - RetriableDatanodeCommand type=deleteBlocksCommand with id=1572527162310 timed out. Retrying.
2019-10-31 13:06:08,312 [pool-7-thread-3] INFO  commands.RetriableDatanodeEventWatcher (RetriableDatanodeEventWatcher.java:onTimeout(47)) - RetriableDatanodeCommand type=deleteBlocksCommand with id=1572527162311 timed out. Retrying.
2019-10-31 13:06:08,314 [SCMBlockDeletingService#1] INFO  block.SCMBlockDeletingService (SCMBlockDeletingService.java:call(184)) - Totally added 1 delete blocks command for 1 datanodes, task elapsed time: 1ms
2019-10-31 13:06:08,927 [BlockDeletingService#4] WARN  background.BlockDeletingService (BlockDeletingService.java:isDeletionAllowed(187)) - Close Container log Index 6 is not replicated across allthe servers in the pipeline 5381b01c-8196-43cd-825c-b36abc200b12 as the min replicated index is 4. Deletion is not allowed in this container yet.
2019-10-31 13:06:08,927 [BlockDeletingService#2] WARN  background.BlockDeletingService (BlockDeletingService.java:isDeletionAllowed(187)) - Close Container log Index 6 is not replicated across allthe servers in the pipeline 5381b01c-8196-43cd-825c-b36abc200b12 as the min replicated index is 4. Deletion is not allowed in this container yet.
2019-10-31 13:06:09,040 [EventQueue-PendingDeleteStatusForPendingDeleteHandler] INFO  block.SCMBlockDeletingService (SCMBlockDeletingService.java:handlePendingDeletes(115)) - Block deletion txnID mismatch in datanode cfcebab0-3c5e-460b-914c-a75f26ecc6be for containerID 1. Datanode delete txnID: 0, SCM txnID: 1
2019-10-31 13:06:09,121 [grpc-default-executor-1] INFO  impl.RaftServerProxy (RaftServerProxy.java:addNew(89)) - cfcebab0-3c5e-460b-914c-a75f26ecc6be: addNew group-AE653FCBAE7F:[cfcebab0-3c5e-460b-914c-a75f26ecc6be:192.168.157.200:44898] returns group-AE653FCBAE7F:java.util.concurrent.CompletableFuture@28bf1d6e[Not completed]
2019-10-31 13:06:09,124 [pool-59-thread-1] INFO  impl.RaftServerImpl (RaftServerImpl.java:<init>(98)) - cfcebab0-3c5e-460b-914c-a75f26ecc6be: new RaftServerImpl for group-AE653FCBAE7F:[cfcebab0-3c5e-460b-914c-a75f26ecc6be:192.168.157.200:44898] with ContainerStateMachine:uninitialized
2019-10-31 13:06:09,124 [pool-59-thread-1] INFO  server.RaftServerConfigKeys (ConfUtils.java:logGet(43)) - raft.server.rpc.timeout.min = 5s (custom)
2019-10-31 13:06:09,124 [pool-59-thread-1] INFO  server.RaftServerConfigKeys (ConfUtils.java:logGet(43)) - raft.server.rpc.timeout.max = 5200ms (custom)
2019-10-31 13:06:09,124 [pool-59-thread-1] INFO  server.RaftServerConfigKeys (ConfUtils.java:logGet(43)) - raft.server.rpcslowness.timeout = 1000s (custom)
2019-10-31 13:06:09,124 [pool-59-thread-1] INFO  server.RaftServerConfigKeys (ConfUtils.java:logGet(43)) - raft.server.sleep.deviation.threshold = 300 (default)
2019-10-31 13:06:09,125 [pool-59-thread-1] INFO  server.RaftServerConfigKeys (ConfUtils.java:logGet(43)) - raft.server.log.appender.install.snapshot.enabled = false (custom)
2019-10-31 13:06:09,125 [pool-59-thread-1] INFO  impl.RaftServerImpl (ServerState.java:<init>(103)) - cfcebab0-3c5e-460b-914c-a75f26ecc6be@group-AE653FCBAE7F: ConfigurationManager, init=-1: [cfcebab0-3c5e-460b-914c-a75f26ecc6be:192.168.157.200:44898], old=null, confs=<EMPTY_MAP>
2019-10-31 13:06:09,125 [pool-59-thread-1] INFO  server.RaftServerConfigKeys (ConfUtils.java:logGet(43)) - raft.server.storage.dir = [/workdir/hadoop-ozone/integration-test/target/test-dir/MiniOzoneClusterImpl-ba86e98e-0b9e-4fbc-a2f2-7e38c2eb387e/datanode-1/data/ratis] (custom)
2019-10-31 13:06:09,125 [pool-59-thread-1] INFO  server.RaftServerConfigKeys (ConfUtils.java:logGet(43)) - raft.server.log.corruption.policy = EXCEPTION (default)
2019-10-31 13:06:09,126 [pool-59-thread-1] INFO  storage.RaftStorageDirectory (RaftStorageDirectory.java:analyzeStorage(246)) - The storage directory /workdir/hadoop-ozone/integration-test/target/test-dir/MiniOzoneClusterImpl-ba86e98e-0b9e-4fbc-a2f2-7e38c2eb387e/datanode-1/data/ratis/2435ea57-1a4f-4f23-9227-ae653fcbae7f does not exist. Creating ...
2019-10-31 13:06:09,140 [pool-59-thread-1] INFO  storage.RaftStorageDirectory (RaftStorageDirectory.java:tryLock(328)) - Lock on /workdir/hadoop-ozone/integration-test/target/test-dir/MiniOzoneClusterImpl-ba86e98e-0b9e-4fbc-a2f2-7e38c2eb387e/datanode-1/data/ratis/2435ea57-1a4f-4f23-9227-ae653fcbae7f/in_use.lock acquired by nodename 2434@pr-hdds-1701-2k7ks-937105442
2019-10-31 13:06:09,153 [pool-59-thread-1] INFO  storage.RaftStorage (RaftStorage.java:format(84)) - Storage directory /workdir/hadoop-ozone/integration-test/target/test-dir/MiniOzoneClusterImpl-ba86e98e-0b9e-4fbc-a2f2-7e38c2eb387e/datanode-1/data/ratis/2435ea57-1a4f-4f23-9227-ae653fcbae7f has been successfully formatted.
2019-10-31 13:06:09,154 [pool-59-thread-1] INFO  ratis.ContainerStateMachine (ContainerStateMachine.java:loadSnapshot(231)) - group-AE653FCBAE7F: The snapshot info is null. Setting the last applied indexto:(t:0, i:~)
2019-10-31 13:06:09,154 [pool-59-thread-1] INFO  server.RaftServerConfigKeys (ConfUtils.java:logGet(43)) - raft.server.notification.no-leader.timeout = 1000s (custom)
2019-10-31 13:06:09,155 [pool-59-thread-1] INFO  server.RaftServerConfigKeys (ConfUtils.java:logGet(43)) - raft.server.log.use.memory = false (default)
2019-10-31 13:06:09,155 [pool-59-thread-1] INFO  server.RaftServerConfigKeys (ConfUtils.java:logGet(43)) - raft.server.log.purge.gap = 1000000 (custom)
2019-10-31 13:06:09,155 [pool-59-thread-1] INFO  server.RaftServerConfigKeys (ConfUtils.java:logGet(43)) - raft.server.log.appender.buffer.byte-limit = 33554432 (custom)
2019-10-31 13:06:09,155 [pool-59-thread-1] INFO  server.RaftServerConfigKeys (ConfUtils.java:logGet(43)) - raft.server.log.segment.size.max = 1048576 (custom)
2019-10-31 13:06:09,155 [pool-59-thread-1] INFO  server.RaftServerConfigKeys (ConfUtils.java:logGet(43)) - raft.server.log.segment.cache.num.max = 2 (custom)
2019-10-31 13:06:09,156 [pool-59-thread-1] INFO  segmented.SegmentedRaftLogWorker (SegmentedRaftLogWorker.java:<init>(173)) - new cfcebab0-3c5e-460b-914c-a75f26ecc6be@group-AE653FCBAE7F-SegmentedRaftLogWorker for RaftStorage:Storage Directory /workdir/hadoop-ozone/integration-test/target/test-dir/MiniOzoneClusterImpl-ba86e98e-0b9e-4fbc-a2f2-7e38c2eb387e/datanode-1/data/ratis/2435ea57-1a4f-4f23-9227-ae653fcbae7f
2019-10-31 13:06:09,156 [pool-59-thread-1] INFO  server.RaftServerConfigKeys (ConfUtils.java:logGet(43)) - raft.server.log.queue.byte-limit = 2147483647 (custom)
2019-10-31 13:06:09,156 [pool-59-thread-1] INFO  server.RaftServerConfigKeys (ConfUtils.java:logGet(43)) - raft.server.log.queue.element-limit = 1024 (custom)
2019-10-31 13:06:09,156 [pool-59-thread-1] INFO  server.RaftServerConfigKeys (ConfUtils.java:logGet(43)) - raft.server.log.segment.size.max = 1048576 (custom)
2019-10-31 13:06:09,157 [pool-59-thread-1] INFO  server.RaftServerConfigKeys (ConfUtils.java:logGet(43)) - raft.server.log.preallocated.size = 16384 (custom)
2019-10-31 13:06:09,157 [pool-59-thread-1] INFO  server.RaftServerConfigKeys (ConfUtils.java:logGet(43)) - raft.server.log.write.buffer.size = 33554432 (custom)
2019-10-31 13:06:09,157 [pool-59-thread-1] INFO  server.RaftServerConfigKeys (ConfUtils.java:logGet(43)) - raft.server.log.force.sync.num = 128 (default)
2019-10-31 13:06:09,157 [pool-59-thread-1] INFO  server.RaftServerConfigKeys (ConfUtils.java:logGet(43)) - raft.server.log.statemachine.data.sync = true (default)
2019-10-31 13:06:09,157 [pool-59-thread-1] INFO  server.RaftServerConfigKeys (ConfUtils.java:logGet(43)) - raft.server.log.statemachine.data.sync.timeout = 10s (default)
2019-10-31 13:06:09,157 [pool-59-thread-1] INFO  server.RaftServerConfigKeys (ConfUtils.java:logGet(43)) - raft.server.log.statemachine.data.sync.timeout.retry = -1 (default)
2019-10-31 13:06:09,158 [pool-59-thread-1] INFO  server.RaftServerConfigKeys (ConfUtils.java:logGet(43)) - raft.server.log.statemachine.data.caching.enabled = true (custom)
2019-10-31 13:06:09,158 [pool-59-thread-1] INFO  segmented.SegmentedRaftLogWorker (SegmentedRaftLogWorker.java:lambda$new$0(128)) - cfcebab0-3c5e-460b-914c-a75f26ecc6be@group-AE653FCBAE7F-SegmentedRaftLogWorker: flushIndex: setUnconditionally 0 -> -1
2019-10-31 13:06:09,159 [pool-59-thread-1] INFO  server.RaftServerConfigKeys (ConfUtils.java:logGet(43)) - raft.server.snapshot.auto.trigger.enabled = true (custom)
2019-10-31 13:06:09,159 [pool-59-thread-1] INFO  server.RaftServerConfigKeys (ConfUtils.java:logGet(43)) - raft.server.snapshot.auto.trigger.threshold = 10000 (custom)
2019-10-31 13:06:09,159 [pool-59-thread-1] INFO  server.RaftServerConfigKeys (ConfUtils.java:logGet(43)) - raft.server.snapshot.retention.file.num = 5 (custom)
2019-10-31 13:06:09,159 [pool-59-thread-1] INFO  server.RaftServerConfigKeys (ConfUtils.java:logGet(43)) - raft.server.retrycache.expirytime = 600000ms (custom)
2019-10-31 13:06:09,160 [pool-59-thread-1] WARN  impl.MetricRegistriesImpl (MetricRegistriesImpl.java:lambda$create$1(61)) - First MetricRegistry has been created without registering reporters. You may need to call MetricRegistries.global().addReportRegistration(...) before.
2019-10-31 13:06:09,160 [pool-59-thread-1] WARN  impl.MetricRegistriesImpl (MetricRegistriesImpl.java:lambda$create$1(61)) - First MetricRegistry has been created without registering reporters. You may need to call MetricRegistries.global().addReportRegistration(...) before.
2019-10-31 13:06:09,161 [pool-59-thread-1] INFO  impl.RaftServerImpl (RaftServerImpl.java:start(184)) - cfcebab0-3c5e-460b-914c-a75f26ecc6be@group-AE653FCBAE7F: start as a follower, conf=-1: [cfcebab0-3c5e-460b-914c-a75f26ecc6be:192.168.157.200:44898], old=null
2019-10-31 13:06:09,161 [pool-59-thread-1] INFO  impl.RaftServerImpl (RaftServerImpl.java:setRole(173)) - cfcebab0-3c5e-460b-914c-a75f26ecc6be@group-AE653FCBAE7F: changes role from      null to FOLLOWER at term 0 for startAsFollower
2019-10-31 13:06:09,161 [pool-59-thread-1] INFO  impl.RoleInfo (RoleInfo.java:updateAndGet(143)) - cfcebab0-3c5e-460b-914c-a75f26ecc6be: start FollowerState
2019-10-31 13:06:09,162 [pool-59-thread-1] INFO  util.JmxRegister (JmxRegister.java:tryRegister(44)) - Successfully registered JMX Bean with object name Ratis:service=RaftServer,group=group-AE653FCBAE7F,id=cfcebab0-3c5e-460b-914c-a75f26ecc6be
2019-10-31 13:06:09,162 [pool-59-thread-1] WARN  impl.MetricRegistriesImpl (MetricRegistriesImpl.java:lambda$create$1(61)) - First MetricRegistry has been created without registering reporters. You may need to call MetricRegistries.global().addReportRegistration(...) before.
2019-10-31 13:06:09,175 [RatisPipelineUtilsThread] INFO  pipeline.PipelineStateManager (PipelineStateManager.java:addPipeline(56)) - Created pipeline Pipeline[ Id: 2435ea57-1a4f-4f23-9227-ae653fcbae7f, Nodes: cfcebab0-3c5e-460b-914c-a75f26ecc6be{ip: 192.168.157.200, host: pr-hdds-1701-2k7ks-937105442, networkLocation: /default-rack, certSerialId: null}, Type:RATIS, Factor:ONE, State:OPEN]
2019-10-31 13:06:09,212 [grpc-default-executor-2] INFO  impl.RaftServerProxy (RaftServerProxy.java:addNew(89)) - bb6aa9e0-dd06-4c88-93db-4ae7898bc0a1: addNew group-480F70538B65:[cfcebab0-3c5e-460b-914c-a75f26ecc6be:192.168.157.200:44898, bb6aa9e0-dd06-4c88-93db-4ae7898bc0a1:192.168.157.200:45292, acc98349-19c8-4839-9f32-ec7ab3c247da:192.168.157.200:43538] returns group-480F70538B65:java.util.concurrent.CompletableFuture@f16b32d[Not completed]
2019-10-31 13:06:09,215 [pool-27-thread-1] INFO  impl.RaftServerImpl (RaftServerImpl.java:<init>(98)) - bb6aa9e0-dd06-4c88-93db-4ae7898bc0a1: new RaftServerImpl for group-480F70538B65:[cfcebab0-3c5e-460b-914c-a75f26ecc6be:192.168.157.200:44898, bb6aa9e0-dd06-4c88-93db-4ae7898bc0a1:192.168.157.200:45292, acc98349-19c8-4839-9f32-ec7ab3c247da:192.168.157.200:43538] with ContainerStateMachine:uninitialized
2019-10-31 13:06:09,216 [pool-27-thread-1] INFO  server.RaftServerConfigKeys (ConfUtils.java:logGet(43)) - raft.server.rpc.timeout.min = 5s (custom)
2019-10-31 13:06:09,216 [pool-27-thread-1] INFO  server.RaftServerConfigKeys (ConfUtils.java:logGet(43)) - raft.server.rpc.timeout.max = 5200ms (custom)
2019-10-31 13:06:09,216 [pool-27-thread-1] INFO  server.RaftServerConfigKeys (ConfUtils.java:logGet(43)) - raft.server.rpcslowness.timeout = 1000s (custom)
2019-10-31 13:06:09,216 [pool-27-thread-1] INFO  server.RaftServerConfigKeys (ConfUtils.java:logGet(43)) - raft.server.sleep.deviation.threshold = 300 (default)
2019-10-31 13:06:09,216 [pool-27-thread-1] INFO  server.RaftServerConfigKeys (ConfUtils.java:logGet(43)) - raft.server.log.appender.install.snapshot.enabled = false (custom)
2019-10-31 13:06:09,216 [pool-27-thread-1] INFO  impl.RaftServerImpl (ServerState.java:<init>(103)) - bb6aa9e0-dd06-4c88-93db-4ae7898bc0a1@group-480F70538B65: ConfigurationManager, init=-1: [cfcebab0-3c5e-460b-914c-a75f26ecc6be:192.168.157.200:44898, bb6aa9e0-dd06-4c88-93db-4ae7898bc0a1:192.168.157.200:45292, acc98349-19c8-4839-9f32-ec7ab3c247da:192.168.157.200:43538], old=null, confs=<EMPTY_MAP>
2019-10-31 13:06:09,217 [pool-27-thread-1] INFO  server.RaftServerConfigKeys (ConfUtils.java:logGet(43)) - raft.server.storage.dir = [/workdir/hadoop-ozone/integration-test/target/test-dir/MiniOzoneClusterImpl-ba86e98e-0b9e-4fbc-a2f2-7e38c2eb387e/datanode-0/data/ratis] (custom)
2019-10-31 13:06:09,217 [pool-27-thread-1] INFO  server.RaftServerConfigKeys (ConfUtils.java:logGet(43)) - raft.server.log.corruption.policy = EXCEPTION (default)
2019-10-31 13:06:09,217 [pool-27-thread-1] INFO  storage.RaftStorageDirectory (RaftStorageDirectory.java:analyzeStorage(246)) - The storage directory /workdir/hadoop-ozone/integration-test/target/test-dir/MiniOzoneClusterImpl-ba86e98e-0b9e-4fbc-a2f2-7e38c2eb387e/datanode-0/data/ratis/da87251e-7c6a-493e-be9b-480f70538b65 does not exist. Creating ...
2019-10-31 13:06:09,219 [grpc-default-executor-2] INFO  impl.RaftServerProxy (RaftServerProxy.java:addNew(89)) - acc98349-19c8-4839-9f32-ec7ab3c247da: addNew group-480F70538B65:[cfcebab0-3c5e-460b-914c-a75f26ecc6be:192.168.157.200:44898, bb6aa9e0-dd06-4c88-93db-4ae7898bc0a1:192.168.157.200:45292, acc98349-19c8-4839-9f32-ec7ab3c247da:192.168.157.200:43538] returns group-480F70538B65:java.util.concurrent.CompletableFuture@34b5d955[Not completed]
2019-10-31 13:06:09,221 [pool-47-thread-1] INFO  impl.RaftServerImpl (RaftServerImpl.java:<init>(98)) - acc98349-19c8-4839-9f32-ec7ab3c247da: new RaftServerImpl for group-480F70538B65:[cfcebab0-3c5e-460b-914c-a75f26ecc6be:192.168.157.200:44898, bb6aa9e0-dd06-4c88-93db-4ae7898bc0a1:192.168.157.200:45292, acc98349-19c8-4839-9f32-ec7ab3c247da:192.168.157.200:43538] with ContainerStateMachine:uninitialized
2019-10-31 13:06:09,221 [pool-47-thread-1] INFO  server.RaftServerConfigKeys (ConfUtils.java:logGet(43)) - raft.server.rpc.timeout.min = 5s (custom)
2019-10-31 13:06:09,221 [pool-47-thread-1] INFO  server.RaftServerConfigKeys (ConfUtils.java:logGet(43)) - raft.server.rpc.timeout.max = 5200ms (custom)
2019-10-31 13:06:09,222 [pool-47-thread-1] INFO  server.RaftServerConfigKeys (ConfUtils.java:logGet(43)) - raft.server.rpcslowness.timeout = 1000s (custom)
2019-10-31 13:06:09,222 [pool-47-thread-1] INFO  server.RaftServerConfigKeys (ConfUtils.java:logGet(43)) - raft.server.sleep.deviation.threshold = 300 (default)
2019-10-31 13:06:09,222 [pool-47-thread-1] INFO  server.RaftServerConfigKeys (ConfUtils.java:logGet(43)) - raft.server.log.appender.install.snapshot.enabled = false (custom)
2019-10-31 13:06:09,222 [pool-47-thread-1] INFO  impl.RaftServerImpl (ServerState.java:<init>(103)) - acc98349-19c8-4839-9f32-ec7ab3c247da@group-480F70538B65: ConfigurationManager, init=-1: [cfcebab0-3c5e-460b-914c-a75f26ecc6be:192.168.157.200:44898, bb6aa9e0-dd06-4c88-93db-4ae7898bc0a1:192.168.157.200:45292, acc98349-19c8-4839-9f32-ec7ab3c247da:192.168.157.200:43538], old=null, confs=<EMPTY_MAP>
2019-10-31 13:06:09,222 [pool-47-thread-1] INFO  server.RaftServerConfigKeys (ConfUtils.java:logGet(43)) - raft.server.storage.dir = [/workdir/hadoop-ozone/integration-test/target/test-dir/MiniOzoneClusterImpl-ba86e98e-0b9e-4fbc-a2f2-7e38c2eb387e/datanode-2/data/ratis] (custom)
2019-10-31 13:06:09,222 [pool-47-thread-1] INFO  server.RaftServerConfigKeys (ConfUtils.java:logGet(43)) - raft.server.log.corruption.policy = EXCEPTION (default)
2019-10-31 13:06:09,223 [pool-47-thread-1] INFO  storage.RaftStorageDirectory (RaftStorageDirectory.java:analyzeStorage(246)) - The storage directory /workdir/hadoop-ozone/integration-test/target/test-dir/MiniOzoneClusterImpl-ba86e98e-0b9e-4fbc-a2f2-7e38c2eb387e/datanode-2/data/ratis/da87251e-7c6a-493e-be9b-480f70538b65 does not exist. Creating ...
2019-10-31 13:06:09,225 [grpc-default-executor-2] INFO  impl.RaftServerProxy (RaftServerProxy.java:addNew(89)) - cfcebab0-3c5e-460b-914c-a75f26ecc6be: addNew group-480F70538B65:[cfcebab0-3c5e-460b-914c-a75f26ecc6be:192.168.157.200:44898, bb6aa9e0-dd06-4c88-93db-4ae7898bc0a1:192.168.157.200:45292, acc98349-19c8-4839-9f32-ec7ab3c247da:192.168.157.200:43538] returns group-480F70538B65:java.util.concurrent.CompletableFuture@75301816[Not completed]
2019-10-31 13:06:09,227 [pool-59-thread-1] INFO  impl.RaftServerImpl (RaftServerImpl.java:<init>(98)) - cfcebab0-3c5e-460b-914c-a75f26ecc6be: new RaftServerImpl for group-480F70538B65:[cfcebab0-3c5e-460b-914c-a75f26ecc6be:192.168.157.200:44898, bb6aa9e0-dd06-4c88-93db-4ae7898bc0a1:192.168.157.200:45292, acc98349-19c8-4839-9f32-ec7ab3c247da:192.168.157.200:43538] with ContainerStateMachine:uninitialized
2019-10-31 13:06:09,227 [pool-59-thread-1] INFO  server.RaftServerConfigKeys (ConfUtils.java:logGet(43)) - raft.server.rpc.timeout.min = 5s (custom)
2019-10-31 13:06:09,228 [pool-59-thread-1] INFO  server.RaftServerConfigKeys (ConfUtils.java:logGet(43)) - raft.server.rpc.timeout.max = 5200ms (custom)
2019-10-31 13:06:09,228 [pool-59-thread-1] INFO  server.RaftServerConfigKeys (ConfUtils.java:logGet(43)) - raft.server.rpcslowness.timeout = 1000s (custom)
2019-10-31 13:06:09,228 [pool-59-thread-1] INFO  server.RaftServerConfigKeys (ConfUtils.java:logGet(43)) - raft.server.sleep.deviation.threshold = 300 (default)
2019-10-31 13:06:09,228 [pool-59-thread-1] INFO  server.RaftServerConfigKeys (ConfUtils.java:logGet(43)) - raft.server.log.appender.install.snapshot.enabled = false (custom)
2019-10-31 13:06:09,228 [pool-59-thread-1] INFO  impl.RaftServerImpl (ServerState.java:<init>(103)) - cfcebab0-3c5e-460b-914c-a75f26ecc6be@group-480F70538B65: ConfigurationManager, init=-1: [cfcebab0-3c5e-460b-914c-a75f26ecc6be:192.168.157.200:44898, bb6aa9e0-dd06-4c88-93db-4ae7898bc0a1:192.168.157.200:45292, acc98349-19c8-4839-9f32-ec7ab3c247da:192.168.157.200:43538], old=null, confs=<EMPTY_MAP>
2019-10-31 13:06:09,228 [pool-59-thread-1] INFO  server.RaftServerConfigKeys (ConfUtils.java:logGet(43)) - raft.server.storage.dir = [/workdir/hadoop-ozone/integration-test/target/test-dir/MiniOzoneClusterImpl-ba86e98e-0b9e-4fbc-a2f2-7e38c2eb387e/datanode-1/data/ratis] (custom)
2019-10-31 13:06:09,229 [pool-59-thread-1] INFO  server.RaftServerConfigKeys (ConfUtils.java:logGet(43)) - raft.server.log.corruption.policy = EXCEPTION (default)
2019-10-31 13:06:09,229 [pool-59-thread-1] INFO  storage.RaftStorageDirectory (RaftStorageDirectory.java:analyzeStorage(246)) - The storage directory /workdir/hadoop-ozone/integration-test/target/test-dir/MiniOzoneClusterImpl-ba86e98e-0b9e-4fbc-a2f2-7e38c2eb387e/datanode-1/data/ratis/da87251e-7c6a-493e-be9b-480f70538b65 does not exist. Creating ...
2019-10-31 13:06:09,233 [pool-47-thread-1] INFO  storage.RaftStorageDirectory (RaftStorageDirectory.java:tryLock(328)) - Lock on /workdir/hadoop-ozone/integration-test/target/test-dir/MiniOzoneClusterImpl-ba86e98e-0b9e-4fbc-a2f2-7e38c2eb387e/datanode-2/data/ratis/da87251e-7c6a-493e-be9b-480f70538b65/in_use.lock acquired by nodename 2434@pr-hdds-1701-2k7ks-937105442
2019-10-31 13:06:09,235 [pool-27-thread-1] INFO  storage.RaftStorageDirectory (RaftStorageDirectory.java:tryLock(328)) - Lock on /workdir/hadoop-ozone/integration-test/target/test-dir/MiniOzoneClusterImpl-ba86e98e-0b9e-4fbc-a2f2-7e38c2eb387e/datanode-0/data/ratis/da87251e-7c6a-493e-be9b-480f70538b65/in_use.lock acquired by nodename 2434@pr-hdds-1701-2k7ks-937105442
2019-10-31 13:06:09,236 [pool-59-thread-1] INFO  storage.RaftStorageDirectory (RaftStorageDirectory.java:tryLock(328)) - Lock on /workdir/hadoop-ozone/integration-test/target/test-dir/MiniOzoneClusterImpl-ba86e98e-0b9e-4fbc-a2f2-7e38c2eb387e/datanode-1/data/ratis/da87251e-7c6a-493e-be9b-480f70538b65/in_use.lock acquired by nodename 2434@pr-hdds-1701-2k7ks-937105442
2019-10-31 13:06:09,237 [pool-47-thread-1] INFO  storage.RaftStorage (RaftStorage.java:format(84)) - Storage directory /workdir/hadoop-ozone/integration-test/target/test-dir/MiniOzoneClusterImpl-ba86e98e-0b9e-4fbc-a2f2-7e38c2eb387e/datanode-2/data/ratis/da87251e-7c6a-493e-be9b-480f70538b65 has been successfully formatted.
2019-10-31 13:06:09,239 [pool-47-thread-1] INFO  ratis.ContainerStateMachine (ContainerStateMachine.java:loadSnapshot(231)) - group-480F70538B65: The snapshot info is null. Setting the last applied indexto:(t:0, i:~)
2019-10-31 13:06:09,239 [pool-47-thread-1] INFO  server.RaftServerConfigKeys (ConfUtils.java:logGet(43)) - raft.server.notification.no-leader.timeout = 1000s (custom)
2019-10-31 13:06:09,239 [pool-47-thread-1] INFO  server.RaftServerConfigKeys (ConfUtils.java:logGet(43)) - raft.server.log.use.memory = false (default)
2019-10-31 13:06:09,239 [pool-47-thread-1] INFO  server.RaftServerConfigKeys (ConfUtils.java:logGet(43)) - raft.server.log.purge.gap = 1000000 (custom)
2019-10-31 13:06:09,239 [pool-47-thread-1] INFO  server.RaftServerConfigKeys (ConfUtils.java:logGet(43)) - raft.server.log.appender.buffer.byte-limit = 33554432 (custom)
2019-10-31 13:06:09,239 [pool-47-thread-1] INFO  server.RaftServerConfigKeys (ConfUtils.java:logGet(43)) - raft.server.log.segment.size.max = 1048576 (custom)
2019-10-31 13:06:09,240 [pool-47-thread-1] INFO  server.RaftServerConfigKeys (ConfUtils.java:logGet(43)) - raft.server.log.segment.cache.num.max = 2 (custom)
2019-10-31 13:06:09,240 [pool-47-thread-1] INFO  segmented.SegmentedRaftLogWorker (SegmentedRaftLogWorker.java:<init>(173)) - new acc98349-19c8-4839-9f32-ec7ab3c247da@group-480F70538B65-SegmentedRaftLogWorker for RaftStorage:Storage Directory /workdir/hadoop-ozone/integration-test/target/test-dir/MiniOzoneClusterImpl-ba86e98e-0b9e-4fbc-a2f2-7e38c2eb387e/datanode-2/data/ratis/da87251e-7c6a-493e-be9b-480f70538b65
2019-10-31 13:06:09,240 [pool-47-thread-1] INFO  server.RaftServerConfigKeys (ConfUtils.java:logGet(43)) - raft.server.log.queue.byte-limit = 2147483647 (custom)
2019-10-31 13:06:09,240 [pool-47-thread-1] INFO  server.RaftServerConfigKeys (ConfUtils.java:logGet(43)) - raft.server.log.queue.element-limit = 1024 (custom)
2019-10-31 13:06:09,241 [pool-47-thread-1] INFO  server.RaftServerConfigKeys (ConfUtils.java:logGet(43)) - raft.server.log.segment.size.max = 1048576 (custom)
2019-10-31 13:06:09,241 [pool-47-thread-1] INFO  server.RaftServerConfigKeys (ConfUtils.java:logGet(43)) - raft.server.log.preallocated.size = 16384 (custom)
2019-10-31 13:06:09,241 [pool-47-thread-1] INFO  server.RaftServerConfigKeys (ConfUtils.java:logGet(43)) - raft.server.log.write.buffer.size = 33554432 (custom)
2019-10-31 13:06:09,241 [pool-47-thread-1] INFO  server.RaftServerConfigKeys (ConfUtils.java:logGet(43)) - raft.server.log.force.sync.num = 128 (default)
2019-10-31 13:06:09,242 [pool-47-thread-1] INFO  server.RaftServerConfigKeys (ConfUtils.java:logGet(43)) - raft.server.log.statemachine.data.sync = true (default)
2019-10-31 13:06:09,242 [pool-47-thread-1] INFO  server.RaftServerConfigKeys (ConfUtils.java:logGet(43)) - raft.server.log.statemachine.data.sync.timeout = 10s (default)
2019-10-31 13:06:09,242 [pool-47-thread-1] INFO  server.RaftServerConfigKeys (ConfUtils.java:logGet(43)) - raft.server.log.statemachine.data.sync.timeout.retry = -1 (default)
2019-10-31 13:06:09,242 [pool-47-thread-1] INFO  server.RaftServerConfigKeys (ConfUtils.java:logGet(43)) - raft.server.log.statemachine.data.caching.enabled = true (custom)
2019-10-31 13:06:09,241 [pool-27-thread-1] INFO  storage.RaftStorage (RaftStorage.java:format(84)) - Storage directory /workdir/hadoop-ozone/integration-test/target/test-dir/MiniOzoneClusterImpl-ba86e98e-0b9e-4fbc-a2f2-7e38c2eb387e/datanode-0/data/ratis/da87251e-7c6a-493e-be9b-480f70538b65 has been successfully formatted.
2019-10-31 13:06:09,243 [pool-27-thread-1] INFO  ratis.ContainerStateMachine (ContainerStateMachine.java:loadSnapshot(231)) - group-480F70538B65: The snapshot info is null. Setting the last applied indexto:(t:0, i:~)
2019-10-31 13:06:09,243 [pool-27-thread-1] INFO  server.RaftServerConfigKeys (ConfUtils.java:logGet(43)) - raft.server.notification.no-leader.timeout = 1000s (custom)
2019-10-31 13:06:09,243 [pool-27-thread-1] INFO  server.RaftServerConfigKeys (ConfUtils.java:logGet(43)) - raft.server.log.use.memory = false (default)
2019-10-31 13:06:09,243 [pool-27-thread-1] INFO  server.RaftServerConfigKeys (ConfUtils.java:logGet(43)) - raft.server.log.purge.gap = 1000000 (custom)
2019-10-31 13:06:09,244 [pool-27-thread-1] INFO  server.RaftServerConfigKeys (ConfUtils.java:logGet(43)) - raft.server.log.appender.buffer.byte-limit = 33554432 (custom)
2019-10-31 13:06:09,244 [pool-27-thread-1] INFO  server.RaftServerConfigKeys (ConfUtils.java:logGet(43)) - raft.server.log.segment.size.max = 1048576 (custom)
2019-10-31 13:06:09,244 [pool-27-thread-1] INFO  server.RaftServerConfigKeys (ConfUtils.java:logGet(43)) - raft.server.log.segment.cache.num.max = 2 (custom)
2019-10-31 13:06:09,244 [pool-27-thread-1] INFO  segmented.SegmentedRaftLogWorker (SegmentedRaftLogWorker.java:<init>(173)) - new bb6aa9e0-dd06-4c88-93db-4ae7898bc0a1@group-480F70538B65-SegmentedRaftLogWorker for RaftStorage:Storage Directory /workdir/hadoop-ozone/integration-test/target/test-dir/MiniOzoneClusterImpl-ba86e98e-0b9e-4fbc-a2f2-7e38c2eb387e/datanode-0/data/ratis/da87251e-7c6a-493e-be9b-480f70538b65
2019-10-31 13:06:09,245 [pool-27-thread-1] INFO  server.RaftServerConfigKeys (ConfUtils.java:logGet(43)) - raft.server.log.queue.byte-limit = 2147483647 (custom)
2019-10-31 13:06:09,245 [pool-27-thread-1] INFO  server.RaftServerConfigKeys (ConfUtils.java:logGet(43)) - raft.server.log.queue.element-limit = 1024 (custom)
2019-10-31 13:06:09,245 [pool-27-thread-1] INFO  server.RaftServerConfigKeys (ConfUtils.java:logGet(43)) - raft.server.log.segment.size.max = 1048576 (custom)
2019-10-31 13:06:09,245 [pool-27-thread-1] INFO  server.RaftServerConfigKeys (ConfUtils.java:logGet(43)) - raft.server.log.preallocated.size = 16384 (custom)
2019-10-31 13:06:09,245 [pool-27-thread-1] INFO  server.RaftServerConfigKeys (ConfUtils.java:logGet(43)) - raft.server.log.write.buffer.size = 33554432 (custom)
2019-10-31 13:06:09,246 [pool-27-thread-1] INFO  server.RaftServerConfigKeys (ConfUtils.java:logGet(43)) - raft.server.log.force.sync.num = 128 (default)
2019-10-31 13:06:09,246 [pool-27-thread-1] INFO  server.RaftServerConfigKeys (ConfUtils.java:logGet(43)) - raft.server.log.statemachine.data.sync = true (default)
2019-10-31 13:06:09,246 [pool-27-thread-1] INFO  server.RaftServerConfigKeys (ConfUtils.java:logGet(43)) - raft.server.log.statemachine.data.sync.timeout = 10s (default)
2019-10-31 13:06:09,246 [pool-27-thread-1] INFO  server.RaftServerConfigKeys (ConfUtils.java:logGet(43)) - raft.server.log.statemachine.data.sync.timeout.retry = -1 (default)
2019-10-31 13:06:09,246 [pool-27-thread-1] INFO  server.RaftServerConfigKeys (ConfUtils.java:logGet(43)) - raft.server.log.statemachine.data.caching.enabled = true (custom)
2019-10-31 13:06:09,247 [pool-27-thread-1] INFO  segmented.SegmentedRaftLogWorker (SegmentedRaftLogWorker.java:lambda$new$0(128)) - bb6aa9e0-dd06-4c88-93db-4ae7898bc0a1@group-480F70538B65-SegmentedRaftLogWorker: flushIndex: setUnconditionally 0 -> -1
2019-10-31 13:06:09,244 [pool-47-thread-1] INFO  segmented.SegmentedRaftLogWorker (SegmentedRaftLogWorker.java:lambda$new$0(128)) - acc98349-19c8-4839-9f32-ec7ab3c247da@group-480F70538B65-SegmentedRaftLogWorker: flushIndex: setUnconditionally 0 -> -1
2019-10-31 13:06:09,247 [pool-27-thread-1] INFO  server.RaftServerConfigKeys (ConfUtils.java:logGet(43)) - raft.server.snapshot.auto.trigger.enabled = true (custom)
2019-10-31 13:06:09,247 [pool-47-thread-1] INFO  server.RaftServerConfigKeys (ConfUtils.java:logGet(43)) - raft.server.snapshot.auto.trigger.enabled = true (custom)
2019-10-31 13:06:09,248 [pool-47-thread-1] INFO  server.RaftServerConfigKeys (ConfUtils.java:logGet(43)) - raft.server.snapshot.auto.trigger.threshold = 10000 (custom)
2019-10-31 13:06:09,248 [pool-47-thread-1] INFO  server.RaftServerConfigKeys (ConfUtils.java:logGet(43)) - raft.server.snapshot.retention.file.num = 5 (custom)
2019-10-31 13:06:09,247 [pool-27-thread-1] INFO  server.RaftServerConfigKeys (ConfUtils.java:logGet(43)) - raft.server.snapshot.auto.trigger.threshold = 10000 (custom)
2019-10-31 13:06:09,248 [pool-47-thread-1] INFO  server.RaftServerConfigKeys (ConfUtils.java:logGet(43)) - raft.server.retrycache.expirytime = 600000ms (custom)
2019-10-31 13:06:09,248 [pool-27-thread-1] INFO  server.RaftServerConfigKeys (ConfUtils.java:logGet(43)) - raft.server.snapshot.retention.file.num = 5 (custom)
2019-10-31 13:06:09,248 [pool-47-thread-1] WARN  impl.MetricRegistriesImpl (MetricRegistriesImpl.java:lambda$create$1(61)) - First MetricRegistry has been created without registering reporters. You may need to call MetricRegistries.global().addReportRegistration(...) before.
2019-10-31 13:06:09,248 [pool-27-thread-1] INFO  server.RaftServerConfigKeys (ConfUtils.java:logGet(43)) - raft.server.retrycache.expirytime = 600000ms (custom)
2019-10-31 13:06:09,249 [pool-47-thread-1] WARN  impl.MetricRegistriesImpl (MetricRegistriesImpl.java:lambda$create$1(61)) - First MetricRegistry has been created without registering reporters. You may need to call MetricRegistries.global().addReportRegistration(...) before.
2019-10-31 13:06:09,249 [pool-27-thread-1] WARN  impl.MetricRegistriesImpl (MetricRegistriesImpl.java:lambda$create$1(61)) - First MetricRegistry has been created without registering reporters. You may need to call MetricRegistries.global().addReportRegistration(...) before.
2019-10-31 13:06:09,249 [pool-47-thread-1] INFO  impl.RaftServerImpl (RaftServerImpl.java:start(184)) - acc98349-19c8-4839-9f32-ec7ab3c247da@group-480F70538B65: start as a follower, conf=-1: [cfcebab0-3c5e-460b-914c-a75f26ecc6be:192.168.157.200:44898, bb6aa9e0-dd06-4c88-93db-4ae7898bc0a1:192.168.157.200:45292, acc98349-19c8-4839-9f32-ec7ab3c247da:192.168.157.200:43538], old=null
2019-10-31 13:06:09,249 [pool-47-thread-1] INFO  impl.RaftServerImpl (RaftServerImpl.java:setRole(173)) - acc98349-19c8-4839-9f32-ec7ab3c247da@group-480F70538B65: changes role from      null to FOLLOWER at term 0 for startAsFollower
2019-10-31 13:06:09,249 [pool-27-thread-1] WARN  impl.MetricRegistriesImpl (MetricRegistriesImpl.java:lambda$create$1(61)) - First MetricRegistry has been created without registering reporters. You may need to call MetricRegistries.global().addReportRegistration(...) before.
2019-10-31 13:06:09,249 [pool-47-thread-1] INFO  impl.RoleInfo (RoleInfo.java:updateAndGet(143)) - acc98349-19c8-4839-9f32-ec7ab3c247da: start FollowerState
2019-10-31 13:06:09,250 [pool-27-thread-1] INFO  impl.RaftServerImpl (RaftServerImpl.java:start(184)) - bb6aa9e0-dd06-4c88-93db-4ae7898bc0a1@group-480F70538B65: start as a follower, conf=-1: [cfcebab0-3c5e-460b-914c-a75f26ecc6be:192.168.157.200:44898, bb6aa9e0-dd06-4c88-93db-4ae7898bc0a1:192.168.157.200:45292, acc98349-19c8-4839-9f32-ec7ab3c247da:192.168.157.200:43538], old=null
2019-10-31 13:06:09,250 [pool-27-thread-1] INFO  impl.RaftServerImpl (RaftServerImpl.java:setRole(173)) - bb6aa9e0-dd06-4c88-93db-4ae7898bc0a1@group-480F70538B65: changes role from      null to FOLLOWER at term 0 for startAsFollower
2019-10-31 13:06:09,250 [pool-27-thread-1] INFO  impl.RoleInfo (RoleInfo.java:updateAndGet(143)) - bb6aa9e0-dd06-4c88-93db-4ae7898bc0a1: start FollowerState
2019-10-31 13:06:09,250 [pool-47-thread-1] INFO  util.JmxRegister (JmxRegister.java:tryRegister(44)) - Successfully registered JMX Bean with object name Ratis:service=RaftServer,group=group-480F70538B65,id=acc98349-19c8-4839-9f32-ec7ab3c247da
2019-10-31 13:06:09,250 [pool-47-thread-1] WARN  impl.MetricRegistriesImpl (MetricRegistriesImpl.java:lambda$create$1(61)) - First MetricRegistry has been created without registering reporters. You may need to call MetricRegistries.global().addReportRegistration(...) before.
2019-10-31 13:06:09,252 [pool-27-thread-1] INFO  util.JmxRegister (JmxRegister.java:tryRegister(44)) - Successfully registered JMX Bean with object name Ratis:service=RaftServer,group=group-480F70538B65,id=bb6aa9e0-dd06-4c88-93db-4ae7898bc0a1
2019-10-31 13:06:09,253 [pool-27-thread-1] WARN  impl.MetricRegistriesImpl (MetricRegistriesImpl.java:lambda$create$1(61)) - First MetricRegistry has been created without registering reporters. You may need to call MetricRegistries.global().addReportRegistration(...) before.
2019-10-31 13:06:09,262 [pool-59-thread-1] INFO  storage.RaftStorage (RaftStorage.java:format(84)) - Storage directory /workdir/hadoop-ozone/integration-test/target/test-dir/MiniOzoneClusterImpl-ba86e98e-0b9e-4fbc-a2f2-7e38c2eb387e/datanode-1/data/ratis/da87251e-7c6a-493e-be9b-480f70538b65 has been successfully formatted.
2019-10-31 13:06:09,262 [pool-59-thread-1] INFO  ratis.ContainerStateMachine (ContainerStateMachine.java:loadSnapshot(231)) - group-480F70538B65: The snapshot info is null. Setting the last applied indexto:(t:0, i:~)
2019-10-31 13:06:09,262 [pool-59-thread-1] INFO  server.RaftServerConfigKeys (ConfUtils.java:logGet(43)) - raft.server.notification.no-leader.timeout = 1000s (custom)
2019-10-31 13:06:09,262 [pool-59-thread-1] INFO  server.RaftServerConfigKeys (ConfUtils.java:logGet(43)) - raft.server.log.use.memory = false (default)
2019-10-31 13:06:09,262 [pool-59-thread-1] INFO  server.RaftServerConfigKeys (ConfUtils.java:logGet(43)) - raft.server.log.purge.gap = 1000000 (custom)
2019-10-31 13:06:09,263 [pool-59-thread-1] INFO  server.RaftServerConfigKeys (ConfUtils.java:logGet(43)) - raft.server.log.appender.buffer.byte-limit = 33554432 (custom)
2019-10-31 13:06:09,263 [pool-59-thread-1] INFO  server.RaftServerConfigKeys (ConfUtils.java:logGet(43)) - raft.server.log.segment.size.max = 1048576 (custom)
2019-10-31 13:06:09,263 [pool-59-thread-1] INFO  server.RaftServerConfigKeys (ConfUtils.java:logGet(43)) - raft.server.log.segment.cache.num.max = 2 (custom)
2019-10-31 13:06:09,264 [pool-59-thread-1] INFO  segmented.SegmentedRaftLogWorker (SegmentedRaftLogWorker.java:<init>(173)) - new cfcebab0-3c5e-460b-914c-a75f26ecc6be@group-480F70538B65-SegmentedRaftLogWorker for RaftStorage:Storage Directory /workdir/hadoop-ozone/integration-test/target/test-dir/MiniOzoneClusterImpl-ba86e98e-0b9e-4fbc-a2f2-7e38c2eb387e/datanode-1/data/ratis/da87251e-7c6a-493e-be9b-480f70538b65
2019-10-31 13:06:09,265 [pool-59-thread-1] INFO  server.RaftServerConfigKeys (ConfUtils.java:logGet(43)) - raft.server.log.queue.byte-limit = 2147483647 (custom)
2019-10-31 13:06:09,265 [pool-59-thread-1] INFO  server.RaftServerConfigKeys (ConfUtils.java:logGet(43)) - raft.server.log.queue.element-limit = 1024 (custom)
2019-10-31 13:06:09,265 [pool-59-thread-1] INFO  server.RaftServerConfigKeys (ConfUtils.java:logGet(43)) - raft.server.log.segment.size.max = 1048576 (custom)
2019-10-31 13:06:09,265 [pool-59-thread-1] INFO  server.RaftServerConfigKeys (ConfUtils.java:logGet(43)) - raft.server.log.preallocated.size = 16384 (custom)
2019-10-31 13:06:09,265 [pool-59-thread-1] INFO  server.RaftServerConfigKeys (ConfUtils.java:logGet(43)) - raft.server.log.write.buffer.size = 33554432 (custom)
2019-10-31 13:06:09,265 [pool-59-thread-1] INFO  server.RaftServerConfigKeys (ConfUtils.java:logGet(43)) - raft.server.log.force.sync.num = 128 (default)
2019-10-31 13:06:09,265 [pool-59-thread-1] INFO  server.RaftServerConfigKeys (ConfUtils.java:logGet(43)) - raft.server.log.statemachine.data.sync = true (default)
2019-10-31 13:06:09,265 [pool-59-thread-1] INFO  server.RaftServerConfigKeys (ConfUtils.java:logGet(43)) - raft.server.log.statemachine.data.sync.timeout = 10s (default)
2019-10-31 13:06:09,265 [pool-59-thread-1] INFO  server.RaftServerConfigKeys (ConfUtils.java:logGet(43)) - raft.server.log.statemachine.data.sync.timeout.retry = -1 (default)
2019-10-31 13:06:09,266 [pool-59-thread-1] INFO  server.RaftServerConfigKeys (ConfUtils.java:logGet(43)) - raft.server.log.statemachine.data.caching.enabled = true (custom)
2019-10-31 13:06:09,266 [pool-59-thread-1] INFO  segmented.SegmentedRaftLogWorker (SegmentedRaftLogWorker.java:lambda$new$0(128)) - cfcebab0-3c5e-460b-914c-a75f26ecc6be@group-480F70538B65-SegmentedRaftLogWorker: flushIndex: setUnconditionally 0 -> -1
2019-10-31 13:06:09,266 [pool-59-thread-1] INFO  server.RaftServerConfigKeys (ConfUtils.java:logGet(43)) - raft.server.snapshot.auto.trigger.enabled = true (custom)
2019-10-31 13:06:09,266 [pool-59-thread-1] INFO  server.RaftServerConfigKeys (ConfUtils.java:logGet(43)) - raft.server.snapshot.auto.trigger.threshold = 10000 (custom)
2019-10-31 13:06:09,266 [pool-59-thread-1] INFO  server.RaftServerConfigKeys (ConfUtils.java:logGet(43)) - raft.server.snapshot.retention.file.num = 5 (custom)
2019-10-31 13:06:09,267 [pool-59-thread-1] INFO  server.RaftServerConfigKeys (ConfUtils.java:logGet(43)) - raft.server.retrycache.expirytime = 600000ms (custom)
2019-10-31 13:06:09,267 [pool-59-thread-1] WARN  impl.MetricRegistriesImpl (MetricRegistriesImpl.java:lambda$create$1(61)) - First MetricRegistry has been created without registering reporters. You may need to call MetricRegistries.global().addReportRegistration(...) before.
2019-10-31 13:06:09,267 [pool-59-thread-1] WARN  impl.MetricRegistriesImpl (MetricRegistriesImpl.java:lambda$create$1(61)) - First MetricRegistry has been created without registering reporters. You may need to call MetricRegistries.global().addReportRegistration(...) before.
2019-10-31 13:06:09,267 [pool-59-thread-1] INFO  impl.RaftServerImpl (RaftServerImpl.java:start(184)) - cfcebab0-3c5e-460b-914c-a75f26ecc6be@group-480F70538B65: start as a follower, conf=-1: [cfcebab0-3c5e-460b-914c-a75f26ecc6be:192.168.157.200:44898, bb6aa9e0-dd06-4c88-93db-4ae7898bc0a1:192.168.157.200:45292, acc98349-19c8-4839-9f32-ec7ab3c247da:192.168.157.200:43538], old=null
2019-10-31 13:06:09,267 [pool-59-thread-1] INFO  impl.RaftServerImpl (RaftServerImpl.java:setRole(173)) - cfcebab0-3c5e-460b-914c-a75f26ecc6be@group-480F70538B65: changes role from      null to FOLLOWER at term 0 for startAsFollower
2019-10-31 13:06:09,267 [pool-59-thread-1] INFO  impl.RoleInfo (RoleInfo.java:updateAndGet(143)) - cfcebab0-3c5e-460b-914c-a75f26ecc6be: start FollowerState
2019-10-31 13:06:09,268 [pool-59-thread-1] INFO  util.JmxRegister (JmxRegister.java:tryRegister(44)) - Successfully registered JMX Bean with object name Ratis:service=RaftServer,group=group-480F70538B65,id=cfcebab0-3c5e-460b-914c-a75f26ecc6be
2019-10-31 13:06:09,268 [pool-59-thread-1] WARN  impl.MetricRegistriesImpl (MetricRegistriesImpl.java:lambda$create$1(61)) - First MetricRegistry has been created without registering reporters. You may need to call MetricRegistries.global().addReportRegistration(...) before.
2019-10-31 13:06:09,275 [RatisPipelineUtilsThread] INFO  pipeline.PipelineStateManager (PipelineStateManager.java:addPipeline(56)) - Created pipeline Pipeline[ Id: da87251e-7c6a-493e-be9b-480f70538b65, Nodes: acc98349-19c8-4839-9f32-ec7ab3c247da{ip: 192.168.157.200, host: pr-hdds-1701-2k7ks-937105442, networkLocation: /default-rack, certSerialId: null}bb6aa9e0-dd06-4c88-93db-4ae7898bc0a1{ip: 192.168.157.200, host: pr-hdds-1701-2k7ks-937105442, networkLocation: /default-rack, certSerialId: null}cfcebab0-3c5e-460b-914c-a75f26ecc6be{ip: 192.168.157.200, host: pr-hdds-1701-2k7ks-937105442, networkLocation: /default-rack, certSerialId: null}, Type:RATIS, Factor:THREE, State:OPEN]
2019-10-31 13:06:09,312 [pool-7-thread-4] INFO  commands.RetriableDatanodeEventWatcher (RetriableDatanodeEventWatcher.java:onTimeout(47)) - RetriableDatanodeCommand type=deleteBlocksCommand with id=1572527162311 timed out. Retrying.
2019-10-31 13:06:09,313 [pool-7-thread-6] INFO  commands.RetriableDatanodeEventWatcher (RetriableDatanodeEventWatcher.java:onTimeout(47)) - RetriableDatanodeCommand type=deleteBlocksCommand with id=1572527162309 timed out. Retrying.
2019-10-31 13:06:09,314 [pool-7-thread-3] INFO  commands.RetriableDatanodeEventWatcher (RetriableDatanodeEventWatcher.java:onTimeout(47)) - RetriableDatanodeCommand type=deleteBlocksCommand with id=1572527162306 timed out. Retrying.
2019-10-31 13:06:09,314 [pool-7-thread-5] INFO  commands.RetriableDatanodeEventWatcher (RetriableDatanodeEventWatcher.java:onTimeout(47)) - RetriableDatanodeCommand type=deleteBlocksCommand with id=1572527162310 timed out. Retrying.
2019-10-31 13:06:09,315 [pool-7-thread-1] INFO  commands.RetriableDatanodeEventWatcher (RetriableDatanodeEventWatcher.java:onTimeout(47)) - RetriableDatanodeCommand type=deleteBlocksCommand with id=1572527162308 timed out. Retrying.
2019-10-31 13:06:09,315 [pool-7-thread-2] INFO  commands.RetriableDatanodeEventWatcher (RetriableDatanodeEventWatcher.java:onTimeout(47)) - RetriableDatanodeCommand type=deleteBlocksCommand with id=1572527162307 timed out. Retrying.
2019-10-31 13:06:09,315 [SCMBlockDeletingService#1] INFO  block.SCMBlockDeletingService (SCMBlockDeletingService.java:call(184)) - Totally added 1 delete blocks command for 1 datanodes, task elapsed time: 1ms
2019-10-31 13:06:09,315 [pool-7-thread-4] INFO  commands.RetriableDatanodeEventWatcher (RetriableDatanodeEventWatcher.java:onTimeout(47)) - RetriableDatanodeCommand type=deleteBlocksCommand with id=1572527162312 timed out. Retrying.
2019-10-31 13:06:09,440 [EventQueue-PendingDeleteStatusForPendingDeleteHandler] INFO  block.SCMBlockDeletingService (SCMBlockDeletingService.java:handlePendingDeletes(115)) - Block deletion txnID mismatch in datanode cfcebab0-3c5e-460b-914c-a75f26ecc6be for containerID 1. Datanode delete txnID: 0, SCM txnID: 1
2019-10-31 13:06:09,742 [EventQueue-PendingDeleteStatusForPendingDeleteHandler] INFO  block.SCMBlockDeletingService (SCMBlockDeletingService.java:handlePendingDeletes(115)) - Block deletion txnID mismatch in datanode cfcebab0-3c5e-460b-914c-a75f26ecc6be for containerID 1. Datanode delete txnID: 0, SCM txnID: 1
2019-10-31 13:06:09,790 [java.util.concurrent.ThreadPoolExecutor$Worker@79e4e00a[State = -1, empty queue]] WARN  server.GrpcLogAppender (GrpcLogAppender.java:timeoutAppendRequest(209)) - acc98349-19c8-4839-9f32-ec7ab3c247da@group-B36ABC200B12->cfcebab0-3c5e-460b-914c-a75f26ecc6be-GrpcLogAppender: appendEntries Timeout, request=acc98349-19c8-4839-9f32-ec7ab3c247da->cfcebab0-3c5e-460b-914c-a75f26ecc6be#53-t1, previous=(t:1, i:10), leaderCommit=10, initializing? false, entries: <empty>
2019-10-31 13:06:09,929 [BlockDeletingService#4] WARN  background.BlockDeletingService (BlockDeletingService.java:isDeletionAllowed(187)) - Close Container log Index 6 is not replicated across allthe servers in the pipeline 5381b01c-8196-43cd-825c-b36abc200b12 as the min replicated index is 4. Deletion is not allowed in this container yet.
2019-10-31 13:06:09,929 [BlockDeletingService#2] WARN  background.BlockDeletingService (BlockDeletingService.java:isDeletionAllowed(187)) - Close Container log Index 6 is not replicated across allthe servers in the pipeline 5381b01c-8196-43cd-825c-b36abc200b12 as the min replicated index is 4. Deletion is not allowed in this container yet.
2019-10-31 13:06:09,941 [EventQueue-PendingDeleteStatusForPendingDeleteHandler] INFO  block.SCMBlockDeletingService (SCMBlockDeletingService.java:handlePendingDeletes(115)) - Block deletion txnID mismatch in datanode cfcebab0-3c5e-460b-914c-a75f26ecc6be for containerID 1. Datanode delete txnID: 0, SCM txnID: 1
2019-10-31 13:06:10,069 [Command processor thread] INFO  commandhandler.DeleteBlocksCommandHandler (DeleteBlocksCommandHandler.java:handle(106)) - Start to delete container blocks, TXIDs=[1(0)], numOfContainers=1, numOfBlocks=1
2019-10-31 13:06:10,069 [Command processor thread] INFO  commandhandler.DeleteBlocksCommandHandler (DeleteBlocksCommandHandler.java:handle(106)) - Start to delete container blocks, TXIDs=[1(2)], numOfContainers=1, numOfBlocks=1
2019-10-31 13:06:10,069 [Command processor thread] INFO  commandhandler.DeleteBlocksCommandHandler (DeleteBlocksCommandHandler.java:handle(106)) - Start to delete container blocks, TXIDs=[1(0)], numOfContainers=1, numOfBlocks=1
2019-10-31 13:06:10,069 [Command processor thread] INFO  commandhandler.DeleteBlocksCommandHandler (DeleteBlocksCommandHandler.java:handle(106)) - Start to delete container blocks, TXIDs=[1(2)], numOfContainers=1, numOfBlocks=1
2019-10-31 13:06:10,070 [Command processor thread] INFO  commandhandler.DeleteBlocksCommandHandler (DeleteBlocksCommandHandler.java:handle(106)) - Start to delete container blocks, TXIDs=[1(2)], numOfContainers=1, numOfBlocks=1
2019-10-31 13:06:10,070 [Command processor thread] INFO  commandhandler.DeleteBlocksCommandHandler (DeleteBlocksCommandHandler.java:handle(106)) - Start to delete container blocks, TXIDs=[1(0)], numOfContainers=1, numOfBlocks=1
2019-10-31 13:06:10,070 [Command processor thread] INFO  commandhandler.DeleteBlocksCommandHandler (DeleteBlocksCommandHandler.java:handle(106)) - Start to delete container blocks, TXIDs=[1(2)], numOfContainers=1, numOfBlocks=1
2019-10-31 13:06:10,070 [Command processor thread] INFO  commandhandler.DeleteBlocksCommandHandler (DeleteBlocksCommandHandler.java:handle(106)) - Start to delete container blocks, TXIDs=[1(2)], numOfContainers=1, numOfBlocks=1
2019-10-31 13:06:10,070 [Command processor thread] INFO  commandhandler.DeleteBlocksCommandHandler (DeleteBlocksCommandHandler.java:handle(106)) - Start to delete container blocks, TXIDs=[1(2)], numOfContainers=1, numOfBlocks=1
2019-10-31 13:06:10,070 [Command processor thread] INFO  commandhandler.DeleteBlocksCommandHandler (DeleteBlocksCommandHandler.java:handle(106)) - Start to delete container blocks, TXIDs=[1(0)], numOfContainers=1, numOfBlocks=1
2019-10-31 13:06:10,070 [Command processor thread] INFO  commandhandler.DeleteBlocksCommandHandler (DeleteBlocksCommandHandler.java:handle(106)) - Start to delete container blocks, TXIDs=[1(2)], numOfContainers=1, numOfBlocks=1
2019-10-31 13:06:10,071 [Command processor thread] INFO  commandhandler.DeleteBlocksCommandHandler (DeleteBlocksCommandHandler.java:handle(106)) - Start to delete container blocks, TXIDs=[1(2)], numOfContainers=1, numOfBlocks=1
2019-10-31 13:06:10,071 [Command processor thread] INFO  commandhandler.DeleteBlocksCommandHandler (DeleteBlocksCommandHandler.java:handle(106)) - Start to delete container blocks, TXIDs=[1(2)], numOfContainers=1, numOfBlocks=1
2019-10-31 13:06:10,071 [Command processor thread] INFO  commandhandler.DeleteBlocksCommandHandler (DeleteBlocksCommandHandler.java:handle(106)) - Start to delete container blocks, TXIDs=[1(2)], numOfContainers=1, numOfBlocks=1
2019-10-31 13:06:10,071 [Command processor thread] INFO  commandhandler.DeleteBlocksCommandHandler (DeleteBlocksCommandHandler.java:handle(106)) - Start to delete container blocks, TXIDs=[1(0)], numOfContainers=1, numOfBlocks=1
2019-10-31 13:06:10,071 [Command processor thread] INFO  commandhandler.DeleteBlocksCommandHandler (DeleteBlocksCommandHandler.java:handle(106)) - Start to delete container blocks, TXIDs=[1(2)], numOfContainers=1, numOfBlocks=1
2019-10-31 13:06:10,071 [Command processor thread] INFO  commandhandler.DeleteBlocksCommandHandler (DeleteBlocksCommandHandler.java:handle(106)) - Start to delete container blocks, TXIDs=[1(2)], numOfContainers=1, numOfBlocks=1
2019-10-31 13:06:10,071 [Command processor thread] INFO  commandhandler.DeleteBlocksCommandHandler (DeleteBlocksCommandHandler.java:handle(106)) - Start to delete container blocks, TXIDs=[1(2)], numOfContainers=1, numOfBlocks=1
2019-10-31 13:06:10,071 [Command processor thread] INFO  commandhandler.DeleteBlocksCommandHandler (DeleteBlocksCommandHandler.java:handle(106)) - Start to delete container blocks, TXIDs=[1(0)], numOfContainers=1, numOfBlocks=1
2019-10-31 13:06:10,072 [Command processor thread] INFO  commandhandler.DeleteBlocksCommandHandler (DeleteBlocksCommandHandler.java:handle(106)) - Start to delete container blocks, TXIDs=[1(2)], numOfContainers=1, numOfBlocks=1
2019-10-31 13:06:10,072 [Command processor thread] INFO  commandhandler.DeleteBlocksCommandHandler (DeleteBlocksCommandHandler.java:handle(106)) - Start to delete container blocks, TXIDs=[1(2)], numOfContainers=1, numOfBlocks=1
2019-10-31 13:06:10,072 [Command processor thread] INFO  commandhandler.DeleteBlocksCommandHandler (DeleteBlocksCommandHandler.java:handle(106)) - Start to delete container blocks, TXIDs=[1(2)], numOfContainers=1, numOfBlocks=1
2019-10-31 13:06:10,072 [Command processor thread] INFO  commandhandler.DeleteBlocksCommandHandler (DeleteBlocksCommandHandler.java:handle(106)) - Start to delete container blocks, TXIDs=[1(2)], numOfContainers=1, numOfBlocks=1
2019-10-31 13:06:10,072 [Command processor thread] INFO  commandhandler.DeleteBlocksCommandHandler (DeleteBlocksCommandHandler.java:handle(106)) - Start to delete container blocks, TXIDs=[1(2)], numOfContainers=1, numOfBlocks=1
2019-10-31 13:06:10,072 [Command processor thread] INFO  commandhandler.DeleteBlocksCommandHandler (DeleteBlocksCommandHandler.java:handle(106)) - Start to delete container blocks, TXIDs=[1(0)], numOfContainers=1, numOfBlocks=1
2019-10-31 13:06:10,072 [Command processor thread] INFO  commandhandler.DeleteBlocksCommandHandler (DeleteBlocksCommandHandler.java:handle(106)) - Start to delete container blocks, TXIDs=[1(2)], numOfContainers=1, numOfBlocks=1
2019-10-31 13:06:10,072 [Command processor thread] INFO  commandhandler.DeleteBlocksCommandHandler (DeleteBlocksCommandHandler.java:handle(106)) - Start to delete container blocks, TXIDs=[1(2)], numOfContainers=1, numOfBlocks=1
2019-10-31 13:06:10,073 [Command processor thread] INFO  commandhandler.DeleteBlocksCommandHandler (DeleteBlocksCommandHandler.java:handle(106)) - Start to delete container blocks, TXIDs=[1(2)], numOfContainers=1, numOfBlocks=1
2019-10-31 13:06:10,073 [Command processor thread] INFO  commandhandler.DeleteBlocksCommandHandler (DeleteBlocksCommandHandler.java:handle(106)) - Start to delete container blocks, TXIDs=[1(2)], numOfContainers=1, numOfBlocks=1
2019-10-31 13:06:10,073 [Command processor thread] INFO  commandhandler.DeleteBlocksCommandHandler (DeleteBlocksCommandHandler.java:handle(106)) - Start to delete container blocks, TXIDs=[1(2)], numOfContainers=1, numOfBlocks=1
2019-10-31 13:06:10,073 [Command processor thread] INFO  commandhandler.DeleteBlocksCommandHandler (DeleteBlocksCommandHandler.java:handle(106)) - Start to delete container blocks, TXIDs=[1(0)], numOfContainers=1, numOfBlocks=1
2019-10-31 13:06:10,073 [Command processor thread] INFO  commandhandler.DeleteBlocksCommandHandler (DeleteBlocksCommandHandler.java:handle(106)) - Start to delete container blocks, TXIDs=[1(2)], numOfContainers=1, numOfBlocks=1
2019-10-31 13:06:10,073 [Command processor thread] INFO  commandhandler.DeleteBlocksCommandHandler (DeleteBlocksCommandHandler.java:handle(106)) - Start to delete container blocks, TXIDs=[1(2)], numOfContainers=1, numOfBlocks=1
2019-10-31 13:06:10,073 [Command processor thread] INFO  commandhandler.DeleteBlocksCommandHandler (DeleteBlocksCommandHandler.java:handle(106)) - Start to delete container blocks, TXIDs=[1(30)], numOfContainers=1, numOfBlocks=1
2019-10-31 13:06:10,074 [Command processor thread] INFO  commandhandler.DeleteBlocksCommandHandler (DeleteBlocksCommandHandler.java:handle(106)) - Start to delete container blocks, TXIDs=[1(2)], numOfContainers=1, numOfBlocks=1
2019-10-31 13:06:10,074 [Command processor thread] INFO  commandhandler.DeleteBlocksCommandHandler (DeleteBlocksCommandHandler.java:handle(106)) - Start to delete container blocks, TXIDs=[1(2)], numOfContainers=1, numOfBlocks=1
2019-10-31 13:06:10,105 [Thread-553] INFO  impl.FollowerState (FollowerState.java:run(111)) - cfcebab0-3c5e-460b-914c-a75f26ecc6be@group-B36ABC200B12-FollowerState: change to CANDIDATE, lastRpcTime:5049ms, electionTimeout:5049ms
2019-10-31 13:06:10,105 [Thread-553] INFO  impl.RoleInfo (RoleInfo.java:shutdownFollowerState(121)) - cfcebab0-3c5e-460b-914c-a75f26ecc6be: shutdown FollowerState
2019-10-31 13:06:10,105 [Thread-553] INFO  impl.RaftServerImpl (RaftServerImpl.java:setRole(173)) - cfcebab0-3c5e-460b-914c-a75f26ecc6be@group-B36ABC200B12: changes role from  FOLLOWER to CANDIDATE at term 1 for changeToCandidate
2019-10-31 13:06:10,106 [Thread-553] INFO  impl.RoleInfo (RoleInfo.java:updateAndGet(143)) - cfcebab0-3c5e-460b-914c-a75f26ecc6be: start LeaderElection
2019-10-31 13:06:10,121 [cfcebab0-3c5e-460b-914c-a75f26ecc6be@group-B36ABC200B12-LeaderElection5] INFO  impl.LeaderElection (LeaderElection.java:askForVotes(178)) - cfcebab0-3c5e-460b-914c-a75f26ecc6be@group-B36ABC200B12-LeaderElection5: begin an election at term 2 for 0: [cfcebab0-3c5e-460b-914c-a75f26ecc6be:192.168.157.200:44898, bb6aa9e0-dd06-4c88-93db-4ae7898bc0a1:192.168.157.200:45292, acc98349-19c8-4839-9f32-ec7ab3c247da:192.168.157.200:43538], old=null
2019-10-31 13:06:10,134 [grpc-default-executor-2] INFO  impl.RaftServerImpl (ServerState.java:setLeader(255)) - bb6aa9e0-dd06-4c88-93db-4ae7898bc0a1@group-B36ABC200B12: change Leader from acc98349-19c8-4839-9f32-ec7ab3c247da to null at term 2 for updateCurrentTerm
2019-10-31 13:06:10,134 [grpc-default-executor-1] INFO  impl.RaftServerImpl (ServerState.java:setLeader(255)) - acc98349-19c8-4839-9f32-ec7ab3c247da@group-B36ABC200B12: change Leader from acc98349-19c8-4839-9f32-ec7ab3c247da to null at term 2 for updateCurrentTerm
2019-10-31 13:06:10,134 [grpc-default-executor-2] INFO  impl.RaftServerImpl (RaftServerImpl.java:setRole(173)) - bb6aa9e0-dd06-4c88-93db-4ae7898bc0a1@group-B36ABC200B12: changes role from  FOLLOWER to FOLLOWER at term 2 for recognizeCandidate:cfcebab0-3c5e-460b-914c-a75f26ecc6be
2019-10-31 13:06:10,134 [grpc-default-executor-1] INFO  impl.RaftServerImpl (RaftServerImpl.java:setRole(173)) - acc98349-19c8-4839-9f32-ec7ab3c247da@group-B36ABC200B12: changes role from    LEADER to FOLLOWER at term 2 for recognizeCandidate:cfcebab0-3c5e-460b-914c-a75f26ecc6be
2019-10-31 13:06:10,135 [grpc-default-executor-2] INFO  impl.RoleInfo (RoleInfo.java:shutdownFollowerState(121)) - bb6aa9e0-dd06-4c88-93db-4ae7898bc0a1: shutdown FollowerState
2019-10-31 13:06:10,135 [grpc-default-executor-1] INFO  impl.RoleInfo (RoleInfo.java:shutdownLeaderState(104)) - acc98349-19c8-4839-9f32-ec7ab3c247da: shutdown LeaderState
2019-10-31 13:06:10,135 [grpc-default-executor-2] INFO  impl.RoleInfo (RoleInfo.java:updateAndGet(143)) - bb6aa9e0-dd06-4c88-93db-4ae7898bc0a1: start FollowerState
2019-10-31 13:06:10,135 [Thread-240] INFO  impl.FollowerState (FollowerState.java:run(120)) - bb6aa9e0-dd06-4c88-93db-4ae7898bc0a1@group-B36ABC200B12-FollowerState was interrupted: java.lang.InterruptedException: sleep interrupted
2019-10-31 13:06:10,137 [grpc-default-executor-1] INFO  impl.PendingRequests (PendingRequests.java:sendNotLeaderResponses(206)) - acc98349-19c8-4839-9f32-ec7ab3c247da@group-B36ABC200B12-PendingRequests: sendNotLeaderResponses
2019-10-31 13:06:10,137 [org.apache.ratis.server.impl.LogAppender$AppenderDaemon$$Lambda$527/333192399@18408fb8] WARN  server.GrpcLogAppender (GrpcLogAppender.java:mayWait(149)) - acc98349-19c8-4839-9f32-ec7ab3c247da@group-B36ABC200B12->bb6aa9e0-dd06-4c88-93db-4ae7898bc0a1-GrpcLogAppender: Wait interrupted by java.lang.InterruptedException
2019-10-31 13:06:10,137 [org.apache.ratis.server.impl.LogAppender$AppenderDaemon$$Lambda$527/333192399@3546c63e] WARN  server.GrpcLogAppender (GrpcLogAppender.java:mayWait(149)) - acc98349-19c8-4839-9f32-ec7ab3c247da@group-B36ABC200B12->cfcebab0-3c5e-460b-914c-a75f26ecc6be-GrpcLogAppender: Wait interrupted by java.lang.InterruptedException
2019-10-31 13:06:10,142 [Thread-591] INFO  client.GrpcClientProtocolService (GrpcClientProtocolService.java:lambda$processClientRequest$0(279)) - Failed RaftClientRequest:client-E8694136A95C->acc98349-19c8-4839-9f32-ec7ab3c247da@group-B36ABC200B12, cid=10, seq=0, Watch-ALL_COMMITTED(6), Message:<EMPTY>, reply=RaftClientReply:client-E8694136A95C->acc98349-19c8-4839-9f32-ec7ab3c247da@group-B36ABC200B12, cid=10, FAILED org.apache.ratis.protocol.NotLeaderException: Server acc98349-19c8-4839-9f32-ec7ab3c247da@group-B36ABC200B12 is not the leader, logIndex=0, commits[acc98349-19c8-4839-9f32-ec7ab3c247da:c10, cfcebab0-3c5e-460b-914c-a75f26ecc6be:c4, bb6aa9e0-dd06-4c88-93db-4ae7898bc0a1:c10]
2019-10-31 13:06:10,142 [grpc-default-executor-1] INFO  impl.RoleInfo (RoleInfo.java:updateAndGet(143)) - acc98349-19c8-4839-9f32-ec7ab3c247da: start FollowerState
2019-10-31 13:06:10,145 [grpc-default-executor-0] INFO  server.GrpcServerProtocolService (GrpcServerProtocolService.java:onCompleted(113)) - bb6aa9e0-dd06-4c88-93db-4ae7898bc0a1: Completed APPEND_ENTRIES, lastRequest: acc98349-19c8-4839-9f32-ec7ab3c247da->bb6aa9e0-dd06-4c88-93db-4ae7898bc0a1#54-t1, previous=(t:1, i:10), leaderCommit=10, initializing? false, entries: <empty>
2019-10-31 13:06:10,148 [Thread-552] INFO  impl.FollowerState (FollowerState.java:run(111)) - cfcebab0-3c5e-460b-914c-a75f26ecc6be@group-62482CEB9F5F-FollowerState: change to CANDIDATE, lastRpcTime:5092ms, electionTimeout:5092ms
2019-10-31 13:06:10,148 [Thread-552] INFO  impl.RoleInfo (RoleInfo.java:shutdownFollowerState(121)) - cfcebab0-3c5e-460b-914c-a75f26ecc6be: shutdown FollowerState
2019-10-31 13:06:10,148 [Thread-552] INFO  impl.RaftServerImpl (RaftServerImpl.java:setRole(173)) - cfcebab0-3c5e-460b-914c-a75f26ecc6be@group-62482CEB9F5F: changes role from  FOLLOWER to CANDIDATE at term 1 for changeToCandidate
2019-10-31 13:06:10,148 [grpc-default-executor-3] INFO  server.GrpcLogAppender (GrpcLogAppender.java:onCompleted(308)) - acc98349-19c8-4839-9f32-ec7ab3c247da@group-B36ABC200B12->bb6aa9e0-dd06-4c88-93db-4ae7898bc0a1-AppendLogResponseHandler: follower responses appendEntries COMPLETED
2019-10-31 13:06:10,148 [Thread-552] INFO  impl.RoleInfo (RoleInfo.java:updateAndGet(143)) - cfcebab0-3c5e-460b-914c-a75f26ecc6be: start LeaderElection
2019-10-31 13:06:10,153 [grpc-default-executor-3] INFO  impl.FollowerInfo (FollowerInfo.java:lambda$new$0(51)) - acc98349-19c8-4839-9f32-ec7ab3c247da@group-B36ABC200B12->bb6aa9e0-dd06-4c88-93db-4ae7898bc0a1: nextIndex: updateUnconditionally 11 -> 10
2019-10-31 13:06:10,168 [cfcebab0-3c5e-460b-914c-a75f26ecc6be@group-62482CEB9F5F-LeaderElection6] INFO  impl.LeaderElection (LeaderElection.java:askForVotes(178)) - cfcebab0-3c5e-460b-914c-a75f26ecc6be@group-62482CEB9F5F-LeaderElection6: begin an election at term 2 for 0: [cfcebab0-3c5e-460b-914c-a75f26ecc6be:192.168.157.200:44898], old=null
2019-10-31 13:06:10,168 [cfcebab0-3c5e-460b-914c-a75f26ecc6be@group-62482CEB9F5F-LeaderElection6] INFO  impl.RoleInfo (RoleInfo.java:shutdownLeaderElection(134)) - cfcebab0-3c5e-460b-914c-a75f26ecc6be: shutdown LeaderElection
2019-10-31 13:06:10,168 [cfcebab0-3c5e-460b-914c-a75f26ecc6be@group-62482CEB9F5F-LeaderElection6] INFO  impl.RaftServerImpl (RaftServerImpl.java:setRole(173)) - cfcebab0-3c5e-460b-914c-a75f26ecc6be@group-62482CEB9F5F: changes role from CANDIDATE to LEADER at term 2 for changeToLeader
2019-10-31 13:06:10,169 [cfcebab0-3c5e-460b-914c-a75f26ecc6be@group-B36ABC200B12-LeaderElection5] INFO  impl.LeaderElection (LeaderElection.java:logAndReturn(56)) - cfcebab0-3c5e-460b-914c-a75f26ecc6be@group-B36ABC200B12-LeaderElection5: Election REJECTED; received 2 response(s) [cfcebab0-3c5e-460b-914c-a75f26ecc6be<-bb6aa9e0-dd06-4c88-93db-4ae7898bc0a1#0:FAIL-t2, cfcebab0-3c5e-460b-914c-a75f26ecc6be<-acc98349-19c8-4839-9f32-ec7ab3c247da#0:FAIL-t2] and 0 exception(s); cfcebab0-3c5e-460b-914c-a75f26ecc6be@group-B36ABC200B12:t2, leader=null, voted=cfcebab0-3c5e-460b-914c-a75f26ecc6be, raftlog=cfcebab0-3c5e-460b-914c-a75f26ecc6be@group-B36ABC200B12-SegmentedRaftLog:OPENED:c3,f4,i4, conf=0: [cfcebab0-3c5e-460b-914c-a75f26ecc6be:192.168.157.200:44898, bb6aa9e0-dd06-4c88-93db-4ae7898bc0a1:192.168.157.200:45292, acc98349-19c8-4839-9f32-ec7ab3c247da:192.168.157.200:43538], old=null
2019-10-31 13:06:10,170 [cfcebab0-3c5e-460b-914c-a75f26ecc6be@group-62482CEB9F5F-LeaderElection6] INFO  impl.RaftServerImpl (ServerState.java:setLeader(255)) - cfcebab0-3c5e-460b-914c-a75f26ecc6be@group-62482CEB9F5F: change Leader from null to cfcebab0-3c5e-460b-914c-a75f26ecc6be at term 2 for becomeLeader, leader elected after 7111ms
2019-10-31 13:06:10,170 [cfcebab0-3c5e-460b-914c-a75f26ecc6be@group-B36ABC200B12-LeaderElection5] INFO  impl.RaftServerImpl (RaftServerImpl.java:setRole(173)) - cfcebab0-3c5e-460b-914c-a75f26ecc6be@group-B36ABC200B12: changes role from CANDIDATE to FOLLOWER at term 2 for DISCOVERED_A_NEW_TERM
2019-10-31 13:06:10,172 [cfcebab0-3c5e-460b-914c-a75f26ecc6be@group-62482CEB9F5F-LeaderElection6] INFO  server.RaftServerConfigKeys (ConfUtils.java:logGet(43)) - raft.server.staging.catchup.gap = 1000 (default)
2019-10-31 13:06:10,172 [cfcebab0-3c5e-460b-914c-a75f26ecc6be@group-B36ABC200B12-LeaderElection5] INFO  impl.RoleInfo (RoleInfo.java:shutdownLeaderElection(134)) - cfcebab0-3c5e-460b-914c-a75f26ecc6be: shutdown LeaderElection
2019-10-31 13:06:10,172 [cfcebab0-3c5e-460b-914c-a75f26ecc6be@group-62482CEB9F5F-LeaderElection6] INFO  server.RaftServerConfigKeys (ConfUtils.java:logGet(43)) - raft.server.rpc.sleep.time = 25ms (default)
2019-10-31 13:06:10,172 [cfcebab0-3c5e-460b-914c-a75f26ecc6be@group-B36ABC200B12-LeaderElection5] INFO  impl.RoleInfo (RoleInfo.java:updateAndGet(143)) - cfcebab0-3c5e-460b-914c-a75f26ecc6be: start FollowerState
2019-10-31 13:06:10,172 [cfcebab0-3c5e-460b-914c-a75f26ecc6be@group-62482CEB9F5F-LeaderElection6] INFO  server.RaftServerConfigKeys (ConfUtils.java:logGet(43)) - raft.server.write.element-limit = 4096 (default)
2019-10-31 13:06:10,173 [cfcebab0-3c5e-460b-914c-a75f26ecc6be@group-62482CEB9F5F-LeaderElection6] INFO  server.RaftServerConfigKeys (ConfUtils.java:logGet(43)) - raft.server.watch.timeout = 10s (default)
2019-10-31 13:06:10,174 [cfcebab0-3c5e-460b-914c-a75f26ecc6be@group-62482CEB9F5F-LeaderElection6] INFO  server.RaftServerConfigKeys (ConfUtils.java:logGet(43)) - raft.server.watch.timeout.denomination = 1s (default)
2019-10-31 13:06:10,174 [cfcebab0-3c5e-460b-914c-a75f26ecc6be@group-62482CEB9F5F-LeaderElection6] INFO  server.RaftServerConfigKeys (ConfUtils.java:logGet(43)) - raft.server.watch.element-limit = 65536 (default)
2019-10-31 13:06:10,174 [cfcebab0-3c5e-460b-914c-a75f26ecc6be@group-62482CEB9F5F-LeaderElection6] INFO  impl.RoleInfo (RoleInfo.java:updateAndGet(143)) - cfcebab0-3c5e-460b-914c-a75f26ecc6be: start LeaderState
2019-10-31 13:06:10,174 [cfcebab0-3c5e-460b-914c-a75f26ecc6be@group-62482CEB9F5F-LeaderElection6] INFO  segmented.SegmentedRaftLogWorker (SegmentedRaftLogWorker.java:rollLogSegment(390)) - cfcebab0-3c5e-460b-914c-a75f26ecc6be@group-62482CEB9F5F-SegmentedRaftLogWorker: Rolling segment log-0_0 to index:0
2019-10-31 13:06:10,178 [cfcebab0-3c5e-460b-914c-a75f26ecc6be@group-62482CEB9F5F-LeaderElection6] INFO  impl.RaftServerImpl (ServerState.java:setRaftConf(356)) - cfcebab0-3c5e-460b-914c-a75f26ecc6be@group-62482CEB9F5F: set configuration 1: [cfcebab0-3c5e-460b-914c-a75f26ecc6be:192.168.157.200:44898], old=null at 1
2019-10-31 13:06:10,179 [cfcebab0-3c5e-460b-914c-a75f26ecc6be@group-62482CEB9F5F-SegmentedRaftLogWorker] INFO  segmented.SegmentedRaftLogWorker (SegmentedRaftLogWorker.java:execute(533)) - cfcebab0-3c5e-460b-914c-a75f26ecc6be@group-62482CEB9F5F-SegmentedRaftLogWorker: Rolled log segment from /workdir/hadoop-ozone/integration-test/target/test-dir/MiniOzoneClusterImpl-ba86e98e-0b9e-4fbc-a2f2-7e38c2eb387e/datanode-1/data/ratis/4b3d63bb-7a46-438a-a069-62482ceb9f5f/current/log_inprogress_0 to /workdir/hadoop-ozone/integration-test/target/test-dir/MiniOzoneClusterImpl-ba86e98e-0b9e-4fbc-a2f2-7e38c2eb387e/datanode-1/data/ratis/4b3d63bb-7a46-438a-a069-62482ceb9f5f/current/log_0-0
2019-10-31 13:06:10,227 [cfcebab0-3c5e-460b-914c-a75f26ecc6be@group-62482CEB9F5F-SegmentedRaftLogWorker] INFO  segmented.SegmentedRaftLogWorker (SegmentedRaftLogWorker.java:execute(576)) - cfcebab0-3c5e-460b-914c-a75f26ecc6be@group-62482CEB9F5F-SegmentedRaftLogWorker: created new log segment /workdir/hadoop-ozone/integration-test/target/test-dir/MiniOzoneClusterImpl-ba86e98e-0b9e-4fbc-a2f2-7e38c2eb387e/datanode-1/data/ratis/4b3d63bb-7a46-438a-a069-62482ceb9f5f/current/log_inprogress_1
2019-10-31 13:06:10,270 [EventQueue-DeleteBlockStatusForDeletedBlockLogImpl] WARN  block.DeletedBlockLogImpl (DeletedBlockLogImpl.java:commitTransactions(205)) - Transaction txId=1 commit by dnId=cfcebab0-3c5e-460b-914c-a75f26ecc6be for containerID=#1 failed. Corresponding entry not found.
2019-10-31 13:06:10,272 [EventQueue-DeleteBlockStatusForDeletedBlockLogImpl] WARN  block.DeletedBlockLogImpl (DeletedBlockLogImpl.java:commitTransactions(205)) - Transaction txId=1 commit by dnId=cfcebab0-3c5e-460b-914c-a75f26ecc6be for containerID=#1 failed. Corresponding entry not found.
2019-10-31 13:06:10,272 [EventQueue-DeleteBlockStatusForDeletedBlockLogImpl] WARN  block.DeletedBlockLogImpl (DeletedBlockLogImpl.java:commitTransactions(205)) - Transaction txId=1 commit by dnId=cfcebab0-3c5e-460b-914c-a75f26ecc6be for containerID=#1 failed. Corresponding entry not found.
2019-10-31 13:06:10,272 [EventQueue-DeleteBlockStatusForDeletedBlockLogImpl] WARN  block.DeletedBlockLogImpl (DeletedBlockLogImpl.java:commitTransactions(205)) - Transaction txId=1 commit by dnId=cfcebab0-3c5e-460b-914c-a75f26ecc6be for containerID=#1 failed. Corresponding entry not found.
2019-10-31 13:06:10,272 [EventQueue-DeleteBlockStatusForDeletedBlockLogImpl] WARN  block.DeletedBlockLogImpl (DeletedBlockLogImpl.java:commitTransactions(205)) - Transaction txId=1 commit by dnId=cfcebab0-3c5e-460b-914c-a75f26ecc6be for containerID=#1 failed. Corresponding entry not found.
2019-10-31 13:06:10,272 [EventQueue-DeleteBlockStatusForDeletedBlockLogImpl] WARN  block.DeletedBlockLogImpl (DeletedBlockLogImpl.java:commitTransactions(205)) - Transaction txId=1 commit by dnId=cfcebab0-3c5e-460b-914c-a75f26ecc6be for containerID=#1 failed. Corresponding entry not found.
2019-10-31 13:06:10,272 [EventQueue-DeleteBlockStatusForDeletedBlockLogImpl] WARN  block.DeletedBlockLogImpl (DeletedBlockLogImpl.java:commitTransactions(205)) - Transaction txId=1 commit by dnId=cfcebab0-3c5e-460b-914c-a75f26ecc6be for containerID=#1 failed. Corresponding entry not found.
2019-10-31 13:06:10,930 [BlockDeletingService#2] WARN  background.BlockDeletingService (BlockDeletingService.java:isDeletionAllowed(187)) - Close Container log Index 6 is not replicated across allthe servers in the pipeline 5381b01c-8196-43cd-825c-b36abc200b12 as the min replicated index is 4. Deletion is not allowed in this container yet.
2019-10-31 13:06:10,930 [BlockDeletingService#4] WARN  background.BlockDeletingService (BlockDeletingService.java:isDeletionAllowed(187)) - Close Container log Index 6 is not replicated across allthe servers in the pipeline 5381b01c-8196-43cd-825c-b36abc200b12 as the min replicated index is 4. Deletion is not allowed in this container yet.
2019-10-31 13:06:11,159 [Thread-600] INFO  client.GrpcClientProtocolService (GrpcClientProtocolService.java:lambda$processClientRequest$0(279)) - Failed RaftClientRequest:client-E8694136A95C->bb6aa9e0-dd06-4c88-93db-4ae7898bc0a1@group-B36ABC200B12, cid=10, seq=0, Watch-ALL_COMMITTED(6), Message:<EMPTY>, reply=RaftClientReply:client-E8694136A95C->bb6aa9e0-dd06-4c88-93db-4ae7898bc0a1@group-B36ABC200B12, cid=10, FAILED org.apache.ratis.protocol.NotLeaderException: Server bb6aa9e0-dd06-4c88-93db-4ae7898bc0a1@group-B36ABC200B12 is not the leader, logIndex=0, commits[bb6aa9e0-dd06-4c88-93db-4ae7898bc0a1:c10, cfcebab0-3c5e-460b-914c-a75f26ecc6be:c4, acc98349-19c8-4839-9f32-ec7ab3c247da:c10]
2019-10-31 13:06:11,932 [BlockDeletingService#2] WARN  background.BlockDeletingService (BlockDeletingService.java:isDeletionAllowed(187)) - Close Container log Index 6 is not replicated across allthe servers in the pipeline 5381b01c-8196-43cd-825c-b36abc200b12 as the min replicated index is 4. Deletion is not allowed in this container yet.
2019-10-31 13:06:11,932 [BlockDeletingService#4] WARN  background.BlockDeletingService (BlockDeletingService.java:isDeletionAllowed(187)) - Close Container log Index 6 is not replicated across allthe servers in the pipeline 5381b01c-8196-43cd-825c-b36abc200b12 as the min replicated index is 4. Deletion is not allowed in this container yet.
2019-10-31 13:06:12,189 [Thread-606] INFO  client.GrpcClientProtocolService (GrpcClientProtocolService.java:lambda$processClientRequest$0(279)) - Failed RaftClientRequest:client-E8694136A95C->acc98349-19c8-4839-9f32-ec7ab3c247da@group-B36ABC200B12, cid=10, seq=0, Watch-ALL_COMMITTED(6), Message:<EMPTY>, reply=RaftClientReply:client-E8694136A95C->acc98349-19c8-4839-9f32-ec7ab3c247da@group-B36ABC200B12, cid=10, FAILED org.apache.ratis.protocol.NotLeaderException: Server acc98349-19c8-4839-9f32-ec7ab3c247da@group-B36ABC200B12 is not the leader, logIndex=0, commits[acc98349-19c8-4839-9f32-ec7ab3c247da:c10, cfcebab0-3c5e-460b-914c-a75f26ecc6be:c4, bb6aa9e0-dd06-4c88-93db-4ae7898bc0a1:c10]
2019-10-31 13:06:12,290 [java.util.concurrent.ThreadPoolExecutor$Worker@79e4e00a[State = -1, empty queue]] WARN  server.GrpcLogAppender (GrpcLogAppender.java:timeoutAppendRequest(209)) - acc98349-19c8-4839-9f32-ec7ab3c247da@group-B36ABC200B12->cfcebab0-3c5e-460b-914c-a75f26ecc6be-GrpcLogAppender: appendEntries Timeout, request=acc98349-19c8-4839-9f32-ec7ab3c247da->cfcebab0-3c5e-460b-914c-a75f26ecc6be#54-t1, previous=(t:1, i:10), leaderCommit=10, initializing? false, entries: <empty>
2019-10-31 13:06:12,933 [BlockDeletingService#2] WARN  background.BlockDeletingService (BlockDeletingService.java:isDeletionAllowed(187)) - Close Container log Index 6 is not replicated across allthe servers in the pipeline 5381b01c-8196-43cd-825c-b36abc200b12 as the min replicated index is 4. Deletion is not allowed in this container yet.
2019-10-31 13:06:12,935 [BlockDeletingService#4] WARN  background.BlockDeletingService (BlockDeletingService.java:isDeletionAllowed(187)) - Close Container log Index 6 is not replicated across allthe servers in the pipeline 5381b01c-8196-43cd-825c-b36abc200b12 as the min replicated index is 4. Deletion is not allowed in this container yet.
]]></system-out>
    <system-err><![CDATA[ERROR StatusLogger No Log4j 2 configuration file found. Using default configuration (logging only errors to the console), or user programmatically provided configurations. Set system property 'log4j2.debug' to show Log4j 2 internal initialization logging. See https://logging.apache.org/log4j/2.x/manual/configuration.html for instructions on how to configure Log4j 2
Oct 31, 2019 1:04:26 PM org.apache.ratis.thirdparty.io.grpc.internal.SerializingExecutor run
SEVERE: Exception while executing runnable org.apache.ratis.thirdparty.io.grpc.internal.ServerImpl$JumpToApplicationThreadServerStreamListener$1Closed@180ed6d9
org.apache.ratis.thirdparty.io.grpc.StatusRuntimeException: CANCELLED: call already cancelled
	at org.apache.ratis.thirdparty.io.grpc.Status.asRuntimeException(Status.java:517)
	at org.apache.ratis.thirdparty.io.grpc.stub.ServerCalls$ServerCallStreamObserverImpl.onCompleted(ServerCalls.java:356)
	at org.apache.ratis.grpc.server.GrpcServerProtocolService$ServerRequestStreamObserver.onError(GrpcServerProtocolService.java:121)
	at org.apache.ratis.thirdparty.io.grpc.stub.ServerCalls$StreamingServerCallHandler$StreamingServerCallListener.onCancel(ServerCalls.java:269)
	at org.apache.ratis.thirdparty.io.grpc.internal.ServerCallImpl$ServerStreamListenerImpl.closed(ServerCallImpl.java:293)
	at org.apache.ratis.thirdparty.io.grpc.internal.ServerImpl$JumpToApplicationThreadServerStreamListener$1Closed.runInContext(ServerImpl.java:741)
	at org.apache.ratis.thirdparty.io.grpc.internal.ContextRunnable.run(ContextRunnable.java:37)
	at org.apache.ratis.thirdparty.io.grpc.internal.SerializingExecutor.run(SerializingExecutor.java:123)
	at java.util.concurrent.ThreadPoolExecutor.runWorker(ThreadPoolExecutor.java:1149)
	at java.util.concurrent.ThreadPoolExecutor$Worker.run(ThreadPoolExecutor.java:624)
	at java.lang.Thread.run(Thread.java:748)

Oct 31, 2019 1:04:26 PM org.apache.ratis.thirdparty.io.grpc.internal.SerializingExecutor run
SEVERE: Exception while executing runnable org.apache.ratis.thirdparty.io.grpc.internal.ClientCallImpl$ClientStreamListenerImpl$1StreamClosed@7200ef6a
java.lang.NullPointerException
	at org.apache.ratis.grpc.server.GrpcLogAppender$AppendLogResponseHandler.onError(GrpcLogAppender.java:303)
	at org.apache.ratis.thirdparty.io.grpc.stub.ClientCalls$StreamObserverToCallListenerAdapter.onClose(ClientCalls.java:434)
	at org.apache.ratis.thirdparty.io.grpc.PartialForwardingClientCallListener.onClose(PartialForwardingClientCallListener.java:39)
	at org.apache.ratis.thirdparty.io.grpc.ForwardingClientCallListener.onClose(ForwardingClientCallListener.java:23)
	at org.apache.ratis.thirdparty.io.grpc.ForwardingClientCallListener$SimpleForwardingClientCallListener.onClose(ForwardingClientCallListener.java:40)
	at org.apache.ratis.thirdparty.io.grpc.internal.CensusStatsModule$StatsClientInterceptor$1$1.onClose(CensusStatsModule.java:678)
	at org.apache.ratis.thirdparty.io.grpc.PartialForwardingClientCallListener.onClose(PartialForwardingClientCallListener.java:39)
	at org.apache.ratis.thirdparty.io.grpc.ForwardingClientCallListener.onClose(ForwardingClientCallListener.java:23)
	at org.apache.ratis.thirdparty.io.grpc.ForwardingClientCallListener$SimpleForwardingClientCallListener.onClose(ForwardingClientCallListener.java:40)
	at org.apache.ratis.thirdparty.io.grpc.internal.CensusTracingModule$TracingClientInterceptor$1$1.onClose(CensusTracingModule.java:397)
	at org.apache.ratis.thirdparty.io.grpc.internal.ClientCallImpl.closeObserver(ClientCallImpl.java:459)
	at org.apache.ratis.thirdparty.io.grpc.internal.ClientCallImpl.access$300(ClientCallImpl.java:63)
	at org.apache.ratis.thirdparty.io.grpc.internal.ClientCallImpl$ClientStreamListenerImpl.close(ClientCallImpl.java:546)
	at org.apache.ratis.thirdparty.io.grpc.internal.ClientCallImpl$ClientStreamListenerImpl.access$600(ClientCallImpl.java:467)
	at org.apache.ratis.thirdparty.io.grpc.internal.ClientCallImpl$ClientStreamListenerImpl$1StreamClosed.runInContext(ClientCallImpl.java:584)
	at org.apache.ratis.thirdparty.io.grpc.internal.ContextRunnable.run(ContextRunnable.java:37)
	at org.apache.ratis.thirdparty.io.grpc.internal.SerializingExecutor.run(SerializingExecutor.java:123)
	at java.util.concurrent.ThreadPoolExecutor.runWorker(ThreadPoolExecutor.java:1149)
	at java.util.concurrent.ThreadPoolExecutor$Worker.run(ThreadPoolExecutor.java:624)
	at java.lang.Thread.run(Thread.java:748)

]]></system-err>
  </testcase>
</testsuite>