<?xml version="1.0" encoding="UTF-8"?>
<testsuite xmlns:xsi="http://www.w3.org/2001/XMLSchema-instance" xsi:noNamespaceSchemaLocation="https://maven.apache.org/surefire/maven-surefire-plugin/xsd/surefire-test-report.xsd" name="org.apache.hadoop.ozone.client.rpc.TestMultiBlockWritesWithDnFailures" time="257.111" tests="2" errors="1" skipped="0" failures="0">
  <properties>
    <property name="awt.toolkit" value="sun.awt.X11.XToolkit"/>
    <property name="file.encoding.pkg" value="sun.io"/>
    <property name="java.specification.version" value="1.8"/>
    <property name="sun.cpu.isalist" value=""/>
    <property name="sun.jnu.encoding" value="ANSI_X3.4-1968"/>
    <property name="java.class.path" value="/workdir/hadoop-ozone/integration-test/target/test-classes:/workdir/hadoop-ozone/integration-test/target/classes:/home/user/.m2/repository/org/apache/hadoop/hadoop-ozone-common/0.5.0-SNAPSHOT/hadoop-ozone-common-0.5.0-SNAPSHOT.jar:/home/user/.m2/repository/org/apache/commons/commons-compress/1.4.1/commons-compress-1.4.1.jar:/home/user/.m2/repository/org/tukaani/xz/1.0/xz-1.0.jar:/home/user/.m2/repository/org/apache/hadoop/hadoop-common/3.2.0/hadoop-common-3.2.0.jar:/home/user/.m2/repository/org/apache/hadoop/hadoop-hdfs/3.2.0/hadoop-hdfs-3.2.0.jar:/home/user/.m2/repository/org/apache/hadoop/hadoop-hdfs-client/3.2.0/hadoop-hdfs-client-3.2.0.jar:/home/user/.m2/repository/com/fasterxml/jackson/core/jackson-annotations/2.9.9/jackson-annotations-2.9.9.jar:/home/user/.m2/repository/org/apache/hadoop/hadoop-hdds-common/0.5.0-SNAPSHOT/hadoop-hdds-common-0.5.0-SNAPSHOT.jar:/home/user/.m2/repository/javax/annotation/javax.annotation-api/1.2/javax.annotation-api-1.2.jar:/home/user/.m2/repository/org/apache/ratis/ratis-server/0.5.0-d6d58d0-SNAPSHOT/ratis-server-0.5.0-d6d58d0-SNAPSHOT.jar:/home/user/.m2/repository/org/apache/ratis/ratis-thirdparty-misc/0.2.0/ratis-thirdparty-misc-0.2.0.jar:/home/user/.m2/repository/org/apache/ratis/ratis-proto/0.5.0-d6d58d0-SNAPSHOT/ratis-proto-0.5.0-d6d58d0-SNAPSHOT.jar:/home/user/.m2/repository/org/apache/ratis/ratis-common/0.5.0-d6d58d0-SNAPSHOT/ratis-common-0.5.0-d6d58d0-SNAPSHOT.jar:/home/user/.m2/repository/org/apache/ratis/ratis-client/0.5.0-d6d58d0-SNAPSHOT/ratis-client-0.5.0-d6d58d0-SNAPSHOT.jar:/home/user/.m2/repository/org/apache/ratis/ratis-metrics/0.5.0-d6d58d0-SNAPSHOT/ratis-metrics-0.5.0-d6d58d0-SNAPSHOT.jar:/home/user/.m2/repository/org/apache/ratis/ratis-netty/0.5.0-d6d58d0-SNAPSHOT/ratis-netty-0.5.0-d6d58d0-SNAPSHOT.jar:/home/user/.m2/repository/org/apache/ratis/ratis-grpc/0.5.0-d6d58d0-SNAPSHOT/ratis-grpc-0.5.0-d6d58d0-SNAPSHOT.jar:/home/user/.m2/repository/org/rocksdb/rocksdbjni/6.0.1/rocksdbjni-6.0.1.jar:/home/user/.m2/repository/org/apache/logging/log4j/log4j-api/2.11.0/log4j-api-2.11.0.jar:/home/user/.m2/repository/org/apache/logging/log4j/log4j-core/2.11.0/log4j-core-2.11.0.jar:/home/user/.m2/repository/com/lmax/disruptor/3.4.2/disruptor-3.4.2.jar:/home/user/.m2/repository/org/apache/commons/commons-pool2/2.6.0/commons-pool2-2.6.0.jar:/home/user/.m2/repository/org/bouncycastle/bcpkix-jdk15on/1.60/bcpkix-jdk15on-1.60.jar:/home/user/.m2/repository/commons-validator/commons-validator/1.6/commons-validator-1.6.jar:/home/user/.m2/repository/commons-digester/commons-digester/1.8.1/commons-digester-1.8.1.jar:/home/user/.m2/repository/io/jaegertracing/jaeger-client/0.34.0/jaeger-client-0.34.0.jar:/home/user/.m2/repository/io/jaegertracing/jaeger-thrift/0.34.0/jaeger-thrift-0.34.0.jar:/home/user/.m2/repository/org/apache/thrift/libthrift/0.12.0/libthrift-0.12.0.jar:/home/user/.m2/repository/com/squareup/okhttp3/okhttp/3.9.0/okhttp-3.9.0.jar:/home/user/.m2/repository/com/squareup/okio/okio/1.13.0/okio-1.13.0.jar:/home/user/.m2/repository/io/jaegertracing/jaeger-core/0.34.0/jaeger-core-0.34.0.jar:/home/user/.m2/repository/io/jaegertracing/jaeger-tracerresolver/0.34.0/jaeger-tracerresolver-0.34.0.jar:/home/user/.m2/repository/io/opentracing/contrib/opentracing-tracerresolver/0.1.5/opentracing-tracerresolver-0.1.5.jar:/home/user/.m2/repository/io/opentracing/opentracing-util/0.31.0/opentracing-util-0.31.0.jar:/home/user/.m2/repository/io/opentracing/opentracing-api/0.31.0/opentracing-api-0.31.0.jar:/home/user/.m2/repository/io/opentracing/opentracing-noop/0.31.0/opentracing-noop-0.31.0.jar:/home/user/.m2/repository/org/apache/hadoop/hadoop-hdds-server-framework/0.5.0-SNAPSHOT/hadoop-hdds-server-framework-0.5.0-SNAPSHOT.jar:/home/user/.m2/repository/org/apache/hadoop/hadoop-hdds-container-service/0.5.0-SNAPSHOT/hadoop-hdds-container-service-0.5.0-SNAPSHOT.jar:/home/user/.m2/repository/org/apache/hadoop/hadoop-hdds-client/0.5.0-SNAPSHOT/hadoop-hdds-client-0.5.0-SNAPSHOT.jar:/home/user/.m2/repository/org/apache/hadoop/hadoop-hdds-tools/0.5.0-SNAPSHOT/hadoop-hdds-tools-0.5.0-SNAPSHOT.jar:/home/user/.m2/repository/org/apache/hadoop/hadoop-hdds-server-scm/0.5.0-SNAPSHOT/hadoop-hdds-server-scm-0.5.0-SNAPSHOT.jar:/home/user/.m2/repository/org/apache/hadoop/hadoop-hdds-docs/0.5.0-SNAPSHOT/hadoop-hdds-docs-0.5.0-SNAPSHOT.jar:/home/user/.m2/repository/io/dropwizard/metrics/metrics-core/3.2.4/metrics-core-3.2.4.jar:/home/user/.m2/repository/org/hamcrest/hamcrest-all/1.3/hamcrest-all-1.3.jar:/home/user/.m2/repository/org/bouncycastle/bcprov-jdk15on/1.60/bcprov-jdk15on-1.60.jar:/home/user/.m2/repository/info/picocli/picocli/3.9.6/picocli-3.9.6.jar:/home/user/.m2/repository/com/google/protobuf/protobuf-java/2.5.0/protobuf-java-2.5.0.jar:/home/user/.m2/repository/com/google/guava/guava/11.0.2/guava-11.0.2.jar:/home/user/.m2/repository/org/apache/hadoop/hadoop-ozone-ozone-manager/0.5.0-SNAPSHOT/hadoop-ozone-ozone-manager-0.5.0-SNAPSHOT.jar:/home/user/.m2/repository/org/apache/hadoop/hadoop-minikdc/3.2.0/hadoop-minikdc-3.2.0.jar:/home/user/.m2/repository/commons-io/commons-io/2.5/commons-io-2.5.jar:/home/user/.m2/repository/org/apache/kerby/kerb-simplekdc/1.0.1/kerb-simplekdc-1.0.1.jar:/home/user/.m2/repository/org/apache/kerby/kerb-client/1.0.1/kerb-client-1.0.1.jar:/home/user/.m2/repository/org/apache/kerby/kerby-config/1.0.1/kerby-config-1.0.1.jar:/home/user/.m2/repository/org/apache/kerby/kerb-core/1.0.1/kerb-core-1.0.1.jar:/home/user/.m2/repository/org/apache/kerby/kerby-pkix/1.0.1/kerby-pkix-1.0.1.jar:/home/user/.m2/repository/org/apache/kerby/kerby-asn1/1.0.1/kerby-asn1-1.0.1.jar:/home/user/.m2/repository/org/apache/kerby/kerby-util/1.0.1/kerby-util-1.0.1.jar:/home/user/.m2/repository/org/apache/kerby/kerb-common/1.0.1/kerb-common-1.0.1.jar:/home/user/.m2/repository/org/apache/kerby/kerb-crypto/1.0.1/kerb-crypto-1.0.1.jar:/home/user/.m2/repository/org/apache/kerby/kerb-util/1.0.1/kerb-util-1.0.1.jar:/home/user/.m2/repository/org/apache/kerby/token-provider/1.0.1/token-provider-1.0.1.jar:/home/user/.m2/repository/org/apache/kerby/kerb-admin/1.0.1/kerb-admin-1.0.1.jar:/home/user/.m2/repository/org/apache/kerby/kerb-server/1.0.1/kerb-server-1.0.1.jar:/home/user/.m2/repository/org/apache/kerby/kerb-identity/1.0.1/kerb-identity-1.0.1.jar:/home/user/.m2/repository/org/apache/kerby/kerby-xdr/1.0.1/kerby-xdr-1.0.1.jar:/home/user/.m2/repository/org/slf4j/slf4j-log4j12/1.7.25/slf4j-log4j12-1.7.25.jar:/home/user/.m2/repository/org/apache/hadoop/hadoop-ozone-s3gateway/0.5.0-SNAPSHOT/hadoop-ozone-s3gateway-0.5.0-SNAPSHOT.jar:/home/user/.m2/repository/org/jboss/weld/servlet/weld-servlet/2.4.7.Final/weld-servlet-2.4.7.Final.jar:/home/user/.m2/repository/org/glassfish/jersey/containers/jersey-container-servlet-core/2.27/jersey-container-servlet-core-2.27.jar:/home/user/.m2/repository/org/glassfish/hk2/external/javax.inject/2.5.0-b42/javax.inject-2.5.0-b42.jar:/home/user/.m2/repository/org/glassfish/jersey/core/jersey-common/2.27/jersey-common-2.27.jar:/home/user/.m2/repository/org/glassfish/hk2/osgi-resource-locator/1.0.1/osgi-resource-locator-1.0.1.jar:/home/user/.m2/repository/javax/ws/rs/javax.ws.rs-api/2.1/javax.ws.rs-api-2.1.jar:/home/user/.m2/repository/org/glassfish/jersey/ext/cdi/jersey-cdi1x/2.27/jersey-cdi1x-2.27.jar:/home/user/.m2/repository/org/glassfish/jersey/inject/jersey-hk2/2.27/jersey-hk2-2.27.jar:/home/user/.m2/repository/org/glassfish/hk2/hk2-locator/2.5.0-b42/hk2-locator-2.5.0-b42.jar:/home/user/.m2/repository/org/javassist/javassist/3.22.0-CR2/javassist-3.22.0-CR2.jar:/home/user/.m2/repository/org/glassfish/hk2/hk2-api/2.5.0/hk2-api-2.5.0.jar:/home/user/.m2/repository/org/glassfish/hk2/external/jakarta.inject/2.5.0/jakarta.inject-2.5.0.jar:/home/user/.m2/repository/org/glassfish/hk2/hk2-utils/2.5.0/hk2-utils-2.5.0.jar:/home/user/.m2/repository/jakarta/annotation/jakarta.annotation-api/1.3.4/jakarta.annotation-api-1.3.4.jar:/home/user/.m2/repository/org/glassfish/hk2/external/aopalliance-repackaged/2.5.0/aopalliance-repackaged-2.5.0.jar:/home/user/.m2/repository/com/fasterxml/jackson/dataformat/jackson-dataformat-xml/2.9.0/jackson-dataformat-xml-2.9.0.jar:/home/user/.m2/repository/com/fasterxml/jackson/core/jackson-core/2.9.9/jackson-core-2.9.9.jar:/home/user/.m2/repository/com/fasterxml/jackson/module/jackson-module-jaxb-annotations/2.9.9/jackson-module-jaxb-annotations-2.9.9.jar:/home/user/.m2/repository/javax/enterprise/cdi-api/1.2/cdi-api-1.2.jar:/home/user/.m2/repository/javax/el/javax.el-api/3.0.0/javax.el-api-3.0.0.jar:/home/user/.m2/repository/javax/interceptor/javax.interceptor-api/1.2/javax.interceptor-api-1.2.jar:/home/user/.m2/repository/javax/inject/javax.inject/1/javax.inject-1.jar:/home/user/.m2/repository/com/sun/xml/bind/jaxb-impl/2.3.0.1/jaxb-impl-2.3.0.1.jar:/home/user/.m2/repository/com/sun/xml/bind/jaxb-core/2.3.0.1/jaxb-core-2.3.0.1.jar:/home/user/.m2/repository/javax/xml/bind/jaxb-api/2.3.0/jaxb-api-2.3.0.jar:/home/user/.m2/repository/javax/activation/activation/1.1.1/activation-1.1.1.jar:/home/user/.m2/repository/org/apache/hadoop/hadoop-ozone-csi/0.5.0-SNAPSHOT/hadoop-ozone-csi-0.5.0-SNAPSHOT.jar:/home/user/.m2/repository/com/google/protobuf/protobuf-java-util/3.5.1/protobuf-java-util-3.5.1.jar:/home/user/.m2/repository/org/apache/hadoop/hadoop-hdds-config/0.5.0-SNAPSHOT/hadoop-hdds-config-0.5.0-SNAPSHOT.jar:/home/user/.m2/repository/io/grpc/grpc-netty/1.17.1/grpc-netty-1.17.1.jar:/home/user/.m2/repository/io/grpc/grpc-core/1.17.1/grpc-core-1.17.1.jar:/home/user/.m2/repository/io/grpc/grpc-context/1.17.1/grpc-context-1.17.1.jar:/home/user/.m2/repository/com/google/errorprone/error_prone_annotations/2.2.0/error_prone_annotations-2.2.0.jar:/home/user/.m2/repository/org/codehaus/mojo/animal-sniffer-annotations/1.17/animal-sniffer-annotations-1.17.jar:/home/user/.m2/repository/io/opencensus/opencensus-api/0.17.0/opencensus-api-0.17.0.jar:/home/user/.m2/repository/io/opencensus/opencensus-contrib-grpc-metrics/0.17.0/opencensus-contrib-grpc-metrics-0.17.0.jar:/home/user/.m2/repository/io/netty/netty-codec-http2/4.1.30.Final/netty-codec-http2-4.1.30.Final.jar:/home/user/.m2/repository/io/netty/netty-codec-http/4.1.30.Final/netty-codec-http-4.1.30.Final.jar:/home/user/.m2/repository/io/netty/netty-codec/4.1.30.Final/netty-codec-4.1.30.Final.jar:/home/user/.m2/repository/io/netty/netty-handler/4.1.30.Final/netty-handler-4.1.30.Final.jar:/home/user/.m2/repository/io/netty/netty-handler-proxy/4.1.30.Final/netty-handler-proxy-4.1.30.Final.jar:/home/user/.m2/repository/io/netty/netty-codec-socks/4.1.30.Final/netty-codec-socks-4.1.30.Final.jar:/home/user/.m2/repository/io/netty/netty-transport-native-epoll/4.1.30.Final/netty-transport-native-epoll-4.1.30.Final.jar:/home/user/.m2/repository/io/netty/netty-common/4.1.30.Final/netty-common-4.1.30.Final.jar:/home/user/.m2/repository/io/netty/netty-buffer/4.1.30.Final/netty-buffer-4.1.30.Final.jar:/home/user/.m2/repository/io/netty/netty-transport/4.1.30.Final/netty-transport-4.1.30.Final.jar:/home/user/.m2/repository/io/netty/netty-resolver/4.1.30.Final/netty-resolver-4.1.30.Final.jar:/home/user/.m2/repository/io/netty/netty-transport-native-unix-common/4.1.30.Final/netty-transport-native-unix-common-4.1.30.Final.jar:/home/user/.m2/repository/io/grpc/grpc-protobuf/1.17.1/grpc-protobuf-1.17.1.jar:/home/user/.m2/repository/com/google/api/grpc/proto-google-common-protos/1.0.0/proto-google-common-protos-1.0.0.jar:/home/user/.m2/repository/io/grpc/grpc-protobuf-lite/1.17.1/grpc-protobuf-lite-1.17.1.jar:/home/user/.m2/repository/io/grpc/grpc-stub/1.17.1/grpc-stub-1.17.1.jar:/home/user/.m2/repository/org/apache/hadoop/hadoop-ozone-recon/0.5.0-SNAPSHOT/hadoop-ozone-recon-0.5.0-SNAPSHOT.jar:/home/user/.m2/repository/org/apache/hadoop/hadoop-ozone-reconcodegen/0.5.0-SNAPSHOT/hadoop-ozone-reconcodegen-0.5.0-SNAPSHOT.jar:/home/user/.m2/repository/com/google/inject/extensions/guice-multibindings/4.0/guice-multibindings-4.0.jar:/home/user/.m2/repository/com/google/inject/guice/4.0/guice-4.0.jar:/home/user/.m2/repository/aopalliance/aopalliance/1.0/aopalliance-1.0.jar:/home/user/.m2/repository/com/google/inject/extensions/guice-servlet/4.0/guice-servlet-4.0.jar:/home/user/.m2/repository/org/glassfish/jersey/containers/jersey-container-servlet/2.27/jersey-container-servlet-2.27.jar:/home/user/.m2/repository/org/glassfish/hk2/guice-bridge/2.5.0/guice-bridge-2.5.0.jar:/home/user/.m2/repository/org/glassfish/jersey/core/jersey-server/2.27/jersey-server-2.27.jar:/home/user/.m2/repository/org/glassfish/jersey/core/jersey-client/2.27/jersey-client-2.27.jar:/home/user/.m2/repository/org/glassfish/jersey/media/jersey-media-jaxb/2.27/jersey-media-jaxb-2.27.jar:/home/user/.m2/repository/javax/validation/validation-api/1.1.0.Final/validation-api-1.1.0.Final.jar:/home/user/.m2/repository/org/glassfish/jersey/media/jersey-media-json-jackson/2.27/jersey-media-json-jackson-2.27.jar:/home/user/.m2/repository/org/glassfish/jersey/ext/jersey-entity-filtering/2.27/jersey-entity-filtering-2.27.jar:/home/user/.m2/repository/com/google/inject/extensions/guice-assistedinject/4.0/guice-assistedinject-4.0.jar:/home/user/.m2/repository/org/jooq/jooq/3.11.10/jooq-3.11.10.jar:/home/user/.m2/repository/org/jooq/jooq-meta/3.11.10/jooq-meta-3.11.10.jar:/home/user/.m2/repository/org/jooq/jooq-codegen/3.11.10/jooq-codegen-3.11.10.jar:/home/user/.m2/repository/com/jolbox/bonecp/0.8.0.RELEASE/bonecp-0.8.0.RELEASE.jar:/home/user/.m2/repository/org/xerial/sqlite-jdbc/3.25.2/sqlite-jdbc-3.25.2.jar:/home/user/.m2/repository/org/springframework/spring-jdbc/5.1.3.RELEASE/spring-jdbc-5.1.3.RELEASE.jar:/home/user/.m2/repository/org/springframework/spring-beans/5.1.3.RELEASE/spring-beans-5.1.3.RELEASE.jar:/home/user/.m2/repository/org/springframework/spring-core/5.1.3.RELEASE/spring-core-5.1.3.RELEASE.jar:/home/user/.m2/repository/org/springframework/spring-jcl/5.1.3.RELEASE/spring-jcl-5.1.3.RELEASE.jar:/home/user/.m2/repository/org/springframework/spring-tx/5.1.3.RELEASE/spring-tx-5.1.3.RELEASE.jar:/home/user/.m2/repository/org/apache/hadoop/hadoop-ozone-client/0.5.0-SNAPSHOT/hadoop-ozone-client-0.5.0-SNAPSHOT.jar:/home/user/.m2/repository/commons-lang/commons-lang/2.6/commons-lang-2.6.jar:/home/user/.m2/repository/org/apache/hadoop/hadoop-ozone-ozone-manager/0.5.0-SNAPSHOT/hadoop-ozone-ozone-manager-0.5.0-SNAPSHOT-tests.jar:/home/user/.m2/repository/junit/junit/4.11/junit-4.11.jar:/home/user/.m2/repository/org/hamcrest/hamcrest-core/1.3/hamcrest-core-1.3.jar:/home/user/.m2/repository/org/openjdk/jmh/jmh-core/1.19/jmh-core-1.19.jar:/home/user/.m2/repository/net/sf/jopt-simple/jopt-simple/4.6/jopt-simple-4.6.jar:/home/user/.m2/repository/org/apache/commons/commons-math3/3.1.1/commons-math3-3.1.1.jar:/home/user/.m2/repository/org/openjdk/jmh/jmh-generator-annprocess/1.19/jmh-generator-annprocess-1.19.jar:/home/user/.m2/repository/org/mockito/mockito-all/1.8.5/mockito-all-1.8.5.jar:/home/user/.m2/repository/org/apache/hadoop/hadoop-kms/3.2.0/hadoop-kms-3.2.0.jar:/home/user/.m2/repository/org/apache/hadoop/hadoop-auth/3.2.0/hadoop-auth-3.2.0.jar:/home/user/.m2/repository/com/nimbusds/nimbus-jose-jwt/4.41.1/nimbus-jose-jwt-4.41.1.jar:/home/user/.m2/repository/com/github/stephenc/jcip/jcip-annotations/1.0-1/jcip-annotations-1.0-1.jar:/home/user/.m2/repository/net/minidev/json-smart/2.3/json-smart-2.3.jar:/home/user/.m2/repository/net/minidev/accessors-smart/1.2/accessors-smart-1.2.jar:/home/user/.m2/repository/org/ow2/asm/asm/5.0.4/asm-5.0.4.jar:/home/user/.m2/repository/org/apache/curator/curator-framework/2.12.0/curator-framework-2.12.0.jar:/home/user/.m2/repository/com/sun/jersey/jersey-core/1.19/jersey-core-1.19.jar:/home/user/.m2/repository/javax/ws/rs/jsr311-api/1.1.1/jsr311-api-1.1.1.jar:/home/user/.m2/repository/com/sun/jersey/jersey-server/1.19/jersey-server-1.19.jar:/home/user/.m2/repository/javax/servlet/javax.servlet-api/3.1.0/javax.servlet-api-3.1.0.jar:/home/user/.m2/repository/org/eclipse/jetty/jetty-server/9.3.25.v20180904/jetty-server-9.3.25.v20180904.jar:/home/user/.m2/repository/org/eclipse/jetty/jetty-http/9.3.25.v20180904/jetty-http-9.3.25.v20180904.jar:/home/user/.m2/repository/org/eclipse/jetty/jetty-io/9.3.25.v20180904/jetty-io-9.3.25.v20180904.jar:/home/user/.m2/repository/org/eclipse/jetty/jetty-webapp/9.3.25.v20180904/jetty-webapp-9.3.25.v20180904.jar:/home/user/.m2/repository/org/eclipse/jetty/jetty-xml/9.3.25.v20180904/jetty-xml-9.3.25.v20180904.jar:/home/user/.m2/repository/log4j/log4j/1.2.17/log4j-1.2.17.jar:/home/user/.m2/repository/org/slf4j/slf4j-api/1.7.25/slf4j-api-1.7.25.jar:/home/user/.m2/repository/org/slf4j/jul-to-slf4j/1.7.25/jul-to-slf4j-1.7.25.jar:/home/user/.m2/repository/org/eclipse/jetty/jetty-util/9.3.25.v20180904/jetty-util-9.3.25.v20180904.jar:/home/user/.m2/repository/com/fasterxml/jackson/core/jackson-databind/2.9.9/jackson-databind-2.9.9.jar:/home/user/.m2/repository/org/apache/hadoop/hadoop-kms/3.2.0/hadoop-kms-3.2.0-tests.jar:/home/user/.m2/repository/org/apache/hadoop/hadoop-hdds-server-scm/0.5.0-SNAPSHOT/hadoop-hdds-server-scm-0.5.0-SNAPSHOT-tests.jar:/home/user/.m2/repository/org/apache/hadoop/hadoop-hdds-container-service/0.5.0-SNAPSHOT/hadoop-hdds-container-service-0.5.0-SNAPSHOT-tests.jar:/home/user/.m2/repository/org/yaml/snakeyaml/1.16/snakeyaml-1.16.jar:/home/user/.m2/repository/org/apache/hadoop/hadoop-common/3.2.0/hadoop-common-3.2.0-tests.jar:/home/user/.m2/repository/org/apache/hadoop/hadoop-annotations/3.2.0/hadoop-annotations-3.2.0.jar:/usr/lib/jvm/java-1.8.0-openjdk-1.8.0.222.b10-1.el7_7.x86_64/jre/../lib/tools.jar:/home/user/.m2/repository/commons-cli/commons-cli/1.2/commons-cli-1.2.jar:/home/user/.m2/repository/org/apache/httpcomponents/httpclient/4.5.2/httpclient-4.5.2.jar:/home/user/.m2/repository/org/apache/httpcomponents/httpcore/4.4.4/httpcore-4.4.4.jar:/home/user/.m2/repository/commons-codec/commons-codec/1.11/commons-codec-1.11.jar:/home/user/.m2/repository/commons-net/commons-net/3.6/commons-net-3.6.jar:/home/user/.m2/repository/commons-collections/commons-collections/3.2.2/commons-collections-3.2.2.jar:/home/user/.m2/repository/org/eclipse/jetty/jetty-servlet/9.3.25.v20180904/jetty-servlet-9.3.25.v20180904.jar:/home/user/.m2/repository/org/eclipse/jetty/jetty-security/9.3.25.v20180904/jetty-security-9.3.25.v20180904.jar:/home/user/.m2/repository/javax/servlet/jsp/jsp-api/2.1/jsp-api-2.1.jar:/home/user/.m2/repository/com/sun/jersey/jersey-servlet/1.19/jersey-servlet-1.19.jar:/home/user/.m2/repository/com/sun/jersey/jersey-json/1.19/jersey-json-1.19.jar:/home/user/.m2/repository/org/codehaus/jettison/jettison/1.1/jettison-1.1.jar:/home/user/.m2/repository/org/codehaus/jackson/jackson-core-asl/1.9.13/jackson-core-asl-1.9.13.jar:/home/user/.m2/repository/org/codehaus/jackson/jackson-mapper-asl/1.9.13/jackson-mapper-asl-1.9.13.jar:/home/user/.m2/repository/org/codehaus/jackson/jackson-jaxrs/1.9.13/jackson-jaxrs-1.9.13.jar:/home/user/.m2/repository/org/codehaus/jackson/jackson-xc/1.9.13/jackson-xc-1.9.13.jar:/home/user/.m2/repository/commons-logging/commons-logging/1.1.3/commons-logging-1.1.3.jar:/home/user/.m2/repository/commons-beanutils/commons-beanutils/1.9.4/commons-beanutils-1.9.4.jar:/home/user/.m2/repository/org/apache/commons/commons-configuration2/2.1.1/commons-configuration2-2.1.1.jar:/home/user/.m2/repository/org/apache/commons/commons-lang3/3.7/commons-lang3-3.7.jar:/home/user/.m2/repository/org/apache/commons/commons-text/1.4/commons-text-1.4.jar:/home/user/.m2/repository/org/apache/avro/avro/1.7.7/avro-1.7.7.jar:/home/user/.m2/repository/com/thoughtworks/paranamer/paranamer/2.3/paranamer-2.3.jar:/home/user/.m2/repository/org/xerial/snappy/snappy-java/1.0.5/snappy-java-1.0.5.jar:/home/user/.m2/repository/com/google/re2j/re2j/1.1/re2j-1.1.jar:/home/user/.m2/repository/com/google/code/gson/gson/2.2.4/gson-2.2.4.jar:/home/user/.m2/repository/com/jcraft/jsch/0.1.54/jsch-0.1.54.jar:/home/user/.m2/repository/org/apache/curator/curator-client/2.12.0/curator-client-2.12.0.jar:/home/user/.m2/repository/org/apache/curator/curator-recipes/2.12.0/curator-recipes-2.12.0.jar:/home/user/.m2/repository/com/google/code/findbugs/jsr305/3.0.0/jsr305-3.0.0.jar:/home/user/.m2/repository/org/apache/htrace/htrace-core4/4.1.0-incubating/htrace-core4-4.1.0-incubating.jar:/home/user/.m2/repository/org/apache/zookeeper/zookeeper/3.4.13/zookeeper-3.4.13.jar:/home/user/.m2/repository/jline/jline/0.9.94/jline-0.9.94.jar:/home/user/.m2/repository/org/apache/yetus/audience-annotations/0.5.0/audience-annotations-0.5.0.jar:/home/user/.m2/repository/org/codehaus/woodstox/stax2-api/3.1.4/stax2-api-3.1.4.jar:/home/user/.m2/repository/com/fasterxml/woodstox/woodstox-core/5.0.3/woodstox-core-5.0.3.jar:/home/user/.m2/repository/dnsjava/dnsjava/2.1.7/dnsjava-2.1.7.jar:/home/user/.m2/repository/org/apache/hadoop/hadoop-hdfs/3.2.0/hadoop-hdfs-3.2.0-tests.jar:/home/user/.m2/repository/org/eclipse/jetty/jetty-util-ajax/9.3.25.v20180904/jetty-util-ajax-9.3.25.v20180904.jar:/home/user/.m2/repository/commons-daemon/commons-daemon/1.0.13/commons-daemon-1.0.13.jar:/home/user/.m2/repository/io/netty/netty/3.10.5.Final/netty-3.10.5.Final.jar:/home/user/.m2/repository/io/netty/netty-all/4.0.52.Final/netty-all-4.0.52.Final.jar:/home/user/.m2/repository/org/fusesource/leveldbjni/leveldbjni-all/1.8/leveldbjni-all-1.8.jar:"/>
    <property name="java.vm.vendor" value="Oracle Corporation"/>
    <property name="sun.arch.data.model" value="64"/>
    <property name="test.build.dir" value="/workdir/hadoop-ozone/integration-test/target/test-dir"/>
    <property name="test.cache.data" value=""/>
    <property name="java.vendor.url" value="http://java.oracle.com/"/>
    <property name="user.timezone" value=""/>
    <property name="java.vm.specification.version" value="1.8"/>
    <property name="os.name" value="Linux"/>
    <property name="test.build.data" value="/workdir/hadoop-ozone/integration-test/target/test-dir"/>
    <property name="user.country" value="US"/>
    <property name="sun.java.launcher" value="SUN_STANDARD"/>
    <property name="sun.boot.library.path" value="/usr/lib/jvm/java-1.8.0-openjdk-1.8.0.222.b10-1.el7_7.x86_64/jre/lib/amd64"/>
    <property name="sun.java.command" value="/workdir/hadoop-ozone/integration-test/target/surefire/surefirebooter470549457837511924.jar /workdir/hadoop-ozone/integration-test/target/surefire 2019-11-11T03-13-32_722-jvmRun1 surefire6617637178279820509tmp surefire_475916998949363050009tmp"/>
    <property name="surefire.test.class.path" value="/workdir/hadoop-ozone/integration-test/target/test-classes:/workdir/hadoop-ozone/integration-test/target/classes:/home/user/.m2/repository/org/apache/hadoop/hadoop-ozone-common/0.5.0-SNAPSHOT/hadoop-ozone-common-0.5.0-SNAPSHOT.jar:/home/user/.m2/repository/org/apache/commons/commons-compress/1.4.1/commons-compress-1.4.1.jar:/home/user/.m2/repository/org/tukaani/xz/1.0/xz-1.0.jar:/home/user/.m2/repository/org/apache/hadoop/hadoop-common/3.2.0/hadoop-common-3.2.0.jar:/home/user/.m2/repository/org/apache/hadoop/hadoop-hdfs/3.2.0/hadoop-hdfs-3.2.0.jar:/home/user/.m2/repository/org/apache/hadoop/hadoop-hdfs-client/3.2.0/hadoop-hdfs-client-3.2.0.jar:/home/user/.m2/repository/com/fasterxml/jackson/core/jackson-annotations/2.9.9/jackson-annotations-2.9.9.jar:/home/user/.m2/repository/org/apache/hadoop/hadoop-hdds-common/0.5.0-SNAPSHOT/hadoop-hdds-common-0.5.0-SNAPSHOT.jar:/home/user/.m2/repository/javax/annotation/javax.annotation-api/1.2/javax.annotation-api-1.2.jar:/home/user/.m2/repository/org/apache/ratis/ratis-server/0.5.0-d6d58d0-SNAPSHOT/ratis-server-0.5.0-d6d58d0-SNAPSHOT.jar:/home/user/.m2/repository/org/apache/ratis/ratis-thirdparty-misc/0.2.0/ratis-thirdparty-misc-0.2.0.jar:/home/user/.m2/repository/org/apache/ratis/ratis-proto/0.5.0-d6d58d0-SNAPSHOT/ratis-proto-0.5.0-d6d58d0-SNAPSHOT.jar:/home/user/.m2/repository/org/apache/ratis/ratis-common/0.5.0-d6d58d0-SNAPSHOT/ratis-common-0.5.0-d6d58d0-SNAPSHOT.jar:/home/user/.m2/repository/org/apache/ratis/ratis-client/0.5.0-d6d58d0-SNAPSHOT/ratis-client-0.5.0-d6d58d0-SNAPSHOT.jar:/home/user/.m2/repository/org/apache/ratis/ratis-metrics/0.5.0-d6d58d0-SNAPSHOT/ratis-metrics-0.5.0-d6d58d0-SNAPSHOT.jar:/home/user/.m2/repository/org/apache/ratis/ratis-netty/0.5.0-d6d58d0-SNAPSHOT/ratis-netty-0.5.0-d6d58d0-SNAPSHOT.jar:/home/user/.m2/repository/org/apache/ratis/ratis-grpc/0.5.0-d6d58d0-SNAPSHOT/ratis-grpc-0.5.0-d6d58d0-SNAPSHOT.jar:/home/user/.m2/repository/org/rocksdb/rocksdbjni/6.0.1/rocksdbjni-6.0.1.jar:/home/user/.m2/repository/org/apache/logging/log4j/log4j-api/2.11.0/log4j-api-2.11.0.jar:/home/user/.m2/repository/org/apache/logging/log4j/log4j-core/2.11.0/log4j-core-2.11.0.jar:/home/user/.m2/repository/com/lmax/disruptor/3.4.2/disruptor-3.4.2.jar:/home/user/.m2/repository/org/apache/commons/commons-pool2/2.6.0/commons-pool2-2.6.0.jar:/home/user/.m2/repository/org/bouncycastle/bcpkix-jdk15on/1.60/bcpkix-jdk15on-1.60.jar:/home/user/.m2/repository/commons-validator/commons-validator/1.6/commons-validator-1.6.jar:/home/user/.m2/repository/commons-digester/commons-digester/1.8.1/commons-digester-1.8.1.jar:/home/user/.m2/repository/io/jaegertracing/jaeger-client/0.34.0/jaeger-client-0.34.0.jar:/home/user/.m2/repository/io/jaegertracing/jaeger-thrift/0.34.0/jaeger-thrift-0.34.0.jar:/home/user/.m2/repository/org/apache/thrift/libthrift/0.12.0/libthrift-0.12.0.jar:/home/user/.m2/repository/com/squareup/okhttp3/okhttp/3.9.0/okhttp-3.9.0.jar:/home/user/.m2/repository/com/squareup/okio/okio/1.13.0/okio-1.13.0.jar:/home/user/.m2/repository/io/jaegertracing/jaeger-core/0.34.0/jaeger-core-0.34.0.jar:/home/user/.m2/repository/io/jaegertracing/jaeger-tracerresolver/0.34.0/jaeger-tracerresolver-0.34.0.jar:/home/user/.m2/repository/io/opentracing/contrib/opentracing-tracerresolver/0.1.5/opentracing-tracerresolver-0.1.5.jar:/home/user/.m2/repository/io/opentracing/opentracing-util/0.31.0/opentracing-util-0.31.0.jar:/home/user/.m2/repository/io/opentracing/opentracing-api/0.31.0/opentracing-api-0.31.0.jar:/home/user/.m2/repository/io/opentracing/opentracing-noop/0.31.0/opentracing-noop-0.31.0.jar:/home/user/.m2/repository/org/apache/hadoop/hadoop-hdds-server-framework/0.5.0-SNAPSHOT/hadoop-hdds-server-framework-0.5.0-SNAPSHOT.jar:/home/user/.m2/repository/org/apache/hadoop/hadoop-hdds-container-service/0.5.0-SNAPSHOT/hadoop-hdds-container-service-0.5.0-SNAPSHOT.jar:/home/user/.m2/repository/org/apache/hadoop/hadoop-hdds-client/0.5.0-SNAPSHOT/hadoop-hdds-client-0.5.0-SNAPSHOT.jar:/home/user/.m2/repository/org/apache/hadoop/hadoop-hdds-tools/0.5.0-SNAPSHOT/hadoop-hdds-tools-0.5.0-SNAPSHOT.jar:/home/user/.m2/repository/org/apache/hadoop/hadoop-hdds-server-scm/0.5.0-SNAPSHOT/hadoop-hdds-server-scm-0.5.0-SNAPSHOT.jar:/home/user/.m2/repository/org/apache/hadoop/hadoop-hdds-docs/0.5.0-SNAPSHOT/hadoop-hdds-docs-0.5.0-SNAPSHOT.jar:/home/user/.m2/repository/io/dropwizard/metrics/metrics-core/3.2.4/metrics-core-3.2.4.jar:/home/user/.m2/repository/org/hamcrest/hamcrest-all/1.3/hamcrest-all-1.3.jar:/home/user/.m2/repository/org/bouncycastle/bcprov-jdk15on/1.60/bcprov-jdk15on-1.60.jar:/home/user/.m2/repository/info/picocli/picocli/3.9.6/picocli-3.9.6.jar:/home/user/.m2/repository/com/google/protobuf/protobuf-java/2.5.0/protobuf-java-2.5.0.jar:/home/user/.m2/repository/com/google/guava/guava/11.0.2/guava-11.0.2.jar:/home/user/.m2/repository/org/apache/hadoop/hadoop-ozone-ozone-manager/0.5.0-SNAPSHOT/hadoop-ozone-ozone-manager-0.5.0-SNAPSHOT.jar:/home/user/.m2/repository/org/apache/hadoop/hadoop-minikdc/3.2.0/hadoop-minikdc-3.2.0.jar:/home/user/.m2/repository/commons-io/commons-io/2.5/commons-io-2.5.jar:/home/user/.m2/repository/org/apache/kerby/kerb-simplekdc/1.0.1/kerb-simplekdc-1.0.1.jar:/home/user/.m2/repository/org/apache/kerby/kerb-client/1.0.1/kerb-client-1.0.1.jar:/home/user/.m2/repository/org/apache/kerby/kerby-config/1.0.1/kerby-config-1.0.1.jar:/home/user/.m2/repository/org/apache/kerby/kerb-core/1.0.1/kerb-core-1.0.1.jar:/home/user/.m2/repository/org/apache/kerby/kerby-pkix/1.0.1/kerby-pkix-1.0.1.jar:/home/user/.m2/repository/org/apache/kerby/kerby-asn1/1.0.1/kerby-asn1-1.0.1.jar:/home/user/.m2/repository/org/apache/kerby/kerby-util/1.0.1/kerby-util-1.0.1.jar:/home/user/.m2/repository/org/apache/kerby/kerb-common/1.0.1/kerb-common-1.0.1.jar:/home/user/.m2/repository/org/apache/kerby/kerb-crypto/1.0.1/kerb-crypto-1.0.1.jar:/home/user/.m2/repository/org/apache/kerby/kerb-util/1.0.1/kerb-util-1.0.1.jar:/home/user/.m2/repository/org/apache/kerby/token-provider/1.0.1/token-provider-1.0.1.jar:/home/user/.m2/repository/org/apache/kerby/kerb-admin/1.0.1/kerb-admin-1.0.1.jar:/home/user/.m2/repository/org/apache/kerby/kerb-server/1.0.1/kerb-server-1.0.1.jar:/home/user/.m2/repository/org/apache/kerby/kerb-identity/1.0.1/kerb-identity-1.0.1.jar:/home/user/.m2/repository/org/apache/kerby/kerby-xdr/1.0.1/kerby-xdr-1.0.1.jar:/home/user/.m2/repository/org/slf4j/slf4j-log4j12/1.7.25/slf4j-log4j12-1.7.25.jar:/home/user/.m2/repository/org/apache/hadoop/hadoop-ozone-s3gateway/0.5.0-SNAPSHOT/hadoop-ozone-s3gateway-0.5.0-SNAPSHOT.jar:/home/user/.m2/repository/org/jboss/weld/servlet/weld-servlet/2.4.7.Final/weld-servlet-2.4.7.Final.jar:/home/user/.m2/repository/org/glassfish/jersey/containers/jersey-container-servlet-core/2.27/jersey-container-servlet-core-2.27.jar:/home/user/.m2/repository/org/glassfish/hk2/external/javax.inject/2.5.0-b42/javax.inject-2.5.0-b42.jar:/home/user/.m2/repository/org/glassfish/jersey/core/jersey-common/2.27/jersey-common-2.27.jar:/home/user/.m2/repository/org/glassfish/hk2/osgi-resource-locator/1.0.1/osgi-resource-locator-1.0.1.jar:/home/user/.m2/repository/javax/ws/rs/javax.ws.rs-api/2.1/javax.ws.rs-api-2.1.jar:/home/user/.m2/repository/org/glassfish/jersey/ext/cdi/jersey-cdi1x/2.27/jersey-cdi1x-2.27.jar:/home/user/.m2/repository/org/glassfish/jersey/inject/jersey-hk2/2.27/jersey-hk2-2.27.jar:/home/user/.m2/repository/org/glassfish/hk2/hk2-locator/2.5.0-b42/hk2-locator-2.5.0-b42.jar:/home/user/.m2/repository/org/javassist/javassist/3.22.0-CR2/javassist-3.22.0-CR2.jar:/home/user/.m2/repository/org/glassfish/hk2/hk2-api/2.5.0/hk2-api-2.5.0.jar:/home/user/.m2/repository/org/glassfish/hk2/external/jakarta.inject/2.5.0/jakarta.inject-2.5.0.jar:/home/user/.m2/repository/org/glassfish/hk2/hk2-utils/2.5.0/hk2-utils-2.5.0.jar:/home/user/.m2/repository/jakarta/annotation/jakarta.annotation-api/1.3.4/jakarta.annotation-api-1.3.4.jar:/home/user/.m2/repository/org/glassfish/hk2/external/aopalliance-repackaged/2.5.0/aopalliance-repackaged-2.5.0.jar:/home/user/.m2/repository/com/fasterxml/jackson/dataformat/jackson-dataformat-xml/2.9.0/jackson-dataformat-xml-2.9.0.jar:/home/user/.m2/repository/com/fasterxml/jackson/core/jackson-core/2.9.9/jackson-core-2.9.9.jar:/home/user/.m2/repository/com/fasterxml/jackson/module/jackson-module-jaxb-annotations/2.9.9/jackson-module-jaxb-annotations-2.9.9.jar:/home/user/.m2/repository/javax/enterprise/cdi-api/1.2/cdi-api-1.2.jar:/home/user/.m2/repository/javax/el/javax.el-api/3.0.0/javax.el-api-3.0.0.jar:/home/user/.m2/repository/javax/interceptor/javax.interceptor-api/1.2/javax.interceptor-api-1.2.jar:/home/user/.m2/repository/javax/inject/javax.inject/1/javax.inject-1.jar:/home/user/.m2/repository/com/sun/xml/bind/jaxb-impl/2.3.0.1/jaxb-impl-2.3.0.1.jar:/home/user/.m2/repository/com/sun/xml/bind/jaxb-core/2.3.0.1/jaxb-core-2.3.0.1.jar:/home/user/.m2/repository/javax/xml/bind/jaxb-api/2.3.0/jaxb-api-2.3.0.jar:/home/user/.m2/repository/javax/activation/activation/1.1.1/activation-1.1.1.jar:/home/user/.m2/repository/org/apache/hadoop/hadoop-ozone-csi/0.5.0-SNAPSHOT/hadoop-ozone-csi-0.5.0-SNAPSHOT.jar:/home/user/.m2/repository/com/google/protobuf/protobuf-java-util/3.5.1/protobuf-java-util-3.5.1.jar:/home/user/.m2/repository/org/apache/hadoop/hadoop-hdds-config/0.5.0-SNAPSHOT/hadoop-hdds-config-0.5.0-SNAPSHOT.jar:/home/user/.m2/repository/io/grpc/grpc-netty/1.17.1/grpc-netty-1.17.1.jar:/home/user/.m2/repository/io/grpc/grpc-core/1.17.1/grpc-core-1.17.1.jar:/home/user/.m2/repository/io/grpc/grpc-context/1.17.1/grpc-context-1.17.1.jar:/home/user/.m2/repository/com/google/errorprone/error_prone_annotations/2.2.0/error_prone_annotations-2.2.0.jar:/home/user/.m2/repository/org/codehaus/mojo/animal-sniffer-annotations/1.17/animal-sniffer-annotations-1.17.jar:/home/user/.m2/repository/io/opencensus/opencensus-api/0.17.0/opencensus-api-0.17.0.jar:/home/user/.m2/repository/io/opencensus/opencensus-contrib-grpc-metrics/0.17.0/opencensus-contrib-grpc-metrics-0.17.0.jar:/home/user/.m2/repository/io/netty/netty-codec-http2/4.1.30.Final/netty-codec-http2-4.1.30.Final.jar:/home/user/.m2/repository/io/netty/netty-codec-http/4.1.30.Final/netty-codec-http-4.1.30.Final.jar:/home/user/.m2/repository/io/netty/netty-codec/4.1.30.Final/netty-codec-4.1.30.Final.jar:/home/user/.m2/repository/io/netty/netty-handler/4.1.30.Final/netty-handler-4.1.30.Final.jar:/home/user/.m2/repository/io/netty/netty-handler-proxy/4.1.30.Final/netty-handler-proxy-4.1.30.Final.jar:/home/user/.m2/repository/io/netty/netty-codec-socks/4.1.30.Final/netty-codec-socks-4.1.30.Final.jar:/home/user/.m2/repository/io/netty/netty-transport-native-epoll/4.1.30.Final/netty-transport-native-epoll-4.1.30.Final.jar:/home/user/.m2/repository/io/netty/netty-common/4.1.30.Final/netty-common-4.1.30.Final.jar:/home/user/.m2/repository/io/netty/netty-buffer/4.1.30.Final/netty-buffer-4.1.30.Final.jar:/home/user/.m2/repository/io/netty/netty-transport/4.1.30.Final/netty-transport-4.1.30.Final.jar:/home/user/.m2/repository/io/netty/netty-resolver/4.1.30.Final/netty-resolver-4.1.30.Final.jar:/home/user/.m2/repository/io/netty/netty-transport-native-unix-common/4.1.30.Final/netty-transport-native-unix-common-4.1.30.Final.jar:/home/user/.m2/repository/io/grpc/grpc-protobuf/1.17.1/grpc-protobuf-1.17.1.jar:/home/user/.m2/repository/com/google/api/grpc/proto-google-common-protos/1.0.0/proto-google-common-protos-1.0.0.jar:/home/user/.m2/repository/io/grpc/grpc-protobuf-lite/1.17.1/grpc-protobuf-lite-1.17.1.jar:/home/user/.m2/repository/io/grpc/grpc-stub/1.17.1/grpc-stub-1.17.1.jar:/home/user/.m2/repository/org/apache/hadoop/hadoop-ozone-recon/0.5.0-SNAPSHOT/hadoop-ozone-recon-0.5.0-SNAPSHOT.jar:/home/user/.m2/repository/org/apache/hadoop/hadoop-ozone-reconcodegen/0.5.0-SNAPSHOT/hadoop-ozone-reconcodegen-0.5.0-SNAPSHOT.jar:/home/user/.m2/repository/com/google/inject/extensions/guice-multibindings/4.0/guice-multibindings-4.0.jar:/home/user/.m2/repository/com/google/inject/guice/4.0/guice-4.0.jar:/home/user/.m2/repository/aopalliance/aopalliance/1.0/aopalliance-1.0.jar:/home/user/.m2/repository/com/google/inject/extensions/guice-servlet/4.0/guice-servlet-4.0.jar:/home/user/.m2/repository/org/glassfish/jersey/containers/jersey-container-servlet/2.27/jersey-container-servlet-2.27.jar:/home/user/.m2/repository/org/glassfish/hk2/guice-bridge/2.5.0/guice-bridge-2.5.0.jar:/home/user/.m2/repository/org/glassfish/jersey/core/jersey-server/2.27/jersey-server-2.27.jar:/home/user/.m2/repository/org/glassfish/jersey/core/jersey-client/2.27/jersey-client-2.27.jar:/home/user/.m2/repository/org/glassfish/jersey/media/jersey-media-jaxb/2.27/jersey-media-jaxb-2.27.jar:/home/user/.m2/repository/javax/validation/validation-api/1.1.0.Final/validation-api-1.1.0.Final.jar:/home/user/.m2/repository/org/glassfish/jersey/media/jersey-media-json-jackson/2.27/jersey-media-json-jackson-2.27.jar:/home/user/.m2/repository/org/glassfish/jersey/ext/jersey-entity-filtering/2.27/jersey-entity-filtering-2.27.jar:/home/user/.m2/repository/com/google/inject/extensions/guice-assistedinject/4.0/guice-assistedinject-4.0.jar:/home/user/.m2/repository/org/jooq/jooq/3.11.10/jooq-3.11.10.jar:/home/user/.m2/repository/org/jooq/jooq-meta/3.11.10/jooq-meta-3.11.10.jar:/home/user/.m2/repository/org/jooq/jooq-codegen/3.11.10/jooq-codegen-3.11.10.jar:/home/user/.m2/repository/com/jolbox/bonecp/0.8.0.RELEASE/bonecp-0.8.0.RELEASE.jar:/home/user/.m2/repository/org/xerial/sqlite-jdbc/3.25.2/sqlite-jdbc-3.25.2.jar:/home/user/.m2/repository/org/springframework/spring-jdbc/5.1.3.RELEASE/spring-jdbc-5.1.3.RELEASE.jar:/home/user/.m2/repository/org/springframework/spring-beans/5.1.3.RELEASE/spring-beans-5.1.3.RELEASE.jar:/home/user/.m2/repository/org/springframework/spring-core/5.1.3.RELEASE/spring-core-5.1.3.RELEASE.jar:/home/user/.m2/repository/org/springframework/spring-jcl/5.1.3.RELEASE/spring-jcl-5.1.3.RELEASE.jar:/home/user/.m2/repository/org/springframework/spring-tx/5.1.3.RELEASE/spring-tx-5.1.3.RELEASE.jar:/home/user/.m2/repository/org/apache/hadoop/hadoop-ozone-client/0.5.0-SNAPSHOT/hadoop-ozone-client-0.5.0-SNAPSHOT.jar:/home/user/.m2/repository/commons-lang/commons-lang/2.6/commons-lang-2.6.jar:/home/user/.m2/repository/org/apache/hadoop/hadoop-ozone-ozone-manager/0.5.0-SNAPSHOT/hadoop-ozone-ozone-manager-0.5.0-SNAPSHOT-tests.jar:/home/user/.m2/repository/junit/junit/4.11/junit-4.11.jar:/home/user/.m2/repository/org/hamcrest/hamcrest-core/1.3/hamcrest-core-1.3.jar:/home/user/.m2/repository/org/openjdk/jmh/jmh-core/1.19/jmh-core-1.19.jar:/home/user/.m2/repository/net/sf/jopt-simple/jopt-simple/4.6/jopt-simple-4.6.jar:/home/user/.m2/repository/org/apache/commons/commons-math3/3.1.1/commons-math3-3.1.1.jar:/home/user/.m2/repository/org/openjdk/jmh/jmh-generator-annprocess/1.19/jmh-generator-annprocess-1.19.jar:/home/user/.m2/repository/org/mockito/mockito-all/1.8.5/mockito-all-1.8.5.jar:/home/user/.m2/repository/org/apache/hadoop/hadoop-kms/3.2.0/hadoop-kms-3.2.0.jar:/home/user/.m2/repository/org/apache/hadoop/hadoop-auth/3.2.0/hadoop-auth-3.2.0.jar:/home/user/.m2/repository/com/nimbusds/nimbus-jose-jwt/4.41.1/nimbus-jose-jwt-4.41.1.jar:/home/user/.m2/repository/com/github/stephenc/jcip/jcip-annotations/1.0-1/jcip-annotations-1.0-1.jar:/home/user/.m2/repository/net/minidev/json-smart/2.3/json-smart-2.3.jar:/home/user/.m2/repository/net/minidev/accessors-smart/1.2/accessors-smart-1.2.jar:/home/user/.m2/repository/org/ow2/asm/asm/5.0.4/asm-5.0.4.jar:/home/user/.m2/repository/org/apache/curator/curator-framework/2.12.0/curator-framework-2.12.0.jar:/home/user/.m2/repository/com/sun/jersey/jersey-core/1.19/jersey-core-1.19.jar:/home/user/.m2/repository/javax/ws/rs/jsr311-api/1.1.1/jsr311-api-1.1.1.jar:/home/user/.m2/repository/com/sun/jersey/jersey-server/1.19/jersey-server-1.19.jar:/home/user/.m2/repository/javax/servlet/javax.servlet-api/3.1.0/javax.servlet-api-3.1.0.jar:/home/user/.m2/repository/org/eclipse/jetty/jetty-server/9.3.25.v20180904/jetty-server-9.3.25.v20180904.jar:/home/user/.m2/repository/org/eclipse/jetty/jetty-http/9.3.25.v20180904/jetty-http-9.3.25.v20180904.jar:/home/user/.m2/repository/org/eclipse/jetty/jetty-io/9.3.25.v20180904/jetty-io-9.3.25.v20180904.jar:/home/user/.m2/repository/org/eclipse/jetty/jetty-webapp/9.3.25.v20180904/jetty-webapp-9.3.25.v20180904.jar:/home/user/.m2/repository/org/eclipse/jetty/jetty-xml/9.3.25.v20180904/jetty-xml-9.3.25.v20180904.jar:/home/user/.m2/repository/log4j/log4j/1.2.17/log4j-1.2.17.jar:/home/user/.m2/repository/org/slf4j/slf4j-api/1.7.25/slf4j-api-1.7.25.jar:/home/user/.m2/repository/org/slf4j/jul-to-slf4j/1.7.25/jul-to-slf4j-1.7.25.jar:/home/user/.m2/repository/org/eclipse/jetty/jetty-util/9.3.25.v20180904/jetty-util-9.3.25.v20180904.jar:/home/user/.m2/repository/com/fasterxml/jackson/core/jackson-databind/2.9.9/jackson-databind-2.9.9.jar:/home/user/.m2/repository/org/apache/hadoop/hadoop-kms/3.2.0/hadoop-kms-3.2.0-tests.jar:/home/user/.m2/repository/org/apache/hadoop/hadoop-hdds-server-scm/0.5.0-SNAPSHOT/hadoop-hdds-server-scm-0.5.0-SNAPSHOT-tests.jar:/home/user/.m2/repository/org/apache/hadoop/hadoop-hdds-container-service/0.5.0-SNAPSHOT/hadoop-hdds-container-service-0.5.0-SNAPSHOT-tests.jar:/home/user/.m2/repository/org/yaml/snakeyaml/1.16/snakeyaml-1.16.jar:/home/user/.m2/repository/org/apache/hadoop/hadoop-common/3.2.0/hadoop-common-3.2.0-tests.jar:/home/user/.m2/repository/org/apache/hadoop/hadoop-annotations/3.2.0/hadoop-annotations-3.2.0.jar:/usr/lib/jvm/java-1.8.0-openjdk-1.8.0.222.b10-1.el7_7.x86_64/jre/../lib/tools.jar:/home/user/.m2/repository/commons-cli/commons-cli/1.2/commons-cli-1.2.jar:/home/user/.m2/repository/org/apache/httpcomponents/httpclient/4.5.2/httpclient-4.5.2.jar:/home/user/.m2/repository/org/apache/httpcomponents/httpcore/4.4.4/httpcore-4.4.4.jar:/home/user/.m2/repository/commons-codec/commons-codec/1.11/commons-codec-1.11.jar:/home/user/.m2/repository/commons-net/commons-net/3.6/commons-net-3.6.jar:/home/user/.m2/repository/commons-collections/commons-collections/3.2.2/commons-collections-3.2.2.jar:/home/user/.m2/repository/org/eclipse/jetty/jetty-servlet/9.3.25.v20180904/jetty-servlet-9.3.25.v20180904.jar:/home/user/.m2/repository/org/eclipse/jetty/jetty-security/9.3.25.v20180904/jetty-security-9.3.25.v20180904.jar:/home/user/.m2/repository/javax/servlet/jsp/jsp-api/2.1/jsp-api-2.1.jar:/home/user/.m2/repository/com/sun/jersey/jersey-servlet/1.19/jersey-servlet-1.19.jar:/home/user/.m2/repository/com/sun/jersey/jersey-json/1.19/jersey-json-1.19.jar:/home/user/.m2/repository/org/codehaus/jettison/jettison/1.1/jettison-1.1.jar:/home/user/.m2/repository/org/codehaus/jackson/jackson-core-asl/1.9.13/jackson-core-asl-1.9.13.jar:/home/user/.m2/repository/org/codehaus/jackson/jackson-mapper-asl/1.9.13/jackson-mapper-asl-1.9.13.jar:/home/user/.m2/repository/org/codehaus/jackson/jackson-jaxrs/1.9.13/jackson-jaxrs-1.9.13.jar:/home/user/.m2/repository/org/codehaus/jackson/jackson-xc/1.9.13/jackson-xc-1.9.13.jar:/home/user/.m2/repository/commons-logging/commons-logging/1.1.3/commons-logging-1.1.3.jar:/home/user/.m2/repository/commons-beanutils/commons-beanutils/1.9.4/commons-beanutils-1.9.4.jar:/home/user/.m2/repository/org/apache/commons/commons-configuration2/2.1.1/commons-configuration2-2.1.1.jar:/home/user/.m2/repository/org/apache/commons/commons-lang3/3.7/commons-lang3-3.7.jar:/home/user/.m2/repository/org/apache/commons/commons-text/1.4/commons-text-1.4.jar:/home/user/.m2/repository/org/apache/avro/avro/1.7.7/avro-1.7.7.jar:/home/user/.m2/repository/com/thoughtworks/paranamer/paranamer/2.3/paranamer-2.3.jar:/home/user/.m2/repository/org/xerial/snappy/snappy-java/1.0.5/snappy-java-1.0.5.jar:/home/user/.m2/repository/com/google/re2j/re2j/1.1/re2j-1.1.jar:/home/user/.m2/repository/com/google/code/gson/gson/2.2.4/gson-2.2.4.jar:/home/user/.m2/repository/com/jcraft/jsch/0.1.54/jsch-0.1.54.jar:/home/user/.m2/repository/org/apache/curator/curator-client/2.12.0/curator-client-2.12.0.jar:/home/user/.m2/repository/org/apache/curator/curator-recipes/2.12.0/curator-recipes-2.12.0.jar:/home/user/.m2/repository/com/google/code/findbugs/jsr305/3.0.0/jsr305-3.0.0.jar:/home/user/.m2/repository/org/apache/htrace/htrace-core4/4.1.0-incubating/htrace-core4-4.1.0-incubating.jar:/home/user/.m2/repository/org/apache/zookeeper/zookeeper/3.4.13/zookeeper-3.4.13.jar:/home/user/.m2/repository/jline/jline/0.9.94/jline-0.9.94.jar:/home/user/.m2/repository/org/apache/yetus/audience-annotations/0.5.0/audience-annotations-0.5.0.jar:/home/user/.m2/repository/org/codehaus/woodstox/stax2-api/3.1.4/stax2-api-3.1.4.jar:/home/user/.m2/repository/com/fasterxml/woodstox/woodstox-core/5.0.3/woodstox-core-5.0.3.jar:/home/user/.m2/repository/dnsjava/dnsjava/2.1.7/dnsjava-2.1.7.jar:/home/user/.m2/repository/org/apache/hadoop/hadoop-hdfs/3.2.0/hadoop-hdfs-3.2.0-tests.jar:/home/user/.m2/repository/org/eclipse/jetty/jetty-util-ajax/9.3.25.v20180904/jetty-util-ajax-9.3.25.v20180904.jar:/home/user/.m2/repository/commons-daemon/commons-daemon/1.0.13/commons-daemon-1.0.13.jar:/home/user/.m2/repository/io/netty/netty/3.10.5.Final/netty-3.10.5.Final.jar:/home/user/.m2/repository/io/netty/netty-all/4.0.52.Final/netty-all-4.0.52.Final.jar:/home/user/.m2/repository/org/fusesource/leveldbjni/leveldbjni-all/1.8/leveldbjni-all-1.8.jar:"/>
    <property name="sun.cpu.endian" value="little"/>
    <property name="user.home" value="/home/user"/>
    <property name="user.language" value="en"/>
    <property name="java.specification.vendor" value="Oracle Corporation"/>
    <property name="java.home" value="/usr/lib/jvm/java-1.8.0-openjdk-1.8.0.222.b10-1.el7_7.x86_64/jre"/>
    <property name="surefire.excludesFile" value="/tools/ozone-bad-unit-tests"/>
    <property name="java.security.krb5.conf" value="/workdir/hadoop-ozone/integration-test/target/test-classes/krb5.conf"/>
    <property name="basedir" value="/workdir/hadoop-ozone/integration-test"/>
    <property name="file.separator" value="/"/>
    <property name="line.separator" value="&#10;"/>
    <property name="java.vm.specification.vendor" value="Oracle Corporation"/>
    <property name="java.specification.name" value="Java Platform API Specification"/>
    <property name="java.awt.graphicsenv" value="sun.awt.X11GraphicsEnvironment"/>
    <property name="surefire.real.class.path" value="/workdir/hadoop-ozone/integration-test/target/surefire/surefirebooter470549457837511924.jar"/>
    <property name="hadoop.log.dir" value="/workdir/hadoop-ozone/integration-test/target/log"/>
    <property name="sun.boot.class.path" value="/usr/lib/jvm/java-1.8.0-openjdk-1.8.0.222.b10-1.el7_7.x86_64/jre/lib/resources.jar:/usr/lib/jvm/java-1.8.0-openjdk-1.8.0.222.b10-1.el7_7.x86_64/jre/lib/rt.jar:/usr/lib/jvm/java-1.8.0-openjdk-1.8.0.222.b10-1.el7_7.x86_64/jre/lib/sunrsasign.jar:/usr/lib/jvm/java-1.8.0-openjdk-1.8.0.222.b10-1.el7_7.x86_64/jre/lib/jsse.jar:/usr/lib/jvm/java-1.8.0-openjdk-1.8.0.222.b10-1.el7_7.x86_64/jre/lib/jce.jar:/usr/lib/jvm/java-1.8.0-openjdk-1.8.0.222.b10-1.el7_7.x86_64/jre/lib/charsets.jar:/usr/lib/jvm/java-1.8.0-openjdk-1.8.0.222.b10-1.el7_7.x86_64/jre/lib/jfr.jar:/usr/lib/jvm/java-1.8.0-openjdk-1.8.0.222.b10-1.el7_7.x86_64/jre/classes"/>
    <property name="sun.management.compiler" value="HotSpot 64-Bit Tiered Compilers"/>
    <property name="java.runtime.version" value="1.8.0_222-b10"/>
    <property name="java.net.preferIPv4Stack" value="true"/>
    <property name="user.name" value="jenkins1000"/>
    <property name="path.separator" value=":"/>
    <property name="java.security.egd" value="file:///dev/urandom"/>
    <property name="os.version" value="3.10.0-957.12.2.el7.x86_64"/>
    <property name="java.endorsed.dirs" value="/usr/lib/jvm/java-1.8.0-openjdk-1.8.0.222.b10-1.el7_7.x86_64/jre/lib/endorsed"/>
    <property name="java.runtime.name" value="OpenJDK Runtime Environment"/>
    <property name="file.encoding" value="ANSI_X3.4-1968"/>
    <property name="java.vm.name" value="OpenJDK 64-Bit Server VM"/>
    <property name="test.build.webapps" value=""/>
    <property name="localRepository" value="/home/user/.m2/repository"/>
    <property name="java.vendor.url.bug" value="http://bugreport.sun.com/bugreport/"/>
    <property name="java.io.tmpdir" value="/tmp"/>
    <property name="require.test.libhadoop" value=""/>
    <property name="java.version" value="1.8.0_222"/>
    <property name="user.dir" value="/workdir/hadoop-ozone/integration-test"/>
    <property name="os.arch" value="amd64"/>
    <property name="java.vm.specification.name" value="Java Virtual Machine Specification"/>
    <property name="test.build.classes" value="/workdir/hadoop-ozone/integration-test/target/test-classes"/>
    <property name="java.awt.printerjob" value="sun.print.PSPrinterJob"/>
    <property name="sun.os.patch.level" value="unknown"/>
    <property name="hadoop.tmp.dir" value="/workdir/hadoop-ozone/integration-test/target/tmp"/>
    <property name="java.library.path" value="/usr/lib:/workdir/hadoop-ozone/integration-test/target/native/target/usr/local/lib:/workdir/hadoop-ozone/integration-test/../../hadoop-common-project/hadoop-common/target/native/target/usr/local/lib:/usr/java/packages/lib/amd64:/usr/lib64:/lib64:/lib:/usr/lib"/>
    <property name="java.vm.info" value="mixed mode"/>
    <property name="java.vendor" value="Oracle Corporation"/>
    <property name="java.vm.version" value="25.222-b10"/>
    <property name="java.ext.dirs" value="/usr/lib/jvm/java-1.8.0-openjdk-1.8.0.222.b10-1.el7_7.x86_64/jre/lib/ext:/usr/java/packages/lib/ext"/>
    <property name="sun.io.unicode.encoding" value="UnicodeLittle"/>
    <property name="java.class.version" value="52.0"/>
  </properties>
  <testcase name="testMultiBlockWritesWithIntermittentDnFailures" classname="org.apache.hadoop.ozone.client.rpc.TestMultiBlockWritesWithDnFailures" time="187.205">
    <error message="Allocated 0 blocks. Requested 1 blocks" type="INTERNAL_ERROR org.apache.hadoop.ozone.om.exceptions.OMException">INTERNAL_ERROR org.apache.hadoop.ozone.om.exceptions.OMException: Allocated 0 blocks. Requested 1 blocks
	at org.apache.hadoop.ozone.om.protocolPB.OzoneManagerProtocolClientSideTranslatorPB.handleError(OzoneManagerProtocolClientSideTranslatorPB.java:761)
	at org.apache.hadoop.ozone.om.protocolPB.OzoneManagerProtocolClientSideTranslatorPB.allocateBlock(OzoneManagerProtocolClientSideTranslatorPB.java:793)
	at sun.reflect.NativeMethodAccessorImpl.invoke0(Native Method)
	at sun.reflect.NativeMethodAccessorImpl.invoke(NativeMethodAccessorImpl.java:62)
	at sun.reflect.DelegatingMethodAccessorImpl.invoke(DelegatingMethodAccessorImpl.java:43)
	at java.lang.reflect.Method.invoke(Method.java:498)
	at org.apache.hadoop.hdds.tracing.TraceAllMethod.invoke(TraceAllMethod.java:66)
	at com.sun.proxy.$Proxy36.allocateBlock(Unknown Source)
	at org.apache.hadoop.ozone.client.io.BlockOutputStreamEntryPool.allocateNewBlock(BlockOutputStreamEntryPool.java:259)
	at org.apache.hadoop.ozone.client.io.BlockOutputStreamEntryPool.allocateBlockIfNeeded(BlockOutputStreamEntryPool.java:307)
	at org.apache.hadoop.ozone.client.io.KeyOutputStream.handleWrite(KeyOutputStream.java:198)
	at org.apache.hadoop.ozone.client.io.KeyOutputStream.handleRetry(KeyOutputStream.java:375)
	at org.apache.hadoop.ozone.client.io.KeyOutputStream.handleException(KeyOutputStream.java:324)
	at org.apache.hadoop.ozone.client.io.KeyOutputStream.handleWrite(KeyOutputStream.java:228)
	at org.apache.hadoop.ozone.client.io.KeyOutputStream.handleRetry(KeyOutputStream.java:375)
	at org.apache.hadoop.ozone.client.io.KeyOutputStream.handleException(KeyOutputStream.java:324)
	at org.apache.hadoop.ozone.client.io.KeyOutputStream.handleWrite(KeyOutputStream.java:228)
	at org.apache.hadoop.ozone.client.io.KeyOutputStream.write(KeyOutputStream.java:190)
	at org.apache.hadoop.ozone.client.io.OzoneOutputStream.write(OzoneOutputStream.java:49)
	at java.io.OutputStream.write(OutputStream.java:75)
	at org.apache.hadoop.ozone.client.rpc.TestMultiBlockWritesWithDnFailures.testMultiBlockWritesWithIntermittentDnFailures(TestMultiBlockWritesWithDnFailures.java:196)
	at sun.reflect.NativeMethodAccessorImpl.invoke0(Native Method)
	at sun.reflect.NativeMethodAccessorImpl.invoke(NativeMethodAccessorImpl.java:62)
	at sun.reflect.DelegatingMethodAccessorImpl.invoke(DelegatingMethodAccessorImpl.java:43)
	at java.lang.reflect.Method.invoke(Method.java:498)
	at org.junit.runners.model.FrameworkMethod$1.runReflectiveCall(FrameworkMethod.java:47)
	at org.junit.internal.runners.model.ReflectiveCallable.run(ReflectiveCallable.java:12)
	at org.junit.runners.model.FrameworkMethod.invokeExplosively(FrameworkMethod.java:44)
	at org.junit.internal.runners.statements.InvokeMethod.evaluate(InvokeMethod.java:17)
	at org.junit.internal.runners.statements.RunAfters.evaluate(RunAfters.java:27)
	at org.junit.runners.ParentRunner.runLeaf(ParentRunner.java:271)
	at org.junit.runners.BlockJUnit4ClassRunner.runChild(BlockJUnit4ClassRunner.java:70)
	at org.junit.runners.BlockJUnit4ClassRunner.runChild(BlockJUnit4ClassRunner.java:50)
	at org.junit.runners.ParentRunner$3.run(ParentRunner.java:238)
	at org.junit.runners.ParentRunner$1.schedule(ParentRunner.java:63)
	at org.junit.runners.ParentRunner.runChildren(ParentRunner.java:236)
	at org.junit.runners.ParentRunner.access$000(ParentRunner.java:53)
	at org.junit.runners.ParentRunner$2.evaluate(ParentRunner.java:229)
	at org.junit.runners.ParentRunner.run(ParentRunner.java:309)
	at org.apache.maven.surefire.junit4.JUnit4Provider.execute(JUnit4Provider.java:365)
	at org.apache.maven.surefire.junit4.JUnit4Provider.executeWithRerun(JUnit4Provider.java:273)
	at org.apache.maven.surefire.junit4.JUnit4Provider.executeTestSet(JUnit4Provider.java:238)
	at org.apache.maven.surefire.junit4.JUnit4Provider.invoke(JUnit4Provider.java:159)
	at org.apache.maven.surefire.booter.ForkedBooter.invokeProviderInSameClassLoader(ForkedBooter.java:384)
	at org.apache.maven.surefire.booter.ForkedBooter.runSuitesInProcess(ForkedBooter.java:345)
	at org.apache.maven.surefire.booter.ForkedBooter.execute(ForkedBooter.java:126)
	at org.apache.maven.surefire.booter.ForkedBooter.main(ForkedBooter.java:418)
</error>
    <system-out><![CDATA[2019-11-11 04:05:39,291 [main] WARN  server.ServerUtils (ServerUtils.java:getScmDbDir(145)) - ozone.scm.db.dirs is not configured. We recommend adding this setting. Falling back to ozone.metadata.dirs instead.
2019-11-11 04:05:39,402 [main] WARN  server.ServerUtils (ServerUtils.java:getScmDbDir(145)) - ozone.scm.db.dirs is not configured. We recommend adding this setting. Falling back to ozone.metadata.dirs instead.
2019-11-11 04:05:39,405 [main] WARN  server.ServerUtils (ServerUtils.java:getScmDbDir(145)) - ozone.scm.db.dirs is not configured. We recommend adding this setting. Falling back to ozone.metadata.dirs instead.
2019-11-11 04:05:39,431 [main] INFO  util.log (Log.java:initialized(192)) - Logging initialized @816ms
2019-11-11 04:05:39,526 [main] INFO  db.DBStoreBuilder (DBStoreBuilder.java:addTable(127)) - using custom profile for table: deletedBlocks
2019-11-11 04:05:39,526 [main] INFO  db.DBStoreBuilder (DBStoreBuilder.java:processTables(183)) - Using default column profile:DBProfile.DISK for Table:deletedBlocks
2019-11-11 04:05:39,526 [main] INFO  db.DBStoreBuilder (DBStoreBuilder.java:addTable(127)) - using custom profile for table: validCerts
2019-11-11 04:05:39,526 [main] INFO  db.DBStoreBuilder (DBStoreBuilder.java:processTables(183)) - Using default column profile:DBProfile.DISK for Table:validCerts
2019-11-11 04:05:39,527 [main] INFO  db.DBStoreBuilder (DBStoreBuilder.java:addTable(127)) - using custom profile for table: revokedCerts
2019-11-11 04:05:39,527 [main] INFO  db.DBStoreBuilder (DBStoreBuilder.java:processTables(183)) - Using default column profile:DBProfile.DISK for Table:revokedCerts
2019-11-11 04:05:39,538 [main] INFO  db.DBStoreBuilder (DBStoreBuilder.java:addTable(127)) - using custom profile for table: default
2019-11-11 04:05:39,538 [main] INFO  db.DBStoreBuilder (DBStoreBuilder.java:processTables(189)) - Using default column profile:DBProfile.DISK for Table:default
2019-11-11 04:05:39,539 [main] INFO  db.DBStoreBuilder (DBStoreBuilder.java:getDbProfile(220)) - Using default options. DBProfile.DISK
2019-11-11 04:05:39,828 [main] INFO  net.NodeSchemaLoader (NodeSchemaLoader.java:loadSchemaFromFile(125)) - Loading file from sun.misc.CompoundEnumeration@515c6049
2019-11-11 04:05:39,830 [main] INFO  net.NodeSchemaLoader (NodeSchemaLoader.java:loadSchema(171)) - Loading network topology layer schema file
2019-11-11 04:05:39,901 [main] INFO  node.SCMNodeManager (SCMNodeManager.java:<init>(116)) - Entering startup safe mode.
2019-11-11 04:05:39,992 [main] INFO  algorithms.ContainerPlacementPolicyFactory (ContainerPlacementPolicyFactory.java:getPolicy(57)) - Create container placement policy of type org.apache.hadoop.hdds.scm.container.placement.algorithms.SCMContainerPlacementRandom
2019-11-11 04:05:40,012 [main] WARN  server.ServerUtils (ServerUtils.java:getScmDbDir(145)) - ozone.scm.db.dirs is not configured. We recommend adding this setting. Falling back to ozone.metadata.dirs instead.
2019-11-11 04:05:40,114 [main] INFO  pipeline.SCMPipelineManager (SCMPipelineManager.java:initializePipelineState(132)) - No pipeline exists in current db
2019-11-11 04:05:40,117 [main] WARN  server.ServerUtils (ServerUtils.java:getScmDbDir(145)) - ozone.scm.db.dirs is not configured. We recommend adding this setting. Falling back to ozone.metadata.dirs instead.
2019-11-11 04:05:40,234 [main] WARN  events.EventQueue (EventQueue.java:fireEvent(183)) - No event handler registered for event TypedEvent{payloadType=SafeModeStatus, name='SafeModeStatus'}
2019-11-11 04:05:40,585 [main] INFO  ipc.CallQueueManager (CallQueueManager.java:<init>(84)) - Using callQueue: class java.util.concurrent.LinkedBlockingQueue, queueCapacity: 2000, scheduler: class org.apache.hadoop.ipc.DefaultRpcScheduler, ipcBackoff: false.
2019-11-11 04:05:40,608 [Socket Reader #1 for port 32797] INFO  ipc.Server (Server.java:run(1074)) - Starting Socket Reader #1 for port 32797
2019-11-11 04:05:40,730 [main] INFO  ipc.CallQueueManager (CallQueueManager.java:<init>(84)) - Using callQueue: class java.util.concurrent.LinkedBlockingQueue, queueCapacity: 2000, scheduler: class org.apache.hadoop.ipc.DefaultRpcScheduler, ipcBackoff: false.
2019-11-11 04:05:40,731 [Socket Reader #1 for port 38115] INFO  ipc.Server (Server.java:run(1074)) - Starting Socket Reader #1 for port 38115
2019-11-11 04:05:40,740 [main] INFO  ipc.CallQueueManager (CallQueueManager.java:<init>(84)) - Using callQueue: class java.util.concurrent.LinkedBlockingQueue, queueCapacity: 2000, scheduler: class org.apache.hadoop.ipc.DefaultRpcScheduler, ipcBackoff: false.
2019-11-11 04:05:40,741 [Socket Reader #1 for port 33132] INFO  ipc.Server (Server.java:run(1074)) - Starting Socket Reader #1 for port 33132
2019-11-11 04:05:40,765 [main] INFO  hdfs.DFSUtil (DFSUtil.java:httpServerTemplateForNNAndJN(1641)) - Starting Web-server for scm at: http://0.0.0.0:0
2019-11-11 04:05:40,906 [main] INFO  server.AuthenticationFilter (AuthenticationFilter.java:constructSecretProvider(240)) - Unable to initialize FileSignerSecretProvider, falling back to use random secrets.
2019-11-11 04:05:40,913 [main] WARN  http.HttpRequestLog (HttpRequestLog.java:getRequestLog(97)) - Jetty request log can only be enabled using Log4j
2019-11-11 04:05:40,920 [main] INFO  http.HttpServer2 (HttpServer2.java:addGlobalFilter(975)) - Added global filter 'safety' (class=org.apache.hadoop.http.HttpServer2$QuotingInputFilter)
2019-11-11 04:05:40,923 [main] INFO  http.HttpServer2 (HttpServer2.java:addFilter(948)) - Added filter static_user_filter (class=org.apache.hadoop.http.lib.StaticUserWebFilter$StaticUserFilter) to context scm
2019-11-11 04:05:40,923 [main] INFO  http.HttpServer2 (HttpServer2.java:addFilter(958)) - Added filter static_user_filter (class=org.apache.hadoop.http.lib.StaticUserWebFilter$StaticUserFilter) to context static
2019-11-11 04:05:40,923 [main] INFO  http.HttpServer2 (HttpServer2.java:addFilter(958)) - Added filter static_user_filter (class=org.apache.hadoop.http.lib.StaticUserWebFilter$StaticUserFilter) to context logs
2019-11-11 04:05:40,951 [main] INFO  server.StorageContainerManager (StorageContainerManager.java:start(764)) - StorageContainerLocationProtocol RPC server is listening at /0.0.0.0:33132
2019-11-11 04:05:41,010 [main] WARN  impl.MetricsConfig (MetricsConfig.java:loadFirst(134)) - Cannot locate configuration: tried hadoop-metrics2-storagecontainermanager.properties,hadoop-metrics2.properties
2019-11-11 04:05:41,022 [main] INFO  impl.MetricsSystemImpl (MetricsSystemImpl.java:startTimer(374)) - Scheduled Metric snapshot period at 10 second(s).
2019-11-11 04:05:41,022 [main] INFO  impl.MetricsSystemImpl (MetricsSystemImpl.java:start(191)) - StorageContainerManager metrics system started
2019-11-11 04:05:41,284 [main] INFO  server.SCMClientProtocolServer (SCMClientProtocolServer.java:start(159)) - RPC server for Client  is listening at /0.0.0.0:33132
2019-11-11 04:05:41,284 [IPC Server Responder] INFO  ipc.Server (Server.java:run(1314)) - IPC Server Responder: starting
2019-11-11 04:05:41,285 [IPC Server listener on 33132] INFO  ipc.Server (Server.java:run(1153)) - IPC Server listener on 33132: starting
2019-11-11 04:05:41,290 [main] INFO  server.StorageContainerManager (StorageContainerManager.java:start(774)) - ScmBlockLocationProtocol RPC server is listening at /0.0.0.0:38115
2019-11-11 04:05:41,291 [main] INFO  server.SCMBlockProtocolServer (SCMBlockProtocolServer.java:start(146)) - RPC server for Block Protocol is listening at /0.0.0.0:38115
2019-11-11 04:05:41,293 [IPC Server Responder] INFO  ipc.Server (Server.java:run(1314)) - IPC Server Responder: starting
2019-11-11 04:05:41,293 [IPC Server listener on 38115] INFO  ipc.Server (Server.java:run(1153)) - IPC Server listener on 38115: starting
2019-11-11 04:05:41,302 [main] INFO  server.StorageContainerManager (StorageContainerManager.java:start(778)) - ScmDatanodeProtocl RPC server is listening at /0.0.0.0:32797
2019-11-11 04:05:41,302 [main] INFO  server.SCMDatanodeProtocolServer (SCMDatanodeProtocolServer.java:start(169)) - RPC server for DataNodes is listening at /0.0.0.0:32797
2019-11-11 04:05:41,304 [IPC Server Responder] INFO  ipc.Server (Server.java:run(1314)) - IPC Server Responder: starting
2019-11-11 04:05:41,304 [IPC Server listener on 32797] INFO  ipc.Server (Server.java:run(1153)) - IPC Server listener on 32797: starting
2019-11-11 04:05:41,309 [main] INFO  http.HttpServer2 (HttpServer2.java:bindListener(1191)) - Jetty bound to port 46834
2019-11-11 04:05:41,311 [main] INFO  server.Server (Server.java:doStart(351)) - jetty-9.3.25.v20180904, build timestamp: 2018-09-04T21:11:46Z, git hash: 3ce520221d0240229c862b122d2b06c12a625732
2019-11-11 04:05:41,345 [main] INFO  handler.ContextHandler (ContextHandler.java:doStart(781)) - Started o.e.j.s.ServletContextHandler@4c550889{/logs,file:///workdir/hadoop-ozone/integration-test/target/log,AVAILABLE}
2019-11-11 04:05:41,346 [main] INFO  handler.ContextHandler (ContextHandler.java:doStart(781)) - Started o.e.j.s.ServletContextHandler@44040454{/static,file:///workdir/hadoop-ozone/integration-test/target/test-classes/webapps/static,AVAILABLE}
2019-11-11 04:05:41,377 [main] INFO  handler.ContextHandler (ContextHandler.java:doStart(781)) - Started o.e.j.w.WebAppContext@64f857e7{/,file:///workdir/hadoop-ozone/integration-test/target/test-classes/webapps/scm/,AVAILABLE}{/scm}
2019-11-11 04:05:41,383 [main] INFO  server.AbstractConnector (AbstractConnector.java:doStart(278)) - Started ServerConnector@617fe9e1{HTTP/1.1,[http/1.1]}{0.0.0.0:46834}
2019-11-11 04:05:41,383 [main] INFO  server.Server (Server.java:doStart(419)) - Started @2768ms
2019-11-11 04:05:41,385 [main] INFO  impl.MetricsSinkAdapter (MetricsSinkAdapter.java:start(204)) - Sink prometheus started
2019-11-11 04:05:41,385 [main] INFO  impl.MetricsSystemImpl (MetricsSystemImpl.java:registerSink(301)) - Registered sink prometheus
2019-11-11 04:05:41,387 [main] INFO  server.BaseHttpServer (BaseHttpServer.java:updateConnectorAddress(215)) - HTTP server of SCM is listening at http://0.0.0.0:46834
2019-11-11 04:05:41,395 [org.apache.hadoop.util.JvmPauseMonitor$Monitor@42257bdd] INFO  util.JvmPauseMonitor (JvmPauseMonitor.java:run(188)) - Starting JVM pause monitor
2019-11-11 04:05:41,399 [main] WARN  server.ServerUtils (ServerUtils.java:getDBPath(222)) - ozone.om.db.dirs is not configured. We recommend adding this setting. Falling back to ozone.metadata.dirs instead.
2019-11-11 04:05:41,517 [main] INFO  ha.OMHANodeDetails (OMHANodeDetails.java:loadOMHAConfig(190)) - Configuration either no ozone.om.address set. Falling back to the default OM address /127.0.0.1:0
2019-11-11 04:05:41,517 [main] INFO  ha.OMHANodeDetails (OMHANodeDetails.java:getOMNodeDetails(220)) - OM Service ID is not set. Setting it to the default ID: omServiceIdDefault
2019-11-11 04:05:41,519 [main] WARN  server.ServerUtils (ServerUtils.java:getDBPath(222)) - ozone.om.db.dirs is not configured. We recommend adding this setting. Falling back to ozone.metadata.dirs instead.
2019-11-11 04:05:41,519 [main] WARN  server.ServerUtils (ServerUtils.java:getDBPath(222)) - ozone.om.db.dirs is not configured. We recommend adding this setting. Falling back to ozone.metadata.dirs instead.
2019-11-11 04:05:42,192 [main] WARN  server.ServerUtils (ServerUtils.java:getDBPath(222)) - ozone.om.db.dirs is not configured. We recommend adding this setting. Falling back to ozone.metadata.dirs instead.
2019-11-11 04:05:42,201 [main] INFO  db.DBStoreBuilder (DBStoreBuilder.java:addTable(127)) - using custom profile for table: userTable
2019-11-11 04:05:42,201 [main] INFO  db.DBStoreBuilder (DBStoreBuilder.java:processTables(183)) - Using default column profile:DBProfile.DISK for Table:userTable
2019-11-11 04:05:42,202 [main] INFO  db.DBStoreBuilder (DBStoreBuilder.java:addTable(127)) - using custom profile for table: volumeTable
2019-11-11 04:05:42,202 [main] INFO  db.DBStoreBuilder (DBStoreBuilder.java:processTables(183)) - Using default column profile:DBProfile.DISK for Table:volumeTable
2019-11-11 04:05:42,202 [main] INFO  db.DBStoreBuilder (DBStoreBuilder.java:addTable(127)) - using custom profile for table: bucketTable
2019-11-11 04:05:42,202 [main] INFO  db.DBStoreBuilder (DBStoreBuilder.java:processTables(183)) - Using default column profile:DBProfile.DISK for Table:bucketTable
2019-11-11 04:05:42,203 [main] INFO  db.DBStoreBuilder (DBStoreBuilder.java:addTable(127)) - using custom profile for table: keyTable
2019-11-11 04:05:42,203 [main] INFO  db.DBStoreBuilder (DBStoreBuilder.java:processTables(183)) - Using default column profile:DBProfile.DISK for Table:keyTable
2019-11-11 04:05:42,203 [main] INFO  db.DBStoreBuilder (DBStoreBuilder.java:addTable(127)) - using custom profile for table: deletedTable
2019-11-11 04:05:42,203 [main] INFO  db.DBStoreBuilder (DBStoreBuilder.java:processTables(183)) - Using default column profile:DBProfile.DISK for Table:deletedTable
2019-11-11 04:05:42,204 [main] INFO  db.DBStoreBuilder (DBStoreBuilder.java:addTable(127)) - using custom profile for table: openKeyTable
2019-11-11 04:05:42,204 [main] INFO  db.DBStoreBuilder (DBStoreBuilder.java:processTables(183)) - Using default column profile:DBProfile.DISK for Table:openKeyTable
2019-11-11 04:05:42,204 [main] INFO  db.DBStoreBuilder (DBStoreBuilder.java:addTable(127)) - using custom profile for table: s3Table
2019-11-11 04:05:42,204 [main] INFO  db.DBStoreBuilder (DBStoreBuilder.java:processTables(183)) - Using default column profile:DBProfile.DISK for Table:s3Table
2019-11-11 04:05:42,204 [main] INFO  db.DBStoreBuilder (DBStoreBuilder.java:addTable(127)) - using custom profile for table: multipartInfoTable
2019-11-11 04:05:42,205 [main] INFO  db.DBStoreBuilder (DBStoreBuilder.java:processTables(183)) - Using default column profile:DBProfile.DISK for Table:multipartInfoTable
2019-11-11 04:05:42,205 [main] INFO  db.DBStoreBuilder (DBStoreBuilder.java:addTable(127)) - using custom profile for table: dTokenTable
2019-11-11 04:05:42,205 [main] INFO  db.DBStoreBuilder (DBStoreBuilder.java:processTables(183)) - Using default column profile:DBProfile.DISK for Table:dTokenTable
2019-11-11 04:05:42,205 [main] INFO  db.DBStoreBuilder (DBStoreBuilder.java:addTable(127)) - using custom profile for table: s3SecretTable
2019-11-11 04:05:42,206 [main] INFO  db.DBStoreBuilder (DBStoreBuilder.java:processTables(183)) - Using default column profile:DBProfile.DISK for Table:s3SecretTable
2019-11-11 04:05:42,206 [main] INFO  db.DBStoreBuilder (DBStoreBuilder.java:addTable(127)) - using custom profile for table: prefixTable
2019-11-11 04:05:42,206 [main] INFO  db.DBStoreBuilder (DBStoreBuilder.java:processTables(183)) - Using default column profile:DBProfile.DISK for Table:prefixTable
2019-11-11 04:05:42,206 [main] INFO  db.DBStoreBuilder (DBStoreBuilder.java:addTable(127)) - using custom profile for table: default
2019-11-11 04:05:42,207 [main] INFO  db.DBStoreBuilder (DBStoreBuilder.java:processTables(189)) - Using default column profile:DBProfile.DISK for Table:default
2019-11-11 04:05:42,207 [main] INFO  db.DBStoreBuilder (DBStoreBuilder.java:getDbProfile(220)) - Using default options. DBProfile.DISK
2019-11-11 04:05:42,809 [main] INFO  ipc.CallQueueManager (CallQueueManager.java:<init>(84)) - Using callQueue: class java.util.concurrent.LinkedBlockingQueue, queueCapacity: 2000, scheduler: class org.apache.hadoop.ipc.DefaultRpcScheduler, ipcBackoff: false.
2019-11-11 04:05:42,810 [Socket Reader #1 for port 37204] INFO  ipc.Server (Server.java:run(1074)) - Starting Socket Reader #1 for port 37204
2019-11-11 04:05:42,831 [main] INFO  om.OzoneManager (OzoneManager.java:start(1077)) - OzoneManager RPC server is listening at localhost/127.0.0.1:37204
2019-11-11 04:05:42,831 [main] INFO  impl.MetricsSystemImpl (MetricsSystemImpl.java:init(158)) - OzoneManager metrics system started (again)
2019-11-11 04:05:42,839 [IPC Server Responder] INFO  ipc.Server (Server.java:run(1314)) - IPC Server Responder: starting
2019-11-11 04:05:42,839 [IPC Server listener on 37204] INFO  ipc.Server (Server.java:run(1153)) - IPC Server listener on 37204: starting
2019-11-11 04:05:42,847 [main] INFO  hdfs.DFSUtil (DFSUtil.java:httpServerTemplateForNNAndJN(1641)) - Starting Web-server for ozoneManager at: http://0.0.0.0:0
2019-11-11 04:05:42,849 [main] INFO  server.AuthenticationFilter (AuthenticationFilter.java:constructSecretProvider(240)) - Unable to initialize FileSignerSecretProvider, falling back to use random secrets.
2019-11-11 04:05:42,850 [main] WARN  http.HttpRequestLog (HttpRequestLog.java:getRequestLog(97)) - Jetty request log can only be enabled using Log4j
2019-11-11 04:05:42,854 [main] INFO  http.HttpServer2 (HttpServer2.java:addGlobalFilter(975)) - Added global filter 'safety' (class=org.apache.hadoop.http.HttpServer2$QuotingInputFilter)
2019-11-11 04:05:42,855 [main] INFO  http.HttpServer2 (HttpServer2.java:addFilter(948)) - Added filter static_user_filter (class=org.apache.hadoop.http.lib.StaticUserWebFilter$StaticUserFilter) to context ozoneManager
2019-11-11 04:05:42,856 [main] INFO  http.HttpServer2 (HttpServer2.java:addFilter(958)) - Added filter static_user_filter (class=org.apache.hadoop.http.lib.StaticUserWebFilter$StaticUserFilter) to context logs
2019-11-11 04:05:42,856 [main] INFO  http.HttpServer2 (HttpServer2.java:addFilter(958)) - Added filter static_user_filter (class=org.apache.hadoop.http.lib.StaticUserWebFilter$StaticUserFilter) to context static
2019-11-11 04:05:42,859 [main] INFO  http.HttpServer2 (HttpServer2.java:bindListener(1191)) - Jetty bound to port 40543
2019-11-11 04:05:42,860 [main] INFO  server.Server (Server.java:doStart(351)) - jetty-9.3.25.v20180904, build timestamp: 2018-09-04T21:11:46Z, git hash: 3ce520221d0240229c862b122d2b06c12a625732
2019-11-11 04:05:42,863 [main] INFO  handler.ContextHandler (ContextHandler.java:doStart(781)) - Started o.e.j.s.ServletContextHandler@57b9e423{/logs,file:///workdir/hadoop-ozone/integration-test/target/log,AVAILABLE}
2019-11-11 04:05:42,864 [main] INFO  handler.ContextHandler (ContextHandler.java:doStart(781)) - Started o.e.j.s.ServletContextHandler@368d5c00{/static,file:///workdir/hadoop-ozone/integration-test/target/test-classes/webapps/static,AVAILABLE}
2019-11-11 04:05:42,871 [main] INFO  handler.ContextHandler (ContextHandler.java:doStart(781)) - Started o.e.j.w.WebAppContext@7068f7ca{/,file:///workdir/hadoop-ozone/integration-test/target/test-classes/webapps/ozoneManager/,AVAILABLE}{/ozoneManager}
2019-11-11 04:05:42,872 [main] INFO  server.AbstractConnector (AbstractConnector.java:doStart(278)) - Started ServerConnector@38548b19{HTTP/1.1,[http/1.1]}{0.0.0.0:40543}
2019-11-11 04:05:42,873 [main] INFO  server.Server (Server.java:doStart(419)) - Started @4258ms
2019-11-11 04:05:42,873 [main] WARN  impl.MetricsSystemImpl (MetricsSystemImpl.java:register(276)) - Sink prometheus already exists!
2019-11-11 04:05:42,875 [main] INFO  server.BaseHttpServer (BaseHttpServer.java:updateConnectorAddress(215)) - HTTP server of OZONEMANAGER is listening at http://0.0.0.0:40543
2019-11-11 04:05:43,180 [main] INFO  impl.MetricsSystemImpl (MetricsSystemImpl.java:init(158)) - HddsDatanode metrics system started (again)
2019-11-11 04:05:43,223 [main] INFO  ozone.HddsDatanodeService (HddsDatanodeService.java:start(186)) - HddsDatanodeService host:trunk-nightly-20191111-g5xpl-2663879777 ip:192.168.34.63
2019-11-11 04:05:43,252 [main] INFO  volume.HddsVolume (HddsVolume.java:<init>(176)) - Creating Volume: /workdir/hadoop-ozone/integration-test/target/test-dir/MiniOzoneClusterImpl-6985d1c7-7309-41e2-b49d-91e186e08ffa/datanode-0/data/containers/hdds of  storage type : DISK and capacity : 1482555576320
2019-11-11 04:05:43,254 [main] INFO  volume.VolumeSet (VolumeSet.java:initializeVolumeSet(170)) - Added Volume : /workdir/hadoop-ozone/integration-test/target/test-dir/MiniOzoneClusterImpl-6985d1c7-7309-41e2-b49d-91e186e08ffa/datanode-0/data/containers/hdds to VolumeSet
2019-11-11 04:05:43,257 [main] INFO  volume.ThrottledAsyncChecker (ThrottledAsyncChecker.java:schedule(141)) - Scheduling a check for /workdir/hadoop-ozone/integration-test/target/test-dir/MiniOzoneClusterImpl-6985d1c7-7309-41e2-b49d-91e186e08ffa/datanode-0/data/containers/hdds
2019-11-11 04:05:43,272 [main] INFO  volume.HddsVolumeChecker (HddsVolumeChecker.java:checkAllVolumes(204)) - Scheduled health check for volume /workdir/hadoop-ozone/integration-test/target/test-dir/MiniOzoneClusterImpl-6985d1c7-7309-41e2-b49d-91e186e08ffa/datanode-0/data/containers/hdds
2019-11-11 04:05:43,372 [main] INFO  impl.RaftServerProxy (ConfUtils.java:logGet(43)) - raft.rpc.type = GRPC (default)
2019-11-11 04:05:43,431 [main] INFO  grpc.GrpcFactory (GrpcFactory.java:checkPooledByteBufAllocatorUseCacheForAllThreads(45)) - PERFORMANCE WARNING: useCacheForAllThreads is true that may cause Netty to create a lot garbage objects and, as a result, trigger GC.
	It is recommended to disable useCacheForAllThreads by setting -Dorg.apache.ratis.thirdparty.io.netty.allocator.useCacheForAllThreads=false in command line.
2019-11-11 04:05:43,436 [main] INFO  grpc.GrpcConfigKeys$Server (ConfUtils.java:logGet(43)) - raft.grpc.server.port = 0 (default)
2019-11-11 04:05:43,437 [main] INFO  server.GrpcService (ConfUtils.java:logGet(43)) - raft.grpc.message.size.max = 33570816 (custom)
2019-11-11 04:05:43,438 [main] INFO  server.RaftServerConfigKeys (ConfUtils.java:logGet(43)) - raft.server.log.appender.buffer.byte-limit = 33554432 (custom)
2019-11-11 04:05:43,439 [main] INFO  server.GrpcService (ConfUtils.java:logGet(43)) - raft.grpc.flow.control.window = 1MB (=1048576) (default)
2019-11-11 04:05:43,439 [main] INFO  server.RaftServerConfigKeys (ConfUtils.java:logGet(43)) - raft.server.rpc.request.timeout = 3000ms (default)
2019-11-11 04:05:43,569 [main] INFO  server.RaftServerConfigKeys (ConfUtils.java:logGet(43)) - raft.server.storage.dir = [/workdir/hadoop-ozone/integration-test/target/test-dir/MiniOzoneClusterImpl-6985d1c7-7309-41e2-b49d-91e186e08ffa/datanode-0/data/ratis] (custom)
2019-11-11 04:05:43,614 [main] INFO  hdfs.DFSUtil (DFSUtil.java:httpServerTemplateForNNAndJN(1641)) - Starting Web-server for hddsDatanode at: http://0.0.0.0:0
2019-11-11 04:05:43,616 [main] INFO  server.AuthenticationFilter (AuthenticationFilter.java:constructSecretProvider(240)) - Unable to initialize FileSignerSecretProvider, falling back to use random secrets.
2019-11-11 04:05:43,617 [main] WARN  http.HttpRequestLog (HttpRequestLog.java:getRequestLog(97)) - Jetty request log can only be enabled using Log4j
2019-11-11 04:05:43,620 [main] INFO  http.HttpServer2 (HttpServer2.java:addGlobalFilter(975)) - Added global filter 'safety' (class=org.apache.hadoop.http.HttpServer2$QuotingInputFilter)
2019-11-11 04:05:43,621 [main] INFO  http.HttpServer2 (HttpServer2.java:addFilter(948)) - Added filter static_user_filter (class=org.apache.hadoop.http.lib.StaticUserWebFilter$StaticUserFilter) to context hddsDatanode
2019-11-11 04:05:43,621 [main] INFO  http.HttpServer2 (HttpServer2.java:addFilter(958)) - Added filter static_user_filter (class=org.apache.hadoop.http.lib.StaticUserWebFilter$StaticUserFilter) to context static
2019-11-11 04:05:43,621 [main] INFO  http.HttpServer2 (HttpServer2.java:addFilter(958)) - Added filter static_user_filter (class=org.apache.hadoop.http.lib.StaticUserWebFilter$StaticUserFilter) to context logs
2019-11-11 04:05:43,623 [main] INFO  http.HttpServer2 (HttpServer2.java:bindListener(1191)) - Jetty bound to port 40981
2019-11-11 04:05:43,623 [main] INFO  server.Server (Server.java:doStart(351)) - jetty-9.3.25.v20180904, build timestamp: 2018-09-04T21:11:46Z, git hash: 3ce520221d0240229c862b122d2b06c12a625732
2019-11-11 04:05:43,626 [main] INFO  handler.ContextHandler (ContextHandler.java:doStart(781)) - Started o.e.j.s.ServletContextHandler@2b8bb184{/logs,file:///workdir/hadoop-ozone/integration-test/target/log,AVAILABLE}
2019-11-11 04:05:43,627 [main] INFO  handler.ContextHandler (ContextHandler.java:doStart(781)) - Started o.e.j.s.ServletContextHandler@dc79225{/static,jar:file:/home/user/.m2/repository/org/apache/hadoop/hadoop-hdds-container-service/0.5.0-SNAPSHOT/hadoop-hdds-container-service-0.5.0-SNAPSHOT.jar!/webapps/static,AVAILABLE}
2019-11-11 04:05:45,218 [main] INFO  handler.ContextHandler (ContextHandler.java:doStart(781)) - Started o.e.j.w.WebAppContext@5f038248{/,file:///tmp/jetty-0.0.0.0-40981-hddsDatanode-_-any-8687821783456746534.dir/webapp/,AVAILABLE}{/hddsDatanode}
2019-11-11 04:05:45,219 [main] INFO  server.AbstractConnector (AbstractConnector.java:doStart(278)) - Started ServerConnector@78e22d35{HTTP/1.1,[http/1.1]}{0.0.0.0:40981}
2019-11-11 04:05:45,220 [main] INFO  server.Server (Server.java:doStart(419)) - Started @6605ms
2019-11-11 04:05:45,220 [main] WARN  impl.MetricsSystemImpl (MetricsSystemImpl.java:register(276)) - Sink prometheus already exists!
2019-11-11 04:05:45,221 [main] INFO  server.BaseHttpServer (BaseHttpServer.java:updateConnectorAddress(215)) - HTTP server of HDDSDATANODE is listening at http://0.0.0.0:40981
2019-11-11 04:05:45,223 [main] INFO  impl.MetricsSystemImpl (MetricsSystemImpl.java:init(158)) - HddsDatanode metrics system started (again)
2019-11-11 04:05:45,227 [main] INFO  ozone.HddsDatanodeService (HddsDatanodeService.java:start(186)) - HddsDatanodeService host:trunk-nightly-20191111-g5xpl-2663879777 ip:192.168.34.63
2019-11-11 04:05:45,228 [org.apache.hadoop.util.JvmPauseMonitor$Monitor@53a5a503] INFO  util.JvmPauseMonitor (JvmPauseMonitor.java:run(188)) - Starting JVM pause monitor
2019-11-11 04:05:45,239 [main] INFO  volume.HddsVolume (HddsVolume.java:<init>(176)) - Creating Volume: /workdir/hadoop-ozone/integration-test/target/test-dir/MiniOzoneClusterImpl-6985d1c7-7309-41e2-b49d-91e186e08ffa/datanode-1/data/containers/hdds of  storage type : DISK and capacity : 1482555576320
2019-11-11 04:05:45,240 [main] INFO  volume.VolumeSet (VolumeSet.java:initializeVolumeSet(170)) - Added Volume : /workdir/hadoop-ozone/integration-test/target/test-dir/MiniOzoneClusterImpl-6985d1c7-7309-41e2-b49d-91e186e08ffa/datanode-1/data/containers/hdds to VolumeSet
2019-11-11 04:05:45,240 [main] INFO  volume.ThrottledAsyncChecker (ThrottledAsyncChecker.java:schedule(141)) - Scheduling a check for /workdir/hadoop-ozone/integration-test/target/test-dir/MiniOzoneClusterImpl-6985d1c7-7309-41e2-b49d-91e186e08ffa/datanode-1/data/containers/hdds
2019-11-11 04:05:45,241 [main] INFO  volume.HddsVolumeChecker (HddsVolumeChecker.java:checkAllVolumes(204)) - Scheduled health check for volume /workdir/hadoop-ozone/integration-test/target/test-dir/MiniOzoneClusterImpl-6985d1c7-7309-41e2-b49d-91e186e08ffa/datanode-1/data/containers/hdds
2019-11-11 04:05:45,264 [main] INFO  impl.RaftServerProxy (ConfUtils.java:logGet(43)) - raft.rpc.type = GRPC (default)
2019-11-11 04:05:45,265 [main] INFO  grpc.GrpcFactory (GrpcFactory.java:checkPooledByteBufAllocatorUseCacheForAllThreads(45)) - PERFORMANCE WARNING: useCacheForAllThreads is true that may cause Netty to create a lot garbage objects and, as a result, trigger GC.
	It is recommended to disable useCacheForAllThreads by setting -Dorg.apache.ratis.thirdparty.io.netty.allocator.useCacheForAllThreads=false in command line.
2019-11-11 04:05:45,265 [main] INFO  grpc.GrpcConfigKeys$Server (ConfUtils.java:logGet(43)) - raft.grpc.server.port = 0 (default)
2019-11-11 04:05:45,265 [main] INFO  server.GrpcService (ConfUtils.java:logGet(43)) - raft.grpc.message.size.max = 33570816 (custom)
2019-11-11 04:05:45,266 [main] INFO  server.RaftServerConfigKeys (ConfUtils.java:logGet(43)) - raft.server.log.appender.buffer.byte-limit = 33554432 (custom)
2019-11-11 04:05:45,266 [main] INFO  server.GrpcService (ConfUtils.java:logGet(43)) - raft.grpc.flow.control.window = 1MB (=1048576) (default)
2019-11-11 04:05:45,266 [main] INFO  server.RaftServerConfigKeys (ConfUtils.java:logGet(43)) - raft.server.rpc.request.timeout = 3000ms (default)
2019-11-11 04:05:45,267 [main] INFO  server.RaftServerConfigKeys (ConfUtils.java:logGet(43)) - raft.server.storage.dir = [/workdir/hadoop-ozone/integration-test/target/test-dir/MiniOzoneClusterImpl-6985d1c7-7309-41e2-b49d-91e186e08ffa/datanode-1/data/ratis] (custom)
2019-11-11 04:05:45,270 [main] INFO  hdfs.DFSUtil (DFSUtil.java:httpServerTemplateForNNAndJN(1641)) - Starting Web-server for hddsDatanode at: http://0.0.0.0:0
2019-11-11 04:05:45,271 [main] INFO  server.AuthenticationFilter (AuthenticationFilter.java:constructSecretProvider(240)) - Unable to initialize FileSignerSecretProvider, falling back to use random secrets.
2019-11-11 04:05:45,272 [main] WARN  http.HttpRequestLog (HttpRequestLog.java:getRequestLog(97)) - Jetty request log can only be enabled using Log4j
2019-11-11 04:05:45,274 [main] INFO  http.HttpServer2 (HttpServer2.java:addGlobalFilter(975)) - Added global filter 'safety' (class=org.apache.hadoop.http.HttpServer2$QuotingInputFilter)
2019-11-11 04:05:45,275 [main] INFO  http.HttpServer2 (HttpServer2.java:addFilter(948)) - Added filter static_user_filter (class=org.apache.hadoop.http.lib.StaticUserWebFilter$StaticUserFilter) to context hddsDatanode
2019-11-11 04:05:45,275 [main] INFO  http.HttpServer2 (HttpServer2.java:addFilter(958)) - Added filter static_user_filter (class=org.apache.hadoop.http.lib.StaticUserWebFilter$StaticUserFilter) to context static
2019-11-11 04:05:45,275 [main] INFO  http.HttpServer2 (HttpServer2.java:addFilter(958)) - Added filter static_user_filter (class=org.apache.hadoop.http.lib.StaticUserWebFilter$StaticUserFilter) to context logs
2019-11-11 04:05:45,276 [main] INFO  http.HttpServer2 (HttpServer2.java:bindListener(1191)) - Jetty bound to port 44987
2019-11-11 04:05:45,276 [main] INFO  server.Server (Server.java:doStart(351)) - jetty-9.3.25.v20180904, build timestamp: 2018-09-04T21:11:46Z, git hash: 3ce520221d0240229c862b122d2b06c12a625732
2019-11-11 04:05:45,280 [main] INFO  handler.ContextHandler (ContextHandler.java:doStart(781)) - Started o.e.j.s.ServletContextHandler@1f7076bc{/logs,file:///workdir/hadoop-ozone/integration-test/target/log,AVAILABLE}
2019-11-11 04:05:45,280 [main] INFO  handler.ContextHandler (ContextHandler.java:doStart(781)) - Started o.e.j.s.ServletContextHandler@5b9396d3{/static,jar:file:/home/user/.m2/repository/org/apache/hadoop/hadoop-hdds-container-service/0.5.0-SNAPSHOT/hadoop-hdds-container-service-0.5.0-SNAPSHOT.jar!/webapps/static,AVAILABLE}
2019-11-11 04:05:45,316 [main] INFO  handler.ContextHandler (ContextHandler.java:doStart(781)) - Started o.e.j.w.WebAppContext@4047d2d9{/,file:///tmp/jetty-0.0.0.0-44987-hddsDatanode-_-any-4307340167276412576.dir/webapp/,AVAILABLE}{/hddsDatanode}
2019-11-11 04:05:45,317 [main] INFO  server.AbstractConnector (AbstractConnector.java:doStart(278)) - Started ServerConnector@48d293ee{HTTP/1.1,[http/1.1]}{0.0.0.0:44987}
2019-11-11 04:05:45,318 [main] INFO  server.Server (Server.java:doStart(419)) - Started @6703ms
2019-11-11 04:05:45,319 [main] WARN  impl.MetricsSystemImpl (MetricsSystemImpl.java:register(276)) - Sink prometheus already exists!
2019-11-11 04:05:45,320 [main] INFO  server.BaseHttpServer (BaseHttpServer.java:updateConnectorAddress(215)) - HTTP server of HDDSDATANODE is listening at http://0.0.0.0:44987
2019-11-11 04:05:45,320 [main] INFO  impl.MetricsSystemImpl (MetricsSystemImpl.java:init(158)) - HddsDatanode metrics system started (again)
2019-11-11 04:05:45,323 [org.apache.hadoop.util.JvmPauseMonitor$Monitor@d47510e] INFO  util.JvmPauseMonitor (JvmPauseMonitor.java:run(188)) - Starting JVM pause monitor
2019-11-11 04:05:45,323 [main] INFO  ozone.HddsDatanodeService (HddsDatanodeService.java:start(186)) - HddsDatanodeService host:trunk-nightly-20191111-g5xpl-2663879777 ip:192.168.34.63
2019-11-11 04:05:45,333 [main] INFO  volume.HddsVolume (HddsVolume.java:<init>(176)) - Creating Volume: /workdir/hadoop-ozone/integration-test/target/test-dir/MiniOzoneClusterImpl-6985d1c7-7309-41e2-b49d-91e186e08ffa/datanode-2/data/containers/hdds of  storage type : DISK and capacity : 1482555576320
2019-11-11 04:05:45,334 [main] INFO  volume.VolumeSet (VolumeSet.java:initializeVolumeSet(170)) - Added Volume : /workdir/hadoop-ozone/integration-test/target/test-dir/MiniOzoneClusterImpl-6985d1c7-7309-41e2-b49d-91e186e08ffa/datanode-2/data/containers/hdds to VolumeSet
2019-11-11 04:05:45,334 [main] INFO  volume.ThrottledAsyncChecker (ThrottledAsyncChecker.java:schedule(141)) - Scheduling a check for /workdir/hadoop-ozone/integration-test/target/test-dir/MiniOzoneClusterImpl-6985d1c7-7309-41e2-b49d-91e186e08ffa/datanode-2/data/containers/hdds
2019-11-11 04:05:45,334 [main] INFO  volume.HddsVolumeChecker (HddsVolumeChecker.java:checkAllVolumes(204)) - Scheduled health check for volume /workdir/hadoop-ozone/integration-test/target/test-dir/MiniOzoneClusterImpl-6985d1c7-7309-41e2-b49d-91e186e08ffa/datanode-2/data/containers/hdds
2019-11-11 04:05:45,346 [Datanode State Machine Thread - 0] INFO  datanode.InitDatanodeState (InitDatanodeState.java:persistContainerDatanodeDetails(140)) - DatanodeDetails is persisted to /workdir/hadoop-ozone/integration-test/target/test-dir/MiniOzoneClusterImpl-6985d1c7-7309-41e2-b49d-91e186e08ffa/datanode-0/meta/datanode.id
2019-11-11 04:05:45,350 [Datanode State Machine Thread - 0] INFO  datanode.InitDatanodeState (InitDatanodeState.java:persistContainerDatanodeDetails(140)) - DatanodeDetails is persisted to /workdir/hadoop-ozone/integration-test/target/test-dir/MiniOzoneClusterImpl-6985d1c7-7309-41e2-b49d-91e186e08ffa/datanode-1/meta/datanode.id
2019-11-11 04:05:45,351 [main] INFO  impl.RaftServerProxy (ConfUtils.java:logGet(43)) - raft.rpc.type = GRPC (default)
2019-11-11 04:05:45,352 [main] INFO  grpc.GrpcFactory (GrpcFactory.java:checkPooledByteBufAllocatorUseCacheForAllThreads(45)) - PERFORMANCE WARNING: useCacheForAllThreads is true that may cause Netty to create a lot garbage objects and, as a result, trigger GC.
	It is recommended to disable useCacheForAllThreads by setting -Dorg.apache.ratis.thirdparty.io.netty.allocator.useCacheForAllThreads=false in command line.
2019-11-11 04:05:45,352 [main] INFO  grpc.GrpcConfigKeys$Server (ConfUtils.java:logGet(43)) - raft.grpc.server.port = 0 (default)
2019-11-11 04:05:45,352 [main] INFO  server.GrpcService (ConfUtils.java:logGet(43)) - raft.grpc.message.size.max = 33570816 (custom)
2019-11-11 04:05:45,352 [main] INFO  server.RaftServerConfigKeys (ConfUtils.java:logGet(43)) - raft.server.log.appender.buffer.byte-limit = 33554432 (custom)
2019-11-11 04:05:45,353 [main] INFO  server.GrpcService (ConfUtils.java:logGet(43)) - raft.grpc.flow.control.window = 1MB (=1048576) (default)
2019-11-11 04:05:45,353 [main] INFO  server.RaftServerConfigKeys (ConfUtils.java:logGet(43)) - raft.server.rpc.request.timeout = 3000ms (default)
2019-11-11 04:05:45,353 [main] INFO  server.RaftServerConfigKeys (ConfUtils.java:logGet(43)) - raft.server.storage.dir = [/workdir/hadoop-ozone/integration-test/target/test-dir/MiniOzoneClusterImpl-6985d1c7-7309-41e2-b49d-91e186e08ffa/datanode-2/data/ratis] (custom)
2019-11-11 04:05:45,356 [main] INFO  hdfs.DFSUtil (DFSUtil.java:httpServerTemplateForNNAndJN(1641)) - Starting Web-server for hddsDatanode at: http://0.0.0.0:0
2019-11-11 04:05:45,357 [main] INFO  server.AuthenticationFilter (AuthenticationFilter.java:constructSecretProvider(240)) - Unable to initialize FileSignerSecretProvider, falling back to use random secrets.
2019-11-11 04:05:45,357 [main] WARN  http.HttpRequestLog (HttpRequestLog.java:getRequestLog(97)) - Jetty request log can only be enabled using Log4j
2019-11-11 04:05:45,359 [main] INFO  http.HttpServer2 (HttpServer2.java:addGlobalFilter(975)) - Added global filter 'safety' (class=org.apache.hadoop.http.HttpServer2$QuotingInputFilter)
2019-11-11 04:05:45,359 [main] INFO  http.HttpServer2 (HttpServer2.java:addFilter(948)) - Added filter static_user_filter (class=org.apache.hadoop.http.lib.StaticUserWebFilter$StaticUserFilter) to context hddsDatanode
2019-11-11 04:05:45,359 [main] INFO  http.HttpServer2 (HttpServer2.java:addFilter(958)) - Added filter static_user_filter (class=org.apache.hadoop.http.lib.StaticUserWebFilter$StaticUserFilter) to context static
2019-11-11 04:05:45,360 [main] INFO  http.HttpServer2 (HttpServer2.java:addFilter(958)) - Added filter static_user_filter (class=org.apache.hadoop.http.lib.StaticUserWebFilter$StaticUserFilter) to context logs
2019-11-11 04:05:45,360 [main] INFO  http.HttpServer2 (HttpServer2.java:bindListener(1191)) - Jetty bound to port 34797
2019-11-11 04:05:45,361 [main] INFO  server.Server (Server.java:doStart(351)) - jetty-9.3.25.v20180904, build timestamp: 2018-09-04T21:11:46Z, git hash: 3ce520221d0240229c862b122d2b06c12a625732
2019-11-11 04:05:45,362 [main] INFO  handler.ContextHandler (ContextHandler.java:doStart(781)) - Started o.e.j.s.ServletContextHandler@31ee2fdb{/logs,file:///workdir/hadoop-ozone/integration-test/target/log,AVAILABLE}
2019-11-11 04:05:45,363 [main] INFO  handler.ContextHandler (ContextHandler.java:doStart(781)) - Started o.e.j.s.ServletContextHandler@1effd53c{/static,jar:file:/home/user/.m2/repository/org/apache/hadoop/hadoop-hdds-container-service/0.5.0-SNAPSHOT/hadoop-hdds-container-service-0.5.0-SNAPSHOT.jar!/webapps/static,AVAILABLE}
2019-11-11 04:05:45,394 [main] INFO  handler.ContextHandler (ContextHandler.java:doStart(781)) - Started o.e.j.w.WebAppContext@60bbacfc{/,file:///tmp/jetty-0.0.0.0-34797-hddsDatanode-_-any-5079711093602702844.dir/webapp/,AVAILABLE}{/hddsDatanode}
2019-11-11 04:05:45,395 [main] INFO  server.AbstractConnector (AbstractConnector.java:doStart(278)) - Started ServerConnector@65b97f47{HTTP/1.1,[http/1.1]}{0.0.0.0:34797}
2019-11-11 04:05:45,397 [main] INFO  server.Server (Server.java:doStart(419)) - Started @6782ms
2019-11-11 04:05:45,397 [main] WARN  impl.MetricsSystemImpl (MetricsSystemImpl.java:register(276)) - Sink prometheus already exists!
2019-11-11 04:05:45,399 [main] INFO  server.BaseHttpServer (BaseHttpServer.java:updateConnectorAddress(215)) - HTTP server of HDDSDATANODE is listening at http://0.0.0.0:34797
2019-11-11 04:05:45,399 [main] INFO  impl.MetricsSystemImpl (MetricsSystemImpl.java:init(158)) - HddsDatanode metrics system started (again)
2019-11-11 04:05:45,403 [main] INFO  ozone.HddsDatanodeService (HddsDatanodeService.java:start(186)) - HddsDatanodeService host:trunk-nightly-20191111-g5xpl-2663879777 ip:192.168.34.63
2019-11-11 04:05:45,403 [org.apache.hadoop.util.JvmPauseMonitor$Monitor@171b9faf] INFO  util.JvmPauseMonitor (JvmPauseMonitor.java:run(188)) - Starting JVM pause monitor
2019-11-11 04:05:45,409 [Datanode State Machine Thread - 0] INFO  datanode.InitDatanodeState (InitDatanodeState.java:persistContainerDatanodeDetails(140)) - DatanodeDetails is persisted to /workdir/hadoop-ozone/integration-test/target/test-dir/MiniOzoneClusterImpl-6985d1c7-7309-41e2-b49d-91e186e08ffa/datanode-2/meta/datanode.id
2019-11-11 04:05:45,412 [main] INFO  volume.HddsVolume (HddsVolume.java:<init>(176)) - Creating Volume: /workdir/hadoop-ozone/integration-test/target/test-dir/MiniOzoneClusterImpl-6985d1c7-7309-41e2-b49d-91e186e08ffa/datanode-3/data/containers/hdds of  storage type : DISK and capacity : 1482555576320
2019-11-11 04:05:45,413 [main] INFO  volume.VolumeSet (VolumeSet.java:initializeVolumeSet(170)) - Added Volume : /workdir/hadoop-ozone/integration-test/target/test-dir/MiniOzoneClusterImpl-6985d1c7-7309-41e2-b49d-91e186e08ffa/datanode-3/data/containers/hdds to VolumeSet
2019-11-11 04:05:45,413 [main] INFO  volume.ThrottledAsyncChecker (ThrottledAsyncChecker.java:schedule(141)) - Scheduling a check for /workdir/hadoop-ozone/integration-test/target/test-dir/MiniOzoneClusterImpl-6985d1c7-7309-41e2-b49d-91e186e08ffa/datanode-3/data/containers/hdds
2019-11-11 04:05:45,414 [main] INFO  volume.HddsVolumeChecker (HddsVolumeChecker.java:checkAllVolumes(204)) - Scheduled health check for volume /workdir/hadoop-ozone/integration-test/target/test-dir/MiniOzoneClusterImpl-6985d1c7-7309-41e2-b49d-91e186e08ffa/datanode-3/data/containers/hdds
2019-11-11 04:05:45,428 [main] INFO  impl.RaftServerProxy (ConfUtils.java:logGet(43)) - raft.rpc.type = GRPC (default)
2019-11-11 04:05:45,428 [main] INFO  grpc.GrpcFactory (GrpcFactory.java:checkPooledByteBufAllocatorUseCacheForAllThreads(45)) - PERFORMANCE WARNING: useCacheForAllThreads is true that may cause Netty to create a lot garbage objects and, as a result, trigger GC.
	It is recommended to disable useCacheForAllThreads by setting -Dorg.apache.ratis.thirdparty.io.netty.allocator.useCacheForAllThreads=false in command line.
2019-11-11 04:05:45,428 [main] INFO  grpc.GrpcConfigKeys$Server (ConfUtils.java:logGet(43)) - raft.grpc.server.port = 0 (default)
2019-11-11 04:05:45,429 [main] INFO  server.GrpcService (ConfUtils.java:logGet(43)) - raft.grpc.message.size.max = 33570816 (custom)
2019-11-11 04:05:45,429 [main] INFO  server.RaftServerConfigKeys (ConfUtils.java:logGet(43)) - raft.server.log.appender.buffer.byte-limit = 33554432 (custom)
2019-11-11 04:05:45,429 [main] INFO  server.GrpcService (ConfUtils.java:logGet(43)) - raft.grpc.flow.control.window = 1MB (=1048576) (default)
2019-11-11 04:05:45,429 [main] INFO  server.RaftServerConfigKeys (ConfUtils.java:logGet(43)) - raft.server.rpc.request.timeout = 3000ms (default)
2019-11-11 04:05:45,431 [main] INFO  server.RaftServerConfigKeys (ConfUtils.java:logGet(43)) - raft.server.storage.dir = [/workdir/hadoop-ozone/integration-test/target/test-dir/MiniOzoneClusterImpl-6985d1c7-7309-41e2-b49d-91e186e08ffa/datanode-3/data/ratis] (custom)
2019-11-11 04:05:45,433 [main] INFO  hdfs.DFSUtil (DFSUtil.java:httpServerTemplateForNNAndJN(1641)) - Starting Web-server for hddsDatanode at: http://0.0.0.0:0
2019-11-11 04:05:45,435 [main] INFO  server.AuthenticationFilter (AuthenticationFilter.java:constructSecretProvider(240)) - Unable to initialize FileSignerSecretProvider, falling back to use random secrets.
2019-11-11 04:05:45,435 [main] WARN  http.HttpRequestLog (HttpRequestLog.java:getRequestLog(97)) - Jetty request log can only be enabled using Log4j
2019-11-11 04:05:45,436 [main] INFO  http.HttpServer2 (HttpServer2.java:addGlobalFilter(975)) - Added global filter 'safety' (class=org.apache.hadoop.http.HttpServer2$QuotingInputFilter)
2019-11-11 04:05:45,437 [main] INFO  http.HttpServer2 (HttpServer2.java:addFilter(948)) - Added filter static_user_filter (class=org.apache.hadoop.http.lib.StaticUserWebFilter$StaticUserFilter) to context hddsDatanode
2019-11-11 04:05:45,437 [main] INFO  http.HttpServer2 (HttpServer2.java:addFilter(958)) - Added filter static_user_filter (class=org.apache.hadoop.http.lib.StaticUserWebFilter$StaticUserFilter) to context logs
2019-11-11 04:05:45,437 [main] INFO  http.HttpServer2 (HttpServer2.java:addFilter(958)) - Added filter static_user_filter (class=org.apache.hadoop.http.lib.StaticUserWebFilter$StaticUserFilter) to context static
2019-11-11 04:05:45,438 [main] INFO  http.HttpServer2 (HttpServer2.java:bindListener(1191)) - Jetty bound to port 40273
2019-11-11 04:05:45,438 [main] INFO  server.Server (Server.java:doStart(351)) - jetty-9.3.25.v20180904, build timestamp: 2018-09-04T21:11:46Z, git hash: 3ce520221d0240229c862b122d2b06c12a625732
2019-11-11 04:05:45,442 [main] INFO  handler.ContextHandler (ContextHandler.java:doStart(781)) - Started o.e.j.s.ServletContextHandler@6dfa915a{/logs,file:///workdir/hadoop-ozone/integration-test/target/log,AVAILABLE}
2019-11-11 04:05:45,442 [main] INFO  handler.ContextHandler (ContextHandler.java:doStart(781)) - Started o.e.j.s.ServletContextHandler@cb7fa71{/static,jar:file:/home/user/.m2/repository/org/apache/hadoop/hadoop-hdds-container-service/0.5.0-SNAPSHOT/hadoop-hdds-container-service-0.5.0-SNAPSHOT.jar!/webapps/static,AVAILABLE}
2019-11-11 04:05:45,472 [main] INFO  handler.ContextHandler (ContextHandler.java:doStart(781)) - Started o.e.j.w.WebAppContext@4d41ba0f{/,file:///tmp/jetty-0.0.0.0-40273-hddsDatanode-_-any-6777236924788281080.dir/webapp/,AVAILABLE}{/hddsDatanode}
2019-11-11 04:05:45,472 [main] INFO  server.AbstractConnector (AbstractConnector.java:doStart(278)) - Started ServerConnector@3c87e6b7{HTTP/1.1,[http/1.1]}{0.0.0.0:40273}
2019-11-11 04:05:45,474 [main] INFO  server.Server (Server.java:doStart(419)) - Started @6858ms
2019-11-11 04:05:45,474 [main] WARN  impl.MetricsSystemImpl (MetricsSystemImpl.java:register(276)) - Sink prometheus already exists!
2019-11-11 04:05:45,475 [main] INFO  server.BaseHttpServer (BaseHttpServer.java:updateConnectorAddress(215)) - HTTP server of HDDSDATANODE is listening at http://0.0.0.0:40273
2019-11-11 04:05:45,476 [main] INFO  impl.MetricsSystemImpl (MetricsSystemImpl.java:init(158)) - HddsDatanode metrics system started (again)
2019-11-11 04:05:45,479 [main] INFO  ozone.HddsDatanodeService (HddsDatanodeService.java:start(186)) - HddsDatanodeService host:trunk-nightly-20191111-g5xpl-2663879777 ip:192.168.34.63
2019-11-11 04:05:45,479 [org.apache.hadoop.util.JvmPauseMonitor$Monitor@1b6444b1] INFO  util.JvmPauseMonitor (JvmPauseMonitor.java:run(188)) - Starting JVM pause monitor
2019-11-11 04:05:45,483 [Datanode State Machine Thread - 0] INFO  datanode.InitDatanodeState (InitDatanodeState.java:persistContainerDatanodeDetails(140)) - DatanodeDetails is persisted to /workdir/hadoop-ozone/integration-test/target/test-dir/MiniOzoneClusterImpl-6985d1c7-7309-41e2-b49d-91e186e08ffa/datanode-3/meta/datanode.id
2019-11-11 04:05:45,489 [main] INFO  volume.HddsVolume (HddsVolume.java:<init>(176)) - Creating Volume: /workdir/hadoop-ozone/integration-test/target/test-dir/MiniOzoneClusterImpl-6985d1c7-7309-41e2-b49d-91e186e08ffa/datanode-4/data/containers/hdds of  storage type : DISK and capacity : 1482555576320
2019-11-11 04:05:45,490 [main] INFO  volume.VolumeSet (VolumeSet.java:initializeVolumeSet(170)) - Added Volume : /workdir/hadoop-ozone/integration-test/target/test-dir/MiniOzoneClusterImpl-6985d1c7-7309-41e2-b49d-91e186e08ffa/datanode-4/data/containers/hdds to VolumeSet
2019-11-11 04:05:45,490 [main] INFO  volume.ThrottledAsyncChecker (ThrottledAsyncChecker.java:schedule(141)) - Scheduling a check for /workdir/hadoop-ozone/integration-test/target/test-dir/MiniOzoneClusterImpl-6985d1c7-7309-41e2-b49d-91e186e08ffa/datanode-4/data/containers/hdds
2019-11-11 04:05:45,490 [main] INFO  volume.HddsVolumeChecker (HddsVolumeChecker.java:checkAllVolumes(204)) - Scheduled health check for volume /workdir/hadoop-ozone/integration-test/target/test-dir/MiniOzoneClusterImpl-6985d1c7-7309-41e2-b49d-91e186e08ffa/datanode-4/data/containers/hdds
2019-11-11 04:05:45,503 [main] INFO  impl.RaftServerProxy (ConfUtils.java:logGet(43)) - raft.rpc.type = GRPC (default)
2019-11-11 04:05:45,503 [main] INFO  grpc.GrpcFactory (GrpcFactory.java:checkPooledByteBufAllocatorUseCacheForAllThreads(45)) - PERFORMANCE WARNING: useCacheForAllThreads is true that may cause Netty to create a lot garbage objects and, as a result, trigger GC.
	It is recommended to disable useCacheForAllThreads by setting -Dorg.apache.ratis.thirdparty.io.netty.allocator.useCacheForAllThreads=false in command line.
2019-11-11 04:05:45,503 [main] INFO  grpc.GrpcConfigKeys$Server (ConfUtils.java:logGet(43)) - raft.grpc.server.port = 0 (default)
2019-11-11 04:05:45,503 [main] INFO  server.GrpcService (ConfUtils.java:logGet(43)) - raft.grpc.message.size.max = 33570816 (custom)
2019-11-11 04:05:45,504 [main] INFO  server.RaftServerConfigKeys (ConfUtils.java:logGet(43)) - raft.server.log.appender.buffer.byte-limit = 33554432 (custom)
2019-11-11 04:05:45,504 [main] INFO  server.GrpcService (ConfUtils.java:logGet(43)) - raft.grpc.flow.control.window = 1MB (=1048576) (default)
2019-11-11 04:05:45,504 [main] INFO  server.RaftServerConfigKeys (ConfUtils.java:logGet(43)) - raft.server.rpc.request.timeout = 3000ms (default)
2019-11-11 04:05:45,504 [main] INFO  server.RaftServerConfigKeys (ConfUtils.java:logGet(43)) - raft.server.storage.dir = [/workdir/hadoop-ozone/integration-test/target/test-dir/MiniOzoneClusterImpl-6985d1c7-7309-41e2-b49d-91e186e08ffa/datanode-4/data/ratis] (custom)
2019-11-11 04:05:45,506 [main] INFO  hdfs.DFSUtil (DFSUtil.java:httpServerTemplateForNNAndJN(1641)) - Starting Web-server for hddsDatanode at: http://0.0.0.0:0
2019-11-11 04:05:45,507 [main] INFO  server.AuthenticationFilter (AuthenticationFilter.java:constructSecretProvider(240)) - Unable to initialize FileSignerSecretProvider, falling back to use random secrets.
2019-11-11 04:05:45,508 [main] WARN  http.HttpRequestLog (HttpRequestLog.java:getRequestLog(97)) - Jetty request log can only be enabled using Log4j
2019-11-11 04:05:45,509 [main] INFO  http.HttpServer2 (HttpServer2.java:addGlobalFilter(975)) - Added global filter 'safety' (class=org.apache.hadoop.http.HttpServer2$QuotingInputFilter)
2019-11-11 04:05:45,510 [main] INFO  http.HttpServer2 (HttpServer2.java:addFilter(948)) - Added filter static_user_filter (class=org.apache.hadoop.http.lib.StaticUserWebFilter$StaticUserFilter) to context hddsDatanode
2019-11-11 04:05:45,510 [main] INFO  http.HttpServer2 (HttpServer2.java:addFilter(958)) - Added filter static_user_filter (class=org.apache.hadoop.http.lib.StaticUserWebFilter$StaticUserFilter) to context static
2019-11-11 04:05:45,510 [main] INFO  http.HttpServer2 (HttpServer2.java:addFilter(958)) - Added filter static_user_filter (class=org.apache.hadoop.http.lib.StaticUserWebFilter$StaticUserFilter) to context logs
2019-11-11 04:05:45,511 [main] INFO  http.HttpServer2 (HttpServer2.java:bindListener(1191)) - Jetty bound to port 45415
2019-11-11 04:05:45,511 [main] INFO  server.Server (Server.java:doStart(351)) - jetty-9.3.25.v20180904, build timestamp: 2018-09-04T21:11:46Z, git hash: 3ce520221d0240229c862b122d2b06c12a625732
2019-11-11 04:05:45,513 [main] INFO  handler.ContextHandler (ContextHandler.java:doStart(781)) - Started o.e.j.s.ServletContextHandler@6c3659be{/logs,file:///workdir/hadoop-ozone/integration-test/target/log,AVAILABLE}
2019-11-11 04:05:45,513 [main] INFO  handler.ContextHandler (ContextHandler.java:doStart(781)) - Started o.e.j.s.ServletContextHandler@2aff9dff{/static,jar:file:/home/user/.m2/repository/org/apache/hadoop/hadoop-hdds-container-service/0.5.0-SNAPSHOT/hadoop-hdds-container-service-0.5.0-SNAPSHOT.jar!/webapps/static,AVAILABLE}
2019-11-11 04:05:45,542 [main] INFO  handler.ContextHandler (ContextHandler.java:doStart(781)) - Started o.e.j.w.WebAppContext@733aa9d8{/,file:///tmp/jetty-0.0.0.0-45415-hddsDatanode-_-any-2174805470989541679.dir/webapp/,AVAILABLE}{/hddsDatanode}
2019-11-11 04:05:45,543 [main] INFO  server.AbstractConnector (AbstractConnector.java:doStart(278)) - Started ServerConnector@6dcc40f5{HTTP/1.1,[http/1.1]}{0.0.0.0:45415}
2019-11-11 04:05:45,543 [main] INFO  server.Server (Server.java:doStart(419)) - Started @6928ms
2019-11-11 04:05:45,544 [main] WARN  impl.MetricsSystemImpl (MetricsSystemImpl.java:register(276)) - Sink prometheus already exists!
2019-11-11 04:05:45,544 [main] INFO  server.BaseHttpServer (BaseHttpServer.java:updateConnectorAddress(215)) - HTTP server of HDDSDATANODE is listening at http://0.0.0.0:45415
2019-11-11 04:05:45,545 [main] INFO  impl.MetricsSystemImpl (MetricsSystemImpl.java:init(158)) - HddsDatanode metrics system started (again)
2019-11-11 04:05:45,548 [main] INFO  ozone.HddsDatanodeService (HddsDatanodeService.java:start(186)) - HddsDatanodeService host:trunk-nightly-20191111-g5xpl-2663879777 ip:192.168.34.63
2019-11-11 04:05:45,548 [org.apache.hadoop.util.JvmPauseMonitor$Monitor@2718ae5f] INFO  util.JvmPauseMonitor (JvmPauseMonitor.java:run(188)) - Starting JVM pause monitor
2019-11-11 04:05:45,552 [Datanode State Machine Thread - 0] INFO  datanode.InitDatanodeState (InitDatanodeState.java:persistContainerDatanodeDetails(140)) - DatanodeDetails is persisted to /workdir/hadoop-ozone/integration-test/target/test-dir/MiniOzoneClusterImpl-6985d1c7-7309-41e2-b49d-91e186e08ffa/datanode-4/meta/datanode.id
2019-11-11 04:05:45,560 [main] INFO  volume.HddsVolume (HddsVolume.java:<init>(176)) - Creating Volume: /workdir/hadoop-ozone/integration-test/target/test-dir/MiniOzoneClusterImpl-6985d1c7-7309-41e2-b49d-91e186e08ffa/datanode-5/data/containers/hdds of  storage type : DISK and capacity : 1482555576320
2019-11-11 04:05:45,561 [main] INFO  volume.VolumeSet (VolumeSet.java:initializeVolumeSet(170)) - Added Volume : /workdir/hadoop-ozone/integration-test/target/test-dir/MiniOzoneClusterImpl-6985d1c7-7309-41e2-b49d-91e186e08ffa/datanode-5/data/containers/hdds to VolumeSet
2019-11-11 04:05:45,561 [main] INFO  volume.ThrottledAsyncChecker (ThrottledAsyncChecker.java:schedule(141)) - Scheduling a check for /workdir/hadoop-ozone/integration-test/target/test-dir/MiniOzoneClusterImpl-6985d1c7-7309-41e2-b49d-91e186e08ffa/datanode-5/data/containers/hdds
2019-11-11 04:05:45,561 [main] INFO  volume.HddsVolumeChecker (HddsVolumeChecker.java:checkAllVolumes(204)) - Scheduled health check for volume /workdir/hadoop-ozone/integration-test/target/test-dir/MiniOzoneClusterImpl-6985d1c7-7309-41e2-b49d-91e186e08ffa/datanode-5/data/containers/hdds
2019-11-11 04:05:45,576 [main] INFO  impl.RaftServerProxy (ConfUtils.java:logGet(43)) - raft.rpc.type = GRPC (default)
2019-11-11 04:05:45,576 [main] INFO  grpc.GrpcFactory (GrpcFactory.java:checkPooledByteBufAllocatorUseCacheForAllThreads(45)) - PERFORMANCE WARNING: useCacheForAllThreads is true that may cause Netty to create a lot garbage objects and, as a result, trigger GC.
	It is recommended to disable useCacheForAllThreads by setting -Dorg.apache.ratis.thirdparty.io.netty.allocator.useCacheForAllThreads=false in command line.
2019-11-11 04:05:45,576 [main] INFO  grpc.GrpcConfigKeys$Server (ConfUtils.java:logGet(43)) - raft.grpc.server.port = 0 (default)
2019-11-11 04:05:45,576 [main] INFO  server.GrpcService (ConfUtils.java:logGet(43)) - raft.grpc.message.size.max = 33570816 (custom)
2019-11-11 04:05:45,577 [main] INFO  server.RaftServerConfigKeys (ConfUtils.java:logGet(43)) - raft.server.log.appender.buffer.byte-limit = 33554432 (custom)
2019-11-11 04:05:45,577 [main] INFO  server.GrpcService (ConfUtils.java:logGet(43)) - raft.grpc.flow.control.window = 1MB (=1048576) (default)
2019-11-11 04:05:45,577 [main] INFO  server.RaftServerConfigKeys (ConfUtils.java:logGet(43)) - raft.server.rpc.request.timeout = 3000ms (default)
2019-11-11 04:05:45,578 [main] INFO  server.RaftServerConfigKeys (ConfUtils.java:logGet(43)) - raft.server.storage.dir = [/workdir/hadoop-ozone/integration-test/target/test-dir/MiniOzoneClusterImpl-6985d1c7-7309-41e2-b49d-91e186e08ffa/datanode-5/data/ratis] (custom)
2019-11-11 04:05:45,579 [main] INFO  hdfs.DFSUtil (DFSUtil.java:httpServerTemplateForNNAndJN(1641)) - Starting Web-server for hddsDatanode at: http://0.0.0.0:0
2019-11-11 04:05:45,581 [main] INFO  server.AuthenticationFilter (AuthenticationFilter.java:constructSecretProvider(240)) - Unable to initialize FileSignerSecretProvider, falling back to use random secrets.
2019-11-11 04:05:45,581 [main] WARN  http.HttpRequestLog (HttpRequestLog.java:getRequestLog(97)) - Jetty request log can only be enabled using Log4j
2019-11-11 04:05:45,582 [main] INFO  http.HttpServer2 (HttpServer2.java:addGlobalFilter(975)) - Added global filter 'safety' (class=org.apache.hadoop.http.HttpServer2$QuotingInputFilter)
2019-11-11 04:05:45,583 [main] INFO  http.HttpServer2 (HttpServer2.java:addFilter(948)) - Added filter static_user_filter (class=org.apache.hadoop.http.lib.StaticUserWebFilter$StaticUserFilter) to context hddsDatanode
2019-11-11 04:05:45,583 [main] INFO  http.HttpServer2 (HttpServer2.java:addFilter(958)) - Added filter static_user_filter (class=org.apache.hadoop.http.lib.StaticUserWebFilter$StaticUserFilter) to context logs
2019-11-11 04:05:45,583 [main] INFO  http.HttpServer2 (HttpServer2.java:addFilter(958)) - Added filter static_user_filter (class=org.apache.hadoop.http.lib.StaticUserWebFilter$StaticUserFilter) to context static
2019-11-11 04:05:45,584 [main] INFO  http.HttpServer2 (HttpServer2.java:bindListener(1191)) - Jetty bound to port 43034
2019-11-11 04:05:45,584 [main] INFO  server.Server (Server.java:doStart(351)) - jetty-9.3.25.v20180904, build timestamp: 2018-09-04T21:11:46Z, git hash: 3ce520221d0240229c862b122d2b06c12a625732
2019-11-11 04:05:45,586 [main] INFO  handler.ContextHandler (ContextHandler.java:doStart(781)) - Started o.e.j.s.ServletContextHandler@7efb53af{/logs,file:///workdir/hadoop-ozone/integration-test/target/log,AVAILABLE}
2019-11-11 04:05:45,586 [main] INFO  handler.ContextHandler (ContextHandler.java:doStart(781)) - Started o.e.j.s.ServletContextHandler@3dfa819{/static,jar:file:/home/user/.m2/repository/org/apache/hadoop/hadoop-hdds-container-service/0.5.0-SNAPSHOT/hadoop-hdds-container-service-0.5.0-SNAPSHOT.jar!/webapps/static,AVAILABLE}
2019-11-11 04:05:45,616 [main] INFO  handler.ContextHandler (ContextHandler.java:doStart(781)) - Started o.e.j.w.WebAppContext@4e1a46fb{/,file:///tmp/jetty-0.0.0.0-43034-hddsDatanode-_-any-390465348891287158.dir/webapp/,AVAILABLE}{/hddsDatanode}
2019-11-11 04:05:45,616 [main] INFO  server.AbstractConnector (AbstractConnector.java:doStart(278)) - Started ServerConnector@69fe0ed4{HTTP/1.1,[http/1.1]}{0.0.0.0:43034}
2019-11-11 04:05:45,617 [main] INFO  server.Server (Server.java:doStart(419)) - Started @7002ms
2019-11-11 04:05:45,617 [main] WARN  impl.MetricsSystemImpl (MetricsSystemImpl.java:register(276)) - Sink prometheus already exists!
2019-11-11 04:05:45,618 [main] INFO  server.BaseHttpServer (BaseHttpServer.java:updateConnectorAddress(215)) - HTTP server of HDDSDATANODE is listening at http://0.0.0.0:43034
2019-11-11 04:05:45,618 [main] INFO  impl.MetricsSystemImpl (MetricsSystemImpl.java:init(158)) - HddsDatanode metrics system started (again)
2019-11-11 04:05:45,622 [main] INFO  ozone.HddsDatanodeService (HddsDatanodeService.java:start(186)) - HddsDatanodeService host:trunk-nightly-20191111-g5xpl-2663879777 ip:192.168.34.63
2019-11-11 04:05:45,622 [org.apache.hadoop.util.JvmPauseMonitor$Monitor@17d9f8fe] INFO  util.JvmPauseMonitor (JvmPauseMonitor.java:run(188)) - Starting JVM pause monitor
2019-11-11 04:05:45,626 [Datanode State Machine Thread - 0] INFO  datanode.InitDatanodeState (InitDatanodeState.java:persistContainerDatanodeDetails(140)) - DatanodeDetails is persisted to /workdir/hadoop-ozone/integration-test/target/test-dir/MiniOzoneClusterImpl-6985d1c7-7309-41e2-b49d-91e186e08ffa/datanode-5/meta/datanode.id
2019-11-11 04:05:45,630 [main] INFO  volume.HddsVolume (HddsVolume.java:<init>(176)) - Creating Volume: /workdir/hadoop-ozone/integration-test/target/test-dir/MiniOzoneClusterImpl-6985d1c7-7309-41e2-b49d-91e186e08ffa/datanode-6/data/containers/hdds of  storage type : DISK and capacity : 1482555576320
2019-11-11 04:05:45,630 [main] INFO  volume.VolumeSet (VolumeSet.java:initializeVolumeSet(170)) - Added Volume : /workdir/hadoop-ozone/integration-test/target/test-dir/MiniOzoneClusterImpl-6985d1c7-7309-41e2-b49d-91e186e08ffa/datanode-6/data/containers/hdds to VolumeSet
2019-11-11 04:05:45,631 [main] INFO  volume.ThrottledAsyncChecker (ThrottledAsyncChecker.java:schedule(141)) - Scheduling a check for /workdir/hadoop-ozone/integration-test/target/test-dir/MiniOzoneClusterImpl-6985d1c7-7309-41e2-b49d-91e186e08ffa/datanode-6/data/containers/hdds
2019-11-11 04:05:45,631 [main] INFO  volume.HddsVolumeChecker (HddsVolumeChecker.java:checkAllVolumes(204)) - Scheduled health check for volume /workdir/hadoop-ozone/integration-test/target/test-dir/MiniOzoneClusterImpl-6985d1c7-7309-41e2-b49d-91e186e08ffa/datanode-6/data/containers/hdds
2019-11-11 04:05:45,645 [main] INFO  impl.RaftServerProxy (ConfUtils.java:logGet(43)) - raft.rpc.type = GRPC (default)
2019-11-11 04:05:45,645 [main] INFO  grpc.GrpcFactory (GrpcFactory.java:checkPooledByteBufAllocatorUseCacheForAllThreads(45)) - PERFORMANCE WARNING: useCacheForAllThreads is true that may cause Netty to create a lot garbage objects and, as a result, trigger GC.
	It is recommended to disable useCacheForAllThreads by setting -Dorg.apache.ratis.thirdparty.io.netty.allocator.useCacheForAllThreads=false in command line.
2019-11-11 04:05:45,645 [main] INFO  grpc.GrpcConfigKeys$Server (ConfUtils.java:logGet(43)) - raft.grpc.server.port = 0 (default)
2019-11-11 04:05:45,646 [main] INFO  server.GrpcService (ConfUtils.java:logGet(43)) - raft.grpc.message.size.max = 33570816 (custom)
2019-11-11 04:05:45,646 [main] INFO  server.RaftServerConfigKeys (ConfUtils.java:logGet(43)) - raft.server.log.appender.buffer.byte-limit = 33554432 (custom)
2019-11-11 04:05:45,646 [main] INFO  server.GrpcService (ConfUtils.java:logGet(43)) - raft.grpc.flow.control.window = 1MB (=1048576) (default)
2019-11-11 04:05:45,646 [main] INFO  server.RaftServerConfigKeys (ConfUtils.java:logGet(43)) - raft.server.rpc.request.timeout = 3000ms (default)
2019-11-11 04:05:45,647 [main] INFO  server.RaftServerConfigKeys (ConfUtils.java:logGet(43)) - raft.server.storage.dir = [/workdir/hadoop-ozone/integration-test/target/test-dir/MiniOzoneClusterImpl-6985d1c7-7309-41e2-b49d-91e186e08ffa/datanode-6/data/ratis] (custom)
2019-11-11 04:05:45,648 [main] INFO  hdfs.DFSUtil (DFSUtil.java:httpServerTemplateForNNAndJN(1641)) - Starting Web-server for hddsDatanode at: http://0.0.0.0:0
2019-11-11 04:05:45,650 [main] INFO  server.AuthenticationFilter (AuthenticationFilter.java:constructSecretProvider(240)) - Unable to initialize FileSignerSecretProvider, falling back to use random secrets.
2019-11-11 04:05:45,650 [main] WARN  http.HttpRequestLog (HttpRequestLog.java:getRequestLog(97)) - Jetty request log can only be enabled using Log4j
2019-11-11 04:05:45,651 [main] INFO  http.HttpServer2 (HttpServer2.java:addGlobalFilter(975)) - Added global filter 'safety' (class=org.apache.hadoop.http.HttpServer2$QuotingInputFilter)
2019-11-11 04:05:45,652 [main] INFO  http.HttpServer2 (HttpServer2.java:addFilter(948)) - Added filter static_user_filter (class=org.apache.hadoop.http.lib.StaticUserWebFilter$StaticUserFilter) to context hddsDatanode
2019-11-11 04:05:45,652 [main] INFO  http.HttpServer2 (HttpServer2.java:addFilter(958)) - Added filter static_user_filter (class=org.apache.hadoop.http.lib.StaticUserWebFilter$StaticUserFilter) to context logs
2019-11-11 04:05:45,652 [main] INFO  http.HttpServer2 (HttpServer2.java:addFilter(958)) - Added filter static_user_filter (class=org.apache.hadoop.http.lib.StaticUserWebFilter$StaticUserFilter) to context static
2019-11-11 04:05:45,653 [main] INFO  http.HttpServer2 (HttpServer2.java:bindListener(1191)) - Jetty bound to port 39947
2019-11-11 04:05:45,653 [main] INFO  server.Server (Server.java:doStart(351)) - jetty-9.3.25.v20180904, build timestamp: 2018-09-04T21:11:46Z, git hash: 3ce520221d0240229c862b122d2b06c12a625732
2019-11-11 04:05:45,655 [main] INFO  handler.ContextHandler (ContextHandler.java:doStart(781)) - Started o.e.j.s.ServletContextHandler@5d2828c9{/logs,file:///workdir/hadoop-ozone/integration-test/target/log,AVAILABLE}
2019-11-11 04:05:45,656 [main] INFO  handler.ContextHandler (ContextHandler.java:doStart(781)) - Started o.e.j.s.ServletContextHandler@45acdd11{/static,jar:file:/home/user/.m2/repository/org/apache/hadoop/hadoop-hdds-container-service/0.5.0-SNAPSHOT/hadoop-hdds-container-service-0.5.0-SNAPSHOT.jar!/webapps/static,AVAILABLE}
2019-11-11 04:05:45,685 [main] INFO  handler.ContextHandler (ContextHandler.java:doStart(781)) - Started o.e.j.w.WebAppContext@250a500b{/,file:///tmp/jetty-0.0.0.0-39947-hddsDatanode-_-any-3303109889441551184.dir/webapp/,AVAILABLE}{/hddsDatanode}
2019-11-11 04:05:45,686 [main] INFO  server.AbstractConnector (AbstractConnector.java:doStart(278)) - Started ServerConnector@75d982d3{HTTP/1.1,[http/1.1]}{0.0.0.0:39947}
2019-11-11 04:05:45,686 [main] INFO  server.Server (Server.java:doStart(419)) - Started @7071ms
2019-11-11 04:05:45,687 [main] WARN  impl.MetricsSystemImpl (MetricsSystemImpl.java:register(276)) - Sink prometheus already exists!
2019-11-11 04:05:45,687 [main] INFO  server.BaseHttpServer (BaseHttpServer.java:updateConnectorAddress(215)) - HTTP server of HDDSDATANODE is listening at http://0.0.0.0:39947
2019-11-11 04:05:45,688 [main] INFO  impl.MetricsSystemImpl (MetricsSystemImpl.java:init(158)) - HddsDatanode metrics system started (again)
2019-11-11 04:05:45,692 [main] INFO  ozone.HddsDatanodeService (HddsDatanodeService.java:start(186)) - HddsDatanodeService host:trunk-nightly-20191111-g5xpl-2663879777 ip:192.168.34.63
2019-11-11 04:05:45,692 [org.apache.hadoop.util.JvmPauseMonitor$Monitor@16943530] INFO  util.JvmPauseMonitor (JvmPauseMonitor.java:run(188)) - Starting JVM pause monitor
2019-11-11 04:05:45,695 [Datanode State Machine Thread - 0] INFO  datanode.InitDatanodeState (InitDatanodeState.java:persistContainerDatanodeDetails(140)) - DatanodeDetails is persisted to /workdir/hadoop-ozone/integration-test/target/test-dir/MiniOzoneClusterImpl-6985d1c7-7309-41e2-b49d-91e186e08ffa/datanode-6/meta/datanode.id
2019-11-11 04:05:45,700 [main] INFO  volume.HddsVolume (HddsVolume.java:<init>(176)) - Creating Volume: /workdir/hadoop-ozone/integration-test/target/test-dir/MiniOzoneClusterImpl-6985d1c7-7309-41e2-b49d-91e186e08ffa/datanode-7/data/containers/hdds of  storage type : DISK and capacity : 1482555576320
2019-11-11 04:05:45,700 [main] INFO  volume.VolumeSet (VolumeSet.java:initializeVolumeSet(170)) - Added Volume : /workdir/hadoop-ozone/integration-test/target/test-dir/MiniOzoneClusterImpl-6985d1c7-7309-41e2-b49d-91e186e08ffa/datanode-7/data/containers/hdds to VolumeSet
2019-11-11 04:05:45,700 [main] INFO  volume.ThrottledAsyncChecker (ThrottledAsyncChecker.java:schedule(141)) - Scheduling a check for /workdir/hadoop-ozone/integration-test/target/test-dir/MiniOzoneClusterImpl-6985d1c7-7309-41e2-b49d-91e186e08ffa/datanode-7/data/containers/hdds
2019-11-11 04:05:45,701 [main] INFO  volume.HddsVolumeChecker (HddsVolumeChecker.java:checkAllVolumes(204)) - Scheduled health check for volume /workdir/hadoop-ozone/integration-test/target/test-dir/MiniOzoneClusterImpl-6985d1c7-7309-41e2-b49d-91e186e08ffa/datanode-7/data/containers/hdds
2019-11-11 04:05:45,714 [main] INFO  impl.RaftServerProxy (ConfUtils.java:logGet(43)) - raft.rpc.type = GRPC (default)
2019-11-11 04:05:45,714 [main] INFO  grpc.GrpcFactory (GrpcFactory.java:checkPooledByteBufAllocatorUseCacheForAllThreads(45)) - PERFORMANCE WARNING: useCacheForAllThreads is true that may cause Netty to create a lot garbage objects and, as a result, trigger GC.
	It is recommended to disable useCacheForAllThreads by setting -Dorg.apache.ratis.thirdparty.io.netty.allocator.useCacheForAllThreads=false in command line.
2019-11-11 04:05:45,715 [main] INFO  grpc.GrpcConfigKeys$Server (ConfUtils.java:logGet(43)) - raft.grpc.server.port = 0 (default)
2019-11-11 04:05:45,715 [main] INFO  server.GrpcService (ConfUtils.java:logGet(43)) - raft.grpc.message.size.max = 33570816 (custom)
2019-11-11 04:05:45,715 [main] INFO  server.RaftServerConfigKeys (ConfUtils.java:logGet(43)) - raft.server.log.appender.buffer.byte-limit = 33554432 (custom)
2019-11-11 04:05:45,715 [main] INFO  server.GrpcService (ConfUtils.java:logGet(43)) - raft.grpc.flow.control.window = 1MB (=1048576) (default)
2019-11-11 04:05:45,715 [main] INFO  server.RaftServerConfigKeys (ConfUtils.java:logGet(43)) - raft.server.rpc.request.timeout = 3000ms (default)
2019-11-11 04:05:45,716 [main] INFO  server.RaftServerConfigKeys (ConfUtils.java:logGet(43)) - raft.server.storage.dir = [/workdir/hadoop-ozone/integration-test/target/test-dir/MiniOzoneClusterImpl-6985d1c7-7309-41e2-b49d-91e186e08ffa/datanode-7/data/ratis] (custom)
2019-11-11 04:05:45,717 [main] INFO  hdfs.DFSUtil (DFSUtil.java:httpServerTemplateForNNAndJN(1641)) - Starting Web-server for hddsDatanode at: http://0.0.0.0:0
2019-11-11 04:05:45,719 [main] INFO  server.AuthenticationFilter (AuthenticationFilter.java:constructSecretProvider(240)) - Unable to initialize FileSignerSecretProvider, falling back to use random secrets.
2019-11-11 04:05:45,719 [main] WARN  http.HttpRequestLog (HttpRequestLog.java:getRequestLog(97)) - Jetty request log can only be enabled using Log4j
2019-11-11 04:05:45,720 [main] INFO  http.HttpServer2 (HttpServer2.java:addGlobalFilter(975)) - Added global filter 'safety' (class=org.apache.hadoop.http.HttpServer2$QuotingInputFilter)
2019-11-11 04:05:45,721 [main] INFO  http.HttpServer2 (HttpServer2.java:addFilter(948)) - Added filter static_user_filter (class=org.apache.hadoop.http.lib.StaticUserWebFilter$StaticUserFilter) to context hddsDatanode
2019-11-11 04:05:45,721 [main] INFO  http.HttpServer2 (HttpServer2.java:addFilter(958)) - Added filter static_user_filter (class=org.apache.hadoop.http.lib.StaticUserWebFilter$StaticUserFilter) to context logs
2019-11-11 04:05:45,721 [main] INFO  http.HttpServer2 (HttpServer2.java:addFilter(958)) - Added filter static_user_filter (class=org.apache.hadoop.http.lib.StaticUserWebFilter$StaticUserFilter) to context static
2019-11-11 04:05:45,722 [main] INFO  http.HttpServer2 (HttpServer2.java:bindListener(1191)) - Jetty bound to port 44086
2019-11-11 04:05:45,722 [main] INFO  server.Server (Server.java:doStart(351)) - jetty-9.3.25.v20180904, build timestamp: 2018-09-04T21:11:46Z, git hash: 3ce520221d0240229c862b122d2b06c12a625732
2019-11-11 04:05:45,724 [main] INFO  handler.ContextHandler (ContextHandler.java:doStart(781)) - Started o.e.j.s.ServletContextHandler@2f5b8250{/logs,file:///workdir/hadoop-ozone/integration-test/target/log,AVAILABLE}
2019-11-11 04:05:45,724 [main] INFO  handler.ContextHandler (ContextHandler.java:doStart(781)) - Started o.e.j.s.ServletContextHandler@5f481b73{/static,jar:file:/home/user/.m2/repository/org/apache/hadoop/hadoop-hdds-container-service/0.5.0-SNAPSHOT/hadoop-hdds-container-service-0.5.0-SNAPSHOT.jar!/webapps/static,AVAILABLE}
2019-11-11 04:05:45,753 [main] INFO  handler.ContextHandler (ContextHandler.java:doStart(781)) - Started o.e.j.w.WebAppContext@181d8899{/,file:///tmp/jetty-0.0.0.0-44086-hddsDatanode-_-any-7654910074981314881.dir/webapp/,AVAILABLE}{/hddsDatanode}
2019-11-11 04:05:45,754 [main] INFO  server.AbstractConnector (AbstractConnector.java:doStart(278)) - Started ServerConnector@12d5c30e{HTTP/1.1,[http/1.1]}{0.0.0.0:44086}
2019-11-11 04:05:45,755 [main] INFO  server.Server (Server.java:doStart(419)) - Started @7140ms
2019-11-11 04:05:45,755 [main] WARN  impl.MetricsSystemImpl (MetricsSystemImpl.java:register(276)) - Sink prometheus already exists!
2019-11-11 04:05:45,756 [main] INFO  server.BaseHttpServer (BaseHttpServer.java:updateConnectorAddress(215)) - HTTP server of HDDSDATANODE is listening at http://0.0.0.0:44086
2019-11-11 04:05:45,756 [main] INFO  impl.MetricsSystemImpl (MetricsSystemImpl.java:init(158)) - HddsDatanode metrics system started (again)
2019-11-11 04:05:45,760 [main] INFO  ozone.HddsDatanodeService (HddsDatanodeService.java:start(186)) - HddsDatanodeService host:trunk-nightly-20191111-g5xpl-2663879777 ip:192.168.34.63
2019-11-11 04:05:45,760 [org.apache.hadoop.util.JvmPauseMonitor$Monitor@342d5a56] INFO  util.JvmPauseMonitor (JvmPauseMonitor.java:run(188)) - Starting JVM pause monitor
2019-11-11 04:05:45,764 [Datanode State Machine Thread - 0] INFO  datanode.InitDatanodeState (InitDatanodeState.java:persistContainerDatanodeDetails(140)) - DatanodeDetails is persisted to /workdir/hadoop-ozone/integration-test/target/test-dir/MiniOzoneClusterImpl-6985d1c7-7309-41e2-b49d-91e186e08ffa/datanode-7/meta/datanode.id
2019-11-11 04:05:45,770 [main] INFO  volume.HddsVolume (HddsVolume.java:<init>(176)) - Creating Volume: /workdir/hadoop-ozone/integration-test/target/test-dir/MiniOzoneClusterImpl-6985d1c7-7309-41e2-b49d-91e186e08ffa/datanode-8/data/containers/hdds of  storage type : DISK and capacity : 1482555576320
2019-11-11 04:05:45,770 [main] INFO  volume.VolumeSet (VolumeSet.java:initializeVolumeSet(170)) - Added Volume : /workdir/hadoop-ozone/integration-test/target/test-dir/MiniOzoneClusterImpl-6985d1c7-7309-41e2-b49d-91e186e08ffa/datanode-8/data/containers/hdds to VolumeSet
2019-11-11 04:05:45,771 [main] INFO  volume.ThrottledAsyncChecker (ThrottledAsyncChecker.java:schedule(141)) - Scheduling a check for /workdir/hadoop-ozone/integration-test/target/test-dir/MiniOzoneClusterImpl-6985d1c7-7309-41e2-b49d-91e186e08ffa/datanode-8/data/containers/hdds
2019-11-11 04:05:45,771 [main] INFO  volume.HddsVolumeChecker (HddsVolumeChecker.java:checkAllVolumes(204)) - Scheduled health check for volume /workdir/hadoop-ozone/integration-test/target/test-dir/MiniOzoneClusterImpl-6985d1c7-7309-41e2-b49d-91e186e08ffa/datanode-8/data/containers/hdds
2019-11-11 04:05:45,783 [main] INFO  impl.RaftServerProxy (ConfUtils.java:logGet(43)) - raft.rpc.type = GRPC (default)
2019-11-11 04:05:45,783 [main] INFO  grpc.GrpcFactory (GrpcFactory.java:checkPooledByteBufAllocatorUseCacheForAllThreads(45)) - PERFORMANCE WARNING: useCacheForAllThreads is true that may cause Netty to create a lot garbage objects and, as a result, trigger GC.
	It is recommended to disable useCacheForAllThreads by setting -Dorg.apache.ratis.thirdparty.io.netty.allocator.useCacheForAllThreads=false in command line.
2019-11-11 04:05:45,784 [main] INFO  grpc.GrpcConfigKeys$Server (ConfUtils.java:logGet(43)) - raft.grpc.server.port = 0 (default)
2019-11-11 04:05:45,784 [main] INFO  server.GrpcService (ConfUtils.java:logGet(43)) - raft.grpc.message.size.max = 33570816 (custom)
2019-11-11 04:05:45,784 [main] INFO  server.RaftServerConfigKeys (ConfUtils.java:logGet(43)) - raft.server.log.appender.buffer.byte-limit = 33554432 (custom)
2019-11-11 04:05:45,784 [main] INFO  server.GrpcService (ConfUtils.java:logGet(43)) - raft.grpc.flow.control.window = 1MB (=1048576) (default)
2019-11-11 04:05:45,784 [main] INFO  server.RaftServerConfigKeys (ConfUtils.java:logGet(43)) - raft.server.rpc.request.timeout = 3000ms (default)
2019-11-11 04:05:45,785 [main] INFO  server.RaftServerConfigKeys (ConfUtils.java:logGet(43)) - raft.server.storage.dir = [/workdir/hadoop-ozone/integration-test/target/test-dir/MiniOzoneClusterImpl-6985d1c7-7309-41e2-b49d-91e186e08ffa/datanode-8/data/ratis] (custom)
2019-11-11 04:05:45,786 [main] INFO  hdfs.DFSUtil (DFSUtil.java:httpServerTemplateForNNAndJN(1641)) - Starting Web-server for hddsDatanode at: http://0.0.0.0:0
2019-11-11 04:05:45,787 [main] INFO  server.AuthenticationFilter (AuthenticationFilter.java:constructSecretProvider(240)) - Unable to initialize FileSignerSecretProvider, falling back to use random secrets.
2019-11-11 04:05:45,788 [main] WARN  http.HttpRequestLog (HttpRequestLog.java:getRequestLog(97)) - Jetty request log can only be enabled using Log4j
2019-11-11 04:05:45,789 [main] INFO  http.HttpServer2 (HttpServer2.java:addGlobalFilter(975)) - Added global filter 'safety' (class=org.apache.hadoop.http.HttpServer2$QuotingInputFilter)
2019-11-11 04:05:45,790 [main] INFO  http.HttpServer2 (HttpServer2.java:addFilter(948)) - Added filter static_user_filter (class=org.apache.hadoop.http.lib.StaticUserWebFilter$StaticUserFilter) to context hddsDatanode
2019-11-11 04:05:45,790 [main] INFO  http.HttpServer2 (HttpServer2.java:addFilter(958)) - Added filter static_user_filter (class=org.apache.hadoop.http.lib.StaticUserWebFilter$StaticUserFilter) to context static
2019-11-11 04:05:45,790 [main] INFO  http.HttpServer2 (HttpServer2.java:addFilter(958)) - Added filter static_user_filter (class=org.apache.hadoop.http.lib.StaticUserWebFilter$StaticUserFilter) to context logs
2019-11-11 04:05:45,791 [main] INFO  http.HttpServer2 (HttpServer2.java:bindListener(1191)) - Jetty bound to port 33785
2019-11-11 04:05:45,791 [main] INFO  server.Server (Server.java:doStart(351)) - jetty-9.3.25.v20180904, build timestamp: 2018-09-04T21:11:46Z, git hash: 3ce520221d0240229c862b122d2b06c12a625732
2019-11-11 04:05:45,792 [main] INFO  handler.ContextHandler (ContextHandler.java:doStart(781)) - Started o.e.j.s.ServletContextHandler@1a1f5f71{/logs,file:///workdir/hadoop-ozone/integration-test/target/log,AVAILABLE}
2019-11-11 04:05:45,793 [main] INFO  handler.ContextHandler (ContextHandler.java:doStart(781)) - Started o.e.j.s.ServletContextHandler@524270b8{/static,jar:file:/home/user/.m2/repository/org/apache/hadoop/hadoop-hdds-container-service/0.5.0-SNAPSHOT/hadoop-hdds-container-service-0.5.0-SNAPSHOT.jar!/webapps/static,AVAILABLE}
2019-11-11 04:05:45,822 [main] INFO  handler.ContextHandler (ContextHandler.java:doStart(781)) - Started o.e.j.w.WebAppContext@3240b2a4{/,file:///tmp/jetty-0.0.0.0-33785-hddsDatanode-_-any-2323930092930825022.dir/webapp/,AVAILABLE}{/hddsDatanode}
2019-11-11 04:05:45,823 [main] INFO  server.AbstractConnector (AbstractConnector.java:doStart(278)) - Started ServerConnector@58434b19{HTTP/1.1,[http/1.1]}{0.0.0.0:33785}
2019-11-11 04:05:45,824 [main] INFO  server.Server (Server.java:doStart(419)) - Started @7209ms
2019-11-11 04:05:45,824 [main] WARN  impl.MetricsSystemImpl (MetricsSystemImpl.java:register(276)) - Sink prometheus already exists!
2019-11-11 04:05:45,825 [main] INFO  server.BaseHttpServer (BaseHttpServer.java:updateConnectorAddress(215)) - HTTP server of HDDSDATANODE is listening at http://0.0.0.0:33785
2019-11-11 04:05:45,825 [main] INFO  impl.MetricsSystemImpl (MetricsSystemImpl.java:init(158)) - HddsDatanode metrics system started (again)
2019-11-11 04:05:45,830 [main] INFO  ozone.HddsDatanodeService (HddsDatanodeService.java:start(186)) - HddsDatanodeService host:trunk-nightly-20191111-g5xpl-2663879777 ip:192.168.34.63
2019-11-11 04:05:45,830 [org.apache.hadoop.util.JvmPauseMonitor$Monitor@6c9d98f0] INFO  util.JvmPauseMonitor (JvmPauseMonitor.java:run(188)) - Starting JVM pause monitor
2019-11-11 04:05:45,834 [Datanode State Machine Thread - 0] INFO  datanode.InitDatanodeState (InitDatanodeState.java:persistContainerDatanodeDetails(140)) - DatanodeDetails is persisted to /workdir/hadoop-ozone/integration-test/target/test-dir/MiniOzoneClusterImpl-6985d1c7-7309-41e2-b49d-91e186e08ffa/datanode-8/meta/datanode.id
2019-11-11 04:05:45,839 [main] INFO  volume.HddsVolume (HddsVolume.java:<init>(176)) - Creating Volume: /workdir/hadoop-ozone/integration-test/target/test-dir/MiniOzoneClusterImpl-6985d1c7-7309-41e2-b49d-91e186e08ffa/datanode-9/data/containers/hdds of  storage type : DISK and capacity : 1482555576320
2019-11-11 04:05:45,839 [main] INFO  volume.VolumeSet (VolumeSet.java:initializeVolumeSet(170)) - Added Volume : /workdir/hadoop-ozone/integration-test/target/test-dir/MiniOzoneClusterImpl-6985d1c7-7309-41e2-b49d-91e186e08ffa/datanode-9/data/containers/hdds to VolumeSet
2019-11-11 04:05:45,839 [main] INFO  volume.ThrottledAsyncChecker (ThrottledAsyncChecker.java:schedule(141)) - Scheduling a check for /workdir/hadoop-ozone/integration-test/target/test-dir/MiniOzoneClusterImpl-6985d1c7-7309-41e2-b49d-91e186e08ffa/datanode-9/data/containers/hdds
2019-11-11 04:05:45,839 [main] INFO  volume.HddsVolumeChecker (HddsVolumeChecker.java:checkAllVolumes(204)) - Scheduled health check for volume /workdir/hadoop-ozone/integration-test/target/test-dir/MiniOzoneClusterImpl-6985d1c7-7309-41e2-b49d-91e186e08ffa/datanode-9/data/containers/hdds
2019-11-11 04:05:45,853 [main] INFO  impl.RaftServerProxy (ConfUtils.java:logGet(43)) - raft.rpc.type = GRPC (default)
2019-11-11 04:05:45,853 [main] INFO  grpc.GrpcFactory (GrpcFactory.java:checkPooledByteBufAllocatorUseCacheForAllThreads(45)) - PERFORMANCE WARNING: useCacheForAllThreads is true that may cause Netty to create a lot garbage objects and, as a result, trigger GC.
	It is recommended to disable useCacheForAllThreads by setting -Dorg.apache.ratis.thirdparty.io.netty.allocator.useCacheForAllThreads=false in command line.
2019-11-11 04:05:45,854 [main] INFO  grpc.GrpcConfigKeys$Server (ConfUtils.java:logGet(43)) - raft.grpc.server.port = 0 (default)
2019-11-11 04:05:45,854 [main] INFO  server.GrpcService (ConfUtils.java:logGet(43)) - raft.grpc.message.size.max = 33570816 (custom)
2019-11-11 04:05:45,854 [main] INFO  server.RaftServerConfigKeys (ConfUtils.java:logGet(43)) - raft.server.log.appender.buffer.byte-limit = 33554432 (custom)
2019-11-11 04:05:45,854 [main] INFO  server.GrpcService (ConfUtils.java:logGet(43)) - raft.grpc.flow.control.window = 1MB (=1048576) (default)
2019-11-11 04:05:45,854 [main] INFO  server.RaftServerConfigKeys (ConfUtils.java:logGet(43)) - raft.server.rpc.request.timeout = 3000ms (default)
2019-11-11 04:05:45,855 [main] INFO  server.RaftServerConfigKeys (ConfUtils.java:logGet(43)) - raft.server.storage.dir = [/workdir/hadoop-ozone/integration-test/target/test-dir/MiniOzoneClusterImpl-6985d1c7-7309-41e2-b49d-91e186e08ffa/datanode-9/data/ratis] (custom)
2019-11-11 04:05:45,856 [main] INFO  hdfs.DFSUtil (DFSUtil.java:httpServerTemplateForNNAndJN(1641)) - Starting Web-server for hddsDatanode at: http://0.0.0.0:0
2019-11-11 04:05:45,857 [main] INFO  server.AuthenticationFilter (AuthenticationFilter.java:constructSecretProvider(240)) - Unable to initialize FileSignerSecretProvider, falling back to use random secrets.
2019-11-11 04:05:45,858 [main] WARN  http.HttpRequestLog (HttpRequestLog.java:getRequestLog(97)) - Jetty request log can only be enabled using Log4j
2019-11-11 04:05:45,859 [main] INFO  http.HttpServer2 (HttpServer2.java:addGlobalFilter(975)) - Added global filter 'safety' (class=org.apache.hadoop.http.HttpServer2$QuotingInputFilter)
2019-11-11 04:05:45,860 [main] INFO  http.HttpServer2 (HttpServer2.java:addFilter(948)) - Added filter static_user_filter (class=org.apache.hadoop.http.lib.StaticUserWebFilter$StaticUserFilter) to context hddsDatanode
2019-11-11 04:05:45,860 [main] INFO  http.HttpServer2 (HttpServer2.java:addFilter(958)) - Added filter static_user_filter (class=org.apache.hadoop.http.lib.StaticUserWebFilter$StaticUserFilter) to context static
2019-11-11 04:05:45,860 [main] INFO  http.HttpServer2 (HttpServer2.java:addFilter(958)) - Added filter static_user_filter (class=org.apache.hadoop.http.lib.StaticUserWebFilter$StaticUserFilter) to context logs
2019-11-11 04:05:45,861 [main] INFO  http.HttpServer2 (HttpServer2.java:bindListener(1191)) - Jetty bound to port 37834
2019-11-11 04:05:45,861 [main] INFO  server.Server (Server.java:doStart(351)) - jetty-9.3.25.v20180904, build timestamp: 2018-09-04T21:11:46Z, git hash: 3ce520221d0240229c862b122d2b06c12a625732
2019-11-11 04:05:45,863 [main] INFO  handler.ContextHandler (ContextHandler.java:doStart(781)) - Started o.e.j.s.ServletContextHandler@512d6e60{/logs,file:///workdir/hadoop-ozone/integration-test/target/log,AVAILABLE}
2019-11-11 04:05:45,863 [main] INFO  handler.ContextHandler (ContextHandler.java:doStart(781)) - Started o.e.j.s.ServletContextHandler@7b122839{/static,jar:file:/home/user/.m2/repository/org/apache/hadoop/hadoop-hdds-container-service/0.5.0-SNAPSHOT/hadoop-hdds-container-service-0.5.0-SNAPSHOT.jar!/webapps/static,AVAILABLE}
2019-11-11 04:05:45,892 [main] INFO  handler.ContextHandler (ContextHandler.java:doStart(781)) - Started o.e.j.w.WebAppContext@6ada9c0c{/,file:///tmp/jetty-0.0.0.0-37834-hddsDatanode-_-any-7959565511399678993.dir/webapp/,AVAILABLE}{/hddsDatanode}
2019-11-11 04:05:45,893 [main] INFO  server.AbstractConnector (AbstractConnector.java:doStart(278)) - Started ServerConnector@7412ed6b{HTTP/1.1,[http/1.1]}{0.0.0.0:37834}
2019-11-11 04:05:45,894 [main] INFO  server.Server (Server.java:doStart(419)) - Started @7279ms
2019-11-11 04:05:45,894 [main] WARN  impl.MetricsSystemImpl (MetricsSystemImpl.java:register(276)) - Sink prometheus already exists!
2019-11-11 04:05:45,895 [main] INFO  server.BaseHttpServer (BaseHttpServer.java:updateConnectorAddress(215)) - HTTP server of HDDSDATANODE is listening at http://0.0.0.0:37834
2019-11-11 04:05:45,899 [main] INFO  ozone.MiniOzoneClusterImpl (MiniOzoneClusterImpl.java:lambda$waitForClusterToBeReady$0(147)) - Waiting for cluster to be ready. Got 0 of 10 DN Heartbeats.
2019-11-11 04:05:45,900 [org.apache.hadoop.util.JvmPauseMonitor$Monitor@5c92f294] INFO  util.JvmPauseMonitor (JvmPauseMonitor.java:run(188)) - Starting JVM pause monitor
2019-11-11 04:05:45,904 [Datanode State Machine Thread - 0] INFO  datanode.InitDatanodeState (InitDatanodeState.java:persistContainerDatanodeDetails(140)) - DatanodeDetails is persisted to /workdir/hadoop-ozone/integration-test/target/test-dir/MiniOzoneClusterImpl-6985d1c7-7309-41e2-b49d-91e186e08ffa/datanode-9/meta/datanode.id
2019-11-11 04:05:46,900 [main] INFO  ozone.MiniOzoneClusterImpl (MiniOzoneClusterImpl.java:lambda$waitForClusterToBeReady$0(147)) - Waiting for cluster to be ready. Got 0 of 10 DN Heartbeats.
2019-11-11 04:05:47,900 [main] INFO  ozone.MiniOzoneClusterImpl (MiniOzoneClusterImpl.java:lambda$waitForClusterToBeReady$0(147)) - Waiting for cluster to be ready. Got 0 of 10 DN Heartbeats.
2019-11-11 04:05:48,901 [main] INFO  ozone.MiniOzoneClusterImpl (MiniOzoneClusterImpl.java:lambda$waitForClusterToBeReady$0(147)) - Waiting for cluster to be ready. Got 0 of 10 DN Heartbeats.
2019-11-11 04:05:49,902 [main] INFO  ozone.MiniOzoneClusterImpl (MiniOzoneClusterImpl.java:lambda$waitForClusterToBeReady$0(147)) - Waiting for cluster to be ready. Got 0 of 10 DN Heartbeats.
2019-11-11 04:05:50,903 [main] INFO  ozone.MiniOzoneClusterImpl (MiniOzoneClusterImpl.java:lambda$waitForClusterToBeReady$0(147)) - Waiting for cluster to be ready. Got 0 of 10 DN Heartbeats.
2019-11-11 04:05:51,903 [main] INFO  ozone.MiniOzoneClusterImpl (MiniOzoneClusterImpl.java:lambda$waitForClusterToBeReady$0(147)) - Waiting for cluster to be ready. Got 0 of 10 DN Heartbeats.
2019-11-11 04:05:52,904 [main] INFO  ozone.MiniOzoneClusterImpl (MiniOzoneClusterImpl.java:lambda$waitForClusterToBeReady$0(147)) - Waiting for cluster to be ready. Got 0 of 10 DN Heartbeats.
2019-11-11 04:05:53,905 [main] INFO  ozone.MiniOzoneClusterImpl (MiniOzoneClusterImpl.java:lambda$waitForClusterToBeReady$0(147)) - Waiting for cluster to be ready. Got 0 of 10 DN Heartbeats.
2019-11-11 04:05:54,906 [main] INFO  ozone.MiniOzoneClusterImpl (MiniOzoneClusterImpl.java:lambda$waitForClusterToBeReady$0(147)) - Waiting for cluster to be ready. Got 0 of 10 DN Heartbeats.
2019-11-11 04:05:55,906 [main] INFO  ozone.MiniOzoneClusterImpl (MiniOzoneClusterImpl.java:lambda$waitForClusterToBeReady$0(147)) - Waiting for cluster to be ready. Got 0 of 10 DN Heartbeats.
2019-11-11 04:05:56,907 [main] INFO  ozone.MiniOzoneClusterImpl (MiniOzoneClusterImpl.java:lambda$waitForClusterToBeReady$0(147)) - Waiting for cluster to be ready. Got 0 of 10 DN Heartbeats.
2019-11-11 04:05:57,908 [main] INFO  ozone.MiniOzoneClusterImpl (MiniOzoneClusterImpl.java:lambda$waitForClusterToBeReady$0(147)) - Waiting for cluster to be ready. Got 0 of 10 DN Heartbeats.
2019-11-11 04:05:58,908 [main] INFO  ozone.MiniOzoneClusterImpl (MiniOzoneClusterImpl.java:lambda$waitForClusterToBeReady$0(147)) - Waiting for cluster to be ready. Got 0 of 10 DN Heartbeats.
2019-11-11 04:05:59,909 [main] INFO  ozone.MiniOzoneClusterImpl (MiniOzoneClusterImpl.java:lambda$waitForClusterToBeReady$0(147)) - Waiting for cluster to be ready. Got 0 of 10 DN Heartbeats.
2019-11-11 04:06:00,910 [main] INFO  ozone.MiniOzoneClusterImpl (MiniOzoneClusterImpl.java:lambda$waitForClusterToBeReady$0(147)) - Waiting for cluster to be ready. Got 0 of 10 DN Heartbeats.
2019-11-11 04:06:01,910 [main] INFO  ozone.MiniOzoneClusterImpl (MiniOzoneClusterImpl.java:lambda$waitForClusterToBeReady$0(147)) - Waiting for cluster to be ready. Got 0 of 10 DN Heartbeats.
2019-11-11 04:06:02,697 [Datanode State Machine Thread - 0] INFO  ozoneimpl.OzoneContainer (OzoneContainer.java:start(218)) - Attempting to start container services.
2019-11-11 04:06:02,697 [Datanode State Machine Thread - 0] INFO  ozoneimpl.OzoneContainer (OzoneContainer.java:start(218)) - Attempting to start container services.
2019-11-11 04:06:02,697 [Datanode State Machine Thread - 0] INFO  ozoneimpl.OzoneContainer (OzoneContainer.java:start(218)) - Attempting to start container services.
2019-11-11 04:06:02,697 [Datanode State Machine Thread - 0] INFO  ozoneimpl.OzoneContainer (OzoneContainer.java:start(218)) - Attempting to start container services.
2019-11-11 04:06:02,697 [Datanode State Machine Thread - 0] INFO  ozoneimpl.OzoneContainer (OzoneContainer.java:start(218)) - Attempting to start container services.
2019-11-11 04:06:02,697 [Datanode State Machine Thread - 0] INFO  ozoneimpl.OzoneContainer (OzoneContainer.java:start(218)) - Attempting to start container services.
2019-11-11 04:06:02,697 [Datanode State Machine Thread - 0] INFO  ozoneimpl.OzoneContainer (OzoneContainer.java:start(218)) - Attempting to start container services.
2019-11-11 04:06:02,712 [Datanode State Machine Thread - 0] INFO  ozoneimpl.OzoneContainer (OzoneContainer.java:startContainerScrub(182)) - Background container scanner has been disabled.
2019-11-11 04:06:02,713 [Datanode State Machine Thread - 0] INFO  ozoneimpl.OzoneContainer (OzoneContainer.java:startContainerScrub(182)) - Background container scanner has been disabled.
2019-11-11 04:06:02,713 [Datanode State Machine Thread - 0] INFO  ratis.XceiverServerRatis (XceiverServerRatis.java:start(414)) - Starting XceiverServerRatis 0008e53d-e267-4ad3-84a9-d2381d726a85 at port 0
2019-11-11 04:06:02,713 [Datanode State Machine Thread - 0] INFO  ozoneimpl.OzoneContainer (OzoneContainer.java:startContainerScrub(182)) - Background container scanner has been disabled.
2019-11-11 04:06:02,713 [Datanode State Machine Thread - 0] INFO  ozoneimpl.OzoneContainer (OzoneContainer.java:startContainerScrub(182)) - Background container scanner has been disabled.
2019-11-11 04:06:02,713 [Datanode State Machine Thread - 0] INFO  ozoneimpl.OzoneContainer (OzoneContainer.java:startContainerScrub(182)) - Background container scanner has been disabled.
2019-11-11 04:06:02,715 [Datanode State Machine Thread - 0] INFO  ratis.XceiverServerRatis (XceiverServerRatis.java:start(414)) - Starting XceiverServerRatis c04805f0-1fdc-4096-9f0e-017639bb4de5 at port 0
2019-11-11 04:06:02,713 [Datanode State Machine Thread - 0] INFO  ozoneimpl.OzoneContainer (OzoneContainer.java:startContainerScrub(182)) - Background container scanner has been disabled.
2019-11-11 04:06:02,716 [Datanode State Machine Thread - 0] INFO  ratis.XceiverServerRatis (XceiverServerRatis.java:start(414)) - Starting XceiverServerRatis 61021d77-0677-40a1-98e7-8ba643935ac0 at port 0
2019-11-11 04:06:02,712 [Datanode State Machine Thread - 0] INFO  ozoneimpl.OzoneContainer (OzoneContainer.java:startContainerScrub(182)) - Background container scanner has been disabled.
2019-11-11 04:06:02,716 [Datanode State Machine Thread - 0] INFO  ratis.XceiverServerRatis (XceiverServerRatis.java:start(414)) - Starting XceiverServerRatis c4647b88-1cf5-44df-a309-1b3b0daf0e80 at port 0
2019-11-11 04:06:02,715 [Datanode State Machine Thread - 0] INFO  ratis.XceiverServerRatis (XceiverServerRatis.java:start(414)) - Starting XceiverServerRatis 240762ed-f0e8-4607-981f-40102831b82e at port 0
2019-11-11 04:06:02,715 [Datanode State Machine Thread - 0] INFO  ratis.XceiverServerRatis (XceiverServerRatis.java:start(414)) - Starting XceiverServerRatis 90a91113-ef53-4822-bd96-80f1f58bf72c at port 0
2019-11-11 04:06:02,713 [Datanode State Machine Thread - 0] INFO  ratis.XceiverServerRatis (XceiverServerRatis.java:start(414)) - Starting XceiverServerRatis f4ab3ec0-fcec-4fb2-8953-e521da90d916 at port 0
2019-11-11 04:06:02,826 [Datanode State Machine Thread - 0] INFO  impl.RaftServerProxy (RaftServerProxy.java:lambda$start$3(299)) - 61021d77-0677-40a1-98e7-8ba643935ac0: start RPC server
2019-11-11 04:06:02,826 [Datanode State Machine Thread - 0] INFO  impl.RaftServerProxy (RaftServerProxy.java:lambda$start$3(299)) - 90a91113-ef53-4822-bd96-80f1f58bf72c: start RPC server
2019-11-11 04:06:02,826 [Datanode State Machine Thread - 0] INFO  impl.RaftServerProxy (RaftServerProxy.java:lambda$start$3(299)) - 240762ed-f0e8-4607-981f-40102831b82e: start RPC server
2019-11-11 04:06:02,826 [Datanode State Machine Thread - 0] INFO  impl.RaftServerProxy (RaftServerProxy.java:lambda$start$3(299)) - c04805f0-1fdc-4096-9f0e-017639bb4de5: start RPC server
2019-11-11 04:06:02,826 [Datanode State Machine Thread - 0] INFO  impl.RaftServerProxy (RaftServerProxy.java:lambda$start$3(299)) - c4647b88-1cf5-44df-a309-1b3b0daf0e80: start RPC server
2019-11-11 04:06:02,826 [Datanode State Machine Thread - 0] INFO  impl.RaftServerProxy (RaftServerProxy.java:lambda$start$3(299)) - 0008e53d-e267-4ad3-84a9-d2381d726a85: start RPC server
2019-11-11 04:06:02,826 [Datanode State Machine Thread - 0] INFO  impl.RaftServerProxy (RaftServerProxy.java:lambda$start$3(299)) - f4ab3ec0-fcec-4fb2-8953-e521da90d916: start RPC server
2019-11-11 04:06:02,913 [main] INFO  ozone.MiniOzoneClusterImpl (MiniOzoneClusterImpl.java:lambda$waitForClusterToBeReady$0(147)) - Waiting for cluster to be ready. Got 0 of 10 DN Heartbeats.
2019-11-11 04:06:03,016 [Datanode State Machine Thread - 0] INFO  server.GrpcService (GrpcService.java:startImpl(158)) - f4ab3ec0-fcec-4fb2-8953-e521da90d916: GrpcService started, listening on 0.0.0.0/0.0.0.0:41296
2019-11-11 04:06:03,007 [Datanode State Machine Thread - 0] INFO  server.GrpcService (GrpcService.java:startImpl(158)) - 90a91113-ef53-4822-bd96-80f1f58bf72c: GrpcService started, listening on 0.0.0.0/0.0.0.0:38233
2019-11-11 04:06:03,007 [Datanode State Machine Thread - 0] INFO  server.GrpcService (GrpcService.java:startImpl(158)) - c04805f0-1fdc-4096-9f0e-017639bb4de5: GrpcService started, listening on 0.0.0.0/0.0.0.0:44743
2019-11-11 04:06:03,007 [Datanode State Machine Thread - 0] INFO  server.GrpcService (GrpcService.java:startImpl(158)) - 0008e53d-e267-4ad3-84a9-d2381d726a85: GrpcService started, listening on 0.0.0.0/0.0.0.0:40903
2019-11-11 04:06:03,007 [Datanode State Machine Thread - 0] INFO  server.GrpcService (GrpcService.java:startImpl(158)) - 61021d77-0677-40a1-98e7-8ba643935ac0: GrpcService started, listening on 0.0.0.0/0.0.0.0:35377
2019-11-11 04:06:03,007 [Datanode State Machine Thread - 0] INFO  server.GrpcService (GrpcService.java:startImpl(158)) - 240762ed-f0e8-4607-981f-40102831b82e: GrpcService started, listening on 0.0.0.0/0.0.0.0:43692
2019-11-11 04:06:03,016 [Datanode State Machine Thread - 0] INFO  server.GrpcService (GrpcService.java:startImpl(158)) - c4647b88-1cf5-44df-a309-1b3b0daf0e80: GrpcService started, listening on 0.0.0.0/0.0.0.0:44218
2019-11-11 04:06:03,017 [Datanode State Machine Thread - 0] INFO  ratis.XceiverServerRatis (XceiverServerRatis.java:start(424)) - XceiverServerRatis 240762ed-f0e8-4607-981f-40102831b82e is started using port 43692
2019-11-11 04:06:03,017 [Datanode State Machine Thread - 0] INFO  ratis.XceiverServerRatis (XceiverServerRatis.java:start(424)) - XceiverServerRatis 61021d77-0677-40a1-98e7-8ba643935ac0 is started using port 35377
2019-11-11 04:06:03,017 [Datanode State Machine Thread - 0] INFO  ratis.XceiverServerRatis (XceiverServerRatis.java:start(424)) - XceiverServerRatis 0008e53d-e267-4ad3-84a9-d2381d726a85 is started using port 40903
2019-11-11 04:06:03,016 [Datanode State Machine Thread - 0] INFO  ratis.XceiverServerRatis (XceiverServerRatis.java:start(424)) - XceiverServerRatis c04805f0-1fdc-4096-9f0e-017639bb4de5 is started using port 44743
2019-11-11 04:06:03,016 [Datanode State Machine Thread - 0] INFO  ratis.XceiverServerRatis (XceiverServerRatis.java:start(424)) - XceiverServerRatis 90a91113-ef53-4822-bd96-80f1f58bf72c is started using port 38233
2019-11-11 04:06:03,016 [Datanode State Machine Thread - 0] INFO  ratis.XceiverServerRatis (XceiverServerRatis.java:start(424)) - XceiverServerRatis f4ab3ec0-fcec-4fb2-8953-e521da90d916 is started using port 41296
2019-11-11 04:06:03,017 [Datanode State Machine Thread - 0] INFO  ratis.XceiverServerRatis (XceiverServerRatis.java:start(424)) - XceiverServerRatis c4647b88-1cf5-44df-a309-1b3b0daf0e80 is started using port 44218
2019-11-11 04:06:03,039 [Datanode State Machine Thread - 0] INFO  server.XceiverServerGrpc (XceiverServerGrpc.java:start(145)) - XceiverServerGrpc 61021d77-0677-40a1-98e7-8ba643935ac0 is started using port 41181
2019-11-11 04:06:03,039 [Datanode State Machine Thread - 0] INFO  server.XceiverServerGrpc (XceiverServerGrpc.java:start(145)) - XceiverServerGrpc c04805f0-1fdc-4096-9f0e-017639bb4de5 is started using port 46756
2019-11-11 04:06:03,040 [Datanode State Machine Thread - 0] INFO  server.XceiverServerGrpc (XceiverServerGrpc.java:start(145)) - XceiverServerGrpc c4647b88-1cf5-44df-a309-1b3b0daf0e80 is started using port 34275
2019-11-11 04:06:03,040 [Datanode State Machine Thread - 0] INFO  server.XceiverServerGrpc (XceiverServerGrpc.java:start(145)) - XceiverServerGrpc 240762ed-f0e8-4607-981f-40102831b82e is started using port 44660
2019-11-11 04:06:03,040 [Datanode State Machine Thread - 0] INFO  server.XceiverServerGrpc (XceiverServerGrpc.java:start(145)) - XceiverServerGrpc f4ab3ec0-fcec-4fb2-8953-e521da90d916 is started using port 41372
2019-11-11 04:06:03,040 [Datanode State Machine Thread - 0] INFO  server.XceiverServerGrpc (XceiverServerGrpc.java:start(145)) - XceiverServerGrpc 90a91113-ef53-4822-bd96-80f1f58bf72c is started using port 41244
2019-11-11 04:06:03,041 [Datanode State Machine Thread - 0] INFO  server.XceiverServerGrpc (XceiverServerGrpc.java:start(145)) - XceiverServerGrpc 0008e53d-e267-4ad3-84a9-d2381d726a85 is started using port 37714
2019-11-11 04:06:03,282 [IPC Server handler 10 on 32797] INFO  net.NetworkTopology (NetworkTopologyImpl.java:add(111)) - Added a new node: /default-rack/61021d77-0677-40a1-98e7-8ba643935ac0
2019-11-11 04:06:03,283 [IPC Server handler 10 on 32797] INFO  node.SCMNodeManager (SCMNodeManager.java:register(267)) - Registered Data node : 61021d77-0677-40a1-98e7-8ba643935ac0{ip: 192.168.34.63, host: trunk-nightly-20191111-g5xpl-2663879777, networkLocation: /default-rack, certSerialId: null}
2019-11-11 04:06:03,286 [EventQueue-NodeRegistrationContainerReportForDataNodeSafeModeRule] INFO  safemode.SCMSafeModeManager (DataNodeSafeModeRule.java:process(71)) - SCM in safe mode. 1 DataNodes registered, 1 required.
2019-11-11 04:06:03,286 [EventQueue-NodeRegistrationContainerReportForDataNodeSafeModeRule] INFO  safemode.SCMSafeModeManager (SCMSafeModeManager.java:validateSafeModeExitRules(177)) - ScmSafeModeManager, all rules are successfully validated
2019-11-11 04:06:03,286 [EventQueue-NodeRegistrationContainerReportForDataNodeSafeModeRule] INFO  safemode.SCMSafeModeManager (SCMSafeModeManager.java:exitSafeMode(193)) - SCM exiting safe mode.
2019-11-11 04:06:03,332 [IPC Server handler 0 on 32797] INFO  net.NetworkTopology (NetworkTopologyImpl.java:add(111)) - Added a new node: /default-rack/240762ed-f0e8-4607-981f-40102831b82e
2019-11-11 04:06:03,332 [IPC Server handler 0 on 32797] INFO  node.SCMNodeManager (SCMNodeManager.java:register(267)) - Registered Data node : 240762ed-f0e8-4607-981f-40102831b82e{ip: 192.168.34.63, host: trunk-nightly-20191111-g5xpl-2663879777, networkLocation: /default-rack, certSerialId: null}
2019-11-11 04:06:03,412 [IPC Server handler 2 on 32797] INFO  net.NetworkTopology (NetworkTopologyImpl.java:add(111)) - Added a new node: /default-rack/c4647b88-1cf5-44df-a309-1b3b0daf0e80
2019-11-11 04:06:03,412 [IPC Server handler 2 on 32797] INFO  node.SCMNodeManager (SCMNodeManager.java:register(267)) - Registered Data node : c4647b88-1cf5-44df-a309-1b3b0daf0e80{ip: 192.168.34.63, host: trunk-nightly-20191111-g5xpl-2663879777, networkLocation: /default-rack, certSerialId: null}
2019-11-11 04:06:03,489 [IPC Server handler 3 on 32797] INFO  net.NetworkTopology (NetworkTopologyImpl.java:add(111)) - Added a new node: /default-rack/0008e53d-e267-4ad3-84a9-d2381d726a85
2019-11-11 04:06:03,490 [IPC Server handler 3 on 32797] INFO  node.SCMNodeManager (SCMNodeManager.java:register(267)) - Registered Data node : 0008e53d-e267-4ad3-84a9-d2381d726a85{ip: 192.168.34.63, host: trunk-nightly-20191111-g5xpl-2663879777, networkLocation: /default-rack, certSerialId: null}
2019-11-11 04:06:03,559 [IPC Server handler 5 on 32797] INFO  net.NetworkTopology (NetworkTopologyImpl.java:add(111)) - Added a new node: /default-rack/90a91113-ef53-4822-bd96-80f1f58bf72c
2019-11-11 04:06:03,560 [IPC Server handler 5 on 32797] INFO  node.SCMNodeManager (SCMNodeManager.java:register(267)) - Registered Data node : 90a91113-ef53-4822-bd96-80f1f58bf72c{ip: 192.168.34.63, host: trunk-nightly-20191111-g5xpl-2663879777, networkLocation: /default-rack, certSerialId: null}
2019-11-11 04:06:03,632 [IPC Server handler 4 on 32797] INFO  net.NetworkTopology (NetworkTopologyImpl.java:add(111)) - Added a new node: /default-rack/f4ab3ec0-fcec-4fb2-8953-e521da90d916
2019-11-11 04:06:03,632 [IPC Server handler 4 on 32797] INFO  node.SCMNodeManager (SCMNodeManager.java:register(267)) - Registered Data node : f4ab3ec0-fcec-4fb2-8953-e521da90d916{ip: 192.168.34.63, host: trunk-nightly-20191111-g5xpl-2663879777, networkLocation: /default-rack, certSerialId: null}
2019-11-11 04:06:03,701 [IPC Server handler 6 on 32797] INFO  net.NetworkTopology (NetworkTopologyImpl.java:add(111)) - Added a new node: /default-rack/c04805f0-1fdc-4096-9f0e-017639bb4de5
2019-11-11 04:06:03,702 [IPC Server handler 6 on 32797] INFO  node.SCMNodeManager (SCMNodeManager.java:register(267)) - Registered Data node : c04805f0-1fdc-4096-9f0e-017639bb4de5{ip: 192.168.34.63, host: trunk-nightly-20191111-g5xpl-2663879777, networkLocation: /default-rack, certSerialId: null}
2019-11-11 04:06:03,898 [grpc-default-executor-0] INFO  impl.RaftServerProxy (RaftServerProxy.java:addNew(89)) - 61021d77-0677-40a1-98e7-8ba643935ac0: addNew group-051800AC1A6C:[61021d77-0677-40a1-98e7-8ba643935ac0:192.168.34.63:35377] returns group-051800AC1A6C:java.util.concurrent.CompletableFuture@3353d4e2[Not completed]
2019-11-11 04:06:03,913 [main] INFO  ozone.MiniOzoneClusterImpl (MiniOzoneClusterImpl.java:lambda$waitForClusterToBeReady$0(147)) - Waiting for cluster to be ready. Got 7 of 10 DN Heartbeats.
2019-11-11 04:06:03,920 [pool-27-thread-1] INFO  impl.RaftServerImpl (RaftServerImpl.java:<init>(98)) - 61021d77-0677-40a1-98e7-8ba643935ac0: new RaftServerImpl for group-051800AC1A6C:[61021d77-0677-40a1-98e7-8ba643935ac0:192.168.34.63:35377] with ContainerStateMachine:uninitialized
2019-11-11 04:06:03,922 [pool-27-thread-1] INFO  server.RaftServerConfigKeys (ConfUtils.java:logGet(43)) - raft.server.rpc.timeout.min = 1s (custom)
2019-11-11 04:06:03,923 [pool-27-thread-1] INFO  server.RaftServerConfigKeys (ConfUtils.java:logGet(43)) - raft.server.rpc.timeout.max = 1200ms (custom)
2019-11-11 04:06:03,923 [pool-27-thread-1] INFO  server.RaftServerConfigKeys (ConfUtils.java:logGet(43)) - raft.server.rpcslowness.timeout = 120s (custom)
2019-11-11 04:06:03,924 [pool-27-thread-1] INFO  server.RaftServerConfigKeys (ConfUtils.java:logGet(43)) - raft.server.sleep.deviation.threshold = 300 (default)
2019-11-11 04:06:03,925 [pool-27-thread-1] INFO  server.RaftServerConfigKeys (ConfUtils.java:logGet(43)) - raft.server.log.appender.install.snapshot.enabled = false (custom)
2019-11-11 04:06:03,936 [pool-27-thread-1] INFO  impl.RaftServerImpl (ServerState.java:<init>(103)) - 61021d77-0677-40a1-98e7-8ba643935ac0@group-051800AC1A6C: ConfigurationManager, init=-1: [61021d77-0677-40a1-98e7-8ba643935ac0:192.168.34.63:35377], old=null, confs=<EMPTY_MAP>
2019-11-11 04:06:03,937 [pool-27-thread-1] INFO  server.RaftServerConfigKeys (ConfUtils.java:logGet(43)) - raft.server.storage.dir = [/workdir/hadoop-ozone/integration-test/target/test-dir/MiniOzoneClusterImpl-6985d1c7-7309-41e2-b49d-91e186e08ffa/datanode-0/data/ratis] (custom)
2019-11-11 04:06:03,944 [pool-27-thread-1] INFO  server.RaftServerConfigKeys (ConfUtils.java:logGet(43)) - raft.server.log.corruption.policy = EXCEPTION (default)
2019-11-11 04:06:03,946 [pool-27-thread-1] INFO  storage.RaftStorageDirectory (RaftStorageDirectory.java:analyzeStorage(246)) - The storage directory /workdir/hadoop-ozone/integration-test/target/test-dir/MiniOzoneClusterImpl-6985d1c7-7309-41e2-b49d-91e186e08ffa/datanode-0/data/ratis/e020d8e2-907a-45c8-9efe-051800ac1a6c does not exist. Creating ...
2019-11-11 04:06:04,914 [main] INFO  ozone.MiniOzoneClusterImpl (MiniOzoneClusterImpl.java:lambda$waitForClusterToBeReady$0(147)) - Waiting for cluster to be ready. Got 7 of 10 DN Heartbeats.
2019-11-11 04:06:05,914 [main] INFO  ozone.MiniOzoneClusterImpl (MiniOzoneClusterImpl.java:lambda$waitForClusterToBeReady$0(147)) - Waiting for cluster to be ready. Got 7 of 10 DN Heartbeats.
2019-11-11 04:06:06,294 [Thread-278] INFO  container.ReplicationManager (ReplicationManager.java:start(162)) - Starting Replication Monitor Thread.
2019-11-11 04:06:06,296 [ReplicationMonitor] INFO  container.ReplicationManager (ReplicationManager.java:run(225)) - Replication Monitor Thread took 1 milliseconds for processing 0 containers.
2019-11-11 04:06:06,518 [RATISCREATEPIPELINE1] ERROR pipeline.RatisPipelineProvider (RatisPipelineProvider.java:lambda$null$5(237)) - Failed invoke Ratis rpc org.apache.hadoop.hdds.scm.pipeline.RatisPipelineProvider$$Lambda$222/879409264@51219a7d for 61021d77-0677-40a1-98e7-8ba643935ac0
org.apache.ratis.protocol.TimeoutIOException: deadline exceeded after 2945912245ns
	at org.apache.ratis.grpc.GrpcUtil.tryUnwrapException(GrpcUtil.java:82)
	at org.apache.ratis.grpc.GrpcUtil.unwrapException(GrpcUtil.java:75)
	at org.apache.ratis.grpc.client.GrpcClientProtocolClient.blockingCall(GrpcClientProtocolClient.java:184)
	at org.apache.ratis.grpc.client.GrpcClientProtocolClient.groupAdd(GrpcClientProtocolClient.java:153)
	at org.apache.ratis.grpc.client.GrpcClientRpc.sendRequest(GrpcClientRpc.java:94)
	at org.apache.ratis.client.impl.RaftClientImpl.sendRequest(RaftClientImpl.java:278)
	at org.apache.ratis.client.impl.RaftClientImpl.groupAdd(RaftClientImpl.java:205)
	at org.apache.hadoop.hdds.scm.pipeline.RatisPipelineProvider.lambda$initializePipeline$4(RatisPipelineProvider.java:198)
	at org.apache.hadoop.hdds.scm.pipeline.RatisPipelineProvider.lambda$null$5(RatisPipelineProvider.java:233)
	at java.util.stream.ForEachOps$ForEachOp$OfRef.accept(ForEachOps.java:183)
	at java.util.ArrayList$ArrayListSpliterator.forEachRemaining(ArrayList.java:1382)
	at java.util.stream.AbstractPipeline.copyInto(AbstractPipeline.java:482)
	at java.util.stream.ForEachOps$ForEachTask.compute(ForEachOps.java:290)
	at java.util.concurrent.CountedCompleter.exec(CountedCompleter.java:731)
	at java.util.concurrent.ForkJoinTask.doExec(ForkJoinTask.java:289)
	at java.util.concurrent.ForkJoinTask.doInvoke(ForkJoinTask.java:401)
	at java.util.concurrent.ForkJoinTask.invoke(ForkJoinTask.java:734)
	at java.util.stream.ForEachOps$ForEachOp.evaluateParallel(ForEachOps.java:159)
	at java.util.stream.ForEachOps$ForEachOp$OfRef.evaluateParallel(ForEachOps.java:173)
	at java.util.stream.AbstractPipeline.evaluate(AbstractPipeline.java:233)
	at java.util.stream.ReferencePipeline.forEach(ReferencePipeline.java:485)
	at java.util.stream.ReferencePipeline$Head.forEach(ReferencePipeline.java:650)
	at org.apache.hadoop.hdds.scm.pipeline.RatisPipelineProvider.lambda$callRatisRpc$6(RatisPipelineProvider.java:227)
	at java.util.concurrent.ForkJoinTask$AdaptedRunnableAction.exec(ForkJoinTask.java:1386)
	at java.util.concurrent.ForkJoinTask.doExec(ForkJoinTask.java:289)
	at java.util.concurrent.ForkJoinPool$WorkQueue.runTask(ForkJoinPool.java:1056)
	at java.util.concurrent.ForkJoinPool.runWorker(ForkJoinPool.java:1692)
	at java.util.concurrent.ForkJoinWorkerThread.run(ForkJoinWorkerThread.java:157)
Caused by: org.apache.ratis.thirdparty.io.grpc.StatusRuntimeException: DEADLINE_EXCEEDED: deadline exceeded after 2945912245ns
	at org.apache.ratis.thirdparty.io.grpc.stub.ClientCalls.toStatusRuntimeException(ClientCalls.java:233)
	at org.apache.ratis.thirdparty.io.grpc.stub.ClientCalls.getUnchecked(ClientCalls.java:214)
	at org.apache.ratis.thirdparty.io.grpc.stub.ClientCalls.blockingUnaryCall(ClientCalls.java:139)
	at org.apache.ratis.proto.grpc.AdminProtocolServiceGrpc$AdminProtocolServiceBlockingStub.groupManagement(AdminProtocolServiceGrpc.java:274)
	at org.apache.ratis.grpc.client.GrpcClientProtocolClient.lambda$groupAdd$3(GrpcClientProtocolClient.java:155)
	at org.apache.ratis.grpc.client.GrpcClientProtocolClient.blockingCall(GrpcClientProtocolClient.java:182)
	... 25 more
2019-11-11 04:06:06,581 [grpc-default-executor-1] INFO  impl.RaftServerProxy (RaftServerProxy.java:addNew(89)) - 61021d77-0677-40a1-98e7-8ba643935ac0: addNew group-F66482D1AE22:[61021d77-0677-40a1-98e7-8ba643935ac0:192.168.34.63:35377, c04805f0-1fdc-4096-9f0e-017639bb4de5:192.168.34.63:44743, f4ab3ec0-fcec-4fb2-8953-e521da90d916:192.168.34.63:41296] returns group-F66482D1AE22:java.util.concurrent.CompletableFuture@35d435ae[Not completed]
2019-11-11 04:06:06,584 [grpc-default-executor-1] INFO  impl.RaftServerProxy (RaftServerProxy.java:addNew(89)) - f4ab3ec0-fcec-4fb2-8953-e521da90d916: addNew group-F66482D1AE22:[61021d77-0677-40a1-98e7-8ba643935ac0:192.168.34.63:35377, c04805f0-1fdc-4096-9f0e-017639bb4de5:192.168.34.63:44743, f4ab3ec0-fcec-4fb2-8953-e521da90d916:192.168.34.63:41296] returns group-F66482D1AE22:java.util.concurrent.CompletableFuture@2d51c71a[Not completed]
2019-11-11 04:06:06,584 [grpc-default-executor-0] INFO  impl.RaftServerProxy (RaftServerProxy.java:addNew(89)) - c04805f0-1fdc-4096-9f0e-017639bb4de5: addNew group-F66482D1AE22:[61021d77-0677-40a1-98e7-8ba643935ac0:192.168.34.63:35377, c04805f0-1fdc-4096-9f0e-017639bb4de5:192.168.34.63:44743, f4ab3ec0-fcec-4fb2-8953-e521da90d916:192.168.34.63:41296] returns group-F66482D1AE22:java.util.concurrent.CompletableFuture@300fe065[Not completed]
2019-11-11 04:06:06,618 [pool-77-thread-1] INFO  impl.RaftServerImpl (RaftServerImpl.java:<init>(98)) - f4ab3ec0-fcec-4fb2-8953-e521da90d916: new RaftServerImpl for group-F66482D1AE22:[61021d77-0677-40a1-98e7-8ba643935ac0:192.168.34.63:35377, c04805f0-1fdc-4096-9f0e-017639bb4de5:192.168.34.63:44743, f4ab3ec0-fcec-4fb2-8953-e521da90d916:192.168.34.63:41296] with ContainerStateMachine:uninitialized
2019-11-11 04:06:06,619 [pool-77-thread-1] INFO  server.RaftServerConfigKeys (ConfUtils.java:logGet(43)) - raft.server.rpc.timeout.min = 1s (custom)
2019-11-11 04:06:06,621 [pool-77-thread-1] INFO  server.RaftServerConfigKeys (ConfUtils.java:logGet(43)) - raft.server.rpc.timeout.max = 1200ms (custom)
2019-11-11 04:06:06,628 [pool-77-thread-1] INFO  server.RaftServerConfigKeys (ConfUtils.java:logGet(43)) - raft.server.rpcslowness.timeout = 120s (custom)
2019-11-11 04:06:06,641 [pool-77-thread-1] INFO  server.RaftServerConfigKeys (ConfUtils.java:logGet(43)) - raft.server.sleep.deviation.threshold = 300 (default)
2019-11-11 04:06:06,641 [pool-77-thread-1] INFO  server.RaftServerConfigKeys (ConfUtils.java:logGet(43)) - raft.server.log.appender.install.snapshot.enabled = false (custom)
2019-11-11 04:06:06,641 [pool-77-thread-1] INFO  impl.RaftServerImpl (ServerState.java:<init>(103)) - f4ab3ec0-fcec-4fb2-8953-e521da90d916@group-F66482D1AE22: ConfigurationManager, init=-1: [61021d77-0677-40a1-98e7-8ba643935ac0:192.168.34.63:35377, c04805f0-1fdc-4096-9f0e-017639bb4de5:192.168.34.63:44743, f4ab3ec0-fcec-4fb2-8953-e521da90d916:192.168.34.63:41296], old=null, confs=<EMPTY_MAP>
2019-11-11 04:06:06,641 [pool-77-thread-1] INFO  server.RaftServerConfigKeys (ConfUtils.java:logGet(43)) - raft.server.storage.dir = [/workdir/hadoop-ozone/integration-test/target/test-dir/MiniOzoneClusterImpl-6985d1c7-7309-41e2-b49d-91e186e08ffa/datanode-5/data/ratis] (custom)
2019-11-11 04:06:06,643 [pool-77-thread-1] INFO  server.RaftServerConfigKeys (ConfUtils.java:logGet(43)) - raft.server.log.corruption.policy = EXCEPTION (default)
2019-11-11 04:06:06,643 [pool-77-thread-1] INFO  storage.RaftStorageDirectory (RaftStorageDirectory.java:analyzeStorage(246)) - The storage directory /workdir/hadoop-ozone/integration-test/target/test-dir/MiniOzoneClusterImpl-6985d1c7-7309-41e2-b49d-91e186e08ffa/datanode-5/data/ratis/b0183e10-43e1-4291-b0d9-f66482d1ae22 does not exist. Creating ...
2019-11-11 04:06:06,646 [pool-87-thread-1] INFO  impl.RaftServerImpl (RaftServerImpl.java:<init>(98)) - c04805f0-1fdc-4096-9f0e-017639bb4de5: new RaftServerImpl for group-F66482D1AE22:[61021d77-0677-40a1-98e7-8ba643935ac0:192.168.34.63:35377, c04805f0-1fdc-4096-9f0e-017639bb4de5:192.168.34.63:44743, f4ab3ec0-fcec-4fb2-8953-e521da90d916:192.168.34.63:41296] with ContainerStateMachine:uninitialized
2019-11-11 04:06:06,646 [pool-87-thread-1] INFO  server.RaftServerConfigKeys (ConfUtils.java:logGet(43)) - raft.server.rpc.timeout.min = 1s (custom)
2019-11-11 04:06:06,646 [pool-87-thread-1] INFO  server.RaftServerConfigKeys (ConfUtils.java:logGet(43)) - raft.server.rpc.timeout.max = 1200ms (custom)
2019-11-11 04:06:06,646 [pool-87-thread-1] INFO  server.RaftServerConfigKeys (ConfUtils.java:logGet(43)) - raft.server.rpcslowness.timeout = 120s (custom)
2019-11-11 04:06:06,646 [pool-87-thread-1] INFO  server.RaftServerConfigKeys (ConfUtils.java:logGet(43)) - raft.server.sleep.deviation.threshold = 300 (default)
2019-11-11 04:06:06,647 [pool-87-thread-1] INFO  server.RaftServerConfigKeys (ConfUtils.java:logGet(43)) - raft.server.log.appender.install.snapshot.enabled = false (custom)
2019-11-11 04:06:06,647 [pool-87-thread-1] INFO  impl.RaftServerImpl (ServerState.java:<init>(103)) - c04805f0-1fdc-4096-9f0e-017639bb4de5@group-F66482D1AE22: ConfigurationManager, init=-1: [61021d77-0677-40a1-98e7-8ba643935ac0:192.168.34.63:35377, c04805f0-1fdc-4096-9f0e-017639bb4de5:192.168.34.63:44743, f4ab3ec0-fcec-4fb2-8953-e521da90d916:192.168.34.63:41296], old=null, confs=<EMPTY_MAP>
2019-11-11 04:06:06,647 [pool-87-thread-1] INFO  server.RaftServerConfigKeys (ConfUtils.java:logGet(43)) - raft.server.storage.dir = [/workdir/hadoop-ozone/integration-test/target/test-dir/MiniOzoneClusterImpl-6985d1c7-7309-41e2-b49d-91e186e08ffa/datanode-6/data/ratis] (custom)
2019-11-11 04:06:06,647 [pool-87-thread-1] INFO  server.RaftServerConfigKeys (ConfUtils.java:logGet(43)) - raft.server.log.corruption.policy = EXCEPTION (default)
2019-11-11 04:06:06,647 [pool-87-thread-1] INFO  storage.RaftStorageDirectory (RaftStorageDirectory.java:analyzeStorage(246)) - The storage directory /workdir/hadoop-ozone/integration-test/target/test-dir/MiniOzoneClusterImpl-6985d1c7-7309-41e2-b49d-91e186e08ffa/datanode-6/data/ratis/b0183e10-43e1-4291-b0d9-f66482d1ae22 does not exist. Creating ...
2019-11-11 04:06:06,915 [main] INFO  ozone.MiniOzoneClusterImpl (MiniOzoneClusterImpl.java:lambda$waitForClusterToBeReady$0(147)) - Waiting for cluster to be ready. Got 7 of 10 DN Heartbeats.
2019-11-11 04:06:07,916 [main] INFO  ozone.MiniOzoneClusterImpl (MiniOzoneClusterImpl.java:lambda$waitForClusterToBeReady$0(147)) - Waiting for cluster to be ready. Got 7 of 10 DN Heartbeats.
2019-11-11 04:06:08,498 [Datanode State Machine Thread - 0] INFO  ozoneimpl.OzoneContainer (OzoneContainer.java:start(218)) - Attempting to start container services.
2019-11-11 04:06:08,498 [Datanode State Machine Thread - 0] INFO  ozoneimpl.OzoneContainer (OzoneContainer.java:start(218)) - Attempting to start container services.
2019-11-11 04:06:08,498 [Datanode State Machine Thread - 0] INFO  ozoneimpl.OzoneContainer (OzoneContainer.java:start(218)) - Attempting to start container services.
2019-11-11 04:06:08,499 [Datanode State Machine Thread - 0] INFO  ozoneimpl.OzoneContainer (OzoneContainer.java:startContainerScrub(182)) - Background container scanner has been disabled.
2019-11-11 04:06:08,499 [Datanode State Machine Thread - 0] INFO  ozoneimpl.OzoneContainer (OzoneContainer.java:startContainerScrub(182)) - Background container scanner has been disabled.
2019-11-11 04:06:08,499 [Datanode State Machine Thread - 0] INFO  ratis.XceiverServerRatis (XceiverServerRatis.java:start(414)) - Starting XceiverServerRatis 2c20ae6c-af6b-4306-aa25-2e8ec2c82706 at port 0
2019-11-11 04:06:08,499 [Datanode State Machine Thread - 0] INFO  ozoneimpl.OzoneContainer (OzoneContainer.java:startContainerScrub(182)) - Background container scanner has been disabled.
2019-11-11 04:06:08,499 [Datanode State Machine Thread - 0] INFO  ratis.XceiverServerRatis (XceiverServerRatis.java:start(414)) - Starting XceiverServerRatis 9a305e64-7592-4199-ba7e-8c2223e9b548 at port 0
2019-11-11 04:06:08,500 [Datanode State Machine Thread - 0] INFO  ratis.XceiverServerRatis (XceiverServerRatis.java:start(414)) - Starting XceiverServerRatis d24f89af-25ea-4b26-b566-5a51e64771d7 at port 0
2019-11-11 04:06:08,593 [Datanode State Machine Thread - 0] INFO  impl.RaftServerProxy (RaftServerProxy.java:lambda$start$3(299)) - 2c20ae6c-af6b-4306-aa25-2e8ec2c82706: start RPC server
2019-11-11 04:06:08,597 [Datanode State Machine Thread - 0] INFO  server.GrpcService (GrpcService.java:startImpl(158)) - 2c20ae6c-af6b-4306-aa25-2e8ec2c82706: GrpcService started, listening on 0.0.0.0/0.0.0.0:40405
2019-11-11 04:06:08,598 [Datanode State Machine Thread - 0] INFO  ratis.XceiverServerRatis (XceiverServerRatis.java:start(424)) - XceiverServerRatis 2c20ae6c-af6b-4306-aa25-2e8ec2c82706 is started using port 40405
2019-11-11 04:06:08,605 [Datanode State Machine Thread - 0] INFO  server.XceiverServerGrpc (XceiverServerGrpc.java:start(145)) - XceiverServerGrpc 2c20ae6c-af6b-4306-aa25-2e8ec2c82706 is started using port 36617
2019-11-11 04:06:08,644 [Datanode State Machine Thread - 0] INFO  impl.RaftServerProxy (RaftServerProxy.java:lambda$start$3(299)) - d24f89af-25ea-4b26-b566-5a51e64771d7: start RPC server
2019-11-11 04:06:08,648 [Datanode State Machine Thread - 0] INFO  server.GrpcService (GrpcService.java:startImpl(158)) - d24f89af-25ea-4b26-b566-5a51e64771d7: GrpcService started, listening on 0.0.0.0/0.0.0.0:42866
2019-11-11 04:06:08,648 [Datanode State Machine Thread - 0] INFO  ratis.XceiverServerRatis (XceiverServerRatis.java:start(424)) - XceiverServerRatis d24f89af-25ea-4b26-b566-5a51e64771d7 is started using port 42866
2019-11-11 04:06:08,652 [Datanode State Machine Thread - 0] INFO  server.XceiverServerGrpc (XceiverServerGrpc.java:start(145)) - XceiverServerGrpc d24f89af-25ea-4b26-b566-5a51e64771d7 is started using port 41015
2019-11-11 04:06:08,652 [Datanode State Machine Thread - 0] INFO  impl.RaftServerProxy (RaftServerProxy.java:lambda$start$3(299)) - 9a305e64-7592-4199-ba7e-8c2223e9b548: start RPC server
2019-11-11 04:06:08,657 [Datanode State Machine Thread - 0] INFO  server.GrpcService (GrpcService.java:startImpl(158)) - 9a305e64-7592-4199-ba7e-8c2223e9b548: GrpcService started, listening on 0.0.0.0/0.0.0.0:35969
2019-11-11 04:06:08,658 [Datanode State Machine Thread - 0] INFO  ratis.XceiverServerRatis (XceiverServerRatis.java:start(424)) - XceiverServerRatis 9a305e64-7592-4199-ba7e-8c2223e9b548 is started using port 35969
2019-11-11 04:06:08,680 [Datanode State Machine Thread - 0] INFO  server.XceiverServerGrpc (XceiverServerGrpc.java:start(145)) - XceiverServerGrpc 9a305e64-7592-4199-ba7e-8c2223e9b548 is started using port 46395
2019-11-11 04:06:08,916 [main] INFO  ozone.MiniOzoneClusterImpl (MiniOzoneClusterImpl.java:lambda$waitForClusterToBeReady$0(147)) - Waiting for cluster to be ready. Got 7 of 10 DN Heartbeats.
2019-11-11 04:06:09,548 [RATISCREATEPIPELINE3] ERROR pipeline.RatisPipelineProvider (RatisPipelineProvider.java:lambda$null$5(237)) - Failed invoke Ratis rpc org.apache.hadoop.hdds.scm.pipeline.RatisPipelineProvider$$Lambda$222/879409264@7532966b for c04805f0-1fdc-4096-9f0e-017639bb4de5
org.apache.ratis.protocol.TimeoutIOException: deadline exceeded after 2999668708ns
	at org.apache.ratis.grpc.GrpcUtil.tryUnwrapException(GrpcUtil.java:82)
	at org.apache.ratis.grpc.GrpcUtil.unwrapException(GrpcUtil.java:75)
	at org.apache.ratis.grpc.client.GrpcClientProtocolClient.blockingCall(GrpcClientProtocolClient.java:184)
	at org.apache.ratis.grpc.client.GrpcClientProtocolClient.groupAdd(GrpcClientProtocolClient.java:153)
	at org.apache.ratis.grpc.client.GrpcClientRpc.sendRequest(GrpcClientRpc.java:94)
	at org.apache.ratis.client.impl.RaftClientImpl.sendRequest(RaftClientImpl.java:278)
	at org.apache.ratis.client.impl.RaftClientImpl.groupAdd(RaftClientImpl.java:205)
	at org.apache.hadoop.hdds.scm.pipeline.RatisPipelineProvider.lambda$initializePipeline$4(RatisPipelineProvider.java:198)
	at org.apache.hadoop.hdds.scm.pipeline.RatisPipelineProvider.lambda$null$5(RatisPipelineProvider.java:233)
	at java.util.stream.ForEachOps$ForEachOp$OfRef.accept(ForEachOps.java:183)
	at java.util.ArrayList$ArrayListSpliterator.forEachRemaining(ArrayList.java:1382)
	at java.util.stream.AbstractPipeline.copyInto(AbstractPipeline.java:482)
	at java.util.stream.ForEachOps$ForEachTask.compute(ForEachOps.java:290)
	at java.util.concurrent.CountedCompleter.exec(CountedCompleter.java:731)
	at java.util.concurrent.ForkJoinTask.doExec(ForkJoinTask.java:289)
	at java.util.concurrent.ForkJoinPool$WorkQueue.runTask(ForkJoinPool.java:1056)
	at java.util.concurrent.ForkJoinPool.runWorker(ForkJoinPool.java:1692)
	at java.util.concurrent.ForkJoinWorkerThread.run(ForkJoinWorkerThread.java:157)
Caused by: org.apache.ratis.thirdparty.io.grpc.StatusRuntimeException: DEADLINE_EXCEEDED: deadline exceeded after 2999668708ns
	at org.apache.ratis.thirdparty.io.grpc.stub.ClientCalls.toStatusRuntimeException(ClientCalls.java:233)
	at org.apache.ratis.thirdparty.io.grpc.stub.ClientCalls.getUnchecked(ClientCalls.java:214)
	at org.apache.ratis.thirdparty.io.grpc.stub.ClientCalls.blockingUnaryCall(ClientCalls.java:139)
	at org.apache.ratis.proto.grpc.AdminProtocolServiceGrpc$AdminProtocolServiceBlockingStub.groupManagement(AdminProtocolServiceGrpc.java:274)
	at org.apache.ratis.grpc.client.GrpcClientProtocolClient.lambda$groupAdd$3(GrpcClientProtocolClient.java:155)
	at org.apache.ratis.grpc.client.GrpcClientProtocolClient.blockingCall(GrpcClientProtocolClient.java:182)
	... 15 more
2019-11-11 04:06:09,550 [RATISCREATEPIPELINE2] ERROR pipeline.RatisPipelineProvider (RatisPipelineProvider.java:lambda$null$5(237)) - Failed invoke Ratis rpc org.apache.hadoop.hdds.scm.pipeline.RatisPipelineProvider$$Lambda$222/879409264@7532966b for 61021d77-0677-40a1-98e7-8ba643935ac0
org.apache.ratis.protocol.TimeoutIOException: deadline exceeded after 2996305964ns
	at org.apache.ratis.grpc.GrpcUtil.tryUnwrapException(GrpcUtil.java:82)
	at org.apache.ratis.grpc.GrpcUtil.unwrapException(GrpcUtil.java:75)
	at org.apache.ratis.grpc.client.GrpcClientProtocolClient.blockingCall(GrpcClientProtocolClient.java:184)
	at org.apache.ratis.grpc.client.GrpcClientProtocolClient.groupAdd(GrpcClientProtocolClient.java:153)
	at org.apache.ratis.grpc.client.GrpcClientRpc.sendRequest(GrpcClientRpc.java:94)
	at org.apache.ratis.client.impl.RaftClientImpl.sendRequest(RaftClientImpl.java:278)
	at org.apache.ratis.client.impl.RaftClientImpl.groupAdd(RaftClientImpl.java:205)
	at org.apache.hadoop.hdds.scm.pipeline.RatisPipelineProvider.lambda$initializePipeline$4(RatisPipelineProvider.java:198)
	at org.apache.hadoop.hdds.scm.pipeline.RatisPipelineProvider.lambda$null$5(RatisPipelineProvider.java:233)
	at java.util.stream.ForEachOps$ForEachOp$OfRef.accept(ForEachOps.java:183)
	at java.util.ArrayList$ArrayListSpliterator.forEachRemaining(ArrayList.java:1382)
	at java.util.stream.AbstractPipeline.copyInto(AbstractPipeline.java:482)
	at java.util.stream.ForEachOps$ForEachTask.compute(ForEachOps.java:290)
	at java.util.concurrent.CountedCompleter.exec(CountedCompleter.java:731)
	at java.util.concurrent.ForkJoinTask.doExec(ForkJoinTask.java:289)
	at java.util.concurrent.ForkJoinPool$WorkQueue.runTask(ForkJoinPool.java:1056)
	at java.util.concurrent.ForkJoinPool.runWorker(ForkJoinPool.java:1692)
	at java.util.concurrent.ForkJoinWorkerThread.run(ForkJoinWorkerThread.java:157)
Caused by: org.apache.ratis.thirdparty.io.grpc.StatusRuntimeException: DEADLINE_EXCEEDED: deadline exceeded after 2996305964ns
	at org.apache.ratis.thirdparty.io.grpc.stub.ClientCalls.toStatusRuntimeException(ClientCalls.java:233)
	at org.apache.ratis.thirdparty.io.grpc.stub.ClientCalls.getUnchecked(ClientCalls.java:214)
	at org.apache.ratis.thirdparty.io.grpc.stub.ClientCalls.blockingUnaryCall(ClientCalls.java:139)
	at org.apache.ratis.proto.grpc.AdminProtocolServiceGrpc$AdminProtocolServiceBlockingStub.groupManagement(AdminProtocolServiceGrpc.java:274)
	at org.apache.ratis.grpc.client.GrpcClientProtocolClient.lambda$groupAdd$3(GrpcClientProtocolClient.java:155)
	at org.apache.ratis.grpc.client.GrpcClientProtocolClient.blockingCall(GrpcClientProtocolClient.java:182)
	... 15 more
2019-11-11 04:06:09,548 [RATISCREATEPIPELINE1] ERROR pipeline.RatisPipelineProvider (RatisPipelineProvider.java:lambda$null$5(237)) - Failed invoke Ratis rpc org.apache.hadoop.hdds.scm.pipeline.RatisPipelineProvider$$Lambda$222/879409264@7532966b for f4ab3ec0-fcec-4fb2-8953-e521da90d916
org.apache.ratis.protocol.TimeoutIOException: deadline exceeded after 2999729434ns
	at org.apache.ratis.grpc.GrpcUtil.tryUnwrapException(GrpcUtil.java:82)
	at org.apache.ratis.grpc.GrpcUtil.unwrapException(GrpcUtil.java:75)
	at org.apache.ratis.grpc.client.GrpcClientProtocolClient.blockingCall(GrpcClientProtocolClient.java:184)
	at org.apache.ratis.grpc.client.GrpcClientProtocolClient.groupAdd(GrpcClientProtocolClient.java:153)
	at org.apache.ratis.grpc.client.GrpcClientRpc.sendRequest(GrpcClientRpc.java:94)
	at org.apache.ratis.client.impl.RaftClientImpl.sendRequest(RaftClientImpl.java:278)
	at org.apache.ratis.client.impl.RaftClientImpl.groupAdd(RaftClientImpl.java:205)
	at org.apache.hadoop.hdds.scm.pipeline.RatisPipelineProvider.lambda$initializePipeline$4(RatisPipelineProvider.java:198)
	at org.apache.hadoop.hdds.scm.pipeline.RatisPipelineProvider.lambda$null$5(RatisPipelineProvider.java:233)
	at java.util.stream.ForEachOps$ForEachOp$OfRef.accept(ForEachOps.java:183)
	at java.util.ArrayList$ArrayListSpliterator.forEachRemaining(ArrayList.java:1382)
	at java.util.stream.AbstractPipeline.copyInto(AbstractPipeline.java:482)
	at java.util.stream.ForEachOps$ForEachTask.compute(ForEachOps.java:290)
	at java.util.concurrent.CountedCompleter.exec(CountedCompleter.java:731)
	at java.util.concurrent.ForkJoinTask.doExec(ForkJoinTask.java:289)
	at java.util.concurrent.ForkJoinTask.doInvoke(ForkJoinTask.java:401)
	at java.util.concurrent.ForkJoinTask.invoke(ForkJoinTask.java:734)
	at java.util.stream.ForEachOps$ForEachOp.evaluateParallel(ForEachOps.java:159)
	at java.util.stream.ForEachOps$ForEachOp$OfRef.evaluateParallel(ForEachOps.java:173)
	at java.util.stream.AbstractPipeline.evaluate(AbstractPipeline.java:233)
	at java.util.stream.ReferencePipeline.forEach(ReferencePipeline.java:485)
	at java.util.stream.ReferencePipeline$Head.forEach(ReferencePipeline.java:650)
	at org.apache.hadoop.hdds.scm.pipeline.RatisPipelineProvider.lambda$callRatisRpc$6(RatisPipelineProvider.java:227)
	at java.util.concurrent.ForkJoinTask$AdaptedRunnableAction.exec(ForkJoinTask.java:1386)
	at java.util.concurrent.ForkJoinTask.doExec(ForkJoinTask.java:289)
	at java.util.concurrent.ForkJoinPool$WorkQueue.runTask(ForkJoinPool.java:1056)
	at java.util.concurrent.ForkJoinPool.runWorker(ForkJoinPool.java:1692)
	at java.util.concurrent.ForkJoinWorkerThread.run(ForkJoinWorkerThread.java:157)
Caused by: org.apache.ratis.thirdparty.io.grpc.StatusRuntimeException: DEADLINE_EXCEEDED: deadline exceeded after 2999729434ns
	at org.apache.ratis.thirdparty.io.grpc.stub.ClientCalls.toStatusRuntimeException(ClientCalls.java:233)
	at org.apache.ratis.thirdparty.io.grpc.stub.ClientCalls.getUnchecked(ClientCalls.java:214)
	at org.apache.ratis.thirdparty.io.grpc.stub.ClientCalls.blockingUnaryCall(ClientCalls.java:139)
	at org.apache.ratis.proto.grpc.AdminProtocolServiceGrpc$AdminProtocolServiceBlockingStub.groupManagement(AdminProtocolServiceGrpc.java:274)
	at org.apache.ratis.grpc.client.GrpcClientProtocolClient.lambda$groupAdd$3(GrpcClientProtocolClient.java:155)
	at org.apache.ratis.grpc.client.GrpcClientProtocolClient.blockingCall(GrpcClientProtocolClient.java:182)
	... 25 more
2019-11-11 04:06:09,578 [grpc-default-executor-0] INFO  impl.RaftServerProxy (RaftServerProxy.java:addNew(89)) - 61021d77-0677-40a1-98e7-8ba643935ac0: addNew group-E3209F2AD3E3:[61021d77-0677-40a1-98e7-8ba643935ac0:192.168.34.63:35377] returns group-E3209F2AD3E3:java.util.concurrent.CompletableFuture@696889db[Not completed]
2019-11-11 04:06:09,770 [IPC Server handler 9 on 32797] INFO  net.NetworkTopology (NetworkTopologyImpl.java:add(111)) - Added a new node: /default-rack/9a305e64-7592-4199-ba7e-8c2223e9b548
2019-11-11 04:06:09,770 [IPC Server handler 9 on 32797] INFO  node.SCMNodeManager (SCMNodeManager.java:register(267)) - Registered Data node : 9a305e64-7592-4199-ba7e-8c2223e9b548{ip: 192.168.34.63, host: trunk-nightly-20191111-g5xpl-2663879777, networkLocation: /default-rack, certSerialId: null}
2019-11-11 04:06:09,843 [IPC Server handler 11 on 32797] INFO  net.NetworkTopology (NetworkTopologyImpl.java:add(111)) - Added a new node: /default-rack/d24f89af-25ea-4b26-b566-5a51e64771d7
2019-11-11 04:06:09,843 [IPC Server handler 11 on 32797] INFO  node.SCMNodeManager (SCMNodeManager.java:register(267)) - Registered Data node : d24f89af-25ea-4b26-b566-5a51e64771d7{ip: 192.168.34.63, host: trunk-nightly-20191111-g5xpl-2663879777, networkLocation: /default-rack, certSerialId: null}
2019-11-11 04:06:09,910 [IPC Server handler 14 on 32797] INFO  net.NetworkTopology (NetworkTopologyImpl.java:add(111)) - Added a new node: /default-rack/2c20ae6c-af6b-4306-aa25-2e8ec2c82706
2019-11-11 04:06:09,911 [IPC Server handler 14 on 32797] INFO  node.SCMNodeManager (SCMNodeManager.java:register(267)) - Registered Data node : 2c20ae6c-af6b-4306-aa25-2e8ec2c82706{ip: 192.168.34.63, host: trunk-nightly-20191111-g5xpl-2663879777, networkLocation: /default-rack, certSerialId: null}
2019-11-11 04:06:09,917 [main] INFO  ozone.MiniOzoneClusterImpl (MiniOzoneClusterImpl.java:lambda$waitForClusterToBeReady$0(147)) - Cluster is ready. Got 10 of 10 DN Heartbeats.
2019-11-11 04:06:10,383 [main] INFO  rpc.RpcClient (RpcClient.java:createVolume(292)) - Creating Volume: datanodefailurehandlingtest, with jenkins1000 as owner.
2019-11-11 04:06:10,482 [IPC Server handler 5 on 37204] INFO  volume.OMVolumeCreateRequest (OMVolumeCreateRequest.java:validateAndUpdateCache(193)) - created volume:datanodefailurehandlingtest for user:jenkins1000
2019-11-11 04:06:11,468 [pool-27-thread-1] INFO  storage.RaftStorageDirectory (RaftStorageDirectory.java:tryLock(328)) - Lock on /workdir/hadoop-ozone/integration-test/target/test-dir/MiniOzoneClusterImpl-6985d1c7-7309-41e2-b49d-91e186e08ffa/datanode-0/data/ratis/e020d8e2-907a-45c8-9efe-051800ac1a6c/in_use.lock acquired by nodename 22000@trunk-nightly-20191111-g5xpl-2663879777
2019-11-11 04:06:11,468 [pool-87-thread-1] INFO  storage.RaftStorageDirectory (RaftStorageDirectory.java:tryLock(328)) - Lock on /workdir/hadoop-ozone/integration-test/target/test-dir/MiniOzoneClusterImpl-6985d1c7-7309-41e2-b49d-91e186e08ffa/datanode-6/data/ratis/b0183e10-43e1-4291-b0d9-f66482d1ae22/in_use.lock acquired by nodename 22000@trunk-nightly-20191111-g5xpl-2663879777
2019-11-11 04:06:11,468 [pool-77-thread-1] INFO  storage.RaftStorageDirectory (RaftStorageDirectory.java:tryLock(328)) - Lock on /workdir/hadoop-ozone/integration-test/target/test-dir/MiniOzoneClusterImpl-6985d1c7-7309-41e2-b49d-91e186e08ffa/datanode-5/data/ratis/b0183e10-43e1-4291-b0d9-f66482d1ae22/in_use.lock acquired by nodename 22000@trunk-nightly-20191111-g5xpl-2663879777
2019-11-11 04:06:12,572 [RATISCREATEPIPELINE1] ERROR pipeline.RatisPipelineProvider (RatisPipelineProvider.java:lambda$null$5(237)) - Failed invoke Ratis rpc org.apache.hadoop.hdds.scm.pipeline.RatisPipelineProvider$$Lambda$222/879409264@25ef829c for 61021d77-0677-40a1-98e7-8ba643935ac0
org.apache.ratis.protocol.TimeoutIOException: deadline exceeded after 2999725177ns
	at org.apache.ratis.grpc.GrpcUtil.tryUnwrapException(GrpcUtil.java:82)
	at org.apache.ratis.grpc.GrpcUtil.unwrapException(GrpcUtil.java:75)
	at org.apache.ratis.grpc.client.GrpcClientProtocolClient.blockingCall(GrpcClientProtocolClient.java:184)
	at org.apache.ratis.grpc.client.GrpcClientProtocolClient.groupAdd(GrpcClientProtocolClient.java:153)
	at org.apache.ratis.grpc.client.GrpcClientRpc.sendRequest(GrpcClientRpc.java:94)
	at org.apache.ratis.client.impl.RaftClientImpl.sendRequest(RaftClientImpl.java:278)
	at org.apache.ratis.client.impl.RaftClientImpl.groupAdd(RaftClientImpl.java:205)
	at org.apache.hadoop.hdds.scm.pipeline.RatisPipelineProvider.lambda$initializePipeline$4(RatisPipelineProvider.java:198)
	at org.apache.hadoop.hdds.scm.pipeline.RatisPipelineProvider.lambda$null$5(RatisPipelineProvider.java:233)
	at java.util.stream.ForEachOps$ForEachOp$OfRef.accept(ForEachOps.java:183)
	at java.util.ArrayList$ArrayListSpliterator.forEachRemaining(ArrayList.java:1382)
	at java.util.stream.AbstractPipeline.copyInto(AbstractPipeline.java:482)
	at java.util.stream.ForEachOps$ForEachTask.compute(ForEachOps.java:290)
	at java.util.concurrent.CountedCompleter.exec(CountedCompleter.java:731)
	at java.util.concurrent.ForkJoinTask.doExec(ForkJoinTask.java:289)
	at java.util.concurrent.ForkJoinTask.doInvoke(ForkJoinTask.java:401)
	at java.util.concurrent.ForkJoinTask.invoke(ForkJoinTask.java:734)
	at java.util.stream.ForEachOps$ForEachOp.evaluateParallel(ForEachOps.java:159)
	at java.util.stream.ForEachOps$ForEachOp$OfRef.evaluateParallel(ForEachOps.java:173)
	at java.util.stream.AbstractPipeline.evaluate(AbstractPipeline.java:233)
	at java.util.stream.ReferencePipeline.forEach(ReferencePipeline.java:485)
	at java.util.stream.ReferencePipeline$Head.forEach(ReferencePipeline.java:650)
	at org.apache.hadoop.hdds.scm.pipeline.RatisPipelineProvider.lambda$callRatisRpc$6(RatisPipelineProvider.java:227)
	at java.util.concurrent.ForkJoinTask$AdaptedRunnableAction.exec(ForkJoinTask.java:1386)
	at java.util.concurrent.ForkJoinTask.doExec(ForkJoinTask.java:289)
	at java.util.concurrent.ForkJoinPool$WorkQueue.runTask(ForkJoinPool.java:1056)
	at java.util.concurrent.ForkJoinPool.runWorker(ForkJoinPool.java:1692)
	at java.util.concurrent.ForkJoinWorkerThread.run(ForkJoinWorkerThread.java:157)
Caused by: org.apache.ratis.thirdparty.io.grpc.StatusRuntimeException: DEADLINE_EXCEEDED: deadline exceeded after 2999725177ns
	at org.apache.ratis.thirdparty.io.grpc.stub.ClientCalls.toStatusRuntimeException(ClientCalls.java:233)
	at org.apache.ratis.thirdparty.io.grpc.stub.ClientCalls.getUnchecked(ClientCalls.java:214)
	at org.apache.ratis.thirdparty.io.grpc.stub.ClientCalls.blockingUnaryCall(ClientCalls.java:139)
	at org.apache.ratis.proto.grpc.AdminProtocolServiceGrpc$AdminProtocolServiceBlockingStub.groupManagement(AdminProtocolServiceGrpc.java:274)
	at org.apache.ratis.grpc.client.GrpcClientProtocolClient.lambda$groupAdd$3(GrpcClientProtocolClient.java:155)
	at org.apache.ratis.grpc.client.GrpcClientProtocolClient.blockingCall(GrpcClientProtocolClient.java:182)
	... 25 more
2019-11-11 04:06:12,623 [grpc-default-executor-0] INFO  impl.RaftServerProxy (RaftServerProxy.java:addNew(89)) - 61021d77-0677-40a1-98e7-8ba643935ac0: addNew group-39D510FFD81F:[61021d77-0677-40a1-98e7-8ba643935ac0:192.168.34.63:35377, 9a305e64-7592-4199-ba7e-8c2223e9b548:192.168.34.63:35969, f4ab3ec0-fcec-4fb2-8953-e521da90d916:192.168.34.63:41296] returns group-39D510FFD81F:java.util.concurrent.CompletableFuture@4ea2691c[Not completed]
2019-11-11 04:06:12,626 [grpc-default-executor-1] INFO  impl.RaftServerProxy (RaftServerProxy.java:addNew(89)) - 9a305e64-7592-4199-ba7e-8c2223e9b548: addNew group-39D510FFD81F:[61021d77-0677-40a1-98e7-8ba643935ac0:192.168.34.63:35377, 9a305e64-7592-4199-ba7e-8c2223e9b548:192.168.34.63:35969, f4ab3ec0-fcec-4fb2-8953-e521da90d916:192.168.34.63:41296] returns group-39D510FFD81F:java.util.concurrent.CompletableFuture@33b32e2d[Not completed]
2019-11-11 04:06:12,626 [grpc-default-executor-0] INFO  impl.RaftServerProxy (RaftServerProxy.java:addNew(89)) - f4ab3ec0-fcec-4fb2-8953-e521da90d916: addNew group-39D510FFD81F:[61021d77-0677-40a1-98e7-8ba643935ac0:192.168.34.63:35377, 9a305e64-7592-4199-ba7e-8c2223e9b548:192.168.34.63:35969, f4ab3ec0-fcec-4fb2-8953-e521da90d916:192.168.34.63:41296] returns group-39D510FFD81F:java.util.concurrent.CompletableFuture@2d6c4728[Not completed]
2019-11-11 04:06:12,632 [pool-97-thread-1] INFO  impl.RaftServerImpl (RaftServerImpl.java:<init>(98)) - 9a305e64-7592-4199-ba7e-8c2223e9b548: new RaftServerImpl for group-39D510FFD81F:[61021d77-0677-40a1-98e7-8ba643935ac0:192.168.34.63:35377, 9a305e64-7592-4199-ba7e-8c2223e9b548:192.168.34.63:35969, f4ab3ec0-fcec-4fb2-8953-e521da90d916:192.168.34.63:41296] with ContainerStateMachine:uninitialized
2019-11-11 04:06:12,632 [pool-97-thread-1] INFO  server.RaftServerConfigKeys (ConfUtils.java:logGet(43)) - raft.server.rpc.timeout.min = 1s (custom)
2019-11-11 04:06:12,632 [pool-97-thread-1] INFO  server.RaftServerConfigKeys (ConfUtils.java:logGet(43)) - raft.server.rpc.timeout.max = 1200ms (custom)
2019-11-11 04:06:12,632 [pool-97-thread-1] INFO  server.RaftServerConfigKeys (ConfUtils.java:logGet(43)) - raft.server.rpcslowness.timeout = 120s (custom)
2019-11-11 04:06:12,632 [pool-97-thread-1] INFO  server.RaftServerConfigKeys (ConfUtils.java:logGet(43)) - raft.server.sleep.deviation.threshold = 300 (default)
2019-11-11 04:06:12,633 [pool-97-thread-1] INFO  server.RaftServerConfigKeys (ConfUtils.java:logGet(43)) - raft.server.log.appender.install.snapshot.enabled = false (custom)
2019-11-11 04:06:12,633 [pool-97-thread-1] INFO  impl.RaftServerImpl (ServerState.java:<init>(103)) - 9a305e64-7592-4199-ba7e-8c2223e9b548@group-39D510FFD81F: ConfigurationManager, init=-1: [61021d77-0677-40a1-98e7-8ba643935ac0:192.168.34.63:35377, 9a305e64-7592-4199-ba7e-8c2223e9b548:192.168.34.63:35969, f4ab3ec0-fcec-4fb2-8953-e521da90d916:192.168.34.63:41296], old=null, confs=<EMPTY_MAP>
2019-11-11 04:06:12,633 [pool-97-thread-1] INFO  server.RaftServerConfigKeys (ConfUtils.java:logGet(43)) - raft.server.storage.dir = [/workdir/hadoop-ozone/integration-test/target/test-dir/MiniOzoneClusterImpl-6985d1c7-7309-41e2-b49d-91e186e08ffa/datanode-7/data/ratis] (custom)
2019-11-11 04:06:12,634 [pool-97-thread-1] INFO  server.RaftServerConfigKeys (ConfUtils.java:logGet(43)) - raft.server.log.corruption.policy = EXCEPTION (default)
2019-11-11 04:06:12,634 [pool-97-thread-1] INFO  storage.RaftStorageDirectory (RaftStorageDirectory.java:analyzeStorage(246)) - The storage directory /workdir/hadoop-ozone/integration-test/target/test-dir/MiniOzoneClusterImpl-6985d1c7-7309-41e2-b49d-91e186e08ffa/datanode-7/data/ratis/d517d0ef-3a8f-4404-aa3a-39d510ffd81f does not exist. Creating ...
2019-11-11 04:06:15,597 [RATISCREATEPIPELINE3] ERROR pipeline.RatisPipelineProvider (RatisPipelineProvider.java:lambda$null$5(237)) - Failed invoke Ratis rpc org.apache.hadoop.hdds.scm.pipeline.RatisPipelineProvider$$Lambda$222/879409264@3fd3a21a for 9a305e64-7592-4199-ba7e-8c2223e9b548
org.apache.ratis.protocol.TimeoutIOException: deadline exceeded after 2994815922ns
	at org.apache.ratis.grpc.GrpcUtil.tryUnwrapException(GrpcUtil.java:82)
	at org.apache.ratis.grpc.GrpcUtil.unwrapException(GrpcUtil.java:75)
	at org.apache.ratis.grpc.client.GrpcClientProtocolClient.blockingCall(GrpcClientProtocolClient.java:184)
	at org.apache.ratis.grpc.client.GrpcClientProtocolClient.groupAdd(GrpcClientProtocolClient.java:153)
	at org.apache.ratis.grpc.client.GrpcClientRpc.sendRequest(GrpcClientRpc.java:94)
	at org.apache.ratis.client.impl.RaftClientImpl.sendRequest(RaftClientImpl.java:278)
	at org.apache.ratis.client.impl.RaftClientImpl.groupAdd(RaftClientImpl.java:205)
	at org.apache.hadoop.hdds.scm.pipeline.RatisPipelineProvider.lambda$initializePipeline$4(RatisPipelineProvider.java:198)
	at org.apache.hadoop.hdds.scm.pipeline.RatisPipelineProvider.lambda$null$5(RatisPipelineProvider.java:233)
	at java.util.stream.ForEachOps$ForEachOp$OfRef.accept(ForEachOps.java:183)
	at java.util.ArrayList$ArrayListSpliterator.forEachRemaining(ArrayList.java:1382)
	at java.util.stream.AbstractPipeline.copyInto(AbstractPipeline.java:482)
	at java.util.stream.ForEachOps$ForEachTask.compute(ForEachOps.java:290)
	at java.util.concurrent.CountedCompleter.exec(CountedCompleter.java:731)
	at java.util.concurrent.ForkJoinTask.doExec(ForkJoinTask.java:289)
	at java.util.concurrent.ForkJoinPool$WorkQueue.runTask(ForkJoinPool.java:1056)
	at java.util.concurrent.ForkJoinPool.runWorker(ForkJoinPool.java:1692)
	at java.util.concurrent.ForkJoinWorkerThread.run(ForkJoinWorkerThread.java:157)
Caused by: org.apache.ratis.thirdparty.io.grpc.StatusRuntimeException: DEADLINE_EXCEEDED: deadline exceeded after 2994815922ns
	at org.apache.ratis.thirdparty.io.grpc.stub.ClientCalls.toStatusRuntimeException(ClientCalls.java:233)
	at org.apache.ratis.thirdparty.io.grpc.stub.ClientCalls.getUnchecked(ClientCalls.java:214)
	at org.apache.ratis.thirdparty.io.grpc.stub.ClientCalls.blockingUnaryCall(ClientCalls.java:139)
	at org.apache.ratis.proto.grpc.AdminProtocolServiceGrpc$AdminProtocolServiceBlockingStub.groupManagement(AdminProtocolServiceGrpc.java:274)
	at org.apache.ratis.grpc.client.GrpcClientProtocolClient.lambda$groupAdd$3(GrpcClientProtocolClient.java:155)
	at org.apache.ratis.grpc.client.GrpcClientProtocolClient.blockingCall(GrpcClientProtocolClient.java:182)
	... 15 more
2019-11-11 04:06:15,600 [RATISCREATEPIPELINE2] ERROR pipeline.RatisPipelineProvider (RatisPipelineProvider.java:lambda$null$5(237)) - Failed invoke Ratis rpc org.apache.hadoop.hdds.scm.pipeline.RatisPipelineProvider$$Lambda$222/879409264@3fd3a21a for 61021d77-0677-40a1-98e7-8ba643935ac0
org.apache.ratis.protocol.TimeoutIOException: deadline exceeded after 2996943906ns
	at org.apache.ratis.grpc.GrpcUtil.tryUnwrapException(GrpcUtil.java:82)
	at org.apache.ratis.grpc.GrpcUtil.unwrapException(GrpcUtil.java:75)
	at org.apache.ratis.grpc.client.GrpcClientProtocolClient.blockingCall(GrpcClientProtocolClient.java:184)
	at org.apache.ratis.grpc.client.GrpcClientProtocolClient.groupAdd(GrpcClientProtocolClient.java:153)
	at org.apache.ratis.grpc.client.GrpcClientRpc.sendRequest(GrpcClientRpc.java:94)
	at org.apache.ratis.client.impl.RaftClientImpl.sendRequest(RaftClientImpl.java:278)
	at org.apache.ratis.client.impl.RaftClientImpl.groupAdd(RaftClientImpl.java:205)
	at org.apache.hadoop.hdds.scm.pipeline.RatisPipelineProvider.lambda$initializePipeline$4(RatisPipelineProvider.java:198)
	at org.apache.hadoop.hdds.scm.pipeline.RatisPipelineProvider.lambda$null$5(RatisPipelineProvider.java:233)
	at java.util.stream.ForEachOps$ForEachOp$OfRef.accept(ForEachOps.java:183)
	at java.util.ArrayList$ArrayListSpliterator.forEachRemaining(ArrayList.java:1382)
	at java.util.stream.AbstractPipeline.copyInto(AbstractPipeline.java:482)
	at java.util.stream.ForEachOps$ForEachTask.compute(ForEachOps.java:290)
	at java.util.concurrent.CountedCompleter.exec(CountedCompleter.java:731)
	at java.util.concurrent.ForkJoinTask.doExec(ForkJoinTask.java:289)
	at java.util.concurrent.ForkJoinPool$WorkQueue.runTask(ForkJoinPool.java:1056)
	at java.util.concurrent.ForkJoinPool.runWorker(ForkJoinPool.java:1692)
	at java.util.concurrent.ForkJoinWorkerThread.run(ForkJoinWorkerThread.java:157)
Caused by: org.apache.ratis.thirdparty.io.grpc.StatusRuntimeException: DEADLINE_EXCEEDED: deadline exceeded after 2996943906ns
	at org.apache.ratis.thirdparty.io.grpc.stub.ClientCalls.toStatusRuntimeException(ClientCalls.java:233)
	at org.apache.ratis.thirdparty.io.grpc.stub.ClientCalls.getUnchecked(ClientCalls.java:214)
	at org.apache.ratis.thirdparty.io.grpc.stub.ClientCalls.blockingUnaryCall(ClientCalls.java:139)
	at org.apache.ratis.proto.grpc.AdminProtocolServiceGrpc$AdminProtocolServiceBlockingStub.groupManagement(AdminProtocolServiceGrpc.java:274)
	at org.apache.ratis.grpc.client.GrpcClientProtocolClient.lambda$groupAdd$3(GrpcClientProtocolClient.java:155)
	at org.apache.ratis.grpc.client.GrpcClientProtocolClient.blockingCall(GrpcClientProtocolClient.java:182)
	... 15 more
2019-11-11 04:06:15,597 [RATISCREATEPIPELINE1] ERROR pipeline.RatisPipelineProvider (RatisPipelineProvider.java:lambda$null$5(237)) - Failed invoke Ratis rpc org.apache.hadoop.hdds.scm.pipeline.RatisPipelineProvider$$Lambda$222/879409264@3fd3a21a for f4ab3ec0-fcec-4fb2-8953-e521da90d916
org.apache.ratis.protocol.TimeoutIOException: deadline exceeded after 2997161542ns
	at org.apache.ratis.grpc.GrpcUtil.tryUnwrapException(GrpcUtil.java:82)
	at org.apache.ratis.grpc.GrpcUtil.unwrapException(GrpcUtil.java:75)
	at org.apache.ratis.grpc.client.GrpcClientProtocolClient.blockingCall(GrpcClientProtocolClient.java:184)
	at org.apache.ratis.grpc.client.GrpcClientProtocolClient.groupAdd(GrpcClientProtocolClient.java:153)
	at org.apache.ratis.grpc.client.GrpcClientRpc.sendRequest(GrpcClientRpc.java:94)
	at org.apache.ratis.client.impl.RaftClientImpl.sendRequest(RaftClientImpl.java:278)
	at org.apache.ratis.client.impl.RaftClientImpl.groupAdd(RaftClientImpl.java:205)
	at org.apache.hadoop.hdds.scm.pipeline.RatisPipelineProvider.lambda$initializePipeline$4(RatisPipelineProvider.java:198)
	at org.apache.hadoop.hdds.scm.pipeline.RatisPipelineProvider.lambda$null$5(RatisPipelineProvider.java:233)
	at java.util.stream.ForEachOps$ForEachOp$OfRef.accept(ForEachOps.java:183)
	at java.util.ArrayList$ArrayListSpliterator.forEachRemaining(ArrayList.java:1382)
	at java.util.stream.AbstractPipeline.copyInto(AbstractPipeline.java:482)
	at java.util.stream.ForEachOps$ForEachTask.compute(ForEachOps.java:290)
	at java.util.concurrent.CountedCompleter.exec(CountedCompleter.java:731)
	at java.util.concurrent.ForkJoinTask.doExec(ForkJoinTask.java:289)
	at java.util.concurrent.ForkJoinTask.doInvoke(ForkJoinTask.java:401)
	at java.util.concurrent.ForkJoinTask.invoke(ForkJoinTask.java:734)
	at java.util.stream.ForEachOps$ForEachOp.evaluateParallel(ForEachOps.java:159)
	at java.util.stream.ForEachOps$ForEachOp$OfRef.evaluateParallel(ForEachOps.java:173)
	at java.util.stream.AbstractPipeline.evaluate(AbstractPipeline.java:233)
	at java.util.stream.ReferencePipeline.forEach(ReferencePipeline.java:485)
	at java.util.stream.ReferencePipeline$Head.forEach(ReferencePipeline.java:650)
	at org.apache.hadoop.hdds.scm.pipeline.RatisPipelineProvider.lambda$callRatisRpc$6(RatisPipelineProvider.java:227)
	at java.util.concurrent.ForkJoinTask$AdaptedRunnableAction.exec(ForkJoinTask.java:1386)
	at java.util.concurrent.ForkJoinTask.doExec(ForkJoinTask.java:289)
	at java.util.concurrent.ForkJoinPool$WorkQueue.runTask(ForkJoinPool.java:1056)
	at java.util.concurrent.ForkJoinPool.runWorker(ForkJoinPool.java:1692)
	at java.util.concurrent.ForkJoinWorkerThread.run(ForkJoinWorkerThread.java:157)
Caused by: org.apache.ratis.thirdparty.io.grpc.StatusRuntimeException: DEADLINE_EXCEEDED: deadline exceeded after 2997161542ns
	at org.apache.ratis.thirdparty.io.grpc.stub.ClientCalls.toStatusRuntimeException(ClientCalls.java:233)
	at org.apache.ratis.thirdparty.io.grpc.stub.ClientCalls.getUnchecked(ClientCalls.java:214)
	at org.apache.ratis.thirdparty.io.grpc.stub.ClientCalls.blockingUnaryCall(ClientCalls.java:139)
	at org.apache.ratis.proto.grpc.AdminProtocolServiceGrpc$AdminProtocolServiceBlockingStub.groupManagement(AdminProtocolServiceGrpc.java:274)
	at org.apache.ratis.grpc.client.GrpcClientProtocolClient.lambda$groupAdd$3(GrpcClientProtocolClient.java:155)
	at org.apache.ratis.grpc.client.GrpcClientProtocolClient.blockingCall(GrpcClientProtocolClient.java:182)
	... 25 more
2019-11-11 04:06:22,452 [pool-97-thread-1] INFO  storage.RaftStorageDirectory (RaftStorageDirectory.java:tryLock(328)) - Lock on /workdir/hadoop-ozone/integration-test/target/test-dir/MiniOzoneClusterImpl-6985d1c7-7309-41e2-b49d-91e186e08ffa/datanode-7/data/ratis/d517d0ef-3a8f-4404-aa3a-39d510ffd81f/in_use.lock acquired by nodename 22000@trunk-nightly-20191111-g5xpl-2663879777
2019-11-11 04:06:22,452 [pool-77-thread-1] INFO  storage.RaftStorage (RaftStorage.java:format(84)) - Storage directory /workdir/hadoop-ozone/integration-test/target/test-dir/MiniOzoneClusterImpl-6985d1c7-7309-41e2-b49d-91e186e08ffa/datanode-5/data/ratis/b0183e10-43e1-4291-b0d9-f66482d1ae22 has been successfully formatted.
2019-11-11 04:06:22,452 [pool-27-thread-1] INFO  storage.RaftStorage (RaftStorage.java:format(84)) - Storage directory /workdir/hadoop-ozone/integration-test/target/test-dir/MiniOzoneClusterImpl-6985d1c7-7309-41e2-b49d-91e186e08ffa/datanode-0/data/ratis/e020d8e2-907a-45c8-9efe-051800ac1a6c has been successfully formatted.
2019-11-11 04:06:22,452 [pool-87-thread-1] INFO  storage.RaftStorage (RaftStorage.java:format(84)) - Storage directory /workdir/hadoop-ozone/integration-test/target/test-dir/MiniOzoneClusterImpl-6985d1c7-7309-41e2-b49d-91e186e08ffa/datanode-6/data/ratis/b0183e10-43e1-4291-b0d9-f66482d1ae22 has been successfully formatted.
2019-11-11 04:06:22,463 [pool-87-thread-1] INFO  ratis.ContainerStateMachine (ContainerStateMachine.java:loadSnapshot(221)) - group-F66482D1AE22: The snapshot info is null. Setting the last applied indexto:(t:0, i:~)
2019-11-11 04:06:22,463 [pool-27-thread-1] INFO  ratis.ContainerStateMachine (ContainerStateMachine.java:loadSnapshot(221)) - group-051800AC1A6C: The snapshot info is null. Setting the last applied indexto:(t:0, i:~)
2019-11-11 04:06:22,463 [pool-77-thread-1] INFO  ratis.ContainerStateMachine (ContainerStateMachine.java:loadSnapshot(221)) - group-F66482D1AE22: The snapshot info is null. Setting the last applied indexto:(t:0, i:~)
2019-11-11 04:06:22,465 [pool-27-thread-1] INFO  server.RaftServerConfigKeys (ConfUtils.java:logGet(43)) - raft.server.notification.no-leader.timeout = 120s (custom)
2019-11-11 04:06:22,465 [pool-87-thread-1] INFO  server.RaftServerConfigKeys (ConfUtils.java:logGet(43)) - raft.server.notification.no-leader.timeout = 120s (custom)
2019-11-11 04:06:22,465 [pool-77-thread-1] INFO  server.RaftServerConfigKeys (ConfUtils.java:logGet(43)) - raft.server.notification.no-leader.timeout = 120s (custom)
2019-11-11 04:06:22,475 [pool-27-thread-1] INFO  server.RaftServerConfigKeys (ConfUtils.java:logGet(43)) - raft.server.log.use.memory = false (default)
2019-11-11 04:06:22,475 [pool-87-thread-1] INFO  server.RaftServerConfigKeys (ConfUtils.java:logGet(43)) - raft.server.log.use.memory = false (default)
2019-11-11 04:06:22,475 [pool-77-thread-1] INFO  server.RaftServerConfigKeys (ConfUtils.java:logGet(43)) - raft.server.log.use.memory = false (default)
2019-11-11 04:06:22,489 [pool-27-thread-1] INFO  server.RaftServerConfigKeys (ConfUtils.java:logGet(43)) - raft.server.log.purge.gap = 1000000 (custom)
2019-11-11 04:06:22,489 [pool-87-thread-1] INFO  server.RaftServerConfigKeys (ConfUtils.java:logGet(43)) - raft.server.log.purge.gap = 1000000 (custom)
2019-11-11 04:06:22,489 [pool-27-thread-1] INFO  server.RaftServerConfigKeys (ConfUtils.java:logGet(43)) - raft.server.log.appender.buffer.byte-limit = 33554432 (custom)
2019-11-11 04:06:22,489 [pool-77-thread-1] INFO  server.RaftServerConfigKeys (ConfUtils.java:logGet(43)) - raft.server.log.purge.gap = 1000000 (custom)
2019-11-11 04:06:22,490 [pool-87-thread-1] INFO  server.RaftServerConfigKeys (ConfUtils.java:logGet(43)) - raft.server.log.appender.buffer.byte-limit = 33554432 (custom)
2019-11-11 04:06:22,490 [pool-77-thread-1] INFO  server.RaftServerConfigKeys (ConfUtils.java:logGet(43)) - raft.server.log.appender.buffer.byte-limit = 33554432 (custom)
2019-11-11 04:06:22,493 [pool-27-thread-1] INFO  server.RaftServerConfigKeys (ConfUtils.java:logGet(43)) - raft.server.log.segment.size.max = 1048576 (custom)
2019-11-11 04:06:22,493 [pool-87-thread-1] INFO  server.RaftServerConfigKeys (ConfUtils.java:logGet(43)) - raft.server.log.segment.size.max = 1048576 (custom)
2019-11-11 04:06:22,493 [pool-77-thread-1] INFO  server.RaftServerConfigKeys (ConfUtils.java:logGet(43)) - raft.server.log.segment.size.max = 1048576 (custom)
2019-11-11 04:06:22,493 [main] INFO  rpc.RpcClient (RpcClient.java:createBucket(431)) - Creating Bucket: datanodefailurehandlingtest/datanodefailurehandlingtest, with Versioning false and Storage Type set to DISK and Encryption set to false 
2019-11-11 04:06:22,500 [pool-87-thread-1] INFO  metrics.MetricRegistries (MetricRegistriesLoader.java:load(64)) - Loaded MetricRegistries class org.apache.ratis.metrics.impl.MetricRegistriesImpl
2019-11-11 04:06:22,510 [pool-27-thread-1] WARN  impl.MetricRegistriesImpl (MetricRegistriesImpl.java:lambda$create$1(61)) - First MetricRegistry has been created without registering reporters. You may need to call MetricRegistries.global().addReportRegistration(...) before.
2019-11-11 04:06:22,510 [pool-77-thread-1] WARN  impl.MetricRegistriesImpl (MetricRegistriesImpl.java:lambda$create$1(61)) - First MetricRegistry has been created without registering reporters. You may need to call MetricRegistries.global().addReportRegistration(...) before.
2019-11-11 04:06:22,510 [pool-87-thread-1] WARN  impl.MetricRegistriesImpl (MetricRegistriesImpl.java:lambda$create$1(61)) - First MetricRegistry has been created without registering reporters. You may need to call MetricRegistries.global().addReportRegistration(...) before.
2019-11-11 04:06:22,803 [pool-27-thread-1] INFO  server.RaftServerConfigKeys (ConfUtils.java:logGet(43)) - raft.server.log.segment.cache.num.max = 2 (custom)
2019-11-11 04:06:22,804 [pool-97-thread-1] INFO  storage.RaftStorage (RaftStorage.java:format(84)) - Storage directory /workdir/hadoop-ozone/integration-test/target/test-dir/MiniOzoneClusterImpl-6985d1c7-7309-41e2-b49d-91e186e08ffa/datanode-7/data/ratis/d517d0ef-3a8f-4404-aa3a-39d510ffd81f has been successfully formatted.
2019-11-11 04:06:22,804 [pool-77-thread-1] INFO  server.RaftServerConfigKeys (ConfUtils.java:logGet(43)) - raft.server.log.segment.cache.num.max = 2 (custom)
2019-11-11 04:06:22,804 [pool-87-thread-1] INFO  server.RaftServerConfigKeys (ConfUtils.java:logGet(43)) - raft.server.log.segment.cache.num.max = 2 (custom)
2019-11-11 04:06:22,805 [pool-97-thread-1] INFO  ratis.ContainerStateMachine (ContainerStateMachine.java:loadSnapshot(221)) - group-39D510FFD81F: The snapshot info is null. Setting the last applied indexto:(t:0, i:~)
2019-11-11 04:06:22,808 [pool-97-thread-1] INFO  server.RaftServerConfigKeys (ConfUtils.java:logGet(43)) - raft.server.notification.no-leader.timeout = 120s (custom)
2019-11-11 04:06:22,810 [pool-97-thread-1] INFO  server.RaftServerConfigKeys (ConfUtils.java:logGet(43)) - raft.server.log.use.memory = false (default)
2019-11-11 04:06:22,811 [pool-97-thread-1] INFO  server.RaftServerConfigKeys (ConfUtils.java:logGet(43)) - raft.server.log.purge.gap = 1000000 (custom)
2019-11-11 04:06:22,811 [pool-97-thread-1] INFO  server.RaftServerConfigKeys (ConfUtils.java:logGet(43)) - raft.server.log.appender.buffer.byte-limit = 33554432 (custom)
2019-11-11 04:06:22,811 [pool-97-thread-1] INFO  server.RaftServerConfigKeys (ConfUtils.java:logGet(43)) - raft.server.log.segment.size.max = 1048576 (custom)
2019-11-11 04:06:22,811 [pool-97-thread-1] WARN  impl.MetricRegistriesImpl (MetricRegistriesImpl.java:lambda$create$1(61)) - First MetricRegistry has been created without registering reporters. You may need to call MetricRegistries.global().addReportRegistration(...) before.
2019-11-11 04:06:22,812 [pool-97-thread-1] INFO  server.RaftServerConfigKeys (ConfUtils.java:logGet(43)) - raft.server.log.segment.cache.num.max = 2 (custom)
2019-11-11 04:06:22,822 [pool-27-thread-1] INFO  segmented.SegmentedRaftLogWorker (SegmentedRaftLogWorker.java:<init>(173)) - new 61021d77-0677-40a1-98e7-8ba643935ac0@group-051800AC1A6C-SegmentedRaftLogWorker for RaftStorage:Storage Directory /workdir/hadoop-ozone/integration-test/target/test-dir/MiniOzoneClusterImpl-6985d1c7-7309-41e2-b49d-91e186e08ffa/datanode-0/data/ratis/e020d8e2-907a-45c8-9efe-051800ac1a6c
2019-11-11 04:06:22,822 [pool-77-thread-1] INFO  segmented.SegmentedRaftLogWorker (SegmentedRaftLogWorker.java:<init>(173)) - new f4ab3ec0-fcec-4fb2-8953-e521da90d916@group-F66482D1AE22-SegmentedRaftLogWorker for RaftStorage:Storage Directory /workdir/hadoop-ozone/integration-test/target/test-dir/MiniOzoneClusterImpl-6985d1c7-7309-41e2-b49d-91e186e08ffa/datanode-5/data/ratis/b0183e10-43e1-4291-b0d9-f66482d1ae22
2019-11-11 04:06:22,822 [pool-87-thread-1] INFO  segmented.SegmentedRaftLogWorker (SegmentedRaftLogWorker.java:<init>(173)) - new c04805f0-1fdc-4096-9f0e-017639bb4de5@group-F66482D1AE22-SegmentedRaftLogWorker for RaftStorage:Storage Directory /workdir/hadoop-ozone/integration-test/target/test-dir/MiniOzoneClusterImpl-6985d1c7-7309-41e2-b49d-91e186e08ffa/datanode-6/data/ratis/b0183e10-43e1-4291-b0d9-f66482d1ae22
2019-11-11 04:06:22,822 [pool-97-thread-1] INFO  segmented.SegmentedRaftLogWorker (SegmentedRaftLogWorker.java:<init>(173)) - new 9a305e64-7592-4199-ba7e-8c2223e9b548@group-39D510FFD81F-SegmentedRaftLogWorker for RaftStorage:Storage Directory /workdir/hadoop-ozone/integration-test/target/test-dir/MiniOzoneClusterImpl-6985d1c7-7309-41e2-b49d-91e186e08ffa/datanode-7/data/ratis/d517d0ef-3a8f-4404-aa3a-39d510ffd81f
2019-11-11 04:06:22,825 [pool-77-thread-1] INFO  server.RaftServerConfigKeys (ConfUtils.java:logGet(43)) - raft.server.log.queue.byte-limit = 2147483647 (custom)
2019-11-11 04:06:22,825 [pool-97-thread-1] INFO  server.RaftServerConfigKeys (ConfUtils.java:logGet(43)) - raft.server.log.queue.byte-limit = 2147483647 (custom)
2019-11-11 04:06:22,825 [pool-27-thread-1] INFO  server.RaftServerConfigKeys (ConfUtils.java:logGet(43)) - raft.server.log.queue.byte-limit = 2147483647 (custom)
2019-11-11 04:06:22,825 [pool-87-thread-1] INFO  server.RaftServerConfigKeys (ConfUtils.java:logGet(43)) - raft.server.log.queue.byte-limit = 2147483647 (custom)
2019-11-11 04:06:22,825 [pool-77-thread-1] INFO  server.RaftServerConfigKeys (ConfUtils.java:logGet(43)) - raft.server.log.queue.element-limit = 1024 (custom)
2019-11-11 04:06:22,825 [pool-97-thread-1] INFO  server.RaftServerConfigKeys (ConfUtils.java:logGet(43)) - raft.server.log.queue.element-limit = 1024 (custom)
2019-11-11 04:06:22,825 [pool-87-thread-1] INFO  server.RaftServerConfigKeys (ConfUtils.java:logGet(43)) - raft.server.log.queue.element-limit = 1024 (custom)
2019-11-11 04:06:22,825 [pool-27-thread-1] INFO  server.RaftServerConfigKeys (ConfUtils.java:logGet(43)) - raft.server.log.queue.element-limit = 1024 (custom)
2019-11-11 04:06:22,827 [pool-27-thread-1] INFO  server.RaftServerConfigKeys (ConfUtils.java:logGet(43)) - raft.server.log.segment.size.max = 1048576 (custom)
2019-11-11 04:06:22,827 [pool-97-thread-1] INFO  server.RaftServerConfigKeys (ConfUtils.java:logGet(43)) - raft.server.log.segment.size.max = 1048576 (custom)
2019-11-11 04:06:22,827 [pool-87-thread-1] INFO  server.RaftServerConfigKeys (ConfUtils.java:logGet(43)) - raft.server.log.segment.size.max = 1048576 (custom)
2019-11-11 04:06:22,827 [pool-77-thread-1] INFO  server.RaftServerConfigKeys (ConfUtils.java:logGet(43)) - raft.server.log.segment.size.max = 1048576 (custom)
2019-11-11 04:06:22,828 [pool-87-thread-1] INFO  server.RaftServerConfigKeys (ConfUtils.java:logGet(43)) - raft.server.log.preallocated.size = 16384 (custom)
2019-11-11 04:06:22,828 [pool-27-thread-1] INFO  server.RaftServerConfigKeys (ConfUtils.java:logGet(43)) - raft.server.log.preallocated.size = 16384 (custom)
2019-11-11 04:06:22,828 [pool-97-thread-1] INFO  server.RaftServerConfigKeys (ConfUtils.java:logGet(43)) - raft.server.log.preallocated.size = 16384 (custom)
2019-11-11 04:06:22,828 [pool-77-thread-1] INFO  server.RaftServerConfigKeys (ConfUtils.java:logGet(43)) - raft.server.log.preallocated.size = 16384 (custom)
2019-11-11 04:06:22,828 [pool-87-thread-1] INFO  server.RaftServerConfigKeys (ConfUtils.java:logGet(43)) - raft.server.log.write.buffer.size = 33554432 (custom)
2019-11-11 04:06:22,828 [pool-27-thread-1] INFO  server.RaftServerConfigKeys (ConfUtils.java:logGet(43)) - raft.server.log.write.buffer.size = 33554432 (custom)
2019-11-11 04:06:22,829 [pool-97-thread-1] INFO  server.RaftServerConfigKeys (ConfUtils.java:logGet(43)) - raft.server.log.write.buffer.size = 33554432 (custom)
2019-11-11 04:06:22,829 [pool-77-thread-1] INFO  server.RaftServerConfigKeys (ConfUtils.java:logGet(43)) - raft.server.log.write.buffer.size = 33554432 (custom)
2019-11-11 04:06:22,829 [pool-27-thread-1] INFO  server.RaftServerConfigKeys (ConfUtils.java:logGet(43)) - raft.server.log.force.sync.num = 128 (default)
2019-11-11 04:06:22,829 [pool-87-thread-1] INFO  server.RaftServerConfigKeys (ConfUtils.java:logGet(43)) - raft.server.log.force.sync.num = 128 (default)
2019-11-11 04:06:22,829 [pool-77-thread-1] INFO  server.RaftServerConfigKeys (ConfUtils.java:logGet(43)) - raft.server.log.force.sync.num = 128 (default)
2019-11-11 04:06:22,829 [pool-97-thread-1] INFO  server.RaftServerConfigKeys (ConfUtils.java:logGet(43)) - raft.server.log.force.sync.num = 128 (default)
2019-11-11 04:06:22,831 [pool-27-thread-1] INFO  server.RaftServerConfigKeys (ConfUtils.java:logGet(43)) - raft.server.log.statemachine.data.sync = true (default)
2019-11-11 04:06:22,831 [pool-77-thread-1] INFO  server.RaftServerConfigKeys (ConfUtils.java:logGet(43)) - raft.server.log.statemachine.data.sync = true (default)
2019-11-11 04:06:22,831 [pool-87-thread-1] INFO  server.RaftServerConfigKeys (ConfUtils.java:logGet(43)) - raft.server.log.statemachine.data.sync = true (default)
2019-11-11 04:06:22,831 [pool-97-thread-1] INFO  server.RaftServerConfigKeys (ConfUtils.java:logGet(43)) - raft.server.log.statemachine.data.sync = true (default)
2019-11-11 04:06:22,831 [pool-87-thread-1] INFO  server.RaftServerConfigKeys (ConfUtils.java:logGet(43)) - raft.server.log.statemachine.data.sync.timeout = 10s (default)
2019-11-11 04:06:22,831 [pool-77-thread-1] INFO  server.RaftServerConfigKeys (ConfUtils.java:logGet(43)) - raft.server.log.statemachine.data.sync.timeout = 10s (default)
2019-11-11 04:06:22,831 [pool-27-thread-1] INFO  server.RaftServerConfigKeys (ConfUtils.java:logGet(43)) - raft.server.log.statemachine.data.sync.timeout = 10s (default)
2019-11-11 04:06:22,831 [pool-97-thread-1] INFO  server.RaftServerConfigKeys (ConfUtils.java:logGet(43)) - raft.server.log.statemachine.data.sync.timeout = 10s (default)
2019-11-11 04:06:22,832 [pool-87-thread-1] INFO  server.RaftServerConfigKeys (ConfUtils.java:logGet(43)) - raft.server.log.statemachine.data.sync.timeout.retry = -1 (default)
2019-11-11 04:06:22,832 [pool-77-thread-1] INFO  server.RaftServerConfigKeys (ConfUtils.java:logGet(43)) - raft.server.log.statemachine.data.sync.timeout.retry = -1 (default)
2019-11-11 04:06:22,832 [pool-97-thread-1] INFO  server.RaftServerConfigKeys (ConfUtils.java:logGet(43)) - raft.server.log.statemachine.data.sync.timeout.retry = -1 (default)
2019-11-11 04:06:22,832 [pool-27-thread-1] INFO  server.RaftServerConfigKeys (ConfUtils.java:logGet(43)) - raft.server.log.statemachine.data.sync.timeout.retry = -1 (default)
2019-11-11 04:06:22,848 [pool-97-thread-1] INFO  server.RaftServerConfigKeys (ConfUtils.java:logGet(43)) - raft.server.log.statemachine.data.caching.enabled = true (custom)
2019-11-11 04:06:22,848 [pool-87-thread-1] INFO  server.RaftServerConfigKeys (ConfUtils.java:logGet(43)) - raft.server.log.statemachine.data.caching.enabled = true (custom)
2019-11-11 04:06:22,848 [pool-77-thread-1] INFO  server.RaftServerConfigKeys (ConfUtils.java:logGet(43)) - raft.server.log.statemachine.data.caching.enabled = true (custom)
2019-11-11 04:06:22,848 [pool-27-thread-1] INFO  server.RaftServerConfigKeys (ConfUtils.java:logGet(43)) - raft.server.log.statemachine.data.caching.enabled = true (custom)
2019-11-11 04:06:22,862 [pool-27-thread-1] INFO  segmented.SegmentedRaftLogWorker (SegmentedRaftLogWorker.java:lambda$new$0(128)) - 61021d77-0677-40a1-98e7-8ba643935ac0@group-051800AC1A6C-SegmentedRaftLogWorker: flushIndex: setUnconditionally 0 -> -1
2019-11-11 04:06:22,862 [pool-77-thread-1] INFO  segmented.SegmentedRaftLogWorker (SegmentedRaftLogWorker.java:lambda$new$0(128)) - f4ab3ec0-fcec-4fb2-8953-e521da90d916@group-F66482D1AE22-SegmentedRaftLogWorker: flushIndex: setUnconditionally 0 -> -1
2019-11-11 04:06:22,863 [pool-87-thread-1] INFO  segmented.SegmentedRaftLogWorker (SegmentedRaftLogWorker.java:lambda$new$0(128)) - c04805f0-1fdc-4096-9f0e-017639bb4de5@group-F66482D1AE22-SegmentedRaftLogWorker: flushIndex: setUnconditionally 0 -> -1
2019-11-11 04:06:22,863 [pool-97-thread-1] INFO  segmented.SegmentedRaftLogWorker (SegmentedRaftLogWorker.java:lambda$new$0(128)) - 9a305e64-7592-4199-ba7e-8c2223e9b548@group-39D510FFD81F-SegmentedRaftLogWorker: flushIndex: setUnconditionally 0 -> -1
2019-11-11 04:06:22,872 [pool-27-thread-1] INFO  server.RaftServerConfigKeys (ConfUtils.java:logGet(43)) - raft.server.snapshot.auto.trigger.enabled = true (custom)
2019-11-11 04:06:22,872 [pool-77-thread-1] INFO  server.RaftServerConfigKeys (ConfUtils.java:logGet(43)) - raft.server.snapshot.auto.trigger.enabled = true (custom)
2019-11-11 04:06:22,872 [pool-87-thread-1] INFO  server.RaftServerConfigKeys (ConfUtils.java:logGet(43)) - raft.server.snapshot.auto.trigger.enabled = true (custom)
2019-11-11 04:06:22,872 [pool-97-thread-1] INFO  server.RaftServerConfigKeys (ConfUtils.java:logGet(43)) - raft.server.snapshot.auto.trigger.enabled = true (custom)
2019-11-11 04:06:22,875 [pool-27-thread-1] INFO  server.RaftServerConfigKeys (ConfUtils.java:logGet(43)) - raft.server.snapshot.auto.trigger.threshold = 10000 (custom)
2019-11-11 04:06:22,877 [pool-77-thread-1] INFO  server.RaftServerConfigKeys (ConfUtils.java:logGet(43)) - raft.server.snapshot.auto.trigger.threshold = 10000 (custom)
2019-11-11 04:06:22,880 [pool-87-thread-1] INFO  server.RaftServerConfigKeys (ConfUtils.java:logGet(43)) - raft.server.snapshot.auto.trigger.threshold = 10000 (custom)
2019-11-11 04:06:22,881 [pool-27-thread-1] INFO  server.RaftServerConfigKeys (ConfUtils.java:logGet(43)) - raft.server.snapshot.retention.file.num = 5 (custom)
2019-11-11 04:06:22,881 [pool-87-thread-1] INFO  server.RaftServerConfigKeys (ConfUtils.java:logGet(43)) - raft.server.snapshot.retention.file.num = 5 (custom)
2019-11-11 04:06:22,881 [pool-77-thread-1] INFO  server.RaftServerConfigKeys (ConfUtils.java:logGet(43)) - raft.server.snapshot.retention.file.num = 5 (custom)
2019-11-11 04:06:22,881 [pool-97-thread-1] INFO  server.RaftServerConfigKeys (ConfUtils.java:logGet(43)) - raft.server.snapshot.auto.trigger.threshold = 10000 (custom)
2019-11-11 04:06:22,881 [pool-97-thread-1] INFO  server.RaftServerConfigKeys (ConfUtils.java:logGet(43)) - raft.server.snapshot.retention.file.num = 5 (custom)
2019-11-11 04:06:22,881 [pool-87-thread-1] INFO  server.RaftServerConfigKeys (ConfUtils.java:logGet(43)) - raft.server.retrycache.expirytime = 600000ms (custom)
2019-11-11 04:06:22,881 [pool-27-thread-1] INFO  server.RaftServerConfigKeys (ConfUtils.java:logGet(43)) - raft.server.retrycache.expirytime = 600000ms (custom)
2019-11-11 04:06:22,881 [pool-77-thread-1] INFO  server.RaftServerConfigKeys (ConfUtils.java:logGet(43)) - raft.server.retrycache.expirytime = 600000ms (custom)
2019-11-11 04:06:22,882 [pool-97-thread-1] INFO  server.RaftServerConfigKeys (ConfUtils.java:logGet(43)) - raft.server.retrycache.expirytime = 600000ms (custom)
2019-11-11 04:06:22,930 [grpc-default-executor-2] INFO  impl.RaftServerProxy (RaftServerProxy.java:addNew(89)) - f4ab3ec0-fcec-4fb2-8953-e521da90d916: addNew group-F4D747E15FF8:[61021d77-0677-40a1-98e7-8ba643935ac0:192.168.34.63:35377, 9a305e64-7592-4199-ba7e-8c2223e9b548:192.168.34.63:35969, f4ab3ec0-fcec-4fb2-8953-e521da90d916:192.168.34.63:41296] returns group-F4D747E15FF8:java.util.concurrent.CompletableFuture@2fd12ce6[Not completed]
2019-11-11 04:06:22,932 [grpc-default-executor-2] INFO  impl.RaftServerProxy (RaftServerProxy.java:addNew(89)) - 9a305e64-7592-4199-ba7e-8c2223e9b548: addNew group-F4D747E15FF8:[61021d77-0677-40a1-98e7-8ba643935ac0:192.168.34.63:35377, 9a305e64-7592-4199-ba7e-8c2223e9b548:192.168.34.63:35969, f4ab3ec0-fcec-4fb2-8953-e521da90d916:192.168.34.63:41296] returns group-F4D747E15FF8:java.util.concurrent.CompletableFuture@60ad6df9[Not completed]
2019-11-11 04:06:22,934 [grpc-default-executor-2] INFO  impl.RaftServerProxy (RaftServerProxy.java:addNew(89)) - 61021d77-0677-40a1-98e7-8ba643935ac0: addNew group-F4D747E15FF8:[61021d77-0677-40a1-98e7-8ba643935ac0:192.168.34.63:35377, 9a305e64-7592-4199-ba7e-8c2223e9b548:192.168.34.63:35969, f4ab3ec0-fcec-4fb2-8953-e521da90d916:192.168.34.63:41296] returns group-F4D747E15FF8:java.util.concurrent.CompletableFuture@57a0e28e[Not completed]
2019-11-11 04:06:22,939 [pool-27-thread-1] WARN  impl.MetricRegistriesImpl (MetricRegistriesImpl.java:lambda$create$1(61)) - First MetricRegistry has been created without registering reporters. You may need to call MetricRegistries.global().addReportRegistration(...) before.
2019-11-11 04:06:22,939 [pool-77-thread-1] WARN  impl.MetricRegistriesImpl (MetricRegistriesImpl.java:lambda$create$1(61)) - First MetricRegistry has been created without registering reporters. You may need to call MetricRegistries.global().addReportRegistration(...) before.
2019-11-11 04:06:22,939 [pool-87-thread-1] WARN  impl.MetricRegistriesImpl (MetricRegistriesImpl.java:lambda$create$1(61)) - First MetricRegistry has been created without registering reporters. You may need to call MetricRegistries.global().addReportRegistration(...) before.
2019-11-11 04:06:22,939 [pool-97-thread-1] WARN  impl.MetricRegistriesImpl (MetricRegistriesImpl.java:lambda$create$1(61)) - First MetricRegistry has been created without registering reporters. You may need to call MetricRegistries.global().addReportRegistration(...) before.
2019-11-11 04:06:22,941 [pool-27-thread-1] WARN  impl.MetricRegistriesImpl (MetricRegistriesImpl.java:lambda$create$1(61)) - First MetricRegistry has been created without registering reporters. You may need to call MetricRegistries.global().addReportRegistration(...) before.
2019-11-11 04:06:22,941 [pool-77-thread-1] WARN  impl.MetricRegistriesImpl (MetricRegistriesImpl.java:lambda$create$1(61)) - First MetricRegistry has been created without registering reporters. You may need to call MetricRegistries.global().addReportRegistration(...) before.
2019-11-11 04:06:22,941 [pool-97-thread-1] WARN  impl.MetricRegistriesImpl (MetricRegistriesImpl.java:lambda$create$1(61)) - First MetricRegistry has been created without registering reporters. You may need to call MetricRegistries.global().addReportRegistration(...) before.
2019-11-11 04:06:22,943 [pool-87-thread-1] WARN  impl.MetricRegistriesImpl (MetricRegistriesImpl.java:lambda$create$1(61)) - First MetricRegistry has been created without registering reporters. You may need to call MetricRegistries.global().addReportRegistration(...) before.
2019-11-11 04:06:22,944 [pool-87-thread-1] INFO  impl.RaftServerImpl (RaftServerImpl.java:start(184)) - c04805f0-1fdc-4096-9f0e-017639bb4de5@group-F66482D1AE22: start as a follower, conf=-1: [61021d77-0677-40a1-98e7-8ba643935ac0:192.168.34.63:35377, c04805f0-1fdc-4096-9f0e-017639bb4de5:192.168.34.63:44743, f4ab3ec0-fcec-4fb2-8953-e521da90d916:192.168.34.63:41296], old=null
2019-11-11 04:06:22,945 [pool-87-thread-1] INFO  impl.RaftServerImpl (RaftServerImpl.java:setRole(173)) - c04805f0-1fdc-4096-9f0e-017639bb4de5@group-F66482D1AE22: changes role from      null to FOLLOWER at term 0 for startAsFollower
2019-11-11 04:06:22,946 [pool-27-thread-1] INFO  impl.RaftServerImpl (RaftServerImpl.java:<init>(98)) - 61021d77-0677-40a1-98e7-8ba643935ac0: new RaftServerImpl for group-F66482D1AE22:[61021d77-0677-40a1-98e7-8ba643935ac0:192.168.34.63:35377, c04805f0-1fdc-4096-9f0e-017639bb4de5:192.168.34.63:44743, f4ab3ec0-fcec-4fb2-8953-e521da90d916:192.168.34.63:41296] with ContainerStateMachine:uninitialized
2019-11-11 04:06:22,946 [pool-27-thread-1] INFO  server.RaftServerConfigKeys (ConfUtils.java:logGet(43)) - raft.server.rpc.timeout.min = 1s (custom)
2019-11-11 04:06:22,946 [pool-87-thread-1] INFO  impl.RoleInfo (RoleInfo.java:updateAndGet(143)) - c04805f0-1fdc-4096-9f0e-017639bb4de5: start FollowerState
2019-11-11 04:06:22,946 [pool-27-thread-1] INFO  server.RaftServerConfigKeys (ConfUtils.java:logGet(43)) - raft.server.rpc.timeout.max = 1200ms (custom)
2019-11-11 04:06:22,946 [pool-27-thread-1] INFO  server.RaftServerConfigKeys (ConfUtils.java:logGet(43)) - raft.server.rpcslowness.timeout = 120s (custom)
2019-11-11 04:06:22,946 [pool-27-thread-1] INFO  server.RaftServerConfigKeys (ConfUtils.java:logGet(43)) - raft.server.sleep.deviation.threshold = 300 (default)
2019-11-11 04:06:22,947 [pool-27-thread-1] INFO  server.RaftServerConfigKeys (ConfUtils.java:logGet(43)) - raft.server.log.appender.install.snapshot.enabled = false (custom)
2019-11-11 04:06:22,947 [pool-27-thread-1] INFO  impl.RaftServerImpl (ServerState.java:<init>(103)) - 61021d77-0677-40a1-98e7-8ba643935ac0@group-F66482D1AE22: ConfigurationManager, init=-1: [61021d77-0677-40a1-98e7-8ba643935ac0:192.168.34.63:35377, c04805f0-1fdc-4096-9f0e-017639bb4de5:192.168.34.63:44743, f4ab3ec0-fcec-4fb2-8953-e521da90d916:192.168.34.63:41296], old=null, confs=<EMPTY_MAP>
2019-11-11 04:06:22,947 [pool-27-thread-1] INFO  server.RaftServerConfigKeys (ConfUtils.java:logGet(43)) - raft.server.storage.dir = [/workdir/hadoop-ozone/integration-test/target/test-dir/MiniOzoneClusterImpl-6985d1c7-7309-41e2-b49d-91e186e08ffa/datanode-0/data/ratis] (custom)
2019-11-11 04:06:22,947 [pool-77-thread-1] INFO  impl.RaftServerImpl (RaftServerImpl.java:<init>(98)) - f4ab3ec0-fcec-4fb2-8953-e521da90d916: new RaftServerImpl for group-39D510FFD81F:[61021d77-0677-40a1-98e7-8ba643935ac0:192.168.34.63:35377, 9a305e64-7592-4199-ba7e-8c2223e9b548:192.168.34.63:35969, f4ab3ec0-fcec-4fb2-8953-e521da90d916:192.168.34.63:41296] with ContainerStateMachine:uninitialized
2019-11-11 04:06:22,947 [pool-27-thread-1] INFO  server.RaftServerConfigKeys (ConfUtils.java:logGet(43)) - raft.server.log.corruption.policy = EXCEPTION (default)
2019-11-11 04:06:22,947 [pool-77-thread-1] INFO  server.RaftServerConfigKeys (ConfUtils.java:logGet(43)) - raft.server.rpc.timeout.min = 1s (custom)
2019-11-11 04:06:22,947 [pool-27-thread-1] INFO  storage.RaftStorageDirectory (RaftStorageDirectory.java:analyzeStorage(246)) - The storage directory /workdir/hadoop-ozone/integration-test/target/test-dir/MiniOzoneClusterImpl-6985d1c7-7309-41e2-b49d-91e186e08ffa/datanode-0/data/ratis/b0183e10-43e1-4291-b0d9-f66482d1ae22 does not exist. Creating ...
2019-11-11 04:06:22,947 [pool-77-thread-1] INFO  server.RaftServerConfigKeys (ConfUtils.java:logGet(43)) - raft.server.rpc.timeout.max = 1200ms (custom)
2019-11-11 04:06:22,948 [pool-77-thread-1] INFO  server.RaftServerConfigKeys (ConfUtils.java:logGet(43)) - raft.server.rpcslowness.timeout = 120s (custom)
2019-11-11 04:06:22,948 [pool-97-thread-1] INFO  impl.RaftServerImpl (RaftServerImpl.java:<init>(98)) - 9a305e64-7592-4199-ba7e-8c2223e9b548: new RaftServerImpl for group-F4D747E15FF8:[61021d77-0677-40a1-98e7-8ba643935ac0:192.168.34.63:35377, 9a305e64-7592-4199-ba7e-8c2223e9b548:192.168.34.63:35969, f4ab3ec0-fcec-4fb2-8953-e521da90d916:192.168.34.63:41296] with ContainerStateMachine:uninitialized
2019-11-11 04:06:22,948 [pool-77-thread-1] INFO  server.RaftServerConfigKeys (ConfUtils.java:logGet(43)) - raft.server.sleep.deviation.threshold = 300 (default)
2019-11-11 04:06:22,948 [pool-97-thread-1] INFO  server.RaftServerConfigKeys (ConfUtils.java:logGet(43)) - raft.server.rpc.timeout.min = 1s (custom)
2019-11-11 04:06:22,948 [pool-77-thread-1] INFO  server.RaftServerConfigKeys (ConfUtils.java:logGet(43)) - raft.server.log.appender.install.snapshot.enabled = false (custom)
2019-11-11 04:06:22,948 [pool-97-thread-1] INFO  server.RaftServerConfigKeys (ConfUtils.java:logGet(43)) - raft.server.rpc.timeout.max = 1200ms (custom)
2019-11-11 04:06:22,948 [pool-77-thread-1] INFO  impl.RaftServerImpl (ServerState.java:<init>(103)) - f4ab3ec0-fcec-4fb2-8953-e521da90d916@group-39D510FFD81F: ConfigurationManager, init=-1: [61021d77-0677-40a1-98e7-8ba643935ac0:192.168.34.63:35377, 9a305e64-7592-4199-ba7e-8c2223e9b548:192.168.34.63:35969, f4ab3ec0-fcec-4fb2-8953-e521da90d916:192.168.34.63:41296], old=null, confs=<EMPTY_MAP>
2019-11-11 04:06:22,948 [pool-97-thread-1] INFO  server.RaftServerConfigKeys (ConfUtils.java:logGet(43)) - raft.server.rpcslowness.timeout = 120s (custom)
2019-11-11 04:06:22,948 [pool-97-thread-1] INFO  server.RaftServerConfigKeys (ConfUtils.java:logGet(43)) - raft.server.sleep.deviation.threshold = 300 (default)
2019-11-11 04:06:22,948 [pool-77-thread-1] INFO  server.RaftServerConfigKeys (ConfUtils.java:logGet(43)) - raft.server.storage.dir = [/workdir/hadoop-ozone/integration-test/target/test-dir/MiniOzoneClusterImpl-6985d1c7-7309-41e2-b49d-91e186e08ffa/datanode-5/data/ratis] (custom)
2019-11-11 04:06:22,949 [pool-87-thread-1] INFO  util.JmxRegister (JmxRegister.java:tryRegister(44)) - Successfully registered JMX Bean with object name Ratis:service=RaftServer,group=group-F66482D1AE22,id=c04805f0-1fdc-4096-9f0e-017639bb4de5
2019-11-11 04:06:22,949 [pool-97-thread-1] INFO  server.RaftServerConfigKeys (ConfUtils.java:logGet(43)) - raft.server.log.appender.install.snapshot.enabled = false (custom)
2019-11-11 04:06:22,949 [pool-77-thread-1] INFO  server.RaftServerConfigKeys (ConfUtils.java:logGet(43)) - raft.server.log.corruption.policy = EXCEPTION (default)
2019-11-11 04:06:22,949 [pool-97-thread-1] INFO  impl.RaftServerImpl (ServerState.java:<init>(103)) - 9a305e64-7592-4199-ba7e-8c2223e9b548@group-F4D747E15FF8: ConfigurationManager, init=-1: [61021d77-0677-40a1-98e7-8ba643935ac0:192.168.34.63:35377, 9a305e64-7592-4199-ba7e-8c2223e9b548:192.168.34.63:35969, f4ab3ec0-fcec-4fb2-8953-e521da90d916:192.168.34.63:41296], old=null, confs=<EMPTY_MAP>
2019-11-11 04:06:22,949 [pool-77-thread-1] INFO  storage.RaftStorageDirectory (RaftStorageDirectory.java:analyzeStorage(246)) - The storage directory /workdir/hadoop-ozone/integration-test/target/test-dir/MiniOzoneClusterImpl-6985d1c7-7309-41e2-b49d-91e186e08ffa/datanode-5/data/ratis/d517d0ef-3a8f-4404-aa3a-39d510ffd81f does not exist. Creating ...
2019-11-11 04:06:22,949 [pool-97-thread-1] INFO  server.RaftServerConfigKeys (ConfUtils.java:logGet(43)) - raft.server.storage.dir = [/workdir/hadoop-ozone/integration-test/target/test-dir/MiniOzoneClusterImpl-6985d1c7-7309-41e2-b49d-91e186e08ffa/datanode-7/data/ratis] (custom)
2019-11-11 04:06:22,950 [pool-97-thread-1] INFO  server.RaftServerConfigKeys (ConfUtils.java:logGet(43)) - raft.server.log.corruption.policy = EXCEPTION (default)
2019-11-11 04:06:22,950 [pool-97-thread-1] INFO  storage.RaftStorageDirectory (RaftStorageDirectory.java:analyzeStorage(246)) - The storage directory /workdir/hadoop-ozone/integration-test/target/test-dir/MiniOzoneClusterImpl-6985d1c7-7309-41e2-b49d-91e186e08ffa/datanode-7/data/ratis/31ac6f49-abee-419e-8f26-f4d747e15ff8 does not exist. Creating ...
2019-11-11 04:06:22,950 [pool-87-thread-1] WARN  impl.MetricRegistriesImpl (MetricRegistriesImpl.java:lambda$create$1(61)) - First MetricRegistry has been created without registering reporters. You may need to call MetricRegistries.global().addReportRegistration(...) before.
2019-11-11 04:06:22,956 [pool-77-thread-1] INFO  storage.RaftStorageDirectory (RaftStorageDirectory.java:tryLock(328)) - Lock on /workdir/hadoop-ozone/integration-test/target/test-dir/MiniOzoneClusterImpl-6985d1c7-7309-41e2-b49d-91e186e08ffa/datanode-5/data/ratis/d517d0ef-3a8f-4404-aa3a-39d510ffd81f/in_use.lock acquired by nodename 22000@trunk-nightly-20191111-g5xpl-2663879777
2019-11-11 04:06:22,956 [pool-97-thread-1] INFO  storage.RaftStorageDirectory (RaftStorageDirectory.java:tryLock(328)) - Lock on /workdir/hadoop-ozone/integration-test/target/test-dir/MiniOzoneClusterImpl-6985d1c7-7309-41e2-b49d-91e186e08ffa/datanode-7/data/ratis/31ac6f49-abee-419e-8f26-f4d747e15ff8/in_use.lock acquired by nodename 22000@trunk-nightly-20191111-g5xpl-2663879777
2019-11-11 04:06:22,956 [pool-27-thread-1] INFO  storage.RaftStorageDirectory (RaftStorageDirectory.java:tryLock(328)) - Lock on /workdir/hadoop-ozone/integration-test/target/test-dir/MiniOzoneClusterImpl-6985d1c7-7309-41e2-b49d-91e186e08ffa/datanode-0/data/ratis/b0183e10-43e1-4291-b0d9-f66482d1ae22/in_use.lock acquired by nodename 22000@trunk-nightly-20191111-g5xpl-2663879777
2019-11-11 04:06:22,964 [pool-27-thread-1] INFO  storage.RaftStorage (RaftStorage.java:format(84)) - Storage directory /workdir/hadoop-ozone/integration-test/target/test-dir/MiniOzoneClusterImpl-6985d1c7-7309-41e2-b49d-91e186e08ffa/datanode-0/data/ratis/b0183e10-43e1-4291-b0d9-f66482d1ae22 has been successfully formatted.
2019-11-11 04:06:22,964 [pool-77-thread-1] INFO  storage.RaftStorage (RaftStorage.java:format(84)) - Storage directory /workdir/hadoop-ozone/integration-test/target/test-dir/MiniOzoneClusterImpl-6985d1c7-7309-41e2-b49d-91e186e08ffa/datanode-5/data/ratis/d517d0ef-3a8f-4404-aa3a-39d510ffd81f has been successfully formatted.
2019-11-11 04:06:22,964 [pool-97-thread-1] INFO  storage.RaftStorage (RaftStorage.java:format(84)) - Storage directory /workdir/hadoop-ozone/integration-test/target/test-dir/MiniOzoneClusterImpl-6985d1c7-7309-41e2-b49d-91e186e08ffa/datanode-7/data/ratis/31ac6f49-abee-419e-8f26-f4d747e15ff8 has been successfully formatted.
2019-11-11 04:06:22,964 [pool-27-thread-1] INFO  ratis.ContainerStateMachine (ContainerStateMachine.java:loadSnapshot(221)) - group-F66482D1AE22: The snapshot info is null. Setting the last applied indexto:(t:0, i:~)
2019-11-11 04:06:22,964 [pool-77-thread-1] INFO  ratis.ContainerStateMachine (ContainerStateMachine.java:loadSnapshot(221)) - group-39D510FFD81F: The snapshot info is null. Setting the last applied indexto:(t:0, i:~)
2019-11-11 04:06:22,964 [pool-27-thread-1] INFO  server.RaftServerConfigKeys (ConfUtils.java:logGet(43)) - raft.server.notification.no-leader.timeout = 120s (custom)
2019-11-11 04:06:22,964 [pool-97-thread-1] INFO  ratis.ContainerStateMachine (ContainerStateMachine.java:loadSnapshot(221)) - group-F4D747E15FF8: The snapshot info is null. Setting the last applied indexto:(t:0, i:~)
2019-11-11 04:06:22,965 [pool-77-thread-1] INFO  server.RaftServerConfigKeys (ConfUtils.java:logGet(43)) - raft.server.notification.no-leader.timeout = 120s (custom)
2019-11-11 04:06:22,965 [pool-27-thread-1] INFO  server.RaftServerConfigKeys (ConfUtils.java:logGet(43)) - raft.server.log.use.memory = false (default)
2019-11-11 04:06:22,965 [pool-77-thread-1] INFO  server.RaftServerConfigKeys (ConfUtils.java:logGet(43)) - raft.server.log.use.memory = false (default)
2019-11-11 04:06:22,965 [pool-97-thread-1] INFO  server.RaftServerConfigKeys (ConfUtils.java:logGet(43)) - raft.server.notification.no-leader.timeout = 120s (custom)
2019-11-11 04:06:22,965 [pool-77-thread-1] INFO  server.RaftServerConfigKeys (ConfUtils.java:logGet(43)) - raft.server.log.purge.gap = 1000000 (custom)
2019-11-11 04:06:22,965 [pool-27-thread-1] INFO  server.RaftServerConfigKeys (ConfUtils.java:logGet(43)) - raft.server.log.purge.gap = 1000000 (custom)
2019-11-11 04:06:22,965 [pool-77-thread-1] INFO  server.RaftServerConfigKeys (ConfUtils.java:logGet(43)) - raft.server.log.appender.buffer.byte-limit = 33554432 (custom)
2019-11-11 04:06:22,965 [pool-97-thread-1] INFO  server.RaftServerConfigKeys (ConfUtils.java:logGet(43)) - raft.server.log.use.memory = false (default)
2019-11-11 04:06:22,966 [pool-77-thread-1] INFO  server.RaftServerConfigKeys (ConfUtils.java:logGet(43)) - raft.server.log.segment.size.max = 1048576 (custom)
2019-11-11 04:06:22,965 [pool-27-thread-1] INFO  server.RaftServerConfigKeys (ConfUtils.java:logGet(43)) - raft.server.log.appender.buffer.byte-limit = 33554432 (custom)
2019-11-11 04:06:22,966 [pool-77-thread-1] INFO  server.RaftServerConfigKeys (ConfUtils.java:logGet(43)) - raft.server.log.segment.cache.num.max = 2 (custom)
2019-11-11 04:06:22,966 [pool-97-thread-1] INFO  server.RaftServerConfigKeys (ConfUtils.java:logGet(43)) - raft.server.log.purge.gap = 1000000 (custom)
2019-11-11 04:06:22,966 [pool-77-thread-1] INFO  segmented.SegmentedRaftLogWorker (SegmentedRaftLogWorker.java:<init>(173)) - new f4ab3ec0-fcec-4fb2-8953-e521da90d916@group-39D510FFD81F-SegmentedRaftLogWorker for RaftStorage:Storage Directory /workdir/hadoop-ozone/integration-test/target/test-dir/MiniOzoneClusterImpl-6985d1c7-7309-41e2-b49d-91e186e08ffa/datanode-5/data/ratis/d517d0ef-3a8f-4404-aa3a-39d510ffd81f
2019-11-11 04:06:22,966 [pool-27-thread-1] INFO  server.RaftServerConfigKeys (ConfUtils.java:logGet(43)) - raft.server.log.segment.size.max = 1048576 (custom)
2019-11-11 04:06:22,966 [pool-77-thread-1] INFO  server.RaftServerConfigKeys (ConfUtils.java:logGet(43)) - raft.server.log.queue.byte-limit = 2147483647 (custom)
2019-11-11 04:06:22,966 [pool-97-thread-1] INFO  server.RaftServerConfigKeys (ConfUtils.java:logGet(43)) - raft.server.log.appender.buffer.byte-limit = 33554432 (custom)
2019-11-11 04:06:22,966 [pool-77-thread-1] INFO  server.RaftServerConfigKeys (ConfUtils.java:logGet(43)) - raft.server.log.queue.element-limit = 1024 (custom)
2019-11-11 04:06:22,966 [pool-27-thread-1] INFO  server.RaftServerConfigKeys (ConfUtils.java:logGet(43)) - raft.server.log.segment.cache.num.max = 2 (custom)
2019-11-11 04:06:22,967 [pool-77-thread-1] INFO  server.RaftServerConfigKeys (ConfUtils.java:logGet(43)) - raft.server.log.segment.size.max = 1048576 (custom)
2019-11-11 04:06:22,967 [pool-77-thread-1] INFO  server.RaftServerConfigKeys (ConfUtils.java:logGet(43)) - raft.server.log.preallocated.size = 16384 (custom)
2019-11-11 04:06:22,967 [pool-97-thread-1] INFO  server.RaftServerConfigKeys (ConfUtils.java:logGet(43)) - raft.server.log.segment.size.max = 1048576 (custom)
2019-11-11 04:06:22,967 [pool-77-thread-1] INFO  server.RaftServerConfigKeys (ConfUtils.java:logGet(43)) - raft.server.log.write.buffer.size = 33554432 (custom)
2019-11-11 04:06:22,967 [pool-27-thread-1] INFO  segmented.SegmentedRaftLogWorker (SegmentedRaftLogWorker.java:<init>(173)) - new 61021d77-0677-40a1-98e7-8ba643935ac0@group-F66482D1AE22-SegmentedRaftLogWorker for RaftStorage:Storage Directory /workdir/hadoop-ozone/integration-test/target/test-dir/MiniOzoneClusterImpl-6985d1c7-7309-41e2-b49d-91e186e08ffa/datanode-0/data/ratis/b0183e10-43e1-4291-b0d9-f66482d1ae22
2019-11-11 04:06:22,967 [pool-77-thread-1] INFO  server.RaftServerConfigKeys (ConfUtils.java:logGet(43)) - raft.server.log.force.sync.num = 128 (default)
2019-11-11 04:06:22,967 [pool-97-thread-1] INFO  server.RaftServerConfigKeys (ConfUtils.java:logGet(43)) - raft.server.log.segment.cache.num.max = 2 (custom)
2019-11-11 04:06:22,967 [pool-77-thread-1] INFO  server.RaftServerConfigKeys (ConfUtils.java:logGet(43)) - raft.server.log.statemachine.data.sync = true (default)
2019-11-11 04:06:22,967 [pool-27-thread-1] INFO  server.RaftServerConfigKeys (ConfUtils.java:logGet(43)) - raft.server.log.queue.byte-limit = 2147483647 (custom)
2019-11-11 04:06:22,968 [pool-77-thread-1] INFO  server.RaftServerConfigKeys (ConfUtils.java:logGet(43)) - raft.server.log.statemachine.data.sync.timeout = 10s (default)
2019-11-11 04:06:22,968 [pool-97-thread-1] INFO  segmented.SegmentedRaftLogWorker (SegmentedRaftLogWorker.java:<init>(173)) - new 9a305e64-7592-4199-ba7e-8c2223e9b548@group-F4D747E15FF8-SegmentedRaftLogWorker for RaftStorage:Storage Directory /workdir/hadoop-ozone/integration-test/target/test-dir/MiniOzoneClusterImpl-6985d1c7-7309-41e2-b49d-91e186e08ffa/datanode-7/data/ratis/31ac6f49-abee-419e-8f26-f4d747e15ff8
2019-11-11 04:06:22,968 [pool-77-thread-1] INFO  server.RaftServerConfigKeys (ConfUtils.java:logGet(43)) - raft.server.log.statemachine.data.sync.timeout.retry = -1 (default)
2019-11-11 04:06:22,968 [pool-27-thread-1] INFO  server.RaftServerConfigKeys (ConfUtils.java:logGet(43)) - raft.server.log.queue.element-limit = 1024 (custom)
2019-11-11 04:06:22,968 [pool-97-thread-1] INFO  server.RaftServerConfigKeys (ConfUtils.java:logGet(43)) - raft.server.log.queue.byte-limit = 2147483647 (custom)
2019-11-11 04:06:22,968 [pool-77-thread-1] INFO  server.RaftServerConfigKeys (ConfUtils.java:logGet(43)) - raft.server.log.statemachine.data.caching.enabled = true (custom)
2019-11-11 04:06:22,968 [pool-27-thread-1] INFO  server.RaftServerConfigKeys (ConfUtils.java:logGet(43)) - raft.server.log.segment.size.max = 1048576 (custom)
2019-11-11 04:06:22,968 [pool-97-thread-1] INFO  server.RaftServerConfigKeys (ConfUtils.java:logGet(43)) - raft.server.log.queue.element-limit = 1024 (custom)
2019-11-11 04:06:22,969 [pool-27-thread-1] INFO  server.RaftServerConfigKeys (ConfUtils.java:logGet(43)) - raft.server.log.preallocated.size = 16384 (custom)
2019-11-11 04:06:22,969 [pool-77-thread-1] INFO  segmented.SegmentedRaftLogWorker (SegmentedRaftLogWorker.java:lambda$new$0(128)) - f4ab3ec0-fcec-4fb2-8953-e521da90d916@group-39D510FFD81F-SegmentedRaftLogWorker: flushIndex: setUnconditionally 0 -> -1
2019-11-11 04:06:22,969 [pool-97-thread-1] INFO  server.RaftServerConfigKeys (ConfUtils.java:logGet(43)) - raft.server.log.segment.size.max = 1048576 (custom)
2019-11-11 04:06:22,969 [pool-27-thread-1] INFO  server.RaftServerConfigKeys (ConfUtils.java:logGet(43)) - raft.server.log.write.buffer.size = 33554432 (custom)
2019-11-11 04:06:22,969 [pool-97-thread-1] INFO  server.RaftServerConfigKeys (ConfUtils.java:logGet(43)) - raft.server.log.preallocated.size = 16384 (custom)
2019-11-11 04:06:22,969 [pool-27-thread-1] INFO  server.RaftServerConfigKeys (ConfUtils.java:logGet(43)) - raft.server.log.force.sync.num = 128 (default)
2019-11-11 04:06:22,969 [pool-77-thread-1] INFO  server.RaftServerConfigKeys (ConfUtils.java:logGet(43)) - raft.server.snapshot.auto.trigger.enabled = true (custom)
2019-11-11 04:06:22,969 [pool-27-thread-1] INFO  server.RaftServerConfigKeys (ConfUtils.java:logGet(43)) - raft.server.log.statemachine.data.sync = true (default)
2019-11-11 04:06:22,969 [pool-97-thread-1] INFO  server.RaftServerConfigKeys (ConfUtils.java:logGet(43)) - raft.server.log.write.buffer.size = 33554432 (custom)
2019-11-11 04:06:22,969 [pool-27-thread-1] INFO  server.RaftServerConfigKeys (ConfUtils.java:logGet(43)) - raft.server.log.statemachine.data.sync.timeout = 10s (default)
2019-11-11 04:06:22,969 [pool-77-thread-1] INFO  server.RaftServerConfigKeys (ConfUtils.java:logGet(43)) - raft.server.snapshot.auto.trigger.threshold = 10000 (custom)
2019-11-11 04:06:22,970 [pool-27-thread-1] INFO  server.RaftServerConfigKeys (ConfUtils.java:logGet(43)) - raft.server.log.statemachine.data.sync.timeout.retry = -1 (default)
2019-11-11 04:06:22,970 [pool-97-thread-1] INFO  server.RaftServerConfigKeys (ConfUtils.java:logGet(43)) - raft.server.log.force.sync.num = 128 (default)
2019-11-11 04:06:22,970 [pool-77-thread-1] INFO  server.RaftServerConfigKeys (ConfUtils.java:logGet(43)) - raft.server.snapshot.retention.file.num = 5 (custom)
2019-11-11 04:06:22,970 [pool-27-thread-1] INFO  server.RaftServerConfigKeys (ConfUtils.java:logGet(43)) - raft.server.log.statemachine.data.caching.enabled = true (custom)
2019-11-11 04:06:22,970 [pool-77-thread-1] INFO  server.RaftServerConfigKeys (ConfUtils.java:logGet(43)) - raft.server.retrycache.expirytime = 600000ms (custom)
2019-11-11 04:06:22,970 [pool-97-thread-1] INFO  server.RaftServerConfigKeys (ConfUtils.java:logGet(43)) - raft.server.log.statemachine.data.sync = true (default)
2019-11-11 04:06:22,970 [pool-77-thread-1] WARN  impl.MetricRegistriesImpl (MetricRegistriesImpl.java:lambda$create$1(61)) - First MetricRegistry has been created without registering reporters. You may need to call MetricRegistries.global().addReportRegistration(...) before.
2019-11-11 04:06:22,970 [pool-27-thread-1] INFO  segmented.SegmentedRaftLogWorker (SegmentedRaftLogWorker.java:lambda$new$0(128)) - 61021d77-0677-40a1-98e7-8ba643935ac0@group-F66482D1AE22-SegmentedRaftLogWorker: flushIndex: setUnconditionally 0 -> -1
2019-11-11 04:06:22,971 [pool-77-thread-1] WARN  impl.MetricRegistriesImpl (MetricRegistriesImpl.java:lambda$create$1(61)) - First MetricRegistry has been created without registering reporters. You may need to call MetricRegistries.global().addReportRegistration(...) before.
2019-11-11 04:06:22,975 [pool-27-thread-1] INFO  server.RaftServerConfigKeys (ConfUtils.java:logGet(43)) - raft.server.snapshot.auto.trigger.enabled = true (custom)
2019-11-11 04:06:22,970 [pool-97-thread-1] INFO  server.RaftServerConfigKeys (ConfUtils.java:logGet(43)) - raft.server.log.statemachine.data.sync.timeout = 10s (default)
2019-11-11 04:06:22,975 [pool-27-thread-1] INFO  server.RaftServerConfigKeys (ConfUtils.java:logGet(43)) - raft.server.snapshot.auto.trigger.threshold = 10000 (custom)
2019-11-11 04:06:22,976 [pool-97-thread-1] INFO  server.RaftServerConfigKeys (ConfUtils.java:logGet(43)) - raft.server.log.statemachine.data.sync.timeout.retry = -1 (default)
2019-11-11 04:06:22,976 [pool-27-thread-1] INFO  server.RaftServerConfigKeys (ConfUtils.java:logGet(43)) - raft.server.snapshot.retention.file.num = 5 (custom)
2019-11-11 04:06:22,976 [pool-97-thread-1] INFO  server.RaftServerConfigKeys (ConfUtils.java:logGet(43)) - raft.server.log.statemachine.data.caching.enabled = true (custom)
2019-11-11 04:06:22,976 [pool-27-thread-1] INFO  server.RaftServerConfigKeys (ConfUtils.java:logGet(43)) - raft.server.retrycache.expirytime = 600000ms (custom)
2019-11-11 04:06:22,976 [pool-27-thread-1] WARN  impl.MetricRegistriesImpl (MetricRegistriesImpl.java:lambda$create$1(61)) - First MetricRegistry has been created without registering reporters. You may need to call MetricRegistries.global().addReportRegistration(...) before.
2019-11-11 04:06:22,976 [pool-97-thread-1] INFO  segmented.SegmentedRaftLogWorker (SegmentedRaftLogWorker.java:lambda$new$0(128)) - 9a305e64-7592-4199-ba7e-8c2223e9b548@group-F4D747E15FF8-SegmentedRaftLogWorker: flushIndex: setUnconditionally 0 -> -1
2019-11-11 04:06:22,976 [pool-27-thread-1] WARN  impl.MetricRegistriesImpl (MetricRegistriesImpl.java:lambda$create$1(61)) - First MetricRegistry has been created without registering reporters. You may need to call MetricRegistries.global().addReportRegistration(...) before.
2019-11-11 04:06:22,977 [pool-97-thread-1] INFO  server.RaftServerConfigKeys (ConfUtils.java:logGet(43)) - raft.server.snapshot.auto.trigger.enabled = true (custom)
2019-11-11 04:06:22,977 [pool-97-thread-1] INFO  server.RaftServerConfigKeys (ConfUtils.java:logGet(43)) - raft.server.snapshot.auto.trigger.threshold = 10000 (custom)
2019-11-11 04:06:22,977 [pool-97-thread-1] INFO  server.RaftServerConfigKeys (ConfUtils.java:logGet(43)) - raft.server.snapshot.retention.file.num = 5 (custom)
2019-11-11 04:06:22,977 [pool-97-thread-1] INFO  server.RaftServerConfigKeys (ConfUtils.java:logGet(43)) - raft.server.retrycache.expirytime = 600000ms (custom)
2019-11-11 04:06:22,977 [pool-97-thread-1] WARN  impl.MetricRegistriesImpl (MetricRegistriesImpl.java:lambda$create$1(61)) - First MetricRegistry has been created without registering reporters. You may need to call MetricRegistries.global().addReportRegistration(...) before.
2019-11-11 04:06:22,977 [pool-77-thread-1] INFO  impl.RaftServerImpl (RaftServerImpl.java:<init>(98)) - f4ab3ec0-fcec-4fb2-8953-e521da90d916: new RaftServerImpl for group-F4D747E15FF8:[61021d77-0677-40a1-98e7-8ba643935ac0:192.168.34.63:35377, 9a305e64-7592-4199-ba7e-8c2223e9b548:192.168.34.63:35969, f4ab3ec0-fcec-4fb2-8953-e521da90d916:192.168.34.63:41296] with ContainerStateMachine:uninitialized
2019-11-11 04:06:22,977 [pool-97-thread-1] WARN  impl.MetricRegistriesImpl (MetricRegistriesImpl.java:lambda$create$1(61)) - First MetricRegistry has been created without registering reporters. You may need to call MetricRegistries.global().addReportRegistration(...) before.
2019-11-11 04:06:22,977 [pool-77-thread-1] INFO  server.RaftServerConfigKeys (ConfUtils.java:logGet(43)) - raft.server.rpc.timeout.min = 1s (custom)
2019-11-11 04:06:22,977 [pool-97-thread-1] INFO  impl.RaftServerImpl (RaftServerImpl.java:start(184)) - 9a305e64-7592-4199-ba7e-8c2223e9b548@group-39D510FFD81F: start as a follower, conf=-1: [61021d77-0677-40a1-98e7-8ba643935ac0:192.168.34.63:35377, 9a305e64-7592-4199-ba7e-8c2223e9b548:192.168.34.63:35969, f4ab3ec0-fcec-4fb2-8953-e521da90d916:192.168.34.63:41296], old=null
2019-11-11 04:06:22,977 [pool-77-thread-1] INFO  server.RaftServerConfigKeys (ConfUtils.java:logGet(43)) - raft.server.rpc.timeout.max = 1200ms (custom)
2019-11-11 04:06:22,978 [pool-27-thread-1] INFO  impl.RaftServerImpl (RaftServerImpl.java:<init>(98)) - 61021d77-0677-40a1-98e7-8ba643935ac0: new RaftServerImpl for group-E3209F2AD3E3:[61021d77-0677-40a1-98e7-8ba643935ac0:192.168.34.63:35377] with ContainerStateMachine:uninitialized
2019-11-11 04:06:22,978 [pool-97-thread-1] INFO  impl.RaftServerImpl (RaftServerImpl.java:setRole(173)) - 9a305e64-7592-4199-ba7e-8c2223e9b548@group-39D510FFD81F: changes role from      null to FOLLOWER at term 0 for startAsFollower
2019-11-11 04:06:22,978 [pool-27-thread-1] INFO  server.RaftServerConfigKeys (ConfUtils.java:logGet(43)) - raft.server.rpc.timeout.min = 1s (custom)
2019-11-11 04:06:22,978 [pool-77-thread-1] INFO  server.RaftServerConfigKeys (ConfUtils.java:logGet(43)) - raft.server.rpcslowness.timeout = 120s (custom)
2019-11-11 04:06:22,978 [pool-27-thread-1] INFO  server.RaftServerConfigKeys (ConfUtils.java:logGet(43)) - raft.server.rpc.timeout.max = 1200ms (custom)
2019-11-11 04:06:22,978 [pool-97-thread-1] INFO  impl.RoleInfo (RoleInfo.java:updateAndGet(143)) - 9a305e64-7592-4199-ba7e-8c2223e9b548: start FollowerState
2019-11-11 04:06:22,980 [pool-27-thread-1] INFO  server.RaftServerConfigKeys (ConfUtils.java:logGet(43)) - raft.server.rpcslowness.timeout = 120s (custom)
2019-11-11 04:06:22,980 [pool-77-thread-1] INFO  server.RaftServerConfigKeys (ConfUtils.java:logGet(43)) - raft.server.sleep.deviation.threshold = 300 (default)
2019-11-11 04:06:22,980 [pool-27-thread-1] INFO  server.RaftServerConfigKeys (ConfUtils.java:logGet(43)) - raft.server.sleep.deviation.threshold = 300 (default)
2019-11-11 04:06:22,980 [pool-77-thread-1] INFO  server.RaftServerConfigKeys (ConfUtils.java:logGet(43)) - raft.server.log.appender.install.snapshot.enabled = false (custom)
2019-11-11 04:06:22,980 [pool-97-thread-1] INFO  util.JmxRegister (JmxRegister.java:tryRegister(44)) - Successfully registered JMX Bean with object name Ratis:service=RaftServer,group=group-39D510FFD81F,id=9a305e64-7592-4199-ba7e-8c2223e9b548
2019-11-11 04:06:22,980 [pool-27-thread-1] INFO  server.RaftServerConfigKeys (ConfUtils.java:logGet(43)) - raft.server.log.appender.install.snapshot.enabled = false (custom)
2019-11-11 04:06:22,982 [pool-97-thread-1] WARN  impl.MetricRegistriesImpl (MetricRegistriesImpl.java:lambda$create$1(61)) - First MetricRegistry has been created without registering reporters. You may need to call MetricRegistries.global().addReportRegistration(...) before.
2019-11-11 04:06:22,982 [pool-77-thread-1] INFO  impl.RaftServerImpl (ServerState.java:<init>(103)) - f4ab3ec0-fcec-4fb2-8953-e521da90d916@group-F4D747E15FF8: ConfigurationManager, init=-1: [61021d77-0677-40a1-98e7-8ba643935ac0:192.168.34.63:35377, 9a305e64-7592-4199-ba7e-8c2223e9b548:192.168.34.63:35969, f4ab3ec0-fcec-4fb2-8953-e521da90d916:192.168.34.63:41296], old=null, confs=<EMPTY_MAP>
2019-11-11 04:06:22,982 [pool-27-thread-1] INFO  impl.RaftServerImpl (ServerState.java:<init>(103)) - 61021d77-0677-40a1-98e7-8ba643935ac0@group-E3209F2AD3E3: ConfigurationManager, init=-1: [61021d77-0677-40a1-98e7-8ba643935ac0:192.168.34.63:35377], old=null, confs=<EMPTY_MAP>
2019-11-11 04:06:22,983 [pool-77-thread-1] INFO  server.RaftServerConfigKeys (ConfUtils.java:logGet(43)) - raft.server.storage.dir = [/workdir/hadoop-ozone/integration-test/target/test-dir/MiniOzoneClusterImpl-6985d1c7-7309-41e2-b49d-91e186e08ffa/datanode-5/data/ratis] (custom)
2019-11-11 04:06:22,983 [pool-27-thread-1] INFO  server.RaftServerConfigKeys (ConfUtils.java:logGet(43)) - raft.server.storage.dir = [/workdir/hadoop-ozone/integration-test/target/test-dir/MiniOzoneClusterImpl-6985d1c7-7309-41e2-b49d-91e186e08ffa/datanode-0/data/ratis] (custom)
2019-11-11 04:06:22,983 [pool-97-thread-1] INFO  impl.RaftServerImpl (RaftServerImpl.java:start(184)) - 9a305e64-7592-4199-ba7e-8c2223e9b548@group-F4D747E15FF8: start as a follower, conf=-1: [61021d77-0677-40a1-98e7-8ba643935ac0:192.168.34.63:35377, 9a305e64-7592-4199-ba7e-8c2223e9b548:192.168.34.63:35969, f4ab3ec0-fcec-4fb2-8953-e521da90d916:192.168.34.63:41296], old=null
2019-11-11 04:06:22,983 [pool-77-thread-1] INFO  server.RaftServerConfigKeys (ConfUtils.java:logGet(43)) - raft.server.log.corruption.policy = EXCEPTION (default)
2019-11-11 04:06:22,983 [pool-27-thread-1] INFO  server.RaftServerConfigKeys (ConfUtils.java:logGet(43)) - raft.server.log.corruption.policy = EXCEPTION (default)
2019-11-11 04:06:22,983 [pool-97-thread-1] INFO  impl.RaftServerImpl (RaftServerImpl.java:setRole(173)) - 9a305e64-7592-4199-ba7e-8c2223e9b548@group-F4D747E15FF8: changes role from      null to FOLLOWER at term 0 for startAsFollower
2019-11-11 04:06:22,983 [pool-27-thread-1] INFO  storage.RaftStorageDirectory (RaftStorageDirectory.java:analyzeStorage(246)) - The storage directory /workdir/hadoop-ozone/integration-test/target/test-dir/MiniOzoneClusterImpl-6985d1c7-7309-41e2-b49d-91e186e08ffa/datanode-0/data/ratis/7a37cfbc-7e10-49bb-a0b8-e3209f2ad3e3 does not exist. Creating ...
2019-11-11 04:06:22,983 [pool-77-thread-1] INFO  storage.RaftStorageDirectory (RaftStorageDirectory.java:analyzeStorage(246)) - The storage directory /workdir/hadoop-ozone/integration-test/target/test-dir/MiniOzoneClusterImpl-6985d1c7-7309-41e2-b49d-91e186e08ffa/datanode-5/data/ratis/31ac6f49-abee-419e-8f26-f4d747e15ff8 does not exist. Creating ...
2019-11-11 04:06:22,983 [pool-97-thread-1] INFO  impl.RoleInfo (RoleInfo.java:updateAndGet(143)) - 9a305e64-7592-4199-ba7e-8c2223e9b548: start FollowerState
2019-11-11 04:06:22,984 [pool-97-thread-1] INFO  util.JmxRegister (JmxRegister.java:tryRegister(44)) - Successfully registered JMX Bean with object name Ratis:service=RaftServer,group=group-F4D747E15FF8,id=9a305e64-7592-4199-ba7e-8c2223e9b548
2019-11-11 04:06:22,984 [pool-97-thread-1] WARN  impl.MetricRegistriesImpl (MetricRegistriesImpl.java:lambda$create$1(61)) - First MetricRegistry has been created without registering reporters. You may need to call MetricRegistries.global().addReportRegistration(...) before.
2019-11-11 04:06:22,991 [pool-27-thread-1] INFO  storage.RaftStorageDirectory (RaftStorageDirectory.java:tryLock(328)) - Lock on /workdir/hadoop-ozone/integration-test/target/test-dir/MiniOzoneClusterImpl-6985d1c7-7309-41e2-b49d-91e186e08ffa/datanode-0/data/ratis/7a37cfbc-7e10-49bb-a0b8-e3209f2ad3e3/in_use.lock acquired by nodename 22000@trunk-nightly-20191111-g5xpl-2663879777
2019-11-11 04:06:22,991 [pool-77-thread-1] INFO  storage.RaftStorageDirectory (RaftStorageDirectory.java:tryLock(328)) - Lock on /workdir/hadoop-ozone/integration-test/target/test-dir/MiniOzoneClusterImpl-6985d1c7-7309-41e2-b49d-91e186e08ffa/datanode-5/data/ratis/31ac6f49-abee-419e-8f26-f4d747e15ff8/in_use.lock acquired by nodename 22000@trunk-nightly-20191111-g5xpl-2663879777
2019-11-11 04:06:23,002 [pool-27-thread-1] INFO  storage.RaftStorage (RaftStorage.java:format(84)) - Storage directory /workdir/hadoop-ozone/integration-test/target/test-dir/MiniOzoneClusterImpl-6985d1c7-7309-41e2-b49d-91e186e08ffa/datanode-0/data/ratis/7a37cfbc-7e10-49bb-a0b8-e3209f2ad3e3 has been successfully formatted.
2019-11-11 04:06:23,002 [pool-77-thread-1] INFO  storage.RaftStorage (RaftStorage.java:format(84)) - Storage directory /workdir/hadoop-ozone/integration-test/target/test-dir/MiniOzoneClusterImpl-6985d1c7-7309-41e2-b49d-91e186e08ffa/datanode-5/data/ratis/31ac6f49-abee-419e-8f26-f4d747e15ff8 has been successfully formatted.
2019-11-11 04:06:23,005 [pool-27-thread-1] INFO  ratis.ContainerStateMachine (ContainerStateMachine.java:loadSnapshot(221)) - group-E3209F2AD3E3: The snapshot info is null. Setting the last applied indexto:(t:0, i:~)
2019-11-11 04:06:23,005 [pool-77-thread-1] INFO  ratis.ContainerStateMachine (ContainerStateMachine.java:loadSnapshot(221)) - group-F4D747E15FF8: The snapshot info is null. Setting the last applied indexto:(t:0, i:~)
2019-11-11 04:06:23,005 [pool-27-thread-1] INFO  server.RaftServerConfigKeys (ConfUtils.java:logGet(43)) - raft.server.notification.no-leader.timeout = 120s (custom)
2019-11-11 04:06:23,005 [pool-77-thread-1] INFO  server.RaftServerConfigKeys (ConfUtils.java:logGet(43)) - raft.server.notification.no-leader.timeout = 120s (custom)
2019-11-11 04:06:23,005 [pool-27-thread-1] INFO  server.RaftServerConfigKeys (ConfUtils.java:logGet(43)) - raft.server.log.use.memory = false (default)
2019-11-11 04:06:23,006 [pool-77-thread-1] INFO  server.RaftServerConfigKeys (ConfUtils.java:logGet(43)) - raft.server.log.use.memory = false (default)
2019-11-11 04:06:23,006 [pool-27-thread-1] INFO  server.RaftServerConfigKeys (ConfUtils.java:logGet(43)) - raft.server.log.purge.gap = 1000000 (custom)
2019-11-11 04:06:23,006 [pool-77-thread-1] INFO  server.RaftServerConfigKeys (ConfUtils.java:logGet(43)) - raft.server.log.purge.gap = 1000000 (custom)
2019-11-11 04:06:23,006 [pool-27-thread-1] INFO  server.RaftServerConfigKeys (ConfUtils.java:logGet(43)) - raft.server.log.appender.buffer.byte-limit = 33554432 (custom)
2019-11-11 04:06:23,008 [pool-77-thread-1] INFO  server.RaftServerConfigKeys (ConfUtils.java:logGet(43)) - raft.server.log.appender.buffer.byte-limit = 33554432 (custom)
2019-11-11 04:06:23,008 [pool-27-thread-1] INFO  server.RaftServerConfigKeys (ConfUtils.java:logGet(43)) - raft.server.log.segment.size.max = 1048576 (custom)
2019-11-11 04:06:23,008 [pool-77-thread-1] INFO  server.RaftServerConfigKeys (ConfUtils.java:logGet(43)) - raft.server.log.segment.size.max = 1048576 (custom)
2019-11-11 04:06:23,008 [pool-27-thread-1] INFO  server.RaftServerConfigKeys (ConfUtils.java:logGet(43)) - raft.server.log.segment.cache.num.max = 2 (custom)
2019-11-11 04:06:23,008 [pool-77-thread-1] INFO  server.RaftServerConfigKeys (ConfUtils.java:logGet(43)) - raft.server.log.segment.cache.num.max = 2 (custom)
2019-11-11 04:06:23,008 [pool-27-thread-1] INFO  segmented.SegmentedRaftLogWorker (SegmentedRaftLogWorker.java:<init>(173)) - new 61021d77-0677-40a1-98e7-8ba643935ac0@group-E3209F2AD3E3-SegmentedRaftLogWorker for RaftStorage:Storage Directory /workdir/hadoop-ozone/integration-test/target/test-dir/MiniOzoneClusterImpl-6985d1c7-7309-41e2-b49d-91e186e08ffa/datanode-0/data/ratis/7a37cfbc-7e10-49bb-a0b8-e3209f2ad3e3
2019-11-11 04:06:23,008 [pool-77-thread-1] INFO  segmented.SegmentedRaftLogWorker (SegmentedRaftLogWorker.java:<init>(173)) - new f4ab3ec0-fcec-4fb2-8953-e521da90d916@group-F4D747E15FF8-SegmentedRaftLogWorker for RaftStorage:Storage Directory /workdir/hadoop-ozone/integration-test/target/test-dir/MiniOzoneClusterImpl-6985d1c7-7309-41e2-b49d-91e186e08ffa/datanode-5/data/ratis/31ac6f49-abee-419e-8f26-f4d747e15ff8
2019-11-11 04:06:23,008 [pool-27-thread-1] INFO  server.RaftServerConfigKeys (ConfUtils.java:logGet(43)) - raft.server.log.queue.byte-limit = 2147483647 (custom)
2019-11-11 04:06:23,008 [pool-77-thread-1] INFO  server.RaftServerConfigKeys (ConfUtils.java:logGet(43)) - raft.server.log.queue.byte-limit = 2147483647 (custom)
2019-11-11 04:06:23,008 [pool-27-thread-1] INFO  server.RaftServerConfigKeys (ConfUtils.java:logGet(43)) - raft.server.log.queue.element-limit = 1024 (custom)
2019-11-11 04:06:23,008 [pool-77-thread-1] INFO  server.RaftServerConfigKeys (ConfUtils.java:logGet(43)) - raft.server.log.queue.element-limit = 1024 (custom)
2019-11-11 04:06:23,009 [pool-27-thread-1] INFO  server.RaftServerConfigKeys (ConfUtils.java:logGet(43)) - raft.server.log.segment.size.max = 1048576 (custom)
2019-11-11 04:06:23,009 [pool-77-thread-1] INFO  server.RaftServerConfigKeys (ConfUtils.java:logGet(43)) - raft.server.log.segment.size.max = 1048576 (custom)
2019-11-11 04:06:23,009 [pool-27-thread-1] INFO  server.RaftServerConfigKeys (ConfUtils.java:logGet(43)) - raft.server.log.preallocated.size = 16384 (custom)
2019-11-11 04:06:23,009 [pool-77-thread-1] INFO  server.RaftServerConfigKeys (ConfUtils.java:logGet(43)) - raft.server.log.preallocated.size = 16384 (custom)
2019-11-11 04:06:23,009 [pool-27-thread-1] INFO  server.RaftServerConfigKeys (ConfUtils.java:logGet(43)) - raft.server.log.write.buffer.size = 33554432 (custom)
2019-11-11 04:06:23,009 [pool-77-thread-1] INFO  server.RaftServerConfigKeys (ConfUtils.java:logGet(43)) - raft.server.log.write.buffer.size = 33554432 (custom)
2019-11-11 04:06:23,009 [pool-27-thread-1] INFO  server.RaftServerConfigKeys (ConfUtils.java:logGet(43)) - raft.server.log.force.sync.num = 128 (default)
2019-11-11 04:06:23,009 [pool-77-thread-1] INFO  server.RaftServerConfigKeys (ConfUtils.java:logGet(43)) - raft.server.log.force.sync.num = 128 (default)
2019-11-11 04:06:23,009 [pool-27-thread-1] INFO  server.RaftServerConfigKeys (ConfUtils.java:logGet(43)) - raft.server.log.statemachine.data.sync = true (default)
2019-11-11 04:06:23,009 [pool-77-thread-1] INFO  server.RaftServerConfigKeys (ConfUtils.java:logGet(43)) - raft.server.log.statemachine.data.sync = true (default)
2019-11-11 04:06:23,009 [pool-27-thread-1] INFO  server.RaftServerConfigKeys (ConfUtils.java:logGet(43)) - raft.server.log.statemachine.data.sync.timeout = 10s (default)
2019-11-11 04:06:23,010 [pool-77-thread-1] INFO  server.RaftServerConfigKeys (ConfUtils.java:logGet(43)) - raft.server.log.statemachine.data.sync.timeout = 10s (default)
2019-11-11 04:06:23,010 [pool-27-thread-1] INFO  server.RaftServerConfigKeys (ConfUtils.java:logGet(43)) - raft.server.log.statemachine.data.sync.timeout.retry = -1 (default)
2019-11-11 04:06:23,010 [pool-77-thread-1] INFO  server.RaftServerConfigKeys (ConfUtils.java:logGet(43)) - raft.server.log.statemachine.data.sync.timeout.retry = -1 (default)
2019-11-11 04:06:23,010 [pool-27-thread-1] INFO  server.RaftServerConfigKeys (ConfUtils.java:logGet(43)) - raft.server.log.statemachine.data.caching.enabled = true (custom)
2019-11-11 04:06:23,010 [pool-77-thread-1] INFO  server.RaftServerConfigKeys (ConfUtils.java:logGet(43)) - raft.server.log.statemachine.data.caching.enabled = true (custom)
2019-11-11 04:06:23,012 [pool-27-thread-1] INFO  segmented.SegmentedRaftLogWorker (SegmentedRaftLogWorker.java:lambda$new$0(128)) - 61021d77-0677-40a1-98e7-8ba643935ac0@group-E3209F2AD3E3-SegmentedRaftLogWorker: flushIndex: setUnconditionally 0 -> -1
2019-11-11 04:06:23,012 [pool-77-thread-1] INFO  segmented.SegmentedRaftLogWorker (SegmentedRaftLogWorker.java:lambda$new$0(128)) - f4ab3ec0-fcec-4fb2-8953-e521da90d916@group-F4D747E15FF8-SegmentedRaftLogWorker: flushIndex: setUnconditionally 0 -> -1
2019-11-11 04:06:23,012 [pool-27-thread-1] INFO  server.RaftServerConfigKeys (ConfUtils.java:logGet(43)) - raft.server.snapshot.auto.trigger.enabled = true (custom)
2019-11-11 04:06:23,012 [pool-27-thread-1] INFO  server.RaftServerConfigKeys (ConfUtils.java:logGet(43)) - raft.server.snapshot.auto.trigger.threshold = 10000 (custom)
2019-11-11 04:06:23,012 [pool-77-thread-1] INFO  server.RaftServerConfigKeys (ConfUtils.java:logGet(43)) - raft.server.snapshot.auto.trigger.enabled = true (custom)
2019-11-11 04:06:23,012 [pool-27-thread-1] INFO  server.RaftServerConfigKeys (ConfUtils.java:logGet(43)) - raft.server.snapshot.retention.file.num = 5 (custom)
2019-11-11 04:06:23,012 [pool-77-thread-1] INFO  server.RaftServerConfigKeys (ConfUtils.java:logGet(43)) - raft.server.snapshot.auto.trigger.threshold = 10000 (custom)
2019-11-11 04:06:23,012 [pool-27-thread-1] INFO  server.RaftServerConfigKeys (ConfUtils.java:logGet(43)) - raft.server.retrycache.expirytime = 600000ms (custom)
2019-11-11 04:06:23,013 [pool-77-thread-1] INFO  server.RaftServerConfigKeys (ConfUtils.java:logGet(43)) - raft.server.snapshot.retention.file.num = 5 (custom)
2019-11-11 04:06:23,013 [pool-27-thread-1] WARN  impl.MetricRegistriesImpl (MetricRegistriesImpl.java:lambda$create$1(61)) - First MetricRegistry has been created without registering reporters. You may need to call MetricRegistries.global().addReportRegistration(...) before.
2019-11-11 04:06:23,013 [pool-77-thread-1] INFO  server.RaftServerConfigKeys (ConfUtils.java:logGet(43)) - raft.server.retrycache.expirytime = 600000ms (custom)
2019-11-11 04:06:23,013 [pool-27-thread-1] WARN  impl.MetricRegistriesImpl (MetricRegistriesImpl.java:lambda$create$1(61)) - First MetricRegistry has been created without registering reporters. You may need to call MetricRegistries.global().addReportRegistration(...) before.
2019-11-11 04:06:23,013 [pool-77-thread-1] WARN  impl.MetricRegistriesImpl (MetricRegistriesImpl.java:lambda$create$1(61)) - First MetricRegistry has been created without registering reporters. You may need to call MetricRegistries.global().addReportRegistration(...) before.
2019-11-11 04:06:23,013 [pool-77-thread-1] WARN  impl.MetricRegistriesImpl (MetricRegistriesImpl.java:lambda$create$1(61)) - First MetricRegistry has been created without registering reporters. You may need to call MetricRegistries.global().addReportRegistration(...) before.
2019-11-11 04:06:23,013 [pool-77-thread-1] INFO  impl.RaftServerImpl (RaftServerImpl.java:start(184)) - f4ab3ec0-fcec-4fb2-8953-e521da90d916@group-F66482D1AE22: start as a follower, conf=-1: [61021d77-0677-40a1-98e7-8ba643935ac0:192.168.34.63:35377, c04805f0-1fdc-4096-9f0e-017639bb4de5:192.168.34.63:44743, f4ab3ec0-fcec-4fb2-8953-e521da90d916:192.168.34.63:41296], old=null
2019-11-11 04:06:23,014 [pool-77-thread-1] INFO  impl.RaftServerImpl (RaftServerImpl.java:setRole(173)) - f4ab3ec0-fcec-4fb2-8953-e521da90d916@group-F66482D1AE22: changes role from      null to FOLLOWER at term 0 for startAsFollower
2019-11-11 04:06:23,014 [pool-77-thread-1] INFO  impl.RoleInfo (RoleInfo.java:updateAndGet(143)) - f4ab3ec0-fcec-4fb2-8953-e521da90d916: start FollowerState
2019-11-11 04:06:23,014 [pool-77-thread-1] INFO  util.JmxRegister (JmxRegister.java:tryRegister(44)) - Successfully registered JMX Bean with object name Ratis:service=RaftServer,group=group-F66482D1AE22,id=f4ab3ec0-fcec-4fb2-8953-e521da90d916
2019-11-11 04:06:23,014 [pool-77-thread-1] WARN  impl.MetricRegistriesImpl (MetricRegistriesImpl.java:lambda$create$1(61)) - First MetricRegistry has been created without registering reporters. You may need to call MetricRegistries.global().addReportRegistration(...) before.
2019-11-11 04:06:23,015 [pool-27-thread-1] INFO  impl.RaftServerImpl (RaftServerImpl.java:<init>(98)) - 61021d77-0677-40a1-98e7-8ba643935ac0: new RaftServerImpl for group-39D510FFD81F:[61021d77-0677-40a1-98e7-8ba643935ac0:192.168.34.63:35377, 9a305e64-7592-4199-ba7e-8c2223e9b548:192.168.34.63:35969, f4ab3ec0-fcec-4fb2-8953-e521da90d916:192.168.34.63:41296] with ContainerStateMachine:uninitialized
2019-11-11 04:06:23,015 [pool-27-thread-1] INFO  server.RaftServerConfigKeys (ConfUtils.java:logGet(43)) - raft.server.rpc.timeout.min = 1s (custom)
2019-11-11 04:06:23,015 [pool-27-thread-1] INFO  server.RaftServerConfigKeys (ConfUtils.java:logGet(43)) - raft.server.rpc.timeout.max = 1200ms (custom)
2019-11-11 04:06:23,015 [pool-27-thread-1] INFO  server.RaftServerConfigKeys (ConfUtils.java:logGet(43)) - raft.server.rpcslowness.timeout = 120s (custom)
2019-11-11 04:06:23,015 [pool-27-thread-1] INFO  server.RaftServerConfigKeys (ConfUtils.java:logGet(43)) - raft.server.sleep.deviation.threshold = 300 (default)
2019-11-11 04:06:23,015 [pool-77-thread-1] INFO  impl.RaftServerImpl (RaftServerImpl.java:start(184)) - f4ab3ec0-fcec-4fb2-8953-e521da90d916@group-39D510FFD81F: start as a follower, conf=-1: [61021d77-0677-40a1-98e7-8ba643935ac0:192.168.34.63:35377, 9a305e64-7592-4199-ba7e-8c2223e9b548:192.168.34.63:35969, f4ab3ec0-fcec-4fb2-8953-e521da90d916:192.168.34.63:41296], old=null
2019-11-11 04:06:23,015 [pool-27-thread-1] INFO  server.RaftServerConfigKeys (ConfUtils.java:logGet(43)) - raft.server.log.appender.install.snapshot.enabled = false (custom)
2019-11-11 04:06:23,015 [pool-77-thread-1] INFO  impl.RaftServerImpl (RaftServerImpl.java:setRole(173)) - f4ab3ec0-fcec-4fb2-8953-e521da90d916@group-39D510FFD81F: changes role from      null to FOLLOWER at term 0 for startAsFollower
2019-11-11 04:06:23,015 [pool-27-thread-1] INFO  impl.RaftServerImpl (ServerState.java:<init>(103)) - 61021d77-0677-40a1-98e7-8ba643935ac0@group-39D510FFD81F: ConfigurationManager, init=-1: [61021d77-0677-40a1-98e7-8ba643935ac0:192.168.34.63:35377, 9a305e64-7592-4199-ba7e-8c2223e9b548:192.168.34.63:35969, f4ab3ec0-fcec-4fb2-8953-e521da90d916:192.168.34.63:41296], old=null, confs=<EMPTY_MAP>
2019-11-11 04:06:23,017 [pool-77-thread-1] INFO  impl.RoleInfo (RoleInfo.java:updateAndGet(143)) - f4ab3ec0-fcec-4fb2-8953-e521da90d916: start FollowerState
2019-11-11 04:06:23,017 [pool-27-thread-1] INFO  server.RaftServerConfigKeys (ConfUtils.java:logGet(43)) - raft.server.storage.dir = [/workdir/hadoop-ozone/integration-test/target/test-dir/MiniOzoneClusterImpl-6985d1c7-7309-41e2-b49d-91e186e08ffa/datanode-0/data/ratis] (custom)
2019-11-11 04:06:23,017 [pool-77-thread-1] INFO  util.JmxRegister (JmxRegister.java:tryRegister(44)) - Successfully registered JMX Bean with object name Ratis:service=RaftServer,group=group-39D510FFD81F,id=f4ab3ec0-fcec-4fb2-8953-e521da90d916
2019-11-11 04:06:23,017 [pool-27-thread-1] INFO  server.RaftServerConfigKeys (ConfUtils.java:logGet(43)) - raft.server.log.corruption.policy = EXCEPTION (default)
2019-11-11 04:06:23,017 [pool-77-thread-1] WARN  impl.MetricRegistriesImpl (MetricRegistriesImpl.java:lambda$create$1(61)) - First MetricRegistry has been created without registering reporters. You may need to call MetricRegistries.global().addReportRegistration(...) before.
2019-11-11 04:06:23,017 [pool-27-thread-1] INFO  storage.RaftStorageDirectory (RaftStorageDirectory.java:analyzeStorage(246)) - The storage directory /workdir/hadoop-ozone/integration-test/target/test-dir/MiniOzoneClusterImpl-6985d1c7-7309-41e2-b49d-91e186e08ffa/datanode-0/data/ratis/d517d0ef-3a8f-4404-aa3a-39d510ffd81f does not exist. Creating ...
2019-11-11 04:06:23,018 [pool-77-thread-1] INFO  impl.RaftServerImpl (RaftServerImpl.java:start(184)) - f4ab3ec0-fcec-4fb2-8953-e521da90d916@group-F4D747E15FF8: start as a follower, conf=-1: [61021d77-0677-40a1-98e7-8ba643935ac0:192.168.34.63:35377, 9a305e64-7592-4199-ba7e-8c2223e9b548:192.168.34.63:35969, f4ab3ec0-fcec-4fb2-8953-e521da90d916:192.168.34.63:41296], old=null
2019-11-11 04:06:23,018 [pool-77-thread-1] INFO  impl.RaftServerImpl (RaftServerImpl.java:setRole(173)) - f4ab3ec0-fcec-4fb2-8953-e521da90d916@group-F4D747E15FF8: changes role from      null to FOLLOWER at term 0 for startAsFollower
2019-11-11 04:06:23,018 [pool-77-thread-1] INFO  impl.RoleInfo (RoleInfo.java:updateAndGet(143)) - f4ab3ec0-fcec-4fb2-8953-e521da90d916: start FollowerState
2019-11-11 04:06:23,018 [pool-77-thread-1] INFO  util.JmxRegister (JmxRegister.java:tryRegister(44)) - Successfully registered JMX Bean with object name Ratis:service=RaftServer,group=group-F4D747E15FF8,id=f4ab3ec0-fcec-4fb2-8953-e521da90d916
2019-11-11 04:06:23,018 [pool-77-thread-1] WARN  impl.MetricRegistriesImpl (MetricRegistriesImpl.java:lambda$create$1(61)) - First MetricRegistry has been created without registering reporters. You may need to call MetricRegistries.global().addReportRegistration(...) before.
2019-11-11 04:06:23,022 [pool-27-thread-1] INFO  storage.RaftStorageDirectory (RaftStorageDirectory.java:tryLock(328)) - Lock on /workdir/hadoop-ozone/integration-test/target/test-dir/MiniOzoneClusterImpl-6985d1c7-7309-41e2-b49d-91e186e08ffa/datanode-0/data/ratis/d517d0ef-3a8f-4404-aa3a-39d510ffd81f/in_use.lock acquired by nodename 22000@trunk-nightly-20191111-g5xpl-2663879777
2019-11-11 04:06:23,040 [pool-27-thread-1] INFO  storage.RaftStorage (RaftStorage.java:format(84)) - Storage directory /workdir/hadoop-ozone/integration-test/target/test-dir/MiniOzoneClusterImpl-6985d1c7-7309-41e2-b49d-91e186e08ffa/datanode-0/data/ratis/d517d0ef-3a8f-4404-aa3a-39d510ffd81f has been successfully formatted.
2019-11-11 04:06:23,041 [pool-27-thread-1] INFO  ratis.ContainerStateMachine (ContainerStateMachine.java:loadSnapshot(221)) - group-39D510FFD81F: The snapshot info is null. Setting the last applied indexto:(t:0, i:~)
2019-11-11 04:06:23,041 [pool-27-thread-1] INFO  server.RaftServerConfigKeys (ConfUtils.java:logGet(43)) - raft.server.notification.no-leader.timeout = 120s (custom)
2019-11-11 04:06:23,041 [pool-27-thread-1] INFO  server.RaftServerConfigKeys (ConfUtils.java:logGet(43)) - raft.server.log.use.memory = false (default)
2019-11-11 04:06:23,041 [pool-27-thread-1] INFO  server.RaftServerConfigKeys (ConfUtils.java:logGet(43)) - raft.server.log.purge.gap = 1000000 (custom)
2019-11-11 04:06:23,041 [pool-27-thread-1] INFO  server.RaftServerConfigKeys (ConfUtils.java:logGet(43)) - raft.server.log.appender.buffer.byte-limit = 33554432 (custom)
2019-11-11 04:06:23,041 [pool-27-thread-1] INFO  server.RaftServerConfigKeys (ConfUtils.java:logGet(43)) - raft.server.log.segment.size.max = 1048576 (custom)
2019-11-11 04:06:23,041 [pool-27-thread-1] INFO  server.RaftServerConfigKeys (ConfUtils.java:logGet(43)) - raft.server.log.segment.cache.num.max = 2 (custom)
2019-11-11 04:06:23,041 [pool-27-thread-1] INFO  segmented.SegmentedRaftLogWorker (SegmentedRaftLogWorker.java:<init>(173)) - new 61021d77-0677-40a1-98e7-8ba643935ac0@group-39D510FFD81F-SegmentedRaftLogWorker for RaftStorage:Storage Directory /workdir/hadoop-ozone/integration-test/target/test-dir/MiniOzoneClusterImpl-6985d1c7-7309-41e2-b49d-91e186e08ffa/datanode-0/data/ratis/d517d0ef-3a8f-4404-aa3a-39d510ffd81f
2019-11-11 04:06:23,041 [pool-27-thread-1] INFO  server.RaftServerConfigKeys (ConfUtils.java:logGet(43)) - raft.server.log.queue.byte-limit = 2147483647 (custom)
2019-11-11 04:06:23,042 [pool-27-thread-1] INFO  server.RaftServerConfigKeys (ConfUtils.java:logGet(43)) - raft.server.log.queue.element-limit = 1024 (custom)
2019-11-11 04:06:23,042 [pool-27-thread-1] INFO  server.RaftServerConfigKeys (ConfUtils.java:logGet(43)) - raft.server.log.segment.size.max = 1048576 (custom)
2019-11-11 04:06:23,042 [pool-27-thread-1] INFO  server.RaftServerConfigKeys (ConfUtils.java:logGet(43)) - raft.server.log.preallocated.size = 16384 (custom)
2019-11-11 04:06:23,042 [pool-27-thread-1] INFO  server.RaftServerConfigKeys (ConfUtils.java:logGet(43)) - raft.server.log.write.buffer.size = 33554432 (custom)
2019-11-11 04:06:23,042 [pool-27-thread-1] INFO  server.RaftServerConfigKeys (ConfUtils.java:logGet(43)) - raft.server.log.force.sync.num = 128 (default)
2019-11-11 04:06:23,042 [pool-27-thread-1] INFO  server.RaftServerConfigKeys (ConfUtils.java:logGet(43)) - raft.server.log.statemachine.data.sync = true (default)
2019-11-11 04:06:23,042 [pool-27-thread-1] INFO  server.RaftServerConfigKeys (ConfUtils.java:logGet(43)) - raft.server.log.statemachine.data.sync.timeout = 10s (default)
2019-11-11 04:06:23,042 [pool-27-thread-1] INFO  server.RaftServerConfigKeys (ConfUtils.java:logGet(43)) - raft.server.log.statemachine.data.sync.timeout.retry = -1 (default)
2019-11-11 04:06:23,042 [pool-27-thread-1] INFO  server.RaftServerConfigKeys (ConfUtils.java:logGet(43)) - raft.server.log.statemachine.data.caching.enabled = true (custom)
2019-11-11 04:06:23,043 [pool-27-thread-1] INFO  segmented.SegmentedRaftLogWorker (SegmentedRaftLogWorker.java:lambda$new$0(128)) - 61021d77-0677-40a1-98e7-8ba643935ac0@group-39D510FFD81F-SegmentedRaftLogWorker: flushIndex: setUnconditionally 0 -> -1
2019-11-11 04:06:23,043 [pool-27-thread-1] INFO  server.RaftServerConfigKeys (ConfUtils.java:logGet(43)) - raft.server.snapshot.auto.trigger.enabled = true (custom)
2019-11-11 04:06:23,043 [pool-27-thread-1] INFO  server.RaftServerConfigKeys (ConfUtils.java:logGet(43)) - raft.server.snapshot.auto.trigger.threshold = 10000 (custom)
2019-11-11 04:06:23,043 [pool-27-thread-1] INFO  server.RaftServerConfigKeys (ConfUtils.java:logGet(43)) - raft.server.snapshot.retention.file.num = 5 (custom)
2019-11-11 04:06:23,043 [pool-27-thread-1] INFO  server.RaftServerConfigKeys (ConfUtils.java:logGet(43)) - raft.server.retrycache.expirytime = 600000ms (custom)
2019-11-11 04:06:23,043 [pool-27-thread-1] WARN  impl.MetricRegistriesImpl (MetricRegistriesImpl.java:lambda$create$1(61)) - First MetricRegistry has been created without registering reporters. You may need to call MetricRegistries.global().addReportRegistration(...) before.
2019-11-11 04:06:23,044 [pool-27-thread-1] WARN  impl.MetricRegistriesImpl (MetricRegistriesImpl.java:lambda$create$1(61)) - First MetricRegistry has been created without registering reporters. You may need to call MetricRegistries.global().addReportRegistration(...) before.
2019-11-11 04:06:23,046 [pool-27-thread-1] INFO  impl.RaftServerImpl (RaftServerImpl.java:<init>(98)) - 61021d77-0677-40a1-98e7-8ba643935ac0: new RaftServerImpl for group-F4D747E15FF8:[61021d77-0677-40a1-98e7-8ba643935ac0:192.168.34.63:35377, 9a305e64-7592-4199-ba7e-8c2223e9b548:192.168.34.63:35969, f4ab3ec0-fcec-4fb2-8953-e521da90d916:192.168.34.63:41296] with ContainerStateMachine:uninitialized
2019-11-11 04:06:23,046 [pool-27-thread-1] INFO  server.RaftServerConfigKeys (ConfUtils.java:logGet(43)) - raft.server.rpc.timeout.min = 1s (custom)
2019-11-11 04:06:23,046 [pool-27-thread-1] INFO  server.RaftServerConfigKeys (ConfUtils.java:logGet(43)) - raft.server.rpc.timeout.max = 1200ms (custom)
2019-11-11 04:06:23,046 [pool-27-thread-1] INFO  server.RaftServerConfigKeys (ConfUtils.java:logGet(43)) - raft.server.rpcslowness.timeout = 120s (custom)
2019-11-11 04:06:23,046 [pool-27-thread-1] INFO  server.RaftServerConfigKeys (ConfUtils.java:logGet(43)) - raft.server.sleep.deviation.threshold = 300 (default)
2019-11-11 04:06:23,046 [pool-27-thread-1] INFO  server.RaftServerConfigKeys (ConfUtils.java:logGet(43)) - raft.server.log.appender.install.snapshot.enabled = false (custom)
2019-11-11 04:06:23,046 [pool-27-thread-1] INFO  impl.RaftServerImpl (ServerState.java:<init>(103)) - 61021d77-0677-40a1-98e7-8ba643935ac0@group-F4D747E15FF8: ConfigurationManager, init=-1: [61021d77-0677-40a1-98e7-8ba643935ac0:192.168.34.63:35377, 9a305e64-7592-4199-ba7e-8c2223e9b548:192.168.34.63:35969, f4ab3ec0-fcec-4fb2-8953-e521da90d916:192.168.34.63:41296], old=null, confs=<EMPTY_MAP>
2019-11-11 04:06:23,046 [pool-27-thread-1] INFO  server.RaftServerConfigKeys (ConfUtils.java:logGet(43)) - raft.server.storage.dir = [/workdir/hadoop-ozone/integration-test/target/test-dir/MiniOzoneClusterImpl-6985d1c7-7309-41e2-b49d-91e186e08ffa/datanode-0/data/ratis] (custom)
2019-11-11 04:06:23,047 [pool-27-thread-1] INFO  server.RaftServerConfigKeys (ConfUtils.java:logGet(43)) - raft.server.log.corruption.policy = EXCEPTION (default)
2019-11-11 04:06:23,047 [pool-27-thread-1] INFO  storage.RaftStorageDirectory (RaftStorageDirectory.java:analyzeStorage(246)) - The storage directory /workdir/hadoop-ozone/integration-test/target/test-dir/MiniOzoneClusterImpl-6985d1c7-7309-41e2-b49d-91e186e08ffa/datanode-0/data/ratis/31ac6f49-abee-419e-8f26-f4d747e15ff8 does not exist. Creating ...
2019-11-11 04:06:23,054 [pool-27-thread-1] INFO  storage.RaftStorageDirectory (RaftStorageDirectory.java:tryLock(328)) - Lock on /workdir/hadoop-ozone/integration-test/target/test-dir/MiniOzoneClusterImpl-6985d1c7-7309-41e2-b49d-91e186e08ffa/datanode-0/data/ratis/31ac6f49-abee-419e-8f26-f4d747e15ff8/in_use.lock acquired by nodename 22000@trunk-nightly-20191111-g5xpl-2663879777
2019-11-11 04:06:23,071 [pool-27-thread-1] INFO  storage.RaftStorage (RaftStorage.java:format(84)) - Storage directory /workdir/hadoop-ozone/integration-test/target/test-dir/MiniOzoneClusterImpl-6985d1c7-7309-41e2-b49d-91e186e08ffa/datanode-0/data/ratis/31ac6f49-abee-419e-8f26-f4d747e15ff8 has been successfully formatted.
2019-11-11 04:06:23,071 [pool-27-thread-1] INFO  ratis.ContainerStateMachine (ContainerStateMachine.java:loadSnapshot(221)) - group-F4D747E15FF8: The snapshot info is null. Setting the last applied indexto:(t:0, i:~)
2019-11-11 04:06:23,071 [pool-27-thread-1] INFO  server.RaftServerConfigKeys (ConfUtils.java:logGet(43)) - raft.server.notification.no-leader.timeout = 120s (custom)
2019-11-11 04:06:23,071 [pool-27-thread-1] INFO  server.RaftServerConfigKeys (ConfUtils.java:logGet(43)) - raft.server.log.use.memory = false (default)
2019-11-11 04:06:23,071 [pool-27-thread-1] INFO  server.RaftServerConfigKeys (ConfUtils.java:logGet(43)) - raft.server.log.purge.gap = 1000000 (custom)
2019-11-11 04:06:23,071 [pool-27-thread-1] INFO  server.RaftServerConfigKeys (ConfUtils.java:logGet(43)) - raft.server.log.appender.buffer.byte-limit = 33554432 (custom)
2019-11-11 04:06:23,072 [pool-27-thread-1] INFO  server.RaftServerConfigKeys (ConfUtils.java:logGet(43)) - raft.server.log.segment.size.max = 1048576 (custom)
2019-11-11 04:06:23,072 [pool-27-thread-1] INFO  server.RaftServerConfigKeys (ConfUtils.java:logGet(43)) - raft.server.log.segment.cache.num.max = 2 (custom)
2019-11-11 04:06:23,072 [pool-27-thread-1] INFO  segmented.SegmentedRaftLogWorker (SegmentedRaftLogWorker.java:<init>(173)) - new 61021d77-0677-40a1-98e7-8ba643935ac0@group-F4D747E15FF8-SegmentedRaftLogWorker for RaftStorage:Storage Directory /workdir/hadoop-ozone/integration-test/target/test-dir/MiniOzoneClusterImpl-6985d1c7-7309-41e2-b49d-91e186e08ffa/datanode-0/data/ratis/31ac6f49-abee-419e-8f26-f4d747e15ff8
2019-11-11 04:06:23,072 [pool-27-thread-1] INFO  server.RaftServerConfigKeys (ConfUtils.java:logGet(43)) - raft.server.log.queue.byte-limit = 2147483647 (custom)
2019-11-11 04:06:23,072 [pool-27-thread-1] INFO  server.RaftServerConfigKeys (ConfUtils.java:logGet(43)) - raft.server.log.queue.element-limit = 1024 (custom)
2019-11-11 04:06:23,072 [pool-27-thread-1] INFO  server.RaftServerConfigKeys (ConfUtils.java:logGet(43)) - raft.server.log.segment.size.max = 1048576 (custom)
2019-11-11 04:06:23,072 [pool-27-thread-1] INFO  server.RaftServerConfigKeys (ConfUtils.java:logGet(43)) - raft.server.log.preallocated.size = 16384 (custom)
2019-11-11 04:06:23,072 [pool-27-thread-1] INFO  server.RaftServerConfigKeys (ConfUtils.java:logGet(43)) - raft.server.log.write.buffer.size = 33554432 (custom)
2019-11-11 04:06:23,072 [pool-27-thread-1] INFO  server.RaftServerConfigKeys (ConfUtils.java:logGet(43)) - raft.server.log.force.sync.num = 128 (default)
2019-11-11 04:06:23,072 [pool-27-thread-1] INFO  server.RaftServerConfigKeys (ConfUtils.java:logGet(43)) - raft.server.log.statemachine.data.sync = true (default)
2019-11-11 04:06:23,072 [pool-27-thread-1] INFO  server.RaftServerConfigKeys (ConfUtils.java:logGet(43)) - raft.server.log.statemachine.data.sync.timeout = 10s (default)
2019-11-11 04:06:23,073 [pool-27-thread-1] INFO  server.RaftServerConfigKeys (ConfUtils.java:logGet(43)) - raft.server.log.statemachine.data.sync.timeout.retry = -1 (default)
2019-11-11 04:06:23,073 [pool-27-thread-1] INFO  server.RaftServerConfigKeys (ConfUtils.java:logGet(43)) - raft.server.log.statemachine.data.caching.enabled = true (custom)
2019-11-11 04:06:23,073 [pool-27-thread-1] INFO  segmented.SegmentedRaftLogWorker (SegmentedRaftLogWorker.java:lambda$new$0(128)) - 61021d77-0677-40a1-98e7-8ba643935ac0@group-F4D747E15FF8-SegmentedRaftLogWorker: flushIndex: setUnconditionally 0 -> -1
2019-11-11 04:06:23,073 [pool-27-thread-1] INFO  server.RaftServerConfigKeys (ConfUtils.java:logGet(43)) - raft.server.snapshot.auto.trigger.enabled = true (custom)
2019-11-11 04:06:23,073 [pool-27-thread-1] INFO  server.RaftServerConfigKeys (ConfUtils.java:logGet(43)) - raft.server.snapshot.auto.trigger.threshold = 10000 (custom)
2019-11-11 04:06:23,073 [pool-27-thread-1] INFO  server.RaftServerConfigKeys (ConfUtils.java:logGet(43)) - raft.server.snapshot.retention.file.num = 5 (custom)
2019-11-11 04:06:23,074 [pool-27-thread-1] INFO  server.RaftServerConfigKeys (ConfUtils.java:logGet(43)) - raft.server.retrycache.expirytime = 600000ms (custom)
2019-11-11 04:06:23,074 [pool-27-thread-1] WARN  impl.MetricRegistriesImpl (MetricRegistriesImpl.java:lambda$create$1(61)) - First MetricRegistry has been created without registering reporters. You may need to call MetricRegistries.global().addReportRegistration(...) before.
2019-11-11 04:06:23,074 [pool-27-thread-1] WARN  impl.MetricRegistriesImpl (MetricRegistriesImpl.java:lambda$create$1(61)) - First MetricRegistry has been created without registering reporters. You may need to call MetricRegistries.global().addReportRegistration(...) before.
2019-11-11 04:06:23,074 [pool-27-thread-1] INFO  impl.RaftServerImpl (RaftServerImpl.java:start(184)) - 61021d77-0677-40a1-98e7-8ba643935ac0@group-051800AC1A6C: start as a follower, conf=-1: [61021d77-0677-40a1-98e7-8ba643935ac0:192.168.34.63:35377], old=null
2019-11-11 04:06:23,074 [pool-27-thread-1] INFO  impl.RaftServerImpl (RaftServerImpl.java:setRole(173)) - 61021d77-0677-40a1-98e7-8ba643935ac0@group-051800AC1A6C: changes role from      null to FOLLOWER at term 0 for startAsFollower
2019-11-11 04:06:23,074 [pool-27-thread-1] INFO  impl.RoleInfo (RoleInfo.java:updateAndGet(143)) - 61021d77-0677-40a1-98e7-8ba643935ac0: start FollowerState
2019-11-11 04:06:23,075 [pool-27-thread-1] INFO  util.JmxRegister (JmxRegister.java:tryRegister(44)) - Successfully registered JMX Bean with object name Ratis:service=RaftServer,group=group-051800AC1A6C,id=61021d77-0677-40a1-98e7-8ba643935ac0
2019-11-11 04:06:23,075 [pool-27-thread-1] WARN  impl.MetricRegistriesImpl (MetricRegistriesImpl.java:lambda$create$1(61)) - First MetricRegistry has been created without registering reporters. You may need to call MetricRegistries.global().addReportRegistration(...) before.
2019-11-11 04:06:23,075 [pool-27-thread-1] INFO  impl.RaftServerImpl (RaftServerImpl.java:start(184)) - 61021d77-0677-40a1-98e7-8ba643935ac0@group-F66482D1AE22: start as a follower, conf=-1: [61021d77-0677-40a1-98e7-8ba643935ac0:192.168.34.63:35377, c04805f0-1fdc-4096-9f0e-017639bb4de5:192.168.34.63:44743, f4ab3ec0-fcec-4fb2-8953-e521da90d916:192.168.34.63:41296], old=null
2019-11-11 04:06:23,075 [pool-27-thread-1] INFO  impl.RaftServerImpl (RaftServerImpl.java:setRole(173)) - 61021d77-0677-40a1-98e7-8ba643935ac0@group-F66482D1AE22: changes role from      null to FOLLOWER at term 0 for startAsFollower
2019-11-11 04:06:23,075 [pool-27-thread-1] INFO  impl.RoleInfo (RoleInfo.java:updateAndGet(143)) - 61021d77-0677-40a1-98e7-8ba643935ac0: start FollowerState
2019-11-11 04:06:23,076 [pool-27-thread-1] INFO  util.JmxRegister (JmxRegister.java:tryRegister(44)) - Successfully registered JMX Bean with object name Ratis:service=RaftServer,group=group-F66482D1AE22,id=61021d77-0677-40a1-98e7-8ba643935ac0
2019-11-11 04:06:23,076 [pool-27-thread-1] WARN  impl.MetricRegistriesImpl (MetricRegistriesImpl.java:lambda$create$1(61)) - First MetricRegistry has been created without registering reporters. You may need to call MetricRegistries.global().addReportRegistration(...) before.
2019-11-11 04:06:23,076 [pool-27-thread-1] INFO  impl.RaftServerImpl (RaftServerImpl.java:start(184)) - 61021d77-0677-40a1-98e7-8ba643935ac0@group-E3209F2AD3E3: start as a follower, conf=-1: [61021d77-0677-40a1-98e7-8ba643935ac0:192.168.34.63:35377], old=null
2019-11-11 04:06:23,076 [pool-27-thread-1] INFO  impl.RaftServerImpl (RaftServerImpl.java:setRole(173)) - 61021d77-0677-40a1-98e7-8ba643935ac0@group-E3209F2AD3E3: changes role from      null to FOLLOWER at term 0 for startAsFollower
2019-11-11 04:06:23,076 [pool-27-thread-1] INFO  impl.RoleInfo (RoleInfo.java:updateAndGet(143)) - 61021d77-0677-40a1-98e7-8ba643935ac0: start FollowerState
2019-11-11 04:06:23,077 [pool-27-thread-1] INFO  util.JmxRegister (JmxRegister.java:tryRegister(44)) - Successfully registered JMX Bean with object name Ratis:service=RaftServer,group=group-E3209F2AD3E3,id=61021d77-0677-40a1-98e7-8ba643935ac0
2019-11-11 04:06:23,077 [pool-27-thread-1] WARN  impl.MetricRegistriesImpl (MetricRegistriesImpl.java:lambda$create$1(61)) - First MetricRegistry has been created without registering reporters. You may need to call MetricRegistries.global().addReportRegistration(...) before.
2019-11-11 04:06:23,077 [pool-27-thread-1] INFO  impl.RaftServerImpl (RaftServerImpl.java:start(184)) - 61021d77-0677-40a1-98e7-8ba643935ac0@group-39D510FFD81F: start as a follower, conf=-1: [61021d77-0677-40a1-98e7-8ba643935ac0:192.168.34.63:35377, 9a305e64-7592-4199-ba7e-8c2223e9b548:192.168.34.63:35969, f4ab3ec0-fcec-4fb2-8953-e521da90d916:192.168.34.63:41296], old=null
2019-11-11 04:06:23,077 [pool-27-thread-1] INFO  impl.RaftServerImpl (RaftServerImpl.java:setRole(173)) - 61021d77-0677-40a1-98e7-8ba643935ac0@group-39D510FFD81F: changes role from      null to FOLLOWER at term 0 for startAsFollower
2019-11-11 04:06:23,078 [pool-27-thread-1] INFO  impl.RoleInfo (RoleInfo.java:updateAndGet(143)) - 61021d77-0677-40a1-98e7-8ba643935ac0: start FollowerState
2019-11-11 04:06:23,078 [pool-27-thread-1] INFO  util.JmxRegister (JmxRegister.java:tryRegister(44)) - Successfully registered JMX Bean with object name Ratis:service=RaftServer,group=group-39D510FFD81F,id=61021d77-0677-40a1-98e7-8ba643935ac0
2019-11-11 04:06:23,078 [pool-27-thread-1] WARN  impl.MetricRegistriesImpl (MetricRegistriesImpl.java:lambda$create$1(61)) - First MetricRegistry has been created without registering reporters. You may need to call MetricRegistries.global().addReportRegistration(...) before.
2019-11-11 04:06:23,078 [pool-27-thread-1] INFO  impl.RaftServerImpl (RaftServerImpl.java:start(184)) - 61021d77-0677-40a1-98e7-8ba643935ac0@group-F4D747E15FF8: start as a follower, conf=-1: [61021d77-0677-40a1-98e7-8ba643935ac0:192.168.34.63:35377, 9a305e64-7592-4199-ba7e-8c2223e9b548:192.168.34.63:35969, f4ab3ec0-fcec-4fb2-8953-e521da90d916:192.168.34.63:41296], old=null
2019-11-11 04:06:23,078 [pool-27-thread-1] INFO  impl.RaftServerImpl (RaftServerImpl.java:setRole(173)) - 61021d77-0677-40a1-98e7-8ba643935ac0@group-F4D747E15FF8: changes role from      null to FOLLOWER at term 0 for startAsFollower
2019-11-11 04:06:23,079 [pool-27-thread-1] INFO  impl.RoleInfo (RoleInfo.java:updateAndGet(143)) - 61021d77-0677-40a1-98e7-8ba643935ac0: start FollowerState
2019-11-11 04:06:23,079 [pool-27-thread-1] INFO  util.JmxRegister (JmxRegister.java:tryRegister(44)) - Successfully registered JMX Bean with object name Ratis:service=RaftServer,group=group-F4D747E15FF8,id=61021d77-0677-40a1-98e7-8ba643935ac0
2019-11-11 04:06:23,079 [pool-27-thread-1] WARN  impl.MetricRegistriesImpl (MetricRegistriesImpl.java:lambda$create$1(61)) - First MetricRegistry has been created without registering reporters. You may need to call MetricRegistries.global().addReportRegistration(...) before.
2019-11-11 04:06:23,102 [IPC Server handler 3 on 38115] INFO  pipeline.PipelineStateManager (PipelineStateManager.java:addPipeline(56)) - Created pipeline Pipeline[ Id: 31ac6f49-abee-419e-8f26-f4d747e15ff8, Nodes: 61021d77-0677-40a1-98e7-8ba643935ac0{ip: 192.168.34.63, host: trunk-nightly-20191111-g5xpl-2663879777, networkLocation: /default-rack, certSerialId: null}f4ab3ec0-fcec-4fb2-8953-e521da90d916{ip: 192.168.34.63, host: trunk-nightly-20191111-g5xpl-2663879777, networkLocation: /default-rack, certSerialId: null}9a305e64-7592-4199-ba7e-8c2223e9b548{ip: 192.168.34.63, host: trunk-nightly-20191111-g5xpl-2663879777, networkLocation: /default-rack, certSerialId: null}, Type:RATIS, Factor:THREE, State:OPEN]
2019-11-11 04:06:23,296 [main] INFO  impl.MetricsSystemImpl (MetricsSystemImpl.java:init(158)) - XceiverClientMetrics metrics system started (again)
2019-11-11 04:06:23,960 [Thread-295] INFO  impl.FollowerState (FollowerState.java:run(111)) - c04805f0-1fdc-4096-9f0e-017639bb4de5@group-F66482D1AE22-FollowerState: change to CANDIDATE, lastRpcTime:1013ms, electionTimeout:1012ms
2019-11-11 04:06:23,966 [Thread-295] INFO  impl.RoleInfo (RoleInfo.java:shutdownFollowerState(121)) - c04805f0-1fdc-4096-9f0e-017639bb4de5: shutdown FollowerState
2019-11-11 04:06:23,967 [Thread-295] INFO  impl.RaftServerImpl (RaftServerImpl.java:setRole(173)) - c04805f0-1fdc-4096-9f0e-017639bb4de5@group-F66482D1AE22: changes role from  FOLLOWER to CANDIDATE at term 0 for changeToCandidate
2019-11-11 04:06:23,969 [Thread-295] INFO  impl.RoleInfo (RoleInfo.java:updateAndGet(143)) - c04805f0-1fdc-4096-9f0e-017639bb4de5: start LeaderElection
2019-11-11 04:06:23,984 [c04805f0-1fdc-4096-9f0e-017639bb4de5@group-F66482D1AE22-LeaderElection1] INFO  impl.LeaderElection (LeaderElection.java:askForVotes(178)) - c04805f0-1fdc-4096-9f0e-017639bb4de5@group-F66482D1AE22-LeaderElection1: begin an election at term 1 for -1: [61021d77-0677-40a1-98e7-8ba643935ac0:192.168.34.63:35377, c04805f0-1fdc-4096-9f0e-017639bb4de5:192.168.34.63:44743, f4ab3ec0-fcec-4fb2-8953-e521da90d916:192.168.34.63:41296], old=null
2019-11-11 04:06:24,007 [grpc-default-executor-2] INFO  impl.RaftServerImpl (RaftServerImpl.java:setRole(173)) - f4ab3ec0-fcec-4fb2-8953-e521da90d916@group-F66482D1AE22: changes role from  FOLLOWER to FOLLOWER at term 1 for recognizeCandidate:c04805f0-1fdc-4096-9f0e-017639bb4de5
2019-11-11 04:06:24,007 [grpc-default-executor-1] INFO  impl.RaftServerImpl (RaftServerImpl.java:setRole(173)) - 61021d77-0677-40a1-98e7-8ba643935ac0@group-F66482D1AE22: changes role from  FOLLOWER to FOLLOWER at term 1 for recognizeCandidate:c04805f0-1fdc-4096-9f0e-017639bb4de5
2019-11-11 04:06:24,008 [grpc-default-executor-2] INFO  impl.RoleInfo (RoleInfo.java:shutdownFollowerState(121)) - f4ab3ec0-fcec-4fb2-8953-e521da90d916: shutdown FollowerState
2019-11-11 04:06:24,008 [grpc-default-executor-1] INFO  impl.RoleInfo (RoleInfo.java:shutdownFollowerState(121)) - 61021d77-0677-40a1-98e7-8ba643935ac0: shutdown FollowerState
2019-11-11 04:06:24,008 [Thread-306] INFO  impl.FollowerState (FollowerState.java:run(120)) - f4ab3ec0-fcec-4fb2-8953-e521da90d916@group-F66482D1AE22-FollowerState was interrupted: java.lang.InterruptedException: sleep interrupted
2019-11-11 04:06:24,009 [grpc-default-executor-1] INFO  impl.RoleInfo (RoleInfo.java:updateAndGet(143)) - 61021d77-0677-40a1-98e7-8ba643935ac0: start FollowerState
2019-11-11 04:06:24,009 [Thread-316] INFO  impl.FollowerState (FollowerState.java:run(120)) - 61021d77-0677-40a1-98e7-8ba643935ac0@group-F66482D1AE22-FollowerState was interrupted: java.lang.InterruptedException: sleep interrupted
2019-11-11 04:06:24,011 [grpc-default-executor-2] INFO  impl.RoleInfo (RoleInfo.java:updateAndGet(143)) - f4ab3ec0-fcec-4fb2-8953-e521da90d916: start FollowerState
2019-11-11 04:06:24,039 [c04805f0-1fdc-4096-9f0e-017639bb4de5@group-F66482D1AE22-LeaderElection1] INFO  impl.LeaderElection (LeaderElection.java:logAndReturn(56)) - c04805f0-1fdc-4096-9f0e-017639bb4de5@group-F66482D1AE22-LeaderElection1: Election PASSED; received 1 response(s) [c04805f0-1fdc-4096-9f0e-017639bb4de5<-f4ab3ec0-fcec-4fb2-8953-e521da90d916#0:OK-t1] and 0 exception(s); c04805f0-1fdc-4096-9f0e-017639bb4de5@group-F66482D1AE22:t1, leader=null, voted=c04805f0-1fdc-4096-9f0e-017639bb4de5, raftlog=c04805f0-1fdc-4096-9f0e-017639bb4de5@group-F66482D1AE22-SegmentedRaftLog:OPENED:c-1,f-1,i0, conf=-1: [61021d77-0677-40a1-98e7-8ba643935ac0:192.168.34.63:35377, c04805f0-1fdc-4096-9f0e-017639bb4de5:192.168.34.63:44743, f4ab3ec0-fcec-4fb2-8953-e521da90d916:192.168.34.63:41296], old=null
2019-11-11 04:06:24,041 [c04805f0-1fdc-4096-9f0e-017639bb4de5@group-F66482D1AE22-LeaderElection1] INFO  impl.RoleInfo (RoleInfo.java:shutdownLeaderElection(134)) - c04805f0-1fdc-4096-9f0e-017639bb4de5: shutdown LeaderElection
2019-11-11 04:06:24,042 [c04805f0-1fdc-4096-9f0e-017639bb4de5@group-F66482D1AE22-LeaderElection1] INFO  impl.RaftServerImpl (RaftServerImpl.java:setRole(173)) - c04805f0-1fdc-4096-9f0e-017639bb4de5@group-F66482D1AE22: changes role from CANDIDATE to LEADER at term 1 for changeToLeader
2019-11-11 04:06:24,043 [c04805f0-1fdc-4096-9f0e-017639bb4de5@group-F66482D1AE22-LeaderElection1] INFO  impl.RaftServerImpl (ServerState.java:setLeader(255)) - c04805f0-1fdc-4096-9f0e-017639bb4de5@group-F66482D1AE22: change Leader from null to c04805f0-1fdc-4096-9f0e-017639bb4de5 at term 1 for becomeLeader, leader elected after 1577ms
2019-11-11 04:06:24,048 [c04805f0-1fdc-4096-9f0e-017639bb4de5@group-F66482D1AE22-LeaderElection1] INFO  server.RaftServerConfigKeys (ConfUtils.java:logGet(43)) - raft.server.staging.catchup.gap = 1000 (default)
2019-11-11 04:06:24,048 [c04805f0-1fdc-4096-9f0e-017639bb4de5@group-F66482D1AE22-LeaderElection1] INFO  server.RaftServerConfigKeys (ConfUtils.java:logGet(43)) - raft.server.rpc.sleep.time = 25ms (default)
2019-11-11 04:06:24,051 [c04805f0-1fdc-4096-9f0e-017639bb4de5@group-F66482D1AE22-LeaderElection1] INFO  server.RaftServerConfigKeys (ConfUtils.java:logGet(43)) - raft.server.write.element-limit = 4096 (default)
2019-11-11 04:06:24,055 [c04805f0-1fdc-4096-9f0e-017639bb4de5@group-F66482D1AE22-LeaderElection1] INFO  server.RaftServerConfigKeys (ConfUtils.java:logGet(43)) - raft.server.watch.timeout = 10s (default)
2019-11-11 04:06:24,055 [c04805f0-1fdc-4096-9f0e-017639bb4de5@group-F66482D1AE22-LeaderElection1] INFO  server.RaftServerConfigKeys (ConfUtils.java:logGet(43)) - raft.server.watch.timeout.denomination = 1s (default)
2019-11-11 04:06:24,056 [c04805f0-1fdc-4096-9f0e-017639bb4de5@group-F66482D1AE22-LeaderElection1] INFO  server.RaftServerConfigKeys (ConfUtils.java:logGet(43)) - raft.server.watch.element-limit = 65536 (default)
2019-11-11 04:06:24,066 [c04805f0-1fdc-4096-9f0e-017639bb4de5@group-F66482D1AE22-LeaderElection1] INFO  server.RaftServerConfigKeys (ConfUtils.java:logGet(43)) - raft.server.log.appender.snapshot.chunk.size.max = 16MB (=16777216) (default)
2019-11-11 04:06:24,067 [c04805f0-1fdc-4096-9f0e-017639bb4de5@group-F66482D1AE22-LeaderElection1] INFO  server.RaftServerConfigKeys (ConfUtils.java:logGet(43)) - raft.server.log.appender.buffer.byte-limit = 33554432 (custom)
2019-11-11 04:06:24,067 [c04805f0-1fdc-4096-9f0e-017639bb4de5@group-F66482D1AE22-LeaderElection1] INFO  server.RaftServerConfigKeys (ConfUtils.java:logGet(43)) - raft.server.log.appender.buffer.element-limit = 1 (custom)
2019-11-11 04:06:24,070 [c04805f0-1fdc-4096-9f0e-017639bb4de5@group-F66482D1AE22-LeaderElection1] INFO  grpc.GrpcConfigKeys$Server (ConfUtils.java:logGet(43)) - raft.grpc.server.leader.outstanding.appends.max = 128 (default)
2019-11-11 04:06:24,070 [c04805f0-1fdc-4096-9f0e-017639bb4de5@group-F66482D1AE22-LeaderElection1] INFO  server.RaftServerConfigKeys (ConfUtils.java:logGet(43)) - raft.server.rpc.request.timeout = 3000ms (default)
2019-11-11 04:06:24,070 [c04805f0-1fdc-4096-9f0e-017639bb4de5@group-F66482D1AE22-LeaderElection1] INFO  server.RaftServerConfigKeys (ConfUtils.java:logGet(43)) - raft.server.log.appender.install.snapshot.enabled = false (custom)
2019-11-11 04:06:24,071 [c04805f0-1fdc-4096-9f0e-017639bb4de5@group-F66482D1AE22-LeaderElection1] WARN  impl.MetricRegistriesImpl (MetricRegistriesImpl.java:lambda$create$1(61)) - First MetricRegistry has been created without registering reporters. You may need to call MetricRegistries.global().addReportRegistration(...) before.
2019-11-11 04:06:24,072 [c04805f0-1fdc-4096-9f0e-017639bb4de5@group-F66482D1AE22-LeaderElection1] INFO  server.RaftServerConfigKeys (ConfUtils.java:logGet(43)) - raft.server.log.appender.snapshot.chunk.size.max = 16MB (=16777216) (default)
2019-11-11 04:06:24,072 [c04805f0-1fdc-4096-9f0e-017639bb4de5@group-F66482D1AE22-LeaderElection1] INFO  server.RaftServerConfigKeys (ConfUtils.java:logGet(43)) - raft.server.log.appender.buffer.byte-limit = 33554432 (custom)
2019-11-11 04:06:24,072 [c04805f0-1fdc-4096-9f0e-017639bb4de5@group-F66482D1AE22-LeaderElection1] INFO  server.RaftServerConfigKeys (ConfUtils.java:logGet(43)) - raft.server.log.appender.buffer.element-limit = 1 (custom)
2019-11-11 04:06:24,072 [c04805f0-1fdc-4096-9f0e-017639bb4de5@group-F66482D1AE22-LeaderElection1] INFO  grpc.GrpcConfigKeys$Server (ConfUtils.java:logGet(43)) - raft.grpc.server.leader.outstanding.appends.max = 128 (default)
2019-11-11 04:06:24,072 [c04805f0-1fdc-4096-9f0e-017639bb4de5@group-F66482D1AE22-LeaderElection1] INFO  server.RaftServerConfigKeys (ConfUtils.java:logGet(43)) - raft.server.rpc.request.timeout = 3000ms (default)
2019-11-11 04:06:24,073 [c04805f0-1fdc-4096-9f0e-017639bb4de5@group-F66482D1AE22-LeaderElection1] INFO  server.RaftServerConfigKeys (ConfUtils.java:logGet(43)) - raft.server.log.appender.install.snapshot.enabled = false (custom)
2019-11-11 04:06:24,074 [c04805f0-1fdc-4096-9f0e-017639bb4de5@group-F66482D1AE22-LeaderElection1] INFO  impl.RoleInfo (RoleInfo.java:updateAndGet(143)) - c04805f0-1fdc-4096-9f0e-017639bb4de5: start LeaderState
2019-11-11 04:06:24,086 [Thread-302] INFO  impl.FollowerState (FollowerState.java:run(111)) - 9a305e64-7592-4199-ba7e-8c2223e9b548@group-F4D747E15FF8-FollowerState: change to CANDIDATE, lastRpcTime:1102ms, electionTimeout:1102ms
2019-11-11 04:06:24,089 [c04805f0-1fdc-4096-9f0e-017639bb4de5@group-F66482D1AE22-LeaderElection1] INFO  segmented.SegmentedRaftLogWorker (SegmentedRaftLogWorker.java:startLogSegment(385)) - c04805f0-1fdc-4096-9f0e-017639bb4de5@group-F66482D1AE22-SegmentedRaftLogWorker: Starting segment from index:0
2019-11-11 04:06:24,089 [Thread-320] INFO  impl.FollowerState (FollowerState.java:run(111)) - 61021d77-0677-40a1-98e7-8ba643935ac0@group-39D510FFD81F-FollowerState: change to CANDIDATE, lastRpcTime:1011ms, electionTimeout:1011ms
2019-11-11 04:06:24,089 [Thread-302] INFO  impl.RoleInfo (RoleInfo.java:shutdownFollowerState(121)) - 9a305e64-7592-4199-ba7e-8c2223e9b548: shutdown FollowerState
2019-11-11 04:06:24,089 [Thread-320] INFO  impl.RoleInfo (RoleInfo.java:shutdownFollowerState(121)) - 61021d77-0677-40a1-98e7-8ba643935ac0: shutdown FollowerState
2019-11-11 04:06:24,089 [Thread-302] INFO  impl.RaftServerImpl (RaftServerImpl.java:setRole(173)) - 9a305e64-7592-4199-ba7e-8c2223e9b548@group-F4D747E15FF8: changes role from  FOLLOWER to CANDIDATE at term 0 for changeToCandidate
2019-11-11 04:06:24,089 [Thread-320] INFO  impl.RaftServerImpl (RaftServerImpl.java:setRole(173)) - 61021d77-0677-40a1-98e7-8ba643935ac0@group-39D510FFD81F: changes role from  FOLLOWER to CANDIDATE at term 0 for changeToCandidate
2019-11-11 04:06:24,089 [Thread-302] INFO  impl.RoleInfo (RoleInfo.java:updateAndGet(143)) - 9a305e64-7592-4199-ba7e-8c2223e9b548: start LeaderElection
2019-11-11 04:06:24,089 [Thread-320] INFO  impl.RoleInfo (RoleInfo.java:updateAndGet(143)) - 61021d77-0677-40a1-98e7-8ba643935ac0: start LeaderElection
2019-11-11 04:06:24,095 [Thread-314] INFO  impl.FollowerState (FollowerState.java:run(111)) - 61021d77-0677-40a1-98e7-8ba643935ac0@group-051800AC1A6C-FollowerState: change to CANDIDATE, lastRpcTime:1021ms, electionTimeout:1020ms
2019-11-11 04:06:24,097 [Thread-314] INFO  impl.RoleInfo (RoleInfo.java:shutdownFollowerState(121)) - 61021d77-0677-40a1-98e7-8ba643935ac0: shutdown FollowerState
2019-11-11 04:06:24,097 [Thread-314] INFO  impl.RaftServerImpl (RaftServerImpl.java:setRole(173)) - 61021d77-0677-40a1-98e7-8ba643935ac0@group-051800AC1A6C: changes role from  FOLLOWER to CANDIDATE at term 0 for changeToCandidate
2019-11-11 04:06:24,097 [Thread-314] INFO  impl.RoleInfo (RoleInfo.java:updateAndGet(143)) - 61021d77-0677-40a1-98e7-8ba643935ac0: start LeaderElection
2019-11-11 04:06:24,102 [Thread-310] INFO  impl.FollowerState (FollowerState.java:run(111)) - f4ab3ec0-fcec-4fb2-8953-e521da90d916@group-F4D747E15FF8-FollowerState: change to CANDIDATE, lastRpcTime:1084ms, electionTimeout:1084ms
2019-11-11 04:06:24,101 [61021d77-0677-40a1-98e7-8ba643935ac0@group-39D510FFD81F-LeaderElection3] INFO  impl.LeaderElection (LeaderElection.java:askForVotes(178)) - 61021d77-0677-40a1-98e7-8ba643935ac0@group-39D510FFD81F-LeaderElection3: begin an election at term 1 for -1: [61021d77-0677-40a1-98e7-8ba643935ac0:192.168.34.63:35377, 9a305e64-7592-4199-ba7e-8c2223e9b548:192.168.34.63:35969, f4ab3ec0-fcec-4fb2-8953-e521da90d916:192.168.34.63:41296], old=null
2019-11-11 04:06:24,103 [Thread-310] INFO  impl.RoleInfo (RoleInfo.java:shutdownFollowerState(121)) - f4ab3ec0-fcec-4fb2-8953-e521da90d916: shutdown FollowerState
2019-11-11 04:06:24,101 [9a305e64-7592-4199-ba7e-8c2223e9b548@group-F4D747E15FF8-LeaderElection2] INFO  impl.LeaderElection (LeaderElection.java:askForVotes(178)) - 9a305e64-7592-4199-ba7e-8c2223e9b548@group-F4D747E15FF8-LeaderElection2: begin an election at term 1 for -1: [61021d77-0677-40a1-98e7-8ba643935ac0:192.168.34.63:35377, 9a305e64-7592-4199-ba7e-8c2223e9b548:192.168.34.63:35969, f4ab3ec0-fcec-4fb2-8953-e521da90d916:192.168.34.63:41296], old=null
2019-11-11 04:06:24,103 [Thread-310] INFO  impl.RaftServerImpl (RaftServerImpl.java:setRole(173)) - f4ab3ec0-fcec-4fb2-8953-e521da90d916@group-F4D747E15FF8: changes role from  FOLLOWER to CANDIDATE at term 0 for changeToCandidate
2019-11-11 04:06:24,103 [Thread-310] INFO  impl.RoleInfo (RoleInfo.java:updateAndGet(143)) - f4ab3ec0-fcec-4fb2-8953-e521da90d916: start LeaderElection
2019-11-11 04:06:24,108 [Thread-300] INFO  impl.FollowerState (FollowerState.java:run(111)) - 9a305e64-7592-4199-ba7e-8c2223e9b548@group-39D510FFD81F-FollowerState: change to CANDIDATE, lastRpcTime:1130ms, electionTimeout:1128ms
2019-11-11 04:06:24,110 [Thread-300] INFO  impl.RoleInfo (RoleInfo.java:shutdownFollowerState(121)) - 9a305e64-7592-4199-ba7e-8c2223e9b548: shutdown FollowerState
2019-11-11 04:06:24,112 [Thread-300] INFO  impl.RaftServerImpl (RaftServerImpl.java:setRole(173)) - 9a305e64-7592-4199-ba7e-8c2223e9b548@group-39D510FFD81F: changes role from  FOLLOWER to CANDIDATE at term 0 for changeToCandidate
2019-11-11 04:06:24,112 [Thread-300] INFO  impl.RoleInfo (RoleInfo.java:updateAndGet(143)) - 9a305e64-7592-4199-ba7e-8c2223e9b548: start LeaderElection
2019-11-11 04:06:24,119 [61021d77-0677-40a1-98e7-8ba643935ac0@group-051800AC1A6C-LeaderElection4] INFO  impl.LeaderElection (LeaderElection.java:askForVotes(178)) - 61021d77-0677-40a1-98e7-8ba643935ac0@group-051800AC1A6C-LeaderElection4: begin an election at term 1 for -1: [61021d77-0677-40a1-98e7-8ba643935ac0:192.168.34.63:35377], old=null
2019-11-11 04:06:24,119 [f4ab3ec0-fcec-4fb2-8953-e521da90d916@group-F4D747E15FF8-LeaderElection5] INFO  impl.LeaderElection (LeaderElection.java:askForVotes(178)) - f4ab3ec0-fcec-4fb2-8953-e521da90d916@group-F4D747E15FF8-LeaderElection5: begin an election at term 1 for -1: [61021d77-0677-40a1-98e7-8ba643935ac0:192.168.34.63:35377, 9a305e64-7592-4199-ba7e-8c2223e9b548:192.168.34.63:35969, f4ab3ec0-fcec-4fb2-8953-e521da90d916:192.168.34.63:41296], old=null
2019-11-11 04:06:24,119 [61021d77-0677-40a1-98e7-8ba643935ac0@group-051800AC1A6C-LeaderElection4] INFO  impl.RoleInfo (RoleInfo.java:shutdownLeaderElection(134)) - 61021d77-0677-40a1-98e7-8ba643935ac0: shutdown LeaderElection
2019-11-11 04:06:24,119 [61021d77-0677-40a1-98e7-8ba643935ac0@group-051800AC1A6C-LeaderElection4] INFO  impl.RaftServerImpl (RaftServerImpl.java:setRole(173)) - 61021d77-0677-40a1-98e7-8ba643935ac0@group-051800AC1A6C: changes role from CANDIDATE to LEADER at term 1 for changeToLeader
2019-11-11 04:06:24,119 [61021d77-0677-40a1-98e7-8ba643935ac0@group-051800AC1A6C-LeaderElection4] INFO  impl.RaftServerImpl (ServerState.java:setLeader(255)) - 61021d77-0677-40a1-98e7-8ba643935ac0@group-051800AC1A6C: change Leader from null to 61021d77-0677-40a1-98e7-8ba643935ac0 at term 1 for becomeLeader, leader elected after 1654ms
2019-11-11 04:06:24,119 [9a305e64-7592-4199-ba7e-8c2223e9b548@group-39D510FFD81F-LeaderElection6] INFO  impl.LeaderElection (LeaderElection.java:askForVotes(178)) - 9a305e64-7592-4199-ba7e-8c2223e9b548@group-39D510FFD81F-LeaderElection6: begin an election at term 1 for -1: [61021d77-0677-40a1-98e7-8ba643935ac0:192.168.34.63:35377, 9a305e64-7592-4199-ba7e-8c2223e9b548:192.168.34.63:35969, f4ab3ec0-fcec-4fb2-8953-e521da90d916:192.168.34.63:41296], old=null
2019-11-11 04:06:24,121 [61021d77-0677-40a1-98e7-8ba643935ac0@group-051800AC1A6C-LeaderElection4] INFO  server.RaftServerConfigKeys (ConfUtils.java:logGet(43)) - raft.server.staging.catchup.gap = 1000 (default)
2019-11-11 04:06:24,121 [61021d77-0677-40a1-98e7-8ba643935ac0@group-051800AC1A6C-LeaderElection4] INFO  server.RaftServerConfigKeys (ConfUtils.java:logGet(43)) - raft.server.rpc.sleep.time = 25ms (default)
2019-11-11 04:06:24,121 [61021d77-0677-40a1-98e7-8ba643935ac0@group-051800AC1A6C-LeaderElection4] INFO  server.RaftServerConfigKeys (ConfUtils.java:logGet(43)) - raft.server.write.element-limit = 4096 (default)
2019-11-11 04:06:24,124 [61021d77-0677-40a1-98e7-8ba643935ac0@group-051800AC1A6C-LeaderElection4] INFO  server.RaftServerConfigKeys (ConfUtils.java:logGet(43)) - raft.server.watch.timeout = 10s (default)
2019-11-11 04:06:24,124 [61021d77-0677-40a1-98e7-8ba643935ac0@group-051800AC1A6C-LeaderElection4] INFO  server.RaftServerConfigKeys (ConfUtils.java:logGet(43)) - raft.server.watch.timeout.denomination = 1s (default)
2019-11-11 04:06:24,124 [61021d77-0677-40a1-98e7-8ba643935ac0@group-051800AC1A6C-LeaderElection4] INFO  server.RaftServerConfigKeys (ConfUtils.java:logGet(43)) - raft.server.watch.element-limit = 65536 (default)
2019-11-11 04:06:24,131 [61021d77-0677-40a1-98e7-8ba643935ac0@group-051800AC1A6C-LeaderElection4] INFO  impl.RoleInfo (RoleInfo.java:updateAndGet(143)) - 61021d77-0677-40a1-98e7-8ba643935ac0: start LeaderState
2019-11-11 04:06:24,132 [61021d77-0677-40a1-98e7-8ba643935ac0@group-051800AC1A6C-LeaderElection4] INFO  segmented.SegmentedRaftLogWorker (SegmentedRaftLogWorker.java:startLogSegment(385)) - 61021d77-0677-40a1-98e7-8ba643935ac0@group-051800AC1A6C-SegmentedRaftLogWorker: Starting segment from index:0
2019-11-11 04:06:24,135 [61021d77-0677-40a1-98e7-8ba643935ac0@group-051800AC1A6C-LeaderElection4] INFO  impl.RaftServerImpl (ServerState.java:setRaftConf(356)) - 61021d77-0677-40a1-98e7-8ba643935ac0@group-051800AC1A6C: set configuration 0: [61021d77-0677-40a1-98e7-8ba643935ac0:192.168.34.63:35377], old=null at 0
2019-11-11 04:06:24,135 [c04805f0-1fdc-4096-9f0e-017639bb4de5@group-F66482D1AE22-LeaderElection1] INFO  impl.RaftServerImpl (ServerState.java:setRaftConf(356)) - c04805f0-1fdc-4096-9f0e-017639bb4de5@group-F66482D1AE22: set configuration 0: [61021d77-0677-40a1-98e7-8ba643935ac0:192.168.34.63:35377, c04805f0-1fdc-4096-9f0e-017639bb4de5:192.168.34.63:44743, f4ab3ec0-fcec-4fb2-8953-e521da90d916:192.168.34.63:41296], old=null at 0
2019-11-11 04:06:24,143 [grpc-default-executor-3] INFO  impl.RaftServerImpl (RaftServerImpl.java:setRole(173)) - 61021d77-0677-40a1-98e7-8ba643935ac0@group-F4D747E15FF8: changes role from  FOLLOWER to FOLLOWER at term 1 for recognizeCandidate:9a305e64-7592-4199-ba7e-8c2223e9b548
2019-11-11 04:06:24,143 [grpc-default-executor-3] INFO  impl.RoleInfo (RoleInfo.java:shutdownFollowerState(121)) - 61021d77-0677-40a1-98e7-8ba643935ac0: shutdown FollowerState
2019-11-11 04:06:24,144 [Thread-322] INFO  impl.FollowerState (FollowerState.java:run(120)) - 61021d77-0677-40a1-98e7-8ba643935ac0@group-F4D747E15FF8-FollowerState was interrupted: java.lang.InterruptedException: sleep interrupted
2019-11-11 04:06:24,144 [grpc-default-executor-3] INFO  impl.RoleInfo (RoleInfo.java:updateAndGet(143)) - 61021d77-0677-40a1-98e7-8ba643935ac0: start FollowerState
2019-11-11 04:06:24,163 [grpc-default-executor-4] INFO  impl.RaftServerImpl (RaftServerImpl.java:setRole(173)) - f4ab3ec0-fcec-4fb2-8953-e521da90d916@group-39D510FFD81F: changes role from  FOLLOWER to FOLLOWER at term 1 for recognizeCandidate:61021d77-0677-40a1-98e7-8ba643935ac0
2019-11-11 04:06:24,164 [grpc-default-executor-4] INFO  impl.RoleInfo (RoleInfo.java:shutdownFollowerState(121)) - f4ab3ec0-fcec-4fb2-8953-e521da90d916: shutdown FollowerState
2019-11-11 04:06:24,165 [grpc-default-executor-4] INFO  impl.RoleInfo (RoleInfo.java:updateAndGet(143)) - f4ab3ec0-fcec-4fb2-8953-e521da90d916: start FollowerState
2019-11-11 04:06:24,178 [f4ab3ec0-fcec-4fb2-8953-e521da90d916@group-F4D747E15FF8-LeaderElection5] INFO  impl.LeaderElection (LeaderElection.java:logAndReturn(56)) - f4ab3ec0-fcec-4fb2-8953-e521da90d916@group-F4D747E15FF8-LeaderElection5: Election REJECTED; received 2 response(s) [f4ab3ec0-fcec-4fb2-8953-e521da90d916<-61021d77-0677-40a1-98e7-8ba643935ac0#0:FAIL-t1, f4ab3ec0-fcec-4fb2-8953-e521da90d916<-9a305e64-7592-4199-ba7e-8c2223e9b548#0:FAIL-t1] and 0 exception(s); f4ab3ec0-fcec-4fb2-8953-e521da90d916@group-F4D747E15FF8:t1, leader=null, voted=f4ab3ec0-fcec-4fb2-8953-e521da90d916, raftlog=f4ab3ec0-fcec-4fb2-8953-e521da90d916@group-F4D747E15FF8-SegmentedRaftLog:OPENED:c-1,f-1,i0, conf=-1: [61021d77-0677-40a1-98e7-8ba643935ac0:192.168.34.63:35377, 9a305e64-7592-4199-ba7e-8c2223e9b548:192.168.34.63:35969, f4ab3ec0-fcec-4fb2-8953-e521da90d916:192.168.34.63:41296], old=null
2019-11-11 04:06:24,183 [f4ab3ec0-fcec-4fb2-8953-e521da90d916@group-F4D747E15FF8-LeaderElection5] INFO  impl.RaftServerImpl (RaftServerImpl.java:setRole(173)) - f4ab3ec0-fcec-4fb2-8953-e521da90d916@group-F4D747E15FF8: changes role from CANDIDATE to FOLLOWER at term 1 for DISCOVERED_A_NEW_TERM
2019-11-11 04:06:24,186 [f4ab3ec0-fcec-4fb2-8953-e521da90d916@group-F4D747E15FF8-LeaderElection5] INFO  impl.RoleInfo (RoleInfo.java:shutdownLeaderElection(134)) - f4ab3ec0-fcec-4fb2-8953-e521da90d916: shutdown LeaderElection
2019-11-11 04:06:24,187 [f4ab3ec0-fcec-4fb2-8953-e521da90d916@group-F4D747E15FF8-LeaderElection5] INFO  impl.RoleInfo (RoleInfo.java:updateAndGet(143)) - f4ab3ec0-fcec-4fb2-8953-e521da90d916: start FollowerState
2019-11-11 04:06:24,200 [9a305e64-7592-4199-ba7e-8c2223e9b548@group-F4D747E15FF8-LeaderElection2] INFO  impl.LeaderElection (LeaderElection.java:logAndReturn(56)) - 9a305e64-7592-4199-ba7e-8c2223e9b548@group-F4D747E15FF8-LeaderElection2: Election PASSED; received 2 response(s) [9a305e64-7592-4199-ba7e-8c2223e9b548<-61021d77-0677-40a1-98e7-8ba643935ac0#0:OK-t1, 9a305e64-7592-4199-ba7e-8c2223e9b548<-f4ab3ec0-fcec-4fb2-8953-e521da90d916#0:FAIL-t1] and 0 exception(s); 9a305e64-7592-4199-ba7e-8c2223e9b548@group-F4D747E15FF8:t1, leader=null, voted=9a305e64-7592-4199-ba7e-8c2223e9b548, raftlog=9a305e64-7592-4199-ba7e-8c2223e9b548@group-F4D747E15FF8-SegmentedRaftLog:OPENED:c-1,f-1,i0, conf=-1: [61021d77-0677-40a1-98e7-8ba643935ac0:192.168.34.63:35377, 9a305e64-7592-4199-ba7e-8c2223e9b548:192.168.34.63:35969, f4ab3ec0-fcec-4fb2-8953-e521da90d916:192.168.34.63:41296], old=null
2019-11-11 04:06:24,209 [9a305e64-7592-4199-ba7e-8c2223e9b548@group-F4D747E15FF8-LeaderElection2] INFO  impl.RoleInfo (RoleInfo.java:shutdownLeaderElection(134)) - 9a305e64-7592-4199-ba7e-8c2223e9b548: shutdown LeaderElection
2019-11-11 04:06:24,215 [9a305e64-7592-4199-ba7e-8c2223e9b548@group-F4D747E15FF8-LeaderElection2] INFO  impl.RaftServerImpl (RaftServerImpl.java:setRole(173)) - 9a305e64-7592-4199-ba7e-8c2223e9b548@group-F4D747E15FF8: changes role from CANDIDATE to LEADER at term 1 for changeToLeader
2019-11-11 04:06:24,215 [9a305e64-7592-4199-ba7e-8c2223e9b548@group-F4D747E15FF8-LeaderElection2] INFO  impl.RaftServerImpl (ServerState.java:setLeader(255)) - 9a305e64-7592-4199-ba7e-8c2223e9b548@group-F4D747E15FF8: change Leader from null to 9a305e64-7592-4199-ba7e-8c2223e9b548 at term 1 for becomeLeader, leader elected after 1250ms
2019-11-11 04:06:24,216 [9a305e64-7592-4199-ba7e-8c2223e9b548@group-F4D747E15FF8-LeaderElection2] INFO  server.RaftServerConfigKeys (ConfUtils.java:logGet(43)) - raft.server.staging.catchup.gap = 1000 (default)
2019-11-11 04:06:24,216 [9a305e64-7592-4199-ba7e-8c2223e9b548@group-F4D747E15FF8-LeaderElection2] INFO  server.RaftServerConfigKeys (ConfUtils.java:logGet(43)) - raft.server.rpc.sleep.time = 25ms (default)
2019-11-11 04:06:24,217 [9a305e64-7592-4199-ba7e-8c2223e9b548@group-39D510FFD81F-LeaderElection6] INFO  impl.LeaderElection (LeaderElection.java:logAndReturn(56)) - 9a305e64-7592-4199-ba7e-8c2223e9b548@group-39D510FFD81F-LeaderElection6: Election REJECTED; received 2 response(s) [9a305e64-7592-4199-ba7e-8c2223e9b548<-61021d77-0677-40a1-98e7-8ba643935ac0#0:FAIL-t1, 9a305e64-7592-4199-ba7e-8c2223e9b548<-f4ab3ec0-fcec-4fb2-8953-e521da90d916#0:FAIL-t1] and 0 exception(s); 9a305e64-7592-4199-ba7e-8c2223e9b548@group-39D510FFD81F:t1, leader=null, voted=9a305e64-7592-4199-ba7e-8c2223e9b548, raftlog=9a305e64-7592-4199-ba7e-8c2223e9b548@group-39D510FFD81F-SegmentedRaftLog:OPENED:c-1,f-1,i0, conf=-1: [61021d77-0677-40a1-98e7-8ba643935ac0:192.168.34.63:35377, 9a305e64-7592-4199-ba7e-8c2223e9b548:192.168.34.63:35969, f4ab3ec0-fcec-4fb2-8953-e521da90d916:192.168.34.63:41296], old=null
2019-11-11 04:06:24,217 [9a305e64-7592-4199-ba7e-8c2223e9b548@group-F4D747E15FF8-LeaderElection2] INFO  server.RaftServerConfigKeys (ConfUtils.java:logGet(43)) - raft.server.write.element-limit = 4096 (default)
2019-11-11 04:06:24,218 [9a305e64-7592-4199-ba7e-8c2223e9b548@group-39D510FFD81F-LeaderElection6] INFO  impl.RaftServerImpl (RaftServerImpl.java:setRole(173)) - 9a305e64-7592-4199-ba7e-8c2223e9b548@group-39D510FFD81F: changes role from CANDIDATE to FOLLOWER at term 1 for DISCOVERED_A_NEW_TERM
2019-11-11 04:06:24,219 [9a305e64-7592-4199-ba7e-8c2223e9b548@group-F4D747E15FF8-LeaderElection2] INFO  server.RaftServerConfigKeys (ConfUtils.java:logGet(43)) - raft.server.watch.timeout = 10s (default)
2019-11-11 04:06:24,219 [9a305e64-7592-4199-ba7e-8c2223e9b548@group-39D510FFD81F-LeaderElection6] INFO  impl.RoleInfo (RoleInfo.java:shutdownLeaderElection(134)) - 9a305e64-7592-4199-ba7e-8c2223e9b548: shutdown LeaderElection
2019-11-11 04:06:24,223 [9a305e64-7592-4199-ba7e-8c2223e9b548@group-F4D747E15FF8-LeaderElection2] INFO  server.RaftServerConfigKeys (ConfUtils.java:logGet(43)) - raft.server.watch.timeout.denomination = 1s (default)
2019-11-11 04:06:24,223 [9a305e64-7592-4199-ba7e-8c2223e9b548@group-39D510FFD81F-LeaderElection6] INFO  impl.RoleInfo (RoleInfo.java:updateAndGet(143)) - 9a305e64-7592-4199-ba7e-8c2223e9b548: start FollowerState
2019-11-11 04:06:24,224 [9a305e64-7592-4199-ba7e-8c2223e9b548@group-F4D747E15FF8-LeaderElection2] INFO  server.RaftServerConfigKeys (ConfUtils.java:logGet(43)) - raft.server.watch.element-limit = 65536 (default)
2019-11-11 04:06:24,226 [9a305e64-7592-4199-ba7e-8c2223e9b548@group-F4D747E15FF8-LeaderElection2] INFO  server.RaftServerConfigKeys (ConfUtils.java:logGet(43)) - raft.server.log.appender.snapshot.chunk.size.max = 16MB (=16777216) (default)
2019-11-11 04:06:24,226 [9a305e64-7592-4199-ba7e-8c2223e9b548@group-F4D747E15FF8-LeaderElection2] INFO  server.RaftServerConfigKeys (ConfUtils.java:logGet(43)) - raft.server.log.appender.buffer.byte-limit = 33554432 (custom)
2019-11-11 04:06:24,226 [9a305e64-7592-4199-ba7e-8c2223e9b548@group-F4D747E15FF8-LeaderElection2] INFO  server.RaftServerConfigKeys (ConfUtils.java:logGet(43)) - raft.server.log.appender.buffer.element-limit = 1 (custom)
2019-11-11 04:06:24,226 [9a305e64-7592-4199-ba7e-8c2223e9b548@group-F4D747E15FF8-LeaderElection2] INFO  grpc.GrpcConfigKeys$Server (ConfUtils.java:logGet(43)) - raft.grpc.server.leader.outstanding.appends.max = 128 (default)
2019-11-11 04:06:24,228 [9a305e64-7592-4199-ba7e-8c2223e9b548@group-F4D747E15FF8-LeaderElection2] INFO  server.RaftServerConfigKeys (ConfUtils.java:logGet(43)) - raft.server.rpc.request.timeout = 3000ms (default)
2019-11-11 04:06:24,228 [9a305e64-7592-4199-ba7e-8c2223e9b548@group-F4D747E15FF8-LeaderElection2] INFO  server.RaftServerConfigKeys (ConfUtils.java:logGet(43)) - raft.server.log.appender.install.snapshot.enabled = false (custom)
2019-11-11 04:06:24,228 [9a305e64-7592-4199-ba7e-8c2223e9b548@group-F4D747E15FF8-LeaderElection2] WARN  impl.MetricRegistriesImpl (MetricRegistriesImpl.java:lambda$create$1(61)) - First MetricRegistry has been created without registering reporters. You may need to call MetricRegistries.global().addReportRegistration(...) before.
2019-11-11 04:06:24,228 [9a305e64-7592-4199-ba7e-8c2223e9b548@group-F4D747E15FF8-LeaderElection2] INFO  server.RaftServerConfigKeys (ConfUtils.java:logGet(43)) - raft.server.log.appender.snapshot.chunk.size.max = 16MB (=16777216) (default)
2019-11-11 04:06:24,228 [61021d77-0677-40a1-98e7-8ba643935ac0@group-39D510FFD81F-LeaderElection3] INFO  impl.LeaderElection (LeaderElection.java:logAndReturn(56)) - 61021d77-0677-40a1-98e7-8ba643935ac0@group-39D510FFD81F-LeaderElection3: Election PASSED; received 2 response(s) [61021d77-0677-40a1-98e7-8ba643935ac0<-9a305e64-7592-4199-ba7e-8c2223e9b548#0:FAIL-t1, 61021d77-0677-40a1-98e7-8ba643935ac0<-f4ab3ec0-fcec-4fb2-8953-e521da90d916#0:OK-t1] and 0 exception(s); 61021d77-0677-40a1-98e7-8ba643935ac0@group-39D510FFD81F:t1, leader=null, voted=61021d77-0677-40a1-98e7-8ba643935ac0, raftlog=61021d77-0677-40a1-98e7-8ba643935ac0@group-39D510FFD81F-SegmentedRaftLog:OPENED:c-1,f-1,i0, conf=-1: [61021d77-0677-40a1-98e7-8ba643935ac0:192.168.34.63:35377, 9a305e64-7592-4199-ba7e-8c2223e9b548:192.168.34.63:35969, f4ab3ec0-fcec-4fb2-8953-e521da90d916:192.168.34.63:41296], old=null
2019-11-11 04:06:24,228 [9a305e64-7592-4199-ba7e-8c2223e9b548@group-F4D747E15FF8-LeaderElection2] INFO  server.RaftServerConfigKeys (ConfUtils.java:logGet(43)) - raft.server.log.appender.buffer.byte-limit = 33554432 (custom)
2019-11-11 04:06:24,229 [61021d77-0677-40a1-98e7-8ba643935ac0@group-39D510FFD81F-LeaderElection3] INFO  impl.RoleInfo (RoleInfo.java:shutdownLeaderElection(134)) - 61021d77-0677-40a1-98e7-8ba643935ac0: shutdown LeaderElection
2019-11-11 04:06:24,229 [9a305e64-7592-4199-ba7e-8c2223e9b548@group-F4D747E15FF8-LeaderElection2] INFO  server.RaftServerConfigKeys (ConfUtils.java:logGet(43)) - raft.server.log.appender.buffer.element-limit = 1 (custom)
2019-11-11 04:06:24,236 [61021d77-0677-40a1-98e7-8ba643935ac0@group-39D510FFD81F-LeaderElection3] INFO  impl.RaftServerImpl (RaftServerImpl.java:setRole(173)) - 61021d77-0677-40a1-98e7-8ba643935ac0@group-39D510FFD81F: changes role from CANDIDATE to LEADER at term 1 for changeToLeader
2019-11-11 04:06:24,236 [9a305e64-7592-4199-ba7e-8c2223e9b548@group-F4D747E15FF8-LeaderElection2] INFO  grpc.GrpcConfigKeys$Server (ConfUtils.java:logGet(43)) - raft.grpc.server.leader.outstanding.appends.max = 128 (default)
2019-11-11 04:06:24,236 [61021d77-0677-40a1-98e7-8ba643935ac0@group-39D510FFD81F-LeaderElection3] INFO  impl.RaftServerImpl (ServerState.java:setLeader(255)) - 61021d77-0677-40a1-98e7-8ba643935ac0@group-39D510FFD81F: change Leader from null to 61021d77-0677-40a1-98e7-8ba643935ac0 at term 1 for becomeLeader, leader elected after 1195ms
2019-11-11 04:06:24,236 [9a305e64-7592-4199-ba7e-8c2223e9b548@group-F4D747E15FF8-LeaderElection2] INFO  server.RaftServerConfigKeys (ConfUtils.java:logGet(43)) - raft.server.rpc.request.timeout = 3000ms (default)
2019-11-11 04:06:24,236 [61021d77-0677-40a1-98e7-8ba643935ac0@group-39D510FFD81F-LeaderElection3] INFO  server.RaftServerConfigKeys (ConfUtils.java:logGet(43)) - raft.server.staging.catchup.gap = 1000 (default)
2019-11-11 04:06:24,236 [9a305e64-7592-4199-ba7e-8c2223e9b548@group-F4D747E15FF8-LeaderElection2] INFO  server.RaftServerConfigKeys (ConfUtils.java:logGet(43)) - raft.server.log.appender.install.snapshot.enabled = false (custom)
2019-11-11 04:06:24,238 [grpc-default-executor-4] INFO  impl.RaftServerImpl (ServerState.java:setLeader(255)) - 61021d77-0677-40a1-98e7-8ba643935ac0@group-F66482D1AE22: change Leader from null to c04805f0-1fdc-4096-9f0e-017639bb4de5 at term 1 for appendEntries, leader elected after 1273ms
2019-11-11 04:06:24,236 [61021d77-0677-40a1-98e7-8ba643935ac0@group-39D510FFD81F-LeaderElection3] INFO  server.RaftServerConfigKeys (ConfUtils.java:logGet(43)) - raft.server.rpc.sleep.time = 25ms (default)
2019-11-11 04:06:24,238 [9a305e64-7592-4199-ba7e-8c2223e9b548@group-F4D747E15FF8-LeaderElection2] INFO  impl.RoleInfo (RoleInfo.java:updateAndGet(143)) - 9a305e64-7592-4199-ba7e-8c2223e9b548: start LeaderState
2019-11-11 04:06:24,239 [61021d77-0677-40a1-98e7-8ba643935ac0@group-39D510FFD81F-LeaderElection3] INFO  server.RaftServerConfigKeys (ConfUtils.java:logGet(43)) - raft.server.write.element-limit = 4096 (default)
2019-11-11 04:06:24,239 [9a305e64-7592-4199-ba7e-8c2223e9b548@group-F4D747E15FF8-LeaderElection2] INFO  segmented.SegmentedRaftLogWorker (SegmentedRaftLogWorker.java:startLogSegment(385)) - 9a305e64-7592-4199-ba7e-8c2223e9b548@group-F4D747E15FF8-SegmentedRaftLogWorker: Starting segment from index:0
2019-11-11 04:06:24,239 [61021d77-0677-40a1-98e7-8ba643935ac0@group-39D510FFD81F-LeaderElection3] INFO  server.RaftServerConfigKeys (ConfUtils.java:logGet(43)) - raft.server.watch.timeout = 10s (default)
2019-11-11 04:06:24,239 [61021d77-0677-40a1-98e7-8ba643935ac0@group-39D510FFD81F-LeaderElection3] INFO  server.RaftServerConfigKeys (ConfUtils.java:logGet(43)) - raft.server.watch.timeout.denomination = 1s (default)
2019-11-11 04:06:24,239 [61021d77-0677-40a1-98e7-8ba643935ac0@group-39D510FFD81F-LeaderElection3] INFO  server.RaftServerConfigKeys (ConfUtils.java:logGet(43)) - raft.server.watch.element-limit = 65536 (default)
2019-11-11 04:06:24,240 [9a305e64-7592-4199-ba7e-8c2223e9b548@group-F4D747E15FF8-LeaderElection2] INFO  impl.RaftServerImpl (ServerState.java:setRaftConf(356)) - 9a305e64-7592-4199-ba7e-8c2223e9b548@group-F4D747E15FF8: set configuration 0: [61021d77-0677-40a1-98e7-8ba643935ac0:192.168.34.63:35377, 9a305e64-7592-4199-ba7e-8c2223e9b548:192.168.34.63:35969, f4ab3ec0-fcec-4fb2-8953-e521da90d916:192.168.34.63:41296], old=null at 0
2019-11-11 04:06:24,240 [61021d77-0677-40a1-98e7-8ba643935ac0@group-39D510FFD81F-LeaderElection3] INFO  server.RaftServerConfigKeys (ConfUtils.java:logGet(43)) - raft.server.log.appender.snapshot.chunk.size.max = 16MB (=16777216) (default)
2019-11-11 04:06:24,243 [grpc-default-executor-5] INFO  impl.RaftServerImpl (ServerState.java:setLeader(255)) - f4ab3ec0-fcec-4fb2-8953-e521da90d916@group-F66482D1AE22: change Leader from null to c04805f0-1fdc-4096-9f0e-017639bb4de5 at term 1 for appendEntries, leader elected after 1777ms
2019-11-11 04:06:24,243 [61021d77-0677-40a1-98e7-8ba643935ac0@group-39D510FFD81F-LeaderElection3] INFO  server.RaftServerConfigKeys (ConfUtils.java:logGet(43)) - raft.server.log.appender.buffer.byte-limit = 33554432 (custom)
2019-11-11 04:06:24,243 [61021d77-0677-40a1-98e7-8ba643935ac0@group-39D510FFD81F-LeaderElection3] INFO  server.RaftServerConfigKeys (ConfUtils.java:logGet(43)) - raft.server.log.appender.buffer.element-limit = 1 (custom)
2019-11-11 04:06:24,243 [61021d77-0677-40a1-98e7-8ba643935ac0@group-39D510FFD81F-LeaderElection3] INFO  grpc.GrpcConfigKeys$Server (ConfUtils.java:logGet(43)) - raft.grpc.server.leader.outstanding.appends.max = 128 (default)
2019-11-11 04:06:24,243 [61021d77-0677-40a1-98e7-8ba643935ac0@group-39D510FFD81F-LeaderElection3] INFO  server.RaftServerConfigKeys (ConfUtils.java:logGet(43)) - raft.server.rpc.request.timeout = 3000ms (default)
2019-11-11 04:06:24,244 [61021d77-0677-40a1-98e7-8ba643935ac0@group-39D510FFD81F-LeaderElection3] INFO  server.RaftServerConfigKeys (ConfUtils.java:logGet(43)) - raft.server.log.appender.install.snapshot.enabled = false (custom)
2019-11-11 04:06:24,245 [61021d77-0677-40a1-98e7-8ba643935ac0@group-39D510FFD81F-LeaderElection3] WARN  impl.MetricRegistriesImpl (MetricRegistriesImpl.java:lambda$create$1(61)) - First MetricRegistry has been created without registering reporters. You may need to call MetricRegistries.global().addReportRegistration(...) before.
2019-11-11 04:06:24,245 [61021d77-0677-40a1-98e7-8ba643935ac0@group-39D510FFD81F-LeaderElection3] INFO  server.RaftServerConfigKeys (ConfUtils.java:logGet(43)) - raft.server.log.appender.snapshot.chunk.size.max = 16MB (=16777216) (default)
2019-11-11 04:06:24,248 [61021d77-0677-40a1-98e7-8ba643935ac0@group-39D510FFD81F-LeaderElection3] INFO  server.RaftServerConfigKeys (ConfUtils.java:logGet(43)) - raft.server.log.appender.buffer.byte-limit = 33554432 (custom)
2019-11-11 04:06:24,248 [61021d77-0677-40a1-98e7-8ba643935ac0@group-39D510FFD81F-LeaderElection3] INFO  server.RaftServerConfigKeys (ConfUtils.java:logGet(43)) - raft.server.log.appender.buffer.element-limit = 1 (custom)
2019-11-11 04:06:24,248 [61021d77-0677-40a1-98e7-8ba643935ac0@group-39D510FFD81F-LeaderElection3] INFO  grpc.GrpcConfigKeys$Server (ConfUtils.java:logGet(43)) - raft.grpc.server.leader.outstanding.appends.max = 128 (default)
2019-11-11 04:06:24,248 [61021d77-0677-40a1-98e7-8ba643935ac0@group-39D510FFD81F-LeaderElection3] INFO  server.RaftServerConfigKeys (ConfUtils.java:logGet(43)) - raft.server.rpc.request.timeout = 3000ms (default)
2019-11-11 04:06:24,248 [61021d77-0677-40a1-98e7-8ba643935ac0@group-39D510FFD81F-LeaderElection3] INFO  server.RaftServerConfigKeys (ConfUtils.java:logGet(43)) - raft.server.log.appender.install.snapshot.enabled = false (custom)
2019-11-11 04:06:24,249 [61021d77-0677-40a1-98e7-8ba643935ac0@group-39D510FFD81F-LeaderElection3] INFO  impl.RoleInfo (RoleInfo.java:updateAndGet(143)) - 61021d77-0677-40a1-98e7-8ba643935ac0: start LeaderState
2019-11-11 04:06:24,249 [grpc-default-executor-0] INFO  impl.RaftServerImpl (ServerState.java:setLeader(255)) - f4ab3ec0-fcec-4fb2-8953-e521da90d916@group-F4D747E15FF8: change Leader from null to 9a305e64-7592-4199-ba7e-8c2223e9b548 at term 1 for appendEntries, leader elected after 1243ms
2019-11-11 04:06:24,249 [grpc-default-executor-1] INFO  impl.RaftServerImpl (ServerState.java:setLeader(255)) - 61021d77-0677-40a1-98e7-8ba643935ac0@group-F4D747E15FF8: change Leader from null to 9a305e64-7592-4199-ba7e-8c2223e9b548 at term 1 for appendEntries, leader elected after 1177ms
2019-11-11 04:06:24,249 [61021d77-0677-40a1-98e7-8ba643935ac0@group-39D510FFD81F-LeaderElection3] INFO  segmented.SegmentedRaftLogWorker (SegmentedRaftLogWorker.java:startLogSegment(385)) - 61021d77-0677-40a1-98e7-8ba643935ac0@group-39D510FFD81F-SegmentedRaftLogWorker: Starting segment from index:0
2019-11-11 04:06:24,250 [61021d77-0677-40a1-98e7-8ba643935ac0@group-39D510FFD81F-LeaderElection3] INFO  impl.RaftServerImpl (ServerState.java:setRaftConf(356)) - 61021d77-0677-40a1-98e7-8ba643935ac0@group-39D510FFD81F: set configuration 0: [61021d77-0677-40a1-98e7-8ba643935ac0:192.168.34.63:35377, 9a305e64-7592-4199-ba7e-8c2223e9b548:192.168.34.63:35969, f4ab3ec0-fcec-4fb2-8953-e521da90d916:192.168.34.63:41296], old=null at 0
2019-11-11 04:06:24,254 [grpc-default-executor-4] INFO  impl.RaftServerImpl (ServerState.java:setLeader(255)) - f4ab3ec0-fcec-4fb2-8953-e521da90d916@group-39D510FFD81F: change Leader from null to 61021d77-0677-40a1-98e7-8ba643935ac0 at term 1 for appendEntries, leader elected after 1289ms
2019-11-11 04:06:24,255 [grpc-default-executor-0] INFO  impl.RaftServerImpl (ServerState.java:setLeader(255)) - 9a305e64-7592-4199-ba7e-8c2223e9b548@group-39D510FFD81F: change Leader from null to 61021d77-0677-40a1-98e7-8ba643935ac0 at term 1 for appendEntries, leader elected after 1450ms
2019-11-11 04:06:24,268 [grpc-default-executor-1] INFO  impl.RaftServerImpl (ServerState.java:setRaftConf(356)) - f4ab3ec0-fcec-4fb2-8953-e521da90d916@group-F66482D1AE22: set configuration 0: [61021d77-0677-40a1-98e7-8ba643935ac0:192.168.34.63:35377, c04805f0-1fdc-4096-9f0e-017639bb4de5:192.168.34.63:44743, f4ab3ec0-fcec-4fb2-8953-e521da90d916:192.168.34.63:41296], old=null at 0
2019-11-11 04:06:24,268 [grpc-default-executor-0] INFO  impl.RaftServerImpl (ServerState.java:setRaftConf(356)) - 61021d77-0677-40a1-98e7-8ba643935ac0@group-F66482D1AE22: set configuration 0: [61021d77-0677-40a1-98e7-8ba643935ac0:192.168.34.63:35377, c04805f0-1fdc-4096-9f0e-017639bb4de5:192.168.34.63:44743, f4ab3ec0-fcec-4fb2-8953-e521da90d916:192.168.34.63:41296], old=null at 0
2019-11-11 04:06:24,269 [grpc-default-executor-1] INFO  segmented.SegmentedRaftLogWorker (SegmentedRaftLogWorker.java:startLogSegment(385)) - f4ab3ec0-fcec-4fb2-8953-e521da90d916@group-F66482D1AE22-SegmentedRaftLogWorker: Starting segment from index:0
2019-11-11 04:06:24,268 [grpc-default-executor-5] INFO  impl.RaftServerImpl (ServerState.java:setRaftConf(356)) - 9a305e64-7592-4199-ba7e-8c2223e9b548@group-39D510FFD81F: set configuration 0: [61021d77-0677-40a1-98e7-8ba643935ac0:192.168.34.63:35377, 9a305e64-7592-4199-ba7e-8c2223e9b548:192.168.34.63:35969, f4ab3ec0-fcec-4fb2-8953-e521da90d916:192.168.34.63:41296], old=null at 0
2019-11-11 04:06:24,268 [grpc-default-executor-2] INFO  impl.RaftServerImpl (ServerState.java:setRaftConf(356)) - f4ab3ec0-fcec-4fb2-8953-e521da90d916@group-39D510FFD81F: set configuration 0: [61021d77-0677-40a1-98e7-8ba643935ac0:192.168.34.63:35377, 9a305e64-7592-4199-ba7e-8c2223e9b548:192.168.34.63:35969, f4ab3ec0-fcec-4fb2-8953-e521da90d916:192.168.34.63:41296], old=null at 0
2019-11-11 04:06:24,268 [grpc-default-executor-3] INFO  impl.RaftServerImpl (ServerState.java:setRaftConf(356)) - 61021d77-0677-40a1-98e7-8ba643935ac0@group-F4D747E15FF8: set configuration 0: [61021d77-0677-40a1-98e7-8ba643935ac0:192.168.34.63:35377, 9a305e64-7592-4199-ba7e-8c2223e9b548:192.168.34.63:35969, f4ab3ec0-fcec-4fb2-8953-e521da90d916:192.168.34.63:41296], old=null at 0
2019-11-11 04:06:24,268 [grpc-default-executor-4] INFO  impl.RaftServerImpl (ServerState.java:setRaftConf(356)) - f4ab3ec0-fcec-4fb2-8953-e521da90d916@group-F4D747E15FF8: set configuration 0: [61021d77-0677-40a1-98e7-8ba643935ac0:192.168.34.63:35377, 9a305e64-7592-4199-ba7e-8c2223e9b548:192.168.34.63:35969, f4ab3ec0-fcec-4fb2-8953-e521da90d916:192.168.34.63:41296], old=null at 0
2019-11-11 04:06:24,269 [grpc-default-executor-3] INFO  segmented.SegmentedRaftLogWorker (SegmentedRaftLogWorker.java:startLogSegment(385)) - 61021d77-0677-40a1-98e7-8ba643935ac0@group-F4D747E15FF8-SegmentedRaftLogWorker: Starting segment from index:0
2019-11-11 04:06:24,269 [grpc-default-executor-2] INFO  segmented.SegmentedRaftLogWorker (SegmentedRaftLogWorker.java:startLogSegment(385)) - f4ab3ec0-fcec-4fb2-8953-e521da90d916@group-39D510FFD81F-SegmentedRaftLogWorker: Starting segment from index:0
2019-11-11 04:06:24,269 [grpc-default-executor-5] INFO  segmented.SegmentedRaftLogWorker (SegmentedRaftLogWorker.java:startLogSegment(385)) - 9a305e64-7592-4199-ba7e-8c2223e9b548@group-39D510FFD81F-SegmentedRaftLogWorker: Starting segment from index:0
2019-11-11 04:06:24,269 [Thread-318] INFO  impl.FollowerState (FollowerState.java:run(111)) - 61021d77-0677-40a1-98e7-8ba643935ac0@group-E3209F2AD3E3-FollowerState: change to CANDIDATE, lastRpcTime:1192ms, electionTimeout:1192ms
2019-11-11 04:06:24,269 [grpc-default-executor-0] INFO  segmented.SegmentedRaftLogWorker (SegmentedRaftLogWorker.java:startLogSegment(385)) - 61021d77-0677-40a1-98e7-8ba643935ac0@group-F66482D1AE22-SegmentedRaftLogWorker: Starting segment from index:0
2019-11-11 04:06:24,270 [Thread-318] INFO  impl.RoleInfo (RoleInfo.java:shutdownFollowerState(121)) - 61021d77-0677-40a1-98e7-8ba643935ac0: shutdown FollowerState
2019-11-11 04:06:24,270 [grpc-default-executor-4] INFO  segmented.SegmentedRaftLogWorker (SegmentedRaftLogWorker.java:startLogSegment(385)) - f4ab3ec0-fcec-4fb2-8953-e521da90d916@group-F4D747E15FF8-SegmentedRaftLogWorker: Starting segment from index:0
2019-11-11 04:06:24,270 [Thread-318] INFO  impl.RaftServerImpl (RaftServerImpl.java:setRole(173)) - 61021d77-0677-40a1-98e7-8ba643935ac0@group-E3209F2AD3E3: changes role from  FOLLOWER to CANDIDATE at term 0 for changeToCandidate
2019-11-11 04:06:24,271 [Thread-318] INFO  impl.RoleInfo (RoleInfo.java:updateAndGet(143)) - 61021d77-0677-40a1-98e7-8ba643935ac0: start LeaderElection
2019-11-11 04:06:24,280 [61021d77-0677-40a1-98e7-8ba643935ac0@group-E3209F2AD3E3-LeaderElection7] INFO  impl.LeaderElection (LeaderElection.java:askForVotes(178)) - 61021d77-0677-40a1-98e7-8ba643935ac0@group-E3209F2AD3E3-LeaderElection7: begin an election at term 1 for -1: [61021d77-0677-40a1-98e7-8ba643935ac0:192.168.34.63:35377], old=null
2019-11-11 04:06:24,280 [61021d77-0677-40a1-98e7-8ba643935ac0@group-E3209F2AD3E3-LeaderElection7] INFO  impl.RoleInfo (RoleInfo.java:shutdownLeaderElection(134)) - 61021d77-0677-40a1-98e7-8ba643935ac0: shutdown LeaderElection
2019-11-11 04:06:24,280 [61021d77-0677-40a1-98e7-8ba643935ac0@group-E3209F2AD3E3-LeaderElection7] INFO  impl.RaftServerImpl (RaftServerImpl.java:setRole(173)) - 61021d77-0677-40a1-98e7-8ba643935ac0@group-E3209F2AD3E3: changes role from CANDIDATE to LEADER at term 1 for changeToLeader
2019-11-11 04:06:24,280 [61021d77-0677-40a1-98e7-8ba643935ac0@group-E3209F2AD3E3-LeaderElection7] INFO  impl.RaftServerImpl (ServerState.java:setLeader(255)) - 61021d77-0677-40a1-98e7-8ba643935ac0@group-E3209F2AD3E3: change Leader from null to 61021d77-0677-40a1-98e7-8ba643935ac0 at term 1 for becomeLeader, leader elected after 1274ms
2019-11-11 04:06:24,280 [61021d77-0677-40a1-98e7-8ba643935ac0@group-E3209F2AD3E3-LeaderElection7] INFO  server.RaftServerConfigKeys (ConfUtils.java:logGet(43)) - raft.server.staging.catchup.gap = 1000 (default)
2019-11-11 04:06:24,280 [61021d77-0677-40a1-98e7-8ba643935ac0@group-E3209F2AD3E3-LeaderElection7] INFO  server.RaftServerConfigKeys (ConfUtils.java:logGet(43)) - raft.server.rpc.sleep.time = 25ms (default)
2019-11-11 04:06:24,280 [61021d77-0677-40a1-98e7-8ba643935ac0@group-E3209F2AD3E3-LeaderElection7] INFO  server.RaftServerConfigKeys (ConfUtils.java:logGet(43)) - raft.server.write.element-limit = 4096 (default)
2019-11-11 04:06:24,280 [61021d77-0677-40a1-98e7-8ba643935ac0@group-E3209F2AD3E3-LeaderElection7] INFO  server.RaftServerConfigKeys (ConfUtils.java:logGet(43)) - raft.server.watch.timeout = 10s (default)
2019-11-11 04:06:24,280 [61021d77-0677-40a1-98e7-8ba643935ac0@group-E3209F2AD3E3-LeaderElection7] INFO  server.RaftServerConfigKeys (ConfUtils.java:logGet(43)) - raft.server.watch.timeout.denomination = 1s (default)
2019-11-11 04:06:24,281 [61021d77-0677-40a1-98e7-8ba643935ac0@group-E3209F2AD3E3-LeaderElection7] INFO  server.RaftServerConfigKeys (ConfUtils.java:logGet(43)) - raft.server.watch.element-limit = 65536 (default)
2019-11-11 04:06:24,281 [61021d77-0677-40a1-98e7-8ba643935ac0@group-E3209F2AD3E3-LeaderElection7] INFO  impl.RoleInfo (RoleInfo.java:updateAndGet(143)) - 61021d77-0677-40a1-98e7-8ba643935ac0: start LeaderState
2019-11-11 04:06:24,281 [61021d77-0677-40a1-98e7-8ba643935ac0@group-E3209F2AD3E3-LeaderElection7] INFO  segmented.SegmentedRaftLogWorker (SegmentedRaftLogWorker.java:startLogSegment(385)) - 61021d77-0677-40a1-98e7-8ba643935ac0@group-E3209F2AD3E3-SegmentedRaftLogWorker: Starting segment from index:0
2019-11-11 04:06:24,281 [61021d77-0677-40a1-98e7-8ba643935ac0@group-E3209F2AD3E3-LeaderElection7] INFO  impl.RaftServerImpl (ServerState.java:setRaftConf(356)) - 61021d77-0677-40a1-98e7-8ba643935ac0@group-E3209F2AD3E3: set configuration 0: [61021d77-0677-40a1-98e7-8ba643935ac0:192.168.34.63:35377], old=null at 0
2019-11-11 04:06:24,413 [9a305e64-7592-4199-ba7e-8c2223e9b548@group-F4D747E15FF8-SegmentedRaftLogWorker] INFO  segmented.SegmentedRaftLogWorker (SegmentedRaftLogWorker.java:execute(576)) - 9a305e64-7592-4199-ba7e-8c2223e9b548@group-F4D747E15FF8-SegmentedRaftLogWorker: created new log segment /workdir/hadoop-ozone/integration-test/target/test-dir/MiniOzoneClusterImpl-6985d1c7-7309-41e2-b49d-91e186e08ffa/datanode-7/data/ratis/31ac6f49-abee-419e-8f26-f4d747e15ff8/current/log_inprogress_0
2019-11-11 04:06:24,413 [61021d77-0677-40a1-98e7-8ba643935ac0@group-051800AC1A6C-SegmentedRaftLogWorker] INFO  segmented.SegmentedRaftLogWorker (SegmentedRaftLogWorker.java:execute(576)) - 61021d77-0677-40a1-98e7-8ba643935ac0@group-051800AC1A6C-SegmentedRaftLogWorker: created new log segment /workdir/hadoop-ozone/integration-test/target/test-dir/MiniOzoneClusterImpl-6985d1c7-7309-41e2-b49d-91e186e08ffa/datanode-0/data/ratis/e020d8e2-907a-45c8-9efe-051800ac1a6c/current/log_inprogress_0
2019-11-11 04:06:24,413 [61021d77-0677-40a1-98e7-8ba643935ac0@group-39D510FFD81F-SegmentedRaftLogWorker] INFO  segmented.SegmentedRaftLogWorker (SegmentedRaftLogWorker.java:execute(576)) - 61021d77-0677-40a1-98e7-8ba643935ac0@group-39D510FFD81F-SegmentedRaftLogWorker: created new log segment /workdir/hadoop-ozone/integration-test/target/test-dir/MiniOzoneClusterImpl-6985d1c7-7309-41e2-b49d-91e186e08ffa/datanode-0/data/ratis/d517d0ef-3a8f-4404-aa3a-39d510ffd81f/current/log_inprogress_0
2019-11-11 04:06:24,413 [61021d77-0677-40a1-98e7-8ba643935ac0@group-E3209F2AD3E3-SegmentedRaftLogWorker] INFO  segmented.SegmentedRaftLogWorker (SegmentedRaftLogWorker.java:execute(576)) - 61021d77-0677-40a1-98e7-8ba643935ac0@group-E3209F2AD3E3-SegmentedRaftLogWorker: created new log segment /workdir/hadoop-ozone/integration-test/target/test-dir/MiniOzoneClusterImpl-6985d1c7-7309-41e2-b49d-91e186e08ffa/datanode-0/data/ratis/7a37cfbc-7e10-49bb-a0b8-e3209f2ad3e3/current/log_inprogress_0
2019-11-11 04:06:24,413 [f4ab3ec0-fcec-4fb2-8953-e521da90d916@group-F4D747E15FF8-SegmentedRaftLogWorker] INFO  segmented.SegmentedRaftLogWorker (SegmentedRaftLogWorker.java:execute(576)) - f4ab3ec0-fcec-4fb2-8953-e521da90d916@group-F4D747E15FF8-SegmentedRaftLogWorker: created new log segment /workdir/hadoop-ozone/integration-test/target/test-dir/MiniOzoneClusterImpl-6985d1c7-7309-41e2-b49d-91e186e08ffa/datanode-5/data/ratis/31ac6f49-abee-419e-8f26-f4d747e15ff8/current/log_inprogress_0
2019-11-11 04:06:24,413 [f4ab3ec0-fcec-4fb2-8953-e521da90d916@group-39D510FFD81F-SegmentedRaftLogWorker] INFO  segmented.SegmentedRaftLogWorker (SegmentedRaftLogWorker.java:execute(576)) - f4ab3ec0-fcec-4fb2-8953-e521da90d916@group-39D510FFD81F-SegmentedRaftLogWorker: created new log segment /workdir/hadoop-ozone/integration-test/target/test-dir/MiniOzoneClusterImpl-6985d1c7-7309-41e2-b49d-91e186e08ffa/datanode-5/data/ratis/d517d0ef-3a8f-4404-aa3a-39d510ffd81f/current/log_inprogress_0
2019-11-11 04:06:24,442 [9a305e64-7592-4199-ba7e-8c2223e9b548@group-39D510FFD81F-SegmentedRaftLogWorker] INFO  segmented.SegmentedRaftLogWorker (SegmentedRaftLogWorker.java:execute(576)) - 9a305e64-7592-4199-ba7e-8c2223e9b548@group-39D510FFD81F-SegmentedRaftLogWorker: created new log segment /workdir/hadoop-ozone/integration-test/target/test-dir/MiniOzoneClusterImpl-6985d1c7-7309-41e2-b49d-91e186e08ffa/datanode-7/data/ratis/d517d0ef-3a8f-4404-aa3a-39d510ffd81f/current/log_inprogress_0
2019-11-11 04:06:24,442 [61021d77-0677-40a1-98e7-8ba643935ac0@group-F66482D1AE22-SegmentedRaftLogWorker] INFO  segmented.SegmentedRaftLogWorker (SegmentedRaftLogWorker.java:execute(576)) - 61021d77-0677-40a1-98e7-8ba643935ac0@group-F66482D1AE22-SegmentedRaftLogWorker: created new log segment /workdir/hadoop-ozone/integration-test/target/test-dir/MiniOzoneClusterImpl-6985d1c7-7309-41e2-b49d-91e186e08ffa/datanode-0/data/ratis/b0183e10-43e1-4291-b0d9-f66482d1ae22/current/log_inprogress_0
2019-11-11 04:06:24,442 [f4ab3ec0-fcec-4fb2-8953-e521da90d916@group-F66482D1AE22-SegmentedRaftLogWorker] INFO  segmented.SegmentedRaftLogWorker (SegmentedRaftLogWorker.java:execute(576)) - f4ab3ec0-fcec-4fb2-8953-e521da90d916@group-F66482D1AE22-SegmentedRaftLogWorker: created new log segment /workdir/hadoop-ozone/integration-test/target/test-dir/MiniOzoneClusterImpl-6985d1c7-7309-41e2-b49d-91e186e08ffa/datanode-5/data/ratis/b0183e10-43e1-4291-b0d9-f66482d1ae22/current/log_inprogress_0
2019-11-11 04:06:24,442 [c04805f0-1fdc-4096-9f0e-017639bb4de5@group-F66482D1AE22-SegmentedRaftLogWorker] INFO  segmented.SegmentedRaftLogWorker (SegmentedRaftLogWorker.java:execute(576)) - c04805f0-1fdc-4096-9f0e-017639bb4de5@group-F66482D1AE22-SegmentedRaftLogWorker: created new log segment /workdir/hadoop-ozone/integration-test/target/test-dir/MiniOzoneClusterImpl-6985d1c7-7309-41e2-b49d-91e186e08ffa/datanode-6/data/ratis/b0183e10-43e1-4291-b0d9-f66482d1ae22/current/log_inprogress_0
2019-11-11 04:06:24,442 [61021d77-0677-40a1-98e7-8ba643935ac0@group-F4D747E15FF8-SegmentedRaftLogWorker] INFO  segmented.SegmentedRaftLogWorker (SegmentedRaftLogWorker.java:execute(576)) - 61021d77-0677-40a1-98e7-8ba643935ac0@group-F4D747E15FF8-SegmentedRaftLogWorker: created new log segment /workdir/hadoop-ozone/integration-test/target/test-dir/MiniOzoneClusterImpl-6985d1c7-7309-41e2-b49d-91e186e08ffa/datanode-0/data/ratis/31ac6f49-abee-419e-8f26-f4d747e15ff8/current/log_inprogress_0
2019-11-11 04:06:26,460 [Datanode State Machine Thread - 0] INFO  statemachine.DatanodeStateMachine (DatanodeStateMachine.java:lambda$startDaemon$0(350)) - Ozone container server started.
2019-11-11 04:06:30,617 [main] INFO  ozoneimpl.OzoneContainer (OzoneContainer.java:stop(232)) - Attempting to stop container services.
2019-11-11 04:06:30,618 [main] INFO  impl.RaftServerProxy (RaftServerProxy.java:lambda$close$4(314)) - 61021d77-0677-40a1-98e7-8ba643935ac0: close
2019-11-11 04:06:30,621 [main] INFO  impl.RaftServerImpl (RaftServerImpl.java:lambda$shutdown$3(250)) - 61021d77-0677-40a1-98e7-8ba643935ac0@group-051800AC1A6C: shutdown
2019-11-11 04:06:30,621 [ForkJoinPool.commonPool-worker-1] INFO  impl.RaftServerImpl (RaftServerImpl.java:lambda$shutdown$3(250)) - 61021d77-0677-40a1-98e7-8ba643935ac0@group-39D510FFD81F: shutdown
2019-11-11 04:06:30,621 [main] INFO  util.JmxRegister (JmxRegister.java:unregister(73)) - Successfully un-registered JMX Bean with object name Ratis:service=RaftServer,group=group-051800AC1A6C,id=61021d77-0677-40a1-98e7-8ba643935ac0
2019-11-11 04:06:30,622 [ForkJoinPool.commonPool-worker-1] INFO  util.JmxRegister (JmxRegister.java:unregister(73)) - Successfully un-registered JMX Bean with object name Ratis:service=RaftServer,group=group-39D510FFD81F,id=61021d77-0677-40a1-98e7-8ba643935ac0
2019-11-11 04:06:30,622 [main] INFO  impl.RoleInfo (RoleInfo.java:shutdownLeaderState(104)) - 61021d77-0677-40a1-98e7-8ba643935ac0: shutdown LeaderState
2019-11-11 04:06:30,622 [ForkJoinPool.commonPool-worker-1] INFO  impl.RoleInfo (RoleInfo.java:shutdownLeaderState(104)) - 61021d77-0677-40a1-98e7-8ba643935ac0: shutdown LeaderState
2019-11-11 04:06:30,623 [main] INFO  impl.PendingRequests (PendingRequests.java:sendNotLeaderResponses(206)) - 61021d77-0677-40a1-98e7-8ba643935ac0@group-051800AC1A6C-PendingRequests: sendNotLeaderResponses
2019-11-11 04:06:30,629 [org.apache.ratis.server.impl.LogAppender$AppenderDaemon$$Lambda$651/545843685@5ed4cad4] WARN  server.GrpcLogAppender (GrpcLogAppender.java:mayWait(151)) - 61021d77-0677-40a1-98e7-8ba643935ac0@group-39D510FFD81F->9a305e64-7592-4199-ba7e-8c2223e9b548-GrpcLogAppender: Wait interrupted by java.lang.InterruptedException
2019-11-11 04:06:30,629 [ForkJoinPool.commonPool-worker-1] INFO  impl.PendingRequests (PendingRequests.java:sendNotLeaderResponses(206)) - 61021d77-0677-40a1-98e7-8ba643935ac0@group-39D510FFD81F-PendingRequests: sendNotLeaderResponses
2019-11-11 04:06:30,629 [org.apache.ratis.server.impl.LogAppender$AppenderDaemon$$Lambda$651/545843685@1bd65f6a] WARN  server.GrpcLogAppender (GrpcLogAppender.java:mayWait(151)) - 61021d77-0677-40a1-98e7-8ba643935ac0@group-39D510FFD81F->f4ab3ec0-fcec-4fb2-8953-e521da90d916-GrpcLogAppender: Wait interrupted by java.lang.InterruptedException
2019-11-11 04:06:30,643 [ForkJoinPool.commonPool-worker-1] INFO  impl.StateMachineUpdater (StateMachineUpdater.java:stopAndJoin(136)) - 61021d77-0677-40a1-98e7-8ba643935ac0@group-39D510FFD81F-StateMachineUpdater: set stopIndex = 0
2019-11-11 04:06:30,643 [main] INFO  impl.StateMachineUpdater (StateMachineUpdater.java:stopAndJoin(136)) - 61021d77-0677-40a1-98e7-8ba643935ac0@group-051800AC1A6C-StateMachineUpdater: set stopIndex = 0
2019-11-11 04:06:30,647 [ForkJoinPool.commonPool-worker-1] INFO  impl.RaftServerImpl (ServerState.java:close(387)) - 61021d77-0677-40a1-98e7-8ba643935ac0@group-39D510FFD81F: closes. applyIndex: 0
2019-11-11 04:06:30,647 [main] INFO  impl.RaftServerImpl (ServerState.java:close(387)) - 61021d77-0677-40a1-98e7-8ba643935ac0@group-051800AC1A6C: closes. applyIndex: 0
2019-11-11 04:06:30,648 [grpc-default-executor-4] INFO  server.GrpcServerProtocolService (GrpcServerProtocolService.java:onCompleted(113)) - f4ab3ec0-fcec-4fb2-8953-e521da90d916: Completed APPEND_ENTRIES, lastRequest: 61021d77-0677-40a1-98e7-8ba643935ac0->f4ab3ec0-fcec-4fb2-8953-e521da90d916#13-t1, previous=(t:1, i:0), leaderCommit=0, initializing? false, entries: <empty>
2019-11-11 04:06:30,648 [grpc-default-executor-0] INFO  server.GrpcServerProtocolService (GrpcServerProtocolService.java:onCompleted(113)) - 9a305e64-7592-4199-ba7e-8c2223e9b548: Completed APPEND_ENTRIES, lastRequest: 61021d77-0677-40a1-98e7-8ba643935ac0->9a305e64-7592-4199-ba7e-8c2223e9b548#13-t1, previous=(t:1, i:0), leaderCommit=0, initializing? false, entries: <empty>
2019-11-11 04:06:30,656 [grpc-default-executor-0] INFO  server.GrpcLogAppender (GrpcLogAppender.java:onCompleted(308)) - 61021d77-0677-40a1-98e7-8ba643935ac0@group-39D510FFD81F->9a305e64-7592-4199-ba7e-8c2223e9b548-AppendLogResponseHandler: follower responses appendEntries COMPLETED
2019-11-11 04:06:30,656 [61021d77-0677-40a1-98e7-8ba643935ac0@group-39D510FFD81F-SegmentedRaftLogWorker] INFO  segmented.SegmentedRaftLogWorker (SegmentedRaftLogWorker.java:run(316)) - 61021d77-0677-40a1-98e7-8ba643935ac0@group-39D510FFD81F-SegmentedRaftLogWorker was interrupted, exiting. There are 0 tasks remaining in the queue.
2019-11-11 04:06:30,656 [61021d77-0677-40a1-98e7-8ba643935ac0@group-051800AC1A6C-SegmentedRaftLogWorker] INFO  segmented.SegmentedRaftLogWorker (SegmentedRaftLogWorker.java:run(316)) - 61021d77-0677-40a1-98e7-8ba643935ac0@group-051800AC1A6C-SegmentedRaftLogWorker was interrupted, exiting. There are 0 tasks remaining in the queue.
2019-11-11 04:06:30,659 [grpc-default-executor-4] INFO  server.GrpcLogAppender (GrpcLogAppender.java:onCompleted(308)) - 61021d77-0677-40a1-98e7-8ba643935ac0@group-39D510FFD81F->f4ab3ec0-fcec-4fb2-8953-e521da90d916-AppendLogResponseHandler: follower responses appendEntries COMPLETED
2019-11-11 04:06:30,663 [main] INFO  segmented.SegmentedRaftLogWorker (SegmentedRaftLogWorker.java:close(224)) - 61021d77-0677-40a1-98e7-8ba643935ac0@group-051800AC1A6C-SegmentedRaftLogWorker close()
2019-11-11 04:06:30,663 [ForkJoinPool.commonPool-worker-1] INFO  segmented.SegmentedRaftLogWorker (SegmentedRaftLogWorker.java:close(224)) - 61021d77-0677-40a1-98e7-8ba643935ac0@group-39D510FFD81F-SegmentedRaftLogWorker close()
2019-11-11 04:06:30,668 [main] INFO  impl.RaftServerImpl (RaftServerImpl.java:lambda$shutdown$3(250)) - 61021d77-0677-40a1-98e7-8ba643935ac0@group-F66482D1AE22: shutdown
2019-11-11 04:06:30,668 [ForkJoinPool.commonPool-worker-1] INFO  impl.RaftServerImpl (RaftServerImpl.java:lambda$shutdown$3(250)) - 61021d77-0677-40a1-98e7-8ba643935ac0@group-F4D747E15FF8: shutdown
2019-11-11 04:06:30,668 [main] INFO  util.JmxRegister (JmxRegister.java:unregister(73)) - Successfully un-registered JMX Bean with object name Ratis:service=RaftServer,group=group-F66482D1AE22,id=61021d77-0677-40a1-98e7-8ba643935ac0
2019-11-11 04:06:30,668 [ForkJoinPool.commonPool-worker-1] INFO  util.JmxRegister (JmxRegister.java:unregister(73)) - Successfully un-registered JMX Bean with object name Ratis:service=RaftServer,group=group-F4D747E15FF8,id=61021d77-0677-40a1-98e7-8ba643935ac0
2019-11-11 04:06:30,669 [main] INFO  impl.RoleInfo (RoleInfo.java:shutdownFollowerState(121)) - 61021d77-0677-40a1-98e7-8ba643935ac0: shutdown FollowerState
2019-11-11 04:06:30,669 [ForkJoinPool.commonPool-worker-1] INFO  impl.RoleInfo (RoleInfo.java:shutdownFollowerState(121)) - 61021d77-0677-40a1-98e7-8ba643935ac0: shutdown FollowerState
2019-11-11 04:06:30,669 [Thread-331] INFO  impl.FollowerState (FollowerState.java:run(120)) - 61021d77-0677-40a1-98e7-8ba643935ac0@group-F66482D1AE22-FollowerState was interrupted: java.lang.InterruptedException: sleep interrupted
2019-11-11 04:06:30,669 [main] INFO  impl.StateMachineUpdater (StateMachineUpdater.java:stopAndJoin(136)) - 61021d77-0677-40a1-98e7-8ba643935ac0@group-F66482D1AE22-StateMachineUpdater: set stopIndex = 0
2019-11-11 04:06:30,672 [main] INFO  impl.RaftServerImpl (ServerState.java:close(387)) - 61021d77-0677-40a1-98e7-8ba643935ac0@group-F66482D1AE22: closes. applyIndex: 0
2019-11-11 04:06:30,672 [61021d77-0677-40a1-98e7-8ba643935ac0@group-F4D747E15FF8-StateMachineUpdater] INFO  ratis.ContainerStateMachine (ContainerStateMachine.java:takeSnapshot(283)) - group-F4D747E15FF8: Taking a snapshot at:(t:1, i:33) file /workdir/hadoop-ozone/integration-test/target/test-dir/MiniOzoneClusterImpl-6985d1c7-7309-41e2-b49d-91e186e08ffa/datanode-0/data/ratis/31ac6f49-abee-419e-8f26-f4d747e15ff8/sm/snapshot.1_33
2019-11-11 04:06:30,669 [Thread-349] INFO  impl.FollowerState (FollowerState.java:run(120)) - 61021d77-0677-40a1-98e7-8ba643935ac0@group-F4D747E15FF8-FollowerState was interrupted: java.lang.InterruptedException: sleep interrupted
2019-11-11 04:06:30,669 [ForkJoinPool.commonPool-worker-1] INFO  impl.StateMachineUpdater (StateMachineUpdater.java:stopAndJoin(136)) - 61021d77-0677-40a1-98e7-8ba643935ac0@group-F4D747E15FF8-StateMachineUpdater: set stopIndex = 37
2019-11-11 04:06:30,675 [61021d77-0677-40a1-98e7-8ba643935ac0@group-F66482D1AE22-SegmentedRaftLogWorker] INFO  segmented.SegmentedRaftLogWorker (SegmentedRaftLogWorker.java:run(316)) - 61021d77-0677-40a1-98e7-8ba643935ac0@group-F66482D1AE22-SegmentedRaftLogWorker was interrupted, exiting. There are 0 tasks remaining in the queue.
2019-11-11 04:06:30,672 [grpc-default-executor-0] INFO  impl.FollowerInfo (FollowerInfo.java:lambda$new$0(51)) - 61021d77-0677-40a1-98e7-8ba643935ac0@group-39D510FFD81F->9a305e64-7592-4199-ba7e-8c2223e9b548: nextIndex: updateUnconditionally 1 -> 0
2019-11-11 04:06:30,672 [grpc-default-executor-4] INFO  impl.FollowerInfo (FollowerInfo.java:lambda$new$0(51)) - 61021d77-0677-40a1-98e7-8ba643935ac0@group-39D510FFD81F->f4ab3ec0-fcec-4fb2-8953-e521da90d916: nextIndex: updateUnconditionally 1 -> 0
2019-11-11 04:06:30,679 [main] INFO  segmented.SegmentedRaftLogWorker (SegmentedRaftLogWorker.java:close(224)) - 61021d77-0677-40a1-98e7-8ba643935ac0@group-F66482D1AE22-SegmentedRaftLogWorker close()
2019-11-11 04:06:30,684 [main] INFO  impl.RaftServerImpl (RaftServerImpl.java:lambda$shutdown$3(250)) - 61021d77-0677-40a1-98e7-8ba643935ac0@group-E3209F2AD3E3: shutdown
2019-11-11 04:06:30,684 [main] INFO  util.JmxRegister (JmxRegister.java:unregister(73)) - Successfully un-registered JMX Bean with object name Ratis:service=RaftServer,group=group-E3209F2AD3E3,id=61021d77-0677-40a1-98e7-8ba643935ac0
2019-11-11 04:06:30,685 [main] INFO  impl.RoleInfo (RoleInfo.java:shutdownLeaderState(104)) - 61021d77-0677-40a1-98e7-8ba643935ac0: shutdown LeaderState
2019-11-11 04:06:30,685 [main] INFO  impl.PendingRequests (PendingRequests.java:sendNotLeaderResponses(206)) - 61021d77-0677-40a1-98e7-8ba643935ac0@group-E3209F2AD3E3-PendingRequests: sendNotLeaderResponses
2019-11-11 04:06:30,685 [main] INFO  impl.StateMachineUpdater (StateMachineUpdater.java:stopAndJoin(136)) - 61021d77-0677-40a1-98e7-8ba643935ac0@group-E3209F2AD3E3-StateMachineUpdater: set stopIndex = 0
2019-11-11 04:06:30,686 [main] INFO  impl.RaftServerImpl (ServerState.java:close(387)) - 61021d77-0677-40a1-98e7-8ba643935ac0@group-E3209F2AD3E3: closes. applyIndex: 0
2019-11-11 04:06:30,686 [61021d77-0677-40a1-98e7-8ba643935ac0@group-E3209F2AD3E3-SegmentedRaftLogWorker] INFO  segmented.SegmentedRaftLogWorker (SegmentedRaftLogWorker.java:run(316)) - 61021d77-0677-40a1-98e7-8ba643935ac0@group-E3209F2AD3E3-SegmentedRaftLogWorker was interrupted, exiting. There are 0 tasks remaining in the queue.
2019-11-11 04:06:30,688 [main] INFO  segmented.SegmentedRaftLogWorker (SegmentedRaftLogWorker.java:close(224)) - 61021d77-0677-40a1-98e7-8ba643935ac0@group-E3209F2AD3E3-SegmentedRaftLogWorker close()
2019-11-11 04:06:30,803 [61021d77-0677-40a1-98e7-8ba643935ac0@group-F4D747E15FF8-StateMachineUpdater] INFO  ratis.ContainerStateMachine (ContainerStateMachine.java:takeSnapshot(294)) - group-F4D747E15FF8: Finished taking a snapshot at:(t:1, i:33) file:/workdir/hadoop-ozone/integration-test/target/test-dir/MiniOzoneClusterImpl-6985d1c7-7309-41e2-b49d-91e186e08ffa/datanode-0/data/ratis/31ac6f49-abee-419e-8f26-f4d747e15ff8/sm/snapshot.1_33 time:133
2019-11-11 04:06:30,804 [61021d77-0677-40a1-98e7-8ba643935ac0@group-F4D747E15FF8-StateMachineUpdater] INFO  impl.StateMachineUpdater (StateMachineUpdater.java:takeSnapshot(269)) - 61021d77-0677-40a1-98e7-8ba643935ac0@group-F4D747E15FF8-StateMachineUpdater: Took a snapshot at index 33
2019-11-11 04:06:30,805 [61021d77-0677-40a1-98e7-8ba643935ac0@group-F4D747E15FF8-StateMachineUpdater] INFO  impl.StateMachineUpdater (StateMachineUpdater.java:lambda$new$0(84)) - 61021d77-0677-40a1-98e7-8ba643935ac0@group-F4D747E15FF8-StateMachineUpdater: snapshotIndex: updateIncreasingly -1 -> 33
2019-11-11 04:06:30,808 [61021d77-0677-40a1-98e7-8ba643935ac0@group-F4D747E15FF8-StateMachineUpdater] INFO  ratis.ContainerStateMachine (ContainerStateMachine.java:takeSnapshot(283)) - group-F4D747E15FF8: Taking a snapshot at:(t:1, i:33) file /workdir/hadoop-ozone/integration-test/target/test-dir/MiniOzoneClusterImpl-6985d1c7-7309-41e2-b49d-91e186e08ffa/datanode-0/data/ratis/31ac6f49-abee-419e-8f26-f4d747e15ff8/sm/snapshot.1_33
2019-11-11 04:06:30,819 [61021d77-0677-40a1-98e7-8ba643935ac0@group-F4D747E15FF8-StateMachineUpdater] INFO  ratis.ContainerStateMachine (ContainerStateMachine.java:takeSnapshot(294)) - group-F4D747E15FF8: Finished taking a snapshot at:(t:1, i:33) file:/workdir/hadoop-ozone/integration-test/target/test-dir/MiniOzoneClusterImpl-6985d1c7-7309-41e2-b49d-91e186e08ffa/datanode-0/data/ratis/31ac6f49-abee-419e-8f26-f4d747e15ff8/sm/snapshot.1_33 time:11
2019-11-11 04:06:30,819 [61021d77-0677-40a1-98e7-8ba643935ac0@group-F4D747E15FF8-StateMachineUpdater] INFO  impl.StateMachineUpdater (StateMachineUpdater.java:takeSnapshot(269)) - 61021d77-0677-40a1-98e7-8ba643935ac0@group-F4D747E15FF8-StateMachineUpdater: Took a snapshot at index 33
2019-11-11 04:06:30,819 [61021d77-0677-40a1-98e7-8ba643935ac0@group-F4D747E15FF8-StateMachineUpdater] INFO  impl.StateMachineUpdater (StateMachineUpdater.java:lambda$new$0(84)) - 61021d77-0677-40a1-98e7-8ba643935ac0@group-F4D747E15FF8-StateMachineUpdater: snapshotIndex: updateIncreasingly 33 -> 33
2019-11-11 04:06:30,820 [ForkJoinPool.commonPool-worker-1] INFO  impl.RaftServerImpl (ServerState.java:close(387)) - 61021d77-0677-40a1-98e7-8ba643935ac0@group-F4D747E15FF8: closes. applyIndex: 37
2019-11-11 04:06:30,820 [61021d77-0677-40a1-98e7-8ba643935ac0@group-F4D747E15FF8-SegmentedRaftLogWorker] INFO  segmented.SegmentedRaftLogWorker (SegmentedRaftLogWorker.java:run(316)) - 61021d77-0677-40a1-98e7-8ba643935ac0@group-F4D747E15FF8-SegmentedRaftLogWorker was interrupted, exiting. There are 0 tasks remaining in the queue.
2019-11-11 04:06:30,824 [ForkJoinPool.commonPool-worker-1] INFO  segmented.SegmentedRaftLogWorker (SegmentedRaftLogWorker.java:close(224)) - 61021d77-0677-40a1-98e7-8ba643935ac0@group-F4D747E15FF8-SegmentedRaftLogWorker close()
2019-11-11 04:06:30,824 [main] INFO  server.GrpcService (GrpcService.java:closeImpl(164)) - 61021d77-0677-40a1-98e7-8ba643935ac0: shutdown server with port 35377 now
2019-11-11 04:06:30,832 [grpc-default-executor-0] WARN  server.GrpcServerProtocolService (LogUtils.java:warn(134)) - 61021d77-0677-40a1-98e7-8ba643935ac0: installSnapshot onError, lastRequest: c04805f0-1fdc-4096-9f0e-017639bb4de5->61021d77-0677-40a1-98e7-8ba643935ac0#13-t1, previous=(t:1, i:0), leaderCommit=0, initializing? false, entries: <empty>: org.apache.ratis.thirdparty.io.grpc.StatusRuntimeException: CANCELLED: cancelled before receiving half close
2019-11-11 04:06:30,832 [grpc-default-executor-2] WARN  server.GrpcServerProtocolService (LogUtils.java:warn(134)) - 61021d77-0677-40a1-98e7-8ba643935ac0: installSnapshot onError, lastRequest: 9a305e64-7592-4199-ba7e-8c2223e9b548->61021d77-0677-40a1-98e7-8ba643935ac0#48-t1, previous=(t:1, i:37), leaderCommit=37, initializing? false, entries: <empty>: org.apache.ratis.thirdparty.io.grpc.StatusRuntimeException: CANCELLED: cancelled before receiving half close
2019-11-11 04:06:30,834 [main] INFO  server.GrpcService (GrpcService.java:closeImpl(172)) - 61021d77-0677-40a1-98e7-8ba643935ac0: shutdown server with port 35377 successfully
2019-11-11 04:06:30,838 [grpc-default-executor-4] WARN  server.GrpcLogAppender (LogUtils.java:warn(134)) - c04805f0-1fdc-4096-9f0e-017639bb4de5@group-F66482D1AE22->61021d77-0677-40a1-98e7-8ba643935ac0-AppendLogResponseHandler: Failed appendEntries: org.apache.ratis.thirdparty.io.grpc.StatusRuntimeException: CANCELLED: HTTP/2 error code: CANCEL
Received Rst Stream
2019-11-11 04:06:30,841 [grpc-default-executor-4] INFO  impl.FollowerInfo (FollowerInfo.java:lambda$new$0(51)) - c04805f0-1fdc-4096-9f0e-017639bb4de5@group-F66482D1AE22->61021d77-0677-40a1-98e7-8ba643935ac0: nextIndex: updateUnconditionally 1 -> 0
2019-11-11 04:06:30,842 [grpc-default-executor-3] WARN  server.GrpcLogAppender (LogUtils.java:warn(134)) - 9a305e64-7592-4199-ba7e-8c2223e9b548@group-F4D747E15FF8->61021d77-0677-40a1-98e7-8ba643935ac0-AppendLogResponseHandler: Failed appendEntries: org.apache.ratis.thirdparty.io.grpc.StatusRuntimeException: CANCELLED: HTTP/2 error code: CANCEL
Received Rst Stream
2019-11-11 04:06:30,844 [grpc-default-executor-3] INFO  impl.FollowerInfo (FollowerInfo.java:lambda$new$0(51)) - 9a305e64-7592-4199-ba7e-8c2223e9b548@group-F4D747E15FF8->61021d77-0677-40a1-98e7-8ba643935ac0: nextIndex: updateUnconditionally 38 -> 37
2019-11-11 04:06:30,854 [refreshUsed-/workdir/hadoop-ozone/integration-test/target/test-dir/MiniOzoneClusterImpl-6985d1c7-7309-41e2-b49d-91e186e08ffa/datanode-0/data/containers] WARN  fs.CachingGetSpaceUsed (CachingGetSpaceUsed.java:run(183)) - Thread Interrupted waiting to refresh disk information: sleep interrupted
2019-11-11 04:06:30,870 [main] INFO  utils.BackgroundService (BackgroundService.java:shutdown(151)) - Shutting down service BlockDeletingService
2019-11-11 04:06:30,875 [main] INFO  statemachine.DatanodeStateMachine (DatanodeStateMachine.java:stopDaemon(395)) - Ozone container server stopped.
2019-11-11 04:06:30,880 [main] INFO  handler.ContextHandler (ContextHandler.java:doStop(910)) - Stopped o.e.j.w.WebAppContext@5f038248{/,null,UNAVAILABLE}{/hddsDatanode}
2019-11-11 04:06:30,886 [main] INFO  server.AbstractConnector (AbstractConnector.java:doStop(318)) - Stopped ServerConnector@78e22d35{HTTP/1.1,[http/1.1]}{0.0.0.0:0}
2019-11-11 04:06:30,886 [main] INFO  handler.ContextHandler (ContextHandler.java:doStop(910)) - Stopped o.e.j.s.ServletContextHandler@dc79225{/static,jar:file:/home/user/.m2/repository/org/apache/hadoop/hadoop-hdds-container-service/0.5.0-SNAPSHOT/hadoop-hdds-container-service-0.5.0-SNAPSHOT.jar!/webapps/static,UNAVAILABLE}
2019-11-11 04:06:30,887 [main] INFO  handler.ContextHandler (ContextHandler.java:doStop(910)) - Stopped o.e.j.s.ServletContextHandler@2b8bb184{/logs,file:///workdir/hadoop-ozone/integration-test/target/log,UNAVAILABLE}
2019-11-11 04:06:30,924 [grpc-default-executor-2] WARN  server.GrpcLogAppender (LogUtils.java:warn(134)) - 9a305e64-7592-4199-ba7e-8c2223e9b548@group-F4D747E15FF8->61021d77-0677-40a1-98e7-8ba643935ac0-AppendLogResponseHandler: Failed appendEntries: org.apache.ratis.thirdparty.io.grpc.StatusRuntimeException: UNAVAILABLE: io exception
2019-11-11 04:06:30,927 [grpc-default-executor-2] INFO  impl.FollowerInfo (FollowerInfo.java:lambda$new$0(51)) - 9a305e64-7592-4199-ba7e-8c2223e9b548@group-F4D747E15FF8->61021d77-0677-40a1-98e7-8ba643935ac0: nextIndex: updateUnconditionally 38 -> 37
2019-11-11 04:06:30,948 [grpc-default-executor-4] WARN  server.GrpcLogAppender (LogUtils.java:warn(134)) - 9a305e64-7592-4199-ba7e-8c2223e9b548@group-F4D747E15FF8->61021d77-0677-40a1-98e7-8ba643935ac0-AppendLogResponseHandler: Failed appendEntries: org.apache.ratis.thirdparty.io.grpc.StatusRuntimeException: UNAVAILABLE: io exception
2019-11-11 04:06:30,951 [grpc-default-executor-4] INFO  impl.FollowerInfo (FollowerInfo.java:lambda$new$0(51)) - 9a305e64-7592-4199-ba7e-8c2223e9b548@group-F4D747E15FF8->61021d77-0677-40a1-98e7-8ba643935ac0: nextIndex: updateUnconditionally 38 -> 37
2019-11-11 04:06:30,958 [grpc-default-executor-2] WARN  server.GrpcLogAppender (LogUtils.java:warn(134)) - 9a305e64-7592-4199-ba7e-8c2223e9b548@group-F4D747E15FF8->61021d77-0677-40a1-98e7-8ba643935ac0-AppendLogResponseHandler: Failed appendEntries: org.apache.ratis.thirdparty.io.grpc.StatusRuntimeException: UNAVAILABLE: io exception
2019-11-11 04:06:30,960 [grpc-default-executor-2] INFO  impl.FollowerInfo (FollowerInfo.java:lambda$new$0(51)) - 9a305e64-7592-4199-ba7e-8c2223e9b548@group-F4D747E15FF8->61021d77-0677-40a1-98e7-8ba643935ac0: nextIndex: updateUnconditionally 38 -> 37
2019-11-11 04:06:30,973 [grpc-default-executor-3] WARN  server.GrpcLogAppender (LogUtils.java:warn(134)) - 9a305e64-7592-4199-ba7e-8c2223e9b548@group-F4D747E15FF8->61021d77-0677-40a1-98e7-8ba643935ac0-AppendLogResponseHandler: Failed appendEntries: org.apache.ratis.thirdparty.io.grpc.StatusRuntimeException: UNAVAILABLE: io exception
2019-11-11 04:06:30,975 [grpc-default-executor-3] INFO  impl.FollowerInfo (FollowerInfo.java:lambda$new$0(51)) - 9a305e64-7592-4199-ba7e-8c2223e9b548@group-F4D747E15FF8->61021d77-0677-40a1-98e7-8ba643935ac0: nextIndex: updateUnconditionally 38 -> 37
2019-11-11 04:06:31,018 [grpc-default-executor-2] WARN  server.GrpcLogAppender (LogUtils.java:warn(134)) - c04805f0-1fdc-4096-9f0e-017639bb4de5@group-F66482D1AE22->61021d77-0677-40a1-98e7-8ba643935ac0-AppendLogResponseHandler: Failed appendEntries: org.apache.ratis.thirdparty.io.grpc.StatusRuntimeException: UNAVAILABLE: io exception
2019-11-11 04:06:31,021 [grpc-default-executor-2] INFO  impl.FollowerInfo (FollowerInfo.java:lambda$new$0(51)) - c04805f0-1fdc-4096-9f0e-017639bb4de5@group-F66482D1AE22->61021d77-0677-40a1-98e7-8ba643935ac0: nextIndex: updateUnconditionally 0 -> 0
2019-11-11 04:06:31,479 [grpc-default-executor-3] WARN  server.GrpcLogAppender (LogUtils.java:warn(134)) - 9a305e64-7592-4199-ba7e-8c2223e9b548@group-F4D747E15FF8->61021d77-0677-40a1-98e7-8ba643935ac0-AppendLogResponseHandler: Failed appendEntries: org.apache.ratis.thirdparty.io.grpc.StatusRuntimeException: UNAVAILABLE: io exception
2019-11-11 04:06:31,481 [grpc-default-executor-3] INFO  impl.FollowerInfo (FollowerInfo.java:lambda$new$0(51)) - 9a305e64-7592-4199-ba7e-8c2223e9b548@group-F4D747E15FF8->61021d77-0677-40a1-98e7-8ba643935ac0: nextIndex: updateUnconditionally 37 -> 36
2019-11-11 04:06:31,521 [grpc-default-executor-2] WARN  server.GrpcLogAppender (LogUtils.java:warn(134)) - c04805f0-1fdc-4096-9f0e-017639bb4de5@group-F66482D1AE22->61021d77-0677-40a1-98e7-8ba643935ac0-AppendLogResponseHandler: Failed appendEntries: org.apache.ratis.thirdparty.io.grpc.StatusRuntimeException: UNAVAILABLE: io exception
2019-11-11 04:06:31,523 [grpc-default-executor-2] INFO  impl.FollowerInfo (FollowerInfo.java:lambda$new$0(51)) - c04805f0-1fdc-4096-9f0e-017639bb4de5@group-F66482D1AE22->61021d77-0677-40a1-98e7-8ba643935ac0: nextIndex: updateUnconditionally 0 -> 0
2019-11-11 04:06:31,697 [Thread-350] INFO  impl.FollowerState (FollowerState.java:run(111)) - f4ab3ec0-fcec-4fb2-8953-e521da90d916@group-39D510FFD81F-FollowerState: change to CANDIDATE, lastRpcTime:1184ms, electionTimeout:1087ms
2019-11-11 04:06:31,697 [Thread-350] INFO  impl.RoleInfo (RoleInfo.java:shutdownFollowerState(121)) - f4ab3ec0-fcec-4fb2-8953-e521da90d916: shutdown FollowerState
2019-11-11 04:06:31,697 [Thread-350] INFO  impl.RaftServerImpl (RaftServerImpl.java:setRole(173)) - f4ab3ec0-fcec-4fb2-8953-e521da90d916@group-39D510FFD81F: changes role from  FOLLOWER to CANDIDATE at term 1 for changeToCandidate
2019-11-11 04:06:31,697 [Thread-350] INFO  impl.RoleInfo (RoleInfo.java:updateAndGet(143)) - f4ab3ec0-fcec-4fb2-8953-e521da90d916: start LeaderElection
2019-11-11 04:06:31,700 [f4ab3ec0-fcec-4fb2-8953-e521da90d916@group-39D510FFD81F-LeaderElection8] INFO  impl.RaftServerImpl (ServerState.java:setLeader(255)) - f4ab3ec0-fcec-4fb2-8953-e521da90d916@group-39D510FFD81F: change Leader from 61021d77-0677-40a1-98e7-8ba643935ac0 to null at term 1 for initElection
2019-11-11 04:06:31,715 [f4ab3ec0-fcec-4fb2-8953-e521da90d916@group-39D510FFD81F-LeaderElection8] INFO  impl.LeaderElection (LeaderElection.java:askForVotes(178)) - f4ab3ec0-fcec-4fb2-8953-e521da90d916@group-39D510FFD81F-LeaderElection8: begin an election at term 2 for 0: [61021d77-0677-40a1-98e7-8ba643935ac0:192.168.34.63:35377, 9a305e64-7592-4199-ba7e-8c2223e9b548:192.168.34.63:35969, f4ab3ec0-fcec-4fb2-8953-e521da90d916:192.168.34.63:41296], old=null
2019-11-11 04:06:31,719 [f4ab3ec0-fcec-4fb2-8953-e521da90d916@group-39D510FFD81F-LeaderElection8] INFO  impl.LeaderElection (LogUtils.java:infoOrTrace(149)) - f4ab3ec0-fcec-4fb2-8953-e521da90d916@group-39D510FFD81F-LeaderElection8 got exception when requesting votes: {}
java.util.concurrent.ExecutionException: org.apache.ratis.thirdparty.io.grpc.StatusRuntimeException: UNAVAILABLE: io exception
	at java.util.concurrent.FutureTask.report(FutureTask.java:122)
	at java.util.concurrent.FutureTask.get(FutureTask.java:192)
	at org.apache.ratis.server.impl.LeaderElection.waitForResults(LeaderElection.java:259)
	at org.apache.ratis.server.impl.LeaderElection.askForVotes(LeaderElection.java:197)
	at org.apache.ratis.server.impl.LeaderElection.run(LeaderElection.java:133)
	at java.lang.Thread.run(Thread.java:748)
Caused by: org.apache.ratis.thirdparty.io.grpc.StatusRuntimeException: UNAVAILABLE: io exception
	at org.apache.ratis.thirdparty.io.grpc.stub.ClientCalls.toStatusRuntimeException(ClientCalls.java:233)
	at org.apache.ratis.thirdparty.io.grpc.stub.ClientCalls.getUnchecked(ClientCalls.java:214)
	at org.apache.ratis.thirdparty.io.grpc.stub.ClientCalls.blockingUnaryCall(ClientCalls.java:139)
	at org.apache.ratis.proto.grpc.RaftServerProtocolServiceGrpc$RaftServerProtocolServiceBlockingStub.requestVote(RaftServerProtocolServiceGrpc.java:265)
	at org.apache.ratis.grpc.server.GrpcServerProtocolClient.requestVote(GrpcServerProtocolClient.java:99)
	at org.apache.ratis.grpc.server.GrpcService.requestVote(GrpcService.java:204)
	at org.apache.ratis.server.impl.LeaderElection.lambda$submitRequests$1(LeaderElection.java:234)
	at java.util.concurrent.FutureTask.run(FutureTask.java:266)
	at java.util.concurrent.Executors$RunnableAdapter.call(Executors.java:511)
	at java.util.concurrent.FutureTask.run(FutureTask.java:266)
	at java.util.concurrent.ThreadPoolExecutor.runWorker(ThreadPoolExecutor.java:1149)
	at java.util.concurrent.ThreadPoolExecutor$Worker.run(ThreadPoolExecutor.java:624)
	... 1 more
Caused by: org.apache.ratis.thirdparty.io.netty.channel.AbstractChannel$AnnotatedConnectException: Connection refused: /192.168.34.63:35377
	at sun.nio.ch.SocketChannelImpl.checkConnect(Native Method)
	at sun.nio.ch.SocketChannelImpl.finishConnect(SocketChannelImpl.java:717)
	at org.apache.ratis.thirdparty.io.netty.channel.socket.nio.NioSocketChannel.doFinishConnect(NioSocketChannel.java:327)
	at org.apache.ratis.thirdparty.io.netty.channel.nio.AbstractNioChannel$AbstractNioUnsafe.finishConnect(AbstractNioChannel.java:340)
	at org.apache.ratis.thirdparty.io.netty.channel.nio.NioEventLoop.processSelectedKey(NioEventLoop.java:632)
	at org.apache.ratis.thirdparty.io.netty.channel.nio.NioEventLoop.processSelectedKeysOptimized(NioEventLoop.java:579)
	at org.apache.ratis.thirdparty.io.netty.channel.nio.NioEventLoop.processSelectedKeys(NioEventLoop.java:496)
	at org.apache.ratis.thirdparty.io.netty.channel.nio.NioEventLoop.run(NioEventLoop.java:458)
	at org.apache.ratis.thirdparty.io.netty.util.concurrent.SingleThreadEventExecutor$5.run(SingleThreadEventExecutor.java:897)
	at org.apache.ratis.thirdparty.io.netty.util.concurrent.FastThreadLocalRunnable.run(FastThreadLocalRunnable.java:30)
	... 1 more
Caused by: java.net.ConnectException: Connection refused
	... 11 more
2019-11-11 04:06:31,721 [grpc-default-executor-2] INFO  impl.RaftServerImpl (ServerState.java:setLeader(255)) - 9a305e64-7592-4199-ba7e-8c2223e9b548@group-39D510FFD81F: change Leader from 61021d77-0677-40a1-98e7-8ba643935ac0 to null at term 2 for updateCurrentTerm
2019-11-11 04:06:31,724 [grpc-default-executor-2] INFO  impl.RaftServerImpl (RaftServerImpl.java:setRole(173)) - 9a305e64-7592-4199-ba7e-8c2223e9b548@group-39D510FFD81F: changes role from  FOLLOWER to FOLLOWER at term 2 for recognizeCandidate:f4ab3ec0-fcec-4fb2-8953-e521da90d916
2019-11-11 04:06:31,724 [grpc-default-executor-2] INFO  impl.RoleInfo (RoleInfo.java:shutdownFollowerState(121)) - 9a305e64-7592-4199-ba7e-8c2223e9b548: shutdown FollowerState
2019-11-11 04:06:31,724 [Thread-353] INFO  impl.FollowerState (FollowerState.java:run(120)) - 9a305e64-7592-4199-ba7e-8c2223e9b548@group-39D510FFD81F-FollowerState was interrupted: java.lang.InterruptedException: sleep interrupted
2019-11-11 04:06:31,724 [grpc-default-executor-2] INFO  impl.RoleInfo (RoleInfo.java:updateAndGet(143)) - 9a305e64-7592-4199-ba7e-8c2223e9b548: start FollowerState
2019-11-11 04:06:31,742 [f4ab3ec0-fcec-4fb2-8953-e521da90d916@group-39D510FFD81F-LeaderElection8] INFO  impl.LeaderElection (LeaderElection.java:logAndReturn(56)) - f4ab3ec0-fcec-4fb2-8953-e521da90d916@group-39D510FFD81F-LeaderElection8: Election PASSED; received 1 response(s) [f4ab3ec0-fcec-4fb2-8953-e521da90d916<-9a305e64-7592-4199-ba7e-8c2223e9b548#0:OK-t2] and 1 exception(s); f4ab3ec0-fcec-4fb2-8953-e521da90d916@group-39D510FFD81F:t2, leader=null, voted=f4ab3ec0-fcec-4fb2-8953-e521da90d916, raftlog=f4ab3ec0-fcec-4fb2-8953-e521da90d916@group-39D510FFD81F-SegmentedRaftLog:OPENED:c0,f0,i0, conf=0: [61021d77-0677-40a1-98e7-8ba643935ac0:192.168.34.63:35377, 9a305e64-7592-4199-ba7e-8c2223e9b548:192.168.34.63:35969, f4ab3ec0-fcec-4fb2-8953-e521da90d916:192.168.34.63:41296], old=null
2019-11-11 04:06:31,742 [f4ab3ec0-fcec-4fb2-8953-e521da90d916@group-39D510FFD81F-LeaderElection8] INFO  impl.LeaderElection (LogUtils.java:infoOrTrace(149)) -   Exception 0: {}
java.util.concurrent.ExecutionException: org.apache.ratis.thirdparty.io.grpc.StatusRuntimeException: UNAVAILABLE: io exception
	at java.util.concurrent.FutureTask.report(FutureTask.java:122)
	at java.util.concurrent.FutureTask.get(FutureTask.java:192)
	at org.apache.ratis.server.impl.LeaderElection.waitForResults(LeaderElection.java:259)
	at org.apache.ratis.server.impl.LeaderElection.askForVotes(LeaderElection.java:197)
	at org.apache.ratis.server.impl.LeaderElection.run(LeaderElection.java:133)
	at java.lang.Thread.run(Thread.java:748)
Caused by: org.apache.ratis.thirdparty.io.grpc.StatusRuntimeException: UNAVAILABLE: io exception
	at org.apache.ratis.thirdparty.io.grpc.stub.ClientCalls.toStatusRuntimeException(ClientCalls.java:233)
	at org.apache.ratis.thirdparty.io.grpc.stub.ClientCalls.getUnchecked(ClientCalls.java:214)
	at org.apache.ratis.thirdparty.io.grpc.stub.ClientCalls.blockingUnaryCall(ClientCalls.java:139)
	at org.apache.ratis.proto.grpc.RaftServerProtocolServiceGrpc$RaftServerProtocolServiceBlockingStub.requestVote(RaftServerProtocolServiceGrpc.java:265)
	at org.apache.ratis.grpc.server.GrpcServerProtocolClient.requestVote(GrpcServerProtocolClient.java:99)
	at org.apache.ratis.grpc.server.GrpcService.requestVote(GrpcService.java:204)
	at org.apache.ratis.server.impl.LeaderElection.lambda$submitRequests$1(LeaderElection.java:234)
	at java.util.concurrent.FutureTask.run(FutureTask.java:266)
	at java.util.concurrent.Executors$RunnableAdapter.call(Executors.java:511)
	at java.util.concurrent.FutureTask.run(FutureTask.java:266)
	at java.util.concurrent.ThreadPoolExecutor.runWorker(ThreadPoolExecutor.java:1149)
	at java.util.concurrent.ThreadPoolExecutor$Worker.run(ThreadPoolExecutor.java:624)
	... 1 more
Caused by: org.apache.ratis.thirdparty.io.netty.channel.AbstractChannel$AnnotatedConnectException: Connection refused: /192.168.34.63:35377
	at sun.nio.ch.SocketChannelImpl.checkConnect(Native Method)
	at sun.nio.ch.SocketChannelImpl.finishConnect(SocketChannelImpl.java:717)
	at org.apache.ratis.thirdparty.io.netty.channel.socket.nio.NioSocketChannel.doFinishConnect(NioSocketChannel.java:327)
	at org.apache.ratis.thirdparty.io.netty.channel.nio.AbstractNioChannel$AbstractNioUnsafe.finishConnect(AbstractNioChannel.java:340)
	at org.apache.ratis.thirdparty.io.netty.channel.nio.NioEventLoop.processSelectedKey(NioEventLoop.java:632)
	at org.apache.ratis.thirdparty.io.netty.channel.nio.NioEventLoop.processSelectedKeysOptimized(NioEventLoop.java:579)
	at org.apache.ratis.thirdparty.io.netty.channel.nio.NioEventLoop.processSelectedKeys(NioEventLoop.java:496)
	at org.apache.ratis.thirdparty.io.netty.channel.nio.NioEventLoop.run(NioEventLoop.java:458)
	at org.apache.ratis.thirdparty.io.netty.util.concurrent.SingleThreadEventExecutor$5.run(SingleThreadEventExecutor.java:897)
	at org.apache.ratis.thirdparty.io.netty.util.concurrent.FastThreadLocalRunnable.run(FastThreadLocalRunnable.java:30)
	... 1 more
Caused by: java.net.ConnectException: Connection refused
	... 11 more
2019-11-11 04:06:31,743 [f4ab3ec0-fcec-4fb2-8953-e521da90d916@group-39D510FFD81F-LeaderElection8] INFO  impl.RoleInfo (RoleInfo.java:shutdownLeaderElection(134)) - f4ab3ec0-fcec-4fb2-8953-e521da90d916: shutdown LeaderElection
2019-11-11 04:06:31,745 [f4ab3ec0-fcec-4fb2-8953-e521da90d916@group-39D510FFD81F-LeaderElection8] INFO  impl.RaftServerImpl (RaftServerImpl.java:setRole(173)) - f4ab3ec0-fcec-4fb2-8953-e521da90d916@group-39D510FFD81F: changes role from CANDIDATE to LEADER at term 2 for changeToLeader
2019-11-11 04:06:31,745 [f4ab3ec0-fcec-4fb2-8953-e521da90d916@group-39D510FFD81F-LeaderElection8] INFO  impl.RaftServerImpl (ServerState.java:setLeader(255)) - f4ab3ec0-fcec-4fb2-8953-e521da90d916@group-39D510FFD81F: change Leader from null to f4ab3ec0-fcec-4fb2-8953-e521da90d916 at term 2 for becomeLeader, leader elected after 45ms
2019-11-11 04:06:31,747 [f4ab3ec0-fcec-4fb2-8953-e521da90d916@group-39D510FFD81F-LeaderElection8] INFO  server.RaftServerConfigKeys (ConfUtils.java:logGet(43)) - raft.server.staging.catchup.gap = 1000 (default)
2019-11-11 04:06:31,747 [f4ab3ec0-fcec-4fb2-8953-e521da90d916@group-39D510FFD81F-LeaderElection8] INFO  server.RaftServerConfigKeys (ConfUtils.java:logGet(43)) - raft.server.rpc.sleep.time = 25ms (default)
2019-11-11 04:06:31,747 [f4ab3ec0-fcec-4fb2-8953-e521da90d916@group-39D510FFD81F-LeaderElection8] INFO  server.RaftServerConfigKeys (ConfUtils.java:logGet(43)) - raft.server.write.element-limit = 4096 (default)
2019-11-11 04:06:31,748 [f4ab3ec0-fcec-4fb2-8953-e521da90d916@group-39D510FFD81F-LeaderElection8] INFO  server.RaftServerConfigKeys (ConfUtils.java:logGet(43)) - raft.server.watch.timeout = 10s (default)
2019-11-11 04:06:31,748 [f4ab3ec0-fcec-4fb2-8953-e521da90d916@group-39D510FFD81F-LeaderElection8] INFO  server.RaftServerConfigKeys (ConfUtils.java:logGet(43)) - raft.server.watch.timeout.denomination = 1s (default)
2019-11-11 04:06:31,748 [f4ab3ec0-fcec-4fb2-8953-e521da90d916@group-39D510FFD81F-LeaderElection8] INFO  server.RaftServerConfigKeys (ConfUtils.java:logGet(43)) - raft.server.watch.element-limit = 65536 (default)
2019-11-11 04:06:31,748 [f4ab3ec0-fcec-4fb2-8953-e521da90d916@group-39D510FFD81F-LeaderElection8] INFO  server.RaftServerConfigKeys (ConfUtils.java:logGet(43)) - raft.server.log.appender.snapshot.chunk.size.max = 16MB (=16777216) (default)
2019-11-11 04:06:31,748 [f4ab3ec0-fcec-4fb2-8953-e521da90d916@group-39D510FFD81F-LeaderElection8] INFO  server.RaftServerConfigKeys (ConfUtils.java:logGet(43)) - raft.server.log.appender.buffer.byte-limit = 33554432 (custom)
2019-11-11 04:06:31,749 [f4ab3ec0-fcec-4fb2-8953-e521da90d916@group-39D510FFD81F-LeaderElection8] INFO  server.RaftServerConfigKeys (ConfUtils.java:logGet(43)) - raft.server.log.appender.buffer.element-limit = 1 (custom)
2019-11-11 04:06:31,749 [f4ab3ec0-fcec-4fb2-8953-e521da90d916@group-39D510FFD81F-LeaderElection8] INFO  grpc.GrpcConfigKeys$Server (ConfUtils.java:logGet(43)) - raft.grpc.server.leader.outstanding.appends.max = 128 (default)
2019-11-11 04:06:31,749 [f4ab3ec0-fcec-4fb2-8953-e521da90d916@group-39D510FFD81F-LeaderElection8] INFO  server.RaftServerConfigKeys (ConfUtils.java:logGet(43)) - raft.server.rpc.request.timeout = 3000ms (default)
2019-11-11 04:06:31,749 [f4ab3ec0-fcec-4fb2-8953-e521da90d916@group-39D510FFD81F-LeaderElection8] INFO  server.RaftServerConfigKeys (ConfUtils.java:logGet(43)) - raft.server.log.appender.install.snapshot.enabled = false (custom)
2019-11-11 04:06:31,750 [f4ab3ec0-fcec-4fb2-8953-e521da90d916@group-39D510FFD81F-LeaderElection8] WARN  impl.MetricRegistriesImpl (MetricRegistriesImpl.java:lambda$create$1(61)) - First MetricRegistry has been created without registering reporters. You may need to call MetricRegistries.global().addReportRegistration(...) before.
2019-11-11 04:06:31,750 [f4ab3ec0-fcec-4fb2-8953-e521da90d916@group-39D510FFD81F-LeaderElection8] INFO  server.RaftServerConfigKeys (ConfUtils.java:logGet(43)) - raft.server.log.appender.snapshot.chunk.size.max = 16MB (=16777216) (default)
2019-11-11 04:06:31,750 [f4ab3ec0-fcec-4fb2-8953-e521da90d916@group-39D510FFD81F-LeaderElection8] INFO  server.RaftServerConfigKeys (ConfUtils.java:logGet(43)) - raft.server.log.appender.buffer.byte-limit = 33554432 (custom)
2019-11-11 04:06:31,750 [f4ab3ec0-fcec-4fb2-8953-e521da90d916@group-39D510FFD81F-LeaderElection8] INFO  server.RaftServerConfigKeys (ConfUtils.java:logGet(43)) - raft.server.log.appender.buffer.element-limit = 1 (custom)
2019-11-11 04:06:31,751 [f4ab3ec0-fcec-4fb2-8953-e521da90d916@group-39D510FFD81F-LeaderElection8] INFO  grpc.GrpcConfigKeys$Server (ConfUtils.java:logGet(43)) - raft.grpc.server.leader.outstanding.appends.max = 128 (default)
2019-11-11 04:06:31,751 [f4ab3ec0-fcec-4fb2-8953-e521da90d916@group-39D510FFD81F-LeaderElection8] INFO  server.RaftServerConfigKeys (ConfUtils.java:logGet(43)) - raft.server.rpc.request.timeout = 3000ms (default)
2019-11-11 04:06:31,751 [f4ab3ec0-fcec-4fb2-8953-e521da90d916@group-39D510FFD81F-LeaderElection8] INFO  server.RaftServerConfigKeys (ConfUtils.java:logGet(43)) - raft.server.log.appender.install.snapshot.enabled = false (custom)
2019-11-11 04:06:31,751 [f4ab3ec0-fcec-4fb2-8953-e521da90d916@group-39D510FFD81F-LeaderElection8] INFO  impl.RoleInfo (RoleInfo.java:updateAndGet(143)) - f4ab3ec0-fcec-4fb2-8953-e521da90d916: start LeaderState
2019-11-11 04:06:31,752 [f4ab3ec0-fcec-4fb2-8953-e521da90d916@group-39D510FFD81F-LeaderElection8] INFO  segmented.SegmentedRaftLogWorker (SegmentedRaftLogWorker.java:rollLogSegment(390)) - f4ab3ec0-fcec-4fb2-8953-e521da90d916@group-39D510FFD81F-SegmentedRaftLogWorker: Rolling segment log-0_0 to index:0
2019-11-11 04:06:31,754 [f4ab3ec0-fcec-4fb2-8953-e521da90d916@group-39D510FFD81F-LeaderElection8] INFO  impl.RaftServerImpl (ServerState.java:setRaftConf(356)) - f4ab3ec0-fcec-4fb2-8953-e521da90d916@group-39D510FFD81F: set configuration 1: [61021d77-0677-40a1-98e7-8ba643935ac0:192.168.34.63:35377, 9a305e64-7592-4199-ba7e-8c2223e9b548:192.168.34.63:35969, f4ab3ec0-fcec-4fb2-8953-e521da90d916:192.168.34.63:41296], old=null at 1
2019-11-11 04:06:31,756 [f4ab3ec0-fcec-4fb2-8953-e521da90d916@group-39D510FFD81F-SegmentedRaftLogWorker] INFO  segmented.SegmentedRaftLogWorker (SegmentedRaftLogWorker.java:execute(533)) - f4ab3ec0-fcec-4fb2-8953-e521da90d916@group-39D510FFD81F-SegmentedRaftLogWorker: Rolled log segment from /workdir/hadoop-ozone/integration-test/target/test-dir/MiniOzoneClusterImpl-6985d1c7-7309-41e2-b49d-91e186e08ffa/datanode-5/data/ratis/d517d0ef-3a8f-4404-aa3a-39d510ffd81f/current/log_inprogress_0 to /workdir/hadoop-ozone/integration-test/target/test-dir/MiniOzoneClusterImpl-6985d1c7-7309-41e2-b49d-91e186e08ffa/datanode-5/data/ratis/d517d0ef-3a8f-4404-aa3a-39d510ffd81f/current/log_0-0
2019-11-11 04:06:31,758 [grpc-default-executor-2] WARN  server.GrpcLogAppender (LogUtils.java:warn(134)) - f4ab3ec0-fcec-4fb2-8953-e521da90d916@group-39D510FFD81F->61021d77-0677-40a1-98e7-8ba643935ac0-AppendLogResponseHandler: Failed appendEntries: org.apache.ratis.thirdparty.io.grpc.StatusRuntimeException: UNAVAILABLE: io exception
2019-11-11 04:06:31,760 [grpc-default-executor-2] INFO  impl.FollowerInfo (FollowerInfo.java:lambda$new$0(51)) - f4ab3ec0-fcec-4fb2-8953-e521da90d916@group-39D510FFD81F->61021d77-0677-40a1-98e7-8ba643935ac0: nextIndex: updateUnconditionally 1 -> 0
2019-11-11 04:06:31,761 [grpc-default-executor-2] INFO  impl.RaftServerImpl (ServerState.java:setLeader(255)) - 9a305e64-7592-4199-ba7e-8c2223e9b548@group-39D510FFD81F: change Leader from null to f4ab3ec0-fcec-4fb2-8953-e521da90d916 at term 2 for appendEntries, leader elected after 40ms
2019-11-11 04:06:31,764 [grpc-default-executor-2] INFO  impl.RaftServerImpl (ServerState.java:setRaftConf(356)) - 9a305e64-7592-4199-ba7e-8c2223e9b548@group-39D510FFD81F: set configuration 1: [61021d77-0677-40a1-98e7-8ba643935ac0:192.168.34.63:35377, 9a305e64-7592-4199-ba7e-8c2223e9b548:192.168.34.63:35969, f4ab3ec0-fcec-4fb2-8953-e521da90d916:192.168.34.63:41296], old=null at 1
2019-11-11 04:06:31,765 [grpc-default-executor-2] INFO  segmented.SegmentedRaftLogWorker (SegmentedRaftLogWorker.java:rollLogSegment(390)) - 9a305e64-7592-4199-ba7e-8c2223e9b548@group-39D510FFD81F-SegmentedRaftLogWorker: Rolling segment log-0_0 to index:0
2019-11-11 04:06:31,765 [9a305e64-7592-4199-ba7e-8c2223e9b548@group-39D510FFD81F-SegmentedRaftLogWorker] INFO  segmented.SegmentedRaftLogWorker (SegmentedRaftLogWorker.java:execute(533)) - 9a305e64-7592-4199-ba7e-8c2223e9b548@group-39D510FFD81F-SegmentedRaftLogWorker: Rolled log segment from /workdir/hadoop-ozone/integration-test/target/test-dir/MiniOzoneClusterImpl-6985d1c7-7309-41e2-b49d-91e186e08ffa/datanode-7/data/ratis/d517d0ef-3a8f-4404-aa3a-39d510ffd81f/current/log_inprogress_0 to /workdir/hadoop-ozone/integration-test/target/test-dir/MiniOzoneClusterImpl-6985d1c7-7309-41e2-b49d-91e186e08ffa/datanode-7/data/ratis/d517d0ef-3a8f-4404-aa3a-39d510ffd81f/current/log_0-0
2019-11-11 04:06:31,807 [f4ab3ec0-fcec-4fb2-8953-e521da90d916@group-39D510FFD81F-SegmentedRaftLogWorker] INFO  segmented.SegmentedRaftLogWorker (SegmentedRaftLogWorker.java:execute(576)) - f4ab3ec0-fcec-4fb2-8953-e521da90d916@group-39D510FFD81F-SegmentedRaftLogWorker: created new log segment /workdir/hadoop-ozone/integration-test/target/test-dir/MiniOzoneClusterImpl-6985d1c7-7309-41e2-b49d-91e186e08ffa/datanode-5/data/ratis/d517d0ef-3a8f-4404-aa3a-39d510ffd81f/current/log_inprogress_1
2019-11-11 04:06:31,839 [9a305e64-7592-4199-ba7e-8c2223e9b548@group-39D510FFD81F-SegmentedRaftLogWorker] INFO  segmented.SegmentedRaftLogWorker (SegmentedRaftLogWorker.java:execute(576)) - 9a305e64-7592-4199-ba7e-8c2223e9b548@group-39D510FFD81F-SegmentedRaftLogWorker: created new log segment /workdir/hadoop-ozone/integration-test/target/test-dir/MiniOzoneClusterImpl-6985d1c7-7309-41e2-b49d-91e186e08ffa/datanode-7/data/ratis/d517d0ef-3a8f-4404-aa3a-39d510ffd81f/current/log_inprogress_1
2019-11-11 04:06:31,862 [grpc-default-executor-3] WARN  server.GrpcLogAppender (LogUtils.java:warn(134)) - f4ab3ec0-fcec-4fb2-8953-e521da90d916@group-39D510FFD81F->61021d77-0677-40a1-98e7-8ba643935ac0-AppendLogResponseHandler: Failed appendEntries: org.apache.ratis.thirdparty.io.grpc.StatusRuntimeException: UNAVAILABLE: io exception
2019-11-11 04:06:31,865 [grpc-default-executor-3] INFO  impl.FollowerInfo (FollowerInfo.java:lambda$new$0(51)) - f4ab3ec0-fcec-4fb2-8953-e521da90d916@group-39D510FFD81F->61021d77-0677-40a1-98e7-8ba643935ac0: nextIndex: updateUnconditionally 1 -> 0
2019-11-11 04:06:31,873 [grpc-default-executor-2] WARN  server.GrpcLogAppender (LogUtils.java:warn(134)) - f4ab3ec0-fcec-4fb2-8953-e521da90d916@group-39D510FFD81F->61021d77-0677-40a1-98e7-8ba643935ac0-AppendLogResponseHandler: Failed appendEntries: org.apache.ratis.thirdparty.io.grpc.StatusRuntimeException: UNAVAILABLE: io exception
2019-11-11 04:06:31,875 [grpc-default-executor-2] INFO  impl.FollowerInfo (FollowerInfo.java:lambda$new$0(51)) - f4ab3ec0-fcec-4fb2-8953-e521da90d916@group-39D510FFD81F->61021d77-0677-40a1-98e7-8ba643935ac0: nextIndex: updateUnconditionally 1 -> 0
2019-11-11 04:06:31,981 [grpc-default-executor-4] WARN  server.GrpcLogAppender (LogUtils.java:warn(134)) - 9a305e64-7592-4199-ba7e-8c2223e9b548@group-F4D747E15FF8->61021d77-0677-40a1-98e7-8ba643935ac0-AppendLogResponseHandler: Failed appendEntries: org.apache.ratis.thirdparty.io.grpc.StatusRuntimeException: UNAVAILABLE: io exception
2019-11-11 04:06:31,983 [grpc-default-executor-4] INFO  impl.FollowerInfo (FollowerInfo.java:lambda$new$0(51)) - 9a305e64-7592-4199-ba7e-8c2223e9b548@group-F4D747E15FF8->61021d77-0677-40a1-98e7-8ba643935ac0: nextIndex: updateUnconditionally 36 -> 35
2019-11-11 04:06:32,024 [grpc-default-executor-3] WARN  server.GrpcLogAppender (LogUtils.java:warn(134)) - c04805f0-1fdc-4096-9f0e-017639bb4de5@group-F66482D1AE22->61021d77-0677-40a1-98e7-8ba643935ac0-AppendLogResponseHandler: Failed appendEntries: org.apache.ratis.thirdparty.io.grpc.StatusRuntimeException: UNAVAILABLE: io exception
2019-11-11 04:06:32,026 [grpc-default-executor-3] INFO  impl.FollowerInfo (FollowerInfo.java:lambda$new$0(51)) - c04805f0-1fdc-4096-9f0e-017639bb4de5@group-F66482D1AE22->61021d77-0677-40a1-98e7-8ba643935ac0: nextIndex: updateUnconditionally 0 -> 0
2019-11-11 04:06:32,378 [grpc-default-executor-2] WARN  server.GrpcLogAppender (LogUtils.java:warn(134)) - f4ab3ec0-fcec-4fb2-8953-e521da90d916@group-39D510FFD81F->61021d77-0677-40a1-98e7-8ba643935ac0-AppendLogResponseHandler: Failed appendEntries: org.apache.ratis.thirdparty.io.grpc.StatusRuntimeException: UNAVAILABLE: io exception
2019-11-11 04:06:32,380 [grpc-default-executor-2] INFO  impl.FollowerInfo (FollowerInfo.java:lambda$new$0(51)) - f4ab3ec0-fcec-4fb2-8953-e521da90d916@group-39D510FFD81F->61021d77-0677-40a1-98e7-8ba643935ac0: nextIndex: updateUnconditionally 0 -> 0
2019-11-11 04:06:32,481 [grpc-default-executor-4] WARN  server.GrpcLogAppender (LogUtils.java:warn(134)) - 9a305e64-7592-4199-ba7e-8c2223e9b548@group-F4D747E15FF8->61021d77-0677-40a1-98e7-8ba643935ac0-AppendLogResponseHandler: Failed appendEntries: org.apache.ratis.thirdparty.io.grpc.StatusRuntimeException: UNAVAILABLE: io exception
2019-11-11 04:06:32,491 [grpc-default-executor-4] INFO  impl.FollowerInfo (FollowerInfo.java:lambda$new$0(51)) - 9a305e64-7592-4199-ba7e-8c2223e9b548@group-F4D747E15FF8->61021d77-0677-40a1-98e7-8ba643935ac0: nextIndex: updateUnconditionally 35 -> 34
2019-11-11 04:06:32,527 [grpc-default-executor-2] WARN  server.GrpcLogAppender (LogUtils.java:warn(134)) - c04805f0-1fdc-4096-9f0e-017639bb4de5@group-F66482D1AE22->61021d77-0677-40a1-98e7-8ba643935ac0-AppendLogResponseHandler: Failed appendEntries: org.apache.ratis.thirdparty.io.grpc.StatusRuntimeException: UNAVAILABLE: io exception
2019-11-11 04:06:32,530 [grpc-default-executor-2] INFO  impl.FollowerInfo (FollowerInfo.java:lambda$new$0(51)) - c04805f0-1fdc-4096-9f0e-017639bb4de5@group-F66482D1AE22->61021d77-0677-40a1-98e7-8ba643935ac0: nextIndex: updateUnconditionally 0 -> 0
2019-11-11 04:06:32,880 [grpc-default-executor-4] WARN  server.GrpcLogAppender (LogUtils.java:warn(134)) - f4ab3ec0-fcec-4fb2-8953-e521da90d916@group-39D510FFD81F->61021d77-0677-40a1-98e7-8ba643935ac0-AppendLogResponseHandler: Failed appendEntries: org.apache.ratis.thirdparty.io.grpc.StatusRuntimeException: UNAVAILABLE: io exception
2019-11-11 04:06:32,882 [grpc-default-executor-4] INFO  impl.FollowerInfo (FollowerInfo.java:lambda$new$0(51)) - f4ab3ec0-fcec-4fb2-8953-e521da90d916@group-39D510FFD81F->61021d77-0677-40a1-98e7-8ba643935ac0: nextIndex: updateUnconditionally 0 -> 0
2019-11-11 04:06:32,986 [grpc-default-executor-3] WARN  server.GrpcLogAppender (LogUtils.java:warn(134)) - 9a305e64-7592-4199-ba7e-8c2223e9b548@group-F4D747E15FF8->61021d77-0677-40a1-98e7-8ba643935ac0-AppendLogResponseHandler: Failed appendEntries: org.apache.ratis.thirdparty.io.grpc.StatusRuntimeException: UNAVAILABLE: io exception
2019-11-11 04:06:32,988 [grpc-default-executor-3] INFO  impl.FollowerInfo (FollowerInfo.java:lambda$new$0(51)) - 9a305e64-7592-4199-ba7e-8c2223e9b548@group-F4D747E15FF8->61021d77-0677-40a1-98e7-8ba643935ac0: nextIndex: updateUnconditionally 34 -> 33
2019-11-11 04:06:33,031 [grpc-default-executor-4] WARN  server.GrpcLogAppender (LogUtils.java:warn(134)) - c04805f0-1fdc-4096-9f0e-017639bb4de5@group-F66482D1AE22->61021d77-0677-40a1-98e7-8ba643935ac0-AppendLogResponseHandler: Failed appendEntries: org.apache.ratis.thirdparty.io.grpc.StatusRuntimeException: UNAVAILABLE: io exception
2019-11-11 04:06:33,039 [grpc-default-executor-4] INFO  impl.FollowerInfo (FollowerInfo.java:lambda$new$0(51)) - c04805f0-1fdc-4096-9f0e-017639bb4de5@group-F66482D1AE22->61021d77-0677-40a1-98e7-8ba643935ac0: nextIndex: updateUnconditionally 0 -> 0
2019-11-11 04:06:33,400 [grpc-default-executor-3] WARN  server.GrpcLogAppender (LogUtils.java:warn(134)) - f4ab3ec0-fcec-4fb2-8953-e521da90d916@group-39D510FFD81F->61021d77-0677-40a1-98e7-8ba643935ac0-AppendLogResponseHandler: Failed appendEntries: org.apache.ratis.thirdparty.io.grpc.StatusRuntimeException: UNAVAILABLE: io exception
2019-11-11 04:06:33,403 [grpc-default-executor-3] INFO  impl.FollowerInfo (FollowerInfo.java:lambda$new$0(51)) - f4ab3ec0-fcec-4fb2-8953-e521da90d916@group-39D510FFD81F->61021d77-0677-40a1-98e7-8ba643935ac0: nextIndex: updateUnconditionally 0 -> 0
2019-11-11 04:06:33,503 [grpc-default-executor-2] WARN  server.GrpcLogAppender (LogUtils.java:warn(134)) - 9a305e64-7592-4199-ba7e-8c2223e9b548@group-F4D747E15FF8->61021d77-0677-40a1-98e7-8ba643935ac0-AppendLogResponseHandler: Failed appendEntries: org.apache.ratis.thirdparty.io.grpc.StatusRuntimeException: UNAVAILABLE: io exception
2019-11-11 04:06:33,506 [grpc-default-executor-2] INFO  impl.FollowerInfo (FollowerInfo.java:lambda$new$0(51)) - 9a305e64-7592-4199-ba7e-8c2223e9b548@group-F4D747E15FF8->61021d77-0677-40a1-98e7-8ba643935ac0: nextIndex: updateUnconditionally 33 -> 32
2019-11-11 04:06:33,532 [grpc-default-executor-4] WARN  server.GrpcLogAppender (LogUtils.java:warn(134)) - c04805f0-1fdc-4096-9f0e-017639bb4de5@group-F66482D1AE22->61021d77-0677-40a1-98e7-8ba643935ac0-AppendLogResponseHandler: Failed appendEntries: org.apache.ratis.thirdparty.io.grpc.StatusRuntimeException: UNAVAILABLE: io exception
2019-11-11 04:06:33,535 [grpc-default-executor-4] INFO  impl.FollowerInfo (FollowerInfo.java:lambda$new$0(51)) - c04805f0-1fdc-4096-9f0e-017639bb4de5@group-F66482D1AE22->61021d77-0677-40a1-98e7-8ba643935ac0: nextIndex: updateUnconditionally 0 -> 0
2019-11-11 04:06:33,901 [grpc-default-executor-2] WARN  server.GrpcLogAppender (LogUtils.java:warn(134)) - f4ab3ec0-fcec-4fb2-8953-e521da90d916@group-39D510FFD81F->61021d77-0677-40a1-98e7-8ba643935ac0-AppendLogResponseHandler: Failed appendEntries: org.apache.ratis.thirdparty.io.grpc.StatusRuntimeException: UNAVAILABLE: io exception
2019-11-11 04:06:33,905 [grpc-default-executor-2] INFO  impl.FollowerInfo (FollowerInfo.java:lambda$new$0(51)) - f4ab3ec0-fcec-4fb2-8953-e521da90d916@group-39D510FFD81F->61021d77-0677-40a1-98e7-8ba643935ac0: nextIndex: updateUnconditionally 0 -> 0
2019-11-11 04:06:33,988 [grpc-default-executor-3] WARN  server.GrpcLogAppender (LogUtils.java:warn(134)) - 9a305e64-7592-4199-ba7e-8c2223e9b548@group-F4D747E15FF8->61021d77-0677-40a1-98e7-8ba643935ac0-AppendLogResponseHandler: Failed appendEntries: org.apache.ratis.thirdparty.io.grpc.StatusRuntimeException: UNAVAILABLE: io exception
2019-11-11 04:06:33,991 [grpc-default-executor-3] INFO  impl.FollowerInfo (FollowerInfo.java:lambda$new$0(51)) - 9a305e64-7592-4199-ba7e-8c2223e9b548@group-F4D747E15FF8->61021d77-0677-40a1-98e7-8ba643935ac0: nextIndex: updateUnconditionally 32 -> 31
2019-11-11 04:06:34,033 [grpc-default-executor-3] WARN  server.GrpcLogAppender (LogUtils.java:warn(134)) - c04805f0-1fdc-4096-9f0e-017639bb4de5@group-F66482D1AE22->61021d77-0677-40a1-98e7-8ba643935ac0-AppendLogResponseHandler: Failed appendEntries: org.apache.ratis.thirdparty.io.grpc.StatusRuntimeException: UNAVAILABLE: io exception
2019-11-11 04:06:34,037 [grpc-default-executor-3] INFO  impl.FollowerInfo (FollowerInfo.java:lambda$new$0(51)) - c04805f0-1fdc-4096-9f0e-017639bb4de5@group-F66482D1AE22->61021d77-0677-40a1-98e7-8ba643935ac0: nextIndex: updateUnconditionally 0 -> 0
2019-11-11 04:06:34,402 [grpc-default-executor-2] WARN  server.GrpcLogAppender (LogUtils.java:warn(134)) - f4ab3ec0-fcec-4fb2-8953-e521da90d916@group-39D510FFD81F->61021d77-0677-40a1-98e7-8ba643935ac0-AppendLogResponseHandler: Failed appendEntries: org.apache.ratis.thirdparty.io.grpc.StatusRuntimeException: UNAVAILABLE: io exception
2019-11-11 04:06:34,405 [grpc-default-executor-2] INFO  impl.FollowerInfo (FollowerInfo.java:lambda$new$0(51)) - f4ab3ec0-fcec-4fb2-8953-e521da90d916@group-39D510FFD81F->61021d77-0677-40a1-98e7-8ba643935ac0: nextIndex: updateUnconditionally 0 -> 0
2019-11-11 04:06:34,488 [grpc-default-executor-3] WARN  server.GrpcLogAppender (LogUtils.java:warn(134)) - 9a305e64-7592-4199-ba7e-8c2223e9b548@group-F4D747E15FF8->61021d77-0677-40a1-98e7-8ba643935ac0-AppendLogResponseHandler: Failed appendEntries: org.apache.ratis.thirdparty.io.grpc.StatusRuntimeException: UNAVAILABLE: io exception
2019-11-11 04:06:34,491 [grpc-default-executor-3] INFO  impl.FollowerInfo (FollowerInfo.java:lambda$new$0(51)) - 9a305e64-7592-4199-ba7e-8c2223e9b548@group-F4D747E15FF8->61021d77-0677-40a1-98e7-8ba643935ac0: nextIndex: updateUnconditionally 31 -> 30
2019-11-11 04:06:34,534 [grpc-default-executor-4] WARN  server.GrpcLogAppender (LogUtils.java:warn(134)) - c04805f0-1fdc-4096-9f0e-017639bb4de5@group-F66482D1AE22->61021d77-0677-40a1-98e7-8ba643935ac0-AppendLogResponseHandler: Failed appendEntries: org.apache.ratis.thirdparty.io.grpc.StatusRuntimeException: UNAVAILABLE: io exception
2019-11-11 04:06:34,537 [grpc-default-executor-4] INFO  impl.FollowerInfo (FollowerInfo.java:lambda$new$0(51)) - c04805f0-1fdc-4096-9f0e-017639bb4de5@group-F66482D1AE22->61021d77-0677-40a1-98e7-8ba643935ac0: nextIndex: updateUnconditionally 0 -> 0
2019-11-11 04:06:34,903 [grpc-default-executor-2] WARN  server.GrpcLogAppender (LogUtils.java:warn(134)) - f4ab3ec0-fcec-4fb2-8953-e521da90d916@group-39D510FFD81F->61021d77-0677-40a1-98e7-8ba643935ac0-AppendLogResponseHandler: Failed appendEntries: org.apache.ratis.thirdparty.io.grpc.StatusRuntimeException: UNAVAILABLE: io exception
2019-11-11 04:06:34,907 [grpc-default-executor-2] INFO  impl.FollowerInfo (FollowerInfo.java:lambda$new$0(51)) - f4ab3ec0-fcec-4fb2-8953-e521da90d916@group-39D510FFD81F->61021d77-0677-40a1-98e7-8ba643935ac0: nextIndex: updateUnconditionally 0 -> 0
2019-11-11 04:06:34,990 [grpc-default-executor-2] WARN  server.GrpcLogAppender (LogUtils.java:warn(134)) - 9a305e64-7592-4199-ba7e-8c2223e9b548@group-F4D747E15FF8->61021d77-0677-40a1-98e7-8ba643935ac0-AppendLogResponseHandler: Failed appendEntries: org.apache.ratis.thirdparty.io.grpc.StatusRuntimeException: UNAVAILABLE: io exception
2019-11-11 04:06:34,993 [grpc-default-executor-2] INFO  impl.FollowerInfo (FollowerInfo.java:lambda$new$0(51)) - 9a305e64-7592-4199-ba7e-8c2223e9b548@group-F4D747E15FF8->61021d77-0677-40a1-98e7-8ba643935ac0: nextIndex: updateUnconditionally 30 -> 29
2019-11-11 04:06:35,035 [grpc-default-executor-2] WARN  server.GrpcLogAppender (LogUtils.java:warn(134)) - c04805f0-1fdc-4096-9f0e-017639bb4de5@group-F66482D1AE22->61021d77-0677-40a1-98e7-8ba643935ac0-AppendLogResponseHandler: Failed appendEntries: org.apache.ratis.thirdparty.io.grpc.StatusRuntimeException: UNAVAILABLE: io exception
2019-11-11 04:06:35,038 [grpc-default-executor-2] INFO  impl.FollowerInfo (FollowerInfo.java:lambda$new$0(51)) - c04805f0-1fdc-4096-9f0e-017639bb4de5@group-F66482D1AE22->61021d77-0677-40a1-98e7-8ba643935ac0: nextIndex: updateUnconditionally 0 -> 0
2019-11-11 04:06:35,405 [grpc-default-executor-3] WARN  server.GrpcLogAppender (LogUtils.java:warn(134)) - f4ab3ec0-fcec-4fb2-8953-e521da90d916@group-39D510FFD81F->61021d77-0677-40a1-98e7-8ba643935ac0-AppendLogResponseHandler: Failed appendEntries: org.apache.ratis.thirdparty.io.grpc.StatusRuntimeException: UNAVAILABLE: io exception
2019-11-11 04:06:35,408 [grpc-default-executor-3] INFO  impl.FollowerInfo (FollowerInfo.java:lambda$new$0(51)) - f4ab3ec0-fcec-4fb2-8953-e521da90d916@group-39D510FFD81F->61021d77-0677-40a1-98e7-8ba643935ac0: nextIndex: updateUnconditionally 0 -> 0
2019-11-11 04:06:35,491 [grpc-default-executor-4] WARN  server.GrpcLogAppender (LogUtils.java:warn(134)) - 9a305e64-7592-4199-ba7e-8c2223e9b548@group-F4D747E15FF8->61021d77-0677-40a1-98e7-8ba643935ac0-AppendLogResponseHandler: Failed appendEntries: org.apache.ratis.thirdparty.io.grpc.StatusRuntimeException: UNAVAILABLE: io exception
2019-11-11 04:06:35,494 [grpc-default-executor-4] INFO  impl.FollowerInfo (FollowerInfo.java:lambda$new$0(51)) - 9a305e64-7592-4199-ba7e-8c2223e9b548@group-F4D747E15FF8->61021d77-0677-40a1-98e7-8ba643935ac0: nextIndex: updateUnconditionally 29 -> 28
2019-11-11 04:06:35,536 [grpc-default-executor-2] WARN  server.GrpcLogAppender (LogUtils.java:warn(134)) - c04805f0-1fdc-4096-9f0e-017639bb4de5@group-F66482D1AE22->61021d77-0677-40a1-98e7-8ba643935ac0-AppendLogResponseHandler: Failed appendEntries: org.apache.ratis.thirdparty.io.grpc.StatusRuntimeException: UNAVAILABLE: io exception
2019-11-11 04:06:35,539 [grpc-default-executor-2] INFO  impl.FollowerInfo (FollowerInfo.java:lambda$new$0(51)) - c04805f0-1fdc-4096-9f0e-017639bb4de5@group-F66482D1AE22->61021d77-0677-40a1-98e7-8ba643935ac0: nextIndex: updateUnconditionally 0 -> 0
2019-11-11 04:06:35,906 [grpc-default-executor-3] WARN  server.GrpcLogAppender (LogUtils.java:warn(134)) - f4ab3ec0-fcec-4fb2-8953-e521da90d916@group-39D510FFD81F->61021d77-0677-40a1-98e7-8ba643935ac0-AppendLogResponseHandler: Failed appendEntries: org.apache.ratis.thirdparty.io.grpc.StatusRuntimeException: UNAVAILABLE: io exception
2019-11-11 04:06:35,914 [grpc-default-executor-3] INFO  impl.FollowerInfo (FollowerInfo.java:lambda$new$0(51)) - f4ab3ec0-fcec-4fb2-8953-e521da90d916@group-39D510FFD81F->61021d77-0677-40a1-98e7-8ba643935ac0: nextIndex: updateUnconditionally 0 -> 0
2019-11-11 04:06:35,962 [main] WARN  scm.XceiverClientRatis (XceiverClientRatis.java:watchForCommit(277)) - 3 way commit failed on pipeline Pipeline[ Id: 31ac6f49-abee-419e-8f26-f4d747e15ff8, Nodes: 61021d77-0677-40a1-98e7-8ba643935ac0{ip: 192.168.34.63, host: trunk-nightly-20191111-g5xpl-2663879777, networkLocation: /default-rack, certSerialId: null}f4ab3ec0-fcec-4fb2-8953-e521da90d916{ip: 192.168.34.63, host: trunk-nightly-20191111-g5xpl-2663879777, networkLocation: /default-rack, certSerialId: null}9a305e64-7592-4199-ba7e-8c2223e9b548{ip: 192.168.34.63, host: trunk-nightly-20191111-g5xpl-2663879777, networkLocation: /default-rack, certSerialId: null}, Type:RATIS, Factor:THREE, State:OPEN]
java.util.concurrent.TimeoutException
	at java.util.concurrent.CompletableFuture.timedGet(CompletableFuture.java:1771)
	at java.util.concurrent.CompletableFuture.get(CompletableFuture.java:1915)
	at org.apache.hadoop.hdds.scm.XceiverClientRatis.watchForCommit(XceiverClientRatis.java:274)
	at org.apache.hadoop.hdds.scm.storage.CommitWatcher.watchForCommit(CommitWatcher.java:198)
	at org.apache.hadoop.hdds.scm.storage.CommitWatcher.watchOnFirstIndex(CommitWatcher.java:137)
	at org.apache.hadoop.hdds.scm.storage.BlockOutputStream.watchForCommit(BlockOutputStream.java:346)
	at org.apache.hadoop.hdds.scm.storage.BlockOutputStream.handleFullBuffer(BlockOutputStream.java:323)
	at org.apache.hadoop.hdds.scm.storage.BlockOutputStream.write(BlockOutputStream.java:250)
	at org.apache.hadoop.ozone.client.io.BlockOutputStreamEntry.write(BlockOutputStreamEntry.java:129)
	at org.apache.hadoop.ozone.client.io.KeyOutputStream.handleWrite(KeyOutputStream.java:208)
	at org.apache.hadoop.ozone.client.io.KeyOutputStream.write(KeyOutputStream.java:190)
	at org.apache.hadoop.ozone.client.io.OzoneOutputStream.write(OzoneOutputStream.java:49)
	at java.io.OutputStream.write(OutputStream.java:75)
	at org.apache.hadoop.ozone.client.rpc.TestMultiBlockWritesWithDnFailures.testMultiBlockWritesWithIntermittentDnFailures(TestMultiBlockWritesWithDnFailures.java:192)
	at sun.reflect.NativeMethodAccessorImpl.invoke0(Native Method)
	at sun.reflect.NativeMethodAccessorImpl.invoke(NativeMethodAccessorImpl.java:62)
	at sun.reflect.DelegatingMethodAccessorImpl.invoke(DelegatingMethodAccessorImpl.java:43)
	at java.lang.reflect.Method.invoke(Method.java:498)
	at org.junit.runners.model.FrameworkMethod$1.runReflectiveCall(FrameworkMethod.java:47)
	at org.junit.internal.runners.model.ReflectiveCallable.run(ReflectiveCallable.java:12)
	at org.junit.runners.model.FrameworkMethod.invokeExplosively(FrameworkMethod.java:44)
	at org.junit.internal.runners.statements.InvokeMethod.evaluate(InvokeMethod.java:17)
	at org.junit.internal.runners.statements.RunAfters.evaluate(RunAfters.java:27)
	at org.junit.runners.ParentRunner.runLeaf(ParentRunner.java:271)
	at org.junit.runners.BlockJUnit4ClassRunner.runChild(BlockJUnit4ClassRunner.java:70)
	at org.junit.runners.BlockJUnit4ClassRunner.runChild(BlockJUnit4ClassRunner.java:50)
	at org.junit.runners.ParentRunner$3.run(ParentRunner.java:238)
	at org.junit.runners.ParentRunner$1.schedule(ParentRunner.java:63)
	at org.junit.runners.ParentRunner.runChildren(ParentRunner.java:236)
	at org.junit.runners.ParentRunner.access$000(ParentRunner.java:53)
	at org.junit.runners.ParentRunner$2.evaluate(ParentRunner.java:229)
	at org.junit.runners.ParentRunner.run(ParentRunner.java:309)
	at org.apache.maven.surefire.junit4.JUnit4Provider.execute(JUnit4Provider.java:365)
	at org.apache.maven.surefire.junit4.JUnit4Provider.executeWithRerun(JUnit4Provider.java:273)
	at org.apache.maven.surefire.junit4.JUnit4Provider.executeTestSet(JUnit4Provider.java:238)
	at org.apache.maven.surefire.junit4.JUnit4Provider.invoke(JUnit4Provider.java:159)
	at org.apache.maven.surefire.booter.ForkedBooter.invokeProviderInSameClassLoader(ForkedBooter.java:384)
	at org.apache.maven.surefire.booter.ForkedBooter.runSuitesInProcess(ForkedBooter.java:345)
	at org.apache.maven.surefire.booter.ForkedBooter.execute(ForkedBooter.java:126)
	at org.apache.maven.surefire.booter.ForkedBooter.main(ForkedBooter.java:418)
2019-11-11 04:06:35,992 [grpc-default-executor-3] WARN  server.GrpcLogAppender (LogUtils.java:warn(134)) - 9a305e64-7592-4199-ba7e-8c2223e9b548@group-F4D747E15FF8->61021d77-0677-40a1-98e7-8ba643935ac0-AppendLogResponseHandler: Failed appendEntries: org.apache.ratis.thirdparty.io.grpc.StatusRuntimeException: UNAVAILABLE: io exception
2019-11-11 04:06:35,992 [grpc-default-executor-3] INFO  impl.FollowerInfo (FollowerInfo.java:lambda$new$0(51)) - 9a305e64-7592-4199-ba7e-8c2223e9b548@group-F4D747E15FF8->61021d77-0677-40a1-98e7-8ba643935ac0: nextIndex: updateUnconditionally 28 -> 27
2019-11-11 04:06:36,037 [grpc-default-executor-2] WARN  server.GrpcLogAppender (LogUtils.java:warn(134)) - c04805f0-1fdc-4096-9f0e-017639bb4de5@group-F66482D1AE22->61021d77-0677-40a1-98e7-8ba643935ac0-AppendLogResponseHandler: Failed appendEntries: org.apache.ratis.thirdparty.io.grpc.StatusRuntimeException: UNAVAILABLE: io exception
2019-11-11 04:06:36,040 [grpc-default-executor-2] INFO  impl.FollowerInfo (FollowerInfo.java:lambda$new$0(51)) - c04805f0-1fdc-4096-9f0e-017639bb4de5@group-F66482D1AE22->61021d77-0677-40a1-98e7-8ba643935ac0: nextIndex: updateUnconditionally 0 -> 0
2019-11-11 04:06:36,407 [grpc-default-executor-4] WARN  server.GrpcLogAppender (LogUtils.java:warn(134)) - f4ab3ec0-fcec-4fb2-8953-e521da90d916@group-39D510FFD81F->61021d77-0677-40a1-98e7-8ba643935ac0-AppendLogResponseHandler: Failed appendEntries: org.apache.ratis.thirdparty.io.grpc.StatusRuntimeException: UNAVAILABLE: io exception
2019-11-11 04:06:36,407 [grpc-default-executor-4] INFO  impl.FollowerInfo (FollowerInfo.java:lambda$new$0(51)) - f4ab3ec0-fcec-4fb2-8953-e521da90d916@group-39D510FFD81F->61021d77-0677-40a1-98e7-8ba643935ac0: nextIndex: updateUnconditionally 0 -> 0
2019-11-11 04:06:36,492 [grpc-default-executor-3] WARN  server.GrpcLogAppender (LogUtils.java:warn(134)) - 9a305e64-7592-4199-ba7e-8c2223e9b548@group-F4D747E15FF8->61021d77-0677-40a1-98e7-8ba643935ac0-AppendLogResponseHandler: Failed appendEntries: org.apache.ratis.thirdparty.io.grpc.StatusRuntimeException: UNAVAILABLE: io exception
2019-11-11 04:06:36,493 [grpc-default-executor-3] INFO  impl.FollowerInfo (FollowerInfo.java:lambda$new$0(51)) - 9a305e64-7592-4199-ba7e-8c2223e9b548@group-F4D747E15FF8->61021d77-0677-40a1-98e7-8ba643935ac0: nextIndex: updateUnconditionally 27 -> 26
2019-11-11 04:06:36,548 [grpc-default-executor-3] WARN  server.GrpcLogAppender (LogUtils.java:warn(134)) - c04805f0-1fdc-4096-9f0e-017639bb4de5@group-F66482D1AE22->61021d77-0677-40a1-98e7-8ba643935ac0-AppendLogResponseHandler: Failed appendEntries: org.apache.ratis.thirdparty.io.grpc.StatusRuntimeException: UNAVAILABLE: io exception
2019-11-11 04:06:36,549 [grpc-default-executor-3] INFO  impl.FollowerInfo (FollowerInfo.java:lambda$new$0(51)) - c04805f0-1fdc-4096-9f0e-017639bb4de5@group-F66482D1AE22->61021d77-0677-40a1-98e7-8ba643935ac0: nextIndex: updateUnconditionally 0 -> 0
2019-11-11 04:06:36,908 [grpc-default-executor-2] WARN  server.GrpcLogAppender (LogUtils.java:warn(134)) - f4ab3ec0-fcec-4fb2-8953-e521da90d916@group-39D510FFD81F->61021d77-0677-40a1-98e7-8ba643935ac0-AppendLogResponseHandler: Failed appendEntries: org.apache.ratis.thirdparty.io.grpc.StatusRuntimeException: UNAVAILABLE: io exception
2019-11-11 04:06:36,908 [grpc-default-executor-2] INFO  impl.FollowerInfo (FollowerInfo.java:lambda$new$0(51)) - f4ab3ec0-fcec-4fb2-8953-e521da90d916@group-39D510FFD81F->61021d77-0677-40a1-98e7-8ba643935ac0: nextIndex: updateUnconditionally 0 -> 0
2019-11-11 04:06:36,984 [main] INFO  scm.XceiverClientRatis (XceiverClientRatis.java:lambda$watchForCommit$5(295)) - Could not commit index 39 on pipeline Pipeline[ Id: 31ac6f49-abee-419e-8f26-f4d747e15ff8, Nodes: 61021d77-0677-40a1-98e7-8ba643935ac0{ip: 192.168.34.63, host: trunk-nightly-20191111-g5xpl-2663879777, networkLocation: /default-rack, certSerialId: null}f4ab3ec0-fcec-4fb2-8953-e521da90d916{ip: 192.168.34.63, host: trunk-nightly-20191111-g5xpl-2663879777, networkLocation: /default-rack, certSerialId: null}9a305e64-7592-4199-ba7e-8c2223e9b548{ip: 192.168.34.63, host: trunk-nightly-20191111-g5xpl-2663879777, networkLocation: /default-rack, certSerialId: null}, Type:RATIS, Factor:THREE, State:OPEN] to all the nodes. Server 61021d77-0677-40a1-98e7-8ba643935ac0 has failed. Committed by majority.
2019-11-11 04:06:36,984 [main] WARN  storage.BlockOutputStream (BlockOutputStream.java:watchForCommit(352)) - Failed to commit BlockId conID: 3 locID: 103117303520755714 bcsId: 41 on Pipeline[ Id: 31ac6f49-abee-419e-8f26-f4d747e15ff8, Nodes: 61021d77-0677-40a1-98e7-8ba643935ac0{ip: 192.168.34.63, host: trunk-nightly-20191111-g5xpl-2663879777, networkLocation: /default-rack, certSerialId: null}f4ab3ec0-fcec-4fb2-8953-e521da90d916{ip: 192.168.34.63, host: trunk-nightly-20191111-g5xpl-2663879777, networkLocation: /default-rack, certSerialId: null}9a305e64-7592-4199-ba7e-8c2223e9b548{ip: 192.168.34.63, host: trunk-nightly-20191111-g5xpl-2663879777, networkLocation: /default-rack, certSerialId: null}, Type:RATIS, Factor:THREE, State:OPEN]. Failed nodes: [61021d77-0677-40a1-98e7-8ba643935ac0{ip: null, host: null, networkLocation: /default-rack, certSerialId: null}]
2019-11-11 04:06:36,993 [grpc-default-executor-4] WARN  server.GrpcLogAppender (LogUtils.java:warn(134)) - 9a305e64-7592-4199-ba7e-8c2223e9b548@group-F4D747E15FF8->61021d77-0677-40a1-98e7-8ba643935ac0-AppendLogResponseHandler: Failed appendEntries: org.apache.ratis.thirdparty.io.grpc.StatusRuntimeException: UNAVAILABLE: io exception
2019-11-11 04:06:36,995 [grpc-default-executor-4] INFO  impl.FollowerInfo (FollowerInfo.java:lambda$new$0(51)) - 9a305e64-7592-4199-ba7e-8c2223e9b548@group-F4D747E15FF8->61021d77-0677-40a1-98e7-8ba643935ac0: nextIndex: updateUnconditionally 26 -> 25
2019-11-11 04:06:37,039 [grpc-default-executor-4] WARN  server.GrpcLogAppender (LogUtils.java:warn(134)) - c04805f0-1fdc-4096-9f0e-017639bb4de5@group-F66482D1AE22->61021d77-0677-40a1-98e7-8ba643935ac0-AppendLogResponseHandler: Failed appendEntries: org.apache.ratis.thirdparty.io.grpc.StatusRuntimeException: UNAVAILABLE: io exception
2019-11-11 04:06:37,040 [grpc-default-executor-4] INFO  impl.FollowerInfo (FollowerInfo.java:lambda$new$0(51)) - c04805f0-1fdc-4096-9f0e-017639bb4de5@group-F66482D1AE22->61021d77-0677-40a1-98e7-8ba643935ac0: nextIndex: updateUnconditionally 0 -> 0
2019-11-11 04:06:37,409 [grpc-default-executor-3] WARN  server.GrpcLogAppender (LogUtils.java:warn(134)) - f4ab3ec0-fcec-4fb2-8953-e521da90d916@group-39D510FFD81F->61021d77-0677-40a1-98e7-8ba643935ac0-AppendLogResponseHandler: Failed appendEntries: org.apache.ratis.thirdparty.io.grpc.StatusRuntimeException: UNAVAILABLE: io exception
2019-11-11 04:06:37,412 [grpc-default-executor-3] INFO  impl.FollowerInfo (FollowerInfo.java:lambda$new$0(51)) - f4ab3ec0-fcec-4fb2-8953-e521da90d916@group-39D510FFD81F->61021d77-0677-40a1-98e7-8ba643935ac0: nextIndex: updateUnconditionally 0 -> 0
2019-11-11 04:06:37,494 [grpc-default-executor-2] WARN  server.GrpcLogAppender (LogUtils.java:warn(134)) - 9a305e64-7592-4199-ba7e-8c2223e9b548@group-F4D747E15FF8->61021d77-0677-40a1-98e7-8ba643935ac0-AppendLogResponseHandler: Failed appendEntries: org.apache.ratis.thirdparty.io.grpc.StatusRuntimeException: UNAVAILABLE: io exception
2019-11-11 04:06:37,495 [grpc-default-executor-2] INFO  impl.FollowerInfo (FollowerInfo.java:lambda$new$0(51)) - 9a305e64-7592-4199-ba7e-8c2223e9b548@group-F4D747E15FF8->61021d77-0677-40a1-98e7-8ba643935ac0: nextIndex: updateUnconditionally 25 -> 24
2019-11-11 04:06:37,540 [grpc-default-executor-4] WARN  server.GrpcLogAppender (LogUtils.java:warn(134)) - c04805f0-1fdc-4096-9f0e-017639bb4de5@group-F66482D1AE22->61021d77-0677-40a1-98e7-8ba643935ac0-AppendLogResponseHandler: Failed appendEntries: org.apache.ratis.thirdparty.io.grpc.StatusRuntimeException: UNAVAILABLE: io exception
2019-11-11 04:06:37,540 [grpc-default-executor-4] INFO  impl.FollowerInfo (FollowerInfo.java:lambda$new$0(51)) - c04805f0-1fdc-4096-9f0e-017639bb4de5@group-F66482D1AE22->61021d77-0677-40a1-98e7-8ba643935ac0: nextIndex: updateUnconditionally 0 -> 0
2019-11-11 04:06:37,910 [grpc-default-executor-3] WARN  server.GrpcLogAppender (LogUtils.java:warn(134)) - f4ab3ec0-fcec-4fb2-8953-e521da90d916@group-39D510FFD81F->61021d77-0677-40a1-98e7-8ba643935ac0-AppendLogResponseHandler: Failed appendEntries: org.apache.ratis.thirdparty.io.grpc.StatusRuntimeException: UNAVAILABLE: io exception
2019-11-11 04:06:37,911 [grpc-default-executor-3] INFO  impl.FollowerInfo (FollowerInfo.java:lambda$new$0(51)) - f4ab3ec0-fcec-4fb2-8953-e521da90d916@group-39D510FFD81F->61021d77-0677-40a1-98e7-8ba643935ac0: nextIndex: updateUnconditionally 0 -> 0
2019-11-11 04:06:37,996 [grpc-default-executor-2] WARN  server.GrpcLogAppender (LogUtils.java:warn(134)) - 9a305e64-7592-4199-ba7e-8c2223e9b548@group-F4D747E15FF8->61021d77-0677-40a1-98e7-8ba643935ac0-AppendLogResponseHandler: Failed appendEntries: org.apache.ratis.thirdparty.io.grpc.StatusRuntimeException: UNAVAILABLE: io exception
2019-11-11 04:06:37,996 [grpc-default-executor-2] INFO  impl.FollowerInfo (FollowerInfo.java:lambda$new$0(51)) - 9a305e64-7592-4199-ba7e-8c2223e9b548@group-F4D747E15FF8->61021d77-0677-40a1-98e7-8ba643935ac0: nextIndex: updateUnconditionally 24 -> 23
2019-11-11 04:06:38,041 [grpc-default-executor-4] WARN  server.GrpcLogAppender (LogUtils.java:warn(134)) - c04805f0-1fdc-4096-9f0e-017639bb4de5@group-F66482D1AE22->61021d77-0677-40a1-98e7-8ba643935ac0-AppendLogResponseHandler: Failed appendEntries: org.apache.ratis.thirdparty.io.grpc.StatusRuntimeException: UNAVAILABLE: io exception
2019-11-11 04:06:38,042 [grpc-default-executor-4] INFO  impl.FollowerInfo (FollowerInfo.java:lambda$new$0(51)) - c04805f0-1fdc-4096-9f0e-017639bb4de5@group-F66482D1AE22->61021d77-0677-40a1-98e7-8ba643935ac0: nextIndex: updateUnconditionally 0 -> 0
2019-11-11 04:06:38,411 [grpc-default-executor-3] WARN  server.GrpcLogAppender (LogUtils.java:warn(134)) - f4ab3ec0-fcec-4fb2-8953-e521da90d916@group-39D510FFD81F->61021d77-0677-40a1-98e7-8ba643935ac0-AppendLogResponseHandler: Failed appendEntries: org.apache.ratis.thirdparty.io.grpc.StatusRuntimeException: UNAVAILABLE: io exception
2019-11-11 04:06:38,412 [grpc-default-executor-3] INFO  impl.FollowerInfo (FollowerInfo.java:lambda$new$0(51)) - f4ab3ec0-fcec-4fb2-8953-e521da90d916@group-39D510FFD81F->61021d77-0677-40a1-98e7-8ba643935ac0: nextIndex: updateUnconditionally 0 -> 0
2019-11-11 04:06:38,497 [grpc-default-executor-2] WARN  server.GrpcLogAppender (LogUtils.java:warn(134)) - 9a305e64-7592-4199-ba7e-8c2223e9b548@group-F4D747E15FF8->61021d77-0677-40a1-98e7-8ba643935ac0-AppendLogResponseHandler: Failed appendEntries: org.apache.ratis.thirdparty.io.grpc.StatusRuntimeException: UNAVAILABLE: io exception
2019-11-11 04:06:38,498 [grpc-default-executor-2] INFO  impl.FollowerInfo (FollowerInfo.java:lambda$new$0(51)) - 9a305e64-7592-4199-ba7e-8c2223e9b548@group-F4D747E15FF8->61021d77-0677-40a1-98e7-8ba643935ac0: nextIndex: updateUnconditionally 23 -> 22
2019-11-11 04:06:38,542 [grpc-default-executor-4] WARN  server.GrpcLogAppender (LogUtils.java:warn(134)) - c04805f0-1fdc-4096-9f0e-017639bb4de5@group-F66482D1AE22->61021d77-0677-40a1-98e7-8ba643935ac0-AppendLogResponseHandler: Failed appendEntries: org.apache.ratis.thirdparty.io.grpc.StatusRuntimeException: UNAVAILABLE: io exception
2019-11-11 04:06:38,543 [grpc-default-executor-4] INFO  impl.FollowerInfo (FollowerInfo.java:lambda$new$0(51)) - c04805f0-1fdc-4096-9f0e-017639bb4de5@group-F66482D1AE22->61021d77-0677-40a1-98e7-8ba643935ac0: nextIndex: updateUnconditionally 0 -> 0
2019-11-11 04:06:38,914 [grpc-default-executor-4] WARN  server.GrpcLogAppender (LogUtils.java:warn(134)) - f4ab3ec0-fcec-4fb2-8953-e521da90d916@group-39D510FFD81F->61021d77-0677-40a1-98e7-8ba643935ac0-AppendLogResponseHandler: Failed appendEntries: org.apache.ratis.thirdparty.io.grpc.StatusRuntimeException: UNAVAILABLE: io exception
2019-11-11 04:06:38,915 [grpc-default-executor-4] INFO  impl.FollowerInfo (FollowerInfo.java:lambda$new$0(51)) - f4ab3ec0-fcec-4fb2-8953-e521da90d916@group-39D510FFD81F->61021d77-0677-40a1-98e7-8ba643935ac0: nextIndex: updateUnconditionally 0 -> 0
2019-11-11 04:06:38,998 [grpc-default-executor-4] WARN  server.GrpcLogAppender (LogUtils.java:warn(134)) - 9a305e64-7592-4199-ba7e-8c2223e9b548@group-F4D747E15FF8->61021d77-0677-40a1-98e7-8ba643935ac0-AppendLogResponseHandler: Failed appendEntries: org.apache.ratis.thirdparty.io.grpc.StatusRuntimeException: UNAVAILABLE: io exception
2019-11-11 04:06:38,998 [grpc-default-executor-4] INFO  impl.FollowerInfo (FollowerInfo.java:lambda$new$0(51)) - 9a305e64-7592-4199-ba7e-8c2223e9b548@group-F4D747E15FF8->61021d77-0677-40a1-98e7-8ba643935ac0: nextIndex: updateUnconditionally 22 -> 21
2019-11-11 04:06:39,043 [grpc-default-executor-3] WARN  server.GrpcLogAppender (LogUtils.java:warn(134)) - c04805f0-1fdc-4096-9f0e-017639bb4de5@group-F66482D1AE22->61021d77-0677-40a1-98e7-8ba643935ac0-AppendLogResponseHandler: Failed appendEntries: org.apache.ratis.thirdparty.io.grpc.StatusRuntimeException: UNAVAILABLE: io exception
2019-11-11 04:06:39,043 [grpc-default-executor-3] INFO  impl.FollowerInfo (FollowerInfo.java:lambda$new$0(51)) - c04805f0-1fdc-4096-9f0e-017639bb4de5@group-F66482D1AE22->61021d77-0677-40a1-98e7-8ba643935ac0: nextIndex: updateUnconditionally 0 -> 0
2019-11-11 04:06:39,415 [grpc-default-executor-4] WARN  server.GrpcLogAppender (LogUtils.java:warn(134)) - f4ab3ec0-fcec-4fb2-8953-e521da90d916@group-39D510FFD81F->61021d77-0677-40a1-98e7-8ba643935ac0-AppendLogResponseHandler: Failed appendEntries: org.apache.ratis.thirdparty.io.grpc.StatusRuntimeException: UNAVAILABLE: io exception
2019-11-11 04:06:39,415 [grpc-default-executor-4] INFO  impl.FollowerInfo (FollowerInfo.java:lambda$new$0(51)) - f4ab3ec0-fcec-4fb2-8953-e521da90d916@group-39D510FFD81F->61021d77-0677-40a1-98e7-8ba643935ac0: nextIndex: updateUnconditionally 0 -> 0
2019-11-11 04:06:39,499 [grpc-default-executor-2] WARN  server.GrpcLogAppender (LogUtils.java:warn(134)) - 9a305e64-7592-4199-ba7e-8c2223e9b548@group-F4D747E15FF8->61021d77-0677-40a1-98e7-8ba643935ac0-AppendLogResponseHandler: Failed appendEntries: org.apache.ratis.thirdparty.io.grpc.StatusRuntimeException: UNAVAILABLE: io exception
2019-11-11 04:06:39,499 [grpc-default-executor-2] INFO  impl.FollowerInfo (FollowerInfo.java:lambda$new$0(51)) - 9a305e64-7592-4199-ba7e-8c2223e9b548@group-F4D747E15FF8->61021d77-0677-40a1-98e7-8ba643935ac0: nextIndex: updateUnconditionally 21 -> 20
2019-11-11 04:06:39,543 [grpc-default-executor-3] WARN  server.GrpcLogAppender (LogUtils.java:warn(134)) - c04805f0-1fdc-4096-9f0e-017639bb4de5@group-F66482D1AE22->61021d77-0677-40a1-98e7-8ba643935ac0-AppendLogResponseHandler: Failed appendEntries: org.apache.ratis.thirdparty.io.grpc.StatusRuntimeException: UNAVAILABLE: io exception
2019-11-11 04:06:39,544 [grpc-default-executor-3] INFO  impl.FollowerInfo (FollowerInfo.java:lambda$new$0(51)) - c04805f0-1fdc-4096-9f0e-017639bb4de5@group-F66482D1AE22->61021d77-0677-40a1-98e7-8ba643935ac0: nextIndex: updateUnconditionally 0 -> 0
2019-11-11 04:06:39,919 [grpc-default-executor-3] WARN  server.GrpcLogAppender (LogUtils.java:warn(134)) - f4ab3ec0-fcec-4fb2-8953-e521da90d916@group-39D510FFD81F->61021d77-0677-40a1-98e7-8ba643935ac0-AppendLogResponseHandler: Failed appendEntries: org.apache.ratis.thirdparty.io.grpc.StatusRuntimeException: UNAVAILABLE: io exception
2019-11-11 04:06:39,920 [grpc-default-executor-3] INFO  impl.FollowerInfo (FollowerInfo.java:lambda$new$0(51)) - f4ab3ec0-fcec-4fb2-8953-e521da90d916@group-39D510FFD81F->61021d77-0677-40a1-98e7-8ba643935ac0: nextIndex: updateUnconditionally 0 -> 0
2019-11-11 04:06:40,001 [grpc-default-executor-3] WARN  server.GrpcLogAppender (LogUtils.java:warn(134)) - 9a305e64-7592-4199-ba7e-8c2223e9b548@group-F4D747E15FF8->61021d77-0677-40a1-98e7-8ba643935ac0-AppendLogResponseHandler: Failed appendEntries: org.apache.ratis.thirdparty.io.grpc.StatusRuntimeException: UNAVAILABLE: io exception
2019-11-11 04:06:40,001 [grpc-default-executor-3] INFO  impl.FollowerInfo (FollowerInfo.java:lambda$new$0(51)) - 9a305e64-7592-4199-ba7e-8c2223e9b548@group-F4D747E15FF8->61021d77-0677-40a1-98e7-8ba643935ac0: nextIndex: updateUnconditionally 20 -> 19
2019-11-11 04:06:40,045 [grpc-default-executor-4] WARN  server.GrpcLogAppender (LogUtils.java:warn(134)) - c04805f0-1fdc-4096-9f0e-017639bb4de5@group-F66482D1AE22->61021d77-0677-40a1-98e7-8ba643935ac0-AppendLogResponseHandler: Failed appendEntries: org.apache.ratis.thirdparty.io.grpc.StatusRuntimeException: UNAVAILABLE: io exception
2019-11-11 04:06:40,045 [grpc-default-executor-4] INFO  impl.FollowerInfo (FollowerInfo.java:lambda$new$0(51)) - c04805f0-1fdc-4096-9f0e-017639bb4de5@group-F66482D1AE22->61021d77-0677-40a1-98e7-8ba643935ac0: nextIndex: updateUnconditionally 0 -> 0
2019-11-11 04:06:40,423 [grpc-default-executor-4] WARN  server.GrpcLogAppender (LogUtils.java:warn(134)) - f4ab3ec0-fcec-4fb2-8953-e521da90d916@group-39D510FFD81F->61021d77-0677-40a1-98e7-8ba643935ac0-AppendLogResponseHandler: Failed appendEntries: org.apache.ratis.thirdparty.io.grpc.StatusRuntimeException: UNAVAILABLE: io exception
2019-11-11 04:06:40,424 [grpc-default-executor-4] INFO  impl.FollowerInfo (FollowerInfo.java:lambda$new$0(51)) - f4ab3ec0-fcec-4fb2-8953-e521da90d916@group-39D510FFD81F->61021d77-0677-40a1-98e7-8ba643935ac0: nextIndex: updateUnconditionally 0 -> 0
2019-11-11 04:06:40,501 [grpc-default-executor-2] WARN  server.GrpcLogAppender (LogUtils.java:warn(134)) - 9a305e64-7592-4199-ba7e-8c2223e9b548@group-F4D747E15FF8->61021d77-0677-40a1-98e7-8ba643935ac0-AppendLogResponseHandler: Failed appendEntries: org.apache.ratis.thirdparty.io.grpc.StatusRuntimeException: UNAVAILABLE: io exception
2019-11-11 04:06:40,502 [grpc-default-executor-2] INFO  impl.FollowerInfo (FollowerInfo.java:lambda$new$0(51)) - 9a305e64-7592-4199-ba7e-8c2223e9b548@group-F4D747E15FF8->61021d77-0677-40a1-98e7-8ba643935ac0: nextIndex: updateUnconditionally 19 -> 18
2019-11-11 04:06:40,546 [grpc-default-executor-3] WARN  server.GrpcLogAppender (LogUtils.java:warn(134)) - c04805f0-1fdc-4096-9f0e-017639bb4de5@group-F66482D1AE22->61021d77-0677-40a1-98e7-8ba643935ac0-AppendLogResponseHandler: Failed appendEntries: org.apache.ratis.thirdparty.io.grpc.StatusRuntimeException: UNAVAILABLE: io exception
2019-11-11 04:06:40,547 [grpc-default-executor-3] INFO  impl.FollowerInfo (FollowerInfo.java:lambda$new$0(51)) - c04805f0-1fdc-4096-9f0e-017639bb4de5@group-F66482D1AE22->61021d77-0677-40a1-98e7-8ba643935ac0: nextIndex: updateUnconditionally 0 -> 0
2019-11-11 04:06:40,924 [grpc-default-executor-2] WARN  server.GrpcLogAppender (LogUtils.java:warn(134)) - f4ab3ec0-fcec-4fb2-8953-e521da90d916@group-39D510FFD81F->61021d77-0677-40a1-98e7-8ba643935ac0-AppendLogResponseHandler: Failed appendEntries: org.apache.ratis.thirdparty.io.grpc.StatusRuntimeException: UNAVAILABLE: io exception
2019-11-11 04:06:40,924 [grpc-default-executor-2] INFO  impl.FollowerInfo (FollowerInfo.java:lambda$new$0(51)) - f4ab3ec0-fcec-4fb2-8953-e521da90d916@group-39D510FFD81F->61021d77-0677-40a1-98e7-8ba643935ac0: nextIndex: updateUnconditionally 0 -> 0
2019-11-11 04:06:41,006 [grpc-default-executor-4] WARN  server.GrpcLogAppender (LogUtils.java:warn(134)) - 9a305e64-7592-4199-ba7e-8c2223e9b548@group-F4D747E15FF8->61021d77-0677-40a1-98e7-8ba643935ac0-AppendLogResponseHandler: Failed appendEntries: org.apache.ratis.thirdparty.io.grpc.StatusRuntimeException: UNAVAILABLE: io exception
2019-11-11 04:06:41,008 [grpc-default-executor-4] INFO  impl.FollowerInfo (FollowerInfo.java:lambda$new$0(51)) - 9a305e64-7592-4199-ba7e-8c2223e9b548@group-F4D747E15FF8->61021d77-0677-40a1-98e7-8ba643935ac0: nextIndex: updateUnconditionally 18 -> 17
2019-11-11 04:06:41,048 [grpc-default-executor-3] WARN  server.GrpcLogAppender (LogUtils.java:warn(134)) - c04805f0-1fdc-4096-9f0e-017639bb4de5@group-F66482D1AE22->61021d77-0677-40a1-98e7-8ba643935ac0-AppendLogResponseHandler: Failed appendEntries: org.apache.ratis.thirdparty.io.grpc.StatusRuntimeException: UNAVAILABLE: io exception
2019-11-11 04:06:41,049 [grpc-default-executor-3] INFO  impl.FollowerInfo (FollowerInfo.java:lambda$new$0(51)) - c04805f0-1fdc-4096-9f0e-017639bb4de5@group-F66482D1AE22->61021d77-0677-40a1-98e7-8ba643935ac0: nextIndex: updateUnconditionally 0 -> 0
2019-11-11 04:06:41,424 [grpc-default-executor-4] WARN  server.GrpcLogAppender (LogUtils.java:warn(134)) - f4ab3ec0-fcec-4fb2-8953-e521da90d916@group-39D510FFD81F->61021d77-0677-40a1-98e7-8ba643935ac0-AppendLogResponseHandler: Failed appendEntries: org.apache.ratis.thirdparty.io.grpc.StatusRuntimeException: UNAVAILABLE: io exception
2019-11-11 04:06:41,424 [grpc-default-executor-4] INFO  impl.FollowerInfo (FollowerInfo.java:lambda$new$0(51)) - f4ab3ec0-fcec-4fb2-8953-e521da90d916@group-39D510FFD81F->61021d77-0677-40a1-98e7-8ba643935ac0: nextIndex: updateUnconditionally 0 -> 0
2019-11-11 04:06:41,507 [grpc-default-executor-0] WARN  server.GrpcLogAppender (LogUtils.java:warn(134)) - 9a305e64-7592-4199-ba7e-8c2223e9b548@group-F4D747E15FF8->61021d77-0677-40a1-98e7-8ba643935ac0-AppendLogResponseHandler: Failed appendEntries: org.apache.ratis.thirdparty.io.grpc.StatusRuntimeException: UNAVAILABLE: io exception
2019-11-11 04:06:41,507 [grpc-default-executor-0] INFO  impl.FollowerInfo (FollowerInfo.java:lambda$new$0(51)) - 9a305e64-7592-4199-ba7e-8c2223e9b548@group-F4D747E15FF8->61021d77-0677-40a1-98e7-8ba643935ac0: nextIndex: updateUnconditionally 17 -> 16
2019-11-11 04:06:41,548 [grpc-default-executor-3] WARN  server.GrpcLogAppender (LogUtils.java:warn(134)) - c04805f0-1fdc-4096-9f0e-017639bb4de5@group-F66482D1AE22->61021d77-0677-40a1-98e7-8ba643935ac0-AppendLogResponseHandler: Failed appendEntries: org.apache.ratis.thirdparty.io.grpc.StatusRuntimeException: UNAVAILABLE: io exception
2019-11-11 04:06:41,548 [grpc-default-executor-3] INFO  impl.FollowerInfo (FollowerInfo.java:lambda$new$0(51)) - c04805f0-1fdc-4096-9f0e-017639bb4de5@group-F66482D1AE22->61021d77-0677-40a1-98e7-8ba643935ac0: nextIndex: updateUnconditionally 0 -> 0
2019-11-11 04:06:41,758 [Thread-650] INFO  client.GrpcClientProtocolService (GrpcClientProtocolService.java:lambda$processClientRequest$0(279)) - Failed RaftClientRequest:client-288C807A782E->9a305e64-7592-4199-ba7e-8c2223e9b548@group-F4D747E15FF8, cid=40, seq=0, Watch-ALL_COMMITTED(39), Message:<EMPTY>, reply=RaftClientReply:client-288C807A782E->9a305e64-7592-4199-ba7e-8c2223e9b548@group-F4D747E15FF8, cid=40, FAILED org.apache.ratis.protocol.NotReplicatedException: Request with call Id 40 and log index 39 is not yet replicated to ALL_COMMITTED, logIndex=39, commits[9a305e64-7592-4199-ba7e-8c2223e9b548:c45, 61021d77-0677-40a1-98e7-8ba643935ac0:c37, f4ab3ec0-fcec-4fb2-8953-e521da90d916:c45]
2019-11-11 04:06:41,925 [grpc-default-executor-4] WARN  server.GrpcLogAppender (LogUtils.java:warn(134)) - f4ab3ec0-fcec-4fb2-8953-e521da90d916@group-39D510FFD81F->61021d77-0677-40a1-98e7-8ba643935ac0-AppendLogResponseHandler: Failed appendEntries: org.apache.ratis.thirdparty.io.grpc.StatusRuntimeException: UNAVAILABLE: io exception
2019-11-11 04:06:41,925 [grpc-default-executor-4] INFO  impl.FollowerInfo (FollowerInfo.java:lambda$new$0(51)) - f4ab3ec0-fcec-4fb2-8953-e521da90d916@group-39D510FFD81F->61021d77-0677-40a1-98e7-8ba643935ac0: nextIndex: updateUnconditionally 0 -> 0
2019-11-11 04:06:41,989 [main] WARN  scm.XceiverClientRatis (XceiverClientRatis.java:watchForCommit(277)) - 3 way commit failed on pipeline Pipeline[ Id: 31ac6f49-abee-419e-8f26-f4d747e15ff8, Nodes: 61021d77-0677-40a1-98e7-8ba643935ac0{ip: 192.168.34.63, host: trunk-nightly-20191111-g5xpl-2663879777, networkLocation: /default-rack, certSerialId: null}f4ab3ec0-fcec-4fb2-8953-e521da90d916{ip: 192.168.34.63, host: trunk-nightly-20191111-g5xpl-2663879777, networkLocation: /default-rack, certSerialId: null}9a305e64-7592-4199-ba7e-8c2223e9b548{ip: 192.168.34.63, host: trunk-nightly-20191111-g5xpl-2663879777, networkLocation: /default-rack, certSerialId: null}, Type:RATIS, Factor:THREE, State:OPEN]
java.util.concurrent.TimeoutException
	at java.util.concurrent.CompletableFuture.timedGet(CompletableFuture.java:1771)
	at java.util.concurrent.CompletableFuture.get(CompletableFuture.java:1915)
	at org.apache.hadoop.hdds.scm.XceiverClientRatis.watchForCommit(XceiverClientRatis.java:274)
	at org.apache.hadoop.hdds.scm.storage.CommitWatcher.watchForCommit(CommitWatcher.java:198)
	at org.apache.hadoop.hdds.scm.storage.CommitWatcher.watchOnLastIndex(CommitWatcher.java:161)
	at org.apache.hadoop.hdds.scm.storage.BlockOutputStream.watchForCommit(BlockOutputStream.java:346)
	at org.apache.hadoop.hdds.scm.storage.BlockOutputStream.handleFlush(BlockOutputStream.java:482)
	at org.apache.hadoop.hdds.scm.storage.BlockOutputStream.close(BlockOutputStream.java:496)
	at org.apache.hadoop.ozone.client.io.BlockOutputStreamEntry.close(BlockOutputStreamEntry.java:143)
	at org.apache.hadoop.ozone.client.io.KeyOutputStream.handleFlushOrClose(KeyOutputStream.java:439)
	at org.apache.hadoop.ozone.client.io.KeyOutputStream.handleWrite(KeyOutputStream.java:232)
	at org.apache.hadoop.ozone.client.io.KeyOutputStream.write(KeyOutputStream.java:190)
	at org.apache.hadoop.ozone.client.io.OzoneOutputStream.write(OzoneOutputStream.java:49)
	at java.io.OutputStream.write(OutputStream.java:75)
	at org.apache.hadoop.ozone.client.rpc.TestMultiBlockWritesWithDnFailures.testMultiBlockWritesWithIntermittentDnFailures(TestMultiBlockWritesWithDnFailures.java:192)
	at sun.reflect.NativeMethodAccessorImpl.invoke0(Native Method)
	at sun.reflect.NativeMethodAccessorImpl.invoke(NativeMethodAccessorImpl.java:62)
	at sun.reflect.DelegatingMethodAccessorImpl.invoke(DelegatingMethodAccessorImpl.java:43)
	at java.lang.reflect.Method.invoke(Method.java:498)
	at org.junit.runners.model.FrameworkMethod$1.runReflectiveCall(FrameworkMethod.java:47)
	at org.junit.internal.runners.model.ReflectiveCallable.run(ReflectiveCallable.java:12)
	at org.junit.runners.model.FrameworkMethod.invokeExplosively(FrameworkMethod.java:44)
	at org.junit.internal.runners.statements.InvokeMethod.evaluate(InvokeMethod.java:17)
	at org.junit.internal.runners.statements.RunAfters.evaluate(RunAfters.java:27)
	at org.junit.runners.ParentRunner.runLeaf(ParentRunner.java:271)
	at org.junit.runners.BlockJUnit4ClassRunner.runChild(BlockJUnit4ClassRunner.java:70)
	at org.junit.runners.BlockJUnit4ClassRunner.runChild(BlockJUnit4ClassRunner.java:50)
	at org.junit.runners.ParentRunner$3.run(ParentRunner.java:238)
	at org.junit.runners.ParentRunner$1.schedule(ParentRunner.java:63)
	at org.junit.runners.ParentRunner.runChildren(ParentRunner.java:236)
	at org.junit.runners.ParentRunner.access$000(ParentRunner.java:53)
	at org.junit.runners.ParentRunner$2.evaluate(ParentRunner.java:229)
	at org.junit.runners.ParentRunner.run(ParentRunner.java:309)
	at org.apache.maven.surefire.junit4.JUnit4Provider.execute(JUnit4Provider.java:365)
	at org.apache.maven.surefire.junit4.JUnit4Provider.executeWithRerun(JUnit4Provider.java:273)
	at org.apache.maven.surefire.junit4.JUnit4Provider.executeTestSet(JUnit4Provider.java:238)
	at org.apache.maven.surefire.junit4.JUnit4Provider.invoke(JUnit4Provider.java:159)
	at org.apache.maven.surefire.booter.ForkedBooter.invokeProviderInSameClassLoader(ForkedBooter.java:384)
	at org.apache.maven.surefire.booter.ForkedBooter.runSuitesInProcess(ForkedBooter.java:345)
	at org.apache.maven.surefire.booter.ForkedBooter.execute(ForkedBooter.java:126)
	at org.apache.maven.surefire.booter.ForkedBooter.main(ForkedBooter.java:418)
2019-11-11 04:06:41,999 [Thread-652] INFO  client.GrpcClientProtocolService (GrpcClientProtocolService.java:lambda$processClientRequest$0(279)) - Failed RaftClientRequest:client-288C807A782E->f4ab3ec0-fcec-4fb2-8953-e521da90d916@group-F4D747E15FF8, cid=43, seq=0, Watch-MAJORITY_COMMITTED(41), Message:<EMPTY>, reply=RaftClientReply:client-288C807A782E->f4ab3ec0-fcec-4fb2-8953-e521da90d916@group-F4D747E15FF8, cid=43, FAILED org.apache.ratis.protocol.NotLeaderException: Server f4ab3ec0-fcec-4fb2-8953-e521da90d916@group-F4D747E15FF8 is not the leader 9a305e64-7592-4199-ba7e-8c2223e9b548:192.168.34.63:35969, logIndex=0, commits[f4ab3ec0-fcec-4fb2-8953-e521da90d916:c45, 61021d77-0677-40a1-98e7-8ba643935ac0:c37, 9a305e64-7592-4199-ba7e-8c2223e9b548:c45]
2019-11-11 04:06:42,013 [grpc-default-executor-3] WARN  server.GrpcLogAppender (LogUtils.java:warn(134)) - 9a305e64-7592-4199-ba7e-8c2223e9b548@group-F4D747E15FF8->61021d77-0677-40a1-98e7-8ba643935ac0-AppendLogResponseHandler: Failed appendEntries: org.apache.ratis.thirdparty.io.grpc.StatusRuntimeException: UNAVAILABLE: io exception
2019-11-11 04:06:42,019 [grpc-default-executor-3] INFO  impl.FollowerInfo (FollowerInfo.java:lambda$new$0(51)) - 9a305e64-7592-4199-ba7e-8c2223e9b548@group-F4D747E15FF8->61021d77-0677-40a1-98e7-8ba643935ac0: nextIndex: updateUnconditionally 16 -> 15
2019-11-11 04:06:42,027 [main] INFO  scm.XceiverClientRatis (XceiverClientRatis.java:lambda$watchForCommit$5(295)) - Could not commit index 41 on pipeline Pipeline[ Id: 31ac6f49-abee-419e-8f26-f4d747e15ff8, Nodes: 61021d77-0677-40a1-98e7-8ba643935ac0{ip: 192.168.34.63, host: trunk-nightly-20191111-g5xpl-2663879777, networkLocation: /default-rack, certSerialId: null}f4ab3ec0-fcec-4fb2-8953-e521da90d916{ip: 192.168.34.63, host: trunk-nightly-20191111-g5xpl-2663879777, networkLocation: /default-rack, certSerialId: null}9a305e64-7592-4199-ba7e-8c2223e9b548{ip: 192.168.34.63, host: trunk-nightly-20191111-g5xpl-2663879777, networkLocation: /default-rack, certSerialId: null}, Type:RATIS, Factor:THREE, State:OPEN] to all the nodes. Server 61021d77-0677-40a1-98e7-8ba643935ac0 has failed. Committed by majority.
2019-11-11 04:06:42,029 [main] WARN  storage.BlockOutputStream (BlockOutputStream.java:watchForCommit(352)) - Failed to commit BlockId conID: 3 locID: 103117303520755714 bcsId: 41 on Pipeline[ Id: 31ac6f49-abee-419e-8f26-f4d747e15ff8, Nodes: 61021d77-0677-40a1-98e7-8ba643935ac0{ip: 192.168.34.63, host: trunk-nightly-20191111-g5xpl-2663879777, networkLocation: /default-rack, certSerialId: null}f4ab3ec0-fcec-4fb2-8953-e521da90d916{ip: 192.168.34.63, host: trunk-nightly-20191111-g5xpl-2663879777, networkLocation: /default-rack, certSerialId: null}9a305e64-7592-4199-ba7e-8c2223e9b548{ip: 192.168.34.63, host: trunk-nightly-20191111-g5xpl-2663879777, networkLocation: /default-rack, certSerialId: null}, Type:RATIS, Factor:THREE, State:OPEN]. Failed nodes: [61021d77-0677-40a1-98e7-8ba643935ac0{ip: null, host: null, networkLocation: /default-rack, certSerialId: null}]
2019-11-11 04:06:42,049 [grpc-default-executor-0] WARN  server.GrpcLogAppender (LogUtils.java:warn(134)) - c04805f0-1fdc-4096-9f0e-017639bb4de5@group-F66482D1AE22->61021d77-0677-40a1-98e7-8ba643935ac0-AppendLogResponseHandler: Failed appendEntries: org.apache.ratis.thirdparty.io.grpc.StatusRuntimeException: UNAVAILABLE: io exception
2019-11-11 04:06:42,051 [grpc-default-executor-0] INFO  impl.FollowerInfo (FollowerInfo.java:lambda$new$0(51)) - c04805f0-1fdc-4096-9f0e-017639bb4de5@group-F66482D1AE22->61021d77-0677-40a1-98e7-8ba643935ac0: nextIndex: updateUnconditionally 0 -> 0
2019-11-11 04:06:42,426 [grpc-default-executor-4] WARN  server.GrpcLogAppender (LogUtils.java:warn(134)) - f4ab3ec0-fcec-4fb2-8953-e521da90d916@group-39D510FFD81F->61021d77-0677-40a1-98e7-8ba643935ac0-AppendLogResponseHandler: Failed appendEntries: org.apache.ratis.thirdparty.io.grpc.StatusRuntimeException: UNAVAILABLE: io exception
2019-11-11 04:06:42,429 [grpc-default-executor-4] INFO  impl.FollowerInfo (FollowerInfo.java:lambda$new$0(51)) - f4ab3ec0-fcec-4fb2-8953-e521da90d916@group-39D510FFD81F->61021d77-0677-40a1-98e7-8ba643935ac0: nextIndex: updateUnconditionally 0 -> 0
2019-11-11 04:06:42,509 [grpc-default-executor-3] WARN  server.GrpcLogAppender (LogUtils.java:warn(134)) - 9a305e64-7592-4199-ba7e-8c2223e9b548@group-F4D747E15FF8->61021d77-0677-40a1-98e7-8ba643935ac0-AppendLogResponseHandler: Failed appendEntries: org.apache.ratis.thirdparty.io.grpc.StatusRuntimeException: UNAVAILABLE: io exception
2019-11-11 04:06:42,509 [grpc-default-executor-3] INFO  impl.FollowerInfo (FollowerInfo.java:lambda$new$0(51)) - 9a305e64-7592-4199-ba7e-8c2223e9b548@group-F4D747E15FF8->61021d77-0677-40a1-98e7-8ba643935ac0: nextIndex: updateUnconditionally 15 -> 14
2019-11-11 04:06:42,550 [grpc-default-executor-0] WARN  server.GrpcLogAppender (LogUtils.java:warn(134)) - c04805f0-1fdc-4096-9f0e-017639bb4de5@group-F66482D1AE22->61021d77-0677-40a1-98e7-8ba643935ac0-AppendLogResponseHandler: Failed appendEntries: org.apache.ratis.thirdparty.io.grpc.StatusRuntimeException: UNAVAILABLE: io exception
2019-11-11 04:06:42,550 [grpc-default-executor-0] INFO  impl.FollowerInfo (FollowerInfo.java:lambda$new$0(51)) - c04805f0-1fdc-4096-9f0e-017639bb4de5@group-F66482D1AE22->61021d77-0677-40a1-98e7-8ba643935ac0: nextIndex: updateUnconditionally 0 -> 0
2019-11-11 04:06:42,926 [grpc-default-executor-4] WARN  server.GrpcLogAppender (LogUtils.java:warn(134)) - f4ab3ec0-fcec-4fb2-8953-e521da90d916@group-39D510FFD81F->61021d77-0677-40a1-98e7-8ba643935ac0-AppendLogResponseHandler: Failed appendEntries: org.apache.ratis.thirdparty.io.grpc.StatusRuntimeException: UNAVAILABLE: io exception
2019-11-11 04:06:42,927 [grpc-default-executor-4] INFO  impl.FollowerInfo (FollowerInfo.java:lambda$new$0(51)) - f4ab3ec0-fcec-4fb2-8953-e521da90d916@group-39D510FFD81F->61021d77-0677-40a1-98e7-8ba643935ac0: nextIndex: updateUnconditionally 0 -> 0
2019-11-11 04:06:43,011 [grpc-default-executor-0] WARN  server.GrpcLogAppender (LogUtils.java:warn(134)) - 9a305e64-7592-4199-ba7e-8c2223e9b548@group-F4D747E15FF8->61021d77-0677-40a1-98e7-8ba643935ac0-AppendLogResponseHandler: Failed appendEntries: org.apache.ratis.thirdparty.io.grpc.StatusRuntimeException: UNAVAILABLE: io exception
2019-11-11 04:06:43,012 [grpc-default-executor-0] INFO  impl.FollowerInfo (FollowerInfo.java:lambda$new$0(51)) - 9a305e64-7592-4199-ba7e-8c2223e9b548@group-F4D747E15FF8->61021d77-0677-40a1-98e7-8ba643935ac0: nextIndex: updateUnconditionally 14 -> 13
2019-11-11 04:06:43,036 [java.util.concurrent.ThreadPoolExecutor$Worker@491612a5[State = -1, empty queue]] ERROR client.GrpcClientRpc (GrpcClientRpc.java:sendRequestAsyncUnordered(82)) - client-288C807A782E: XXX Failed RaftClientRequest:client-288C807A782E->f4ab3ec0-fcec-4fb2-8953-e521da90d916@group-F4D747E15FF8, cid=40, seq=0, Watch-ALL_COMMITTED(39), null
org.apache.ratis.protocol.AlreadyClosedException: client-288C807A782E is already CLOSED
	at org.apache.ratis.util.PeerProxyMap$PeerAndProxy.getProxy(PeerProxyMap.java:59)
	at org.apache.ratis.util.PeerProxyMap.getProxy(PeerProxyMap.java:109)
	at org.apache.ratis.grpc.client.GrpcClientRpc.sendRequestAsyncUnordered(GrpcClientRpc.java:78)
	at org.apache.ratis.client.impl.UnorderedAsync.sendRequestWithRetry(UnorderedAsync.java:75)
	at org.apache.ratis.client.impl.UnorderedAsync.lambda$null$2(UnorderedAsync.java:120)
	at org.apache.ratis.util.TimeoutScheduler.lambda$onTimeout$0(TimeoutScheduler.java:141)
	at org.apache.ratis.util.TimeoutScheduler.lambda$onTimeout$1(TimeoutScheduler.java:155)
	at org.apache.ratis.util.LogUtils.runAndLog(LogUtils.java:50)
	at org.apache.ratis.util.LogUtils$1.run(LogUtils.java:91)
	at java.util.concurrent.Executors$RunnableAdapter.call(Executors.java:511)
	at java.util.concurrent.FutureTask.run(FutureTask.java:266)
	at java.util.concurrent.ScheduledThreadPoolExecutor$ScheduledFutureTask.access$201(ScheduledThreadPoolExecutor.java:180)
	at java.util.concurrent.ScheduledThreadPoolExecutor$ScheduledFutureTask.run(ScheduledThreadPoolExecutor.java:293)
	at java.util.concurrent.ThreadPoolExecutor.runWorker(ThreadPoolExecutor.java:1149)
	at java.util.concurrent.ThreadPoolExecutor$Worker.run(ThreadPoolExecutor.java:624)
	at java.lang.Thread.run(Thread.java:748)
2019-11-11 04:06:43,051 [grpc-default-executor-3] WARN  server.GrpcLogAppender (LogUtils.java:warn(134)) - c04805f0-1fdc-4096-9f0e-017639bb4de5@group-F66482D1AE22->61021d77-0677-40a1-98e7-8ba643935ac0-AppendLogResponseHandler: Failed appendEntries: org.apache.ratis.thirdparty.io.grpc.StatusRuntimeException: UNAVAILABLE: io exception
2019-11-11 04:06:43,051 [grpc-default-executor-3] INFO  impl.FollowerInfo (FollowerInfo.java:lambda$new$0(51)) - c04805f0-1fdc-4096-9f0e-017639bb4de5@group-F66482D1AE22->61021d77-0677-40a1-98e7-8ba643935ac0: nextIndex: updateUnconditionally 0 -> 0
2019-11-11 04:06:43,427 [grpc-default-executor-3] WARN  server.GrpcLogAppender (LogUtils.java:warn(134)) - f4ab3ec0-fcec-4fb2-8953-e521da90d916@group-39D510FFD81F->61021d77-0677-40a1-98e7-8ba643935ac0-AppendLogResponseHandler: Failed appendEntries: org.apache.ratis.thirdparty.io.grpc.StatusRuntimeException: UNAVAILABLE: io exception
2019-11-11 04:06:43,428 [grpc-default-executor-3] INFO  impl.FollowerInfo (FollowerInfo.java:lambda$new$0(51)) - f4ab3ec0-fcec-4fb2-8953-e521da90d916@group-39D510FFD81F->61021d77-0677-40a1-98e7-8ba643935ac0: nextIndex: updateUnconditionally 0 -> 0
2019-11-11 04:06:43,511 [grpc-default-executor-3] WARN  server.GrpcLogAppender (LogUtils.java:warn(134)) - 9a305e64-7592-4199-ba7e-8c2223e9b548@group-F4D747E15FF8->61021d77-0677-40a1-98e7-8ba643935ac0-AppendLogResponseHandler: Failed appendEntries: org.apache.ratis.thirdparty.io.grpc.StatusRuntimeException: UNAVAILABLE: io exception
2019-11-11 04:06:43,511 [grpc-default-executor-3] INFO  impl.FollowerInfo (FollowerInfo.java:lambda$new$0(51)) - 9a305e64-7592-4199-ba7e-8c2223e9b548@group-F4D747E15FF8->61021d77-0677-40a1-98e7-8ba643935ac0: nextIndex: updateUnconditionally 13 -> 12
2019-11-11 04:06:43,551 [grpc-default-executor-0] WARN  server.GrpcLogAppender (LogUtils.java:warn(134)) - c04805f0-1fdc-4096-9f0e-017639bb4de5@group-F66482D1AE22->61021d77-0677-40a1-98e7-8ba643935ac0-AppendLogResponseHandler: Failed appendEntries: org.apache.ratis.thirdparty.io.grpc.StatusRuntimeException: UNAVAILABLE: io exception
2019-11-11 04:06:43,552 [grpc-default-executor-0] INFO  impl.FollowerInfo (FollowerInfo.java:lambda$new$0(51)) - c04805f0-1fdc-4096-9f0e-017639bb4de5@group-F66482D1AE22->61021d77-0677-40a1-98e7-8ba643935ac0: nextIndex: updateUnconditionally 0 -> 0
2019-11-11 04:06:43,929 [grpc-default-executor-3] WARN  server.GrpcLogAppender (LogUtils.java:warn(134)) - f4ab3ec0-fcec-4fb2-8953-e521da90d916@group-39D510FFD81F->61021d77-0677-40a1-98e7-8ba643935ac0-AppendLogResponseHandler: Failed appendEntries: org.apache.ratis.thirdparty.io.grpc.StatusRuntimeException: UNAVAILABLE: io exception
2019-11-11 04:06:43,929 [grpc-default-executor-3] INFO  impl.FollowerInfo (FollowerInfo.java:lambda$new$0(51)) - f4ab3ec0-fcec-4fb2-8953-e521da90d916@group-39D510FFD81F->61021d77-0677-40a1-98e7-8ba643935ac0: nextIndex: updateUnconditionally 0 -> 0
2019-11-11 04:06:44,011 [grpc-default-executor-3] WARN  server.GrpcLogAppender (LogUtils.java:warn(134)) - 9a305e64-7592-4199-ba7e-8c2223e9b548@group-F4D747E15FF8->61021d77-0677-40a1-98e7-8ba643935ac0-AppendLogResponseHandler: Failed appendEntries: org.apache.ratis.thirdparty.io.grpc.StatusRuntimeException: UNAVAILABLE: io exception
2019-11-11 04:06:44,012 [grpc-default-executor-3] INFO  impl.FollowerInfo (FollowerInfo.java:lambda$new$0(51)) - 9a305e64-7592-4199-ba7e-8c2223e9b548@group-F4D747E15FF8->61021d77-0677-40a1-98e7-8ba643935ac0: nextIndex: updateUnconditionally 12 -> 11
2019-11-11 04:06:44,037 [java.util.concurrent.ThreadPoolExecutor$Worker@491612a5[State = -1, empty queue]] ERROR client.GrpcClientRpc (GrpcClientRpc.java:sendRequestAsyncUnordered(82)) - client-288C807A782E: XXX Failed RaftClientRequest:client-288C807A782E->61021d77-0677-40a1-98e7-8ba643935ac0@group-F4D747E15FF8, cid=40, seq=0, Watch-ALL_COMMITTED(39), null
org.apache.ratis.protocol.AlreadyClosedException: client-288C807A782E is already CLOSED
	at org.apache.ratis.util.PeerProxyMap$PeerAndProxy.getProxy(PeerProxyMap.java:59)
	at org.apache.ratis.util.PeerProxyMap.getProxy(PeerProxyMap.java:109)
	at org.apache.ratis.grpc.client.GrpcClientRpc.sendRequestAsyncUnordered(GrpcClientRpc.java:78)
	at org.apache.ratis.client.impl.UnorderedAsync.sendRequestWithRetry(UnorderedAsync.java:75)
	at org.apache.ratis.client.impl.UnorderedAsync.lambda$null$2(UnorderedAsync.java:120)
	at org.apache.ratis.util.TimeoutScheduler.lambda$onTimeout$0(TimeoutScheduler.java:141)
	at org.apache.ratis.util.TimeoutScheduler.lambda$onTimeout$1(TimeoutScheduler.java:155)
	at org.apache.ratis.util.LogUtils.runAndLog(LogUtils.java:50)
	at org.apache.ratis.util.LogUtils$1.run(LogUtils.java:91)
	at java.util.concurrent.Executors$RunnableAdapter.call(Executors.java:511)
	at java.util.concurrent.FutureTask.run(FutureTask.java:266)
	at java.util.concurrent.ScheduledThreadPoolExecutor$ScheduledFutureTask.access$201(ScheduledThreadPoolExecutor.java:180)
	at java.util.concurrent.ScheduledThreadPoolExecutor$ScheduledFutureTask.run(ScheduledThreadPoolExecutor.java:293)
	at java.util.concurrent.ThreadPoolExecutor.runWorker(ThreadPoolExecutor.java:1149)
	at java.util.concurrent.ThreadPoolExecutor$Worker.run(ThreadPoolExecutor.java:624)
	at java.lang.Thread.run(Thread.java:748)
2019-11-11 04:06:44,053 [grpc-default-executor-4] WARN  server.GrpcLogAppender (LogUtils.java:warn(134)) - c04805f0-1fdc-4096-9f0e-017639bb4de5@group-F66482D1AE22->61021d77-0677-40a1-98e7-8ba643935ac0-AppendLogResponseHandler: Failed appendEntries: org.apache.ratis.thirdparty.io.grpc.StatusRuntimeException: UNAVAILABLE: io exception
2019-11-11 04:06:44,053 [grpc-default-executor-4] INFO  impl.FollowerInfo (FollowerInfo.java:lambda$new$0(51)) - c04805f0-1fdc-4096-9f0e-017639bb4de5@group-F66482D1AE22->61021d77-0677-40a1-98e7-8ba643935ac0: nextIndex: updateUnconditionally 0 -> 0
2019-11-11 04:06:44,429 [grpc-default-executor-0] WARN  server.GrpcLogAppender (LogUtils.java:warn(134)) - f4ab3ec0-fcec-4fb2-8953-e521da90d916@group-39D510FFD81F->61021d77-0677-40a1-98e7-8ba643935ac0-AppendLogResponseHandler: Failed appendEntries: org.apache.ratis.thirdparty.io.grpc.StatusRuntimeException: UNAVAILABLE: io exception
2019-11-11 04:06:44,429 [grpc-default-executor-0] INFO  impl.FollowerInfo (FollowerInfo.java:lambda$new$0(51)) - f4ab3ec0-fcec-4fb2-8953-e521da90d916@group-39D510FFD81F->61021d77-0677-40a1-98e7-8ba643935ac0: nextIndex: updateUnconditionally 0 -> 0
2019-11-11 04:06:44,513 [grpc-default-executor-3] WARN  server.GrpcLogAppender (LogUtils.java:warn(134)) - 9a305e64-7592-4199-ba7e-8c2223e9b548@group-F4D747E15FF8->61021d77-0677-40a1-98e7-8ba643935ac0-AppendLogResponseHandler: Failed appendEntries: org.apache.ratis.thirdparty.io.grpc.StatusRuntimeException: UNAVAILABLE: io exception
2019-11-11 04:06:44,513 [grpc-default-executor-3] INFO  impl.FollowerInfo (FollowerInfo.java:lambda$new$0(51)) - 9a305e64-7592-4199-ba7e-8c2223e9b548@group-F4D747E15FF8->61021d77-0677-40a1-98e7-8ba643935ac0: nextIndex: updateUnconditionally 11 -> 10
2019-11-11 04:06:44,555 [grpc-default-executor-0] WARN  server.GrpcLogAppender (LogUtils.java:warn(134)) - c04805f0-1fdc-4096-9f0e-017639bb4de5@group-F66482D1AE22->61021d77-0677-40a1-98e7-8ba643935ac0-AppendLogResponseHandler: Failed appendEntries: org.apache.ratis.thirdparty.io.grpc.StatusRuntimeException: UNAVAILABLE: io exception
2019-11-11 04:06:44,556 [grpc-default-executor-0] INFO  impl.FollowerInfo (FollowerInfo.java:lambda$new$0(51)) - c04805f0-1fdc-4096-9f0e-017639bb4de5@group-F66482D1AE22->61021d77-0677-40a1-98e7-8ba643935ac0: nextIndex: updateUnconditionally 0 -> 0
2019-11-11 04:06:44,932 [grpc-default-executor-4] WARN  server.GrpcLogAppender (LogUtils.java:warn(134)) - f4ab3ec0-fcec-4fb2-8953-e521da90d916@group-39D510FFD81F->61021d77-0677-40a1-98e7-8ba643935ac0-AppendLogResponseHandler: Failed appendEntries: org.apache.ratis.thirdparty.io.grpc.StatusRuntimeException: UNAVAILABLE: io exception
2019-11-11 04:06:44,933 [grpc-default-executor-4] INFO  impl.FollowerInfo (FollowerInfo.java:lambda$new$0(51)) - f4ab3ec0-fcec-4fb2-8953-e521da90d916@group-39D510FFD81F->61021d77-0677-40a1-98e7-8ba643935ac0: nextIndex: updateUnconditionally 0 -> 0
2019-11-11 04:06:45,022 [grpc-default-executor-4] WARN  server.GrpcLogAppender (LogUtils.java:warn(134)) - 9a305e64-7592-4199-ba7e-8c2223e9b548@group-F4D747E15FF8->61021d77-0677-40a1-98e7-8ba643935ac0-AppendLogResponseHandler: Failed appendEntries: org.apache.ratis.thirdparty.io.grpc.StatusRuntimeException: UNAVAILABLE: io exception
2019-11-11 04:06:45,023 [grpc-default-executor-4] INFO  impl.FollowerInfo (FollowerInfo.java:lambda$new$0(51)) - 9a305e64-7592-4199-ba7e-8c2223e9b548@group-F4D747E15FF8->61021d77-0677-40a1-98e7-8ba643935ac0: nextIndex: updateUnconditionally 10 -> 9
2019-11-11 04:06:45,055 [grpc-default-executor-4] WARN  server.GrpcLogAppender (LogUtils.java:warn(134)) - c04805f0-1fdc-4096-9f0e-017639bb4de5@group-F66482D1AE22->61021d77-0677-40a1-98e7-8ba643935ac0-AppendLogResponseHandler: Failed appendEntries: org.apache.ratis.thirdparty.io.grpc.StatusRuntimeException: UNAVAILABLE: io exception
2019-11-11 04:06:45,055 [grpc-default-executor-4] INFO  impl.FollowerInfo (FollowerInfo.java:lambda$new$0(51)) - c04805f0-1fdc-4096-9f0e-017639bb4de5@group-F66482D1AE22->61021d77-0677-40a1-98e7-8ba643935ac0: nextIndex: updateUnconditionally 0 -> 0
2019-11-11 04:06:45,432 [grpc-default-executor-3] WARN  server.GrpcLogAppender (LogUtils.java:warn(134)) - f4ab3ec0-fcec-4fb2-8953-e521da90d916@group-39D510FFD81F->61021d77-0677-40a1-98e7-8ba643935ac0-AppendLogResponseHandler: Failed appendEntries: org.apache.ratis.thirdparty.io.grpc.StatusRuntimeException: UNAVAILABLE: io exception
2019-11-11 04:06:45,433 [grpc-default-executor-3] INFO  impl.FollowerInfo (FollowerInfo.java:lambda$new$0(51)) - f4ab3ec0-fcec-4fb2-8953-e521da90d916@group-39D510FFD81F->61021d77-0677-40a1-98e7-8ba643935ac0: nextIndex: updateUnconditionally 0 -> 0
2019-11-11 04:06:45,522 [grpc-default-executor-0] WARN  server.GrpcLogAppender (LogUtils.java:warn(134)) - 9a305e64-7592-4199-ba7e-8c2223e9b548@group-F4D747E15FF8->61021d77-0677-40a1-98e7-8ba643935ac0-AppendLogResponseHandler: Failed appendEntries: org.apache.ratis.thirdparty.io.grpc.StatusRuntimeException: UNAVAILABLE: io exception
2019-11-11 04:06:45,522 [grpc-default-executor-0] INFO  impl.FollowerInfo (FollowerInfo.java:lambda$new$0(51)) - 9a305e64-7592-4199-ba7e-8c2223e9b548@group-F4D747E15FF8->61021d77-0677-40a1-98e7-8ba643935ac0: nextIndex: updateUnconditionally 9 -> 8
2019-11-11 04:06:45,560 [grpc-default-executor-0] WARN  server.GrpcLogAppender (LogUtils.java:warn(134)) - c04805f0-1fdc-4096-9f0e-017639bb4de5@group-F66482D1AE22->61021d77-0677-40a1-98e7-8ba643935ac0-AppendLogResponseHandler: Failed appendEntries: org.apache.ratis.thirdparty.io.grpc.StatusRuntimeException: UNAVAILABLE: io exception
2019-11-11 04:06:45,560 [grpc-default-executor-0] INFO  impl.FollowerInfo (FollowerInfo.java:lambda$new$0(51)) - c04805f0-1fdc-4096-9f0e-017639bb4de5@group-F66482D1AE22->61021d77-0677-40a1-98e7-8ba643935ac0: nextIndex: updateUnconditionally 0 -> 0
2019-11-11 04:06:45,933 [grpc-default-executor-4] WARN  server.GrpcLogAppender (LogUtils.java:warn(134)) - f4ab3ec0-fcec-4fb2-8953-e521da90d916@group-39D510FFD81F->61021d77-0677-40a1-98e7-8ba643935ac0-AppendLogResponseHandler: Failed appendEntries: org.apache.ratis.thirdparty.io.grpc.StatusRuntimeException: UNAVAILABLE: io exception
2019-11-11 04:06:45,933 [grpc-default-executor-4] INFO  impl.FollowerInfo (FollowerInfo.java:lambda$new$0(51)) - f4ab3ec0-fcec-4fb2-8953-e521da90d916@group-39D510FFD81F->61021d77-0677-40a1-98e7-8ba643935ac0: nextIndex: updateUnconditionally 0 -> 0
2019-11-11 04:06:46,024 [grpc-default-executor-3] WARN  server.GrpcLogAppender (LogUtils.java:warn(134)) - 9a305e64-7592-4199-ba7e-8c2223e9b548@group-F4D747E15FF8->61021d77-0677-40a1-98e7-8ba643935ac0-AppendLogResponseHandler: Failed appendEntries: org.apache.ratis.thirdparty.io.grpc.StatusRuntimeException: UNAVAILABLE: io exception
2019-11-11 04:06:46,024 [grpc-default-executor-3] INFO  impl.FollowerInfo (FollowerInfo.java:lambda$new$0(51)) - 9a305e64-7592-4199-ba7e-8c2223e9b548@group-F4D747E15FF8->61021d77-0677-40a1-98e7-8ba643935ac0: nextIndex: updateUnconditionally 8 -> 7
2019-11-11 04:06:46,059 [grpc-default-executor-3] WARN  server.GrpcLogAppender (LogUtils.java:warn(134)) - c04805f0-1fdc-4096-9f0e-017639bb4de5@group-F66482D1AE22->61021d77-0677-40a1-98e7-8ba643935ac0-AppendLogResponseHandler: Failed appendEntries: org.apache.ratis.thirdparty.io.grpc.StatusRuntimeException: UNAVAILABLE: io exception
2019-11-11 04:06:46,060 [grpc-default-executor-3] INFO  impl.FollowerInfo (FollowerInfo.java:lambda$new$0(51)) - c04805f0-1fdc-4096-9f0e-017639bb4de5@group-F66482D1AE22->61021d77-0677-40a1-98e7-8ba643935ac0: nextIndex: updateUnconditionally 0 -> 0
2019-11-11 04:06:46,434 [grpc-default-executor-3] WARN  server.GrpcLogAppender (LogUtils.java:warn(134)) - f4ab3ec0-fcec-4fb2-8953-e521da90d916@group-39D510FFD81F->61021d77-0677-40a1-98e7-8ba643935ac0-AppendLogResponseHandler: Failed appendEntries: org.apache.ratis.thirdparty.io.grpc.StatusRuntimeException: UNAVAILABLE: io exception
2019-11-11 04:06:46,435 [grpc-default-executor-3] INFO  impl.FollowerInfo (FollowerInfo.java:lambda$new$0(51)) - f4ab3ec0-fcec-4fb2-8953-e521da90d916@group-39D510FFD81F->61021d77-0677-40a1-98e7-8ba643935ac0: nextIndex: updateUnconditionally 0 -> 0
2019-11-11 04:06:46,525 [grpc-default-executor-3] WARN  server.GrpcLogAppender (LogUtils.java:warn(134)) - 9a305e64-7592-4199-ba7e-8c2223e9b548@group-F4D747E15FF8->61021d77-0677-40a1-98e7-8ba643935ac0-AppendLogResponseHandler: Failed appendEntries: org.apache.ratis.thirdparty.io.grpc.StatusRuntimeException: UNAVAILABLE: io exception
2019-11-11 04:06:46,526 [grpc-default-executor-3] INFO  impl.FollowerInfo (FollowerInfo.java:lambda$new$0(51)) - 9a305e64-7592-4199-ba7e-8c2223e9b548@group-F4D747E15FF8->61021d77-0677-40a1-98e7-8ba643935ac0: nextIndex: updateUnconditionally 7 -> 6
2019-11-11 04:06:46,560 [grpc-default-executor-3] WARN  server.GrpcLogAppender (LogUtils.java:warn(134)) - c04805f0-1fdc-4096-9f0e-017639bb4de5@group-F66482D1AE22->61021d77-0677-40a1-98e7-8ba643935ac0-AppendLogResponseHandler: Failed appendEntries: org.apache.ratis.thirdparty.io.grpc.StatusRuntimeException: UNAVAILABLE: io exception
2019-11-11 04:06:46,561 [grpc-default-executor-3] INFO  impl.FollowerInfo (FollowerInfo.java:lambda$new$0(51)) - c04805f0-1fdc-4096-9f0e-017639bb4de5@group-F66482D1AE22->61021d77-0677-40a1-98e7-8ba643935ac0: nextIndex: updateUnconditionally 0 -> 0
2019-11-11 04:06:46,936 [grpc-default-executor-0] WARN  server.GrpcLogAppender (LogUtils.java:warn(134)) - f4ab3ec0-fcec-4fb2-8953-e521da90d916@group-39D510FFD81F->61021d77-0677-40a1-98e7-8ba643935ac0-AppendLogResponseHandler: Failed appendEntries: org.apache.ratis.thirdparty.io.grpc.StatusRuntimeException: UNAVAILABLE: io exception
2019-11-11 04:06:46,936 [grpc-default-executor-0] INFO  impl.FollowerInfo (FollowerInfo.java:lambda$new$0(51)) - f4ab3ec0-fcec-4fb2-8953-e521da90d916@group-39D510FFD81F->61021d77-0677-40a1-98e7-8ba643935ac0: nextIndex: updateUnconditionally 0 -> 0
2019-11-11 04:06:47,039 [grpc-default-executor-0] WARN  server.GrpcLogAppender (LogUtils.java:warn(134)) - 9a305e64-7592-4199-ba7e-8c2223e9b548@group-F4D747E15FF8->61021d77-0677-40a1-98e7-8ba643935ac0-AppendLogResponseHandler: Failed appendEntries: org.apache.ratis.thirdparty.io.grpc.StatusRuntimeException: UNAVAILABLE: io exception
2019-11-11 04:06:47,039 [grpc-default-executor-0] INFO  impl.FollowerInfo (FollowerInfo.java:lambda$new$0(51)) - 9a305e64-7592-4199-ba7e-8c2223e9b548@group-F4D747E15FF8->61021d77-0677-40a1-98e7-8ba643935ac0: nextIndex: updateUnconditionally 6 -> 5
2019-11-11 04:06:47,088 [grpc-default-executor-4] WARN  server.GrpcLogAppender (LogUtils.java:warn(134)) - c04805f0-1fdc-4096-9f0e-017639bb4de5@group-F66482D1AE22->61021d77-0677-40a1-98e7-8ba643935ac0-AppendLogResponseHandler: Failed appendEntries: org.apache.ratis.thirdparty.io.grpc.StatusRuntimeException: UNAVAILABLE: io exception
2019-11-11 04:06:47,089 [grpc-default-executor-4] INFO  impl.FollowerInfo (FollowerInfo.java:lambda$new$0(51)) - c04805f0-1fdc-4096-9f0e-017639bb4de5@group-F66482D1AE22->61021d77-0677-40a1-98e7-8ba643935ac0: nextIndex: updateUnconditionally 0 -> 0
2019-11-11 04:06:47,437 [grpc-default-executor-3] WARN  server.GrpcLogAppender (LogUtils.java:warn(134)) - f4ab3ec0-fcec-4fb2-8953-e521da90d916@group-39D510FFD81F->61021d77-0677-40a1-98e7-8ba643935ac0-AppendLogResponseHandler: Failed appendEntries: org.apache.ratis.thirdparty.io.grpc.StatusRuntimeException: UNAVAILABLE: io exception
2019-11-11 04:06:47,437 [grpc-default-executor-3] INFO  impl.FollowerInfo (FollowerInfo.java:lambda$new$0(51)) - f4ab3ec0-fcec-4fb2-8953-e521da90d916@group-39D510FFD81F->61021d77-0677-40a1-98e7-8ba643935ac0: nextIndex: updateUnconditionally 0 -> 0
2019-11-11 04:06:47,449 [grpc-default-executor-4] WARN  server.GrpcLogAppender (LogUtils.java:warn(134)) - f4ab3ec0-fcec-4fb2-8953-e521da90d916@group-39D510FFD81F->61021d77-0677-40a1-98e7-8ba643935ac0-AppendLogResponseHandler: Failed appendEntries: org.apache.ratis.thirdparty.io.grpc.StatusRuntimeException: UNAVAILABLE: io exception
2019-11-11 04:06:47,449 [grpc-default-executor-4] INFO  impl.FollowerInfo (FollowerInfo.java:lambda$new$0(51)) - f4ab3ec0-fcec-4fb2-8953-e521da90d916@group-39D510FFD81F->61021d77-0677-40a1-98e7-8ba643935ac0: nextIndex: updateUnconditionally 1 -> 0
2019-11-11 04:06:47,539 [grpc-default-executor-3] WARN  server.GrpcLogAppender (LogUtils.java:warn(134)) - 9a305e64-7592-4199-ba7e-8c2223e9b548@group-F4D747E15FF8->61021d77-0677-40a1-98e7-8ba643935ac0-AppendLogResponseHandler: Failed appendEntries: org.apache.ratis.thirdparty.io.grpc.StatusRuntimeException: UNAVAILABLE: io exception
2019-11-11 04:06:47,540 [grpc-default-executor-3] INFO  impl.FollowerInfo (FollowerInfo.java:lambda$new$0(51)) - 9a305e64-7592-4199-ba7e-8c2223e9b548@group-F4D747E15FF8->61021d77-0677-40a1-98e7-8ba643935ac0: nextIndex: updateUnconditionally 5 -> 4
2019-11-11 04:06:47,590 [grpc-default-executor-3] WARN  server.GrpcLogAppender (LogUtils.java:warn(134)) - c04805f0-1fdc-4096-9f0e-017639bb4de5@group-F66482D1AE22->61021d77-0677-40a1-98e7-8ba643935ac0-AppendLogResponseHandler: Failed appendEntries: org.apache.ratis.thirdparty.io.grpc.StatusRuntimeException: UNAVAILABLE: io exception
2019-11-11 04:06:47,590 [grpc-default-executor-3] INFO  impl.FollowerInfo (FollowerInfo.java:lambda$new$0(51)) - c04805f0-1fdc-4096-9f0e-017639bb4de5@group-F66482D1AE22->61021d77-0677-40a1-98e7-8ba643935ac0: nextIndex: updateUnconditionally 0 -> 0
2019-11-11 04:06:47,758 [Thread-700] INFO  client.GrpcClientProtocolService (GrpcClientProtocolService.java:lambda$processClientRequest$0(279)) - Failed RaftClientRequest:client-288C807A782E->9a305e64-7592-4199-ba7e-8c2223e9b548@group-F4D747E15FF8, cid=42, seq=0, Watch-ALL_COMMITTED(41), Message:<EMPTY>, reply=RaftClientReply:client-288C807A782E->9a305e64-7592-4199-ba7e-8c2223e9b548@group-F4D747E15FF8, cid=42, FAILED org.apache.ratis.protocol.NotReplicatedException: Request with call Id 42 and log index 41 is not yet replicated to ALL_COMMITTED, logIndex=41, commits[9a305e64-7592-4199-ba7e-8c2223e9b548:c45, 61021d77-0677-40a1-98e7-8ba643935ac0:c37, f4ab3ec0-fcec-4fb2-8953-e521da90d916:c45]
2019-11-11 04:06:47,949 [grpc-default-executor-4] WARN  server.GrpcLogAppender (LogUtils.java:warn(134)) - f4ab3ec0-fcec-4fb2-8953-e521da90d916@group-39D510FFD81F->61021d77-0677-40a1-98e7-8ba643935ac0-AppendLogResponseHandler: Failed appendEntries: org.apache.ratis.thirdparty.io.grpc.StatusRuntimeException: UNAVAILABLE: io exception
2019-11-11 04:06:47,950 [grpc-default-executor-4] INFO  impl.FollowerInfo (FollowerInfo.java:lambda$new$0(51)) - f4ab3ec0-fcec-4fb2-8953-e521da90d916@group-39D510FFD81F->61021d77-0677-40a1-98e7-8ba643935ac0: nextIndex: updateUnconditionally 0 -> 0
2019-11-11 04:06:48,040 [grpc-default-executor-3] WARN  server.GrpcLogAppender (LogUtils.java:warn(134)) - 9a305e64-7592-4199-ba7e-8c2223e9b548@group-F4D747E15FF8->61021d77-0677-40a1-98e7-8ba643935ac0-AppendLogResponseHandler: Failed appendEntries: org.apache.ratis.thirdparty.io.grpc.StatusRuntimeException: UNAVAILABLE: io exception
2019-11-11 04:06:48,042 [grpc-default-executor-3] INFO  impl.FollowerInfo (FollowerInfo.java:lambda$new$0(51)) - 9a305e64-7592-4199-ba7e-8c2223e9b548@group-F4D747E15FF8->61021d77-0677-40a1-98e7-8ba643935ac0: nextIndex: updateUnconditionally 4 -> 3
2019-11-11 04:06:48,090 [grpc-default-executor-5] WARN  server.GrpcLogAppender (LogUtils.java:warn(134)) - c04805f0-1fdc-4096-9f0e-017639bb4de5@group-F66482D1AE22->61021d77-0677-40a1-98e7-8ba643935ac0-AppendLogResponseHandler: Failed appendEntries: org.apache.ratis.thirdparty.io.grpc.StatusRuntimeException: UNAVAILABLE: io exception
2019-11-11 04:06:48,091 [grpc-default-executor-5] INFO  impl.FollowerInfo (FollowerInfo.java:lambda$new$0(51)) - c04805f0-1fdc-4096-9f0e-017639bb4de5@group-F66482D1AE22->61021d77-0677-40a1-98e7-8ba643935ac0: nextIndex: updateUnconditionally 0 -> 0
2019-11-11 04:06:48,113 [grpc-default-executor-0] WARN  server.GrpcLogAppender (LogUtils.java:warn(134)) - 9a305e64-7592-4199-ba7e-8c2223e9b548@group-F4D747E15FF8->61021d77-0677-40a1-98e7-8ba643935ac0-AppendLogResponseHandler: Failed appendEntries: org.apache.ratis.thirdparty.io.grpc.StatusRuntimeException: UNAVAILABLE: io exception
2019-11-11 04:06:48,116 [grpc-default-executor-0] INFO  impl.FollowerInfo (FollowerInfo.java:lambda$new$0(51)) - 9a305e64-7592-4199-ba7e-8c2223e9b548@group-F4D747E15FF8->61021d77-0677-40a1-98e7-8ba643935ac0: nextIndex: updateUnconditionally 4 -> 3
2019-11-11 04:06:48,121 [grpc-default-executor-4] WARN  server.GrpcLogAppender (LogUtils.java:warn(134)) - 9a305e64-7592-4199-ba7e-8c2223e9b548@group-F4D747E15FF8->61021d77-0677-40a1-98e7-8ba643935ac0-AppendLogResponseHandler: Failed appendEntries: org.apache.ratis.thirdparty.io.grpc.StatusRuntimeException: UNAVAILABLE: io exception
2019-11-11 04:06:48,122 [grpc-default-executor-4] INFO  impl.FollowerInfo (FollowerInfo.java:lambda$new$0(51)) - 9a305e64-7592-4199-ba7e-8c2223e9b548@group-F4D747E15FF8->61021d77-0677-40a1-98e7-8ba643935ac0: nextIndex: updateUnconditionally 4 -> 3
2019-11-11 04:06:48,125 [grpc-default-executor-0] WARN  server.GrpcLogAppender (LogUtils.java:warn(134)) - 9a305e64-7592-4199-ba7e-8c2223e9b548@group-F4D747E15FF8->61021d77-0677-40a1-98e7-8ba643935ac0-AppendLogResponseHandler: Failed appendEntries: org.apache.ratis.thirdparty.io.grpc.StatusRuntimeException: UNAVAILABLE: io exception
2019-11-11 04:06:48,125 [grpc-default-executor-0] INFO  impl.FollowerInfo (FollowerInfo.java:lambda$new$0(51)) - 9a305e64-7592-4199-ba7e-8c2223e9b548@group-F4D747E15FF8->61021d77-0677-40a1-98e7-8ba643935ac0: nextIndex: updateUnconditionally 4 -> 3
2019-11-11 04:06:48,136 [grpc-default-executor-4] WARN  server.GrpcLogAppender (LogUtils.java:warn(134)) - 9a305e64-7592-4199-ba7e-8c2223e9b548@group-F4D747E15FF8->61021d77-0677-40a1-98e7-8ba643935ac0-AppendLogResponseHandler: Failed appendEntries: org.apache.ratis.thirdparty.io.grpc.StatusRuntimeException: UNAVAILABLE: io exception
2019-11-11 04:06:48,137 [grpc-default-executor-4] INFO  impl.FollowerInfo (FollowerInfo.java:lambda$new$0(51)) - 9a305e64-7592-4199-ba7e-8c2223e9b548@group-F4D747E15FF8->61021d77-0677-40a1-98e7-8ba643935ac0: nextIndex: updateUnconditionally 4 -> 3
2019-11-11 04:06:48,150 [grpc-default-executor-4] WARN  server.GrpcLogAppender (LogUtils.java:warn(134)) - 9a305e64-7592-4199-ba7e-8c2223e9b548@group-F4D747E15FF8->61021d77-0677-40a1-98e7-8ba643935ac0-AppendLogResponseHandler: Failed appendEntries: org.apache.ratis.thirdparty.io.grpc.StatusRuntimeException: UNAVAILABLE: io exception
2019-11-11 04:06:48,150 [grpc-default-executor-4] INFO  impl.FollowerInfo (FollowerInfo.java:lambda$new$0(51)) - 9a305e64-7592-4199-ba7e-8c2223e9b548@group-F4D747E15FF8->61021d77-0677-40a1-98e7-8ba643935ac0: nextIndex: updateUnconditionally 4 -> 3
2019-11-11 04:06:48,450 [grpc-default-executor-5] WARN  server.GrpcLogAppender (LogUtils.java:warn(134)) - f4ab3ec0-fcec-4fb2-8953-e521da90d916@group-39D510FFD81F->61021d77-0677-40a1-98e7-8ba643935ac0-AppendLogResponseHandler: Failed appendEntries: org.apache.ratis.thirdparty.io.grpc.StatusRuntimeException: UNAVAILABLE: io exception
2019-11-11 04:06:48,450 [grpc-default-executor-5] INFO  impl.FollowerInfo (FollowerInfo.java:lambda$new$0(51)) - f4ab3ec0-fcec-4fb2-8953-e521da90d916@group-39D510FFD81F->61021d77-0677-40a1-98e7-8ba643935ac0: nextIndex: updateUnconditionally 0 -> 0
2019-11-11 04:06:48,591 [grpc-default-executor-5] WARN  server.GrpcLogAppender (LogUtils.java:warn(134)) - c04805f0-1fdc-4096-9f0e-017639bb4de5@group-F66482D1AE22->61021d77-0677-40a1-98e7-8ba643935ac0-AppendLogResponseHandler: Failed appendEntries: org.apache.ratis.thirdparty.io.grpc.StatusRuntimeException: UNAVAILABLE: io exception
2019-11-11 04:06:48,591 [grpc-default-executor-5] INFO  impl.FollowerInfo (FollowerInfo.java:lambda$new$0(51)) - c04805f0-1fdc-4096-9f0e-017639bb4de5@group-F66482D1AE22->61021d77-0677-40a1-98e7-8ba643935ac0: nextIndex: updateUnconditionally 0 -> 0
2019-11-11 04:06:48,651 [grpc-default-executor-4] WARN  server.GrpcLogAppender (LogUtils.java:warn(134)) - 9a305e64-7592-4199-ba7e-8c2223e9b548@group-F4D747E15FF8->61021d77-0677-40a1-98e7-8ba643935ac0-AppendLogResponseHandler: Failed appendEntries: org.apache.ratis.thirdparty.io.grpc.StatusRuntimeException: UNAVAILABLE: io exception
2019-11-11 04:06:48,652 [grpc-default-executor-4] INFO  impl.FollowerInfo (FollowerInfo.java:lambda$new$0(51)) - 9a305e64-7592-4199-ba7e-8c2223e9b548@group-F4D747E15FF8->61021d77-0677-40a1-98e7-8ba643935ac0: nextIndex: updateUnconditionally 3 -> 2
2019-11-11 04:06:48,951 [grpc-default-executor-0] WARN  server.GrpcLogAppender (LogUtils.java:warn(134)) - f4ab3ec0-fcec-4fb2-8953-e521da90d916@group-39D510FFD81F->61021d77-0677-40a1-98e7-8ba643935ac0-AppendLogResponseHandler: Failed appendEntries: org.apache.ratis.thirdparty.io.grpc.StatusRuntimeException: UNAVAILABLE: io exception
2019-11-11 04:06:48,952 [grpc-default-executor-0] INFO  impl.FollowerInfo (FollowerInfo.java:lambda$new$0(51)) - f4ab3ec0-fcec-4fb2-8953-e521da90d916@group-39D510FFD81F->61021d77-0677-40a1-98e7-8ba643935ac0: nextIndex: updateUnconditionally 0 -> 0
2019-11-11 04:06:49,092 [grpc-default-executor-5] WARN  server.GrpcLogAppender (LogUtils.java:warn(134)) - c04805f0-1fdc-4096-9f0e-017639bb4de5@group-F66482D1AE22->61021d77-0677-40a1-98e7-8ba643935ac0-AppendLogResponseHandler: Failed appendEntries: org.apache.ratis.thirdparty.io.grpc.StatusRuntimeException: UNAVAILABLE: io exception
2019-11-11 04:06:49,092 [grpc-default-executor-5] INFO  impl.FollowerInfo (FollowerInfo.java:lambda$new$0(51)) - c04805f0-1fdc-4096-9f0e-017639bb4de5@group-F66482D1AE22->61021d77-0677-40a1-98e7-8ba643935ac0: nextIndex: updateUnconditionally 0 -> 0
2019-11-11 04:06:49,152 [grpc-default-executor-4] WARN  server.GrpcLogAppender (LogUtils.java:warn(134)) - 9a305e64-7592-4199-ba7e-8c2223e9b548@group-F4D747E15FF8->61021d77-0677-40a1-98e7-8ba643935ac0-AppendLogResponseHandler: Failed appendEntries: org.apache.ratis.thirdparty.io.grpc.StatusRuntimeException: UNAVAILABLE: io exception
2019-11-11 04:06:49,152 [grpc-default-executor-4] INFO  impl.FollowerInfo (FollowerInfo.java:lambda$new$0(51)) - 9a305e64-7592-4199-ba7e-8c2223e9b548@group-F4D747E15FF8->61021d77-0677-40a1-98e7-8ba643935ac0: nextIndex: updateUnconditionally 2 -> 1
2019-11-11 04:06:49,452 [grpc-default-executor-5] WARN  server.GrpcLogAppender (LogUtils.java:warn(134)) - f4ab3ec0-fcec-4fb2-8953-e521da90d916@group-39D510FFD81F->61021d77-0677-40a1-98e7-8ba643935ac0-AppendLogResponseHandler: Failed appendEntries: org.apache.ratis.thirdparty.io.grpc.StatusRuntimeException: UNAVAILABLE: io exception
2019-11-11 04:06:49,452 [grpc-default-executor-5] INFO  impl.FollowerInfo (FollowerInfo.java:lambda$new$0(51)) - f4ab3ec0-fcec-4fb2-8953-e521da90d916@group-39D510FFD81F->61021d77-0677-40a1-98e7-8ba643935ac0: nextIndex: updateUnconditionally 0 -> 0
2019-11-11 04:06:49,592 [grpc-default-executor-4] WARN  server.GrpcLogAppender (LogUtils.java:warn(134)) - c04805f0-1fdc-4096-9f0e-017639bb4de5@group-F66482D1AE22->61021d77-0677-40a1-98e7-8ba643935ac0-AppendLogResponseHandler: Failed appendEntries: org.apache.ratis.thirdparty.io.grpc.StatusRuntimeException: UNAVAILABLE: io exception
2019-11-11 04:06:49,592 [grpc-default-executor-4] INFO  impl.FollowerInfo (FollowerInfo.java:lambda$new$0(51)) - c04805f0-1fdc-4096-9f0e-017639bb4de5@group-F66482D1AE22->61021d77-0677-40a1-98e7-8ba643935ac0: nextIndex: updateUnconditionally 0 -> 0
2019-11-11 04:06:49,653 [grpc-default-executor-5] WARN  server.GrpcLogAppender (LogUtils.java:warn(134)) - 9a305e64-7592-4199-ba7e-8c2223e9b548@group-F4D747E15FF8->61021d77-0677-40a1-98e7-8ba643935ac0-AppendLogResponseHandler: Failed appendEntries: org.apache.ratis.thirdparty.io.grpc.StatusRuntimeException: UNAVAILABLE: io exception
2019-11-11 04:06:49,653 [grpc-default-executor-5] INFO  impl.FollowerInfo (FollowerInfo.java:lambda$new$0(51)) - 9a305e64-7592-4199-ba7e-8c2223e9b548@group-F4D747E15FF8->61021d77-0677-40a1-98e7-8ba643935ac0: nextIndex: updateUnconditionally 1 -> 0
2019-11-11 04:06:49,953 [grpc-default-executor-0] WARN  server.GrpcLogAppender (LogUtils.java:warn(134)) - f4ab3ec0-fcec-4fb2-8953-e521da90d916@group-39D510FFD81F->61021d77-0677-40a1-98e7-8ba643935ac0-AppendLogResponseHandler: Failed appendEntries: org.apache.ratis.thirdparty.io.grpc.StatusRuntimeException: UNAVAILABLE: io exception
2019-11-11 04:06:49,953 [grpc-default-executor-0] INFO  impl.FollowerInfo (FollowerInfo.java:lambda$new$0(51)) - f4ab3ec0-fcec-4fb2-8953-e521da90d916@group-39D510FFD81F->61021d77-0677-40a1-98e7-8ba643935ac0: nextIndex: updateUnconditionally 0 -> 0
2019-11-11 04:06:50,055 [Thread-731] INFO  client.GrpcClientProtocolService (GrpcClientProtocolService.java:lambda$processClientRequest$0(279)) - Failed RaftClientRequest:client-288C807A782E->f4ab3ec0-fcec-4fb2-8953-e521da90d916@group-F4D747E15FF8, cid=42, seq=0, Watch-ALL_COMMITTED(41), Message:<EMPTY>, reply=RaftClientReply:client-288C807A782E->f4ab3ec0-fcec-4fb2-8953-e521da90d916@group-F4D747E15FF8, cid=42, FAILED org.apache.ratis.protocol.NotLeaderException: Server f4ab3ec0-fcec-4fb2-8953-e521da90d916@group-F4D747E15FF8 is not the leader 9a305e64-7592-4199-ba7e-8c2223e9b548:192.168.34.63:35969, logIndex=0, commits[f4ab3ec0-fcec-4fb2-8953-e521da90d916:c52, 61021d77-0677-40a1-98e7-8ba643935ac0:c37, 9a305e64-7592-4199-ba7e-8c2223e9b548:c52]
2019-11-11 04:06:50,093 [grpc-default-executor-4] WARN  server.GrpcLogAppender (LogUtils.java:warn(134)) - c04805f0-1fdc-4096-9f0e-017639bb4de5@group-F66482D1AE22->61021d77-0677-40a1-98e7-8ba643935ac0-AppendLogResponseHandler: Failed appendEntries: org.apache.ratis.thirdparty.io.grpc.StatusRuntimeException: UNAVAILABLE: io exception
2019-11-11 04:06:50,093 [grpc-default-executor-4] INFO  impl.FollowerInfo (FollowerInfo.java:lambda$new$0(51)) - c04805f0-1fdc-4096-9f0e-017639bb4de5@group-F66482D1AE22->61021d77-0677-40a1-98e7-8ba643935ac0: nextIndex: updateUnconditionally 0 -> 0
2019-11-11 04:06:50,153 [grpc-default-executor-0] WARN  server.GrpcLogAppender (LogUtils.java:warn(134)) - 9a305e64-7592-4199-ba7e-8c2223e9b548@group-F4D747E15FF8->61021d77-0677-40a1-98e7-8ba643935ac0-AppendLogResponseHandler: Failed appendEntries: org.apache.ratis.thirdparty.io.grpc.StatusRuntimeException: UNAVAILABLE: io exception
2019-11-11 04:06:50,155 [grpc-default-executor-0] INFO  impl.FollowerInfo (FollowerInfo.java:lambda$new$0(51)) - 9a305e64-7592-4199-ba7e-8c2223e9b548@group-F4D747E15FF8->61021d77-0677-40a1-98e7-8ba643935ac0: nextIndex: updateUnconditionally 0 -> 0
2019-11-11 04:06:50,454 [grpc-default-executor-5] WARN  server.GrpcLogAppender (LogUtils.java:warn(134)) - f4ab3ec0-fcec-4fb2-8953-e521da90d916@group-39D510FFD81F->61021d77-0677-40a1-98e7-8ba643935ac0-AppendLogResponseHandler: Failed appendEntries: org.apache.ratis.thirdparty.io.grpc.StatusRuntimeException: UNAVAILABLE: io exception
2019-11-11 04:06:50,454 [grpc-default-executor-5] INFO  impl.FollowerInfo (FollowerInfo.java:lambda$new$0(51)) - f4ab3ec0-fcec-4fb2-8953-e521da90d916@group-39D510FFD81F->61021d77-0677-40a1-98e7-8ba643935ac0: nextIndex: updateUnconditionally 0 -> 0
2019-11-11 04:06:50,594 [grpc-default-executor-5] WARN  server.GrpcLogAppender (LogUtils.java:warn(134)) - c04805f0-1fdc-4096-9f0e-017639bb4de5@group-F66482D1AE22->61021d77-0677-40a1-98e7-8ba643935ac0-AppendLogResponseHandler: Failed appendEntries: org.apache.ratis.thirdparty.io.grpc.StatusRuntimeException: UNAVAILABLE: io exception
2019-11-11 04:06:50,595 [grpc-default-executor-5] INFO  impl.FollowerInfo (FollowerInfo.java:lambda$new$0(51)) - c04805f0-1fdc-4096-9f0e-017639bb4de5@group-F66482D1AE22->61021d77-0677-40a1-98e7-8ba643935ac0: nextIndex: updateUnconditionally 0 -> 0
2019-11-11 04:06:50,655 [grpc-default-executor-4] WARN  server.GrpcLogAppender (LogUtils.java:warn(134)) - 9a305e64-7592-4199-ba7e-8c2223e9b548@group-F4D747E15FF8->61021d77-0677-40a1-98e7-8ba643935ac0-AppendLogResponseHandler: Failed appendEntries: org.apache.ratis.thirdparty.io.grpc.StatusRuntimeException: UNAVAILABLE: io exception
2019-11-11 04:06:50,655 [grpc-default-executor-4] INFO  impl.FollowerInfo (FollowerInfo.java:lambda$new$0(51)) - 9a305e64-7592-4199-ba7e-8c2223e9b548@group-F4D747E15FF8->61021d77-0677-40a1-98e7-8ba643935ac0: nextIndex: updateUnconditionally 0 -> 0
2019-11-11 04:06:50,757 [Thread-739] INFO  client.GrpcClientProtocolService (GrpcClientProtocolService.java:lambda$processClientRequest$0(279)) - Failed RaftClientRequest:client-288C807A782E->9a305e64-7592-4199-ba7e-8c2223e9b548@group-F4D747E15FF8, cid=40, seq=0, Watch-ALL_COMMITTED(39), Message:<EMPTY>, reply=RaftClientReply:client-288C807A782E->9a305e64-7592-4199-ba7e-8c2223e9b548@group-F4D747E15FF8, cid=40, FAILED org.apache.ratis.protocol.NotReplicatedException: Request with call Id 40 and log index 39 is not yet replicated to ALL_COMMITTED, logIndex=39, commits[9a305e64-7592-4199-ba7e-8c2223e9b548:c52, 61021d77-0677-40a1-98e7-8ba643935ac0:c37, f4ab3ec0-fcec-4fb2-8953-e521da90d916:c52]
2019-11-11 04:06:50,955 [grpc-default-executor-5] WARN  server.GrpcLogAppender (LogUtils.java:warn(134)) - f4ab3ec0-fcec-4fb2-8953-e521da90d916@group-39D510FFD81F->61021d77-0677-40a1-98e7-8ba643935ac0-AppendLogResponseHandler: Failed appendEntries: org.apache.ratis.thirdparty.io.grpc.StatusRuntimeException: UNAVAILABLE: io exception
2019-11-11 04:06:50,955 [grpc-default-executor-5] INFO  impl.FollowerInfo (FollowerInfo.java:lambda$new$0(51)) - f4ab3ec0-fcec-4fb2-8953-e521da90d916@group-39D510FFD81F->61021d77-0677-40a1-98e7-8ba643935ac0: nextIndex: updateUnconditionally 0 -> 0
2019-11-11 04:06:51,241 [grpc-default-executor-4] WARN  server.GrpcLogAppender (LogUtils.java:warn(134)) - c04805f0-1fdc-4096-9f0e-017639bb4de5@group-F66482D1AE22->61021d77-0677-40a1-98e7-8ba643935ac0-AppendLogResponseHandler: Failed appendEntries: org.apache.ratis.thirdparty.io.grpc.StatusRuntimeException: UNAVAILABLE: io exception
2019-11-11 04:06:51,254 [grpc-default-executor-4] INFO  impl.FollowerInfo (FollowerInfo.java:lambda$new$0(51)) - c04805f0-1fdc-4096-9f0e-017639bb4de5@group-F66482D1AE22->61021d77-0677-40a1-98e7-8ba643935ac0: nextIndex: updateUnconditionally 0 -> 0
2019-11-11 04:06:51,263 [grpc-default-executor-3] WARN  server.GrpcLogAppender (LogUtils.java:warn(134)) - 9a305e64-7592-4199-ba7e-8c2223e9b548@group-F4D747E15FF8->61021d77-0677-40a1-98e7-8ba643935ac0-AppendLogResponseHandler: Failed appendEntries: org.apache.ratis.thirdparty.io.grpc.StatusRuntimeException: UNAVAILABLE: io exception
2019-11-11 04:06:51,309 [grpc-default-executor-3] INFO  impl.FollowerInfo (FollowerInfo.java:lambda$new$0(51)) - 9a305e64-7592-4199-ba7e-8c2223e9b548@group-F4D747E15FF8->61021d77-0677-40a1-98e7-8ba643935ac0: nextIndex: updateUnconditionally 0 -> 0
2019-11-11 04:06:51,456 [grpc-default-executor-0] WARN  server.GrpcLogAppender (LogUtils.java:warn(134)) - f4ab3ec0-fcec-4fb2-8953-e521da90d916@group-39D510FFD81F->61021d77-0677-40a1-98e7-8ba643935ac0-AppendLogResponseHandler: Failed appendEntries: org.apache.ratis.thirdparty.io.grpc.StatusRuntimeException: UNAVAILABLE: io exception
2019-11-11 04:06:51,457 [grpc-default-executor-0] INFO  impl.FollowerInfo (FollowerInfo.java:lambda$new$0(51)) - f4ab3ec0-fcec-4fb2-8953-e521da90d916@group-39D510FFD81F->61021d77-0677-40a1-98e7-8ba643935ac0: nextIndex: updateUnconditionally 0 -> 0
2019-11-11 04:06:51,743 [grpc-default-executor-0] WARN  server.GrpcLogAppender (LogUtils.java:warn(134)) - 9a305e64-7592-4199-ba7e-8c2223e9b548@group-F4D747E15FF8->61021d77-0677-40a1-98e7-8ba643935ac0-AppendLogResponseHandler: Failed appendEntries: org.apache.ratis.thirdparty.io.grpc.StatusRuntimeException: UNAVAILABLE: io exception
2019-11-11 04:06:51,743 [grpc-default-executor-5] WARN  server.GrpcLogAppender (LogUtils.java:warn(134)) - c04805f0-1fdc-4096-9f0e-017639bb4de5@group-F66482D1AE22->61021d77-0677-40a1-98e7-8ba643935ac0-AppendLogResponseHandler: Failed appendEntries: org.apache.ratis.thirdparty.io.grpc.StatusRuntimeException: UNAVAILABLE: io exception
2019-11-11 04:06:51,743 [grpc-default-executor-0] INFO  impl.FollowerInfo (FollowerInfo.java:lambda$new$0(51)) - 9a305e64-7592-4199-ba7e-8c2223e9b548@group-F4D747E15FF8->61021d77-0677-40a1-98e7-8ba643935ac0: nextIndex: updateUnconditionally 0 -> 0
2019-11-11 04:06:51,743 [grpc-default-executor-5] INFO  impl.FollowerInfo (FollowerInfo.java:lambda$new$0(51)) - c04805f0-1fdc-4096-9f0e-017639bb4de5@group-F66482D1AE22->61021d77-0677-40a1-98e7-8ba643935ac0: nextIndex: updateUnconditionally 0 -> 0
2019-11-11 04:06:51,957 [grpc-default-executor-3] WARN  server.GrpcLogAppender (LogUtils.java:warn(134)) - f4ab3ec0-fcec-4fb2-8953-e521da90d916@group-39D510FFD81F->61021d77-0677-40a1-98e7-8ba643935ac0-AppendLogResponseHandler: Failed appendEntries: org.apache.ratis.thirdparty.io.grpc.StatusRuntimeException: UNAVAILABLE: io exception
2019-11-11 04:06:51,957 [grpc-default-executor-3] INFO  impl.FollowerInfo (FollowerInfo.java:lambda$new$0(51)) - f4ab3ec0-fcec-4fb2-8953-e521da90d916@group-39D510FFD81F->61021d77-0677-40a1-98e7-8ba643935ac0: nextIndex: updateUnconditionally 0 -> 0
2019-11-11 04:06:52,243 [grpc-default-executor-5] WARN  server.GrpcLogAppender (LogUtils.java:warn(134)) - c04805f0-1fdc-4096-9f0e-017639bb4de5@group-F66482D1AE22->61021d77-0677-40a1-98e7-8ba643935ac0-AppendLogResponseHandler: Failed appendEntries: org.apache.ratis.thirdparty.io.grpc.StatusRuntimeException: UNAVAILABLE: io exception
2019-11-11 04:06:52,243 [grpc-default-executor-2] WARN  server.GrpcLogAppender (LogUtils.java:warn(134)) - 9a305e64-7592-4199-ba7e-8c2223e9b548@group-F4D747E15FF8->61021d77-0677-40a1-98e7-8ba643935ac0-AppendLogResponseHandler: Failed appendEntries: org.apache.ratis.thirdparty.io.grpc.StatusRuntimeException: UNAVAILABLE: io exception
2019-11-11 04:06:52,243 [grpc-default-executor-5] INFO  impl.FollowerInfo (FollowerInfo.java:lambda$new$0(51)) - c04805f0-1fdc-4096-9f0e-017639bb4de5@group-F66482D1AE22->61021d77-0677-40a1-98e7-8ba643935ac0: nextIndex: updateUnconditionally 0 -> 0
2019-11-11 04:06:52,243 [grpc-default-executor-2] INFO  impl.FollowerInfo (FollowerInfo.java:lambda$new$0(51)) - 9a305e64-7592-4199-ba7e-8c2223e9b548@group-F4D747E15FF8->61021d77-0677-40a1-98e7-8ba643935ac0: nextIndex: updateUnconditionally 0 -> 0
2019-11-11 04:06:52,458 [grpc-default-executor-3] WARN  server.GrpcLogAppender (LogUtils.java:warn(134)) - f4ab3ec0-fcec-4fb2-8953-e521da90d916@group-39D510FFD81F->61021d77-0677-40a1-98e7-8ba643935ac0-AppendLogResponseHandler: Failed appendEntries: org.apache.ratis.thirdparty.io.grpc.StatusRuntimeException: UNAVAILABLE: io exception
2019-11-11 04:06:52,459 [grpc-default-executor-3] INFO  impl.FollowerInfo (FollowerInfo.java:lambda$new$0(51)) - f4ab3ec0-fcec-4fb2-8953-e521da90d916@group-39D510FFD81F->61021d77-0677-40a1-98e7-8ba643935ac0: nextIndex: updateUnconditionally 0 -> 0
2019-11-11 04:06:52,744 [grpc-default-executor-4] WARN  server.GrpcLogAppender (LogUtils.java:warn(134)) - c04805f0-1fdc-4096-9f0e-017639bb4de5@group-F66482D1AE22->61021d77-0677-40a1-98e7-8ba643935ac0-AppendLogResponseHandler: Failed appendEntries: org.apache.ratis.thirdparty.io.grpc.StatusRuntimeException: UNAVAILABLE: io exception
2019-11-11 04:06:52,744 [grpc-default-executor-5] WARN  server.GrpcLogAppender (LogUtils.java:warn(134)) - 9a305e64-7592-4199-ba7e-8c2223e9b548@group-F4D747E15FF8->61021d77-0677-40a1-98e7-8ba643935ac0-AppendLogResponseHandler: Failed appendEntries: org.apache.ratis.thirdparty.io.grpc.StatusRuntimeException: UNAVAILABLE: io exception
2019-11-11 04:06:52,745 [grpc-default-executor-4] INFO  impl.FollowerInfo (FollowerInfo.java:lambda$new$0(51)) - c04805f0-1fdc-4096-9f0e-017639bb4de5@group-F66482D1AE22->61021d77-0677-40a1-98e7-8ba643935ac0: nextIndex: updateUnconditionally 0 -> 0
2019-11-11 04:06:52,745 [grpc-default-executor-5] INFO  impl.FollowerInfo (FollowerInfo.java:lambda$new$0(51)) - 9a305e64-7592-4199-ba7e-8c2223e9b548@group-F4D747E15FF8->61021d77-0677-40a1-98e7-8ba643935ac0: nextIndex: updateUnconditionally 0 -> 0
2019-11-11 04:06:52,763 [Thread-751] INFO  client.GrpcClientProtocolService (GrpcClientProtocolService.java:lambda$processClientRequest$0(279)) - Failed RaftClientRequest:client-288C807A782E->9a305e64-7592-4199-ba7e-8c2223e9b548@group-F4D747E15FF8, cid=40, seq=0, Watch-ALL_COMMITTED(39), Message:<EMPTY>, reply=RaftClientReply:client-288C807A782E->9a305e64-7592-4199-ba7e-8c2223e9b548@group-F4D747E15FF8, cid=40, FAILED org.apache.ratis.protocol.NotReplicatedException: Request with call Id 40 and log index 39 is not yet replicated to ALL_COMMITTED, logIndex=39, commits[9a305e64-7592-4199-ba7e-8c2223e9b548:c52, 61021d77-0677-40a1-98e7-8ba643935ac0:c37, f4ab3ec0-fcec-4fb2-8953-e521da90d916:c52]
2019-11-11 04:06:52,959 [grpc-default-executor-2] WARN  server.GrpcLogAppender (LogUtils.java:warn(134)) - f4ab3ec0-fcec-4fb2-8953-e521da90d916@group-39D510FFD81F->61021d77-0677-40a1-98e7-8ba643935ac0-AppendLogResponseHandler: Failed appendEntries: org.apache.ratis.thirdparty.io.grpc.StatusRuntimeException: UNAVAILABLE: io exception
2019-11-11 04:06:52,959 [grpc-default-executor-2] INFO  impl.FollowerInfo (FollowerInfo.java:lambda$new$0(51)) - f4ab3ec0-fcec-4fb2-8953-e521da90d916@group-39D510FFD81F->61021d77-0677-40a1-98e7-8ba643935ac0: nextIndex: updateUnconditionally 0 -> 0
2019-11-11 04:06:53,138 [main] WARN  scm.XceiverClientRatis (XceiverClientRatis.java:watchForCommit(277)) - 3 way commit failed on pipeline Pipeline[ Id: 31ac6f49-abee-419e-8f26-f4d747e15ff8, Nodes: 61021d77-0677-40a1-98e7-8ba643935ac0{ip: 192.168.34.63, host: trunk-nightly-20191111-g5xpl-2663879777, networkLocation: /default-rack, certSerialId: null}f4ab3ec0-fcec-4fb2-8953-e521da90d916{ip: 192.168.34.63, host: trunk-nightly-20191111-g5xpl-2663879777, networkLocation: /default-rack, certSerialId: null}9a305e64-7592-4199-ba7e-8c2223e9b548{ip: 192.168.34.63, host: trunk-nightly-20191111-g5xpl-2663879777, networkLocation: /default-rack, certSerialId: null}, Type:RATIS, Factor:THREE, State:OPEN]
java.util.concurrent.TimeoutException
	at java.util.concurrent.CompletableFuture.timedGet(CompletableFuture.java:1771)
	at java.util.concurrent.CompletableFuture.get(CompletableFuture.java:1915)
	at org.apache.hadoop.hdds.scm.XceiverClientRatis.watchForCommit(XceiverClientRatis.java:274)
	at org.apache.hadoop.hdds.scm.storage.CommitWatcher.watchForCommit(CommitWatcher.java:198)
	at org.apache.hadoop.hdds.scm.storage.CommitWatcher.watchOnFirstIndex(CommitWatcher.java:137)
	at org.apache.hadoop.hdds.scm.storage.BlockOutputStream.watchForCommit(BlockOutputStream.java:346)
	at org.apache.hadoop.hdds.scm.storage.BlockOutputStream.handleFullBuffer(BlockOutputStream.java:323)
	at org.apache.hadoop.hdds.scm.storage.BlockOutputStream.write(BlockOutputStream.java:250)
	at org.apache.hadoop.ozone.client.io.BlockOutputStreamEntry.write(BlockOutputStreamEntry.java:129)
	at org.apache.hadoop.ozone.client.io.KeyOutputStream.handleWrite(KeyOutputStream.java:208)
	at org.apache.hadoop.ozone.client.io.KeyOutputStream.write(KeyOutputStream.java:190)
	at org.apache.hadoop.ozone.client.io.OzoneOutputStream.write(OzoneOutputStream.java:49)
	at java.io.OutputStream.write(OutputStream.java:75)
	at org.apache.hadoop.ozone.client.rpc.TestMultiBlockWritesWithDnFailures.testMultiBlockWritesWithIntermittentDnFailures(TestMultiBlockWritesWithDnFailures.java:192)
	at sun.reflect.NativeMethodAccessorImpl.invoke0(Native Method)
	at sun.reflect.NativeMethodAccessorImpl.invoke(NativeMethodAccessorImpl.java:62)
	at sun.reflect.DelegatingMethodAccessorImpl.invoke(DelegatingMethodAccessorImpl.java:43)
	at java.lang.reflect.Method.invoke(Method.java:498)
	at org.junit.runners.model.FrameworkMethod$1.runReflectiveCall(FrameworkMethod.java:47)
	at org.junit.internal.runners.model.ReflectiveCallable.run(ReflectiveCallable.java:12)
	at org.junit.runners.model.FrameworkMethod.invokeExplosively(FrameworkMethod.java:44)
	at org.junit.internal.runners.statements.InvokeMethod.evaluate(InvokeMethod.java:17)
	at org.junit.internal.runners.statements.RunAfters.evaluate(RunAfters.java:27)
	at org.junit.runners.ParentRunner.runLeaf(ParentRunner.java:271)
	at org.junit.runners.BlockJUnit4ClassRunner.runChild(BlockJUnit4ClassRunner.java:70)
	at org.junit.runners.BlockJUnit4ClassRunner.runChild(BlockJUnit4ClassRunner.java:50)
	at org.junit.runners.ParentRunner$3.run(ParentRunner.java:238)
	at org.junit.runners.ParentRunner$1.schedule(ParentRunner.java:63)
	at org.junit.runners.ParentRunner.runChildren(ParentRunner.java:236)
	at org.junit.runners.ParentRunner.access$000(ParentRunner.java:53)
	at org.junit.runners.ParentRunner$2.evaluate(ParentRunner.java:229)
	at org.junit.runners.ParentRunner.run(ParentRunner.java:309)
	at org.apache.maven.surefire.junit4.JUnit4Provider.execute(JUnit4Provider.java:365)
	at org.apache.maven.surefire.junit4.JUnit4Provider.executeWithRerun(JUnit4Provider.java:273)
	at org.apache.maven.surefire.junit4.JUnit4Provider.executeTestSet(JUnit4Provider.java:238)
	at org.apache.maven.surefire.junit4.JUnit4Provider.invoke(JUnit4Provider.java:159)
	at org.apache.maven.surefire.booter.ForkedBooter.invokeProviderInSameClassLoader(ForkedBooter.java:384)
	at org.apache.maven.surefire.booter.ForkedBooter.runSuitesInProcess(ForkedBooter.java:345)
	at org.apache.maven.surefire.booter.ForkedBooter.execute(ForkedBooter.java:126)
	at org.apache.maven.surefire.booter.ForkedBooter.main(ForkedBooter.java:418)
2019-11-11 04:06:53,244 [grpc-default-executor-2] WARN  server.GrpcLogAppender (LogUtils.java:warn(134)) - 9a305e64-7592-4199-ba7e-8c2223e9b548@group-F4D747E15FF8->61021d77-0677-40a1-98e7-8ba643935ac0-AppendLogResponseHandler: Failed appendEntries: org.apache.ratis.thirdparty.io.grpc.StatusRuntimeException: UNAVAILABLE: io exception
2019-11-11 04:06:53,244 [grpc-default-executor-0] WARN  server.GrpcLogAppender (LogUtils.java:warn(134)) - c04805f0-1fdc-4096-9f0e-017639bb4de5@group-F66482D1AE22->61021d77-0677-40a1-98e7-8ba643935ac0-AppendLogResponseHandler: Failed appendEntries: org.apache.ratis.thirdparty.io.grpc.StatusRuntimeException: UNAVAILABLE: io exception
2019-11-11 04:06:53,246 [grpc-default-executor-2] INFO  impl.FollowerInfo (FollowerInfo.java:lambda$new$0(51)) - 9a305e64-7592-4199-ba7e-8c2223e9b548@group-F4D747E15FF8->61021d77-0677-40a1-98e7-8ba643935ac0: nextIndex: updateUnconditionally 0 -> 0
2019-11-11 04:06:53,246 [grpc-default-executor-0] INFO  impl.FollowerInfo (FollowerInfo.java:lambda$new$0(51)) - c04805f0-1fdc-4096-9f0e-017639bb4de5@group-F66482D1AE22->61021d77-0677-40a1-98e7-8ba643935ac0: nextIndex: updateUnconditionally 0 -> 0
2019-11-11 04:06:53,460 [grpc-default-executor-4] WARN  server.GrpcLogAppender (LogUtils.java:warn(134)) - f4ab3ec0-fcec-4fb2-8953-e521da90d916@group-39D510FFD81F->61021d77-0677-40a1-98e7-8ba643935ac0-AppendLogResponseHandler: Failed appendEntries: org.apache.ratis.thirdparty.io.grpc.StatusRuntimeException: UNAVAILABLE: io exception
2019-11-11 04:06:53,461 [grpc-default-executor-4] INFO  impl.FollowerInfo (FollowerInfo.java:lambda$new$0(51)) - f4ab3ec0-fcec-4fb2-8953-e521da90d916@group-39D510FFD81F->61021d77-0677-40a1-98e7-8ba643935ac0: nextIndex: updateUnconditionally 0 -> 0
2019-11-11 04:06:53,745 [grpc-default-executor-4] WARN  server.GrpcLogAppender (LogUtils.java:warn(134)) - c04805f0-1fdc-4096-9f0e-017639bb4de5@group-F66482D1AE22->61021d77-0677-40a1-98e7-8ba643935ac0-AppendLogResponseHandler: Failed appendEntries: org.apache.ratis.thirdparty.io.grpc.StatusRuntimeException: UNAVAILABLE: io exception
2019-11-11 04:06:53,745 [grpc-default-executor-0] WARN  server.GrpcLogAppender (LogUtils.java:warn(134)) - 9a305e64-7592-4199-ba7e-8c2223e9b548@group-F4D747E15FF8->61021d77-0677-40a1-98e7-8ba643935ac0-AppendLogResponseHandler: Failed appendEntries: org.apache.ratis.thirdparty.io.grpc.StatusRuntimeException: UNAVAILABLE: io exception
2019-11-11 04:06:53,746 [grpc-default-executor-4] INFO  impl.FollowerInfo (FollowerInfo.java:lambda$new$0(51)) - c04805f0-1fdc-4096-9f0e-017639bb4de5@group-F66482D1AE22->61021d77-0677-40a1-98e7-8ba643935ac0: nextIndex: updateUnconditionally 0 -> 0
2019-11-11 04:06:53,746 [grpc-default-executor-0] INFO  impl.FollowerInfo (FollowerInfo.java:lambda$new$0(51)) - 9a305e64-7592-4199-ba7e-8c2223e9b548@group-F4D747E15FF8->61021d77-0677-40a1-98e7-8ba643935ac0: nextIndex: updateUnconditionally 0 -> 0
2019-11-11 04:06:53,961 [grpc-default-executor-2] WARN  server.GrpcLogAppender (LogUtils.java:warn(134)) - f4ab3ec0-fcec-4fb2-8953-e521da90d916@group-39D510FFD81F->61021d77-0677-40a1-98e7-8ba643935ac0-AppendLogResponseHandler: Failed appendEntries: org.apache.ratis.thirdparty.io.grpc.StatusRuntimeException: UNAVAILABLE: io exception
2019-11-11 04:06:53,961 [grpc-default-executor-2] INFO  impl.FollowerInfo (FollowerInfo.java:lambda$new$0(51)) - f4ab3ec0-fcec-4fb2-8953-e521da90d916@group-39D510FFD81F->61021d77-0677-40a1-98e7-8ba643935ac0: nextIndex: updateUnconditionally 0 -> 0
2019-11-11 04:06:54,047 [Thread-764] INFO  client.GrpcClientProtocolService (GrpcClientProtocolService.java:lambda$processClientRequest$0(279)) - Failed RaftClientRequest:client-288C807A782E->f4ab3ec0-fcec-4fb2-8953-e521da90d916@group-F4D747E15FF8, cid=40, seq=0, Watch-ALL_COMMITTED(39), Message:<EMPTY>, reply=RaftClientReply:client-288C807A782E->f4ab3ec0-fcec-4fb2-8953-e521da90d916@group-F4D747E15FF8, cid=40, FAILED org.apache.ratis.protocol.NotLeaderException: Server f4ab3ec0-fcec-4fb2-8953-e521da90d916@group-F4D747E15FF8 is not the leader 9a305e64-7592-4199-ba7e-8c2223e9b548:192.168.34.63:35969, logIndex=0, commits[f4ab3ec0-fcec-4fb2-8953-e521da90d916:c52, 61021d77-0677-40a1-98e7-8ba643935ac0:c37, 9a305e64-7592-4199-ba7e-8c2223e9b548:c52]
2019-11-11 04:06:54,156 [main] INFO  scm.XceiverClientRatis (XceiverClientRatis.java:lambda$watchForCommit$5(295)) - Could not commit index 47 on pipeline Pipeline[ Id: 31ac6f49-abee-419e-8f26-f4d747e15ff8, Nodes: 61021d77-0677-40a1-98e7-8ba643935ac0{ip: 192.168.34.63, host: trunk-nightly-20191111-g5xpl-2663879777, networkLocation: /default-rack, certSerialId: null}f4ab3ec0-fcec-4fb2-8953-e521da90d916{ip: 192.168.34.63, host: trunk-nightly-20191111-g5xpl-2663879777, networkLocation: /default-rack, certSerialId: null}9a305e64-7592-4199-ba7e-8c2223e9b548{ip: 192.168.34.63, host: trunk-nightly-20191111-g5xpl-2663879777, networkLocation: /default-rack, certSerialId: null}, Type:RATIS, Factor:THREE, State:OPEN] to all the nodes. Server 61021d77-0677-40a1-98e7-8ba643935ac0 has failed. Committed by majority.
2019-11-11 04:06:54,157 [main] WARN  storage.BlockOutputStream (BlockOutputStream.java:watchForCommit(352)) - Failed to commit BlockId conID: 1 locID: 103117303520886787 bcsId: 50 on Pipeline[ Id: 31ac6f49-abee-419e-8f26-f4d747e15ff8, Nodes: 61021d77-0677-40a1-98e7-8ba643935ac0{ip: 192.168.34.63, host: trunk-nightly-20191111-g5xpl-2663879777, networkLocation: /default-rack, certSerialId: null}f4ab3ec0-fcec-4fb2-8953-e521da90d916{ip: 192.168.34.63, host: trunk-nightly-20191111-g5xpl-2663879777, networkLocation: /default-rack, certSerialId: null}9a305e64-7592-4199-ba7e-8c2223e9b548{ip: 192.168.34.63, host: trunk-nightly-20191111-g5xpl-2663879777, networkLocation: /default-rack, certSerialId: null}, Type:RATIS, Factor:THREE, State:OPEN]. Failed nodes: [61021d77-0677-40a1-98e7-8ba643935ac0{ip: null, host: null, networkLocation: /default-rack, certSerialId: null}]
2019-11-11 04:06:54,246 [grpc-default-executor-0] WARN  server.GrpcLogAppender (LogUtils.java:warn(134)) - c04805f0-1fdc-4096-9f0e-017639bb4de5@group-F66482D1AE22->61021d77-0677-40a1-98e7-8ba643935ac0-AppendLogResponseHandler: Failed appendEntries: org.apache.ratis.thirdparty.io.grpc.StatusRuntimeException: UNAVAILABLE: io exception
2019-11-11 04:06:54,248 [grpc-default-executor-5] WARN  server.GrpcLogAppender (LogUtils.java:warn(134)) - 9a305e64-7592-4199-ba7e-8c2223e9b548@group-F4D747E15FF8->61021d77-0677-40a1-98e7-8ba643935ac0-AppendLogResponseHandler: Failed appendEntries: org.apache.ratis.thirdparty.io.grpc.StatusRuntimeException: UNAVAILABLE: io exception
2019-11-11 04:06:54,250 [grpc-default-executor-0] INFO  impl.FollowerInfo (FollowerInfo.java:lambda$new$0(51)) - c04805f0-1fdc-4096-9f0e-017639bb4de5@group-F66482D1AE22->61021d77-0677-40a1-98e7-8ba643935ac0: nextIndex: updateUnconditionally 0 -> 0
2019-11-11 04:06:54,250 [grpc-default-executor-5] INFO  impl.FollowerInfo (FollowerInfo.java:lambda$new$0(51)) - 9a305e64-7592-4199-ba7e-8c2223e9b548@group-F4D747E15FF8->61021d77-0677-40a1-98e7-8ba643935ac0: nextIndex: updateUnconditionally 0 -> 0
2019-11-11 04:06:54,462 [grpc-default-executor-0] WARN  server.GrpcLogAppender (LogUtils.java:warn(134)) - f4ab3ec0-fcec-4fb2-8953-e521da90d916@group-39D510FFD81F->61021d77-0677-40a1-98e7-8ba643935ac0-AppendLogResponseHandler: Failed appendEntries: org.apache.ratis.thirdparty.io.grpc.StatusRuntimeException: UNAVAILABLE: io exception
2019-11-11 04:06:54,462 [grpc-default-executor-0] INFO  impl.FollowerInfo (FollowerInfo.java:lambda$new$0(51)) - f4ab3ec0-fcec-4fb2-8953-e521da90d916@group-39D510FFD81F->61021d77-0677-40a1-98e7-8ba643935ac0: nextIndex: updateUnconditionally 0 -> 0
2019-11-11 04:06:54,747 [grpc-default-executor-0] WARN  server.GrpcLogAppender (LogUtils.java:warn(134)) - c04805f0-1fdc-4096-9f0e-017639bb4de5@group-F66482D1AE22->61021d77-0677-40a1-98e7-8ba643935ac0-AppendLogResponseHandler: Failed appendEntries: org.apache.ratis.thirdparty.io.grpc.StatusRuntimeException: UNAVAILABLE: io exception
2019-11-11 04:06:54,747 [grpc-default-executor-3] WARN  server.GrpcLogAppender (LogUtils.java:warn(134)) - 9a305e64-7592-4199-ba7e-8c2223e9b548@group-F4D747E15FF8->61021d77-0677-40a1-98e7-8ba643935ac0-AppendLogResponseHandler: Failed appendEntries: org.apache.ratis.thirdparty.io.grpc.StatusRuntimeException: UNAVAILABLE: io exception
2019-11-11 04:06:54,747 [grpc-default-executor-0] INFO  impl.FollowerInfo (FollowerInfo.java:lambda$new$0(51)) - c04805f0-1fdc-4096-9f0e-017639bb4de5@group-F66482D1AE22->61021d77-0677-40a1-98e7-8ba643935ac0: nextIndex: updateUnconditionally 0 -> 0
2019-11-11 04:06:54,747 [grpc-default-executor-3] INFO  impl.FollowerInfo (FollowerInfo.java:lambda$new$0(51)) - 9a305e64-7592-4199-ba7e-8c2223e9b548@group-F4D747E15FF8->61021d77-0677-40a1-98e7-8ba643935ac0: nextIndex: updateUnconditionally 0 -> 0
2019-11-11 04:06:54,963 [grpc-default-executor-5] WARN  server.GrpcLogAppender (LogUtils.java:warn(134)) - f4ab3ec0-fcec-4fb2-8953-e521da90d916@group-39D510FFD81F->61021d77-0677-40a1-98e7-8ba643935ac0-AppendLogResponseHandler: Failed appendEntries: org.apache.ratis.thirdparty.io.grpc.StatusRuntimeException: UNAVAILABLE: io exception
2019-11-11 04:06:54,963 [grpc-default-executor-5] INFO  impl.FollowerInfo (FollowerInfo.java:lambda$new$0(51)) - f4ab3ec0-fcec-4fb2-8953-e521da90d916@group-39D510FFD81F->61021d77-0677-40a1-98e7-8ba643935ac0: nextIndex: updateUnconditionally 0 -> 0
2019-11-11 04:06:55,248 [grpc-default-executor-0] WARN  server.GrpcLogAppender (LogUtils.java:warn(134)) - c04805f0-1fdc-4096-9f0e-017639bb4de5@group-F66482D1AE22->61021d77-0677-40a1-98e7-8ba643935ac0-AppendLogResponseHandler: Failed appendEntries: org.apache.ratis.thirdparty.io.grpc.StatusRuntimeException: UNAVAILABLE: io exception
2019-11-11 04:06:55,248 [grpc-default-executor-5] WARN  server.GrpcLogAppender (LogUtils.java:warn(134)) - 9a305e64-7592-4199-ba7e-8c2223e9b548@group-F4D747E15FF8->61021d77-0677-40a1-98e7-8ba643935ac0-AppendLogResponseHandler: Failed appendEntries: org.apache.ratis.thirdparty.io.grpc.StatusRuntimeException: UNAVAILABLE: io exception
2019-11-11 04:06:55,249 [grpc-default-executor-0] INFO  impl.FollowerInfo (FollowerInfo.java:lambda$new$0(51)) - c04805f0-1fdc-4096-9f0e-017639bb4de5@group-F66482D1AE22->61021d77-0677-40a1-98e7-8ba643935ac0: nextIndex: updateUnconditionally 0 -> 0
2019-11-11 04:06:55,249 [grpc-default-executor-5] INFO  impl.FollowerInfo (FollowerInfo.java:lambda$new$0(51)) - 9a305e64-7592-4199-ba7e-8c2223e9b548@group-F4D747E15FF8->61021d77-0677-40a1-98e7-8ba643935ac0: nextIndex: updateUnconditionally 0 -> 0
2019-11-11 04:06:55,464 [grpc-default-executor-3] WARN  server.GrpcLogAppender (LogUtils.java:warn(134)) - f4ab3ec0-fcec-4fb2-8953-e521da90d916@group-39D510FFD81F->61021d77-0677-40a1-98e7-8ba643935ac0-AppendLogResponseHandler: Failed appendEntries: org.apache.ratis.thirdparty.io.grpc.StatusRuntimeException: UNAVAILABLE: io exception
2019-11-11 04:06:55,464 [grpc-default-executor-3] INFO  impl.FollowerInfo (FollowerInfo.java:lambda$new$0(51)) - f4ab3ec0-fcec-4fb2-8953-e521da90d916@group-39D510FFD81F->61021d77-0677-40a1-98e7-8ba643935ac0: nextIndex: updateUnconditionally 0 -> 0
2019-11-11 04:06:55,749 [grpc-default-executor-4] WARN  server.GrpcLogAppender (LogUtils.java:warn(134)) - c04805f0-1fdc-4096-9f0e-017639bb4de5@group-F66482D1AE22->61021d77-0677-40a1-98e7-8ba643935ac0-AppendLogResponseHandler: Failed appendEntries: org.apache.ratis.thirdparty.io.grpc.StatusRuntimeException: UNAVAILABLE: io exception
2019-11-11 04:06:55,749 [grpc-default-executor-3] WARN  server.GrpcLogAppender (LogUtils.java:warn(134)) - 9a305e64-7592-4199-ba7e-8c2223e9b548@group-F4D747E15FF8->61021d77-0677-40a1-98e7-8ba643935ac0-AppendLogResponseHandler: Failed appendEntries: org.apache.ratis.thirdparty.io.grpc.StatusRuntimeException: UNAVAILABLE: io exception
2019-11-11 04:06:55,749 [grpc-default-executor-4] INFO  impl.FollowerInfo (FollowerInfo.java:lambda$new$0(51)) - c04805f0-1fdc-4096-9f0e-017639bb4de5@group-F66482D1AE22->61021d77-0677-40a1-98e7-8ba643935ac0: nextIndex: updateUnconditionally 0 -> 0
2019-11-11 04:06:55,749 [grpc-default-executor-3] INFO  impl.FollowerInfo (FollowerInfo.java:lambda$new$0(51)) - 9a305e64-7592-4199-ba7e-8c2223e9b548@group-F4D747E15FF8->61021d77-0677-40a1-98e7-8ba643935ac0: nextIndex: updateUnconditionally 0 -> 0
2019-11-11 04:06:55,755 [Thread-779] INFO  client.GrpcClientProtocolService (GrpcClientProtocolService.java:lambda$processClientRequest$0(279)) - Failed RaftClientRequest:client-288C807A782E->9a305e64-7592-4199-ba7e-8c2223e9b548@group-F4D747E15FF8, cid=40, seq=0, Watch-ALL_COMMITTED(39), Message:<EMPTY>, reply=RaftClientReply:client-288C807A782E->9a305e64-7592-4199-ba7e-8c2223e9b548@group-F4D747E15FF8, cid=40, FAILED org.apache.ratis.protocol.NotReplicatedException: Request with call Id 40 and log index 39 is not yet replicated to ALL_COMMITTED, logIndex=39, commits[9a305e64-7592-4199-ba7e-8c2223e9b548:c52, 61021d77-0677-40a1-98e7-8ba643935ac0:c37, f4ab3ec0-fcec-4fb2-8953-e521da90d916:c52]
2019-11-11 04:06:55,964 [grpc-default-executor-2] WARN  server.GrpcLogAppender (LogUtils.java:warn(134)) - f4ab3ec0-fcec-4fb2-8953-e521da90d916@group-39D510FFD81F->61021d77-0677-40a1-98e7-8ba643935ac0-AppendLogResponseHandler: Failed appendEntries: org.apache.ratis.thirdparty.io.grpc.StatusRuntimeException: UNAVAILABLE: io exception
2019-11-11 04:06:55,965 [grpc-default-executor-2] INFO  impl.FollowerInfo (FollowerInfo.java:lambda$new$0(51)) - f4ab3ec0-fcec-4fb2-8953-e521da90d916@group-39D510FFD81F->61021d77-0677-40a1-98e7-8ba643935ac0: nextIndex: updateUnconditionally 0 -> 0
2019-11-11 04:06:56,250 [grpc-default-executor-0] WARN  server.GrpcLogAppender (LogUtils.java:warn(134)) - c04805f0-1fdc-4096-9f0e-017639bb4de5@group-F66482D1AE22->61021d77-0677-40a1-98e7-8ba643935ac0-AppendLogResponseHandler: Failed appendEntries: org.apache.ratis.thirdparty.io.grpc.StatusRuntimeException: UNAVAILABLE: io exception
2019-11-11 04:06:56,253 [grpc-default-executor-1] WARN  server.GrpcLogAppender (LogUtils.java:warn(134)) - 9a305e64-7592-4199-ba7e-8c2223e9b548@group-F4D747E15FF8->61021d77-0677-40a1-98e7-8ba643935ac0-AppendLogResponseHandler: Failed appendEntries: org.apache.ratis.thirdparty.io.grpc.StatusRuntimeException: UNAVAILABLE: io exception
2019-11-11 04:06:56,253 [grpc-default-executor-0] INFO  impl.FollowerInfo (FollowerInfo.java:lambda$new$0(51)) - c04805f0-1fdc-4096-9f0e-017639bb4de5@group-F66482D1AE22->61021d77-0677-40a1-98e7-8ba643935ac0: nextIndex: updateUnconditionally 0 -> 0
2019-11-11 04:06:56,253 [grpc-default-executor-1] INFO  impl.FollowerInfo (FollowerInfo.java:lambda$new$0(51)) - 9a305e64-7592-4199-ba7e-8c2223e9b548@group-F4D747E15FF8->61021d77-0677-40a1-98e7-8ba643935ac0: nextIndex: updateUnconditionally 0 -> 0
2019-11-11 04:06:56,465 [grpc-default-executor-4] WARN  server.GrpcLogAppender (LogUtils.java:warn(134)) - f4ab3ec0-fcec-4fb2-8953-e521da90d916@group-39D510FFD81F->61021d77-0677-40a1-98e7-8ba643935ac0-AppendLogResponseHandler: Failed appendEntries: org.apache.ratis.thirdparty.io.grpc.StatusRuntimeException: UNAVAILABLE: io exception
2019-11-11 04:06:56,465 [grpc-default-executor-4] INFO  impl.FollowerInfo (FollowerInfo.java:lambda$new$0(51)) - f4ab3ec0-fcec-4fb2-8953-e521da90d916@group-39D510FFD81F->61021d77-0677-40a1-98e7-8ba643935ac0: nextIndex: updateUnconditionally 0 -> 0
2019-11-11 04:06:56,750 [grpc-default-executor-0] WARN  server.GrpcLogAppender (LogUtils.java:warn(134)) - c04805f0-1fdc-4096-9f0e-017639bb4de5@group-F66482D1AE22->61021d77-0677-40a1-98e7-8ba643935ac0-AppendLogResponseHandler: Failed appendEntries: org.apache.ratis.thirdparty.io.grpc.StatusRuntimeException: UNAVAILABLE: io exception
2019-11-11 04:06:56,751 [grpc-default-executor-2] WARN  server.GrpcLogAppender (LogUtils.java:warn(134)) - 9a305e64-7592-4199-ba7e-8c2223e9b548@group-F4D747E15FF8->61021d77-0677-40a1-98e7-8ba643935ac0-AppendLogResponseHandler: Failed appendEntries: org.apache.ratis.thirdparty.io.grpc.StatusRuntimeException: UNAVAILABLE: io exception
2019-11-11 04:06:56,751 [grpc-default-executor-0] INFO  impl.FollowerInfo (FollowerInfo.java:lambda$new$0(51)) - c04805f0-1fdc-4096-9f0e-017639bb4de5@group-F66482D1AE22->61021d77-0677-40a1-98e7-8ba643935ac0: nextIndex: updateUnconditionally 0 -> 0
2019-11-11 04:06:56,751 [grpc-default-executor-2] INFO  impl.FollowerInfo (FollowerInfo.java:lambda$new$0(51)) - 9a305e64-7592-4199-ba7e-8c2223e9b548@group-F4D747E15FF8->61021d77-0677-40a1-98e7-8ba643935ac0: nextIndex: updateUnconditionally 0 -> 0
2019-11-11 04:06:56,757 [Thread-787] INFO  client.GrpcClientProtocolService (GrpcClientProtocolService.java:lambda$processClientRequest$0(279)) - Failed RaftClientRequest:client-288C807A782E->9a305e64-7592-4199-ba7e-8c2223e9b548@group-F4D747E15FF8, cid=42, seq=0, Watch-ALL_COMMITTED(41), Message:<EMPTY>, reply=RaftClientReply:client-288C807A782E->9a305e64-7592-4199-ba7e-8c2223e9b548@group-F4D747E15FF8, cid=42, FAILED org.apache.ratis.protocol.NotReplicatedException: Request with call Id 42 and log index 41 is not yet replicated to ALL_COMMITTED, logIndex=41, commits[9a305e64-7592-4199-ba7e-8c2223e9b548:c52, 61021d77-0677-40a1-98e7-8ba643935ac0:c37, f4ab3ec0-fcec-4fb2-8953-e521da90d916:c52]
2019-11-11 04:06:56,966 [grpc-default-executor-2] WARN  server.GrpcLogAppender (LogUtils.java:warn(134)) - f4ab3ec0-fcec-4fb2-8953-e521da90d916@group-39D510FFD81F->61021d77-0677-40a1-98e7-8ba643935ac0-AppendLogResponseHandler: Failed appendEntries: org.apache.ratis.thirdparty.io.grpc.StatusRuntimeException: UNAVAILABLE: io exception
2019-11-11 04:06:56,966 [grpc-default-executor-2] INFO  impl.FollowerInfo (FollowerInfo.java:lambda$new$0(51)) - f4ab3ec0-fcec-4fb2-8953-e521da90d916@group-39D510FFD81F->61021d77-0677-40a1-98e7-8ba643935ac0: nextIndex: updateUnconditionally 0 -> 0
2019-11-11 04:06:57,252 [grpc-default-executor-4] WARN  server.GrpcLogAppender (LogUtils.java:warn(134)) - c04805f0-1fdc-4096-9f0e-017639bb4de5@group-F66482D1AE22->61021d77-0677-40a1-98e7-8ba643935ac0-AppendLogResponseHandler: Failed appendEntries: org.apache.ratis.thirdparty.io.grpc.StatusRuntimeException: UNAVAILABLE: io exception
2019-11-11 04:06:57,254 [grpc-default-executor-1] WARN  server.GrpcLogAppender (LogUtils.java:warn(134)) - 9a305e64-7592-4199-ba7e-8c2223e9b548@group-F4D747E15FF8->61021d77-0677-40a1-98e7-8ba643935ac0-AppendLogResponseHandler: Failed appendEntries: org.apache.ratis.thirdparty.io.grpc.StatusRuntimeException: UNAVAILABLE: io exception
2019-11-11 04:06:57,254 [grpc-default-executor-4] INFO  impl.FollowerInfo (FollowerInfo.java:lambda$new$0(51)) - c04805f0-1fdc-4096-9f0e-017639bb4de5@group-F66482D1AE22->61021d77-0677-40a1-98e7-8ba643935ac0: nextIndex: updateUnconditionally 0 -> 0
2019-11-11 04:06:57,254 [grpc-default-executor-1] INFO  impl.FollowerInfo (FollowerInfo.java:lambda$new$0(51)) - 9a305e64-7592-4199-ba7e-8c2223e9b548@group-F4D747E15FF8->61021d77-0677-40a1-98e7-8ba643935ac0: nextIndex: updateUnconditionally 0 -> 0
2019-11-11 04:06:57,467 [grpc-default-executor-1] WARN  server.GrpcLogAppender (LogUtils.java:warn(134)) - f4ab3ec0-fcec-4fb2-8953-e521da90d916@group-39D510FFD81F->61021d77-0677-40a1-98e7-8ba643935ac0-AppendLogResponseHandler: Failed appendEntries: org.apache.ratis.thirdparty.io.grpc.StatusRuntimeException: UNAVAILABLE: io exception
2019-11-11 04:06:57,468 [grpc-default-executor-1] INFO  impl.FollowerInfo (FollowerInfo.java:lambda$new$0(51)) - f4ab3ec0-fcec-4fb2-8953-e521da90d916@group-39D510FFD81F->61021d77-0677-40a1-98e7-8ba643935ac0: nextIndex: updateUnconditionally 0 -> 0
2019-11-11 04:06:57,752 [grpc-default-executor-4] WARN  server.GrpcLogAppender (LogUtils.java:warn(134)) - c04805f0-1fdc-4096-9f0e-017639bb4de5@group-F66482D1AE22->61021d77-0677-40a1-98e7-8ba643935ac0-AppendLogResponseHandler: Failed appendEntries: org.apache.ratis.thirdparty.io.grpc.StatusRuntimeException: UNAVAILABLE: io exception
2019-11-11 04:06:57,753 [grpc-default-executor-0] WARN  server.GrpcLogAppender (LogUtils.java:warn(134)) - 9a305e64-7592-4199-ba7e-8c2223e9b548@group-F4D747E15FF8->61021d77-0677-40a1-98e7-8ba643935ac0-AppendLogResponseHandler: Failed appendEntries: org.apache.ratis.thirdparty.io.grpc.StatusRuntimeException: UNAVAILABLE: io exception
2019-11-11 04:06:57,753 [grpc-default-executor-4] INFO  impl.FollowerInfo (FollowerInfo.java:lambda$new$0(51)) - c04805f0-1fdc-4096-9f0e-017639bb4de5@group-F66482D1AE22->61021d77-0677-40a1-98e7-8ba643935ac0: nextIndex: updateUnconditionally 0 -> 0
2019-11-11 04:06:57,753 [grpc-default-executor-0] INFO  impl.FollowerInfo (FollowerInfo.java:lambda$new$0(51)) - 9a305e64-7592-4199-ba7e-8c2223e9b548@group-F4D747E15FF8->61021d77-0677-40a1-98e7-8ba643935ac0: nextIndex: updateUnconditionally 0 -> 0
2019-11-11 04:06:57,968 [grpc-default-executor-2] WARN  server.GrpcLogAppender (LogUtils.java:warn(134)) - f4ab3ec0-fcec-4fb2-8953-e521da90d916@group-39D510FFD81F->61021d77-0677-40a1-98e7-8ba643935ac0-AppendLogResponseHandler: Failed appendEntries: org.apache.ratis.thirdparty.io.grpc.StatusRuntimeException: UNAVAILABLE: io exception
2019-11-11 04:06:57,968 [grpc-default-executor-2] INFO  impl.FollowerInfo (FollowerInfo.java:lambda$new$0(51)) - f4ab3ec0-fcec-4fb2-8953-e521da90d916@group-39D510FFD81F->61021d77-0677-40a1-98e7-8ba643935ac0: nextIndex: updateUnconditionally 0 -> 0
2019-11-11 04:06:58,253 [grpc-default-executor-4] WARN  server.GrpcLogAppender (LogUtils.java:warn(134)) - 9a305e64-7592-4199-ba7e-8c2223e9b548@group-F4D747E15FF8->61021d77-0677-40a1-98e7-8ba643935ac0-AppendLogResponseHandler: Failed appendEntries: org.apache.ratis.thirdparty.io.grpc.StatusRuntimeException: UNAVAILABLE: io exception
2019-11-11 04:06:58,253 [grpc-default-executor-2] WARN  server.GrpcLogAppender (LogUtils.java:warn(134)) - c04805f0-1fdc-4096-9f0e-017639bb4de5@group-F66482D1AE22->61021d77-0677-40a1-98e7-8ba643935ac0-AppendLogResponseHandler: Failed appendEntries: org.apache.ratis.thirdparty.io.grpc.StatusRuntimeException: UNAVAILABLE: io exception
2019-11-11 04:06:58,253 [grpc-default-executor-4] INFO  impl.FollowerInfo (FollowerInfo.java:lambda$new$0(51)) - 9a305e64-7592-4199-ba7e-8c2223e9b548@group-F4D747E15FF8->61021d77-0677-40a1-98e7-8ba643935ac0: nextIndex: updateUnconditionally 0 -> 0
2019-11-11 04:06:58,253 [grpc-default-executor-2] INFO  impl.FollowerInfo (FollowerInfo.java:lambda$new$0(51)) - c04805f0-1fdc-4096-9f0e-017639bb4de5@group-F66482D1AE22->61021d77-0677-40a1-98e7-8ba643935ac0: nextIndex: updateUnconditionally 0 -> 0
2019-11-11 04:06:58,469 [grpc-default-executor-0] WARN  server.GrpcLogAppender (LogUtils.java:warn(134)) - f4ab3ec0-fcec-4fb2-8953-e521da90d916@group-39D510FFD81F->61021d77-0677-40a1-98e7-8ba643935ac0-AppendLogResponseHandler: Failed appendEntries: org.apache.ratis.thirdparty.io.grpc.StatusRuntimeException: UNAVAILABLE: io exception
2019-11-11 04:06:58,469 [grpc-default-executor-0] INFO  impl.FollowerInfo (FollowerInfo.java:lambda$new$0(51)) - f4ab3ec0-fcec-4fb2-8953-e521da90d916@group-39D510FFD81F->61021d77-0677-40a1-98e7-8ba643935ac0: nextIndex: updateUnconditionally 0 -> 0
2019-11-11 04:06:58,754 [grpc-default-executor-2] WARN  server.GrpcLogAppender (LogUtils.java:warn(134)) - c04805f0-1fdc-4096-9f0e-017639bb4de5@group-F66482D1AE22->61021d77-0677-40a1-98e7-8ba643935ac0-AppendLogResponseHandler: Failed appendEntries: org.apache.ratis.thirdparty.io.grpc.StatusRuntimeException: UNAVAILABLE: io exception
2019-11-11 04:06:58,754 [grpc-default-executor-1] WARN  server.GrpcLogAppender (LogUtils.java:warn(134)) - 9a305e64-7592-4199-ba7e-8c2223e9b548@group-F4D747E15FF8->61021d77-0677-40a1-98e7-8ba643935ac0-AppendLogResponseHandler: Failed appendEntries: org.apache.ratis.thirdparty.io.grpc.StatusRuntimeException: UNAVAILABLE: io exception
2019-11-11 04:06:58,754 [grpc-default-executor-2] INFO  impl.FollowerInfo (FollowerInfo.java:lambda$new$0(51)) - c04805f0-1fdc-4096-9f0e-017639bb4de5@group-F66482D1AE22->61021d77-0677-40a1-98e7-8ba643935ac0: nextIndex: updateUnconditionally 0 -> 0
2019-11-11 04:06:58,754 [grpc-default-executor-1] INFO  impl.FollowerInfo (FollowerInfo.java:lambda$new$0(51)) - 9a305e64-7592-4199-ba7e-8c2223e9b548@group-F4D747E15FF8->61021d77-0677-40a1-98e7-8ba643935ac0: nextIndex: updateUnconditionally 0 -> 0
2019-11-11 04:06:58,757 [Thread-804] INFO  client.GrpcClientProtocolService (GrpcClientProtocolService.java:lambda$processClientRequest$0(279)) - Failed RaftClientRequest:client-404B7B28A61D->9a305e64-7592-4199-ba7e-8c2223e9b548@group-F4D747E15FF8, cid=49, seq=0, Watch-ALL_COMMITTED(47), Message:<EMPTY>, reply=RaftClientReply:client-404B7B28A61D->9a305e64-7592-4199-ba7e-8c2223e9b548@group-F4D747E15FF8, cid=49, FAILED org.apache.ratis.protocol.NotReplicatedException: Request with call Id 49 and log index 47 is not yet replicated to ALL_COMMITTED, logIndex=47, commits[9a305e64-7592-4199-ba7e-8c2223e9b548:c52, 61021d77-0677-40a1-98e7-8ba643935ac0:c37, f4ab3ec0-fcec-4fb2-8953-e521da90d916:c52]
2019-11-11 04:06:58,970 [grpc-default-executor-4] WARN  server.GrpcLogAppender (LogUtils.java:warn(134)) - f4ab3ec0-fcec-4fb2-8953-e521da90d916@group-39D510FFD81F->61021d77-0677-40a1-98e7-8ba643935ac0-AppendLogResponseHandler: Failed appendEntries: org.apache.ratis.thirdparty.io.grpc.StatusRuntimeException: UNAVAILABLE: io exception
2019-11-11 04:06:58,970 [grpc-default-executor-4] INFO  impl.FollowerInfo (FollowerInfo.java:lambda$new$0(51)) - f4ab3ec0-fcec-4fb2-8953-e521da90d916@group-39D510FFD81F->61021d77-0677-40a1-98e7-8ba643935ac0: nextIndex: updateUnconditionally 0 -> 0
2019-11-11 04:06:59,255 [grpc-default-executor-1] WARN  server.GrpcLogAppender (LogUtils.java:warn(134)) - 9a305e64-7592-4199-ba7e-8c2223e9b548@group-F4D747E15FF8->61021d77-0677-40a1-98e7-8ba643935ac0-AppendLogResponseHandler: Failed appendEntries: org.apache.ratis.thirdparty.io.grpc.StatusRuntimeException: UNAVAILABLE: io exception
2019-11-11 04:06:59,258 [grpc-default-executor-0] WARN  server.GrpcLogAppender (LogUtils.java:warn(134)) - c04805f0-1fdc-4096-9f0e-017639bb4de5@group-F66482D1AE22->61021d77-0677-40a1-98e7-8ba643935ac0-AppendLogResponseHandler: Failed appendEntries: org.apache.ratis.thirdparty.io.grpc.StatusRuntimeException: UNAVAILABLE: io exception
2019-11-11 04:06:59,258 [grpc-default-executor-1] INFO  impl.FollowerInfo (FollowerInfo.java:lambda$new$0(51)) - 9a305e64-7592-4199-ba7e-8c2223e9b548@group-F4D747E15FF8->61021d77-0677-40a1-98e7-8ba643935ac0: nextIndex: updateUnconditionally 0 -> 0
2019-11-11 04:06:59,259 [grpc-default-executor-0] INFO  impl.FollowerInfo (FollowerInfo.java:lambda$new$0(51)) - c04805f0-1fdc-4096-9f0e-017639bb4de5@group-F66482D1AE22->61021d77-0677-40a1-98e7-8ba643935ac0: nextIndex: updateUnconditionally 0 -> 0
2019-11-11 04:06:59,471 [grpc-default-executor-0] WARN  server.GrpcLogAppender (LogUtils.java:warn(134)) - f4ab3ec0-fcec-4fb2-8953-e521da90d916@group-39D510FFD81F->61021d77-0677-40a1-98e7-8ba643935ac0-AppendLogResponseHandler: Failed appendEntries: org.apache.ratis.thirdparty.io.grpc.StatusRuntimeException: UNAVAILABLE: io exception
2019-11-11 04:06:59,471 [grpc-default-executor-0] INFO  impl.FollowerInfo (FollowerInfo.java:lambda$new$0(51)) - f4ab3ec0-fcec-4fb2-8953-e521da90d916@group-39D510FFD81F->61021d77-0677-40a1-98e7-8ba643935ac0: nextIndex: updateUnconditionally 0 -> 0
2019-11-11 04:06:59,756 [grpc-default-executor-5] WARN  server.GrpcLogAppender (LogUtils.java:warn(134)) - c04805f0-1fdc-4096-9f0e-017639bb4de5@group-F66482D1AE22->61021d77-0677-40a1-98e7-8ba643935ac0-AppendLogResponseHandler: Failed appendEntries: org.apache.ratis.thirdparty.io.grpc.StatusRuntimeException: UNAVAILABLE: io exception
2019-11-11 04:06:59,756 [grpc-default-executor-1] WARN  server.GrpcLogAppender (LogUtils.java:warn(134)) - 9a305e64-7592-4199-ba7e-8c2223e9b548@group-F4D747E15FF8->61021d77-0677-40a1-98e7-8ba643935ac0-AppendLogResponseHandler: Failed appendEntries: org.apache.ratis.thirdparty.io.grpc.StatusRuntimeException: UNAVAILABLE: io exception
2019-11-11 04:06:59,756 [grpc-default-executor-5] INFO  impl.FollowerInfo (FollowerInfo.java:lambda$new$0(51)) - c04805f0-1fdc-4096-9f0e-017639bb4de5@group-F66482D1AE22->61021d77-0677-40a1-98e7-8ba643935ac0: nextIndex: updateUnconditionally 0 -> 0
2019-11-11 04:06:59,757 [grpc-default-executor-1] INFO  impl.FollowerInfo (FollowerInfo.java:lambda$new$0(51)) - 9a305e64-7592-4199-ba7e-8c2223e9b548@group-F4D747E15FF8->61021d77-0677-40a1-98e7-8ba643935ac0: nextIndex: updateUnconditionally 0 -> 0
2019-11-11 04:06:59,972 [grpc-default-executor-1] WARN  server.GrpcLogAppender (LogUtils.java:warn(134)) - f4ab3ec0-fcec-4fb2-8953-e521da90d916@group-39D510FFD81F->61021d77-0677-40a1-98e7-8ba643935ac0-AppendLogResponseHandler: Failed appendEntries: org.apache.ratis.thirdparty.io.grpc.StatusRuntimeException: UNAVAILABLE: io exception
2019-11-11 04:06:59,972 [grpc-default-executor-1] INFO  impl.FollowerInfo (FollowerInfo.java:lambda$new$0(51)) - f4ab3ec0-fcec-4fb2-8953-e521da90d916@group-39D510FFD81F->61021d77-0677-40a1-98e7-8ba643935ac0: nextIndex: updateUnconditionally 0 -> 0
2019-11-11 04:07:00,092 [Thread-815] INFO  client.GrpcClientProtocolService (GrpcClientProtocolService.java:lambda$processClientRequest$0(279)) - Failed RaftClientRequest:client-288C807A782E->f4ab3ec0-fcec-4fb2-8953-e521da90d916@group-F4D747E15FF8, cid=42, seq=0, Watch-ALL_COMMITTED(41), Message:<EMPTY>, reply=RaftClientReply:client-288C807A782E->f4ab3ec0-fcec-4fb2-8953-e521da90d916@group-F4D747E15FF8, cid=42, FAILED org.apache.ratis.protocol.NotLeaderException: Server f4ab3ec0-fcec-4fb2-8953-e521da90d916@group-F4D747E15FF8 is not the leader 9a305e64-7592-4199-ba7e-8c2223e9b548:192.168.34.63:35969, logIndex=0, commits[f4ab3ec0-fcec-4fb2-8953-e521da90d916:c52, 61021d77-0677-40a1-98e7-8ba643935ac0:c37, 9a305e64-7592-4199-ba7e-8c2223e9b548:c52]
2019-11-11 04:07:00,256 [grpc-default-executor-4] WARN  server.GrpcLogAppender (LogUtils.java:warn(134)) - 9a305e64-7592-4199-ba7e-8c2223e9b548@group-F4D747E15FF8->61021d77-0677-40a1-98e7-8ba643935ac0-AppendLogResponseHandler: Failed appendEntries: org.apache.ratis.thirdparty.io.grpc.StatusRuntimeException: UNAVAILABLE: io exception
2019-11-11 04:07:00,256 [grpc-default-executor-1] WARN  server.GrpcLogAppender (LogUtils.java:warn(134)) - c04805f0-1fdc-4096-9f0e-017639bb4de5@group-F66482D1AE22->61021d77-0677-40a1-98e7-8ba643935ac0-AppendLogResponseHandler: Failed appendEntries: org.apache.ratis.thirdparty.io.grpc.StatusRuntimeException: UNAVAILABLE: io exception
2019-11-11 04:07:00,260 [grpc-default-executor-4] INFO  impl.FollowerInfo (FollowerInfo.java:lambda$new$0(51)) - 9a305e64-7592-4199-ba7e-8c2223e9b548@group-F4D747E15FF8->61021d77-0677-40a1-98e7-8ba643935ac0: nextIndex: updateUnconditionally 0 -> 0
2019-11-11 04:07:00,260 [grpc-default-executor-1] INFO  impl.FollowerInfo (FollowerInfo.java:lambda$new$0(51)) - c04805f0-1fdc-4096-9f0e-017639bb4de5@group-F66482D1AE22->61021d77-0677-40a1-98e7-8ba643935ac0: nextIndex: updateUnconditionally 0 -> 0
2019-11-11 04:07:00,472 [grpc-default-executor-0] WARN  server.GrpcLogAppender (LogUtils.java:warn(134)) - f4ab3ec0-fcec-4fb2-8953-e521da90d916@group-39D510FFD81F->61021d77-0677-40a1-98e7-8ba643935ac0-AppendLogResponseHandler: Failed appendEntries: org.apache.ratis.thirdparty.io.grpc.StatusRuntimeException: UNAVAILABLE: io exception
2019-11-11 04:07:00,473 [grpc-default-executor-0] INFO  impl.FollowerInfo (FollowerInfo.java:lambda$new$0(51)) - f4ab3ec0-fcec-4fb2-8953-e521da90d916@group-39D510FFD81F->61021d77-0677-40a1-98e7-8ba643935ac0: nextIndex: updateUnconditionally 0 -> 0
2019-11-11 04:07:00,758 [Thread-822] INFO  client.GrpcClientProtocolService (GrpcClientProtocolService.java:lambda$processClientRequest$0(279)) - Failed RaftClientRequest:client-288C807A782E->9a305e64-7592-4199-ba7e-8c2223e9b548@group-F4D747E15FF8, cid=42, seq=0, Watch-ALL_COMMITTED(41), Message:<EMPTY>, reply=RaftClientReply:client-288C807A782E->9a305e64-7592-4199-ba7e-8c2223e9b548@group-F4D747E15FF8, cid=42, FAILED org.apache.ratis.protocol.NotReplicatedException: Request with call Id 42 and log index 41 is not yet replicated to ALL_COMMITTED, logIndex=41, commits[9a305e64-7592-4199-ba7e-8c2223e9b548:c52, 61021d77-0677-40a1-98e7-8ba643935ac0:c37, f4ab3ec0-fcec-4fb2-8953-e521da90d916:c52]
2019-11-11 04:07:00,764 [grpc-default-executor-0] WARN  server.GrpcLogAppender (LogUtils.java:warn(134)) - 9a305e64-7592-4199-ba7e-8c2223e9b548@group-F4D747E15FF8->61021d77-0677-40a1-98e7-8ba643935ac0-AppendLogResponseHandler: Failed appendEntries: org.apache.ratis.thirdparty.io.grpc.StatusRuntimeException: UNAVAILABLE: io exception
2019-11-11 04:07:00,764 [grpc-default-executor-0] INFO  impl.FollowerInfo (FollowerInfo.java:lambda$new$0(51)) - 9a305e64-7592-4199-ba7e-8c2223e9b548@group-F4D747E15FF8->61021d77-0677-40a1-98e7-8ba643935ac0: nextIndex: updateUnconditionally 0 -> 0
2019-11-11 04:07:00,764 [grpc-default-executor-4] WARN  server.GrpcLogAppender (LogUtils.java:warn(134)) - c04805f0-1fdc-4096-9f0e-017639bb4de5@group-F66482D1AE22->61021d77-0677-40a1-98e7-8ba643935ac0-AppendLogResponseHandler: Failed appendEntries: org.apache.ratis.thirdparty.io.grpc.StatusRuntimeException: UNAVAILABLE: io exception
2019-11-11 04:07:00,766 [grpc-default-executor-4] INFO  impl.FollowerInfo (FollowerInfo.java:lambda$new$0(51)) - c04805f0-1fdc-4096-9f0e-017639bb4de5@group-F66482D1AE22->61021d77-0677-40a1-98e7-8ba643935ac0: nextIndex: updateUnconditionally 0 -> 0
2019-11-11 04:07:00,976 [grpc-default-executor-1] WARN  server.GrpcLogAppender (LogUtils.java:warn(134)) - f4ab3ec0-fcec-4fb2-8953-e521da90d916@group-39D510FFD81F->61021d77-0677-40a1-98e7-8ba643935ac0-AppendLogResponseHandler: Failed appendEntries: org.apache.ratis.thirdparty.io.grpc.StatusRuntimeException: UNAVAILABLE: io exception
2019-11-11 04:07:00,977 [grpc-default-executor-1] INFO  impl.FollowerInfo (FollowerInfo.java:lambda$new$0(51)) - f4ab3ec0-fcec-4fb2-8953-e521da90d916@group-39D510FFD81F->61021d77-0677-40a1-98e7-8ba643935ac0: nextIndex: updateUnconditionally 0 -> 0
2019-11-11 04:07:01,262 [grpc-default-executor-4] WARN  server.GrpcLogAppender (LogUtils.java:warn(134)) - 9a305e64-7592-4199-ba7e-8c2223e9b548@group-F4D747E15FF8->61021d77-0677-40a1-98e7-8ba643935ac0-AppendLogResponseHandler: Failed appendEntries: org.apache.ratis.thirdparty.io.grpc.StatusRuntimeException: UNAVAILABLE: io exception
2019-11-11 04:07:01,262 [grpc-default-executor-4] INFO  impl.FollowerInfo (FollowerInfo.java:lambda$new$0(51)) - 9a305e64-7592-4199-ba7e-8c2223e9b548@group-F4D747E15FF8->61021d77-0677-40a1-98e7-8ba643935ac0: nextIndex: updateUnconditionally 0 -> 0
2019-11-11 04:07:01,262 [grpc-default-executor-1] WARN  server.GrpcLogAppender (LogUtils.java:warn(134)) - c04805f0-1fdc-4096-9f0e-017639bb4de5@group-F66482D1AE22->61021d77-0677-40a1-98e7-8ba643935ac0-AppendLogResponseHandler: Failed appendEntries: org.apache.ratis.thirdparty.io.grpc.StatusRuntimeException: UNAVAILABLE: io exception
2019-11-11 04:07:01,263 [grpc-default-executor-1] INFO  impl.FollowerInfo (FollowerInfo.java:lambda$new$0(51)) - c04805f0-1fdc-4096-9f0e-017639bb4de5@group-F66482D1AE22->61021d77-0677-40a1-98e7-8ba643935ac0: nextIndex: updateUnconditionally 0 -> 0
2019-11-11 04:07:01,477 [grpc-default-executor-1] WARN  server.GrpcLogAppender (LogUtils.java:warn(134)) - f4ab3ec0-fcec-4fb2-8953-e521da90d916@group-39D510FFD81F->61021d77-0677-40a1-98e7-8ba643935ac0-AppendLogResponseHandler: Failed appendEntries: org.apache.ratis.thirdparty.io.grpc.StatusRuntimeException: UNAVAILABLE: io exception
2019-11-11 04:07:01,477 [grpc-default-executor-1] INFO  impl.FollowerInfo (FollowerInfo.java:lambda$new$0(51)) - f4ab3ec0-fcec-4fb2-8953-e521da90d916@group-39D510FFD81F->61021d77-0677-40a1-98e7-8ba643935ac0: nextIndex: updateUnconditionally 0 -> 0
2019-11-11 04:07:01,762 [grpc-default-executor-4] WARN  server.GrpcLogAppender (LogUtils.java:warn(134)) - 9a305e64-7592-4199-ba7e-8c2223e9b548@group-F4D747E15FF8->61021d77-0677-40a1-98e7-8ba643935ac0-AppendLogResponseHandler: Failed appendEntries: org.apache.ratis.thirdparty.io.grpc.StatusRuntimeException: UNAVAILABLE: io exception
2019-11-11 04:07:01,762 [grpc-default-executor-5] WARN  server.GrpcLogAppender (LogUtils.java:warn(134)) - c04805f0-1fdc-4096-9f0e-017639bb4de5@group-F66482D1AE22->61021d77-0677-40a1-98e7-8ba643935ac0-AppendLogResponseHandler: Failed appendEntries: org.apache.ratis.thirdparty.io.grpc.StatusRuntimeException: UNAVAILABLE: io exception
2019-11-11 04:07:01,763 [grpc-default-executor-4] INFO  impl.FollowerInfo (FollowerInfo.java:lambda$new$0(51)) - 9a305e64-7592-4199-ba7e-8c2223e9b548@group-F4D747E15FF8->61021d77-0677-40a1-98e7-8ba643935ac0: nextIndex: updateUnconditionally 0 -> 0
2019-11-11 04:07:01,763 [grpc-default-executor-5] INFO  impl.FollowerInfo (FollowerInfo.java:lambda$new$0(51)) - c04805f0-1fdc-4096-9f0e-017639bb4de5@group-F66482D1AE22->61021d77-0677-40a1-98e7-8ba643935ac0: nextIndex: updateUnconditionally 0 -> 0
2019-11-11 04:07:01,981 [grpc-default-executor-4] WARN  server.GrpcLogAppender (LogUtils.java:warn(134)) - f4ab3ec0-fcec-4fb2-8953-e521da90d916@group-39D510FFD81F->61021d77-0677-40a1-98e7-8ba643935ac0-AppendLogResponseHandler: Failed appendEntries: org.apache.ratis.thirdparty.io.grpc.StatusRuntimeException: UNAVAILABLE: io exception
2019-11-11 04:07:01,982 [grpc-default-executor-4] INFO  impl.FollowerInfo (FollowerInfo.java:lambda$new$0(51)) - f4ab3ec0-fcec-4fb2-8953-e521da90d916@group-39D510FFD81F->61021d77-0677-40a1-98e7-8ba643935ac0: nextIndex: updateUnconditionally 0 -> 0
2019-11-11 04:07:02,264 [grpc-default-executor-4] WARN  server.GrpcLogAppender (LogUtils.java:warn(134)) - 9a305e64-7592-4199-ba7e-8c2223e9b548@group-F4D747E15FF8->61021d77-0677-40a1-98e7-8ba643935ac0-AppendLogResponseHandler: Failed appendEntries: org.apache.ratis.thirdparty.io.grpc.StatusRuntimeException: UNAVAILABLE: io exception
2019-11-11 04:07:02,264 [grpc-default-executor-5] WARN  server.GrpcLogAppender (LogUtils.java:warn(134)) - c04805f0-1fdc-4096-9f0e-017639bb4de5@group-F66482D1AE22->61021d77-0677-40a1-98e7-8ba643935ac0-AppendLogResponseHandler: Failed appendEntries: org.apache.ratis.thirdparty.io.grpc.StatusRuntimeException: UNAVAILABLE: io exception
2019-11-11 04:07:02,266 [grpc-default-executor-5] INFO  impl.FollowerInfo (FollowerInfo.java:lambda$new$0(51)) - c04805f0-1fdc-4096-9f0e-017639bb4de5@group-F66482D1AE22->61021d77-0677-40a1-98e7-8ba643935ac0: nextIndex: updateUnconditionally 0 -> 0
2019-11-11 04:07:02,266 [grpc-default-executor-4] INFO  impl.FollowerInfo (FollowerInfo.java:lambda$new$0(51)) - 9a305e64-7592-4199-ba7e-8c2223e9b548@group-F4D747E15FF8->61021d77-0677-40a1-98e7-8ba643935ac0: nextIndex: updateUnconditionally 0 -> 0
2019-11-11 04:07:02,481 [grpc-default-executor-0] WARN  server.GrpcLogAppender (LogUtils.java:warn(134)) - f4ab3ec0-fcec-4fb2-8953-e521da90d916@group-39D510FFD81F->61021d77-0677-40a1-98e7-8ba643935ac0-AppendLogResponseHandler: Failed appendEntries: org.apache.ratis.thirdparty.io.grpc.StatusRuntimeException: UNAVAILABLE: io exception
2019-11-11 04:07:02,481 [grpc-default-executor-0] INFO  impl.FollowerInfo (FollowerInfo.java:lambda$new$0(51)) - f4ab3ec0-fcec-4fb2-8953-e521da90d916@group-39D510FFD81F->61021d77-0677-40a1-98e7-8ba643935ac0: nextIndex: updateUnconditionally 0 -> 0
2019-11-11 04:07:02,764 [grpc-default-executor-2] WARN  server.GrpcLogAppender (LogUtils.java:warn(134)) - 9a305e64-7592-4199-ba7e-8c2223e9b548@group-F4D747E15FF8->61021d77-0677-40a1-98e7-8ba643935ac0-AppendLogResponseHandler: Failed appendEntries: org.apache.ratis.thirdparty.io.grpc.StatusRuntimeException: UNAVAILABLE: io exception
2019-11-11 04:07:02,764 [grpc-default-executor-1] WARN  server.GrpcLogAppender (LogUtils.java:warn(134)) - c04805f0-1fdc-4096-9f0e-017639bb4de5@group-F66482D1AE22->61021d77-0677-40a1-98e7-8ba643935ac0-AppendLogResponseHandler: Failed appendEntries: org.apache.ratis.thirdparty.io.grpc.StatusRuntimeException: UNAVAILABLE: io exception
2019-11-11 04:07:02,764 [grpc-default-executor-2] INFO  impl.FollowerInfo (FollowerInfo.java:lambda$new$0(51)) - 9a305e64-7592-4199-ba7e-8c2223e9b548@group-F4D747E15FF8->61021d77-0677-40a1-98e7-8ba643935ac0: nextIndex: updateUnconditionally 0 -> 0
2019-11-11 04:07:02,764 [grpc-default-executor-1] INFO  impl.FollowerInfo (FollowerInfo.java:lambda$new$0(51)) - c04805f0-1fdc-4096-9f0e-017639bb4de5@group-F66482D1AE22->61021d77-0677-40a1-98e7-8ba643935ac0: nextIndex: updateUnconditionally 0 -> 0
2019-11-11 04:07:02,981 [grpc-default-executor-4] WARN  server.GrpcLogAppender (LogUtils.java:warn(134)) - f4ab3ec0-fcec-4fb2-8953-e521da90d916@group-39D510FFD81F->61021d77-0677-40a1-98e7-8ba643935ac0-AppendLogResponseHandler: Failed appendEntries: org.apache.ratis.thirdparty.io.grpc.StatusRuntimeException: UNAVAILABLE: io exception
2019-11-11 04:07:02,982 [grpc-default-executor-4] INFO  impl.FollowerInfo (FollowerInfo.java:lambda$new$0(51)) - f4ab3ec0-fcec-4fb2-8953-e521da90d916@group-39D510FFD81F->61021d77-0677-40a1-98e7-8ba643935ac0: nextIndex: updateUnconditionally 0 -> 0
2019-11-11 04:07:03,265 [grpc-default-executor-2] WARN  server.GrpcLogAppender (LogUtils.java:warn(134)) - 9a305e64-7592-4199-ba7e-8c2223e9b548@group-F4D747E15FF8->61021d77-0677-40a1-98e7-8ba643935ac0-AppendLogResponseHandler: Failed appendEntries: org.apache.ratis.thirdparty.io.grpc.StatusRuntimeException: UNAVAILABLE: io exception
2019-11-11 04:07:03,265 [grpc-default-executor-4] WARN  server.GrpcLogAppender (LogUtils.java:warn(134)) - c04805f0-1fdc-4096-9f0e-017639bb4de5@group-F66482D1AE22->61021d77-0677-40a1-98e7-8ba643935ac0-AppendLogResponseHandler: Failed appendEntries: org.apache.ratis.thirdparty.io.grpc.StatusRuntimeException: UNAVAILABLE: io exception
2019-11-11 04:07:03,265 [grpc-default-executor-2] INFO  impl.FollowerInfo (FollowerInfo.java:lambda$new$0(51)) - 9a305e64-7592-4199-ba7e-8c2223e9b548@group-F4D747E15FF8->61021d77-0677-40a1-98e7-8ba643935ac0: nextIndex: updateUnconditionally 0 -> 0
2019-11-11 04:07:03,265 [grpc-default-executor-4] INFO  impl.FollowerInfo (FollowerInfo.java:lambda$new$0(51)) - c04805f0-1fdc-4096-9f0e-017639bb4de5@group-F66482D1AE22->61021d77-0677-40a1-98e7-8ba643935ac0: nextIndex: updateUnconditionally 0 -> 0
2019-11-11 04:07:03,482 [grpc-default-executor-5] WARN  server.GrpcLogAppender (LogUtils.java:warn(134)) - f4ab3ec0-fcec-4fb2-8953-e521da90d916@group-39D510FFD81F->61021d77-0677-40a1-98e7-8ba643935ac0-AppendLogResponseHandler: Failed appendEntries: org.apache.ratis.thirdparty.io.grpc.StatusRuntimeException: UNAVAILABLE: io exception
2019-11-11 04:07:03,483 [grpc-default-executor-5] INFO  impl.FollowerInfo (FollowerInfo.java:lambda$new$0(51)) - f4ab3ec0-fcec-4fb2-8953-e521da90d916@group-39D510FFD81F->61021d77-0677-40a1-98e7-8ba643935ac0: nextIndex: updateUnconditionally 0 -> 0
2019-11-11 04:07:03,766 [grpc-default-executor-5] WARN  server.GrpcLogAppender (LogUtils.java:warn(134)) - c04805f0-1fdc-4096-9f0e-017639bb4de5@group-F66482D1AE22->61021d77-0677-40a1-98e7-8ba643935ac0-AppendLogResponseHandler: Failed appendEntries: org.apache.ratis.thirdparty.io.grpc.StatusRuntimeException: UNAVAILABLE: io exception
2019-11-11 04:07:03,766 [grpc-default-executor-4] WARN  server.GrpcLogAppender (LogUtils.java:warn(134)) - 9a305e64-7592-4199-ba7e-8c2223e9b548@group-F4D747E15FF8->61021d77-0677-40a1-98e7-8ba643935ac0-AppendLogResponseHandler: Failed appendEntries: org.apache.ratis.thirdparty.io.grpc.StatusRuntimeException: UNAVAILABLE: io exception
2019-11-11 04:07:03,766 [grpc-default-executor-5] INFO  impl.FollowerInfo (FollowerInfo.java:lambda$new$0(51)) - c04805f0-1fdc-4096-9f0e-017639bb4de5@group-F66482D1AE22->61021d77-0677-40a1-98e7-8ba643935ac0: nextIndex: updateUnconditionally 0 -> 0
2019-11-11 04:07:03,766 [grpc-default-executor-4] INFO  impl.FollowerInfo (FollowerInfo.java:lambda$new$0(51)) - 9a305e64-7592-4199-ba7e-8c2223e9b548@group-F4D747E15FF8->61021d77-0677-40a1-98e7-8ba643935ac0: nextIndex: updateUnconditionally 0 -> 0
2019-11-11 04:07:03,983 [grpc-default-executor-5] WARN  server.GrpcLogAppender (LogUtils.java:warn(134)) - f4ab3ec0-fcec-4fb2-8953-e521da90d916@group-39D510FFD81F->61021d77-0677-40a1-98e7-8ba643935ac0-AppendLogResponseHandler: Failed appendEntries: org.apache.ratis.thirdparty.io.grpc.StatusRuntimeException: UNAVAILABLE: io exception
2019-11-11 04:07:03,983 [grpc-default-executor-5] INFO  impl.FollowerInfo (FollowerInfo.java:lambda$new$0(51)) - f4ab3ec0-fcec-4fb2-8953-e521da90d916@group-39D510FFD81F->61021d77-0677-40a1-98e7-8ba643935ac0: nextIndex: updateUnconditionally 0 -> 0
2019-11-11 04:07:04,204 [grpc-default-executor-1] WARN  server.GrpcLogAppender (LogUtils.java:warn(134)) - 9a305e64-7592-4199-ba7e-8c2223e9b548@group-F4D747E15FF8->61021d77-0677-40a1-98e7-8ba643935ac0-AppendLogResponseHandler: Failed appendEntries: org.apache.ratis.thirdparty.io.grpc.StatusRuntimeException: UNAVAILABLE: io exception
2019-11-11 04:07:04,205 [grpc-default-executor-1] INFO  impl.FollowerInfo (FollowerInfo.java:lambda$new$0(51)) - 9a305e64-7592-4199-ba7e-8c2223e9b548@group-F4D747E15FF8->61021d77-0677-40a1-98e7-8ba643935ac0: nextIndex: updateUnconditionally 1 -> 0
2019-11-11 04:07:04,224 [grpc-default-executor-2] WARN  server.GrpcLogAppender (LogUtils.java:warn(134)) - 9a305e64-7592-4199-ba7e-8c2223e9b548@group-F4D747E15FF8->61021d77-0677-40a1-98e7-8ba643935ac0-AppendLogResponseHandler: Failed appendEntries: org.apache.ratis.thirdparty.io.grpc.StatusRuntimeException: UNAVAILABLE: io exception
2019-11-11 04:07:04,227 [grpc-default-executor-2] INFO  impl.FollowerInfo (FollowerInfo.java:lambda$new$0(51)) - 9a305e64-7592-4199-ba7e-8c2223e9b548@group-F4D747E15FF8->61021d77-0677-40a1-98e7-8ba643935ac0: nextIndex: updateUnconditionally 1 -> 0
2019-11-11 04:07:04,229 [grpc-default-executor-4] WARN  server.GrpcLogAppender (LogUtils.java:warn(134)) - 9a305e64-7592-4199-ba7e-8c2223e9b548@group-F4D747E15FF8->61021d77-0677-40a1-98e7-8ba643935ac0-AppendLogResponseHandler: Failed appendEntries: org.apache.ratis.thirdparty.io.grpc.StatusRuntimeException: UNAVAILABLE: io exception
2019-11-11 04:07:04,229 [grpc-default-executor-4] INFO  impl.FollowerInfo (FollowerInfo.java:lambda$new$0(51)) - 9a305e64-7592-4199-ba7e-8c2223e9b548@group-F4D747E15FF8->61021d77-0677-40a1-98e7-8ba643935ac0: nextIndex: updateUnconditionally 1 -> 0
2019-11-11 04:07:04,233 [grpc-default-executor-1] WARN  server.GrpcLogAppender (LogUtils.java:warn(134)) - 9a305e64-7592-4199-ba7e-8c2223e9b548@group-F4D747E15FF8->61021d77-0677-40a1-98e7-8ba643935ac0-AppendLogResponseHandler: Failed appendEntries: org.apache.ratis.thirdparty.io.grpc.StatusRuntimeException: UNAVAILABLE: io exception
2019-11-11 04:07:04,233 [grpc-default-executor-1] INFO  impl.FollowerInfo (FollowerInfo.java:lambda$new$0(51)) - 9a305e64-7592-4199-ba7e-8c2223e9b548@group-F4D747E15FF8->61021d77-0677-40a1-98e7-8ba643935ac0: nextIndex: updateUnconditionally 1 -> 0
2019-11-11 04:07:04,235 [grpc-default-executor-2] WARN  server.GrpcLogAppender (LogUtils.java:warn(134)) - 9a305e64-7592-4199-ba7e-8c2223e9b548@group-F4D747E15FF8->61021d77-0677-40a1-98e7-8ba643935ac0-AppendLogResponseHandler: Failed appendEntries: org.apache.ratis.thirdparty.io.grpc.StatusRuntimeException: UNAVAILABLE: io exception
2019-11-11 04:07:04,235 [grpc-default-executor-2] INFO  impl.FollowerInfo (FollowerInfo.java:lambda$new$0(51)) - 9a305e64-7592-4199-ba7e-8c2223e9b548@group-F4D747E15FF8->61021d77-0677-40a1-98e7-8ba643935ac0: nextIndex: updateUnconditionally 1 -> 0
2019-11-11 04:07:04,247 [grpc-default-executor-1] WARN  server.GrpcLogAppender (LogUtils.java:warn(134)) - 9a305e64-7592-4199-ba7e-8c2223e9b548@group-F4D747E15FF8->61021d77-0677-40a1-98e7-8ba643935ac0-AppendLogResponseHandler: Failed appendEntries: org.apache.ratis.thirdparty.io.grpc.StatusRuntimeException: UNAVAILABLE: io exception
2019-11-11 04:07:04,247 [grpc-default-executor-1] INFO  impl.FollowerInfo (FollowerInfo.java:lambda$new$0(51)) - 9a305e64-7592-4199-ba7e-8c2223e9b548@group-F4D747E15FF8->61021d77-0677-40a1-98e7-8ba643935ac0: nextIndex: updateUnconditionally 1 -> 0
2019-11-11 04:07:04,265 [grpc-default-executor-4] WARN  server.GrpcLogAppender (LogUtils.java:warn(134)) - c04805f0-1fdc-4096-9f0e-017639bb4de5@group-F66482D1AE22->61021d77-0677-40a1-98e7-8ba643935ac0-AppendLogResponseHandler: Failed appendEntries: org.apache.ratis.thirdparty.io.grpc.StatusRuntimeException: UNAVAILABLE: io exception
2019-11-11 04:07:04,266 [grpc-default-executor-4] INFO  impl.FollowerInfo (FollowerInfo.java:lambda$new$0(51)) - c04805f0-1fdc-4096-9f0e-017639bb4de5@group-F66482D1AE22->61021d77-0677-40a1-98e7-8ba643935ac0: nextIndex: updateUnconditionally 0 -> 0
2019-11-11 04:07:04,463 [Datanode State Machine Thread - 0] INFO  statemachine.DatanodeStateMachine (DatanodeStateMachine.java:lambda$startDaemon$0(350)) - Ozone container server started.
2019-11-11 04:07:04,484 [grpc-default-executor-2] WARN  server.GrpcLogAppender (LogUtils.java:warn(134)) - f4ab3ec0-fcec-4fb2-8953-e521da90d916@group-39D510FFD81F->61021d77-0677-40a1-98e7-8ba643935ac0-AppendLogResponseHandler: Failed appendEntries: org.apache.ratis.thirdparty.io.grpc.StatusRuntimeException: UNAVAILABLE: io exception
2019-11-11 04:07:04,484 [grpc-default-executor-2] INFO  impl.FollowerInfo (FollowerInfo.java:lambda$new$0(51)) - f4ab3ec0-fcec-4fb2-8953-e521da90d916@group-39D510FFD81F->61021d77-0677-40a1-98e7-8ba643935ac0: nextIndex: updateUnconditionally 0 -> 0
2019-11-11 04:07:04,748 [grpc-default-executor-1] WARN  server.GrpcLogAppender (LogUtils.java:warn(134)) - 9a305e64-7592-4199-ba7e-8c2223e9b548@group-F4D747E15FF8->61021d77-0677-40a1-98e7-8ba643935ac0-AppendLogResponseHandler: Failed appendEntries: org.apache.ratis.thirdparty.io.grpc.StatusRuntimeException: UNAVAILABLE: io exception
2019-11-11 04:07:04,749 [grpc-default-executor-1] INFO  impl.FollowerInfo (FollowerInfo.java:lambda$new$0(51)) - 9a305e64-7592-4199-ba7e-8c2223e9b548@group-F4D747E15FF8->61021d77-0677-40a1-98e7-8ba643935ac0: nextIndex: updateUnconditionally 0 -> 0
2019-11-11 04:07:04,757 [Thread-867] INFO  client.GrpcClientProtocolService (GrpcClientProtocolService.java:lambda$processClientRequest$0(279)) - Failed RaftClientRequest:client-288C807A782E->9a305e64-7592-4199-ba7e-8c2223e9b548@group-F4D747E15FF8, cid=40, seq=0, Watch-ALL_COMMITTED(39), Message:<EMPTY>, reply=RaftClientReply:client-288C807A782E->9a305e64-7592-4199-ba7e-8c2223e9b548@group-F4D747E15FF8, cid=40, FAILED org.apache.ratis.protocol.NotReplicatedException: Request with call Id 40 and log index 39 is not yet replicated to ALL_COMMITTED, logIndex=39, commits[9a305e64-7592-4199-ba7e-8c2223e9b548:c56, 61021d77-0677-40a1-98e7-8ba643935ac0:c37, f4ab3ec0-fcec-4fb2-8953-e521da90d916:c56]
2019-11-11 04:07:04,766 [grpc-default-executor-4] WARN  server.GrpcLogAppender (LogUtils.java:warn(134)) - c04805f0-1fdc-4096-9f0e-017639bb4de5@group-F66482D1AE22->61021d77-0677-40a1-98e7-8ba643935ac0-AppendLogResponseHandler: Failed appendEntries: org.apache.ratis.thirdparty.io.grpc.StatusRuntimeException: UNAVAILABLE: io exception
2019-11-11 04:07:04,766 [grpc-default-executor-4] INFO  impl.FollowerInfo (FollowerInfo.java:lambda$new$0(51)) - c04805f0-1fdc-4096-9f0e-017639bb4de5@group-F66482D1AE22->61021d77-0677-40a1-98e7-8ba643935ac0: nextIndex: updateUnconditionally 0 -> 0
2019-11-11 04:07:04,984 [grpc-default-executor-2] WARN  server.GrpcLogAppender (LogUtils.java:warn(134)) - f4ab3ec0-fcec-4fb2-8953-e521da90d916@group-39D510FFD81F->61021d77-0677-40a1-98e7-8ba643935ac0-AppendLogResponseHandler: Failed appendEntries: org.apache.ratis.thirdparty.io.grpc.StatusRuntimeException: UNAVAILABLE: io exception
2019-11-11 04:07:04,987 [grpc-default-executor-2] INFO  impl.FollowerInfo (FollowerInfo.java:lambda$new$0(51)) - f4ab3ec0-fcec-4fb2-8953-e521da90d916@group-39D510FFD81F->61021d77-0677-40a1-98e7-8ba643935ac0: nextIndex: updateUnconditionally 0 -> 0
2019-11-11 04:07:05,249 [grpc-default-executor-5] WARN  server.GrpcLogAppender (LogUtils.java:warn(134)) - 9a305e64-7592-4199-ba7e-8c2223e9b548@group-F4D747E15FF8->61021d77-0677-40a1-98e7-8ba643935ac0-AppendLogResponseHandler: Failed appendEntries: org.apache.ratis.thirdparty.io.grpc.StatusRuntimeException: UNAVAILABLE: io exception
2019-11-11 04:07:05,249 [grpc-default-executor-5] INFO  impl.FollowerInfo (FollowerInfo.java:lambda$new$0(51)) - 9a305e64-7592-4199-ba7e-8c2223e9b548@group-F4D747E15FF8->61021d77-0677-40a1-98e7-8ba643935ac0: nextIndex: updateUnconditionally 0 -> 0
2019-11-11 04:07:05,267 [grpc-default-executor-5] WARN  server.GrpcLogAppender (LogUtils.java:warn(134)) - c04805f0-1fdc-4096-9f0e-017639bb4de5@group-F66482D1AE22->61021d77-0677-40a1-98e7-8ba643935ac0-AppendLogResponseHandler: Failed appendEntries: org.apache.ratis.thirdparty.io.grpc.StatusRuntimeException: UNAVAILABLE: io exception
2019-11-11 04:07:05,267 [grpc-default-executor-5] INFO  impl.FollowerInfo (FollowerInfo.java:lambda$new$0(51)) - c04805f0-1fdc-4096-9f0e-017639bb4de5@group-F66482D1AE22->61021d77-0677-40a1-98e7-8ba643935ac0: nextIndex: updateUnconditionally 0 -> 0
2019-11-11 04:07:05,485 [grpc-default-executor-5] WARN  server.GrpcLogAppender (LogUtils.java:warn(134)) - f4ab3ec0-fcec-4fb2-8953-e521da90d916@group-39D510FFD81F->61021d77-0677-40a1-98e7-8ba643935ac0-AppendLogResponseHandler: Failed appendEntries: org.apache.ratis.thirdparty.io.grpc.StatusRuntimeException: UNAVAILABLE: io exception
2019-11-11 04:07:05,485 [grpc-default-executor-5] INFO  impl.FollowerInfo (FollowerInfo.java:lambda$new$0(51)) - f4ab3ec0-fcec-4fb2-8953-e521da90d916@group-39D510FFD81F->61021d77-0677-40a1-98e7-8ba643935ac0: nextIndex: updateUnconditionally 0 -> 0
2019-11-11 04:07:05,750 [grpc-default-executor-2] WARN  server.GrpcLogAppender (LogUtils.java:warn(134)) - 9a305e64-7592-4199-ba7e-8c2223e9b548@group-F4D747E15FF8->61021d77-0677-40a1-98e7-8ba643935ac0-AppendLogResponseHandler: Failed appendEntries: org.apache.ratis.thirdparty.io.grpc.StatusRuntimeException: UNAVAILABLE: io exception
2019-11-11 04:07:05,750 [grpc-default-executor-2] INFO  impl.FollowerInfo (FollowerInfo.java:lambda$new$0(51)) - 9a305e64-7592-4199-ba7e-8c2223e9b548@group-F4D747E15FF8->61021d77-0677-40a1-98e7-8ba643935ac0: nextIndex: updateUnconditionally 0 -> 0
2019-11-11 04:07:05,768 [grpc-default-executor-1] WARN  server.GrpcLogAppender (LogUtils.java:warn(134)) - c04805f0-1fdc-4096-9f0e-017639bb4de5@group-F66482D1AE22->61021d77-0677-40a1-98e7-8ba643935ac0-AppendLogResponseHandler: Failed appendEntries: org.apache.ratis.thirdparty.io.grpc.StatusRuntimeException: UNAVAILABLE: io exception
2019-11-11 04:07:05,768 [grpc-default-executor-1] INFO  impl.FollowerInfo (FollowerInfo.java:lambda$new$0(51)) - c04805f0-1fdc-4096-9f0e-017639bb4de5@group-F66482D1AE22->61021d77-0677-40a1-98e7-8ba643935ac0: nextIndex: updateUnconditionally 0 -> 0
2019-11-11 04:07:05,830 [grpc-default-executor-1] INFO  impl.RaftServerProxy (RaftServerProxy.java:remove(95)) - c04805f0-1fdc-4096-9f0e-017639bb4de5: remove    LEADER c04805f0-1fdc-4096-9f0e-017639bb4de5@group-F66482D1AE22:t1, leader=c04805f0-1fdc-4096-9f0e-017639bb4de5, voted=c04805f0-1fdc-4096-9f0e-017639bb4de5, raftlog=c04805f0-1fdc-4096-9f0e-017639bb4de5@group-F66482D1AE22-SegmentedRaftLog:OPENED:c0,f0,i0, conf=0: [61021d77-0677-40a1-98e7-8ba643935ac0:192.168.34.63:35377, c04805f0-1fdc-4096-9f0e-017639bb4de5:192.168.34.63:44743, f4ab3ec0-fcec-4fb2-8953-e521da90d916:192.168.34.63:41296], old=null RUNNING
2019-11-11 04:07:05,832 [grpc-default-executor-1] INFO  impl.RaftServerImpl (RaftServerImpl.java:lambda$shutdown$3(250)) - c04805f0-1fdc-4096-9f0e-017639bb4de5@group-F66482D1AE22: shutdown
2019-11-11 04:07:05,832 [grpc-default-executor-1] INFO  util.JmxRegister (JmxRegister.java:unregister(73)) - Successfully un-registered JMX Bean with object name Ratis:service=RaftServer,group=group-F66482D1AE22,id=c04805f0-1fdc-4096-9f0e-017639bb4de5
2019-11-11 04:07:05,832 [grpc-default-executor-1] INFO  impl.RoleInfo (RoleInfo.java:shutdownLeaderState(104)) - c04805f0-1fdc-4096-9f0e-017639bb4de5: shutdown LeaderState
2019-11-11 04:07:05,836 [grpc-default-executor-1] INFO  impl.PendingRequests (PendingRequests.java:sendNotLeaderResponses(206)) - c04805f0-1fdc-4096-9f0e-017639bb4de5@group-F66482D1AE22-PendingRequests: sendNotLeaderResponses
2019-11-11 04:07:05,836 [org.apache.ratis.server.impl.LogAppender$AppenderDaemon$$Lambda$651/545843685@30c63da4] WARN  server.GrpcLogAppender (GrpcLogAppender.java:mayWait(151)) - c04805f0-1fdc-4096-9f0e-017639bb4de5@group-F66482D1AE22->f4ab3ec0-fcec-4fb2-8953-e521da90d916-GrpcLogAppender: Wait interrupted by java.lang.InterruptedException
2019-11-11 04:07:05,836 [org.apache.ratis.server.impl.LogAppender$AppenderDaemon$$Lambda$651/545843685@64263e9a] WARN  server.GrpcLogAppender (GrpcLogAppender.java:mayWait(151)) - c04805f0-1fdc-4096-9f0e-017639bb4de5@group-F66482D1AE22->61021d77-0677-40a1-98e7-8ba643935ac0-GrpcLogAppender: Wait interrupted by java.lang.InterruptedException
2019-11-11 04:07:05,838 [grpc-default-executor-1] INFO  impl.StateMachineUpdater (StateMachineUpdater.java:stopAndJoin(136)) - c04805f0-1fdc-4096-9f0e-017639bb4de5@group-F66482D1AE22-StateMachineUpdater: set stopIndex = 0
2019-11-11 04:07:05,838 [grpc-default-executor-5] INFO  server.GrpcServerProtocolService (GrpcServerProtocolService.java:onCompleted(113)) - f4ab3ec0-fcec-4fb2-8953-e521da90d916: Completed APPEND_ENTRIES, lastRequest: c04805f0-1fdc-4096-9f0e-017639bb4de5->f4ab3ec0-fcec-4fb2-8953-e521da90d916#82-t1, previous=(t:1, i:0), leaderCommit=0, initializing? false, entries: <empty>
2019-11-11 04:07:05,839 [grpc-default-executor-1] INFO  impl.RaftServerImpl (ServerState.java:close(387)) - c04805f0-1fdc-4096-9f0e-017639bb4de5@group-F66482D1AE22: closes. applyIndex: 0
2019-11-11 04:07:05,839 [c04805f0-1fdc-4096-9f0e-017639bb4de5@group-F66482D1AE22-SegmentedRaftLogWorker] INFO  segmented.SegmentedRaftLogWorker (SegmentedRaftLogWorker.java:run(316)) - c04805f0-1fdc-4096-9f0e-017639bb4de5@group-F66482D1AE22-SegmentedRaftLogWorker was interrupted, exiting. There are 0 tasks remaining in the queue.
2019-11-11 04:07:05,839 [grpc-default-executor-5] INFO  server.GrpcLogAppender (GrpcLogAppender.java:onCompleted(308)) - c04805f0-1fdc-4096-9f0e-017639bb4de5@group-F66482D1AE22->f4ab3ec0-fcec-4fb2-8953-e521da90d916-AppendLogResponseHandler: follower responses appendEntries COMPLETED
2019-11-11 04:07:05,841 [grpc-default-executor-1] INFO  segmented.SegmentedRaftLogWorker (SegmentedRaftLogWorker.java:close(224)) - c04805f0-1fdc-4096-9f0e-017639bb4de5@group-F66482D1AE22-SegmentedRaftLogWorker close()
2019-11-11 04:07:05,844 [grpc-default-executor-5] INFO  impl.FollowerInfo (FollowerInfo.java:lambda$new$0(51)) - c04805f0-1fdc-4096-9f0e-017639bb4de5@group-F66482D1AE22->f4ab3ec0-fcec-4fb2-8953-e521da90d916: nextIndex: updateUnconditionally 1 -> 0
2019-11-11 04:07:05,986 [grpc-default-executor-2] WARN  server.GrpcLogAppender (LogUtils.java:warn(134)) - f4ab3ec0-fcec-4fb2-8953-e521da90d916@group-39D510FFD81F->61021d77-0677-40a1-98e7-8ba643935ac0-AppendLogResponseHandler: Failed appendEntries: org.apache.ratis.thirdparty.io.grpc.StatusRuntimeException: UNAVAILABLE: io exception
2019-11-11 04:07:05,986 [grpc-default-executor-2] INFO  impl.FollowerInfo (FollowerInfo.java:lambda$new$0(51)) - f4ab3ec0-fcec-4fb2-8953-e521da90d916@group-39D510FFD81F->61021d77-0677-40a1-98e7-8ba643935ac0: nextIndex: updateUnconditionally 0 -> 0
2019-11-11 04:07:06,251 [grpc-default-executor-2] WARN  server.GrpcLogAppender (LogUtils.java:warn(134)) - 9a305e64-7592-4199-ba7e-8c2223e9b548@group-F4D747E15FF8->61021d77-0677-40a1-98e7-8ba643935ac0-AppendLogResponseHandler: Failed appendEntries: org.apache.ratis.thirdparty.io.grpc.StatusRuntimeException: UNAVAILABLE: io exception
2019-11-11 04:07:06,251 [grpc-default-executor-2] INFO  impl.FollowerInfo (FollowerInfo.java:lambda$new$0(51)) - 9a305e64-7592-4199-ba7e-8c2223e9b548@group-F4D747E15FF8->61021d77-0677-40a1-98e7-8ba643935ac0: nextIndex: updateUnconditionally 0 -> 0
2019-11-11 04:07:06,487 [grpc-default-executor-1] WARN  server.GrpcLogAppender (LogUtils.java:warn(134)) - f4ab3ec0-fcec-4fb2-8953-e521da90d916@group-39D510FFD81F->61021d77-0677-40a1-98e7-8ba643935ac0-AppendLogResponseHandler: Failed appendEntries: org.apache.ratis.thirdparty.io.grpc.StatusRuntimeException: UNAVAILABLE: io exception
2019-11-11 04:07:06,487 [grpc-default-executor-1] INFO  impl.FollowerInfo (FollowerInfo.java:lambda$new$0(51)) - f4ab3ec0-fcec-4fb2-8953-e521da90d916@group-39D510FFD81F->61021d77-0677-40a1-98e7-8ba643935ac0: nextIndex: updateUnconditionally 0 -> 0
2019-11-11 04:07:06,751 [grpc-default-executor-1] WARN  server.GrpcLogAppender (LogUtils.java:warn(134)) - 9a305e64-7592-4199-ba7e-8c2223e9b548@group-F4D747E15FF8->61021d77-0677-40a1-98e7-8ba643935ac0-AppendLogResponseHandler: Failed appendEntries: org.apache.ratis.thirdparty.io.grpc.StatusRuntimeException: UNAVAILABLE: io exception
2019-11-11 04:07:06,751 [grpc-default-executor-1] INFO  impl.FollowerInfo (FollowerInfo.java:lambda$new$0(51)) - 9a305e64-7592-4199-ba7e-8c2223e9b548@group-F4D747E15FF8->61021d77-0677-40a1-98e7-8ba643935ac0: nextIndex: updateUnconditionally 0 -> 0
2019-11-11 04:07:06,988 [grpc-default-executor-1] WARN  server.GrpcLogAppender (LogUtils.java:warn(134)) - f4ab3ec0-fcec-4fb2-8953-e521da90d916@group-39D510FFD81F->61021d77-0677-40a1-98e7-8ba643935ac0-AppendLogResponseHandler: Failed appendEntries: org.apache.ratis.thirdparty.io.grpc.StatusRuntimeException: UNAVAILABLE: io exception
2019-11-11 04:07:06,988 [grpc-default-executor-1] INFO  impl.FollowerInfo (FollowerInfo.java:lambda$new$0(51)) - f4ab3ec0-fcec-4fb2-8953-e521da90d916@group-39D510FFD81F->61021d77-0677-40a1-98e7-8ba643935ac0: nextIndex: updateUnconditionally 0 -> 0
2019-11-11 04:07:07,099 [Thread-330] INFO  impl.FollowerState (FollowerState.java:run(111)) - f4ab3ec0-fcec-4fb2-8953-e521da90d916@group-F66482D1AE22-FollowerState: change to CANDIDATE, lastRpcTime:1723ms, electionTimeout:1063ms
2019-11-11 04:07:07,099 [Thread-330] INFO  impl.RoleInfo (RoleInfo.java:shutdownFollowerState(121)) - f4ab3ec0-fcec-4fb2-8953-e521da90d916: shutdown FollowerState
2019-11-11 04:07:07,099 [Thread-330] INFO  impl.RaftServerImpl (RaftServerImpl.java:setRole(173)) - f4ab3ec0-fcec-4fb2-8953-e521da90d916@group-F66482D1AE22: changes role from  FOLLOWER to CANDIDATE at term 1 for changeToCandidate
2019-11-11 04:07:07,099 [Thread-330] INFO  impl.RoleInfo (RoleInfo.java:updateAndGet(143)) - f4ab3ec0-fcec-4fb2-8953-e521da90d916: start LeaderElection
2019-11-11 04:07:07,102 [f4ab3ec0-fcec-4fb2-8953-e521da90d916@group-F66482D1AE22-LeaderElection9] INFO  impl.RaftServerImpl (ServerState.java:setLeader(255)) - f4ab3ec0-fcec-4fb2-8953-e521da90d916@group-F66482D1AE22: change Leader from c04805f0-1fdc-4096-9f0e-017639bb4de5 to null at term 1 for initElection
2019-11-11 04:07:07,134 [f4ab3ec0-fcec-4fb2-8953-e521da90d916@group-F66482D1AE22-LeaderElection9] INFO  impl.LeaderElection (LeaderElection.java:askForVotes(178)) - f4ab3ec0-fcec-4fb2-8953-e521da90d916@group-F66482D1AE22-LeaderElection9: begin an election at term 2 for 0: [61021d77-0677-40a1-98e7-8ba643935ac0:192.168.34.63:35377, c04805f0-1fdc-4096-9f0e-017639bb4de5:192.168.34.63:44743, f4ab3ec0-fcec-4fb2-8953-e521da90d916:192.168.34.63:41296], old=null
2019-11-11 04:07:07,137 [f4ab3ec0-fcec-4fb2-8953-e521da90d916@group-F66482D1AE22-LeaderElection9] INFO  impl.LeaderElection (LogUtils.java:infoOrTrace(149)) - f4ab3ec0-fcec-4fb2-8953-e521da90d916@group-F66482D1AE22-LeaderElection9 got exception when requesting votes: {}
java.util.concurrent.ExecutionException: org.apache.ratis.thirdparty.io.grpc.StatusRuntimeException: UNAVAILABLE: io exception
	at java.util.concurrent.FutureTask.report(FutureTask.java:122)
	at java.util.concurrent.FutureTask.get(FutureTask.java:192)
	at org.apache.ratis.server.impl.LeaderElection.waitForResults(LeaderElection.java:259)
	at org.apache.ratis.server.impl.LeaderElection.askForVotes(LeaderElection.java:197)
	at org.apache.ratis.server.impl.LeaderElection.run(LeaderElection.java:133)
	at java.lang.Thread.run(Thread.java:748)
Caused by: org.apache.ratis.thirdparty.io.grpc.StatusRuntimeException: UNAVAILABLE: io exception
	at org.apache.ratis.thirdparty.io.grpc.stub.ClientCalls.toStatusRuntimeException(ClientCalls.java:233)
	at org.apache.ratis.thirdparty.io.grpc.stub.ClientCalls.getUnchecked(ClientCalls.java:214)
	at org.apache.ratis.thirdparty.io.grpc.stub.ClientCalls.blockingUnaryCall(ClientCalls.java:139)
	at org.apache.ratis.proto.grpc.RaftServerProtocolServiceGrpc$RaftServerProtocolServiceBlockingStub.requestVote(RaftServerProtocolServiceGrpc.java:265)
	at org.apache.ratis.grpc.server.GrpcServerProtocolClient.requestVote(GrpcServerProtocolClient.java:99)
	at org.apache.ratis.grpc.server.GrpcService.requestVote(GrpcService.java:204)
	at org.apache.ratis.server.impl.LeaderElection.lambda$submitRequests$1(LeaderElection.java:234)
	at java.util.concurrent.FutureTask.run(FutureTask.java:266)
	at java.util.concurrent.Executors$RunnableAdapter.call(Executors.java:511)
	at java.util.concurrent.FutureTask.run(FutureTask.java:266)
	at java.util.concurrent.ThreadPoolExecutor.runWorker(ThreadPoolExecutor.java:1149)
	at java.util.concurrent.ThreadPoolExecutor$Worker.run(ThreadPoolExecutor.java:624)
	... 1 more
Caused by: org.apache.ratis.thirdparty.io.netty.channel.AbstractChannel$AnnotatedConnectException: Connection refused: /192.168.34.63:35377
	at sun.nio.ch.SocketChannelImpl.checkConnect(Native Method)
	at sun.nio.ch.SocketChannelImpl.finishConnect(SocketChannelImpl.java:717)
	at org.apache.ratis.thirdparty.io.netty.channel.socket.nio.NioSocketChannel.doFinishConnect(NioSocketChannel.java:327)
	at org.apache.ratis.thirdparty.io.netty.channel.nio.AbstractNioChannel$AbstractNioUnsafe.finishConnect(AbstractNioChannel.java:340)
	at org.apache.ratis.thirdparty.io.netty.channel.nio.NioEventLoop.processSelectedKey(NioEventLoop.java:632)
	at org.apache.ratis.thirdparty.io.netty.channel.nio.NioEventLoop.processSelectedKeysOptimized(NioEventLoop.java:579)
	at org.apache.ratis.thirdparty.io.netty.channel.nio.NioEventLoop.processSelectedKeys(NioEventLoop.java:496)
	at org.apache.ratis.thirdparty.io.netty.channel.nio.NioEventLoop.run(NioEventLoop.java:458)
	at org.apache.ratis.thirdparty.io.netty.util.concurrent.SingleThreadEventExecutor$5.run(SingleThreadEventExecutor.java:897)
	at org.apache.ratis.thirdparty.io.netty.util.concurrent.FastThreadLocalRunnable.run(FastThreadLocalRunnable.java:30)
	... 1 more
Caused by: java.net.ConnectException: Connection refused
	... 11 more
2019-11-11 04:07:07,143 [grpc-default-executor-2] WARN  server.GrpcServerProtocolService (LogUtils.java:warn(136)) - c04805f0-1fdc-4096-9f0e-017639bb4de5: Failed requestVote f4ab3ec0-fcec-4fb2-8953-e521da90d916->c04805f0-1fdc-4096-9f0e-017639bb4de5#0
org.apache.ratis.protocol.GroupMismatchException: c04805f0-1fdc-4096-9f0e-017639bb4de5: group-F66482D1AE22 not found.
	at org.apache.ratis.server.impl.RaftServerProxy$ImplMap.get(RaftServerProxy.java:122)
	at org.apache.ratis.server.impl.RaftServerProxy.getImplFuture(RaftServerProxy.java:269)
	at org.apache.ratis.server.impl.RaftServerProxy.getImpl(RaftServerProxy.java:278)
	at org.apache.ratis.server.impl.RaftServerProxy.getImpl(RaftServerProxy.java:273)
	at org.apache.ratis.server.impl.RaftServerProxy.requestVote(RaftServerProxy.java:443)
	at org.apache.ratis.grpc.server.GrpcServerProtocolService.requestVote(GrpcServerProtocolService.java:142)
	at org.apache.ratis.proto.grpc.RaftServerProtocolServiceGrpc$MethodHandlers.invoke(RaftServerProtocolServiceGrpc.java:319)
	at org.apache.ratis.thirdparty.io.grpc.stub.ServerCalls$UnaryServerCallHandler$UnaryServerCallListener.onHalfClose(ServerCalls.java:171)
	at org.apache.ratis.thirdparty.io.grpc.internal.ServerCallImpl$ServerStreamListenerImpl.halfClosed(ServerCallImpl.java:283)
	at org.apache.ratis.thirdparty.io.grpc.internal.ServerImpl$JumpToApplicationThreadServerStreamListener$1HalfClosed.runInContext(ServerImpl.java:710)
	at org.apache.ratis.thirdparty.io.grpc.internal.ContextRunnable.run(ContextRunnable.java:37)
	at org.apache.ratis.thirdparty.io.grpc.internal.SerializingExecutor.run(SerializingExecutor.java:123)
	at java.util.concurrent.ThreadPoolExecutor.runWorker(ThreadPoolExecutor.java:1149)
	at java.util.concurrent.ThreadPoolExecutor$Worker.run(ThreadPoolExecutor.java:624)
	at java.lang.Thread.run(Thread.java:748)
2019-11-11 04:07:07,184 [f4ab3ec0-fcec-4fb2-8953-e521da90d916@group-F66482D1AE22-LeaderElection9] INFO  impl.LeaderElection (LogUtils.java:infoOrTrace(149)) - f4ab3ec0-fcec-4fb2-8953-e521da90d916@group-F66482D1AE22-LeaderElection9 got exception when requesting votes: {}
java.util.concurrent.ExecutionException: org.apache.ratis.thirdparty.io.grpc.StatusRuntimeException: INTERNAL: c04805f0-1fdc-4096-9f0e-017639bb4de5: group-F66482D1AE22 not found.
	at java.util.concurrent.FutureTask.report(FutureTask.java:122)
	at java.util.concurrent.FutureTask.get(FutureTask.java:192)
	at org.apache.ratis.server.impl.LeaderElection.waitForResults(LeaderElection.java:259)
	at org.apache.ratis.server.impl.LeaderElection.askForVotes(LeaderElection.java:197)
	at org.apache.ratis.server.impl.LeaderElection.run(LeaderElection.java:133)
	at java.lang.Thread.run(Thread.java:748)
Caused by: org.apache.ratis.thirdparty.io.grpc.StatusRuntimeException: INTERNAL: c04805f0-1fdc-4096-9f0e-017639bb4de5: group-F66482D1AE22 not found.
	at org.apache.ratis.thirdparty.io.grpc.stub.ClientCalls.toStatusRuntimeException(ClientCalls.java:233)
	at org.apache.ratis.thirdparty.io.grpc.stub.ClientCalls.getUnchecked(ClientCalls.java:214)
	at org.apache.ratis.thirdparty.io.grpc.stub.ClientCalls.blockingUnaryCall(ClientCalls.java:139)
	at org.apache.ratis.proto.grpc.RaftServerProtocolServiceGrpc$RaftServerProtocolServiceBlockingStub.requestVote(RaftServerProtocolServiceGrpc.java:265)
	at org.apache.ratis.grpc.server.GrpcServerProtocolClient.requestVote(GrpcServerProtocolClient.java:99)
	at org.apache.ratis.grpc.server.GrpcService.requestVote(GrpcService.java:204)
	at org.apache.ratis.server.impl.LeaderElection.lambda$submitRequests$1(LeaderElection.java:234)
	at java.util.concurrent.FutureTask.run(FutureTask.java:266)
	at java.util.concurrent.Executors$RunnableAdapter.call(Executors.java:511)
	at java.util.concurrent.FutureTask.run(FutureTask.java:266)
	at java.util.concurrent.ThreadPoolExecutor.runWorker(ThreadPoolExecutor.java:1149)
	at java.util.concurrent.ThreadPoolExecutor$Worker.run(ThreadPoolExecutor.java:624)
	... 1 more
2019-11-11 04:07:07,185 [f4ab3ec0-fcec-4fb2-8953-e521da90d916@group-F66482D1AE22-LeaderElection9] INFO  impl.LeaderElection (LeaderElection.java:logAndReturn(56)) - f4ab3ec0-fcec-4fb2-8953-e521da90d916@group-F66482D1AE22-LeaderElection9: Election REJECTED; received 0 response(s) [] and 2 exception(s); f4ab3ec0-fcec-4fb2-8953-e521da90d916@group-F66482D1AE22:t2, leader=null, voted=f4ab3ec0-fcec-4fb2-8953-e521da90d916, raftlog=f4ab3ec0-fcec-4fb2-8953-e521da90d916@group-F66482D1AE22-SegmentedRaftLog:OPENED:c0,f0,i0, conf=0: [61021d77-0677-40a1-98e7-8ba643935ac0:192.168.34.63:35377, c04805f0-1fdc-4096-9f0e-017639bb4de5:192.168.34.63:44743, f4ab3ec0-fcec-4fb2-8953-e521da90d916:192.168.34.63:41296], old=null
2019-11-11 04:07:07,186 [f4ab3ec0-fcec-4fb2-8953-e521da90d916@group-F66482D1AE22-LeaderElection9] INFO  impl.LeaderElection (LogUtils.java:infoOrTrace(149)) -   Exception 0: {}
java.util.concurrent.ExecutionException: org.apache.ratis.thirdparty.io.grpc.StatusRuntimeException: UNAVAILABLE: io exception
	at java.util.concurrent.FutureTask.report(FutureTask.java:122)
	at java.util.concurrent.FutureTask.get(FutureTask.java:192)
	at org.apache.ratis.server.impl.LeaderElection.waitForResults(LeaderElection.java:259)
	at org.apache.ratis.server.impl.LeaderElection.askForVotes(LeaderElection.java:197)
	at org.apache.ratis.server.impl.LeaderElection.run(LeaderElection.java:133)
	at java.lang.Thread.run(Thread.java:748)
Caused by: org.apache.ratis.thirdparty.io.grpc.StatusRuntimeException: UNAVAILABLE: io exception
	at org.apache.ratis.thirdparty.io.grpc.stub.ClientCalls.toStatusRuntimeException(ClientCalls.java:233)
	at org.apache.ratis.thirdparty.io.grpc.stub.ClientCalls.getUnchecked(ClientCalls.java:214)
	at org.apache.ratis.thirdparty.io.grpc.stub.ClientCalls.blockingUnaryCall(ClientCalls.java:139)
	at org.apache.ratis.proto.grpc.RaftServerProtocolServiceGrpc$RaftServerProtocolServiceBlockingStub.requestVote(RaftServerProtocolServiceGrpc.java:265)
	at org.apache.ratis.grpc.server.GrpcServerProtocolClient.requestVote(GrpcServerProtocolClient.java:99)
	at org.apache.ratis.grpc.server.GrpcService.requestVote(GrpcService.java:204)
	at org.apache.ratis.server.impl.LeaderElection.lambda$submitRequests$1(LeaderElection.java:234)
	at java.util.concurrent.FutureTask.run(FutureTask.java:266)
	at java.util.concurrent.Executors$RunnableAdapter.call(Executors.java:511)
	at java.util.concurrent.FutureTask.run(FutureTask.java:266)
	at java.util.concurrent.ThreadPoolExecutor.runWorker(ThreadPoolExecutor.java:1149)
	at java.util.concurrent.ThreadPoolExecutor$Worker.run(ThreadPoolExecutor.java:624)
	... 1 more
Caused by: org.apache.ratis.thirdparty.io.netty.channel.AbstractChannel$AnnotatedConnectException: Connection refused: /192.168.34.63:35377
	at sun.nio.ch.SocketChannelImpl.checkConnect(Native Method)
	at sun.nio.ch.SocketChannelImpl.finishConnect(SocketChannelImpl.java:717)
	at org.apache.ratis.thirdparty.io.netty.channel.socket.nio.NioSocketChannel.doFinishConnect(NioSocketChannel.java:327)
	at org.apache.ratis.thirdparty.io.netty.channel.nio.AbstractNioChannel$AbstractNioUnsafe.finishConnect(AbstractNioChannel.java:340)
	at org.apache.ratis.thirdparty.io.netty.channel.nio.NioEventLoop.processSelectedKey(NioEventLoop.java:632)
	at org.apache.ratis.thirdparty.io.netty.channel.nio.NioEventLoop.processSelectedKeysOptimized(NioEventLoop.java:579)
	at org.apache.ratis.thirdparty.io.netty.channel.nio.NioEventLoop.processSelectedKeys(NioEventLoop.java:496)
	at org.apache.ratis.thirdparty.io.netty.channel.nio.NioEventLoop.run(NioEventLoop.java:458)
	at org.apache.ratis.thirdparty.io.netty.util.concurrent.SingleThreadEventExecutor$5.run(SingleThreadEventExecutor.java:897)
	at org.apache.ratis.thirdparty.io.netty.util.concurrent.FastThreadLocalRunnable.run(FastThreadLocalRunnable.java:30)
	... 1 more
Caused by: java.net.ConnectException: Connection refused
	... 11 more
2019-11-11 04:07:07,186 [f4ab3ec0-fcec-4fb2-8953-e521da90d916@group-F66482D1AE22-LeaderElection9] INFO  impl.LeaderElection (LogUtils.java:infoOrTrace(149)) -   Exception 1: {}
java.util.concurrent.ExecutionException: org.apache.ratis.thirdparty.io.grpc.StatusRuntimeException: INTERNAL: c04805f0-1fdc-4096-9f0e-017639bb4de5: group-F66482D1AE22 not found.
	at java.util.concurrent.FutureTask.report(FutureTask.java:122)
	at java.util.concurrent.FutureTask.get(FutureTask.java:192)
	at org.apache.ratis.server.impl.LeaderElection.waitForResults(LeaderElection.java:259)
	at org.apache.ratis.server.impl.LeaderElection.askForVotes(LeaderElection.java:197)
	at org.apache.ratis.server.impl.LeaderElection.run(LeaderElection.java:133)
	at java.lang.Thread.run(Thread.java:748)
Caused by: org.apache.ratis.thirdparty.io.grpc.StatusRuntimeException: INTERNAL: c04805f0-1fdc-4096-9f0e-017639bb4de5: group-F66482D1AE22 not found.
	at org.apache.ratis.thirdparty.io.grpc.stub.ClientCalls.toStatusRuntimeException(ClientCalls.java:233)
	at org.apache.ratis.thirdparty.io.grpc.stub.ClientCalls.getUnchecked(ClientCalls.java:214)
	at org.apache.ratis.thirdparty.io.grpc.stub.ClientCalls.blockingUnaryCall(ClientCalls.java:139)
	at org.apache.ratis.proto.grpc.RaftServerProtocolServiceGrpc$RaftServerProtocolServiceBlockingStub.requestVote(RaftServerProtocolServiceGrpc.java:265)
	at org.apache.ratis.grpc.server.GrpcServerProtocolClient.requestVote(GrpcServerProtocolClient.java:99)
	at org.apache.ratis.grpc.server.GrpcService.requestVote(GrpcService.java:204)
	at org.apache.ratis.server.impl.LeaderElection.lambda$submitRequests$1(LeaderElection.java:234)
	at java.util.concurrent.FutureTask.run(FutureTask.java:266)
	at java.util.concurrent.Executors$RunnableAdapter.call(Executors.java:511)
	at java.util.concurrent.FutureTask.run(FutureTask.java:266)
	at java.util.concurrent.ThreadPoolExecutor.runWorker(ThreadPoolExecutor.java:1149)
	at java.util.concurrent.ThreadPoolExecutor$Worker.run(ThreadPoolExecutor.java:624)
	... 1 more
2019-11-11 04:07:07,187 [f4ab3ec0-fcec-4fb2-8953-e521da90d916@group-F66482D1AE22-LeaderElection9] INFO  impl.RaftServerImpl (RaftServerImpl.java:setRole(173)) - f4ab3ec0-fcec-4fb2-8953-e521da90d916@group-F66482D1AE22: changes role from CANDIDATE to FOLLOWER at term 2 for DISCOVERED_A_NEW_TERM
2019-11-11 04:07:07,188 [f4ab3ec0-fcec-4fb2-8953-e521da90d916@group-F66482D1AE22-LeaderElection9] INFO  impl.RoleInfo (RoleInfo.java:shutdownLeaderElection(134)) - f4ab3ec0-fcec-4fb2-8953-e521da90d916: shutdown LeaderElection
2019-11-11 04:07:07,188 [f4ab3ec0-fcec-4fb2-8953-e521da90d916@group-F66482D1AE22-LeaderElection9] INFO  impl.RoleInfo (RoleInfo.java:updateAndGet(143)) - f4ab3ec0-fcec-4fb2-8953-e521da90d916: start FollowerState
2019-11-11 04:07:07,252 [grpc-default-executor-5] WARN  server.GrpcLogAppender (LogUtils.java:warn(134)) - 9a305e64-7592-4199-ba7e-8c2223e9b548@group-F4D747E15FF8->61021d77-0677-40a1-98e7-8ba643935ac0-AppendLogResponseHandler: Failed appendEntries: org.apache.ratis.thirdparty.io.grpc.StatusRuntimeException: UNAVAILABLE: io exception
2019-11-11 04:07:07,255 [grpc-default-executor-5] INFO  impl.FollowerInfo (FollowerInfo.java:lambda$new$0(51)) - 9a305e64-7592-4199-ba7e-8c2223e9b548@group-F4D747E15FF8->61021d77-0677-40a1-98e7-8ba643935ac0: nextIndex: updateUnconditionally 0 -> 0
2019-11-11 04:07:07,486 [grpc-default-executor-2] WARN  server.GrpcLogAppender (LogUtils.java:warn(134)) - f4ab3ec0-fcec-4fb2-8953-e521da90d916@group-39D510FFD81F->61021d77-0677-40a1-98e7-8ba643935ac0-AppendLogResponseHandler: Failed appendEntries: org.apache.ratis.thirdparty.io.grpc.StatusRuntimeException: UNAVAILABLE: io exception
2019-11-11 04:07:07,487 [grpc-default-executor-2] INFO  impl.FollowerInfo (FollowerInfo.java:lambda$new$0(51)) - f4ab3ec0-fcec-4fb2-8953-e521da90d916@group-39D510FFD81F->61021d77-0677-40a1-98e7-8ba643935ac0: nextIndex: updateUnconditionally 0 -> 0
2019-11-11 04:07:07,753 [grpc-default-executor-1] WARN  server.GrpcLogAppender (LogUtils.java:warn(134)) - 9a305e64-7592-4199-ba7e-8c2223e9b548@group-F4D747E15FF8->61021d77-0677-40a1-98e7-8ba643935ac0-AppendLogResponseHandler: Failed appendEntries: org.apache.ratis.thirdparty.io.grpc.StatusRuntimeException: UNAVAILABLE: io exception
2019-11-11 04:07:07,753 [grpc-default-executor-1] INFO  impl.FollowerInfo (FollowerInfo.java:lambda$new$0(51)) - 9a305e64-7592-4199-ba7e-8c2223e9b548@group-F4D747E15FF8->61021d77-0677-40a1-98e7-8ba643935ac0: nextIndex: updateUnconditionally 0 -> 0
2019-11-11 04:07:07,989 [grpc-default-executor-5] WARN  server.GrpcLogAppender (LogUtils.java:warn(134)) - f4ab3ec0-fcec-4fb2-8953-e521da90d916@group-39D510FFD81F->61021d77-0677-40a1-98e7-8ba643935ac0-AppendLogResponseHandler: Failed appendEntries: org.apache.ratis.thirdparty.io.grpc.StatusRuntimeException: UNAVAILABLE: io exception
2019-11-11 04:07:07,990 [grpc-default-executor-5] INFO  impl.FollowerInfo (FollowerInfo.java:lambda$new$0(51)) - f4ab3ec0-fcec-4fb2-8953-e521da90d916@group-39D510FFD81F->61021d77-0677-40a1-98e7-8ba643935ac0: nextIndex: updateUnconditionally 0 -> 0
2019-11-11 04:07:08,253 [grpc-default-executor-2] WARN  server.GrpcLogAppender (LogUtils.java:warn(134)) - 9a305e64-7592-4199-ba7e-8c2223e9b548@group-F4D747E15FF8->61021d77-0677-40a1-98e7-8ba643935ac0-AppendLogResponseHandler: Failed appendEntries: org.apache.ratis.thirdparty.io.grpc.StatusRuntimeException: UNAVAILABLE: io exception
2019-11-11 04:07:08,254 [grpc-default-executor-2] INFO  impl.FollowerInfo (FollowerInfo.java:lambda$new$0(51)) - 9a305e64-7592-4199-ba7e-8c2223e9b548@group-F4D747E15FF8->61021d77-0677-40a1-98e7-8ba643935ac0: nextIndex: updateUnconditionally 0 -> 0
2019-11-11 04:07:08,326 [Thread-885] INFO  impl.FollowerState (FollowerState.java:run(111)) - f4ab3ec0-fcec-4fb2-8953-e521da90d916@group-F66482D1AE22-FollowerState: change to CANDIDATE, lastRpcTime:1138ms, electionTimeout:1136ms
2019-11-11 04:07:08,326 [Thread-885] INFO  impl.RoleInfo (RoleInfo.java:shutdownFollowerState(121)) - f4ab3ec0-fcec-4fb2-8953-e521da90d916: shutdown FollowerState
2019-11-11 04:07:08,326 [Thread-885] INFO  impl.RaftServerImpl (RaftServerImpl.java:setRole(173)) - f4ab3ec0-fcec-4fb2-8953-e521da90d916@group-F66482D1AE22: changes role from  FOLLOWER to CANDIDATE at term 2 for changeToCandidate
2019-11-11 04:07:08,326 [Thread-885] INFO  impl.RoleInfo (RoleInfo.java:updateAndGet(143)) - f4ab3ec0-fcec-4fb2-8953-e521da90d916: start LeaderElection
2019-11-11 04:07:08,348 [f4ab3ec0-fcec-4fb2-8953-e521da90d916@group-F66482D1AE22-LeaderElection10] INFO  impl.LeaderElection (LeaderElection.java:askForVotes(178)) - f4ab3ec0-fcec-4fb2-8953-e521da90d916@group-F66482D1AE22-LeaderElection10: begin an election at term 3 for 0: [61021d77-0677-40a1-98e7-8ba643935ac0:192.168.34.63:35377, c04805f0-1fdc-4096-9f0e-017639bb4de5:192.168.34.63:44743, f4ab3ec0-fcec-4fb2-8953-e521da90d916:192.168.34.63:41296], old=null
2019-11-11 04:07:08,351 [grpc-default-executor-2] WARN  server.GrpcServerProtocolService (LogUtils.java:warn(136)) - c04805f0-1fdc-4096-9f0e-017639bb4de5: Failed requestVote f4ab3ec0-fcec-4fb2-8953-e521da90d916->c04805f0-1fdc-4096-9f0e-017639bb4de5#0
org.apache.ratis.protocol.GroupMismatchException: c04805f0-1fdc-4096-9f0e-017639bb4de5: group-F66482D1AE22 not found.
	at org.apache.ratis.server.impl.RaftServerProxy$ImplMap.get(RaftServerProxy.java:122)
	at org.apache.ratis.server.impl.RaftServerProxy.getImplFuture(RaftServerProxy.java:269)
	at org.apache.ratis.server.impl.RaftServerProxy.getImpl(RaftServerProxy.java:278)
	at org.apache.ratis.server.impl.RaftServerProxy.getImpl(RaftServerProxy.java:273)
	at org.apache.ratis.server.impl.RaftServerProxy.requestVote(RaftServerProxy.java:443)
	at org.apache.ratis.grpc.server.GrpcServerProtocolService.requestVote(GrpcServerProtocolService.java:142)
	at org.apache.ratis.proto.grpc.RaftServerProtocolServiceGrpc$MethodHandlers.invoke(RaftServerProtocolServiceGrpc.java:319)
	at org.apache.ratis.thirdparty.io.grpc.stub.ServerCalls$UnaryServerCallHandler$UnaryServerCallListener.onHalfClose(ServerCalls.java:171)
	at org.apache.ratis.thirdparty.io.grpc.internal.ServerCallImpl$ServerStreamListenerImpl.halfClosed(ServerCallImpl.java:283)
	at org.apache.ratis.thirdparty.io.grpc.internal.ServerImpl$JumpToApplicationThreadServerStreamListener$1HalfClosed.runInContext(ServerImpl.java:710)
	at org.apache.ratis.thirdparty.io.grpc.internal.ContextRunnable.run(ContextRunnable.java:37)
	at org.apache.ratis.thirdparty.io.grpc.internal.SerializingExecutor.run(SerializingExecutor.java:123)
	at java.util.concurrent.ThreadPoolExecutor.runWorker(ThreadPoolExecutor.java:1149)
	at java.util.concurrent.ThreadPoolExecutor$Worker.run(ThreadPoolExecutor.java:624)
	at java.lang.Thread.run(Thread.java:748)
2019-11-11 04:07:08,352 [f4ab3ec0-fcec-4fb2-8953-e521da90d916@group-F66482D1AE22-LeaderElection10] INFO  impl.LeaderElection (LogUtils.java:infoOrTrace(149)) - f4ab3ec0-fcec-4fb2-8953-e521da90d916@group-F66482D1AE22-LeaderElection10 got exception when requesting votes: {}
java.util.concurrent.ExecutionException: org.apache.ratis.thirdparty.io.grpc.StatusRuntimeException: UNAVAILABLE: io exception
	at java.util.concurrent.FutureTask.report(FutureTask.java:122)
	at java.util.concurrent.FutureTask.get(FutureTask.java:192)
	at org.apache.ratis.server.impl.LeaderElection.waitForResults(LeaderElection.java:259)
	at org.apache.ratis.server.impl.LeaderElection.askForVotes(LeaderElection.java:197)
	at org.apache.ratis.server.impl.LeaderElection.run(LeaderElection.java:133)
	at java.lang.Thread.run(Thread.java:748)
Caused by: org.apache.ratis.thirdparty.io.grpc.StatusRuntimeException: UNAVAILABLE: io exception
	at org.apache.ratis.thirdparty.io.grpc.stub.ClientCalls.toStatusRuntimeException(ClientCalls.java:233)
	at org.apache.ratis.thirdparty.io.grpc.stub.ClientCalls.getUnchecked(ClientCalls.java:214)
	at org.apache.ratis.thirdparty.io.grpc.stub.ClientCalls.blockingUnaryCall(ClientCalls.java:139)
	at org.apache.ratis.proto.grpc.RaftServerProtocolServiceGrpc$RaftServerProtocolServiceBlockingStub.requestVote(RaftServerProtocolServiceGrpc.java:265)
	at org.apache.ratis.grpc.server.GrpcServerProtocolClient.requestVote(GrpcServerProtocolClient.java:99)
	at org.apache.ratis.grpc.server.GrpcService.requestVote(GrpcService.java:204)
	at org.apache.ratis.server.impl.LeaderElection.lambda$submitRequests$1(LeaderElection.java:234)
	at java.util.concurrent.FutureTask.run(FutureTask.java:266)
	at java.util.concurrent.Executors$RunnableAdapter.call(Executors.java:511)
	at java.util.concurrent.FutureTask.run(FutureTask.java:266)
	at java.util.concurrent.ThreadPoolExecutor.runWorker(ThreadPoolExecutor.java:1149)
	at java.util.concurrent.ThreadPoolExecutor$Worker.run(ThreadPoolExecutor.java:624)
	... 1 more
Caused by: org.apache.ratis.thirdparty.io.netty.channel.AbstractChannel$AnnotatedConnectException: Connection refused: /192.168.34.63:35377
	at sun.nio.ch.SocketChannelImpl.checkConnect(Native Method)
	at sun.nio.ch.SocketChannelImpl.finishConnect(SocketChannelImpl.java:717)
	at org.apache.ratis.thirdparty.io.netty.channel.socket.nio.NioSocketChannel.doFinishConnect(NioSocketChannel.java:327)
	at org.apache.ratis.thirdparty.io.netty.channel.nio.AbstractNioChannel$AbstractNioUnsafe.finishConnect(AbstractNioChannel.java:340)
	at org.apache.ratis.thirdparty.io.netty.channel.nio.NioEventLoop.processSelectedKey(NioEventLoop.java:632)
	at org.apache.ratis.thirdparty.io.netty.channel.nio.NioEventLoop.processSelectedKeysOptimized(NioEventLoop.java:579)
	at org.apache.ratis.thirdparty.io.netty.channel.nio.NioEventLoop.processSelectedKeys(NioEventLoop.java:496)
	at org.apache.ratis.thirdparty.io.netty.channel.nio.NioEventLoop.run(NioEventLoop.java:458)
	at org.apache.ratis.thirdparty.io.netty.util.concurrent.SingleThreadEventExecutor$5.run(SingleThreadEventExecutor.java:897)
	at org.apache.ratis.thirdparty.io.netty.util.concurrent.FastThreadLocalRunnable.run(FastThreadLocalRunnable.java:30)
	... 1 more
Caused by: java.net.ConnectException: Connection refused
	... 11 more
2019-11-11 04:07:08,357 [f4ab3ec0-fcec-4fb2-8953-e521da90d916@group-F66482D1AE22-LeaderElection10] INFO  impl.LeaderElection (LogUtils.java:infoOrTrace(149)) - f4ab3ec0-fcec-4fb2-8953-e521da90d916@group-F66482D1AE22-LeaderElection10 got exception when requesting votes: {}
java.util.concurrent.ExecutionException: org.apache.ratis.thirdparty.io.grpc.StatusRuntimeException: INTERNAL: c04805f0-1fdc-4096-9f0e-017639bb4de5: group-F66482D1AE22 not found.
	at java.util.concurrent.FutureTask.report(FutureTask.java:122)
	at java.util.concurrent.FutureTask.get(FutureTask.java:192)
	at org.apache.ratis.server.impl.LeaderElection.waitForResults(LeaderElection.java:259)
	at org.apache.ratis.server.impl.LeaderElection.askForVotes(LeaderElection.java:197)
	at org.apache.ratis.server.impl.LeaderElection.run(LeaderElection.java:133)
	at java.lang.Thread.run(Thread.java:748)
Caused by: org.apache.ratis.thirdparty.io.grpc.StatusRuntimeException: INTERNAL: c04805f0-1fdc-4096-9f0e-017639bb4de5: group-F66482D1AE22 not found.
	at org.apache.ratis.thirdparty.io.grpc.stub.ClientCalls.toStatusRuntimeException(ClientCalls.java:233)
	at org.apache.ratis.thirdparty.io.grpc.stub.ClientCalls.getUnchecked(ClientCalls.java:214)
	at org.apache.ratis.thirdparty.io.grpc.stub.ClientCalls.blockingUnaryCall(ClientCalls.java:139)
	at org.apache.ratis.proto.grpc.RaftServerProtocolServiceGrpc$RaftServerProtocolServiceBlockingStub.requestVote(RaftServerProtocolServiceGrpc.java:265)
	at org.apache.ratis.grpc.server.GrpcServerProtocolClient.requestVote(GrpcServerProtocolClient.java:99)
	at org.apache.ratis.grpc.server.GrpcService.requestVote(GrpcService.java:204)
	at org.apache.ratis.server.impl.LeaderElection.lambda$submitRequests$1(LeaderElection.java:234)
	at java.util.concurrent.FutureTask.run(FutureTask.java:266)
	at java.util.concurrent.Executors$RunnableAdapter.call(Executors.java:511)
	at java.util.concurrent.FutureTask.run(FutureTask.java:266)
	at java.util.concurrent.ThreadPoolExecutor.runWorker(ThreadPoolExecutor.java:1149)
	at java.util.concurrent.ThreadPoolExecutor$Worker.run(ThreadPoolExecutor.java:624)
	... 1 more
2019-11-11 04:07:08,359 [f4ab3ec0-fcec-4fb2-8953-e521da90d916@group-F66482D1AE22-LeaderElection10] INFO  impl.LeaderElection (LeaderElection.java:logAndReturn(56)) - f4ab3ec0-fcec-4fb2-8953-e521da90d916@group-F66482D1AE22-LeaderElection10: Election REJECTED; received 0 response(s) [] and 2 exception(s); f4ab3ec0-fcec-4fb2-8953-e521da90d916@group-F66482D1AE22:t3, leader=null, voted=f4ab3ec0-fcec-4fb2-8953-e521da90d916, raftlog=f4ab3ec0-fcec-4fb2-8953-e521da90d916@group-F66482D1AE22-SegmentedRaftLog:OPENED:c0,f0,i0, conf=0: [61021d77-0677-40a1-98e7-8ba643935ac0:192.168.34.63:35377, c04805f0-1fdc-4096-9f0e-017639bb4de5:192.168.34.63:44743, f4ab3ec0-fcec-4fb2-8953-e521da90d916:192.168.34.63:41296], old=null
2019-11-11 04:07:08,359 [f4ab3ec0-fcec-4fb2-8953-e521da90d916@group-F66482D1AE22-LeaderElection10] INFO  impl.LeaderElection (LogUtils.java:infoOrTrace(149)) -   Exception 0: {}
java.util.concurrent.ExecutionException: org.apache.ratis.thirdparty.io.grpc.StatusRuntimeException: UNAVAILABLE: io exception
	at java.util.concurrent.FutureTask.report(FutureTask.java:122)
	at java.util.concurrent.FutureTask.get(FutureTask.java:192)
	at org.apache.ratis.server.impl.LeaderElection.waitForResults(LeaderElection.java:259)
	at org.apache.ratis.server.impl.LeaderElection.askForVotes(LeaderElection.java:197)
	at org.apache.ratis.server.impl.LeaderElection.run(LeaderElection.java:133)
	at java.lang.Thread.run(Thread.java:748)
Caused by: org.apache.ratis.thirdparty.io.grpc.StatusRuntimeException: UNAVAILABLE: io exception
	at org.apache.ratis.thirdparty.io.grpc.stub.ClientCalls.toStatusRuntimeException(ClientCalls.java:233)
	at org.apache.ratis.thirdparty.io.grpc.stub.ClientCalls.getUnchecked(ClientCalls.java:214)
	at org.apache.ratis.thirdparty.io.grpc.stub.ClientCalls.blockingUnaryCall(ClientCalls.java:139)
	at org.apache.ratis.proto.grpc.RaftServerProtocolServiceGrpc$RaftServerProtocolServiceBlockingStub.requestVote(RaftServerProtocolServiceGrpc.java:265)
	at org.apache.ratis.grpc.server.GrpcServerProtocolClient.requestVote(GrpcServerProtocolClient.java:99)
	at org.apache.ratis.grpc.server.GrpcService.requestVote(GrpcService.java:204)
	at org.apache.ratis.server.impl.LeaderElection.lambda$submitRequests$1(LeaderElection.java:234)
	at java.util.concurrent.FutureTask.run(FutureTask.java:266)
	at java.util.concurrent.Executors$RunnableAdapter.call(Executors.java:511)
	at java.util.concurrent.FutureTask.run(FutureTask.java:266)
	at java.util.concurrent.ThreadPoolExecutor.runWorker(ThreadPoolExecutor.java:1149)
	at java.util.concurrent.ThreadPoolExecutor$Worker.run(ThreadPoolExecutor.java:624)
	... 1 more
Caused by: org.apache.ratis.thirdparty.io.netty.channel.AbstractChannel$AnnotatedConnectException: Connection refused: /192.168.34.63:35377
	at sun.nio.ch.SocketChannelImpl.checkConnect(Native Method)
	at sun.nio.ch.SocketChannelImpl.finishConnect(SocketChannelImpl.java:717)
	at org.apache.ratis.thirdparty.io.netty.channel.socket.nio.NioSocketChannel.doFinishConnect(NioSocketChannel.java:327)
	at org.apache.ratis.thirdparty.io.netty.channel.nio.AbstractNioChannel$AbstractNioUnsafe.finishConnect(AbstractNioChannel.java:340)
	at org.apache.ratis.thirdparty.io.netty.channel.nio.NioEventLoop.processSelectedKey(NioEventLoop.java:632)
	at org.apache.ratis.thirdparty.io.netty.channel.nio.NioEventLoop.processSelectedKeysOptimized(NioEventLoop.java:579)
	at org.apache.ratis.thirdparty.io.netty.channel.nio.NioEventLoop.processSelectedKeys(NioEventLoop.java:496)
	at org.apache.ratis.thirdparty.io.netty.channel.nio.NioEventLoop.run(NioEventLoop.java:458)
	at org.apache.ratis.thirdparty.io.netty.util.concurrent.SingleThreadEventExecutor$5.run(SingleThreadEventExecutor.java:897)
	at org.apache.ratis.thirdparty.io.netty.util.concurrent.FastThreadLocalRunnable.run(FastThreadLocalRunnable.java:30)
	... 1 more
Caused by: java.net.ConnectException: Connection refused
	... 11 more
2019-11-11 04:07:08,359 [f4ab3ec0-fcec-4fb2-8953-e521da90d916@group-F66482D1AE22-LeaderElection10] INFO  impl.LeaderElection (LogUtils.java:infoOrTrace(149)) -   Exception 1: {}
java.util.concurrent.ExecutionException: org.apache.ratis.thirdparty.io.grpc.StatusRuntimeException: INTERNAL: c04805f0-1fdc-4096-9f0e-017639bb4de5: group-F66482D1AE22 not found.
	at java.util.concurrent.FutureTask.report(FutureTask.java:122)
	at java.util.concurrent.FutureTask.get(FutureTask.java:192)
	at org.apache.ratis.server.impl.LeaderElection.waitForResults(LeaderElection.java:259)
	at org.apache.ratis.server.impl.LeaderElection.askForVotes(LeaderElection.java:197)
	at org.apache.ratis.server.impl.LeaderElection.run(LeaderElection.java:133)
	at java.lang.Thread.run(Thread.java:748)
Caused by: org.apache.ratis.thirdparty.io.grpc.StatusRuntimeException: INTERNAL: c04805f0-1fdc-4096-9f0e-017639bb4de5: group-F66482D1AE22 not found.
	at org.apache.ratis.thirdparty.io.grpc.stub.ClientCalls.toStatusRuntimeException(ClientCalls.java:233)
	at org.apache.ratis.thirdparty.io.grpc.stub.ClientCalls.getUnchecked(ClientCalls.java:214)
	at org.apache.ratis.thirdparty.io.grpc.stub.ClientCalls.blockingUnaryCall(ClientCalls.java:139)
	at org.apache.ratis.proto.grpc.RaftServerProtocolServiceGrpc$RaftServerProtocolServiceBlockingStub.requestVote(RaftServerProtocolServiceGrpc.java:265)
	at org.apache.ratis.grpc.server.GrpcServerProtocolClient.requestVote(GrpcServerProtocolClient.java:99)
	at org.apache.ratis.grpc.server.GrpcService.requestVote(GrpcService.java:204)
	at org.apache.ratis.server.impl.LeaderElection.lambda$submitRequests$1(LeaderElection.java:234)
	at java.util.concurrent.FutureTask.run(FutureTask.java:266)
	at java.util.concurrent.Executors$RunnableAdapter.call(Executors.java:511)
	at java.util.concurrent.FutureTask.run(FutureTask.java:266)
	at java.util.concurrent.ThreadPoolExecutor.runWorker(ThreadPoolExecutor.java:1149)
	at java.util.concurrent.ThreadPoolExecutor$Worker.run(ThreadPoolExecutor.java:624)
	... 1 more
2019-11-11 04:07:08,359 [f4ab3ec0-fcec-4fb2-8953-e521da90d916@group-F66482D1AE22-LeaderElection10] INFO  impl.RaftServerImpl (RaftServerImpl.java:setRole(173)) - f4ab3ec0-fcec-4fb2-8953-e521da90d916@group-F66482D1AE22: changes role from CANDIDATE to FOLLOWER at term 3 for DISCOVERED_A_NEW_TERM
2019-11-11 04:07:08,363 [f4ab3ec0-fcec-4fb2-8953-e521da90d916@group-F66482D1AE22-LeaderElection10] INFO  impl.RoleInfo (RoleInfo.java:shutdownLeaderElection(134)) - f4ab3ec0-fcec-4fb2-8953-e521da90d916: shutdown LeaderElection
2019-11-11 04:07:08,363 [f4ab3ec0-fcec-4fb2-8953-e521da90d916@group-F66482D1AE22-LeaderElection10] INFO  impl.RoleInfo (RoleInfo.java:updateAndGet(143)) - f4ab3ec0-fcec-4fb2-8953-e521da90d916: start FollowerState
2019-11-11 04:07:08,488 [grpc-default-executor-2] WARN  server.GrpcLogAppender (LogUtils.java:warn(134)) - f4ab3ec0-fcec-4fb2-8953-e521da90d916@group-39D510FFD81F->61021d77-0677-40a1-98e7-8ba643935ac0-AppendLogResponseHandler: Failed appendEntries: org.apache.ratis.thirdparty.io.grpc.StatusRuntimeException: UNAVAILABLE: io exception
2019-11-11 04:07:08,491 [grpc-default-executor-2] INFO  impl.FollowerInfo (FollowerInfo.java:lambda$new$0(51)) - f4ab3ec0-fcec-4fb2-8953-e521da90d916@group-39D510FFD81F->61021d77-0677-40a1-98e7-8ba643935ac0: nextIndex: updateUnconditionally 0 -> 0
2019-11-11 04:07:08,754 [grpc-default-executor-2] WARN  server.GrpcLogAppender (LogUtils.java:warn(134)) - 9a305e64-7592-4199-ba7e-8c2223e9b548@group-F4D747E15FF8->61021d77-0677-40a1-98e7-8ba643935ac0-AppendLogResponseHandler: Failed appendEntries: org.apache.ratis.thirdparty.io.grpc.StatusRuntimeException: UNAVAILABLE: io exception
2019-11-11 04:07:08,754 [grpc-default-executor-2] INFO  impl.FollowerInfo (FollowerInfo.java:lambda$new$0(51)) - 9a305e64-7592-4199-ba7e-8c2223e9b548@group-F4D747E15FF8->61021d77-0677-40a1-98e7-8ba643935ac0: nextIndex: updateUnconditionally 0 -> 0
2019-11-11 04:07:08,757 [Thread-900] INFO  client.GrpcClientProtocolService (GrpcClientProtocolService.java:lambda$processClientRequest$0(279)) - Failed RaftClientRequest:client-404B7B28A61D->9a305e64-7592-4199-ba7e-8c2223e9b548@group-F4D747E15FF8, cid=49, seq=0, Watch-ALL_COMMITTED(47), Message:<EMPTY>, reply=RaftClientReply:client-404B7B28A61D->9a305e64-7592-4199-ba7e-8c2223e9b548@group-F4D747E15FF8, cid=49, FAILED org.apache.ratis.protocol.NotReplicatedException: Request with call Id 49 and log index 47 is not yet replicated to ALL_COMMITTED, logIndex=47, commits[9a305e64-7592-4199-ba7e-8c2223e9b548:c56, 61021d77-0677-40a1-98e7-8ba643935ac0:c37, f4ab3ec0-fcec-4fb2-8953-e521da90d916:c56]
2019-11-11 04:07:08,990 [grpc-default-executor-2] WARN  server.GrpcLogAppender (LogUtils.java:warn(134)) - f4ab3ec0-fcec-4fb2-8953-e521da90d916@group-39D510FFD81F->61021d77-0677-40a1-98e7-8ba643935ac0-AppendLogResponseHandler: Failed appendEntries: org.apache.ratis.thirdparty.io.grpc.StatusRuntimeException: UNAVAILABLE: io exception
2019-11-11 04:07:08,990 [grpc-default-executor-2] INFO  impl.FollowerInfo (FollowerInfo.java:lambda$new$0(51)) - f4ab3ec0-fcec-4fb2-8953-e521da90d916@group-39D510FFD81F->61021d77-0677-40a1-98e7-8ba643935ac0: nextIndex: updateUnconditionally 0 -> 0
2019-11-11 04:07:09,238 [main] INFO  ozoneimpl.OzoneContainer (OzoneContainer.java:stop(232)) - Attempting to stop container services.
2019-11-11 04:07:09,242 [main] INFO  impl.RaftServerProxy (RaftServerProxy.java:lambda$close$4(314)) - f4ab3ec0-fcec-4fb2-8953-e521da90d916: close
2019-11-11 04:07:09,242 [main] INFO  impl.RaftServerImpl (RaftServerImpl.java:lambda$shutdown$3(250)) - f4ab3ec0-fcec-4fb2-8953-e521da90d916@group-F66482D1AE22: shutdown
2019-11-11 04:07:09,242 [ForkJoinPool.commonPool-worker-1] INFO  impl.RaftServerImpl (RaftServerImpl.java:lambda$shutdown$3(250)) - f4ab3ec0-fcec-4fb2-8953-e521da90d916@group-39D510FFD81F: shutdown
2019-11-11 04:07:09,243 [main] INFO  util.JmxRegister (JmxRegister.java:unregister(73)) - Successfully un-registered JMX Bean with object name Ratis:service=RaftServer,group=group-F66482D1AE22,id=f4ab3ec0-fcec-4fb2-8953-e521da90d916
2019-11-11 04:07:09,243 [ForkJoinPool.commonPool-worker-1] INFO  util.JmxRegister (JmxRegister.java:unregister(73)) - Successfully un-registered JMX Bean with object name Ratis:service=RaftServer,group=group-39D510FFD81F,id=f4ab3ec0-fcec-4fb2-8953-e521da90d916
2019-11-11 04:07:09,243 [main] INFO  impl.RoleInfo (RoleInfo.java:shutdownFollowerState(121)) - f4ab3ec0-fcec-4fb2-8953-e521da90d916: shutdown FollowerState
2019-11-11 04:07:09,243 [ForkJoinPool.commonPool-worker-1] INFO  impl.RoleInfo (RoleInfo.java:shutdownLeaderState(104)) - f4ab3ec0-fcec-4fb2-8953-e521da90d916: shutdown LeaderState
2019-11-11 04:07:09,244 [Thread-895] INFO  impl.FollowerState (FollowerState.java:run(120)) - f4ab3ec0-fcec-4fb2-8953-e521da90d916@group-F66482D1AE22-FollowerState was interrupted: java.lang.InterruptedException: sleep interrupted
2019-11-11 04:07:09,244 [main] INFO  impl.StateMachineUpdater (StateMachineUpdater.java:stopAndJoin(136)) - f4ab3ec0-fcec-4fb2-8953-e521da90d916@group-F66482D1AE22-StateMachineUpdater: set stopIndex = 0
2019-11-11 04:07:09,250 [main] INFO  impl.RaftServerImpl (ServerState.java:close(387)) - f4ab3ec0-fcec-4fb2-8953-e521da90d916@group-F66482D1AE22: closes. applyIndex: 0
2019-11-11 04:07:09,249 [org.apache.ratis.server.impl.LogAppender$AppenderDaemon$$Lambda$651/545843685@f66e8d0] WARN  server.GrpcLogAppender (GrpcLogAppender.java:mayWait(151)) - f4ab3ec0-fcec-4fb2-8953-e521da90d916@group-39D510FFD81F->61021d77-0677-40a1-98e7-8ba643935ac0-GrpcLogAppender: Wait interrupted by java.lang.InterruptedException
2019-11-11 04:07:09,247 [ForkJoinPool.commonPool-worker-1] INFO  impl.PendingRequests (PendingRequests.java:sendNotLeaderResponses(206)) - f4ab3ec0-fcec-4fb2-8953-e521da90d916@group-39D510FFD81F-PendingRequests: sendNotLeaderResponses
2019-11-11 04:07:09,247 [org.apache.ratis.server.impl.LogAppender$AppenderDaemon$$Lambda$651/545843685@5db21c3d] WARN  server.GrpcLogAppender (GrpcLogAppender.java:mayWait(151)) - f4ab3ec0-fcec-4fb2-8953-e521da90d916@group-39D510FFD81F->9a305e64-7592-4199-ba7e-8c2223e9b548-GrpcLogAppender: Wait interrupted by java.lang.InterruptedException
2019-11-11 04:07:09,250 [f4ab3ec0-fcec-4fb2-8953-e521da90d916@group-F66482D1AE22-SegmentedRaftLogWorker] INFO  segmented.SegmentedRaftLogWorker (SegmentedRaftLogWorker.java:run(316)) - f4ab3ec0-fcec-4fb2-8953-e521da90d916@group-F66482D1AE22-SegmentedRaftLogWorker was interrupted, exiting. There are 0 tasks remaining in the queue.
2019-11-11 04:07:09,254 [ForkJoinPool.commonPool-worker-1] INFO  impl.StateMachineUpdater (StateMachineUpdater.java:stopAndJoin(136)) - f4ab3ec0-fcec-4fb2-8953-e521da90d916@group-39D510FFD81F-StateMachineUpdater: set stopIndex = 2
2019-11-11 04:07:09,254 [main] INFO  segmented.SegmentedRaftLogWorker (SegmentedRaftLogWorker.java:close(224)) - f4ab3ec0-fcec-4fb2-8953-e521da90d916@group-F66482D1AE22-SegmentedRaftLogWorker close()
2019-11-11 04:07:09,254 [grpc-default-executor-2] INFO  server.GrpcServerProtocolService (GrpcServerProtocolService.java:onCompleted(113)) - 9a305e64-7592-4199-ba7e-8c2223e9b548: Completed APPEND_ENTRIES, lastRequest: f4ab3ec0-fcec-4fb2-8953-e521da90d916->9a305e64-7592-4199-ba7e-8c2223e9b548#76-t2, previous=(t:2, i:2), leaderCommit=2, initializing? false, entries: <empty>
2019-11-11 04:07:09,258 [ForkJoinPool.commonPool-worker-1] INFO  impl.RaftServerImpl (ServerState.java:close(387)) - f4ab3ec0-fcec-4fb2-8953-e521da90d916@group-39D510FFD81F: closes. applyIndex: 2
2019-11-11 04:07:09,258 [f4ab3ec0-fcec-4fb2-8953-e521da90d916@group-39D510FFD81F-SegmentedRaftLogWorker] INFO  segmented.SegmentedRaftLogWorker (SegmentedRaftLogWorker.java:run(316)) - f4ab3ec0-fcec-4fb2-8953-e521da90d916@group-39D510FFD81F-SegmentedRaftLogWorker was interrupted, exiting. There are 0 tasks remaining in the queue.
2019-11-11 04:07:09,260 [ForkJoinPool.commonPool-worker-1] INFO  segmented.SegmentedRaftLogWorker (SegmentedRaftLogWorker.java:close(224)) - f4ab3ec0-fcec-4fb2-8953-e521da90d916@group-39D510FFD81F-SegmentedRaftLogWorker close()
2019-11-11 04:07:09,264 [ForkJoinPool.commonPool-worker-1] INFO  impl.RaftServerImpl (RaftServerImpl.java:lambda$shutdown$3(250)) - f4ab3ec0-fcec-4fb2-8953-e521da90d916@group-F4D747E15FF8: shutdown
2019-11-11 04:07:09,264 [ForkJoinPool.commonPool-worker-1] INFO  util.JmxRegister (JmxRegister.java:unregister(73)) - Successfully un-registered JMX Bean with object name Ratis:service=RaftServer,group=group-F4D747E15FF8,id=f4ab3ec0-fcec-4fb2-8953-e521da90d916
2019-11-11 04:07:09,264 [grpc-default-executor-5] INFO  server.GrpcLogAppender (GrpcLogAppender.java:onCompleted(308)) - f4ab3ec0-fcec-4fb2-8953-e521da90d916@group-39D510FFD81F->9a305e64-7592-4199-ba7e-8c2223e9b548-AppendLogResponseHandler: follower responses appendEntries COMPLETED
2019-11-11 04:07:09,264 [ForkJoinPool.commonPool-worker-1] INFO  impl.RoleInfo (RoleInfo.java:shutdownFollowerState(121)) - f4ab3ec0-fcec-4fb2-8953-e521da90d916: shutdown FollowerState
2019-11-11 04:07:09,264 [ForkJoinPool.commonPool-worker-1] INFO  impl.StateMachineUpdater (StateMachineUpdater.java:stopAndJoin(136)) - f4ab3ec0-fcec-4fb2-8953-e521da90d916@group-F4D747E15FF8-StateMachineUpdater: set stopIndex = 56
2019-11-11 04:07:09,265 [f4ab3ec0-fcec-4fb2-8953-e521da90d916@group-F4D747E15FF8-StateMachineUpdater] INFO  ratis.ContainerStateMachine (ContainerStateMachine.java:takeSnapshot(283)) - group-F4D747E15FF8: Taking a snapshot at:(t:1, i:55) file /workdir/hadoop-ozone/integration-test/target/test-dir/MiniOzoneClusterImpl-6985d1c7-7309-41e2-b49d-91e186e08ffa/datanode-5/data/ratis/31ac6f49-abee-419e-8f26-f4d747e15ff8/sm/snapshot.1_55
2019-11-11 04:07:09,264 [grpc-default-executor-0] WARN  server.GrpcLogAppender (LogUtils.java:warn(134)) - 9a305e64-7592-4199-ba7e-8c2223e9b548@group-F4D747E15FF8->61021d77-0677-40a1-98e7-8ba643935ac0-AppendLogResponseHandler: Failed appendEntries: org.apache.ratis.thirdparty.io.grpc.StatusRuntimeException: UNAVAILABLE: io exception
2019-11-11 04:07:09,264 [Thread-351] INFO  impl.FollowerState (FollowerState.java:run(120)) - f4ab3ec0-fcec-4fb2-8953-e521da90d916@group-F4D747E15FF8-FollowerState was interrupted: java.lang.InterruptedException: sleep interrupted
2019-11-11 04:07:09,265 [grpc-default-executor-5] INFO  impl.FollowerInfo (FollowerInfo.java:lambda$new$0(51)) - f4ab3ec0-fcec-4fb2-8953-e521da90d916@group-39D510FFD81F->9a305e64-7592-4199-ba7e-8c2223e9b548: nextIndex: updateUnconditionally 3 -> 2
2019-11-11 04:07:09,265 [grpc-default-executor-0] INFO  impl.FollowerInfo (FollowerInfo.java:lambda$new$0(51)) - 9a305e64-7592-4199-ba7e-8c2223e9b548@group-F4D747E15FF8->61021d77-0677-40a1-98e7-8ba643935ac0: nextIndex: updateUnconditionally 0 -> 0
2019-11-11 04:07:09,280 [f4ab3ec0-fcec-4fb2-8953-e521da90d916@group-F4D747E15FF8-StateMachineUpdater] INFO  ratis.ContainerStateMachine (ContainerStateMachine.java:takeSnapshot(294)) - group-F4D747E15FF8: Finished taking a snapshot at:(t:1, i:55) file:/workdir/hadoop-ozone/integration-test/target/test-dir/MiniOzoneClusterImpl-6985d1c7-7309-41e2-b49d-91e186e08ffa/datanode-5/data/ratis/31ac6f49-abee-419e-8f26-f4d747e15ff8/sm/snapshot.1_55 time:16
2019-11-11 04:07:09,280 [f4ab3ec0-fcec-4fb2-8953-e521da90d916@group-F4D747E15FF8-StateMachineUpdater] INFO  impl.StateMachineUpdater (StateMachineUpdater.java:takeSnapshot(269)) - f4ab3ec0-fcec-4fb2-8953-e521da90d916@group-F4D747E15FF8-StateMachineUpdater: Took a snapshot at index 55
2019-11-11 04:07:09,281 [f4ab3ec0-fcec-4fb2-8953-e521da90d916@group-F4D747E15FF8-StateMachineUpdater] INFO  impl.StateMachineUpdater (StateMachineUpdater.java:lambda$new$0(84)) - f4ab3ec0-fcec-4fb2-8953-e521da90d916@group-F4D747E15FF8-StateMachineUpdater: snapshotIndex: updateIncreasingly -1 -> 55
2019-11-11 04:07:09,281 [f4ab3ec0-fcec-4fb2-8953-e521da90d916@group-F4D747E15FF8-StateMachineUpdater] INFO  ratis.ContainerStateMachine (ContainerStateMachine.java:takeSnapshot(283)) - group-F4D747E15FF8: Taking a snapshot at:(t:1, i:55) file /workdir/hadoop-ozone/integration-test/target/test-dir/MiniOzoneClusterImpl-6985d1c7-7309-41e2-b49d-91e186e08ffa/datanode-5/data/ratis/31ac6f49-abee-419e-8f26-f4d747e15ff8/sm/snapshot.1_55
2019-11-11 04:07:09,293 [f4ab3ec0-fcec-4fb2-8953-e521da90d916@group-F4D747E15FF8-StateMachineUpdater] INFO  ratis.ContainerStateMachine (ContainerStateMachine.java:takeSnapshot(294)) - group-F4D747E15FF8: Finished taking a snapshot at:(t:1, i:55) file:/workdir/hadoop-ozone/integration-test/target/test-dir/MiniOzoneClusterImpl-6985d1c7-7309-41e2-b49d-91e186e08ffa/datanode-5/data/ratis/31ac6f49-abee-419e-8f26-f4d747e15ff8/sm/snapshot.1_55 time:12
2019-11-11 04:07:09,293 [f4ab3ec0-fcec-4fb2-8953-e521da90d916@group-F4D747E15FF8-StateMachineUpdater] INFO  impl.StateMachineUpdater (StateMachineUpdater.java:takeSnapshot(269)) - f4ab3ec0-fcec-4fb2-8953-e521da90d916@group-F4D747E15FF8-StateMachineUpdater: Took a snapshot at index 55
2019-11-11 04:07:09,293 [f4ab3ec0-fcec-4fb2-8953-e521da90d916@group-F4D747E15FF8-StateMachineUpdater] INFO  impl.StateMachineUpdater (StateMachineUpdater.java:lambda$new$0(84)) - f4ab3ec0-fcec-4fb2-8953-e521da90d916@group-F4D747E15FF8-StateMachineUpdater: snapshotIndex: updateIncreasingly 55 -> 55
2019-11-11 04:07:09,293 [ForkJoinPool.commonPool-worker-1] INFO  impl.RaftServerImpl (ServerState.java:close(387)) - f4ab3ec0-fcec-4fb2-8953-e521da90d916@group-F4D747E15FF8: closes. applyIndex: 56
2019-11-11 04:07:09,294 [f4ab3ec0-fcec-4fb2-8953-e521da90d916@group-F4D747E15FF8-SegmentedRaftLogWorker] INFO  segmented.SegmentedRaftLogWorker (SegmentedRaftLogWorker.java:run(316)) - f4ab3ec0-fcec-4fb2-8953-e521da90d916@group-F4D747E15FF8-SegmentedRaftLogWorker was interrupted, exiting. There are 0 tasks remaining in the queue.
2019-11-11 04:07:09,296 [ForkJoinPool.commonPool-worker-1] INFO  segmented.SegmentedRaftLogWorker (SegmentedRaftLogWorker.java:close(224)) - f4ab3ec0-fcec-4fb2-8953-e521da90d916@group-F4D747E15FF8-SegmentedRaftLogWorker close()
2019-11-11 04:07:09,299 [main] INFO  server.GrpcService (GrpcService.java:closeImpl(164)) - f4ab3ec0-fcec-4fb2-8953-e521da90d916: shutdown server with port 41296 now
2019-11-11 04:07:09,300 [grpc-default-executor-5] WARN  server.GrpcServerProtocolService (LogUtils.java:warn(134)) - f4ab3ec0-fcec-4fb2-8953-e521da90d916: installSnapshot onError, lastRequest: 9a305e64-7592-4199-ba7e-8c2223e9b548->f4ab3ec0-fcec-4fb2-8953-e521da90d916#141-t1, previous=(t:1, i:56), leaderCommit=56, initializing? false, entries: <empty>: org.apache.ratis.thirdparty.io.grpc.StatusRuntimeException: CANCELLED: cancelled before receiving half close
2019-11-11 04:07:09,301 [grpc-default-executor-4] WARN  server.GrpcLogAppender (LogUtils.java:warn(134)) - 9a305e64-7592-4199-ba7e-8c2223e9b548@group-F4D747E15FF8->f4ab3ec0-fcec-4fb2-8953-e521da90d916-AppendLogResponseHandler: Failed appendEntries: org.apache.ratis.thirdparty.io.grpc.StatusRuntimeException: CANCELLED: HTTP/2 error code: CANCEL
Received Rst Stream
2019-11-11 04:07:09,301 [main] INFO  server.GrpcService (GrpcService.java:closeImpl(172)) - f4ab3ec0-fcec-4fb2-8953-e521da90d916: shutdown server with port 41296 successfully
2019-11-11 04:07:09,302 [grpc-default-executor-4] INFO  impl.FollowerInfo (FollowerInfo.java:lambda$new$0(51)) - 9a305e64-7592-4199-ba7e-8c2223e9b548@group-F4D747E15FF8->f4ab3ec0-fcec-4fb2-8953-e521da90d916: nextIndex: updateUnconditionally 57 -> 56
2019-11-11 04:07:09,307 [refreshUsed-/workdir/hadoop-ozone/integration-test/target/test-dir/MiniOzoneClusterImpl-6985d1c7-7309-41e2-b49d-91e186e08ffa/datanode-5/data/containers] WARN  fs.CachingGetSpaceUsed (CachingGetSpaceUsed.java:run(183)) - Thread Interrupted waiting to refresh disk information: sleep interrupted
2019-11-11 04:07:09,327 [main] INFO  utils.BackgroundService (BackgroundService.java:shutdown(151)) - Shutting down service BlockDeletingService
2019-11-11 04:07:09,331 [main] INFO  statemachine.DatanodeStateMachine (DatanodeStateMachine.java:stopDaemon(395)) - Ozone container server stopped.
2019-11-11 04:07:09,333 [main] INFO  handler.ContextHandler (ContextHandler.java:doStop(910)) - Stopped o.e.j.w.WebAppContext@4e1a46fb{/,null,UNAVAILABLE}{/hddsDatanode}
2019-11-11 04:07:09,334 [main] INFO  server.AbstractConnector (AbstractConnector.java:doStop(318)) - Stopped ServerConnector@69fe0ed4{HTTP/1.1,[http/1.1]}{0.0.0.0:0}
2019-11-11 04:07:09,334 [main] INFO  handler.ContextHandler (ContextHandler.java:doStop(910)) - Stopped o.e.j.s.ServletContextHandler@3dfa819{/static,jar:file:/home/user/.m2/repository/org/apache/hadoop/hadoop-hdds-container-service/0.5.0-SNAPSHOT/hadoop-hdds-container-service-0.5.0-SNAPSHOT.jar!/webapps/static,UNAVAILABLE}
2019-11-11 04:07:09,335 [main] INFO  handler.ContextHandler (ContextHandler.java:doStop(910)) - Stopped o.e.j.s.ServletContextHandler@7efb53af{/logs,file:///workdir/hadoop-ozone/integration-test/target/log,UNAVAILABLE}
2019-11-11 04:07:09,354 [grpc-default-executor-0] WARN  server.GrpcLogAppender (LogUtils.java:warn(134)) - 9a305e64-7592-4199-ba7e-8c2223e9b548@group-F4D747E15FF8->f4ab3ec0-fcec-4fb2-8953-e521da90d916-AppendLogResponseHandler: Failed appendEntries: org.apache.ratis.thirdparty.io.grpc.StatusRuntimeException: UNAVAILABLE: io exception
2019-11-11 04:07:09,354 [grpc-default-executor-1] WARN  server.GrpcLogAppender (LogUtils.java:warn(134)) - 9a305e64-7592-4199-ba7e-8c2223e9b548@group-F4D747E15FF8->61021d77-0677-40a1-98e7-8ba643935ac0-AppendLogResponseHandler: Failed appendEntries: org.apache.ratis.thirdparty.io.grpc.StatusRuntimeException: UNAVAILABLE: io exception
2019-11-11 04:07:09,355 [grpc-default-executor-0] INFO  impl.FollowerInfo (FollowerInfo.java:lambda$new$0(51)) - 9a305e64-7592-4199-ba7e-8c2223e9b548@group-F4D747E15FF8->f4ab3ec0-fcec-4fb2-8953-e521da90d916: nextIndex: updateUnconditionally 57 -> 56
2019-11-11 04:07:09,355 [grpc-default-executor-1] INFO  impl.FollowerInfo (FollowerInfo.java:lambda$new$0(51)) - 9a305e64-7592-4199-ba7e-8c2223e9b548@group-F4D747E15FF8->61021d77-0677-40a1-98e7-8ba643935ac0: nextIndex: updateUnconditionally 1 -> 0
2019-11-11 04:07:09,855 [grpc-default-executor-0] WARN  server.GrpcLogAppender (LogUtils.java:warn(134)) - 9a305e64-7592-4199-ba7e-8c2223e9b548@group-F4D747E15FF8->61021d77-0677-40a1-98e7-8ba643935ac0-AppendLogResponseHandler: Failed appendEntries: org.apache.ratis.thirdparty.io.grpc.StatusRuntimeException: UNAVAILABLE: io exception
2019-11-11 04:07:09,855 [grpc-default-executor-1] WARN  server.GrpcLogAppender (LogUtils.java:warn(134)) - 9a305e64-7592-4199-ba7e-8c2223e9b548@group-F4D747E15FF8->f4ab3ec0-fcec-4fb2-8953-e521da90d916-AppendLogResponseHandler: Failed appendEntries: org.apache.ratis.thirdparty.io.grpc.StatusRuntimeException: UNAVAILABLE: io exception
2019-11-11 04:07:09,855 [grpc-default-executor-0] INFO  impl.FollowerInfo (FollowerInfo.java:lambda$new$0(51)) - 9a305e64-7592-4199-ba7e-8c2223e9b548@group-F4D747E15FF8->61021d77-0677-40a1-98e7-8ba643935ac0: nextIndex: updateUnconditionally 0 -> 0
2019-11-11 04:07:09,855 [grpc-default-executor-1] INFO  impl.FollowerInfo (FollowerInfo.java:lambda$new$0(51)) - 9a305e64-7592-4199-ba7e-8c2223e9b548@group-F4D747E15FF8->f4ab3ec0-fcec-4fb2-8953-e521da90d916: nextIndex: updateUnconditionally 56 -> 55
2019-11-11 04:07:10,355 [grpc-default-executor-0] WARN  server.GrpcLogAppender (LogUtils.java:warn(134)) - 9a305e64-7592-4199-ba7e-8c2223e9b548@group-F4D747E15FF8->f4ab3ec0-fcec-4fb2-8953-e521da90d916-AppendLogResponseHandler: Failed appendEntries: org.apache.ratis.thirdparty.io.grpc.StatusRuntimeException: UNAVAILABLE: io exception
2019-11-11 04:07:10,355 [grpc-default-executor-1] WARN  server.GrpcLogAppender (LogUtils.java:warn(134)) - 9a305e64-7592-4199-ba7e-8c2223e9b548@group-F4D747E15FF8->61021d77-0677-40a1-98e7-8ba643935ac0-AppendLogResponseHandler: Failed appendEntries: org.apache.ratis.thirdparty.io.grpc.StatusRuntimeException: UNAVAILABLE: io exception
2019-11-11 04:07:10,356 [grpc-default-executor-0] INFO  impl.FollowerInfo (FollowerInfo.java:lambda$new$0(51)) - 9a305e64-7592-4199-ba7e-8c2223e9b548@group-F4D747E15FF8->f4ab3ec0-fcec-4fb2-8953-e521da90d916: nextIndex: updateUnconditionally 55 -> 54
2019-11-11 04:07:10,356 [grpc-default-executor-1] INFO  impl.FollowerInfo (FollowerInfo.java:lambda$new$0(51)) - 9a305e64-7592-4199-ba7e-8c2223e9b548@group-F4D747E15FF8->61021d77-0677-40a1-98e7-8ba643935ac0: nextIndex: updateUnconditionally 0 -> 0
2019-11-11 04:07:10,755 [Thread-906] INFO  client.GrpcClientProtocolService (GrpcClientProtocolService.java:lambda$processClientRequest$0(279)) - Failed RaftClientRequest:client-288C807A782E->9a305e64-7592-4199-ba7e-8c2223e9b548@group-F4D747E15FF8, cid=42, seq=0, Watch-ALL_COMMITTED(41), Message:<EMPTY>, reply=RaftClientReply:client-288C807A782E->9a305e64-7592-4199-ba7e-8c2223e9b548@group-F4D747E15FF8, cid=42, FAILED org.apache.ratis.protocol.NotReplicatedException: Request with call Id 42 and log index 41 is not yet replicated to ALL_COMMITTED, logIndex=41, commits[9a305e64-7592-4199-ba7e-8c2223e9b548:c56, 61021d77-0677-40a1-98e7-8ba643935ac0:c37, f4ab3ec0-fcec-4fb2-8953-e521da90d916:c56]
2019-11-11 04:07:10,856 [grpc-default-executor-0] WARN  server.GrpcLogAppender (LogUtils.java:warn(134)) - 9a305e64-7592-4199-ba7e-8c2223e9b548@group-F4D747E15FF8->f4ab3ec0-fcec-4fb2-8953-e521da90d916-AppendLogResponseHandler: Failed appendEntries: org.apache.ratis.thirdparty.io.grpc.StatusRuntimeException: UNAVAILABLE: io exception
2019-11-11 04:07:10,856 [grpc-default-executor-1] WARN  server.GrpcLogAppender (LogUtils.java:warn(134)) - 9a305e64-7592-4199-ba7e-8c2223e9b548@group-F4D747E15FF8->61021d77-0677-40a1-98e7-8ba643935ac0-AppendLogResponseHandler: Failed appendEntries: org.apache.ratis.thirdparty.io.grpc.StatusRuntimeException: UNAVAILABLE: io exception
2019-11-11 04:07:10,858 [grpc-default-executor-1] INFO  impl.FollowerInfo (FollowerInfo.java:lambda$new$0(51)) - 9a305e64-7592-4199-ba7e-8c2223e9b548@group-F4D747E15FF8->61021d77-0677-40a1-98e7-8ba643935ac0: nextIndex: updateUnconditionally 0 -> 0
2019-11-11 04:07:10,858 [grpc-default-executor-0] INFO  impl.FollowerInfo (FollowerInfo.java:lambda$new$0(51)) - 9a305e64-7592-4199-ba7e-8c2223e9b548@group-F4D747E15FF8->f4ab3ec0-fcec-4fb2-8953-e521da90d916: nextIndex: updateUnconditionally 54 -> 53
2019-11-11 04:07:11,357 [grpc-default-executor-0] WARN  server.GrpcLogAppender (LogUtils.java:warn(134)) - 9a305e64-7592-4199-ba7e-8c2223e9b548@group-F4D747E15FF8->61021d77-0677-40a1-98e7-8ba643935ac0-AppendLogResponseHandler: Failed appendEntries: org.apache.ratis.thirdparty.io.grpc.StatusRuntimeException: UNAVAILABLE: io exception
2019-11-11 04:07:11,357 [grpc-default-executor-1] WARN  server.GrpcLogAppender (LogUtils.java:warn(134)) - 9a305e64-7592-4199-ba7e-8c2223e9b548@group-F4D747E15FF8->f4ab3ec0-fcec-4fb2-8953-e521da90d916-AppendLogResponseHandler: Failed appendEntries: org.apache.ratis.thirdparty.io.grpc.StatusRuntimeException: UNAVAILABLE: io exception
2019-11-11 04:07:11,357 [grpc-default-executor-0] INFO  impl.FollowerInfo (FollowerInfo.java:lambda$new$0(51)) - 9a305e64-7592-4199-ba7e-8c2223e9b548@group-F4D747E15FF8->61021d77-0677-40a1-98e7-8ba643935ac0: nextIndex: updateUnconditionally 0 -> 0
2019-11-11 04:07:11,357 [grpc-default-executor-1] INFO  impl.FollowerInfo (FollowerInfo.java:lambda$new$0(51)) - 9a305e64-7592-4199-ba7e-8c2223e9b548@group-F4D747E15FF8->f4ab3ec0-fcec-4fb2-8953-e521da90d916: nextIndex: updateUnconditionally 53 -> 52
2019-11-11 04:07:11,364 [Thread-574] INFO  impl.FollowerState (FollowerState.java:run(111)) - 9a305e64-7592-4199-ba7e-8c2223e9b548@group-39D510FFD81F-FollowerState: change to CANDIDATE, lastRpcTime:2214ms, electionTimeout:1081ms
2019-11-11 04:07:11,364 [Thread-574] INFO  impl.RoleInfo (RoleInfo.java:shutdownFollowerState(121)) - 9a305e64-7592-4199-ba7e-8c2223e9b548: shutdown FollowerState
2019-11-11 04:07:11,364 [Thread-574] INFO  impl.RaftServerImpl (RaftServerImpl.java:setRole(173)) - 9a305e64-7592-4199-ba7e-8c2223e9b548@group-39D510FFD81F: changes role from  FOLLOWER to CANDIDATE at term 2 for changeToCandidate
2019-11-11 04:07:11,365 [Thread-574] INFO  impl.RoleInfo (RoleInfo.java:updateAndGet(143)) - 9a305e64-7592-4199-ba7e-8c2223e9b548: start LeaderElection
2019-11-11 04:07:11,371 [9a305e64-7592-4199-ba7e-8c2223e9b548@group-39D510FFD81F-LeaderElection11] INFO  impl.RaftServerImpl (ServerState.java:setLeader(255)) - 9a305e64-7592-4199-ba7e-8c2223e9b548@group-39D510FFD81F: change Leader from f4ab3ec0-fcec-4fb2-8953-e521da90d916 to null at term 2 for initElection
2019-11-11 04:07:11,386 [9a305e64-7592-4199-ba7e-8c2223e9b548@group-39D510FFD81F-LeaderElection11] INFO  impl.LeaderElection (LeaderElection.java:askForVotes(178)) - 9a305e64-7592-4199-ba7e-8c2223e9b548@group-39D510FFD81F-LeaderElection11: begin an election at term 3 for 1: [61021d77-0677-40a1-98e7-8ba643935ac0:192.168.34.63:35377, 9a305e64-7592-4199-ba7e-8c2223e9b548:192.168.34.63:35969, f4ab3ec0-fcec-4fb2-8953-e521da90d916:192.168.34.63:41296], old=null
2019-11-11 04:07:11,389 [9a305e64-7592-4199-ba7e-8c2223e9b548@group-39D510FFD81F-LeaderElection11] INFO  impl.LeaderElection (LogUtils.java:infoOrTrace(149)) - 9a305e64-7592-4199-ba7e-8c2223e9b548@group-39D510FFD81F-LeaderElection11 got exception when requesting votes: {}
java.util.concurrent.ExecutionException: org.apache.ratis.thirdparty.io.grpc.StatusRuntimeException: UNAVAILABLE: io exception
	at java.util.concurrent.FutureTask.report(FutureTask.java:122)
	at java.util.concurrent.FutureTask.get(FutureTask.java:192)
	at org.apache.ratis.server.impl.LeaderElection.waitForResults(LeaderElection.java:259)
	at org.apache.ratis.server.impl.LeaderElection.askForVotes(LeaderElection.java:197)
	at org.apache.ratis.server.impl.LeaderElection.run(LeaderElection.java:133)
	at java.lang.Thread.run(Thread.java:748)
Caused by: org.apache.ratis.thirdparty.io.grpc.StatusRuntimeException: UNAVAILABLE: io exception
	at org.apache.ratis.thirdparty.io.grpc.stub.ClientCalls.toStatusRuntimeException(ClientCalls.java:233)
	at org.apache.ratis.thirdparty.io.grpc.stub.ClientCalls.getUnchecked(ClientCalls.java:214)
	at org.apache.ratis.thirdparty.io.grpc.stub.ClientCalls.blockingUnaryCall(ClientCalls.java:139)
	at org.apache.ratis.proto.grpc.RaftServerProtocolServiceGrpc$RaftServerProtocolServiceBlockingStub.requestVote(RaftServerProtocolServiceGrpc.java:265)
	at org.apache.ratis.grpc.server.GrpcServerProtocolClient.requestVote(GrpcServerProtocolClient.java:99)
	at org.apache.ratis.grpc.server.GrpcService.requestVote(GrpcService.java:204)
	at org.apache.ratis.server.impl.LeaderElection.lambda$submitRequests$1(LeaderElection.java:234)
	at java.util.concurrent.FutureTask.run(FutureTask.java:266)
	at java.util.concurrent.Executors$RunnableAdapter.call(Executors.java:511)
	at java.util.concurrent.FutureTask.run(FutureTask.java:266)
	at java.util.concurrent.ThreadPoolExecutor.runWorker(ThreadPoolExecutor.java:1149)
	at java.util.concurrent.ThreadPoolExecutor$Worker.run(ThreadPoolExecutor.java:624)
	... 1 more
Caused by: org.apache.ratis.thirdparty.io.netty.channel.AbstractChannel$AnnotatedConnectException: Connection refused: /192.168.34.63:35377
	at sun.nio.ch.SocketChannelImpl.checkConnect(Native Method)
	at sun.nio.ch.SocketChannelImpl.finishConnect(SocketChannelImpl.java:717)
	at org.apache.ratis.thirdparty.io.netty.channel.socket.nio.NioSocketChannel.doFinishConnect(NioSocketChannel.java:327)
	at org.apache.ratis.thirdparty.io.netty.channel.nio.AbstractNioChannel$AbstractNioUnsafe.finishConnect(AbstractNioChannel.java:340)
	at org.apache.ratis.thirdparty.io.netty.channel.nio.NioEventLoop.processSelectedKey(NioEventLoop.java:632)
	at org.apache.ratis.thirdparty.io.netty.channel.nio.NioEventLoop.processSelectedKeysOptimized(NioEventLoop.java:579)
	at org.apache.ratis.thirdparty.io.netty.channel.nio.NioEventLoop.processSelectedKeys(NioEventLoop.java:496)
	at org.apache.ratis.thirdparty.io.netty.channel.nio.NioEventLoop.run(NioEventLoop.java:458)
	at org.apache.ratis.thirdparty.io.netty.util.concurrent.SingleThreadEventExecutor$5.run(SingleThreadEventExecutor.java:897)
	at org.apache.ratis.thirdparty.io.netty.util.concurrent.FastThreadLocalRunnable.run(FastThreadLocalRunnable.java:30)
	... 1 more
Caused by: java.net.ConnectException: Connection refused
	... 11 more
2019-11-11 04:07:11,391 [9a305e64-7592-4199-ba7e-8c2223e9b548@group-39D510FFD81F-LeaderElection11] INFO  impl.LeaderElection (LogUtils.java:infoOrTrace(149)) - 9a305e64-7592-4199-ba7e-8c2223e9b548@group-39D510FFD81F-LeaderElection11 got exception when requesting votes: {}
java.util.concurrent.ExecutionException: org.apache.ratis.thirdparty.io.grpc.StatusRuntimeException: UNAVAILABLE: io exception
	at java.util.concurrent.FutureTask.report(FutureTask.java:122)
	at java.util.concurrent.FutureTask.get(FutureTask.java:192)
	at org.apache.ratis.server.impl.LeaderElection.waitForResults(LeaderElection.java:259)
	at org.apache.ratis.server.impl.LeaderElection.askForVotes(LeaderElection.java:197)
	at org.apache.ratis.server.impl.LeaderElection.run(LeaderElection.java:133)
	at java.lang.Thread.run(Thread.java:748)
Caused by: org.apache.ratis.thirdparty.io.grpc.StatusRuntimeException: UNAVAILABLE: io exception
	at org.apache.ratis.thirdparty.io.grpc.stub.ClientCalls.toStatusRuntimeException(ClientCalls.java:233)
	at org.apache.ratis.thirdparty.io.grpc.stub.ClientCalls.getUnchecked(ClientCalls.java:214)
	at org.apache.ratis.thirdparty.io.grpc.stub.ClientCalls.blockingUnaryCall(ClientCalls.java:139)
	at org.apache.ratis.proto.grpc.RaftServerProtocolServiceGrpc$RaftServerProtocolServiceBlockingStub.requestVote(RaftServerProtocolServiceGrpc.java:265)
	at org.apache.ratis.grpc.server.GrpcServerProtocolClient.requestVote(GrpcServerProtocolClient.java:99)
	at org.apache.ratis.grpc.server.GrpcService.requestVote(GrpcService.java:204)
	at org.apache.ratis.server.impl.LeaderElection.lambda$submitRequests$1(LeaderElection.java:234)
	at java.util.concurrent.FutureTask.run(FutureTask.java:266)
	at java.util.concurrent.Executors$RunnableAdapter.call(Executors.java:511)
	at java.util.concurrent.FutureTask.run(FutureTask.java:266)
	at java.util.concurrent.ThreadPoolExecutor.runWorker(ThreadPoolExecutor.java:1149)
	at java.util.concurrent.ThreadPoolExecutor$Worker.run(ThreadPoolExecutor.java:624)
	... 1 more
Caused by: org.apache.ratis.thirdparty.io.netty.channel.AbstractChannel$AnnotatedConnectException: Connection refused: /192.168.34.63:41296
	at sun.nio.ch.SocketChannelImpl.checkConnect(Native Method)
	at sun.nio.ch.SocketChannelImpl.finishConnect(SocketChannelImpl.java:717)
	at org.apache.ratis.thirdparty.io.netty.channel.socket.nio.NioSocketChannel.doFinishConnect(NioSocketChannel.java:327)
	at org.apache.ratis.thirdparty.io.netty.channel.nio.AbstractNioChannel$AbstractNioUnsafe.finishConnect(AbstractNioChannel.java:340)
	at org.apache.ratis.thirdparty.io.netty.channel.nio.NioEventLoop.processSelectedKey(NioEventLoop.java:632)
	at org.apache.ratis.thirdparty.io.netty.channel.nio.NioEventLoop.processSelectedKeysOptimized(NioEventLoop.java:579)
	at org.apache.ratis.thirdparty.io.netty.channel.nio.NioEventLoop.processSelectedKeys(NioEventLoop.java:496)
	at org.apache.ratis.thirdparty.io.netty.channel.nio.NioEventLoop.run(NioEventLoop.java:458)
	at org.apache.ratis.thirdparty.io.netty.util.concurrent.SingleThreadEventExecutor$5.run(SingleThreadEventExecutor.java:897)
	at org.apache.ratis.thirdparty.io.netty.util.concurrent.FastThreadLocalRunnable.run(FastThreadLocalRunnable.java:30)
	... 1 more
Caused by: java.net.ConnectException: Connection refused
	... 11 more
2019-11-11 04:07:11,392 [9a305e64-7592-4199-ba7e-8c2223e9b548@group-39D510FFD81F-LeaderElection11] INFO  impl.LeaderElection (LeaderElection.java:logAndReturn(56)) - 9a305e64-7592-4199-ba7e-8c2223e9b548@group-39D510FFD81F-LeaderElection11: Election REJECTED; received 0 response(s) [] and 2 exception(s); 9a305e64-7592-4199-ba7e-8c2223e9b548@group-39D510FFD81F:t3, leader=null, voted=9a305e64-7592-4199-ba7e-8c2223e9b548, raftlog=9a305e64-7592-4199-ba7e-8c2223e9b548@group-39D510FFD81F-SegmentedRaftLog:OPENED:c2,f2,i2, conf=1: [61021d77-0677-40a1-98e7-8ba643935ac0:192.168.34.63:35377, 9a305e64-7592-4199-ba7e-8c2223e9b548:192.168.34.63:35969, f4ab3ec0-fcec-4fb2-8953-e521da90d916:192.168.34.63:41296], old=null
2019-11-11 04:07:11,392 [9a305e64-7592-4199-ba7e-8c2223e9b548@group-39D510FFD81F-LeaderElection11] INFO  impl.LeaderElection (LogUtils.java:infoOrTrace(149)) -   Exception 0: {}
java.util.concurrent.ExecutionException: org.apache.ratis.thirdparty.io.grpc.StatusRuntimeException: UNAVAILABLE: io exception
	at java.util.concurrent.FutureTask.report(FutureTask.java:122)
	at java.util.concurrent.FutureTask.get(FutureTask.java:192)
	at org.apache.ratis.server.impl.LeaderElection.waitForResults(LeaderElection.java:259)
	at org.apache.ratis.server.impl.LeaderElection.askForVotes(LeaderElection.java:197)
	at org.apache.ratis.server.impl.LeaderElection.run(LeaderElection.java:133)
	at java.lang.Thread.run(Thread.java:748)
Caused by: org.apache.ratis.thirdparty.io.grpc.StatusRuntimeException: UNAVAILABLE: io exception
	at org.apache.ratis.thirdparty.io.grpc.stub.ClientCalls.toStatusRuntimeException(ClientCalls.java:233)
	at org.apache.ratis.thirdparty.io.grpc.stub.ClientCalls.getUnchecked(ClientCalls.java:214)
	at org.apache.ratis.thirdparty.io.grpc.stub.ClientCalls.blockingUnaryCall(ClientCalls.java:139)
	at org.apache.ratis.proto.grpc.RaftServerProtocolServiceGrpc$RaftServerProtocolServiceBlockingStub.requestVote(RaftServerProtocolServiceGrpc.java:265)
	at org.apache.ratis.grpc.server.GrpcServerProtocolClient.requestVote(GrpcServerProtocolClient.java:99)
	at org.apache.ratis.grpc.server.GrpcService.requestVote(GrpcService.java:204)
	at org.apache.ratis.server.impl.LeaderElection.lambda$submitRequests$1(LeaderElection.java:234)
	at java.util.concurrent.FutureTask.run(FutureTask.java:266)
	at java.util.concurrent.Executors$RunnableAdapter.call(Executors.java:511)
	at java.util.concurrent.FutureTask.run(FutureTask.java:266)
	at java.util.concurrent.ThreadPoolExecutor.runWorker(ThreadPoolExecutor.java:1149)
	at java.util.concurrent.ThreadPoolExecutor$Worker.run(ThreadPoolExecutor.java:624)
	... 1 more
Caused by: org.apache.ratis.thirdparty.io.netty.channel.AbstractChannel$AnnotatedConnectException: Connection refused: /192.168.34.63:35377
	at sun.nio.ch.SocketChannelImpl.checkConnect(Native Method)
	at sun.nio.ch.SocketChannelImpl.finishConnect(SocketChannelImpl.java:717)
	at org.apache.ratis.thirdparty.io.netty.channel.socket.nio.NioSocketChannel.doFinishConnect(NioSocketChannel.java:327)
	at org.apache.ratis.thirdparty.io.netty.channel.nio.AbstractNioChannel$AbstractNioUnsafe.finishConnect(AbstractNioChannel.java:340)
	at org.apache.ratis.thirdparty.io.netty.channel.nio.NioEventLoop.processSelectedKey(NioEventLoop.java:632)
	at org.apache.ratis.thirdparty.io.netty.channel.nio.NioEventLoop.processSelectedKeysOptimized(NioEventLoop.java:579)
	at org.apache.ratis.thirdparty.io.netty.channel.nio.NioEventLoop.processSelectedKeys(NioEventLoop.java:496)
	at org.apache.ratis.thirdparty.io.netty.channel.nio.NioEventLoop.run(NioEventLoop.java:458)
	at org.apache.ratis.thirdparty.io.netty.util.concurrent.SingleThreadEventExecutor$5.run(SingleThreadEventExecutor.java:897)
	at org.apache.ratis.thirdparty.io.netty.util.concurrent.FastThreadLocalRunnable.run(FastThreadLocalRunnable.java:30)
	... 1 more
Caused by: java.net.ConnectException: Connection refused
	... 11 more
2019-11-11 04:07:11,392 [9a305e64-7592-4199-ba7e-8c2223e9b548@group-39D510FFD81F-LeaderElection11] INFO  impl.LeaderElection (LogUtils.java:infoOrTrace(149)) -   Exception 1: {}
java.util.concurrent.ExecutionException: org.apache.ratis.thirdparty.io.grpc.StatusRuntimeException: UNAVAILABLE: io exception
	at java.util.concurrent.FutureTask.report(FutureTask.java:122)
	at java.util.concurrent.FutureTask.get(FutureTask.java:192)
	at org.apache.ratis.server.impl.LeaderElection.waitForResults(LeaderElection.java:259)
	at org.apache.ratis.server.impl.LeaderElection.askForVotes(LeaderElection.java:197)
	at org.apache.ratis.server.impl.LeaderElection.run(LeaderElection.java:133)
	at java.lang.Thread.run(Thread.java:748)
Caused by: org.apache.ratis.thirdparty.io.grpc.StatusRuntimeException: UNAVAILABLE: io exception
	at org.apache.ratis.thirdparty.io.grpc.stub.ClientCalls.toStatusRuntimeException(ClientCalls.java:233)
	at org.apache.ratis.thirdparty.io.grpc.stub.ClientCalls.getUnchecked(ClientCalls.java:214)
	at org.apache.ratis.thirdparty.io.grpc.stub.ClientCalls.blockingUnaryCall(ClientCalls.java:139)
	at org.apache.ratis.proto.grpc.RaftServerProtocolServiceGrpc$RaftServerProtocolServiceBlockingStub.requestVote(RaftServerProtocolServiceGrpc.java:265)
	at org.apache.ratis.grpc.server.GrpcServerProtocolClient.requestVote(GrpcServerProtocolClient.java:99)
	at org.apache.ratis.grpc.server.GrpcService.requestVote(GrpcService.java:204)
	at org.apache.ratis.server.impl.LeaderElection.lambda$submitRequests$1(LeaderElection.java:234)
	at java.util.concurrent.FutureTask.run(FutureTask.java:266)
	at java.util.concurrent.Executors$RunnableAdapter.call(Executors.java:511)
	at java.util.concurrent.FutureTask.run(FutureTask.java:266)
	at java.util.concurrent.ThreadPoolExecutor.runWorker(ThreadPoolExecutor.java:1149)
	at java.util.concurrent.ThreadPoolExecutor$Worker.run(ThreadPoolExecutor.java:624)
	... 1 more
Caused by: org.apache.ratis.thirdparty.io.netty.channel.AbstractChannel$AnnotatedConnectException: Connection refused: /192.168.34.63:41296
	at sun.nio.ch.SocketChannelImpl.checkConnect(Native Method)
	at sun.nio.ch.SocketChannelImpl.finishConnect(SocketChannelImpl.java:717)
	at org.apache.ratis.thirdparty.io.netty.channel.socket.nio.NioSocketChannel.doFinishConnect(NioSocketChannel.java:327)
	at org.apache.ratis.thirdparty.io.netty.channel.nio.AbstractNioChannel$AbstractNioUnsafe.finishConnect(AbstractNioChannel.java:340)
	at org.apache.ratis.thirdparty.io.netty.channel.nio.NioEventLoop.processSelectedKey(NioEventLoop.java:632)
	at org.apache.ratis.thirdparty.io.netty.channel.nio.NioEventLoop.processSelectedKeysOptimized(NioEventLoop.java:579)
	at org.apache.ratis.thirdparty.io.netty.channel.nio.NioEventLoop.processSelectedKeys(NioEventLoop.java:496)
	at org.apache.ratis.thirdparty.io.netty.channel.nio.NioEventLoop.run(NioEventLoop.java:458)
	at org.apache.ratis.thirdparty.io.netty.util.concurrent.SingleThreadEventExecutor$5.run(SingleThreadEventExecutor.java:897)
	at org.apache.ratis.thirdparty.io.netty.util.concurrent.FastThreadLocalRunnable.run(FastThreadLocalRunnable.java:30)
	... 1 more
Caused by: java.net.ConnectException: Connection refused
	... 11 more
2019-11-11 04:07:11,393 [9a305e64-7592-4199-ba7e-8c2223e9b548@group-39D510FFD81F-LeaderElection11] INFO  impl.RaftServerImpl (RaftServerImpl.java:setRole(173)) - 9a305e64-7592-4199-ba7e-8c2223e9b548@group-39D510FFD81F: changes role from CANDIDATE to FOLLOWER at term 3 for DISCOVERED_A_NEW_TERM
2019-11-11 04:07:11,393 [9a305e64-7592-4199-ba7e-8c2223e9b548@group-39D510FFD81F-LeaderElection11] INFO  impl.RoleInfo (RoleInfo.java:shutdownLeaderElection(134)) - 9a305e64-7592-4199-ba7e-8c2223e9b548: shutdown LeaderElection
2019-11-11 04:07:11,394 [9a305e64-7592-4199-ba7e-8c2223e9b548@group-39D510FFD81F-LeaderElection11] INFO  impl.RoleInfo (RoleInfo.java:updateAndGet(143)) - 9a305e64-7592-4199-ba7e-8c2223e9b548: start FollowerState
2019-11-11 04:07:11,856 [grpc-default-executor-1] WARN  server.GrpcLogAppender (LogUtils.java:warn(134)) - 9a305e64-7592-4199-ba7e-8c2223e9b548@group-F4D747E15FF8->61021d77-0677-40a1-98e7-8ba643935ac0-AppendLogResponseHandler: Failed appendEntries: org.apache.ratis.thirdparty.io.grpc.StatusRuntimeException: UNAVAILABLE: io exception
2019-11-11 04:07:11,856 [grpc-default-executor-0] WARN  server.GrpcLogAppender (LogUtils.java:warn(134)) - 9a305e64-7592-4199-ba7e-8c2223e9b548@group-F4D747E15FF8->f4ab3ec0-fcec-4fb2-8953-e521da90d916-AppendLogResponseHandler: Failed appendEntries: org.apache.ratis.thirdparty.io.grpc.StatusRuntimeException: UNAVAILABLE: io exception
2019-11-11 04:07:11,860 [grpc-default-executor-1] INFO  impl.FollowerInfo (FollowerInfo.java:lambda$new$0(51)) - 9a305e64-7592-4199-ba7e-8c2223e9b548@group-F4D747E15FF8->61021d77-0677-40a1-98e7-8ba643935ac0: nextIndex: updateUnconditionally 0 -> 0
2019-11-11 04:07:11,860 [grpc-default-executor-0] INFO  impl.FollowerInfo (FollowerInfo.java:lambda$new$0(51)) - 9a305e64-7592-4199-ba7e-8c2223e9b548@group-F4D747E15FF8->f4ab3ec0-fcec-4fb2-8953-e521da90d916: nextIndex: updateUnconditionally 52 -> 51
2019-11-11 04:07:12,359 [grpc-default-executor-4] WARN  server.GrpcLogAppender (LogUtils.java:warn(134)) - 9a305e64-7592-4199-ba7e-8c2223e9b548@group-F4D747E15FF8->61021d77-0677-40a1-98e7-8ba643935ac0-AppendLogResponseHandler: Failed appendEntries: org.apache.ratis.thirdparty.io.grpc.StatusRuntimeException: UNAVAILABLE: io exception
2019-11-11 04:07:12,359 [grpc-default-executor-5] WARN  server.GrpcLogAppender (LogUtils.java:warn(134)) - 9a305e64-7592-4199-ba7e-8c2223e9b548@group-F4D747E15FF8->f4ab3ec0-fcec-4fb2-8953-e521da90d916-AppendLogResponseHandler: Failed appendEntries: org.apache.ratis.thirdparty.io.grpc.StatusRuntimeException: UNAVAILABLE: io exception
2019-11-11 04:07:12,360 [grpc-default-executor-4] INFO  impl.FollowerInfo (FollowerInfo.java:lambda$new$0(51)) - 9a305e64-7592-4199-ba7e-8c2223e9b548@group-F4D747E15FF8->61021d77-0677-40a1-98e7-8ba643935ac0: nextIndex: updateUnconditionally 0 -> 0
2019-11-11 04:07:12,360 [grpc-default-executor-5] INFO  impl.FollowerInfo (FollowerInfo.java:lambda$new$0(51)) - 9a305e64-7592-4199-ba7e-8c2223e9b548@group-F4D747E15FF8->f4ab3ec0-fcec-4fb2-8953-e521da90d916: nextIndex: updateUnconditionally 51 -> 50
2019-11-11 04:07:12,450 [Thread-911] INFO  impl.FollowerState (FollowerState.java:run(111)) - 9a305e64-7592-4199-ba7e-8c2223e9b548@group-39D510FFD81F-FollowerState: change to CANDIDATE, lastRpcTime:1056ms, electionTimeout:1054ms
2019-11-11 04:07:12,451 [Thread-911] INFO  impl.RoleInfo (RoleInfo.java:shutdownFollowerState(121)) - 9a305e64-7592-4199-ba7e-8c2223e9b548: shutdown FollowerState
2019-11-11 04:07:12,451 [Thread-911] INFO  impl.RaftServerImpl (RaftServerImpl.java:setRole(173)) - 9a305e64-7592-4199-ba7e-8c2223e9b548@group-39D510FFD81F: changes role from  FOLLOWER to CANDIDATE at term 3 for changeToCandidate
2019-11-11 04:07:12,451 [Thread-911] INFO  impl.RoleInfo (RoleInfo.java:updateAndGet(143)) - 9a305e64-7592-4199-ba7e-8c2223e9b548: start LeaderElection
2019-11-11 04:07:12,468 [9a305e64-7592-4199-ba7e-8c2223e9b548@group-39D510FFD81F-LeaderElection12] INFO  impl.LeaderElection (LeaderElection.java:askForVotes(178)) - 9a305e64-7592-4199-ba7e-8c2223e9b548@group-39D510FFD81F-LeaderElection12: begin an election at term 4 for 1: [61021d77-0677-40a1-98e7-8ba643935ac0:192.168.34.63:35377, 9a305e64-7592-4199-ba7e-8c2223e9b548:192.168.34.63:35969, f4ab3ec0-fcec-4fb2-8953-e521da90d916:192.168.34.63:41296], old=null
2019-11-11 04:07:12,471 [9a305e64-7592-4199-ba7e-8c2223e9b548@group-39D510FFD81F-LeaderElection12] INFO  impl.LeaderElection (LogUtils.java:infoOrTrace(149)) - 9a305e64-7592-4199-ba7e-8c2223e9b548@group-39D510FFD81F-LeaderElection12 got exception when requesting votes: {}
java.util.concurrent.ExecutionException: org.apache.ratis.thirdparty.io.grpc.StatusRuntimeException: UNAVAILABLE: io exception
	at java.util.concurrent.FutureTask.report(FutureTask.java:122)
	at java.util.concurrent.FutureTask.get(FutureTask.java:192)
	at org.apache.ratis.server.impl.LeaderElection.waitForResults(LeaderElection.java:259)
	at org.apache.ratis.server.impl.LeaderElection.askForVotes(LeaderElection.java:197)
	at org.apache.ratis.server.impl.LeaderElection.run(LeaderElection.java:133)
	at java.lang.Thread.run(Thread.java:748)
Caused by: org.apache.ratis.thirdparty.io.grpc.StatusRuntimeException: UNAVAILABLE: io exception
	at org.apache.ratis.thirdparty.io.grpc.stub.ClientCalls.toStatusRuntimeException(ClientCalls.java:233)
	at org.apache.ratis.thirdparty.io.grpc.stub.ClientCalls.getUnchecked(ClientCalls.java:214)
	at org.apache.ratis.thirdparty.io.grpc.stub.ClientCalls.blockingUnaryCall(ClientCalls.java:139)
	at org.apache.ratis.proto.grpc.RaftServerProtocolServiceGrpc$RaftServerProtocolServiceBlockingStub.requestVote(RaftServerProtocolServiceGrpc.java:265)
	at org.apache.ratis.grpc.server.GrpcServerProtocolClient.requestVote(GrpcServerProtocolClient.java:99)
	at org.apache.ratis.grpc.server.GrpcService.requestVote(GrpcService.java:204)
	at org.apache.ratis.server.impl.LeaderElection.lambda$submitRequests$1(LeaderElection.java:234)
	at java.util.concurrent.FutureTask.run(FutureTask.java:266)
	at java.util.concurrent.Executors$RunnableAdapter.call(Executors.java:511)
	at java.util.concurrent.FutureTask.run(FutureTask.java:266)
	at java.util.concurrent.ThreadPoolExecutor.runWorker(ThreadPoolExecutor.java:1149)
	at java.util.concurrent.ThreadPoolExecutor$Worker.run(ThreadPoolExecutor.java:624)
	... 1 more
Caused by: org.apache.ratis.thirdparty.io.netty.channel.AbstractChannel$AnnotatedConnectException: Connection refused: /192.168.34.63:41296
	at sun.nio.ch.SocketChannelImpl.checkConnect(Native Method)
	at sun.nio.ch.SocketChannelImpl.finishConnect(SocketChannelImpl.java:717)
	at org.apache.ratis.thirdparty.io.netty.channel.socket.nio.NioSocketChannel.doFinishConnect(NioSocketChannel.java:327)
	at org.apache.ratis.thirdparty.io.netty.channel.nio.AbstractNioChannel$AbstractNioUnsafe.finishConnect(AbstractNioChannel.java:340)
	at org.apache.ratis.thirdparty.io.netty.channel.nio.NioEventLoop.processSelectedKey(NioEventLoop.java:632)
	at org.apache.ratis.thirdparty.io.netty.channel.nio.NioEventLoop.processSelectedKeysOptimized(NioEventLoop.java:579)
	at org.apache.ratis.thirdparty.io.netty.channel.nio.NioEventLoop.processSelectedKeys(NioEventLoop.java:496)
	at org.apache.ratis.thirdparty.io.netty.channel.nio.NioEventLoop.run(NioEventLoop.java:458)
	at org.apache.ratis.thirdparty.io.netty.util.concurrent.SingleThreadEventExecutor$5.run(SingleThreadEventExecutor.java:897)
	at org.apache.ratis.thirdparty.io.netty.util.concurrent.FastThreadLocalRunnable.run(FastThreadLocalRunnable.java:30)
	... 1 more
Caused by: java.net.ConnectException: Connection refused
	... 11 more
2019-11-11 04:07:12,473 [9a305e64-7592-4199-ba7e-8c2223e9b548@group-39D510FFD81F-LeaderElection12] INFO  impl.LeaderElection (LogUtils.java:infoOrTrace(149)) - 9a305e64-7592-4199-ba7e-8c2223e9b548@group-39D510FFD81F-LeaderElection12 got exception when requesting votes: {}
java.util.concurrent.ExecutionException: org.apache.ratis.thirdparty.io.grpc.StatusRuntimeException: UNAVAILABLE: io exception
	at java.util.concurrent.FutureTask.report(FutureTask.java:122)
	at java.util.concurrent.FutureTask.get(FutureTask.java:192)
	at org.apache.ratis.server.impl.LeaderElection.waitForResults(LeaderElection.java:259)
	at org.apache.ratis.server.impl.LeaderElection.askForVotes(LeaderElection.java:197)
	at org.apache.ratis.server.impl.LeaderElection.run(LeaderElection.java:133)
	at java.lang.Thread.run(Thread.java:748)
Caused by: org.apache.ratis.thirdparty.io.grpc.StatusRuntimeException: UNAVAILABLE: io exception
	at org.apache.ratis.thirdparty.io.grpc.stub.ClientCalls.toStatusRuntimeException(ClientCalls.java:233)
	at org.apache.ratis.thirdparty.io.grpc.stub.ClientCalls.getUnchecked(ClientCalls.java:214)
	at org.apache.ratis.thirdparty.io.grpc.stub.ClientCalls.blockingUnaryCall(ClientCalls.java:139)
	at org.apache.ratis.proto.grpc.RaftServerProtocolServiceGrpc$RaftServerProtocolServiceBlockingStub.requestVote(RaftServerProtocolServiceGrpc.java:265)
	at org.apache.ratis.grpc.server.GrpcServerProtocolClient.requestVote(GrpcServerProtocolClient.java:99)
	at org.apache.ratis.grpc.server.GrpcService.requestVote(GrpcService.java:204)
	at org.apache.ratis.server.impl.LeaderElection.lambda$submitRequests$1(LeaderElection.java:234)
	at java.util.concurrent.FutureTask.run(FutureTask.java:266)
	at java.util.concurrent.Executors$RunnableAdapter.call(Executors.java:511)
	at java.util.concurrent.FutureTask.run(FutureTask.java:266)
	at java.util.concurrent.ThreadPoolExecutor.runWorker(ThreadPoolExecutor.java:1149)
	at java.util.concurrent.ThreadPoolExecutor$Worker.run(ThreadPoolExecutor.java:624)
	... 1 more
Caused by: org.apache.ratis.thirdparty.io.netty.channel.AbstractChannel$AnnotatedConnectException: Connection refused: /192.168.34.63:35377
	at sun.nio.ch.SocketChannelImpl.checkConnect(Native Method)
	at sun.nio.ch.SocketChannelImpl.finishConnect(SocketChannelImpl.java:717)
	at org.apache.ratis.thirdparty.io.netty.channel.socket.nio.NioSocketChannel.doFinishConnect(NioSocketChannel.java:327)
	at org.apache.ratis.thirdparty.io.netty.channel.nio.AbstractNioChannel$AbstractNioUnsafe.finishConnect(AbstractNioChannel.java:340)
	at org.apache.ratis.thirdparty.io.netty.channel.nio.NioEventLoop.processSelectedKey(NioEventLoop.java:632)
	at org.apache.ratis.thirdparty.io.netty.channel.nio.NioEventLoop.processSelectedKeysOptimized(NioEventLoop.java:579)
	at org.apache.ratis.thirdparty.io.netty.channel.nio.NioEventLoop.processSelectedKeys(NioEventLoop.java:496)
	at org.apache.ratis.thirdparty.io.netty.channel.nio.NioEventLoop.run(NioEventLoop.java:458)
	at org.apache.ratis.thirdparty.io.netty.util.concurrent.SingleThreadEventExecutor$5.run(SingleThreadEventExecutor.java:897)
	at org.apache.ratis.thirdparty.io.netty.util.concurrent.FastThreadLocalRunnable.run(FastThreadLocalRunnable.java:30)
	... 1 more
Caused by: java.net.ConnectException: Connection refused
	... 11 more
2019-11-11 04:07:12,479 [9a305e64-7592-4199-ba7e-8c2223e9b548@group-39D510FFD81F-LeaderElection12] INFO  impl.LeaderElection (LeaderElection.java:logAndReturn(56)) - 9a305e64-7592-4199-ba7e-8c2223e9b548@group-39D510FFD81F-LeaderElection12: Election REJECTED; received 0 response(s) [] and 2 exception(s); 9a305e64-7592-4199-ba7e-8c2223e9b548@group-39D510FFD81F:t4, leader=null, voted=9a305e64-7592-4199-ba7e-8c2223e9b548, raftlog=9a305e64-7592-4199-ba7e-8c2223e9b548@group-39D510FFD81F-SegmentedRaftLog:OPENED:c2,f2,i2, conf=1: [61021d77-0677-40a1-98e7-8ba643935ac0:192.168.34.63:35377, 9a305e64-7592-4199-ba7e-8c2223e9b548:192.168.34.63:35969, f4ab3ec0-fcec-4fb2-8953-e521da90d916:192.168.34.63:41296], old=null
2019-11-11 04:07:12,479 [9a305e64-7592-4199-ba7e-8c2223e9b548@group-39D510FFD81F-LeaderElection12] INFO  impl.LeaderElection (LogUtils.java:infoOrTrace(149)) -   Exception 0: {}
java.util.concurrent.ExecutionException: org.apache.ratis.thirdparty.io.grpc.StatusRuntimeException: UNAVAILABLE: io exception
	at java.util.concurrent.FutureTask.report(FutureTask.java:122)
	at java.util.concurrent.FutureTask.get(FutureTask.java:192)
	at org.apache.ratis.server.impl.LeaderElection.waitForResults(LeaderElection.java:259)
	at org.apache.ratis.server.impl.LeaderElection.askForVotes(LeaderElection.java:197)
	at org.apache.ratis.server.impl.LeaderElection.run(LeaderElection.java:133)
	at java.lang.Thread.run(Thread.java:748)
Caused by: org.apache.ratis.thirdparty.io.grpc.StatusRuntimeException: UNAVAILABLE: io exception
	at org.apache.ratis.thirdparty.io.grpc.stub.ClientCalls.toStatusRuntimeException(ClientCalls.java:233)
	at org.apache.ratis.thirdparty.io.grpc.stub.ClientCalls.getUnchecked(ClientCalls.java:214)
	at org.apache.ratis.thirdparty.io.grpc.stub.ClientCalls.blockingUnaryCall(ClientCalls.java:139)
	at org.apache.ratis.proto.grpc.RaftServerProtocolServiceGrpc$RaftServerProtocolServiceBlockingStub.requestVote(RaftServerProtocolServiceGrpc.java:265)
	at org.apache.ratis.grpc.server.GrpcServerProtocolClient.requestVote(GrpcServerProtocolClient.java:99)
	at org.apache.ratis.grpc.server.GrpcService.requestVote(GrpcService.java:204)
	at org.apache.ratis.server.impl.LeaderElection.lambda$submitRequests$1(LeaderElection.java:234)
	at java.util.concurrent.FutureTask.run(FutureTask.java:266)
	at java.util.concurrent.Executors$RunnableAdapter.call(Executors.java:511)
	at java.util.concurrent.FutureTask.run(FutureTask.java:266)
	at java.util.concurrent.ThreadPoolExecutor.runWorker(ThreadPoolExecutor.java:1149)
	at java.util.concurrent.ThreadPoolExecutor$Worker.run(ThreadPoolExecutor.java:624)
	... 1 more
Caused by: org.apache.ratis.thirdparty.io.netty.channel.AbstractChannel$AnnotatedConnectException: Connection refused: /192.168.34.63:41296
	at sun.nio.ch.SocketChannelImpl.checkConnect(Native Method)
	at sun.nio.ch.SocketChannelImpl.finishConnect(SocketChannelImpl.java:717)
	at org.apache.ratis.thirdparty.io.netty.channel.socket.nio.NioSocketChannel.doFinishConnect(NioSocketChannel.java:327)
	at org.apache.ratis.thirdparty.io.netty.channel.nio.AbstractNioChannel$AbstractNioUnsafe.finishConnect(AbstractNioChannel.java:340)
	at org.apache.ratis.thirdparty.io.netty.channel.nio.NioEventLoop.processSelectedKey(NioEventLoop.java:632)
	at org.apache.ratis.thirdparty.io.netty.channel.nio.NioEventLoop.processSelectedKeysOptimized(NioEventLoop.java:579)
	at org.apache.ratis.thirdparty.io.netty.channel.nio.NioEventLoop.processSelectedKeys(NioEventLoop.java:496)
	at org.apache.ratis.thirdparty.io.netty.channel.nio.NioEventLoop.run(NioEventLoop.java:458)
	at org.apache.ratis.thirdparty.io.netty.util.concurrent.SingleThreadEventExecutor$5.run(SingleThreadEventExecutor.java:897)
	at org.apache.ratis.thirdparty.io.netty.util.concurrent.FastThreadLocalRunnable.run(FastThreadLocalRunnable.java:30)
	... 1 more
Caused by: java.net.ConnectException: Connection refused
	... 11 more
2019-11-11 04:07:12,479 [9a305e64-7592-4199-ba7e-8c2223e9b548@group-39D510FFD81F-LeaderElection12] INFO  impl.LeaderElection (LogUtils.java:infoOrTrace(149)) -   Exception 1: {}
java.util.concurrent.ExecutionException: org.apache.ratis.thirdparty.io.grpc.StatusRuntimeException: UNAVAILABLE: io exception
	at java.util.concurrent.FutureTask.report(FutureTask.java:122)
	at java.util.concurrent.FutureTask.get(FutureTask.java:192)
	at org.apache.ratis.server.impl.LeaderElection.waitForResults(LeaderElection.java:259)
	at org.apache.ratis.server.impl.LeaderElection.askForVotes(LeaderElection.java:197)
	at org.apache.ratis.server.impl.LeaderElection.run(LeaderElection.java:133)
	at java.lang.Thread.run(Thread.java:748)
Caused by: org.apache.ratis.thirdparty.io.grpc.StatusRuntimeException: UNAVAILABLE: io exception
	at org.apache.ratis.thirdparty.io.grpc.stub.ClientCalls.toStatusRuntimeException(ClientCalls.java:233)
	at org.apache.ratis.thirdparty.io.grpc.stub.ClientCalls.getUnchecked(ClientCalls.java:214)
	at org.apache.ratis.thirdparty.io.grpc.stub.ClientCalls.blockingUnaryCall(ClientCalls.java:139)
	at org.apache.ratis.proto.grpc.RaftServerProtocolServiceGrpc$RaftServerProtocolServiceBlockingStub.requestVote(RaftServerProtocolServiceGrpc.java:265)
	at org.apache.ratis.grpc.server.GrpcServerProtocolClient.requestVote(GrpcServerProtocolClient.java:99)
	at org.apache.ratis.grpc.server.GrpcService.requestVote(GrpcService.java:204)
	at org.apache.ratis.server.impl.LeaderElection.lambda$submitRequests$1(LeaderElection.java:234)
	at java.util.concurrent.FutureTask.run(FutureTask.java:266)
	at java.util.concurrent.Executors$RunnableAdapter.call(Executors.java:511)
	at java.util.concurrent.FutureTask.run(FutureTask.java:266)
	at java.util.concurrent.ThreadPoolExecutor.runWorker(ThreadPoolExecutor.java:1149)
	at java.util.concurrent.ThreadPoolExecutor$Worker.run(ThreadPoolExecutor.java:624)
	... 1 more
Caused by: org.apache.ratis.thirdparty.io.netty.channel.AbstractChannel$AnnotatedConnectException: Connection refused: /192.168.34.63:35377
	at sun.nio.ch.SocketChannelImpl.checkConnect(Native Method)
	at sun.nio.ch.SocketChannelImpl.finishConnect(SocketChannelImpl.java:717)
	at org.apache.ratis.thirdparty.io.netty.channel.socket.nio.NioSocketChannel.doFinishConnect(NioSocketChannel.java:327)
	at org.apache.ratis.thirdparty.io.netty.channel.nio.AbstractNioChannel$AbstractNioUnsafe.finishConnect(AbstractNioChannel.java:340)
	at org.apache.ratis.thirdparty.io.netty.channel.nio.NioEventLoop.processSelectedKey(NioEventLoop.java:632)
	at org.apache.ratis.thirdparty.io.netty.channel.nio.NioEventLoop.processSelectedKeysOptimized(NioEventLoop.java:579)
	at org.apache.ratis.thirdparty.io.netty.channel.nio.NioEventLoop.processSelectedKeys(NioEventLoop.java:496)
	at org.apache.ratis.thirdparty.io.netty.channel.nio.NioEventLoop.run(NioEventLoop.java:458)
	at org.apache.ratis.thirdparty.io.netty.util.concurrent.SingleThreadEventExecutor$5.run(SingleThreadEventExecutor.java:897)
	at org.apache.ratis.thirdparty.io.netty.util.concurrent.FastThreadLocalRunnable.run(FastThreadLocalRunnable.java:30)
	... 1 more
Caused by: java.net.ConnectException: Connection refused
	... 11 more
2019-11-11 04:07:12,479 [9a305e64-7592-4199-ba7e-8c2223e9b548@group-39D510FFD81F-LeaderElection12] INFO  impl.RaftServerImpl (RaftServerImpl.java:setRole(173)) - 9a305e64-7592-4199-ba7e-8c2223e9b548@group-39D510FFD81F: changes role from CANDIDATE to FOLLOWER at term 4 for DISCOVERED_A_NEW_TERM
2019-11-11 04:07:12,482 [9a305e64-7592-4199-ba7e-8c2223e9b548@group-39D510FFD81F-LeaderElection12] INFO  impl.RoleInfo (RoleInfo.java:shutdownLeaderElection(134)) - 9a305e64-7592-4199-ba7e-8c2223e9b548: shutdown LeaderElection
2019-11-11 04:07:12,483 [9a305e64-7592-4199-ba7e-8c2223e9b548@group-39D510FFD81F-LeaderElection12] INFO  impl.RoleInfo (RoleInfo.java:updateAndGet(143)) - 9a305e64-7592-4199-ba7e-8c2223e9b548: start FollowerState
2019-11-11 04:07:12,858 [grpc-default-executor-4] WARN  server.GrpcLogAppender (LogUtils.java:warn(134)) - 9a305e64-7592-4199-ba7e-8c2223e9b548@group-F4D747E15FF8->61021d77-0677-40a1-98e7-8ba643935ac0-AppendLogResponseHandler: Failed appendEntries: org.apache.ratis.thirdparty.io.grpc.StatusRuntimeException: UNAVAILABLE: io exception
2019-11-11 04:07:12,860 [grpc-default-executor-5] WARN  server.GrpcLogAppender (LogUtils.java:warn(134)) - 9a305e64-7592-4199-ba7e-8c2223e9b548@group-F4D747E15FF8->f4ab3ec0-fcec-4fb2-8953-e521da90d916-AppendLogResponseHandler: Failed appendEntries: org.apache.ratis.thirdparty.io.grpc.StatusRuntimeException: UNAVAILABLE: io exception
2019-11-11 04:07:12,861 [grpc-default-executor-4] INFO  impl.FollowerInfo (FollowerInfo.java:lambda$new$0(51)) - 9a305e64-7592-4199-ba7e-8c2223e9b548@group-F4D747E15FF8->61021d77-0677-40a1-98e7-8ba643935ac0: nextIndex: updateUnconditionally 0 -> 0
2019-11-11 04:07:12,861 [grpc-default-executor-5] INFO  impl.FollowerInfo (FollowerInfo.java:lambda$new$0(51)) - 9a305e64-7592-4199-ba7e-8c2223e9b548@group-F4D747E15FF8->f4ab3ec0-fcec-4fb2-8953-e521da90d916: nextIndex: updateUnconditionally 50 -> 49
2019-11-11 04:07:13,359 [grpc-default-executor-0] WARN  server.GrpcLogAppender (LogUtils.java:warn(134)) - 9a305e64-7592-4199-ba7e-8c2223e9b548@group-F4D747E15FF8->f4ab3ec0-fcec-4fb2-8953-e521da90d916-AppendLogResponseHandler: Failed appendEntries: org.apache.ratis.thirdparty.io.grpc.StatusRuntimeException: UNAVAILABLE: io exception
2019-11-11 04:07:13,359 [grpc-default-executor-2] WARN  server.GrpcLogAppender (LogUtils.java:warn(134)) - 9a305e64-7592-4199-ba7e-8c2223e9b548@group-F4D747E15FF8->61021d77-0677-40a1-98e7-8ba643935ac0-AppendLogResponseHandler: Failed appendEntries: org.apache.ratis.thirdparty.io.grpc.StatusRuntimeException: UNAVAILABLE: io exception
2019-11-11 04:07:13,360 [grpc-default-executor-0] INFO  impl.FollowerInfo (FollowerInfo.java:lambda$new$0(51)) - 9a305e64-7592-4199-ba7e-8c2223e9b548@group-F4D747E15FF8->f4ab3ec0-fcec-4fb2-8953-e521da90d916: nextIndex: updateUnconditionally 49 -> 48
2019-11-11 04:07:13,360 [grpc-default-executor-2] INFO  impl.FollowerInfo (FollowerInfo.java:lambda$new$0(51)) - 9a305e64-7592-4199-ba7e-8c2223e9b548@group-F4D747E15FF8->61021d77-0677-40a1-98e7-8ba643935ac0: nextIndex: updateUnconditionally 0 -> 0
2019-11-11 04:07:13,504 [Thread-916] INFO  impl.FollowerState (FollowerState.java:run(111)) - 9a305e64-7592-4199-ba7e-8c2223e9b548@group-39D510FFD81F-FollowerState: change to CANDIDATE, lastRpcTime:1021ms, electionTimeout:1019ms
2019-11-11 04:07:13,504 [Thread-916] INFO  impl.RoleInfo (RoleInfo.java:shutdownFollowerState(121)) - 9a305e64-7592-4199-ba7e-8c2223e9b548: shutdown FollowerState
2019-11-11 04:07:13,504 [Thread-916] INFO  impl.RaftServerImpl (RaftServerImpl.java:setRole(173)) - 9a305e64-7592-4199-ba7e-8c2223e9b548@group-39D510FFD81F: changes role from  FOLLOWER to CANDIDATE at term 4 for changeToCandidate
2019-11-11 04:07:13,504 [Thread-916] INFO  impl.RoleInfo (RoleInfo.java:updateAndGet(143)) - 9a305e64-7592-4199-ba7e-8c2223e9b548: start LeaderElection
2019-11-11 04:07:13,521 [9a305e64-7592-4199-ba7e-8c2223e9b548@group-39D510FFD81F-LeaderElection13] INFO  impl.LeaderElection (LeaderElection.java:askForVotes(178)) - 9a305e64-7592-4199-ba7e-8c2223e9b548@group-39D510FFD81F-LeaderElection13: begin an election at term 5 for 1: [61021d77-0677-40a1-98e7-8ba643935ac0:192.168.34.63:35377, 9a305e64-7592-4199-ba7e-8c2223e9b548:192.168.34.63:35969, f4ab3ec0-fcec-4fb2-8953-e521da90d916:192.168.34.63:41296], old=null
2019-11-11 04:07:13,524 [9a305e64-7592-4199-ba7e-8c2223e9b548@group-39D510FFD81F-LeaderElection13] INFO  impl.LeaderElection (LogUtils.java:infoOrTrace(149)) - 9a305e64-7592-4199-ba7e-8c2223e9b548@group-39D510FFD81F-LeaderElection13 got exception when requesting votes: {}
java.util.concurrent.ExecutionException: org.apache.ratis.thirdparty.io.grpc.StatusRuntimeException: UNAVAILABLE: io exception
	at java.util.concurrent.FutureTask.report(FutureTask.java:122)
	at java.util.concurrent.FutureTask.get(FutureTask.java:192)
	at org.apache.ratis.server.impl.LeaderElection.waitForResults(LeaderElection.java:259)
	at org.apache.ratis.server.impl.LeaderElection.askForVotes(LeaderElection.java:197)
	at org.apache.ratis.server.impl.LeaderElection.run(LeaderElection.java:133)
	at java.lang.Thread.run(Thread.java:748)
Caused by: org.apache.ratis.thirdparty.io.grpc.StatusRuntimeException: UNAVAILABLE: io exception
	at org.apache.ratis.thirdparty.io.grpc.stub.ClientCalls.toStatusRuntimeException(ClientCalls.java:233)
	at org.apache.ratis.thirdparty.io.grpc.stub.ClientCalls.getUnchecked(ClientCalls.java:214)
	at org.apache.ratis.thirdparty.io.grpc.stub.ClientCalls.blockingUnaryCall(ClientCalls.java:139)
	at org.apache.ratis.proto.grpc.RaftServerProtocolServiceGrpc$RaftServerProtocolServiceBlockingStub.requestVote(RaftServerProtocolServiceGrpc.java:265)
	at org.apache.ratis.grpc.server.GrpcServerProtocolClient.requestVote(GrpcServerProtocolClient.java:99)
	at org.apache.ratis.grpc.server.GrpcService.requestVote(GrpcService.java:204)
	at org.apache.ratis.server.impl.LeaderElection.lambda$submitRequests$1(LeaderElection.java:234)
	at java.util.concurrent.FutureTask.run(FutureTask.java:266)
	at java.util.concurrent.Executors$RunnableAdapter.call(Executors.java:511)
	at java.util.concurrent.FutureTask.run(FutureTask.java:266)
	at java.util.concurrent.ThreadPoolExecutor.runWorker(ThreadPoolExecutor.java:1149)
	at java.util.concurrent.ThreadPoolExecutor$Worker.run(ThreadPoolExecutor.java:624)
	... 1 more
Caused by: org.apache.ratis.thirdparty.io.netty.channel.AbstractChannel$AnnotatedConnectException: Connection refused: /192.168.34.63:35377
	at sun.nio.ch.SocketChannelImpl.checkConnect(Native Method)
	at sun.nio.ch.SocketChannelImpl.finishConnect(SocketChannelImpl.java:717)
	at org.apache.ratis.thirdparty.io.netty.channel.socket.nio.NioSocketChannel.doFinishConnect(NioSocketChannel.java:327)
	at org.apache.ratis.thirdparty.io.netty.channel.nio.AbstractNioChannel$AbstractNioUnsafe.finishConnect(AbstractNioChannel.java:340)
	at org.apache.ratis.thirdparty.io.netty.channel.nio.NioEventLoop.processSelectedKey(NioEventLoop.java:632)
	at org.apache.ratis.thirdparty.io.netty.channel.nio.NioEventLoop.processSelectedKeysOptimized(NioEventLoop.java:579)
	at org.apache.ratis.thirdparty.io.netty.channel.nio.NioEventLoop.processSelectedKeys(NioEventLoop.java:496)
	at org.apache.ratis.thirdparty.io.netty.channel.nio.NioEventLoop.run(NioEventLoop.java:458)
	at org.apache.ratis.thirdparty.io.netty.util.concurrent.SingleThreadEventExecutor$5.run(SingleThreadEventExecutor.java:897)
	at org.apache.ratis.thirdparty.io.netty.util.concurrent.FastThreadLocalRunnable.run(FastThreadLocalRunnable.java:30)
	... 1 more
Caused by: java.net.ConnectException: Connection refused
	... 11 more
2019-11-11 04:07:13,533 [9a305e64-7592-4199-ba7e-8c2223e9b548@group-39D510FFD81F-LeaderElection13] INFO  impl.LeaderElection (LogUtils.java:infoOrTrace(149)) - 9a305e64-7592-4199-ba7e-8c2223e9b548@group-39D510FFD81F-LeaderElection13 got exception when requesting votes: {}
java.util.concurrent.ExecutionException: org.apache.ratis.thirdparty.io.grpc.StatusRuntimeException: UNAVAILABLE: io exception
	at java.util.concurrent.FutureTask.report(FutureTask.java:122)
	at java.util.concurrent.FutureTask.get(FutureTask.java:192)
	at org.apache.ratis.server.impl.LeaderElection.waitForResults(LeaderElection.java:259)
	at org.apache.ratis.server.impl.LeaderElection.askForVotes(LeaderElection.java:197)
	at org.apache.ratis.server.impl.LeaderElection.run(LeaderElection.java:133)
	at java.lang.Thread.run(Thread.java:748)
Caused by: org.apache.ratis.thirdparty.io.grpc.StatusRuntimeException: UNAVAILABLE: io exception
	at org.apache.ratis.thirdparty.io.grpc.stub.ClientCalls.toStatusRuntimeException(ClientCalls.java:233)
	at org.apache.ratis.thirdparty.io.grpc.stub.ClientCalls.getUnchecked(ClientCalls.java:214)
	at org.apache.ratis.thirdparty.io.grpc.stub.ClientCalls.blockingUnaryCall(ClientCalls.java:139)
	at org.apache.ratis.proto.grpc.RaftServerProtocolServiceGrpc$RaftServerProtocolServiceBlockingStub.requestVote(RaftServerProtocolServiceGrpc.java:265)
	at org.apache.ratis.grpc.server.GrpcServerProtocolClient.requestVote(GrpcServerProtocolClient.java:99)
	at org.apache.ratis.grpc.server.GrpcService.requestVote(GrpcService.java:204)
	at org.apache.ratis.server.impl.LeaderElection.lambda$submitRequests$1(LeaderElection.java:234)
	at java.util.concurrent.FutureTask.run(FutureTask.java:266)
	at java.util.concurrent.Executors$RunnableAdapter.call(Executors.java:511)
	at java.util.concurrent.FutureTask.run(FutureTask.java:266)
	at java.util.concurrent.ThreadPoolExecutor.runWorker(ThreadPoolExecutor.java:1149)
	at java.util.concurrent.ThreadPoolExecutor$Worker.run(ThreadPoolExecutor.java:624)
	... 1 more
Caused by: org.apache.ratis.thirdparty.io.netty.channel.AbstractChannel$AnnotatedConnectException: Connection refused: /192.168.34.63:41296
	at sun.nio.ch.SocketChannelImpl.checkConnect(Native Method)
	at sun.nio.ch.SocketChannelImpl.finishConnect(SocketChannelImpl.java:717)
	at org.apache.ratis.thirdparty.io.netty.channel.socket.nio.NioSocketChannel.doFinishConnect(NioSocketChannel.java:327)
	at org.apache.ratis.thirdparty.io.netty.channel.nio.AbstractNioChannel$AbstractNioUnsafe.finishConnect(AbstractNioChannel.java:340)
	at org.apache.ratis.thirdparty.io.netty.channel.nio.NioEventLoop.processSelectedKey(NioEventLoop.java:632)
	at org.apache.ratis.thirdparty.io.netty.channel.nio.NioEventLoop.processSelectedKeysOptimized(NioEventLoop.java:579)
	at org.apache.ratis.thirdparty.io.netty.channel.nio.NioEventLoop.processSelectedKeys(NioEventLoop.java:496)
	at org.apache.ratis.thirdparty.io.netty.channel.nio.NioEventLoop.run(NioEventLoop.java:458)
	at org.apache.ratis.thirdparty.io.netty.util.concurrent.SingleThreadEventExecutor$5.run(SingleThreadEventExecutor.java:897)
	at org.apache.ratis.thirdparty.io.netty.util.concurrent.FastThreadLocalRunnable.run(FastThreadLocalRunnable.java:30)
	... 1 more
Caused by: java.net.ConnectException: Connection refused
	... 11 more
2019-11-11 04:07:13,537 [9a305e64-7592-4199-ba7e-8c2223e9b548@group-39D510FFD81F-LeaderElection13] INFO  impl.LeaderElection (LeaderElection.java:logAndReturn(56)) - 9a305e64-7592-4199-ba7e-8c2223e9b548@group-39D510FFD81F-LeaderElection13: Election REJECTED; received 0 response(s) [] and 2 exception(s); 9a305e64-7592-4199-ba7e-8c2223e9b548@group-39D510FFD81F:t5, leader=null, voted=9a305e64-7592-4199-ba7e-8c2223e9b548, raftlog=9a305e64-7592-4199-ba7e-8c2223e9b548@group-39D510FFD81F-SegmentedRaftLog:OPENED:c2,f2,i2, conf=1: [61021d77-0677-40a1-98e7-8ba643935ac0:192.168.34.63:35377, 9a305e64-7592-4199-ba7e-8c2223e9b548:192.168.34.63:35969, f4ab3ec0-fcec-4fb2-8953-e521da90d916:192.168.34.63:41296], old=null
2019-11-11 04:07:13,537 [9a305e64-7592-4199-ba7e-8c2223e9b548@group-39D510FFD81F-LeaderElection13] INFO  impl.LeaderElection (LogUtils.java:infoOrTrace(149)) -   Exception 0: {}
java.util.concurrent.ExecutionException: org.apache.ratis.thirdparty.io.grpc.StatusRuntimeException: UNAVAILABLE: io exception
	at java.util.concurrent.FutureTask.report(FutureTask.java:122)
	at java.util.concurrent.FutureTask.get(FutureTask.java:192)
	at org.apache.ratis.server.impl.LeaderElection.waitForResults(LeaderElection.java:259)
	at org.apache.ratis.server.impl.LeaderElection.askForVotes(LeaderElection.java:197)
	at org.apache.ratis.server.impl.LeaderElection.run(LeaderElection.java:133)
	at java.lang.Thread.run(Thread.java:748)
Caused by: org.apache.ratis.thirdparty.io.grpc.StatusRuntimeException: UNAVAILABLE: io exception
	at org.apache.ratis.thirdparty.io.grpc.stub.ClientCalls.toStatusRuntimeException(ClientCalls.java:233)
	at org.apache.ratis.thirdparty.io.grpc.stub.ClientCalls.getUnchecked(ClientCalls.java:214)
	at org.apache.ratis.thirdparty.io.grpc.stub.ClientCalls.blockingUnaryCall(ClientCalls.java:139)
	at org.apache.ratis.proto.grpc.RaftServerProtocolServiceGrpc$RaftServerProtocolServiceBlockingStub.requestVote(RaftServerProtocolServiceGrpc.java:265)
	at org.apache.ratis.grpc.server.GrpcServerProtocolClient.requestVote(GrpcServerProtocolClient.java:99)
	at org.apache.ratis.grpc.server.GrpcService.requestVote(GrpcService.java:204)
	at org.apache.ratis.server.impl.LeaderElection.lambda$submitRequests$1(LeaderElection.java:234)
	at java.util.concurrent.FutureTask.run(FutureTask.java:266)
	at java.util.concurrent.Executors$RunnableAdapter.call(Executors.java:511)
	at java.util.concurrent.FutureTask.run(FutureTask.java:266)
	at java.util.concurrent.ThreadPoolExecutor.runWorker(ThreadPoolExecutor.java:1149)
	at java.util.concurrent.ThreadPoolExecutor$Worker.run(ThreadPoolExecutor.java:624)
	... 1 more
Caused by: org.apache.ratis.thirdparty.io.netty.channel.AbstractChannel$AnnotatedConnectException: Connection refused: /192.168.34.63:35377
	at sun.nio.ch.SocketChannelImpl.checkConnect(Native Method)
	at sun.nio.ch.SocketChannelImpl.finishConnect(SocketChannelImpl.java:717)
	at org.apache.ratis.thirdparty.io.netty.channel.socket.nio.NioSocketChannel.doFinishConnect(NioSocketChannel.java:327)
	at org.apache.ratis.thirdparty.io.netty.channel.nio.AbstractNioChannel$AbstractNioUnsafe.finishConnect(AbstractNioChannel.java:340)
	at org.apache.ratis.thirdparty.io.netty.channel.nio.NioEventLoop.processSelectedKey(NioEventLoop.java:632)
	at org.apache.ratis.thirdparty.io.netty.channel.nio.NioEventLoop.processSelectedKeysOptimized(NioEventLoop.java:579)
	at org.apache.ratis.thirdparty.io.netty.channel.nio.NioEventLoop.processSelectedKeys(NioEventLoop.java:496)
	at org.apache.ratis.thirdparty.io.netty.channel.nio.NioEventLoop.run(NioEventLoop.java:458)
	at org.apache.ratis.thirdparty.io.netty.util.concurrent.SingleThreadEventExecutor$5.run(SingleThreadEventExecutor.java:897)
	at org.apache.ratis.thirdparty.io.netty.util.concurrent.FastThreadLocalRunnable.run(FastThreadLocalRunnable.java:30)
	... 1 more
Caused by: java.net.ConnectException: Connection refused
	... 11 more
2019-11-11 04:07:13,537 [9a305e64-7592-4199-ba7e-8c2223e9b548@group-39D510FFD81F-LeaderElection13] INFO  impl.LeaderElection (LogUtils.java:infoOrTrace(149)) -   Exception 1: {}
java.util.concurrent.ExecutionException: org.apache.ratis.thirdparty.io.grpc.StatusRuntimeException: UNAVAILABLE: io exception
	at java.util.concurrent.FutureTask.report(FutureTask.java:122)
	at java.util.concurrent.FutureTask.get(FutureTask.java:192)
	at org.apache.ratis.server.impl.LeaderElection.waitForResults(LeaderElection.java:259)
	at org.apache.ratis.server.impl.LeaderElection.askForVotes(LeaderElection.java:197)
	at org.apache.ratis.server.impl.LeaderElection.run(LeaderElection.java:133)
	at java.lang.Thread.run(Thread.java:748)
Caused by: org.apache.ratis.thirdparty.io.grpc.StatusRuntimeException: UNAVAILABLE: io exception
	at org.apache.ratis.thirdparty.io.grpc.stub.ClientCalls.toStatusRuntimeException(ClientCalls.java:233)
	at org.apache.ratis.thirdparty.io.grpc.stub.ClientCalls.getUnchecked(ClientCalls.java:214)
	at org.apache.ratis.thirdparty.io.grpc.stub.ClientCalls.blockingUnaryCall(ClientCalls.java:139)
	at org.apache.ratis.proto.grpc.RaftServerProtocolServiceGrpc$RaftServerProtocolServiceBlockingStub.requestVote(RaftServerProtocolServiceGrpc.java:265)
	at org.apache.ratis.grpc.server.GrpcServerProtocolClient.requestVote(GrpcServerProtocolClient.java:99)
	at org.apache.ratis.grpc.server.GrpcService.requestVote(GrpcService.java:204)
	at org.apache.ratis.server.impl.LeaderElection.lambda$submitRequests$1(LeaderElection.java:234)
	at java.util.concurrent.FutureTask.run(FutureTask.java:266)
	at java.util.concurrent.Executors$RunnableAdapter.call(Executors.java:511)
	at java.util.concurrent.FutureTask.run(FutureTask.java:266)
	at java.util.concurrent.ThreadPoolExecutor.runWorker(ThreadPoolExecutor.java:1149)
	at java.util.concurrent.ThreadPoolExecutor$Worker.run(ThreadPoolExecutor.java:624)
	... 1 more
Caused by: org.apache.ratis.thirdparty.io.netty.channel.AbstractChannel$AnnotatedConnectException: Connection refused: /192.168.34.63:41296
	at sun.nio.ch.SocketChannelImpl.checkConnect(Native Method)
	at sun.nio.ch.SocketChannelImpl.finishConnect(SocketChannelImpl.java:717)
	at org.apache.ratis.thirdparty.io.netty.channel.socket.nio.NioSocketChannel.doFinishConnect(NioSocketChannel.java:327)
	at org.apache.ratis.thirdparty.io.netty.channel.nio.AbstractNioChannel$AbstractNioUnsafe.finishConnect(AbstractNioChannel.java:340)
	at org.apache.ratis.thirdparty.io.netty.channel.nio.NioEventLoop.processSelectedKey(NioEventLoop.java:632)
	at org.apache.ratis.thirdparty.io.netty.channel.nio.NioEventLoop.processSelectedKeysOptimized(NioEventLoop.java:579)
	at org.apache.ratis.thirdparty.io.netty.channel.nio.NioEventLoop.processSelectedKeys(NioEventLoop.java:496)
	at org.apache.ratis.thirdparty.io.netty.channel.nio.NioEventLoop.run(NioEventLoop.java:458)
	at org.apache.ratis.thirdparty.io.netty.util.concurrent.SingleThreadEventExecutor$5.run(SingleThreadEventExecutor.java:897)
	at org.apache.ratis.thirdparty.io.netty.util.concurrent.FastThreadLocalRunnable.run(FastThreadLocalRunnable.java:30)
	... 1 more
Caused by: java.net.ConnectException: Connection refused
	... 11 more
2019-11-11 04:07:13,537 [9a305e64-7592-4199-ba7e-8c2223e9b548@group-39D510FFD81F-LeaderElection13] INFO  impl.RaftServerImpl (RaftServerImpl.java:setRole(173)) - 9a305e64-7592-4199-ba7e-8c2223e9b548@group-39D510FFD81F: changes role from CANDIDATE to FOLLOWER at term 5 for DISCOVERED_A_NEW_TERM
2019-11-11 04:07:13,539 [9a305e64-7592-4199-ba7e-8c2223e9b548@group-39D510FFD81F-LeaderElection13] INFO  impl.RoleInfo (RoleInfo.java:shutdownLeaderElection(134)) - 9a305e64-7592-4199-ba7e-8c2223e9b548: shutdown LeaderElection
2019-11-11 04:07:13,539 [9a305e64-7592-4199-ba7e-8c2223e9b548@group-39D510FFD81F-LeaderElection13] INFO  impl.RoleInfo (RoleInfo.java:updateAndGet(143)) - 9a305e64-7592-4199-ba7e-8c2223e9b548: start FollowerState
2019-11-11 04:07:13,755 [Thread-923] INFO  client.GrpcClientProtocolService (GrpcClientProtocolService.java:lambda$processClientRequest$0(279)) - Failed RaftClientRequest:client-288C807A782E->9a305e64-7592-4199-ba7e-8c2223e9b548@group-F4D747E15FF8, cid=40, seq=0, Watch-ALL_COMMITTED(39), Message:<EMPTY>, reply=RaftClientReply:client-288C807A782E->9a305e64-7592-4199-ba7e-8c2223e9b548@group-F4D747E15FF8, cid=40, FAILED org.apache.ratis.protocol.NotReplicatedException: Request with call Id 40 and log index 39 is not yet replicated to ALL_COMMITTED, logIndex=39, commits[9a305e64-7592-4199-ba7e-8c2223e9b548:c56, 61021d77-0677-40a1-98e7-8ba643935ac0:c37, f4ab3ec0-fcec-4fb2-8953-e521da90d916:c56]
2019-11-11 04:07:13,859 [grpc-default-executor-0] WARN  server.GrpcLogAppender (LogUtils.java:warn(134)) - 9a305e64-7592-4199-ba7e-8c2223e9b548@group-F4D747E15FF8->61021d77-0677-40a1-98e7-8ba643935ac0-AppendLogResponseHandler: Failed appendEntries: org.apache.ratis.thirdparty.io.grpc.StatusRuntimeException: UNAVAILABLE: io exception
2019-11-11 04:07:13,861 [grpc-default-executor-2] WARN  server.GrpcLogAppender (LogUtils.java:warn(134)) - 9a305e64-7592-4199-ba7e-8c2223e9b548@group-F4D747E15FF8->f4ab3ec0-fcec-4fb2-8953-e521da90d916-AppendLogResponseHandler: Failed appendEntries: org.apache.ratis.thirdparty.io.grpc.StatusRuntimeException: UNAVAILABLE: io exception
2019-11-11 04:07:13,866 [grpc-default-executor-0] INFO  impl.FollowerInfo (FollowerInfo.java:lambda$new$0(51)) - 9a305e64-7592-4199-ba7e-8c2223e9b548@group-F4D747E15FF8->61021d77-0677-40a1-98e7-8ba643935ac0: nextIndex: updateUnconditionally 0 -> 0
2019-11-11 04:07:13,866 [grpc-default-executor-2] INFO  impl.FollowerInfo (FollowerInfo.java:lambda$new$0(51)) - 9a305e64-7592-4199-ba7e-8c2223e9b548@group-F4D747E15FF8->f4ab3ec0-fcec-4fb2-8953-e521da90d916: nextIndex: updateUnconditionally 48 -> 47
2019-11-11 04:07:14,361 [grpc-default-executor-2] WARN  server.GrpcLogAppender (LogUtils.java:warn(134)) - 9a305e64-7592-4199-ba7e-8c2223e9b548@group-F4D747E15FF8->61021d77-0677-40a1-98e7-8ba643935ac0-AppendLogResponseHandler: Failed appendEntries: org.apache.ratis.thirdparty.io.grpc.StatusRuntimeException: UNAVAILABLE: io exception
2019-11-11 04:07:14,361 [grpc-default-executor-2] INFO  impl.FollowerInfo (FollowerInfo.java:lambda$new$0(51)) - 9a305e64-7592-4199-ba7e-8c2223e9b548@group-F4D747E15FF8->61021d77-0677-40a1-98e7-8ba643935ac0: nextIndex: updateUnconditionally 0 -> 0
2019-11-11 04:07:14,362 [grpc-default-executor-4] WARN  server.GrpcLogAppender (LogUtils.java:warn(134)) - 9a305e64-7592-4199-ba7e-8c2223e9b548@group-F4D747E15FF8->f4ab3ec0-fcec-4fb2-8953-e521da90d916-AppendLogResponseHandler: Failed appendEntries: org.apache.ratis.thirdparty.io.grpc.StatusRuntimeException: UNAVAILABLE: io exception
2019-11-11 04:07:14,362 [grpc-default-executor-4] INFO  impl.FollowerInfo (FollowerInfo.java:lambda$new$0(51)) - 9a305e64-7592-4199-ba7e-8c2223e9b548@group-F4D747E15FF8->f4ab3ec0-fcec-4fb2-8953-e521da90d916: nextIndex: updateUnconditionally 47 -> 46
2019-11-11 04:07:14,605 [Thread-922] INFO  impl.FollowerState (FollowerState.java:run(111)) - 9a305e64-7592-4199-ba7e-8c2223e9b548@group-39D510FFD81F-FollowerState: change to CANDIDATE, lastRpcTime:1065ms, electionTimeout:1064ms
2019-11-11 04:07:14,605 [Thread-922] INFO  impl.RoleInfo (RoleInfo.java:shutdownFollowerState(121)) - 9a305e64-7592-4199-ba7e-8c2223e9b548: shutdown FollowerState
2019-11-11 04:07:14,606 [Thread-922] INFO  impl.RaftServerImpl (RaftServerImpl.java:setRole(173)) - 9a305e64-7592-4199-ba7e-8c2223e9b548@group-39D510FFD81F: changes role from  FOLLOWER to CANDIDATE at term 5 for changeToCandidate
2019-11-11 04:07:14,606 [Thread-922] INFO  impl.RoleInfo (RoleInfo.java:updateAndGet(143)) - 9a305e64-7592-4199-ba7e-8c2223e9b548: start LeaderElection
2019-11-11 04:07:14,621 [9a305e64-7592-4199-ba7e-8c2223e9b548@group-39D510FFD81F-LeaderElection14] INFO  impl.LeaderElection (LeaderElection.java:askForVotes(178)) - 9a305e64-7592-4199-ba7e-8c2223e9b548@group-39D510FFD81F-LeaderElection14: begin an election at term 6 for 1: [61021d77-0677-40a1-98e7-8ba643935ac0:192.168.34.63:35377, 9a305e64-7592-4199-ba7e-8c2223e9b548:192.168.34.63:35969, f4ab3ec0-fcec-4fb2-8953-e521da90d916:192.168.34.63:41296], old=null
2019-11-11 04:07:14,623 [9a305e64-7592-4199-ba7e-8c2223e9b548@group-39D510FFD81F-LeaderElection14] INFO  impl.LeaderElection (LogUtils.java:infoOrTrace(149)) - 9a305e64-7592-4199-ba7e-8c2223e9b548@group-39D510FFD81F-LeaderElection14 got exception when requesting votes: {}
java.util.concurrent.ExecutionException: org.apache.ratis.thirdparty.io.grpc.StatusRuntimeException: UNAVAILABLE: io exception
	at java.util.concurrent.FutureTask.report(FutureTask.java:122)
	at java.util.concurrent.FutureTask.get(FutureTask.java:192)
	at org.apache.ratis.server.impl.LeaderElection.waitForResults(LeaderElection.java:259)
	at org.apache.ratis.server.impl.LeaderElection.askForVotes(LeaderElection.java:197)
	at org.apache.ratis.server.impl.LeaderElection.run(LeaderElection.java:133)
	at java.lang.Thread.run(Thread.java:748)
Caused by: org.apache.ratis.thirdparty.io.grpc.StatusRuntimeException: UNAVAILABLE: io exception
	at org.apache.ratis.thirdparty.io.grpc.stub.ClientCalls.toStatusRuntimeException(ClientCalls.java:233)
	at org.apache.ratis.thirdparty.io.grpc.stub.ClientCalls.getUnchecked(ClientCalls.java:214)
	at org.apache.ratis.thirdparty.io.grpc.stub.ClientCalls.blockingUnaryCall(ClientCalls.java:139)
	at org.apache.ratis.proto.grpc.RaftServerProtocolServiceGrpc$RaftServerProtocolServiceBlockingStub.requestVote(RaftServerProtocolServiceGrpc.java:265)
	at org.apache.ratis.grpc.server.GrpcServerProtocolClient.requestVote(GrpcServerProtocolClient.java:99)
	at org.apache.ratis.grpc.server.GrpcService.requestVote(GrpcService.java:204)
	at org.apache.ratis.server.impl.LeaderElection.lambda$submitRequests$1(LeaderElection.java:234)
	at java.util.concurrent.FutureTask.run(FutureTask.java:266)
	at java.util.concurrent.Executors$RunnableAdapter.call(Executors.java:511)
	at java.util.concurrent.FutureTask.run(FutureTask.java:266)
	at java.util.concurrent.ThreadPoolExecutor.runWorker(ThreadPoolExecutor.java:1149)
	at java.util.concurrent.ThreadPoolExecutor$Worker.run(ThreadPoolExecutor.java:624)
	... 1 more
Caused by: org.apache.ratis.thirdparty.io.netty.channel.AbstractChannel$AnnotatedConnectException: Connection refused: /192.168.34.63:35377
	at sun.nio.ch.SocketChannelImpl.checkConnect(Native Method)
	at sun.nio.ch.SocketChannelImpl.finishConnect(SocketChannelImpl.java:717)
	at org.apache.ratis.thirdparty.io.netty.channel.socket.nio.NioSocketChannel.doFinishConnect(NioSocketChannel.java:327)
	at org.apache.ratis.thirdparty.io.netty.channel.nio.AbstractNioChannel$AbstractNioUnsafe.finishConnect(AbstractNioChannel.java:340)
	at org.apache.ratis.thirdparty.io.netty.channel.nio.NioEventLoop.processSelectedKey(NioEventLoop.java:632)
	at org.apache.ratis.thirdparty.io.netty.channel.nio.NioEventLoop.processSelectedKeysOptimized(NioEventLoop.java:579)
	at org.apache.ratis.thirdparty.io.netty.channel.nio.NioEventLoop.processSelectedKeys(NioEventLoop.java:496)
	at org.apache.ratis.thirdparty.io.netty.channel.nio.NioEventLoop.run(NioEventLoop.java:458)
	at org.apache.ratis.thirdparty.io.netty.util.concurrent.SingleThreadEventExecutor$5.run(SingleThreadEventExecutor.java:897)
	at org.apache.ratis.thirdparty.io.netty.util.concurrent.FastThreadLocalRunnable.run(FastThreadLocalRunnable.java:30)
	... 1 more
Caused by: java.net.ConnectException: Connection refused
	... 11 more
2019-11-11 04:07:14,624 [9a305e64-7592-4199-ba7e-8c2223e9b548@group-39D510FFD81F-LeaderElection14] INFO  impl.LeaderElection (LogUtils.java:infoOrTrace(149)) - 9a305e64-7592-4199-ba7e-8c2223e9b548@group-39D510FFD81F-LeaderElection14 got exception when requesting votes: {}
java.util.concurrent.ExecutionException: org.apache.ratis.thirdparty.io.grpc.StatusRuntimeException: UNAVAILABLE: io exception
	at java.util.concurrent.FutureTask.report(FutureTask.java:122)
	at java.util.concurrent.FutureTask.get(FutureTask.java:192)
	at org.apache.ratis.server.impl.LeaderElection.waitForResults(LeaderElection.java:259)
	at org.apache.ratis.server.impl.LeaderElection.askForVotes(LeaderElection.java:197)
	at org.apache.ratis.server.impl.LeaderElection.run(LeaderElection.java:133)
	at java.lang.Thread.run(Thread.java:748)
Caused by: org.apache.ratis.thirdparty.io.grpc.StatusRuntimeException: UNAVAILABLE: io exception
	at org.apache.ratis.thirdparty.io.grpc.stub.ClientCalls.toStatusRuntimeException(ClientCalls.java:233)
	at org.apache.ratis.thirdparty.io.grpc.stub.ClientCalls.getUnchecked(ClientCalls.java:214)
	at org.apache.ratis.thirdparty.io.grpc.stub.ClientCalls.blockingUnaryCall(ClientCalls.java:139)
	at org.apache.ratis.proto.grpc.RaftServerProtocolServiceGrpc$RaftServerProtocolServiceBlockingStub.requestVote(RaftServerProtocolServiceGrpc.java:265)
	at org.apache.ratis.grpc.server.GrpcServerProtocolClient.requestVote(GrpcServerProtocolClient.java:99)
	at org.apache.ratis.grpc.server.GrpcService.requestVote(GrpcService.java:204)
	at org.apache.ratis.server.impl.LeaderElection.lambda$submitRequests$1(LeaderElection.java:234)
	at java.util.concurrent.FutureTask.run(FutureTask.java:266)
	at java.util.concurrent.Executors$RunnableAdapter.call(Executors.java:511)
	at java.util.concurrent.FutureTask.run(FutureTask.java:266)
	at java.util.concurrent.ThreadPoolExecutor.runWorker(ThreadPoolExecutor.java:1149)
	at java.util.concurrent.ThreadPoolExecutor$Worker.run(ThreadPoolExecutor.java:624)
	... 1 more
Caused by: org.apache.ratis.thirdparty.io.netty.channel.AbstractChannel$AnnotatedConnectException: Connection refused: /192.168.34.63:41296
	at sun.nio.ch.SocketChannelImpl.checkConnect(Native Method)
	at sun.nio.ch.SocketChannelImpl.finishConnect(SocketChannelImpl.java:717)
	at org.apache.ratis.thirdparty.io.netty.channel.socket.nio.NioSocketChannel.doFinishConnect(NioSocketChannel.java:327)
	at org.apache.ratis.thirdparty.io.netty.channel.nio.AbstractNioChannel$AbstractNioUnsafe.finishConnect(AbstractNioChannel.java:340)
	at org.apache.ratis.thirdparty.io.netty.channel.nio.NioEventLoop.processSelectedKey(NioEventLoop.java:632)
	at org.apache.ratis.thirdparty.io.netty.channel.nio.NioEventLoop.processSelectedKeysOptimized(NioEventLoop.java:579)
	at org.apache.ratis.thirdparty.io.netty.channel.nio.NioEventLoop.processSelectedKeys(NioEventLoop.java:496)
	at org.apache.ratis.thirdparty.io.netty.channel.nio.NioEventLoop.run(NioEventLoop.java:458)
	at org.apache.ratis.thirdparty.io.netty.util.concurrent.SingleThreadEventExecutor$5.run(SingleThreadEventExecutor.java:897)
	at org.apache.ratis.thirdparty.io.netty.util.concurrent.FastThreadLocalRunnable.run(FastThreadLocalRunnable.java:30)
	... 1 more
Caused by: java.net.ConnectException: Connection refused
	... 11 more
2019-11-11 04:07:14,626 [9a305e64-7592-4199-ba7e-8c2223e9b548@group-39D510FFD81F-LeaderElection14] INFO  impl.LeaderElection (LeaderElection.java:logAndReturn(56)) - 9a305e64-7592-4199-ba7e-8c2223e9b548@group-39D510FFD81F-LeaderElection14: Election REJECTED; received 0 response(s) [] and 2 exception(s); 9a305e64-7592-4199-ba7e-8c2223e9b548@group-39D510FFD81F:t6, leader=null, voted=9a305e64-7592-4199-ba7e-8c2223e9b548, raftlog=9a305e64-7592-4199-ba7e-8c2223e9b548@group-39D510FFD81F-SegmentedRaftLog:OPENED:c2,f2,i2, conf=1: [61021d77-0677-40a1-98e7-8ba643935ac0:192.168.34.63:35377, 9a305e64-7592-4199-ba7e-8c2223e9b548:192.168.34.63:35969, f4ab3ec0-fcec-4fb2-8953-e521da90d916:192.168.34.63:41296], old=null
2019-11-11 04:07:14,626 [9a305e64-7592-4199-ba7e-8c2223e9b548@group-39D510FFD81F-LeaderElection14] INFO  impl.LeaderElection (LogUtils.java:infoOrTrace(149)) -   Exception 0: {}
java.util.concurrent.ExecutionException: org.apache.ratis.thirdparty.io.grpc.StatusRuntimeException: UNAVAILABLE: io exception
	at java.util.concurrent.FutureTask.report(FutureTask.java:122)
	at java.util.concurrent.FutureTask.get(FutureTask.java:192)
	at org.apache.ratis.server.impl.LeaderElection.waitForResults(LeaderElection.java:259)
	at org.apache.ratis.server.impl.LeaderElection.askForVotes(LeaderElection.java:197)
	at org.apache.ratis.server.impl.LeaderElection.run(LeaderElection.java:133)
	at java.lang.Thread.run(Thread.java:748)
Caused by: org.apache.ratis.thirdparty.io.grpc.StatusRuntimeException: UNAVAILABLE: io exception
	at org.apache.ratis.thirdparty.io.grpc.stub.ClientCalls.toStatusRuntimeException(ClientCalls.java:233)
	at org.apache.ratis.thirdparty.io.grpc.stub.ClientCalls.getUnchecked(ClientCalls.java:214)
	at org.apache.ratis.thirdparty.io.grpc.stub.ClientCalls.blockingUnaryCall(ClientCalls.java:139)
	at org.apache.ratis.proto.grpc.RaftServerProtocolServiceGrpc$RaftServerProtocolServiceBlockingStub.requestVote(RaftServerProtocolServiceGrpc.java:265)
	at org.apache.ratis.grpc.server.GrpcServerProtocolClient.requestVote(GrpcServerProtocolClient.java:99)
	at org.apache.ratis.grpc.server.GrpcService.requestVote(GrpcService.java:204)
	at org.apache.ratis.server.impl.LeaderElection.lambda$submitRequests$1(LeaderElection.java:234)
	at java.util.concurrent.FutureTask.run(FutureTask.java:266)
	at java.util.concurrent.Executors$RunnableAdapter.call(Executors.java:511)
	at java.util.concurrent.FutureTask.run(FutureTask.java:266)
	at java.util.concurrent.ThreadPoolExecutor.runWorker(ThreadPoolExecutor.java:1149)
	at java.util.concurrent.ThreadPoolExecutor$Worker.run(ThreadPoolExecutor.java:624)
	... 1 more
Caused by: org.apache.ratis.thirdparty.io.netty.channel.AbstractChannel$AnnotatedConnectException: Connection refused: /192.168.34.63:35377
	at sun.nio.ch.SocketChannelImpl.checkConnect(Native Method)
	at sun.nio.ch.SocketChannelImpl.finishConnect(SocketChannelImpl.java:717)
	at org.apache.ratis.thirdparty.io.netty.channel.socket.nio.NioSocketChannel.doFinishConnect(NioSocketChannel.java:327)
	at org.apache.ratis.thirdparty.io.netty.channel.nio.AbstractNioChannel$AbstractNioUnsafe.finishConnect(AbstractNioChannel.java:340)
	at org.apache.ratis.thirdparty.io.netty.channel.nio.NioEventLoop.processSelectedKey(NioEventLoop.java:632)
	at org.apache.ratis.thirdparty.io.netty.channel.nio.NioEventLoop.processSelectedKeysOptimized(NioEventLoop.java:579)
	at org.apache.ratis.thirdparty.io.netty.channel.nio.NioEventLoop.processSelectedKeys(NioEventLoop.java:496)
	at org.apache.ratis.thirdparty.io.netty.channel.nio.NioEventLoop.run(NioEventLoop.java:458)
	at org.apache.ratis.thirdparty.io.netty.util.concurrent.SingleThreadEventExecutor$5.run(SingleThreadEventExecutor.java:897)
	at org.apache.ratis.thirdparty.io.netty.util.concurrent.FastThreadLocalRunnable.run(FastThreadLocalRunnable.java:30)
	... 1 more
Caused by: java.net.ConnectException: Connection refused
	... 11 more
2019-11-11 04:07:14,626 [9a305e64-7592-4199-ba7e-8c2223e9b548@group-39D510FFD81F-LeaderElection14] INFO  impl.LeaderElection (LogUtils.java:infoOrTrace(149)) -   Exception 1: {}
java.util.concurrent.ExecutionException: org.apache.ratis.thirdparty.io.grpc.StatusRuntimeException: UNAVAILABLE: io exception
	at java.util.concurrent.FutureTask.report(FutureTask.java:122)
	at java.util.concurrent.FutureTask.get(FutureTask.java:192)
	at org.apache.ratis.server.impl.LeaderElection.waitForResults(LeaderElection.java:259)
	at org.apache.ratis.server.impl.LeaderElection.askForVotes(LeaderElection.java:197)
	at org.apache.ratis.server.impl.LeaderElection.run(LeaderElection.java:133)
	at java.lang.Thread.run(Thread.java:748)
Caused by: org.apache.ratis.thirdparty.io.grpc.StatusRuntimeException: UNAVAILABLE: io exception
	at org.apache.ratis.thirdparty.io.grpc.stub.ClientCalls.toStatusRuntimeException(ClientCalls.java:233)
	at org.apache.ratis.thirdparty.io.grpc.stub.ClientCalls.getUnchecked(ClientCalls.java:214)
	at org.apache.ratis.thirdparty.io.grpc.stub.ClientCalls.blockingUnaryCall(ClientCalls.java:139)
	at org.apache.ratis.proto.grpc.RaftServerProtocolServiceGrpc$RaftServerProtocolServiceBlockingStub.requestVote(RaftServerProtocolServiceGrpc.java:265)
	at org.apache.ratis.grpc.server.GrpcServerProtocolClient.requestVote(GrpcServerProtocolClient.java:99)
	at org.apache.ratis.grpc.server.GrpcService.requestVote(GrpcService.java:204)
	at org.apache.ratis.server.impl.LeaderElection.lambda$submitRequests$1(LeaderElection.java:234)
	at java.util.concurrent.FutureTask.run(FutureTask.java:266)
	at java.util.concurrent.Executors$RunnableAdapter.call(Executors.java:511)
	at java.util.concurrent.FutureTask.run(FutureTask.java:266)
	at java.util.concurrent.ThreadPoolExecutor.runWorker(ThreadPoolExecutor.java:1149)
	at java.util.concurrent.ThreadPoolExecutor$Worker.run(ThreadPoolExecutor.java:624)
	... 1 more
Caused by: org.apache.ratis.thirdparty.io.netty.channel.AbstractChannel$AnnotatedConnectException: Connection refused: /192.168.34.63:41296
	at sun.nio.ch.SocketChannelImpl.checkConnect(Native Method)
	at sun.nio.ch.SocketChannelImpl.finishConnect(SocketChannelImpl.java:717)
	at org.apache.ratis.thirdparty.io.netty.channel.socket.nio.NioSocketChannel.doFinishConnect(NioSocketChannel.java:327)
	at org.apache.ratis.thirdparty.io.netty.channel.nio.AbstractNioChannel$AbstractNioUnsafe.finishConnect(AbstractNioChannel.java:340)
	at org.apache.ratis.thirdparty.io.netty.channel.nio.NioEventLoop.processSelectedKey(NioEventLoop.java:632)
	at org.apache.ratis.thirdparty.io.netty.channel.nio.NioEventLoop.processSelectedKeysOptimized(NioEventLoop.java:579)
	at org.apache.ratis.thirdparty.io.netty.channel.nio.NioEventLoop.processSelectedKeys(NioEventLoop.java:496)
	at org.apache.ratis.thirdparty.io.netty.channel.nio.NioEventLoop.run(NioEventLoop.java:458)
	at org.apache.ratis.thirdparty.io.netty.util.concurrent.SingleThreadEventExecutor$5.run(SingleThreadEventExecutor.java:897)
	at org.apache.ratis.thirdparty.io.netty.util.concurrent.FastThreadLocalRunnable.run(FastThreadLocalRunnable.java:30)
	... 1 more
Caused by: java.net.ConnectException: Connection refused
	... 11 more
2019-11-11 04:07:14,626 [9a305e64-7592-4199-ba7e-8c2223e9b548@group-39D510FFD81F-LeaderElection14] INFO  impl.RaftServerImpl (RaftServerImpl.java:setRole(173)) - 9a305e64-7592-4199-ba7e-8c2223e9b548@group-39D510FFD81F: changes role from CANDIDATE to FOLLOWER at term 6 for DISCOVERED_A_NEW_TERM
2019-11-11 04:07:14,627 [9a305e64-7592-4199-ba7e-8c2223e9b548@group-39D510FFD81F-LeaderElection14] INFO  impl.RoleInfo (RoleInfo.java:shutdownLeaderElection(134)) - 9a305e64-7592-4199-ba7e-8c2223e9b548: shutdown LeaderElection
2019-11-11 04:07:14,627 [9a305e64-7592-4199-ba7e-8c2223e9b548@group-39D510FFD81F-LeaderElection14] INFO  impl.RoleInfo (RoleInfo.java:updateAndGet(143)) - 9a305e64-7592-4199-ba7e-8c2223e9b548: start FollowerState
2019-11-11 04:07:14,860 [grpc-default-executor-0] WARN  server.GrpcLogAppender (LogUtils.java:warn(134)) - 9a305e64-7592-4199-ba7e-8c2223e9b548@group-F4D747E15FF8->61021d77-0677-40a1-98e7-8ba643935ac0-AppendLogResponseHandler: Failed appendEntries: org.apache.ratis.thirdparty.io.grpc.StatusRuntimeException: UNAVAILABLE: io exception
2019-11-11 04:07:14,861 [grpc-default-executor-0] INFO  impl.FollowerInfo (FollowerInfo.java:lambda$new$0(51)) - 9a305e64-7592-4199-ba7e-8c2223e9b548@group-F4D747E15FF8->61021d77-0677-40a1-98e7-8ba643935ac0: nextIndex: updateUnconditionally 0 -> 0
2019-11-11 04:07:14,862 [grpc-default-executor-0] WARN  server.GrpcLogAppender (LogUtils.java:warn(134)) - 9a305e64-7592-4199-ba7e-8c2223e9b548@group-F4D747E15FF8->f4ab3ec0-fcec-4fb2-8953-e521da90d916-AppendLogResponseHandler: Failed appendEntries: org.apache.ratis.thirdparty.io.grpc.StatusRuntimeException: UNAVAILABLE: io exception
2019-11-11 04:07:14,862 [grpc-default-executor-0] INFO  impl.FollowerInfo (FollowerInfo.java:lambda$new$0(51)) - 9a305e64-7592-4199-ba7e-8c2223e9b548@group-F4D747E15FF8->f4ab3ec0-fcec-4fb2-8953-e521da90d916: nextIndex: updateUnconditionally 46 -> 45
2019-11-11 04:07:15,362 [grpc-default-executor-2] WARN  server.GrpcLogAppender (LogUtils.java:warn(134)) - 9a305e64-7592-4199-ba7e-8c2223e9b548@group-F4D747E15FF8->61021d77-0677-40a1-98e7-8ba643935ac0-AppendLogResponseHandler: Failed appendEntries: org.apache.ratis.thirdparty.io.grpc.StatusRuntimeException: UNAVAILABLE: io exception
2019-11-11 04:07:15,362 [grpc-default-executor-2] INFO  impl.FollowerInfo (FollowerInfo.java:lambda$new$0(51)) - 9a305e64-7592-4199-ba7e-8c2223e9b548@group-F4D747E15FF8->61021d77-0677-40a1-98e7-8ba643935ac0: nextIndex: updateUnconditionally 0 -> 0
2019-11-11 04:07:15,363 [grpc-default-executor-5] WARN  server.GrpcLogAppender (LogUtils.java:warn(134)) - 9a305e64-7592-4199-ba7e-8c2223e9b548@group-F4D747E15FF8->f4ab3ec0-fcec-4fb2-8953-e521da90d916-AppendLogResponseHandler: Failed appendEntries: org.apache.ratis.thirdparty.io.grpc.StatusRuntimeException: UNAVAILABLE: io exception
2019-11-11 04:07:15,363 [grpc-default-executor-5] INFO  impl.FollowerInfo (FollowerInfo.java:lambda$new$0(51)) - 9a305e64-7592-4199-ba7e-8c2223e9b548@group-F4D747E15FF8->f4ab3ec0-fcec-4fb2-8953-e521da90d916: nextIndex: updateUnconditionally 45 -> 44
2019-11-11 04:07:15,662 [Thread-928] INFO  impl.FollowerState (FollowerState.java:run(111)) - 9a305e64-7592-4199-ba7e-8c2223e9b548@group-39D510FFD81F-FollowerState: change to CANDIDATE, lastRpcTime:1034ms, electionTimeout:1033ms
2019-11-11 04:07:15,662 [Thread-928] INFO  impl.RoleInfo (RoleInfo.java:shutdownFollowerState(121)) - 9a305e64-7592-4199-ba7e-8c2223e9b548: shutdown FollowerState
2019-11-11 04:07:15,662 [Thread-928] INFO  impl.RaftServerImpl (RaftServerImpl.java:setRole(173)) - 9a305e64-7592-4199-ba7e-8c2223e9b548@group-39D510FFD81F: changes role from  FOLLOWER to CANDIDATE at term 6 for changeToCandidate
2019-11-11 04:07:15,662 [Thread-928] INFO  impl.RoleInfo (RoleInfo.java:updateAndGet(143)) - 9a305e64-7592-4199-ba7e-8c2223e9b548: start LeaderElection
2019-11-11 04:07:15,691 [9a305e64-7592-4199-ba7e-8c2223e9b548@group-39D510FFD81F-LeaderElection15] INFO  impl.LeaderElection (LeaderElection.java:askForVotes(178)) - 9a305e64-7592-4199-ba7e-8c2223e9b548@group-39D510FFD81F-LeaderElection15: begin an election at term 7 for 1: [61021d77-0677-40a1-98e7-8ba643935ac0:192.168.34.63:35377, 9a305e64-7592-4199-ba7e-8c2223e9b548:192.168.34.63:35969, f4ab3ec0-fcec-4fb2-8953-e521da90d916:192.168.34.63:41296], old=null
2019-11-11 04:07:15,694 [9a305e64-7592-4199-ba7e-8c2223e9b548@group-39D510FFD81F-LeaderElection15] INFO  impl.LeaderElection (LogUtils.java:infoOrTrace(149)) - 9a305e64-7592-4199-ba7e-8c2223e9b548@group-39D510FFD81F-LeaderElection15 got exception when requesting votes: {}
java.util.concurrent.ExecutionException: org.apache.ratis.thirdparty.io.grpc.StatusRuntimeException: UNAVAILABLE: io exception
	at java.util.concurrent.FutureTask.report(FutureTask.java:122)
	at java.util.concurrent.FutureTask.get(FutureTask.java:192)
	at org.apache.ratis.server.impl.LeaderElection.waitForResults(LeaderElection.java:259)
	at org.apache.ratis.server.impl.LeaderElection.askForVotes(LeaderElection.java:197)
	at org.apache.ratis.server.impl.LeaderElection.run(LeaderElection.java:133)
	at java.lang.Thread.run(Thread.java:748)
Caused by: org.apache.ratis.thirdparty.io.grpc.StatusRuntimeException: UNAVAILABLE: io exception
	at org.apache.ratis.thirdparty.io.grpc.stub.ClientCalls.toStatusRuntimeException(ClientCalls.java:233)
	at org.apache.ratis.thirdparty.io.grpc.stub.ClientCalls.getUnchecked(ClientCalls.java:214)
	at org.apache.ratis.thirdparty.io.grpc.stub.ClientCalls.blockingUnaryCall(ClientCalls.java:139)
	at org.apache.ratis.proto.grpc.RaftServerProtocolServiceGrpc$RaftServerProtocolServiceBlockingStub.requestVote(RaftServerProtocolServiceGrpc.java:265)
	at org.apache.ratis.grpc.server.GrpcServerProtocolClient.requestVote(GrpcServerProtocolClient.java:99)
	at org.apache.ratis.grpc.server.GrpcService.requestVote(GrpcService.java:204)
	at org.apache.ratis.server.impl.LeaderElection.lambda$submitRequests$1(LeaderElection.java:234)
	at java.util.concurrent.FutureTask.run(FutureTask.java:266)
	at java.util.concurrent.Executors$RunnableAdapter.call(Executors.java:511)
	at java.util.concurrent.FutureTask.run(FutureTask.java:266)
	at java.util.concurrent.ThreadPoolExecutor.runWorker(ThreadPoolExecutor.java:1149)
	at java.util.concurrent.ThreadPoolExecutor$Worker.run(ThreadPoolExecutor.java:624)
	... 1 more
Caused by: org.apache.ratis.thirdparty.io.netty.channel.AbstractChannel$AnnotatedConnectException: Connection refused: /192.168.34.63:35377
	at sun.nio.ch.SocketChannelImpl.checkConnect(Native Method)
	at sun.nio.ch.SocketChannelImpl.finishConnect(SocketChannelImpl.java:717)
	at org.apache.ratis.thirdparty.io.netty.channel.socket.nio.NioSocketChannel.doFinishConnect(NioSocketChannel.java:327)
	at org.apache.ratis.thirdparty.io.netty.channel.nio.AbstractNioChannel$AbstractNioUnsafe.finishConnect(AbstractNioChannel.java:340)
	at org.apache.ratis.thirdparty.io.netty.channel.nio.NioEventLoop.processSelectedKey(NioEventLoop.java:632)
	at org.apache.ratis.thirdparty.io.netty.channel.nio.NioEventLoop.processSelectedKeysOptimized(NioEventLoop.java:579)
	at org.apache.ratis.thirdparty.io.netty.channel.nio.NioEventLoop.processSelectedKeys(NioEventLoop.java:496)
	at org.apache.ratis.thirdparty.io.netty.channel.nio.NioEventLoop.run(NioEventLoop.java:458)
	at org.apache.ratis.thirdparty.io.netty.util.concurrent.SingleThreadEventExecutor$5.run(SingleThreadEventExecutor.java:897)
	at org.apache.ratis.thirdparty.io.netty.util.concurrent.FastThreadLocalRunnable.run(FastThreadLocalRunnable.java:30)
	... 1 more
Caused by: java.net.ConnectException: Connection refused
	... 11 more
2019-11-11 04:07:15,700 [9a305e64-7592-4199-ba7e-8c2223e9b548@group-39D510FFD81F-LeaderElection15] INFO  impl.LeaderElection (LogUtils.java:infoOrTrace(149)) - 9a305e64-7592-4199-ba7e-8c2223e9b548@group-39D510FFD81F-LeaderElection15 got exception when requesting votes: {}
java.util.concurrent.ExecutionException: org.apache.ratis.thirdparty.io.grpc.StatusRuntimeException: UNAVAILABLE: io exception
	at java.util.concurrent.FutureTask.report(FutureTask.java:122)
	at java.util.concurrent.FutureTask.get(FutureTask.java:192)
	at org.apache.ratis.server.impl.LeaderElection.waitForResults(LeaderElection.java:259)
	at org.apache.ratis.server.impl.LeaderElection.askForVotes(LeaderElection.java:197)
	at org.apache.ratis.server.impl.LeaderElection.run(LeaderElection.java:133)
	at java.lang.Thread.run(Thread.java:748)
Caused by: org.apache.ratis.thirdparty.io.grpc.StatusRuntimeException: UNAVAILABLE: io exception
	at org.apache.ratis.thirdparty.io.grpc.stub.ClientCalls.toStatusRuntimeException(ClientCalls.java:233)
	at org.apache.ratis.thirdparty.io.grpc.stub.ClientCalls.getUnchecked(ClientCalls.java:214)
	at org.apache.ratis.thirdparty.io.grpc.stub.ClientCalls.blockingUnaryCall(ClientCalls.java:139)
	at org.apache.ratis.proto.grpc.RaftServerProtocolServiceGrpc$RaftServerProtocolServiceBlockingStub.requestVote(RaftServerProtocolServiceGrpc.java:265)
	at org.apache.ratis.grpc.server.GrpcServerProtocolClient.requestVote(GrpcServerProtocolClient.java:99)
	at org.apache.ratis.grpc.server.GrpcService.requestVote(GrpcService.java:204)
	at org.apache.ratis.server.impl.LeaderElection.lambda$submitRequests$1(LeaderElection.java:234)
	at java.util.concurrent.FutureTask.run(FutureTask.java:266)
	at java.util.concurrent.Executors$RunnableAdapter.call(Executors.java:511)
	at java.util.concurrent.FutureTask.run(FutureTask.java:266)
	at java.util.concurrent.ThreadPoolExecutor.runWorker(ThreadPoolExecutor.java:1149)
	at java.util.concurrent.ThreadPoolExecutor$Worker.run(ThreadPoolExecutor.java:624)
	... 1 more
Caused by: org.apache.ratis.thirdparty.io.netty.channel.AbstractChannel$AnnotatedConnectException: Connection refused: /192.168.34.63:41296
	at sun.nio.ch.SocketChannelImpl.checkConnect(Native Method)
	at sun.nio.ch.SocketChannelImpl.finishConnect(SocketChannelImpl.java:717)
	at org.apache.ratis.thirdparty.io.netty.channel.socket.nio.NioSocketChannel.doFinishConnect(NioSocketChannel.java:327)
	at org.apache.ratis.thirdparty.io.netty.channel.nio.AbstractNioChannel$AbstractNioUnsafe.finishConnect(AbstractNioChannel.java:340)
	at org.apache.ratis.thirdparty.io.netty.channel.nio.NioEventLoop.processSelectedKey(NioEventLoop.java:632)
	at org.apache.ratis.thirdparty.io.netty.channel.nio.NioEventLoop.processSelectedKeysOptimized(NioEventLoop.java:579)
	at org.apache.ratis.thirdparty.io.netty.channel.nio.NioEventLoop.processSelectedKeys(NioEventLoop.java:496)
	at org.apache.ratis.thirdparty.io.netty.channel.nio.NioEventLoop.run(NioEventLoop.java:458)
	at org.apache.ratis.thirdparty.io.netty.util.concurrent.SingleThreadEventExecutor$5.run(SingleThreadEventExecutor.java:897)
	at org.apache.ratis.thirdparty.io.netty.util.concurrent.FastThreadLocalRunnable.run(FastThreadLocalRunnable.java:30)
	... 1 more
Caused by: java.net.ConnectException: Connection refused
	... 11 more
2019-11-11 04:07:15,704 [9a305e64-7592-4199-ba7e-8c2223e9b548@group-39D510FFD81F-LeaderElection15] INFO  impl.LeaderElection (LeaderElection.java:logAndReturn(56)) - 9a305e64-7592-4199-ba7e-8c2223e9b548@group-39D510FFD81F-LeaderElection15: Election REJECTED; received 0 response(s) [] and 2 exception(s); 9a305e64-7592-4199-ba7e-8c2223e9b548@group-39D510FFD81F:t7, leader=null, voted=9a305e64-7592-4199-ba7e-8c2223e9b548, raftlog=9a305e64-7592-4199-ba7e-8c2223e9b548@group-39D510FFD81F-SegmentedRaftLog:OPENED:c2,f2,i2, conf=1: [61021d77-0677-40a1-98e7-8ba643935ac0:192.168.34.63:35377, 9a305e64-7592-4199-ba7e-8c2223e9b548:192.168.34.63:35969, f4ab3ec0-fcec-4fb2-8953-e521da90d916:192.168.34.63:41296], old=null
2019-11-11 04:07:15,704 [9a305e64-7592-4199-ba7e-8c2223e9b548@group-39D510FFD81F-LeaderElection15] INFO  impl.LeaderElection (LogUtils.java:infoOrTrace(149)) -   Exception 0: {}
java.util.concurrent.ExecutionException: org.apache.ratis.thirdparty.io.grpc.StatusRuntimeException: UNAVAILABLE: io exception
	at java.util.concurrent.FutureTask.report(FutureTask.java:122)
	at java.util.concurrent.FutureTask.get(FutureTask.java:192)
	at org.apache.ratis.server.impl.LeaderElection.waitForResults(LeaderElection.java:259)
	at org.apache.ratis.server.impl.LeaderElection.askForVotes(LeaderElection.java:197)
	at org.apache.ratis.server.impl.LeaderElection.run(LeaderElection.java:133)
	at java.lang.Thread.run(Thread.java:748)
Caused by: org.apache.ratis.thirdparty.io.grpc.StatusRuntimeException: UNAVAILABLE: io exception
	at org.apache.ratis.thirdparty.io.grpc.stub.ClientCalls.toStatusRuntimeException(ClientCalls.java:233)
	at org.apache.ratis.thirdparty.io.grpc.stub.ClientCalls.getUnchecked(ClientCalls.java:214)
	at org.apache.ratis.thirdparty.io.grpc.stub.ClientCalls.blockingUnaryCall(ClientCalls.java:139)
	at org.apache.ratis.proto.grpc.RaftServerProtocolServiceGrpc$RaftServerProtocolServiceBlockingStub.requestVote(RaftServerProtocolServiceGrpc.java:265)
	at org.apache.ratis.grpc.server.GrpcServerProtocolClient.requestVote(GrpcServerProtocolClient.java:99)
	at org.apache.ratis.grpc.server.GrpcService.requestVote(GrpcService.java:204)
	at org.apache.ratis.server.impl.LeaderElection.lambda$submitRequests$1(LeaderElection.java:234)
	at java.util.concurrent.FutureTask.run(FutureTask.java:266)
	at java.util.concurrent.Executors$RunnableAdapter.call(Executors.java:511)
	at java.util.concurrent.FutureTask.run(FutureTask.java:266)
	at java.util.concurrent.ThreadPoolExecutor.runWorker(ThreadPoolExecutor.java:1149)
	at java.util.concurrent.ThreadPoolExecutor$Worker.run(ThreadPoolExecutor.java:624)
	... 1 more
Caused by: org.apache.ratis.thirdparty.io.netty.channel.AbstractChannel$AnnotatedConnectException: Connection refused: /192.168.34.63:35377
	at sun.nio.ch.SocketChannelImpl.checkConnect(Native Method)
	at sun.nio.ch.SocketChannelImpl.finishConnect(SocketChannelImpl.java:717)
	at org.apache.ratis.thirdparty.io.netty.channel.socket.nio.NioSocketChannel.doFinishConnect(NioSocketChannel.java:327)
	at org.apache.ratis.thirdparty.io.netty.channel.nio.AbstractNioChannel$AbstractNioUnsafe.finishConnect(AbstractNioChannel.java:340)
	at org.apache.ratis.thirdparty.io.netty.channel.nio.NioEventLoop.processSelectedKey(NioEventLoop.java:632)
	at org.apache.ratis.thirdparty.io.netty.channel.nio.NioEventLoop.processSelectedKeysOptimized(NioEventLoop.java:579)
	at org.apache.ratis.thirdparty.io.netty.channel.nio.NioEventLoop.processSelectedKeys(NioEventLoop.java:496)
	at org.apache.ratis.thirdparty.io.netty.channel.nio.NioEventLoop.run(NioEventLoop.java:458)
	at org.apache.ratis.thirdparty.io.netty.util.concurrent.SingleThreadEventExecutor$5.run(SingleThreadEventExecutor.java:897)
	at org.apache.ratis.thirdparty.io.netty.util.concurrent.FastThreadLocalRunnable.run(FastThreadLocalRunnable.java:30)
	... 1 more
Caused by: java.net.ConnectException: Connection refused
	... 11 more
2019-11-11 04:07:15,704 [9a305e64-7592-4199-ba7e-8c2223e9b548@group-39D510FFD81F-LeaderElection15] INFO  impl.LeaderElection (LogUtils.java:infoOrTrace(149)) -   Exception 1: {}
java.util.concurrent.ExecutionException: org.apache.ratis.thirdparty.io.grpc.StatusRuntimeException: UNAVAILABLE: io exception
	at java.util.concurrent.FutureTask.report(FutureTask.java:122)
	at java.util.concurrent.FutureTask.get(FutureTask.java:192)
	at org.apache.ratis.server.impl.LeaderElection.waitForResults(LeaderElection.java:259)
	at org.apache.ratis.server.impl.LeaderElection.askForVotes(LeaderElection.java:197)
	at org.apache.ratis.server.impl.LeaderElection.run(LeaderElection.java:133)
	at java.lang.Thread.run(Thread.java:748)
Caused by: org.apache.ratis.thirdparty.io.grpc.StatusRuntimeException: UNAVAILABLE: io exception
	at org.apache.ratis.thirdparty.io.grpc.stub.ClientCalls.toStatusRuntimeException(ClientCalls.java:233)
	at org.apache.ratis.thirdparty.io.grpc.stub.ClientCalls.getUnchecked(ClientCalls.java:214)
	at org.apache.ratis.thirdparty.io.grpc.stub.ClientCalls.blockingUnaryCall(ClientCalls.java:139)
	at org.apache.ratis.proto.grpc.RaftServerProtocolServiceGrpc$RaftServerProtocolServiceBlockingStub.requestVote(RaftServerProtocolServiceGrpc.java:265)
	at org.apache.ratis.grpc.server.GrpcServerProtocolClient.requestVote(GrpcServerProtocolClient.java:99)
	at org.apache.ratis.grpc.server.GrpcService.requestVote(GrpcService.java:204)
	at org.apache.ratis.server.impl.LeaderElection.lambda$submitRequests$1(LeaderElection.java:234)
	at java.util.concurrent.FutureTask.run(FutureTask.java:266)
	at java.util.concurrent.Executors$RunnableAdapter.call(Executors.java:511)
	at java.util.concurrent.FutureTask.run(FutureTask.java:266)
	at java.util.concurrent.ThreadPoolExecutor.runWorker(ThreadPoolExecutor.java:1149)
	at java.util.concurrent.ThreadPoolExecutor$Worker.run(ThreadPoolExecutor.java:624)
	... 1 more
Caused by: org.apache.ratis.thirdparty.io.netty.channel.AbstractChannel$AnnotatedConnectException: Connection refused: /192.168.34.63:41296
	at sun.nio.ch.SocketChannelImpl.checkConnect(Native Method)
	at sun.nio.ch.SocketChannelImpl.finishConnect(SocketChannelImpl.java:717)
	at org.apache.ratis.thirdparty.io.netty.channel.socket.nio.NioSocketChannel.doFinishConnect(NioSocketChannel.java:327)
	at org.apache.ratis.thirdparty.io.netty.channel.nio.AbstractNioChannel$AbstractNioUnsafe.finishConnect(AbstractNioChannel.java:340)
	at org.apache.ratis.thirdparty.io.netty.channel.nio.NioEventLoop.processSelectedKey(NioEventLoop.java:632)
	at org.apache.ratis.thirdparty.io.netty.channel.nio.NioEventLoop.processSelectedKeysOptimized(NioEventLoop.java:579)
	at org.apache.ratis.thirdparty.io.netty.channel.nio.NioEventLoop.processSelectedKeys(NioEventLoop.java:496)
	at org.apache.ratis.thirdparty.io.netty.channel.nio.NioEventLoop.run(NioEventLoop.java:458)
	at org.apache.ratis.thirdparty.io.netty.util.concurrent.SingleThreadEventExecutor$5.run(SingleThreadEventExecutor.java:897)
	at org.apache.ratis.thirdparty.io.netty.util.concurrent.FastThreadLocalRunnable.run(FastThreadLocalRunnable.java:30)
	... 1 more
Caused by: java.net.ConnectException: Connection refused
	... 11 more
2019-11-11 04:07:15,706 [9a305e64-7592-4199-ba7e-8c2223e9b548@group-39D510FFD81F-LeaderElection15] INFO  impl.RaftServerImpl (RaftServerImpl.java:setRole(173)) - 9a305e64-7592-4199-ba7e-8c2223e9b548@group-39D510FFD81F: changes role from CANDIDATE to FOLLOWER at term 7 for DISCOVERED_A_NEW_TERM
2019-11-11 04:07:15,707 [9a305e64-7592-4199-ba7e-8c2223e9b548@group-39D510FFD81F-LeaderElection15] INFO  impl.RoleInfo (RoleInfo.java:shutdownLeaderElection(134)) - 9a305e64-7592-4199-ba7e-8c2223e9b548: shutdown LeaderElection
2019-11-11 04:07:15,707 [9a305e64-7592-4199-ba7e-8c2223e9b548@group-39D510FFD81F-LeaderElection15] INFO  impl.RoleInfo (RoleInfo.java:updateAndGet(143)) - 9a305e64-7592-4199-ba7e-8c2223e9b548: start FollowerState
2019-11-11 04:07:15,861 [grpc-default-executor-2] WARN  server.GrpcLogAppender (LogUtils.java:warn(134)) - 9a305e64-7592-4199-ba7e-8c2223e9b548@group-F4D747E15FF8->61021d77-0677-40a1-98e7-8ba643935ac0-AppendLogResponseHandler: Failed appendEntries: org.apache.ratis.thirdparty.io.grpc.StatusRuntimeException: UNAVAILABLE: io exception
2019-11-11 04:07:15,862 [grpc-default-executor-2] INFO  impl.FollowerInfo (FollowerInfo.java:lambda$new$0(51)) - 9a305e64-7592-4199-ba7e-8c2223e9b548@group-F4D747E15FF8->61021d77-0677-40a1-98e7-8ba643935ac0: nextIndex: updateUnconditionally 0 -> 0
2019-11-11 04:07:15,862 [grpc-default-executor-2] WARN  server.GrpcLogAppender (LogUtils.java:warn(134)) - 9a305e64-7592-4199-ba7e-8c2223e9b548@group-F4D747E15FF8->f4ab3ec0-fcec-4fb2-8953-e521da90d916-AppendLogResponseHandler: Failed appendEntries: org.apache.ratis.thirdparty.io.grpc.StatusRuntimeException: UNAVAILABLE: io exception
2019-11-11 04:07:15,862 [grpc-default-executor-2] INFO  impl.FollowerInfo (FollowerInfo.java:lambda$new$0(51)) - 9a305e64-7592-4199-ba7e-8c2223e9b548@group-F4D747E15FF8->f4ab3ec0-fcec-4fb2-8953-e521da90d916: nextIndex: updateUnconditionally 44 -> 43
2019-11-11 04:07:16,363 [grpc-default-executor-4] WARN  server.GrpcLogAppender (LogUtils.java:warn(134)) - 9a305e64-7592-4199-ba7e-8c2223e9b548@group-F4D747E15FF8->61021d77-0677-40a1-98e7-8ba643935ac0-AppendLogResponseHandler: Failed appendEntries: org.apache.ratis.thirdparty.io.grpc.StatusRuntimeException: UNAVAILABLE: io exception
2019-11-11 04:07:16,364 [grpc-default-executor-4] INFO  impl.FollowerInfo (FollowerInfo.java:lambda$new$0(51)) - 9a305e64-7592-4199-ba7e-8c2223e9b548@group-F4D747E15FF8->61021d77-0677-40a1-98e7-8ba643935ac0: nextIndex: updateUnconditionally 0 -> 0
2019-11-11 04:07:16,364 [grpc-default-executor-2] WARN  server.GrpcLogAppender (LogUtils.java:warn(134)) - 9a305e64-7592-4199-ba7e-8c2223e9b548@group-F4D747E15FF8->f4ab3ec0-fcec-4fb2-8953-e521da90d916-AppendLogResponseHandler: Failed appendEntries: org.apache.ratis.thirdparty.io.grpc.StatusRuntimeException: UNAVAILABLE: io exception
2019-11-11 04:07:16,364 [grpc-default-executor-2] INFO  impl.FollowerInfo (FollowerInfo.java:lambda$new$0(51)) - 9a305e64-7592-4199-ba7e-8c2223e9b548@group-F4D747E15FF8->f4ab3ec0-fcec-4fb2-8953-e521da90d916: nextIndex: updateUnconditionally 43 -> 42
2019-11-11 04:07:16,839 [Thread-933] INFO  impl.FollowerState (FollowerState.java:run(111)) - 9a305e64-7592-4199-ba7e-8c2223e9b548@group-39D510FFD81F-FollowerState: change to CANDIDATE, lastRpcTime:1132ms, electionTimeout:1131ms
2019-11-11 04:07:16,839 [Thread-933] INFO  impl.RoleInfo (RoleInfo.java:shutdownFollowerState(121)) - 9a305e64-7592-4199-ba7e-8c2223e9b548: shutdown FollowerState
2019-11-11 04:07:16,839 [Thread-933] INFO  impl.RaftServerImpl (RaftServerImpl.java:setRole(173)) - 9a305e64-7592-4199-ba7e-8c2223e9b548@group-39D510FFD81F: changes role from  FOLLOWER to CANDIDATE at term 7 for changeToCandidate
2019-11-11 04:07:16,840 [Thread-933] INFO  impl.RoleInfo (RoleInfo.java:updateAndGet(143)) - 9a305e64-7592-4199-ba7e-8c2223e9b548: start LeaderElection
2019-11-11 04:07:16,855 [9a305e64-7592-4199-ba7e-8c2223e9b548@group-39D510FFD81F-LeaderElection16] INFO  impl.LeaderElection (LeaderElection.java:askForVotes(178)) - 9a305e64-7592-4199-ba7e-8c2223e9b548@group-39D510FFD81F-LeaderElection16: begin an election at term 8 for 1: [61021d77-0677-40a1-98e7-8ba643935ac0:192.168.34.63:35377, 9a305e64-7592-4199-ba7e-8c2223e9b548:192.168.34.63:35969, f4ab3ec0-fcec-4fb2-8953-e521da90d916:192.168.34.63:41296], old=null
2019-11-11 04:07:16,858 [9a305e64-7592-4199-ba7e-8c2223e9b548@group-39D510FFD81F-LeaderElection16] INFO  impl.LeaderElection (LogUtils.java:infoOrTrace(149)) - 9a305e64-7592-4199-ba7e-8c2223e9b548@group-39D510FFD81F-LeaderElection16 got exception when requesting votes: {}
java.util.concurrent.ExecutionException: org.apache.ratis.thirdparty.io.grpc.StatusRuntimeException: UNAVAILABLE: io exception
	at java.util.concurrent.FutureTask.report(FutureTask.java:122)
	at java.util.concurrent.FutureTask.get(FutureTask.java:192)
	at org.apache.ratis.server.impl.LeaderElection.waitForResults(LeaderElection.java:259)
	at org.apache.ratis.server.impl.LeaderElection.askForVotes(LeaderElection.java:197)
	at org.apache.ratis.server.impl.LeaderElection.run(LeaderElection.java:133)
	at java.lang.Thread.run(Thread.java:748)
Caused by: org.apache.ratis.thirdparty.io.grpc.StatusRuntimeException: UNAVAILABLE: io exception
	at org.apache.ratis.thirdparty.io.grpc.stub.ClientCalls.toStatusRuntimeException(ClientCalls.java:233)
	at org.apache.ratis.thirdparty.io.grpc.stub.ClientCalls.getUnchecked(ClientCalls.java:214)
	at org.apache.ratis.thirdparty.io.grpc.stub.ClientCalls.blockingUnaryCall(ClientCalls.java:139)
	at org.apache.ratis.proto.grpc.RaftServerProtocolServiceGrpc$RaftServerProtocolServiceBlockingStub.requestVote(RaftServerProtocolServiceGrpc.java:265)
	at org.apache.ratis.grpc.server.GrpcServerProtocolClient.requestVote(GrpcServerProtocolClient.java:99)
	at org.apache.ratis.grpc.server.GrpcService.requestVote(GrpcService.java:204)
	at org.apache.ratis.server.impl.LeaderElection.lambda$submitRequests$1(LeaderElection.java:234)
	at java.util.concurrent.FutureTask.run(FutureTask.java:266)
	at java.util.concurrent.Executors$RunnableAdapter.call(Executors.java:511)
	at java.util.concurrent.FutureTask.run(FutureTask.java:266)
	at java.util.concurrent.ThreadPoolExecutor.runWorker(ThreadPoolExecutor.java:1149)
	at java.util.concurrent.ThreadPoolExecutor$Worker.run(ThreadPoolExecutor.java:624)
	... 1 more
Caused by: org.apache.ratis.thirdparty.io.netty.channel.AbstractChannel$AnnotatedConnectException: Connection refused: /192.168.34.63:35377
	at sun.nio.ch.SocketChannelImpl.checkConnect(Native Method)
	at sun.nio.ch.SocketChannelImpl.finishConnect(SocketChannelImpl.java:717)
	at org.apache.ratis.thirdparty.io.netty.channel.socket.nio.NioSocketChannel.doFinishConnect(NioSocketChannel.java:327)
	at org.apache.ratis.thirdparty.io.netty.channel.nio.AbstractNioChannel$AbstractNioUnsafe.finishConnect(AbstractNioChannel.java:340)
	at org.apache.ratis.thirdparty.io.netty.channel.nio.NioEventLoop.processSelectedKey(NioEventLoop.java:632)
	at org.apache.ratis.thirdparty.io.netty.channel.nio.NioEventLoop.processSelectedKeysOptimized(NioEventLoop.java:579)
	at org.apache.ratis.thirdparty.io.netty.channel.nio.NioEventLoop.processSelectedKeys(NioEventLoop.java:496)
	at org.apache.ratis.thirdparty.io.netty.channel.nio.NioEventLoop.run(NioEventLoop.java:458)
	at org.apache.ratis.thirdparty.io.netty.util.concurrent.SingleThreadEventExecutor$5.run(SingleThreadEventExecutor.java:897)
	at org.apache.ratis.thirdparty.io.netty.util.concurrent.FastThreadLocalRunnable.run(FastThreadLocalRunnable.java:30)
	... 1 more
Caused by: java.net.ConnectException: Connection refused
	... 11 more
2019-11-11 04:07:16,860 [9a305e64-7592-4199-ba7e-8c2223e9b548@group-39D510FFD81F-LeaderElection16] INFO  impl.LeaderElection (LogUtils.java:infoOrTrace(149)) - 9a305e64-7592-4199-ba7e-8c2223e9b548@group-39D510FFD81F-LeaderElection16 got exception when requesting votes: {}
java.util.concurrent.ExecutionException: org.apache.ratis.thirdparty.io.grpc.StatusRuntimeException: UNAVAILABLE: io exception
	at java.util.concurrent.FutureTask.report(FutureTask.java:122)
	at java.util.concurrent.FutureTask.get(FutureTask.java:192)
	at org.apache.ratis.server.impl.LeaderElection.waitForResults(LeaderElection.java:259)
	at org.apache.ratis.server.impl.LeaderElection.askForVotes(LeaderElection.java:197)
	at org.apache.ratis.server.impl.LeaderElection.run(LeaderElection.java:133)
	at java.lang.Thread.run(Thread.java:748)
Caused by: org.apache.ratis.thirdparty.io.grpc.StatusRuntimeException: UNAVAILABLE: io exception
	at org.apache.ratis.thirdparty.io.grpc.stub.ClientCalls.toStatusRuntimeException(ClientCalls.java:233)
	at org.apache.ratis.thirdparty.io.grpc.stub.ClientCalls.getUnchecked(ClientCalls.java:214)
	at org.apache.ratis.thirdparty.io.grpc.stub.ClientCalls.blockingUnaryCall(ClientCalls.java:139)
	at org.apache.ratis.proto.grpc.RaftServerProtocolServiceGrpc$RaftServerProtocolServiceBlockingStub.requestVote(RaftServerProtocolServiceGrpc.java:265)
	at org.apache.ratis.grpc.server.GrpcServerProtocolClient.requestVote(GrpcServerProtocolClient.java:99)
	at org.apache.ratis.grpc.server.GrpcService.requestVote(GrpcService.java:204)
	at org.apache.ratis.server.impl.LeaderElection.lambda$submitRequests$1(LeaderElection.java:234)
	at java.util.concurrent.FutureTask.run(FutureTask.java:266)
	at java.util.concurrent.Executors$RunnableAdapter.call(Executors.java:511)
	at java.util.concurrent.FutureTask.run(FutureTask.java:266)
	at java.util.concurrent.ThreadPoolExecutor.runWorker(ThreadPoolExecutor.java:1149)
	at java.util.concurrent.ThreadPoolExecutor$Worker.run(ThreadPoolExecutor.java:624)
	... 1 more
Caused by: org.apache.ratis.thirdparty.io.netty.channel.AbstractChannel$AnnotatedConnectException: Connection refused: /192.168.34.63:41296
	at sun.nio.ch.SocketChannelImpl.checkConnect(Native Method)
	at sun.nio.ch.SocketChannelImpl.finishConnect(SocketChannelImpl.java:717)
	at org.apache.ratis.thirdparty.io.netty.channel.socket.nio.NioSocketChannel.doFinishConnect(NioSocketChannel.java:327)
	at org.apache.ratis.thirdparty.io.netty.channel.nio.AbstractNioChannel$AbstractNioUnsafe.finishConnect(AbstractNioChannel.java:340)
	at org.apache.ratis.thirdparty.io.netty.channel.nio.NioEventLoop.processSelectedKey(NioEventLoop.java:632)
	at org.apache.ratis.thirdparty.io.netty.channel.nio.NioEventLoop.processSelectedKeysOptimized(NioEventLoop.java:579)
	at org.apache.ratis.thirdparty.io.netty.channel.nio.NioEventLoop.processSelectedKeys(NioEventLoop.java:496)
	at org.apache.ratis.thirdparty.io.netty.channel.nio.NioEventLoop.run(NioEventLoop.java:458)
	at org.apache.ratis.thirdparty.io.netty.util.concurrent.SingleThreadEventExecutor$5.run(SingleThreadEventExecutor.java:897)
	at org.apache.ratis.thirdparty.io.netty.util.concurrent.FastThreadLocalRunnable.run(FastThreadLocalRunnable.java:30)
	... 1 more
Caused by: java.net.ConnectException: Connection refused
	... 11 more
2019-11-11 04:07:16,861 [9a305e64-7592-4199-ba7e-8c2223e9b548@group-39D510FFD81F-LeaderElection16] INFO  impl.LeaderElection (LeaderElection.java:logAndReturn(56)) - 9a305e64-7592-4199-ba7e-8c2223e9b548@group-39D510FFD81F-LeaderElection16: Election REJECTED; received 0 response(s) [] and 2 exception(s); 9a305e64-7592-4199-ba7e-8c2223e9b548@group-39D510FFD81F:t8, leader=null, voted=9a305e64-7592-4199-ba7e-8c2223e9b548, raftlog=9a305e64-7592-4199-ba7e-8c2223e9b548@group-39D510FFD81F-SegmentedRaftLog:OPENED:c2,f2,i2, conf=1: [61021d77-0677-40a1-98e7-8ba643935ac0:192.168.34.63:35377, 9a305e64-7592-4199-ba7e-8c2223e9b548:192.168.34.63:35969, f4ab3ec0-fcec-4fb2-8953-e521da90d916:192.168.34.63:41296], old=null
2019-11-11 04:07:16,861 [9a305e64-7592-4199-ba7e-8c2223e9b548@group-39D510FFD81F-LeaderElection16] INFO  impl.LeaderElection (LogUtils.java:infoOrTrace(149)) -   Exception 0: {}
java.util.concurrent.ExecutionException: org.apache.ratis.thirdparty.io.grpc.StatusRuntimeException: UNAVAILABLE: io exception
	at java.util.concurrent.FutureTask.report(FutureTask.java:122)
	at java.util.concurrent.FutureTask.get(FutureTask.java:192)
	at org.apache.ratis.server.impl.LeaderElection.waitForResults(LeaderElection.java:259)
	at org.apache.ratis.server.impl.LeaderElection.askForVotes(LeaderElection.java:197)
	at org.apache.ratis.server.impl.LeaderElection.run(LeaderElection.java:133)
	at java.lang.Thread.run(Thread.java:748)
Caused by: org.apache.ratis.thirdparty.io.grpc.StatusRuntimeException: UNAVAILABLE: io exception
	at org.apache.ratis.thirdparty.io.grpc.stub.ClientCalls.toStatusRuntimeException(ClientCalls.java:233)
	at org.apache.ratis.thirdparty.io.grpc.stub.ClientCalls.getUnchecked(ClientCalls.java:214)
	at org.apache.ratis.thirdparty.io.grpc.stub.ClientCalls.blockingUnaryCall(ClientCalls.java:139)
	at org.apache.ratis.proto.grpc.RaftServerProtocolServiceGrpc$RaftServerProtocolServiceBlockingStub.requestVote(RaftServerProtocolServiceGrpc.java:265)
	at org.apache.ratis.grpc.server.GrpcServerProtocolClient.requestVote(GrpcServerProtocolClient.java:99)
	at org.apache.ratis.grpc.server.GrpcService.requestVote(GrpcService.java:204)
	at org.apache.ratis.server.impl.LeaderElection.lambda$submitRequests$1(LeaderElection.java:234)
	at java.util.concurrent.FutureTask.run(FutureTask.java:266)
	at java.util.concurrent.Executors$RunnableAdapter.call(Executors.java:511)
	at java.util.concurrent.FutureTask.run(FutureTask.java:266)
	at java.util.concurrent.ThreadPoolExecutor.runWorker(ThreadPoolExecutor.java:1149)
	at java.util.concurrent.ThreadPoolExecutor$Worker.run(ThreadPoolExecutor.java:624)
	... 1 more
Caused by: org.apache.ratis.thirdparty.io.netty.channel.AbstractChannel$AnnotatedConnectException: Connection refused: /192.168.34.63:35377
	at sun.nio.ch.SocketChannelImpl.checkConnect(Native Method)
	at sun.nio.ch.SocketChannelImpl.finishConnect(SocketChannelImpl.java:717)
	at org.apache.ratis.thirdparty.io.netty.channel.socket.nio.NioSocketChannel.doFinishConnect(NioSocketChannel.java:327)
	at org.apache.ratis.thirdparty.io.netty.channel.nio.AbstractNioChannel$AbstractNioUnsafe.finishConnect(AbstractNioChannel.java:340)
	at org.apache.ratis.thirdparty.io.netty.channel.nio.NioEventLoop.processSelectedKey(NioEventLoop.java:632)
	at org.apache.ratis.thirdparty.io.netty.channel.nio.NioEventLoop.processSelectedKeysOptimized(NioEventLoop.java:579)
	at org.apache.ratis.thirdparty.io.netty.channel.nio.NioEventLoop.processSelectedKeys(NioEventLoop.java:496)
	at org.apache.ratis.thirdparty.io.netty.channel.nio.NioEventLoop.run(NioEventLoop.java:458)
	at org.apache.ratis.thirdparty.io.netty.util.concurrent.SingleThreadEventExecutor$5.run(SingleThreadEventExecutor.java:897)
	at org.apache.ratis.thirdparty.io.netty.util.concurrent.FastThreadLocalRunnable.run(FastThreadLocalRunnable.java:30)
	... 1 more
Caused by: java.net.ConnectException: Connection refused
	... 11 more
2019-11-11 04:07:16,861 [9a305e64-7592-4199-ba7e-8c2223e9b548@group-39D510FFD81F-LeaderElection16] INFO  impl.LeaderElection (LogUtils.java:infoOrTrace(149)) -   Exception 1: {}
java.util.concurrent.ExecutionException: org.apache.ratis.thirdparty.io.grpc.StatusRuntimeException: UNAVAILABLE: io exception
	at java.util.concurrent.FutureTask.report(FutureTask.java:122)
	at java.util.concurrent.FutureTask.get(FutureTask.java:192)
	at org.apache.ratis.server.impl.LeaderElection.waitForResults(LeaderElection.java:259)
	at org.apache.ratis.server.impl.LeaderElection.askForVotes(LeaderElection.java:197)
	at org.apache.ratis.server.impl.LeaderElection.run(LeaderElection.java:133)
	at java.lang.Thread.run(Thread.java:748)
Caused by: org.apache.ratis.thirdparty.io.grpc.StatusRuntimeException: UNAVAILABLE: io exception
	at org.apache.ratis.thirdparty.io.grpc.stub.ClientCalls.toStatusRuntimeException(ClientCalls.java:233)
	at org.apache.ratis.thirdparty.io.grpc.stub.ClientCalls.getUnchecked(ClientCalls.java:214)
	at org.apache.ratis.thirdparty.io.grpc.stub.ClientCalls.blockingUnaryCall(ClientCalls.java:139)
	at org.apache.ratis.proto.grpc.RaftServerProtocolServiceGrpc$RaftServerProtocolServiceBlockingStub.requestVote(RaftServerProtocolServiceGrpc.java:265)
	at org.apache.ratis.grpc.server.GrpcServerProtocolClient.requestVote(GrpcServerProtocolClient.java:99)
	at org.apache.ratis.grpc.server.GrpcService.requestVote(GrpcService.java:204)
	at org.apache.ratis.server.impl.LeaderElection.lambda$submitRequests$1(LeaderElection.java:234)
	at java.util.concurrent.FutureTask.run(FutureTask.java:266)
	at java.util.concurrent.Executors$RunnableAdapter.call(Executors.java:511)
	at java.util.concurrent.FutureTask.run(FutureTask.java:266)
	at java.util.concurrent.ThreadPoolExecutor.runWorker(ThreadPoolExecutor.java:1149)
	at java.util.concurrent.ThreadPoolExecutor$Worker.run(ThreadPoolExecutor.java:624)
	... 1 more
Caused by: org.apache.ratis.thirdparty.io.netty.channel.AbstractChannel$AnnotatedConnectException: Connection refused: /192.168.34.63:41296
	at sun.nio.ch.SocketChannelImpl.checkConnect(Native Method)
	at sun.nio.ch.SocketChannelImpl.finishConnect(SocketChannelImpl.java:717)
	at org.apache.ratis.thirdparty.io.netty.channel.socket.nio.NioSocketChannel.doFinishConnect(NioSocketChannel.java:327)
	at org.apache.ratis.thirdparty.io.netty.channel.nio.AbstractNioChannel$AbstractNioUnsafe.finishConnect(AbstractNioChannel.java:340)
	at org.apache.ratis.thirdparty.io.netty.channel.nio.NioEventLoop.processSelectedKey(NioEventLoop.java:632)
	at org.apache.ratis.thirdparty.io.netty.channel.nio.NioEventLoop.processSelectedKeysOptimized(NioEventLoop.java:579)
	at org.apache.ratis.thirdparty.io.netty.channel.nio.NioEventLoop.processSelectedKeys(NioEventLoop.java:496)
	at org.apache.ratis.thirdparty.io.netty.channel.nio.NioEventLoop.run(NioEventLoop.java:458)
	at org.apache.ratis.thirdparty.io.netty.util.concurrent.SingleThreadEventExecutor$5.run(SingleThreadEventExecutor.java:897)
	at org.apache.ratis.thirdparty.io.netty.util.concurrent.FastThreadLocalRunnable.run(FastThreadLocalRunnable.java:30)
	... 1 more
Caused by: java.net.ConnectException: Connection refused
	... 11 more
2019-11-11 04:07:16,862 [9a305e64-7592-4199-ba7e-8c2223e9b548@group-39D510FFD81F-LeaderElection16] INFO  impl.RaftServerImpl (RaftServerImpl.java:setRole(173)) - 9a305e64-7592-4199-ba7e-8c2223e9b548@group-39D510FFD81F: changes role from CANDIDATE to FOLLOWER at term 8 for DISCOVERED_A_NEW_TERM
2019-11-11 04:07:16,868 [9a305e64-7592-4199-ba7e-8c2223e9b548@group-39D510FFD81F-LeaderElection16] INFO  impl.RoleInfo (RoleInfo.java:shutdownLeaderElection(134)) - 9a305e64-7592-4199-ba7e-8c2223e9b548: shutdown LeaderElection
2019-11-11 04:07:16,868 [grpc-default-executor-4] WARN  server.GrpcLogAppender (LogUtils.java:warn(134)) - 9a305e64-7592-4199-ba7e-8c2223e9b548@group-F4D747E15FF8->f4ab3ec0-fcec-4fb2-8953-e521da90d916-AppendLogResponseHandler: Failed appendEntries: org.apache.ratis.thirdparty.io.grpc.StatusRuntimeException: UNAVAILABLE: io exception
2019-11-11 04:07:16,868 [9a305e64-7592-4199-ba7e-8c2223e9b548@group-39D510FFD81F-LeaderElection16] INFO  impl.RoleInfo (RoleInfo.java:updateAndGet(143)) - 9a305e64-7592-4199-ba7e-8c2223e9b548: start FollowerState
2019-11-11 04:07:16,868 [grpc-default-executor-2] WARN  server.GrpcLogAppender (LogUtils.java:warn(134)) - 9a305e64-7592-4199-ba7e-8c2223e9b548@group-F4D747E15FF8->61021d77-0677-40a1-98e7-8ba643935ac0-AppendLogResponseHandler: Failed appendEntries: org.apache.ratis.thirdparty.io.grpc.StatusRuntimeException: UNAVAILABLE: io exception
2019-11-11 04:07:16,869 [grpc-default-executor-4] INFO  impl.FollowerInfo (FollowerInfo.java:lambda$new$0(51)) - 9a305e64-7592-4199-ba7e-8c2223e9b548@group-F4D747E15FF8->f4ab3ec0-fcec-4fb2-8953-e521da90d916: nextIndex: updateUnconditionally 42 -> 41
2019-11-11 04:07:16,869 [grpc-default-executor-2] INFO  impl.FollowerInfo (FollowerInfo.java:lambda$new$0(51)) - 9a305e64-7592-4199-ba7e-8c2223e9b548@group-F4D747E15FF8->61021d77-0677-40a1-98e7-8ba643935ac0: nextIndex: updateUnconditionally 0 -> 0
2019-11-11 04:07:17,370 [grpc-default-executor-4] WARN  server.GrpcLogAppender (LogUtils.java:warn(134)) - 9a305e64-7592-4199-ba7e-8c2223e9b548@group-F4D747E15FF8->61021d77-0677-40a1-98e7-8ba643935ac0-AppendLogResponseHandler: Failed appendEntries: org.apache.ratis.thirdparty.io.grpc.StatusRuntimeException: UNAVAILABLE: io exception
2019-11-11 04:07:17,371 [grpc-default-executor-4] INFO  impl.FollowerInfo (FollowerInfo.java:lambda$new$0(51)) - 9a305e64-7592-4199-ba7e-8c2223e9b548@group-F4D747E15FF8->61021d77-0677-40a1-98e7-8ba643935ac0: nextIndex: updateUnconditionally 0 -> 0
2019-11-11 04:07:17,371 [grpc-default-executor-5] WARN  server.GrpcLogAppender (LogUtils.java:warn(134)) - 9a305e64-7592-4199-ba7e-8c2223e9b548@group-F4D747E15FF8->f4ab3ec0-fcec-4fb2-8953-e521da90d916-AppendLogResponseHandler: Failed appendEntries: org.apache.ratis.thirdparty.io.grpc.StatusRuntimeException: UNAVAILABLE: io exception
2019-11-11 04:07:17,371 [grpc-default-executor-5] INFO  impl.FollowerInfo (FollowerInfo.java:lambda$new$0(51)) - 9a305e64-7592-4199-ba7e-8c2223e9b548@group-F4D747E15FF8->f4ab3ec0-fcec-4fb2-8953-e521da90d916: nextIndex: updateUnconditionally 41 -> 40
2019-11-11 04:07:17,755 [Thread-938] INFO  client.GrpcClientProtocolService (GrpcClientProtocolService.java:lambda$processClientRequest$0(279)) - Failed RaftClientRequest:client-404B7B28A61D->9a305e64-7592-4199-ba7e-8c2223e9b548@group-F4D747E15FF8, cid=49, seq=0, Watch-ALL_COMMITTED(47), Message:<EMPTY>, reply=RaftClientReply:client-404B7B28A61D->9a305e64-7592-4199-ba7e-8c2223e9b548@group-F4D747E15FF8, cid=49, FAILED org.apache.ratis.protocol.NotReplicatedException: Request with call Id 49 and log index 47 is not yet replicated to ALL_COMMITTED, logIndex=47, commits[9a305e64-7592-4199-ba7e-8c2223e9b548:c56, 61021d77-0677-40a1-98e7-8ba643935ac0:c37, f4ab3ec0-fcec-4fb2-8953-e521da90d916:c56]
2019-11-11 04:07:17,871 [grpc-default-executor-5] WARN  server.GrpcLogAppender (LogUtils.java:warn(134)) - 9a305e64-7592-4199-ba7e-8c2223e9b548@group-F4D747E15FF8->61021d77-0677-40a1-98e7-8ba643935ac0-AppendLogResponseHandler: Failed appendEntries: org.apache.ratis.thirdparty.io.grpc.StatusRuntimeException: UNAVAILABLE: io exception
2019-11-11 04:07:17,871 [grpc-default-executor-4] WARN  server.GrpcLogAppender (LogUtils.java:warn(134)) - 9a305e64-7592-4199-ba7e-8c2223e9b548@group-F4D747E15FF8->f4ab3ec0-fcec-4fb2-8953-e521da90d916-AppendLogResponseHandler: Failed appendEntries: org.apache.ratis.thirdparty.io.grpc.StatusRuntimeException: UNAVAILABLE: io exception
2019-11-11 04:07:17,871 [grpc-default-executor-5] INFO  impl.FollowerInfo (FollowerInfo.java:lambda$new$0(51)) - 9a305e64-7592-4199-ba7e-8c2223e9b548@group-F4D747E15FF8->61021d77-0677-40a1-98e7-8ba643935ac0: nextIndex: updateUnconditionally 0 -> 0
2019-11-11 04:07:17,871 [grpc-default-executor-4] INFO  impl.FollowerInfo (FollowerInfo.java:lambda$new$0(51)) - 9a305e64-7592-4199-ba7e-8c2223e9b548@group-F4D747E15FF8->f4ab3ec0-fcec-4fb2-8953-e521da90d916: nextIndex: updateUnconditionally 40 -> 39
2019-11-11 04:07:18,007 [Thread-937] INFO  impl.FollowerState (FollowerState.java:run(111)) - 9a305e64-7592-4199-ba7e-8c2223e9b548@group-39D510FFD81F-FollowerState: change to CANDIDATE, lastRpcTime:1138ms, electionTimeout:1138ms
2019-11-11 04:07:18,007 [Thread-937] INFO  impl.RoleInfo (RoleInfo.java:shutdownFollowerState(121)) - 9a305e64-7592-4199-ba7e-8c2223e9b548: shutdown FollowerState
2019-11-11 04:07:18,007 [Thread-937] INFO  impl.RaftServerImpl (RaftServerImpl.java:setRole(173)) - 9a305e64-7592-4199-ba7e-8c2223e9b548@group-39D510FFD81F: changes role from  FOLLOWER to CANDIDATE at term 8 for changeToCandidate
2019-11-11 04:07:18,008 [Thread-937] INFO  impl.RoleInfo (RoleInfo.java:updateAndGet(143)) - 9a305e64-7592-4199-ba7e-8c2223e9b548: start LeaderElection
2019-11-11 04:07:18,024 [9a305e64-7592-4199-ba7e-8c2223e9b548@group-39D510FFD81F-LeaderElection17] INFO  impl.LeaderElection (LeaderElection.java:askForVotes(178)) - 9a305e64-7592-4199-ba7e-8c2223e9b548@group-39D510FFD81F-LeaderElection17: begin an election at term 9 for 1: [61021d77-0677-40a1-98e7-8ba643935ac0:192.168.34.63:35377, 9a305e64-7592-4199-ba7e-8c2223e9b548:192.168.34.63:35969, f4ab3ec0-fcec-4fb2-8953-e521da90d916:192.168.34.63:41296], old=null
2019-11-11 04:07:18,026 [9a305e64-7592-4199-ba7e-8c2223e9b548@group-39D510FFD81F-LeaderElection17] INFO  impl.LeaderElection (LogUtils.java:infoOrTrace(149)) - 9a305e64-7592-4199-ba7e-8c2223e9b548@group-39D510FFD81F-LeaderElection17 got exception when requesting votes: {}
java.util.concurrent.ExecutionException: org.apache.ratis.thirdparty.io.grpc.StatusRuntimeException: UNAVAILABLE: io exception
	at java.util.concurrent.FutureTask.report(FutureTask.java:122)
	at java.util.concurrent.FutureTask.get(FutureTask.java:192)
	at org.apache.ratis.server.impl.LeaderElection.waitForResults(LeaderElection.java:259)
	at org.apache.ratis.server.impl.LeaderElection.askForVotes(LeaderElection.java:197)
	at org.apache.ratis.server.impl.LeaderElection.run(LeaderElection.java:133)
	at java.lang.Thread.run(Thread.java:748)
Caused by: org.apache.ratis.thirdparty.io.grpc.StatusRuntimeException: UNAVAILABLE: io exception
	at org.apache.ratis.thirdparty.io.grpc.stub.ClientCalls.toStatusRuntimeException(ClientCalls.java:233)
	at org.apache.ratis.thirdparty.io.grpc.stub.ClientCalls.getUnchecked(ClientCalls.java:214)
	at org.apache.ratis.thirdparty.io.grpc.stub.ClientCalls.blockingUnaryCall(ClientCalls.java:139)
	at org.apache.ratis.proto.grpc.RaftServerProtocolServiceGrpc$RaftServerProtocolServiceBlockingStub.requestVote(RaftServerProtocolServiceGrpc.java:265)
	at org.apache.ratis.grpc.server.GrpcServerProtocolClient.requestVote(GrpcServerProtocolClient.java:99)
	at org.apache.ratis.grpc.server.GrpcService.requestVote(GrpcService.java:204)
	at org.apache.ratis.server.impl.LeaderElection.lambda$submitRequests$1(LeaderElection.java:234)
	at java.util.concurrent.FutureTask.run(FutureTask.java:266)
	at java.util.concurrent.Executors$RunnableAdapter.call(Executors.java:511)
	at java.util.concurrent.FutureTask.run(FutureTask.java:266)
	at java.util.concurrent.ThreadPoolExecutor.runWorker(ThreadPoolExecutor.java:1149)
	at java.util.concurrent.ThreadPoolExecutor$Worker.run(ThreadPoolExecutor.java:624)
	... 1 more
Caused by: org.apache.ratis.thirdparty.io.netty.channel.AbstractChannel$AnnotatedConnectException: Connection refused: /192.168.34.63:41296
	at sun.nio.ch.SocketChannelImpl.checkConnect(Native Method)
	at sun.nio.ch.SocketChannelImpl.finishConnect(SocketChannelImpl.java:717)
	at org.apache.ratis.thirdparty.io.netty.channel.socket.nio.NioSocketChannel.doFinishConnect(NioSocketChannel.java:327)
	at org.apache.ratis.thirdparty.io.netty.channel.nio.AbstractNioChannel$AbstractNioUnsafe.finishConnect(AbstractNioChannel.java:340)
	at org.apache.ratis.thirdparty.io.netty.channel.nio.NioEventLoop.processSelectedKey(NioEventLoop.java:632)
	at org.apache.ratis.thirdparty.io.netty.channel.nio.NioEventLoop.processSelectedKeysOptimized(NioEventLoop.java:579)
	at org.apache.ratis.thirdparty.io.netty.channel.nio.NioEventLoop.processSelectedKeys(NioEventLoop.java:496)
	at org.apache.ratis.thirdparty.io.netty.channel.nio.NioEventLoop.run(NioEventLoop.java:458)
	at org.apache.ratis.thirdparty.io.netty.util.concurrent.SingleThreadEventExecutor$5.run(SingleThreadEventExecutor.java:897)
	at org.apache.ratis.thirdparty.io.netty.util.concurrent.FastThreadLocalRunnable.run(FastThreadLocalRunnable.java:30)
	... 1 more
Caused by: java.net.ConnectException: Connection refused
	... 11 more
2019-11-11 04:07:18,028 [9a305e64-7592-4199-ba7e-8c2223e9b548@group-39D510FFD81F-LeaderElection17] INFO  impl.LeaderElection (LogUtils.java:infoOrTrace(149)) - 9a305e64-7592-4199-ba7e-8c2223e9b548@group-39D510FFD81F-LeaderElection17 got exception when requesting votes: {}
java.util.concurrent.ExecutionException: org.apache.ratis.thirdparty.io.grpc.StatusRuntimeException: UNAVAILABLE: io exception
	at java.util.concurrent.FutureTask.report(FutureTask.java:122)
	at java.util.concurrent.FutureTask.get(FutureTask.java:192)
	at org.apache.ratis.server.impl.LeaderElection.waitForResults(LeaderElection.java:259)
	at org.apache.ratis.server.impl.LeaderElection.askForVotes(LeaderElection.java:197)
	at org.apache.ratis.server.impl.LeaderElection.run(LeaderElection.java:133)
	at java.lang.Thread.run(Thread.java:748)
Caused by: org.apache.ratis.thirdparty.io.grpc.StatusRuntimeException: UNAVAILABLE: io exception
	at org.apache.ratis.thirdparty.io.grpc.stub.ClientCalls.toStatusRuntimeException(ClientCalls.java:233)
	at org.apache.ratis.thirdparty.io.grpc.stub.ClientCalls.getUnchecked(ClientCalls.java:214)
	at org.apache.ratis.thirdparty.io.grpc.stub.ClientCalls.blockingUnaryCall(ClientCalls.java:139)
	at org.apache.ratis.proto.grpc.RaftServerProtocolServiceGrpc$RaftServerProtocolServiceBlockingStub.requestVote(RaftServerProtocolServiceGrpc.java:265)
	at org.apache.ratis.grpc.server.GrpcServerProtocolClient.requestVote(GrpcServerProtocolClient.java:99)
	at org.apache.ratis.grpc.server.GrpcService.requestVote(GrpcService.java:204)
	at org.apache.ratis.server.impl.LeaderElection.lambda$submitRequests$1(LeaderElection.java:234)
	at java.util.concurrent.FutureTask.run(FutureTask.java:266)
	at java.util.concurrent.Executors$RunnableAdapter.call(Executors.java:511)
	at java.util.concurrent.FutureTask.run(FutureTask.java:266)
	at java.util.concurrent.ThreadPoolExecutor.runWorker(ThreadPoolExecutor.java:1149)
	at java.util.concurrent.ThreadPoolExecutor$Worker.run(ThreadPoolExecutor.java:624)
	... 1 more
Caused by: org.apache.ratis.thirdparty.io.netty.channel.AbstractChannel$AnnotatedConnectException: Connection refused: /192.168.34.63:35377
	at sun.nio.ch.SocketChannelImpl.checkConnect(Native Method)
	at sun.nio.ch.SocketChannelImpl.finishConnect(SocketChannelImpl.java:717)
	at org.apache.ratis.thirdparty.io.netty.channel.socket.nio.NioSocketChannel.doFinishConnect(NioSocketChannel.java:327)
	at org.apache.ratis.thirdparty.io.netty.channel.nio.AbstractNioChannel$AbstractNioUnsafe.finishConnect(AbstractNioChannel.java:340)
	at org.apache.ratis.thirdparty.io.netty.channel.nio.NioEventLoop.processSelectedKey(NioEventLoop.java:632)
	at org.apache.ratis.thirdparty.io.netty.channel.nio.NioEventLoop.processSelectedKeysOptimized(NioEventLoop.java:579)
	at org.apache.ratis.thirdparty.io.netty.channel.nio.NioEventLoop.processSelectedKeys(NioEventLoop.java:496)
	at org.apache.ratis.thirdparty.io.netty.channel.nio.NioEventLoop.run(NioEventLoop.java:458)
	at org.apache.ratis.thirdparty.io.netty.util.concurrent.SingleThreadEventExecutor$5.run(SingleThreadEventExecutor.java:897)
	at org.apache.ratis.thirdparty.io.netty.util.concurrent.FastThreadLocalRunnable.run(FastThreadLocalRunnable.java:30)
	... 1 more
Caused by: java.net.ConnectException: Connection refused
	... 11 more
2019-11-11 04:07:18,030 [9a305e64-7592-4199-ba7e-8c2223e9b548@group-39D510FFD81F-LeaderElection17] INFO  impl.LeaderElection (LeaderElection.java:logAndReturn(56)) - 9a305e64-7592-4199-ba7e-8c2223e9b548@group-39D510FFD81F-LeaderElection17: Election REJECTED; received 0 response(s) [] and 2 exception(s); 9a305e64-7592-4199-ba7e-8c2223e9b548@group-39D510FFD81F:t9, leader=null, voted=9a305e64-7592-4199-ba7e-8c2223e9b548, raftlog=9a305e64-7592-4199-ba7e-8c2223e9b548@group-39D510FFD81F-SegmentedRaftLog:OPENED:c2,f2,i2, conf=1: [61021d77-0677-40a1-98e7-8ba643935ac0:192.168.34.63:35377, 9a305e64-7592-4199-ba7e-8c2223e9b548:192.168.34.63:35969, f4ab3ec0-fcec-4fb2-8953-e521da90d916:192.168.34.63:41296], old=null
2019-11-11 04:07:18,030 [9a305e64-7592-4199-ba7e-8c2223e9b548@group-39D510FFD81F-LeaderElection17] INFO  impl.LeaderElection (LogUtils.java:infoOrTrace(149)) -   Exception 0: {}
java.util.concurrent.ExecutionException: org.apache.ratis.thirdparty.io.grpc.StatusRuntimeException: UNAVAILABLE: io exception
	at java.util.concurrent.FutureTask.report(FutureTask.java:122)
	at java.util.concurrent.FutureTask.get(FutureTask.java:192)
	at org.apache.ratis.server.impl.LeaderElection.waitForResults(LeaderElection.java:259)
	at org.apache.ratis.server.impl.LeaderElection.askForVotes(LeaderElection.java:197)
	at org.apache.ratis.server.impl.LeaderElection.run(LeaderElection.java:133)
	at java.lang.Thread.run(Thread.java:748)
Caused by: org.apache.ratis.thirdparty.io.grpc.StatusRuntimeException: UNAVAILABLE: io exception
	at org.apache.ratis.thirdparty.io.grpc.stub.ClientCalls.toStatusRuntimeException(ClientCalls.java:233)
	at org.apache.ratis.thirdparty.io.grpc.stub.ClientCalls.getUnchecked(ClientCalls.java:214)
	at org.apache.ratis.thirdparty.io.grpc.stub.ClientCalls.blockingUnaryCall(ClientCalls.java:139)
	at org.apache.ratis.proto.grpc.RaftServerProtocolServiceGrpc$RaftServerProtocolServiceBlockingStub.requestVote(RaftServerProtocolServiceGrpc.java:265)
	at org.apache.ratis.grpc.server.GrpcServerProtocolClient.requestVote(GrpcServerProtocolClient.java:99)
	at org.apache.ratis.grpc.server.GrpcService.requestVote(GrpcService.java:204)
	at org.apache.ratis.server.impl.LeaderElection.lambda$submitRequests$1(LeaderElection.java:234)
	at java.util.concurrent.FutureTask.run(FutureTask.java:266)
	at java.util.concurrent.Executors$RunnableAdapter.call(Executors.java:511)
	at java.util.concurrent.FutureTask.run(FutureTask.java:266)
	at java.util.concurrent.ThreadPoolExecutor.runWorker(ThreadPoolExecutor.java:1149)
	at java.util.concurrent.ThreadPoolExecutor$Worker.run(ThreadPoolExecutor.java:624)
	... 1 more
Caused by: org.apache.ratis.thirdparty.io.netty.channel.AbstractChannel$AnnotatedConnectException: Connection refused: /192.168.34.63:41296
	at sun.nio.ch.SocketChannelImpl.checkConnect(Native Method)
	at sun.nio.ch.SocketChannelImpl.finishConnect(SocketChannelImpl.java:717)
	at org.apache.ratis.thirdparty.io.netty.channel.socket.nio.NioSocketChannel.doFinishConnect(NioSocketChannel.java:327)
	at org.apache.ratis.thirdparty.io.netty.channel.nio.AbstractNioChannel$AbstractNioUnsafe.finishConnect(AbstractNioChannel.java:340)
	at org.apache.ratis.thirdparty.io.netty.channel.nio.NioEventLoop.processSelectedKey(NioEventLoop.java:632)
	at org.apache.ratis.thirdparty.io.netty.channel.nio.NioEventLoop.processSelectedKeysOptimized(NioEventLoop.java:579)
	at org.apache.ratis.thirdparty.io.netty.channel.nio.NioEventLoop.processSelectedKeys(NioEventLoop.java:496)
	at org.apache.ratis.thirdparty.io.netty.channel.nio.NioEventLoop.run(NioEventLoop.java:458)
	at org.apache.ratis.thirdparty.io.netty.util.concurrent.SingleThreadEventExecutor$5.run(SingleThreadEventExecutor.java:897)
	at org.apache.ratis.thirdparty.io.netty.util.concurrent.FastThreadLocalRunnable.run(FastThreadLocalRunnable.java:30)
	... 1 more
Caused by: java.net.ConnectException: Connection refused
	... 11 more
2019-11-11 04:07:18,030 [9a305e64-7592-4199-ba7e-8c2223e9b548@group-39D510FFD81F-LeaderElection17] INFO  impl.LeaderElection (LogUtils.java:infoOrTrace(149)) -   Exception 1: {}
java.util.concurrent.ExecutionException: org.apache.ratis.thirdparty.io.grpc.StatusRuntimeException: UNAVAILABLE: io exception
	at java.util.concurrent.FutureTask.report(FutureTask.java:122)
	at java.util.concurrent.FutureTask.get(FutureTask.java:192)
	at org.apache.ratis.server.impl.LeaderElection.waitForResults(LeaderElection.java:259)
	at org.apache.ratis.server.impl.LeaderElection.askForVotes(LeaderElection.java:197)
	at org.apache.ratis.server.impl.LeaderElection.run(LeaderElection.java:133)
	at java.lang.Thread.run(Thread.java:748)
Caused by: org.apache.ratis.thirdparty.io.grpc.StatusRuntimeException: UNAVAILABLE: io exception
	at org.apache.ratis.thirdparty.io.grpc.stub.ClientCalls.toStatusRuntimeException(ClientCalls.java:233)
	at org.apache.ratis.thirdparty.io.grpc.stub.ClientCalls.getUnchecked(ClientCalls.java:214)
	at org.apache.ratis.thirdparty.io.grpc.stub.ClientCalls.blockingUnaryCall(ClientCalls.java:139)
	at org.apache.ratis.proto.grpc.RaftServerProtocolServiceGrpc$RaftServerProtocolServiceBlockingStub.requestVote(RaftServerProtocolServiceGrpc.java:265)
	at org.apache.ratis.grpc.server.GrpcServerProtocolClient.requestVote(GrpcServerProtocolClient.java:99)
	at org.apache.ratis.grpc.server.GrpcService.requestVote(GrpcService.java:204)
	at org.apache.ratis.server.impl.LeaderElection.lambda$submitRequests$1(LeaderElection.java:234)
	at java.util.concurrent.FutureTask.run(FutureTask.java:266)
	at java.util.concurrent.Executors$RunnableAdapter.call(Executors.java:511)
	at java.util.concurrent.FutureTask.run(FutureTask.java:266)
	at java.util.concurrent.ThreadPoolExecutor.runWorker(ThreadPoolExecutor.java:1149)
	at java.util.concurrent.ThreadPoolExecutor$Worker.run(ThreadPoolExecutor.java:624)
	... 1 more
Caused by: org.apache.ratis.thirdparty.io.netty.channel.AbstractChannel$AnnotatedConnectException: Connection refused: /192.168.34.63:35377
	at sun.nio.ch.SocketChannelImpl.checkConnect(Native Method)
	at sun.nio.ch.SocketChannelImpl.finishConnect(SocketChannelImpl.java:717)
	at org.apache.ratis.thirdparty.io.netty.channel.socket.nio.NioSocketChannel.doFinishConnect(NioSocketChannel.java:327)
	at org.apache.ratis.thirdparty.io.netty.channel.nio.AbstractNioChannel$AbstractNioUnsafe.finishConnect(AbstractNioChannel.java:340)
	at org.apache.ratis.thirdparty.io.netty.channel.nio.NioEventLoop.processSelectedKey(NioEventLoop.java:632)
	at org.apache.ratis.thirdparty.io.netty.channel.nio.NioEventLoop.processSelectedKeysOptimized(NioEventLoop.java:579)
	at org.apache.ratis.thirdparty.io.netty.channel.nio.NioEventLoop.processSelectedKeys(NioEventLoop.java:496)
	at org.apache.ratis.thirdparty.io.netty.channel.nio.NioEventLoop.run(NioEventLoop.java:458)
	at org.apache.ratis.thirdparty.io.netty.util.concurrent.SingleThreadEventExecutor$5.run(SingleThreadEventExecutor.java:897)
	at org.apache.ratis.thirdparty.io.netty.util.concurrent.FastThreadLocalRunnable.run(FastThreadLocalRunnable.java:30)
	... 1 more
Caused by: java.net.ConnectException: Connection refused
	... 11 more
2019-11-11 04:07:18,030 [9a305e64-7592-4199-ba7e-8c2223e9b548@group-39D510FFD81F-LeaderElection17] INFO  impl.RaftServerImpl (RaftServerImpl.java:setRole(173)) - 9a305e64-7592-4199-ba7e-8c2223e9b548@group-39D510FFD81F: changes role from CANDIDATE to FOLLOWER at term 9 for DISCOVERED_A_NEW_TERM
2019-11-11 04:07:18,031 [9a305e64-7592-4199-ba7e-8c2223e9b548@group-39D510FFD81F-LeaderElection17] INFO  impl.RoleInfo (RoleInfo.java:shutdownLeaderElection(134)) - 9a305e64-7592-4199-ba7e-8c2223e9b548: shutdown LeaderElection
2019-11-11 04:07:18,031 [9a305e64-7592-4199-ba7e-8c2223e9b548@group-39D510FFD81F-LeaderElection17] INFO  impl.RoleInfo (RoleInfo.java:updateAndGet(143)) - 9a305e64-7592-4199-ba7e-8c2223e9b548: start FollowerState
2019-11-11 04:07:18,370 [grpc-default-executor-5] WARN  server.GrpcLogAppender (LogUtils.java:warn(134)) - 9a305e64-7592-4199-ba7e-8c2223e9b548@group-F4D747E15FF8->f4ab3ec0-fcec-4fb2-8953-e521da90d916-AppendLogResponseHandler: Failed appendEntries: org.apache.ratis.thirdparty.io.grpc.StatusRuntimeException: UNAVAILABLE: io exception
2019-11-11 04:07:18,370 [grpc-default-executor-4] WARN  server.GrpcLogAppender (LogUtils.java:warn(134)) - 9a305e64-7592-4199-ba7e-8c2223e9b548@group-F4D747E15FF8->61021d77-0677-40a1-98e7-8ba643935ac0-AppendLogResponseHandler: Failed appendEntries: org.apache.ratis.thirdparty.io.grpc.StatusRuntimeException: UNAVAILABLE: io exception
2019-11-11 04:07:18,371 [grpc-default-executor-5] INFO  impl.FollowerInfo (FollowerInfo.java:lambda$new$0(51)) - 9a305e64-7592-4199-ba7e-8c2223e9b548@group-F4D747E15FF8->f4ab3ec0-fcec-4fb2-8953-e521da90d916: nextIndex: updateUnconditionally 39 -> 38
2019-11-11 04:07:18,371 [grpc-default-executor-4] INFO  impl.FollowerInfo (FollowerInfo.java:lambda$new$0(51)) - 9a305e64-7592-4199-ba7e-8c2223e9b548@group-F4D747E15FF8->61021d77-0677-40a1-98e7-8ba643935ac0: nextIndex: updateUnconditionally 0 -> 0
2019-11-11 04:07:18,872 [grpc-default-executor-4] WARN  server.GrpcLogAppender (LogUtils.java:warn(134)) - 9a305e64-7592-4199-ba7e-8c2223e9b548@group-F4D747E15FF8->61021d77-0677-40a1-98e7-8ba643935ac0-AppendLogResponseHandler: Failed appendEntries: org.apache.ratis.thirdparty.io.grpc.StatusRuntimeException: UNAVAILABLE: io exception
2019-11-11 04:07:18,872 [grpc-default-executor-5] WARN  server.GrpcLogAppender (LogUtils.java:warn(134)) - 9a305e64-7592-4199-ba7e-8c2223e9b548@group-F4D747E15FF8->f4ab3ec0-fcec-4fb2-8953-e521da90d916-AppendLogResponseHandler: Failed appendEntries: org.apache.ratis.thirdparty.io.grpc.StatusRuntimeException: UNAVAILABLE: io exception
2019-11-11 04:07:18,872 [grpc-default-executor-4] INFO  impl.FollowerInfo (FollowerInfo.java:lambda$new$0(51)) - 9a305e64-7592-4199-ba7e-8c2223e9b548@group-F4D747E15FF8->61021d77-0677-40a1-98e7-8ba643935ac0: nextIndex: updateUnconditionally 0 -> 0
2019-11-11 04:07:18,873 [grpc-default-executor-5] INFO  impl.FollowerInfo (FollowerInfo.java:lambda$new$0(51)) - 9a305e64-7592-4199-ba7e-8c2223e9b548@group-F4D747E15FF8->f4ab3ec0-fcec-4fb2-8953-e521da90d916: nextIndex: updateUnconditionally 38 -> 37
2019-11-11 04:07:19,142 [Thread-942] INFO  impl.FollowerState (FollowerState.java:run(111)) - 9a305e64-7592-4199-ba7e-8c2223e9b548@group-39D510FFD81F-FollowerState: change to CANDIDATE, lastRpcTime:1111ms, electionTimeout:1111ms
2019-11-11 04:07:19,142 [Thread-942] INFO  impl.RoleInfo (RoleInfo.java:shutdownFollowerState(121)) - 9a305e64-7592-4199-ba7e-8c2223e9b548: shutdown FollowerState
2019-11-11 04:07:19,142 [Thread-942] INFO  impl.RaftServerImpl (RaftServerImpl.java:setRole(173)) - 9a305e64-7592-4199-ba7e-8c2223e9b548@group-39D510FFD81F: changes role from  FOLLOWER to CANDIDATE at term 9 for changeToCandidate
2019-11-11 04:07:19,142 [Thread-942] INFO  impl.RoleInfo (RoleInfo.java:updateAndGet(143)) - 9a305e64-7592-4199-ba7e-8c2223e9b548: start LeaderElection
2019-11-11 04:07:19,159 [9a305e64-7592-4199-ba7e-8c2223e9b548@group-39D510FFD81F-LeaderElection18] INFO  impl.LeaderElection (LeaderElection.java:askForVotes(178)) - 9a305e64-7592-4199-ba7e-8c2223e9b548@group-39D510FFD81F-LeaderElection18: begin an election at term 10 for 1: [61021d77-0677-40a1-98e7-8ba643935ac0:192.168.34.63:35377, 9a305e64-7592-4199-ba7e-8c2223e9b548:192.168.34.63:35969, f4ab3ec0-fcec-4fb2-8953-e521da90d916:192.168.34.63:41296], old=null
2019-11-11 04:07:19,162 [9a305e64-7592-4199-ba7e-8c2223e9b548@group-39D510FFD81F-LeaderElection18] INFO  impl.LeaderElection (LogUtils.java:infoOrTrace(149)) - 9a305e64-7592-4199-ba7e-8c2223e9b548@group-39D510FFD81F-LeaderElection18 got exception when requesting votes: {}
java.util.concurrent.ExecutionException: org.apache.ratis.thirdparty.io.grpc.StatusRuntimeException: UNAVAILABLE: io exception
	at java.util.concurrent.FutureTask.report(FutureTask.java:122)
	at java.util.concurrent.FutureTask.get(FutureTask.java:192)
	at org.apache.ratis.server.impl.LeaderElection.waitForResults(LeaderElection.java:259)
	at org.apache.ratis.server.impl.LeaderElection.askForVotes(LeaderElection.java:197)
	at org.apache.ratis.server.impl.LeaderElection.run(LeaderElection.java:133)
	at java.lang.Thread.run(Thread.java:748)
Caused by: org.apache.ratis.thirdparty.io.grpc.StatusRuntimeException: UNAVAILABLE: io exception
	at org.apache.ratis.thirdparty.io.grpc.stub.ClientCalls.toStatusRuntimeException(ClientCalls.java:233)
	at org.apache.ratis.thirdparty.io.grpc.stub.ClientCalls.getUnchecked(ClientCalls.java:214)
	at org.apache.ratis.thirdparty.io.grpc.stub.ClientCalls.blockingUnaryCall(ClientCalls.java:139)
	at org.apache.ratis.proto.grpc.RaftServerProtocolServiceGrpc$RaftServerProtocolServiceBlockingStub.requestVote(RaftServerProtocolServiceGrpc.java:265)
	at org.apache.ratis.grpc.server.GrpcServerProtocolClient.requestVote(GrpcServerProtocolClient.java:99)
	at org.apache.ratis.grpc.server.GrpcService.requestVote(GrpcService.java:204)
	at org.apache.ratis.server.impl.LeaderElection.lambda$submitRequests$1(LeaderElection.java:234)
	at java.util.concurrent.FutureTask.run(FutureTask.java:266)
	at java.util.concurrent.Executors$RunnableAdapter.call(Executors.java:511)
	at java.util.concurrent.FutureTask.run(FutureTask.java:266)
	at java.util.concurrent.ThreadPoolExecutor.runWorker(ThreadPoolExecutor.java:1149)
	at java.util.concurrent.ThreadPoolExecutor$Worker.run(ThreadPoolExecutor.java:624)
	... 1 more
Caused by: org.apache.ratis.thirdparty.io.netty.channel.AbstractChannel$AnnotatedConnectException: Connection refused: /192.168.34.63:35377
	at sun.nio.ch.SocketChannelImpl.checkConnect(Native Method)
	at sun.nio.ch.SocketChannelImpl.finishConnect(SocketChannelImpl.java:717)
	at org.apache.ratis.thirdparty.io.netty.channel.socket.nio.NioSocketChannel.doFinishConnect(NioSocketChannel.java:327)
	at org.apache.ratis.thirdparty.io.netty.channel.nio.AbstractNioChannel$AbstractNioUnsafe.finishConnect(AbstractNioChannel.java:340)
	at org.apache.ratis.thirdparty.io.netty.channel.nio.NioEventLoop.processSelectedKey(NioEventLoop.java:632)
	at org.apache.ratis.thirdparty.io.netty.channel.nio.NioEventLoop.processSelectedKeysOptimized(NioEventLoop.java:579)
	at org.apache.ratis.thirdparty.io.netty.channel.nio.NioEventLoop.processSelectedKeys(NioEventLoop.java:496)
	at org.apache.ratis.thirdparty.io.netty.channel.nio.NioEventLoop.run(NioEventLoop.java:458)
	at org.apache.ratis.thirdparty.io.netty.util.concurrent.SingleThreadEventExecutor$5.run(SingleThreadEventExecutor.java:897)
	at org.apache.ratis.thirdparty.io.netty.util.concurrent.FastThreadLocalRunnable.run(FastThreadLocalRunnable.java:30)
	... 1 more
Caused by: java.net.ConnectException: Connection refused
	... 11 more
2019-11-11 04:07:19,169 [9a305e64-7592-4199-ba7e-8c2223e9b548@group-39D510FFD81F-LeaderElection18] INFO  impl.LeaderElection (LogUtils.java:infoOrTrace(149)) - 9a305e64-7592-4199-ba7e-8c2223e9b548@group-39D510FFD81F-LeaderElection18 got exception when requesting votes: {}
java.util.concurrent.ExecutionException: org.apache.ratis.thirdparty.io.grpc.StatusRuntimeException: UNAVAILABLE: io exception
	at java.util.concurrent.FutureTask.report(FutureTask.java:122)
	at java.util.concurrent.FutureTask.get(FutureTask.java:192)
	at org.apache.ratis.server.impl.LeaderElection.waitForResults(LeaderElection.java:259)
	at org.apache.ratis.server.impl.LeaderElection.askForVotes(LeaderElection.java:197)
	at org.apache.ratis.server.impl.LeaderElection.run(LeaderElection.java:133)
	at java.lang.Thread.run(Thread.java:748)
Caused by: org.apache.ratis.thirdparty.io.grpc.StatusRuntimeException: UNAVAILABLE: io exception
	at org.apache.ratis.thirdparty.io.grpc.stub.ClientCalls.toStatusRuntimeException(ClientCalls.java:233)
	at org.apache.ratis.thirdparty.io.grpc.stub.ClientCalls.getUnchecked(ClientCalls.java:214)
	at org.apache.ratis.thirdparty.io.grpc.stub.ClientCalls.blockingUnaryCall(ClientCalls.java:139)
	at org.apache.ratis.proto.grpc.RaftServerProtocolServiceGrpc$RaftServerProtocolServiceBlockingStub.requestVote(RaftServerProtocolServiceGrpc.java:265)
	at org.apache.ratis.grpc.server.GrpcServerProtocolClient.requestVote(GrpcServerProtocolClient.java:99)
	at org.apache.ratis.grpc.server.GrpcService.requestVote(GrpcService.java:204)
	at org.apache.ratis.server.impl.LeaderElection.lambda$submitRequests$1(LeaderElection.java:234)
	at java.util.concurrent.FutureTask.run(FutureTask.java:266)
	at java.util.concurrent.Executors$RunnableAdapter.call(Executors.java:511)
	at java.util.concurrent.FutureTask.run(FutureTask.java:266)
	at java.util.concurrent.ThreadPoolExecutor.runWorker(ThreadPoolExecutor.java:1149)
	at java.util.concurrent.ThreadPoolExecutor$Worker.run(ThreadPoolExecutor.java:624)
	... 1 more
Caused by: org.apache.ratis.thirdparty.io.netty.channel.AbstractChannel$AnnotatedConnectException: Connection refused: /192.168.34.63:41296
	at sun.nio.ch.SocketChannelImpl.checkConnect(Native Method)
	at sun.nio.ch.SocketChannelImpl.finishConnect(SocketChannelImpl.java:717)
	at org.apache.ratis.thirdparty.io.netty.channel.socket.nio.NioSocketChannel.doFinishConnect(NioSocketChannel.java:327)
	at org.apache.ratis.thirdparty.io.netty.channel.nio.AbstractNioChannel$AbstractNioUnsafe.finishConnect(AbstractNioChannel.java:340)
	at org.apache.ratis.thirdparty.io.netty.channel.nio.NioEventLoop.processSelectedKey(NioEventLoop.java:632)
	at org.apache.ratis.thirdparty.io.netty.channel.nio.NioEventLoop.processSelectedKeysOptimized(NioEventLoop.java:579)
	at org.apache.ratis.thirdparty.io.netty.channel.nio.NioEventLoop.processSelectedKeys(NioEventLoop.java:496)
	at org.apache.ratis.thirdparty.io.netty.channel.nio.NioEventLoop.run(NioEventLoop.java:458)
	at org.apache.ratis.thirdparty.io.netty.util.concurrent.SingleThreadEventExecutor$5.run(SingleThreadEventExecutor.java:897)
	at org.apache.ratis.thirdparty.io.netty.util.concurrent.FastThreadLocalRunnable.run(FastThreadLocalRunnable.java:30)
	... 1 more
Caused by: java.net.ConnectException: Connection refused
	... 11 more
2019-11-11 04:07:19,171 [9a305e64-7592-4199-ba7e-8c2223e9b548@group-39D510FFD81F-LeaderElection18] INFO  impl.LeaderElection (LeaderElection.java:logAndReturn(56)) - 9a305e64-7592-4199-ba7e-8c2223e9b548@group-39D510FFD81F-LeaderElection18: Election REJECTED; received 0 response(s) [] and 2 exception(s); 9a305e64-7592-4199-ba7e-8c2223e9b548@group-39D510FFD81F:t10, leader=null, voted=9a305e64-7592-4199-ba7e-8c2223e9b548, raftlog=9a305e64-7592-4199-ba7e-8c2223e9b548@group-39D510FFD81F-SegmentedRaftLog:OPENED:c2,f2,i2, conf=1: [61021d77-0677-40a1-98e7-8ba643935ac0:192.168.34.63:35377, 9a305e64-7592-4199-ba7e-8c2223e9b548:192.168.34.63:35969, f4ab3ec0-fcec-4fb2-8953-e521da90d916:192.168.34.63:41296], old=null
2019-11-11 04:07:19,171 [9a305e64-7592-4199-ba7e-8c2223e9b548@group-39D510FFD81F-LeaderElection18] INFO  impl.LeaderElection (LogUtils.java:infoOrTrace(149)) -   Exception 0: {}
java.util.concurrent.ExecutionException: org.apache.ratis.thirdparty.io.grpc.StatusRuntimeException: UNAVAILABLE: io exception
	at java.util.concurrent.FutureTask.report(FutureTask.java:122)
	at java.util.concurrent.FutureTask.get(FutureTask.java:192)
	at org.apache.ratis.server.impl.LeaderElection.waitForResults(LeaderElection.java:259)
	at org.apache.ratis.server.impl.LeaderElection.askForVotes(LeaderElection.java:197)
	at org.apache.ratis.server.impl.LeaderElection.run(LeaderElection.java:133)
	at java.lang.Thread.run(Thread.java:748)
Caused by: org.apache.ratis.thirdparty.io.grpc.StatusRuntimeException: UNAVAILABLE: io exception
	at org.apache.ratis.thirdparty.io.grpc.stub.ClientCalls.toStatusRuntimeException(ClientCalls.java:233)
	at org.apache.ratis.thirdparty.io.grpc.stub.ClientCalls.getUnchecked(ClientCalls.java:214)
	at org.apache.ratis.thirdparty.io.grpc.stub.ClientCalls.blockingUnaryCall(ClientCalls.java:139)
	at org.apache.ratis.proto.grpc.RaftServerProtocolServiceGrpc$RaftServerProtocolServiceBlockingStub.requestVote(RaftServerProtocolServiceGrpc.java:265)
	at org.apache.ratis.grpc.server.GrpcServerProtocolClient.requestVote(GrpcServerProtocolClient.java:99)
	at org.apache.ratis.grpc.server.GrpcService.requestVote(GrpcService.java:204)
	at org.apache.ratis.server.impl.LeaderElection.lambda$submitRequests$1(LeaderElection.java:234)
	at java.util.concurrent.FutureTask.run(FutureTask.java:266)
	at java.util.concurrent.Executors$RunnableAdapter.call(Executors.java:511)
	at java.util.concurrent.FutureTask.run(FutureTask.java:266)
	at java.util.concurrent.ThreadPoolExecutor.runWorker(ThreadPoolExecutor.java:1149)
	at java.util.concurrent.ThreadPoolExecutor$Worker.run(ThreadPoolExecutor.java:624)
	... 1 more
Caused by: org.apache.ratis.thirdparty.io.netty.channel.AbstractChannel$AnnotatedConnectException: Connection refused: /192.168.34.63:35377
	at sun.nio.ch.SocketChannelImpl.checkConnect(Native Method)
	at sun.nio.ch.SocketChannelImpl.finishConnect(SocketChannelImpl.java:717)
	at org.apache.ratis.thirdparty.io.netty.channel.socket.nio.NioSocketChannel.doFinishConnect(NioSocketChannel.java:327)
	at org.apache.ratis.thirdparty.io.netty.channel.nio.AbstractNioChannel$AbstractNioUnsafe.finishConnect(AbstractNioChannel.java:340)
	at org.apache.ratis.thirdparty.io.netty.channel.nio.NioEventLoop.processSelectedKey(NioEventLoop.java:632)
	at org.apache.ratis.thirdparty.io.netty.channel.nio.NioEventLoop.processSelectedKeysOptimized(NioEventLoop.java:579)
	at org.apache.ratis.thirdparty.io.netty.channel.nio.NioEventLoop.processSelectedKeys(NioEventLoop.java:496)
	at org.apache.ratis.thirdparty.io.netty.channel.nio.NioEventLoop.run(NioEventLoop.java:458)
	at org.apache.ratis.thirdparty.io.netty.util.concurrent.SingleThreadEventExecutor$5.run(SingleThreadEventExecutor.java:897)
	at org.apache.ratis.thirdparty.io.netty.util.concurrent.FastThreadLocalRunnable.run(FastThreadLocalRunnable.java:30)
	... 1 more
Caused by: java.net.ConnectException: Connection refused
	... 11 more
2019-11-11 04:07:19,171 [9a305e64-7592-4199-ba7e-8c2223e9b548@group-39D510FFD81F-LeaderElection18] INFO  impl.LeaderElection (LogUtils.java:infoOrTrace(149)) -   Exception 1: {}
java.util.concurrent.ExecutionException: org.apache.ratis.thirdparty.io.grpc.StatusRuntimeException: UNAVAILABLE: io exception
	at java.util.concurrent.FutureTask.report(FutureTask.java:122)
	at java.util.concurrent.FutureTask.get(FutureTask.java:192)
	at org.apache.ratis.server.impl.LeaderElection.waitForResults(LeaderElection.java:259)
	at org.apache.ratis.server.impl.LeaderElection.askForVotes(LeaderElection.java:197)
	at org.apache.ratis.server.impl.LeaderElection.run(LeaderElection.java:133)
	at java.lang.Thread.run(Thread.java:748)
Caused by: org.apache.ratis.thirdparty.io.grpc.StatusRuntimeException: UNAVAILABLE: io exception
	at org.apache.ratis.thirdparty.io.grpc.stub.ClientCalls.toStatusRuntimeException(ClientCalls.java:233)
	at org.apache.ratis.thirdparty.io.grpc.stub.ClientCalls.getUnchecked(ClientCalls.java:214)
	at org.apache.ratis.thirdparty.io.grpc.stub.ClientCalls.blockingUnaryCall(ClientCalls.java:139)
	at org.apache.ratis.proto.grpc.RaftServerProtocolServiceGrpc$RaftServerProtocolServiceBlockingStub.requestVote(RaftServerProtocolServiceGrpc.java:265)
	at org.apache.ratis.grpc.server.GrpcServerProtocolClient.requestVote(GrpcServerProtocolClient.java:99)
	at org.apache.ratis.grpc.server.GrpcService.requestVote(GrpcService.java:204)
	at org.apache.ratis.server.impl.LeaderElection.lambda$submitRequests$1(LeaderElection.java:234)
	at java.util.concurrent.FutureTask.run(FutureTask.java:266)
	at java.util.concurrent.Executors$RunnableAdapter.call(Executors.java:511)
	at java.util.concurrent.FutureTask.run(FutureTask.java:266)
	at java.util.concurrent.ThreadPoolExecutor.runWorker(ThreadPoolExecutor.java:1149)
	at java.util.concurrent.ThreadPoolExecutor$Worker.run(ThreadPoolExecutor.java:624)
	... 1 more
Caused by: org.apache.ratis.thirdparty.io.netty.channel.AbstractChannel$AnnotatedConnectException: Connection refused: /192.168.34.63:41296
	at sun.nio.ch.SocketChannelImpl.checkConnect(Native Method)
	at sun.nio.ch.SocketChannelImpl.finishConnect(SocketChannelImpl.java:717)
	at org.apache.ratis.thirdparty.io.netty.channel.socket.nio.NioSocketChannel.doFinishConnect(NioSocketChannel.java:327)
	at org.apache.ratis.thirdparty.io.netty.channel.nio.AbstractNioChannel$AbstractNioUnsafe.finishConnect(AbstractNioChannel.java:340)
	at org.apache.ratis.thirdparty.io.netty.channel.nio.NioEventLoop.processSelectedKey(NioEventLoop.java:632)
	at org.apache.ratis.thirdparty.io.netty.channel.nio.NioEventLoop.processSelectedKeysOptimized(NioEventLoop.java:579)
	at org.apache.ratis.thirdparty.io.netty.channel.nio.NioEventLoop.processSelectedKeys(NioEventLoop.java:496)
	at org.apache.ratis.thirdparty.io.netty.channel.nio.NioEventLoop.run(NioEventLoop.java:458)
	at org.apache.ratis.thirdparty.io.netty.util.concurrent.SingleThreadEventExecutor$5.run(SingleThreadEventExecutor.java:897)
	at org.apache.ratis.thirdparty.io.netty.util.concurrent.FastThreadLocalRunnable.run(FastThreadLocalRunnable.java:30)
	... 1 more
Caused by: java.net.ConnectException: Connection refused
	... 11 more
2019-11-11 04:07:19,171 [9a305e64-7592-4199-ba7e-8c2223e9b548@group-39D510FFD81F-LeaderElection18] INFO  impl.RaftServerImpl (RaftServerImpl.java:setRole(173)) - 9a305e64-7592-4199-ba7e-8c2223e9b548@group-39D510FFD81F: changes role from CANDIDATE to FOLLOWER at term 10 for DISCOVERED_A_NEW_TERM
2019-11-11 04:07:19,171 [9a305e64-7592-4199-ba7e-8c2223e9b548@group-39D510FFD81F-LeaderElection18] INFO  impl.RoleInfo (RoleInfo.java:shutdownLeaderElection(134)) - 9a305e64-7592-4199-ba7e-8c2223e9b548: shutdown LeaderElection
2019-11-11 04:07:19,171 [9a305e64-7592-4199-ba7e-8c2223e9b548@group-39D510FFD81F-LeaderElection18] INFO  impl.RoleInfo (RoleInfo.java:updateAndGet(143)) - 9a305e64-7592-4199-ba7e-8c2223e9b548: start FollowerState
2019-11-11 04:07:19,371 [grpc-default-executor-4] WARN  server.GrpcLogAppender (LogUtils.java:warn(134)) - 9a305e64-7592-4199-ba7e-8c2223e9b548@group-F4D747E15FF8->f4ab3ec0-fcec-4fb2-8953-e521da90d916-AppendLogResponseHandler: Failed appendEntries: org.apache.ratis.thirdparty.io.grpc.StatusRuntimeException: UNAVAILABLE: io exception
2019-11-11 04:07:19,371 [grpc-default-executor-5] WARN  server.GrpcLogAppender (LogUtils.java:warn(134)) - 9a305e64-7592-4199-ba7e-8c2223e9b548@group-F4D747E15FF8->61021d77-0677-40a1-98e7-8ba643935ac0-AppendLogResponseHandler: Failed appendEntries: org.apache.ratis.thirdparty.io.grpc.StatusRuntimeException: UNAVAILABLE: io exception
2019-11-11 04:07:19,372 [grpc-default-executor-4] INFO  impl.FollowerInfo (FollowerInfo.java:lambda$new$0(51)) - 9a305e64-7592-4199-ba7e-8c2223e9b548@group-F4D747E15FF8->f4ab3ec0-fcec-4fb2-8953-e521da90d916: nextIndex: updateUnconditionally 37 -> 36
2019-11-11 04:07:19,372 [grpc-default-executor-5] INFO  impl.FollowerInfo (FollowerInfo.java:lambda$new$0(51)) - 9a305e64-7592-4199-ba7e-8c2223e9b548@group-F4D747E15FF8->61021d77-0677-40a1-98e7-8ba643935ac0: nextIndex: updateUnconditionally 0 -> 0
2019-11-11 04:07:19,874 [grpc-default-executor-4] WARN  server.GrpcLogAppender (LogUtils.java:warn(134)) - 9a305e64-7592-4199-ba7e-8c2223e9b548@group-F4D747E15FF8->61021d77-0677-40a1-98e7-8ba643935ac0-AppendLogResponseHandler: Failed appendEntries: org.apache.ratis.thirdparty.io.grpc.StatusRuntimeException: UNAVAILABLE: io exception
2019-11-11 04:07:19,874 [grpc-default-executor-5] WARN  server.GrpcLogAppender (LogUtils.java:warn(134)) - 9a305e64-7592-4199-ba7e-8c2223e9b548@group-F4D747E15FF8->f4ab3ec0-fcec-4fb2-8953-e521da90d916-AppendLogResponseHandler: Failed appendEntries: org.apache.ratis.thirdparty.io.grpc.StatusRuntimeException: UNAVAILABLE: io exception
2019-11-11 04:07:19,875 [grpc-default-executor-4] INFO  impl.FollowerInfo (FollowerInfo.java:lambda$new$0(51)) - 9a305e64-7592-4199-ba7e-8c2223e9b548@group-F4D747E15FF8->61021d77-0677-40a1-98e7-8ba643935ac0: nextIndex: updateUnconditionally 0 -> 0
2019-11-11 04:07:19,875 [grpc-default-executor-5] INFO  impl.FollowerInfo (FollowerInfo.java:lambda$new$0(51)) - 9a305e64-7592-4199-ba7e-8c2223e9b548@group-F4D747E15FF8->f4ab3ec0-fcec-4fb2-8953-e521da90d916: nextIndex: updateUnconditionally 36 -> 35
2019-11-11 04:07:20,313 [Thread-947] INFO  impl.FollowerState (FollowerState.java:run(111)) - 9a305e64-7592-4199-ba7e-8c2223e9b548@group-39D510FFD81F-FollowerState: change to CANDIDATE, lastRpcTime:1141ms, electionTimeout:1141ms
2019-11-11 04:07:20,313 [Thread-947] INFO  impl.RoleInfo (RoleInfo.java:shutdownFollowerState(121)) - 9a305e64-7592-4199-ba7e-8c2223e9b548: shutdown FollowerState
2019-11-11 04:07:20,313 [Thread-947] INFO  impl.RaftServerImpl (RaftServerImpl.java:setRole(173)) - 9a305e64-7592-4199-ba7e-8c2223e9b548@group-39D510FFD81F: changes role from  FOLLOWER to CANDIDATE at term 10 for changeToCandidate
2019-11-11 04:07:20,314 [Thread-947] INFO  impl.RoleInfo (RoleInfo.java:updateAndGet(143)) - 9a305e64-7592-4199-ba7e-8c2223e9b548: start LeaderElection
2019-11-11 04:07:20,330 [9a305e64-7592-4199-ba7e-8c2223e9b548@group-39D510FFD81F-LeaderElection19] INFO  impl.LeaderElection (LeaderElection.java:askForVotes(178)) - 9a305e64-7592-4199-ba7e-8c2223e9b548@group-39D510FFD81F-LeaderElection19: begin an election at term 11 for 1: [61021d77-0677-40a1-98e7-8ba643935ac0:192.168.34.63:35377, 9a305e64-7592-4199-ba7e-8c2223e9b548:192.168.34.63:35969, f4ab3ec0-fcec-4fb2-8953-e521da90d916:192.168.34.63:41296], old=null
2019-11-11 04:07:20,333 [9a305e64-7592-4199-ba7e-8c2223e9b548@group-39D510FFD81F-LeaderElection19] INFO  impl.LeaderElection (LogUtils.java:infoOrTrace(149)) - 9a305e64-7592-4199-ba7e-8c2223e9b548@group-39D510FFD81F-LeaderElection19 got exception when requesting votes: {}
java.util.concurrent.ExecutionException: org.apache.ratis.thirdparty.io.grpc.StatusRuntimeException: UNAVAILABLE: io exception
	at java.util.concurrent.FutureTask.report(FutureTask.java:122)
	at java.util.concurrent.FutureTask.get(FutureTask.java:192)
	at org.apache.ratis.server.impl.LeaderElection.waitForResults(LeaderElection.java:259)
	at org.apache.ratis.server.impl.LeaderElection.askForVotes(LeaderElection.java:197)
	at org.apache.ratis.server.impl.LeaderElection.run(LeaderElection.java:133)
	at java.lang.Thread.run(Thread.java:748)
Caused by: org.apache.ratis.thirdparty.io.grpc.StatusRuntimeException: UNAVAILABLE: io exception
	at org.apache.ratis.thirdparty.io.grpc.stub.ClientCalls.toStatusRuntimeException(ClientCalls.java:233)
	at org.apache.ratis.thirdparty.io.grpc.stub.ClientCalls.getUnchecked(ClientCalls.java:214)
	at org.apache.ratis.thirdparty.io.grpc.stub.ClientCalls.blockingUnaryCall(ClientCalls.java:139)
	at org.apache.ratis.proto.grpc.RaftServerProtocolServiceGrpc$RaftServerProtocolServiceBlockingStub.requestVote(RaftServerProtocolServiceGrpc.java:265)
	at org.apache.ratis.grpc.server.GrpcServerProtocolClient.requestVote(GrpcServerProtocolClient.java:99)
	at org.apache.ratis.grpc.server.GrpcService.requestVote(GrpcService.java:204)
	at org.apache.ratis.server.impl.LeaderElection.lambda$submitRequests$1(LeaderElection.java:234)
	at java.util.concurrent.FutureTask.run(FutureTask.java:266)
	at java.util.concurrent.Executors$RunnableAdapter.call(Executors.java:511)
	at java.util.concurrent.FutureTask.run(FutureTask.java:266)
	at java.util.concurrent.ThreadPoolExecutor.runWorker(ThreadPoolExecutor.java:1149)
	at java.util.concurrent.ThreadPoolExecutor$Worker.run(ThreadPoolExecutor.java:624)
	... 1 more
Caused by: org.apache.ratis.thirdparty.io.netty.channel.AbstractChannel$AnnotatedConnectException: Connection refused: /192.168.34.63:35377
	at sun.nio.ch.SocketChannelImpl.checkConnect(Native Method)
	at sun.nio.ch.SocketChannelImpl.finishConnect(SocketChannelImpl.java:717)
	at org.apache.ratis.thirdparty.io.netty.channel.socket.nio.NioSocketChannel.doFinishConnect(NioSocketChannel.java:327)
	at org.apache.ratis.thirdparty.io.netty.channel.nio.AbstractNioChannel$AbstractNioUnsafe.finishConnect(AbstractNioChannel.java:340)
	at org.apache.ratis.thirdparty.io.netty.channel.nio.NioEventLoop.processSelectedKey(NioEventLoop.java:632)
	at org.apache.ratis.thirdparty.io.netty.channel.nio.NioEventLoop.processSelectedKeysOptimized(NioEventLoop.java:579)
	at org.apache.ratis.thirdparty.io.netty.channel.nio.NioEventLoop.processSelectedKeys(NioEventLoop.java:496)
	at org.apache.ratis.thirdparty.io.netty.channel.nio.NioEventLoop.run(NioEventLoop.java:458)
	at org.apache.ratis.thirdparty.io.netty.util.concurrent.SingleThreadEventExecutor$5.run(SingleThreadEventExecutor.java:897)
	at org.apache.ratis.thirdparty.io.netty.util.concurrent.FastThreadLocalRunnable.run(FastThreadLocalRunnable.java:30)
	... 1 more
Caused by: java.net.ConnectException: Connection refused
	... 11 more
2019-11-11 04:07:20,336 [9a305e64-7592-4199-ba7e-8c2223e9b548@group-39D510FFD81F-LeaderElection19] INFO  impl.LeaderElection (LogUtils.java:infoOrTrace(149)) - 9a305e64-7592-4199-ba7e-8c2223e9b548@group-39D510FFD81F-LeaderElection19 got exception when requesting votes: {}
java.util.concurrent.ExecutionException: org.apache.ratis.thirdparty.io.grpc.StatusRuntimeException: UNAVAILABLE: io exception
	at java.util.concurrent.FutureTask.report(FutureTask.java:122)
	at java.util.concurrent.FutureTask.get(FutureTask.java:192)
	at org.apache.ratis.server.impl.LeaderElection.waitForResults(LeaderElection.java:259)
	at org.apache.ratis.server.impl.LeaderElection.askForVotes(LeaderElection.java:197)
	at org.apache.ratis.server.impl.LeaderElection.run(LeaderElection.java:133)
	at java.lang.Thread.run(Thread.java:748)
Caused by: org.apache.ratis.thirdparty.io.grpc.StatusRuntimeException: UNAVAILABLE: io exception
	at org.apache.ratis.thirdparty.io.grpc.stub.ClientCalls.toStatusRuntimeException(ClientCalls.java:233)
	at org.apache.ratis.thirdparty.io.grpc.stub.ClientCalls.getUnchecked(ClientCalls.java:214)
	at org.apache.ratis.thirdparty.io.grpc.stub.ClientCalls.blockingUnaryCall(ClientCalls.java:139)
	at org.apache.ratis.proto.grpc.RaftServerProtocolServiceGrpc$RaftServerProtocolServiceBlockingStub.requestVote(RaftServerProtocolServiceGrpc.java:265)
	at org.apache.ratis.grpc.server.GrpcServerProtocolClient.requestVote(GrpcServerProtocolClient.java:99)
	at org.apache.ratis.grpc.server.GrpcService.requestVote(GrpcService.java:204)
	at org.apache.ratis.server.impl.LeaderElection.lambda$submitRequests$1(LeaderElection.java:234)
	at java.util.concurrent.FutureTask.run(FutureTask.java:266)
	at java.util.concurrent.Executors$RunnableAdapter.call(Executors.java:511)
	at java.util.concurrent.FutureTask.run(FutureTask.java:266)
	at java.util.concurrent.ThreadPoolExecutor.runWorker(ThreadPoolExecutor.java:1149)
	at java.util.concurrent.ThreadPoolExecutor$Worker.run(ThreadPoolExecutor.java:624)
	... 1 more
Caused by: org.apache.ratis.thirdparty.io.netty.channel.AbstractChannel$AnnotatedConnectException: Connection refused: /192.168.34.63:41296
	at sun.nio.ch.SocketChannelImpl.checkConnect(Native Method)
	at sun.nio.ch.SocketChannelImpl.finishConnect(SocketChannelImpl.java:717)
	at org.apache.ratis.thirdparty.io.netty.channel.socket.nio.NioSocketChannel.doFinishConnect(NioSocketChannel.java:327)
	at org.apache.ratis.thirdparty.io.netty.channel.nio.AbstractNioChannel$AbstractNioUnsafe.finishConnect(AbstractNioChannel.java:340)
	at org.apache.ratis.thirdparty.io.netty.channel.nio.NioEventLoop.processSelectedKey(NioEventLoop.java:632)
	at org.apache.ratis.thirdparty.io.netty.channel.nio.NioEventLoop.processSelectedKeysOptimized(NioEventLoop.java:579)
	at org.apache.ratis.thirdparty.io.netty.channel.nio.NioEventLoop.processSelectedKeys(NioEventLoop.java:496)
	at org.apache.ratis.thirdparty.io.netty.channel.nio.NioEventLoop.run(NioEventLoop.java:458)
	at org.apache.ratis.thirdparty.io.netty.util.concurrent.SingleThreadEventExecutor$5.run(SingleThreadEventExecutor.java:897)
	at org.apache.ratis.thirdparty.io.netty.util.concurrent.FastThreadLocalRunnable.run(FastThreadLocalRunnable.java:30)
	... 1 more
Caused by: java.net.ConnectException: Connection refused
	... 11 more
2019-11-11 04:07:20,338 [9a305e64-7592-4199-ba7e-8c2223e9b548@group-39D510FFD81F-LeaderElection19] INFO  impl.LeaderElection (LeaderElection.java:logAndReturn(56)) - 9a305e64-7592-4199-ba7e-8c2223e9b548@group-39D510FFD81F-LeaderElection19: Election REJECTED; received 0 response(s) [] and 2 exception(s); 9a305e64-7592-4199-ba7e-8c2223e9b548@group-39D510FFD81F:t11, leader=null, voted=9a305e64-7592-4199-ba7e-8c2223e9b548, raftlog=9a305e64-7592-4199-ba7e-8c2223e9b548@group-39D510FFD81F-SegmentedRaftLog:OPENED:c2,f2,i2, conf=1: [61021d77-0677-40a1-98e7-8ba643935ac0:192.168.34.63:35377, 9a305e64-7592-4199-ba7e-8c2223e9b548:192.168.34.63:35969, f4ab3ec0-fcec-4fb2-8953-e521da90d916:192.168.34.63:41296], old=null
2019-11-11 04:07:20,338 [9a305e64-7592-4199-ba7e-8c2223e9b548@group-39D510FFD81F-LeaderElection19] INFO  impl.LeaderElection (LogUtils.java:infoOrTrace(149)) -   Exception 0: {}
java.util.concurrent.ExecutionException: org.apache.ratis.thirdparty.io.grpc.StatusRuntimeException: UNAVAILABLE: io exception
	at java.util.concurrent.FutureTask.report(FutureTask.java:122)
	at java.util.concurrent.FutureTask.get(FutureTask.java:192)
	at org.apache.ratis.server.impl.LeaderElection.waitForResults(LeaderElection.java:259)
	at org.apache.ratis.server.impl.LeaderElection.askForVotes(LeaderElection.java:197)
	at org.apache.ratis.server.impl.LeaderElection.run(LeaderElection.java:133)
	at java.lang.Thread.run(Thread.java:748)
Caused by: org.apache.ratis.thirdparty.io.grpc.StatusRuntimeException: UNAVAILABLE: io exception
	at org.apache.ratis.thirdparty.io.grpc.stub.ClientCalls.toStatusRuntimeException(ClientCalls.java:233)
	at org.apache.ratis.thirdparty.io.grpc.stub.ClientCalls.getUnchecked(ClientCalls.java:214)
	at org.apache.ratis.thirdparty.io.grpc.stub.ClientCalls.blockingUnaryCall(ClientCalls.java:139)
	at org.apache.ratis.proto.grpc.RaftServerProtocolServiceGrpc$RaftServerProtocolServiceBlockingStub.requestVote(RaftServerProtocolServiceGrpc.java:265)
	at org.apache.ratis.grpc.server.GrpcServerProtocolClient.requestVote(GrpcServerProtocolClient.java:99)
	at org.apache.ratis.grpc.server.GrpcService.requestVote(GrpcService.java:204)
	at org.apache.ratis.server.impl.LeaderElection.lambda$submitRequests$1(LeaderElection.java:234)
	at java.util.concurrent.FutureTask.run(FutureTask.java:266)
	at java.util.concurrent.Executors$RunnableAdapter.call(Executors.java:511)
	at java.util.concurrent.FutureTask.run(FutureTask.java:266)
	at java.util.concurrent.ThreadPoolExecutor.runWorker(ThreadPoolExecutor.java:1149)
	at java.util.concurrent.ThreadPoolExecutor$Worker.run(ThreadPoolExecutor.java:624)
	... 1 more
Caused by: org.apache.ratis.thirdparty.io.netty.channel.AbstractChannel$AnnotatedConnectException: Connection refused: /192.168.34.63:35377
	at sun.nio.ch.SocketChannelImpl.checkConnect(Native Method)
	at sun.nio.ch.SocketChannelImpl.finishConnect(SocketChannelImpl.java:717)
	at org.apache.ratis.thirdparty.io.netty.channel.socket.nio.NioSocketChannel.doFinishConnect(NioSocketChannel.java:327)
	at org.apache.ratis.thirdparty.io.netty.channel.nio.AbstractNioChannel$AbstractNioUnsafe.finishConnect(AbstractNioChannel.java:340)
	at org.apache.ratis.thirdparty.io.netty.channel.nio.NioEventLoop.processSelectedKey(NioEventLoop.java:632)
	at org.apache.ratis.thirdparty.io.netty.channel.nio.NioEventLoop.processSelectedKeysOptimized(NioEventLoop.java:579)
	at org.apache.ratis.thirdparty.io.netty.channel.nio.NioEventLoop.processSelectedKeys(NioEventLoop.java:496)
	at org.apache.ratis.thirdparty.io.netty.channel.nio.NioEventLoop.run(NioEventLoop.java:458)
	at org.apache.ratis.thirdparty.io.netty.util.concurrent.SingleThreadEventExecutor$5.run(SingleThreadEventExecutor.java:897)
	at org.apache.ratis.thirdparty.io.netty.util.concurrent.FastThreadLocalRunnable.run(FastThreadLocalRunnable.java:30)
	... 1 more
Caused by: java.net.ConnectException: Connection refused
	... 11 more
2019-11-11 04:07:20,339 [9a305e64-7592-4199-ba7e-8c2223e9b548@group-39D510FFD81F-LeaderElection19] INFO  impl.LeaderElection (LogUtils.java:infoOrTrace(149)) -   Exception 1: {}
java.util.concurrent.ExecutionException: org.apache.ratis.thirdparty.io.grpc.StatusRuntimeException: UNAVAILABLE: io exception
	at java.util.concurrent.FutureTask.report(FutureTask.java:122)
	at java.util.concurrent.FutureTask.get(FutureTask.java:192)
	at org.apache.ratis.server.impl.LeaderElection.waitForResults(LeaderElection.java:259)
	at org.apache.ratis.server.impl.LeaderElection.askForVotes(LeaderElection.java:197)
	at org.apache.ratis.server.impl.LeaderElection.run(LeaderElection.java:133)
	at java.lang.Thread.run(Thread.java:748)
Caused by: org.apache.ratis.thirdparty.io.grpc.StatusRuntimeException: UNAVAILABLE: io exception
	at org.apache.ratis.thirdparty.io.grpc.stub.ClientCalls.toStatusRuntimeException(ClientCalls.java:233)
	at org.apache.ratis.thirdparty.io.grpc.stub.ClientCalls.getUnchecked(ClientCalls.java:214)
	at org.apache.ratis.thirdparty.io.grpc.stub.ClientCalls.blockingUnaryCall(ClientCalls.java:139)
	at org.apache.ratis.proto.grpc.RaftServerProtocolServiceGrpc$RaftServerProtocolServiceBlockingStub.requestVote(RaftServerProtocolServiceGrpc.java:265)
	at org.apache.ratis.grpc.server.GrpcServerProtocolClient.requestVote(GrpcServerProtocolClient.java:99)
	at org.apache.ratis.grpc.server.GrpcService.requestVote(GrpcService.java:204)
	at org.apache.ratis.server.impl.LeaderElection.lambda$submitRequests$1(LeaderElection.java:234)
	at java.util.concurrent.FutureTask.run(FutureTask.java:266)
	at java.util.concurrent.Executors$RunnableAdapter.call(Executors.java:511)
	at java.util.concurrent.FutureTask.run(FutureTask.java:266)
	at java.util.concurrent.ThreadPoolExecutor.runWorker(ThreadPoolExecutor.java:1149)
	at java.util.concurrent.ThreadPoolExecutor$Worker.run(ThreadPoolExecutor.java:624)
	... 1 more
Caused by: org.apache.ratis.thirdparty.io.netty.channel.AbstractChannel$AnnotatedConnectException: Connection refused: /192.168.34.63:41296
	at sun.nio.ch.SocketChannelImpl.checkConnect(Native Method)
	at sun.nio.ch.SocketChannelImpl.finishConnect(SocketChannelImpl.java:717)
	at org.apache.ratis.thirdparty.io.netty.channel.socket.nio.NioSocketChannel.doFinishConnect(NioSocketChannel.java:327)
	at org.apache.ratis.thirdparty.io.netty.channel.nio.AbstractNioChannel$AbstractNioUnsafe.finishConnect(AbstractNioChannel.java:340)
	at org.apache.ratis.thirdparty.io.netty.channel.nio.NioEventLoop.processSelectedKey(NioEventLoop.java:632)
	at org.apache.ratis.thirdparty.io.netty.channel.nio.NioEventLoop.processSelectedKeysOptimized(NioEventLoop.java:579)
	at org.apache.ratis.thirdparty.io.netty.channel.nio.NioEventLoop.processSelectedKeys(NioEventLoop.java:496)
	at org.apache.ratis.thirdparty.io.netty.channel.nio.NioEventLoop.run(NioEventLoop.java:458)
	at org.apache.ratis.thirdparty.io.netty.util.concurrent.SingleThreadEventExecutor$5.run(SingleThreadEventExecutor.java:897)
	at org.apache.ratis.thirdparty.io.netty.util.concurrent.FastThreadLocalRunnable.run(FastThreadLocalRunnable.java:30)
	... 1 more
Caused by: java.net.ConnectException: Connection refused
	... 11 more
2019-11-11 04:07:20,340 [9a305e64-7592-4199-ba7e-8c2223e9b548@group-39D510FFD81F-LeaderElection19] INFO  impl.RaftServerImpl (RaftServerImpl.java:setRole(173)) - 9a305e64-7592-4199-ba7e-8c2223e9b548@group-39D510FFD81F: changes role from CANDIDATE to FOLLOWER at term 11 for DISCOVERED_A_NEW_TERM
2019-11-11 04:07:20,340 [9a305e64-7592-4199-ba7e-8c2223e9b548@group-39D510FFD81F-LeaderElection19] INFO  impl.RoleInfo (RoleInfo.java:shutdownLeaderElection(134)) - 9a305e64-7592-4199-ba7e-8c2223e9b548: shutdown LeaderElection
2019-11-11 04:07:20,340 [9a305e64-7592-4199-ba7e-8c2223e9b548@group-39D510FFD81F-LeaderElection19] INFO  impl.RoleInfo (RoleInfo.java:updateAndGet(143)) - 9a305e64-7592-4199-ba7e-8c2223e9b548: start FollowerState
2019-11-11 04:07:20,373 [grpc-default-executor-5] WARN  server.GrpcLogAppender (LogUtils.java:warn(134)) - 9a305e64-7592-4199-ba7e-8c2223e9b548@group-F4D747E15FF8->61021d77-0677-40a1-98e7-8ba643935ac0-AppendLogResponseHandler: Failed appendEntries: org.apache.ratis.thirdparty.io.grpc.StatusRuntimeException: UNAVAILABLE: io exception
2019-11-11 04:07:20,373 [grpc-default-executor-4] WARN  server.GrpcLogAppender (LogUtils.java:warn(134)) - 9a305e64-7592-4199-ba7e-8c2223e9b548@group-F4D747E15FF8->f4ab3ec0-fcec-4fb2-8953-e521da90d916-AppendLogResponseHandler: Failed appendEntries: org.apache.ratis.thirdparty.io.grpc.StatusRuntimeException: UNAVAILABLE: io exception
2019-11-11 04:07:20,373 [grpc-default-executor-5] INFO  impl.FollowerInfo (FollowerInfo.java:lambda$new$0(51)) - 9a305e64-7592-4199-ba7e-8c2223e9b548@group-F4D747E15FF8->61021d77-0677-40a1-98e7-8ba643935ac0: nextIndex: updateUnconditionally 0 -> 0
2019-11-11 04:07:20,373 [grpc-default-executor-4] INFO  impl.FollowerInfo (FollowerInfo.java:lambda$new$0(51)) - 9a305e64-7592-4199-ba7e-8c2223e9b548@group-F4D747E15FF8->f4ab3ec0-fcec-4fb2-8953-e521da90d916: nextIndex: updateUnconditionally 35 -> 34
2019-11-11 04:07:20,755 [Thread-952] INFO  client.GrpcClientProtocolService (GrpcClientProtocolService.java:lambda$processClientRequest$0(279)) - Failed RaftClientRequest:client-288C807A782E->9a305e64-7592-4199-ba7e-8c2223e9b548@group-F4D747E15FF8, cid=42, seq=0, Watch-ALL_COMMITTED(41), Message:<EMPTY>, reply=RaftClientReply:client-288C807A782E->9a305e64-7592-4199-ba7e-8c2223e9b548@group-F4D747E15FF8, cid=42, FAILED org.apache.ratis.protocol.NotReplicatedException: Request with call Id 42 and log index 41 is not yet replicated to ALL_COMMITTED, logIndex=41, commits[9a305e64-7592-4199-ba7e-8c2223e9b548:c56, 61021d77-0677-40a1-98e7-8ba643935ac0:c37, f4ab3ec0-fcec-4fb2-8953-e521da90d916:c56]
2019-11-11 04:07:20,875 [grpc-default-executor-4] WARN  server.GrpcLogAppender (LogUtils.java:warn(134)) - 9a305e64-7592-4199-ba7e-8c2223e9b548@group-F4D747E15FF8->f4ab3ec0-fcec-4fb2-8953-e521da90d916-AppendLogResponseHandler: Failed appendEntries: org.apache.ratis.thirdparty.io.grpc.StatusRuntimeException: UNAVAILABLE: io exception
2019-11-11 04:07:20,875 [grpc-default-executor-5] WARN  server.GrpcLogAppender (LogUtils.java:warn(134)) - 9a305e64-7592-4199-ba7e-8c2223e9b548@group-F4D747E15FF8->61021d77-0677-40a1-98e7-8ba643935ac0-AppendLogResponseHandler: Failed appendEntries: org.apache.ratis.thirdparty.io.grpc.StatusRuntimeException: UNAVAILABLE: io exception
2019-11-11 04:07:20,876 [grpc-default-executor-4] INFO  impl.FollowerInfo (FollowerInfo.java:lambda$new$0(51)) - 9a305e64-7592-4199-ba7e-8c2223e9b548@group-F4D747E15FF8->f4ab3ec0-fcec-4fb2-8953-e521da90d916: nextIndex: updateUnconditionally 34 -> 33
2019-11-11 04:07:20,876 [grpc-default-executor-5] INFO  impl.FollowerInfo (FollowerInfo.java:lambda$new$0(51)) - 9a305e64-7592-4199-ba7e-8c2223e9b548@group-F4D747E15FF8->61021d77-0677-40a1-98e7-8ba643935ac0: nextIndex: updateUnconditionally 0 -> 0
2019-11-11 04:07:21,377 [grpc-default-executor-5] WARN  server.GrpcLogAppender (LogUtils.java:warn(134)) - 9a305e64-7592-4199-ba7e-8c2223e9b548@group-F4D747E15FF8->61021d77-0677-40a1-98e7-8ba643935ac0-AppendLogResponseHandler: Failed appendEntries: org.apache.ratis.thirdparty.io.grpc.StatusRuntimeException: UNAVAILABLE: io exception
2019-11-11 04:07:21,377 [grpc-default-executor-4] WARN  server.GrpcLogAppender (LogUtils.java:warn(134)) - 9a305e64-7592-4199-ba7e-8c2223e9b548@group-F4D747E15FF8->f4ab3ec0-fcec-4fb2-8953-e521da90d916-AppendLogResponseHandler: Failed appendEntries: org.apache.ratis.thirdparty.io.grpc.StatusRuntimeException: UNAVAILABLE: io exception
2019-11-11 04:07:21,378 [grpc-default-executor-5] INFO  impl.FollowerInfo (FollowerInfo.java:lambda$new$0(51)) - 9a305e64-7592-4199-ba7e-8c2223e9b548@group-F4D747E15FF8->61021d77-0677-40a1-98e7-8ba643935ac0: nextIndex: updateUnconditionally 0 -> 0
2019-11-11 04:07:21,378 [grpc-default-executor-4] INFO  impl.FollowerInfo (FollowerInfo.java:lambda$new$0(51)) - 9a305e64-7592-4199-ba7e-8c2223e9b548@group-F4D747E15FF8->f4ab3ec0-fcec-4fb2-8953-e521da90d916: nextIndex: updateUnconditionally 33 -> 32
2019-11-11 04:07:21,395 [Thread-951] INFO  impl.FollowerState (FollowerState.java:run(111)) - 9a305e64-7592-4199-ba7e-8c2223e9b548@group-39D510FFD81F-FollowerState: change to CANDIDATE, lastRpcTime:1054ms, electionTimeout:1054ms
2019-11-11 04:07:21,395 [Thread-951] INFO  impl.RoleInfo (RoleInfo.java:shutdownFollowerState(121)) - 9a305e64-7592-4199-ba7e-8c2223e9b548: shutdown FollowerState
2019-11-11 04:07:21,395 [Thread-951] INFO  impl.RaftServerImpl (RaftServerImpl.java:setRole(173)) - 9a305e64-7592-4199-ba7e-8c2223e9b548@group-39D510FFD81F: changes role from  FOLLOWER to CANDIDATE at term 11 for changeToCandidate
2019-11-11 04:07:21,395 [Thread-951] INFO  impl.RoleInfo (RoleInfo.java:updateAndGet(143)) - 9a305e64-7592-4199-ba7e-8c2223e9b548: start LeaderElection
2019-11-11 04:07:21,403 [9a305e64-7592-4199-ba7e-8c2223e9b548@group-39D510FFD81F-LeaderElection20] INFO  impl.LeaderElection (LeaderElection.java:askForVotes(178)) - 9a305e64-7592-4199-ba7e-8c2223e9b548@group-39D510FFD81F-LeaderElection20: begin an election at term 12 for 1: [61021d77-0677-40a1-98e7-8ba643935ac0:192.168.34.63:35377, 9a305e64-7592-4199-ba7e-8c2223e9b548:192.168.34.63:35969, f4ab3ec0-fcec-4fb2-8953-e521da90d916:192.168.34.63:41296], old=null
2019-11-11 04:07:21,407 [9a305e64-7592-4199-ba7e-8c2223e9b548@group-39D510FFD81F-LeaderElection20] INFO  impl.LeaderElection (LogUtils.java:infoOrTrace(149)) - 9a305e64-7592-4199-ba7e-8c2223e9b548@group-39D510FFD81F-LeaderElection20 got exception when requesting votes: {}
java.util.concurrent.ExecutionException: org.apache.ratis.thirdparty.io.grpc.StatusRuntimeException: UNAVAILABLE: io exception
	at java.util.concurrent.FutureTask.report(FutureTask.java:122)
	at java.util.concurrent.FutureTask.get(FutureTask.java:192)
	at org.apache.ratis.server.impl.LeaderElection.waitForResults(LeaderElection.java:259)
	at org.apache.ratis.server.impl.LeaderElection.askForVotes(LeaderElection.java:197)
	at org.apache.ratis.server.impl.LeaderElection.run(LeaderElection.java:133)
	at java.lang.Thread.run(Thread.java:748)
Caused by: org.apache.ratis.thirdparty.io.grpc.StatusRuntimeException: UNAVAILABLE: io exception
	at org.apache.ratis.thirdparty.io.grpc.stub.ClientCalls.toStatusRuntimeException(ClientCalls.java:233)
	at org.apache.ratis.thirdparty.io.grpc.stub.ClientCalls.getUnchecked(ClientCalls.java:214)
	at org.apache.ratis.thirdparty.io.grpc.stub.ClientCalls.blockingUnaryCall(ClientCalls.java:139)
	at org.apache.ratis.proto.grpc.RaftServerProtocolServiceGrpc$RaftServerProtocolServiceBlockingStub.requestVote(RaftServerProtocolServiceGrpc.java:265)
	at org.apache.ratis.grpc.server.GrpcServerProtocolClient.requestVote(GrpcServerProtocolClient.java:99)
	at org.apache.ratis.grpc.server.GrpcService.requestVote(GrpcService.java:204)
	at org.apache.ratis.server.impl.LeaderElection.lambda$submitRequests$1(LeaderElection.java:234)
	at java.util.concurrent.FutureTask.run(FutureTask.java:266)
	at java.util.concurrent.Executors$RunnableAdapter.call(Executors.java:511)
	at java.util.concurrent.FutureTask.run(FutureTask.java:266)
	at java.util.concurrent.ThreadPoolExecutor.runWorker(ThreadPoolExecutor.java:1149)
	at java.util.concurrent.ThreadPoolExecutor$Worker.run(ThreadPoolExecutor.java:624)
	... 1 more
Caused by: org.apache.ratis.thirdparty.io.netty.channel.AbstractChannel$AnnotatedConnectException: Connection refused: /192.168.34.63:35377
	at sun.nio.ch.SocketChannelImpl.checkConnect(Native Method)
	at sun.nio.ch.SocketChannelImpl.finishConnect(SocketChannelImpl.java:717)
	at org.apache.ratis.thirdparty.io.netty.channel.socket.nio.NioSocketChannel.doFinishConnect(NioSocketChannel.java:327)
	at org.apache.ratis.thirdparty.io.netty.channel.nio.AbstractNioChannel$AbstractNioUnsafe.finishConnect(AbstractNioChannel.java:340)
	at org.apache.ratis.thirdparty.io.netty.channel.nio.NioEventLoop.processSelectedKey(NioEventLoop.java:632)
	at org.apache.ratis.thirdparty.io.netty.channel.nio.NioEventLoop.processSelectedKeysOptimized(NioEventLoop.java:579)
	at org.apache.ratis.thirdparty.io.netty.channel.nio.NioEventLoop.processSelectedKeys(NioEventLoop.java:496)
	at org.apache.ratis.thirdparty.io.netty.channel.nio.NioEventLoop.run(NioEventLoop.java:458)
	at org.apache.ratis.thirdparty.io.netty.util.concurrent.SingleThreadEventExecutor$5.run(SingleThreadEventExecutor.java:897)
	at org.apache.ratis.thirdparty.io.netty.util.concurrent.FastThreadLocalRunnable.run(FastThreadLocalRunnable.java:30)
	... 1 more
Caused by: java.net.ConnectException: Connection refused
	... 11 more
2019-11-11 04:07:21,409 [9a305e64-7592-4199-ba7e-8c2223e9b548@group-39D510FFD81F-LeaderElection20] INFO  impl.LeaderElection (LogUtils.java:infoOrTrace(149)) - 9a305e64-7592-4199-ba7e-8c2223e9b548@group-39D510FFD81F-LeaderElection20 got exception when requesting votes: {}
java.util.concurrent.ExecutionException: org.apache.ratis.thirdparty.io.grpc.StatusRuntimeException: UNAVAILABLE: io exception
	at java.util.concurrent.FutureTask.report(FutureTask.java:122)
	at java.util.concurrent.FutureTask.get(FutureTask.java:192)
	at org.apache.ratis.server.impl.LeaderElection.waitForResults(LeaderElection.java:259)
	at org.apache.ratis.server.impl.LeaderElection.askForVotes(LeaderElection.java:197)
	at org.apache.ratis.server.impl.LeaderElection.run(LeaderElection.java:133)
	at java.lang.Thread.run(Thread.java:748)
Caused by: org.apache.ratis.thirdparty.io.grpc.StatusRuntimeException: UNAVAILABLE: io exception
	at org.apache.ratis.thirdparty.io.grpc.stub.ClientCalls.toStatusRuntimeException(ClientCalls.java:233)
	at org.apache.ratis.thirdparty.io.grpc.stub.ClientCalls.getUnchecked(ClientCalls.java:214)
	at org.apache.ratis.thirdparty.io.grpc.stub.ClientCalls.blockingUnaryCall(ClientCalls.java:139)
	at org.apache.ratis.proto.grpc.RaftServerProtocolServiceGrpc$RaftServerProtocolServiceBlockingStub.requestVote(RaftServerProtocolServiceGrpc.java:265)
	at org.apache.ratis.grpc.server.GrpcServerProtocolClient.requestVote(GrpcServerProtocolClient.java:99)
	at org.apache.ratis.grpc.server.GrpcService.requestVote(GrpcService.java:204)
	at org.apache.ratis.server.impl.LeaderElection.lambda$submitRequests$1(LeaderElection.java:234)
	at java.util.concurrent.FutureTask.run(FutureTask.java:266)
	at java.util.concurrent.Executors$RunnableAdapter.call(Executors.java:511)
	at java.util.concurrent.FutureTask.run(FutureTask.java:266)
	at java.util.concurrent.ThreadPoolExecutor.runWorker(ThreadPoolExecutor.java:1149)
	at java.util.concurrent.ThreadPoolExecutor$Worker.run(ThreadPoolExecutor.java:624)
	... 1 more
Caused by: org.apache.ratis.thirdparty.io.netty.channel.AbstractChannel$AnnotatedConnectException: Connection refused: /192.168.34.63:41296
	at sun.nio.ch.SocketChannelImpl.checkConnect(Native Method)
	at sun.nio.ch.SocketChannelImpl.finishConnect(SocketChannelImpl.java:717)
	at org.apache.ratis.thirdparty.io.netty.channel.socket.nio.NioSocketChannel.doFinishConnect(NioSocketChannel.java:327)
	at org.apache.ratis.thirdparty.io.netty.channel.nio.AbstractNioChannel$AbstractNioUnsafe.finishConnect(AbstractNioChannel.java:340)
	at org.apache.ratis.thirdparty.io.netty.channel.nio.NioEventLoop.processSelectedKey(NioEventLoop.java:632)
	at org.apache.ratis.thirdparty.io.netty.channel.nio.NioEventLoop.processSelectedKeysOptimized(NioEventLoop.java:579)
	at org.apache.ratis.thirdparty.io.netty.channel.nio.NioEventLoop.processSelectedKeys(NioEventLoop.java:496)
	at org.apache.ratis.thirdparty.io.netty.channel.nio.NioEventLoop.run(NioEventLoop.java:458)
	at org.apache.ratis.thirdparty.io.netty.util.concurrent.SingleThreadEventExecutor$5.run(SingleThreadEventExecutor.java:897)
	at org.apache.ratis.thirdparty.io.netty.util.concurrent.FastThreadLocalRunnable.run(FastThreadLocalRunnable.java:30)
	... 1 more
Caused by: java.net.ConnectException: Connection refused
	... 11 more
2019-11-11 04:07:21,411 [9a305e64-7592-4199-ba7e-8c2223e9b548@group-39D510FFD81F-LeaderElection20] INFO  impl.LeaderElection (LeaderElection.java:logAndReturn(56)) - 9a305e64-7592-4199-ba7e-8c2223e9b548@group-39D510FFD81F-LeaderElection20: Election REJECTED; received 0 response(s) [] and 2 exception(s); 9a305e64-7592-4199-ba7e-8c2223e9b548@group-39D510FFD81F:t12, leader=null, voted=9a305e64-7592-4199-ba7e-8c2223e9b548, raftlog=9a305e64-7592-4199-ba7e-8c2223e9b548@group-39D510FFD81F-SegmentedRaftLog:OPENED:c2,f2,i2, conf=1: [61021d77-0677-40a1-98e7-8ba643935ac0:192.168.34.63:35377, 9a305e64-7592-4199-ba7e-8c2223e9b548:192.168.34.63:35969, f4ab3ec0-fcec-4fb2-8953-e521da90d916:192.168.34.63:41296], old=null
2019-11-11 04:07:21,411 [9a305e64-7592-4199-ba7e-8c2223e9b548@group-39D510FFD81F-LeaderElection20] INFO  impl.LeaderElection (LogUtils.java:infoOrTrace(149)) -   Exception 0: {}
java.util.concurrent.ExecutionException: org.apache.ratis.thirdparty.io.grpc.StatusRuntimeException: UNAVAILABLE: io exception
	at java.util.concurrent.FutureTask.report(FutureTask.java:122)
	at java.util.concurrent.FutureTask.get(FutureTask.java:192)
	at org.apache.ratis.server.impl.LeaderElection.waitForResults(LeaderElection.java:259)
	at org.apache.ratis.server.impl.LeaderElection.askForVotes(LeaderElection.java:197)
	at org.apache.ratis.server.impl.LeaderElection.run(LeaderElection.java:133)
	at java.lang.Thread.run(Thread.java:748)
Caused by: org.apache.ratis.thirdparty.io.grpc.StatusRuntimeException: UNAVAILABLE: io exception
	at org.apache.ratis.thirdparty.io.grpc.stub.ClientCalls.toStatusRuntimeException(ClientCalls.java:233)
	at org.apache.ratis.thirdparty.io.grpc.stub.ClientCalls.getUnchecked(ClientCalls.java:214)
	at org.apache.ratis.thirdparty.io.grpc.stub.ClientCalls.blockingUnaryCall(ClientCalls.java:139)
	at org.apache.ratis.proto.grpc.RaftServerProtocolServiceGrpc$RaftServerProtocolServiceBlockingStub.requestVote(RaftServerProtocolServiceGrpc.java:265)
	at org.apache.ratis.grpc.server.GrpcServerProtocolClient.requestVote(GrpcServerProtocolClient.java:99)
	at org.apache.ratis.grpc.server.GrpcService.requestVote(GrpcService.java:204)
	at org.apache.ratis.server.impl.LeaderElection.lambda$submitRequests$1(LeaderElection.java:234)
	at java.util.concurrent.FutureTask.run(FutureTask.java:266)
	at java.util.concurrent.Executors$RunnableAdapter.call(Executors.java:511)
	at java.util.concurrent.FutureTask.run(FutureTask.java:266)
	at java.util.concurrent.ThreadPoolExecutor.runWorker(ThreadPoolExecutor.java:1149)
	at java.util.concurrent.ThreadPoolExecutor$Worker.run(ThreadPoolExecutor.java:624)
	... 1 more
Caused by: org.apache.ratis.thirdparty.io.netty.channel.AbstractChannel$AnnotatedConnectException: Connection refused: /192.168.34.63:35377
	at sun.nio.ch.SocketChannelImpl.checkConnect(Native Method)
	at sun.nio.ch.SocketChannelImpl.finishConnect(SocketChannelImpl.java:717)
	at org.apache.ratis.thirdparty.io.netty.channel.socket.nio.NioSocketChannel.doFinishConnect(NioSocketChannel.java:327)
	at org.apache.ratis.thirdparty.io.netty.channel.nio.AbstractNioChannel$AbstractNioUnsafe.finishConnect(AbstractNioChannel.java:340)
	at org.apache.ratis.thirdparty.io.netty.channel.nio.NioEventLoop.processSelectedKey(NioEventLoop.java:632)
	at org.apache.ratis.thirdparty.io.netty.channel.nio.NioEventLoop.processSelectedKeysOptimized(NioEventLoop.java:579)
	at org.apache.ratis.thirdparty.io.netty.channel.nio.NioEventLoop.processSelectedKeys(NioEventLoop.java:496)
	at org.apache.ratis.thirdparty.io.netty.channel.nio.NioEventLoop.run(NioEventLoop.java:458)
	at org.apache.ratis.thirdparty.io.netty.util.concurrent.SingleThreadEventExecutor$5.run(SingleThreadEventExecutor.java:897)
	at org.apache.ratis.thirdparty.io.netty.util.concurrent.FastThreadLocalRunnable.run(FastThreadLocalRunnable.java:30)
	... 1 more
Caused by: java.net.ConnectException: Connection refused
	... 11 more
2019-11-11 04:07:21,412 [9a305e64-7592-4199-ba7e-8c2223e9b548@group-39D510FFD81F-LeaderElection20] INFO  impl.LeaderElection (LogUtils.java:infoOrTrace(149)) -   Exception 1: {}
java.util.concurrent.ExecutionException: org.apache.ratis.thirdparty.io.grpc.StatusRuntimeException: UNAVAILABLE: io exception
	at java.util.concurrent.FutureTask.report(FutureTask.java:122)
	at java.util.concurrent.FutureTask.get(FutureTask.java:192)
	at org.apache.ratis.server.impl.LeaderElection.waitForResults(LeaderElection.java:259)
	at org.apache.ratis.server.impl.LeaderElection.askForVotes(LeaderElection.java:197)
	at org.apache.ratis.server.impl.LeaderElection.run(LeaderElection.java:133)
	at java.lang.Thread.run(Thread.java:748)
Caused by: org.apache.ratis.thirdparty.io.grpc.StatusRuntimeException: UNAVAILABLE: io exception
	at org.apache.ratis.thirdparty.io.grpc.stub.ClientCalls.toStatusRuntimeException(ClientCalls.java:233)
	at org.apache.ratis.thirdparty.io.grpc.stub.ClientCalls.getUnchecked(ClientCalls.java:214)
	at org.apache.ratis.thirdparty.io.grpc.stub.ClientCalls.blockingUnaryCall(ClientCalls.java:139)
	at org.apache.ratis.proto.grpc.RaftServerProtocolServiceGrpc$RaftServerProtocolServiceBlockingStub.requestVote(RaftServerProtocolServiceGrpc.java:265)
	at org.apache.ratis.grpc.server.GrpcServerProtocolClient.requestVote(GrpcServerProtocolClient.java:99)
	at org.apache.ratis.grpc.server.GrpcService.requestVote(GrpcService.java:204)
	at org.apache.ratis.server.impl.LeaderElection.lambda$submitRequests$1(LeaderElection.java:234)
	at java.util.concurrent.FutureTask.run(FutureTask.java:266)
	at java.util.concurrent.Executors$RunnableAdapter.call(Executors.java:511)
	at java.util.concurrent.FutureTask.run(FutureTask.java:266)
	at java.util.concurrent.ThreadPoolExecutor.runWorker(ThreadPoolExecutor.java:1149)
	at java.util.concurrent.ThreadPoolExecutor$Worker.run(ThreadPoolExecutor.java:624)
	... 1 more
Caused by: org.apache.ratis.thirdparty.io.netty.channel.AbstractChannel$AnnotatedConnectException: Connection refused: /192.168.34.63:41296
	at sun.nio.ch.SocketChannelImpl.checkConnect(Native Method)
	at sun.nio.ch.SocketChannelImpl.finishConnect(SocketChannelImpl.java:717)
	at org.apache.ratis.thirdparty.io.netty.channel.socket.nio.NioSocketChannel.doFinishConnect(NioSocketChannel.java:327)
	at org.apache.ratis.thirdparty.io.netty.channel.nio.AbstractNioChannel$AbstractNioUnsafe.finishConnect(AbstractNioChannel.java:340)
	at org.apache.ratis.thirdparty.io.netty.channel.nio.NioEventLoop.processSelectedKey(NioEventLoop.java:632)
	at org.apache.ratis.thirdparty.io.netty.channel.nio.NioEventLoop.processSelectedKeysOptimized(NioEventLoop.java:579)
	at org.apache.ratis.thirdparty.io.netty.channel.nio.NioEventLoop.processSelectedKeys(NioEventLoop.java:496)
	at org.apache.ratis.thirdparty.io.netty.channel.nio.NioEventLoop.run(NioEventLoop.java:458)
	at org.apache.ratis.thirdparty.io.netty.util.concurrent.SingleThreadEventExecutor$5.run(SingleThreadEventExecutor.java:897)
	at org.apache.ratis.thirdparty.io.netty.util.concurrent.FastThreadLocalRunnable.run(FastThreadLocalRunnable.java:30)
	... 1 more
Caused by: java.net.ConnectException: Connection refused
	... 11 more
2019-11-11 04:07:21,413 [9a305e64-7592-4199-ba7e-8c2223e9b548@group-39D510FFD81F-LeaderElection20] INFO  impl.RaftServerImpl (RaftServerImpl.java:setRole(173)) - 9a305e64-7592-4199-ba7e-8c2223e9b548@group-39D510FFD81F: changes role from CANDIDATE to FOLLOWER at term 12 for DISCOVERED_A_NEW_TERM
2019-11-11 04:07:21,413 [9a305e64-7592-4199-ba7e-8c2223e9b548@group-39D510FFD81F-LeaderElection20] INFO  impl.RoleInfo (RoleInfo.java:shutdownLeaderElection(134)) - 9a305e64-7592-4199-ba7e-8c2223e9b548: shutdown LeaderElection
2019-11-11 04:07:21,413 [9a305e64-7592-4199-ba7e-8c2223e9b548@group-39D510FFD81F-LeaderElection20] INFO  impl.RoleInfo (RoleInfo.java:updateAndGet(143)) - 9a305e64-7592-4199-ba7e-8c2223e9b548: start FollowerState
2019-11-11 04:07:21,876 [grpc-default-executor-5] WARN  server.GrpcLogAppender (LogUtils.java:warn(134)) - 9a305e64-7592-4199-ba7e-8c2223e9b548@group-F4D747E15FF8->61021d77-0677-40a1-98e7-8ba643935ac0-AppendLogResponseHandler: Failed appendEntries: org.apache.ratis.thirdparty.io.grpc.StatusRuntimeException: UNAVAILABLE: io exception
2019-11-11 04:07:21,876 [grpc-default-executor-4] WARN  server.GrpcLogAppender (LogUtils.java:warn(134)) - 9a305e64-7592-4199-ba7e-8c2223e9b548@group-F4D747E15FF8->f4ab3ec0-fcec-4fb2-8953-e521da90d916-AppendLogResponseHandler: Failed appendEntries: org.apache.ratis.thirdparty.io.grpc.StatusRuntimeException: UNAVAILABLE: io exception
2019-11-11 04:07:21,876 [grpc-default-executor-5] INFO  impl.FollowerInfo (FollowerInfo.java:lambda$new$0(51)) - 9a305e64-7592-4199-ba7e-8c2223e9b548@group-F4D747E15FF8->61021d77-0677-40a1-98e7-8ba643935ac0: nextIndex: updateUnconditionally 0 -> 0
2019-11-11 04:07:21,876 [grpc-default-executor-4] INFO  impl.FollowerInfo (FollowerInfo.java:lambda$new$0(51)) - 9a305e64-7592-4199-ba7e-8c2223e9b548@group-F4D747E15FF8->f4ab3ec0-fcec-4fb2-8953-e521da90d916: nextIndex: updateUnconditionally 32 -> 31
2019-11-11 04:07:22,379 [grpc-default-executor-5] WARN  server.GrpcLogAppender (LogUtils.java:warn(134)) - 9a305e64-7592-4199-ba7e-8c2223e9b548@group-F4D747E15FF8->f4ab3ec0-fcec-4fb2-8953-e521da90d916-AppendLogResponseHandler: Failed appendEntries: org.apache.ratis.thirdparty.io.grpc.StatusRuntimeException: UNAVAILABLE: io exception
2019-11-11 04:07:22,379 [grpc-default-executor-4] WARN  server.GrpcLogAppender (LogUtils.java:warn(134)) - 9a305e64-7592-4199-ba7e-8c2223e9b548@group-F4D747E15FF8->61021d77-0677-40a1-98e7-8ba643935ac0-AppendLogResponseHandler: Failed appendEntries: org.apache.ratis.thirdparty.io.grpc.StatusRuntimeException: UNAVAILABLE: io exception
2019-11-11 04:07:22,379 [grpc-default-executor-5] INFO  impl.FollowerInfo (FollowerInfo.java:lambda$new$0(51)) - 9a305e64-7592-4199-ba7e-8c2223e9b548@group-F4D747E15FF8->f4ab3ec0-fcec-4fb2-8953-e521da90d916: nextIndex: updateUnconditionally 31 -> 30
2019-11-11 04:07:22,379 [grpc-default-executor-4] INFO  impl.FollowerInfo (FollowerInfo.java:lambda$new$0(51)) - 9a305e64-7592-4199-ba7e-8c2223e9b548@group-F4D747E15FF8->61021d77-0677-40a1-98e7-8ba643935ac0: nextIndex: updateUnconditionally 0 -> 0
2019-11-11 04:07:22,471 [Thread-956] INFO  impl.FollowerState (FollowerState.java:run(111)) - 9a305e64-7592-4199-ba7e-8c2223e9b548@group-39D510FFD81F-FollowerState: change to CANDIDATE, lastRpcTime:1057ms, electionTimeout:1057ms
2019-11-11 04:07:22,471 [Thread-956] INFO  impl.RoleInfo (RoleInfo.java:shutdownFollowerState(121)) - 9a305e64-7592-4199-ba7e-8c2223e9b548: shutdown FollowerState
2019-11-11 04:07:22,471 [Thread-956] INFO  impl.RaftServerImpl (RaftServerImpl.java:setRole(173)) - 9a305e64-7592-4199-ba7e-8c2223e9b548@group-39D510FFD81F: changes role from  FOLLOWER to CANDIDATE at term 12 for changeToCandidate
2019-11-11 04:07:22,471 [Thread-956] INFO  impl.RoleInfo (RoleInfo.java:updateAndGet(143)) - 9a305e64-7592-4199-ba7e-8c2223e9b548: start LeaderElection
2019-11-11 04:07:22,488 [9a305e64-7592-4199-ba7e-8c2223e9b548@group-39D510FFD81F-LeaderElection21] INFO  impl.LeaderElection (LeaderElection.java:askForVotes(178)) - 9a305e64-7592-4199-ba7e-8c2223e9b548@group-39D510FFD81F-LeaderElection21: begin an election at term 13 for 1: [61021d77-0677-40a1-98e7-8ba643935ac0:192.168.34.63:35377, 9a305e64-7592-4199-ba7e-8c2223e9b548:192.168.34.63:35969, f4ab3ec0-fcec-4fb2-8953-e521da90d916:192.168.34.63:41296], old=null
2019-11-11 04:07:22,492 [9a305e64-7592-4199-ba7e-8c2223e9b548@group-39D510FFD81F-LeaderElection21] INFO  impl.LeaderElection (LogUtils.java:infoOrTrace(149)) - 9a305e64-7592-4199-ba7e-8c2223e9b548@group-39D510FFD81F-LeaderElection21 got exception when requesting votes: {}
java.util.concurrent.ExecutionException: org.apache.ratis.thirdparty.io.grpc.StatusRuntimeException: UNAVAILABLE: io exception
	at java.util.concurrent.FutureTask.report(FutureTask.java:122)
	at java.util.concurrent.FutureTask.get(FutureTask.java:192)
	at org.apache.ratis.server.impl.LeaderElection.waitForResults(LeaderElection.java:259)
	at org.apache.ratis.server.impl.LeaderElection.askForVotes(LeaderElection.java:197)
	at org.apache.ratis.server.impl.LeaderElection.run(LeaderElection.java:133)
	at java.lang.Thread.run(Thread.java:748)
Caused by: org.apache.ratis.thirdparty.io.grpc.StatusRuntimeException: UNAVAILABLE: io exception
	at org.apache.ratis.thirdparty.io.grpc.stub.ClientCalls.toStatusRuntimeException(ClientCalls.java:233)
	at org.apache.ratis.thirdparty.io.grpc.stub.ClientCalls.getUnchecked(ClientCalls.java:214)
	at org.apache.ratis.thirdparty.io.grpc.stub.ClientCalls.blockingUnaryCall(ClientCalls.java:139)
	at org.apache.ratis.proto.grpc.RaftServerProtocolServiceGrpc$RaftServerProtocolServiceBlockingStub.requestVote(RaftServerProtocolServiceGrpc.java:265)
	at org.apache.ratis.grpc.server.GrpcServerProtocolClient.requestVote(GrpcServerProtocolClient.java:99)
	at org.apache.ratis.grpc.server.GrpcService.requestVote(GrpcService.java:204)
	at org.apache.ratis.server.impl.LeaderElection.lambda$submitRequests$1(LeaderElection.java:234)
	at java.util.concurrent.FutureTask.run(FutureTask.java:266)
	at java.util.concurrent.Executors$RunnableAdapter.call(Executors.java:511)
	at java.util.concurrent.FutureTask.run(FutureTask.java:266)
	at java.util.concurrent.ThreadPoolExecutor.runWorker(ThreadPoolExecutor.java:1149)
	at java.util.concurrent.ThreadPoolExecutor$Worker.run(ThreadPoolExecutor.java:624)
	... 1 more
Caused by: org.apache.ratis.thirdparty.io.netty.channel.AbstractChannel$AnnotatedConnectException: Connection refused: /192.168.34.63:35377
	at sun.nio.ch.SocketChannelImpl.checkConnect(Native Method)
	at sun.nio.ch.SocketChannelImpl.finishConnect(SocketChannelImpl.java:717)
	at org.apache.ratis.thirdparty.io.netty.channel.socket.nio.NioSocketChannel.doFinishConnect(NioSocketChannel.java:327)
	at org.apache.ratis.thirdparty.io.netty.channel.nio.AbstractNioChannel$AbstractNioUnsafe.finishConnect(AbstractNioChannel.java:340)
	at org.apache.ratis.thirdparty.io.netty.channel.nio.NioEventLoop.processSelectedKey(NioEventLoop.java:632)
	at org.apache.ratis.thirdparty.io.netty.channel.nio.NioEventLoop.processSelectedKeysOptimized(NioEventLoop.java:579)
	at org.apache.ratis.thirdparty.io.netty.channel.nio.NioEventLoop.processSelectedKeys(NioEventLoop.java:496)
	at org.apache.ratis.thirdparty.io.netty.channel.nio.NioEventLoop.run(NioEventLoop.java:458)
	at org.apache.ratis.thirdparty.io.netty.util.concurrent.SingleThreadEventExecutor$5.run(SingleThreadEventExecutor.java:897)
	at org.apache.ratis.thirdparty.io.netty.util.concurrent.FastThreadLocalRunnable.run(FastThreadLocalRunnable.java:30)
	... 1 more
Caused by: java.net.ConnectException: Connection refused
	... 11 more
2019-11-11 04:07:22,494 [9a305e64-7592-4199-ba7e-8c2223e9b548@group-39D510FFD81F-LeaderElection21] INFO  impl.LeaderElection (LogUtils.java:infoOrTrace(149)) - 9a305e64-7592-4199-ba7e-8c2223e9b548@group-39D510FFD81F-LeaderElection21 got exception when requesting votes: {}
java.util.concurrent.ExecutionException: org.apache.ratis.thirdparty.io.grpc.StatusRuntimeException: UNAVAILABLE: io exception
	at java.util.concurrent.FutureTask.report(FutureTask.java:122)
	at java.util.concurrent.FutureTask.get(FutureTask.java:192)
	at org.apache.ratis.server.impl.LeaderElection.waitForResults(LeaderElection.java:259)
	at org.apache.ratis.server.impl.LeaderElection.askForVotes(LeaderElection.java:197)
	at org.apache.ratis.server.impl.LeaderElection.run(LeaderElection.java:133)
	at java.lang.Thread.run(Thread.java:748)
Caused by: org.apache.ratis.thirdparty.io.grpc.StatusRuntimeException: UNAVAILABLE: io exception
	at org.apache.ratis.thirdparty.io.grpc.stub.ClientCalls.toStatusRuntimeException(ClientCalls.java:233)
	at org.apache.ratis.thirdparty.io.grpc.stub.ClientCalls.getUnchecked(ClientCalls.java:214)
	at org.apache.ratis.thirdparty.io.grpc.stub.ClientCalls.blockingUnaryCall(ClientCalls.java:139)
	at org.apache.ratis.proto.grpc.RaftServerProtocolServiceGrpc$RaftServerProtocolServiceBlockingStub.requestVote(RaftServerProtocolServiceGrpc.java:265)
	at org.apache.ratis.grpc.server.GrpcServerProtocolClient.requestVote(GrpcServerProtocolClient.java:99)
	at org.apache.ratis.grpc.server.GrpcService.requestVote(GrpcService.java:204)
	at org.apache.ratis.server.impl.LeaderElection.lambda$submitRequests$1(LeaderElection.java:234)
	at java.util.concurrent.FutureTask.run(FutureTask.java:266)
	at java.util.concurrent.Executors$RunnableAdapter.call(Executors.java:511)
	at java.util.concurrent.FutureTask.run(FutureTask.java:266)
	at java.util.concurrent.ThreadPoolExecutor.runWorker(ThreadPoolExecutor.java:1149)
	at java.util.concurrent.ThreadPoolExecutor$Worker.run(ThreadPoolExecutor.java:624)
	... 1 more
Caused by: org.apache.ratis.thirdparty.io.netty.channel.AbstractChannel$AnnotatedConnectException: Connection refused: /192.168.34.63:41296
	at sun.nio.ch.SocketChannelImpl.checkConnect(Native Method)
	at sun.nio.ch.SocketChannelImpl.finishConnect(SocketChannelImpl.java:717)
	at org.apache.ratis.thirdparty.io.netty.channel.socket.nio.NioSocketChannel.doFinishConnect(NioSocketChannel.java:327)
	at org.apache.ratis.thirdparty.io.netty.channel.nio.AbstractNioChannel$AbstractNioUnsafe.finishConnect(AbstractNioChannel.java:340)
	at org.apache.ratis.thirdparty.io.netty.channel.nio.NioEventLoop.processSelectedKey(NioEventLoop.java:632)
	at org.apache.ratis.thirdparty.io.netty.channel.nio.NioEventLoop.processSelectedKeysOptimized(NioEventLoop.java:579)
	at org.apache.ratis.thirdparty.io.netty.channel.nio.NioEventLoop.processSelectedKeys(NioEventLoop.java:496)
	at org.apache.ratis.thirdparty.io.netty.channel.nio.NioEventLoop.run(NioEventLoop.java:458)
	at org.apache.ratis.thirdparty.io.netty.util.concurrent.SingleThreadEventExecutor$5.run(SingleThreadEventExecutor.java:897)
	at org.apache.ratis.thirdparty.io.netty.util.concurrent.FastThreadLocalRunnable.run(FastThreadLocalRunnable.java:30)
	... 1 more
Caused by: java.net.ConnectException: Connection refused
	... 11 more
2019-11-11 04:07:22,496 [9a305e64-7592-4199-ba7e-8c2223e9b548@group-39D510FFD81F-LeaderElection21] INFO  impl.LeaderElection (LeaderElection.java:logAndReturn(56)) - 9a305e64-7592-4199-ba7e-8c2223e9b548@group-39D510FFD81F-LeaderElection21: Election REJECTED; received 0 response(s) [] and 2 exception(s); 9a305e64-7592-4199-ba7e-8c2223e9b548@group-39D510FFD81F:t13, leader=null, voted=9a305e64-7592-4199-ba7e-8c2223e9b548, raftlog=9a305e64-7592-4199-ba7e-8c2223e9b548@group-39D510FFD81F-SegmentedRaftLog:OPENED:c2,f2,i2, conf=1: [61021d77-0677-40a1-98e7-8ba643935ac0:192.168.34.63:35377, 9a305e64-7592-4199-ba7e-8c2223e9b548:192.168.34.63:35969, f4ab3ec0-fcec-4fb2-8953-e521da90d916:192.168.34.63:41296], old=null
2019-11-11 04:07:22,496 [9a305e64-7592-4199-ba7e-8c2223e9b548@group-39D510FFD81F-LeaderElection21] INFO  impl.LeaderElection (LogUtils.java:infoOrTrace(149)) -   Exception 0: {}
java.util.concurrent.ExecutionException: org.apache.ratis.thirdparty.io.grpc.StatusRuntimeException: UNAVAILABLE: io exception
	at java.util.concurrent.FutureTask.report(FutureTask.java:122)
	at java.util.concurrent.FutureTask.get(FutureTask.java:192)
	at org.apache.ratis.server.impl.LeaderElection.waitForResults(LeaderElection.java:259)
	at org.apache.ratis.server.impl.LeaderElection.askForVotes(LeaderElection.java:197)
	at org.apache.ratis.server.impl.LeaderElection.run(LeaderElection.java:133)
	at java.lang.Thread.run(Thread.java:748)
Caused by: org.apache.ratis.thirdparty.io.grpc.StatusRuntimeException: UNAVAILABLE: io exception
	at org.apache.ratis.thirdparty.io.grpc.stub.ClientCalls.toStatusRuntimeException(ClientCalls.java:233)
	at org.apache.ratis.thirdparty.io.grpc.stub.ClientCalls.getUnchecked(ClientCalls.java:214)
	at org.apache.ratis.thirdparty.io.grpc.stub.ClientCalls.blockingUnaryCall(ClientCalls.java:139)
	at org.apache.ratis.proto.grpc.RaftServerProtocolServiceGrpc$RaftServerProtocolServiceBlockingStub.requestVote(RaftServerProtocolServiceGrpc.java:265)
	at org.apache.ratis.grpc.server.GrpcServerProtocolClient.requestVote(GrpcServerProtocolClient.java:99)
	at org.apache.ratis.grpc.server.GrpcService.requestVote(GrpcService.java:204)
	at org.apache.ratis.server.impl.LeaderElection.lambda$submitRequests$1(LeaderElection.java:234)
	at java.util.concurrent.FutureTask.run(FutureTask.java:266)
	at java.util.concurrent.Executors$RunnableAdapter.call(Executors.java:511)
	at java.util.concurrent.FutureTask.run(FutureTask.java:266)
	at java.util.concurrent.ThreadPoolExecutor.runWorker(ThreadPoolExecutor.java:1149)
	at java.util.concurrent.ThreadPoolExecutor$Worker.run(ThreadPoolExecutor.java:624)
	... 1 more
Caused by: org.apache.ratis.thirdparty.io.netty.channel.AbstractChannel$AnnotatedConnectException: Connection refused: /192.168.34.63:35377
	at sun.nio.ch.SocketChannelImpl.checkConnect(Native Method)
	at sun.nio.ch.SocketChannelImpl.finishConnect(SocketChannelImpl.java:717)
	at org.apache.ratis.thirdparty.io.netty.channel.socket.nio.NioSocketChannel.doFinishConnect(NioSocketChannel.java:327)
	at org.apache.ratis.thirdparty.io.netty.channel.nio.AbstractNioChannel$AbstractNioUnsafe.finishConnect(AbstractNioChannel.java:340)
	at org.apache.ratis.thirdparty.io.netty.channel.nio.NioEventLoop.processSelectedKey(NioEventLoop.java:632)
	at org.apache.ratis.thirdparty.io.netty.channel.nio.NioEventLoop.processSelectedKeysOptimized(NioEventLoop.java:579)
	at org.apache.ratis.thirdparty.io.netty.channel.nio.NioEventLoop.processSelectedKeys(NioEventLoop.java:496)
	at org.apache.ratis.thirdparty.io.netty.channel.nio.NioEventLoop.run(NioEventLoop.java:458)
	at org.apache.ratis.thirdparty.io.netty.util.concurrent.SingleThreadEventExecutor$5.run(SingleThreadEventExecutor.java:897)
	at org.apache.ratis.thirdparty.io.netty.util.concurrent.FastThreadLocalRunnable.run(FastThreadLocalRunnable.java:30)
	... 1 more
Caused by: java.net.ConnectException: Connection refused
	... 11 more
2019-11-11 04:07:22,497 [9a305e64-7592-4199-ba7e-8c2223e9b548@group-39D510FFD81F-LeaderElection21] INFO  impl.LeaderElection (LogUtils.java:infoOrTrace(149)) -   Exception 1: {}
java.util.concurrent.ExecutionException: org.apache.ratis.thirdparty.io.grpc.StatusRuntimeException: UNAVAILABLE: io exception
	at java.util.concurrent.FutureTask.report(FutureTask.java:122)
	at java.util.concurrent.FutureTask.get(FutureTask.java:192)
	at org.apache.ratis.server.impl.LeaderElection.waitForResults(LeaderElection.java:259)
	at org.apache.ratis.server.impl.LeaderElection.askForVotes(LeaderElection.java:197)
	at org.apache.ratis.server.impl.LeaderElection.run(LeaderElection.java:133)
	at java.lang.Thread.run(Thread.java:748)
Caused by: org.apache.ratis.thirdparty.io.grpc.StatusRuntimeException: UNAVAILABLE: io exception
	at org.apache.ratis.thirdparty.io.grpc.stub.ClientCalls.toStatusRuntimeException(ClientCalls.java:233)
	at org.apache.ratis.thirdparty.io.grpc.stub.ClientCalls.getUnchecked(ClientCalls.java:214)
	at org.apache.ratis.thirdparty.io.grpc.stub.ClientCalls.blockingUnaryCall(ClientCalls.java:139)
	at org.apache.ratis.proto.grpc.RaftServerProtocolServiceGrpc$RaftServerProtocolServiceBlockingStub.requestVote(RaftServerProtocolServiceGrpc.java:265)
	at org.apache.ratis.grpc.server.GrpcServerProtocolClient.requestVote(GrpcServerProtocolClient.java:99)
	at org.apache.ratis.grpc.server.GrpcService.requestVote(GrpcService.java:204)
	at org.apache.ratis.server.impl.LeaderElection.lambda$submitRequests$1(LeaderElection.java:234)
	at java.util.concurrent.FutureTask.run(FutureTask.java:266)
	at java.util.concurrent.Executors$RunnableAdapter.call(Executors.java:511)
	at java.util.concurrent.FutureTask.run(FutureTask.java:266)
	at java.util.concurrent.ThreadPoolExecutor.runWorker(ThreadPoolExecutor.java:1149)
	at java.util.concurrent.ThreadPoolExecutor$Worker.run(ThreadPoolExecutor.java:624)
	... 1 more
Caused by: org.apache.ratis.thirdparty.io.netty.channel.AbstractChannel$AnnotatedConnectException: Connection refused: /192.168.34.63:41296
	at sun.nio.ch.SocketChannelImpl.checkConnect(Native Method)
	at sun.nio.ch.SocketChannelImpl.finishConnect(SocketChannelImpl.java:717)
	at org.apache.ratis.thirdparty.io.netty.channel.socket.nio.NioSocketChannel.doFinishConnect(NioSocketChannel.java:327)
	at org.apache.ratis.thirdparty.io.netty.channel.nio.AbstractNioChannel$AbstractNioUnsafe.finishConnect(AbstractNioChannel.java:340)
	at org.apache.ratis.thirdparty.io.netty.channel.nio.NioEventLoop.processSelectedKey(NioEventLoop.java:632)
	at org.apache.ratis.thirdparty.io.netty.channel.nio.NioEventLoop.processSelectedKeysOptimized(NioEventLoop.java:579)
	at org.apache.ratis.thirdparty.io.netty.channel.nio.NioEventLoop.processSelectedKeys(NioEventLoop.java:496)
	at org.apache.ratis.thirdparty.io.netty.channel.nio.NioEventLoop.run(NioEventLoop.java:458)
	at org.apache.ratis.thirdparty.io.netty.util.concurrent.SingleThreadEventExecutor$5.run(SingleThreadEventExecutor.java:897)
	at org.apache.ratis.thirdparty.io.netty.util.concurrent.FastThreadLocalRunnable.run(FastThreadLocalRunnable.java:30)
	... 1 more
Caused by: java.net.ConnectException: Connection refused
	... 11 more
2019-11-11 04:07:22,497 [9a305e64-7592-4199-ba7e-8c2223e9b548@group-39D510FFD81F-LeaderElection21] INFO  impl.RaftServerImpl (RaftServerImpl.java:setRole(173)) - 9a305e64-7592-4199-ba7e-8c2223e9b548@group-39D510FFD81F: changes role from CANDIDATE to FOLLOWER at term 13 for DISCOVERED_A_NEW_TERM
2019-11-11 04:07:22,498 [9a305e64-7592-4199-ba7e-8c2223e9b548@group-39D510FFD81F-LeaderElection21] INFO  impl.RoleInfo (RoleInfo.java:shutdownLeaderElection(134)) - 9a305e64-7592-4199-ba7e-8c2223e9b548: shutdown LeaderElection
2019-11-11 04:07:22,498 [9a305e64-7592-4199-ba7e-8c2223e9b548@group-39D510FFD81F-LeaderElection21] INFO  impl.RoleInfo (RoleInfo.java:updateAndGet(143)) - 9a305e64-7592-4199-ba7e-8c2223e9b548: start FollowerState
2019-11-11 04:07:22,877 [grpc-default-executor-5] WARN  server.GrpcLogAppender (LogUtils.java:warn(134)) - 9a305e64-7592-4199-ba7e-8c2223e9b548@group-F4D747E15FF8->61021d77-0677-40a1-98e7-8ba643935ac0-AppendLogResponseHandler: Failed appendEntries: org.apache.ratis.thirdparty.io.grpc.StatusRuntimeException: UNAVAILABLE: io exception
2019-11-11 04:07:22,877 [grpc-default-executor-4] WARN  server.GrpcLogAppender (LogUtils.java:warn(134)) - 9a305e64-7592-4199-ba7e-8c2223e9b548@group-F4D747E15FF8->f4ab3ec0-fcec-4fb2-8953-e521da90d916-AppendLogResponseHandler: Failed appendEntries: org.apache.ratis.thirdparty.io.grpc.StatusRuntimeException: UNAVAILABLE: io exception
2019-11-11 04:07:22,878 [grpc-default-executor-5] INFO  impl.FollowerInfo (FollowerInfo.java:lambda$new$0(51)) - 9a305e64-7592-4199-ba7e-8c2223e9b548@group-F4D747E15FF8->61021d77-0677-40a1-98e7-8ba643935ac0: nextIndex: updateUnconditionally 0 -> 0
2019-11-11 04:07:22,878 [grpc-default-executor-4] INFO  impl.FollowerInfo (FollowerInfo.java:lambda$new$0(51)) - 9a305e64-7592-4199-ba7e-8c2223e9b548@group-F4D747E15FF8->f4ab3ec0-fcec-4fb2-8953-e521da90d916: nextIndex: updateUnconditionally 30 -> 29
2019-11-11 04:07:23,380 [grpc-default-executor-5] WARN  server.GrpcLogAppender (LogUtils.java:warn(134)) - 9a305e64-7592-4199-ba7e-8c2223e9b548@group-F4D747E15FF8->f4ab3ec0-fcec-4fb2-8953-e521da90d916-AppendLogResponseHandler: Failed appendEntries: org.apache.ratis.thirdparty.io.grpc.StatusRuntimeException: UNAVAILABLE: io exception
2019-11-11 04:07:23,381 [grpc-default-executor-4] WARN  server.GrpcLogAppender (LogUtils.java:warn(134)) - 9a305e64-7592-4199-ba7e-8c2223e9b548@group-F4D747E15FF8->61021d77-0677-40a1-98e7-8ba643935ac0-AppendLogResponseHandler: Failed appendEntries: org.apache.ratis.thirdparty.io.grpc.StatusRuntimeException: UNAVAILABLE: io exception
2019-11-11 04:07:23,381 [grpc-default-executor-5] INFO  impl.FollowerInfo (FollowerInfo.java:lambda$new$0(51)) - 9a305e64-7592-4199-ba7e-8c2223e9b548@group-F4D747E15FF8->f4ab3ec0-fcec-4fb2-8953-e521da90d916: nextIndex: updateUnconditionally 29 -> 28
2019-11-11 04:07:23,381 [grpc-default-executor-4] INFO  impl.FollowerInfo (FollowerInfo.java:lambda$new$0(51)) - 9a305e64-7592-4199-ba7e-8c2223e9b548@group-F4D747E15FF8->61021d77-0677-40a1-98e7-8ba643935ac0: nextIndex: updateUnconditionally 0 -> 0
2019-11-11 04:07:23,627 [Thread-960] INFO  impl.FollowerState (FollowerState.java:run(111)) - 9a305e64-7592-4199-ba7e-8c2223e9b548@group-39D510FFD81F-FollowerState: change to CANDIDATE, lastRpcTime:1129ms, electionTimeout:1129ms
2019-11-11 04:07:23,628 [Thread-960] INFO  impl.RoleInfo (RoleInfo.java:shutdownFollowerState(121)) - 9a305e64-7592-4199-ba7e-8c2223e9b548: shutdown FollowerState
2019-11-11 04:07:23,628 [Thread-960] INFO  impl.RaftServerImpl (RaftServerImpl.java:setRole(173)) - 9a305e64-7592-4199-ba7e-8c2223e9b548@group-39D510FFD81F: changes role from  FOLLOWER to CANDIDATE at term 13 for changeToCandidate
2019-11-11 04:07:23,628 [Thread-960] INFO  impl.RoleInfo (RoleInfo.java:updateAndGet(143)) - 9a305e64-7592-4199-ba7e-8c2223e9b548: start LeaderElection
2019-11-11 04:07:23,641 [9a305e64-7592-4199-ba7e-8c2223e9b548@group-39D510FFD81F-LeaderElection22] INFO  impl.LeaderElection (LeaderElection.java:askForVotes(178)) - 9a305e64-7592-4199-ba7e-8c2223e9b548@group-39D510FFD81F-LeaderElection22: begin an election at term 14 for 1: [61021d77-0677-40a1-98e7-8ba643935ac0:192.168.34.63:35377, 9a305e64-7592-4199-ba7e-8c2223e9b548:192.168.34.63:35969, f4ab3ec0-fcec-4fb2-8953-e521da90d916:192.168.34.63:41296], old=null
2019-11-11 04:07:23,644 [9a305e64-7592-4199-ba7e-8c2223e9b548@group-39D510FFD81F-LeaderElection22] INFO  impl.LeaderElection (LogUtils.java:infoOrTrace(149)) - 9a305e64-7592-4199-ba7e-8c2223e9b548@group-39D510FFD81F-LeaderElection22 got exception when requesting votes: {}
java.util.concurrent.ExecutionException: org.apache.ratis.thirdparty.io.grpc.StatusRuntimeException: UNAVAILABLE: io exception
	at java.util.concurrent.FutureTask.report(FutureTask.java:122)
	at java.util.concurrent.FutureTask.get(FutureTask.java:192)
	at org.apache.ratis.server.impl.LeaderElection.waitForResults(LeaderElection.java:259)
	at org.apache.ratis.server.impl.LeaderElection.askForVotes(LeaderElection.java:197)
	at org.apache.ratis.server.impl.LeaderElection.run(LeaderElection.java:133)
	at java.lang.Thread.run(Thread.java:748)
Caused by: org.apache.ratis.thirdparty.io.grpc.StatusRuntimeException: UNAVAILABLE: io exception
	at org.apache.ratis.thirdparty.io.grpc.stub.ClientCalls.toStatusRuntimeException(ClientCalls.java:233)
	at org.apache.ratis.thirdparty.io.grpc.stub.ClientCalls.getUnchecked(ClientCalls.java:214)
	at org.apache.ratis.thirdparty.io.grpc.stub.ClientCalls.blockingUnaryCall(ClientCalls.java:139)
	at org.apache.ratis.proto.grpc.RaftServerProtocolServiceGrpc$RaftServerProtocolServiceBlockingStub.requestVote(RaftServerProtocolServiceGrpc.java:265)
	at org.apache.ratis.grpc.server.GrpcServerProtocolClient.requestVote(GrpcServerProtocolClient.java:99)
	at org.apache.ratis.grpc.server.GrpcService.requestVote(GrpcService.java:204)
	at org.apache.ratis.server.impl.LeaderElection.lambda$submitRequests$1(LeaderElection.java:234)
	at java.util.concurrent.FutureTask.run(FutureTask.java:266)
	at java.util.concurrent.Executors$RunnableAdapter.call(Executors.java:511)
	at java.util.concurrent.FutureTask.run(FutureTask.java:266)
	at java.util.concurrent.ThreadPoolExecutor.runWorker(ThreadPoolExecutor.java:1149)
	at java.util.concurrent.ThreadPoolExecutor$Worker.run(ThreadPoolExecutor.java:624)
	... 1 more
Caused by: org.apache.ratis.thirdparty.io.netty.channel.AbstractChannel$AnnotatedConnectException: Connection refused: /192.168.34.63:41296
	at sun.nio.ch.SocketChannelImpl.checkConnect(Native Method)
	at sun.nio.ch.SocketChannelImpl.finishConnect(SocketChannelImpl.java:717)
	at org.apache.ratis.thirdparty.io.netty.channel.socket.nio.NioSocketChannel.doFinishConnect(NioSocketChannel.java:327)
	at org.apache.ratis.thirdparty.io.netty.channel.nio.AbstractNioChannel$AbstractNioUnsafe.finishConnect(AbstractNioChannel.java:340)
	at org.apache.ratis.thirdparty.io.netty.channel.nio.NioEventLoop.processSelectedKey(NioEventLoop.java:632)
	at org.apache.ratis.thirdparty.io.netty.channel.nio.NioEventLoop.processSelectedKeysOptimized(NioEventLoop.java:579)
	at org.apache.ratis.thirdparty.io.netty.channel.nio.NioEventLoop.processSelectedKeys(NioEventLoop.java:496)
	at org.apache.ratis.thirdparty.io.netty.channel.nio.NioEventLoop.run(NioEventLoop.java:458)
	at org.apache.ratis.thirdparty.io.netty.util.concurrent.SingleThreadEventExecutor$5.run(SingleThreadEventExecutor.java:897)
	at org.apache.ratis.thirdparty.io.netty.util.concurrent.FastThreadLocalRunnable.run(FastThreadLocalRunnable.java:30)
	... 1 more
Caused by: java.net.ConnectException: Connection refused
	... 11 more
2019-11-11 04:07:23,647 [9a305e64-7592-4199-ba7e-8c2223e9b548@group-39D510FFD81F-LeaderElection22] INFO  impl.LeaderElection (LogUtils.java:infoOrTrace(149)) - 9a305e64-7592-4199-ba7e-8c2223e9b548@group-39D510FFD81F-LeaderElection22 got exception when requesting votes: {}
java.util.concurrent.ExecutionException: org.apache.ratis.thirdparty.io.grpc.StatusRuntimeException: UNAVAILABLE: io exception
	at java.util.concurrent.FutureTask.report(FutureTask.java:122)
	at java.util.concurrent.FutureTask.get(FutureTask.java:192)
	at org.apache.ratis.server.impl.LeaderElection.waitForResults(LeaderElection.java:259)
	at org.apache.ratis.server.impl.LeaderElection.askForVotes(LeaderElection.java:197)
	at org.apache.ratis.server.impl.LeaderElection.run(LeaderElection.java:133)
	at java.lang.Thread.run(Thread.java:748)
Caused by: org.apache.ratis.thirdparty.io.grpc.StatusRuntimeException: UNAVAILABLE: io exception
	at org.apache.ratis.thirdparty.io.grpc.stub.ClientCalls.toStatusRuntimeException(ClientCalls.java:233)
	at org.apache.ratis.thirdparty.io.grpc.stub.ClientCalls.getUnchecked(ClientCalls.java:214)
	at org.apache.ratis.thirdparty.io.grpc.stub.ClientCalls.blockingUnaryCall(ClientCalls.java:139)
	at org.apache.ratis.proto.grpc.RaftServerProtocolServiceGrpc$RaftServerProtocolServiceBlockingStub.requestVote(RaftServerProtocolServiceGrpc.java:265)
	at org.apache.ratis.grpc.server.GrpcServerProtocolClient.requestVote(GrpcServerProtocolClient.java:99)
	at org.apache.ratis.grpc.server.GrpcService.requestVote(GrpcService.java:204)
	at org.apache.ratis.server.impl.LeaderElection.lambda$submitRequests$1(LeaderElection.java:234)
	at java.util.concurrent.FutureTask.run(FutureTask.java:266)
	at java.util.concurrent.Executors$RunnableAdapter.call(Executors.java:511)
	at java.util.concurrent.FutureTask.run(FutureTask.java:266)
	at java.util.concurrent.ThreadPoolExecutor.runWorker(ThreadPoolExecutor.java:1149)
	at java.util.concurrent.ThreadPoolExecutor$Worker.run(ThreadPoolExecutor.java:624)
	... 1 more
Caused by: org.apache.ratis.thirdparty.io.netty.channel.AbstractChannel$AnnotatedConnectException: Connection refused: /192.168.34.63:35377
	at sun.nio.ch.SocketChannelImpl.checkConnect(Native Method)
	at sun.nio.ch.SocketChannelImpl.finishConnect(SocketChannelImpl.java:717)
	at org.apache.ratis.thirdparty.io.netty.channel.socket.nio.NioSocketChannel.doFinishConnect(NioSocketChannel.java:327)
	at org.apache.ratis.thirdparty.io.netty.channel.nio.AbstractNioChannel$AbstractNioUnsafe.finishConnect(AbstractNioChannel.java:340)
	at org.apache.ratis.thirdparty.io.netty.channel.nio.NioEventLoop.processSelectedKey(NioEventLoop.java:632)
	at org.apache.ratis.thirdparty.io.netty.channel.nio.NioEventLoop.processSelectedKeysOptimized(NioEventLoop.java:579)
	at org.apache.ratis.thirdparty.io.netty.channel.nio.NioEventLoop.processSelectedKeys(NioEventLoop.java:496)
	at org.apache.ratis.thirdparty.io.netty.channel.nio.NioEventLoop.run(NioEventLoop.java:458)
	at org.apache.ratis.thirdparty.io.netty.util.concurrent.SingleThreadEventExecutor$5.run(SingleThreadEventExecutor.java:897)
	at org.apache.ratis.thirdparty.io.netty.util.concurrent.FastThreadLocalRunnable.run(FastThreadLocalRunnable.java:30)
	... 1 more
Caused by: java.net.ConnectException: Connection refused
	... 11 more
2019-11-11 04:07:23,661 [9a305e64-7592-4199-ba7e-8c2223e9b548@group-39D510FFD81F-LeaderElection22] INFO  impl.LeaderElection (LeaderElection.java:logAndReturn(56)) - 9a305e64-7592-4199-ba7e-8c2223e9b548@group-39D510FFD81F-LeaderElection22: Election REJECTED; received 0 response(s) [] and 2 exception(s); 9a305e64-7592-4199-ba7e-8c2223e9b548@group-39D510FFD81F:t14, leader=null, voted=9a305e64-7592-4199-ba7e-8c2223e9b548, raftlog=9a305e64-7592-4199-ba7e-8c2223e9b548@group-39D510FFD81F-SegmentedRaftLog:OPENED:c2,f2,i2, conf=1: [61021d77-0677-40a1-98e7-8ba643935ac0:192.168.34.63:35377, 9a305e64-7592-4199-ba7e-8c2223e9b548:192.168.34.63:35969, f4ab3ec0-fcec-4fb2-8953-e521da90d916:192.168.34.63:41296], old=null
2019-11-11 04:07:23,661 [9a305e64-7592-4199-ba7e-8c2223e9b548@group-39D510FFD81F-LeaderElection22] INFO  impl.LeaderElection (LogUtils.java:infoOrTrace(149)) -   Exception 0: {}
java.util.concurrent.ExecutionException: org.apache.ratis.thirdparty.io.grpc.StatusRuntimeException: UNAVAILABLE: io exception
	at java.util.concurrent.FutureTask.report(FutureTask.java:122)
	at java.util.concurrent.FutureTask.get(FutureTask.java:192)
	at org.apache.ratis.server.impl.LeaderElection.waitForResults(LeaderElection.java:259)
	at org.apache.ratis.server.impl.LeaderElection.askForVotes(LeaderElection.java:197)
	at org.apache.ratis.server.impl.LeaderElection.run(LeaderElection.java:133)
	at java.lang.Thread.run(Thread.java:748)
Caused by: org.apache.ratis.thirdparty.io.grpc.StatusRuntimeException: UNAVAILABLE: io exception
	at org.apache.ratis.thirdparty.io.grpc.stub.ClientCalls.toStatusRuntimeException(ClientCalls.java:233)
	at org.apache.ratis.thirdparty.io.grpc.stub.ClientCalls.getUnchecked(ClientCalls.java:214)
	at org.apache.ratis.thirdparty.io.grpc.stub.ClientCalls.blockingUnaryCall(ClientCalls.java:139)
	at org.apache.ratis.proto.grpc.RaftServerProtocolServiceGrpc$RaftServerProtocolServiceBlockingStub.requestVote(RaftServerProtocolServiceGrpc.java:265)
	at org.apache.ratis.grpc.server.GrpcServerProtocolClient.requestVote(GrpcServerProtocolClient.java:99)
	at org.apache.ratis.grpc.server.GrpcService.requestVote(GrpcService.java:204)
	at org.apache.ratis.server.impl.LeaderElection.lambda$submitRequests$1(LeaderElection.java:234)
	at java.util.concurrent.FutureTask.run(FutureTask.java:266)
	at java.util.concurrent.Executors$RunnableAdapter.call(Executors.java:511)
	at java.util.concurrent.FutureTask.run(FutureTask.java:266)
	at java.util.concurrent.ThreadPoolExecutor.runWorker(ThreadPoolExecutor.java:1149)
	at java.util.concurrent.ThreadPoolExecutor$Worker.run(ThreadPoolExecutor.java:624)
	... 1 more
Caused by: org.apache.ratis.thirdparty.io.netty.channel.AbstractChannel$AnnotatedConnectException: Connection refused: /192.168.34.63:41296
	at sun.nio.ch.SocketChannelImpl.checkConnect(Native Method)
	at sun.nio.ch.SocketChannelImpl.finishConnect(SocketChannelImpl.java:717)
	at org.apache.ratis.thirdparty.io.netty.channel.socket.nio.NioSocketChannel.doFinishConnect(NioSocketChannel.java:327)
	at org.apache.ratis.thirdparty.io.netty.channel.nio.AbstractNioChannel$AbstractNioUnsafe.finishConnect(AbstractNioChannel.java:340)
	at org.apache.ratis.thirdparty.io.netty.channel.nio.NioEventLoop.processSelectedKey(NioEventLoop.java:632)
	at org.apache.ratis.thirdparty.io.netty.channel.nio.NioEventLoop.processSelectedKeysOptimized(NioEventLoop.java:579)
	at org.apache.ratis.thirdparty.io.netty.channel.nio.NioEventLoop.processSelectedKeys(NioEventLoop.java:496)
	at org.apache.ratis.thirdparty.io.netty.channel.nio.NioEventLoop.run(NioEventLoop.java:458)
	at org.apache.ratis.thirdparty.io.netty.util.concurrent.SingleThreadEventExecutor$5.run(SingleThreadEventExecutor.java:897)
	at org.apache.ratis.thirdparty.io.netty.util.concurrent.FastThreadLocalRunnable.run(FastThreadLocalRunnable.java:30)
	... 1 more
Caused by: java.net.ConnectException: Connection refused
	... 11 more
2019-11-11 04:07:23,661 [9a305e64-7592-4199-ba7e-8c2223e9b548@group-39D510FFD81F-LeaderElection22] INFO  impl.LeaderElection (LogUtils.java:infoOrTrace(149)) -   Exception 1: {}
java.util.concurrent.ExecutionException: org.apache.ratis.thirdparty.io.grpc.StatusRuntimeException: UNAVAILABLE: io exception
	at java.util.concurrent.FutureTask.report(FutureTask.java:122)
	at java.util.concurrent.FutureTask.get(FutureTask.java:192)
	at org.apache.ratis.server.impl.LeaderElection.waitForResults(LeaderElection.java:259)
	at org.apache.ratis.server.impl.LeaderElection.askForVotes(LeaderElection.java:197)
	at org.apache.ratis.server.impl.LeaderElection.run(LeaderElection.java:133)
	at java.lang.Thread.run(Thread.java:748)
Caused by: org.apache.ratis.thirdparty.io.grpc.StatusRuntimeException: UNAVAILABLE: io exception
	at org.apache.ratis.thirdparty.io.grpc.stub.ClientCalls.toStatusRuntimeException(ClientCalls.java:233)
	at org.apache.ratis.thirdparty.io.grpc.stub.ClientCalls.getUnchecked(ClientCalls.java:214)
	at org.apache.ratis.thirdparty.io.grpc.stub.ClientCalls.blockingUnaryCall(ClientCalls.java:139)
	at org.apache.ratis.proto.grpc.RaftServerProtocolServiceGrpc$RaftServerProtocolServiceBlockingStub.requestVote(RaftServerProtocolServiceGrpc.java:265)
	at org.apache.ratis.grpc.server.GrpcServerProtocolClient.requestVote(GrpcServerProtocolClient.java:99)
	at org.apache.ratis.grpc.server.GrpcService.requestVote(GrpcService.java:204)
	at org.apache.ratis.server.impl.LeaderElection.lambda$submitRequests$1(LeaderElection.java:234)
	at java.util.concurrent.FutureTask.run(FutureTask.java:266)
	at java.util.concurrent.Executors$RunnableAdapter.call(Executors.java:511)
	at java.util.concurrent.FutureTask.run(FutureTask.java:266)
	at java.util.concurrent.ThreadPoolExecutor.runWorker(ThreadPoolExecutor.java:1149)
	at java.util.concurrent.ThreadPoolExecutor$Worker.run(ThreadPoolExecutor.java:624)
	... 1 more
Caused by: org.apache.ratis.thirdparty.io.netty.channel.AbstractChannel$AnnotatedConnectException: Connection refused: /192.168.34.63:35377
	at sun.nio.ch.SocketChannelImpl.checkConnect(Native Method)
	at sun.nio.ch.SocketChannelImpl.finishConnect(SocketChannelImpl.java:717)
	at org.apache.ratis.thirdparty.io.netty.channel.socket.nio.NioSocketChannel.doFinishConnect(NioSocketChannel.java:327)
	at org.apache.ratis.thirdparty.io.netty.channel.nio.AbstractNioChannel$AbstractNioUnsafe.finishConnect(AbstractNioChannel.java:340)
	at org.apache.ratis.thirdparty.io.netty.channel.nio.NioEventLoop.processSelectedKey(NioEventLoop.java:632)
	at org.apache.ratis.thirdparty.io.netty.channel.nio.NioEventLoop.processSelectedKeysOptimized(NioEventLoop.java:579)
	at org.apache.ratis.thirdparty.io.netty.channel.nio.NioEventLoop.processSelectedKeys(NioEventLoop.java:496)
	at org.apache.ratis.thirdparty.io.netty.channel.nio.NioEventLoop.run(NioEventLoop.java:458)
	at org.apache.ratis.thirdparty.io.netty.util.concurrent.SingleThreadEventExecutor$5.run(SingleThreadEventExecutor.java:897)
	at org.apache.ratis.thirdparty.io.netty.util.concurrent.FastThreadLocalRunnable.run(FastThreadLocalRunnable.java:30)
	... 1 more
Caused by: java.net.ConnectException: Connection refused
	... 11 more
2019-11-11 04:07:23,662 [9a305e64-7592-4199-ba7e-8c2223e9b548@group-39D510FFD81F-LeaderElection22] INFO  impl.RaftServerImpl (RaftServerImpl.java:setRole(173)) - 9a305e64-7592-4199-ba7e-8c2223e9b548@group-39D510FFD81F: changes role from CANDIDATE to FOLLOWER at term 14 for DISCOVERED_A_NEW_TERM
2019-11-11 04:07:23,662 [9a305e64-7592-4199-ba7e-8c2223e9b548@group-39D510FFD81F-LeaderElection22] INFO  impl.RoleInfo (RoleInfo.java:shutdownLeaderElection(134)) - 9a305e64-7592-4199-ba7e-8c2223e9b548: shutdown LeaderElection
2019-11-11 04:07:23,662 [9a305e64-7592-4199-ba7e-8c2223e9b548@group-39D510FFD81F-LeaderElection22] INFO  impl.RoleInfo (RoleInfo.java:updateAndGet(143)) - 9a305e64-7592-4199-ba7e-8c2223e9b548: start FollowerState
2019-11-11 04:07:23,879 [grpc-default-executor-4] WARN  server.GrpcLogAppender (LogUtils.java:warn(134)) - 9a305e64-7592-4199-ba7e-8c2223e9b548@group-F4D747E15FF8->61021d77-0677-40a1-98e7-8ba643935ac0-AppendLogResponseHandler: Failed appendEntries: org.apache.ratis.thirdparty.io.grpc.StatusRuntimeException: UNAVAILABLE: io exception
2019-11-11 04:07:23,879 [grpc-default-executor-5] WARN  server.GrpcLogAppender (LogUtils.java:warn(134)) - 9a305e64-7592-4199-ba7e-8c2223e9b548@group-F4D747E15FF8->f4ab3ec0-fcec-4fb2-8953-e521da90d916-AppendLogResponseHandler: Failed appendEntries: org.apache.ratis.thirdparty.io.grpc.StatusRuntimeException: UNAVAILABLE: io exception
2019-11-11 04:07:23,880 [grpc-default-executor-4] INFO  impl.FollowerInfo (FollowerInfo.java:lambda$new$0(51)) - 9a305e64-7592-4199-ba7e-8c2223e9b548@group-F4D747E15FF8->61021d77-0677-40a1-98e7-8ba643935ac0: nextIndex: updateUnconditionally 0 -> 0
2019-11-11 04:07:23,880 [grpc-default-executor-5] INFO  impl.FollowerInfo (FollowerInfo.java:lambda$new$0(51)) - 9a305e64-7592-4199-ba7e-8c2223e9b548@group-F4D747E15FF8->f4ab3ec0-fcec-4fb2-8953-e521da90d916: nextIndex: updateUnconditionally 28 -> 27
2019-11-11 04:07:24,385 [grpc-default-executor-0] WARN  server.GrpcLogAppender (LogUtils.java:warn(134)) - 9a305e64-7592-4199-ba7e-8c2223e9b548@group-F4D747E15FF8->f4ab3ec0-fcec-4fb2-8953-e521da90d916-AppendLogResponseHandler: Failed appendEntries: org.apache.ratis.thirdparty.io.grpc.StatusRuntimeException: UNAVAILABLE: io exception
2019-11-11 04:07:24,385 [grpc-default-executor-5] WARN  server.GrpcLogAppender (LogUtils.java:warn(134)) - 9a305e64-7592-4199-ba7e-8c2223e9b548@group-F4D747E15FF8->61021d77-0677-40a1-98e7-8ba643935ac0-AppendLogResponseHandler: Failed appendEntries: org.apache.ratis.thirdparty.io.grpc.StatusRuntimeException: UNAVAILABLE: io exception
2019-11-11 04:07:24,386 [grpc-default-executor-0] INFO  impl.FollowerInfo (FollowerInfo.java:lambda$new$0(51)) - 9a305e64-7592-4199-ba7e-8c2223e9b548@group-F4D747E15FF8->f4ab3ec0-fcec-4fb2-8953-e521da90d916: nextIndex: updateUnconditionally 27 -> 26
2019-11-11 04:07:24,386 [grpc-default-executor-5] INFO  impl.FollowerInfo (FollowerInfo.java:lambda$new$0(51)) - 9a305e64-7592-4199-ba7e-8c2223e9b548@group-F4D747E15FF8->61021d77-0677-40a1-98e7-8ba643935ac0: nextIndex: updateUnconditionally 0 -> 0
2019-11-11 04:07:24,757 [Thread-967] INFO  impl.FollowerState (FollowerState.java:run(111)) - 9a305e64-7592-4199-ba7e-8c2223e9b548@group-39D510FFD81F-FollowerState: change to CANDIDATE, lastRpcTime:1094ms, electionTimeout:1094ms
2019-11-11 04:07:24,757 [Thread-967] INFO  impl.RoleInfo (RoleInfo.java:shutdownFollowerState(121)) - 9a305e64-7592-4199-ba7e-8c2223e9b548: shutdown FollowerState
2019-11-11 04:07:24,757 [Thread-967] INFO  impl.RaftServerImpl (RaftServerImpl.java:setRole(173)) - 9a305e64-7592-4199-ba7e-8c2223e9b548@group-39D510FFD81F: changes role from  FOLLOWER to CANDIDATE at term 14 for changeToCandidate
2019-11-11 04:07:24,757 [Thread-967] INFO  impl.RoleInfo (RoleInfo.java:updateAndGet(143)) - 9a305e64-7592-4199-ba7e-8c2223e9b548: start LeaderElection
2019-11-11 04:07:24,766 [9a305e64-7592-4199-ba7e-8c2223e9b548@group-39D510FFD81F-LeaderElection23] INFO  impl.LeaderElection (LeaderElection.java:askForVotes(178)) - 9a305e64-7592-4199-ba7e-8c2223e9b548@group-39D510FFD81F-LeaderElection23: begin an election at term 15 for 1: [61021d77-0677-40a1-98e7-8ba643935ac0:192.168.34.63:35377, 9a305e64-7592-4199-ba7e-8c2223e9b548:192.168.34.63:35969, f4ab3ec0-fcec-4fb2-8953-e521da90d916:192.168.34.63:41296], old=null
2019-11-11 04:07:24,769 [9a305e64-7592-4199-ba7e-8c2223e9b548@group-39D510FFD81F-LeaderElection23] INFO  impl.LeaderElection (LogUtils.java:infoOrTrace(149)) - 9a305e64-7592-4199-ba7e-8c2223e9b548@group-39D510FFD81F-LeaderElection23 got exception when requesting votes: {}
java.util.concurrent.ExecutionException: org.apache.ratis.thirdparty.io.grpc.StatusRuntimeException: UNAVAILABLE: io exception
	at java.util.concurrent.FutureTask.report(FutureTask.java:122)
	at java.util.concurrent.FutureTask.get(FutureTask.java:192)
	at org.apache.ratis.server.impl.LeaderElection.waitForResults(LeaderElection.java:259)
	at org.apache.ratis.server.impl.LeaderElection.askForVotes(LeaderElection.java:197)
	at org.apache.ratis.server.impl.LeaderElection.run(LeaderElection.java:133)
	at java.lang.Thread.run(Thread.java:748)
Caused by: org.apache.ratis.thirdparty.io.grpc.StatusRuntimeException: UNAVAILABLE: io exception
	at org.apache.ratis.thirdparty.io.grpc.stub.ClientCalls.toStatusRuntimeException(ClientCalls.java:233)
	at org.apache.ratis.thirdparty.io.grpc.stub.ClientCalls.getUnchecked(ClientCalls.java:214)
	at org.apache.ratis.thirdparty.io.grpc.stub.ClientCalls.blockingUnaryCall(ClientCalls.java:139)
	at org.apache.ratis.proto.grpc.RaftServerProtocolServiceGrpc$RaftServerProtocolServiceBlockingStub.requestVote(RaftServerProtocolServiceGrpc.java:265)
	at org.apache.ratis.grpc.server.GrpcServerProtocolClient.requestVote(GrpcServerProtocolClient.java:99)
	at org.apache.ratis.grpc.server.GrpcService.requestVote(GrpcService.java:204)
	at org.apache.ratis.server.impl.LeaderElection.lambda$submitRequests$1(LeaderElection.java:234)
	at java.util.concurrent.FutureTask.run(FutureTask.java:266)
	at java.util.concurrent.Executors$RunnableAdapter.call(Executors.java:511)
	at java.util.concurrent.FutureTask.run(FutureTask.java:266)
	at java.util.concurrent.ThreadPoolExecutor.runWorker(ThreadPoolExecutor.java:1149)
	at java.util.concurrent.ThreadPoolExecutor$Worker.run(ThreadPoolExecutor.java:624)
	... 1 more
Caused by: org.apache.ratis.thirdparty.io.netty.channel.AbstractChannel$AnnotatedConnectException: Connection refused: /192.168.34.63:41296
	at sun.nio.ch.SocketChannelImpl.checkConnect(Native Method)
	at sun.nio.ch.SocketChannelImpl.finishConnect(SocketChannelImpl.java:717)
	at org.apache.ratis.thirdparty.io.netty.channel.socket.nio.NioSocketChannel.doFinishConnect(NioSocketChannel.java:327)
	at org.apache.ratis.thirdparty.io.netty.channel.nio.AbstractNioChannel$AbstractNioUnsafe.finishConnect(AbstractNioChannel.java:340)
	at org.apache.ratis.thirdparty.io.netty.channel.nio.NioEventLoop.processSelectedKey(NioEventLoop.java:632)
	at org.apache.ratis.thirdparty.io.netty.channel.nio.NioEventLoop.processSelectedKeysOptimized(NioEventLoop.java:579)
	at org.apache.ratis.thirdparty.io.netty.channel.nio.NioEventLoop.processSelectedKeys(NioEventLoop.java:496)
	at org.apache.ratis.thirdparty.io.netty.channel.nio.NioEventLoop.run(NioEventLoop.java:458)
	at org.apache.ratis.thirdparty.io.netty.util.concurrent.SingleThreadEventExecutor$5.run(SingleThreadEventExecutor.java:897)
	at org.apache.ratis.thirdparty.io.netty.util.concurrent.FastThreadLocalRunnable.run(FastThreadLocalRunnable.java:30)
	... 1 more
Caused by: java.net.ConnectException: Connection refused
	... 11 more
2019-11-11 04:07:24,770 [9a305e64-7592-4199-ba7e-8c2223e9b548@group-39D510FFD81F-LeaderElection23] INFO  impl.LeaderElection (LogUtils.java:infoOrTrace(149)) - 9a305e64-7592-4199-ba7e-8c2223e9b548@group-39D510FFD81F-LeaderElection23 got exception when requesting votes: {}
java.util.concurrent.ExecutionException: org.apache.ratis.thirdparty.io.grpc.StatusRuntimeException: UNAVAILABLE: io exception
	at java.util.concurrent.FutureTask.report(FutureTask.java:122)
	at java.util.concurrent.FutureTask.get(FutureTask.java:192)
	at org.apache.ratis.server.impl.LeaderElection.waitForResults(LeaderElection.java:259)
	at org.apache.ratis.server.impl.LeaderElection.askForVotes(LeaderElection.java:197)
	at org.apache.ratis.server.impl.LeaderElection.run(LeaderElection.java:133)
	at java.lang.Thread.run(Thread.java:748)
Caused by: org.apache.ratis.thirdparty.io.grpc.StatusRuntimeException: UNAVAILABLE: io exception
	at org.apache.ratis.thirdparty.io.grpc.stub.ClientCalls.toStatusRuntimeException(ClientCalls.java:233)
	at org.apache.ratis.thirdparty.io.grpc.stub.ClientCalls.getUnchecked(ClientCalls.java:214)
	at org.apache.ratis.thirdparty.io.grpc.stub.ClientCalls.blockingUnaryCall(ClientCalls.java:139)
	at org.apache.ratis.proto.grpc.RaftServerProtocolServiceGrpc$RaftServerProtocolServiceBlockingStub.requestVote(RaftServerProtocolServiceGrpc.java:265)
	at org.apache.ratis.grpc.server.GrpcServerProtocolClient.requestVote(GrpcServerProtocolClient.java:99)
	at org.apache.ratis.grpc.server.GrpcService.requestVote(GrpcService.java:204)
	at org.apache.ratis.server.impl.LeaderElection.lambda$submitRequests$1(LeaderElection.java:234)
	at java.util.concurrent.FutureTask.run(FutureTask.java:266)
	at java.util.concurrent.Executors$RunnableAdapter.call(Executors.java:511)
	at java.util.concurrent.FutureTask.run(FutureTask.java:266)
	at java.util.concurrent.ThreadPoolExecutor.runWorker(ThreadPoolExecutor.java:1149)
	at java.util.concurrent.ThreadPoolExecutor$Worker.run(ThreadPoolExecutor.java:624)
	... 1 more
Caused by: org.apache.ratis.thirdparty.io.netty.channel.AbstractChannel$AnnotatedConnectException: Connection refused: /192.168.34.63:35377
	at sun.nio.ch.SocketChannelImpl.checkConnect(Native Method)
	at sun.nio.ch.SocketChannelImpl.finishConnect(SocketChannelImpl.java:717)
	at org.apache.ratis.thirdparty.io.netty.channel.socket.nio.NioSocketChannel.doFinishConnect(NioSocketChannel.java:327)
	at org.apache.ratis.thirdparty.io.netty.channel.nio.AbstractNioChannel$AbstractNioUnsafe.finishConnect(AbstractNioChannel.java:340)
	at org.apache.ratis.thirdparty.io.netty.channel.nio.NioEventLoop.processSelectedKey(NioEventLoop.java:632)
	at org.apache.ratis.thirdparty.io.netty.channel.nio.NioEventLoop.processSelectedKeysOptimized(NioEventLoop.java:579)
	at org.apache.ratis.thirdparty.io.netty.channel.nio.NioEventLoop.processSelectedKeys(NioEventLoop.java:496)
	at org.apache.ratis.thirdparty.io.netty.channel.nio.NioEventLoop.run(NioEventLoop.java:458)
	at org.apache.ratis.thirdparty.io.netty.util.concurrent.SingleThreadEventExecutor$5.run(SingleThreadEventExecutor.java:897)
	at org.apache.ratis.thirdparty.io.netty.util.concurrent.FastThreadLocalRunnable.run(FastThreadLocalRunnable.java:30)
	... 1 more
Caused by: java.net.ConnectException: Connection refused
	... 11 more
2019-11-11 04:07:24,771 [9a305e64-7592-4199-ba7e-8c2223e9b548@group-39D510FFD81F-LeaderElection23] INFO  impl.LeaderElection (LeaderElection.java:logAndReturn(56)) - 9a305e64-7592-4199-ba7e-8c2223e9b548@group-39D510FFD81F-LeaderElection23: Election REJECTED; received 0 response(s) [] and 2 exception(s); 9a305e64-7592-4199-ba7e-8c2223e9b548@group-39D510FFD81F:t15, leader=null, voted=9a305e64-7592-4199-ba7e-8c2223e9b548, raftlog=9a305e64-7592-4199-ba7e-8c2223e9b548@group-39D510FFD81F-SegmentedRaftLog:OPENED:c2,f2,i2, conf=1: [61021d77-0677-40a1-98e7-8ba643935ac0:192.168.34.63:35377, 9a305e64-7592-4199-ba7e-8c2223e9b548:192.168.34.63:35969, f4ab3ec0-fcec-4fb2-8953-e521da90d916:192.168.34.63:41296], old=null
2019-11-11 04:07:24,771 [9a305e64-7592-4199-ba7e-8c2223e9b548@group-39D510FFD81F-LeaderElection23] INFO  impl.LeaderElection (LogUtils.java:infoOrTrace(149)) -   Exception 0: {}
java.util.concurrent.ExecutionException: org.apache.ratis.thirdparty.io.grpc.StatusRuntimeException: UNAVAILABLE: io exception
	at java.util.concurrent.FutureTask.report(FutureTask.java:122)
	at java.util.concurrent.FutureTask.get(FutureTask.java:192)
	at org.apache.ratis.server.impl.LeaderElection.waitForResults(LeaderElection.java:259)
	at org.apache.ratis.server.impl.LeaderElection.askForVotes(LeaderElection.java:197)
	at org.apache.ratis.server.impl.LeaderElection.run(LeaderElection.java:133)
	at java.lang.Thread.run(Thread.java:748)
Caused by: org.apache.ratis.thirdparty.io.grpc.StatusRuntimeException: UNAVAILABLE: io exception
	at org.apache.ratis.thirdparty.io.grpc.stub.ClientCalls.toStatusRuntimeException(ClientCalls.java:233)
	at org.apache.ratis.thirdparty.io.grpc.stub.ClientCalls.getUnchecked(ClientCalls.java:214)
	at org.apache.ratis.thirdparty.io.grpc.stub.ClientCalls.blockingUnaryCall(ClientCalls.java:139)
	at org.apache.ratis.proto.grpc.RaftServerProtocolServiceGrpc$RaftServerProtocolServiceBlockingStub.requestVote(RaftServerProtocolServiceGrpc.java:265)
	at org.apache.ratis.grpc.server.GrpcServerProtocolClient.requestVote(GrpcServerProtocolClient.java:99)
	at org.apache.ratis.grpc.server.GrpcService.requestVote(GrpcService.java:204)
	at org.apache.ratis.server.impl.LeaderElection.lambda$submitRequests$1(LeaderElection.java:234)
	at java.util.concurrent.FutureTask.run(FutureTask.java:266)
	at java.util.concurrent.Executors$RunnableAdapter.call(Executors.java:511)
	at java.util.concurrent.FutureTask.run(FutureTask.java:266)
	at java.util.concurrent.ThreadPoolExecutor.runWorker(ThreadPoolExecutor.java:1149)
	at java.util.concurrent.ThreadPoolExecutor$Worker.run(ThreadPoolExecutor.java:624)
	... 1 more
Caused by: org.apache.ratis.thirdparty.io.netty.channel.AbstractChannel$AnnotatedConnectException: Connection refused: /192.168.34.63:41296
	at sun.nio.ch.SocketChannelImpl.checkConnect(Native Method)
	at sun.nio.ch.SocketChannelImpl.finishConnect(SocketChannelImpl.java:717)
	at org.apache.ratis.thirdparty.io.netty.channel.socket.nio.NioSocketChannel.doFinishConnect(NioSocketChannel.java:327)
	at org.apache.ratis.thirdparty.io.netty.channel.nio.AbstractNioChannel$AbstractNioUnsafe.finishConnect(AbstractNioChannel.java:340)
	at org.apache.ratis.thirdparty.io.netty.channel.nio.NioEventLoop.processSelectedKey(NioEventLoop.java:632)
	at org.apache.ratis.thirdparty.io.netty.channel.nio.NioEventLoop.processSelectedKeysOptimized(NioEventLoop.java:579)
	at org.apache.ratis.thirdparty.io.netty.channel.nio.NioEventLoop.processSelectedKeys(NioEventLoop.java:496)
	at org.apache.ratis.thirdparty.io.netty.channel.nio.NioEventLoop.run(NioEventLoop.java:458)
	at org.apache.ratis.thirdparty.io.netty.util.concurrent.SingleThreadEventExecutor$5.run(SingleThreadEventExecutor.java:897)
	at org.apache.ratis.thirdparty.io.netty.util.concurrent.FastThreadLocalRunnable.run(FastThreadLocalRunnable.java:30)
	... 1 more
Caused by: java.net.ConnectException: Connection refused
	... 11 more
2019-11-11 04:07:24,771 [9a305e64-7592-4199-ba7e-8c2223e9b548@group-39D510FFD81F-LeaderElection23] INFO  impl.LeaderElection (LogUtils.java:infoOrTrace(149)) -   Exception 1: {}
java.util.concurrent.ExecutionException: org.apache.ratis.thirdparty.io.grpc.StatusRuntimeException: UNAVAILABLE: io exception
	at java.util.concurrent.FutureTask.report(FutureTask.java:122)
	at java.util.concurrent.FutureTask.get(FutureTask.java:192)
	at org.apache.ratis.server.impl.LeaderElection.waitForResults(LeaderElection.java:259)
	at org.apache.ratis.server.impl.LeaderElection.askForVotes(LeaderElection.java:197)
	at org.apache.ratis.server.impl.LeaderElection.run(LeaderElection.java:133)
	at java.lang.Thread.run(Thread.java:748)
Caused by: org.apache.ratis.thirdparty.io.grpc.StatusRuntimeException: UNAVAILABLE: io exception
	at org.apache.ratis.thirdparty.io.grpc.stub.ClientCalls.toStatusRuntimeException(ClientCalls.java:233)
	at org.apache.ratis.thirdparty.io.grpc.stub.ClientCalls.getUnchecked(ClientCalls.java:214)
	at org.apache.ratis.thirdparty.io.grpc.stub.ClientCalls.blockingUnaryCall(ClientCalls.java:139)
	at org.apache.ratis.proto.grpc.RaftServerProtocolServiceGrpc$RaftServerProtocolServiceBlockingStub.requestVote(RaftServerProtocolServiceGrpc.java:265)
	at org.apache.ratis.grpc.server.GrpcServerProtocolClient.requestVote(GrpcServerProtocolClient.java:99)
	at org.apache.ratis.grpc.server.GrpcService.requestVote(GrpcService.java:204)
	at org.apache.ratis.server.impl.LeaderElection.lambda$submitRequests$1(LeaderElection.java:234)
	at java.util.concurrent.FutureTask.run(FutureTask.java:266)
	at java.util.concurrent.Executors$RunnableAdapter.call(Executors.java:511)
	at java.util.concurrent.FutureTask.run(FutureTask.java:266)
	at java.util.concurrent.ThreadPoolExecutor.runWorker(ThreadPoolExecutor.java:1149)
	at java.util.concurrent.ThreadPoolExecutor$Worker.run(ThreadPoolExecutor.java:624)
	... 1 more
Caused by: org.apache.ratis.thirdparty.io.netty.channel.AbstractChannel$AnnotatedConnectException: Connection refused: /192.168.34.63:35377
	at sun.nio.ch.SocketChannelImpl.checkConnect(Native Method)
	at sun.nio.ch.SocketChannelImpl.finishConnect(SocketChannelImpl.java:717)
	at org.apache.ratis.thirdparty.io.netty.channel.socket.nio.NioSocketChannel.doFinishConnect(NioSocketChannel.java:327)
	at org.apache.ratis.thirdparty.io.netty.channel.nio.AbstractNioChannel$AbstractNioUnsafe.finishConnect(AbstractNioChannel.java:340)
	at org.apache.ratis.thirdparty.io.netty.channel.nio.NioEventLoop.processSelectedKey(NioEventLoop.java:632)
	at org.apache.ratis.thirdparty.io.netty.channel.nio.NioEventLoop.processSelectedKeysOptimized(NioEventLoop.java:579)
	at org.apache.ratis.thirdparty.io.netty.channel.nio.NioEventLoop.processSelectedKeys(NioEventLoop.java:496)
	at org.apache.ratis.thirdparty.io.netty.channel.nio.NioEventLoop.run(NioEventLoop.java:458)
	at org.apache.ratis.thirdparty.io.netty.util.concurrent.SingleThreadEventExecutor$5.run(SingleThreadEventExecutor.java:897)
	at org.apache.ratis.thirdparty.io.netty.util.concurrent.FastThreadLocalRunnable.run(FastThreadLocalRunnable.java:30)
	... 1 more
Caused by: java.net.ConnectException: Connection refused
	... 11 more
2019-11-11 04:07:24,771 [9a305e64-7592-4199-ba7e-8c2223e9b548@group-39D510FFD81F-LeaderElection23] INFO  impl.RaftServerImpl (RaftServerImpl.java:setRole(173)) - 9a305e64-7592-4199-ba7e-8c2223e9b548@group-39D510FFD81F: changes role from CANDIDATE to FOLLOWER at term 15 for DISCOVERED_A_NEW_TERM
2019-11-11 04:07:24,771 [9a305e64-7592-4199-ba7e-8c2223e9b548@group-39D510FFD81F-LeaderElection23] INFO  impl.RoleInfo (RoleInfo.java:shutdownLeaderElection(134)) - 9a305e64-7592-4199-ba7e-8c2223e9b548: shutdown LeaderElection
2019-11-11 04:07:24,772 [9a305e64-7592-4199-ba7e-8c2223e9b548@group-39D510FFD81F-LeaderElection23] INFO  impl.RoleInfo (RoleInfo.java:updateAndGet(143)) - 9a305e64-7592-4199-ba7e-8c2223e9b548: start FollowerState
2019-11-11 04:07:24,882 [grpc-default-executor-4] WARN  server.GrpcLogAppender (LogUtils.java:warn(134)) - 9a305e64-7592-4199-ba7e-8c2223e9b548@group-F4D747E15FF8->61021d77-0677-40a1-98e7-8ba643935ac0-AppendLogResponseHandler: Failed appendEntries: org.apache.ratis.thirdparty.io.grpc.StatusRuntimeException: UNAVAILABLE: io exception
2019-11-11 04:07:24,882 [grpc-default-executor-5] WARN  server.GrpcLogAppender (LogUtils.java:warn(134)) - 9a305e64-7592-4199-ba7e-8c2223e9b548@group-F4D747E15FF8->f4ab3ec0-fcec-4fb2-8953-e521da90d916-AppendLogResponseHandler: Failed appendEntries: org.apache.ratis.thirdparty.io.grpc.StatusRuntimeException: UNAVAILABLE: io exception
2019-11-11 04:07:24,883 [grpc-default-executor-4] INFO  impl.FollowerInfo (FollowerInfo.java:lambda$new$0(51)) - 9a305e64-7592-4199-ba7e-8c2223e9b548@group-F4D747E15FF8->61021d77-0677-40a1-98e7-8ba643935ac0: nextIndex: updateUnconditionally 0 -> 0
2019-11-11 04:07:24,883 [grpc-default-executor-5] INFO  impl.FollowerInfo (FollowerInfo.java:lambda$new$0(51)) - 9a305e64-7592-4199-ba7e-8c2223e9b548@group-F4D747E15FF8->f4ab3ec0-fcec-4fb2-8953-e521da90d916: nextIndex: updateUnconditionally 26 -> 25
2019-11-11 04:07:25,384 [grpc-default-executor-0] WARN  server.GrpcLogAppender (LogUtils.java:warn(134)) - 9a305e64-7592-4199-ba7e-8c2223e9b548@group-F4D747E15FF8->f4ab3ec0-fcec-4fb2-8953-e521da90d916-AppendLogResponseHandler: Failed appendEntries: org.apache.ratis.thirdparty.io.grpc.StatusRuntimeException: UNAVAILABLE: io exception
2019-11-11 04:07:25,384 [grpc-default-executor-2] WARN  server.GrpcLogAppender (LogUtils.java:warn(134)) - 9a305e64-7592-4199-ba7e-8c2223e9b548@group-F4D747E15FF8->61021d77-0677-40a1-98e7-8ba643935ac0-AppendLogResponseHandler: Failed appendEntries: org.apache.ratis.thirdparty.io.grpc.StatusRuntimeException: UNAVAILABLE: io exception
2019-11-11 04:07:25,385 [grpc-default-executor-0] INFO  impl.FollowerInfo (FollowerInfo.java:lambda$new$0(51)) - 9a305e64-7592-4199-ba7e-8c2223e9b548@group-F4D747E15FF8->f4ab3ec0-fcec-4fb2-8953-e521da90d916: nextIndex: updateUnconditionally 25 -> 24
2019-11-11 04:07:25,385 [grpc-default-executor-2] INFO  impl.FollowerInfo (FollowerInfo.java:lambda$new$0(51)) - 9a305e64-7592-4199-ba7e-8c2223e9b548@group-F4D747E15FF8->61021d77-0677-40a1-98e7-8ba643935ac0: nextIndex: updateUnconditionally 0 -> 0
2019-11-11 04:07:25,474 [grpc-default-executor-2] INFO  impl.RaftServerProxy (RaftServerProxy.java:remove(95)) - 9a305e64-7592-4199-ba7e-8c2223e9b548: remove  FOLLOWER 9a305e64-7592-4199-ba7e-8c2223e9b548@group-39D510FFD81F:t15, leader=null, voted=9a305e64-7592-4199-ba7e-8c2223e9b548, raftlog=9a305e64-7592-4199-ba7e-8c2223e9b548@group-39D510FFD81F-SegmentedRaftLog:OPENED:c2,f2,i2, conf=1: [61021d77-0677-40a1-98e7-8ba643935ac0:192.168.34.63:35377, 9a305e64-7592-4199-ba7e-8c2223e9b548:192.168.34.63:35969, f4ab3ec0-fcec-4fb2-8953-e521da90d916:192.168.34.63:41296], old=null RUNNING
2019-11-11 04:07:25,474 [grpc-default-executor-2] INFO  impl.RaftServerImpl (RaftServerImpl.java:lambda$shutdown$3(250)) - 9a305e64-7592-4199-ba7e-8c2223e9b548@group-39D510FFD81F: shutdown
2019-11-11 04:07:25,475 [grpc-default-executor-2] INFO  util.JmxRegister (JmxRegister.java:unregister(73)) - Successfully un-registered JMX Bean with object name Ratis:service=RaftServer,group=group-39D510FFD81F,id=9a305e64-7592-4199-ba7e-8c2223e9b548
2019-11-11 04:07:25,475 [grpc-default-executor-2] INFO  impl.RoleInfo (RoleInfo.java:shutdownFollowerState(121)) - 9a305e64-7592-4199-ba7e-8c2223e9b548: shutdown FollowerState
2019-11-11 04:07:25,475 [grpc-default-executor-2] INFO  impl.StateMachineUpdater (StateMachineUpdater.java:stopAndJoin(136)) - 9a305e64-7592-4199-ba7e-8c2223e9b548@group-39D510FFD81F-StateMachineUpdater: set stopIndex = 2
2019-11-11 04:07:25,475 [Thread-971] INFO  impl.FollowerState (FollowerState.java:run(120)) - 9a305e64-7592-4199-ba7e-8c2223e9b548@group-39D510FFD81F-FollowerState was interrupted: java.lang.InterruptedException: sleep interrupted
2019-11-11 04:07:25,479 [grpc-default-executor-2] INFO  impl.RaftServerImpl (ServerState.java:close(387)) - 9a305e64-7592-4199-ba7e-8c2223e9b548@group-39D510FFD81F: closes. applyIndex: 2
2019-11-11 04:07:25,479 [9a305e64-7592-4199-ba7e-8c2223e9b548@group-39D510FFD81F-SegmentedRaftLogWorker] INFO  segmented.SegmentedRaftLogWorker (SegmentedRaftLogWorker.java:run(316)) - 9a305e64-7592-4199-ba7e-8c2223e9b548@group-39D510FFD81F-SegmentedRaftLogWorker was interrupted, exiting. There are 0 tasks remaining in the queue.
2019-11-11 04:07:25,481 [grpc-default-executor-2] INFO  segmented.SegmentedRaftLogWorker (SegmentedRaftLogWorker.java:close(224)) - 9a305e64-7592-4199-ba7e-8c2223e9b548@group-39D510FFD81F-SegmentedRaftLogWorker close()
2019-11-11 04:07:25,885 [grpc-default-executor-0] WARN  server.GrpcLogAppender (LogUtils.java:warn(134)) - 9a305e64-7592-4199-ba7e-8c2223e9b548@group-F4D747E15FF8->61021d77-0677-40a1-98e7-8ba643935ac0-AppendLogResponseHandler: Failed appendEntries: org.apache.ratis.thirdparty.io.grpc.StatusRuntimeException: UNAVAILABLE: io exception
2019-11-11 04:07:25,885 [grpc-default-executor-1] WARN  server.GrpcLogAppender (LogUtils.java:warn(134)) - 9a305e64-7592-4199-ba7e-8c2223e9b548@group-F4D747E15FF8->f4ab3ec0-fcec-4fb2-8953-e521da90d916-AppendLogResponseHandler: Failed appendEntries: org.apache.ratis.thirdparty.io.grpc.StatusRuntimeException: UNAVAILABLE: io exception
2019-11-11 04:07:25,886 [grpc-default-executor-0] INFO  impl.FollowerInfo (FollowerInfo.java:lambda$new$0(51)) - 9a305e64-7592-4199-ba7e-8c2223e9b548@group-F4D747E15FF8->61021d77-0677-40a1-98e7-8ba643935ac0: nextIndex: updateUnconditionally 0 -> 0
2019-11-11 04:07:25,886 [grpc-default-executor-1] INFO  impl.FollowerInfo (FollowerInfo.java:lambda$new$0(51)) - 9a305e64-7592-4199-ba7e-8c2223e9b548@group-F4D747E15FF8->f4ab3ec0-fcec-4fb2-8953-e521da90d916: nextIndex: updateUnconditionally 24 -> 23
2019-11-11 04:07:26,389 [grpc-default-executor-0] WARN  server.GrpcLogAppender (LogUtils.java:warn(134)) - 9a305e64-7592-4199-ba7e-8c2223e9b548@group-F4D747E15FF8->61021d77-0677-40a1-98e7-8ba643935ac0-AppendLogResponseHandler: Failed appendEntries: org.apache.ratis.thirdparty.io.grpc.StatusRuntimeException: UNAVAILABLE: io exception
2019-11-11 04:07:26,389 [grpc-default-executor-4] WARN  server.GrpcLogAppender (LogUtils.java:warn(134)) - 9a305e64-7592-4199-ba7e-8c2223e9b548@group-F4D747E15FF8->f4ab3ec0-fcec-4fb2-8953-e521da90d916-AppendLogResponseHandler: Failed appendEntries: org.apache.ratis.thirdparty.io.grpc.StatusRuntimeException: UNAVAILABLE: io exception
2019-11-11 04:07:26,389 [grpc-default-executor-0] INFO  impl.FollowerInfo (FollowerInfo.java:lambda$new$0(51)) - 9a305e64-7592-4199-ba7e-8c2223e9b548@group-F4D747E15FF8->61021d77-0677-40a1-98e7-8ba643935ac0: nextIndex: updateUnconditionally 0 -> 0
2019-11-11 04:07:26,390 [grpc-default-executor-4] INFO  impl.FollowerInfo (FollowerInfo.java:lambda$new$0(51)) - 9a305e64-7592-4199-ba7e-8c2223e9b548@group-F4D747E15FF8->f4ab3ec0-fcec-4fb2-8953-e521da90d916: nextIndex: updateUnconditionally 23 -> 22
2019-11-11 04:07:26,756 [Thread-974] INFO  client.GrpcClientProtocolService (GrpcClientProtocolService.java:lambda$processClientRequest$0(279)) - Failed RaftClientRequest:client-404B7B28A61D->9a305e64-7592-4199-ba7e-8c2223e9b548@group-F4D747E15FF8, cid=49, seq=0, Watch-ALL_COMMITTED(47), Message:<EMPTY>, reply=RaftClientReply:client-404B7B28A61D->9a305e64-7592-4199-ba7e-8c2223e9b548@group-F4D747E15FF8, cid=49, FAILED org.apache.ratis.protocol.NotReplicatedException: Request with call Id 49 and log index 47 is not yet replicated to ALL_COMMITTED, logIndex=47, commits[9a305e64-7592-4199-ba7e-8c2223e9b548:c56, 61021d77-0677-40a1-98e7-8ba643935ac0:c37, f4ab3ec0-fcec-4fb2-8953-e521da90d916:c56]
2019-11-11 04:07:26,889 [grpc-default-executor-5] WARN  server.GrpcLogAppender (LogUtils.java:warn(134)) - 9a305e64-7592-4199-ba7e-8c2223e9b548@group-F4D747E15FF8->f4ab3ec0-fcec-4fb2-8953-e521da90d916-AppendLogResponseHandler: Failed appendEntries: org.apache.ratis.thirdparty.io.grpc.StatusRuntimeException: UNAVAILABLE: io exception
2019-11-11 04:07:26,889 [grpc-default-executor-3] WARN  server.GrpcLogAppender (LogUtils.java:warn(134)) - 9a305e64-7592-4199-ba7e-8c2223e9b548@group-F4D747E15FF8->61021d77-0677-40a1-98e7-8ba643935ac0-AppendLogResponseHandler: Failed appendEntries: org.apache.ratis.thirdparty.io.grpc.StatusRuntimeException: UNAVAILABLE: io exception
2019-11-11 04:07:26,889 [grpc-default-executor-5] INFO  impl.FollowerInfo (FollowerInfo.java:lambda$new$0(51)) - 9a305e64-7592-4199-ba7e-8c2223e9b548@group-F4D747E15FF8->f4ab3ec0-fcec-4fb2-8953-e521da90d916: nextIndex: updateUnconditionally 22 -> 21
2019-11-11 04:07:26,889 [grpc-default-executor-3] INFO  impl.FollowerInfo (FollowerInfo.java:lambda$new$0(51)) - 9a305e64-7592-4199-ba7e-8c2223e9b548@group-F4D747E15FF8->61021d77-0677-40a1-98e7-8ba643935ac0: nextIndex: updateUnconditionally 0 -> 0
2019-11-11 04:07:27,392 [grpc-default-executor-1] WARN  server.GrpcLogAppender (LogUtils.java:warn(134)) - 9a305e64-7592-4199-ba7e-8c2223e9b548@group-F4D747E15FF8->61021d77-0677-40a1-98e7-8ba643935ac0-AppendLogResponseHandler: Failed appendEntries: org.apache.ratis.thirdparty.io.grpc.StatusRuntimeException: UNAVAILABLE: io exception
2019-11-11 04:07:27,392 [grpc-default-executor-5] WARN  server.GrpcLogAppender (LogUtils.java:warn(134)) - 9a305e64-7592-4199-ba7e-8c2223e9b548@group-F4D747E15FF8->f4ab3ec0-fcec-4fb2-8953-e521da90d916-AppendLogResponseHandler: Failed appendEntries: org.apache.ratis.thirdparty.io.grpc.StatusRuntimeException: UNAVAILABLE: io exception
2019-11-11 04:07:27,393 [grpc-default-executor-1] INFO  impl.FollowerInfo (FollowerInfo.java:lambda$new$0(51)) - 9a305e64-7592-4199-ba7e-8c2223e9b548@group-F4D747E15FF8->61021d77-0677-40a1-98e7-8ba643935ac0: nextIndex: updateUnconditionally 0 -> 0
2019-11-11 04:07:27,393 [grpc-default-executor-5] INFO  impl.FollowerInfo (FollowerInfo.java:lambda$new$0(51)) - 9a305e64-7592-4199-ba7e-8c2223e9b548@group-F4D747E15FF8->f4ab3ec0-fcec-4fb2-8953-e521da90d916: nextIndex: updateUnconditionally 21 -> 20
2019-11-11 04:07:27,891 [grpc-default-executor-5] WARN  server.GrpcLogAppender (LogUtils.java:warn(134)) - 9a305e64-7592-4199-ba7e-8c2223e9b548@group-F4D747E15FF8->61021d77-0677-40a1-98e7-8ba643935ac0-AppendLogResponseHandler: Failed appendEntries: org.apache.ratis.thirdparty.io.grpc.StatusRuntimeException: UNAVAILABLE: io exception
2019-11-11 04:07:27,891 [grpc-default-executor-1] WARN  server.GrpcLogAppender (LogUtils.java:warn(134)) - 9a305e64-7592-4199-ba7e-8c2223e9b548@group-F4D747E15FF8->f4ab3ec0-fcec-4fb2-8953-e521da90d916-AppendLogResponseHandler: Failed appendEntries: org.apache.ratis.thirdparty.io.grpc.StatusRuntimeException: UNAVAILABLE: io exception
2019-11-11 04:07:27,892 [grpc-default-executor-5] INFO  impl.FollowerInfo (FollowerInfo.java:lambda$new$0(51)) - 9a305e64-7592-4199-ba7e-8c2223e9b548@group-F4D747E15FF8->61021d77-0677-40a1-98e7-8ba643935ac0: nextIndex: updateUnconditionally 0 -> 0
2019-11-11 04:07:27,892 [grpc-default-executor-1] INFO  impl.FollowerInfo (FollowerInfo.java:lambda$new$0(51)) - 9a305e64-7592-4199-ba7e-8c2223e9b548@group-F4D747E15FF8->f4ab3ec0-fcec-4fb2-8953-e521da90d916: nextIndex: updateUnconditionally 20 -> 19
2019-11-11 04:07:28,391 [grpc-default-executor-2] WARN  server.GrpcLogAppender (LogUtils.java:warn(134)) - 9a305e64-7592-4199-ba7e-8c2223e9b548@group-F4D747E15FF8->61021d77-0677-40a1-98e7-8ba643935ac0-AppendLogResponseHandler: Failed appendEntries: org.apache.ratis.thirdparty.io.grpc.StatusRuntimeException: UNAVAILABLE: io exception
2019-11-11 04:07:28,391 [grpc-default-executor-5] WARN  server.GrpcLogAppender (LogUtils.java:warn(134)) - 9a305e64-7592-4199-ba7e-8c2223e9b548@group-F4D747E15FF8->f4ab3ec0-fcec-4fb2-8953-e521da90d916-AppendLogResponseHandler: Failed appendEntries: org.apache.ratis.thirdparty.io.grpc.StatusRuntimeException: UNAVAILABLE: io exception
2019-11-11 04:07:28,392 [grpc-default-executor-2] INFO  impl.FollowerInfo (FollowerInfo.java:lambda$new$0(51)) - 9a305e64-7592-4199-ba7e-8c2223e9b548@group-F4D747E15FF8->61021d77-0677-40a1-98e7-8ba643935ac0: nextIndex: updateUnconditionally 0 -> 0
2019-11-11 04:07:28,392 [grpc-default-executor-5] INFO  impl.FollowerInfo (FollowerInfo.java:lambda$new$0(51)) - 9a305e64-7592-4199-ba7e-8c2223e9b548@group-F4D747E15FF8->f4ab3ec0-fcec-4fb2-8953-e521da90d916: nextIndex: updateUnconditionally 19 -> 18
2019-11-11 04:07:28,892 [grpc-default-executor-2] WARN  server.GrpcLogAppender (LogUtils.java:warn(134)) - 9a305e64-7592-4199-ba7e-8c2223e9b548@group-F4D747E15FF8->61021d77-0677-40a1-98e7-8ba643935ac0-AppendLogResponseHandler: Failed appendEntries: org.apache.ratis.thirdparty.io.grpc.StatusRuntimeException: UNAVAILABLE: io exception
2019-11-11 04:07:28,892 [grpc-default-executor-5] WARN  server.GrpcLogAppender (LogUtils.java:warn(134)) - 9a305e64-7592-4199-ba7e-8c2223e9b548@group-F4D747E15FF8->f4ab3ec0-fcec-4fb2-8953-e521da90d916-AppendLogResponseHandler: Failed appendEntries: org.apache.ratis.thirdparty.io.grpc.StatusRuntimeException: UNAVAILABLE: io exception
2019-11-11 04:07:28,893 [grpc-default-executor-2] INFO  impl.FollowerInfo (FollowerInfo.java:lambda$new$0(51)) - 9a305e64-7592-4199-ba7e-8c2223e9b548@group-F4D747E15FF8->61021d77-0677-40a1-98e7-8ba643935ac0: nextIndex: updateUnconditionally 0 -> 0
2019-11-11 04:07:28,893 [grpc-default-executor-5] INFO  impl.FollowerInfo (FollowerInfo.java:lambda$new$0(51)) - 9a305e64-7592-4199-ba7e-8c2223e9b548@group-F4D747E15FF8->f4ab3ec0-fcec-4fb2-8953-e521da90d916: nextIndex: updateUnconditionally 18 -> 17
2019-11-11 04:07:29,394 [grpc-default-executor-1] WARN  server.GrpcLogAppender (LogUtils.java:warn(134)) - 9a305e64-7592-4199-ba7e-8c2223e9b548@group-F4D747E15FF8->61021d77-0677-40a1-98e7-8ba643935ac0-AppendLogResponseHandler: Failed appendEntries: org.apache.ratis.thirdparty.io.grpc.StatusRuntimeException: UNAVAILABLE: io exception
2019-11-11 04:07:29,394 [grpc-default-executor-5] WARN  server.GrpcLogAppender (LogUtils.java:warn(134)) - 9a305e64-7592-4199-ba7e-8c2223e9b548@group-F4D747E15FF8->f4ab3ec0-fcec-4fb2-8953-e521da90d916-AppendLogResponseHandler: Failed appendEntries: org.apache.ratis.thirdparty.io.grpc.StatusRuntimeException: UNAVAILABLE: io exception
2019-11-11 04:07:29,396 [grpc-default-executor-1] INFO  impl.FollowerInfo (FollowerInfo.java:lambda$new$0(51)) - 9a305e64-7592-4199-ba7e-8c2223e9b548@group-F4D747E15FF8->61021d77-0677-40a1-98e7-8ba643935ac0: nextIndex: updateUnconditionally 0 -> 0
2019-11-11 04:07:29,398 [grpc-default-executor-5] INFO  impl.FollowerInfo (FollowerInfo.java:lambda$new$0(51)) - 9a305e64-7592-4199-ba7e-8c2223e9b548@group-F4D747E15FF8->f4ab3ec0-fcec-4fb2-8953-e521da90d916: nextIndex: updateUnconditionally 17 -> 16
2019-11-11 04:07:29,894 [grpc-default-executor-4] WARN  server.GrpcLogAppender (LogUtils.java:warn(134)) - 9a305e64-7592-4199-ba7e-8c2223e9b548@group-F4D747E15FF8->61021d77-0677-40a1-98e7-8ba643935ac0-AppendLogResponseHandler: Failed appendEntries: org.apache.ratis.thirdparty.io.grpc.StatusRuntimeException: UNAVAILABLE: io exception
2019-11-11 04:07:29,894 [grpc-default-executor-1] WARN  server.GrpcLogAppender (LogUtils.java:warn(134)) - 9a305e64-7592-4199-ba7e-8c2223e9b548@group-F4D747E15FF8->f4ab3ec0-fcec-4fb2-8953-e521da90d916-AppendLogResponseHandler: Failed appendEntries: org.apache.ratis.thirdparty.io.grpc.StatusRuntimeException: UNAVAILABLE: io exception
2019-11-11 04:07:29,895 [grpc-default-executor-4] INFO  impl.FollowerInfo (FollowerInfo.java:lambda$new$0(51)) - 9a305e64-7592-4199-ba7e-8c2223e9b548@group-F4D747E15FF8->61021d77-0677-40a1-98e7-8ba643935ac0: nextIndex: updateUnconditionally 0 -> 0
2019-11-11 04:07:29,895 [grpc-default-executor-1] INFO  impl.FollowerInfo (FollowerInfo.java:lambda$new$0(51)) - 9a305e64-7592-4199-ba7e-8c2223e9b548@group-F4D747E15FF8->f4ab3ec0-fcec-4fb2-8953-e521da90d916: nextIndex: updateUnconditionally 16 -> 15
2019-11-11 04:07:30,395 [grpc-default-executor-0] WARN  server.GrpcLogAppender (LogUtils.java:warn(134)) - 9a305e64-7592-4199-ba7e-8c2223e9b548@group-F4D747E15FF8->61021d77-0677-40a1-98e7-8ba643935ac0-AppendLogResponseHandler: Failed appendEntries: org.apache.ratis.thirdparty.io.grpc.StatusRuntimeException: UNAVAILABLE: io exception
2019-11-11 04:07:30,395 [grpc-default-executor-4] WARN  server.GrpcLogAppender (LogUtils.java:warn(134)) - 9a305e64-7592-4199-ba7e-8c2223e9b548@group-F4D747E15FF8->f4ab3ec0-fcec-4fb2-8953-e521da90d916-AppendLogResponseHandler: Failed appendEntries: org.apache.ratis.thirdparty.io.grpc.StatusRuntimeException: UNAVAILABLE: io exception
2019-11-11 04:07:30,395 [grpc-default-executor-0] INFO  impl.FollowerInfo (FollowerInfo.java:lambda$new$0(51)) - 9a305e64-7592-4199-ba7e-8c2223e9b548@group-F4D747E15FF8->61021d77-0677-40a1-98e7-8ba643935ac0: nextIndex: updateUnconditionally 0 -> 0
2019-11-11 04:07:30,395 [grpc-default-executor-4] INFO  impl.FollowerInfo (FollowerInfo.java:lambda$new$0(51)) - 9a305e64-7592-4199-ba7e-8c2223e9b548@group-F4D747E15FF8->f4ab3ec0-fcec-4fb2-8953-e521da90d916: nextIndex: updateUnconditionally 15 -> 14
2019-11-11 04:07:30,896 [grpc-default-executor-5] WARN  server.GrpcLogAppender (LogUtils.java:warn(134)) - 9a305e64-7592-4199-ba7e-8c2223e9b548@group-F4D747E15FF8->61021d77-0677-40a1-98e7-8ba643935ac0-AppendLogResponseHandler: Failed appendEntries: org.apache.ratis.thirdparty.io.grpc.StatusRuntimeException: UNAVAILABLE: io exception
2019-11-11 04:07:30,896 [grpc-default-executor-0] WARN  server.GrpcLogAppender (LogUtils.java:warn(134)) - 9a305e64-7592-4199-ba7e-8c2223e9b548@group-F4D747E15FF8->f4ab3ec0-fcec-4fb2-8953-e521da90d916-AppendLogResponseHandler: Failed appendEntries: org.apache.ratis.thirdparty.io.grpc.StatusRuntimeException: UNAVAILABLE: io exception
2019-11-11 04:07:30,896 [grpc-default-executor-5] INFO  impl.FollowerInfo (FollowerInfo.java:lambda$new$0(51)) - 9a305e64-7592-4199-ba7e-8c2223e9b548@group-F4D747E15FF8->61021d77-0677-40a1-98e7-8ba643935ac0: nextIndex: updateUnconditionally 0 -> 0
2019-11-11 04:07:30,896 [grpc-default-executor-0] INFO  impl.FollowerInfo (FollowerInfo.java:lambda$new$0(51)) - 9a305e64-7592-4199-ba7e-8c2223e9b548@group-F4D747E15FF8->f4ab3ec0-fcec-4fb2-8953-e521da90d916: nextIndex: updateUnconditionally 14 -> 13
2019-11-11 04:07:31,397 [grpc-default-executor-5] WARN  server.GrpcLogAppender (LogUtils.java:warn(134)) - 9a305e64-7592-4199-ba7e-8c2223e9b548@group-F4D747E15FF8->f4ab3ec0-fcec-4fb2-8953-e521da90d916-AppendLogResponseHandler: Failed appendEntries: org.apache.ratis.thirdparty.io.grpc.StatusRuntimeException: UNAVAILABLE: io exception
2019-11-11 04:07:31,397 [grpc-default-executor-3] WARN  server.GrpcLogAppender (LogUtils.java:warn(134)) - 9a305e64-7592-4199-ba7e-8c2223e9b548@group-F4D747E15FF8->61021d77-0677-40a1-98e7-8ba643935ac0-AppendLogResponseHandler: Failed appendEntries: org.apache.ratis.thirdparty.io.grpc.StatusRuntimeException: UNAVAILABLE: io exception
2019-11-11 04:07:31,397 [grpc-default-executor-5] INFO  impl.FollowerInfo (FollowerInfo.java:lambda$new$0(51)) - 9a305e64-7592-4199-ba7e-8c2223e9b548@group-F4D747E15FF8->f4ab3ec0-fcec-4fb2-8953-e521da90d916: nextIndex: updateUnconditionally 13 -> 12
2019-11-11 04:07:31,397 [grpc-default-executor-3] INFO  impl.FollowerInfo (FollowerInfo.java:lambda$new$0(51)) - 9a305e64-7592-4199-ba7e-8c2223e9b548@group-F4D747E15FF8->61021d77-0677-40a1-98e7-8ba643935ac0: nextIndex: updateUnconditionally 0 -> 0
2019-11-11 04:07:31,897 [grpc-default-executor-5] WARN  server.GrpcLogAppender (LogUtils.java:warn(134)) - 9a305e64-7592-4199-ba7e-8c2223e9b548@group-F4D747E15FF8->61021d77-0677-40a1-98e7-8ba643935ac0-AppendLogResponseHandler: Failed appendEntries: org.apache.ratis.thirdparty.io.grpc.StatusRuntimeException: UNAVAILABLE: io exception
2019-11-11 04:07:31,897 [grpc-default-executor-4] WARN  server.GrpcLogAppender (LogUtils.java:warn(134)) - 9a305e64-7592-4199-ba7e-8c2223e9b548@group-F4D747E15FF8->f4ab3ec0-fcec-4fb2-8953-e521da90d916-AppendLogResponseHandler: Failed appendEntries: org.apache.ratis.thirdparty.io.grpc.StatusRuntimeException: UNAVAILABLE: io exception
2019-11-11 04:07:31,898 [grpc-default-executor-5] INFO  impl.FollowerInfo (FollowerInfo.java:lambda$new$0(51)) - 9a305e64-7592-4199-ba7e-8c2223e9b548@group-F4D747E15FF8->61021d77-0677-40a1-98e7-8ba643935ac0: nextIndex: updateUnconditionally 0 -> 0
2019-11-11 04:07:31,898 [grpc-default-executor-4] INFO  impl.FollowerInfo (FollowerInfo.java:lambda$new$0(51)) - 9a305e64-7592-4199-ba7e-8c2223e9b548@group-F4D747E15FF8->f4ab3ec0-fcec-4fb2-8953-e521da90d916: nextIndex: updateUnconditionally 12 -> 11
2019-11-11 04:07:32,398 [grpc-default-executor-4] WARN  server.GrpcLogAppender (LogUtils.java:warn(134)) - 9a305e64-7592-4199-ba7e-8c2223e9b548@group-F4D747E15FF8->f4ab3ec0-fcec-4fb2-8953-e521da90d916-AppendLogResponseHandler: Failed appendEntries: org.apache.ratis.thirdparty.io.grpc.StatusRuntimeException: UNAVAILABLE: io exception
2019-11-11 04:07:32,398 [grpc-default-executor-5] WARN  server.GrpcLogAppender (LogUtils.java:warn(134)) - 9a305e64-7592-4199-ba7e-8c2223e9b548@group-F4D747E15FF8->61021d77-0677-40a1-98e7-8ba643935ac0-AppendLogResponseHandler: Failed appendEntries: org.apache.ratis.thirdparty.io.grpc.StatusRuntimeException: UNAVAILABLE: io exception
2019-11-11 04:07:32,399 [grpc-default-executor-4] INFO  impl.FollowerInfo (FollowerInfo.java:lambda$new$0(51)) - 9a305e64-7592-4199-ba7e-8c2223e9b548@group-F4D747E15FF8->f4ab3ec0-fcec-4fb2-8953-e521da90d916: nextIndex: updateUnconditionally 11 -> 10
2019-11-11 04:07:32,399 [grpc-default-executor-5] INFO  impl.FollowerInfo (FollowerInfo.java:lambda$new$0(51)) - 9a305e64-7592-4199-ba7e-8c2223e9b548@group-F4D747E15FF8->61021d77-0677-40a1-98e7-8ba643935ac0: nextIndex: updateUnconditionally 0 -> 0
2019-11-11 04:07:32,899 [grpc-default-executor-4] WARN  server.GrpcLogAppender (LogUtils.java:warn(134)) - 9a305e64-7592-4199-ba7e-8c2223e9b548@group-F4D747E15FF8->f4ab3ec0-fcec-4fb2-8953-e521da90d916-AppendLogResponseHandler: Failed appendEntries: org.apache.ratis.thirdparty.io.grpc.StatusRuntimeException: UNAVAILABLE: io exception
2019-11-11 04:07:32,899 [grpc-default-executor-0] WARN  server.GrpcLogAppender (LogUtils.java:warn(134)) - 9a305e64-7592-4199-ba7e-8c2223e9b548@group-F4D747E15FF8->61021d77-0677-40a1-98e7-8ba643935ac0-AppendLogResponseHandler: Failed appendEntries: org.apache.ratis.thirdparty.io.grpc.StatusRuntimeException: UNAVAILABLE: io exception
2019-11-11 04:07:32,899 [grpc-default-executor-4] INFO  impl.FollowerInfo (FollowerInfo.java:lambda$new$0(51)) - 9a305e64-7592-4199-ba7e-8c2223e9b548@group-F4D747E15FF8->f4ab3ec0-fcec-4fb2-8953-e521da90d916: nextIndex: updateUnconditionally 10 -> 9
2019-11-11 04:07:32,900 [grpc-default-executor-0] INFO  impl.FollowerInfo (FollowerInfo.java:lambda$new$0(51)) - 9a305e64-7592-4199-ba7e-8c2223e9b548@group-F4D747E15FF8->61021d77-0677-40a1-98e7-8ba643935ac0: nextIndex: updateUnconditionally 0 -> 0
2019-11-11 04:07:33,400 [grpc-default-executor-4] WARN  server.GrpcLogAppender (LogUtils.java:warn(134)) - 9a305e64-7592-4199-ba7e-8c2223e9b548@group-F4D747E15FF8->61021d77-0677-40a1-98e7-8ba643935ac0-AppendLogResponseHandler: Failed appendEntries: org.apache.ratis.thirdparty.io.grpc.StatusRuntimeException: UNAVAILABLE: io exception
2019-11-11 04:07:33,400 [grpc-default-executor-3] WARN  server.GrpcLogAppender (LogUtils.java:warn(134)) - 9a305e64-7592-4199-ba7e-8c2223e9b548@group-F4D747E15FF8->f4ab3ec0-fcec-4fb2-8953-e521da90d916-AppendLogResponseHandler: Failed appendEntries: org.apache.ratis.thirdparty.io.grpc.StatusRuntimeException: UNAVAILABLE: io exception
2019-11-11 04:07:33,400 [grpc-default-executor-4] INFO  impl.FollowerInfo (FollowerInfo.java:lambda$new$0(51)) - 9a305e64-7592-4199-ba7e-8c2223e9b548@group-F4D747E15FF8->61021d77-0677-40a1-98e7-8ba643935ac0: nextIndex: updateUnconditionally 0 -> 0
2019-11-11 04:07:33,400 [grpc-default-executor-3] INFO  impl.FollowerInfo (FollowerInfo.java:lambda$new$0(51)) - 9a305e64-7592-4199-ba7e-8c2223e9b548@group-F4D747E15FF8->f4ab3ec0-fcec-4fb2-8953-e521da90d916: nextIndex: updateUnconditionally 9 -> 8
2019-11-11 04:07:33,900 [grpc-default-executor-4] WARN  server.GrpcLogAppender (LogUtils.java:warn(134)) - 9a305e64-7592-4199-ba7e-8c2223e9b548@group-F4D747E15FF8->f4ab3ec0-fcec-4fb2-8953-e521da90d916-AppendLogResponseHandler: Failed appendEntries: org.apache.ratis.thirdparty.io.grpc.StatusRuntimeException: UNAVAILABLE: io exception
2019-11-11 04:07:33,900 [grpc-default-executor-0] WARN  server.GrpcLogAppender (LogUtils.java:warn(134)) - 9a305e64-7592-4199-ba7e-8c2223e9b548@group-F4D747E15FF8->61021d77-0677-40a1-98e7-8ba643935ac0-AppendLogResponseHandler: Failed appendEntries: org.apache.ratis.thirdparty.io.grpc.StatusRuntimeException: UNAVAILABLE: io exception
2019-11-11 04:07:33,900 [grpc-default-executor-4] INFO  impl.FollowerInfo (FollowerInfo.java:lambda$new$0(51)) - 9a305e64-7592-4199-ba7e-8c2223e9b548@group-F4D747E15FF8->f4ab3ec0-fcec-4fb2-8953-e521da90d916: nextIndex: updateUnconditionally 8 -> 7
2019-11-11 04:07:33,901 [grpc-default-executor-0] INFO  impl.FollowerInfo (FollowerInfo.java:lambda$new$0(51)) - 9a305e64-7592-4199-ba7e-8c2223e9b548@group-F4D747E15FF8->61021d77-0677-40a1-98e7-8ba643935ac0: nextIndex: updateUnconditionally 0 -> 0
2019-11-11 04:07:34,401 [grpc-default-executor-3] WARN  server.GrpcLogAppender (LogUtils.java:warn(134)) - 9a305e64-7592-4199-ba7e-8c2223e9b548@group-F4D747E15FF8->61021d77-0677-40a1-98e7-8ba643935ac0-AppendLogResponseHandler: Failed appendEntries: org.apache.ratis.thirdparty.io.grpc.StatusRuntimeException: UNAVAILABLE: io exception
2019-11-11 04:07:34,401 [grpc-default-executor-0] WARN  server.GrpcLogAppender (LogUtils.java:warn(134)) - 9a305e64-7592-4199-ba7e-8c2223e9b548@group-F4D747E15FF8->f4ab3ec0-fcec-4fb2-8953-e521da90d916-AppendLogResponseHandler: Failed appendEntries: org.apache.ratis.thirdparty.io.grpc.StatusRuntimeException: UNAVAILABLE: io exception
2019-11-11 04:07:34,401 [grpc-default-executor-3] INFO  impl.FollowerInfo (FollowerInfo.java:lambda$new$0(51)) - 9a305e64-7592-4199-ba7e-8c2223e9b548@group-F4D747E15FF8->61021d77-0677-40a1-98e7-8ba643935ac0: nextIndex: updateUnconditionally 0 -> 0
2019-11-11 04:07:34,402 [grpc-default-executor-0] INFO  impl.FollowerInfo (FollowerInfo.java:lambda$new$0(51)) - 9a305e64-7592-4199-ba7e-8c2223e9b548@group-F4D747E15FF8->f4ab3ec0-fcec-4fb2-8953-e521da90d916: nextIndex: updateUnconditionally 7 -> 6
2019-11-11 04:07:34,755 [Thread-982] INFO  client.GrpcClientProtocolService (GrpcClientProtocolService.java:lambda$processClientRequest$0(279)) - Failed RaftClientRequest:client-404B7B28A61D->9a305e64-7592-4199-ba7e-8c2223e9b548@group-F4D747E15FF8, cid=49, seq=0, Watch-ALL_COMMITTED(47), Message:<EMPTY>, reply=RaftClientReply:client-404B7B28A61D->9a305e64-7592-4199-ba7e-8c2223e9b548@group-F4D747E15FF8, cid=49, FAILED org.apache.ratis.protocol.NotReplicatedException: Request with call Id 49 and log index 47 is not yet replicated to ALL_COMMITTED, logIndex=47, commits[9a305e64-7592-4199-ba7e-8c2223e9b548:c56, 61021d77-0677-40a1-98e7-8ba643935ac0:c37, f4ab3ec0-fcec-4fb2-8953-e521da90d916:c56]
2019-11-11 04:07:34,901 [grpc-default-executor-1] WARN  server.GrpcLogAppender (LogUtils.java:warn(134)) - 9a305e64-7592-4199-ba7e-8c2223e9b548@group-F4D747E15FF8->61021d77-0677-40a1-98e7-8ba643935ac0-AppendLogResponseHandler: Failed appendEntries: org.apache.ratis.thirdparty.io.grpc.StatusRuntimeException: UNAVAILABLE: io exception
2019-11-11 04:07:34,901 [grpc-default-executor-0] WARN  server.GrpcLogAppender (LogUtils.java:warn(134)) - 9a305e64-7592-4199-ba7e-8c2223e9b548@group-F4D747E15FF8->f4ab3ec0-fcec-4fb2-8953-e521da90d916-AppendLogResponseHandler: Failed appendEntries: org.apache.ratis.thirdparty.io.grpc.StatusRuntimeException: UNAVAILABLE: io exception
2019-11-11 04:07:34,902 [grpc-default-executor-1] INFO  impl.FollowerInfo (FollowerInfo.java:lambda$new$0(51)) - 9a305e64-7592-4199-ba7e-8c2223e9b548@group-F4D747E15FF8->61021d77-0677-40a1-98e7-8ba643935ac0: nextIndex: updateUnconditionally 0 -> 0
2019-11-11 04:07:34,902 [grpc-default-executor-0] INFO  impl.FollowerInfo (FollowerInfo.java:lambda$new$0(51)) - 9a305e64-7592-4199-ba7e-8c2223e9b548@group-F4D747E15FF8->f4ab3ec0-fcec-4fb2-8953-e521da90d916: nextIndex: updateUnconditionally 6 -> 5
2019-11-11 04:07:35,402 [grpc-default-executor-1] WARN  server.GrpcLogAppender (LogUtils.java:warn(134)) - 9a305e64-7592-4199-ba7e-8c2223e9b548@group-F4D747E15FF8->f4ab3ec0-fcec-4fb2-8953-e521da90d916-AppendLogResponseHandler: Failed appendEntries: org.apache.ratis.thirdparty.io.grpc.StatusRuntimeException: UNAVAILABLE: io exception
2019-11-11 04:07:35,402 [grpc-default-executor-0] WARN  server.GrpcLogAppender (LogUtils.java:warn(134)) - 9a305e64-7592-4199-ba7e-8c2223e9b548@group-F4D747E15FF8->61021d77-0677-40a1-98e7-8ba643935ac0-AppendLogResponseHandler: Failed appendEntries: org.apache.ratis.thirdparty.io.grpc.StatusRuntimeException: UNAVAILABLE: io exception
2019-11-11 04:07:35,403 [grpc-default-executor-1] INFO  impl.FollowerInfo (FollowerInfo.java:lambda$new$0(51)) - 9a305e64-7592-4199-ba7e-8c2223e9b548@group-F4D747E15FF8->f4ab3ec0-fcec-4fb2-8953-e521da90d916: nextIndex: updateUnconditionally 5 -> 4
2019-11-11 04:07:35,403 [grpc-default-executor-0] INFO  impl.FollowerInfo (FollowerInfo.java:lambda$new$0(51)) - 9a305e64-7592-4199-ba7e-8c2223e9b548@group-F4D747E15FF8->61021d77-0677-40a1-98e7-8ba643935ac0: nextIndex: updateUnconditionally 0 -> 0
2019-11-11 04:07:35,903 [grpc-default-executor-4] WARN  server.GrpcLogAppender (LogUtils.java:warn(134)) - 9a305e64-7592-4199-ba7e-8c2223e9b548@group-F4D747E15FF8->61021d77-0677-40a1-98e7-8ba643935ac0-AppendLogResponseHandler: Failed appendEntries: org.apache.ratis.thirdparty.io.grpc.StatusRuntimeException: UNAVAILABLE: io exception
2019-11-11 04:07:35,903 [grpc-default-executor-1] WARN  server.GrpcLogAppender (LogUtils.java:warn(134)) - 9a305e64-7592-4199-ba7e-8c2223e9b548@group-F4D747E15FF8->f4ab3ec0-fcec-4fb2-8953-e521da90d916-AppendLogResponseHandler: Failed appendEntries: org.apache.ratis.thirdparty.io.grpc.StatusRuntimeException: UNAVAILABLE: io exception
2019-11-11 04:07:35,903 [grpc-default-executor-4] INFO  impl.FollowerInfo (FollowerInfo.java:lambda$new$0(51)) - 9a305e64-7592-4199-ba7e-8c2223e9b548@group-F4D747E15FF8->61021d77-0677-40a1-98e7-8ba643935ac0: nextIndex: updateUnconditionally 0 -> 0
2019-11-11 04:07:35,903 [grpc-default-executor-1] INFO  impl.FollowerInfo (FollowerInfo.java:lambda$new$0(51)) - 9a305e64-7592-4199-ba7e-8c2223e9b548@group-F4D747E15FF8->f4ab3ec0-fcec-4fb2-8953-e521da90d916: nextIndex: updateUnconditionally 4 -> 3
2019-11-11 04:07:36,404 [grpc-default-executor-4] WARN  server.GrpcLogAppender (LogUtils.java:warn(134)) - 9a305e64-7592-4199-ba7e-8c2223e9b548@group-F4D747E15FF8->f4ab3ec0-fcec-4fb2-8953-e521da90d916-AppendLogResponseHandler: Failed appendEntries: org.apache.ratis.thirdparty.io.grpc.StatusRuntimeException: UNAVAILABLE: io exception
2019-11-11 04:07:36,404 [grpc-default-executor-3] WARN  server.GrpcLogAppender (LogUtils.java:warn(134)) - 9a305e64-7592-4199-ba7e-8c2223e9b548@group-F4D747E15FF8->61021d77-0677-40a1-98e7-8ba643935ac0-AppendLogResponseHandler: Failed appendEntries: org.apache.ratis.thirdparty.io.grpc.StatusRuntimeException: UNAVAILABLE: io exception
2019-11-11 04:07:36,404 [grpc-default-executor-4] INFO  impl.FollowerInfo (FollowerInfo.java:lambda$new$0(51)) - 9a305e64-7592-4199-ba7e-8c2223e9b548@group-F4D747E15FF8->f4ab3ec0-fcec-4fb2-8953-e521da90d916: nextIndex: updateUnconditionally 3 -> 2
2019-11-11 04:07:36,404 [grpc-default-executor-3] INFO  impl.FollowerInfo (FollowerInfo.java:lambda$new$0(51)) - 9a305e64-7592-4199-ba7e-8c2223e9b548@group-F4D747E15FF8->61021d77-0677-40a1-98e7-8ba643935ac0: nextIndex: updateUnconditionally 0 -> 0
2019-11-11 04:07:36,904 [grpc-default-executor-1] WARN  server.GrpcLogAppender (LogUtils.java:warn(134)) - 9a305e64-7592-4199-ba7e-8c2223e9b548@group-F4D747E15FF8->f4ab3ec0-fcec-4fb2-8953-e521da90d916-AppendLogResponseHandler: Failed appendEntries: org.apache.ratis.thirdparty.io.grpc.StatusRuntimeException: UNAVAILABLE: io exception
2019-11-11 04:07:36,904 [grpc-default-executor-3] WARN  server.GrpcLogAppender (LogUtils.java:warn(134)) - 9a305e64-7592-4199-ba7e-8c2223e9b548@group-F4D747E15FF8->61021d77-0677-40a1-98e7-8ba643935ac0-AppendLogResponseHandler: Failed appendEntries: org.apache.ratis.thirdparty.io.grpc.StatusRuntimeException: UNAVAILABLE: io exception
2019-11-11 04:07:36,905 [grpc-default-executor-1] INFO  impl.FollowerInfo (FollowerInfo.java:lambda$new$0(51)) - 9a305e64-7592-4199-ba7e-8c2223e9b548@group-F4D747E15FF8->f4ab3ec0-fcec-4fb2-8953-e521da90d916: nextIndex: updateUnconditionally 2 -> 1
2019-11-11 04:07:36,905 [grpc-default-executor-3] INFO  impl.FollowerInfo (FollowerInfo.java:lambda$new$0(51)) - 9a305e64-7592-4199-ba7e-8c2223e9b548@group-F4D747E15FF8->61021d77-0677-40a1-98e7-8ba643935ac0: nextIndex: updateUnconditionally 0 -> 0
2019-11-11 04:07:37,405 [grpc-default-executor-0] WARN  server.GrpcLogAppender (LogUtils.java:warn(134)) - 9a305e64-7592-4199-ba7e-8c2223e9b548@group-F4D747E15FF8->f4ab3ec0-fcec-4fb2-8953-e521da90d916-AppendLogResponseHandler: Failed appendEntries: org.apache.ratis.thirdparty.io.grpc.StatusRuntimeException: UNAVAILABLE: io exception
2019-11-11 04:07:37,405 [grpc-default-executor-1] WARN  server.GrpcLogAppender (LogUtils.java:warn(134)) - 9a305e64-7592-4199-ba7e-8c2223e9b548@group-F4D747E15FF8->61021d77-0677-40a1-98e7-8ba643935ac0-AppendLogResponseHandler: Failed appendEntries: org.apache.ratis.thirdparty.io.grpc.StatusRuntimeException: UNAVAILABLE: io exception
2019-11-11 04:07:37,406 [grpc-default-executor-0] INFO  impl.FollowerInfo (FollowerInfo.java:lambda$new$0(51)) - 9a305e64-7592-4199-ba7e-8c2223e9b548@group-F4D747E15FF8->f4ab3ec0-fcec-4fb2-8953-e521da90d916: nextIndex: updateUnconditionally 1 -> 0
2019-11-11 04:07:37,406 [grpc-default-executor-1] INFO  impl.FollowerInfo (FollowerInfo.java:lambda$new$0(51)) - 9a305e64-7592-4199-ba7e-8c2223e9b548@group-F4D747E15FF8->61021d77-0677-40a1-98e7-8ba643935ac0: nextIndex: updateUnconditionally 0 -> 0
2019-11-11 04:07:37,906 [grpc-default-executor-0] WARN  server.GrpcLogAppender (LogUtils.java:warn(134)) - 9a305e64-7592-4199-ba7e-8c2223e9b548@group-F4D747E15FF8->61021d77-0677-40a1-98e7-8ba643935ac0-AppendLogResponseHandler: Failed appendEntries: org.apache.ratis.thirdparty.io.grpc.StatusRuntimeException: UNAVAILABLE: io exception
2019-11-11 04:07:37,906 [grpc-default-executor-3] WARN  server.GrpcLogAppender (LogUtils.java:warn(134)) - 9a305e64-7592-4199-ba7e-8c2223e9b548@group-F4D747E15FF8->f4ab3ec0-fcec-4fb2-8953-e521da90d916-AppendLogResponseHandler: Failed appendEntries: org.apache.ratis.thirdparty.io.grpc.StatusRuntimeException: UNAVAILABLE: io exception
2019-11-11 04:07:37,907 [grpc-default-executor-0] INFO  impl.FollowerInfo (FollowerInfo.java:lambda$new$0(51)) - 9a305e64-7592-4199-ba7e-8c2223e9b548@group-F4D747E15FF8->61021d77-0677-40a1-98e7-8ba643935ac0: nextIndex: updateUnconditionally 0 -> 0
2019-11-11 04:07:37,907 [grpc-default-executor-3] INFO  impl.FollowerInfo (FollowerInfo.java:lambda$new$0(51)) - 9a305e64-7592-4199-ba7e-8c2223e9b548@group-F4D747E15FF8->f4ab3ec0-fcec-4fb2-8953-e521da90d916: nextIndex: updateUnconditionally 0 -> 0
2019-11-11 04:07:38,407 [grpc-default-executor-4] WARN  server.GrpcLogAppender (LogUtils.java:warn(134)) - 9a305e64-7592-4199-ba7e-8c2223e9b548@group-F4D747E15FF8->61021d77-0677-40a1-98e7-8ba643935ac0-AppendLogResponseHandler: Failed appendEntries: org.apache.ratis.thirdparty.io.grpc.StatusRuntimeException: UNAVAILABLE: io exception
2019-11-11 04:07:38,407 [grpc-default-executor-2] WARN  server.GrpcLogAppender (LogUtils.java:warn(134)) - 9a305e64-7592-4199-ba7e-8c2223e9b548@group-F4D747E15FF8->f4ab3ec0-fcec-4fb2-8953-e521da90d916-AppendLogResponseHandler: Failed appendEntries: org.apache.ratis.thirdparty.io.grpc.StatusRuntimeException: UNAVAILABLE: io exception
2019-11-11 04:07:38,408 [grpc-default-executor-4] INFO  impl.FollowerInfo (FollowerInfo.java:lambda$new$0(51)) - 9a305e64-7592-4199-ba7e-8c2223e9b548@group-F4D747E15FF8->61021d77-0677-40a1-98e7-8ba643935ac0: nextIndex: updateUnconditionally 0 -> 0
2019-11-11 04:07:38,408 [grpc-default-executor-2] INFO  impl.FollowerInfo (FollowerInfo.java:lambda$new$0(51)) - 9a305e64-7592-4199-ba7e-8c2223e9b548@group-F4D747E15FF8->f4ab3ec0-fcec-4fb2-8953-e521da90d916: nextIndex: updateUnconditionally 0 -> 0
2019-11-11 04:07:38,908 [grpc-default-executor-0] WARN  server.GrpcLogAppender (LogUtils.java:warn(134)) - 9a305e64-7592-4199-ba7e-8c2223e9b548@group-F4D747E15FF8->f4ab3ec0-fcec-4fb2-8953-e521da90d916-AppendLogResponseHandler: Failed appendEntries: org.apache.ratis.thirdparty.io.grpc.StatusRuntimeException: UNAVAILABLE: io exception
2019-11-11 04:07:38,908 [grpc-default-executor-3] WARN  server.GrpcLogAppender (LogUtils.java:warn(134)) - 9a305e64-7592-4199-ba7e-8c2223e9b548@group-F4D747E15FF8->61021d77-0677-40a1-98e7-8ba643935ac0-AppendLogResponseHandler: Failed appendEntries: org.apache.ratis.thirdparty.io.grpc.StatusRuntimeException: UNAVAILABLE: io exception
2019-11-11 04:07:38,908 [grpc-default-executor-0] INFO  impl.FollowerInfo (FollowerInfo.java:lambda$new$0(51)) - 9a305e64-7592-4199-ba7e-8c2223e9b548@group-F4D747E15FF8->f4ab3ec0-fcec-4fb2-8953-e521da90d916: nextIndex: updateUnconditionally 0 -> 0
2019-11-11 04:07:38,908 [grpc-default-executor-3] INFO  impl.FollowerInfo (FollowerInfo.java:lambda$new$0(51)) - 9a305e64-7592-4199-ba7e-8c2223e9b548@group-F4D747E15FF8->61021d77-0677-40a1-98e7-8ba643935ac0: nextIndex: updateUnconditionally 0 -> 0
2019-11-11 04:07:39,408 [grpc-default-executor-3] WARN  server.GrpcLogAppender (LogUtils.java:warn(134)) - 9a305e64-7592-4199-ba7e-8c2223e9b548@group-F4D747E15FF8->f4ab3ec0-fcec-4fb2-8953-e521da90d916-AppendLogResponseHandler: Failed appendEntries: org.apache.ratis.thirdparty.io.grpc.StatusRuntimeException: UNAVAILABLE: io exception
2019-11-11 04:07:39,408 [grpc-default-executor-0] WARN  server.GrpcLogAppender (LogUtils.java:warn(134)) - 9a305e64-7592-4199-ba7e-8c2223e9b548@group-F4D747E15FF8->61021d77-0677-40a1-98e7-8ba643935ac0-AppendLogResponseHandler: Failed appendEntries: org.apache.ratis.thirdparty.io.grpc.StatusRuntimeException: UNAVAILABLE: io exception
2019-11-11 04:07:39,409 [grpc-default-executor-3] INFO  impl.FollowerInfo (FollowerInfo.java:lambda$new$0(51)) - 9a305e64-7592-4199-ba7e-8c2223e9b548@group-F4D747E15FF8->f4ab3ec0-fcec-4fb2-8953-e521da90d916: nextIndex: updateUnconditionally 0 -> 0
2019-11-11 04:07:39,409 [grpc-default-executor-0] INFO  impl.FollowerInfo (FollowerInfo.java:lambda$new$0(51)) - 9a305e64-7592-4199-ba7e-8c2223e9b548@group-F4D747E15FF8->61021d77-0677-40a1-98e7-8ba643935ac0: nextIndex: updateUnconditionally 0 -> 0
2019-11-11 04:07:39,909 [grpc-default-executor-4] WARN  server.GrpcLogAppender (LogUtils.java:warn(134)) - 9a305e64-7592-4199-ba7e-8c2223e9b548@group-F4D747E15FF8->f4ab3ec0-fcec-4fb2-8953-e521da90d916-AppendLogResponseHandler: Failed appendEntries: org.apache.ratis.thirdparty.io.grpc.StatusRuntimeException: UNAVAILABLE: io exception
2019-11-11 04:07:39,909 [grpc-default-executor-2] WARN  server.GrpcLogAppender (LogUtils.java:warn(134)) - 9a305e64-7592-4199-ba7e-8c2223e9b548@group-F4D747E15FF8->61021d77-0677-40a1-98e7-8ba643935ac0-AppendLogResponseHandler: Failed appendEntries: org.apache.ratis.thirdparty.io.grpc.StatusRuntimeException: UNAVAILABLE: io exception
2019-11-11 04:07:39,910 [grpc-default-executor-4] INFO  impl.FollowerInfo (FollowerInfo.java:lambda$new$0(51)) - 9a305e64-7592-4199-ba7e-8c2223e9b548@group-F4D747E15FF8->f4ab3ec0-fcec-4fb2-8953-e521da90d916: nextIndex: updateUnconditionally 0 -> 0
2019-11-11 04:07:39,910 [grpc-default-executor-2] INFO  impl.FollowerInfo (FollowerInfo.java:lambda$new$0(51)) - 9a305e64-7592-4199-ba7e-8c2223e9b548@group-F4D747E15FF8->61021d77-0677-40a1-98e7-8ba643935ac0: nextIndex: updateUnconditionally 0 -> 0
2019-11-11 04:07:40,411 [grpc-default-executor-4] WARN  server.GrpcLogAppender (LogUtils.java:warn(134)) - 9a305e64-7592-4199-ba7e-8c2223e9b548@group-F4D747E15FF8->61021d77-0677-40a1-98e7-8ba643935ac0-AppendLogResponseHandler: Failed appendEntries: org.apache.ratis.thirdparty.io.grpc.StatusRuntimeException: UNAVAILABLE: io exception
2019-11-11 04:07:40,411 [grpc-default-executor-0] WARN  server.GrpcLogAppender (LogUtils.java:warn(134)) - 9a305e64-7592-4199-ba7e-8c2223e9b548@group-F4D747E15FF8->f4ab3ec0-fcec-4fb2-8953-e521da90d916-AppendLogResponseHandler: Failed appendEntries: org.apache.ratis.thirdparty.io.grpc.StatusRuntimeException: UNAVAILABLE: io exception
2019-11-11 04:07:40,412 [grpc-default-executor-4] INFO  impl.FollowerInfo (FollowerInfo.java:lambda$new$0(51)) - 9a305e64-7592-4199-ba7e-8c2223e9b548@group-F4D747E15FF8->61021d77-0677-40a1-98e7-8ba643935ac0: nextIndex: updateUnconditionally 0 -> 0
2019-11-11 04:07:40,412 [grpc-default-executor-0] INFO  impl.FollowerInfo (FollowerInfo.java:lambda$new$0(51)) - 9a305e64-7592-4199-ba7e-8c2223e9b548@group-F4D747E15FF8->f4ab3ec0-fcec-4fb2-8953-e521da90d916: nextIndex: updateUnconditionally 0 -> 0
2019-11-11 04:07:40,756 [Thread-983] INFO  client.GrpcClientProtocolService (GrpcClientProtocolService.java:lambda$processClientRequest$0(279)) - Failed RaftClientRequest:client-404B7B28A61D->9a305e64-7592-4199-ba7e-8c2223e9b548@group-F4D747E15FF8, cid=49, seq=0, Watch-ALL_COMMITTED(47), Message:<EMPTY>, reply=RaftClientReply:client-404B7B28A61D->9a305e64-7592-4199-ba7e-8c2223e9b548@group-F4D747E15FF8, cid=49, FAILED org.apache.ratis.protocol.NotReplicatedException: Request with call Id 49 and log index 47 is not yet replicated to ALL_COMMITTED, logIndex=47, commits[9a305e64-7592-4199-ba7e-8c2223e9b548:c56, 61021d77-0677-40a1-98e7-8ba643935ac0:c37, f4ab3ec0-fcec-4fb2-8953-e521da90d916:c56]
2019-11-11 04:07:40,914 [grpc-default-executor-0] WARN  server.GrpcLogAppender (LogUtils.java:warn(134)) - 9a305e64-7592-4199-ba7e-8c2223e9b548@group-F4D747E15FF8->f4ab3ec0-fcec-4fb2-8953-e521da90d916-AppendLogResponseHandler: Failed appendEntries: org.apache.ratis.thirdparty.io.grpc.StatusRuntimeException: UNAVAILABLE: io exception
2019-11-11 04:07:40,914 [grpc-default-executor-0] INFO  impl.FollowerInfo (FollowerInfo.java:lambda$new$0(51)) - 9a305e64-7592-4199-ba7e-8c2223e9b548@group-F4D747E15FF8->f4ab3ec0-fcec-4fb2-8953-e521da90d916: nextIndex: updateUnconditionally 0 -> 0
2019-11-11 04:07:40,967 [grpc-default-executor-3] WARN  server.GrpcLogAppender (LogUtils.java:warn(134)) - 9a305e64-7592-4199-ba7e-8c2223e9b548@group-F4D747E15FF8->61021d77-0677-40a1-98e7-8ba643935ac0-AppendLogResponseHandler: Failed appendEntries: org.apache.ratis.thirdparty.io.grpc.StatusRuntimeException: UNAVAILABLE: io exception
2019-11-11 04:07:40,968 [grpc-default-executor-3] INFO  impl.FollowerInfo (FollowerInfo.java:lambda$new$0(51)) - 9a305e64-7592-4199-ba7e-8c2223e9b548@group-F4D747E15FF8->61021d77-0677-40a1-98e7-8ba643935ac0: nextIndex: updateUnconditionally 0 -> 0
2019-11-11 04:07:41,414 [grpc-default-executor-4] WARN  server.GrpcLogAppender (LogUtils.java:warn(134)) - 9a305e64-7592-4199-ba7e-8c2223e9b548@group-F4D747E15FF8->f4ab3ec0-fcec-4fb2-8953-e521da90d916-AppendLogResponseHandler: Failed appendEntries: org.apache.ratis.thirdparty.io.grpc.StatusRuntimeException: UNAVAILABLE: io exception
2019-11-11 04:07:41,414 [grpc-default-executor-4] INFO  impl.FollowerInfo (FollowerInfo.java:lambda$new$0(51)) - 9a305e64-7592-4199-ba7e-8c2223e9b548@group-F4D747E15FF8->f4ab3ec0-fcec-4fb2-8953-e521da90d916: nextIndex: updateUnconditionally 0 -> 0
2019-11-11 04:07:41,468 [grpc-default-executor-0] WARN  server.GrpcLogAppender (LogUtils.java:warn(134)) - 9a305e64-7592-4199-ba7e-8c2223e9b548@group-F4D747E15FF8->61021d77-0677-40a1-98e7-8ba643935ac0-AppendLogResponseHandler: Failed appendEntries: org.apache.ratis.thirdparty.io.grpc.StatusRuntimeException: UNAVAILABLE: io exception
2019-11-11 04:07:41,468 [grpc-default-executor-0] INFO  impl.FollowerInfo (FollowerInfo.java:lambda$new$0(51)) - 9a305e64-7592-4199-ba7e-8c2223e9b548@group-F4D747E15FF8->61021d77-0677-40a1-98e7-8ba643935ac0: nextIndex: updateUnconditionally 0 -> 0
2019-11-11 04:07:41,917 [grpc-default-executor-0] WARN  server.GrpcLogAppender (LogUtils.java:warn(134)) - 9a305e64-7592-4199-ba7e-8c2223e9b548@group-F4D747E15FF8->f4ab3ec0-fcec-4fb2-8953-e521da90d916-AppendLogResponseHandler: Failed appendEntries: org.apache.ratis.thirdparty.io.grpc.StatusRuntimeException: UNAVAILABLE: io exception
2019-11-11 04:07:41,918 [grpc-default-executor-0] INFO  impl.FollowerInfo (FollowerInfo.java:lambda$new$0(51)) - 9a305e64-7592-4199-ba7e-8c2223e9b548@group-F4D747E15FF8->f4ab3ec0-fcec-4fb2-8953-e521da90d916: nextIndex: updateUnconditionally 0 -> 0
2019-11-11 04:07:41,969 [grpc-default-executor-3] WARN  server.GrpcLogAppender (LogUtils.java:warn(134)) - 9a305e64-7592-4199-ba7e-8c2223e9b548@group-F4D747E15FF8->61021d77-0677-40a1-98e7-8ba643935ac0-AppendLogResponseHandler: Failed appendEntries: org.apache.ratis.thirdparty.io.grpc.StatusRuntimeException: UNAVAILABLE: io exception
2019-11-11 04:07:41,969 [grpc-default-executor-3] INFO  impl.FollowerInfo (FollowerInfo.java:lambda$new$0(51)) - 9a305e64-7592-4199-ba7e-8c2223e9b548@group-F4D747E15FF8->61021d77-0677-40a1-98e7-8ba643935ac0: nextIndex: updateUnconditionally 0 -> 0
2019-11-11 04:07:42,416 [grpc-default-executor-3] WARN  server.GrpcLogAppender (LogUtils.java:warn(134)) - 9a305e64-7592-4199-ba7e-8c2223e9b548@group-F4D747E15FF8->f4ab3ec0-fcec-4fb2-8953-e521da90d916-AppendLogResponseHandler: Failed appendEntries: org.apache.ratis.thirdparty.io.grpc.StatusRuntimeException: UNAVAILABLE: io exception
2019-11-11 04:07:42,416 [grpc-default-executor-3] INFO  impl.FollowerInfo (FollowerInfo.java:lambda$new$0(51)) - 9a305e64-7592-4199-ba7e-8c2223e9b548@group-F4D747E15FF8->f4ab3ec0-fcec-4fb2-8953-e521da90d916: nextIndex: updateUnconditionally 0 -> 0
2019-11-11 04:07:42,469 [grpc-default-executor-0] WARN  server.GrpcLogAppender (LogUtils.java:warn(134)) - 9a305e64-7592-4199-ba7e-8c2223e9b548@group-F4D747E15FF8->61021d77-0677-40a1-98e7-8ba643935ac0-AppendLogResponseHandler: Failed appendEntries: org.apache.ratis.thirdparty.io.grpc.StatusRuntimeException: UNAVAILABLE: io exception
2019-11-11 04:07:42,470 [grpc-default-executor-0] INFO  impl.FollowerInfo (FollowerInfo.java:lambda$new$0(51)) - 9a305e64-7592-4199-ba7e-8c2223e9b548@group-F4D747E15FF8->61021d77-0677-40a1-98e7-8ba643935ac0: nextIndex: updateUnconditionally 0 -> 0
2019-11-11 04:07:42,917 [grpc-default-executor-4] WARN  server.GrpcLogAppender (LogUtils.java:warn(134)) - 9a305e64-7592-4199-ba7e-8c2223e9b548@group-F4D747E15FF8->f4ab3ec0-fcec-4fb2-8953-e521da90d916-AppendLogResponseHandler: Failed appendEntries: org.apache.ratis.thirdparty.io.grpc.StatusRuntimeException: UNAVAILABLE: io exception
2019-11-11 04:07:42,917 [grpc-default-executor-4] INFO  impl.FollowerInfo (FollowerInfo.java:lambda$new$0(51)) - 9a305e64-7592-4199-ba7e-8c2223e9b548@group-F4D747E15FF8->f4ab3ec0-fcec-4fb2-8953-e521da90d916: nextIndex: updateUnconditionally 0 -> 0
2019-11-11 04:07:42,970 [grpc-default-executor-3] WARN  server.GrpcLogAppender (LogUtils.java:warn(134)) - 9a305e64-7592-4199-ba7e-8c2223e9b548@group-F4D747E15FF8->61021d77-0677-40a1-98e7-8ba643935ac0-AppendLogResponseHandler: Failed appendEntries: org.apache.ratis.thirdparty.io.grpc.StatusRuntimeException: UNAVAILABLE: io exception
2019-11-11 04:07:42,971 [grpc-default-executor-3] INFO  impl.FollowerInfo (FollowerInfo.java:lambda$new$0(51)) - 9a305e64-7592-4199-ba7e-8c2223e9b548@group-F4D747E15FF8->61021d77-0677-40a1-98e7-8ba643935ac0: nextIndex: updateUnconditionally 0 -> 0
2019-11-11 04:07:43,417 [grpc-default-executor-4] WARN  server.GrpcLogAppender (LogUtils.java:warn(134)) - 9a305e64-7592-4199-ba7e-8c2223e9b548@group-F4D747E15FF8->f4ab3ec0-fcec-4fb2-8953-e521da90d916-AppendLogResponseHandler: Failed appendEntries: org.apache.ratis.thirdparty.io.grpc.StatusRuntimeException: UNAVAILABLE: io exception
2019-11-11 04:07:43,417 [grpc-default-executor-4] INFO  impl.FollowerInfo (FollowerInfo.java:lambda$new$0(51)) - 9a305e64-7592-4199-ba7e-8c2223e9b548@group-F4D747E15FF8->f4ab3ec0-fcec-4fb2-8953-e521da90d916: nextIndex: updateUnconditionally 0 -> 0
2019-11-11 04:07:43,471 [grpc-default-executor-4] WARN  server.GrpcLogAppender (LogUtils.java:warn(134)) - 9a305e64-7592-4199-ba7e-8c2223e9b548@group-F4D747E15FF8->61021d77-0677-40a1-98e7-8ba643935ac0-AppendLogResponseHandler: Failed appendEntries: org.apache.ratis.thirdparty.io.grpc.StatusRuntimeException: UNAVAILABLE: io exception
2019-11-11 04:07:43,471 [grpc-default-executor-4] INFO  impl.FollowerInfo (FollowerInfo.java:lambda$new$0(51)) - 9a305e64-7592-4199-ba7e-8c2223e9b548@group-F4D747E15FF8->61021d77-0677-40a1-98e7-8ba643935ac0: nextIndex: updateUnconditionally 0 -> 0
2019-11-11 04:07:43,920 [grpc-default-executor-4] WARN  server.GrpcLogAppender (LogUtils.java:warn(134)) - 9a305e64-7592-4199-ba7e-8c2223e9b548@group-F4D747E15FF8->f4ab3ec0-fcec-4fb2-8953-e521da90d916-AppendLogResponseHandler: Failed appendEntries: org.apache.ratis.thirdparty.io.grpc.StatusRuntimeException: UNAVAILABLE: io exception
2019-11-11 04:07:43,920 [grpc-default-executor-4] INFO  impl.FollowerInfo (FollowerInfo.java:lambda$new$0(51)) - 9a305e64-7592-4199-ba7e-8c2223e9b548@group-F4D747E15FF8->f4ab3ec0-fcec-4fb2-8953-e521da90d916: nextIndex: updateUnconditionally 0 -> 0
2019-11-11 04:07:43,972 [grpc-default-executor-4] WARN  server.GrpcLogAppender (LogUtils.java:warn(134)) - 9a305e64-7592-4199-ba7e-8c2223e9b548@group-F4D747E15FF8->61021d77-0677-40a1-98e7-8ba643935ac0-AppendLogResponseHandler: Failed appendEntries: org.apache.ratis.thirdparty.io.grpc.StatusRuntimeException: UNAVAILABLE: io exception
2019-11-11 04:07:43,972 [grpc-default-executor-4] INFO  impl.FollowerInfo (FollowerInfo.java:lambda$new$0(51)) - 9a305e64-7592-4199-ba7e-8c2223e9b548@group-F4D747E15FF8->61021d77-0677-40a1-98e7-8ba643935ac0: nextIndex: updateUnconditionally 0 -> 0
2019-11-11 04:07:44,420 [grpc-default-executor-4] WARN  server.GrpcLogAppender (LogUtils.java:warn(134)) - 9a305e64-7592-4199-ba7e-8c2223e9b548@group-F4D747E15FF8->f4ab3ec0-fcec-4fb2-8953-e521da90d916-AppendLogResponseHandler: Failed appendEntries: org.apache.ratis.thirdparty.io.grpc.StatusRuntimeException: UNAVAILABLE: io exception
2019-11-11 04:07:44,420 [grpc-default-executor-4] INFO  impl.FollowerInfo (FollowerInfo.java:lambda$new$0(51)) - 9a305e64-7592-4199-ba7e-8c2223e9b548@group-F4D747E15FF8->f4ab3ec0-fcec-4fb2-8953-e521da90d916: nextIndex: updateUnconditionally 0 -> 0
2019-11-11 04:07:44,472 [grpc-default-executor-0] WARN  server.GrpcLogAppender (LogUtils.java:warn(134)) - 9a305e64-7592-4199-ba7e-8c2223e9b548@group-F4D747E15FF8->61021d77-0677-40a1-98e7-8ba643935ac0-AppendLogResponseHandler: Failed appendEntries: org.apache.ratis.thirdparty.io.grpc.StatusRuntimeException: UNAVAILABLE: io exception
2019-11-11 04:07:44,472 [grpc-default-executor-0] INFO  impl.FollowerInfo (FollowerInfo.java:lambda$new$0(51)) - 9a305e64-7592-4199-ba7e-8c2223e9b548@group-F4D747E15FF8->61021d77-0677-40a1-98e7-8ba643935ac0: nextIndex: updateUnconditionally 0 -> 0
2019-11-11 04:07:44,923 [grpc-default-executor-0] WARN  server.GrpcLogAppender (LogUtils.java:warn(134)) - 9a305e64-7592-4199-ba7e-8c2223e9b548@group-F4D747E15FF8->f4ab3ec0-fcec-4fb2-8953-e521da90d916-AppendLogResponseHandler: Failed appendEntries: org.apache.ratis.thirdparty.io.grpc.StatusRuntimeException: UNAVAILABLE: io exception
2019-11-11 04:07:44,924 [grpc-default-executor-0] INFO  impl.FollowerInfo (FollowerInfo.java:lambda$new$0(51)) - 9a305e64-7592-4199-ba7e-8c2223e9b548@group-F4D747E15FF8->f4ab3ec0-fcec-4fb2-8953-e521da90d916: nextIndex: updateUnconditionally 0 -> 0
2019-11-11 04:07:44,973 [grpc-default-executor-4] WARN  server.GrpcLogAppender (LogUtils.java:warn(134)) - 9a305e64-7592-4199-ba7e-8c2223e9b548@group-F4D747E15FF8->61021d77-0677-40a1-98e7-8ba643935ac0-AppendLogResponseHandler: Failed appendEntries: org.apache.ratis.thirdparty.io.grpc.StatusRuntimeException: UNAVAILABLE: io exception
2019-11-11 04:07:44,974 [grpc-default-executor-4] INFO  impl.FollowerInfo (FollowerInfo.java:lambda$new$0(51)) - 9a305e64-7592-4199-ba7e-8c2223e9b548@group-F4D747E15FF8->61021d77-0677-40a1-98e7-8ba643935ac0: nextIndex: updateUnconditionally 0 -> 0
2019-11-11 04:07:45,422 [grpc-default-executor-4] WARN  server.GrpcLogAppender (LogUtils.java:warn(134)) - 9a305e64-7592-4199-ba7e-8c2223e9b548@group-F4D747E15FF8->f4ab3ec0-fcec-4fb2-8953-e521da90d916-AppendLogResponseHandler: Failed appendEntries: org.apache.ratis.thirdparty.io.grpc.StatusRuntimeException: UNAVAILABLE: io exception
2019-11-11 04:07:45,423 [grpc-default-executor-4] INFO  impl.FollowerInfo (FollowerInfo.java:lambda$new$0(51)) - 9a305e64-7592-4199-ba7e-8c2223e9b548@group-F4D747E15FF8->f4ab3ec0-fcec-4fb2-8953-e521da90d916: nextIndex: updateUnconditionally 0 -> 0
2019-11-11 04:07:45,473 [grpc-default-executor-0] WARN  server.GrpcLogAppender (LogUtils.java:warn(134)) - 9a305e64-7592-4199-ba7e-8c2223e9b548@group-F4D747E15FF8->61021d77-0677-40a1-98e7-8ba643935ac0-AppendLogResponseHandler: Failed appendEntries: org.apache.ratis.thirdparty.io.grpc.StatusRuntimeException: UNAVAILABLE: io exception
2019-11-11 04:07:45,474 [grpc-default-executor-0] INFO  impl.FollowerInfo (FollowerInfo.java:lambda$new$0(51)) - 9a305e64-7592-4199-ba7e-8c2223e9b548@group-F4D747E15FF8->61021d77-0677-40a1-98e7-8ba643935ac0: nextIndex: updateUnconditionally 0 -> 0
2019-11-11 04:07:45,924 [grpc-default-executor-3] WARN  server.GrpcLogAppender (LogUtils.java:warn(134)) - 9a305e64-7592-4199-ba7e-8c2223e9b548@group-F4D747E15FF8->f4ab3ec0-fcec-4fb2-8953-e521da90d916-AppendLogResponseHandler: Failed appendEntries: org.apache.ratis.thirdparty.io.grpc.StatusRuntimeException: UNAVAILABLE: io exception
2019-11-11 04:07:45,924 [grpc-default-executor-3] INFO  impl.FollowerInfo (FollowerInfo.java:lambda$new$0(51)) - 9a305e64-7592-4199-ba7e-8c2223e9b548@group-F4D747E15FF8->f4ab3ec0-fcec-4fb2-8953-e521da90d916: nextIndex: updateUnconditionally 0 -> 0
2019-11-11 04:07:45,974 [grpc-default-executor-3] WARN  server.GrpcLogAppender (LogUtils.java:warn(134)) - 9a305e64-7592-4199-ba7e-8c2223e9b548@group-F4D747E15FF8->61021d77-0677-40a1-98e7-8ba643935ac0-AppendLogResponseHandler: Failed appendEntries: org.apache.ratis.thirdparty.io.grpc.StatusRuntimeException: UNAVAILABLE: io exception
2019-11-11 04:07:45,975 [grpc-default-executor-3] INFO  impl.FollowerInfo (FollowerInfo.java:lambda$new$0(51)) - 9a305e64-7592-4199-ba7e-8c2223e9b548@group-F4D747E15FF8->61021d77-0677-40a1-98e7-8ba643935ac0: nextIndex: updateUnconditionally 0 -> 0
2019-11-11 04:07:46,423 [main] WARN  io.KeyOutputStream (KeyOutputStream.java:handleException(274)) - Encountered exception java.io.IOException: Unexpected Storage Container Exception: java.util.concurrent.CompletionException: java.util.concurrent.CompletionException: org.apache.ratis.protocol.RaftRetryFailureException: Failed RaftClientRequest:client-404B7B28A61D->9a305e64-7592-4199-ba7e-8c2223e9b548@group-F4D747E15FF8, cid=54, seq=8*, RW, cmdType: WriteChunk
traceID: "d7773ad9feeecfba:d7773ad9feeecfba:0:0"
containerID: 1
datanodeUuid: "61021d77-0677-40a1-98e7-8ba643935ac0"
writeChunk {
  blockID {
    containerID: 1
    localID: 103117303520886787
    blockCommitSequenceId: 55
  }
  chunkData {
    chunkName: "103117303520886787_chunk_4"
    offset: 0
    len: 1048576
    checksumData {
      type: CRC32
      bytesPerChecksum: 1048576
      checksums: "\361\003\002\247"
    }
  }
}
, data.size=1048576 for 10 attempts with RetryLimited(maxAttempts=10, sleepTime=1000ms) on the pipeline Pipeline[ Id: 31ac6f49-abee-419e-8f26-f4d747e15ff8, Nodes: 61021d77-0677-40a1-98e7-8ba643935ac0{ip: 192.168.34.63, host: trunk-nightly-20191111-g5xpl-2663879777, networkLocation: /default-rack, certSerialId: null}f4ab3ec0-fcec-4fb2-8953-e521da90d916{ip: 192.168.34.63, host: trunk-nightly-20191111-g5xpl-2663879777, networkLocation: /default-rack, certSerialId: null}9a305e64-7592-4199-ba7e-8c2223e9b548{ip: 192.168.34.63, host: trunk-nightly-20191111-g5xpl-2663879777, networkLocation: /default-rack, certSerialId: null}, Type:RATIS, Factor:THREE, State:OPEN]. The last committed block length is 2097152, uncommitted data length is 2097152 retry count 0
2019-11-11 04:07:46,424 [grpc-default-executor-0] WARN  server.GrpcLogAppender (LogUtils.java:warn(134)) - 9a305e64-7592-4199-ba7e-8c2223e9b548@group-F4D747E15FF8->f4ab3ec0-fcec-4fb2-8953-e521da90d916-AppendLogResponseHandler: Failed appendEntries: org.apache.ratis.thirdparty.io.grpc.StatusRuntimeException: UNAVAILABLE: io exception
2019-11-11 04:07:46,424 [grpc-default-executor-0] INFO  impl.FollowerInfo (FollowerInfo.java:lambda$new$0(51)) - 9a305e64-7592-4199-ba7e-8c2223e9b548@group-F4D747E15FF8->f4ab3ec0-fcec-4fb2-8953-e521da90d916: nextIndex: updateUnconditionally 0 -> 0
2019-11-11 04:07:46,426 [main] INFO  io.BlockOutputStreamEntryPool (BlockOutputStreamEntryPool.java:allocateNewBlock(257)) - Allocating block with ExcludeList {datanodes = [61021d77-0677-40a1-98e7-8ba643935ac0{ip: null, host: null, networkLocation: /default-rack, certSerialId: null}], containerIds = [], pipelineIds = [PipelineID=31ac6f49-abee-419e-8f26-f4d747e15ff8]}
2019-11-11 04:07:46,475 [grpc-default-executor-4] WARN  server.GrpcLogAppender (LogUtils.java:warn(134)) - 9a305e64-7592-4199-ba7e-8c2223e9b548@group-F4D747E15FF8->61021d77-0677-40a1-98e7-8ba643935ac0-AppendLogResponseHandler: Failed appendEntries: org.apache.ratis.thirdparty.io.grpc.StatusRuntimeException: UNAVAILABLE: io exception
2019-11-11 04:07:46,475 [grpc-default-executor-4] INFO  impl.FollowerInfo (FollowerInfo.java:lambda$new$0(51)) - 9a305e64-7592-4199-ba7e-8c2223e9b548@group-F4D747E15FF8->61021d77-0677-40a1-98e7-8ba643935ac0: nextIndex: updateUnconditionally 0 -> 0
2019-11-11 04:07:46,925 [grpc-default-executor-3] WARN  server.GrpcLogAppender (LogUtils.java:warn(134)) - 9a305e64-7592-4199-ba7e-8c2223e9b548@group-F4D747E15FF8->f4ab3ec0-fcec-4fb2-8953-e521da90d916-AppendLogResponseHandler: Failed appendEntries: org.apache.ratis.thirdparty.io.grpc.StatusRuntimeException: UNAVAILABLE: io exception
2019-11-11 04:07:46,926 [grpc-default-executor-3] INFO  impl.FollowerInfo (FollowerInfo.java:lambda$new$0(51)) - 9a305e64-7592-4199-ba7e-8c2223e9b548@group-F4D747E15FF8->f4ab3ec0-fcec-4fb2-8953-e521da90d916: nextIndex: updateUnconditionally 0 -> 0
2019-11-11 04:07:46,976 [grpc-default-executor-0] WARN  server.GrpcLogAppender (LogUtils.java:warn(134)) - 9a305e64-7592-4199-ba7e-8c2223e9b548@group-F4D747E15FF8->61021d77-0677-40a1-98e7-8ba643935ac0-AppendLogResponseHandler: Failed appendEntries: org.apache.ratis.thirdparty.io.grpc.StatusRuntimeException: UNAVAILABLE: io exception
2019-11-11 04:07:46,976 [grpc-default-executor-0] INFO  impl.FollowerInfo (FollowerInfo.java:lambda$new$0(51)) - 9a305e64-7592-4199-ba7e-8c2223e9b548@group-F4D747E15FF8->61021d77-0677-40a1-98e7-8ba643935ac0: nextIndex: updateUnconditionally 0 -> 0
2019-11-11 04:07:47,426 [grpc-default-executor-0] WARN  server.GrpcLogAppender (LogUtils.java:warn(134)) - 9a305e64-7592-4199-ba7e-8c2223e9b548@group-F4D747E15FF8->f4ab3ec0-fcec-4fb2-8953-e521da90d916-AppendLogResponseHandler: Failed appendEntries: org.apache.ratis.thirdparty.io.grpc.StatusRuntimeException: UNAVAILABLE: io exception
2019-11-11 04:07:47,426 [grpc-default-executor-0] INFO  impl.FollowerInfo (FollowerInfo.java:lambda$new$0(51)) - 9a305e64-7592-4199-ba7e-8c2223e9b548@group-F4D747E15FF8->f4ab3ec0-fcec-4fb2-8953-e521da90d916: nextIndex: updateUnconditionally 0 -> 0
2019-11-11 04:07:47,476 [grpc-default-executor-4] WARN  server.GrpcLogAppender (LogUtils.java:warn(134)) - 9a305e64-7592-4199-ba7e-8c2223e9b548@group-F4D747E15FF8->61021d77-0677-40a1-98e7-8ba643935ac0-AppendLogResponseHandler: Failed appendEntries: org.apache.ratis.thirdparty.io.grpc.StatusRuntimeException: UNAVAILABLE: io exception
2019-11-11 04:07:47,477 [grpc-default-executor-4] INFO  impl.FollowerInfo (FollowerInfo.java:lambda$new$0(51)) - 9a305e64-7592-4199-ba7e-8c2223e9b548@group-F4D747E15FF8->61021d77-0677-40a1-98e7-8ba643935ac0: nextIndex: updateUnconditionally 0 -> 0
2019-11-11 04:07:47,926 [grpc-default-executor-4] WARN  server.GrpcLogAppender (LogUtils.java:warn(134)) - 9a305e64-7592-4199-ba7e-8c2223e9b548@group-F4D747E15FF8->f4ab3ec0-fcec-4fb2-8953-e521da90d916-AppendLogResponseHandler: Failed appendEntries: org.apache.ratis.thirdparty.io.grpc.StatusRuntimeException: UNAVAILABLE: io exception
2019-11-11 04:07:47,927 [grpc-default-executor-4] INFO  impl.FollowerInfo (FollowerInfo.java:lambda$new$0(51)) - 9a305e64-7592-4199-ba7e-8c2223e9b548@group-F4D747E15FF8->f4ab3ec0-fcec-4fb2-8953-e521da90d916: nextIndex: updateUnconditionally 0 -> 0
2019-11-11 04:07:47,977 [grpc-default-executor-4] WARN  server.GrpcLogAppender (LogUtils.java:warn(134)) - 9a305e64-7592-4199-ba7e-8c2223e9b548@group-F4D747E15FF8->61021d77-0677-40a1-98e7-8ba643935ac0-AppendLogResponseHandler: Failed appendEntries: org.apache.ratis.thirdparty.io.grpc.StatusRuntimeException: UNAVAILABLE: io exception
2019-11-11 04:07:47,977 [grpc-default-executor-4] INFO  impl.FollowerInfo (FollowerInfo.java:lambda$new$0(51)) - 9a305e64-7592-4199-ba7e-8c2223e9b548@group-F4D747E15FF8->61021d77-0677-40a1-98e7-8ba643935ac0: nextIndex: updateUnconditionally 0 -> 0
2019-11-11 04:07:48,427 [grpc-default-executor-4] WARN  server.GrpcLogAppender (LogUtils.java:warn(134)) - 9a305e64-7592-4199-ba7e-8c2223e9b548@group-F4D747E15FF8->f4ab3ec0-fcec-4fb2-8953-e521da90d916-AppendLogResponseHandler: Failed appendEntries: org.apache.ratis.thirdparty.io.grpc.StatusRuntimeException: UNAVAILABLE: io exception
2019-11-11 04:07:48,428 [grpc-default-executor-4] INFO  impl.FollowerInfo (FollowerInfo.java:lambda$new$0(51)) - 9a305e64-7592-4199-ba7e-8c2223e9b548@group-F4D747E15FF8->f4ab3ec0-fcec-4fb2-8953-e521da90d916: nextIndex: updateUnconditionally 0 -> 0
2019-11-11 04:07:48,477 [grpc-default-executor-4] WARN  server.GrpcLogAppender (LogUtils.java:warn(134)) - 9a305e64-7592-4199-ba7e-8c2223e9b548@group-F4D747E15FF8->61021d77-0677-40a1-98e7-8ba643935ac0-AppendLogResponseHandler: Failed appendEntries: org.apache.ratis.thirdparty.io.grpc.StatusRuntimeException: UNAVAILABLE: io exception
2019-11-11 04:07:48,478 [grpc-default-executor-4] INFO  impl.FollowerInfo (FollowerInfo.java:lambda$new$0(51)) - 9a305e64-7592-4199-ba7e-8c2223e9b548@group-F4D747E15FF8->61021d77-0677-40a1-98e7-8ba643935ac0: nextIndex: updateUnconditionally 0 -> 0
2019-11-11 04:07:48,930 [grpc-default-executor-4] WARN  server.GrpcLogAppender (LogUtils.java:warn(134)) - 9a305e64-7592-4199-ba7e-8c2223e9b548@group-F4D747E15FF8->f4ab3ec0-fcec-4fb2-8953-e521da90d916-AppendLogResponseHandler: Failed appendEntries: org.apache.ratis.thirdparty.io.grpc.StatusRuntimeException: UNAVAILABLE: io exception
2019-11-11 04:07:48,930 [grpc-default-executor-4] INFO  impl.FollowerInfo (FollowerInfo.java:lambda$new$0(51)) - 9a305e64-7592-4199-ba7e-8c2223e9b548@group-F4D747E15FF8->f4ab3ec0-fcec-4fb2-8953-e521da90d916: nextIndex: updateUnconditionally 0 -> 0
2019-11-11 04:07:48,979 [grpc-default-executor-4] WARN  server.GrpcLogAppender (LogUtils.java:warn(134)) - 9a305e64-7592-4199-ba7e-8c2223e9b548@group-F4D747E15FF8->61021d77-0677-40a1-98e7-8ba643935ac0-AppendLogResponseHandler: Failed appendEntries: org.apache.ratis.thirdparty.io.grpc.StatusRuntimeException: UNAVAILABLE: io exception
2019-11-11 04:07:48,979 [grpc-default-executor-4] INFO  impl.FollowerInfo (FollowerInfo.java:lambda$new$0(51)) - 9a305e64-7592-4199-ba7e-8c2223e9b548@group-F4D747E15FF8->61021d77-0677-40a1-98e7-8ba643935ac0: nextIndex: updateUnconditionally 0 -> 0
2019-11-11 04:07:49,432 [grpc-default-executor-4] WARN  server.GrpcLogAppender (LogUtils.java:warn(134)) - 9a305e64-7592-4199-ba7e-8c2223e9b548@group-F4D747E15FF8->f4ab3ec0-fcec-4fb2-8953-e521da90d916-AppendLogResponseHandler: Failed appendEntries: org.apache.ratis.thirdparty.io.grpc.StatusRuntimeException: UNAVAILABLE: io exception
2019-11-11 04:07:49,433 [grpc-default-executor-4] INFO  impl.FollowerInfo (FollowerInfo.java:lambda$new$0(51)) - 9a305e64-7592-4199-ba7e-8c2223e9b548@group-F4D747E15FF8->f4ab3ec0-fcec-4fb2-8953-e521da90d916: nextIndex: updateUnconditionally 0 -> 0
2019-11-11 04:07:49,479 [grpc-default-executor-4] WARN  server.GrpcLogAppender (LogUtils.java:warn(134)) - 9a305e64-7592-4199-ba7e-8c2223e9b548@group-F4D747E15FF8->61021d77-0677-40a1-98e7-8ba643935ac0-AppendLogResponseHandler: Failed appendEntries: org.apache.ratis.thirdparty.io.grpc.StatusRuntimeException: UNAVAILABLE: io exception
2019-11-11 04:07:49,480 [grpc-default-executor-4] INFO  impl.FollowerInfo (FollowerInfo.java:lambda$new$0(51)) - 9a305e64-7592-4199-ba7e-8c2223e9b548@group-F4D747E15FF8->61021d77-0677-40a1-98e7-8ba643935ac0: nextIndex: updateUnconditionally 0 -> 0
2019-11-11 04:07:49,932 [grpc-default-executor-4] WARN  server.GrpcLogAppender (LogUtils.java:warn(134)) - 9a305e64-7592-4199-ba7e-8c2223e9b548@group-F4D747E15FF8->f4ab3ec0-fcec-4fb2-8953-e521da90d916-AppendLogResponseHandler: Failed appendEntries: org.apache.ratis.thirdparty.io.grpc.StatusRuntimeException: UNAVAILABLE: io exception
2019-11-11 04:07:49,932 [grpc-default-executor-4] INFO  impl.FollowerInfo (FollowerInfo.java:lambda$new$0(51)) - 9a305e64-7592-4199-ba7e-8c2223e9b548@group-F4D747E15FF8->f4ab3ec0-fcec-4fb2-8953-e521da90d916: nextIndex: updateUnconditionally 0 -> 0
2019-11-11 04:07:49,979 [grpc-default-executor-0] WARN  server.GrpcLogAppender (LogUtils.java:warn(134)) - 9a305e64-7592-4199-ba7e-8c2223e9b548@group-F4D747E15FF8->61021d77-0677-40a1-98e7-8ba643935ac0-AppendLogResponseHandler: Failed appendEntries: org.apache.ratis.thirdparty.io.grpc.StatusRuntimeException: UNAVAILABLE: io exception
2019-11-11 04:07:49,979 [grpc-default-executor-0] INFO  impl.FollowerInfo (FollowerInfo.java:lambda$new$0(51)) - 9a305e64-7592-4199-ba7e-8c2223e9b548@group-F4D747E15FF8->61021d77-0677-40a1-98e7-8ba643935ac0: nextIndex: updateUnconditionally 0 -> 0
2019-11-11 04:07:50,433 [grpc-default-executor-3] WARN  server.GrpcLogAppender (LogUtils.java:warn(134)) - 9a305e64-7592-4199-ba7e-8c2223e9b548@group-F4D747E15FF8->f4ab3ec0-fcec-4fb2-8953-e521da90d916-AppendLogResponseHandler: Failed appendEntries: org.apache.ratis.thirdparty.io.grpc.StatusRuntimeException: UNAVAILABLE: io exception
2019-11-11 04:07:50,434 [grpc-default-executor-3] INFO  impl.FollowerInfo (FollowerInfo.java:lambda$new$0(51)) - 9a305e64-7592-4199-ba7e-8c2223e9b548@group-F4D747E15FF8->f4ab3ec0-fcec-4fb2-8953-e521da90d916: nextIndex: updateUnconditionally 0 -> 0
2019-11-11 04:07:50,480 [grpc-default-executor-4] WARN  server.GrpcLogAppender (LogUtils.java:warn(134)) - 9a305e64-7592-4199-ba7e-8c2223e9b548@group-F4D747E15FF8->61021d77-0677-40a1-98e7-8ba643935ac0-AppendLogResponseHandler: Failed appendEntries: org.apache.ratis.thirdparty.io.grpc.StatusRuntimeException: UNAVAILABLE: io exception
2019-11-11 04:07:50,481 [grpc-default-executor-4] INFO  impl.FollowerInfo (FollowerInfo.java:lambda$new$0(51)) - 9a305e64-7592-4199-ba7e-8c2223e9b548@group-F4D747E15FF8->61021d77-0677-40a1-98e7-8ba643935ac0: nextIndex: updateUnconditionally 0 -> 0
2019-11-11 04:07:50,934 [grpc-default-executor-4] WARN  server.GrpcLogAppender (LogUtils.java:warn(134)) - 9a305e64-7592-4199-ba7e-8c2223e9b548@group-F4D747E15FF8->f4ab3ec0-fcec-4fb2-8953-e521da90d916-AppendLogResponseHandler: Failed appendEntries: org.apache.ratis.thirdparty.io.grpc.StatusRuntimeException: UNAVAILABLE: io exception
2019-11-11 04:07:50,935 [grpc-default-executor-4] INFO  impl.FollowerInfo (FollowerInfo.java:lambda$new$0(51)) - 9a305e64-7592-4199-ba7e-8c2223e9b548@group-F4D747E15FF8->f4ab3ec0-fcec-4fb2-8953-e521da90d916: nextIndex: updateUnconditionally 0 -> 0
2019-11-11 04:07:50,981 [grpc-default-executor-4] WARN  server.GrpcLogAppender (LogUtils.java:warn(134)) - 9a305e64-7592-4199-ba7e-8c2223e9b548@group-F4D747E15FF8->61021d77-0677-40a1-98e7-8ba643935ac0-AppendLogResponseHandler: Failed appendEntries: org.apache.ratis.thirdparty.io.grpc.StatusRuntimeException: UNAVAILABLE: io exception
2019-11-11 04:07:50,981 [grpc-default-executor-4] INFO  impl.FollowerInfo (FollowerInfo.java:lambda$new$0(51)) - 9a305e64-7592-4199-ba7e-8c2223e9b548@group-F4D747E15FF8->61021d77-0677-40a1-98e7-8ba643935ac0: nextIndex: updateUnconditionally 0 -> 0
2019-11-11 04:07:51,437 [grpc-default-executor-4] WARN  server.GrpcLogAppender (LogUtils.java:warn(134)) - 9a305e64-7592-4199-ba7e-8c2223e9b548@group-F4D747E15FF8->f4ab3ec0-fcec-4fb2-8953-e521da90d916-AppendLogResponseHandler: Failed appendEntries: org.apache.ratis.thirdparty.io.grpc.StatusRuntimeException: UNAVAILABLE: io exception
2019-11-11 04:07:51,438 [grpc-default-executor-4] INFO  impl.FollowerInfo (FollowerInfo.java:lambda$new$0(51)) - 9a305e64-7592-4199-ba7e-8c2223e9b548@group-F4D747E15FF8->f4ab3ec0-fcec-4fb2-8953-e521da90d916: nextIndex: updateUnconditionally 0 -> 0
2019-11-11 04:07:51,482 [grpc-default-executor-3] WARN  server.GrpcLogAppender (LogUtils.java:warn(134)) - 9a305e64-7592-4199-ba7e-8c2223e9b548@group-F4D747E15FF8->61021d77-0677-40a1-98e7-8ba643935ac0-AppendLogResponseHandler: Failed appendEntries: org.apache.ratis.thirdparty.io.grpc.StatusRuntimeException: UNAVAILABLE: io exception
2019-11-11 04:07:51,482 [grpc-default-executor-3] INFO  impl.FollowerInfo (FollowerInfo.java:lambda$new$0(51)) - 9a305e64-7592-4199-ba7e-8c2223e9b548@group-F4D747E15FF8->61021d77-0677-40a1-98e7-8ba643935ac0: nextIndex: updateUnconditionally 0 -> 0
2019-11-11 04:07:51,939 [grpc-default-executor-0] WARN  server.GrpcLogAppender (LogUtils.java:warn(134)) - 9a305e64-7592-4199-ba7e-8c2223e9b548@group-F4D747E15FF8->f4ab3ec0-fcec-4fb2-8953-e521da90d916-AppendLogResponseHandler: Failed appendEntries: org.apache.ratis.thirdparty.io.grpc.StatusRuntimeException: UNAVAILABLE: io exception
2019-11-11 04:07:51,939 [grpc-default-executor-0] INFO  impl.FollowerInfo (FollowerInfo.java:lambda$new$0(51)) - 9a305e64-7592-4199-ba7e-8c2223e9b548@group-F4D747E15FF8->f4ab3ec0-fcec-4fb2-8953-e521da90d916: nextIndex: updateUnconditionally 0 -> 0
2019-11-11 04:07:51,982 [grpc-default-executor-0] WARN  server.GrpcLogAppender (LogUtils.java:warn(134)) - 9a305e64-7592-4199-ba7e-8c2223e9b548@group-F4D747E15FF8->61021d77-0677-40a1-98e7-8ba643935ac0-AppendLogResponseHandler: Failed appendEntries: org.apache.ratis.thirdparty.io.grpc.StatusRuntimeException: UNAVAILABLE: io exception
2019-11-11 04:07:51,983 [grpc-default-executor-0] INFO  impl.FollowerInfo (FollowerInfo.java:lambda$new$0(51)) - 9a305e64-7592-4199-ba7e-8c2223e9b548@group-F4D747E15FF8->61021d77-0677-40a1-98e7-8ba643935ac0: nextIndex: updateUnconditionally 0 -> 0
2019-11-11 04:07:52,438 [grpc-default-executor-4] WARN  server.GrpcLogAppender (LogUtils.java:warn(134)) - 9a305e64-7592-4199-ba7e-8c2223e9b548@group-F4D747E15FF8->f4ab3ec0-fcec-4fb2-8953-e521da90d916-AppendLogResponseHandler: Failed appendEntries: org.apache.ratis.thirdparty.io.grpc.StatusRuntimeException: UNAVAILABLE: io exception
2019-11-11 04:07:52,438 [grpc-default-executor-4] INFO  impl.FollowerInfo (FollowerInfo.java:lambda$new$0(51)) - 9a305e64-7592-4199-ba7e-8c2223e9b548@group-F4D747E15FF8->f4ab3ec0-fcec-4fb2-8953-e521da90d916: nextIndex: updateUnconditionally 0 -> 0
2019-11-11 04:07:52,483 [grpc-default-executor-4] WARN  server.GrpcLogAppender (LogUtils.java:warn(134)) - 9a305e64-7592-4199-ba7e-8c2223e9b548@group-F4D747E15FF8->61021d77-0677-40a1-98e7-8ba643935ac0-AppendLogResponseHandler: Failed appendEntries: org.apache.ratis.thirdparty.io.grpc.StatusRuntimeException: UNAVAILABLE: io exception
2019-11-11 04:07:52,483 [grpc-default-executor-4] INFO  impl.FollowerInfo (FollowerInfo.java:lambda$new$0(51)) - 9a305e64-7592-4199-ba7e-8c2223e9b548@group-F4D747E15FF8->61021d77-0677-40a1-98e7-8ba643935ac0: nextIndex: updateUnconditionally 0 -> 0
2019-11-11 04:07:52,537 [grpc-default-executor-1] WARN  server.GrpcLogAppender (LogUtils.java:warn(134)) - 9a305e64-7592-4199-ba7e-8c2223e9b548@group-F4D747E15FF8->f4ab3ec0-fcec-4fb2-8953-e521da90d916-AppendLogResponseHandler: Failed appendEntries: org.apache.ratis.thirdparty.io.grpc.StatusRuntimeException: UNAVAILABLE: io exception
2019-11-11 04:07:52,537 [grpc-default-executor-0] WARN  server.GrpcLogAppender (LogUtils.java:warn(134)) - 9a305e64-7592-4199-ba7e-8c2223e9b548@group-F4D747E15FF8->61021d77-0677-40a1-98e7-8ba643935ac0-AppendLogResponseHandler: Failed appendEntries: org.apache.ratis.thirdparty.io.grpc.StatusRuntimeException: UNAVAILABLE: io exception
2019-11-11 04:07:52,538 [grpc-default-executor-1] INFO  impl.FollowerInfo (FollowerInfo.java:lambda$new$0(51)) - 9a305e64-7592-4199-ba7e-8c2223e9b548@group-F4D747E15FF8->f4ab3ec0-fcec-4fb2-8953-e521da90d916: nextIndex: updateUnconditionally 1 -> 0
2019-11-11 04:07:52,538 [grpc-default-executor-0] INFO  impl.FollowerInfo (FollowerInfo.java:lambda$new$0(51)) - 9a305e64-7592-4199-ba7e-8c2223e9b548@group-F4D747E15FF8->61021d77-0677-40a1-98e7-8ba643935ac0: nextIndex: updateUnconditionally 1 -> 0
2019-11-11 04:07:52,544 [grpc-default-executor-4] WARN  server.GrpcLogAppender (LogUtils.java:warn(134)) - 9a305e64-7592-4199-ba7e-8c2223e9b548@group-F4D747E15FF8->f4ab3ec0-fcec-4fb2-8953-e521da90d916-AppendLogResponseHandler: Failed appendEntries: org.apache.ratis.thirdparty.io.grpc.StatusRuntimeException: UNAVAILABLE: io exception
2019-11-11 04:07:52,544 [grpc-default-executor-2] WARN  server.GrpcLogAppender (LogUtils.java:warn(134)) - 9a305e64-7592-4199-ba7e-8c2223e9b548@group-F4D747E15FF8->61021d77-0677-40a1-98e7-8ba643935ac0-AppendLogResponseHandler: Failed appendEntries: org.apache.ratis.thirdparty.io.grpc.StatusRuntimeException: UNAVAILABLE: io exception
2019-11-11 04:07:52,544 [grpc-default-executor-4] INFO  impl.FollowerInfo (FollowerInfo.java:lambda$new$0(51)) - 9a305e64-7592-4199-ba7e-8c2223e9b548@group-F4D747E15FF8->f4ab3ec0-fcec-4fb2-8953-e521da90d916: nextIndex: updateUnconditionally 1 -> 0
2019-11-11 04:07:52,544 [grpc-default-executor-2] INFO  impl.FollowerInfo (FollowerInfo.java:lambda$new$0(51)) - 9a305e64-7592-4199-ba7e-8c2223e9b548@group-F4D747E15FF8->61021d77-0677-40a1-98e7-8ba643935ac0: nextIndex: updateUnconditionally 1 -> 0
2019-11-11 04:07:53,045 [grpc-default-executor-0] WARN  server.GrpcLogAppender (LogUtils.java:warn(134)) - 9a305e64-7592-4199-ba7e-8c2223e9b548@group-F4D747E15FF8->f4ab3ec0-fcec-4fb2-8953-e521da90d916-AppendLogResponseHandler: Failed appendEntries: org.apache.ratis.thirdparty.io.grpc.StatusRuntimeException: UNAVAILABLE: io exception
2019-11-11 04:07:53,045 [grpc-default-executor-5] WARN  server.GrpcLogAppender (LogUtils.java:warn(134)) - 9a305e64-7592-4199-ba7e-8c2223e9b548@group-F4D747E15FF8->61021d77-0677-40a1-98e7-8ba643935ac0-AppendLogResponseHandler: Failed appendEntries: org.apache.ratis.thirdparty.io.grpc.StatusRuntimeException: UNAVAILABLE: io exception
2019-11-11 04:07:53,045 [grpc-default-executor-0] INFO  impl.FollowerInfo (FollowerInfo.java:lambda$new$0(51)) - 9a305e64-7592-4199-ba7e-8c2223e9b548@group-F4D747E15FF8->f4ab3ec0-fcec-4fb2-8953-e521da90d916: nextIndex: updateUnconditionally 0 -> 0
2019-11-11 04:07:53,046 [grpc-default-executor-5] INFO  impl.FollowerInfo (FollowerInfo.java:lambda$new$0(51)) - 9a305e64-7592-4199-ba7e-8c2223e9b548@group-F4D747E15FF8->61021d77-0677-40a1-98e7-8ba643935ac0: nextIndex: updateUnconditionally 0 -> 0
2019-11-11 04:07:53,546 [grpc-default-executor-3] WARN  server.GrpcLogAppender (LogUtils.java:warn(134)) - 9a305e64-7592-4199-ba7e-8c2223e9b548@group-F4D747E15FF8->61021d77-0677-40a1-98e7-8ba643935ac0-AppendLogResponseHandler: Failed appendEntries: org.apache.ratis.thirdparty.io.grpc.StatusRuntimeException: UNAVAILABLE: io exception
2019-11-11 04:07:53,546 [grpc-default-executor-5] WARN  server.GrpcLogAppender (LogUtils.java:warn(134)) - 9a305e64-7592-4199-ba7e-8c2223e9b548@group-F4D747E15FF8->f4ab3ec0-fcec-4fb2-8953-e521da90d916-AppendLogResponseHandler: Failed appendEntries: org.apache.ratis.thirdparty.io.grpc.StatusRuntimeException: UNAVAILABLE: io exception
2019-11-11 04:07:53,546 [grpc-default-executor-3] INFO  impl.FollowerInfo (FollowerInfo.java:lambda$new$0(51)) - 9a305e64-7592-4199-ba7e-8c2223e9b548@group-F4D747E15FF8->61021d77-0677-40a1-98e7-8ba643935ac0: nextIndex: updateUnconditionally 0 -> 0
2019-11-11 04:07:53,546 [grpc-default-executor-5] INFO  impl.FollowerInfo (FollowerInfo.java:lambda$new$0(51)) - 9a305e64-7592-4199-ba7e-8c2223e9b548@group-F4D747E15FF8->f4ab3ec0-fcec-4fb2-8953-e521da90d916: nextIndex: updateUnconditionally 0 -> 0
2019-11-11 04:07:54,047 [grpc-default-executor-1] WARN  server.GrpcLogAppender (LogUtils.java:warn(134)) - 9a305e64-7592-4199-ba7e-8c2223e9b548@group-F4D747E15FF8->61021d77-0677-40a1-98e7-8ba643935ac0-AppendLogResponseHandler: Failed appendEntries: org.apache.ratis.thirdparty.io.grpc.StatusRuntimeException: UNAVAILABLE: io exception
2019-11-11 04:07:54,047 [grpc-default-executor-4] WARN  server.GrpcLogAppender (LogUtils.java:warn(134)) - 9a305e64-7592-4199-ba7e-8c2223e9b548@group-F4D747E15FF8->f4ab3ec0-fcec-4fb2-8953-e521da90d916-AppendLogResponseHandler: Failed appendEntries: org.apache.ratis.thirdparty.io.grpc.StatusRuntimeException: UNAVAILABLE: io exception
2019-11-11 04:07:54,047 [grpc-default-executor-1] INFO  impl.FollowerInfo (FollowerInfo.java:lambda$new$0(51)) - 9a305e64-7592-4199-ba7e-8c2223e9b548@group-F4D747E15FF8->61021d77-0677-40a1-98e7-8ba643935ac0: nextIndex: updateUnconditionally 0 -> 0
2019-11-11 04:07:54,047 [grpc-default-executor-4] INFO  impl.FollowerInfo (FollowerInfo.java:lambda$new$0(51)) - 9a305e64-7592-4199-ba7e-8c2223e9b548@group-F4D747E15FF8->f4ab3ec0-fcec-4fb2-8953-e521da90d916: nextIndex: updateUnconditionally 0 -> 0
2019-11-11 04:07:54,548 [grpc-default-executor-1] WARN  server.GrpcLogAppender (LogUtils.java:warn(134)) - 9a305e64-7592-4199-ba7e-8c2223e9b548@group-F4D747E15FF8->61021d77-0677-40a1-98e7-8ba643935ac0-AppendLogResponseHandler: Failed appendEntries: org.apache.ratis.thirdparty.io.grpc.StatusRuntimeException: UNAVAILABLE: io exception
2019-11-11 04:07:54,548 [grpc-default-executor-3] WARN  server.GrpcLogAppender (LogUtils.java:warn(134)) - 9a305e64-7592-4199-ba7e-8c2223e9b548@group-F4D747E15FF8->f4ab3ec0-fcec-4fb2-8953-e521da90d916-AppendLogResponseHandler: Failed appendEntries: org.apache.ratis.thirdparty.io.grpc.StatusRuntimeException: UNAVAILABLE: io exception
2019-11-11 04:07:54,548 [grpc-default-executor-1] INFO  impl.FollowerInfo (FollowerInfo.java:lambda$new$0(51)) - 9a305e64-7592-4199-ba7e-8c2223e9b548@group-F4D747E15FF8->61021d77-0677-40a1-98e7-8ba643935ac0: nextIndex: updateUnconditionally 0 -> 0
2019-11-11 04:07:54,548 [grpc-default-executor-3] INFO  impl.FollowerInfo (FollowerInfo.java:lambda$new$0(51)) - 9a305e64-7592-4199-ba7e-8c2223e9b548@group-F4D747E15FF8->f4ab3ec0-fcec-4fb2-8953-e521da90d916: nextIndex: updateUnconditionally 0 -> 0
2019-11-11 04:07:55,048 [grpc-default-executor-1] WARN  server.GrpcLogAppender (LogUtils.java:warn(134)) - 9a305e64-7592-4199-ba7e-8c2223e9b548@group-F4D747E15FF8->61021d77-0677-40a1-98e7-8ba643935ac0-AppendLogResponseHandler: Failed appendEntries: org.apache.ratis.thirdparty.io.grpc.StatusRuntimeException: UNAVAILABLE: io exception
2019-11-11 04:07:55,048 [grpc-default-executor-3] WARN  server.GrpcLogAppender (LogUtils.java:warn(134)) - 9a305e64-7592-4199-ba7e-8c2223e9b548@group-F4D747E15FF8->f4ab3ec0-fcec-4fb2-8953-e521da90d916-AppendLogResponseHandler: Failed appendEntries: org.apache.ratis.thirdparty.io.grpc.StatusRuntimeException: UNAVAILABLE: io exception
2019-11-11 04:07:55,048 [grpc-default-executor-1] INFO  impl.FollowerInfo (FollowerInfo.java:lambda$new$0(51)) - 9a305e64-7592-4199-ba7e-8c2223e9b548@group-F4D747E15FF8->61021d77-0677-40a1-98e7-8ba643935ac0: nextIndex: updateUnconditionally 0 -> 0
2019-11-11 04:07:55,049 [grpc-default-executor-3] INFO  impl.FollowerInfo (FollowerInfo.java:lambda$new$0(51)) - 9a305e64-7592-4199-ba7e-8c2223e9b548@group-F4D747E15FF8->f4ab3ec0-fcec-4fb2-8953-e521da90d916: nextIndex: updateUnconditionally 0 -> 0
2019-11-11 04:07:55,549 [grpc-default-executor-1] WARN  server.GrpcLogAppender (LogUtils.java:warn(134)) - 9a305e64-7592-4199-ba7e-8c2223e9b548@group-F4D747E15FF8->61021d77-0677-40a1-98e7-8ba643935ac0-AppendLogResponseHandler: Failed appendEntries: org.apache.ratis.thirdparty.io.grpc.StatusRuntimeException: UNAVAILABLE: io exception
2019-11-11 04:07:55,549 [grpc-default-executor-3] WARN  server.GrpcLogAppender (LogUtils.java:warn(134)) - 9a305e64-7592-4199-ba7e-8c2223e9b548@group-F4D747E15FF8->f4ab3ec0-fcec-4fb2-8953-e521da90d916-AppendLogResponseHandler: Failed appendEntries: org.apache.ratis.thirdparty.io.grpc.StatusRuntimeException: UNAVAILABLE: io exception
2019-11-11 04:07:55,549 [grpc-default-executor-1] INFO  impl.FollowerInfo (FollowerInfo.java:lambda$new$0(51)) - 9a305e64-7592-4199-ba7e-8c2223e9b548@group-F4D747E15FF8->61021d77-0677-40a1-98e7-8ba643935ac0: nextIndex: updateUnconditionally 0 -> 0
2019-11-11 04:07:55,549 [grpc-default-executor-3] INFO  impl.FollowerInfo (FollowerInfo.java:lambda$new$0(51)) - 9a305e64-7592-4199-ba7e-8c2223e9b548@group-F4D747E15FF8->f4ab3ec0-fcec-4fb2-8953-e521da90d916: nextIndex: updateUnconditionally 0 -> 0
2019-11-11 04:07:56,049 [grpc-default-executor-5] WARN  server.GrpcLogAppender (LogUtils.java:warn(134)) - 9a305e64-7592-4199-ba7e-8c2223e9b548@group-F4D747E15FF8->61021d77-0677-40a1-98e7-8ba643935ac0-AppendLogResponseHandler: Failed appendEntries: org.apache.ratis.thirdparty.io.grpc.StatusRuntimeException: UNAVAILABLE: io exception
2019-11-11 04:07:56,049 [grpc-default-executor-0] WARN  server.GrpcLogAppender (LogUtils.java:warn(134)) - 9a305e64-7592-4199-ba7e-8c2223e9b548@group-F4D747E15FF8->f4ab3ec0-fcec-4fb2-8953-e521da90d916-AppendLogResponseHandler: Failed appendEntries: org.apache.ratis.thirdparty.io.grpc.StatusRuntimeException: UNAVAILABLE: io exception
2019-11-11 04:07:56,050 [grpc-default-executor-0] INFO  impl.FollowerInfo (FollowerInfo.java:lambda$new$0(51)) - 9a305e64-7592-4199-ba7e-8c2223e9b548@group-F4D747E15FF8->f4ab3ec0-fcec-4fb2-8953-e521da90d916: nextIndex: updateUnconditionally 0 -> 0
2019-11-11 04:07:56,051 [grpc-default-executor-5] INFO  impl.FollowerInfo (FollowerInfo.java:lambda$new$0(51)) - 9a305e64-7592-4199-ba7e-8c2223e9b548@group-F4D747E15FF8->61021d77-0677-40a1-98e7-8ba643935ac0: nextIndex: updateUnconditionally 0 -> 0
2019-11-11 04:07:56,551 [grpc-default-executor-1] WARN  server.GrpcLogAppender (LogUtils.java:warn(134)) - 9a305e64-7592-4199-ba7e-8c2223e9b548@group-F4D747E15FF8->61021d77-0677-40a1-98e7-8ba643935ac0-AppendLogResponseHandler: Failed appendEntries: org.apache.ratis.thirdparty.io.grpc.StatusRuntimeException: UNAVAILABLE: io exception
2019-11-11 04:07:56,551 [grpc-default-executor-5] WARN  server.GrpcLogAppender (LogUtils.java:warn(134)) - 9a305e64-7592-4199-ba7e-8c2223e9b548@group-F4D747E15FF8->f4ab3ec0-fcec-4fb2-8953-e521da90d916-AppendLogResponseHandler: Failed appendEntries: org.apache.ratis.thirdparty.io.grpc.StatusRuntimeException: UNAVAILABLE: io exception
2019-11-11 04:07:56,552 [grpc-default-executor-1] INFO  impl.FollowerInfo (FollowerInfo.java:lambda$new$0(51)) - 9a305e64-7592-4199-ba7e-8c2223e9b548@group-F4D747E15FF8->61021d77-0677-40a1-98e7-8ba643935ac0: nextIndex: updateUnconditionally 0 -> 0
2019-11-11 04:07:56,552 [grpc-default-executor-5] INFO  impl.FollowerInfo (FollowerInfo.java:lambda$new$0(51)) - 9a305e64-7592-4199-ba7e-8c2223e9b548@group-F4D747E15FF8->f4ab3ec0-fcec-4fb2-8953-e521da90d916: nextIndex: updateUnconditionally 0 -> 0
2019-11-11 04:07:57,052 [grpc-default-executor-4] WARN  server.GrpcLogAppender (LogUtils.java:warn(134)) - 9a305e64-7592-4199-ba7e-8c2223e9b548@group-F4D747E15FF8->f4ab3ec0-fcec-4fb2-8953-e521da90d916-AppendLogResponseHandler: Failed appendEntries: org.apache.ratis.thirdparty.io.grpc.StatusRuntimeException: UNAVAILABLE: io exception
2019-11-11 04:07:57,052 [grpc-default-executor-2] WARN  server.GrpcLogAppender (LogUtils.java:warn(134)) - 9a305e64-7592-4199-ba7e-8c2223e9b548@group-F4D747E15FF8->61021d77-0677-40a1-98e7-8ba643935ac0-AppendLogResponseHandler: Failed appendEntries: org.apache.ratis.thirdparty.io.grpc.StatusRuntimeException: UNAVAILABLE: io exception
2019-11-11 04:07:57,052 [grpc-default-executor-4] INFO  impl.FollowerInfo (FollowerInfo.java:lambda$new$0(51)) - 9a305e64-7592-4199-ba7e-8c2223e9b548@group-F4D747E15FF8->f4ab3ec0-fcec-4fb2-8953-e521da90d916: nextIndex: updateUnconditionally 0 -> 0
2019-11-11 04:07:57,053 [grpc-default-executor-2] INFO  impl.FollowerInfo (FollowerInfo.java:lambda$new$0(51)) - 9a305e64-7592-4199-ba7e-8c2223e9b548@group-F4D747E15FF8->61021d77-0677-40a1-98e7-8ba643935ac0: nextIndex: updateUnconditionally 0 -> 0
2019-11-11 04:07:57,552 [grpc-default-executor-3] WARN  server.GrpcLogAppender (LogUtils.java:warn(134)) - 9a305e64-7592-4199-ba7e-8c2223e9b548@group-F4D747E15FF8->61021d77-0677-40a1-98e7-8ba643935ac0-AppendLogResponseHandler: Failed appendEntries: org.apache.ratis.thirdparty.io.grpc.StatusRuntimeException: UNAVAILABLE: io exception
2019-11-11 04:07:57,552 [grpc-default-executor-1] WARN  server.GrpcLogAppender (LogUtils.java:warn(134)) - 9a305e64-7592-4199-ba7e-8c2223e9b548@group-F4D747E15FF8->f4ab3ec0-fcec-4fb2-8953-e521da90d916-AppendLogResponseHandler: Failed appendEntries: org.apache.ratis.thirdparty.io.grpc.StatusRuntimeException: UNAVAILABLE: io exception
2019-11-11 04:07:57,552 [grpc-default-executor-3] INFO  impl.FollowerInfo (FollowerInfo.java:lambda$new$0(51)) - 9a305e64-7592-4199-ba7e-8c2223e9b548@group-F4D747E15FF8->61021d77-0677-40a1-98e7-8ba643935ac0: nextIndex: updateUnconditionally 0 -> 0
2019-11-11 04:07:57,552 [grpc-default-executor-1] INFO  impl.FollowerInfo (FollowerInfo.java:lambda$new$0(51)) - 9a305e64-7592-4199-ba7e-8c2223e9b548@group-F4D747E15FF8->f4ab3ec0-fcec-4fb2-8953-e521da90d916: nextIndex: updateUnconditionally 0 -> 0
2019-11-11 04:07:58,053 [grpc-default-executor-5] WARN  server.GrpcLogAppender (LogUtils.java:warn(134)) - 9a305e64-7592-4199-ba7e-8c2223e9b548@group-F4D747E15FF8->f4ab3ec0-fcec-4fb2-8953-e521da90d916-AppendLogResponseHandler: Failed appendEntries: org.apache.ratis.thirdparty.io.grpc.StatusRuntimeException: UNAVAILABLE: io exception
2019-11-11 04:07:58,053 [grpc-default-executor-3] WARN  server.GrpcLogAppender (LogUtils.java:warn(134)) - 9a305e64-7592-4199-ba7e-8c2223e9b548@group-F4D747E15FF8->61021d77-0677-40a1-98e7-8ba643935ac0-AppendLogResponseHandler: Failed appendEntries: org.apache.ratis.thirdparty.io.grpc.StatusRuntimeException: UNAVAILABLE: io exception
2019-11-11 04:07:58,054 [grpc-default-executor-5] INFO  impl.FollowerInfo (FollowerInfo.java:lambda$new$0(51)) - 9a305e64-7592-4199-ba7e-8c2223e9b548@group-F4D747E15FF8->f4ab3ec0-fcec-4fb2-8953-e521da90d916: nextIndex: updateUnconditionally 0 -> 0
2019-11-11 04:07:58,054 [grpc-default-executor-3] INFO  impl.FollowerInfo (FollowerInfo.java:lambda$new$0(51)) - 9a305e64-7592-4199-ba7e-8c2223e9b548@group-F4D747E15FF8->61021d77-0677-40a1-98e7-8ba643935ac0: nextIndex: updateUnconditionally 0 -> 0
2019-11-11 04:07:58,554 [grpc-default-executor-2] WARN  server.GrpcLogAppender (LogUtils.java:warn(134)) - 9a305e64-7592-4199-ba7e-8c2223e9b548@group-F4D747E15FF8->61021d77-0677-40a1-98e7-8ba643935ac0-AppendLogResponseHandler: Failed appendEntries: org.apache.ratis.thirdparty.io.grpc.StatusRuntimeException: UNAVAILABLE: io exception
2019-11-11 04:07:58,554 [grpc-default-executor-5] WARN  server.GrpcLogAppender (LogUtils.java:warn(134)) - 9a305e64-7592-4199-ba7e-8c2223e9b548@group-F4D747E15FF8->f4ab3ec0-fcec-4fb2-8953-e521da90d916-AppendLogResponseHandler: Failed appendEntries: org.apache.ratis.thirdparty.io.grpc.StatusRuntimeException: UNAVAILABLE: io exception
2019-11-11 04:07:58,554 [grpc-default-executor-2] INFO  impl.FollowerInfo (FollowerInfo.java:lambda$new$0(51)) - 9a305e64-7592-4199-ba7e-8c2223e9b548@group-F4D747E15FF8->61021d77-0677-40a1-98e7-8ba643935ac0: nextIndex: updateUnconditionally 0 -> 0
2019-11-11 04:07:58,554 [grpc-default-executor-5] INFO  impl.FollowerInfo (FollowerInfo.java:lambda$new$0(51)) - 9a305e64-7592-4199-ba7e-8c2223e9b548@group-F4D747E15FF8->f4ab3ec0-fcec-4fb2-8953-e521da90d916: nextIndex: updateUnconditionally 0 -> 0
2019-11-11 04:07:59,054 [grpc-default-executor-2] WARN  server.GrpcLogAppender (LogUtils.java:warn(134)) - 9a305e64-7592-4199-ba7e-8c2223e9b548@group-F4D747E15FF8->61021d77-0677-40a1-98e7-8ba643935ac0-AppendLogResponseHandler: Failed appendEntries: org.apache.ratis.thirdparty.io.grpc.StatusRuntimeException: UNAVAILABLE: io exception
2019-11-11 04:07:59,054 [grpc-default-executor-3] WARN  server.GrpcLogAppender (LogUtils.java:warn(134)) - 9a305e64-7592-4199-ba7e-8c2223e9b548@group-F4D747E15FF8->f4ab3ec0-fcec-4fb2-8953-e521da90d916-AppendLogResponseHandler: Failed appendEntries: org.apache.ratis.thirdparty.io.grpc.StatusRuntimeException: UNAVAILABLE: io exception
2019-11-11 04:07:59,055 [grpc-default-executor-2] INFO  impl.FollowerInfo (FollowerInfo.java:lambda$new$0(51)) - 9a305e64-7592-4199-ba7e-8c2223e9b548@group-F4D747E15FF8->61021d77-0677-40a1-98e7-8ba643935ac0: nextIndex: updateUnconditionally 0 -> 0
2019-11-11 04:07:59,055 [grpc-default-executor-3] INFO  impl.FollowerInfo (FollowerInfo.java:lambda$new$0(51)) - 9a305e64-7592-4199-ba7e-8c2223e9b548@group-F4D747E15FF8->f4ab3ec0-fcec-4fb2-8953-e521da90d916: nextIndex: updateUnconditionally 0 -> 0
2019-11-11 04:07:59,555 [grpc-default-executor-3] WARN  server.GrpcLogAppender (LogUtils.java:warn(134)) - 9a305e64-7592-4199-ba7e-8c2223e9b548@group-F4D747E15FF8->61021d77-0677-40a1-98e7-8ba643935ac0-AppendLogResponseHandler: Failed appendEntries: org.apache.ratis.thirdparty.io.grpc.StatusRuntimeException: UNAVAILABLE: io exception
2019-11-11 04:07:59,555 [grpc-default-executor-5] WARN  server.GrpcLogAppender (LogUtils.java:warn(134)) - 9a305e64-7592-4199-ba7e-8c2223e9b548@group-F4D747E15FF8->f4ab3ec0-fcec-4fb2-8953-e521da90d916-AppendLogResponseHandler: Failed appendEntries: org.apache.ratis.thirdparty.io.grpc.StatusRuntimeException: UNAVAILABLE: io exception
2019-11-11 04:07:59,556 [grpc-default-executor-3] INFO  impl.FollowerInfo (FollowerInfo.java:lambda$new$0(51)) - 9a305e64-7592-4199-ba7e-8c2223e9b548@group-F4D747E15FF8->61021d77-0677-40a1-98e7-8ba643935ac0: nextIndex: updateUnconditionally 0 -> 0
2019-11-11 04:07:59,556 [grpc-default-executor-5] INFO  impl.FollowerInfo (FollowerInfo.java:lambda$new$0(51)) - 9a305e64-7592-4199-ba7e-8c2223e9b548@group-F4D747E15FF8->f4ab3ec0-fcec-4fb2-8953-e521da90d916: nextIndex: updateUnconditionally 0 -> 0
2019-11-11 04:08:00,055 [grpc-default-executor-2] WARN  server.GrpcLogAppender (LogUtils.java:warn(134)) - 9a305e64-7592-4199-ba7e-8c2223e9b548@group-F4D747E15FF8->61021d77-0677-40a1-98e7-8ba643935ac0-AppendLogResponseHandler: Failed appendEntries: org.apache.ratis.thirdparty.io.grpc.StatusRuntimeException: UNAVAILABLE: io exception
2019-11-11 04:08:00,055 [grpc-default-executor-0] WARN  server.GrpcLogAppender (LogUtils.java:warn(134)) - 9a305e64-7592-4199-ba7e-8c2223e9b548@group-F4D747E15FF8->f4ab3ec0-fcec-4fb2-8953-e521da90d916-AppendLogResponseHandler: Failed appendEntries: org.apache.ratis.thirdparty.io.grpc.StatusRuntimeException: UNAVAILABLE: io exception
2019-11-11 04:08:00,056 [grpc-default-executor-2] INFO  impl.FollowerInfo (FollowerInfo.java:lambda$new$0(51)) - 9a305e64-7592-4199-ba7e-8c2223e9b548@group-F4D747E15FF8->61021d77-0677-40a1-98e7-8ba643935ac0: nextIndex: updateUnconditionally 0 -> 0
2019-11-11 04:08:00,056 [grpc-default-executor-0] INFO  impl.FollowerInfo (FollowerInfo.java:lambda$new$0(51)) - 9a305e64-7592-4199-ba7e-8c2223e9b548@group-F4D747E15FF8->f4ab3ec0-fcec-4fb2-8953-e521da90d916: nextIndex: updateUnconditionally 0 -> 0
2019-11-11 04:08:00,557 [grpc-default-executor-2] WARN  server.GrpcLogAppender (LogUtils.java:warn(134)) - 9a305e64-7592-4199-ba7e-8c2223e9b548@group-F4D747E15FF8->f4ab3ec0-fcec-4fb2-8953-e521da90d916-AppendLogResponseHandler: Failed appendEntries: org.apache.ratis.thirdparty.io.grpc.StatusRuntimeException: UNAVAILABLE: io exception
2019-11-11 04:08:00,557 [grpc-default-executor-0] WARN  server.GrpcLogAppender (LogUtils.java:warn(134)) - 9a305e64-7592-4199-ba7e-8c2223e9b548@group-F4D747E15FF8->61021d77-0677-40a1-98e7-8ba643935ac0-AppendLogResponseHandler: Failed appendEntries: org.apache.ratis.thirdparty.io.grpc.StatusRuntimeException: UNAVAILABLE: io exception
2019-11-11 04:08:00,557 [grpc-default-executor-2] INFO  impl.FollowerInfo (FollowerInfo.java:lambda$new$0(51)) - 9a305e64-7592-4199-ba7e-8c2223e9b548@group-F4D747E15FF8->f4ab3ec0-fcec-4fb2-8953-e521da90d916: nextIndex: updateUnconditionally 0 -> 0
2019-11-11 04:08:00,557 [grpc-default-executor-0] INFO  impl.FollowerInfo (FollowerInfo.java:lambda$new$0(51)) - 9a305e64-7592-4199-ba7e-8c2223e9b548@group-F4D747E15FF8->61021d77-0677-40a1-98e7-8ba643935ac0: nextIndex: updateUnconditionally 0 -> 0
2019-11-11 04:08:01,058 [grpc-default-executor-2] WARN  server.GrpcLogAppender (LogUtils.java:warn(134)) - 9a305e64-7592-4199-ba7e-8c2223e9b548@group-F4D747E15FF8->f4ab3ec0-fcec-4fb2-8953-e521da90d916-AppendLogResponseHandler: Failed appendEntries: org.apache.ratis.thirdparty.io.grpc.StatusRuntimeException: UNAVAILABLE: io exception
2019-11-11 04:08:01,058 [grpc-default-executor-0] WARN  server.GrpcLogAppender (LogUtils.java:warn(134)) - 9a305e64-7592-4199-ba7e-8c2223e9b548@group-F4D747E15FF8->61021d77-0677-40a1-98e7-8ba643935ac0-AppendLogResponseHandler: Failed appendEntries: org.apache.ratis.thirdparty.io.grpc.StatusRuntimeException: UNAVAILABLE: io exception
2019-11-11 04:08:01,058 [grpc-default-executor-2] INFO  impl.FollowerInfo (FollowerInfo.java:lambda$new$0(51)) - 9a305e64-7592-4199-ba7e-8c2223e9b548@group-F4D747E15FF8->f4ab3ec0-fcec-4fb2-8953-e521da90d916: nextIndex: updateUnconditionally 0 -> 0
2019-11-11 04:08:01,058 [grpc-default-executor-0] INFO  impl.FollowerInfo (FollowerInfo.java:lambda$new$0(51)) - 9a305e64-7592-4199-ba7e-8c2223e9b548@group-F4D747E15FF8->61021d77-0677-40a1-98e7-8ba643935ac0: nextIndex: updateUnconditionally 0 -> 0
2019-11-11 04:08:01,558 [grpc-default-executor-0] WARN  server.GrpcLogAppender (LogUtils.java:warn(134)) - 9a305e64-7592-4199-ba7e-8c2223e9b548@group-F4D747E15FF8->f4ab3ec0-fcec-4fb2-8953-e521da90d916-AppendLogResponseHandler: Failed appendEntries: org.apache.ratis.thirdparty.io.grpc.StatusRuntimeException: UNAVAILABLE: io exception
2019-11-11 04:08:01,558 [grpc-default-executor-1] WARN  server.GrpcLogAppender (LogUtils.java:warn(134)) - 9a305e64-7592-4199-ba7e-8c2223e9b548@group-F4D747E15FF8->61021d77-0677-40a1-98e7-8ba643935ac0-AppendLogResponseHandler: Failed appendEntries: org.apache.ratis.thirdparty.io.grpc.StatusRuntimeException: UNAVAILABLE: io exception
2019-11-11 04:08:01,559 [grpc-default-executor-0] INFO  impl.FollowerInfo (FollowerInfo.java:lambda$new$0(51)) - 9a305e64-7592-4199-ba7e-8c2223e9b548@group-F4D747E15FF8->f4ab3ec0-fcec-4fb2-8953-e521da90d916: nextIndex: updateUnconditionally 0 -> 0
2019-11-11 04:08:01,559 [grpc-default-executor-1] INFO  impl.FollowerInfo (FollowerInfo.java:lambda$new$0(51)) - 9a305e64-7592-4199-ba7e-8c2223e9b548@group-F4D747E15FF8->61021d77-0677-40a1-98e7-8ba643935ac0: nextIndex: updateUnconditionally 0 -> 0
2019-11-11 04:08:02,060 [grpc-default-executor-3] WARN  server.GrpcLogAppender (LogUtils.java:warn(134)) - 9a305e64-7592-4199-ba7e-8c2223e9b548@group-F4D747E15FF8->61021d77-0677-40a1-98e7-8ba643935ac0-AppendLogResponseHandler: Failed appendEntries: org.apache.ratis.thirdparty.io.grpc.StatusRuntimeException: UNAVAILABLE: io exception
2019-11-11 04:08:02,060 [grpc-default-executor-1] WARN  server.GrpcLogAppender (LogUtils.java:warn(134)) - 9a305e64-7592-4199-ba7e-8c2223e9b548@group-F4D747E15FF8->f4ab3ec0-fcec-4fb2-8953-e521da90d916-AppendLogResponseHandler: Failed appendEntries: org.apache.ratis.thirdparty.io.grpc.StatusRuntimeException: UNAVAILABLE: io exception
2019-11-11 04:08:02,060 [grpc-default-executor-3] INFO  impl.FollowerInfo (FollowerInfo.java:lambda$new$0(51)) - 9a305e64-7592-4199-ba7e-8c2223e9b548@group-F4D747E15FF8->61021d77-0677-40a1-98e7-8ba643935ac0: nextIndex: updateUnconditionally 0 -> 0
2019-11-11 04:08:02,060 [grpc-default-executor-1] INFO  impl.FollowerInfo (FollowerInfo.java:lambda$new$0(51)) - 9a305e64-7592-4199-ba7e-8c2223e9b548@group-F4D747E15FF8->f4ab3ec0-fcec-4fb2-8953-e521da90d916: nextIndex: updateUnconditionally 0 -> 0
2019-11-11 04:08:02,559 [grpc-default-executor-3] WARN  server.GrpcLogAppender (LogUtils.java:warn(134)) - 9a305e64-7592-4199-ba7e-8c2223e9b548@group-F4D747E15FF8->f4ab3ec0-fcec-4fb2-8953-e521da90d916-AppendLogResponseHandler: Failed appendEntries: org.apache.ratis.thirdparty.io.grpc.StatusRuntimeException: UNAVAILABLE: io exception
2019-11-11 04:08:02,560 [grpc-default-executor-0] WARN  server.GrpcLogAppender (LogUtils.java:warn(134)) - 9a305e64-7592-4199-ba7e-8c2223e9b548@group-F4D747E15FF8->61021d77-0677-40a1-98e7-8ba643935ac0-AppendLogResponseHandler: Failed appendEntries: org.apache.ratis.thirdparty.io.grpc.StatusRuntimeException: UNAVAILABLE: io exception
2019-11-11 04:08:02,560 [grpc-default-executor-3] INFO  impl.FollowerInfo (FollowerInfo.java:lambda$new$0(51)) - 9a305e64-7592-4199-ba7e-8c2223e9b548@group-F4D747E15FF8->f4ab3ec0-fcec-4fb2-8953-e521da90d916: nextIndex: updateUnconditionally 0 -> 0
2019-11-11 04:08:02,560 [grpc-default-executor-0] INFO  impl.FollowerInfo (FollowerInfo.java:lambda$new$0(51)) - 9a305e64-7592-4199-ba7e-8c2223e9b548@group-F4D747E15FF8->61021d77-0677-40a1-98e7-8ba643935ac0: nextIndex: updateUnconditionally 0 -> 0
2019-11-11 04:08:03,060 [grpc-default-executor-0] WARN  server.GrpcLogAppender (LogUtils.java:warn(134)) - 9a305e64-7592-4199-ba7e-8c2223e9b548@group-F4D747E15FF8->f4ab3ec0-fcec-4fb2-8953-e521da90d916-AppendLogResponseHandler: Failed appendEntries: org.apache.ratis.thirdparty.io.grpc.StatusRuntimeException: UNAVAILABLE: io exception
2019-11-11 04:08:03,061 [grpc-default-executor-2] WARN  server.GrpcLogAppender (LogUtils.java:warn(134)) - 9a305e64-7592-4199-ba7e-8c2223e9b548@group-F4D747E15FF8->61021d77-0677-40a1-98e7-8ba643935ac0-AppendLogResponseHandler: Failed appendEntries: org.apache.ratis.thirdparty.io.grpc.StatusRuntimeException: UNAVAILABLE: io exception
2019-11-11 04:08:03,061 [grpc-default-executor-0] INFO  impl.FollowerInfo (FollowerInfo.java:lambda$new$0(51)) - 9a305e64-7592-4199-ba7e-8c2223e9b548@group-F4D747E15FF8->f4ab3ec0-fcec-4fb2-8953-e521da90d916: nextIndex: updateUnconditionally 0 -> 0
2019-11-11 04:08:03,061 [grpc-default-executor-2] INFO  impl.FollowerInfo (FollowerInfo.java:lambda$new$0(51)) - 9a305e64-7592-4199-ba7e-8c2223e9b548@group-F4D747E15FF8->61021d77-0677-40a1-98e7-8ba643935ac0: nextIndex: updateUnconditionally 0 -> 0
2019-11-11 04:08:03,565 [grpc-default-executor-5] WARN  server.GrpcLogAppender (LogUtils.java:warn(134)) - 9a305e64-7592-4199-ba7e-8c2223e9b548@group-F4D747E15FF8->f4ab3ec0-fcec-4fb2-8953-e521da90d916-AppendLogResponseHandler: Failed appendEntries: org.apache.ratis.thirdparty.io.grpc.StatusRuntimeException: UNAVAILABLE: io exception
2019-11-11 04:08:03,566 [grpc-default-executor-0] WARN  server.GrpcLogAppender (LogUtils.java:warn(134)) - 9a305e64-7592-4199-ba7e-8c2223e9b548@group-F4D747E15FF8->61021d77-0677-40a1-98e7-8ba643935ac0-AppendLogResponseHandler: Failed appendEntries: org.apache.ratis.thirdparty.io.grpc.StatusRuntimeException: UNAVAILABLE: io exception
2019-11-11 04:08:03,566 [grpc-default-executor-5] INFO  impl.FollowerInfo (FollowerInfo.java:lambda$new$0(51)) - 9a305e64-7592-4199-ba7e-8c2223e9b548@group-F4D747E15FF8->f4ab3ec0-fcec-4fb2-8953-e521da90d916: nextIndex: updateUnconditionally 0 -> 0
2019-11-11 04:08:03,566 [grpc-default-executor-0] INFO  impl.FollowerInfo (FollowerInfo.java:lambda$new$0(51)) - 9a305e64-7592-4199-ba7e-8c2223e9b548@group-F4D747E15FF8->61021d77-0677-40a1-98e7-8ba643935ac0: nextIndex: updateUnconditionally 0 -> 0
2019-11-11 04:08:04,067 [grpc-default-executor-1] WARN  server.GrpcLogAppender (LogUtils.java:warn(134)) - 9a305e64-7592-4199-ba7e-8c2223e9b548@group-F4D747E15FF8->f4ab3ec0-fcec-4fb2-8953-e521da90d916-AppendLogResponseHandler: Failed appendEntries: org.apache.ratis.thirdparty.io.grpc.StatusRuntimeException: UNAVAILABLE: io exception
2019-11-11 04:08:04,067 [grpc-default-executor-2] WARN  server.GrpcLogAppender (LogUtils.java:warn(134)) - 9a305e64-7592-4199-ba7e-8c2223e9b548@group-F4D747E15FF8->61021d77-0677-40a1-98e7-8ba643935ac0-AppendLogResponseHandler: Failed appendEntries: org.apache.ratis.thirdparty.io.grpc.StatusRuntimeException: UNAVAILABLE: io exception
2019-11-11 04:08:04,067 [grpc-default-executor-1] INFO  impl.FollowerInfo (FollowerInfo.java:lambda$new$0(51)) - 9a305e64-7592-4199-ba7e-8c2223e9b548@group-F4D747E15FF8->f4ab3ec0-fcec-4fb2-8953-e521da90d916: nextIndex: updateUnconditionally 0 -> 0
2019-11-11 04:08:04,067 [grpc-default-executor-2] INFO  impl.FollowerInfo (FollowerInfo.java:lambda$new$0(51)) - 9a305e64-7592-4199-ba7e-8c2223e9b548@group-F4D747E15FF8->61021d77-0677-40a1-98e7-8ba643935ac0: nextIndex: updateUnconditionally 0 -> 0
2019-11-11 04:08:04,569 [grpc-default-executor-7] WARN  server.GrpcLogAppender (LogUtils.java:warn(134)) - 9a305e64-7592-4199-ba7e-8c2223e9b548@group-F4D747E15FF8->61021d77-0677-40a1-98e7-8ba643935ac0-AppendLogResponseHandler: Failed appendEntries: org.apache.ratis.thirdparty.io.grpc.StatusRuntimeException: UNAVAILABLE: io exception
2019-11-11 04:08:04,569 [grpc-default-executor-8] WARN  server.GrpcLogAppender (LogUtils.java:warn(134)) - 9a305e64-7592-4199-ba7e-8c2223e9b548@group-F4D747E15FF8->f4ab3ec0-fcec-4fb2-8953-e521da90d916-AppendLogResponseHandler: Failed appendEntries: org.apache.ratis.thirdparty.io.grpc.StatusRuntimeException: UNAVAILABLE: io exception
2019-11-11 04:08:04,579 [grpc-default-executor-7] INFO  impl.FollowerInfo (FollowerInfo.java:lambda$new$0(51)) - 9a305e64-7592-4199-ba7e-8c2223e9b548@group-F4D747E15FF8->61021d77-0677-40a1-98e7-8ba643935ac0: nextIndex: updateUnconditionally 0 -> 0
2019-11-11 04:08:04,579 [grpc-default-executor-8] INFO  impl.FollowerInfo (FollowerInfo.java:lambda$new$0(51)) - 9a305e64-7592-4199-ba7e-8c2223e9b548@group-F4D747E15FF8->f4ab3ec0-fcec-4fb2-8953-e521da90d916: nextIndex: updateUnconditionally 0 -> 0
2019-11-11 04:08:05,068 [grpc-default-executor-4] WARN  server.GrpcLogAppender (LogUtils.java:warn(134)) - 9a305e64-7592-4199-ba7e-8c2223e9b548@group-F4D747E15FF8->61021d77-0677-40a1-98e7-8ba643935ac0-AppendLogResponseHandler: Failed appendEntries: org.apache.ratis.thirdparty.io.grpc.StatusRuntimeException: UNAVAILABLE: io exception
2019-11-11 04:08:05,069 [grpc-default-executor-6] WARN  server.GrpcLogAppender (LogUtils.java:warn(134)) - 9a305e64-7592-4199-ba7e-8c2223e9b548@group-F4D747E15FF8->f4ab3ec0-fcec-4fb2-8953-e521da90d916-AppendLogResponseHandler: Failed appendEntries: org.apache.ratis.thirdparty.io.grpc.StatusRuntimeException: UNAVAILABLE: io exception
2019-11-11 04:08:05,069 [grpc-default-executor-4] INFO  impl.FollowerInfo (FollowerInfo.java:lambda$new$0(51)) - 9a305e64-7592-4199-ba7e-8c2223e9b548@group-F4D747E15FF8->61021d77-0677-40a1-98e7-8ba643935ac0: nextIndex: updateUnconditionally 0 -> 0
2019-11-11 04:08:05,069 [grpc-default-executor-6] INFO  impl.FollowerInfo (FollowerInfo.java:lambda$new$0(51)) - 9a305e64-7592-4199-ba7e-8c2223e9b548@group-F4D747E15FF8->f4ab3ec0-fcec-4fb2-8953-e521da90d916: nextIndex: updateUnconditionally 0 -> 0
2019-11-11 04:08:05,470 [EventQueue-StaleNodeForStaleNodeHandler] INFO  node.StaleNodeHandler (StaleNodeHandler.java:onMessage(58)) - Datanode 61021d77-0677-40a1-98e7-8ba643935ac0{ip: 192.168.34.63, host: trunk-nightly-20191111-g5xpl-2663879777, networkLocation: /default-rack, certSerialId: null} moved to stale state. Finalizing its pipelines [PipelineID=31ac6f49-abee-419e-8f26-f4d747e15ff8]
2019-11-11 04:08:05,470 [EventQueue-StaleNodeForStaleNodeHandler] INFO  pipeline.SCMPipelineManager (SCMPipelineManager.java:finalizeAndDestroyPipeline(315)) - destroying pipeline:Pipeline[ Id: 31ac6f49-abee-419e-8f26-f4d747e15ff8, Nodes: 61021d77-0677-40a1-98e7-8ba643935ac0{ip: 192.168.34.63, host: trunk-nightly-20191111-g5xpl-2663879777, networkLocation: /default-rack, certSerialId: null}f4ab3ec0-fcec-4fb2-8953-e521da90d916{ip: 192.168.34.63, host: trunk-nightly-20191111-g5xpl-2663879777, networkLocation: /default-rack, certSerialId: null}9a305e64-7592-4199-ba7e-8c2223e9b548{ip: 192.168.34.63, host: trunk-nightly-20191111-g5xpl-2663879777, networkLocation: /default-rack, certSerialId: null}, Type:RATIS, Factor:THREE, State:OPEN]
2019-11-11 04:08:05,473 [EventQueue-StaleNodeForStaleNodeHandler] INFO  pipeline.PipelineStateManager (PipelineStateManager.java:finalizePipeline(123)) - Pipeline Pipeline[ Id: 31ac6f49-abee-419e-8f26-f4d747e15ff8, Nodes: 61021d77-0677-40a1-98e7-8ba643935ac0{ip: 192.168.34.63, host: trunk-nightly-20191111-g5xpl-2663879777, networkLocation: /default-rack, certSerialId: null}f4ab3ec0-fcec-4fb2-8953-e521da90d916{ip: 192.168.34.63, host: trunk-nightly-20191111-g5xpl-2663879777, networkLocation: /default-rack, certSerialId: null}9a305e64-7592-4199-ba7e-8c2223e9b548{ip: 192.168.34.63, host: trunk-nightly-20191111-g5xpl-2663879777, networkLocation: /default-rack, certSerialId: null}, Type:RATIS, Factor:THREE, State:CLOSED] moved to CLOSED state
2019-11-11 04:08:05,473 [EventQueue-CloseContainerForCloseContainerEventHandler] INFO  container.CloseContainerEventHandler (CloseContainerEventHandler.java:onMessage(61)) - Close container Event triggered for container : #1
2019-11-11 04:08:05,480 [EventQueue-CloseContainerForCloseContainerEventHandler] INFO  container.CloseContainerEventHandler (CloseContainerEventHandler.java:onMessage(61)) - Close container Event triggered for container : #2
2019-11-11 04:08:05,481 [EventQueue-CloseContainerForCloseContainerEventHandler] INFO  container.CloseContainerEventHandler (CloseContainerEventHandler.java:onMessage(61)) - Close container Event triggered for container : #3
2019-11-11 04:08:05,569 [grpc-default-executor-7] WARN  server.GrpcLogAppender (LogUtils.java:warn(134)) - 9a305e64-7592-4199-ba7e-8c2223e9b548@group-F4D747E15FF8->f4ab3ec0-fcec-4fb2-8953-e521da90d916-AppendLogResponseHandler: Failed appendEntries: org.apache.ratis.thirdparty.io.grpc.StatusRuntimeException: UNAVAILABLE: io exception
2019-11-11 04:08:05,569 [grpc-default-executor-4] WARN  server.GrpcLogAppender (LogUtils.java:warn(134)) - 9a305e64-7592-4199-ba7e-8c2223e9b548@group-F4D747E15FF8->61021d77-0677-40a1-98e7-8ba643935ac0-AppendLogResponseHandler: Failed appendEntries: org.apache.ratis.thirdparty.io.grpc.StatusRuntimeException: UNAVAILABLE: io exception
2019-11-11 04:08:05,569 [grpc-default-executor-7] INFO  impl.FollowerInfo (FollowerInfo.java:lambda$new$0(51)) - 9a305e64-7592-4199-ba7e-8c2223e9b548@group-F4D747E15FF8->f4ab3ec0-fcec-4fb2-8953-e521da90d916: nextIndex: updateUnconditionally 0 -> 0
2019-11-11 04:08:05,569 [grpc-default-executor-4] INFO  impl.FollowerInfo (FollowerInfo.java:lambda$new$0(51)) - 9a305e64-7592-4199-ba7e-8c2223e9b548@group-F4D747E15FF8->61021d77-0677-40a1-98e7-8ba643935ac0: nextIndex: updateUnconditionally 0 -> 0
2019-11-11 04:08:06,070 [grpc-default-executor-4] WARN  server.GrpcLogAppender (LogUtils.java:warn(134)) - 9a305e64-7592-4199-ba7e-8c2223e9b548@group-F4D747E15FF8->61021d77-0677-40a1-98e7-8ba643935ac0-AppendLogResponseHandler: Failed appendEntries: org.apache.ratis.thirdparty.io.grpc.StatusRuntimeException: UNAVAILABLE: io exception
2019-11-11 04:08:06,070 [grpc-default-executor-6] WARN  server.GrpcLogAppender (LogUtils.java:warn(134)) - 9a305e64-7592-4199-ba7e-8c2223e9b548@group-F4D747E15FF8->f4ab3ec0-fcec-4fb2-8953-e521da90d916-AppendLogResponseHandler: Failed appendEntries: org.apache.ratis.thirdparty.io.grpc.StatusRuntimeException: UNAVAILABLE: io exception
2019-11-11 04:08:06,071 [grpc-default-executor-4] INFO  impl.FollowerInfo (FollowerInfo.java:lambda$new$0(51)) - 9a305e64-7592-4199-ba7e-8c2223e9b548@group-F4D747E15FF8->61021d77-0677-40a1-98e7-8ba643935ac0: nextIndex: updateUnconditionally 0 -> 0
2019-11-11 04:08:06,071 [grpc-default-executor-6] INFO  impl.FollowerInfo (FollowerInfo.java:lambda$new$0(51)) - 9a305e64-7592-4199-ba7e-8c2223e9b548@group-F4D747E15FF8->f4ab3ec0-fcec-4fb2-8953-e521da90d916: nextIndex: updateUnconditionally 0 -> 0
2019-11-11 04:08:06,571 [grpc-default-executor-6] WARN  server.GrpcLogAppender (LogUtils.java:warn(134)) - 9a305e64-7592-4199-ba7e-8c2223e9b548@group-F4D747E15FF8->61021d77-0677-40a1-98e7-8ba643935ac0-AppendLogResponseHandler: Failed appendEntries: org.apache.ratis.thirdparty.io.grpc.StatusRuntimeException: UNAVAILABLE: io exception
2019-11-11 04:08:06,571 [grpc-default-executor-4] WARN  server.GrpcLogAppender (LogUtils.java:warn(134)) - 9a305e64-7592-4199-ba7e-8c2223e9b548@group-F4D747E15FF8->f4ab3ec0-fcec-4fb2-8953-e521da90d916-AppendLogResponseHandler: Failed appendEntries: org.apache.ratis.thirdparty.io.grpc.StatusRuntimeException: UNAVAILABLE: io exception
2019-11-11 04:08:06,572 [grpc-default-executor-6] INFO  impl.FollowerInfo (FollowerInfo.java:lambda$new$0(51)) - 9a305e64-7592-4199-ba7e-8c2223e9b548@group-F4D747E15FF8->61021d77-0677-40a1-98e7-8ba643935ac0: nextIndex: updateUnconditionally 0 -> 0
2019-11-11 04:08:06,572 [grpc-default-executor-4] INFO  impl.FollowerInfo (FollowerInfo.java:lambda$new$0(51)) - 9a305e64-7592-4199-ba7e-8c2223e9b548@group-F4D747E15FF8->f4ab3ec0-fcec-4fb2-8953-e521da90d916: nextIndex: updateUnconditionally 0 -> 0
2019-11-11 04:08:07,075 [grpc-default-executor-7] WARN  server.GrpcLogAppender (LogUtils.java:warn(134)) - 9a305e64-7592-4199-ba7e-8c2223e9b548@group-F4D747E15FF8->f4ab3ec0-fcec-4fb2-8953-e521da90d916-AppendLogResponseHandler: Failed appendEntries: org.apache.ratis.thirdparty.io.grpc.StatusRuntimeException: UNAVAILABLE: io exception
2019-11-11 04:08:07,075 [grpc-default-executor-6] WARN  server.GrpcLogAppender (LogUtils.java:warn(134)) - 9a305e64-7592-4199-ba7e-8c2223e9b548@group-F4D747E15FF8->61021d77-0677-40a1-98e7-8ba643935ac0-AppendLogResponseHandler: Failed appendEntries: org.apache.ratis.thirdparty.io.grpc.StatusRuntimeException: UNAVAILABLE: io exception
2019-11-11 04:08:07,076 [grpc-default-executor-6] INFO  impl.FollowerInfo (FollowerInfo.java:lambda$new$0(51)) - 9a305e64-7592-4199-ba7e-8c2223e9b548@group-F4D747E15FF8->61021d77-0677-40a1-98e7-8ba643935ac0: nextIndex: updateUnconditionally 0 -> 0
2019-11-11 04:08:07,076 [grpc-default-executor-7] INFO  impl.FollowerInfo (FollowerInfo.java:lambda$new$0(51)) - 9a305e64-7592-4199-ba7e-8c2223e9b548@group-F4D747E15FF8->f4ab3ec0-fcec-4fb2-8953-e521da90d916: nextIndex: updateUnconditionally 0 -> 0
2019-11-11 04:08:07,574 [grpc-default-executor-4] WARN  server.GrpcLogAppender (LogUtils.java:warn(134)) - 9a305e64-7592-4199-ba7e-8c2223e9b548@group-F4D747E15FF8->61021d77-0677-40a1-98e7-8ba643935ac0-AppendLogResponseHandler: Failed appendEntries: org.apache.ratis.thirdparty.io.grpc.StatusRuntimeException: UNAVAILABLE: io exception
2019-11-11 04:08:07,574 [grpc-default-executor-2] WARN  server.GrpcLogAppender (LogUtils.java:warn(134)) - 9a305e64-7592-4199-ba7e-8c2223e9b548@group-F4D747E15FF8->f4ab3ec0-fcec-4fb2-8953-e521da90d916-AppendLogResponseHandler: Failed appendEntries: org.apache.ratis.thirdparty.io.grpc.StatusRuntimeException: UNAVAILABLE: io exception
2019-11-11 04:08:07,574 [grpc-default-executor-4] INFO  impl.FollowerInfo (FollowerInfo.java:lambda$new$0(51)) - 9a305e64-7592-4199-ba7e-8c2223e9b548@group-F4D747E15FF8->61021d77-0677-40a1-98e7-8ba643935ac0: nextIndex: updateUnconditionally 0 -> 0
2019-11-11 04:08:07,575 [grpc-default-executor-2] INFO  impl.FollowerInfo (FollowerInfo.java:lambda$new$0(51)) - 9a305e64-7592-4199-ba7e-8c2223e9b548@group-F4D747E15FF8->f4ab3ec0-fcec-4fb2-8953-e521da90d916: nextIndex: updateUnconditionally 0 -> 0
2019-11-11 04:08:08,075 [grpc-default-executor-7] WARN  server.GrpcLogAppender (LogUtils.java:warn(134)) - 9a305e64-7592-4199-ba7e-8c2223e9b548@group-F4D747E15FF8->f4ab3ec0-fcec-4fb2-8953-e521da90d916-AppendLogResponseHandler: Failed appendEntries: org.apache.ratis.thirdparty.io.grpc.StatusRuntimeException: UNAVAILABLE: io exception
2019-11-11 04:08:08,075 [grpc-default-executor-2] WARN  server.GrpcLogAppender (LogUtils.java:warn(134)) - 9a305e64-7592-4199-ba7e-8c2223e9b548@group-F4D747E15FF8->61021d77-0677-40a1-98e7-8ba643935ac0-AppendLogResponseHandler: Failed appendEntries: org.apache.ratis.thirdparty.io.grpc.StatusRuntimeException: UNAVAILABLE: io exception
2019-11-11 04:08:08,076 [grpc-default-executor-7] INFO  impl.FollowerInfo (FollowerInfo.java:lambda$new$0(51)) - 9a305e64-7592-4199-ba7e-8c2223e9b548@group-F4D747E15FF8->f4ab3ec0-fcec-4fb2-8953-e521da90d916: nextIndex: updateUnconditionally 0 -> 0
2019-11-11 04:08:08,076 [grpc-default-executor-2] INFO  impl.FollowerInfo (FollowerInfo.java:lambda$new$0(51)) - 9a305e64-7592-4199-ba7e-8c2223e9b548@group-F4D747E15FF8->61021d77-0677-40a1-98e7-8ba643935ac0: nextIndex: updateUnconditionally 0 -> 0
2019-11-11 04:08:08,506 [grpc-default-executor-2] WARN  server.GrpcLogAppender (LogUtils.java:warn(134)) - 9a305e64-7592-4199-ba7e-8c2223e9b548@group-F4D747E15FF8->61021d77-0677-40a1-98e7-8ba643935ac0-AppendLogResponseHandler: Failed appendEntries: org.apache.ratis.thirdparty.io.grpc.StatusRuntimeException: UNAVAILABLE: io exception
2019-11-11 04:08:08,506 [grpc-default-executor-8] WARN  server.GrpcLogAppender (LogUtils.java:warn(134)) - 9a305e64-7592-4199-ba7e-8c2223e9b548@group-F4D747E15FF8->f4ab3ec0-fcec-4fb2-8953-e521da90d916-AppendLogResponseHandler: Failed appendEntries: org.apache.ratis.thirdparty.io.grpc.StatusRuntimeException: UNAVAILABLE: io exception
2019-11-11 04:08:08,507 [grpc-default-executor-2] INFO  impl.FollowerInfo (FollowerInfo.java:lambda$new$0(51)) - 9a305e64-7592-4199-ba7e-8c2223e9b548@group-F4D747E15FF8->61021d77-0677-40a1-98e7-8ba643935ac0: nextIndex: updateUnconditionally 1 -> 0
2019-11-11 04:08:08,507 [grpc-default-executor-8] INFO  impl.FollowerInfo (FollowerInfo.java:lambda$new$0(51)) - 9a305e64-7592-4199-ba7e-8c2223e9b548@group-F4D747E15FF8->f4ab3ec0-fcec-4fb2-8953-e521da90d916: nextIndex: updateUnconditionally 1 -> 0
2019-11-11 04:08:09,003 [grpc-default-executor-7] WARN  server.GrpcLogAppender (LogUtils.java:warn(134)) - 9a305e64-7592-4199-ba7e-8c2223e9b548@group-F4D747E15FF8->61021d77-0677-40a1-98e7-8ba643935ac0-AppendLogResponseHandler: Failed appendEntries: org.apache.ratis.thirdparty.io.grpc.StatusRuntimeException: UNAVAILABLE: io exception
2019-11-11 04:08:09,003 [grpc-default-executor-8] WARN  server.GrpcLogAppender (LogUtils.java:warn(134)) - 9a305e64-7592-4199-ba7e-8c2223e9b548@group-F4D747E15FF8->f4ab3ec0-fcec-4fb2-8953-e521da90d916-AppendLogResponseHandler: Failed appendEntries: org.apache.ratis.thirdparty.io.grpc.StatusRuntimeException: UNAVAILABLE: io exception
2019-11-11 04:08:09,003 [grpc-default-executor-7] INFO  impl.FollowerInfo (FollowerInfo.java:lambda$new$0(51)) - 9a305e64-7592-4199-ba7e-8c2223e9b548@group-F4D747E15FF8->61021d77-0677-40a1-98e7-8ba643935ac0: nextIndex: updateUnconditionally 0 -> 0
2019-11-11 04:08:09,003 [grpc-default-executor-8] INFO  impl.FollowerInfo (FollowerInfo.java:lambda$new$0(51)) - 9a305e64-7592-4199-ba7e-8c2223e9b548@group-F4D747E15FF8->f4ab3ec0-fcec-4fb2-8953-e521da90d916: nextIndex: updateUnconditionally 0 -> 0
2019-11-11 04:08:09,503 [grpc-default-executor-4] WARN  server.GrpcLogAppender (LogUtils.java:warn(134)) - 9a305e64-7592-4199-ba7e-8c2223e9b548@group-F4D747E15FF8->61021d77-0677-40a1-98e7-8ba643935ac0-AppendLogResponseHandler: Failed appendEntries: org.apache.ratis.thirdparty.io.grpc.StatusRuntimeException: UNAVAILABLE: io exception
2019-11-11 04:08:09,503 [grpc-default-executor-2] WARN  server.GrpcLogAppender (LogUtils.java:warn(134)) - 9a305e64-7592-4199-ba7e-8c2223e9b548@group-F4D747E15FF8->f4ab3ec0-fcec-4fb2-8953-e521da90d916-AppendLogResponseHandler: Failed appendEntries: org.apache.ratis.thirdparty.io.grpc.StatusRuntimeException: UNAVAILABLE: io exception
2019-11-11 04:08:09,504 [grpc-default-executor-4] INFO  impl.FollowerInfo (FollowerInfo.java:lambda$new$0(51)) - 9a305e64-7592-4199-ba7e-8c2223e9b548@group-F4D747E15FF8->61021d77-0677-40a1-98e7-8ba643935ac0: nextIndex: updateUnconditionally 0 -> 0
2019-11-11 04:08:09,504 [grpc-default-executor-2] INFO  impl.FollowerInfo (FollowerInfo.java:lambda$new$0(51)) - 9a305e64-7592-4199-ba7e-8c2223e9b548@group-F4D747E15FF8->f4ab3ec0-fcec-4fb2-8953-e521da90d916: nextIndex: updateUnconditionally 0 -> 0
2019-11-11 04:08:10,004 [grpc-default-executor-6] WARN  server.GrpcLogAppender (LogUtils.java:warn(134)) - 9a305e64-7592-4199-ba7e-8c2223e9b548@group-F4D747E15FF8->61021d77-0677-40a1-98e7-8ba643935ac0-AppendLogResponseHandler: Failed appendEntries: org.apache.ratis.thirdparty.io.grpc.StatusRuntimeException: UNAVAILABLE: io exception
2019-11-11 04:08:10,004 [grpc-default-executor-4] WARN  server.GrpcLogAppender (LogUtils.java:warn(134)) - 9a305e64-7592-4199-ba7e-8c2223e9b548@group-F4D747E15FF8->f4ab3ec0-fcec-4fb2-8953-e521da90d916-AppendLogResponseHandler: Failed appendEntries: org.apache.ratis.thirdparty.io.grpc.StatusRuntimeException: UNAVAILABLE: io exception
2019-11-11 04:08:10,004 [grpc-default-executor-6] INFO  impl.FollowerInfo (FollowerInfo.java:lambda$new$0(51)) - 9a305e64-7592-4199-ba7e-8c2223e9b548@group-F4D747E15FF8->61021d77-0677-40a1-98e7-8ba643935ac0: nextIndex: updateUnconditionally 0 -> 0
2019-11-11 04:08:10,004 [grpc-default-executor-4] INFO  impl.FollowerInfo (FollowerInfo.java:lambda$new$0(51)) - 9a305e64-7592-4199-ba7e-8c2223e9b548@group-F4D747E15FF8->f4ab3ec0-fcec-4fb2-8953-e521da90d916: nextIndex: updateUnconditionally 0 -> 0
2019-11-11 04:08:10,504 [grpc-default-executor-4] WARN  server.GrpcLogAppender (LogUtils.java:warn(134)) - 9a305e64-7592-4199-ba7e-8c2223e9b548@group-F4D747E15FF8->61021d77-0677-40a1-98e7-8ba643935ac0-AppendLogResponseHandler: Failed appendEntries: org.apache.ratis.thirdparty.io.grpc.StatusRuntimeException: UNAVAILABLE: io exception
2019-11-11 04:08:10,504 [grpc-default-executor-8] WARN  server.GrpcLogAppender (LogUtils.java:warn(134)) - 9a305e64-7592-4199-ba7e-8c2223e9b548@group-F4D747E15FF8->f4ab3ec0-fcec-4fb2-8953-e521da90d916-AppendLogResponseHandler: Failed appendEntries: org.apache.ratis.thirdparty.io.grpc.StatusRuntimeException: UNAVAILABLE: io exception
2019-11-11 04:08:10,505 [grpc-default-executor-4] INFO  impl.FollowerInfo (FollowerInfo.java:lambda$new$0(51)) - 9a305e64-7592-4199-ba7e-8c2223e9b548@group-F4D747E15FF8->61021d77-0677-40a1-98e7-8ba643935ac0: nextIndex: updateUnconditionally 0 -> 0
2019-11-11 04:08:10,505 [grpc-default-executor-8] INFO  impl.FollowerInfo (FollowerInfo.java:lambda$new$0(51)) - 9a305e64-7592-4199-ba7e-8c2223e9b548@group-F4D747E15FF8->f4ab3ec0-fcec-4fb2-8953-e521da90d916: nextIndex: updateUnconditionally 0 -> 0
2019-11-11 04:08:11,005 [grpc-default-executor-8] WARN  server.GrpcLogAppender (LogUtils.java:warn(134)) - 9a305e64-7592-4199-ba7e-8c2223e9b548@group-F4D747E15FF8->f4ab3ec0-fcec-4fb2-8953-e521da90d916-AppendLogResponseHandler: Failed appendEntries: org.apache.ratis.thirdparty.io.grpc.StatusRuntimeException: UNAVAILABLE: io exception
2019-11-11 04:08:11,005 [grpc-default-executor-4] WARN  server.GrpcLogAppender (LogUtils.java:warn(134)) - 9a305e64-7592-4199-ba7e-8c2223e9b548@group-F4D747E15FF8->61021d77-0677-40a1-98e7-8ba643935ac0-AppendLogResponseHandler: Failed appendEntries: org.apache.ratis.thirdparty.io.grpc.StatusRuntimeException: UNAVAILABLE: io exception
2019-11-11 04:08:11,006 [grpc-default-executor-8] INFO  impl.FollowerInfo (FollowerInfo.java:lambda$new$0(51)) - 9a305e64-7592-4199-ba7e-8c2223e9b548@group-F4D747E15FF8->f4ab3ec0-fcec-4fb2-8953-e521da90d916: nextIndex: updateUnconditionally 0 -> 0
2019-11-11 04:08:11,006 [grpc-default-executor-4] INFO  impl.FollowerInfo (FollowerInfo.java:lambda$new$0(51)) - 9a305e64-7592-4199-ba7e-8c2223e9b548@group-F4D747E15FF8->61021d77-0677-40a1-98e7-8ba643935ac0: nextIndex: updateUnconditionally 0 -> 0
2019-11-11 04:08:11,505 [grpc-default-executor-6] WARN  server.GrpcLogAppender (LogUtils.java:warn(134)) - 9a305e64-7592-4199-ba7e-8c2223e9b548@group-F4D747E15FF8->61021d77-0677-40a1-98e7-8ba643935ac0-AppendLogResponseHandler: Failed appendEntries: org.apache.ratis.thirdparty.io.grpc.StatusRuntimeException: UNAVAILABLE: io exception
2019-11-11 04:08:11,505 [grpc-default-executor-2] WARN  server.GrpcLogAppender (LogUtils.java:warn(134)) - 9a305e64-7592-4199-ba7e-8c2223e9b548@group-F4D747E15FF8->f4ab3ec0-fcec-4fb2-8953-e521da90d916-AppendLogResponseHandler: Failed appendEntries: org.apache.ratis.thirdparty.io.grpc.StatusRuntimeException: UNAVAILABLE: io exception
2019-11-11 04:08:11,506 [grpc-default-executor-6] INFO  impl.FollowerInfo (FollowerInfo.java:lambda$new$0(51)) - 9a305e64-7592-4199-ba7e-8c2223e9b548@group-F4D747E15FF8->61021d77-0677-40a1-98e7-8ba643935ac0: nextIndex: updateUnconditionally 0 -> 0
2019-11-11 04:08:11,506 [grpc-default-executor-2] INFO  impl.FollowerInfo (FollowerInfo.java:lambda$new$0(51)) - 9a305e64-7592-4199-ba7e-8c2223e9b548@group-F4D747E15FF8->f4ab3ec0-fcec-4fb2-8953-e521da90d916: nextIndex: updateUnconditionally 0 -> 0
2019-11-11 04:08:12,006 [grpc-default-executor-6] WARN  server.GrpcLogAppender (LogUtils.java:warn(134)) - 9a305e64-7592-4199-ba7e-8c2223e9b548@group-F4D747E15FF8->f4ab3ec0-fcec-4fb2-8953-e521da90d916-AppendLogResponseHandler: Failed appendEntries: org.apache.ratis.thirdparty.io.grpc.StatusRuntimeException: UNAVAILABLE: io exception
2019-11-11 04:08:12,006 [grpc-default-executor-2] WARN  server.GrpcLogAppender (LogUtils.java:warn(134)) - 9a305e64-7592-4199-ba7e-8c2223e9b548@group-F4D747E15FF8->61021d77-0677-40a1-98e7-8ba643935ac0-AppendLogResponseHandler: Failed appendEntries: org.apache.ratis.thirdparty.io.grpc.StatusRuntimeException: UNAVAILABLE: io exception
2019-11-11 04:08:12,007 [grpc-default-executor-6] INFO  impl.FollowerInfo (FollowerInfo.java:lambda$new$0(51)) - 9a305e64-7592-4199-ba7e-8c2223e9b548@group-F4D747E15FF8->f4ab3ec0-fcec-4fb2-8953-e521da90d916: nextIndex: updateUnconditionally 0 -> 0
2019-11-11 04:08:12,007 [grpc-default-executor-2] INFO  impl.FollowerInfo (FollowerInfo.java:lambda$new$0(51)) - 9a305e64-7592-4199-ba7e-8c2223e9b548@group-F4D747E15FF8->61021d77-0677-40a1-98e7-8ba643935ac0: nextIndex: updateUnconditionally 0 -> 0
2019-11-11 04:08:12,507 [grpc-default-executor-6] WARN  server.GrpcLogAppender (LogUtils.java:warn(134)) - 9a305e64-7592-4199-ba7e-8c2223e9b548@group-F4D747E15FF8->61021d77-0677-40a1-98e7-8ba643935ac0-AppendLogResponseHandler: Failed appendEntries: org.apache.ratis.thirdparty.io.grpc.StatusRuntimeException: UNAVAILABLE: io exception
2019-11-11 04:08:12,507 [grpc-default-executor-2] WARN  server.GrpcLogAppender (LogUtils.java:warn(134)) - 9a305e64-7592-4199-ba7e-8c2223e9b548@group-F4D747E15FF8->f4ab3ec0-fcec-4fb2-8953-e521da90d916-AppendLogResponseHandler: Failed appendEntries: org.apache.ratis.thirdparty.io.grpc.StatusRuntimeException: UNAVAILABLE: io exception
2019-11-11 04:08:12,507 [grpc-default-executor-6] INFO  impl.FollowerInfo (FollowerInfo.java:lambda$new$0(51)) - 9a305e64-7592-4199-ba7e-8c2223e9b548@group-F4D747E15FF8->61021d77-0677-40a1-98e7-8ba643935ac0: nextIndex: updateUnconditionally 0 -> 0
2019-11-11 04:08:12,507 [grpc-default-executor-2] INFO  impl.FollowerInfo (FollowerInfo.java:lambda$new$0(51)) - 9a305e64-7592-4199-ba7e-8c2223e9b548@group-F4D747E15FF8->f4ab3ec0-fcec-4fb2-8953-e521da90d916: nextIndex: updateUnconditionally 0 -> 0
2019-11-11 04:08:13,008 [grpc-default-executor-4] WARN  server.GrpcLogAppender (LogUtils.java:warn(134)) - 9a305e64-7592-4199-ba7e-8c2223e9b548@group-F4D747E15FF8->61021d77-0677-40a1-98e7-8ba643935ac0-AppendLogResponseHandler: Failed appendEntries: org.apache.ratis.thirdparty.io.grpc.StatusRuntimeException: UNAVAILABLE: io exception
2019-11-11 04:08:13,008 [grpc-default-executor-7] WARN  server.GrpcLogAppender (LogUtils.java:warn(134)) - 9a305e64-7592-4199-ba7e-8c2223e9b548@group-F4D747E15FF8->f4ab3ec0-fcec-4fb2-8953-e521da90d916-AppendLogResponseHandler: Failed appendEntries: org.apache.ratis.thirdparty.io.grpc.StatusRuntimeException: UNAVAILABLE: io exception
2019-11-11 04:08:13,008 [grpc-default-executor-4] INFO  impl.FollowerInfo (FollowerInfo.java:lambda$new$0(51)) - 9a305e64-7592-4199-ba7e-8c2223e9b548@group-F4D747E15FF8->61021d77-0677-40a1-98e7-8ba643935ac0: nextIndex: updateUnconditionally 0 -> 0
2019-11-11 04:08:13,008 [grpc-default-executor-7] INFO  impl.FollowerInfo (FollowerInfo.java:lambda$new$0(51)) - 9a305e64-7592-4199-ba7e-8c2223e9b548@group-F4D747E15FF8->f4ab3ec0-fcec-4fb2-8953-e521da90d916: nextIndex: updateUnconditionally 0 -> 0
2019-11-11 04:08:13,508 [grpc-default-executor-7] WARN  server.GrpcLogAppender (LogUtils.java:warn(134)) - 9a305e64-7592-4199-ba7e-8c2223e9b548@group-F4D747E15FF8->f4ab3ec0-fcec-4fb2-8953-e521da90d916-AppendLogResponseHandler: Failed appendEntries: org.apache.ratis.thirdparty.io.grpc.StatusRuntimeException: UNAVAILABLE: io exception
2019-11-11 04:08:13,508 [grpc-default-executor-8] WARN  server.GrpcLogAppender (LogUtils.java:warn(134)) - 9a305e64-7592-4199-ba7e-8c2223e9b548@group-F4D747E15FF8->61021d77-0677-40a1-98e7-8ba643935ac0-AppendLogResponseHandler: Failed appendEntries: org.apache.ratis.thirdparty.io.grpc.StatusRuntimeException: UNAVAILABLE: io exception
2019-11-11 04:08:13,509 [grpc-default-executor-7] INFO  impl.FollowerInfo (FollowerInfo.java:lambda$new$0(51)) - 9a305e64-7592-4199-ba7e-8c2223e9b548@group-F4D747E15FF8->f4ab3ec0-fcec-4fb2-8953-e521da90d916: nextIndex: updateUnconditionally 0 -> 0
2019-11-11 04:08:13,509 [grpc-default-executor-8] INFO  impl.FollowerInfo (FollowerInfo.java:lambda$new$0(51)) - 9a305e64-7592-4199-ba7e-8c2223e9b548@group-F4D747E15FF8->61021d77-0677-40a1-98e7-8ba643935ac0: nextIndex: updateUnconditionally 0 -> 0
2019-11-11 04:08:14,011 [grpc-default-executor-8] WARN  server.GrpcLogAppender (LogUtils.java:warn(134)) - 9a305e64-7592-4199-ba7e-8c2223e9b548@group-F4D747E15FF8->61021d77-0677-40a1-98e7-8ba643935ac0-AppendLogResponseHandler: Failed appendEntries: org.apache.ratis.thirdparty.io.grpc.StatusRuntimeException: UNAVAILABLE: io exception
2019-11-11 04:08:14,011 [grpc-default-executor-7] WARN  server.GrpcLogAppender (LogUtils.java:warn(134)) - 9a305e64-7592-4199-ba7e-8c2223e9b548@group-F4D747E15FF8->f4ab3ec0-fcec-4fb2-8953-e521da90d916-AppendLogResponseHandler: Failed appendEntries: org.apache.ratis.thirdparty.io.grpc.StatusRuntimeException: UNAVAILABLE: io exception
2019-11-11 04:08:14,012 [grpc-default-executor-7] INFO  impl.FollowerInfo (FollowerInfo.java:lambda$new$0(51)) - 9a305e64-7592-4199-ba7e-8c2223e9b548@group-F4D747E15FF8->f4ab3ec0-fcec-4fb2-8953-e521da90d916: nextIndex: updateUnconditionally 0 -> 0
2019-11-11 04:08:14,012 [grpc-default-executor-8] INFO  impl.FollowerInfo (FollowerInfo.java:lambda$new$0(51)) - 9a305e64-7592-4199-ba7e-8c2223e9b548@group-F4D747E15FF8->61021d77-0677-40a1-98e7-8ba643935ac0: nextIndex: updateUnconditionally 0 -> 0
2019-11-11 04:08:14,511 [grpc-default-executor-7] WARN  server.GrpcLogAppender (LogUtils.java:warn(134)) - 9a305e64-7592-4199-ba7e-8c2223e9b548@group-F4D747E15FF8->61021d77-0677-40a1-98e7-8ba643935ac0-AppendLogResponseHandler: Failed appendEntries: org.apache.ratis.thirdparty.io.grpc.StatusRuntimeException: UNAVAILABLE: io exception
2019-11-11 04:08:14,511 [grpc-default-executor-8] WARN  server.GrpcLogAppender (LogUtils.java:warn(134)) - 9a305e64-7592-4199-ba7e-8c2223e9b548@group-F4D747E15FF8->f4ab3ec0-fcec-4fb2-8953-e521da90d916-AppendLogResponseHandler: Failed appendEntries: org.apache.ratis.thirdparty.io.grpc.StatusRuntimeException: UNAVAILABLE: io exception
2019-11-11 04:08:14,511 [grpc-default-executor-7] INFO  impl.FollowerInfo (FollowerInfo.java:lambda$new$0(51)) - 9a305e64-7592-4199-ba7e-8c2223e9b548@group-F4D747E15FF8->61021d77-0677-40a1-98e7-8ba643935ac0: nextIndex: updateUnconditionally 0 -> 0
2019-11-11 04:08:14,512 [grpc-default-executor-8] INFO  impl.FollowerInfo (FollowerInfo.java:lambda$new$0(51)) - 9a305e64-7592-4199-ba7e-8c2223e9b548@group-F4D747E15FF8->f4ab3ec0-fcec-4fb2-8953-e521da90d916: nextIndex: updateUnconditionally 0 -> 0
2019-11-11 04:08:15,011 [grpc-default-executor-8] WARN  server.GrpcLogAppender (LogUtils.java:warn(134)) - 9a305e64-7592-4199-ba7e-8c2223e9b548@group-F4D747E15FF8->61021d77-0677-40a1-98e7-8ba643935ac0-AppendLogResponseHandler: Failed appendEntries: org.apache.ratis.thirdparty.io.grpc.StatusRuntimeException: UNAVAILABLE: io exception
2019-11-11 04:08:15,012 [grpc-default-executor-6] WARN  server.GrpcLogAppender (LogUtils.java:warn(134)) - 9a305e64-7592-4199-ba7e-8c2223e9b548@group-F4D747E15FF8->f4ab3ec0-fcec-4fb2-8953-e521da90d916-AppendLogResponseHandler: Failed appendEntries: org.apache.ratis.thirdparty.io.grpc.StatusRuntimeException: UNAVAILABLE: io exception
2019-11-11 04:08:15,012 [grpc-default-executor-8] INFO  impl.FollowerInfo (FollowerInfo.java:lambda$new$0(51)) - 9a305e64-7592-4199-ba7e-8c2223e9b548@group-F4D747E15FF8->61021d77-0677-40a1-98e7-8ba643935ac0: nextIndex: updateUnconditionally 0 -> 0
2019-11-11 04:08:15,012 [grpc-default-executor-6] INFO  impl.FollowerInfo (FollowerInfo.java:lambda$new$0(51)) - 9a305e64-7592-4199-ba7e-8c2223e9b548@group-F4D747E15FF8->f4ab3ec0-fcec-4fb2-8953-e521da90d916: nextIndex: updateUnconditionally 0 -> 0
2019-11-11 04:08:15,512 [grpc-default-executor-6] WARN  server.GrpcLogAppender (LogUtils.java:warn(134)) - 9a305e64-7592-4199-ba7e-8c2223e9b548@group-F4D747E15FF8->61021d77-0677-40a1-98e7-8ba643935ac0-AppendLogResponseHandler: Failed appendEntries: org.apache.ratis.thirdparty.io.grpc.StatusRuntimeException: UNAVAILABLE: io exception
2019-11-11 04:08:15,512 [grpc-default-executor-7] WARN  server.GrpcLogAppender (LogUtils.java:warn(134)) - 9a305e64-7592-4199-ba7e-8c2223e9b548@group-F4D747E15FF8->f4ab3ec0-fcec-4fb2-8953-e521da90d916-AppendLogResponseHandler: Failed appendEntries: org.apache.ratis.thirdparty.io.grpc.StatusRuntimeException: UNAVAILABLE: io exception
2019-11-11 04:08:15,512 [grpc-default-executor-6] INFO  impl.FollowerInfo (FollowerInfo.java:lambda$new$0(51)) - 9a305e64-7592-4199-ba7e-8c2223e9b548@group-F4D747E15FF8->61021d77-0677-40a1-98e7-8ba643935ac0: nextIndex: updateUnconditionally 0 -> 0
2019-11-11 04:08:15,512 [grpc-default-executor-7] INFO  impl.FollowerInfo (FollowerInfo.java:lambda$new$0(51)) - 9a305e64-7592-4199-ba7e-8c2223e9b548@group-F4D747E15FF8->f4ab3ec0-fcec-4fb2-8953-e521da90d916: nextIndex: updateUnconditionally 0 -> 0
2019-11-11 04:08:15,610 [RATISCREATEPIPELINE2] ERROR pipeline.RatisPipelineProvider (RatisPipelineProvider.java:lambda$null$5(237)) - Failed invoke Ratis rpc org.apache.hadoop.hdds.scm.pipeline.RatisPipelineProvider$$Lambda$222/879409264@431b86d2 for f4ab3ec0-fcec-4fb2-8953-e521da90d916
java.io.IOException: org.apache.ratis.thirdparty.io.grpc.StatusRuntimeException: UNAVAILABLE: io exception
	at org.apache.ratis.grpc.GrpcUtil.unwrapException(GrpcUtil.java:76)
	at org.apache.ratis.grpc.client.GrpcClientProtocolClient.blockingCall(GrpcClientProtocolClient.java:184)
	at org.apache.ratis.grpc.client.GrpcClientProtocolClient.groupAdd(GrpcClientProtocolClient.java:153)
	at org.apache.ratis.grpc.client.GrpcClientRpc.sendRequest(GrpcClientRpc.java:94)
	at org.apache.ratis.client.impl.RaftClientImpl.sendRequest(RaftClientImpl.java:278)
	at org.apache.ratis.client.impl.RaftClientImpl.groupAdd(RaftClientImpl.java:205)
	at org.apache.hadoop.hdds.scm.pipeline.RatisPipelineProvider.lambda$initializePipeline$4(RatisPipelineProvider.java:198)
	at org.apache.hadoop.hdds.scm.pipeline.RatisPipelineProvider.lambda$null$5(RatisPipelineProvider.java:233)
	at java.util.stream.ForEachOps$ForEachOp$OfRef.accept(ForEachOps.java:183)
	at java.util.ArrayList$ArrayListSpliterator.forEachRemaining(ArrayList.java:1382)
	at java.util.stream.AbstractPipeline.copyInto(AbstractPipeline.java:482)
	at java.util.stream.ForEachOps$ForEachTask.compute(ForEachOps.java:290)
	at java.util.concurrent.CountedCompleter.exec(CountedCompleter.java:731)
	at java.util.concurrent.ForkJoinTask.doExec(ForkJoinTask.java:289)
	at java.util.concurrent.ForkJoinTask.doInvoke(ForkJoinTask.java:401)
	at java.util.concurrent.ForkJoinTask.invoke(ForkJoinTask.java:734)
	at java.util.stream.ForEachOps$ForEachOp.evaluateParallel(ForEachOps.java:159)
	at java.util.stream.ForEachOps$ForEachOp$OfRef.evaluateParallel(ForEachOps.java:173)
	at java.util.stream.AbstractPipeline.evaluate(AbstractPipeline.java:233)
	at java.util.stream.ReferencePipeline.forEach(ReferencePipeline.java:485)
	at java.util.stream.ReferencePipeline$Head.forEach(ReferencePipeline.java:650)
	at org.apache.hadoop.hdds.scm.pipeline.RatisPipelineProvider.lambda$callRatisRpc$6(RatisPipelineProvider.java:227)
	at java.util.concurrent.ForkJoinTask$AdaptedRunnableAction.exec(ForkJoinTask.java:1386)
	at java.util.concurrent.ForkJoinTask.doExec(ForkJoinTask.java:289)
	at java.util.concurrent.ForkJoinPool$WorkQueue.runTask(ForkJoinPool.java:1056)
	at java.util.concurrent.ForkJoinPool.runWorker(ForkJoinPool.java:1692)
	at java.util.concurrent.ForkJoinWorkerThread.run(ForkJoinWorkerThread.java:157)
Caused by: org.apache.ratis.thirdparty.io.grpc.StatusRuntimeException: UNAVAILABLE: io exception
	at org.apache.ratis.thirdparty.io.grpc.stub.ClientCalls.toStatusRuntimeException(ClientCalls.java:233)
	at org.apache.ratis.thirdparty.io.grpc.stub.ClientCalls.getUnchecked(ClientCalls.java:214)
	at org.apache.ratis.thirdparty.io.grpc.stub.ClientCalls.blockingUnaryCall(ClientCalls.java:139)
	at org.apache.ratis.proto.grpc.AdminProtocolServiceGrpc$AdminProtocolServiceBlockingStub.groupManagement(AdminProtocolServiceGrpc.java:274)
	at org.apache.ratis.grpc.client.GrpcClientProtocolClient.lambda$groupAdd$3(GrpcClientProtocolClient.java:155)
	at org.apache.ratis.grpc.client.GrpcClientProtocolClient.blockingCall(GrpcClientProtocolClient.java:182)
	... 25 more
Caused by: org.apache.ratis.thirdparty.io.netty.channel.AbstractChannel$AnnotatedConnectException: Connection refused: /192.168.34.63:41296
	at sun.nio.ch.SocketChannelImpl.checkConnect(Native Method)
	at sun.nio.ch.SocketChannelImpl.finishConnect(SocketChannelImpl.java:717)
	at org.apache.ratis.thirdparty.io.netty.channel.socket.nio.NioSocketChannel.doFinishConnect(NioSocketChannel.java:327)
	at org.apache.ratis.thirdparty.io.netty.channel.nio.AbstractNioChannel$AbstractNioUnsafe.finishConnect(AbstractNioChannel.java:340)
	at org.apache.ratis.thirdparty.io.netty.channel.nio.NioEventLoop.processSelectedKey(NioEventLoop.java:632)
	at org.apache.ratis.thirdparty.io.netty.channel.nio.NioEventLoop.processSelectedKeysOptimized(NioEventLoop.java:579)
	at org.apache.ratis.thirdparty.io.netty.channel.nio.NioEventLoop.processSelectedKeys(NioEventLoop.java:496)
	at org.apache.ratis.thirdparty.io.netty.channel.nio.NioEventLoop.run(NioEventLoop.java:458)
	at org.apache.ratis.thirdparty.io.netty.util.concurrent.SingleThreadEventExecutor$5.run(SingleThreadEventExecutor.java:897)
	at org.apache.ratis.thirdparty.io.netty.util.concurrent.FastThreadLocalRunnable.run(FastThreadLocalRunnable.java:30)
	at java.lang.Thread.run(Thread.java:748)
Caused by: java.net.ConnectException: Connection refused
	... 11 more
2019-11-11 04:08:15,617 [RATISCREATEPIPELINE3] ERROR pipeline.RatisPipelineProvider (RatisPipelineProvider.java:lambda$null$5(237)) - Failed invoke Ratis rpc org.apache.hadoop.hdds.scm.pipeline.RatisPipelineProvider$$Lambda$222/879409264@26cd28c3 for f4ab3ec0-fcec-4fb2-8953-e521da90d916
java.io.IOException: org.apache.ratis.thirdparty.io.grpc.StatusRuntimeException: UNAVAILABLE: io exception
	at org.apache.ratis.grpc.GrpcUtil.unwrapException(GrpcUtil.java:76)
	at org.apache.ratis.grpc.client.GrpcClientProtocolClient.blockingCall(GrpcClientProtocolClient.java:184)
	at org.apache.ratis.grpc.client.GrpcClientProtocolClient.groupAdd(GrpcClientProtocolClient.java:153)
	at org.apache.ratis.grpc.client.GrpcClientRpc.sendRequest(GrpcClientRpc.java:94)
	at org.apache.ratis.client.impl.RaftClientImpl.sendRequest(RaftClientImpl.java:278)
	at org.apache.ratis.client.impl.RaftClientImpl.groupAdd(RaftClientImpl.java:205)
	at org.apache.hadoop.hdds.scm.pipeline.RatisPipelineProvider.lambda$initializePipeline$4(RatisPipelineProvider.java:198)
	at org.apache.hadoop.hdds.scm.pipeline.RatisPipelineProvider.lambda$null$5(RatisPipelineProvider.java:233)
	at java.util.stream.ForEachOps$ForEachOp$OfRef.accept(ForEachOps.java:183)
	at java.util.ArrayList$ArrayListSpliterator.forEachRemaining(ArrayList.java:1382)
	at java.util.stream.AbstractPipeline.copyInto(AbstractPipeline.java:482)
	at java.util.stream.ForEachOps$ForEachTask.compute(ForEachOps.java:290)
	at java.util.concurrent.CountedCompleter.exec(CountedCompleter.java:731)
	at java.util.concurrent.ForkJoinTask.doExec(ForkJoinTask.java:289)
	at java.util.concurrent.ForkJoinPool$WorkQueue.runTask(ForkJoinPool.java:1056)
	at java.util.concurrent.ForkJoinPool.runWorker(ForkJoinPool.java:1692)
	at java.util.concurrent.ForkJoinWorkerThread.run(ForkJoinWorkerThread.java:157)
Caused by: org.apache.ratis.thirdparty.io.grpc.StatusRuntimeException: UNAVAILABLE: io exception
	at org.apache.ratis.thirdparty.io.grpc.stub.ClientCalls.toStatusRuntimeException(ClientCalls.java:233)
	at org.apache.ratis.thirdparty.io.grpc.stub.ClientCalls.getUnchecked(ClientCalls.java:214)
	at org.apache.ratis.thirdparty.io.grpc.stub.ClientCalls.blockingUnaryCall(ClientCalls.java:139)
	at org.apache.ratis.proto.grpc.AdminProtocolServiceGrpc$AdminProtocolServiceBlockingStub.groupManagement(AdminProtocolServiceGrpc.java:274)
	at org.apache.ratis.grpc.client.GrpcClientProtocolClient.lambda$groupAdd$3(GrpcClientProtocolClient.java:155)
	at org.apache.ratis.grpc.client.GrpcClientProtocolClient.blockingCall(GrpcClientProtocolClient.java:182)
	... 15 more
Caused by: org.apache.ratis.thirdparty.io.netty.channel.AbstractChannel$AnnotatedConnectException: Connection refused: /192.168.34.63:41296
	at sun.nio.ch.SocketChannelImpl.checkConnect(Native Method)
	at sun.nio.ch.SocketChannelImpl.finishConnect(SocketChannelImpl.java:717)
	at org.apache.ratis.thirdparty.io.netty.channel.socket.nio.NioSocketChannel.doFinishConnect(NioSocketChannel.java:327)
	at org.apache.ratis.thirdparty.io.netty.channel.nio.AbstractNioChannel$AbstractNioUnsafe.finishConnect(AbstractNioChannel.java:340)
	at org.apache.ratis.thirdparty.io.netty.channel.nio.NioEventLoop.processSelectedKey(NioEventLoop.java:632)
	at org.apache.ratis.thirdparty.io.netty.channel.nio.NioEventLoop.processSelectedKeysOptimized(NioEventLoop.java:579)
	at org.apache.ratis.thirdparty.io.netty.channel.nio.NioEventLoop.processSelectedKeys(NioEventLoop.java:496)
	at org.apache.ratis.thirdparty.io.netty.channel.nio.NioEventLoop.run(NioEventLoop.java:458)
	at org.apache.ratis.thirdparty.io.netty.util.concurrent.SingleThreadEventExecutor$5.run(SingleThreadEventExecutor.java:897)
	at org.apache.ratis.thirdparty.io.netty.util.concurrent.FastThreadLocalRunnable.run(FastThreadLocalRunnable.java:30)
	at java.lang.Thread.run(Thread.java:748)
Caused by: java.net.ConnectException: Connection refused
	... 11 more
2019-11-11 04:08:15,621 [grpc-default-executor-6] INFO  impl.RaftServerProxy (RaftServerProxy.java:addNew(89)) - 9a305e64-7592-4199-ba7e-8c2223e9b548: addNew group-A10C889AEEC0:[9a305e64-7592-4199-ba7e-8c2223e9b548:192.168.34.63:35969, c04805f0-1fdc-4096-9f0e-017639bb4de5:192.168.34.63:44743, f4ab3ec0-fcec-4fb2-8953-e521da90d916:192.168.34.63:41296] returns group-A10C889AEEC0:java.util.concurrent.CompletableFuture@49b44b99[Not completed]
2019-11-11 04:08:15,622 [grpc-default-executor-7] INFO  impl.RaftServerProxy (RaftServerProxy.java:addNew(89)) - c04805f0-1fdc-4096-9f0e-017639bb4de5: addNew group-A10C889AEEC0:[9a305e64-7592-4199-ba7e-8c2223e9b548:192.168.34.63:35969, c04805f0-1fdc-4096-9f0e-017639bb4de5:192.168.34.63:44743, f4ab3ec0-fcec-4fb2-8953-e521da90d916:192.168.34.63:41296] returns group-A10C889AEEC0:java.util.concurrent.CompletableFuture@2ee32b60[Not completed]
2019-11-11 04:08:15,625 [pool-97-thread-1] INFO  impl.RaftServerImpl (RaftServerImpl.java:<init>(98)) - 9a305e64-7592-4199-ba7e-8c2223e9b548: new RaftServerImpl for group-A10C889AEEC0:[9a305e64-7592-4199-ba7e-8c2223e9b548:192.168.34.63:35969, c04805f0-1fdc-4096-9f0e-017639bb4de5:192.168.34.63:44743, f4ab3ec0-fcec-4fb2-8953-e521da90d916:192.168.34.63:41296] with ContainerStateMachine:uninitialized
2019-11-11 04:08:15,625 [pool-97-thread-1] INFO  server.RaftServerConfigKeys (ConfUtils.java:logGet(43)) - raft.server.rpc.timeout.min = 1s (custom)
2019-11-11 04:08:15,625 [pool-97-thread-1] INFO  server.RaftServerConfigKeys (ConfUtils.java:logGet(43)) - raft.server.rpc.timeout.max = 1200ms (custom)
2019-11-11 04:08:15,625 [pool-97-thread-1] INFO  server.RaftServerConfigKeys (ConfUtils.java:logGet(43)) - raft.server.rpcslowness.timeout = 120s (custom)
2019-11-11 04:08:15,626 [pool-97-thread-1] INFO  server.RaftServerConfigKeys (ConfUtils.java:logGet(43)) - raft.server.sleep.deviation.threshold = 300 (default)
2019-11-11 04:08:15,626 [pool-97-thread-1] INFO  server.RaftServerConfigKeys (ConfUtils.java:logGet(43)) - raft.server.log.appender.install.snapshot.enabled = false (custom)
2019-11-11 04:08:15,626 [pool-97-thread-1] INFO  impl.RaftServerImpl (ServerState.java:<init>(103)) - 9a305e64-7592-4199-ba7e-8c2223e9b548@group-A10C889AEEC0: ConfigurationManager, init=-1: [9a305e64-7592-4199-ba7e-8c2223e9b548:192.168.34.63:35969, c04805f0-1fdc-4096-9f0e-017639bb4de5:192.168.34.63:44743, f4ab3ec0-fcec-4fb2-8953-e521da90d916:192.168.34.63:41296], old=null, confs=<EMPTY_MAP>
2019-11-11 04:08:15,626 [pool-87-thread-1] INFO  impl.RaftServerImpl (RaftServerImpl.java:<init>(98)) - c04805f0-1fdc-4096-9f0e-017639bb4de5: new RaftServerImpl for group-A10C889AEEC0:[9a305e64-7592-4199-ba7e-8c2223e9b548:192.168.34.63:35969, c04805f0-1fdc-4096-9f0e-017639bb4de5:192.168.34.63:44743, f4ab3ec0-fcec-4fb2-8953-e521da90d916:192.168.34.63:41296] with ContainerStateMachine:uninitialized
2019-11-11 04:08:15,626 [pool-87-thread-1] INFO  server.RaftServerConfigKeys (ConfUtils.java:logGet(43)) - raft.server.rpc.timeout.min = 1s (custom)
2019-11-11 04:08:15,626 [pool-97-thread-1] INFO  server.RaftServerConfigKeys (ConfUtils.java:logGet(43)) - raft.server.storage.dir = [/workdir/hadoop-ozone/integration-test/target/test-dir/MiniOzoneClusterImpl-6985d1c7-7309-41e2-b49d-91e186e08ffa/datanode-7/data/ratis] (custom)
2019-11-11 04:08:15,626 [pool-87-thread-1] INFO  server.RaftServerConfigKeys (ConfUtils.java:logGet(43)) - raft.server.rpc.timeout.max = 1200ms (custom)
2019-11-11 04:08:15,627 [pool-87-thread-1] INFO  server.RaftServerConfigKeys (ConfUtils.java:logGet(43)) - raft.server.rpcslowness.timeout = 120s (custom)
2019-11-11 04:08:15,627 [pool-87-thread-1] INFO  server.RaftServerConfigKeys (ConfUtils.java:logGet(43)) - raft.server.sleep.deviation.threshold = 300 (default)
2019-11-11 04:08:15,627 [pool-97-thread-1] INFO  server.RaftServerConfigKeys (ConfUtils.java:logGet(43)) - raft.server.log.corruption.policy = EXCEPTION (default)
2019-11-11 04:08:15,627 [pool-87-thread-1] INFO  server.RaftServerConfigKeys (ConfUtils.java:logGet(43)) - raft.server.log.appender.install.snapshot.enabled = false (custom)
2019-11-11 04:08:15,627 [pool-87-thread-1] INFO  impl.RaftServerImpl (ServerState.java:<init>(103)) - c04805f0-1fdc-4096-9f0e-017639bb4de5@group-A10C889AEEC0: ConfigurationManager, init=-1: [9a305e64-7592-4199-ba7e-8c2223e9b548:192.168.34.63:35969, c04805f0-1fdc-4096-9f0e-017639bb4de5:192.168.34.63:44743, f4ab3ec0-fcec-4fb2-8953-e521da90d916:192.168.34.63:41296], old=null, confs=<EMPTY_MAP>
2019-11-11 04:08:15,627 [pool-97-thread-1] INFO  storage.RaftStorageDirectory (RaftStorageDirectory.java:analyzeStorage(246)) - The storage directory /workdir/hadoop-ozone/integration-test/target/test-dir/MiniOzoneClusterImpl-6985d1c7-7309-41e2-b49d-91e186e08ffa/datanode-7/data/ratis/c71a4577-b78a-47ad-98be-a10c889aeec0 does not exist. Creating ...
2019-11-11 04:08:15,627 [pool-87-thread-1] INFO  server.RaftServerConfigKeys (ConfUtils.java:logGet(43)) - raft.server.storage.dir = [/workdir/hadoop-ozone/integration-test/target/test-dir/MiniOzoneClusterImpl-6985d1c7-7309-41e2-b49d-91e186e08ffa/datanode-6/data/ratis] (custom)
2019-11-11 04:08:15,628 [pool-87-thread-1] INFO  server.RaftServerConfigKeys (ConfUtils.java:logGet(43)) - raft.server.log.corruption.policy = EXCEPTION (default)
2019-11-11 04:08:15,628 [pool-87-thread-1] INFO  storage.RaftStorageDirectory (RaftStorageDirectory.java:analyzeStorage(246)) - The storage directory /workdir/hadoop-ozone/integration-test/target/test-dir/MiniOzoneClusterImpl-6985d1c7-7309-41e2-b49d-91e186e08ffa/datanode-6/data/ratis/c71a4577-b78a-47ad-98be-a10c889aeec0 does not exist. Creating ...
2019-11-11 04:08:15,641 [pool-97-thread-1] INFO  storage.RaftStorageDirectory (RaftStorageDirectory.java:tryLock(328)) - Lock on /workdir/hadoop-ozone/integration-test/target/test-dir/MiniOzoneClusterImpl-6985d1c7-7309-41e2-b49d-91e186e08ffa/datanode-7/data/ratis/c71a4577-b78a-47ad-98be-a10c889aeec0/in_use.lock acquired by nodename 22000@trunk-nightly-20191111-g5xpl-2663879777
2019-11-11 04:08:15,641 [pool-87-thread-1] INFO  storage.RaftStorageDirectory (RaftStorageDirectory.java:tryLock(328)) - Lock on /workdir/hadoop-ozone/integration-test/target/test-dir/MiniOzoneClusterImpl-6985d1c7-7309-41e2-b49d-91e186e08ffa/datanode-6/data/ratis/c71a4577-b78a-47ad-98be-a10c889aeec0/in_use.lock acquired by nodename 22000@trunk-nightly-20191111-g5xpl-2663879777
2019-11-11 04:08:15,655 [pool-87-thread-1] INFO  storage.RaftStorage (RaftStorage.java:format(84)) - Storage directory /workdir/hadoop-ozone/integration-test/target/test-dir/MiniOzoneClusterImpl-6985d1c7-7309-41e2-b49d-91e186e08ffa/datanode-6/data/ratis/c71a4577-b78a-47ad-98be-a10c889aeec0 has been successfully formatted.
2019-11-11 04:08:15,655 [pool-97-thread-1] INFO  storage.RaftStorage (RaftStorage.java:format(84)) - Storage directory /workdir/hadoop-ozone/integration-test/target/test-dir/MiniOzoneClusterImpl-6985d1c7-7309-41e2-b49d-91e186e08ffa/datanode-7/data/ratis/c71a4577-b78a-47ad-98be-a10c889aeec0 has been successfully formatted.
2019-11-11 04:08:15,655 [pool-87-thread-1] INFO  ratis.ContainerStateMachine (ContainerStateMachine.java:loadSnapshot(221)) - group-A10C889AEEC0: The snapshot info is null. Setting the last applied indexto:(t:0, i:~)
2019-11-11 04:08:15,655 [pool-97-thread-1] INFO  ratis.ContainerStateMachine (ContainerStateMachine.java:loadSnapshot(221)) - group-A10C889AEEC0: The snapshot info is null. Setting the last applied indexto:(t:0, i:~)
2019-11-11 04:08:15,655 [pool-87-thread-1] INFO  server.RaftServerConfigKeys (ConfUtils.java:logGet(43)) - raft.server.notification.no-leader.timeout = 120s (custom)
2019-11-11 04:08:15,655 [pool-97-thread-1] INFO  server.RaftServerConfigKeys (ConfUtils.java:logGet(43)) - raft.server.notification.no-leader.timeout = 120s (custom)
2019-11-11 04:08:15,655 [pool-87-thread-1] INFO  server.RaftServerConfigKeys (ConfUtils.java:logGet(43)) - raft.server.log.use.memory = false (default)
2019-11-11 04:08:15,655 [pool-97-thread-1] INFO  server.RaftServerConfigKeys (ConfUtils.java:logGet(43)) - raft.server.log.use.memory = false (default)
2019-11-11 04:08:15,656 [pool-87-thread-1] INFO  server.RaftServerConfigKeys (ConfUtils.java:logGet(43)) - raft.server.log.purge.gap = 1000000 (custom)
2019-11-11 04:08:15,656 [pool-97-thread-1] INFO  server.RaftServerConfigKeys (ConfUtils.java:logGet(43)) - raft.server.log.purge.gap = 1000000 (custom)
2019-11-11 04:08:15,656 [pool-87-thread-1] INFO  server.RaftServerConfigKeys (ConfUtils.java:logGet(43)) - raft.server.log.appender.buffer.byte-limit = 33554432 (custom)
2019-11-11 04:08:15,656 [pool-97-thread-1] INFO  server.RaftServerConfigKeys (ConfUtils.java:logGet(43)) - raft.server.log.appender.buffer.byte-limit = 33554432 (custom)
2019-11-11 04:08:15,656 [pool-87-thread-1] INFO  server.RaftServerConfigKeys (ConfUtils.java:logGet(43)) - raft.server.log.segment.size.max = 1048576 (custom)
2019-11-11 04:08:15,656 [pool-97-thread-1] INFO  server.RaftServerConfigKeys (ConfUtils.java:logGet(43)) - raft.server.log.segment.size.max = 1048576 (custom)
2019-11-11 04:08:15,656 [pool-87-thread-1] INFO  server.RaftServerConfigKeys (ConfUtils.java:logGet(43)) - raft.server.log.segment.cache.num.max = 2 (custom)
2019-11-11 04:08:15,656 [pool-97-thread-1] INFO  server.RaftServerConfigKeys (ConfUtils.java:logGet(43)) - raft.server.log.segment.cache.num.max = 2 (custom)
2019-11-11 04:08:15,656 [pool-87-thread-1] INFO  segmented.SegmentedRaftLogWorker (SegmentedRaftLogWorker.java:<init>(173)) - new c04805f0-1fdc-4096-9f0e-017639bb4de5@group-A10C889AEEC0-SegmentedRaftLogWorker for RaftStorage:Storage Directory /workdir/hadoop-ozone/integration-test/target/test-dir/MiniOzoneClusterImpl-6985d1c7-7309-41e2-b49d-91e186e08ffa/datanode-6/data/ratis/c71a4577-b78a-47ad-98be-a10c889aeec0
2019-11-11 04:08:15,656 [pool-97-thread-1] INFO  segmented.SegmentedRaftLogWorker (SegmentedRaftLogWorker.java:<init>(173)) - new 9a305e64-7592-4199-ba7e-8c2223e9b548@group-A10C889AEEC0-SegmentedRaftLogWorker for RaftStorage:Storage Directory /workdir/hadoop-ozone/integration-test/target/test-dir/MiniOzoneClusterImpl-6985d1c7-7309-41e2-b49d-91e186e08ffa/datanode-7/data/ratis/c71a4577-b78a-47ad-98be-a10c889aeec0
2019-11-11 04:08:15,656 [pool-87-thread-1] INFO  server.RaftServerConfigKeys (ConfUtils.java:logGet(43)) - raft.server.log.queue.byte-limit = 2147483647 (custom)
2019-11-11 04:08:15,657 [pool-97-thread-1] INFO  server.RaftServerConfigKeys (ConfUtils.java:logGet(43)) - raft.server.log.queue.byte-limit = 2147483647 (custom)
2019-11-11 04:08:15,657 [pool-87-thread-1] INFO  server.RaftServerConfigKeys (ConfUtils.java:logGet(43)) - raft.server.log.queue.element-limit = 1024 (custom)
2019-11-11 04:08:15,657 [pool-97-thread-1] INFO  server.RaftServerConfigKeys (ConfUtils.java:logGet(43)) - raft.server.log.queue.element-limit = 1024 (custom)
2019-11-11 04:08:15,657 [pool-87-thread-1] INFO  server.RaftServerConfigKeys (ConfUtils.java:logGet(43)) - raft.server.log.segment.size.max = 1048576 (custom)
2019-11-11 04:08:15,657 [pool-97-thread-1] INFO  server.RaftServerConfigKeys (ConfUtils.java:logGet(43)) - raft.server.log.segment.size.max = 1048576 (custom)
2019-11-11 04:08:15,657 [pool-87-thread-1] INFO  server.RaftServerConfigKeys (ConfUtils.java:logGet(43)) - raft.server.log.preallocated.size = 16384 (custom)
2019-11-11 04:08:15,657 [pool-97-thread-1] INFO  server.RaftServerConfigKeys (ConfUtils.java:logGet(43)) - raft.server.log.preallocated.size = 16384 (custom)
2019-11-11 04:08:15,657 [pool-87-thread-1] INFO  server.RaftServerConfigKeys (ConfUtils.java:logGet(43)) - raft.server.log.write.buffer.size = 33554432 (custom)
2019-11-11 04:08:15,657 [pool-97-thread-1] INFO  server.RaftServerConfigKeys (ConfUtils.java:logGet(43)) - raft.server.log.write.buffer.size = 33554432 (custom)
2019-11-11 04:08:15,657 [pool-87-thread-1] INFO  server.RaftServerConfigKeys (ConfUtils.java:logGet(43)) - raft.server.log.force.sync.num = 128 (default)
2019-11-11 04:08:15,657 [pool-97-thread-1] INFO  server.RaftServerConfigKeys (ConfUtils.java:logGet(43)) - raft.server.log.force.sync.num = 128 (default)
2019-11-11 04:08:15,658 [pool-87-thread-1] INFO  server.RaftServerConfigKeys (ConfUtils.java:logGet(43)) - raft.server.log.statemachine.data.sync = true (default)
2019-11-11 04:08:15,658 [pool-97-thread-1] INFO  server.RaftServerConfigKeys (ConfUtils.java:logGet(43)) - raft.server.log.statemachine.data.sync = true (default)
2019-11-11 04:08:15,658 [pool-87-thread-1] INFO  server.RaftServerConfigKeys (ConfUtils.java:logGet(43)) - raft.server.log.statemachine.data.sync.timeout = 10s (default)
2019-11-11 04:08:15,658 [pool-97-thread-1] INFO  server.RaftServerConfigKeys (ConfUtils.java:logGet(43)) - raft.server.log.statemachine.data.sync.timeout = 10s (default)
2019-11-11 04:08:15,658 [pool-87-thread-1] INFO  server.RaftServerConfigKeys (ConfUtils.java:logGet(43)) - raft.server.log.statemachine.data.sync.timeout.retry = -1 (default)
2019-11-11 04:08:15,658 [pool-97-thread-1] INFO  server.RaftServerConfigKeys (ConfUtils.java:logGet(43)) - raft.server.log.statemachine.data.sync.timeout.retry = -1 (default)
2019-11-11 04:08:15,658 [pool-97-thread-1] INFO  server.RaftServerConfigKeys (ConfUtils.java:logGet(43)) - raft.server.log.statemachine.data.caching.enabled = true (custom)
2019-11-11 04:08:15,658 [pool-87-thread-1] INFO  server.RaftServerConfigKeys (ConfUtils.java:logGet(43)) - raft.server.log.statemachine.data.caching.enabled = true (custom)
2019-11-11 04:08:15,659 [pool-97-thread-1] INFO  segmented.SegmentedRaftLogWorker (SegmentedRaftLogWorker.java:lambda$new$0(128)) - 9a305e64-7592-4199-ba7e-8c2223e9b548@group-A10C889AEEC0-SegmentedRaftLogWorker: flushIndex: setUnconditionally 0 -> -1
2019-11-11 04:08:15,659 [pool-87-thread-1] INFO  segmented.SegmentedRaftLogWorker (SegmentedRaftLogWorker.java:lambda$new$0(128)) - c04805f0-1fdc-4096-9f0e-017639bb4de5@group-A10C889AEEC0-SegmentedRaftLogWorker: flushIndex: setUnconditionally 0 -> -1
2019-11-11 04:08:15,659 [pool-87-thread-1] INFO  server.RaftServerConfigKeys (ConfUtils.java:logGet(43)) - raft.server.snapshot.auto.trigger.enabled = true (custom)
2019-11-11 04:08:15,659 [pool-97-thread-1] INFO  server.RaftServerConfigKeys (ConfUtils.java:logGet(43)) - raft.server.snapshot.auto.trigger.enabled = true (custom)
2019-11-11 04:08:15,659 [pool-87-thread-1] INFO  server.RaftServerConfigKeys (ConfUtils.java:logGet(43)) - raft.server.snapshot.auto.trigger.threshold = 10000 (custom)
2019-11-11 04:08:15,659 [pool-97-thread-1] INFO  server.RaftServerConfigKeys (ConfUtils.java:logGet(43)) - raft.server.snapshot.auto.trigger.threshold = 10000 (custom)
2019-11-11 04:08:15,659 [pool-87-thread-1] INFO  server.RaftServerConfigKeys (ConfUtils.java:logGet(43)) - raft.server.snapshot.retention.file.num = 5 (custom)
2019-11-11 04:08:15,660 [pool-97-thread-1] INFO  server.RaftServerConfigKeys (ConfUtils.java:logGet(43)) - raft.server.snapshot.retention.file.num = 5 (custom)
2019-11-11 04:08:15,660 [pool-87-thread-1] INFO  server.RaftServerConfigKeys (ConfUtils.java:logGet(43)) - raft.server.retrycache.expirytime = 600000ms (custom)
2019-11-11 04:08:15,660 [pool-97-thread-1] INFO  server.RaftServerConfigKeys (ConfUtils.java:logGet(43)) - raft.server.retrycache.expirytime = 600000ms (custom)
2019-11-11 04:08:15,660 [pool-87-thread-1] WARN  impl.MetricRegistriesImpl (MetricRegistriesImpl.java:lambda$create$1(61)) - First MetricRegistry has been created without registering reporters. You may need to call MetricRegistries.global().addReportRegistration(...) before.
2019-11-11 04:08:15,660 [pool-97-thread-1] WARN  impl.MetricRegistriesImpl (MetricRegistriesImpl.java:lambda$create$1(61)) - First MetricRegistry has been created without registering reporters. You may need to call MetricRegistries.global().addReportRegistration(...) before.
2019-11-11 04:08:15,660 [pool-87-thread-1] WARN  impl.MetricRegistriesImpl (MetricRegistriesImpl.java:lambda$create$1(61)) - First MetricRegistry has been created without registering reporters. You may need to call MetricRegistries.global().addReportRegistration(...) before.
2019-11-11 04:08:15,660 [pool-97-thread-1] WARN  impl.MetricRegistriesImpl (MetricRegistriesImpl.java:lambda$create$1(61)) - First MetricRegistry has been created without registering reporters. You may need to call MetricRegistries.global().addReportRegistration(...) before.
2019-11-11 04:08:15,660 [pool-87-thread-1] INFO  impl.RaftServerImpl (RaftServerImpl.java:start(184)) - c04805f0-1fdc-4096-9f0e-017639bb4de5@group-A10C889AEEC0: start as a follower, conf=-1: [9a305e64-7592-4199-ba7e-8c2223e9b548:192.168.34.63:35969, c04805f0-1fdc-4096-9f0e-017639bb4de5:192.168.34.63:44743, f4ab3ec0-fcec-4fb2-8953-e521da90d916:192.168.34.63:41296], old=null
2019-11-11 04:08:15,660 [pool-97-thread-1] INFO  impl.RaftServerImpl (RaftServerImpl.java:start(184)) - 9a305e64-7592-4199-ba7e-8c2223e9b548@group-A10C889AEEC0: start as a follower, conf=-1: [9a305e64-7592-4199-ba7e-8c2223e9b548:192.168.34.63:35969, c04805f0-1fdc-4096-9f0e-017639bb4de5:192.168.34.63:44743, f4ab3ec0-fcec-4fb2-8953-e521da90d916:192.168.34.63:41296], old=null
2019-11-11 04:08:15,660 [pool-87-thread-1] INFO  impl.RaftServerImpl (RaftServerImpl.java:setRole(173)) - c04805f0-1fdc-4096-9f0e-017639bb4de5@group-A10C889AEEC0: changes role from      null to FOLLOWER at term 0 for startAsFollower
2019-11-11 04:08:15,661 [pool-97-thread-1] INFO  impl.RaftServerImpl (RaftServerImpl.java:setRole(173)) - 9a305e64-7592-4199-ba7e-8c2223e9b548@group-A10C889AEEC0: changes role from      null to FOLLOWER at term 0 for startAsFollower
2019-11-11 04:08:15,661 [pool-87-thread-1] INFO  impl.RoleInfo (RoleInfo.java:updateAndGet(143)) - c04805f0-1fdc-4096-9f0e-017639bb4de5: start FollowerState
2019-11-11 04:08:15,661 [pool-97-thread-1] INFO  impl.RoleInfo (RoleInfo.java:updateAndGet(143)) - 9a305e64-7592-4199-ba7e-8c2223e9b548: start FollowerState
2019-11-11 04:08:15,661 [pool-87-thread-1] INFO  util.JmxRegister (JmxRegister.java:tryRegister(44)) - Successfully registered JMX Bean with object name Ratis:service=RaftServer,group=group-A10C889AEEC0,id=c04805f0-1fdc-4096-9f0e-017639bb4de5
2019-11-11 04:08:15,661 [pool-97-thread-1] INFO  util.JmxRegister (JmxRegister.java:tryRegister(44)) - Successfully registered JMX Bean with object name Ratis:service=RaftServer,group=group-A10C889AEEC0,id=9a305e64-7592-4199-ba7e-8c2223e9b548
2019-11-11 04:08:15,661 [pool-87-thread-1] WARN  impl.MetricRegistriesImpl (MetricRegistriesImpl.java:lambda$create$1(61)) - First MetricRegistry has been created without registering reporters. You may need to call MetricRegistries.global().addReportRegistration(...) before.
2019-11-11 04:08:15,661 [pool-97-thread-1] WARN  impl.MetricRegistriesImpl (MetricRegistriesImpl.java:lambda$create$1(61)) - First MetricRegistry has been created without registering reporters. You may need to call MetricRegistries.global().addReportRegistration(...) before.
2019-11-11 04:08:16,013 [grpc-default-executor-2] WARN  server.GrpcLogAppender (LogUtils.java:warn(134)) - 9a305e64-7592-4199-ba7e-8c2223e9b548@group-F4D747E15FF8->61021d77-0677-40a1-98e7-8ba643935ac0-AppendLogResponseHandler: Failed appendEntries: org.apache.ratis.thirdparty.io.grpc.StatusRuntimeException: UNAVAILABLE: io exception
2019-11-11 04:08:16,013 [grpc-default-executor-6] WARN  server.GrpcLogAppender (LogUtils.java:warn(134)) - 9a305e64-7592-4199-ba7e-8c2223e9b548@group-F4D747E15FF8->f4ab3ec0-fcec-4fb2-8953-e521da90d916-AppendLogResponseHandler: Failed appendEntries: org.apache.ratis.thirdparty.io.grpc.StatusRuntimeException: UNAVAILABLE: io exception
2019-11-11 04:08:16,013 [grpc-default-executor-2] INFO  impl.FollowerInfo (FollowerInfo.java:lambda$new$0(51)) - 9a305e64-7592-4199-ba7e-8c2223e9b548@group-F4D747E15FF8->61021d77-0677-40a1-98e7-8ba643935ac0: nextIndex: updateUnconditionally 0 -> 0
2019-11-11 04:08:16,013 [grpc-default-executor-6] INFO  impl.FollowerInfo (FollowerInfo.java:lambda$new$0(51)) - 9a305e64-7592-4199-ba7e-8c2223e9b548@group-F4D747E15FF8->f4ab3ec0-fcec-4fb2-8953-e521da90d916: nextIndex: updateUnconditionally 0 -> 0
2019-11-11 04:08:16,514 [grpc-default-executor-4] WARN  server.GrpcLogAppender (LogUtils.java:warn(134)) - 9a305e64-7592-4199-ba7e-8c2223e9b548@group-F4D747E15FF8->61021d77-0677-40a1-98e7-8ba643935ac0-AppendLogResponseHandler: Failed appendEntries: org.apache.ratis.thirdparty.io.grpc.StatusRuntimeException: UNAVAILABLE: io exception
2019-11-11 04:08:16,514 [grpc-default-executor-2] WARN  server.GrpcLogAppender (LogUtils.java:warn(134)) - 9a305e64-7592-4199-ba7e-8c2223e9b548@group-F4D747E15FF8->f4ab3ec0-fcec-4fb2-8953-e521da90d916-AppendLogResponseHandler: Failed appendEntries: org.apache.ratis.thirdparty.io.grpc.StatusRuntimeException: UNAVAILABLE: io exception
2019-11-11 04:08:16,514 [grpc-default-executor-4] INFO  impl.FollowerInfo (FollowerInfo.java:lambda$new$0(51)) - 9a305e64-7592-4199-ba7e-8c2223e9b548@group-F4D747E15FF8->61021d77-0677-40a1-98e7-8ba643935ac0: nextIndex: updateUnconditionally 0 -> 0
2019-11-11 04:08:16,514 [grpc-default-executor-2] INFO  impl.FollowerInfo (FollowerInfo.java:lambda$new$0(51)) - 9a305e64-7592-4199-ba7e-8c2223e9b548@group-F4D747E15FF8->f4ab3ec0-fcec-4fb2-8953-e521da90d916: nextIndex: updateUnconditionally 0 -> 0
2019-11-11 04:08:16,681 [Thread-1012] INFO  impl.FollowerState (FollowerState.java:run(111)) - c04805f0-1fdc-4096-9f0e-017639bb4de5@group-A10C889AEEC0-FollowerState: change to CANDIDATE, lastRpcTime:1020ms, electionTimeout:1020ms
2019-11-11 04:08:16,681 [Thread-1012] INFO  impl.RoleInfo (RoleInfo.java:shutdownFollowerState(121)) - c04805f0-1fdc-4096-9f0e-017639bb4de5: shutdown FollowerState
2019-11-11 04:08:16,682 [Thread-1012] INFO  impl.RaftServerImpl (RaftServerImpl.java:setRole(173)) - c04805f0-1fdc-4096-9f0e-017639bb4de5@group-A10C889AEEC0: changes role from  FOLLOWER to CANDIDATE at term 0 for changeToCandidate
2019-11-11 04:08:16,682 [Thread-1012] INFO  impl.RoleInfo (RoleInfo.java:updateAndGet(143)) - c04805f0-1fdc-4096-9f0e-017639bb4de5: start LeaderElection
2019-11-11 04:08:16,701 [c04805f0-1fdc-4096-9f0e-017639bb4de5@group-A10C889AEEC0-LeaderElection24] INFO  impl.LeaderElection (LeaderElection.java:askForVotes(178)) - c04805f0-1fdc-4096-9f0e-017639bb4de5@group-A10C889AEEC0-LeaderElection24: begin an election at term 1 for -1: [9a305e64-7592-4199-ba7e-8c2223e9b548:192.168.34.63:35969, c04805f0-1fdc-4096-9f0e-017639bb4de5:192.168.34.63:44743, f4ab3ec0-fcec-4fb2-8953-e521da90d916:192.168.34.63:41296], old=null
2019-11-11 04:08:16,704 [c04805f0-1fdc-4096-9f0e-017639bb4de5@group-A10C889AEEC0-LeaderElection24] INFO  impl.LeaderElection (LogUtils.java:infoOrTrace(149)) - c04805f0-1fdc-4096-9f0e-017639bb4de5@group-A10C889AEEC0-LeaderElection24 got exception when requesting votes: {}
java.util.concurrent.ExecutionException: org.apache.ratis.thirdparty.io.grpc.StatusRuntimeException: UNAVAILABLE: io exception
	at java.util.concurrent.FutureTask.report(FutureTask.java:122)
	at java.util.concurrent.FutureTask.get(FutureTask.java:192)
	at org.apache.ratis.server.impl.LeaderElection.waitForResults(LeaderElection.java:259)
	at org.apache.ratis.server.impl.LeaderElection.askForVotes(LeaderElection.java:197)
	at org.apache.ratis.server.impl.LeaderElection.run(LeaderElection.java:133)
	at java.lang.Thread.run(Thread.java:748)
Caused by: org.apache.ratis.thirdparty.io.grpc.StatusRuntimeException: UNAVAILABLE: io exception
	at org.apache.ratis.thirdparty.io.grpc.stub.ClientCalls.toStatusRuntimeException(ClientCalls.java:233)
	at org.apache.ratis.thirdparty.io.grpc.stub.ClientCalls.getUnchecked(ClientCalls.java:214)
	at org.apache.ratis.thirdparty.io.grpc.stub.ClientCalls.blockingUnaryCall(ClientCalls.java:139)
	at org.apache.ratis.proto.grpc.RaftServerProtocolServiceGrpc$RaftServerProtocolServiceBlockingStub.requestVote(RaftServerProtocolServiceGrpc.java:265)
	at org.apache.ratis.grpc.server.GrpcServerProtocolClient.requestVote(GrpcServerProtocolClient.java:99)
	at org.apache.ratis.grpc.server.GrpcService.requestVote(GrpcService.java:204)
	at org.apache.ratis.server.impl.LeaderElection.lambda$submitRequests$1(LeaderElection.java:234)
	at java.util.concurrent.FutureTask.run(FutureTask.java:266)
	at java.util.concurrent.Executors$RunnableAdapter.call(Executors.java:511)
	at java.util.concurrent.FutureTask.run(FutureTask.java:266)
	at java.util.concurrent.ThreadPoolExecutor.runWorker(ThreadPoolExecutor.java:1149)
	at java.util.concurrent.ThreadPoolExecutor$Worker.run(ThreadPoolExecutor.java:624)
	... 1 more
Caused by: org.apache.ratis.thirdparty.io.netty.channel.AbstractChannel$AnnotatedConnectException: Connection refused: /192.168.34.63:41296
	at sun.nio.ch.SocketChannelImpl.checkConnect(Native Method)
	at sun.nio.ch.SocketChannelImpl.finishConnect(SocketChannelImpl.java:717)
	at org.apache.ratis.thirdparty.io.netty.channel.socket.nio.NioSocketChannel.doFinishConnect(NioSocketChannel.java:327)
	at org.apache.ratis.thirdparty.io.netty.channel.nio.AbstractNioChannel$AbstractNioUnsafe.finishConnect(AbstractNioChannel.java:340)
	at org.apache.ratis.thirdparty.io.netty.channel.nio.NioEventLoop.processSelectedKey(NioEventLoop.java:632)
	at org.apache.ratis.thirdparty.io.netty.channel.nio.NioEventLoop.processSelectedKeysOptimized(NioEventLoop.java:579)
	at org.apache.ratis.thirdparty.io.netty.channel.nio.NioEventLoop.processSelectedKeys(NioEventLoop.java:496)
	at org.apache.ratis.thirdparty.io.netty.channel.nio.NioEventLoop.run(NioEventLoop.java:458)
	at org.apache.ratis.thirdparty.io.netty.util.concurrent.SingleThreadEventExecutor$5.run(SingleThreadEventExecutor.java:897)
	at org.apache.ratis.thirdparty.io.netty.util.concurrent.FastThreadLocalRunnable.run(FastThreadLocalRunnable.java:30)
	... 1 more
Caused by: java.net.ConnectException: Connection refused
	... 11 more
2019-11-11 04:08:16,710 [grpc-default-executor-4] INFO  impl.RaftServerImpl (RaftServerImpl.java:setRole(173)) - 9a305e64-7592-4199-ba7e-8c2223e9b548@group-A10C889AEEC0: changes role from  FOLLOWER to FOLLOWER at term 1 for recognizeCandidate:c04805f0-1fdc-4096-9f0e-017639bb4de5
2019-11-11 04:08:16,710 [grpc-default-executor-4] INFO  impl.RoleInfo (RoleInfo.java:shutdownFollowerState(121)) - 9a305e64-7592-4199-ba7e-8c2223e9b548: shutdown FollowerState
2019-11-11 04:08:16,711 [grpc-default-executor-4] INFO  impl.RoleInfo (RoleInfo.java:updateAndGet(143)) - 9a305e64-7592-4199-ba7e-8c2223e9b548: start FollowerState
2019-11-11 04:08:16,711 [Thread-1013] INFO  impl.FollowerState (FollowerState.java:run(120)) - 9a305e64-7592-4199-ba7e-8c2223e9b548@group-A10C889AEEC0-FollowerState was interrupted: java.lang.InterruptedException: sleep interrupted
2019-11-11 04:08:16,730 [c04805f0-1fdc-4096-9f0e-017639bb4de5@group-A10C889AEEC0-LeaderElection24] INFO  impl.LeaderElection (LeaderElection.java:logAndReturn(56)) - c04805f0-1fdc-4096-9f0e-017639bb4de5@group-A10C889AEEC0-LeaderElection24: Election PASSED; received 1 response(s) [c04805f0-1fdc-4096-9f0e-017639bb4de5<-9a305e64-7592-4199-ba7e-8c2223e9b548#0:OK-t1] and 1 exception(s); c04805f0-1fdc-4096-9f0e-017639bb4de5@group-A10C889AEEC0:t1, leader=null, voted=c04805f0-1fdc-4096-9f0e-017639bb4de5, raftlog=c04805f0-1fdc-4096-9f0e-017639bb4de5@group-A10C889AEEC0-SegmentedRaftLog:OPENED:c-1,f-1,i0, conf=-1: [9a305e64-7592-4199-ba7e-8c2223e9b548:192.168.34.63:35969, c04805f0-1fdc-4096-9f0e-017639bb4de5:192.168.34.63:44743, f4ab3ec0-fcec-4fb2-8953-e521da90d916:192.168.34.63:41296], old=null
2019-11-11 04:08:16,730 [c04805f0-1fdc-4096-9f0e-017639bb4de5@group-A10C889AEEC0-LeaderElection24] INFO  impl.LeaderElection (LogUtils.java:infoOrTrace(149)) -   Exception 0: {}
java.util.concurrent.ExecutionException: org.apache.ratis.thirdparty.io.grpc.StatusRuntimeException: UNAVAILABLE: io exception
	at java.util.concurrent.FutureTask.report(FutureTask.java:122)
	at java.util.concurrent.FutureTask.get(FutureTask.java:192)
	at org.apache.ratis.server.impl.LeaderElection.waitForResults(LeaderElection.java:259)
	at org.apache.ratis.server.impl.LeaderElection.askForVotes(LeaderElection.java:197)
	at org.apache.ratis.server.impl.LeaderElection.run(LeaderElection.java:133)
	at java.lang.Thread.run(Thread.java:748)
Caused by: org.apache.ratis.thirdparty.io.grpc.StatusRuntimeException: UNAVAILABLE: io exception
	at org.apache.ratis.thirdparty.io.grpc.stub.ClientCalls.toStatusRuntimeException(ClientCalls.java:233)
	at org.apache.ratis.thirdparty.io.grpc.stub.ClientCalls.getUnchecked(ClientCalls.java:214)
	at org.apache.ratis.thirdparty.io.grpc.stub.ClientCalls.blockingUnaryCall(ClientCalls.java:139)
	at org.apache.ratis.proto.grpc.RaftServerProtocolServiceGrpc$RaftServerProtocolServiceBlockingStub.requestVote(RaftServerProtocolServiceGrpc.java:265)
	at org.apache.ratis.grpc.server.GrpcServerProtocolClient.requestVote(GrpcServerProtocolClient.java:99)
	at org.apache.ratis.grpc.server.GrpcService.requestVote(GrpcService.java:204)
	at org.apache.ratis.server.impl.LeaderElection.lambda$submitRequests$1(LeaderElection.java:234)
	at java.util.concurrent.FutureTask.run(FutureTask.java:266)
	at java.util.concurrent.Executors$RunnableAdapter.call(Executors.java:511)
	at java.util.concurrent.FutureTask.run(FutureTask.java:266)
	at java.util.concurrent.ThreadPoolExecutor.runWorker(ThreadPoolExecutor.java:1149)
	at java.util.concurrent.ThreadPoolExecutor$Worker.run(ThreadPoolExecutor.java:624)
	... 1 more
Caused by: org.apache.ratis.thirdparty.io.netty.channel.AbstractChannel$AnnotatedConnectException: Connection refused: /192.168.34.63:41296
	at sun.nio.ch.SocketChannelImpl.checkConnect(Native Method)
	at sun.nio.ch.SocketChannelImpl.finishConnect(SocketChannelImpl.java:717)
	at org.apache.ratis.thirdparty.io.netty.channel.socket.nio.NioSocketChannel.doFinishConnect(NioSocketChannel.java:327)
	at org.apache.ratis.thirdparty.io.netty.channel.nio.AbstractNioChannel$AbstractNioUnsafe.finishConnect(AbstractNioChannel.java:340)
	at org.apache.ratis.thirdparty.io.netty.channel.nio.NioEventLoop.processSelectedKey(NioEventLoop.java:632)
	at org.apache.ratis.thirdparty.io.netty.channel.nio.NioEventLoop.processSelectedKeysOptimized(NioEventLoop.java:579)
	at org.apache.ratis.thirdparty.io.netty.channel.nio.NioEventLoop.processSelectedKeys(NioEventLoop.java:496)
	at org.apache.ratis.thirdparty.io.netty.channel.nio.NioEventLoop.run(NioEventLoop.java:458)
	at org.apache.ratis.thirdparty.io.netty.util.concurrent.SingleThreadEventExecutor$5.run(SingleThreadEventExecutor.java:897)
	at org.apache.ratis.thirdparty.io.netty.util.concurrent.FastThreadLocalRunnable.run(FastThreadLocalRunnable.java:30)
	... 1 more
Caused by: java.net.ConnectException: Connection refused
	... 11 more
2019-11-11 04:08:16,730 [c04805f0-1fdc-4096-9f0e-017639bb4de5@group-A10C889AEEC0-LeaderElection24] INFO  impl.RoleInfo (RoleInfo.java:shutdownLeaderElection(134)) - c04805f0-1fdc-4096-9f0e-017639bb4de5: shutdown LeaderElection
2019-11-11 04:08:16,731 [c04805f0-1fdc-4096-9f0e-017639bb4de5@group-A10C889AEEC0-LeaderElection24] INFO  impl.RaftServerImpl (RaftServerImpl.java:setRole(173)) - c04805f0-1fdc-4096-9f0e-017639bb4de5@group-A10C889AEEC0: changes role from CANDIDATE to LEADER at term 1 for changeToLeader
2019-11-11 04:08:16,731 [c04805f0-1fdc-4096-9f0e-017639bb4de5@group-A10C889AEEC0-LeaderElection24] INFO  impl.RaftServerImpl (ServerState.java:setLeader(255)) - c04805f0-1fdc-4096-9f0e-017639bb4de5@group-A10C889AEEC0: change Leader from null to c04805f0-1fdc-4096-9f0e-017639bb4de5 at term 1 for becomeLeader, leader elected after 1075ms
2019-11-11 04:08:16,731 [c04805f0-1fdc-4096-9f0e-017639bb4de5@group-A10C889AEEC0-LeaderElection24] INFO  server.RaftServerConfigKeys (ConfUtils.java:logGet(43)) - raft.server.staging.catchup.gap = 1000 (default)
2019-11-11 04:08:16,731 [c04805f0-1fdc-4096-9f0e-017639bb4de5@group-A10C889AEEC0-LeaderElection24] INFO  server.RaftServerConfigKeys (ConfUtils.java:logGet(43)) - raft.server.rpc.sleep.time = 25ms (default)
2019-11-11 04:08:16,731 [c04805f0-1fdc-4096-9f0e-017639bb4de5@group-A10C889AEEC0-LeaderElection24] INFO  server.RaftServerConfigKeys (ConfUtils.java:logGet(43)) - raft.server.write.element-limit = 4096 (default)
2019-11-11 04:08:16,732 [c04805f0-1fdc-4096-9f0e-017639bb4de5@group-A10C889AEEC0-LeaderElection24] INFO  server.RaftServerConfigKeys (ConfUtils.java:logGet(43)) - raft.server.watch.timeout = 10s (default)
2019-11-11 04:08:16,732 [c04805f0-1fdc-4096-9f0e-017639bb4de5@group-A10C889AEEC0-LeaderElection24] INFO  server.RaftServerConfigKeys (ConfUtils.java:logGet(43)) - raft.server.watch.timeout.denomination = 1s (default)
2019-11-11 04:08:16,732 [c04805f0-1fdc-4096-9f0e-017639bb4de5@group-A10C889AEEC0-LeaderElection24] INFO  server.RaftServerConfigKeys (ConfUtils.java:logGet(43)) - raft.server.watch.element-limit = 65536 (default)
2019-11-11 04:08:16,732 [c04805f0-1fdc-4096-9f0e-017639bb4de5@group-A10C889AEEC0-LeaderElection24] INFO  server.RaftServerConfigKeys (ConfUtils.java:logGet(43)) - raft.server.log.appender.snapshot.chunk.size.max = 16MB (=16777216) (default)
2019-11-11 04:08:16,732 [c04805f0-1fdc-4096-9f0e-017639bb4de5@group-A10C889AEEC0-LeaderElection24] INFO  server.RaftServerConfigKeys (ConfUtils.java:logGet(43)) - raft.server.log.appender.buffer.byte-limit = 33554432 (custom)
2019-11-11 04:08:16,733 [c04805f0-1fdc-4096-9f0e-017639bb4de5@group-A10C889AEEC0-LeaderElection24] INFO  server.RaftServerConfigKeys (ConfUtils.java:logGet(43)) - raft.server.log.appender.buffer.element-limit = 1 (custom)
2019-11-11 04:08:16,733 [c04805f0-1fdc-4096-9f0e-017639bb4de5@group-A10C889AEEC0-LeaderElection24] INFO  grpc.GrpcConfigKeys$Server (ConfUtils.java:logGet(43)) - raft.grpc.server.leader.outstanding.appends.max = 128 (default)
2019-11-11 04:08:16,733 [c04805f0-1fdc-4096-9f0e-017639bb4de5@group-A10C889AEEC0-LeaderElection24] INFO  server.RaftServerConfigKeys (ConfUtils.java:logGet(43)) - raft.server.rpc.request.timeout = 3000ms (default)
2019-11-11 04:08:16,733 [c04805f0-1fdc-4096-9f0e-017639bb4de5@group-A10C889AEEC0-LeaderElection24] INFO  server.RaftServerConfigKeys (ConfUtils.java:logGet(43)) - raft.server.log.appender.install.snapshot.enabled = false (custom)
2019-11-11 04:08:16,733 [c04805f0-1fdc-4096-9f0e-017639bb4de5@group-A10C889AEEC0-LeaderElection24] WARN  impl.MetricRegistriesImpl (MetricRegistriesImpl.java:lambda$create$1(61)) - First MetricRegistry has been created without registering reporters. You may need to call MetricRegistries.global().addReportRegistration(...) before.
2019-11-11 04:08:16,734 [c04805f0-1fdc-4096-9f0e-017639bb4de5@group-A10C889AEEC0-LeaderElection24] INFO  server.RaftServerConfigKeys (ConfUtils.java:logGet(43)) - raft.server.log.appender.snapshot.chunk.size.max = 16MB (=16777216) (default)
2019-11-11 04:08:16,734 [c04805f0-1fdc-4096-9f0e-017639bb4de5@group-A10C889AEEC0-LeaderElection24] INFO  server.RaftServerConfigKeys (ConfUtils.java:logGet(43)) - raft.server.log.appender.buffer.byte-limit = 33554432 (custom)
2019-11-11 04:08:16,734 [c04805f0-1fdc-4096-9f0e-017639bb4de5@group-A10C889AEEC0-LeaderElection24] INFO  server.RaftServerConfigKeys (ConfUtils.java:logGet(43)) - raft.server.log.appender.buffer.element-limit = 1 (custom)
2019-11-11 04:08:16,734 [c04805f0-1fdc-4096-9f0e-017639bb4de5@group-A10C889AEEC0-LeaderElection24] INFO  grpc.GrpcConfigKeys$Server (ConfUtils.java:logGet(43)) - raft.grpc.server.leader.outstanding.appends.max = 128 (default)
2019-11-11 04:08:16,734 [c04805f0-1fdc-4096-9f0e-017639bb4de5@group-A10C889AEEC0-LeaderElection24] INFO  server.RaftServerConfigKeys (ConfUtils.java:logGet(43)) - raft.server.rpc.request.timeout = 3000ms (default)
2019-11-11 04:08:16,734 [c04805f0-1fdc-4096-9f0e-017639bb4de5@group-A10C889AEEC0-LeaderElection24] INFO  server.RaftServerConfigKeys (ConfUtils.java:logGet(43)) - raft.server.log.appender.install.snapshot.enabled = false (custom)
2019-11-11 04:08:16,735 [c04805f0-1fdc-4096-9f0e-017639bb4de5@group-A10C889AEEC0-LeaderElection24] INFO  impl.RoleInfo (RoleInfo.java:updateAndGet(143)) - c04805f0-1fdc-4096-9f0e-017639bb4de5: start LeaderState
2019-11-11 04:08:16,735 [c04805f0-1fdc-4096-9f0e-017639bb4de5@group-A10C889AEEC0-LeaderElection24] INFO  segmented.SegmentedRaftLogWorker (SegmentedRaftLogWorker.java:startLogSegment(385)) - c04805f0-1fdc-4096-9f0e-017639bb4de5@group-A10C889AEEC0-SegmentedRaftLogWorker: Starting segment from index:0
2019-11-11 04:08:16,736 [c04805f0-1fdc-4096-9f0e-017639bb4de5@group-A10C889AEEC0-LeaderElection24] INFO  impl.RaftServerImpl (ServerState.java:setRaftConf(356)) - c04805f0-1fdc-4096-9f0e-017639bb4de5@group-A10C889AEEC0: set configuration 0: [9a305e64-7592-4199-ba7e-8c2223e9b548:192.168.34.63:35969, c04805f0-1fdc-4096-9f0e-017639bb4de5:192.168.34.63:44743, f4ab3ec0-fcec-4fb2-8953-e521da90d916:192.168.34.63:41296], old=null at 0
2019-11-11 04:08:16,766 [grpc-default-executor-4] WARN  server.GrpcLogAppender (LogUtils.java:warn(134)) - c04805f0-1fdc-4096-9f0e-017639bb4de5@group-A10C889AEEC0->f4ab3ec0-fcec-4fb2-8953-e521da90d916-AppendLogResponseHandler: Failed appendEntries: org.apache.ratis.thirdparty.io.grpc.StatusRuntimeException: UNAVAILABLE: io exception
2019-11-11 04:08:16,767 [grpc-default-executor-4] INFO  impl.FollowerInfo (FollowerInfo.java:lambda$new$0(51)) - c04805f0-1fdc-4096-9f0e-017639bb4de5@group-A10C889AEEC0->f4ab3ec0-fcec-4fb2-8953-e521da90d916: nextIndex: updateUnconditionally 0 -> 0
2019-11-11 04:08:16,767 [grpc-default-executor-4] INFO  impl.RaftServerImpl (ServerState.java:setLeader(255)) - 9a305e64-7592-4199-ba7e-8c2223e9b548@group-A10C889AEEC0: change Leader from null to c04805f0-1fdc-4096-9f0e-017639bb4de5 at term 1 for appendEntries, leader elected after 1112ms
2019-11-11 04:08:16,771 [grpc-default-executor-4] INFO  impl.RaftServerImpl (ServerState.java:setRaftConf(356)) - 9a305e64-7592-4199-ba7e-8c2223e9b548@group-A10C889AEEC0: set configuration 0: [9a305e64-7592-4199-ba7e-8c2223e9b548:192.168.34.63:35969, c04805f0-1fdc-4096-9f0e-017639bb4de5:192.168.34.63:44743, f4ab3ec0-fcec-4fb2-8953-e521da90d916:192.168.34.63:41296], old=null at 0
2019-11-11 04:08:16,772 [grpc-default-executor-4] INFO  segmented.SegmentedRaftLogWorker (SegmentedRaftLogWorker.java:startLogSegment(385)) - 9a305e64-7592-4199-ba7e-8c2223e9b548@group-A10C889AEEC0-SegmentedRaftLogWorker: Starting segment from index:0
2019-11-11 04:08:16,779 [c04805f0-1fdc-4096-9f0e-017639bb4de5@group-A10C889AEEC0-SegmentedRaftLogWorker] INFO  segmented.SegmentedRaftLogWorker (SegmentedRaftLogWorker.java:execute(576)) - c04805f0-1fdc-4096-9f0e-017639bb4de5@group-A10C889AEEC0-SegmentedRaftLogWorker: created new log segment /workdir/hadoop-ozone/integration-test/target/test-dir/MiniOzoneClusterImpl-6985d1c7-7309-41e2-b49d-91e186e08ffa/datanode-6/data/ratis/c71a4577-b78a-47ad-98be-a10c889aeec0/current/log_inprogress_0
2019-11-11 04:08:16,792 [grpc-default-executor-7] WARN  server.GrpcLogAppender (LogUtils.java:warn(134)) - c04805f0-1fdc-4096-9f0e-017639bb4de5@group-A10C889AEEC0->f4ab3ec0-fcec-4fb2-8953-e521da90d916-AppendLogResponseHandler: Failed appendEntries: org.apache.ratis.thirdparty.io.grpc.StatusRuntimeException: UNAVAILABLE: io exception
2019-11-11 04:08:16,793 [grpc-default-executor-7] INFO  impl.FollowerInfo (FollowerInfo.java:lambda$new$0(51)) - c04805f0-1fdc-4096-9f0e-017639bb4de5@group-A10C889AEEC0->f4ab3ec0-fcec-4fb2-8953-e521da90d916: nextIndex: updateUnconditionally 1 -> 0
2019-11-11 04:08:16,805 [9a305e64-7592-4199-ba7e-8c2223e9b548@group-A10C889AEEC0-SegmentedRaftLogWorker] INFO  segmented.SegmentedRaftLogWorker (SegmentedRaftLogWorker.java:execute(576)) - 9a305e64-7592-4199-ba7e-8c2223e9b548@group-A10C889AEEC0-SegmentedRaftLogWorker: created new log segment /workdir/hadoop-ozone/integration-test/target/test-dir/MiniOzoneClusterImpl-6985d1c7-7309-41e2-b49d-91e186e08ffa/datanode-7/data/ratis/c71a4577-b78a-47ad-98be-a10c889aeec0/current/log_inprogress_0
2019-11-11 04:08:17,014 [grpc-default-executor-4] WARN  server.GrpcLogAppender (LogUtils.java:warn(134)) - 9a305e64-7592-4199-ba7e-8c2223e9b548@group-F4D747E15FF8->f4ab3ec0-fcec-4fb2-8953-e521da90d916-AppendLogResponseHandler: Failed appendEntries: org.apache.ratis.thirdparty.io.grpc.StatusRuntimeException: UNAVAILABLE: io exception
2019-11-11 04:08:17,014 [grpc-default-executor-8] WARN  server.GrpcLogAppender (LogUtils.java:warn(134)) - 9a305e64-7592-4199-ba7e-8c2223e9b548@group-F4D747E15FF8->61021d77-0677-40a1-98e7-8ba643935ac0-AppendLogResponseHandler: Failed appendEntries: org.apache.ratis.thirdparty.io.grpc.StatusRuntimeException: UNAVAILABLE: io exception
2019-11-11 04:08:17,015 [grpc-default-executor-4] INFO  impl.FollowerInfo (FollowerInfo.java:lambda$new$0(51)) - 9a305e64-7592-4199-ba7e-8c2223e9b548@group-F4D747E15FF8->f4ab3ec0-fcec-4fb2-8953-e521da90d916: nextIndex: updateUnconditionally 0 -> 0
2019-11-11 04:08:17,015 [grpc-default-executor-8] INFO  impl.FollowerInfo (FollowerInfo.java:lambda$new$0(51)) - 9a305e64-7592-4199-ba7e-8c2223e9b548@group-F4D747E15FF8->61021d77-0677-40a1-98e7-8ba643935ac0: nextIndex: updateUnconditionally 0 -> 0
2019-11-11 04:08:17,293 [grpc-default-executor-8] WARN  server.GrpcLogAppender (LogUtils.java:warn(134)) - c04805f0-1fdc-4096-9f0e-017639bb4de5@group-A10C889AEEC0->f4ab3ec0-fcec-4fb2-8953-e521da90d916-AppendLogResponseHandler: Failed appendEntries: org.apache.ratis.thirdparty.io.grpc.StatusRuntimeException: UNAVAILABLE: io exception
2019-11-11 04:08:17,293 [grpc-default-executor-8] INFO  impl.FollowerInfo (FollowerInfo.java:lambda$new$0(51)) - c04805f0-1fdc-4096-9f0e-017639bb4de5@group-A10C889AEEC0->f4ab3ec0-fcec-4fb2-8953-e521da90d916: nextIndex: updateUnconditionally 0 -> 0
2019-11-11 04:08:17,515 [grpc-default-executor-2] WARN  server.GrpcLogAppender (LogUtils.java:warn(134)) - 9a305e64-7592-4199-ba7e-8c2223e9b548@group-F4D747E15FF8->f4ab3ec0-fcec-4fb2-8953-e521da90d916-AppendLogResponseHandler: Failed appendEntries: org.apache.ratis.thirdparty.io.grpc.StatusRuntimeException: UNAVAILABLE: io exception
2019-11-11 04:08:17,515 [grpc-default-executor-6] WARN  server.GrpcLogAppender (LogUtils.java:warn(134)) - 9a305e64-7592-4199-ba7e-8c2223e9b548@group-F4D747E15FF8->61021d77-0677-40a1-98e7-8ba643935ac0-AppendLogResponseHandler: Failed appendEntries: org.apache.ratis.thirdparty.io.grpc.StatusRuntimeException: UNAVAILABLE: io exception
2019-11-11 04:08:17,515 [grpc-default-executor-2] INFO  impl.FollowerInfo (FollowerInfo.java:lambda$new$0(51)) - 9a305e64-7592-4199-ba7e-8c2223e9b548@group-F4D747E15FF8->f4ab3ec0-fcec-4fb2-8953-e521da90d916: nextIndex: updateUnconditionally 0 -> 0
2019-11-11 04:08:17,515 [grpc-default-executor-6] INFO  impl.FollowerInfo (FollowerInfo.java:lambda$new$0(51)) - 9a305e64-7592-4199-ba7e-8c2223e9b548@group-F4D747E15FF8->61021d77-0677-40a1-98e7-8ba643935ac0: nextIndex: updateUnconditionally 0 -> 0
2019-11-11 04:08:17,793 [grpc-default-executor-6] WARN  server.GrpcLogAppender (LogUtils.java:warn(134)) - c04805f0-1fdc-4096-9f0e-017639bb4de5@group-A10C889AEEC0->f4ab3ec0-fcec-4fb2-8953-e521da90d916-AppendLogResponseHandler: Failed appendEntries: org.apache.ratis.thirdparty.io.grpc.StatusRuntimeException: UNAVAILABLE: io exception
2019-11-11 04:08:17,793 [grpc-default-executor-6] INFO  impl.FollowerInfo (FollowerInfo.java:lambda$new$0(51)) - c04805f0-1fdc-4096-9f0e-017639bb4de5@group-A10C889AEEC0->f4ab3ec0-fcec-4fb2-8953-e521da90d916: nextIndex: updateUnconditionally 0 -> 0
2019-11-11 04:08:18,015 [grpc-default-executor-8] WARN  server.GrpcLogAppender (LogUtils.java:warn(134)) - 9a305e64-7592-4199-ba7e-8c2223e9b548@group-F4D747E15FF8->f4ab3ec0-fcec-4fb2-8953-e521da90d916-AppendLogResponseHandler: Failed appendEntries: org.apache.ratis.thirdparty.io.grpc.StatusRuntimeException: UNAVAILABLE: io exception
2019-11-11 04:08:18,015 [grpc-default-executor-4] WARN  server.GrpcLogAppender (LogUtils.java:warn(134)) - 9a305e64-7592-4199-ba7e-8c2223e9b548@group-F4D747E15FF8->61021d77-0677-40a1-98e7-8ba643935ac0-AppendLogResponseHandler: Failed appendEntries: org.apache.ratis.thirdparty.io.grpc.StatusRuntimeException: UNAVAILABLE: io exception
2019-11-11 04:08:18,015 [grpc-default-executor-8] INFO  impl.FollowerInfo (FollowerInfo.java:lambda$new$0(51)) - 9a305e64-7592-4199-ba7e-8c2223e9b548@group-F4D747E15FF8->f4ab3ec0-fcec-4fb2-8953-e521da90d916: nextIndex: updateUnconditionally 0 -> 0
2019-11-11 04:08:18,016 [grpc-default-executor-4] INFO  impl.FollowerInfo (FollowerInfo.java:lambda$new$0(51)) - 9a305e64-7592-4199-ba7e-8c2223e9b548@group-F4D747E15FF8->61021d77-0677-40a1-98e7-8ba643935ac0: nextIndex: updateUnconditionally 0 -> 0
2019-11-11 04:08:18,294 [grpc-default-executor-2] WARN  server.GrpcLogAppender (LogUtils.java:warn(134)) - c04805f0-1fdc-4096-9f0e-017639bb4de5@group-A10C889AEEC0->f4ab3ec0-fcec-4fb2-8953-e521da90d916-AppendLogResponseHandler: Failed appendEntries: org.apache.ratis.thirdparty.io.grpc.StatusRuntimeException: UNAVAILABLE: io exception
2019-11-11 04:08:18,295 [grpc-default-executor-2] INFO  impl.FollowerInfo (FollowerInfo.java:lambda$new$0(51)) - c04805f0-1fdc-4096-9f0e-017639bb4de5@group-A10C889AEEC0->f4ab3ec0-fcec-4fb2-8953-e521da90d916: nextIndex: updateUnconditionally 0 -> 0
2019-11-11 04:08:18,515 [grpc-default-executor-4] WARN  server.GrpcLogAppender (LogUtils.java:warn(134)) - 9a305e64-7592-4199-ba7e-8c2223e9b548@group-F4D747E15FF8->f4ab3ec0-fcec-4fb2-8953-e521da90d916-AppendLogResponseHandler: Failed appendEntries: org.apache.ratis.thirdparty.io.grpc.StatusRuntimeException: UNAVAILABLE: io exception
2019-11-11 04:08:18,516 [grpc-default-executor-4] INFO  impl.FollowerInfo (FollowerInfo.java:lambda$new$0(51)) - 9a305e64-7592-4199-ba7e-8c2223e9b548@group-F4D747E15FF8->f4ab3ec0-fcec-4fb2-8953-e521da90d916: nextIndex: updateUnconditionally 0 -> 0
2019-11-11 04:08:18,516 [grpc-default-executor-2] WARN  server.GrpcLogAppender (LogUtils.java:warn(134)) - 9a305e64-7592-4199-ba7e-8c2223e9b548@group-F4D747E15FF8->61021d77-0677-40a1-98e7-8ba643935ac0-AppendLogResponseHandler: Failed appendEntries: org.apache.ratis.thirdparty.io.grpc.StatusRuntimeException: UNAVAILABLE: io exception
2019-11-11 04:08:18,516 [grpc-default-executor-2] INFO  impl.FollowerInfo (FollowerInfo.java:lambda$new$0(51)) - 9a305e64-7592-4199-ba7e-8c2223e9b548@group-F4D747E15FF8->61021d77-0677-40a1-98e7-8ba643935ac0: nextIndex: updateUnconditionally 0 -> 0
2019-11-11 04:08:18,795 [grpc-default-executor-2] WARN  server.GrpcLogAppender (LogUtils.java:warn(134)) - c04805f0-1fdc-4096-9f0e-017639bb4de5@group-A10C889AEEC0->f4ab3ec0-fcec-4fb2-8953-e521da90d916-AppendLogResponseHandler: Failed appendEntries: org.apache.ratis.thirdparty.io.grpc.StatusRuntimeException: UNAVAILABLE: io exception
2019-11-11 04:08:18,795 [grpc-default-executor-2] INFO  impl.FollowerInfo (FollowerInfo.java:lambda$new$0(51)) - c04805f0-1fdc-4096-9f0e-017639bb4de5@group-A10C889AEEC0->f4ab3ec0-fcec-4fb2-8953-e521da90d916: nextIndex: updateUnconditionally 0 -> 0
2019-11-11 04:08:19,016 [grpc-default-executor-8] WARN  server.GrpcLogAppender (LogUtils.java:warn(134)) - 9a305e64-7592-4199-ba7e-8c2223e9b548@group-F4D747E15FF8->61021d77-0677-40a1-98e7-8ba643935ac0-AppendLogResponseHandler: Failed appendEntries: org.apache.ratis.thirdparty.io.grpc.StatusRuntimeException: UNAVAILABLE: io exception
2019-11-11 04:08:19,016 [grpc-default-executor-6] WARN  server.GrpcLogAppender (LogUtils.java:warn(134)) - 9a305e64-7592-4199-ba7e-8c2223e9b548@group-F4D747E15FF8->f4ab3ec0-fcec-4fb2-8953-e521da90d916-AppendLogResponseHandler: Failed appendEntries: org.apache.ratis.thirdparty.io.grpc.StatusRuntimeException: UNAVAILABLE: io exception
2019-11-11 04:08:19,017 [grpc-default-executor-8] INFO  impl.FollowerInfo (FollowerInfo.java:lambda$new$0(51)) - 9a305e64-7592-4199-ba7e-8c2223e9b548@group-F4D747E15FF8->61021d77-0677-40a1-98e7-8ba643935ac0: nextIndex: updateUnconditionally 0 -> 0
2019-11-11 04:08:19,017 [grpc-default-executor-6] INFO  impl.FollowerInfo (FollowerInfo.java:lambda$new$0(51)) - 9a305e64-7592-4199-ba7e-8c2223e9b548@group-F4D747E15FF8->f4ab3ec0-fcec-4fb2-8953-e521da90d916: nextIndex: updateUnconditionally 0 -> 0
2019-11-11 04:08:19,296 [grpc-default-executor-4] WARN  server.GrpcLogAppender (LogUtils.java:warn(134)) - c04805f0-1fdc-4096-9f0e-017639bb4de5@group-A10C889AEEC0->f4ab3ec0-fcec-4fb2-8953-e521da90d916-AppendLogResponseHandler: Failed appendEntries: org.apache.ratis.thirdparty.io.grpc.StatusRuntimeException: UNAVAILABLE: io exception
2019-11-11 04:08:19,296 [grpc-default-executor-4] INFO  impl.FollowerInfo (FollowerInfo.java:lambda$new$0(51)) - c04805f0-1fdc-4096-9f0e-017639bb4de5@group-A10C889AEEC0->f4ab3ec0-fcec-4fb2-8953-e521da90d916: nextIndex: updateUnconditionally 0 -> 0
2019-11-11 04:08:19,517 [grpc-default-executor-8] WARN  server.GrpcLogAppender (LogUtils.java:warn(134)) - 9a305e64-7592-4199-ba7e-8c2223e9b548@group-F4D747E15FF8->f4ab3ec0-fcec-4fb2-8953-e521da90d916-AppendLogResponseHandler: Failed appendEntries: org.apache.ratis.thirdparty.io.grpc.StatusRuntimeException: UNAVAILABLE: io exception
2019-11-11 04:08:19,517 [grpc-default-executor-2] WARN  server.GrpcLogAppender (LogUtils.java:warn(134)) - 9a305e64-7592-4199-ba7e-8c2223e9b548@group-F4D747E15FF8->61021d77-0677-40a1-98e7-8ba643935ac0-AppendLogResponseHandler: Failed appendEntries: org.apache.ratis.thirdparty.io.grpc.StatusRuntimeException: UNAVAILABLE: io exception
2019-11-11 04:08:19,517 [grpc-default-executor-8] INFO  impl.FollowerInfo (FollowerInfo.java:lambda$new$0(51)) - 9a305e64-7592-4199-ba7e-8c2223e9b548@group-F4D747E15FF8->f4ab3ec0-fcec-4fb2-8953-e521da90d916: nextIndex: updateUnconditionally 0 -> 0
2019-11-11 04:08:19,517 [grpc-default-executor-2] INFO  impl.FollowerInfo (FollowerInfo.java:lambda$new$0(51)) - 9a305e64-7592-4199-ba7e-8c2223e9b548@group-F4D747E15FF8->61021d77-0677-40a1-98e7-8ba643935ac0: nextIndex: updateUnconditionally 0 -> 0
2019-11-11 04:08:19,796 [grpc-default-executor-2] WARN  server.GrpcLogAppender (LogUtils.java:warn(134)) - c04805f0-1fdc-4096-9f0e-017639bb4de5@group-A10C889AEEC0->f4ab3ec0-fcec-4fb2-8953-e521da90d916-AppendLogResponseHandler: Failed appendEntries: org.apache.ratis.thirdparty.io.grpc.StatusRuntimeException: UNAVAILABLE: io exception
2019-11-11 04:08:19,796 [grpc-default-executor-2] INFO  impl.FollowerInfo (FollowerInfo.java:lambda$new$0(51)) - c04805f0-1fdc-4096-9f0e-017639bb4de5@group-A10C889AEEC0->f4ab3ec0-fcec-4fb2-8953-e521da90d916: nextIndex: updateUnconditionally 0 -> 0
2019-11-11 04:08:20,017 [grpc-default-executor-5] WARN  server.GrpcLogAppender (LogUtils.java:warn(134)) - 9a305e64-7592-4199-ba7e-8c2223e9b548@group-F4D747E15FF8->61021d77-0677-40a1-98e7-8ba643935ac0-AppendLogResponseHandler: Failed appendEntries: org.apache.ratis.thirdparty.io.grpc.StatusRuntimeException: UNAVAILABLE: io exception
2019-11-11 04:08:20,017 [grpc-default-executor-7] WARN  server.GrpcLogAppender (LogUtils.java:warn(134)) - 9a305e64-7592-4199-ba7e-8c2223e9b548@group-F4D747E15FF8->f4ab3ec0-fcec-4fb2-8953-e521da90d916-AppendLogResponseHandler: Failed appendEntries: org.apache.ratis.thirdparty.io.grpc.StatusRuntimeException: UNAVAILABLE: io exception
2019-11-11 04:08:20,018 [grpc-default-executor-5] INFO  impl.FollowerInfo (FollowerInfo.java:lambda$new$0(51)) - 9a305e64-7592-4199-ba7e-8c2223e9b548@group-F4D747E15FF8->61021d77-0677-40a1-98e7-8ba643935ac0: nextIndex: updateUnconditionally 0 -> 0
2019-11-11 04:08:20,018 [grpc-default-executor-7] INFO  impl.FollowerInfo (FollowerInfo.java:lambda$new$0(51)) - 9a305e64-7592-4199-ba7e-8c2223e9b548@group-F4D747E15FF8->f4ab3ec0-fcec-4fb2-8953-e521da90d916: nextIndex: updateUnconditionally 0 -> 0
2019-11-11 04:08:20,297 [grpc-default-executor-7] WARN  server.GrpcLogAppender (LogUtils.java:warn(134)) - c04805f0-1fdc-4096-9f0e-017639bb4de5@group-A10C889AEEC0->f4ab3ec0-fcec-4fb2-8953-e521da90d916-AppendLogResponseHandler: Failed appendEntries: org.apache.ratis.thirdparty.io.grpc.StatusRuntimeException: UNAVAILABLE: io exception
2019-11-11 04:08:20,297 [grpc-default-executor-7] INFO  impl.FollowerInfo (FollowerInfo.java:lambda$new$0(51)) - c04805f0-1fdc-4096-9f0e-017639bb4de5@group-A10C889AEEC0->f4ab3ec0-fcec-4fb2-8953-e521da90d916: nextIndex: updateUnconditionally 0 -> 0
2019-11-11 04:08:20,518 [grpc-default-executor-5] WARN  server.GrpcLogAppender (LogUtils.java:warn(134)) - 9a305e64-7592-4199-ba7e-8c2223e9b548@group-F4D747E15FF8->61021d77-0677-40a1-98e7-8ba643935ac0-AppendLogResponseHandler: Failed appendEntries: org.apache.ratis.thirdparty.io.grpc.StatusRuntimeException: UNAVAILABLE: io exception
2019-11-11 04:08:20,518 [grpc-default-executor-4] WARN  server.GrpcLogAppender (LogUtils.java:warn(134)) - 9a305e64-7592-4199-ba7e-8c2223e9b548@group-F4D747E15FF8->f4ab3ec0-fcec-4fb2-8953-e521da90d916-AppendLogResponseHandler: Failed appendEntries: org.apache.ratis.thirdparty.io.grpc.StatusRuntimeException: UNAVAILABLE: io exception
2019-11-11 04:08:20,518 [grpc-default-executor-5] INFO  impl.FollowerInfo (FollowerInfo.java:lambda$new$0(51)) - 9a305e64-7592-4199-ba7e-8c2223e9b548@group-F4D747E15FF8->61021d77-0677-40a1-98e7-8ba643935ac0: nextIndex: updateUnconditionally 0 -> 0
2019-11-11 04:08:20,519 [grpc-default-executor-4] INFO  impl.FollowerInfo (FollowerInfo.java:lambda$new$0(51)) - 9a305e64-7592-4199-ba7e-8c2223e9b548@group-F4D747E15FF8->f4ab3ec0-fcec-4fb2-8953-e521da90d916: nextIndex: updateUnconditionally 0 -> 0
2019-11-11 04:08:20,798 [grpc-default-executor-8] WARN  server.GrpcLogAppender (LogUtils.java:warn(134)) - c04805f0-1fdc-4096-9f0e-017639bb4de5@group-A10C889AEEC0->f4ab3ec0-fcec-4fb2-8953-e521da90d916-AppendLogResponseHandler: Failed appendEntries: org.apache.ratis.thirdparty.io.grpc.StatusRuntimeException: UNAVAILABLE: io exception
2019-11-11 04:08:20,798 [grpc-default-executor-8] INFO  impl.FollowerInfo (FollowerInfo.java:lambda$new$0(51)) - c04805f0-1fdc-4096-9f0e-017639bb4de5@group-A10C889AEEC0->f4ab3ec0-fcec-4fb2-8953-e521da90d916: nextIndex: updateUnconditionally 0 -> 0
2019-11-11 04:08:21,019 [grpc-default-executor-4] WARN  server.GrpcLogAppender (LogUtils.java:warn(134)) - 9a305e64-7592-4199-ba7e-8c2223e9b548@group-F4D747E15FF8->61021d77-0677-40a1-98e7-8ba643935ac0-AppendLogResponseHandler: Failed appendEntries: org.apache.ratis.thirdparty.io.grpc.StatusRuntimeException: UNAVAILABLE: io exception
2019-11-11 04:08:21,020 [grpc-default-executor-4] INFO  impl.FollowerInfo (FollowerInfo.java:lambda$new$0(51)) - 9a305e64-7592-4199-ba7e-8c2223e9b548@group-F4D747E15FF8->61021d77-0677-40a1-98e7-8ba643935ac0: nextIndex: updateUnconditionally 0 -> 0
2019-11-11 04:08:21,020 [grpc-default-executor-8] WARN  server.GrpcLogAppender (LogUtils.java:warn(134)) - 9a305e64-7592-4199-ba7e-8c2223e9b548@group-F4D747E15FF8->f4ab3ec0-fcec-4fb2-8953-e521da90d916-AppendLogResponseHandler: Failed appendEntries: org.apache.ratis.thirdparty.io.grpc.StatusRuntimeException: UNAVAILABLE: io exception
2019-11-11 04:08:21,020 [grpc-default-executor-8] INFO  impl.FollowerInfo (FollowerInfo.java:lambda$new$0(51)) - 9a305e64-7592-4199-ba7e-8c2223e9b548@group-F4D747E15FF8->f4ab3ec0-fcec-4fb2-8953-e521da90d916: nextIndex: updateUnconditionally 0 -> 0
2019-11-11 04:08:21,298 [grpc-default-executor-8] WARN  server.GrpcLogAppender (LogUtils.java:warn(134)) - c04805f0-1fdc-4096-9f0e-017639bb4de5@group-A10C889AEEC0->f4ab3ec0-fcec-4fb2-8953-e521da90d916-AppendLogResponseHandler: Failed appendEntries: org.apache.ratis.thirdparty.io.grpc.StatusRuntimeException: UNAVAILABLE: io exception
2019-11-11 04:08:21,299 [grpc-default-executor-8] INFO  impl.FollowerInfo (FollowerInfo.java:lambda$new$0(51)) - c04805f0-1fdc-4096-9f0e-017639bb4de5@group-A10C889AEEC0->f4ab3ec0-fcec-4fb2-8953-e521da90d916: nextIndex: updateUnconditionally 0 -> 0
2019-11-11 04:08:21,519 [grpc-default-executor-7] WARN  server.GrpcLogAppender (LogUtils.java:warn(134)) - 9a305e64-7592-4199-ba7e-8c2223e9b548@group-F4D747E15FF8->61021d77-0677-40a1-98e7-8ba643935ac0-AppendLogResponseHandler: Failed appendEntries: org.apache.ratis.thirdparty.io.grpc.StatusRuntimeException: UNAVAILABLE: io exception
2019-11-11 04:08:21,519 [grpc-default-executor-8] WARN  server.GrpcLogAppender (LogUtils.java:warn(134)) - 9a305e64-7592-4199-ba7e-8c2223e9b548@group-F4D747E15FF8->f4ab3ec0-fcec-4fb2-8953-e521da90d916-AppendLogResponseHandler: Failed appendEntries: org.apache.ratis.thirdparty.io.grpc.StatusRuntimeException: UNAVAILABLE: io exception
2019-11-11 04:08:21,520 [grpc-default-executor-7] INFO  impl.FollowerInfo (FollowerInfo.java:lambda$new$0(51)) - 9a305e64-7592-4199-ba7e-8c2223e9b548@group-F4D747E15FF8->61021d77-0677-40a1-98e7-8ba643935ac0: nextIndex: updateUnconditionally 0 -> 0
2019-11-11 04:08:21,520 [grpc-default-executor-8] INFO  impl.FollowerInfo (FollowerInfo.java:lambda$new$0(51)) - 9a305e64-7592-4199-ba7e-8c2223e9b548@group-F4D747E15FF8->f4ab3ec0-fcec-4fb2-8953-e521da90d916: nextIndex: updateUnconditionally 0 -> 0
2019-11-11 04:08:21,799 [grpc-default-executor-8] WARN  server.GrpcLogAppender (LogUtils.java:warn(134)) - c04805f0-1fdc-4096-9f0e-017639bb4de5@group-A10C889AEEC0->f4ab3ec0-fcec-4fb2-8953-e521da90d916-AppendLogResponseHandler: Failed appendEntries: org.apache.ratis.thirdparty.io.grpc.StatusRuntimeException: UNAVAILABLE: io exception
2019-11-11 04:08:21,800 [grpc-default-executor-8] INFO  impl.FollowerInfo (FollowerInfo.java:lambda$new$0(51)) - c04805f0-1fdc-4096-9f0e-017639bb4de5@group-A10C889AEEC0->f4ab3ec0-fcec-4fb2-8953-e521da90d916: nextIndex: updateUnconditionally 0 -> 0
2019-11-11 04:08:22,020 [grpc-default-executor-2] WARN  server.GrpcLogAppender (LogUtils.java:warn(134)) - 9a305e64-7592-4199-ba7e-8c2223e9b548@group-F4D747E15FF8->61021d77-0677-40a1-98e7-8ba643935ac0-AppendLogResponseHandler: Failed appendEntries: org.apache.ratis.thirdparty.io.grpc.StatusRuntimeException: UNAVAILABLE: io exception
2019-11-11 04:08:22,020 [grpc-default-executor-5] WARN  server.GrpcLogAppender (LogUtils.java:warn(134)) - 9a305e64-7592-4199-ba7e-8c2223e9b548@group-F4D747E15FF8->f4ab3ec0-fcec-4fb2-8953-e521da90d916-AppendLogResponseHandler: Failed appendEntries: org.apache.ratis.thirdparty.io.grpc.StatusRuntimeException: UNAVAILABLE: io exception
2019-11-11 04:08:22,020 [grpc-default-executor-2] INFO  impl.FollowerInfo (FollowerInfo.java:lambda$new$0(51)) - 9a305e64-7592-4199-ba7e-8c2223e9b548@group-F4D747E15FF8->61021d77-0677-40a1-98e7-8ba643935ac0: nextIndex: updateUnconditionally 0 -> 0
2019-11-11 04:08:22,020 [grpc-default-executor-5] INFO  impl.FollowerInfo (FollowerInfo.java:lambda$new$0(51)) - 9a305e64-7592-4199-ba7e-8c2223e9b548@group-F4D747E15FF8->f4ab3ec0-fcec-4fb2-8953-e521da90d916: nextIndex: updateUnconditionally 0 -> 0
2019-11-11 04:08:22,300 [grpc-default-executor-5] WARN  server.GrpcLogAppender (LogUtils.java:warn(134)) - c04805f0-1fdc-4096-9f0e-017639bb4de5@group-A10C889AEEC0->f4ab3ec0-fcec-4fb2-8953-e521da90d916-AppendLogResponseHandler: Failed appendEntries: org.apache.ratis.thirdparty.io.grpc.StatusRuntimeException: UNAVAILABLE: io exception
2019-11-11 04:08:22,300 [grpc-default-executor-5] INFO  impl.FollowerInfo (FollowerInfo.java:lambda$new$0(51)) - c04805f0-1fdc-4096-9f0e-017639bb4de5@group-A10C889AEEC0->f4ab3ec0-fcec-4fb2-8953-e521da90d916: nextIndex: updateUnconditionally 0 -> 0
2019-11-11 04:08:22,520 [grpc-default-executor-8] WARN  server.GrpcLogAppender (LogUtils.java:warn(134)) - 9a305e64-7592-4199-ba7e-8c2223e9b548@group-F4D747E15FF8->f4ab3ec0-fcec-4fb2-8953-e521da90d916-AppendLogResponseHandler: Failed appendEntries: org.apache.ratis.thirdparty.io.grpc.StatusRuntimeException: UNAVAILABLE: io exception
2019-11-11 04:08:22,520 [grpc-default-executor-7] WARN  server.GrpcLogAppender (LogUtils.java:warn(134)) - 9a305e64-7592-4199-ba7e-8c2223e9b548@group-F4D747E15FF8->61021d77-0677-40a1-98e7-8ba643935ac0-AppendLogResponseHandler: Failed appendEntries: org.apache.ratis.thirdparty.io.grpc.StatusRuntimeException: UNAVAILABLE: io exception
2019-11-11 04:08:22,521 [grpc-default-executor-8] INFO  impl.FollowerInfo (FollowerInfo.java:lambda$new$0(51)) - 9a305e64-7592-4199-ba7e-8c2223e9b548@group-F4D747E15FF8->f4ab3ec0-fcec-4fb2-8953-e521da90d916: nextIndex: updateUnconditionally 0 -> 0
2019-11-11 04:08:22,521 [grpc-default-executor-7] INFO  impl.FollowerInfo (FollowerInfo.java:lambda$new$0(51)) - 9a305e64-7592-4199-ba7e-8c2223e9b548@group-F4D747E15FF8->61021d77-0677-40a1-98e7-8ba643935ac0: nextIndex: updateUnconditionally 0 -> 0
2019-11-11 04:08:22,800 [grpc-default-executor-2] WARN  server.GrpcLogAppender (LogUtils.java:warn(134)) - c04805f0-1fdc-4096-9f0e-017639bb4de5@group-A10C889AEEC0->f4ab3ec0-fcec-4fb2-8953-e521da90d916-AppendLogResponseHandler: Failed appendEntries: org.apache.ratis.thirdparty.io.grpc.StatusRuntimeException: UNAVAILABLE: io exception
2019-11-11 04:08:22,801 [grpc-default-executor-2] INFO  impl.FollowerInfo (FollowerInfo.java:lambda$new$0(51)) - c04805f0-1fdc-4096-9f0e-017639bb4de5@group-A10C889AEEC0->f4ab3ec0-fcec-4fb2-8953-e521da90d916: nextIndex: updateUnconditionally 0 -> 0
2019-11-11 04:08:23,021 [grpc-default-executor-5] WARN  server.GrpcLogAppender (LogUtils.java:warn(134)) - 9a305e64-7592-4199-ba7e-8c2223e9b548@group-F4D747E15FF8->61021d77-0677-40a1-98e7-8ba643935ac0-AppendLogResponseHandler: Failed appendEntries: org.apache.ratis.thirdparty.io.grpc.StatusRuntimeException: UNAVAILABLE: io exception
2019-11-11 04:08:23,021 [grpc-default-executor-2] WARN  server.GrpcLogAppender (LogUtils.java:warn(134)) - 9a305e64-7592-4199-ba7e-8c2223e9b548@group-F4D747E15FF8->f4ab3ec0-fcec-4fb2-8953-e521da90d916-AppendLogResponseHandler: Failed appendEntries: org.apache.ratis.thirdparty.io.grpc.StatusRuntimeException: UNAVAILABLE: io exception
2019-11-11 04:08:23,022 [grpc-default-executor-5] INFO  impl.FollowerInfo (FollowerInfo.java:lambda$new$0(51)) - 9a305e64-7592-4199-ba7e-8c2223e9b548@group-F4D747E15FF8->61021d77-0677-40a1-98e7-8ba643935ac0: nextIndex: updateUnconditionally 0 -> 0
2019-11-11 04:08:23,022 [grpc-default-executor-2] INFO  impl.FollowerInfo (FollowerInfo.java:lambda$new$0(51)) - 9a305e64-7592-4199-ba7e-8c2223e9b548@group-F4D747E15FF8->f4ab3ec0-fcec-4fb2-8953-e521da90d916: nextIndex: updateUnconditionally 0 -> 0
2019-11-11 04:08:23,301 [grpc-default-executor-8] WARN  server.GrpcLogAppender (LogUtils.java:warn(134)) - c04805f0-1fdc-4096-9f0e-017639bb4de5@group-A10C889AEEC0->f4ab3ec0-fcec-4fb2-8953-e521da90d916-AppendLogResponseHandler: Failed appendEntries: org.apache.ratis.thirdparty.io.grpc.StatusRuntimeException: UNAVAILABLE: io exception
2019-11-11 04:08:23,301 [grpc-default-executor-8] INFO  impl.FollowerInfo (FollowerInfo.java:lambda$new$0(51)) - c04805f0-1fdc-4096-9f0e-017639bb4de5@group-A10C889AEEC0->f4ab3ec0-fcec-4fb2-8953-e521da90d916: nextIndex: updateUnconditionally 0 -> 0
2019-11-11 04:08:23,522 [grpc-default-executor-2] WARN  server.GrpcLogAppender (LogUtils.java:warn(134)) - 9a305e64-7592-4199-ba7e-8c2223e9b548@group-F4D747E15FF8->61021d77-0677-40a1-98e7-8ba643935ac0-AppendLogResponseHandler: Failed appendEntries: org.apache.ratis.thirdparty.io.grpc.StatusRuntimeException: UNAVAILABLE: io exception
2019-11-11 04:08:23,522 [grpc-default-executor-8] WARN  server.GrpcLogAppender (LogUtils.java:warn(134)) - 9a305e64-7592-4199-ba7e-8c2223e9b548@group-F4D747E15FF8->f4ab3ec0-fcec-4fb2-8953-e521da90d916-AppendLogResponseHandler: Failed appendEntries: org.apache.ratis.thirdparty.io.grpc.StatusRuntimeException: UNAVAILABLE: io exception
2019-11-11 04:08:23,522 [grpc-default-executor-2] INFO  impl.FollowerInfo (FollowerInfo.java:lambda$new$0(51)) - 9a305e64-7592-4199-ba7e-8c2223e9b548@group-F4D747E15FF8->61021d77-0677-40a1-98e7-8ba643935ac0: nextIndex: updateUnconditionally 0 -> 0
2019-11-11 04:08:23,523 [grpc-default-executor-8] INFO  impl.FollowerInfo (FollowerInfo.java:lambda$new$0(51)) - 9a305e64-7592-4199-ba7e-8c2223e9b548@group-F4D747E15FF8->f4ab3ec0-fcec-4fb2-8953-e521da90d916: nextIndex: updateUnconditionally 0 -> 0
2019-11-11 04:08:23,802 [grpc-default-executor-4] WARN  server.GrpcLogAppender (LogUtils.java:warn(134)) - c04805f0-1fdc-4096-9f0e-017639bb4de5@group-A10C889AEEC0->f4ab3ec0-fcec-4fb2-8953-e521da90d916-AppendLogResponseHandler: Failed appendEntries: org.apache.ratis.thirdparty.io.grpc.StatusRuntimeException: UNAVAILABLE: io exception
2019-11-11 04:08:23,802 [grpc-default-executor-4] INFO  impl.FollowerInfo (FollowerInfo.java:lambda$new$0(51)) - c04805f0-1fdc-4096-9f0e-017639bb4de5@group-A10C889AEEC0->f4ab3ec0-fcec-4fb2-8953-e521da90d916: nextIndex: updateUnconditionally 0 -> 0
2019-11-11 04:08:24,023 [grpc-default-executor-8] WARN  server.GrpcLogAppender (LogUtils.java:warn(134)) - 9a305e64-7592-4199-ba7e-8c2223e9b548@group-F4D747E15FF8->f4ab3ec0-fcec-4fb2-8953-e521da90d916-AppendLogResponseHandler: Failed appendEntries: org.apache.ratis.thirdparty.io.grpc.StatusRuntimeException: UNAVAILABLE: io exception
2019-11-11 04:08:24,023 [grpc-default-executor-7] WARN  server.GrpcLogAppender (LogUtils.java:warn(134)) - 9a305e64-7592-4199-ba7e-8c2223e9b548@group-F4D747E15FF8->61021d77-0677-40a1-98e7-8ba643935ac0-AppendLogResponseHandler: Failed appendEntries: org.apache.ratis.thirdparty.io.grpc.StatusRuntimeException: UNAVAILABLE: io exception
2019-11-11 04:08:24,023 [grpc-default-executor-8] INFO  impl.FollowerInfo (FollowerInfo.java:lambda$new$0(51)) - 9a305e64-7592-4199-ba7e-8c2223e9b548@group-F4D747E15FF8->f4ab3ec0-fcec-4fb2-8953-e521da90d916: nextIndex: updateUnconditionally 0 -> 0
2019-11-11 04:08:24,023 [grpc-default-executor-7] INFO  impl.FollowerInfo (FollowerInfo.java:lambda$new$0(51)) - 9a305e64-7592-4199-ba7e-8c2223e9b548@group-F4D747E15FF8->61021d77-0677-40a1-98e7-8ba643935ac0: nextIndex: updateUnconditionally 0 -> 0
2019-11-11 04:08:24,302 [grpc-default-executor-2] WARN  server.GrpcLogAppender (LogUtils.java:warn(134)) - c04805f0-1fdc-4096-9f0e-017639bb4de5@group-A10C889AEEC0->f4ab3ec0-fcec-4fb2-8953-e521da90d916-AppendLogResponseHandler: Failed appendEntries: org.apache.ratis.thirdparty.io.grpc.StatusRuntimeException: UNAVAILABLE: io exception
2019-11-11 04:08:24,303 [grpc-default-executor-2] INFO  impl.FollowerInfo (FollowerInfo.java:lambda$new$0(51)) - c04805f0-1fdc-4096-9f0e-017639bb4de5@group-A10C889AEEC0->f4ab3ec0-fcec-4fb2-8953-e521da90d916: nextIndex: updateUnconditionally 0 -> 0
2019-11-11 04:08:24,523 [grpc-default-executor-2] WARN  server.GrpcLogAppender (LogUtils.java:warn(134)) - 9a305e64-7592-4199-ba7e-8c2223e9b548@group-F4D747E15FF8->f4ab3ec0-fcec-4fb2-8953-e521da90d916-AppendLogResponseHandler: Failed appendEntries: org.apache.ratis.thirdparty.io.grpc.StatusRuntimeException: UNAVAILABLE: io exception
2019-11-11 04:08:24,523 [grpc-default-executor-7] WARN  server.GrpcLogAppender (LogUtils.java:warn(134)) - 9a305e64-7592-4199-ba7e-8c2223e9b548@group-F4D747E15FF8->61021d77-0677-40a1-98e7-8ba643935ac0-AppendLogResponseHandler: Failed appendEntries: org.apache.ratis.thirdparty.io.grpc.StatusRuntimeException: UNAVAILABLE: io exception
2019-11-11 04:08:24,524 [grpc-default-executor-2] INFO  impl.FollowerInfo (FollowerInfo.java:lambda$new$0(51)) - 9a305e64-7592-4199-ba7e-8c2223e9b548@group-F4D747E15FF8->f4ab3ec0-fcec-4fb2-8953-e521da90d916: nextIndex: updateUnconditionally 0 -> 0
2019-11-11 04:08:24,524 [grpc-default-executor-7] INFO  impl.FollowerInfo (FollowerInfo.java:lambda$new$0(51)) - 9a305e64-7592-4199-ba7e-8c2223e9b548@group-F4D747E15FF8->61021d77-0677-40a1-98e7-8ba643935ac0: nextIndex: updateUnconditionally 0 -> 0
2019-11-11 04:08:24,803 [grpc-default-executor-5] WARN  server.GrpcLogAppender (LogUtils.java:warn(134)) - c04805f0-1fdc-4096-9f0e-017639bb4de5@group-A10C889AEEC0->f4ab3ec0-fcec-4fb2-8953-e521da90d916-AppendLogResponseHandler: Failed appendEntries: org.apache.ratis.thirdparty.io.grpc.StatusRuntimeException: UNAVAILABLE: io exception
2019-11-11 04:08:24,804 [grpc-default-executor-5] INFO  impl.FollowerInfo (FollowerInfo.java:lambda$new$0(51)) - c04805f0-1fdc-4096-9f0e-017639bb4de5@group-A10C889AEEC0->f4ab3ec0-fcec-4fb2-8953-e521da90d916: nextIndex: updateUnconditionally 0 -> 0
2019-11-11 04:08:25,023 [grpc-default-executor-4] WARN  server.GrpcLogAppender (LogUtils.java:warn(134)) - 9a305e64-7592-4199-ba7e-8c2223e9b548@group-F4D747E15FF8->f4ab3ec0-fcec-4fb2-8953-e521da90d916-AppendLogResponseHandler: Failed appendEntries: org.apache.ratis.thirdparty.io.grpc.StatusRuntimeException: UNAVAILABLE: io exception
2019-11-11 04:08:25,023 [grpc-default-executor-7] WARN  server.GrpcLogAppender (LogUtils.java:warn(134)) - 9a305e64-7592-4199-ba7e-8c2223e9b548@group-F4D747E15FF8->61021d77-0677-40a1-98e7-8ba643935ac0-AppendLogResponseHandler: Failed appendEntries: org.apache.ratis.thirdparty.io.grpc.StatusRuntimeException: UNAVAILABLE: io exception
2019-11-11 04:08:25,024 [grpc-default-executor-4] INFO  impl.FollowerInfo (FollowerInfo.java:lambda$new$0(51)) - 9a305e64-7592-4199-ba7e-8c2223e9b548@group-F4D747E15FF8->f4ab3ec0-fcec-4fb2-8953-e521da90d916: nextIndex: updateUnconditionally 0 -> 0
2019-11-11 04:08:25,024 [grpc-default-executor-7] INFO  impl.FollowerInfo (FollowerInfo.java:lambda$new$0(51)) - 9a305e64-7592-4199-ba7e-8c2223e9b548@group-F4D747E15FF8->61021d77-0677-40a1-98e7-8ba643935ac0: nextIndex: updateUnconditionally 0 -> 0
2019-11-11 04:08:25,303 [grpc-default-executor-8] WARN  server.GrpcLogAppender (LogUtils.java:warn(134)) - c04805f0-1fdc-4096-9f0e-017639bb4de5@group-A10C889AEEC0->f4ab3ec0-fcec-4fb2-8953-e521da90d916-AppendLogResponseHandler: Failed appendEntries: org.apache.ratis.thirdparty.io.grpc.StatusRuntimeException: UNAVAILABLE: io exception
2019-11-11 04:08:25,304 [grpc-default-executor-8] INFO  impl.FollowerInfo (FollowerInfo.java:lambda$new$0(51)) - c04805f0-1fdc-4096-9f0e-017639bb4de5@group-A10C889AEEC0->f4ab3ec0-fcec-4fb2-8953-e521da90d916: nextIndex: updateUnconditionally 0 -> 0
2019-11-11 04:08:25,524 [grpc-default-executor-2] WARN  server.GrpcLogAppender (LogUtils.java:warn(134)) - 9a305e64-7592-4199-ba7e-8c2223e9b548@group-F4D747E15FF8->61021d77-0677-40a1-98e7-8ba643935ac0-AppendLogResponseHandler: Failed appendEntries: org.apache.ratis.thirdparty.io.grpc.StatusRuntimeException: UNAVAILABLE: io exception
2019-11-11 04:08:25,524 [grpc-default-executor-7] WARN  server.GrpcLogAppender (LogUtils.java:warn(134)) - 9a305e64-7592-4199-ba7e-8c2223e9b548@group-F4D747E15FF8->f4ab3ec0-fcec-4fb2-8953-e521da90d916-AppendLogResponseHandler: Failed appendEntries: org.apache.ratis.thirdparty.io.grpc.StatusRuntimeException: UNAVAILABLE: io exception
2019-11-11 04:08:25,525 [grpc-default-executor-2] INFO  impl.FollowerInfo (FollowerInfo.java:lambda$new$0(51)) - 9a305e64-7592-4199-ba7e-8c2223e9b548@group-F4D747E15FF8->61021d77-0677-40a1-98e7-8ba643935ac0: nextIndex: updateUnconditionally 0 -> 0
2019-11-11 04:08:25,525 [grpc-default-executor-7] INFO  impl.FollowerInfo (FollowerInfo.java:lambda$new$0(51)) - 9a305e64-7592-4199-ba7e-8c2223e9b548@group-F4D747E15FF8->f4ab3ec0-fcec-4fb2-8953-e521da90d916: nextIndex: updateUnconditionally 0 -> 0
2019-11-11 04:08:25,610 [main] WARN  io.KeyOutputStream (KeyOutputStream.java:handleException(274)) - Encountered exception java.io.IOException: Unexpected Storage Container Exception: java.util.concurrent.CompletionException: java.util.concurrent.CompletionException: org.apache.ratis.protocol.RaftRetryFailureException: Failed RaftClientRequest:client-99675017C943->61021d77-0677-40a1-98e7-8ba643935ac0@group-F4D747E15FF8, cid=58, seq=2*, RW, cmdType: WriteChunk
traceID: "2ef8f1b153f6c765:2ef8f1b153f6c765:0:0"
containerID: 1
datanodeUuid: "61021d77-0677-40a1-98e7-8ba643935ac0"
writeChunk {
  blockID {
    containerID: 1
    localID: 103117308982394887
    blockCommitSequenceId: 0
  }
  chunkData {
    chunkName: "103117308982394887_chunk_1"
    offset: 0
    len: 1048576
    checksumData {
      type: CRC32
      bytesPerChecksum: 1048576
      checksums: "\250\230\322\230"
    }
  }
}
, data.size=1048576 for 10 attempts with RetryLimited(maxAttempts=10, sleepTime=1000ms) on the pipeline Pipeline[ Id: 31ac6f49-abee-419e-8f26-f4d747e15ff8, Nodes: 61021d77-0677-40a1-98e7-8ba643935ac0{ip: 192.168.34.63, host: trunk-nightly-20191111-g5xpl-2663879777, networkLocation: /default-rack, certSerialId: null}f4ab3ec0-fcec-4fb2-8953-e521da90d916{ip: 192.168.34.63, host: trunk-nightly-20191111-g5xpl-2663879777, networkLocation: /default-rack, certSerialId: null}9a305e64-7592-4199-ba7e-8c2223e9b548{ip: 192.168.34.63, host: trunk-nightly-20191111-g5xpl-2663879777, networkLocation: /default-rack, certSerialId: null}, Type:RATIS, Factor:THREE, State:OPEN]. The last committed block length is 0, uncommitted data length is 2097152 retry count 1
2019-11-11 04:08:25,610 [main] INFO  io.BlockOutputStreamEntryPool (BlockOutputStreamEntryPool.java:allocateNewBlock(257)) - Allocating block with ExcludeList {datanodes = [61021d77-0677-40a1-98e7-8ba643935ac0{ip: null, host: null, networkLocation: /default-rack, certSerialId: null}], containerIds = [], pipelineIds = [PipelineID=31ac6f49-abee-419e-8f26-f4d747e15ff8]}
2019-11-11 04:08:25,642 [RATISCREATEPIPELINE1] ERROR pipeline.RatisPipelineProvider (RatisPipelineProvider.java:lambda$null$5(237)) - Failed invoke Ratis rpc org.apache.hadoop.hdds.scm.pipeline.RatisPipelineProvider$$Lambda$222/879409264@3c6565a3 for f4ab3ec0-fcec-4fb2-8953-e521da90d916
java.io.IOException: org.apache.ratis.thirdparty.io.grpc.StatusRuntimeException: UNAVAILABLE: io exception
	at org.apache.ratis.grpc.GrpcUtil.unwrapException(GrpcUtil.java:76)
	at org.apache.ratis.grpc.client.GrpcClientProtocolClient.blockingCall(GrpcClientProtocolClient.java:184)
	at org.apache.ratis.grpc.client.GrpcClientProtocolClient.groupAdd(GrpcClientProtocolClient.java:153)
	at org.apache.ratis.grpc.client.GrpcClientRpc.sendRequest(GrpcClientRpc.java:94)
	at org.apache.ratis.client.impl.RaftClientImpl.sendRequest(RaftClientImpl.java:278)
	at org.apache.ratis.client.impl.RaftClientImpl.groupAdd(RaftClientImpl.java:205)
	at org.apache.hadoop.hdds.scm.pipeline.RatisPipelineProvider.lambda$initializePipeline$4(RatisPipelineProvider.java:198)
	at org.apache.hadoop.hdds.scm.pipeline.RatisPipelineProvider.lambda$null$5(RatisPipelineProvider.java:233)
	at java.util.stream.ForEachOps$ForEachOp$OfRef.accept(ForEachOps.java:183)
	at java.util.ArrayList$ArrayListSpliterator.forEachRemaining(ArrayList.java:1382)
	at java.util.stream.AbstractPipeline.copyInto(AbstractPipeline.java:482)
	at java.util.stream.ForEachOps$ForEachTask.compute(ForEachOps.java:290)
	at java.util.concurrent.CountedCompleter.exec(CountedCompleter.java:731)
	at java.util.concurrent.ForkJoinTask.doExec(ForkJoinTask.java:289)
	at java.util.concurrent.ForkJoinPool$WorkQueue.runTask(ForkJoinPool.java:1056)
	at java.util.concurrent.ForkJoinPool.runWorker(ForkJoinPool.java:1692)
	at java.util.concurrent.ForkJoinWorkerThread.run(ForkJoinWorkerThread.java:157)
Caused by: org.apache.ratis.thirdparty.io.grpc.StatusRuntimeException: UNAVAILABLE: io exception
	at org.apache.ratis.thirdparty.io.grpc.stub.ClientCalls.toStatusRuntimeException(ClientCalls.java:233)
	at org.apache.ratis.thirdparty.io.grpc.stub.ClientCalls.getUnchecked(ClientCalls.java:214)
	at org.apache.ratis.thirdparty.io.grpc.stub.ClientCalls.blockingUnaryCall(ClientCalls.java:139)
	at org.apache.ratis.proto.grpc.AdminProtocolServiceGrpc$AdminProtocolServiceBlockingStub.groupManagement(AdminProtocolServiceGrpc.java:274)
	at org.apache.ratis.grpc.client.GrpcClientProtocolClient.lambda$groupAdd$3(GrpcClientProtocolClient.java:155)
	at org.apache.ratis.grpc.client.GrpcClientProtocolClient.blockingCall(GrpcClientProtocolClient.java:182)
	... 15 more
Caused by: org.apache.ratis.thirdparty.io.netty.channel.AbstractChannel$AnnotatedConnectException: Connection refused: /192.168.34.63:41296
	at sun.nio.ch.SocketChannelImpl.checkConnect(Native Method)
	at sun.nio.ch.SocketChannelImpl.finishConnect(SocketChannelImpl.java:717)
	at org.apache.ratis.thirdparty.io.netty.channel.socket.nio.NioSocketChannel.doFinishConnect(NioSocketChannel.java:327)
	at org.apache.ratis.thirdparty.io.netty.channel.nio.AbstractNioChannel$AbstractNioUnsafe.finishConnect(AbstractNioChannel.java:340)
	at org.apache.ratis.thirdparty.io.netty.channel.nio.NioEventLoop.processSelectedKey(NioEventLoop.java:632)
	at org.apache.ratis.thirdparty.io.netty.channel.nio.NioEventLoop.processSelectedKeysOptimized(NioEventLoop.java:579)
	at org.apache.ratis.thirdparty.io.netty.channel.nio.NioEventLoop.processSelectedKeys(NioEventLoop.java:496)
	at org.apache.ratis.thirdparty.io.netty.channel.nio.NioEventLoop.run(NioEventLoop.java:458)
	at org.apache.ratis.thirdparty.io.netty.util.concurrent.SingleThreadEventExecutor$5.run(SingleThreadEventExecutor.java:897)
	at org.apache.ratis.thirdparty.io.netty.util.concurrent.FastThreadLocalRunnable.run(FastThreadLocalRunnable.java:30)
	at java.lang.Thread.run(Thread.java:748)
Caused by: java.net.ConnectException: Connection refused
	... 11 more
2019-11-11 04:08:25,646 [grpc-default-executor-2] INFO  impl.RaftServerProxy (RaftServerProxy.java:addNew(89)) - 9a305e64-7592-4199-ba7e-8c2223e9b548: addNew group-D5F2B638C171:[9a305e64-7592-4199-ba7e-8c2223e9b548:192.168.34.63:35969, c04805f0-1fdc-4096-9f0e-017639bb4de5:192.168.34.63:44743, f4ab3ec0-fcec-4fb2-8953-e521da90d916:192.168.34.63:41296] returns group-D5F2B638C171:java.util.concurrent.CompletableFuture@45fb4709[Not completed]
2019-11-11 04:08:25,646 [grpc-default-executor-7] INFO  impl.RaftServerProxy (RaftServerProxy.java:addNew(89)) - c04805f0-1fdc-4096-9f0e-017639bb4de5: addNew group-D5F2B638C171:[9a305e64-7592-4199-ba7e-8c2223e9b548:192.168.34.63:35969, c04805f0-1fdc-4096-9f0e-017639bb4de5:192.168.34.63:44743, f4ab3ec0-fcec-4fb2-8953-e521da90d916:192.168.34.63:41296] returns group-D5F2B638C171:java.util.concurrent.CompletableFuture@56ff759c[Not completed]
2019-11-11 04:08:25,647 [pool-97-thread-1] INFO  impl.RaftServerImpl (RaftServerImpl.java:<init>(98)) - 9a305e64-7592-4199-ba7e-8c2223e9b548: new RaftServerImpl for group-D5F2B638C171:[9a305e64-7592-4199-ba7e-8c2223e9b548:192.168.34.63:35969, c04805f0-1fdc-4096-9f0e-017639bb4de5:192.168.34.63:44743, f4ab3ec0-fcec-4fb2-8953-e521da90d916:192.168.34.63:41296] with ContainerStateMachine:uninitialized
2019-11-11 04:08:25,647 [pool-97-thread-1] INFO  server.RaftServerConfigKeys (ConfUtils.java:logGet(43)) - raft.server.rpc.timeout.min = 1s (custom)
2019-11-11 04:08:25,647 [pool-97-thread-1] INFO  server.RaftServerConfigKeys (ConfUtils.java:logGet(43)) - raft.server.rpc.timeout.max = 1200ms (custom)
2019-11-11 04:08:25,647 [pool-97-thread-1] INFO  server.RaftServerConfigKeys (ConfUtils.java:logGet(43)) - raft.server.rpcslowness.timeout = 120s (custom)
2019-11-11 04:08:25,648 [pool-97-thread-1] INFO  server.RaftServerConfigKeys (ConfUtils.java:logGet(43)) - raft.server.sleep.deviation.threshold = 300 (default)
2019-11-11 04:08:25,648 [pool-97-thread-1] INFO  server.RaftServerConfigKeys (ConfUtils.java:logGet(43)) - raft.server.log.appender.install.snapshot.enabled = false (custom)
2019-11-11 04:08:25,648 [pool-97-thread-1] INFO  impl.RaftServerImpl (ServerState.java:<init>(103)) - 9a305e64-7592-4199-ba7e-8c2223e9b548@group-D5F2B638C171: ConfigurationManager, init=-1: [9a305e64-7592-4199-ba7e-8c2223e9b548:192.168.34.63:35969, c04805f0-1fdc-4096-9f0e-017639bb4de5:192.168.34.63:44743, f4ab3ec0-fcec-4fb2-8953-e521da90d916:192.168.34.63:41296], old=null, confs=<EMPTY_MAP>
2019-11-11 04:08:25,648 [pool-87-thread-1] INFO  impl.RaftServerImpl (RaftServerImpl.java:<init>(98)) - c04805f0-1fdc-4096-9f0e-017639bb4de5: new RaftServerImpl for group-D5F2B638C171:[9a305e64-7592-4199-ba7e-8c2223e9b548:192.168.34.63:35969, c04805f0-1fdc-4096-9f0e-017639bb4de5:192.168.34.63:44743, f4ab3ec0-fcec-4fb2-8953-e521da90d916:192.168.34.63:41296] with ContainerStateMachine:uninitialized
2019-11-11 04:08:25,648 [pool-97-thread-1] INFO  server.RaftServerConfigKeys (ConfUtils.java:logGet(43)) - raft.server.storage.dir = [/workdir/hadoop-ozone/integration-test/target/test-dir/MiniOzoneClusterImpl-6985d1c7-7309-41e2-b49d-91e186e08ffa/datanode-7/data/ratis] (custom)
2019-11-11 04:08:25,648 [pool-87-thread-1] INFO  server.RaftServerConfigKeys (ConfUtils.java:logGet(43)) - raft.server.rpc.timeout.min = 1s (custom)
2019-11-11 04:08:25,648 [pool-87-thread-1] INFO  server.RaftServerConfigKeys (ConfUtils.java:logGet(43)) - raft.server.rpc.timeout.max = 1200ms (custom)
2019-11-11 04:08:25,648 [pool-97-thread-1] INFO  server.RaftServerConfigKeys (ConfUtils.java:logGet(43)) - raft.server.log.corruption.policy = EXCEPTION (default)
2019-11-11 04:08:25,648 [pool-87-thread-1] INFO  server.RaftServerConfigKeys (ConfUtils.java:logGet(43)) - raft.server.rpcslowness.timeout = 120s (custom)
2019-11-11 04:08:25,648 [pool-87-thread-1] INFO  server.RaftServerConfigKeys (ConfUtils.java:logGet(43)) - raft.server.sleep.deviation.threshold = 300 (default)
2019-11-11 04:08:25,648 [pool-97-thread-1] INFO  storage.RaftStorageDirectory (RaftStorageDirectory.java:analyzeStorage(246)) - The storage directory /workdir/hadoop-ozone/integration-test/target/test-dir/MiniOzoneClusterImpl-6985d1c7-7309-41e2-b49d-91e186e08ffa/datanode-7/data/ratis/f7c3cacd-4d1a-4e3c-9f6f-d5f2b638c171 does not exist. Creating ...
2019-11-11 04:08:25,649 [pool-87-thread-1] INFO  server.RaftServerConfigKeys (ConfUtils.java:logGet(43)) - raft.server.log.appender.install.snapshot.enabled = false (custom)
2019-11-11 04:08:25,649 [pool-87-thread-1] INFO  impl.RaftServerImpl (ServerState.java:<init>(103)) - c04805f0-1fdc-4096-9f0e-017639bb4de5@group-D5F2B638C171: ConfigurationManager, init=-1: [9a305e64-7592-4199-ba7e-8c2223e9b548:192.168.34.63:35969, c04805f0-1fdc-4096-9f0e-017639bb4de5:192.168.34.63:44743, f4ab3ec0-fcec-4fb2-8953-e521da90d916:192.168.34.63:41296], old=null, confs=<EMPTY_MAP>
2019-11-11 04:08:25,649 [pool-87-thread-1] INFO  server.RaftServerConfigKeys (ConfUtils.java:logGet(43)) - raft.server.storage.dir = [/workdir/hadoop-ozone/integration-test/target/test-dir/MiniOzoneClusterImpl-6985d1c7-7309-41e2-b49d-91e186e08ffa/datanode-6/data/ratis] (custom)
2019-11-11 04:08:25,649 [pool-87-thread-1] INFO  server.RaftServerConfigKeys (ConfUtils.java:logGet(43)) - raft.server.log.corruption.policy = EXCEPTION (default)
2019-11-11 04:08:25,649 [pool-87-thread-1] INFO  storage.RaftStorageDirectory (RaftStorageDirectory.java:analyzeStorage(246)) - The storage directory /workdir/hadoop-ozone/integration-test/target/test-dir/MiniOzoneClusterImpl-6985d1c7-7309-41e2-b49d-91e186e08ffa/datanode-6/data/ratis/f7c3cacd-4d1a-4e3c-9f6f-d5f2b638c171 does not exist. Creating ...
2019-11-11 04:08:25,662 [pool-87-thread-1] INFO  storage.RaftStorageDirectory (RaftStorageDirectory.java:tryLock(328)) - Lock on /workdir/hadoop-ozone/integration-test/target/test-dir/MiniOzoneClusterImpl-6985d1c7-7309-41e2-b49d-91e186e08ffa/datanode-6/data/ratis/f7c3cacd-4d1a-4e3c-9f6f-d5f2b638c171/in_use.lock acquired by nodename 22000@trunk-nightly-20191111-g5xpl-2663879777
2019-11-11 04:08:25,662 [pool-97-thread-1] INFO  storage.RaftStorageDirectory (RaftStorageDirectory.java:tryLock(328)) - Lock on /workdir/hadoop-ozone/integration-test/target/test-dir/MiniOzoneClusterImpl-6985d1c7-7309-41e2-b49d-91e186e08ffa/datanode-7/data/ratis/f7c3cacd-4d1a-4e3c-9f6f-d5f2b638c171/in_use.lock acquired by nodename 22000@trunk-nightly-20191111-g5xpl-2663879777
2019-11-11 04:08:25,675 [pool-87-thread-1] INFO  storage.RaftStorage (RaftStorage.java:format(84)) - Storage directory /workdir/hadoop-ozone/integration-test/target/test-dir/MiniOzoneClusterImpl-6985d1c7-7309-41e2-b49d-91e186e08ffa/datanode-6/data/ratis/f7c3cacd-4d1a-4e3c-9f6f-d5f2b638c171 has been successfully formatted.
2019-11-11 04:08:25,675 [pool-97-thread-1] INFO  storage.RaftStorage (RaftStorage.java:format(84)) - Storage directory /workdir/hadoop-ozone/integration-test/target/test-dir/MiniOzoneClusterImpl-6985d1c7-7309-41e2-b49d-91e186e08ffa/datanode-7/data/ratis/f7c3cacd-4d1a-4e3c-9f6f-d5f2b638c171 has been successfully formatted.
2019-11-11 04:08:25,676 [pool-87-thread-1] INFO  ratis.ContainerStateMachine (ContainerStateMachine.java:loadSnapshot(221)) - group-D5F2B638C171: The snapshot info is null. Setting the last applied indexto:(t:0, i:~)
2019-11-11 04:08:25,676 [pool-97-thread-1] INFO  ratis.ContainerStateMachine (ContainerStateMachine.java:loadSnapshot(221)) - group-D5F2B638C171: The snapshot info is null. Setting the last applied indexto:(t:0, i:~)
2019-11-11 04:08:25,676 [pool-87-thread-1] INFO  server.RaftServerConfigKeys (ConfUtils.java:logGet(43)) - raft.server.notification.no-leader.timeout = 120s (custom)
2019-11-11 04:08:25,676 [pool-97-thread-1] INFO  server.RaftServerConfigKeys (ConfUtils.java:logGet(43)) - raft.server.notification.no-leader.timeout = 120s (custom)
2019-11-11 04:08:25,676 [pool-87-thread-1] INFO  server.RaftServerConfigKeys (ConfUtils.java:logGet(43)) - raft.server.log.use.memory = false (default)
2019-11-11 04:08:25,676 [pool-97-thread-1] INFO  server.RaftServerConfigKeys (ConfUtils.java:logGet(43)) - raft.server.log.use.memory = false (default)
2019-11-11 04:08:25,676 [pool-87-thread-1] INFO  server.RaftServerConfigKeys (ConfUtils.java:logGet(43)) - raft.server.log.purge.gap = 1000000 (custom)
2019-11-11 04:08:25,676 [pool-97-thread-1] INFO  server.RaftServerConfigKeys (ConfUtils.java:logGet(43)) - raft.server.log.purge.gap = 1000000 (custom)
2019-11-11 04:08:25,676 [pool-87-thread-1] INFO  server.RaftServerConfigKeys (ConfUtils.java:logGet(43)) - raft.server.log.appender.buffer.byte-limit = 33554432 (custom)
2019-11-11 04:08:25,676 [pool-97-thread-1] INFO  server.RaftServerConfigKeys (ConfUtils.java:logGet(43)) - raft.server.log.appender.buffer.byte-limit = 33554432 (custom)
2019-11-11 04:08:25,676 [pool-87-thread-1] INFO  server.RaftServerConfigKeys (ConfUtils.java:logGet(43)) - raft.server.log.segment.size.max = 1048576 (custom)
2019-11-11 04:08:25,676 [pool-97-thread-1] INFO  server.RaftServerConfigKeys (ConfUtils.java:logGet(43)) - raft.server.log.segment.size.max = 1048576 (custom)
2019-11-11 04:08:25,677 [pool-87-thread-1] INFO  server.RaftServerConfigKeys (ConfUtils.java:logGet(43)) - raft.server.log.segment.cache.num.max = 2 (custom)
2019-11-11 04:08:25,677 [pool-97-thread-1] INFO  server.RaftServerConfigKeys (ConfUtils.java:logGet(43)) - raft.server.log.segment.cache.num.max = 2 (custom)
2019-11-11 04:08:25,677 [pool-87-thread-1] INFO  segmented.SegmentedRaftLogWorker (SegmentedRaftLogWorker.java:<init>(173)) - new c04805f0-1fdc-4096-9f0e-017639bb4de5@group-D5F2B638C171-SegmentedRaftLogWorker for RaftStorage:Storage Directory /workdir/hadoop-ozone/integration-test/target/test-dir/MiniOzoneClusterImpl-6985d1c7-7309-41e2-b49d-91e186e08ffa/datanode-6/data/ratis/f7c3cacd-4d1a-4e3c-9f6f-d5f2b638c171
2019-11-11 04:08:25,677 [pool-97-thread-1] INFO  segmented.SegmentedRaftLogWorker (SegmentedRaftLogWorker.java:<init>(173)) - new 9a305e64-7592-4199-ba7e-8c2223e9b548@group-D5F2B638C171-SegmentedRaftLogWorker for RaftStorage:Storage Directory /workdir/hadoop-ozone/integration-test/target/test-dir/MiniOzoneClusterImpl-6985d1c7-7309-41e2-b49d-91e186e08ffa/datanode-7/data/ratis/f7c3cacd-4d1a-4e3c-9f6f-d5f2b638c171
2019-11-11 04:08:25,677 [pool-87-thread-1] INFO  server.RaftServerConfigKeys (ConfUtils.java:logGet(43)) - raft.server.log.queue.byte-limit = 2147483647 (custom)
2019-11-11 04:08:25,677 [pool-97-thread-1] INFO  server.RaftServerConfigKeys (ConfUtils.java:logGet(43)) - raft.server.log.queue.byte-limit = 2147483647 (custom)
2019-11-11 04:08:25,677 [pool-87-thread-1] INFO  server.RaftServerConfigKeys (ConfUtils.java:logGet(43)) - raft.server.log.queue.element-limit = 1024 (custom)
2019-11-11 04:08:25,677 [pool-97-thread-1] INFO  server.RaftServerConfigKeys (ConfUtils.java:logGet(43)) - raft.server.log.queue.element-limit = 1024 (custom)
2019-11-11 04:08:25,677 [pool-87-thread-1] INFO  server.RaftServerConfigKeys (ConfUtils.java:logGet(43)) - raft.server.log.segment.size.max = 1048576 (custom)
2019-11-11 04:08:25,677 [pool-97-thread-1] INFO  server.RaftServerConfigKeys (ConfUtils.java:logGet(43)) - raft.server.log.segment.size.max = 1048576 (custom)
2019-11-11 04:08:25,677 [pool-87-thread-1] INFO  server.RaftServerConfigKeys (ConfUtils.java:logGet(43)) - raft.server.log.preallocated.size = 16384 (custom)
2019-11-11 04:08:25,677 [pool-97-thread-1] INFO  server.RaftServerConfigKeys (ConfUtils.java:logGet(43)) - raft.server.log.preallocated.size = 16384 (custom)
2019-11-11 04:08:25,678 [pool-87-thread-1] INFO  server.RaftServerConfigKeys (ConfUtils.java:logGet(43)) - raft.server.log.write.buffer.size = 33554432 (custom)
2019-11-11 04:08:25,678 [pool-97-thread-1] INFO  server.RaftServerConfigKeys (ConfUtils.java:logGet(43)) - raft.server.log.write.buffer.size = 33554432 (custom)
2019-11-11 04:08:25,678 [pool-87-thread-1] INFO  server.RaftServerConfigKeys (ConfUtils.java:logGet(43)) - raft.server.log.force.sync.num = 128 (default)
2019-11-11 04:08:25,678 [pool-97-thread-1] INFO  server.RaftServerConfigKeys (ConfUtils.java:logGet(43)) - raft.server.log.force.sync.num = 128 (default)
2019-11-11 04:08:25,678 [pool-87-thread-1] INFO  server.RaftServerConfigKeys (ConfUtils.java:logGet(43)) - raft.server.log.statemachine.data.sync = true (default)
2019-11-11 04:08:25,678 [pool-97-thread-1] INFO  server.RaftServerConfigKeys (ConfUtils.java:logGet(43)) - raft.server.log.statemachine.data.sync = true (default)
2019-11-11 04:08:25,678 [pool-87-thread-1] INFO  server.RaftServerConfigKeys (ConfUtils.java:logGet(43)) - raft.server.log.statemachine.data.sync.timeout = 10s (default)
2019-11-11 04:08:25,678 [pool-97-thread-1] INFO  server.RaftServerConfigKeys (ConfUtils.java:logGet(43)) - raft.server.log.statemachine.data.sync.timeout = 10s (default)
2019-11-11 04:08:25,678 [pool-87-thread-1] INFO  server.RaftServerConfigKeys (ConfUtils.java:logGet(43)) - raft.server.log.statemachine.data.sync.timeout.retry = -1 (default)
2019-11-11 04:08:25,678 [pool-97-thread-1] INFO  server.RaftServerConfigKeys (ConfUtils.java:logGet(43)) - raft.server.log.statemachine.data.sync.timeout.retry = -1 (default)
2019-11-11 04:08:25,678 [pool-87-thread-1] INFO  server.RaftServerConfigKeys (ConfUtils.java:logGet(43)) - raft.server.log.statemachine.data.caching.enabled = true (custom)
2019-11-11 04:08:25,678 [pool-97-thread-1] INFO  server.RaftServerConfigKeys (ConfUtils.java:logGet(43)) - raft.server.log.statemachine.data.caching.enabled = true (custom)
2019-11-11 04:08:25,679 [pool-87-thread-1] INFO  segmented.SegmentedRaftLogWorker (SegmentedRaftLogWorker.java:lambda$new$0(128)) - c04805f0-1fdc-4096-9f0e-017639bb4de5@group-D5F2B638C171-SegmentedRaftLogWorker: flushIndex: setUnconditionally 0 -> -1
2019-11-11 04:08:25,679 [pool-97-thread-1] INFO  segmented.SegmentedRaftLogWorker (SegmentedRaftLogWorker.java:lambda$new$0(128)) - 9a305e64-7592-4199-ba7e-8c2223e9b548@group-D5F2B638C171-SegmentedRaftLogWorker: flushIndex: setUnconditionally 0 -> -1
2019-11-11 04:08:25,679 [pool-87-thread-1] INFO  server.RaftServerConfigKeys (ConfUtils.java:logGet(43)) - raft.server.snapshot.auto.trigger.enabled = true (custom)
2019-11-11 04:08:25,679 [pool-87-thread-1] INFO  server.RaftServerConfigKeys (ConfUtils.java:logGet(43)) - raft.server.snapshot.auto.trigger.threshold = 10000 (custom)
2019-11-11 04:08:25,679 [pool-97-thread-1] INFO  server.RaftServerConfigKeys (ConfUtils.java:logGet(43)) - raft.server.snapshot.auto.trigger.enabled = true (custom)
2019-11-11 04:08:25,679 [pool-87-thread-1] INFO  server.RaftServerConfigKeys (ConfUtils.java:logGet(43)) - raft.server.snapshot.retention.file.num = 5 (custom)
2019-11-11 04:08:25,679 [pool-97-thread-1] INFO  server.RaftServerConfigKeys (ConfUtils.java:logGet(43)) - raft.server.snapshot.auto.trigger.threshold = 10000 (custom)
2019-11-11 04:08:25,679 [pool-87-thread-1] INFO  server.RaftServerConfigKeys (ConfUtils.java:logGet(43)) - raft.server.retrycache.expirytime = 600000ms (custom)
2019-11-11 04:08:25,679 [pool-97-thread-1] INFO  server.RaftServerConfigKeys (ConfUtils.java:logGet(43)) - raft.server.snapshot.retention.file.num = 5 (custom)
2019-11-11 04:08:25,679 [pool-87-thread-1] WARN  impl.MetricRegistriesImpl (MetricRegistriesImpl.java:lambda$create$1(61)) - First MetricRegistry has been created without registering reporters. You may need to call MetricRegistries.global().addReportRegistration(...) before.
2019-11-11 04:08:25,680 [pool-97-thread-1] INFO  server.RaftServerConfigKeys (ConfUtils.java:logGet(43)) - raft.server.retrycache.expirytime = 600000ms (custom)
2019-11-11 04:08:25,680 [pool-87-thread-1] WARN  impl.MetricRegistriesImpl (MetricRegistriesImpl.java:lambda$create$1(61)) - First MetricRegistry has been created without registering reporters. You may need to call MetricRegistries.global().addReportRegistration(...) before.
2019-11-11 04:08:25,680 [pool-97-thread-1] WARN  impl.MetricRegistriesImpl (MetricRegistriesImpl.java:lambda$create$1(61)) - First MetricRegistry has been created without registering reporters. You may need to call MetricRegistries.global().addReportRegistration(...) before.
2019-11-11 04:08:25,680 [pool-87-thread-1] INFO  impl.RaftServerImpl (RaftServerImpl.java:start(184)) - c04805f0-1fdc-4096-9f0e-017639bb4de5@group-D5F2B638C171: start as a follower, conf=-1: [9a305e64-7592-4199-ba7e-8c2223e9b548:192.168.34.63:35969, c04805f0-1fdc-4096-9f0e-017639bb4de5:192.168.34.63:44743, f4ab3ec0-fcec-4fb2-8953-e521da90d916:192.168.34.63:41296], old=null
2019-11-11 04:08:25,680 [pool-97-thread-1] WARN  impl.MetricRegistriesImpl (MetricRegistriesImpl.java:lambda$create$1(61)) - First MetricRegistry has been created without registering reporters. You may need to call MetricRegistries.global().addReportRegistration(...) before.
2019-11-11 04:08:25,680 [pool-87-thread-1] INFO  impl.RaftServerImpl (RaftServerImpl.java:setRole(173)) - c04805f0-1fdc-4096-9f0e-017639bb4de5@group-D5F2B638C171: changes role from      null to FOLLOWER at term 0 for startAsFollower
2019-11-11 04:08:25,680 [pool-97-thread-1] INFO  impl.RaftServerImpl (RaftServerImpl.java:start(184)) - 9a305e64-7592-4199-ba7e-8c2223e9b548@group-D5F2B638C171: start as a follower, conf=-1: [9a305e64-7592-4199-ba7e-8c2223e9b548:192.168.34.63:35969, c04805f0-1fdc-4096-9f0e-017639bb4de5:192.168.34.63:44743, f4ab3ec0-fcec-4fb2-8953-e521da90d916:192.168.34.63:41296], old=null
2019-11-11 04:08:25,680 [pool-87-thread-1] INFO  impl.RoleInfo (RoleInfo.java:updateAndGet(143)) - c04805f0-1fdc-4096-9f0e-017639bb4de5: start FollowerState
2019-11-11 04:08:25,680 [pool-97-thread-1] INFO  impl.RaftServerImpl (RaftServerImpl.java:setRole(173)) - 9a305e64-7592-4199-ba7e-8c2223e9b548@group-D5F2B638C171: changes role from      null to FOLLOWER at term 0 for startAsFollower
2019-11-11 04:08:25,680 [pool-97-thread-1] INFO  impl.RoleInfo (RoleInfo.java:updateAndGet(143)) - 9a305e64-7592-4199-ba7e-8c2223e9b548: start FollowerState
2019-11-11 04:08:25,680 [pool-87-thread-1] INFO  util.JmxRegister (JmxRegister.java:tryRegister(44)) - Successfully registered JMX Bean with object name Ratis:service=RaftServer,group=group-D5F2B638C171,id=c04805f0-1fdc-4096-9f0e-017639bb4de5
2019-11-11 04:08:25,681 [pool-87-thread-1] WARN  impl.MetricRegistriesImpl (MetricRegistriesImpl.java:lambda$create$1(61)) - First MetricRegistry has been created without registering reporters. You may need to call MetricRegistries.global().addReportRegistration(...) before.
2019-11-11 04:08:25,681 [pool-97-thread-1] INFO  util.JmxRegister (JmxRegister.java:tryRegister(44)) - Successfully registered JMX Bean with object name Ratis:service=RaftServer,group=group-D5F2B638C171,id=9a305e64-7592-4199-ba7e-8c2223e9b548
2019-11-11 04:08:25,681 [pool-97-thread-1] WARN  impl.MetricRegistriesImpl (MetricRegistriesImpl.java:lambda$create$1(61)) - First MetricRegistry has been created without registering reporters. You may need to call MetricRegistries.global().addReportRegistration(...) before.
2019-11-11 04:08:25,688 [IPC Server handler 3 on 38115] WARN  block.BlockManagerImpl (BlockManagerImpl.java:allocateBlock(200)) - Pipeline creation failed for type:RATIS factor:THREE. Retrying get pipelines call once.
java.io.IOException: Failed invoke Ratis rpc org.apache.hadoop.hdds.scm.pipeline.RatisPipelineProvider$$Lambda$222/879409264@3c6565a3 for f4ab3ec0-fcec-4fb2-8953-e521da90d916
	at org.apache.hadoop.hdds.scm.pipeline.RatisPipelineProvider.lambda$null$5(RatisPipelineProvider.java:238)
	at java.util.stream.ForEachOps$ForEachOp$OfRef.accept(ForEachOps.java:183)
	at java.util.ArrayList$ArrayListSpliterator.forEachRemaining(ArrayList.java:1382)
	at java.util.stream.AbstractPipeline.copyInto(AbstractPipeline.java:482)
	at java.util.stream.ForEachOps$ForEachTask.compute(ForEachOps.java:290)
	at java.util.concurrent.CountedCompleter.exec(CountedCompleter.java:731)
	at java.util.concurrent.ForkJoinTask.doExec(ForkJoinTask.java:289)
	at java.util.concurrent.ForkJoinPool$WorkQueue.runTask(ForkJoinPool.java:1056)
	at java.util.concurrent.ForkJoinPool.runWorker(ForkJoinPool.java:1692)
	at java.util.concurrent.ForkJoinWorkerThread.run(ForkJoinWorkerThread.java:157)
Caused by: java.io.IOException: org.apache.ratis.thirdparty.io.grpc.StatusRuntimeException: UNAVAILABLE: io exception
	at org.apache.ratis.grpc.GrpcUtil.unwrapException(GrpcUtil.java:76)
	at org.apache.ratis.grpc.client.GrpcClientProtocolClient.blockingCall(GrpcClientProtocolClient.java:184)
	at org.apache.ratis.grpc.client.GrpcClientProtocolClient.groupAdd(GrpcClientProtocolClient.java:153)
	at org.apache.ratis.grpc.client.GrpcClientRpc.sendRequest(GrpcClientRpc.java:94)
	at org.apache.ratis.client.impl.RaftClientImpl.sendRequest(RaftClientImpl.java:278)
	at org.apache.ratis.client.impl.RaftClientImpl.groupAdd(RaftClientImpl.java:205)
	at org.apache.hadoop.hdds.scm.pipeline.RatisPipelineProvider.lambda$initializePipeline$4(RatisPipelineProvider.java:198)
	at org.apache.hadoop.hdds.scm.pipeline.RatisPipelineProvider.lambda$null$5(RatisPipelineProvider.java:233)
	... 9 more
Caused by: org.apache.ratis.thirdparty.io.grpc.StatusRuntimeException: UNAVAILABLE: io exception
	at org.apache.ratis.thirdparty.io.grpc.stub.ClientCalls.toStatusRuntimeException(ClientCalls.java:233)
	at org.apache.ratis.thirdparty.io.grpc.stub.ClientCalls.getUnchecked(ClientCalls.java:214)
	at org.apache.ratis.thirdparty.io.grpc.stub.ClientCalls.blockingUnaryCall(ClientCalls.java:139)
	at org.apache.ratis.proto.grpc.AdminProtocolServiceGrpc$AdminProtocolServiceBlockingStub.groupManagement(AdminProtocolServiceGrpc.java:274)
	at org.apache.ratis.grpc.client.GrpcClientProtocolClient.lambda$groupAdd$3(GrpcClientProtocolClient.java:155)
	at org.apache.ratis.grpc.client.GrpcClientProtocolClient.blockingCall(GrpcClientProtocolClient.java:182)
	... 15 more
Caused by: org.apache.ratis.thirdparty.io.netty.channel.AbstractChannel$AnnotatedConnectException: Connection refused: /192.168.34.63:41296
	at sun.nio.ch.SocketChannelImpl.checkConnect(Native Method)
	at sun.nio.ch.SocketChannelImpl.finishConnect(SocketChannelImpl.java:717)
	at org.apache.ratis.thirdparty.io.netty.channel.socket.nio.NioSocketChannel.doFinishConnect(NioSocketChannel.java:327)
	at org.apache.ratis.thirdparty.io.netty.channel.nio.AbstractNioChannel$AbstractNioUnsafe.finishConnect(AbstractNioChannel.java:340)
	at org.apache.ratis.thirdparty.io.netty.channel.nio.NioEventLoop.processSelectedKey(NioEventLoop.java:632)
	at org.apache.ratis.thirdparty.io.netty.channel.nio.NioEventLoop.processSelectedKeysOptimized(NioEventLoop.java:579)
	at org.apache.ratis.thirdparty.io.netty.channel.nio.NioEventLoop.processSelectedKeys(NioEventLoop.java:496)
	at org.apache.ratis.thirdparty.io.netty.channel.nio.NioEventLoop.run(NioEventLoop.java:458)
	at org.apache.ratis.thirdparty.io.netty.util.concurrent.SingleThreadEventExecutor$5.run(SingleThreadEventExecutor.java:897)
	at org.apache.ratis.thirdparty.io.netty.util.concurrent.FastThreadLocalRunnable.run(FastThreadLocalRunnable.java:30)
	at java.lang.Thread.run(Thread.java:748)
Caused by: java.net.ConnectException: Connection refused
	... 11 more
2019-11-11 04:08:25,690 [IPC Server handler 3 on 38115] INFO  block.BlockManagerImpl (BlockManagerImpl.java:allocateBlock(212)) - Could not find available pipeline of type:RATIS and factor:THREE even after retrying
2019-11-11 04:08:25,690 [IPC Server handler 3 on 38115] ERROR block.BlockManagerImpl (BlockManagerImpl.java:allocateBlock(236)) - Unable to allocate a block for the size: 4194304, type: RATIS, factor: THREE
2019-11-11 04:08:25,694 [main] ERROR io.BlockOutputStreamEntryPool (BlockOutputStreamEntryPool.java:allocateBlockIfNeeded(310)) - Try to allocate more blocks for write failed, already allocated 0 blocks for this write.
INTERNAL_ERROR org.apache.hadoop.ozone.om.exceptions.OMException: Allocated 0 blocks. Requested 1 blocks
	at org.apache.hadoop.ozone.om.protocolPB.OzoneManagerProtocolClientSideTranslatorPB.handleError(OzoneManagerProtocolClientSideTranslatorPB.java:761)
	at org.apache.hadoop.ozone.om.protocolPB.OzoneManagerProtocolClientSideTranslatorPB.allocateBlock(OzoneManagerProtocolClientSideTranslatorPB.java:793)
	at sun.reflect.NativeMethodAccessorImpl.invoke0(Native Method)
	at sun.reflect.NativeMethodAccessorImpl.invoke(NativeMethodAccessorImpl.java:62)
	at sun.reflect.DelegatingMethodAccessorImpl.invoke(DelegatingMethodAccessorImpl.java:43)
	at java.lang.reflect.Method.invoke(Method.java:498)
	at org.apache.hadoop.hdds.tracing.TraceAllMethod.invoke(TraceAllMethod.java:66)
	at com.sun.proxy.$Proxy36.allocateBlock(Unknown Source)
	at org.apache.hadoop.ozone.client.io.BlockOutputStreamEntryPool.allocateNewBlock(BlockOutputStreamEntryPool.java:259)
	at org.apache.hadoop.ozone.client.io.BlockOutputStreamEntryPool.allocateBlockIfNeeded(BlockOutputStreamEntryPool.java:307)
	at org.apache.hadoop.ozone.client.io.KeyOutputStream.handleWrite(KeyOutputStream.java:198)
	at org.apache.hadoop.ozone.client.io.KeyOutputStream.handleRetry(KeyOutputStream.java:375)
	at org.apache.hadoop.ozone.client.io.KeyOutputStream.handleException(KeyOutputStream.java:324)
	at org.apache.hadoop.ozone.client.io.KeyOutputStream.handleWrite(KeyOutputStream.java:228)
	at org.apache.hadoop.ozone.client.io.KeyOutputStream.handleRetry(KeyOutputStream.java:375)
	at org.apache.hadoop.ozone.client.io.KeyOutputStream.handleException(KeyOutputStream.java:324)
	at org.apache.hadoop.ozone.client.io.KeyOutputStream.handleWrite(KeyOutputStream.java:228)
	at org.apache.hadoop.ozone.client.io.KeyOutputStream.write(KeyOutputStream.java:190)
	at org.apache.hadoop.ozone.client.io.OzoneOutputStream.write(OzoneOutputStream.java:49)
	at java.io.OutputStream.write(OutputStream.java:75)
	at org.apache.hadoop.ozone.client.rpc.TestMultiBlockWritesWithDnFailures.testMultiBlockWritesWithIntermittentDnFailures(TestMultiBlockWritesWithDnFailures.java:196)
	at sun.reflect.NativeMethodAccessorImpl.invoke0(Native Method)
	at sun.reflect.NativeMethodAccessorImpl.invoke(NativeMethodAccessorImpl.java:62)
	at sun.reflect.DelegatingMethodAccessorImpl.invoke(DelegatingMethodAccessorImpl.java:43)
	at java.lang.reflect.Method.invoke(Method.java:498)
	at org.junit.runners.model.FrameworkMethod$1.runReflectiveCall(FrameworkMethod.java:47)
	at org.junit.internal.runners.model.ReflectiveCallable.run(ReflectiveCallable.java:12)
	at org.junit.runners.model.FrameworkMethod.invokeExplosively(FrameworkMethod.java:44)
	at org.junit.internal.runners.statements.InvokeMethod.evaluate(InvokeMethod.java:17)
	at org.junit.internal.runners.statements.RunAfters.evaluate(RunAfters.java:27)
	at org.junit.runners.ParentRunner.runLeaf(ParentRunner.java:271)
	at org.junit.runners.BlockJUnit4ClassRunner.runChild(BlockJUnit4ClassRunner.java:70)
	at org.junit.runners.BlockJUnit4ClassRunner.runChild(BlockJUnit4ClassRunner.java:50)
	at org.junit.runners.ParentRunner$3.run(ParentRunner.java:238)
	at org.junit.runners.ParentRunner$1.schedule(ParentRunner.java:63)
	at org.junit.runners.ParentRunner.runChildren(ParentRunner.java:236)
	at org.junit.runners.ParentRunner.access$000(ParentRunner.java:53)
	at org.junit.runners.ParentRunner$2.evaluate(ParentRunner.java:229)
	at org.junit.runners.ParentRunner.run(ParentRunner.java:309)
	at org.apache.maven.surefire.junit4.JUnit4Provider.execute(JUnit4Provider.java:365)
	at org.apache.maven.surefire.junit4.JUnit4Provider.executeWithRerun(JUnit4Provider.java:273)
	at org.apache.maven.surefire.junit4.JUnit4Provider.executeTestSet(JUnit4Provider.java:238)
	at org.apache.maven.surefire.junit4.JUnit4Provider.invoke(JUnit4Provider.java:159)
	at org.apache.maven.surefire.booter.ForkedBooter.invokeProviderInSameClassLoader(ForkedBooter.java:384)
	at org.apache.maven.surefire.booter.ForkedBooter.runSuitesInProcess(ForkedBooter.java:345)
	at org.apache.maven.surefire.booter.ForkedBooter.execute(ForkedBooter.java:126)
	at org.apache.maven.surefire.booter.ForkedBooter.main(ForkedBooter.java:418)
2019-11-11 04:08:25,694 [main] INFO  ozone.MiniOzoneClusterImpl (MiniOzoneClusterImpl.java:shutdown(314)) - Shutting down the Mini Ozone Cluster
2019-11-11 04:08:25,695 [main] INFO  ozone.MiniOzoneClusterImpl (MiniOzoneClusterImpl.java:stop(330)) - Stopping the Mini Ozone Cluster
2019-11-11 04:08:25,695 [main] INFO  ozone.MiniOzoneClusterImpl (MiniOzoneClusterImpl.java:stopOM(400)) - Stopping the OzoneManager
2019-11-11 04:08:25,695 [main] INFO  ipc.Server (Server.java:stop(3082)) - Stopping server on 37204
2019-11-11 04:08:25,706 [IPC Server listener on 37204] INFO  ipc.Server (Server.java:run(1185)) - Stopping IPC Server listener on 37204
2019-11-11 04:08:25,708 [main] INFO  ratis.OzoneManagerDoubleBuffer (OzoneManagerDoubleBuffer.java:stop(261)) - Stopping OMDoubleBuffer flush thread
2019-11-11 04:08:25,709 [IPC Server Responder] INFO  ipc.Server (Server.java:run(1319)) - Stopping IPC Server Responder
2019-11-11 04:08:25,713 [OMDoubleBufferFlushThread] INFO  ratis.OzoneManagerDoubleBuffer (OzoneManagerDoubleBuffer.java:flushTransactions(199)) - OMDoubleBuffer flush thread OMDoubleBufferFlushThread is interrupted and will exit. OMDoubleBufferFlushThread
2019-11-11 04:08:25,715 [main] INFO  utils.BackgroundService (BackgroundService.java:shutdown(151)) - Shutting down service KeyDeletingService
2019-11-11 04:08:25,727 [main] INFO  handler.ContextHandler (ContextHandler.java:doStop(910)) - Stopped o.e.j.w.WebAppContext@7068f7ca{/,null,UNAVAILABLE}{/ozoneManager}
2019-11-11 04:08:25,728 [main] INFO  server.AbstractConnector (AbstractConnector.java:doStop(318)) - Stopped ServerConnector@38548b19{HTTP/1.1,[http/1.1]}{0.0.0.0:0}
2019-11-11 04:08:25,728 [main] INFO  handler.ContextHandler (ContextHandler.java:doStop(910)) - Stopped o.e.j.s.ServletContextHandler@368d5c00{/static,file:///workdir/hadoop-ozone/integration-test/target/test-classes/webapps/static,UNAVAILABLE}
2019-11-11 04:08:25,729 [main] INFO  handler.ContextHandler (ContextHandler.java:doStop(910)) - Stopped o.e.j.s.ServletContextHandler@57b9e423{/logs,file:///workdir/hadoop-ozone/integration-test/target/log,UNAVAILABLE}
2019-11-11 04:08:25,733 [main] INFO  ozone.MiniOzoneClusterImpl (MiniOzoneClusterImpl.java:stopDatanodes(377)) - Stopping the HddsDatanodes
2019-11-11 04:08:25,804 [grpc-default-executor-4] WARN  server.GrpcLogAppender (LogUtils.java:warn(134)) - c04805f0-1fdc-4096-9f0e-017639bb4de5@group-A10C889AEEC0->f4ab3ec0-fcec-4fb2-8953-e521da90d916-AppendLogResponseHandler: Failed appendEntries: org.apache.ratis.thirdparty.io.grpc.StatusRuntimeException: UNAVAILABLE: io exception
2019-11-11 04:08:25,804 [grpc-default-executor-4] INFO  impl.FollowerInfo (FollowerInfo.java:lambda$new$0(51)) - c04805f0-1fdc-4096-9f0e-017639bb4de5@group-A10C889AEEC0->f4ab3ec0-fcec-4fb2-8953-e521da90d916: nextIndex: updateUnconditionally 0 -> 0
2019-11-11 04:08:25,822 [Datanode State Machine Thread - 0] INFO  statemachine.DatanodeStateMachine (DatanodeStateMachine.java:lambda$startDaemon$0(350)) - Ozone container server started.
2019-11-11 04:08:26,025 [grpc-default-executor-8] WARN  server.GrpcLogAppender (LogUtils.java:warn(134)) - 9a305e64-7592-4199-ba7e-8c2223e9b548@group-F4D747E15FF8->61021d77-0677-40a1-98e7-8ba643935ac0-AppendLogResponseHandler: Failed appendEntries: org.apache.ratis.thirdparty.io.grpc.StatusRuntimeException: UNAVAILABLE: io exception
2019-11-11 04:08:26,025 [grpc-default-executor-7] WARN  server.GrpcLogAppender (LogUtils.java:warn(134)) - 9a305e64-7592-4199-ba7e-8c2223e9b548@group-F4D747E15FF8->f4ab3ec0-fcec-4fb2-8953-e521da90d916-AppendLogResponseHandler: Failed appendEntries: org.apache.ratis.thirdparty.io.grpc.StatusRuntimeException: UNAVAILABLE: io exception
2019-11-11 04:08:26,025 [grpc-default-executor-8] INFO  impl.FollowerInfo (FollowerInfo.java:lambda$new$0(51)) - 9a305e64-7592-4199-ba7e-8c2223e9b548@group-F4D747E15FF8->61021d77-0677-40a1-98e7-8ba643935ac0: nextIndex: updateUnconditionally 0 -> 0
2019-11-11 04:08:26,025 [grpc-default-executor-7] INFO  impl.FollowerInfo (FollowerInfo.java:lambda$new$0(51)) - 9a305e64-7592-4199-ba7e-8c2223e9b548@group-F4D747E15FF8->f4ab3ec0-fcec-4fb2-8953-e521da90d916: nextIndex: updateUnconditionally 0 -> 0
2019-11-11 04:08:26,305 [grpc-default-executor-7] WARN  server.GrpcLogAppender (LogUtils.java:warn(134)) - c04805f0-1fdc-4096-9f0e-017639bb4de5@group-A10C889AEEC0->f4ab3ec0-fcec-4fb2-8953-e521da90d916-AppendLogResponseHandler: Failed appendEntries: org.apache.ratis.thirdparty.io.grpc.StatusRuntimeException: UNAVAILABLE: io exception
2019-11-11 04:08:26,306 [grpc-default-executor-7] INFO  impl.FollowerInfo (FollowerInfo.java:lambda$new$0(51)) - c04805f0-1fdc-4096-9f0e-017639bb4de5@group-A10C889AEEC0->f4ab3ec0-fcec-4fb2-8953-e521da90d916: nextIndex: updateUnconditionally 0 -> 0
2019-11-11 04:08:26,431 [Datanode State Machine Thread - 0] INFO  statemachine.DatanodeStateMachine (DatanodeStateMachine.java:lambda$startDaemon$0(350)) - Ozone container server started.
2019-11-11 04:08:26,526 [grpc-default-executor-2] WARN  server.GrpcLogAppender (LogUtils.java:warn(134)) - 9a305e64-7592-4199-ba7e-8c2223e9b548@group-F4D747E15FF8->61021d77-0677-40a1-98e7-8ba643935ac0-AppendLogResponseHandler: Failed appendEntries: org.apache.ratis.thirdparty.io.grpc.StatusRuntimeException: UNAVAILABLE: io exception
2019-11-11 04:08:26,526 [grpc-default-executor-7] WARN  server.GrpcLogAppender (LogUtils.java:warn(134)) - 9a305e64-7592-4199-ba7e-8c2223e9b548@group-F4D747E15FF8->f4ab3ec0-fcec-4fb2-8953-e521da90d916-AppendLogResponseHandler: Failed appendEntries: org.apache.ratis.thirdparty.io.grpc.StatusRuntimeException: UNAVAILABLE: io exception
2019-11-11 04:08:26,526 [grpc-default-executor-2] INFO  impl.FollowerInfo (FollowerInfo.java:lambda$new$0(51)) - 9a305e64-7592-4199-ba7e-8c2223e9b548@group-F4D747E15FF8->61021d77-0677-40a1-98e7-8ba643935ac0: nextIndex: updateUnconditionally 0 -> 0
2019-11-11 04:08:26,526 [grpc-default-executor-7] INFO  impl.FollowerInfo (FollowerInfo.java:lambda$new$0(51)) - 9a305e64-7592-4199-ba7e-8c2223e9b548@group-F4D747E15FF8->f4ab3ec0-fcec-4fb2-8953-e521da90d916: nextIndex: updateUnconditionally 0 -> 0
2019-11-11 04:08:26,806 [grpc-default-executor-4] WARN  server.GrpcLogAppender (LogUtils.java:warn(134)) - c04805f0-1fdc-4096-9f0e-017639bb4de5@group-A10C889AEEC0->f4ab3ec0-fcec-4fb2-8953-e521da90d916-AppendLogResponseHandler: Failed appendEntries: org.apache.ratis.thirdparty.io.grpc.StatusRuntimeException: UNAVAILABLE: io exception
2019-11-11 04:08:26,806 [grpc-default-executor-4] INFO  impl.FollowerInfo (FollowerInfo.java:lambda$new$0(51)) - c04805f0-1fdc-4096-9f0e-017639bb4de5@group-A10C889AEEC0->f4ab3ec0-fcec-4fb2-8953-e521da90d916: nextIndex: updateUnconditionally 0 -> 0
2019-11-11 04:08:26,834 [Thread-1049] INFO  impl.FollowerState (FollowerState.java:run(111)) - c04805f0-1fdc-4096-9f0e-017639bb4de5@group-D5F2B638C171-FollowerState: change to CANDIDATE, lastRpcTime:1154ms, electionTimeout:1154ms
2019-11-11 04:08:26,835 [Thread-1049] INFO  impl.RoleInfo (RoleInfo.java:shutdownFollowerState(121)) - c04805f0-1fdc-4096-9f0e-017639bb4de5: shutdown FollowerState
2019-11-11 04:08:26,835 [Thread-1049] INFO  impl.RaftServerImpl (RaftServerImpl.java:setRole(173)) - c04805f0-1fdc-4096-9f0e-017639bb4de5@group-D5F2B638C171: changes role from  FOLLOWER to CANDIDATE at term 0 for changeToCandidate
2019-11-11 04:08:26,835 [Thread-1049] INFO  impl.RoleInfo (RoleInfo.java:updateAndGet(143)) - c04805f0-1fdc-4096-9f0e-017639bb4de5: start LeaderElection
2019-11-11 04:08:26,850 [Thread-1050] INFO  impl.FollowerState (FollowerState.java:run(111)) - 9a305e64-7592-4199-ba7e-8c2223e9b548@group-D5F2B638C171-FollowerState: change to CANDIDATE, lastRpcTime:1169ms, electionTimeout:1169ms
2019-11-11 04:08:26,850 [Thread-1050] INFO  impl.RoleInfo (RoleInfo.java:shutdownFollowerState(121)) - 9a305e64-7592-4199-ba7e-8c2223e9b548: shutdown FollowerState
2019-11-11 04:08:26,850 [Thread-1050] INFO  impl.RaftServerImpl (RaftServerImpl.java:setRole(173)) - 9a305e64-7592-4199-ba7e-8c2223e9b548@group-D5F2B638C171: changes role from  FOLLOWER to CANDIDATE at term 0 for changeToCandidate
2019-11-11 04:08:26,850 [Thread-1050] INFO  impl.RoleInfo (RoleInfo.java:updateAndGet(143)) - 9a305e64-7592-4199-ba7e-8c2223e9b548: start LeaderElection
2019-11-11 04:08:26,867 [c04805f0-1fdc-4096-9f0e-017639bb4de5@group-D5F2B638C171-LeaderElection25] INFO  impl.LeaderElection (LeaderElection.java:askForVotes(178)) - c04805f0-1fdc-4096-9f0e-017639bb4de5@group-D5F2B638C171-LeaderElection25: begin an election at term 1 for -1: [9a305e64-7592-4199-ba7e-8c2223e9b548:192.168.34.63:35969, c04805f0-1fdc-4096-9f0e-017639bb4de5:192.168.34.63:44743, f4ab3ec0-fcec-4fb2-8953-e521da90d916:192.168.34.63:41296], old=null
2019-11-11 04:08:26,868 [9a305e64-7592-4199-ba7e-8c2223e9b548@group-D5F2B638C171-LeaderElection26] INFO  impl.LeaderElection (LeaderElection.java:askForVotes(178)) - 9a305e64-7592-4199-ba7e-8c2223e9b548@group-D5F2B638C171-LeaderElection26: begin an election at term 1 for -1: [9a305e64-7592-4199-ba7e-8c2223e9b548:192.168.34.63:35969, c04805f0-1fdc-4096-9f0e-017639bb4de5:192.168.34.63:44743, f4ab3ec0-fcec-4fb2-8953-e521da90d916:192.168.34.63:41296], old=null
2019-11-11 04:08:26,870 [c04805f0-1fdc-4096-9f0e-017639bb4de5@group-D5F2B638C171-LeaderElection25] INFO  impl.LeaderElection (LogUtils.java:infoOrTrace(149)) - c04805f0-1fdc-4096-9f0e-017639bb4de5@group-D5F2B638C171-LeaderElection25 got exception when requesting votes: {}
java.util.concurrent.ExecutionException: org.apache.ratis.thirdparty.io.grpc.StatusRuntimeException: UNAVAILABLE: io exception
	at java.util.concurrent.FutureTask.report(FutureTask.java:122)
	at java.util.concurrent.FutureTask.get(FutureTask.java:192)
	at org.apache.ratis.server.impl.LeaderElection.waitForResults(LeaderElection.java:259)
	at org.apache.ratis.server.impl.LeaderElection.askForVotes(LeaderElection.java:197)
	at org.apache.ratis.server.impl.LeaderElection.run(LeaderElection.java:133)
	at java.lang.Thread.run(Thread.java:748)
Caused by: org.apache.ratis.thirdparty.io.grpc.StatusRuntimeException: UNAVAILABLE: io exception
	at org.apache.ratis.thirdparty.io.grpc.stub.ClientCalls.toStatusRuntimeException(ClientCalls.java:233)
	at org.apache.ratis.thirdparty.io.grpc.stub.ClientCalls.getUnchecked(ClientCalls.java:214)
	at org.apache.ratis.thirdparty.io.grpc.stub.ClientCalls.blockingUnaryCall(ClientCalls.java:139)
	at org.apache.ratis.proto.grpc.RaftServerProtocolServiceGrpc$RaftServerProtocolServiceBlockingStub.requestVote(RaftServerProtocolServiceGrpc.java:265)
	at org.apache.ratis.grpc.server.GrpcServerProtocolClient.requestVote(GrpcServerProtocolClient.java:99)
	at org.apache.ratis.grpc.server.GrpcService.requestVote(GrpcService.java:204)
	at org.apache.ratis.server.impl.LeaderElection.lambda$submitRequests$1(LeaderElection.java:234)
	at java.util.concurrent.FutureTask.run(FutureTask.java:266)
	at java.util.concurrent.Executors$RunnableAdapter.call(Executors.java:511)
	at java.util.concurrent.FutureTask.run(FutureTask.java:266)
	at java.util.concurrent.ThreadPoolExecutor.runWorker(ThreadPoolExecutor.java:1149)
	at java.util.concurrent.ThreadPoolExecutor$Worker.run(ThreadPoolExecutor.java:624)
	... 1 more
Caused by: org.apache.ratis.thirdparty.io.netty.channel.AbstractChannel$AnnotatedConnectException: Connection refused: /192.168.34.63:41296
	at sun.nio.ch.SocketChannelImpl.checkConnect(Native Method)
	at sun.nio.ch.SocketChannelImpl.finishConnect(SocketChannelImpl.java:717)
	at org.apache.ratis.thirdparty.io.netty.channel.socket.nio.NioSocketChannel.doFinishConnect(NioSocketChannel.java:327)
	at org.apache.ratis.thirdparty.io.netty.channel.nio.AbstractNioChannel$AbstractNioUnsafe.finishConnect(AbstractNioChannel.java:340)
	at org.apache.ratis.thirdparty.io.netty.channel.nio.NioEventLoop.processSelectedKey(NioEventLoop.java:632)
	at org.apache.ratis.thirdparty.io.netty.channel.nio.NioEventLoop.processSelectedKeysOptimized(NioEventLoop.java:579)
	at org.apache.ratis.thirdparty.io.netty.channel.nio.NioEventLoop.processSelectedKeys(NioEventLoop.java:496)
	at org.apache.ratis.thirdparty.io.netty.channel.nio.NioEventLoop.run(NioEventLoop.java:458)
	at org.apache.ratis.thirdparty.io.netty.util.concurrent.SingleThreadEventExecutor$5.run(SingleThreadEventExecutor.java:897)
	at org.apache.ratis.thirdparty.io.netty.util.concurrent.FastThreadLocalRunnable.run(FastThreadLocalRunnable.java:30)
	... 1 more
Caused by: java.net.ConnectException: Connection refused
	... 11 more
2019-11-11 04:08:26,870 [9a305e64-7592-4199-ba7e-8c2223e9b548@group-D5F2B638C171-LeaderElection26] INFO  impl.LeaderElection (LogUtils.java:infoOrTrace(149)) - 9a305e64-7592-4199-ba7e-8c2223e9b548@group-D5F2B638C171-LeaderElection26 got exception when requesting votes: {}
java.util.concurrent.ExecutionException: org.apache.ratis.thirdparty.io.grpc.StatusRuntimeException: UNAVAILABLE: io exception
	at java.util.concurrent.FutureTask.report(FutureTask.java:122)
	at java.util.concurrent.FutureTask.get(FutureTask.java:192)
	at org.apache.ratis.server.impl.LeaderElection.waitForResults(LeaderElection.java:259)
	at org.apache.ratis.server.impl.LeaderElection.askForVotes(LeaderElection.java:197)
	at org.apache.ratis.server.impl.LeaderElection.run(LeaderElection.java:133)
	at java.lang.Thread.run(Thread.java:748)
Caused by: org.apache.ratis.thirdparty.io.grpc.StatusRuntimeException: UNAVAILABLE: io exception
	at org.apache.ratis.thirdparty.io.grpc.stub.ClientCalls.toStatusRuntimeException(ClientCalls.java:233)
	at org.apache.ratis.thirdparty.io.grpc.stub.ClientCalls.getUnchecked(ClientCalls.java:214)
	at org.apache.ratis.thirdparty.io.grpc.stub.ClientCalls.blockingUnaryCall(ClientCalls.java:139)
	at org.apache.ratis.proto.grpc.RaftServerProtocolServiceGrpc$RaftServerProtocolServiceBlockingStub.requestVote(RaftServerProtocolServiceGrpc.java:265)
	at org.apache.ratis.grpc.server.GrpcServerProtocolClient.requestVote(GrpcServerProtocolClient.java:99)
	at org.apache.ratis.grpc.server.GrpcService.requestVote(GrpcService.java:204)
	at org.apache.ratis.server.impl.LeaderElection.lambda$submitRequests$1(LeaderElection.java:234)
	at java.util.concurrent.FutureTask.run(FutureTask.java:266)
	at java.util.concurrent.Executors$RunnableAdapter.call(Executors.java:511)
	at java.util.concurrent.FutureTask.run(FutureTask.java:266)
	at java.util.concurrent.ThreadPoolExecutor.runWorker(ThreadPoolExecutor.java:1149)
	at java.util.concurrent.ThreadPoolExecutor$Worker.run(ThreadPoolExecutor.java:624)
	... 1 more
Caused by: org.apache.ratis.thirdparty.io.netty.channel.AbstractChannel$AnnotatedConnectException: Connection refused: /192.168.34.63:41296
	at sun.nio.ch.SocketChannelImpl.checkConnect(Native Method)
	at sun.nio.ch.SocketChannelImpl.finishConnect(SocketChannelImpl.java:717)
	at org.apache.ratis.thirdparty.io.netty.channel.socket.nio.NioSocketChannel.doFinishConnect(NioSocketChannel.java:327)
	at org.apache.ratis.thirdparty.io.netty.channel.nio.AbstractNioChannel$AbstractNioUnsafe.finishConnect(AbstractNioChannel.java:340)
	at org.apache.ratis.thirdparty.io.netty.channel.nio.NioEventLoop.processSelectedKey(NioEventLoop.java:632)
	at org.apache.ratis.thirdparty.io.netty.channel.nio.NioEventLoop.processSelectedKeysOptimized(NioEventLoop.java:579)
	at org.apache.ratis.thirdparty.io.netty.channel.nio.NioEventLoop.processSelectedKeys(NioEventLoop.java:496)
	at org.apache.ratis.thirdparty.io.netty.channel.nio.NioEventLoop.run(NioEventLoop.java:458)
	at org.apache.ratis.thirdparty.io.netty.util.concurrent.SingleThreadEventExecutor$5.run(SingleThreadEventExecutor.java:897)
	at org.apache.ratis.thirdparty.io.netty.util.concurrent.FastThreadLocalRunnable.run(FastThreadLocalRunnable.java:30)
	... 1 more
Caused by: java.net.ConnectException: Connection refused
	... 11 more
2019-11-11 04:08:26,873 [c04805f0-1fdc-4096-9f0e-017639bb4de5@group-D5F2B638C171-LeaderElection25] INFO  impl.LeaderElection (LeaderElection.java:logAndReturn(56)) - c04805f0-1fdc-4096-9f0e-017639bb4de5@group-D5F2B638C171-LeaderElection25: Election REJECTED; received 1 response(s) [c04805f0-1fdc-4096-9f0e-017639bb4de5<-9a305e64-7592-4199-ba7e-8c2223e9b548#0:FAIL-t1] and 1 exception(s); c04805f0-1fdc-4096-9f0e-017639bb4de5@group-D5F2B638C171:t1, leader=null, voted=c04805f0-1fdc-4096-9f0e-017639bb4de5, raftlog=c04805f0-1fdc-4096-9f0e-017639bb4de5@group-D5F2B638C171-SegmentedRaftLog:OPENED:c-1,f-1,i0, conf=-1: [9a305e64-7592-4199-ba7e-8c2223e9b548:192.168.34.63:35969, c04805f0-1fdc-4096-9f0e-017639bb4de5:192.168.34.63:44743, f4ab3ec0-fcec-4fb2-8953-e521da90d916:192.168.34.63:41296], old=null
2019-11-11 04:08:26,873 [c04805f0-1fdc-4096-9f0e-017639bb4de5@group-D5F2B638C171-LeaderElection25] INFO  impl.LeaderElection (LogUtils.java:infoOrTrace(149)) -   Exception 0: {}
java.util.concurrent.ExecutionException: org.apache.ratis.thirdparty.io.grpc.StatusRuntimeException: UNAVAILABLE: io exception
	at java.util.concurrent.FutureTask.report(FutureTask.java:122)
	at java.util.concurrent.FutureTask.get(FutureTask.java:192)
	at org.apache.ratis.server.impl.LeaderElection.waitForResults(LeaderElection.java:259)
	at org.apache.ratis.server.impl.LeaderElection.askForVotes(LeaderElection.java:197)
	at org.apache.ratis.server.impl.LeaderElection.run(LeaderElection.java:133)
	at java.lang.Thread.run(Thread.java:748)
Caused by: org.apache.ratis.thirdparty.io.grpc.StatusRuntimeException: UNAVAILABLE: io exception
	at org.apache.ratis.thirdparty.io.grpc.stub.ClientCalls.toStatusRuntimeException(ClientCalls.java:233)
	at org.apache.ratis.thirdparty.io.grpc.stub.ClientCalls.getUnchecked(ClientCalls.java:214)
	at org.apache.ratis.thirdparty.io.grpc.stub.ClientCalls.blockingUnaryCall(ClientCalls.java:139)
	at org.apache.ratis.proto.grpc.RaftServerProtocolServiceGrpc$RaftServerProtocolServiceBlockingStub.requestVote(RaftServerProtocolServiceGrpc.java:265)
	at org.apache.ratis.grpc.server.GrpcServerProtocolClient.requestVote(GrpcServerProtocolClient.java:99)
	at org.apache.ratis.grpc.server.GrpcService.requestVote(GrpcService.java:204)
	at org.apache.ratis.server.impl.LeaderElection.lambda$submitRequests$1(LeaderElection.java:234)
	at java.util.concurrent.FutureTask.run(FutureTask.java:266)
	at java.util.concurrent.Executors$RunnableAdapter.call(Executors.java:511)
	at java.util.concurrent.FutureTask.run(FutureTask.java:266)
	at java.util.concurrent.ThreadPoolExecutor.runWorker(ThreadPoolExecutor.java:1149)
	at java.util.concurrent.ThreadPoolExecutor$Worker.run(ThreadPoolExecutor.java:624)
	... 1 more
Caused by: org.apache.ratis.thirdparty.io.netty.channel.AbstractChannel$AnnotatedConnectException: Connection refused: /192.168.34.63:41296
	at sun.nio.ch.SocketChannelImpl.checkConnect(Native Method)
	at sun.nio.ch.SocketChannelImpl.finishConnect(SocketChannelImpl.java:717)
	at org.apache.ratis.thirdparty.io.netty.channel.socket.nio.NioSocketChannel.doFinishConnect(NioSocketChannel.java:327)
	at org.apache.ratis.thirdparty.io.netty.channel.nio.AbstractNioChannel$AbstractNioUnsafe.finishConnect(AbstractNioChannel.java:340)
	at org.apache.ratis.thirdparty.io.netty.channel.nio.NioEventLoop.processSelectedKey(NioEventLoop.java:632)
	at org.apache.ratis.thirdparty.io.netty.channel.nio.NioEventLoop.processSelectedKeysOptimized(NioEventLoop.java:579)
	at org.apache.ratis.thirdparty.io.netty.channel.nio.NioEventLoop.processSelectedKeys(NioEventLoop.java:496)
	at org.apache.ratis.thirdparty.io.netty.channel.nio.NioEventLoop.run(NioEventLoop.java:458)
	at org.apache.ratis.thirdparty.io.netty.util.concurrent.SingleThreadEventExecutor$5.run(SingleThreadEventExecutor.java:897)
	at org.apache.ratis.thirdparty.io.netty.util.concurrent.FastThreadLocalRunnable.run(FastThreadLocalRunnable.java:30)
	... 1 more
Caused by: java.net.ConnectException: Connection refused
	... 11 more
2019-11-11 04:08:26,875 [c04805f0-1fdc-4096-9f0e-017639bb4de5@group-D5F2B638C171-LeaderElection25] INFO  impl.RaftServerImpl (RaftServerImpl.java:setRole(173)) - c04805f0-1fdc-4096-9f0e-017639bb4de5@group-D5F2B638C171: changes role from CANDIDATE to FOLLOWER at term 1 for DISCOVERED_A_NEW_TERM
2019-11-11 04:08:26,875 [c04805f0-1fdc-4096-9f0e-017639bb4de5@group-D5F2B638C171-LeaderElection25] INFO  impl.RoleInfo (RoleInfo.java:shutdownLeaderElection(134)) - c04805f0-1fdc-4096-9f0e-017639bb4de5: shutdown LeaderElection
2019-11-11 04:08:26,876 [c04805f0-1fdc-4096-9f0e-017639bb4de5@group-D5F2B638C171-LeaderElection25] INFO  impl.RoleInfo (RoleInfo.java:updateAndGet(143)) - c04805f0-1fdc-4096-9f0e-017639bb4de5: start FollowerState
2019-11-11 04:08:26,877 [9a305e64-7592-4199-ba7e-8c2223e9b548@group-D5F2B638C171-LeaderElection26] INFO  impl.LeaderElection (LeaderElection.java:logAndReturn(56)) - 9a305e64-7592-4199-ba7e-8c2223e9b548@group-D5F2B638C171-LeaderElection26: Election REJECTED; received 1 response(s) [9a305e64-7592-4199-ba7e-8c2223e9b548<-c04805f0-1fdc-4096-9f0e-017639bb4de5#0:FAIL-t1] and 1 exception(s); 9a305e64-7592-4199-ba7e-8c2223e9b548@group-D5F2B638C171:t1, leader=null, voted=9a305e64-7592-4199-ba7e-8c2223e9b548, raftlog=9a305e64-7592-4199-ba7e-8c2223e9b548@group-D5F2B638C171-SegmentedRaftLog:OPENED:c-1,f-1,i0, conf=-1: [9a305e64-7592-4199-ba7e-8c2223e9b548:192.168.34.63:35969, c04805f0-1fdc-4096-9f0e-017639bb4de5:192.168.34.63:44743, f4ab3ec0-fcec-4fb2-8953-e521da90d916:192.168.34.63:41296], old=null
2019-11-11 04:08:26,877 [9a305e64-7592-4199-ba7e-8c2223e9b548@group-D5F2B638C171-LeaderElection26] INFO  impl.LeaderElection (LogUtils.java:infoOrTrace(149)) -   Exception 0: {}
java.util.concurrent.ExecutionException: org.apache.ratis.thirdparty.io.grpc.StatusRuntimeException: UNAVAILABLE: io exception
	at java.util.concurrent.FutureTask.report(FutureTask.java:122)
	at java.util.concurrent.FutureTask.get(FutureTask.java:192)
	at org.apache.ratis.server.impl.LeaderElection.waitForResults(LeaderElection.java:259)
	at org.apache.ratis.server.impl.LeaderElection.askForVotes(LeaderElection.java:197)
	at org.apache.ratis.server.impl.LeaderElection.run(LeaderElection.java:133)
	at java.lang.Thread.run(Thread.java:748)
Caused by: org.apache.ratis.thirdparty.io.grpc.StatusRuntimeException: UNAVAILABLE: io exception
	at org.apache.ratis.thirdparty.io.grpc.stub.ClientCalls.toStatusRuntimeException(ClientCalls.java:233)
	at org.apache.ratis.thirdparty.io.grpc.stub.ClientCalls.getUnchecked(ClientCalls.java:214)
	at org.apache.ratis.thirdparty.io.grpc.stub.ClientCalls.blockingUnaryCall(ClientCalls.java:139)
	at org.apache.ratis.proto.grpc.RaftServerProtocolServiceGrpc$RaftServerProtocolServiceBlockingStub.requestVote(RaftServerProtocolServiceGrpc.java:265)
	at org.apache.ratis.grpc.server.GrpcServerProtocolClient.requestVote(GrpcServerProtocolClient.java:99)
	at org.apache.ratis.grpc.server.GrpcService.requestVote(GrpcService.java:204)
	at org.apache.ratis.server.impl.LeaderElection.lambda$submitRequests$1(LeaderElection.java:234)
	at java.util.concurrent.FutureTask.run(FutureTask.java:266)
	at java.util.concurrent.Executors$RunnableAdapter.call(Executors.java:511)
	at java.util.concurrent.FutureTask.run(FutureTask.java:266)
	at java.util.concurrent.ThreadPoolExecutor.runWorker(ThreadPoolExecutor.java:1149)
	at java.util.concurrent.ThreadPoolExecutor$Worker.run(ThreadPoolExecutor.java:624)
	... 1 more
Caused by: org.apache.ratis.thirdparty.io.netty.channel.AbstractChannel$AnnotatedConnectException: Connection refused: /192.168.34.63:41296
	at sun.nio.ch.SocketChannelImpl.checkConnect(Native Method)
	at sun.nio.ch.SocketChannelImpl.finishConnect(SocketChannelImpl.java:717)
	at org.apache.ratis.thirdparty.io.netty.channel.socket.nio.NioSocketChannel.doFinishConnect(NioSocketChannel.java:327)
	at org.apache.ratis.thirdparty.io.netty.channel.nio.AbstractNioChannel$AbstractNioUnsafe.finishConnect(AbstractNioChannel.java:340)
	at org.apache.ratis.thirdparty.io.netty.channel.nio.NioEventLoop.processSelectedKey(NioEventLoop.java:632)
	at org.apache.ratis.thirdparty.io.netty.channel.nio.NioEventLoop.processSelectedKeysOptimized(NioEventLoop.java:579)
	at org.apache.ratis.thirdparty.io.netty.channel.nio.NioEventLoop.processSelectedKeys(NioEventLoop.java:496)
	at org.apache.ratis.thirdparty.io.netty.channel.nio.NioEventLoop.run(NioEventLoop.java:458)
	at org.apache.ratis.thirdparty.io.netty.util.concurrent.SingleThreadEventExecutor$5.run(SingleThreadEventExecutor.java:897)
	at org.apache.ratis.thirdparty.io.netty.util.concurrent.FastThreadLocalRunnable.run(FastThreadLocalRunnable.java:30)
	... 1 more
Caused by: java.net.ConnectException: Connection refused
	... 11 more
2019-11-11 04:08:26,877 [9a305e64-7592-4199-ba7e-8c2223e9b548@group-D5F2B638C171-LeaderElection26] INFO  impl.RaftServerImpl (RaftServerImpl.java:setRole(173)) - 9a305e64-7592-4199-ba7e-8c2223e9b548@group-D5F2B638C171: changes role from CANDIDATE to FOLLOWER at term 1 for DISCOVERED_A_NEW_TERM
2019-11-11 04:08:26,877 [9a305e64-7592-4199-ba7e-8c2223e9b548@group-D5F2B638C171-LeaderElection26] INFO  impl.RoleInfo (RoleInfo.java:shutdownLeaderElection(134)) - 9a305e64-7592-4199-ba7e-8c2223e9b548: shutdown LeaderElection
2019-11-11 04:08:26,878 [9a305e64-7592-4199-ba7e-8c2223e9b548@group-D5F2B638C171-LeaderElection26] INFO  impl.RoleInfo (RoleInfo.java:updateAndGet(143)) - 9a305e64-7592-4199-ba7e-8c2223e9b548: start FollowerState
2019-11-11 04:08:27,025 [grpc-default-executor-4] WARN  server.GrpcLogAppender (LogUtils.java:warn(134)) - 9a305e64-7592-4199-ba7e-8c2223e9b548@group-F4D747E15FF8->f4ab3ec0-fcec-4fb2-8953-e521da90d916-AppendLogResponseHandler: Failed appendEntries: org.apache.ratis.thirdparty.io.grpc.StatusRuntimeException: UNAVAILABLE: io exception
2019-11-11 04:08:27,025 [grpc-default-executor-4] INFO  impl.FollowerInfo (FollowerInfo.java:lambda$new$0(51)) - 9a305e64-7592-4199-ba7e-8c2223e9b548@group-F4D747E15FF8->f4ab3ec0-fcec-4fb2-8953-e521da90d916: nextIndex: updateUnconditionally 0 -> 0
2019-11-11 04:08:27,027 [grpc-default-executor-7] WARN  server.GrpcLogAppender (LogUtils.java:warn(134)) - 9a305e64-7592-4199-ba7e-8c2223e9b548@group-F4D747E15FF8->61021d77-0677-40a1-98e7-8ba643935ac0-AppendLogResponseHandler: Failed appendEntries: org.apache.ratis.thirdparty.io.grpc.StatusRuntimeException: UNAVAILABLE: io exception
2019-11-11 04:08:27,027 [grpc-default-executor-7] INFO  impl.FollowerInfo (FollowerInfo.java:lambda$new$0(51)) - 9a305e64-7592-4199-ba7e-8c2223e9b548@group-F4D747E15FF8->61021d77-0677-40a1-98e7-8ba643935ac0: nextIndex: updateUnconditionally 0 -> 0
2019-11-11 04:08:27,305 [grpc-default-executor-7] WARN  server.GrpcLogAppender (LogUtils.java:warn(134)) - c04805f0-1fdc-4096-9f0e-017639bb4de5@group-A10C889AEEC0->f4ab3ec0-fcec-4fb2-8953-e521da90d916-AppendLogResponseHandler: Failed appendEntries: org.apache.ratis.thirdparty.io.grpc.StatusRuntimeException: UNAVAILABLE: io exception
2019-11-11 04:08:27,305 [grpc-default-executor-7] INFO  impl.FollowerInfo (FollowerInfo.java:lambda$new$0(51)) - c04805f0-1fdc-4096-9f0e-017639bb4de5@group-A10C889AEEC0->f4ab3ec0-fcec-4fb2-8953-e521da90d916: nextIndex: updateUnconditionally 0 -> 0
2019-11-11 04:08:27,527 [grpc-default-executor-2] WARN  server.GrpcLogAppender (LogUtils.java:warn(134)) - 9a305e64-7592-4199-ba7e-8c2223e9b548@group-F4D747E15FF8->61021d77-0677-40a1-98e7-8ba643935ac0-AppendLogResponseHandler: Failed appendEntries: org.apache.ratis.thirdparty.io.grpc.StatusRuntimeException: UNAVAILABLE: io exception
2019-11-11 04:08:27,528 [grpc-default-executor-7] WARN  server.GrpcLogAppender (LogUtils.java:warn(134)) - 9a305e64-7592-4199-ba7e-8c2223e9b548@group-F4D747E15FF8->f4ab3ec0-fcec-4fb2-8953-e521da90d916-AppendLogResponseHandler: Failed appendEntries: org.apache.ratis.thirdparty.io.grpc.StatusRuntimeException: UNAVAILABLE: io exception
2019-11-11 04:08:27,528 [grpc-default-executor-2] INFO  impl.FollowerInfo (FollowerInfo.java:lambda$new$0(51)) - 9a305e64-7592-4199-ba7e-8c2223e9b548@group-F4D747E15FF8->61021d77-0677-40a1-98e7-8ba643935ac0: nextIndex: updateUnconditionally 0 -> 0
2019-11-11 04:08:27,528 [grpc-default-executor-7] INFO  impl.FollowerInfo (FollowerInfo.java:lambda$new$0(51)) - 9a305e64-7592-4199-ba7e-8c2223e9b548@group-F4D747E15FF8->f4ab3ec0-fcec-4fb2-8953-e521da90d916: nextIndex: updateUnconditionally 0 -> 0
2019-11-11 04:08:27,807 [grpc-default-executor-4] WARN  server.GrpcLogAppender (LogUtils.java:warn(134)) - c04805f0-1fdc-4096-9f0e-017639bb4de5@group-A10C889AEEC0->f4ab3ec0-fcec-4fb2-8953-e521da90d916-AppendLogResponseHandler: Failed appendEntries: org.apache.ratis.thirdparty.io.grpc.StatusRuntimeException: UNAVAILABLE: io exception
2019-11-11 04:08:27,807 [grpc-default-executor-4] INFO  impl.FollowerInfo (FollowerInfo.java:lambda$new$0(51)) - c04805f0-1fdc-4096-9f0e-017639bb4de5@group-A10C889AEEC0->f4ab3ec0-fcec-4fb2-8953-e521da90d916: nextIndex: updateUnconditionally 0 -> 0
2019-11-11 04:08:27,954 [Thread-1063] INFO  impl.FollowerState (FollowerState.java:run(111)) - c04805f0-1fdc-4096-9f0e-017639bb4de5@group-D5F2B638C171-FollowerState: change to CANDIDATE, lastRpcTime:1078ms, electionTimeout:1077ms
2019-11-11 04:08:27,954 [Thread-1063] INFO  impl.RoleInfo (RoleInfo.java:shutdownFollowerState(121)) - c04805f0-1fdc-4096-9f0e-017639bb4de5: shutdown FollowerState
2019-11-11 04:08:27,954 [Thread-1063] INFO  impl.RaftServerImpl (RaftServerImpl.java:setRole(173)) - c04805f0-1fdc-4096-9f0e-017639bb4de5@group-D5F2B638C171: changes role from  FOLLOWER to CANDIDATE at term 1 for changeToCandidate
2019-11-11 04:08:27,955 [Thread-1063] INFO  impl.RoleInfo (RoleInfo.java:updateAndGet(143)) - c04805f0-1fdc-4096-9f0e-017639bb4de5: start LeaderElection
2019-11-11 04:08:27,971 [c04805f0-1fdc-4096-9f0e-017639bb4de5@group-D5F2B638C171-LeaderElection27] INFO  impl.LeaderElection (LeaderElection.java:askForVotes(178)) - c04805f0-1fdc-4096-9f0e-017639bb4de5@group-D5F2B638C171-LeaderElection27: begin an election at term 2 for -1: [9a305e64-7592-4199-ba7e-8c2223e9b548:192.168.34.63:35969, c04805f0-1fdc-4096-9f0e-017639bb4de5:192.168.34.63:44743, f4ab3ec0-fcec-4fb2-8953-e521da90d916:192.168.34.63:41296], old=null
2019-11-11 04:08:27,974 [c04805f0-1fdc-4096-9f0e-017639bb4de5@group-D5F2B638C171-LeaderElection27] INFO  impl.LeaderElection (LogUtils.java:infoOrTrace(149)) - c04805f0-1fdc-4096-9f0e-017639bb4de5@group-D5F2B638C171-LeaderElection27 got exception when requesting votes: {}
java.util.concurrent.ExecutionException: org.apache.ratis.thirdparty.io.grpc.StatusRuntimeException: UNAVAILABLE: io exception
	at java.util.concurrent.FutureTask.report(FutureTask.java:122)
	at java.util.concurrent.FutureTask.get(FutureTask.java:192)
	at org.apache.ratis.server.impl.LeaderElection.waitForResults(LeaderElection.java:259)
	at org.apache.ratis.server.impl.LeaderElection.askForVotes(LeaderElection.java:197)
	at org.apache.ratis.server.impl.LeaderElection.run(LeaderElection.java:133)
	at java.lang.Thread.run(Thread.java:748)
Caused by: org.apache.ratis.thirdparty.io.grpc.StatusRuntimeException: UNAVAILABLE: io exception
	at org.apache.ratis.thirdparty.io.grpc.stub.ClientCalls.toStatusRuntimeException(ClientCalls.java:233)
	at org.apache.ratis.thirdparty.io.grpc.stub.ClientCalls.getUnchecked(ClientCalls.java:214)
	at org.apache.ratis.thirdparty.io.grpc.stub.ClientCalls.blockingUnaryCall(ClientCalls.java:139)
	at org.apache.ratis.proto.grpc.RaftServerProtocolServiceGrpc$RaftServerProtocolServiceBlockingStub.requestVote(RaftServerProtocolServiceGrpc.java:265)
	at org.apache.ratis.grpc.server.GrpcServerProtocolClient.requestVote(GrpcServerProtocolClient.java:99)
	at org.apache.ratis.grpc.server.GrpcService.requestVote(GrpcService.java:204)
	at org.apache.ratis.server.impl.LeaderElection.lambda$submitRequests$1(LeaderElection.java:234)
	at java.util.concurrent.FutureTask.run(FutureTask.java:266)
	at java.util.concurrent.Executors$RunnableAdapter.call(Executors.java:511)
	at java.util.concurrent.FutureTask.run(FutureTask.java:266)
	at java.util.concurrent.ThreadPoolExecutor.runWorker(ThreadPoolExecutor.java:1149)
	at java.util.concurrent.ThreadPoolExecutor$Worker.run(ThreadPoolExecutor.java:624)
	... 1 more
Caused by: org.apache.ratis.thirdparty.io.netty.channel.AbstractChannel$AnnotatedConnectException: Connection refused: /192.168.34.63:41296
	at sun.nio.ch.SocketChannelImpl.checkConnect(Native Method)
	at sun.nio.ch.SocketChannelImpl.finishConnect(SocketChannelImpl.java:717)
	at org.apache.ratis.thirdparty.io.netty.channel.socket.nio.NioSocketChannel.doFinishConnect(NioSocketChannel.java:327)
	at org.apache.ratis.thirdparty.io.netty.channel.nio.AbstractNioChannel$AbstractNioUnsafe.finishConnect(AbstractNioChannel.java:340)
	at org.apache.ratis.thirdparty.io.netty.channel.nio.NioEventLoop.processSelectedKey(NioEventLoop.java:632)
	at org.apache.ratis.thirdparty.io.netty.channel.nio.NioEventLoop.processSelectedKeysOptimized(NioEventLoop.java:579)
	at org.apache.ratis.thirdparty.io.netty.channel.nio.NioEventLoop.processSelectedKeys(NioEventLoop.java:496)
	at org.apache.ratis.thirdparty.io.netty.channel.nio.NioEventLoop.run(NioEventLoop.java:458)
	at org.apache.ratis.thirdparty.io.netty.util.concurrent.SingleThreadEventExecutor$5.run(SingleThreadEventExecutor.java:897)
	at org.apache.ratis.thirdparty.io.netty.util.concurrent.FastThreadLocalRunnable.run(FastThreadLocalRunnable.java:30)
	... 1 more
Caused by: java.net.ConnectException: Connection refused
	... 11 more
2019-11-11 04:08:27,976 [grpc-default-executor-4] INFO  impl.RaftServerImpl (RaftServerImpl.java:setRole(173)) - 9a305e64-7592-4199-ba7e-8c2223e9b548@group-D5F2B638C171: changes role from  FOLLOWER to FOLLOWER at term 2 for recognizeCandidate:c04805f0-1fdc-4096-9f0e-017639bb4de5
2019-11-11 04:08:27,976 [grpc-default-executor-4] INFO  impl.RoleInfo (RoleInfo.java:shutdownFollowerState(121)) - 9a305e64-7592-4199-ba7e-8c2223e9b548: shutdown FollowerState
2019-11-11 04:08:27,977 [Thread-1064] INFO  impl.FollowerState (FollowerState.java:run(120)) - 9a305e64-7592-4199-ba7e-8c2223e9b548@group-D5F2B638C171-FollowerState was interrupted: java.lang.InterruptedException: sleep interrupted
2019-11-11 04:08:27,977 [grpc-default-executor-4] INFO  impl.RoleInfo (RoleInfo.java:updateAndGet(143)) - 9a305e64-7592-4199-ba7e-8c2223e9b548: start FollowerState
2019-11-11 04:08:27,989 [c04805f0-1fdc-4096-9f0e-017639bb4de5@group-D5F2B638C171-LeaderElection27] INFO  impl.LeaderElection (LeaderElection.java:logAndReturn(56)) - c04805f0-1fdc-4096-9f0e-017639bb4de5@group-D5F2B638C171-LeaderElection27: Election PASSED; received 1 response(s) [c04805f0-1fdc-4096-9f0e-017639bb4de5<-9a305e64-7592-4199-ba7e-8c2223e9b548#0:OK-t2] and 1 exception(s); c04805f0-1fdc-4096-9f0e-017639bb4de5@group-D5F2B638C171:t2, leader=null, voted=c04805f0-1fdc-4096-9f0e-017639bb4de5, raftlog=c04805f0-1fdc-4096-9f0e-017639bb4de5@group-D5F2B638C171-SegmentedRaftLog:OPENED:c-1,f-1,i0, conf=-1: [9a305e64-7592-4199-ba7e-8c2223e9b548:192.168.34.63:35969, c04805f0-1fdc-4096-9f0e-017639bb4de5:192.168.34.63:44743, f4ab3ec0-fcec-4fb2-8953-e521da90d916:192.168.34.63:41296], old=null
2019-11-11 04:08:27,989 [c04805f0-1fdc-4096-9f0e-017639bb4de5@group-D5F2B638C171-LeaderElection27] INFO  impl.LeaderElection (LogUtils.java:infoOrTrace(149)) -   Exception 0: {}
java.util.concurrent.ExecutionException: org.apache.ratis.thirdparty.io.grpc.StatusRuntimeException: UNAVAILABLE: io exception
	at java.util.concurrent.FutureTask.report(FutureTask.java:122)
	at java.util.concurrent.FutureTask.get(FutureTask.java:192)
	at org.apache.ratis.server.impl.LeaderElection.waitForResults(LeaderElection.java:259)
	at org.apache.ratis.server.impl.LeaderElection.askForVotes(LeaderElection.java:197)
	at org.apache.ratis.server.impl.LeaderElection.run(LeaderElection.java:133)
	at java.lang.Thread.run(Thread.java:748)
Caused by: org.apache.ratis.thirdparty.io.grpc.StatusRuntimeException: UNAVAILABLE: io exception
	at org.apache.ratis.thirdparty.io.grpc.stub.ClientCalls.toStatusRuntimeException(ClientCalls.java:233)
	at org.apache.ratis.thirdparty.io.grpc.stub.ClientCalls.getUnchecked(ClientCalls.java:214)
	at org.apache.ratis.thirdparty.io.grpc.stub.ClientCalls.blockingUnaryCall(ClientCalls.java:139)
	at org.apache.ratis.proto.grpc.RaftServerProtocolServiceGrpc$RaftServerProtocolServiceBlockingStub.requestVote(RaftServerProtocolServiceGrpc.java:265)
	at org.apache.ratis.grpc.server.GrpcServerProtocolClient.requestVote(GrpcServerProtocolClient.java:99)
	at org.apache.ratis.grpc.server.GrpcService.requestVote(GrpcService.java:204)
	at org.apache.ratis.server.impl.LeaderElection.lambda$submitRequests$1(LeaderElection.java:234)
	at java.util.concurrent.FutureTask.run(FutureTask.java:266)
	at java.util.concurrent.Executors$RunnableAdapter.call(Executors.java:511)
	at java.util.concurrent.FutureTask.run(FutureTask.java:266)
	at java.util.concurrent.ThreadPoolExecutor.runWorker(ThreadPoolExecutor.java:1149)
	at java.util.concurrent.ThreadPoolExecutor$Worker.run(ThreadPoolExecutor.java:624)
	... 1 more
Caused by: org.apache.ratis.thirdparty.io.netty.channel.AbstractChannel$AnnotatedConnectException: Connection refused: /192.168.34.63:41296
	at sun.nio.ch.SocketChannelImpl.checkConnect(Native Method)
	at sun.nio.ch.SocketChannelImpl.finishConnect(SocketChannelImpl.java:717)
	at org.apache.ratis.thirdparty.io.netty.channel.socket.nio.NioSocketChannel.doFinishConnect(NioSocketChannel.java:327)
	at org.apache.ratis.thirdparty.io.netty.channel.nio.AbstractNioChannel$AbstractNioUnsafe.finishConnect(AbstractNioChannel.java:340)
	at org.apache.ratis.thirdparty.io.netty.channel.nio.NioEventLoop.processSelectedKey(NioEventLoop.java:632)
	at org.apache.ratis.thirdparty.io.netty.channel.nio.NioEventLoop.processSelectedKeysOptimized(NioEventLoop.java:579)
	at org.apache.ratis.thirdparty.io.netty.channel.nio.NioEventLoop.processSelectedKeys(NioEventLoop.java:496)
	at org.apache.ratis.thirdparty.io.netty.channel.nio.NioEventLoop.run(NioEventLoop.java:458)
	at org.apache.ratis.thirdparty.io.netty.util.concurrent.SingleThreadEventExecutor$5.run(SingleThreadEventExecutor.java:897)
	at org.apache.ratis.thirdparty.io.netty.util.concurrent.FastThreadLocalRunnable.run(FastThreadLocalRunnable.java:30)
	... 1 more
Caused by: java.net.ConnectException: Connection refused
	... 11 more
2019-11-11 04:08:27,990 [c04805f0-1fdc-4096-9f0e-017639bb4de5@group-D5F2B638C171-LeaderElection27] INFO  impl.RoleInfo (RoleInfo.java:shutdownLeaderElection(134)) - c04805f0-1fdc-4096-9f0e-017639bb4de5: shutdown LeaderElection
2019-11-11 04:08:27,990 [c04805f0-1fdc-4096-9f0e-017639bb4de5@group-D5F2B638C171-LeaderElection27] INFO  impl.RaftServerImpl (RaftServerImpl.java:setRole(173)) - c04805f0-1fdc-4096-9f0e-017639bb4de5@group-D5F2B638C171: changes role from CANDIDATE to LEADER at term 2 for changeToLeader
2019-11-11 04:08:27,990 [c04805f0-1fdc-4096-9f0e-017639bb4de5@group-D5F2B638C171-LeaderElection27] INFO  impl.RaftServerImpl (ServerState.java:setLeader(255)) - c04805f0-1fdc-4096-9f0e-017639bb4de5@group-D5F2B638C171: change Leader from null to c04805f0-1fdc-4096-9f0e-017639bb4de5 at term 2 for becomeLeader, leader elected after 2314ms
2019-11-11 04:08:27,990 [c04805f0-1fdc-4096-9f0e-017639bb4de5@group-D5F2B638C171-LeaderElection27] INFO  server.RaftServerConfigKeys (ConfUtils.java:logGet(43)) - raft.server.staging.catchup.gap = 1000 (default)
2019-11-11 04:08:27,990 [c04805f0-1fdc-4096-9f0e-017639bb4de5@group-D5F2B638C171-LeaderElection27] INFO  server.RaftServerConfigKeys (ConfUtils.java:logGet(43)) - raft.server.rpc.sleep.time = 25ms (default)
2019-11-11 04:08:27,990 [c04805f0-1fdc-4096-9f0e-017639bb4de5@group-D5F2B638C171-LeaderElection27] INFO  server.RaftServerConfigKeys (ConfUtils.java:logGet(43)) - raft.server.write.element-limit = 4096 (default)
2019-11-11 04:08:27,991 [c04805f0-1fdc-4096-9f0e-017639bb4de5@group-D5F2B638C171-LeaderElection27] INFO  server.RaftServerConfigKeys (ConfUtils.java:logGet(43)) - raft.server.watch.timeout = 10s (default)
2019-11-11 04:08:27,991 [c04805f0-1fdc-4096-9f0e-017639bb4de5@group-D5F2B638C171-LeaderElection27] INFO  server.RaftServerConfigKeys (ConfUtils.java:logGet(43)) - raft.server.watch.timeout.denomination = 1s (default)
2019-11-11 04:08:27,991 [c04805f0-1fdc-4096-9f0e-017639bb4de5@group-D5F2B638C171-LeaderElection27] INFO  server.RaftServerConfigKeys (ConfUtils.java:logGet(43)) - raft.server.watch.element-limit = 65536 (default)
2019-11-11 04:08:27,991 [c04805f0-1fdc-4096-9f0e-017639bb4de5@group-D5F2B638C171-LeaderElection27] INFO  server.RaftServerConfigKeys (ConfUtils.java:logGet(43)) - raft.server.log.appender.snapshot.chunk.size.max = 16MB (=16777216) (default)
2019-11-11 04:08:27,991 [c04805f0-1fdc-4096-9f0e-017639bb4de5@group-D5F2B638C171-LeaderElection27] INFO  server.RaftServerConfigKeys (ConfUtils.java:logGet(43)) - raft.server.log.appender.buffer.byte-limit = 33554432 (custom)
2019-11-11 04:08:27,991 [c04805f0-1fdc-4096-9f0e-017639bb4de5@group-D5F2B638C171-LeaderElection27] INFO  server.RaftServerConfigKeys (ConfUtils.java:logGet(43)) - raft.server.log.appender.buffer.element-limit = 1 (custom)
2019-11-11 04:08:27,991 [c04805f0-1fdc-4096-9f0e-017639bb4de5@group-D5F2B638C171-LeaderElection27] INFO  grpc.GrpcConfigKeys$Server (ConfUtils.java:logGet(43)) - raft.grpc.server.leader.outstanding.appends.max = 128 (default)
2019-11-11 04:08:27,991 [c04805f0-1fdc-4096-9f0e-017639bb4de5@group-D5F2B638C171-LeaderElection27] INFO  server.RaftServerConfigKeys (ConfUtils.java:logGet(43)) - raft.server.rpc.request.timeout = 3000ms (default)
2019-11-11 04:08:27,991 [c04805f0-1fdc-4096-9f0e-017639bb4de5@group-D5F2B638C171-LeaderElection27] INFO  server.RaftServerConfigKeys (ConfUtils.java:logGet(43)) - raft.server.log.appender.install.snapshot.enabled = false (custom)
2019-11-11 04:08:27,992 [c04805f0-1fdc-4096-9f0e-017639bb4de5@group-D5F2B638C171-LeaderElection27] WARN  impl.MetricRegistriesImpl (MetricRegistriesImpl.java:lambda$create$1(61)) - First MetricRegistry has been created without registering reporters. You may need to call MetricRegistries.global().addReportRegistration(...) before.
2019-11-11 04:08:27,992 [c04805f0-1fdc-4096-9f0e-017639bb4de5@group-D5F2B638C171-LeaderElection27] INFO  server.RaftServerConfigKeys (ConfUtils.java:logGet(43)) - raft.server.log.appender.snapshot.chunk.size.max = 16MB (=16777216) (default)
2019-11-11 04:08:27,992 [c04805f0-1fdc-4096-9f0e-017639bb4de5@group-D5F2B638C171-LeaderElection27] INFO  server.RaftServerConfigKeys (ConfUtils.java:logGet(43)) - raft.server.log.appender.buffer.byte-limit = 33554432 (custom)
2019-11-11 04:08:27,992 [c04805f0-1fdc-4096-9f0e-017639bb4de5@group-D5F2B638C171-LeaderElection27] INFO  server.RaftServerConfigKeys (ConfUtils.java:logGet(43)) - raft.server.log.appender.buffer.element-limit = 1 (custom)
2019-11-11 04:08:27,992 [c04805f0-1fdc-4096-9f0e-017639bb4de5@group-D5F2B638C171-LeaderElection27] INFO  grpc.GrpcConfigKeys$Server (ConfUtils.java:logGet(43)) - raft.grpc.server.leader.outstanding.appends.max = 128 (default)
2019-11-11 04:08:27,992 [c04805f0-1fdc-4096-9f0e-017639bb4de5@group-D5F2B638C171-LeaderElection27] INFO  server.RaftServerConfigKeys (ConfUtils.java:logGet(43)) - raft.server.rpc.request.timeout = 3000ms (default)
2019-11-11 04:08:27,992 [c04805f0-1fdc-4096-9f0e-017639bb4de5@group-D5F2B638C171-LeaderElection27] INFO  server.RaftServerConfigKeys (ConfUtils.java:logGet(43)) - raft.server.log.appender.install.snapshot.enabled = false (custom)
2019-11-11 04:08:27,993 [c04805f0-1fdc-4096-9f0e-017639bb4de5@group-D5F2B638C171-LeaderElection27] INFO  impl.RoleInfo (RoleInfo.java:updateAndGet(143)) - c04805f0-1fdc-4096-9f0e-017639bb4de5: start LeaderState
2019-11-11 04:08:27,993 [c04805f0-1fdc-4096-9f0e-017639bb4de5@group-D5F2B638C171-LeaderElection27] INFO  segmented.SegmentedRaftLogWorker (SegmentedRaftLogWorker.java:startLogSegment(385)) - c04805f0-1fdc-4096-9f0e-017639bb4de5@group-D5F2B638C171-SegmentedRaftLogWorker: Starting segment from index:0
2019-11-11 04:08:27,993 [c04805f0-1fdc-4096-9f0e-017639bb4de5@group-D5F2B638C171-LeaderElection27] INFO  impl.RaftServerImpl (ServerState.java:setRaftConf(356)) - c04805f0-1fdc-4096-9f0e-017639bb4de5@group-D5F2B638C171: set configuration 0: [9a305e64-7592-4199-ba7e-8c2223e9b548:192.168.34.63:35969, c04805f0-1fdc-4096-9f0e-017639bb4de5:192.168.34.63:44743, f4ab3ec0-fcec-4fb2-8953-e521da90d916:192.168.34.63:41296], old=null at 0
2019-11-11 04:08:27,994 [grpc-default-executor-4] WARN  server.GrpcLogAppender (LogUtils.java:warn(134)) - c04805f0-1fdc-4096-9f0e-017639bb4de5@group-D5F2B638C171->f4ab3ec0-fcec-4fb2-8953-e521da90d916-AppendLogResponseHandler: Failed appendEntries: org.apache.ratis.thirdparty.io.grpc.StatusRuntimeException: UNAVAILABLE: io exception
2019-11-11 04:08:27,994 [grpc-default-executor-4] INFO  impl.FollowerInfo (FollowerInfo.java:lambda$new$0(51)) - c04805f0-1fdc-4096-9f0e-017639bb4de5@group-D5F2B638C171->f4ab3ec0-fcec-4fb2-8953-e521da90d916: nextIndex: updateUnconditionally 0 -> 0
2019-11-11 04:08:27,995 [grpc-default-executor-4] INFO  impl.RaftServerImpl (ServerState.java:setLeader(255)) - 9a305e64-7592-4199-ba7e-8c2223e9b548@group-D5F2B638C171: change Leader from null to c04805f0-1fdc-4096-9f0e-017639bb4de5 at term 2 for appendEntries, leader elected after 2319ms
2019-11-11 04:08:27,999 [grpc-default-executor-4] INFO  impl.RaftServerImpl (ServerState.java:setRaftConf(356)) - 9a305e64-7592-4199-ba7e-8c2223e9b548@group-D5F2B638C171: set configuration 0: [9a305e64-7592-4199-ba7e-8c2223e9b548:192.168.34.63:35969, c04805f0-1fdc-4096-9f0e-017639bb4de5:192.168.34.63:44743, f4ab3ec0-fcec-4fb2-8953-e521da90d916:192.168.34.63:41296], old=null at 0
2019-11-11 04:08:27,999 [grpc-default-executor-4] INFO  segmented.SegmentedRaftLogWorker (SegmentedRaftLogWorker.java:startLogSegment(385)) - 9a305e64-7592-4199-ba7e-8c2223e9b548@group-D5F2B638C171-SegmentedRaftLogWorker: Starting segment from index:0
2019-11-11 04:08:28,027 [grpc-default-executor-2] WARN  server.GrpcLogAppender (LogUtils.java:warn(134)) - 9a305e64-7592-4199-ba7e-8c2223e9b548@group-F4D747E15FF8->f4ab3ec0-fcec-4fb2-8953-e521da90d916-AppendLogResponseHandler: Failed appendEntries: org.apache.ratis.thirdparty.io.grpc.StatusRuntimeException: UNAVAILABLE: io exception
2019-11-11 04:08:28,027 [grpc-default-executor-8] WARN  server.GrpcLogAppender (LogUtils.java:warn(134)) - 9a305e64-7592-4199-ba7e-8c2223e9b548@group-F4D747E15FF8->61021d77-0677-40a1-98e7-8ba643935ac0-AppendLogResponseHandler: Failed appendEntries: org.apache.ratis.thirdparty.io.grpc.StatusRuntimeException: UNAVAILABLE: io exception
2019-11-11 04:08:28,028 [grpc-default-executor-2] INFO  impl.FollowerInfo (FollowerInfo.java:lambda$new$0(51)) - 9a305e64-7592-4199-ba7e-8c2223e9b548@group-F4D747E15FF8->f4ab3ec0-fcec-4fb2-8953-e521da90d916: nextIndex: updateUnconditionally 0 -> 0
2019-11-11 04:08:28,028 [grpc-default-executor-8] INFO  impl.FollowerInfo (FollowerInfo.java:lambda$new$0(51)) - 9a305e64-7592-4199-ba7e-8c2223e9b548@group-F4D747E15FF8->61021d77-0677-40a1-98e7-8ba643935ac0: nextIndex: updateUnconditionally 0 -> 0
2019-11-11 04:08:28,039 [c04805f0-1fdc-4096-9f0e-017639bb4de5@group-D5F2B638C171-SegmentedRaftLogWorker] INFO  segmented.SegmentedRaftLogWorker (SegmentedRaftLogWorker.java:execute(576)) - c04805f0-1fdc-4096-9f0e-017639bb4de5@group-D5F2B638C171-SegmentedRaftLogWorker: created new log segment /workdir/hadoop-ozone/integration-test/target/test-dir/MiniOzoneClusterImpl-6985d1c7-7309-41e2-b49d-91e186e08ffa/datanode-6/data/ratis/f7c3cacd-4d1a-4e3c-9f6f-d5f2b638c171/current/log_inprogress_0
2019-11-11 04:08:28,039 [9a305e64-7592-4199-ba7e-8c2223e9b548@group-D5F2B638C171-SegmentedRaftLogWorker] INFO  segmented.SegmentedRaftLogWorker (SegmentedRaftLogWorker.java:execute(576)) - 9a305e64-7592-4199-ba7e-8c2223e9b548@group-D5F2B638C171-SegmentedRaftLogWorker: created new log segment /workdir/hadoop-ozone/integration-test/target/test-dir/MiniOzoneClusterImpl-6985d1c7-7309-41e2-b49d-91e186e08ffa/datanode-7/data/ratis/f7c3cacd-4d1a-4e3c-9f6f-d5f2b638c171/current/log_inprogress_0
2019-11-11 04:08:28,041 [grpc-default-executor-4] WARN  server.GrpcLogAppender (LogUtils.java:warn(134)) - c04805f0-1fdc-4096-9f0e-017639bb4de5@group-D5F2B638C171->f4ab3ec0-fcec-4fb2-8953-e521da90d916-AppendLogResponseHandler: Failed appendEntries: org.apache.ratis.thirdparty.io.grpc.StatusRuntimeException: UNAVAILABLE: io exception
2019-11-11 04:08:28,041 [grpc-default-executor-4] INFO  impl.FollowerInfo (FollowerInfo.java:lambda$new$0(51)) - c04805f0-1fdc-4096-9f0e-017639bb4de5@group-D5F2B638C171->f4ab3ec0-fcec-4fb2-8953-e521da90d916: nextIndex: updateUnconditionally 1 -> 0
2019-11-11 04:08:28,307 [grpc-default-executor-2] WARN  server.GrpcLogAppender (LogUtils.java:warn(134)) - c04805f0-1fdc-4096-9f0e-017639bb4de5@group-A10C889AEEC0->f4ab3ec0-fcec-4fb2-8953-e521da90d916-AppendLogResponseHandler: Failed appendEntries: org.apache.ratis.thirdparty.io.grpc.StatusRuntimeException: UNAVAILABLE: io exception
2019-11-11 04:08:28,308 [grpc-default-executor-2] INFO  impl.FollowerInfo (FollowerInfo.java:lambda$new$0(51)) - c04805f0-1fdc-4096-9f0e-017639bb4de5@group-A10C889AEEC0->f4ab3ec0-fcec-4fb2-8953-e521da90d916: nextIndex: updateUnconditionally 0 -> 0
2019-11-11 04:08:28,528 [grpc-default-executor-4] WARN  server.GrpcLogAppender (LogUtils.java:warn(134)) - 9a305e64-7592-4199-ba7e-8c2223e9b548@group-F4D747E15FF8->f4ab3ec0-fcec-4fb2-8953-e521da90d916-AppendLogResponseHandler: Failed appendEntries: org.apache.ratis.thirdparty.io.grpc.StatusRuntimeException: UNAVAILABLE: io exception
2019-11-11 04:08:28,528 [grpc-default-executor-5] WARN  server.GrpcLogAppender (LogUtils.java:warn(134)) - 9a305e64-7592-4199-ba7e-8c2223e9b548@group-F4D747E15FF8->61021d77-0677-40a1-98e7-8ba643935ac0-AppendLogResponseHandler: Failed appendEntries: org.apache.ratis.thirdparty.io.grpc.StatusRuntimeException: UNAVAILABLE: io exception
2019-11-11 04:08:28,529 [grpc-default-executor-4] INFO  impl.FollowerInfo (FollowerInfo.java:lambda$new$0(51)) - 9a305e64-7592-4199-ba7e-8c2223e9b548@group-F4D747E15FF8->f4ab3ec0-fcec-4fb2-8953-e521da90d916: nextIndex: updateUnconditionally 0 -> 0
2019-11-11 04:08:28,529 [grpc-default-executor-5] INFO  impl.FollowerInfo (FollowerInfo.java:lambda$new$0(51)) - 9a305e64-7592-4199-ba7e-8c2223e9b548@group-F4D747E15FF8->61021d77-0677-40a1-98e7-8ba643935ac0: nextIndex: updateUnconditionally 0 -> 0
2019-11-11 04:08:28,542 [grpc-default-executor-5] WARN  server.GrpcLogAppender (LogUtils.java:warn(134)) - c04805f0-1fdc-4096-9f0e-017639bb4de5@group-D5F2B638C171->f4ab3ec0-fcec-4fb2-8953-e521da90d916-AppendLogResponseHandler: Failed appendEntries: org.apache.ratis.thirdparty.io.grpc.StatusRuntimeException: UNAVAILABLE: io exception
2019-11-11 04:08:28,542 [grpc-default-executor-5] INFO  impl.FollowerInfo (FollowerInfo.java:lambda$new$0(51)) - c04805f0-1fdc-4096-9f0e-017639bb4de5@group-D5F2B638C171->f4ab3ec0-fcec-4fb2-8953-e521da90d916: nextIndex: updateUnconditionally 0 -> 0
2019-11-11 04:08:28,808 [grpc-default-executor-4] WARN  server.GrpcLogAppender (LogUtils.java:warn(134)) - c04805f0-1fdc-4096-9f0e-017639bb4de5@group-A10C889AEEC0->f4ab3ec0-fcec-4fb2-8953-e521da90d916-AppendLogResponseHandler: Failed appendEntries: org.apache.ratis.thirdparty.io.grpc.StatusRuntimeException: UNAVAILABLE: io exception
2019-11-11 04:08:28,808 [grpc-default-executor-4] INFO  impl.FollowerInfo (FollowerInfo.java:lambda$new$0(51)) - c04805f0-1fdc-4096-9f0e-017639bb4de5@group-A10C889AEEC0->f4ab3ec0-fcec-4fb2-8953-e521da90d916: nextIndex: updateUnconditionally 0 -> 0
2019-11-11 04:08:29,029 [grpc-default-executor-8] WARN  server.GrpcLogAppender (LogUtils.java:warn(134)) - 9a305e64-7592-4199-ba7e-8c2223e9b548@group-F4D747E15FF8->f4ab3ec0-fcec-4fb2-8953-e521da90d916-AppendLogResponseHandler: Failed appendEntries: org.apache.ratis.thirdparty.io.grpc.StatusRuntimeException: UNAVAILABLE: io exception
2019-11-11 04:08:29,029 [grpc-default-executor-7] WARN  server.GrpcLogAppender (LogUtils.java:warn(134)) - 9a305e64-7592-4199-ba7e-8c2223e9b548@group-F4D747E15FF8->61021d77-0677-40a1-98e7-8ba643935ac0-AppendLogResponseHandler: Failed appendEntries: org.apache.ratis.thirdparty.io.grpc.StatusRuntimeException: UNAVAILABLE: io exception
2019-11-11 04:08:29,030 [grpc-default-executor-8] INFO  impl.FollowerInfo (FollowerInfo.java:lambda$new$0(51)) - 9a305e64-7592-4199-ba7e-8c2223e9b548@group-F4D747E15FF8->f4ab3ec0-fcec-4fb2-8953-e521da90d916: nextIndex: updateUnconditionally 0 -> 0
2019-11-11 04:08:29,030 [grpc-default-executor-7] INFO  impl.FollowerInfo (FollowerInfo.java:lambda$new$0(51)) - 9a305e64-7592-4199-ba7e-8c2223e9b548@group-F4D747E15FF8->61021d77-0677-40a1-98e7-8ba643935ac0: nextIndex: updateUnconditionally 0 -> 0
2019-11-11 04:08:29,043 [grpc-default-executor-5] WARN  server.GrpcLogAppender (LogUtils.java:warn(134)) - c04805f0-1fdc-4096-9f0e-017639bb4de5@group-D5F2B638C171->f4ab3ec0-fcec-4fb2-8953-e521da90d916-AppendLogResponseHandler: Failed appendEntries: org.apache.ratis.thirdparty.io.grpc.StatusRuntimeException: UNAVAILABLE: io exception
2019-11-11 04:08:29,044 [grpc-default-executor-5] INFO  impl.FollowerInfo (FollowerInfo.java:lambda$new$0(51)) - c04805f0-1fdc-4096-9f0e-017639bb4de5@group-D5F2B638C171->f4ab3ec0-fcec-4fb2-8953-e521da90d916: nextIndex: updateUnconditionally 0 -> 0
2019-11-11 04:08:29,308 [grpc-default-executor-5] WARN  server.GrpcLogAppender (LogUtils.java:warn(134)) - c04805f0-1fdc-4096-9f0e-017639bb4de5@group-A10C889AEEC0->f4ab3ec0-fcec-4fb2-8953-e521da90d916-AppendLogResponseHandler: Failed appendEntries: org.apache.ratis.thirdparty.io.grpc.StatusRuntimeException: UNAVAILABLE: io exception
2019-11-11 04:08:29,308 [grpc-default-executor-5] INFO  impl.FollowerInfo (FollowerInfo.java:lambda$new$0(51)) - c04805f0-1fdc-4096-9f0e-017639bb4de5@group-A10C889AEEC0->f4ab3ec0-fcec-4fb2-8953-e521da90d916: nextIndex: updateUnconditionally 0 -> 0
2019-11-11 04:08:29,530 [grpc-default-executor-2] WARN  server.GrpcLogAppender (LogUtils.java:warn(134)) - 9a305e64-7592-4199-ba7e-8c2223e9b548@group-F4D747E15FF8->61021d77-0677-40a1-98e7-8ba643935ac0-AppendLogResponseHandler: Failed appendEntries: org.apache.ratis.thirdparty.io.grpc.StatusRuntimeException: UNAVAILABLE: io exception
2019-11-11 04:08:29,530 [grpc-default-executor-5] WARN  server.GrpcLogAppender (LogUtils.java:warn(134)) - 9a305e64-7592-4199-ba7e-8c2223e9b548@group-F4D747E15FF8->f4ab3ec0-fcec-4fb2-8953-e521da90d916-AppendLogResponseHandler: Failed appendEntries: org.apache.ratis.thirdparty.io.grpc.StatusRuntimeException: UNAVAILABLE: io exception
2019-11-11 04:08:29,531 [grpc-default-executor-2] INFO  impl.FollowerInfo (FollowerInfo.java:lambda$new$0(51)) - 9a305e64-7592-4199-ba7e-8c2223e9b548@group-F4D747E15FF8->61021d77-0677-40a1-98e7-8ba643935ac0: nextIndex: updateUnconditionally 0 -> 0
2019-11-11 04:08:29,531 [grpc-default-executor-5] INFO  impl.FollowerInfo (FollowerInfo.java:lambda$new$0(51)) - 9a305e64-7592-4199-ba7e-8c2223e9b548@group-F4D747E15FF8->f4ab3ec0-fcec-4fb2-8953-e521da90d916: nextIndex: updateUnconditionally 0 -> 0
2019-11-11 04:08:29,543 [grpc-default-executor-8] WARN  server.GrpcLogAppender (LogUtils.java:warn(134)) - c04805f0-1fdc-4096-9f0e-017639bb4de5@group-D5F2B638C171->f4ab3ec0-fcec-4fb2-8953-e521da90d916-AppendLogResponseHandler: Failed appendEntries: org.apache.ratis.thirdparty.io.grpc.StatusRuntimeException: UNAVAILABLE: io exception
2019-11-11 04:08:29,544 [grpc-default-executor-8] INFO  impl.FollowerInfo (FollowerInfo.java:lambda$new$0(51)) - c04805f0-1fdc-4096-9f0e-017639bb4de5@group-D5F2B638C171->f4ab3ec0-fcec-4fb2-8953-e521da90d916: nextIndex: updateUnconditionally 0 -> 0
2019-11-11 04:08:29,813 [grpc-default-executor-8] WARN  server.GrpcLogAppender (LogUtils.java:warn(134)) - c04805f0-1fdc-4096-9f0e-017639bb4de5@group-A10C889AEEC0->f4ab3ec0-fcec-4fb2-8953-e521da90d916-AppendLogResponseHandler: Failed appendEntries: org.apache.ratis.thirdparty.io.grpc.StatusRuntimeException: UNAVAILABLE: io exception
2019-11-11 04:08:29,814 [grpc-default-executor-8] INFO  impl.FollowerInfo (FollowerInfo.java:lambda$new$0(51)) - c04805f0-1fdc-4096-9f0e-017639bb4de5@group-A10C889AEEC0->f4ab3ec0-fcec-4fb2-8953-e521da90d916: nextIndex: updateUnconditionally 0 -> 0
2019-11-11 04:08:30,031 [grpc-default-executor-7] WARN  server.GrpcLogAppender (LogUtils.java:warn(134)) - 9a305e64-7592-4199-ba7e-8c2223e9b548@group-F4D747E15FF8->f4ab3ec0-fcec-4fb2-8953-e521da90d916-AppendLogResponseHandler: Failed appendEntries: org.apache.ratis.thirdparty.io.grpc.StatusRuntimeException: UNAVAILABLE: io exception
2019-11-11 04:08:30,031 [grpc-default-executor-8] WARN  server.GrpcLogAppender (LogUtils.java:warn(134)) - 9a305e64-7592-4199-ba7e-8c2223e9b548@group-F4D747E15FF8->61021d77-0677-40a1-98e7-8ba643935ac0-AppendLogResponseHandler: Failed appendEntries: org.apache.ratis.thirdparty.io.grpc.StatusRuntimeException: UNAVAILABLE: io exception
2019-11-11 04:08:30,031 [grpc-default-executor-7] INFO  impl.FollowerInfo (FollowerInfo.java:lambda$new$0(51)) - 9a305e64-7592-4199-ba7e-8c2223e9b548@group-F4D747E15FF8->f4ab3ec0-fcec-4fb2-8953-e521da90d916: nextIndex: updateUnconditionally 0 -> 0
2019-11-11 04:08:30,032 [grpc-default-executor-8] INFO  impl.FollowerInfo (FollowerInfo.java:lambda$new$0(51)) - 9a305e64-7592-4199-ba7e-8c2223e9b548@group-F4D747E15FF8->61021d77-0677-40a1-98e7-8ba643935ac0: nextIndex: updateUnconditionally 0 -> 0
2019-11-11 04:08:30,043 [grpc-default-executor-2] WARN  server.GrpcLogAppender (LogUtils.java:warn(134)) - c04805f0-1fdc-4096-9f0e-017639bb4de5@group-D5F2B638C171->f4ab3ec0-fcec-4fb2-8953-e521da90d916-AppendLogResponseHandler: Failed appendEntries: org.apache.ratis.thirdparty.io.grpc.StatusRuntimeException: UNAVAILABLE: io exception
2019-11-11 04:08:30,044 [grpc-default-executor-2] INFO  impl.FollowerInfo (FollowerInfo.java:lambda$new$0(51)) - c04805f0-1fdc-4096-9f0e-017639bb4de5@group-D5F2B638C171->f4ab3ec0-fcec-4fb2-8953-e521da90d916: nextIndex: updateUnconditionally 0 -> 0
2019-11-11 04:08:30,312 [grpc-default-executor-7] WARN  server.GrpcLogAppender (LogUtils.java:warn(134)) - c04805f0-1fdc-4096-9f0e-017639bb4de5@group-A10C889AEEC0->f4ab3ec0-fcec-4fb2-8953-e521da90d916-AppendLogResponseHandler: Failed appendEntries: org.apache.ratis.thirdparty.io.grpc.StatusRuntimeException: UNAVAILABLE: io exception
2019-11-11 04:08:30,312 [grpc-default-executor-7] INFO  impl.FollowerInfo (FollowerInfo.java:lambda$new$0(51)) - c04805f0-1fdc-4096-9f0e-017639bb4de5@group-A10C889AEEC0->f4ab3ec0-fcec-4fb2-8953-e521da90d916: nextIndex: updateUnconditionally 0 -> 0
2019-11-11 04:08:30,532 [grpc-default-executor-8] WARN  server.GrpcLogAppender (LogUtils.java:warn(134)) - 9a305e64-7592-4199-ba7e-8c2223e9b548@group-F4D747E15FF8->f4ab3ec0-fcec-4fb2-8953-e521da90d916-AppendLogResponseHandler: Failed appendEntries: org.apache.ratis.thirdparty.io.grpc.StatusRuntimeException: UNAVAILABLE: io exception
2019-11-11 04:08:30,532 [grpc-default-executor-2] WARN  server.GrpcLogAppender (LogUtils.java:warn(134)) - 9a305e64-7592-4199-ba7e-8c2223e9b548@group-F4D747E15FF8->61021d77-0677-40a1-98e7-8ba643935ac0-AppendLogResponseHandler: Failed appendEntries: org.apache.ratis.thirdparty.io.grpc.StatusRuntimeException: UNAVAILABLE: io exception
2019-11-11 04:08:30,532 [grpc-default-executor-8] INFO  impl.FollowerInfo (FollowerInfo.java:lambda$new$0(51)) - 9a305e64-7592-4199-ba7e-8c2223e9b548@group-F4D747E15FF8->f4ab3ec0-fcec-4fb2-8953-e521da90d916: nextIndex: updateUnconditionally 0 -> 0
2019-11-11 04:08:30,532 [grpc-default-executor-2] INFO  impl.FollowerInfo (FollowerInfo.java:lambda$new$0(51)) - 9a305e64-7592-4199-ba7e-8c2223e9b548@group-F4D747E15FF8->61021d77-0677-40a1-98e7-8ba643935ac0: nextIndex: updateUnconditionally 0 -> 0
2019-11-11 04:08:30,545 [grpc-default-executor-7] WARN  server.GrpcLogAppender (LogUtils.java:warn(134)) - c04805f0-1fdc-4096-9f0e-017639bb4de5@group-D5F2B638C171->f4ab3ec0-fcec-4fb2-8953-e521da90d916-AppendLogResponseHandler: Failed appendEntries: org.apache.ratis.thirdparty.io.grpc.StatusRuntimeException: UNAVAILABLE: io exception
2019-11-11 04:08:30,545 [grpc-default-executor-7] INFO  impl.FollowerInfo (FollowerInfo.java:lambda$new$0(51)) - c04805f0-1fdc-4096-9f0e-017639bb4de5@group-D5F2B638C171->f4ab3ec0-fcec-4fb2-8953-e521da90d916: nextIndex: updateUnconditionally 0 -> 0
2019-11-11 04:08:30,569 [org.apache.ratis.server.impl.LogAppender$AppenderDaemon$$Lambda$651/545843685@69bcbdd4] ERROR ratis.XceiverServerRatis (XceiverServerRatis.java:triggerPipelineClose(577)) - pipeline Action CLOSE  on pipeline PipelineID=31ac6f49-abee-419e-8f26-f4d747e15ff8.Reason : 9a305e64-7592-4199-ba7e-8c2223e9b548 has not seen follower/s 61021d77-0677-40a1-98e7-8ba643935ac0 for 120023ms
2019-11-11 04:08:30,571 [org.apache.ratis.server.impl.LogAppender$AppenderDaemon$$Lambda$651/545843685@69bcbdd4] ERROR ratis.XceiverServerRatis (XceiverServerRatis.java:triggerPipelineClose(577)) - pipeline Action CLOSE  on pipeline PipelineID=31ac6f49-abee-419e-8f26-f4d747e15ff8.Reason : 9a305e64-7592-4199-ba7e-8c2223e9b548 has not seen follower/s 61021d77-0677-40a1-98e7-8ba643935ac0 for 120044ms
2019-11-11 04:08:30,572 [grpc-default-executor-8] WARN  server.GrpcLogAppender (LogUtils.java:warn(134)) - 9a305e64-7592-4199-ba7e-8c2223e9b548@group-F4D747E15FF8->61021d77-0677-40a1-98e7-8ba643935ac0-AppendLogResponseHandler: Failed appendEntries: org.apache.ratis.thirdparty.io.grpc.StatusRuntimeException: UNAVAILABLE: io exception
2019-11-11 04:08:30,572 [grpc-default-executor-8] INFO  impl.FollowerInfo (FollowerInfo.java:lambda$new$0(51)) - 9a305e64-7592-4199-ba7e-8c2223e9b548@group-F4D747E15FF8->61021d77-0677-40a1-98e7-8ba643935ac0: nextIndex: updateUnconditionally 1 -> 0
2019-11-11 04:08:30,735 [main] INFO  ozoneimpl.OzoneContainer (OzoneContainer.java:stop(232)) - Attempting to stop container services.
2019-11-11 04:08:30,735 [ForkJoinPool.commonPool-worker-0] INFO  ozoneimpl.OzoneContainer (OzoneContainer.java:stop(232)) - Attempting to stop container services.
2019-11-11 04:08:30,736 [main] INFO  impl.RaftServerProxy (RaftServerProxy.java:lambda$close$4(314)) - c04805f0-1fdc-4096-9f0e-017639bb4de5: close
2019-11-11 04:08:30,736 [ForkJoinPool.commonPool-worker-0] INFO  impl.RaftServerProxy (RaftServerProxy.java:lambda$close$4(314)) - c4647b88-1cf5-44df-a309-1b3b0daf0e80: close
2019-11-11 04:08:30,737 [main] INFO  impl.RaftServerImpl (RaftServerImpl.java:lambda$shutdown$3(250)) - c04805f0-1fdc-4096-9f0e-017639bb4de5@group-A10C889AEEC0: shutdown
2019-11-11 04:08:30,737 [ForkJoinPool.commonPool-worker-0] INFO  server.GrpcService (GrpcService.java:closeImpl(164)) - c4647b88-1cf5-44df-a309-1b3b0daf0e80: shutdown server with port 44218 now
2019-11-11 04:08:30,737 [main] INFO  util.JmxRegister (JmxRegister.java:unregister(73)) - Successfully un-registered JMX Bean with object name Ratis:service=RaftServer,group=group-A10C889AEEC0,id=c04805f0-1fdc-4096-9f0e-017639bb4de5
2019-11-11 04:08:30,738 [main] INFO  impl.RoleInfo (RoleInfo.java:shutdownLeaderState(104)) - c04805f0-1fdc-4096-9f0e-017639bb4de5: shutdown LeaderState
2019-11-11 04:08:30,738 [ForkJoinPool.commonPool-worker-0] INFO  server.GrpcService (GrpcService.java:closeImpl(172)) - c4647b88-1cf5-44df-a309-1b3b0daf0e80: shutdown server with port 44218 successfully
2019-11-11 04:08:30,741 [main] INFO  impl.PendingRequests (PendingRequests.java:sendNotLeaderResponses(206)) - c04805f0-1fdc-4096-9f0e-017639bb4de5@group-A10C889AEEC0-PendingRequests: sendNotLeaderResponses
2019-11-11 04:08:30,742 [org.apache.ratis.server.impl.LogAppender$AppenderDaemon$$Lambda$651/545843685@6b2c3265] WARN  server.GrpcLogAppender (GrpcLogAppender.java:mayWait(151)) - c04805f0-1fdc-4096-9f0e-017639bb4de5@group-A10C889AEEC0->9a305e64-7592-4199-ba7e-8c2223e9b548-GrpcLogAppender: Wait interrupted by java.lang.InterruptedException
2019-11-11 04:08:30,742 [org.apache.ratis.server.impl.LogAppender$AppenderDaemon$$Lambda$651/545843685@792cd9a] WARN  server.GrpcLogAppender (GrpcLogAppender.java:mayWait(151)) - c04805f0-1fdc-4096-9f0e-017639bb4de5@group-A10C889AEEC0->f4ab3ec0-fcec-4fb2-8953-e521da90d916-GrpcLogAppender: Wait interrupted by java.lang.InterruptedException
2019-11-11 04:08:30,742 [main] INFO  impl.StateMachineUpdater (StateMachineUpdater.java:stopAndJoin(136)) - c04805f0-1fdc-4096-9f0e-017639bb4de5@group-A10C889AEEC0-StateMachineUpdater: set stopIndex = 0
2019-11-11 04:08:30,743 [main] INFO  impl.RaftServerImpl (ServerState.java:close(387)) - c04805f0-1fdc-4096-9f0e-017639bb4de5@group-A10C889AEEC0: closes. applyIndex: 0
2019-11-11 04:08:30,743 [refreshUsed-/workdir/hadoop-ozone/integration-test/target/test-dir/MiniOzoneClusterImpl-6985d1c7-7309-41e2-b49d-91e186e08ffa/datanode-2/data/containers] WARN  fs.CachingGetSpaceUsed (CachingGetSpaceUsed.java:run(183)) - Thread Interrupted waiting to refresh disk information: sleep interrupted
2019-11-11 04:08:30,744 [grpc-default-executor-8] INFO  server.GrpcServerProtocolService (GrpcServerProtocolService.java:onCompleted(113)) - 9a305e64-7592-4199-ba7e-8c2223e9b548: Completed APPEND_ENTRIES, lastRequest: c04805f0-1fdc-4096-9f0e-017639bb4de5->9a305e64-7592-4199-ba7e-8c2223e9b548#28-t1, previous=(t:1, i:0), leaderCommit=0, initializing? false, entries: <empty>
2019-11-11 04:08:30,744 [c04805f0-1fdc-4096-9f0e-017639bb4de5@group-A10C889AEEC0-SegmentedRaftLogWorker] INFO  segmented.SegmentedRaftLogWorker (SegmentedRaftLogWorker.java:run(316)) - c04805f0-1fdc-4096-9f0e-017639bb4de5@group-A10C889AEEC0-SegmentedRaftLogWorker was interrupted, exiting. There are 0 tasks remaining in the queue.
2019-11-11 04:08:30,747 [main] INFO  segmented.SegmentedRaftLogWorker (SegmentedRaftLogWorker.java:close(224)) - c04805f0-1fdc-4096-9f0e-017639bb4de5@group-A10C889AEEC0-SegmentedRaftLogWorker close()
2019-11-11 04:08:30,762 [main] INFO  impl.RaftServerImpl (RaftServerImpl.java:lambda$shutdown$3(250)) - c04805f0-1fdc-4096-9f0e-017639bb4de5@group-D5F2B638C171: shutdown
2019-11-11 04:08:30,763 [grpc-default-executor-8] INFO  server.GrpcLogAppender (GrpcLogAppender.java:onCompleted(308)) - c04805f0-1fdc-4096-9f0e-017639bb4de5@group-A10C889AEEC0->9a305e64-7592-4199-ba7e-8c2223e9b548-AppendLogResponseHandler: follower responses appendEntries COMPLETED
2019-11-11 04:08:30,763 [main] INFO  util.JmxRegister (JmxRegister.java:unregister(73)) - Successfully un-registered JMX Bean with object name Ratis:service=RaftServer,group=group-D5F2B638C171,id=c04805f0-1fdc-4096-9f0e-017639bb4de5
2019-11-11 04:08:30,763 [main] INFO  impl.RoleInfo (RoleInfo.java:shutdownLeaderState(104)) - c04805f0-1fdc-4096-9f0e-017639bb4de5: shutdown LeaderState
2019-11-11 04:08:30,766 [main] INFO  impl.PendingRequests (PendingRequests.java:sendNotLeaderResponses(206)) - c04805f0-1fdc-4096-9f0e-017639bb4de5@group-D5F2B638C171-PendingRequests: sendNotLeaderResponses
2019-11-11 04:08:30,766 [org.apache.ratis.server.impl.LogAppender$AppenderDaemon$$Lambda$651/545843685@2a7c70e6] WARN  server.GrpcLogAppender (GrpcLogAppender.java:mayWait(151)) - c04805f0-1fdc-4096-9f0e-017639bb4de5@group-D5F2B638C171->f4ab3ec0-fcec-4fb2-8953-e521da90d916-GrpcLogAppender: Wait interrupted by java.lang.InterruptedException
2019-11-11 04:08:30,767 [main] INFO  impl.StateMachineUpdater (StateMachineUpdater.java:stopAndJoin(136)) - c04805f0-1fdc-4096-9f0e-017639bb4de5@group-D5F2B638C171-StateMachineUpdater: set stopIndex = 0
2019-11-11 04:08:30,766 [org.apache.ratis.server.impl.LogAppender$AppenderDaemon$$Lambda$651/545843685@71a9cbbb] WARN  server.GrpcLogAppender (GrpcLogAppender.java:mayWait(151)) - c04805f0-1fdc-4096-9f0e-017639bb4de5@group-D5F2B638C171->9a305e64-7592-4199-ba7e-8c2223e9b548-GrpcLogAppender: Wait interrupted by java.lang.InterruptedException
2019-11-11 04:08:30,767 [main] INFO  impl.RaftServerImpl (ServerState.java:close(387)) - c04805f0-1fdc-4096-9f0e-017639bb4de5@group-D5F2B638C171: closes. applyIndex: 0
2019-11-11 04:08:30,768 [grpc-default-executor-2] INFO  server.GrpcServerProtocolService (GrpcServerProtocolService.java:onCompleted(113)) - 9a305e64-7592-4199-ba7e-8c2223e9b548: Completed APPEND_ENTRIES, lastRequest: c04805f0-1fdc-4096-9f0e-017639bb4de5->9a305e64-7592-4199-ba7e-8c2223e9b548#6-t2, previous=(t:2, i:0), leaderCommit=0, initializing? false, entries: <empty>
2019-11-11 04:08:30,768 [c04805f0-1fdc-4096-9f0e-017639bb4de5@group-D5F2B638C171-SegmentedRaftLogWorker] INFO  segmented.SegmentedRaftLogWorker (SegmentedRaftLogWorker.java:run(316)) - c04805f0-1fdc-4096-9f0e-017639bb4de5@group-D5F2B638C171-SegmentedRaftLogWorker was interrupted, exiting. There are 0 tasks remaining in the queue.
2019-11-11 04:08:30,768 [main] INFO  segmented.SegmentedRaftLogWorker (SegmentedRaftLogWorker.java:close(224)) - c04805f0-1fdc-4096-9f0e-017639bb4de5@group-D5F2B638C171-SegmentedRaftLogWorker close()
2019-11-11 04:08:30,770 [grpc-default-executor-7] INFO  server.GrpcLogAppender (GrpcLogAppender.java:onCompleted(308)) - c04805f0-1fdc-4096-9f0e-017639bb4de5@group-D5F2B638C171->9a305e64-7592-4199-ba7e-8c2223e9b548-AppendLogResponseHandler: follower responses appendEntries COMPLETED
2019-11-11 04:08:30,771 [main] INFO  server.GrpcService (GrpcService.java:closeImpl(164)) - c04805f0-1fdc-4096-9f0e-017639bb4de5: shutdown server with port 44743 now
2019-11-11 04:08:30,772 [grpc-default-executor-8] INFO  impl.FollowerInfo (FollowerInfo.java:lambda$new$0(51)) - c04805f0-1fdc-4096-9f0e-017639bb4de5@group-A10C889AEEC0->9a305e64-7592-4199-ba7e-8c2223e9b548: nextIndex: updateUnconditionally 1 -> 0
2019-11-11 04:08:30,772 [grpc-default-executor-7] INFO  impl.FollowerInfo (FollowerInfo.java:lambda$new$0(51)) - c04805f0-1fdc-4096-9f0e-017639bb4de5@group-D5F2B638C171->9a305e64-7592-4199-ba7e-8c2223e9b548: nextIndex: updateUnconditionally 1 -> 0
2019-11-11 04:08:30,772 [main] INFO  server.GrpcService (GrpcService.java:closeImpl(172)) - c04805f0-1fdc-4096-9f0e-017639bb4de5: shutdown server with port 44743 successfully
2019-11-11 04:08:30,781 [refreshUsed-/workdir/hadoop-ozone/integration-test/target/test-dir/MiniOzoneClusterImpl-6985d1c7-7309-41e2-b49d-91e186e08ffa/datanode-6/data/containers] WARN  fs.CachingGetSpaceUsed (CachingGetSpaceUsed.java:run(183)) - Thread Interrupted waiting to refresh disk information: sleep interrupted
2019-11-11 04:08:30,789 [ForkJoinPool.commonPool-worker-0] INFO  utils.BackgroundService (BackgroundService.java:shutdown(151)) - Shutting down service BlockDeletingService
2019-11-11 04:08:30,793 [ForkJoinPool.commonPool-worker-0] INFO  statemachine.DatanodeStateMachine (DatanodeStateMachine.java:stopDaemon(395)) - Ozone container server stopped.
2019-11-11 04:08:30,797 [ForkJoinPool.commonPool-worker-0] INFO  handler.ContextHandler (ContextHandler.java:doStop(910)) - Stopped o.e.j.w.WebAppContext@60bbacfc{/,null,UNAVAILABLE}{/hddsDatanode}
2019-11-11 04:08:30,798 [ForkJoinPool.commonPool-worker-0] INFO  server.AbstractConnector (AbstractConnector.java:doStop(318)) - Stopped ServerConnector@65b97f47{HTTP/1.1,[http/1.1]}{0.0.0.0:0}
2019-11-11 04:08:30,800 [ForkJoinPool.commonPool-worker-0] INFO  handler.ContextHandler (ContextHandler.java:doStop(910)) - Stopped o.e.j.s.ServletContextHandler@1effd53c{/static,jar:file:/home/user/.m2/repository/org/apache/hadoop/hadoop-hdds-container-service/0.5.0-SNAPSHOT/hadoop-hdds-container-service-0.5.0-SNAPSHOT.jar!/webapps/static,UNAVAILABLE}
2019-11-11 04:08:30,801 [ForkJoinPool.commonPool-worker-0] INFO  handler.ContextHandler (ContextHandler.java:doStop(910)) - Stopped o.e.j.s.ServletContextHandler@31ee2fdb{/logs,file:///workdir/hadoop-ozone/integration-test/target/log,UNAVAILABLE}
2019-11-11 04:08:30,804 [main] INFO  utils.BackgroundService (BackgroundService.java:shutdown(151)) - Shutting down service BlockDeletingService
2019-11-11 04:08:30,808 [main] INFO  statemachine.DatanodeStateMachine (DatanodeStateMachine.java:stopDaemon(395)) - Ozone container server stopped.
2019-11-11 04:08:30,809 [main] INFO  handler.ContextHandler (ContextHandler.java:doStop(910)) - Stopped o.e.j.w.WebAppContext@250a500b{/,null,UNAVAILABLE}{/hddsDatanode}
2019-11-11 04:08:30,809 [main] INFO  server.AbstractConnector (AbstractConnector.java:doStop(318)) - Stopped ServerConnector@75d982d3{HTTP/1.1,[http/1.1]}{0.0.0.0:0}
2019-11-11 04:08:30,810 [main] INFO  handler.ContextHandler (ContextHandler.java:doStop(910)) - Stopped o.e.j.s.ServletContextHandler@45acdd11{/static,jar:file:/home/user/.m2/repository/org/apache/hadoop/hadoop-hdds-container-service/0.5.0-SNAPSHOT/hadoop-hdds-container-service-0.5.0-SNAPSHOT.jar!/webapps/static,UNAVAILABLE}
2019-11-11 04:08:30,810 [main] INFO  handler.ContextHandler (ContextHandler.java:doStop(910)) - Stopped o.e.j.s.ServletContextHandler@5d2828c9{/logs,file:///workdir/hadoop-ozone/integration-test/target/log,UNAVAILABLE}
2019-11-11 04:08:30,855 [Datanode State Machine Thread - 0] INFO  statemachine.DatanodeStateMachine (DatanodeStateMachine.java:lambda$startDaemon$0(350)) - Ozone container server started.
2019-11-11 04:08:31,032 [grpc-default-executor-7] WARN  server.GrpcLogAppender (LogUtils.java:warn(134)) - 9a305e64-7592-4199-ba7e-8c2223e9b548@group-F4D747E15FF8->f4ab3ec0-fcec-4fb2-8953-e521da90d916-AppendLogResponseHandler: Failed appendEntries: org.apache.ratis.thirdparty.io.grpc.StatusRuntimeException: UNAVAILABLE: io exception
2019-11-11 04:08:31,033 [grpc-default-executor-7] INFO  impl.FollowerInfo (FollowerInfo.java:lambda$new$0(51)) - 9a305e64-7592-4199-ba7e-8c2223e9b548@group-F4D747E15FF8->f4ab3ec0-fcec-4fb2-8953-e521da90d916: nextIndex: updateUnconditionally 0 -> 0
2019-11-11 04:08:31,071 [org.apache.ratis.server.impl.LogAppender$AppenderDaemon$$Lambda$651/545843685@69bcbdd4] ERROR ratis.XceiverServerRatis (XceiverServerRatis.java:triggerPipelineClose(577)) - pipeline Action CLOSE  on pipeline PipelineID=31ac6f49-abee-419e-8f26-f4d747e15ff8.Reason : 9a305e64-7592-4199-ba7e-8c2223e9b548 has not seen follower/s 61021d77-0677-40a1-98e7-8ba643935ac0 for 120545ms
2019-11-11 04:08:31,072 [grpc-default-executor-7] WARN  server.GrpcLogAppender (LogUtils.java:warn(134)) - 9a305e64-7592-4199-ba7e-8c2223e9b548@group-F4D747E15FF8->61021d77-0677-40a1-98e7-8ba643935ac0-AppendLogResponseHandler: Failed appendEntries: org.apache.ratis.thirdparty.io.grpc.StatusRuntimeException: UNAVAILABLE: io exception
2019-11-11 04:08:31,073 [grpc-default-executor-7] INFO  impl.FollowerInfo (FollowerInfo.java:lambda$new$0(51)) - 9a305e64-7592-4199-ba7e-8c2223e9b548@group-F4D747E15FF8->61021d77-0677-40a1-98e7-8ba643935ac0: nextIndex: updateUnconditionally 0 -> 0
2019-11-11 04:08:31,502 [EventQueue-PipelineActionsForPipelineActionHandler] ERROR pipeline.PipelineActionHandler (PipelineActionHandler.java:onMessage(60)) - Received pipeline action CLOSE for Pipeline[ Id: 31ac6f49-abee-419e-8f26-f4d747e15ff8, Nodes: 61021d77-0677-40a1-98e7-8ba643935ac0{ip: 192.168.34.63, host: trunk-nightly-20191111-g5xpl-2663879777, networkLocation: /default-rack, certSerialId: null}f4ab3ec0-fcec-4fb2-8953-e521da90d916{ip: 192.168.34.63, host: trunk-nightly-20191111-g5xpl-2663879777, networkLocation: /default-rack, certSerialId: null}9a305e64-7592-4199-ba7e-8c2223e9b548{ip: 192.168.34.63, host: trunk-nightly-20191111-g5xpl-2663879777, networkLocation: /default-rack, certSerialId: null}, Type:RATIS, Factor:THREE, State:CLOSED] from datanode 9a305e64-7592-4199-ba7e-8c2223e9b548{ip: 192.168.34.63, host: trunk-nightly-20191111-g5xpl-2663879777, networkLocation: /default-rack, certSerialId: null}. Reason : 9a305e64-7592-4199-ba7e-8c2223e9b548 has not seen follower/s 61021d77-0677-40a1-98e7-8ba643935ac0 for 120023ms
2019-11-11 04:08:31,502 [EventQueue-PipelineActionsForPipelineActionHandler] INFO  pipeline.SCMPipelineManager (SCMPipelineManager.java:finalizeAndDestroyPipeline(315)) - destroying pipeline:Pipeline[ Id: 31ac6f49-abee-419e-8f26-f4d747e15ff8, Nodes: 61021d77-0677-40a1-98e7-8ba643935ac0{ip: 192.168.34.63, host: trunk-nightly-20191111-g5xpl-2663879777, networkLocation: /default-rack, certSerialId: null}f4ab3ec0-fcec-4fb2-8953-e521da90d916{ip: 192.168.34.63, host: trunk-nightly-20191111-g5xpl-2663879777, networkLocation: /default-rack, certSerialId: null}9a305e64-7592-4199-ba7e-8c2223e9b548{ip: 192.168.34.63, host: trunk-nightly-20191111-g5xpl-2663879777, networkLocation: /default-rack, certSerialId: null}, Type:RATIS, Factor:THREE, State:CLOSED]
2019-11-11 04:08:31,508 [Datanode State Machine Thread - 0] INFO  statemachine.DatanodeStateMachine (DatanodeStateMachine.java:lambda$startDaemon$0(350)) - Ozone container server started.
2019-11-11 04:08:31,533 [grpc-default-executor-2] WARN  server.GrpcLogAppender (LogUtils.java:warn(134)) - 9a305e64-7592-4199-ba7e-8c2223e9b548@group-F4D747E15FF8->f4ab3ec0-fcec-4fb2-8953-e521da90d916-AppendLogResponseHandler: Failed appendEntries: org.apache.ratis.thirdparty.io.grpc.StatusRuntimeException: UNAVAILABLE: io exception
2019-11-11 04:08:31,533 [grpc-default-executor-2] INFO  impl.FollowerInfo (FollowerInfo.java:lambda$new$0(51)) - 9a305e64-7592-4199-ba7e-8c2223e9b548@group-F4D747E15FF8->f4ab3ec0-fcec-4fb2-8953-e521da90d916: nextIndex: updateUnconditionally 0 -> 0
2019-11-11 04:08:31,572 [org.apache.ratis.server.impl.LogAppender$AppenderDaemon$$Lambda$651/545843685@69bcbdd4] ERROR ratis.XceiverServerRatis (XceiverServerRatis.java:triggerPipelineClose(577)) - pipeline Action CLOSE  on pipeline PipelineID=31ac6f49-abee-419e-8f26-f4d747e15ff8.Reason : 9a305e64-7592-4199-ba7e-8c2223e9b548 has not seen follower/s 61021d77-0677-40a1-98e7-8ba643935ac0 for 121045ms
2019-11-11 04:08:31,573 [grpc-default-executor-8] WARN  server.GrpcLogAppender (LogUtils.java:warn(134)) - 9a305e64-7592-4199-ba7e-8c2223e9b548@group-F4D747E15FF8->61021d77-0677-40a1-98e7-8ba643935ac0-AppendLogResponseHandler: Failed appendEntries: org.apache.ratis.thirdparty.io.grpc.StatusRuntimeException: UNAVAILABLE: io exception
2019-11-11 04:08:31,573 [grpc-default-executor-8] INFO  impl.FollowerInfo (FollowerInfo.java:lambda$new$0(51)) - 9a305e64-7592-4199-ba7e-8c2223e9b548@group-F4D747E15FF8->61021d77-0677-40a1-98e7-8ba643935ac0: nextIndex: updateUnconditionally 0 -> 0
2019-11-11 04:08:32,033 [grpc-default-executor-7] WARN  server.GrpcLogAppender (LogUtils.java:warn(134)) - 9a305e64-7592-4199-ba7e-8c2223e9b548@group-F4D747E15FF8->f4ab3ec0-fcec-4fb2-8953-e521da90d916-AppendLogResponseHandler: Failed appendEntries: org.apache.ratis.thirdparty.io.grpc.StatusRuntimeException: UNAVAILABLE: io exception
2019-11-11 04:08:32,034 [grpc-default-executor-7] INFO  impl.FollowerInfo (FollowerInfo.java:lambda$new$0(51)) - 9a305e64-7592-4199-ba7e-8c2223e9b548@group-F4D747E15FF8->f4ab3ec0-fcec-4fb2-8953-e521da90d916: nextIndex: updateUnconditionally 0 -> 0
2019-11-11 04:08:32,040 [Thread-1020] INFO  impl.FollowerState (FollowerState.java:run(111)) - 9a305e64-7592-4199-ba7e-8c2223e9b548@group-A10C889AEEC0-FollowerState: change to CANDIDATE, lastRpcTime:1665ms, electionTimeout:1188ms
2019-11-11 04:08:32,041 [Thread-1020] INFO  impl.RoleInfo (RoleInfo.java:shutdownFollowerState(121)) - 9a305e64-7592-4199-ba7e-8c2223e9b548: shutdown FollowerState
2019-11-11 04:08:32,041 [Thread-1020] INFO  impl.RaftServerImpl (RaftServerImpl.java:setRole(173)) - 9a305e64-7592-4199-ba7e-8c2223e9b548@group-A10C889AEEC0: changes role from  FOLLOWER to CANDIDATE at term 1 for changeToCandidate
2019-11-11 04:08:32,041 [Thread-1020] INFO  impl.RoleInfo (RoleInfo.java:updateAndGet(143)) - 9a305e64-7592-4199-ba7e-8c2223e9b548: start LeaderElection
2019-11-11 04:08:32,043 [9a305e64-7592-4199-ba7e-8c2223e9b548@group-A10C889AEEC0-LeaderElection28] INFO  impl.RaftServerImpl (ServerState.java:setLeader(255)) - 9a305e64-7592-4199-ba7e-8c2223e9b548@group-A10C889AEEC0: change Leader from c04805f0-1fdc-4096-9f0e-017639bb4de5 to null at term 1 for initElection
2019-11-11 04:08:32,057 [9a305e64-7592-4199-ba7e-8c2223e9b548@group-A10C889AEEC0-LeaderElection28] INFO  impl.LeaderElection (LeaderElection.java:askForVotes(178)) - 9a305e64-7592-4199-ba7e-8c2223e9b548@group-A10C889AEEC0-LeaderElection28: begin an election at term 2 for 0: [9a305e64-7592-4199-ba7e-8c2223e9b548:192.168.34.63:35969, c04805f0-1fdc-4096-9f0e-017639bb4de5:192.168.34.63:44743, f4ab3ec0-fcec-4fb2-8953-e521da90d916:192.168.34.63:41296], old=null
2019-11-11 04:08:32,060 [9a305e64-7592-4199-ba7e-8c2223e9b548@group-A10C889AEEC0-LeaderElection28] INFO  impl.LeaderElection (LogUtils.java:infoOrTrace(149)) - 9a305e64-7592-4199-ba7e-8c2223e9b548@group-A10C889AEEC0-LeaderElection28 got exception when requesting votes: {}
java.util.concurrent.ExecutionException: org.apache.ratis.thirdparty.io.grpc.StatusRuntimeException: UNAVAILABLE: io exception
	at java.util.concurrent.FutureTask.report(FutureTask.java:122)
	at java.util.concurrent.FutureTask.get(FutureTask.java:192)
	at org.apache.ratis.server.impl.LeaderElection.waitForResults(LeaderElection.java:259)
	at org.apache.ratis.server.impl.LeaderElection.askForVotes(LeaderElection.java:197)
	at org.apache.ratis.server.impl.LeaderElection.run(LeaderElection.java:133)
	at java.lang.Thread.run(Thread.java:748)
Caused by: org.apache.ratis.thirdparty.io.grpc.StatusRuntimeException: UNAVAILABLE: io exception
	at org.apache.ratis.thirdparty.io.grpc.stub.ClientCalls.toStatusRuntimeException(ClientCalls.java:233)
	at org.apache.ratis.thirdparty.io.grpc.stub.ClientCalls.getUnchecked(ClientCalls.java:214)
	at org.apache.ratis.thirdparty.io.grpc.stub.ClientCalls.blockingUnaryCall(ClientCalls.java:139)
	at org.apache.ratis.proto.grpc.RaftServerProtocolServiceGrpc$RaftServerProtocolServiceBlockingStub.requestVote(RaftServerProtocolServiceGrpc.java:265)
	at org.apache.ratis.grpc.server.GrpcServerProtocolClient.requestVote(GrpcServerProtocolClient.java:99)
	at org.apache.ratis.grpc.server.GrpcService.requestVote(GrpcService.java:204)
	at org.apache.ratis.server.impl.LeaderElection.lambda$submitRequests$1(LeaderElection.java:234)
	at java.util.concurrent.FutureTask.run(FutureTask.java:266)
	at java.util.concurrent.Executors$RunnableAdapter.call(Executors.java:511)
	at java.util.concurrent.FutureTask.run(FutureTask.java:266)
	at java.util.concurrent.ThreadPoolExecutor.runWorker(ThreadPoolExecutor.java:1149)
	at java.util.concurrent.ThreadPoolExecutor$Worker.run(ThreadPoolExecutor.java:624)
	... 1 more
Caused by: org.apache.ratis.thirdparty.io.netty.channel.AbstractChannel$AnnotatedConnectException: Connection refused: /192.168.34.63:41296
	at sun.nio.ch.SocketChannelImpl.checkConnect(Native Method)
	at sun.nio.ch.SocketChannelImpl.finishConnect(SocketChannelImpl.java:717)
	at org.apache.ratis.thirdparty.io.netty.channel.socket.nio.NioSocketChannel.doFinishConnect(NioSocketChannel.java:327)
	at org.apache.ratis.thirdparty.io.netty.channel.nio.AbstractNioChannel$AbstractNioUnsafe.finishConnect(AbstractNioChannel.java:340)
	at org.apache.ratis.thirdparty.io.netty.channel.nio.NioEventLoop.processSelectedKey(NioEventLoop.java:632)
	at org.apache.ratis.thirdparty.io.netty.channel.nio.NioEventLoop.processSelectedKeysOptimized(NioEventLoop.java:579)
	at org.apache.ratis.thirdparty.io.netty.channel.nio.NioEventLoop.processSelectedKeys(NioEventLoop.java:496)
	at org.apache.ratis.thirdparty.io.netty.channel.nio.NioEventLoop.run(NioEventLoop.java:458)
	at org.apache.ratis.thirdparty.io.netty.util.concurrent.SingleThreadEventExecutor$5.run(SingleThreadEventExecutor.java:897)
	at org.apache.ratis.thirdparty.io.netty.util.concurrent.FastThreadLocalRunnable.run(FastThreadLocalRunnable.java:30)
	... 1 more
Caused by: java.net.ConnectException: Connection refused
	... 11 more
2019-11-11 04:08:32,061 [9a305e64-7592-4199-ba7e-8c2223e9b548@group-A10C889AEEC0-LeaderElection28] INFO  impl.LeaderElection (LogUtils.java:infoOrTrace(149)) - 9a305e64-7592-4199-ba7e-8c2223e9b548@group-A10C889AEEC0-LeaderElection28 got exception when requesting votes: {}
java.util.concurrent.ExecutionException: org.apache.ratis.thirdparty.io.grpc.StatusRuntimeException: UNAVAILABLE: io exception
	at java.util.concurrent.FutureTask.report(FutureTask.java:122)
	at java.util.concurrent.FutureTask.get(FutureTask.java:192)
	at org.apache.ratis.server.impl.LeaderElection.waitForResults(LeaderElection.java:259)
	at org.apache.ratis.server.impl.LeaderElection.askForVotes(LeaderElection.java:197)
	at org.apache.ratis.server.impl.LeaderElection.run(LeaderElection.java:133)
	at java.lang.Thread.run(Thread.java:748)
Caused by: org.apache.ratis.thirdparty.io.grpc.StatusRuntimeException: UNAVAILABLE: io exception
	at org.apache.ratis.thirdparty.io.grpc.stub.ClientCalls.toStatusRuntimeException(ClientCalls.java:233)
	at org.apache.ratis.thirdparty.io.grpc.stub.ClientCalls.getUnchecked(ClientCalls.java:214)
	at org.apache.ratis.thirdparty.io.grpc.stub.ClientCalls.blockingUnaryCall(ClientCalls.java:139)
	at org.apache.ratis.proto.grpc.RaftServerProtocolServiceGrpc$RaftServerProtocolServiceBlockingStub.requestVote(RaftServerProtocolServiceGrpc.java:265)
	at org.apache.ratis.grpc.server.GrpcServerProtocolClient.requestVote(GrpcServerProtocolClient.java:99)
	at org.apache.ratis.grpc.server.GrpcService.requestVote(GrpcService.java:204)
	at org.apache.ratis.server.impl.LeaderElection.lambda$submitRequests$1(LeaderElection.java:234)
	at java.util.concurrent.FutureTask.run(FutureTask.java:266)
	at java.util.concurrent.Executors$RunnableAdapter.call(Executors.java:511)
	at java.util.concurrent.FutureTask.run(FutureTask.java:266)
	at java.util.concurrent.ThreadPoolExecutor.runWorker(ThreadPoolExecutor.java:1149)
	at java.util.concurrent.ThreadPoolExecutor$Worker.run(ThreadPoolExecutor.java:624)
	... 1 more
Caused by: org.apache.ratis.thirdparty.io.netty.channel.AbstractChannel$AnnotatedConnectException: Connection refused: /192.168.34.63:44743
	at sun.nio.ch.SocketChannelImpl.checkConnect(Native Method)
	at sun.nio.ch.SocketChannelImpl.finishConnect(SocketChannelImpl.java:717)
	at org.apache.ratis.thirdparty.io.netty.channel.socket.nio.NioSocketChannel.doFinishConnect(NioSocketChannel.java:327)
	at org.apache.ratis.thirdparty.io.netty.channel.nio.AbstractNioChannel$AbstractNioUnsafe.finishConnect(AbstractNioChannel.java:340)
	at org.apache.ratis.thirdparty.io.netty.channel.nio.NioEventLoop.processSelectedKey(NioEventLoop.java:632)
	at org.apache.ratis.thirdparty.io.netty.channel.nio.NioEventLoop.processSelectedKeysOptimized(NioEventLoop.java:579)
	at org.apache.ratis.thirdparty.io.netty.channel.nio.NioEventLoop.processSelectedKeys(NioEventLoop.java:496)
	at org.apache.ratis.thirdparty.io.netty.channel.nio.NioEventLoop.run(NioEventLoop.java:458)
	at org.apache.ratis.thirdparty.io.netty.util.concurrent.SingleThreadEventExecutor$5.run(SingleThreadEventExecutor.java:897)
	at org.apache.ratis.thirdparty.io.netty.util.concurrent.FastThreadLocalRunnable.run(FastThreadLocalRunnable.java:30)
	... 1 more
Caused by: java.net.ConnectException: Connection refused
	... 11 more
2019-11-11 04:08:32,061 [9a305e64-7592-4199-ba7e-8c2223e9b548@group-A10C889AEEC0-LeaderElection28] INFO  impl.LeaderElection (LeaderElection.java:logAndReturn(56)) - 9a305e64-7592-4199-ba7e-8c2223e9b548@group-A10C889AEEC0-LeaderElection28: Election REJECTED; received 0 response(s) [] and 2 exception(s); 9a305e64-7592-4199-ba7e-8c2223e9b548@group-A10C889AEEC0:t2, leader=null, voted=9a305e64-7592-4199-ba7e-8c2223e9b548, raftlog=9a305e64-7592-4199-ba7e-8c2223e9b548@group-A10C889AEEC0-SegmentedRaftLog:OPENED:c0,f0,i0, conf=0: [9a305e64-7592-4199-ba7e-8c2223e9b548:192.168.34.63:35969, c04805f0-1fdc-4096-9f0e-017639bb4de5:192.168.34.63:44743, f4ab3ec0-fcec-4fb2-8953-e521da90d916:192.168.34.63:41296], old=null
2019-11-11 04:08:32,061 [9a305e64-7592-4199-ba7e-8c2223e9b548@group-A10C889AEEC0-LeaderElection28] INFO  impl.LeaderElection (LogUtils.java:infoOrTrace(149)) -   Exception 0: {}
java.util.concurrent.ExecutionException: org.apache.ratis.thirdparty.io.grpc.StatusRuntimeException: UNAVAILABLE: io exception
	at java.util.concurrent.FutureTask.report(FutureTask.java:122)
	at java.util.concurrent.FutureTask.get(FutureTask.java:192)
	at org.apache.ratis.server.impl.LeaderElection.waitForResults(LeaderElection.java:259)
	at org.apache.ratis.server.impl.LeaderElection.askForVotes(LeaderElection.java:197)
	at org.apache.ratis.server.impl.LeaderElection.run(LeaderElection.java:133)
	at java.lang.Thread.run(Thread.java:748)
Caused by: org.apache.ratis.thirdparty.io.grpc.StatusRuntimeException: UNAVAILABLE: io exception
	at org.apache.ratis.thirdparty.io.grpc.stub.ClientCalls.toStatusRuntimeException(ClientCalls.java:233)
	at org.apache.ratis.thirdparty.io.grpc.stub.ClientCalls.getUnchecked(ClientCalls.java:214)
	at org.apache.ratis.thirdparty.io.grpc.stub.ClientCalls.blockingUnaryCall(ClientCalls.java:139)
	at org.apache.ratis.proto.grpc.RaftServerProtocolServiceGrpc$RaftServerProtocolServiceBlockingStub.requestVote(RaftServerProtocolServiceGrpc.java:265)
	at org.apache.ratis.grpc.server.GrpcServerProtocolClient.requestVote(GrpcServerProtocolClient.java:99)
	at org.apache.ratis.grpc.server.GrpcService.requestVote(GrpcService.java:204)
	at org.apache.ratis.server.impl.LeaderElection.lambda$submitRequests$1(LeaderElection.java:234)
	at java.util.concurrent.FutureTask.run(FutureTask.java:266)
	at java.util.concurrent.Executors$RunnableAdapter.call(Executors.java:511)
	at java.util.concurrent.FutureTask.run(FutureTask.java:266)
	at java.util.concurrent.ThreadPoolExecutor.runWorker(ThreadPoolExecutor.java:1149)
	at java.util.concurrent.ThreadPoolExecutor$Worker.run(ThreadPoolExecutor.java:624)
	... 1 more
Caused by: org.apache.ratis.thirdparty.io.netty.channel.AbstractChannel$AnnotatedConnectException: Connection refused: /192.168.34.63:41296
	at sun.nio.ch.SocketChannelImpl.checkConnect(Native Method)
	at sun.nio.ch.SocketChannelImpl.finishConnect(SocketChannelImpl.java:717)
	at org.apache.ratis.thirdparty.io.netty.channel.socket.nio.NioSocketChannel.doFinishConnect(NioSocketChannel.java:327)
	at org.apache.ratis.thirdparty.io.netty.channel.nio.AbstractNioChannel$AbstractNioUnsafe.finishConnect(AbstractNioChannel.java:340)
	at org.apache.ratis.thirdparty.io.netty.channel.nio.NioEventLoop.processSelectedKey(NioEventLoop.java:632)
	at org.apache.ratis.thirdparty.io.netty.channel.nio.NioEventLoop.processSelectedKeysOptimized(NioEventLoop.java:579)
	at org.apache.ratis.thirdparty.io.netty.channel.nio.NioEventLoop.processSelectedKeys(NioEventLoop.java:496)
	at org.apache.ratis.thirdparty.io.netty.channel.nio.NioEventLoop.run(NioEventLoop.java:458)
	at org.apache.ratis.thirdparty.io.netty.util.concurrent.SingleThreadEventExecutor$5.run(SingleThreadEventExecutor.java:897)
	at org.apache.ratis.thirdparty.io.netty.util.concurrent.FastThreadLocalRunnable.run(FastThreadLocalRunnable.java:30)
	... 1 more
Caused by: java.net.ConnectException: Connection refused
	... 11 more
2019-11-11 04:08:32,062 [9a305e64-7592-4199-ba7e-8c2223e9b548@group-A10C889AEEC0-LeaderElection28] INFO  impl.LeaderElection (LogUtils.java:infoOrTrace(149)) -   Exception 1: {}
java.util.concurrent.ExecutionException: org.apache.ratis.thirdparty.io.grpc.StatusRuntimeException: UNAVAILABLE: io exception
	at java.util.concurrent.FutureTask.report(FutureTask.java:122)
	at java.util.concurrent.FutureTask.get(FutureTask.java:192)
	at org.apache.ratis.server.impl.LeaderElection.waitForResults(LeaderElection.java:259)
	at org.apache.ratis.server.impl.LeaderElection.askForVotes(LeaderElection.java:197)
	at org.apache.ratis.server.impl.LeaderElection.run(LeaderElection.java:133)
	at java.lang.Thread.run(Thread.java:748)
Caused by: org.apache.ratis.thirdparty.io.grpc.StatusRuntimeException: UNAVAILABLE: io exception
	at org.apache.ratis.thirdparty.io.grpc.stub.ClientCalls.toStatusRuntimeException(ClientCalls.java:233)
	at org.apache.ratis.thirdparty.io.grpc.stub.ClientCalls.getUnchecked(ClientCalls.java:214)
	at org.apache.ratis.thirdparty.io.grpc.stub.ClientCalls.blockingUnaryCall(ClientCalls.java:139)
	at org.apache.ratis.proto.grpc.RaftServerProtocolServiceGrpc$RaftServerProtocolServiceBlockingStub.requestVote(RaftServerProtocolServiceGrpc.java:265)
	at org.apache.ratis.grpc.server.GrpcServerProtocolClient.requestVote(GrpcServerProtocolClient.java:99)
	at org.apache.ratis.grpc.server.GrpcService.requestVote(GrpcService.java:204)
	at org.apache.ratis.server.impl.LeaderElection.lambda$submitRequests$1(LeaderElection.java:234)
	at java.util.concurrent.FutureTask.run(FutureTask.java:266)
	at java.util.concurrent.Executors$RunnableAdapter.call(Executors.java:511)
	at java.util.concurrent.FutureTask.run(FutureTask.java:266)
	at java.util.concurrent.ThreadPoolExecutor.runWorker(ThreadPoolExecutor.java:1149)
	at java.util.concurrent.ThreadPoolExecutor$Worker.run(ThreadPoolExecutor.java:624)
	... 1 more
Caused by: org.apache.ratis.thirdparty.io.netty.channel.AbstractChannel$AnnotatedConnectException: Connection refused: /192.168.34.63:44743
	at sun.nio.ch.SocketChannelImpl.checkConnect(Native Method)
	at sun.nio.ch.SocketChannelImpl.finishConnect(SocketChannelImpl.java:717)
	at org.apache.ratis.thirdparty.io.netty.channel.socket.nio.NioSocketChannel.doFinishConnect(NioSocketChannel.java:327)
	at org.apache.ratis.thirdparty.io.netty.channel.nio.AbstractNioChannel$AbstractNioUnsafe.finishConnect(AbstractNioChannel.java:340)
	at org.apache.ratis.thirdparty.io.netty.channel.nio.NioEventLoop.processSelectedKey(NioEventLoop.java:632)
	at org.apache.ratis.thirdparty.io.netty.channel.nio.NioEventLoop.processSelectedKeysOptimized(NioEventLoop.java:579)
	at org.apache.ratis.thirdparty.io.netty.channel.nio.NioEventLoop.processSelectedKeys(NioEventLoop.java:496)
	at org.apache.ratis.thirdparty.io.netty.channel.nio.NioEventLoop.run(NioEventLoop.java:458)
	at org.apache.ratis.thirdparty.io.netty.util.concurrent.SingleThreadEventExecutor$5.run(SingleThreadEventExecutor.java:897)
	at org.apache.ratis.thirdparty.io.netty.util.concurrent.FastThreadLocalRunnable.run(FastThreadLocalRunnable.java:30)
	... 1 more
Caused by: java.net.ConnectException: Connection refused
	... 11 more
2019-11-11 04:08:32,062 [9a305e64-7592-4199-ba7e-8c2223e9b548@group-A10C889AEEC0-LeaderElection28] INFO  impl.RaftServerImpl (RaftServerImpl.java:setRole(173)) - 9a305e64-7592-4199-ba7e-8c2223e9b548@group-A10C889AEEC0: changes role from CANDIDATE to FOLLOWER at term 2 for DISCOVERED_A_NEW_TERM
2019-11-11 04:08:32,063 [9a305e64-7592-4199-ba7e-8c2223e9b548@group-A10C889AEEC0-LeaderElection28] INFO  impl.RoleInfo (RoleInfo.java:shutdownLeaderElection(134)) - 9a305e64-7592-4199-ba7e-8c2223e9b548: shutdown LeaderElection
2019-11-11 04:08:32,063 [9a305e64-7592-4199-ba7e-8c2223e9b548@group-A10C889AEEC0-LeaderElection28] INFO  impl.RoleInfo (RoleInfo.java:updateAndGet(143)) - 9a305e64-7592-4199-ba7e-8c2223e9b548: start FollowerState
2019-11-11 04:08:32,073 [org.apache.ratis.server.impl.LogAppender$AppenderDaemon$$Lambda$651/545843685@69bcbdd4] ERROR ratis.XceiverServerRatis (XceiverServerRatis.java:triggerPipelineClose(577)) - pipeline Action CLOSE  on pipeline PipelineID=31ac6f49-abee-419e-8f26-f4d747e15ff8.Reason : 9a305e64-7592-4199-ba7e-8c2223e9b548 has not seen follower/s 61021d77-0677-40a1-98e7-8ba643935ac0 for 121546ms
2019-11-11 04:08:32,073 [grpc-default-executor-7] WARN  server.GrpcLogAppender (LogUtils.java:warn(134)) - 9a305e64-7592-4199-ba7e-8c2223e9b548@group-F4D747E15FF8->61021d77-0677-40a1-98e7-8ba643935ac0-AppendLogResponseHandler: Failed appendEntries: org.apache.ratis.thirdparty.io.grpc.StatusRuntimeException: UNAVAILABLE: io exception
2019-11-11 04:08:32,073 [grpc-default-executor-7] INFO  impl.FollowerInfo (FollowerInfo.java:lambda$new$0(51)) - 9a305e64-7592-4199-ba7e-8c2223e9b548@group-F4D747E15FF8->61021d77-0677-40a1-98e7-8ba643935ac0: nextIndex: updateUnconditionally 0 -> 0
2019-11-11 04:08:32,312 [Thread-1070] INFO  impl.FollowerState (FollowerState.java:run(111)) - 9a305e64-7592-4199-ba7e-8c2223e9b548@group-D5F2B638C171-FollowerState: change to CANDIDATE, lastRpcTime:1758ms, electionTimeout:1066ms
2019-11-11 04:08:32,312 [Thread-1070] INFO  impl.RoleInfo (RoleInfo.java:shutdownFollowerState(121)) - 9a305e64-7592-4199-ba7e-8c2223e9b548: shutdown FollowerState
2019-11-11 04:08:32,312 [Thread-1070] INFO  impl.RaftServerImpl (RaftServerImpl.java:setRole(173)) - 9a305e64-7592-4199-ba7e-8c2223e9b548@group-D5F2B638C171: changes role from  FOLLOWER to CANDIDATE at term 2 for changeToCandidate
2019-11-11 04:08:32,312 [Thread-1070] INFO  impl.RoleInfo (RoleInfo.java:updateAndGet(143)) - 9a305e64-7592-4199-ba7e-8c2223e9b548: start LeaderElection
2019-11-11 04:08:32,314 [9a305e64-7592-4199-ba7e-8c2223e9b548@group-D5F2B638C171-LeaderElection29] INFO  impl.RaftServerImpl (ServerState.java:setLeader(255)) - 9a305e64-7592-4199-ba7e-8c2223e9b548@group-D5F2B638C171: change Leader from c04805f0-1fdc-4096-9f0e-017639bb4de5 to null at term 2 for initElection
2019-11-11 04:08:32,328 [9a305e64-7592-4199-ba7e-8c2223e9b548@group-D5F2B638C171-LeaderElection29] INFO  impl.LeaderElection (LeaderElection.java:askForVotes(178)) - 9a305e64-7592-4199-ba7e-8c2223e9b548@group-D5F2B638C171-LeaderElection29: begin an election at term 3 for 0: [9a305e64-7592-4199-ba7e-8c2223e9b548:192.168.34.63:35969, c04805f0-1fdc-4096-9f0e-017639bb4de5:192.168.34.63:44743, f4ab3ec0-fcec-4fb2-8953-e521da90d916:192.168.34.63:41296], old=null
2019-11-11 04:08:32,329 [9a305e64-7592-4199-ba7e-8c2223e9b548@group-D5F2B638C171-LeaderElection29] INFO  impl.LeaderElection (LogUtils.java:infoOrTrace(149)) - 9a305e64-7592-4199-ba7e-8c2223e9b548@group-D5F2B638C171-LeaderElection29 got exception when requesting votes: {}
java.util.concurrent.ExecutionException: org.apache.ratis.thirdparty.io.grpc.StatusRuntimeException: UNAVAILABLE: io exception
	at java.util.concurrent.FutureTask.report(FutureTask.java:122)
	at java.util.concurrent.FutureTask.get(FutureTask.java:192)
	at org.apache.ratis.server.impl.LeaderElection.waitForResults(LeaderElection.java:259)
	at org.apache.ratis.server.impl.LeaderElection.askForVotes(LeaderElection.java:197)
	at org.apache.ratis.server.impl.LeaderElection.run(LeaderElection.java:133)
	at java.lang.Thread.run(Thread.java:748)
Caused by: org.apache.ratis.thirdparty.io.grpc.StatusRuntimeException: UNAVAILABLE: io exception
	at org.apache.ratis.thirdparty.io.grpc.stub.ClientCalls.toStatusRuntimeException(ClientCalls.java:233)
	at org.apache.ratis.thirdparty.io.grpc.stub.ClientCalls.getUnchecked(ClientCalls.java:214)
	at org.apache.ratis.thirdparty.io.grpc.stub.ClientCalls.blockingUnaryCall(ClientCalls.java:139)
	at org.apache.ratis.proto.grpc.RaftServerProtocolServiceGrpc$RaftServerProtocolServiceBlockingStub.requestVote(RaftServerProtocolServiceGrpc.java:265)
	at org.apache.ratis.grpc.server.GrpcServerProtocolClient.requestVote(GrpcServerProtocolClient.java:99)
	at org.apache.ratis.grpc.server.GrpcService.requestVote(GrpcService.java:204)
	at org.apache.ratis.server.impl.LeaderElection.lambda$submitRequests$1(LeaderElection.java:234)
	at java.util.concurrent.FutureTask.run(FutureTask.java:266)
	at java.util.concurrent.Executors$RunnableAdapter.call(Executors.java:511)
	at java.util.concurrent.FutureTask.run(FutureTask.java:266)
	at java.util.concurrent.ThreadPoolExecutor.runWorker(ThreadPoolExecutor.java:1149)
	at java.util.concurrent.ThreadPoolExecutor$Worker.run(ThreadPoolExecutor.java:624)
	... 1 more
Caused by: org.apache.ratis.thirdparty.io.netty.channel.AbstractChannel$AnnotatedConnectException: Connection refused: /192.168.34.63:44743
	at sun.nio.ch.SocketChannelImpl.checkConnect(Native Method)
	at sun.nio.ch.SocketChannelImpl.finishConnect(SocketChannelImpl.java:717)
	at org.apache.ratis.thirdparty.io.netty.channel.socket.nio.NioSocketChannel.doFinishConnect(NioSocketChannel.java:327)
	at org.apache.ratis.thirdparty.io.netty.channel.nio.AbstractNioChannel$AbstractNioUnsafe.finishConnect(AbstractNioChannel.java:340)
	at org.apache.ratis.thirdparty.io.netty.channel.nio.NioEventLoop.processSelectedKey(NioEventLoop.java:632)
	at org.apache.ratis.thirdparty.io.netty.channel.nio.NioEventLoop.processSelectedKeysOptimized(NioEventLoop.java:579)
	at org.apache.ratis.thirdparty.io.netty.channel.nio.NioEventLoop.processSelectedKeys(NioEventLoop.java:496)
	at org.apache.ratis.thirdparty.io.netty.channel.nio.NioEventLoop.run(NioEventLoop.java:458)
	at org.apache.ratis.thirdparty.io.netty.util.concurrent.SingleThreadEventExecutor$5.run(SingleThreadEventExecutor.java:897)
	at org.apache.ratis.thirdparty.io.netty.util.concurrent.FastThreadLocalRunnable.run(FastThreadLocalRunnable.java:30)
	... 1 more
Caused by: java.net.ConnectException: Connection refused
	... 11 more
2019-11-11 04:08:32,329 [9a305e64-7592-4199-ba7e-8c2223e9b548@group-D5F2B638C171-LeaderElection29] INFO  impl.LeaderElection (LogUtils.java:infoOrTrace(149)) - 9a305e64-7592-4199-ba7e-8c2223e9b548@group-D5F2B638C171-LeaderElection29 got exception when requesting votes: {}
java.util.concurrent.ExecutionException: org.apache.ratis.thirdparty.io.grpc.StatusRuntimeException: UNAVAILABLE: io exception
	at java.util.concurrent.FutureTask.report(FutureTask.java:122)
	at java.util.concurrent.FutureTask.get(FutureTask.java:192)
	at org.apache.ratis.server.impl.LeaderElection.waitForResults(LeaderElection.java:259)
	at org.apache.ratis.server.impl.LeaderElection.askForVotes(LeaderElection.java:197)
	at org.apache.ratis.server.impl.LeaderElection.run(LeaderElection.java:133)
	at java.lang.Thread.run(Thread.java:748)
Caused by: org.apache.ratis.thirdparty.io.grpc.StatusRuntimeException: UNAVAILABLE: io exception
	at org.apache.ratis.thirdparty.io.grpc.stub.ClientCalls.toStatusRuntimeException(ClientCalls.java:233)
	at org.apache.ratis.thirdparty.io.grpc.stub.ClientCalls.getUnchecked(ClientCalls.java:214)
	at org.apache.ratis.thirdparty.io.grpc.stub.ClientCalls.blockingUnaryCall(ClientCalls.java:139)
	at org.apache.ratis.proto.grpc.RaftServerProtocolServiceGrpc$RaftServerProtocolServiceBlockingStub.requestVote(RaftServerProtocolServiceGrpc.java:265)
	at org.apache.ratis.grpc.server.GrpcServerProtocolClient.requestVote(GrpcServerProtocolClient.java:99)
	at org.apache.ratis.grpc.server.GrpcService.requestVote(GrpcService.java:204)
	at org.apache.ratis.server.impl.LeaderElection.lambda$submitRequests$1(LeaderElection.java:234)
	at java.util.concurrent.FutureTask.run(FutureTask.java:266)
	at java.util.concurrent.Executors$RunnableAdapter.call(Executors.java:511)
	at java.util.concurrent.FutureTask.run(FutureTask.java:266)
	at java.util.concurrent.ThreadPoolExecutor.runWorker(ThreadPoolExecutor.java:1149)
	at java.util.concurrent.ThreadPoolExecutor$Worker.run(ThreadPoolExecutor.java:624)
	... 1 more
Caused by: org.apache.ratis.thirdparty.io.netty.channel.AbstractChannel$AnnotatedConnectException: Connection refused: /192.168.34.63:41296
	at sun.nio.ch.SocketChannelImpl.checkConnect(Native Method)
	at sun.nio.ch.SocketChannelImpl.finishConnect(SocketChannelImpl.java:717)
	at org.apache.ratis.thirdparty.io.netty.channel.socket.nio.NioSocketChannel.doFinishConnect(NioSocketChannel.java:327)
	at org.apache.ratis.thirdparty.io.netty.channel.nio.AbstractNioChannel$AbstractNioUnsafe.finishConnect(AbstractNioChannel.java:340)
	at org.apache.ratis.thirdparty.io.netty.channel.nio.NioEventLoop.processSelectedKey(NioEventLoop.java:632)
	at org.apache.ratis.thirdparty.io.netty.channel.nio.NioEventLoop.processSelectedKeysOptimized(NioEventLoop.java:579)
	at org.apache.ratis.thirdparty.io.netty.channel.nio.NioEventLoop.processSelectedKeys(NioEventLoop.java:496)
	at org.apache.ratis.thirdparty.io.netty.channel.nio.NioEventLoop.run(NioEventLoop.java:458)
	at org.apache.ratis.thirdparty.io.netty.util.concurrent.SingleThreadEventExecutor$5.run(SingleThreadEventExecutor.java:897)
	at org.apache.ratis.thirdparty.io.netty.util.concurrent.FastThreadLocalRunnable.run(FastThreadLocalRunnable.java:30)
	... 1 more
Caused by: java.net.ConnectException: Connection refused
	... 11 more
2019-11-11 04:08:32,329 [9a305e64-7592-4199-ba7e-8c2223e9b548@group-D5F2B638C171-LeaderElection29] INFO  impl.LeaderElection (LeaderElection.java:logAndReturn(56)) - 9a305e64-7592-4199-ba7e-8c2223e9b548@group-D5F2B638C171-LeaderElection29: Election REJECTED; received 0 response(s) [] and 2 exception(s); 9a305e64-7592-4199-ba7e-8c2223e9b548@group-D5F2B638C171:t3, leader=null, voted=9a305e64-7592-4199-ba7e-8c2223e9b548, raftlog=9a305e64-7592-4199-ba7e-8c2223e9b548@group-D5F2B638C171-SegmentedRaftLog:OPENED:c0,f0,i0, conf=0: [9a305e64-7592-4199-ba7e-8c2223e9b548:192.168.34.63:35969, c04805f0-1fdc-4096-9f0e-017639bb4de5:192.168.34.63:44743, f4ab3ec0-fcec-4fb2-8953-e521da90d916:192.168.34.63:41296], old=null
2019-11-11 04:08:32,329 [9a305e64-7592-4199-ba7e-8c2223e9b548@group-D5F2B638C171-LeaderElection29] INFO  impl.LeaderElection (LogUtils.java:infoOrTrace(149)) -   Exception 0: {}
java.util.concurrent.ExecutionException: org.apache.ratis.thirdparty.io.grpc.StatusRuntimeException: UNAVAILABLE: io exception
	at java.util.concurrent.FutureTask.report(FutureTask.java:122)
	at java.util.concurrent.FutureTask.get(FutureTask.java:192)
	at org.apache.ratis.server.impl.LeaderElection.waitForResults(LeaderElection.java:259)
	at org.apache.ratis.server.impl.LeaderElection.askForVotes(LeaderElection.java:197)
	at org.apache.ratis.server.impl.LeaderElection.run(LeaderElection.java:133)
	at java.lang.Thread.run(Thread.java:748)
Caused by: org.apache.ratis.thirdparty.io.grpc.StatusRuntimeException: UNAVAILABLE: io exception
	at org.apache.ratis.thirdparty.io.grpc.stub.ClientCalls.toStatusRuntimeException(ClientCalls.java:233)
	at org.apache.ratis.thirdparty.io.grpc.stub.ClientCalls.getUnchecked(ClientCalls.java:214)
	at org.apache.ratis.thirdparty.io.grpc.stub.ClientCalls.blockingUnaryCall(ClientCalls.java:139)
	at org.apache.ratis.proto.grpc.RaftServerProtocolServiceGrpc$RaftServerProtocolServiceBlockingStub.requestVote(RaftServerProtocolServiceGrpc.java:265)
	at org.apache.ratis.grpc.server.GrpcServerProtocolClient.requestVote(GrpcServerProtocolClient.java:99)
	at org.apache.ratis.grpc.server.GrpcService.requestVote(GrpcService.java:204)
	at org.apache.ratis.server.impl.LeaderElection.lambda$submitRequests$1(LeaderElection.java:234)
	at java.util.concurrent.FutureTask.run(FutureTask.java:266)
	at java.util.concurrent.Executors$RunnableAdapter.call(Executors.java:511)
	at java.util.concurrent.FutureTask.run(FutureTask.java:266)
	at java.util.concurrent.ThreadPoolExecutor.runWorker(ThreadPoolExecutor.java:1149)
	at java.util.concurrent.ThreadPoolExecutor$Worker.run(ThreadPoolExecutor.java:624)
	... 1 more
Caused by: org.apache.ratis.thirdparty.io.netty.channel.AbstractChannel$AnnotatedConnectException: Connection refused: /192.168.34.63:44743
	at sun.nio.ch.SocketChannelImpl.checkConnect(Native Method)
	at sun.nio.ch.SocketChannelImpl.finishConnect(SocketChannelImpl.java:717)
	at org.apache.ratis.thirdparty.io.netty.channel.socket.nio.NioSocketChannel.doFinishConnect(NioSocketChannel.java:327)
	at org.apache.ratis.thirdparty.io.netty.channel.nio.AbstractNioChannel$AbstractNioUnsafe.finishConnect(AbstractNioChannel.java:340)
	at org.apache.ratis.thirdparty.io.netty.channel.nio.NioEventLoop.processSelectedKey(NioEventLoop.java:632)
	at org.apache.ratis.thirdparty.io.netty.channel.nio.NioEventLoop.processSelectedKeysOptimized(NioEventLoop.java:579)
	at org.apache.ratis.thirdparty.io.netty.channel.nio.NioEventLoop.processSelectedKeys(NioEventLoop.java:496)
	at org.apache.ratis.thirdparty.io.netty.channel.nio.NioEventLoop.run(NioEventLoop.java:458)
	at org.apache.ratis.thirdparty.io.netty.util.concurrent.SingleThreadEventExecutor$5.run(SingleThreadEventExecutor.java:897)
	at org.apache.ratis.thirdparty.io.netty.util.concurrent.FastThreadLocalRunnable.run(FastThreadLocalRunnable.java:30)
	... 1 more
Caused by: java.net.ConnectException: Connection refused
	... 11 more
2019-11-11 04:08:32,330 [9a305e64-7592-4199-ba7e-8c2223e9b548@group-D5F2B638C171-LeaderElection29] INFO  impl.LeaderElection (LogUtils.java:infoOrTrace(149)) -   Exception 1: {}
java.util.concurrent.ExecutionException: org.apache.ratis.thirdparty.io.grpc.StatusRuntimeException: UNAVAILABLE: io exception
	at java.util.concurrent.FutureTask.report(FutureTask.java:122)
	at java.util.concurrent.FutureTask.get(FutureTask.java:192)
	at org.apache.ratis.server.impl.LeaderElection.waitForResults(LeaderElection.java:259)
	at org.apache.ratis.server.impl.LeaderElection.askForVotes(LeaderElection.java:197)
	at org.apache.ratis.server.impl.LeaderElection.run(LeaderElection.java:133)
	at java.lang.Thread.run(Thread.java:748)
Caused by: org.apache.ratis.thirdparty.io.grpc.StatusRuntimeException: UNAVAILABLE: io exception
	at org.apache.ratis.thirdparty.io.grpc.stub.ClientCalls.toStatusRuntimeException(ClientCalls.java:233)
	at org.apache.ratis.thirdparty.io.grpc.stub.ClientCalls.getUnchecked(ClientCalls.java:214)
	at org.apache.ratis.thirdparty.io.grpc.stub.ClientCalls.blockingUnaryCall(ClientCalls.java:139)
	at org.apache.ratis.proto.grpc.RaftServerProtocolServiceGrpc$RaftServerProtocolServiceBlockingStub.requestVote(RaftServerProtocolServiceGrpc.java:265)
	at org.apache.ratis.grpc.server.GrpcServerProtocolClient.requestVote(GrpcServerProtocolClient.java:99)
	at org.apache.ratis.grpc.server.GrpcService.requestVote(GrpcService.java:204)
	at org.apache.ratis.server.impl.LeaderElection.lambda$submitRequests$1(LeaderElection.java:234)
	at java.util.concurrent.FutureTask.run(FutureTask.java:266)
	at java.util.concurrent.Executors$RunnableAdapter.call(Executors.java:511)
	at java.util.concurrent.FutureTask.run(FutureTask.java:266)
	at java.util.concurrent.ThreadPoolExecutor.runWorker(ThreadPoolExecutor.java:1149)
	at java.util.concurrent.ThreadPoolExecutor$Worker.run(ThreadPoolExecutor.java:624)
	... 1 more
Caused by: org.apache.ratis.thirdparty.io.netty.channel.AbstractChannel$AnnotatedConnectException: Connection refused: /192.168.34.63:41296
	at sun.nio.ch.SocketChannelImpl.checkConnect(Native Method)
	at sun.nio.ch.SocketChannelImpl.finishConnect(SocketChannelImpl.java:717)
	at org.apache.ratis.thirdparty.io.netty.channel.socket.nio.NioSocketChannel.doFinishConnect(NioSocketChannel.java:327)
	at org.apache.ratis.thirdparty.io.netty.channel.nio.AbstractNioChannel$AbstractNioUnsafe.finishConnect(AbstractNioChannel.java:340)
	at org.apache.ratis.thirdparty.io.netty.channel.nio.NioEventLoop.processSelectedKey(NioEventLoop.java:632)
	at org.apache.ratis.thirdparty.io.netty.channel.nio.NioEventLoop.processSelectedKeysOptimized(NioEventLoop.java:579)
	at org.apache.ratis.thirdparty.io.netty.channel.nio.NioEventLoop.processSelectedKeys(NioEventLoop.java:496)
	at org.apache.ratis.thirdparty.io.netty.channel.nio.NioEventLoop.run(NioEventLoop.java:458)
	at org.apache.ratis.thirdparty.io.netty.util.concurrent.SingleThreadEventExecutor$5.run(SingleThreadEventExecutor.java:897)
	at org.apache.ratis.thirdparty.io.netty.util.concurrent.FastThreadLocalRunnable.run(FastThreadLocalRunnable.java:30)
	... 1 more
Caused by: java.net.ConnectException: Connection refused
	... 11 more
2019-11-11 04:08:32,330 [9a305e64-7592-4199-ba7e-8c2223e9b548@group-D5F2B638C171-LeaderElection29] INFO  impl.RaftServerImpl (RaftServerImpl.java:setRole(173)) - 9a305e64-7592-4199-ba7e-8c2223e9b548@group-D5F2B638C171: changes role from CANDIDATE to FOLLOWER at term 3 for DISCOVERED_A_NEW_TERM
2019-11-11 04:08:32,330 [9a305e64-7592-4199-ba7e-8c2223e9b548@group-D5F2B638C171-LeaderElection29] INFO  impl.RoleInfo (RoleInfo.java:shutdownLeaderElection(134)) - 9a305e64-7592-4199-ba7e-8c2223e9b548: shutdown LeaderElection
2019-11-11 04:08:32,331 [9a305e64-7592-4199-ba7e-8c2223e9b548@group-D5F2B638C171-LeaderElection29] INFO  impl.RoleInfo (RoleInfo.java:updateAndGet(143)) - 9a305e64-7592-4199-ba7e-8c2223e9b548: start FollowerState
2019-11-11 04:08:32,498 [EventQueue-PipelineActionsForPipelineActionHandler] ERROR pipeline.PipelineActionHandler (PipelineActionHandler.java:onMessage(60)) - Received pipeline action CLOSE for Pipeline[ Id: 31ac6f49-abee-419e-8f26-f4d747e15ff8, Nodes: 61021d77-0677-40a1-98e7-8ba643935ac0{ip: 192.168.34.63, host: trunk-nightly-20191111-g5xpl-2663879777, networkLocation: /default-rack, certSerialId: null}f4ab3ec0-fcec-4fb2-8953-e521da90d916{ip: 192.168.34.63, host: trunk-nightly-20191111-g5xpl-2663879777, networkLocation: /default-rack, certSerialId: null}9a305e64-7592-4199-ba7e-8c2223e9b548{ip: 192.168.34.63, host: trunk-nightly-20191111-g5xpl-2663879777, networkLocation: /default-rack, certSerialId: null}, Type:RATIS, Factor:THREE, State:CLOSED] from datanode 9a305e64-7592-4199-ba7e-8c2223e9b548{ip: 192.168.34.63, host: trunk-nightly-20191111-g5xpl-2663879777, networkLocation: /default-rack, certSerialId: null}. Reason : 9a305e64-7592-4199-ba7e-8c2223e9b548 has not seen follower/s 61021d77-0677-40a1-98e7-8ba643935ac0 for 121045ms
2019-11-11 04:08:32,499 [EventQueue-PipelineActionsForPipelineActionHandler] INFO  pipeline.SCMPipelineManager (SCMPipelineManager.java:finalizeAndDestroyPipeline(315)) - destroying pipeline:Pipeline[ Id: 31ac6f49-abee-419e-8f26-f4d747e15ff8, Nodes: 61021d77-0677-40a1-98e7-8ba643935ac0{ip: 192.168.34.63, host: trunk-nightly-20191111-g5xpl-2663879777, networkLocation: /default-rack, certSerialId: null}f4ab3ec0-fcec-4fb2-8953-e521da90d916{ip: 192.168.34.63, host: trunk-nightly-20191111-g5xpl-2663879777, networkLocation: /default-rack, certSerialId: null}9a305e64-7592-4199-ba7e-8c2223e9b548{ip: 192.168.34.63, host: trunk-nightly-20191111-g5xpl-2663879777, networkLocation: /default-rack, certSerialId: null}, Type:RATIS, Factor:THREE, State:CLOSED]
2019-11-11 04:08:32,533 [grpc-default-executor-7] WARN  server.GrpcLogAppender (LogUtils.java:warn(134)) - 9a305e64-7592-4199-ba7e-8c2223e9b548@group-F4D747E15FF8->f4ab3ec0-fcec-4fb2-8953-e521da90d916-AppendLogResponseHandler: Failed appendEntries: org.apache.ratis.thirdparty.io.grpc.StatusRuntimeException: UNAVAILABLE: io exception
2019-11-11 04:08:32,533 [grpc-default-executor-7] INFO  impl.FollowerInfo (FollowerInfo.java:lambda$new$0(51)) - 9a305e64-7592-4199-ba7e-8c2223e9b548@group-F4D747E15FF8->f4ab3ec0-fcec-4fb2-8953-e521da90d916: nextIndex: updateUnconditionally 0 -> 0
2019-11-11 04:08:32,574 [org.apache.ratis.server.impl.LogAppender$AppenderDaemon$$Lambda$651/545843685@69bcbdd4] ERROR ratis.XceiverServerRatis (XceiverServerRatis.java:triggerPipelineClose(577)) - pipeline Action CLOSE  on pipeline PipelineID=31ac6f49-abee-419e-8f26-f4d747e15ff8.Reason : 9a305e64-7592-4199-ba7e-8c2223e9b548 has not seen follower/s 61021d77-0677-40a1-98e7-8ba643935ac0 for 122047ms
2019-11-11 04:08:32,575 [grpc-default-executor-2] WARN  server.GrpcLogAppender (LogUtils.java:warn(134)) - 9a305e64-7592-4199-ba7e-8c2223e9b548@group-F4D747E15FF8->61021d77-0677-40a1-98e7-8ba643935ac0-AppendLogResponseHandler: Failed appendEntries: org.apache.ratis.thirdparty.io.grpc.StatusRuntimeException: UNAVAILABLE: io exception
2019-11-11 04:08:32,575 [grpc-default-executor-2] INFO  impl.FollowerInfo (FollowerInfo.java:lambda$new$0(51)) - 9a305e64-7592-4199-ba7e-8c2223e9b548@group-F4D747E15FF8->61021d77-0677-40a1-98e7-8ba643935ac0: nextIndex: updateUnconditionally 0 -> 0
2019-11-11 04:08:33,034 [grpc-default-executor-7] WARN  server.GrpcLogAppender (LogUtils.java:warn(134)) - 9a305e64-7592-4199-ba7e-8c2223e9b548@group-F4D747E15FF8->f4ab3ec0-fcec-4fb2-8953-e521da90d916-AppendLogResponseHandler: Failed appendEntries: org.apache.ratis.thirdparty.io.grpc.StatusRuntimeException: UNAVAILABLE: io exception
2019-11-11 04:08:33,035 [grpc-default-executor-7] INFO  impl.FollowerInfo (FollowerInfo.java:lambda$new$0(51)) - 9a305e64-7592-4199-ba7e-8c2223e9b548@group-F4D747E15FF8->f4ab3ec0-fcec-4fb2-8953-e521da90d916: nextIndex: updateUnconditionally 0 -> 0
2019-11-11 04:08:33,075 [org.apache.ratis.server.impl.LogAppender$AppenderDaemon$$Lambda$651/545843685@69bcbdd4] ERROR ratis.XceiverServerRatis (XceiverServerRatis.java:triggerPipelineClose(577)) - pipeline Action CLOSE  on pipeline PipelineID=31ac6f49-abee-419e-8f26-f4d747e15ff8.Reason : 9a305e64-7592-4199-ba7e-8c2223e9b548 has not seen follower/s 61021d77-0677-40a1-98e7-8ba643935ac0 for 122548ms
2019-11-11 04:08:33,076 [grpc-default-executor-2] WARN  server.GrpcLogAppender (LogUtils.java:warn(134)) - 9a305e64-7592-4199-ba7e-8c2223e9b548@group-F4D747E15FF8->61021d77-0677-40a1-98e7-8ba643935ac0-AppendLogResponseHandler: Failed appendEntries: org.apache.ratis.thirdparty.io.grpc.StatusRuntimeException: UNAVAILABLE: io exception
2019-11-11 04:08:33,076 [grpc-default-executor-2] INFO  impl.FollowerInfo (FollowerInfo.java:lambda$new$0(51)) - 9a305e64-7592-4199-ba7e-8c2223e9b548@group-F4D747E15FF8->61021d77-0677-40a1-98e7-8ba643935ac0: nextIndex: updateUnconditionally 0 -> 0
2019-11-11 04:08:33,233 [Thread-1090] INFO  impl.FollowerState (FollowerState.java:run(111)) - 9a305e64-7592-4199-ba7e-8c2223e9b548@group-A10C889AEEC0-FollowerState: change to CANDIDATE, lastRpcTime:1170ms, electionTimeout:1170ms
2019-11-11 04:08:33,233 [Thread-1090] INFO  impl.RoleInfo (RoleInfo.java:shutdownFollowerState(121)) - 9a305e64-7592-4199-ba7e-8c2223e9b548: shutdown FollowerState
2019-11-11 04:08:33,234 [Thread-1090] INFO  impl.RaftServerImpl (RaftServerImpl.java:setRole(173)) - 9a305e64-7592-4199-ba7e-8c2223e9b548@group-A10C889AEEC0: changes role from  FOLLOWER to CANDIDATE at term 2 for changeToCandidate
2019-11-11 04:08:33,234 [Thread-1090] INFO  impl.RoleInfo (RoleInfo.java:updateAndGet(143)) - 9a305e64-7592-4199-ba7e-8c2223e9b548: start LeaderElection
2019-11-11 04:08:33,249 [9a305e64-7592-4199-ba7e-8c2223e9b548@group-A10C889AEEC0-LeaderElection30] INFO  impl.LeaderElection (LeaderElection.java:askForVotes(178)) - 9a305e64-7592-4199-ba7e-8c2223e9b548@group-A10C889AEEC0-LeaderElection30: begin an election at term 3 for 0: [9a305e64-7592-4199-ba7e-8c2223e9b548:192.168.34.63:35969, c04805f0-1fdc-4096-9f0e-017639bb4de5:192.168.34.63:44743, f4ab3ec0-fcec-4fb2-8953-e521da90d916:192.168.34.63:41296], old=null
2019-11-11 04:08:33,250 [9a305e64-7592-4199-ba7e-8c2223e9b548@group-A10C889AEEC0-LeaderElection30] INFO  impl.LeaderElection (LogUtils.java:infoOrTrace(149)) - 9a305e64-7592-4199-ba7e-8c2223e9b548@group-A10C889AEEC0-LeaderElection30 got exception when requesting votes: {}
java.util.concurrent.ExecutionException: org.apache.ratis.thirdparty.io.grpc.StatusRuntimeException: UNAVAILABLE: io exception
	at java.util.concurrent.FutureTask.report(FutureTask.java:122)
	at java.util.concurrent.FutureTask.get(FutureTask.java:192)
	at org.apache.ratis.server.impl.LeaderElection.waitForResults(LeaderElection.java:259)
	at org.apache.ratis.server.impl.LeaderElection.askForVotes(LeaderElection.java:197)
	at org.apache.ratis.server.impl.LeaderElection.run(LeaderElection.java:133)
	at java.lang.Thread.run(Thread.java:748)
Caused by: org.apache.ratis.thirdparty.io.grpc.StatusRuntimeException: UNAVAILABLE: io exception
	at org.apache.ratis.thirdparty.io.grpc.stub.ClientCalls.toStatusRuntimeException(ClientCalls.java:233)
	at org.apache.ratis.thirdparty.io.grpc.stub.ClientCalls.getUnchecked(ClientCalls.java:214)
	at org.apache.ratis.thirdparty.io.grpc.stub.ClientCalls.blockingUnaryCall(ClientCalls.java:139)
	at org.apache.ratis.proto.grpc.RaftServerProtocolServiceGrpc$RaftServerProtocolServiceBlockingStub.requestVote(RaftServerProtocolServiceGrpc.java:265)
	at org.apache.ratis.grpc.server.GrpcServerProtocolClient.requestVote(GrpcServerProtocolClient.java:99)
	at org.apache.ratis.grpc.server.GrpcService.requestVote(GrpcService.java:204)
	at org.apache.ratis.server.impl.LeaderElection.lambda$submitRequests$1(LeaderElection.java:234)
	at java.util.concurrent.FutureTask.run(FutureTask.java:266)
	at java.util.concurrent.Executors$RunnableAdapter.call(Executors.java:511)
	at java.util.concurrent.FutureTask.run(FutureTask.java:266)
	at java.util.concurrent.ThreadPoolExecutor.runWorker(ThreadPoolExecutor.java:1149)
	at java.util.concurrent.ThreadPoolExecutor$Worker.run(ThreadPoolExecutor.java:624)
	... 1 more
Caused by: org.apache.ratis.thirdparty.io.netty.channel.AbstractChannel$AnnotatedConnectException: Connection refused: /192.168.34.63:44743
	at sun.nio.ch.SocketChannelImpl.checkConnect(Native Method)
	at sun.nio.ch.SocketChannelImpl.finishConnect(SocketChannelImpl.java:717)
	at org.apache.ratis.thirdparty.io.netty.channel.socket.nio.NioSocketChannel.doFinishConnect(NioSocketChannel.java:327)
	at org.apache.ratis.thirdparty.io.netty.channel.nio.AbstractNioChannel$AbstractNioUnsafe.finishConnect(AbstractNioChannel.java:340)
	at org.apache.ratis.thirdparty.io.netty.channel.nio.NioEventLoop.processSelectedKey(NioEventLoop.java:632)
	at org.apache.ratis.thirdparty.io.netty.channel.nio.NioEventLoop.processSelectedKeysOptimized(NioEventLoop.java:579)
	at org.apache.ratis.thirdparty.io.netty.channel.nio.NioEventLoop.processSelectedKeys(NioEventLoop.java:496)
	at org.apache.ratis.thirdparty.io.netty.channel.nio.NioEventLoop.run(NioEventLoop.java:458)
	at org.apache.ratis.thirdparty.io.netty.util.concurrent.SingleThreadEventExecutor$5.run(SingleThreadEventExecutor.java:897)
	at org.apache.ratis.thirdparty.io.netty.util.concurrent.FastThreadLocalRunnable.run(FastThreadLocalRunnable.java:30)
	... 1 more
Caused by: java.net.ConnectException: Connection refused
	... 11 more
2019-11-11 04:08:33,252 [9a305e64-7592-4199-ba7e-8c2223e9b548@group-A10C889AEEC0-LeaderElection30] INFO  impl.LeaderElection (LogUtils.java:infoOrTrace(149)) - 9a305e64-7592-4199-ba7e-8c2223e9b548@group-A10C889AEEC0-LeaderElection30 got exception when requesting votes: {}
java.util.concurrent.ExecutionException: org.apache.ratis.thirdparty.io.grpc.StatusRuntimeException: UNAVAILABLE: io exception
	at java.util.concurrent.FutureTask.report(FutureTask.java:122)
	at java.util.concurrent.FutureTask.get(FutureTask.java:192)
	at org.apache.ratis.server.impl.LeaderElection.waitForResults(LeaderElection.java:259)
	at org.apache.ratis.server.impl.LeaderElection.askForVotes(LeaderElection.java:197)
	at org.apache.ratis.server.impl.LeaderElection.run(LeaderElection.java:133)
	at java.lang.Thread.run(Thread.java:748)
Caused by: org.apache.ratis.thirdparty.io.grpc.StatusRuntimeException: UNAVAILABLE: io exception
	at org.apache.ratis.thirdparty.io.grpc.stub.ClientCalls.toStatusRuntimeException(ClientCalls.java:233)
	at org.apache.ratis.thirdparty.io.grpc.stub.ClientCalls.getUnchecked(ClientCalls.java:214)
	at org.apache.ratis.thirdparty.io.grpc.stub.ClientCalls.blockingUnaryCall(ClientCalls.java:139)
	at org.apache.ratis.proto.grpc.RaftServerProtocolServiceGrpc$RaftServerProtocolServiceBlockingStub.requestVote(RaftServerProtocolServiceGrpc.java:265)
	at org.apache.ratis.grpc.server.GrpcServerProtocolClient.requestVote(GrpcServerProtocolClient.java:99)
	at org.apache.ratis.grpc.server.GrpcService.requestVote(GrpcService.java:204)
	at org.apache.ratis.server.impl.LeaderElection.lambda$submitRequests$1(LeaderElection.java:234)
	at java.util.concurrent.FutureTask.run(FutureTask.java:266)
	at java.util.concurrent.Executors$RunnableAdapter.call(Executors.java:511)
	at java.util.concurrent.FutureTask.run(FutureTask.java:266)
	at java.util.concurrent.ThreadPoolExecutor.runWorker(ThreadPoolExecutor.java:1149)
	at java.util.concurrent.ThreadPoolExecutor$Worker.run(ThreadPoolExecutor.java:624)
	... 1 more
Caused by: org.apache.ratis.thirdparty.io.netty.channel.AbstractChannel$AnnotatedConnectException: Connection refused: /192.168.34.63:41296
	at sun.nio.ch.SocketChannelImpl.checkConnect(Native Method)
	at sun.nio.ch.SocketChannelImpl.finishConnect(SocketChannelImpl.java:717)
	at org.apache.ratis.thirdparty.io.netty.channel.socket.nio.NioSocketChannel.doFinishConnect(NioSocketChannel.java:327)
	at org.apache.ratis.thirdparty.io.netty.channel.nio.AbstractNioChannel$AbstractNioUnsafe.finishConnect(AbstractNioChannel.java:340)
	at org.apache.ratis.thirdparty.io.netty.channel.nio.NioEventLoop.processSelectedKey(NioEventLoop.java:632)
	at org.apache.ratis.thirdparty.io.netty.channel.nio.NioEventLoop.processSelectedKeysOptimized(NioEventLoop.java:579)
	at org.apache.ratis.thirdparty.io.netty.channel.nio.NioEventLoop.processSelectedKeys(NioEventLoop.java:496)
	at org.apache.ratis.thirdparty.io.netty.channel.nio.NioEventLoop.run(NioEventLoop.java:458)
	at org.apache.ratis.thirdparty.io.netty.util.concurrent.SingleThreadEventExecutor$5.run(SingleThreadEventExecutor.java:897)
	at org.apache.ratis.thirdparty.io.netty.util.concurrent.FastThreadLocalRunnable.run(FastThreadLocalRunnable.java:30)
	... 1 more
Caused by: java.net.ConnectException: Connection refused
	... 11 more
2019-11-11 04:08:33,252 [9a305e64-7592-4199-ba7e-8c2223e9b548@group-A10C889AEEC0-LeaderElection30] INFO  impl.LeaderElection (LeaderElection.java:logAndReturn(56)) - 9a305e64-7592-4199-ba7e-8c2223e9b548@group-A10C889AEEC0-LeaderElection30: Election REJECTED; received 0 response(s) [] and 2 exception(s); 9a305e64-7592-4199-ba7e-8c2223e9b548@group-A10C889AEEC0:t3, leader=null, voted=9a305e64-7592-4199-ba7e-8c2223e9b548, raftlog=9a305e64-7592-4199-ba7e-8c2223e9b548@group-A10C889AEEC0-SegmentedRaftLog:OPENED:c0,f0,i0, conf=0: [9a305e64-7592-4199-ba7e-8c2223e9b548:192.168.34.63:35969, c04805f0-1fdc-4096-9f0e-017639bb4de5:192.168.34.63:44743, f4ab3ec0-fcec-4fb2-8953-e521da90d916:192.168.34.63:41296], old=null
2019-11-11 04:08:33,252 [9a305e64-7592-4199-ba7e-8c2223e9b548@group-A10C889AEEC0-LeaderElection30] INFO  impl.LeaderElection (LogUtils.java:infoOrTrace(149)) -   Exception 0: {}
java.util.concurrent.ExecutionException: org.apache.ratis.thirdparty.io.grpc.StatusRuntimeException: UNAVAILABLE: io exception
	at java.util.concurrent.FutureTask.report(FutureTask.java:122)
	at java.util.concurrent.FutureTask.get(FutureTask.java:192)
	at org.apache.ratis.server.impl.LeaderElection.waitForResults(LeaderElection.java:259)
	at org.apache.ratis.server.impl.LeaderElection.askForVotes(LeaderElection.java:197)
	at org.apache.ratis.server.impl.LeaderElection.run(LeaderElection.java:133)
	at java.lang.Thread.run(Thread.java:748)
Caused by: org.apache.ratis.thirdparty.io.grpc.StatusRuntimeException: UNAVAILABLE: io exception
	at org.apache.ratis.thirdparty.io.grpc.stub.ClientCalls.toStatusRuntimeException(ClientCalls.java:233)
	at org.apache.ratis.thirdparty.io.grpc.stub.ClientCalls.getUnchecked(ClientCalls.java:214)
	at org.apache.ratis.thirdparty.io.grpc.stub.ClientCalls.blockingUnaryCall(ClientCalls.java:139)
	at org.apache.ratis.proto.grpc.RaftServerProtocolServiceGrpc$RaftServerProtocolServiceBlockingStub.requestVote(RaftServerProtocolServiceGrpc.java:265)
	at org.apache.ratis.grpc.server.GrpcServerProtocolClient.requestVote(GrpcServerProtocolClient.java:99)
	at org.apache.ratis.grpc.server.GrpcService.requestVote(GrpcService.java:204)
	at org.apache.ratis.server.impl.LeaderElection.lambda$submitRequests$1(LeaderElection.java:234)
	at java.util.concurrent.FutureTask.run(FutureTask.java:266)
	at java.util.concurrent.Executors$RunnableAdapter.call(Executors.java:511)
	at java.util.concurrent.FutureTask.run(FutureTask.java:266)
	at java.util.concurrent.ThreadPoolExecutor.runWorker(ThreadPoolExecutor.java:1149)
	at java.util.concurrent.ThreadPoolExecutor$Worker.run(ThreadPoolExecutor.java:624)
	... 1 more
Caused by: org.apache.ratis.thirdparty.io.netty.channel.AbstractChannel$AnnotatedConnectException: Connection refused: /192.168.34.63:44743
	at sun.nio.ch.SocketChannelImpl.checkConnect(Native Method)
	at sun.nio.ch.SocketChannelImpl.finishConnect(SocketChannelImpl.java:717)
	at org.apache.ratis.thirdparty.io.netty.channel.socket.nio.NioSocketChannel.doFinishConnect(NioSocketChannel.java:327)
	at org.apache.ratis.thirdparty.io.netty.channel.nio.AbstractNioChannel$AbstractNioUnsafe.finishConnect(AbstractNioChannel.java:340)
	at org.apache.ratis.thirdparty.io.netty.channel.nio.NioEventLoop.processSelectedKey(NioEventLoop.java:632)
	at org.apache.ratis.thirdparty.io.netty.channel.nio.NioEventLoop.processSelectedKeysOptimized(NioEventLoop.java:579)
	at org.apache.ratis.thirdparty.io.netty.channel.nio.NioEventLoop.processSelectedKeys(NioEventLoop.java:496)
	at org.apache.ratis.thirdparty.io.netty.channel.nio.NioEventLoop.run(NioEventLoop.java:458)
	at org.apache.ratis.thirdparty.io.netty.util.concurrent.SingleThreadEventExecutor$5.run(SingleThreadEventExecutor.java:897)
	at org.apache.ratis.thirdparty.io.netty.util.concurrent.FastThreadLocalRunnable.run(FastThreadLocalRunnable.java:30)
	... 1 more
Caused by: java.net.ConnectException: Connection refused
	... 11 more
2019-11-11 04:08:33,252 [9a305e64-7592-4199-ba7e-8c2223e9b548@group-A10C889AEEC0-LeaderElection30] INFO  impl.LeaderElection (LogUtils.java:infoOrTrace(149)) -   Exception 1: {}
java.util.concurrent.ExecutionException: org.apache.ratis.thirdparty.io.grpc.StatusRuntimeException: UNAVAILABLE: io exception
	at java.util.concurrent.FutureTask.report(FutureTask.java:122)
	at java.util.concurrent.FutureTask.get(FutureTask.java:192)
	at org.apache.ratis.server.impl.LeaderElection.waitForResults(LeaderElection.java:259)
	at org.apache.ratis.server.impl.LeaderElection.askForVotes(LeaderElection.java:197)
	at org.apache.ratis.server.impl.LeaderElection.run(LeaderElection.java:133)
	at java.lang.Thread.run(Thread.java:748)
Caused by: org.apache.ratis.thirdparty.io.grpc.StatusRuntimeException: UNAVAILABLE: io exception
	at org.apache.ratis.thirdparty.io.grpc.stub.ClientCalls.toStatusRuntimeException(ClientCalls.java:233)
	at org.apache.ratis.thirdparty.io.grpc.stub.ClientCalls.getUnchecked(ClientCalls.java:214)
	at org.apache.ratis.thirdparty.io.grpc.stub.ClientCalls.blockingUnaryCall(ClientCalls.java:139)
	at org.apache.ratis.proto.grpc.RaftServerProtocolServiceGrpc$RaftServerProtocolServiceBlockingStub.requestVote(RaftServerProtocolServiceGrpc.java:265)
	at org.apache.ratis.grpc.server.GrpcServerProtocolClient.requestVote(GrpcServerProtocolClient.java:99)
	at org.apache.ratis.grpc.server.GrpcService.requestVote(GrpcService.java:204)
	at org.apache.ratis.server.impl.LeaderElection.lambda$submitRequests$1(LeaderElection.java:234)
	at java.util.concurrent.FutureTask.run(FutureTask.java:266)
	at java.util.concurrent.Executors$RunnableAdapter.call(Executors.java:511)
	at java.util.concurrent.FutureTask.run(FutureTask.java:266)
	at java.util.concurrent.ThreadPoolExecutor.runWorker(ThreadPoolExecutor.java:1149)
	at java.util.concurrent.ThreadPoolExecutor$Worker.run(ThreadPoolExecutor.java:624)
	... 1 more
Caused by: org.apache.ratis.thirdparty.io.netty.channel.AbstractChannel$AnnotatedConnectException: Connection refused: /192.168.34.63:41296
	at sun.nio.ch.SocketChannelImpl.checkConnect(Native Method)
	at sun.nio.ch.SocketChannelImpl.finishConnect(SocketChannelImpl.java:717)
	at org.apache.ratis.thirdparty.io.netty.channel.socket.nio.NioSocketChannel.doFinishConnect(NioSocketChannel.java:327)
	at org.apache.ratis.thirdparty.io.netty.channel.nio.AbstractNioChannel$AbstractNioUnsafe.finishConnect(AbstractNioChannel.java:340)
	at org.apache.ratis.thirdparty.io.netty.channel.nio.NioEventLoop.processSelectedKey(NioEventLoop.java:632)
	at org.apache.ratis.thirdparty.io.netty.channel.nio.NioEventLoop.processSelectedKeysOptimized(NioEventLoop.java:579)
	at org.apache.ratis.thirdparty.io.netty.channel.nio.NioEventLoop.processSelectedKeys(NioEventLoop.java:496)
	at org.apache.ratis.thirdparty.io.netty.channel.nio.NioEventLoop.run(NioEventLoop.java:458)
	at org.apache.ratis.thirdparty.io.netty.util.concurrent.SingleThreadEventExecutor$5.run(SingleThreadEventExecutor.java:897)
	at org.apache.ratis.thirdparty.io.netty.util.concurrent.FastThreadLocalRunnable.run(FastThreadLocalRunnable.java:30)
	... 1 more
Caused by: java.net.ConnectException: Connection refused
	... 11 more
2019-11-11 04:08:33,253 [9a305e64-7592-4199-ba7e-8c2223e9b548@group-A10C889AEEC0-LeaderElection30] INFO  impl.RaftServerImpl (RaftServerImpl.java:setRole(173)) - 9a305e64-7592-4199-ba7e-8c2223e9b548@group-A10C889AEEC0: changes role from CANDIDATE to FOLLOWER at term 3 for DISCOVERED_A_NEW_TERM
2019-11-11 04:08:33,253 [9a305e64-7592-4199-ba7e-8c2223e9b548@group-A10C889AEEC0-LeaderElection30] INFO  impl.RoleInfo (RoleInfo.java:shutdownLeaderElection(134)) - 9a305e64-7592-4199-ba7e-8c2223e9b548: shutdown LeaderElection
2019-11-11 04:08:33,253 [9a305e64-7592-4199-ba7e-8c2223e9b548@group-A10C889AEEC0-LeaderElection30] INFO  impl.RoleInfo (RoleInfo.java:updateAndGet(143)) - 9a305e64-7592-4199-ba7e-8c2223e9b548: start FollowerState
2019-11-11 04:08:33,476 [Thread-1094] INFO  impl.FollowerState (FollowerState.java:run(111)) - 9a305e64-7592-4199-ba7e-8c2223e9b548@group-D5F2B638C171-FollowerState: change to CANDIDATE, lastRpcTime:1145ms, electionTimeout:1145ms
2019-11-11 04:08:33,476 [Thread-1094] INFO  impl.RoleInfo (RoleInfo.java:shutdownFollowerState(121)) - 9a305e64-7592-4199-ba7e-8c2223e9b548: shutdown FollowerState
2019-11-11 04:08:33,476 [Thread-1094] INFO  impl.RaftServerImpl (RaftServerImpl.java:setRole(173)) - 9a305e64-7592-4199-ba7e-8c2223e9b548@group-D5F2B638C171: changes role from  FOLLOWER to CANDIDATE at term 3 for changeToCandidate
2019-11-11 04:08:33,476 [Thread-1094] INFO  impl.RoleInfo (RoleInfo.java:updateAndGet(143)) - 9a305e64-7592-4199-ba7e-8c2223e9b548: start LeaderElection
2019-11-11 04:08:33,492 [9a305e64-7592-4199-ba7e-8c2223e9b548@group-D5F2B638C171-LeaderElection31] INFO  impl.LeaderElection (LeaderElection.java:askForVotes(178)) - 9a305e64-7592-4199-ba7e-8c2223e9b548@group-D5F2B638C171-LeaderElection31: begin an election at term 4 for 0: [9a305e64-7592-4199-ba7e-8c2223e9b548:192.168.34.63:35969, c04805f0-1fdc-4096-9f0e-017639bb4de5:192.168.34.63:44743, f4ab3ec0-fcec-4fb2-8953-e521da90d916:192.168.34.63:41296], old=null
2019-11-11 04:08:33,493 [9a305e64-7592-4199-ba7e-8c2223e9b548@group-D5F2B638C171-LeaderElection31] INFO  impl.LeaderElection (LogUtils.java:infoOrTrace(149)) - 9a305e64-7592-4199-ba7e-8c2223e9b548@group-D5F2B638C171-LeaderElection31 got exception when requesting votes: {}
java.util.concurrent.ExecutionException: org.apache.ratis.thirdparty.io.grpc.StatusRuntimeException: UNAVAILABLE: io exception
	at java.util.concurrent.FutureTask.report(FutureTask.java:122)
	at java.util.concurrent.FutureTask.get(FutureTask.java:192)
	at org.apache.ratis.server.impl.LeaderElection.waitForResults(LeaderElection.java:259)
	at org.apache.ratis.server.impl.LeaderElection.askForVotes(LeaderElection.java:197)
	at org.apache.ratis.server.impl.LeaderElection.run(LeaderElection.java:133)
	at java.lang.Thread.run(Thread.java:748)
Caused by: org.apache.ratis.thirdparty.io.grpc.StatusRuntimeException: UNAVAILABLE: io exception
	at org.apache.ratis.thirdparty.io.grpc.stub.ClientCalls.toStatusRuntimeException(ClientCalls.java:233)
	at org.apache.ratis.thirdparty.io.grpc.stub.ClientCalls.getUnchecked(ClientCalls.java:214)
	at org.apache.ratis.thirdparty.io.grpc.stub.ClientCalls.blockingUnaryCall(ClientCalls.java:139)
	at org.apache.ratis.proto.grpc.RaftServerProtocolServiceGrpc$RaftServerProtocolServiceBlockingStub.requestVote(RaftServerProtocolServiceGrpc.java:265)
	at org.apache.ratis.grpc.server.GrpcServerProtocolClient.requestVote(GrpcServerProtocolClient.java:99)
	at org.apache.ratis.grpc.server.GrpcService.requestVote(GrpcService.java:204)
	at org.apache.ratis.server.impl.LeaderElection.lambda$submitRequests$1(LeaderElection.java:234)
	at java.util.concurrent.FutureTask.run(FutureTask.java:266)
	at java.util.concurrent.Executors$RunnableAdapter.call(Executors.java:511)
	at java.util.concurrent.FutureTask.run(FutureTask.java:266)
	at java.util.concurrent.ThreadPoolExecutor.runWorker(ThreadPoolExecutor.java:1149)
	at java.util.concurrent.ThreadPoolExecutor$Worker.run(ThreadPoolExecutor.java:624)
	... 1 more
Caused by: org.apache.ratis.thirdparty.io.netty.channel.AbstractChannel$AnnotatedConnectException: Connection refused: /192.168.34.63:44743
	at sun.nio.ch.SocketChannelImpl.checkConnect(Native Method)
	at sun.nio.ch.SocketChannelImpl.finishConnect(SocketChannelImpl.java:717)
	at org.apache.ratis.thirdparty.io.netty.channel.socket.nio.NioSocketChannel.doFinishConnect(NioSocketChannel.java:327)
	at org.apache.ratis.thirdparty.io.netty.channel.nio.AbstractNioChannel$AbstractNioUnsafe.finishConnect(AbstractNioChannel.java:340)
	at org.apache.ratis.thirdparty.io.netty.channel.nio.NioEventLoop.processSelectedKey(NioEventLoop.java:632)
	at org.apache.ratis.thirdparty.io.netty.channel.nio.NioEventLoop.processSelectedKeysOptimized(NioEventLoop.java:579)
	at org.apache.ratis.thirdparty.io.netty.channel.nio.NioEventLoop.processSelectedKeys(NioEventLoop.java:496)
	at org.apache.ratis.thirdparty.io.netty.channel.nio.NioEventLoop.run(NioEventLoop.java:458)
	at org.apache.ratis.thirdparty.io.netty.util.concurrent.SingleThreadEventExecutor$5.run(SingleThreadEventExecutor.java:897)
	at org.apache.ratis.thirdparty.io.netty.util.concurrent.FastThreadLocalRunnable.run(FastThreadLocalRunnable.java:30)
	... 1 more
Caused by: java.net.ConnectException: Connection refused
	... 11 more
2019-11-11 04:08:33,493 [9a305e64-7592-4199-ba7e-8c2223e9b548@group-D5F2B638C171-LeaderElection31] INFO  impl.LeaderElection (LogUtils.java:infoOrTrace(149)) - 9a305e64-7592-4199-ba7e-8c2223e9b548@group-D5F2B638C171-LeaderElection31 got exception when requesting votes: {}
java.util.concurrent.ExecutionException: org.apache.ratis.thirdparty.io.grpc.StatusRuntimeException: UNAVAILABLE: io exception
	at java.util.concurrent.FutureTask.report(FutureTask.java:122)
	at java.util.concurrent.FutureTask.get(FutureTask.java:192)
	at org.apache.ratis.server.impl.LeaderElection.waitForResults(LeaderElection.java:259)
	at org.apache.ratis.server.impl.LeaderElection.askForVotes(LeaderElection.java:197)
	at org.apache.ratis.server.impl.LeaderElection.run(LeaderElection.java:133)
	at java.lang.Thread.run(Thread.java:748)
Caused by: org.apache.ratis.thirdparty.io.grpc.StatusRuntimeException: UNAVAILABLE: io exception
	at org.apache.ratis.thirdparty.io.grpc.stub.ClientCalls.toStatusRuntimeException(ClientCalls.java:233)
	at org.apache.ratis.thirdparty.io.grpc.stub.ClientCalls.getUnchecked(ClientCalls.java:214)
	at org.apache.ratis.thirdparty.io.grpc.stub.ClientCalls.blockingUnaryCall(ClientCalls.java:139)
	at org.apache.ratis.proto.grpc.RaftServerProtocolServiceGrpc$RaftServerProtocolServiceBlockingStub.requestVote(RaftServerProtocolServiceGrpc.java:265)
	at org.apache.ratis.grpc.server.GrpcServerProtocolClient.requestVote(GrpcServerProtocolClient.java:99)
	at org.apache.ratis.grpc.server.GrpcService.requestVote(GrpcService.java:204)
	at org.apache.ratis.server.impl.LeaderElection.lambda$submitRequests$1(LeaderElection.java:234)
	at java.util.concurrent.FutureTask.run(FutureTask.java:266)
	at java.util.concurrent.Executors$RunnableAdapter.call(Executors.java:511)
	at java.util.concurrent.FutureTask.run(FutureTask.java:266)
	at java.util.concurrent.ThreadPoolExecutor.runWorker(ThreadPoolExecutor.java:1149)
	at java.util.concurrent.ThreadPoolExecutor$Worker.run(ThreadPoolExecutor.java:624)
	... 1 more
Caused by: org.apache.ratis.thirdparty.io.netty.channel.AbstractChannel$AnnotatedConnectException: Connection refused: /192.168.34.63:41296
	at sun.nio.ch.SocketChannelImpl.checkConnect(Native Method)
	at sun.nio.ch.SocketChannelImpl.finishConnect(SocketChannelImpl.java:717)
	at org.apache.ratis.thirdparty.io.netty.channel.socket.nio.NioSocketChannel.doFinishConnect(NioSocketChannel.java:327)
	at org.apache.ratis.thirdparty.io.netty.channel.nio.AbstractNioChannel$AbstractNioUnsafe.finishConnect(AbstractNioChannel.java:340)
	at org.apache.ratis.thirdparty.io.netty.channel.nio.NioEventLoop.processSelectedKey(NioEventLoop.java:632)
	at org.apache.ratis.thirdparty.io.netty.channel.nio.NioEventLoop.processSelectedKeysOptimized(NioEventLoop.java:579)
	at org.apache.ratis.thirdparty.io.netty.channel.nio.NioEventLoop.processSelectedKeys(NioEventLoop.java:496)
	at org.apache.ratis.thirdparty.io.netty.channel.nio.NioEventLoop.run(NioEventLoop.java:458)
	at org.apache.ratis.thirdparty.io.netty.util.concurrent.SingleThreadEventExecutor$5.run(SingleThreadEventExecutor.java:897)
	at org.apache.ratis.thirdparty.io.netty.util.concurrent.FastThreadLocalRunnable.run(FastThreadLocalRunnable.java:30)
	... 1 more
Caused by: java.net.ConnectException: Connection refused
	... 11 more
2019-11-11 04:08:33,493 [9a305e64-7592-4199-ba7e-8c2223e9b548@group-D5F2B638C171-LeaderElection31] INFO  impl.LeaderElection (LeaderElection.java:logAndReturn(56)) - 9a305e64-7592-4199-ba7e-8c2223e9b548@group-D5F2B638C171-LeaderElection31: Election REJECTED; received 0 response(s) [] and 2 exception(s); 9a305e64-7592-4199-ba7e-8c2223e9b548@group-D5F2B638C171:t4, leader=null, voted=9a305e64-7592-4199-ba7e-8c2223e9b548, raftlog=9a305e64-7592-4199-ba7e-8c2223e9b548@group-D5F2B638C171-SegmentedRaftLog:OPENED:c0,f0,i0, conf=0: [9a305e64-7592-4199-ba7e-8c2223e9b548:192.168.34.63:35969, c04805f0-1fdc-4096-9f0e-017639bb4de5:192.168.34.63:44743, f4ab3ec0-fcec-4fb2-8953-e521da90d916:192.168.34.63:41296], old=null
2019-11-11 04:08:33,493 [9a305e64-7592-4199-ba7e-8c2223e9b548@group-D5F2B638C171-LeaderElection31] INFO  impl.LeaderElection (LogUtils.java:infoOrTrace(149)) -   Exception 0: {}
java.util.concurrent.ExecutionException: org.apache.ratis.thirdparty.io.grpc.StatusRuntimeException: UNAVAILABLE: io exception
	at java.util.concurrent.FutureTask.report(FutureTask.java:122)
	at java.util.concurrent.FutureTask.get(FutureTask.java:192)
	at org.apache.ratis.server.impl.LeaderElection.waitForResults(LeaderElection.java:259)
	at org.apache.ratis.server.impl.LeaderElection.askForVotes(LeaderElection.java:197)
	at org.apache.ratis.server.impl.LeaderElection.run(LeaderElection.java:133)
	at java.lang.Thread.run(Thread.java:748)
Caused by: org.apache.ratis.thirdparty.io.grpc.StatusRuntimeException: UNAVAILABLE: io exception
	at org.apache.ratis.thirdparty.io.grpc.stub.ClientCalls.toStatusRuntimeException(ClientCalls.java:233)
	at org.apache.ratis.thirdparty.io.grpc.stub.ClientCalls.getUnchecked(ClientCalls.java:214)
	at org.apache.ratis.thirdparty.io.grpc.stub.ClientCalls.blockingUnaryCall(ClientCalls.java:139)
	at org.apache.ratis.proto.grpc.RaftServerProtocolServiceGrpc$RaftServerProtocolServiceBlockingStub.requestVote(RaftServerProtocolServiceGrpc.java:265)
	at org.apache.ratis.grpc.server.GrpcServerProtocolClient.requestVote(GrpcServerProtocolClient.java:99)
	at org.apache.ratis.grpc.server.GrpcService.requestVote(GrpcService.java:204)
	at org.apache.ratis.server.impl.LeaderElection.lambda$submitRequests$1(LeaderElection.java:234)
	at java.util.concurrent.FutureTask.run(FutureTask.java:266)
	at java.util.concurrent.Executors$RunnableAdapter.call(Executors.java:511)
	at java.util.concurrent.FutureTask.run(FutureTask.java:266)
	at java.util.concurrent.ThreadPoolExecutor.runWorker(ThreadPoolExecutor.java:1149)
	at java.util.concurrent.ThreadPoolExecutor$Worker.run(ThreadPoolExecutor.java:624)
	... 1 more
Caused by: org.apache.ratis.thirdparty.io.netty.channel.AbstractChannel$AnnotatedConnectException: Connection refused: /192.168.34.63:44743
	at sun.nio.ch.SocketChannelImpl.checkConnect(Native Method)
	at sun.nio.ch.SocketChannelImpl.finishConnect(SocketChannelImpl.java:717)
	at org.apache.ratis.thirdparty.io.netty.channel.socket.nio.NioSocketChannel.doFinishConnect(NioSocketChannel.java:327)
	at org.apache.ratis.thirdparty.io.netty.channel.nio.AbstractNioChannel$AbstractNioUnsafe.finishConnect(AbstractNioChannel.java:340)
	at org.apache.ratis.thirdparty.io.netty.channel.nio.NioEventLoop.processSelectedKey(NioEventLoop.java:632)
	at org.apache.ratis.thirdparty.io.netty.channel.nio.NioEventLoop.processSelectedKeysOptimized(NioEventLoop.java:579)
	at org.apache.ratis.thirdparty.io.netty.channel.nio.NioEventLoop.processSelectedKeys(NioEventLoop.java:496)
	at org.apache.ratis.thirdparty.io.netty.channel.nio.NioEventLoop.run(NioEventLoop.java:458)
	at org.apache.ratis.thirdparty.io.netty.util.concurrent.SingleThreadEventExecutor$5.run(SingleThreadEventExecutor.java:897)
	at org.apache.ratis.thirdparty.io.netty.util.concurrent.FastThreadLocalRunnable.run(FastThreadLocalRunnable.java:30)
	... 1 more
Caused by: java.net.ConnectException: Connection refused
	... 11 more
2019-11-11 04:08:33,494 [9a305e64-7592-4199-ba7e-8c2223e9b548@group-D5F2B638C171-LeaderElection31] INFO  impl.LeaderElection (LogUtils.java:infoOrTrace(149)) -   Exception 1: {}
java.util.concurrent.ExecutionException: org.apache.ratis.thirdparty.io.grpc.StatusRuntimeException: UNAVAILABLE: io exception
	at java.util.concurrent.FutureTask.report(FutureTask.java:122)
	at java.util.concurrent.FutureTask.get(FutureTask.java:192)
	at org.apache.ratis.server.impl.LeaderElection.waitForResults(LeaderElection.java:259)
	at org.apache.ratis.server.impl.LeaderElection.askForVotes(LeaderElection.java:197)
	at org.apache.ratis.server.impl.LeaderElection.run(LeaderElection.java:133)
	at java.lang.Thread.run(Thread.java:748)
Caused by: org.apache.ratis.thirdparty.io.grpc.StatusRuntimeException: UNAVAILABLE: io exception
	at org.apache.ratis.thirdparty.io.grpc.stub.ClientCalls.toStatusRuntimeException(ClientCalls.java:233)
	at org.apache.ratis.thirdparty.io.grpc.stub.ClientCalls.getUnchecked(ClientCalls.java:214)
	at org.apache.ratis.thirdparty.io.grpc.stub.ClientCalls.blockingUnaryCall(ClientCalls.java:139)
	at org.apache.ratis.proto.grpc.RaftServerProtocolServiceGrpc$RaftServerProtocolServiceBlockingStub.requestVote(RaftServerProtocolServiceGrpc.java:265)
	at org.apache.ratis.grpc.server.GrpcServerProtocolClient.requestVote(GrpcServerProtocolClient.java:99)
	at org.apache.ratis.grpc.server.GrpcService.requestVote(GrpcService.java:204)
	at org.apache.ratis.server.impl.LeaderElection.lambda$submitRequests$1(LeaderElection.java:234)
	at java.util.concurrent.FutureTask.run(FutureTask.java:266)
	at java.util.concurrent.Executors$RunnableAdapter.call(Executors.java:511)
	at java.util.concurrent.FutureTask.run(FutureTask.java:266)
	at java.util.concurrent.ThreadPoolExecutor.runWorker(ThreadPoolExecutor.java:1149)
	at java.util.concurrent.ThreadPoolExecutor$Worker.run(ThreadPoolExecutor.java:624)
	... 1 more
Caused by: org.apache.ratis.thirdparty.io.netty.channel.AbstractChannel$AnnotatedConnectException: Connection refused: /192.168.34.63:41296
	at sun.nio.ch.SocketChannelImpl.checkConnect(Native Method)
	at sun.nio.ch.SocketChannelImpl.finishConnect(SocketChannelImpl.java:717)
	at org.apache.ratis.thirdparty.io.netty.channel.socket.nio.NioSocketChannel.doFinishConnect(NioSocketChannel.java:327)
	at org.apache.ratis.thirdparty.io.netty.channel.nio.AbstractNioChannel$AbstractNioUnsafe.finishConnect(AbstractNioChannel.java:340)
	at org.apache.ratis.thirdparty.io.netty.channel.nio.NioEventLoop.processSelectedKey(NioEventLoop.java:632)
	at org.apache.ratis.thirdparty.io.netty.channel.nio.NioEventLoop.processSelectedKeysOptimized(NioEventLoop.java:579)
	at org.apache.ratis.thirdparty.io.netty.channel.nio.NioEventLoop.processSelectedKeys(NioEventLoop.java:496)
	at org.apache.ratis.thirdparty.io.netty.channel.nio.NioEventLoop.run(NioEventLoop.java:458)
	at org.apache.ratis.thirdparty.io.netty.util.concurrent.SingleThreadEventExecutor$5.run(SingleThreadEventExecutor.java:897)
	at org.apache.ratis.thirdparty.io.netty.util.concurrent.FastThreadLocalRunnable.run(FastThreadLocalRunnable.java:30)
	... 1 more
Caused by: java.net.ConnectException: Connection refused
	... 11 more
2019-11-11 04:08:33,494 [9a305e64-7592-4199-ba7e-8c2223e9b548@group-D5F2B638C171-LeaderElection31] INFO  impl.RaftServerImpl (RaftServerImpl.java:setRole(173)) - 9a305e64-7592-4199-ba7e-8c2223e9b548@group-D5F2B638C171: changes role from CANDIDATE to FOLLOWER at term 4 for DISCOVERED_A_NEW_TERM
2019-11-11 04:08:33,494 [9a305e64-7592-4199-ba7e-8c2223e9b548@group-D5F2B638C171-LeaderElection31] INFO  impl.RoleInfo (RoleInfo.java:shutdownLeaderElection(134)) - 9a305e64-7592-4199-ba7e-8c2223e9b548: shutdown LeaderElection
2019-11-11 04:08:33,494 [9a305e64-7592-4199-ba7e-8c2223e9b548@group-D5F2B638C171-LeaderElection31] INFO  impl.RoleInfo (RoleInfo.java:updateAndGet(143)) - 9a305e64-7592-4199-ba7e-8c2223e9b548: start FollowerState
2019-11-11 04:08:33,499 [EventQueue-PipelineActionsForPipelineActionHandler] ERROR pipeline.PipelineActionHandler (PipelineActionHandler.java:onMessage(60)) - Received pipeline action CLOSE for Pipeline[ Id: 31ac6f49-abee-419e-8f26-f4d747e15ff8, Nodes: 61021d77-0677-40a1-98e7-8ba643935ac0{ip: 192.168.34.63, host: trunk-nightly-20191111-g5xpl-2663879777, networkLocation: /default-rack, certSerialId: null}f4ab3ec0-fcec-4fb2-8953-e521da90d916{ip: 192.168.34.63, host: trunk-nightly-20191111-g5xpl-2663879777, networkLocation: /default-rack, certSerialId: null}9a305e64-7592-4199-ba7e-8c2223e9b548{ip: 192.168.34.63, host: trunk-nightly-20191111-g5xpl-2663879777, networkLocation: /default-rack, certSerialId: null}, Type:RATIS, Factor:THREE, State:CLOSED] from datanode 9a305e64-7592-4199-ba7e-8c2223e9b548{ip: 192.168.34.63, host: trunk-nightly-20191111-g5xpl-2663879777, networkLocation: /default-rack, certSerialId: null}. Reason : 9a305e64-7592-4199-ba7e-8c2223e9b548 has not seen follower/s 61021d77-0677-40a1-98e7-8ba643935ac0 for 122047ms
2019-11-11 04:08:33,499 [EventQueue-PipelineActionsForPipelineActionHandler] INFO  pipeline.SCMPipelineManager (SCMPipelineManager.java:finalizeAndDestroyPipeline(315)) - destroying pipeline:Pipeline[ Id: 31ac6f49-abee-419e-8f26-f4d747e15ff8, Nodes: 61021d77-0677-40a1-98e7-8ba643935ac0{ip: 192.168.34.63, host: trunk-nightly-20191111-g5xpl-2663879777, networkLocation: /default-rack, certSerialId: null}f4ab3ec0-fcec-4fb2-8953-e521da90d916{ip: 192.168.34.63, host: trunk-nightly-20191111-g5xpl-2663879777, networkLocation: /default-rack, certSerialId: null}9a305e64-7592-4199-ba7e-8c2223e9b548{ip: 192.168.34.63, host: trunk-nightly-20191111-g5xpl-2663879777, networkLocation: /default-rack, certSerialId: null}, Type:RATIS, Factor:THREE, State:CLOSED]
2019-11-11 04:08:33,534 [grpc-default-executor-2] WARN  server.GrpcLogAppender (LogUtils.java:warn(134)) - 9a305e64-7592-4199-ba7e-8c2223e9b548@group-F4D747E15FF8->f4ab3ec0-fcec-4fb2-8953-e521da90d916-AppendLogResponseHandler: Failed appendEntries: org.apache.ratis.thirdparty.io.grpc.StatusRuntimeException: UNAVAILABLE: io exception
2019-11-11 04:08:33,534 [grpc-default-executor-2] INFO  impl.FollowerInfo (FollowerInfo.java:lambda$new$0(51)) - 9a305e64-7592-4199-ba7e-8c2223e9b548@group-F4D747E15FF8->f4ab3ec0-fcec-4fb2-8953-e521da90d916: nextIndex: updateUnconditionally 0 -> 0
2019-11-11 04:08:33,576 [org.apache.ratis.server.impl.LogAppender$AppenderDaemon$$Lambda$651/545843685@69bcbdd4] ERROR ratis.XceiverServerRatis (XceiverServerRatis.java:triggerPipelineClose(577)) - pipeline Action CLOSE  on pipeline PipelineID=31ac6f49-abee-419e-8f26-f4d747e15ff8.Reason : 9a305e64-7592-4199-ba7e-8c2223e9b548 has not seen follower/s 61021d77-0677-40a1-98e7-8ba643935ac0 for 123049ms
2019-11-11 04:08:33,577 [grpc-default-executor-2] WARN  server.GrpcLogAppender (LogUtils.java:warn(134)) - 9a305e64-7592-4199-ba7e-8c2223e9b548@group-F4D747E15FF8->61021d77-0677-40a1-98e7-8ba643935ac0-AppendLogResponseHandler: Failed appendEntries: org.apache.ratis.thirdparty.io.grpc.StatusRuntimeException: UNAVAILABLE: io exception
2019-11-11 04:08:33,577 [grpc-default-executor-2] INFO  impl.FollowerInfo (FollowerInfo.java:lambda$new$0(51)) - 9a305e64-7592-4199-ba7e-8c2223e9b548@group-F4D747E15FF8->61021d77-0677-40a1-98e7-8ba643935ac0: nextIndex: updateUnconditionally 0 -> 0
2019-11-11 04:08:34,035 [grpc-default-executor-2] WARN  server.GrpcLogAppender (LogUtils.java:warn(134)) - 9a305e64-7592-4199-ba7e-8c2223e9b548@group-F4D747E15FF8->f4ab3ec0-fcec-4fb2-8953-e521da90d916-AppendLogResponseHandler: Failed appendEntries: org.apache.ratis.thirdparty.io.grpc.StatusRuntimeException: UNAVAILABLE: io exception
2019-11-11 04:08:34,036 [grpc-default-executor-2] INFO  impl.FollowerInfo (FollowerInfo.java:lambda$new$0(51)) - 9a305e64-7592-4199-ba7e-8c2223e9b548@group-F4D747E15FF8->f4ab3ec0-fcec-4fb2-8953-e521da90d916: nextIndex: updateUnconditionally 0 -> 0
2019-11-11 04:08:34,077 [org.apache.ratis.server.impl.LogAppender$AppenderDaemon$$Lambda$651/545843685@69bcbdd4] ERROR ratis.XceiverServerRatis (XceiverServerRatis.java:triggerPipelineClose(577)) - pipeline Action CLOSE  on pipeline PipelineID=31ac6f49-abee-419e-8f26-f4d747e15ff8.Reason : 9a305e64-7592-4199-ba7e-8c2223e9b548 has not seen follower/s 61021d77-0677-40a1-98e7-8ba643935ac0 for 123550ms
2019-11-11 04:08:34,077 [grpc-default-executor-8] WARN  server.GrpcLogAppender (LogUtils.java:warn(134)) - 9a305e64-7592-4199-ba7e-8c2223e9b548@group-F4D747E15FF8->61021d77-0677-40a1-98e7-8ba643935ac0-AppendLogResponseHandler: Failed appendEntries: org.apache.ratis.thirdparty.io.grpc.StatusRuntimeException: UNAVAILABLE: io exception
2019-11-11 04:08:34,077 [grpc-default-executor-8] INFO  impl.FollowerInfo (FollowerInfo.java:lambda$new$0(51)) - 9a305e64-7592-4199-ba7e-8c2223e9b548@group-F4D747E15FF8->61021d77-0677-40a1-98e7-8ba643935ac0: nextIndex: updateUnconditionally 0 -> 0
2019-11-11 04:08:34,349 [Thread-1098] INFO  impl.FollowerState (FollowerState.java:run(111)) - 9a305e64-7592-4199-ba7e-8c2223e9b548@group-A10C889AEEC0-FollowerState: change to CANDIDATE, lastRpcTime:1096ms, electionTimeout:1096ms
2019-11-11 04:08:34,350 [Thread-1098] INFO  impl.RoleInfo (RoleInfo.java:shutdownFollowerState(121)) - 9a305e64-7592-4199-ba7e-8c2223e9b548: shutdown FollowerState
2019-11-11 04:08:34,350 [Thread-1098] INFO  impl.RaftServerImpl (RaftServerImpl.java:setRole(173)) - 9a305e64-7592-4199-ba7e-8c2223e9b548@group-A10C889AEEC0: changes role from  FOLLOWER to CANDIDATE at term 3 for changeToCandidate
2019-11-11 04:08:34,350 [Thread-1098] INFO  impl.RoleInfo (RoleInfo.java:updateAndGet(143)) - 9a305e64-7592-4199-ba7e-8c2223e9b548: start LeaderElection
2019-11-11 04:08:34,366 [9a305e64-7592-4199-ba7e-8c2223e9b548@group-A10C889AEEC0-LeaderElection32] INFO  impl.LeaderElection (LeaderElection.java:askForVotes(178)) - 9a305e64-7592-4199-ba7e-8c2223e9b548@group-A10C889AEEC0-LeaderElection32: begin an election at term 4 for 0: [9a305e64-7592-4199-ba7e-8c2223e9b548:192.168.34.63:35969, c04805f0-1fdc-4096-9f0e-017639bb4de5:192.168.34.63:44743, f4ab3ec0-fcec-4fb2-8953-e521da90d916:192.168.34.63:41296], old=null
2019-11-11 04:08:34,367 [9a305e64-7592-4199-ba7e-8c2223e9b548@group-A10C889AEEC0-LeaderElection32] INFO  impl.LeaderElection (LogUtils.java:infoOrTrace(149)) - 9a305e64-7592-4199-ba7e-8c2223e9b548@group-A10C889AEEC0-LeaderElection32 got exception when requesting votes: {}
java.util.concurrent.ExecutionException: org.apache.ratis.thirdparty.io.grpc.StatusRuntimeException: UNAVAILABLE: io exception
	at java.util.concurrent.FutureTask.report(FutureTask.java:122)
	at java.util.concurrent.FutureTask.get(FutureTask.java:192)
	at org.apache.ratis.server.impl.LeaderElection.waitForResults(LeaderElection.java:259)
	at org.apache.ratis.server.impl.LeaderElection.askForVotes(LeaderElection.java:197)
	at org.apache.ratis.server.impl.LeaderElection.run(LeaderElection.java:133)
	at java.lang.Thread.run(Thread.java:748)
Caused by: org.apache.ratis.thirdparty.io.grpc.StatusRuntimeException: UNAVAILABLE: io exception
	at org.apache.ratis.thirdparty.io.grpc.stub.ClientCalls.toStatusRuntimeException(ClientCalls.java:233)
	at org.apache.ratis.thirdparty.io.grpc.stub.ClientCalls.getUnchecked(ClientCalls.java:214)
	at org.apache.ratis.thirdparty.io.grpc.stub.ClientCalls.blockingUnaryCall(ClientCalls.java:139)
	at org.apache.ratis.proto.grpc.RaftServerProtocolServiceGrpc$RaftServerProtocolServiceBlockingStub.requestVote(RaftServerProtocolServiceGrpc.java:265)
	at org.apache.ratis.grpc.server.GrpcServerProtocolClient.requestVote(GrpcServerProtocolClient.java:99)
	at org.apache.ratis.grpc.server.GrpcService.requestVote(GrpcService.java:204)
	at org.apache.ratis.server.impl.LeaderElection.lambda$submitRequests$1(LeaderElection.java:234)
	at java.util.concurrent.FutureTask.run(FutureTask.java:266)
	at java.util.concurrent.Executors$RunnableAdapter.call(Executors.java:511)
	at java.util.concurrent.FutureTask.run(FutureTask.java:266)
	at java.util.concurrent.ThreadPoolExecutor.runWorker(ThreadPoolExecutor.java:1149)
	at java.util.concurrent.ThreadPoolExecutor$Worker.run(ThreadPoolExecutor.java:624)
	... 1 more
Caused by: org.apache.ratis.thirdparty.io.netty.channel.AbstractChannel$AnnotatedConnectException: Connection refused: /192.168.34.63:44743
	at sun.nio.ch.SocketChannelImpl.checkConnect(Native Method)
	at sun.nio.ch.SocketChannelImpl.finishConnect(SocketChannelImpl.java:717)
	at org.apache.ratis.thirdparty.io.netty.channel.socket.nio.NioSocketChannel.doFinishConnect(NioSocketChannel.java:327)
	at org.apache.ratis.thirdparty.io.netty.channel.nio.AbstractNioChannel$AbstractNioUnsafe.finishConnect(AbstractNioChannel.java:340)
	at org.apache.ratis.thirdparty.io.netty.channel.nio.NioEventLoop.processSelectedKey(NioEventLoop.java:632)
	at org.apache.ratis.thirdparty.io.netty.channel.nio.NioEventLoop.processSelectedKeysOptimized(NioEventLoop.java:579)
	at org.apache.ratis.thirdparty.io.netty.channel.nio.NioEventLoop.processSelectedKeys(NioEventLoop.java:496)
	at org.apache.ratis.thirdparty.io.netty.channel.nio.NioEventLoop.run(NioEventLoop.java:458)
	at org.apache.ratis.thirdparty.io.netty.util.concurrent.SingleThreadEventExecutor$5.run(SingleThreadEventExecutor.java:897)
	at org.apache.ratis.thirdparty.io.netty.util.concurrent.FastThreadLocalRunnable.run(FastThreadLocalRunnable.java:30)
	... 1 more
Caused by: java.net.ConnectException: Connection refused
	... 11 more
2019-11-11 04:08:34,369 [9a305e64-7592-4199-ba7e-8c2223e9b548@group-A10C889AEEC0-LeaderElection32] INFO  impl.LeaderElection (LogUtils.java:infoOrTrace(149)) - 9a305e64-7592-4199-ba7e-8c2223e9b548@group-A10C889AEEC0-LeaderElection32 got exception when requesting votes: {}
java.util.concurrent.ExecutionException: org.apache.ratis.thirdparty.io.grpc.StatusRuntimeException: UNAVAILABLE: io exception
	at java.util.concurrent.FutureTask.report(FutureTask.java:122)
	at java.util.concurrent.FutureTask.get(FutureTask.java:192)
	at org.apache.ratis.server.impl.LeaderElection.waitForResults(LeaderElection.java:259)
	at org.apache.ratis.server.impl.LeaderElection.askForVotes(LeaderElection.java:197)
	at org.apache.ratis.server.impl.LeaderElection.run(LeaderElection.java:133)
	at java.lang.Thread.run(Thread.java:748)
Caused by: org.apache.ratis.thirdparty.io.grpc.StatusRuntimeException: UNAVAILABLE: io exception
	at org.apache.ratis.thirdparty.io.grpc.stub.ClientCalls.toStatusRuntimeException(ClientCalls.java:233)
	at org.apache.ratis.thirdparty.io.grpc.stub.ClientCalls.getUnchecked(ClientCalls.java:214)
	at org.apache.ratis.thirdparty.io.grpc.stub.ClientCalls.blockingUnaryCall(ClientCalls.java:139)
	at org.apache.ratis.proto.grpc.RaftServerProtocolServiceGrpc$RaftServerProtocolServiceBlockingStub.requestVote(RaftServerProtocolServiceGrpc.java:265)
	at org.apache.ratis.grpc.server.GrpcServerProtocolClient.requestVote(GrpcServerProtocolClient.java:99)
	at org.apache.ratis.grpc.server.GrpcService.requestVote(GrpcService.java:204)
	at org.apache.ratis.server.impl.LeaderElection.lambda$submitRequests$1(LeaderElection.java:234)
	at java.util.concurrent.FutureTask.run(FutureTask.java:266)
	at java.util.concurrent.Executors$RunnableAdapter.call(Executors.java:511)
	at java.util.concurrent.FutureTask.run(FutureTask.java:266)
	at java.util.concurrent.ThreadPoolExecutor.runWorker(ThreadPoolExecutor.java:1149)
	at java.util.concurrent.ThreadPoolExecutor$Worker.run(ThreadPoolExecutor.java:624)
	... 1 more
Caused by: org.apache.ratis.thirdparty.io.netty.channel.AbstractChannel$AnnotatedConnectException: Connection refused: /192.168.34.63:41296
	at sun.nio.ch.SocketChannelImpl.checkConnect(Native Method)
	at sun.nio.ch.SocketChannelImpl.finishConnect(SocketChannelImpl.java:717)
	at org.apache.ratis.thirdparty.io.netty.channel.socket.nio.NioSocketChannel.doFinishConnect(NioSocketChannel.java:327)
	at org.apache.ratis.thirdparty.io.netty.channel.nio.AbstractNioChannel$AbstractNioUnsafe.finishConnect(AbstractNioChannel.java:340)
	at org.apache.ratis.thirdparty.io.netty.channel.nio.NioEventLoop.processSelectedKey(NioEventLoop.java:632)
	at org.apache.ratis.thirdparty.io.netty.channel.nio.NioEventLoop.processSelectedKeysOptimized(NioEventLoop.java:579)
	at org.apache.ratis.thirdparty.io.netty.channel.nio.NioEventLoop.processSelectedKeys(NioEventLoop.java:496)
	at org.apache.ratis.thirdparty.io.netty.channel.nio.NioEventLoop.run(NioEventLoop.java:458)
	at org.apache.ratis.thirdparty.io.netty.util.concurrent.SingleThreadEventExecutor$5.run(SingleThreadEventExecutor.java:897)
	at org.apache.ratis.thirdparty.io.netty.util.concurrent.FastThreadLocalRunnable.run(FastThreadLocalRunnable.java:30)
	... 1 more
Caused by: java.net.ConnectException: Connection refused
	... 11 more
2019-11-11 04:08:34,369 [9a305e64-7592-4199-ba7e-8c2223e9b548@group-A10C889AEEC0-LeaderElection32] INFO  impl.LeaderElection (LeaderElection.java:logAndReturn(56)) - 9a305e64-7592-4199-ba7e-8c2223e9b548@group-A10C889AEEC0-LeaderElection32: Election REJECTED; received 0 response(s) [] and 2 exception(s); 9a305e64-7592-4199-ba7e-8c2223e9b548@group-A10C889AEEC0:t4, leader=null, voted=9a305e64-7592-4199-ba7e-8c2223e9b548, raftlog=9a305e64-7592-4199-ba7e-8c2223e9b548@group-A10C889AEEC0-SegmentedRaftLog:OPENED:c0,f0,i0, conf=0: [9a305e64-7592-4199-ba7e-8c2223e9b548:192.168.34.63:35969, c04805f0-1fdc-4096-9f0e-017639bb4de5:192.168.34.63:44743, f4ab3ec0-fcec-4fb2-8953-e521da90d916:192.168.34.63:41296], old=null
2019-11-11 04:08:34,369 [9a305e64-7592-4199-ba7e-8c2223e9b548@group-A10C889AEEC0-LeaderElection32] INFO  impl.LeaderElection (LogUtils.java:infoOrTrace(149)) -   Exception 0: {}
java.util.concurrent.ExecutionException: org.apache.ratis.thirdparty.io.grpc.StatusRuntimeException: UNAVAILABLE: io exception
	at java.util.concurrent.FutureTask.report(FutureTask.java:122)
	at java.util.concurrent.FutureTask.get(FutureTask.java:192)
	at org.apache.ratis.server.impl.LeaderElection.waitForResults(LeaderElection.java:259)
	at org.apache.ratis.server.impl.LeaderElection.askForVotes(LeaderElection.java:197)
	at org.apache.ratis.server.impl.LeaderElection.run(LeaderElection.java:133)
	at java.lang.Thread.run(Thread.java:748)
Caused by: org.apache.ratis.thirdparty.io.grpc.StatusRuntimeException: UNAVAILABLE: io exception
	at org.apache.ratis.thirdparty.io.grpc.stub.ClientCalls.toStatusRuntimeException(ClientCalls.java:233)
	at org.apache.ratis.thirdparty.io.grpc.stub.ClientCalls.getUnchecked(ClientCalls.java:214)
	at org.apache.ratis.thirdparty.io.grpc.stub.ClientCalls.blockingUnaryCall(ClientCalls.java:139)
	at org.apache.ratis.proto.grpc.RaftServerProtocolServiceGrpc$RaftServerProtocolServiceBlockingStub.requestVote(RaftServerProtocolServiceGrpc.java:265)
	at org.apache.ratis.grpc.server.GrpcServerProtocolClient.requestVote(GrpcServerProtocolClient.java:99)
	at org.apache.ratis.grpc.server.GrpcService.requestVote(GrpcService.java:204)
	at org.apache.ratis.server.impl.LeaderElection.lambda$submitRequests$1(LeaderElection.java:234)
	at java.util.concurrent.FutureTask.run(FutureTask.java:266)
	at java.util.concurrent.Executors$RunnableAdapter.call(Executors.java:511)
	at java.util.concurrent.FutureTask.run(FutureTask.java:266)
	at java.util.concurrent.ThreadPoolExecutor.runWorker(ThreadPoolExecutor.java:1149)
	at java.util.concurrent.ThreadPoolExecutor$Worker.run(ThreadPoolExecutor.java:624)
	... 1 more
Caused by: org.apache.ratis.thirdparty.io.netty.channel.AbstractChannel$AnnotatedConnectException: Connection refused: /192.168.34.63:44743
	at sun.nio.ch.SocketChannelImpl.checkConnect(Native Method)
	at sun.nio.ch.SocketChannelImpl.finishConnect(SocketChannelImpl.java:717)
	at org.apache.ratis.thirdparty.io.netty.channel.socket.nio.NioSocketChannel.doFinishConnect(NioSocketChannel.java:327)
	at org.apache.ratis.thirdparty.io.netty.channel.nio.AbstractNioChannel$AbstractNioUnsafe.finishConnect(AbstractNioChannel.java:340)
	at org.apache.ratis.thirdparty.io.netty.channel.nio.NioEventLoop.processSelectedKey(NioEventLoop.java:632)
	at org.apache.ratis.thirdparty.io.netty.channel.nio.NioEventLoop.processSelectedKeysOptimized(NioEventLoop.java:579)
	at org.apache.ratis.thirdparty.io.netty.channel.nio.NioEventLoop.processSelectedKeys(NioEventLoop.java:496)
	at org.apache.ratis.thirdparty.io.netty.channel.nio.NioEventLoop.run(NioEventLoop.java:458)
	at org.apache.ratis.thirdparty.io.netty.util.concurrent.SingleThreadEventExecutor$5.run(SingleThreadEventExecutor.java:897)
	at org.apache.ratis.thirdparty.io.netty.util.concurrent.FastThreadLocalRunnable.run(FastThreadLocalRunnable.java:30)
	... 1 more
Caused by: java.net.ConnectException: Connection refused
	... 11 more
2019-11-11 04:08:34,370 [9a305e64-7592-4199-ba7e-8c2223e9b548@group-A10C889AEEC0-LeaderElection32] INFO  impl.LeaderElection (LogUtils.java:infoOrTrace(149)) -   Exception 1: {}
java.util.concurrent.ExecutionException: org.apache.ratis.thirdparty.io.grpc.StatusRuntimeException: UNAVAILABLE: io exception
	at java.util.concurrent.FutureTask.report(FutureTask.java:122)
	at java.util.concurrent.FutureTask.get(FutureTask.java:192)
	at org.apache.ratis.server.impl.LeaderElection.waitForResults(LeaderElection.java:259)
	at org.apache.ratis.server.impl.LeaderElection.askForVotes(LeaderElection.java:197)
	at org.apache.ratis.server.impl.LeaderElection.run(LeaderElection.java:133)
	at java.lang.Thread.run(Thread.java:748)
Caused by: org.apache.ratis.thirdparty.io.grpc.StatusRuntimeException: UNAVAILABLE: io exception
	at org.apache.ratis.thirdparty.io.grpc.stub.ClientCalls.toStatusRuntimeException(ClientCalls.java:233)
	at org.apache.ratis.thirdparty.io.grpc.stub.ClientCalls.getUnchecked(ClientCalls.java:214)
	at org.apache.ratis.thirdparty.io.grpc.stub.ClientCalls.blockingUnaryCall(ClientCalls.java:139)
	at org.apache.ratis.proto.grpc.RaftServerProtocolServiceGrpc$RaftServerProtocolServiceBlockingStub.requestVote(RaftServerProtocolServiceGrpc.java:265)
	at org.apache.ratis.grpc.server.GrpcServerProtocolClient.requestVote(GrpcServerProtocolClient.java:99)
	at org.apache.ratis.grpc.server.GrpcService.requestVote(GrpcService.java:204)
	at org.apache.ratis.server.impl.LeaderElection.lambda$submitRequests$1(LeaderElection.java:234)
	at java.util.concurrent.FutureTask.run(FutureTask.java:266)
	at java.util.concurrent.Executors$RunnableAdapter.call(Executors.java:511)
	at java.util.concurrent.FutureTask.run(FutureTask.java:266)
	at java.util.concurrent.ThreadPoolExecutor.runWorker(ThreadPoolExecutor.java:1149)
	at java.util.concurrent.ThreadPoolExecutor$Worker.run(ThreadPoolExecutor.java:624)
	... 1 more
Caused by: org.apache.ratis.thirdparty.io.netty.channel.AbstractChannel$AnnotatedConnectException: Connection refused: /192.168.34.63:41296
	at sun.nio.ch.SocketChannelImpl.checkConnect(Native Method)
	at sun.nio.ch.SocketChannelImpl.finishConnect(SocketChannelImpl.java:717)
	at org.apache.ratis.thirdparty.io.netty.channel.socket.nio.NioSocketChannel.doFinishConnect(NioSocketChannel.java:327)
	at org.apache.ratis.thirdparty.io.netty.channel.nio.AbstractNioChannel$AbstractNioUnsafe.finishConnect(AbstractNioChannel.java:340)
	at org.apache.ratis.thirdparty.io.netty.channel.nio.NioEventLoop.processSelectedKey(NioEventLoop.java:632)
	at org.apache.ratis.thirdparty.io.netty.channel.nio.NioEventLoop.processSelectedKeysOptimized(NioEventLoop.java:579)
	at org.apache.ratis.thirdparty.io.netty.channel.nio.NioEventLoop.processSelectedKeys(NioEventLoop.java:496)
	at org.apache.ratis.thirdparty.io.netty.channel.nio.NioEventLoop.run(NioEventLoop.java:458)
	at org.apache.ratis.thirdparty.io.netty.util.concurrent.SingleThreadEventExecutor$5.run(SingleThreadEventExecutor.java:897)
	at org.apache.ratis.thirdparty.io.netty.util.concurrent.FastThreadLocalRunnable.run(FastThreadLocalRunnable.java:30)
	... 1 more
Caused by: java.net.ConnectException: Connection refused
	... 11 more
2019-11-11 04:08:34,370 [9a305e64-7592-4199-ba7e-8c2223e9b548@group-A10C889AEEC0-LeaderElection32] INFO  impl.RaftServerImpl (RaftServerImpl.java:setRole(173)) - 9a305e64-7592-4199-ba7e-8c2223e9b548@group-A10C889AEEC0: changes role from CANDIDATE to FOLLOWER at term 4 for DISCOVERED_A_NEW_TERM
2019-11-11 04:08:34,370 [9a305e64-7592-4199-ba7e-8c2223e9b548@group-A10C889AEEC0-LeaderElection32] INFO  impl.RoleInfo (RoleInfo.java:shutdownLeaderElection(134)) - 9a305e64-7592-4199-ba7e-8c2223e9b548: shutdown LeaderElection
2019-11-11 04:08:34,370 [9a305e64-7592-4199-ba7e-8c2223e9b548@group-A10C889AEEC0-LeaderElection32] INFO  impl.RoleInfo (RoleInfo.java:updateAndGet(143)) - 9a305e64-7592-4199-ba7e-8c2223e9b548: start FollowerState
2019-11-11 04:08:34,499 [EventQueue-PipelineActionsForPipelineActionHandler] ERROR pipeline.PipelineActionHandler (PipelineActionHandler.java:onMessage(60)) - Received pipeline action CLOSE for Pipeline[ Id: 31ac6f49-abee-419e-8f26-f4d747e15ff8, Nodes: 61021d77-0677-40a1-98e7-8ba643935ac0{ip: 192.168.34.63, host: trunk-nightly-20191111-g5xpl-2663879777, networkLocation: /default-rack, certSerialId: null}f4ab3ec0-fcec-4fb2-8953-e521da90d916{ip: 192.168.34.63, host: trunk-nightly-20191111-g5xpl-2663879777, networkLocation: /default-rack, certSerialId: null}9a305e64-7592-4199-ba7e-8c2223e9b548{ip: 192.168.34.63, host: trunk-nightly-20191111-g5xpl-2663879777, networkLocation: /default-rack, certSerialId: null}, Type:RATIS, Factor:THREE, State:CLOSED] from datanode 9a305e64-7592-4199-ba7e-8c2223e9b548{ip: 192.168.34.63, host: trunk-nightly-20191111-g5xpl-2663879777, networkLocation: /default-rack, certSerialId: null}. Reason : 9a305e64-7592-4199-ba7e-8c2223e9b548 has not seen follower/s 61021d77-0677-40a1-98e7-8ba643935ac0 for 123049ms
2019-11-11 04:08:34,499 [EventQueue-PipelineActionsForPipelineActionHandler] INFO  pipeline.SCMPipelineManager (SCMPipelineManager.java:finalizeAndDestroyPipeline(315)) - destroying pipeline:Pipeline[ Id: 31ac6f49-abee-419e-8f26-f4d747e15ff8, Nodes: 61021d77-0677-40a1-98e7-8ba643935ac0{ip: 192.168.34.63, host: trunk-nightly-20191111-g5xpl-2663879777, networkLocation: /default-rack, certSerialId: null}f4ab3ec0-fcec-4fb2-8953-e521da90d916{ip: 192.168.34.63, host: trunk-nightly-20191111-g5xpl-2663879777, networkLocation: /default-rack, certSerialId: null}9a305e64-7592-4199-ba7e-8c2223e9b548{ip: 192.168.34.63, host: trunk-nightly-20191111-g5xpl-2663879777, networkLocation: /default-rack, certSerialId: null}, Type:RATIS, Factor:THREE, State:CLOSED]
2019-11-11 04:08:34,535 [grpc-default-executor-8] WARN  server.GrpcLogAppender (LogUtils.java:warn(134)) - 9a305e64-7592-4199-ba7e-8c2223e9b548@group-F4D747E15FF8->f4ab3ec0-fcec-4fb2-8953-e521da90d916-AppendLogResponseHandler: Failed appendEntries: org.apache.ratis.thirdparty.io.grpc.StatusRuntimeException: UNAVAILABLE: io exception
2019-11-11 04:08:34,535 [grpc-default-executor-8] INFO  impl.FollowerInfo (FollowerInfo.java:lambda$new$0(51)) - 9a305e64-7592-4199-ba7e-8c2223e9b548@group-F4D747E15FF8->f4ab3ec0-fcec-4fb2-8953-e521da90d916: nextIndex: updateUnconditionally 0 -> 0
2019-11-11 04:08:34,578 [org.apache.ratis.server.impl.LogAppender$AppenderDaemon$$Lambda$651/545843685@69bcbdd4] ERROR ratis.XceiverServerRatis (XceiverServerRatis.java:triggerPipelineClose(577)) - pipeline Action CLOSE  on pipeline PipelineID=31ac6f49-abee-419e-8f26-f4d747e15ff8.Reason : 9a305e64-7592-4199-ba7e-8c2223e9b548 has not seen follower/s 61021d77-0677-40a1-98e7-8ba643935ac0 for 124051ms
2019-11-11 04:08:34,579 [grpc-default-executor-2] WARN  server.GrpcLogAppender (LogUtils.java:warn(134)) - 9a305e64-7592-4199-ba7e-8c2223e9b548@group-F4D747E15FF8->61021d77-0677-40a1-98e7-8ba643935ac0-AppendLogResponseHandler: Failed appendEntries: org.apache.ratis.thirdparty.io.grpc.StatusRuntimeException: UNAVAILABLE: io exception
2019-11-11 04:08:34,579 [grpc-default-executor-2] INFO  impl.FollowerInfo (FollowerInfo.java:lambda$new$0(51)) - 9a305e64-7592-4199-ba7e-8c2223e9b548@group-F4D747E15FF8->61021d77-0677-40a1-98e7-8ba643935ac0: nextIndex: updateUnconditionally 0 -> 0
2019-11-11 04:08:34,618 [Thread-1102] INFO  impl.FollowerState (FollowerState.java:run(111)) - 9a305e64-7592-4199-ba7e-8c2223e9b548@group-D5F2B638C171-FollowerState: change to CANDIDATE, lastRpcTime:1123ms, electionTimeout:1123ms
2019-11-11 04:08:34,618 [Thread-1102] INFO  impl.RoleInfo (RoleInfo.java:shutdownFollowerState(121)) - 9a305e64-7592-4199-ba7e-8c2223e9b548: shutdown FollowerState
2019-11-11 04:08:34,618 [Thread-1102] INFO  impl.RaftServerImpl (RaftServerImpl.java:setRole(173)) - 9a305e64-7592-4199-ba7e-8c2223e9b548@group-D5F2B638C171: changes role from  FOLLOWER to CANDIDATE at term 4 for changeToCandidate
2019-11-11 04:08:34,618 [Thread-1102] INFO  impl.RoleInfo (RoleInfo.java:updateAndGet(143)) - 9a305e64-7592-4199-ba7e-8c2223e9b548: start LeaderElection
2019-11-11 04:08:34,634 [9a305e64-7592-4199-ba7e-8c2223e9b548@group-D5F2B638C171-LeaderElection33] INFO  impl.LeaderElection (LeaderElection.java:askForVotes(178)) - 9a305e64-7592-4199-ba7e-8c2223e9b548@group-D5F2B638C171-LeaderElection33: begin an election at term 5 for 0: [9a305e64-7592-4199-ba7e-8c2223e9b548:192.168.34.63:35969, c04805f0-1fdc-4096-9f0e-017639bb4de5:192.168.34.63:44743, f4ab3ec0-fcec-4fb2-8953-e521da90d916:192.168.34.63:41296], old=null
2019-11-11 04:08:34,635 [9a305e64-7592-4199-ba7e-8c2223e9b548@group-D5F2B638C171-LeaderElection33] INFO  impl.LeaderElection (LogUtils.java:infoOrTrace(149)) - 9a305e64-7592-4199-ba7e-8c2223e9b548@group-D5F2B638C171-LeaderElection33 got exception when requesting votes: {}
java.util.concurrent.ExecutionException: org.apache.ratis.thirdparty.io.grpc.StatusRuntimeException: UNAVAILABLE: io exception
	at java.util.concurrent.FutureTask.report(FutureTask.java:122)
	at java.util.concurrent.FutureTask.get(FutureTask.java:192)
	at org.apache.ratis.server.impl.LeaderElection.waitForResults(LeaderElection.java:259)
	at org.apache.ratis.server.impl.LeaderElection.askForVotes(LeaderElection.java:197)
	at org.apache.ratis.server.impl.LeaderElection.run(LeaderElection.java:133)
	at java.lang.Thread.run(Thread.java:748)
Caused by: org.apache.ratis.thirdparty.io.grpc.StatusRuntimeException: UNAVAILABLE: io exception
	at org.apache.ratis.thirdparty.io.grpc.stub.ClientCalls.toStatusRuntimeException(ClientCalls.java:233)
	at org.apache.ratis.thirdparty.io.grpc.stub.ClientCalls.getUnchecked(ClientCalls.java:214)
	at org.apache.ratis.thirdparty.io.grpc.stub.ClientCalls.blockingUnaryCall(ClientCalls.java:139)
	at org.apache.ratis.proto.grpc.RaftServerProtocolServiceGrpc$RaftServerProtocolServiceBlockingStub.requestVote(RaftServerProtocolServiceGrpc.java:265)
	at org.apache.ratis.grpc.server.GrpcServerProtocolClient.requestVote(GrpcServerProtocolClient.java:99)
	at org.apache.ratis.grpc.server.GrpcService.requestVote(GrpcService.java:204)
	at org.apache.ratis.server.impl.LeaderElection.lambda$submitRequests$1(LeaderElection.java:234)
	at java.util.concurrent.FutureTask.run(FutureTask.java:266)
	at java.util.concurrent.Executors$RunnableAdapter.call(Executors.java:511)
	at java.util.concurrent.FutureTask.run(FutureTask.java:266)
	at java.util.concurrent.ThreadPoolExecutor.runWorker(ThreadPoolExecutor.java:1149)
	at java.util.concurrent.ThreadPoolExecutor$Worker.run(ThreadPoolExecutor.java:624)
	... 1 more
Caused by: org.apache.ratis.thirdparty.io.netty.channel.AbstractChannel$AnnotatedConnectException: Connection refused: /192.168.34.63:44743
	at sun.nio.ch.SocketChannelImpl.checkConnect(Native Method)
	at sun.nio.ch.SocketChannelImpl.finishConnect(SocketChannelImpl.java:717)
	at org.apache.ratis.thirdparty.io.netty.channel.socket.nio.NioSocketChannel.doFinishConnect(NioSocketChannel.java:327)
	at org.apache.ratis.thirdparty.io.netty.channel.nio.AbstractNioChannel$AbstractNioUnsafe.finishConnect(AbstractNioChannel.java:340)
	at org.apache.ratis.thirdparty.io.netty.channel.nio.NioEventLoop.processSelectedKey(NioEventLoop.java:632)
	at org.apache.ratis.thirdparty.io.netty.channel.nio.NioEventLoop.processSelectedKeysOptimized(NioEventLoop.java:579)
	at org.apache.ratis.thirdparty.io.netty.channel.nio.NioEventLoop.processSelectedKeys(NioEventLoop.java:496)
	at org.apache.ratis.thirdparty.io.netty.channel.nio.NioEventLoop.run(NioEventLoop.java:458)
	at org.apache.ratis.thirdparty.io.netty.util.concurrent.SingleThreadEventExecutor$5.run(SingleThreadEventExecutor.java:897)
	at org.apache.ratis.thirdparty.io.netty.util.concurrent.FastThreadLocalRunnable.run(FastThreadLocalRunnable.java:30)
	... 1 more
Caused by: java.net.ConnectException: Connection refused
	... 11 more
2019-11-11 04:08:34,636 [9a305e64-7592-4199-ba7e-8c2223e9b548@group-D5F2B638C171-LeaderElection33] INFO  impl.LeaderElection (LogUtils.java:infoOrTrace(149)) - 9a305e64-7592-4199-ba7e-8c2223e9b548@group-D5F2B638C171-LeaderElection33 got exception when requesting votes: {}
java.util.concurrent.ExecutionException: org.apache.ratis.thirdparty.io.grpc.StatusRuntimeException: UNAVAILABLE: io exception
	at java.util.concurrent.FutureTask.report(FutureTask.java:122)
	at java.util.concurrent.FutureTask.get(FutureTask.java:192)
	at org.apache.ratis.server.impl.LeaderElection.waitForResults(LeaderElection.java:259)
	at org.apache.ratis.server.impl.LeaderElection.askForVotes(LeaderElection.java:197)
	at org.apache.ratis.server.impl.LeaderElection.run(LeaderElection.java:133)
	at java.lang.Thread.run(Thread.java:748)
Caused by: org.apache.ratis.thirdparty.io.grpc.StatusRuntimeException: UNAVAILABLE: io exception
	at org.apache.ratis.thirdparty.io.grpc.stub.ClientCalls.toStatusRuntimeException(ClientCalls.java:233)
	at org.apache.ratis.thirdparty.io.grpc.stub.ClientCalls.getUnchecked(ClientCalls.java:214)
	at org.apache.ratis.thirdparty.io.grpc.stub.ClientCalls.blockingUnaryCall(ClientCalls.java:139)
	at org.apache.ratis.proto.grpc.RaftServerProtocolServiceGrpc$RaftServerProtocolServiceBlockingStub.requestVote(RaftServerProtocolServiceGrpc.java:265)
	at org.apache.ratis.grpc.server.GrpcServerProtocolClient.requestVote(GrpcServerProtocolClient.java:99)
	at org.apache.ratis.grpc.server.GrpcService.requestVote(GrpcService.java:204)
	at org.apache.ratis.server.impl.LeaderElection.lambda$submitRequests$1(LeaderElection.java:234)
	at java.util.concurrent.FutureTask.run(FutureTask.java:266)
	at java.util.concurrent.Executors$RunnableAdapter.call(Executors.java:511)
	at java.util.concurrent.FutureTask.run(FutureTask.java:266)
	at java.util.concurrent.ThreadPoolExecutor.runWorker(ThreadPoolExecutor.java:1149)
	at java.util.concurrent.ThreadPoolExecutor$Worker.run(ThreadPoolExecutor.java:624)
	... 1 more
Caused by: org.apache.ratis.thirdparty.io.netty.channel.AbstractChannel$AnnotatedConnectException: Connection refused: /192.168.34.63:41296
	at sun.nio.ch.SocketChannelImpl.checkConnect(Native Method)
	at sun.nio.ch.SocketChannelImpl.finishConnect(SocketChannelImpl.java:717)
	at org.apache.ratis.thirdparty.io.netty.channel.socket.nio.NioSocketChannel.doFinishConnect(NioSocketChannel.java:327)
	at org.apache.ratis.thirdparty.io.netty.channel.nio.AbstractNioChannel$AbstractNioUnsafe.finishConnect(AbstractNioChannel.java:340)
	at org.apache.ratis.thirdparty.io.netty.channel.nio.NioEventLoop.processSelectedKey(NioEventLoop.java:632)
	at org.apache.ratis.thirdparty.io.netty.channel.nio.NioEventLoop.processSelectedKeysOptimized(NioEventLoop.java:579)
	at org.apache.ratis.thirdparty.io.netty.channel.nio.NioEventLoop.processSelectedKeys(NioEventLoop.java:496)
	at org.apache.ratis.thirdparty.io.netty.channel.nio.NioEventLoop.run(NioEventLoop.java:458)
	at org.apache.ratis.thirdparty.io.netty.util.concurrent.SingleThreadEventExecutor$5.run(SingleThreadEventExecutor.java:897)
	at org.apache.ratis.thirdparty.io.netty.util.concurrent.FastThreadLocalRunnable.run(FastThreadLocalRunnable.java:30)
	... 1 more
Caused by: java.net.ConnectException: Connection refused
	... 11 more
2019-11-11 04:08:34,636 [9a305e64-7592-4199-ba7e-8c2223e9b548@group-D5F2B638C171-LeaderElection33] INFO  impl.LeaderElection (LeaderElection.java:logAndReturn(56)) - 9a305e64-7592-4199-ba7e-8c2223e9b548@group-D5F2B638C171-LeaderElection33: Election REJECTED; received 0 response(s) [] and 2 exception(s); 9a305e64-7592-4199-ba7e-8c2223e9b548@group-D5F2B638C171:t5, leader=null, voted=9a305e64-7592-4199-ba7e-8c2223e9b548, raftlog=9a305e64-7592-4199-ba7e-8c2223e9b548@group-D5F2B638C171-SegmentedRaftLog:OPENED:c0,f0,i0, conf=0: [9a305e64-7592-4199-ba7e-8c2223e9b548:192.168.34.63:35969, c04805f0-1fdc-4096-9f0e-017639bb4de5:192.168.34.63:44743, f4ab3ec0-fcec-4fb2-8953-e521da90d916:192.168.34.63:41296], old=null
2019-11-11 04:08:34,636 [9a305e64-7592-4199-ba7e-8c2223e9b548@group-D5F2B638C171-LeaderElection33] INFO  impl.LeaderElection (LogUtils.java:infoOrTrace(149)) -   Exception 0: {}
java.util.concurrent.ExecutionException: org.apache.ratis.thirdparty.io.grpc.StatusRuntimeException: UNAVAILABLE: io exception
	at java.util.concurrent.FutureTask.report(FutureTask.java:122)
	at java.util.concurrent.FutureTask.get(FutureTask.java:192)
	at org.apache.ratis.server.impl.LeaderElection.waitForResults(LeaderElection.java:259)
	at org.apache.ratis.server.impl.LeaderElection.askForVotes(LeaderElection.java:197)
	at org.apache.ratis.server.impl.LeaderElection.run(LeaderElection.java:133)
	at java.lang.Thread.run(Thread.java:748)
Caused by: org.apache.ratis.thirdparty.io.grpc.StatusRuntimeException: UNAVAILABLE: io exception
	at org.apache.ratis.thirdparty.io.grpc.stub.ClientCalls.toStatusRuntimeException(ClientCalls.java:233)
	at org.apache.ratis.thirdparty.io.grpc.stub.ClientCalls.getUnchecked(ClientCalls.java:214)
	at org.apache.ratis.thirdparty.io.grpc.stub.ClientCalls.blockingUnaryCall(ClientCalls.java:139)
	at org.apache.ratis.proto.grpc.RaftServerProtocolServiceGrpc$RaftServerProtocolServiceBlockingStub.requestVote(RaftServerProtocolServiceGrpc.java:265)
	at org.apache.ratis.grpc.server.GrpcServerProtocolClient.requestVote(GrpcServerProtocolClient.java:99)
	at org.apache.ratis.grpc.server.GrpcService.requestVote(GrpcService.java:204)
	at org.apache.ratis.server.impl.LeaderElection.lambda$submitRequests$1(LeaderElection.java:234)
	at java.util.concurrent.FutureTask.run(FutureTask.java:266)
	at java.util.concurrent.Executors$RunnableAdapter.call(Executors.java:511)
	at java.util.concurrent.FutureTask.run(FutureTask.java:266)
	at java.util.concurrent.ThreadPoolExecutor.runWorker(ThreadPoolExecutor.java:1149)
	at java.util.concurrent.ThreadPoolExecutor$Worker.run(ThreadPoolExecutor.java:624)
	... 1 more
Caused by: org.apache.ratis.thirdparty.io.netty.channel.AbstractChannel$AnnotatedConnectException: Connection refused: /192.168.34.63:44743
	at sun.nio.ch.SocketChannelImpl.checkConnect(Native Method)
	at sun.nio.ch.SocketChannelImpl.finishConnect(SocketChannelImpl.java:717)
	at org.apache.ratis.thirdparty.io.netty.channel.socket.nio.NioSocketChannel.doFinishConnect(NioSocketChannel.java:327)
	at org.apache.ratis.thirdparty.io.netty.channel.nio.AbstractNioChannel$AbstractNioUnsafe.finishConnect(AbstractNioChannel.java:340)
	at org.apache.ratis.thirdparty.io.netty.channel.nio.NioEventLoop.processSelectedKey(NioEventLoop.java:632)
	at org.apache.ratis.thirdparty.io.netty.channel.nio.NioEventLoop.processSelectedKeysOptimized(NioEventLoop.java:579)
	at org.apache.ratis.thirdparty.io.netty.channel.nio.NioEventLoop.processSelectedKeys(NioEventLoop.java:496)
	at org.apache.ratis.thirdparty.io.netty.channel.nio.NioEventLoop.run(NioEventLoop.java:458)
	at org.apache.ratis.thirdparty.io.netty.util.concurrent.SingleThreadEventExecutor$5.run(SingleThreadEventExecutor.java:897)
	at org.apache.ratis.thirdparty.io.netty.util.concurrent.FastThreadLocalRunnable.run(FastThreadLocalRunnable.java:30)
	... 1 more
Caused by: java.net.ConnectException: Connection refused
	... 11 more
2019-11-11 04:08:34,636 [9a305e64-7592-4199-ba7e-8c2223e9b548@group-D5F2B638C171-LeaderElection33] INFO  impl.LeaderElection (LogUtils.java:infoOrTrace(149)) -   Exception 1: {}
java.util.concurrent.ExecutionException: org.apache.ratis.thirdparty.io.grpc.StatusRuntimeException: UNAVAILABLE: io exception
	at java.util.concurrent.FutureTask.report(FutureTask.java:122)
	at java.util.concurrent.FutureTask.get(FutureTask.java:192)
	at org.apache.ratis.server.impl.LeaderElection.waitForResults(LeaderElection.java:259)
	at org.apache.ratis.server.impl.LeaderElection.askForVotes(LeaderElection.java:197)
	at org.apache.ratis.server.impl.LeaderElection.run(LeaderElection.java:133)
	at java.lang.Thread.run(Thread.java:748)
Caused by: org.apache.ratis.thirdparty.io.grpc.StatusRuntimeException: UNAVAILABLE: io exception
	at org.apache.ratis.thirdparty.io.grpc.stub.ClientCalls.toStatusRuntimeException(ClientCalls.java:233)
	at org.apache.ratis.thirdparty.io.grpc.stub.ClientCalls.getUnchecked(ClientCalls.java:214)
	at org.apache.ratis.thirdparty.io.grpc.stub.ClientCalls.blockingUnaryCall(ClientCalls.java:139)
	at org.apache.ratis.proto.grpc.RaftServerProtocolServiceGrpc$RaftServerProtocolServiceBlockingStub.requestVote(RaftServerProtocolServiceGrpc.java:265)
	at org.apache.ratis.grpc.server.GrpcServerProtocolClient.requestVote(GrpcServerProtocolClient.java:99)
	at org.apache.ratis.grpc.server.GrpcService.requestVote(GrpcService.java:204)
	at org.apache.ratis.server.impl.LeaderElection.lambda$submitRequests$1(LeaderElection.java:234)
	at java.util.concurrent.FutureTask.run(FutureTask.java:266)
	at java.util.concurrent.Executors$RunnableAdapter.call(Executors.java:511)
	at java.util.concurrent.FutureTask.run(FutureTask.java:266)
	at java.util.concurrent.ThreadPoolExecutor.runWorker(ThreadPoolExecutor.java:1149)
	at java.util.concurrent.ThreadPoolExecutor$Worker.run(ThreadPoolExecutor.java:624)
	... 1 more
Caused by: org.apache.ratis.thirdparty.io.netty.channel.AbstractChannel$AnnotatedConnectException: Connection refused: /192.168.34.63:41296
	at sun.nio.ch.SocketChannelImpl.checkConnect(Native Method)
	at sun.nio.ch.SocketChannelImpl.finishConnect(SocketChannelImpl.java:717)
	at org.apache.ratis.thirdparty.io.netty.channel.socket.nio.NioSocketChannel.doFinishConnect(NioSocketChannel.java:327)
	at org.apache.ratis.thirdparty.io.netty.channel.nio.AbstractNioChannel$AbstractNioUnsafe.finishConnect(AbstractNioChannel.java:340)
	at org.apache.ratis.thirdparty.io.netty.channel.nio.NioEventLoop.processSelectedKey(NioEventLoop.java:632)
	at org.apache.ratis.thirdparty.io.netty.channel.nio.NioEventLoop.processSelectedKeysOptimized(NioEventLoop.java:579)
	at org.apache.ratis.thirdparty.io.netty.channel.nio.NioEventLoop.processSelectedKeys(NioEventLoop.java:496)
	at org.apache.ratis.thirdparty.io.netty.channel.nio.NioEventLoop.run(NioEventLoop.java:458)
	at org.apache.ratis.thirdparty.io.netty.util.concurrent.SingleThreadEventExecutor$5.run(SingleThreadEventExecutor.java:897)
	at org.apache.ratis.thirdparty.io.netty.util.concurrent.FastThreadLocalRunnable.run(FastThreadLocalRunnable.java:30)
	... 1 more
Caused by: java.net.ConnectException: Connection refused
	... 11 more
2019-11-11 04:08:34,637 [9a305e64-7592-4199-ba7e-8c2223e9b548@group-D5F2B638C171-LeaderElection33] INFO  impl.RaftServerImpl (RaftServerImpl.java:setRole(173)) - 9a305e64-7592-4199-ba7e-8c2223e9b548@group-D5F2B638C171: changes role from CANDIDATE to FOLLOWER at term 5 for DISCOVERED_A_NEW_TERM
2019-11-11 04:08:34,637 [9a305e64-7592-4199-ba7e-8c2223e9b548@group-D5F2B638C171-LeaderElection33] INFO  impl.RoleInfo (RoleInfo.java:shutdownLeaderElection(134)) - 9a305e64-7592-4199-ba7e-8c2223e9b548: shutdown LeaderElection
2019-11-11 04:08:34,637 [9a305e64-7592-4199-ba7e-8c2223e9b548@group-D5F2B638C171-LeaderElection33] INFO  impl.RoleInfo (RoleInfo.java:updateAndGet(143)) - 9a305e64-7592-4199-ba7e-8c2223e9b548: start FollowerState
2019-11-11 04:08:35,035 [grpc-default-executor-2] WARN  server.GrpcLogAppender (LogUtils.java:warn(134)) - 9a305e64-7592-4199-ba7e-8c2223e9b548@group-F4D747E15FF8->f4ab3ec0-fcec-4fb2-8953-e521da90d916-AppendLogResponseHandler: Failed appendEntries: org.apache.ratis.thirdparty.io.grpc.StatusRuntimeException: UNAVAILABLE: io exception
2019-11-11 04:08:35,035 [grpc-default-executor-2] INFO  impl.FollowerInfo (FollowerInfo.java:lambda$new$0(51)) - 9a305e64-7592-4199-ba7e-8c2223e9b548@group-F4D747E15FF8->f4ab3ec0-fcec-4fb2-8953-e521da90d916: nextIndex: updateUnconditionally 0 -> 0
2019-11-11 04:08:35,078 [org.apache.ratis.server.impl.LogAppender$AppenderDaemon$$Lambda$651/545843685@69bcbdd4] ERROR ratis.XceiverServerRatis (XceiverServerRatis.java:triggerPipelineClose(577)) - pipeline Action CLOSE  on pipeline PipelineID=31ac6f49-abee-419e-8f26-f4d747e15ff8.Reason : 9a305e64-7592-4199-ba7e-8c2223e9b548 has not seen follower/s 61021d77-0677-40a1-98e7-8ba643935ac0 for 124552ms
2019-11-11 04:08:35,079 [grpc-default-executor-7] WARN  server.GrpcLogAppender (LogUtils.java:warn(134)) - 9a305e64-7592-4199-ba7e-8c2223e9b548@group-F4D747E15FF8->61021d77-0677-40a1-98e7-8ba643935ac0-AppendLogResponseHandler: Failed appendEntries: org.apache.ratis.thirdparty.io.grpc.StatusRuntimeException: UNAVAILABLE: io exception
2019-11-11 04:08:35,080 [grpc-default-executor-7] INFO  impl.FollowerInfo (FollowerInfo.java:lambda$new$0(51)) - 9a305e64-7592-4199-ba7e-8c2223e9b548@group-F4D747E15FF8->61021d77-0677-40a1-98e7-8ba643935ac0: nextIndex: updateUnconditionally 0 -> 0
2019-11-11 04:08:35,499 [EventQueue-PipelineActionsForPipelineActionHandler] ERROR pipeline.PipelineActionHandler (PipelineActionHandler.java:onMessage(60)) - Received pipeline action CLOSE for Pipeline[ Id: 31ac6f49-abee-419e-8f26-f4d747e15ff8, Nodes: 61021d77-0677-40a1-98e7-8ba643935ac0{ip: 192.168.34.63, host: trunk-nightly-20191111-g5xpl-2663879777, networkLocation: /default-rack, certSerialId: null}f4ab3ec0-fcec-4fb2-8953-e521da90d916{ip: 192.168.34.63, host: trunk-nightly-20191111-g5xpl-2663879777, networkLocation: /default-rack, certSerialId: null}9a305e64-7592-4199-ba7e-8c2223e9b548{ip: 192.168.34.63, host: trunk-nightly-20191111-g5xpl-2663879777, networkLocation: /default-rack, certSerialId: null}, Type:RATIS, Factor:THREE, State:CLOSED] from datanode 9a305e64-7592-4199-ba7e-8c2223e9b548{ip: 192.168.34.63, host: trunk-nightly-20191111-g5xpl-2663879777, networkLocation: /default-rack, certSerialId: null}. Reason : 9a305e64-7592-4199-ba7e-8c2223e9b548 has not seen follower/s 61021d77-0677-40a1-98e7-8ba643935ac0 for 124051ms
2019-11-11 04:08:35,500 [EventQueue-PipelineActionsForPipelineActionHandler] INFO  pipeline.SCMPipelineManager (SCMPipelineManager.java:finalizeAndDestroyPipeline(315)) - destroying pipeline:Pipeline[ Id: 31ac6f49-abee-419e-8f26-f4d747e15ff8, Nodes: 61021d77-0677-40a1-98e7-8ba643935ac0{ip: 192.168.34.63, host: trunk-nightly-20191111-g5xpl-2663879777, networkLocation: /default-rack, certSerialId: null}f4ab3ec0-fcec-4fb2-8953-e521da90d916{ip: 192.168.34.63, host: trunk-nightly-20191111-g5xpl-2663879777, networkLocation: /default-rack, certSerialId: null}9a305e64-7592-4199-ba7e-8c2223e9b548{ip: 192.168.34.63, host: trunk-nightly-20191111-g5xpl-2663879777, networkLocation: /default-rack, certSerialId: null}, Type:RATIS, Factor:THREE, State:CLOSED]
2019-11-11 04:08:35,536 [grpc-default-executor-2] WARN  server.GrpcLogAppender (LogUtils.java:warn(134)) - 9a305e64-7592-4199-ba7e-8c2223e9b548@group-F4D747E15FF8->f4ab3ec0-fcec-4fb2-8953-e521da90d916-AppendLogResponseHandler: Failed appendEntries: org.apache.ratis.thirdparty.io.grpc.StatusRuntimeException: UNAVAILABLE: io exception
2019-11-11 04:08:35,537 [grpc-default-executor-2] INFO  impl.FollowerInfo (FollowerInfo.java:lambda$new$0(51)) - 9a305e64-7592-4199-ba7e-8c2223e9b548@group-F4D747E15FF8->f4ab3ec0-fcec-4fb2-8953-e521da90d916: nextIndex: updateUnconditionally 0 -> 0
2019-11-11 04:08:35,539 [Thread-1106] INFO  impl.FollowerState (FollowerState.java:run(111)) - 9a305e64-7592-4199-ba7e-8c2223e9b548@group-A10C889AEEC0-FollowerState: change to CANDIDATE, lastRpcTime:1168ms, electionTimeout:1168ms
2019-11-11 04:08:35,539 [Thread-1106] INFO  impl.RoleInfo (RoleInfo.java:shutdownFollowerState(121)) - 9a305e64-7592-4199-ba7e-8c2223e9b548: shutdown FollowerState
2019-11-11 04:08:35,539 [Thread-1106] INFO  impl.RaftServerImpl (RaftServerImpl.java:setRole(173)) - 9a305e64-7592-4199-ba7e-8c2223e9b548@group-A10C889AEEC0: changes role from  FOLLOWER to CANDIDATE at term 4 for changeToCandidate
2019-11-11 04:08:35,539 [Thread-1106] INFO  impl.RoleInfo (RoleInfo.java:updateAndGet(143)) - 9a305e64-7592-4199-ba7e-8c2223e9b548: start LeaderElection
2019-11-11 04:08:35,563 [9a305e64-7592-4199-ba7e-8c2223e9b548@group-A10C889AEEC0-LeaderElection34] INFO  impl.LeaderElection (LeaderElection.java:askForVotes(178)) - 9a305e64-7592-4199-ba7e-8c2223e9b548@group-A10C889AEEC0-LeaderElection34: begin an election at term 5 for 0: [9a305e64-7592-4199-ba7e-8c2223e9b548:192.168.34.63:35969, c04805f0-1fdc-4096-9f0e-017639bb4de5:192.168.34.63:44743, f4ab3ec0-fcec-4fb2-8953-e521da90d916:192.168.34.63:41296], old=null
2019-11-11 04:08:35,564 [9a305e64-7592-4199-ba7e-8c2223e9b548@group-A10C889AEEC0-LeaderElection34] INFO  impl.LeaderElection (LogUtils.java:infoOrTrace(149)) - 9a305e64-7592-4199-ba7e-8c2223e9b548@group-A10C889AEEC0-LeaderElection34 got exception when requesting votes: {}
java.util.concurrent.ExecutionException: org.apache.ratis.thirdparty.io.grpc.StatusRuntimeException: UNAVAILABLE: io exception
	at java.util.concurrent.FutureTask.report(FutureTask.java:122)
	at java.util.concurrent.FutureTask.get(FutureTask.java:192)
	at org.apache.ratis.server.impl.LeaderElection.waitForResults(LeaderElection.java:259)
	at org.apache.ratis.server.impl.LeaderElection.askForVotes(LeaderElection.java:197)
	at org.apache.ratis.server.impl.LeaderElection.run(LeaderElection.java:133)
	at java.lang.Thread.run(Thread.java:748)
Caused by: org.apache.ratis.thirdparty.io.grpc.StatusRuntimeException: UNAVAILABLE: io exception
	at org.apache.ratis.thirdparty.io.grpc.stub.ClientCalls.toStatusRuntimeException(ClientCalls.java:233)
	at org.apache.ratis.thirdparty.io.grpc.stub.ClientCalls.getUnchecked(ClientCalls.java:214)
	at org.apache.ratis.thirdparty.io.grpc.stub.ClientCalls.blockingUnaryCall(ClientCalls.java:139)
	at org.apache.ratis.proto.grpc.RaftServerProtocolServiceGrpc$RaftServerProtocolServiceBlockingStub.requestVote(RaftServerProtocolServiceGrpc.java:265)
	at org.apache.ratis.grpc.server.GrpcServerProtocolClient.requestVote(GrpcServerProtocolClient.java:99)
	at org.apache.ratis.grpc.server.GrpcService.requestVote(GrpcService.java:204)
	at org.apache.ratis.server.impl.LeaderElection.lambda$submitRequests$1(LeaderElection.java:234)
	at java.util.concurrent.FutureTask.run(FutureTask.java:266)
	at java.util.concurrent.Executors$RunnableAdapter.call(Executors.java:511)
	at java.util.concurrent.FutureTask.run(FutureTask.java:266)
	at java.util.concurrent.ThreadPoolExecutor.runWorker(ThreadPoolExecutor.java:1149)
	at java.util.concurrent.ThreadPoolExecutor$Worker.run(ThreadPoolExecutor.java:624)
	... 1 more
Caused by: org.apache.ratis.thirdparty.io.netty.channel.AbstractChannel$AnnotatedConnectException: Connection refused: /192.168.34.63:44743
	at sun.nio.ch.SocketChannelImpl.checkConnect(Native Method)
	at sun.nio.ch.SocketChannelImpl.finishConnect(SocketChannelImpl.java:717)
	at org.apache.ratis.thirdparty.io.netty.channel.socket.nio.NioSocketChannel.doFinishConnect(NioSocketChannel.java:327)
	at org.apache.ratis.thirdparty.io.netty.channel.nio.AbstractNioChannel$AbstractNioUnsafe.finishConnect(AbstractNioChannel.java:340)
	at org.apache.ratis.thirdparty.io.netty.channel.nio.NioEventLoop.processSelectedKey(NioEventLoop.java:632)
	at org.apache.ratis.thirdparty.io.netty.channel.nio.NioEventLoop.processSelectedKeysOptimized(NioEventLoop.java:579)
	at org.apache.ratis.thirdparty.io.netty.channel.nio.NioEventLoop.processSelectedKeys(NioEventLoop.java:496)
	at org.apache.ratis.thirdparty.io.netty.channel.nio.NioEventLoop.run(NioEventLoop.java:458)
	at org.apache.ratis.thirdparty.io.netty.util.concurrent.SingleThreadEventExecutor$5.run(SingleThreadEventExecutor.java:897)
	at org.apache.ratis.thirdparty.io.netty.util.concurrent.FastThreadLocalRunnable.run(FastThreadLocalRunnable.java:30)
	... 1 more
Caused by: java.net.ConnectException: Connection refused
	... 11 more
2019-11-11 04:08:35,566 [9a305e64-7592-4199-ba7e-8c2223e9b548@group-A10C889AEEC0-LeaderElection34] INFO  impl.LeaderElection (LogUtils.java:infoOrTrace(149)) - 9a305e64-7592-4199-ba7e-8c2223e9b548@group-A10C889AEEC0-LeaderElection34 got exception when requesting votes: {}
java.util.concurrent.ExecutionException: org.apache.ratis.thirdparty.io.grpc.StatusRuntimeException: UNAVAILABLE: io exception
	at java.util.concurrent.FutureTask.report(FutureTask.java:122)
	at java.util.concurrent.FutureTask.get(FutureTask.java:192)
	at org.apache.ratis.server.impl.LeaderElection.waitForResults(LeaderElection.java:259)
	at org.apache.ratis.server.impl.LeaderElection.askForVotes(LeaderElection.java:197)
	at org.apache.ratis.server.impl.LeaderElection.run(LeaderElection.java:133)
	at java.lang.Thread.run(Thread.java:748)
Caused by: org.apache.ratis.thirdparty.io.grpc.StatusRuntimeException: UNAVAILABLE: io exception
	at org.apache.ratis.thirdparty.io.grpc.stub.ClientCalls.toStatusRuntimeException(ClientCalls.java:233)
	at org.apache.ratis.thirdparty.io.grpc.stub.ClientCalls.getUnchecked(ClientCalls.java:214)
	at org.apache.ratis.thirdparty.io.grpc.stub.ClientCalls.blockingUnaryCall(ClientCalls.java:139)
	at org.apache.ratis.proto.grpc.RaftServerProtocolServiceGrpc$RaftServerProtocolServiceBlockingStub.requestVote(RaftServerProtocolServiceGrpc.java:265)
	at org.apache.ratis.grpc.server.GrpcServerProtocolClient.requestVote(GrpcServerProtocolClient.java:99)
	at org.apache.ratis.grpc.server.GrpcService.requestVote(GrpcService.java:204)
	at org.apache.ratis.server.impl.LeaderElection.lambda$submitRequests$1(LeaderElection.java:234)
	at java.util.concurrent.FutureTask.run(FutureTask.java:266)
	at java.util.concurrent.Executors$RunnableAdapter.call(Executors.java:511)
	at java.util.concurrent.FutureTask.run(FutureTask.java:266)
	at java.util.concurrent.ThreadPoolExecutor.runWorker(ThreadPoolExecutor.java:1149)
	at java.util.concurrent.ThreadPoolExecutor$Worker.run(ThreadPoolExecutor.java:624)
	... 1 more
Caused by: org.apache.ratis.thirdparty.io.netty.channel.AbstractChannel$AnnotatedConnectException: Connection refused: /192.168.34.63:41296
	at sun.nio.ch.SocketChannelImpl.checkConnect(Native Method)
	at sun.nio.ch.SocketChannelImpl.finishConnect(SocketChannelImpl.java:717)
	at org.apache.ratis.thirdparty.io.netty.channel.socket.nio.NioSocketChannel.doFinishConnect(NioSocketChannel.java:327)
	at org.apache.ratis.thirdparty.io.netty.channel.nio.AbstractNioChannel$AbstractNioUnsafe.finishConnect(AbstractNioChannel.java:340)
	at org.apache.ratis.thirdparty.io.netty.channel.nio.NioEventLoop.processSelectedKey(NioEventLoop.java:632)
	at org.apache.ratis.thirdparty.io.netty.channel.nio.NioEventLoop.processSelectedKeysOptimized(NioEventLoop.java:579)
	at org.apache.ratis.thirdparty.io.netty.channel.nio.NioEventLoop.processSelectedKeys(NioEventLoop.java:496)
	at org.apache.ratis.thirdparty.io.netty.channel.nio.NioEventLoop.run(NioEventLoop.java:458)
	at org.apache.ratis.thirdparty.io.netty.util.concurrent.SingleThreadEventExecutor$5.run(SingleThreadEventExecutor.java:897)
	at org.apache.ratis.thirdparty.io.netty.util.concurrent.FastThreadLocalRunnable.run(FastThreadLocalRunnable.java:30)
	... 1 more
Caused by: java.net.ConnectException: Connection refused
	... 11 more
2019-11-11 04:08:35,566 [9a305e64-7592-4199-ba7e-8c2223e9b548@group-A10C889AEEC0-LeaderElection34] INFO  impl.LeaderElection (LeaderElection.java:logAndReturn(56)) - 9a305e64-7592-4199-ba7e-8c2223e9b548@group-A10C889AEEC0-LeaderElection34: Election REJECTED; received 0 response(s) [] and 2 exception(s); 9a305e64-7592-4199-ba7e-8c2223e9b548@group-A10C889AEEC0:t5, leader=null, voted=9a305e64-7592-4199-ba7e-8c2223e9b548, raftlog=9a305e64-7592-4199-ba7e-8c2223e9b548@group-A10C889AEEC0-SegmentedRaftLog:OPENED:c0,f0,i0, conf=0: [9a305e64-7592-4199-ba7e-8c2223e9b548:192.168.34.63:35969, c04805f0-1fdc-4096-9f0e-017639bb4de5:192.168.34.63:44743, f4ab3ec0-fcec-4fb2-8953-e521da90d916:192.168.34.63:41296], old=null
2019-11-11 04:08:35,566 [9a305e64-7592-4199-ba7e-8c2223e9b548@group-A10C889AEEC0-LeaderElection34] INFO  impl.LeaderElection (LogUtils.java:infoOrTrace(149)) -   Exception 0: {}
java.util.concurrent.ExecutionException: org.apache.ratis.thirdparty.io.grpc.StatusRuntimeException: UNAVAILABLE: io exception
	at java.util.concurrent.FutureTask.report(FutureTask.java:122)
	at java.util.concurrent.FutureTask.get(FutureTask.java:192)
	at org.apache.ratis.server.impl.LeaderElection.waitForResults(LeaderElection.java:259)
	at org.apache.ratis.server.impl.LeaderElection.askForVotes(LeaderElection.java:197)
	at org.apache.ratis.server.impl.LeaderElection.run(LeaderElection.java:133)
	at java.lang.Thread.run(Thread.java:748)
Caused by: org.apache.ratis.thirdparty.io.grpc.StatusRuntimeException: UNAVAILABLE: io exception
	at org.apache.ratis.thirdparty.io.grpc.stub.ClientCalls.toStatusRuntimeException(ClientCalls.java:233)
	at org.apache.ratis.thirdparty.io.grpc.stub.ClientCalls.getUnchecked(ClientCalls.java:214)
	at org.apache.ratis.thirdparty.io.grpc.stub.ClientCalls.blockingUnaryCall(ClientCalls.java:139)
	at org.apache.ratis.proto.grpc.RaftServerProtocolServiceGrpc$RaftServerProtocolServiceBlockingStub.requestVote(RaftServerProtocolServiceGrpc.java:265)
	at org.apache.ratis.grpc.server.GrpcServerProtocolClient.requestVote(GrpcServerProtocolClient.java:99)
	at org.apache.ratis.grpc.server.GrpcService.requestVote(GrpcService.java:204)
	at org.apache.ratis.server.impl.LeaderElection.lambda$submitRequests$1(LeaderElection.java:234)
	at java.util.concurrent.FutureTask.run(FutureTask.java:266)
	at java.util.concurrent.Executors$RunnableAdapter.call(Executors.java:511)
	at java.util.concurrent.FutureTask.run(FutureTask.java:266)
	at java.util.concurrent.ThreadPoolExecutor.runWorker(ThreadPoolExecutor.java:1149)
	at java.util.concurrent.ThreadPoolExecutor$Worker.run(ThreadPoolExecutor.java:624)
	... 1 more
Caused by: org.apache.ratis.thirdparty.io.netty.channel.AbstractChannel$AnnotatedConnectException: Connection refused: /192.168.34.63:44743
	at sun.nio.ch.SocketChannelImpl.checkConnect(Native Method)
	at sun.nio.ch.SocketChannelImpl.finishConnect(SocketChannelImpl.java:717)
	at org.apache.ratis.thirdparty.io.netty.channel.socket.nio.NioSocketChannel.doFinishConnect(NioSocketChannel.java:327)
	at org.apache.ratis.thirdparty.io.netty.channel.nio.AbstractNioChannel$AbstractNioUnsafe.finishConnect(AbstractNioChannel.java:340)
	at org.apache.ratis.thirdparty.io.netty.channel.nio.NioEventLoop.processSelectedKey(NioEventLoop.java:632)
	at org.apache.ratis.thirdparty.io.netty.channel.nio.NioEventLoop.processSelectedKeysOptimized(NioEventLoop.java:579)
	at org.apache.ratis.thirdparty.io.netty.channel.nio.NioEventLoop.processSelectedKeys(NioEventLoop.java:496)
	at org.apache.ratis.thirdparty.io.netty.channel.nio.NioEventLoop.run(NioEventLoop.java:458)
	at org.apache.ratis.thirdparty.io.netty.util.concurrent.SingleThreadEventExecutor$5.run(SingleThreadEventExecutor.java:897)
	at org.apache.ratis.thirdparty.io.netty.util.concurrent.FastThreadLocalRunnable.run(FastThreadLocalRunnable.java:30)
	... 1 more
Caused by: java.net.ConnectException: Connection refused
	... 11 more
2019-11-11 04:08:35,567 [9a305e64-7592-4199-ba7e-8c2223e9b548@group-A10C889AEEC0-LeaderElection34] INFO  impl.LeaderElection (LogUtils.java:infoOrTrace(149)) -   Exception 1: {}
java.util.concurrent.ExecutionException: org.apache.ratis.thirdparty.io.grpc.StatusRuntimeException: UNAVAILABLE: io exception
	at java.util.concurrent.FutureTask.report(FutureTask.java:122)
	at java.util.concurrent.FutureTask.get(FutureTask.java:192)
	at org.apache.ratis.server.impl.LeaderElection.waitForResults(LeaderElection.java:259)
	at org.apache.ratis.server.impl.LeaderElection.askForVotes(LeaderElection.java:197)
	at org.apache.ratis.server.impl.LeaderElection.run(LeaderElection.java:133)
	at java.lang.Thread.run(Thread.java:748)
Caused by: org.apache.ratis.thirdparty.io.grpc.StatusRuntimeException: UNAVAILABLE: io exception
	at org.apache.ratis.thirdparty.io.grpc.stub.ClientCalls.toStatusRuntimeException(ClientCalls.java:233)
	at org.apache.ratis.thirdparty.io.grpc.stub.ClientCalls.getUnchecked(ClientCalls.java:214)
	at org.apache.ratis.thirdparty.io.grpc.stub.ClientCalls.blockingUnaryCall(ClientCalls.java:139)
	at org.apache.ratis.proto.grpc.RaftServerProtocolServiceGrpc$RaftServerProtocolServiceBlockingStub.requestVote(RaftServerProtocolServiceGrpc.java:265)
	at org.apache.ratis.grpc.server.GrpcServerProtocolClient.requestVote(GrpcServerProtocolClient.java:99)
	at org.apache.ratis.grpc.server.GrpcService.requestVote(GrpcService.java:204)
	at org.apache.ratis.server.impl.LeaderElection.lambda$submitRequests$1(LeaderElection.java:234)
	at java.util.concurrent.FutureTask.run(FutureTask.java:266)
	at java.util.concurrent.Executors$RunnableAdapter.call(Executors.java:511)
	at java.util.concurrent.FutureTask.run(FutureTask.java:266)
	at java.util.concurrent.ThreadPoolExecutor.runWorker(ThreadPoolExecutor.java:1149)
	at java.util.concurrent.ThreadPoolExecutor$Worker.run(ThreadPoolExecutor.java:624)
	... 1 more
Caused by: org.apache.ratis.thirdparty.io.netty.channel.AbstractChannel$AnnotatedConnectException: Connection refused: /192.168.34.63:41296
	at sun.nio.ch.SocketChannelImpl.checkConnect(Native Method)
	at sun.nio.ch.SocketChannelImpl.finishConnect(SocketChannelImpl.java:717)
	at org.apache.ratis.thirdparty.io.netty.channel.socket.nio.NioSocketChannel.doFinishConnect(NioSocketChannel.java:327)
	at org.apache.ratis.thirdparty.io.netty.channel.nio.AbstractNioChannel$AbstractNioUnsafe.finishConnect(AbstractNioChannel.java:340)
	at org.apache.ratis.thirdparty.io.netty.channel.nio.NioEventLoop.processSelectedKey(NioEventLoop.java:632)
	at org.apache.ratis.thirdparty.io.netty.channel.nio.NioEventLoop.processSelectedKeysOptimized(NioEventLoop.java:579)
	at org.apache.ratis.thirdparty.io.netty.channel.nio.NioEventLoop.processSelectedKeys(NioEventLoop.java:496)
	at org.apache.ratis.thirdparty.io.netty.channel.nio.NioEventLoop.run(NioEventLoop.java:458)
	at org.apache.ratis.thirdparty.io.netty.util.concurrent.SingleThreadEventExecutor$5.run(SingleThreadEventExecutor.java:897)
	at org.apache.ratis.thirdparty.io.netty.util.concurrent.FastThreadLocalRunnable.run(FastThreadLocalRunnable.java:30)
	... 1 more
Caused by: java.net.ConnectException: Connection refused
	... 11 more
2019-11-11 04:08:35,567 [9a305e64-7592-4199-ba7e-8c2223e9b548@group-A10C889AEEC0-LeaderElection34] INFO  impl.RaftServerImpl (RaftServerImpl.java:setRole(173)) - 9a305e64-7592-4199-ba7e-8c2223e9b548@group-A10C889AEEC0: changes role from CANDIDATE to FOLLOWER at term 5 for DISCOVERED_A_NEW_TERM
2019-11-11 04:08:35,567 [9a305e64-7592-4199-ba7e-8c2223e9b548@group-A10C889AEEC0-LeaderElection34] INFO  impl.RoleInfo (RoleInfo.java:shutdownLeaderElection(134)) - 9a305e64-7592-4199-ba7e-8c2223e9b548: shutdown LeaderElection
2019-11-11 04:08:35,567 [9a305e64-7592-4199-ba7e-8c2223e9b548@group-A10C889AEEC0-LeaderElection34] INFO  impl.RoleInfo (RoleInfo.java:updateAndGet(143)) - 9a305e64-7592-4199-ba7e-8c2223e9b548: start FollowerState
2019-11-11 04:08:35,579 [org.apache.ratis.server.impl.LogAppender$AppenderDaemon$$Lambda$651/545843685@69bcbdd4] ERROR ratis.XceiverServerRatis (XceiverServerRatis.java:triggerPipelineClose(577)) - pipeline Action CLOSE  on pipeline PipelineID=31ac6f49-abee-419e-8f26-f4d747e15ff8.Reason : 9a305e64-7592-4199-ba7e-8c2223e9b548 has not seen follower/s 61021d77-0677-40a1-98e7-8ba643935ac0 for 125053ms
2019-11-11 04:08:35,580 [grpc-default-executor-2] WARN  server.GrpcLogAppender (LogUtils.java:warn(134)) - 9a305e64-7592-4199-ba7e-8c2223e9b548@group-F4D747E15FF8->61021d77-0677-40a1-98e7-8ba643935ac0-AppendLogResponseHandler: Failed appendEntries: org.apache.ratis.thirdparty.io.grpc.StatusRuntimeException: UNAVAILABLE: io exception
2019-11-11 04:08:35,580 [grpc-default-executor-2] INFO  impl.FollowerInfo (FollowerInfo.java:lambda$new$0(51)) - 9a305e64-7592-4199-ba7e-8c2223e9b548@group-F4D747E15FF8->61021d77-0677-40a1-98e7-8ba643935ac0: nextIndex: updateUnconditionally 0 -> 0
2019-11-11 04:08:35,762 [Thread-1110] INFO  impl.FollowerState (FollowerState.java:run(111)) - 9a305e64-7592-4199-ba7e-8c2223e9b548@group-D5F2B638C171-FollowerState: change to CANDIDATE, lastRpcTime:1125ms, electionTimeout:1125ms
2019-11-11 04:08:35,763 [Thread-1110] INFO  impl.RoleInfo (RoleInfo.java:shutdownFollowerState(121)) - 9a305e64-7592-4199-ba7e-8c2223e9b548: shutdown FollowerState
2019-11-11 04:08:35,763 [Thread-1110] INFO  impl.RaftServerImpl (RaftServerImpl.java:setRole(173)) - 9a305e64-7592-4199-ba7e-8c2223e9b548@group-D5F2B638C171: changes role from  FOLLOWER to CANDIDATE at term 5 for changeToCandidate
2019-11-11 04:08:35,763 [Thread-1110] INFO  impl.RoleInfo (RoleInfo.java:updateAndGet(143)) - 9a305e64-7592-4199-ba7e-8c2223e9b548: start LeaderElection
2019-11-11 04:08:35,779 [9a305e64-7592-4199-ba7e-8c2223e9b548@group-D5F2B638C171-LeaderElection35] INFO  impl.LeaderElection (LeaderElection.java:askForVotes(178)) - 9a305e64-7592-4199-ba7e-8c2223e9b548@group-D5F2B638C171-LeaderElection35: begin an election at term 6 for 0: [9a305e64-7592-4199-ba7e-8c2223e9b548:192.168.34.63:35969, c04805f0-1fdc-4096-9f0e-017639bb4de5:192.168.34.63:44743, f4ab3ec0-fcec-4fb2-8953-e521da90d916:192.168.34.63:41296], old=null
2019-11-11 04:08:35,780 [9a305e64-7592-4199-ba7e-8c2223e9b548@group-D5F2B638C171-LeaderElection35] INFO  impl.LeaderElection (LogUtils.java:infoOrTrace(149)) - 9a305e64-7592-4199-ba7e-8c2223e9b548@group-D5F2B638C171-LeaderElection35 got exception when requesting votes: {}
java.util.concurrent.ExecutionException: org.apache.ratis.thirdparty.io.grpc.StatusRuntimeException: UNAVAILABLE: io exception
	at java.util.concurrent.FutureTask.report(FutureTask.java:122)
	at java.util.concurrent.FutureTask.get(FutureTask.java:192)
	at org.apache.ratis.server.impl.LeaderElection.waitForResults(LeaderElection.java:259)
	at org.apache.ratis.server.impl.LeaderElection.askForVotes(LeaderElection.java:197)
	at org.apache.ratis.server.impl.LeaderElection.run(LeaderElection.java:133)
	at java.lang.Thread.run(Thread.java:748)
Caused by: org.apache.ratis.thirdparty.io.grpc.StatusRuntimeException: UNAVAILABLE: io exception
	at org.apache.ratis.thirdparty.io.grpc.stub.ClientCalls.toStatusRuntimeException(ClientCalls.java:233)
	at org.apache.ratis.thirdparty.io.grpc.stub.ClientCalls.getUnchecked(ClientCalls.java:214)
	at org.apache.ratis.thirdparty.io.grpc.stub.ClientCalls.blockingUnaryCall(ClientCalls.java:139)
	at org.apache.ratis.proto.grpc.RaftServerProtocolServiceGrpc$RaftServerProtocolServiceBlockingStub.requestVote(RaftServerProtocolServiceGrpc.java:265)
	at org.apache.ratis.grpc.server.GrpcServerProtocolClient.requestVote(GrpcServerProtocolClient.java:99)
	at org.apache.ratis.grpc.server.GrpcService.requestVote(GrpcService.java:204)
	at org.apache.ratis.server.impl.LeaderElection.lambda$submitRequests$1(LeaderElection.java:234)
	at java.util.concurrent.FutureTask.run(FutureTask.java:266)
	at java.util.concurrent.Executors$RunnableAdapter.call(Executors.java:511)
	at java.util.concurrent.FutureTask.run(FutureTask.java:266)
	at java.util.concurrent.ThreadPoolExecutor.runWorker(ThreadPoolExecutor.java:1149)
	at java.util.concurrent.ThreadPoolExecutor$Worker.run(ThreadPoolExecutor.java:624)
	... 1 more
Caused by: org.apache.ratis.thirdparty.io.netty.channel.AbstractChannel$AnnotatedConnectException: Connection refused: /192.168.34.63:41296
	at sun.nio.ch.SocketChannelImpl.checkConnect(Native Method)
	at sun.nio.ch.SocketChannelImpl.finishConnect(SocketChannelImpl.java:717)
	at org.apache.ratis.thirdparty.io.netty.channel.socket.nio.NioSocketChannel.doFinishConnect(NioSocketChannel.java:327)
	at org.apache.ratis.thirdparty.io.netty.channel.nio.AbstractNioChannel$AbstractNioUnsafe.finishConnect(AbstractNioChannel.java:340)
	at org.apache.ratis.thirdparty.io.netty.channel.nio.NioEventLoop.processSelectedKey(NioEventLoop.java:632)
	at org.apache.ratis.thirdparty.io.netty.channel.nio.NioEventLoop.processSelectedKeysOptimized(NioEventLoop.java:579)
	at org.apache.ratis.thirdparty.io.netty.channel.nio.NioEventLoop.processSelectedKeys(NioEventLoop.java:496)
	at org.apache.ratis.thirdparty.io.netty.channel.nio.NioEventLoop.run(NioEventLoop.java:458)
	at org.apache.ratis.thirdparty.io.netty.util.concurrent.SingleThreadEventExecutor$5.run(SingleThreadEventExecutor.java:897)
	at org.apache.ratis.thirdparty.io.netty.util.concurrent.FastThreadLocalRunnable.run(FastThreadLocalRunnable.java:30)
	... 1 more
Caused by: java.net.ConnectException: Connection refused
	... 11 more
2019-11-11 04:08:35,781 [9a305e64-7592-4199-ba7e-8c2223e9b548@group-D5F2B638C171-LeaderElection35] INFO  impl.LeaderElection (LogUtils.java:infoOrTrace(149)) - 9a305e64-7592-4199-ba7e-8c2223e9b548@group-D5F2B638C171-LeaderElection35 got exception when requesting votes: {}
java.util.concurrent.ExecutionException: org.apache.ratis.thirdparty.io.grpc.StatusRuntimeException: UNAVAILABLE: io exception
	at java.util.concurrent.FutureTask.report(FutureTask.java:122)
	at java.util.concurrent.FutureTask.get(FutureTask.java:192)
	at org.apache.ratis.server.impl.LeaderElection.waitForResults(LeaderElection.java:259)
	at org.apache.ratis.server.impl.LeaderElection.askForVotes(LeaderElection.java:197)
	at org.apache.ratis.server.impl.LeaderElection.run(LeaderElection.java:133)
	at java.lang.Thread.run(Thread.java:748)
Caused by: org.apache.ratis.thirdparty.io.grpc.StatusRuntimeException: UNAVAILABLE: io exception
	at org.apache.ratis.thirdparty.io.grpc.stub.ClientCalls.toStatusRuntimeException(ClientCalls.java:233)
	at org.apache.ratis.thirdparty.io.grpc.stub.ClientCalls.getUnchecked(ClientCalls.java:214)
	at org.apache.ratis.thirdparty.io.grpc.stub.ClientCalls.blockingUnaryCall(ClientCalls.java:139)
	at org.apache.ratis.proto.grpc.RaftServerProtocolServiceGrpc$RaftServerProtocolServiceBlockingStub.requestVote(RaftServerProtocolServiceGrpc.java:265)
	at org.apache.ratis.grpc.server.GrpcServerProtocolClient.requestVote(GrpcServerProtocolClient.java:99)
	at org.apache.ratis.grpc.server.GrpcService.requestVote(GrpcService.java:204)
	at org.apache.ratis.server.impl.LeaderElection.lambda$submitRequests$1(LeaderElection.java:234)
	at java.util.concurrent.FutureTask.run(FutureTask.java:266)
	at java.util.concurrent.Executors$RunnableAdapter.call(Executors.java:511)
	at java.util.concurrent.FutureTask.run(FutureTask.java:266)
	at java.util.concurrent.ThreadPoolExecutor.runWorker(ThreadPoolExecutor.java:1149)
	at java.util.concurrent.ThreadPoolExecutor$Worker.run(ThreadPoolExecutor.java:624)
	... 1 more
Caused by: org.apache.ratis.thirdparty.io.netty.channel.AbstractChannel$AnnotatedConnectException: Connection refused: /192.168.34.63:44743
	at sun.nio.ch.SocketChannelImpl.checkConnect(Native Method)
	at sun.nio.ch.SocketChannelImpl.finishConnect(SocketChannelImpl.java:717)
	at org.apache.ratis.thirdparty.io.netty.channel.socket.nio.NioSocketChannel.doFinishConnect(NioSocketChannel.java:327)
	at org.apache.ratis.thirdparty.io.netty.channel.nio.AbstractNioChannel$AbstractNioUnsafe.finishConnect(AbstractNioChannel.java:340)
	at org.apache.ratis.thirdparty.io.netty.channel.nio.NioEventLoop.processSelectedKey(NioEventLoop.java:632)
	at org.apache.ratis.thirdparty.io.netty.channel.nio.NioEventLoop.processSelectedKeysOptimized(NioEventLoop.java:579)
	at org.apache.ratis.thirdparty.io.netty.channel.nio.NioEventLoop.processSelectedKeys(NioEventLoop.java:496)
	at org.apache.ratis.thirdparty.io.netty.channel.nio.NioEventLoop.run(NioEventLoop.java:458)
	at org.apache.ratis.thirdparty.io.netty.util.concurrent.SingleThreadEventExecutor$5.run(SingleThreadEventExecutor.java:897)
	at org.apache.ratis.thirdparty.io.netty.util.concurrent.FastThreadLocalRunnable.run(FastThreadLocalRunnable.java:30)
	... 1 more
Caused by: java.net.ConnectException: Connection refused
	... 11 more
2019-11-11 04:08:35,895 [9a305e64-7592-4199-ba7e-8c2223e9b548@group-D5F2B638C171-LeaderElection35] INFO  impl.LeaderElection (LeaderElection.java:logAndReturn(56)) - 9a305e64-7592-4199-ba7e-8c2223e9b548@group-D5F2B638C171-LeaderElection35: Election REJECTED; received 0 response(s) [] and 2 exception(s); 9a305e64-7592-4199-ba7e-8c2223e9b548@group-D5F2B638C171:t6, leader=null, voted=9a305e64-7592-4199-ba7e-8c2223e9b548, raftlog=9a305e64-7592-4199-ba7e-8c2223e9b548@group-D5F2B638C171-SegmentedRaftLog:OPENED:c0,f0,i0, conf=0: [9a305e64-7592-4199-ba7e-8c2223e9b548:192.168.34.63:35969, c04805f0-1fdc-4096-9f0e-017639bb4de5:192.168.34.63:44743, f4ab3ec0-fcec-4fb2-8953-e521da90d916:192.168.34.63:41296], old=null
2019-11-11 04:08:35,895 [9a305e64-7592-4199-ba7e-8c2223e9b548@group-D5F2B638C171-LeaderElection35] INFO  impl.LeaderElection (LogUtils.java:infoOrTrace(149)) -   Exception 0: {}
java.util.concurrent.ExecutionException: org.apache.ratis.thirdparty.io.grpc.StatusRuntimeException: UNAVAILABLE: io exception
	at java.util.concurrent.FutureTask.report(FutureTask.java:122)
	at java.util.concurrent.FutureTask.get(FutureTask.java:192)
	at org.apache.ratis.server.impl.LeaderElection.waitForResults(LeaderElection.java:259)
	at org.apache.ratis.server.impl.LeaderElection.askForVotes(LeaderElection.java:197)
	at org.apache.ratis.server.impl.LeaderElection.run(LeaderElection.java:133)
	at java.lang.Thread.run(Thread.java:748)
Caused by: org.apache.ratis.thirdparty.io.grpc.StatusRuntimeException: UNAVAILABLE: io exception
	at org.apache.ratis.thirdparty.io.grpc.stub.ClientCalls.toStatusRuntimeException(ClientCalls.java:233)
	at org.apache.ratis.thirdparty.io.grpc.stub.ClientCalls.getUnchecked(ClientCalls.java:214)
	at org.apache.ratis.thirdparty.io.grpc.stub.ClientCalls.blockingUnaryCall(ClientCalls.java:139)
	at org.apache.ratis.proto.grpc.RaftServerProtocolServiceGrpc$RaftServerProtocolServiceBlockingStub.requestVote(RaftServerProtocolServiceGrpc.java:265)
	at org.apache.ratis.grpc.server.GrpcServerProtocolClient.requestVote(GrpcServerProtocolClient.java:99)
	at org.apache.ratis.grpc.server.GrpcService.requestVote(GrpcService.java:204)
	at org.apache.ratis.server.impl.LeaderElection.lambda$submitRequests$1(LeaderElection.java:234)
	at java.util.concurrent.FutureTask.run(FutureTask.java:266)
	at java.util.concurrent.Executors$RunnableAdapter.call(Executors.java:511)
	at java.util.concurrent.FutureTask.run(FutureTask.java:266)
	at java.util.concurrent.ThreadPoolExecutor.runWorker(ThreadPoolExecutor.java:1149)
	at java.util.concurrent.ThreadPoolExecutor$Worker.run(ThreadPoolExecutor.java:624)
	... 1 more
Caused by: org.apache.ratis.thirdparty.io.netty.channel.AbstractChannel$AnnotatedConnectException: Connection refused: /192.168.34.63:41296
	at sun.nio.ch.SocketChannelImpl.checkConnect(Native Method)
	at sun.nio.ch.SocketChannelImpl.finishConnect(SocketChannelImpl.java:717)
	at org.apache.ratis.thirdparty.io.netty.channel.socket.nio.NioSocketChannel.doFinishConnect(NioSocketChannel.java:327)
	at org.apache.ratis.thirdparty.io.netty.channel.nio.AbstractNioChannel$AbstractNioUnsafe.finishConnect(AbstractNioChannel.java:340)
	at org.apache.ratis.thirdparty.io.netty.channel.nio.NioEventLoop.processSelectedKey(NioEventLoop.java:632)
	at org.apache.ratis.thirdparty.io.netty.channel.nio.NioEventLoop.processSelectedKeysOptimized(NioEventLoop.java:579)
	at org.apache.ratis.thirdparty.io.netty.channel.nio.NioEventLoop.processSelectedKeys(NioEventLoop.java:496)
	at org.apache.ratis.thirdparty.io.netty.channel.nio.NioEventLoop.run(NioEventLoop.java:458)
	at org.apache.ratis.thirdparty.io.netty.util.concurrent.SingleThreadEventExecutor$5.run(SingleThreadEventExecutor.java:897)
	at org.apache.ratis.thirdparty.io.netty.util.concurrent.FastThreadLocalRunnable.run(FastThreadLocalRunnable.java:30)
	... 1 more
Caused by: java.net.ConnectException: Connection refused
	... 11 more
2019-11-11 04:08:35,895 [9a305e64-7592-4199-ba7e-8c2223e9b548@group-D5F2B638C171-LeaderElection35] INFO  impl.LeaderElection (LogUtils.java:infoOrTrace(149)) -   Exception 1: {}
java.util.concurrent.ExecutionException: org.apache.ratis.thirdparty.io.grpc.StatusRuntimeException: UNAVAILABLE: io exception
	at java.util.concurrent.FutureTask.report(FutureTask.java:122)
	at java.util.concurrent.FutureTask.get(FutureTask.java:192)
	at org.apache.ratis.server.impl.LeaderElection.waitForResults(LeaderElection.java:259)
	at org.apache.ratis.server.impl.LeaderElection.askForVotes(LeaderElection.java:197)
	at org.apache.ratis.server.impl.LeaderElection.run(LeaderElection.java:133)
	at java.lang.Thread.run(Thread.java:748)
Caused by: org.apache.ratis.thirdparty.io.grpc.StatusRuntimeException: UNAVAILABLE: io exception
	at org.apache.ratis.thirdparty.io.grpc.stub.ClientCalls.toStatusRuntimeException(ClientCalls.java:233)
	at org.apache.ratis.thirdparty.io.grpc.stub.ClientCalls.getUnchecked(ClientCalls.java:214)
	at org.apache.ratis.thirdparty.io.grpc.stub.ClientCalls.blockingUnaryCall(ClientCalls.java:139)
	at org.apache.ratis.proto.grpc.RaftServerProtocolServiceGrpc$RaftServerProtocolServiceBlockingStub.requestVote(RaftServerProtocolServiceGrpc.java:265)
	at org.apache.ratis.grpc.server.GrpcServerProtocolClient.requestVote(GrpcServerProtocolClient.java:99)
	at org.apache.ratis.grpc.server.GrpcService.requestVote(GrpcService.java:204)
	at org.apache.ratis.server.impl.LeaderElection.lambda$submitRequests$1(LeaderElection.java:234)
	at java.util.concurrent.FutureTask.run(FutureTask.java:266)
	at java.util.concurrent.Executors$RunnableAdapter.call(Executors.java:511)
	at java.util.concurrent.FutureTask.run(FutureTask.java:266)
	at java.util.concurrent.ThreadPoolExecutor.runWorker(ThreadPoolExecutor.java:1149)
	at java.util.concurrent.ThreadPoolExecutor$Worker.run(ThreadPoolExecutor.java:624)
	... 1 more
Caused by: org.apache.ratis.thirdparty.io.netty.channel.AbstractChannel$AnnotatedConnectException: Connection refused: /192.168.34.63:44743
	at sun.nio.ch.SocketChannelImpl.checkConnect(Native Method)
	at sun.nio.ch.SocketChannelImpl.finishConnect(SocketChannelImpl.java:717)
	at org.apache.ratis.thirdparty.io.netty.channel.socket.nio.NioSocketChannel.doFinishConnect(NioSocketChannel.java:327)
	at org.apache.ratis.thirdparty.io.netty.channel.nio.AbstractNioChannel$AbstractNioUnsafe.finishConnect(AbstractNioChannel.java:340)
	at org.apache.ratis.thirdparty.io.netty.channel.nio.NioEventLoop.processSelectedKey(NioEventLoop.java:632)
	at org.apache.ratis.thirdparty.io.netty.channel.nio.NioEventLoop.processSelectedKeysOptimized(NioEventLoop.java:579)
	at org.apache.ratis.thirdparty.io.netty.channel.nio.NioEventLoop.processSelectedKeys(NioEventLoop.java:496)
	at org.apache.ratis.thirdparty.io.netty.channel.nio.NioEventLoop.run(NioEventLoop.java:458)
	at org.apache.ratis.thirdparty.io.netty.util.concurrent.SingleThreadEventExecutor$5.run(SingleThreadEventExecutor.java:897)
	at org.apache.ratis.thirdparty.io.netty.util.concurrent.FastThreadLocalRunnable.run(FastThreadLocalRunnable.java:30)
	... 1 more
Caused by: java.net.ConnectException: Connection refused
	... 11 more
2019-11-11 04:08:35,895 [main] INFO  ozoneimpl.OzoneContainer (OzoneContainer.java:stop(232)) - Attempting to stop container services.
2019-11-11 04:08:35,915 [ForkJoinPool.commonPool-worker-0] INFO  ozoneimpl.OzoneContainer (OzoneContainer.java:stop(232)) - Attempting to stop container services.
2019-11-11 04:08:35,915 [9a305e64-7592-4199-ba7e-8c2223e9b548@group-D5F2B638C171-LeaderElection35] INFO  impl.RaftServerImpl (RaftServerImpl.java:setRole(173)) - 9a305e64-7592-4199-ba7e-8c2223e9b548@group-D5F2B638C171: changes role from CANDIDATE to FOLLOWER at term 6 for DISCOVERED_A_NEW_TERM
2019-11-11 04:08:35,916 [main] INFO  impl.RaftServerProxy (RaftServerProxy.java:lambda$close$4(314)) - d24f89af-25ea-4b26-b566-5a51e64771d7: close
2019-11-11 04:08:35,916 [9a305e64-7592-4199-ba7e-8c2223e9b548@group-D5F2B638C171-LeaderElection35] INFO  impl.RoleInfo (RoleInfo.java:shutdownLeaderElection(134)) - 9a305e64-7592-4199-ba7e-8c2223e9b548: shutdown LeaderElection
2019-11-11 04:08:35,916 [main] INFO  server.GrpcService (GrpcService.java:closeImpl(164)) - d24f89af-25ea-4b26-b566-5a51e64771d7: shutdown server with port 42866 now
2019-11-11 04:08:35,916 [9a305e64-7592-4199-ba7e-8c2223e9b548@group-D5F2B638C171-LeaderElection35] INFO  impl.RoleInfo (RoleInfo.java:updateAndGet(143)) - 9a305e64-7592-4199-ba7e-8c2223e9b548: start FollowerState
2019-11-11 04:08:35,917 [main] INFO  server.GrpcService (GrpcService.java:closeImpl(172)) - d24f89af-25ea-4b26-b566-5a51e64771d7: shutdown server with port 42866 successfully
2019-11-11 04:08:35,920 [ForkJoinPool.commonPool-worker-0] INFO  impl.RaftServerProxy (RaftServerProxy.java:lambda$close$4(314)) - 0008e53d-e267-4ad3-84a9-d2381d726a85: close
2019-11-11 04:08:35,920 [ForkJoinPool.commonPool-worker-0] INFO  server.GrpcService (GrpcService.java:closeImpl(164)) - 0008e53d-e267-4ad3-84a9-d2381d726a85: shutdown server with port 40903 now
2019-11-11 04:08:35,921 [ForkJoinPool.commonPool-worker-0] INFO  server.GrpcService (GrpcService.java:closeImpl(172)) - 0008e53d-e267-4ad3-84a9-d2381d726a85: shutdown server with port 40903 successfully
2019-11-11 04:08:35,926 [refreshUsed-/workdir/hadoop-ozone/integration-test/target/test-dir/MiniOzoneClusterImpl-6985d1c7-7309-41e2-b49d-91e186e08ffa/datanode-8/data/containers] WARN  fs.CachingGetSpaceUsed (CachingGetSpaceUsed.java:run(183)) - Thread Interrupted waiting to refresh disk information: sleep interrupted
2019-11-11 04:08:35,933 [refreshUsed-/workdir/hadoop-ozone/integration-test/target/test-dir/MiniOzoneClusterImpl-6985d1c7-7309-41e2-b49d-91e186e08ffa/datanode-3/data/containers] WARN  fs.CachingGetSpaceUsed (CachingGetSpaceUsed.java:run(183)) - Thread Interrupted waiting to refresh disk information: sleep interrupted
2019-11-11 04:08:35,950 [main] INFO  utils.BackgroundService (BackgroundService.java:shutdown(151)) - Shutting down service BlockDeletingService
2019-11-11 04:08:35,955 [main] INFO  statemachine.DatanodeStateMachine (DatanodeStateMachine.java:stopDaemon(395)) - Ozone container server stopped.
2019-11-11 04:08:35,957 [main] INFO  handler.ContextHandler (ContextHandler.java:doStop(910)) - Stopped o.e.j.w.WebAppContext@3240b2a4{/,null,UNAVAILABLE}{/hddsDatanode}
2019-11-11 04:08:35,958 [main] INFO  server.AbstractConnector (AbstractConnector.java:doStop(318)) - Stopped ServerConnector@58434b19{HTTP/1.1,[http/1.1]}{0.0.0.0:0}
2019-11-11 04:08:35,959 [main] INFO  handler.ContextHandler (ContextHandler.java:doStop(910)) - Stopped o.e.j.s.ServletContextHandler@524270b8{/static,jar:file:/home/user/.m2/repository/org/apache/hadoop/hadoop-hdds-container-service/0.5.0-SNAPSHOT/hadoop-hdds-container-service-0.5.0-SNAPSHOT.jar!/webapps/static,UNAVAILABLE}
2019-11-11 04:08:35,959 [main] INFO  handler.ContextHandler (ContextHandler.java:doStop(910)) - Stopped o.e.j.s.ServletContextHandler@1a1f5f71{/logs,file:///workdir/hadoop-ozone/integration-test/target/log,UNAVAILABLE}
2019-11-11 04:08:35,962 [ForkJoinPool.commonPool-worker-0] INFO  utils.BackgroundService (BackgroundService.java:shutdown(151)) - Shutting down service BlockDeletingService
2019-11-11 04:08:35,965 [ForkJoinPool.commonPool-worker-0] INFO  statemachine.DatanodeStateMachine (DatanodeStateMachine.java:stopDaemon(395)) - Ozone container server stopped.
2019-11-11 04:08:35,968 [ForkJoinPool.commonPool-worker-0] INFO  handler.ContextHandler (ContextHandler.java:doStop(910)) - Stopped o.e.j.w.WebAppContext@4d41ba0f{/,null,UNAVAILABLE}{/hddsDatanode}
2019-11-11 04:08:35,968 [ForkJoinPool.commonPool-worker-0] INFO  server.AbstractConnector (AbstractConnector.java:doStop(318)) - Stopped ServerConnector@3c87e6b7{HTTP/1.1,[http/1.1]}{0.0.0.0:0}
2019-11-11 04:08:35,969 [ForkJoinPool.commonPool-worker-0] INFO  handler.ContextHandler (ContextHandler.java:doStop(910)) - Stopped o.e.j.s.ServletContextHandler@cb7fa71{/static,jar:file:/home/user/.m2/repository/org/apache/hadoop/hadoop-hdds-container-service/0.5.0-SNAPSHOT/hadoop-hdds-container-service-0.5.0-SNAPSHOT.jar!/webapps/static,UNAVAILABLE}
2019-11-11 04:08:35,971 [ForkJoinPool.commonPool-worker-0] INFO  handler.ContextHandler (ContextHandler.java:doStop(910)) - Stopped o.e.j.s.ServletContextHandler@6dfa915a{/logs,file:///workdir/hadoop-ozone/integration-test/target/log,UNAVAILABLE}
2019-11-11 04:08:36,036 [grpc-default-executor-2] WARN  server.GrpcLogAppender (LogUtils.java:warn(134)) - 9a305e64-7592-4199-ba7e-8c2223e9b548@group-F4D747E15FF8->f4ab3ec0-fcec-4fb2-8953-e521da90d916-AppendLogResponseHandler: Failed appendEntries: org.apache.ratis.thirdparty.io.grpc.StatusRuntimeException: UNAVAILABLE: io exception
2019-11-11 04:08:36,036 [grpc-default-executor-2] INFO  impl.FollowerInfo (FollowerInfo.java:lambda$new$0(51)) - 9a305e64-7592-4199-ba7e-8c2223e9b548@group-F4D747E15FF8->f4ab3ec0-fcec-4fb2-8953-e521da90d916: nextIndex: updateUnconditionally 0 -> 0
2019-11-11 04:08:36,080 [org.apache.ratis.server.impl.LogAppender$AppenderDaemon$$Lambda$651/545843685@69bcbdd4] ERROR ratis.XceiverServerRatis (XceiverServerRatis.java:triggerPipelineClose(577)) - pipeline Action CLOSE  on pipeline PipelineID=31ac6f49-abee-419e-8f26-f4d747e15ff8.Reason : 9a305e64-7592-4199-ba7e-8c2223e9b548 has not seen follower/s 61021d77-0677-40a1-98e7-8ba643935ac0 for 125554ms
2019-11-11 04:08:36,081 [grpc-default-executor-2] WARN  server.GrpcLogAppender (LogUtils.java:warn(134)) - 9a305e64-7592-4199-ba7e-8c2223e9b548@group-F4D747E15FF8->61021d77-0677-40a1-98e7-8ba643935ac0-AppendLogResponseHandler: Failed appendEntries: org.apache.ratis.thirdparty.io.grpc.StatusRuntimeException: UNAVAILABLE: io exception
2019-11-11 04:08:36,081 [grpc-default-executor-2] INFO  impl.FollowerInfo (FollowerInfo.java:lambda$new$0(51)) - 9a305e64-7592-4199-ba7e-8c2223e9b548@group-F4D747E15FF8->61021d77-0677-40a1-98e7-8ba643935ac0: nextIndex: updateUnconditionally 0 -> 0
2019-11-11 04:08:36,499 [EventQueue-PipelineActionsForPipelineActionHandler] ERROR pipeline.PipelineActionHandler (PipelineActionHandler.java:onMessage(60)) - Received pipeline action CLOSE for Pipeline[ Id: 31ac6f49-abee-419e-8f26-f4d747e15ff8, Nodes: 61021d77-0677-40a1-98e7-8ba643935ac0{ip: 192.168.34.63, host: trunk-nightly-20191111-g5xpl-2663879777, networkLocation: /default-rack, certSerialId: null}f4ab3ec0-fcec-4fb2-8953-e521da90d916{ip: 192.168.34.63, host: trunk-nightly-20191111-g5xpl-2663879777, networkLocation: /default-rack, certSerialId: null}9a305e64-7592-4199-ba7e-8c2223e9b548{ip: 192.168.34.63, host: trunk-nightly-20191111-g5xpl-2663879777, networkLocation: /default-rack, certSerialId: null}, Type:RATIS, Factor:THREE, State:CLOSED] from datanode 9a305e64-7592-4199-ba7e-8c2223e9b548{ip: 192.168.34.63, host: trunk-nightly-20191111-g5xpl-2663879777, networkLocation: /default-rack, certSerialId: null}. Reason : 9a305e64-7592-4199-ba7e-8c2223e9b548 has not seen follower/s 61021d77-0677-40a1-98e7-8ba643935ac0 for 125053ms
2019-11-11 04:08:36,499 [EventQueue-PipelineActionsForPipelineActionHandler] INFO  pipeline.SCMPipelineManager (SCMPipelineManager.java:finalizeAndDestroyPipeline(315)) - destroying pipeline:Pipeline[ Id: 31ac6f49-abee-419e-8f26-f4d747e15ff8, Nodes: 61021d77-0677-40a1-98e7-8ba643935ac0{ip: 192.168.34.63, host: trunk-nightly-20191111-g5xpl-2663879777, networkLocation: /default-rack, certSerialId: null}f4ab3ec0-fcec-4fb2-8953-e521da90d916{ip: 192.168.34.63, host: trunk-nightly-20191111-g5xpl-2663879777, networkLocation: /default-rack, certSerialId: null}9a305e64-7592-4199-ba7e-8c2223e9b548{ip: 192.168.34.63, host: trunk-nightly-20191111-g5xpl-2663879777, networkLocation: /default-rack, certSerialId: null}, Type:RATIS, Factor:THREE, State:CLOSED]
2019-11-11 04:08:36,537 [grpc-default-executor-2] WARN  server.GrpcLogAppender (LogUtils.java:warn(134)) - 9a305e64-7592-4199-ba7e-8c2223e9b548@group-F4D747E15FF8->f4ab3ec0-fcec-4fb2-8953-e521da90d916-AppendLogResponseHandler: Failed appendEntries: org.apache.ratis.thirdparty.io.grpc.StatusRuntimeException: UNAVAILABLE: io exception
2019-11-11 04:08:36,537 [grpc-default-executor-2] INFO  impl.FollowerInfo (FollowerInfo.java:lambda$new$0(51)) - 9a305e64-7592-4199-ba7e-8c2223e9b548@group-F4D747E15FF8->f4ab3ec0-fcec-4fb2-8953-e521da90d916: nextIndex: updateUnconditionally 0 -> 0
2019-11-11 04:08:36,581 [org.apache.ratis.server.impl.LogAppender$AppenderDaemon$$Lambda$651/545843685@69bcbdd4] ERROR ratis.XceiverServerRatis (XceiverServerRatis.java:triggerPipelineClose(577)) - pipeline Action CLOSE  on pipeline PipelineID=31ac6f49-abee-419e-8f26-f4d747e15ff8.Reason : 9a305e64-7592-4199-ba7e-8c2223e9b548 has not seen follower/s 61021d77-0677-40a1-98e7-8ba643935ac0 for 126055ms
2019-11-11 04:08:36,582 [grpc-default-executor-2] WARN  server.GrpcLogAppender (LogUtils.java:warn(134)) - 9a305e64-7592-4199-ba7e-8c2223e9b548@group-F4D747E15FF8->61021d77-0677-40a1-98e7-8ba643935ac0-AppendLogResponseHandler: Failed appendEntries: org.apache.ratis.thirdparty.io.grpc.StatusRuntimeException: UNAVAILABLE: io exception
2019-11-11 04:08:36,582 [grpc-default-executor-2] INFO  impl.FollowerInfo (FollowerInfo.java:lambda$new$0(51)) - 9a305e64-7592-4199-ba7e-8c2223e9b548@group-F4D747E15FF8->61021d77-0677-40a1-98e7-8ba643935ac0: nextIndex: updateUnconditionally 0 -> 0
2019-11-11 04:08:36,750 [Thread-1114] INFO  impl.FollowerState (FollowerState.java:run(111)) - 9a305e64-7592-4199-ba7e-8c2223e9b548@group-A10C889AEEC0-FollowerState: change to CANDIDATE, lastRpcTime:1182ms, electionTimeout:1182ms
2019-11-11 04:08:36,750 [Thread-1114] INFO  impl.RoleInfo (RoleInfo.java:shutdownFollowerState(121)) - 9a305e64-7592-4199-ba7e-8c2223e9b548: shutdown FollowerState
2019-11-11 04:08:36,750 [Thread-1114] INFO  impl.RaftServerImpl (RaftServerImpl.java:setRole(173)) - 9a305e64-7592-4199-ba7e-8c2223e9b548@group-A10C889AEEC0: changes role from  FOLLOWER to CANDIDATE at term 5 for changeToCandidate
2019-11-11 04:08:36,750 [Thread-1114] INFO  impl.RoleInfo (RoleInfo.java:updateAndGet(143)) - 9a305e64-7592-4199-ba7e-8c2223e9b548: start LeaderElection
2019-11-11 04:08:36,768 [9a305e64-7592-4199-ba7e-8c2223e9b548@group-A10C889AEEC0-LeaderElection36] INFO  impl.LeaderElection (LeaderElection.java:askForVotes(178)) - 9a305e64-7592-4199-ba7e-8c2223e9b548@group-A10C889AEEC0-LeaderElection36: begin an election at term 6 for 0: [9a305e64-7592-4199-ba7e-8c2223e9b548:192.168.34.63:35969, c04805f0-1fdc-4096-9f0e-017639bb4de5:192.168.34.63:44743, f4ab3ec0-fcec-4fb2-8953-e521da90d916:192.168.34.63:41296], old=null
2019-11-11 04:08:36,769 [9a305e64-7592-4199-ba7e-8c2223e9b548@group-A10C889AEEC0-LeaderElection36] INFO  impl.LeaderElection (LogUtils.java:infoOrTrace(149)) - 9a305e64-7592-4199-ba7e-8c2223e9b548@group-A10C889AEEC0-LeaderElection36 got exception when requesting votes: {}
java.util.concurrent.ExecutionException: org.apache.ratis.thirdparty.io.grpc.StatusRuntimeException: UNAVAILABLE: io exception
	at java.util.concurrent.FutureTask.report(FutureTask.java:122)
	at java.util.concurrent.FutureTask.get(FutureTask.java:192)
	at org.apache.ratis.server.impl.LeaderElection.waitForResults(LeaderElection.java:259)
	at org.apache.ratis.server.impl.LeaderElection.askForVotes(LeaderElection.java:197)
	at org.apache.ratis.server.impl.LeaderElection.run(LeaderElection.java:133)
	at java.lang.Thread.run(Thread.java:748)
Caused by: org.apache.ratis.thirdparty.io.grpc.StatusRuntimeException: UNAVAILABLE: io exception
	at org.apache.ratis.thirdparty.io.grpc.stub.ClientCalls.toStatusRuntimeException(ClientCalls.java:233)
	at org.apache.ratis.thirdparty.io.grpc.stub.ClientCalls.getUnchecked(ClientCalls.java:214)
	at org.apache.ratis.thirdparty.io.grpc.stub.ClientCalls.blockingUnaryCall(ClientCalls.java:139)
	at org.apache.ratis.proto.grpc.RaftServerProtocolServiceGrpc$RaftServerProtocolServiceBlockingStub.requestVote(RaftServerProtocolServiceGrpc.java:265)
	at org.apache.ratis.grpc.server.GrpcServerProtocolClient.requestVote(GrpcServerProtocolClient.java:99)
	at org.apache.ratis.grpc.server.GrpcService.requestVote(GrpcService.java:204)
	at org.apache.ratis.server.impl.LeaderElection.lambda$submitRequests$1(LeaderElection.java:234)
	at java.util.concurrent.FutureTask.run(FutureTask.java:266)
	at java.util.concurrent.Executors$RunnableAdapter.call(Executors.java:511)
	at java.util.concurrent.FutureTask.run(FutureTask.java:266)
	at java.util.concurrent.ThreadPoolExecutor.runWorker(ThreadPoolExecutor.java:1149)
	at java.util.concurrent.ThreadPoolExecutor$Worker.run(ThreadPoolExecutor.java:624)
	... 1 more
Caused by: org.apache.ratis.thirdparty.io.netty.channel.AbstractChannel$AnnotatedConnectException: Connection refused: /192.168.34.63:44743
	at sun.nio.ch.SocketChannelImpl.checkConnect(Native Method)
	at sun.nio.ch.SocketChannelImpl.finishConnect(SocketChannelImpl.java:717)
	at org.apache.ratis.thirdparty.io.netty.channel.socket.nio.NioSocketChannel.doFinishConnect(NioSocketChannel.java:327)
	at org.apache.ratis.thirdparty.io.netty.channel.nio.AbstractNioChannel$AbstractNioUnsafe.finishConnect(AbstractNioChannel.java:340)
	at org.apache.ratis.thirdparty.io.netty.channel.nio.NioEventLoop.processSelectedKey(NioEventLoop.java:632)
	at org.apache.ratis.thirdparty.io.netty.channel.nio.NioEventLoop.processSelectedKeysOptimized(NioEventLoop.java:579)
	at org.apache.ratis.thirdparty.io.netty.channel.nio.NioEventLoop.processSelectedKeys(NioEventLoop.java:496)
	at org.apache.ratis.thirdparty.io.netty.channel.nio.NioEventLoop.run(NioEventLoop.java:458)
	at org.apache.ratis.thirdparty.io.netty.util.concurrent.SingleThreadEventExecutor$5.run(SingleThreadEventExecutor.java:897)
	at org.apache.ratis.thirdparty.io.netty.util.concurrent.FastThreadLocalRunnable.run(FastThreadLocalRunnable.java:30)
	... 1 more
Caused by: java.net.ConnectException: Connection refused
	... 11 more
2019-11-11 04:08:36,770 [9a305e64-7592-4199-ba7e-8c2223e9b548@group-A10C889AEEC0-LeaderElection36] INFO  impl.LeaderElection (LogUtils.java:infoOrTrace(149)) - 9a305e64-7592-4199-ba7e-8c2223e9b548@group-A10C889AEEC0-LeaderElection36 got exception when requesting votes: {}
java.util.concurrent.ExecutionException: org.apache.ratis.thirdparty.io.grpc.StatusRuntimeException: UNAVAILABLE: io exception
	at java.util.concurrent.FutureTask.report(FutureTask.java:122)
	at java.util.concurrent.FutureTask.get(FutureTask.java:192)
	at org.apache.ratis.server.impl.LeaderElection.waitForResults(LeaderElection.java:259)
	at org.apache.ratis.server.impl.LeaderElection.askForVotes(LeaderElection.java:197)
	at org.apache.ratis.server.impl.LeaderElection.run(LeaderElection.java:133)
	at java.lang.Thread.run(Thread.java:748)
Caused by: org.apache.ratis.thirdparty.io.grpc.StatusRuntimeException: UNAVAILABLE: io exception
	at org.apache.ratis.thirdparty.io.grpc.stub.ClientCalls.toStatusRuntimeException(ClientCalls.java:233)
	at org.apache.ratis.thirdparty.io.grpc.stub.ClientCalls.getUnchecked(ClientCalls.java:214)
	at org.apache.ratis.thirdparty.io.grpc.stub.ClientCalls.blockingUnaryCall(ClientCalls.java:139)
	at org.apache.ratis.proto.grpc.RaftServerProtocolServiceGrpc$RaftServerProtocolServiceBlockingStub.requestVote(RaftServerProtocolServiceGrpc.java:265)
	at org.apache.ratis.grpc.server.GrpcServerProtocolClient.requestVote(GrpcServerProtocolClient.java:99)
	at org.apache.ratis.grpc.server.GrpcService.requestVote(GrpcService.java:204)
	at org.apache.ratis.server.impl.LeaderElection.lambda$submitRequests$1(LeaderElection.java:234)
	at java.util.concurrent.FutureTask.run(FutureTask.java:266)
	at java.util.concurrent.Executors$RunnableAdapter.call(Executors.java:511)
	at java.util.concurrent.FutureTask.run(FutureTask.java:266)
	at java.util.concurrent.ThreadPoolExecutor.runWorker(ThreadPoolExecutor.java:1149)
	at java.util.concurrent.ThreadPoolExecutor$Worker.run(ThreadPoolExecutor.java:624)
	... 1 more
Caused by: org.apache.ratis.thirdparty.io.netty.channel.AbstractChannel$AnnotatedConnectException: Connection refused: /192.168.34.63:41296
	at sun.nio.ch.SocketChannelImpl.checkConnect(Native Method)
	at sun.nio.ch.SocketChannelImpl.finishConnect(SocketChannelImpl.java:717)
	at org.apache.ratis.thirdparty.io.netty.channel.socket.nio.NioSocketChannel.doFinishConnect(NioSocketChannel.java:327)
	at org.apache.ratis.thirdparty.io.netty.channel.nio.AbstractNioChannel$AbstractNioUnsafe.finishConnect(AbstractNioChannel.java:340)
	at org.apache.ratis.thirdparty.io.netty.channel.nio.NioEventLoop.processSelectedKey(NioEventLoop.java:632)
	at org.apache.ratis.thirdparty.io.netty.channel.nio.NioEventLoop.processSelectedKeysOptimized(NioEventLoop.java:579)
	at org.apache.ratis.thirdparty.io.netty.channel.nio.NioEventLoop.processSelectedKeys(NioEventLoop.java:496)
	at org.apache.ratis.thirdparty.io.netty.channel.nio.NioEventLoop.run(NioEventLoop.java:458)
	at org.apache.ratis.thirdparty.io.netty.util.concurrent.SingleThreadEventExecutor$5.run(SingleThreadEventExecutor.java:897)
	at org.apache.ratis.thirdparty.io.netty.util.concurrent.FastThreadLocalRunnable.run(FastThreadLocalRunnable.java:30)
	... 1 more
Caused by: java.net.ConnectException: Connection refused
	... 11 more
2019-11-11 04:08:36,771 [9a305e64-7592-4199-ba7e-8c2223e9b548@group-A10C889AEEC0-LeaderElection36] INFO  impl.LeaderElection (LeaderElection.java:logAndReturn(56)) - 9a305e64-7592-4199-ba7e-8c2223e9b548@group-A10C889AEEC0-LeaderElection36: Election REJECTED; received 0 response(s) [] and 2 exception(s); 9a305e64-7592-4199-ba7e-8c2223e9b548@group-A10C889AEEC0:t6, leader=null, voted=9a305e64-7592-4199-ba7e-8c2223e9b548, raftlog=9a305e64-7592-4199-ba7e-8c2223e9b548@group-A10C889AEEC0-SegmentedRaftLog:OPENED:c0,f0,i0, conf=0: [9a305e64-7592-4199-ba7e-8c2223e9b548:192.168.34.63:35969, c04805f0-1fdc-4096-9f0e-017639bb4de5:192.168.34.63:44743, f4ab3ec0-fcec-4fb2-8953-e521da90d916:192.168.34.63:41296], old=null
2019-11-11 04:08:36,771 [9a305e64-7592-4199-ba7e-8c2223e9b548@group-A10C889AEEC0-LeaderElection36] INFO  impl.LeaderElection (LogUtils.java:infoOrTrace(149)) -   Exception 0: {}
java.util.concurrent.ExecutionException: org.apache.ratis.thirdparty.io.grpc.StatusRuntimeException: UNAVAILABLE: io exception
	at java.util.concurrent.FutureTask.report(FutureTask.java:122)
	at java.util.concurrent.FutureTask.get(FutureTask.java:192)
	at org.apache.ratis.server.impl.LeaderElection.waitForResults(LeaderElection.java:259)
	at org.apache.ratis.server.impl.LeaderElection.askForVotes(LeaderElection.java:197)
	at org.apache.ratis.server.impl.LeaderElection.run(LeaderElection.java:133)
	at java.lang.Thread.run(Thread.java:748)
Caused by: org.apache.ratis.thirdparty.io.grpc.StatusRuntimeException: UNAVAILABLE: io exception
	at org.apache.ratis.thirdparty.io.grpc.stub.ClientCalls.toStatusRuntimeException(ClientCalls.java:233)
	at org.apache.ratis.thirdparty.io.grpc.stub.ClientCalls.getUnchecked(ClientCalls.java:214)
	at org.apache.ratis.thirdparty.io.grpc.stub.ClientCalls.blockingUnaryCall(ClientCalls.java:139)
	at org.apache.ratis.proto.grpc.RaftServerProtocolServiceGrpc$RaftServerProtocolServiceBlockingStub.requestVote(RaftServerProtocolServiceGrpc.java:265)
	at org.apache.ratis.grpc.server.GrpcServerProtocolClient.requestVote(GrpcServerProtocolClient.java:99)
	at org.apache.ratis.grpc.server.GrpcService.requestVote(GrpcService.java:204)
	at org.apache.ratis.server.impl.LeaderElection.lambda$submitRequests$1(LeaderElection.java:234)
	at java.util.concurrent.FutureTask.run(FutureTask.java:266)
	at java.util.concurrent.Executors$RunnableAdapter.call(Executors.java:511)
	at java.util.concurrent.FutureTask.run(FutureTask.java:266)
	at java.util.concurrent.ThreadPoolExecutor.runWorker(ThreadPoolExecutor.java:1149)
	at java.util.concurrent.ThreadPoolExecutor$Worker.run(ThreadPoolExecutor.java:624)
	... 1 more
Caused by: org.apache.ratis.thirdparty.io.netty.channel.AbstractChannel$AnnotatedConnectException: Connection refused: /192.168.34.63:44743
	at sun.nio.ch.SocketChannelImpl.checkConnect(Native Method)
	at sun.nio.ch.SocketChannelImpl.finishConnect(SocketChannelImpl.java:717)
	at org.apache.ratis.thirdparty.io.netty.channel.socket.nio.NioSocketChannel.doFinishConnect(NioSocketChannel.java:327)
	at org.apache.ratis.thirdparty.io.netty.channel.nio.AbstractNioChannel$AbstractNioUnsafe.finishConnect(AbstractNioChannel.java:340)
	at org.apache.ratis.thirdparty.io.netty.channel.nio.NioEventLoop.processSelectedKey(NioEventLoop.java:632)
	at org.apache.ratis.thirdparty.io.netty.channel.nio.NioEventLoop.processSelectedKeysOptimized(NioEventLoop.java:579)
	at org.apache.ratis.thirdparty.io.netty.channel.nio.NioEventLoop.processSelectedKeys(NioEventLoop.java:496)
	at org.apache.ratis.thirdparty.io.netty.channel.nio.NioEventLoop.run(NioEventLoop.java:458)
	at org.apache.ratis.thirdparty.io.netty.util.concurrent.SingleThreadEventExecutor$5.run(SingleThreadEventExecutor.java:897)
	at org.apache.ratis.thirdparty.io.netty.util.concurrent.FastThreadLocalRunnable.run(FastThreadLocalRunnable.java:30)
	... 1 more
Caused by: java.net.ConnectException: Connection refused
	... 11 more
2019-11-11 04:08:36,771 [9a305e64-7592-4199-ba7e-8c2223e9b548@group-A10C889AEEC0-LeaderElection36] INFO  impl.LeaderElection (LogUtils.java:infoOrTrace(149)) -   Exception 1: {}
java.util.concurrent.ExecutionException: org.apache.ratis.thirdparty.io.grpc.StatusRuntimeException: UNAVAILABLE: io exception
	at java.util.concurrent.FutureTask.report(FutureTask.java:122)
	at java.util.concurrent.FutureTask.get(FutureTask.java:192)
	at org.apache.ratis.server.impl.LeaderElection.waitForResults(LeaderElection.java:259)
	at org.apache.ratis.server.impl.LeaderElection.askForVotes(LeaderElection.java:197)
	at org.apache.ratis.server.impl.LeaderElection.run(LeaderElection.java:133)
	at java.lang.Thread.run(Thread.java:748)
Caused by: org.apache.ratis.thirdparty.io.grpc.StatusRuntimeException: UNAVAILABLE: io exception
	at org.apache.ratis.thirdparty.io.grpc.stub.ClientCalls.toStatusRuntimeException(ClientCalls.java:233)
	at org.apache.ratis.thirdparty.io.grpc.stub.ClientCalls.getUnchecked(ClientCalls.java:214)
	at org.apache.ratis.thirdparty.io.grpc.stub.ClientCalls.blockingUnaryCall(ClientCalls.java:139)
	at org.apache.ratis.proto.grpc.RaftServerProtocolServiceGrpc$RaftServerProtocolServiceBlockingStub.requestVote(RaftServerProtocolServiceGrpc.java:265)
	at org.apache.ratis.grpc.server.GrpcServerProtocolClient.requestVote(GrpcServerProtocolClient.java:99)
	at org.apache.ratis.grpc.server.GrpcService.requestVote(GrpcService.java:204)
	at org.apache.ratis.server.impl.LeaderElection.lambda$submitRequests$1(LeaderElection.java:234)
	at java.util.concurrent.FutureTask.run(FutureTask.java:266)
	at java.util.concurrent.Executors$RunnableAdapter.call(Executors.java:511)
	at java.util.concurrent.FutureTask.run(FutureTask.java:266)
	at java.util.concurrent.ThreadPoolExecutor.runWorker(ThreadPoolExecutor.java:1149)
	at java.util.concurrent.ThreadPoolExecutor$Worker.run(ThreadPoolExecutor.java:624)
	... 1 more
Caused by: org.apache.ratis.thirdparty.io.netty.channel.AbstractChannel$AnnotatedConnectException: Connection refused: /192.168.34.63:41296
	at sun.nio.ch.SocketChannelImpl.checkConnect(Native Method)
	at sun.nio.ch.SocketChannelImpl.finishConnect(SocketChannelImpl.java:717)
	at org.apache.ratis.thirdparty.io.netty.channel.socket.nio.NioSocketChannel.doFinishConnect(NioSocketChannel.java:327)
	at org.apache.ratis.thirdparty.io.netty.channel.nio.AbstractNioChannel$AbstractNioUnsafe.finishConnect(AbstractNioChannel.java:340)
	at org.apache.ratis.thirdparty.io.netty.channel.nio.NioEventLoop.processSelectedKey(NioEventLoop.java:632)
	at org.apache.ratis.thirdparty.io.netty.channel.nio.NioEventLoop.processSelectedKeysOptimized(NioEventLoop.java:579)
	at org.apache.ratis.thirdparty.io.netty.channel.nio.NioEventLoop.processSelectedKeys(NioEventLoop.java:496)
	at org.apache.ratis.thirdparty.io.netty.channel.nio.NioEventLoop.run(NioEventLoop.java:458)
	at org.apache.ratis.thirdparty.io.netty.util.concurrent.SingleThreadEventExecutor$5.run(SingleThreadEventExecutor.java:897)
	at org.apache.ratis.thirdparty.io.netty.util.concurrent.FastThreadLocalRunnable.run(FastThreadLocalRunnable.java:30)
	... 1 more
Caused by: java.net.ConnectException: Connection refused
	... 11 more
2019-11-11 04:08:36,771 [9a305e64-7592-4199-ba7e-8c2223e9b548@group-A10C889AEEC0-LeaderElection36] INFO  impl.RaftServerImpl (RaftServerImpl.java:setRole(173)) - 9a305e64-7592-4199-ba7e-8c2223e9b548@group-A10C889AEEC0: changes role from CANDIDATE to FOLLOWER at term 6 for DISCOVERED_A_NEW_TERM
2019-11-11 04:08:36,772 [9a305e64-7592-4199-ba7e-8c2223e9b548@group-A10C889AEEC0-LeaderElection36] INFO  impl.RoleInfo (RoleInfo.java:shutdownLeaderElection(134)) - 9a305e64-7592-4199-ba7e-8c2223e9b548: shutdown LeaderElection
2019-11-11 04:08:36,772 [9a305e64-7592-4199-ba7e-8c2223e9b548@group-A10C889AEEC0-LeaderElection36] INFO  impl.RoleInfo (RoleInfo.java:updateAndGet(143)) - 9a305e64-7592-4199-ba7e-8c2223e9b548: start FollowerState
2019-11-11 04:08:36,894 [Datanode State Machine Thread - 0] INFO  statemachine.DatanodeStateMachine (DatanodeStateMachine.java:lambda$startDaemon$0(350)) - Ozone container server started.
2019-11-11 04:08:36,932 [Datanode State Machine Thread - 0] INFO  statemachine.DatanodeStateMachine (DatanodeStateMachine.java:lambda$startDaemon$0(350)) - Ozone container server started.
2019-11-11 04:08:37,037 [grpc-default-executor-2] WARN  server.GrpcLogAppender (LogUtils.java:warn(134)) - 9a305e64-7592-4199-ba7e-8c2223e9b548@group-F4D747E15FF8->f4ab3ec0-fcec-4fb2-8953-e521da90d916-AppendLogResponseHandler: Failed appendEntries: org.apache.ratis.thirdparty.io.grpc.StatusRuntimeException: UNAVAILABLE: io exception
2019-11-11 04:08:37,037 [grpc-default-executor-2] INFO  impl.FollowerInfo (FollowerInfo.java:lambda$new$0(51)) - 9a305e64-7592-4199-ba7e-8c2223e9b548@group-F4D747E15FF8->f4ab3ec0-fcec-4fb2-8953-e521da90d916: nextIndex: updateUnconditionally 0 -> 0
2019-11-11 04:08:37,082 [org.apache.ratis.server.impl.LogAppender$AppenderDaemon$$Lambda$651/545843685@69bcbdd4] ERROR ratis.XceiverServerRatis (XceiverServerRatis.java:triggerPipelineClose(577)) - pipeline Action CLOSE  on pipeline PipelineID=31ac6f49-abee-419e-8f26-f4d747e15ff8.Reason : 9a305e64-7592-4199-ba7e-8c2223e9b548 has not seen follower/s 61021d77-0677-40a1-98e7-8ba643935ac0 for 126556ms
2019-11-11 04:08:37,083 [grpc-default-executor-8] WARN  server.GrpcLogAppender (LogUtils.java:warn(134)) - 9a305e64-7592-4199-ba7e-8c2223e9b548@group-F4D747E15FF8->61021d77-0677-40a1-98e7-8ba643935ac0-AppendLogResponseHandler: Failed appendEntries: org.apache.ratis.thirdparty.io.grpc.StatusRuntimeException: UNAVAILABLE: io exception
2019-11-11 04:08:37,083 [grpc-default-executor-8] INFO  impl.FollowerInfo (FollowerInfo.java:lambda$new$0(51)) - 9a305e64-7592-4199-ba7e-8c2223e9b548@group-F4D747E15FF8->61021d77-0677-40a1-98e7-8ba643935ac0: nextIndex: updateUnconditionally 0 -> 0
2019-11-11 04:08:37,091 [Thread-1118] INFO  impl.FollowerState (FollowerState.java:run(111)) - 9a305e64-7592-4199-ba7e-8c2223e9b548@group-D5F2B638C171-FollowerState: change to CANDIDATE, lastRpcTime:1174ms, electionTimeout:1165ms
2019-11-11 04:08:37,091 [Thread-1118] INFO  impl.RoleInfo (RoleInfo.java:shutdownFollowerState(121)) - 9a305e64-7592-4199-ba7e-8c2223e9b548: shutdown FollowerState
2019-11-11 04:08:37,091 [Thread-1118] INFO  impl.RaftServerImpl (RaftServerImpl.java:setRole(173)) - 9a305e64-7592-4199-ba7e-8c2223e9b548@group-D5F2B638C171: changes role from  FOLLOWER to CANDIDATE at term 6 for changeToCandidate
2019-11-11 04:08:37,092 [Thread-1118] INFO  impl.RoleInfo (RoleInfo.java:updateAndGet(143)) - 9a305e64-7592-4199-ba7e-8c2223e9b548: start LeaderElection
2019-11-11 04:08:37,106 [9a305e64-7592-4199-ba7e-8c2223e9b548@group-D5F2B638C171-LeaderElection37] INFO  impl.LeaderElection (LeaderElection.java:askForVotes(178)) - 9a305e64-7592-4199-ba7e-8c2223e9b548@group-D5F2B638C171-LeaderElection37: begin an election at term 7 for 0: [9a305e64-7592-4199-ba7e-8c2223e9b548:192.168.34.63:35969, c04805f0-1fdc-4096-9f0e-017639bb4de5:192.168.34.63:44743, f4ab3ec0-fcec-4fb2-8953-e521da90d916:192.168.34.63:41296], old=null
2019-11-11 04:08:37,108 [9a305e64-7592-4199-ba7e-8c2223e9b548@group-D5F2B638C171-LeaderElection37] INFO  impl.LeaderElection (LogUtils.java:infoOrTrace(149)) - 9a305e64-7592-4199-ba7e-8c2223e9b548@group-D5F2B638C171-LeaderElection37 got exception when requesting votes: {}
java.util.concurrent.ExecutionException: org.apache.ratis.thirdparty.io.grpc.StatusRuntimeException: UNAVAILABLE: io exception
	at java.util.concurrent.FutureTask.report(FutureTask.java:122)
	at java.util.concurrent.FutureTask.get(FutureTask.java:192)
	at org.apache.ratis.server.impl.LeaderElection.waitForResults(LeaderElection.java:259)
	at org.apache.ratis.server.impl.LeaderElection.askForVotes(LeaderElection.java:197)
	at org.apache.ratis.server.impl.LeaderElection.run(LeaderElection.java:133)
	at java.lang.Thread.run(Thread.java:748)
Caused by: org.apache.ratis.thirdparty.io.grpc.StatusRuntimeException: UNAVAILABLE: io exception
	at org.apache.ratis.thirdparty.io.grpc.stub.ClientCalls.toStatusRuntimeException(ClientCalls.java:233)
	at org.apache.ratis.thirdparty.io.grpc.stub.ClientCalls.getUnchecked(ClientCalls.java:214)
	at org.apache.ratis.thirdparty.io.grpc.stub.ClientCalls.blockingUnaryCall(ClientCalls.java:139)
	at org.apache.ratis.proto.grpc.RaftServerProtocolServiceGrpc$RaftServerProtocolServiceBlockingStub.requestVote(RaftServerProtocolServiceGrpc.java:265)
	at org.apache.ratis.grpc.server.GrpcServerProtocolClient.requestVote(GrpcServerProtocolClient.java:99)
	at org.apache.ratis.grpc.server.GrpcService.requestVote(GrpcService.java:204)
	at org.apache.ratis.server.impl.LeaderElection.lambda$submitRequests$1(LeaderElection.java:234)
	at java.util.concurrent.FutureTask.run(FutureTask.java:266)
	at java.util.concurrent.Executors$RunnableAdapter.call(Executors.java:511)
	at java.util.concurrent.FutureTask.run(FutureTask.java:266)
	at java.util.concurrent.ThreadPoolExecutor.runWorker(ThreadPoolExecutor.java:1149)
	at java.util.concurrent.ThreadPoolExecutor$Worker.run(ThreadPoolExecutor.java:624)
	... 1 more
Caused by: org.apache.ratis.thirdparty.io.netty.channel.AbstractChannel$AnnotatedConnectException: Connection refused: /192.168.34.63:44743
	at sun.nio.ch.SocketChannelImpl.checkConnect(Native Method)
	at sun.nio.ch.SocketChannelImpl.finishConnect(SocketChannelImpl.java:717)
	at org.apache.ratis.thirdparty.io.netty.channel.socket.nio.NioSocketChannel.doFinishConnect(NioSocketChannel.java:327)
	at org.apache.ratis.thirdparty.io.netty.channel.nio.AbstractNioChannel$AbstractNioUnsafe.finishConnect(AbstractNioChannel.java:340)
	at org.apache.ratis.thirdparty.io.netty.channel.nio.NioEventLoop.processSelectedKey(NioEventLoop.java:632)
	at org.apache.ratis.thirdparty.io.netty.channel.nio.NioEventLoop.processSelectedKeysOptimized(NioEventLoop.java:579)
	at org.apache.ratis.thirdparty.io.netty.channel.nio.NioEventLoop.processSelectedKeys(NioEventLoop.java:496)
	at org.apache.ratis.thirdparty.io.netty.channel.nio.NioEventLoop.run(NioEventLoop.java:458)
	at org.apache.ratis.thirdparty.io.netty.util.concurrent.SingleThreadEventExecutor$5.run(SingleThreadEventExecutor.java:897)
	at org.apache.ratis.thirdparty.io.netty.util.concurrent.FastThreadLocalRunnable.run(FastThreadLocalRunnable.java:30)
	... 1 more
Caused by: java.net.ConnectException: Connection refused
	... 11 more
2019-11-11 04:08:37,109 [9a305e64-7592-4199-ba7e-8c2223e9b548@group-D5F2B638C171-LeaderElection37] INFO  impl.LeaderElection (LogUtils.java:infoOrTrace(149)) - 9a305e64-7592-4199-ba7e-8c2223e9b548@group-D5F2B638C171-LeaderElection37 got exception when requesting votes: {}
java.util.concurrent.ExecutionException: org.apache.ratis.thirdparty.io.grpc.StatusRuntimeException: UNAVAILABLE: io exception
	at java.util.concurrent.FutureTask.report(FutureTask.java:122)
	at java.util.concurrent.FutureTask.get(FutureTask.java:192)
	at org.apache.ratis.server.impl.LeaderElection.waitForResults(LeaderElection.java:259)
	at org.apache.ratis.server.impl.LeaderElection.askForVotes(LeaderElection.java:197)
	at org.apache.ratis.server.impl.LeaderElection.run(LeaderElection.java:133)
	at java.lang.Thread.run(Thread.java:748)
Caused by: org.apache.ratis.thirdparty.io.grpc.StatusRuntimeException: UNAVAILABLE: io exception
	at org.apache.ratis.thirdparty.io.grpc.stub.ClientCalls.toStatusRuntimeException(ClientCalls.java:233)
	at org.apache.ratis.thirdparty.io.grpc.stub.ClientCalls.getUnchecked(ClientCalls.java:214)
	at org.apache.ratis.thirdparty.io.grpc.stub.ClientCalls.blockingUnaryCall(ClientCalls.java:139)
	at org.apache.ratis.proto.grpc.RaftServerProtocolServiceGrpc$RaftServerProtocolServiceBlockingStub.requestVote(RaftServerProtocolServiceGrpc.java:265)
	at org.apache.ratis.grpc.server.GrpcServerProtocolClient.requestVote(GrpcServerProtocolClient.java:99)
	at org.apache.ratis.grpc.server.GrpcService.requestVote(GrpcService.java:204)
	at org.apache.ratis.server.impl.LeaderElection.lambda$submitRequests$1(LeaderElection.java:234)
	at java.util.concurrent.FutureTask.run(FutureTask.java:266)
	at java.util.concurrent.Executors$RunnableAdapter.call(Executors.java:511)
	at java.util.concurrent.FutureTask.run(FutureTask.java:266)
	at java.util.concurrent.ThreadPoolExecutor.runWorker(ThreadPoolExecutor.java:1149)
	at java.util.concurrent.ThreadPoolExecutor$Worker.run(ThreadPoolExecutor.java:624)
	... 1 more
Caused by: org.apache.ratis.thirdparty.io.netty.channel.AbstractChannel$AnnotatedConnectException: Connection refused: /192.168.34.63:41296
	at sun.nio.ch.SocketChannelImpl.checkConnect(Native Method)
	at sun.nio.ch.SocketChannelImpl.finishConnect(SocketChannelImpl.java:717)
	at org.apache.ratis.thirdparty.io.netty.channel.socket.nio.NioSocketChannel.doFinishConnect(NioSocketChannel.java:327)
	at org.apache.ratis.thirdparty.io.netty.channel.nio.AbstractNioChannel$AbstractNioUnsafe.finishConnect(AbstractNioChannel.java:340)
	at org.apache.ratis.thirdparty.io.netty.channel.nio.NioEventLoop.processSelectedKey(NioEventLoop.java:632)
	at org.apache.ratis.thirdparty.io.netty.channel.nio.NioEventLoop.processSelectedKeysOptimized(NioEventLoop.java:579)
	at org.apache.ratis.thirdparty.io.netty.channel.nio.NioEventLoop.processSelectedKeys(NioEventLoop.java:496)
	at org.apache.ratis.thirdparty.io.netty.channel.nio.NioEventLoop.run(NioEventLoop.java:458)
	at org.apache.ratis.thirdparty.io.netty.util.concurrent.SingleThreadEventExecutor$5.run(SingleThreadEventExecutor.java:897)
	at org.apache.ratis.thirdparty.io.netty.util.concurrent.FastThreadLocalRunnable.run(FastThreadLocalRunnable.java:30)
	... 1 more
Caused by: java.net.ConnectException: Connection refused
	... 11 more
2019-11-11 04:08:37,109 [9a305e64-7592-4199-ba7e-8c2223e9b548@group-D5F2B638C171-LeaderElection37] INFO  impl.LeaderElection (LeaderElection.java:logAndReturn(56)) - 9a305e64-7592-4199-ba7e-8c2223e9b548@group-D5F2B638C171-LeaderElection37: Election REJECTED; received 0 response(s) [] and 2 exception(s); 9a305e64-7592-4199-ba7e-8c2223e9b548@group-D5F2B638C171:t7, leader=null, voted=9a305e64-7592-4199-ba7e-8c2223e9b548, raftlog=9a305e64-7592-4199-ba7e-8c2223e9b548@group-D5F2B638C171-SegmentedRaftLog:OPENED:c0,f0,i0, conf=0: [9a305e64-7592-4199-ba7e-8c2223e9b548:192.168.34.63:35969, c04805f0-1fdc-4096-9f0e-017639bb4de5:192.168.34.63:44743, f4ab3ec0-fcec-4fb2-8953-e521da90d916:192.168.34.63:41296], old=null
2019-11-11 04:08:37,110 [9a305e64-7592-4199-ba7e-8c2223e9b548@group-D5F2B638C171-LeaderElection37] INFO  impl.LeaderElection (LogUtils.java:infoOrTrace(149)) -   Exception 0: {}
java.util.concurrent.ExecutionException: org.apache.ratis.thirdparty.io.grpc.StatusRuntimeException: UNAVAILABLE: io exception
	at java.util.concurrent.FutureTask.report(FutureTask.java:122)
	at java.util.concurrent.FutureTask.get(FutureTask.java:192)
	at org.apache.ratis.server.impl.LeaderElection.waitForResults(LeaderElection.java:259)
	at org.apache.ratis.server.impl.LeaderElection.askForVotes(LeaderElection.java:197)
	at org.apache.ratis.server.impl.LeaderElection.run(LeaderElection.java:133)
	at java.lang.Thread.run(Thread.java:748)
Caused by: org.apache.ratis.thirdparty.io.grpc.StatusRuntimeException: UNAVAILABLE: io exception
	at org.apache.ratis.thirdparty.io.grpc.stub.ClientCalls.toStatusRuntimeException(ClientCalls.java:233)
	at org.apache.ratis.thirdparty.io.grpc.stub.ClientCalls.getUnchecked(ClientCalls.java:214)
	at org.apache.ratis.thirdparty.io.grpc.stub.ClientCalls.blockingUnaryCall(ClientCalls.java:139)
	at org.apache.ratis.proto.grpc.RaftServerProtocolServiceGrpc$RaftServerProtocolServiceBlockingStub.requestVote(RaftServerProtocolServiceGrpc.java:265)
	at org.apache.ratis.grpc.server.GrpcServerProtocolClient.requestVote(GrpcServerProtocolClient.java:99)
	at org.apache.ratis.grpc.server.GrpcService.requestVote(GrpcService.java:204)
	at org.apache.ratis.server.impl.LeaderElection.lambda$submitRequests$1(LeaderElection.java:234)
	at java.util.concurrent.FutureTask.run(FutureTask.java:266)
	at java.util.concurrent.Executors$RunnableAdapter.call(Executors.java:511)
	at java.util.concurrent.FutureTask.run(FutureTask.java:266)
	at java.util.concurrent.ThreadPoolExecutor.runWorker(ThreadPoolExecutor.java:1149)
	at java.util.concurrent.ThreadPoolExecutor$Worker.run(ThreadPoolExecutor.java:624)
	... 1 more
Caused by: org.apache.ratis.thirdparty.io.netty.channel.AbstractChannel$AnnotatedConnectException: Connection refused: /192.168.34.63:44743
	at sun.nio.ch.SocketChannelImpl.checkConnect(Native Method)
	at sun.nio.ch.SocketChannelImpl.finishConnect(SocketChannelImpl.java:717)
	at org.apache.ratis.thirdparty.io.netty.channel.socket.nio.NioSocketChannel.doFinishConnect(NioSocketChannel.java:327)
	at org.apache.ratis.thirdparty.io.netty.channel.nio.AbstractNioChannel$AbstractNioUnsafe.finishConnect(AbstractNioChannel.java:340)
	at org.apache.ratis.thirdparty.io.netty.channel.nio.NioEventLoop.processSelectedKey(NioEventLoop.java:632)
	at org.apache.ratis.thirdparty.io.netty.channel.nio.NioEventLoop.processSelectedKeysOptimized(NioEventLoop.java:579)
	at org.apache.ratis.thirdparty.io.netty.channel.nio.NioEventLoop.processSelectedKeys(NioEventLoop.java:496)
	at org.apache.ratis.thirdparty.io.netty.channel.nio.NioEventLoop.run(NioEventLoop.java:458)
	at org.apache.ratis.thirdparty.io.netty.util.concurrent.SingleThreadEventExecutor$5.run(SingleThreadEventExecutor.java:897)
	at org.apache.ratis.thirdparty.io.netty.util.concurrent.FastThreadLocalRunnable.run(FastThreadLocalRunnable.java:30)
	... 1 more
Caused by: java.net.ConnectException: Connection refused
	... 11 more
2019-11-11 04:08:37,110 [9a305e64-7592-4199-ba7e-8c2223e9b548@group-D5F2B638C171-LeaderElection37] INFO  impl.LeaderElection (LogUtils.java:infoOrTrace(149)) -   Exception 1: {}
java.util.concurrent.ExecutionException: org.apache.ratis.thirdparty.io.grpc.StatusRuntimeException: UNAVAILABLE: io exception
	at java.util.concurrent.FutureTask.report(FutureTask.java:122)
	at java.util.concurrent.FutureTask.get(FutureTask.java:192)
	at org.apache.ratis.server.impl.LeaderElection.waitForResults(LeaderElection.java:259)
	at org.apache.ratis.server.impl.LeaderElection.askForVotes(LeaderElection.java:197)
	at org.apache.ratis.server.impl.LeaderElection.run(LeaderElection.java:133)
	at java.lang.Thread.run(Thread.java:748)
Caused by: org.apache.ratis.thirdparty.io.grpc.StatusRuntimeException: UNAVAILABLE: io exception
	at org.apache.ratis.thirdparty.io.grpc.stub.ClientCalls.toStatusRuntimeException(ClientCalls.java:233)
	at org.apache.ratis.thirdparty.io.grpc.stub.ClientCalls.getUnchecked(ClientCalls.java:214)
	at org.apache.ratis.thirdparty.io.grpc.stub.ClientCalls.blockingUnaryCall(ClientCalls.java:139)
	at org.apache.ratis.proto.grpc.RaftServerProtocolServiceGrpc$RaftServerProtocolServiceBlockingStub.requestVote(RaftServerProtocolServiceGrpc.java:265)
	at org.apache.ratis.grpc.server.GrpcServerProtocolClient.requestVote(GrpcServerProtocolClient.java:99)
	at org.apache.ratis.grpc.server.GrpcService.requestVote(GrpcService.java:204)
	at org.apache.ratis.server.impl.LeaderElection.lambda$submitRequests$1(LeaderElection.java:234)
	at java.util.concurrent.FutureTask.run(FutureTask.java:266)
	at java.util.concurrent.Executors$RunnableAdapter.call(Executors.java:511)
	at java.util.concurrent.FutureTask.run(FutureTask.java:266)
	at java.util.concurrent.ThreadPoolExecutor.runWorker(ThreadPoolExecutor.java:1149)
	at java.util.concurrent.ThreadPoolExecutor$Worker.run(ThreadPoolExecutor.java:624)
	... 1 more
Caused by: org.apache.ratis.thirdparty.io.netty.channel.AbstractChannel$AnnotatedConnectException: Connection refused: /192.168.34.63:41296
	at sun.nio.ch.SocketChannelImpl.checkConnect(Native Method)
	at sun.nio.ch.SocketChannelImpl.finishConnect(SocketChannelImpl.java:717)
	at org.apache.ratis.thirdparty.io.netty.channel.socket.nio.NioSocketChannel.doFinishConnect(NioSocketChannel.java:327)
	at org.apache.ratis.thirdparty.io.netty.channel.nio.AbstractNioChannel$AbstractNioUnsafe.finishConnect(AbstractNioChannel.java:340)
	at org.apache.ratis.thirdparty.io.netty.channel.nio.NioEventLoop.processSelectedKey(NioEventLoop.java:632)
	at org.apache.ratis.thirdparty.io.netty.channel.nio.NioEventLoop.processSelectedKeysOptimized(NioEventLoop.java:579)
	at org.apache.ratis.thirdparty.io.netty.channel.nio.NioEventLoop.processSelectedKeys(NioEventLoop.java:496)
	at org.apache.ratis.thirdparty.io.netty.channel.nio.NioEventLoop.run(NioEventLoop.java:458)
	at org.apache.ratis.thirdparty.io.netty.util.concurrent.SingleThreadEventExecutor$5.run(SingleThreadEventExecutor.java:897)
	at org.apache.ratis.thirdparty.io.netty.util.concurrent.FastThreadLocalRunnable.run(FastThreadLocalRunnable.java:30)
	... 1 more
Caused by: java.net.ConnectException: Connection refused
	... 11 more
2019-11-11 04:08:37,110 [9a305e64-7592-4199-ba7e-8c2223e9b548@group-D5F2B638C171-LeaderElection37] INFO  impl.RaftServerImpl (RaftServerImpl.java:setRole(173)) - 9a305e64-7592-4199-ba7e-8c2223e9b548@group-D5F2B638C171: changes role from CANDIDATE to FOLLOWER at term 7 for DISCOVERED_A_NEW_TERM
2019-11-11 04:08:37,110 [9a305e64-7592-4199-ba7e-8c2223e9b548@group-D5F2B638C171-LeaderElection37] INFO  impl.RoleInfo (RoleInfo.java:shutdownLeaderElection(134)) - 9a305e64-7592-4199-ba7e-8c2223e9b548: shutdown LeaderElection
2019-11-11 04:08:37,110 [9a305e64-7592-4199-ba7e-8c2223e9b548@group-D5F2B638C171-LeaderElection37] INFO  impl.RoleInfo (RoleInfo.java:updateAndGet(143)) - 9a305e64-7592-4199-ba7e-8c2223e9b548: start FollowerState
2019-11-11 04:08:37,499 [EventQueue-PipelineActionsForPipelineActionHandler] ERROR pipeline.PipelineActionHandler (PipelineActionHandler.java:onMessage(60)) - Received pipeline action CLOSE for Pipeline[ Id: 31ac6f49-abee-419e-8f26-f4d747e15ff8, Nodes: 61021d77-0677-40a1-98e7-8ba643935ac0{ip: 192.168.34.63, host: trunk-nightly-20191111-g5xpl-2663879777, networkLocation: /default-rack, certSerialId: null}f4ab3ec0-fcec-4fb2-8953-e521da90d916{ip: 192.168.34.63, host: trunk-nightly-20191111-g5xpl-2663879777, networkLocation: /default-rack, certSerialId: null}9a305e64-7592-4199-ba7e-8c2223e9b548{ip: 192.168.34.63, host: trunk-nightly-20191111-g5xpl-2663879777, networkLocation: /default-rack, certSerialId: null}, Type:RATIS, Factor:THREE, State:CLOSED] from datanode 9a305e64-7592-4199-ba7e-8c2223e9b548{ip: 192.168.34.63, host: trunk-nightly-20191111-g5xpl-2663879777, networkLocation: /default-rack, certSerialId: null}. Reason : 9a305e64-7592-4199-ba7e-8c2223e9b548 has not seen follower/s 61021d77-0677-40a1-98e7-8ba643935ac0 for 126055ms
2019-11-11 04:08:37,499 [EventQueue-PipelineActionsForPipelineActionHandler] INFO  pipeline.SCMPipelineManager (SCMPipelineManager.java:finalizeAndDestroyPipeline(315)) - destroying pipeline:Pipeline[ Id: 31ac6f49-abee-419e-8f26-f4d747e15ff8, Nodes: 61021d77-0677-40a1-98e7-8ba643935ac0{ip: 192.168.34.63, host: trunk-nightly-20191111-g5xpl-2663879777, networkLocation: /default-rack, certSerialId: null}f4ab3ec0-fcec-4fb2-8953-e521da90d916{ip: 192.168.34.63, host: trunk-nightly-20191111-g5xpl-2663879777, networkLocation: /default-rack, certSerialId: null}9a305e64-7592-4199-ba7e-8c2223e9b548{ip: 192.168.34.63, host: trunk-nightly-20191111-g5xpl-2663879777, networkLocation: /default-rack, certSerialId: null}, Type:RATIS, Factor:THREE, State:CLOSED]
2019-11-11 04:08:37,537 [grpc-default-executor-8] WARN  server.GrpcLogAppender (LogUtils.java:warn(134)) - 9a305e64-7592-4199-ba7e-8c2223e9b548@group-F4D747E15FF8->f4ab3ec0-fcec-4fb2-8953-e521da90d916-AppendLogResponseHandler: Failed appendEntries: org.apache.ratis.thirdparty.io.grpc.StatusRuntimeException: UNAVAILABLE: io exception
2019-11-11 04:08:37,537 [grpc-default-executor-8] INFO  impl.FollowerInfo (FollowerInfo.java:lambda$new$0(51)) - 9a305e64-7592-4199-ba7e-8c2223e9b548@group-F4D747E15FF8->f4ab3ec0-fcec-4fb2-8953-e521da90d916: nextIndex: updateUnconditionally 0 -> 0
2019-11-11 04:08:37,583 [org.apache.ratis.server.impl.LogAppender$AppenderDaemon$$Lambda$651/545843685@69bcbdd4] ERROR ratis.XceiverServerRatis (XceiverServerRatis.java:triggerPipelineClose(577)) - pipeline Action CLOSE  on pipeline PipelineID=31ac6f49-abee-419e-8f26-f4d747e15ff8.Reason : 9a305e64-7592-4199-ba7e-8c2223e9b548 has not seen follower/s 61021d77-0677-40a1-98e7-8ba643935ac0 for 127057ms
2019-11-11 04:08:37,584 [grpc-default-executor-7] WARN  server.GrpcLogAppender (LogUtils.java:warn(134)) - 9a305e64-7592-4199-ba7e-8c2223e9b548@group-F4D747E15FF8->61021d77-0677-40a1-98e7-8ba643935ac0-AppendLogResponseHandler: Failed appendEntries: org.apache.ratis.thirdparty.io.grpc.StatusRuntimeException: UNAVAILABLE: io exception
2019-11-11 04:08:37,584 [grpc-default-executor-7] INFO  impl.FollowerInfo (FollowerInfo.java:lambda$new$0(51)) - 9a305e64-7592-4199-ba7e-8c2223e9b548@group-F4D747E15FF8->61021d77-0677-40a1-98e7-8ba643935ac0: nextIndex: updateUnconditionally 0 -> 0
2019-11-11 04:08:37,820 [Thread-1122] INFO  impl.FollowerState (FollowerState.java:run(111)) - 9a305e64-7592-4199-ba7e-8c2223e9b548@group-A10C889AEEC0-FollowerState: change to CANDIDATE, lastRpcTime:1048ms, electionTimeout:1048ms
2019-11-11 04:08:37,820 [Thread-1122] INFO  impl.RoleInfo (RoleInfo.java:shutdownFollowerState(121)) - 9a305e64-7592-4199-ba7e-8c2223e9b548: shutdown FollowerState
2019-11-11 04:08:37,820 [Thread-1122] INFO  impl.RaftServerImpl (RaftServerImpl.java:setRole(173)) - 9a305e64-7592-4199-ba7e-8c2223e9b548@group-A10C889AEEC0: changes role from  FOLLOWER to CANDIDATE at term 6 for changeToCandidate
2019-11-11 04:08:37,821 [Thread-1122] INFO  impl.RoleInfo (RoleInfo.java:updateAndGet(143)) - 9a305e64-7592-4199-ba7e-8c2223e9b548: start LeaderElection
2019-11-11 04:08:37,837 [9a305e64-7592-4199-ba7e-8c2223e9b548@group-A10C889AEEC0-LeaderElection38] INFO  impl.LeaderElection (LeaderElection.java:askForVotes(178)) - 9a305e64-7592-4199-ba7e-8c2223e9b548@group-A10C889AEEC0-LeaderElection38: begin an election at term 7 for 0: [9a305e64-7592-4199-ba7e-8c2223e9b548:192.168.34.63:35969, c04805f0-1fdc-4096-9f0e-017639bb4de5:192.168.34.63:44743, f4ab3ec0-fcec-4fb2-8953-e521da90d916:192.168.34.63:41296], old=null
2019-11-11 04:08:37,838 [9a305e64-7592-4199-ba7e-8c2223e9b548@group-A10C889AEEC0-LeaderElection38] INFO  impl.LeaderElection (LogUtils.java:infoOrTrace(149)) - 9a305e64-7592-4199-ba7e-8c2223e9b548@group-A10C889AEEC0-LeaderElection38 got exception when requesting votes: {}
java.util.concurrent.ExecutionException: org.apache.ratis.thirdparty.io.grpc.StatusRuntimeException: UNAVAILABLE: io exception
	at java.util.concurrent.FutureTask.report(FutureTask.java:122)
	at java.util.concurrent.FutureTask.get(FutureTask.java:192)
	at org.apache.ratis.server.impl.LeaderElection.waitForResults(LeaderElection.java:259)
	at org.apache.ratis.server.impl.LeaderElection.askForVotes(LeaderElection.java:197)
	at org.apache.ratis.server.impl.LeaderElection.run(LeaderElection.java:133)
	at java.lang.Thread.run(Thread.java:748)
Caused by: org.apache.ratis.thirdparty.io.grpc.StatusRuntimeException: UNAVAILABLE: io exception
	at org.apache.ratis.thirdparty.io.grpc.stub.ClientCalls.toStatusRuntimeException(ClientCalls.java:233)
	at org.apache.ratis.thirdparty.io.grpc.stub.ClientCalls.getUnchecked(ClientCalls.java:214)
	at org.apache.ratis.thirdparty.io.grpc.stub.ClientCalls.blockingUnaryCall(ClientCalls.java:139)
	at org.apache.ratis.proto.grpc.RaftServerProtocolServiceGrpc$RaftServerProtocolServiceBlockingStub.requestVote(RaftServerProtocolServiceGrpc.java:265)
	at org.apache.ratis.grpc.server.GrpcServerProtocolClient.requestVote(GrpcServerProtocolClient.java:99)
	at org.apache.ratis.grpc.server.GrpcService.requestVote(GrpcService.java:204)
	at org.apache.ratis.server.impl.LeaderElection.lambda$submitRequests$1(LeaderElection.java:234)
	at java.util.concurrent.FutureTask.run(FutureTask.java:266)
	at java.util.concurrent.Executors$RunnableAdapter.call(Executors.java:511)
	at java.util.concurrent.FutureTask.run(FutureTask.java:266)
	at java.util.concurrent.ThreadPoolExecutor.runWorker(ThreadPoolExecutor.java:1149)
	at java.util.concurrent.ThreadPoolExecutor$Worker.run(ThreadPoolExecutor.java:624)
	... 1 more
Caused by: org.apache.ratis.thirdparty.io.netty.channel.AbstractChannel$AnnotatedConnectException: Connection refused: /192.168.34.63:44743
	at sun.nio.ch.SocketChannelImpl.checkConnect(Native Method)
	at sun.nio.ch.SocketChannelImpl.finishConnect(SocketChannelImpl.java:717)
	at org.apache.ratis.thirdparty.io.netty.channel.socket.nio.NioSocketChannel.doFinishConnect(NioSocketChannel.java:327)
	at org.apache.ratis.thirdparty.io.netty.channel.nio.AbstractNioChannel$AbstractNioUnsafe.finishConnect(AbstractNioChannel.java:340)
	at org.apache.ratis.thirdparty.io.netty.channel.nio.NioEventLoop.processSelectedKey(NioEventLoop.java:632)
	at org.apache.ratis.thirdparty.io.netty.channel.nio.NioEventLoop.processSelectedKeysOptimized(NioEventLoop.java:579)
	at org.apache.ratis.thirdparty.io.netty.channel.nio.NioEventLoop.processSelectedKeys(NioEventLoop.java:496)
	at org.apache.ratis.thirdparty.io.netty.channel.nio.NioEventLoop.run(NioEventLoop.java:458)
	at org.apache.ratis.thirdparty.io.netty.util.concurrent.SingleThreadEventExecutor$5.run(SingleThreadEventExecutor.java:897)
	at org.apache.ratis.thirdparty.io.netty.util.concurrent.FastThreadLocalRunnable.run(FastThreadLocalRunnable.java:30)
	... 1 more
Caused by: java.net.ConnectException: Connection refused
	... 11 more
2019-11-11 04:08:37,839 [9a305e64-7592-4199-ba7e-8c2223e9b548@group-A10C889AEEC0-LeaderElection38] INFO  impl.LeaderElection (LogUtils.java:infoOrTrace(149)) - 9a305e64-7592-4199-ba7e-8c2223e9b548@group-A10C889AEEC0-LeaderElection38 got exception when requesting votes: {}
java.util.concurrent.ExecutionException: org.apache.ratis.thirdparty.io.grpc.StatusRuntimeException: UNAVAILABLE: io exception
	at java.util.concurrent.FutureTask.report(FutureTask.java:122)
	at java.util.concurrent.FutureTask.get(FutureTask.java:192)
	at org.apache.ratis.server.impl.LeaderElection.waitForResults(LeaderElection.java:259)
	at org.apache.ratis.server.impl.LeaderElection.askForVotes(LeaderElection.java:197)
	at org.apache.ratis.server.impl.LeaderElection.run(LeaderElection.java:133)
	at java.lang.Thread.run(Thread.java:748)
Caused by: org.apache.ratis.thirdparty.io.grpc.StatusRuntimeException: UNAVAILABLE: io exception
	at org.apache.ratis.thirdparty.io.grpc.stub.ClientCalls.toStatusRuntimeException(ClientCalls.java:233)
	at org.apache.ratis.thirdparty.io.grpc.stub.ClientCalls.getUnchecked(ClientCalls.java:214)
	at org.apache.ratis.thirdparty.io.grpc.stub.ClientCalls.blockingUnaryCall(ClientCalls.java:139)
	at org.apache.ratis.proto.grpc.RaftServerProtocolServiceGrpc$RaftServerProtocolServiceBlockingStub.requestVote(RaftServerProtocolServiceGrpc.java:265)
	at org.apache.ratis.grpc.server.GrpcServerProtocolClient.requestVote(GrpcServerProtocolClient.java:99)
	at org.apache.ratis.grpc.server.GrpcService.requestVote(GrpcService.java:204)
	at org.apache.ratis.server.impl.LeaderElection.lambda$submitRequests$1(LeaderElection.java:234)
	at java.util.concurrent.FutureTask.run(FutureTask.java:266)
	at java.util.concurrent.Executors$RunnableAdapter.call(Executors.java:511)
	at java.util.concurrent.FutureTask.run(FutureTask.java:266)
	at java.util.concurrent.ThreadPoolExecutor.runWorker(ThreadPoolExecutor.java:1149)
	at java.util.concurrent.ThreadPoolExecutor$Worker.run(ThreadPoolExecutor.java:624)
	... 1 more
Caused by: org.apache.ratis.thirdparty.io.netty.channel.AbstractChannel$AnnotatedConnectException: Connection refused: /192.168.34.63:41296
	at sun.nio.ch.SocketChannelImpl.checkConnect(Native Method)
	at sun.nio.ch.SocketChannelImpl.finishConnect(SocketChannelImpl.java:717)
	at org.apache.ratis.thirdparty.io.netty.channel.socket.nio.NioSocketChannel.doFinishConnect(NioSocketChannel.java:327)
	at org.apache.ratis.thirdparty.io.netty.channel.nio.AbstractNioChannel$AbstractNioUnsafe.finishConnect(AbstractNioChannel.java:340)
	at org.apache.ratis.thirdparty.io.netty.channel.nio.NioEventLoop.processSelectedKey(NioEventLoop.java:632)
	at org.apache.ratis.thirdparty.io.netty.channel.nio.NioEventLoop.processSelectedKeysOptimized(NioEventLoop.java:579)
	at org.apache.ratis.thirdparty.io.netty.channel.nio.NioEventLoop.processSelectedKeys(NioEventLoop.java:496)
	at org.apache.ratis.thirdparty.io.netty.channel.nio.NioEventLoop.run(NioEventLoop.java:458)
	at org.apache.ratis.thirdparty.io.netty.util.concurrent.SingleThreadEventExecutor$5.run(SingleThreadEventExecutor.java:897)
	at org.apache.ratis.thirdparty.io.netty.util.concurrent.FastThreadLocalRunnable.run(FastThreadLocalRunnable.java:30)
	... 1 more
Caused by: java.net.ConnectException: Connection refused
	... 11 more
2019-11-11 04:08:37,840 [9a305e64-7592-4199-ba7e-8c2223e9b548@group-A10C889AEEC0-LeaderElection38] INFO  impl.LeaderElection (LeaderElection.java:logAndReturn(56)) - 9a305e64-7592-4199-ba7e-8c2223e9b548@group-A10C889AEEC0-LeaderElection38: Election REJECTED; received 0 response(s) [] and 2 exception(s); 9a305e64-7592-4199-ba7e-8c2223e9b548@group-A10C889AEEC0:t7, leader=null, voted=9a305e64-7592-4199-ba7e-8c2223e9b548, raftlog=9a305e64-7592-4199-ba7e-8c2223e9b548@group-A10C889AEEC0-SegmentedRaftLog:OPENED:c0,f0,i0, conf=0: [9a305e64-7592-4199-ba7e-8c2223e9b548:192.168.34.63:35969, c04805f0-1fdc-4096-9f0e-017639bb4de5:192.168.34.63:44743, f4ab3ec0-fcec-4fb2-8953-e521da90d916:192.168.34.63:41296], old=null
2019-11-11 04:08:37,840 [9a305e64-7592-4199-ba7e-8c2223e9b548@group-A10C889AEEC0-LeaderElection38] INFO  impl.LeaderElection (LogUtils.java:infoOrTrace(149)) -   Exception 0: {}
java.util.concurrent.ExecutionException: org.apache.ratis.thirdparty.io.grpc.StatusRuntimeException: UNAVAILABLE: io exception
	at java.util.concurrent.FutureTask.report(FutureTask.java:122)
	at java.util.concurrent.FutureTask.get(FutureTask.java:192)
	at org.apache.ratis.server.impl.LeaderElection.waitForResults(LeaderElection.java:259)
	at org.apache.ratis.server.impl.LeaderElection.askForVotes(LeaderElection.java:197)
	at org.apache.ratis.server.impl.LeaderElection.run(LeaderElection.java:133)
	at java.lang.Thread.run(Thread.java:748)
Caused by: org.apache.ratis.thirdparty.io.grpc.StatusRuntimeException: UNAVAILABLE: io exception
	at org.apache.ratis.thirdparty.io.grpc.stub.ClientCalls.toStatusRuntimeException(ClientCalls.java:233)
	at org.apache.ratis.thirdparty.io.grpc.stub.ClientCalls.getUnchecked(ClientCalls.java:214)
	at org.apache.ratis.thirdparty.io.grpc.stub.ClientCalls.blockingUnaryCall(ClientCalls.java:139)
	at org.apache.ratis.proto.grpc.RaftServerProtocolServiceGrpc$RaftServerProtocolServiceBlockingStub.requestVote(RaftServerProtocolServiceGrpc.java:265)
	at org.apache.ratis.grpc.server.GrpcServerProtocolClient.requestVote(GrpcServerProtocolClient.java:99)
	at org.apache.ratis.grpc.server.GrpcService.requestVote(GrpcService.java:204)
	at org.apache.ratis.server.impl.LeaderElection.lambda$submitRequests$1(LeaderElection.java:234)
	at java.util.concurrent.FutureTask.run(FutureTask.java:266)
	at java.util.concurrent.Executors$RunnableAdapter.call(Executors.java:511)
	at java.util.concurrent.FutureTask.run(FutureTask.java:266)
	at java.util.concurrent.ThreadPoolExecutor.runWorker(ThreadPoolExecutor.java:1149)
	at java.util.concurrent.ThreadPoolExecutor$Worker.run(ThreadPoolExecutor.java:624)
	... 1 more
Caused by: org.apache.ratis.thirdparty.io.netty.channel.AbstractChannel$AnnotatedConnectException: Connection refused: /192.168.34.63:44743
	at sun.nio.ch.SocketChannelImpl.checkConnect(Native Method)
	at sun.nio.ch.SocketChannelImpl.finishConnect(SocketChannelImpl.java:717)
	at org.apache.ratis.thirdparty.io.netty.channel.socket.nio.NioSocketChannel.doFinishConnect(NioSocketChannel.java:327)
	at org.apache.ratis.thirdparty.io.netty.channel.nio.AbstractNioChannel$AbstractNioUnsafe.finishConnect(AbstractNioChannel.java:340)
	at org.apache.ratis.thirdparty.io.netty.channel.nio.NioEventLoop.processSelectedKey(NioEventLoop.java:632)
	at org.apache.ratis.thirdparty.io.netty.channel.nio.NioEventLoop.processSelectedKeysOptimized(NioEventLoop.java:579)
	at org.apache.ratis.thirdparty.io.netty.channel.nio.NioEventLoop.processSelectedKeys(NioEventLoop.java:496)
	at org.apache.ratis.thirdparty.io.netty.channel.nio.NioEventLoop.run(NioEventLoop.java:458)
	at org.apache.ratis.thirdparty.io.netty.util.concurrent.SingleThreadEventExecutor$5.run(SingleThreadEventExecutor.java:897)
	at org.apache.ratis.thirdparty.io.netty.util.concurrent.FastThreadLocalRunnable.run(FastThreadLocalRunnable.java:30)
	... 1 more
Caused by: java.net.ConnectException: Connection refused
	... 11 more
2019-11-11 04:08:37,840 [9a305e64-7592-4199-ba7e-8c2223e9b548@group-A10C889AEEC0-LeaderElection38] INFO  impl.LeaderElection (LogUtils.java:infoOrTrace(149)) -   Exception 1: {}
java.util.concurrent.ExecutionException: org.apache.ratis.thirdparty.io.grpc.StatusRuntimeException: UNAVAILABLE: io exception
	at java.util.concurrent.FutureTask.report(FutureTask.java:122)
	at java.util.concurrent.FutureTask.get(FutureTask.java:192)
	at org.apache.ratis.server.impl.LeaderElection.waitForResults(LeaderElection.java:259)
	at org.apache.ratis.server.impl.LeaderElection.askForVotes(LeaderElection.java:197)
	at org.apache.ratis.server.impl.LeaderElection.run(LeaderElection.java:133)
	at java.lang.Thread.run(Thread.java:748)
Caused by: org.apache.ratis.thirdparty.io.grpc.StatusRuntimeException: UNAVAILABLE: io exception
	at org.apache.ratis.thirdparty.io.grpc.stub.ClientCalls.toStatusRuntimeException(ClientCalls.java:233)
	at org.apache.ratis.thirdparty.io.grpc.stub.ClientCalls.getUnchecked(ClientCalls.java:214)
	at org.apache.ratis.thirdparty.io.grpc.stub.ClientCalls.blockingUnaryCall(ClientCalls.java:139)
	at org.apache.ratis.proto.grpc.RaftServerProtocolServiceGrpc$RaftServerProtocolServiceBlockingStub.requestVote(RaftServerProtocolServiceGrpc.java:265)
	at org.apache.ratis.grpc.server.GrpcServerProtocolClient.requestVote(GrpcServerProtocolClient.java:99)
	at org.apache.ratis.grpc.server.GrpcService.requestVote(GrpcService.java:204)
	at org.apache.ratis.server.impl.LeaderElection.lambda$submitRequests$1(LeaderElection.java:234)
	at java.util.concurrent.FutureTask.run(FutureTask.java:266)
	at java.util.concurrent.Executors$RunnableAdapter.call(Executors.java:511)
	at java.util.concurrent.FutureTask.run(FutureTask.java:266)
	at java.util.concurrent.ThreadPoolExecutor.runWorker(ThreadPoolExecutor.java:1149)
	at java.util.concurrent.ThreadPoolExecutor$Worker.run(ThreadPoolExecutor.java:624)
	... 1 more
Caused by: org.apache.ratis.thirdparty.io.netty.channel.AbstractChannel$AnnotatedConnectException: Connection refused: /192.168.34.63:41296
	at sun.nio.ch.SocketChannelImpl.checkConnect(Native Method)
	at sun.nio.ch.SocketChannelImpl.finishConnect(SocketChannelImpl.java:717)
	at org.apache.ratis.thirdparty.io.netty.channel.socket.nio.NioSocketChannel.doFinishConnect(NioSocketChannel.java:327)
	at org.apache.ratis.thirdparty.io.netty.channel.nio.AbstractNioChannel$AbstractNioUnsafe.finishConnect(AbstractNioChannel.java:340)
	at org.apache.ratis.thirdparty.io.netty.channel.nio.NioEventLoop.processSelectedKey(NioEventLoop.java:632)
	at org.apache.ratis.thirdparty.io.netty.channel.nio.NioEventLoop.processSelectedKeysOptimized(NioEventLoop.java:579)
	at org.apache.ratis.thirdparty.io.netty.channel.nio.NioEventLoop.processSelectedKeys(NioEventLoop.java:496)
	at org.apache.ratis.thirdparty.io.netty.channel.nio.NioEventLoop.run(NioEventLoop.java:458)
	at org.apache.ratis.thirdparty.io.netty.util.concurrent.SingleThreadEventExecutor$5.run(SingleThreadEventExecutor.java:897)
	at org.apache.ratis.thirdparty.io.netty.util.concurrent.FastThreadLocalRunnable.run(FastThreadLocalRunnable.java:30)
	... 1 more
Caused by: java.net.ConnectException: Connection refused
	... 11 more
2019-11-11 04:08:37,840 [9a305e64-7592-4199-ba7e-8c2223e9b548@group-A10C889AEEC0-LeaderElection38] INFO  impl.RaftServerImpl (RaftServerImpl.java:setRole(173)) - 9a305e64-7592-4199-ba7e-8c2223e9b548@group-A10C889AEEC0: changes role from CANDIDATE to FOLLOWER at term 7 for DISCOVERED_A_NEW_TERM
2019-11-11 04:08:37,840 [9a305e64-7592-4199-ba7e-8c2223e9b548@group-A10C889AEEC0-LeaderElection38] INFO  impl.RoleInfo (RoleInfo.java:shutdownLeaderElection(134)) - 9a305e64-7592-4199-ba7e-8c2223e9b548: shutdown LeaderElection
2019-11-11 04:08:37,840 [9a305e64-7592-4199-ba7e-8c2223e9b548@group-A10C889AEEC0-LeaderElection38] INFO  impl.RoleInfo (RoleInfo.java:updateAndGet(143)) - 9a305e64-7592-4199-ba7e-8c2223e9b548: start FollowerState
2019-11-11 04:08:38,037 [grpc-default-executor-7] WARN  server.GrpcLogAppender (LogUtils.java:warn(134)) - 9a305e64-7592-4199-ba7e-8c2223e9b548@group-F4D747E15FF8->f4ab3ec0-fcec-4fb2-8953-e521da90d916-AppendLogResponseHandler: Failed appendEntries: org.apache.ratis.thirdparty.io.grpc.StatusRuntimeException: UNAVAILABLE: io exception
2019-11-11 04:08:38,038 [grpc-default-executor-7] INFO  impl.FollowerInfo (FollowerInfo.java:lambda$new$0(51)) - 9a305e64-7592-4199-ba7e-8c2223e9b548@group-F4D747E15FF8->f4ab3ec0-fcec-4fb2-8953-e521da90d916: nextIndex: updateUnconditionally 0 -> 0
2019-11-11 04:08:38,084 [org.apache.ratis.server.impl.LogAppender$AppenderDaemon$$Lambda$651/545843685@69bcbdd4] ERROR ratis.XceiverServerRatis (XceiverServerRatis.java:triggerPipelineClose(577)) - pipeline Action CLOSE  on pipeline PipelineID=31ac6f49-abee-419e-8f26-f4d747e15ff8.Reason : 9a305e64-7592-4199-ba7e-8c2223e9b548 has not seen follower/s 61021d77-0677-40a1-98e7-8ba643935ac0 for 127558ms
2019-11-11 04:08:38,085 [grpc-default-executor-7] WARN  server.GrpcLogAppender (LogUtils.java:warn(134)) - 9a305e64-7592-4199-ba7e-8c2223e9b548@group-F4D747E15FF8->61021d77-0677-40a1-98e7-8ba643935ac0-AppendLogResponseHandler: Failed appendEntries: org.apache.ratis.thirdparty.io.grpc.StatusRuntimeException: UNAVAILABLE: io exception
2019-11-11 04:08:38,086 [grpc-default-executor-7] INFO  impl.FollowerInfo (FollowerInfo.java:lambda$new$0(51)) - 9a305e64-7592-4199-ba7e-8c2223e9b548@group-F4D747E15FF8->61021d77-0677-40a1-98e7-8ba643935ac0: nextIndex: updateUnconditionally 0 -> 0
2019-11-11 04:08:38,224 [Thread-1126] INFO  impl.FollowerState (FollowerState.java:run(111)) - 9a305e64-7592-4199-ba7e-8c2223e9b548@group-D5F2B638C171-FollowerState: change to CANDIDATE, lastRpcTime:1113ms, electionTimeout:1113ms
2019-11-11 04:08:38,224 [Thread-1126] INFO  impl.RoleInfo (RoleInfo.java:shutdownFollowerState(121)) - 9a305e64-7592-4199-ba7e-8c2223e9b548: shutdown FollowerState
2019-11-11 04:08:38,224 [Thread-1126] INFO  impl.RaftServerImpl (RaftServerImpl.java:setRole(173)) - 9a305e64-7592-4199-ba7e-8c2223e9b548@group-D5F2B638C171: changes role from  FOLLOWER to CANDIDATE at term 7 for changeToCandidate
2019-11-11 04:08:38,224 [Thread-1126] INFO  impl.RoleInfo (RoleInfo.java:updateAndGet(143)) - 9a305e64-7592-4199-ba7e-8c2223e9b548: start LeaderElection
2019-11-11 04:08:38,240 [9a305e64-7592-4199-ba7e-8c2223e9b548@group-D5F2B638C171-LeaderElection39] INFO  impl.LeaderElection (LeaderElection.java:askForVotes(178)) - 9a305e64-7592-4199-ba7e-8c2223e9b548@group-D5F2B638C171-LeaderElection39: begin an election at term 8 for 0: [9a305e64-7592-4199-ba7e-8c2223e9b548:192.168.34.63:35969, c04805f0-1fdc-4096-9f0e-017639bb4de5:192.168.34.63:44743, f4ab3ec0-fcec-4fb2-8953-e521da90d916:192.168.34.63:41296], old=null
2019-11-11 04:08:38,241 [9a305e64-7592-4199-ba7e-8c2223e9b548@group-D5F2B638C171-LeaderElection39] INFO  impl.LeaderElection (LogUtils.java:infoOrTrace(149)) - 9a305e64-7592-4199-ba7e-8c2223e9b548@group-D5F2B638C171-LeaderElection39 got exception when requesting votes: {}
java.util.concurrent.ExecutionException: org.apache.ratis.thirdparty.io.grpc.StatusRuntimeException: UNAVAILABLE: io exception
	at java.util.concurrent.FutureTask.report(FutureTask.java:122)
	at java.util.concurrent.FutureTask.get(FutureTask.java:192)
	at org.apache.ratis.server.impl.LeaderElection.waitForResults(LeaderElection.java:259)
	at org.apache.ratis.server.impl.LeaderElection.askForVotes(LeaderElection.java:197)
	at org.apache.ratis.server.impl.LeaderElection.run(LeaderElection.java:133)
	at java.lang.Thread.run(Thread.java:748)
Caused by: org.apache.ratis.thirdparty.io.grpc.StatusRuntimeException: UNAVAILABLE: io exception
	at org.apache.ratis.thirdparty.io.grpc.stub.ClientCalls.toStatusRuntimeException(ClientCalls.java:233)
	at org.apache.ratis.thirdparty.io.grpc.stub.ClientCalls.getUnchecked(ClientCalls.java:214)
	at org.apache.ratis.thirdparty.io.grpc.stub.ClientCalls.blockingUnaryCall(ClientCalls.java:139)
	at org.apache.ratis.proto.grpc.RaftServerProtocolServiceGrpc$RaftServerProtocolServiceBlockingStub.requestVote(RaftServerProtocolServiceGrpc.java:265)
	at org.apache.ratis.grpc.server.GrpcServerProtocolClient.requestVote(GrpcServerProtocolClient.java:99)
	at org.apache.ratis.grpc.server.GrpcService.requestVote(GrpcService.java:204)
	at org.apache.ratis.server.impl.LeaderElection.lambda$submitRequests$1(LeaderElection.java:234)
	at java.util.concurrent.FutureTask.run(FutureTask.java:266)
	at java.util.concurrent.Executors$RunnableAdapter.call(Executors.java:511)
	at java.util.concurrent.FutureTask.run(FutureTask.java:266)
	at java.util.concurrent.ThreadPoolExecutor.runWorker(ThreadPoolExecutor.java:1149)
	at java.util.concurrent.ThreadPoolExecutor$Worker.run(ThreadPoolExecutor.java:624)
	... 1 more
Caused by: org.apache.ratis.thirdparty.io.netty.channel.AbstractChannel$AnnotatedConnectException: Connection refused: /192.168.34.63:44743
	at sun.nio.ch.SocketChannelImpl.checkConnect(Native Method)
	at sun.nio.ch.SocketChannelImpl.finishConnect(SocketChannelImpl.java:717)
	at org.apache.ratis.thirdparty.io.netty.channel.socket.nio.NioSocketChannel.doFinishConnect(NioSocketChannel.java:327)
	at org.apache.ratis.thirdparty.io.netty.channel.nio.AbstractNioChannel$AbstractNioUnsafe.finishConnect(AbstractNioChannel.java:340)
	at org.apache.ratis.thirdparty.io.netty.channel.nio.NioEventLoop.processSelectedKey(NioEventLoop.java:632)
	at org.apache.ratis.thirdparty.io.netty.channel.nio.NioEventLoop.processSelectedKeysOptimized(NioEventLoop.java:579)
	at org.apache.ratis.thirdparty.io.netty.channel.nio.NioEventLoop.processSelectedKeys(NioEventLoop.java:496)
	at org.apache.ratis.thirdparty.io.netty.channel.nio.NioEventLoop.run(NioEventLoop.java:458)
	at org.apache.ratis.thirdparty.io.netty.util.concurrent.SingleThreadEventExecutor$5.run(SingleThreadEventExecutor.java:897)
	at org.apache.ratis.thirdparty.io.netty.util.concurrent.FastThreadLocalRunnable.run(FastThreadLocalRunnable.java:30)
	... 1 more
Caused by: java.net.ConnectException: Connection refused
	... 11 more
2019-11-11 04:08:38,242 [9a305e64-7592-4199-ba7e-8c2223e9b548@group-D5F2B638C171-LeaderElection39] INFO  impl.LeaderElection (LogUtils.java:infoOrTrace(149)) - 9a305e64-7592-4199-ba7e-8c2223e9b548@group-D5F2B638C171-LeaderElection39 got exception when requesting votes: {}
java.util.concurrent.ExecutionException: org.apache.ratis.thirdparty.io.grpc.StatusRuntimeException: UNAVAILABLE: io exception
	at java.util.concurrent.FutureTask.report(FutureTask.java:122)
	at java.util.concurrent.FutureTask.get(FutureTask.java:192)
	at org.apache.ratis.server.impl.LeaderElection.waitForResults(LeaderElection.java:259)
	at org.apache.ratis.server.impl.LeaderElection.askForVotes(LeaderElection.java:197)
	at org.apache.ratis.server.impl.LeaderElection.run(LeaderElection.java:133)
	at java.lang.Thread.run(Thread.java:748)
Caused by: org.apache.ratis.thirdparty.io.grpc.StatusRuntimeException: UNAVAILABLE: io exception
	at org.apache.ratis.thirdparty.io.grpc.stub.ClientCalls.toStatusRuntimeException(ClientCalls.java:233)
	at org.apache.ratis.thirdparty.io.grpc.stub.ClientCalls.getUnchecked(ClientCalls.java:214)
	at org.apache.ratis.thirdparty.io.grpc.stub.ClientCalls.blockingUnaryCall(ClientCalls.java:139)
	at org.apache.ratis.proto.grpc.RaftServerProtocolServiceGrpc$RaftServerProtocolServiceBlockingStub.requestVote(RaftServerProtocolServiceGrpc.java:265)
	at org.apache.ratis.grpc.server.GrpcServerProtocolClient.requestVote(GrpcServerProtocolClient.java:99)
	at org.apache.ratis.grpc.server.GrpcService.requestVote(GrpcService.java:204)
	at org.apache.ratis.server.impl.LeaderElection.lambda$submitRequests$1(LeaderElection.java:234)
	at java.util.concurrent.FutureTask.run(FutureTask.java:266)
	at java.util.concurrent.Executors$RunnableAdapter.call(Executors.java:511)
	at java.util.concurrent.FutureTask.run(FutureTask.java:266)
	at java.util.concurrent.ThreadPoolExecutor.runWorker(ThreadPoolExecutor.java:1149)
	at java.util.concurrent.ThreadPoolExecutor$Worker.run(ThreadPoolExecutor.java:624)
	... 1 more
Caused by: org.apache.ratis.thirdparty.io.netty.channel.AbstractChannel$AnnotatedConnectException: Connection refused: /192.168.34.63:41296
	at sun.nio.ch.SocketChannelImpl.checkConnect(Native Method)
	at sun.nio.ch.SocketChannelImpl.finishConnect(SocketChannelImpl.java:717)
	at org.apache.ratis.thirdparty.io.netty.channel.socket.nio.NioSocketChannel.doFinishConnect(NioSocketChannel.java:327)
	at org.apache.ratis.thirdparty.io.netty.channel.nio.AbstractNioChannel$AbstractNioUnsafe.finishConnect(AbstractNioChannel.java:340)
	at org.apache.ratis.thirdparty.io.netty.channel.nio.NioEventLoop.processSelectedKey(NioEventLoop.java:632)
	at org.apache.ratis.thirdparty.io.netty.channel.nio.NioEventLoop.processSelectedKeysOptimized(NioEventLoop.java:579)
	at org.apache.ratis.thirdparty.io.netty.channel.nio.NioEventLoop.processSelectedKeys(NioEventLoop.java:496)
	at org.apache.ratis.thirdparty.io.netty.channel.nio.NioEventLoop.run(NioEventLoop.java:458)
	at org.apache.ratis.thirdparty.io.netty.util.concurrent.SingleThreadEventExecutor$5.run(SingleThreadEventExecutor.java:897)
	at org.apache.ratis.thirdparty.io.netty.util.concurrent.FastThreadLocalRunnable.run(FastThreadLocalRunnable.java:30)
	... 1 more
Caused by: java.net.ConnectException: Connection refused
	... 11 more
2019-11-11 04:08:38,243 [9a305e64-7592-4199-ba7e-8c2223e9b548@group-D5F2B638C171-LeaderElection39] INFO  impl.LeaderElection (LeaderElection.java:logAndReturn(56)) - 9a305e64-7592-4199-ba7e-8c2223e9b548@group-D5F2B638C171-LeaderElection39: Election REJECTED; received 0 response(s) [] and 2 exception(s); 9a305e64-7592-4199-ba7e-8c2223e9b548@group-D5F2B638C171:t8, leader=null, voted=9a305e64-7592-4199-ba7e-8c2223e9b548, raftlog=9a305e64-7592-4199-ba7e-8c2223e9b548@group-D5F2B638C171-SegmentedRaftLog:OPENED:c0,f0,i0, conf=0: [9a305e64-7592-4199-ba7e-8c2223e9b548:192.168.34.63:35969, c04805f0-1fdc-4096-9f0e-017639bb4de5:192.168.34.63:44743, f4ab3ec0-fcec-4fb2-8953-e521da90d916:192.168.34.63:41296], old=null
2019-11-11 04:08:38,243 [9a305e64-7592-4199-ba7e-8c2223e9b548@group-D5F2B638C171-LeaderElection39] INFO  impl.LeaderElection (LogUtils.java:infoOrTrace(149)) -   Exception 0: {}
java.util.concurrent.ExecutionException: org.apache.ratis.thirdparty.io.grpc.StatusRuntimeException: UNAVAILABLE: io exception
	at java.util.concurrent.FutureTask.report(FutureTask.java:122)
	at java.util.concurrent.FutureTask.get(FutureTask.java:192)
	at org.apache.ratis.server.impl.LeaderElection.waitForResults(LeaderElection.java:259)
	at org.apache.ratis.server.impl.LeaderElection.askForVotes(LeaderElection.java:197)
	at org.apache.ratis.server.impl.LeaderElection.run(LeaderElection.java:133)
	at java.lang.Thread.run(Thread.java:748)
Caused by: org.apache.ratis.thirdparty.io.grpc.StatusRuntimeException: UNAVAILABLE: io exception
	at org.apache.ratis.thirdparty.io.grpc.stub.ClientCalls.toStatusRuntimeException(ClientCalls.java:233)
	at org.apache.ratis.thirdparty.io.grpc.stub.ClientCalls.getUnchecked(ClientCalls.java:214)
	at org.apache.ratis.thirdparty.io.grpc.stub.ClientCalls.blockingUnaryCall(ClientCalls.java:139)
	at org.apache.ratis.proto.grpc.RaftServerProtocolServiceGrpc$RaftServerProtocolServiceBlockingStub.requestVote(RaftServerProtocolServiceGrpc.java:265)
	at org.apache.ratis.grpc.server.GrpcServerProtocolClient.requestVote(GrpcServerProtocolClient.java:99)
	at org.apache.ratis.grpc.server.GrpcService.requestVote(GrpcService.java:204)
	at org.apache.ratis.server.impl.LeaderElection.lambda$submitRequests$1(LeaderElection.java:234)
	at java.util.concurrent.FutureTask.run(FutureTask.java:266)
	at java.util.concurrent.Executors$RunnableAdapter.call(Executors.java:511)
	at java.util.concurrent.FutureTask.run(FutureTask.java:266)
	at java.util.concurrent.ThreadPoolExecutor.runWorker(ThreadPoolExecutor.java:1149)
	at java.util.concurrent.ThreadPoolExecutor$Worker.run(ThreadPoolExecutor.java:624)
	... 1 more
Caused by: org.apache.ratis.thirdparty.io.netty.channel.AbstractChannel$AnnotatedConnectException: Connection refused: /192.168.34.63:44743
	at sun.nio.ch.SocketChannelImpl.checkConnect(Native Method)
	at sun.nio.ch.SocketChannelImpl.finishConnect(SocketChannelImpl.java:717)
	at org.apache.ratis.thirdparty.io.netty.channel.socket.nio.NioSocketChannel.doFinishConnect(NioSocketChannel.java:327)
	at org.apache.ratis.thirdparty.io.netty.channel.nio.AbstractNioChannel$AbstractNioUnsafe.finishConnect(AbstractNioChannel.java:340)
	at org.apache.ratis.thirdparty.io.netty.channel.nio.NioEventLoop.processSelectedKey(NioEventLoop.java:632)
	at org.apache.ratis.thirdparty.io.netty.channel.nio.NioEventLoop.processSelectedKeysOptimized(NioEventLoop.java:579)
	at org.apache.ratis.thirdparty.io.netty.channel.nio.NioEventLoop.processSelectedKeys(NioEventLoop.java:496)
	at org.apache.ratis.thirdparty.io.netty.channel.nio.NioEventLoop.run(NioEventLoop.java:458)
	at org.apache.ratis.thirdparty.io.netty.util.concurrent.SingleThreadEventExecutor$5.run(SingleThreadEventExecutor.java:897)
	at org.apache.ratis.thirdparty.io.netty.util.concurrent.FastThreadLocalRunnable.run(FastThreadLocalRunnable.java:30)
	... 1 more
Caused by: java.net.ConnectException: Connection refused
	... 11 more
2019-11-11 04:08:38,243 [9a305e64-7592-4199-ba7e-8c2223e9b548@group-D5F2B638C171-LeaderElection39] INFO  impl.LeaderElection (LogUtils.java:infoOrTrace(149)) -   Exception 1: {}
java.util.concurrent.ExecutionException: org.apache.ratis.thirdparty.io.grpc.StatusRuntimeException: UNAVAILABLE: io exception
	at java.util.concurrent.FutureTask.report(FutureTask.java:122)
	at java.util.concurrent.FutureTask.get(FutureTask.java:192)
	at org.apache.ratis.server.impl.LeaderElection.waitForResults(LeaderElection.java:259)
	at org.apache.ratis.server.impl.LeaderElection.askForVotes(LeaderElection.java:197)
	at org.apache.ratis.server.impl.LeaderElection.run(LeaderElection.java:133)
	at java.lang.Thread.run(Thread.java:748)
Caused by: org.apache.ratis.thirdparty.io.grpc.StatusRuntimeException: UNAVAILABLE: io exception
	at org.apache.ratis.thirdparty.io.grpc.stub.ClientCalls.toStatusRuntimeException(ClientCalls.java:233)
	at org.apache.ratis.thirdparty.io.grpc.stub.ClientCalls.getUnchecked(ClientCalls.java:214)
	at org.apache.ratis.thirdparty.io.grpc.stub.ClientCalls.blockingUnaryCall(ClientCalls.java:139)
	at org.apache.ratis.proto.grpc.RaftServerProtocolServiceGrpc$RaftServerProtocolServiceBlockingStub.requestVote(RaftServerProtocolServiceGrpc.java:265)
	at org.apache.ratis.grpc.server.GrpcServerProtocolClient.requestVote(GrpcServerProtocolClient.java:99)
	at org.apache.ratis.grpc.server.GrpcService.requestVote(GrpcService.java:204)
	at org.apache.ratis.server.impl.LeaderElection.lambda$submitRequests$1(LeaderElection.java:234)
	at java.util.concurrent.FutureTask.run(FutureTask.java:266)
	at java.util.concurrent.Executors$RunnableAdapter.call(Executors.java:511)
	at java.util.concurrent.FutureTask.run(FutureTask.java:266)
	at java.util.concurrent.ThreadPoolExecutor.runWorker(ThreadPoolExecutor.java:1149)
	at java.util.concurrent.ThreadPoolExecutor$Worker.run(ThreadPoolExecutor.java:624)
	... 1 more
Caused by: org.apache.ratis.thirdparty.io.netty.channel.AbstractChannel$AnnotatedConnectException: Connection refused: /192.168.34.63:41296
	at sun.nio.ch.SocketChannelImpl.checkConnect(Native Method)
	at sun.nio.ch.SocketChannelImpl.finishConnect(SocketChannelImpl.java:717)
	at org.apache.ratis.thirdparty.io.netty.channel.socket.nio.NioSocketChannel.doFinishConnect(NioSocketChannel.java:327)
	at org.apache.ratis.thirdparty.io.netty.channel.nio.AbstractNioChannel$AbstractNioUnsafe.finishConnect(AbstractNioChannel.java:340)
	at org.apache.ratis.thirdparty.io.netty.channel.nio.NioEventLoop.processSelectedKey(NioEventLoop.java:632)
	at org.apache.ratis.thirdparty.io.netty.channel.nio.NioEventLoop.processSelectedKeysOptimized(NioEventLoop.java:579)
	at org.apache.ratis.thirdparty.io.netty.channel.nio.NioEventLoop.processSelectedKeys(NioEventLoop.java:496)
	at org.apache.ratis.thirdparty.io.netty.channel.nio.NioEventLoop.run(NioEventLoop.java:458)
	at org.apache.ratis.thirdparty.io.netty.util.concurrent.SingleThreadEventExecutor$5.run(SingleThreadEventExecutor.java:897)
	at org.apache.ratis.thirdparty.io.netty.util.concurrent.FastThreadLocalRunnable.run(FastThreadLocalRunnable.java:30)
	... 1 more
Caused by: java.net.ConnectException: Connection refused
	... 11 more
2019-11-11 04:08:38,243 [9a305e64-7592-4199-ba7e-8c2223e9b548@group-D5F2B638C171-LeaderElection39] INFO  impl.RaftServerImpl (RaftServerImpl.java:setRole(173)) - 9a305e64-7592-4199-ba7e-8c2223e9b548@group-D5F2B638C171: changes role from CANDIDATE to FOLLOWER at term 8 for DISCOVERED_A_NEW_TERM
2019-11-11 04:08:38,243 [9a305e64-7592-4199-ba7e-8c2223e9b548@group-D5F2B638C171-LeaderElection39] INFO  impl.RoleInfo (RoleInfo.java:shutdownLeaderElection(134)) - 9a305e64-7592-4199-ba7e-8c2223e9b548: shutdown LeaderElection
2019-11-11 04:08:38,243 [9a305e64-7592-4199-ba7e-8c2223e9b548@group-D5F2B638C171-LeaderElection39] INFO  impl.RoleInfo (RoleInfo.java:updateAndGet(143)) - 9a305e64-7592-4199-ba7e-8c2223e9b548: start FollowerState
2019-11-11 04:08:38,500 [EventQueue-PipelineActionsForPipelineActionHandler] ERROR pipeline.PipelineActionHandler (PipelineActionHandler.java:onMessage(60)) - Received pipeline action CLOSE for Pipeline[ Id: 31ac6f49-abee-419e-8f26-f4d747e15ff8, Nodes: 61021d77-0677-40a1-98e7-8ba643935ac0{ip: 192.168.34.63, host: trunk-nightly-20191111-g5xpl-2663879777, networkLocation: /default-rack, certSerialId: null}f4ab3ec0-fcec-4fb2-8953-e521da90d916{ip: 192.168.34.63, host: trunk-nightly-20191111-g5xpl-2663879777, networkLocation: /default-rack, certSerialId: null}9a305e64-7592-4199-ba7e-8c2223e9b548{ip: 192.168.34.63, host: trunk-nightly-20191111-g5xpl-2663879777, networkLocation: /default-rack, certSerialId: null}, Type:RATIS, Factor:THREE, State:CLOSED] from datanode 9a305e64-7592-4199-ba7e-8c2223e9b548{ip: 192.168.34.63, host: trunk-nightly-20191111-g5xpl-2663879777, networkLocation: /default-rack, certSerialId: null}. Reason : 9a305e64-7592-4199-ba7e-8c2223e9b548 has not seen follower/s 61021d77-0677-40a1-98e7-8ba643935ac0 for 127057ms
2019-11-11 04:08:38,500 [EventQueue-PipelineActionsForPipelineActionHandler] INFO  pipeline.SCMPipelineManager (SCMPipelineManager.java:finalizeAndDestroyPipeline(315)) - destroying pipeline:Pipeline[ Id: 31ac6f49-abee-419e-8f26-f4d747e15ff8, Nodes: 61021d77-0677-40a1-98e7-8ba643935ac0{ip: 192.168.34.63, host: trunk-nightly-20191111-g5xpl-2663879777, networkLocation: /default-rack, certSerialId: null}f4ab3ec0-fcec-4fb2-8953-e521da90d916{ip: 192.168.34.63, host: trunk-nightly-20191111-g5xpl-2663879777, networkLocation: /default-rack, certSerialId: null}9a305e64-7592-4199-ba7e-8c2223e9b548{ip: 192.168.34.63, host: trunk-nightly-20191111-g5xpl-2663879777, networkLocation: /default-rack, certSerialId: null}, Type:RATIS, Factor:THREE, State:CLOSED]
2019-11-11 04:08:38,538 [grpc-default-executor-7] WARN  server.GrpcLogAppender (LogUtils.java:warn(134)) - 9a305e64-7592-4199-ba7e-8c2223e9b548@group-F4D747E15FF8->f4ab3ec0-fcec-4fb2-8953-e521da90d916-AppendLogResponseHandler: Failed appendEntries: org.apache.ratis.thirdparty.io.grpc.StatusRuntimeException: UNAVAILABLE: io exception
2019-11-11 04:08:38,538 [grpc-default-executor-7] INFO  impl.FollowerInfo (FollowerInfo.java:lambda$new$0(51)) - 9a305e64-7592-4199-ba7e-8c2223e9b548@group-F4D747E15FF8->f4ab3ec0-fcec-4fb2-8953-e521da90d916: nextIndex: updateUnconditionally 0 -> 0
2019-11-11 04:08:38,586 [org.apache.ratis.server.impl.LogAppender$AppenderDaemon$$Lambda$651/545843685@69bcbdd4] ERROR ratis.XceiverServerRatis (XceiverServerRatis.java:triggerPipelineClose(577)) - pipeline Action CLOSE  on pipeline PipelineID=31ac6f49-abee-419e-8f26-f4d747e15ff8.Reason : 9a305e64-7592-4199-ba7e-8c2223e9b548 has not seen follower/s 61021d77-0677-40a1-98e7-8ba643935ac0 for 128059ms
2019-11-11 04:08:38,587 [grpc-default-executor-8] WARN  server.GrpcLogAppender (LogUtils.java:warn(134)) - 9a305e64-7592-4199-ba7e-8c2223e9b548@group-F4D747E15FF8->61021d77-0677-40a1-98e7-8ba643935ac0-AppendLogResponseHandler: Failed appendEntries: org.apache.ratis.thirdparty.io.grpc.StatusRuntimeException: UNAVAILABLE: io exception
2019-11-11 04:08:38,587 [grpc-default-executor-8] INFO  impl.FollowerInfo (FollowerInfo.java:lambda$new$0(51)) - 9a305e64-7592-4199-ba7e-8c2223e9b548@group-F4D747E15FF8->61021d77-0677-40a1-98e7-8ba643935ac0: nextIndex: updateUnconditionally 0 -> 0
2019-11-11 04:08:38,883 [Thread-1130] INFO  impl.FollowerState (FollowerState.java:run(111)) - 9a305e64-7592-4199-ba7e-8c2223e9b548@group-A10C889AEEC0-FollowerState: change to CANDIDATE, lastRpcTime:1042ms, electionTimeout:1042ms
2019-11-11 04:08:38,884 [Thread-1130] INFO  impl.RoleInfo (RoleInfo.java:shutdownFollowerState(121)) - 9a305e64-7592-4199-ba7e-8c2223e9b548: shutdown FollowerState
2019-11-11 04:08:38,884 [Thread-1130] INFO  impl.RaftServerImpl (RaftServerImpl.java:setRole(173)) - 9a305e64-7592-4199-ba7e-8c2223e9b548@group-A10C889AEEC0: changes role from  FOLLOWER to CANDIDATE at term 7 for changeToCandidate
2019-11-11 04:08:38,884 [Thread-1130] INFO  impl.RoleInfo (RoleInfo.java:updateAndGet(143)) - 9a305e64-7592-4199-ba7e-8c2223e9b548: start LeaderElection
2019-11-11 04:08:38,903 [9a305e64-7592-4199-ba7e-8c2223e9b548@group-A10C889AEEC0-LeaderElection40] INFO  impl.LeaderElection (LeaderElection.java:askForVotes(178)) - 9a305e64-7592-4199-ba7e-8c2223e9b548@group-A10C889AEEC0-LeaderElection40: begin an election at term 8 for 0: [9a305e64-7592-4199-ba7e-8c2223e9b548:192.168.34.63:35969, c04805f0-1fdc-4096-9f0e-017639bb4de5:192.168.34.63:44743, f4ab3ec0-fcec-4fb2-8953-e521da90d916:192.168.34.63:41296], old=null
2019-11-11 04:08:38,905 [9a305e64-7592-4199-ba7e-8c2223e9b548@group-A10C889AEEC0-LeaderElection40] INFO  impl.LeaderElection (LogUtils.java:infoOrTrace(149)) - 9a305e64-7592-4199-ba7e-8c2223e9b548@group-A10C889AEEC0-LeaderElection40 got exception when requesting votes: {}
java.util.concurrent.ExecutionException: org.apache.ratis.thirdparty.io.grpc.StatusRuntimeException: UNAVAILABLE: io exception
	at java.util.concurrent.FutureTask.report(FutureTask.java:122)
	at java.util.concurrent.FutureTask.get(FutureTask.java:192)
	at org.apache.ratis.server.impl.LeaderElection.waitForResults(LeaderElection.java:259)
	at org.apache.ratis.server.impl.LeaderElection.askForVotes(LeaderElection.java:197)
	at org.apache.ratis.server.impl.LeaderElection.run(LeaderElection.java:133)
	at java.lang.Thread.run(Thread.java:748)
Caused by: org.apache.ratis.thirdparty.io.grpc.StatusRuntimeException: UNAVAILABLE: io exception
	at org.apache.ratis.thirdparty.io.grpc.stub.ClientCalls.toStatusRuntimeException(ClientCalls.java:233)
	at org.apache.ratis.thirdparty.io.grpc.stub.ClientCalls.getUnchecked(ClientCalls.java:214)
	at org.apache.ratis.thirdparty.io.grpc.stub.ClientCalls.blockingUnaryCall(ClientCalls.java:139)
	at org.apache.ratis.proto.grpc.RaftServerProtocolServiceGrpc$RaftServerProtocolServiceBlockingStub.requestVote(RaftServerProtocolServiceGrpc.java:265)
	at org.apache.ratis.grpc.server.GrpcServerProtocolClient.requestVote(GrpcServerProtocolClient.java:99)
	at org.apache.ratis.grpc.server.GrpcService.requestVote(GrpcService.java:204)
	at org.apache.ratis.server.impl.LeaderElection.lambda$submitRequests$1(LeaderElection.java:234)
	at java.util.concurrent.FutureTask.run(FutureTask.java:266)
	at java.util.concurrent.Executors$RunnableAdapter.call(Executors.java:511)
	at java.util.concurrent.FutureTask.run(FutureTask.java:266)
	at java.util.concurrent.ThreadPoolExecutor.runWorker(ThreadPoolExecutor.java:1149)
	at java.util.concurrent.ThreadPoolExecutor$Worker.run(ThreadPoolExecutor.java:624)
	... 1 more
Caused by: org.apache.ratis.thirdparty.io.netty.channel.AbstractChannel$AnnotatedConnectException: Connection refused: /192.168.34.63:44743
	at sun.nio.ch.SocketChannelImpl.checkConnect(Native Method)
	at sun.nio.ch.SocketChannelImpl.finishConnect(SocketChannelImpl.java:717)
	at org.apache.ratis.thirdparty.io.netty.channel.socket.nio.NioSocketChannel.doFinishConnect(NioSocketChannel.java:327)
	at org.apache.ratis.thirdparty.io.netty.channel.nio.AbstractNioChannel$AbstractNioUnsafe.finishConnect(AbstractNioChannel.java:340)
	at org.apache.ratis.thirdparty.io.netty.channel.nio.NioEventLoop.processSelectedKey(NioEventLoop.java:632)
	at org.apache.ratis.thirdparty.io.netty.channel.nio.NioEventLoop.processSelectedKeysOptimized(NioEventLoop.java:579)
	at org.apache.ratis.thirdparty.io.netty.channel.nio.NioEventLoop.processSelectedKeys(NioEventLoop.java:496)
	at org.apache.ratis.thirdparty.io.netty.channel.nio.NioEventLoop.run(NioEventLoop.java:458)
	at org.apache.ratis.thirdparty.io.netty.util.concurrent.SingleThreadEventExecutor$5.run(SingleThreadEventExecutor.java:897)
	at org.apache.ratis.thirdparty.io.netty.util.concurrent.FastThreadLocalRunnable.run(FastThreadLocalRunnable.java:30)
	... 1 more
Caused by: java.net.ConnectException: Connection refused
	... 11 more
2019-11-11 04:08:38,907 [9a305e64-7592-4199-ba7e-8c2223e9b548@group-A10C889AEEC0-LeaderElection40] INFO  impl.LeaderElection (LogUtils.java:infoOrTrace(149)) - 9a305e64-7592-4199-ba7e-8c2223e9b548@group-A10C889AEEC0-LeaderElection40 got exception when requesting votes: {}
java.util.concurrent.ExecutionException: org.apache.ratis.thirdparty.io.grpc.StatusRuntimeException: UNAVAILABLE: io exception
	at java.util.concurrent.FutureTask.report(FutureTask.java:122)
	at java.util.concurrent.FutureTask.get(FutureTask.java:192)
	at org.apache.ratis.server.impl.LeaderElection.waitForResults(LeaderElection.java:259)
	at org.apache.ratis.server.impl.LeaderElection.askForVotes(LeaderElection.java:197)
	at org.apache.ratis.server.impl.LeaderElection.run(LeaderElection.java:133)
	at java.lang.Thread.run(Thread.java:748)
Caused by: org.apache.ratis.thirdparty.io.grpc.StatusRuntimeException: UNAVAILABLE: io exception
	at org.apache.ratis.thirdparty.io.grpc.stub.ClientCalls.toStatusRuntimeException(ClientCalls.java:233)
	at org.apache.ratis.thirdparty.io.grpc.stub.ClientCalls.getUnchecked(ClientCalls.java:214)
	at org.apache.ratis.thirdparty.io.grpc.stub.ClientCalls.blockingUnaryCall(ClientCalls.java:139)
	at org.apache.ratis.proto.grpc.RaftServerProtocolServiceGrpc$RaftServerProtocolServiceBlockingStub.requestVote(RaftServerProtocolServiceGrpc.java:265)
	at org.apache.ratis.grpc.server.GrpcServerProtocolClient.requestVote(GrpcServerProtocolClient.java:99)
	at org.apache.ratis.grpc.server.GrpcService.requestVote(GrpcService.java:204)
	at org.apache.ratis.server.impl.LeaderElection.lambda$submitRequests$1(LeaderElection.java:234)
	at java.util.concurrent.FutureTask.run(FutureTask.java:266)
	at java.util.concurrent.Executors$RunnableAdapter.call(Executors.java:511)
	at java.util.concurrent.FutureTask.run(FutureTask.java:266)
	at java.util.concurrent.ThreadPoolExecutor.runWorker(ThreadPoolExecutor.java:1149)
	at java.util.concurrent.ThreadPoolExecutor$Worker.run(ThreadPoolExecutor.java:624)
	... 1 more
Caused by: org.apache.ratis.thirdparty.io.netty.channel.AbstractChannel$AnnotatedConnectException: Connection refused: /192.168.34.63:41296
	at sun.nio.ch.SocketChannelImpl.checkConnect(Native Method)
	at sun.nio.ch.SocketChannelImpl.finishConnect(SocketChannelImpl.java:717)
	at org.apache.ratis.thirdparty.io.netty.channel.socket.nio.NioSocketChannel.doFinishConnect(NioSocketChannel.java:327)
	at org.apache.ratis.thirdparty.io.netty.channel.nio.AbstractNioChannel$AbstractNioUnsafe.finishConnect(AbstractNioChannel.java:340)
	at org.apache.ratis.thirdparty.io.netty.channel.nio.NioEventLoop.processSelectedKey(NioEventLoop.java:632)
	at org.apache.ratis.thirdparty.io.netty.channel.nio.NioEventLoop.processSelectedKeysOptimized(NioEventLoop.java:579)
	at org.apache.ratis.thirdparty.io.netty.channel.nio.NioEventLoop.processSelectedKeys(NioEventLoop.java:496)
	at org.apache.ratis.thirdparty.io.netty.channel.nio.NioEventLoop.run(NioEventLoop.java:458)
	at org.apache.ratis.thirdparty.io.netty.util.concurrent.SingleThreadEventExecutor$5.run(SingleThreadEventExecutor.java:897)
	at org.apache.ratis.thirdparty.io.netty.util.concurrent.FastThreadLocalRunnable.run(FastThreadLocalRunnable.java:30)
	... 1 more
Caused by: java.net.ConnectException: Connection refused
	... 11 more
2019-11-11 04:08:38,907 [9a305e64-7592-4199-ba7e-8c2223e9b548@group-A10C889AEEC0-LeaderElection40] INFO  impl.LeaderElection (LeaderElection.java:logAndReturn(56)) - 9a305e64-7592-4199-ba7e-8c2223e9b548@group-A10C889AEEC0-LeaderElection40: Election REJECTED; received 0 response(s) [] and 2 exception(s); 9a305e64-7592-4199-ba7e-8c2223e9b548@group-A10C889AEEC0:t8, leader=null, voted=9a305e64-7592-4199-ba7e-8c2223e9b548, raftlog=9a305e64-7592-4199-ba7e-8c2223e9b548@group-A10C889AEEC0-SegmentedRaftLog:OPENED:c0,f0,i0, conf=0: [9a305e64-7592-4199-ba7e-8c2223e9b548:192.168.34.63:35969, c04805f0-1fdc-4096-9f0e-017639bb4de5:192.168.34.63:44743, f4ab3ec0-fcec-4fb2-8953-e521da90d916:192.168.34.63:41296], old=null
2019-11-11 04:08:38,908 [9a305e64-7592-4199-ba7e-8c2223e9b548@group-A10C889AEEC0-LeaderElection40] INFO  impl.LeaderElection (LogUtils.java:infoOrTrace(149)) -   Exception 0: {}
java.util.concurrent.ExecutionException: org.apache.ratis.thirdparty.io.grpc.StatusRuntimeException: UNAVAILABLE: io exception
	at java.util.concurrent.FutureTask.report(FutureTask.java:122)
	at java.util.concurrent.FutureTask.get(FutureTask.java:192)
	at org.apache.ratis.server.impl.LeaderElection.waitForResults(LeaderElection.java:259)
	at org.apache.ratis.server.impl.LeaderElection.askForVotes(LeaderElection.java:197)
	at org.apache.ratis.server.impl.LeaderElection.run(LeaderElection.java:133)
	at java.lang.Thread.run(Thread.java:748)
Caused by: org.apache.ratis.thirdparty.io.grpc.StatusRuntimeException: UNAVAILABLE: io exception
	at org.apache.ratis.thirdparty.io.grpc.stub.ClientCalls.toStatusRuntimeException(ClientCalls.java:233)
	at org.apache.ratis.thirdparty.io.grpc.stub.ClientCalls.getUnchecked(ClientCalls.java:214)
	at org.apache.ratis.thirdparty.io.grpc.stub.ClientCalls.blockingUnaryCall(ClientCalls.java:139)
	at org.apache.ratis.proto.grpc.RaftServerProtocolServiceGrpc$RaftServerProtocolServiceBlockingStub.requestVote(RaftServerProtocolServiceGrpc.java:265)
	at org.apache.ratis.grpc.server.GrpcServerProtocolClient.requestVote(GrpcServerProtocolClient.java:99)
	at org.apache.ratis.grpc.server.GrpcService.requestVote(GrpcService.java:204)
	at org.apache.ratis.server.impl.LeaderElection.lambda$submitRequests$1(LeaderElection.java:234)
	at java.util.concurrent.FutureTask.run(FutureTask.java:266)
	at java.util.concurrent.Executors$RunnableAdapter.call(Executors.java:511)
	at java.util.concurrent.FutureTask.run(FutureTask.java:266)
	at java.util.concurrent.ThreadPoolExecutor.runWorker(ThreadPoolExecutor.java:1149)
	at java.util.concurrent.ThreadPoolExecutor$Worker.run(ThreadPoolExecutor.java:624)
	... 1 more
Caused by: org.apache.ratis.thirdparty.io.netty.channel.AbstractChannel$AnnotatedConnectException: Connection refused: /192.168.34.63:44743
	at sun.nio.ch.SocketChannelImpl.checkConnect(Native Method)
	at sun.nio.ch.SocketChannelImpl.finishConnect(SocketChannelImpl.java:717)
	at org.apache.ratis.thirdparty.io.netty.channel.socket.nio.NioSocketChannel.doFinishConnect(NioSocketChannel.java:327)
	at org.apache.ratis.thirdparty.io.netty.channel.nio.AbstractNioChannel$AbstractNioUnsafe.finishConnect(AbstractNioChannel.java:340)
	at org.apache.ratis.thirdparty.io.netty.channel.nio.NioEventLoop.processSelectedKey(NioEventLoop.java:632)
	at org.apache.ratis.thirdparty.io.netty.channel.nio.NioEventLoop.processSelectedKeysOptimized(NioEventLoop.java:579)
	at org.apache.ratis.thirdparty.io.netty.channel.nio.NioEventLoop.processSelectedKeys(NioEventLoop.java:496)
	at org.apache.ratis.thirdparty.io.netty.channel.nio.NioEventLoop.run(NioEventLoop.java:458)
	at org.apache.ratis.thirdparty.io.netty.util.concurrent.SingleThreadEventExecutor$5.run(SingleThreadEventExecutor.java:897)
	at org.apache.ratis.thirdparty.io.netty.util.concurrent.FastThreadLocalRunnable.run(FastThreadLocalRunnable.java:30)
	... 1 more
Caused by: java.net.ConnectException: Connection refused
	... 11 more
2019-11-11 04:08:38,908 [9a305e64-7592-4199-ba7e-8c2223e9b548@group-A10C889AEEC0-LeaderElection40] INFO  impl.LeaderElection (LogUtils.java:infoOrTrace(149)) -   Exception 1: {}
java.util.concurrent.ExecutionException: org.apache.ratis.thirdparty.io.grpc.StatusRuntimeException: UNAVAILABLE: io exception
	at java.util.concurrent.FutureTask.report(FutureTask.java:122)
	at java.util.concurrent.FutureTask.get(FutureTask.java:192)
	at org.apache.ratis.server.impl.LeaderElection.waitForResults(LeaderElection.java:259)
	at org.apache.ratis.server.impl.LeaderElection.askForVotes(LeaderElection.java:197)
	at org.apache.ratis.server.impl.LeaderElection.run(LeaderElection.java:133)
	at java.lang.Thread.run(Thread.java:748)
Caused by: org.apache.ratis.thirdparty.io.grpc.StatusRuntimeException: UNAVAILABLE: io exception
	at org.apache.ratis.thirdparty.io.grpc.stub.ClientCalls.toStatusRuntimeException(ClientCalls.java:233)
	at org.apache.ratis.thirdparty.io.grpc.stub.ClientCalls.getUnchecked(ClientCalls.java:214)
	at org.apache.ratis.thirdparty.io.grpc.stub.ClientCalls.blockingUnaryCall(ClientCalls.java:139)
	at org.apache.ratis.proto.grpc.RaftServerProtocolServiceGrpc$RaftServerProtocolServiceBlockingStub.requestVote(RaftServerProtocolServiceGrpc.java:265)
	at org.apache.ratis.grpc.server.GrpcServerProtocolClient.requestVote(GrpcServerProtocolClient.java:99)
	at org.apache.ratis.grpc.server.GrpcService.requestVote(GrpcService.java:204)
	at org.apache.ratis.server.impl.LeaderElection.lambda$submitRequests$1(LeaderElection.java:234)
	at java.util.concurrent.FutureTask.run(FutureTask.java:266)
	at java.util.concurrent.Executors$RunnableAdapter.call(Executors.java:511)
	at java.util.concurrent.FutureTask.run(FutureTask.java:266)
	at java.util.concurrent.ThreadPoolExecutor.runWorker(ThreadPoolExecutor.java:1149)
	at java.util.concurrent.ThreadPoolExecutor$Worker.run(ThreadPoolExecutor.java:624)
	... 1 more
Caused by: org.apache.ratis.thirdparty.io.netty.channel.AbstractChannel$AnnotatedConnectException: Connection refused: /192.168.34.63:41296
	at sun.nio.ch.SocketChannelImpl.checkConnect(Native Method)
	at sun.nio.ch.SocketChannelImpl.finishConnect(SocketChannelImpl.java:717)
	at org.apache.ratis.thirdparty.io.netty.channel.socket.nio.NioSocketChannel.doFinishConnect(NioSocketChannel.java:327)
	at org.apache.ratis.thirdparty.io.netty.channel.nio.AbstractNioChannel$AbstractNioUnsafe.finishConnect(AbstractNioChannel.java:340)
	at org.apache.ratis.thirdparty.io.netty.channel.nio.NioEventLoop.processSelectedKey(NioEventLoop.java:632)
	at org.apache.ratis.thirdparty.io.netty.channel.nio.NioEventLoop.processSelectedKeysOptimized(NioEventLoop.java:579)
	at org.apache.ratis.thirdparty.io.netty.channel.nio.NioEventLoop.processSelectedKeys(NioEventLoop.java:496)
	at org.apache.ratis.thirdparty.io.netty.channel.nio.NioEventLoop.run(NioEventLoop.java:458)
	at org.apache.ratis.thirdparty.io.netty.util.concurrent.SingleThreadEventExecutor$5.run(SingleThreadEventExecutor.java:897)
	at org.apache.ratis.thirdparty.io.netty.util.concurrent.FastThreadLocalRunnable.run(FastThreadLocalRunnable.java:30)
	... 1 more
Caused by: java.net.ConnectException: Connection refused
	... 11 more
2019-11-11 04:08:38,908 [9a305e64-7592-4199-ba7e-8c2223e9b548@group-A10C889AEEC0-LeaderElection40] INFO  impl.RaftServerImpl (RaftServerImpl.java:setRole(173)) - 9a305e64-7592-4199-ba7e-8c2223e9b548@group-A10C889AEEC0: changes role from CANDIDATE to FOLLOWER at term 8 for DISCOVERED_A_NEW_TERM
2019-11-11 04:08:38,908 [9a305e64-7592-4199-ba7e-8c2223e9b548@group-A10C889AEEC0-LeaderElection40] INFO  impl.RoleInfo (RoleInfo.java:shutdownLeaderElection(134)) - 9a305e64-7592-4199-ba7e-8c2223e9b548: shutdown LeaderElection
2019-11-11 04:08:38,908 [9a305e64-7592-4199-ba7e-8c2223e9b548@group-A10C889AEEC0-LeaderElection40] INFO  impl.RoleInfo (RoleInfo.java:updateAndGet(143)) - 9a305e64-7592-4199-ba7e-8c2223e9b548: start FollowerState
2019-11-11 04:08:39,039 [grpc-default-executor-8] WARN  server.GrpcLogAppender (LogUtils.java:warn(134)) - 9a305e64-7592-4199-ba7e-8c2223e9b548@group-F4D747E15FF8->f4ab3ec0-fcec-4fb2-8953-e521da90d916-AppendLogResponseHandler: Failed appendEntries: org.apache.ratis.thirdparty.io.grpc.StatusRuntimeException: UNAVAILABLE: io exception
2019-11-11 04:08:39,039 [grpc-default-executor-8] INFO  impl.FollowerInfo (FollowerInfo.java:lambda$new$0(51)) - 9a305e64-7592-4199-ba7e-8c2223e9b548@group-F4D747E15FF8->f4ab3ec0-fcec-4fb2-8953-e521da90d916: nextIndex: updateUnconditionally 0 -> 0
2019-11-11 04:08:39,088 [org.apache.ratis.server.impl.LogAppender$AppenderDaemon$$Lambda$651/545843685@69bcbdd4] ERROR ratis.XceiverServerRatis (XceiverServerRatis.java:triggerPipelineClose(577)) - pipeline Action CLOSE  on pipeline PipelineID=31ac6f49-abee-419e-8f26-f4d747e15ff8.Reason : 9a305e64-7592-4199-ba7e-8c2223e9b548 has not seen follower/s 61021d77-0677-40a1-98e7-8ba643935ac0 for 128561ms
2019-11-11 04:08:39,090 [grpc-default-executor-8] WARN  server.GrpcLogAppender (LogUtils.java:warn(134)) - 9a305e64-7592-4199-ba7e-8c2223e9b548@group-F4D747E15FF8->61021d77-0677-40a1-98e7-8ba643935ac0-AppendLogResponseHandler: Failed appendEntries: org.apache.ratis.thirdparty.io.grpc.StatusRuntimeException: UNAVAILABLE: io exception
2019-11-11 04:08:39,090 [grpc-default-executor-8] INFO  impl.FollowerInfo (FollowerInfo.java:lambda$new$0(51)) - 9a305e64-7592-4199-ba7e-8c2223e9b548@group-F4D747E15FF8->61021d77-0677-40a1-98e7-8ba643935ac0: nextIndex: updateUnconditionally 0 -> 0
2019-11-11 04:08:39,298 [Thread-1134] INFO  impl.FollowerState (FollowerState.java:run(111)) - 9a305e64-7592-4199-ba7e-8c2223e9b548@group-D5F2B638C171-FollowerState: change to CANDIDATE, lastRpcTime:1054ms, electionTimeout:1054ms
2019-11-11 04:08:39,298 [Thread-1134] INFO  impl.RoleInfo (RoleInfo.java:shutdownFollowerState(121)) - 9a305e64-7592-4199-ba7e-8c2223e9b548: shutdown FollowerState
2019-11-11 04:08:39,298 [Thread-1134] INFO  impl.RaftServerImpl (RaftServerImpl.java:setRole(173)) - 9a305e64-7592-4199-ba7e-8c2223e9b548@group-D5F2B638C171: changes role from  FOLLOWER to CANDIDATE at term 8 for changeToCandidate
2019-11-11 04:08:39,299 [Thread-1134] INFO  impl.RoleInfo (RoleInfo.java:updateAndGet(143)) - 9a305e64-7592-4199-ba7e-8c2223e9b548: start LeaderElection
2019-11-11 04:08:39,318 [9a305e64-7592-4199-ba7e-8c2223e9b548@group-D5F2B638C171-LeaderElection41] INFO  impl.LeaderElection (LeaderElection.java:askForVotes(178)) - 9a305e64-7592-4199-ba7e-8c2223e9b548@group-D5F2B638C171-LeaderElection41: begin an election at term 9 for 0: [9a305e64-7592-4199-ba7e-8c2223e9b548:192.168.34.63:35969, c04805f0-1fdc-4096-9f0e-017639bb4de5:192.168.34.63:44743, f4ab3ec0-fcec-4fb2-8953-e521da90d916:192.168.34.63:41296], old=null
2019-11-11 04:08:39,319 [9a305e64-7592-4199-ba7e-8c2223e9b548@group-D5F2B638C171-LeaderElection41] INFO  impl.LeaderElection (LogUtils.java:infoOrTrace(149)) - 9a305e64-7592-4199-ba7e-8c2223e9b548@group-D5F2B638C171-LeaderElection41 got exception when requesting votes: {}
java.util.concurrent.ExecutionException: org.apache.ratis.thirdparty.io.grpc.StatusRuntimeException: UNAVAILABLE: io exception
	at java.util.concurrent.FutureTask.report(FutureTask.java:122)
	at java.util.concurrent.FutureTask.get(FutureTask.java:192)
	at org.apache.ratis.server.impl.LeaderElection.waitForResults(LeaderElection.java:259)
	at org.apache.ratis.server.impl.LeaderElection.askForVotes(LeaderElection.java:197)
	at org.apache.ratis.server.impl.LeaderElection.run(LeaderElection.java:133)
	at java.lang.Thread.run(Thread.java:748)
Caused by: org.apache.ratis.thirdparty.io.grpc.StatusRuntimeException: UNAVAILABLE: io exception
	at org.apache.ratis.thirdparty.io.grpc.stub.ClientCalls.toStatusRuntimeException(ClientCalls.java:233)
	at org.apache.ratis.thirdparty.io.grpc.stub.ClientCalls.getUnchecked(ClientCalls.java:214)
	at org.apache.ratis.thirdparty.io.grpc.stub.ClientCalls.blockingUnaryCall(ClientCalls.java:139)
	at org.apache.ratis.proto.grpc.RaftServerProtocolServiceGrpc$RaftServerProtocolServiceBlockingStub.requestVote(RaftServerProtocolServiceGrpc.java:265)
	at org.apache.ratis.grpc.server.GrpcServerProtocolClient.requestVote(GrpcServerProtocolClient.java:99)
	at org.apache.ratis.grpc.server.GrpcService.requestVote(GrpcService.java:204)
	at org.apache.ratis.server.impl.LeaderElection.lambda$submitRequests$1(LeaderElection.java:234)
	at java.util.concurrent.FutureTask.run(FutureTask.java:266)
	at java.util.concurrent.Executors$RunnableAdapter.call(Executors.java:511)
	at java.util.concurrent.FutureTask.run(FutureTask.java:266)
	at java.util.concurrent.ThreadPoolExecutor.runWorker(ThreadPoolExecutor.java:1149)
	at java.util.concurrent.ThreadPoolExecutor$Worker.run(ThreadPoolExecutor.java:624)
	... 1 more
Caused by: org.apache.ratis.thirdparty.io.netty.channel.AbstractChannel$AnnotatedConnectException: Connection refused: /192.168.34.63:44743
	at sun.nio.ch.SocketChannelImpl.checkConnect(Native Method)
	at sun.nio.ch.SocketChannelImpl.finishConnect(SocketChannelImpl.java:717)
	at org.apache.ratis.thirdparty.io.netty.channel.socket.nio.NioSocketChannel.doFinishConnect(NioSocketChannel.java:327)
	at org.apache.ratis.thirdparty.io.netty.channel.nio.AbstractNioChannel$AbstractNioUnsafe.finishConnect(AbstractNioChannel.java:340)
	at org.apache.ratis.thirdparty.io.netty.channel.nio.NioEventLoop.processSelectedKey(NioEventLoop.java:632)
	at org.apache.ratis.thirdparty.io.netty.channel.nio.NioEventLoop.processSelectedKeysOptimized(NioEventLoop.java:579)
	at org.apache.ratis.thirdparty.io.netty.channel.nio.NioEventLoop.processSelectedKeys(NioEventLoop.java:496)
	at org.apache.ratis.thirdparty.io.netty.channel.nio.NioEventLoop.run(NioEventLoop.java:458)
	at org.apache.ratis.thirdparty.io.netty.util.concurrent.SingleThreadEventExecutor$5.run(SingleThreadEventExecutor.java:897)
	at org.apache.ratis.thirdparty.io.netty.util.concurrent.FastThreadLocalRunnable.run(FastThreadLocalRunnable.java:30)
	... 1 more
Caused by: java.net.ConnectException: Connection refused
	... 11 more
2019-11-11 04:08:39,320 [9a305e64-7592-4199-ba7e-8c2223e9b548@group-D5F2B638C171-LeaderElection41] INFO  impl.LeaderElection (LogUtils.java:infoOrTrace(149)) - 9a305e64-7592-4199-ba7e-8c2223e9b548@group-D5F2B638C171-LeaderElection41 got exception when requesting votes: {}
java.util.concurrent.ExecutionException: org.apache.ratis.thirdparty.io.grpc.StatusRuntimeException: UNAVAILABLE: io exception
	at java.util.concurrent.FutureTask.report(FutureTask.java:122)
	at java.util.concurrent.FutureTask.get(FutureTask.java:192)
	at org.apache.ratis.server.impl.LeaderElection.waitForResults(LeaderElection.java:259)
	at org.apache.ratis.server.impl.LeaderElection.askForVotes(LeaderElection.java:197)
	at org.apache.ratis.server.impl.LeaderElection.run(LeaderElection.java:133)
	at java.lang.Thread.run(Thread.java:748)
Caused by: org.apache.ratis.thirdparty.io.grpc.StatusRuntimeException: UNAVAILABLE: io exception
	at org.apache.ratis.thirdparty.io.grpc.stub.ClientCalls.toStatusRuntimeException(ClientCalls.java:233)
	at org.apache.ratis.thirdparty.io.grpc.stub.ClientCalls.getUnchecked(ClientCalls.java:214)
	at org.apache.ratis.thirdparty.io.grpc.stub.ClientCalls.blockingUnaryCall(ClientCalls.java:139)
	at org.apache.ratis.proto.grpc.RaftServerProtocolServiceGrpc$RaftServerProtocolServiceBlockingStub.requestVote(RaftServerProtocolServiceGrpc.java:265)
	at org.apache.ratis.grpc.server.GrpcServerProtocolClient.requestVote(GrpcServerProtocolClient.java:99)
	at org.apache.ratis.grpc.server.GrpcService.requestVote(GrpcService.java:204)
	at org.apache.ratis.server.impl.LeaderElection.lambda$submitRequests$1(LeaderElection.java:234)
	at java.util.concurrent.FutureTask.run(FutureTask.java:266)
	at java.util.concurrent.Executors$RunnableAdapter.call(Executors.java:511)
	at java.util.concurrent.FutureTask.run(FutureTask.java:266)
	at java.util.concurrent.ThreadPoolExecutor.runWorker(ThreadPoolExecutor.java:1149)
	at java.util.concurrent.ThreadPoolExecutor$Worker.run(ThreadPoolExecutor.java:624)
	... 1 more
Caused by: org.apache.ratis.thirdparty.io.netty.channel.AbstractChannel$AnnotatedConnectException: Connection refused: /192.168.34.63:41296
	at sun.nio.ch.SocketChannelImpl.checkConnect(Native Method)
	at sun.nio.ch.SocketChannelImpl.finishConnect(SocketChannelImpl.java:717)
	at org.apache.ratis.thirdparty.io.netty.channel.socket.nio.NioSocketChannel.doFinishConnect(NioSocketChannel.java:327)
	at org.apache.ratis.thirdparty.io.netty.channel.nio.AbstractNioChannel$AbstractNioUnsafe.finishConnect(AbstractNioChannel.java:340)
	at org.apache.ratis.thirdparty.io.netty.channel.nio.NioEventLoop.processSelectedKey(NioEventLoop.java:632)
	at org.apache.ratis.thirdparty.io.netty.channel.nio.NioEventLoop.processSelectedKeysOptimized(NioEventLoop.java:579)
	at org.apache.ratis.thirdparty.io.netty.channel.nio.NioEventLoop.processSelectedKeys(NioEventLoop.java:496)
	at org.apache.ratis.thirdparty.io.netty.channel.nio.NioEventLoop.run(NioEventLoop.java:458)
	at org.apache.ratis.thirdparty.io.netty.util.concurrent.SingleThreadEventExecutor$5.run(SingleThreadEventExecutor.java:897)
	at org.apache.ratis.thirdparty.io.netty.util.concurrent.FastThreadLocalRunnable.run(FastThreadLocalRunnable.java:30)
	... 1 more
Caused by: java.net.ConnectException: Connection refused
	... 11 more
2019-11-11 04:08:39,321 [9a305e64-7592-4199-ba7e-8c2223e9b548@group-D5F2B638C171-LeaderElection41] INFO  impl.LeaderElection (LeaderElection.java:logAndReturn(56)) - 9a305e64-7592-4199-ba7e-8c2223e9b548@group-D5F2B638C171-LeaderElection41: Election REJECTED; received 0 response(s) [] and 2 exception(s); 9a305e64-7592-4199-ba7e-8c2223e9b548@group-D5F2B638C171:t9, leader=null, voted=9a305e64-7592-4199-ba7e-8c2223e9b548, raftlog=9a305e64-7592-4199-ba7e-8c2223e9b548@group-D5F2B638C171-SegmentedRaftLog:OPENED:c0,f0,i0, conf=0: [9a305e64-7592-4199-ba7e-8c2223e9b548:192.168.34.63:35969, c04805f0-1fdc-4096-9f0e-017639bb4de5:192.168.34.63:44743, f4ab3ec0-fcec-4fb2-8953-e521da90d916:192.168.34.63:41296], old=null
2019-11-11 04:08:39,321 [9a305e64-7592-4199-ba7e-8c2223e9b548@group-D5F2B638C171-LeaderElection41] INFO  impl.LeaderElection (LogUtils.java:infoOrTrace(149)) -   Exception 0: {}
java.util.concurrent.ExecutionException: org.apache.ratis.thirdparty.io.grpc.StatusRuntimeException: UNAVAILABLE: io exception
	at java.util.concurrent.FutureTask.report(FutureTask.java:122)
	at java.util.concurrent.FutureTask.get(FutureTask.java:192)
	at org.apache.ratis.server.impl.LeaderElection.waitForResults(LeaderElection.java:259)
	at org.apache.ratis.server.impl.LeaderElection.askForVotes(LeaderElection.java:197)
	at org.apache.ratis.server.impl.LeaderElection.run(LeaderElection.java:133)
	at java.lang.Thread.run(Thread.java:748)
Caused by: org.apache.ratis.thirdparty.io.grpc.StatusRuntimeException: UNAVAILABLE: io exception
	at org.apache.ratis.thirdparty.io.grpc.stub.ClientCalls.toStatusRuntimeException(ClientCalls.java:233)
	at org.apache.ratis.thirdparty.io.grpc.stub.ClientCalls.getUnchecked(ClientCalls.java:214)
	at org.apache.ratis.thirdparty.io.grpc.stub.ClientCalls.blockingUnaryCall(ClientCalls.java:139)
	at org.apache.ratis.proto.grpc.RaftServerProtocolServiceGrpc$RaftServerProtocolServiceBlockingStub.requestVote(RaftServerProtocolServiceGrpc.java:265)
	at org.apache.ratis.grpc.server.GrpcServerProtocolClient.requestVote(GrpcServerProtocolClient.java:99)
	at org.apache.ratis.grpc.server.GrpcService.requestVote(GrpcService.java:204)
	at org.apache.ratis.server.impl.LeaderElection.lambda$submitRequests$1(LeaderElection.java:234)
	at java.util.concurrent.FutureTask.run(FutureTask.java:266)
	at java.util.concurrent.Executors$RunnableAdapter.call(Executors.java:511)
	at java.util.concurrent.FutureTask.run(FutureTask.java:266)
	at java.util.concurrent.ThreadPoolExecutor.runWorker(ThreadPoolExecutor.java:1149)
	at java.util.concurrent.ThreadPoolExecutor$Worker.run(ThreadPoolExecutor.java:624)
	... 1 more
Caused by: org.apache.ratis.thirdparty.io.netty.channel.AbstractChannel$AnnotatedConnectException: Connection refused: /192.168.34.63:44743
	at sun.nio.ch.SocketChannelImpl.checkConnect(Native Method)
	at sun.nio.ch.SocketChannelImpl.finishConnect(SocketChannelImpl.java:717)
	at org.apache.ratis.thirdparty.io.netty.channel.socket.nio.NioSocketChannel.doFinishConnect(NioSocketChannel.java:327)
	at org.apache.ratis.thirdparty.io.netty.channel.nio.AbstractNioChannel$AbstractNioUnsafe.finishConnect(AbstractNioChannel.java:340)
	at org.apache.ratis.thirdparty.io.netty.channel.nio.NioEventLoop.processSelectedKey(NioEventLoop.java:632)
	at org.apache.ratis.thirdparty.io.netty.channel.nio.NioEventLoop.processSelectedKeysOptimized(NioEventLoop.java:579)
	at org.apache.ratis.thirdparty.io.netty.channel.nio.NioEventLoop.processSelectedKeys(NioEventLoop.java:496)
	at org.apache.ratis.thirdparty.io.netty.channel.nio.NioEventLoop.run(NioEventLoop.java:458)
	at org.apache.ratis.thirdparty.io.netty.util.concurrent.SingleThreadEventExecutor$5.run(SingleThreadEventExecutor.java:897)
	at org.apache.ratis.thirdparty.io.netty.util.concurrent.FastThreadLocalRunnable.run(FastThreadLocalRunnable.java:30)
	... 1 more
Caused by: java.net.ConnectException: Connection refused
	... 11 more
2019-11-11 04:08:39,321 [9a305e64-7592-4199-ba7e-8c2223e9b548@group-D5F2B638C171-LeaderElection41] INFO  impl.LeaderElection (LogUtils.java:infoOrTrace(149)) -   Exception 1: {}
java.util.concurrent.ExecutionException: org.apache.ratis.thirdparty.io.grpc.StatusRuntimeException: UNAVAILABLE: io exception
	at java.util.concurrent.FutureTask.report(FutureTask.java:122)
	at java.util.concurrent.FutureTask.get(FutureTask.java:192)
	at org.apache.ratis.server.impl.LeaderElection.waitForResults(LeaderElection.java:259)
	at org.apache.ratis.server.impl.LeaderElection.askForVotes(LeaderElection.java:197)
	at org.apache.ratis.server.impl.LeaderElection.run(LeaderElection.java:133)
	at java.lang.Thread.run(Thread.java:748)
Caused by: org.apache.ratis.thirdparty.io.grpc.StatusRuntimeException: UNAVAILABLE: io exception
	at org.apache.ratis.thirdparty.io.grpc.stub.ClientCalls.toStatusRuntimeException(ClientCalls.java:233)
	at org.apache.ratis.thirdparty.io.grpc.stub.ClientCalls.getUnchecked(ClientCalls.java:214)
	at org.apache.ratis.thirdparty.io.grpc.stub.ClientCalls.blockingUnaryCall(ClientCalls.java:139)
	at org.apache.ratis.proto.grpc.RaftServerProtocolServiceGrpc$RaftServerProtocolServiceBlockingStub.requestVote(RaftServerProtocolServiceGrpc.java:265)
	at org.apache.ratis.grpc.server.GrpcServerProtocolClient.requestVote(GrpcServerProtocolClient.java:99)
	at org.apache.ratis.grpc.server.GrpcService.requestVote(GrpcService.java:204)
	at org.apache.ratis.server.impl.LeaderElection.lambda$submitRequests$1(LeaderElection.java:234)
	at java.util.concurrent.FutureTask.run(FutureTask.java:266)
	at java.util.concurrent.Executors$RunnableAdapter.call(Executors.java:511)
	at java.util.concurrent.FutureTask.run(FutureTask.java:266)
	at java.util.concurrent.ThreadPoolExecutor.runWorker(ThreadPoolExecutor.java:1149)
	at java.util.concurrent.ThreadPoolExecutor$Worker.run(ThreadPoolExecutor.java:624)
	... 1 more
Caused by: org.apache.ratis.thirdparty.io.netty.channel.AbstractChannel$AnnotatedConnectException: Connection refused: /192.168.34.63:41296
	at sun.nio.ch.SocketChannelImpl.checkConnect(Native Method)
	at sun.nio.ch.SocketChannelImpl.finishConnect(SocketChannelImpl.java:717)
	at org.apache.ratis.thirdparty.io.netty.channel.socket.nio.NioSocketChannel.doFinishConnect(NioSocketChannel.java:327)
	at org.apache.ratis.thirdparty.io.netty.channel.nio.AbstractNioChannel$AbstractNioUnsafe.finishConnect(AbstractNioChannel.java:340)
	at org.apache.ratis.thirdparty.io.netty.channel.nio.NioEventLoop.processSelectedKey(NioEventLoop.java:632)
	at org.apache.ratis.thirdparty.io.netty.channel.nio.NioEventLoop.processSelectedKeysOptimized(NioEventLoop.java:579)
	at org.apache.ratis.thirdparty.io.netty.channel.nio.NioEventLoop.processSelectedKeys(NioEventLoop.java:496)
	at org.apache.ratis.thirdparty.io.netty.channel.nio.NioEventLoop.run(NioEventLoop.java:458)
	at org.apache.ratis.thirdparty.io.netty.util.concurrent.SingleThreadEventExecutor$5.run(SingleThreadEventExecutor.java:897)
	at org.apache.ratis.thirdparty.io.netty.util.concurrent.FastThreadLocalRunnable.run(FastThreadLocalRunnable.java:30)
	... 1 more
Caused by: java.net.ConnectException: Connection refused
	... 11 more
2019-11-11 04:08:39,321 [9a305e64-7592-4199-ba7e-8c2223e9b548@group-D5F2B638C171-LeaderElection41] INFO  impl.RaftServerImpl (RaftServerImpl.java:setRole(173)) - 9a305e64-7592-4199-ba7e-8c2223e9b548@group-D5F2B638C171: changes role from CANDIDATE to FOLLOWER at term 9 for DISCOVERED_A_NEW_TERM
2019-11-11 04:08:39,321 [9a305e64-7592-4199-ba7e-8c2223e9b548@group-D5F2B638C171-LeaderElection41] INFO  impl.RoleInfo (RoleInfo.java:shutdownLeaderElection(134)) - 9a305e64-7592-4199-ba7e-8c2223e9b548: shutdown LeaderElection
2019-11-11 04:08:39,321 [9a305e64-7592-4199-ba7e-8c2223e9b548@group-D5F2B638C171-LeaderElection41] INFO  impl.RoleInfo (RoleInfo.java:updateAndGet(143)) - 9a305e64-7592-4199-ba7e-8c2223e9b548: start FollowerState
2019-11-11 04:08:39,500 [EventQueue-PipelineActionsForPipelineActionHandler] ERROR pipeline.PipelineActionHandler (PipelineActionHandler.java:onMessage(60)) - Received pipeline action CLOSE for Pipeline[ Id: 31ac6f49-abee-419e-8f26-f4d747e15ff8, Nodes: 61021d77-0677-40a1-98e7-8ba643935ac0{ip: 192.168.34.63, host: trunk-nightly-20191111-g5xpl-2663879777, networkLocation: /default-rack, certSerialId: null}f4ab3ec0-fcec-4fb2-8953-e521da90d916{ip: 192.168.34.63, host: trunk-nightly-20191111-g5xpl-2663879777, networkLocation: /default-rack, certSerialId: null}9a305e64-7592-4199-ba7e-8c2223e9b548{ip: 192.168.34.63, host: trunk-nightly-20191111-g5xpl-2663879777, networkLocation: /default-rack, certSerialId: null}, Type:RATIS, Factor:THREE, State:CLOSED] from datanode 9a305e64-7592-4199-ba7e-8c2223e9b548{ip: 192.168.34.63, host: trunk-nightly-20191111-g5xpl-2663879777, networkLocation: /default-rack, certSerialId: null}. Reason : 9a305e64-7592-4199-ba7e-8c2223e9b548 has not seen follower/s 61021d77-0677-40a1-98e7-8ba643935ac0 for 128059ms
2019-11-11 04:08:39,500 [EventQueue-PipelineActionsForPipelineActionHandler] INFO  pipeline.SCMPipelineManager (SCMPipelineManager.java:finalizeAndDestroyPipeline(315)) - destroying pipeline:Pipeline[ Id: 31ac6f49-abee-419e-8f26-f4d747e15ff8, Nodes: 61021d77-0677-40a1-98e7-8ba643935ac0{ip: 192.168.34.63, host: trunk-nightly-20191111-g5xpl-2663879777, networkLocation: /default-rack, certSerialId: null}f4ab3ec0-fcec-4fb2-8953-e521da90d916{ip: 192.168.34.63, host: trunk-nightly-20191111-g5xpl-2663879777, networkLocation: /default-rack, certSerialId: null}9a305e64-7592-4199-ba7e-8c2223e9b548{ip: 192.168.34.63, host: trunk-nightly-20191111-g5xpl-2663879777, networkLocation: /default-rack, certSerialId: null}, Type:RATIS, Factor:THREE, State:CLOSED]
2019-11-11 04:08:39,539 [grpc-default-executor-8] WARN  server.GrpcLogAppender (LogUtils.java:warn(134)) - 9a305e64-7592-4199-ba7e-8c2223e9b548@group-F4D747E15FF8->f4ab3ec0-fcec-4fb2-8953-e521da90d916-AppendLogResponseHandler: Failed appendEntries: org.apache.ratis.thirdparty.io.grpc.StatusRuntimeException: UNAVAILABLE: io exception
2019-11-11 04:08:39,539 [grpc-default-executor-8] INFO  impl.FollowerInfo (FollowerInfo.java:lambda$new$0(51)) - 9a305e64-7592-4199-ba7e-8c2223e9b548@group-F4D747E15FF8->f4ab3ec0-fcec-4fb2-8953-e521da90d916: nextIndex: updateUnconditionally 0 -> 0
2019-11-11 04:08:39,589 [org.apache.ratis.server.impl.LogAppender$AppenderDaemon$$Lambda$651/545843685@69bcbdd4] ERROR ratis.XceiverServerRatis (XceiverServerRatis.java:triggerPipelineClose(577)) - pipeline Action CLOSE  on pipeline PipelineID=31ac6f49-abee-419e-8f26-f4d747e15ff8.Reason : 9a305e64-7592-4199-ba7e-8c2223e9b548 has not seen follower/s 61021d77-0677-40a1-98e7-8ba643935ac0 for 129063ms
2019-11-11 04:08:39,590 [grpc-default-executor-7] WARN  server.GrpcLogAppender (LogUtils.java:warn(134)) - 9a305e64-7592-4199-ba7e-8c2223e9b548@group-F4D747E15FF8->61021d77-0677-40a1-98e7-8ba643935ac0-AppendLogResponseHandler: Failed appendEntries: org.apache.ratis.thirdparty.io.grpc.StatusRuntimeException: UNAVAILABLE: io exception
2019-11-11 04:08:39,590 [grpc-default-executor-7] INFO  impl.FollowerInfo (FollowerInfo.java:lambda$new$0(51)) - 9a305e64-7592-4199-ba7e-8c2223e9b548@group-F4D747E15FF8->61021d77-0677-40a1-98e7-8ba643935ac0: nextIndex: updateUnconditionally 0 -> 0
2019-11-11 04:08:39,974 [Thread-1138] INFO  impl.FollowerState (FollowerState.java:run(111)) - 9a305e64-7592-4199-ba7e-8c2223e9b548@group-A10C889AEEC0-FollowerState: change to CANDIDATE, lastRpcTime:1065ms, electionTimeout:1065ms
2019-11-11 04:08:39,974 [Thread-1138] INFO  impl.RoleInfo (RoleInfo.java:shutdownFollowerState(121)) - 9a305e64-7592-4199-ba7e-8c2223e9b548: shutdown FollowerState
2019-11-11 04:08:39,974 [Thread-1138] INFO  impl.RaftServerImpl (RaftServerImpl.java:setRole(173)) - 9a305e64-7592-4199-ba7e-8c2223e9b548@group-A10C889AEEC0: changes role from  FOLLOWER to CANDIDATE at term 8 for changeToCandidate
2019-11-11 04:08:39,975 [Thread-1138] INFO  impl.RoleInfo (RoleInfo.java:updateAndGet(143)) - 9a305e64-7592-4199-ba7e-8c2223e9b548: start LeaderElection
2019-11-11 04:08:39,988 [9a305e64-7592-4199-ba7e-8c2223e9b548@group-A10C889AEEC0-LeaderElection42] INFO  impl.LeaderElection (LeaderElection.java:askForVotes(178)) - 9a305e64-7592-4199-ba7e-8c2223e9b548@group-A10C889AEEC0-LeaderElection42: begin an election at term 9 for 0: [9a305e64-7592-4199-ba7e-8c2223e9b548:192.168.34.63:35969, c04805f0-1fdc-4096-9f0e-017639bb4de5:192.168.34.63:44743, f4ab3ec0-fcec-4fb2-8953-e521da90d916:192.168.34.63:41296], old=null
2019-11-11 04:08:39,989 [9a305e64-7592-4199-ba7e-8c2223e9b548@group-A10C889AEEC0-LeaderElection42] INFO  impl.LeaderElection (LogUtils.java:infoOrTrace(149)) - 9a305e64-7592-4199-ba7e-8c2223e9b548@group-A10C889AEEC0-LeaderElection42 got exception when requesting votes: {}
java.util.concurrent.ExecutionException: org.apache.ratis.thirdparty.io.grpc.StatusRuntimeException: UNAVAILABLE: io exception
	at java.util.concurrent.FutureTask.report(FutureTask.java:122)
	at java.util.concurrent.FutureTask.get(FutureTask.java:192)
	at org.apache.ratis.server.impl.LeaderElection.waitForResults(LeaderElection.java:259)
	at org.apache.ratis.server.impl.LeaderElection.askForVotes(LeaderElection.java:197)
	at org.apache.ratis.server.impl.LeaderElection.run(LeaderElection.java:133)
	at java.lang.Thread.run(Thread.java:748)
Caused by: org.apache.ratis.thirdparty.io.grpc.StatusRuntimeException: UNAVAILABLE: io exception
	at org.apache.ratis.thirdparty.io.grpc.stub.ClientCalls.toStatusRuntimeException(ClientCalls.java:233)
	at org.apache.ratis.thirdparty.io.grpc.stub.ClientCalls.getUnchecked(ClientCalls.java:214)
	at org.apache.ratis.thirdparty.io.grpc.stub.ClientCalls.blockingUnaryCall(ClientCalls.java:139)
	at org.apache.ratis.proto.grpc.RaftServerProtocolServiceGrpc$RaftServerProtocolServiceBlockingStub.requestVote(RaftServerProtocolServiceGrpc.java:265)
	at org.apache.ratis.grpc.server.GrpcServerProtocolClient.requestVote(GrpcServerProtocolClient.java:99)
	at org.apache.ratis.grpc.server.GrpcService.requestVote(GrpcService.java:204)
	at org.apache.ratis.server.impl.LeaderElection.lambda$submitRequests$1(LeaderElection.java:234)
	at java.util.concurrent.FutureTask.run(FutureTask.java:266)
	at java.util.concurrent.Executors$RunnableAdapter.call(Executors.java:511)
	at java.util.concurrent.FutureTask.run(FutureTask.java:266)
	at java.util.concurrent.ThreadPoolExecutor.runWorker(ThreadPoolExecutor.java:1149)
	at java.util.concurrent.ThreadPoolExecutor$Worker.run(ThreadPoolExecutor.java:624)
	... 1 more
Caused by: org.apache.ratis.thirdparty.io.netty.channel.AbstractChannel$AnnotatedConnectException: Connection refused: /192.168.34.63:44743
	at sun.nio.ch.SocketChannelImpl.checkConnect(Native Method)
	at sun.nio.ch.SocketChannelImpl.finishConnect(SocketChannelImpl.java:717)
	at org.apache.ratis.thirdparty.io.netty.channel.socket.nio.NioSocketChannel.doFinishConnect(NioSocketChannel.java:327)
	at org.apache.ratis.thirdparty.io.netty.channel.nio.AbstractNioChannel$AbstractNioUnsafe.finishConnect(AbstractNioChannel.java:340)
	at org.apache.ratis.thirdparty.io.netty.channel.nio.NioEventLoop.processSelectedKey(NioEventLoop.java:632)
	at org.apache.ratis.thirdparty.io.netty.channel.nio.NioEventLoop.processSelectedKeysOptimized(NioEventLoop.java:579)
	at org.apache.ratis.thirdparty.io.netty.channel.nio.NioEventLoop.processSelectedKeys(NioEventLoop.java:496)
	at org.apache.ratis.thirdparty.io.netty.channel.nio.NioEventLoop.run(NioEventLoop.java:458)
	at org.apache.ratis.thirdparty.io.netty.util.concurrent.SingleThreadEventExecutor$5.run(SingleThreadEventExecutor.java:897)
	at org.apache.ratis.thirdparty.io.netty.util.concurrent.FastThreadLocalRunnable.run(FastThreadLocalRunnable.java:30)
	... 1 more
Caused by: java.net.ConnectException: Connection refused
	... 11 more
2019-11-11 04:08:39,990 [9a305e64-7592-4199-ba7e-8c2223e9b548@group-A10C889AEEC0-LeaderElection42] INFO  impl.LeaderElection (LogUtils.java:infoOrTrace(149)) - 9a305e64-7592-4199-ba7e-8c2223e9b548@group-A10C889AEEC0-LeaderElection42 got exception when requesting votes: {}
java.util.concurrent.ExecutionException: org.apache.ratis.thirdparty.io.grpc.StatusRuntimeException: UNAVAILABLE: io exception
	at java.util.concurrent.FutureTask.report(FutureTask.java:122)
	at java.util.concurrent.FutureTask.get(FutureTask.java:192)
	at org.apache.ratis.server.impl.LeaderElection.waitForResults(LeaderElection.java:259)
	at org.apache.ratis.server.impl.LeaderElection.askForVotes(LeaderElection.java:197)
	at org.apache.ratis.server.impl.LeaderElection.run(LeaderElection.java:133)
	at java.lang.Thread.run(Thread.java:748)
Caused by: org.apache.ratis.thirdparty.io.grpc.StatusRuntimeException: UNAVAILABLE: io exception
	at org.apache.ratis.thirdparty.io.grpc.stub.ClientCalls.toStatusRuntimeException(ClientCalls.java:233)
	at org.apache.ratis.thirdparty.io.grpc.stub.ClientCalls.getUnchecked(ClientCalls.java:214)
	at org.apache.ratis.thirdparty.io.grpc.stub.ClientCalls.blockingUnaryCall(ClientCalls.java:139)
	at org.apache.ratis.proto.grpc.RaftServerProtocolServiceGrpc$RaftServerProtocolServiceBlockingStub.requestVote(RaftServerProtocolServiceGrpc.java:265)
	at org.apache.ratis.grpc.server.GrpcServerProtocolClient.requestVote(GrpcServerProtocolClient.java:99)
	at org.apache.ratis.grpc.server.GrpcService.requestVote(GrpcService.java:204)
	at org.apache.ratis.server.impl.LeaderElection.lambda$submitRequests$1(LeaderElection.java:234)
	at java.util.concurrent.FutureTask.run(FutureTask.java:266)
	at java.util.concurrent.Executors$RunnableAdapter.call(Executors.java:511)
	at java.util.concurrent.FutureTask.run(FutureTask.java:266)
	at java.util.concurrent.ThreadPoolExecutor.runWorker(ThreadPoolExecutor.java:1149)
	at java.util.concurrent.ThreadPoolExecutor$Worker.run(ThreadPoolExecutor.java:624)
	... 1 more
Caused by: org.apache.ratis.thirdparty.io.netty.channel.AbstractChannel$AnnotatedConnectException: Connection refused: /192.168.34.63:41296
	at sun.nio.ch.SocketChannelImpl.checkConnect(Native Method)
	at sun.nio.ch.SocketChannelImpl.finishConnect(SocketChannelImpl.java:717)
	at org.apache.ratis.thirdparty.io.netty.channel.socket.nio.NioSocketChannel.doFinishConnect(NioSocketChannel.java:327)
	at org.apache.ratis.thirdparty.io.netty.channel.nio.AbstractNioChannel$AbstractNioUnsafe.finishConnect(AbstractNioChannel.java:340)
	at org.apache.ratis.thirdparty.io.netty.channel.nio.NioEventLoop.processSelectedKey(NioEventLoop.java:632)
	at org.apache.ratis.thirdparty.io.netty.channel.nio.NioEventLoop.processSelectedKeysOptimized(NioEventLoop.java:579)
	at org.apache.ratis.thirdparty.io.netty.channel.nio.NioEventLoop.processSelectedKeys(NioEventLoop.java:496)
	at org.apache.ratis.thirdparty.io.netty.channel.nio.NioEventLoop.run(NioEventLoop.java:458)
	at org.apache.ratis.thirdparty.io.netty.util.concurrent.SingleThreadEventExecutor$5.run(SingleThreadEventExecutor.java:897)
	at org.apache.ratis.thirdparty.io.netty.util.concurrent.FastThreadLocalRunnable.run(FastThreadLocalRunnable.java:30)
	... 1 more
Caused by: java.net.ConnectException: Connection refused
	... 11 more
2019-11-11 04:08:39,990 [9a305e64-7592-4199-ba7e-8c2223e9b548@group-A10C889AEEC0-LeaderElection42] INFO  impl.LeaderElection (LeaderElection.java:logAndReturn(56)) - 9a305e64-7592-4199-ba7e-8c2223e9b548@group-A10C889AEEC0-LeaderElection42: Election REJECTED; received 0 response(s) [] and 2 exception(s); 9a305e64-7592-4199-ba7e-8c2223e9b548@group-A10C889AEEC0:t9, leader=null, voted=9a305e64-7592-4199-ba7e-8c2223e9b548, raftlog=9a305e64-7592-4199-ba7e-8c2223e9b548@group-A10C889AEEC0-SegmentedRaftLog:OPENED:c0,f0,i0, conf=0: [9a305e64-7592-4199-ba7e-8c2223e9b548:192.168.34.63:35969, c04805f0-1fdc-4096-9f0e-017639bb4de5:192.168.34.63:44743, f4ab3ec0-fcec-4fb2-8953-e521da90d916:192.168.34.63:41296], old=null
2019-11-11 04:08:39,990 [9a305e64-7592-4199-ba7e-8c2223e9b548@group-A10C889AEEC0-LeaderElection42] INFO  impl.LeaderElection (LogUtils.java:infoOrTrace(149)) -   Exception 0: {}
java.util.concurrent.ExecutionException: org.apache.ratis.thirdparty.io.grpc.StatusRuntimeException: UNAVAILABLE: io exception
	at java.util.concurrent.FutureTask.report(FutureTask.java:122)
	at java.util.concurrent.FutureTask.get(FutureTask.java:192)
	at org.apache.ratis.server.impl.LeaderElection.waitForResults(LeaderElection.java:259)
	at org.apache.ratis.server.impl.LeaderElection.askForVotes(LeaderElection.java:197)
	at org.apache.ratis.server.impl.LeaderElection.run(LeaderElection.java:133)
	at java.lang.Thread.run(Thread.java:748)
Caused by: org.apache.ratis.thirdparty.io.grpc.StatusRuntimeException: UNAVAILABLE: io exception
	at org.apache.ratis.thirdparty.io.grpc.stub.ClientCalls.toStatusRuntimeException(ClientCalls.java:233)
	at org.apache.ratis.thirdparty.io.grpc.stub.ClientCalls.getUnchecked(ClientCalls.java:214)
	at org.apache.ratis.thirdparty.io.grpc.stub.ClientCalls.blockingUnaryCall(ClientCalls.java:139)
	at org.apache.ratis.proto.grpc.RaftServerProtocolServiceGrpc$RaftServerProtocolServiceBlockingStub.requestVote(RaftServerProtocolServiceGrpc.java:265)
	at org.apache.ratis.grpc.server.GrpcServerProtocolClient.requestVote(GrpcServerProtocolClient.java:99)
	at org.apache.ratis.grpc.server.GrpcService.requestVote(GrpcService.java:204)
	at org.apache.ratis.server.impl.LeaderElection.lambda$submitRequests$1(LeaderElection.java:234)
	at java.util.concurrent.FutureTask.run(FutureTask.java:266)
	at java.util.concurrent.Executors$RunnableAdapter.call(Executors.java:511)
	at java.util.concurrent.FutureTask.run(FutureTask.java:266)
	at java.util.concurrent.ThreadPoolExecutor.runWorker(ThreadPoolExecutor.java:1149)
	at java.util.concurrent.ThreadPoolExecutor$Worker.run(ThreadPoolExecutor.java:624)
	... 1 more
Caused by: org.apache.ratis.thirdparty.io.netty.channel.AbstractChannel$AnnotatedConnectException: Connection refused: /192.168.34.63:44743
	at sun.nio.ch.SocketChannelImpl.checkConnect(Native Method)
	at sun.nio.ch.SocketChannelImpl.finishConnect(SocketChannelImpl.java:717)
	at org.apache.ratis.thirdparty.io.netty.channel.socket.nio.NioSocketChannel.doFinishConnect(NioSocketChannel.java:327)
	at org.apache.ratis.thirdparty.io.netty.channel.nio.AbstractNioChannel$AbstractNioUnsafe.finishConnect(AbstractNioChannel.java:340)
	at org.apache.ratis.thirdparty.io.netty.channel.nio.NioEventLoop.processSelectedKey(NioEventLoop.java:632)
	at org.apache.ratis.thirdparty.io.netty.channel.nio.NioEventLoop.processSelectedKeysOptimized(NioEventLoop.java:579)
	at org.apache.ratis.thirdparty.io.netty.channel.nio.NioEventLoop.processSelectedKeys(NioEventLoop.java:496)
	at org.apache.ratis.thirdparty.io.netty.channel.nio.NioEventLoop.run(NioEventLoop.java:458)
	at org.apache.ratis.thirdparty.io.netty.util.concurrent.SingleThreadEventExecutor$5.run(SingleThreadEventExecutor.java:897)
	at org.apache.ratis.thirdparty.io.netty.util.concurrent.FastThreadLocalRunnable.run(FastThreadLocalRunnable.java:30)
	... 1 more
Caused by: java.net.ConnectException: Connection refused
	... 11 more
2019-11-11 04:08:39,990 [9a305e64-7592-4199-ba7e-8c2223e9b548@group-A10C889AEEC0-LeaderElection42] INFO  impl.LeaderElection (LogUtils.java:infoOrTrace(149)) -   Exception 1: {}
java.util.concurrent.ExecutionException: org.apache.ratis.thirdparty.io.grpc.StatusRuntimeException: UNAVAILABLE: io exception
	at java.util.concurrent.FutureTask.report(FutureTask.java:122)
	at java.util.concurrent.FutureTask.get(FutureTask.java:192)
	at org.apache.ratis.server.impl.LeaderElection.waitForResults(LeaderElection.java:259)
	at org.apache.ratis.server.impl.LeaderElection.askForVotes(LeaderElection.java:197)
	at org.apache.ratis.server.impl.LeaderElection.run(LeaderElection.java:133)
	at java.lang.Thread.run(Thread.java:748)
Caused by: org.apache.ratis.thirdparty.io.grpc.StatusRuntimeException: UNAVAILABLE: io exception
	at org.apache.ratis.thirdparty.io.grpc.stub.ClientCalls.toStatusRuntimeException(ClientCalls.java:233)
	at org.apache.ratis.thirdparty.io.grpc.stub.ClientCalls.getUnchecked(ClientCalls.java:214)
	at org.apache.ratis.thirdparty.io.grpc.stub.ClientCalls.blockingUnaryCall(ClientCalls.java:139)
	at org.apache.ratis.proto.grpc.RaftServerProtocolServiceGrpc$RaftServerProtocolServiceBlockingStub.requestVote(RaftServerProtocolServiceGrpc.java:265)
	at org.apache.ratis.grpc.server.GrpcServerProtocolClient.requestVote(GrpcServerProtocolClient.java:99)
	at org.apache.ratis.grpc.server.GrpcService.requestVote(GrpcService.java:204)
	at org.apache.ratis.server.impl.LeaderElection.lambda$submitRequests$1(LeaderElection.java:234)
	at java.util.concurrent.FutureTask.run(FutureTask.java:266)
	at java.util.concurrent.Executors$RunnableAdapter.call(Executors.java:511)
	at java.util.concurrent.FutureTask.run(FutureTask.java:266)
	at java.util.concurrent.ThreadPoolExecutor.runWorker(ThreadPoolExecutor.java:1149)
	at java.util.concurrent.ThreadPoolExecutor$Worker.run(ThreadPoolExecutor.java:624)
	... 1 more
Caused by: org.apache.ratis.thirdparty.io.netty.channel.AbstractChannel$AnnotatedConnectException: Connection refused: /192.168.34.63:41296
	at sun.nio.ch.SocketChannelImpl.checkConnect(Native Method)
	at sun.nio.ch.SocketChannelImpl.finishConnect(SocketChannelImpl.java:717)
	at org.apache.ratis.thirdparty.io.netty.channel.socket.nio.NioSocketChannel.doFinishConnect(NioSocketChannel.java:327)
	at org.apache.ratis.thirdparty.io.netty.channel.nio.AbstractNioChannel$AbstractNioUnsafe.finishConnect(AbstractNioChannel.java:340)
	at org.apache.ratis.thirdparty.io.netty.channel.nio.NioEventLoop.processSelectedKey(NioEventLoop.java:632)
	at org.apache.ratis.thirdparty.io.netty.channel.nio.NioEventLoop.processSelectedKeysOptimized(NioEventLoop.java:579)
	at org.apache.ratis.thirdparty.io.netty.channel.nio.NioEventLoop.processSelectedKeys(NioEventLoop.java:496)
	at org.apache.ratis.thirdparty.io.netty.channel.nio.NioEventLoop.run(NioEventLoop.java:458)
	at org.apache.ratis.thirdparty.io.netty.util.concurrent.SingleThreadEventExecutor$5.run(SingleThreadEventExecutor.java:897)
	at org.apache.ratis.thirdparty.io.netty.util.concurrent.FastThreadLocalRunnable.run(FastThreadLocalRunnable.java:30)
	... 1 more
Caused by: java.net.ConnectException: Connection refused
	... 11 more
2019-11-11 04:08:39,991 [9a305e64-7592-4199-ba7e-8c2223e9b548@group-A10C889AEEC0-LeaderElection42] INFO  impl.RaftServerImpl (RaftServerImpl.java:setRole(173)) - 9a305e64-7592-4199-ba7e-8c2223e9b548@group-A10C889AEEC0: changes role from CANDIDATE to FOLLOWER at term 9 for DISCOVERED_A_NEW_TERM
2019-11-11 04:08:39,991 [9a305e64-7592-4199-ba7e-8c2223e9b548@group-A10C889AEEC0-LeaderElection42] INFO  impl.RoleInfo (RoleInfo.java:shutdownLeaderElection(134)) - 9a305e64-7592-4199-ba7e-8c2223e9b548: shutdown LeaderElection
2019-11-11 04:08:39,991 [9a305e64-7592-4199-ba7e-8c2223e9b548@group-A10C889AEEC0-LeaderElection42] INFO  impl.RoleInfo (RoleInfo.java:updateAndGet(143)) - 9a305e64-7592-4199-ba7e-8c2223e9b548: start FollowerState
2019-11-11 04:08:40,039 [grpc-default-executor-7] WARN  server.GrpcLogAppender (LogUtils.java:warn(134)) - 9a305e64-7592-4199-ba7e-8c2223e9b548@group-F4D747E15FF8->f4ab3ec0-fcec-4fb2-8953-e521da90d916-AppendLogResponseHandler: Failed appendEntries: org.apache.ratis.thirdparty.io.grpc.StatusRuntimeException: UNAVAILABLE: io exception
2019-11-11 04:08:40,040 [grpc-default-executor-7] INFO  impl.FollowerInfo (FollowerInfo.java:lambda$new$0(51)) - 9a305e64-7592-4199-ba7e-8c2223e9b548@group-F4D747E15FF8->f4ab3ec0-fcec-4fb2-8953-e521da90d916: nextIndex: updateUnconditionally 0 -> 0
2019-11-11 04:08:40,090 [org.apache.ratis.server.impl.LogAppender$AppenderDaemon$$Lambda$651/545843685@69bcbdd4] ERROR ratis.XceiverServerRatis (XceiverServerRatis.java:triggerPipelineClose(577)) - pipeline Action CLOSE  on pipeline PipelineID=31ac6f49-abee-419e-8f26-f4d747e15ff8.Reason : 9a305e64-7592-4199-ba7e-8c2223e9b548 has not seen follower/s 61021d77-0677-40a1-98e7-8ba643935ac0 for 129564ms
2019-11-11 04:08:40,091 [grpc-default-executor-8] WARN  server.GrpcLogAppender (LogUtils.java:warn(134)) - 9a305e64-7592-4199-ba7e-8c2223e9b548@group-F4D747E15FF8->61021d77-0677-40a1-98e7-8ba643935ac0-AppendLogResponseHandler: Failed appendEntries: org.apache.ratis.thirdparty.io.grpc.StatusRuntimeException: UNAVAILABLE: io exception
2019-11-11 04:08:40,091 [grpc-default-executor-8] INFO  impl.FollowerInfo (FollowerInfo.java:lambda$new$0(51)) - 9a305e64-7592-4199-ba7e-8c2223e9b548@group-F4D747E15FF8->61021d77-0677-40a1-98e7-8ba643935ac0: nextIndex: updateUnconditionally 0 -> 0
2019-11-11 04:08:40,387 [Thread-1142] INFO  impl.FollowerState (FollowerState.java:run(111)) - 9a305e64-7592-4199-ba7e-8c2223e9b548@group-D5F2B638C171-FollowerState: change to CANDIDATE, lastRpcTime:1065ms, electionTimeout:1065ms
2019-11-11 04:08:40,387 [Thread-1142] INFO  impl.RoleInfo (RoleInfo.java:shutdownFollowerState(121)) - 9a305e64-7592-4199-ba7e-8c2223e9b548: shutdown FollowerState
2019-11-11 04:08:40,387 [Thread-1142] INFO  impl.RaftServerImpl (RaftServerImpl.java:setRole(173)) - 9a305e64-7592-4199-ba7e-8c2223e9b548@group-D5F2B638C171: changes role from  FOLLOWER to CANDIDATE at term 9 for changeToCandidate
2019-11-11 04:08:40,387 [Thread-1142] INFO  impl.RoleInfo (RoleInfo.java:updateAndGet(143)) - 9a305e64-7592-4199-ba7e-8c2223e9b548: start LeaderElection
2019-11-11 04:08:40,402 [9a305e64-7592-4199-ba7e-8c2223e9b548@group-D5F2B638C171-LeaderElection43] INFO  impl.LeaderElection (LeaderElection.java:askForVotes(178)) - 9a305e64-7592-4199-ba7e-8c2223e9b548@group-D5F2B638C171-LeaderElection43: begin an election at term 10 for 0: [9a305e64-7592-4199-ba7e-8c2223e9b548:192.168.34.63:35969, c04805f0-1fdc-4096-9f0e-017639bb4de5:192.168.34.63:44743, f4ab3ec0-fcec-4fb2-8953-e521da90d916:192.168.34.63:41296], old=null
2019-11-11 04:08:40,403 [9a305e64-7592-4199-ba7e-8c2223e9b548@group-D5F2B638C171-LeaderElection43] INFO  impl.LeaderElection (LogUtils.java:infoOrTrace(149)) - 9a305e64-7592-4199-ba7e-8c2223e9b548@group-D5F2B638C171-LeaderElection43 got exception when requesting votes: {}
java.util.concurrent.ExecutionException: org.apache.ratis.thirdparty.io.grpc.StatusRuntimeException: UNAVAILABLE: io exception
	at java.util.concurrent.FutureTask.report(FutureTask.java:122)
	at java.util.concurrent.FutureTask.get(FutureTask.java:192)
	at org.apache.ratis.server.impl.LeaderElection.waitForResults(LeaderElection.java:259)
	at org.apache.ratis.server.impl.LeaderElection.askForVotes(LeaderElection.java:197)
	at org.apache.ratis.server.impl.LeaderElection.run(LeaderElection.java:133)
	at java.lang.Thread.run(Thread.java:748)
Caused by: org.apache.ratis.thirdparty.io.grpc.StatusRuntimeException: UNAVAILABLE: io exception
	at org.apache.ratis.thirdparty.io.grpc.stub.ClientCalls.toStatusRuntimeException(ClientCalls.java:233)
	at org.apache.ratis.thirdparty.io.grpc.stub.ClientCalls.getUnchecked(ClientCalls.java:214)
	at org.apache.ratis.thirdparty.io.grpc.stub.ClientCalls.blockingUnaryCall(ClientCalls.java:139)
	at org.apache.ratis.proto.grpc.RaftServerProtocolServiceGrpc$RaftServerProtocolServiceBlockingStub.requestVote(RaftServerProtocolServiceGrpc.java:265)
	at org.apache.ratis.grpc.server.GrpcServerProtocolClient.requestVote(GrpcServerProtocolClient.java:99)
	at org.apache.ratis.grpc.server.GrpcService.requestVote(GrpcService.java:204)
	at org.apache.ratis.server.impl.LeaderElection.lambda$submitRequests$1(LeaderElection.java:234)
	at java.util.concurrent.FutureTask.run(FutureTask.java:266)
	at java.util.concurrent.Executors$RunnableAdapter.call(Executors.java:511)
	at java.util.concurrent.FutureTask.run(FutureTask.java:266)
	at java.util.concurrent.ThreadPoolExecutor.runWorker(ThreadPoolExecutor.java:1149)
	at java.util.concurrent.ThreadPoolExecutor$Worker.run(ThreadPoolExecutor.java:624)
	... 1 more
Caused by: org.apache.ratis.thirdparty.io.netty.channel.AbstractChannel$AnnotatedConnectException: Connection refused: /192.168.34.63:44743
	at sun.nio.ch.SocketChannelImpl.checkConnect(Native Method)
	at sun.nio.ch.SocketChannelImpl.finishConnect(SocketChannelImpl.java:717)
	at org.apache.ratis.thirdparty.io.netty.channel.socket.nio.NioSocketChannel.doFinishConnect(NioSocketChannel.java:327)
	at org.apache.ratis.thirdparty.io.netty.channel.nio.AbstractNioChannel$AbstractNioUnsafe.finishConnect(AbstractNioChannel.java:340)
	at org.apache.ratis.thirdparty.io.netty.channel.nio.NioEventLoop.processSelectedKey(NioEventLoop.java:632)
	at org.apache.ratis.thirdparty.io.netty.channel.nio.NioEventLoop.processSelectedKeysOptimized(NioEventLoop.java:579)
	at org.apache.ratis.thirdparty.io.netty.channel.nio.NioEventLoop.processSelectedKeys(NioEventLoop.java:496)
	at org.apache.ratis.thirdparty.io.netty.channel.nio.NioEventLoop.run(NioEventLoop.java:458)
	at org.apache.ratis.thirdparty.io.netty.util.concurrent.SingleThreadEventExecutor$5.run(SingleThreadEventExecutor.java:897)
	at org.apache.ratis.thirdparty.io.netty.util.concurrent.FastThreadLocalRunnable.run(FastThreadLocalRunnable.java:30)
	... 1 more
Caused by: java.net.ConnectException: Connection refused
	... 11 more
2019-11-11 04:08:40,405 [9a305e64-7592-4199-ba7e-8c2223e9b548@group-D5F2B638C171-LeaderElection43] INFO  impl.LeaderElection (LogUtils.java:infoOrTrace(149)) - 9a305e64-7592-4199-ba7e-8c2223e9b548@group-D5F2B638C171-LeaderElection43 got exception when requesting votes: {}
java.util.concurrent.ExecutionException: org.apache.ratis.thirdparty.io.grpc.StatusRuntimeException: UNAVAILABLE: io exception
	at java.util.concurrent.FutureTask.report(FutureTask.java:122)
	at java.util.concurrent.FutureTask.get(FutureTask.java:192)
	at org.apache.ratis.server.impl.LeaderElection.waitForResults(LeaderElection.java:259)
	at org.apache.ratis.server.impl.LeaderElection.askForVotes(LeaderElection.java:197)
	at org.apache.ratis.server.impl.LeaderElection.run(LeaderElection.java:133)
	at java.lang.Thread.run(Thread.java:748)
Caused by: org.apache.ratis.thirdparty.io.grpc.StatusRuntimeException: UNAVAILABLE: io exception
	at org.apache.ratis.thirdparty.io.grpc.stub.ClientCalls.toStatusRuntimeException(ClientCalls.java:233)
	at org.apache.ratis.thirdparty.io.grpc.stub.ClientCalls.getUnchecked(ClientCalls.java:214)
	at org.apache.ratis.thirdparty.io.grpc.stub.ClientCalls.blockingUnaryCall(ClientCalls.java:139)
	at org.apache.ratis.proto.grpc.RaftServerProtocolServiceGrpc$RaftServerProtocolServiceBlockingStub.requestVote(RaftServerProtocolServiceGrpc.java:265)
	at org.apache.ratis.grpc.server.GrpcServerProtocolClient.requestVote(GrpcServerProtocolClient.java:99)
	at org.apache.ratis.grpc.server.GrpcService.requestVote(GrpcService.java:204)
	at org.apache.ratis.server.impl.LeaderElection.lambda$submitRequests$1(LeaderElection.java:234)
	at java.util.concurrent.FutureTask.run(FutureTask.java:266)
	at java.util.concurrent.Executors$RunnableAdapter.call(Executors.java:511)
	at java.util.concurrent.FutureTask.run(FutureTask.java:266)
	at java.util.concurrent.ThreadPoolExecutor.runWorker(ThreadPoolExecutor.java:1149)
	at java.util.concurrent.ThreadPoolExecutor$Worker.run(ThreadPoolExecutor.java:624)
	... 1 more
Caused by: org.apache.ratis.thirdparty.io.netty.channel.AbstractChannel$AnnotatedConnectException: Connection refused: /192.168.34.63:41296
	at sun.nio.ch.SocketChannelImpl.checkConnect(Native Method)
	at sun.nio.ch.SocketChannelImpl.finishConnect(SocketChannelImpl.java:717)
	at org.apache.ratis.thirdparty.io.netty.channel.socket.nio.NioSocketChannel.doFinishConnect(NioSocketChannel.java:327)
	at org.apache.ratis.thirdparty.io.netty.channel.nio.AbstractNioChannel$AbstractNioUnsafe.finishConnect(AbstractNioChannel.java:340)
	at org.apache.ratis.thirdparty.io.netty.channel.nio.NioEventLoop.processSelectedKey(NioEventLoop.java:632)
	at org.apache.ratis.thirdparty.io.netty.channel.nio.NioEventLoop.processSelectedKeysOptimized(NioEventLoop.java:579)
	at org.apache.ratis.thirdparty.io.netty.channel.nio.NioEventLoop.processSelectedKeys(NioEventLoop.java:496)
	at org.apache.ratis.thirdparty.io.netty.channel.nio.NioEventLoop.run(NioEventLoop.java:458)
	at org.apache.ratis.thirdparty.io.netty.util.concurrent.SingleThreadEventExecutor$5.run(SingleThreadEventExecutor.java:897)
	at org.apache.ratis.thirdparty.io.netty.util.concurrent.FastThreadLocalRunnable.run(FastThreadLocalRunnable.java:30)
	... 1 more
Caused by: java.net.ConnectException: Connection refused
	... 11 more
2019-11-11 04:08:40,405 [9a305e64-7592-4199-ba7e-8c2223e9b548@group-D5F2B638C171-LeaderElection43] INFO  impl.LeaderElection (LeaderElection.java:logAndReturn(56)) - 9a305e64-7592-4199-ba7e-8c2223e9b548@group-D5F2B638C171-LeaderElection43: Election REJECTED; received 0 response(s) [] and 2 exception(s); 9a305e64-7592-4199-ba7e-8c2223e9b548@group-D5F2B638C171:t10, leader=null, voted=9a305e64-7592-4199-ba7e-8c2223e9b548, raftlog=9a305e64-7592-4199-ba7e-8c2223e9b548@group-D5F2B638C171-SegmentedRaftLog:OPENED:c0,f0,i0, conf=0: [9a305e64-7592-4199-ba7e-8c2223e9b548:192.168.34.63:35969, c04805f0-1fdc-4096-9f0e-017639bb4de5:192.168.34.63:44743, f4ab3ec0-fcec-4fb2-8953-e521da90d916:192.168.34.63:41296], old=null
2019-11-11 04:08:40,405 [9a305e64-7592-4199-ba7e-8c2223e9b548@group-D5F2B638C171-LeaderElection43] INFO  impl.LeaderElection (LogUtils.java:infoOrTrace(149)) -   Exception 0: {}
java.util.concurrent.ExecutionException: org.apache.ratis.thirdparty.io.grpc.StatusRuntimeException: UNAVAILABLE: io exception
	at java.util.concurrent.FutureTask.report(FutureTask.java:122)
	at java.util.concurrent.FutureTask.get(FutureTask.java:192)
	at org.apache.ratis.server.impl.LeaderElection.waitForResults(LeaderElection.java:259)
	at org.apache.ratis.server.impl.LeaderElection.askForVotes(LeaderElection.java:197)
	at org.apache.ratis.server.impl.LeaderElection.run(LeaderElection.java:133)
	at java.lang.Thread.run(Thread.java:748)
Caused by: org.apache.ratis.thirdparty.io.grpc.StatusRuntimeException: UNAVAILABLE: io exception
	at org.apache.ratis.thirdparty.io.grpc.stub.ClientCalls.toStatusRuntimeException(ClientCalls.java:233)
	at org.apache.ratis.thirdparty.io.grpc.stub.ClientCalls.getUnchecked(ClientCalls.java:214)
	at org.apache.ratis.thirdparty.io.grpc.stub.ClientCalls.blockingUnaryCall(ClientCalls.java:139)
	at org.apache.ratis.proto.grpc.RaftServerProtocolServiceGrpc$RaftServerProtocolServiceBlockingStub.requestVote(RaftServerProtocolServiceGrpc.java:265)
	at org.apache.ratis.grpc.server.GrpcServerProtocolClient.requestVote(GrpcServerProtocolClient.java:99)
	at org.apache.ratis.grpc.server.GrpcService.requestVote(GrpcService.java:204)
	at org.apache.ratis.server.impl.LeaderElection.lambda$submitRequests$1(LeaderElection.java:234)
	at java.util.concurrent.FutureTask.run(FutureTask.java:266)
	at java.util.concurrent.Executors$RunnableAdapter.call(Executors.java:511)
	at java.util.concurrent.FutureTask.run(FutureTask.java:266)
	at java.util.concurrent.ThreadPoolExecutor.runWorker(ThreadPoolExecutor.java:1149)
	at java.util.concurrent.ThreadPoolExecutor$Worker.run(ThreadPoolExecutor.java:624)
	... 1 more
Caused by: org.apache.ratis.thirdparty.io.netty.channel.AbstractChannel$AnnotatedConnectException: Connection refused: /192.168.34.63:44743
	at sun.nio.ch.SocketChannelImpl.checkConnect(Native Method)
	at sun.nio.ch.SocketChannelImpl.finishConnect(SocketChannelImpl.java:717)
	at org.apache.ratis.thirdparty.io.netty.channel.socket.nio.NioSocketChannel.doFinishConnect(NioSocketChannel.java:327)
	at org.apache.ratis.thirdparty.io.netty.channel.nio.AbstractNioChannel$AbstractNioUnsafe.finishConnect(AbstractNioChannel.java:340)
	at org.apache.ratis.thirdparty.io.netty.channel.nio.NioEventLoop.processSelectedKey(NioEventLoop.java:632)
	at org.apache.ratis.thirdparty.io.netty.channel.nio.NioEventLoop.processSelectedKeysOptimized(NioEventLoop.java:579)
	at org.apache.ratis.thirdparty.io.netty.channel.nio.NioEventLoop.processSelectedKeys(NioEventLoop.java:496)
	at org.apache.ratis.thirdparty.io.netty.channel.nio.NioEventLoop.run(NioEventLoop.java:458)
	at org.apache.ratis.thirdparty.io.netty.util.concurrent.SingleThreadEventExecutor$5.run(SingleThreadEventExecutor.java:897)
	at org.apache.ratis.thirdparty.io.netty.util.concurrent.FastThreadLocalRunnable.run(FastThreadLocalRunnable.java:30)
	... 1 more
Caused by: java.net.ConnectException: Connection refused
	... 11 more
2019-11-11 04:08:40,405 [9a305e64-7592-4199-ba7e-8c2223e9b548@group-D5F2B638C171-LeaderElection43] INFO  impl.LeaderElection (LogUtils.java:infoOrTrace(149)) -   Exception 1: {}
java.util.concurrent.ExecutionException: org.apache.ratis.thirdparty.io.grpc.StatusRuntimeException: UNAVAILABLE: io exception
	at java.util.concurrent.FutureTask.report(FutureTask.java:122)
	at java.util.concurrent.FutureTask.get(FutureTask.java:192)
	at org.apache.ratis.server.impl.LeaderElection.waitForResults(LeaderElection.java:259)
	at org.apache.ratis.server.impl.LeaderElection.askForVotes(LeaderElection.java:197)
	at org.apache.ratis.server.impl.LeaderElection.run(LeaderElection.java:133)
	at java.lang.Thread.run(Thread.java:748)
Caused by: org.apache.ratis.thirdparty.io.grpc.StatusRuntimeException: UNAVAILABLE: io exception
	at org.apache.ratis.thirdparty.io.grpc.stub.ClientCalls.toStatusRuntimeException(ClientCalls.java:233)
	at org.apache.ratis.thirdparty.io.grpc.stub.ClientCalls.getUnchecked(ClientCalls.java:214)
	at org.apache.ratis.thirdparty.io.grpc.stub.ClientCalls.blockingUnaryCall(ClientCalls.java:139)
	at org.apache.ratis.proto.grpc.RaftServerProtocolServiceGrpc$RaftServerProtocolServiceBlockingStub.requestVote(RaftServerProtocolServiceGrpc.java:265)
	at org.apache.ratis.grpc.server.GrpcServerProtocolClient.requestVote(GrpcServerProtocolClient.java:99)
	at org.apache.ratis.grpc.server.GrpcService.requestVote(GrpcService.java:204)
	at org.apache.ratis.server.impl.LeaderElection.lambda$submitRequests$1(LeaderElection.java:234)
	at java.util.concurrent.FutureTask.run(FutureTask.java:266)
	at java.util.concurrent.Executors$RunnableAdapter.call(Executors.java:511)
	at java.util.concurrent.FutureTask.run(FutureTask.java:266)
	at java.util.concurrent.ThreadPoolExecutor.runWorker(ThreadPoolExecutor.java:1149)
	at java.util.concurrent.ThreadPoolExecutor$Worker.run(ThreadPoolExecutor.java:624)
	... 1 more
Caused by: org.apache.ratis.thirdparty.io.netty.channel.AbstractChannel$AnnotatedConnectException: Connection refused: /192.168.34.63:41296
	at sun.nio.ch.SocketChannelImpl.checkConnect(Native Method)
	at sun.nio.ch.SocketChannelImpl.finishConnect(SocketChannelImpl.java:717)
	at org.apache.ratis.thirdparty.io.netty.channel.socket.nio.NioSocketChannel.doFinishConnect(NioSocketChannel.java:327)
	at org.apache.ratis.thirdparty.io.netty.channel.nio.AbstractNioChannel$AbstractNioUnsafe.finishConnect(AbstractNioChannel.java:340)
	at org.apache.ratis.thirdparty.io.netty.channel.nio.NioEventLoop.processSelectedKey(NioEventLoop.java:632)
	at org.apache.ratis.thirdparty.io.netty.channel.nio.NioEventLoop.processSelectedKeysOptimized(NioEventLoop.java:579)
	at org.apache.ratis.thirdparty.io.netty.channel.nio.NioEventLoop.processSelectedKeys(NioEventLoop.java:496)
	at org.apache.ratis.thirdparty.io.netty.channel.nio.NioEventLoop.run(NioEventLoop.java:458)
	at org.apache.ratis.thirdparty.io.netty.util.concurrent.SingleThreadEventExecutor$5.run(SingleThreadEventExecutor.java:897)
	at org.apache.ratis.thirdparty.io.netty.util.concurrent.FastThreadLocalRunnable.run(FastThreadLocalRunnable.java:30)
	... 1 more
Caused by: java.net.ConnectException: Connection refused
	... 11 more
2019-11-11 04:08:40,406 [9a305e64-7592-4199-ba7e-8c2223e9b548@group-D5F2B638C171-LeaderElection43] INFO  impl.RaftServerImpl (RaftServerImpl.java:setRole(173)) - 9a305e64-7592-4199-ba7e-8c2223e9b548@group-D5F2B638C171: changes role from CANDIDATE to FOLLOWER at term 10 for DISCOVERED_A_NEW_TERM
2019-11-11 04:08:40,406 [9a305e64-7592-4199-ba7e-8c2223e9b548@group-D5F2B638C171-LeaderElection43] INFO  impl.RoleInfo (RoleInfo.java:shutdownLeaderElection(134)) - 9a305e64-7592-4199-ba7e-8c2223e9b548: shutdown LeaderElection
2019-11-11 04:08:40,406 [9a305e64-7592-4199-ba7e-8c2223e9b548@group-D5F2B638C171-LeaderElection43] INFO  impl.RoleInfo (RoleInfo.java:updateAndGet(143)) - 9a305e64-7592-4199-ba7e-8c2223e9b548: start FollowerState
2019-11-11 04:08:40,500 [EventQueue-PipelineActionsForPipelineActionHandler] ERROR pipeline.PipelineActionHandler (PipelineActionHandler.java:onMessage(60)) - Received pipeline action CLOSE for Pipeline[ Id: 31ac6f49-abee-419e-8f26-f4d747e15ff8, Nodes: 61021d77-0677-40a1-98e7-8ba643935ac0{ip: 192.168.34.63, host: trunk-nightly-20191111-g5xpl-2663879777, networkLocation: /default-rack, certSerialId: null}f4ab3ec0-fcec-4fb2-8953-e521da90d916{ip: 192.168.34.63, host: trunk-nightly-20191111-g5xpl-2663879777, networkLocation: /default-rack, certSerialId: null}9a305e64-7592-4199-ba7e-8c2223e9b548{ip: 192.168.34.63, host: trunk-nightly-20191111-g5xpl-2663879777, networkLocation: /default-rack, certSerialId: null}, Type:RATIS, Factor:THREE, State:CLOSED] from datanode 9a305e64-7592-4199-ba7e-8c2223e9b548{ip: 192.168.34.63, host: trunk-nightly-20191111-g5xpl-2663879777, networkLocation: /default-rack, certSerialId: null}. Reason : 9a305e64-7592-4199-ba7e-8c2223e9b548 has not seen follower/s 61021d77-0677-40a1-98e7-8ba643935ac0 for 129063ms
2019-11-11 04:08:40,501 [EventQueue-PipelineActionsForPipelineActionHandler] INFO  pipeline.SCMPipelineManager (SCMPipelineManager.java:finalizeAndDestroyPipeline(315)) - destroying pipeline:Pipeline[ Id: 31ac6f49-abee-419e-8f26-f4d747e15ff8, Nodes: 61021d77-0677-40a1-98e7-8ba643935ac0{ip: 192.168.34.63, host: trunk-nightly-20191111-g5xpl-2663879777, networkLocation: /default-rack, certSerialId: null}f4ab3ec0-fcec-4fb2-8953-e521da90d916{ip: 192.168.34.63, host: trunk-nightly-20191111-g5xpl-2663879777, networkLocation: /default-rack, certSerialId: null}9a305e64-7592-4199-ba7e-8c2223e9b548{ip: 192.168.34.63, host: trunk-nightly-20191111-g5xpl-2663879777, networkLocation: /default-rack, certSerialId: null}, Type:RATIS, Factor:THREE, State:CLOSED]
2019-11-11 04:08:40,540 [grpc-default-executor-8] WARN  server.GrpcLogAppender (LogUtils.java:warn(134)) - 9a305e64-7592-4199-ba7e-8c2223e9b548@group-F4D747E15FF8->f4ab3ec0-fcec-4fb2-8953-e521da90d916-AppendLogResponseHandler: Failed appendEntries: org.apache.ratis.thirdparty.io.grpc.StatusRuntimeException: UNAVAILABLE: io exception
2019-11-11 04:08:40,540 [grpc-default-executor-8] INFO  impl.FollowerInfo (FollowerInfo.java:lambda$new$0(51)) - 9a305e64-7592-4199-ba7e-8c2223e9b548@group-F4D747E15FF8->f4ab3ec0-fcec-4fb2-8953-e521da90d916: nextIndex: updateUnconditionally 0 -> 0
2019-11-11 04:08:40,591 [org.apache.ratis.server.impl.LogAppender$AppenderDaemon$$Lambda$651/545843685@69bcbdd4] ERROR ratis.XceiverServerRatis (XceiverServerRatis.java:triggerPipelineClose(577)) - pipeline Action CLOSE  on pipeline PipelineID=31ac6f49-abee-419e-8f26-f4d747e15ff8.Reason : 9a305e64-7592-4199-ba7e-8c2223e9b548 has not seen follower/s 61021d77-0677-40a1-98e7-8ba643935ac0 for 130065ms
2019-11-11 04:08:40,592 [grpc-default-executor-2] WARN  server.GrpcLogAppender (LogUtils.java:warn(134)) - 9a305e64-7592-4199-ba7e-8c2223e9b548@group-F4D747E15FF8->61021d77-0677-40a1-98e7-8ba643935ac0-AppendLogResponseHandler: Failed appendEntries: org.apache.ratis.thirdparty.io.grpc.StatusRuntimeException: UNAVAILABLE: io exception
2019-11-11 04:08:40,592 [grpc-default-executor-2] INFO  impl.FollowerInfo (FollowerInfo.java:lambda$new$0(51)) - 9a305e64-7592-4199-ba7e-8c2223e9b548@group-F4D747E15FF8->61021d77-0677-40a1-98e7-8ba643935ac0: nextIndex: updateUnconditionally 0 -> 0
2019-11-11 04:08:40,961 [main] INFO  ozoneimpl.OzoneContainer (OzoneContainer.java:stop(232)) - Attempting to stop container services.
2019-11-11 04:08:40,962 [main] INFO  impl.RaftServerProxy (RaftServerProxy.java:lambda$close$4(314)) - 2c20ae6c-af6b-4306-aa25-2e8ec2c82706: close
2019-11-11 04:08:40,962 [main] INFO  server.GrpcService (GrpcService.java:closeImpl(164)) - 2c20ae6c-af6b-4306-aa25-2e8ec2c82706: shutdown server with port 40405 now
2019-11-11 04:08:40,963 [main] INFO  server.GrpcService (GrpcService.java:closeImpl(172)) - 2c20ae6c-af6b-4306-aa25-2e8ec2c82706: shutdown server with port 40405 successfully
2019-11-11 04:08:40,968 [refreshUsed-/workdir/hadoop-ozone/integration-test/target/test-dir/MiniOzoneClusterImpl-6985d1c7-7309-41e2-b49d-91e186e08ffa/datanode-9/data/containers] WARN  fs.CachingGetSpaceUsed (CachingGetSpaceUsed.java:run(183)) - Thread Interrupted waiting to refresh disk information: sleep interrupted
2019-11-11 04:08:40,972 [ForkJoinPool.commonPool-worker-0] INFO  ozoneimpl.OzoneContainer (OzoneContainer.java:stop(232)) - Attempting to stop container services.
2019-11-11 04:08:40,972 [ForkJoinPool.commonPool-worker-0] INFO  impl.RaftServerProxy (RaftServerProxy.java:lambda$close$4(314)) - 90a91113-ef53-4822-bd96-80f1f58bf72c: close
2019-11-11 04:08:40,972 [ForkJoinPool.commonPool-worker-0] INFO  server.GrpcService (GrpcService.java:closeImpl(164)) - 90a91113-ef53-4822-bd96-80f1f58bf72c: shutdown server with port 38233 now
2019-11-11 04:08:40,972 [ForkJoinPool.commonPool-worker-0] INFO  server.GrpcService (GrpcService.java:closeImpl(172)) - 90a91113-ef53-4822-bd96-80f1f58bf72c: shutdown server with port 38233 successfully
2019-11-11 04:08:40,974 [refreshUsed-/workdir/hadoop-ozone/integration-test/target/test-dir/MiniOzoneClusterImpl-6985d1c7-7309-41e2-b49d-91e186e08ffa/datanode-4/data/containers] WARN  fs.CachingGetSpaceUsed (CachingGetSpaceUsed.java:run(183)) - Thread Interrupted waiting to refresh disk information: sleep interrupted
2019-11-11 04:08:40,984 [main] INFO  utils.BackgroundService (BackgroundService.java:shutdown(151)) - Shutting down service BlockDeletingService
2019-11-11 04:08:40,987 [main] INFO  statemachine.DatanodeStateMachine (DatanodeStateMachine.java:stopDaemon(395)) - Ozone container server stopped.
2019-11-11 04:08:40,988 [main] INFO  handler.ContextHandler (ContextHandler.java:doStop(910)) - Stopped o.e.j.w.WebAppContext@6ada9c0c{/,null,UNAVAILABLE}{/hddsDatanode}
2019-11-11 04:08:40,989 [main] INFO  server.AbstractConnector (AbstractConnector.java:doStop(318)) - Stopped ServerConnector@7412ed6b{HTTP/1.1,[http/1.1]}{0.0.0.0:0}
2019-11-11 04:08:40,989 [main] INFO  handler.ContextHandler (ContextHandler.java:doStop(910)) - Stopped o.e.j.s.ServletContextHandler@7b122839{/static,jar:file:/home/user/.m2/repository/org/apache/hadoop/hadoop-hdds-container-service/0.5.0-SNAPSHOT/hadoop-hdds-container-service-0.5.0-SNAPSHOT.jar!/webapps/static,UNAVAILABLE}
2019-11-11 04:08:40,990 [main] INFO  handler.ContextHandler (ContextHandler.java:doStop(910)) - Stopped o.e.j.s.ServletContextHandler@512d6e60{/logs,file:///workdir/hadoop-ozone/integration-test/target/log,UNAVAILABLE}
2019-11-11 04:08:40,993 [ForkJoinPool.commonPool-worker-0] INFO  utils.BackgroundService (BackgroundService.java:shutdown(151)) - Shutting down service BlockDeletingService
2019-11-11 04:08:40,995 [ForkJoinPool.commonPool-worker-0] INFO  statemachine.DatanodeStateMachine (DatanodeStateMachine.java:stopDaemon(395)) - Ozone container server stopped.
2019-11-11 04:08:40,997 [ForkJoinPool.commonPool-worker-0] INFO  handler.ContextHandler (ContextHandler.java:doStop(910)) - Stopped o.e.j.w.WebAppContext@733aa9d8{/,null,UNAVAILABLE}{/hddsDatanode}
2019-11-11 04:08:40,998 [ForkJoinPool.commonPool-worker-0] INFO  server.AbstractConnector (AbstractConnector.java:doStop(318)) - Stopped ServerConnector@6dcc40f5{HTTP/1.1,[http/1.1]}{0.0.0.0:0}
2019-11-11 04:08:40,999 [ForkJoinPool.commonPool-worker-0] INFO  handler.ContextHandler (ContextHandler.java:doStop(910)) - Stopped o.e.j.s.ServletContextHandler@2aff9dff{/static,jar:file:/home/user/.m2/repository/org/apache/hadoop/hadoop-hdds-container-service/0.5.0-SNAPSHOT/hadoop-hdds-container-service-0.5.0-SNAPSHOT.jar!/webapps/static,UNAVAILABLE}
2019-11-11 04:08:41,000 [ForkJoinPool.commonPool-worker-0] INFO  handler.ContextHandler (ContextHandler.java:doStop(910)) - Stopped o.e.j.s.ServletContextHandler@6c3659be{/logs,file:///workdir/hadoop-ozone/integration-test/target/log,UNAVAILABLE}
2019-11-11 04:08:41,028 [Thread-1146] INFO  impl.FollowerState (FollowerState.java:run(111)) - 9a305e64-7592-4199-ba7e-8c2223e9b548@group-A10C889AEEC0-FollowerState: change to CANDIDATE, lastRpcTime:1037ms, electionTimeout:1037ms
2019-11-11 04:08:41,028 [Thread-1146] INFO  impl.RoleInfo (RoleInfo.java:shutdownFollowerState(121)) - 9a305e64-7592-4199-ba7e-8c2223e9b548: shutdown FollowerState
2019-11-11 04:08:41,029 [Thread-1146] INFO  impl.RaftServerImpl (RaftServerImpl.java:setRole(173)) - 9a305e64-7592-4199-ba7e-8c2223e9b548@group-A10C889AEEC0: changes role from  FOLLOWER to CANDIDATE at term 9 for changeToCandidate
2019-11-11 04:08:41,030 [Thread-1146] INFO  impl.RoleInfo (RoleInfo.java:updateAndGet(143)) - 9a305e64-7592-4199-ba7e-8c2223e9b548: start LeaderElection
2019-11-11 04:08:41,041 [grpc-default-executor-7] WARN  server.GrpcLogAppender (LogUtils.java:warn(134)) - 9a305e64-7592-4199-ba7e-8c2223e9b548@group-F4D747E15FF8->f4ab3ec0-fcec-4fb2-8953-e521da90d916-AppendLogResponseHandler: Failed appendEntries: org.apache.ratis.thirdparty.io.grpc.StatusRuntimeException: UNAVAILABLE: io exception
2019-11-11 04:08:41,041 [grpc-default-executor-7] INFO  impl.FollowerInfo (FollowerInfo.java:lambda$new$0(51)) - 9a305e64-7592-4199-ba7e-8c2223e9b548@group-F4D747E15FF8->f4ab3ec0-fcec-4fb2-8953-e521da90d916: nextIndex: updateUnconditionally 0 -> 0
2019-11-11 04:08:41,045 [9a305e64-7592-4199-ba7e-8c2223e9b548@group-A10C889AEEC0-LeaderElection44] INFO  impl.LeaderElection (LeaderElection.java:askForVotes(178)) - 9a305e64-7592-4199-ba7e-8c2223e9b548@group-A10C889AEEC0-LeaderElection44: begin an election at term 10 for 0: [9a305e64-7592-4199-ba7e-8c2223e9b548:192.168.34.63:35969, c04805f0-1fdc-4096-9f0e-017639bb4de5:192.168.34.63:44743, f4ab3ec0-fcec-4fb2-8953-e521da90d916:192.168.34.63:41296], old=null
2019-11-11 04:08:41,046 [9a305e64-7592-4199-ba7e-8c2223e9b548@group-A10C889AEEC0-LeaderElection44] INFO  impl.LeaderElection (LogUtils.java:infoOrTrace(149)) - 9a305e64-7592-4199-ba7e-8c2223e9b548@group-A10C889AEEC0-LeaderElection44 got exception when requesting votes: {}
java.util.concurrent.ExecutionException: org.apache.ratis.thirdparty.io.grpc.StatusRuntimeException: UNAVAILABLE: io exception
	at java.util.concurrent.FutureTask.report(FutureTask.java:122)
	at java.util.concurrent.FutureTask.get(FutureTask.java:192)
	at org.apache.ratis.server.impl.LeaderElection.waitForResults(LeaderElection.java:259)
	at org.apache.ratis.server.impl.LeaderElection.askForVotes(LeaderElection.java:197)
	at org.apache.ratis.server.impl.LeaderElection.run(LeaderElection.java:133)
	at java.lang.Thread.run(Thread.java:748)
Caused by: org.apache.ratis.thirdparty.io.grpc.StatusRuntimeException: UNAVAILABLE: io exception
	at org.apache.ratis.thirdparty.io.grpc.stub.ClientCalls.toStatusRuntimeException(ClientCalls.java:233)
	at org.apache.ratis.thirdparty.io.grpc.stub.ClientCalls.getUnchecked(ClientCalls.java:214)
	at org.apache.ratis.thirdparty.io.grpc.stub.ClientCalls.blockingUnaryCall(ClientCalls.java:139)
	at org.apache.ratis.proto.grpc.RaftServerProtocolServiceGrpc$RaftServerProtocolServiceBlockingStub.requestVote(RaftServerProtocolServiceGrpc.java:265)
	at org.apache.ratis.grpc.server.GrpcServerProtocolClient.requestVote(GrpcServerProtocolClient.java:99)
	at org.apache.ratis.grpc.server.GrpcService.requestVote(GrpcService.java:204)
	at org.apache.ratis.server.impl.LeaderElection.lambda$submitRequests$1(LeaderElection.java:234)
	at java.util.concurrent.FutureTask.run(FutureTask.java:266)
	at java.util.concurrent.Executors$RunnableAdapter.call(Executors.java:511)
	at java.util.concurrent.FutureTask.run(FutureTask.java:266)
	at java.util.concurrent.ThreadPoolExecutor.runWorker(ThreadPoolExecutor.java:1149)
	at java.util.concurrent.ThreadPoolExecutor$Worker.run(ThreadPoolExecutor.java:624)
	... 1 more
Caused by: org.apache.ratis.thirdparty.io.netty.channel.AbstractChannel$AnnotatedConnectException: Connection refused: /192.168.34.63:44743
	at sun.nio.ch.SocketChannelImpl.checkConnect(Native Method)
	at sun.nio.ch.SocketChannelImpl.finishConnect(SocketChannelImpl.java:717)
	at org.apache.ratis.thirdparty.io.netty.channel.socket.nio.NioSocketChannel.doFinishConnect(NioSocketChannel.java:327)
	at org.apache.ratis.thirdparty.io.netty.channel.nio.AbstractNioChannel$AbstractNioUnsafe.finishConnect(AbstractNioChannel.java:340)
	at org.apache.ratis.thirdparty.io.netty.channel.nio.NioEventLoop.processSelectedKey(NioEventLoop.java:632)
	at org.apache.ratis.thirdparty.io.netty.channel.nio.NioEventLoop.processSelectedKeysOptimized(NioEventLoop.java:579)
	at org.apache.ratis.thirdparty.io.netty.channel.nio.NioEventLoop.processSelectedKeys(NioEventLoop.java:496)
	at org.apache.ratis.thirdparty.io.netty.channel.nio.NioEventLoop.run(NioEventLoop.java:458)
	at org.apache.ratis.thirdparty.io.netty.util.concurrent.SingleThreadEventExecutor$5.run(SingleThreadEventExecutor.java:897)
	at org.apache.ratis.thirdparty.io.netty.util.concurrent.FastThreadLocalRunnable.run(FastThreadLocalRunnable.java:30)
	... 1 more
Caused by: java.net.ConnectException: Connection refused
	... 11 more
2019-11-11 04:08:41,047 [9a305e64-7592-4199-ba7e-8c2223e9b548@group-A10C889AEEC0-LeaderElection44] INFO  impl.LeaderElection (LogUtils.java:infoOrTrace(149)) - 9a305e64-7592-4199-ba7e-8c2223e9b548@group-A10C889AEEC0-LeaderElection44 got exception when requesting votes: {}
java.util.concurrent.ExecutionException: org.apache.ratis.thirdparty.io.grpc.StatusRuntimeException: UNAVAILABLE: io exception
	at java.util.concurrent.FutureTask.report(FutureTask.java:122)
	at java.util.concurrent.FutureTask.get(FutureTask.java:192)
	at org.apache.ratis.server.impl.LeaderElection.waitForResults(LeaderElection.java:259)
	at org.apache.ratis.server.impl.LeaderElection.askForVotes(LeaderElection.java:197)
	at org.apache.ratis.server.impl.LeaderElection.run(LeaderElection.java:133)
	at java.lang.Thread.run(Thread.java:748)
Caused by: org.apache.ratis.thirdparty.io.grpc.StatusRuntimeException: UNAVAILABLE: io exception
	at org.apache.ratis.thirdparty.io.grpc.stub.ClientCalls.toStatusRuntimeException(ClientCalls.java:233)
	at org.apache.ratis.thirdparty.io.grpc.stub.ClientCalls.getUnchecked(ClientCalls.java:214)
	at org.apache.ratis.thirdparty.io.grpc.stub.ClientCalls.blockingUnaryCall(ClientCalls.java:139)
	at org.apache.ratis.proto.grpc.RaftServerProtocolServiceGrpc$RaftServerProtocolServiceBlockingStub.requestVote(RaftServerProtocolServiceGrpc.java:265)
	at org.apache.ratis.grpc.server.GrpcServerProtocolClient.requestVote(GrpcServerProtocolClient.java:99)
	at org.apache.ratis.grpc.server.GrpcService.requestVote(GrpcService.java:204)
	at org.apache.ratis.server.impl.LeaderElection.lambda$submitRequests$1(LeaderElection.java:234)
	at java.util.concurrent.FutureTask.run(FutureTask.java:266)
	at java.util.concurrent.Executors$RunnableAdapter.call(Executors.java:511)
	at java.util.concurrent.FutureTask.run(FutureTask.java:266)
	at java.util.concurrent.ThreadPoolExecutor.runWorker(ThreadPoolExecutor.java:1149)
	at java.util.concurrent.ThreadPoolExecutor$Worker.run(ThreadPoolExecutor.java:624)
	... 1 more
Caused by: org.apache.ratis.thirdparty.io.netty.channel.AbstractChannel$AnnotatedConnectException: Connection refused: /192.168.34.63:41296
	at sun.nio.ch.SocketChannelImpl.checkConnect(Native Method)
	at sun.nio.ch.SocketChannelImpl.finishConnect(SocketChannelImpl.java:717)
	at org.apache.ratis.thirdparty.io.netty.channel.socket.nio.NioSocketChannel.doFinishConnect(NioSocketChannel.java:327)
	at org.apache.ratis.thirdparty.io.netty.channel.nio.AbstractNioChannel$AbstractNioUnsafe.finishConnect(AbstractNioChannel.java:340)
	at org.apache.ratis.thirdparty.io.netty.channel.nio.NioEventLoop.processSelectedKey(NioEventLoop.java:632)
	at org.apache.ratis.thirdparty.io.netty.channel.nio.NioEventLoop.processSelectedKeysOptimized(NioEventLoop.java:579)
	at org.apache.ratis.thirdparty.io.netty.channel.nio.NioEventLoop.processSelectedKeys(NioEventLoop.java:496)
	at org.apache.ratis.thirdparty.io.netty.channel.nio.NioEventLoop.run(NioEventLoop.java:458)
	at org.apache.ratis.thirdparty.io.netty.util.concurrent.SingleThreadEventExecutor$5.run(SingleThreadEventExecutor.java:897)
	at org.apache.ratis.thirdparty.io.netty.util.concurrent.FastThreadLocalRunnable.run(FastThreadLocalRunnable.java:30)
	... 1 more
Caused by: java.net.ConnectException: Connection refused
	... 11 more
2019-11-11 04:08:41,048 [9a305e64-7592-4199-ba7e-8c2223e9b548@group-A10C889AEEC0-LeaderElection44] INFO  impl.LeaderElection (LeaderElection.java:logAndReturn(56)) - 9a305e64-7592-4199-ba7e-8c2223e9b548@group-A10C889AEEC0-LeaderElection44: Election REJECTED; received 0 response(s) [] and 2 exception(s); 9a305e64-7592-4199-ba7e-8c2223e9b548@group-A10C889AEEC0:t10, leader=null, voted=9a305e64-7592-4199-ba7e-8c2223e9b548, raftlog=9a305e64-7592-4199-ba7e-8c2223e9b548@group-A10C889AEEC0-SegmentedRaftLog:OPENED:c0,f0,i0, conf=0: [9a305e64-7592-4199-ba7e-8c2223e9b548:192.168.34.63:35969, c04805f0-1fdc-4096-9f0e-017639bb4de5:192.168.34.63:44743, f4ab3ec0-fcec-4fb2-8953-e521da90d916:192.168.34.63:41296], old=null
2019-11-11 04:08:41,048 [9a305e64-7592-4199-ba7e-8c2223e9b548@group-A10C889AEEC0-LeaderElection44] INFO  impl.LeaderElection (LogUtils.java:infoOrTrace(149)) -   Exception 0: {}
java.util.concurrent.ExecutionException: org.apache.ratis.thirdparty.io.grpc.StatusRuntimeException: UNAVAILABLE: io exception
	at java.util.concurrent.FutureTask.report(FutureTask.java:122)
	at java.util.concurrent.FutureTask.get(FutureTask.java:192)
	at org.apache.ratis.server.impl.LeaderElection.waitForResults(LeaderElection.java:259)
	at org.apache.ratis.server.impl.LeaderElection.askForVotes(LeaderElection.java:197)
	at org.apache.ratis.server.impl.LeaderElection.run(LeaderElection.java:133)
	at java.lang.Thread.run(Thread.java:748)
Caused by: org.apache.ratis.thirdparty.io.grpc.StatusRuntimeException: UNAVAILABLE: io exception
	at org.apache.ratis.thirdparty.io.grpc.stub.ClientCalls.toStatusRuntimeException(ClientCalls.java:233)
	at org.apache.ratis.thirdparty.io.grpc.stub.ClientCalls.getUnchecked(ClientCalls.java:214)
	at org.apache.ratis.thirdparty.io.grpc.stub.ClientCalls.blockingUnaryCall(ClientCalls.java:139)
	at org.apache.ratis.proto.grpc.RaftServerProtocolServiceGrpc$RaftServerProtocolServiceBlockingStub.requestVote(RaftServerProtocolServiceGrpc.java:265)
	at org.apache.ratis.grpc.server.GrpcServerProtocolClient.requestVote(GrpcServerProtocolClient.java:99)
	at org.apache.ratis.grpc.server.GrpcService.requestVote(GrpcService.java:204)
	at org.apache.ratis.server.impl.LeaderElection.lambda$submitRequests$1(LeaderElection.java:234)
	at java.util.concurrent.FutureTask.run(FutureTask.java:266)
	at java.util.concurrent.Executors$RunnableAdapter.call(Executors.java:511)
	at java.util.concurrent.FutureTask.run(FutureTask.java:266)
	at java.util.concurrent.ThreadPoolExecutor.runWorker(ThreadPoolExecutor.java:1149)
	at java.util.concurrent.ThreadPoolExecutor$Worker.run(ThreadPoolExecutor.java:624)
	... 1 more
Caused by: org.apache.ratis.thirdparty.io.netty.channel.AbstractChannel$AnnotatedConnectException: Connection refused: /192.168.34.63:44743
	at sun.nio.ch.SocketChannelImpl.checkConnect(Native Method)
	at sun.nio.ch.SocketChannelImpl.finishConnect(SocketChannelImpl.java:717)
	at org.apache.ratis.thirdparty.io.netty.channel.socket.nio.NioSocketChannel.doFinishConnect(NioSocketChannel.java:327)
	at org.apache.ratis.thirdparty.io.netty.channel.nio.AbstractNioChannel$AbstractNioUnsafe.finishConnect(AbstractNioChannel.java:340)
	at org.apache.ratis.thirdparty.io.netty.channel.nio.NioEventLoop.processSelectedKey(NioEventLoop.java:632)
	at org.apache.ratis.thirdparty.io.netty.channel.nio.NioEventLoop.processSelectedKeysOptimized(NioEventLoop.java:579)
	at org.apache.ratis.thirdparty.io.netty.channel.nio.NioEventLoop.processSelectedKeys(NioEventLoop.java:496)
	at org.apache.ratis.thirdparty.io.netty.channel.nio.NioEventLoop.run(NioEventLoop.java:458)
	at org.apache.ratis.thirdparty.io.netty.util.concurrent.SingleThreadEventExecutor$5.run(SingleThreadEventExecutor.java:897)
	at org.apache.ratis.thirdparty.io.netty.util.concurrent.FastThreadLocalRunnable.run(FastThreadLocalRunnable.java:30)
	... 1 more
Caused by: java.net.ConnectException: Connection refused
	... 11 more
2019-11-11 04:08:41,048 [9a305e64-7592-4199-ba7e-8c2223e9b548@group-A10C889AEEC0-LeaderElection44] INFO  impl.LeaderElection (LogUtils.java:infoOrTrace(149)) -   Exception 1: {}
java.util.concurrent.ExecutionException: org.apache.ratis.thirdparty.io.grpc.StatusRuntimeException: UNAVAILABLE: io exception
	at java.util.concurrent.FutureTask.report(FutureTask.java:122)
	at java.util.concurrent.FutureTask.get(FutureTask.java:192)
	at org.apache.ratis.server.impl.LeaderElection.waitForResults(LeaderElection.java:259)
	at org.apache.ratis.server.impl.LeaderElection.askForVotes(LeaderElection.java:197)
	at org.apache.ratis.server.impl.LeaderElection.run(LeaderElection.java:133)
	at java.lang.Thread.run(Thread.java:748)
Caused by: org.apache.ratis.thirdparty.io.grpc.StatusRuntimeException: UNAVAILABLE: io exception
	at org.apache.ratis.thirdparty.io.grpc.stub.ClientCalls.toStatusRuntimeException(ClientCalls.java:233)
	at org.apache.ratis.thirdparty.io.grpc.stub.ClientCalls.getUnchecked(ClientCalls.java:214)
	at org.apache.ratis.thirdparty.io.grpc.stub.ClientCalls.blockingUnaryCall(ClientCalls.java:139)
	at org.apache.ratis.proto.grpc.RaftServerProtocolServiceGrpc$RaftServerProtocolServiceBlockingStub.requestVote(RaftServerProtocolServiceGrpc.java:265)
	at org.apache.ratis.grpc.server.GrpcServerProtocolClient.requestVote(GrpcServerProtocolClient.java:99)
	at org.apache.ratis.grpc.server.GrpcService.requestVote(GrpcService.java:204)
	at org.apache.ratis.server.impl.LeaderElection.lambda$submitRequests$1(LeaderElection.java:234)
	at java.util.concurrent.FutureTask.run(FutureTask.java:266)
	at java.util.concurrent.Executors$RunnableAdapter.call(Executors.java:511)
	at java.util.concurrent.FutureTask.run(FutureTask.java:266)
	at java.util.concurrent.ThreadPoolExecutor.runWorker(ThreadPoolExecutor.java:1149)
	at java.util.concurrent.ThreadPoolExecutor$Worker.run(ThreadPoolExecutor.java:624)
	... 1 more
Caused by: org.apache.ratis.thirdparty.io.netty.channel.AbstractChannel$AnnotatedConnectException: Connection refused: /192.168.34.63:41296
	at sun.nio.ch.SocketChannelImpl.checkConnect(Native Method)
	at sun.nio.ch.SocketChannelImpl.finishConnect(SocketChannelImpl.java:717)
	at org.apache.ratis.thirdparty.io.netty.channel.socket.nio.NioSocketChannel.doFinishConnect(NioSocketChannel.java:327)
	at org.apache.ratis.thirdparty.io.netty.channel.nio.AbstractNioChannel$AbstractNioUnsafe.finishConnect(AbstractNioChannel.java:340)
	at org.apache.ratis.thirdparty.io.netty.channel.nio.NioEventLoop.processSelectedKey(NioEventLoop.java:632)
	at org.apache.ratis.thirdparty.io.netty.channel.nio.NioEventLoop.processSelectedKeysOptimized(NioEventLoop.java:579)
	at org.apache.ratis.thirdparty.io.netty.channel.nio.NioEventLoop.processSelectedKeys(NioEventLoop.java:496)
	at org.apache.ratis.thirdparty.io.netty.channel.nio.NioEventLoop.run(NioEventLoop.java:458)
	at org.apache.ratis.thirdparty.io.netty.util.concurrent.SingleThreadEventExecutor$5.run(SingleThreadEventExecutor.java:897)
	at org.apache.ratis.thirdparty.io.netty.util.concurrent.FastThreadLocalRunnable.run(FastThreadLocalRunnable.java:30)
	... 1 more
Caused by: java.net.ConnectException: Connection refused
	... 11 more
2019-11-11 04:08:41,049 [9a305e64-7592-4199-ba7e-8c2223e9b548@group-A10C889AEEC0-LeaderElection44] INFO  impl.RaftServerImpl (RaftServerImpl.java:setRole(173)) - 9a305e64-7592-4199-ba7e-8c2223e9b548@group-A10C889AEEC0: changes role from CANDIDATE to FOLLOWER at term 10 for DISCOVERED_A_NEW_TERM
2019-11-11 04:08:41,049 [9a305e64-7592-4199-ba7e-8c2223e9b548@group-A10C889AEEC0-LeaderElection44] INFO  impl.RoleInfo (RoleInfo.java:shutdownLeaderElection(134)) - 9a305e64-7592-4199-ba7e-8c2223e9b548: shutdown LeaderElection
2019-11-11 04:08:41,049 [9a305e64-7592-4199-ba7e-8c2223e9b548@group-A10C889AEEC0-LeaderElection44] INFO  impl.RoleInfo (RoleInfo.java:updateAndGet(143)) - 9a305e64-7592-4199-ba7e-8c2223e9b548: start FollowerState
2019-11-11 04:08:41,092 [org.apache.ratis.server.impl.LogAppender$AppenderDaemon$$Lambda$651/545843685@69bcbdd4] ERROR ratis.XceiverServerRatis (XceiverServerRatis.java:triggerPipelineClose(577)) - pipeline Action CLOSE  on pipeline PipelineID=31ac6f49-abee-419e-8f26-f4d747e15ff8.Reason : 9a305e64-7592-4199-ba7e-8c2223e9b548 has not seen follower/s 61021d77-0677-40a1-98e7-8ba643935ac0 for 130566ms
2019-11-11 04:08:41,093 [grpc-default-executor-7] WARN  server.GrpcLogAppender (LogUtils.java:warn(134)) - 9a305e64-7592-4199-ba7e-8c2223e9b548@group-F4D747E15FF8->61021d77-0677-40a1-98e7-8ba643935ac0-AppendLogResponseHandler: Failed appendEntries: org.apache.ratis.thirdparty.io.grpc.StatusRuntimeException: UNAVAILABLE: io exception
2019-11-11 04:08:41,093 [grpc-default-executor-7] INFO  impl.FollowerInfo (FollowerInfo.java:lambda$new$0(51)) - 9a305e64-7592-4199-ba7e-8c2223e9b548@group-F4D747E15FF8->61021d77-0677-40a1-98e7-8ba643935ac0: nextIndex: updateUnconditionally 0 -> 0
2019-11-11 04:08:41,345 [Datanode State Machine Thread - 0] INFO  statemachine.DatanodeStateMachine (DatanodeStateMachine.java:lambda$startDaemon$0(350)) - Ozone container server started.
2019-11-11 04:08:41,500 [Datanode State Machine Thread - 0] INFO  statemachine.DatanodeStateMachine (DatanodeStateMachine.java:lambda$startDaemon$0(350)) - Ozone container server started.
2019-11-11 04:08:41,506 [Thread-1150] INFO  impl.FollowerState (FollowerState.java:run(111)) - 9a305e64-7592-4199-ba7e-8c2223e9b548@group-D5F2B638C171-FollowerState: change to CANDIDATE, lastRpcTime:1100ms, electionTimeout:1100ms
2019-11-11 04:08:41,507 [Thread-1150] INFO  impl.RoleInfo (RoleInfo.java:shutdownFollowerState(121)) - 9a305e64-7592-4199-ba7e-8c2223e9b548: shutdown FollowerState
2019-11-11 04:08:41,507 [Thread-1150] INFO  impl.RaftServerImpl (RaftServerImpl.java:setRole(173)) - 9a305e64-7592-4199-ba7e-8c2223e9b548@group-D5F2B638C171: changes role from  FOLLOWER to CANDIDATE at term 10 for changeToCandidate
2019-11-11 04:08:41,507 [Thread-1150] INFO  impl.RoleInfo (RoleInfo.java:updateAndGet(143)) - 9a305e64-7592-4199-ba7e-8c2223e9b548: start LeaderElection
2019-11-11 04:08:41,522 [9a305e64-7592-4199-ba7e-8c2223e9b548@group-D5F2B638C171-LeaderElection45] INFO  impl.LeaderElection (LeaderElection.java:askForVotes(178)) - 9a305e64-7592-4199-ba7e-8c2223e9b548@group-D5F2B638C171-LeaderElection45: begin an election at term 11 for 0: [9a305e64-7592-4199-ba7e-8c2223e9b548:192.168.34.63:35969, c04805f0-1fdc-4096-9f0e-017639bb4de5:192.168.34.63:44743, f4ab3ec0-fcec-4fb2-8953-e521da90d916:192.168.34.63:41296], old=null
2019-11-11 04:08:41,523 [9a305e64-7592-4199-ba7e-8c2223e9b548@group-D5F2B638C171-LeaderElection45] INFO  impl.LeaderElection (LogUtils.java:infoOrTrace(149)) - 9a305e64-7592-4199-ba7e-8c2223e9b548@group-D5F2B638C171-LeaderElection45 got exception when requesting votes: {}
java.util.concurrent.ExecutionException: org.apache.ratis.thirdparty.io.grpc.StatusRuntimeException: UNAVAILABLE: io exception
	at java.util.concurrent.FutureTask.report(FutureTask.java:122)
	at java.util.concurrent.FutureTask.get(FutureTask.java:192)
	at org.apache.ratis.server.impl.LeaderElection.waitForResults(LeaderElection.java:259)
	at org.apache.ratis.server.impl.LeaderElection.askForVotes(LeaderElection.java:197)
	at org.apache.ratis.server.impl.LeaderElection.run(LeaderElection.java:133)
	at java.lang.Thread.run(Thread.java:748)
Caused by: org.apache.ratis.thirdparty.io.grpc.StatusRuntimeException: UNAVAILABLE: io exception
	at org.apache.ratis.thirdparty.io.grpc.stub.ClientCalls.toStatusRuntimeException(ClientCalls.java:233)
	at org.apache.ratis.thirdparty.io.grpc.stub.ClientCalls.getUnchecked(ClientCalls.java:214)
	at org.apache.ratis.thirdparty.io.grpc.stub.ClientCalls.blockingUnaryCall(ClientCalls.java:139)
	at org.apache.ratis.proto.grpc.RaftServerProtocolServiceGrpc$RaftServerProtocolServiceBlockingStub.requestVote(RaftServerProtocolServiceGrpc.java:265)
	at org.apache.ratis.grpc.server.GrpcServerProtocolClient.requestVote(GrpcServerProtocolClient.java:99)
	at org.apache.ratis.grpc.server.GrpcService.requestVote(GrpcService.java:204)
	at org.apache.ratis.server.impl.LeaderElection.lambda$submitRequests$1(LeaderElection.java:234)
	at java.util.concurrent.FutureTask.run(FutureTask.java:266)
	at java.util.concurrent.Executors$RunnableAdapter.call(Executors.java:511)
	at java.util.concurrent.FutureTask.run(FutureTask.java:266)
	at java.util.concurrent.ThreadPoolExecutor.runWorker(ThreadPoolExecutor.java:1149)
	at java.util.concurrent.ThreadPoolExecutor$Worker.run(ThreadPoolExecutor.java:624)
	... 1 more
Caused by: org.apache.ratis.thirdparty.io.netty.channel.AbstractChannel$AnnotatedConnectException: Connection refused: /192.168.34.63:44743
	at sun.nio.ch.SocketChannelImpl.checkConnect(Native Method)
	at sun.nio.ch.SocketChannelImpl.finishConnect(SocketChannelImpl.java:717)
	at org.apache.ratis.thirdparty.io.netty.channel.socket.nio.NioSocketChannel.doFinishConnect(NioSocketChannel.java:327)
	at org.apache.ratis.thirdparty.io.netty.channel.nio.AbstractNioChannel$AbstractNioUnsafe.finishConnect(AbstractNioChannel.java:340)
	at org.apache.ratis.thirdparty.io.netty.channel.nio.NioEventLoop.processSelectedKey(NioEventLoop.java:632)
	at org.apache.ratis.thirdparty.io.netty.channel.nio.NioEventLoop.processSelectedKeysOptimized(NioEventLoop.java:579)
	at org.apache.ratis.thirdparty.io.netty.channel.nio.NioEventLoop.processSelectedKeys(NioEventLoop.java:496)
	at org.apache.ratis.thirdparty.io.netty.channel.nio.NioEventLoop.run(NioEventLoop.java:458)
	at org.apache.ratis.thirdparty.io.netty.util.concurrent.SingleThreadEventExecutor$5.run(SingleThreadEventExecutor.java:897)
	at org.apache.ratis.thirdparty.io.netty.util.concurrent.FastThreadLocalRunnable.run(FastThreadLocalRunnable.java:30)
	... 1 more
Caused by: java.net.ConnectException: Connection refused
	... 11 more
2019-11-11 04:08:41,523 [9a305e64-7592-4199-ba7e-8c2223e9b548@group-D5F2B638C171-LeaderElection45] INFO  impl.LeaderElection (LogUtils.java:infoOrTrace(149)) - 9a305e64-7592-4199-ba7e-8c2223e9b548@group-D5F2B638C171-LeaderElection45 got exception when requesting votes: {}
java.util.concurrent.ExecutionException: org.apache.ratis.thirdparty.io.grpc.StatusRuntimeException: UNAVAILABLE: io exception
	at java.util.concurrent.FutureTask.report(FutureTask.java:122)
	at java.util.concurrent.FutureTask.get(FutureTask.java:192)
	at org.apache.ratis.server.impl.LeaderElection.waitForResults(LeaderElection.java:259)
	at org.apache.ratis.server.impl.LeaderElection.askForVotes(LeaderElection.java:197)
	at org.apache.ratis.server.impl.LeaderElection.run(LeaderElection.java:133)
	at java.lang.Thread.run(Thread.java:748)
Caused by: org.apache.ratis.thirdparty.io.grpc.StatusRuntimeException: UNAVAILABLE: io exception
	at org.apache.ratis.thirdparty.io.grpc.stub.ClientCalls.toStatusRuntimeException(ClientCalls.java:233)
	at org.apache.ratis.thirdparty.io.grpc.stub.ClientCalls.getUnchecked(ClientCalls.java:214)
	at org.apache.ratis.thirdparty.io.grpc.stub.ClientCalls.blockingUnaryCall(ClientCalls.java:139)
	at org.apache.ratis.proto.grpc.RaftServerProtocolServiceGrpc$RaftServerProtocolServiceBlockingStub.requestVote(RaftServerProtocolServiceGrpc.java:265)
	at org.apache.ratis.grpc.server.GrpcServerProtocolClient.requestVote(GrpcServerProtocolClient.java:99)
	at org.apache.ratis.grpc.server.GrpcService.requestVote(GrpcService.java:204)
	at org.apache.ratis.server.impl.LeaderElection.lambda$submitRequests$1(LeaderElection.java:234)
	at java.util.concurrent.FutureTask.run(FutureTask.java:266)
	at java.util.concurrent.Executors$RunnableAdapter.call(Executors.java:511)
	at java.util.concurrent.FutureTask.run(FutureTask.java:266)
	at java.util.concurrent.ThreadPoolExecutor.runWorker(ThreadPoolExecutor.java:1149)
	at java.util.concurrent.ThreadPoolExecutor$Worker.run(ThreadPoolExecutor.java:624)
	... 1 more
Caused by: org.apache.ratis.thirdparty.io.netty.channel.AbstractChannel$AnnotatedConnectException: Connection refused: /192.168.34.63:41296
	at sun.nio.ch.SocketChannelImpl.checkConnect(Native Method)
	at sun.nio.ch.SocketChannelImpl.finishConnect(SocketChannelImpl.java:717)
	at org.apache.ratis.thirdparty.io.netty.channel.socket.nio.NioSocketChannel.doFinishConnect(NioSocketChannel.java:327)
	at org.apache.ratis.thirdparty.io.netty.channel.nio.AbstractNioChannel$AbstractNioUnsafe.finishConnect(AbstractNioChannel.java:340)
	at org.apache.ratis.thirdparty.io.netty.channel.nio.NioEventLoop.processSelectedKey(NioEventLoop.java:632)
	at org.apache.ratis.thirdparty.io.netty.channel.nio.NioEventLoop.processSelectedKeysOptimized(NioEventLoop.java:579)
	at org.apache.ratis.thirdparty.io.netty.channel.nio.NioEventLoop.processSelectedKeys(NioEventLoop.java:496)
	at org.apache.ratis.thirdparty.io.netty.channel.nio.NioEventLoop.run(NioEventLoop.java:458)
	at org.apache.ratis.thirdparty.io.netty.util.concurrent.SingleThreadEventExecutor$5.run(SingleThreadEventExecutor.java:897)
	at org.apache.ratis.thirdparty.io.netty.util.concurrent.FastThreadLocalRunnable.run(FastThreadLocalRunnable.java:30)
	... 1 more
Caused by: java.net.ConnectException: Connection refused
	... 11 more
2019-11-11 04:08:41,527 [9a305e64-7592-4199-ba7e-8c2223e9b548@group-D5F2B638C171-LeaderElection45] INFO  impl.LeaderElection (LeaderElection.java:logAndReturn(56)) - 9a305e64-7592-4199-ba7e-8c2223e9b548@group-D5F2B638C171-LeaderElection45: Election REJECTED; received 0 response(s) [] and 2 exception(s); 9a305e64-7592-4199-ba7e-8c2223e9b548@group-D5F2B638C171:t11, leader=null, voted=9a305e64-7592-4199-ba7e-8c2223e9b548, raftlog=9a305e64-7592-4199-ba7e-8c2223e9b548@group-D5F2B638C171-SegmentedRaftLog:OPENED:c0,f0,i0, conf=0: [9a305e64-7592-4199-ba7e-8c2223e9b548:192.168.34.63:35969, c04805f0-1fdc-4096-9f0e-017639bb4de5:192.168.34.63:44743, f4ab3ec0-fcec-4fb2-8953-e521da90d916:192.168.34.63:41296], old=null
2019-11-11 04:08:41,527 [9a305e64-7592-4199-ba7e-8c2223e9b548@group-D5F2B638C171-LeaderElection45] INFO  impl.LeaderElection (LogUtils.java:infoOrTrace(149)) -   Exception 0: {}
java.util.concurrent.ExecutionException: org.apache.ratis.thirdparty.io.grpc.StatusRuntimeException: UNAVAILABLE: io exception
	at java.util.concurrent.FutureTask.report(FutureTask.java:122)
	at java.util.concurrent.FutureTask.get(FutureTask.java:192)
	at org.apache.ratis.server.impl.LeaderElection.waitForResults(LeaderElection.java:259)
	at org.apache.ratis.server.impl.LeaderElection.askForVotes(LeaderElection.java:197)
	at org.apache.ratis.server.impl.LeaderElection.run(LeaderElection.java:133)
	at java.lang.Thread.run(Thread.java:748)
Caused by: org.apache.ratis.thirdparty.io.grpc.StatusRuntimeException: UNAVAILABLE: io exception
	at org.apache.ratis.thirdparty.io.grpc.stub.ClientCalls.toStatusRuntimeException(ClientCalls.java:233)
	at org.apache.ratis.thirdparty.io.grpc.stub.ClientCalls.getUnchecked(ClientCalls.java:214)
	at org.apache.ratis.thirdparty.io.grpc.stub.ClientCalls.blockingUnaryCall(ClientCalls.java:139)
	at org.apache.ratis.proto.grpc.RaftServerProtocolServiceGrpc$RaftServerProtocolServiceBlockingStub.requestVote(RaftServerProtocolServiceGrpc.java:265)
	at org.apache.ratis.grpc.server.GrpcServerProtocolClient.requestVote(GrpcServerProtocolClient.java:99)
	at org.apache.ratis.grpc.server.GrpcService.requestVote(GrpcService.java:204)
	at org.apache.ratis.server.impl.LeaderElection.lambda$submitRequests$1(LeaderElection.java:234)
	at java.util.concurrent.FutureTask.run(FutureTask.java:266)
	at java.util.concurrent.Executors$RunnableAdapter.call(Executors.java:511)
	at java.util.concurrent.FutureTask.run(FutureTask.java:266)
	at java.util.concurrent.ThreadPoolExecutor.runWorker(ThreadPoolExecutor.java:1149)
	at java.util.concurrent.ThreadPoolExecutor$Worker.run(ThreadPoolExecutor.java:624)
	... 1 more
Caused by: org.apache.ratis.thirdparty.io.netty.channel.AbstractChannel$AnnotatedConnectException: Connection refused: /192.168.34.63:44743
	at sun.nio.ch.SocketChannelImpl.checkConnect(Native Method)
	at sun.nio.ch.SocketChannelImpl.finishConnect(SocketChannelImpl.java:717)
	at org.apache.ratis.thirdparty.io.netty.channel.socket.nio.NioSocketChannel.doFinishConnect(NioSocketChannel.java:327)
	at org.apache.ratis.thirdparty.io.netty.channel.nio.AbstractNioChannel$AbstractNioUnsafe.finishConnect(AbstractNioChannel.java:340)
	at org.apache.ratis.thirdparty.io.netty.channel.nio.NioEventLoop.processSelectedKey(NioEventLoop.java:632)
	at org.apache.ratis.thirdparty.io.netty.channel.nio.NioEventLoop.processSelectedKeysOptimized(NioEventLoop.java:579)
	at org.apache.ratis.thirdparty.io.netty.channel.nio.NioEventLoop.processSelectedKeys(NioEventLoop.java:496)
	at org.apache.ratis.thirdparty.io.netty.channel.nio.NioEventLoop.run(NioEventLoop.java:458)
	at org.apache.ratis.thirdparty.io.netty.util.concurrent.SingleThreadEventExecutor$5.run(SingleThreadEventExecutor.java:897)
	at org.apache.ratis.thirdparty.io.netty.util.concurrent.FastThreadLocalRunnable.run(FastThreadLocalRunnable.java:30)
	... 1 more
Caused by: java.net.ConnectException: Connection refused
	... 11 more
2019-11-11 04:08:41,528 [9a305e64-7592-4199-ba7e-8c2223e9b548@group-D5F2B638C171-LeaderElection45] INFO  impl.LeaderElection (LogUtils.java:infoOrTrace(149)) -   Exception 1: {}
java.util.concurrent.ExecutionException: org.apache.ratis.thirdparty.io.grpc.StatusRuntimeException: UNAVAILABLE: io exception
	at java.util.concurrent.FutureTask.report(FutureTask.java:122)
	at java.util.concurrent.FutureTask.get(FutureTask.java:192)
	at org.apache.ratis.server.impl.LeaderElection.waitForResults(LeaderElection.java:259)
	at org.apache.ratis.server.impl.LeaderElection.askForVotes(LeaderElection.java:197)
	at org.apache.ratis.server.impl.LeaderElection.run(LeaderElection.java:133)
	at java.lang.Thread.run(Thread.java:748)
Caused by: org.apache.ratis.thirdparty.io.grpc.StatusRuntimeException: UNAVAILABLE: io exception
	at org.apache.ratis.thirdparty.io.grpc.stub.ClientCalls.toStatusRuntimeException(ClientCalls.java:233)
	at org.apache.ratis.thirdparty.io.grpc.stub.ClientCalls.getUnchecked(ClientCalls.java:214)
	at org.apache.ratis.thirdparty.io.grpc.stub.ClientCalls.blockingUnaryCall(ClientCalls.java:139)
	at org.apache.ratis.proto.grpc.RaftServerProtocolServiceGrpc$RaftServerProtocolServiceBlockingStub.requestVote(RaftServerProtocolServiceGrpc.java:265)
	at org.apache.ratis.grpc.server.GrpcServerProtocolClient.requestVote(GrpcServerProtocolClient.java:99)
	at org.apache.ratis.grpc.server.GrpcService.requestVote(GrpcService.java:204)
	at org.apache.ratis.server.impl.LeaderElection.lambda$submitRequests$1(LeaderElection.java:234)
	at java.util.concurrent.FutureTask.run(FutureTask.java:266)
	at java.util.concurrent.Executors$RunnableAdapter.call(Executors.java:511)
	at java.util.concurrent.FutureTask.run(FutureTask.java:266)
	at java.util.concurrent.ThreadPoolExecutor.runWorker(ThreadPoolExecutor.java:1149)
	at java.util.concurrent.ThreadPoolExecutor$Worker.run(ThreadPoolExecutor.java:624)
	... 1 more
Caused by: org.apache.ratis.thirdparty.io.netty.channel.AbstractChannel$AnnotatedConnectException: Connection refused: /192.168.34.63:41296
	at sun.nio.ch.SocketChannelImpl.checkConnect(Native Method)
	at sun.nio.ch.SocketChannelImpl.finishConnect(SocketChannelImpl.java:717)
	at org.apache.ratis.thirdparty.io.netty.channel.socket.nio.NioSocketChannel.doFinishConnect(NioSocketChannel.java:327)
	at org.apache.ratis.thirdparty.io.netty.channel.nio.AbstractNioChannel$AbstractNioUnsafe.finishConnect(AbstractNioChannel.java:340)
	at org.apache.ratis.thirdparty.io.netty.channel.nio.NioEventLoop.processSelectedKey(NioEventLoop.java:632)
	at org.apache.ratis.thirdparty.io.netty.channel.nio.NioEventLoop.processSelectedKeysOptimized(NioEventLoop.java:579)
	at org.apache.ratis.thirdparty.io.netty.channel.nio.NioEventLoop.processSelectedKeys(NioEventLoop.java:496)
	at org.apache.ratis.thirdparty.io.netty.channel.nio.NioEventLoop.run(NioEventLoop.java:458)
	at org.apache.ratis.thirdparty.io.netty.util.concurrent.SingleThreadEventExecutor$5.run(SingleThreadEventExecutor.java:897)
	at org.apache.ratis.thirdparty.io.netty.util.concurrent.FastThreadLocalRunnable.run(FastThreadLocalRunnable.java:30)
	... 1 more
Caused by: java.net.ConnectException: Connection refused
	... 11 more
2019-11-11 04:08:41,528 [9a305e64-7592-4199-ba7e-8c2223e9b548@group-D5F2B638C171-LeaderElection45] INFO  impl.RaftServerImpl (RaftServerImpl.java:setRole(173)) - 9a305e64-7592-4199-ba7e-8c2223e9b548@group-D5F2B638C171: changes role from CANDIDATE to FOLLOWER at term 11 for DISCOVERED_A_NEW_TERM
2019-11-11 04:08:41,528 [9a305e64-7592-4199-ba7e-8c2223e9b548@group-D5F2B638C171-LeaderElection45] INFO  impl.RoleInfo (RoleInfo.java:shutdownLeaderElection(134)) - 9a305e64-7592-4199-ba7e-8c2223e9b548: shutdown LeaderElection
2019-11-11 04:08:41,528 [9a305e64-7592-4199-ba7e-8c2223e9b548@group-D5F2B638C171-LeaderElection45] INFO  impl.RoleInfo (RoleInfo.java:updateAndGet(143)) - 9a305e64-7592-4199-ba7e-8c2223e9b548: start FollowerState
2019-11-11 04:08:41,541 [grpc-default-executor-7] WARN  server.GrpcLogAppender (LogUtils.java:warn(134)) - 9a305e64-7592-4199-ba7e-8c2223e9b548@group-F4D747E15FF8->f4ab3ec0-fcec-4fb2-8953-e521da90d916-AppendLogResponseHandler: Failed appendEntries: org.apache.ratis.thirdparty.io.grpc.StatusRuntimeException: UNAVAILABLE: io exception
2019-11-11 04:08:41,541 [grpc-default-executor-7] INFO  impl.FollowerInfo (FollowerInfo.java:lambda$new$0(51)) - 9a305e64-7592-4199-ba7e-8c2223e9b548@group-F4D747E15FF8->f4ab3ec0-fcec-4fb2-8953-e521da90d916: nextIndex: updateUnconditionally 0 -> 0
2019-11-11 04:08:41,593 [org.apache.ratis.server.impl.LogAppender$AppenderDaemon$$Lambda$651/545843685@69bcbdd4] ERROR ratis.XceiverServerRatis (XceiverServerRatis.java:triggerPipelineClose(577)) - pipeline Action CLOSE  on pipeline PipelineID=31ac6f49-abee-419e-8f26-f4d747e15ff8.Reason : 9a305e64-7592-4199-ba7e-8c2223e9b548 has not seen follower/s 61021d77-0677-40a1-98e7-8ba643935ac0 for 131066ms
2019-11-11 04:08:41,594 [grpc-default-executor-8] WARN  server.GrpcLogAppender (LogUtils.java:warn(134)) - 9a305e64-7592-4199-ba7e-8c2223e9b548@group-F4D747E15FF8->61021d77-0677-40a1-98e7-8ba643935ac0-AppendLogResponseHandler: Failed appendEntries: org.apache.ratis.thirdparty.io.grpc.StatusRuntimeException: UNAVAILABLE: io exception
2019-11-11 04:08:41,594 [grpc-default-executor-8] INFO  impl.FollowerInfo (FollowerInfo.java:lambda$new$0(51)) - 9a305e64-7592-4199-ba7e-8c2223e9b548@group-F4D747E15FF8->61021d77-0677-40a1-98e7-8ba643935ac0: nextIndex: updateUnconditionally 0 -> 0
2019-11-11 04:08:42,042 [grpc-default-executor-2] WARN  server.GrpcLogAppender (LogUtils.java:warn(134)) - 9a305e64-7592-4199-ba7e-8c2223e9b548@group-F4D747E15FF8->f4ab3ec0-fcec-4fb2-8953-e521da90d916-AppendLogResponseHandler: Failed appendEntries: org.apache.ratis.thirdparty.io.grpc.StatusRuntimeException: UNAVAILABLE: io exception
2019-11-11 04:08:42,042 [grpc-default-executor-2] INFO  impl.FollowerInfo (FollowerInfo.java:lambda$new$0(51)) - 9a305e64-7592-4199-ba7e-8c2223e9b548@group-F4D747E15FF8->f4ab3ec0-fcec-4fb2-8953-e521da90d916: nextIndex: updateUnconditionally 0 -> 0
2019-11-11 04:08:42,094 [org.apache.ratis.server.impl.LogAppender$AppenderDaemon$$Lambda$651/545843685@69bcbdd4] ERROR ratis.XceiverServerRatis (XceiverServerRatis.java:triggerPipelineClose(577)) - pipeline Action CLOSE  on pipeline PipelineID=31ac6f49-abee-419e-8f26-f4d747e15ff8.Reason : 9a305e64-7592-4199-ba7e-8c2223e9b548 has not seen follower/s 61021d77-0677-40a1-98e7-8ba643935ac0 for 131567ms
2019-11-11 04:08:42,094 [grpc-default-executor-8] WARN  server.GrpcLogAppender (LogUtils.java:warn(134)) - 9a305e64-7592-4199-ba7e-8c2223e9b548@group-F4D747E15FF8->61021d77-0677-40a1-98e7-8ba643935ac0-AppendLogResponseHandler: Failed appendEntries: org.apache.ratis.thirdparty.io.grpc.StatusRuntimeException: UNAVAILABLE: io exception
2019-11-11 04:08:42,095 [grpc-default-executor-8] INFO  impl.FollowerInfo (FollowerInfo.java:lambda$new$0(51)) - 9a305e64-7592-4199-ba7e-8c2223e9b548@group-F4D747E15FF8->61021d77-0677-40a1-98e7-8ba643935ac0: nextIndex: updateUnconditionally 0 -> 0
2019-11-11 04:08:42,143 [Thread-1154] INFO  impl.FollowerState (FollowerState.java:run(111)) - 9a305e64-7592-4199-ba7e-8c2223e9b548@group-A10C889AEEC0-FollowerState: change to CANDIDATE, lastRpcTime:1093ms, electionTimeout:1093ms
2019-11-11 04:08:42,143 [Thread-1154] INFO  impl.RoleInfo (RoleInfo.java:shutdownFollowerState(121)) - 9a305e64-7592-4199-ba7e-8c2223e9b548: shutdown FollowerState
2019-11-11 04:08:42,143 [Thread-1154] INFO  impl.RaftServerImpl (RaftServerImpl.java:setRole(173)) - 9a305e64-7592-4199-ba7e-8c2223e9b548@group-A10C889AEEC0: changes role from  FOLLOWER to CANDIDATE at term 10 for changeToCandidate
2019-11-11 04:08:42,143 [Thread-1154] INFO  impl.RoleInfo (RoleInfo.java:updateAndGet(143)) - 9a305e64-7592-4199-ba7e-8c2223e9b548: start LeaderElection
2019-11-11 04:08:42,158 [9a305e64-7592-4199-ba7e-8c2223e9b548@group-A10C889AEEC0-LeaderElection46] INFO  impl.LeaderElection (LeaderElection.java:askForVotes(178)) - 9a305e64-7592-4199-ba7e-8c2223e9b548@group-A10C889AEEC0-LeaderElection46: begin an election at term 11 for 0: [9a305e64-7592-4199-ba7e-8c2223e9b548:192.168.34.63:35969, c04805f0-1fdc-4096-9f0e-017639bb4de5:192.168.34.63:44743, f4ab3ec0-fcec-4fb2-8953-e521da90d916:192.168.34.63:41296], old=null
2019-11-11 04:08:42,159 [9a305e64-7592-4199-ba7e-8c2223e9b548@group-A10C889AEEC0-LeaderElection46] INFO  impl.LeaderElection (LogUtils.java:infoOrTrace(149)) - 9a305e64-7592-4199-ba7e-8c2223e9b548@group-A10C889AEEC0-LeaderElection46 got exception when requesting votes: {}
java.util.concurrent.ExecutionException: org.apache.ratis.thirdparty.io.grpc.StatusRuntimeException: UNAVAILABLE: io exception
	at java.util.concurrent.FutureTask.report(FutureTask.java:122)
	at java.util.concurrent.FutureTask.get(FutureTask.java:192)
	at org.apache.ratis.server.impl.LeaderElection.waitForResults(LeaderElection.java:259)
	at org.apache.ratis.server.impl.LeaderElection.askForVotes(LeaderElection.java:197)
	at org.apache.ratis.server.impl.LeaderElection.run(LeaderElection.java:133)
	at java.lang.Thread.run(Thread.java:748)
Caused by: org.apache.ratis.thirdparty.io.grpc.StatusRuntimeException: UNAVAILABLE: io exception
	at org.apache.ratis.thirdparty.io.grpc.stub.ClientCalls.toStatusRuntimeException(ClientCalls.java:233)
	at org.apache.ratis.thirdparty.io.grpc.stub.ClientCalls.getUnchecked(ClientCalls.java:214)
	at org.apache.ratis.thirdparty.io.grpc.stub.ClientCalls.blockingUnaryCall(ClientCalls.java:139)
	at org.apache.ratis.proto.grpc.RaftServerProtocolServiceGrpc$RaftServerProtocolServiceBlockingStub.requestVote(RaftServerProtocolServiceGrpc.java:265)
	at org.apache.ratis.grpc.server.GrpcServerProtocolClient.requestVote(GrpcServerProtocolClient.java:99)
	at org.apache.ratis.grpc.server.GrpcService.requestVote(GrpcService.java:204)
	at org.apache.ratis.server.impl.LeaderElection.lambda$submitRequests$1(LeaderElection.java:234)
	at java.util.concurrent.FutureTask.run(FutureTask.java:266)
	at java.util.concurrent.Executors$RunnableAdapter.call(Executors.java:511)
	at java.util.concurrent.FutureTask.run(FutureTask.java:266)
	at java.util.concurrent.ThreadPoolExecutor.runWorker(ThreadPoolExecutor.java:1149)
	at java.util.concurrent.ThreadPoolExecutor$Worker.run(ThreadPoolExecutor.java:624)
	... 1 more
Caused by: org.apache.ratis.thirdparty.io.netty.channel.AbstractChannel$AnnotatedConnectException: Connection refused: /192.168.34.63:44743
	at sun.nio.ch.SocketChannelImpl.checkConnect(Native Method)
	at sun.nio.ch.SocketChannelImpl.finishConnect(SocketChannelImpl.java:717)
	at org.apache.ratis.thirdparty.io.netty.channel.socket.nio.NioSocketChannel.doFinishConnect(NioSocketChannel.java:327)
	at org.apache.ratis.thirdparty.io.netty.channel.nio.AbstractNioChannel$AbstractNioUnsafe.finishConnect(AbstractNioChannel.java:340)
	at org.apache.ratis.thirdparty.io.netty.channel.nio.NioEventLoop.processSelectedKey(NioEventLoop.java:632)
	at org.apache.ratis.thirdparty.io.netty.channel.nio.NioEventLoop.processSelectedKeysOptimized(NioEventLoop.java:579)
	at org.apache.ratis.thirdparty.io.netty.channel.nio.NioEventLoop.processSelectedKeys(NioEventLoop.java:496)
	at org.apache.ratis.thirdparty.io.netty.channel.nio.NioEventLoop.run(NioEventLoop.java:458)
	at org.apache.ratis.thirdparty.io.netty.util.concurrent.SingleThreadEventExecutor$5.run(SingleThreadEventExecutor.java:897)
	at org.apache.ratis.thirdparty.io.netty.util.concurrent.FastThreadLocalRunnable.run(FastThreadLocalRunnable.java:30)
	... 1 more
Caused by: java.net.ConnectException: Connection refused
	... 11 more
2019-11-11 04:08:42,160 [9a305e64-7592-4199-ba7e-8c2223e9b548@group-A10C889AEEC0-LeaderElection46] INFO  impl.LeaderElection (LogUtils.java:infoOrTrace(149)) - 9a305e64-7592-4199-ba7e-8c2223e9b548@group-A10C889AEEC0-LeaderElection46 got exception when requesting votes: {}
java.util.concurrent.ExecutionException: org.apache.ratis.thirdparty.io.grpc.StatusRuntimeException: UNAVAILABLE: io exception
	at java.util.concurrent.FutureTask.report(FutureTask.java:122)
	at java.util.concurrent.FutureTask.get(FutureTask.java:192)
	at org.apache.ratis.server.impl.LeaderElection.waitForResults(LeaderElection.java:259)
	at org.apache.ratis.server.impl.LeaderElection.askForVotes(LeaderElection.java:197)
	at org.apache.ratis.server.impl.LeaderElection.run(LeaderElection.java:133)
	at java.lang.Thread.run(Thread.java:748)
Caused by: org.apache.ratis.thirdparty.io.grpc.StatusRuntimeException: UNAVAILABLE: io exception
	at org.apache.ratis.thirdparty.io.grpc.stub.ClientCalls.toStatusRuntimeException(ClientCalls.java:233)
	at org.apache.ratis.thirdparty.io.grpc.stub.ClientCalls.getUnchecked(ClientCalls.java:214)
	at org.apache.ratis.thirdparty.io.grpc.stub.ClientCalls.blockingUnaryCall(ClientCalls.java:139)
	at org.apache.ratis.proto.grpc.RaftServerProtocolServiceGrpc$RaftServerProtocolServiceBlockingStub.requestVote(RaftServerProtocolServiceGrpc.java:265)
	at org.apache.ratis.grpc.server.GrpcServerProtocolClient.requestVote(GrpcServerProtocolClient.java:99)
	at org.apache.ratis.grpc.server.GrpcService.requestVote(GrpcService.java:204)
	at org.apache.ratis.server.impl.LeaderElection.lambda$submitRequests$1(LeaderElection.java:234)
	at java.util.concurrent.FutureTask.run(FutureTask.java:266)
	at java.util.concurrent.Executors$RunnableAdapter.call(Executors.java:511)
	at java.util.concurrent.FutureTask.run(FutureTask.java:266)
	at java.util.concurrent.ThreadPoolExecutor.runWorker(ThreadPoolExecutor.java:1149)
	at java.util.concurrent.ThreadPoolExecutor$Worker.run(ThreadPoolExecutor.java:624)
	... 1 more
Caused by: org.apache.ratis.thirdparty.io.netty.channel.AbstractChannel$AnnotatedConnectException: Connection refused: /192.168.34.63:41296
	at sun.nio.ch.SocketChannelImpl.checkConnect(Native Method)
	at sun.nio.ch.SocketChannelImpl.finishConnect(SocketChannelImpl.java:717)
	at org.apache.ratis.thirdparty.io.netty.channel.socket.nio.NioSocketChannel.doFinishConnect(NioSocketChannel.java:327)
	at org.apache.ratis.thirdparty.io.netty.channel.nio.AbstractNioChannel$AbstractNioUnsafe.finishConnect(AbstractNioChannel.java:340)
	at org.apache.ratis.thirdparty.io.netty.channel.nio.NioEventLoop.processSelectedKey(NioEventLoop.java:632)
	at org.apache.ratis.thirdparty.io.netty.channel.nio.NioEventLoop.processSelectedKeysOptimized(NioEventLoop.java:579)
	at org.apache.ratis.thirdparty.io.netty.channel.nio.NioEventLoop.processSelectedKeys(NioEventLoop.java:496)
	at org.apache.ratis.thirdparty.io.netty.channel.nio.NioEventLoop.run(NioEventLoop.java:458)
	at org.apache.ratis.thirdparty.io.netty.util.concurrent.SingleThreadEventExecutor$5.run(SingleThreadEventExecutor.java:897)
	at org.apache.ratis.thirdparty.io.netty.util.concurrent.FastThreadLocalRunnable.run(FastThreadLocalRunnable.java:30)
	... 1 more
Caused by: java.net.ConnectException: Connection refused
	... 11 more
2019-11-11 04:08:42,160 [9a305e64-7592-4199-ba7e-8c2223e9b548@group-A10C889AEEC0-LeaderElection46] INFO  impl.LeaderElection (LeaderElection.java:logAndReturn(56)) - 9a305e64-7592-4199-ba7e-8c2223e9b548@group-A10C889AEEC0-LeaderElection46: Election REJECTED; received 0 response(s) [] and 2 exception(s); 9a305e64-7592-4199-ba7e-8c2223e9b548@group-A10C889AEEC0:t11, leader=null, voted=9a305e64-7592-4199-ba7e-8c2223e9b548, raftlog=9a305e64-7592-4199-ba7e-8c2223e9b548@group-A10C889AEEC0-SegmentedRaftLog:OPENED:c0,f0,i0, conf=0: [9a305e64-7592-4199-ba7e-8c2223e9b548:192.168.34.63:35969, c04805f0-1fdc-4096-9f0e-017639bb4de5:192.168.34.63:44743, f4ab3ec0-fcec-4fb2-8953-e521da90d916:192.168.34.63:41296], old=null
2019-11-11 04:08:42,160 [9a305e64-7592-4199-ba7e-8c2223e9b548@group-A10C889AEEC0-LeaderElection46] INFO  impl.LeaderElection (LogUtils.java:infoOrTrace(149)) -   Exception 0: {}
java.util.concurrent.ExecutionException: org.apache.ratis.thirdparty.io.grpc.StatusRuntimeException: UNAVAILABLE: io exception
	at java.util.concurrent.FutureTask.report(FutureTask.java:122)
	at java.util.concurrent.FutureTask.get(FutureTask.java:192)
	at org.apache.ratis.server.impl.LeaderElection.waitForResults(LeaderElection.java:259)
	at org.apache.ratis.server.impl.LeaderElection.askForVotes(LeaderElection.java:197)
	at org.apache.ratis.server.impl.LeaderElection.run(LeaderElection.java:133)
	at java.lang.Thread.run(Thread.java:748)
Caused by: org.apache.ratis.thirdparty.io.grpc.StatusRuntimeException: UNAVAILABLE: io exception
	at org.apache.ratis.thirdparty.io.grpc.stub.ClientCalls.toStatusRuntimeException(ClientCalls.java:233)
	at org.apache.ratis.thirdparty.io.grpc.stub.ClientCalls.getUnchecked(ClientCalls.java:214)
	at org.apache.ratis.thirdparty.io.grpc.stub.ClientCalls.blockingUnaryCall(ClientCalls.java:139)
	at org.apache.ratis.proto.grpc.RaftServerProtocolServiceGrpc$RaftServerProtocolServiceBlockingStub.requestVote(RaftServerProtocolServiceGrpc.java:265)
	at org.apache.ratis.grpc.server.GrpcServerProtocolClient.requestVote(GrpcServerProtocolClient.java:99)
	at org.apache.ratis.grpc.server.GrpcService.requestVote(GrpcService.java:204)
	at org.apache.ratis.server.impl.LeaderElection.lambda$submitRequests$1(LeaderElection.java:234)
	at java.util.concurrent.FutureTask.run(FutureTask.java:266)
	at java.util.concurrent.Executors$RunnableAdapter.call(Executors.java:511)
	at java.util.concurrent.FutureTask.run(FutureTask.java:266)
	at java.util.concurrent.ThreadPoolExecutor.runWorker(ThreadPoolExecutor.java:1149)
	at java.util.concurrent.ThreadPoolExecutor$Worker.run(ThreadPoolExecutor.java:624)
	... 1 more
Caused by: org.apache.ratis.thirdparty.io.netty.channel.AbstractChannel$AnnotatedConnectException: Connection refused: /192.168.34.63:44743
	at sun.nio.ch.SocketChannelImpl.checkConnect(Native Method)
	at sun.nio.ch.SocketChannelImpl.finishConnect(SocketChannelImpl.java:717)
	at org.apache.ratis.thirdparty.io.netty.channel.socket.nio.NioSocketChannel.doFinishConnect(NioSocketChannel.java:327)
	at org.apache.ratis.thirdparty.io.netty.channel.nio.AbstractNioChannel$AbstractNioUnsafe.finishConnect(AbstractNioChannel.java:340)
	at org.apache.ratis.thirdparty.io.netty.channel.nio.NioEventLoop.processSelectedKey(NioEventLoop.java:632)
	at org.apache.ratis.thirdparty.io.netty.channel.nio.NioEventLoop.processSelectedKeysOptimized(NioEventLoop.java:579)
	at org.apache.ratis.thirdparty.io.netty.channel.nio.NioEventLoop.processSelectedKeys(NioEventLoop.java:496)
	at org.apache.ratis.thirdparty.io.netty.channel.nio.NioEventLoop.run(NioEventLoop.java:458)
	at org.apache.ratis.thirdparty.io.netty.util.concurrent.SingleThreadEventExecutor$5.run(SingleThreadEventExecutor.java:897)
	at org.apache.ratis.thirdparty.io.netty.util.concurrent.FastThreadLocalRunnable.run(FastThreadLocalRunnable.java:30)
	... 1 more
Caused by: java.net.ConnectException: Connection refused
	... 11 more
2019-11-11 04:08:42,161 [9a305e64-7592-4199-ba7e-8c2223e9b548@group-A10C889AEEC0-LeaderElection46] INFO  impl.LeaderElection (LogUtils.java:infoOrTrace(149)) -   Exception 1: {}
java.util.concurrent.ExecutionException: org.apache.ratis.thirdparty.io.grpc.StatusRuntimeException: UNAVAILABLE: io exception
	at java.util.concurrent.FutureTask.report(FutureTask.java:122)
	at java.util.concurrent.FutureTask.get(FutureTask.java:192)
	at org.apache.ratis.server.impl.LeaderElection.waitForResults(LeaderElection.java:259)
	at org.apache.ratis.server.impl.LeaderElection.askForVotes(LeaderElection.java:197)
	at org.apache.ratis.server.impl.LeaderElection.run(LeaderElection.java:133)
	at java.lang.Thread.run(Thread.java:748)
Caused by: org.apache.ratis.thirdparty.io.grpc.StatusRuntimeException: UNAVAILABLE: io exception
	at org.apache.ratis.thirdparty.io.grpc.stub.ClientCalls.toStatusRuntimeException(ClientCalls.java:233)
	at org.apache.ratis.thirdparty.io.grpc.stub.ClientCalls.getUnchecked(ClientCalls.java:214)
	at org.apache.ratis.thirdparty.io.grpc.stub.ClientCalls.blockingUnaryCall(ClientCalls.java:139)
	at org.apache.ratis.proto.grpc.RaftServerProtocolServiceGrpc$RaftServerProtocolServiceBlockingStub.requestVote(RaftServerProtocolServiceGrpc.java:265)
	at org.apache.ratis.grpc.server.GrpcServerProtocolClient.requestVote(GrpcServerProtocolClient.java:99)
	at org.apache.ratis.grpc.server.GrpcService.requestVote(GrpcService.java:204)
	at org.apache.ratis.server.impl.LeaderElection.lambda$submitRequests$1(LeaderElection.java:234)
	at java.util.concurrent.FutureTask.run(FutureTask.java:266)
	at java.util.concurrent.Executors$RunnableAdapter.call(Executors.java:511)
	at java.util.concurrent.FutureTask.run(FutureTask.java:266)
	at java.util.concurrent.ThreadPoolExecutor.runWorker(ThreadPoolExecutor.java:1149)
	at java.util.concurrent.ThreadPoolExecutor$Worker.run(ThreadPoolExecutor.java:624)
	... 1 more
Caused by: org.apache.ratis.thirdparty.io.netty.channel.AbstractChannel$AnnotatedConnectException: Connection refused: /192.168.34.63:41296
	at sun.nio.ch.SocketChannelImpl.checkConnect(Native Method)
	at sun.nio.ch.SocketChannelImpl.finishConnect(SocketChannelImpl.java:717)
	at org.apache.ratis.thirdparty.io.netty.channel.socket.nio.NioSocketChannel.doFinishConnect(NioSocketChannel.java:327)
	at org.apache.ratis.thirdparty.io.netty.channel.nio.AbstractNioChannel$AbstractNioUnsafe.finishConnect(AbstractNioChannel.java:340)
	at org.apache.ratis.thirdparty.io.netty.channel.nio.NioEventLoop.processSelectedKey(NioEventLoop.java:632)
	at org.apache.ratis.thirdparty.io.netty.channel.nio.NioEventLoop.processSelectedKeysOptimized(NioEventLoop.java:579)
	at org.apache.ratis.thirdparty.io.netty.channel.nio.NioEventLoop.processSelectedKeys(NioEventLoop.java:496)
	at org.apache.ratis.thirdparty.io.netty.channel.nio.NioEventLoop.run(NioEventLoop.java:458)
	at org.apache.ratis.thirdparty.io.netty.util.concurrent.SingleThreadEventExecutor$5.run(SingleThreadEventExecutor.java:897)
	at org.apache.ratis.thirdparty.io.netty.util.concurrent.FastThreadLocalRunnable.run(FastThreadLocalRunnable.java:30)
	... 1 more
Caused by: java.net.ConnectException: Connection refused
	... 11 more
2019-11-11 04:08:42,161 [9a305e64-7592-4199-ba7e-8c2223e9b548@group-A10C889AEEC0-LeaderElection46] INFO  impl.RaftServerImpl (RaftServerImpl.java:setRole(173)) - 9a305e64-7592-4199-ba7e-8c2223e9b548@group-A10C889AEEC0: changes role from CANDIDATE to FOLLOWER at term 11 for DISCOVERED_A_NEW_TERM
2019-11-11 04:08:42,161 [9a305e64-7592-4199-ba7e-8c2223e9b548@group-A10C889AEEC0-LeaderElection46] INFO  impl.RoleInfo (RoleInfo.java:shutdownLeaderElection(134)) - 9a305e64-7592-4199-ba7e-8c2223e9b548: shutdown LeaderElection
2019-11-11 04:08:42,161 [9a305e64-7592-4199-ba7e-8c2223e9b548@group-A10C889AEEC0-LeaderElection46] INFO  impl.RoleInfo (RoleInfo.java:updateAndGet(143)) - 9a305e64-7592-4199-ba7e-8c2223e9b548: start FollowerState
2019-11-11 04:08:42,542 [grpc-default-executor-8] WARN  server.GrpcLogAppender (LogUtils.java:warn(134)) - 9a305e64-7592-4199-ba7e-8c2223e9b548@group-F4D747E15FF8->f4ab3ec0-fcec-4fb2-8953-e521da90d916-AppendLogResponseHandler: Failed appendEntries: org.apache.ratis.thirdparty.io.grpc.StatusRuntimeException: UNAVAILABLE: io exception
2019-11-11 04:08:42,542 [grpc-default-executor-8] INFO  impl.FollowerInfo (FollowerInfo.java:lambda$new$0(51)) - 9a305e64-7592-4199-ba7e-8c2223e9b548@group-F4D747E15FF8->f4ab3ec0-fcec-4fb2-8953-e521da90d916: nextIndex: updateUnconditionally 0 -> 0
2019-11-11 04:08:42,594 [org.apache.ratis.server.impl.LogAppender$AppenderDaemon$$Lambda$651/545843685@69bcbdd4] ERROR ratis.XceiverServerRatis (XceiverServerRatis.java:triggerPipelineClose(577)) - pipeline Action CLOSE  on pipeline PipelineID=31ac6f49-abee-419e-8f26-f4d747e15ff8.Reason : 9a305e64-7592-4199-ba7e-8c2223e9b548 has not seen follower/s 61021d77-0677-40a1-98e7-8ba643935ac0 for 132068ms
2019-11-11 04:08:42,595 [grpc-default-executor-7] WARN  server.GrpcLogAppender (LogUtils.java:warn(134)) - 9a305e64-7592-4199-ba7e-8c2223e9b548@group-F4D747E15FF8->61021d77-0677-40a1-98e7-8ba643935ac0-AppendLogResponseHandler: Failed appendEntries: org.apache.ratis.thirdparty.io.grpc.StatusRuntimeException: UNAVAILABLE: io exception
2019-11-11 04:08:42,595 [grpc-default-executor-7] INFO  impl.FollowerInfo (FollowerInfo.java:lambda$new$0(51)) - 9a305e64-7592-4199-ba7e-8c2223e9b548@group-F4D747E15FF8->61021d77-0677-40a1-98e7-8ba643935ac0: nextIndex: updateUnconditionally 0 -> 0
2019-11-11 04:08:42,673 [Thread-1158] INFO  impl.FollowerState (FollowerState.java:run(111)) - 9a305e64-7592-4199-ba7e-8c2223e9b548@group-D5F2B638C171-FollowerState: change to CANDIDATE, lastRpcTime:1144ms, electionTimeout:1144ms
2019-11-11 04:08:42,673 [Thread-1158] INFO  impl.RoleInfo (RoleInfo.java:shutdownFollowerState(121)) - 9a305e64-7592-4199-ba7e-8c2223e9b548: shutdown FollowerState
2019-11-11 04:08:42,673 [Thread-1158] INFO  impl.RaftServerImpl (RaftServerImpl.java:setRole(173)) - 9a305e64-7592-4199-ba7e-8c2223e9b548@group-D5F2B638C171: changes role from  FOLLOWER to CANDIDATE at term 11 for changeToCandidate
2019-11-11 04:08:42,673 [Thread-1158] INFO  impl.RoleInfo (RoleInfo.java:updateAndGet(143)) - 9a305e64-7592-4199-ba7e-8c2223e9b548: start LeaderElection
2019-11-11 04:08:42,688 [9a305e64-7592-4199-ba7e-8c2223e9b548@group-D5F2B638C171-LeaderElection47] INFO  impl.LeaderElection (LeaderElection.java:askForVotes(178)) - 9a305e64-7592-4199-ba7e-8c2223e9b548@group-D5F2B638C171-LeaderElection47: begin an election at term 12 for 0: [9a305e64-7592-4199-ba7e-8c2223e9b548:192.168.34.63:35969, c04805f0-1fdc-4096-9f0e-017639bb4de5:192.168.34.63:44743, f4ab3ec0-fcec-4fb2-8953-e521da90d916:192.168.34.63:41296], old=null
2019-11-11 04:08:42,689 [9a305e64-7592-4199-ba7e-8c2223e9b548@group-D5F2B638C171-LeaderElection47] INFO  impl.LeaderElection (LogUtils.java:infoOrTrace(149)) - 9a305e64-7592-4199-ba7e-8c2223e9b548@group-D5F2B638C171-LeaderElection47 got exception when requesting votes: {}
java.util.concurrent.ExecutionException: org.apache.ratis.thirdparty.io.grpc.StatusRuntimeException: UNAVAILABLE: io exception
	at java.util.concurrent.FutureTask.report(FutureTask.java:122)
	at java.util.concurrent.FutureTask.get(FutureTask.java:192)
	at org.apache.ratis.server.impl.LeaderElection.waitForResults(LeaderElection.java:259)
	at org.apache.ratis.server.impl.LeaderElection.askForVotes(LeaderElection.java:197)
	at org.apache.ratis.server.impl.LeaderElection.run(LeaderElection.java:133)
	at java.lang.Thread.run(Thread.java:748)
Caused by: org.apache.ratis.thirdparty.io.grpc.StatusRuntimeException: UNAVAILABLE: io exception
	at org.apache.ratis.thirdparty.io.grpc.stub.ClientCalls.toStatusRuntimeException(ClientCalls.java:233)
	at org.apache.ratis.thirdparty.io.grpc.stub.ClientCalls.getUnchecked(ClientCalls.java:214)
	at org.apache.ratis.thirdparty.io.grpc.stub.ClientCalls.blockingUnaryCall(ClientCalls.java:139)
	at org.apache.ratis.proto.grpc.RaftServerProtocolServiceGrpc$RaftServerProtocolServiceBlockingStub.requestVote(RaftServerProtocolServiceGrpc.java:265)
	at org.apache.ratis.grpc.server.GrpcServerProtocolClient.requestVote(GrpcServerProtocolClient.java:99)
	at org.apache.ratis.grpc.server.GrpcService.requestVote(GrpcService.java:204)
	at org.apache.ratis.server.impl.LeaderElection.lambda$submitRequests$1(LeaderElection.java:234)
	at java.util.concurrent.FutureTask.run(FutureTask.java:266)
	at java.util.concurrent.Executors$RunnableAdapter.call(Executors.java:511)
	at java.util.concurrent.FutureTask.run(FutureTask.java:266)
	at java.util.concurrent.ThreadPoolExecutor.runWorker(ThreadPoolExecutor.java:1149)
	at java.util.concurrent.ThreadPoolExecutor$Worker.run(ThreadPoolExecutor.java:624)
	... 1 more
Caused by: org.apache.ratis.thirdparty.io.netty.channel.AbstractChannel$AnnotatedConnectException: Connection refused: /192.168.34.63:44743
	at sun.nio.ch.SocketChannelImpl.checkConnect(Native Method)
	at sun.nio.ch.SocketChannelImpl.finishConnect(SocketChannelImpl.java:717)
	at org.apache.ratis.thirdparty.io.netty.channel.socket.nio.NioSocketChannel.doFinishConnect(NioSocketChannel.java:327)
	at org.apache.ratis.thirdparty.io.netty.channel.nio.AbstractNioChannel$AbstractNioUnsafe.finishConnect(AbstractNioChannel.java:340)
	at org.apache.ratis.thirdparty.io.netty.channel.nio.NioEventLoop.processSelectedKey(NioEventLoop.java:632)
	at org.apache.ratis.thirdparty.io.netty.channel.nio.NioEventLoop.processSelectedKeysOptimized(NioEventLoop.java:579)
	at org.apache.ratis.thirdparty.io.netty.channel.nio.NioEventLoop.processSelectedKeys(NioEventLoop.java:496)
	at org.apache.ratis.thirdparty.io.netty.channel.nio.NioEventLoop.run(NioEventLoop.java:458)
	at org.apache.ratis.thirdparty.io.netty.util.concurrent.SingleThreadEventExecutor$5.run(SingleThreadEventExecutor.java:897)
	at org.apache.ratis.thirdparty.io.netty.util.concurrent.FastThreadLocalRunnable.run(FastThreadLocalRunnable.java:30)
	... 1 more
Caused by: java.net.ConnectException: Connection refused
	... 11 more
2019-11-11 04:08:42,691 [9a305e64-7592-4199-ba7e-8c2223e9b548@group-D5F2B638C171-LeaderElection47] INFO  impl.LeaderElection (LogUtils.java:infoOrTrace(149)) - 9a305e64-7592-4199-ba7e-8c2223e9b548@group-D5F2B638C171-LeaderElection47 got exception when requesting votes: {}
java.util.concurrent.ExecutionException: org.apache.ratis.thirdparty.io.grpc.StatusRuntimeException: UNAVAILABLE: io exception
	at java.util.concurrent.FutureTask.report(FutureTask.java:122)
	at java.util.concurrent.FutureTask.get(FutureTask.java:192)
	at org.apache.ratis.server.impl.LeaderElection.waitForResults(LeaderElection.java:259)
	at org.apache.ratis.server.impl.LeaderElection.askForVotes(LeaderElection.java:197)
	at org.apache.ratis.server.impl.LeaderElection.run(LeaderElection.java:133)
	at java.lang.Thread.run(Thread.java:748)
Caused by: org.apache.ratis.thirdparty.io.grpc.StatusRuntimeException: UNAVAILABLE: io exception
	at org.apache.ratis.thirdparty.io.grpc.stub.ClientCalls.toStatusRuntimeException(ClientCalls.java:233)
	at org.apache.ratis.thirdparty.io.grpc.stub.ClientCalls.getUnchecked(ClientCalls.java:214)
	at org.apache.ratis.thirdparty.io.grpc.stub.ClientCalls.blockingUnaryCall(ClientCalls.java:139)
	at org.apache.ratis.proto.grpc.RaftServerProtocolServiceGrpc$RaftServerProtocolServiceBlockingStub.requestVote(RaftServerProtocolServiceGrpc.java:265)
	at org.apache.ratis.grpc.server.GrpcServerProtocolClient.requestVote(GrpcServerProtocolClient.java:99)
	at org.apache.ratis.grpc.server.GrpcService.requestVote(GrpcService.java:204)
	at org.apache.ratis.server.impl.LeaderElection.lambda$submitRequests$1(LeaderElection.java:234)
	at java.util.concurrent.FutureTask.run(FutureTask.java:266)
	at java.util.concurrent.Executors$RunnableAdapter.call(Executors.java:511)
	at java.util.concurrent.FutureTask.run(FutureTask.java:266)
	at java.util.concurrent.ThreadPoolExecutor.runWorker(ThreadPoolExecutor.java:1149)
	at java.util.concurrent.ThreadPoolExecutor$Worker.run(ThreadPoolExecutor.java:624)
	... 1 more
Caused by: org.apache.ratis.thirdparty.io.netty.channel.AbstractChannel$AnnotatedConnectException: Connection refused: /192.168.34.63:41296
	at sun.nio.ch.SocketChannelImpl.checkConnect(Native Method)
	at sun.nio.ch.SocketChannelImpl.finishConnect(SocketChannelImpl.java:717)
	at org.apache.ratis.thirdparty.io.netty.channel.socket.nio.NioSocketChannel.doFinishConnect(NioSocketChannel.java:327)
	at org.apache.ratis.thirdparty.io.netty.channel.nio.AbstractNioChannel$AbstractNioUnsafe.finishConnect(AbstractNioChannel.java:340)
	at org.apache.ratis.thirdparty.io.netty.channel.nio.NioEventLoop.processSelectedKey(NioEventLoop.java:632)
	at org.apache.ratis.thirdparty.io.netty.channel.nio.NioEventLoop.processSelectedKeysOptimized(NioEventLoop.java:579)
	at org.apache.ratis.thirdparty.io.netty.channel.nio.NioEventLoop.processSelectedKeys(NioEventLoop.java:496)
	at org.apache.ratis.thirdparty.io.netty.channel.nio.NioEventLoop.run(NioEventLoop.java:458)
	at org.apache.ratis.thirdparty.io.netty.util.concurrent.SingleThreadEventExecutor$5.run(SingleThreadEventExecutor.java:897)
	at org.apache.ratis.thirdparty.io.netty.util.concurrent.FastThreadLocalRunnable.run(FastThreadLocalRunnable.java:30)
	... 1 more
Caused by: java.net.ConnectException: Connection refused
	... 11 more
2019-11-11 04:08:42,691 [9a305e64-7592-4199-ba7e-8c2223e9b548@group-D5F2B638C171-LeaderElection47] INFO  impl.LeaderElection (LeaderElection.java:logAndReturn(56)) - 9a305e64-7592-4199-ba7e-8c2223e9b548@group-D5F2B638C171-LeaderElection47: Election REJECTED; received 0 response(s) [] and 2 exception(s); 9a305e64-7592-4199-ba7e-8c2223e9b548@group-D5F2B638C171:t12, leader=null, voted=9a305e64-7592-4199-ba7e-8c2223e9b548, raftlog=9a305e64-7592-4199-ba7e-8c2223e9b548@group-D5F2B638C171-SegmentedRaftLog:OPENED:c0,f0,i0, conf=0: [9a305e64-7592-4199-ba7e-8c2223e9b548:192.168.34.63:35969, c04805f0-1fdc-4096-9f0e-017639bb4de5:192.168.34.63:44743, f4ab3ec0-fcec-4fb2-8953-e521da90d916:192.168.34.63:41296], old=null
2019-11-11 04:08:42,691 [9a305e64-7592-4199-ba7e-8c2223e9b548@group-D5F2B638C171-LeaderElection47] INFO  impl.LeaderElection (LogUtils.java:infoOrTrace(149)) -   Exception 0: {}
java.util.concurrent.ExecutionException: org.apache.ratis.thirdparty.io.grpc.StatusRuntimeException: UNAVAILABLE: io exception
	at java.util.concurrent.FutureTask.report(FutureTask.java:122)
	at java.util.concurrent.FutureTask.get(FutureTask.java:192)
	at org.apache.ratis.server.impl.LeaderElection.waitForResults(LeaderElection.java:259)
	at org.apache.ratis.server.impl.LeaderElection.askForVotes(LeaderElection.java:197)
	at org.apache.ratis.server.impl.LeaderElection.run(LeaderElection.java:133)
	at java.lang.Thread.run(Thread.java:748)
Caused by: org.apache.ratis.thirdparty.io.grpc.StatusRuntimeException: UNAVAILABLE: io exception
	at org.apache.ratis.thirdparty.io.grpc.stub.ClientCalls.toStatusRuntimeException(ClientCalls.java:233)
	at org.apache.ratis.thirdparty.io.grpc.stub.ClientCalls.getUnchecked(ClientCalls.java:214)
	at org.apache.ratis.thirdparty.io.grpc.stub.ClientCalls.blockingUnaryCall(ClientCalls.java:139)
	at org.apache.ratis.proto.grpc.RaftServerProtocolServiceGrpc$RaftServerProtocolServiceBlockingStub.requestVote(RaftServerProtocolServiceGrpc.java:265)
	at org.apache.ratis.grpc.server.GrpcServerProtocolClient.requestVote(GrpcServerProtocolClient.java:99)
	at org.apache.ratis.grpc.server.GrpcService.requestVote(GrpcService.java:204)
	at org.apache.ratis.server.impl.LeaderElection.lambda$submitRequests$1(LeaderElection.java:234)
	at java.util.concurrent.FutureTask.run(FutureTask.java:266)
	at java.util.concurrent.Executors$RunnableAdapter.call(Executors.java:511)
	at java.util.concurrent.FutureTask.run(FutureTask.java:266)
	at java.util.concurrent.ThreadPoolExecutor.runWorker(ThreadPoolExecutor.java:1149)
	at java.util.concurrent.ThreadPoolExecutor$Worker.run(ThreadPoolExecutor.java:624)
	... 1 more
Caused by: org.apache.ratis.thirdparty.io.netty.channel.AbstractChannel$AnnotatedConnectException: Connection refused: /192.168.34.63:44743
	at sun.nio.ch.SocketChannelImpl.checkConnect(Native Method)
	at sun.nio.ch.SocketChannelImpl.finishConnect(SocketChannelImpl.java:717)
	at org.apache.ratis.thirdparty.io.netty.channel.socket.nio.NioSocketChannel.doFinishConnect(NioSocketChannel.java:327)
	at org.apache.ratis.thirdparty.io.netty.channel.nio.AbstractNioChannel$AbstractNioUnsafe.finishConnect(AbstractNioChannel.java:340)
	at org.apache.ratis.thirdparty.io.netty.channel.nio.NioEventLoop.processSelectedKey(NioEventLoop.java:632)
	at org.apache.ratis.thirdparty.io.netty.channel.nio.NioEventLoop.processSelectedKeysOptimized(NioEventLoop.java:579)
	at org.apache.ratis.thirdparty.io.netty.channel.nio.NioEventLoop.processSelectedKeys(NioEventLoop.java:496)
	at org.apache.ratis.thirdparty.io.netty.channel.nio.NioEventLoop.run(NioEventLoop.java:458)
	at org.apache.ratis.thirdparty.io.netty.util.concurrent.SingleThreadEventExecutor$5.run(SingleThreadEventExecutor.java:897)
	at org.apache.ratis.thirdparty.io.netty.util.concurrent.FastThreadLocalRunnable.run(FastThreadLocalRunnable.java:30)
	... 1 more
Caused by: java.net.ConnectException: Connection refused
	... 11 more
2019-11-11 04:08:42,691 [9a305e64-7592-4199-ba7e-8c2223e9b548@group-D5F2B638C171-LeaderElection47] INFO  impl.LeaderElection (LogUtils.java:infoOrTrace(149)) -   Exception 1: {}
java.util.concurrent.ExecutionException: org.apache.ratis.thirdparty.io.grpc.StatusRuntimeException: UNAVAILABLE: io exception
	at java.util.concurrent.FutureTask.report(FutureTask.java:122)
	at java.util.concurrent.FutureTask.get(FutureTask.java:192)
	at org.apache.ratis.server.impl.LeaderElection.waitForResults(LeaderElection.java:259)
	at org.apache.ratis.server.impl.LeaderElection.askForVotes(LeaderElection.java:197)
	at org.apache.ratis.server.impl.LeaderElection.run(LeaderElection.java:133)
	at java.lang.Thread.run(Thread.java:748)
Caused by: org.apache.ratis.thirdparty.io.grpc.StatusRuntimeException: UNAVAILABLE: io exception
	at org.apache.ratis.thirdparty.io.grpc.stub.ClientCalls.toStatusRuntimeException(ClientCalls.java:233)
	at org.apache.ratis.thirdparty.io.grpc.stub.ClientCalls.getUnchecked(ClientCalls.java:214)
	at org.apache.ratis.thirdparty.io.grpc.stub.ClientCalls.blockingUnaryCall(ClientCalls.java:139)
	at org.apache.ratis.proto.grpc.RaftServerProtocolServiceGrpc$RaftServerProtocolServiceBlockingStub.requestVote(RaftServerProtocolServiceGrpc.java:265)
	at org.apache.ratis.grpc.server.GrpcServerProtocolClient.requestVote(GrpcServerProtocolClient.java:99)
	at org.apache.ratis.grpc.server.GrpcService.requestVote(GrpcService.java:204)
	at org.apache.ratis.server.impl.LeaderElection.lambda$submitRequests$1(LeaderElection.java:234)
	at java.util.concurrent.FutureTask.run(FutureTask.java:266)
	at java.util.concurrent.Executors$RunnableAdapter.call(Executors.java:511)
	at java.util.concurrent.FutureTask.run(FutureTask.java:266)
	at java.util.concurrent.ThreadPoolExecutor.runWorker(ThreadPoolExecutor.java:1149)
	at java.util.concurrent.ThreadPoolExecutor$Worker.run(ThreadPoolExecutor.java:624)
	... 1 more
Caused by: org.apache.ratis.thirdparty.io.netty.channel.AbstractChannel$AnnotatedConnectException: Connection refused: /192.168.34.63:41296
	at sun.nio.ch.SocketChannelImpl.checkConnect(Native Method)
	at sun.nio.ch.SocketChannelImpl.finishConnect(SocketChannelImpl.java:717)
	at org.apache.ratis.thirdparty.io.netty.channel.socket.nio.NioSocketChannel.doFinishConnect(NioSocketChannel.java:327)
	at org.apache.ratis.thirdparty.io.netty.channel.nio.AbstractNioChannel$AbstractNioUnsafe.finishConnect(AbstractNioChannel.java:340)
	at org.apache.ratis.thirdparty.io.netty.channel.nio.NioEventLoop.processSelectedKey(NioEventLoop.java:632)
	at org.apache.ratis.thirdparty.io.netty.channel.nio.NioEventLoop.processSelectedKeysOptimized(NioEventLoop.java:579)
	at org.apache.ratis.thirdparty.io.netty.channel.nio.NioEventLoop.processSelectedKeys(NioEventLoop.java:496)
	at org.apache.ratis.thirdparty.io.netty.channel.nio.NioEventLoop.run(NioEventLoop.java:458)
	at org.apache.ratis.thirdparty.io.netty.util.concurrent.SingleThreadEventExecutor$5.run(SingleThreadEventExecutor.java:897)
	at org.apache.ratis.thirdparty.io.netty.util.concurrent.FastThreadLocalRunnable.run(FastThreadLocalRunnable.java:30)
	... 1 more
Caused by: java.net.ConnectException: Connection refused
	... 11 more
2019-11-11 04:08:42,692 [9a305e64-7592-4199-ba7e-8c2223e9b548@group-D5F2B638C171-LeaderElection47] INFO  impl.RaftServerImpl (RaftServerImpl.java:setRole(173)) - 9a305e64-7592-4199-ba7e-8c2223e9b548@group-D5F2B638C171: changes role from CANDIDATE to FOLLOWER at term 12 for DISCOVERED_A_NEW_TERM
2019-11-11 04:08:42,692 [9a305e64-7592-4199-ba7e-8c2223e9b548@group-D5F2B638C171-LeaderElection47] INFO  impl.RoleInfo (RoleInfo.java:shutdownLeaderElection(134)) - 9a305e64-7592-4199-ba7e-8c2223e9b548: shutdown LeaderElection
2019-11-11 04:08:42,692 [9a305e64-7592-4199-ba7e-8c2223e9b548@group-D5F2B638C171-LeaderElection47] INFO  impl.RoleInfo (RoleInfo.java:updateAndGet(143)) - 9a305e64-7592-4199-ba7e-8c2223e9b548: start FollowerState
2019-11-11 04:08:43,042 [grpc-default-executor-7] WARN  server.GrpcLogAppender (LogUtils.java:warn(134)) - 9a305e64-7592-4199-ba7e-8c2223e9b548@group-F4D747E15FF8->f4ab3ec0-fcec-4fb2-8953-e521da90d916-AppendLogResponseHandler: Failed appendEntries: org.apache.ratis.thirdparty.io.grpc.StatusRuntimeException: UNAVAILABLE: io exception
2019-11-11 04:08:43,042 [grpc-default-executor-7] INFO  impl.FollowerInfo (FollowerInfo.java:lambda$new$0(51)) - 9a305e64-7592-4199-ba7e-8c2223e9b548@group-F4D747E15FF8->f4ab3ec0-fcec-4fb2-8953-e521da90d916: nextIndex: updateUnconditionally 0 -> 0
2019-11-11 04:08:43,095 [org.apache.ratis.server.impl.LogAppender$AppenderDaemon$$Lambda$651/545843685@69bcbdd4] ERROR ratis.XceiverServerRatis (XceiverServerRatis.java:triggerPipelineClose(577)) - pipeline Action CLOSE  on pipeline PipelineID=31ac6f49-abee-419e-8f26-f4d747e15ff8.Reason : 9a305e64-7592-4199-ba7e-8c2223e9b548 has not seen follower/s 61021d77-0677-40a1-98e7-8ba643935ac0 for 132569ms
2019-11-11 04:08:43,096 [grpc-default-executor-2] WARN  server.GrpcLogAppender (LogUtils.java:warn(134)) - 9a305e64-7592-4199-ba7e-8c2223e9b548@group-F4D747E15FF8->61021d77-0677-40a1-98e7-8ba643935ac0-AppendLogResponseHandler: Failed appendEntries: org.apache.ratis.thirdparty.io.grpc.StatusRuntimeException: UNAVAILABLE: io exception
2019-11-11 04:08:43,096 [grpc-default-executor-2] INFO  impl.FollowerInfo (FollowerInfo.java:lambda$new$0(51)) - 9a305e64-7592-4199-ba7e-8c2223e9b548@group-F4D747E15FF8->61021d77-0677-40a1-98e7-8ba643935ac0: nextIndex: updateUnconditionally 0 -> 0
2019-11-11 04:08:43,290 [Thread-1162] INFO  impl.FollowerState (FollowerState.java:run(111)) - 9a305e64-7592-4199-ba7e-8c2223e9b548@group-A10C889AEEC0-FollowerState: change to CANDIDATE, lastRpcTime:1128ms, electionTimeout:1128ms
2019-11-11 04:08:43,290 [Thread-1162] INFO  impl.RoleInfo (RoleInfo.java:shutdownFollowerState(121)) - 9a305e64-7592-4199-ba7e-8c2223e9b548: shutdown FollowerState
2019-11-11 04:08:43,290 [Thread-1162] INFO  impl.RaftServerImpl (RaftServerImpl.java:setRole(173)) - 9a305e64-7592-4199-ba7e-8c2223e9b548@group-A10C889AEEC0: changes role from  FOLLOWER to CANDIDATE at term 11 for changeToCandidate
2019-11-11 04:08:43,290 [Thread-1162] INFO  impl.RoleInfo (RoleInfo.java:updateAndGet(143)) - 9a305e64-7592-4199-ba7e-8c2223e9b548: start LeaderElection
2019-11-11 04:08:43,306 [9a305e64-7592-4199-ba7e-8c2223e9b548@group-A10C889AEEC0-LeaderElection48] INFO  impl.LeaderElection (LeaderElection.java:askForVotes(178)) - 9a305e64-7592-4199-ba7e-8c2223e9b548@group-A10C889AEEC0-LeaderElection48: begin an election at term 12 for 0: [9a305e64-7592-4199-ba7e-8c2223e9b548:192.168.34.63:35969, c04805f0-1fdc-4096-9f0e-017639bb4de5:192.168.34.63:44743, f4ab3ec0-fcec-4fb2-8953-e521da90d916:192.168.34.63:41296], old=null
2019-11-11 04:08:43,308 [9a305e64-7592-4199-ba7e-8c2223e9b548@group-A10C889AEEC0-LeaderElection48] INFO  impl.LeaderElection (LogUtils.java:infoOrTrace(149)) - 9a305e64-7592-4199-ba7e-8c2223e9b548@group-A10C889AEEC0-LeaderElection48 got exception when requesting votes: {}
java.util.concurrent.ExecutionException: org.apache.ratis.thirdparty.io.grpc.StatusRuntimeException: UNAVAILABLE: io exception
	at java.util.concurrent.FutureTask.report(FutureTask.java:122)
	at java.util.concurrent.FutureTask.get(FutureTask.java:192)
	at org.apache.ratis.server.impl.LeaderElection.waitForResults(LeaderElection.java:259)
	at org.apache.ratis.server.impl.LeaderElection.askForVotes(LeaderElection.java:197)
	at org.apache.ratis.server.impl.LeaderElection.run(LeaderElection.java:133)
	at java.lang.Thread.run(Thread.java:748)
Caused by: org.apache.ratis.thirdparty.io.grpc.StatusRuntimeException: UNAVAILABLE: io exception
	at org.apache.ratis.thirdparty.io.grpc.stub.ClientCalls.toStatusRuntimeException(ClientCalls.java:233)
	at org.apache.ratis.thirdparty.io.grpc.stub.ClientCalls.getUnchecked(ClientCalls.java:214)
	at org.apache.ratis.thirdparty.io.grpc.stub.ClientCalls.blockingUnaryCall(ClientCalls.java:139)
	at org.apache.ratis.proto.grpc.RaftServerProtocolServiceGrpc$RaftServerProtocolServiceBlockingStub.requestVote(RaftServerProtocolServiceGrpc.java:265)
	at org.apache.ratis.grpc.server.GrpcServerProtocolClient.requestVote(GrpcServerProtocolClient.java:99)
	at org.apache.ratis.grpc.server.GrpcService.requestVote(GrpcService.java:204)
	at org.apache.ratis.server.impl.LeaderElection.lambda$submitRequests$1(LeaderElection.java:234)
	at java.util.concurrent.FutureTask.run(FutureTask.java:266)
	at java.util.concurrent.Executors$RunnableAdapter.call(Executors.java:511)
	at java.util.concurrent.FutureTask.run(FutureTask.java:266)
	at java.util.concurrent.ThreadPoolExecutor.runWorker(ThreadPoolExecutor.java:1149)
	at java.util.concurrent.ThreadPoolExecutor$Worker.run(ThreadPoolExecutor.java:624)
	... 1 more
Caused by: org.apache.ratis.thirdparty.io.netty.channel.AbstractChannel$AnnotatedConnectException: Connection refused: /192.168.34.63:44743
	at sun.nio.ch.SocketChannelImpl.checkConnect(Native Method)
	at sun.nio.ch.SocketChannelImpl.finishConnect(SocketChannelImpl.java:717)
	at org.apache.ratis.thirdparty.io.netty.channel.socket.nio.NioSocketChannel.doFinishConnect(NioSocketChannel.java:327)
	at org.apache.ratis.thirdparty.io.netty.channel.nio.AbstractNioChannel$AbstractNioUnsafe.finishConnect(AbstractNioChannel.java:340)
	at org.apache.ratis.thirdparty.io.netty.channel.nio.NioEventLoop.processSelectedKey(NioEventLoop.java:632)
	at org.apache.ratis.thirdparty.io.netty.channel.nio.NioEventLoop.processSelectedKeysOptimized(NioEventLoop.java:579)
	at org.apache.ratis.thirdparty.io.netty.channel.nio.NioEventLoop.processSelectedKeys(NioEventLoop.java:496)
	at org.apache.ratis.thirdparty.io.netty.channel.nio.NioEventLoop.run(NioEventLoop.java:458)
	at org.apache.ratis.thirdparty.io.netty.util.concurrent.SingleThreadEventExecutor$5.run(SingleThreadEventExecutor.java:897)
	at org.apache.ratis.thirdparty.io.netty.util.concurrent.FastThreadLocalRunnable.run(FastThreadLocalRunnable.java:30)
	... 1 more
Caused by: java.net.ConnectException: Connection refused
	... 11 more
2019-11-11 04:08:43,309 [9a305e64-7592-4199-ba7e-8c2223e9b548@group-A10C889AEEC0-LeaderElection48] INFO  impl.LeaderElection (LogUtils.java:infoOrTrace(149)) - 9a305e64-7592-4199-ba7e-8c2223e9b548@group-A10C889AEEC0-LeaderElection48 got exception when requesting votes: {}
java.util.concurrent.ExecutionException: org.apache.ratis.thirdparty.io.grpc.StatusRuntimeException: UNAVAILABLE: io exception
	at java.util.concurrent.FutureTask.report(FutureTask.java:122)
	at java.util.concurrent.FutureTask.get(FutureTask.java:192)
	at org.apache.ratis.server.impl.LeaderElection.waitForResults(LeaderElection.java:259)
	at org.apache.ratis.server.impl.LeaderElection.askForVotes(LeaderElection.java:197)
	at org.apache.ratis.server.impl.LeaderElection.run(LeaderElection.java:133)
	at java.lang.Thread.run(Thread.java:748)
Caused by: org.apache.ratis.thirdparty.io.grpc.StatusRuntimeException: UNAVAILABLE: io exception
	at org.apache.ratis.thirdparty.io.grpc.stub.ClientCalls.toStatusRuntimeException(ClientCalls.java:233)
	at org.apache.ratis.thirdparty.io.grpc.stub.ClientCalls.getUnchecked(ClientCalls.java:214)
	at org.apache.ratis.thirdparty.io.grpc.stub.ClientCalls.blockingUnaryCall(ClientCalls.java:139)
	at org.apache.ratis.proto.grpc.RaftServerProtocolServiceGrpc$RaftServerProtocolServiceBlockingStub.requestVote(RaftServerProtocolServiceGrpc.java:265)
	at org.apache.ratis.grpc.server.GrpcServerProtocolClient.requestVote(GrpcServerProtocolClient.java:99)
	at org.apache.ratis.grpc.server.GrpcService.requestVote(GrpcService.java:204)
	at org.apache.ratis.server.impl.LeaderElection.lambda$submitRequests$1(LeaderElection.java:234)
	at java.util.concurrent.FutureTask.run(FutureTask.java:266)
	at java.util.concurrent.Executors$RunnableAdapter.call(Executors.java:511)
	at java.util.concurrent.FutureTask.run(FutureTask.java:266)
	at java.util.concurrent.ThreadPoolExecutor.runWorker(ThreadPoolExecutor.java:1149)
	at java.util.concurrent.ThreadPoolExecutor$Worker.run(ThreadPoolExecutor.java:624)
	... 1 more
Caused by: org.apache.ratis.thirdparty.io.netty.channel.AbstractChannel$AnnotatedConnectException: Connection refused: /192.168.34.63:41296
	at sun.nio.ch.SocketChannelImpl.checkConnect(Native Method)
	at sun.nio.ch.SocketChannelImpl.finishConnect(SocketChannelImpl.java:717)
	at org.apache.ratis.thirdparty.io.netty.channel.socket.nio.NioSocketChannel.doFinishConnect(NioSocketChannel.java:327)
	at org.apache.ratis.thirdparty.io.netty.channel.nio.AbstractNioChannel$AbstractNioUnsafe.finishConnect(AbstractNioChannel.java:340)
	at org.apache.ratis.thirdparty.io.netty.channel.nio.NioEventLoop.processSelectedKey(NioEventLoop.java:632)
	at org.apache.ratis.thirdparty.io.netty.channel.nio.NioEventLoop.processSelectedKeysOptimized(NioEventLoop.java:579)
	at org.apache.ratis.thirdparty.io.netty.channel.nio.NioEventLoop.processSelectedKeys(NioEventLoop.java:496)
	at org.apache.ratis.thirdparty.io.netty.channel.nio.NioEventLoop.run(NioEventLoop.java:458)
	at org.apache.ratis.thirdparty.io.netty.util.concurrent.SingleThreadEventExecutor$5.run(SingleThreadEventExecutor.java:897)
	at org.apache.ratis.thirdparty.io.netty.util.concurrent.FastThreadLocalRunnable.run(FastThreadLocalRunnable.java:30)
	... 1 more
Caused by: java.net.ConnectException: Connection refused
	... 11 more
2019-11-11 04:08:43,309 [9a305e64-7592-4199-ba7e-8c2223e9b548@group-A10C889AEEC0-LeaderElection48] INFO  impl.LeaderElection (LeaderElection.java:logAndReturn(56)) - 9a305e64-7592-4199-ba7e-8c2223e9b548@group-A10C889AEEC0-LeaderElection48: Election REJECTED; received 0 response(s) [] and 2 exception(s); 9a305e64-7592-4199-ba7e-8c2223e9b548@group-A10C889AEEC0:t12, leader=null, voted=9a305e64-7592-4199-ba7e-8c2223e9b548, raftlog=9a305e64-7592-4199-ba7e-8c2223e9b548@group-A10C889AEEC0-SegmentedRaftLog:OPENED:c0,f0,i0, conf=0: [9a305e64-7592-4199-ba7e-8c2223e9b548:192.168.34.63:35969, c04805f0-1fdc-4096-9f0e-017639bb4de5:192.168.34.63:44743, f4ab3ec0-fcec-4fb2-8953-e521da90d916:192.168.34.63:41296], old=null
2019-11-11 04:08:43,310 [9a305e64-7592-4199-ba7e-8c2223e9b548@group-A10C889AEEC0-LeaderElection48] INFO  impl.LeaderElection (LogUtils.java:infoOrTrace(149)) -   Exception 0: {}
java.util.concurrent.ExecutionException: org.apache.ratis.thirdparty.io.grpc.StatusRuntimeException: UNAVAILABLE: io exception
	at java.util.concurrent.FutureTask.report(FutureTask.java:122)
	at java.util.concurrent.FutureTask.get(FutureTask.java:192)
	at org.apache.ratis.server.impl.LeaderElection.waitForResults(LeaderElection.java:259)
	at org.apache.ratis.server.impl.LeaderElection.askForVotes(LeaderElection.java:197)
	at org.apache.ratis.server.impl.LeaderElection.run(LeaderElection.java:133)
	at java.lang.Thread.run(Thread.java:748)
Caused by: org.apache.ratis.thirdparty.io.grpc.StatusRuntimeException: UNAVAILABLE: io exception
	at org.apache.ratis.thirdparty.io.grpc.stub.ClientCalls.toStatusRuntimeException(ClientCalls.java:233)
	at org.apache.ratis.thirdparty.io.grpc.stub.ClientCalls.getUnchecked(ClientCalls.java:214)
	at org.apache.ratis.thirdparty.io.grpc.stub.ClientCalls.blockingUnaryCall(ClientCalls.java:139)
	at org.apache.ratis.proto.grpc.RaftServerProtocolServiceGrpc$RaftServerProtocolServiceBlockingStub.requestVote(RaftServerProtocolServiceGrpc.java:265)
	at org.apache.ratis.grpc.server.GrpcServerProtocolClient.requestVote(GrpcServerProtocolClient.java:99)
	at org.apache.ratis.grpc.server.GrpcService.requestVote(GrpcService.java:204)
	at org.apache.ratis.server.impl.LeaderElection.lambda$submitRequests$1(LeaderElection.java:234)
	at java.util.concurrent.FutureTask.run(FutureTask.java:266)
	at java.util.concurrent.Executors$RunnableAdapter.call(Executors.java:511)
	at java.util.concurrent.FutureTask.run(FutureTask.java:266)
	at java.util.concurrent.ThreadPoolExecutor.runWorker(ThreadPoolExecutor.java:1149)
	at java.util.concurrent.ThreadPoolExecutor$Worker.run(ThreadPoolExecutor.java:624)
	... 1 more
Caused by: org.apache.ratis.thirdparty.io.netty.channel.AbstractChannel$AnnotatedConnectException: Connection refused: /192.168.34.63:44743
	at sun.nio.ch.SocketChannelImpl.checkConnect(Native Method)
	at sun.nio.ch.SocketChannelImpl.finishConnect(SocketChannelImpl.java:717)
	at org.apache.ratis.thirdparty.io.netty.channel.socket.nio.NioSocketChannel.doFinishConnect(NioSocketChannel.java:327)
	at org.apache.ratis.thirdparty.io.netty.channel.nio.AbstractNioChannel$AbstractNioUnsafe.finishConnect(AbstractNioChannel.java:340)
	at org.apache.ratis.thirdparty.io.netty.channel.nio.NioEventLoop.processSelectedKey(NioEventLoop.java:632)
	at org.apache.ratis.thirdparty.io.netty.channel.nio.NioEventLoop.processSelectedKeysOptimized(NioEventLoop.java:579)
	at org.apache.ratis.thirdparty.io.netty.channel.nio.NioEventLoop.processSelectedKeys(NioEventLoop.java:496)
	at org.apache.ratis.thirdparty.io.netty.channel.nio.NioEventLoop.run(NioEventLoop.java:458)
	at org.apache.ratis.thirdparty.io.netty.util.concurrent.SingleThreadEventExecutor$5.run(SingleThreadEventExecutor.java:897)
	at org.apache.ratis.thirdparty.io.netty.util.concurrent.FastThreadLocalRunnable.run(FastThreadLocalRunnable.java:30)
	... 1 more
Caused by: java.net.ConnectException: Connection refused
	... 11 more
2019-11-11 04:08:43,310 [9a305e64-7592-4199-ba7e-8c2223e9b548@group-A10C889AEEC0-LeaderElection48] INFO  impl.LeaderElection (LogUtils.java:infoOrTrace(149)) -   Exception 1: {}
java.util.concurrent.ExecutionException: org.apache.ratis.thirdparty.io.grpc.StatusRuntimeException: UNAVAILABLE: io exception
	at java.util.concurrent.FutureTask.report(FutureTask.java:122)
	at java.util.concurrent.FutureTask.get(FutureTask.java:192)
	at org.apache.ratis.server.impl.LeaderElection.waitForResults(LeaderElection.java:259)
	at org.apache.ratis.server.impl.LeaderElection.askForVotes(LeaderElection.java:197)
	at org.apache.ratis.server.impl.LeaderElection.run(LeaderElection.java:133)
	at java.lang.Thread.run(Thread.java:748)
Caused by: org.apache.ratis.thirdparty.io.grpc.StatusRuntimeException: UNAVAILABLE: io exception
	at org.apache.ratis.thirdparty.io.grpc.stub.ClientCalls.toStatusRuntimeException(ClientCalls.java:233)
	at org.apache.ratis.thirdparty.io.grpc.stub.ClientCalls.getUnchecked(ClientCalls.java:214)
	at org.apache.ratis.thirdparty.io.grpc.stub.ClientCalls.blockingUnaryCall(ClientCalls.java:139)
	at org.apache.ratis.proto.grpc.RaftServerProtocolServiceGrpc$RaftServerProtocolServiceBlockingStub.requestVote(RaftServerProtocolServiceGrpc.java:265)
	at org.apache.ratis.grpc.server.GrpcServerProtocolClient.requestVote(GrpcServerProtocolClient.java:99)
	at org.apache.ratis.grpc.server.GrpcService.requestVote(GrpcService.java:204)
	at org.apache.ratis.server.impl.LeaderElection.lambda$submitRequests$1(LeaderElection.java:234)
	at java.util.concurrent.FutureTask.run(FutureTask.java:266)
	at java.util.concurrent.Executors$RunnableAdapter.call(Executors.java:511)
	at java.util.concurrent.FutureTask.run(FutureTask.java:266)
	at java.util.concurrent.ThreadPoolExecutor.runWorker(ThreadPoolExecutor.java:1149)
	at java.util.concurrent.ThreadPoolExecutor$Worker.run(ThreadPoolExecutor.java:624)
	... 1 more
Caused by: org.apache.ratis.thirdparty.io.netty.channel.AbstractChannel$AnnotatedConnectException: Connection refused: /192.168.34.63:41296
	at sun.nio.ch.SocketChannelImpl.checkConnect(Native Method)
	at sun.nio.ch.SocketChannelImpl.finishConnect(SocketChannelImpl.java:717)
	at org.apache.ratis.thirdparty.io.netty.channel.socket.nio.NioSocketChannel.doFinishConnect(NioSocketChannel.java:327)
	at org.apache.ratis.thirdparty.io.netty.channel.nio.AbstractNioChannel$AbstractNioUnsafe.finishConnect(AbstractNioChannel.java:340)
	at org.apache.ratis.thirdparty.io.netty.channel.nio.NioEventLoop.processSelectedKey(NioEventLoop.java:632)
	at org.apache.ratis.thirdparty.io.netty.channel.nio.NioEventLoop.processSelectedKeysOptimized(NioEventLoop.java:579)
	at org.apache.ratis.thirdparty.io.netty.channel.nio.NioEventLoop.processSelectedKeys(NioEventLoop.java:496)
	at org.apache.ratis.thirdparty.io.netty.channel.nio.NioEventLoop.run(NioEventLoop.java:458)
	at org.apache.ratis.thirdparty.io.netty.util.concurrent.SingleThreadEventExecutor$5.run(SingleThreadEventExecutor.java:897)
	at org.apache.ratis.thirdparty.io.netty.util.concurrent.FastThreadLocalRunnable.run(FastThreadLocalRunnable.java:30)
	... 1 more
Caused by: java.net.ConnectException: Connection refused
	... 11 more
2019-11-11 04:08:43,310 [9a305e64-7592-4199-ba7e-8c2223e9b548@group-A10C889AEEC0-LeaderElection48] INFO  impl.RaftServerImpl (RaftServerImpl.java:setRole(173)) - 9a305e64-7592-4199-ba7e-8c2223e9b548@group-A10C889AEEC0: changes role from CANDIDATE to FOLLOWER at term 12 for DISCOVERED_A_NEW_TERM
2019-11-11 04:08:43,310 [9a305e64-7592-4199-ba7e-8c2223e9b548@group-A10C889AEEC0-LeaderElection48] INFO  impl.RoleInfo (RoleInfo.java:shutdownLeaderElection(134)) - 9a305e64-7592-4199-ba7e-8c2223e9b548: shutdown LeaderElection
2019-11-11 04:08:43,310 [9a305e64-7592-4199-ba7e-8c2223e9b548@group-A10C889AEEC0-LeaderElection48] INFO  impl.RoleInfo (RoleInfo.java:updateAndGet(143)) - 9a305e64-7592-4199-ba7e-8c2223e9b548: start FollowerState
2019-11-11 04:08:43,512 [EventQueue-StaleNodeForStaleNodeHandler] INFO  node.StaleNodeHandler (StaleNodeHandler.java:onMessage(58)) - Datanode f4ab3ec0-fcec-4fb2-8953-e521da90d916{ip: 192.168.34.63, host: trunk-nightly-20191111-g5xpl-2663879777, networkLocation: /default-rack, certSerialId: null} moved to stale state. Finalizing its pipelines [PipelineID=31ac6f49-abee-419e-8f26-f4d747e15ff8]
2019-11-11 04:08:43,512 [EventQueue-StaleNodeForStaleNodeHandler] INFO  pipeline.SCMPipelineManager (SCMPipelineManager.java:finalizeAndDestroyPipeline(315)) - destroying pipeline:Pipeline[ Id: 31ac6f49-abee-419e-8f26-f4d747e15ff8, Nodes: 61021d77-0677-40a1-98e7-8ba643935ac0{ip: 192.168.34.63, host: trunk-nightly-20191111-g5xpl-2663879777, networkLocation: /default-rack, certSerialId: null}f4ab3ec0-fcec-4fb2-8953-e521da90d916{ip: 192.168.34.63, host: trunk-nightly-20191111-g5xpl-2663879777, networkLocation: /default-rack, certSerialId: null}9a305e64-7592-4199-ba7e-8c2223e9b548{ip: 192.168.34.63, host: trunk-nightly-20191111-g5xpl-2663879777, networkLocation: /default-rack, certSerialId: null}, Type:RATIS, Factor:THREE, State:CLOSED]
2019-11-11 04:08:43,543 [grpc-default-executor-2] WARN  server.GrpcLogAppender (LogUtils.java:warn(134)) - 9a305e64-7592-4199-ba7e-8c2223e9b548@group-F4D747E15FF8->f4ab3ec0-fcec-4fb2-8953-e521da90d916-AppendLogResponseHandler: Failed appendEntries: org.apache.ratis.thirdparty.io.grpc.StatusRuntimeException: UNAVAILABLE: io exception
2019-11-11 04:08:43,543 [grpc-default-executor-2] INFO  impl.FollowerInfo (FollowerInfo.java:lambda$new$0(51)) - 9a305e64-7592-4199-ba7e-8c2223e9b548@group-F4D747E15FF8->f4ab3ec0-fcec-4fb2-8953-e521da90d916: nextIndex: updateUnconditionally 0 -> 0
2019-11-11 04:08:43,596 [org.apache.ratis.server.impl.LogAppender$AppenderDaemon$$Lambda$651/545843685@69bcbdd4] ERROR ratis.XceiverServerRatis (XceiverServerRatis.java:triggerPipelineClose(577)) - pipeline Action CLOSE  on pipeline PipelineID=31ac6f49-abee-419e-8f26-f4d747e15ff8.Reason : 9a305e64-7592-4199-ba7e-8c2223e9b548 has not seen follower/s 61021d77-0677-40a1-98e7-8ba643935ac0 for 133070ms
2019-11-11 04:08:43,597 [grpc-default-executor-2] WARN  server.GrpcLogAppender (LogUtils.java:warn(134)) - 9a305e64-7592-4199-ba7e-8c2223e9b548@group-F4D747E15FF8->61021d77-0677-40a1-98e7-8ba643935ac0-AppendLogResponseHandler: Failed appendEntries: org.apache.ratis.thirdparty.io.grpc.StatusRuntimeException: UNAVAILABLE: io exception
2019-11-11 04:08:43,597 [grpc-default-executor-2] INFO  impl.FollowerInfo (FollowerInfo.java:lambda$new$0(51)) - 9a305e64-7592-4199-ba7e-8c2223e9b548@group-F4D747E15FF8->61021d77-0677-40a1-98e7-8ba643935ac0: nextIndex: updateUnconditionally 0 -> 0
2019-11-11 04:08:43,778 [Thread-1166] INFO  impl.FollowerState (FollowerState.java:run(111)) - 9a305e64-7592-4199-ba7e-8c2223e9b548@group-D5F2B638C171-FollowerState: change to CANDIDATE, lastRpcTime:1086ms, electionTimeout:1086ms
2019-11-11 04:08:43,779 [Thread-1166] INFO  impl.RoleInfo (RoleInfo.java:shutdownFollowerState(121)) - 9a305e64-7592-4199-ba7e-8c2223e9b548: shutdown FollowerState
2019-11-11 04:08:43,779 [Thread-1166] INFO  impl.RaftServerImpl (RaftServerImpl.java:setRole(173)) - 9a305e64-7592-4199-ba7e-8c2223e9b548@group-D5F2B638C171: changes role from  FOLLOWER to CANDIDATE at term 12 for changeToCandidate
2019-11-11 04:08:43,779 [Thread-1166] INFO  impl.RoleInfo (RoleInfo.java:updateAndGet(143)) - 9a305e64-7592-4199-ba7e-8c2223e9b548: start LeaderElection
2019-11-11 04:08:43,794 [9a305e64-7592-4199-ba7e-8c2223e9b548@group-D5F2B638C171-LeaderElection49] INFO  impl.LeaderElection (LeaderElection.java:askForVotes(178)) - 9a305e64-7592-4199-ba7e-8c2223e9b548@group-D5F2B638C171-LeaderElection49: begin an election at term 13 for 0: [9a305e64-7592-4199-ba7e-8c2223e9b548:192.168.34.63:35969, c04805f0-1fdc-4096-9f0e-017639bb4de5:192.168.34.63:44743, f4ab3ec0-fcec-4fb2-8953-e521da90d916:192.168.34.63:41296], old=null
2019-11-11 04:08:43,795 [9a305e64-7592-4199-ba7e-8c2223e9b548@group-D5F2B638C171-LeaderElection49] INFO  impl.LeaderElection (LogUtils.java:infoOrTrace(149)) - 9a305e64-7592-4199-ba7e-8c2223e9b548@group-D5F2B638C171-LeaderElection49 got exception when requesting votes: {}
java.util.concurrent.ExecutionException: org.apache.ratis.thirdparty.io.grpc.StatusRuntimeException: UNAVAILABLE: io exception
	at java.util.concurrent.FutureTask.report(FutureTask.java:122)
	at java.util.concurrent.FutureTask.get(FutureTask.java:192)
	at org.apache.ratis.server.impl.LeaderElection.waitForResults(LeaderElection.java:259)
	at org.apache.ratis.server.impl.LeaderElection.askForVotes(LeaderElection.java:197)
	at org.apache.ratis.server.impl.LeaderElection.run(LeaderElection.java:133)
	at java.lang.Thread.run(Thread.java:748)
Caused by: org.apache.ratis.thirdparty.io.grpc.StatusRuntimeException: UNAVAILABLE: io exception
	at org.apache.ratis.thirdparty.io.grpc.stub.ClientCalls.toStatusRuntimeException(ClientCalls.java:233)
	at org.apache.ratis.thirdparty.io.grpc.stub.ClientCalls.getUnchecked(ClientCalls.java:214)
	at org.apache.ratis.thirdparty.io.grpc.stub.ClientCalls.blockingUnaryCall(ClientCalls.java:139)
	at org.apache.ratis.proto.grpc.RaftServerProtocolServiceGrpc$RaftServerProtocolServiceBlockingStub.requestVote(RaftServerProtocolServiceGrpc.java:265)
	at org.apache.ratis.grpc.server.GrpcServerProtocolClient.requestVote(GrpcServerProtocolClient.java:99)
	at org.apache.ratis.grpc.server.GrpcService.requestVote(GrpcService.java:204)
	at org.apache.ratis.server.impl.LeaderElection.lambda$submitRequests$1(LeaderElection.java:234)
	at java.util.concurrent.FutureTask.run(FutureTask.java:266)
	at java.util.concurrent.Executors$RunnableAdapter.call(Executors.java:511)
	at java.util.concurrent.FutureTask.run(FutureTask.java:266)
	at java.util.concurrent.ThreadPoolExecutor.runWorker(ThreadPoolExecutor.java:1149)
	at java.util.concurrent.ThreadPoolExecutor$Worker.run(ThreadPoolExecutor.java:624)
	... 1 more
Caused by: org.apache.ratis.thirdparty.io.netty.channel.AbstractChannel$AnnotatedConnectException: Connection refused: /192.168.34.63:44743
	at sun.nio.ch.SocketChannelImpl.checkConnect(Native Method)
	at sun.nio.ch.SocketChannelImpl.finishConnect(SocketChannelImpl.java:717)
	at org.apache.ratis.thirdparty.io.netty.channel.socket.nio.NioSocketChannel.doFinishConnect(NioSocketChannel.java:327)
	at org.apache.ratis.thirdparty.io.netty.channel.nio.AbstractNioChannel$AbstractNioUnsafe.finishConnect(AbstractNioChannel.java:340)
	at org.apache.ratis.thirdparty.io.netty.channel.nio.NioEventLoop.processSelectedKey(NioEventLoop.java:632)
	at org.apache.ratis.thirdparty.io.netty.channel.nio.NioEventLoop.processSelectedKeysOptimized(NioEventLoop.java:579)
	at org.apache.ratis.thirdparty.io.netty.channel.nio.NioEventLoop.processSelectedKeys(NioEventLoop.java:496)
	at org.apache.ratis.thirdparty.io.netty.channel.nio.NioEventLoop.run(NioEventLoop.java:458)
	at org.apache.ratis.thirdparty.io.netty.util.concurrent.SingleThreadEventExecutor$5.run(SingleThreadEventExecutor.java:897)
	at org.apache.ratis.thirdparty.io.netty.util.concurrent.FastThreadLocalRunnable.run(FastThreadLocalRunnable.java:30)
	... 1 more
Caused by: java.net.ConnectException: Connection refused
	... 11 more
2019-11-11 04:08:43,796 [9a305e64-7592-4199-ba7e-8c2223e9b548@group-D5F2B638C171-LeaderElection49] INFO  impl.LeaderElection (LogUtils.java:infoOrTrace(149)) - 9a305e64-7592-4199-ba7e-8c2223e9b548@group-D5F2B638C171-LeaderElection49 got exception when requesting votes: {}
java.util.concurrent.ExecutionException: org.apache.ratis.thirdparty.io.grpc.StatusRuntimeException: UNAVAILABLE: io exception
	at java.util.concurrent.FutureTask.report(FutureTask.java:122)
	at java.util.concurrent.FutureTask.get(FutureTask.java:192)
	at org.apache.ratis.server.impl.LeaderElection.waitForResults(LeaderElection.java:259)
	at org.apache.ratis.server.impl.LeaderElection.askForVotes(LeaderElection.java:197)
	at org.apache.ratis.server.impl.LeaderElection.run(LeaderElection.java:133)
	at java.lang.Thread.run(Thread.java:748)
Caused by: org.apache.ratis.thirdparty.io.grpc.StatusRuntimeException: UNAVAILABLE: io exception
	at org.apache.ratis.thirdparty.io.grpc.stub.ClientCalls.toStatusRuntimeException(ClientCalls.java:233)
	at org.apache.ratis.thirdparty.io.grpc.stub.ClientCalls.getUnchecked(ClientCalls.java:214)
	at org.apache.ratis.thirdparty.io.grpc.stub.ClientCalls.blockingUnaryCall(ClientCalls.java:139)
	at org.apache.ratis.proto.grpc.RaftServerProtocolServiceGrpc$RaftServerProtocolServiceBlockingStub.requestVote(RaftServerProtocolServiceGrpc.java:265)
	at org.apache.ratis.grpc.server.GrpcServerProtocolClient.requestVote(GrpcServerProtocolClient.java:99)
	at org.apache.ratis.grpc.server.GrpcService.requestVote(GrpcService.java:204)
	at org.apache.ratis.server.impl.LeaderElection.lambda$submitRequests$1(LeaderElection.java:234)
	at java.util.concurrent.FutureTask.run(FutureTask.java:266)
	at java.util.concurrent.Executors$RunnableAdapter.call(Executors.java:511)
	at java.util.concurrent.FutureTask.run(FutureTask.java:266)
	at java.util.concurrent.ThreadPoolExecutor.runWorker(ThreadPoolExecutor.java:1149)
	at java.util.concurrent.ThreadPoolExecutor$Worker.run(ThreadPoolExecutor.java:624)
	... 1 more
Caused by: org.apache.ratis.thirdparty.io.netty.channel.AbstractChannel$AnnotatedConnectException: Connection refused: /192.168.34.63:41296
	at sun.nio.ch.SocketChannelImpl.checkConnect(Native Method)
	at sun.nio.ch.SocketChannelImpl.finishConnect(SocketChannelImpl.java:717)
	at org.apache.ratis.thirdparty.io.netty.channel.socket.nio.NioSocketChannel.doFinishConnect(NioSocketChannel.java:327)
	at org.apache.ratis.thirdparty.io.netty.channel.nio.AbstractNioChannel$AbstractNioUnsafe.finishConnect(AbstractNioChannel.java:340)
	at org.apache.ratis.thirdparty.io.netty.channel.nio.NioEventLoop.processSelectedKey(NioEventLoop.java:632)
	at org.apache.ratis.thirdparty.io.netty.channel.nio.NioEventLoop.processSelectedKeysOptimized(NioEventLoop.java:579)
	at org.apache.ratis.thirdparty.io.netty.channel.nio.NioEventLoop.processSelectedKeys(NioEventLoop.java:496)
	at org.apache.ratis.thirdparty.io.netty.channel.nio.NioEventLoop.run(NioEventLoop.java:458)
	at org.apache.ratis.thirdparty.io.netty.util.concurrent.SingleThreadEventExecutor$5.run(SingleThreadEventExecutor.java:897)
	at org.apache.ratis.thirdparty.io.netty.util.concurrent.FastThreadLocalRunnable.run(FastThreadLocalRunnable.java:30)
	... 1 more
Caused by: java.net.ConnectException: Connection refused
	... 11 more
2019-11-11 04:08:43,796 [9a305e64-7592-4199-ba7e-8c2223e9b548@group-D5F2B638C171-LeaderElection49] INFO  impl.LeaderElection (LeaderElection.java:logAndReturn(56)) - 9a305e64-7592-4199-ba7e-8c2223e9b548@group-D5F2B638C171-LeaderElection49: Election REJECTED; received 0 response(s) [] and 2 exception(s); 9a305e64-7592-4199-ba7e-8c2223e9b548@group-D5F2B638C171:t13, leader=null, voted=9a305e64-7592-4199-ba7e-8c2223e9b548, raftlog=9a305e64-7592-4199-ba7e-8c2223e9b548@group-D5F2B638C171-SegmentedRaftLog:OPENED:c0,f0,i0, conf=0: [9a305e64-7592-4199-ba7e-8c2223e9b548:192.168.34.63:35969, c04805f0-1fdc-4096-9f0e-017639bb4de5:192.168.34.63:44743, f4ab3ec0-fcec-4fb2-8953-e521da90d916:192.168.34.63:41296], old=null
2019-11-11 04:08:43,796 [9a305e64-7592-4199-ba7e-8c2223e9b548@group-D5F2B638C171-LeaderElection49] INFO  impl.LeaderElection (LogUtils.java:infoOrTrace(149)) -   Exception 0: {}
java.util.concurrent.ExecutionException: org.apache.ratis.thirdparty.io.grpc.StatusRuntimeException: UNAVAILABLE: io exception
	at java.util.concurrent.FutureTask.report(FutureTask.java:122)
	at java.util.concurrent.FutureTask.get(FutureTask.java:192)
	at org.apache.ratis.server.impl.LeaderElection.waitForResults(LeaderElection.java:259)
	at org.apache.ratis.server.impl.LeaderElection.askForVotes(LeaderElection.java:197)
	at org.apache.ratis.server.impl.LeaderElection.run(LeaderElection.java:133)
	at java.lang.Thread.run(Thread.java:748)
Caused by: org.apache.ratis.thirdparty.io.grpc.StatusRuntimeException: UNAVAILABLE: io exception
	at org.apache.ratis.thirdparty.io.grpc.stub.ClientCalls.toStatusRuntimeException(ClientCalls.java:233)
	at org.apache.ratis.thirdparty.io.grpc.stub.ClientCalls.getUnchecked(ClientCalls.java:214)
	at org.apache.ratis.thirdparty.io.grpc.stub.ClientCalls.blockingUnaryCall(ClientCalls.java:139)
	at org.apache.ratis.proto.grpc.RaftServerProtocolServiceGrpc$RaftServerProtocolServiceBlockingStub.requestVote(RaftServerProtocolServiceGrpc.java:265)
	at org.apache.ratis.grpc.server.GrpcServerProtocolClient.requestVote(GrpcServerProtocolClient.java:99)
	at org.apache.ratis.grpc.server.GrpcService.requestVote(GrpcService.java:204)
	at org.apache.ratis.server.impl.LeaderElection.lambda$submitRequests$1(LeaderElection.java:234)
	at java.util.concurrent.FutureTask.run(FutureTask.java:266)
	at java.util.concurrent.Executors$RunnableAdapter.call(Executors.java:511)
	at java.util.concurrent.FutureTask.run(FutureTask.java:266)
	at java.util.concurrent.ThreadPoolExecutor.runWorker(ThreadPoolExecutor.java:1149)
	at java.util.concurrent.ThreadPoolExecutor$Worker.run(ThreadPoolExecutor.java:624)
	... 1 more
Caused by: org.apache.ratis.thirdparty.io.netty.channel.AbstractChannel$AnnotatedConnectException: Connection refused: /192.168.34.63:44743
	at sun.nio.ch.SocketChannelImpl.checkConnect(Native Method)
	at sun.nio.ch.SocketChannelImpl.finishConnect(SocketChannelImpl.java:717)
	at org.apache.ratis.thirdparty.io.netty.channel.socket.nio.NioSocketChannel.doFinishConnect(NioSocketChannel.java:327)
	at org.apache.ratis.thirdparty.io.netty.channel.nio.AbstractNioChannel$AbstractNioUnsafe.finishConnect(AbstractNioChannel.java:340)
	at org.apache.ratis.thirdparty.io.netty.channel.nio.NioEventLoop.processSelectedKey(NioEventLoop.java:632)
	at org.apache.ratis.thirdparty.io.netty.channel.nio.NioEventLoop.processSelectedKeysOptimized(NioEventLoop.java:579)
	at org.apache.ratis.thirdparty.io.netty.channel.nio.NioEventLoop.processSelectedKeys(NioEventLoop.java:496)
	at org.apache.ratis.thirdparty.io.netty.channel.nio.NioEventLoop.run(NioEventLoop.java:458)
	at org.apache.ratis.thirdparty.io.netty.util.concurrent.SingleThreadEventExecutor$5.run(SingleThreadEventExecutor.java:897)
	at org.apache.ratis.thirdparty.io.netty.util.concurrent.FastThreadLocalRunnable.run(FastThreadLocalRunnable.java:30)
	... 1 more
Caused by: java.net.ConnectException: Connection refused
	... 11 more
2019-11-11 04:08:43,796 [9a305e64-7592-4199-ba7e-8c2223e9b548@group-D5F2B638C171-LeaderElection49] INFO  impl.LeaderElection (LogUtils.java:infoOrTrace(149)) -   Exception 1: {}
java.util.concurrent.ExecutionException: org.apache.ratis.thirdparty.io.grpc.StatusRuntimeException: UNAVAILABLE: io exception
	at java.util.concurrent.FutureTask.report(FutureTask.java:122)
	at java.util.concurrent.FutureTask.get(FutureTask.java:192)
	at org.apache.ratis.server.impl.LeaderElection.waitForResults(LeaderElection.java:259)
	at org.apache.ratis.server.impl.LeaderElection.askForVotes(LeaderElection.java:197)
	at org.apache.ratis.server.impl.LeaderElection.run(LeaderElection.java:133)
	at java.lang.Thread.run(Thread.java:748)
Caused by: org.apache.ratis.thirdparty.io.grpc.StatusRuntimeException: UNAVAILABLE: io exception
	at org.apache.ratis.thirdparty.io.grpc.stub.ClientCalls.toStatusRuntimeException(ClientCalls.java:233)
	at org.apache.ratis.thirdparty.io.grpc.stub.ClientCalls.getUnchecked(ClientCalls.java:214)
	at org.apache.ratis.thirdparty.io.grpc.stub.ClientCalls.blockingUnaryCall(ClientCalls.java:139)
	at org.apache.ratis.proto.grpc.RaftServerProtocolServiceGrpc$RaftServerProtocolServiceBlockingStub.requestVote(RaftServerProtocolServiceGrpc.java:265)
	at org.apache.ratis.grpc.server.GrpcServerProtocolClient.requestVote(GrpcServerProtocolClient.java:99)
	at org.apache.ratis.grpc.server.GrpcService.requestVote(GrpcService.java:204)
	at org.apache.ratis.server.impl.LeaderElection.lambda$submitRequests$1(LeaderElection.java:234)
	at java.util.concurrent.FutureTask.run(FutureTask.java:266)
	at java.util.concurrent.Executors$RunnableAdapter.call(Executors.java:511)
	at java.util.concurrent.FutureTask.run(FutureTask.java:266)
	at java.util.concurrent.ThreadPoolExecutor.runWorker(ThreadPoolExecutor.java:1149)
	at java.util.concurrent.ThreadPoolExecutor$Worker.run(ThreadPoolExecutor.java:624)
	... 1 more
Caused by: org.apache.ratis.thirdparty.io.netty.channel.AbstractChannel$AnnotatedConnectException: Connection refused: /192.168.34.63:41296
	at sun.nio.ch.SocketChannelImpl.checkConnect(Native Method)
	at sun.nio.ch.SocketChannelImpl.finishConnect(SocketChannelImpl.java:717)
	at org.apache.ratis.thirdparty.io.netty.channel.socket.nio.NioSocketChannel.doFinishConnect(NioSocketChannel.java:327)
	at org.apache.ratis.thirdparty.io.netty.channel.nio.AbstractNioChannel$AbstractNioUnsafe.finishConnect(AbstractNioChannel.java:340)
	at org.apache.ratis.thirdparty.io.netty.channel.nio.NioEventLoop.processSelectedKey(NioEventLoop.java:632)
	at org.apache.ratis.thirdparty.io.netty.channel.nio.NioEventLoop.processSelectedKeysOptimized(NioEventLoop.java:579)
	at org.apache.ratis.thirdparty.io.netty.channel.nio.NioEventLoop.processSelectedKeys(NioEventLoop.java:496)
	at org.apache.ratis.thirdparty.io.netty.channel.nio.NioEventLoop.run(NioEventLoop.java:458)
	at org.apache.ratis.thirdparty.io.netty.util.concurrent.SingleThreadEventExecutor$5.run(SingleThreadEventExecutor.java:897)
	at org.apache.ratis.thirdparty.io.netty.util.concurrent.FastThreadLocalRunnable.run(FastThreadLocalRunnable.java:30)
	... 1 more
Caused by: java.net.ConnectException: Connection refused
	... 11 more
2019-11-11 04:08:43,797 [9a305e64-7592-4199-ba7e-8c2223e9b548@group-D5F2B638C171-LeaderElection49] INFO  impl.RaftServerImpl (RaftServerImpl.java:setRole(173)) - 9a305e64-7592-4199-ba7e-8c2223e9b548@group-D5F2B638C171: changes role from CANDIDATE to FOLLOWER at term 13 for DISCOVERED_A_NEW_TERM
2019-11-11 04:08:43,797 [9a305e64-7592-4199-ba7e-8c2223e9b548@group-D5F2B638C171-LeaderElection49] INFO  impl.RoleInfo (RoleInfo.java:shutdownLeaderElection(134)) - 9a305e64-7592-4199-ba7e-8c2223e9b548: shutdown LeaderElection
2019-11-11 04:08:43,797 [9a305e64-7592-4199-ba7e-8c2223e9b548@group-D5F2B638C171-LeaderElection49] INFO  impl.RoleInfo (RoleInfo.java:updateAndGet(143)) - 9a305e64-7592-4199-ba7e-8c2223e9b548: start FollowerState
2019-11-11 04:08:44,043 [grpc-default-executor-2] WARN  server.GrpcLogAppender (LogUtils.java:warn(134)) - 9a305e64-7592-4199-ba7e-8c2223e9b548@group-F4D747E15FF8->f4ab3ec0-fcec-4fb2-8953-e521da90d916-AppendLogResponseHandler: Failed appendEntries: org.apache.ratis.thirdparty.io.grpc.StatusRuntimeException: UNAVAILABLE: io exception
2019-11-11 04:08:44,043 [grpc-default-executor-2] INFO  impl.FollowerInfo (FollowerInfo.java:lambda$new$0(51)) - 9a305e64-7592-4199-ba7e-8c2223e9b548@group-F4D747E15FF8->f4ab3ec0-fcec-4fb2-8953-e521da90d916: nextIndex: updateUnconditionally 0 -> 0
2019-11-11 04:08:44,097 [org.apache.ratis.server.impl.LogAppender$AppenderDaemon$$Lambda$651/545843685@69bcbdd4] ERROR ratis.XceiverServerRatis (XceiverServerRatis.java:triggerPipelineClose(577)) - pipeline Action CLOSE  on pipeline PipelineID=31ac6f49-abee-419e-8f26-f4d747e15ff8.Reason : 9a305e64-7592-4199-ba7e-8c2223e9b548 has not seen follower/s 61021d77-0677-40a1-98e7-8ba643935ac0 for 133570ms
2019-11-11 04:08:44,098 [grpc-default-executor-2] WARN  server.GrpcLogAppender (LogUtils.java:warn(134)) - 9a305e64-7592-4199-ba7e-8c2223e9b548@group-F4D747E15FF8->61021d77-0677-40a1-98e7-8ba643935ac0-AppendLogResponseHandler: Failed appendEntries: org.apache.ratis.thirdparty.io.grpc.StatusRuntimeException: UNAVAILABLE: io exception
2019-11-11 04:08:44,098 [grpc-default-executor-2] INFO  impl.FollowerInfo (FollowerInfo.java:lambda$new$0(51)) - 9a305e64-7592-4199-ba7e-8c2223e9b548@group-F4D747E15FF8->61021d77-0677-40a1-98e7-8ba643935ac0: nextIndex: updateUnconditionally 0 -> 0
2019-11-11 04:08:44,438 [Thread-1170] INFO  impl.FollowerState (FollowerState.java:run(111)) - 9a305e64-7592-4199-ba7e-8c2223e9b548@group-A10C889AEEC0-FollowerState: change to CANDIDATE, lastRpcTime:1127ms, electionTimeout:1127ms
2019-11-11 04:08:44,438 [Thread-1170] INFO  impl.RoleInfo (RoleInfo.java:shutdownFollowerState(121)) - 9a305e64-7592-4199-ba7e-8c2223e9b548: shutdown FollowerState
2019-11-11 04:08:44,438 [Thread-1170] INFO  impl.RaftServerImpl (RaftServerImpl.java:setRole(173)) - 9a305e64-7592-4199-ba7e-8c2223e9b548@group-A10C889AEEC0: changes role from  FOLLOWER to CANDIDATE at term 12 for changeToCandidate
2019-11-11 04:08:44,438 [Thread-1170] INFO  impl.RoleInfo (RoleInfo.java:updateAndGet(143)) - 9a305e64-7592-4199-ba7e-8c2223e9b548: start LeaderElection
2019-11-11 04:08:44,454 [9a305e64-7592-4199-ba7e-8c2223e9b548@group-A10C889AEEC0-LeaderElection50] INFO  impl.LeaderElection (LeaderElection.java:askForVotes(178)) - 9a305e64-7592-4199-ba7e-8c2223e9b548@group-A10C889AEEC0-LeaderElection50: begin an election at term 13 for 0: [9a305e64-7592-4199-ba7e-8c2223e9b548:192.168.34.63:35969, c04805f0-1fdc-4096-9f0e-017639bb4de5:192.168.34.63:44743, f4ab3ec0-fcec-4fb2-8953-e521da90d916:192.168.34.63:41296], old=null
2019-11-11 04:08:44,455 [9a305e64-7592-4199-ba7e-8c2223e9b548@group-A10C889AEEC0-LeaderElection50] INFO  impl.LeaderElection (LogUtils.java:infoOrTrace(149)) - 9a305e64-7592-4199-ba7e-8c2223e9b548@group-A10C889AEEC0-LeaderElection50 got exception when requesting votes: {}
java.util.concurrent.ExecutionException: org.apache.ratis.thirdparty.io.grpc.StatusRuntimeException: UNAVAILABLE: io exception
	at java.util.concurrent.FutureTask.report(FutureTask.java:122)
	at java.util.concurrent.FutureTask.get(FutureTask.java:192)
	at org.apache.ratis.server.impl.LeaderElection.waitForResults(LeaderElection.java:259)
	at org.apache.ratis.server.impl.LeaderElection.askForVotes(LeaderElection.java:197)
	at org.apache.ratis.server.impl.LeaderElection.run(LeaderElection.java:133)
	at java.lang.Thread.run(Thread.java:748)
Caused by: org.apache.ratis.thirdparty.io.grpc.StatusRuntimeException: UNAVAILABLE: io exception
	at org.apache.ratis.thirdparty.io.grpc.stub.ClientCalls.toStatusRuntimeException(ClientCalls.java:233)
	at org.apache.ratis.thirdparty.io.grpc.stub.ClientCalls.getUnchecked(ClientCalls.java:214)
	at org.apache.ratis.thirdparty.io.grpc.stub.ClientCalls.blockingUnaryCall(ClientCalls.java:139)
	at org.apache.ratis.proto.grpc.RaftServerProtocolServiceGrpc$RaftServerProtocolServiceBlockingStub.requestVote(RaftServerProtocolServiceGrpc.java:265)
	at org.apache.ratis.grpc.server.GrpcServerProtocolClient.requestVote(GrpcServerProtocolClient.java:99)
	at org.apache.ratis.grpc.server.GrpcService.requestVote(GrpcService.java:204)
	at org.apache.ratis.server.impl.LeaderElection.lambda$submitRequests$1(LeaderElection.java:234)
	at java.util.concurrent.FutureTask.run(FutureTask.java:266)
	at java.util.concurrent.Executors$RunnableAdapter.call(Executors.java:511)
	at java.util.concurrent.FutureTask.run(FutureTask.java:266)
	at java.util.concurrent.ThreadPoolExecutor.runWorker(ThreadPoolExecutor.java:1149)
	at java.util.concurrent.ThreadPoolExecutor$Worker.run(ThreadPoolExecutor.java:624)
	... 1 more
Caused by: org.apache.ratis.thirdparty.io.netty.channel.AbstractChannel$AnnotatedConnectException: Connection refused: /192.168.34.63:44743
	at sun.nio.ch.SocketChannelImpl.checkConnect(Native Method)
	at sun.nio.ch.SocketChannelImpl.finishConnect(SocketChannelImpl.java:717)
	at org.apache.ratis.thirdparty.io.netty.channel.socket.nio.NioSocketChannel.doFinishConnect(NioSocketChannel.java:327)
	at org.apache.ratis.thirdparty.io.netty.channel.nio.AbstractNioChannel$AbstractNioUnsafe.finishConnect(AbstractNioChannel.java:340)
	at org.apache.ratis.thirdparty.io.netty.channel.nio.NioEventLoop.processSelectedKey(NioEventLoop.java:632)
	at org.apache.ratis.thirdparty.io.netty.channel.nio.NioEventLoop.processSelectedKeysOptimized(NioEventLoop.java:579)
	at org.apache.ratis.thirdparty.io.netty.channel.nio.NioEventLoop.processSelectedKeys(NioEventLoop.java:496)
	at org.apache.ratis.thirdparty.io.netty.channel.nio.NioEventLoop.run(NioEventLoop.java:458)
	at org.apache.ratis.thirdparty.io.netty.util.concurrent.SingleThreadEventExecutor$5.run(SingleThreadEventExecutor.java:897)
	at org.apache.ratis.thirdparty.io.netty.util.concurrent.FastThreadLocalRunnable.run(FastThreadLocalRunnable.java:30)
	... 1 more
Caused by: java.net.ConnectException: Connection refused
	... 11 more
2019-11-11 04:08:44,456 [9a305e64-7592-4199-ba7e-8c2223e9b548@group-A10C889AEEC0-LeaderElection50] INFO  impl.LeaderElection (LogUtils.java:infoOrTrace(149)) - 9a305e64-7592-4199-ba7e-8c2223e9b548@group-A10C889AEEC0-LeaderElection50 got exception when requesting votes: {}
java.util.concurrent.ExecutionException: org.apache.ratis.thirdparty.io.grpc.StatusRuntimeException: UNAVAILABLE: io exception
	at java.util.concurrent.FutureTask.report(FutureTask.java:122)
	at java.util.concurrent.FutureTask.get(FutureTask.java:192)
	at org.apache.ratis.server.impl.LeaderElection.waitForResults(LeaderElection.java:259)
	at org.apache.ratis.server.impl.LeaderElection.askForVotes(LeaderElection.java:197)
	at org.apache.ratis.server.impl.LeaderElection.run(LeaderElection.java:133)
	at java.lang.Thread.run(Thread.java:748)
Caused by: org.apache.ratis.thirdparty.io.grpc.StatusRuntimeException: UNAVAILABLE: io exception
	at org.apache.ratis.thirdparty.io.grpc.stub.ClientCalls.toStatusRuntimeException(ClientCalls.java:233)
	at org.apache.ratis.thirdparty.io.grpc.stub.ClientCalls.getUnchecked(ClientCalls.java:214)
	at org.apache.ratis.thirdparty.io.grpc.stub.ClientCalls.blockingUnaryCall(ClientCalls.java:139)
	at org.apache.ratis.proto.grpc.RaftServerProtocolServiceGrpc$RaftServerProtocolServiceBlockingStub.requestVote(RaftServerProtocolServiceGrpc.java:265)
	at org.apache.ratis.grpc.server.GrpcServerProtocolClient.requestVote(GrpcServerProtocolClient.java:99)
	at org.apache.ratis.grpc.server.GrpcService.requestVote(GrpcService.java:204)
	at org.apache.ratis.server.impl.LeaderElection.lambda$submitRequests$1(LeaderElection.java:234)
	at java.util.concurrent.FutureTask.run(FutureTask.java:266)
	at java.util.concurrent.Executors$RunnableAdapter.call(Executors.java:511)
	at java.util.concurrent.FutureTask.run(FutureTask.java:266)
	at java.util.concurrent.ThreadPoolExecutor.runWorker(ThreadPoolExecutor.java:1149)
	at java.util.concurrent.ThreadPoolExecutor$Worker.run(ThreadPoolExecutor.java:624)
	... 1 more
Caused by: org.apache.ratis.thirdparty.io.netty.channel.AbstractChannel$AnnotatedConnectException: Connection refused: /192.168.34.63:41296
	at sun.nio.ch.SocketChannelImpl.checkConnect(Native Method)
	at sun.nio.ch.SocketChannelImpl.finishConnect(SocketChannelImpl.java:717)
	at org.apache.ratis.thirdparty.io.netty.channel.socket.nio.NioSocketChannel.doFinishConnect(NioSocketChannel.java:327)
	at org.apache.ratis.thirdparty.io.netty.channel.nio.AbstractNioChannel$AbstractNioUnsafe.finishConnect(AbstractNioChannel.java:340)
	at org.apache.ratis.thirdparty.io.netty.channel.nio.NioEventLoop.processSelectedKey(NioEventLoop.java:632)
	at org.apache.ratis.thirdparty.io.netty.channel.nio.NioEventLoop.processSelectedKeysOptimized(NioEventLoop.java:579)
	at org.apache.ratis.thirdparty.io.netty.channel.nio.NioEventLoop.processSelectedKeys(NioEventLoop.java:496)
	at org.apache.ratis.thirdparty.io.netty.channel.nio.NioEventLoop.run(NioEventLoop.java:458)
	at org.apache.ratis.thirdparty.io.netty.util.concurrent.SingleThreadEventExecutor$5.run(SingleThreadEventExecutor.java:897)
	at org.apache.ratis.thirdparty.io.netty.util.concurrent.FastThreadLocalRunnable.run(FastThreadLocalRunnable.java:30)
	... 1 more
Caused by: java.net.ConnectException: Connection refused
	... 11 more
2019-11-11 04:08:44,457 [9a305e64-7592-4199-ba7e-8c2223e9b548@group-A10C889AEEC0-LeaderElection50] INFO  impl.LeaderElection (LeaderElection.java:logAndReturn(56)) - 9a305e64-7592-4199-ba7e-8c2223e9b548@group-A10C889AEEC0-LeaderElection50: Election REJECTED; received 0 response(s) [] and 2 exception(s); 9a305e64-7592-4199-ba7e-8c2223e9b548@group-A10C889AEEC0:t13, leader=null, voted=9a305e64-7592-4199-ba7e-8c2223e9b548, raftlog=9a305e64-7592-4199-ba7e-8c2223e9b548@group-A10C889AEEC0-SegmentedRaftLog:OPENED:c0,f0,i0, conf=0: [9a305e64-7592-4199-ba7e-8c2223e9b548:192.168.34.63:35969, c04805f0-1fdc-4096-9f0e-017639bb4de5:192.168.34.63:44743, f4ab3ec0-fcec-4fb2-8953-e521da90d916:192.168.34.63:41296], old=null
2019-11-11 04:08:44,457 [9a305e64-7592-4199-ba7e-8c2223e9b548@group-A10C889AEEC0-LeaderElection50] INFO  impl.LeaderElection (LogUtils.java:infoOrTrace(149)) -   Exception 0: {}
java.util.concurrent.ExecutionException: org.apache.ratis.thirdparty.io.grpc.StatusRuntimeException: UNAVAILABLE: io exception
	at java.util.concurrent.FutureTask.report(FutureTask.java:122)
	at java.util.concurrent.FutureTask.get(FutureTask.java:192)
	at org.apache.ratis.server.impl.LeaderElection.waitForResults(LeaderElection.java:259)
	at org.apache.ratis.server.impl.LeaderElection.askForVotes(LeaderElection.java:197)
	at org.apache.ratis.server.impl.LeaderElection.run(LeaderElection.java:133)
	at java.lang.Thread.run(Thread.java:748)
Caused by: org.apache.ratis.thirdparty.io.grpc.StatusRuntimeException: UNAVAILABLE: io exception
	at org.apache.ratis.thirdparty.io.grpc.stub.ClientCalls.toStatusRuntimeException(ClientCalls.java:233)
	at org.apache.ratis.thirdparty.io.grpc.stub.ClientCalls.getUnchecked(ClientCalls.java:214)
	at org.apache.ratis.thirdparty.io.grpc.stub.ClientCalls.blockingUnaryCall(ClientCalls.java:139)
	at org.apache.ratis.proto.grpc.RaftServerProtocolServiceGrpc$RaftServerProtocolServiceBlockingStub.requestVote(RaftServerProtocolServiceGrpc.java:265)
	at org.apache.ratis.grpc.server.GrpcServerProtocolClient.requestVote(GrpcServerProtocolClient.java:99)
	at org.apache.ratis.grpc.server.GrpcService.requestVote(GrpcService.java:204)
	at org.apache.ratis.server.impl.LeaderElection.lambda$submitRequests$1(LeaderElection.java:234)
	at java.util.concurrent.FutureTask.run(FutureTask.java:266)
	at java.util.concurrent.Executors$RunnableAdapter.call(Executors.java:511)
	at java.util.concurrent.FutureTask.run(FutureTask.java:266)
	at java.util.concurrent.ThreadPoolExecutor.runWorker(ThreadPoolExecutor.java:1149)
	at java.util.concurrent.ThreadPoolExecutor$Worker.run(ThreadPoolExecutor.java:624)
	... 1 more
Caused by: org.apache.ratis.thirdparty.io.netty.channel.AbstractChannel$AnnotatedConnectException: Connection refused: /192.168.34.63:44743
	at sun.nio.ch.SocketChannelImpl.checkConnect(Native Method)
	at sun.nio.ch.SocketChannelImpl.finishConnect(SocketChannelImpl.java:717)
	at org.apache.ratis.thirdparty.io.netty.channel.socket.nio.NioSocketChannel.doFinishConnect(NioSocketChannel.java:327)
	at org.apache.ratis.thirdparty.io.netty.channel.nio.AbstractNioChannel$AbstractNioUnsafe.finishConnect(AbstractNioChannel.java:340)
	at org.apache.ratis.thirdparty.io.netty.channel.nio.NioEventLoop.processSelectedKey(NioEventLoop.java:632)
	at org.apache.ratis.thirdparty.io.netty.channel.nio.NioEventLoop.processSelectedKeysOptimized(NioEventLoop.java:579)
	at org.apache.ratis.thirdparty.io.netty.channel.nio.NioEventLoop.processSelectedKeys(NioEventLoop.java:496)
	at org.apache.ratis.thirdparty.io.netty.channel.nio.NioEventLoop.run(NioEventLoop.java:458)
	at org.apache.ratis.thirdparty.io.netty.util.concurrent.SingleThreadEventExecutor$5.run(SingleThreadEventExecutor.java:897)
	at org.apache.ratis.thirdparty.io.netty.util.concurrent.FastThreadLocalRunnable.run(FastThreadLocalRunnable.java:30)
	... 1 more
Caused by: java.net.ConnectException: Connection refused
	... 11 more
2019-11-11 04:08:44,457 [9a305e64-7592-4199-ba7e-8c2223e9b548@group-A10C889AEEC0-LeaderElection50] INFO  impl.LeaderElection (LogUtils.java:infoOrTrace(149)) -   Exception 1: {}
java.util.concurrent.ExecutionException: org.apache.ratis.thirdparty.io.grpc.StatusRuntimeException: UNAVAILABLE: io exception
	at java.util.concurrent.FutureTask.report(FutureTask.java:122)
	at java.util.concurrent.FutureTask.get(FutureTask.java:192)
	at org.apache.ratis.server.impl.LeaderElection.waitForResults(LeaderElection.java:259)
	at org.apache.ratis.server.impl.LeaderElection.askForVotes(LeaderElection.java:197)
	at org.apache.ratis.server.impl.LeaderElection.run(LeaderElection.java:133)
	at java.lang.Thread.run(Thread.java:748)
Caused by: org.apache.ratis.thirdparty.io.grpc.StatusRuntimeException: UNAVAILABLE: io exception
	at org.apache.ratis.thirdparty.io.grpc.stub.ClientCalls.toStatusRuntimeException(ClientCalls.java:233)
	at org.apache.ratis.thirdparty.io.grpc.stub.ClientCalls.getUnchecked(ClientCalls.java:214)
	at org.apache.ratis.thirdparty.io.grpc.stub.ClientCalls.blockingUnaryCall(ClientCalls.java:139)
	at org.apache.ratis.proto.grpc.RaftServerProtocolServiceGrpc$RaftServerProtocolServiceBlockingStub.requestVote(RaftServerProtocolServiceGrpc.java:265)
	at org.apache.ratis.grpc.server.GrpcServerProtocolClient.requestVote(GrpcServerProtocolClient.java:99)
	at org.apache.ratis.grpc.server.GrpcService.requestVote(GrpcService.java:204)
	at org.apache.ratis.server.impl.LeaderElection.lambda$submitRequests$1(LeaderElection.java:234)
	at java.util.concurrent.FutureTask.run(FutureTask.java:266)
	at java.util.concurrent.Executors$RunnableAdapter.call(Executors.java:511)
	at java.util.concurrent.FutureTask.run(FutureTask.java:266)
	at java.util.concurrent.ThreadPoolExecutor.runWorker(ThreadPoolExecutor.java:1149)
	at java.util.concurrent.ThreadPoolExecutor$Worker.run(ThreadPoolExecutor.java:624)
	... 1 more
Caused by: org.apache.ratis.thirdparty.io.netty.channel.AbstractChannel$AnnotatedConnectException: Connection refused: /192.168.34.63:41296
	at sun.nio.ch.SocketChannelImpl.checkConnect(Native Method)
	at sun.nio.ch.SocketChannelImpl.finishConnect(SocketChannelImpl.java:717)
	at org.apache.ratis.thirdparty.io.netty.channel.socket.nio.NioSocketChannel.doFinishConnect(NioSocketChannel.java:327)
	at org.apache.ratis.thirdparty.io.netty.channel.nio.AbstractNioChannel$AbstractNioUnsafe.finishConnect(AbstractNioChannel.java:340)
	at org.apache.ratis.thirdparty.io.netty.channel.nio.NioEventLoop.processSelectedKey(NioEventLoop.java:632)
	at org.apache.ratis.thirdparty.io.netty.channel.nio.NioEventLoop.processSelectedKeysOptimized(NioEventLoop.java:579)
	at org.apache.ratis.thirdparty.io.netty.channel.nio.NioEventLoop.processSelectedKeys(NioEventLoop.java:496)
	at org.apache.ratis.thirdparty.io.netty.channel.nio.NioEventLoop.run(NioEventLoop.java:458)
	at org.apache.ratis.thirdparty.io.netty.util.concurrent.SingleThreadEventExecutor$5.run(SingleThreadEventExecutor.java:897)
	at org.apache.ratis.thirdparty.io.netty.util.concurrent.FastThreadLocalRunnable.run(FastThreadLocalRunnable.java:30)
	... 1 more
Caused by: java.net.ConnectException: Connection refused
	... 11 more
2019-11-11 04:08:44,457 [9a305e64-7592-4199-ba7e-8c2223e9b548@group-A10C889AEEC0-LeaderElection50] INFO  impl.RaftServerImpl (RaftServerImpl.java:setRole(173)) - 9a305e64-7592-4199-ba7e-8c2223e9b548@group-A10C889AEEC0: changes role from CANDIDATE to FOLLOWER at term 13 for DISCOVERED_A_NEW_TERM
2019-11-11 04:08:44,457 [9a305e64-7592-4199-ba7e-8c2223e9b548@group-A10C889AEEC0-LeaderElection50] INFO  impl.RoleInfo (RoleInfo.java:shutdownLeaderElection(134)) - 9a305e64-7592-4199-ba7e-8c2223e9b548: shutdown LeaderElection
2019-11-11 04:08:44,457 [9a305e64-7592-4199-ba7e-8c2223e9b548@group-A10C889AEEC0-LeaderElection50] INFO  impl.RoleInfo (RoleInfo.java:updateAndGet(143)) - 9a305e64-7592-4199-ba7e-8c2223e9b548: start FollowerState
2019-11-11 04:08:44,543 [grpc-default-executor-2] WARN  server.GrpcLogAppender (LogUtils.java:warn(134)) - 9a305e64-7592-4199-ba7e-8c2223e9b548@group-F4D747E15FF8->f4ab3ec0-fcec-4fb2-8953-e521da90d916-AppendLogResponseHandler: Failed appendEntries: org.apache.ratis.thirdparty.io.grpc.StatusRuntimeException: UNAVAILABLE: io exception
2019-11-11 04:08:44,544 [grpc-default-executor-2] INFO  impl.FollowerInfo (FollowerInfo.java:lambda$new$0(51)) - 9a305e64-7592-4199-ba7e-8c2223e9b548@group-F4D747E15FF8->f4ab3ec0-fcec-4fb2-8953-e521da90d916: nextIndex: updateUnconditionally 0 -> 0
2019-11-11 04:08:44,598 [org.apache.ratis.server.impl.LogAppender$AppenderDaemon$$Lambda$651/545843685@69bcbdd4] ERROR ratis.XceiverServerRatis (XceiverServerRatis.java:triggerPipelineClose(577)) - pipeline Action CLOSE  on pipeline PipelineID=31ac6f49-abee-419e-8f26-f4d747e15ff8.Reason : 9a305e64-7592-4199-ba7e-8c2223e9b548 has not seen follower/s 61021d77-0677-40a1-98e7-8ba643935ac0 for 134071ms
2019-11-11 04:08:44,599 [grpc-default-executor-7] WARN  server.GrpcLogAppender (LogUtils.java:warn(134)) - 9a305e64-7592-4199-ba7e-8c2223e9b548@group-F4D747E15FF8->61021d77-0677-40a1-98e7-8ba643935ac0-AppendLogResponseHandler: Failed appendEntries: org.apache.ratis.thirdparty.io.grpc.StatusRuntimeException: UNAVAILABLE: io exception
2019-11-11 04:08:44,599 [grpc-default-executor-7] INFO  impl.FollowerInfo (FollowerInfo.java:lambda$new$0(51)) - 9a305e64-7592-4199-ba7e-8c2223e9b548@group-F4D747E15FF8->61021d77-0677-40a1-98e7-8ba643935ac0: nextIndex: updateUnconditionally 0 -> 0
2019-11-11 04:08:44,971 [Thread-1174] INFO  impl.FollowerState (FollowerState.java:run(111)) - 9a305e64-7592-4199-ba7e-8c2223e9b548@group-D5F2B638C171-FollowerState: change to CANDIDATE, lastRpcTime:1174ms, electionTimeout:1174ms
2019-11-11 04:08:44,971 [Thread-1174] INFO  impl.RoleInfo (RoleInfo.java:shutdownFollowerState(121)) - 9a305e64-7592-4199-ba7e-8c2223e9b548: shutdown FollowerState
2019-11-11 04:08:44,972 [Thread-1174] INFO  impl.RaftServerImpl (RaftServerImpl.java:setRole(173)) - 9a305e64-7592-4199-ba7e-8c2223e9b548@group-D5F2B638C171: changes role from  FOLLOWER to CANDIDATE at term 13 for changeToCandidate
2019-11-11 04:08:44,972 [Thread-1174] INFO  impl.RoleInfo (RoleInfo.java:updateAndGet(143)) - 9a305e64-7592-4199-ba7e-8c2223e9b548: start LeaderElection
2019-11-11 04:08:44,988 [9a305e64-7592-4199-ba7e-8c2223e9b548@group-D5F2B638C171-LeaderElection51] INFO  impl.LeaderElection (LeaderElection.java:askForVotes(178)) - 9a305e64-7592-4199-ba7e-8c2223e9b548@group-D5F2B638C171-LeaderElection51: begin an election at term 14 for 0: [9a305e64-7592-4199-ba7e-8c2223e9b548:192.168.34.63:35969, c04805f0-1fdc-4096-9f0e-017639bb4de5:192.168.34.63:44743, f4ab3ec0-fcec-4fb2-8953-e521da90d916:192.168.34.63:41296], old=null
2019-11-11 04:08:44,991 [9a305e64-7592-4199-ba7e-8c2223e9b548@group-D5F2B638C171-LeaderElection51] INFO  impl.LeaderElection (LogUtils.java:infoOrTrace(149)) - 9a305e64-7592-4199-ba7e-8c2223e9b548@group-D5F2B638C171-LeaderElection51 got exception when requesting votes: {}
java.util.concurrent.ExecutionException: org.apache.ratis.thirdparty.io.grpc.StatusRuntimeException: UNAVAILABLE: io exception
	at java.util.concurrent.FutureTask.report(FutureTask.java:122)
	at java.util.concurrent.FutureTask.get(FutureTask.java:192)
	at org.apache.ratis.server.impl.LeaderElection.waitForResults(LeaderElection.java:259)
	at org.apache.ratis.server.impl.LeaderElection.askForVotes(LeaderElection.java:197)
	at org.apache.ratis.server.impl.LeaderElection.run(LeaderElection.java:133)
	at java.lang.Thread.run(Thread.java:748)
Caused by: org.apache.ratis.thirdparty.io.grpc.StatusRuntimeException: UNAVAILABLE: io exception
	at org.apache.ratis.thirdparty.io.grpc.stub.ClientCalls.toStatusRuntimeException(ClientCalls.java:233)
	at org.apache.ratis.thirdparty.io.grpc.stub.ClientCalls.getUnchecked(ClientCalls.java:214)
	at org.apache.ratis.thirdparty.io.grpc.stub.ClientCalls.blockingUnaryCall(ClientCalls.java:139)
	at org.apache.ratis.proto.grpc.RaftServerProtocolServiceGrpc$RaftServerProtocolServiceBlockingStub.requestVote(RaftServerProtocolServiceGrpc.java:265)
	at org.apache.ratis.grpc.server.GrpcServerProtocolClient.requestVote(GrpcServerProtocolClient.java:99)
	at org.apache.ratis.grpc.server.GrpcService.requestVote(GrpcService.java:204)
	at org.apache.ratis.server.impl.LeaderElection.lambda$submitRequests$1(LeaderElection.java:234)
	at java.util.concurrent.FutureTask.run(FutureTask.java:266)
	at java.util.concurrent.Executors$RunnableAdapter.call(Executors.java:511)
	at java.util.concurrent.FutureTask.run(FutureTask.java:266)
	at java.util.concurrent.ThreadPoolExecutor.runWorker(ThreadPoolExecutor.java:1149)
	at java.util.concurrent.ThreadPoolExecutor$Worker.run(ThreadPoolExecutor.java:624)
	... 1 more
Caused by: org.apache.ratis.thirdparty.io.netty.channel.AbstractChannel$AnnotatedConnectException: Connection refused: /192.168.34.63:44743
	at sun.nio.ch.SocketChannelImpl.checkConnect(Native Method)
	at sun.nio.ch.SocketChannelImpl.finishConnect(SocketChannelImpl.java:717)
	at org.apache.ratis.thirdparty.io.netty.channel.socket.nio.NioSocketChannel.doFinishConnect(NioSocketChannel.java:327)
	at org.apache.ratis.thirdparty.io.netty.channel.nio.AbstractNioChannel$AbstractNioUnsafe.finishConnect(AbstractNioChannel.java:340)
	at org.apache.ratis.thirdparty.io.netty.channel.nio.NioEventLoop.processSelectedKey(NioEventLoop.java:632)
	at org.apache.ratis.thirdparty.io.netty.channel.nio.NioEventLoop.processSelectedKeysOptimized(NioEventLoop.java:579)
	at org.apache.ratis.thirdparty.io.netty.channel.nio.NioEventLoop.processSelectedKeys(NioEventLoop.java:496)
	at org.apache.ratis.thirdparty.io.netty.channel.nio.NioEventLoop.run(NioEventLoop.java:458)
	at org.apache.ratis.thirdparty.io.netty.util.concurrent.SingleThreadEventExecutor$5.run(SingleThreadEventExecutor.java:897)
	at org.apache.ratis.thirdparty.io.netty.util.concurrent.FastThreadLocalRunnable.run(FastThreadLocalRunnable.java:30)
	... 1 more
Caused by: java.net.ConnectException: Connection refused
	... 11 more
2019-11-11 04:08:44,993 [9a305e64-7592-4199-ba7e-8c2223e9b548@group-D5F2B638C171-LeaderElection51] INFO  impl.LeaderElection (LogUtils.java:infoOrTrace(149)) - 9a305e64-7592-4199-ba7e-8c2223e9b548@group-D5F2B638C171-LeaderElection51 got exception when requesting votes: {}
java.util.concurrent.ExecutionException: org.apache.ratis.thirdparty.io.grpc.StatusRuntimeException: UNAVAILABLE: io exception
	at java.util.concurrent.FutureTask.report(FutureTask.java:122)
	at java.util.concurrent.FutureTask.get(FutureTask.java:192)
	at org.apache.ratis.server.impl.LeaderElection.waitForResults(LeaderElection.java:259)
	at org.apache.ratis.server.impl.LeaderElection.askForVotes(LeaderElection.java:197)
	at org.apache.ratis.server.impl.LeaderElection.run(LeaderElection.java:133)
	at java.lang.Thread.run(Thread.java:748)
Caused by: org.apache.ratis.thirdparty.io.grpc.StatusRuntimeException: UNAVAILABLE: io exception
	at org.apache.ratis.thirdparty.io.grpc.stub.ClientCalls.toStatusRuntimeException(ClientCalls.java:233)
	at org.apache.ratis.thirdparty.io.grpc.stub.ClientCalls.getUnchecked(ClientCalls.java:214)
	at org.apache.ratis.thirdparty.io.grpc.stub.ClientCalls.blockingUnaryCall(ClientCalls.java:139)
	at org.apache.ratis.proto.grpc.RaftServerProtocolServiceGrpc$RaftServerProtocolServiceBlockingStub.requestVote(RaftServerProtocolServiceGrpc.java:265)
	at org.apache.ratis.grpc.server.GrpcServerProtocolClient.requestVote(GrpcServerProtocolClient.java:99)
	at org.apache.ratis.grpc.server.GrpcService.requestVote(GrpcService.java:204)
	at org.apache.ratis.server.impl.LeaderElection.lambda$submitRequests$1(LeaderElection.java:234)
	at java.util.concurrent.FutureTask.run(FutureTask.java:266)
	at java.util.concurrent.Executors$RunnableAdapter.call(Executors.java:511)
	at java.util.concurrent.FutureTask.run(FutureTask.java:266)
	at java.util.concurrent.ThreadPoolExecutor.runWorker(ThreadPoolExecutor.java:1149)
	at java.util.concurrent.ThreadPoolExecutor$Worker.run(ThreadPoolExecutor.java:624)
	... 1 more
Caused by: org.apache.ratis.thirdparty.io.netty.channel.AbstractChannel$AnnotatedConnectException: Connection refused: /192.168.34.63:41296
	at sun.nio.ch.SocketChannelImpl.checkConnect(Native Method)
	at sun.nio.ch.SocketChannelImpl.finishConnect(SocketChannelImpl.java:717)
	at org.apache.ratis.thirdparty.io.netty.channel.socket.nio.NioSocketChannel.doFinishConnect(NioSocketChannel.java:327)
	at org.apache.ratis.thirdparty.io.netty.channel.nio.AbstractNioChannel$AbstractNioUnsafe.finishConnect(AbstractNioChannel.java:340)
	at org.apache.ratis.thirdparty.io.netty.channel.nio.NioEventLoop.processSelectedKey(NioEventLoop.java:632)
	at org.apache.ratis.thirdparty.io.netty.channel.nio.NioEventLoop.processSelectedKeysOptimized(NioEventLoop.java:579)
	at org.apache.ratis.thirdparty.io.netty.channel.nio.NioEventLoop.processSelectedKeys(NioEventLoop.java:496)
	at org.apache.ratis.thirdparty.io.netty.channel.nio.NioEventLoop.run(NioEventLoop.java:458)
	at org.apache.ratis.thirdparty.io.netty.util.concurrent.SingleThreadEventExecutor$5.run(SingleThreadEventExecutor.java:897)
	at org.apache.ratis.thirdparty.io.netty.util.concurrent.FastThreadLocalRunnable.run(FastThreadLocalRunnable.java:30)
	... 1 more
Caused by: java.net.ConnectException: Connection refused
	... 11 more
2019-11-11 04:08:44,993 [9a305e64-7592-4199-ba7e-8c2223e9b548@group-D5F2B638C171-LeaderElection51] INFO  impl.LeaderElection (LeaderElection.java:logAndReturn(56)) - 9a305e64-7592-4199-ba7e-8c2223e9b548@group-D5F2B638C171-LeaderElection51: Election REJECTED; received 0 response(s) [] and 2 exception(s); 9a305e64-7592-4199-ba7e-8c2223e9b548@group-D5F2B638C171:t14, leader=null, voted=9a305e64-7592-4199-ba7e-8c2223e9b548, raftlog=9a305e64-7592-4199-ba7e-8c2223e9b548@group-D5F2B638C171-SegmentedRaftLog:OPENED:c0,f0,i0, conf=0: [9a305e64-7592-4199-ba7e-8c2223e9b548:192.168.34.63:35969, c04805f0-1fdc-4096-9f0e-017639bb4de5:192.168.34.63:44743, f4ab3ec0-fcec-4fb2-8953-e521da90d916:192.168.34.63:41296], old=null
2019-11-11 04:08:44,994 [9a305e64-7592-4199-ba7e-8c2223e9b548@group-D5F2B638C171-LeaderElection51] INFO  impl.LeaderElection (LogUtils.java:infoOrTrace(149)) -   Exception 0: {}
java.util.concurrent.ExecutionException: org.apache.ratis.thirdparty.io.grpc.StatusRuntimeException: UNAVAILABLE: io exception
	at java.util.concurrent.FutureTask.report(FutureTask.java:122)
	at java.util.concurrent.FutureTask.get(FutureTask.java:192)
	at org.apache.ratis.server.impl.LeaderElection.waitForResults(LeaderElection.java:259)
	at org.apache.ratis.server.impl.LeaderElection.askForVotes(LeaderElection.java:197)
	at org.apache.ratis.server.impl.LeaderElection.run(LeaderElection.java:133)
	at java.lang.Thread.run(Thread.java:748)
Caused by: org.apache.ratis.thirdparty.io.grpc.StatusRuntimeException: UNAVAILABLE: io exception
	at org.apache.ratis.thirdparty.io.grpc.stub.ClientCalls.toStatusRuntimeException(ClientCalls.java:233)
	at org.apache.ratis.thirdparty.io.grpc.stub.ClientCalls.getUnchecked(ClientCalls.java:214)
	at org.apache.ratis.thirdparty.io.grpc.stub.ClientCalls.blockingUnaryCall(ClientCalls.java:139)
	at org.apache.ratis.proto.grpc.RaftServerProtocolServiceGrpc$RaftServerProtocolServiceBlockingStub.requestVote(RaftServerProtocolServiceGrpc.java:265)
	at org.apache.ratis.grpc.server.GrpcServerProtocolClient.requestVote(GrpcServerProtocolClient.java:99)
	at org.apache.ratis.grpc.server.GrpcService.requestVote(GrpcService.java:204)
	at org.apache.ratis.server.impl.LeaderElection.lambda$submitRequests$1(LeaderElection.java:234)
	at java.util.concurrent.FutureTask.run(FutureTask.java:266)
	at java.util.concurrent.Executors$RunnableAdapter.call(Executors.java:511)
	at java.util.concurrent.FutureTask.run(FutureTask.java:266)
	at java.util.concurrent.ThreadPoolExecutor.runWorker(ThreadPoolExecutor.java:1149)
	at java.util.concurrent.ThreadPoolExecutor$Worker.run(ThreadPoolExecutor.java:624)
	... 1 more
Caused by: org.apache.ratis.thirdparty.io.netty.channel.AbstractChannel$AnnotatedConnectException: Connection refused: /192.168.34.63:44743
	at sun.nio.ch.SocketChannelImpl.checkConnect(Native Method)
	at sun.nio.ch.SocketChannelImpl.finishConnect(SocketChannelImpl.java:717)
	at org.apache.ratis.thirdparty.io.netty.channel.socket.nio.NioSocketChannel.doFinishConnect(NioSocketChannel.java:327)
	at org.apache.ratis.thirdparty.io.netty.channel.nio.AbstractNioChannel$AbstractNioUnsafe.finishConnect(AbstractNioChannel.java:340)
	at org.apache.ratis.thirdparty.io.netty.channel.nio.NioEventLoop.processSelectedKey(NioEventLoop.java:632)
	at org.apache.ratis.thirdparty.io.netty.channel.nio.NioEventLoop.processSelectedKeysOptimized(NioEventLoop.java:579)
	at org.apache.ratis.thirdparty.io.netty.channel.nio.NioEventLoop.processSelectedKeys(NioEventLoop.java:496)
	at org.apache.ratis.thirdparty.io.netty.channel.nio.NioEventLoop.run(NioEventLoop.java:458)
	at org.apache.ratis.thirdparty.io.netty.util.concurrent.SingleThreadEventExecutor$5.run(SingleThreadEventExecutor.java:897)
	at org.apache.ratis.thirdparty.io.netty.util.concurrent.FastThreadLocalRunnable.run(FastThreadLocalRunnable.java:30)
	... 1 more
Caused by: java.net.ConnectException: Connection refused
	... 11 more
2019-11-11 04:08:44,994 [9a305e64-7592-4199-ba7e-8c2223e9b548@group-D5F2B638C171-LeaderElection51] INFO  impl.LeaderElection (LogUtils.java:infoOrTrace(149)) -   Exception 1: {}
java.util.concurrent.ExecutionException: org.apache.ratis.thirdparty.io.grpc.StatusRuntimeException: UNAVAILABLE: io exception
	at java.util.concurrent.FutureTask.report(FutureTask.java:122)
	at java.util.concurrent.FutureTask.get(FutureTask.java:192)
	at org.apache.ratis.server.impl.LeaderElection.waitForResults(LeaderElection.java:259)
	at org.apache.ratis.server.impl.LeaderElection.askForVotes(LeaderElection.java:197)
	at org.apache.ratis.server.impl.LeaderElection.run(LeaderElection.java:133)
	at java.lang.Thread.run(Thread.java:748)
Caused by: org.apache.ratis.thirdparty.io.grpc.StatusRuntimeException: UNAVAILABLE: io exception
	at org.apache.ratis.thirdparty.io.grpc.stub.ClientCalls.toStatusRuntimeException(ClientCalls.java:233)
	at org.apache.ratis.thirdparty.io.grpc.stub.ClientCalls.getUnchecked(ClientCalls.java:214)
	at org.apache.ratis.thirdparty.io.grpc.stub.ClientCalls.blockingUnaryCall(ClientCalls.java:139)
	at org.apache.ratis.proto.grpc.RaftServerProtocolServiceGrpc$RaftServerProtocolServiceBlockingStub.requestVote(RaftServerProtocolServiceGrpc.java:265)
	at org.apache.ratis.grpc.server.GrpcServerProtocolClient.requestVote(GrpcServerProtocolClient.java:99)
	at org.apache.ratis.grpc.server.GrpcService.requestVote(GrpcService.java:204)
	at org.apache.ratis.server.impl.LeaderElection.lambda$submitRequests$1(LeaderElection.java:234)
	at java.util.concurrent.FutureTask.run(FutureTask.java:266)
	at java.util.concurrent.Executors$RunnableAdapter.call(Executors.java:511)
	at java.util.concurrent.FutureTask.run(FutureTask.java:266)
	at java.util.concurrent.ThreadPoolExecutor.runWorker(ThreadPoolExecutor.java:1149)
	at java.util.concurrent.ThreadPoolExecutor$Worker.run(ThreadPoolExecutor.java:624)
	... 1 more
Caused by: org.apache.ratis.thirdparty.io.netty.channel.AbstractChannel$AnnotatedConnectException: Connection refused: /192.168.34.63:41296
	at sun.nio.ch.SocketChannelImpl.checkConnect(Native Method)
	at sun.nio.ch.SocketChannelImpl.finishConnect(SocketChannelImpl.java:717)
	at org.apache.ratis.thirdparty.io.netty.channel.socket.nio.NioSocketChannel.doFinishConnect(NioSocketChannel.java:327)
	at org.apache.ratis.thirdparty.io.netty.channel.nio.AbstractNioChannel$AbstractNioUnsafe.finishConnect(AbstractNioChannel.java:340)
	at org.apache.ratis.thirdparty.io.netty.channel.nio.NioEventLoop.processSelectedKey(NioEventLoop.java:632)
	at org.apache.ratis.thirdparty.io.netty.channel.nio.NioEventLoop.processSelectedKeysOptimized(NioEventLoop.java:579)
	at org.apache.ratis.thirdparty.io.netty.channel.nio.NioEventLoop.processSelectedKeys(NioEventLoop.java:496)
	at org.apache.ratis.thirdparty.io.netty.channel.nio.NioEventLoop.run(NioEventLoop.java:458)
	at org.apache.ratis.thirdparty.io.netty.util.concurrent.SingleThreadEventExecutor$5.run(SingleThreadEventExecutor.java:897)
	at org.apache.ratis.thirdparty.io.netty.util.concurrent.FastThreadLocalRunnable.run(FastThreadLocalRunnable.java:30)
	... 1 more
Caused by: java.net.ConnectException: Connection refused
	... 11 more
2019-11-11 04:08:44,994 [9a305e64-7592-4199-ba7e-8c2223e9b548@group-D5F2B638C171-LeaderElection51] INFO  impl.RaftServerImpl (RaftServerImpl.java:setRole(173)) - 9a305e64-7592-4199-ba7e-8c2223e9b548@group-D5F2B638C171: changes role from CANDIDATE to FOLLOWER at term 14 for DISCOVERED_A_NEW_TERM
2019-11-11 04:08:44,995 [9a305e64-7592-4199-ba7e-8c2223e9b548@group-D5F2B638C171-LeaderElection51] INFO  impl.RoleInfo (RoleInfo.java:shutdownLeaderElection(134)) - 9a305e64-7592-4199-ba7e-8c2223e9b548: shutdown LeaderElection
2019-11-11 04:08:44,995 [9a305e64-7592-4199-ba7e-8c2223e9b548@group-D5F2B638C171-LeaderElection51] INFO  impl.RoleInfo (RoleInfo.java:updateAndGet(143)) - 9a305e64-7592-4199-ba7e-8c2223e9b548: start FollowerState
2019-11-11 04:08:45,044 [grpc-default-executor-7] WARN  server.GrpcLogAppender (LogUtils.java:warn(134)) - 9a305e64-7592-4199-ba7e-8c2223e9b548@group-F4D747E15FF8->f4ab3ec0-fcec-4fb2-8953-e521da90d916-AppendLogResponseHandler: Failed appendEntries: org.apache.ratis.thirdparty.io.grpc.StatusRuntimeException: UNAVAILABLE: io exception
2019-11-11 04:08:45,044 [grpc-default-executor-7] INFO  impl.FollowerInfo (FollowerInfo.java:lambda$new$0(51)) - 9a305e64-7592-4199-ba7e-8c2223e9b548@group-F4D747E15FF8->f4ab3ec0-fcec-4fb2-8953-e521da90d916: nextIndex: updateUnconditionally 0 -> 0
2019-11-11 04:08:45,099 [org.apache.ratis.server.impl.LogAppender$AppenderDaemon$$Lambda$651/545843685@69bcbdd4] ERROR ratis.XceiverServerRatis (XceiverServerRatis.java:triggerPipelineClose(577)) - pipeline Action CLOSE  on pipeline PipelineID=31ac6f49-abee-419e-8f26-f4d747e15ff8.Reason : 9a305e64-7592-4199-ba7e-8c2223e9b548 has not seen follower/s 61021d77-0677-40a1-98e7-8ba643935ac0 for 134572ms
2019-11-11 04:08:45,099 [grpc-default-executor-7] WARN  server.GrpcLogAppender (LogUtils.java:warn(134)) - 9a305e64-7592-4199-ba7e-8c2223e9b548@group-F4D747E15FF8->61021d77-0677-40a1-98e7-8ba643935ac0-AppendLogResponseHandler: Failed appendEntries: org.apache.ratis.thirdparty.io.grpc.StatusRuntimeException: UNAVAILABLE: io exception
2019-11-11 04:08:45,100 [grpc-default-executor-7] INFO  impl.FollowerInfo (FollowerInfo.java:lambda$new$0(51)) - 9a305e64-7592-4199-ba7e-8c2223e9b548@group-F4D747E15FF8->61021d77-0677-40a1-98e7-8ba643935ac0: nextIndex: updateUnconditionally 0 -> 0
2019-11-11 04:08:45,539 [Thread-1178] INFO  impl.FollowerState (FollowerState.java:run(111)) - 9a305e64-7592-4199-ba7e-8c2223e9b548@group-A10C889AEEC0-FollowerState: change to CANDIDATE, lastRpcTime:1081ms, electionTimeout:1081ms
2019-11-11 04:08:45,540 [Thread-1178] INFO  impl.RoleInfo (RoleInfo.java:shutdownFollowerState(121)) - 9a305e64-7592-4199-ba7e-8c2223e9b548: shutdown FollowerState
2019-11-11 04:08:45,541 [Thread-1178] INFO  impl.RaftServerImpl (RaftServerImpl.java:setRole(173)) - 9a305e64-7592-4199-ba7e-8c2223e9b548@group-A10C889AEEC0: changes role from  FOLLOWER to CANDIDATE at term 13 for changeToCandidate
2019-11-11 04:08:45,541 [Thread-1178] INFO  impl.RoleInfo (RoleInfo.java:updateAndGet(143)) - 9a305e64-7592-4199-ba7e-8c2223e9b548: start LeaderElection
2019-11-11 04:08:45,551 [grpc-default-executor-7] WARN  server.GrpcLogAppender (LogUtils.java:warn(134)) - 9a305e64-7592-4199-ba7e-8c2223e9b548@group-F4D747E15FF8->f4ab3ec0-fcec-4fb2-8953-e521da90d916-AppendLogResponseHandler: Failed appendEntries: org.apache.ratis.thirdparty.io.grpc.StatusRuntimeException: UNAVAILABLE: io exception
2019-11-11 04:08:45,552 [grpc-default-executor-7] INFO  impl.FollowerInfo (FollowerInfo.java:lambda$new$0(51)) - 9a305e64-7592-4199-ba7e-8c2223e9b548@group-F4D747E15FF8->f4ab3ec0-fcec-4fb2-8953-e521da90d916: nextIndex: updateUnconditionally 0 -> 0
2019-11-11 04:08:45,559 [9a305e64-7592-4199-ba7e-8c2223e9b548@group-A10C889AEEC0-LeaderElection52] INFO  impl.LeaderElection (LeaderElection.java:askForVotes(178)) - 9a305e64-7592-4199-ba7e-8c2223e9b548@group-A10C889AEEC0-LeaderElection52: begin an election at term 14 for 0: [9a305e64-7592-4199-ba7e-8c2223e9b548:192.168.34.63:35969, c04805f0-1fdc-4096-9f0e-017639bb4de5:192.168.34.63:44743, f4ab3ec0-fcec-4fb2-8953-e521da90d916:192.168.34.63:41296], old=null
2019-11-11 04:08:45,560 [9a305e64-7592-4199-ba7e-8c2223e9b548@group-A10C889AEEC0-LeaderElection52] INFO  impl.LeaderElection (LogUtils.java:infoOrTrace(149)) - 9a305e64-7592-4199-ba7e-8c2223e9b548@group-A10C889AEEC0-LeaderElection52 got exception when requesting votes: {}
java.util.concurrent.ExecutionException: org.apache.ratis.thirdparty.io.grpc.StatusRuntimeException: UNAVAILABLE: io exception
	at java.util.concurrent.FutureTask.report(FutureTask.java:122)
	at java.util.concurrent.FutureTask.get(FutureTask.java:192)
	at org.apache.ratis.server.impl.LeaderElection.waitForResults(LeaderElection.java:259)
	at org.apache.ratis.server.impl.LeaderElection.askForVotes(LeaderElection.java:197)
	at org.apache.ratis.server.impl.LeaderElection.run(LeaderElection.java:133)
	at java.lang.Thread.run(Thread.java:748)
Caused by: org.apache.ratis.thirdparty.io.grpc.StatusRuntimeException: UNAVAILABLE: io exception
	at org.apache.ratis.thirdparty.io.grpc.stub.ClientCalls.toStatusRuntimeException(ClientCalls.java:233)
	at org.apache.ratis.thirdparty.io.grpc.stub.ClientCalls.getUnchecked(ClientCalls.java:214)
	at org.apache.ratis.thirdparty.io.grpc.stub.ClientCalls.blockingUnaryCall(ClientCalls.java:139)
	at org.apache.ratis.proto.grpc.RaftServerProtocolServiceGrpc$RaftServerProtocolServiceBlockingStub.requestVote(RaftServerProtocolServiceGrpc.java:265)
	at org.apache.ratis.grpc.server.GrpcServerProtocolClient.requestVote(GrpcServerProtocolClient.java:99)
	at org.apache.ratis.grpc.server.GrpcService.requestVote(GrpcService.java:204)
	at org.apache.ratis.server.impl.LeaderElection.lambda$submitRequests$1(LeaderElection.java:234)
	at java.util.concurrent.FutureTask.run(FutureTask.java:266)
	at java.util.concurrent.Executors$RunnableAdapter.call(Executors.java:511)
	at java.util.concurrent.FutureTask.run(FutureTask.java:266)
	at java.util.concurrent.ThreadPoolExecutor.runWorker(ThreadPoolExecutor.java:1149)
	at java.util.concurrent.ThreadPoolExecutor$Worker.run(ThreadPoolExecutor.java:624)
	... 1 more
Caused by: org.apache.ratis.thirdparty.io.netty.channel.AbstractChannel$AnnotatedConnectException: Connection refused: /192.168.34.63:44743
	at sun.nio.ch.SocketChannelImpl.checkConnect(Native Method)
	at sun.nio.ch.SocketChannelImpl.finishConnect(SocketChannelImpl.java:717)
	at org.apache.ratis.thirdparty.io.netty.channel.socket.nio.NioSocketChannel.doFinishConnect(NioSocketChannel.java:327)
	at org.apache.ratis.thirdparty.io.netty.channel.nio.AbstractNioChannel$AbstractNioUnsafe.finishConnect(AbstractNioChannel.java:340)
	at org.apache.ratis.thirdparty.io.netty.channel.nio.NioEventLoop.processSelectedKey(NioEventLoop.java:632)
	at org.apache.ratis.thirdparty.io.netty.channel.nio.NioEventLoop.processSelectedKeysOptimized(NioEventLoop.java:579)
	at org.apache.ratis.thirdparty.io.netty.channel.nio.NioEventLoop.processSelectedKeys(NioEventLoop.java:496)
	at org.apache.ratis.thirdparty.io.netty.channel.nio.NioEventLoop.run(NioEventLoop.java:458)
	at org.apache.ratis.thirdparty.io.netty.util.concurrent.SingleThreadEventExecutor$5.run(SingleThreadEventExecutor.java:897)
	at org.apache.ratis.thirdparty.io.netty.util.concurrent.FastThreadLocalRunnable.run(FastThreadLocalRunnable.java:30)
	... 1 more
Caused by: java.net.ConnectException: Connection refused
	... 11 more
2019-11-11 04:08:45,561 [9a305e64-7592-4199-ba7e-8c2223e9b548@group-A10C889AEEC0-LeaderElection52] INFO  impl.LeaderElection (LogUtils.java:infoOrTrace(149)) - 9a305e64-7592-4199-ba7e-8c2223e9b548@group-A10C889AEEC0-LeaderElection52 got exception when requesting votes: {}
java.util.concurrent.ExecutionException: org.apache.ratis.thirdparty.io.grpc.StatusRuntimeException: UNAVAILABLE: io exception
	at java.util.concurrent.FutureTask.report(FutureTask.java:122)
	at java.util.concurrent.FutureTask.get(FutureTask.java:192)
	at org.apache.ratis.server.impl.LeaderElection.waitForResults(LeaderElection.java:259)
	at org.apache.ratis.server.impl.LeaderElection.askForVotes(LeaderElection.java:197)
	at org.apache.ratis.server.impl.LeaderElection.run(LeaderElection.java:133)
	at java.lang.Thread.run(Thread.java:748)
Caused by: org.apache.ratis.thirdparty.io.grpc.StatusRuntimeException: UNAVAILABLE: io exception
	at org.apache.ratis.thirdparty.io.grpc.stub.ClientCalls.toStatusRuntimeException(ClientCalls.java:233)
	at org.apache.ratis.thirdparty.io.grpc.stub.ClientCalls.getUnchecked(ClientCalls.java:214)
	at org.apache.ratis.thirdparty.io.grpc.stub.ClientCalls.blockingUnaryCall(ClientCalls.java:139)
	at org.apache.ratis.proto.grpc.RaftServerProtocolServiceGrpc$RaftServerProtocolServiceBlockingStub.requestVote(RaftServerProtocolServiceGrpc.java:265)
	at org.apache.ratis.grpc.server.GrpcServerProtocolClient.requestVote(GrpcServerProtocolClient.java:99)
	at org.apache.ratis.grpc.server.GrpcService.requestVote(GrpcService.java:204)
	at org.apache.ratis.server.impl.LeaderElection.lambda$submitRequests$1(LeaderElection.java:234)
	at java.util.concurrent.FutureTask.run(FutureTask.java:266)
	at java.util.concurrent.Executors$RunnableAdapter.call(Executors.java:511)
	at java.util.concurrent.FutureTask.run(FutureTask.java:266)
	at java.util.concurrent.ThreadPoolExecutor.runWorker(ThreadPoolExecutor.java:1149)
	at java.util.concurrent.ThreadPoolExecutor$Worker.run(ThreadPoolExecutor.java:624)
	... 1 more
Caused by: org.apache.ratis.thirdparty.io.netty.channel.AbstractChannel$AnnotatedConnectException: Connection refused: /192.168.34.63:41296
	at sun.nio.ch.SocketChannelImpl.checkConnect(Native Method)
	at sun.nio.ch.SocketChannelImpl.finishConnect(SocketChannelImpl.java:717)
	at org.apache.ratis.thirdparty.io.netty.channel.socket.nio.NioSocketChannel.doFinishConnect(NioSocketChannel.java:327)
	at org.apache.ratis.thirdparty.io.netty.channel.nio.AbstractNioChannel$AbstractNioUnsafe.finishConnect(AbstractNioChannel.java:340)
	at org.apache.ratis.thirdparty.io.netty.channel.nio.NioEventLoop.processSelectedKey(NioEventLoop.java:632)
	at org.apache.ratis.thirdparty.io.netty.channel.nio.NioEventLoop.processSelectedKeysOptimized(NioEventLoop.java:579)
	at org.apache.ratis.thirdparty.io.netty.channel.nio.NioEventLoop.processSelectedKeys(NioEventLoop.java:496)
	at org.apache.ratis.thirdparty.io.netty.channel.nio.NioEventLoop.run(NioEventLoop.java:458)
	at org.apache.ratis.thirdparty.io.netty.util.concurrent.SingleThreadEventExecutor$5.run(SingleThreadEventExecutor.java:897)
	at org.apache.ratis.thirdparty.io.netty.util.concurrent.FastThreadLocalRunnable.run(FastThreadLocalRunnable.java:30)
	... 1 more
Caused by: java.net.ConnectException: Connection refused
	... 11 more
2019-11-11 04:08:45,561 [9a305e64-7592-4199-ba7e-8c2223e9b548@group-A10C889AEEC0-LeaderElection52] INFO  impl.LeaderElection (LeaderElection.java:logAndReturn(56)) - 9a305e64-7592-4199-ba7e-8c2223e9b548@group-A10C889AEEC0-LeaderElection52: Election REJECTED; received 0 response(s) [] and 2 exception(s); 9a305e64-7592-4199-ba7e-8c2223e9b548@group-A10C889AEEC0:t14, leader=null, voted=9a305e64-7592-4199-ba7e-8c2223e9b548, raftlog=9a305e64-7592-4199-ba7e-8c2223e9b548@group-A10C889AEEC0-SegmentedRaftLog:OPENED:c0,f0,i0, conf=0: [9a305e64-7592-4199-ba7e-8c2223e9b548:192.168.34.63:35969, c04805f0-1fdc-4096-9f0e-017639bb4de5:192.168.34.63:44743, f4ab3ec0-fcec-4fb2-8953-e521da90d916:192.168.34.63:41296], old=null
2019-11-11 04:08:45,561 [9a305e64-7592-4199-ba7e-8c2223e9b548@group-A10C889AEEC0-LeaderElection52] INFO  impl.LeaderElection (LogUtils.java:infoOrTrace(149)) -   Exception 0: {}
java.util.concurrent.ExecutionException: org.apache.ratis.thirdparty.io.grpc.StatusRuntimeException: UNAVAILABLE: io exception
	at java.util.concurrent.FutureTask.report(FutureTask.java:122)
	at java.util.concurrent.FutureTask.get(FutureTask.java:192)
	at org.apache.ratis.server.impl.LeaderElection.waitForResults(LeaderElection.java:259)
	at org.apache.ratis.server.impl.LeaderElection.askForVotes(LeaderElection.java:197)
	at org.apache.ratis.server.impl.LeaderElection.run(LeaderElection.java:133)
	at java.lang.Thread.run(Thread.java:748)
Caused by: org.apache.ratis.thirdparty.io.grpc.StatusRuntimeException: UNAVAILABLE: io exception
	at org.apache.ratis.thirdparty.io.grpc.stub.ClientCalls.toStatusRuntimeException(ClientCalls.java:233)
	at org.apache.ratis.thirdparty.io.grpc.stub.ClientCalls.getUnchecked(ClientCalls.java:214)
	at org.apache.ratis.thirdparty.io.grpc.stub.ClientCalls.blockingUnaryCall(ClientCalls.java:139)
	at org.apache.ratis.proto.grpc.RaftServerProtocolServiceGrpc$RaftServerProtocolServiceBlockingStub.requestVote(RaftServerProtocolServiceGrpc.java:265)
	at org.apache.ratis.grpc.server.GrpcServerProtocolClient.requestVote(GrpcServerProtocolClient.java:99)
	at org.apache.ratis.grpc.server.GrpcService.requestVote(GrpcService.java:204)
	at org.apache.ratis.server.impl.LeaderElection.lambda$submitRequests$1(LeaderElection.java:234)
	at java.util.concurrent.FutureTask.run(FutureTask.java:266)
	at java.util.concurrent.Executors$RunnableAdapter.call(Executors.java:511)
	at java.util.concurrent.FutureTask.run(FutureTask.java:266)
	at java.util.concurrent.ThreadPoolExecutor.runWorker(ThreadPoolExecutor.java:1149)
	at java.util.concurrent.ThreadPoolExecutor$Worker.run(ThreadPoolExecutor.java:624)
	... 1 more
Caused by: org.apache.ratis.thirdparty.io.netty.channel.AbstractChannel$AnnotatedConnectException: Connection refused: /192.168.34.63:44743
	at sun.nio.ch.SocketChannelImpl.checkConnect(Native Method)
	at sun.nio.ch.SocketChannelImpl.finishConnect(SocketChannelImpl.java:717)
	at org.apache.ratis.thirdparty.io.netty.channel.socket.nio.NioSocketChannel.doFinishConnect(NioSocketChannel.java:327)
	at org.apache.ratis.thirdparty.io.netty.channel.nio.AbstractNioChannel$AbstractNioUnsafe.finishConnect(AbstractNioChannel.java:340)
	at org.apache.ratis.thirdparty.io.netty.channel.nio.NioEventLoop.processSelectedKey(NioEventLoop.java:632)
	at org.apache.ratis.thirdparty.io.netty.channel.nio.NioEventLoop.processSelectedKeysOptimized(NioEventLoop.java:579)
	at org.apache.ratis.thirdparty.io.netty.channel.nio.NioEventLoop.processSelectedKeys(NioEventLoop.java:496)
	at org.apache.ratis.thirdparty.io.netty.channel.nio.NioEventLoop.run(NioEventLoop.java:458)
	at org.apache.ratis.thirdparty.io.netty.util.concurrent.SingleThreadEventExecutor$5.run(SingleThreadEventExecutor.java:897)
	at org.apache.ratis.thirdparty.io.netty.util.concurrent.FastThreadLocalRunnable.run(FastThreadLocalRunnable.java:30)
	... 1 more
Caused by: java.net.ConnectException: Connection refused
	... 11 more
2019-11-11 04:08:45,562 [9a305e64-7592-4199-ba7e-8c2223e9b548@group-A10C889AEEC0-LeaderElection52] INFO  impl.LeaderElection (LogUtils.java:infoOrTrace(149)) -   Exception 1: {}
java.util.concurrent.ExecutionException: org.apache.ratis.thirdparty.io.grpc.StatusRuntimeException: UNAVAILABLE: io exception
	at java.util.concurrent.FutureTask.report(FutureTask.java:122)
	at java.util.concurrent.FutureTask.get(FutureTask.java:192)
	at org.apache.ratis.server.impl.LeaderElection.waitForResults(LeaderElection.java:259)
	at org.apache.ratis.server.impl.LeaderElection.askForVotes(LeaderElection.java:197)
	at org.apache.ratis.server.impl.LeaderElection.run(LeaderElection.java:133)
	at java.lang.Thread.run(Thread.java:748)
Caused by: org.apache.ratis.thirdparty.io.grpc.StatusRuntimeException: UNAVAILABLE: io exception
	at org.apache.ratis.thirdparty.io.grpc.stub.ClientCalls.toStatusRuntimeException(ClientCalls.java:233)
	at org.apache.ratis.thirdparty.io.grpc.stub.ClientCalls.getUnchecked(ClientCalls.java:214)
	at org.apache.ratis.thirdparty.io.grpc.stub.ClientCalls.blockingUnaryCall(ClientCalls.java:139)
	at org.apache.ratis.proto.grpc.RaftServerProtocolServiceGrpc$RaftServerProtocolServiceBlockingStub.requestVote(RaftServerProtocolServiceGrpc.java:265)
	at org.apache.ratis.grpc.server.GrpcServerProtocolClient.requestVote(GrpcServerProtocolClient.java:99)
	at org.apache.ratis.grpc.server.GrpcService.requestVote(GrpcService.java:204)
	at org.apache.ratis.server.impl.LeaderElection.lambda$submitRequests$1(LeaderElection.java:234)
	at java.util.concurrent.FutureTask.run(FutureTask.java:266)
	at java.util.concurrent.Executors$RunnableAdapter.call(Executors.java:511)
	at java.util.concurrent.FutureTask.run(FutureTask.java:266)
	at java.util.concurrent.ThreadPoolExecutor.runWorker(ThreadPoolExecutor.java:1149)
	at java.util.concurrent.ThreadPoolExecutor$Worker.run(ThreadPoolExecutor.java:624)
	... 1 more
Caused by: org.apache.ratis.thirdparty.io.netty.channel.AbstractChannel$AnnotatedConnectException: Connection refused: /192.168.34.63:41296
	at sun.nio.ch.SocketChannelImpl.checkConnect(Native Method)
	at sun.nio.ch.SocketChannelImpl.finishConnect(SocketChannelImpl.java:717)
	at org.apache.ratis.thirdparty.io.netty.channel.socket.nio.NioSocketChannel.doFinishConnect(NioSocketChannel.java:327)
	at org.apache.ratis.thirdparty.io.netty.channel.nio.AbstractNioChannel$AbstractNioUnsafe.finishConnect(AbstractNioChannel.java:340)
	at org.apache.ratis.thirdparty.io.netty.channel.nio.NioEventLoop.processSelectedKey(NioEventLoop.java:632)
	at org.apache.ratis.thirdparty.io.netty.channel.nio.NioEventLoop.processSelectedKeysOptimized(NioEventLoop.java:579)
	at org.apache.ratis.thirdparty.io.netty.channel.nio.NioEventLoop.processSelectedKeys(NioEventLoop.java:496)
	at org.apache.ratis.thirdparty.io.netty.channel.nio.NioEventLoop.run(NioEventLoop.java:458)
	at org.apache.ratis.thirdparty.io.netty.util.concurrent.SingleThreadEventExecutor$5.run(SingleThreadEventExecutor.java:897)
	at org.apache.ratis.thirdparty.io.netty.util.concurrent.FastThreadLocalRunnable.run(FastThreadLocalRunnable.java:30)
	... 1 more
Caused by: java.net.ConnectException: Connection refused
	... 11 more
2019-11-11 04:08:45,562 [9a305e64-7592-4199-ba7e-8c2223e9b548@group-A10C889AEEC0-LeaderElection52] INFO  impl.RaftServerImpl (RaftServerImpl.java:setRole(173)) - 9a305e64-7592-4199-ba7e-8c2223e9b548@group-A10C889AEEC0: changes role from CANDIDATE to FOLLOWER at term 14 for DISCOVERED_A_NEW_TERM
2019-11-11 04:08:45,562 [9a305e64-7592-4199-ba7e-8c2223e9b548@group-A10C889AEEC0-LeaderElection52] INFO  impl.RoleInfo (RoleInfo.java:shutdownLeaderElection(134)) - 9a305e64-7592-4199-ba7e-8c2223e9b548: shutdown LeaderElection
2019-11-11 04:08:45,562 [9a305e64-7592-4199-ba7e-8c2223e9b548@group-A10C889AEEC0-LeaderElection52] INFO  impl.RoleInfo (RoleInfo.java:updateAndGet(143)) - 9a305e64-7592-4199-ba7e-8c2223e9b548: start FollowerState
2019-11-11 04:08:45,600 [org.apache.ratis.server.impl.LogAppender$AppenderDaemon$$Lambda$651/545843685@69bcbdd4] ERROR ratis.XceiverServerRatis (XceiverServerRatis.java:triggerPipelineClose(577)) - pipeline Action CLOSE  on pipeline PipelineID=31ac6f49-abee-419e-8f26-f4d747e15ff8.Reason : 9a305e64-7592-4199-ba7e-8c2223e9b548 has not seen follower/s 61021d77-0677-40a1-98e7-8ba643935ac0 for 135073ms
2019-11-11 04:08:45,600 [grpc-default-executor-8] WARN  server.GrpcLogAppender (LogUtils.java:warn(134)) - 9a305e64-7592-4199-ba7e-8c2223e9b548@group-F4D747E15FF8->61021d77-0677-40a1-98e7-8ba643935ac0-AppendLogResponseHandler: Failed appendEntries: org.apache.ratis.thirdparty.io.grpc.StatusRuntimeException: UNAVAILABLE: io exception
2019-11-11 04:08:45,601 [grpc-default-executor-8] INFO  impl.FollowerInfo (FollowerInfo.java:lambda$new$0(51)) - 9a305e64-7592-4199-ba7e-8c2223e9b548@group-F4D747E15FF8->61021d77-0677-40a1-98e7-8ba643935ac0: nextIndex: updateUnconditionally 0 -> 0
2019-11-11 04:08:45,992 [main] INFO  ozoneimpl.OzoneContainer (OzoneContainer.java:stop(232)) - Attempting to stop container services.
2019-11-11 04:08:45,992 [Command processor thread] ERROR commandhandler.CloseContainerCommandHandler (CloseContainerCommandHandler.java:handle(127)) - Can't close container #1
java.io.IOException
	at org.apache.hadoop.ozone.container.common.transport.server.ratis.XceiverServerRatis.submitRequest(XceiverServerRatis.java:504)
	at org.apache.hadoop.ozone.container.common.statemachine.commandhandler.CloseContainerCommandHandler.handle(CloseContainerCommandHandler.java:102)
	at org.apache.hadoop.ozone.container.common.statemachine.commandhandler.CommandDispatcher.handle(CommandDispatcher.java:99)
	at org.apache.hadoop.ozone.container.common.statemachine.DatanodeStateMachine.lambda$initCommandHandlerThread$1(DatanodeStateMachine.java:432)
	at java.lang.Thread.run(Thread.java:748)
Caused by: java.lang.InterruptedException
	at java.util.concurrent.CompletableFuture.reportGet(CompletableFuture.java:347)
	at java.util.concurrent.CompletableFuture.get(CompletableFuture.java:1895)
	at org.apache.hadoop.ozone.container.common.transport.server.ratis.XceiverServerRatis.submitRequest(XceiverServerRatis.java:502)
	... 4 more
2019-11-11 04:08:45,993 [main] INFO  impl.RaftServerProxy (RaftServerProxy.java:lambda$close$4(314)) - 9a305e64-7592-4199-ba7e-8c2223e9b548: close
2019-11-11 04:08:45,994 [main] INFO  impl.RaftServerImpl (RaftServerImpl.java:lambda$shutdown$3(250)) - 9a305e64-7592-4199-ba7e-8c2223e9b548@group-A10C889AEEC0: shutdown
2019-11-11 04:08:45,994 [main] INFO  util.JmxRegister (JmxRegister.java:unregister(73)) - Successfully un-registered JMX Bean with object name Ratis:service=RaftServer,group=group-A10C889AEEC0,id=9a305e64-7592-4199-ba7e-8c2223e9b548
2019-11-11 04:08:45,994 [main] INFO  impl.RoleInfo (RoleInfo.java:shutdownFollowerState(121)) - 9a305e64-7592-4199-ba7e-8c2223e9b548: shutdown FollowerState
2019-11-11 04:08:45,995 [main] INFO  impl.StateMachineUpdater (StateMachineUpdater.java:stopAndJoin(136)) - 9a305e64-7592-4199-ba7e-8c2223e9b548@group-A10C889AEEC0-StateMachineUpdater: set stopIndex = 0
2019-11-11 04:08:45,995 [Thread-1186] INFO  impl.FollowerState (FollowerState.java:run(120)) - 9a305e64-7592-4199-ba7e-8c2223e9b548@group-A10C889AEEC0-FollowerState was interrupted: java.lang.InterruptedException: sleep interrupted
2019-11-11 04:08:45,997 [main] INFO  impl.RaftServerImpl (ServerState.java:close(387)) - 9a305e64-7592-4199-ba7e-8c2223e9b548@group-A10C889AEEC0: closes. applyIndex: 0
2019-11-11 04:08:45,998 [9a305e64-7592-4199-ba7e-8c2223e9b548@group-A10C889AEEC0-SegmentedRaftLogWorker] INFO  segmented.SegmentedRaftLogWorker (SegmentedRaftLogWorker.java:run(316)) - 9a305e64-7592-4199-ba7e-8c2223e9b548@group-A10C889AEEC0-SegmentedRaftLogWorker was interrupted, exiting. There are 0 tasks remaining in the queue.
2019-11-11 04:08:45,998 [main] INFO  segmented.SegmentedRaftLogWorker (SegmentedRaftLogWorker.java:close(224)) - 9a305e64-7592-4199-ba7e-8c2223e9b548@group-A10C889AEEC0-SegmentedRaftLogWorker close()
2019-11-11 04:08:45,999 [main] INFO  impl.RaftServerImpl (RaftServerImpl.java:lambda$shutdown$3(250)) - 9a305e64-7592-4199-ba7e-8c2223e9b548@group-D5F2B638C171: shutdown
2019-11-11 04:08:45,999 [main] INFO  util.JmxRegister (JmxRegister.java:unregister(73)) - Successfully un-registered JMX Bean with object name Ratis:service=RaftServer,group=group-D5F2B638C171,id=9a305e64-7592-4199-ba7e-8c2223e9b548
2019-11-11 04:08:46,000 [main] INFO  impl.RoleInfo (RoleInfo.java:shutdownFollowerState(121)) - 9a305e64-7592-4199-ba7e-8c2223e9b548: shutdown FollowerState
2019-11-11 04:08:46,000 [main] INFO  impl.StateMachineUpdater (StateMachineUpdater.java:stopAndJoin(136)) - 9a305e64-7592-4199-ba7e-8c2223e9b548@group-D5F2B638C171-StateMachineUpdater: set stopIndex = 0
2019-11-11 04:08:46,000 [Thread-1182] INFO  impl.FollowerState (FollowerState.java:run(120)) - 9a305e64-7592-4199-ba7e-8c2223e9b548@group-D5F2B638C171-FollowerState was interrupted: java.lang.InterruptedException: sleep interrupted
2019-11-11 04:08:46,001 [main] INFO  impl.RaftServerImpl (ServerState.java:close(387)) - 9a305e64-7592-4199-ba7e-8c2223e9b548@group-D5F2B638C171: closes. applyIndex: 0
2019-11-11 04:08:46,002 [ForkJoinPool.commonPool-worker-0] INFO  ozoneimpl.OzoneContainer (OzoneContainer.java:stop(232)) - Attempting to stop container services.
2019-11-11 04:08:46,002 [9a305e64-7592-4199-ba7e-8c2223e9b548@group-D5F2B638C171-SegmentedRaftLogWorker] INFO  segmented.SegmentedRaftLogWorker (SegmentedRaftLogWorker.java:run(316)) - 9a305e64-7592-4199-ba7e-8c2223e9b548@group-D5F2B638C171-SegmentedRaftLogWorker was interrupted, exiting. There are 0 tasks remaining in the queue.
2019-11-11 04:08:46,002 [ForkJoinPool.commonPool-worker-0] INFO  impl.RaftServerProxy (RaftServerProxy.java:lambda$close$4(314)) - 240762ed-f0e8-4607-981f-40102831b82e: close
2019-11-11 04:08:46,002 [main] INFO  segmented.SegmentedRaftLogWorker (SegmentedRaftLogWorker.java:close(224)) - 9a305e64-7592-4199-ba7e-8c2223e9b548@group-D5F2B638C171-SegmentedRaftLogWorker close()
2019-11-11 04:08:46,002 [ForkJoinPool.commonPool-worker-0] INFO  server.GrpcService (GrpcService.java:closeImpl(164)) - 240762ed-f0e8-4607-981f-40102831b82e: shutdown server with port 43692 now
2019-11-11 04:08:46,003 [main] INFO  impl.RaftServerImpl (RaftServerImpl.java:lambda$shutdown$3(250)) - 9a305e64-7592-4199-ba7e-8c2223e9b548@group-F4D747E15FF8: shutdown
2019-11-11 04:08:46,003 [ForkJoinPool.commonPool-worker-0] INFO  server.GrpcService (GrpcService.java:closeImpl(172)) - 240762ed-f0e8-4607-981f-40102831b82e: shutdown server with port 43692 successfully
2019-11-11 04:08:46,003 [main] INFO  util.JmxRegister (JmxRegister.java:unregister(73)) - Successfully un-registered JMX Bean with object name Ratis:service=RaftServer,group=group-F4D747E15FF8,id=9a305e64-7592-4199-ba7e-8c2223e9b548
2019-11-11 04:08:46,004 [main] INFO  impl.RoleInfo (RoleInfo.java:shutdownLeaderState(104)) - 9a305e64-7592-4199-ba7e-8c2223e9b548: shutdown LeaderState
2019-11-11 04:08:46,006 [org.apache.ratis.server.impl.LogAppender$AppenderDaemon$$Lambda$651/545843685@2cbe3e87] WARN  server.GrpcLogAppender (GrpcLogAppender.java:mayWait(151)) - 9a305e64-7592-4199-ba7e-8c2223e9b548@group-F4D747E15FF8->f4ab3ec0-fcec-4fb2-8953-e521da90d916-GrpcLogAppender: Wait interrupted by java.lang.InterruptedException
2019-11-11 04:08:46,006 [main] INFO  impl.PendingRequests (PendingRequests.java:sendNotLeaderResponses(206)) - 9a305e64-7592-4199-ba7e-8c2223e9b548@group-F4D747E15FF8-PendingRequests: sendNotLeaderResponses
2019-11-11 04:08:46,006 [org.apache.ratis.server.impl.LogAppender$AppenderDaemon$$Lambda$651/545843685@69bcbdd4] WARN  server.GrpcLogAppender (GrpcLogAppender.java:mayWait(151)) - 9a305e64-7592-4199-ba7e-8c2223e9b548@group-F4D747E15FF8->61021d77-0677-40a1-98e7-8ba643935ac0-GrpcLogAppender: Wait interrupted by java.lang.InterruptedException
2019-11-11 04:08:46,006 [refreshUsed-/workdir/hadoop-ozone/integration-test/target/test-dir/MiniOzoneClusterImpl-6985d1c7-7309-41e2-b49d-91e186e08ffa/datanode-1/data/containers] WARN  fs.CachingGetSpaceUsed (CachingGetSpaceUsed.java:run(183)) - Thread Interrupted waiting to refresh disk information: sleep interrupted
2019-11-11 04:08:46,013 [main] INFO  impl.StateMachineUpdater (StateMachineUpdater.java:stopAndJoin(136)) - 9a305e64-7592-4199-ba7e-8c2223e9b548@group-F4D747E15FF8-StateMachineUpdater: set stopIndex = 56
2019-11-11 04:08:46,014 [9a305e64-7592-4199-ba7e-8c2223e9b548@group-F4D747E15FF8-StateMachineUpdater] INFO  ratis.ContainerStateMachine (ContainerStateMachine.java:takeSnapshot(283)) - group-F4D747E15FF8: Taking a snapshot at:(t:1, i:55) file /workdir/hadoop-ozone/integration-test/target/test-dir/MiniOzoneClusterImpl-6985d1c7-7309-41e2-b49d-91e186e08ffa/datanode-7/data/ratis/31ac6f49-abee-419e-8f26-f4d747e15ff8/sm/snapshot.1_55
2019-11-11 04:08:46,028 [9a305e64-7592-4199-ba7e-8c2223e9b548@group-F4D747E15FF8-StateMachineUpdater] INFO  ratis.ContainerStateMachine (ContainerStateMachine.java:takeSnapshot(294)) - group-F4D747E15FF8: Finished taking a snapshot at:(t:1, i:55) file:/workdir/hadoop-ozone/integration-test/target/test-dir/MiniOzoneClusterImpl-6985d1c7-7309-41e2-b49d-91e186e08ffa/datanode-7/data/ratis/31ac6f49-abee-419e-8f26-f4d747e15ff8/sm/snapshot.1_55 time:14
2019-11-11 04:08:46,029 [9a305e64-7592-4199-ba7e-8c2223e9b548@group-F4D747E15FF8-StateMachineUpdater] INFO  impl.StateMachineUpdater (StateMachineUpdater.java:takeSnapshot(269)) - 9a305e64-7592-4199-ba7e-8c2223e9b548@group-F4D747E15FF8-StateMachineUpdater: Took a snapshot at index 55
2019-11-11 04:08:46,029 [9a305e64-7592-4199-ba7e-8c2223e9b548@group-F4D747E15FF8-StateMachineUpdater] INFO  impl.StateMachineUpdater (StateMachineUpdater.java:lambda$new$0(84)) - 9a305e64-7592-4199-ba7e-8c2223e9b548@group-F4D747E15FF8-StateMachineUpdater: snapshotIndex: updateIncreasingly -1 -> 55
2019-11-11 04:08:46,029 [9a305e64-7592-4199-ba7e-8c2223e9b548@group-F4D747E15FF8-StateMachineUpdater] INFO  ratis.ContainerStateMachine (ContainerStateMachine.java:takeSnapshot(283)) - group-F4D747E15FF8: Taking a snapshot at:(t:1, i:55) file /workdir/hadoop-ozone/integration-test/target/test-dir/MiniOzoneClusterImpl-6985d1c7-7309-41e2-b49d-91e186e08ffa/datanode-7/data/ratis/31ac6f49-abee-419e-8f26-f4d747e15ff8/sm/snapshot.1_55
2019-11-11 04:08:46,035 [ForkJoinPool.commonPool-worker-0] INFO  utils.BackgroundService (BackgroundService.java:shutdown(151)) - Shutting down service BlockDeletingService
2019-11-11 04:08:46,037 [ForkJoinPool.commonPool-worker-0] INFO  statemachine.DatanodeStateMachine (DatanodeStateMachine.java:stopDaemon(395)) - Ozone container server stopped.
2019-11-11 04:08:46,040 [ForkJoinPool.commonPool-worker-0] INFO  handler.ContextHandler (ContextHandler.java:doStop(910)) - Stopped o.e.j.w.WebAppContext@4047d2d9{/,null,UNAVAILABLE}{/hddsDatanode}
2019-11-11 04:08:46,041 [ForkJoinPool.commonPool-worker-0] INFO  server.AbstractConnector (AbstractConnector.java:doStop(318)) - Stopped ServerConnector@48d293ee{HTTP/1.1,[http/1.1]}{0.0.0.0:0}
2019-11-11 04:08:46,041 [ForkJoinPool.commonPool-worker-0] INFO  handler.ContextHandler (ContextHandler.java:doStop(910)) - Stopped o.e.j.s.ServletContextHandler@5b9396d3{/static,jar:file:/home/user/.m2/repository/org/apache/hadoop/hadoop-hdds-container-service/0.5.0-SNAPSHOT/hadoop-hdds-container-service-0.5.0-SNAPSHOT.jar!/webapps/static,UNAVAILABLE}
2019-11-11 04:08:46,042 [9a305e64-7592-4199-ba7e-8c2223e9b548@group-F4D747E15FF8-StateMachineUpdater] INFO  ratis.ContainerStateMachine (ContainerStateMachine.java:takeSnapshot(294)) - group-F4D747E15FF8: Finished taking a snapshot at:(t:1, i:55) file:/workdir/hadoop-ozone/integration-test/target/test-dir/MiniOzoneClusterImpl-6985d1c7-7309-41e2-b49d-91e186e08ffa/datanode-7/data/ratis/31ac6f49-abee-419e-8f26-f4d747e15ff8/sm/snapshot.1_55 time:13
2019-11-11 04:08:46,042 [ForkJoinPool.commonPool-worker-0] INFO  handler.ContextHandler (ContextHandler.java:doStop(910)) - Stopped o.e.j.s.ServletContextHandler@1f7076bc{/logs,file:///workdir/hadoop-ozone/integration-test/target/log,UNAVAILABLE}
2019-11-11 04:08:46,042 [9a305e64-7592-4199-ba7e-8c2223e9b548@group-F4D747E15FF8-StateMachineUpdater] INFO  impl.StateMachineUpdater (StateMachineUpdater.java:takeSnapshot(269)) - 9a305e64-7592-4199-ba7e-8c2223e9b548@group-F4D747E15FF8-StateMachineUpdater: Took a snapshot at index 55
2019-11-11 04:08:46,042 [9a305e64-7592-4199-ba7e-8c2223e9b548@group-F4D747E15FF8-StateMachineUpdater] INFO  impl.StateMachineUpdater (StateMachineUpdater.java:lambda$new$0(84)) - 9a305e64-7592-4199-ba7e-8c2223e9b548@group-F4D747E15FF8-StateMachineUpdater: snapshotIndex: updateIncreasingly 55 -> 55
2019-11-11 04:08:46,043 [main] INFO  impl.RaftServerImpl (ServerState.java:close(387)) - 9a305e64-7592-4199-ba7e-8c2223e9b548@group-F4D747E15FF8: closes. applyIndex: 56
2019-11-11 04:08:46,043 [9a305e64-7592-4199-ba7e-8c2223e9b548@group-F4D747E15FF8-SegmentedRaftLogWorker] INFO  segmented.SegmentedRaftLogWorker (SegmentedRaftLogWorker.java:run(316)) - 9a305e64-7592-4199-ba7e-8c2223e9b548@group-F4D747E15FF8-SegmentedRaftLogWorker was interrupted, exiting. There are 0 tasks remaining in the queue.
2019-11-11 04:08:46,044 [main] INFO  segmented.SegmentedRaftLogWorker (SegmentedRaftLogWorker.java:close(224)) - 9a305e64-7592-4199-ba7e-8c2223e9b548@group-F4D747E15FF8-SegmentedRaftLogWorker close()
2019-11-11 04:08:46,044 [main] INFO  server.GrpcService (GrpcService.java:closeImpl(164)) - 9a305e64-7592-4199-ba7e-8c2223e9b548: shutdown server with port 35969 now
2019-11-11 04:08:46,045 [main] INFO  server.GrpcService (GrpcService.java:closeImpl(172)) - 9a305e64-7592-4199-ba7e-8c2223e9b548: shutdown server with port 35969 successfully
2019-11-11 04:08:46,046 [grpc-default-executor-4] WARN  client.GrpcClientProtocolService (LogUtils.java:warn(134)) - 15-UnorderedRequestStreamObserver15: onError: org.apache.ratis.thirdparty.io.grpc.StatusRuntimeException: CANCELLED: cancelled before receiving half close
2019-11-11 04:08:46,050 [refreshUsed-/workdir/hadoop-ozone/integration-test/target/test-dir/MiniOzoneClusterImpl-6985d1c7-7309-41e2-b49d-91e186e08ffa/datanode-7/data/containers] WARN  fs.CachingGetSpaceUsed (CachingGetSpaceUsed.java:run(183)) - Thread Interrupted waiting to refresh disk information: sleep interrupted
2019-11-11 04:08:46,058 [main] INFO  utils.BackgroundService (BackgroundService.java:shutdown(151)) - Shutting down service BlockDeletingService
2019-11-11 04:08:46,060 [main] INFO  statemachine.DatanodeStateMachine (DatanodeStateMachine.java:stopDaemon(395)) - Ozone container server stopped.
2019-11-11 04:08:46,060 [main] INFO  handler.ContextHandler (ContextHandler.java:doStop(910)) - Stopped o.e.j.w.WebAppContext@181d8899{/,null,UNAVAILABLE}{/hddsDatanode}
2019-11-11 04:08:46,061 [main] INFO  server.AbstractConnector (AbstractConnector.java:doStop(318)) - Stopped ServerConnector@12d5c30e{HTTP/1.1,[http/1.1]}{0.0.0.0:0}
2019-11-11 04:08:46,061 [main] INFO  handler.ContextHandler (ContextHandler.java:doStop(910)) - Stopped o.e.j.s.ServletContextHandler@5f481b73{/static,jar:file:/home/user/.m2/repository/org/apache/hadoop/hadoop-hdds-container-service/0.5.0-SNAPSHOT/hadoop-hdds-container-service-0.5.0-SNAPSHOT.jar!/webapps/static,UNAVAILABLE}
2019-11-11 04:08:46,062 [main] INFO  handler.ContextHandler (ContextHandler.java:doStop(910)) - Stopped o.e.j.s.ServletContextHandler@2f5b8250{/logs,file:///workdir/hadoop-ozone/integration-test/target/log,UNAVAILABLE}
2019-11-11 04:08:46,062 [main] INFO  ozone.MiniOzoneClusterImpl (MiniOzoneClusterImpl.java:stopSCM(392)) - Stopping the StorageContainerManager
2019-11-11 04:08:46,062 [main] INFO  server.StorageContainerManager (StorageContainerManager.java:stop(802)) - Stopping Replication Manager Service.
2019-11-11 04:08:46,063 [main] INFO  container.ReplicationManager (ReplicationManager.java:stop(203)) - Stopping Replication Monitor Thread.
2019-11-11 04:08:46,063 [main] INFO  server.StorageContainerManager (StorageContainerManager.java:stop(809)) - Stopping Lease Manager of the command watchers
2019-11-11 04:08:46,063 [main] INFO  server.StorageContainerManager (StorageContainerManager.java:stop(816)) - Stopping datanode service RPC server
2019-11-11 04:08:46,063 [main] INFO  server.SCMDatanodeProtocolServer (SCMDatanodeProtocolServer.java:stop(346)) - Stopping the RPC server for DataNodes
2019-11-11 04:08:46,063 [main] INFO  ipc.Server (Server.java:stop(3082)) - Stopping server on 32797
2019-11-11 04:08:46,064 [IPC Server listener on 32797] INFO  ipc.Server (Server.java:run(1185)) - Stopping IPC Server listener on 32797
2019-11-11 04:08:46,065 [IPC Server Responder] INFO  ipc.Server (Server.java:run(1319)) - Stopping IPC Server Responder
2019-11-11 04:08:46,115 [SCM Heartbeat Processing Thread - 0] WARN  node.NodeStateManager (NodeStateManager.java:scheduleNextHealthCheck(646)) - Current Thread is interrupted, shutting down HB processing thread for Node Manager.
2019-11-11 04:08:46,115 [main] INFO  server.StorageContainerManager (StorageContainerManager.java:stop(824)) - Stopping block service RPC server
2019-11-11 04:08:46,115 [main] INFO  server.SCMBlockProtocolServer (SCMBlockProtocolServer.java:stop(155)) - Stopping the RPC server for Block Protocol
2019-11-11 04:08:46,116 [main] INFO  ipc.Server (Server.java:stop(3082)) - Stopping server on 38115
2019-11-11 04:08:46,117 [IPC Server listener on 38115] INFO  ipc.Server (Server.java:run(1185)) - Stopping IPC Server listener on 38115
2019-11-11 04:08:46,117 [main] INFO  server.StorageContainerManager (StorageContainerManager.java:stop(831)) - Stopping the StorageContainerLocationProtocol RPC server
2019-11-11 04:08:46,117 [IPC Server Responder] INFO  ipc.Server (Server.java:run(1319)) - Stopping IPC Server Responder
2019-11-11 04:08:46,118 [main] INFO  server.SCMClientProtocolServer (SCMClientProtocolServer.java:stop(168)) - Stopping the RPC server for Client Protocol
2019-11-11 04:08:46,118 [main] INFO  ipc.Server (Server.java:stop(3082)) - Stopping server on 33132
2019-11-11 04:08:46,119 [IPC Server listener on 33132] INFO  ipc.Server (Server.java:run(1185)) - Stopping IPC Server listener on 33132
2019-11-11 04:08:46,119 [main] INFO  server.StorageContainerManager (StorageContainerManager.java:stop(838)) - Stopping Storage Container Manager HTTP server.
2019-11-11 04:08:46,120 [IPC Server Responder] INFO  ipc.Server (Server.java:run(1319)) - Stopping IPC Server Responder
2019-11-11 04:08:46,121 [main] INFO  handler.ContextHandler (ContextHandler.java:doStop(910)) - Stopped o.e.j.w.WebAppContext@64f857e7{/,null,UNAVAILABLE}{/scm}
2019-11-11 04:08:46,121 [main] INFO  server.AbstractConnector (AbstractConnector.java:doStop(318)) - Stopped ServerConnector@617fe9e1{HTTP/1.1,[http/1.1]}{0.0.0.0:0}
2019-11-11 04:08:46,121 [main] INFO  handler.ContextHandler (ContextHandler.java:doStop(910)) - Stopped o.e.j.s.ServletContextHandler@44040454{/static,file:///workdir/hadoop-ozone/integration-test/target/test-classes/webapps/static,UNAVAILABLE}
2019-11-11 04:08:46,121 [main] INFO  handler.ContextHandler (ContextHandler.java:doStop(910)) - Stopped o.e.j.s.ServletContextHandler@4c550889{/logs,file:///workdir/hadoop-ozone/integration-test/target/log,UNAVAILABLE}
2019-11-11 04:08:46,122 [main] INFO  server.StorageContainerManager (StorageContainerManager.java:stop(849)) - Stopping Block Manager Service.
2019-11-11 04:08:46,122 [main] INFO  utils.BackgroundService (BackgroundService.java:shutdown(151)) - Shutting down service SCMBlockDeletingService
2019-11-11 04:08:46,123 [main] INFO  utils.BackgroundService (BackgroundService.java:shutdown(151)) - Shutting down service SCMBlockDeletingService
2019-11-11 04:08:46,123 [main] INFO  server.StorageContainerManager (StorageContainerManager.java:stop(871)) - Stopping SCM Event Queue.
2019-11-11 04:08:46,129 [main] INFO  impl.MetricsSystemImpl (MetricsSystemImpl.java:stop(210)) - Stopping XceiverClientMetrics metrics system...
2019-11-11 04:08:46,133 [prometheus] INFO  impl.MetricsSinkAdapter (MetricsSinkAdapter.java:publishMetricsFromQueue(141)) - prometheus thread interrupted.
2019-11-11 04:08:46,133 [main] INFO  impl.MetricsSystemImpl (MetricsSystemImpl.java:stop(216)) - XceiverClientMetrics metrics system stopped.
]]></system-out>
    <system-err><![CDATA[ERROR StatusLogger No Log4j 2 configuration file found. Using default configuration (logging only errors to the console), or user programmatically provided configurations. Set system property 'log4j2.debug' to show Log4j 2 internal initialization logging. See https://logging.apache.org/log4j/2.x/manual/configuration.html for instructions on how to configure Log4j 2
Nov 11, 2019 4:06:30 AM org.apache.ratis.thirdparty.io.grpc.internal.SerializingExecutor run
SEVERE: Exception while executing runnable org.apache.ratis.thirdparty.io.grpc.internal.ServerImpl$JumpToApplicationThreadServerStreamListener$1Closed@5f1380e1
org.apache.ratis.thirdparty.io.grpc.StatusRuntimeException: CANCELLED: call already cancelled
	at org.apache.ratis.thirdparty.io.grpc.Status.asRuntimeException(Status.java:517)
	at org.apache.ratis.thirdparty.io.grpc.stub.ServerCalls$ServerCallStreamObserverImpl.onCompleted(ServerCalls.java:356)
	at org.apache.ratis.grpc.server.GrpcServerProtocolService$ServerRequestStreamObserver.onError(GrpcServerProtocolService.java:121)
	at org.apache.ratis.thirdparty.io.grpc.stub.ServerCalls$StreamingServerCallHandler$StreamingServerCallListener.onCancel(ServerCalls.java:269)
	at org.apache.ratis.thirdparty.io.grpc.internal.ServerCallImpl$ServerStreamListenerImpl.closed(ServerCallImpl.java:293)
	at org.apache.ratis.thirdparty.io.grpc.internal.ServerImpl$JumpToApplicationThreadServerStreamListener$1Closed.runInContext(ServerImpl.java:741)
	at org.apache.ratis.thirdparty.io.grpc.internal.ContextRunnable.run(ContextRunnable.java:37)
	at org.apache.ratis.thirdparty.io.grpc.internal.SerializingExecutor.run(SerializingExecutor.java:123)
	at java.util.concurrent.ThreadPoolExecutor.runWorker(ThreadPoolExecutor.java:1149)
	at java.util.concurrent.ThreadPoolExecutor$Worker.run(ThreadPoolExecutor.java:624)
	at java.lang.Thread.run(Thread.java:748)

Nov 11, 2019 4:06:30 AM org.apache.ratis.thirdparty.io.grpc.internal.SerializingExecutor run
SEVERE: Exception while executing runnable org.apache.ratis.thirdparty.io.grpc.internal.ServerImpl$JumpToApplicationThreadServerStreamListener$1Closed@7cb9bc56
org.apache.ratis.thirdparty.io.grpc.StatusRuntimeException: CANCELLED: call already cancelled
	at org.apache.ratis.thirdparty.io.grpc.Status.asRuntimeException(Status.java:517)
	at org.apache.ratis.thirdparty.io.grpc.stub.ServerCalls$ServerCallStreamObserverImpl.onCompleted(ServerCalls.java:356)
	at org.apache.ratis.grpc.server.GrpcServerProtocolService$ServerRequestStreamObserver.onError(GrpcServerProtocolService.java:121)
	at org.apache.ratis.thirdparty.io.grpc.stub.ServerCalls$StreamingServerCallHandler$StreamingServerCallListener.onCancel(ServerCalls.java:269)
	at org.apache.ratis.thirdparty.io.grpc.internal.ServerCallImpl$ServerStreamListenerImpl.closed(ServerCallImpl.java:293)
	at org.apache.ratis.thirdparty.io.grpc.internal.ServerImpl$JumpToApplicationThreadServerStreamListener$1Closed.runInContext(ServerImpl.java:741)
	at org.apache.ratis.thirdparty.io.grpc.internal.ContextRunnable.run(ContextRunnable.java:37)
	at org.apache.ratis.thirdparty.io.grpc.internal.SerializingExecutor.run(SerializingExecutor.java:123)
	at java.util.concurrent.ThreadPoolExecutor.runWorker(ThreadPoolExecutor.java:1149)
	at java.util.concurrent.ThreadPoolExecutor$Worker.run(ThreadPoolExecutor.java:624)
	at java.lang.Thread.run(Thread.java:748)

Nov 11, 2019 4:07:09 AM org.apache.ratis.thirdparty.io.grpc.internal.SerializingExecutor run
SEVERE: Exception while executing runnable org.apache.ratis.thirdparty.io.grpc.internal.ServerImpl$JumpToApplicationThreadServerStreamListener$1Closed@7cbf7354
org.apache.ratis.thirdparty.io.grpc.StatusRuntimeException: CANCELLED: call already cancelled
	at org.apache.ratis.thirdparty.io.grpc.Status.asRuntimeException(Status.java:517)
	at org.apache.ratis.thirdparty.io.grpc.stub.ServerCalls$ServerCallStreamObserverImpl.onCompleted(ServerCalls.java:356)
	at org.apache.ratis.grpc.server.GrpcServerProtocolService$ServerRequestStreamObserver.onError(GrpcServerProtocolService.java:121)
	at org.apache.ratis.thirdparty.io.grpc.stub.ServerCalls$StreamingServerCallHandler$StreamingServerCallListener.onCancel(ServerCalls.java:269)
	at org.apache.ratis.thirdparty.io.grpc.internal.ServerCallImpl$ServerStreamListenerImpl.closed(ServerCallImpl.java:293)
	at org.apache.ratis.thirdparty.io.grpc.internal.ServerImpl$JumpToApplicationThreadServerStreamListener$1Closed.runInContext(ServerImpl.java:741)
	at org.apache.ratis.thirdparty.io.grpc.internal.ContextRunnable.run(ContextRunnable.java:37)
	at org.apache.ratis.thirdparty.io.grpc.internal.SerializingExecutor.run(SerializingExecutor.java:123)
	at java.util.concurrent.ThreadPoolExecutor.runWorker(ThreadPoolExecutor.java:1149)
	at java.util.concurrent.ThreadPoolExecutor$Worker.run(ThreadPoolExecutor.java:624)
	at java.lang.Thread.run(Thread.java:748)

]]></system-err>
  </testcase>
  <testcase name="testMultiBlockWritesWithDnFailures" classname="org.apache.hadoop.ozone.client.rpc.TestMultiBlockWritesWithDnFailures" time="69.851"/>
</testsuite>