<?xml version="1.0" encoding="UTF-8"?>
<testsuite xmlns:xsi="http://www.w3.org/2001/XMLSchema-instance" xsi:noNamespaceSchemaLocation="https://maven.apache.org/surefire/maven-surefire-plugin/xsd/surefire-test-report.xsd" name="org.apache.hadoop.ozone.client.rpc.TestDeleteWithSlowFollower" time="132.967" tests="1" errors="0" skipped="0" failures="1">
  <properties>
    <property name="awt.toolkit" value="sun.awt.X11.XToolkit"/>
    <property name="file.encoding.pkg" value="sun.io"/>
    <property name="java.specification.version" value="1.8"/>
    <property name="sun.cpu.isalist" value=""/>
    <property name="sun.jnu.encoding" value="ANSI_X3.4-1968"/>
    <property name="java.class.path" value="/workdir/hadoop-ozone/integration-test/target/test-classes:/workdir/hadoop-ozone/integration-test/target/classes:/home/user/.m2/repository/org/apache/hadoop/hadoop-ozone-common/0.5.0-SNAPSHOT/hadoop-ozone-common-0.5.0-SNAPSHOT.jar:/home/user/.m2/repository/org/apache/commons/commons-compress/1.4.1/commons-compress-1.4.1.jar:/home/user/.m2/repository/org/tukaani/xz/1.0/xz-1.0.jar:/home/user/.m2/repository/org/apache/hadoop/hadoop-common/3.2.0/hadoop-common-3.2.0.jar:/home/user/.m2/repository/org/apache/hadoop/hadoop-hdfs/3.2.0/hadoop-hdfs-3.2.0.jar:/home/user/.m2/repository/org/apache/hadoop/hadoop-hdfs-client/3.2.0/hadoop-hdfs-client-3.2.0.jar:/home/user/.m2/repository/com/fasterxml/jackson/core/jackson-annotations/2.9.9/jackson-annotations-2.9.9.jar:/home/user/.m2/repository/org/apache/hadoop/hadoop-hdds-common/0.5.0-SNAPSHOT/hadoop-hdds-common-0.5.0-SNAPSHOT.jar:/home/user/.m2/repository/javax/annotation/javax.annotation-api/1.2/javax.annotation-api-1.2.jar:/home/user/.m2/repository/org/apache/ratis/ratis-server/0.5.0-3f446aa-SNAPSHOT/ratis-server-0.5.0-3f446aa-SNAPSHOT.jar:/home/user/.m2/repository/org/apache/ratis/ratis-thirdparty-misc/0.2.0/ratis-thirdparty-misc-0.2.0.jar:/home/user/.m2/repository/org/apache/ratis/ratis-proto/0.5.0-3f446aa-SNAPSHOT/ratis-proto-0.5.0-3f446aa-SNAPSHOT.jar:/home/user/.m2/repository/org/apache/ratis/ratis-common/0.5.0-3f446aa-SNAPSHOT/ratis-common-0.5.0-3f446aa-SNAPSHOT.jar:/home/user/.m2/repository/org/apache/ratis/ratis-client/0.5.0-3f446aa-SNAPSHOT/ratis-client-0.5.0-3f446aa-SNAPSHOT.jar:/home/user/.m2/repository/org/apache/ratis/ratis-metrics/0.5.0-3f446aa-SNAPSHOT/ratis-metrics-0.5.0-3f446aa-SNAPSHOT.jar:/home/user/.m2/repository/com/github/joshelser/dropwizard-metrics-hadoop-metrics2-reporter/0.1.2/dropwizard-metrics-hadoop-metrics2-reporter-0.1.2.jar:/home/user/.m2/repository/io/dropwizard/metrics/metrics-jvm/3.2.5/metrics-jvm-3.2.5.jar:/home/user/.m2/repository/io/dropwizard/metrics/metrics-ganglia/3.2.5/metrics-ganglia-3.2.5.jar:/home/user/.m2/repository/info/ganglia/gmetric4j/gmetric4j/1.0.7/gmetric4j-1.0.7.jar:/home/user/.m2/repository/org/apache/ratis/ratis-netty/0.5.0-3f446aa-SNAPSHOT/ratis-netty-0.5.0-3f446aa-SNAPSHOT.jar:/home/user/.m2/repository/org/apache/ratis/ratis-grpc/0.5.0-3f446aa-SNAPSHOT/ratis-grpc-0.5.0-3f446aa-SNAPSHOT.jar:/home/user/.m2/repository/org/rocksdb/rocksdbjni/6.0.1/rocksdbjni-6.0.1.jar:/home/user/.m2/repository/org/apache/logging/log4j/log4j-api/2.11.0/log4j-api-2.11.0.jar:/home/user/.m2/repository/org/apache/logging/log4j/log4j-core/2.11.0/log4j-core-2.11.0.jar:/home/user/.m2/repository/com/lmax/disruptor/3.4.2/disruptor-3.4.2.jar:/home/user/.m2/repository/org/apache/commons/commons-pool2/2.6.0/commons-pool2-2.6.0.jar:/home/user/.m2/repository/org/bouncycastle/bcpkix-jdk15on/1.60/bcpkix-jdk15on-1.60.jar:/home/user/.m2/repository/commons-validator/commons-validator/1.6/commons-validator-1.6.jar:/home/user/.m2/repository/commons-digester/commons-digester/1.8.1/commons-digester-1.8.1.jar:/home/user/.m2/repository/io/jaegertracing/jaeger-client/0.34.0/jaeger-client-0.34.0.jar:/home/user/.m2/repository/io/jaegertracing/jaeger-thrift/0.34.0/jaeger-thrift-0.34.0.jar:/home/user/.m2/repository/org/apache/thrift/libthrift/0.12.0/libthrift-0.12.0.jar:/home/user/.m2/repository/com/squareup/okhttp3/okhttp/3.9.0/okhttp-3.9.0.jar:/home/user/.m2/repository/com/squareup/okio/okio/1.13.0/okio-1.13.0.jar:/home/user/.m2/repository/io/jaegertracing/jaeger-core/0.34.0/jaeger-core-0.34.0.jar:/home/user/.m2/repository/io/jaegertracing/jaeger-tracerresolver/0.34.0/jaeger-tracerresolver-0.34.0.jar:/home/user/.m2/repository/io/opentracing/contrib/opentracing-tracerresolver/0.1.5/opentracing-tracerresolver-0.1.5.jar:/home/user/.m2/repository/io/opentracing/opentracing-util/0.31.0/opentracing-util-0.31.0.jar:/home/user/.m2/repository/io/opentracing/opentracing-api/0.31.0/opentracing-api-0.31.0.jar:/home/user/.m2/repository/io/opentracing/opentracing-noop/0.31.0/opentracing-noop-0.31.0.jar:/home/user/.m2/repository/org/apache/hadoop/hadoop-hdds-server-framework/0.5.0-SNAPSHOT/hadoop-hdds-server-framework-0.5.0-SNAPSHOT.jar:/home/user/.m2/repository/org/apache/hadoop/hadoop-hdds-container-service/0.5.0-SNAPSHOT/hadoop-hdds-container-service-0.5.0-SNAPSHOT.jar:/home/user/.m2/repository/org/apache/hadoop/hadoop-hdds-client/0.5.0-SNAPSHOT/hadoop-hdds-client-0.5.0-SNAPSHOT.jar:/home/user/.m2/repository/org/apache/hadoop/hadoop-hdds-tools/0.5.0-SNAPSHOT/hadoop-hdds-tools-0.5.0-SNAPSHOT.jar:/home/user/.m2/repository/org/apache/hadoop/hadoop-hdds-server-scm/0.5.0-SNAPSHOT/hadoop-hdds-server-scm-0.5.0-SNAPSHOT.jar:/home/user/.m2/repository/org/apache/hadoop/hadoop-hdds-docs/0.5.0-SNAPSHOT/hadoop-hdds-docs-0.5.0-SNAPSHOT.jar:/home/user/.m2/repository/io/dropwizard/metrics/metrics-core/3.2.4/metrics-core-3.2.4.jar:/home/user/.m2/repository/org/hamcrest/hamcrest-all/1.3/hamcrest-all-1.3.jar:/home/user/.m2/repository/org/bouncycastle/bcprov-jdk15on/1.60/bcprov-jdk15on-1.60.jar:/home/user/.m2/repository/info/picocli/picocli/3.9.6/picocli-3.9.6.jar:/home/user/.m2/repository/com/google/protobuf/protobuf-java/2.5.0/protobuf-java-2.5.0.jar:/home/user/.m2/repository/com/google/guava/guava/11.0.2/guava-11.0.2.jar:/home/user/.m2/repository/org/apache/hadoop/hadoop-ozone-ozone-manager/0.5.0-SNAPSHOT/hadoop-ozone-ozone-manager-0.5.0-SNAPSHOT.jar:/home/user/.m2/repository/org/apache/hadoop/hadoop-minikdc/3.2.0/hadoop-minikdc-3.2.0.jar:/home/user/.m2/repository/commons-io/commons-io/2.5/commons-io-2.5.jar:/home/user/.m2/repository/org/apache/kerby/kerb-simplekdc/1.0.1/kerb-simplekdc-1.0.1.jar:/home/user/.m2/repository/org/apache/kerby/kerb-client/1.0.1/kerb-client-1.0.1.jar:/home/user/.m2/repository/org/apache/kerby/kerby-config/1.0.1/kerby-config-1.0.1.jar:/home/user/.m2/repository/org/apache/kerby/kerb-core/1.0.1/kerb-core-1.0.1.jar:/home/user/.m2/repository/org/apache/kerby/kerby-pkix/1.0.1/kerby-pkix-1.0.1.jar:/home/user/.m2/repository/org/apache/kerby/kerby-asn1/1.0.1/kerby-asn1-1.0.1.jar:/home/user/.m2/repository/org/apache/kerby/kerby-util/1.0.1/kerby-util-1.0.1.jar:/home/user/.m2/repository/org/apache/kerby/kerb-common/1.0.1/kerb-common-1.0.1.jar:/home/user/.m2/repository/org/apache/kerby/kerb-crypto/1.0.1/kerb-crypto-1.0.1.jar:/home/user/.m2/repository/org/apache/kerby/kerb-util/1.0.1/kerb-util-1.0.1.jar:/home/user/.m2/repository/org/apache/kerby/token-provider/1.0.1/token-provider-1.0.1.jar:/home/user/.m2/repository/org/apache/kerby/kerb-admin/1.0.1/kerb-admin-1.0.1.jar:/home/user/.m2/repository/org/apache/kerby/kerb-server/1.0.1/kerb-server-1.0.1.jar:/home/user/.m2/repository/org/apache/kerby/kerb-identity/1.0.1/kerb-identity-1.0.1.jar:/home/user/.m2/repository/org/apache/kerby/kerby-xdr/1.0.1/kerby-xdr-1.0.1.jar:/home/user/.m2/repository/org/slf4j/slf4j-log4j12/1.7.25/slf4j-log4j12-1.7.25.jar:/home/user/.m2/repository/org/apache/hadoop/hadoop-ozone-s3gateway/0.5.0-SNAPSHOT/hadoop-ozone-s3gateway-0.5.0-SNAPSHOT.jar:/home/user/.m2/repository/org/jboss/weld/servlet/weld-servlet/2.4.7.Final/weld-servlet-2.4.7.Final.jar:/home/user/.m2/repository/org/glassfish/jersey/containers/jersey-container-servlet-core/2.27/jersey-container-servlet-core-2.27.jar:/home/user/.m2/repository/org/glassfish/hk2/external/javax.inject/2.5.0-b42/javax.inject-2.5.0-b42.jar:/home/user/.m2/repository/org/glassfish/jersey/core/jersey-common/2.27/jersey-common-2.27.jar:/home/user/.m2/repository/org/glassfish/hk2/osgi-resource-locator/1.0.1/osgi-resource-locator-1.0.1.jar:/home/user/.m2/repository/javax/ws/rs/javax.ws.rs-api/2.1/javax.ws.rs-api-2.1.jar:/home/user/.m2/repository/org/glassfish/jersey/ext/cdi/jersey-cdi1x/2.27/jersey-cdi1x-2.27.jar:/home/user/.m2/repository/org/glassfish/jersey/inject/jersey-hk2/2.27/jersey-hk2-2.27.jar:/home/user/.m2/repository/org/glassfish/hk2/hk2-locator/2.5.0-b42/hk2-locator-2.5.0-b42.jar:/home/user/.m2/repository/org/javassist/javassist/3.22.0-CR2/javassist-3.22.0-CR2.jar:/home/user/.m2/repository/org/glassfish/hk2/hk2-api/2.5.0/hk2-api-2.5.0.jar:/home/user/.m2/repository/org/glassfish/hk2/external/jakarta.inject/2.5.0/jakarta.inject-2.5.0.jar:/home/user/.m2/repository/org/glassfish/hk2/hk2-utils/2.5.0/hk2-utils-2.5.0.jar:/home/user/.m2/repository/jakarta/annotation/jakarta.annotation-api/1.3.4/jakarta.annotation-api-1.3.4.jar:/home/user/.m2/repository/org/glassfish/hk2/external/aopalliance-repackaged/2.5.0/aopalliance-repackaged-2.5.0.jar:/home/user/.m2/repository/com/fasterxml/jackson/dataformat/jackson-dataformat-xml/2.9.0/jackson-dataformat-xml-2.9.0.jar:/home/user/.m2/repository/com/fasterxml/jackson/core/jackson-core/2.9.9/jackson-core-2.9.9.jar:/home/user/.m2/repository/com/fasterxml/jackson/module/jackson-module-jaxb-annotations/2.9.9/jackson-module-jaxb-annotations-2.9.9.jar:/home/user/.m2/repository/javax/enterprise/cdi-api/1.2/cdi-api-1.2.jar:/home/user/.m2/repository/javax/el/javax.el-api/3.0.0/javax.el-api-3.0.0.jar:/home/user/.m2/repository/javax/interceptor/javax.interceptor-api/1.2/javax.interceptor-api-1.2.jar:/home/user/.m2/repository/javax/inject/javax.inject/1/javax.inject-1.jar:/home/user/.m2/repository/com/sun/xml/bind/jaxb-impl/2.3.0.1/jaxb-impl-2.3.0.1.jar:/home/user/.m2/repository/com/sun/xml/bind/jaxb-core/2.3.0.1/jaxb-core-2.3.0.1.jar:/home/user/.m2/repository/javax/xml/bind/jaxb-api/2.3.0/jaxb-api-2.3.0.jar:/home/user/.m2/repository/javax/activation/activation/1.1.1/activation-1.1.1.jar:/home/user/.m2/repository/org/apache/hadoop/hadoop-ozone-csi/0.5.0-SNAPSHOT/hadoop-ozone-csi-0.5.0-SNAPSHOT.jar:/home/user/.m2/repository/com/google/protobuf/protobuf-java-util/3.5.1/protobuf-java-util-3.5.1.jar:/home/user/.m2/repository/org/apache/hadoop/hadoop-hdds-config/0.5.0-SNAPSHOT/hadoop-hdds-config-0.5.0-SNAPSHOT.jar:/home/user/.m2/repository/io/grpc/grpc-netty/1.17.1/grpc-netty-1.17.1.jar:/home/user/.m2/repository/io/grpc/grpc-core/1.17.1/grpc-core-1.17.1.jar:/home/user/.m2/repository/io/grpc/grpc-context/1.17.1/grpc-context-1.17.1.jar:/home/user/.m2/repository/com/google/errorprone/error_prone_annotations/2.2.0/error_prone_annotations-2.2.0.jar:/home/user/.m2/repository/org/codehaus/mojo/animal-sniffer-annotations/1.17/animal-sniffer-annotations-1.17.jar:/home/user/.m2/repository/io/opencensus/opencensus-api/0.17.0/opencensus-api-0.17.0.jar:/home/user/.m2/repository/io/opencensus/opencensus-contrib-grpc-metrics/0.17.0/opencensus-contrib-grpc-metrics-0.17.0.jar:/home/user/.m2/repository/io/netty/netty-codec-http2/4.1.30.Final/netty-codec-http2-4.1.30.Final.jar:/home/user/.m2/repository/io/netty/netty-codec-http/4.1.30.Final/netty-codec-http-4.1.30.Final.jar:/home/user/.m2/repository/io/netty/netty-codec/4.1.30.Final/netty-codec-4.1.30.Final.jar:/home/user/.m2/repository/io/netty/netty-handler/4.1.30.Final/netty-handler-4.1.30.Final.jar:/home/user/.m2/repository/io/netty/netty-handler-proxy/4.1.30.Final/netty-handler-proxy-4.1.30.Final.jar:/home/user/.m2/repository/io/netty/netty-codec-socks/4.1.30.Final/netty-codec-socks-4.1.30.Final.jar:/home/user/.m2/repository/io/netty/netty-transport-native-epoll/4.1.30.Final/netty-transport-native-epoll-4.1.30.Final.jar:/home/user/.m2/repository/io/netty/netty-common/4.1.30.Final/netty-common-4.1.30.Final.jar:/home/user/.m2/repository/io/netty/netty-buffer/4.1.30.Final/netty-buffer-4.1.30.Final.jar:/home/user/.m2/repository/io/netty/netty-transport/4.1.30.Final/netty-transport-4.1.30.Final.jar:/home/user/.m2/repository/io/netty/netty-resolver/4.1.30.Final/netty-resolver-4.1.30.Final.jar:/home/user/.m2/repository/io/netty/netty-transport-native-unix-common/4.1.30.Final/netty-transport-native-unix-common-4.1.30.Final.jar:/home/user/.m2/repository/io/grpc/grpc-protobuf/1.17.1/grpc-protobuf-1.17.1.jar:/home/user/.m2/repository/com/google/api/grpc/proto-google-common-protos/1.0.0/proto-google-common-protos-1.0.0.jar:/home/user/.m2/repository/io/grpc/grpc-protobuf-lite/1.17.1/grpc-protobuf-lite-1.17.1.jar:/home/user/.m2/repository/io/grpc/grpc-stub/1.17.1/grpc-stub-1.17.1.jar:/home/user/.m2/repository/org/apache/hadoop/hadoop-ozone-recon/0.5.0-SNAPSHOT/hadoop-ozone-recon-0.5.0-SNAPSHOT.jar:/home/user/.m2/repository/org/apache/hadoop/hadoop-ozone-reconcodegen/0.5.0-SNAPSHOT/hadoop-ozone-reconcodegen-0.5.0-SNAPSHOT.jar:/home/user/.m2/repository/com/google/inject/extensions/guice-multibindings/4.0/guice-multibindings-4.0.jar:/home/user/.m2/repository/com/google/inject/guice/4.0/guice-4.0.jar:/home/user/.m2/repository/aopalliance/aopalliance/1.0/aopalliance-1.0.jar:/home/user/.m2/repository/com/google/inject/extensions/guice-servlet/4.0/guice-servlet-4.0.jar:/home/user/.m2/repository/org/glassfish/jersey/containers/jersey-container-servlet/2.27/jersey-container-servlet-2.27.jar:/home/user/.m2/repository/org/glassfish/hk2/guice-bridge/2.5.0/guice-bridge-2.5.0.jar:/home/user/.m2/repository/org/glassfish/jersey/core/jersey-server/2.27/jersey-server-2.27.jar:/home/user/.m2/repository/org/glassfish/jersey/core/jersey-client/2.27/jersey-client-2.27.jar:/home/user/.m2/repository/org/glassfish/jersey/media/jersey-media-jaxb/2.27/jersey-media-jaxb-2.27.jar:/home/user/.m2/repository/javax/validation/validation-api/1.1.0.Final/validation-api-1.1.0.Final.jar:/home/user/.m2/repository/org/glassfish/jersey/media/jersey-media-json-jackson/2.27/jersey-media-json-jackson-2.27.jar:/home/user/.m2/repository/org/glassfish/jersey/ext/jersey-entity-filtering/2.27/jersey-entity-filtering-2.27.jar:/home/user/.m2/repository/com/google/inject/extensions/guice-assistedinject/4.0/guice-assistedinject-4.0.jar:/home/user/.m2/repository/org/jooq/jooq/3.11.10/jooq-3.11.10.jar:/home/user/.m2/repository/org/jooq/jooq-meta/3.11.10/jooq-meta-3.11.10.jar:/home/user/.m2/repository/org/jooq/jooq-codegen/3.11.10/jooq-codegen-3.11.10.jar:/home/user/.m2/repository/com/jolbox/bonecp/0.8.0.RELEASE/bonecp-0.8.0.RELEASE.jar:/home/user/.m2/repository/org/xerial/sqlite-jdbc/3.25.2/sqlite-jdbc-3.25.2.jar:/home/user/.m2/repository/org/springframework/spring-jdbc/5.1.3.RELEASE/spring-jdbc-5.1.3.RELEASE.jar:/home/user/.m2/repository/org/springframework/spring-beans/5.1.3.RELEASE/spring-beans-5.1.3.RELEASE.jar:/home/user/.m2/repository/org/springframework/spring-core/5.1.3.RELEASE/spring-core-5.1.3.RELEASE.jar:/home/user/.m2/repository/org/springframework/spring-jcl/5.1.3.RELEASE/spring-jcl-5.1.3.RELEASE.jar:/home/user/.m2/repository/org/springframework/spring-tx/5.1.3.RELEASE/spring-tx-5.1.3.RELEASE.jar:/home/user/.m2/repository/org/apache/hadoop/hadoop-ozone-client/0.5.0-SNAPSHOT/hadoop-ozone-client-0.5.0-SNAPSHOT.jar:/home/user/.m2/repository/commons-lang/commons-lang/2.6/commons-lang-2.6.jar:/home/user/.m2/repository/org/apache/hadoop/hadoop-ozone-ozone-manager/0.5.0-SNAPSHOT/hadoop-ozone-ozone-manager-0.5.0-SNAPSHOT-tests.jar:/home/user/.m2/repository/junit/junit/4.11/junit-4.11.jar:/home/user/.m2/repository/org/hamcrest/hamcrest-core/1.3/hamcrest-core-1.3.jar:/home/user/.m2/repository/org/openjdk/jmh/jmh-core/1.19/jmh-core-1.19.jar:/home/user/.m2/repository/net/sf/jopt-simple/jopt-simple/4.6/jopt-simple-4.6.jar:/home/user/.m2/repository/org/apache/commons/commons-math3/3.1.1/commons-math3-3.1.1.jar:/home/user/.m2/repository/org/openjdk/jmh/jmh-generator-annprocess/1.19/jmh-generator-annprocess-1.19.jar:/home/user/.m2/repository/org/mockito/mockito-all/1.8.5/mockito-all-1.8.5.jar:/home/user/.m2/repository/org/apache/hadoop/hadoop-kms/3.2.0/hadoop-kms-3.2.0.jar:/home/user/.m2/repository/org/apache/hadoop/hadoop-auth/3.2.0/hadoop-auth-3.2.0.jar:/home/user/.m2/repository/com/nimbusds/nimbus-jose-jwt/4.41.1/nimbus-jose-jwt-4.41.1.jar:/home/user/.m2/repository/com/github/stephenc/jcip/jcip-annotations/1.0-1/jcip-annotations-1.0-1.jar:/home/user/.m2/repository/net/minidev/json-smart/2.3/json-smart-2.3.jar:/home/user/.m2/repository/net/minidev/accessors-smart/1.2/accessors-smart-1.2.jar:/home/user/.m2/repository/org/ow2/asm/asm/5.0.4/asm-5.0.4.jar:/home/user/.m2/repository/org/apache/curator/curator-framework/2.12.0/curator-framework-2.12.0.jar:/home/user/.m2/repository/com/sun/jersey/jersey-core/1.19/jersey-core-1.19.jar:/home/user/.m2/repository/javax/ws/rs/jsr311-api/1.1.1/jsr311-api-1.1.1.jar:/home/user/.m2/repository/com/sun/jersey/jersey-server/1.19/jersey-server-1.19.jar:/home/user/.m2/repository/javax/servlet/javax.servlet-api/3.1.0/javax.servlet-api-3.1.0.jar:/home/user/.m2/repository/org/eclipse/jetty/jetty-server/9.3.25.v20180904/jetty-server-9.3.25.v20180904.jar:/home/user/.m2/repository/org/eclipse/jetty/jetty-http/9.3.25.v20180904/jetty-http-9.3.25.v20180904.jar:/home/user/.m2/repository/org/eclipse/jetty/jetty-io/9.3.25.v20180904/jetty-io-9.3.25.v20180904.jar:/home/user/.m2/repository/org/eclipse/jetty/jetty-webapp/9.3.25.v20180904/jetty-webapp-9.3.25.v20180904.jar:/home/user/.m2/repository/org/eclipse/jetty/jetty-xml/9.3.25.v20180904/jetty-xml-9.3.25.v20180904.jar:/home/user/.m2/repository/log4j/log4j/1.2.17/log4j-1.2.17.jar:/home/user/.m2/repository/org/slf4j/slf4j-api/1.7.25/slf4j-api-1.7.25.jar:/home/user/.m2/repository/org/slf4j/jul-to-slf4j/1.7.25/jul-to-slf4j-1.7.25.jar:/home/user/.m2/repository/org/eclipse/jetty/jetty-util/9.3.25.v20180904/jetty-util-9.3.25.v20180904.jar:/home/user/.m2/repository/com/fasterxml/jackson/core/jackson-databind/2.9.9/jackson-databind-2.9.9.jar:/home/user/.m2/repository/org/apache/hadoop/hadoop-kms/3.2.0/hadoop-kms-3.2.0-tests.jar:/home/user/.m2/repository/org/apache/hadoop/hadoop-hdds-server-scm/0.5.0-SNAPSHOT/hadoop-hdds-server-scm-0.5.0-SNAPSHOT-tests.jar:/home/user/.m2/repository/org/apache/hadoop/hadoop-hdds-container-service/0.5.0-SNAPSHOT/hadoop-hdds-container-service-0.5.0-SNAPSHOT-tests.jar:/home/user/.m2/repository/org/yaml/snakeyaml/1.16/snakeyaml-1.16.jar:/home/user/.m2/repository/org/apache/hadoop/hadoop-common/3.2.0/hadoop-common-3.2.0-tests.jar:/home/user/.m2/repository/org/apache/hadoop/hadoop-annotations/3.2.0/hadoop-annotations-3.2.0.jar:/usr/lib/jvm/java-1.8.0-openjdk-1.8.0.222.b10-1.el7_7.x86_64/jre/../lib/tools.jar:/home/user/.m2/repository/commons-cli/commons-cli/1.2/commons-cli-1.2.jar:/home/user/.m2/repository/org/apache/httpcomponents/httpclient/4.5.2/httpclient-4.5.2.jar:/home/user/.m2/repository/org/apache/httpcomponents/httpcore/4.4.4/httpcore-4.4.4.jar:/home/user/.m2/repository/commons-codec/commons-codec/1.11/commons-codec-1.11.jar:/home/user/.m2/repository/commons-net/commons-net/3.6/commons-net-3.6.jar:/home/user/.m2/repository/commons-collections/commons-collections/3.2.2/commons-collections-3.2.2.jar:/home/user/.m2/repository/org/eclipse/jetty/jetty-servlet/9.3.25.v20180904/jetty-servlet-9.3.25.v20180904.jar:/home/user/.m2/repository/org/eclipse/jetty/jetty-security/9.3.25.v20180904/jetty-security-9.3.25.v20180904.jar:/home/user/.m2/repository/javax/servlet/jsp/jsp-api/2.1/jsp-api-2.1.jar:/home/user/.m2/repository/com/sun/jersey/jersey-servlet/1.19/jersey-servlet-1.19.jar:/home/user/.m2/repository/com/sun/jersey/jersey-json/1.19/jersey-json-1.19.jar:/home/user/.m2/repository/org/codehaus/jettison/jettison/1.1/jettison-1.1.jar:/home/user/.m2/repository/org/codehaus/jackson/jackson-core-asl/1.9.13/jackson-core-asl-1.9.13.jar:/home/user/.m2/repository/org/codehaus/jackson/jackson-mapper-asl/1.9.13/jackson-mapper-asl-1.9.13.jar:/home/user/.m2/repository/org/codehaus/jackson/jackson-jaxrs/1.9.13/jackson-jaxrs-1.9.13.jar:/home/user/.m2/repository/org/codehaus/jackson/jackson-xc/1.9.13/jackson-xc-1.9.13.jar:/home/user/.m2/repository/commons-logging/commons-logging/1.1.3/commons-logging-1.1.3.jar:/home/user/.m2/repository/commons-beanutils/commons-beanutils/1.9.4/commons-beanutils-1.9.4.jar:/home/user/.m2/repository/org/apache/commons/commons-configuration2/2.1.1/commons-configuration2-2.1.1.jar:/home/user/.m2/repository/org/apache/commons/commons-lang3/3.7/commons-lang3-3.7.jar:/home/user/.m2/repository/org/apache/commons/commons-text/1.4/commons-text-1.4.jar:/home/user/.m2/repository/org/apache/avro/avro/1.7.7/avro-1.7.7.jar:/home/user/.m2/repository/com/thoughtworks/paranamer/paranamer/2.3/paranamer-2.3.jar:/home/user/.m2/repository/org/xerial/snappy/snappy-java/1.0.5/snappy-java-1.0.5.jar:/home/user/.m2/repository/com/google/re2j/re2j/1.1/re2j-1.1.jar:/home/user/.m2/repository/com/google/code/gson/gson/2.2.4/gson-2.2.4.jar:/home/user/.m2/repository/com/jcraft/jsch/0.1.54/jsch-0.1.54.jar:/home/user/.m2/repository/org/apache/curator/curator-client/2.12.0/curator-client-2.12.0.jar:/home/user/.m2/repository/org/apache/curator/curator-recipes/2.12.0/curator-recipes-2.12.0.jar:/home/user/.m2/repository/com/google/code/findbugs/jsr305/3.0.0/jsr305-3.0.0.jar:/home/user/.m2/repository/org/apache/htrace/htrace-core4/4.1.0-incubating/htrace-core4-4.1.0-incubating.jar:/home/user/.m2/repository/org/apache/zookeeper/zookeeper/3.4.13/zookeeper-3.4.13.jar:/home/user/.m2/repository/jline/jline/0.9.94/jline-0.9.94.jar:/home/user/.m2/repository/org/apache/yetus/audience-annotations/0.5.0/audience-annotations-0.5.0.jar:/home/user/.m2/repository/org/codehaus/woodstox/stax2-api/3.1.4/stax2-api-3.1.4.jar:/home/user/.m2/repository/com/fasterxml/woodstox/woodstox-core/5.0.3/woodstox-core-5.0.3.jar:/home/user/.m2/repository/dnsjava/dnsjava/2.1.7/dnsjava-2.1.7.jar:/home/user/.m2/repository/org/apache/hadoop/hadoop-hdfs/3.2.0/hadoop-hdfs-3.2.0-tests.jar:/home/user/.m2/repository/org/eclipse/jetty/jetty-util-ajax/9.3.25.v20180904/jetty-util-ajax-9.3.25.v20180904.jar:/home/user/.m2/repository/commons-daemon/commons-daemon/1.0.13/commons-daemon-1.0.13.jar:/home/user/.m2/repository/io/netty/netty/3.10.5.Final/netty-3.10.5.Final.jar:/home/user/.m2/repository/io/netty/netty-all/4.0.52.Final/netty-all-4.0.52.Final.jar:/home/user/.m2/repository/org/fusesource/leveldbjni/leveldbjni-all/1.8/leveldbjni-all-1.8.jar:"/>
    <property name="java.vm.vendor" value="Oracle Corporation"/>
    <property name="sun.arch.data.model" value="64"/>
    <property name="test.build.dir" value="/workdir/hadoop-ozone/integration-test/target/test-dir"/>
    <property name="test.cache.data" value=""/>
    <property name="java.vendor.url" value="http://java.oracle.com/"/>
    <property name="user.timezone" value=""/>
    <property name="java.vm.specification.version" value="1.8"/>
    <property name="os.name" value="Linux"/>
    <property name="test.build.data" value="/workdir/hadoop-ozone/integration-test/target/test-dir"/>
    <property name="user.country" value="US"/>
    <property name="sun.java.launcher" value="SUN_STANDARD"/>
    <property name="sun.boot.library.path" value="/usr/lib/jvm/java-1.8.0-openjdk-1.8.0.222.b10-1.el7_7.x86_64/jre/lib/amd64"/>
    <property name="sun.java.command" value="/workdir/hadoop-ozone/integration-test/target/surefire/surefirebooter7950683404453314256.jar /workdir/hadoop-ozone/integration-test/target/surefire 2019-10-23T22-13-15_655-jvmRun1 surefire8754989646776882084tmp surefire_303996361991127821686tmp"/>
    <property name="surefire.test.class.path" value="/workdir/hadoop-ozone/integration-test/target/test-classes:/workdir/hadoop-ozone/integration-test/target/classes:/home/user/.m2/repository/org/apache/hadoop/hadoop-ozone-common/0.5.0-SNAPSHOT/hadoop-ozone-common-0.5.0-SNAPSHOT.jar:/home/user/.m2/repository/org/apache/commons/commons-compress/1.4.1/commons-compress-1.4.1.jar:/home/user/.m2/repository/org/tukaani/xz/1.0/xz-1.0.jar:/home/user/.m2/repository/org/apache/hadoop/hadoop-common/3.2.0/hadoop-common-3.2.0.jar:/home/user/.m2/repository/org/apache/hadoop/hadoop-hdfs/3.2.0/hadoop-hdfs-3.2.0.jar:/home/user/.m2/repository/org/apache/hadoop/hadoop-hdfs-client/3.2.0/hadoop-hdfs-client-3.2.0.jar:/home/user/.m2/repository/com/fasterxml/jackson/core/jackson-annotations/2.9.9/jackson-annotations-2.9.9.jar:/home/user/.m2/repository/org/apache/hadoop/hadoop-hdds-common/0.5.0-SNAPSHOT/hadoop-hdds-common-0.5.0-SNAPSHOT.jar:/home/user/.m2/repository/javax/annotation/javax.annotation-api/1.2/javax.annotation-api-1.2.jar:/home/user/.m2/repository/org/apache/ratis/ratis-server/0.5.0-3f446aa-SNAPSHOT/ratis-server-0.5.0-3f446aa-SNAPSHOT.jar:/home/user/.m2/repository/org/apache/ratis/ratis-thirdparty-misc/0.2.0/ratis-thirdparty-misc-0.2.0.jar:/home/user/.m2/repository/org/apache/ratis/ratis-proto/0.5.0-3f446aa-SNAPSHOT/ratis-proto-0.5.0-3f446aa-SNAPSHOT.jar:/home/user/.m2/repository/org/apache/ratis/ratis-common/0.5.0-3f446aa-SNAPSHOT/ratis-common-0.5.0-3f446aa-SNAPSHOT.jar:/home/user/.m2/repository/org/apache/ratis/ratis-client/0.5.0-3f446aa-SNAPSHOT/ratis-client-0.5.0-3f446aa-SNAPSHOT.jar:/home/user/.m2/repository/org/apache/ratis/ratis-metrics/0.5.0-3f446aa-SNAPSHOT/ratis-metrics-0.5.0-3f446aa-SNAPSHOT.jar:/home/user/.m2/repository/com/github/joshelser/dropwizard-metrics-hadoop-metrics2-reporter/0.1.2/dropwizard-metrics-hadoop-metrics2-reporter-0.1.2.jar:/home/user/.m2/repository/io/dropwizard/metrics/metrics-jvm/3.2.5/metrics-jvm-3.2.5.jar:/home/user/.m2/repository/io/dropwizard/metrics/metrics-ganglia/3.2.5/metrics-ganglia-3.2.5.jar:/home/user/.m2/repository/info/ganglia/gmetric4j/gmetric4j/1.0.7/gmetric4j-1.0.7.jar:/home/user/.m2/repository/org/apache/ratis/ratis-netty/0.5.0-3f446aa-SNAPSHOT/ratis-netty-0.5.0-3f446aa-SNAPSHOT.jar:/home/user/.m2/repository/org/apache/ratis/ratis-grpc/0.5.0-3f446aa-SNAPSHOT/ratis-grpc-0.5.0-3f446aa-SNAPSHOT.jar:/home/user/.m2/repository/org/rocksdb/rocksdbjni/6.0.1/rocksdbjni-6.0.1.jar:/home/user/.m2/repository/org/apache/logging/log4j/log4j-api/2.11.0/log4j-api-2.11.0.jar:/home/user/.m2/repository/org/apache/logging/log4j/log4j-core/2.11.0/log4j-core-2.11.0.jar:/home/user/.m2/repository/com/lmax/disruptor/3.4.2/disruptor-3.4.2.jar:/home/user/.m2/repository/org/apache/commons/commons-pool2/2.6.0/commons-pool2-2.6.0.jar:/home/user/.m2/repository/org/bouncycastle/bcpkix-jdk15on/1.60/bcpkix-jdk15on-1.60.jar:/home/user/.m2/repository/commons-validator/commons-validator/1.6/commons-validator-1.6.jar:/home/user/.m2/repository/commons-digester/commons-digester/1.8.1/commons-digester-1.8.1.jar:/home/user/.m2/repository/io/jaegertracing/jaeger-client/0.34.0/jaeger-client-0.34.0.jar:/home/user/.m2/repository/io/jaegertracing/jaeger-thrift/0.34.0/jaeger-thrift-0.34.0.jar:/home/user/.m2/repository/org/apache/thrift/libthrift/0.12.0/libthrift-0.12.0.jar:/home/user/.m2/repository/com/squareup/okhttp3/okhttp/3.9.0/okhttp-3.9.0.jar:/home/user/.m2/repository/com/squareup/okio/okio/1.13.0/okio-1.13.0.jar:/home/user/.m2/repository/io/jaegertracing/jaeger-core/0.34.0/jaeger-core-0.34.0.jar:/home/user/.m2/repository/io/jaegertracing/jaeger-tracerresolver/0.34.0/jaeger-tracerresolver-0.34.0.jar:/home/user/.m2/repository/io/opentracing/contrib/opentracing-tracerresolver/0.1.5/opentracing-tracerresolver-0.1.5.jar:/home/user/.m2/repository/io/opentracing/opentracing-util/0.31.0/opentracing-util-0.31.0.jar:/home/user/.m2/repository/io/opentracing/opentracing-api/0.31.0/opentracing-api-0.31.0.jar:/home/user/.m2/repository/io/opentracing/opentracing-noop/0.31.0/opentracing-noop-0.31.0.jar:/home/user/.m2/repository/org/apache/hadoop/hadoop-hdds-server-framework/0.5.0-SNAPSHOT/hadoop-hdds-server-framework-0.5.0-SNAPSHOT.jar:/home/user/.m2/repository/org/apache/hadoop/hadoop-hdds-container-service/0.5.0-SNAPSHOT/hadoop-hdds-container-service-0.5.0-SNAPSHOT.jar:/home/user/.m2/repository/org/apache/hadoop/hadoop-hdds-client/0.5.0-SNAPSHOT/hadoop-hdds-client-0.5.0-SNAPSHOT.jar:/home/user/.m2/repository/org/apache/hadoop/hadoop-hdds-tools/0.5.0-SNAPSHOT/hadoop-hdds-tools-0.5.0-SNAPSHOT.jar:/home/user/.m2/repository/org/apache/hadoop/hadoop-hdds-server-scm/0.5.0-SNAPSHOT/hadoop-hdds-server-scm-0.5.0-SNAPSHOT.jar:/home/user/.m2/repository/org/apache/hadoop/hadoop-hdds-docs/0.5.0-SNAPSHOT/hadoop-hdds-docs-0.5.0-SNAPSHOT.jar:/home/user/.m2/repository/io/dropwizard/metrics/metrics-core/3.2.4/metrics-core-3.2.4.jar:/home/user/.m2/repository/org/hamcrest/hamcrest-all/1.3/hamcrest-all-1.3.jar:/home/user/.m2/repository/org/bouncycastle/bcprov-jdk15on/1.60/bcprov-jdk15on-1.60.jar:/home/user/.m2/repository/info/picocli/picocli/3.9.6/picocli-3.9.6.jar:/home/user/.m2/repository/com/google/protobuf/protobuf-java/2.5.0/protobuf-java-2.5.0.jar:/home/user/.m2/repository/com/google/guava/guava/11.0.2/guava-11.0.2.jar:/home/user/.m2/repository/org/apache/hadoop/hadoop-ozone-ozone-manager/0.5.0-SNAPSHOT/hadoop-ozone-ozone-manager-0.5.0-SNAPSHOT.jar:/home/user/.m2/repository/org/apache/hadoop/hadoop-minikdc/3.2.0/hadoop-minikdc-3.2.0.jar:/home/user/.m2/repository/commons-io/commons-io/2.5/commons-io-2.5.jar:/home/user/.m2/repository/org/apache/kerby/kerb-simplekdc/1.0.1/kerb-simplekdc-1.0.1.jar:/home/user/.m2/repository/org/apache/kerby/kerb-client/1.0.1/kerb-client-1.0.1.jar:/home/user/.m2/repository/org/apache/kerby/kerby-config/1.0.1/kerby-config-1.0.1.jar:/home/user/.m2/repository/org/apache/kerby/kerb-core/1.0.1/kerb-core-1.0.1.jar:/home/user/.m2/repository/org/apache/kerby/kerby-pkix/1.0.1/kerby-pkix-1.0.1.jar:/home/user/.m2/repository/org/apache/kerby/kerby-asn1/1.0.1/kerby-asn1-1.0.1.jar:/home/user/.m2/repository/org/apache/kerby/kerby-util/1.0.1/kerby-util-1.0.1.jar:/home/user/.m2/repository/org/apache/kerby/kerb-common/1.0.1/kerb-common-1.0.1.jar:/home/user/.m2/repository/org/apache/kerby/kerb-crypto/1.0.1/kerb-crypto-1.0.1.jar:/home/user/.m2/repository/org/apache/kerby/kerb-util/1.0.1/kerb-util-1.0.1.jar:/home/user/.m2/repository/org/apache/kerby/token-provider/1.0.1/token-provider-1.0.1.jar:/home/user/.m2/repository/org/apache/kerby/kerb-admin/1.0.1/kerb-admin-1.0.1.jar:/home/user/.m2/repository/org/apache/kerby/kerb-server/1.0.1/kerb-server-1.0.1.jar:/home/user/.m2/repository/org/apache/kerby/kerb-identity/1.0.1/kerb-identity-1.0.1.jar:/home/user/.m2/repository/org/apache/kerby/kerby-xdr/1.0.1/kerby-xdr-1.0.1.jar:/home/user/.m2/repository/org/slf4j/slf4j-log4j12/1.7.25/slf4j-log4j12-1.7.25.jar:/home/user/.m2/repository/org/apache/hadoop/hadoop-ozone-s3gateway/0.5.0-SNAPSHOT/hadoop-ozone-s3gateway-0.5.0-SNAPSHOT.jar:/home/user/.m2/repository/org/jboss/weld/servlet/weld-servlet/2.4.7.Final/weld-servlet-2.4.7.Final.jar:/home/user/.m2/repository/org/glassfish/jersey/containers/jersey-container-servlet-core/2.27/jersey-container-servlet-core-2.27.jar:/home/user/.m2/repository/org/glassfish/hk2/external/javax.inject/2.5.0-b42/javax.inject-2.5.0-b42.jar:/home/user/.m2/repository/org/glassfish/jersey/core/jersey-common/2.27/jersey-common-2.27.jar:/home/user/.m2/repository/org/glassfish/hk2/osgi-resource-locator/1.0.1/osgi-resource-locator-1.0.1.jar:/home/user/.m2/repository/javax/ws/rs/javax.ws.rs-api/2.1/javax.ws.rs-api-2.1.jar:/home/user/.m2/repository/org/glassfish/jersey/ext/cdi/jersey-cdi1x/2.27/jersey-cdi1x-2.27.jar:/home/user/.m2/repository/org/glassfish/jersey/inject/jersey-hk2/2.27/jersey-hk2-2.27.jar:/home/user/.m2/repository/org/glassfish/hk2/hk2-locator/2.5.0-b42/hk2-locator-2.5.0-b42.jar:/home/user/.m2/repository/org/javassist/javassist/3.22.0-CR2/javassist-3.22.0-CR2.jar:/home/user/.m2/repository/org/glassfish/hk2/hk2-api/2.5.0/hk2-api-2.5.0.jar:/home/user/.m2/repository/org/glassfish/hk2/external/jakarta.inject/2.5.0/jakarta.inject-2.5.0.jar:/home/user/.m2/repository/org/glassfish/hk2/hk2-utils/2.5.0/hk2-utils-2.5.0.jar:/home/user/.m2/repository/jakarta/annotation/jakarta.annotation-api/1.3.4/jakarta.annotation-api-1.3.4.jar:/home/user/.m2/repository/org/glassfish/hk2/external/aopalliance-repackaged/2.5.0/aopalliance-repackaged-2.5.0.jar:/home/user/.m2/repository/com/fasterxml/jackson/dataformat/jackson-dataformat-xml/2.9.0/jackson-dataformat-xml-2.9.0.jar:/home/user/.m2/repository/com/fasterxml/jackson/core/jackson-core/2.9.9/jackson-core-2.9.9.jar:/home/user/.m2/repository/com/fasterxml/jackson/module/jackson-module-jaxb-annotations/2.9.9/jackson-module-jaxb-annotations-2.9.9.jar:/home/user/.m2/repository/javax/enterprise/cdi-api/1.2/cdi-api-1.2.jar:/home/user/.m2/repository/javax/el/javax.el-api/3.0.0/javax.el-api-3.0.0.jar:/home/user/.m2/repository/javax/interceptor/javax.interceptor-api/1.2/javax.interceptor-api-1.2.jar:/home/user/.m2/repository/javax/inject/javax.inject/1/javax.inject-1.jar:/home/user/.m2/repository/com/sun/xml/bind/jaxb-impl/2.3.0.1/jaxb-impl-2.3.0.1.jar:/home/user/.m2/repository/com/sun/xml/bind/jaxb-core/2.3.0.1/jaxb-core-2.3.0.1.jar:/home/user/.m2/repository/javax/xml/bind/jaxb-api/2.3.0/jaxb-api-2.3.0.jar:/home/user/.m2/repository/javax/activation/activation/1.1.1/activation-1.1.1.jar:/home/user/.m2/repository/org/apache/hadoop/hadoop-ozone-csi/0.5.0-SNAPSHOT/hadoop-ozone-csi-0.5.0-SNAPSHOT.jar:/home/user/.m2/repository/com/google/protobuf/protobuf-java-util/3.5.1/protobuf-java-util-3.5.1.jar:/home/user/.m2/repository/org/apache/hadoop/hadoop-hdds-config/0.5.0-SNAPSHOT/hadoop-hdds-config-0.5.0-SNAPSHOT.jar:/home/user/.m2/repository/io/grpc/grpc-netty/1.17.1/grpc-netty-1.17.1.jar:/home/user/.m2/repository/io/grpc/grpc-core/1.17.1/grpc-core-1.17.1.jar:/home/user/.m2/repository/io/grpc/grpc-context/1.17.1/grpc-context-1.17.1.jar:/home/user/.m2/repository/com/google/errorprone/error_prone_annotations/2.2.0/error_prone_annotations-2.2.0.jar:/home/user/.m2/repository/org/codehaus/mojo/animal-sniffer-annotations/1.17/animal-sniffer-annotations-1.17.jar:/home/user/.m2/repository/io/opencensus/opencensus-api/0.17.0/opencensus-api-0.17.0.jar:/home/user/.m2/repository/io/opencensus/opencensus-contrib-grpc-metrics/0.17.0/opencensus-contrib-grpc-metrics-0.17.0.jar:/home/user/.m2/repository/io/netty/netty-codec-http2/4.1.30.Final/netty-codec-http2-4.1.30.Final.jar:/home/user/.m2/repository/io/netty/netty-codec-http/4.1.30.Final/netty-codec-http-4.1.30.Final.jar:/home/user/.m2/repository/io/netty/netty-codec/4.1.30.Final/netty-codec-4.1.30.Final.jar:/home/user/.m2/repository/io/netty/netty-handler/4.1.30.Final/netty-handler-4.1.30.Final.jar:/home/user/.m2/repository/io/netty/netty-handler-proxy/4.1.30.Final/netty-handler-proxy-4.1.30.Final.jar:/home/user/.m2/repository/io/netty/netty-codec-socks/4.1.30.Final/netty-codec-socks-4.1.30.Final.jar:/home/user/.m2/repository/io/netty/netty-transport-native-epoll/4.1.30.Final/netty-transport-native-epoll-4.1.30.Final.jar:/home/user/.m2/repository/io/netty/netty-common/4.1.30.Final/netty-common-4.1.30.Final.jar:/home/user/.m2/repository/io/netty/netty-buffer/4.1.30.Final/netty-buffer-4.1.30.Final.jar:/home/user/.m2/repository/io/netty/netty-transport/4.1.30.Final/netty-transport-4.1.30.Final.jar:/home/user/.m2/repository/io/netty/netty-resolver/4.1.30.Final/netty-resolver-4.1.30.Final.jar:/home/user/.m2/repository/io/netty/netty-transport-native-unix-common/4.1.30.Final/netty-transport-native-unix-common-4.1.30.Final.jar:/home/user/.m2/repository/io/grpc/grpc-protobuf/1.17.1/grpc-protobuf-1.17.1.jar:/home/user/.m2/repository/com/google/api/grpc/proto-google-common-protos/1.0.0/proto-google-common-protos-1.0.0.jar:/home/user/.m2/repository/io/grpc/grpc-protobuf-lite/1.17.1/grpc-protobuf-lite-1.17.1.jar:/home/user/.m2/repository/io/grpc/grpc-stub/1.17.1/grpc-stub-1.17.1.jar:/home/user/.m2/repository/org/apache/hadoop/hadoop-ozone-recon/0.5.0-SNAPSHOT/hadoop-ozone-recon-0.5.0-SNAPSHOT.jar:/home/user/.m2/repository/org/apache/hadoop/hadoop-ozone-reconcodegen/0.5.0-SNAPSHOT/hadoop-ozone-reconcodegen-0.5.0-SNAPSHOT.jar:/home/user/.m2/repository/com/google/inject/extensions/guice-multibindings/4.0/guice-multibindings-4.0.jar:/home/user/.m2/repository/com/google/inject/guice/4.0/guice-4.0.jar:/home/user/.m2/repository/aopalliance/aopalliance/1.0/aopalliance-1.0.jar:/home/user/.m2/repository/com/google/inject/extensions/guice-servlet/4.0/guice-servlet-4.0.jar:/home/user/.m2/repository/org/glassfish/jersey/containers/jersey-container-servlet/2.27/jersey-container-servlet-2.27.jar:/home/user/.m2/repository/org/glassfish/hk2/guice-bridge/2.5.0/guice-bridge-2.5.0.jar:/home/user/.m2/repository/org/glassfish/jersey/core/jersey-server/2.27/jersey-server-2.27.jar:/home/user/.m2/repository/org/glassfish/jersey/core/jersey-client/2.27/jersey-client-2.27.jar:/home/user/.m2/repository/org/glassfish/jersey/media/jersey-media-jaxb/2.27/jersey-media-jaxb-2.27.jar:/home/user/.m2/repository/javax/validation/validation-api/1.1.0.Final/validation-api-1.1.0.Final.jar:/home/user/.m2/repository/org/glassfish/jersey/media/jersey-media-json-jackson/2.27/jersey-media-json-jackson-2.27.jar:/home/user/.m2/repository/org/glassfish/jersey/ext/jersey-entity-filtering/2.27/jersey-entity-filtering-2.27.jar:/home/user/.m2/repository/com/google/inject/extensions/guice-assistedinject/4.0/guice-assistedinject-4.0.jar:/home/user/.m2/repository/org/jooq/jooq/3.11.10/jooq-3.11.10.jar:/home/user/.m2/repository/org/jooq/jooq-meta/3.11.10/jooq-meta-3.11.10.jar:/home/user/.m2/repository/org/jooq/jooq-codegen/3.11.10/jooq-codegen-3.11.10.jar:/home/user/.m2/repository/com/jolbox/bonecp/0.8.0.RELEASE/bonecp-0.8.0.RELEASE.jar:/home/user/.m2/repository/org/xerial/sqlite-jdbc/3.25.2/sqlite-jdbc-3.25.2.jar:/home/user/.m2/repository/org/springframework/spring-jdbc/5.1.3.RELEASE/spring-jdbc-5.1.3.RELEASE.jar:/home/user/.m2/repository/org/springframework/spring-beans/5.1.3.RELEASE/spring-beans-5.1.3.RELEASE.jar:/home/user/.m2/repository/org/springframework/spring-core/5.1.3.RELEASE/spring-core-5.1.3.RELEASE.jar:/home/user/.m2/repository/org/springframework/spring-jcl/5.1.3.RELEASE/spring-jcl-5.1.3.RELEASE.jar:/home/user/.m2/repository/org/springframework/spring-tx/5.1.3.RELEASE/spring-tx-5.1.3.RELEASE.jar:/home/user/.m2/repository/org/apache/hadoop/hadoop-ozone-client/0.5.0-SNAPSHOT/hadoop-ozone-client-0.5.0-SNAPSHOT.jar:/home/user/.m2/repository/commons-lang/commons-lang/2.6/commons-lang-2.6.jar:/home/user/.m2/repository/org/apache/hadoop/hadoop-ozone-ozone-manager/0.5.0-SNAPSHOT/hadoop-ozone-ozone-manager-0.5.0-SNAPSHOT-tests.jar:/home/user/.m2/repository/junit/junit/4.11/junit-4.11.jar:/home/user/.m2/repository/org/hamcrest/hamcrest-core/1.3/hamcrest-core-1.3.jar:/home/user/.m2/repository/org/openjdk/jmh/jmh-core/1.19/jmh-core-1.19.jar:/home/user/.m2/repository/net/sf/jopt-simple/jopt-simple/4.6/jopt-simple-4.6.jar:/home/user/.m2/repository/org/apache/commons/commons-math3/3.1.1/commons-math3-3.1.1.jar:/home/user/.m2/repository/org/openjdk/jmh/jmh-generator-annprocess/1.19/jmh-generator-annprocess-1.19.jar:/home/user/.m2/repository/org/mockito/mockito-all/1.8.5/mockito-all-1.8.5.jar:/home/user/.m2/repository/org/apache/hadoop/hadoop-kms/3.2.0/hadoop-kms-3.2.0.jar:/home/user/.m2/repository/org/apache/hadoop/hadoop-auth/3.2.0/hadoop-auth-3.2.0.jar:/home/user/.m2/repository/com/nimbusds/nimbus-jose-jwt/4.41.1/nimbus-jose-jwt-4.41.1.jar:/home/user/.m2/repository/com/github/stephenc/jcip/jcip-annotations/1.0-1/jcip-annotations-1.0-1.jar:/home/user/.m2/repository/net/minidev/json-smart/2.3/json-smart-2.3.jar:/home/user/.m2/repository/net/minidev/accessors-smart/1.2/accessors-smart-1.2.jar:/home/user/.m2/repository/org/ow2/asm/asm/5.0.4/asm-5.0.4.jar:/home/user/.m2/repository/org/apache/curator/curator-framework/2.12.0/curator-framework-2.12.0.jar:/home/user/.m2/repository/com/sun/jersey/jersey-core/1.19/jersey-core-1.19.jar:/home/user/.m2/repository/javax/ws/rs/jsr311-api/1.1.1/jsr311-api-1.1.1.jar:/home/user/.m2/repository/com/sun/jersey/jersey-server/1.19/jersey-server-1.19.jar:/home/user/.m2/repository/javax/servlet/javax.servlet-api/3.1.0/javax.servlet-api-3.1.0.jar:/home/user/.m2/repository/org/eclipse/jetty/jetty-server/9.3.25.v20180904/jetty-server-9.3.25.v20180904.jar:/home/user/.m2/repository/org/eclipse/jetty/jetty-http/9.3.25.v20180904/jetty-http-9.3.25.v20180904.jar:/home/user/.m2/repository/org/eclipse/jetty/jetty-io/9.3.25.v20180904/jetty-io-9.3.25.v20180904.jar:/home/user/.m2/repository/org/eclipse/jetty/jetty-webapp/9.3.25.v20180904/jetty-webapp-9.3.25.v20180904.jar:/home/user/.m2/repository/org/eclipse/jetty/jetty-xml/9.3.25.v20180904/jetty-xml-9.3.25.v20180904.jar:/home/user/.m2/repository/log4j/log4j/1.2.17/log4j-1.2.17.jar:/home/user/.m2/repository/org/slf4j/slf4j-api/1.7.25/slf4j-api-1.7.25.jar:/home/user/.m2/repository/org/slf4j/jul-to-slf4j/1.7.25/jul-to-slf4j-1.7.25.jar:/home/user/.m2/repository/org/eclipse/jetty/jetty-util/9.3.25.v20180904/jetty-util-9.3.25.v20180904.jar:/home/user/.m2/repository/com/fasterxml/jackson/core/jackson-databind/2.9.9/jackson-databind-2.9.9.jar:/home/user/.m2/repository/org/apache/hadoop/hadoop-kms/3.2.0/hadoop-kms-3.2.0-tests.jar:/home/user/.m2/repository/org/apache/hadoop/hadoop-hdds-server-scm/0.5.0-SNAPSHOT/hadoop-hdds-server-scm-0.5.0-SNAPSHOT-tests.jar:/home/user/.m2/repository/org/apache/hadoop/hadoop-hdds-container-service/0.5.0-SNAPSHOT/hadoop-hdds-container-service-0.5.0-SNAPSHOT-tests.jar:/home/user/.m2/repository/org/yaml/snakeyaml/1.16/snakeyaml-1.16.jar:/home/user/.m2/repository/org/apache/hadoop/hadoop-common/3.2.0/hadoop-common-3.2.0-tests.jar:/home/user/.m2/repository/org/apache/hadoop/hadoop-annotations/3.2.0/hadoop-annotations-3.2.0.jar:/usr/lib/jvm/java-1.8.0-openjdk-1.8.0.222.b10-1.el7_7.x86_64/jre/../lib/tools.jar:/home/user/.m2/repository/commons-cli/commons-cli/1.2/commons-cli-1.2.jar:/home/user/.m2/repository/org/apache/httpcomponents/httpclient/4.5.2/httpclient-4.5.2.jar:/home/user/.m2/repository/org/apache/httpcomponents/httpcore/4.4.4/httpcore-4.4.4.jar:/home/user/.m2/repository/commons-codec/commons-codec/1.11/commons-codec-1.11.jar:/home/user/.m2/repository/commons-net/commons-net/3.6/commons-net-3.6.jar:/home/user/.m2/repository/commons-collections/commons-collections/3.2.2/commons-collections-3.2.2.jar:/home/user/.m2/repository/org/eclipse/jetty/jetty-servlet/9.3.25.v20180904/jetty-servlet-9.3.25.v20180904.jar:/home/user/.m2/repository/org/eclipse/jetty/jetty-security/9.3.25.v20180904/jetty-security-9.3.25.v20180904.jar:/home/user/.m2/repository/javax/servlet/jsp/jsp-api/2.1/jsp-api-2.1.jar:/home/user/.m2/repository/com/sun/jersey/jersey-servlet/1.19/jersey-servlet-1.19.jar:/home/user/.m2/repository/com/sun/jersey/jersey-json/1.19/jersey-json-1.19.jar:/home/user/.m2/repository/org/codehaus/jettison/jettison/1.1/jettison-1.1.jar:/home/user/.m2/repository/org/codehaus/jackson/jackson-core-asl/1.9.13/jackson-core-asl-1.9.13.jar:/home/user/.m2/repository/org/codehaus/jackson/jackson-mapper-asl/1.9.13/jackson-mapper-asl-1.9.13.jar:/home/user/.m2/repository/org/codehaus/jackson/jackson-jaxrs/1.9.13/jackson-jaxrs-1.9.13.jar:/home/user/.m2/repository/org/codehaus/jackson/jackson-xc/1.9.13/jackson-xc-1.9.13.jar:/home/user/.m2/repository/commons-logging/commons-logging/1.1.3/commons-logging-1.1.3.jar:/home/user/.m2/repository/commons-beanutils/commons-beanutils/1.9.4/commons-beanutils-1.9.4.jar:/home/user/.m2/repository/org/apache/commons/commons-configuration2/2.1.1/commons-configuration2-2.1.1.jar:/home/user/.m2/repository/org/apache/commons/commons-lang3/3.7/commons-lang3-3.7.jar:/home/user/.m2/repository/org/apache/commons/commons-text/1.4/commons-text-1.4.jar:/home/user/.m2/repository/org/apache/avro/avro/1.7.7/avro-1.7.7.jar:/home/user/.m2/repository/com/thoughtworks/paranamer/paranamer/2.3/paranamer-2.3.jar:/home/user/.m2/repository/org/xerial/snappy/snappy-java/1.0.5/snappy-java-1.0.5.jar:/home/user/.m2/repository/com/google/re2j/re2j/1.1/re2j-1.1.jar:/home/user/.m2/repository/com/google/code/gson/gson/2.2.4/gson-2.2.4.jar:/home/user/.m2/repository/com/jcraft/jsch/0.1.54/jsch-0.1.54.jar:/home/user/.m2/repository/org/apache/curator/curator-client/2.12.0/curator-client-2.12.0.jar:/home/user/.m2/repository/org/apache/curator/curator-recipes/2.12.0/curator-recipes-2.12.0.jar:/home/user/.m2/repository/com/google/code/findbugs/jsr305/3.0.0/jsr305-3.0.0.jar:/home/user/.m2/repository/org/apache/htrace/htrace-core4/4.1.0-incubating/htrace-core4-4.1.0-incubating.jar:/home/user/.m2/repository/org/apache/zookeeper/zookeeper/3.4.13/zookeeper-3.4.13.jar:/home/user/.m2/repository/jline/jline/0.9.94/jline-0.9.94.jar:/home/user/.m2/repository/org/apache/yetus/audience-annotations/0.5.0/audience-annotations-0.5.0.jar:/home/user/.m2/repository/org/codehaus/woodstox/stax2-api/3.1.4/stax2-api-3.1.4.jar:/home/user/.m2/repository/com/fasterxml/woodstox/woodstox-core/5.0.3/woodstox-core-5.0.3.jar:/home/user/.m2/repository/dnsjava/dnsjava/2.1.7/dnsjava-2.1.7.jar:/home/user/.m2/repository/org/apache/hadoop/hadoop-hdfs/3.2.0/hadoop-hdfs-3.2.0-tests.jar:/home/user/.m2/repository/org/eclipse/jetty/jetty-util-ajax/9.3.25.v20180904/jetty-util-ajax-9.3.25.v20180904.jar:/home/user/.m2/repository/commons-daemon/commons-daemon/1.0.13/commons-daemon-1.0.13.jar:/home/user/.m2/repository/io/netty/netty/3.10.5.Final/netty-3.10.5.Final.jar:/home/user/.m2/repository/io/netty/netty-all/4.0.52.Final/netty-all-4.0.52.Final.jar:/home/user/.m2/repository/org/fusesource/leveldbjni/leveldbjni-all/1.8/leveldbjni-all-1.8.jar:"/>
    <property name="sun.cpu.endian" value="little"/>
    <property name="user.home" value="/home/user"/>
    <property name="user.language" value="en"/>
    <property name="java.specification.vendor" value="Oracle Corporation"/>
    <property name="java.home" value="/usr/lib/jvm/java-1.8.0-openjdk-1.8.0.222.b10-1.el7_7.x86_64/jre"/>
    <property name="surefire.excludesFile" value="/tools/ozone-bad-unit-tests"/>
    <property name="java.security.krb5.conf" value="/workdir/hadoop-ozone/integration-test/target/test-classes/krb5.conf"/>
    <property name="basedir" value="/workdir/hadoop-ozone/integration-test"/>
    <property name="file.separator" value="/"/>
    <property name="line.separator" value="&#10;"/>
    <property name="java.vm.specification.vendor" value="Oracle Corporation"/>
    <property name="java.specification.name" value="Java Platform API Specification"/>
    <property name="java.awt.graphicsenv" value="sun.awt.X11GraphicsEnvironment"/>
    <property name="surefire.real.class.path" value="/workdir/hadoop-ozone/integration-test/target/surefire/surefirebooter7950683404453314256.jar"/>
    <property name="hadoop.log.dir" value="/workdir/hadoop-ozone/integration-test/target/log"/>
    <property name="sun.boot.class.path" value="/usr/lib/jvm/java-1.8.0-openjdk-1.8.0.222.b10-1.el7_7.x86_64/jre/lib/resources.jar:/usr/lib/jvm/java-1.8.0-openjdk-1.8.0.222.b10-1.el7_7.x86_64/jre/lib/rt.jar:/usr/lib/jvm/java-1.8.0-openjdk-1.8.0.222.b10-1.el7_7.x86_64/jre/lib/sunrsasign.jar:/usr/lib/jvm/java-1.8.0-openjdk-1.8.0.222.b10-1.el7_7.x86_64/jre/lib/jsse.jar:/usr/lib/jvm/java-1.8.0-openjdk-1.8.0.222.b10-1.el7_7.x86_64/jre/lib/jce.jar:/usr/lib/jvm/java-1.8.0-openjdk-1.8.0.222.b10-1.el7_7.x86_64/jre/lib/charsets.jar:/usr/lib/jvm/java-1.8.0-openjdk-1.8.0.222.b10-1.el7_7.x86_64/jre/lib/jfr.jar:/usr/lib/jvm/java-1.8.0-openjdk-1.8.0.222.b10-1.el7_7.x86_64/jre/classes"/>
    <property name="sun.management.compiler" value="HotSpot 64-Bit Tiered Compilers"/>
    <property name="java.runtime.version" value="1.8.0_222-b10"/>
    <property name="java.net.preferIPv4Stack" value="true"/>
    <property name="user.name" value="jenkins1000"/>
    <property name="path.separator" value=":"/>
    <property name="java.security.egd" value="file:///dev/urandom"/>
    <property name="os.version" value="3.10.0-957.12.2.el7.x86_64"/>
    <property name="java.endorsed.dirs" value="/usr/lib/jvm/java-1.8.0-openjdk-1.8.0.222.b10-1.el7_7.x86_64/jre/lib/endorsed"/>
    <property name="java.runtime.name" value="OpenJDK Runtime Environment"/>
    <property name="file.encoding" value="ANSI_X3.4-1968"/>
    <property name="java.vm.name" value="OpenJDK 64-Bit Server VM"/>
    <property name="test.build.webapps" value=""/>
    <property name="localRepository" value="/home/user/.m2/repository"/>
    <property name="java.vendor.url.bug" value="http://bugreport.sun.com/bugreport/"/>
    <property name="java.io.tmpdir" value="/tmp"/>
    <property name="require.test.libhadoop" value=""/>
    <property name="java.version" value="1.8.0_222"/>
    <property name="user.dir" value="/workdir/hadoop-ozone/integration-test"/>
    <property name="os.arch" value="amd64"/>
    <property name="java.vm.specification.name" value="Java Virtual Machine Specification"/>
    <property name="test.build.classes" value="/workdir/hadoop-ozone/integration-test/target/test-classes"/>
    <property name="java.awt.printerjob" value="sun.print.PSPrinterJob"/>
    <property name="sun.os.patch.level" value="unknown"/>
    <property name="hadoop.tmp.dir" value="/workdir/hadoop-ozone/integration-test/target/tmp"/>
    <property name="java.library.path" value="/usr/lib:/workdir/hadoop-ozone/integration-test/target/native/target/usr/local/lib:/workdir/hadoop-ozone/integration-test/../../hadoop-common-project/hadoop-common/target/native/target/usr/local/lib:/usr/java/packages/lib/amd64:/usr/lib64:/lib64:/lib:/usr/lib"/>
    <property name="java.vm.info" value="mixed mode"/>
    <property name="java.vendor" value="Oracle Corporation"/>
    <property name="java.vm.version" value="25.222-b10"/>
    <property name="java.ext.dirs" value="/usr/lib/jvm/java-1.8.0-openjdk-1.8.0.222.b10-1.el7_7.x86_64/jre/lib/ext:/usr/java/packages/lib/ext"/>
    <property name="sun.io.unicode.encoding" value="UnicodeLittle"/>
    <property name="java.class.version" value="52.0"/>
  </properties>
  <testcase name="testDeleteKeyWithSlowFollower" classname="org.apache.hadoop.ozone.client.rpc.TestDeleteWithSlowFollower" time="112.212">
    <failure type="java.lang.AssertionError">java.lang.AssertionError
	at org.junit.Assert.fail(Assert.java:86)
	at org.junit.Assert.assertTrue(Assert.java:41)
	at org.junit.Assert.assertTrue(Assert.java:52)
	at org.apache.hadoop.ozone.client.rpc.TestDeleteWithSlowFollower.testDeleteKeyWithSlowFollower(TestDeleteWithSlowFollower.java:265)
	at sun.reflect.NativeMethodAccessorImpl.invoke0(Native Method)
	at sun.reflect.NativeMethodAccessorImpl.invoke(NativeMethodAccessorImpl.java:62)
	at sun.reflect.DelegatingMethodAccessorImpl.invoke(DelegatingMethodAccessorImpl.java:43)
	at java.lang.reflect.Method.invoke(Method.java:498)
	at org.junit.runners.model.FrameworkMethod$1.runReflectiveCall(FrameworkMethod.java:47)
	at org.junit.internal.runners.model.ReflectiveCallable.run(ReflectiveCallable.java:12)
	at org.junit.runners.model.FrameworkMethod.invokeExplosively(FrameworkMethod.java:44)
	at org.junit.internal.runners.statements.InvokeMethod.evaluate(InvokeMethod.java:17)
	at org.junit.runners.ParentRunner.runLeaf(ParentRunner.java:271)
	at org.junit.runners.BlockJUnit4ClassRunner.runChild(BlockJUnit4ClassRunner.java:70)
	at org.junit.runners.BlockJUnit4ClassRunner.runChild(BlockJUnit4ClassRunner.java:50)
	at org.junit.runners.ParentRunner$3.run(ParentRunner.java:238)
	at org.junit.runners.ParentRunner$1.schedule(ParentRunner.java:63)
	at org.junit.runners.ParentRunner.runChildren(ParentRunner.java:236)
	at org.junit.runners.ParentRunner.access$000(ParentRunner.java:53)
	at org.junit.runners.ParentRunner$2.evaluate(ParentRunner.java:229)
	at org.junit.internal.runners.statements.RunBefores.evaluate(RunBefores.java:26)
	at org.junit.internal.runners.statements.RunAfters.evaluate(RunAfters.java:27)
	at org.junit.runners.ParentRunner.run(ParentRunner.java:309)
	at org.apache.maven.surefire.junit4.JUnit4Provider.execute(JUnit4Provider.java:365)
	at org.apache.maven.surefire.junit4.JUnit4Provider.executeWithRerun(JUnit4Provider.java:273)
	at org.apache.maven.surefire.junit4.JUnit4Provider.executeTestSet(JUnit4Provider.java:238)
	at org.apache.maven.surefire.junit4.JUnit4Provider.invoke(JUnit4Provider.java:159)
	at org.apache.maven.surefire.booter.ForkedBooter.invokeProviderInSameClassLoader(ForkedBooter.java:384)
	at org.apache.maven.surefire.booter.ForkedBooter.runSuitesInProcess(ForkedBooter.java:345)
	at org.apache.maven.surefire.booter.ForkedBooter.execute(ForkedBooter.java:126)
	at org.apache.maven.surefire.booter.ForkedBooter.main(ForkedBooter.java:418)
</failure>
    <system-out><![CDATA[2019-10-23 22:38:02,692 [main] WARN  server.ServerUtils (ServerUtils.java:getScmDbDir(145)) - ozone.scm.db.dirs is not configured. We recommend adding this setting. Falling back to ozone.metadata.dirs instead.
2019-10-23 22:38:02,801 [main] WARN  server.ServerUtils (ServerUtils.java:getScmDbDir(145)) - ozone.scm.db.dirs is not configured. We recommend adding this setting. Falling back to ozone.metadata.dirs instead.
2019-10-23 22:38:02,804 [main] WARN  server.ServerUtils (ServerUtils.java:getScmDbDir(145)) - ozone.scm.db.dirs is not configured. We recommend adding this setting. Falling back to ozone.metadata.dirs instead.
2019-10-23 22:38:02,829 [main] INFO  util.log (Log.java:initialized(192)) - Logging initialized @856ms
2019-10-23 22:38:02,924 [main] INFO  db.DBStoreBuilder (DBStoreBuilder.java:addTable(117)) - using custom profile for table: deletedBlocks
2019-10-23 22:38:02,925 [main] INFO  db.DBStoreBuilder (DBStoreBuilder.java:processTables(168)) - Using default column profile:DBProfile.DISK for Table:deletedBlocks
2019-10-23 22:38:02,925 [main] INFO  db.DBStoreBuilder (DBStoreBuilder.java:addTable(117)) - using custom profile for table: validCerts
2019-10-23 22:38:02,925 [main] INFO  db.DBStoreBuilder (DBStoreBuilder.java:processTables(168)) - Using default column profile:DBProfile.DISK for Table:validCerts
2019-10-23 22:38:02,926 [main] INFO  db.DBStoreBuilder (DBStoreBuilder.java:addTable(117)) - using custom profile for table: revokedCerts
2019-10-23 22:38:02,926 [main] INFO  db.DBStoreBuilder (DBStoreBuilder.java:processTables(168)) - Using default column profile:DBProfile.DISK for Table:revokedCerts
2019-10-23 22:38:02,937 [main] INFO  db.DBStoreBuilder (DBStoreBuilder.java:addTable(117)) - using custom profile for table: default
2019-10-23 22:38:02,937 [main] INFO  db.DBStoreBuilder (DBStoreBuilder.java:processTables(174)) - Using default column profile:DBProfile.DISK for Table:default
2019-10-23 22:38:02,938 [main] INFO  db.DBStoreBuilder (DBStoreBuilder.java:getDbProfile(205)) - Using default options. DBProfile.DISK
2019-10-23 22:38:03,098 [main] INFO  net.NodeSchemaLoader (NodeSchemaLoader.java:loadSchemaFromFile(125)) - Loading file from sun.misc.CompoundEnumeration@74235045
2019-10-23 22:38:03,100 [main] INFO  net.NodeSchemaLoader (NodeSchemaLoader.java:loadSchema(171)) - Loading network topology layer schema file
2019-10-23 22:38:03,157 [main] WARN  server.ServerUtils (ServerUtils.java:sanitizeUserArgs(70)) - ozone.scm.stale.node.interval value = 1000000 is larger than max = 100000 based on the key value of ozone.scm.heartbeat.thread.interval, reset to the max value 100000.
2019-10-23 22:38:03,159 [main] WARN  server.ServerUtils (ServerUtils.java:sanitizeUserArgs(70)) - ozone.scm.stale.node.interval value = 1000000 is larger than max = 100000 based on the key value of ozone.scm.heartbeat.thread.interval, reset to the max value 100000.
2019-10-23 22:38:03,161 [main] INFO  node.SCMNodeManager (SCMNodeManager.java:<init>(116)) - Entering startup safe mode.
2019-10-23 22:38:03,221 [main] INFO  algorithms.ContainerPlacementPolicyFactory (ContainerPlacementPolicyFactory.java:getPolicy(57)) - Create container placement policy of type org.apache.hadoop.hdds.scm.container.placement.algorithms.SCMContainerPlacementRandom
2019-10-23 22:38:03,238 [main] WARN  server.ServerUtils (ServerUtils.java:getScmDbDir(145)) - ozone.scm.db.dirs is not configured. We recommend adding this setting. Falling back to ozone.metadata.dirs instead.
2019-10-23 22:38:03,308 [main] INFO  pipeline.SCMPipelineManager (SCMPipelineManager.java:initializePipelineState(132)) - No pipeline exists in current db
2019-10-23 22:38:03,311 [main] WARN  server.ServerUtils (ServerUtils.java:getScmDbDir(145)) - ozone.scm.db.dirs is not configured. We recommend adding this setting. Falling back to ozone.metadata.dirs instead.
2019-10-23 22:38:03,418 [main] WARN  events.EventQueue (EventQueue.java:fireEvent(183)) - No event handler registered for event TypedEvent{payloadType=SafeModeStatus, name='SafeModeStatus'}
2019-10-23 22:38:03,793 [main] INFO  ipc.CallQueueManager (CallQueueManager.java:<init>(84)) - Using callQueue: class java.util.concurrent.LinkedBlockingQueue, queueCapacity: 2000, scheduler: class org.apache.hadoop.ipc.DefaultRpcScheduler, ipcBackoff: false.
2019-10-23 22:38:03,909 [Socket Reader #1 for port 46080] INFO  ipc.Server (Server.java:run(1074)) - Starting Socket Reader #1 for port 46080
2019-10-23 22:38:03,947 [main] INFO  ipc.CallQueueManager (CallQueueManager.java:<init>(84)) - Using callQueue: class java.util.concurrent.LinkedBlockingQueue, queueCapacity: 2000, scheduler: class org.apache.hadoop.ipc.DefaultRpcScheduler, ipcBackoff: false.
2019-10-23 22:38:03,949 [Socket Reader #1 for port 46416] INFO  ipc.Server (Server.java:run(1074)) - Starting Socket Reader #1 for port 46416
2019-10-23 22:38:03,959 [main] INFO  ipc.CallQueueManager (CallQueueManager.java:<init>(84)) - Using callQueue: class java.util.concurrent.LinkedBlockingQueue, queueCapacity: 2000, scheduler: class org.apache.hadoop.ipc.DefaultRpcScheduler, ipcBackoff: false.
2019-10-23 22:38:03,960 [Socket Reader #1 for port 34591] INFO  ipc.Server (Server.java:run(1074)) - Starting Socket Reader #1 for port 34591
2019-10-23 22:38:03,986 [main] INFO  hdfs.DFSUtil (DFSUtil.java:httpServerTemplateForNNAndJN(1641)) - Starting Web-server for scm at: http://0.0.0.0:0
2019-10-23 22:38:04,120 [main] INFO  server.AuthenticationFilter (AuthenticationFilter.java:constructSecretProvider(240)) - Unable to initialize FileSignerSecretProvider, falling back to use random secrets.
2019-10-23 22:38:04,129 [main] WARN  http.HttpRequestLog (HttpRequestLog.java:getRequestLog(97)) - Jetty request log can only be enabled using Log4j
2019-10-23 22:38:04,136 [main] INFO  http.HttpServer2 (HttpServer2.java:addGlobalFilter(975)) - Added global filter 'safety' (class=org.apache.hadoop.http.HttpServer2$QuotingInputFilter)
2019-10-23 22:38:04,139 [main] INFO  http.HttpServer2 (HttpServer2.java:addFilter(948)) - Added filter static_user_filter (class=org.apache.hadoop.http.lib.StaticUserWebFilter$StaticUserFilter) to context scm
2019-10-23 22:38:04,139 [main] INFO  http.HttpServer2 (HttpServer2.java:addFilter(958)) - Added filter static_user_filter (class=org.apache.hadoop.http.lib.StaticUserWebFilter$StaticUserFilter) to context logs
2019-10-23 22:38:04,139 [main] INFO  http.HttpServer2 (HttpServer2.java:addFilter(958)) - Added filter static_user_filter (class=org.apache.hadoop.http.lib.StaticUserWebFilter$StaticUserFilter) to context static
2019-10-23 22:38:04,169 [main] INFO  server.StorageContainerManager (StorageContainerManager.java:start(772)) - StorageContainerLocationProtocol RPC server is listening at /0.0.0.0:34591
2019-10-23 22:38:04,227 [main] WARN  impl.MetricsConfig (MetricsConfig.java:loadFirst(134)) - Cannot locate configuration: tried hadoop-metrics2-storagecontainermanager.properties,hadoop-metrics2.properties
2019-10-23 22:38:04,240 [main] INFO  impl.MetricsSystemImpl (MetricsSystemImpl.java:startTimer(374)) - Scheduled Metric snapshot period at 10 second(s).
2019-10-23 22:38:04,240 [main] INFO  impl.MetricsSystemImpl (MetricsSystemImpl.java:start(191)) - StorageContainerManager metrics system started
2019-10-23 22:38:04,461 [main] INFO  server.SCMClientProtocolServer (SCMClientProtocolServer.java:start(159)) - RPC server for Client  is listening at /0.0.0.0:34591
2019-10-23 22:38:04,462 [IPC Server Responder] INFO  ipc.Server (Server.java:run(1314)) - IPC Server Responder: starting
2019-10-23 22:38:04,462 [IPC Server listener on 34591] INFO  ipc.Server (Server.java:run(1153)) - IPC Server listener on 34591: starting
2019-10-23 22:38:04,465 [main] INFO  server.StorageContainerManager (StorageContainerManager.java:start(782)) - ScmBlockLocationProtocol RPC server is listening at /0.0.0.0:46416
2019-10-23 22:38:04,466 [main] INFO  server.SCMBlockProtocolServer (SCMBlockProtocolServer.java:start(146)) - RPC server for Block Protocol is listening at /0.0.0.0:46416
2019-10-23 22:38:04,466 [IPC Server Responder] INFO  ipc.Server (Server.java:run(1314)) - IPC Server Responder: starting
2019-10-23 22:38:04,466 [IPC Server listener on 46416] INFO  ipc.Server (Server.java:run(1153)) - IPC Server listener on 46416: starting
2019-10-23 22:38:04,469 [main] INFO  server.StorageContainerManager (StorageContainerManager.java:start(786)) - ScmDatanodeProtocl RPC server is listening at /0.0.0.0:46080
2019-10-23 22:38:04,469 [main] INFO  server.SCMDatanodeProtocolServer (SCMDatanodeProtocolServer.java:start(169)) - RPC server for DataNodes is listening at /0.0.0.0:46080
2019-10-23 22:38:04,470 [IPC Server Responder] INFO  ipc.Server (Server.java:run(1314)) - IPC Server Responder: starting
2019-10-23 22:38:04,470 [IPC Server listener on 46080] INFO  ipc.Server (Server.java:run(1153)) - IPC Server listener on 46080: starting
2019-10-23 22:38:04,474 [main] INFO  http.HttpServer2 (HttpServer2.java:bindListener(1191)) - Jetty bound to port 44837
2019-10-23 22:38:04,475 [main] INFO  server.Server (Server.java:doStart(351)) - jetty-9.3.25.v20180904, build timestamp: 2018-09-04T21:11:46Z, git hash: 3ce520221d0240229c862b122d2b06c12a625732
2019-10-23 22:38:04,511 [main] INFO  handler.ContextHandler (ContextHandler.java:doStart(781)) - Started o.e.j.s.ServletContextHandler@42f8285e{/logs,file:///workdir/hadoop-ozone/integration-test/target/log,AVAILABLE}
2019-10-23 22:38:04,512 [main] INFO  handler.ContextHandler (ContextHandler.java:doStart(781)) - Started o.e.j.s.ServletContextHandler@3724af13{/static,file:///workdir/hadoop-ozone/integration-test/target/test-classes/webapps/static,AVAILABLE}
2019-10-23 22:38:04,570 [main] INFO  handler.ContextHandler (ContextHandler.java:doStart(781)) - Started o.e.j.w.WebAppContext@24a1c17f{/,file:///workdir/hadoop-ozone/integration-test/target/test-classes/webapps/scm/,AVAILABLE}{/scm}
2019-10-23 22:38:04,578 [main] INFO  server.AbstractConnector (AbstractConnector.java:doStart(278)) - Started ServerConnector@4d63b624{HTTP/1.1,[http/1.1]}{0.0.0.0:44837}
2019-10-23 22:38:04,578 [main] INFO  server.Server (Server.java:doStart(419)) - Started @2605ms
2019-10-23 22:38:04,581 [main] INFO  impl.MetricsSinkAdapter (MetricsSinkAdapter.java:start(204)) - Sink prometheus started
2019-10-23 22:38:04,581 [main] INFO  impl.MetricsSystemImpl (MetricsSystemImpl.java:registerSink(301)) - Registered sink prometheus
2019-10-23 22:38:04,583 [main] INFO  server.BaseHttpServer (BaseHttpServer.java:updateConnectorAddress(215)) - HTTP server of SCM is listening at http://0.0.0.0:44837
2019-10-23 22:38:04,590 [org.apache.hadoop.util.JvmPauseMonitor$Monitor@4b629f13] INFO  util.JvmPauseMonitor (JvmPauseMonitor.java:run(188)) - Starting JVM pause monitor
2019-10-23 22:38:04,594 [main] WARN  server.ServerUtils (ServerUtils.java:getDBPath(222)) - ozone.om.db.dirs is not configured. We recommend adding this setting. Falling back to ozone.metadata.dirs instead.
2019-10-23 22:38:04,702 [main] INFO  ha.OMHANodeDetails (OMHANodeDetails.java:loadOMHAConfig(190)) - Configuration either no ozone.om.address set. Falling back to the default OM address /127.0.0.1:0
2019-10-23 22:38:04,702 [main] INFO  ha.OMHANodeDetails (OMHANodeDetails.java:getOMNodeDetails(220)) - OM Service ID is not set. Setting it to the default ID: omServiceIdDefault
2019-10-23 22:38:04,704 [main] WARN  server.ServerUtils (ServerUtils.java:getDBPath(222)) - ozone.om.db.dirs is not configured. We recommend adding this setting. Falling back to ozone.metadata.dirs instead.
2019-10-23 22:38:04,705 [main] WARN  server.ServerUtils (ServerUtils.java:getDBPath(222)) - ozone.om.db.dirs is not configured. We recommend adding this setting. Falling back to ozone.metadata.dirs instead.
2019-10-23 22:38:05,356 [main] WARN  server.ServerUtils (ServerUtils.java:getDBPath(222)) - ozone.om.db.dirs is not configured. We recommend adding this setting. Falling back to ozone.metadata.dirs instead.
2019-10-23 22:38:05,366 [main] INFO  db.DBStoreBuilder (DBStoreBuilder.java:addTable(117)) - using custom profile for table: userTable
2019-10-23 22:38:05,367 [main] INFO  db.DBStoreBuilder (DBStoreBuilder.java:processTables(168)) - Using default column profile:DBProfile.DISK for Table:userTable
2019-10-23 22:38:05,367 [main] INFO  db.DBStoreBuilder (DBStoreBuilder.java:addTable(117)) - using custom profile for table: volumeTable
2019-10-23 22:38:05,367 [main] INFO  db.DBStoreBuilder (DBStoreBuilder.java:processTables(168)) - Using default column profile:DBProfile.DISK for Table:volumeTable
2019-10-23 22:38:05,367 [main] INFO  db.DBStoreBuilder (DBStoreBuilder.java:addTable(117)) - using custom profile for table: bucketTable
2019-10-23 22:38:05,368 [main] INFO  db.DBStoreBuilder (DBStoreBuilder.java:processTables(168)) - Using default column profile:DBProfile.DISK for Table:bucketTable
2019-10-23 22:38:05,368 [main] INFO  db.DBStoreBuilder (DBStoreBuilder.java:addTable(117)) - using custom profile for table: keyTable
2019-10-23 22:38:05,368 [main] INFO  db.DBStoreBuilder (DBStoreBuilder.java:processTables(168)) - Using default column profile:DBProfile.DISK for Table:keyTable
2019-10-23 22:38:05,369 [main] INFO  db.DBStoreBuilder (DBStoreBuilder.java:addTable(117)) - using custom profile for table: deletedTable
2019-10-23 22:38:05,369 [main] INFO  db.DBStoreBuilder (DBStoreBuilder.java:processTables(168)) - Using default column profile:DBProfile.DISK for Table:deletedTable
2019-10-23 22:38:05,369 [main] INFO  db.DBStoreBuilder (DBStoreBuilder.java:addTable(117)) - using custom profile for table: openKeyTable
2019-10-23 22:38:05,369 [main] INFO  db.DBStoreBuilder (DBStoreBuilder.java:processTables(168)) - Using default column profile:DBProfile.DISK for Table:openKeyTable
2019-10-23 22:38:05,370 [main] INFO  db.DBStoreBuilder (DBStoreBuilder.java:addTable(117)) - using custom profile for table: s3Table
2019-10-23 22:38:05,370 [main] INFO  db.DBStoreBuilder (DBStoreBuilder.java:processTables(168)) - Using default column profile:DBProfile.DISK for Table:s3Table
2019-10-23 22:38:05,370 [main] INFO  db.DBStoreBuilder (DBStoreBuilder.java:addTable(117)) - using custom profile for table: multipartInfoTable
2019-10-23 22:38:05,370 [main] INFO  db.DBStoreBuilder (DBStoreBuilder.java:processTables(168)) - Using default column profile:DBProfile.DISK for Table:multipartInfoTable
2019-10-23 22:38:05,371 [main] INFO  db.DBStoreBuilder (DBStoreBuilder.java:addTable(117)) - using custom profile for table: dTokenTable
2019-10-23 22:38:05,371 [main] INFO  db.DBStoreBuilder (DBStoreBuilder.java:processTables(168)) - Using default column profile:DBProfile.DISK for Table:dTokenTable
2019-10-23 22:38:05,371 [main] INFO  db.DBStoreBuilder (DBStoreBuilder.java:addTable(117)) - using custom profile for table: s3SecretTable
2019-10-23 22:38:05,371 [main] INFO  db.DBStoreBuilder (DBStoreBuilder.java:processTables(168)) - Using default column profile:DBProfile.DISK for Table:s3SecretTable
2019-10-23 22:38:05,372 [main] INFO  db.DBStoreBuilder (DBStoreBuilder.java:addTable(117)) - using custom profile for table: prefixTable
2019-10-23 22:38:05,372 [main] INFO  db.DBStoreBuilder (DBStoreBuilder.java:processTables(168)) - Using default column profile:DBProfile.DISK for Table:prefixTable
2019-10-23 22:38:05,372 [main] INFO  db.DBStoreBuilder (DBStoreBuilder.java:addTable(117)) - using custom profile for table: default
2019-10-23 22:38:05,373 [main] INFO  db.DBStoreBuilder (DBStoreBuilder.java:processTables(174)) - Using default column profile:DBProfile.DISK for Table:default
2019-10-23 22:38:05,373 [main] INFO  db.DBStoreBuilder (DBStoreBuilder.java:getDbProfile(205)) - Using default options. DBProfile.DISK
2019-10-23 22:38:05,629 [main] INFO  ipc.CallQueueManager (CallQueueManager.java:<init>(84)) - Using callQueue: class java.util.concurrent.LinkedBlockingQueue, queueCapacity: 2000, scheduler: class org.apache.hadoop.ipc.DefaultRpcScheduler, ipcBackoff: false.
2019-10-23 22:38:05,630 [Socket Reader #1 for port 42669] INFO  ipc.Server (Server.java:run(1074)) - Starting Socket Reader #1 for port 42669
2019-10-23 22:38:05,659 [main] INFO  om.OzoneManager (OzoneManager.java:start(1074)) - OzoneManager RPC server is listening at localhost/127.0.0.1:42669
2019-10-23 22:38:05,659 [main] INFO  impl.MetricsSystemImpl (MetricsSystemImpl.java:init(158)) - OzoneManager metrics system started (again)
2019-10-23 22:38:05,668 [IPC Server Responder] INFO  ipc.Server (Server.java:run(1314)) - IPC Server Responder: starting
2019-10-23 22:38:05,668 [IPC Server listener on 42669] INFO  ipc.Server (Server.java:run(1153)) - IPC Server listener on 42669: starting
2019-10-23 22:38:05,675 [main] INFO  hdfs.DFSUtil (DFSUtil.java:httpServerTemplateForNNAndJN(1641)) - Starting Web-server for ozoneManager at: http://0.0.0.0:0
2019-10-23 22:38:05,677 [main] INFO  server.AuthenticationFilter (AuthenticationFilter.java:constructSecretProvider(240)) - Unable to initialize FileSignerSecretProvider, falling back to use random secrets.
2019-10-23 22:38:05,678 [main] WARN  http.HttpRequestLog (HttpRequestLog.java:getRequestLog(97)) - Jetty request log can only be enabled using Log4j
2019-10-23 22:38:05,681 [main] INFO  http.HttpServer2 (HttpServer2.java:addGlobalFilter(975)) - Added global filter 'safety' (class=org.apache.hadoop.http.HttpServer2$QuotingInputFilter)
2019-10-23 22:38:05,683 [main] INFO  http.HttpServer2 (HttpServer2.java:addFilter(948)) - Added filter static_user_filter (class=org.apache.hadoop.http.lib.StaticUserWebFilter$StaticUserFilter) to context ozoneManager
2019-10-23 22:38:05,683 [main] INFO  http.HttpServer2 (HttpServer2.java:addFilter(958)) - Added filter static_user_filter (class=org.apache.hadoop.http.lib.StaticUserWebFilter$StaticUserFilter) to context static
2019-10-23 22:38:05,683 [main] INFO  http.HttpServer2 (HttpServer2.java:addFilter(958)) - Added filter static_user_filter (class=org.apache.hadoop.http.lib.StaticUserWebFilter$StaticUserFilter) to context logs
2019-10-23 22:38:05,687 [main] INFO  http.HttpServer2 (HttpServer2.java:bindListener(1191)) - Jetty bound to port 42920
2019-10-23 22:38:05,687 [main] INFO  server.Server (Server.java:doStart(351)) - jetty-9.3.25.v20180904, build timestamp: 2018-09-04T21:11:46Z, git hash: 3ce520221d0240229c862b122d2b06c12a625732
2019-10-23 22:38:05,690 [main] INFO  handler.ContextHandler (ContextHandler.java:doStart(781)) - Started o.e.j.s.ServletContextHandler@aa10649{/logs,file:///workdir/hadoop-ozone/integration-test/target/log,AVAILABLE}
2019-10-23 22:38:05,691 [main] INFO  handler.ContextHandler (ContextHandler.java:doStart(781)) - Started o.e.j.s.ServletContextHandler@37095ded{/static,file:///workdir/hadoop-ozone/integration-test/target/test-classes/webapps/static,AVAILABLE}
2019-10-23 22:38:05,698 [main] INFO  handler.ContextHandler (ContextHandler.java:doStart(781)) - Started o.e.j.w.WebAppContext@75b3673{/,file:///workdir/hadoop-ozone/integration-test/target/test-classes/webapps/ozoneManager/,AVAILABLE}{/ozoneManager}
2019-10-23 22:38:05,699 [main] INFO  server.AbstractConnector (AbstractConnector.java:doStart(278)) - Started ServerConnector@1bcb79c2{HTTP/1.1,[http/1.1]}{0.0.0.0:42920}
2019-10-23 22:38:05,699 [main] INFO  server.Server (Server.java:doStart(419)) - Started @3726ms
2019-10-23 22:38:05,699 [main] WARN  impl.MetricsSystemImpl (MetricsSystemImpl.java:register(276)) - Sink prometheus already exists!
2019-10-23 22:38:05,701 [main] INFO  server.BaseHttpServer (BaseHttpServer.java:updateConnectorAddress(215)) - HTTP server of OZONEMANAGER is listening at http://0.0.0.0:42920
2019-10-23 22:38:06,011 [main] INFO  impl.MetricsSystemImpl (MetricsSystemImpl.java:init(158)) - HddsDatanode metrics system started (again)
2019-10-23 22:38:06,054 [main] INFO  ozone.HddsDatanodeService (HddsDatanodeService.java:start(184)) - HddsDatanodeService host:pr-hdds-2311-7bgld-1842715332 ip:192.168.157.195
2019-10-23 22:38:06,085 [main] INFO  volume.HddsVolume (HddsVolume.java:<init>(176)) - Creating Volume: /workdir/hadoop-ozone/integration-test/target/test-dir/MiniOzoneClusterImpl-da3a6117-6078-43df-8e08-80734442ab50/datanode-0/data/containers/hdds of  storage type : DISK and capacity : 1482555576320
2019-10-23 22:38:06,087 [main] INFO  volume.VolumeSet (VolumeSet.java:initializeVolumeSet(170)) - Added Volume : /workdir/hadoop-ozone/integration-test/target/test-dir/MiniOzoneClusterImpl-da3a6117-6078-43df-8e08-80734442ab50/datanode-0/data/containers/hdds to VolumeSet
2019-10-23 22:38:06,089 [main] INFO  volume.ThrottledAsyncChecker (ThrottledAsyncChecker.java:schedule(141)) - Scheduling a check for /workdir/hadoop-ozone/integration-test/target/test-dir/MiniOzoneClusterImpl-da3a6117-6078-43df-8e08-80734442ab50/datanode-0/data/containers/hdds
2019-10-23 22:38:06,106 [main] INFO  volume.HddsVolumeChecker (HddsVolumeChecker.java:checkAllVolumes(204)) - Scheduled health check for volume /workdir/hadoop-ozone/integration-test/target/test-dir/MiniOzoneClusterImpl-da3a6117-6078-43df-8e08-80734442ab50/datanode-0/data/containers/hdds
2019-10-23 22:38:06,208 [main] INFO  impl.RaftServerProxy (ConfUtils.java:logGet(43)) - raft.rpc.type = GRPC (default)
2019-10-23 22:38:06,267 [main] INFO  grpc.GrpcFactory (GrpcFactory.java:checkPooledByteBufAllocatorUseCacheForAllThreads(45)) - PERFORMANCE WARNING: useCacheForAllThreads is true that may cause Netty to create a lot garbage objects and, as a result, trigger GC.
	It is recommended to disable useCacheForAllThreads by setting -Dorg.apache.ratis.thirdparty.io.netty.allocator.useCacheForAllThreads=false in command line.
2019-10-23 22:38:06,271 [main] INFO  grpc.GrpcConfigKeys$Server (ConfUtils.java:logGet(43)) - raft.grpc.server.port = 0 (default)
2019-10-23 22:38:06,272 [main] INFO  server.GrpcService (ConfUtils.java:logGet(43)) - raft.grpc.message.size.max = 33570816 (custom)
2019-10-23 22:38:06,274 [main] INFO  server.RaftServerConfigKeys (ConfUtils.java:logGet(43)) - raft.server.log.appender.buffer.byte-limit = 33554432 (custom)
2019-10-23 22:38:06,274 [main] INFO  server.GrpcService (ConfUtils.java:logGet(43)) - raft.grpc.flow.control.window = 1MB (=1048576) (default)
2019-10-23 22:38:06,275 [main] INFO  server.RaftServerConfigKeys (ConfUtils.java:logGet(43)) - raft.server.rpc.request.timeout = 3000ms (default)
2019-10-23 22:38:06,423 [main] INFO  server.RaftServerConfigKeys (ConfUtils.java:logGet(43)) - raft.server.storage.dir = [/workdir/hadoop-ozone/integration-test/target/test-dir/MiniOzoneClusterImpl-da3a6117-6078-43df-8e08-80734442ab50/datanode-0/data/ratis] (custom)
2019-10-23 22:38:06,469 [main] INFO  hdfs.DFSUtil (DFSUtil.java:httpServerTemplateForNNAndJN(1641)) - Starting Web-server for hddsDatanode at: http://0.0.0.0:0
2019-10-23 22:38:06,471 [main] INFO  server.AuthenticationFilter (AuthenticationFilter.java:constructSecretProvider(240)) - Unable to initialize FileSignerSecretProvider, falling back to use random secrets.
2019-10-23 22:38:06,471 [main] WARN  http.HttpRequestLog (HttpRequestLog.java:getRequestLog(97)) - Jetty request log can only be enabled using Log4j
2019-10-23 22:38:06,473 [main] INFO  http.HttpServer2 (HttpServer2.java:addGlobalFilter(975)) - Added global filter 'safety' (class=org.apache.hadoop.http.HttpServer2$QuotingInputFilter)
2019-10-23 22:38:06,473 [main] INFO  http.HttpServer2 (HttpServer2.java:addFilter(948)) - Added filter static_user_filter (class=org.apache.hadoop.http.lib.StaticUserWebFilter$StaticUserFilter) to context hddsDatanode
2019-10-23 22:38:06,473 [main] INFO  http.HttpServer2 (HttpServer2.java:addFilter(958)) - Added filter static_user_filter (class=org.apache.hadoop.http.lib.StaticUserWebFilter$StaticUserFilter) to context logs
2019-10-23 22:38:06,474 [main] INFO  http.HttpServer2 (HttpServer2.java:addFilter(958)) - Added filter static_user_filter (class=org.apache.hadoop.http.lib.StaticUserWebFilter$StaticUserFilter) to context static
2019-10-23 22:38:06,474 [main] INFO  http.HttpServer2 (HttpServer2.java:bindListener(1191)) - Jetty bound to port 34410
2019-10-23 22:38:06,475 [main] INFO  server.Server (Server.java:doStart(351)) - jetty-9.3.25.v20180904, build timestamp: 2018-09-04T21:11:46Z, git hash: 3ce520221d0240229c862b122d2b06c12a625732
2019-10-23 22:38:06,477 [main] INFO  handler.ContextHandler (ContextHandler.java:doStart(781)) - Started o.e.j.s.ServletContextHandler@60cf62ad{/logs,file:///workdir/hadoop-ozone/integration-test/target/log,AVAILABLE}
2019-10-23 22:38:06,477 [main] INFO  handler.ContextHandler (ContextHandler.java:doStart(781)) - Started o.e.j.s.ServletContextHandler@1ac4ccad{/static,jar:file:/home/user/.m2/repository/org/apache/hadoop/hadoop-hdds-container-service/0.5.0-SNAPSHOT/hadoop-hdds-container-service-0.5.0-SNAPSHOT.jar!/webapps/static,AVAILABLE}
2019-10-23 22:38:06,511 [main] INFO  handler.ContextHandler (ContextHandler.java:doStart(781)) - Started o.e.j.w.WebAppContext@de8039f{/,file:///tmp/jetty-0.0.0.0-34410-hddsDatanode-_-any-2423507427492333869.dir/webapp/,AVAILABLE}{/hddsDatanode}
2019-10-23 22:38:06,511 [main] INFO  server.AbstractConnector (AbstractConnector.java:doStart(278)) - Started ServerConnector@1deceb67{HTTP/1.1,[http/1.1]}{0.0.0.0:34410}
2019-10-23 22:38:06,512 [main] INFO  server.Server (Server.java:doStart(419)) - Started @4539ms
2019-10-23 22:38:06,512 [main] WARN  impl.MetricsSystemImpl (MetricsSystemImpl.java:register(276)) - Sink prometheus already exists!
2019-10-23 22:38:06,514 [main] INFO  server.BaseHttpServer (BaseHttpServer.java:updateConnectorAddress(215)) - HTTP server of HDDSDATANODE is listening at http://0.0.0.0:34410
2019-10-23 22:38:06,514 [main] INFO  impl.MetricsSystemImpl (MetricsSystemImpl.java:init(158)) - HddsDatanode metrics system started (again)
2019-10-23 22:38:06,516 [main] INFO  ozone.HddsDatanodeService (HddsDatanodeService.java:start(184)) - HddsDatanodeService host:pr-hdds-2311-7bgld-1842715332 ip:192.168.157.195
2019-10-23 22:38:06,519 [org.apache.hadoop.util.JvmPauseMonitor$Monitor@3b946576] INFO  util.JvmPauseMonitor (JvmPauseMonitor.java:run(188)) - Starting JVM pause monitor
2019-10-23 22:38:06,525 [main] INFO  volume.HddsVolume (HddsVolume.java:<init>(176)) - Creating Volume: /workdir/hadoop-ozone/integration-test/target/test-dir/MiniOzoneClusterImpl-da3a6117-6078-43df-8e08-80734442ab50/datanode-1/data/containers/hdds of  storage type : DISK and capacity : 1482555576320
2019-10-23 22:38:06,526 [main] INFO  volume.VolumeSet (VolumeSet.java:initializeVolumeSet(170)) - Added Volume : /workdir/hadoop-ozone/integration-test/target/test-dir/MiniOzoneClusterImpl-da3a6117-6078-43df-8e08-80734442ab50/datanode-1/data/containers/hdds to VolumeSet
2019-10-23 22:38:06,526 [main] INFO  volume.ThrottledAsyncChecker (ThrottledAsyncChecker.java:schedule(141)) - Scheduling a check for /workdir/hadoop-ozone/integration-test/target/test-dir/MiniOzoneClusterImpl-da3a6117-6078-43df-8e08-80734442ab50/datanode-1/data/containers/hdds
2019-10-23 22:38:06,527 [main] INFO  volume.HddsVolumeChecker (HddsVolumeChecker.java:checkAllVolumes(204)) - Scheduled health check for volume /workdir/hadoop-ozone/integration-test/target/test-dir/MiniOzoneClusterImpl-da3a6117-6078-43df-8e08-80734442ab50/datanode-1/data/containers/hdds
2019-10-23 22:38:06,539 [main] INFO  impl.RaftServerProxy (ConfUtils.java:logGet(43)) - raft.rpc.type = GRPC (default)
2019-10-23 22:38:06,539 [main] INFO  grpc.GrpcFactory (GrpcFactory.java:checkPooledByteBufAllocatorUseCacheForAllThreads(45)) - PERFORMANCE WARNING: useCacheForAllThreads is true that may cause Netty to create a lot garbage objects and, as a result, trigger GC.
	It is recommended to disable useCacheForAllThreads by setting -Dorg.apache.ratis.thirdparty.io.netty.allocator.useCacheForAllThreads=false in command line.
2019-10-23 22:38:06,540 [main] INFO  grpc.GrpcConfigKeys$Server (ConfUtils.java:logGet(43)) - raft.grpc.server.port = 0 (default)
2019-10-23 22:38:06,540 [main] INFO  server.GrpcService (ConfUtils.java:logGet(43)) - raft.grpc.message.size.max = 33570816 (custom)
2019-10-23 22:38:06,540 [main] INFO  server.RaftServerConfigKeys (ConfUtils.java:logGet(43)) - raft.server.log.appender.buffer.byte-limit = 33554432 (custom)
2019-10-23 22:38:06,540 [main] INFO  server.GrpcService (ConfUtils.java:logGet(43)) - raft.grpc.flow.control.window = 1MB (=1048576) (default)
2019-10-23 22:38:06,540 [main] INFO  server.RaftServerConfigKeys (ConfUtils.java:logGet(43)) - raft.server.rpc.request.timeout = 3000ms (default)
2019-10-23 22:38:06,541 [main] INFO  server.RaftServerConfigKeys (ConfUtils.java:logGet(43)) - raft.server.storage.dir = [/workdir/hadoop-ozone/integration-test/target/test-dir/MiniOzoneClusterImpl-da3a6117-6078-43df-8e08-80734442ab50/datanode-1/data/ratis] (custom)
2019-10-23 22:38:06,542 [main] INFO  hdfs.DFSUtil (DFSUtil.java:httpServerTemplateForNNAndJN(1641)) - Starting Web-server for hddsDatanode at: http://0.0.0.0:0
2019-10-23 22:38:06,544 [main] INFO  server.AuthenticationFilter (AuthenticationFilter.java:constructSecretProvider(240)) - Unable to initialize FileSignerSecretProvider, falling back to use random secrets.
2019-10-23 22:38:06,544 [main] WARN  http.HttpRequestLog (HttpRequestLog.java:getRequestLog(97)) - Jetty request log can only be enabled using Log4j
2019-10-23 22:38:06,545 [main] INFO  http.HttpServer2 (HttpServer2.java:addGlobalFilter(975)) - Added global filter 'safety' (class=org.apache.hadoop.http.HttpServer2$QuotingInputFilter)
2019-10-23 22:38:06,546 [main] INFO  http.HttpServer2 (HttpServer2.java:addFilter(948)) - Added filter static_user_filter (class=org.apache.hadoop.http.lib.StaticUserWebFilter$StaticUserFilter) to context hddsDatanode
2019-10-23 22:38:06,546 [main] INFO  http.HttpServer2 (HttpServer2.java:addFilter(958)) - Added filter static_user_filter (class=org.apache.hadoop.http.lib.StaticUserWebFilter$StaticUserFilter) to context logs
2019-10-23 22:38:06,546 [main] INFO  http.HttpServer2 (HttpServer2.java:addFilter(958)) - Added filter static_user_filter (class=org.apache.hadoop.http.lib.StaticUserWebFilter$StaticUserFilter) to context static
2019-10-23 22:38:06,547 [main] INFO  http.HttpServer2 (HttpServer2.java:bindListener(1191)) - Jetty bound to port 43899
2019-10-23 22:38:06,547 [main] INFO  server.Server (Server.java:doStart(351)) - jetty-9.3.25.v20180904, build timestamp: 2018-09-04T21:11:46Z, git hash: 3ce520221d0240229c862b122d2b06c12a625732
2019-10-23 22:38:06,549 [main] INFO  handler.ContextHandler (ContextHandler.java:doStart(781)) - Started o.e.j.s.ServletContextHandler@1907874b{/logs,file:///workdir/hadoop-ozone/integration-test/target/log,AVAILABLE}
2019-10-23 22:38:06,550 [main] INFO  handler.ContextHandler (ContextHandler.java:doStart(781)) - Started o.e.j.s.ServletContextHandler@5b3a7ef5{/static,jar:file:/home/user/.m2/repository/org/apache/hadoop/hadoop-hdds-container-service/0.5.0-SNAPSHOT/hadoop-hdds-container-service-0.5.0-SNAPSHOT.jar!/webapps/static,AVAILABLE}
2019-10-23 22:38:06,580 [main] INFO  handler.ContextHandler (ContextHandler.java:doStart(781)) - Started o.e.j.w.WebAppContext@660f0c{/,file:///tmp/jetty-0.0.0.0-43899-hddsDatanode-_-any-226075195706598563.dir/webapp/,AVAILABLE}{/hddsDatanode}
2019-10-23 22:38:06,580 [main] INFO  server.AbstractConnector (AbstractConnector.java:doStart(278)) - Started ServerConnector@7a0ef219{HTTP/1.1,[http/1.1]}{0.0.0.0:43899}
2019-10-23 22:38:06,581 [main] INFO  server.Server (Server.java:doStart(419)) - Started @4608ms
2019-10-23 22:38:06,581 [main] WARN  impl.MetricsSystemImpl (MetricsSystemImpl.java:register(276)) - Sink prometheus already exists!
2019-10-23 22:38:06,583 [main] INFO  server.BaseHttpServer (BaseHttpServer.java:updateConnectorAddress(215)) - HTTP server of HDDSDATANODE is listening at http://0.0.0.0:43899
2019-10-23 22:38:06,583 [main] INFO  impl.MetricsSystemImpl (MetricsSystemImpl.java:init(158)) - HddsDatanode metrics system started (again)
2019-10-23 22:38:06,585 [main] INFO  ozone.HddsDatanodeService (HddsDatanodeService.java:start(184)) - HddsDatanodeService host:pr-hdds-2311-7bgld-1842715332 ip:192.168.157.195
2019-10-23 22:38:06,585 [org.apache.hadoop.util.JvmPauseMonitor$Monitor@701088c4] INFO  util.JvmPauseMonitor (JvmPauseMonitor.java:run(188)) - Starting JVM pause monitor
2019-10-23 22:38:06,594 [main] INFO  volume.HddsVolume (HddsVolume.java:<init>(176)) - Creating Volume: /workdir/hadoop-ozone/integration-test/target/test-dir/MiniOzoneClusterImpl-da3a6117-6078-43df-8e08-80734442ab50/datanode-2/data/containers/hdds of  storage type : DISK and capacity : 1482555576320
2019-10-23 22:38:06,595 [main] INFO  volume.VolumeSet (VolumeSet.java:initializeVolumeSet(170)) - Added Volume : /workdir/hadoop-ozone/integration-test/target/test-dir/MiniOzoneClusterImpl-da3a6117-6078-43df-8e08-80734442ab50/datanode-2/data/containers/hdds to VolumeSet
2019-10-23 22:38:06,595 [main] INFO  volume.ThrottledAsyncChecker (ThrottledAsyncChecker.java:schedule(141)) - Scheduling a check for /workdir/hadoop-ozone/integration-test/target/test-dir/MiniOzoneClusterImpl-da3a6117-6078-43df-8e08-80734442ab50/datanode-2/data/containers/hdds
2019-10-23 22:38:06,595 [main] INFO  volume.HddsVolumeChecker (HddsVolumeChecker.java:checkAllVolumes(204)) - Scheduled health check for volume /workdir/hadoop-ozone/integration-test/target/test-dir/MiniOzoneClusterImpl-da3a6117-6078-43df-8e08-80734442ab50/datanode-2/data/containers/hdds
2019-10-23 22:38:06,610 [main] INFO  impl.RaftServerProxy (ConfUtils.java:logGet(43)) - raft.rpc.type = GRPC (default)
2019-10-23 22:38:06,611 [main] INFO  grpc.GrpcFactory (GrpcFactory.java:checkPooledByteBufAllocatorUseCacheForAllThreads(45)) - PERFORMANCE WARNING: useCacheForAllThreads is true that may cause Netty to create a lot garbage objects and, as a result, trigger GC.
	It is recommended to disable useCacheForAllThreads by setting -Dorg.apache.ratis.thirdparty.io.netty.allocator.useCacheForAllThreads=false in command line.
2019-10-23 22:38:06,611 [main] INFO  grpc.GrpcConfigKeys$Server (ConfUtils.java:logGet(43)) - raft.grpc.server.port = 0 (default)
2019-10-23 22:38:06,611 [main] INFO  server.GrpcService (ConfUtils.java:logGet(43)) - raft.grpc.message.size.max = 33570816 (custom)
2019-10-23 22:38:06,611 [main] INFO  server.RaftServerConfigKeys (ConfUtils.java:logGet(43)) - raft.server.log.appender.buffer.byte-limit = 33554432 (custom)
2019-10-23 22:38:06,612 [main] INFO  server.GrpcService (ConfUtils.java:logGet(43)) - raft.grpc.flow.control.window = 1MB (=1048576) (default)
2019-10-23 22:38:06,612 [main] INFO  server.RaftServerConfigKeys (ConfUtils.java:logGet(43)) - raft.server.rpc.request.timeout = 3000ms (default)
2019-10-23 22:38:06,612 [main] INFO  server.RaftServerConfigKeys (ConfUtils.java:logGet(43)) - raft.server.storage.dir = [/workdir/hadoop-ozone/integration-test/target/test-dir/MiniOzoneClusterImpl-da3a6117-6078-43df-8e08-80734442ab50/datanode-2/data/ratis] (custom)
2019-10-23 22:38:06,615 [main] INFO  hdfs.DFSUtil (DFSUtil.java:httpServerTemplateForNNAndJN(1641)) - Starting Web-server for hddsDatanode at: http://0.0.0.0:0
2019-10-23 22:38:06,617 [main] INFO  server.AuthenticationFilter (AuthenticationFilter.java:constructSecretProvider(240)) - Unable to initialize FileSignerSecretProvider, falling back to use random secrets.
2019-10-23 22:38:06,617 [main] WARN  http.HttpRequestLog (HttpRequestLog.java:getRequestLog(97)) - Jetty request log can only be enabled using Log4j
2019-10-23 22:38:06,619 [main] INFO  http.HttpServer2 (HttpServer2.java:addGlobalFilter(975)) - Added global filter 'safety' (class=org.apache.hadoop.http.HttpServer2$QuotingInputFilter)
2019-10-23 22:38:06,620 [main] INFO  http.HttpServer2 (HttpServer2.java:addFilter(948)) - Added filter static_user_filter (class=org.apache.hadoop.http.lib.StaticUserWebFilter$StaticUserFilter) to context hddsDatanode
2019-10-23 22:38:06,621 [main] INFO  http.HttpServer2 (HttpServer2.java:addFilter(958)) - Added filter static_user_filter (class=org.apache.hadoop.http.lib.StaticUserWebFilter$StaticUserFilter) to context logs
2019-10-23 22:38:06,621 [main] INFO  http.HttpServer2 (HttpServer2.java:addFilter(958)) - Added filter static_user_filter (class=org.apache.hadoop.http.lib.StaticUserWebFilter$StaticUserFilter) to context static
2019-10-23 22:38:06,622 [main] INFO  http.HttpServer2 (HttpServer2.java:bindListener(1191)) - Jetty bound to port 38971
2019-10-23 22:38:06,622 [main] INFO  server.Server (Server.java:doStart(351)) - jetty-9.3.25.v20180904, build timestamp: 2018-09-04T21:11:46Z, git hash: 3ce520221d0240229c862b122d2b06c12a625732
2019-10-23 22:38:06,627 [main] INFO  handler.ContextHandler (ContextHandler.java:doStart(781)) - Started o.e.j.s.ServletContextHandler@6069dd38{/logs,file:///workdir/hadoop-ozone/integration-test/target/log,AVAILABLE}
2019-10-23 22:38:06,627 [main] INFO  handler.ContextHandler (ContextHandler.java:doStart(781)) - Started o.e.j.s.ServletContextHandler@558756be{/static,jar:file:/home/user/.m2/repository/org/apache/hadoop/hadoop-hdds-container-service/0.5.0-SNAPSHOT/hadoop-hdds-container-service-0.5.0-SNAPSHOT.jar!/webapps/static,AVAILABLE}
2019-10-23 22:38:06,641 [Datanode State Machine Thread - 0] INFO  datanode.InitDatanodeState (InitDatanodeState.java:persistContainerDatanodeDetails(140)) - DatanodeDetails is persisted to /workdir/hadoop-ozone/integration-test/target/test-dir/MiniOzoneClusterImpl-da3a6117-6078-43df-8e08-80734442ab50/datanode-0/meta/datanode.id
2019-10-23 22:38:06,645 [Datanode State Machine Thread - 0] INFO  datanode.InitDatanodeState (InitDatanodeState.java:persistContainerDatanodeDetails(140)) - DatanodeDetails is persisted to /workdir/hadoop-ozone/integration-test/target/test-dir/MiniOzoneClusterImpl-da3a6117-6078-43df-8e08-80734442ab50/datanode-1/meta/datanode.id
2019-10-23 22:38:06,671 [main] INFO  handler.ContextHandler (ContextHandler.java:doStart(781)) - Started o.e.j.w.WebAppContext@54e3658c{/,file:///tmp/jetty-0.0.0.0-38971-hddsDatanode-_-any-3750590238114334391.dir/webapp/,AVAILABLE}{/hddsDatanode}
2019-10-23 22:38:06,671 [main] INFO  server.AbstractConnector (AbstractConnector.java:doStart(278)) - Started ServerConnector@43e9089{HTTP/1.1,[http/1.1]}{0.0.0.0:38971}
2019-10-23 22:38:06,672 [main] INFO  server.Server (Server.java:doStart(419)) - Started @4699ms
2019-10-23 22:38:06,673 [main] WARN  impl.MetricsSystemImpl (MetricsSystemImpl.java:register(276)) - Sink prometheus already exists!
2019-10-23 22:38:06,674 [main] INFO  server.BaseHttpServer (BaseHttpServer.java:updateConnectorAddress(215)) - HTTP server of HDDSDATANODE is listening at http://0.0.0.0:38971
2019-10-23 22:38:06,675 [main] INFO  ozone.MiniOzoneClusterImpl (MiniOzoneClusterImpl.java:lambda$waitForClusterToBeReady$0(147)) - Waiting for cluster to be ready. Got 0 of 3 DN Heartbeats.
2019-10-23 22:38:06,676 [org.apache.hadoop.util.JvmPauseMonitor$Monitor@412c5071] INFO  util.JvmPauseMonitor (JvmPauseMonitor.java:run(188)) - Starting JVM pause monitor
2019-10-23 22:38:06,679 [Datanode State Machine Thread - 0] INFO  datanode.InitDatanodeState (InitDatanodeState.java:persistContainerDatanodeDetails(140)) - DatanodeDetails is persisted to /workdir/hadoop-ozone/integration-test/target/test-dir/MiniOzoneClusterImpl-da3a6117-6078-43df-8e08-80734442ab50/datanode-2/meta/datanode.id
2019-10-23 22:38:07,675 [main] INFO  ozone.MiniOzoneClusterImpl (MiniOzoneClusterImpl.java:lambda$waitForClusterToBeReady$0(147)) - Waiting for cluster to be ready. Got 0 of 3 DN Heartbeats.
2019-10-23 22:38:08,613 [Datanode State Machine Thread - 0] INFO  ozoneimpl.OzoneContainer (OzoneContainer.java:start(213)) - Attempting to start container services.
2019-10-23 22:38:08,613 [Datanode State Machine Thread - 0] INFO  ozoneimpl.OzoneContainer (OzoneContainer.java:start(213)) - Attempting to start container services.
2019-10-23 22:38:08,617 [Datanode State Machine Thread - 0] INFO  ozoneimpl.OzoneContainer (OzoneContainer.java:startContainerScrub(177)) - Background container scanner has been disabled.
2019-10-23 22:38:08,617 [Datanode State Machine Thread - 0] INFO  ozoneimpl.OzoneContainer (OzoneContainer.java:startContainerScrub(177)) - Background container scanner has been disabled.
2019-10-23 22:38:08,617 [Datanode State Machine Thread - 0] INFO  ratis.XceiverServerRatis (XceiverServerRatis.java:start(418)) - Starting XceiverServerRatis 2f4845be-2264-4a1a-8a27-f958336e1da9 at port 0
2019-10-23 22:38:08,617 [Datanode State Machine Thread - 0] INFO  ratis.XceiverServerRatis (XceiverServerRatis.java:start(418)) - Starting XceiverServerRatis 15de30e0-32e7-4789-867b-8c05fd0bfca2 at port 0
2019-10-23 22:38:08,654 [Datanode State Machine Thread - 0] INFO  impl.RaftServerProxy (RaftServerProxy.java:lambda$start$3(299)) - 15de30e0-32e7-4789-867b-8c05fd0bfca2: start RPC server
2019-10-23 22:38:08,654 [Datanode State Machine Thread - 0] INFO  impl.RaftServerProxy (RaftServerProxy.java:lambda$start$3(299)) - 2f4845be-2264-4a1a-8a27-f958336e1da9: start RPC server
2019-10-23 22:38:08,676 [main] INFO  ozone.MiniOzoneClusterImpl (MiniOzoneClusterImpl.java:lambda$waitForClusterToBeReady$0(147)) - Waiting for cluster to be ready. Got 0 of 3 DN Heartbeats.
2019-10-23 22:38:08,694 [Datanode State Machine Thread - 0] INFO  ozoneimpl.OzoneContainer (OzoneContainer.java:start(213)) - Attempting to start container services.
2019-10-23 22:38:08,701 [Datanode State Machine Thread - 0] INFO  ozoneimpl.OzoneContainer (OzoneContainer.java:startContainerScrub(177)) - Background container scanner has been disabled.
2019-10-23 22:38:08,701 [Datanode State Machine Thread - 0] INFO  ratis.XceiverServerRatis (XceiverServerRatis.java:start(418)) - Starting XceiverServerRatis 0cd5f69f-229b-4e24-9dce-31aad898d52d at port 0
2019-10-23 22:38:08,715 [Datanode State Machine Thread - 0] INFO  impl.RaftServerProxy (RaftServerProxy.java:lambda$start$3(299)) - 0cd5f69f-229b-4e24-9dce-31aad898d52d: start RPC server
2019-10-23 22:38:08,829 [Datanode State Machine Thread - 0] INFO  server.GrpcService (GrpcService.java:startImpl(158)) - 0cd5f69f-229b-4e24-9dce-31aad898d52d: GrpcService started, listening on 0.0.0.0/0.0.0.0:33132
2019-10-23 22:38:08,829 [Datanode State Machine Thread - 0] INFO  server.GrpcService (GrpcService.java:startImpl(158)) - 15de30e0-32e7-4789-867b-8c05fd0bfca2: GrpcService started, listening on 0.0.0.0/0.0.0.0:43624
2019-10-23 22:38:08,829 [Datanode State Machine Thread - 0] INFO  server.GrpcService (GrpcService.java:startImpl(158)) - 2f4845be-2264-4a1a-8a27-f958336e1da9: GrpcService started, listening on 0.0.0.0/0.0.0.0:36753
2019-10-23 22:38:08,831 [Datanode State Machine Thread - 0] INFO  ratis.XceiverServerRatis (XceiverServerRatis.java:start(428)) - XceiverServerRatis 15de30e0-32e7-4789-867b-8c05fd0bfca2 is started using port 43624
2019-10-23 22:38:08,830 [Datanode State Machine Thread - 0] INFO  ratis.XceiverServerRatis (XceiverServerRatis.java:start(428)) - XceiverServerRatis 0cd5f69f-229b-4e24-9dce-31aad898d52d is started using port 33132
2019-10-23 22:38:08,831 [Datanode State Machine Thread - 0] INFO  ratis.XceiverServerRatis (XceiverServerRatis.java:start(428)) - XceiverServerRatis 2f4845be-2264-4a1a-8a27-f958336e1da9 is started using port 36753
2019-10-23 22:38:08,837 [Datanode State Machine Thread - 0] INFO  server.XceiverServerGrpc (XceiverServerGrpc.java:start(149)) - XceiverServerGrpc 2f4845be-2264-4a1a-8a27-f958336e1da9 is started using port 33767
2019-10-23 22:38:08,837 [Datanode State Machine Thread - 0] INFO  server.XceiverServerGrpc (XceiverServerGrpc.java:start(149)) - XceiverServerGrpc 0cd5f69f-229b-4e24-9dce-31aad898d52d is started using port 46078
2019-10-23 22:38:08,837 [Datanode State Machine Thread - 0] INFO  server.XceiverServerGrpc (XceiverServerGrpc.java:start(149)) - XceiverServerGrpc 15de30e0-32e7-4789-867b-8c05fd0bfca2 is started using port 35888
2019-10-23 22:38:09,676 [main] INFO  ozone.MiniOzoneClusterImpl (MiniOzoneClusterImpl.java:lambda$waitForClusterToBeReady$0(147)) - Waiting for cluster to be ready. Got 0 of 3 DN Heartbeats.
2019-10-23 22:38:10,554 [IPC Server handler 0 on 46080] INFO  net.NetworkTopology (NetworkTopologyImpl.java:add(111)) - Added a new node: /default-rack/15de30e0-32e7-4789-867b-8c05fd0bfca2
2019-10-23 22:38:10,555 [IPC Server handler 0 on 46080] INFO  node.SCMNodeManager (SCMNodeManager.java:register(268)) - Registered Data node : 15de30e0-32e7-4789-867b-8c05fd0bfca2{ip: 192.168.157.195, host: pr-hdds-2311-7bgld-1842715332, networkLocation: /default-rack, certSerialId: null}
2019-10-23 22:38:10,558 [EventQueue-NodeRegistrationContainerReportForDataNodeSafeModeRule] INFO  safemode.SCMSafeModeManager (DataNodeSafeModeRule.java:process(71)) - SCM in safe mode. 1 DataNodes registered, 1 required.
2019-10-23 22:38:10,558 [EventQueue-NodeRegistrationContainerReportForDataNodeSafeModeRule] INFO  safemode.SCMSafeModeManager (SCMSafeModeManager.java:validateSafeModeExitRules(177)) - ScmSafeModeManager, all rules are successfully validated
2019-10-23 22:38:10,558 [EventQueue-NodeRegistrationContainerReportForDataNodeSafeModeRule] INFO  safemode.SCMSafeModeManager (SCMSafeModeManager.java:exitSafeMode(193)) - SCM exiting safe mode.
2019-10-23 22:38:10,589 [IPC Server handler 1 on 46080] INFO  net.NetworkTopology (NetworkTopologyImpl.java:add(111)) - Added a new node: /default-rack/2f4845be-2264-4a1a-8a27-f958336e1da9
2019-10-23 22:38:10,589 [IPC Server handler 1 on 46080] INFO  node.SCMNodeManager (SCMNodeManager.java:register(268)) - Registered Data node : 2f4845be-2264-4a1a-8a27-f958336e1da9{ip: 192.168.157.195, host: pr-hdds-2311-7bgld-1842715332, networkLocation: /default-rack, certSerialId: null}
2019-10-23 22:38:10,677 [main] INFO  ozone.MiniOzoneClusterImpl (MiniOzoneClusterImpl.java:lambda$waitForClusterToBeReady$0(147)) - Waiting for cluster to be ready. Got 2 of 3 DN Heartbeats.
2019-10-23 22:38:10,679 [IPC Server handler 3 on 46080] INFO  net.NetworkTopology (NetworkTopologyImpl.java:add(111)) - Added a new node: /default-rack/0cd5f69f-229b-4e24-9dce-31aad898d52d
2019-10-23 22:38:10,679 [IPC Server handler 3 on 46080] INFO  node.SCMNodeManager (SCMNodeManager.java:register(268)) - Registered Data node : 0cd5f69f-229b-4e24-9dce-31aad898d52d{ip: 192.168.157.195, host: pr-hdds-2311-7bgld-1842715332, networkLocation: /default-rack, certSerialId: null}
2019-10-23 22:38:11,052 [grpc-default-executor-0] INFO  impl.RaftServerProxy (RaftServerProxy.java:addNew(89)) - 15de30e0-32e7-4789-867b-8c05fd0bfca2: addNew group-4081AD4E5F7E:[15de30e0-32e7-4789-867b-8c05fd0bfca2:192.168.157.195:43624] returns group-4081AD4E5F7E:java.util.concurrent.CompletableFuture@7e327e05[Not completed]
2019-10-23 22:38:11,079 [pool-27-thread-1] INFO  impl.RaftServerImpl (RaftServerImpl.java:<init>(104)) - 15de30e0-32e7-4789-867b-8c05fd0bfca2: new RaftServerImpl for group-4081AD4E5F7E:[15de30e0-32e7-4789-867b-8c05fd0bfca2:192.168.157.195:43624] with ContainerStateMachine:uninitialized
2019-10-23 22:38:11,082 [pool-27-thread-1] INFO  server.RaftServerConfigKeys (ConfUtils.java:logGet(43)) - raft.server.rpc.timeout.min = 5s (custom)
2019-10-23 22:38:11,084 [pool-27-thread-1] INFO  server.RaftServerConfigKeys (ConfUtils.java:logGet(43)) - raft.server.rpc.timeout.max = 5200ms (custom)
2019-10-23 22:38:11,084 [pool-27-thread-1] INFO  server.RaftServerConfigKeys (ConfUtils.java:logGet(43)) - raft.server.rpcslowness.timeout = 1000s (custom)
2019-10-23 22:38:11,085 [pool-27-thread-1] INFO  server.RaftServerConfigKeys (ConfUtils.java:logGet(43)) - raft.server.sleep.deviation.threshold = 300 (default)
2019-10-23 22:38:11,087 [pool-27-thread-1] INFO  server.RaftServerConfigKeys (ConfUtils.java:logGet(43)) - raft.server.log.appender.install.snapshot.enabled = false (custom)
2019-10-23 22:38:11,096 [pool-27-thread-1] INFO  impl.RaftServerImpl (ServerState.java:<init>(103)) - 15de30e0-32e7-4789-867b-8c05fd0bfca2@group-4081AD4E5F7E: ConfigurationManager, init=-1: [15de30e0-32e7-4789-867b-8c05fd0bfca2:192.168.157.195:43624], old=null, confs=<EMPTY_MAP>
2019-10-23 22:38:11,096 [pool-27-thread-1] INFO  server.RaftServerConfigKeys (ConfUtils.java:logGet(43)) - raft.server.storage.dir = [/workdir/hadoop-ozone/integration-test/target/test-dir/MiniOzoneClusterImpl-da3a6117-6078-43df-8e08-80734442ab50/datanode-0/data/ratis] (custom)
2019-10-23 22:38:11,105 [pool-27-thread-1] INFO  server.RaftServerConfigKeys (ConfUtils.java:logGet(43)) - raft.server.log.corruption.policy = EXCEPTION (default)
2019-10-23 22:38:11,107 [pool-27-thread-1] INFO  storage.RaftStorageDirectory (RaftStorageDirectory.java:analyzeStorage(246)) - The storage directory /workdir/hadoop-ozone/integration-test/target/test-dir/MiniOzoneClusterImpl-da3a6117-6078-43df-8e08-80734442ab50/datanode-0/data/ratis/cec6e96d-1899-49ed-9eae-4081ad4e5f7e does not exist. Creating ...
2019-10-23 22:38:11,126 [pool-27-thread-1] INFO  storage.RaftStorageDirectory (RaftStorageDirectory.java:tryLock(328)) - Lock on /workdir/hadoop-ozone/integration-test/target/test-dir/MiniOzoneClusterImpl-da3a6117-6078-43df-8e08-80734442ab50/datanode-0/data/ratis/cec6e96d-1899-49ed-9eae-4081ad4e5f7e/in_use.lock acquired by nodename 3743@pr-hdds-2311-7bgld-1842715332
2019-10-23 22:38:11,141 [pool-27-thread-1] INFO  storage.RaftStorage (RaftStorage.java:format(84)) - Storage directory /workdir/hadoop-ozone/integration-test/target/test-dir/MiniOzoneClusterImpl-da3a6117-6078-43df-8e08-80734442ab50/datanode-0/data/ratis/cec6e96d-1899-49ed-9eae-4081ad4e5f7e has been successfully formatted.
2019-10-23 22:38:11,143 [pool-27-thread-1] INFO  ratis.ContainerStateMachine (ContainerStateMachine.java:loadSnapshot(231)) - group-4081AD4E5F7E: The snapshot info is null. Setting the last applied indexto:(t:0, i:~)
2019-10-23 22:38:11,143 [pool-27-thread-1] INFO  server.RaftServerConfigKeys (ConfUtils.java:logGet(43)) - raft.server.notification.no-leader.timeout = 1000s (custom)
2019-10-23 22:38:11,146 [pool-27-thread-1] INFO  server.RaftServerConfigKeys (ConfUtils.java:logGet(43)) - raft.server.log.use.memory = false (default)
2019-10-23 22:38:11,152 [pool-27-thread-1] INFO  server.RaftServerConfigKeys (ConfUtils.java:logGet(43)) - raft.server.log.purge.gap = 1000000 (custom)
2019-10-23 22:38:11,152 [pool-27-thread-1] INFO  server.RaftServerConfigKeys (ConfUtils.java:logGet(43)) - raft.server.log.appender.buffer.byte-limit = 33554432 (custom)
2019-10-23 22:38:11,155 [pool-27-thread-1] INFO  server.RaftServerConfigKeys (ConfUtils.java:logGet(43)) - raft.server.log.segment.size.max = 1048576 (custom)
2019-10-23 22:38:11,157 [pool-27-thread-1] INFO  impl.MetricsSystemImpl (MetricsSystemImpl.java:init(158)) - ratis metrics system started (again)
2019-10-23 22:38:11,162 [pool-27-thread-1] INFO  metrics.MetricRegistries (MetricRegistriesLoader.java:load(64)) - Loaded MetricRegistries class org.apache.ratis.metrics.impl.MetricRegistriesImpl
2019-10-23 22:38:11,201 [pool-27-thread-1] INFO  server.RaftServerConfigKeys (ConfUtils.java:logGet(43)) - raft.server.log.segment.cache.num.max = 2 (custom)
2019-10-23 22:38:11,206 [pool-27-thread-1] INFO  segmented.SegmentedRaftLogWorker (SegmentedRaftLogWorker.java:<init>(173)) - new 15de30e0-32e7-4789-867b-8c05fd0bfca2@group-4081AD4E5F7E-SegmentedRaftLogWorker for RaftStorage:Storage Directory /workdir/hadoop-ozone/integration-test/target/test-dir/MiniOzoneClusterImpl-da3a6117-6078-43df-8e08-80734442ab50/datanode-0/data/ratis/cec6e96d-1899-49ed-9eae-4081ad4e5f7e
2019-10-23 22:38:11,206 [pool-27-thread-1] INFO  server.RaftServerConfigKeys (ConfUtils.java:logGet(43)) - raft.server.log.queue.byte-limit = 2147483647 (custom)
2019-10-23 22:38:11,207 [pool-27-thread-1] INFO  server.RaftServerConfigKeys (ConfUtils.java:logGet(43)) - raft.server.log.queue.element-limit = 1024 (custom)
2019-10-23 22:38:11,208 [pool-27-thread-1] INFO  server.RaftServerConfigKeys (ConfUtils.java:logGet(43)) - raft.server.log.segment.size.max = 1048576 (custom)
2019-10-23 22:38:11,209 [pool-27-thread-1] INFO  server.RaftServerConfigKeys (ConfUtils.java:logGet(43)) - raft.server.log.preallocated.size = 16384 (custom)
2019-10-23 22:38:11,210 [pool-27-thread-1] INFO  server.RaftServerConfigKeys (ConfUtils.java:logGet(43)) - raft.server.log.write.buffer.size = 33554432 (custom)
2019-10-23 22:38:11,210 [pool-27-thread-1] INFO  server.RaftServerConfigKeys (ConfUtils.java:logGet(43)) - raft.server.log.force.sync.num = 128 (default)
2019-10-23 22:38:11,211 [pool-27-thread-1] INFO  server.RaftServerConfigKeys (ConfUtils.java:logGet(43)) - raft.server.log.statemachine.data.sync = true (default)
2019-10-23 22:38:11,212 [pool-27-thread-1] INFO  server.RaftServerConfigKeys (ConfUtils.java:logGet(43)) - raft.server.log.statemachine.data.sync.timeout = 10s (default)
2019-10-23 22:38:11,212 [pool-27-thread-1] INFO  server.RaftServerConfigKeys (ConfUtils.java:logGet(43)) - raft.server.log.statemachine.data.sync.timeout.retry = -1 (default)
2019-10-23 22:38:11,222 [pool-27-thread-1] INFO  server.RaftServerConfigKeys (ConfUtils.java:logGet(43)) - raft.server.log.statemachine.data.caching.enabled = true (custom)
2019-10-23 22:38:11,227 [pool-27-thread-1] INFO  segmented.SegmentedRaftLogWorker (SegmentedRaftLogWorker.java:lambda$new$0(128)) - 15de30e0-32e7-4789-867b-8c05fd0bfca2@group-4081AD4E5F7E-SegmentedRaftLogWorker: flushIndex: setUnconditionally 0 -> -1
2019-10-23 22:38:11,231 [pool-27-thread-1] INFO  server.RaftServerConfigKeys (ConfUtils.java:logGet(43)) - raft.server.snapshot.auto.trigger.enabled = true (custom)
2019-10-23 22:38:11,232 [pool-27-thread-1] INFO  server.RaftServerConfigKeys (ConfUtils.java:logGet(43)) - raft.server.snapshot.auto.trigger.threshold = 10000 (custom)
2019-10-23 22:38:11,233 [pool-27-thread-1] INFO  server.RaftServerConfigKeys (ConfUtils.java:logGet(43)) - raft.server.snapshot.retention.file.num = 5 (custom)
2019-10-23 22:38:11,234 [pool-27-thread-1] INFO  server.RaftServerConfigKeys (ConfUtils.java:logGet(43)) - raft.server.retrycache.expirytime = 600000ms (custom)
2019-10-23 22:38:11,265 [pool-27-thread-1] INFO  impl.RaftServerImpl (RaftServerImpl.java:start(195)) - 15de30e0-32e7-4789-867b-8c05fd0bfca2@group-4081AD4E5F7E: start as a follower, conf=-1: [15de30e0-32e7-4789-867b-8c05fd0bfca2:192.168.157.195:43624], old=null
2019-10-23 22:38:11,266 [pool-27-thread-1] INFO  impl.RaftServerImpl (RaftServerImpl.java:setRole(184)) - 15de30e0-32e7-4789-867b-8c05fd0bfca2@group-4081AD4E5F7E: changes role from      null to FOLLOWER at term 0 for startAsFollower
2019-10-23 22:38:11,267 [pool-27-thread-1] INFO  impl.RoleInfo (RoleInfo.java:updateAndGet(143)) - 15de30e0-32e7-4789-867b-8c05fd0bfca2: start FollowerState
2019-10-23 22:38:11,269 [pool-27-thread-1] INFO  util.JmxRegister (JmxRegister.java:tryRegister(44)) - Successfully registered JMX Bean with object name Ratis:service=RaftServer,group=group-4081AD4E5F7E,id=15de30e0-32e7-4789-867b-8c05fd0bfca2
2019-10-23 22:38:11,340 [RatisPipelineUtilsThread] INFO  pipeline.PipelineStateManager (PipelineStateManager.java:addPipeline(56)) - Created pipeline Pipeline[ Id: cec6e96d-1899-49ed-9eae-4081ad4e5f7e, Nodes: 15de30e0-32e7-4789-867b-8c05fd0bfca2{ip: 192.168.157.195, host: pr-hdds-2311-7bgld-1842715332, networkLocation: /default-rack, certSerialId: null}, Type:RATIS, Factor:ONE, State:OPEN]
2019-10-23 22:38:11,357 [grpc-default-executor-0] INFO  impl.RaftServerProxy (RaftServerProxy.java:addNew(89)) - 2f4845be-2264-4a1a-8a27-f958336e1da9: addNew group-C3D09C951506:[2f4845be-2264-4a1a-8a27-f958336e1da9:192.168.157.195:36753] returns group-C3D09C951506:java.util.concurrent.CompletableFuture@7ba1b58d[Not completed]
2019-10-23 22:38:11,379 [pool-37-thread-1] INFO  impl.RaftServerImpl (RaftServerImpl.java:<init>(104)) - 2f4845be-2264-4a1a-8a27-f958336e1da9: new RaftServerImpl for group-C3D09C951506:[2f4845be-2264-4a1a-8a27-f958336e1da9:192.168.157.195:36753] with ContainerStateMachine:uninitialized
2019-10-23 22:38:11,380 [pool-37-thread-1] INFO  server.RaftServerConfigKeys (ConfUtils.java:logGet(43)) - raft.server.rpc.timeout.min = 5s (custom)
2019-10-23 22:38:11,380 [pool-37-thread-1] INFO  server.RaftServerConfigKeys (ConfUtils.java:logGet(43)) - raft.server.rpc.timeout.max = 5200ms (custom)
2019-10-23 22:38:11,380 [pool-37-thread-1] INFO  server.RaftServerConfigKeys (ConfUtils.java:logGet(43)) - raft.server.rpcslowness.timeout = 1000s (custom)
2019-10-23 22:38:11,380 [pool-37-thread-1] INFO  server.RaftServerConfigKeys (ConfUtils.java:logGet(43)) - raft.server.sleep.deviation.threshold = 300 (default)
2019-10-23 22:38:11,381 [pool-37-thread-1] INFO  server.RaftServerConfigKeys (ConfUtils.java:logGet(43)) - raft.server.log.appender.install.snapshot.enabled = false (custom)
2019-10-23 22:38:11,381 [pool-37-thread-1] INFO  impl.RaftServerImpl (ServerState.java:<init>(103)) - 2f4845be-2264-4a1a-8a27-f958336e1da9@group-C3D09C951506: ConfigurationManager, init=-1: [2f4845be-2264-4a1a-8a27-f958336e1da9:192.168.157.195:36753], old=null, confs=<EMPTY_MAP>
2019-10-23 22:38:11,381 [pool-37-thread-1] INFO  server.RaftServerConfigKeys (ConfUtils.java:logGet(43)) - raft.server.storage.dir = [/workdir/hadoop-ozone/integration-test/target/test-dir/MiniOzoneClusterImpl-da3a6117-6078-43df-8e08-80734442ab50/datanode-1/data/ratis] (custom)
2019-10-23 22:38:11,382 [pool-37-thread-1] INFO  server.RaftServerConfigKeys (ConfUtils.java:logGet(43)) - raft.server.log.corruption.policy = EXCEPTION (default)
2019-10-23 22:38:11,382 [pool-37-thread-1] INFO  storage.RaftStorageDirectory (RaftStorageDirectory.java:analyzeStorage(246)) - The storage directory /workdir/hadoop-ozone/integration-test/target/test-dir/MiniOzoneClusterImpl-da3a6117-6078-43df-8e08-80734442ab50/datanode-1/data/ratis/efed2573-69e8-4d23-8585-c3d09c951506 does not exist. Creating ...
2019-10-23 22:38:11,404 [pool-37-thread-1] INFO  storage.RaftStorageDirectory (RaftStorageDirectory.java:tryLock(328)) - Lock on /workdir/hadoop-ozone/integration-test/target/test-dir/MiniOzoneClusterImpl-da3a6117-6078-43df-8e08-80734442ab50/datanode-1/data/ratis/efed2573-69e8-4d23-8585-c3d09c951506/in_use.lock acquired by nodename 3743@pr-hdds-2311-7bgld-1842715332
2019-10-23 22:38:11,417 [pool-37-thread-1] INFO  storage.RaftStorage (RaftStorage.java:format(84)) - Storage directory /workdir/hadoop-ozone/integration-test/target/test-dir/MiniOzoneClusterImpl-da3a6117-6078-43df-8e08-80734442ab50/datanode-1/data/ratis/efed2573-69e8-4d23-8585-c3d09c951506 has been successfully formatted.
2019-10-23 22:38:11,418 [pool-37-thread-1] INFO  ratis.ContainerStateMachine (ContainerStateMachine.java:loadSnapshot(231)) - group-C3D09C951506: The snapshot info is null. Setting the last applied indexto:(t:0, i:~)
2019-10-23 22:38:11,419 [pool-37-thread-1] INFO  server.RaftServerConfigKeys (ConfUtils.java:logGet(43)) - raft.server.notification.no-leader.timeout = 1000s (custom)
2019-10-23 22:38:11,419 [pool-37-thread-1] INFO  server.RaftServerConfigKeys (ConfUtils.java:logGet(43)) - raft.server.log.use.memory = false (default)
2019-10-23 22:38:11,420 [pool-37-thread-1] INFO  server.RaftServerConfigKeys (ConfUtils.java:logGet(43)) - raft.server.log.purge.gap = 1000000 (custom)
2019-10-23 22:38:11,420 [pool-37-thread-1] INFO  server.RaftServerConfigKeys (ConfUtils.java:logGet(43)) - raft.server.log.appender.buffer.byte-limit = 33554432 (custom)
2019-10-23 22:38:11,420 [pool-37-thread-1] INFO  server.RaftServerConfigKeys (ConfUtils.java:logGet(43)) - raft.server.log.segment.size.max = 1048576 (custom)
2019-10-23 22:38:11,426 [pool-37-thread-1] INFO  server.RaftServerConfigKeys (ConfUtils.java:logGet(43)) - raft.server.log.segment.cache.num.max = 2 (custom)
2019-10-23 22:38:11,426 [pool-37-thread-1] INFO  segmented.SegmentedRaftLogWorker (SegmentedRaftLogWorker.java:<init>(173)) - new 2f4845be-2264-4a1a-8a27-f958336e1da9@group-C3D09C951506-SegmentedRaftLogWorker for RaftStorage:Storage Directory /workdir/hadoop-ozone/integration-test/target/test-dir/MiniOzoneClusterImpl-da3a6117-6078-43df-8e08-80734442ab50/datanode-1/data/ratis/efed2573-69e8-4d23-8585-c3d09c951506
2019-10-23 22:38:11,427 [pool-37-thread-1] INFO  server.RaftServerConfigKeys (ConfUtils.java:logGet(43)) - raft.server.log.queue.byte-limit = 2147483647 (custom)
2019-10-23 22:38:11,427 [pool-37-thread-1] INFO  server.RaftServerConfigKeys (ConfUtils.java:logGet(43)) - raft.server.log.queue.element-limit = 1024 (custom)
2019-10-23 22:38:11,428 [pool-37-thread-1] INFO  server.RaftServerConfigKeys (ConfUtils.java:logGet(43)) - raft.server.log.segment.size.max = 1048576 (custom)
2019-10-23 22:38:11,428 [pool-37-thread-1] INFO  server.RaftServerConfigKeys (ConfUtils.java:logGet(43)) - raft.server.log.preallocated.size = 16384 (custom)
2019-10-23 22:38:11,428 [pool-37-thread-1] INFO  server.RaftServerConfigKeys (ConfUtils.java:logGet(43)) - raft.server.log.write.buffer.size = 33554432 (custom)
2019-10-23 22:38:11,428 [pool-37-thread-1] INFO  server.RaftServerConfigKeys (ConfUtils.java:logGet(43)) - raft.server.log.force.sync.num = 128 (default)
2019-10-23 22:38:11,428 [pool-37-thread-1] INFO  server.RaftServerConfigKeys (ConfUtils.java:logGet(43)) - raft.server.log.statemachine.data.sync = true (default)
2019-10-23 22:38:11,429 [pool-37-thread-1] INFO  server.RaftServerConfigKeys (ConfUtils.java:logGet(43)) - raft.server.log.statemachine.data.sync.timeout = 10s (default)
2019-10-23 22:38:11,429 [pool-37-thread-1] INFO  server.RaftServerConfigKeys (ConfUtils.java:logGet(43)) - raft.server.log.statemachine.data.sync.timeout.retry = -1 (default)
2019-10-23 22:38:11,430 [pool-37-thread-1] INFO  server.RaftServerConfigKeys (ConfUtils.java:logGet(43)) - raft.server.log.statemachine.data.caching.enabled = true (custom)
2019-10-23 22:38:11,430 [pool-37-thread-1] INFO  segmented.SegmentedRaftLogWorker (SegmentedRaftLogWorker.java:lambda$new$0(128)) - 2f4845be-2264-4a1a-8a27-f958336e1da9@group-C3D09C951506-SegmentedRaftLogWorker: flushIndex: setUnconditionally 0 -> -1
2019-10-23 22:38:11,431 [pool-37-thread-1] INFO  server.RaftServerConfigKeys (ConfUtils.java:logGet(43)) - raft.server.snapshot.auto.trigger.enabled = true (custom)
2019-10-23 22:38:11,431 [pool-37-thread-1] INFO  server.RaftServerConfigKeys (ConfUtils.java:logGet(43)) - raft.server.snapshot.auto.trigger.threshold = 10000 (custom)
2019-10-23 22:38:11,431 [pool-37-thread-1] INFO  server.RaftServerConfigKeys (ConfUtils.java:logGet(43)) - raft.server.snapshot.retention.file.num = 5 (custom)
2019-10-23 22:38:11,431 [pool-37-thread-1] INFO  server.RaftServerConfigKeys (ConfUtils.java:logGet(43)) - raft.server.retrycache.expirytime = 600000ms (custom)
2019-10-23 22:38:11,442 [Thread-186] INFO  impl.FollowerState (FollowerState.java:run(108)) - 15de30e0-32e7-4789-867b-8c05fd0bfca2@group-4081AD4E5F7E-FollowerState: change to CANDIDATE, lastRpcTime:175ms, electionTimeout:174ms
2019-10-23 22:38:11,442 [pool-37-thread-1] INFO  impl.RaftServerImpl (RaftServerImpl.java:start(195)) - 2f4845be-2264-4a1a-8a27-f958336e1da9@group-C3D09C951506: start as a follower, conf=-1: [2f4845be-2264-4a1a-8a27-f958336e1da9:192.168.157.195:36753], old=null
2019-10-23 22:38:11,443 [pool-37-thread-1] INFO  impl.RaftServerImpl (RaftServerImpl.java:setRole(184)) - 2f4845be-2264-4a1a-8a27-f958336e1da9@group-C3D09C951506: changes role from      null to FOLLOWER at term 0 for startAsFollower
2019-10-23 22:38:11,443 [pool-37-thread-1] INFO  impl.RoleInfo (RoleInfo.java:updateAndGet(143)) - 2f4845be-2264-4a1a-8a27-f958336e1da9: start FollowerState
2019-10-23 22:38:11,446 [pool-37-thread-1] INFO  util.JmxRegister (JmxRegister.java:tryRegister(44)) - Successfully registered JMX Bean with object name Ratis:service=RaftServer,group=group-C3D09C951506,id=2f4845be-2264-4a1a-8a27-f958336e1da9
2019-10-23 22:38:11,448 [Thread-186] INFO  impl.RoleInfo (RoleInfo.java:shutdownFollowerState(121)) - 15de30e0-32e7-4789-867b-8c05fd0bfca2: shutdown FollowerState
2019-10-23 22:38:11,448 [Thread-186] INFO  impl.RaftServerImpl (RaftServerImpl.java:setRole(184)) - 15de30e0-32e7-4789-867b-8c05fd0bfca2@group-4081AD4E5F7E: changes role from  FOLLOWER to CANDIDATE at term 0 for changeToCandidate
2019-10-23 22:38:11,453 [Thread-186] INFO  impl.RoleInfo (RoleInfo.java:updateAndGet(143)) - 15de30e0-32e7-4789-867b-8c05fd0bfca2: start LeaderElection
2019-10-23 22:38:11,468 [15de30e0-32e7-4789-867b-8c05fd0bfca2@group-4081AD4E5F7E-LeaderElection1] INFO  impl.LeaderElection (LeaderElection.java:askForVotes(178)) - 15de30e0-32e7-4789-867b-8c05fd0bfca2@group-4081AD4E5F7E-LeaderElection1: begin an election at term 1 for -1: [15de30e0-32e7-4789-867b-8c05fd0bfca2:192.168.157.195:43624], old=null
2019-10-23 22:38:11,471 [15de30e0-32e7-4789-867b-8c05fd0bfca2@group-4081AD4E5F7E-LeaderElection1] INFO  impl.RoleInfo (RoleInfo.java:shutdownLeaderElection(134)) - 15de30e0-32e7-4789-867b-8c05fd0bfca2: shutdown LeaderElection
2019-10-23 22:38:11,472 [15de30e0-32e7-4789-867b-8c05fd0bfca2@group-4081AD4E5F7E-LeaderElection1] INFO  impl.RaftServerImpl (RaftServerImpl.java:setRole(184)) - 15de30e0-32e7-4789-867b-8c05fd0bfca2@group-4081AD4E5F7E: changes role from CANDIDATE to LEADER at term 1 for changeToLeader
2019-10-23 22:38:11,472 [15de30e0-32e7-4789-867b-8c05fd0bfca2@group-4081AD4E5F7E-LeaderElection1] INFO  impl.RaftServerImpl (ServerState.java:setLeader(256)) - 15de30e0-32e7-4789-867b-8c05fd0bfca2@group-4081AD4E5F7E: change Leader from null to 15de30e0-32e7-4789-867b-8c05fd0bfca2 at term 1 for becomeLeader, leader elected after 329ms
2019-10-23 22:38:11,473 [RatisPipelineUtilsThread] INFO  pipeline.PipelineStateManager (PipelineStateManager.java:addPipeline(56)) - Created pipeline Pipeline[ Id: efed2573-69e8-4d23-8585-c3d09c951506, Nodes: 2f4845be-2264-4a1a-8a27-f958336e1da9{ip: 192.168.157.195, host: pr-hdds-2311-7bgld-1842715332, networkLocation: /default-rack, certSerialId: null}, Type:RATIS, Factor:ONE, State:OPEN]
2019-10-23 22:38:11,480 [15de30e0-32e7-4789-867b-8c05fd0bfca2@group-4081AD4E5F7E-LeaderElection1] INFO  server.RaftServerConfigKeys (ConfUtils.java:logGet(43)) - raft.server.staging.catchup.gap = 1000 (default)
2019-10-23 22:38:11,481 [15de30e0-32e7-4789-867b-8c05fd0bfca2@group-4081AD4E5F7E-LeaderElection1] INFO  server.RaftServerConfigKeys (ConfUtils.java:logGet(43)) - raft.server.rpc.sleep.time = 25ms (default)
2019-10-23 22:38:11,492 [15de30e0-32e7-4789-867b-8c05fd0bfca2@group-4081AD4E5F7E-LeaderElection1] INFO  server.RaftServerConfigKeys (ConfUtils.java:logGet(43)) - raft.server.write.element-limit = 4096 (default)
2019-10-23 22:38:11,497 [grpc-default-executor-0] INFO  impl.RaftServerProxy (RaftServerProxy.java:addNew(89)) - 0cd5f69f-229b-4e24-9dce-31aad898d52d: addNew group-937CDEBE0F6B:[0cd5f69f-229b-4e24-9dce-31aad898d52d:192.168.157.195:33132] returns group-937CDEBE0F6B:java.util.concurrent.CompletableFuture@4a0f4fa[Not completed]
2019-10-23 22:38:11,497 [15de30e0-32e7-4789-867b-8c05fd0bfca2@group-4081AD4E5F7E-LeaderElection1] INFO  server.RaftServerConfigKeys (ConfUtils.java:logGet(43)) - raft.server.watch.timeout = 10s (default)
2019-10-23 22:38:11,498 [15de30e0-32e7-4789-867b-8c05fd0bfca2@group-4081AD4E5F7E-LeaderElection1] INFO  server.RaftServerConfigKeys (ConfUtils.java:logGet(43)) - raft.server.watch.timeout.denomination = 1s (default)
2019-10-23 22:38:11,514 [15de30e0-32e7-4789-867b-8c05fd0bfca2@group-4081AD4E5F7E-LeaderElection1] INFO  server.RaftServerConfigKeys (ConfUtils.java:logGet(43)) - raft.server.watch.element-limit = 65536 (default)
2019-10-23 22:38:11,515 [pool-47-thread-1] INFO  impl.RaftServerImpl (RaftServerImpl.java:<init>(104)) - 0cd5f69f-229b-4e24-9dce-31aad898d52d: new RaftServerImpl for group-937CDEBE0F6B:[0cd5f69f-229b-4e24-9dce-31aad898d52d:192.168.157.195:33132] with ContainerStateMachine:uninitialized
2019-10-23 22:38:11,516 [pool-47-thread-1] INFO  server.RaftServerConfigKeys (ConfUtils.java:logGet(43)) - raft.server.rpc.timeout.min = 5s (custom)
2019-10-23 22:38:11,516 [pool-47-thread-1] INFO  server.RaftServerConfigKeys (ConfUtils.java:logGet(43)) - raft.server.rpc.timeout.max = 5200ms (custom)
2019-10-23 22:38:11,516 [pool-47-thread-1] INFO  server.RaftServerConfigKeys (ConfUtils.java:logGet(43)) - raft.server.rpcslowness.timeout = 1000s (custom)
2019-10-23 22:38:11,516 [pool-47-thread-1] INFO  server.RaftServerConfigKeys (ConfUtils.java:logGet(43)) - raft.server.sleep.deviation.threshold = 300 (default)
2019-10-23 22:38:11,516 [pool-47-thread-1] INFO  server.RaftServerConfigKeys (ConfUtils.java:logGet(43)) - raft.server.log.appender.install.snapshot.enabled = false (custom)
2019-10-23 22:38:11,517 [pool-47-thread-1] INFO  impl.RaftServerImpl (ServerState.java:<init>(103)) - 0cd5f69f-229b-4e24-9dce-31aad898d52d@group-937CDEBE0F6B: ConfigurationManager, init=-1: [0cd5f69f-229b-4e24-9dce-31aad898d52d:192.168.157.195:33132], old=null, confs=<EMPTY_MAP>
2019-10-23 22:38:11,517 [pool-47-thread-1] INFO  server.RaftServerConfigKeys (ConfUtils.java:logGet(43)) - raft.server.storage.dir = [/workdir/hadoop-ozone/integration-test/target/test-dir/MiniOzoneClusterImpl-da3a6117-6078-43df-8e08-80734442ab50/datanode-2/data/ratis] (custom)
2019-10-23 22:38:11,517 [pool-47-thread-1] INFO  server.RaftServerConfigKeys (ConfUtils.java:logGet(43)) - raft.server.log.corruption.policy = EXCEPTION (default)
2019-10-23 22:38:11,517 [pool-47-thread-1] INFO  storage.RaftStorageDirectory (RaftStorageDirectory.java:analyzeStorage(246)) - The storage directory /workdir/hadoop-ozone/integration-test/target/test-dir/MiniOzoneClusterImpl-da3a6117-6078-43df-8e08-80734442ab50/datanode-2/data/ratis/d4fc0a4e-a9f7-4992-8467-937cdebe0f6b does not exist. Creating ...
2019-10-23 22:38:11,531 [pool-47-thread-1] INFO  storage.RaftStorageDirectory (RaftStorageDirectory.java:tryLock(328)) - Lock on /workdir/hadoop-ozone/integration-test/target/test-dir/MiniOzoneClusterImpl-da3a6117-6078-43df-8e08-80734442ab50/datanode-2/data/ratis/d4fc0a4e-a9f7-4992-8467-937cdebe0f6b/in_use.lock acquired by nodename 3743@pr-hdds-2311-7bgld-1842715332
2019-10-23 22:38:11,543 [15de30e0-32e7-4789-867b-8c05fd0bfca2@group-4081AD4E5F7E-LeaderElection1] INFO  impl.RoleInfo (RoleInfo.java:updateAndGet(143)) - 15de30e0-32e7-4789-867b-8c05fd0bfca2: start LeaderState
2019-10-23 22:38:11,546 [pool-47-thread-1] INFO  storage.RaftStorage (RaftStorage.java:format(84)) - Storage directory /workdir/hadoop-ozone/integration-test/target/test-dir/MiniOzoneClusterImpl-da3a6117-6078-43df-8e08-80734442ab50/datanode-2/data/ratis/d4fc0a4e-a9f7-4992-8467-937cdebe0f6b has been successfully formatted.
2019-10-23 22:38:11,546 [pool-47-thread-1] INFO  ratis.ContainerStateMachine (ContainerStateMachine.java:loadSnapshot(231)) - group-937CDEBE0F6B: The snapshot info is null. Setting the last applied indexto:(t:0, i:~)
2019-10-23 22:38:11,546 [pool-47-thread-1] INFO  server.RaftServerConfigKeys (ConfUtils.java:logGet(43)) - raft.server.notification.no-leader.timeout = 1000s (custom)
2019-10-23 22:38:11,546 [pool-47-thread-1] INFO  server.RaftServerConfigKeys (ConfUtils.java:logGet(43)) - raft.server.log.use.memory = false (default)
2019-10-23 22:38:11,547 [pool-47-thread-1] INFO  server.RaftServerConfigKeys (ConfUtils.java:logGet(43)) - raft.server.log.purge.gap = 1000000 (custom)
2019-10-23 22:38:11,547 [pool-47-thread-1] INFO  server.RaftServerConfigKeys (ConfUtils.java:logGet(43)) - raft.server.log.appender.buffer.byte-limit = 33554432 (custom)
2019-10-23 22:38:11,547 [pool-47-thread-1] INFO  server.RaftServerConfigKeys (ConfUtils.java:logGet(43)) - raft.server.log.segment.size.max = 1048576 (custom)
2019-10-23 22:38:11,551 [pool-47-thread-1] INFO  server.RaftServerConfigKeys (ConfUtils.java:logGet(43)) - raft.server.log.segment.cache.num.max = 2 (custom)
2019-10-23 22:38:11,552 [pool-47-thread-1] INFO  segmented.SegmentedRaftLogWorker (SegmentedRaftLogWorker.java:<init>(173)) - new 0cd5f69f-229b-4e24-9dce-31aad898d52d@group-937CDEBE0F6B-SegmentedRaftLogWorker for RaftStorage:Storage Directory /workdir/hadoop-ozone/integration-test/target/test-dir/MiniOzoneClusterImpl-da3a6117-6078-43df-8e08-80734442ab50/datanode-2/data/ratis/d4fc0a4e-a9f7-4992-8467-937cdebe0f6b
2019-10-23 22:38:11,552 [pool-47-thread-1] INFO  server.RaftServerConfigKeys (ConfUtils.java:logGet(43)) - raft.server.log.queue.byte-limit = 2147483647 (custom)
2019-10-23 22:38:11,552 [pool-47-thread-1] INFO  server.RaftServerConfigKeys (ConfUtils.java:logGet(43)) - raft.server.log.queue.element-limit = 1024 (custom)
2019-10-23 22:38:11,552 [pool-47-thread-1] INFO  server.RaftServerConfigKeys (ConfUtils.java:logGet(43)) - raft.server.log.segment.size.max = 1048576 (custom)
2019-10-23 22:38:11,552 [pool-47-thread-1] INFO  server.RaftServerConfigKeys (ConfUtils.java:logGet(43)) - raft.server.log.preallocated.size = 16384 (custom)
2019-10-23 22:38:11,552 [pool-47-thread-1] INFO  server.RaftServerConfigKeys (ConfUtils.java:logGet(43)) - raft.server.log.write.buffer.size = 33554432 (custom)
2019-10-23 22:38:11,553 [pool-47-thread-1] INFO  server.RaftServerConfigKeys (ConfUtils.java:logGet(43)) - raft.server.log.force.sync.num = 128 (default)
2019-10-23 22:38:11,553 [pool-47-thread-1] INFO  server.RaftServerConfigKeys (ConfUtils.java:logGet(43)) - raft.server.log.statemachine.data.sync = true (default)
2019-10-23 22:38:11,553 [pool-47-thread-1] INFO  server.RaftServerConfigKeys (ConfUtils.java:logGet(43)) - raft.server.log.statemachine.data.sync.timeout = 10s (default)
2019-10-23 22:38:11,553 [pool-47-thread-1] INFO  server.RaftServerConfigKeys (ConfUtils.java:logGet(43)) - raft.server.log.statemachine.data.sync.timeout.retry = -1 (default)
2019-10-23 22:38:11,554 [pool-47-thread-1] INFO  server.RaftServerConfigKeys (ConfUtils.java:logGet(43)) - raft.server.log.statemachine.data.caching.enabled = true (custom)
2019-10-23 22:38:11,554 [pool-47-thread-1] INFO  segmented.SegmentedRaftLogWorker (SegmentedRaftLogWorker.java:lambda$new$0(128)) - 0cd5f69f-229b-4e24-9dce-31aad898d52d@group-937CDEBE0F6B-SegmentedRaftLogWorker: flushIndex: setUnconditionally 0 -> -1
2019-10-23 22:38:11,555 [pool-47-thread-1] INFO  server.RaftServerConfigKeys (ConfUtils.java:logGet(43)) - raft.server.snapshot.auto.trigger.enabled = true (custom)
2019-10-23 22:38:11,555 [pool-47-thread-1] INFO  server.RaftServerConfigKeys (ConfUtils.java:logGet(43)) - raft.server.snapshot.auto.trigger.threshold = 10000 (custom)
2019-10-23 22:38:11,555 [pool-47-thread-1] INFO  server.RaftServerConfigKeys (ConfUtils.java:logGet(43)) - raft.server.snapshot.retention.file.num = 5 (custom)
2019-10-23 22:38:11,555 [pool-47-thread-1] INFO  server.RaftServerConfigKeys (ConfUtils.java:logGet(43)) - raft.server.retrycache.expirytime = 600000ms (custom)
2019-10-23 22:38:11,561 [pool-47-thread-1] INFO  impl.RaftServerImpl (RaftServerImpl.java:start(195)) - 0cd5f69f-229b-4e24-9dce-31aad898d52d@group-937CDEBE0F6B: start as a follower, conf=-1: [0cd5f69f-229b-4e24-9dce-31aad898d52d:192.168.157.195:33132], old=null
2019-10-23 22:38:11,562 [pool-47-thread-1] INFO  impl.RaftServerImpl (RaftServerImpl.java:setRole(184)) - 0cd5f69f-229b-4e24-9dce-31aad898d52d@group-937CDEBE0F6B: changes role from      null to FOLLOWER at term 0 for startAsFollower
2019-10-23 22:38:11,562 [pool-47-thread-1] INFO  impl.RoleInfo (RoleInfo.java:updateAndGet(143)) - 0cd5f69f-229b-4e24-9dce-31aad898d52d: start FollowerState
2019-10-23 22:38:11,562 [pool-47-thread-1] INFO  util.JmxRegister (JmxRegister.java:tryRegister(44)) - Successfully registered JMX Bean with object name Ratis:service=RaftServer,group=group-937CDEBE0F6B,id=0cd5f69f-229b-4e24-9dce-31aad898d52d
2019-10-23 22:38:11,567 [15de30e0-32e7-4789-867b-8c05fd0bfca2@group-4081AD4E5F7E-LeaderElection1] INFO  segmented.SegmentedRaftLogWorker (SegmentedRaftLogWorker.java:startLogSegment(385)) - 15de30e0-32e7-4789-867b-8c05fd0bfca2@group-4081AD4E5F7E-SegmentedRaftLogWorker: Starting segment from index:0
2019-10-23 22:38:11,571 [Thread-189] INFO  impl.FollowerState (FollowerState.java:run(108)) - 2f4845be-2264-4a1a-8a27-f958336e1da9@group-C3D09C951506-FollowerState: change to CANDIDATE, lastRpcTime:128ms, electionTimeout:125ms
2019-10-23 22:38:11,574 [Thread-189] INFO  impl.RoleInfo (RoleInfo.java:shutdownFollowerState(121)) - 2f4845be-2264-4a1a-8a27-f958336e1da9: shutdown FollowerState
2019-10-23 22:38:11,574 [Thread-189] INFO  impl.RaftServerImpl (RaftServerImpl.java:setRole(184)) - 2f4845be-2264-4a1a-8a27-f958336e1da9@group-C3D09C951506: changes role from  FOLLOWER to CANDIDATE at term 0 for changeToCandidate
2019-10-23 22:38:11,575 [Thread-189] INFO  impl.RoleInfo (RoleInfo.java:updateAndGet(143)) - 2f4845be-2264-4a1a-8a27-f958336e1da9: start LeaderElection
2019-10-23 22:38:11,581 [RatisPipelineUtilsThread] INFO  pipeline.PipelineStateManager (PipelineStateManager.java:addPipeline(56)) - Created pipeline Pipeline[ Id: d4fc0a4e-a9f7-4992-8467-937cdebe0f6b, Nodes: 0cd5f69f-229b-4e24-9dce-31aad898d52d{ip: 192.168.157.195, host: pr-hdds-2311-7bgld-1842715332, networkLocation: /default-rack, certSerialId: null}, Type:RATIS, Factor:ONE, State:OPEN]
2019-10-23 22:38:11,586 [15de30e0-32e7-4789-867b-8c05fd0bfca2@group-4081AD4E5F7E-LeaderElection1] INFO  impl.RaftServerImpl (ServerState.java:setRaftConf(357)) - 15de30e0-32e7-4789-867b-8c05fd0bfca2@group-4081AD4E5F7E: set configuration 0: [15de30e0-32e7-4789-867b-8c05fd0bfca2:192.168.157.195:43624], old=null at 0
2019-10-23 22:38:11,593 [2f4845be-2264-4a1a-8a27-f958336e1da9@group-C3D09C951506-LeaderElection2] INFO  impl.LeaderElection (LeaderElection.java:askForVotes(178)) - 2f4845be-2264-4a1a-8a27-f958336e1da9@group-C3D09C951506-LeaderElection2: begin an election at term 1 for -1: [2f4845be-2264-4a1a-8a27-f958336e1da9:192.168.157.195:36753], old=null
2019-10-23 22:38:11,594 [2f4845be-2264-4a1a-8a27-f958336e1da9@group-C3D09C951506-LeaderElection2] INFO  impl.RoleInfo (RoleInfo.java:shutdownLeaderElection(134)) - 2f4845be-2264-4a1a-8a27-f958336e1da9: shutdown LeaderElection
2019-10-23 22:38:11,595 [2f4845be-2264-4a1a-8a27-f958336e1da9@group-C3D09C951506-LeaderElection2] INFO  impl.RaftServerImpl (RaftServerImpl.java:setRole(184)) - 2f4845be-2264-4a1a-8a27-f958336e1da9@group-C3D09C951506: changes role from CANDIDATE to LEADER at term 1 for changeToLeader
2019-10-23 22:38:11,596 [2f4845be-2264-4a1a-8a27-f958336e1da9@group-C3D09C951506-LeaderElection2] INFO  impl.RaftServerImpl (ServerState.java:setLeader(256)) - 2f4845be-2264-4a1a-8a27-f958336e1da9@group-C3D09C951506: change Leader from null to 2f4845be-2264-4a1a-8a27-f958336e1da9 at term 1 for becomeLeader, leader elected after 176ms
2019-10-23 22:38:11,599 [2f4845be-2264-4a1a-8a27-f958336e1da9@group-C3D09C951506-LeaderElection2] INFO  server.RaftServerConfigKeys (ConfUtils.java:logGet(43)) - raft.server.staging.catchup.gap = 1000 (default)
2019-10-23 22:38:11,601 [2f4845be-2264-4a1a-8a27-f958336e1da9@group-C3D09C951506-LeaderElection2] INFO  server.RaftServerConfigKeys (ConfUtils.java:logGet(43)) - raft.server.rpc.sleep.time = 25ms (default)
2019-10-23 22:38:11,601 [2f4845be-2264-4a1a-8a27-f958336e1da9@group-C3D09C951506-LeaderElection2] INFO  server.RaftServerConfigKeys (ConfUtils.java:logGet(43)) - raft.server.write.element-limit = 4096 (default)
2019-10-23 22:38:11,603 [2f4845be-2264-4a1a-8a27-f958336e1da9@group-C3D09C951506-LeaderElection2] INFO  server.RaftServerConfigKeys (ConfUtils.java:logGet(43)) - raft.server.watch.timeout = 10s (default)
2019-10-23 22:38:11,603 [2f4845be-2264-4a1a-8a27-f958336e1da9@group-C3D09C951506-LeaderElection2] INFO  server.RaftServerConfigKeys (ConfUtils.java:logGet(43)) - raft.server.watch.timeout.denomination = 1s (default)
2019-10-23 22:38:11,603 [2f4845be-2264-4a1a-8a27-f958336e1da9@group-C3D09C951506-LeaderElection2] INFO  server.RaftServerConfigKeys (ConfUtils.java:logGet(43)) - raft.server.watch.element-limit = 65536 (default)
2019-10-23 22:38:11,610 [2f4845be-2264-4a1a-8a27-f958336e1da9@group-C3D09C951506-LeaderElection2] INFO  impl.RoleInfo (RoleInfo.java:updateAndGet(143)) - 2f4845be-2264-4a1a-8a27-f958336e1da9: start LeaderState
2019-10-23 22:38:11,612 [2f4845be-2264-4a1a-8a27-f958336e1da9@group-C3D09C951506-LeaderElection2] INFO  segmented.SegmentedRaftLogWorker (SegmentedRaftLogWorker.java:startLogSegment(385)) - 2f4845be-2264-4a1a-8a27-f958336e1da9@group-C3D09C951506-SegmentedRaftLogWorker: Starting segment from index:0
2019-10-23 22:38:11,613 [grpc-default-executor-0] INFO  impl.RaftServerProxy (RaftServerProxy.java:addNew(89)) - 2f4845be-2264-4a1a-8a27-f958336e1da9: addNew group-91CED867EC48:[0cd5f69f-229b-4e24-9dce-31aad898d52d:192.168.157.195:33132, 15de30e0-32e7-4789-867b-8c05fd0bfca2:192.168.157.195:43624, 2f4845be-2264-4a1a-8a27-f958336e1da9:192.168.157.195:36753] returns group-91CED867EC48:java.util.concurrent.CompletableFuture@4dce06a1[Not completed]
2019-10-23 22:38:11,613 [2f4845be-2264-4a1a-8a27-f958336e1da9@group-C3D09C951506-LeaderElection2] INFO  impl.RaftServerImpl (ServerState.java:setRaftConf(357)) - 2f4845be-2264-4a1a-8a27-f958336e1da9@group-C3D09C951506: set configuration 0: [2f4845be-2264-4a1a-8a27-f958336e1da9:192.168.157.195:36753], old=null at 0
2019-10-23 22:38:11,614 [grpc-default-executor-1] INFO  impl.RaftServerProxy (RaftServerProxy.java:addNew(89)) - 0cd5f69f-229b-4e24-9dce-31aad898d52d: addNew group-91CED867EC48:[0cd5f69f-229b-4e24-9dce-31aad898d52d:192.168.157.195:33132, 15de30e0-32e7-4789-867b-8c05fd0bfca2:192.168.157.195:43624, 2f4845be-2264-4a1a-8a27-f958336e1da9:192.168.157.195:36753] returns group-91CED867EC48:java.util.concurrent.CompletableFuture@1025b93d[Not completed]
2019-10-23 22:38:11,613 [grpc-default-executor-2] INFO  impl.RaftServerProxy (RaftServerProxy.java:addNew(89)) - 15de30e0-32e7-4789-867b-8c05fd0bfca2: addNew group-91CED867EC48:[0cd5f69f-229b-4e24-9dce-31aad898d52d:192.168.157.195:33132, 15de30e0-32e7-4789-867b-8c05fd0bfca2:192.168.157.195:43624, 2f4845be-2264-4a1a-8a27-f958336e1da9:192.168.157.195:36753] returns group-91CED867EC48:java.util.concurrent.CompletableFuture@3e2b96e1[Not completed]
2019-10-23 22:38:11,617 [pool-37-thread-1] INFO  impl.RaftServerImpl (RaftServerImpl.java:<init>(104)) - 2f4845be-2264-4a1a-8a27-f958336e1da9: new RaftServerImpl for group-91CED867EC48:[0cd5f69f-229b-4e24-9dce-31aad898d52d:192.168.157.195:33132, 15de30e0-32e7-4789-867b-8c05fd0bfca2:192.168.157.195:43624, 2f4845be-2264-4a1a-8a27-f958336e1da9:192.168.157.195:36753] with ContainerStateMachine:uninitialized
2019-10-23 22:38:11,617 [pool-37-thread-1] INFO  server.RaftServerConfigKeys (ConfUtils.java:logGet(43)) - raft.server.rpc.timeout.min = 5s (custom)
2019-10-23 22:38:11,617 [pool-37-thread-1] INFO  server.RaftServerConfigKeys (ConfUtils.java:logGet(43)) - raft.server.rpc.timeout.max = 5200ms (custom)
2019-10-23 22:38:11,617 [pool-37-thread-1] INFO  server.RaftServerConfigKeys (ConfUtils.java:logGet(43)) - raft.server.rpcslowness.timeout = 1000s (custom)
2019-10-23 22:38:11,617 [pool-37-thread-1] INFO  server.RaftServerConfigKeys (ConfUtils.java:logGet(43)) - raft.server.sleep.deviation.threshold = 300 (default)
2019-10-23 22:38:11,617 [pool-37-thread-1] INFO  server.RaftServerConfigKeys (ConfUtils.java:logGet(43)) - raft.server.log.appender.install.snapshot.enabled = false (custom)
2019-10-23 22:38:11,618 [pool-47-thread-1] INFO  impl.RaftServerImpl (RaftServerImpl.java:<init>(104)) - 0cd5f69f-229b-4e24-9dce-31aad898d52d: new RaftServerImpl for group-91CED867EC48:[0cd5f69f-229b-4e24-9dce-31aad898d52d:192.168.157.195:33132, 15de30e0-32e7-4789-867b-8c05fd0bfca2:192.168.157.195:43624, 2f4845be-2264-4a1a-8a27-f958336e1da9:192.168.157.195:36753] with ContainerStateMachine:uninitialized
2019-10-23 22:38:11,618 [pool-37-thread-1] INFO  impl.RaftServerImpl (ServerState.java:<init>(103)) - 2f4845be-2264-4a1a-8a27-f958336e1da9@group-91CED867EC48: ConfigurationManager, init=-1: [0cd5f69f-229b-4e24-9dce-31aad898d52d:192.168.157.195:33132, 15de30e0-32e7-4789-867b-8c05fd0bfca2:192.168.157.195:43624, 2f4845be-2264-4a1a-8a27-f958336e1da9:192.168.157.195:36753], old=null, confs=<EMPTY_MAP>
2019-10-23 22:38:11,618 [pool-47-thread-1] INFO  server.RaftServerConfigKeys (ConfUtils.java:logGet(43)) - raft.server.rpc.timeout.min = 5s (custom)
2019-10-23 22:38:11,618 [pool-37-thread-1] INFO  server.RaftServerConfigKeys (ConfUtils.java:logGet(43)) - raft.server.storage.dir = [/workdir/hadoop-ozone/integration-test/target/test-dir/MiniOzoneClusterImpl-da3a6117-6078-43df-8e08-80734442ab50/datanode-1/data/ratis] (custom)
2019-10-23 22:38:11,618 [pool-47-thread-1] INFO  server.RaftServerConfigKeys (ConfUtils.java:logGet(43)) - raft.server.rpc.timeout.max = 5200ms (custom)
2019-10-23 22:38:11,618 [pool-47-thread-1] INFO  server.RaftServerConfigKeys (ConfUtils.java:logGet(43)) - raft.server.rpcslowness.timeout = 1000s (custom)
2019-10-23 22:38:11,618 [pool-37-thread-1] INFO  server.RaftServerConfigKeys (ConfUtils.java:logGet(43)) - raft.server.log.corruption.policy = EXCEPTION (default)
2019-10-23 22:38:11,619 [pool-47-thread-1] INFO  server.RaftServerConfigKeys (ConfUtils.java:logGet(43)) - raft.server.sleep.deviation.threshold = 300 (default)
2019-10-23 22:38:11,619 [pool-47-thread-1] INFO  server.RaftServerConfigKeys (ConfUtils.java:logGet(43)) - raft.server.log.appender.install.snapshot.enabled = false (custom)
2019-10-23 22:38:11,619 [pool-37-thread-1] INFO  storage.RaftStorageDirectory (RaftStorageDirectory.java:analyzeStorage(246)) - The storage directory /workdir/hadoop-ozone/integration-test/target/test-dir/MiniOzoneClusterImpl-da3a6117-6078-43df-8e08-80734442ab50/datanode-1/data/ratis/a9317f84-3083-4a94-a1f5-91ced867ec48 does not exist. Creating ...
2019-10-23 22:38:11,619 [pool-47-thread-1] INFO  impl.RaftServerImpl (ServerState.java:<init>(103)) - 0cd5f69f-229b-4e24-9dce-31aad898d52d@group-91CED867EC48: ConfigurationManager, init=-1: [0cd5f69f-229b-4e24-9dce-31aad898d52d:192.168.157.195:33132, 15de30e0-32e7-4789-867b-8c05fd0bfca2:192.168.157.195:43624, 2f4845be-2264-4a1a-8a27-f958336e1da9:192.168.157.195:36753], old=null, confs=<EMPTY_MAP>
2019-10-23 22:38:11,619 [pool-47-thread-1] INFO  server.RaftServerConfigKeys (ConfUtils.java:logGet(43)) - raft.server.storage.dir = [/workdir/hadoop-ozone/integration-test/target/test-dir/MiniOzoneClusterImpl-da3a6117-6078-43df-8e08-80734442ab50/datanode-2/data/ratis] (custom)
2019-10-23 22:38:11,619 [pool-27-thread-1] INFO  impl.RaftServerImpl (RaftServerImpl.java:<init>(104)) - 15de30e0-32e7-4789-867b-8c05fd0bfca2: new RaftServerImpl for group-91CED867EC48:[0cd5f69f-229b-4e24-9dce-31aad898d52d:192.168.157.195:33132, 15de30e0-32e7-4789-867b-8c05fd0bfca2:192.168.157.195:43624, 2f4845be-2264-4a1a-8a27-f958336e1da9:192.168.157.195:36753] with ContainerStateMachine:uninitialized
2019-10-23 22:38:11,620 [pool-47-thread-1] INFO  server.RaftServerConfigKeys (ConfUtils.java:logGet(43)) - raft.server.log.corruption.policy = EXCEPTION (default)
2019-10-23 22:38:11,620 [pool-27-thread-1] INFO  server.RaftServerConfigKeys (ConfUtils.java:logGet(43)) - raft.server.rpc.timeout.min = 5s (custom)
2019-10-23 22:38:11,620 [pool-47-thread-1] INFO  storage.RaftStorageDirectory (RaftStorageDirectory.java:analyzeStorage(246)) - The storage directory /workdir/hadoop-ozone/integration-test/target/test-dir/MiniOzoneClusterImpl-da3a6117-6078-43df-8e08-80734442ab50/datanode-2/data/ratis/a9317f84-3083-4a94-a1f5-91ced867ec48 does not exist. Creating ...
2019-10-23 22:38:11,620 [pool-27-thread-1] INFO  server.RaftServerConfigKeys (ConfUtils.java:logGet(43)) - raft.server.rpc.timeout.max = 5200ms (custom)
2019-10-23 22:38:11,620 [pool-27-thread-1] INFO  server.RaftServerConfigKeys (ConfUtils.java:logGet(43)) - raft.server.rpcslowness.timeout = 1000s (custom)
2019-10-23 22:38:11,621 [pool-27-thread-1] INFO  server.RaftServerConfigKeys (ConfUtils.java:logGet(43)) - raft.server.sleep.deviation.threshold = 300 (default)
2019-10-23 22:38:11,621 [pool-27-thread-1] INFO  server.RaftServerConfigKeys (ConfUtils.java:logGet(43)) - raft.server.log.appender.install.snapshot.enabled = false (custom)
2019-10-23 22:38:11,621 [pool-27-thread-1] INFO  impl.RaftServerImpl (ServerState.java:<init>(103)) - 15de30e0-32e7-4789-867b-8c05fd0bfca2@group-91CED867EC48: ConfigurationManager, init=-1: [0cd5f69f-229b-4e24-9dce-31aad898d52d:192.168.157.195:33132, 15de30e0-32e7-4789-867b-8c05fd0bfca2:192.168.157.195:43624, 2f4845be-2264-4a1a-8a27-f958336e1da9:192.168.157.195:36753], old=null, confs=<EMPTY_MAP>
2019-10-23 22:38:11,621 [pool-27-thread-1] INFO  server.RaftServerConfigKeys (ConfUtils.java:logGet(43)) - raft.server.storage.dir = [/workdir/hadoop-ozone/integration-test/target/test-dir/MiniOzoneClusterImpl-da3a6117-6078-43df-8e08-80734442ab50/datanode-0/data/ratis] (custom)
2019-10-23 22:38:11,622 [pool-27-thread-1] INFO  server.RaftServerConfigKeys (ConfUtils.java:logGet(43)) - raft.server.log.corruption.policy = EXCEPTION (default)
2019-10-23 22:38:11,622 [pool-27-thread-1] INFO  storage.RaftStorageDirectory (RaftStorageDirectory.java:analyzeStorage(246)) - The storage directory /workdir/hadoop-ozone/integration-test/target/test-dir/MiniOzoneClusterImpl-da3a6117-6078-43df-8e08-80734442ab50/datanode-0/data/ratis/a9317f84-3083-4a94-a1f5-91ced867ec48 does not exist. Creating ...
2019-10-23 22:38:11,632 [pool-27-thread-1] INFO  storage.RaftStorageDirectory (RaftStorageDirectory.java:tryLock(328)) - Lock on /workdir/hadoop-ozone/integration-test/target/test-dir/MiniOzoneClusterImpl-da3a6117-6078-43df-8e08-80734442ab50/datanode-0/data/ratis/a9317f84-3083-4a94-a1f5-91ced867ec48/in_use.lock acquired by nodename 3743@pr-hdds-2311-7bgld-1842715332
2019-10-23 22:38:11,632 [pool-37-thread-1] INFO  storage.RaftStorageDirectory (RaftStorageDirectory.java:tryLock(328)) - Lock on /workdir/hadoop-ozone/integration-test/target/test-dir/MiniOzoneClusterImpl-da3a6117-6078-43df-8e08-80734442ab50/datanode-1/data/ratis/a9317f84-3083-4a94-a1f5-91ced867ec48/in_use.lock acquired by nodename 3743@pr-hdds-2311-7bgld-1842715332
2019-10-23 22:38:11,632 [pool-47-thread-1] INFO  storage.RaftStorageDirectory (RaftStorageDirectory.java:tryLock(328)) - Lock on /workdir/hadoop-ozone/integration-test/target/test-dir/MiniOzoneClusterImpl-da3a6117-6078-43df-8e08-80734442ab50/datanode-2/data/ratis/a9317f84-3083-4a94-a1f5-91ced867ec48/in_use.lock acquired by nodename 3743@pr-hdds-2311-7bgld-1842715332
2019-10-23 22:38:11,645 [Thread-194] INFO  impl.FollowerState (FollowerState.java:run(108)) - 0cd5f69f-229b-4e24-9dce-31aad898d52d@group-937CDEBE0F6B-FollowerState: change to CANDIDATE, lastRpcTime:83ms, electionTimeout:83ms
2019-10-23 22:38:11,645 [Thread-194] INFO  impl.RoleInfo (RoleInfo.java:shutdownFollowerState(121)) - 0cd5f69f-229b-4e24-9dce-31aad898d52d: shutdown FollowerState
2019-10-23 22:38:11,646 [Thread-194] INFO  impl.RaftServerImpl (RaftServerImpl.java:setRole(184)) - 0cd5f69f-229b-4e24-9dce-31aad898d52d@group-937CDEBE0F6B: changes role from  FOLLOWER to CANDIDATE at term 0 for changeToCandidate
2019-10-23 22:38:11,646 [Thread-194] INFO  impl.RoleInfo (RoleInfo.java:updateAndGet(143)) - 0cd5f69f-229b-4e24-9dce-31aad898d52d: start LeaderElection
2019-10-23 22:38:11,647 [pool-27-thread-1] INFO  storage.RaftStorage (RaftStorage.java:format(84)) - Storage directory /workdir/hadoop-ozone/integration-test/target/test-dir/MiniOzoneClusterImpl-da3a6117-6078-43df-8e08-80734442ab50/datanode-0/data/ratis/a9317f84-3083-4a94-a1f5-91ced867ec48 has been successfully formatted.
2019-10-23 22:38:11,647 [pool-37-thread-1] INFO  storage.RaftStorage (RaftStorage.java:format(84)) - Storage directory /workdir/hadoop-ozone/integration-test/target/test-dir/MiniOzoneClusterImpl-da3a6117-6078-43df-8e08-80734442ab50/datanode-1/data/ratis/a9317f84-3083-4a94-a1f5-91ced867ec48 has been successfully formatted.
2019-10-23 22:38:11,647 [pool-47-thread-1] INFO  storage.RaftStorage (RaftStorage.java:format(84)) - Storage directory /workdir/hadoop-ozone/integration-test/target/test-dir/MiniOzoneClusterImpl-da3a6117-6078-43df-8e08-80734442ab50/datanode-2/data/ratis/a9317f84-3083-4a94-a1f5-91ced867ec48 has been successfully formatted.
2019-10-23 22:38:11,649 [pool-27-thread-1] INFO  ratis.ContainerStateMachine (ContainerStateMachine.java:loadSnapshot(231)) - group-91CED867EC48: The snapshot info is null. Setting the last applied indexto:(t:0, i:~)
2019-10-23 22:38:11,649 [pool-37-thread-1] INFO  ratis.ContainerStateMachine (ContainerStateMachine.java:loadSnapshot(231)) - group-91CED867EC48: The snapshot info is null. Setting the last applied indexto:(t:0, i:~)
2019-10-23 22:38:11,649 [pool-27-thread-1] INFO  server.RaftServerConfigKeys (ConfUtils.java:logGet(43)) - raft.server.notification.no-leader.timeout = 1000s (custom)
2019-10-23 22:38:11,649 [pool-47-thread-1] INFO  ratis.ContainerStateMachine (ContainerStateMachine.java:loadSnapshot(231)) - group-91CED867EC48: The snapshot info is null. Setting the last applied indexto:(t:0, i:~)
2019-10-23 22:38:11,650 [pool-27-thread-1] INFO  server.RaftServerConfigKeys (ConfUtils.java:logGet(43)) - raft.server.log.use.memory = false (default)
2019-10-23 22:38:11,650 [pool-37-thread-1] INFO  server.RaftServerConfigKeys (ConfUtils.java:logGet(43)) - raft.server.notification.no-leader.timeout = 1000s (custom)
2019-10-23 22:38:11,650 [pool-27-thread-1] INFO  server.RaftServerConfigKeys (ConfUtils.java:logGet(43)) - raft.server.log.purge.gap = 1000000 (custom)
2019-10-23 22:38:11,650 [pool-47-thread-1] INFO  server.RaftServerConfigKeys (ConfUtils.java:logGet(43)) - raft.server.notification.no-leader.timeout = 1000s (custom)
2019-10-23 22:38:11,650 [pool-27-thread-1] INFO  server.RaftServerConfigKeys (ConfUtils.java:logGet(43)) - raft.server.log.appender.buffer.byte-limit = 33554432 (custom)
2019-10-23 22:38:11,650 [pool-37-thread-1] INFO  server.RaftServerConfigKeys (ConfUtils.java:logGet(43)) - raft.server.log.use.memory = false (default)
2019-10-23 22:38:11,651 [pool-27-thread-1] INFO  server.RaftServerConfigKeys (ConfUtils.java:logGet(43)) - raft.server.log.segment.size.max = 1048576 (custom)
2019-10-23 22:38:11,651 [pool-47-thread-1] INFO  server.RaftServerConfigKeys (ConfUtils.java:logGet(43)) - raft.server.log.use.memory = false (default)
2019-10-23 22:38:11,651 [pool-27-thread-1] INFO  server.RaftServerConfigKeys (ConfUtils.java:logGet(43)) - raft.server.log.segment.cache.num.max = 2 (custom)
2019-10-23 22:38:11,651 [pool-37-thread-1] INFO  server.RaftServerConfigKeys (ConfUtils.java:logGet(43)) - raft.server.log.purge.gap = 1000000 (custom)
2019-10-23 22:38:11,652 [pool-27-thread-1] INFO  segmented.SegmentedRaftLogWorker (SegmentedRaftLogWorker.java:<init>(173)) - new 15de30e0-32e7-4789-867b-8c05fd0bfca2@group-91CED867EC48-SegmentedRaftLogWorker for RaftStorage:Storage Directory /workdir/hadoop-ozone/integration-test/target/test-dir/MiniOzoneClusterImpl-da3a6117-6078-43df-8e08-80734442ab50/datanode-0/data/ratis/a9317f84-3083-4a94-a1f5-91ced867ec48
2019-10-23 22:38:11,651 [pool-47-thread-1] INFO  server.RaftServerConfigKeys (ConfUtils.java:logGet(43)) - raft.server.log.purge.gap = 1000000 (custom)
2019-10-23 22:38:11,652 [pool-27-thread-1] INFO  server.RaftServerConfigKeys (ConfUtils.java:logGet(43)) - raft.server.log.queue.byte-limit = 2147483647 (custom)
2019-10-23 22:38:11,652 [pool-37-thread-1] INFO  server.RaftServerConfigKeys (ConfUtils.java:logGet(43)) - raft.server.log.appender.buffer.byte-limit = 33554432 (custom)
2019-10-23 22:38:11,652 [pool-27-thread-1] INFO  server.RaftServerConfigKeys (ConfUtils.java:logGet(43)) - raft.server.log.queue.element-limit = 1024 (custom)
2019-10-23 22:38:11,652 [pool-47-thread-1] INFO  server.RaftServerConfigKeys (ConfUtils.java:logGet(43)) - raft.server.log.appender.buffer.byte-limit = 33554432 (custom)
2019-10-23 22:38:11,653 [pool-27-thread-1] INFO  server.RaftServerConfigKeys (ConfUtils.java:logGet(43)) - raft.server.log.segment.size.max = 1048576 (custom)
2019-10-23 22:38:11,653 [pool-37-thread-1] INFO  server.RaftServerConfigKeys (ConfUtils.java:logGet(43)) - raft.server.log.segment.size.max = 1048576 (custom)
2019-10-23 22:38:11,653 [pool-27-thread-1] INFO  server.RaftServerConfigKeys (ConfUtils.java:logGet(43)) - raft.server.log.preallocated.size = 16384 (custom)
2019-10-23 22:38:11,653 [pool-47-thread-1] INFO  server.RaftServerConfigKeys (ConfUtils.java:logGet(43)) - raft.server.log.segment.size.max = 1048576 (custom)
2019-10-23 22:38:11,653 [pool-27-thread-1] INFO  server.RaftServerConfigKeys (ConfUtils.java:logGet(43)) - raft.server.log.write.buffer.size = 33554432 (custom)
2019-10-23 22:38:11,653 [pool-37-thread-1] INFO  server.RaftServerConfigKeys (ConfUtils.java:logGet(43)) - raft.server.log.segment.cache.num.max = 2 (custom)
2019-10-23 22:38:11,654 [pool-27-thread-1] INFO  server.RaftServerConfigKeys (ConfUtils.java:logGet(43)) - raft.server.log.force.sync.num = 128 (default)
2019-10-23 22:38:11,654 [pool-47-thread-1] INFO  server.RaftServerConfigKeys (ConfUtils.java:logGet(43)) - raft.server.log.segment.cache.num.max = 2 (custom)
2019-10-23 22:38:11,654 [pool-27-thread-1] INFO  server.RaftServerConfigKeys (ConfUtils.java:logGet(43)) - raft.server.log.statemachine.data.sync = true (default)
2019-10-23 22:38:11,654 [pool-37-thread-1] INFO  segmented.SegmentedRaftLogWorker (SegmentedRaftLogWorker.java:<init>(173)) - new 2f4845be-2264-4a1a-8a27-f958336e1da9@group-91CED867EC48-SegmentedRaftLogWorker for RaftStorage:Storage Directory /workdir/hadoop-ozone/integration-test/target/test-dir/MiniOzoneClusterImpl-da3a6117-6078-43df-8e08-80734442ab50/datanode-1/data/ratis/a9317f84-3083-4a94-a1f5-91ced867ec48
2019-10-23 22:38:11,655 [pool-27-thread-1] INFO  server.RaftServerConfigKeys (ConfUtils.java:logGet(43)) - raft.server.log.statemachine.data.sync.timeout = 10s (default)
2019-10-23 22:38:11,654 [pool-47-thread-1] INFO  segmented.SegmentedRaftLogWorker (SegmentedRaftLogWorker.java:<init>(173)) - new 0cd5f69f-229b-4e24-9dce-31aad898d52d@group-91CED867EC48-SegmentedRaftLogWorker for RaftStorage:Storage Directory /workdir/hadoop-ozone/integration-test/target/test-dir/MiniOzoneClusterImpl-da3a6117-6078-43df-8e08-80734442ab50/datanode-2/data/ratis/a9317f84-3083-4a94-a1f5-91ced867ec48
2019-10-23 22:38:11,655 [pool-27-thread-1] INFO  server.RaftServerConfigKeys (ConfUtils.java:logGet(43)) - raft.server.log.statemachine.data.sync.timeout.retry = -1 (default)
2019-10-23 22:38:11,655 [pool-37-thread-1] INFO  server.RaftServerConfigKeys (ConfUtils.java:logGet(43)) - raft.server.log.queue.byte-limit = 2147483647 (custom)
2019-10-23 22:38:11,656 [pool-27-thread-1] INFO  server.RaftServerConfigKeys (ConfUtils.java:logGet(43)) - raft.server.log.statemachine.data.caching.enabled = true (custom)
2019-10-23 22:38:11,655 [pool-47-thread-1] INFO  server.RaftServerConfigKeys (ConfUtils.java:logGet(43)) - raft.server.log.queue.byte-limit = 2147483647 (custom)
2019-10-23 22:38:11,656 [pool-37-thread-1] INFO  server.RaftServerConfigKeys (ConfUtils.java:logGet(43)) - raft.server.log.queue.element-limit = 1024 (custom)
2019-10-23 22:38:11,656 [pool-27-thread-1] INFO  segmented.SegmentedRaftLogWorker (SegmentedRaftLogWorker.java:lambda$new$0(128)) - 15de30e0-32e7-4789-867b-8c05fd0bfca2@group-91CED867EC48-SegmentedRaftLogWorker: flushIndex: setUnconditionally 0 -> -1
2019-10-23 22:38:11,656 [pool-47-thread-1] INFO  server.RaftServerConfigKeys (ConfUtils.java:logGet(43)) - raft.server.log.queue.element-limit = 1024 (custom)
2019-10-23 22:38:11,656 [pool-37-thread-1] INFO  server.RaftServerConfigKeys (ConfUtils.java:logGet(43)) - raft.server.log.segment.size.max = 1048576 (custom)
2019-10-23 22:38:11,657 [pool-27-thread-1] INFO  server.RaftServerConfigKeys (ConfUtils.java:logGet(43)) - raft.server.snapshot.auto.trigger.enabled = true (custom)
2019-10-23 22:38:11,657 [pool-47-thread-1] INFO  server.RaftServerConfigKeys (ConfUtils.java:logGet(43)) - raft.server.log.segment.size.max = 1048576 (custom)
2019-10-23 22:38:11,657 [pool-27-thread-1] INFO  server.RaftServerConfigKeys (ConfUtils.java:logGet(43)) - raft.server.snapshot.auto.trigger.threshold = 10000 (custom)
2019-10-23 22:38:11,657 [pool-37-thread-1] INFO  server.RaftServerConfigKeys (ConfUtils.java:logGet(43)) - raft.server.log.preallocated.size = 16384 (custom)
2019-10-23 22:38:11,657 [pool-27-thread-1] INFO  server.RaftServerConfigKeys (ConfUtils.java:logGet(43)) - raft.server.snapshot.retention.file.num = 5 (custom)
2019-10-23 22:38:11,657 [pool-47-thread-1] INFO  server.RaftServerConfigKeys (ConfUtils.java:logGet(43)) - raft.server.log.preallocated.size = 16384 (custom)
2019-10-23 22:38:11,658 [pool-27-thread-1] INFO  server.RaftServerConfigKeys (ConfUtils.java:logGet(43)) - raft.server.retrycache.expirytime = 600000ms (custom)
2019-10-23 22:38:11,658 [pool-37-thread-1] INFO  server.RaftServerConfigKeys (ConfUtils.java:logGet(43)) - raft.server.log.write.buffer.size = 33554432 (custom)
2019-10-23 22:38:11,658 [pool-47-thread-1] INFO  server.RaftServerConfigKeys (ConfUtils.java:logGet(43)) - raft.server.log.write.buffer.size = 33554432 (custom)
2019-10-23 22:38:11,658 [pool-37-thread-1] INFO  server.RaftServerConfigKeys (ConfUtils.java:logGet(43)) - raft.server.log.force.sync.num = 128 (default)
2019-10-23 22:38:11,659 [pool-47-thread-1] INFO  server.RaftServerConfigKeys (ConfUtils.java:logGet(43)) - raft.server.log.force.sync.num = 128 (default)
2019-10-23 22:38:11,659 [pool-37-thread-1] INFO  server.RaftServerConfigKeys (ConfUtils.java:logGet(43)) - raft.server.log.statemachine.data.sync = true (default)
2019-10-23 22:38:11,659 [pool-47-thread-1] INFO  server.RaftServerConfigKeys (ConfUtils.java:logGet(43)) - raft.server.log.statemachine.data.sync = true (default)
2019-10-23 22:38:11,659 [pool-37-thread-1] INFO  server.RaftServerConfigKeys (ConfUtils.java:logGet(43)) - raft.server.log.statemachine.data.sync.timeout = 10s (default)
2019-10-23 22:38:11,659 [pool-47-thread-1] INFO  server.RaftServerConfigKeys (ConfUtils.java:logGet(43)) - raft.server.log.statemachine.data.sync.timeout = 10s (default)
2019-10-23 22:38:11,659 [pool-37-thread-1] INFO  server.RaftServerConfigKeys (ConfUtils.java:logGet(43)) - raft.server.log.statemachine.data.sync.timeout.retry = -1 (default)
2019-10-23 22:38:11,660 [pool-47-thread-1] INFO  server.RaftServerConfigKeys (ConfUtils.java:logGet(43)) - raft.server.log.statemachine.data.sync.timeout.retry = -1 (default)
2019-10-23 22:38:11,660 [pool-37-thread-1] INFO  server.RaftServerConfigKeys (ConfUtils.java:logGet(43)) - raft.server.log.statemachine.data.caching.enabled = true (custom)
2019-10-23 22:38:11,660 [pool-47-thread-1] INFO  server.RaftServerConfigKeys (ConfUtils.java:logGet(43)) - raft.server.log.statemachine.data.caching.enabled = true (custom)
2019-10-23 22:38:11,660 [pool-37-thread-1] INFO  segmented.SegmentedRaftLogWorker (SegmentedRaftLogWorker.java:lambda$new$0(128)) - 2f4845be-2264-4a1a-8a27-f958336e1da9@group-91CED867EC48-SegmentedRaftLogWorker: flushIndex: setUnconditionally 0 -> -1
2019-10-23 22:38:11,661 [pool-37-thread-1] INFO  server.RaftServerConfigKeys (ConfUtils.java:logGet(43)) - raft.server.snapshot.auto.trigger.enabled = true (custom)
2019-10-23 22:38:11,661 [pool-37-thread-1] INFO  server.RaftServerConfigKeys (ConfUtils.java:logGet(43)) - raft.server.snapshot.auto.trigger.threshold = 10000 (custom)
2019-10-23 22:38:11,661 [pool-47-thread-1] INFO  segmented.SegmentedRaftLogWorker (SegmentedRaftLogWorker.java:lambda$new$0(128)) - 0cd5f69f-229b-4e24-9dce-31aad898d52d@group-91CED867EC48-SegmentedRaftLogWorker: flushIndex: setUnconditionally 0 -> -1
2019-10-23 22:38:11,661 [pool-27-thread-1] INFO  impl.RaftServerImpl (RaftServerImpl.java:start(195)) - 15de30e0-32e7-4789-867b-8c05fd0bfca2@group-91CED867EC48: start as a follower, conf=-1: [0cd5f69f-229b-4e24-9dce-31aad898d52d:192.168.157.195:33132, 15de30e0-32e7-4789-867b-8c05fd0bfca2:192.168.157.195:43624, 2f4845be-2264-4a1a-8a27-f958336e1da9:192.168.157.195:36753], old=null
2019-10-23 22:38:11,661 [pool-37-thread-1] INFO  server.RaftServerConfigKeys (ConfUtils.java:logGet(43)) - raft.server.snapshot.retention.file.num = 5 (custom)
2019-10-23 22:38:11,662 [pool-27-thread-1] INFO  impl.RaftServerImpl (RaftServerImpl.java:setRole(184)) - 15de30e0-32e7-4789-867b-8c05fd0bfca2@group-91CED867EC48: changes role from      null to FOLLOWER at term 0 for startAsFollower
2019-10-23 22:38:11,662 [0cd5f69f-229b-4e24-9dce-31aad898d52d@group-937CDEBE0F6B-LeaderElection3] INFO  impl.LeaderElection (LeaderElection.java:askForVotes(178)) - 0cd5f69f-229b-4e24-9dce-31aad898d52d@group-937CDEBE0F6B-LeaderElection3: begin an election at term 1 for -1: [0cd5f69f-229b-4e24-9dce-31aad898d52d:192.168.157.195:33132], old=null
2019-10-23 22:38:11,661 [pool-47-thread-1] INFO  server.RaftServerConfigKeys (ConfUtils.java:logGet(43)) - raft.server.snapshot.auto.trigger.enabled = true (custom)
2019-10-23 22:38:11,662 [0cd5f69f-229b-4e24-9dce-31aad898d52d@group-937CDEBE0F6B-LeaderElection3] INFO  impl.RoleInfo (RoleInfo.java:shutdownLeaderElection(134)) - 0cd5f69f-229b-4e24-9dce-31aad898d52d: shutdown LeaderElection
2019-10-23 22:38:11,662 [pool-27-thread-1] INFO  impl.RoleInfo (RoleInfo.java:updateAndGet(143)) - 15de30e0-32e7-4789-867b-8c05fd0bfca2: start FollowerState
2019-10-23 22:38:11,662 [pool-37-thread-1] INFO  server.RaftServerConfigKeys (ConfUtils.java:logGet(43)) - raft.server.retrycache.expirytime = 600000ms (custom)
2019-10-23 22:38:11,662 [0cd5f69f-229b-4e24-9dce-31aad898d52d@group-937CDEBE0F6B-LeaderElection3] INFO  impl.RaftServerImpl (RaftServerImpl.java:setRole(184)) - 0cd5f69f-229b-4e24-9dce-31aad898d52d@group-937CDEBE0F6B: changes role from CANDIDATE to LEADER at term 1 for changeToLeader
2019-10-23 22:38:11,662 [pool-47-thread-1] INFO  server.RaftServerConfigKeys (ConfUtils.java:logGet(43)) - raft.server.snapshot.auto.trigger.threshold = 10000 (custom)
2019-10-23 22:38:11,663 [pool-27-thread-1] INFO  util.JmxRegister (JmxRegister.java:tryRegister(44)) - Successfully registered JMX Bean with object name Ratis:service=RaftServer,group=group-91CED867EC48,id=15de30e0-32e7-4789-867b-8c05fd0bfca2
2019-10-23 22:38:11,663 [0cd5f69f-229b-4e24-9dce-31aad898d52d@group-937CDEBE0F6B-LeaderElection3] INFO  impl.RaftServerImpl (ServerState.java:setLeader(256)) - 0cd5f69f-229b-4e24-9dce-31aad898d52d@group-937CDEBE0F6B: change Leader from null to 0cd5f69f-229b-4e24-9dce-31aad898d52d at term 1 for becomeLeader, leader elected after 116ms
2019-10-23 22:38:11,663 [pool-47-thread-1] INFO  server.RaftServerConfigKeys (ConfUtils.java:logGet(43)) - raft.server.snapshot.retention.file.num = 5 (custom)
2019-10-23 22:38:11,663 [0cd5f69f-229b-4e24-9dce-31aad898d52d@group-937CDEBE0F6B-LeaderElection3] INFO  server.RaftServerConfigKeys (ConfUtils.java:logGet(43)) - raft.server.staging.catchup.gap = 1000 (default)
2019-10-23 22:38:11,664 [0cd5f69f-229b-4e24-9dce-31aad898d52d@group-937CDEBE0F6B-LeaderElection3] INFO  server.RaftServerConfigKeys (ConfUtils.java:logGet(43)) - raft.server.rpc.sleep.time = 25ms (default)
2019-10-23 22:38:11,664 [pool-47-thread-1] INFO  server.RaftServerConfigKeys (ConfUtils.java:logGet(43)) - raft.server.retrycache.expirytime = 600000ms (custom)
2019-10-23 22:38:11,664 [0cd5f69f-229b-4e24-9dce-31aad898d52d@group-937CDEBE0F6B-LeaderElection3] INFO  server.RaftServerConfigKeys (ConfUtils.java:logGet(43)) - raft.server.write.element-limit = 4096 (default)
2019-10-23 22:38:11,664 [0cd5f69f-229b-4e24-9dce-31aad898d52d@group-937CDEBE0F6B-LeaderElection3] INFO  server.RaftServerConfigKeys (ConfUtils.java:logGet(43)) - raft.server.watch.timeout = 10s (default)
2019-10-23 22:38:11,664 [0cd5f69f-229b-4e24-9dce-31aad898d52d@group-937CDEBE0F6B-LeaderElection3] INFO  server.RaftServerConfigKeys (ConfUtils.java:logGet(43)) - raft.server.watch.timeout.denomination = 1s (default)
2019-10-23 22:38:11,664 [0cd5f69f-229b-4e24-9dce-31aad898d52d@group-937CDEBE0F6B-LeaderElection3] INFO  server.RaftServerConfigKeys (ConfUtils.java:logGet(43)) - raft.server.watch.element-limit = 65536 (default)
2019-10-23 22:38:11,668 [pool-37-thread-1] INFO  impl.RaftServerImpl (RaftServerImpl.java:start(195)) - 2f4845be-2264-4a1a-8a27-f958336e1da9@group-91CED867EC48: start as a follower, conf=-1: [0cd5f69f-229b-4e24-9dce-31aad898d52d:192.168.157.195:33132, 15de30e0-32e7-4789-867b-8c05fd0bfca2:192.168.157.195:43624, 2f4845be-2264-4a1a-8a27-f958336e1da9:192.168.157.195:36753], old=null
2019-10-23 22:38:11,668 [pool-37-thread-1] INFO  impl.RaftServerImpl (RaftServerImpl.java:setRole(184)) - 2f4845be-2264-4a1a-8a27-f958336e1da9@group-91CED867EC48: changes role from      null to FOLLOWER at term 0 for startAsFollower
2019-10-23 22:38:11,668 [pool-37-thread-1] INFO  impl.RoleInfo (RoleInfo.java:updateAndGet(143)) - 2f4845be-2264-4a1a-8a27-f958336e1da9: start FollowerState
2019-10-23 22:38:11,669 [pool-37-thread-1] INFO  util.JmxRegister (JmxRegister.java:tryRegister(44)) - Successfully registered JMX Bean with object name Ratis:service=RaftServer,group=group-91CED867EC48,id=2f4845be-2264-4a1a-8a27-f958336e1da9
2019-10-23 22:38:11,671 [0cd5f69f-229b-4e24-9dce-31aad898d52d@group-937CDEBE0F6B-LeaderElection3] INFO  impl.RoleInfo (RoleInfo.java:updateAndGet(143)) - 0cd5f69f-229b-4e24-9dce-31aad898d52d: start LeaderState
2019-10-23 22:38:11,671 [pool-47-thread-1] INFO  impl.RaftServerImpl (RaftServerImpl.java:start(195)) - 0cd5f69f-229b-4e24-9dce-31aad898d52d@group-91CED867EC48: start as a follower, conf=-1: [0cd5f69f-229b-4e24-9dce-31aad898d52d:192.168.157.195:33132, 15de30e0-32e7-4789-867b-8c05fd0bfca2:192.168.157.195:43624, 2f4845be-2264-4a1a-8a27-f958336e1da9:192.168.157.195:36753], old=null
2019-10-23 22:38:11,672 [0cd5f69f-229b-4e24-9dce-31aad898d52d@group-937CDEBE0F6B-LeaderElection3] INFO  segmented.SegmentedRaftLogWorker (SegmentedRaftLogWorker.java:startLogSegment(385)) - 0cd5f69f-229b-4e24-9dce-31aad898d52d@group-937CDEBE0F6B-SegmentedRaftLogWorker: Starting segment from index:0
2019-10-23 22:38:11,672 [pool-47-thread-1] INFO  impl.RaftServerImpl (RaftServerImpl.java:setRole(184)) - 0cd5f69f-229b-4e24-9dce-31aad898d52d@group-91CED867EC48: changes role from      null to FOLLOWER at term 0 for startAsFollower
2019-10-23 22:38:11,674 [pool-47-thread-1] INFO  impl.RoleInfo (RoleInfo.java:updateAndGet(143)) - 0cd5f69f-229b-4e24-9dce-31aad898d52d: start FollowerState
2019-10-23 22:38:11,674 [0cd5f69f-229b-4e24-9dce-31aad898d52d@group-937CDEBE0F6B-LeaderElection3] INFO  impl.RaftServerImpl (ServerState.java:setRaftConf(357)) - 0cd5f69f-229b-4e24-9dce-31aad898d52d@group-937CDEBE0F6B: set configuration 0: [0cd5f69f-229b-4e24-9dce-31aad898d52d:192.168.157.195:33132], old=null at 0
2019-10-23 22:38:11,675 [pool-47-thread-1] INFO  util.JmxRegister (JmxRegister.java:tryRegister(44)) - Successfully registered JMX Bean with object name Ratis:service=RaftServer,group=group-91CED867EC48,id=0cd5f69f-229b-4e24-9dce-31aad898d52d
2019-10-23 22:38:11,678 [main] INFO  ozone.MiniOzoneClusterImpl (MiniOzoneClusterImpl.java:lambda$waitForClusterToBeReady$0(147)) - Cluster is ready. Got 3 of 3 DN Heartbeats.
2019-10-23 22:38:11,699 [RatisPipelineUtilsThread] INFO  pipeline.PipelineStateManager (PipelineStateManager.java:addPipeline(56)) - Created pipeline Pipeline[ Id: a9317f84-3083-4a94-a1f5-91ced867ec48, Nodes: 2f4845be-2264-4a1a-8a27-f958336e1da9{ip: 192.168.157.195, host: pr-hdds-2311-7bgld-1842715332, networkLocation: /default-rack, certSerialId: null}0cd5f69f-229b-4e24-9dce-31aad898d52d{ip: 192.168.157.195, host: pr-hdds-2311-7bgld-1842715332, networkLocation: /default-rack, certSerialId: null}15de30e0-32e7-4789-867b-8c05fd0bfca2{ip: 192.168.157.195, host: pr-hdds-2311-7bgld-1842715332, networkLocation: /default-rack, certSerialId: null}, Type:RATIS, Factor:THREE, State:OPEN]
2019-10-23 22:38:11,737 [Thread-201] INFO  impl.FollowerState (FollowerState.java:run(108)) - 15de30e0-32e7-4789-867b-8c05fd0bfca2@group-91CED867EC48-FollowerState: change to CANDIDATE, lastRpcTime:74ms, electionTimeout:74ms
2019-10-23 22:38:11,737 [Thread-201] INFO  impl.RoleInfo (RoleInfo.java:shutdownFollowerState(121)) - 15de30e0-32e7-4789-867b-8c05fd0bfca2: shutdown FollowerState
2019-10-23 22:38:11,737 [Thread-201] INFO  impl.RaftServerImpl (RaftServerImpl.java:setRole(184)) - 15de30e0-32e7-4789-867b-8c05fd0bfca2@group-91CED867EC48: changes role from  FOLLOWER to CANDIDATE at term 0 for changeToCandidate
2019-10-23 22:38:11,738 [Thread-201] INFO  impl.RoleInfo (RoleInfo.java:updateAndGet(143)) - 15de30e0-32e7-4789-867b-8c05fd0bfca2: start LeaderElection
2019-10-23 22:38:11,754 [15de30e0-32e7-4789-867b-8c05fd0bfca2@group-91CED867EC48-LeaderElection4] INFO  impl.LeaderElection (LeaderElection.java:askForVotes(178)) - 15de30e0-32e7-4789-867b-8c05fd0bfca2@group-91CED867EC48-LeaderElection4: begin an election at term 1 for -1: [0cd5f69f-229b-4e24-9dce-31aad898d52d:192.168.157.195:33132, 15de30e0-32e7-4789-867b-8c05fd0bfca2:192.168.157.195:43624, 2f4845be-2264-4a1a-8a27-f958336e1da9:192.168.157.195:36753], old=null
2019-10-23 22:38:11,819 [Thread-204] INFO  impl.FollowerState (FollowerState.java:run(108)) - 2f4845be-2264-4a1a-8a27-f958336e1da9@group-91CED867EC48-FollowerState: change to CANDIDATE, lastRpcTime:150ms, electionTimeout:134ms
2019-10-23 22:38:11,819 [Thread-204] INFO  impl.RoleInfo (RoleInfo.java:shutdownFollowerState(121)) - 2f4845be-2264-4a1a-8a27-f958336e1da9: shutdown FollowerState
2019-10-23 22:38:11,819 [Thread-204] INFO  impl.RaftServerImpl (RaftServerImpl.java:setRole(184)) - 2f4845be-2264-4a1a-8a27-f958336e1da9@group-91CED867EC48: changes role from  FOLLOWER to CANDIDATE at term 0 for changeToCandidate
2019-10-23 22:38:11,820 [Thread-204] INFO  impl.RoleInfo (RoleInfo.java:updateAndGet(143)) - 2f4845be-2264-4a1a-8a27-f958336e1da9: start LeaderElection
2019-10-23 22:38:11,827 [grpc-default-executor-1] INFO  impl.RaftServerImpl (RaftServerImpl.java:setRole(184)) - 0cd5f69f-229b-4e24-9dce-31aad898d52d@group-91CED867EC48: changes role from  FOLLOWER to FOLLOWER at term 1 for recognizeCandidate:15de30e0-32e7-4789-867b-8c05fd0bfca2
2019-10-23 22:38:11,827 [grpc-default-executor-1] INFO  impl.RoleInfo (RoleInfo.java:shutdownFollowerState(121)) - 0cd5f69f-229b-4e24-9dce-31aad898d52d: shutdown FollowerState
2019-10-23 22:38:11,827 [grpc-default-executor-1] INFO  impl.RoleInfo (RoleInfo.java:updateAndGet(143)) - 0cd5f69f-229b-4e24-9dce-31aad898d52d: start FollowerState
2019-10-23 22:38:11,827 [Thread-206] INFO  impl.FollowerState (FollowerState.java:run(117)) - 0cd5f69f-229b-4e24-9dce-31aad898d52d@group-91CED867EC48-FollowerState was interrupted: java.lang.InterruptedException: sleep interrupted
2019-10-23 22:38:11,837 [0cd5f69f-229b-4e24-9dce-31aad898d52d@group-937CDEBE0F6B-SegmentedRaftLogWorker] INFO  segmented.SegmentedRaftLogWorker (SegmentedRaftLogWorker.java:execute(576)) - 0cd5f69f-229b-4e24-9dce-31aad898d52d@group-937CDEBE0F6B-SegmentedRaftLogWorker: created new log segment /workdir/hadoop-ozone/integration-test/target/test-dir/MiniOzoneClusterImpl-da3a6117-6078-43df-8e08-80734442ab50/datanode-2/data/ratis/d4fc0a4e-a9f7-4992-8467-937cdebe0f6b/current/log_inprogress_0
2019-10-23 22:38:11,837 [15de30e0-32e7-4789-867b-8c05fd0bfca2@group-4081AD4E5F7E-SegmentedRaftLogWorker] INFO  segmented.SegmentedRaftLogWorker (SegmentedRaftLogWorker.java:execute(576)) - 15de30e0-32e7-4789-867b-8c05fd0bfca2@group-4081AD4E5F7E-SegmentedRaftLogWorker: created new log segment /workdir/hadoop-ozone/integration-test/target/test-dir/MiniOzoneClusterImpl-da3a6117-6078-43df-8e08-80734442ab50/datanode-0/data/ratis/cec6e96d-1899-49ed-9eae-4081ad4e5f7e/current/log_inprogress_0
2019-10-23 22:38:11,837 [2f4845be-2264-4a1a-8a27-f958336e1da9@group-91CED867EC48-LeaderElection5] INFO  impl.LeaderElection (LeaderElection.java:askForVotes(178)) - 2f4845be-2264-4a1a-8a27-f958336e1da9@group-91CED867EC48-LeaderElection5: begin an election at term 1 for -1: [0cd5f69f-229b-4e24-9dce-31aad898d52d:192.168.157.195:33132, 15de30e0-32e7-4789-867b-8c05fd0bfca2:192.168.157.195:43624, 2f4845be-2264-4a1a-8a27-f958336e1da9:192.168.157.195:36753], old=null
2019-10-23 22:38:11,837 [2f4845be-2264-4a1a-8a27-f958336e1da9@group-C3D09C951506-SegmentedRaftLogWorker] INFO  segmented.SegmentedRaftLogWorker (SegmentedRaftLogWorker.java:execute(576)) - 2f4845be-2264-4a1a-8a27-f958336e1da9@group-C3D09C951506-SegmentedRaftLogWorker: created new log segment /workdir/hadoop-ozone/integration-test/target/test-dir/MiniOzoneClusterImpl-da3a6117-6078-43df-8e08-80734442ab50/datanode-1/data/ratis/efed2573-69e8-4d23-8585-c3d09c951506/current/log_inprogress_0
2019-10-23 22:38:11,857 [15de30e0-32e7-4789-867b-8c05fd0bfca2@group-91CED867EC48-LeaderElection4] INFO  impl.LeaderElection (LeaderElection.java:logAndReturn(56)) - 15de30e0-32e7-4789-867b-8c05fd0bfca2@group-91CED867EC48-LeaderElection4: Election PASSED; received 1 response(s) [15de30e0-32e7-4789-867b-8c05fd0bfca2<-0cd5f69f-229b-4e24-9dce-31aad898d52d#0:OK-t1] and 0 exception(s); 15de30e0-32e7-4789-867b-8c05fd0bfca2@group-91CED867EC48:t1, leader=null, voted=15de30e0-32e7-4789-867b-8c05fd0bfca2, raftlog=15de30e0-32e7-4789-867b-8c05fd0bfca2@group-91CED867EC48-SegmentedRaftLog:OPENED:c-1,f-1,i0, conf=-1: [0cd5f69f-229b-4e24-9dce-31aad898d52d:192.168.157.195:33132, 15de30e0-32e7-4789-867b-8c05fd0bfca2:192.168.157.195:43624, 2f4845be-2264-4a1a-8a27-f958336e1da9:192.168.157.195:36753], old=null
2019-10-23 22:38:11,857 [15de30e0-32e7-4789-867b-8c05fd0bfca2@group-91CED867EC48-LeaderElection4] INFO  impl.RoleInfo (RoleInfo.java:shutdownLeaderElection(134)) - 15de30e0-32e7-4789-867b-8c05fd0bfca2: shutdown LeaderElection
2019-10-23 22:38:11,858 [15de30e0-32e7-4789-867b-8c05fd0bfca2@group-91CED867EC48-LeaderElection4] INFO  impl.RaftServerImpl (RaftServerImpl.java:setRole(184)) - 15de30e0-32e7-4789-867b-8c05fd0bfca2@group-91CED867EC48: changes role from CANDIDATE to LEADER at term 1 for changeToLeader
2019-10-23 22:38:11,860 [15de30e0-32e7-4789-867b-8c05fd0bfca2@group-91CED867EC48-LeaderElection4] INFO  impl.RaftServerImpl (ServerState.java:setLeader(256)) - 15de30e0-32e7-4789-867b-8c05fd0bfca2@group-91CED867EC48: change Leader from null to 15de30e0-32e7-4789-867b-8c05fd0bfca2 at term 1 for becomeLeader, leader elected after 210ms
2019-10-23 22:38:11,860 [15de30e0-32e7-4789-867b-8c05fd0bfca2@group-91CED867EC48-LeaderElection4] INFO  server.RaftServerConfigKeys (ConfUtils.java:logGet(43)) - raft.server.staging.catchup.gap = 1000 (default)
2019-10-23 22:38:11,860 [15de30e0-32e7-4789-867b-8c05fd0bfca2@group-91CED867EC48-LeaderElection4] INFO  server.RaftServerConfigKeys (ConfUtils.java:logGet(43)) - raft.server.rpc.sleep.time = 25ms (default)
2019-10-23 22:38:11,860 [15de30e0-32e7-4789-867b-8c05fd0bfca2@group-91CED867EC48-LeaderElection4] INFO  server.RaftServerConfigKeys (ConfUtils.java:logGet(43)) - raft.server.write.element-limit = 4096 (default)
2019-10-23 22:38:11,860 [15de30e0-32e7-4789-867b-8c05fd0bfca2@group-91CED867EC48-LeaderElection4] INFO  server.RaftServerConfigKeys (ConfUtils.java:logGet(43)) - raft.server.watch.timeout = 10s (default)
2019-10-23 22:38:11,861 [15de30e0-32e7-4789-867b-8c05fd0bfca2@group-91CED867EC48-LeaderElection4] INFO  server.RaftServerConfigKeys (ConfUtils.java:logGet(43)) - raft.server.watch.timeout.denomination = 1s (default)
2019-10-23 22:38:11,861 [15de30e0-32e7-4789-867b-8c05fd0bfca2@group-91CED867EC48-LeaderElection4] INFO  server.RaftServerConfigKeys (ConfUtils.java:logGet(43)) - raft.server.watch.element-limit = 65536 (default)
2019-10-23 22:38:11,872 [15de30e0-32e7-4789-867b-8c05fd0bfca2@group-91CED867EC48-LeaderElection4] INFO  server.RaftServerConfigKeys (ConfUtils.java:logGet(43)) - raft.server.log.appender.snapshot.chunk.size.max = 16MB (=16777216) (default)
2019-10-23 22:38:11,872 [15de30e0-32e7-4789-867b-8c05fd0bfca2@group-91CED867EC48-LeaderElection4] INFO  server.RaftServerConfigKeys (ConfUtils.java:logGet(43)) - raft.server.log.appender.buffer.byte-limit = 33554432 (custom)
2019-10-23 22:38:11,873 [15de30e0-32e7-4789-867b-8c05fd0bfca2@group-91CED867EC48-LeaderElection4] INFO  server.RaftServerConfigKeys (ConfUtils.java:logGet(43)) - raft.server.log.appender.buffer.element-limit = 1 (custom)
2019-10-23 22:38:11,877 [15de30e0-32e7-4789-867b-8c05fd0bfca2@group-91CED867EC48-LeaderElection4] INFO  grpc.GrpcConfigKeys$Server (ConfUtils.java:logGet(43)) - raft.grpc.server.leader.outstanding.appends.max = 128 (default)
2019-10-23 22:38:11,878 [15de30e0-32e7-4789-867b-8c05fd0bfca2@group-91CED867EC48-LeaderElection4] INFO  server.RaftServerConfigKeys (ConfUtils.java:logGet(43)) - raft.server.rpc.request.timeout = 3000ms (default)
2019-10-23 22:38:11,878 [15de30e0-32e7-4789-867b-8c05fd0bfca2@group-91CED867EC48-LeaderElection4] INFO  server.RaftServerConfigKeys (ConfUtils.java:logGet(43)) - raft.server.log.appender.install.snapshot.enabled = false (custom)
2019-10-23 22:38:11,883 [15de30e0-32e7-4789-867b-8c05fd0bfca2@group-91CED867EC48-LeaderElection4] INFO  server.RaftServerConfigKeys (ConfUtils.java:logGet(43)) - raft.server.log.appender.snapshot.chunk.size.max = 16MB (=16777216) (default)
2019-10-23 22:38:11,884 [15de30e0-32e7-4789-867b-8c05fd0bfca2@group-91CED867EC48-LeaderElection4] INFO  server.RaftServerConfigKeys (ConfUtils.java:logGet(43)) - raft.server.log.appender.buffer.byte-limit = 33554432 (custom)
2019-10-23 22:38:11,884 [15de30e0-32e7-4789-867b-8c05fd0bfca2@group-91CED867EC48-LeaderElection4] INFO  server.RaftServerConfigKeys (ConfUtils.java:logGet(43)) - raft.server.log.appender.buffer.element-limit = 1 (custom)
2019-10-23 22:38:11,884 [15de30e0-32e7-4789-867b-8c05fd0bfca2@group-91CED867EC48-LeaderElection4] INFO  grpc.GrpcConfigKeys$Server (ConfUtils.java:logGet(43)) - raft.grpc.server.leader.outstanding.appends.max = 128 (default)
2019-10-23 22:38:11,884 [15de30e0-32e7-4789-867b-8c05fd0bfca2@group-91CED867EC48-LeaderElection4] INFO  server.RaftServerConfigKeys (ConfUtils.java:logGet(43)) - raft.server.rpc.request.timeout = 3000ms (default)
2019-10-23 22:38:11,885 [15de30e0-32e7-4789-867b-8c05fd0bfca2@group-91CED867EC48-LeaderElection4] INFO  server.RaftServerConfigKeys (ConfUtils.java:logGet(43)) - raft.server.log.appender.install.snapshot.enabled = false (custom)
2019-10-23 22:38:11,891 [15de30e0-32e7-4789-867b-8c05fd0bfca2@group-91CED867EC48-LeaderElection4] INFO  impl.RoleInfo (RoleInfo.java:updateAndGet(143)) - 15de30e0-32e7-4789-867b-8c05fd0bfca2: start LeaderState
2019-10-23 22:38:11,891 [15de30e0-32e7-4789-867b-8c05fd0bfca2@group-91CED867EC48-LeaderElection4] INFO  segmented.SegmentedRaftLogWorker (SegmentedRaftLogWorker.java:startLogSegment(385)) - 15de30e0-32e7-4789-867b-8c05fd0bfca2@group-91CED867EC48-SegmentedRaftLogWorker: Starting segment from index:0
2019-10-23 22:38:11,892 [15de30e0-32e7-4789-867b-8c05fd0bfca2@group-91CED867EC48-LeaderElection4] INFO  impl.RaftServerImpl (ServerState.java:setRaftConf(357)) - 15de30e0-32e7-4789-867b-8c05fd0bfca2@group-91CED867EC48: set configuration 0: [0cd5f69f-229b-4e24-9dce-31aad898d52d:192.168.157.195:33132, 15de30e0-32e7-4789-867b-8c05fd0bfca2:192.168.157.195:43624, 2f4845be-2264-4a1a-8a27-f958336e1da9:192.168.157.195:36753], old=null at 0
2019-10-23 22:38:11,923 [grpc-default-executor-2] INFO  impl.RaftServerImpl (RaftServerImpl.java:requestVote(776)) - 15de30e0-32e7-4789-867b-8c05fd0bfca2@group-91CED867EC48-   LEADER: Withhold vote from candidate 2f4845be-2264-4a1a-8a27-f958336e1da9 with term 1. State: leader=15de30e0-32e7-4789-867b-8c05fd0bfca2, term=1, lastRpcElapsed=null
2019-10-23 22:38:11,930 [2f4845be-2264-4a1a-8a27-f958336e1da9@group-91CED867EC48-LeaderElection5] INFO  impl.LeaderElection (LeaderElection.java:logAndReturn(56)) - 2f4845be-2264-4a1a-8a27-f958336e1da9@group-91CED867EC48-LeaderElection5: Election REJECTED; received 2 response(s) [2f4845be-2264-4a1a-8a27-f958336e1da9<-0cd5f69f-229b-4e24-9dce-31aad898d52d#0:FAIL-t1, 2f4845be-2264-4a1a-8a27-f958336e1da9<-15de30e0-32e7-4789-867b-8c05fd0bfca2#0:FAIL-t1] and 0 exception(s); 2f4845be-2264-4a1a-8a27-f958336e1da9@group-91CED867EC48:t1, leader=null, voted=2f4845be-2264-4a1a-8a27-f958336e1da9, raftlog=2f4845be-2264-4a1a-8a27-f958336e1da9@group-91CED867EC48-SegmentedRaftLog:OPENED:c-1,f-1,i0, conf=-1: [0cd5f69f-229b-4e24-9dce-31aad898d52d:192.168.157.195:33132, 15de30e0-32e7-4789-867b-8c05fd0bfca2:192.168.157.195:43624, 2f4845be-2264-4a1a-8a27-f958336e1da9:192.168.157.195:36753], old=null
2019-10-23 22:38:11,930 [2f4845be-2264-4a1a-8a27-f958336e1da9@group-91CED867EC48-LeaderElection5] INFO  impl.RaftServerImpl (RaftServerImpl.java:setRole(184)) - 2f4845be-2264-4a1a-8a27-f958336e1da9@group-91CED867EC48: changes role from CANDIDATE to FOLLOWER at term 1 for DISCOVERED_A_NEW_TERM
2019-10-23 22:38:11,934 [2f4845be-2264-4a1a-8a27-f958336e1da9@group-91CED867EC48-LeaderElection5] INFO  impl.RoleInfo (RoleInfo.java:shutdownLeaderElection(134)) - 2f4845be-2264-4a1a-8a27-f958336e1da9: shutdown LeaderElection
2019-10-23 22:38:11,934 [2f4845be-2264-4a1a-8a27-f958336e1da9@group-91CED867EC48-LeaderElection5] INFO  impl.RoleInfo (RoleInfo.java:updateAndGet(143)) - 2f4845be-2264-4a1a-8a27-f958336e1da9: start FollowerState
2019-10-23 22:38:11,936 [15de30e0-32e7-4789-867b-8c05fd0bfca2@group-91CED867EC48-SegmentedRaftLogWorker] INFO  segmented.SegmentedRaftLogWorker (SegmentedRaftLogWorker.java:execute(576)) - 15de30e0-32e7-4789-867b-8c05fd0bfca2@group-91CED867EC48-SegmentedRaftLogWorker: created new log segment /workdir/hadoop-ozone/integration-test/target/test-dir/MiniOzoneClusterImpl-da3a6117-6078-43df-8e08-80734442ab50/datanode-0/data/ratis/a9317f84-3083-4a94-a1f5-91ced867ec48/current/log_inprogress_0
2019-10-23 22:38:11,955 [grpc-default-executor-3] INFO  impl.RaftServerImpl (ServerState.java:setLeader(256)) - 2f4845be-2264-4a1a-8a27-f958336e1da9@group-91CED867EC48: change Leader from null to 15de30e0-32e7-4789-867b-8c05fd0bfca2 at term 1 for appendEntries, leader elected after 305ms
2019-10-23 22:38:11,956 [grpc-default-executor-2] INFO  impl.RaftServerImpl (ServerState.java:setLeader(256)) - 0cd5f69f-229b-4e24-9dce-31aad898d52d@group-91CED867EC48: change Leader from null to 15de30e0-32e7-4789-867b-8c05fd0bfca2 at term 1 for appendEntries, leader elected after 305ms
2019-10-23 22:38:11,989 [grpc-default-executor-3] INFO  impl.RaftServerImpl (ServerState.java:setRaftConf(357)) - 0cd5f69f-229b-4e24-9dce-31aad898d52d@group-91CED867EC48: set configuration 0: [0cd5f69f-229b-4e24-9dce-31aad898d52d:192.168.157.195:33132, 15de30e0-32e7-4789-867b-8c05fd0bfca2:192.168.157.195:43624, 2f4845be-2264-4a1a-8a27-f958336e1da9:192.168.157.195:36753], old=null at 0
2019-10-23 22:38:11,989 [grpc-default-executor-2] INFO  impl.RaftServerImpl (ServerState.java:setRaftConf(357)) - 2f4845be-2264-4a1a-8a27-f958336e1da9@group-91CED867EC48: set configuration 0: [0cd5f69f-229b-4e24-9dce-31aad898d52d:192.168.157.195:33132, 15de30e0-32e7-4789-867b-8c05fd0bfca2:192.168.157.195:43624, 2f4845be-2264-4a1a-8a27-f958336e1da9:192.168.157.195:36753], old=null at 0
2019-10-23 22:38:11,989 [grpc-default-executor-3] INFO  segmented.SegmentedRaftLogWorker (SegmentedRaftLogWorker.java:startLogSegment(385)) - 0cd5f69f-229b-4e24-9dce-31aad898d52d@group-91CED867EC48-SegmentedRaftLogWorker: Starting segment from index:0
2019-10-23 22:38:11,989 [grpc-default-executor-2] INFO  segmented.SegmentedRaftLogWorker (SegmentedRaftLogWorker.java:startLogSegment(385)) - 2f4845be-2264-4a1a-8a27-f958336e1da9@group-91CED867EC48-SegmentedRaftLogWorker: Starting segment from index:0
2019-10-23 22:38:12,042 [2f4845be-2264-4a1a-8a27-f958336e1da9@group-91CED867EC48-SegmentedRaftLogWorker] INFO  segmented.SegmentedRaftLogWorker (SegmentedRaftLogWorker.java:execute(576)) - 2f4845be-2264-4a1a-8a27-f958336e1da9@group-91CED867EC48-SegmentedRaftLogWorker: created new log segment /workdir/hadoop-ozone/integration-test/target/test-dir/MiniOzoneClusterImpl-da3a6117-6078-43df-8e08-80734442ab50/datanode-1/data/ratis/a9317f84-3083-4a94-a1f5-91ced867ec48/current/log_inprogress_0
2019-10-23 22:38:12,042 [0cd5f69f-229b-4e24-9dce-31aad898d52d@group-91CED867EC48-SegmentedRaftLogWorker] INFO  segmented.SegmentedRaftLogWorker (SegmentedRaftLogWorker.java:execute(576)) - 0cd5f69f-229b-4e24-9dce-31aad898d52d@group-91CED867EC48-SegmentedRaftLogWorker: created new log segment /workdir/hadoop-ozone/integration-test/target/test-dir/MiniOzoneClusterImpl-da3a6117-6078-43df-8e08-80734442ab50/datanode-2/data/ratis/a9317f84-3083-4a94-a1f5-91ced867ec48/current/log_inprogress_0
2019-10-23 22:38:12,695 [main] INFO  rpc.RpcClient (RpcClient.java:createVolume(272)) - Creating Volume: testcontainerstatemachinefailures, with jenkins1000 as owner.
2019-10-23 22:38:12,796 [IPC Server handler 0 on 42669] INFO  volume.OMVolumeCreateRequest (OMVolumeCreateRequest.java:validateAndUpdateCache(193)) - created volume:testcontainerstatemachinefailures for user:jenkins1000
2019-10-23 22:38:12,822 [main] INFO  rpc.RpcClient (RpcClient.java:createBucket(411)) - Creating Bucket: testcontainerstatemachinefailures/testcontainerstatemachinefailures, with Versioning false and Storage Type set to DISK and Encryption set to false 
2019-10-23 22:38:12,980 [main] INFO  impl.MetricsSystemImpl (MetricsSystemImpl.java:init(158)) - XceiverClientMetrics metrics system started (again)
2019-10-23 22:38:13,462 [Datanode State Machine Thread - 0] INFO  statemachine.DatanodeStateMachine (DatanodeStateMachine.java:lambda$startDaemon$0(350)) - Ozone container server started.
2019-10-23 22:38:13,563 [Thread-181] INFO  container.ReplicationManager (ReplicationManager.java:start(162)) - Starting Replication Monitor Thread.
2019-10-23 22:38:13,565 [ReplicationMonitor] INFO  container.ReplicationManager (ReplicationManager.java:run(225)) - Replication Monitor Thread took 1 milliseconds for processing 1 containers.
2019-10-23 22:38:18,431 [main] INFO  ozoneimpl.OzoneContainer (OzoneContainer.java:stop(227)) - Attempting to stop container services.
2019-10-23 22:38:18,433 [main] INFO  impl.RaftServerProxy (RaftServerProxy.java:lambda$close$4(314)) - 0cd5f69f-229b-4e24-9dce-31aad898d52d: close
2019-10-23 22:38:18,435 [main] INFO  impl.RaftServerImpl (RaftServerImpl.java:lambda$shutdown$3(261)) - 0cd5f69f-229b-4e24-9dce-31aad898d52d@group-91CED867EC48: shutdown
2019-10-23 22:38:18,435 [ForkJoinPool.commonPool-worker-0] INFO  impl.RaftServerImpl (RaftServerImpl.java:lambda$shutdown$3(261)) - 0cd5f69f-229b-4e24-9dce-31aad898d52d@group-937CDEBE0F6B: shutdown
2019-10-23 22:38:18,436 [main] INFO  util.JmxRegister (JmxRegister.java:unregister(73)) - Successfully un-registered JMX Bean with object name Ratis:service=RaftServer,group=group-91CED867EC48,id=0cd5f69f-229b-4e24-9dce-31aad898d52d
2019-10-23 22:38:18,436 [ForkJoinPool.commonPool-worker-0] INFO  util.JmxRegister (JmxRegister.java:unregister(73)) - Successfully un-registered JMX Bean with object name Ratis:service=RaftServer,group=group-937CDEBE0F6B,id=0cd5f69f-229b-4e24-9dce-31aad898d52d
2019-10-23 22:38:18,436 [main] INFO  impl.RoleInfo (RoleInfo.java:shutdownFollowerState(121)) - 0cd5f69f-229b-4e24-9dce-31aad898d52d: shutdown FollowerState
2019-10-23 22:38:18,437 [ForkJoinPool.commonPool-worker-0] INFO  impl.RoleInfo (RoleInfo.java:shutdownLeaderState(104)) - 0cd5f69f-229b-4e24-9dce-31aad898d52d: shutdown LeaderState
2019-10-23 22:38:18,437 [Thread-213] INFO  impl.FollowerState (FollowerState.java:run(117)) - 0cd5f69f-229b-4e24-9dce-31aad898d52d@group-91CED867EC48-FollowerState was interrupted: java.lang.InterruptedException: sleep interrupted
2019-10-23 22:38:18,437 [main] INFO  impl.StateMachineUpdater (StateMachineUpdater.java:stopAndJoin(136)) - 0cd5f69f-229b-4e24-9dce-31aad898d52d@group-91CED867EC48-StateMachineUpdater: set stopIndex = 4
2019-10-23 22:38:18,437 [0cd5f69f-229b-4e24-9dce-31aad898d52d@group-91CED867EC48-StateMachineUpdater] INFO  ratis.ContainerStateMachine (ContainerStateMachine.java:takeSnapshot(294)) - group-91CED867EC48: Taking a snapshot at:(t:1, i:3) file /workdir/hadoop-ozone/integration-test/target/test-dir/MiniOzoneClusterImpl-da3a6117-6078-43df-8e08-80734442ab50/datanode-2/data/ratis/a9317f84-3083-4a94-a1f5-91ced867ec48/sm/snapshot.1_3
2019-10-23 22:38:18,440 [ForkJoinPool.commonPool-worker-0] INFO  impl.PendingRequests (PendingRequests.java:sendNotLeaderResponses(202)) - 0cd5f69f-229b-4e24-9dce-31aad898d52d@group-937CDEBE0F6B-PendingRequests: sendNotLeaderResponses
2019-10-23 22:38:18,442 [ForkJoinPool.commonPool-worker-0] INFO  impl.StateMachineUpdater (StateMachineUpdater.java:stopAndJoin(136)) - 0cd5f69f-229b-4e24-9dce-31aad898d52d@group-937CDEBE0F6B-StateMachineUpdater: set stopIndex = 0
2019-10-23 22:38:18,448 [ForkJoinPool.commonPool-worker-0] INFO  impl.RaftServerImpl (ServerState.java:close(388)) - 0cd5f69f-229b-4e24-9dce-31aad898d52d@group-937CDEBE0F6B: closes. applyIndex: 0
2019-10-23 22:38:18,450 [0cd5f69f-229b-4e24-9dce-31aad898d52d@group-937CDEBE0F6B-SegmentedRaftLogWorker] INFO  segmented.SegmentedRaftLogWorker (SegmentedRaftLogWorker.java:run(316)) - 0cd5f69f-229b-4e24-9dce-31aad898d52d@group-937CDEBE0F6B-SegmentedRaftLogWorker was interrupted, exiting. There are 0 tasks remaining in the queue.
2019-10-23 22:38:18,451 [ForkJoinPool.commonPool-worker-0] INFO  segmented.SegmentedRaftLogWorker (SegmentedRaftLogWorker.java:close(224)) - 0cd5f69f-229b-4e24-9dce-31aad898d52d@group-937CDEBE0F6B-SegmentedRaftLogWorker close()
2019-10-23 22:38:18,552 [0cd5f69f-229b-4e24-9dce-31aad898d52d@group-91CED867EC48-StateMachineUpdater] INFO  ratis.ContainerStateMachine (ContainerStateMachine.java:takeSnapshot(305)) - group-91CED867EC48: Finished taking a snapshot at:(t:1, i:3) file:/workdir/hadoop-ozone/integration-test/target/test-dir/MiniOzoneClusterImpl-da3a6117-6078-43df-8e08-80734442ab50/datanode-2/data/ratis/a9317f84-3083-4a94-a1f5-91ced867ec48/sm/snapshot.1_3 time:115
2019-10-23 22:38:18,553 [0cd5f69f-229b-4e24-9dce-31aad898d52d@group-91CED867EC48-StateMachineUpdater] INFO  impl.StateMachineUpdater (StateMachineUpdater.java:takeSnapshot(269)) - 0cd5f69f-229b-4e24-9dce-31aad898d52d@group-91CED867EC48-StateMachineUpdater: Took a snapshot at index 3
2019-10-23 22:38:18,554 [0cd5f69f-229b-4e24-9dce-31aad898d52d@group-91CED867EC48-StateMachineUpdater] INFO  impl.StateMachineUpdater (StateMachineUpdater.java:lambda$new$0(84)) - 0cd5f69f-229b-4e24-9dce-31aad898d52d@group-91CED867EC48-StateMachineUpdater: snapshotIndex: updateIncreasingly -1 -> 3
2019-10-23 22:38:18,557 [0cd5f69f-229b-4e24-9dce-31aad898d52d@group-91CED867EC48-StateMachineUpdater] INFO  ratis.ContainerStateMachine (ContainerStateMachine.java:takeSnapshot(294)) - group-91CED867EC48: Taking a snapshot at:(t:1, i:3) file /workdir/hadoop-ozone/integration-test/target/test-dir/MiniOzoneClusterImpl-da3a6117-6078-43df-8e08-80734442ab50/datanode-2/data/ratis/a9317f84-3083-4a94-a1f5-91ced867ec48/sm/snapshot.1_3
2019-10-23 22:38:18,569 [0cd5f69f-229b-4e24-9dce-31aad898d52d@group-91CED867EC48-StateMachineUpdater] INFO  ratis.ContainerStateMachine (ContainerStateMachine.java:takeSnapshot(305)) - group-91CED867EC48: Finished taking a snapshot at:(t:1, i:3) file:/workdir/hadoop-ozone/integration-test/target/test-dir/MiniOzoneClusterImpl-da3a6117-6078-43df-8e08-80734442ab50/datanode-2/data/ratis/a9317f84-3083-4a94-a1f5-91ced867ec48/sm/snapshot.1_3 time:12
2019-10-23 22:38:18,569 [0cd5f69f-229b-4e24-9dce-31aad898d52d@group-91CED867EC48-StateMachineUpdater] INFO  impl.StateMachineUpdater (StateMachineUpdater.java:takeSnapshot(269)) - 0cd5f69f-229b-4e24-9dce-31aad898d52d@group-91CED867EC48-StateMachineUpdater: Took a snapshot at index 3
2019-10-23 22:38:18,569 [0cd5f69f-229b-4e24-9dce-31aad898d52d@group-91CED867EC48-StateMachineUpdater] INFO  impl.StateMachineUpdater (StateMachineUpdater.java:lambda$new$0(84)) - 0cd5f69f-229b-4e24-9dce-31aad898d52d@group-91CED867EC48-StateMachineUpdater: snapshotIndex: updateIncreasingly 3 -> 3
2019-10-23 22:38:18,569 [main] INFO  impl.RaftServerImpl (ServerState.java:close(388)) - 0cd5f69f-229b-4e24-9dce-31aad898d52d@group-91CED867EC48: closes. applyIndex: 4
2019-10-23 22:38:18,570 [0cd5f69f-229b-4e24-9dce-31aad898d52d@group-91CED867EC48-SegmentedRaftLogWorker] INFO  segmented.SegmentedRaftLogWorker (SegmentedRaftLogWorker.java:run(316)) - 0cd5f69f-229b-4e24-9dce-31aad898d52d@group-91CED867EC48-SegmentedRaftLogWorker was interrupted, exiting. There are 0 tasks remaining in the queue.
2019-10-23 22:38:18,571 [main] INFO  segmented.SegmentedRaftLogWorker (SegmentedRaftLogWorker.java:close(224)) - 0cd5f69f-229b-4e24-9dce-31aad898d52d@group-91CED867EC48-SegmentedRaftLogWorker close()
2019-10-23 22:38:18,573 [main] INFO  server.GrpcService (GrpcService.java:closeImpl(164)) - 0cd5f69f-229b-4e24-9dce-31aad898d52d: shutdown server with port 33132 now
2019-10-23 22:38:18,580 [main] INFO  server.GrpcService (GrpcService.java:closeImpl(172)) - 0cd5f69f-229b-4e24-9dce-31aad898d52d: shutdown server with port 33132 successfully
2019-10-23 22:38:18,580 [grpc-default-executor-1] WARN  server.GrpcServerProtocolService (LogUtils.java:warn(134)) - 0cd5f69f-229b-4e24-9dce-31aad898d52d: installSnapshot onError, lastRequest: 15de30e0-32e7-4789-867b-8c05fd0bfca2->0cd5f69f-229b-4e24-9dce-31aad898d52d#7-t1, previous=(t:1, i:4), leaderCommit=4, initializing? false, entries: <empty>: org.apache.ratis.thirdparty.io.grpc.StatusRuntimeException: CANCELLED: cancelled before receiving half close
2019-10-23 22:38:18,583 [grpc-default-executor-3] WARN  server.GrpcLogAppender (LogUtils.java:warn(134)) - 15de30e0-32e7-4789-867b-8c05fd0bfca2@group-91CED867EC48->0cd5f69f-229b-4e24-9dce-31aad898d52d-AppendLogResponseHandler: Failed appendEntries: org.apache.ratis.thirdparty.io.grpc.StatusRuntimeException: CANCELLED: HTTP/2 error code: CANCEL
Received Rst Stream
2019-10-23 22:38:18,585 [refreshUsed-/workdir/hadoop-ozone/integration-test/target/test-dir/MiniOzoneClusterImpl-da3a6117-6078-43df-8e08-80734442ab50/datanode-2/data/containers] WARN  fs.CachingGetSpaceUsed (CachingGetSpaceUsed.java:run(183)) - Thread Interrupted waiting to refresh disk information: sleep interrupted
2019-10-23 22:38:18,608 [main] INFO  utils.BackgroundService (BackgroundService.java:shutdown(151)) - Shutting down service BlockDeletingService
2019-10-23 22:38:18,612 [main] INFO  statemachine.DatanodeStateMachine (DatanodeStateMachine.java:stopDaemon(395)) - Ozone container server stopped.
2019-10-23 22:38:18,616 [main] INFO  handler.ContextHandler (ContextHandler.java:doStop(910)) - Stopped o.e.j.w.WebAppContext@54e3658c{/,null,UNAVAILABLE}{/hddsDatanode}
2019-10-23 22:38:18,622 [main] INFO  server.AbstractConnector (AbstractConnector.java:doStop(318)) - Stopped ServerConnector@43e9089{HTTP/1.1,[http/1.1]}{0.0.0.0:0}
2019-10-23 22:38:18,623 [main] INFO  handler.ContextHandler (ContextHandler.java:doStop(910)) - Stopped o.e.j.s.ServletContextHandler@558756be{/static,jar:file:/home/user/.m2/repository/org/apache/hadoop/hadoop-hdds-container-service/0.5.0-SNAPSHOT/hadoop-hdds-container-service-0.5.0-SNAPSHOT.jar!/webapps/static,UNAVAILABLE}
2019-10-23 22:38:18,623 [main] INFO  handler.ContextHandler (ContextHandler.java:doStop(910)) - Stopped o.e.j.s.ServletContextHandler@6069dd38{/logs,file:///workdir/hadoop-ozone/integration-test/target/log,UNAVAILABLE}
2019-10-23 22:38:21,631 [java.util.concurrent.ThreadPoolExecutor$Worker@6cbe33e6[State = -1, empty queue]] WARN  server.GrpcLogAppender (GrpcLogAppender.java:timeoutAppendRequest(209)) - 15de30e0-32e7-4789-867b-8c05fd0bfca2@group-91CED867EC48->0cd5f69f-229b-4e24-9dce-31aad898d52d-GrpcLogAppender: appendEntries Timeout, request=15de30e0-32e7-4789-867b-8c05fd0bfca2->0cd5f69f-229b-4e24-9dce-31aad898d52d#8-t1, previous=(t:1, i:4), leaderCommit=4, initializing? false, entries: size=1, first=(t:1, i:5), STATEMACHINELOGENTRY, client-A571C4F32A47, cid=8
2019-10-23 22:38:21,634 [java.util.concurrent.ThreadPoolExecutor$Worker@6cbe33e6[State = -1, empty queue]] WARN  server.GrpcLogAppender (GrpcLogAppender.java:timeoutAppendRequest(209)) - 15de30e0-32e7-4789-867b-8c05fd0bfca2@group-91CED867EC48->0cd5f69f-229b-4e24-9dce-31aad898d52d-GrpcLogAppender: appendEntries Timeout, request=15de30e0-32e7-4789-867b-8c05fd0bfca2->0cd5f69f-229b-4e24-9dce-31aad898d52d#9-t1, previous=(t:1, i:5), leaderCommit=4, initializing? false, entries: size=1, first=(t:1, i:6), STATEMACHINELOGENTRY, client-A571C4F32A47, cid=9
2019-10-23 22:38:21,645 [java.util.concurrent.ThreadPoolExecutor$Worker@6cbe33e6[State = -1, empty queue]] WARN  server.GrpcLogAppender (GrpcLogAppender.java:timeoutAppendRequest(209)) - 15de30e0-32e7-4789-867b-8c05fd0bfca2@group-91CED867EC48->0cd5f69f-229b-4e24-9dce-31aad898d52d-GrpcLogAppender: appendEntries Timeout, request=15de30e0-32e7-4789-867b-8c05fd0bfca2->0cd5f69f-229b-4e24-9dce-31aad898d52d#10-t1, previous=(t:1, i:6), leaderCommit=5, initializing? false, entries: size=1, first=(t:1, i:7), METADATAENTRY(c5)
2019-10-23 22:38:21,646 [java.util.concurrent.ThreadPoolExecutor$Worker@6cbe33e6[State = -1, empty queue]] WARN  server.GrpcLogAppender (GrpcLogAppender.java:timeoutAppendRequest(209)) - 15de30e0-32e7-4789-867b-8c05fd0bfca2@group-91CED867EC48->0cd5f69f-229b-4e24-9dce-31aad898d52d-GrpcLogAppender: appendEntries Timeout, request=15de30e0-32e7-4789-867b-8c05fd0bfca2->0cd5f69f-229b-4e24-9dce-31aad898d52d#11-t1, previous=(t:1, i:7), leaderCommit=6, initializing? false, entries: size=1, first=(t:1, i:8), METADATAENTRY(c6)
2019-10-23 22:38:24,147 [java.util.concurrent.ThreadPoolExecutor$Worker@6cbe33e6[State = -1, empty queue]] WARN  server.GrpcLogAppender (GrpcLogAppender.java:timeoutAppendRequest(209)) - 15de30e0-32e7-4789-867b-8c05fd0bfca2@group-91CED867EC48->0cd5f69f-229b-4e24-9dce-31aad898d52d-GrpcLogAppender: appendEntries Timeout, request=15de30e0-32e7-4789-867b-8c05fd0bfca2->0cd5f69f-229b-4e24-9dce-31aad898d52d#12-t1, previous=(t:1, i:8), leaderCommit=8, initializing? false, entries: <empty>
2019-10-23 22:38:26,648 [java.util.concurrent.ThreadPoolExecutor$Worker@6cbe33e6[State = -1, empty queue]] WARN  server.GrpcLogAppender (GrpcLogAppender.java:timeoutAppendRequest(209)) - 15de30e0-32e7-4789-867b-8c05fd0bfca2@group-91CED867EC48->0cd5f69f-229b-4e24-9dce-31aad898d52d-GrpcLogAppender: appendEntries Timeout, request=15de30e0-32e7-4789-867b-8c05fd0bfca2->0cd5f69f-229b-4e24-9dce-31aad898d52d#13-t1, previous=(t:1, i:8), leaderCommit=8, initializing? false, entries: <empty>
2019-10-23 22:38:29,149 [java.util.concurrent.ThreadPoolExecutor$Worker@6cbe33e6[State = -1, empty queue]] WARN  server.GrpcLogAppender (GrpcLogAppender.java:timeoutAppendRequest(209)) - 15de30e0-32e7-4789-867b-8c05fd0bfca2@group-91CED867EC48->0cd5f69f-229b-4e24-9dce-31aad898d52d-GrpcLogAppender: appendEntries Timeout, request=15de30e0-32e7-4789-867b-8c05fd0bfca2->0cd5f69f-229b-4e24-9dce-31aad898d52d#14-t1, previous=(t:1, i:8), leaderCommit=8, initializing? false, entries: <empty>
2019-10-23 22:38:29,589 [Thread-285] INFO  client.GrpcClientProtocolService (GrpcClientProtocolService.java:lambda$processClientRequest$0(278)) - Failed RaftClientRequest:client-A571C4F32A47->15de30e0-32e7-4789-867b-8c05fd0bfca2@group-91CED867EC48, cid=10, seq=0, Watch-ALL_COMMITTED(6), Message:<EMPTY>, reply=RaftClientReply:client-A571C4F32A47->15de30e0-32e7-4789-867b-8c05fd0bfca2@group-91CED867EC48, cid=10, FAILED org.apache.ratis.protocol.NotReplicatedException: Request with call Id 10 and log index 6 is not yet replicated to ALL_COMMITTED, logIndex=6, commits[15de30e0-32e7-4789-867b-8c05fd0bfca2:c8, 0cd5f69f-229b-4e24-9dce-31aad898d52d:c4, 2f4845be-2264-4a1a-8a27-f958336e1da9:c8]
2019-10-23 22:38:31,651 [java.util.concurrent.ThreadPoolExecutor$Worker@6cbe33e6[State = -1, empty queue]] WARN  server.GrpcLogAppender (GrpcLogAppender.java:timeoutAppendRequest(209)) - 15de30e0-32e7-4789-867b-8c05fd0bfca2@group-91CED867EC48->0cd5f69f-229b-4e24-9dce-31aad898d52d-GrpcLogAppender: appendEntries Timeout, request=15de30e0-32e7-4789-867b-8c05fd0bfca2->0cd5f69f-229b-4e24-9dce-31aad898d52d#15-t1, previous=(t:1, i:8), leaderCommit=8, initializing? false, entries: <empty>
2019-10-23 22:38:34,156 [java.util.concurrent.ThreadPoolExecutor$Worker@6cbe33e6[State = -1, empty queue]] WARN  server.GrpcLogAppender (GrpcLogAppender.java:timeoutAppendRequest(209)) - 15de30e0-32e7-4789-867b-8c05fd0bfca2@group-91CED867EC48->0cd5f69f-229b-4e24-9dce-31aad898d52d-GrpcLogAppender: appendEntries Timeout, request=15de30e0-32e7-4789-867b-8c05fd0bfca2->0cd5f69f-229b-4e24-9dce-31aad898d52d#16-t1, previous=(t:1, i:8), leaderCommit=8, initializing? false, entries: <empty>
2019-10-23 22:38:36,657 [java.util.concurrent.ThreadPoolExecutor$Worker@6cbe33e6[State = -1, empty queue]] WARN  server.GrpcLogAppender (GrpcLogAppender.java:timeoutAppendRequest(209)) - 15de30e0-32e7-4789-867b-8c05fd0bfca2@group-91CED867EC48->0cd5f69f-229b-4e24-9dce-31aad898d52d-GrpcLogAppender: appendEntries Timeout, request=15de30e0-32e7-4789-867b-8c05fd0bfca2->0cd5f69f-229b-4e24-9dce-31aad898d52d#17-t1, previous=(t:1, i:8), leaderCommit=8, initializing? false, entries: <empty>
2019-10-23 22:38:37,708 [Thread-291] INFO  client.GrpcClientProtocolService (GrpcClientProtocolService.java:lambda$processClientRequest$0(278)) - Failed RaftClientRequest:client-A571C4F32A47->2f4845be-2264-4a1a-8a27-f958336e1da9@group-91CED867EC48, cid=10, seq=0, Watch-ALL_COMMITTED(6), Message:<EMPTY>, reply=RaftClientReply:client-A571C4F32A47->2f4845be-2264-4a1a-8a27-f958336e1da9@group-91CED867EC48, cid=10, FAILED org.apache.ratis.protocol.NotLeaderException: Server 2f4845be-2264-4a1a-8a27-f958336e1da9@group-91CED867EC48 is not the leader 15de30e0-32e7-4789-867b-8c05fd0bfca2:192.168.157.195:43624, logIndex=0, commits[2f4845be-2264-4a1a-8a27-f958336e1da9:c8, 0cd5f69f-229b-4e24-9dce-31aad898d52d:c4, 15de30e0-32e7-4789-867b-8c05fd0bfca2:c8]
2019-10-23 22:38:39,158 [java.util.concurrent.ThreadPoolExecutor$Worker@6cbe33e6[State = -1, empty queue]] WARN  server.GrpcLogAppender (GrpcLogAppender.java:timeoutAppendRequest(209)) - 15de30e0-32e7-4789-867b-8c05fd0bfca2@group-91CED867EC48->0cd5f69f-229b-4e24-9dce-31aad898d52d-GrpcLogAppender: appendEntries Timeout, request=15de30e0-32e7-4789-867b-8c05fd0bfca2->0cd5f69f-229b-4e24-9dce-31aad898d52d#18-t1, previous=(t:1, i:8), leaderCommit=8, initializing? false, entries: <empty>
2019-10-23 22:38:39,585 [Thread-295] INFO  client.GrpcClientProtocolService (GrpcClientProtocolService.java:lambda$processClientRequest$0(278)) - Failed RaftClientRequest:client-A571C4F32A47->15de30e0-32e7-4789-867b-8c05fd0bfca2@group-91CED867EC48, cid=10, seq=0, Watch-ALL_COMMITTED(6), Message:<EMPTY>, reply=RaftClientReply:client-A571C4F32A47->15de30e0-32e7-4789-867b-8c05fd0bfca2@group-91CED867EC48, cid=10, FAILED org.apache.ratis.protocol.NotReplicatedException: Request with call Id 10 and log index 6 is not yet replicated to ALL_COMMITTED, logIndex=6, commits[15de30e0-32e7-4789-867b-8c05fd0bfca2:c8, 0cd5f69f-229b-4e24-9dce-31aad898d52d:c4, 2f4845be-2264-4a1a-8a27-f958336e1da9:c8]
2019-10-23 22:38:41,659 [java.util.concurrent.ThreadPoolExecutor$Worker@6cbe33e6[State = -1, empty queue]] WARN  server.GrpcLogAppender (GrpcLogAppender.java:timeoutAppendRequest(209)) - 15de30e0-32e7-4789-867b-8c05fd0bfca2@group-91CED867EC48->0cd5f69f-229b-4e24-9dce-31aad898d52d-GrpcLogAppender: appendEntries Timeout, request=15de30e0-32e7-4789-867b-8c05fd0bfca2->0cd5f69f-229b-4e24-9dce-31aad898d52d#19-t1, previous=(t:1, i:8), leaderCommit=8, initializing? false, entries: <empty>
2019-10-23 22:38:44,161 [java.util.concurrent.ThreadPoolExecutor$Worker@6cbe33e6[State = -1, empty queue]] WARN  server.GrpcLogAppender (GrpcLogAppender.java:timeoutAppendRequest(209)) - 15de30e0-32e7-4789-867b-8c05fd0bfca2@group-91CED867EC48->0cd5f69f-229b-4e24-9dce-31aad898d52d-GrpcLogAppender: appendEntries Timeout, request=15de30e0-32e7-4789-867b-8c05fd0bfca2->0cd5f69f-229b-4e24-9dce-31aad898d52d#20-t1, previous=(t:1, i:8), leaderCommit=8, initializing? false, entries: <empty>
2019-10-23 22:38:46,662 [java.util.concurrent.ThreadPoolExecutor$Worker@6cbe33e6[State = -1, empty queue]] WARN  server.GrpcLogAppender (GrpcLogAppender.java:timeoutAppendRequest(209)) - 15de30e0-32e7-4789-867b-8c05fd0bfca2@group-91CED867EC48->0cd5f69f-229b-4e24-9dce-31aad898d52d-GrpcLogAppender: appendEntries Timeout, request=15de30e0-32e7-4789-867b-8c05fd0bfca2->0cd5f69f-229b-4e24-9dce-31aad898d52d#21-t1, previous=(t:1, i:8), leaderCommit=8, initializing? false, entries: <empty>
2019-10-23 22:38:47,752 [Thread-303] INFO  client.GrpcClientProtocolService (GrpcClientProtocolService.java:lambda$processClientRequest$0(278)) - Failed RaftClientRequest:client-A571C4F32A47->2f4845be-2264-4a1a-8a27-f958336e1da9@group-91CED867EC48, cid=10, seq=0, Watch-ALL_COMMITTED(6), Message:<EMPTY>, reply=RaftClientReply:client-A571C4F32A47->2f4845be-2264-4a1a-8a27-f958336e1da9@group-91CED867EC48, cid=10, FAILED org.apache.ratis.protocol.NotLeaderException: Server 2f4845be-2264-4a1a-8a27-f958336e1da9@group-91CED867EC48 is not the leader 15de30e0-32e7-4789-867b-8c05fd0bfca2:192.168.157.195:43624, logIndex=0, commits[2f4845be-2264-4a1a-8a27-f958336e1da9:c8, 0cd5f69f-229b-4e24-9dce-31aad898d52d:c4, 15de30e0-32e7-4789-867b-8c05fd0bfca2:c8]
2019-10-23 22:38:48,585 [Thread-306] INFO  client.GrpcClientProtocolService (GrpcClientProtocolService.java:lambda$processClientRequest$0(278)) - Failed RaftClientRequest:client-A571C4F32A47->15de30e0-32e7-4789-867b-8c05fd0bfca2@group-91CED867EC48, cid=10, seq=0, Watch-ALL_COMMITTED(6), Message:<EMPTY>, reply=RaftClientReply:client-A571C4F32A47->15de30e0-32e7-4789-867b-8c05fd0bfca2@group-91CED867EC48, cid=10, FAILED org.apache.ratis.protocol.NotReplicatedException: Request with call Id 10 and log index 6 is not yet replicated to ALL_COMMITTED, logIndex=6, commits[15de30e0-32e7-4789-867b-8c05fd0bfca2:c8, 0cd5f69f-229b-4e24-9dce-31aad898d52d:c4, 2f4845be-2264-4a1a-8a27-f958336e1da9:c8]
2019-10-23 22:38:48,668 [main] WARN  scm.XceiverClientRatis (XceiverClientRatis.java:watchForCommit(277)) - 3 way commit failed on pipeline Pipeline[ Id: a9317f84-3083-4a94-a1f5-91ced867ec48, Nodes: 2f4845be-2264-4a1a-8a27-f958336e1da9{ip: 192.168.157.195, host: pr-hdds-2311-7bgld-1842715332, networkLocation: /default-rack, certSerialId: null}0cd5f69f-229b-4e24-9dce-31aad898d52d{ip: 192.168.157.195, host: pr-hdds-2311-7bgld-1842715332, networkLocation: /default-rack, certSerialId: null}15de30e0-32e7-4789-867b-8c05fd0bfca2{ip: 192.168.157.195, host: pr-hdds-2311-7bgld-1842715332, networkLocation: /default-rack, certSerialId: null}, Type:RATIS, Factor:THREE, State:OPEN]
java.util.concurrent.TimeoutException
	at java.util.concurrent.CompletableFuture.timedGet(CompletableFuture.java:1771)
	at java.util.concurrent.CompletableFuture.get(CompletableFuture.java:1915)
	at org.apache.hadoop.hdds.scm.XceiverClientRatis.watchForCommit(XceiverClientRatis.java:274)
	at org.apache.hadoop.hdds.scm.storage.CommitWatcher.watchForCommit(CommitWatcher.java:198)
	at org.apache.hadoop.hdds.scm.storage.CommitWatcher.watchOnLastIndex(CommitWatcher.java:161)
	at org.apache.hadoop.hdds.scm.storage.BlockOutputStream.watchForCommit(BlockOutputStream.java:346)
	at org.apache.hadoop.hdds.scm.storage.BlockOutputStream.handleFlush(BlockOutputStream.java:482)
	at org.apache.hadoop.hdds.scm.storage.BlockOutputStream.close(BlockOutputStream.java:496)
	at org.apache.hadoop.ozone.client.io.BlockOutputStreamEntry.close(BlockOutputStreamEntry.java:143)
	at org.apache.hadoop.ozone.client.io.KeyOutputStream.handleFlushOrClose(KeyOutputStream.java:435)
	at org.apache.hadoop.ozone.client.io.KeyOutputStream.close(KeyOutputStream.java:473)
	at org.apache.hadoop.ozone.client.io.OzoneOutputStream.close(OzoneOutputStream.java:60)
	at org.apache.hadoop.ozone.client.rpc.TestDeleteWithSlowFollower.testDeleteKeyWithSlowFollower(TestDeleteWithSlowFollower.java:193)
	at sun.reflect.NativeMethodAccessorImpl.invoke0(Native Method)
	at sun.reflect.NativeMethodAccessorImpl.invoke(NativeMethodAccessorImpl.java:62)
	at sun.reflect.DelegatingMethodAccessorImpl.invoke(DelegatingMethodAccessorImpl.java:43)
	at java.lang.reflect.Method.invoke(Method.java:498)
	at org.junit.runners.model.FrameworkMethod$1.runReflectiveCall(FrameworkMethod.java:47)
	at org.junit.internal.runners.model.ReflectiveCallable.run(ReflectiveCallable.java:12)
	at org.junit.runners.model.FrameworkMethod.invokeExplosively(FrameworkMethod.java:44)
	at org.junit.internal.runners.statements.InvokeMethod.evaluate(InvokeMethod.java:17)
	at org.junit.runners.ParentRunner.runLeaf(ParentRunner.java:271)
	at org.junit.runners.BlockJUnit4ClassRunner.runChild(BlockJUnit4ClassRunner.java:70)
	at org.junit.runners.BlockJUnit4ClassRunner.runChild(BlockJUnit4ClassRunner.java:50)
	at org.junit.runners.ParentRunner$3.run(ParentRunner.java:238)
	at org.junit.runners.ParentRunner$1.schedule(ParentRunner.java:63)
	at org.junit.runners.ParentRunner.runChildren(ParentRunner.java:236)
	at org.junit.runners.ParentRunner.access$000(ParentRunner.java:53)
	at org.junit.runners.ParentRunner$2.evaluate(ParentRunner.java:229)
	at org.junit.internal.runners.statements.RunBefores.evaluate(RunBefores.java:26)
	at org.junit.internal.runners.statements.RunAfters.evaluate(RunAfters.java:27)
	at org.junit.runners.ParentRunner.run(ParentRunner.java:309)
	at org.apache.maven.surefire.junit4.JUnit4Provider.execute(JUnit4Provider.java:365)
	at org.apache.maven.surefire.junit4.JUnit4Provider.executeWithRerun(JUnit4Provider.java:273)
	at org.apache.maven.surefire.junit4.JUnit4Provider.executeTestSet(JUnit4Provider.java:238)
	at org.apache.maven.surefire.junit4.JUnit4Provider.invoke(JUnit4Provider.java:159)
	at org.apache.maven.surefire.booter.ForkedBooter.invokeProviderInSameClassLoader(ForkedBooter.java:384)
	at org.apache.maven.surefire.booter.ForkedBooter.runSuitesInProcess(ForkedBooter.java:345)
	at org.apache.maven.surefire.booter.ForkedBooter.execute(ForkedBooter.java:126)
	at org.apache.maven.surefire.booter.ForkedBooter.main(ForkedBooter.java:418)
2019-10-23 22:38:48,687 [main] INFO  scm.XceiverClientRatis (XceiverClientRatis.java:lambda$watchForCommit$5(295)) - Could not commit index 6 on pipeline Pipeline[ Id: a9317f84-3083-4a94-a1f5-91ced867ec48, Nodes: 2f4845be-2264-4a1a-8a27-f958336e1da9{ip: 192.168.157.195, host: pr-hdds-2311-7bgld-1842715332, networkLocation: /default-rack, certSerialId: null}0cd5f69f-229b-4e24-9dce-31aad898d52d{ip: 192.168.157.195, host: pr-hdds-2311-7bgld-1842715332, networkLocation: /default-rack, certSerialId: null}15de30e0-32e7-4789-867b-8c05fd0bfca2{ip: 192.168.157.195, host: pr-hdds-2311-7bgld-1842715332, networkLocation: /default-rack, certSerialId: null}, Type:RATIS, Factor:THREE, State:OPEN] to all the nodes. Server 0cd5f69f-229b-4e24-9dce-31aad898d52d has failed. Committed by majority.
2019-10-23 22:38:48,688 [main] WARN  storage.BlockOutputStream (BlockOutputStream.java:watchForCommit(352)) - Failed to commit BlockId conID: 1 locID: 103014091515756544 bcsId: 6 on Pipeline[ Id: a9317f84-3083-4a94-a1f5-91ced867ec48, Nodes: 2f4845be-2264-4a1a-8a27-f958336e1da9{ip: 192.168.157.195, host: pr-hdds-2311-7bgld-1842715332, networkLocation: /default-rack, certSerialId: null}0cd5f69f-229b-4e24-9dce-31aad898d52d{ip: 192.168.157.195, host: pr-hdds-2311-7bgld-1842715332, networkLocation: /default-rack, certSerialId: null}15de30e0-32e7-4789-867b-8c05fd0bfca2{ip: 192.168.157.195, host: pr-hdds-2311-7bgld-1842715332, networkLocation: /default-rack, certSerialId: null}, Type:RATIS, Factor:THREE, State:OPEN]. Failed nodes: [0cd5f69f-229b-4e24-9dce-31aad898d52d{ip: null, host: null, networkLocation: /default-rack, certSerialId: null}]
2019-10-23 22:38:48,786 [EventQueue-IncrementalContainerReportForIncrementalContainerReportHandler] WARN  container.IncrementalContainerReportHandler (AbstractContainerReportHandler.java:updateContainerState(145)) - Container #1 is in OPEN state, but the datanode 15de30e0-32e7-4789-867b-8c05fd0bfca2{ip: 192.168.157.195, host: pr-hdds-2311-7bgld-1842715332, networkLocation: /default-rack, certSerialId: null} reports an CLOSING replica.
2019-10-23 22:38:48,797 [RatisApplyTransactionExecutor 1] INFO  interfaces.Container (KeyValueContainer.java:flushAndSyncDB(386)) - Container 1 is synced with bcsId 6.
2019-10-23 22:38:48,798 [RatisApplyTransactionExecutor 1] INFO  interfaces.Container (KeyValueContainer.java:flushAndSyncDB(386)) - Container 1 is synced with bcsId 6.
2019-10-23 22:38:48,811 [RatisApplyTransactionExecutor 1] INFO  interfaces.Container (KeyValueContainer.java:close(335)) - Container 1 is closed with bcsId 6.
2019-10-23 22:38:48,815 [EventQueue-IncrementalContainerReportForIncrementalContainerReportHandler] WARN  container.IncrementalContainerReportHandler (AbstractContainerReportHandler.java:updateContainerState(145)) - Container #1 is in OPEN state, but the datanode 15de30e0-32e7-4789-867b-8c05fd0bfca2{ip: 192.168.157.195, host: pr-hdds-2311-7bgld-1842715332, networkLocation: /default-rack, certSerialId: null} reports an CLOSED replica.
2019-10-23 22:38:48,815 [EventQueue-IncrementalContainerReportForIncrementalContainerReportHandler] WARN  container.IncrementalContainerReportHandler (AbstractContainerReportHandler.java:updateContainerState(145)) - Container #1 is in OPEN state, but the datanode 2f4845be-2264-4a1a-8a27-f958336e1da9{ip: 192.168.157.195, host: pr-hdds-2311-7bgld-1842715332, networkLocation: /default-rack, certSerialId: null} reports an CLOSING replica.
2019-10-23 22:38:48,823 [RatisApplyTransactionExecutor 1] INFO  interfaces.Container (KeyValueContainer.java:flushAndSyncDB(386)) - Container 1 is synced with bcsId 6.
2019-10-23 22:38:48,825 [RatisApplyTransactionExecutor 1] INFO  interfaces.Container (KeyValueContainer.java:flushAndSyncDB(386)) - Container 1 is synced with bcsId 6.
2019-10-23 22:38:48,840 [RatisApplyTransactionExecutor 1] INFO  interfaces.Container (KeyValueContainer.java:close(335)) - Container 1 is closed with bcsId 6.
2019-10-23 22:38:48,842 [EventQueue-IncrementalContainerReportForIncrementalContainerReportHandler] WARN  container.IncrementalContainerReportHandler (AbstractContainerReportHandler.java:updateContainerState(145)) - Container #1 is in OPEN state, but the datanode 2f4845be-2264-4a1a-8a27-f958336e1da9{ip: 192.168.157.195, host: pr-hdds-2311-7bgld-1842715332, networkLocation: /default-rack, certSerialId: null} reports an CLOSED replica.
2019-10-23 22:38:48,879 [BlockDeletingService#2] WARN  background.BlockDeletingService (BlockDeletingService.java:isDeletionAllowed(187)) - Close Container log Index 6 is not replicated across allthe servers in the pipeline a9317f84-3083-4a94-a1f5-91ced867ec48 as the min replicated index is 4. Deletion is not allowed in this container yet.
2019-10-23 22:38:48,879 [BlockDeletingService#0] WARN  background.BlockDeletingService (BlockDeletingService.java:isDeletionAllowed(187)) - Close Container log Index 6 is not replicated across allthe servers in the pipeline a9317f84-3083-4a94-a1f5-91ced867ec48 as the min replicated index is 4. Deletion is not allowed in this container yet.
2019-10-23 22:38:48,912 [EventQueue-ContainerReportForContainerReportHandler] WARN  container.ContainerReportHandler (AbstractContainerReportHandler.java:updateContainerState(145)) - Container #1 is in OPEN state, but the datanode 15de30e0-32e7-4789-867b-8c05fd0bfca2{ip: 192.168.157.195, host: pr-hdds-2311-7bgld-1842715332, networkLocation: /default-rack, certSerialId: null} reports an CLOSED replica.
2019-10-23 22:38:49,165 [java.util.concurrent.ThreadPoolExecutor$Worker@6cbe33e6[State = -1, empty queue]] WARN  server.GrpcLogAppender (GrpcLogAppender.java:timeoutAppendRequest(209)) - 15de30e0-32e7-4789-867b-8c05fd0bfca2@group-91CED867EC48->0cd5f69f-229b-4e24-9dce-31aad898d52d-GrpcLogAppender: appendEntries Timeout, request=15de30e0-32e7-4789-867b-8c05fd0bfca2->0cd5f69f-229b-4e24-9dce-31aad898d52d#22-t1, previous=(t:1, i:8), leaderCommit=8, initializing? false, entries: <empty>
2019-10-23 22:38:49,213 [EventQueue-ContainerReportForContainerReportHandler] WARN  container.ContainerReportHandler (AbstractContainerReportHandler.java:updateContainerState(145)) - Container #1 is in OPEN state, but the datanode 15de30e0-32e7-4789-867b-8c05fd0bfca2{ip: 192.168.157.195, host: pr-hdds-2311-7bgld-1842715332, networkLocation: /default-rack, certSerialId: null} reports an CLOSED replica.
2019-10-23 22:38:49,241 [EventQueue-ContainerReportForContainerReportHandler] WARN  container.ContainerReportHandler (AbstractContainerReportHandler.java:updateContainerState(145)) - Container #1 is in OPEN state, but the datanode 2f4845be-2264-4a1a-8a27-f958336e1da9{ip: 192.168.157.195, host: pr-hdds-2311-7bgld-1842715332, networkLocation: /default-rack, certSerialId: null} reports an CLOSED replica.
2019-10-23 22:38:49,413 [EventQueue-ContainerReportForContainerReportHandler] WARN  container.ContainerReportHandler (AbstractContainerReportHandler.java:updateContainerState(145)) - Container #1 is in OPEN state, but the datanode 15de30e0-32e7-4789-867b-8c05fd0bfca2{ip: 192.168.157.195, host: pr-hdds-2311-7bgld-1842715332, networkLocation: /default-rack, certSerialId: null} reports an CLOSED replica.
2019-10-23 22:38:49,442 [EventQueue-ContainerReportForContainerReportHandler] WARN  container.ContainerReportHandler (AbstractContainerReportHandler.java:updateContainerState(145)) - Container #1 is in OPEN state, but the datanode 2f4845be-2264-4a1a-8a27-f958336e1da9{ip: 192.168.157.195, host: pr-hdds-2311-7bgld-1842715332, networkLocation: /default-rack, certSerialId: null} reports an CLOSED replica.
2019-10-23 22:38:49,706 [IPC Server handler 0 on 46416] INFO  server.SCMBlockProtocolServer (SCMBlockProtocolServer.java:deleteKeyBlocks(212)) - SCM is informed by OM to delete 1 blocks
2019-10-23 22:38:49,706 [IPC Server handler 0 on 46416] INFO  block.BlockManagerImpl (BlockManagerImpl.java:deleteBlocks(285)) - Deleting blocks conID: 1 locID: 103014091515756544 bcsId: 0
2019-10-23 22:38:49,742 [EventQueue-ContainerReportForContainerReportHandler] WARN  container.ContainerReportHandler (AbstractContainerReportHandler.java:updateContainerState(145)) - Container #1 is in OPEN state, but the datanode 2f4845be-2264-4a1a-8a27-f958336e1da9{ip: 192.168.157.195, host: pr-hdds-2311-7bgld-1842715332, networkLocation: /default-rack, certSerialId: null} reports an CLOSED replica.
2019-10-23 22:38:49,814 [EventQueue-ContainerReportForContainerReportHandler] WARN  container.ContainerReportHandler (AbstractContainerReportHandler.java:updateContainerState(145)) - Container #1 is in OPEN state, but the datanode 15de30e0-32e7-4789-867b-8c05fd0bfca2{ip: 192.168.157.195, host: pr-hdds-2311-7bgld-1842715332, networkLocation: /default-rack, certSerialId: null} reports an CLOSED replica.
2019-10-23 22:38:49,882 [BlockDeletingService#0] WARN  background.BlockDeletingService (BlockDeletingService.java:isDeletionAllowed(187)) - Close Container log Index 6 is not replicated across allthe servers in the pipeline a9317f84-3083-4a94-a1f5-91ced867ec48 as the min replicated index is 4. Deletion is not allowed in this container yet.
2019-10-23 22:38:49,882 [BlockDeletingService#2] WARN  background.BlockDeletingService (BlockDeletingService.java:isDeletionAllowed(187)) - Close Container log Index 6 is not replicated across allthe servers in the pipeline a9317f84-3083-4a94-a1f5-91ced867ec48 as the min replicated index is 4. Deletion is not allowed in this container yet.
2019-10-23 22:38:50,042 [EventQueue-ContainerReportForContainerReportHandler] WARN  container.ContainerReportHandler (AbstractContainerReportHandler.java:updateContainerState(145)) - Container #1 is in OPEN state, but the datanode 2f4845be-2264-4a1a-8a27-f958336e1da9{ip: 192.168.157.195, host: pr-hdds-2311-7bgld-1842715332, networkLocation: /default-rack, certSerialId: null} reports an CLOSED replica.
2019-10-23 22:38:50,114 [EventQueue-ContainerReportForContainerReportHandler] WARN  container.ContainerReportHandler (AbstractContainerReportHandler.java:updateContainerState(145)) - Container #1 is in OPEN state, but the datanode 15de30e0-32e7-4789-867b-8c05fd0bfca2{ip: 192.168.157.195, host: pr-hdds-2311-7bgld-1842715332, networkLocation: /default-rack, certSerialId: null} reports an CLOSED replica.
2019-10-23 22:38:50,342 [EventQueue-ContainerReportForContainerReportHandler] WARN  container.ContainerReportHandler (AbstractContainerReportHandler.java:updateContainerState(145)) - Container #1 is in OPEN state, but the datanode 2f4845be-2264-4a1a-8a27-f958336e1da9{ip: 192.168.157.195, host: pr-hdds-2311-7bgld-1842715332, networkLocation: /default-rack, certSerialId: null} reports an CLOSED replica.
2019-10-23 22:38:50,415 [EventQueue-ContainerReportForContainerReportHandler] WARN  container.ContainerReportHandler (AbstractContainerReportHandler.java:updateContainerState(145)) - Container #1 is in OPEN state, but the datanode 15de30e0-32e7-4789-867b-8c05fd0bfca2{ip: 192.168.157.195, host: pr-hdds-2311-7bgld-1842715332, networkLocation: /default-rack, certSerialId: null} reports an CLOSED replica.
2019-10-23 22:38:50,714 [EventQueue-ContainerReportForContainerReportHandler] WARN  container.ContainerReportHandler (AbstractContainerReportHandler.java:updateContainerState(145)) - Container #1 is in OPEN state, but the datanode 15de30e0-32e7-4789-867b-8c05fd0bfca2{ip: 192.168.157.195, host: pr-hdds-2311-7bgld-1842715332, networkLocation: /default-rack, certSerialId: null} reports an CLOSED replica.
2019-10-23 22:38:50,745 [EventQueue-ContainerReportForContainerReportHandler] WARN  container.ContainerReportHandler (AbstractContainerReportHandler.java:updateContainerState(145)) - Container #1 is in OPEN state, but the datanode 2f4845be-2264-4a1a-8a27-f958336e1da9{ip: 192.168.157.195, host: pr-hdds-2311-7bgld-1842715332, networkLocation: /default-rack, certSerialId: null} reports an CLOSED replica.
2019-10-23 22:38:50,883 [BlockDeletingService#0] WARN  background.BlockDeletingService (BlockDeletingService.java:isDeletionAllowed(187)) - Close Container log Index 6 is not replicated across allthe servers in the pipeline a9317f84-3083-4a94-a1f5-91ced867ec48 as the min replicated index is 4. Deletion is not allowed in this container yet.
2019-10-23 22:38:50,883 [BlockDeletingService#2] WARN  background.BlockDeletingService (BlockDeletingService.java:isDeletionAllowed(187)) - Close Container log Index 6 is not replicated across allthe servers in the pipeline a9317f84-3083-4a94-a1f5-91ced867ec48 as the min replicated index is 4. Deletion is not allowed in this container yet.
2019-10-23 22:38:51,015 [EventQueue-ContainerReportForContainerReportHandler] WARN  container.ContainerReportHandler (AbstractContainerReportHandler.java:updateContainerState(145)) - Container #1 is in OPEN state, but the datanode 15de30e0-32e7-4789-867b-8c05fd0bfca2{ip: 192.168.157.195, host: pr-hdds-2311-7bgld-1842715332, networkLocation: /default-rack, certSerialId: null} reports an CLOSED replica.
2019-10-23 22:38:51,045 [EventQueue-ContainerReportForContainerReportHandler] WARN  container.ContainerReportHandler (AbstractContainerReportHandler.java:updateContainerState(145)) - Container #1 is in OPEN state, but the datanode 2f4845be-2264-4a1a-8a27-f958336e1da9{ip: 192.168.157.195, host: pr-hdds-2311-7bgld-1842715332, networkLocation: /default-rack, certSerialId: null} reports an CLOSED replica.
2019-10-23 22:38:51,315 [EventQueue-ContainerReportForContainerReportHandler] WARN  container.ContainerReportHandler (AbstractContainerReportHandler.java:updateContainerState(145)) - Container #1 is in OPEN state, but the datanode 15de30e0-32e7-4789-867b-8c05fd0bfca2{ip: 192.168.157.195, host: pr-hdds-2311-7bgld-1842715332, networkLocation: /default-rack, certSerialId: null} reports an CLOSED replica.
2019-10-23 22:38:51,445 [EventQueue-ContainerReportForContainerReportHandler] WARN  container.ContainerReportHandler (AbstractContainerReportHandler.java:updateContainerState(145)) - Container #1 is in OPEN state, but the datanode 2f4845be-2264-4a1a-8a27-f958336e1da9{ip: 192.168.157.195, host: pr-hdds-2311-7bgld-1842715332, networkLocation: /default-rack, certSerialId: null} reports an CLOSED replica.
2019-10-23 22:38:51,516 [EventQueue-ContainerReportForContainerReportHandler] WARN  container.ContainerReportHandler (AbstractContainerReportHandler.java:updateContainerState(145)) - Container #1 is in OPEN state, but the datanode 15de30e0-32e7-4789-867b-8c05fd0bfca2{ip: 192.168.157.195, host: pr-hdds-2311-7bgld-1842715332, networkLocation: /default-rack, certSerialId: null} reports an CLOSED replica.
2019-10-23 22:38:51,667 [java.util.concurrent.ThreadPoolExecutor$Worker@6cbe33e6[State = -1, empty queue]] WARN  server.GrpcLogAppender (GrpcLogAppender.java:timeoutAppendRequest(209)) - 15de30e0-32e7-4789-867b-8c05fd0bfca2@group-91CED867EC48->0cd5f69f-229b-4e24-9dce-31aad898d52d-GrpcLogAppender: appendEntries Timeout, request=15de30e0-32e7-4789-867b-8c05fd0bfca2->0cd5f69f-229b-4e24-9dce-31aad898d52d#23-t1, previous=(t:1, i:8), leaderCommit=8, initializing? false, entries: <empty>
2019-10-23 22:38:51,745 [EventQueue-ContainerReportForContainerReportHandler] WARN  container.ContainerReportHandler (AbstractContainerReportHandler.java:updateContainerState(145)) - Container #1 is in OPEN state, but the datanode 2f4845be-2264-4a1a-8a27-f958336e1da9{ip: 192.168.157.195, host: pr-hdds-2311-7bgld-1842715332, networkLocation: /default-rack, certSerialId: null} reports an CLOSED replica.
2019-10-23 22:38:51,757 [java.util.concurrent.ThreadPoolExecutor$Worker@6cbe33e6[State = -1, empty queue]] WARN  server.GrpcLogAppender (GrpcLogAppender.java:timeoutAppendRequest(209)) - 15de30e0-32e7-4789-867b-8c05fd0bfca2@group-91CED867EC48->0cd5f69f-229b-4e24-9dce-31aad898d52d-GrpcLogAppender: appendEntries Timeout, request=15de30e0-32e7-4789-867b-8c05fd0bfca2->0cd5f69f-229b-4e24-9dce-31aad898d52d#24-t1, previous=(t:1, i:8), leaderCommit=8, initializing? false, entries: size=1, first=(t:1, i:9), STATEMACHINELOGENTRY, client-9A9776C7232A, cid=12
2019-10-23 22:38:51,771 [java.util.concurrent.ThreadPoolExecutor$Worker@6cbe33e6[State = -1, empty queue]] WARN  server.GrpcLogAppender (GrpcLogAppender.java:timeoutAppendRequest(209)) - 15de30e0-32e7-4789-867b-8c05fd0bfca2@group-91CED867EC48->0cd5f69f-229b-4e24-9dce-31aad898d52d-GrpcLogAppender: appendEntries Timeout, request=15de30e0-32e7-4789-867b-8c05fd0bfca2->0cd5f69f-229b-4e24-9dce-31aad898d52d#25-t1, previous=(t:1, i:9), leaderCommit=9, initializing? false, entries: size=1, first=(t:1, i:10), METADATAENTRY(c9)
2019-10-23 22:38:51,886 [BlockDeletingService#0] WARN  background.BlockDeletingService (BlockDeletingService.java:isDeletionAllowed(187)) - Close Container log Index 6 is not replicated across allthe servers in the pipeline a9317f84-3083-4a94-a1f5-91ced867ec48 as the min replicated index is 4. Deletion is not allowed in this container yet.
2019-10-23 22:38:51,886 [BlockDeletingService#2] WARN  background.BlockDeletingService (BlockDeletingService.java:isDeletionAllowed(187)) - Close Container log Index 6 is not replicated across allthe servers in the pipeline a9317f84-3083-4a94-a1f5-91ced867ec48 as the min replicated index is 4. Deletion is not allowed in this container yet.
2019-10-23 22:38:51,917 [EventQueue-ContainerReportForContainerReportHandler] WARN  container.ContainerReportHandler (AbstractContainerReportHandler.java:updateContainerState(145)) - Container #1 is in OPEN state, but the datanode 15de30e0-32e7-4789-867b-8c05fd0bfca2{ip: 192.168.157.195, host: pr-hdds-2311-7bgld-1842715332, networkLocation: /default-rack, certSerialId: null} reports an CLOSED replica.
2019-10-23 22:38:52,046 [EventQueue-ContainerReportForContainerReportHandler] WARN  container.ContainerReportHandler (AbstractContainerReportHandler.java:updateContainerState(145)) - Container #1 is in OPEN state, but the datanode 2f4845be-2264-4a1a-8a27-f958336e1da9{ip: 192.168.157.195, host: pr-hdds-2311-7bgld-1842715332, networkLocation: /default-rack, certSerialId: null} reports an CLOSED replica.
2019-10-23 22:38:52,316 [EventQueue-ContainerReportForContainerReportHandler] WARN  container.ContainerReportHandler (AbstractContainerReportHandler.java:updateContainerState(145)) - Container #1 is in OPEN state, but the datanode 15de30e0-32e7-4789-867b-8c05fd0bfca2{ip: 192.168.157.195, host: pr-hdds-2311-7bgld-1842715332, networkLocation: /default-rack, certSerialId: null} reports an CLOSED replica.
2019-10-23 22:38:52,446 [EventQueue-ContainerReportForContainerReportHandler] WARN  container.ContainerReportHandler (AbstractContainerReportHandler.java:updateContainerState(145)) - Container #1 is in OPEN state, but the datanode 2f4845be-2264-4a1a-8a27-f958336e1da9{ip: 192.168.157.195, host: pr-hdds-2311-7bgld-1842715332, networkLocation: /default-rack, certSerialId: null} reports an CLOSED replica.
2019-10-23 22:38:52,618 [EventQueue-ContainerReportForContainerReportHandler] WARN  container.ContainerReportHandler (AbstractContainerReportHandler.java:updateContainerState(145)) - Container #1 is in OPEN state, but the datanode 15de30e0-32e7-4789-867b-8c05fd0bfca2{ip: 192.168.157.195, host: pr-hdds-2311-7bgld-1842715332, networkLocation: /default-rack, certSerialId: null} reports an CLOSED replica.
2019-10-23 22:38:52,847 [EventQueue-ContainerReportForContainerReportHandler] WARN  container.ContainerReportHandler (AbstractContainerReportHandler.java:updateContainerState(145)) - Container #1 is in OPEN state, but the datanode 2f4845be-2264-4a1a-8a27-f958336e1da9{ip: 192.168.157.195, host: pr-hdds-2311-7bgld-1842715332, networkLocation: /default-rack, certSerialId: null} reports an CLOSED replica.
2019-10-23 22:38:52,891 [BlockDeletingService#0] WARN  background.BlockDeletingService (BlockDeletingService.java:isDeletionAllowed(187)) - Close Container log Index 6 is not replicated across allthe servers in the pipeline a9317f84-3083-4a94-a1f5-91ced867ec48 as the min replicated index is 4. Deletion is not allowed in this container yet.
2019-10-23 22:38:52,892 [BlockDeletingService#2] WARN  background.BlockDeletingService (BlockDeletingService.java:isDeletionAllowed(187)) - Close Container log Index 6 is not replicated across allthe servers in the pipeline a9317f84-3083-4a94-a1f5-91ced867ec48 as the min replicated index is 4. Deletion is not allowed in this container yet.
2019-10-23 22:38:53,018 [EventQueue-ContainerReportForContainerReportHandler] WARN  container.ContainerReportHandler (AbstractContainerReportHandler.java:updateContainerState(145)) - Container #1 is in OPEN state, but the datanode 15de30e0-32e7-4789-867b-8c05fd0bfca2{ip: 192.168.157.195, host: pr-hdds-2311-7bgld-1842715332, networkLocation: /default-rack, certSerialId: null} reports an CLOSED replica.
2019-10-23 22:38:53,148 [EventQueue-ContainerReportForContainerReportHandler] WARN  container.ContainerReportHandler (AbstractContainerReportHandler.java:updateContainerState(145)) - Container #1 is in OPEN state, but the datanode 2f4845be-2264-4a1a-8a27-f958336e1da9{ip: 192.168.157.195, host: pr-hdds-2311-7bgld-1842715332, networkLocation: /default-rack, certSerialId: null} reports an CLOSED replica.
2019-10-23 22:38:53,423 [EventQueue-ContainerReportForContainerReportHandler] WARN  container.ContainerReportHandler (AbstractContainerReportHandler.java:updateContainerState(145)) - Container #1 is in OPEN state, but the datanode 15de30e0-32e7-4789-867b-8c05fd0bfca2{ip: 192.168.157.195, host: pr-hdds-2311-7bgld-1842715332, networkLocation: /default-rack, certSerialId: null} reports an CLOSED replica.
2019-10-23 22:38:53,449 [EventQueue-ContainerReportForContainerReportHandler] WARN  container.ContainerReportHandler (AbstractContainerReportHandler.java:updateContainerState(145)) - Container #1 is in OPEN state, but the datanode 2f4845be-2264-4a1a-8a27-f958336e1da9{ip: 192.168.157.195, host: pr-hdds-2311-7bgld-1842715332, networkLocation: /default-rack, certSerialId: null} reports an CLOSED replica.
2019-10-23 22:38:53,749 [EventQueue-ContainerReportForContainerReportHandler] WARN  container.ContainerReportHandler (AbstractContainerReportHandler.java:updateContainerState(145)) - Container #1 is in OPEN state, but the datanode 2f4845be-2264-4a1a-8a27-f958336e1da9{ip: 192.168.157.195, host: pr-hdds-2311-7bgld-1842715332, networkLocation: /default-rack, certSerialId: null} reports an CLOSED replica.
2019-10-23 22:38:53,820 [EventQueue-ContainerReportForContainerReportHandler] WARN  container.ContainerReportHandler (AbstractContainerReportHandler.java:updateContainerState(145)) - Container #1 is in OPEN state, but the datanode 15de30e0-32e7-4789-867b-8c05fd0bfca2{ip: 192.168.157.195, host: pr-hdds-2311-7bgld-1842715332, networkLocation: /default-rack, certSerialId: null} reports an CLOSED replica.
2019-10-23 22:38:53,894 [BlockDeletingService#2] WARN  background.BlockDeletingService (BlockDeletingService.java:isDeletionAllowed(187)) - Close Container log Index 6 is not replicated across allthe servers in the pipeline a9317f84-3083-4a94-a1f5-91ced867ec48 as the min replicated index is 4. Deletion is not allowed in this container yet.
2019-10-23 22:38:53,894 [BlockDeletingService#0] WARN  background.BlockDeletingService (BlockDeletingService.java:isDeletionAllowed(187)) - Close Container log Index 6 is not replicated across allthe servers in the pipeline a9317f84-3083-4a94-a1f5-91ced867ec48 as the min replicated index is 4. Deletion is not allowed in this container yet.
2019-10-23 22:38:54,050 [EventQueue-ContainerReportForContainerReportHandler] WARN  container.ContainerReportHandler (AbstractContainerReportHandler.java:updateContainerState(145)) - Container #1 is in OPEN state, but the datanode 2f4845be-2264-4a1a-8a27-f958336e1da9{ip: 192.168.157.195, host: pr-hdds-2311-7bgld-1842715332, networkLocation: /default-rack, certSerialId: null} reports an CLOSED replica.
2019-10-23 22:38:54,120 [EventQueue-ContainerReportForContainerReportHandler] WARN  container.ContainerReportHandler (AbstractContainerReportHandler.java:updateContainerState(145)) - Container #1 is in OPEN state, but the datanode 15de30e0-32e7-4789-867b-8c05fd0bfca2{ip: 192.168.157.195, host: pr-hdds-2311-7bgld-1842715332, networkLocation: /default-rack, certSerialId: null} reports an CLOSED replica.
2019-10-23 22:38:54,250 [EventQueue-ContainerReportForContainerReportHandler] WARN  container.ContainerReportHandler (AbstractContainerReportHandler.java:updateContainerState(145)) - Container #1 is in OPEN state, but the datanode 2f4845be-2264-4a1a-8a27-f958336e1da9{ip: 192.168.157.195, host: pr-hdds-2311-7bgld-1842715332, networkLocation: /default-rack, certSerialId: null} reports an CLOSED replica.
2019-10-23 22:38:54,273 [java.util.concurrent.ThreadPoolExecutor$Worker@6cbe33e6[State = -1, empty queue]] WARN  server.GrpcLogAppender (GrpcLogAppender.java:timeoutAppendRequest(209)) - 15de30e0-32e7-4789-867b-8c05fd0bfca2@group-91CED867EC48->0cd5f69f-229b-4e24-9dce-31aad898d52d-GrpcLogAppender: appendEntries Timeout, request=15de30e0-32e7-4789-867b-8c05fd0bfca2->0cd5f69f-229b-4e24-9dce-31aad898d52d#26-t1, previous=(t:1, i:10), leaderCommit=10, initializing? false, entries: <empty>
2019-10-23 22:38:54,321 [EventQueue-ContainerReportForContainerReportHandler] WARN  container.ContainerReportHandler (AbstractContainerReportHandler.java:updateContainerState(145)) - Container #1 is in OPEN state, but the datanode 15de30e0-32e7-4789-867b-8c05fd0bfca2{ip: 192.168.157.195, host: pr-hdds-2311-7bgld-1842715332, networkLocation: /default-rack, certSerialId: null} reports an CLOSED replica.
2019-10-23 22:38:54,620 [EventQueue-ContainerReportForContainerReportHandler] WARN  container.ContainerReportHandler (AbstractContainerReportHandler.java:updateContainerState(145)) - Container #1 is in OPEN state, but the datanode 15de30e0-32e7-4789-867b-8c05fd0bfca2{ip: 192.168.157.195, host: pr-hdds-2311-7bgld-1842715332, networkLocation: /default-rack, certSerialId: null} reports an CLOSED replica.
2019-10-23 22:38:54,651 [EventQueue-ContainerReportForContainerReportHandler] WARN  container.ContainerReportHandler (AbstractContainerReportHandler.java:updateContainerState(145)) - Container #1 is in OPEN state, but the datanode 2f4845be-2264-4a1a-8a27-f958336e1da9{ip: 192.168.157.195, host: pr-hdds-2311-7bgld-1842715332, networkLocation: /default-rack, certSerialId: null} reports an CLOSED replica.
2019-10-23 22:38:54,896 [BlockDeletingService#2] WARN  background.BlockDeletingService (BlockDeletingService.java:isDeletionAllowed(187)) - Close Container log Index 6 is not replicated across allthe servers in the pipeline a9317f84-3083-4a94-a1f5-91ced867ec48 as the min replicated index is 4. Deletion is not allowed in this container yet.
2019-10-23 22:38:54,896 [BlockDeletingService#0] WARN  background.BlockDeletingService (BlockDeletingService.java:isDeletionAllowed(187)) - Close Container log Index 6 is not replicated across allthe servers in the pipeline a9317f84-3083-4a94-a1f5-91ced867ec48 as the min replicated index is 4. Deletion is not allowed in this container yet.
2019-10-23 22:38:54,952 [EventQueue-ContainerReportForContainerReportHandler] WARN  container.ContainerReportHandler (AbstractContainerReportHandler.java:updateContainerState(145)) - Container #1 is in OPEN state, but the datanode 2f4845be-2264-4a1a-8a27-f958336e1da9{ip: 192.168.157.195, host: pr-hdds-2311-7bgld-1842715332, networkLocation: /default-rack, certSerialId: null} reports an CLOSED replica.
2019-10-23 22:38:55,021 [EventQueue-ContainerReportForContainerReportHandler] WARN  container.ContainerReportHandler (AbstractContainerReportHandler.java:updateContainerState(145)) - Container #1 is in OPEN state, but the datanode 15de30e0-32e7-4789-867b-8c05fd0bfca2{ip: 192.168.157.195, host: pr-hdds-2311-7bgld-1842715332, networkLocation: /default-rack, certSerialId: null} reports an CLOSED replica.
2019-10-23 22:38:55,253 [EventQueue-ContainerReportForContainerReportHandler] WARN  container.ContainerReportHandler (AbstractContainerReportHandler.java:updateContainerState(145)) - Container #1 is in OPEN state, but the datanode 2f4845be-2264-4a1a-8a27-f958336e1da9{ip: 192.168.157.195, host: pr-hdds-2311-7bgld-1842715332, networkLocation: /default-rack, certSerialId: null} reports an CLOSED replica.
2019-10-23 22:38:55,421 [EventQueue-ContainerReportForContainerReportHandler] WARN  container.ContainerReportHandler (AbstractContainerReportHandler.java:updateContainerState(145)) - Container #1 is in OPEN state, but the datanode 15de30e0-32e7-4789-867b-8c05fd0bfca2{ip: 192.168.157.195, host: pr-hdds-2311-7bgld-1842715332, networkLocation: /default-rack, certSerialId: null} reports an CLOSED replica.
2019-10-23 22:38:55,553 [EventQueue-ContainerReportForContainerReportHandler] WARN  container.ContainerReportHandler (AbstractContainerReportHandler.java:updateContainerState(145)) - Container #1 is in OPEN state, but the datanode 2f4845be-2264-4a1a-8a27-f958336e1da9{ip: 192.168.157.195, host: pr-hdds-2311-7bgld-1842715332, networkLocation: /default-rack, certSerialId: null} reports an CLOSED replica.
2019-10-23 22:38:55,822 [EventQueue-ContainerReportForContainerReportHandler] WARN  container.ContainerReportHandler (AbstractContainerReportHandler.java:updateContainerState(145)) - Container #1 is in OPEN state, but the datanode 15de30e0-32e7-4789-867b-8c05fd0bfca2{ip: 192.168.157.195, host: pr-hdds-2311-7bgld-1842715332, networkLocation: /default-rack, certSerialId: null} reports an CLOSED replica.
2019-10-23 22:38:55,853 [EventQueue-ContainerReportForContainerReportHandler] WARN  container.ContainerReportHandler (AbstractContainerReportHandler.java:updateContainerState(145)) - Container #1 is in OPEN state, but the datanode 2f4845be-2264-4a1a-8a27-f958336e1da9{ip: 192.168.157.195, host: pr-hdds-2311-7bgld-1842715332, networkLocation: /default-rack, certSerialId: null} reports an CLOSED replica.
2019-10-23 22:38:55,897 [BlockDeletingService#2] WARN  background.BlockDeletingService (BlockDeletingService.java:isDeletionAllowed(187)) - Close Container log Index 6 is not replicated across allthe servers in the pipeline a9317f84-3083-4a94-a1f5-91ced867ec48 as the min replicated index is 4. Deletion is not allowed in this container yet.
2019-10-23 22:38:55,897 [BlockDeletingService#0] WARN  background.BlockDeletingService (BlockDeletingService.java:isDeletionAllowed(187)) - Close Container log Index 6 is not replicated across allthe servers in the pipeline a9317f84-3083-4a94-a1f5-91ced867ec48 as the min replicated index is 4. Deletion is not allowed in this container yet.
2019-10-23 22:38:56,022 [EventQueue-ContainerReportForContainerReportHandler] WARN  container.ContainerReportHandler (AbstractContainerReportHandler.java:updateContainerState(145)) - Container #1 is in OPEN state, but the datanode 15de30e0-32e7-4789-867b-8c05fd0bfca2{ip: 192.168.157.195, host: pr-hdds-2311-7bgld-1842715332, networkLocation: /default-rack, certSerialId: null} reports an CLOSED replica.
2019-10-23 22:38:56,154 [EventQueue-ContainerReportForContainerReportHandler] WARN  container.ContainerReportHandler (AbstractContainerReportHandler.java:updateContainerState(145)) - Container #1 is in OPEN state, but the datanode 2f4845be-2264-4a1a-8a27-f958336e1da9{ip: 192.168.157.195, host: pr-hdds-2311-7bgld-1842715332, networkLocation: /default-rack, certSerialId: null} reports an CLOSED replica.
2019-10-23 22:38:56,324 [EventQueue-ContainerReportForContainerReportHandler] WARN  container.ContainerReportHandler (AbstractContainerReportHandler.java:updateContainerState(145)) - Container #1 is in OPEN state, but the datanode 15de30e0-32e7-4789-867b-8c05fd0bfca2{ip: 192.168.157.195, host: pr-hdds-2311-7bgld-1842715332, networkLocation: /default-rack, certSerialId: null} reports an CLOSED replica.
2019-10-23 22:38:56,455 [EventQueue-ContainerReportForContainerReportHandler] WARN  container.ContainerReportHandler (AbstractContainerReportHandler.java:updateContainerState(145)) - Container #1 is in OPEN state, but the datanode 2f4845be-2264-4a1a-8a27-f958336e1da9{ip: 192.168.157.195, host: pr-hdds-2311-7bgld-1842715332, networkLocation: /default-rack, certSerialId: null} reports an CLOSED replica.
2019-10-23 22:38:56,524 [EventQueue-ContainerReportForContainerReportHandler] WARN  container.ContainerReportHandler (AbstractContainerReportHandler.java:updateContainerState(145)) - Container #1 is in OPEN state, but the datanode 15de30e0-32e7-4789-867b-8c05fd0bfca2{ip: 192.168.157.195, host: pr-hdds-2311-7bgld-1842715332, networkLocation: /default-rack, certSerialId: null} reports an CLOSED replica.
2019-10-23 22:38:56,755 [EventQueue-ContainerReportForContainerReportHandler] WARN  container.ContainerReportHandler (AbstractContainerReportHandler.java:updateContainerState(145)) - Container #1 is in OPEN state, but the datanode 2f4845be-2264-4a1a-8a27-f958336e1da9{ip: 192.168.157.195, host: pr-hdds-2311-7bgld-1842715332, networkLocation: /default-rack, certSerialId: null} reports an CLOSED replica.
2019-10-23 22:38:56,775 [java.util.concurrent.ThreadPoolExecutor$Worker@6cbe33e6[State = -1, empty queue]] WARN  server.GrpcLogAppender (GrpcLogAppender.java:timeoutAppendRequest(209)) - 15de30e0-32e7-4789-867b-8c05fd0bfca2@group-91CED867EC48->0cd5f69f-229b-4e24-9dce-31aad898d52d-GrpcLogAppender: appendEntries Timeout, request=15de30e0-32e7-4789-867b-8c05fd0bfca2->0cd5f69f-229b-4e24-9dce-31aad898d52d#27-t1, previous=(t:1, i:10), leaderCommit=10, initializing? false, entries: <empty>
2019-10-23 22:38:56,824 [EventQueue-ContainerReportForContainerReportHandler] WARN  container.ContainerReportHandler (AbstractContainerReportHandler.java:updateContainerState(145)) - Container #1 is in OPEN state, but the datanode 15de30e0-32e7-4789-867b-8c05fd0bfca2{ip: 192.168.157.195, host: pr-hdds-2311-7bgld-1842715332, networkLocation: /default-rack, certSerialId: null} reports an CLOSED replica.
2019-10-23 22:38:56,899 [BlockDeletingService#2] WARN  background.BlockDeletingService (BlockDeletingService.java:isDeletionAllowed(187)) - Close Container log Index 6 is not replicated across allthe servers in the pipeline a9317f84-3083-4a94-a1f5-91ced867ec48 as the min replicated index is 4. Deletion is not allowed in this container yet.
2019-10-23 22:38:56,899 [BlockDeletingService#0] WARN  background.BlockDeletingService (BlockDeletingService.java:isDeletionAllowed(187)) - Close Container log Index 6 is not replicated across allthe servers in the pipeline a9317f84-3083-4a94-a1f5-91ced867ec48 as the min replicated index is 4. Deletion is not allowed in this container yet.
2019-10-23 22:38:57,025 [EventQueue-ContainerReportForContainerReportHandler] WARN  container.ContainerReportHandler (AbstractContainerReportHandler.java:updateContainerState(145)) - Container #1 is in OPEN state, but the datanode 15de30e0-32e7-4789-867b-8c05fd0bfca2{ip: 192.168.157.195, host: pr-hdds-2311-7bgld-1842715332, networkLocation: /default-rack, certSerialId: null} reports an CLOSED replica.
2019-10-23 22:38:57,055 [EventQueue-ContainerReportForContainerReportHandler] WARN  container.ContainerReportHandler (AbstractContainerReportHandler.java:updateContainerState(145)) - Container #1 is in OPEN state, but the datanode 2f4845be-2264-4a1a-8a27-f958336e1da9{ip: 192.168.157.195, host: pr-hdds-2311-7bgld-1842715332, networkLocation: /default-rack, certSerialId: null} reports an CLOSED replica.
2019-10-23 22:38:57,324 [EventQueue-ContainerReportForContainerReportHandler] WARN  container.ContainerReportHandler (AbstractContainerReportHandler.java:updateContainerState(145)) - Container #1 is in OPEN state, but the datanode 15de30e0-32e7-4789-867b-8c05fd0bfca2{ip: 192.168.157.195, host: pr-hdds-2311-7bgld-1842715332, networkLocation: /default-rack, certSerialId: null} reports an CLOSED replica.
2019-10-23 22:38:57,356 [EventQueue-ContainerReportForContainerReportHandler] WARN  container.ContainerReportHandler (AbstractContainerReportHandler.java:updateContainerState(145)) - Container #1 is in OPEN state, but the datanode 2f4845be-2264-4a1a-8a27-f958336e1da9{ip: 192.168.157.195, host: pr-hdds-2311-7bgld-1842715332, networkLocation: /default-rack, certSerialId: null} reports an CLOSED replica.
2019-10-23 22:38:57,656 [EventQueue-ContainerReportForContainerReportHandler] WARN  container.ContainerReportHandler (AbstractContainerReportHandler.java:updateContainerState(145)) - Container #1 is in OPEN state, but the datanode 2f4845be-2264-4a1a-8a27-f958336e1da9{ip: 192.168.157.195, host: pr-hdds-2311-7bgld-1842715332, networkLocation: /default-rack, certSerialId: null} reports an CLOSED replica.
2019-10-23 22:38:57,725 [EventQueue-ContainerReportForContainerReportHandler] WARN  container.ContainerReportHandler (AbstractContainerReportHandler.java:updateContainerState(145)) - Container #1 is in OPEN state, but the datanode 15de30e0-32e7-4789-867b-8c05fd0bfca2{ip: 192.168.157.195, host: pr-hdds-2311-7bgld-1842715332, networkLocation: /default-rack, certSerialId: null} reports an CLOSED replica.
2019-10-23 22:38:57,856 [EventQueue-ContainerReportForContainerReportHandler] WARN  container.ContainerReportHandler (AbstractContainerReportHandler.java:updateContainerState(145)) - Container #1 is in OPEN state, but the datanode 2f4845be-2264-4a1a-8a27-f958336e1da9{ip: 192.168.157.195, host: pr-hdds-2311-7bgld-1842715332, networkLocation: /default-rack, certSerialId: null} reports an CLOSED replica.
2019-10-23 22:38:57,900 [BlockDeletingService#2] WARN  background.BlockDeletingService (BlockDeletingService.java:isDeletionAllowed(187)) - Close Container log Index 6 is not replicated across allthe servers in the pipeline a9317f84-3083-4a94-a1f5-91ced867ec48 as the min replicated index is 4. Deletion is not allowed in this container yet.
2019-10-23 22:38:57,901 [BlockDeletingService#0] WARN  background.BlockDeletingService (BlockDeletingService.java:isDeletionAllowed(187)) - Close Container log Index 6 is not replicated across allthe servers in the pipeline a9317f84-3083-4a94-a1f5-91ced867ec48 as the min replicated index is 4. Deletion is not allowed in this container yet.
2019-10-23 22:38:58,126 [EventQueue-ContainerReportForContainerReportHandler] WARN  container.ContainerReportHandler (AbstractContainerReportHandler.java:updateContainerState(145)) - Container #1 is in OPEN state, but the datanode 15de30e0-32e7-4789-867b-8c05fd0bfca2{ip: 192.168.157.195, host: pr-hdds-2311-7bgld-1842715332, networkLocation: /default-rack, certSerialId: null} reports an CLOSED replica.
2019-10-23 22:38:58,257 [EventQueue-ContainerReportForContainerReportHandler] WARN  container.ContainerReportHandler (AbstractContainerReportHandler.java:updateContainerState(145)) - Container #1 is in OPEN state, but the datanode 2f4845be-2264-4a1a-8a27-f958336e1da9{ip: 192.168.157.195, host: pr-hdds-2311-7bgld-1842715332, networkLocation: /default-rack, certSerialId: null} reports an CLOSED replica.
2019-10-23 22:38:58,425 [EventQueue-ContainerReportForContainerReportHandler] WARN  container.ContainerReportHandler (AbstractContainerReportHandler.java:updateContainerState(145)) - Container #1 is in OPEN state, but the datanode 15de30e0-32e7-4789-867b-8c05fd0bfca2{ip: 192.168.157.195, host: pr-hdds-2311-7bgld-1842715332, networkLocation: /default-rack, certSerialId: null} reports an CLOSED replica.
2019-10-23 22:38:58,557 [EventQueue-ContainerReportForContainerReportHandler] WARN  container.ContainerReportHandler (AbstractContainerReportHandler.java:updateContainerState(145)) - Container #1 is in OPEN state, but the datanode 2f4845be-2264-4a1a-8a27-f958336e1da9{ip: 192.168.157.195, host: pr-hdds-2311-7bgld-1842715332, networkLocation: /default-rack, certSerialId: null} reports an CLOSED replica.
2019-10-23 22:38:58,584 [Thread-346] INFO  client.GrpcClientProtocolService (GrpcClientProtocolService.java:lambda$processClientRequest$0(278)) - Failed RaftClientRequest:client-A571C4F32A47->15de30e0-32e7-4789-867b-8c05fd0bfca2@group-91CED867EC48, cid=10, seq=0, Watch-ALL_COMMITTED(6), Message:<EMPTY>, reply=RaftClientReply:client-A571C4F32A47->15de30e0-32e7-4789-867b-8c05fd0bfca2@group-91CED867EC48, cid=10, FAILED org.apache.ratis.protocol.NotReplicatedException: Request with call Id 10 and log index 6 is not yet replicated to ALL_COMMITTED, logIndex=6, commits[15de30e0-32e7-4789-867b-8c05fd0bfca2:c10, 0cd5f69f-229b-4e24-9dce-31aad898d52d:c4, 2f4845be-2264-4a1a-8a27-f958336e1da9:c10]
2019-10-23 22:38:58,727 [EventQueue-ContainerReportForContainerReportHandler] WARN  container.ContainerReportHandler (AbstractContainerReportHandler.java:updateContainerState(145)) - Container #1 is in OPEN state, but the datanode 15de30e0-32e7-4789-867b-8c05fd0bfca2{ip: 192.168.157.195, host: pr-hdds-2311-7bgld-1842715332, networkLocation: /default-rack, certSerialId: null} reports an CLOSED replica.
2019-10-23 22:38:58,857 [EventQueue-ContainerReportForContainerReportHandler] WARN  container.ContainerReportHandler (AbstractContainerReportHandler.java:updateContainerState(145)) - Container #1 is in OPEN state, but the datanode 2f4845be-2264-4a1a-8a27-f958336e1da9{ip: 192.168.157.195, host: pr-hdds-2311-7bgld-1842715332, networkLocation: /default-rack, certSerialId: null} reports an CLOSED replica.
2019-10-23 22:38:58,902 [BlockDeletingService#2] WARN  background.BlockDeletingService (BlockDeletingService.java:isDeletionAllowed(187)) - Close Container log Index 6 is not replicated across allthe servers in the pipeline a9317f84-3083-4a94-a1f5-91ced867ec48 as the min replicated index is 4. Deletion is not allowed in this container yet.
2019-10-23 22:38:58,903 [BlockDeletingService#0] WARN  background.BlockDeletingService (BlockDeletingService.java:isDeletionAllowed(187)) - Close Container log Index 6 is not replicated across allthe servers in the pipeline a9317f84-3083-4a94-a1f5-91ced867ec48 as the min replicated index is 4. Deletion is not allowed in this container yet.
2019-10-23 22:38:59,027 [EventQueue-ContainerReportForContainerReportHandler] WARN  container.ContainerReportHandler (AbstractContainerReportHandler.java:updateContainerState(145)) - Container #1 is in OPEN state, but the datanode 15de30e0-32e7-4789-867b-8c05fd0bfca2{ip: 192.168.157.195, host: pr-hdds-2311-7bgld-1842715332, networkLocation: /default-rack, certSerialId: null} reports an CLOSED replica.
2019-10-23 22:38:59,057 [EventQueue-ContainerReportForContainerReportHandler] WARN  container.ContainerReportHandler (AbstractContainerReportHandler.java:updateContainerState(145)) - Container #1 is in OPEN state, but the datanode 2f4845be-2264-4a1a-8a27-f958336e1da9{ip: 192.168.157.195, host: pr-hdds-2311-7bgld-1842715332, networkLocation: /default-rack, certSerialId: null} reports an CLOSED replica.
2019-10-23 22:38:59,275 [java.util.concurrent.ThreadPoolExecutor$Worker@6cbe33e6[State = -1, empty queue]] WARN  server.GrpcLogAppender (GrpcLogAppender.java:timeoutAppendRequest(209)) - 15de30e0-32e7-4789-867b-8c05fd0bfca2@group-91CED867EC48->0cd5f69f-229b-4e24-9dce-31aad898d52d-GrpcLogAppender: appendEntries Timeout, request=15de30e0-32e7-4789-867b-8c05fd0bfca2->0cd5f69f-229b-4e24-9dce-31aad898d52d#28-t1, previous=(t:1, i:10), leaderCommit=10, initializing? false, entries: <empty>
2019-10-23 22:38:59,328 [EventQueue-ContainerReportForContainerReportHandler] WARN  container.ContainerReportHandler (AbstractContainerReportHandler.java:updateContainerState(145)) - Container #1 is in OPEN state, but the datanode 15de30e0-32e7-4789-867b-8c05fd0bfca2{ip: 192.168.157.195, host: pr-hdds-2311-7bgld-1842715332, networkLocation: /default-rack, certSerialId: null} reports an CLOSED replica.
2019-10-23 22:38:59,357 [EventQueue-ContainerReportForContainerReportHandler] WARN  container.ContainerReportHandler (AbstractContainerReportHandler.java:updateContainerState(145)) - Container #1 is in OPEN state, but the datanode 2f4845be-2264-4a1a-8a27-f958336e1da9{ip: 192.168.157.195, host: pr-hdds-2311-7bgld-1842715332, networkLocation: /default-rack, certSerialId: null} reports an CLOSED replica.
2019-10-23 22:38:59,528 [EventQueue-ContainerReportForContainerReportHandler] WARN  container.ContainerReportHandler (AbstractContainerReportHandler.java:updateContainerState(145)) - Container #1 is in OPEN state, but the datanode 15de30e0-32e7-4789-867b-8c05fd0bfca2{ip: 192.168.157.195, host: pr-hdds-2311-7bgld-1842715332, networkLocation: /default-rack, certSerialId: null} reports an CLOSED replica.
2019-10-23 22:38:59,557 [EventQueue-ContainerReportForContainerReportHandler] WARN  container.ContainerReportHandler (AbstractContainerReportHandler.java:updateContainerState(145)) - Container #1 is in OPEN state, but the datanode 2f4845be-2264-4a1a-8a27-f958336e1da9{ip: 192.168.157.195, host: pr-hdds-2311-7bgld-1842715332, networkLocation: /default-rack, certSerialId: null} reports an CLOSED replica.
2019-10-23 22:38:59,829 [EventQueue-ContainerReportForContainerReportHandler] WARN  container.ContainerReportHandler (AbstractContainerReportHandler.java:updateContainerState(145)) - Container #1 is in OPEN state, but the datanode 15de30e0-32e7-4789-867b-8c05fd0bfca2{ip: 192.168.157.195, host: pr-hdds-2311-7bgld-1842715332, networkLocation: /default-rack, certSerialId: null} reports an CLOSED replica.
2019-10-23 22:38:59,858 [EventQueue-ContainerReportForContainerReportHandler] WARN  container.ContainerReportHandler (AbstractContainerReportHandler.java:updateContainerState(145)) - Container #1 is in OPEN state, but the datanode 2f4845be-2264-4a1a-8a27-f958336e1da9{ip: 192.168.157.195, host: pr-hdds-2311-7bgld-1842715332, networkLocation: /default-rack, certSerialId: null} reports an CLOSED replica.
2019-10-23 22:38:59,905 [BlockDeletingService#0] WARN  background.BlockDeletingService (BlockDeletingService.java:isDeletionAllowed(187)) - Close Container log Index 6 is not replicated across allthe servers in the pipeline a9317f84-3083-4a94-a1f5-91ced867ec48 as the min replicated index is 4. Deletion is not allowed in this container yet.
2019-10-23 22:38:59,905 [BlockDeletingService#2] WARN  background.BlockDeletingService (BlockDeletingService.java:isDeletionAllowed(187)) - Close Container log Index 6 is not replicated across allthe servers in the pipeline a9317f84-3083-4a94-a1f5-91ced867ec48 as the min replicated index is 4. Deletion is not allowed in this container yet.
2019-10-23 22:39:00,029 [EventQueue-ContainerReportForContainerReportHandler] WARN  container.ContainerReportHandler (AbstractContainerReportHandler.java:updateContainerState(145)) - Container #1 is in OPEN state, but the datanode 15de30e0-32e7-4789-867b-8c05fd0bfca2{ip: 192.168.157.195, host: pr-hdds-2311-7bgld-1842715332, networkLocation: /default-rack, certSerialId: null} reports an CLOSED replica.
2019-10-23 22:39:00,258 [EventQueue-ContainerReportForContainerReportHandler] WARN  container.ContainerReportHandler (AbstractContainerReportHandler.java:updateContainerState(145)) - Container #1 is in OPEN state, but the datanode 2f4845be-2264-4a1a-8a27-f958336e1da9{ip: 192.168.157.195, host: pr-hdds-2311-7bgld-1842715332, networkLocation: /default-rack, certSerialId: null} reports an CLOSED replica.
2019-10-23 22:39:00,429 [EventQueue-ContainerReportForContainerReportHandler] WARN  container.ContainerReportHandler (AbstractContainerReportHandler.java:updateContainerState(145)) - Container #1 is in OPEN state, but the datanode 15de30e0-32e7-4789-867b-8c05fd0bfca2{ip: 192.168.157.195, host: pr-hdds-2311-7bgld-1842715332, networkLocation: /default-rack, certSerialId: null} reports an CLOSED replica.
2019-10-23 22:39:00,629 [EventQueue-ContainerReportForContainerReportHandler] WARN  container.ContainerReportHandler (AbstractContainerReportHandler.java:updateContainerState(145)) - Container #1 is in OPEN state, but the datanode 15de30e0-32e7-4789-867b-8c05fd0bfca2{ip: 192.168.157.195, host: pr-hdds-2311-7bgld-1842715332, networkLocation: /default-rack, certSerialId: null} reports an CLOSED replica.
2019-10-23 22:39:00,658 [EventQueue-ContainerReportForContainerReportHandler] WARN  container.ContainerReportHandler (AbstractContainerReportHandler.java:updateContainerState(145)) - Container #1 is in OPEN state, but the datanode 2f4845be-2264-4a1a-8a27-f958336e1da9{ip: 192.168.157.195, host: pr-hdds-2311-7bgld-1842715332, networkLocation: /default-rack, certSerialId: null} reports an CLOSED replica.
2019-10-23 22:39:00,857 [EventQueue-ContainerReportForContainerReportHandler] WARN  container.ContainerReportHandler (AbstractContainerReportHandler.java:updateContainerState(145)) - Container #1 is in OPEN state, but the datanode 2f4845be-2264-4a1a-8a27-f958336e1da9{ip: 192.168.157.195, host: pr-hdds-2311-7bgld-1842715332, networkLocation: /default-rack, certSerialId: null} reports an CLOSED replica.
2019-10-23 22:39:00,907 [BlockDeletingService#0] WARN  background.BlockDeletingService (BlockDeletingService.java:isDeletionAllowed(187)) - Close Container log Index 6 is not replicated across allthe servers in the pipeline a9317f84-3083-4a94-a1f5-91ced867ec48 as the min replicated index is 4. Deletion is not allowed in this container yet.
2019-10-23 22:39:00,907 [BlockDeletingService#2] WARN  background.BlockDeletingService (BlockDeletingService.java:isDeletionAllowed(187)) - Close Container log Index 6 is not replicated across allthe servers in the pipeline a9317f84-3083-4a94-a1f5-91ced867ec48 as the min replicated index is 4. Deletion is not allowed in this container yet.
2019-10-23 22:39:01,030 [EventQueue-ContainerReportForContainerReportHandler] WARN  container.ContainerReportHandler (AbstractContainerReportHandler.java:updateContainerState(145)) - Container #1 is in OPEN state, but the datanode 15de30e0-32e7-4789-867b-8c05fd0bfca2{ip: 192.168.157.195, host: pr-hdds-2311-7bgld-1842715332, networkLocation: /default-rack, certSerialId: null} reports an CLOSED replica.
2019-10-23 22:39:01,230 [EventQueue-ContainerReportForContainerReportHandler] WARN  container.ContainerReportHandler (AbstractContainerReportHandler.java:updateContainerState(145)) - Container #1 is in OPEN state, but the datanode 15de30e0-32e7-4789-867b-8c05fd0bfca2{ip: 192.168.157.195, host: pr-hdds-2311-7bgld-1842715332, networkLocation: /default-rack, certSerialId: null} reports an CLOSED replica.
2019-10-23 22:39:01,258 [EventQueue-ContainerReportForContainerReportHandler] WARN  container.ContainerReportHandler (AbstractContainerReportHandler.java:updateContainerState(145)) - Container #1 is in OPEN state, but the datanode 2f4845be-2264-4a1a-8a27-f958336e1da9{ip: 192.168.157.195, host: pr-hdds-2311-7bgld-1842715332, networkLocation: /default-rack, certSerialId: null} reports an CLOSED replica.
2019-10-23 22:39:01,431 [EventQueue-ContainerReportForContainerReportHandler] WARN  container.ContainerReportHandler (AbstractContainerReportHandler.java:updateContainerState(145)) - Container #1 is in OPEN state, but the datanode 15de30e0-32e7-4789-867b-8c05fd0bfca2{ip: 192.168.157.195, host: pr-hdds-2311-7bgld-1842715332, networkLocation: /default-rack, certSerialId: null} reports an CLOSED replica.
2019-10-23 22:39:01,658 [EventQueue-ContainerReportForContainerReportHandler] WARN  container.ContainerReportHandler (AbstractContainerReportHandler.java:updateContainerState(145)) - Container #1 is in OPEN state, but the datanode 2f4845be-2264-4a1a-8a27-f958336e1da9{ip: 192.168.157.195, host: pr-hdds-2311-7bgld-1842715332, networkLocation: /default-rack, certSerialId: null} reports an CLOSED replica.
2019-10-23 22:39:01,731 [EventQueue-ContainerReportForContainerReportHandler] WARN  container.ContainerReportHandler (AbstractContainerReportHandler.java:updateContainerState(145)) - Container #1 is in OPEN state, but the datanode 15de30e0-32e7-4789-867b-8c05fd0bfca2{ip: 192.168.157.195, host: pr-hdds-2311-7bgld-1842715332, networkLocation: /default-rack, certSerialId: null} reports an CLOSED replica.
2019-10-23 22:39:01,776 [java.util.concurrent.ThreadPoolExecutor$Worker@6cbe33e6[State = -1, empty queue]] WARN  server.GrpcLogAppender (GrpcLogAppender.java:timeoutAppendRequest(209)) - 15de30e0-32e7-4789-867b-8c05fd0bfca2@group-91CED867EC48->0cd5f69f-229b-4e24-9dce-31aad898d52d-GrpcLogAppender: appendEntries Timeout, request=15de30e0-32e7-4789-867b-8c05fd0bfca2->0cd5f69f-229b-4e24-9dce-31aad898d52d#29-t1, previous=(t:1, i:10), leaderCommit=10, initializing? false, entries: <empty>
2019-10-23 22:39:01,858 [EventQueue-ContainerReportForContainerReportHandler] WARN  container.ContainerReportHandler (AbstractContainerReportHandler.java:updateContainerState(145)) - Container #1 is in OPEN state, but the datanode 2f4845be-2264-4a1a-8a27-f958336e1da9{ip: 192.168.157.195, host: pr-hdds-2311-7bgld-1842715332, networkLocation: /default-rack, certSerialId: null} reports an CLOSED replica.
2019-10-23 22:39:01,908 [BlockDeletingService#0] WARN  background.BlockDeletingService (BlockDeletingService.java:isDeletionAllowed(187)) - Close Container log Index 6 is not replicated across allthe servers in the pipeline a9317f84-3083-4a94-a1f5-91ced867ec48 as the min replicated index is 4. Deletion is not allowed in this container yet.
2019-10-23 22:39:01,908 [BlockDeletingService#2] WARN  background.BlockDeletingService (BlockDeletingService.java:isDeletionAllowed(187)) - Close Container log Index 6 is not replicated across allthe servers in the pipeline a9317f84-3083-4a94-a1f5-91ced867ec48 as the min replicated index is 4. Deletion is not allowed in this container yet.
2019-10-23 22:39:02,031 [EventQueue-ContainerReportForContainerReportHandler] WARN  container.ContainerReportHandler (AbstractContainerReportHandler.java:updateContainerState(145)) - Container #1 is in OPEN state, but the datanode 15de30e0-32e7-4789-867b-8c05fd0bfca2{ip: 192.168.157.195, host: pr-hdds-2311-7bgld-1842715332, networkLocation: /default-rack, certSerialId: null} reports an CLOSED replica.
2019-10-23 22:39:02,058 [EventQueue-ContainerReportForContainerReportHandler] WARN  container.ContainerReportHandler (AbstractContainerReportHandler.java:updateContainerState(145)) - Container #1 is in OPEN state, but the datanode 2f4845be-2264-4a1a-8a27-f958336e1da9{ip: 192.168.157.195, host: pr-hdds-2311-7bgld-1842715332, networkLocation: /default-rack, certSerialId: null} reports an CLOSED replica.
2019-10-23 22:39:02,258 [EventQueue-ContainerReportForContainerReportHandler] WARN  container.ContainerReportHandler (AbstractContainerReportHandler.java:updateContainerState(145)) - Container #1 is in OPEN state, but the datanode 2f4845be-2264-4a1a-8a27-f958336e1da9{ip: 192.168.157.195, host: pr-hdds-2311-7bgld-1842715332, networkLocation: /default-rack, certSerialId: null} reports an CLOSED replica.
2019-10-23 22:39:02,331 [EventQueue-ContainerReportForContainerReportHandler] WARN  container.ContainerReportHandler (AbstractContainerReportHandler.java:updateContainerState(145)) - Container #1 is in OPEN state, but the datanode 15de30e0-32e7-4789-867b-8c05fd0bfca2{ip: 192.168.157.195, host: pr-hdds-2311-7bgld-1842715332, networkLocation: /default-rack, certSerialId: null} reports an CLOSED replica.
2019-10-23 22:39:02,658 [EventQueue-ContainerReportForContainerReportHandler] WARN  container.ContainerReportHandler (AbstractContainerReportHandler.java:updateContainerState(145)) - Container #1 is in OPEN state, but the datanode 2f4845be-2264-4a1a-8a27-f958336e1da9{ip: 192.168.157.195, host: pr-hdds-2311-7bgld-1842715332, networkLocation: /default-rack, certSerialId: null} reports an CLOSED replica.
2019-10-23 22:39:02,732 [EventQueue-ContainerReportForContainerReportHandler] WARN  container.ContainerReportHandler (AbstractContainerReportHandler.java:updateContainerState(145)) - Container #1 is in OPEN state, but the datanode 15de30e0-32e7-4789-867b-8c05fd0bfca2{ip: 192.168.157.195, host: pr-hdds-2311-7bgld-1842715332, networkLocation: /default-rack, certSerialId: null} reports an CLOSED replica.
2019-10-23 22:39:02,910 [BlockDeletingService#0] WARN  background.BlockDeletingService (BlockDeletingService.java:isDeletionAllowed(187)) - Close Container log Index 6 is not replicated across allthe servers in the pipeline a9317f84-3083-4a94-a1f5-91ced867ec48 as the min replicated index is 4. Deletion is not allowed in this container yet.
2019-10-23 22:39:02,911 [BlockDeletingService#2] WARN  background.BlockDeletingService (BlockDeletingService.java:isDeletionAllowed(187)) - Close Container log Index 6 is not replicated across allthe servers in the pipeline a9317f84-3083-4a94-a1f5-91ced867ec48 as the min replicated index is 4. Deletion is not allowed in this container yet.
2019-10-23 22:39:02,933 [EventQueue-ContainerReportForContainerReportHandler] WARN  container.ContainerReportHandler (AbstractContainerReportHandler.java:updateContainerState(145)) - Container #1 is in OPEN state, but the datanode 15de30e0-32e7-4789-867b-8c05fd0bfca2{ip: 192.168.157.195, host: pr-hdds-2311-7bgld-1842715332, networkLocation: /default-rack, certSerialId: null} reports an CLOSED replica.
2019-10-23 22:39:02,958 [EventQueue-ContainerReportForContainerReportHandler] WARN  container.ContainerReportHandler (AbstractContainerReportHandler.java:updateContainerState(145)) - Container #1 is in OPEN state, but the datanode 2f4845be-2264-4a1a-8a27-f958336e1da9{ip: 192.168.157.195, host: pr-hdds-2311-7bgld-1842715332, networkLocation: /default-rack, certSerialId: null} reports an CLOSED replica.
2019-10-23 22:39:03,258 [EventQueue-ContainerReportForContainerReportHandler] WARN  container.ContainerReportHandler (AbstractContainerReportHandler.java:updateContainerState(145)) - Container #1 is in OPEN state, but the datanode 2f4845be-2264-4a1a-8a27-f958336e1da9{ip: 192.168.157.195, host: pr-hdds-2311-7bgld-1842715332, networkLocation: /default-rack, certSerialId: null} reports an CLOSED replica.
2019-10-23 22:39:03,332 [EventQueue-ContainerReportForContainerReportHandler] WARN  container.ContainerReportHandler (AbstractContainerReportHandler.java:updateContainerState(145)) - Container #1 is in OPEN state, but the datanode 15de30e0-32e7-4789-867b-8c05fd0bfca2{ip: 192.168.157.195, host: pr-hdds-2311-7bgld-1842715332, networkLocation: /default-rack, certSerialId: null} reports an CLOSED replica.
2019-10-23 22:39:03,533 [EventQueue-ContainerReportForContainerReportHandler] WARN  container.ContainerReportHandler (AbstractContainerReportHandler.java:updateContainerState(145)) - Container #1 is in OPEN state, but the datanode 15de30e0-32e7-4789-867b-8c05fd0bfca2{ip: 192.168.157.195, host: pr-hdds-2311-7bgld-1842715332, networkLocation: /default-rack, certSerialId: null} reports an CLOSED replica.
2019-10-23 22:39:03,659 [EventQueue-ContainerReportForContainerReportHandler] WARN  container.ContainerReportHandler (AbstractContainerReportHandler.java:updateContainerState(145)) - Container #1 is in OPEN state, but the datanode 2f4845be-2264-4a1a-8a27-f958336e1da9{ip: 192.168.157.195, host: pr-hdds-2311-7bgld-1842715332, networkLocation: /default-rack, certSerialId: null} reports an CLOSED replica.
2019-10-23 22:39:03,733 [EventQueue-ContainerReportForContainerReportHandler] WARN  container.ContainerReportHandler (AbstractContainerReportHandler.java:updateContainerState(145)) - Container #1 is in OPEN state, but the datanode 15de30e0-32e7-4789-867b-8c05fd0bfca2{ip: 192.168.157.195, host: pr-hdds-2311-7bgld-1842715332, networkLocation: /default-rack, certSerialId: null} reports an CLOSED replica.
2019-10-23 22:39:03,913 [BlockDeletingService#0] WARN  background.BlockDeletingService (BlockDeletingService.java:isDeletionAllowed(187)) - Close Container log Index 6 is not replicated across allthe servers in the pipeline a9317f84-3083-4a94-a1f5-91ced867ec48 as the min replicated index is 4. Deletion is not allowed in this container yet.
2019-10-23 22:39:03,913 [BlockDeletingService#2] WARN  background.BlockDeletingService (BlockDeletingService.java:isDeletionAllowed(187)) - Close Container log Index 6 is not replicated across allthe servers in the pipeline a9317f84-3083-4a94-a1f5-91ced867ec48 as the min replicated index is 4. Deletion is not allowed in this container yet.
2019-10-23 22:39:03,961 [EventQueue-ContainerReportForContainerReportHandler] WARN  container.ContainerReportHandler (AbstractContainerReportHandler.java:updateContainerState(145)) - Container #1 is in OPEN state, but the datanode 2f4845be-2264-4a1a-8a27-f958336e1da9{ip: 192.168.157.195, host: pr-hdds-2311-7bgld-1842715332, networkLocation: /default-rack, certSerialId: null} reports an CLOSED replica.
2019-10-23 22:39:04,033 [EventQueue-ContainerReportForContainerReportHandler] WARN  container.ContainerReportHandler (AbstractContainerReportHandler.java:updateContainerState(145)) - Container #1 is in OPEN state, but the datanode 15de30e0-32e7-4789-867b-8c05fd0bfca2{ip: 192.168.157.195, host: pr-hdds-2311-7bgld-1842715332, networkLocation: /default-rack, certSerialId: null} reports an CLOSED replica.
2019-10-23 22:39:04,277 [java.util.concurrent.ThreadPoolExecutor$Worker@6cbe33e6[State = -1, empty queue]] WARN  server.GrpcLogAppender (GrpcLogAppender.java:timeoutAppendRequest(209)) - 15de30e0-32e7-4789-867b-8c05fd0bfca2@group-91CED867EC48->0cd5f69f-229b-4e24-9dce-31aad898d52d-GrpcLogAppender: appendEntries Timeout, request=15de30e0-32e7-4789-867b-8c05fd0bfca2->0cd5f69f-229b-4e24-9dce-31aad898d52d#30-t1, previous=(t:1, i:10), leaderCommit=10, initializing? false, entries: <empty>
2019-10-23 22:39:04,335 [EventQueue-ContainerReportForContainerReportHandler] WARN  container.ContainerReportHandler (AbstractContainerReportHandler.java:updateContainerState(145)) - Container #1 is in OPEN state, but the datanode 15de30e0-32e7-4789-867b-8c05fd0bfca2{ip: 192.168.157.195, host: pr-hdds-2311-7bgld-1842715332, networkLocation: /default-rack, certSerialId: null} reports an CLOSED replica.
2019-10-23 22:39:04,362 [EventQueue-ContainerReportForContainerReportHandler] WARN  container.ContainerReportHandler (AbstractContainerReportHandler.java:updateContainerState(145)) - Container #1 is in OPEN state, but the datanode 2f4845be-2264-4a1a-8a27-f958336e1da9{ip: 192.168.157.195, host: pr-hdds-2311-7bgld-1842715332, networkLocation: /default-rack, certSerialId: null} reports an CLOSED replica.
2019-10-23 22:39:04,563 [EventQueue-ContainerReportForContainerReportHandler] WARN  container.ContainerReportHandler (AbstractContainerReportHandler.java:updateContainerState(145)) - Container #1 is in OPEN state, but the datanode 2f4845be-2264-4a1a-8a27-f958336e1da9{ip: 192.168.157.195, host: pr-hdds-2311-7bgld-1842715332, networkLocation: /default-rack, certSerialId: null} reports an CLOSED replica.
2019-10-23 22:39:04,635 [EventQueue-ContainerReportForContainerReportHandler] WARN  container.ContainerReportHandler (AbstractContainerReportHandler.java:updateContainerState(145)) - Container #1 is in OPEN state, but the datanode 15de30e0-32e7-4789-867b-8c05fd0bfca2{ip: 192.168.157.195, host: pr-hdds-2311-7bgld-1842715332, networkLocation: /default-rack, certSerialId: null} reports an CLOSED replica.
2019-10-23 22:39:04,862 [EventQueue-ContainerReportForContainerReportHandler] WARN  container.ContainerReportHandler (AbstractContainerReportHandler.java:updateContainerState(145)) - Container #1 is in OPEN state, but the datanode 2f4845be-2264-4a1a-8a27-f958336e1da9{ip: 192.168.157.195, host: pr-hdds-2311-7bgld-1842715332, networkLocation: /default-rack, certSerialId: null} reports an CLOSED replica.
2019-10-23 22:39:04,916 [BlockDeletingService#2] WARN  background.BlockDeletingService (BlockDeletingService.java:isDeletionAllowed(187)) - Close Container log Index 6 is not replicated across allthe servers in the pipeline a9317f84-3083-4a94-a1f5-91ced867ec48 as the min replicated index is 4. Deletion is not allowed in this container yet.
2019-10-23 22:39:04,916 [BlockDeletingService#0] WARN  background.BlockDeletingService (BlockDeletingService.java:isDeletionAllowed(187)) - Close Container log Index 6 is not replicated across allthe servers in the pipeline a9317f84-3083-4a94-a1f5-91ced867ec48 as the min replicated index is 4. Deletion is not allowed in this container yet.
2019-10-23 22:39:05,036 [EventQueue-ContainerReportForContainerReportHandler] WARN  container.ContainerReportHandler (AbstractContainerReportHandler.java:updateContainerState(145)) - Container #1 is in OPEN state, but the datanode 15de30e0-32e7-4789-867b-8c05fd0bfca2{ip: 192.168.157.195, host: pr-hdds-2311-7bgld-1842715332, networkLocation: /default-rack, certSerialId: null} reports an CLOSED replica.
2019-10-23 22:39:05,163 [EventQueue-ContainerReportForContainerReportHandler] WARN  container.ContainerReportHandler (AbstractContainerReportHandler.java:updateContainerState(145)) - Container #1 is in OPEN state, but the datanode 2f4845be-2264-4a1a-8a27-f958336e1da9{ip: 192.168.157.195, host: pr-hdds-2311-7bgld-1842715332, networkLocation: /default-rack, certSerialId: null} reports an CLOSED replica.
2019-10-23 22:39:05,236 [EventQueue-ContainerReportForContainerReportHandler] WARN  container.ContainerReportHandler (AbstractContainerReportHandler.java:updateContainerState(145)) - Container #1 is in OPEN state, but the datanode 15de30e0-32e7-4789-867b-8c05fd0bfca2{ip: 192.168.157.195, host: pr-hdds-2311-7bgld-1842715332, networkLocation: /default-rack, certSerialId: null} reports an CLOSED replica.
2019-10-23 22:39:05,463 [EventQueue-ContainerReportForContainerReportHandler] WARN  container.ContainerReportHandler (AbstractContainerReportHandler.java:updateContainerState(145)) - Container #1 is in OPEN state, but the datanode 2f4845be-2264-4a1a-8a27-f958336e1da9{ip: 192.168.157.195, host: pr-hdds-2311-7bgld-1842715332, networkLocation: /default-rack, certSerialId: null} reports an CLOSED replica.
2019-10-23 22:39:05,637 [EventQueue-ContainerReportForContainerReportHandler] WARN  container.ContainerReportHandler (AbstractContainerReportHandler.java:updateContainerState(145)) - Container #1 is in OPEN state, but the datanode 15de30e0-32e7-4789-867b-8c05fd0bfca2{ip: 192.168.157.195, host: pr-hdds-2311-7bgld-1842715332, networkLocation: /default-rack, certSerialId: null} reports an CLOSED replica.
2019-10-23 22:39:05,865 [EventQueue-ContainerReportForContainerReportHandler] WARN  container.ContainerReportHandler (AbstractContainerReportHandler.java:updateContainerState(145)) - Container #1 is in OPEN state, but the datanode 2f4845be-2264-4a1a-8a27-f958336e1da9{ip: 192.168.157.195, host: pr-hdds-2311-7bgld-1842715332, networkLocation: /default-rack, certSerialId: null} reports an CLOSED replica.
2019-10-23 22:39:05,918 [BlockDeletingService#0] WARN  background.BlockDeletingService (BlockDeletingService.java:isDeletionAllowed(187)) - Close Container log Index 6 is not replicated across allthe servers in the pipeline a9317f84-3083-4a94-a1f5-91ced867ec48 as the min replicated index is 4. Deletion is not allowed in this container yet.
2019-10-23 22:39:05,918 [BlockDeletingService#2] WARN  background.BlockDeletingService (BlockDeletingService.java:isDeletionAllowed(187)) - Close Container log Index 6 is not replicated across allthe servers in the pipeline a9317f84-3083-4a94-a1f5-91ced867ec48 as the min replicated index is 4. Deletion is not allowed in this container yet.
2019-10-23 22:39:05,937 [EventQueue-ContainerReportForContainerReportHandler] WARN  container.ContainerReportHandler (AbstractContainerReportHandler.java:updateContainerState(145)) - Container #1 is in OPEN state, but the datanode 15de30e0-32e7-4789-867b-8c05fd0bfca2{ip: 192.168.157.195, host: pr-hdds-2311-7bgld-1842715332, networkLocation: /default-rack, certSerialId: null} reports an CLOSED replica.
2019-10-23 22:39:06,166 [EventQueue-ContainerReportForContainerReportHandler] WARN  container.ContainerReportHandler (AbstractContainerReportHandler.java:updateContainerState(145)) - Container #1 is in OPEN state, but the datanode 2f4845be-2264-4a1a-8a27-f958336e1da9{ip: 192.168.157.195, host: pr-hdds-2311-7bgld-1842715332, networkLocation: /default-rack, certSerialId: null} reports an CLOSED replica.
2019-10-23 22:39:06,337 [EventQueue-ContainerReportForContainerReportHandler] WARN  container.ContainerReportHandler (AbstractContainerReportHandler.java:updateContainerState(145)) - Container #1 is in OPEN state, but the datanode 15de30e0-32e7-4789-867b-8c05fd0bfca2{ip: 192.168.157.195, host: pr-hdds-2311-7bgld-1842715332, networkLocation: /default-rack, certSerialId: null} reports an CLOSED replica.
2019-10-23 22:39:06,466 [EventQueue-ContainerReportForContainerReportHandler] WARN  container.ContainerReportHandler (AbstractContainerReportHandler.java:updateContainerState(145)) - Container #1 is in OPEN state, but the datanode 2f4845be-2264-4a1a-8a27-f958336e1da9{ip: 192.168.157.195, host: pr-hdds-2311-7bgld-1842715332, networkLocation: /default-rack, certSerialId: null} reports an CLOSED replica.
2019-10-23 22:39:06,540 [EventQueue-ContainerReportForContainerReportHandler] WARN  container.ContainerReportHandler (AbstractContainerReportHandler.java:updateContainerState(145)) - Container #1 is in OPEN state, but the datanode 15de30e0-32e7-4789-867b-8c05fd0bfca2{ip: 192.168.157.195, host: pr-hdds-2311-7bgld-1842715332, networkLocation: /default-rack, certSerialId: null} reports an CLOSED replica.
2019-10-23 22:39:06,767 [EventQueue-ContainerReportForContainerReportHandler] WARN  container.ContainerReportHandler (AbstractContainerReportHandler.java:updateContainerState(145)) - Container #1 is in OPEN state, but the datanode 2f4845be-2264-4a1a-8a27-f958336e1da9{ip: 192.168.157.195, host: pr-hdds-2311-7bgld-1842715332, networkLocation: /default-rack, certSerialId: null} reports an CLOSED replica.
2019-10-23 22:39:06,778 [java.util.concurrent.ThreadPoolExecutor$Worker@6cbe33e6[State = -1, empty queue]] WARN  server.GrpcLogAppender (GrpcLogAppender.java:timeoutAppendRequest(209)) - 15de30e0-32e7-4789-867b-8c05fd0bfca2@group-91CED867EC48->0cd5f69f-229b-4e24-9dce-31aad898d52d-GrpcLogAppender: appendEntries Timeout, request=15de30e0-32e7-4789-867b-8c05fd0bfca2->0cd5f69f-229b-4e24-9dce-31aad898d52d#31-t1, previous=(t:1, i:10), leaderCommit=10, initializing? false, entries: <empty>
2019-10-23 22:39:06,919 [BlockDeletingService#0] WARN  background.BlockDeletingService (BlockDeletingService.java:isDeletionAllowed(187)) - Close Container log Index 6 is not replicated across allthe servers in the pipeline a9317f84-3083-4a94-a1f5-91ced867ec48 as the min replicated index is 4. Deletion is not allowed in this container yet.
2019-10-23 22:39:06,919 [BlockDeletingService#2] WARN  background.BlockDeletingService (BlockDeletingService.java:isDeletionAllowed(187)) - Close Container log Index 6 is not replicated across allthe servers in the pipeline a9317f84-3083-4a94-a1f5-91ced867ec48 as the min replicated index is 4. Deletion is not allowed in this container yet.
2019-10-23 22:39:06,939 [EventQueue-ContainerReportForContainerReportHandler] WARN  container.ContainerReportHandler (AbstractContainerReportHandler.java:updateContainerState(145)) - Container #1 is in OPEN state, but the datanode 15de30e0-32e7-4789-867b-8c05fd0bfca2{ip: 192.168.157.195, host: pr-hdds-2311-7bgld-1842715332, networkLocation: /default-rack, certSerialId: null} reports an CLOSED replica.
2019-10-23 22:39:07,066 [EventQueue-ContainerReportForContainerReportHandler] WARN  container.ContainerReportHandler (AbstractContainerReportHandler.java:updateContainerState(145)) - Container #1 is in OPEN state, but the datanode 2f4845be-2264-4a1a-8a27-f958336e1da9{ip: 192.168.157.195, host: pr-hdds-2311-7bgld-1842715332, networkLocation: /default-rack, certSerialId: null} reports an CLOSED replica.
2019-10-23 22:39:07,138 [EventQueue-ContainerReportForContainerReportHandler] WARN  container.ContainerReportHandler (AbstractContainerReportHandler.java:updateContainerState(145)) - Container #1 is in OPEN state, but the datanode 15de30e0-32e7-4789-867b-8c05fd0bfca2{ip: 192.168.157.195, host: pr-hdds-2311-7bgld-1842715332, networkLocation: /default-rack, certSerialId: null} reports an CLOSED replica.
2019-10-23 22:39:07,339 [EventQueue-ContainerReportForContainerReportHandler] WARN  container.ContainerReportHandler (AbstractContainerReportHandler.java:updateContainerState(145)) - Container #1 is in OPEN state, but the datanode 15de30e0-32e7-4789-867b-8c05fd0bfca2{ip: 192.168.157.195, host: pr-hdds-2311-7bgld-1842715332, networkLocation: /default-rack, certSerialId: null} reports an CLOSED replica.
2019-10-23 22:39:07,466 [EventQueue-ContainerReportForContainerReportHandler] WARN  container.ContainerReportHandler (AbstractContainerReportHandler.java:updateContainerState(145)) - Container #1 is in OPEN state, but the datanode 2f4845be-2264-4a1a-8a27-f958336e1da9{ip: 192.168.157.195, host: pr-hdds-2311-7bgld-1842715332, networkLocation: /default-rack, certSerialId: null} reports an CLOSED replica.
2019-10-23 22:39:07,666 [EventQueue-ContainerReportForContainerReportHandler] WARN  container.ContainerReportHandler (AbstractContainerReportHandler.java:updateContainerState(145)) - Container #1 is in OPEN state, but the datanode 2f4845be-2264-4a1a-8a27-f958336e1da9{ip: 192.168.157.195, host: pr-hdds-2311-7bgld-1842715332, networkLocation: /default-rack, certSerialId: null} reports an CLOSED replica.
2019-10-23 22:39:07,738 [EventQueue-ContainerReportForContainerReportHandler] WARN  container.ContainerReportHandler (AbstractContainerReportHandler.java:updateContainerState(145)) - Container #1 is in OPEN state, but the datanode 15de30e0-32e7-4789-867b-8c05fd0bfca2{ip: 192.168.157.195, host: pr-hdds-2311-7bgld-1842715332, networkLocation: /default-rack, certSerialId: null} reports an CLOSED replica.
2019-10-23 22:39:07,866 [EventQueue-ContainerReportForContainerReportHandler] WARN  container.ContainerReportHandler (AbstractContainerReportHandler.java:updateContainerState(145)) - Container #1 is in OPEN state, but the datanode 2f4845be-2264-4a1a-8a27-f958336e1da9{ip: 192.168.157.195, host: pr-hdds-2311-7bgld-1842715332, networkLocation: /default-rack, certSerialId: null} reports an CLOSED replica.
2019-10-23 22:39:07,921 [BlockDeletingService#0] WARN  background.BlockDeletingService (BlockDeletingService.java:isDeletionAllowed(187)) - Close Container log Index 6 is not replicated across allthe servers in the pipeline a9317f84-3083-4a94-a1f5-91ced867ec48 as the min replicated index is 4. Deletion is not allowed in this container yet.
2019-10-23 22:39:07,921 [BlockDeletingService#2] WARN  background.BlockDeletingService (BlockDeletingService.java:isDeletionAllowed(187)) - Close Container log Index 6 is not replicated across allthe servers in the pipeline a9317f84-3083-4a94-a1f5-91ced867ec48 as the min replicated index is 4. Deletion is not allowed in this container yet.
2019-10-23 22:39:08,138 [EventQueue-ContainerReportForContainerReportHandler] WARN  container.ContainerReportHandler (AbstractContainerReportHandler.java:updateContainerState(145)) - Container #1 is in OPEN state, but the datanode 15de30e0-32e7-4789-867b-8c05fd0bfca2{ip: 192.168.157.195, host: pr-hdds-2311-7bgld-1842715332, networkLocation: /default-rack, certSerialId: null} reports an CLOSED replica.
2019-10-23 22:39:08,166 [EventQueue-ContainerReportForContainerReportHandler] WARN  container.ContainerReportHandler (AbstractContainerReportHandler.java:updateContainerState(145)) - Container #1 is in OPEN state, but the datanode 2f4845be-2264-4a1a-8a27-f958336e1da9{ip: 192.168.157.195, host: pr-hdds-2311-7bgld-1842715332, networkLocation: /default-rack, certSerialId: null} reports an CLOSED replica.
2019-10-23 22:39:08,339 [EventQueue-ContainerReportForContainerReportHandler] WARN  container.ContainerReportHandler (AbstractContainerReportHandler.java:updateContainerState(145)) - Container #1 is in OPEN state, but the datanode 15de30e0-32e7-4789-867b-8c05fd0bfca2{ip: 192.168.157.195, host: pr-hdds-2311-7bgld-1842715332, networkLocation: /default-rack, certSerialId: null} reports an CLOSED replica.
2019-10-23 22:39:08,366 [EventQueue-ContainerReportForContainerReportHandler] WARN  container.ContainerReportHandler (AbstractContainerReportHandler.java:updateContainerState(145)) - Container #1 is in OPEN state, but the datanode 2f4845be-2264-4a1a-8a27-f958336e1da9{ip: 192.168.157.195, host: pr-hdds-2311-7bgld-1842715332, networkLocation: /default-rack, certSerialId: null} reports an CLOSED replica.
2019-10-23 22:39:08,567 [EventQueue-ContainerReportForContainerReportHandler] WARN  container.ContainerReportHandler (AbstractContainerReportHandler.java:updateContainerState(145)) - Container #1 is in OPEN state, but the datanode 2f4845be-2264-4a1a-8a27-f958336e1da9{ip: 192.168.157.195, host: pr-hdds-2311-7bgld-1842715332, networkLocation: /default-rack, certSerialId: null} reports an CLOSED replica.
2019-10-23 22:39:08,584 [Thread-376] INFO  client.GrpcClientProtocolService (GrpcClientProtocolService.java:lambda$processClientRequest$0(278)) - Failed RaftClientRequest:client-A571C4F32A47->15de30e0-32e7-4789-867b-8c05fd0bfca2@group-91CED867EC48, cid=10, seq=0, Watch-ALL_COMMITTED(6), Message:<EMPTY>, reply=RaftClientReply:client-A571C4F32A47->15de30e0-32e7-4789-867b-8c05fd0bfca2@group-91CED867EC48, cid=10, FAILED org.apache.ratis.protocol.NotReplicatedException: Request with call Id 10 and log index 6 is not yet replicated to ALL_COMMITTED, logIndex=6, commits[15de30e0-32e7-4789-867b-8c05fd0bfca2:c10, 0cd5f69f-229b-4e24-9dce-31aad898d52d:c4, 2f4845be-2264-4a1a-8a27-f958336e1da9:c10]
2019-10-23 22:39:08,640 [EventQueue-ContainerReportForContainerReportHandler] WARN  container.ContainerReportHandler (AbstractContainerReportHandler.java:updateContainerState(145)) - Container #1 is in OPEN state, but the datanode 15de30e0-32e7-4789-867b-8c05fd0bfca2{ip: 192.168.157.195, host: pr-hdds-2311-7bgld-1842715332, networkLocation: /default-rack, certSerialId: null} reports an CLOSED replica.
2019-10-23 22:39:08,923 [BlockDeletingService#2] WARN  background.BlockDeletingService (BlockDeletingService.java:isDeletionAllowed(187)) - Close Container log Index 6 is not replicated across allthe servers in the pipeline a9317f84-3083-4a94-a1f5-91ced867ec48 as the min replicated index is 4. Deletion is not allowed in this container yet.
2019-10-23 22:39:08,923 [BlockDeletingService#0] WARN  background.BlockDeletingService (BlockDeletingService.java:isDeletionAllowed(187)) - Close Container log Index 6 is not replicated across allthe servers in the pipeline a9317f84-3083-4a94-a1f5-91ced867ec48 as the min replicated index is 4. Deletion is not allowed in this container yet.
2019-10-23 22:39:08,966 [EventQueue-ContainerReportForContainerReportHandler] WARN  container.ContainerReportHandler (AbstractContainerReportHandler.java:updateContainerState(145)) - Container #1 is in OPEN state, but the datanode 2f4845be-2264-4a1a-8a27-f958336e1da9{ip: 192.168.157.195, host: pr-hdds-2311-7bgld-1842715332, networkLocation: /default-rack, certSerialId: null} reports an CLOSED replica.
2019-10-23 22:39:09,040 [EventQueue-ContainerReportForContainerReportHandler] WARN  container.ContainerReportHandler (AbstractContainerReportHandler.java:updateContainerState(145)) - Container #1 is in OPEN state, but the datanode 15de30e0-32e7-4789-867b-8c05fd0bfca2{ip: 192.168.157.195, host: pr-hdds-2311-7bgld-1842715332, networkLocation: /default-rack, certSerialId: null} reports an CLOSED replica.
2019-10-23 22:39:09,267 [EventQueue-ContainerReportForContainerReportHandler] WARN  container.ContainerReportHandler (AbstractContainerReportHandler.java:updateContainerState(145)) - Container #1 is in OPEN state, but the datanode 2f4845be-2264-4a1a-8a27-f958336e1da9{ip: 192.168.157.195, host: pr-hdds-2311-7bgld-1842715332, networkLocation: /default-rack, certSerialId: null} reports an CLOSED replica.
2019-10-23 22:39:09,279 [java.util.concurrent.ThreadPoolExecutor$Worker@6cbe33e6[State = -1, empty queue]] WARN  server.GrpcLogAppender (GrpcLogAppender.java:timeoutAppendRequest(209)) - 15de30e0-32e7-4789-867b-8c05fd0bfca2@group-91CED867EC48->0cd5f69f-229b-4e24-9dce-31aad898d52d-GrpcLogAppender: appendEntries Timeout, request=15de30e0-32e7-4789-867b-8c05fd0bfca2->0cd5f69f-229b-4e24-9dce-31aad898d52d#32-t1, previous=(t:1, i:10), leaderCommit=10, initializing? false, entries: <empty>
2019-10-23 22:39:09,440 [EventQueue-ContainerReportForContainerReportHandler] WARN  container.ContainerReportHandler (AbstractContainerReportHandler.java:updateContainerState(145)) - Container #1 is in OPEN state, but the datanode 15de30e0-32e7-4789-867b-8c05fd0bfca2{ip: 192.168.157.195, host: pr-hdds-2311-7bgld-1842715332, networkLocation: /default-rack, certSerialId: null} reports an CLOSED replica.
2019-10-23 22:39:09,566 [EventQueue-ContainerReportForContainerReportHandler] WARN  container.ContainerReportHandler (AbstractContainerReportHandler.java:updateContainerState(145)) - Container #1 is in OPEN state, but the datanode 2f4845be-2264-4a1a-8a27-f958336e1da9{ip: 192.168.157.195, host: pr-hdds-2311-7bgld-1842715332, networkLocation: /default-rack, certSerialId: null} reports an CLOSED replica.
2019-10-23 22:39:09,740 [EventQueue-ContainerReportForContainerReportHandler] WARN  container.ContainerReportHandler (AbstractContainerReportHandler.java:updateContainerState(145)) - Container #1 is in OPEN state, but the datanode 15de30e0-32e7-4789-867b-8c05fd0bfca2{ip: 192.168.157.195, host: pr-hdds-2311-7bgld-1842715332, networkLocation: /default-rack, certSerialId: null} reports an CLOSED replica.
2019-10-23 22:39:09,866 [EventQueue-ContainerReportForContainerReportHandler] WARN  container.ContainerReportHandler (AbstractContainerReportHandler.java:updateContainerState(145)) - Container #1 is in OPEN state, but the datanode 2f4845be-2264-4a1a-8a27-f958336e1da9{ip: 192.168.157.195, host: pr-hdds-2311-7bgld-1842715332, networkLocation: /default-rack, certSerialId: null} reports an CLOSED replica.
2019-10-23 22:39:09,926 [BlockDeletingService#2] WARN  background.BlockDeletingService (BlockDeletingService.java:isDeletionAllowed(187)) - Close Container log Index 6 is not replicated across allthe servers in the pipeline a9317f84-3083-4a94-a1f5-91ced867ec48 as the min replicated index is 4. Deletion is not allowed in this container yet.
2019-10-23 22:39:09,926 [BlockDeletingService#0] WARN  background.BlockDeletingService (BlockDeletingService.java:isDeletionAllowed(187)) - Close Container log Index 6 is not replicated across allthe servers in the pipeline a9317f84-3083-4a94-a1f5-91ced867ec48 as the min replicated index is 4. Deletion is not allowed in this container yet.
2019-10-23 22:39:10,040 [EventQueue-ContainerReportForContainerReportHandler] WARN  container.ContainerReportHandler (AbstractContainerReportHandler.java:updateContainerState(145)) - Container #1 is in OPEN state, but the datanode 15de30e0-32e7-4789-867b-8c05fd0bfca2{ip: 192.168.157.195, host: pr-hdds-2311-7bgld-1842715332, networkLocation: /default-rack, certSerialId: null} reports an CLOSED replica.
2019-10-23 22:39:10,166 [EventQueue-ContainerReportForContainerReportHandler] WARN  container.ContainerReportHandler (AbstractContainerReportHandler.java:updateContainerState(145)) - Container #1 is in OPEN state, but the datanode 2f4845be-2264-4a1a-8a27-f958336e1da9{ip: 192.168.157.195, host: pr-hdds-2311-7bgld-1842715332, networkLocation: /default-rack, certSerialId: null} reports an CLOSED replica.
2019-10-23 22:39:10,342 [EventQueue-ContainerReportForContainerReportHandler] WARN  container.ContainerReportHandler (AbstractContainerReportHandler.java:updateContainerState(145)) - Container #1 is in OPEN state, but the datanode 15de30e0-32e7-4789-867b-8c05fd0bfca2{ip: 192.168.157.195, host: pr-hdds-2311-7bgld-1842715332, networkLocation: /default-rack, certSerialId: null} reports an CLOSED replica.
2019-10-23 22:39:10,466 [EventQueue-ContainerReportForContainerReportHandler] WARN  container.ContainerReportHandler (AbstractContainerReportHandler.java:updateContainerState(145)) - Container #1 is in OPEN state, but the datanode 2f4845be-2264-4a1a-8a27-f958336e1da9{ip: 192.168.157.195, host: pr-hdds-2311-7bgld-1842715332, networkLocation: /default-rack, certSerialId: null} reports an CLOSED replica.
2019-10-23 22:39:10,666 [EventQueue-ContainerReportForContainerReportHandler] WARN  container.ContainerReportHandler (AbstractContainerReportHandler.java:updateContainerState(145)) - Container #1 is in OPEN state, but the datanode 2f4845be-2264-4a1a-8a27-f958336e1da9{ip: 192.168.157.195, host: pr-hdds-2311-7bgld-1842715332, networkLocation: /default-rack, certSerialId: null} reports an CLOSED replica.
2019-10-23 22:39:10,740 [EventQueue-ContainerReportForContainerReportHandler] WARN  container.ContainerReportHandler (AbstractContainerReportHandler.java:updateContainerState(145)) - Container #1 is in OPEN state, but the datanode 15de30e0-32e7-4789-867b-8c05fd0bfca2{ip: 192.168.157.195, host: pr-hdds-2311-7bgld-1842715332, networkLocation: /default-rack, certSerialId: null} reports an CLOSED replica.
2019-10-23 22:39:10,929 [BlockDeletingService#2] WARN  background.BlockDeletingService (BlockDeletingService.java:isDeletionAllowed(187)) - Close Container log Index 6 is not replicated across allthe servers in the pipeline a9317f84-3083-4a94-a1f5-91ced867ec48 as the min replicated index is 4. Deletion is not allowed in this container yet.
2019-10-23 22:39:10,929 [BlockDeletingService#0] WARN  background.BlockDeletingService (BlockDeletingService.java:isDeletionAllowed(187)) - Close Container log Index 6 is not replicated across allthe servers in the pipeline a9317f84-3083-4a94-a1f5-91ced867ec48 as the min replicated index is 4. Deletion is not allowed in this container yet.
2019-10-23 22:39:10,940 [EventQueue-ContainerReportForContainerReportHandler] WARN  container.ContainerReportHandler (AbstractContainerReportHandler.java:updateContainerState(145)) - Container #1 is in OPEN state, but the datanode 15de30e0-32e7-4789-867b-8c05fd0bfca2{ip: 192.168.157.195, host: pr-hdds-2311-7bgld-1842715332, networkLocation: /default-rack, certSerialId: null} reports an CLOSED replica.
2019-10-23 22:39:11,067 [EventQueue-ContainerReportForContainerReportHandler] WARN  container.ContainerReportHandler (AbstractContainerReportHandler.java:updateContainerState(145)) - Container #1 is in OPEN state, but the datanode 2f4845be-2264-4a1a-8a27-f958336e1da9{ip: 192.168.157.195, host: pr-hdds-2311-7bgld-1842715332, networkLocation: /default-rack, certSerialId: null} reports an CLOSED replica.
2019-10-23 22:39:11,241 [EventQueue-ContainerReportForContainerReportHandler] WARN  container.ContainerReportHandler (AbstractContainerReportHandler.java:updateContainerState(145)) - Container #1 is in OPEN state, but the datanode 15de30e0-32e7-4789-867b-8c05fd0bfca2{ip: 192.168.157.195, host: pr-hdds-2311-7bgld-1842715332, networkLocation: /default-rack, certSerialId: null} reports an CLOSED replica.
2019-10-23 22:39:11,367 [EventQueue-ContainerReportForContainerReportHandler] WARN  container.ContainerReportHandler (AbstractContainerReportHandler.java:updateContainerState(145)) - Container #1 is in OPEN state, but the datanode 2f4845be-2264-4a1a-8a27-f958336e1da9{ip: 192.168.157.195, host: pr-hdds-2311-7bgld-1842715332, networkLocation: /default-rack, certSerialId: null} reports an CLOSED replica.
2019-10-23 22:39:11,441 [EventQueue-ContainerReportForContainerReportHandler] WARN  container.ContainerReportHandler (AbstractContainerReportHandler.java:updateContainerState(145)) - Container #1 is in OPEN state, but the datanode 15de30e0-32e7-4789-867b-8c05fd0bfca2{ip: 192.168.157.195, host: pr-hdds-2311-7bgld-1842715332, networkLocation: /default-rack, certSerialId: null} reports an CLOSED replica.
2019-10-23 22:39:11,567 [EventQueue-ContainerReportForContainerReportHandler] WARN  container.ContainerReportHandler (AbstractContainerReportHandler.java:updateContainerState(145)) - Container #1 is in OPEN state, but the datanode 2f4845be-2264-4a1a-8a27-f958336e1da9{ip: 192.168.157.195, host: pr-hdds-2311-7bgld-1842715332, networkLocation: /default-rack, certSerialId: null} reports an CLOSED replica.
2019-10-23 22:39:11,742 [EventQueue-ContainerReportForContainerReportHandler] WARN  container.ContainerReportHandler (AbstractContainerReportHandler.java:updateContainerState(145)) - Container #1 is in OPEN state, but the datanode 15de30e0-32e7-4789-867b-8c05fd0bfca2{ip: 192.168.157.195, host: pr-hdds-2311-7bgld-1842715332, networkLocation: /default-rack, certSerialId: null} reports an CLOSED replica.
2019-10-23 22:39:11,767 [EventQueue-ContainerReportForContainerReportHandler] WARN  container.ContainerReportHandler (AbstractContainerReportHandler.java:updateContainerState(145)) - Container #1 is in OPEN state, but the datanode 2f4845be-2264-4a1a-8a27-f958336e1da9{ip: 192.168.157.195, host: pr-hdds-2311-7bgld-1842715332, networkLocation: /default-rack, certSerialId: null} reports an CLOSED replica.
2019-10-23 22:39:11,780 [java.util.concurrent.ThreadPoolExecutor$Worker@6cbe33e6[State = -1, empty queue]] WARN  server.GrpcLogAppender (GrpcLogAppender.java:timeoutAppendRequest(209)) - 15de30e0-32e7-4789-867b-8c05fd0bfca2@group-91CED867EC48->0cd5f69f-229b-4e24-9dce-31aad898d52d-GrpcLogAppender: appendEntries Timeout, request=15de30e0-32e7-4789-867b-8c05fd0bfca2->0cd5f69f-229b-4e24-9dce-31aad898d52d#33-t1, previous=(t:1, i:10), leaderCommit=10, initializing? false, entries: <empty>
2019-10-23 22:39:11,931 [BlockDeletingService#2] WARN  background.BlockDeletingService (BlockDeletingService.java:isDeletionAllowed(187)) - Close Container log Index 6 is not replicated across allthe servers in the pipeline a9317f84-3083-4a94-a1f5-91ced867ec48 as the min replicated index is 4. Deletion is not allowed in this container yet.
2019-10-23 22:39:11,931 [BlockDeletingService#0] WARN  background.BlockDeletingService (BlockDeletingService.java:isDeletionAllowed(187)) - Close Container log Index 6 is not replicated across allthe servers in the pipeline a9317f84-3083-4a94-a1f5-91ced867ec48 as the min replicated index is 4. Deletion is not allowed in this container yet.
2019-10-23 22:39:12,043 [EventQueue-ContainerReportForContainerReportHandler] WARN  container.ContainerReportHandler (AbstractContainerReportHandler.java:updateContainerState(145)) - Container #1 is in OPEN state, but the datanode 15de30e0-32e7-4789-867b-8c05fd0bfca2{ip: 192.168.157.195, host: pr-hdds-2311-7bgld-1842715332, networkLocation: /default-rack, certSerialId: null} reports an CLOSED replica.
2019-10-23 22:39:12,067 [EventQueue-ContainerReportForContainerReportHandler] WARN  container.ContainerReportHandler (AbstractContainerReportHandler.java:updateContainerState(145)) - Container #1 is in OPEN state, but the datanode 2f4845be-2264-4a1a-8a27-f958336e1da9{ip: 192.168.157.195, host: pr-hdds-2311-7bgld-1842715332, networkLocation: /default-rack, certSerialId: null} reports an CLOSED replica.
2019-10-23 22:39:12,244 [EventQueue-ContainerReportForContainerReportHandler] WARN  container.ContainerReportHandler (AbstractContainerReportHandler.java:updateContainerState(145)) - Container #1 is in OPEN state, but the datanode 15de30e0-32e7-4789-867b-8c05fd0bfca2{ip: 192.168.157.195, host: pr-hdds-2311-7bgld-1842715332, networkLocation: /default-rack, certSerialId: null} reports an CLOSED replica.
2019-10-23 22:39:12,368 [EventQueue-ContainerReportForContainerReportHandler] WARN  container.ContainerReportHandler (AbstractContainerReportHandler.java:updateContainerState(145)) - Container #1 is in OPEN state, but the datanode 2f4845be-2264-4a1a-8a27-f958336e1da9{ip: 192.168.157.195, host: pr-hdds-2311-7bgld-1842715332, networkLocation: /default-rack, certSerialId: null} reports an CLOSED replica.
2019-10-23 22:39:12,545 [EventQueue-ContainerReportForContainerReportHandler] WARN  container.ContainerReportHandler (AbstractContainerReportHandler.java:updateContainerState(145)) - Container #1 is in OPEN state, but the datanode 15de30e0-32e7-4789-867b-8c05fd0bfca2{ip: 192.168.157.195, host: pr-hdds-2311-7bgld-1842715332, networkLocation: /default-rack, certSerialId: null} reports an CLOSED replica.
2019-10-23 22:39:12,667 [EventQueue-ContainerReportForContainerReportHandler] WARN  container.ContainerReportHandler (AbstractContainerReportHandler.java:updateContainerState(145)) - Container #1 is in OPEN state, but the datanode 2f4845be-2264-4a1a-8a27-f958336e1da9{ip: 192.168.157.195, host: pr-hdds-2311-7bgld-1842715332, networkLocation: /default-rack, certSerialId: null} reports an CLOSED replica.
2019-10-23 22:39:12,845 [EventQueue-ContainerReportForContainerReportHandler] WARN  container.ContainerReportHandler (AbstractContainerReportHandler.java:updateContainerState(145)) - Container #1 is in OPEN state, but the datanode 15de30e0-32e7-4789-867b-8c05fd0bfca2{ip: 192.168.157.195, host: pr-hdds-2311-7bgld-1842715332, networkLocation: /default-rack, certSerialId: null} reports an CLOSED replica.
2019-10-23 22:39:12,934 [BlockDeletingService#2] WARN  background.BlockDeletingService (BlockDeletingService.java:isDeletionAllowed(187)) - Close Container log Index 6 is not replicated across allthe servers in the pipeline a9317f84-3083-4a94-a1f5-91ced867ec48 as the min replicated index is 4. Deletion is not allowed in this container yet.
2019-10-23 22:39:12,934 [BlockDeletingService#0] WARN  background.BlockDeletingService (BlockDeletingService.java:isDeletionAllowed(187)) - Close Container log Index 6 is not replicated across allthe servers in the pipeline a9317f84-3083-4a94-a1f5-91ced867ec48 as the min replicated index is 4. Deletion is not allowed in this container yet.
2019-10-23 22:39:12,968 [EventQueue-ContainerReportForContainerReportHandler] WARN  container.ContainerReportHandler (AbstractContainerReportHandler.java:updateContainerState(145)) - Container #1 is in OPEN state, but the datanode 2f4845be-2264-4a1a-8a27-f958336e1da9{ip: 192.168.157.195, host: pr-hdds-2311-7bgld-1842715332, networkLocation: /default-rack, certSerialId: null} reports an CLOSED replica.
2019-10-23 22:39:13,045 [EventQueue-ContainerReportForContainerReportHandler] WARN  container.ContainerReportHandler (AbstractContainerReportHandler.java:updateContainerState(145)) - Container #1 is in OPEN state, but the datanode 15de30e0-32e7-4789-867b-8c05fd0bfca2{ip: 192.168.157.195, host: pr-hdds-2311-7bgld-1842715332, networkLocation: /default-rack, certSerialId: null} reports an CLOSED replica.
2019-10-23 22:39:13,368 [EventQueue-ContainerReportForContainerReportHandler] WARN  container.ContainerReportHandler (AbstractContainerReportHandler.java:updateContainerState(145)) - Container #1 is in OPEN state, but the datanode 2f4845be-2264-4a1a-8a27-f958336e1da9{ip: 192.168.157.195, host: pr-hdds-2311-7bgld-1842715332, networkLocation: /default-rack, certSerialId: null} reports an CLOSED replica.
2019-10-23 22:39:13,447 [EventQueue-ContainerReportForContainerReportHandler] WARN  container.ContainerReportHandler (AbstractContainerReportHandler.java:updateContainerState(145)) - Container #1 is in OPEN state, but the datanode 15de30e0-32e7-4789-867b-8c05fd0bfca2{ip: 192.168.157.195, host: pr-hdds-2311-7bgld-1842715332, networkLocation: /default-rack, certSerialId: null} reports an CLOSED replica.
2019-10-23 22:39:13,669 [EventQueue-ContainerReportForContainerReportHandler] WARN  container.ContainerReportHandler (AbstractContainerReportHandler.java:updateContainerState(145)) - Container #1 is in OPEN state, but the datanode 2f4845be-2264-4a1a-8a27-f958336e1da9{ip: 192.168.157.195, host: pr-hdds-2311-7bgld-1842715332, networkLocation: /default-rack, certSerialId: null} reports an CLOSED replica.
2019-10-23 22:39:13,747 [EventQueue-ContainerReportForContainerReportHandler] WARN  container.ContainerReportHandler (AbstractContainerReportHandler.java:updateContainerState(145)) - Container #1 is in OPEN state, but the datanode 15de30e0-32e7-4789-867b-8c05fd0bfca2{ip: 192.168.157.195, host: pr-hdds-2311-7bgld-1842715332, networkLocation: /default-rack, certSerialId: null} reports an CLOSED replica.
2019-10-23 22:39:13,936 [BlockDeletingService#0] WARN  background.BlockDeletingService (BlockDeletingService.java:isDeletionAllowed(187)) - Close Container log Index 6 is not replicated across allthe servers in the pipeline a9317f84-3083-4a94-a1f5-91ced867ec48 as the min replicated index is 4. Deletion is not allowed in this container yet.
2019-10-23 22:39:13,936 [BlockDeletingService#2] WARN  background.BlockDeletingService (BlockDeletingService.java:isDeletionAllowed(187)) - Close Container log Index 6 is not replicated across allthe servers in the pipeline a9317f84-3083-4a94-a1f5-91ced867ec48 as the min replicated index is 4. Deletion is not allowed in this container yet.
2019-10-23 22:39:14,048 [EventQueue-ContainerReportForContainerReportHandler] WARN  container.ContainerReportHandler (AbstractContainerReportHandler.java:updateContainerState(145)) - Container #1 is in OPEN state, but the datanode 15de30e0-32e7-4789-867b-8c05fd0bfca2{ip: 192.168.157.195, host: pr-hdds-2311-7bgld-1842715332, networkLocation: /default-rack, certSerialId: null} reports an CLOSED replica.
2019-10-23 22:39:14,070 [EventQueue-ContainerReportForContainerReportHandler] WARN  container.ContainerReportHandler (AbstractContainerReportHandler.java:updateContainerState(145)) - Container #1 is in OPEN state, but the datanode 2f4845be-2264-4a1a-8a27-f958336e1da9{ip: 192.168.157.195, host: pr-hdds-2311-7bgld-1842715332, networkLocation: /default-rack, certSerialId: null} reports an CLOSED replica.
2019-10-23 22:39:14,282 [java.util.concurrent.ThreadPoolExecutor$Worker@6cbe33e6[State = -1, empty queue]] WARN  server.GrpcLogAppender (GrpcLogAppender.java:timeoutAppendRequest(209)) - 15de30e0-32e7-4789-867b-8c05fd0bfca2@group-91CED867EC48->0cd5f69f-229b-4e24-9dce-31aad898d52d-GrpcLogAppender: appendEntries Timeout, request=15de30e0-32e7-4789-867b-8c05fd0bfca2->0cd5f69f-229b-4e24-9dce-31aad898d52d#34-t1, previous=(t:1, i:10), leaderCommit=10, initializing? false, entries: <empty>
2019-10-23 22:39:14,348 [EventQueue-ContainerReportForContainerReportHandler] WARN  container.ContainerReportHandler (AbstractContainerReportHandler.java:updateContainerState(145)) - Container #1 is in OPEN state, but the datanode 15de30e0-32e7-4789-867b-8c05fd0bfca2{ip: 192.168.157.195, host: pr-hdds-2311-7bgld-1842715332, networkLocation: /default-rack, certSerialId: null} reports an CLOSED replica.
2019-10-23 22:39:14,369 [EventQueue-ContainerReportForContainerReportHandler] WARN  container.ContainerReportHandler (AbstractContainerReportHandler.java:updateContainerState(145)) - Container #1 is in OPEN state, but the datanode 2f4845be-2264-4a1a-8a27-f958336e1da9{ip: 192.168.157.195, host: pr-hdds-2311-7bgld-1842715332, networkLocation: /default-rack, certSerialId: null} reports an CLOSED replica.
2019-10-23 22:39:14,648 [EventQueue-ContainerReportForContainerReportHandler] WARN  container.ContainerReportHandler (AbstractContainerReportHandler.java:updateContainerState(145)) - Container #1 is in OPEN state, but the datanode 15de30e0-32e7-4789-867b-8c05fd0bfca2{ip: 192.168.157.195, host: pr-hdds-2311-7bgld-1842715332, networkLocation: /default-rack, certSerialId: null} reports an CLOSED replica.
2019-10-23 22:39:14,771 [EventQueue-ContainerReportForContainerReportHandler] WARN  container.ContainerReportHandler (AbstractContainerReportHandler.java:updateContainerState(145)) - Container #1 is in OPEN state, but the datanode 2f4845be-2264-4a1a-8a27-f958336e1da9{ip: 192.168.157.195, host: pr-hdds-2311-7bgld-1842715332, networkLocation: /default-rack, certSerialId: null} reports an CLOSED replica.
2019-10-23 22:39:14,849 [EventQueue-ContainerReportForContainerReportHandler] WARN  container.ContainerReportHandler (AbstractContainerReportHandler.java:updateContainerState(145)) - Container #1 is in OPEN state, but the datanode 15de30e0-32e7-4789-867b-8c05fd0bfca2{ip: 192.168.157.195, host: pr-hdds-2311-7bgld-1842715332, networkLocation: /default-rack, certSerialId: null} reports an CLOSED replica.
2019-10-23 22:39:14,938 [BlockDeletingService#0] WARN  background.BlockDeletingService (BlockDeletingService.java:isDeletionAllowed(187)) - Close Container log Index 6 is not replicated across allthe servers in the pipeline a9317f84-3083-4a94-a1f5-91ced867ec48 as the min replicated index is 4. Deletion is not allowed in this container yet.
2019-10-23 22:39:14,938 [BlockDeletingService#2] WARN  background.BlockDeletingService (BlockDeletingService.java:isDeletionAllowed(187)) - Close Container log Index 6 is not replicated across allthe servers in the pipeline a9317f84-3083-4a94-a1f5-91ced867ec48 as the min replicated index is 4. Deletion is not allowed in this container yet.
2019-10-23 22:39:14,970 [EventQueue-ContainerReportForContainerReportHandler] WARN  container.ContainerReportHandler (AbstractContainerReportHandler.java:updateContainerState(145)) - Container #1 is in OPEN state, but the datanode 2f4845be-2264-4a1a-8a27-f958336e1da9{ip: 192.168.157.195, host: pr-hdds-2311-7bgld-1842715332, networkLocation: /default-rack, certSerialId: null} reports an CLOSED replica.
2019-10-23 22:39:15,149 [EventQueue-ContainerReportForContainerReportHandler] WARN  container.ContainerReportHandler (AbstractContainerReportHandler.java:updateContainerState(145)) - Container #1 is in OPEN state, but the datanode 15de30e0-32e7-4789-867b-8c05fd0bfca2{ip: 192.168.157.195, host: pr-hdds-2311-7bgld-1842715332, networkLocation: /default-rack, certSerialId: null} reports an CLOSED replica.
2019-10-23 22:39:15,371 [EventQueue-ContainerReportForContainerReportHandler] WARN  container.ContainerReportHandler (AbstractContainerReportHandler.java:updateContainerState(145)) - Container #1 is in OPEN state, but the datanode 2f4845be-2264-4a1a-8a27-f958336e1da9{ip: 192.168.157.195, host: pr-hdds-2311-7bgld-1842715332, networkLocation: /default-rack, certSerialId: null} reports an CLOSED replica.
2019-10-23 22:39:15,449 [EventQueue-ContainerReportForContainerReportHandler] WARN  container.ContainerReportHandler (AbstractContainerReportHandler.java:updateContainerState(145)) - Container #1 is in OPEN state, but the datanode 15de30e0-32e7-4789-867b-8c05fd0bfca2{ip: 192.168.157.195, host: pr-hdds-2311-7bgld-1842715332, networkLocation: /default-rack, certSerialId: null} reports an CLOSED replica.
2019-10-23 22:39:15,671 [EventQueue-ContainerReportForContainerReportHandler] WARN  container.ContainerReportHandler (AbstractContainerReportHandler.java:updateContainerState(145)) - Container #1 is in OPEN state, but the datanode 2f4845be-2264-4a1a-8a27-f958336e1da9{ip: 192.168.157.195, host: pr-hdds-2311-7bgld-1842715332, networkLocation: /default-rack, certSerialId: null} reports an CLOSED replica.
2019-10-23 22:39:15,850 [EventQueue-ContainerReportForContainerReportHandler] WARN  container.ContainerReportHandler (AbstractContainerReportHandler.java:updateContainerState(145)) - Container #1 is in OPEN state, but the datanode 15de30e0-32e7-4789-867b-8c05fd0bfca2{ip: 192.168.157.195, host: pr-hdds-2311-7bgld-1842715332, networkLocation: /default-rack, certSerialId: null} reports an CLOSED replica.
2019-10-23 22:39:15,940 [BlockDeletingService#2] WARN  background.BlockDeletingService (BlockDeletingService.java:isDeletionAllowed(187)) - Close Container log Index 6 is not replicated across allthe servers in the pipeline a9317f84-3083-4a94-a1f5-91ced867ec48 as the min replicated index is 4. Deletion is not allowed in this container yet.
2019-10-23 22:39:15,940 [BlockDeletingService#0] WARN  background.BlockDeletingService (BlockDeletingService.java:isDeletionAllowed(187)) - Close Container log Index 6 is not replicated across allthe servers in the pipeline a9317f84-3083-4a94-a1f5-91ced867ec48 as the min replicated index is 4. Deletion is not allowed in this container yet.
2019-10-23 22:39:16,072 [EventQueue-ContainerReportForContainerReportHandler] WARN  container.ContainerReportHandler (AbstractContainerReportHandler.java:updateContainerState(145)) - Container #1 is in OPEN state, but the datanode 2f4845be-2264-4a1a-8a27-f958336e1da9{ip: 192.168.157.195, host: pr-hdds-2311-7bgld-1842715332, networkLocation: /default-rack, certSerialId: null} reports an CLOSED replica.
2019-10-23 22:39:16,149 [EventQueue-ContainerReportForContainerReportHandler] WARN  container.ContainerReportHandler (AbstractContainerReportHandler.java:updateContainerState(145)) - Container #1 is in OPEN state, but the datanode 15de30e0-32e7-4789-867b-8c05fd0bfca2{ip: 192.168.157.195, host: pr-hdds-2311-7bgld-1842715332, networkLocation: /default-rack, certSerialId: null} reports an CLOSED replica.
2019-10-23 22:39:16,372 [EventQueue-ContainerReportForContainerReportHandler] WARN  container.ContainerReportHandler (AbstractContainerReportHandler.java:updateContainerState(145)) - Container #1 is in OPEN state, but the datanode 2f4845be-2264-4a1a-8a27-f958336e1da9{ip: 192.168.157.195, host: pr-hdds-2311-7bgld-1842715332, networkLocation: /default-rack, certSerialId: null} reports an CLOSED replica.
2019-10-23 22:39:16,449 [EventQueue-ContainerReportForContainerReportHandler] WARN  container.ContainerReportHandler (AbstractContainerReportHandler.java:updateContainerState(145)) - Container #1 is in OPEN state, but the datanode 15de30e0-32e7-4789-867b-8c05fd0bfca2{ip: 192.168.157.195, host: pr-hdds-2311-7bgld-1842715332, networkLocation: /default-rack, certSerialId: null} reports an CLOSED replica.
2019-10-23 22:39:16,672 [EventQueue-ContainerReportForContainerReportHandler] WARN  container.ContainerReportHandler (AbstractContainerReportHandler.java:updateContainerState(145)) - Container #1 is in OPEN state, but the datanode 2f4845be-2264-4a1a-8a27-f958336e1da9{ip: 192.168.157.195, host: pr-hdds-2311-7bgld-1842715332, networkLocation: /default-rack, certSerialId: null} reports an CLOSED replica.
2019-10-23 22:39:16,785 [java.util.concurrent.ThreadPoolExecutor$Worker@6cbe33e6[State = -1, empty queue]] WARN  server.GrpcLogAppender (GrpcLogAppender.java:timeoutAppendRequest(209)) - 15de30e0-32e7-4789-867b-8c05fd0bfca2@group-91CED867EC48->0cd5f69f-229b-4e24-9dce-31aad898d52d-GrpcLogAppender: appendEntries Timeout, request=15de30e0-32e7-4789-867b-8c05fd0bfca2->0cd5f69f-229b-4e24-9dce-31aad898d52d#35-t1, previous=(t:1, i:10), leaderCommit=10, initializing? false, entries: <empty>
2019-10-23 22:39:16,844 [Thread-399] INFO  client.GrpcClientProtocolService (GrpcClientProtocolService.java:lambda$processClientRequest$0(278)) - Failed RaftClientRequest:client-A571C4F32A47->2f4845be-2264-4a1a-8a27-f958336e1da9@group-91CED867EC48, cid=10, seq=0, Watch-ALL_COMMITTED(6), Message:<EMPTY>, reply=RaftClientReply:client-A571C4F32A47->2f4845be-2264-4a1a-8a27-f958336e1da9@group-91CED867EC48, cid=10, FAILED org.apache.ratis.protocol.NotLeaderException: Server 2f4845be-2264-4a1a-8a27-f958336e1da9@group-91CED867EC48 is not the leader 15de30e0-32e7-4789-867b-8c05fd0bfca2:192.168.157.195:43624, logIndex=0, commits[2f4845be-2264-4a1a-8a27-f958336e1da9:c10, 0cd5f69f-229b-4e24-9dce-31aad898d52d:c4, 15de30e0-32e7-4789-867b-8c05fd0bfca2:c10]
2019-10-23 22:39:16,853 [EventQueue-ContainerReportForContainerReportHandler] WARN  container.ContainerReportHandler (AbstractContainerReportHandler.java:updateContainerState(145)) - Container #1 is in OPEN state, but the datanode 15de30e0-32e7-4789-867b-8c05fd0bfca2{ip: 192.168.157.195, host: pr-hdds-2311-7bgld-1842715332, networkLocation: /default-rack, certSerialId: null} reports an CLOSED replica.
2019-10-23 22:39:16,872 [EventQueue-ContainerReportForContainerReportHandler] WARN  container.ContainerReportHandler (AbstractContainerReportHandler.java:updateContainerState(145)) - Container #1 is in OPEN state, but the datanode 2f4845be-2264-4a1a-8a27-f958336e1da9{ip: 192.168.157.195, host: pr-hdds-2311-7bgld-1842715332, networkLocation: /default-rack, certSerialId: null} reports an CLOSED replica.
2019-10-23 22:39:16,942 [BlockDeletingService#2] WARN  background.BlockDeletingService (BlockDeletingService.java:isDeletionAllowed(187)) - Close Container log Index 6 is not replicated across allthe servers in the pipeline a9317f84-3083-4a94-a1f5-91ced867ec48 as the min replicated index is 4. Deletion is not allowed in this container yet.
2019-10-23 22:39:16,942 [BlockDeletingService#0] WARN  background.BlockDeletingService (BlockDeletingService.java:isDeletionAllowed(187)) - Close Container log Index 6 is not replicated across allthe servers in the pipeline a9317f84-3083-4a94-a1f5-91ced867ec48 as the min replicated index is 4. Deletion is not allowed in this container yet.
2019-10-23 22:39:17,173 [EventQueue-ContainerReportForContainerReportHandler] WARN  container.ContainerReportHandler (AbstractContainerReportHandler.java:updateContainerState(145)) - Container #1 is in OPEN state, but the datanode 2f4845be-2264-4a1a-8a27-f958336e1da9{ip: 192.168.157.195, host: pr-hdds-2311-7bgld-1842715332, networkLocation: /default-rack, certSerialId: null} reports an CLOSED replica.
2019-10-23 22:39:17,250 [EventQueue-ContainerReportForContainerReportHandler] WARN  container.ContainerReportHandler (AbstractContainerReportHandler.java:updateContainerState(145)) - Container #1 is in OPEN state, but the datanode 15de30e0-32e7-4789-867b-8c05fd0bfca2{ip: 192.168.157.195, host: pr-hdds-2311-7bgld-1842715332, networkLocation: /default-rack, certSerialId: null} reports an CLOSED replica.
2019-10-23 22:39:17,374 [EventQueue-ContainerReportForContainerReportHandler] WARN  container.ContainerReportHandler (AbstractContainerReportHandler.java:updateContainerState(145)) - Container #1 is in OPEN state, but the datanode 2f4845be-2264-4a1a-8a27-f958336e1da9{ip: 192.168.157.195, host: pr-hdds-2311-7bgld-1842715332, networkLocation: /default-rack, certSerialId: null} reports an CLOSED replica.
2019-10-23 22:39:17,550 [EventQueue-ContainerReportForContainerReportHandler] WARN  container.ContainerReportHandler (AbstractContainerReportHandler.java:updateContainerState(145)) - Container #1 is in OPEN state, but the datanode 15de30e0-32e7-4789-867b-8c05fd0bfca2{ip: 192.168.157.195, host: pr-hdds-2311-7bgld-1842715332, networkLocation: /default-rack, certSerialId: null} reports an CLOSED replica.
2019-10-23 22:39:17,574 [EventQueue-ContainerReportForContainerReportHandler] WARN  container.ContainerReportHandler (AbstractContainerReportHandler.java:updateContainerState(145)) - Container #1 is in OPEN state, but the datanode 2f4845be-2264-4a1a-8a27-f958336e1da9{ip: 192.168.157.195, host: pr-hdds-2311-7bgld-1842715332, networkLocation: /default-rack, certSerialId: null} reports an CLOSED replica.
2019-10-23 22:39:17,851 [EventQueue-ContainerReportForContainerReportHandler] WARN  container.ContainerReportHandler (AbstractContainerReportHandler.java:updateContainerState(145)) - Container #1 is in OPEN state, but the datanode 15de30e0-32e7-4789-867b-8c05fd0bfca2{ip: 192.168.157.195, host: pr-hdds-2311-7bgld-1842715332, networkLocation: /default-rack, certSerialId: null} reports an CLOSED replica.
2019-10-23 22:39:17,875 [EventQueue-ContainerReportForContainerReportHandler] WARN  container.ContainerReportHandler (AbstractContainerReportHandler.java:updateContainerState(145)) - Container #1 is in OPEN state, but the datanode 2f4845be-2264-4a1a-8a27-f958336e1da9{ip: 192.168.157.195, host: pr-hdds-2311-7bgld-1842715332, networkLocation: /default-rack, certSerialId: null} reports an CLOSED replica.
2019-10-23 22:39:17,946 [BlockDeletingService#0] WARN  background.BlockDeletingService (BlockDeletingService.java:isDeletionAllowed(187)) - Close Container log Index 6 is not replicated across allthe servers in the pipeline a9317f84-3083-4a94-a1f5-91ced867ec48 as the min replicated index is 4. Deletion is not allowed in this container yet.
2019-10-23 22:39:17,946 [BlockDeletingService#2] WARN  background.BlockDeletingService (BlockDeletingService.java:isDeletionAllowed(187)) - Close Container log Index 6 is not replicated across allthe servers in the pipeline a9317f84-3083-4a94-a1f5-91ced867ec48 as the min replicated index is 4. Deletion is not allowed in this container yet.
2019-10-23 22:39:18,050 [EventQueue-ContainerReportForContainerReportHandler] WARN  container.ContainerReportHandler (AbstractContainerReportHandler.java:updateContainerState(145)) - Container #1 is in OPEN state, but the datanode 15de30e0-32e7-4789-867b-8c05fd0bfca2{ip: 192.168.157.195, host: pr-hdds-2311-7bgld-1842715332, networkLocation: /default-rack, certSerialId: null} reports an CLOSED replica.
2019-10-23 22:39:18,175 [EventQueue-ContainerReportForContainerReportHandler] WARN  container.ContainerReportHandler (AbstractContainerReportHandler.java:updateContainerState(145)) - Container #1 is in OPEN state, but the datanode 2f4845be-2264-4a1a-8a27-f958336e1da9{ip: 192.168.157.195, host: pr-hdds-2311-7bgld-1842715332, networkLocation: /default-rack, certSerialId: null} reports an CLOSED replica.
2019-10-23 22:39:18,351 [EventQueue-ContainerReportForContainerReportHandler] WARN  container.ContainerReportHandler (AbstractContainerReportHandler.java:updateContainerState(145)) - Container #1 is in OPEN state, but the datanode 15de30e0-32e7-4789-867b-8c05fd0bfca2{ip: 192.168.157.195, host: pr-hdds-2311-7bgld-1842715332, networkLocation: /default-rack, certSerialId: null} reports an CLOSED replica.
2019-10-23 22:39:18,475 [EventQueue-ContainerReportForContainerReportHandler] WARN  container.ContainerReportHandler (AbstractContainerReportHandler.java:updateContainerState(145)) - Container #1 is in OPEN state, but the datanode 2f4845be-2264-4a1a-8a27-f958336e1da9{ip: 192.168.157.195, host: pr-hdds-2311-7bgld-1842715332, networkLocation: /default-rack, certSerialId: null} reports an CLOSED replica.
2019-10-23 22:39:18,585 [Thread-406] INFO  client.GrpcClientProtocolService (GrpcClientProtocolService.java:lambda$processClientRequest$0(278)) - Failed RaftClientRequest:client-A571C4F32A47->15de30e0-32e7-4789-867b-8c05fd0bfca2@group-91CED867EC48, cid=10, seq=0, Watch-ALL_COMMITTED(6), Message:<EMPTY>, reply=RaftClientReply:client-A571C4F32A47->15de30e0-32e7-4789-867b-8c05fd0bfca2@group-91CED867EC48, cid=10, FAILED org.apache.ratis.protocol.NotReplicatedException: Request with call Id 10 and log index 6 is not yet replicated to ALL_COMMITTED, logIndex=6, commits[15de30e0-32e7-4789-867b-8c05fd0bfca2:c10, 0cd5f69f-229b-4e24-9dce-31aad898d52d:c4, 2f4845be-2264-4a1a-8a27-f958336e1da9:c10]
2019-10-23 22:39:18,751 [EventQueue-ContainerReportForContainerReportHandler] WARN  container.ContainerReportHandler (AbstractContainerReportHandler.java:updateContainerState(145)) - Container #1 is in OPEN state, but the datanode 15de30e0-32e7-4789-867b-8c05fd0bfca2{ip: 192.168.157.195, host: pr-hdds-2311-7bgld-1842715332, networkLocation: /default-rack, certSerialId: null} reports an CLOSED replica.
2019-10-23 22:39:18,775 [EventQueue-ContainerReportForContainerReportHandler] WARN  container.ContainerReportHandler (AbstractContainerReportHandler.java:updateContainerState(145)) - Container #1 is in OPEN state, but the datanode 2f4845be-2264-4a1a-8a27-f958336e1da9{ip: 192.168.157.195, host: pr-hdds-2311-7bgld-1842715332, networkLocation: /default-rack, certSerialId: null} reports an CLOSED replica.
2019-10-23 22:39:18,948 [BlockDeletingService#0] WARN  background.BlockDeletingService (BlockDeletingService.java:isDeletionAllowed(187)) - Close Container log Index 6 is not replicated across allthe servers in the pipeline a9317f84-3083-4a94-a1f5-91ced867ec48 as the min replicated index is 4. Deletion is not allowed in this container yet.
2019-10-23 22:39:18,949 [BlockDeletingService#2] WARN  background.BlockDeletingService (BlockDeletingService.java:isDeletionAllowed(187)) - Close Container log Index 6 is not replicated across allthe servers in the pipeline a9317f84-3083-4a94-a1f5-91ced867ec48 as the min replicated index is 4. Deletion is not allowed in this container yet.
2019-10-23 22:39:18,950 [EventQueue-ContainerReportForContainerReportHandler] WARN  container.ContainerReportHandler (AbstractContainerReportHandler.java:updateContainerState(145)) - Container #1 is in OPEN state, but the datanode 15de30e0-32e7-4789-867b-8c05fd0bfca2{ip: 192.168.157.195, host: pr-hdds-2311-7bgld-1842715332, networkLocation: /default-rack, certSerialId: null} reports an CLOSED replica.
2019-10-23 22:39:19,076 [EventQueue-ContainerReportForContainerReportHandler] WARN  container.ContainerReportHandler (AbstractContainerReportHandler.java:updateContainerState(145)) - Container #1 is in OPEN state, but the datanode 2f4845be-2264-4a1a-8a27-f958336e1da9{ip: 192.168.157.195, host: pr-hdds-2311-7bgld-1842715332, networkLocation: /default-rack, certSerialId: null} reports an CLOSED replica.
2019-10-23 22:39:19,275 [EventQueue-ContainerReportForContainerReportHandler] WARN  container.ContainerReportHandler (AbstractContainerReportHandler.java:updateContainerState(145)) - Container #1 is in OPEN state, but the datanode 2f4845be-2264-4a1a-8a27-f958336e1da9{ip: 192.168.157.195, host: pr-hdds-2311-7bgld-1842715332, networkLocation: /default-rack, certSerialId: null} reports an CLOSED replica.
2019-10-23 22:39:19,288 [java.util.concurrent.ThreadPoolExecutor$Worker@6cbe33e6[State = -1, empty queue]] WARN  server.GrpcLogAppender (GrpcLogAppender.java:timeoutAppendRequest(209)) - 15de30e0-32e7-4789-867b-8c05fd0bfca2@group-91CED867EC48->0cd5f69f-229b-4e24-9dce-31aad898d52d-GrpcLogAppender: appendEntries Timeout, request=15de30e0-32e7-4789-867b-8c05fd0bfca2->0cd5f69f-229b-4e24-9dce-31aad898d52d#36-t1, previous=(t:1, i:10), leaderCommit=10, initializing? false, entries: <empty>
2019-10-23 22:39:19,351 [EventQueue-ContainerReportForContainerReportHandler] WARN  container.ContainerReportHandler (AbstractContainerReportHandler.java:updateContainerState(145)) - Container #1 is in OPEN state, but the datanode 15de30e0-32e7-4789-867b-8c05fd0bfca2{ip: 192.168.157.195, host: pr-hdds-2311-7bgld-1842715332, networkLocation: /default-rack, certSerialId: null} reports an CLOSED replica.
2019-10-23 22:39:19,551 [EventQueue-ContainerReportForContainerReportHandler] WARN  container.ContainerReportHandler (AbstractContainerReportHandler.java:updateContainerState(145)) - Container #1 is in OPEN state, but the datanode 15de30e0-32e7-4789-867b-8c05fd0bfca2{ip: 192.168.157.195, host: pr-hdds-2311-7bgld-1842715332, networkLocation: /default-rack, certSerialId: null} reports an CLOSED replica.
2019-10-23 22:39:19,575 [EventQueue-ContainerReportForContainerReportHandler] WARN  container.ContainerReportHandler (AbstractContainerReportHandler.java:updateContainerState(145)) - Container #1 is in OPEN state, but the datanode 2f4845be-2264-4a1a-8a27-f958336e1da9{ip: 192.168.157.195, host: pr-hdds-2311-7bgld-1842715332, networkLocation: /default-rack, certSerialId: null} reports an CLOSED replica.
2019-10-23 22:39:19,851 [EventQueue-ContainerReportForContainerReportHandler] WARN  container.ContainerReportHandler (AbstractContainerReportHandler.java:updateContainerState(145)) - Container #1 is in OPEN state, but the datanode 15de30e0-32e7-4789-867b-8c05fd0bfca2{ip: 192.168.157.195, host: pr-hdds-2311-7bgld-1842715332, networkLocation: /default-rack, certSerialId: null} reports an CLOSED replica.
2019-10-23 22:39:19,951 [BlockDeletingService#0] WARN  background.BlockDeletingService (BlockDeletingService.java:isDeletionAllowed(187)) - Close Container log Index 6 is not replicated across allthe servers in the pipeline a9317f84-3083-4a94-a1f5-91ced867ec48 as the min replicated index is 4. Deletion is not allowed in this container yet.
2019-10-23 22:39:19,951 [BlockDeletingService#2] WARN  background.BlockDeletingService (BlockDeletingService.java:isDeletionAllowed(187)) - Close Container log Index 6 is not replicated across allthe servers in the pipeline a9317f84-3083-4a94-a1f5-91ced867ec48 as the min replicated index is 4. Deletion is not allowed in this container yet.
2019-10-23 22:39:19,977 [EventQueue-ContainerReportForContainerReportHandler] WARN  container.ContainerReportHandler (AbstractContainerReportHandler.java:updateContainerState(145)) - Container #1 is in OPEN state, but the datanode 2f4845be-2264-4a1a-8a27-f958336e1da9{ip: 192.168.157.195, host: pr-hdds-2311-7bgld-1842715332, networkLocation: /default-rack, certSerialId: null} reports an CLOSED replica.
2019-10-23 22:39:20,178 [EventQueue-ContainerReportForContainerReportHandler] WARN  container.ContainerReportHandler (AbstractContainerReportHandler.java:updateContainerState(145)) - Container #1 is in OPEN state, but the datanode 2f4845be-2264-4a1a-8a27-f958336e1da9{ip: 192.168.157.195, host: pr-hdds-2311-7bgld-1842715332, networkLocation: /default-rack, certSerialId: null} reports an CLOSED replica.
2019-10-23 22:39:20,252 [EventQueue-ContainerReportForContainerReportHandler] WARN  container.ContainerReportHandler (AbstractContainerReportHandler.java:updateContainerState(145)) - Container #1 is in OPEN state, but the datanode 15de30e0-32e7-4789-867b-8c05fd0bfca2{ip: 192.168.157.195, host: pr-hdds-2311-7bgld-1842715332, networkLocation: /default-rack, certSerialId: null} reports an CLOSED replica.
2019-10-23 22:39:20,479 [EventQueue-ContainerReportForContainerReportHandler] WARN  container.ContainerReportHandler (AbstractContainerReportHandler.java:updateContainerState(145)) - Container #1 is in OPEN state, but the datanode 2f4845be-2264-4a1a-8a27-f958336e1da9{ip: 192.168.157.195, host: pr-hdds-2311-7bgld-1842715332, networkLocation: /default-rack, certSerialId: null} reports an CLOSED replica.
2019-10-23 22:39:20,554 [EventQueue-ContainerReportForContainerReportHandler] WARN  container.ContainerReportHandler (AbstractContainerReportHandler.java:updateContainerState(145)) - Container #1 is in OPEN state, but the datanode 15de30e0-32e7-4789-867b-8c05fd0bfca2{ip: 192.168.157.195, host: pr-hdds-2311-7bgld-1842715332, networkLocation: /default-rack, certSerialId: null} reports an CLOSED replica.
2019-10-23 22:39:20,754 [EventQueue-ContainerReportForContainerReportHandler] WARN  container.ContainerReportHandler (AbstractContainerReportHandler.java:updateContainerState(145)) - Container #1 is in OPEN state, but the datanode 15de30e0-32e7-4789-867b-8c05fd0bfca2{ip: 192.168.157.195, host: pr-hdds-2311-7bgld-1842715332, networkLocation: /default-rack, certSerialId: null} reports an CLOSED replica.
2019-10-23 22:39:20,778 [EventQueue-ContainerReportForContainerReportHandler] WARN  container.ContainerReportHandler (AbstractContainerReportHandler.java:updateContainerState(145)) - Container #1 is in OPEN state, but the datanode 2f4845be-2264-4a1a-8a27-f958336e1da9{ip: 192.168.157.195, host: pr-hdds-2311-7bgld-1842715332, networkLocation: /default-rack, certSerialId: null} reports an CLOSED replica.
2019-10-23 22:39:20,953 [BlockDeletingService#2] WARN  background.BlockDeletingService (BlockDeletingService.java:isDeletionAllowed(187)) - Close Container log Index 6 is not replicated across allthe servers in the pipeline a9317f84-3083-4a94-a1f5-91ced867ec48 as the min replicated index is 4. Deletion is not allowed in this container yet.
2019-10-23 22:39:20,953 [BlockDeletingService#0] WARN  background.BlockDeletingService (BlockDeletingService.java:isDeletionAllowed(187)) - Close Container log Index 6 is not replicated across allthe servers in the pipeline a9317f84-3083-4a94-a1f5-91ced867ec48 as the min replicated index is 4. Deletion is not allowed in this container yet.
2019-10-23 22:39:21,078 [EventQueue-ContainerReportForContainerReportHandler] WARN  container.ContainerReportHandler (AbstractContainerReportHandler.java:updateContainerState(145)) - Container #1 is in OPEN state, but the datanode 2f4845be-2264-4a1a-8a27-f958336e1da9{ip: 192.168.157.195, host: pr-hdds-2311-7bgld-1842715332, networkLocation: /default-rack, certSerialId: null} reports an CLOSED replica.
2019-10-23 22:39:21,155 [EventQueue-ContainerReportForContainerReportHandler] WARN  container.ContainerReportHandler (AbstractContainerReportHandler.java:updateContainerState(145)) - Container #1 is in OPEN state, but the datanode 15de30e0-32e7-4789-867b-8c05fd0bfca2{ip: 192.168.157.195, host: pr-hdds-2311-7bgld-1842715332, networkLocation: /default-rack, certSerialId: null} reports an CLOSED replica.
2019-10-23 22:39:21,355 [EventQueue-ContainerReportForContainerReportHandler] WARN  container.ContainerReportHandler (AbstractContainerReportHandler.java:updateContainerState(145)) - Container #1 is in OPEN state, but the datanode 15de30e0-32e7-4789-867b-8c05fd0bfca2{ip: 192.168.157.195, host: pr-hdds-2311-7bgld-1842715332, networkLocation: /default-rack, certSerialId: null} reports an CLOSED replica.
2019-10-23 22:39:21,378 [EventQueue-ContainerReportForContainerReportHandler] WARN  container.ContainerReportHandler (AbstractContainerReportHandler.java:updateContainerState(145)) - Container #1 is in OPEN state, but the datanode 2f4845be-2264-4a1a-8a27-f958336e1da9{ip: 192.168.157.195, host: pr-hdds-2311-7bgld-1842715332, networkLocation: /default-rack, certSerialId: null} reports an CLOSED replica.
2019-10-23 22:39:21,578 [EventQueue-ContainerReportForContainerReportHandler] WARN  container.ContainerReportHandler (AbstractContainerReportHandler.java:updateContainerState(145)) - Container #1 is in OPEN state, but the datanode 2f4845be-2264-4a1a-8a27-f958336e1da9{ip: 192.168.157.195, host: pr-hdds-2311-7bgld-1842715332, networkLocation: /default-rack, certSerialId: null} reports an CLOSED replica.
2019-10-23 22:39:21,757 [EventQueue-ContainerReportForContainerReportHandler] WARN  container.ContainerReportHandler (AbstractContainerReportHandler.java:updateContainerState(145)) - Container #1 is in OPEN state, but the datanode 15de30e0-32e7-4789-867b-8c05fd0bfca2{ip: 192.168.157.195, host: pr-hdds-2311-7bgld-1842715332, networkLocation: /default-rack, certSerialId: null} reports an CLOSED replica.
2019-10-23 22:39:21,789 [java.util.concurrent.ThreadPoolExecutor$Worker@6cbe33e6[State = -1, empty queue]] WARN  server.GrpcLogAppender (GrpcLogAppender.java:timeoutAppendRequest(209)) - 15de30e0-32e7-4789-867b-8c05fd0bfca2@group-91CED867EC48->0cd5f69f-229b-4e24-9dce-31aad898d52d-GrpcLogAppender: appendEntries Timeout, request=15de30e0-32e7-4789-867b-8c05fd0bfca2->0cd5f69f-229b-4e24-9dce-31aad898d52d#37-t1, previous=(t:1, i:10), leaderCommit=10, initializing? false, entries: <empty>
2019-10-23 22:39:21,879 [EventQueue-ContainerReportForContainerReportHandler] WARN  container.ContainerReportHandler (AbstractContainerReportHandler.java:updateContainerState(145)) - Container #1 is in OPEN state, but the datanode 2f4845be-2264-4a1a-8a27-f958336e1da9{ip: 192.168.157.195, host: pr-hdds-2311-7bgld-1842715332, networkLocation: /default-rack, certSerialId: null} reports an CLOSED replica.
2019-10-23 22:39:21,954 [BlockDeletingService#0] WARN  background.BlockDeletingService (BlockDeletingService.java:isDeletionAllowed(187)) - Close Container log Index 6 is not replicated across allthe servers in the pipeline a9317f84-3083-4a94-a1f5-91ced867ec48 as the min replicated index is 4. Deletion is not allowed in this container yet.
2019-10-23 22:39:21,955 [BlockDeletingService#2] WARN  background.BlockDeletingService (BlockDeletingService.java:isDeletionAllowed(187)) - Close Container log Index 6 is not replicated across allthe servers in the pipeline a9317f84-3083-4a94-a1f5-91ced867ec48 as the min replicated index is 4. Deletion is not allowed in this container yet.
2019-10-23 22:39:22,057 [EventQueue-ContainerReportForContainerReportHandler] WARN  container.ContainerReportHandler (AbstractContainerReportHandler.java:updateContainerState(145)) - Container #1 is in OPEN state, but the datanode 15de30e0-32e7-4789-867b-8c05fd0bfca2{ip: 192.168.157.195, host: pr-hdds-2311-7bgld-1842715332, networkLocation: /default-rack, certSerialId: null} reports an CLOSED replica.
2019-10-23 22:39:22,282 [EventQueue-ContainerReportForContainerReportHandler] WARN  container.ContainerReportHandler (AbstractContainerReportHandler.java:updateContainerState(145)) - Container #1 is in OPEN state, but the datanode 2f4845be-2264-4a1a-8a27-f958336e1da9{ip: 192.168.157.195, host: pr-hdds-2311-7bgld-1842715332, networkLocation: /default-rack, certSerialId: null} reports an CLOSED replica.
2019-10-23 22:39:22,357 [EventQueue-ContainerReportForContainerReportHandler] WARN  container.ContainerReportHandler (AbstractContainerReportHandler.java:updateContainerState(145)) - Container #1 is in OPEN state, but the datanode 15de30e0-32e7-4789-867b-8c05fd0bfca2{ip: 192.168.157.195, host: pr-hdds-2311-7bgld-1842715332, networkLocation: /default-rack, certSerialId: null} reports an CLOSED replica.
2019-10-23 22:39:22,583 [EventQueue-ContainerReportForContainerReportHandler] WARN  container.ContainerReportHandler (AbstractContainerReportHandler.java:updateContainerState(145)) - Container #1 is in OPEN state, but the datanode 2f4845be-2264-4a1a-8a27-f958336e1da9{ip: 192.168.157.195, host: pr-hdds-2311-7bgld-1842715332, networkLocation: /default-rack, certSerialId: null} reports an CLOSED replica.
2019-10-23 22:39:22,758 [EventQueue-ContainerReportForContainerReportHandler] WARN  container.ContainerReportHandler (AbstractContainerReportHandler.java:updateContainerState(145)) - Container #1 is in OPEN state, but the datanode 15de30e0-32e7-4789-867b-8c05fd0bfca2{ip: 192.168.157.195, host: pr-hdds-2311-7bgld-1842715332, networkLocation: /default-rack, certSerialId: null} reports an CLOSED replica.
2019-10-23 22:39:22,956 [BlockDeletingService#0] WARN  background.BlockDeletingService (BlockDeletingService.java:isDeletionAllowed(187)) - Close Container log Index 6 is not replicated across allthe servers in the pipeline a9317f84-3083-4a94-a1f5-91ced867ec48 as the min replicated index is 4. Deletion is not allowed in this container yet.
2019-10-23 22:39:22,956 [BlockDeletingService#2] WARN  background.BlockDeletingService (BlockDeletingService.java:isDeletionAllowed(187)) - Close Container log Index 6 is not replicated across allthe servers in the pipeline a9317f84-3083-4a94-a1f5-91ced867ec48 as the min replicated index is 4. Deletion is not allowed in this container yet.
2019-10-23 22:39:22,982 [EventQueue-ContainerReportForContainerReportHandler] WARN  container.ContainerReportHandler (AbstractContainerReportHandler.java:updateContainerState(145)) - Container #1 is in OPEN state, but the datanode 2f4845be-2264-4a1a-8a27-f958336e1da9{ip: 192.168.157.195, host: pr-hdds-2311-7bgld-1842715332, networkLocation: /default-rack, certSerialId: null} reports an CLOSED replica.
2019-10-23 22:39:23,059 [EventQueue-ContainerReportForContainerReportHandler] WARN  container.ContainerReportHandler (AbstractContainerReportHandler.java:updateContainerState(145)) - Container #1 is in OPEN state, but the datanode 15de30e0-32e7-4789-867b-8c05fd0bfca2{ip: 192.168.157.195, host: pr-hdds-2311-7bgld-1842715332, networkLocation: /default-rack, certSerialId: null} reports an CLOSED replica.
2019-10-23 22:39:23,182 [EventQueue-ContainerReportForContainerReportHandler] WARN  container.ContainerReportHandler (AbstractContainerReportHandler.java:updateContainerState(145)) - Container #1 is in OPEN state, but the datanode 2f4845be-2264-4a1a-8a27-f958336e1da9{ip: 192.168.157.195, host: pr-hdds-2311-7bgld-1842715332, networkLocation: /default-rack, certSerialId: null} reports an CLOSED replica.
2019-10-23 22:39:23,259 [EventQueue-ContainerReportForContainerReportHandler] WARN  container.ContainerReportHandler (AbstractContainerReportHandler.java:updateContainerState(145)) - Container #1 is in OPEN state, but the datanode 15de30e0-32e7-4789-867b-8c05fd0bfca2{ip: 192.168.157.195, host: pr-hdds-2311-7bgld-1842715332, networkLocation: /default-rack, certSerialId: null} reports an CLOSED replica.
2019-10-23 22:39:23,461 [EventQueue-ContainerReportForContainerReportHandler] WARN  container.ContainerReportHandler (AbstractContainerReportHandler.java:updateContainerState(145)) - Container #1 is in OPEN state, but the datanode 15de30e0-32e7-4789-867b-8c05fd0bfca2{ip: 192.168.157.195, host: pr-hdds-2311-7bgld-1842715332, networkLocation: /default-rack, certSerialId: null} reports an CLOSED replica.
2019-10-23 22:39:23,484 [EventQueue-ContainerReportForContainerReportHandler] WARN  container.ContainerReportHandler (AbstractContainerReportHandler.java:updateContainerState(145)) - Container #1 is in OPEN state, but the datanode 2f4845be-2264-4a1a-8a27-f958336e1da9{ip: 192.168.157.195, host: pr-hdds-2311-7bgld-1842715332, networkLocation: /default-rack, certSerialId: null} reports an CLOSED replica.
2019-10-23 22:39:23,763 [EventQueue-ContainerReportForContainerReportHandler] WARN  container.ContainerReportHandler (AbstractContainerReportHandler.java:updateContainerState(145)) - Container #1 is in OPEN state, but the datanode 15de30e0-32e7-4789-867b-8c05fd0bfca2{ip: 192.168.157.195, host: pr-hdds-2311-7bgld-1842715332, networkLocation: /default-rack, certSerialId: null} reports an CLOSED replica.
2019-10-23 22:39:23,786 [EventQueue-ContainerReportForContainerReportHandler] WARN  container.ContainerReportHandler (AbstractContainerReportHandler.java:updateContainerState(145)) - Container #1 is in OPEN state, but the datanode 2f4845be-2264-4a1a-8a27-f958336e1da9{ip: 192.168.157.195, host: pr-hdds-2311-7bgld-1842715332, networkLocation: /default-rack, certSerialId: null} reports an CLOSED replica.
2019-10-23 22:39:23,959 [BlockDeletingService#2] WARN  background.BlockDeletingService (BlockDeletingService.java:isDeletionAllowed(187)) - Close Container log Index 6 is not replicated across allthe servers in the pipeline a9317f84-3083-4a94-a1f5-91ced867ec48 as the min replicated index is 4. Deletion is not allowed in this container yet.
2019-10-23 22:39:23,959 [BlockDeletingService#0] WARN  background.BlockDeletingService (BlockDeletingService.java:isDeletionAllowed(187)) - Close Container log Index 6 is not replicated across allthe servers in the pipeline a9317f84-3083-4a94-a1f5-91ced867ec48 as the min replicated index is 4. Deletion is not allowed in this container yet.
2019-10-23 22:39:24,061 [EventQueue-ContainerReportForContainerReportHandler] WARN  container.ContainerReportHandler (AbstractContainerReportHandler.java:updateContainerState(145)) - Container #1 is in OPEN state, but the datanode 15de30e0-32e7-4789-867b-8c05fd0bfca2{ip: 192.168.157.195, host: pr-hdds-2311-7bgld-1842715332, networkLocation: /default-rack, certSerialId: null} reports an CLOSED replica.
2019-10-23 22:39:24,085 [EventQueue-ContainerReportForContainerReportHandler] WARN  container.ContainerReportHandler (AbstractContainerReportHandler.java:updateContainerState(145)) - Container #1 is in OPEN state, but the datanode 2f4845be-2264-4a1a-8a27-f958336e1da9{ip: 192.168.157.195, host: pr-hdds-2311-7bgld-1842715332, networkLocation: /default-rack, certSerialId: null} reports an CLOSED replica.
2019-10-23 22:39:24,262 [EventQueue-ContainerReportForContainerReportHandler] WARN  container.ContainerReportHandler (AbstractContainerReportHandler.java:updateContainerState(145)) - Container #1 is in OPEN state, but the datanode 15de30e0-32e7-4789-867b-8c05fd0bfca2{ip: 192.168.157.195, host: pr-hdds-2311-7bgld-1842715332, networkLocation: /default-rack, certSerialId: null} reports an CLOSED replica.
2019-10-23 22:39:24,290 [java.util.concurrent.ThreadPoolExecutor$Worker@6cbe33e6[State = -1, empty queue]] WARN  server.GrpcLogAppender (GrpcLogAppender.java:timeoutAppendRequest(209)) - 15de30e0-32e7-4789-867b-8c05fd0bfca2@group-91CED867EC48->0cd5f69f-229b-4e24-9dce-31aad898d52d-GrpcLogAppender: appendEntries Timeout, request=15de30e0-32e7-4789-867b-8c05fd0bfca2->0cd5f69f-229b-4e24-9dce-31aad898d52d#38-t1, previous=(t:1, i:10), leaderCommit=10, initializing? false, entries: <empty>
2019-10-23 22:39:24,386 [EventQueue-ContainerReportForContainerReportHandler] WARN  container.ContainerReportHandler (AbstractContainerReportHandler.java:updateContainerState(145)) - Container #1 is in OPEN state, but the datanode 2f4845be-2264-4a1a-8a27-f958336e1da9{ip: 192.168.157.195, host: pr-hdds-2311-7bgld-1842715332, networkLocation: /default-rack, certSerialId: null} reports an CLOSED replica.
2019-10-23 22:39:24,562 [EventQueue-ContainerReportForContainerReportHandler] WARN  container.ContainerReportHandler (AbstractContainerReportHandler.java:updateContainerState(145)) - Container #1 is in OPEN state, but the datanode 15de30e0-32e7-4789-867b-8c05fd0bfca2{ip: 192.168.157.195, host: pr-hdds-2311-7bgld-1842715332, networkLocation: /default-rack, certSerialId: null} reports an CLOSED replica.
2019-10-23 22:39:24,786 [EventQueue-ContainerReportForContainerReportHandler] WARN  container.ContainerReportHandler (AbstractContainerReportHandler.java:updateContainerState(145)) - Container #1 is in OPEN state, but the datanode 2f4845be-2264-4a1a-8a27-f958336e1da9{ip: 192.168.157.195, host: pr-hdds-2311-7bgld-1842715332, networkLocation: /default-rack, certSerialId: null} reports an CLOSED replica.
2019-10-23 22:39:24,862 [EventQueue-ContainerReportForContainerReportHandler] WARN  container.ContainerReportHandler (AbstractContainerReportHandler.java:updateContainerState(145)) - Container #1 is in OPEN state, but the datanode 15de30e0-32e7-4789-867b-8c05fd0bfca2{ip: 192.168.157.195, host: pr-hdds-2311-7bgld-1842715332, networkLocation: /default-rack, certSerialId: null} reports an CLOSED replica.
2019-10-23 22:39:24,961 [BlockDeletingService#0] WARN  background.BlockDeletingService (BlockDeletingService.java:isDeletionAllowed(187)) - Close Container log Index 6 is not replicated across allthe servers in the pipeline a9317f84-3083-4a94-a1f5-91ced867ec48 as the min replicated index is 4. Deletion is not allowed in this container yet.
2019-10-23 22:39:24,961 [BlockDeletingService#2] WARN  background.BlockDeletingService (BlockDeletingService.java:isDeletionAllowed(187)) - Close Container log Index 6 is not replicated across allthe servers in the pipeline a9317f84-3083-4a94-a1f5-91ced867ec48 as the min replicated index is 4. Deletion is not allowed in this container yet.
2019-10-23 22:39:25,062 [EventQueue-ContainerReportForContainerReportHandler] WARN  container.ContainerReportHandler (AbstractContainerReportHandler.java:updateContainerState(145)) - Container #1 is in OPEN state, but the datanode 15de30e0-32e7-4789-867b-8c05fd0bfca2{ip: 192.168.157.195, host: pr-hdds-2311-7bgld-1842715332, networkLocation: /default-rack, certSerialId: null} reports an CLOSED replica.
2019-10-23 22:39:25,186 [EventQueue-ContainerReportForContainerReportHandler] WARN  container.ContainerReportHandler (AbstractContainerReportHandler.java:updateContainerState(145)) - Container #1 is in OPEN state, but the datanode 2f4845be-2264-4a1a-8a27-f958336e1da9{ip: 192.168.157.195, host: pr-hdds-2311-7bgld-1842715332, networkLocation: /default-rack, certSerialId: null} reports an CLOSED replica.
2019-10-23 22:39:25,362 [EventQueue-ContainerReportForContainerReportHandler] WARN  container.ContainerReportHandler (AbstractContainerReportHandler.java:updateContainerState(145)) - Container #1 is in OPEN state, but the datanode 15de30e0-32e7-4789-867b-8c05fd0bfca2{ip: 192.168.157.195, host: pr-hdds-2311-7bgld-1842715332, networkLocation: /default-rack, certSerialId: null} reports an CLOSED replica.
2019-10-23 22:39:25,486 [EventQueue-ContainerReportForContainerReportHandler] WARN  container.ContainerReportHandler (AbstractContainerReportHandler.java:updateContainerState(145)) - Container #1 is in OPEN state, but the datanode 2f4845be-2264-4a1a-8a27-f958336e1da9{ip: 192.168.157.195, host: pr-hdds-2311-7bgld-1842715332, networkLocation: /default-rack, certSerialId: null} reports an CLOSED replica.
2019-10-23 22:39:25,662 [EventQueue-ContainerReportForContainerReportHandler] WARN  container.ContainerReportHandler (AbstractContainerReportHandler.java:updateContainerState(145)) - Container #1 is in OPEN state, but the datanode 15de30e0-32e7-4789-867b-8c05fd0bfca2{ip: 192.168.157.195, host: pr-hdds-2311-7bgld-1842715332, networkLocation: /default-rack, certSerialId: null} reports an CLOSED replica.
2019-10-23 22:39:25,686 [EventQueue-ContainerReportForContainerReportHandler] WARN  container.ContainerReportHandler (AbstractContainerReportHandler.java:updateContainerState(145)) - Container #1 is in OPEN state, but the datanode 2f4845be-2264-4a1a-8a27-f958336e1da9{ip: 192.168.157.195, host: pr-hdds-2311-7bgld-1842715332, networkLocation: /default-rack, certSerialId: null} reports an CLOSED replica.
2019-10-23 22:39:25,879 [Thread-426] INFO  client.GrpcClientProtocolService (GrpcClientProtocolService.java:lambda$processClientRequest$0(278)) - Failed RaftClientRequest:client-A571C4F32A47->2f4845be-2264-4a1a-8a27-f958336e1da9@group-91CED867EC48, cid=10, seq=0, Watch-ALL_COMMITTED(6), Message:<EMPTY>, reply=RaftClientReply:client-A571C4F32A47->2f4845be-2264-4a1a-8a27-f958336e1da9@group-91CED867EC48, cid=10, FAILED org.apache.ratis.protocol.NotLeaderException: Server 2f4845be-2264-4a1a-8a27-f958336e1da9@group-91CED867EC48 is not the leader 15de30e0-32e7-4789-867b-8c05fd0bfca2:192.168.157.195:43624, logIndex=0, commits[2f4845be-2264-4a1a-8a27-f958336e1da9:c10, 0cd5f69f-229b-4e24-9dce-31aad898d52d:c4, 15de30e0-32e7-4789-867b-8c05fd0bfca2:c10]
2019-10-23 22:39:25,963 [BlockDeletingService#0] WARN  background.BlockDeletingService (BlockDeletingService.java:isDeletionAllowed(187)) - Close Container log Index 6 is not replicated across allthe servers in the pipeline a9317f84-3083-4a94-a1f5-91ced867ec48 as the min replicated index is 4. Deletion is not allowed in this container yet.
2019-10-23 22:39:25,963 [BlockDeletingService#2] WARN  background.BlockDeletingService (BlockDeletingService.java:isDeletionAllowed(187)) - Close Container log Index 6 is not replicated across allthe servers in the pipeline a9317f84-3083-4a94-a1f5-91ced867ec48 as the min replicated index is 4. Deletion is not allowed in this container yet.
2019-10-23 22:39:25,963 [EventQueue-ContainerReportForContainerReportHandler] WARN  container.ContainerReportHandler (AbstractContainerReportHandler.java:updateContainerState(145)) - Container #1 is in OPEN state, but the datanode 15de30e0-32e7-4789-867b-8c05fd0bfca2{ip: 192.168.157.195, host: pr-hdds-2311-7bgld-1842715332, networkLocation: /default-rack, certSerialId: null} reports an CLOSED replica.
2019-10-23 22:39:26,087 [EventQueue-ContainerReportForContainerReportHandler] WARN  container.ContainerReportHandler (AbstractContainerReportHandler.java:updateContainerState(145)) - Container #1 is in OPEN state, but the datanode 2f4845be-2264-4a1a-8a27-f958336e1da9{ip: 192.168.157.195, host: pr-hdds-2311-7bgld-1842715332, networkLocation: /default-rack, certSerialId: null} reports an CLOSED replica.
2019-10-23 22:39:26,263 [EventQueue-ContainerReportForContainerReportHandler] WARN  container.ContainerReportHandler (AbstractContainerReportHandler.java:updateContainerState(145)) - Container #1 is in OPEN state, but the datanode 15de30e0-32e7-4789-867b-8c05fd0bfca2{ip: 192.168.157.195, host: pr-hdds-2311-7bgld-1842715332, networkLocation: /default-rack, certSerialId: null} reports an CLOSED replica.
2019-10-23 22:39:26,387 [EventQueue-ContainerReportForContainerReportHandler] WARN  container.ContainerReportHandler (AbstractContainerReportHandler.java:updateContainerState(145)) - Container #1 is in OPEN state, but the datanode 2f4845be-2264-4a1a-8a27-f958336e1da9{ip: 192.168.157.195, host: pr-hdds-2311-7bgld-1842715332, networkLocation: /default-rack, certSerialId: null} reports an CLOSED replica.
2019-10-23 22:39:26,464 [EventQueue-ContainerReportForContainerReportHandler] WARN  container.ContainerReportHandler (AbstractContainerReportHandler.java:updateContainerState(145)) - Container #1 is in OPEN state, but the datanode 15de30e0-32e7-4789-867b-8c05fd0bfca2{ip: 192.168.157.195, host: pr-hdds-2311-7bgld-1842715332, networkLocation: /default-rack, certSerialId: null} reports an CLOSED replica.
2019-10-23 22:39:26,664 [EventQueue-ContainerReportForContainerReportHandler] WARN  container.ContainerReportHandler (AbstractContainerReportHandler.java:updateContainerState(145)) - Container #1 is in OPEN state, but the datanode 15de30e0-32e7-4789-867b-8c05fd0bfca2{ip: 192.168.157.195, host: pr-hdds-2311-7bgld-1842715332, networkLocation: /default-rack, certSerialId: null} reports an CLOSED replica.
2019-10-23 22:39:26,690 [EventQueue-ContainerReportForContainerReportHandler] WARN  container.ContainerReportHandler (AbstractContainerReportHandler.java:updateContainerState(145)) - Container #1 is in OPEN state, but the datanode 2f4845be-2264-4a1a-8a27-f958336e1da9{ip: 192.168.157.195, host: pr-hdds-2311-7bgld-1842715332, networkLocation: /default-rack, certSerialId: null} reports an CLOSED replica.
2019-10-23 22:39:26,792 [java.util.concurrent.ThreadPoolExecutor$Worker@6cbe33e6[State = -1, empty queue]] WARN  server.GrpcLogAppender (GrpcLogAppender.java:timeoutAppendRequest(209)) - 15de30e0-32e7-4789-867b-8c05fd0bfca2@group-91CED867EC48->0cd5f69f-229b-4e24-9dce-31aad898d52d-GrpcLogAppender: appendEntries Timeout, request=15de30e0-32e7-4789-867b-8c05fd0bfca2->0cd5f69f-229b-4e24-9dce-31aad898d52d#39-t1, previous=(t:1, i:10), leaderCommit=10, initializing? false, entries: <empty>
2019-10-23 22:39:26,890 [EventQueue-ContainerReportForContainerReportHandler] WARN  container.ContainerReportHandler (AbstractContainerReportHandler.java:updateContainerState(145)) - Container #1 is in OPEN state, but the datanode 2f4845be-2264-4a1a-8a27-f958336e1da9{ip: 192.168.157.195, host: pr-hdds-2311-7bgld-1842715332, networkLocation: /default-rack, certSerialId: null} reports an CLOSED replica.
2019-10-23 22:39:26,965 [BlockDeletingService#0] WARN  background.BlockDeletingService (BlockDeletingService.java:isDeletionAllowed(187)) - Close Container log Index 6 is not replicated across allthe servers in the pipeline a9317f84-3083-4a94-a1f5-91ced867ec48 as the min replicated index is 4. Deletion is not allowed in this container yet.
2019-10-23 22:39:26,966 [BlockDeletingService#2] WARN  background.BlockDeletingService (BlockDeletingService.java:isDeletionAllowed(187)) - Close Container log Index 6 is not replicated across allthe servers in the pipeline a9317f84-3083-4a94-a1f5-91ced867ec48 as the min replicated index is 4. Deletion is not allowed in this container yet.
2019-10-23 22:39:27,066 [EventQueue-ContainerReportForContainerReportHandler] WARN  container.ContainerReportHandler (AbstractContainerReportHandler.java:updateContainerState(145)) - Container #1 is in OPEN state, but the datanode 15de30e0-32e7-4789-867b-8c05fd0bfca2{ip: 192.168.157.195, host: pr-hdds-2311-7bgld-1842715332, networkLocation: /default-rack, certSerialId: null} reports an CLOSED replica.
2019-10-23 22:39:27,090 [EventQueue-ContainerReportForContainerReportHandler] WARN  container.ContainerReportHandler (AbstractContainerReportHandler.java:updateContainerState(145)) - Container #1 is in OPEN state, but the datanode 2f4845be-2264-4a1a-8a27-f958336e1da9{ip: 192.168.157.195, host: pr-hdds-2311-7bgld-1842715332, networkLocation: /default-rack, certSerialId: null} reports an CLOSED replica.
2019-10-23 22:39:27,366 [EventQueue-ContainerReportForContainerReportHandler] WARN  container.ContainerReportHandler (AbstractContainerReportHandler.java:updateContainerState(145)) - Container #1 is in OPEN state, but the datanode 15de30e0-32e7-4789-867b-8c05fd0bfca2{ip: 192.168.157.195, host: pr-hdds-2311-7bgld-1842715332, networkLocation: /default-rack, certSerialId: null} reports an CLOSED replica.
2019-10-23 22:39:27,490 [EventQueue-ContainerReportForContainerReportHandler] WARN  container.ContainerReportHandler (AbstractContainerReportHandler.java:updateContainerState(145)) - Container #1 is in OPEN state, but the datanode 2f4845be-2264-4a1a-8a27-f958336e1da9{ip: 192.168.157.195, host: pr-hdds-2311-7bgld-1842715332, networkLocation: /default-rack, certSerialId: null} reports an CLOSED replica.
2019-10-23 22:39:27,584 [Thread-434] INFO  client.GrpcClientProtocolService (GrpcClientProtocolService.java:lambda$processClientRequest$0(278)) - Failed RaftClientRequest:client-A571C4F32A47->15de30e0-32e7-4789-867b-8c05fd0bfca2@group-91CED867EC48, cid=10, seq=0, Watch-ALL_COMMITTED(6), Message:<EMPTY>, reply=RaftClientReply:client-A571C4F32A47->15de30e0-32e7-4789-867b-8c05fd0bfca2@group-91CED867EC48, cid=10, FAILED org.apache.ratis.protocol.NotReplicatedException: Request with call Id 10 and log index 6 is not yet replicated to ALL_COMMITTED, logIndex=6, commits[15de30e0-32e7-4789-867b-8c05fd0bfca2:c10, 0cd5f69f-229b-4e24-9dce-31aad898d52d:c4, 2f4845be-2264-4a1a-8a27-f958336e1da9:c10]
2019-10-23 22:39:27,667 [EventQueue-ContainerReportForContainerReportHandler] WARN  container.ContainerReportHandler (AbstractContainerReportHandler.java:updateContainerState(145)) - Container #1 is in OPEN state, but the datanode 15de30e0-32e7-4789-867b-8c05fd0bfca2{ip: 192.168.157.195, host: pr-hdds-2311-7bgld-1842715332, networkLocation: /default-rack, certSerialId: null} reports an CLOSED replica.
2019-10-23 22:39:27,790 [EventQueue-ContainerReportForContainerReportHandler] WARN  container.ContainerReportHandler (AbstractContainerReportHandler.java:updateContainerState(145)) - Container #1 is in OPEN state, but the datanode 2f4845be-2264-4a1a-8a27-f958336e1da9{ip: 192.168.157.195, host: pr-hdds-2311-7bgld-1842715332, networkLocation: /default-rack, certSerialId: null} reports an CLOSED replica.
2019-10-23 22:39:27,967 [BlockDeletingService#0] WARN  background.BlockDeletingService (BlockDeletingService.java:isDeletionAllowed(187)) - Close Container log Index 6 is not replicated across allthe servers in the pipeline a9317f84-3083-4a94-a1f5-91ced867ec48 as the min replicated index is 4. Deletion is not allowed in this container yet.
2019-10-23 22:39:27,968 [BlockDeletingService#2] WARN  background.BlockDeletingService (BlockDeletingService.java:isDeletionAllowed(187)) - Close Container log Index 6 is not replicated across allthe servers in the pipeline a9317f84-3083-4a94-a1f5-91ced867ec48 as the min replicated index is 4. Deletion is not allowed in this container yet.
2019-10-23 22:39:28,067 [EventQueue-ContainerReportForContainerReportHandler] WARN  container.ContainerReportHandler (AbstractContainerReportHandler.java:updateContainerState(145)) - Container #1 is in OPEN state, but the datanode 15de30e0-32e7-4789-867b-8c05fd0bfca2{ip: 192.168.157.195, host: pr-hdds-2311-7bgld-1842715332, networkLocation: /default-rack, certSerialId: null} reports an CLOSED replica.
2019-10-23 22:39:28,090 [EventQueue-ContainerReportForContainerReportHandler] WARN  container.ContainerReportHandler (AbstractContainerReportHandler.java:updateContainerState(145)) - Container #1 is in OPEN state, but the datanode 2f4845be-2264-4a1a-8a27-f958336e1da9{ip: 192.168.157.195, host: pr-hdds-2311-7bgld-1842715332, networkLocation: /default-rack, certSerialId: null} reports an CLOSED replica.
2019-10-23 22:39:28,367 [EventQueue-ContainerReportForContainerReportHandler] WARN  container.ContainerReportHandler (AbstractContainerReportHandler.java:updateContainerState(145)) - Container #1 is in OPEN state, but the datanode 15de30e0-32e7-4789-867b-8c05fd0bfca2{ip: 192.168.157.195, host: pr-hdds-2311-7bgld-1842715332, networkLocation: /default-rack, certSerialId: null} reports an CLOSED replica.
2019-10-23 22:39:28,390 [EventQueue-ContainerReportForContainerReportHandler] WARN  container.ContainerReportHandler (AbstractContainerReportHandler.java:updateContainerState(145)) - Container #1 is in OPEN state, but the datanode 2f4845be-2264-4a1a-8a27-f958336e1da9{ip: 192.168.157.195, host: pr-hdds-2311-7bgld-1842715332, networkLocation: /default-rack, certSerialId: null} reports an CLOSED replica.
2019-10-23 22:39:28,690 [EventQueue-ContainerReportForContainerReportHandler] WARN  container.ContainerReportHandler (AbstractContainerReportHandler.java:updateContainerState(145)) - Container #1 is in OPEN state, but the datanode 2f4845be-2264-4a1a-8a27-f958336e1da9{ip: 192.168.157.195, host: pr-hdds-2311-7bgld-1842715332, networkLocation: /default-rack, certSerialId: null} reports an CLOSED replica.
2019-10-23 22:39:28,769 [EventQueue-ContainerReportForContainerReportHandler] WARN  container.ContainerReportHandler (AbstractContainerReportHandler.java:updateContainerState(145)) - Container #1 is in OPEN state, but the datanode 15de30e0-32e7-4789-867b-8c05fd0bfca2{ip: 192.168.157.195, host: pr-hdds-2311-7bgld-1842715332, networkLocation: /default-rack, certSerialId: null} reports an CLOSED replica.
2019-10-23 22:39:28,969 [BlockDeletingService#0] WARN  background.BlockDeletingService (BlockDeletingService.java:isDeletionAllowed(187)) - Close Container log Index 6 is not replicated across allthe servers in the pipeline a9317f84-3083-4a94-a1f5-91ced867ec48 as the min replicated index is 4. Deletion is not allowed in this container yet.
2019-10-23 22:39:28,969 [BlockDeletingService#2] WARN  background.BlockDeletingService (BlockDeletingService.java:isDeletionAllowed(187)) - Close Container log Index 6 is not replicated across allthe servers in the pipeline a9317f84-3083-4a94-a1f5-91ced867ec48 as the min replicated index is 4. Deletion is not allowed in this container yet.
2019-10-23 22:39:29,091 [EventQueue-ContainerReportForContainerReportHandler] WARN  container.ContainerReportHandler (AbstractContainerReportHandler.java:updateContainerState(145)) - Container #1 is in OPEN state, but the datanode 2f4845be-2264-4a1a-8a27-f958336e1da9{ip: 192.168.157.195, host: pr-hdds-2311-7bgld-1842715332, networkLocation: /default-rack, certSerialId: null} reports an CLOSED replica.
2019-10-23 22:39:29,169 [EventQueue-ContainerReportForContainerReportHandler] WARN  container.ContainerReportHandler (AbstractContainerReportHandler.java:updateContainerState(145)) - Container #1 is in OPEN state, but the datanode 15de30e0-32e7-4789-867b-8c05fd0bfca2{ip: 192.168.157.195, host: pr-hdds-2311-7bgld-1842715332, networkLocation: /default-rack, certSerialId: null} reports an CLOSED replica.
2019-10-23 22:39:29,293 [java.util.concurrent.ThreadPoolExecutor$Worker@6cbe33e6[State = -1, empty queue]] WARN  server.GrpcLogAppender (GrpcLogAppender.java:timeoutAppendRequest(209)) - 15de30e0-32e7-4789-867b-8c05fd0bfca2@group-91CED867EC48->0cd5f69f-229b-4e24-9dce-31aad898d52d-GrpcLogAppender: appendEntries Timeout, request=15de30e0-32e7-4789-867b-8c05fd0bfca2->0cd5f69f-229b-4e24-9dce-31aad898d52d#40-t1, previous=(t:1, i:10), leaderCommit=10, initializing? false, entries: <empty>
2019-10-23 22:39:29,370 [EventQueue-ContainerReportForContainerReportHandler] WARN  container.ContainerReportHandler (AbstractContainerReportHandler.java:updateContainerState(145)) - Container #1 is in OPEN state, but the datanode 15de30e0-32e7-4789-867b-8c05fd0bfca2{ip: 192.168.157.195, host: pr-hdds-2311-7bgld-1842715332, networkLocation: /default-rack, certSerialId: null} reports an CLOSED replica.
2019-10-23 22:39:29,391 [EventQueue-ContainerReportForContainerReportHandler] WARN  container.ContainerReportHandler (AbstractContainerReportHandler.java:updateContainerState(145)) - Container #1 is in OPEN state, but the datanode 2f4845be-2264-4a1a-8a27-f958336e1da9{ip: 192.168.157.195, host: pr-hdds-2311-7bgld-1842715332, networkLocation: /default-rack, certSerialId: null} reports an CLOSED replica.
2019-10-23 22:39:29,670 [EventQueue-ContainerReportForContainerReportHandler] WARN  container.ContainerReportHandler (AbstractContainerReportHandler.java:updateContainerState(145)) - Container #1 is in OPEN state, but the datanode 15de30e0-32e7-4789-867b-8c05fd0bfca2{ip: 192.168.157.195, host: pr-hdds-2311-7bgld-1842715332, networkLocation: /default-rack, certSerialId: null} reports an CLOSED replica.
2019-10-23 22:39:29,791 [EventQueue-ContainerReportForContainerReportHandler] WARN  container.ContainerReportHandler (AbstractContainerReportHandler.java:updateContainerState(145)) - Container #1 is in OPEN state, but the datanode 2f4845be-2264-4a1a-8a27-f958336e1da9{ip: 192.168.157.195, host: pr-hdds-2311-7bgld-1842715332, networkLocation: /default-rack, certSerialId: null} reports an CLOSED replica.
2019-10-23 22:39:29,969 [EventQueue-ContainerReportForContainerReportHandler] WARN  container.ContainerReportHandler (AbstractContainerReportHandler.java:updateContainerState(145)) - Container #1 is in OPEN state, but the datanode 15de30e0-32e7-4789-867b-8c05fd0bfca2{ip: 192.168.157.195, host: pr-hdds-2311-7bgld-1842715332, networkLocation: /default-rack, certSerialId: null} reports an CLOSED replica.
2019-10-23 22:39:29,971 [BlockDeletingService#2] WARN  background.BlockDeletingService (BlockDeletingService.java:isDeletionAllowed(187)) - Close Container log Index 6 is not replicated across allthe servers in the pipeline a9317f84-3083-4a94-a1f5-91ced867ec48 as the min replicated index is 4. Deletion is not allowed in this container yet.
2019-10-23 22:39:29,971 [BlockDeletingService#0] WARN  background.BlockDeletingService (BlockDeletingService.java:isDeletionAllowed(187)) - Close Container log Index 6 is not replicated across allthe servers in the pipeline a9317f84-3083-4a94-a1f5-91ced867ec48 as the min replicated index is 4. Deletion is not allowed in this container yet.
2019-10-23 22:39:30,091 [EventQueue-ContainerReportForContainerReportHandler] WARN  container.ContainerReportHandler (AbstractContainerReportHandler.java:updateContainerState(145)) - Container #1 is in OPEN state, but the datanode 2f4845be-2264-4a1a-8a27-f958336e1da9{ip: 192.168.157.195, host: pr-hdds-2311-7bgld-1842715332, networkLocation: /default-rack, certSerialId: null} reports an CLOSED replica.
2019-10-23 22:39:30,170 [EventQueue-ContainerReportForContainerReportHandler] WARN  container.ContainerReportHandler (AbstractContainerReportHandler.java:updateContainerState(145)) - Container #1 is in OPEN state, but the datanode 15de30e0-32e7-4789-867b-8c05fd0bfca2{ip: 192.168.157.195, host: pr-hdds-2311-7bgld-1842715332, networkLocation: /default-rack, certSerialId: null} reports an CLOSED replica.
2019-10-23 22:39:30,293 [EventQueue-ContainerReportForContainerReportHandler] WARN  container.ContainerReportHandler (AbstractContainerReportHandler.java:updateContainerState(145)) - Container #1 is in OPEN state, but the datanode 2f4845be-2264-4a1a-8a27-f958336e1da9{ip: 192.168.157.195, host: pr-hdds-2311-7bgld-1842715332, networkLocation: /default-rack, certSerialId: null} reports an CLOSED replica.
2019-10-23 22:39:30,369 [EventQueue-ContainerReportForContainerReportHandler] WARN  container.ContainerReportHandler (AbstractContainerReportHandler.java:updateContainerState(145)) - Container #1 is in OPEN state, but the datanode 15de30e0-32e7-4789-867b-8c05fd0bfca2{ip: 192.168.157.195, host: pr-hdds-2311-7bgld-1842715332, networkLocation: /default-rack, certSerialId: null} reports an CLOSED replica.
2019-10-23 22:39:30,493 [EventQueue-ContainerReportForContainerReportHandler] WARN  container.ContainerReportHandler (AbstractContainerReportHandler.java:updateContainerState(145)) - Container #1 is in OPEN state, but the datanode 2f4845be-2264-4a1a-8a27-f958336e1da9{ip: 192.168.157.195, host: pr-hdds-2311-7bgld-1842715332, networkLocation: /default-rack, certSerialId: null} reports an CLOSED replica.
2019-10-23 22:39:30,569 [EventQueue-ContainerReportForContainerReportHandler] WARN  container.ContainerReportHandler (AbstractContainerReportHandler.java:updateContainerState(145)) - Container #1 is in OPEN state, but the datanode 15de30e0-32e7-4789-867b-8c05fd0bfca2{ip: 192.168.157.195, host: pr-hdds-2311-7bgld-1842715332, networkLocation: /default-rack, certSerialId: null} reports an CLOSED replica.
2019-10-23 22:39:30,793 [EventQueue-ContainerReportForContainerReportHandler] WARN  container.ContainerReportHandler (AbstractContainerReportHandler.java:updateContainerState(145)) - Container #1 is in OPEN state, but the datanode 2f4845be-2264-4a1a-8a27-f958336e1da9{ip: 192.168.157.195, host: pr-hdds-2311-7bgld-1842715332, networkLocation: /default-rack, certSerialId: null} reports an CLOSED replica.
2019-10-23 22:39:30,970 [EventQueue-ContainerReportForContainerReportHandler] WARN  container.ContainerReportHandler (AbstractContainerReportHandler.java:updateContainerState(145)) - Container #1 is in OPEN state, but the datanode 15de30e0-32e7-4789-867b-8c05fd0bfca2{ip: 192.168.157.195, host: pr-hdds-2311-7bgld-1842715332, networkLocation: /default-rack, certSerialId: null} reports an CLOSED replica.
2019-10-23 22:39:30,974 [BlockDeletingService#2] WARN  background.BlockDeletingService (BlockDeletingService.java:isDeletionAllowed(187)) - Close Container log Index 6 is not replicated across allthe servers in the pipeline a9317f84-3083-4a94-a1f5-91ced867ec48 as the min replicated index is 4. Deletion is not allowed in this container yet.
2019-10-23 22:39:30,974 [BlockDeletingService#0] WARN  background.BlockDeletingService (BlockDeletingService.java:isDeletionAllowed(187)) - Close Container log Index 6 is not replicated across allthe servers in the pipeline a9317f84-3083-4a94-a1f5-91ced867ec48 as the min replicated index is 4. Deletion is not allowed in this container yet.
2019-10-23 22:39:30,994 [EventQueue-ContainerReportForContainerReportHandler] WARN  container.ContainerReportHandler (AbstractContainerReportHandler.java:updateContainerState(145)) - Container #1 is in OPEN state, but the datanode 2f4845be-2264-4a1a-8a27-f958336e1da9{ip: 192.168.157.195, host: pr-hdds-2311-7bgld-1842715332, networkLocation: /default-rack, certSerialId: null} reports an CLOSED replica.
2019-10-23 22:39:31,370 [EventQueue-ContainerReportForContainerReportHandler] WARN  container.ContainerReportHandler (AbstractContainerReportHandler.java:updateContainerState(145)) - Container #1 is in OPEN state, but the datanode 15de30e0-32e7-4789-867b-8c05fd0bfca2{ip: 192.168.157.195, host: pr-hdds-2311-7bgld-1842715332, networkLocation: /default-rack, certSerialId: null} reports an CLOSED replica.
2019-10-23 22:39:31,395 [EventQueue-ContainerReportForContainerReportHandler] WARN  container.ContainerReportHandler (AbstractContainerReportHandler.java:updateContainerState(145)) - Container #1 is in OPEN state, but the datanode 2f4845be-2264-4a1a-8a27-f958336e1da9{ip: 192.168.157.195, host: pr-hdds-2311-7bgld-1842715332, networkLocation: /default-rack, certSerialId: null} reports an CLOSED replica.
2019-10-23 22:39:31,595 [EventQueue-ContainerReportForContainerReportHandler] WARN  container.ContainerReportHandler (AbstractContainerReportHandler.java:updateContainerState(145)) - Container #1 is in OPEN state, but the datanode 2f4845be-2264-4a1a-8a27-f958336e1da9{ip: 192.168.157.195, host: pr-hdds-2311-7bgld-1842715332, networkLocation: /default-rack, certSerialId: null} reports an CLOSED replica.
2019-10-23 22:39:31,670 [EventQueue-ContainerReportForContainerReportHandler] WARN  container.ContainerReportHandler (AbstractContainerReportHandler.java:updateContainerState(145)) - Container #1 is in OPEN state, but the datanode 15de30e0-32e7-4789-867b-8c05fd0bfca2{ip: 192.168.157.195, host: pr-hdds-2311-7bgld-1842715332, networkLocation: /default-rack, certSerialId: null} reports an CLOSED replica.
2019-10-23 22:39:31,794 [java.util.concurrent.ThreadPoolExecutor$Worker@6cbe33e6[State = -1, empty queue]] WARN  server.GrpcLogAppender (GrpcLogAppender.java:timeoutAppendRequest(209)) - 15de30e0-32e7-4789-867b-8c05fd0bfca2@group-91CED867EC48->0cd5f69f-229b-4e24-9dce-31aad898d52d-GrpcLogAppender: appendEntries Timeout, request=15de30e0-32e7-4789-867b-8c05fd0bfca2->0cd5f69f-229b-4e24-9dce-31aad898d52d#41-t1, previous=(t:1, i:10), leaderCommit=10, initializing? false, entries: <empty>
2019-10-23 22:39:31,795 [EventQueue-ContainerReportForContainerReportHandler] WARN  container.ContainerReportHandler (AbstractContainerReportHandler.java:updateContainerState(145)) - Container #1 is in OPEN state, but the datanode 2f4845be-2264-4a1a-8a27-f958336e1da9{ip: 192.168.157.195, host: pr-hdds-2311-7bgld-1842715332, networkLocation: /default-rack, certSerialId: null} reports an CLOSED replica.
2019-10-23 22:39:31,970 [EventQueue-ContainerReportForContainerReportHandler] WARN  container.ContainerReportHandler (AbstractContainerReportHandler.java:updateContainerState(145)) - Container #1 is in OPEN state, but the datanode 15de30e0-32e7-4789-867b-8c05fd0bfca2{ip: 192.168.157.195, host: pr-hdds-2311-7bgld-1842715332, networkLocation: /default-rack, certSerialId: null} reports an CLOSED replica.
2019-10-23 22:39:31,975 [BlockDeletingService#0] WARN  background.BlockDeletingService (BlockDeletingService.java:isDeletionAllowed(187)) - Close Container log Index 6 is not replicated across allthe servers in the pipeline a9317f84-3083-4a94-a1f5-91ced867ec48 as the min replicated index is 4. Deletion is not allowed in this container yet.
2019-10-23 22:39:31,975 [BlockDeletingService#2] WARN  background.BlockDeletingService (BlockDeletingService.java:isDeletionAllowed(187)) - Close Container log Index 6 is not replicated across allthe servers in the pipeline a9317f84-3083-4a94-a1f5-91ced867ec48 as the min replicated index is 4. Deletion is not allowed in this container yet.
2019-10-23 22:39:32,096 [EventQueue-ContainerReportForContainerReportHandler] WARN  container.ContainerReportHandler (AbstractContainerReportHandler.java:updateContainerState(145)) - Container #1 is in OPEN state, but the datanode 2f4845be-2264-4a1a-8a27-f958336e1da9{ip: 192.168.157.195, host: pr-hdds-2311-7bgld-1842715332, networkLocation: /default-rack, certSerialId: null} reports an CLOSED replica.
2019-10-23 22:39:32,270 [EventQueue-ContainerReportForContainerReportHandler] WARN  container.ContainerReportHandler (AbstractContainerReportHandler.java:updateContainerState(145)) - Container #1 is in OPEN state, but the datanode 15de30e0-32e7-4789-867b-8c05fd0bfca2{ip: 192.168.157.195, host: pr-hdds-2311-7bgld-1842715332, networkLocation: /default-rack, certSerialId: null} reports an CLOSED replica.
2019-10-23 22:39:32,496 [EventQueue-ContainerReportForContainerReportHandler] WARN  container.ContainerReportHandler (AbstractContainerReportHandler.java:updateContainerState(145)) - Container #1 is in OPEN state, but the datanode 2f4845be-2264-4a1a-8a27-f958336e1da9{ip: 192.168.157.195, host: pr-hdds-2311-7bgld-1842715332, networkLocation: /default-rack, certSerialId: null} reports an CLOSED replica.
2019-10-23 22:39:32,570 [EventQueue-ContainerReportForContainerReportHandler] WARN  container.ContainerReportHandler (AbstractContainerReportHandler.java:updateContainerState(145)) - Container #1 is in OPEN state, but the datanode 15de30e0-32e7-4789-867b-8c05fd0bfca2{ip: 192.168.157.195, host: pr-hdds-2311-7bgld-1842715332, networkLocation: /default-rack, certSerialId: null} reports an CLOSED replica.
2019-10-23 22:39:32,771 [EventQueue-ContainerReportForContainerReportHandler] WARN  container.ContainerReportHandler (AbstractContainerReportHandler.java:updateContainerState(145)) - Container #1 is in OPEN state, but the datanode 15de30e0-32e7-4789-867b-8c05fd0bfca2{ip: 192.168.157.195, host: pr-hdds-2311-7bgld-1842715332, networkLocation: /default-rack, certSerialId: null} reports an CLOSED replica.
2019-10-23 22:39:32,898 [EventQueue-ContainerReportForContainerReportHandler] WARN  container.ContainerReportHandler (AbstractContainerReportHandler.java:updateContainerState(145)) - Container #1 is in OPEN state, but the datanode 2f4845be-2264-4a1a-8a27-f958336e1da9{ip: 192.168.157.195, host: pr-hdds-2311-7bgld-1842715332, networkLocation: /default-rack, certSerialId: null} reports an CLOSED replica.
2019-10-23 22:39:32,979 [BlockDeletingService#2] WARN  background.BlockDeletingService (BlockDeletingService.java:isDeletionAllowed(187)) - Close Container log Index 6 is not replicated across allthe servers in the pipeline a9317f84-3083-4a94-a1f5-91ced867ec48 as the min replicated index is 4. Deletion is not allowed in this container yet.
2019-10-23 22:39:32,979 [BlockDeletingService#0] WARN  background.BlockDeletingService (BlockDeletingService.java:isDeletionAllowed(187)) - Close Container log Index 6 is not replicated across allthe servers in the pipeline a9317f84-3083-4a94-a1f5-91ced867ec48 as the min replicated index is 4. Deletion is not allowed in this container yet.
2019-10-23 22:39:33,074 [EventQueue-ContainerReportForContainerReportHandler] WARN  container.ContainerReportHandler (AbstractContainerReportHandler.java:updateContainerState(145)) - Container #1 is in OPEN state, but the datanode 15de30e0-32e7-4789-867b-8c05fd0bfca2{ip: 192.168.157.195, host: pr-hdds-2311-7bgld-1842715332, networkLocation: /default-rack, certSerialId: null} reports an CLOSED replica.
2019-10-23 22:39:33,198 [EventQueue-ContainerReportForContainerReportHandler] WARN  container.ContainerReportHandler (AbstractContainerReportHandler.java:updateContainerState(145)) - Container #1 is in OPEN state, but the datanode 2f4845be-2264-4a1a-8a27-f958336e1da9{ip: 192.168.157.195, host: pr-hdds-2311-7bgld-1842715332, networkLocation: /default-rack, certSerialId: null} reports an CLOSED replica.
2019-10-23 22:39:33,373 [EventQueue-ContainerReportForContainerReportHandler] WARN  container.ContainerReportHandler (AbstractContainerReportHandler.java:updateContainerState(145)) - Container #1 is in OPEN state, but the datanode 15de30e0-32e7-4789-867b-8c05fd0bfca2{ip: 192.168.157.195, host: pr-hdds-2311-7bgld-1842715332, networkLocation: /default-rack, certSerialId: null} reports an CLOSED replica.
2019-10-23 22:39:33,398 [EventQueue-ContainerReportForContainerReportHandler] WARN  container.ContainerReportHandler (AbstractContainerReportHandler.java:updateContainerState(145)) - Container #1 is in OPEN state, but the datanode 2f4845be-2264-4a1a-8a27-f958336e1da9{ip: 192.168.157.195, host: pr-hdds-2311-7bgld-1842715332, networkLocation: /default-rack, certSerialId: null} reports an CLOSED replica.
2019-10-23 22:39:33,573 [EventQueue-ContainerReportForContainerReportHandler] WARN  container.ContainerReportHandler (AbstractContainerReportHandler.java:updateContainerState(145)) - Container #1 is in OPEN state, but the datanode 15de30e0-32e7-4789-867b-8c05fd0bfca2{ip: 192.168.157.195, host: pr-hdds-2311-7bgld-1842715332, networkLocation: /default-rack, certSerialId: null} reports an CLOSED replica.
2019-10-23 22:39:33,800 [EventQueue-ContainerReportForContainerReportHandler] WARN  container.ContainerReportHandler (AbstractContainerReportHandler.java:updateContainerState(145)) - Container #1 is in OPEN state, but the datanode 2f4845be-2264-4a1a-8a27-f958336e1da9{ip: 192.168.157.195, host: pr-hdds-2311-7bgld-1842715332, networkLocation: /default-rack, certSerialId: null} reports an CLOSED replica.
2019-10-23 22:39:33,975 [EventQueue-ContainerReportForContainerReportHandler] WARN  container.ContainerReportHandler (AbstractContainerReportHandler.java:updateContainerState(145)) - Container #1 is in OPEN state, but the datanode 15de30e0-32e7-4789-867b-8c05fd0bfca2{ip: 192.168.157.195, host: pr-hdds-2311-7bgld-1842715332, networkLocation: /default-rack, certSerialId: null} reports an CLOSED replica.
2019-10-23 22:39:33,981 [BlockDeletingService#2] WARN  background.BlockDeletingService (BlockDeletingService.java:isDeletionAllowed(187)) - Close Container log Index 6 is not replicated across allthe servers in the pipeline a9317f84-3083-4a94-a1f5-91ced867ec48 as the min replicated index is 4. Deletion is not allowed in this container yet.
2019-10-23 22:39:33,981 [BlockDeletingService#0] WARN  background.BlockDeletingService (BlockDeletingService.java:isDeletionAllowed(187)) - Close Container log Index 6 is not replicated across allthe servers in the pipeline a9317f84-3083-4a94-a1f5-91ced867ec48 as the min replicated index is 4. Deletion is not allowed in this container yet.
2019-10-23 22:39:34,101 [EventQueue-ContainerReportForContainerReportHandler] WARN  container.ContainerReportHandler (AbstractContainerReportHandler.java:updateContainerState(145)) - Container #1 is in OPEN state, but the datanode 2f4845be-2264-4a1a-8a27-f958336e1da9{ip: 192.168.157.195, host: pr-hdds-2311-7bgld-1842715332, networkLocation: /default-rack, certSerialId: null} reports an CLOSED replica.
2019-10-23 22:39:34,276 [EventQueue-ContainerReportForContainerReportHandler] WARN  container.ContainerReportHandler (AbstractContainerReportHandler.java:updateContainerState(145)) - Container #1 is in OPEN state, but the datanode 15de30e0-32e7-4789-867b-8c05fd0bfca2{ip: 192.168.157.195, host: pr-hdds-2311-7bgld-1842715332, networkLocation: /default-rack, certSerialId: null} reports an CLOSED replica.
2019-10-23 22:39:34,296 [java.util.concurrent.ThreadPoolExecutor$Worker@6cbe33e6[State = -1, empty queue]] WARN  server.GrpcLogAppender (GrpcLogAppender.java:timeoutAppendRequest(209)) - 15de30e0-32e7-4789-867b-8c05fd0bfca2@group-91CED867EC48->0cd5f69f-229b-4e24-9dce-31aad898d52d-GrpcLogAppender: appendEntries Timeout, request=15de30e0-32e7-4789-867b-8c05fd0bfca2->0cd5f69f-229b-4e24-9dce-31aad898d52d#42-t1, previous=(t:1, i:10), leaderCommit=10, initializing? false, entries: <empty>
2019-10-23 22:39:34,401 [EventQueue-ContainerReportForContainerReportHandler] WARN  container.ContainerReportHandler (AbstractContainerReportHandler.java:updateContainerState(145)) - Container #1 is in OPEN state, but the datanode 2f4845be-2264-4a1a-8a27-f958336e1da9{ip: 192.168.157.195, host: pr-hdds-2311-7bgld-1842715332, networkLocation: /default-rack, certSerialId: null} reports an CLOSED replica.
2019-10-23 22:39:34,577 [EventQueue-ContainerReportForContainerReportHandler] WARN  container.ContainerReportHandler (AbstractContainerReportHandler.java:updateContainerState(145)) - Container #1 is in OPEN state, but the datanode 15de30e0-32e7-4789-867b-8c05fd0bfca2{ip: 192.168.157.195, host: pr-hdds-2311-7bgld-1842715332, networkLocation: /default-rack, certSerialId: null} reports an CLOSED replica.
2019-10-23 22:39:34,701 [EventQueue-ContainerReportForContainerReportHandler] WARN  container.ContainerReportHandler (AbstractContainerReportHandler.java:updateContainerState(145)) - Container #1 is in OPEN state, but the datanode 2f4845be-2264-4a1a-8a27-f958336e1da9{ip: 192.168.157.195, host: pr-hdds-2311-7bgld-1842715332, networkLocation: /default-rack, certSerialId: null} reports an CLOSED replica.
2019-10-23 22:39:34,877 [EventQueue-ContainerReportForContainerReportHandler] WARN  container.ContainerReportHandler (AbstractContainerReportHandler.java:updateContainerState(145)) - Container #1 is in OPEN state, but the datanode 15de30e0-32e7-4789-867b-8c05fd0bfca2{ip: 192.168.157.195, host: pr-hdds-2311-7bgld-1842715332, networkLocation: /default-rack, certSerialId: null} reports an CLOSED replica.
2019-10-23 22:39:34,910 [Thread-454] INFO  client.GrpcClientProtocolService (GrpcClientProtocolService.java:lambda$processClientRequest$0(278)) - Failed RaftClientRequest:client-A571C4F32A47->2f4845be-2264-4a1a-8a27-f958336e1da9@group-91CED867EC48, cid=10, seq=0, Watch-ALL_COMMITTED(6), Message:<EMPTY>, reply=RaftClientReply:client-A571C4F32A47->2f4845be-2264-4a1a-8a27-f958336e1da9@group-91CED867EC48, cid=10, FAILED org.apache.ratis.protocol.NotLeaderException: Server 2f4845be-2264-4a1a-8a27-f958336e1da9@group-91CED867EC48 is not the leader 15de30e0-32e7-4789-867b-8c05fd0bfca2:192.168.157.195:43624, logIndex=0, commits[2f4845be-2264-4a1a-8a27-f958336e1da9:c10, 0cd5f69f-229b-4e24-9dce-31aad898d52d:c4, 15de30e0-32e7-4789-867b-8c05fd0bfca2:c10]
2019-10-23 22:39:34,983 [BlockDeletingService#2] WARN  background.BlockDeletingService (BlockDeletingService.java:isDeletionAllowed(187)) - Close Container log Index 6 is not replicated across allthe servers in the pipeline a9317f84-3083-4a94-a1f5-91ced867ec48 as the min replicated index is 4. Deletion is not allowed in this container yet.
2019-10-23 22:39:34,983 [BlockDeletingService#0] WARN  background.BlockDeletingService (BlockDeletingService.java:isDeletionAllowed(187)) - Close Container log Index 6 is not replicated across allthe servers in the pipeline a9317f84-3083-4a94-a1f5-91ced867ec48 as the min replicated index is 4. Deletion is not allowed in this container yet.
2019-10-23 22:39:35,102 [EventQueue-ContainerReportForContainerReportHandler] WARN  container.ContainerReportHandler (AbstractContainerReportHandler.java:updateContainerState(145)) - Container #1 is in OPEN state, but the datanode 2f4845be-2264-4a1a-8a27-f958336e1da9{ip: 192.168.157.195, host: pr-hdds-2311-7bgld-1842715332, networkLocation: /default-rack, certSerialId: null} reports an CLOSED replica.
2019-10-23 22:39:35,278 [EventQueue-ContainerReportForContainerReportHandler] WARN  container.ContainerReportHandler (AbstractContainerReportHandler.java:updateContainerState(145)) - Container #1 is in OPEN state, but the datanode 15de30e0-32e7-4789-867b-8c05fd0bfca2{ip: 192.168.157.195, host: pr-hdds-2311-7bgld-1842715332, networkLocation: /default-rack, certSerialId: null} reports an CLOSED replica.
2019-10-23 22:39:35,402 [EventQueue-ContainerReportForContainerReportHandler] WARN  container.ContainerReportHandler (AbstractContainerReportHandler.java:updateContainerState(145)) - Container #1 is in OPEN state, but the datanode 2f4845be-2264-4a1a-8a27-f958336e1da9{ip: 192.168.157.195, host: pr-hdds-2311-7bgld-1842715332, networkLocation: /default-rack, certSerialId: null} reports an CLOSED replica.
2019-10-23 22:39:35,477 [EventQueue-ContainerReportForContainerReportHandler] WARN  container.ContainerReportHandler (AbstractContainerReportHandler.java:updateContainerState(145)) - Container #1 is in OPEN state, but the datanode 15de30e0-32e7-4789-867b-8c05fd0bfca2{ip: 192.168.157.195, host: pr-hdds-2311-7bgld-1842715332, networkLocation: /default-rack, certSerialId: null} reports an CLOSED replica.
2019-10-23 22:39:35,602 [EventQueue-ContainerReportForContainerReportHandler] WARN  container.ContainerReportHandler (AbstractContainerReportHandler.java:updateContainerState(145)) - Container #1 is in OPEN state, but the datanode 2f4845be-2264-4a1a-8a27-f958336e1da9{ip: 192.168.157.195, host: pr-hdds-2311-7bgld-1842715332, networkLocation: /default-rack, certSerialId: null} reports an CLOSED replica.
2019-10-23 22:39:35,778 [EventQueue-ContainerReportForContainerReportHandler] WARN  container.ContainerReportHandler (AbstractContainerReportHandler.java:updateContainerState(145)) - Container #1 is in OPEN state, but the datanode 15de30e0-32e7-4789-867b-8c05fd0bfca2{ip: 192.168.157.195, host: pr-hdds-2311-7bgld-1842715332, networkLocation: /default-rack, certSerialId: null} reports an CLOSED replica.
2019-10-23 22:39:35,979 [EventQueue-ContainerReportForContainerReportHandler] WARN  container.ContainerReportHandler (AbstractContainerReportHandler.java:updateContainerState(145)) - Container #1 is in OPEN state, but the datanode 15de30e0-32e7-4789-867b-8c05fd0bfca2{ip: 192.168.157.195, host: pr-hdds-2311-7bgld-1842715332, networkLocation: /default-rack, certSerialId: null} reports an CLOSED replica.
2019-10-23 22:39:35,986 [BlockDeletingService#2] WARN  background.BlockDeletingService (BlockDeletingService.java:isDeletionAllowed(187)) - Close Container log Index 6 is not replicated across allthe servers in the pipeline a9317f84-3083-4a94-a1f5-91ced867ec48 as the min replicated index is 4. Deletion is not allowed in this container yet.
2019-10-23 22:39:35,986 [BlockDeletingService#0] WARN  background.BlockDeletingService (BlockDeletingService.java:isDeletionAllowed(187)) - Close Container log Index 6 is not replicated across allthe servers in the pipeline a9317f84-3083-4a94-a1f5-91ced867ec48 as the min replicated index is 4. Deletion is not allowed in this container yet.
2019-10-23 22:39:36,004 [EventQueue-ContainerReportForContainerReportHandler] WARN  container.ContainerReportHandler (AbstractContainerReportHandler.java:updateContainerState(145)) - Container #1 is in OPEN state, but the datanode 2f4845be-2264-4a1a-8a27-f958336e1da9{ip: 192.168.157.195, host: pr-hdds-2311-7bgld-1842715332, networkLocation: /default-rack, certSerialId: null} reports an CLOSED replica.
2019-10-23 22:39:36,279 [EventQueue-ContainerReportForContainerReportHandler] WARN  container.ContainerReportHandler (AbstractContainerReportHandler.java:updateContainerState(145)) - Container #1 is in OPEN state, but the datanode 15de30e0-32e7-4789-867b-8c05fd0bfca2{ip: 192.168.157.195, host: pr-hdds-2311-7bgld-1842715332, networkLocation: /default-rack, certSerialId: null} reports an CLOSED replica.
2019-10-23 22:39:36,303 [EventQueue-ContainerReportForContainerReportHandler] WARN  container.ContainerReportHandler (AbstractContainerReportHandler.java:updateContainerState(145)) - Container #1 is in OPEN state, but the datanode 2f4845be-2264-4a1a-8a27-f958336e1da9{ip: 192.168.157.195, host: pr-hdds-2311-7bgld-1842715332, networkLocation: /default-rack, certSerialId: null} reports an CLOSED replica.
2019-10-23 22:39:36,479 [EventQueue-ContainerReportForContainerReportHandler] WARN  container.ContainerReportHandler (AbstractContainerReportHandler.java:updateContainerState(145)) - Container #1 is in OPEN state, but the datanode 15de30e0-32e7-4789-867b-8c05fd0bfca2{ip: 192.168.157.195, host: pr-hdds-2311-7bgld-1842715332, networkLocation: /default-rack, certSerialId: null} reports an CLOSED replica.
2019-10-23 22:39:36,504 [EventQueue-ContainerReportForContainerReportHandler] WARN  container.ContainerReportHandler (AbstractContainerReportHandler.java:updateContainerState(145)) - Container #1 is in OPEN state, but the datanode 2f4845be-2264-4a1a-8a27-f958336e1da9{ip: 192.168.157.195, host: pr-hdds-2311-7bgld-1842715332, networkLocation: /default-rack, certSerialId: null} reports an CLOSED replica.
2019-10-23 22:39:36,584 [Thread-462] INFO  client.GrpcClientProtocolService (GrpcClientProtocolService.java:lambda$processClientRequest$0(278)) - Failed RaftClientRequest:client-A571C4F32A47->15de30e0-32e7-4789-867b-8c05fd0bfca2@group-91CED867EC48, cid=10, seq=0, Watch-ALL_COMMITTED(6), Message:<EMPTY>, reply=RaftClientReply:client-A571C4F32A47->15de30e0-32e7-4789-867b-8c05fd0bfca2@group-91CED867EC48, cid=10, FAILED org.apache.ratis.protocol.NotReplicatedException: Request with call Id 10 and log index 6 is not yet replicated to ALL_COMMITTED, logIndex=6, commits[15de30e0-32e7-4789-867b-8c05fd0bfca2:c10, 0cd5f69f-229b-4e24-9dce-31aad898d52d:c4, 2f4845be-2264-4a1a-8a27-f958336e1da9:c10]
2019-10-23 22:39:36,779 [EventQueue-ContainerReportForContainerReportHandler] WARN  container.ContainerReportHandler (AbstractContainerReportHandler.java:updateContainerState(145)) - Container #1 is in OPEN state, but the datanode 15de30e0-32e7-4789-867b-8c05fd0bfca2{ip: 192.168.157.195, host: pr-hdds-2311-7bgld-1842715332, networkLocation: /default-rack, certSerialId: null} reports an CLOSED replica.
2019-10-23 22:39:36,798 [java.util.concurrent.ThreadPoolExecutor$Worker@6cbe33e6[State = -1, empty queue]] WARN  server.GrpcLogAppender (GrpcLogAppender.java:timeoutAppendRequest(209)) - 15de30e0-32e7-4789-867b-8c05fd0bfca2@group-91CED867EC48->0cd5f69f-229b-4e24-9dce-31aad898d52d-GrpcLogAppender: appendEntries Timeout, request=15de30e0-32e7-4789-867b-8c05fd0bfca2->0cd5f69f-229b-4e24-9dce-31aad898d52d#43-t1, previous=(t:1, i:10), leaderCommit=10, initializing? false, entries: <empty>
2019-10-23 22:39:36,905 [EventQueue-ContainerReportForContainerReportHandler] WARN  container.ContainerReportHandler (AbstractContainerReportHandler.java:updateContainerState(145)) - Container #1 is in OPEN state, but the datanode 2f4845be-2264-4a1a-8a27-f958336e1da9{ip: 192.168.157.195, host: pr-hdds-2311-7bgld-1842715332, networkLocation: /default-rack, certSerialId: null} reports an CLOSED replica.
2019-10-23 22:39:36,988 [BlockDeletingService#2] WARN  background.BlockDeletingService (BlockDeletingService.java:isDeletionAllowed(187)) - Close Container log Index 6 is not replicated across allthe servers in the pipeline a9317f84-3083-4a94-a1f5-91ced867ec48 as the min replicated index is 4. Deletion is not allowed in this container yet.
2019-10-23 22:39:36,988 [BlockDeletingService#0] WARN  background.BlockDeletingService (BlockDeletingService.java:isDeletionAllowed(187)) - Close Container log Index 6 is not replicated across allthe servers in the pipeline a9317f84-3083-4a94-a1f5-91ced867ec48 as the min replicated index is 4. Deletion is not allowed in this container yet.
2019-10-23 22:39:37,080 [EventQueue-ContainerReportForContainerReportHandler] WARN  container.ContainerReportHandler (AbstractContainerReportHandler.java:updateContainerState(145)) - Container #1 is in OPEN state, but the datanode 15de30e0-32e7-4789-867b-8c05fd0bfca2{ip: 192.168.157.195, host: pr-hdds-2311-7bgld-1842715332, networkLocation: /default-rack, certSerialId: null} reports an CLOSED replica.
2019-10-23 22:39:37,306 [EventQueue-ContainerReportForContainerReportHandler] WARN  container.ContainerReportHandler (AbstractContainerReportHandler.java:updateContainerState(145)) - Container #1 is in OPEN state, but the datanode 2f4845be-2264-4a1a-8a27-f958336e1da9{ip: 192.168.157.195, host: pr-hdds-2311-7bgld-1842715332, networkLocation: /default-rack, certSerialId: null} reports an CLOSED replica.
2019-10-23 22:39:37,380 [EventQueue-ContainerReportForContainerReportHandler] WARN  container.ContainerReportHandler (AbstractContainerReportHandler.java:updateContainerState(145)) - Container #1 is in OPEN state, but the datanode 15de30e0-32e7-4789-867b-8c05fd0bfca2{ip: 192.168.157.195, host: pr-hdds-2311-7bgld-1842715332, networkLocation: /default-rack, certSerialId: null} reports an CLOSED replica.
2019-10-23 22:39:37,507 [EventQueue-ContainerReportForContainerReportHandler] WARN  container.ContainerReportHandler (AbstractContainerReportHandler.java:updateContainerState(145)) - Container #1 is in OPEN state, but the datanode 2f4845be-2264-4a1a-8a27-f958336e1da9{ip: 192.168.157.195, host: pr-hdds-2311-7bgld-1842715332, networkLocation: /default-rack, certSerialId: null} reports an CLOSED replica.
2019-10-23 22:39:37,681 [EventQueue-ContainerReportForContainerReportHandler] WARN  container.ContainerReportHandler (AbstractContainerReportHandler.java:updateContainerState(145)) - Container #1 is in OPEN state, but the datanode 15de30e0-32e7-4789-867b-8c05fd0bfca2{ip: 192.168.157.195, host: pr-hdds-2311-7bgld-1842715332, networkLocation: /default-rack, certSerialId: null} reports an CLOSED replica.
2019-10-23 22:39:37,807 [EventQueue-ContainerReportForContainerReportHandler] WARN  container.ContainerReportHandler (AbstractContainerReportHandler.java:updateContainerState(145)) - Container #1 is in OPEN state, but the datanode 2f4845be-2264-4a1a-8a27-f958336e1da9{ip: 192.168.157.195, host: pr-hdds-2311-7bgld-1842715332, networkLocation: /default-rack, certSerialId: null} reports an CLOSED replica.
2019-10-23 22:39:37,990 [BlockDeletingService#0] WARN  background.BlockDeletingService (BlockDeletingService.java:isDeletionAllowed(187)) - Close Container log Index 6 is not replicated across allthe servers in the pipeline a9317f84-3083-4a94-a1f5-91ced867ec48 as the min replicated index is 4. Deletion is not allowed in this container yet.
2019-10-23 22:39:37,990 [BlockDeletingService#2] WARN  background.BlockDeletingService (BlockDeletingService.java:isDeletionAllowed(187)) - Close Container log Index 6 is not replicated across allthe servers in the pipeline a9317f84-3083-4a94-a1f5-91ced867ec48 as the min replicated index is 4. Deletion is not allowed in this container yet.
2019-10-23 22:39:38,080 [EventQueue-ContainerReportForContainerReportHandler] WARN  container.ContainerReportHandler (AbstractContainerReportHandler.java:updateContainerState(145)) - Container #1 is in OPEN state, but the datanode 15de30e0-32e7-4789-867b-8c05fd0bfca2{ip: 192.168.157.195, host: pr-hdds-2311-7bgld-1842715332, networkLocation: /default-rack, certSerialId: null} reports an CLOSED replica.
2019-10-23 22:39:38,210 [EventQueue-ContainerReportForContainerReportHandler] WARN  container.ContainerReportHandler (AbstractContainerReportHandler.java:updateContainerState(145)) - Container #1 is in OPEN state, but the datanode 2f4845be-2264-4a1a-8a27-f958336e1da9{ip: 192.168.157.195, host: pr-hdds-2311-7bgld-1842715332, networkLocation: /default-rack, certSerialId: null} reports an CLOSED replica.
2019-10-23 22:39:38,380 [EventQueue-ContainerReportForContainerReportHandler] WARN  container.ContainerReportHandler (AbstractContainerReportHandler.java:updateContainerState(145)) - Container #1 is in OPEN state, but the datanode 15de30e0-32e7-4789-867b-8c05fd0bfca2{ip: 192.168.157.195, host: pr-hdds-2311-7bgld-1842715332, networkLocation: /default-rack, certSerialId: null} reports an CLOSED replica.
2019-10-23 22:39:38,412 [EventQueue-ContainerReportForContainerReportHandler] WARN  container.ContainerReportHandler (AbstractContainerReportHandler.java:updateContainerState(145)) - Container #1 is in OPEN state, but the datanode 2f4845be-2264-4a1a-8a27-f958336e1da9{ip: 192.168.157.195, host: pr-hdds-2311-7bgld-1842715332, networkLocation: /default-rack, certSerialId: null} reports an CLOSED replica.
2019-10-23 22:39:38,580 [EventQueue-ContainerReportForContainerReportHandler] WARN  container.ContainerReportHandler (AbstractContainerReportHandler.java:updateContainerState(145)) - Container #1 is in OPEN state, but the datanode 15de30e0-32e7-4789-867b-8c05fd0bfca2{ip: 192.168.157.195, host: pr-hdds-2311-7bgld-1842715332, networkLocation: /default-rack, certSerialId: null} reports an CLOSED replica.
2019-10-23 22:39:38,612 [EventQueue-ContainerReportForContainerReportHandler] WARN  container.ContainerReportHandler (AbstractContainerReportHandler.java:updateContainerState(145)) - Container #1 is in OPEN state, but the datanode 2f4845be-2264-4a1a-8a27-f958336e1da9{ip: 192.168.157.195, host: pr-hdds-2311-7bgld-1842715332, networkLocation: /default-rack, certSerialId: null} reports an CLOSED replica.
2019-10-23 22:39:38,880 [EventQueue-ContainerReportForContainerReportHandler] WARN  container.ContainerReportHandler (AbstractContainerReportHandler.java:updateContainerState(145)) - Container #1 is in OPEN state, but the datanode 15de30e0-32e7-4789-867b-8c05fd0bfca2{ip: 192.168.157.195, host: pr-hdds-2311-7bgld-1842715332, networkLocation: /default-rack, certSerialId: null} reports an CLOSED replica.
2019-10-23 22:39:38,914 [EventQueue-ContainerReportForContainerReportHandler] WARN  container.ContainerReportHandler (AbstractContainerReportHandler.java:updateContainerState(145)) - Container #1 is in OPEN state, but the datanode 2f4845be-2264-4a1a-8a27-f958336e1da9{ip: 192.168.157.195, host: pr-hdds-2311-7bgld-1842715332, networkLocation: /default-rack, certSerialId: null} reports an CLOSED replica.
2019-10-23 22:39:38,993 [BlockDeletingService#2] WARN  background.BlockDeletingService (BlockDeletingService.java:isDeletionAllowed(187)) - Close Container log Index 6 is not replicated across allthe servers in the pipeline a9317f84-3083-4a94-a1f5-91ced867ec48 as the min replicated index is 4. Deletion is not allowed in this container yet.
2019-10-23 22:39:38,993 [BlockDeletingService#0] WARN  background.BlockDeletingService (BlockDeletingService.java:isDeletionAllowed(187)) - Close Container log Index 6 is not replicated across allthe servers in the pipeline a9317f84-3083-4a94-a1f5-91ced867ec48 as the min replicated index is 4. Deletion is not allowed in this container yet.
2019-10-23 22:39:39,081 [EventQueue-ContainerReportForContainerReportHandler] WARN  container.ContainerReportHandler (AbstractContainerReportHandler.java:updateContainerState(145)) - Container #1 is in OPEN state, but the datanode 15de30e0-32e7-4789-867b-8c05fd0bfca2{ip: 192.168.157.195, host: pr-hdds-2311-7bgld-1842715332, networkLocation: /default-rack, certSerialId: null} reports an CLOSED replica.
2019-10-23 22:39:39,213 [EventQueue-ContainerReportForContainerReportHandler] WARN  container.ContainerReportHandler (AbstractContainerReportHandler.java:updateContainerState(145)) - Container #1 is in OPEN state, but the datanode 2f4845be-2264-4a1a-8a27-f958336e1da9{ip: 192.168.157.195, host: pr-hdds-2311-7bgld-1842715332, networkLocation: /default-rack, certSerialId: null} reports an CLOSED replica.
2019-10-23 22:39:39,301 [java.util.concurrent.ThreadPoolExecutor$Worker@6cbe33e6[State = -1, empty queue]] WARN  server.GrpcLogAppender (GrpcLogAppender.java:timeoutAppendRequest(209)) - 15de30e0-32e7-4789-867b-8c05fd0bfca2@group-91CED867EC48->0cd5f69f-229b-4e24-9dce-31aad898d52d-GrpcLogAppender: appendEntries Timeout, request=15de30e0-32e7-4789-867b-8c05fd0bfca2->0cd5f69f-229b-4e24-9dce-31aad898d52d#44-t1, previous=(t:1, i:10), leaderCommit=10, initializing? false, entries: <empty>
2019-10-23 22:39:39,381 [EventQueue-ContainerReportForContainerReportHandler] WARN  container.ContainerReportHandler (AbstractContainerReportHandler.java:updateContainerState(145)) - Container #1 is in OPEN state, but the datanode 15de30e0-32e7-4789-867b-8c05fd0bfca2{ip: 192.168.157.195, host: pr-hdds-2311-7bgld-1842715332, networkLocation: /default-rack, certSerialId: null} reports an CLOSED replica.
2019-10-23 22:39:39,414 [EventQueue-ContainerReportForContainerReportHandler] WARN  container.ContainerReportHandler (AbstractContainerReportHandler.java:updateContainerState(145)) - Container #1 is in OPEN state, but the datanode 2f4845be-2264-4a1a-8a27-f958336e1da9{ip: 192.168.157.195, host: pr-hdds-2311-7bgld-1842715332, networkLocation: /default-rack, certSerialId: null} reports an CLOSED replica.
2019-10-23 22:39:39,780 [EventQueue-ContainerReportForContainerReportHandler] WARN  container.ContainerReportHandler (AbstractContainerReportHandler.java:updateContainerState(145)) - Container #1 is in OPEN state, but the datanode 15de30e0-32e7-4789-867b-8c05fd0bfca2{ip: 192.168.157.195, host: pr-hdds-2311-7bgld-1842715332, networkLocation: /default-rack, certSerialId: null} reports an CLOSED replica.
2019-10-23 22:39:39,815 [EventQueue-ContainerReportForContainerReportHandler] WARN  container.ContainerReportHandler (AbstractContainerReportHandler.java:updateContainerState(145)) - Container #1 is in OPEN state, but the datanode 2f4845be-2264-4a1a-8a27-f958336e1da9{ip: 192.168.157.195, host: pr-hdds-2311-7bgld-1842715332, networkLocation: /default-rack, certSerialId: null} reports an CLOSED replica.
2019-10-23 22:39:39,980 [EventQueue-ContainerReportForContainerReportHandler] WARN  container.ContainerReportHandler (AbstractContainerReportHandler.java:updateContainerState(145)) - Container #1 is in OPEN state, but the datanode 15de30e0-32e7-4789-867b-8c05fd0bfca2{ip: 192.168.157.195, host: pr-hdds-2311-7bgld-1842715332, networkLocation: /default-rack, certSerialId: null} reports an CLOSED replica.
2019-10-23 22:39:39,994 [BlockDeletingService#2] WARN  background.BlockDeletingService (BlockDeletingService.java:isDeletionAllowed(187)) - Close Container log Index 6 is not replicated across allthe servers in the pipeline a9317f84-3083-4a94-a1f5-91ced867ec48 as the min replicated index is 4. Deletion is not allowed in this container yet.
2019-10-23 22:39:39,994 [BlockDeletingService#0] WARN  background.BlockDeletingService (BlockDeletingService.java:isDeletionAllowed(187)) - Close Container log Index 6 is not replicated across allthe servers in the pipeline a9317f84-3083-4a94-a1f5-91ced867ec48 as the min replicated index is 4. Deletion is not allowed in this container yet.
2019-10-23 22:39:40,015 [EventQueue-ContainerReportForContainerReportHandler] WARN  container.ContainerReportHandler (AbstractContainerReportHandler.java:updateContainerState(145)) - Container #1 is in OPEN state, but the datanode 2f4845be-2264-4a1a-8a27-f958336e1da9{ip: 192.168.157.195, host: pr-hdds-2311-7bgld-1842715332, networkLocation: /default-rack, certSerialId: null} reports an CLOSED replica.
2019-10-23 22:39:40,215 [EventQueue-ContainerReportForContainerReportHandler] WARN  container.ContainerReportHandler (AbstractContainerReportHandler.java:updateContainerState(145)) - Container #1 is in OPEN state, but the datanode 2f4845be-2264-4a1a-8a27-f958336e1da9{ip: 192.168.157.195, host: pr-hdds-2311-7bgld-1842715332, networkLocation: /default-rack, certSerialId: null} reports an CLOSED replica.
2019-10-23 22:39:40,280 [EventQueue-ContainerReportForContainerReportHandler] WARN  container.ContainerReportHandler (AbstractContainerReportHandler.java:updateContainerState(145)) - Container #1 is in OPEN state, but the datanode 15de30e0-32e7-4789-867b-8c05fd0bfca2{ip: 192.168.157.195, host: pr-hdds-2311-7bgld-1842715332, networkLocation: /default-rack, certSerialId: null} reports an CLOSED replica.
2019-10-23 22:39:40,515 [EventQueue-ContainerReportForContainerReportHandler] WARN  container.ContainerReportHandler (AbstractContainerReportHandler.java:updateContainerState(145)) - Container #1 is in OPEN state, but the datanode 2f4845be-2264-4a1a-8a27-f958336e1da9{ip: 192.168.157.195, host: pr-hdds-2311-7bgld-1842715332, networkLocation: /default-rack, certSerialId: null} reports an CLOSED replica.
2019-10-23 22:39:40,580 [EventQueue-ContainerReportForContainerReportHandler] WARN  container.ContainerReportHandler (AbstractContainerReportHandler.java:updateContainerState(145)) - Container #1 is in OPEN state, but the datanode 15de30e0-32e7-4789-867b-8c05fd0bfca2{ip: 192.168.157.195, host: pr-hdds-2311-7bgld-1842715332, networkLocation: /default-rack, certSerialId: null} reports an CLOSED replica.
2019-10-23 22:39:40,780 [EventQueue-ContainerReportForContainerReportHandler] WARN  container.ContainerReportHandler (AbstractContainerReportHandler.java:updateContainerState(145)) - Container #1 is in OPEN state, but the datanode 15de30e0-32e7-4789-867b-8c05fd0bfca2{ip: 192.168.157.195, host: pr-hdds-2311-7bgld-1842715332, networkLocation: /default-rack, certSerialId: null} reports an CLOSED replica.
2019-10-23 22:39:40,815 [EventQueue-ContainerReportForContainerReportHandler] WARN  container.ContainerReportHandler (AbstractContainerReportHandler.java:updateContainerState(145)) - Container #1 is in OPEN state, but the datanode 2f4845be-2264-4a1a-8a27-f958336e1da9{ip: 192.168.157.195, host: pr-hdds-2311-7bgld-1842715332, networkLocation: /default-rack, certSerialId: null} reports an CLOSED replica.
2019-10-23 22:39:40,996 [BlockDeletingService#0] WARN  background.BlockDeletingService (BlockDeletingService.java:isDeletionAllowed(187)) - Close Container log Index 6 is not replicated across allthe servers in the pipeline a9317f84-3083-4a94-a1f5-91ced867ec48 as the min replicated index is 4. Deletion is not allowed in this container yet.
2019-10-23 22:39:40,996 [BlockDeletingService#2] WARN  background.BlockDeletingService (BlockDeletingService.java:isDeletionAllowed(187)) - Close Container log Index 6 is not replicated across allthe servers in the pipeline a9317f84-3083-4a94-a1f5-91ced867ec48 as the min replicated index is 4. Deletion is not allowed in this container yet.
2019-10-23 22:39:41,082 [EventQueue-ContainerReportForContainerReportHandler] WARN  container.ContainerReportHandler (AbstractContainerReportHandler.java:updateContainerState(145)) - Container #1 is in OPEN state, but the datanode 15de30e0-32e7-4789-867b-8c05fd0bfca2{ip: 192.168.157.195, host: pr-hdds-2311-7bgld-1842715332, networkLocation: /default-rack, certSerialId: null} reports an CLOSED replica.
2019-10-23 22:39:41,215 [EventQueue-ContainerReportForContainerReportHandler] WARN  container.ContainerReportHandler (AbstractContainerReportHandler.java:updateContainerState(145)) - Container #1 is in OPEN state, but the datanode 2f4845be-2264-4a1a-8a27-f958336e1da9{ip: 192.168.157.195, host: pr-hdds-2311-7bgld-1842715332, networkLocation: /default-rack, certSerialId: null} reports an CLOSED replica.
2019-10-23 22:39:41,281 [EventQueue-ContainerReportForContainerReportHandler] WARN  container.ContainerReportHandler (AbstractContainerReportHandler.java:updateContainerState(145)) - Container #1 is in OPEN state, but the datanode 15de30e0-32e7-4789-867b-8c05fd0bfca2{ip: 192.168.157.195, host: pr-hdds-2311-7bgld-1842715332, networkLocation: /default-rack, certSerialId: null} reports an CLOSED replica.
2019-10-23 22:39:41,515 [EventQueue-ContainerReportForContainerReportHandler] WARN  container.ContainerReportHandler (AbstractContainerReportHandler.java:updateContainerState(145)) - Container #1 is in OPEN state, but the datanode 2f4845be-2264-4a1a-8a27-f958336e1da9{ip: 192.168.157.195, host: pr-hdds-2311-7bgld-1842715332, networkLocation: /default-rack, certSerialId: null} reports an CLOSED replica.
2019-10-23 22:39:41,681 [EventQueue-ContainerReportForContainerReportHandler] WARN  container.ContainerReportHandler (AbstractContainerReportHandler.java:updateContainerState(145)) - Container #1 is in OPEN state, but the datanode 15de30e0-32e7-4789-867b-8c05fd0bfca2{ip: 192.168.157.195, host: pr-hdds-2311-7bgld-1842715332, networkLocation: /default-rack, certSerialId: null} reports an CLOSED replica.
2019-10-23 22:39:41,803 [java.util.concurrent.ThreadPoolExecutor$Worker@6cbe33e6[State = -1, empty queue]] WARN  server.GrpcLogAppender (GrpcLogAppender.java:timeoutAppendRequest(209)) - 15de30e0-32e7-4789-867b-8c05fd0bfca2@group-91CED867EC48->0cd5f69f-229b-4e24-9dce-31aad898d52d-GrpcLogAppender: appendEntries Timeout, request=15de30e0-32e7-4789-867b-8c05fd0bfca2->0cd5f69f-229b-4e24-9dce-31aad898d52d#45-t1, previous=(t:1, i:10), leaderCommit=10, initializing? false, entries: <empty>
2019-10-23 22:39:41,816 [EventQueue-ContainerReportForContainerReportHandler] WARN  container.ContainerReportHandler (AbstractContainerReportHandler.java:updateContainerState(145)) - Container #1 is in OPEN state, but the datanode 2f4845be-2264-4a1a-8a27-f958336e1da9{ip: 192.168.157.195, host: pr-hdds-2311-7bgld-1842715332, networkLocation: /default-rack, certSerialId: null} reports an CLOSED replica.
2019-10-23 22:39:41,999 [BlockDeletingService#0] WARN  background.BlockDeletingService (BlockDeletingService.java:isDeletionAllowed(187)) - Close Container log Index 6 is not replicated across allthe servers in the pipeline a9317f84-3083-4a94-a1f5-91ced867ec48 as the min replicated index is 4. Deletion is not allowed in this container yet.
2019-10-23 22:39:41,999 [BlockDeletingService#2] WARN  background.BlockDeletingService (BlockDeletingService.java:isDeletionAllowed(187)) - Close Container log Index 6 is not replicated across allthe servers in the pipeline a9317f84-3083-4a94-a1f5-91ced867ec48 as the min replicated index is 4. Deletion is not allowed in this container yet.
2019-10-23 22:39:42,015 [EventQueue-ContainerReportForContainerReportHandler] WARN  container.ContainerReportHandler (AbstractContainerReportHandler.java:updateContainerState(145)) - Container #1 is in OPEN state, but the datanode 2f4845be-2264-4a1a-8a27-f958336e1da9{ip: 192.168.157.195, host: pr-hdds-2311-7bgld-1842715332, networkLocation: /default-rack, certSerialId: null} reports an CLOSED replica.
2019-10-23 22:39:42,081 [EventQueue-ContainerReportForContainerReportHandler] WARN  container.ContainerReportHandler (AbstractContainerReportHandler.java:updateContainerState(145)) - Container #1 is in OPEN state, but the datanode 15de30e0-32e7-4789-867b-8c05fd0bfca2{ip: 192.168.157.195, host: pr-hdds-2311-7bgld-1842715332, networkLocation: /default-rack, certSerialId: null} reports an CLOSED replica.
2019-10-23 22:39:42,382 [EventQueue-ContainerReportForContainerReportHandler] WARN  container.ContainerReportHandler (AbstractContainerReportHandler.java:updateContainerState(145)) - Container #1 is in OPEN state, but the datanode 15de30e0-32e7-4789-867b-8c05fd0bfca2{ip: 192.168.157.195, host: pr-hdds-2311-7bgld-1842715332, networkLocation: /default-rack, certSerialId: null} reports an CLOSED replica.
2019-10-23 22:39:42,415 [EventQueue-ContainerReportForContainerReportHandler] WARN  container.ContainerReportHandler (AbstractContainerReportHandler.java:updateContainerState(145)) - Container #1 is in OPEN state, but the datanode 2f4845be-2264-4a1a-8a27-f958336e1da9{ip: 192.168.157.195, host: pr-hdds-2311-7bgld-1842715332, networkLocation: /default-rack, certSerialId: null} reports an CLOSED replica.
2019-10-23 22:39:42,683 [EventQueue-ContainerReportForContainerReportHandler] WARN  container.ContainerReportHandler (AbstractContainerReportHandler.java:updateContainerState(145)) - Container #1 is in OPEN state, but the datanode 15de30e0-32e7-4789-867b-8c05fd0bfca2{ip: 192.168.157.195, host: pr-hdds-2311-7bgld-1842715332, networkLocation: /default-rack, certSerialId: null} reports an CLOSED replica.
2019-10-23 22:39:42,815 [EventQueue-ContainerReportForContainerReportHandler] WARN  container.ContainerReportHandler (AbstractContainerReportHandler.java:updateContainerState(145)) - Container #1 is in OPEN state, but the datanode 2f4845be-2264-4a1a-8a27-f958336e1da9{ip: 192.168.157.195, host: pr-hdds-2311-7bgld-1842715332, networkLocation: /default-rack, certSerialId: null} reports an CLOSED replica.
2019-10-23 22:39:42,882 [EventQueue-ContainerReportForContainerReportHandler] WARN  container.ContainerReportHandler (AbstractContainerReportHandler.java:updateContainerState(145)) - Container #1 is in OPEN state, but the datanode 15de30e0-32e7-4789-867b-8c05fd0bfca2{ip: 192.168.157.195, host: pr-hdds-2311-7bgld-1842715332, networkLocation: /default-rack, certSerialId: null} reports an CLOSED replica.
2019-10-23 22:39:43,001 [BlockDeletingService#0] WARN  background.BlockDeletingService (BlockDeletingService.java:isDeletionAllowed(187)) - Close Container log Index 6 is not replicated across allthe servers in the pipeline a9317f84-3083-4a94-a1f5-91ced867ec48 as the min replicated index is 4. Deletion is not allowed in this container yet.
2019-10-23 22:39:43,001 [BlockDeletingService#2] WARN  background.BlockDeletingService (BlockDeletingService.java:isDeletionAllowed(187)) - Close Container log Index 6 is not replicated across allthe servers in the pipeline a9317f84-3083-4a94-a1f5-91ced867ec48 as the min replicated index is 4. Deletion is not allowed in this container yet.
2019-10-23 22:39:43,016 [EventQueue-ContainerReportForContainerReportHandler] WARN  container.ContainerReportHandler (AbstractContainerReportHandler.java:updateContainerState(145)) - Container #1 is in OPEN state, but the datanode 2f4845be-2264-4a1a-8a27-f958336e1da9{ip: 192.168.157.195, host: pr-hdds-2311-7bgld-1842715332, networkLocation: /default-rack, certSerialId: null} reports an CLOSED replica.
2019-10-23 22:39:43,083 [EventQueue-ContainerReportForContainerReportHandler] WARN  container.ContainerReportHandler (AbstractContainerReportHandler.java:updateContainerState(145)) - Container #1 is in OPEN state, but the datanode 15de30e0-32e7-4789-867b-8c05fd0bfca2{ip: 192.168.157.195, host: pr-hdds-2311-7bgld-1842715332, networkLocation: /default-rack, certSerialId: null} reports an CLOSED replica.
2019-10-23 22:39:43,283 [EventQueue-ContainerReportForContainerReportHandler] WARN  container.ContainerReportHandler (AbstractContainerReportHandler.java:updateContainerState(145)) - Container #1 is in OPEN state, but the datanode 15de30e0-32e7-4789-867b-8c05fd0bfca2{ip: 192.168.157.195, host: pr-hdds-2311-7bgld-1842715332, networkLocation: /default-rack, certSerialId: null} reports an CLOSED replica.
2019-10-23 22:39:43,316 [EventQueue-ContainerReportForContainerReportHandler] WARN  container.ContainerReportHandler (AbstractContainerReportHandler.java:updateContainerState(145)) - Container #1 is in OPEN state, but the datanode 2f4845be-2264-4a1a-8a27-f958336e1da9{ip: 192.168.157.195, host: pr-hdds-2311-7bgld-1842715332, networkLocation: /default-rack, certSerialId: null} reports an CLOSED replica.
2019-10-23 22:39:43,516 [EventQueue-ContainerReportForContainerReportHandler] WARN  container.ContainerReportHandler (AbstractContainerReportHandler.java:updateContainerState(145)) - Container #1 is in OPEN state, but the datanode 2f4845be-2264-4a1a-8a27-f958336e1da9{ip: 192.168.157.195, host: pr-hdds-2311-7bgld-1842715332, networkLocation: /default-rack, certSerialId: null} reports an CLOSED replica.
2019-10-23 22:39:43,583 [EventQueue-ContainerReportForContainerReportHandler] WARN  container.ContainerReportHandler (AbstractContainerReportHandler.java:updateContainerState(145)) - Container #1 is in OPEN state, but the datanode 15de30e0-32e7-4789-867b-8c05fd0bfca2{ip: 192.168.157.195, host: pr-hdds-2311-7bgld-1842715332, networkLocation: /default-rack, certSerialId: null} reports an CLOSED replica.
2019-10-23 22:39:43,883 [EventQueue-ContainerReportForContainerReportHandler] WARN  container.ContainerReportHandler (AbstractContainerReportHandler.java:updateContainerState(145)) - Container #1 is in OPEN state, but the datanode 15de30e0-32e7-4789-867b-8c05fd0bfca2{ip: 192.168.157.195, host: pr-hdds-2311-7bgld-1842715332, networkLocation: /default-rack, certSerialId: null} reports an CLOSED replica.
2019-10-23 22:39:43,916 [EventQueue-ContainerReportForContainerReportHandler] WARN  container.ContainerReportHandler (AbstractContainerReportHandler.java:updateContainerState(145)) - Container #1 is in OPEN state, but the datanode 2f4845be-2264-4a1a-8a27-f958336e1da9{ip: 192.168.157.195, host: pr-hdds-2311-7bgld-1842715332, networkLocation: /default-rack, certSerialId: null} reports an CLOSED replica.
2019-10-23 22:39:44,003 [BlockDeletingService#0] WARN  background.BlockDeletingService (BlockDeletingService.java:isDeletionAllowed(187)) - Close Container log Index 6 is not replicated across allthe servers in the pipeline a9317f84-3083-4a94-a1f5-91ced867ec48 as the min replicated index is 4. Deletion is not allowed in this container yet.
2019-10-23 22:39:44,003 [BlockDeletingService#2] WARN  background.BlockDeletingService (BlockDeletingService.java:isDeletionAllowed(187)) - Close Container log Index 6 is not replicated across allthe servers in the pipeline a9317f84-3083-4a94-a1f5-91ced867ec48 as the min replicated index is 4. Deletion is not allowed in this container yet.
2019-10-23 22:39:44,183 [EventQueue-ContainerReportForContainerReportHandler] WARN  container.ContainerReportHandler (AbstractContainerReportHandler.java:updateContainerState(145)) - Container #1 is in OPEN state, but the datanode 15de30e0-32e7-4789-867b-8c05fd0bfca2{ip: 192.168.157.195, host: pr-hdds-2311-7bgld-1842715332, networkLocation: /default-rack, certSerialId: null} reports an CLOSED replica.
2019-10-23 22:39:44,217 [EventQueue-ContainerReportForContainerReportHandler] WARN  container.ContainerReportHandler (AbstractContainerReportHandler.java:updateContainerState(145)) - Container #1 is in OPEN state, but the datanode 2f4845be-2264-4a1a-8a27-f958336e1da9{ip: 192.168.157.195, host: pr-hdds-2311-7bgld-1842715332, networkLocation: /default-rack, certSerialId: null} reports an CLOSED replica.
2019-10-23 22:39:44,304 [java.util.concurrent.ThreadPoolExecutor$Worker@6cbe33e6[State = -1, empty queue]] WARN  server.GrpcLogAppender (GrpcLogAppender.java:timeoutAppendRequest(209)) - 15de30e0-32e7-4789-867b-8c05fd0bfca2@group-91CED867EC48->0cd5f69f-229b-4e24-9dce-31aad898d52d-GrpcLogAppender: appendEntries Timeout, request=15de30e0-32e7-4789-867b-8c05fd0bfca2->0cd5f69f-229b-4e24-9dce-31aad898d52d#46-t1, previous=(t:1, i:10), leaderCommit=10, initializing? false, entries: <empty>
2019-10-23 22:39:44,483 [EventQueue-ContainerReportForContainerReportHandler] WARN  container.ContainerReportHandler (AbstractContainerReportHandler.java:updateContainerState(145)) - Container #1 is in OPEN state, but the datanode 15de30e0-32e7-4789-867b-8c05fd0bfca2{ip: 192.168.157.195, host: pr-hdds-2311-7bgld-1842715332, networkLocation: /default-rack, certSerialId: null} reports an CLOSED replica.
2019-10-23 22:39:44,620 [EventQueue-ContainerReportForContainerReportHandler] WARN  container.ContainerReportHandler (AbstractContainerReportHandler.java:updateContainerState(145)) - Container #1 is in OPEN state, but the datanode 2f4845be-2264-4a1a-8a27-f958336e1da9{ip: 192.168.157.195, host: pr-hdds-2311-7bgld-1842715332, networkLocation: /default-rack, certSerialId: null} reports an CLOSED replica.
2019-10-23 22:39:44,683 [EventQueue-ContainerReportForContainerReportHandler] WARN  container.ContainerReportHandler (AbstractContainerReportHandler.java:updateContainerState(145)) - Container #1 is in OPEN state, but the datanode 15de30e0-32e7-4789-867b-8c05fd0bfca2{ip: 192.168.157.195, host: pr-hdds-2311-7bgld-1842715332, networkLocation: /default-rack, certSerialId: null} reports an CLOSED replica.
2019-10-23 22:39:44,920 [EventQueue-ContainerReportForContainerReportHandler] WARN  container.ContainerReportHandler (AbstractContainerReportHandler.java:updateContainerState(145)) - Container #1 is in OPEN state, but the datanode 2f4845be-2264-4a1a-8a27-f958336e1da9{ip: 192.168.157.195, host: pr-hdds-2311-7bgld-1842715332, networkLocation: /default-rack, certSerialId: null} reports an CLOSED replica.
2019-10-23 22:39:44,968 [Thread-486] INFO  client.GrpcClientProtocolService (GrpcClientProtocolService.java:lambda$processClientRequest$0(278)) - Failed RaftClientRequest:client-A571C4F32A47->2f4845be-2264-4a1a-8a27-f958336e1da9@group-91CED867EC48, cid=10, seq=0, Watch-ALL_COMMITTED(6), Message:<EMPTY>, reply=RaftClientReply:client-A571C4F32A47->2f4845be-2264-4a1a-8a27-f958336e1da9@group-91CED867EC48, cid=10, FAILED org.apache.ratis.protocol.NotLeaderException: Server 2f4845be-2264-4a1a-8a27-f958336e1da9@group-91CED867EC48 is not the leader 15de30e0-32e7-4789-867b-8c05fd0bfca2:192.168.157.195:43624, logIndex=0, commits[2f4845be-2264-4a1a-8a27-f958336e1da9:c10, 0cd5f69f-229b-4e24-9dce-31aad898d52d:c4, 15de30e0-32e7-4789-867b-8c05fd0bfca2:c10]
2019-10-23 22:39:44,984 [EventQueue-ContainerReportForContainerReportHandler] WARN  container.ContainerReportHandler (AbstractContainerReportHandler.java:updateContainerState(145)) - Container #1 is in OPEN state, but the datanode 15de30e0-32e7-4789-867b-8c05fd0bfca2{ip: 192.168.157.195, host: pr-hdds-2311-7bgld-1842715332, networkLocation: /default-rack, certSerialId: null} reports an CLOSED replica.
2019-10-23 22:39:45,004 [BlockDeletingService#0] WARN  background.BlockDeletingService (BlockDeletingService.java:isDeletionAllowed(187)) - Close Container log Index 6 is not replicated across allthe servers in the pipeline a9317f84-3083-4a94-a1f5-91ced867ec48 as the min replicated index is 4. Deletion is not allowed in this container yet.
2019-10-23 22:39:45,004 [BlockDeletingService#2] WARN  background.BlockDeletingService (BlockDeletingService.java:isDeletionAllowed(187)) - Close Container log Index 6 is not replicated across allthe servers in the pipeline a9317f84-3083-4a94-a1f5-91ced867ec48 as the min replicated index is 4. Deletion is not allowed in this container yet.
2019-10-23 22:39:45,284 [EventQueue-ContainerReportForContainerReportHandler] WARN  container.ContainerReportHandler (AbstractContainerReportHandler.java:updateContainerState(145)) - Container #1 is in OPEN state, but the datanode 15de30e0-32e7-4789-867b-8c05fd0bfca2{ip: 192.168.157.195, host: pr-hdds-2311-7bgld-1842715332, networkLocation: /default-rack, certSerialId: null} reports an CLOSED replica.
2019-10-23 22:39:45,320 [EventQueue-ContainerReportForContainerReportHandler] WARN  container.ContainerReportHandler (AbstractContainerReportHandler.java:updateContainerState(145)) - Container #1 is in OPEN state, but the datanode 2f4845be-2264-4a1a-8a27-f958336e1da9{ip: 192.168.157.195, host: pr-hdds-2311-7bgld-1842715332, networkLocation: /default-rack, certSerialId: null} reports an CLOSED replica.
2019-10-23 22:39:45,520 [EventQueue-ContainerReportForContainerReportHandler] WARN  container.ContainerReportHandler (AbstractContainerReportHandler.java:updateContainerState(145)) - Container #1 is in OPEN state, but the datanode 2f4845be-2264-4a1a-8a27-f958336e1da9{ip: 192.168.157.195, host: pr-hdds-2311-7bgld-1842715332, networkLocation: /default-rack, certSerialId: null} reports an CLOSED replica.
2019-10-23 22:39:45,584 [Thread-491] INFO  client.GrpcClientProtocolService (GrpcClientProtocolService.java:lambda$processClientRequest$0(278)) - Failed RaftClientRequest:client-A571C4F32A47->15de30e0-32e7-4789-867b-8c05fd0bfca2@group-91CED867EC48, cid=10, seq=0, Watch-ALL_COMMITTED(6), Message:<EMPTY>, reply=RaftClientReply:client-A571C4F32A47->15de30e0-32e7-4789-867b-8c05fd0bfca2@group-91CED867EC48, cid=10, FAILED org.apache.ratis.protocol.NotReplicatedException: Request with call Id 10 and log index 6 is not yet replicated to ALL_COMMITTED, logIndex=6, commits[15de30e0-32e7-4789-867b-8c05fd0bfca2:c10, 0cd5f69f-229b-4e24-9dce-31aad898d52d:c4, 2f4845be-2264-4a1a-8a27-f958336e1da9:c10]
2019-10-23 22:39:45,686 [EventQueue-ContainerReportForContainerReportHandler] WARN  container.ContainerReportHandler (AbstractContainerReportHandler.java:updateContainerState(145)) - Container #1 is in OPEN state, but the datanode 15de30e0-32e7-4789-867b-8c05fd0bfca2{ip: 192.168.157.195, host: pr-hdds-2311-7bgld-1842715332, networkLocation: /default-rack, certSerialId: null} reports an CLOSED replica.
2019-10-23 22:39:45,720 [EventQueue-ContainerReportForContainerReportHandler] WARN  container.ContainerReportHandler (AbstractContainerReportHandler.java:updateContainerState(145)) - Container #1 is in OPEN state, but the datanode 2f4845be-2264-4a1a-8a27-f958336e1da9{ip: 192.168.157.195, host: pr-hdds-2311-7bgld-1842715332, networkLocation: /default-rack, certSerialId: null} reports an CLOSED replica.
2019-10-23 22:39:45,887 [EventQueue-ContainerReportForContainerReportHandler] WARN  container.ContainerReportHandler (AbstractContainerReportHandler.java:updateContainerState(145)) - Container #1 is in OPEN state, but the datanode 15de30e0-32e7-4789-867b-8c05fd0bfca2{ip: 192.168.157.195, host: pr-hdds-2311-7bgld-1842715332, networkLocation: /default-rack, certSerialId: null} reports an CLOSED replica.
2019-10-23 22:39:46,007 [BlockDeletingService#0] WARN  background.BlockDeletingService (BlockDeletingService.java:isDeletionAllowed(187)) - Close Container log Index 6 is not replicated across allthe servers in the pipeline a9317f84-3083-4a94-a1f5-91ced867ec48 as the min replicated index is 4. Deletion is not allowed in this container yet.
2019-10-23 22:39:46,008 [BlockDeletingService#2] WARN  background.BlockDeletingService (BlockDeletingService.java:isDeletionAllowed(187)) - Close Container log Index 6 is not replicated across allthe servers in the pipeline a9317f84-3083-4a94-a1f5-91ced867ec48 as the min replicated index is 4. Deletion is not allowed in this container yet.
2019-10-23 22:39:46,020 [EventQueue-ContainerReportForContainerReportHandler] WARN  container.ContainerReportHandler (AbstractContainerReportHandler.java:updateContainerState(145)) - Container #1 is in OPEN state, but the datanode 2f4845be-2264-4a1a-8a27-f958336e1da9{ip: 192.168.157.195, host: pr-hdds-2311-7bgld-1842715332, networkLocation: /default-rack, certSerialId: null} reports an CLOSED replica.
2019-10-23 22:39:46,288 [EventQueue-ContainerReportForContainerReportHandler] WARN  container.ContainerReportHandler (AbstractContainerReportHandler.java:updateContainerState(145)) - Container #1 is in OPEN state, but the datanode 15de30e0-32e7-4789-867b-8c05fd0bfca2{ip: 192.168.157.195, host: pr-hdds-2311-7bgld-1842715332, networkLocation: /default-rack, certSerialId: null} reports an CLOSED replica.
2019-10-23 22:39:46,320 [EventQueue-ContainerReportForContainerReportHandler] WARN  container.ContainerReportHandler (AbstractContainerReportHandler.java:updateContainerState(145)) - Container #1 is in OPEN state, but the datanode 2f4845be-2264-4a1a-8a27-f958336e1da9{ip: 192.168.157.195, host: pr-hdds-2311-7bgld-1842715332, networkLocation: /default-rack, certSerialId: null} reports an CLOSED replica.
2019-10-23 22:39:46,488 [EventQueue-ContainerReportForContainerReportHandler] WARN  container.ContainerReportHandler (AbstractContainerReportHandler.java:updateContainerState(145)) - Container #1 is in OPEN state, but the datanode 15de30e0-32e7-4789-867b-8c05fd0bfca2{ip: 192.168.157.195, host: pr-hdds-2311-7bgld-1842715332, networkLocation: /default-rack, certSerialId: null} reports an CLOSED replica.
2019-10-23 22:39:46,720 [EventQueue-ContainerReportForContainerReportHandler] WARN  container.ContainerReportHandler (AbstractContainerReportHandler.java:updateContainerState(145)) - Container #1 is in OPEN state, but the datanode 2f4845be-2264-4a1a-8a27-f958336e1da9{ip: 192.168.157.195, host: pr-hdds-2311-7bgld-1842715332, networkLocation: /default-rack, certSerialId: null} reports an CLOSED replica.
2019-10-23 22:39:46,788 [EventQueue-ContainerReportForContainerReportHandler] WARN  container.ContainerReportHandler (AbstractContainerReportHandler.java:updateContainerState(145)) - Container #1 is in OPEN state, but the datanode 15de30e0-32e7-4789-867b-8c05fd0bfca2{ip: 192.168.157.195, host: pr-hdds-2311-7bgld-1842715332, networkLocation: /default-rack, certSerialId: null} reports an CLOSED replica.
2019-10-23 22:39:46,805 [java.util.concurrent.ThreadPoolExecutor$Worker@6cbe33e6[State = -1, empty queue]] WARN  server.GrpcLogAppender (GrpcLogAppender.java:timeoutAppendRequest(209)) - 15de30e0-32e7-4789-867b-8c05fd0bfca2@group-91CED867EC48->0cd5f69f-229b-4e24-9dce-31aad898d52d-GrpcLogAppender: appendEntries Timeout, request=15de30e0-32e7-4789-867b-8c05fd0bfca2->0cd5f69f-229b-4e24-9dce-31aad898d52d#47-t1, previous=(t:1, i:10), leaderCommit=10, initializing? false, entries: <empty>
2019-10-23 22:39:46,921 [EventQueue-ContainerReportForContainerReportHandler] WARN  container.ContainerReportHandler (AbstractContainerReportHandler.java:updateContainerState(145)) - Container #1 is in OPEN state, but the datanode 2f4845be-2264-4a1a-8a27-f958336e1da9{ip: 192.168.157.195, host: pr-hdds-2311-7bgld-1842715332, networkLocation: /default-rack, certSerialId: null} reports an CLOSED replica.
2019-10-23 22:39:47,011 [BlockDeletingService#0] WARN  background.BlockDeletingService (BlockDeletingService.java:isDeletionAllowed(187)) - Close Container log Index 6 is not replicated across allthe servers in the pipeline a9317f84-3083-4a94-a1f5-91ced867ec48 as the min replicated index is 4. Deletion is not allowed in this container yet.
2019-10-23 22:39:47,011 [BlockDeletingService#2] WARN  background.BlockDeletingService (BlockDeletingService.java:isDeletionAllowed(187)) - Close Container log Index 6 is not replicated across allthe servers in the pipeline a9317f84-3083-4a94-a1f5-91ced867ec48 as the min replicated index is 4. Deletion is not allowed in this container yet.
2019-10-23 22:39:47,090 [EventQueue-ContainerReportForContainerReportHandler] WARN  container.ContainerReportHandler (AbstractContainerReportHandler.java:updateContainerState(145)) - Container #1 is in OPEN state, but the datanode 15de30e0-32e7-4789-867b-8c05fd0bfca2{ip: 192.168.157.195, host: pr-hdds-2311-7bgld-1842715332, networkLocation: /default-rack, certSerialId: null} reports an CLOSED replica.
2019-10-23 22:39:47,220 [EventQueue-ContainerReportForContainerReportHandler] WARN  container.ContainerReportHandler (AbstractContainerReportHandler.java:updateContainerState(145)) - Container #1 is in OPEN state, but the datanode 2f4845be-2264-4a1a-8a27-f958336e1da9{ip: 192.168.157.195, host: pr-hdds-2311-7bgld-1842715332, networkLocation: /default-rack, certSerialId: null} reports an CLOSED replica.
2019-10-23 22:39:47,490 [EventQueue-ContainerReportForContainerReportHandler] WARN  container.ContainerReportHandler (AbstractContainerReportHandler.java:updateContainerState(145)) - Container #1 is in OPEN state, but the datanode 15de30e0-32e7-4789-867b-8c05fd0bfca2{ip: 192.168.157.195, host: pr-hdds-2311-7bgld-1842715332, networkLocation: /default-rack, certSerialId: null} reports an CLOSED replica.
2019-10-23 22:39:47,520 [EventQueue-ContainerReportForContainerReportHandler] WARN  container.ContainerReportHandler (AbstractContainerReportHandler.java:updateContainerState(145)) - Container #1 is in OPEN state, but the datanode 2f4845be-2264-4a1a-8a27-f958336e1da9{ip: 192.168.157.195, host: pr-hdds-2311-7bgld-1842715332, networkLocation: /default-rack, certSerialId: null} reports an CLOSED replica.
2019-10-23 22:39:47,790 [EventQueue-ContainerReportForContainerReportHandler] WARN  container.ContainerReportHandler (AbstractContainerReportHandler.java:updateContainerState(145)) - Container #1 is in OPEN state, but the datanode 15de30e0-32e7-4789-867b-8c05fd0bfca2{ip: 192.168.157.195, host: pr-hdds-2311-7bgld-1842715332, networkLocation: /default-rack, certSerialId: null} reports an CLOSED replica.
2019-10-23 22:39:47,920 [EventQueue-ContainerReportForContainerReportHandler] WARN  container.ContainerReportHandler (AbstractContainerReportHandler.java:updateContainerState(145)) - Container #1 is in OPEN state, but the datanode 2f4845be-2264-4a1a-8a27-f958336e1da9{ip: 192.168.157.195, host: pr-hdds-2311-7bgld-1842715332, networkLocation: /default-rack, certSerialId: null} reports an CLOSED replica.
2019-10-23 22:39:48,013 [BlockDeletingService#0] WARN  background.BlockDeletingService (BlockDeletingService.java:isDeletionAllowed(187)) - Close Container log Index 6 is not replicated across allthe servers in the pipeline a9317f84-3083-4a94-a1f5-91ced867ec48 as the min replicated index is 4. Deletion is not allowed in this container yet.
2019-10-23 22:39:48,013 [BlockDeletingService#2] WARN  background.BlockDeletingService (BlockDeletingService.java:isDeletionAllowed(187)) - Close Container log Index 6 is not replicated across allthe servers in the pipeline a9317f84-3083-4a94-a1f5-91ced867ec48 as the min replicated index is 4. Deletion is not allowed in this container yet.
2019-10-23 22:39:48,090 [EventQueue-ContainerReportForContainerReportHandler] WARN  container.ContainerReportHandler (AbstractContainerReportHandler.java:updateContainerState(145)) - Container #1 is in OPEN state, but the datanode 15de30e0-32e7-4789-867b-8c05fd0bfca2{ip: 192.168.157.195, host: pr-hdds-2311-7bgld-1842715332, networkLocation: /default-rack, certSerialId: null} reports an CLOSED replica.
2019-10-23 22:39:48,120 [EventQueue-ContainerReportForContainerReportHandler] WARN  container.ContainerReportHandler (AbstractContainerReportHandler.java:updateContainerState(145)) - Container #1 is in OPEN state, but the datanode 2f4845be-2264-4a1a-8a27-f958336e1da9{ip: 192.168.157.195, host: pr-hdds-2311-7bgld-1842715332, networkLocation: /default-rack, certSerialId: null} reports an CLOSED replica.
2019-10-23 22:39:48,393 [EventQueue-ContainerReportForContainerReportHandler] WARN  container.ContainerReportHandler (AbstractContainerReportHandler.java:updateContainerState(145)) - Container #1 is in OPEN state, but the datanode 15de30e0-32e7-4789-867b-8c05fd0bfca2{ip: 192.168.157.195, host: pr-hdds-2311-7bgld-1842715332, networkLocation: /default-rack, certSerialId: null} reports an CLOSED replica.
2019-10-23 22:39:48,521 [EventQueue-ContainerReportForContainerReportHandler] WARN  container.ContainerReportHandler (AbstractContainerReportHandler.java:updateContainerState(145)) - Container #1 is in OPEN state, but the datanode 2f4845be-2264-4a1a-8a27-f958336e1da9{ip: 192.168.157.195, host: pr-hdds-2311-7bgld-1842715332, networkLocation: /default-rack, certSerialId: null} reports an CLOSED replica.
2019-10-23 22:39:48,790 [EventQueue-ContainerReportForContainerReportHandler] WARN  container.ContainerReportHandler (AbstractContainerReportHandler.java:updateContainerState(145)) - Container #1 is in OPEN state, but the datanode 15de30e0-32e7-4789-867b-8c05fd0bfca2{ip: 192.168.157.195, host: pr-hdds-2311-7bgld-1842715332, networkLocation: /default-rack, certSerialId: null} reports an CLOSED replica.
2019-10-23 22:39:48,821 [EventQueue-ContainerReportForContainerReportHandler] WARN  container.ContainerReportHandler (AbstractContainerReportHandler.java:updateContainerState(145)) - Container #1 is in OPEN state, but the datanode 2f4845be-2264-4a1a-8a27-f958336e1da9{ip: 192.168.157.195, host: pr-hdds-2311-7bgld-1842715332, networkLocation: /default-rack, certSerialId: null} reports an CLOSED replica.
2019-10-23 22:39:49,015 [BlockDeletingService#2] WARN  background.BlockDeletingService (BlockDeletingService.java:isDeletionAllowed(187)) - Close Container log Index 6 is not replicated across allthe servers in the pipeline a9317f84-3083-4a94-a1f5-91ced867ec48 as the min replicated index is 4. Deletion is not allowed in this container yet.
2019-10-23 22:39:49,016 [BlockDeletingService#0] WARN  background.BlockDeletingService (BlockDeletingService.java:isDeletionAllowed(187)) - Close Container log Index 6 is not replicated across allthe servers in the pipeline a9317f84-3083-4a94-a1f5-91ced867ec48 as the min replicated index is 4. Deletion is not allowed in this container yet.
2019-10-23 22:39:49,090 [EventQueue-ContainerReportForContainerReportHandler] WARN  container.ContainerReportHandler (AbstractContainerReportHandler.java:updateContainerState(145)) - Container #1 is in OPEN state, but the datanode 15de30e0-32e7-4789-867b-8c05fd0bfca2{ip: 192.168.157.195, host: pr-hdds-2311-7bgld-1842715332, networkLocation: /default-rack, certSerialId: null} reports an CLOSED replica.
2019-10-23 22:39:49,121 [EventQueue-ContainerReportForContainerReportHandler] WARN  container.ContainerReportHandler (AbstractContainerReportHandler.java:updateContainerState(145)) - Container #1 is in OPEN state, but the datanode 2f4845be-2264-4a1a-8a27-f958336e1da9{ip: 192.168.157.195, host: pr-hdds-2311-7bgld-1842715332, networkLocation: /default-rack, certSerialId: null} reports an CLOSED replica.
2019-10-23 22:39:49,290 [EventQueue-ContainerReportForContainerReportHandler] WARN  container.ContainerReportHandler (AbstractContainerReportHandler.java:updateContainerState(145)) - Container #1 is in OPEN state, but the datanode 15de30e0-32e7-4789-867b-8c05fd0bfca2{ip: 192.168.157.195, host: pr-hdds-2311-7bgld-1842715332, networkLocation: /default-rack, certSerialId: null} reports an CLOSED replica.
2019-10-23 22:39:49,306 [java.util.concurrent.ThreadPoolExecutor$Worker@6cbe33e6[State = -1, empty queue]] WARN  server.GrpcLogAppender (GrpcLogAppender.java:timeoutAppendRequest(209)) - 15de30e0-32e7-4789-867b-8c05fd0bfca2@group-91CED867EC48->0cd5f69f-229b-4e24-9dce-31aad898d52d-GrpcLogAppender: appendEntries Timeout, request=15de30e0-32e7-4789-867b-8c05fd0bfca2->0cd5f69f-229b-4e24-9dce-31aad898d52d#48-t1, previous=(t:1, i:10), leaderCommit=10, initializing? false, entries: <empty>
2019-10-23 22:39:49,421 [EventQueue-ContainerReportForContainerReportHandler] WARN  container.ContainerReportHandler (AbstractContainerReportHandler.java:updateContainerState(145)) - Container #1 is in OPEN state, but the datanode 2f4845be-2264-4a1a-8a27-f958336e1da9{ip: 192.168.157.195, host: pr-hdds-2311-7bgld-1842715332, networkLocation: /default-rack, certSerialId: null} reports an CLOSED replica.
2019-10-23 22:39:49,590 [EventQueue-ContainerReportForContainerReportHandler] WARN  container.ContainerReportHandler (AbstractContainerReportHandler.java:updateContainerState(145)) - Container #1 is in OPEN state, but the datanode 15de30e0-32e7-4789-867b-8c05fd0bfca2{ip: 192.168.157.195, host: pr-hdds-2311-7bgld-1842715332, networkLocation: /default-rack, certSerialId: null} reports an CLOSED replica.
2019-10-23 22:39:49,790 [EventQueue-ContainerReportForContainerReportHandler] WARN  container.ContainerReportHandler (AbstractContainerReportHandler.java:updateContainerState(145)) - Container #1 is in OPEN state, but the datanode 15de30e0-32e7-4789-867b-8c05fd0bfca2{ip: 192.168.157.195, host: pr-hdds-2311-7bgld-1842715332, networkLocation: /default-rack, certSerialId: null} reports an CLOSED replica.
2019-10-23 22:39:49,821 [EventQueue-ContainerReportForContainerReportHandler] WARN  container.ContainerReportHandler (AbstractContainerReportHandler.java:updateContainerState(145)) - Container #1 is in OPEN state, but the datanode 2f4845be-2264-4a1a-8a27-f958336e1da9{ip: 192.168.157.195, host: pr-hdds-2311-7bgld-1842715332, networkLocation: /default-rack, certSerialId: null} reports an CLOSED replica.
2019-10-23 22:39:50,017 [BlockDeletingService#2] WARN  background.BlockDeletingService (BlockDeletingService.java:isDeletionAllowed(187)) - Close Container log Index 6 is not replicated across allthe servers in the pipeline a9317f84-3083-4a94-a1f5-91ced867ec48 as the min replicated index is 4. Deletion is not allowed in this container yet.
2019-10-23 22:39:50,017 [BlockDeletingService#0] WARN  background.BlockDeletingService (BlockDeletingService.java:isDeletionAllowed(187)) - Close Container log Index 6 is not replicated across allthe servers in the pipeline a9317f84-3083-4a94-a1f5-91ced867ec48 as the min replicated index is 4. Deletion is not allowed in this container yet.
2019-10-23 22:39:50,091 [EventQueue-ContainerReportForContainerReportHandler] WARN  container.ContainerReportHandler (AbstractContainerReportHandler.java:updateContainerState(145)) - Container #1 is in OPEN state, but the datanode 15de30e0-32e7-4789-867b-8c05fd0bfca2{ip: 192.168.157.195, host: pr-hdds-2311-7bgld-1842715332, networkLocation: /default-rack, certSerialId: null} reports an CLOSED replica.
2019-10-23 22:39:50,121 [EventQueue-ContainerReportForContainerReportHandler] WARN  container.ContainerReportHandler (AbstractContainerReportHandler.java:updateContainerState(145)) - Container #1 is in OPEN state, but the datanode 2f4845be-2264-4a1a-8a27-f958336e1da9{ip: 192.168.157.195, host: pr-hdds-2311-7bgld-1842715332, networkLocation: /default-rack, certSerialId: null} reports an CLOSED replica.
2019-10-23 22:39:50,390 [EventQueue-ContainerReportForContainerReportHandler] WARN  container.ContainerReportHandler (AbstractContainerReportHandler.java:updateContainerState(145)) - Container #1 is in OPEN state, but the datanode 15de30e0-32e7-4789-867b-8c05fd0bfca2{ip: 192.168.157.195, host: pr-hdds-2311-7bgld-1842715332, networkLocation: /default-rack, certSerialId: null} reports an CLOSED replica.
2019-10-23 22:39:50,421 [EventQueue-ContainerReportForContainerReportHandler] WARN  container.ContainerReportHandler (AbstractContainerReportHandler.java:updateContainerState(145)) - Container #1 is in OPEN state, but the datanode 2f4845be-2264-4a1a-8a27-f958336e1da9{ip: 192.168.157.195, host: pr-hdds-2311-7bgld-1842715332, networkLocation: /default-rack, certSerialId: null} reports an CLOSED replica.
2019-10-23 22:39:50,590 [EventQueue-ContainerReportForContainerReportHandler] WARN  container.ContainerReportHandler (AbstractContainerReportHandler.java:updateContainerState(145)) - Container #1 is in OPEN state, but the datanode 15de30e0-32e7-4789-867b-8c05fd0bfca2{ip: 192.168.157.195, host: pr-hdds-2311-7bgld-1842715332, networkLocation: /default-rack, certSerialId: null} reports an CLOSED replica.
2019-10-23 22:39:50,621 [EventQueue-ContainerReportForContainerReportHandler] WARN  container.ContainerReportHandler (AbstractContainerReportHandler.java:updateContainerState(145)) - Container #1 is in OPEN state, but the datanode 2f4845be-2264-4a1a-8a27-f958336e1da9{ip: 192.168.157.195, host: pr-hdds-2311-7bgld-1842715332, networkLocation: /default-rack, certSerialId: null} reports an CLOSED replica.
2019-10-23 22:39:50,890 [EventQueue-ContainerReportForContainerReportHandler] WARN  container.ContainerReportHandler (AbstractContainerReportHandler.java:updateContainerState(145)) - Container #1 is in OPEN state, but the datanode 15de30e0-32e7-4789-867b-8c05fd0bfca2{ip: 192.168.157.195, host: pr-hdds-2311-7bgld-1842715332, networkLocation: /default-rack, certSerialId: null} reports an CLOSED replica.
2019-10-23 22:39:50,921 [EventQueue-ContainerReportForContainerReportHandler] WARN  container.ContainerReportHandler (AbstractContainerReportHandler.java:updateContainerState(145)) - Container #1 is in OPEN state, but the datanode 2f4845be-2264-4a1a-8a27-f958336e1da9{ip: 192.168.157.195, host: pr-hdds-2311-7bgld-1842715332, networkLocation: /default-rack, certSerialId: null} reports an CLOSED replica.
2019-10-23 22:39:51,019 [BlockDeletingService#2] WARN  background.BlockDeletingService (BlockDeletingService.java:isDeletionAllowed(187)) - Close Container log Index 6 is not replicated across allthe servers in the pipeline a9317f84-3083-4a94-a1f5-91ced867ec48 as the min replicated index is 4. Deletion is not allowed in this container yet.
2019-10-23 22:39:51,019 [BlockDeletingService#0] WARN  background.BlockDeletingService (BlockDeletingService.java:isDeletionAllowed(187)) - Close Container log Index 6 is not replicated across allthe servers in the pipeline a9317f84-3083-4a94-a1f5-91ced867ec48 as the min replicated index is 4. Deletion is not allowed in this container yet.
2019-10-23 22:39:51,190 [EventQueue-ContainerReportForContainerReportHandler] WARN  container.ContainerReportHandler (AbstractContainerReportHandler.java:updateContainerState(145)) - Container #1 is in OPEN state, but the datanode 15de30e0-32e7-4789-867b-8c05fd0bfca2{ip: 192.168.157.195, host: pr-hdds-2311-7bgld-1842715332, networkLocation: /default-rack, certSerialId: null} reports an CLOSED replica.
2019-10-23 22:39:51,221 [EventQueue-ContainerReportForContainerReportHandler] WARN  container.ContainerReportHandler (AbstractContainerReportHandler.java:updateContainerState(145)) - Container #1 is in OPEN state, but the datanode 2f4845be-2264-4a1a-8a27-f958336e1da9{ip: 192.168.157.195, host: pr-hdds-2311-7bgld-1842715332, networkLocation: /default-rack, certSerialId: null} reports an CLOSED replica.
2019-10-23 22:39:51,391 [EventQueue-ContainerReportForContainerReportHandler] WARN  container.ContainerReportHandler (AbstractContainerReportHandler.java:updateContainerState(145)) - Container #1 is in OPEN state, but the datanode 15de30e0-32e7-4789-867b-8c05fd0bfca2{ip: 192.168.157.195, host: pr-hdds-2311-7bgld-1842715332, networkLocation: /default-rack, certSerialId: null} reports an CLOSED replica.
2019-10-23 22:39:51,621 [EventQueue-ContainerReportForContainerReportHandler] WARN  container.ContainerReportHandler (AbstractContainerReportHandler.java:updateContainerState(145)) - Container #1 is in OPEN state, but the datanode 2f4845be-2264-4a1a-8a27-f958336e1da9{ip: 192.168.157.195, host: pr-hdds-2311-7bgld-1842715332, networkLocation: /default-rack, certSerialId: null} reports an CLOSED replica.
2019-10-23 22:39:51,692 [EventQueue-ContainerReportForContainerReportHandler] WARN  container.ContainerReportHandler (AbstractContainerReportHandler.java:updateContainerState(145)) - Container #1 is in OPEN state, but the datanode 15de30e0-32e7-4789-867b-8c05fd0bfca2{ip: 192.168.157.195, host: pr-hdds-2311-7bgld-1842715332, networkLocation: /default-rack, certSerialId: null} reports an CLOSED replica.
2019-10-23 22:39:51,808 [java.util.concurrent.ThreadPoolExecutor$Worker@6cbe33e6[State = -1, empty queue]] WARN  server.GrpcLogAppender (GrpcLogAppender.java:timeoutAppendRequest(209)) - 15de30e0-32e7-4789-867b-8c05fd0bfca2@group-91CED867EC48->0cd5f69f-229b-4e24-9dce-31aad898d52d-GrpcLogAppender: appendEntries Timeout, request=15de30e0-32e7-4789-867b-8c05fd0bfca2->0cd5f69f-229b-4e24-9dce-31aad898d52d#49-t1, previous=(t:1, i:10), leaderCommit=10, initializing? false, entries: <empty>
2019-10-23 22:39:51,921 [EventQueue-ContainerReportForContainerReportHandler] WARN  container.ContainerReportHandler (AbstractContainerReportHandler.java:updateContainerState(145)) - Container #1 is in OPEN state, but the datanode 2f4845be-2264-4a1a-8a27-f958336e1da9{ip: 192.168.157.195, host: pr-hdds-2311-7bgld-1842715332, networkLocation: /default-rack, certSerialId: null} reports an CLOSED replica.
2019-10-23 22:39:51,992 [EventQueue-ContainerReportForContainerReportHandler] WARN  container.ContainerReportHandler (AbstractContainerReportHandler.java:updateContainerState(145)) - Container #1 is in OPEN state, but the datanode 15de30e0-32e7-4789-867b-8c05fd0bfca2{ip: 192.168.157.195, host: pr-hdds-2311-7bgld-1842715332, networkLocation: /default-rack, certSerialId: null} reports an CLOSED replica.
2019-10-23 22:39:52,020 [BlockDeletingService#2] WARN  background.BlockDeletingService (BlockDeletingService.java:isDeletionAllowed(187)) - Close Container log Index 6 is not replicated across allthe servers in the pipeline a9317f84-3083-4a94-a1f5-91ced867ec48 as the min replicated index is 4. Deletion is not allowed in this container yet.
2019-10-23 22:39:52,020 [BlockDeletingService#0] WARN  background.BlockDeletingService (BlockDeletingService.java:isDeletionAllowed(187)) - Close Container log Index 6 is not replicated across allthe servers in the pipeline a9317f84-3083-4a94-a1f5-91ced867ec48 as the min replicated index is 4. Deletion is not allowed in this container yet.
2019-10-23 22:39:52,121 [EventQueue-ContainerReportForContainerReportHandler] WARN  container.ContainerReportHandler (AbstractContainerReportHandler.java:updateContainerState(145)) - Container #1 is in OPEN state, but the datanode 2f4845be-2264-4a1a-8a27-f958336e1da9{ip: 192.168.157.195, host: pr-hdds-2311-7bgld-1842715332, networkLocation: /default-rack, certSerialId: null} reports an CLOSED replica.
2019-10-23 22:39:52,193 [EventQueue-ContainerReportForContainerReportHandler] WARN  container.ContainerReportHandler (AbstractContainerReportHandler.java:updateContainerState(145)) - Container #1 is in OPEN state, but the datanode 15de30e0-32e7-4789-867b-8c05fd0bfca2{ip: 192.168.157.195, host: pr-hdds-2311-7bgld-1842715332, networkLocation: /default-rack, certSerialId: null} reports an CLOSED replica.
2019-10-23 22:39:52,421 [EventQueue-ContainerReportForContainerReportHandler] WARN  container.ContainerReportHandler (AbstractContainerReportHandler.java:updateContainerState(145)) - Container #1 is in OPEN state, but the datanode 2f4845be-2264-4a1a-8a27-f958336e1da9{ip: 192.168.157.195, host: pr-hdds-2311-7bgld-1842715332, networkLocation: /default-rack, certSerialId: null} reports an CLOSED replica.
2019-10-23 22:39:52,492 [EventQueue-ContainerReportForContainerReportHandler] WARN  container.ContainerReportHandler (AbstractContainerReportHandler.java:updateContainerState(145)) - Container #1 is in OPEN state, but the datanode 15de30e0-32e7-4789-867b-8c05fd0bfca2{ip: 192.168.157.195, host: pr-hdds-2311-7bgld-1842715332, networkLocation: /default-rack, certSerialId: null} reports an CLOSED replica.
2019-10-23 22:39:52,793 [EventQueue-ContainerReportForContainerReportHandler] WARN  container.ContainerReportHandler (AbstractContainerReportHandler.java:updateContainerState(145)) - Container #1 is in OPEN state, but the datanode 15de30e0-32e7-4789-867b-8c05fd0bfca2{ip: 192.168.157.195, host: pr-hdds-2311-7bgld-1842715332, networkLocation: /default-rack, certSerialId: null} reports an CLOSED replica.
2019-10-23 22:39:52,822 [EventQueue-ContainerReportForContainerReportHandler] WARN  container.ContainerReportHandler (AbstractContainerReportHandler.java:updateContainerState(145)) - Container #1 is in OPEN state, but the datanode 2f4845be-2264-4a1a-8a27-f958336e1da9{ip: 192.168.157.195, host: pr-hdds-2311-7bgld-1842715332, networkLocation: /default-rack, certSerialId: null} reports an CLOSED replica.
2019-10-23 22:39:53,023 [EventQueue-ContainerReportForContainerReportHandler] WARN  container.ContainerReportHandler (AbstractContainerReportHandler.java:updateContainerState(145)) - Container #1 is in OPEN state, but the datanode 2f4845be-2264-4a1a-8a27-f958336e1da9{ip: 192.168.157.195, host: pr-hdds-2311-7bgld-1842715332, networkLocation: /default-rack, certSerialId: null} reports an CLOSED replica.
2019-10-23 22:39:53,024 [BlockDeletingService#2] WARN  background.BlockDeletingService (BlockDeletingService.java:isDeletionAllowed(187)) - Close Container log Index 6 is not replicated across allthe servers in the pipeline a9317f84-3083-4a94-a1f5-91ced867ec48 as the min replicated index is 4. Deletion is not allowed in this container yet.
2019-10-23 22:39:53,024 [BlockDeletingService#0] WARN  background.BlockDeletingService (BlockDeletingService.java:isDeletionAllowed(187)) - Close Container log Index 6 is not replicated across allthe servers in the pipeline a9317f84-3083-4a94-a1f5-91ced867ec48 as the min replicated index is 4. Deletion is not allowed in this container yet.
2019-10-23 22:39:53,194 [EventQueue-ContainerReportForContainerReportHandler] WARN  container.ContainerReportHandler (AbstractContainerReportHandler.java:updateContainerState(145)) - Container #1 is in OPEN state, but the datanode 15de30e0-32e7-4789-867b-8c05fd0bfca2{ip: 192.168.157.195, host: pr-hdds-2311-7bgld-1842715332, networkLocation: /default-rack, certSerialId: null} reports an CLOSED replica.
2019-10-23 22:39:53,416 [EventQueue-StaleNodeForStaleNodeHandler] INFO  node.StaleNodeHandler (StaleNodeHandler.java:onMessage(58)) - Datanode 0cd5f69f-229b-4e24-9dce-31aad898d52d{ip: 192.168.157.195, host: pr-hdds-2311-7bgld-1842715332, networkLocation: /default-rack, certSerialId: null} moved to stale state. Finalizing its pipelines [PipelineID=a9317f84-3083-4a94-a1f5-91ced867ec48, PipelineID=d4fc0a4e-a9f7-4992-8467-937cdebe0f6b]
2019-10-23 22:39:53,417 [EventQueue-StaleNodeForStaleNodeHandler] INFO  pipeline.SCMPipelineManager (SCMPipelineManager.java:finalizeAndDestroyPipeline(315)) - destroying pipeline:Pipeline[ Id: a9317f84-3083-4a94-a1f5-91ced867ec48, Nodes: 2f4845be-2264-4a1a-8a27-f958336e1da9{ip: 192.168.157.195, host: pr-hdds-2311-7bgld-1842715332, networkLocation: /default-rack, certSerialId: null}0cd5f69f-229b-4e24-9dce-31aad898d52d{ip: 192.168.157.195, host: pr-hdds-2311-7bgld-1842715332, networkLocation: /default-rack, certSerialId: null}15de30e0-32e7-4789-867b-8c05fd0bfca2{ip: 192.168.157.195, host: pr-hdds-2311-7bgld-1842715332, networkLocation: /default-rack, certSerialId: null}, Type:RATIS, Factor:THREE, State:OPEN]
2019-10-23 22:39:53,420 [EventQueue-StaleNodeForStaleNodeHandler] INFO  pipeline.PipelineStateManager (PipelineStateManager.java:finalizePipeline(123)) - Pipeline Pipeline[ Id: a9317f84-3083-4a94-a1f5-91ced867ec48, Nodes: 2f4845be-2264-4a1a-8a27-f958336e1da9{ip: 192.168.157.195, host: pr-hdds-2311-7bgld-1842715332, networkLocation: /default-rack, certSerialId: null}0cd5f69f-229b-4e24-9dce-31aad898d52d{ip: 192.168.157.195, host: pr-hdds-2311-7bgld-1842715332, networkLocation: /default-rack, certSerialId: null}15de30e0-32e7-4789-867b-8c05fd0bfca2{ip: 192.168.157.195, host: pr-hdds-2311-7bgld-1842715332, networkLocation: /default-rack, certSerialId: null}, Type:RATIS, Factor:THREE, State:CLOSED] moved to CLOSED state
2019-10-23 22:39:53,421 [EventQueue-CloseContainerForCloseContainerEventHandler] INFO  container.CloseContainerEventHandler (CloseContainerEventHandler.java:onMessage(61)) - Close container Event triggered for container : #1
2019-10-23 22:39:53,425 [EventQueue-ContainerReportForContainerReportHandler] INFO  container.ContainerReportHandler (AbstractContainerReportHandler.java:updateContainerState(178)) - Moving container #1 to CLOSED state, datanode 2f4845be-2264-4a1a-8a27-f958336e1da9{ip: 192.168.157.195, host: pr-hdds-2311-7bgld-1842715332, networkLocation: /default-rack, certSerialId: null} reported CLOSED replica.
2019-10-23 22:39:53,427 [EventQueue-StaleNodeForStaleNodeHandler] INFO  pipeline.SCMPipelineManager (SCMPipelineManager.java:finalizeAndDestroyPipeline(315)) - destroying pipeline:Pipeline[ Id: d4fc0a4e-a9f7-4992-8467-937cdebe0f6b, Nodes: 0cd5f69f-229b-4e24-9dce-31aad898d52d{ip: 192.168.157.195, host: pr-hdds-2311-7bgld-1842715332, networkLocation: /default-rack, certSerialId: null}, Type:RATIS, Factor:ONE, State:OPEN]
2019-10-23 22:39:53,428 [EventQueue-StaleNodeForStaleNodeHandler] INFO  pipeline.PipelineStateManager (PipelineStateManager.java:finalizePipeline(123)) - Pipeline Pipeline[ Id: d4fc0a4e-a9f7-4992-8467-937cdebe0f6b, Nodes: 0cd5f69f-229b-4e24-9dce-31aad898d52d{ip: 192.168.157.195, host: pr-hdds-2311-7bgld-1842715332, networkLocation: /default-rack, certSerialId: null}, Type:RATIS, Factor:ONE, State:CLOSED] moved to CLOSED state
2019-10-23 22:39:53,682 [SCMBlockDeletingService#0] INFO  block.SCMBlockDeletingService (SCMBlockDeletingService.java:call(184)) - Totally added 3 delete blocks command for 3 datanodes, task elapsed time: 8ms
2019-10-23 22:39:53,726 [EventQueue-PendingDeleteStatusForPendingDeleteHandler] INFO  block.SCMBlockDeletingService (SCMBlockDeletingService.java:handlePendingDeletes(115)) - Block deletion txnID mismatch in datanode 2f4845be-2264-4a1a-8a27-f958336e1da9 for containerID 1. Datanode delete txnID: 0, SCM txnID: 1
2019-10-23 22:39:53,895 [EventQueue-PendingDeleteStatusForPendingDeleteHandler] INFO  block.SCMBlockDeletingService (SCMBlockDeletingService.java:handlePendingDeletes(115)) - Block deletion txnID mismatch in datanode 15de30e0-32e7-4789-867b-8c05fd0bfca2 for containerID 1. Datanode delete txnID: 0, SCM txnID: 1
2019-10-23 22:39:54,026 [BlockDeletingService#2] WARN  background.BlockDeletingService (BlockDeletingService.java:isDeletionAllowed(187)) - Close Container log Index 6 is not replicated across allthe servers in the pipeline a9317f84-3083-4a94-a1f5-91ced867ec48 as the min replicated index is 4. Deletion is not allowed in this container yet.
2019-10-23 22:39:54,026 [EventQueue-PendingDeleteStatusForPendingDeleteHandler] INFO  block.SCMBlockDeletingService (SCMBlockDeletingService.java:handlePendingDeletes(115)) - Block deletion txnID mismatch in datanode 2f4845be-2264-4a1a-8a27-f958336e1da9 for containerID 1. Datanode delete txnID: 0, SCM txnID: 1
2019-10-23 22:39:54,026 [BlockDeletingService#0] WARN  background.BlockDeletingService (BlockDeletingService.java:isDeletionAllowed(187)) - Close Container log Index 6 is not replicated across allthe servers in the pipeline a9317f84-3083-4a94-a1f5-91ced867ec48 as the min replicated index is 4. Deletion is not allowed in this container yet.
2019-10-23 22:39:54,095 [EventQueue-PendingDeleteStatusForPendingDeleteHandler] INFO  block.SCMBlockDeletingService (SCMBlockDeletingService.java:handlePendingDeletes(115)) - Block deletion txnID mismatch in datanode 15de30e0-32e7-4789-867b-8c05fd0bfca2 for containerID 1. Datanode delete txnID: 0, SCM txnID: 1
2019-10-23 22:39:54,127 [Command processor thread] INFO  commandhandler.DeleteBlocksCommandHandler (DeleteBlocksCommandHandler.java:handle(106)) - Start to delete container blocks, TXIDs=[1(0)], numOfContainers=1, numOfBlocks=1
2019-10-23 22:39:54,295 [EventQueue-PendingDeleteStatusForPendingDeleteHandler] INFO  block.SCMBlockDeletingService (SCMBlockDeletingService.java:handlePendingDeletes(115)) - Block deletion txnID mismatch in datanode 15de30e0-32e7-4789-867b-8c05fd0bfca2 for containerID 1. Datanode delete txnID: 0, SCM txnID: 1
2019-10-23 22:39:54,309 [java.util.concurrent.ThreadPoolExecutor$Worker@6cbe33e6[State = -1, empty queue]] WARN  server.GrpcLogAppender (GrpcLogAppender.java:timeoutAppendRequest(209)) - 15de30e0-32e7-4789-867b-8c05fd0bfca2@group-91CED867EC48->0cd5f69f-229b-4e24-9dce-31aad898d52d-GrpcLogAppender: appendEntries Timeout, request=15de30e0-32e7-4789-867b-8c05fd0bfca2->0cd5f69f-229b-4e24-9dce-31aad898d52d#50-t1, previous=(t:1, i:10), leaderCommit=10, initializing? false, entries: <empty>
2019-10-23 22:39:54,393 [Command processor thread] INFO  commandhandler.DeleteBlocksCommandHandler (DeleteBlocksCommandHandler.java:handle(106)) - Start to delete container blocks, TXIDs=[1(0)], numOfContainers=1, numOfBlocks=1
2019-10-23 22:39:54,684 [SCMBlockDeletingService#0] INFO  block.SCMBlockDeletingService (SCMBlockDeletingService.java:call(184)) - Totally added 1 delete blocks command for 1 datanodes, task elapsed time: 1ms
2019-10-23 22:39:54,685 [pool-7-thread-1] INFO  commands.RetriableDatanodeEventWatcher (RetriableDatanodeEventWatcher.java:onTimeout(47)) - RetriableDatanodeCommand type=deleteBlocksCommand with id=1571870393681 timed out. Retrying.
2019-10-23 22:39:54,860 [main] INFO  impl.MetricsSystemImpl (MetricsSystemImpl.java:init(158)) - HddsDatanode metrics system started (again)
2019-10-23 22:39:54,908 [main] INFO  ozone.HddsDatanodeService (HddsDatanodeService.java:start(184)) - HddsDatanodeService host:pr-hdds-2311-7bgld-1842715332 ip:192.168.157.195
2019-10-23 22:39:54,912 [main] INFO  volume.VolumeUsage (VolumeUsage.java:loadScmUsed(144)) - Cached ScmUsed found for /workdir/hadoop-ozone/integration-test/target/test-dir/MiniOzoneClusterImpl-da3a6117-6078-43df-8e08-80734442ab50/datanode-2/data/containers : 4096 
2019-10-23 22:39:54,912 [main] INFO  volume.HddsVolume (HddsVolume.java:<init>(176)) - Creating Volume: /workdir/hadoop-ozone/integration-test/target/test-dir/MiniOzoneClusterImpl-da3a6117-6078-43df-8e08-80734442ab50/datanode-2/data/containers/hdds of  storage type : DISK and capacity : 1482555576320
2019-10-23 22:39:54,913 [main] INFO  volume.VolumeSet (VolumeSet.java:initializeVolumeSet(170)) - Added Volume : /workdir/hadoop-ozone/integration-test/target/test-dir/MiniOzoneClusterImpl-da3a6117-6078-43df-8e08-80734442ab50/datanode-2/data/containers/hdds to VolumeSet
2019-10-23 22:39:54,913 [main] INFO  volume.ThrottledAsyncChecker (ThrottledAsyncChecker.java:schedule(141)) - Scheduling a check for /workdir/hadoop-ozone/integration-test/target/test-dir/MiniOzoneClusterImpl-da3a6117-6078-43df-8e08-80734442ab50/datanode-2/data/containers/hdds
2019-10-23 22:39:54,914 [main] INFO  volume.HddsVolumeChecker (HddsVolumeChecker.java:checkAllVolumes(204)) - Scheduled health check for volume /workdir/hadoop-ozone/integration-test/target/test-dir/MiniOzoneClusterImpl-da3a6117-6078-43df-8e08-80734442ab50/datanode-2/data/containers/hdds
2019-10-23 22:39:54,958 [main] INFO  impl.RaftServerProxy (ConfUtils.java:logGet(43)) - raft.rpc.type = GRPC (default)
2019-10-23 22:39:54,959 [main] INFO  grpc.GrpcFactory (GrpcFactory.java:checkPooledByteBufAllocatorUseCacheForAllThreads(45)) - PERFORMANCE WARNING: useCacheForAllThreads is true that may cause Netty to create a lot garbage objects and, as a result, trigger GC.
	It is recommended to disable useCacheForAllThreads by setting -Dorg.apache.ratis.thirdparty.io.netty.allocator.useCacheForAllThreads=false in command line.
2019-10-23 22:39:54,959 [main] INFO  grpc.GrpcConfigKeys$Server (ConfUtils.java:logGet(43)) - raft.grpc.server.port = 33132 (custom)
2019-10-23 22:39:54,959 [main] INFO  server.GrpcService (ConfUtils.java:logGet(43)) - raft.grpc.message.size.max = 33570816 (custom)
2019-10-23 22:39:54,959 [main] INFO  server.RaftServerConfigKeys (ConfUtils.java:logGet(43)) - raft.server.log.appender.buffer.byte-limit = 33554432 (custom)
2019-10-23 22:39:54,959 [main] INFO  server.GrpcService (ConfUtils.java:logGet(43)) - raft.grpc.flow.control.window = 1MB (=1048576) (default)
2019-10-23 22:39:54,960 [main] INFO  server.RaftServerConfigKeys (ConfUtils.java:logGet(43)) - raft.server.rpc.request.timeout = 3000ms (default)
2019-10-23 22:39:54,960 [main] INFO  server.RaftServerConfigKeys (ConfUtils.java:logGet(43)) - raft.server.storage.dir = [/workdir/hadoop-ozone/integration-test/target/test-dir/MiniOzoneClusterImpl-da3a6117-6078-43df-8e08-80734442ab50/datanode-2/data/ratis] (custom)
2019-10-23 22:39:54,961 [main] INFO  impl.RaftServerProxy (RaftServerProxy.java:lambda$null$0(191)) - 0cd5f69f-229b-4e24-9dce-31aad898d52d: found a subdirectory /workdir/hadoop-ozone/integration-test/target/test-dir/MiniOzoneClusterImpl-da3a6117-6078-43df-8e08-80734442ab50/datanode-2/data/ratis/d4fc0a4e-a9f7-4992-8467-937cdebe0f6b
2019-10-23 22:39:54,962 [main] INFO  impl.RaftServerProxy (RaftServerProxy.java:addNew(89)) - 0cd5f69f-229b-4e24-9dce-31aad898d52d: addNew group-937CDEBE0F6B:[] returns group-937CDEBE0F6B:java.util.concurrent.CompletableFuture@28f4f300[Not completed]
2019-10-23 22:39:54,962 [main] INFO  impl.RaftServerProxy (RaftServerProxy.java:lambda$null$0(191)) - 0cd5f69f-229b-4e24-9dce-31aad898d52d: found a subdirectory /workdir/hadoop-ozone/integration-test/target/test-dir/MiniOzoneClusterImpl-da3a6117-6078-43df-8e08-80734442ab50/datanode-2/data/ratis/a9317f84-3083-4a94-a1f5-91ced867ec48
2019-10-23 22:39:54,962 [main] INFO  impl.RaftServerProxy (RaftServerProxy.java:addNew(89)) - 0cd5f69f-229b-4e24-9dce-31aad898d52d: addNew group-91CED867EC48:[] returns group-91CED867EC48:java.util.concurrent.CompletableFuture@2b5c4f17[Not completed]
2019-10-23 22:39:54,966 [pool-59-thread-1] INFO  impl.RaftServerImpl (RaftServerImpl.java:<init>(104)) - 0cd5f69f-229b-4e24-9dce-31aad898d52d: new RaftServerImpl for group-937CDEBE0F6B:[] with ContainerStateMachine:uninitialized
2019-10-23 22:39:54,966 [main] INFO  hdfs.DFSUtil (DFSUtil.java:httpServerTemplateForNNAndJN(1641)) - Starting Web-server for hddsDatanode at: http://0.0.0.0:38971
2019-10-23 22:39:54,967 [pool-59-thread-1] INFO  server.RaftServerConfigKeys (ConfUtils.java:logGet(43)) - raft.server.rpc.timeout.min = 5s (custom)
2019-10-23 22:39:54,967 [pool-59-thread-1] INFO  server.RaftServerConfigKeys (ConfUtils.java:logGet(43)) - raft.server.rpc.timeout.max = 5200ms (custom)
2019-10-23 22:39:54,967 [pool-59-thread-1] INFO  server.RaftServerConfigKeys (ConfUtils.java:logGet(43)) - raft.server.rpcslowness.timeout = 1000s (custom)
2019-10-23 22:39:54,967 [pool-59-thread-1] INFO  server.RaftServerConfigKeys (ConfUtils.java:logGet(43)) - raft.server.sleep.deviation.threshold = 300 (default)
2019-10-23 22:39:54,968 [pool-59-thread-1] INFO  server.RaftServerConfigKeys (ConfUtils.java:logGet(43)) - raft.server.log.appender.install.snapshot.enabled = false (custom)
2019-10-23 22:39:54,968 [pool-59-thread-1] INFO  impl.RaftServerImpl (ServerState.java:<init>(103)) - 0cd5f69f-229b-4e24-9dce-31aad898d52d@group-937CDEBE0F6B: ConfigurationManager, init=-1: [], old=null, confs=<EMPTY_MAP>
2019-10-23 22:39:54,968 [pool-59-thread-1] INFO  server.RaftServerConfigKeys (ConfUtils.java:logGet(43)) - raft.server.storage.dir = [/workdir/hadoop-ozone/integration-test/target/test-dir/MiniOzoneClusterImpl-da3a6117-6078-43df-8e08-80734442ab50/datanode-2/data/ratis] (custom)
2019-10-23 22:39:54,968 [pool-59-thread-1] INFO  server.RaftServerConfigKeys (ConfUtils.java:logGet(43)) - raft.server.log.corruption.policy = EXCEPTION (default)
2019-10-23 22:39:54,971 [main] INFO  server.AuthenticationFilter (AuthenticationFilter.java:constructSecretProvider(240)) - Unable to initialize FileSignerSecretProvider, falling back to use random secrets.
2019-10-23 22:39:54,972 [main] WARN  http.HttpRequestLog (HttpRequestLog.java:getRequestLog(97)) - Jetty request log can only be enabled using Log4j
2019-10-23 22:39:54,975 [main] INFO  http.HttpServer2 (HttpServer2.java:addGlobalFilter(975)) - Added global filter 'safety' (class=org.apache.hadoop.http.HttpServer2$QuotingInputFilter)
2019-10-23 22:39:54,976 [main] INFO  http.HttpServer2 (HttpServer2.java:addFilter(948)) - Added filter static_user_filter (class=org.apache.hadoop.http.lib.StaticUserWebFilter$StaticUserFilter) to context hddsDatanode
2019-10-23 22:39:54,976 [main] INFO  http.HttpServer2 (HttpServer2.java:addFilter(958)) - Added filter static_user_filter (class=org.apache.hadoop.http.lib.StaticUserWebFilter$StaticUserFilter) to context static
2019-10-23 22:39:54,976 [main] INFO  http.HttpServer2 (HttpServer2.java:addFilter(958)) - Added filter static_user_filter (class=org.apache.hadoop.http.lib.StaticUserWebFilter$StaticUserFilter) to context logs
2019-10-23 22:39:54,978 [main] INFO  http.HttpServer2 (HttpServer2.java:bindListener(1191)) - Jetty bound to port 38971
2019-10-23 22:39:54,978 [main] INFO  server.Server (Server.java:doStart(351)) - jetty-9.3.25.v20180904, build timestamp: 2018-09-04T21:11:46Z, git hash: 3ce520221d0240229c862b122d2b06c12a625732
2019-10-23 22:39:54,981 [main] INFO  handler.ContextHandler (ContextHandler.java:doStart(781)) - Started o.e.j.s.ServletContextHandler@6801b414{/logs,file:///workdir/hadoop-ozone/integration-test/target/log,AVAILABLE}
2019-10-23 22:39:54,981 [pool-59-thread-1] INFO  storage.RaftStorageDirectory (RaftStorageDirectory.java:tryLock(328)) - Lock on /workdir/hadoop-ozone/integration-test/target/test-dir/MiniOzoneClusterImpl-da3a6117-6078-43df-8e08-80734442ab50/datanode-2/data/ratis/d4fc0a4e-a9f7-4992-8467-937cdebe0f6b/in_use.lock acquired by nodename 3743@pr-hdds-2311-7bgld-1842715332
2019-10-23 22:39:54,982 [main] INFO  handler.ContextHandler (ContextHandler.java:doStart(781)) - Started o.e.j.s.ServletContextHandler@4f327096{/static,jar:file:/home/user/.m2/repository/org/apache/hadoop/hadoop-hdds-container-service/0.5.0-SNAPSHOT/hadoop-hdds-container-service-0.5.0-SNAPSHOT.jar!/webapps/static,AVAILABLE}
2019-10-23 22:39:54,983 [pool-59-thread-1] INFO  ratis.ContainerStateMachine (ContainerStateMachine.java:loadSnapshot(231)) - group-937CDEBE0F6B: The snapshot info is null. Setting the last applied indexto:(t:0, i:~)
2019-10-23 22:39:54,983 [pool-59-thread-1] INFO  server.RaftServerConfigKeys (ConfUtils.java:logGet(43)) - raft.server.notification.no-leader.timeout = 1000s (custom)
2019-10-23 22:39:54,983 [pool-59-thread-1] INFO  server.RaftServerConfigKeys (ConfUtils.java:logGet(43)) - raft.server.log.use.memory = false (default)
2019-10-23 22:39:54,983 [pool-59-thread-1] INFO  server.RaftServerConfigKeys (ConfUtils.java:logGet(43)) - raft.server.log.purge.gap = 1000000 (custom)
2019-10-23 22:39:54,983 [pool-59-thread-1] INFO  server.RaftServerConfigKeys (ConfUtils.java:logGet(43)) - raft.server.log.appender.buffer.byte-limit = 33554432 (custom)
2019-10-23 22:39:54,983 [pool-59-thread-1] INFO  server.RaftServerConfigKeys (ConfUtils.java:logGet(43)) - raft.server.log.segment.size.max = 1048576 (custom)
2019-10-23 22:39:54,984 [pool-59-thread-1] INFO  server.RaftServerConfigKeys (ConfUtils.java:logGet(43)) - raft.server.log.segment.cache.num.max = 2 (custom)
2019-10-23 22:39:54,984 [pool-59-thread-1] INFO  segmented.SegmentedRaftLogWorker (SegmentedRaftLogWorker.java:<init>(173)) - new 0cd5f69f-229b-4e24-9dce-31aad898d52d@group-937CDEBE0F6B-SegmentedRaftLogWorker for RaftStorage:Storage Directory /workdir/hadoop-ozone/integration-test/target/test-dir/MiniOzoneClusterImpl-da3a6117-6078-43df-8e08-80734442ab50/datanode-2/data/ratis/d4fc0a4e-a9f7-4992-8467-937cdebe0f6b
2019-10-23 22:39:54,984 [pool-59-thread-1] INFO  server.RaftServerConfigKeys (ConfUtils.java:logGet(43)) - raft.server.log.queue.byte-limit = 2147483647 (custom)
2019-10-23 22:39:54,984 [pool-59-thread-1] INFO  server.RaftServerConfigKeys (ConfUtils.java:logGet(43)) - raft.server.log.queue.element-limit = 1024 (custom)
2019-10-23 22:39:54,984 [pool-59-thread-1] INFO  server.RaftServerConfigKeys (ConfUtils.java:logGet(43)) - raft.server.log.segment.size.max = 1048576 (custom)
2019-10-23 22:39:54,984 [pool-59-thread-1] INFO  server.RaftServerConfigKeys (ConfUtils.java:logGet(43)) - raft.server.log.preallocated.size = 16384 (custom)
2019-10-23 22:39:54,985 [pool-59-thread-1] INFO  server.RaftServerConfigKeys (ConfUtils.java:logGet(43)) - raft.server.log.write.buffer.size = 33554432 (custom)
2019-10-23 22:39:54,985 [pool-59-thread-1] INFO  server.RaftServerConfigKeys (ConfUtils.java:logGet(43)) - raft.server.log.force.sync.num = 128 (default)
2019-10-23 22:39:54,985 [pool-59-thread-1] INFO  server.RaftServerConfigKeys (ConfUtils.java:logGet(43)) - raft.server.log.statemachine.data.sync = true (default)
2019-10-23 22:39:54,985 [pool-59-thread-1] INFO  server.RaftServerConfigKeys (ConfUtils.java:logGet(43)) - raft.server.log.statemachine.data.sync.timeout = 10s (default)
2019-10-23 22:39:54,985 [pool-59-thread-1] INFO  server.RaftServerConfigKeys (ConfUtils.java:logGet(43)) - raft.server.log.statemachine.data.sync.timeout.retry = -1 (default)
2019-10-23 22:39:54,985 [pool-59-thread-1] INFO  server.RaftServerConfigKeys (ConfUtils.java:logGet(43)) - raft.server.log.statemachine.data.caching.enabled = true (custom)
2019-10-23 22:39:54,993 [pool-59-thread-1] INFO  impl.RaftServerImpl (ServerState.java:setRaftConf(357)) - 0cd5f69f-229b-4e24-9dce-31aad898d52d@group-937CDEBE0F6B: set configuration 0: [0cd5f69f-229b-4e24-9dce-31aad898d52d:192.168.157.195:33132], old=null at 0
2019-10-23 22:39:54,993 [pool-59-thread-1] INFO  segmented.LogSegment (LogSegment.java:loadSegment(140)) - Successfully read 1 entries from segment file /workdir/hadoop-ozone/integration-test/target/test-dir/MiniOzoneClusterImpl-da3a6117-6078-43df-8e08-80734442ab50/datanode-2/data/ratis/d4fc0a4e-a9f7-4992-8467-937cdebe0f6b/current/log_inprogress_0
2019-10-23 22:39:54,994 [pool-59-thread-1] INFO  segmented.SegmentedRaftLogWorker (SegmentedRaftLogWorker.java:lambda$new$0(128)) - 0cd5f69f-229b-4e24-9dce-31aad898d52d@group-937CDEBE0F6B-SegmentedRaftLogWorker: flushIndex: setUnconditionally 0 -> 0
2019-10-23 22:39:55,022 [pool-59-thread-1] INFO  server.RaftServerConfigKeys (ConfUtils.java:logGet(43)) - raft.server.snapshot.auto.trigger.enabled = true (custom)
2019-10-23 22:39:55,022 [pool-59-thread-1] INFO  server.RaftServerConfigKeys (ConfUtils.java:logGet(43)) - raft.server.snapshot.auto.trigger.threshold = 10000 (custom)
2019-10-23 22:39:55,023 [pool-59-thread-1] INFO  server.RaftServerConfigKeys (ConfUtils.java:logGet(43)) - raft.server.snapshot.retention.file.num = 5 (custom)
2019-10-23 22:39:55,024 [pool-59-thread-1] INFO  server.RaftServerConfigKeys (ConfUtils.java:logGet(43)) - raft.server.retrycache.expirytime = 600000ms (custom)
2019-10-23 22:39:55,028 [pool-59-thread-1] INFO  impl.RaftServerImpl (RaftServerImpl.java:<init>(104)) - 0cd5f69f-229b-4e24-9dce-31aad898d52d: new RaftServerImpl for group-91CED867EC48:[] with ContainerStateMachine:uninitialized
2019-10-23 22:39:55,028 [pool-59-thread-1] INFO  server.RaftServerConfigKeys (ConfUtils.java:logGet(43)) - raft.server.rpc.timeout.min = 5s (custom)
2019-10-23 22:39:55,028 [pool-59-thread-1] INFO  server.RaftServerConfigKeys (ConfUtils.java:logGet(43)) - raft.server.rpc.timeout.max = 5200ms (custom)
2019-10-23 22:39:55,028 [pool-59-thread-1] INFO  server.RaftServerConfigKeys (ConfUtils.java:logGet(43)) - raft.server.rpcslowness.timeout = 1000s (custom)
2019-10-23 22:39:55,028 [BlockDeletingService#0] WARN  background.BlockDeletingService (BlockDeletingService.java:isDeletionAllowed(187)) - Close Container log Index 6 is not replicated across allthe servers in the pipeline a9317f84-3083-4a94-a1f5-91ced867ec48 as the min replicated index is 4. Deletion is not allowed in this container yet.
2019-10-23 22:39:55,029 [pool-59-thread-1] INFO  server.RaftServerConfigKeys (ConfUtils.java:logGet(43)) - raft.server.sleep.deviation.threshold = 300 (default)
2019-10-23 22:39:55,029 [BlockDeletingService#2] WARN  background.BlockDeletingService (BlockDeletingService.java:isDeletionAllowed(187)) - Close Container log Index 6 is not replicated across allthe servers in the pipeline a9317f84-3083-4a94-a1f5-91ced867ec48 as the min replicated index is 4. Deletion is not allowed in this container yet.
2019-10-23 22:39:55,029 [pool-59-thread-1] INFO  server.RaftServerConfigKeys (ConfUtils.java:logGet(43)) - raft.server.log.appender.install.snapshot.enabled = false (custom)
2019-10-23 22:39:55,029 [pool-59-thread-1] INFO  impl.RaftServerImpl (ServerState.java:<init>(103)) - 0cd5f69f-229b-4e24-9dce-31aad898d52d@group-91CED867EC48: ConfigurationManager, init=-1: [], old=null, confs=<EMPTY_MAP>
2019-10-23 22:39:55,030 [pool-59-thread-1] INFO  server.RaftServerConfigKeys (ConfUtils.java:logGet(43)) - raft.server.storage.dir = [/workdir/hadoop-ozone/integration-test/target/test-dir/MiniOzoneClusterImpl-da3a6117-6078-43df-8e08-80734442ab50/datanode-2/data/ratis] (custom)
2019-10-23 22:39:55,030 [pool-59-thread-1] INFO  server.RaftServerConfigKeys (ConfUtils.java:logGet(43)) - raft.server.log.corruption.policy = EXCEPTION (default)
2019-10-23 22:39:55,030 [Thread-540] INFO  client.GrpcClientProtocolService (GrpcClientProtocolService.java:lambda$processClientRequest$0(278)) - Failed RaftClientRequest:client-A571C4F32A47->2f4845be-2264-4a1a-8a27-f958336e1da9@group-91CED867EC48, cid=10, seq=0, Watch-ALL_COMMITTED(6), Message:<EMPTY>, reply=RaftClientReply:client-A571C4F32A47->2f4845be-2264-4a1a-8a27-f958336e1da9@group-91CED867EC48, cid=10, FAILED org.apache.ratis.protocol.NotLeaderException: Server 2f4845be-2264-4a1a-8a27-f958336e1da9@group-91CED867EC48 is not the leader 15de30e0-32e7-4789-867b-8c05fd0bfca2:192.168.157.195:43624, logIndex=0, commits[2f4845be-2264-4a1a-8a27-f958336e1da9:c10, 0cd5f69f-229b-4e24-9dce-31aad898d52d:c4, 15de30e0-32e7-4789-867b-8c05fd0bfca2:c10]
2019-10-23 22:39:55,046 [pool-59-thread-1] INFO  storage.RaftStorageDirectory (RaftStorageDirectory.java:tryLock(328)) - Lock on /workdir/hadoop-ozone/integration-test/target/test-dir/MiniOzoneClusterImpl-da3a6117-6078-43df-8e08-80734442ab50/datanode-2/data/ratis/a9317f84-3083-4a94-a1f5-91ced867ec48/in_use.lock acquired by nodename 3743@pr-hdds-2311-7bgld-1842715332
2019-10-23 22:39:55,050 [pool-59-thread-1] INFO  ratis.ContainerStateMachine (ContainerStateMachine.java:loadSnapshot(240)) - group-91CED867EC48: Setting the last applied index to (t:1, i:3)
2019-10-23 22:39:55,052 [main] INFO  handler.ContextHandler (ContextHandler.java:doStart(781)) - Started o.e.j.w.WebAppContext@2ddb3ae8{/,file:///tmp/jetty-0.0.0.0-38971-hddsDatanode-_-any-3776550698517807394.dir/webapp/,AVAILABLE}{/hddsDatanode}
2019-10-23 22:39:55,054 [main] INFO  server.AbstractConnector (AbstractConnector.java:doStart(278)) - Started ServerConnector@79518e00{HTTP/1.1,[http/1.1]}{0.0.0.0:38971}
2019-10-23 22:39:55,055 [main] INFO  server.Server (Server.java:doStart(419)) - Started @113082ms
2019-10-23 22:39:55,055 [main] WARN  impl.MetricsSystemImpl (MetricsSystemImpl.java:register(276)) - Sink prometheus already exists!
2019-10-23 22:39:55,056 [main] INFO  server.BaseHttpServer (BaseHttpServer.java:updateConnectorAddress(215)) - HTTP server of HDDSDATANODE is listening at http://0.0.0.0:38971
2019-10-23 22:39:55,058 [org.apache.hadoop.util.JvmPauseMonitor$Monitor@35b0630c] INFO  util.JvmPauseMonitor (JvmPauseMonitor.java:run(188)) - Starting JVM pause monitor
2019-10-23 22:39:55,058 [pool-59-thread-1] INFO  impl.RaftServerImpl (ServerState.java:setRaftConf(357)) - 0cd5f69f-229b-4e24-9dce-31aad898d52d@group-91CED867EC48: set configuration 0: [0cd5f69f-229b-4e24-9dce-31aad898d52d:192.168.157.195:33132, 15de30e0-32e7-4789-867b-8c05fd0bfca2:192.168.157.195:43624, 2f4845be-2264-4a1a-8a27-f958336e1da9:192.168.157.195:36753], old=null at 0
2019-10-23 22:39:55,058 [pool-59-thread-1] INFO  server.RaftServerConfigKeys (ConfUtils.java:logGet(43)) - raft.server.notification.no-leader.timeout = 1000s (custom)
2019-10-23 22:39:55,058 [pool-59-thread-1] INFO  server.RaftServerConfigKeys (ConfUtils.java:logGet(43)) - raft.server.log.use.memory = false (default)
2019-10-23 22:39:55,059 [pool-59-thread-1] INFO  server.RaftServerConfigKeys (ConfUtils.java:logGet(43)) - raft.server.log.purge.gap = 1000000 (custom)
2019-10-23 22:39:55,059 [pool-59-thread-1] INFO  server.RaftServerConfigKeys (ConfUtils.java:logGet(43)) - raft.server.log.appender.buffer.byte-limit = 33554432 (custom)
2019-10-23 22:39:55,059 [pool-59-thread-1] INFO  server.RaftServerConfigKeys (ConfUtils.java:logGet(43)) - raft.server.log.segment.size.max = 1048576 (custom)
2019-10-23 22:39:55,059 [pool-59-thread-1] INFO  server.RaftServerConfigKeys (ConfUtils.java:logGet(43)) - raft.server.log.segment.cache.num.max = 2 (custom)
2019-10-23 22:39:55,059 [pool-59-thread-1] INFO  segmented.SegmentedRaftLogWorker (SegmentedRaftLogWorker.java:<init>(173)) - new 0cd5f69f-229b-4e24-9dce-31aad898d52d@group-91CED867EC48-SegmentedRaftLogWorker for RaftStorage:Storage Directory /workdir/hadoop-ozone/integration-test/target/test-dir/MiniOzoneClusterImpl-da3a6117-6078-43df-8e08-80734442ab50/datanode-2/data/ratis/a9317f84-3083-4a94-a1f5-91ced867ec48
2019-10-23 22:39:55,059 [pool-59-thread-1] INFO  server.RaftServerConfigKeys (ConfUtils.java:logGet(43)) - raft.server.log.queue.byte-limit = 2147483647 (custom)
2019-10-23 22:39:55,059 [pool-59-thread-1] INFO  server.RaftServerConfigKeys (ConfUtils.java:logGet(43)) - raft.server.log.queue.element-limit = 1024 (custom)
2019-10-23 22:39:55,060 [pool-59-thread-1] INFO  server.RaftServerConfigKeys (ConfUtils.java:logGet(43)) - raft.server.log.segment.size.max = 1048576 (custom)
2019-10-23 22:39:55,060 [pool-59-thread-1] INFO  server.RaftServerConfigKeys (ConfUtils.java:logGet(43)) - raft.server.log.preallocated.size = 16384 (custom)
2019-10-23 22:39:55,060 [pool-59-thread-1] INFO  server.RaftServerConfigKeys (ConfUtils.java:logGet(43)) - raft.server.log.write.buffer.size = 33554432 (custom)
2019-10-23 22:39:55,060 [pool-59-thread-1] INFO  server.RaftServerConfigKeys (ConfUtils.java:logGet(43)) - raft.server.log.force.sync.num = 128 (default)
2019-10-23 22:39:55,060 [pool-59-thread-1] INFO  server.RaftServerConfigKeys (ConfUtils.java:logGet(43)) - raft.server.log.statemachine.data.sync = true (default)
2019-10-23 22:39:55,060 [pool-59-thread-1] INFO  server.RaftServerConfigKeys (ConfUtils.java:logGet(43)) - raft.server.log.statemachine.data.sync.timeout = 10s (default)
2019-10-23 22:39:55,060 [pool-59-thread-1] INFO  server.RaftServerConfigKeys (ConfUtils.java:logGet(43)) - raft.server.log.statemachine.data.sync.timeout.retry = -1 (default)
2019-10-23 22:39:55,061 [pool-59-thread-1] INFO  server.RaftServerConfigKeys (ConfUtils.java:logGet(43)) - raft.server.log.statemachine.data.caching.enabled = true (custom)
2019-10-23 22:39:55,061 [pool-59-thread-1] INFO  impl.RaftServerImpl (ServerState.java:setRaftConf(357)) - 0cd5f69f-229b-4e24-9dce-31aad898d52d@group-91CED867EC48: set configuration 0: [0cd5f69f-229b-4e24-9dce-31aad898d52d:192.168.157.195:33132, 15de30e0-32e7-4789-867b-8c05fd0bfca2:192.168.157.195:43624, 2f4845be-2264-4a1a-8a27-f958336e1da9:192.168.157.195:36753], old=null at 0
2019-10-23 22:39:55,062 [pool-59-thread-1] INFO  segmented.LogSegment (LogSegment.java:loadSegment(140)) - Successfully read 5 entries from segment file /workdir/hadoop-ozone/integration-test/target/test-dir/MiniOzoneClusterImpl-da3a6117-6078-43df-8e08-80734442ab50/datanode-2/data/ratis/a9317f84-3083-4a94-a1f5-91ced867ec48/current/log_inprogress_0
2019-10-23 22:39:55,062 [pool-59-thread-1] INFO  segmented.SegmentedRaftLogWorker (SegmentedRaftLogWorker.java:lambda$new$0(128)) - 0cd5f69f-229b-4e24-9dce-31aad898d52d@group-91CED867EC48-SegmentedRaftLogWorker: flushIndex: setUnconditionally 0 -> 4
2019-10-23 22:39:55,092 [pool-59-thread-1] INFO  raftlog.RaftLog (RaftLog.java:lambda$new$0(61)) - 0cd5f69f-229b-4e24-9dce-31aad898d52d@group-91CED867EC48-SegmentedRaftLog: commitIndex: updateToMax old=3, new=3, updated? false
2019-10-23 22:39:55,093 [pool-59-thread-1] INFO  server.RaftServerConfigKeys (ConfUtils.java:logGet(43)) - raft.server.snapshot.auto.trigger.enabled = true (custom)
2019-10-23 22:39:55,093 [pool-59-thread-1] INFO  server.RaftServerConfigKeys (ConfUtils.java:logGet(43)) - raft.server.snapshot.auto.trigger.threshold = 10000 (custom)
2019-10-23 22:39:55,093 [pool-59-thread-1] INFO  server.RaftServerConfigKeys (ConfUtils.java:logGet(43)) - raft.server.snapshot.retention.file.num = 5 (custom)
2019-10-23 22:39:55,093 [pool-59-thread-1] INFO  server.RaftServerConfigKeys (ConfUtils.java:logGet(43)) - raft.server.retrycache.expirytime = 600000ms (custom)
2019-10-23 22:39:55,584 [Thread-546] INFO  client.GrpcClientProtocolService (GrpcClientProtocolService.java:lambda$processClientRequest$0(278)) - Failed RaftClientRequest:client-A571C4F32A47->15de30e0-32e7-4789-867b-8c05fd0bfca2@group-91CED867EC48, cid=10, seq=0, Watch-ALL_COMMITTED(6), Message:<EMPTY>, reply=RaftClientReply:client-A571C4F32A47->15de30e0-32e7-4789-867b-8c05fd0bfca2@group-91CED867EC48, cid=10, FAILED org.apache.ratis.protocol.NotReplicatedException: Request with call Id 10 and log index 6 is not yet replicated to ALL_COMMITTED, logIndex=6, commits[15de30e0-32e7-4789-867b-8c05fd0bfca2:c10, 0cd5f69f-229b-4e24-9dce-31aad898d52d:c4, 2f4845be-2264-4a1a-8a27-f958336e1da9:c10]
2019-10-23 22:39:55,684 [pool-7-thread-1] INFO  commands.RetriableDatanodeEventWatcher (RetriableDatanodeEventWatcher.java:onTimeout(47)) - RetriableDatanodeCommand type=deleteBlocksCommand with id=1571870393683 timed out. Retrying.
2019-10-23 22:39:55,685 [SCMBlockDeletingService#0] INFO  block.SCMBlockDeletingService (SCMBlockDeletingService.java:call(184)) - Totally added 1 delete blocks command for 1 datanodes, task elapsed time: 0ms
2019-10-23 22:39:55,686 [pool-7-thread-1] INFO  commands.RetriableDatanodeEventWatcher (RetriableDatanodeEventWatcher.java:onTimeout(47)) - RetriableDatanodeCommand type=deleteBlocksCommand with id=1571870393681 timed out. Retrying.
2019-10-23 22:39:56,030 [BlockDeletingService#0] WARN  background.BlockDeletingService (BlockDeletingService.java:isDeletionAllowed(187)) - Close Container log Index 6 is not replicated across allthe servers in the pipeline a9317f84-3083-4a94-a1f5-91ced867ec48 as the min replicated index is 4. Deletion is not allowed in this container yet.
2019-10-23 22:39:56,030 [BlockDeletingService#2] WARN  background.BlockDeletingService (BlockDeletingService.java:isDeletionAllowed(187)) - Close Container log Index 6 is not replicated across allthe servers in the pipeline a9317f84-3083-4a94-a1f5-91ced867ec48 as the min replicated index is 4. Deletion is not allowed in this container yet.
2019-10-23 22:39:56,684 [pool-7-thread-1] INFO  commands.RetriableDatanodeEventWatcher (RetriableDatanodeEventWatcher.java:onTimeout(47)) - RetriableDatanodeCommand type=deleteBlocksCommand with id=1571870393683 timed out. Retrying.
2019-10-23 22:39:56,685 [pool-7-thread-2] INFO  commands.RetriableDatanodeEventWatcher (RetriableDatanodeEventWatcher.java:onTimeout(47)) - RetriableDatanodeCommand type=deleteBlocksCommand with id=1571870393684 timed out. Retrying.
2019-10-23 22:39:56,686 [pool-7-thread-2] INFO  commands.RetriableDatanodeEventWatcher (RetriableDatanodeEventWatcher.java:onTimeout(47)) - RetriableDatanodeCommand type=deleteBlocksCommand with id=1571870393681 timed out. Retrying.
2019-10-23 22:39:56,687 [SCMBlockDeletingService#0] INFO  block.SCMBlockDeletingService (SCMBlockDeletingService.java:call(184)) - Totally added 1 delete blocks command for 1 datanodes, task elapsed time: 0ms
2019-10-23 22:39:56,812 [java.util.concurrent.ThreadPoolExecutor$Worker@6cbe33e6[State = -1, empty queue]] WARN  server.GrpcLogAppender (GrpcLogAppender.java:timeoutAppendRequest(209)) - 15de30e0-32e7-4789-867b-8c05fd0bfca2@group-91CED867EC48->0cd5f69f-229b-4e24-9dce-31aad898d52d-GrpcLogAppender: appendEntries Timeout, request=15de30e0-32e7-4789-867b-8c05fd0bfca2->0cd5f69f-229b-4e24-9dce-31aad898d52d#51-t1, previous=(t:1, i:10), leaderCommit=10, initializing? false, entries: <empty>
2019-10-23 22:39:57,032 [BlockDeletingService#2] WARN  background.BlockDeletingService (BlockDeletingService.java:isDeletionAllowed(187)) - Close Container log Index 6 is not replicated across allthe servers in the pipeline a9317f84-3083-4a94-a1f5-91ced867ec48 as the min replicated index is 4. Deletion is not allowed in this container yet.
2019-10-23 22:39:57,032 [BlockDeletingService#0] WARN  background.BlockDeletingService (BlockDeletingService.java:isDeletionAllowed(187)) - Close Container log Index 6 is not replicated across allthe servers in the pipeline a9317f84-3083-4a94-a1f5-91ced867ec48 as the min replicated index is 4. Deletion is not allowed in this container yet.
2019-10-23 22:39:57,061 [Datanode State Machine Thread - 0] INFO  ozoneimpl.OzoneContainer (OzoneContainer.java:start(213)) - Attempting to start container services.
2019-10-23 22:39:57,061 [Datanode State Machine Thread - 0] INFO  ozoneimpl.OzoneContainer (OzoneContainer.java:startContainerScrub(177)) - Background container scanner has been disabled.
2019-10-23 22:39:57,061 [Datanode State Machine Thread - 0] INFO  ratis.XceiverServerRatis (XceiverServerRatis.java:start(418)) - Starting XceiverServerRatis 0cd5f69f-229b-4e24-9dce-31aad898d52d at port 33132
2019-10-23 22:39:57,072 [Datanode State Machine Thread - 0] INFO  impl.RaftServerImpl (RaftServerImpl.java:start(195)) - 0cd5f69f-229b-4e24-9dce-31aad898d52d@group-937CDEBE0F6B: start as a follower, conf=0: [0cd5f69f-229b-4e24-9dce-31aad898d52d:192.168.157.195:33132], old=null
2019-10-23 22:39:57,073 [ForkJoinPool.commonPool-worker-0] INFO  impl.RaftServerImpl (RaftServerImpl.java:start(195)) - 0cd5f69f-229b-4e24-9dce-31aad898d52d@group-91CED867EC48: start as a follower, conf=0: [0cd5f69f-229b-4e24-9dce-31aad898d52d:192.168.157.195:33132, 15de30e0-32e7-4789-867b-8c05fd0bfca2:192.168.157.195:43624, 2f4845be-2264-4a1a-8a27-f958336e1da9:192.168.157.195:36753], old=null
2019-10-23 22:39:57,073 [Datanode State Machine Thread - 0] INFO  impl.RaftServerImpl (RaftServerImpl.java:setRole(184)) - 0cd5f69f-229b-4e24-9dce-31aad898d52d@group-937CDEBE0F6B: changes role from      null to FOLLOWER at term 1 for startAsFollower
2019-10-23 22:39:57,073 [ForkJoinPool.commonPool-worker-0] INFO  impl.RaftServerImpl (RaftServerImpl.java:setRole(184)) - 0cd5f69f-229b-4e24-9dce-31aad898d52d@group-91CED867EC48: changes role from      null to FOLLOWER at term 1 for startAsFollower
2019-10-23 22:39:57,073 [Datanode State Machine Thread - 0] INFO  impl.RoleInfo (RoleInfo.java:updateAndGet(143)) - 0cd5f69f-229b-4e24-9dce-31aad898d52d: start FollowerState
2019-10-23 22:39:57,073 [ForkJoinPool.commonPool-worker-0] INFO  impl.RoleInfo (RoleInfo.java:updateAndGet(143)) - 0cd5f69f-229b-4e24-9dce-31aad898d52d: start FollowerState
2019-10-23 22:39:57,074 [Datanode State Machine Thread - 0] INFO  util.JmxRegister (JmxRegister.java:tryRegister(44)) - Successfully registered JMX Bean with object name Ratis:service=RaftServer,group=group-937CDEBE0F6B,id=0cd5f69f-229b-4e24-9dce-31aad898d52d
2019-10-23 22:39:57,074 [ForkJoinPool.commonPool-worker-0] INFO  util.JmxRegister (JmxRegister.java:tryRegister(44)) - Successfully registered JMX Bean with object name Ratis:service=RaftServer,group=group-91CED867EC48,id=0cd5f69f-229b-4e24-9dce-31aad898d52d
2019-10-23 22:39:57,076 [Datanode State Machine Thread - 0] INFO  impl.RaftServerProxy (RaftServerProxy.java:lambda$start$3(299)) - 0cd5f69f-229b-4e24-9dce-31aad898d52d: start RPC server
2019-10-23 22:39:57,078 [Datanode State Machine Thread - 0] INFO  server.GrpcService (GrpcService.java:startImpl(158)) - 0cd5f69f-229b-4e24-9dce-31aad898d52d: GrpcService started, listening on 0.0.0.0/0.0.0.0:33132
2019-10-23 22:39:57,097 [Thread-553] INFO  impl.FollowerState (FollowerState.java:run(108)) - 0cd5f69f-229b-4e24-9dce-31aad898d52d@group-91CED867EC48-FollowerState: change to CANDIDATE, lastRpcTime:23ms, electionTimeout:23ms
2019-10-23 22:39:57,098 [Thread-553] INFO  impl.RoleInfo (RoleInfo.java:shutdownFollowerState(121)) - 0cd5f69f-229b-4e24-9dce-31aad898d52d: shutdown FollowerState
2019-10-23 22:39:57,098 [Thread-553] INFO  impl.RaftServerImpl (RaftServerImpl.java:setRole(184)) - 0cd5f69f-229b-4e24-9dce-31aad898d52d@group-91CED867EC48: changes role from  FOLLOWER to CANDIDATE at term 1 for changeToCandidate
2019-10-23 22:39:57,098 [Thread-553] INFO  impl.RoleInfo (RoleInfo.java:updateAndGet(143)) - 0cd5f69f-229b-4e24-9dce-31aad898d52d: start LeaderElection
2019-10-23 22:39:57,113 [0cd5f69f-229b-4e24-9dce-31aad898d52d@group-91CED867EC48-LeaderElection6] INFO  impl.LeaderElection (LeaderElection.java:askForVotes(178)) - 0cd5f69f-229b-4e24-9dce-31aad898d52d@group-91CED867EC48-LeaderElection6: begin an election at term 2 for 0: [0cd5f69f-229b-4e24-9dce-31aad898d52d:192.168.157.195:33132, 15de30e0-32e7-4789-867b-8c05fd0bfca2:192.168.157.195:43624, 2f4845be-2264-4a1a-8a27-f958336e1da9:192.168.157.195:36753], old=null
2019-10-23 22:39:57,124 [0cd5f69f-229b-4e24-9dce-31aad898d52d@group-91CED867EC48-LeaderElection6] INFO  impl.LeaderElection (LeaderElection.java:logAndReturn(56)) - 0cd5f69f-229b-4e24-9dce-31aad898d52d@group-91CED867EC48-LeaderElection6: Election TIMEOUT; received 0 response(s) [] and 0 exception(s); 0cd5f69f-229b-4e24-9dce-31aad898d52d@group-91CED867EC48:t2, leader=null, voted=0cd5f69f-229b-4e24-9dce-31aad898d52d, raftlog=0cd5f69f-229b-4e24-9dce-31aad898d52d@group-91CED867EC48-SegmentedRaftLog:OPENED:c3,f4,i4, conf=0: [0cd5f69f-229b-4e24-9dce-31aad898d52d:192.168.157.195:33132, 15de30e0-32e7-4789-867b-8c05fd0bfca2:192.168.157.195:43624, 2f4845be-2264-4a1a-8a27-f958336e1da9:192.168.157.195:36753], old=null
2019-10-23 22:39:57,130 [grpc-default-executor-4] INFO  impl.RaftServerImpl (ServerState.java:setLeader(256)) - 15de30e0-32e7-4789-867b-8c05fd0bfca2@group-91CED867EC48: change Leader from 15de30e0-32e7-4789-867b-8c05fd0bfca2 to null at term 2 for updateCurrentTerm
2019-10-23 22:39:57,130 [grpc-default-executor-3] INFO  impl.RaftServerImpl (ServerState.java:setLeader(256)) - 2f4845be-2264-4a1a-8a27-f958336e1da9@group-91CED867EC48: change Leader from 15de30e0-32e7-4789-867b-8c05fd0bfca2 to null at term 2 for updateCurrentTerm
2019-10-23 22:39:57,131 [grpc-default-executor-4] INFO  impl.RaftServerImpl (RaftServerImpl.java:setRole(184)) - 15de30e0-32e7-4789-867b-8c05fd0bfca2@group-91CED867EC48: changes role from    LEADER to FOLLOWER at term 2 for recognizeCandidate:0cd5f69f-229b-4e24-9dce-31aad898d52d
2019-10-23 22:39:57,132 [grpc-default-executor-3] INFO  impl.RaftServerImpl (RaftServerImpl.java:setRole(184)) - 2f4845be-2264-4a1a-8a27-f958336e1da9@group-91CED867EC48: changes role from  FOLLOWER to FOLLOWER at term 2 for recognizeCandidate:0cd5f69f-229b-4e24-9dce-31aad898d52d
2019-10-23 22:39:57,132 [grpc-default-executor-4] INFO  impl.RoleInfo (RoleInfo.java:shutdownLeaderState(104)) - 15de30e0-32e7-4789-867b-8c05fd0bfca2: shutdown LeaderState
2019-10-23 22:39:57,132 [grpc-default-executor-3] INFO  impl.RoleInfo (RoleInfo.java:shutdownFollowerState(121)) - 2f4845be-2264-4a1a-8a27-f958336e1da9: shutdown FollowerState
2019-10-23 22:39:57,134 [grpc-default-executor-4] INFO  impl.PendingRequests (PendingRequests.java:sendNotLeaderResponses(202)) - 15de30e0-32e7-4789-867b-8c05fd0bfca2@group-91CED867EC48-PendingRequests: sendNotLeaderResponses
2019-10-23 22:39:57,134 [Thread-222] INFO  impl.FollowerState (FollowerState.java:run(117)) - 2f4845be-2264-4a1a-8a27-f958336e1da9@group-91CED867EC48-FollowerState was interrupted: java.lang.InterruptedException: sleep interrupted
2019-10-23 22:39:57,134 [org.apache.ratis.server.impl.LogAppender$AppenderDaemon$$Lambda$437/734435917@5da3a064] WARN  server.GrpcLogAppender (GrpcLogAppender.java:mayWait(149)) - 15de30e0-32e7-4789-867b-8c05fd0bfca2@group-91CED867EC48->0cd5f69f-229b-4e24-9dce-31aad898d52d-GrpcLogAppender: Wait interrupted by java.lang.InterruptedException
2019-10-23 22:39:57,134 [org.apache.ratis.server.impl.LogAppender$AppenderDaemon$$Lambda$437/734435917@4a6f8a72] WARN  server.GrpcLogAppender (GrpcLogAppender.java:mayWait(149)) - 15de30e0-32e7-4789-867b-8c05fd0bfca2@group-91CED867EC48->2f4845be-2264-4a1a-8a27-f958336e1da9-GrpcLogAppender: Wait interrupted by java.lang.InterruptedException
2019-10-23 22:39:57,134 [grpc-default-executor-3] INFO  impl.RoleInfo (RoleInfo.java:updateAndGet(143)) - 2f4845be-2264-4a1a-8a27-f958336e1da9: start FollowerState
2019-10-23 22:39:57,139 [grpc-default-executor-4] INFO  impl.RoleInfo (RoleInfo.java:updateAndGet(143)) - 15de30e0-32e7-4789-867b-8c05fd0bfca2: start FollowerState
2019-10-23 22:39:57,139 [Thread-560] INFO  client.GrpcClientProtocolService (GrpcClientProtocolService.java:lambda$processClientRequest$0(278)) - Failed RaftClientRequest:client-A571C4F32A47->15de30e0-32e7-4789-867b-8c05fd0bfca2@group-91CED867EC48, cid=10, seq=0, Watch-ALL_COMMITTED(6), Message:<EMPTY>, reply=RaftClientReply:client-A571C4F32A47->15de30e0-32e7-4789-867b-8c05fd0bfca2@group-91CED867EC48, cid=10, FAILED org.apache.ratis.protocol.NotLeaderException: Server 15de30e0-32e7-4789-867b-8c05fd0bfca2@group-91CED867EC48 is not the leader, logIndex=0, commits[15de30e0-32e7-4789-867b-8c05fd0bfca2:c10, 0cd5f69f-229b-4e24-9dce-31aad898d52d:c4, 2f4845be-2264-4a1a-8a27-f958336e1da9:c10]
2019-10-23 22:39:57,139 [0cd5f69f-229b-4e24-9dce-31aad898d52d@group-91CED867EC48-LeaderElection6] INFO  impl.LeaderElection (LeaderElection.java:askForVotes(178)) - 0cd5f69f-229b-4e24-9dce-31aad898d52d@group-91CED867EC48-LeaderElection6: begin an election at term 3 for 0: [0cd5f69f-229b-4e24-9dce-31aad898d52d:192.168.157.195:33132, 15de30e0-32e7-4789-867b-8c05fd0bfca2:192.168.157.195:43624, 2f4845be-2264-4a1a-8a27-f958336e1da9:192.168.157.195:36753], old=null
2019-10-23 22:39:57,143 [grpc-default-executor-5] INFO  server.GrpcServerProtocolService (GrpcServerProtocolService.java:onCompleted(113)) - 2f4845be-2264-4a1a-8a27-f958336e1da9: Completed APPEND_ENTRIES, lastRequest: 15de30e0-32e7-4789-867b-8c05fd0bfca2->2f4845be-2264-4a1a-8a27-f958336e1da9#52-t1, previous=(t:1, i:10), leaderCommit=10, initializing? false, entries: <empty>
2019-10-23 22:39:57,149 [grpc-default-executor-1] INFO  server.GrpcLogAppender (GrpcLogAppender.java:onCompleted(308)) - 15de30e0-32e7-4789-867b-8c05fd0bfca2@group-91CED867EC48->2f4845be-2264-4a1a-8a27-f958336e1da9-AppendLogResponseHandler: follower responses appendEntries COMPLETED
2019-10-23 22:39:57,154 [grpc-default-executor-5] INFO  impl.RaftServerImpl (RaftServerImpl.java:setRole(184)) - 2f4845be-2264-4a1a-8a27-f958336e1da9@group-91CED867EC48: changes role from  FOLLOWER to FOLLOWER at term 3 for recognizeCandidate:0cd5f69f-229b-4e24-9dce-31aad898d52d
2019-10-23 22:39:57,154 [grpc-default-executor-5] INFO  impl.RoleInfo (RoleInfo.java:shutdownFollowerState(121)) - 2f4845be-2264-4a1a-8a27-f958336e1da9: shutdown FollowerState
2019-10-23 22:39:57,154 [grpc-default-executor-6] INFO  impl.RaftServerImpl (RaftServerImpl.java:setRole(184)) - 15de30e0-32e7-4789-867b-8c05fd0bfca2@group-91CED867EC48: changes role from  FOLLOWER to FOLLOWER at term 3 for recognizeCandidate:0cd5f69f-229b-4e24-9dce-31aad898d52d
2019-10-23 22:39:57,154 [Thread-559] INFO  impl.FollowerState (FollowerState.java:run(117)) - 2f4845be-2264-4a1a-8a27-f958336e1da9@group-91CED867EC48-FollowerState was interrupted: java.lang.InterruptedException: sleep interrupted
2019-10-23 22:39:57,154 [grpc-default-executor-5] INFO  impl.RoleInfo (RoleInfo.java:updateAndGet(143)) - 2f4845be-2264-4a1a-8a27-f958336e1da9: start FollowerState
2019-10-23 22:39:57,154 [grpc-default-executor-6] INFO  impl.RoleInfo (RoleInfo.java:shutdownFollowerState(121)) - 15de30e0-32e7-4789-867b-8c05fd0bfca2: shutdown FollowerState
2019-10-23 22:39:57,156 [grpc-default-executor-1] INFO  impl.FollowerInfo (FollowerInfo.java:lambda$new$0(51)) - 15de30e0-32e7-4789-867b-8c05fd0bfca2@group-91CED867EC48->2f4845be-2264-4a1a-8a27-f958336e1da9: nextIndex: updateUnconditionally 11 -> 10
2019-10-23 22:39:57,156 [grpc-default-executor-6] INFO  impl.RoleInfo (RoleInfo.java:updateAndGet(143)) - 15de30e0-32e7-4789-867b-8c05fd0bfca2: start FollowerState
2019-10-23 22:39:57,156 [Thread-561] INFO  impl.FollowerState (FollowerState.java:run(117)) - 15de30e0-32e7-4789-867b-8c05fd0bfca2@group-91CED867EC48-FollowerState was interrupted: java.lang.InterruptedException: sleep interrupted
2019-10-23 22:39:57,177 [0cd5f69f-229b-4e24-9dce-31aad898d52d@group-91CED867EC48-LeaderElection6] INFO  impl.LeaderElection (LeaderElection.java:logAndReturn(56)) - 0cd5f69f-229b-4e24-9dce-31aad898d52d@group-91CED867EC48-LeaderElection6: Election REJECTED; received 2 response(s) [0cd5f69f-229b-4e24-9dce-31aad898d52d<-15de30e0-32e7-4789-867b-8c05fd0bfca2#0:FAIL-t3, 0cd5f69f-229b-4e24-9dce-31aad898d52d<-2f4845be-2264-4a1a-8a27-f958336e1da9#0:FAIL-t3] and 0 exception(s); 0cd5f69f-229b-4e24-9dce-31aad898d52d@group-91CED867EC48:t3, leader=null, voted=0cd5f69f-229b-4e24-9dce-31aad898d52d, raftlog=0cd5f69f-229b-4e24-9dce-31aad898d52d@group-91CED867EC48-SegmentedRaftLog:OPENED:c3,f4,i4, conf=0: [0cd5f69f-229b-4e24-9dce-31aad898d52d:192.168.157.195:33132, 15de30e0-32e7-4789-867b-8c05fd0bfca2:192.168.157.195:43624, 2f4845be-2264-4a1a-8a27-f958336e1da9:192.168.157.195:36753], old=null
2019-10-23 22:39:57,177 [0cd5f69f-229b-4e24-9dce-31aad898d52d@group-91CED867EC48-LeaderElection6] INFO  impl.RaftServerImpl (RaftServerImpl.java:setRole(184)) - 0cd5f69f-229b-4e24-9dce-31aad898d52d@group-91CED867EC48: changes role from CANDIDATE to FOLLOWER at term 3 for DISCOVERED_A_NEW_TERM
2019-10-23 22:39:57,180 [0cd5f69f-229b-4e24-9dce-31aad898d52d@group-91CED867EC48-LeaderElection6] INFO  impl.RoleInfo (RoleInfo.java:shutdownLeaderElection(134)) - 0cd5f69f-229b-4e24-9dce-31aad898d52d: shutdown LeaderElection
2019-10-23 22:39:57,180 [0cd5f69f-229b-4e24-9dce-31aad898d52d@group-91CED867EC48-LeaderElection6] INFO  impl.RoleInfo (RoleInfo.java:updateAndGet(143)) - 0cd5f69f-229b-4e24-9dce-31aad898d52d: start FollowerState
2019-10-23 22:39:57,228 [Thread-567] INFO  impl.FollowerState (FollowerState.java:run(108)) - 0cd5f69f-229b-4e24-9dce-31aad898d52d@group-91CED867EC48-FollowerState: change to CANDIDATE, lastRpcTime:47ms, electionTimeout:47ms
2019-10-23 22:39:57,229 [Thread-567] INFO  impl.RoleInfo (RoleInfo.java:shutdownFollowerState(121)) - 0cd5f69f-229b-4e24-9dce-31aad898d52d: shutdown FollowerState
2019-10-23 22:39:57,229 [Thread-567] INFO  impl.RaftServerImpl (RaftServerImpl.java:setRole(184)) - 0cd5f69f-229b-4e24-9dce-31aad898d52d@group-91CED867EC48: changes role from  FOLLOWER to CANDIDATE at term 3 for changeToCandidate
2019-10-23 22:39:57,229 [Thread-567] INFO  impl.RoleInfo (RoleInfo.java:updateAndGet(143)) - 0cd5f69f-229b-4e24-9dce-31aad898d52d: start LeaderElection
2019-10-23 22:39:57,229 [Thread-552] INFO  impl.FollowerState (FollowerState.java:run(108)) - 0cd5f69f-229b-4e24-9dce-31aad898d52d@group-937CDEBE0F6B-FollowerState: change to CANDIDATE, lastRpcTime:155ms, electionTimeout:155ms
2019-10-23 22:39:57,230 [Thread-552] INFO  impl.RoleInfo (RoleInfo.java:shutdownFollowerState(121)) - 0cd5f69f-229b-4e24-9dce-31aad898d52d: shutdown FollowerState
2019-10-23 22:39:57,230 [Thread-552] INFO  impl.RaftServerImpl (RaftServerImpl.java:setRole(184)) - 0cd5f69f-229b-4e24-9dce-31aad898d52d@group-937CDEBE0F6B: changes role from  FOLLOWER to CANDIDATE at term 1 for changeToCandidate
2019-10-23 22:39:57,230 [Thread-552] INFO  impl.RoleInfo (RoleInfo.java:updateAndGet(143)) - 0cd5f69f-229b-4e24-9dce-31aad898d52d: start LeaderElection
2019-10-23 22:39:57,245 [0cd5f69f-229b-4e24-9dce-31aad898d52d@group-937CDEBE0F6B-LeaderElection8] INFO  impl.LeaderElection (LeaderElection.java:askForVotes(178)) - 0cd5f69f-229b-4e24-9dce-31aad898d52d@group-937CDEBE0F6B-LeaderElection8: begin an election at term 2 for 0: [0cd5f69f-229b-4e24-9dce-31aad898d52d:192.168.157.195:33132], old=null
2019-10-23 22:39:57,245 [0cd5f69f-229b-4e24-9dce-31aad898d52d@group-91CED867EC48-LeaderElection7] INFO  impl.LeaderElection (LeaderElection.java:askForVotes(178)) - 0cd5f69f-229b-4e24-9dce-31aad898d52d@group-91CED867EC48-LeaderElection7: begin an election at term 4 for 0: [0cd5f69f-229b-4e24-9dce-31aad898d52d:192.168.157.195:33132, 15de30e0-32e7-4789-867b-8c05fd0bfca2:192.168.157.195:43624, 2f4845be-2264-4a1a-8a27-f958336e1da9:192.168.157.195:36753], old=null
2019-10-23 22:39:57,245 [0cd5f69f-229b-4e24-9dce-31aad898d52d@group-937CDEBE0F6B-LeaderElection8] INFO  impl.RoleInfo (RoleInfo.java:shutdownLeaderElection(134)) - 0cd5f69f-229b-4e24-9dce-31aad898d52d: shutdown LeaderElection
2019-10-23 22:39:57,245 [0cd5f69f-229b-4e24-9dce-31aad898d52d@group-937CDEBE0F6B-LeaderElection8] INFO  impl.RaftServerImpl (RaftServerImpl.java:setRole(184)) - 0cd5f69f-229b-4e24-9dce-31aad898d52d@group-937CDEBE0F6B: changes role from CANDIDATE to LEADER at term 2 for changeToLeader
2019-10-23 22:39:57,245 [0cd5f69f-229b-4e24-9dce-31aad898d52d@group-937CDEBE0F6B-LeaderElection8] INFO  impl.RaftServerImpl (ServerState.java:setLeader(256)) - 0cd5f69f-229b-4e24-9dce-31aad898d52d@group-937CDEBE0F6B: change Leader from null to 0cd5f69f-229b-4e24-9dce-31aad898d52d at term 2 for becomeLeader, leader elected after 2262ms
2019-10-23 22:39:57,245 [0cd5f69f-229b-4e24-9dce-31aad898d52d@group-937CDEBE0F6B-LeaderElection8] INFO  server.RaftServerConfigKeys (ConfUtils.java:logGet(43)) - raft.server.staging.catchup.gap = 1000 (default)
2019-10-23 22:39:57,246 [0cd5f69f-229b-4e24-9dce-31aad898d52d@group-937CDEBE0F6B-LeaderElection8] INFO  server.RaftServerConfigKeys (ConfUtils.java:logGet(43)) - raft.server.rpc.sleep.time = 25ms (default)
2019-10-23 22:39:57,246 [0cd5f69f-229b-4e24-9dce-31aad898d52d@group-937CDEBE0F6B-LeaderElection8] INFO  server.RaftServerConfigKeys (ConfUtils.java:logGet(43)) - raft.server.write.element-limit = 4096 (default)
2019-10-23 22:39:57,246 [0cd5f69f-229b-4e24-9dce-31aad898d52d@group-937CDEBE0F6B-LeaderElection8] INFO  server.RaftServerConfigKeys (ConfUtils.java:logGet(43)) - raft.server.watch.timeout = 10s (default)
2019-10-23 22:39:57,246 [0cd5f69f-229b-4e24-9dce-31aad898d52d@group-937CDEBE0F6B-LeaderElection8] INFO  server.RaftServerConfigKeys (ConfUtils.java:logGet(43)) - raft.server.watch.timeout.denomination = 1s (default)
2019-10-23 22:39:57,246 [0cd5f69f-229b-4e24-9dce-31aad898d52d@group-937CDEBE0F6B-LeaderElection8] INFO  server.RaftServerConfigKeys (ConfUtils.java:logGet(43)) - raft.server.watch.element-limit = 65536 (default)
2019-10-23 22:39:57,246 [0cd5f69f-229b-4e24-9dce-31aad898d52d@group-937CDEBE0F6B-LeaderElection8] INFO  impl.RoleInfo (RoleInfo.java:updateAndGet(143)) - 0cd5f69f-229b-4e24-9dce-31aad898d52d: start LeaderState
2019-10-23 22:39:57,247 [0cd5f69f-229b-4e24-9dce-31aad898d52d@group-937CDEBE0F6B-LeaderElection8] INFO  segmented.SegmentedRaftLogWorker (SegmentedRaftLogWorker.java:rollLogSegment(390)) - 0cd5f69f-229b-4e24-9dce-31aad898d52d@group-937CDEBE0F6B-SegmentedRaftLogWorker: Rolling segment log-0_0 to index:0
2019-10-23 22:39:57,251 [grpc-default-executor-6] INFO  impl.RaftServerImpl (RaftServerImpl.java:setRole(184)) - 2f4845be-2264-4a1a-8a27-f958336e1da9@group-91CED867EC48: changes role from  FOLLOWER to FOLLOWER at term 4 for recognizeCandidate:0cd5f69f-229b-4e24-9dce-31aad898d52d
2019-10-23 22:39:57,251 [0cd5f69f-229b-4e24-9dce-31aad898d52d@group-937CDEBE0F6B-LeaderElection8] INFO  impl.RaftServerImpl (ServerState.java:setRaftConf(357)) - 0cd5f69f-229b-4e24-9dce-31aad898d52d@group-937CDEBE0F6B: set configuration 1: [0cd5f69f-229b-4e24-9dce-31aad898d52d:192.168.157.195:33132], old=null at 1
2019-10-23 22:39:57,251 [grpc-default-executor-5] INFO  impl.RaftServerImpl (RaftServerImpl.java:setRole(184)) - 15de30e0-32e7-4789-867b-8c05fd0bfca2@group-91CED867EC48: changes role from  FOLLOWER to FOLLOWER at term 4 for recognizeCandidate:0cd5f69f-229b-4e24-9dce-31aad898d52d
2019-10-23 22:39:57,251 [grpc-default-executor-6] INFO  impl.RoleInfo (RoleInfo.java:shutdownFollowerState(121)) - 2f4845be-2264-4a1a-8a27-f958336e1da9: shutdown FollowerState
2019-10-23 22:39:57,252 [grpc-default-executor-5] INFO  impl.RoleInfo (RoleInfo.java:shutdownFollowerState(121)) - 15de30e0-32e7-4789-867b-8c05fd0bfca2: shutdown FollowerState
2019-10-23 22:39:57,252 [Thread-565] INFO  impl.FollowerState (FollowerState.java:run(117)) - 2f4845be-2264-4a1a-8a27-f958336e1da9@group-91CED867EC48-FollowerState was interrupted: java.lang.InterruptedException: sleep interrupted
2019-10-23 22:39:57,252 [grpc-default-executor-6] INFO  impl.RoleInfo (RoleInfo.java:updateAndGet(143)) - 2f4845be-2264-4a1a-8a27-f958336e1da9: start FollowerState
2019-10-23 22:39:57,252 [Thread-566] INFO  impl.FollowerState (FollowerState.java:run(117)) - 15de30e0-32e7-4789-867b-8c05fd0bfca2@group-91CED867EC48-FollowerState was interrupted: java.lang.InterruptedException: sleep interrupted
2019-10-23 22:39:57,252 [grpc-default-executor-5] INFO  impl.RoleInfo (RoleInfo.java:updateAndGet(143)) - 15de30e0-32e7-4789-867b-8c05fd0bfca2: start FollowerState
2019-10-23 22:39:57,255 [0cd5f69f-229b-4e24-9dce-31aad898d52d@group-937CDEBE0F6B-SegmentedRaftLogWorker] INFO  segmented.SegmentedRaftLogWorker (SegmentedRaftLogWorker.java:execute(533)) - 0cd5f69f-229b-4e24-9dce-31aad898d52d@group-937CDEBE0F6B-SegmentedRaftLogWorker: Rolled log segment from /workdir/hadoop-ozone/integration-test/target/test-dir/MiniOzoneClusterImpl-da3a6117-6078-43df-8e08-80734442ab50/datanode-2/data/ratis/d4fc0a4e-a9f7-4992-8467-937cdebe0f6b/current/log_inprogress_0 to /workdir/hadoop-ozone/integration-test/target/test-dir/MiniOzoneClusterImpl-da3a6117-6078-43df-8e08-80734442ab50/datanode-2/data/ratis/d4fc0a4e-a9f7-4992-8467-937cdebe0f6b/current/log_0-0
2019-10-23 22:39:57,298 [0cd5f69f-229b-4e24-9dce-31aad898d52d@group-91CED867EC48-LeaderElection7] INFO  impl.LeaderElection (LeaderElection.java:logAndReturn(56)) - 0cd5f69f-229b-4e24-9dce-31aad898d52d@group-91CED867EC48-LeaderElection7: Election REJECTED; received 2 response(s) [0cd5f69f-229b-4e24-9dce-31aad898d52d<-15de30e0-32e7-4789-867b-8c05fd0bfca2#0:FAIL-t4, 0cd5f69f-229b-4e24-9dce-31aad898d52d<-2f4845be-2264-4a1a-8a27-f958336e1da9#0:FAIL-t4] and 0 exception(s); 0cd5f69f-229b-4e24-9dce-31aad898d52d@group-91CED867EC48:t4, leader=null, voted=0cd5f69f-229b-4e24-9dce-31aad898d52d, raftlog=0cd5f69f-229b-4e24-9dce-31aad898d52d@group-91CED867EC48-SegmentedRaftLog:OPENED:c3,f4,i4, conf=0: [0cd5f69f-229b-4e24-9dce-31aad898d52d:192.168.157.195:33132, 15de30e0-32e7-4789-867b-8c05fd0bfca2:192.168.157.195:43624, 2f4845be-2264-4a1a-8a27-f958336e1da9:192.168.157.195:36753], old=null
2019-10-23 22:39:57,298 [0cd5f69f-229b-4e24-9dce-31aad898d52d@group-91CED867EC48-LeaderElection7] INFO  impl.RaftServerImpl (RaftServerImpl.java:setRole(184)) - 0cd5f69f-229b-4e24-9dce-31aad898d52d@group-91CED867EC48: changes role from CANDIDATE to FOLLOWER at term 4 for DISCOVERED_A_NEW_TERM
2019-10-23 22:39:57,298 [0cd5f69f-229b-4e24-9dce-31aad898d52d@group-91CED867EC48-LeaderElection7] INFO  impl.RoleInfo (RoleInfo.java:shutdownLeaderElection(134)) - 0cd5f69f-229b-4e24-9dce-31aad898d52d: shutdown LeaderElection
2019-10-23 22:39:57,300 [0cd5f69f-229b-4e24-9dce-31aad898d52d@group-91CED867EC48-LeaderElection7] INFO  impl.RoleInfo (RoleInfo.java:updateAndGet(143)) - 0cd5f69f-229b-4e24-9dce-31aad898d52d: start FollowerState
2019-10-23 22:39:57,316 [0cd5f69f-229b-4e24-9dce-31aad898d52d@group-937CDEBE0F6B-SegmentedRaftLogWorker] INFO  segmented.SegmentedRaftLogWorker (SegmentedRaftLogWorker.java:execute(576)) - 0cd5f69f-229b-4e24-9dce-31aad898d52d@group-937CDEBE0F6B-SegmentedRaftLogWorker: created new log segment /workdir/hadoop-ozone/integration-test/target/test-dir/MiniOzoneClusterImpl-da3a6117-6078-43df-8e08-80734442ab50/datanode-2/data/ratis/d4fc0a4e-a9f7-4992-8467-937cdebe0f6b/current/log_inprogress_1
2019-10-23 22:39:57,387 [Thread-575] INFO  impl.FollowerState (FollowerState.java:run(108)) - 0cd5f69f-229b-4e24-9dce-31aad898d52d@group-91CED867EC48-FollowerState: change to CANDIDATE, lastRpcTime:87ms, electionTimeout:86ms
2019-10-23 22:39:57,387 [Thread-575] INFO  impl.RoleInfo (RoleInfo.java:shutdownFollowerState(121)) - 0cd5f69f-229b-4e24-9dce-31aad898d52d: shutdown FollowerState
2019-10-23 22:39:57,387 [Thread-575] INFO  impl.RaftServerImpl (RaftServerImpl.java:setRole(184)) - 0cd5f69f-229b-4e24-9dce-31aad898d52d@group-91CED867EC48: changes role from  FOLLOWER to CANDIDATE at term 4 for changeToCandidate
2019-10-23 22:39:57,387 [Thread-575] INFO  impl.RoleInfo (RoleInfo.java:updateAndGet(143)) - 0cd5f69f-229b-4e24-9dce-31aad898d52d: start LeaderElection
2019-10-23 22:39:57,402 [0cd5f69f-229b-4e24-9dce-31aad898d52d@group-91CED867EC48-LeaderElection9] INFO  impl.LeaderElection (LeaderElection.java:askForVotes(178)) - 0cd5f69f-229b-4e24-9dce-31aad898d52d@group-91CED867EC48-LeaderElection9: begin an election at term 5 for 0: [0cd5f69f-229b-4e24-9dce-31aad898d52d:192.168.157.195:33132, 15de30e0-32e7-4789-867b-8c05fd0bfca2:192.168.157.195:43624, 2f4845be-2264-4a1a-8a27-f958336e1da9:192.168.157.195:36753], old=null
2019-10-23 22:39:57,406 [grpc-default-executor-5] INFO  impl.RaftServerImpl (RaftServerImpl.java:setRole(184)) - 15de30e0-32e7-4789-867b-8c05fd0bfca2@group-91CED867EC48: changes role from  FOLLOWER to FOLLOWER at term 5 for recognizeCandidate:0cd5f69f-229b-4e24-9dce-31aad898d52d
2019-10-23 22:39:57,406 [grpc-default-executor-6] INFO  impl.RaftServerImpl (RaftServerImpl.java:setRole(184)) - 2f4845be-2264-4a1a-8a27-f958336e1da9@group-91CED867EC48: changes role from  FOLLOWER to FOLLOWER at term 5 for recognizeCandidate:0cd5f69f-229b-4e24-9dce-31aad898d52d
2019-10-23 22:39:57,407 [grpc-default-executor-5] INFO  impl.RoleInfo (RoleInfo.java:shutdownFollowerState(121)) - 15de30e0-32e7-4789-867b-8c05fd0bfca2: shutdown FollowerState
2019-10-23 22:39:57,407 [grpc-default-executor-6] INFO  impl.RoleInfo (RoleInfo.java:shutdownFollowerState(121)) - 2f4845be-2264-4a1a-8a27-f958336e1da9: shutdown FollowerState
2019-10-23 22:39:57,407 [grpc-default-executor-5] INFO  impl.RoleInfo (RoleInfo.java:updateAndGet(143)) - 15de30e0-32e7-4789-867b-8c05fd0bfca2: start FollowerState
2019-10-23 22:39:57,407 [Thread-574] INFO  impl.FollowerState (FollowerState.java:run(117)) - 15de30e0-32e7-4789-867b-8c05fd0bfca2@group-91CED867EC48-FollowerState was interrupted: java.lang.InterruptedException: sleep interrupted
2019-10-23 22:39:57,407 [Thread-573] INFO  impl.FollowerState (FollowerState.java:run(117)) - 2f4845be-2264-4a1a-8a27-f958336e1da9@group-91CED867EC48-FollowerState was interrupted: java.lang.InterruptedException: sleep interrupted
2019-10-23 22:39:57,407 [grpc-default-executor-6] INFO  impl.RoleInfo (RoleInfo.java:updateAndGet(143)) - 2f4845be-2264-4a1a-8a27-f958336e1da9: start FollowerState
2019-10-23 22:39:57,426 [0cd5f69f-229b-4e24-9dce-31aad898d52d@group-91CED867EC48-LeaderElection9] INFO  impl.LeaderElection (LeaderElection.java:logAndReturn(56)) - 0cd5f69f-229b-4e24-9dce-31aad898d52d@group-91CED867EC48-LeaderElection9: Election REJECTED; received 2 response(s) [0cd5f69f-229b-4e24-9dce-31aad898d52d<-15de30e0-32e7-4789-867b-8c05fd0bfca2#0:FAIL-t5, 0cd5f69f-229b-4e24-9dce-31aad898d52d<-2f4845be-2264-4a1a-8a27-f958336e1da9#0:FAIL-t5] and 0 exception(s); 0cd5f69f-229b-4e24-9dce-31aad898d52d@group-91CED867EC48:t5, leader=null, voted=0cd5f69f-229b-4e24-9dce-31aad898d52d, raftlog=0cd5f69f-229b-4e24-9dce-31aad898d52d@group-91CED867EC48-SegmentedRaftLog:OPENED:c3,f4,i4, conf=0: [0cd5f69f-229b-4e24-9dce-31aad898d52d:192.168.157.195:33132, 15de30e0-32e7-4789-867b-8c05fd0bfca2:192.168.157.195:43624, 2f4845be-2264-4a1a-8a27-f958336e1da9:192.168.157.195:36753], old=null
2019-10-23 22:39:57,426 [0cd5f69f-229b-4e24-9dce-31aad898d52d@group-91CED867EC48-LeaderElection9] INFO  impl.RaftServerImpl (RaftServerImpl.java:setRole(184)) - 0cd5f69f-229b-4e24-9dce-31aad898d52d@group-91CED867EC48: changes role from CANDIDATE to FOLLOWER at term 5 for DISCOVERED_A_NEW_TERM
2019-10-23 22:39:57,428 [0cd5f69f-229b-4e24-9dce-31aad898d52d@group-91CED867EC48-LeaderElection9] INFO  impl.RoleInfo (RoleInfo.java:shutdownLeaderElection(134)) - 0cd5f69f-229b-4e24-9dce-31aad898d52d: shutdown LeaderElection
2019-10-23 22:39:57,428 [0cd5f69f-229b-4e24-9dce-31aad898d52d@group-91CED867EC48-LeaderElection9] INFO  impl.RoleInfo (RoleInfo.java:updateAndGet(143)) - 0cd5f69f-229b-4e24-9dce-31aad898d52d: start FollowerState
2019-10-23 22:39:57,482 [Thread-581] INFO  impl.FollowerState (FollowerState.java:run(108)) - 0cd5f69f-229b-4e24-9dce-31aad898d52d@group-91CED867EC48-FollowerState: change to CANDIDATE, lastRpcTime:53ms, electionTimeout:52ms
2019-10-23 22:39:57,483 [Thread-581] INFO  impl.RoleInfo (RoleInfo.java:shutdownFollowerState(121)) - 0cd5f69f-229b-4e24-9dce-31aad898d52d: shutdown FollowerState
2019-10-23 22:39:57,483 [Thread-581] INFO  impl.RaftServerImpl (RaftServerImpl.java:setRole(184)) - 0cd5f69f-229b-4e24-9dce-31aad898d52d@group-91CED867EC48: changes role from  FOLLOWER to CANDIDATE at term 5 for changeToCandidate
2019-10-23 22:39:57,483 [Thread-581] INFO  impl.RoleInfo (RoleInfo.java:updateAndGet(143)) - 0cd5f69f-229b-4e24-9dce-31aad898d52d: start LeaderElection
2019-10-23 22:39:57,498 [0cd5f69f-229b-4e24-9dce-31aad898d52d@group-91CED867EC48-LeaderElection10] INFO  impl.LeaderElection (LeaderElection.java:askForVotes(178)) - 0cd5f69f-229b-4e24-9dce-31aad898d52d@group-91CED867EC48-LeaderElection10: begin an election at term 6 for 0: [0cd5f69f-229b-4e24-9dce-31aad898d52d:192.168.157.195:33132, 15de30e0-32e7-4789-867b-8c05fd0bfca2:192.168.157.195:43624, 2f4845be-2264-4a1a-8a27-f958336e1da9:192.168.157.195:36753], old=null
2019-10-23 22:39:57,503 [grpc-default-executor-6] INFO  impl.RaftServerImpl (RaftServerImpl.java:setRole(184)) - 15de30e0-32e7-4789-867b-8c05fd0bfca2@group-91CED867EC48: changes role from  FOLLOWER to FOLLOWER at term 6 for recognizeCandidate:0cd5f69f-229b-4e24-9dce-31aad898d52d
2019-10-23 22:39:57,503 [grpc-default-executor-5] INFO  impl.RaftServerImpl (RaftServerImpl.java:setRole(184)) - 2f4845be-2264-4a1a-8a27-f958336e1da9@group-91CED867EC48: changes role from  FOLLOWER to FOLLOWER at term 6 for recognizeCandidate:0cd5f69f-229b-4e24-9dce-31aad898d52d
2019-10-23 22:39:57,503 [grpc-default-executor-6] INFO  impl.RoleInfo (RoleInfo.java:shutdownFollowerState(121)) - 15de30e0-32e7-4789-867b-8c05fd0bfca2: shutdown FollowerState
2019-10-23 22:39:57,503 [grpc-default-executor-5] INFO  impl.RoleInfo (RoleInfo.java:shutdownFollowerState(121)) - 2f4845be-2264-4a1a-8a27-f958336e1da9: shutdown FollowerState
2019-10-23 22:39:57,504 [grpc-default-executor-6] INFO  impl.RoleInfo (RoleInfo.java:updateAndGet(143)) - 15de30e0-32e7-4789-867b-8c05fd0bfca2: start FollowerState
2019-10-23 22:39:57,504 [Thread-580] INFO  impl.FollowerState (FollowerState.java:run(117)) - 2f4845be-2264-4a1a-8a27-f958336e1da9@group-91CED867EC48-FollowerState was interrupted: java.lang.InterruptedException: sleep interrupted
2019-10-23 22:39:57,504 [grpc-default-executor-5] INFO  impl.RoleInfo (RoleInfo.java:updateAndGet(143)) - 2f4845be-2264-4a1a-8a27-f958336e1da9: start FollowerState
2019-10-23 22:39:57,504 [Thread-579] INFO  impl.FollowerState (FollowerState.java:run(117)) - 15de30e0-32e7-4789-867b-8c05fd0bfca2@group-91CED867EC48-FollowerState was interrupted: java.lang.InterruptedException: sleep interrupted
2019-10-23 22:39:57,523 [0cd5f69f-229b-4e24-9dce-31aad898d52d@group-91CED867EC48-LeaderElection10] INFO  impl.LeaderElection (LeaderElection.java:logAndReturn(56)) - 0cd5f69f-229b-4e24-9dce-31aad898d52d@group-91CED867EC48-LeaderElection10: Election REJECTED; received 2 response(s) [0cd5f69f-229b-4e24-9dce-31aad898d52d<-15de30e0-32e7-4789-867b-8c05fd0bfca2#0:FAIL-t6, 0cd5f69f-229b-4e24-9dce-31aad898d52d<-2f4845be-2264-4a1a-8a27-f958336e1da9#0:FAIL-t6] and 0 exception(s); 0cd5f69f-229b-4e24-9dce-31aad898d52d@group-91CED867EC48:t6, leader=null, voted=0cd5f69f-229b-4e24-9dce-31aad898d52d, raftlog=0cd5f69f-229b-4e24-9dce-31aad898d52d@group-91CED867EC48-SegmentedRaftLog:OPENED:c3,f4,i4, conf=0: [0cd5f69f-229b-4e24-9dce-31aad898d52d:192.168.157.195:33132, 15de30e0-32e7-4789-867b-8c05fd0bfca2:192.168.157.195:43624, 2f4845be-2264-4a1a-8a27-f958336e1da9:192.168.157.195:36753], old=null
2019-10-23 22:39:57,523 [0cd5f69f-229b-4e24-9dce-31aad898d52d@group-91CED867EC48-LeaderElection10] INFO  impl.RaftServerImpl (RaftServerImpl.java:setRole(184)) - 0cd5f69f-229b-4e24-9dce-31aad898d52d@group-91CED867EC48: changes role from CANDIDATE to FOLLOWER at term 6 for DISCOVERED_A_NEW_TERM
2019-10-23 22:39:57,525 [0cd5f69f-229b-4e24-9dce-31aad898d52d@group-91CED867EC48-LeaderElection10] INFO  impl.RoleInfo (RoleInfo.java:shutdownLeaderElection(134)) - 0cd5f69f-229b-4e24-9dce-31aad898d52d: shutdown LeaderElection
2019-10-23 22:39:57,525 [0cd5f69f-229b-4e24-9dce-31aad898d52d@group-91CED867EC48-LeaderElection10] INFO  impl.RoleInfo (RoleInfo.java:updateAndGet(143)) - 0cd5f69f-229b-4e24-9dce-31aad898d52d: start FollowerState
2019-10-23 22:39:57,622 [Thread-587] INFO  impl.FollowerState (FollowerState.java:run(108)) - 0cd5f69f-229b-4e24-9dce-31aad898d52d@group-91CED867EC48-FollowerState: change to CANDIDATE, lastRpcTime:96ms, electionTimeout:95ms
2019-10-23 22:39:57,623 [Thread-587] INFO  impl.RoleInfo (RoleInfo.java:shutdownFollowerState(121)) - 0cd5f69f-229b-4e24-9dce-31aad898d52d: shutdown FollowerState
2019-10-23 22:39:57,623 [Thread-587] INFO  impl.RaftServerImpl (RaftServerImpl.java:setRole(184)) - 0cd5f69f-229b-4e24-9dce-31aad898d52d@group-91CED867EC48: changes role from  FOLLOWER to CANDIDATE at term 6 for changeToCandidate
2019-10-23 22:39:57,623 [Thread-587] INFO  impl.RoleInfo (RoleInfo.java:updateAndGet(143)) - 0cd5f69f-229b-4e24-9dce-31aad898d52d: start LeaderElection
2019-10-23 22:39:57,649 [0cd5f69f-229b-4e24-9dce-31aad898d52d@group-91CED867EC48-LeaderElection11] INFO  impl.LeaderElection (LeaderElection.java:askForVotes(178)) - 0cd5f69f-229b-4e24-9dce-31aad898d52d@group-91CED867EC48-LeaderElection11: begin an election at term 7 for 0: [0cd5f69f-229b-4e24-9dce-31aad898d52d:192.168.157.195:33132, 15de30e0-32e7-4789-867b-8c05fd0bfca2:192.168.157.195:43624, 2f4845be-2264-4a1a-8a27-f958336e1da9:192.168.157.195:36753], old=null
2019-10-23 22:39:57,653 [grpc-default-executor-5] INFO  impl.RaftServerImpl (RaftServerImpl.java:setRole(184)) - 15de30e0-32e7-4789-867b-8c05fd0bfca2@group-91CED867EC48: changes role from  FOLLOWER to FOLLOWER at term 7 for recognizeCandidate:0cd5f69f-229b-4e24-9dce-31aad898d52d
2019-10-23 22:39:57,653 [grpc-default-executor-5] INFO  impl.RoleInfo (RoleInfo.java:shutdownFollowerState(121)) - 15de30e0-32e7-4789-867b-8c05fd0bfca2: shutdown FollowerState
2019-10-23 22:39:57,654 [grpc-default-executor-5] INFO  impl.RoleInfo (RoleInfo.java:updateAndGet(143)) - 15de30e0-32e7-4789-867b-8c05fd0bfca2: start FollowerState
2019-10-23 22:39:57,655 [grpc-default-executor-6] INFO  impl.RaftServerImpl (RaftServerImpl.java:setRole(184)) - 2f4845be-2264-4a1a-8a27-f958336e1da9@group-91CED867EC48: changes role from  FOLLOWER to FOLLOWER at term 7 for recognizeCandidate:0cd5f69f-229b-4e24-9dce-31aad898d52d
2019-10-23 22:39:57,655 [Thread-585] INFO  impl.FollowerState (FollowerState.java:run(117)) - 15de30e0-32e7-4789-867b-8c05fd0bfca2@group-91CED867EC48-FollowerState was interrupted: java.lang.InterruptedException: sleep interrupted
2019-10-23 22:39:57,655 [grpc-default-executor-6] INFO  impl.RoleInfo (RoleInfo.java:shutdownFollowerState(121)) - 2f4845be-2264-4a1a-8a27-f958336e1da9: shutdown FollowerState
2019-10-23 22:39:57,655 [Thread-586] INFO  impl.FollowerState (FollowerState.java:run(117)) - 2f4845be-2264-4a1a-8a27-f958336e1da9@group-91CED867EC48-FollowerState was interrupted: java.lang.InterruptedException: sleep interrupted
2019-10-23 22:39:57,655 [grpc-default-executor-6] INFO  impl.RoleInfo (RoleInfo.java:updateAndGet(143)) - 2f4845be-2264-4a1a-8a27-f958336e1da9: start FollowerState
2019-10-23 22:39:57,670 [0cd5f69f-229b-4e24-9dce-31aad898d52d@group-91CED867EC48-LeaderElection11] INFO  impl.LeaderElection (LeaderElection.java:logAndReturn(56)) - 0cd5f69f-229b-4e24-9dce-31aad898d52d@group-91CED867EC48-LeaderElection11: Election REJECTED; received 2 response(s) [0cd5f69f-229b-4e24-9dce-31aad898d52d<-15de30e0-32e7-4789-867b-8c05fd0bfca2#0:FAIL-t7, 0cd5f69f-229b-4e24-9dce-31aad898d52d<-2f4845be-2264-4a1a-8a27-f958336e1da9#0:FAIL-t7] and 0 exception(s); 0cd5f69f-229b-4e24-9dce-31aad898d52d@group-91CED867EC48:t7, leader=null, voted=0cd5f69f-229b-4e24-9dce-31aad898d52d, raftlog=0cd5f69f-229b-4e24-9dce-31aad898d52d@group-91CED867EC48-SegmentedRaftLog:OPENED:c3,f4,i4, conf=0: [0cd5f69f-229b-4e24-9dce-31aad898d52d:192.168.157.195:33132, 15de30e0-32e7-4789-867b-8c05fd0bfca2:192.168.157.195:43624, 2f4845be-2264-4a1a-8a27-f958336e1da9:192.168.157.195:36753], old=null
2019-10-23 22:39:57,670 [0cd5f69f-229b-4e24-9dce-31aad898d52d@group-91CED867EC48-LeaderElection11] INFO  impl.RaftServerImpl (RaftServerImpl.java:setRole(184)) - 0cd5f69f-229b-4e24-9dce-31aad898d52d@group-91CED867EC48: changes role from CANDIDATE to FOLLOWER at term 7 for DISCOVERED_A_NEW_TERM
2019-10-23 22:39:57,671 [0cd5f69f-229b-4e24-9dce-31aad898d52d@group-91CED867EC48-LeaderElection11] INFO  impl.RoleInfo (RoleInfo.java:shutdownLeaderElection(134)) - 0cd5f69f-229b-4e24-9dce-31aad898d52d: shutdown LeaderElection
2019-10-23 22:39:57,671 [0cd5f69f-229b-4e24-9dce-31aad898d52d@group-91CED867EC48-LeaderElection11] INFO  impl.RoleInfo (RoleInfo.java:updateAndGet(143)) - 0cd5f69f-229b-4e24-9dce-31aad898d52d: start FollowerState
2019-10-23 22:39:57,686 [pool-7-thread-2] INFO  commands.RetriableDatanodeEventWatcher (RetriableDatanodeEventWatcher.java:onTimeout(47)) - RetriableDatanodeCommand type=deleteBlocksCommand with id=1571870393683 timed out. Retrying.
2019-10-23 22:39:57,687 [pool-7-thread-1] INFO  commands.RetriableDatanodeEventWatcher (RetriableDatanodeEventWatcher.java:onTimeout(47)) - RetriableDatanodeCommand type=deleteBlocksCommand with id=1571870393684 timed out. Retrying.
2019-10-23 22:39:57,687 [pool-7-thread-4] INFO  commands.RetriableDatanodeEventWatcher (RetriableDatanodeEventWatcher.java:onTimeout(47)) - RetriableDatanodeCommand type=deleteBlocksCommand with id=1571870393685 timed out. Retrying.
2019-10-23 22:39:57,688 [pool-7-thread-3] INFO  commands.RetriableDatanodeEventWatcher (RetriableDatanodeEventWatcher.java:onTimeout(47)) - RetriableDatanodeCommand type=deleteBlocksCommand with id=1571870393681 timed out. Retrying.
2019-10-23 22:39:57,689 [SCMBlockDeletingService#0] INFO  block.SCMBlockDeletingService (SCMBlockDeletingService.java:call(184)) - Totally added 1 delete blocks command for 1 datanodes, task elapsed time: 1ms
2019-10-23 22:39:57,707 [Thread-593] INFO  impl.FollowerState (FollowerState.java:run(108)) - 0cd5f69f-229b-4e24-9dce-31aad898d52d@group-91CED867EC48-FollowerState: change to CANDIDATE, lastRpcTime:35ms, electionTimeout:34ms
2019-10-23 22:39:57,707 [Thread-593] INFO  impl.RoleInfo (RoleInfo.java:shutdownFollowerState(121)) - 0cd5f69f-229b-4e24-9dce-31aad898d52d: shutdown FollowerState
2019-10-23 22:39:57,707 [Thread-593] INFO  impl.RaftServerImpl (RaftServerImpl.java:setRole(184)) - 0cd5f69f-229b-4e24-9dce-31aad898d52d@group-91CED867EC48: changes role from  FOLLOWER to CANDIDATE at term 7 for changeToCandidate
2019-10-23 22:39:57,707 [Thread-593] INFO  impl.RoleInfo (RoleInfo.java:updateAndGet(143)) - 0cd5f69f-229b-4e24-9dce-31aad898d52d: start LeaderElection
2019-10-23 22:39:57,721 [0cd5f69f-229b-4e24-9dce-31aad898d52d@group-91CED867EC48-LeaderElection12] INFO  impl.LeaderElection (LeaderElection.java:askForVotes(178)) - 0cd5f69f-229b-4e24-9dce-31aad898d52d@group-91CED867EC48-LeaderElection12: begin an election at term 8 for 0: [0cd5f69f-229b-4e24-9dce-31aad898d52d:192.168.157.195:33132, 15de30e0-32e7-4789-867b-8c05fd0bfca2:192.168.157.195:43624, 2f4845be-2264-4a1a-8a27-f958336e1da9:192.168.157.195:36753], old=null
2019-10-23 22:39:57,731 [grpc-default-executor-5] INFO  impl.RaftServerImpl (RaftServerImpl.java:setRole(184)) - 2f4845be-2264-4a1a-8a27-f958336e1da9@group-91CED867EC48: changes role from  FOLLOWER to FOLLOWER at term 8 for recognizeCandidate:0cd5f69f-229b-4e24-9dce-31aad898d52d
2019-10-23 22:39:57,731 [grpc-default-executor-6] INFO  impl.RaftServerImpl (RaftServerImpl.java:setRole(184)) - 15de30e0-32e7-4789-867b-8c05fd0bfca2@group-91CED867EC48: changes role from  FOLLOWER to FOLLOWER at term 8 for recognizeCandidate:0cd5f69f-229b-4e24-9dce-31aad898d52d
2019-10-23 22:39:57,732 [grpc-default-executor-5] INFO  impl.RoleInfo (RoleInfo.java:shutdownFollowerState(121)) - 2f4845be-2264-4a1a-8a27-f958336e1da9: shutdown FollowerState
2019-10-23 22:39:57,732 [grpc-default-executor-6] INFO  impl.RoleInfo (RoleInfo.java:shutdownFollowerState(121)) - 15de30e0-32e7-4789-867b-8c05fd0bfca2: shutdown FollowerState
2019-10-23 22:39:57,732 [grpc-default-executor-5] INFO  impl.RoleInfo (RoleInfo.java:updateAndGet(143)) - 2f4845be-2264-4a1a-8a27-f958336e1da9: start FollowerState
2019-10-23 22:39:57,732 [Thread-591] INFO  impl.FollowerState (FollowerState.java:run(117)) - 15de30e0-32e7-4789-867b-8c05fd0bfca2@group-91CED867EC48-FollowerState was interrupted: java.lang.InterruptedException: sleep interrupted
2019-10-23 22:39:57,732 [grpc-default-executor-6] INFO  impl.RoleInfo (RoleInfo.java:updateAndGet(143)) - 15de30e0-32e7-4789-867b-8c05fd0bfca2: start FollowerState
2019-10-23 22:39:57,732 [Thread-592] INFO  impl.FollowerState (FollowerState.java:run(117)) - 2f4845be-2264-4a1a-8a27-f958336e1da9@group-91CED867EC48-FollowerState was interrupted: java.lang.InterruptedException: sleep interrupted
2019-10-23 22:39:57,750 [0cd5f69f-229b-4e24-9dce-31aad898d52d@group-91CED867EC48-LeaderElection12] INFO  impl.LeaderElection (LeaderElection.java:logAndReturn(56)) - 0cd5f69f-229b-4e24-9dce-31aad898d52d@group-91CED867EC48-LeaderElection12: Election REJECTED; received 2 response(s) [0cd5f69f-229b-4e24-9dce-31aad898d52d<-15de30e0-32e7-4789-867b-8c05fd0bfca2#0:FAIL-t8, 0cd5f69f-229b-4e24-9dce-31aad898d52d<-2f4845be-2264-4a1a-8a27-f958336e1da9#0:FAIL-t8] and 0 exception(s); 0cd5f69f-229b-4e24-9dce-31aad898d52d@group-91CED867EC48:t8, leader=null, voted=0cd5f69f-229b-4e24-9dce-31aad898d52d, raftlog=0cd5f69f-229b-4e24-9dce-31aad898d52d@group-91CED867EC48-SegmentedRaftLog:OPENED:c3,f4,i4, conf=0: [0cd5f69f-229b-4e24-9dce-31aad898d52d:192.168.157.195:33132, 15de30e0-32e7-4789-867b-8c05fd0bfca2:192.168.157.195:43624, 2f4845be-2264-4a1a-8a27-f958336e1da9:192.168.157.195:36753], old=null
2019-10-23 22:39:57,750 [0cd5f69f-229b-4e24-9dce-31aad898d52d@group-91CED867EC48-LeaderElection12] INFO  impl.RaftServerImpl (RaftServerImpl.java:setRole(184)) - 0cd5f69f-229b-4e24-9dce-31aad898d52d@group-91CED867EC48: changes role from CANDIDATE to FOLLOWER at term 8 for DISCOVERED_A_NEW_TERM
2019-10-23 22:39:57,752 [0cd5f69f-229b-4e24-9dce-31aad898d52d@group-91CED867EC48-LeaderElection12] INFO  impl.RoleInfo (RoleInfo.java:shutdownLeaderElection(134)) - 0cd5f69f-229b-4e24-9dce-31aad898d52d: shutdown LeaderElection
2019-10-23 22:39:57,752 [0cd5f69f-229b-4e24-9dce-31aad898d52d@group-91CED867EC48-LeaderElection12] INFO  impl.RoleInfo (RoleInfo.java:updateAndGet(143)) - 0cd5f69f-229b-4e24-9dce-31aad898d52d: start FollowerState
2019-10-23 22:39:57,941 [Thread-599] INFO  impl.FollowerState (FollowerState.java:run(108)) - 0cd5f69f-229b-4e24-9dce-31aad898d52d@group-91CED867EC48-FollowerState: change to CANDIDATE, lastRpcTime:189ms, electionTimeout:188ms
2019-10-23 22:39:57,942 [Thread-599] INFO  impl.RoleInfo (RoleInfo.java:shutdownFollowerState(121)) - 0cd5f69f-229b-4e24-9dce-31aad898d52d: shutdown FollowerState
2019-10-23 22:39:57,942 [Thread-599] INFO  impl.RaftServerImpl (RaftServerImpl.java:setRole(184)) - 0cd5f69f-229b-4e24-9dce-31aad898d52d@group-91CED867EC48: changes role from  FOLLOWER to CANDIDATE at term 8 for changeToCandidate
2019-10-23 22:39:57,943 [Thread-599] INFO  impl.RoleInfo (RoleInfo.java:updateAndGet(143)) - 0cd5f69f-229b-4e24-9dce-31aad898d52d: start LeaderElection
2019-10-23 22:39:57,957 [0cd5f69f-229b-4e24-9dce-31aad898d52d@group-91CED867EC48-LeaderElection13] INFO  impl.LeaderElection (LeaderElection.java:askForVotes(178)) - 0cd5f69f-229b-4e24-9dce-31aad898d52d@group-91CED867EC48-LeaderElection13: begin an election at term 9 for 0: [0cd5f69f-229b-4e24-9dce-31aad898d52d:192.168.157.195:33132, 15de30e0-32e7-4789-867b-8c05fd0bfca2:192.168.157.195:43624, 2f4845be-2264-4a1a-8a27-f958336e1da9:192.168.157.195:36753], old=null
2019-10-23 22:39:57,961 [grpc-default-executor-5] INFO  impl.RaftServerImpl (RaftServerImpl.java:setRole(184)) - 2f4845be-2264-4a1a-8a27-f958336e1da9@group-91CED867EC48: changes role from  FOLLOWER to FOLLOWER at term 9 for recognizeCandidate:0cd5f69f-229b-4e24-9dce-31aad898d52d
2019-10-23 22:39:57,962 [grpc-default-executor-5] INFO  impl.RoleInfo (RoleInfo.java:shutdownFollowerState(121)) - 2f4845be-2264-4a1a-8a27-f958336e1da9: shutdown FollowerState
2019-10-23 22:39:57,962 [grpc-default-executor-6] INFO  impl.RaftServerImpl (RaftServerImpl.java:setRole(184)) - 15de30e0-32e7-4789-867b-8c05fd0bfca2@group-91CED867EC48: changes role from  FOLLOWER to FOLLOWER at term 9 for recognizeCandidate:0cd5f69f-229b-4e24-9dce-31aad898d52d
2019-10-23 22:39:57,962 [grpc-default-executor-5] INFO  impl.RoleInfo (RoleInfo.java:updateAndGet(143)) - 2f4845be-2264-4a1a-8a27-f958336e1da9: start FollowerState
2019-10-23 22:39:57,962 [Thread-597] INFO  impl.FollowerState (FollowerState.java:run(117)) - 2f4845be-2264-4a1a-8a27-f958336e1da9@group-91CED867EC48-FollowerState was interrupted: java.lang.InterruptedException: sleep interrupted
2019-10-23 22:39:57,962 [grpc-default-executor-6] INFO  impl.RoleInfo (RoleInfo.java:shutdownFollowerState(121)) - 15de30e0-32e7-4789-867b-8c05fd0bfca2: shutdown FollowerState
2019-10-23 22:39:57,964 [Thread-598] INFO  impl.FollowerState (FollowerState.java:run(117)) - 15de30e0-32e7-4789-867b-8c05fd0bfca2@group-91CED867EC48-FollowerState was interrupted: java.lang.InterruptedException: sleep interrupted
2019-10-23 22:39:57,964 [grpc-default-executor-6] INFO  impl.RoleInfo (RoleInfo.java:updateAndGet(143)) - 15de30e0-32e7-4789-867b-8c05fd0bfca2: start FollowerState
2019-10-23 22:39:57,980 [0cd5f69f-229b-4e24-9dce-31aad898d52d@group-91CED867EC48-LeaderElection13] INFO  impl.LeaderElection (LeaderElection.java:logAndReturn(56)) - 0cd5f69f-229b-4e24-9dce-31aad898d52d@group-91CED867EC48-LeaderElection13: Election REJECTED; received 2 response(s) [0cd5f69f-229b-4e24-9dce-31aad898d52d<-15de30e0-32e7-4789-867b-8c05fd0bfca2#0:FAIL-t9, 0cd5f69f-229b-4e24-9dce-31aad898d52d<-2f4845be-2264-4a1a-8a27-f958336e1da9#0:FAIL-t9] and 0 exception(s); 0cd5f69f-229b-4e24-9dce-31aad898d52d@group-91CED867EC48:t9, leader=null, voted=0cd5f69f-229b-4e24-9dce-31aad898d52d, raftlog=0cd5f69f-229b-4e24-9dce-31aad898d52d@group-91CED867EC48-SegmentedRaftLog:OPENED:c3,f4,i4, conf=0: [0cd5f69f-229b-4e24-9dce-31aad898d52d:192.168.157.195:33132, 15de30e0-32e7-4789-867b-8c05fd0bfca2:192.168.157.195:43624, 2f4845be-2264-4a1a-8a27-f958336e1da9:192.168.157.195:36753], old=null
2019-10-23 22:39:57,980 [0cd5f69f-229b-4e24-9dce-31aad898d52d@group-91CED867EC48-LeaderElection13] INFO  impl.RaftServerImpl (RaftServerImpl.java:setRole(184)) - 0cd5f69f-229b-4e24-9dce-31aad898d52d@group-91CED867EC48: changes role from CANDIDATE to FOLLOWER at term 9 for DISCOVERED_A_NEW_TERM
2019-10-23 22:39:57,981 [0cd5f69f-229b-4e24-9dce-31aad898d52d@group-91CED867EC48-LeaderElection13] INFO  impl.RoleInfo (RoleInfo.java:shutdownLeaderElection(134)) - 0cd5f69f-229b-4e24-9dce-31aad898d52d: shutdown LeaderElection
2019-10-23 22:39:57,981 [0cd5f69f-229b-4e24-9dce-31aad898d52d@group-91CED867EC48-LeaderElection13] INFO  impl.RoleInfo (RoleInfo.java:updateAndGet(143)) - 0cd5f69f-229b-4e24-9dce-31aad898d52d: start FollowerState
2019-10-23 22:39:58,034 [BlockDeletingService#0] WARN  background.BlockDeletingService (BlockDeletingService.java:isDeletionAllowed(187)) - Close Container log Index 6 is not replicated across allthe servers in the pipeline a9317f84-3083-4a94-a1f5-91ced867ec48 as the min replicated index is 4. Deletion is not allowed in this container yet.
2019-10-23 22:39:58,034 [BlockDeletingService#2] WARN  background.BlockDeletingService (BlockDeletingService.java:isDeletionAllowed(187)) - Close Container log Index 6 is not replicated across allthe servers in the pipeline a9317f84-3083-4a94-a1f5-91ced867ec48 as the min replicated index is 4. Deletion is not allowed in this container yet.
2019-10-23 22:39:58,075 [Thread-605] INFO  impl.FollowerState (FollowerState.java:run(108)) - 0cd5f69f-229b-4e24-9dce-31aad898d52d@group-91CED867EC48-FollowerState: change to CANDIDATE, lastRpcTime:93ms, electionTimeout:90ms
2019-10-23 22:39:58,075 [Thread-605] INFO  impl.RoleInfo (RoleInfo.java:shutdownFollowerState(121)) - 0cd5f69f-229b-4e24-9dce-31aad898d52d: shutdown FollowerState
2019-10-23 22:39:58,075 [Thread-605] INFO  impl.RaftServerImpl (RaftServerImpl.java:setRole(184)) - 0cd5f69f-229b-4e24-9dce-31aad898d52d@group-91CED867EC48: changes role from  FOLLOWER to CANDIDATE at term 9 for changeToCandidate
2019-10-23 22:39:58,075 [Thread-605] INFO  impl.RoleInfo (RoleInfo.java:updateAndGet(143)) - 0cd5f69f-229b-4e24-9dce-31aad898d52d: start LeaderElection
2019-10-23 22:39:58,090 [0cd5f69f-229b-4e24-9dce-31aad898d52d@group-91CED867EC48-LeaderElection14] INFO  impl.LeaderElection (LeaderElection.java:askForVotes(178)) - 0cd5f69f-229b-4e24-9dce-31aad898d52d@group-91CED867EC48-LeaderElection14: begin an election at term 10 for 0: [0cd5f69f-229b-4e24-9dce-31aad898d52d:192.168.157.195:33132, 15de30e0-32e7-4789-867b-8c05fd0bfca2:192.168.157.195:43624, 2f4845be-2264-4a1a-8a27-f958336e1da9:192.168.157.195:36753], old=null
2019-10-23 22:39:58,094 [grpc-default-executor-6] INFO  impl.RaftServerImpl (RaftServerImpl.java:setRole(184)) - 15de30e0-32e7-4789-867b-8c05fd0bfca2@group-91CED867EC48: changes role from  FOLLOWER to FOLLOWER at term 10 for recognizeCandidate:0cd5f69f-229b-4e24-9dce-31aad898d52d
2019-10-23 22:39:58,094 [grpc-default-executor-5] INFO  impl.RaftServerImpl (RaftServerImpl.java:setRole(184)) - 2f4845be-2264-4a1a-8a27-f958336e1da9@group-91CED867EC48: changes role from  FOLLOWER to FOLLOWER at term 10 for recognizeCandidate:0cd5f69f-229b-4e24-9dce-31aad898d52d
2019-10-23 22:39:58,094 [grpc-default-executor-6] INFO  impl.RoleInfo (RoleInfo.java:shutdownFollowerState(121)) - 15de30e0-32e7-4789-867b-8c05fd0bfca2: shutdown FollowerState
2019-10-23 22:39:58,095 [grpc-default-executor-5] INFO  impl.RoleInfo (RoleInfo.java:shutdownFollowerState(121)) - 2f4845be-2264-4a1a-8a27-f958336e1da9: shutdown FollowerState
2019-10-23 22:39:58,095 [Thread-604] INFO  impl.FollowerState (FollowerState.java:run(117)) - 15de30e0-32e7-4789-867b-8c05fd0bfca2@group-91CED867EC48-FollowerState was interrupted: java.lang.InterruptedException: sleep interrupted
2019-10-23 22:39:58,095 [grpc-default-executor-6] INFO  impl.RoleInfo (RoleInfo.java:updateAndGet(143)) - 15de30e0-32e7-4789-867b-8c05fd0bfca2: start FollowerState
2019-10-23 22:39:58,095 [grpc-default-executor-5] INFO  impl.RoleInfo (RoleInfo.java:updateAndGet(143)) - 2f4845be-2264-4a1a-8a27-f958336e1da9: start FollowerState
2019-10-23 22:39:58,095 [Thread-603] INFO  impl.FollowerState (FollowerState.java:run(117)) - 2f4845be-2264-4a1a-8a27-f958336e1da9@group-91CED867EC48-FollowerState was interrupted: java.lang.InterruptedException: sleep interrupted
2019-10-23 22:39:58,113 [0cd5f69f-229b-4e24-9dce-31aad898d52d@group-91CED867EC48-LeaderElection14] INFO  impl.LeaderElection (LeaderElection.java:logAndReturn(56)) - 0cd5f69f-229b-4e24-9dce-31aad898d52d@group-91CED867EC48-LeaderElection14: Election REJECTED; received 2 response(s) [0cd5f69f-229b-4e24-9dce-31aad898d52d<-15de30e0-32e7-4789-867b-8c05fd0bfca2#0:FAIL-t10, 0cd5f69f-229b-4e24-9dce-31aad898d52d<-2f4845be-2264-4a1a-8a27-f958336e1da9#0:FAIL-t10] and 0 exception(s); 0cd5f69f-229b-4e24-9dce-31aad898d52d@group-91CED867EC48:t10, leader=null, voted=0cd5f69f-229b-4e24-9dce-31aad898d52d, raftlog=0cd5f69f-229b-4e24-9dce-31aad898d52d@group-91CED867EC48-SegmentedRaftLog:OPENED:c3,f4,i4, conf=0: [0cd5f69f-229b-4e24-9dce-31aad898d52d:192.168.157.195:33132, 15de30e0-32e7-4789-867b-8c05fd0bfca2:192.168.157.195:43624, 2f4845be-2264-4a1a-8a27-f958336e1da9:192.168.157.195:36753], old=null
2019-10-23 22:39:58,114 [0cd5f69f-229b-4e24-9dce-31aad898d52d@group-91CED867EC48-LeaderElection14] INFO  impl.RaftServerImpl (RaftServerImpl.java:setRole(184)) - 0cd5f69f-229b-4e24-9dce-31aad898d52d@group-91CED867EC48: changes role from CANDIDATE to FOLLOWER at term 10 for DISCOVERED_A_NEW_TERM
2019-10-23 22:39:58,115 [0cd5f69f-229b-4e24-9dce-31aad898d52d@group-91CED867EC48-LeaderElection14] INFO  impl.RoleInfo (RoleInfo.java:shutdownLeaderElection(134)) - 0cd5f69f-229b-4e24-9dce-31aad898d52d: shutdown LeaderElection
2019-10-23 22:39:58,115 [0cd5f69f-229b-4e24-9dce-31aad898d52d@group-91CED867EC48-LeaderElection14] INFO  impl.RoleInfo (RoleInfo.java:updateAndGet(143)) - 0cd5f69f-229b-4e24-9dce-31aad898d52d: start FollowerState
2019-10-23 22:39:58,153 [Thread-614] INFO  impl.FollowerState (FollowerState.java:run(108)) - 0cd5f69f-229b-4e24-9dce-31aad898d52d@group-91CED867EC48-FollowerState: change to CANDIDATE, lastRpcTime:38ms, electionTimeout:37ms
2019-10-23 22:39:58,155 [Thread-614] INFO  impl.RoleInfo (RoleInfo.java:shutdownFollowerState(121)) - 0cd5f69f-229b-4e24-9dce-31aad898d52d: shutdown FollowerState
2019-10-23 22:39:58,155 [Thread-614] INFO  impl.RaftServerImpl (RaftServerImpl.java:setRole(184)) - 0cd5f69f-229b-4e24-9dce-31aad898d52d@group-91CED867EC48: changes role from  FOLLOWER to CANDIDATE at term 10 for changeToCandidate
2019-10-23 22:39:58,155 [Thread-614] INFO  impl.RoleInfo (RoleInfo.java:updateAndGet(143)) - 0cd5f69f-229b-4e24-9dce-31aad898d52d: start LeaderElection
2019-10-23 22:39:58,169 [0cd5f69f-229b-4e24-9dce-31aad898d52d@group-91CED867EC48-LeaderElection15] INFO  impl.LeaderElection (LeaderElection.java:askForVotes(178)) - 0cd5f69f-229b-4e24-9dce-31aad898d52d@group-91CED867EC48-LeaderElection15: begin an election at term 11 for 0: [0cd5f69f-229b-4e24-9dce-31aad898d52d:192.168.157.195:33132, 15de30e0-32e7-4789-867b-8c05fd0bfca2:192.168.157.195:43624, 2f4845be-2264-4a1a-8a27-f958336e1da9:192.168.157.195:36753], old=null
2019-10-23 22:39:58,173 [grpc-default-executor-5] INFO  impl.RaftServerImpl (RaftServerImpl.java:setRole(184)) - 2f4845be-2264-4a1a-8a27-f958336e1da9@group-91CED867EC48: changes role from  FOLLOWER to FOLLOWER at term 11 for recognizeCandidate:0cd5f69f-229b-4e24-9dce-31aad898d52d
2019-10-23 22:39:58,174 [grpc-default-executor-5] INFO  impl.RoleInfo (RoleInfo.java:shutdownFollowerState(121)) - 2f4845be-2264-4a1a-8a27-f958336e1da9: shutdown FollowerState
2019-10-23 22:39:58,175 [grpc-default-executor-1] INFO  impl.RaftServerImpl (RaftServerImpl.java:setRole(184)) - 15de30e0-32e7-4789-867b-8c05fd0bfca2@group-91CED867EC48: changes role from  FOLLOWER to FOLLOWER at term 11 for recognizeCandidate:0cd5f69f-229b-4e24-9dce-31aad898d52d
2019-10-23 22:39:58,175 [grpc-default-executor-5] INFO  impl.RoleInfo (RoleInfo.java:updateAndGet(143)) - 2f4845be-2264-4a1a-8a27-f958336e1da9: start FollowerState
2019-10-23 22:39:58,175 [Thread-613] INFO  impl.FollowerState (FollowerState.java:run(117)) - 2f4845be-2264-4a1a-8a27-f958336e1da9@group-91CED867EC48-FollowerState was interrupted: java.lang.InterruptedException: sleep interrupted
2019-10-23 22:39:58,175 [Thread-619] INFO  client.GrpcClientProtocolService (GrpcClientProtocolService.java:lambda$processClientRequest$0(278)) - Failed RaftClientRequest:client-A571C4F32A47->2f4845be-2264-4a1a-8a27-f958336e1da9@group-91CED867EC48, cid=10, seq=0, Watch-ALL_COMMITTED(6), Message:<EMPTY>, reply=RaftClientReply:client-A571C4F32A47->2f4845be-2264-4a1a-8a27-f958336e1da9@group-91CED867EC48, cid=10, FAILED org.apache.ratis.protocol.NotLeaderException: Server 2f4845be-2264-4a1a-8a27-f958336e1da9@group-91CED867EC48 is not the leader, logIndex=0, commits[2f4845be-2264-4a1a-8a27-f958336e1da9:c10, 0cd5f69f-229b-4e24-9dce-31aad898d52d:c4, 15de30e0-32e7-4789-867b-8c05fd0bfca2:c10]
2019-10-23 22:39:58,175 [grpc-default-executor-1] INFO  impl.RoleInfo (RoleInfo.java:shutdownFollowerState(121)) - 15de30e0-32e7-4789-867b-8c05fd0bfca2: shutdown FollowerState
2019-10-23 22:39:58,178 [Thread-612] INFO  impl.FollowerState (FollowerState.java:run(117)) - 15de30e0-32e7-4789-867b-8c05fd0bfca2@group-91CED867EC48-FollowerState was interrupted: java.lang.InterruptedException: sleep interrupted
2019-10-23 22:39:58,178 [grpc-default-executor-1] INFO  impl.RoleInfo (RoleInfo.java:updateAndGet(143)) - 15de30e0-32e7-4789-867b-8c05fd0bfca2: start FollowerState
2019-10-23 22:39:58,189 [0cd5f69f-229b-4e24-9dce-31aad898d52d@group-91CED867EC48-LeaderElection15] INFO  impl.LeaderElection (LeaderElection.java:logAndReturn(56)) - 0cd5f69f-229b-4e24-9dce-31aad898d52d@group-91CED867EC48-LeaderElection15: Election REJECTED; received 2 response(s) [0cd5f69f-229b-4e24-9dce-31aad898d52d<-15de30e0-32e7-4789-867b-8c05fd0bfca2#0:FAIL-t11, 0cd5f69f-229b-4e24-9dce-31aad898d52d<-2f4845be-2264-4a1a-8a27-f958336e1da9#0:FAIL-t11] and 0 exception(s); 0cd5f69f-229b-4e24-9dce-31aad898d52d@group-91CED867EC48:t11, leader=null, voted=0cd5f69f-229b-4e24-9dce-31aad898d52d, raftlog=0cd5f69f-229b-4e24-9dce-31aad898d52d@group-91CED867EC48-SegmentedRaftLog:OPENED:c3,f4,i4, conf=0: [0cd5f69f-229b-4e24-9dce-31aad898d52d:192.168.157.195:33132, 15de30e0-32e7-4789-867b-8c05fd0bfca2:192.168.157.195:43624, 2f4845be-2264-4a1a-8a27-f958336e1da9:192.168.157.195:36753], old=null
2019-10-23 22:39:58,190 [0cd5f69f-229b-4e24-9dce-31aad898d52d@group-91CED867EC48-LeaderElection15] INFO  impl.RaftServerImpl (RaftServerImpl.java:setRole(184)) - 0cd5f69f-229b-4e24-9dce-31aad898d52d@group-91CED867EC48: changes role from CANDIDATE to FOLLOWER at term 11 for DISCOVERED_A_NEW_TERM
2019-10-23 22:39:58,191 [0cd5f69f-229b-4e24-9dce-31aad898d52d@group-91CED867EC48-LeaderElection15] INFO  impl.RoleInfo (RoleInfo.java:shutdownLeaderElection(134)) - 0cd5f69f-229b-4e24-9dce-31aad898d52d: shutdown LeaderElection
2019-10-23 22:39:58,193 [0cd5f69f-229b-4e24-9dce-31aad898d52d@group-91CED867EC48-LeaderElection15] INFO  impl.RoleInfo (RoleInfo.java:updateAndGet(143)) - 0cd5f69f-229b-4e24-9dce-31aad898d52d: start FollowerState
2019-10-23 22:39:58,199 [Thread-623] INFO  impl.FollowerState (FollowerState.java:run(108)) - 0cd5f69f-229b-4e24-9dce-31aad898d52d@group-91CED867EC48-FollowerState: change to CANDIDATE, lastRpcTime:5ms, electionTimeout:4ms
2019-10-23 22:39:58,200 [Thread-623] INFO  impl.RoleInfo (RoleInfo.java:shutdownFollowerState(121)) - 0cd5f69f-229b-4e24-9dce-31aad898d52d: shutdown FollowerState
2019-10-23 22:39:58,200 [Thread-623] INFO  impl.RaftServerImpl (RaftServerImpl.java:setRole(184)) - 0cd5f69f-229b-4e24-9dce-31aad898d52d@group-91CED867EC48: changes role from  FOLLOWER to CANDIDATE at term 11 for changeToCandidate
2019-10-23 22:39:58,200 [Thread-623] INFO  impl.RoleInfo (RoleInfo.java:updateAndGet(143)) - 0cd5f69f-229b-4e24-9dce-31aad898d52d: start LeaderElection
2019-10-23 22:39:58,215 [0cd5f69f-229b-4e24-9dce-31aad898d52d@group-91CED867EC48-LeaderElection16] INFO  impl.LeaderElection (LeaderElection.java:askForVotes(178)) - 0cd5f69f-229b-4e24-9dce-31aad898d52d@group-91CED867EC48-LeaderElection16: begin an election at term 12 for 0: [0cd5f69f-229b-4e24-9dce-31aad898d52d:192.168.157.195:33132, 15de30e0-32e7-4789-867b-8c05fd0bfca2:192.168.157.195:43624, 2f4845be-2264-4a1a-8a27-f958336e1da9:192.168.157.195:36753], old=null
2019-10-23 22:39:58,223 [grpc-default-executor-1] INFO  impl.RaftServerImpl (RaftServerImpl.java:setRole(184)) - 15de30e0-32e7-4789-867b-8c05fd0bfca2@group-91CED867EC48: changes role from  FOLLOWER to FOLLOWER at term 12 for recognizeCandidate:0cd5f69f-229b-4e24-9dce-31aad898d52d
2019-10-23 22:39:58,223 [grpc-default-executor-1] INFO  impl.RoleInfo (RoleInfo.java:shutdownFollowerState(121)) - 15de30e0-32e7-4789-867b-8c05fd0bfca2: shutdown FollowerState
2019-10-23 22:39:58,223 [Thread-621] INFO  impl.FollowerState (FollowerState.java:run(117)) - 15de30e0-32e7-4789-867b-8c05fd0bfca2@group-91CED867EC48-FollowerState was interrupted: java.lang.InterruptedException: sleep interrupted
2019-10-23 22:39:58,223 [grpc-default-executor-1] INFO  impl.RoleInfo (RoleInfo.java:updateAndGet(143)) - 15de30e0-32e7-4789-867b-8c05fd0bfca2: start FollowerState
2019-10-23 22:39:58,223 [grpc-default-executor-5] INFO  impl.RaftServerImpl (RaftServerImpl.java:setRole(184)) - 2f4845be-2264-4a1a-8a27-f958336e1da9@group-91CED867EC48: changes role from  FOLLOWER to FOLLOWER at term 12 for recognizeCandidate:0cd5f69f-229b-4e24-9dce-31aad898d52d
2019-10-23 22:39:58,225 [grpc-default-executor-5] INFO  impl.RoleInfo (RoleInfo.java:shutdownFollowerState(121)) - 2f4845be-2264-4a1a-8a27-f958336e1da9: shutdown FollowerState
2019-10-23 22:39:58,225 [grpc-default-executor-5] INFO  impl.RoleInfo (RoleInfo.java:updateAndGet(143)) - 2f4845be-2264-4a1a-8a27-f958336e1da9: start FollowerState
2019-10-23 22:39:58,225 [Thread-620] INFO  impl.FollowerState (FollowerState.java:run(117)) - 2f4845be-2264-4a1a-8a27-f958336e1da9@group-91CED867EC48-FollowerState was interrupted: java.lang.InterruptedException: sleep interrupted
2019-10-23 22:39:58,240 [0cd5f69f-229b-4e24-9dce-31aad898d52d@group-91CED867EC48-LeaderElection16] INFO  impl.LeaderElection (LeaderElection.java:logAndReturn(56)) - 0cd5f69f-229b-4e24-9dce-31aad898d52d@group-91CED867EC48-LeaderElection16: Election REJECTED; received 2 response(s) [0cd5f69f-229b-4e24-9dce-31aad898d52d<-15de30e0-32e7-4789-867b-8c05fd0bfca2#0:FAIL-t12, 0cd5f69f-229b-4e24-9dce-31aad898d52d<-2f4845be-2264-4a1a-8a27-f958336e1da9#0:FAIL-t12] and 0 exception(s); 0cd5f69f-229b-4e24-9dce-31aad898d52d@group-91CED867EC48:t12, leader=null, voted=0cd5f69f-229b-4e24-9dce-31aad898d52d, raftlog=0cd5f69f-229b-4e24-9dce-31aad898d52d@group-91CED867EC48-SegmentedRaftLog:OPENED:c3,f4,i4, conf=0: [0cd5f69f-229b-4e24-9dce-31aad898d52d:192.168.157.195:33132, 15de30e0-32e7-4789-867b-8c05fd0bfca2:192.168.157.195:43624, 2f4845be-2264-4a1a-8a27-f958336e1da9:192.168.157.195:36753], old=null
2019-10-23 22:39:58,240 [0cd5f69f-229b-4e24-9dce-31aad898d52d@group-91CED867EC48-LeaderElection16] INFO  impl.RaftServerImpl (RaftServerImpl.java:setRole(184)) - 0cd5f69f-229b-4e24-9dce-31aad898d52d@group-91CED867EC48: changes role from CANDIDATE to FOLLOWER at term 12 for DISCOVERED_A_NEW_TERM
2019-10-23 22:39:58,242 [0cd5f69f-229b-4e24-9dce-31aad898d52d@group-91CED867EC48-LeaderElection16] INFO  impl.RoleInfo (RoleInfo.java:shutdownLeaderElection(134)) - 0cd5f69f-229b-4e24-9dce-31aad898d52d: shutdown LeaderElection
2019-10-23 22:39:58,242 [0cd5f69f-229b-4e24-9dce-31aad898d52d@group-91CED867EC48-LeaderElection16] INFO  impl.RoleInfo (RoleInfo.java:updateAndGet(143)) - 0cd5f69f-229b-4e24-9dce-31aad898d52d: start FollowerState
2019-10-23 22:39:58,402 [Thread-629] INFO  impl.FollowerState (FollowerState.java:run(108)) - 0cd5f69f-229b-4e24-9dce-31aad898d52d@group-91CED867EC48-FollowerState: change to CANDIDATE, lastRpcTime:160ms, electionTimeout:159ms
2019-10-23 22:39:58,406 [Thread-629] INFO  impl.RoleInfo (RoleInfo.java:shutdownFollowerState(121)) - 0cd5f69f-229b-4e24-9dce-31aad898d52d: shutdown FollowerState
2019-10-23 22:39:58,406 [Thread-629] INFO  impl.RaftServerImpl (RaftServerImpl.java:setRole(184)) - 0cd5f69f-229b-4e24-9dce-31aad898d52d@group-91CED867EC48: changes role from  FOLLOWER to CANDIDATE at term 12 for changeToCandidate
2019-10-23 22:39:58,406 [Thread-629] INFO  impl.RoleInfo (RoleInfo.java:updateAndGet(143)) - 0cd5f69f-229b-4e24-9dce-31aad898d52d: start LeaderElection
2019-10-23 22:39:58,421 [0cd5f69f-229b-4e24-9dce-31aad898d52d@group-91CED867EC48-LeaderElection17] INFO  impl.LeaderElection (LeaderElection.java:askForVotes(178)) - 0cd5f69f-229b-4e24-9dce-31aad898d52d@group-91CED867EC48-LeaderElection17: begin an election at term 13 for 0: [0cd5f69f-229b-4e24-9dce-31aad898d52d:192.168.157.195:33132, 15de30e0-32e7-4789-867b-8c05fd0bfca2:192.168.157.195:43624, 2f4845be-2264-4a1a-8a27-f958336e1da9:192.168.157.195:36753], old=null
2019-10-23 22:39:58,424 [grpc-default-executor-5] INFO  impl.RaftServerImpl (RaftServerImpl.java:setRole(184)) - 15de30e0-32e7-4789-867b-8c05fd0bfca2@group-91CED867EC48: changes role from  FOLLOWER to FOLLOWER at term 13 for recognizeCandidate:0cd5f69f-229b-4e24-9dce-31aad898d52d
2019-10-23 22:39:58,424 [grpc-default-executor-5] INFO  impl.RoleInfo (RoleInfo.java:shutdownFollowerState(121)) - 15de30e0-32e7-4789-867b-8c05fd0bfca2: shutdown FollowerState
2019-10-23 22:39:58,424 [grpc-default-executor-1] INFO  impl.RaftServerImpl (RaftServerImpl.java:setRole(184)) - 2f4845be-2264-4a1a-8a27-f958336e1da9@group-91CED867EC48: changes role from  FOLLOWER to FOLLOWER at term 13 for recognizeCandidate:0cd5f69f-229b-4e24-9dce-31aad898d52d
2019-10-23 22:39:58,425 [Thread-627] INFO  impl.FollowerState (FollowerState.java:run(117)) - 15de30e0-32e7-4789-867b-8c05fd0bfca2@group-91CED867EC48-FollowerState was interrupted: java.lang.InterruptedException: sleep interrupted
2019-10-23 22:39:58,425 [grpc-default-executor-5] INFO  impl.RoleInfo (RoleInfo.java:updateAndGet(143)) - 15de30e0-32e7-4789-867b-8c05fd0bfca2: start FollowerState
2019-10-23 22:39:58,425 [grpc-default-executor-1] INFO  impl.RoleInfo (RoleInfo.java:shutdownFollowerState(121)) - 2f4845be-2264-4a1a-8a27-f958336e1da9: shutdown FollowerState
2019-10-23 22:39:58,426 [Thread-628] INFO  impl.FollowerState (FollowerState.java:run(117)) - 2f4845be-2264-4a1a-8a27-f958336e1da9@group-91CED867EC48-FollowerState was interrupted: java.lang.InterruptedException: sleep interrupted
2019-10-23 22:39:58,426 [grpc-default-executor-1] INFO  impl.RoleInfo (RoleInfo.java:updateAndGet(143)) - 2f4845be-2264-4a1a-8a27-f958336e1da9: start FollowerState
2019-10-23 22:39:58,439 [0cd5f69f-229b-4e24-9dce-31aad898d52d@group-91CED867EC48-LeaderElection17] INFO  impl.LeaderElection (LeaderElection.java:logAndReturn(56)) - 0cd5f69f-229b-4e24-9dce-31aad898d52d@group-91CED867EC48-LeaderElection17: Election REJECTED; received 2 response(s) [0cd5f69f-229b-4e24-9dce-31aad898d52d<-15de30e0-32e7-4789-867b-8c05fd0bfca2#0:FAIL-t13, 0cd5f69f-229b-4e24-9dce-31aad898d52d<-2f4845be-2264-4a1a-8a27-f958336e1da9#0:FAIL-t13] and 0 exception(s); 0cd5f69f-229b-4e24-9dce-31aad898d52d@group-91CED867EC48:t13, leader=null, voted=0cd5f69f-229b-4e24-9dce-31aad898d52d, raftlog=0cd5f69f-229b-4e24-9dce-31aad898d52d@group-91CED867EC48-SegmentedRaftLog:OPENED:c3,f4,i4, conf=0: [0cd5f69f-229b-4e24-9dce-31aad898d52d:192.168.157.195:33132, 15de30e0-32e7-4789-867b-8c05fd0bfca2:192.168.157.195:43624, 2f4845be-2264-4a1a-8a27-f958336e1da9:192.168.157.195:36753], old=null
2019-10-23 22:39:58,439 [0cd5f69f-229b-4e24-9dce-31aad898d52d@group-91CED867EC48-LeaderElection17] INFO  impl.RaftServerImpl (RaftServerImpl.java:setRole(184)) - 0cd5f69f-229b-4e24-9dce-31aad898d52d@group-91CED867EC48: changes role from CANDIDATE to FOLLOWER at term 13 for DISCOVERED_A_NEW_TERM
2019-10-23 22:39:58,440 [0cd5f69f-229b-4e24-9dce-31aad898d52d@group-91CED867EC48-LeaderElection17] INFO  impl.RoleInfo (RoleInfo.java:shutdownLeaderElection(134)) - 0cd5f69f-229b-4e24-9dce-31aad898d52d: shutdown LeaderElection
2019-10-23 22:39:58,441 [0cd5f69f-229b-4e24-9dce-31aad898d52d@group-91CED867EC48-LeaderElection17] INFO  impl.RoleInfo (RoleInfo.java:updateAndGet(143)) - 0cd5f69f-229b-4e24-9dce-31aad898d52d: start FollowerState
2019-10-23 22:39:58,578 [Thread-635] INFO  impl.FollowerState (FollowerState.java:run(108)) - 0cd5f69f-229b-4e24-9dce-31aad898d52d@group-91CED867EC48-FollowerState: change to CANDIDATE, lastRpcTime:136ms, electionTimeout:135ms
2019-10-23 22:39:58,578 [Thread-635] INFO  impl.RoleInfo (RoleInfo.java:shutdownFollowerState(121)) - 0cd5f69f-229b-4e24-9dce-31aad898d52d: shutdown FollowerState
2019-10-23 22:39:58,578 [Thread-635] INFO  impl.RaftServerImpl (RaftServerImpl.java:setRole(184)) - 0cd5f69f-229b-4e24-9dce-31aad898d52d@group-91CED867EC48: changes role from  FOLLOWER to CANDIDATE at term 13 for changeToCandidate
2019-10-23 22:39:58,578 [Thread-635] INFO  impl.RoleInfo (RoleInfo.java:updateAndGet(143)) - 0cd5f69f-229b-4e24-9dce-31aad898d52d: start LeaderElection
2019-10-23 22:39:58,592 [0cd5f69f-229b-4e24-9dce-31aad898d52d@group-91CED867EC48-LeaderElection18] INFO  impl.LeaderElection (LeaderElection.java:askForVotes(178)) - 0cd5f69f-229b-4e24-9dce-31aad898d52d@group-91CED867EC48-LeaderElection18: begin an election at term 14 for 0: [0cd5f69f-229b-4e24-9dce-31aad898d52d:192.168.157.195:33132, 15de30e0-32e7-4789-867b-8c05fd0bfca2:192.168.157.195:43624, 2f4845be-2264-4a1a-8a27-f958336e1da9:192.168.157.195:36753], old=null
2019-10-23 22:39:58,595 [grpc-default-executor-1] INFO  impl.RaftServerImpl (RaftServerImpl.java:setRole(184)) - 15de30e0-32e7-4789-867b-8c05fd0bfca2@group-91CED867EC48: changes role from  FOLLOWER to FOLLOWER at term 14 for recognizeCandidate:0cd5f69f-229b-4e24-9dce-31aad898d52d
2019-10-23 22:39:58,595 [grpc-default-executor-5] INFO  impl.RaftServerImpl (RaftServerImpl.java:setRole(184)) - 2f4845be-2264-4a1a-8a27-f958336e1da9@group-91CED867EC48: changes role from  FOLLOWER to FOLLOWER at term 14 for recognizeCandidate:0cd5f69f-229b-4e24-9dce-31aad898d52d
2019-10-23 22:39:58,595 [grpc-default-executor-1] INFO  impl.RoleInfo (RoleInfo.java:shutdownFollowerState(121)) - 15de30e0-32e7-4789-867b-8c05fd0bfca2: shutdown FollowerState
2019-10-23 22:39:58,595 [grpc-default-executor-5] INFO  impl.RoleInfo (RoleInfo.java:shutdownFollowerState(121)) - 2f4845be-2264-4a1a-8a27-f958336e1da9: shutdown FollowerState
2019-10-23 22:39:58,596 [grpc-default-executor-1] INFO  impl.RoleInfo (RoleInfo.java:updateAndGet(143)) - 15de30e0-32e7-4789-867b-8c05fd0bfca2: start FollowerState
2019-10-23 22:39:58,596 [Thread-633] INFO  impl.FollowerState (FollowerState.java:run(117)) - 15de30e0-32e7-4789-867b-8c05fd0bfca2@group-91CED867EC48-FollowerState was interrupted: java.lang.InterruptedException: sleep interrupted
2019-10-23 22:39:58,596 [Thread-634] INFO  impl.FollowerState (FollowerState.java:run(117)) - 2f4845be-2264-4a1a-8a27-f958336e1da9@group-91CED867EC48-FollowerState was interrupted: java.lang.InterruptedException: sleep interrupted
2019-10-23 22:39:58,596 [grpc-default-executor-5] INFO  impl.RoleInfo (RoleInfo.java:updateAndGet(143)) - 2f4845be-2264-4a1a-8a27-f958336e1da9: start FollowerState
2019-10-23 22:39:58,611 [0cd5f69f-229b-4e24-9dce-31aad898d52d@group-91CED867EC48-LeaderElection18] INFO  impl.LeaderElection (LeaderElection.java:logAndReturn(56)) - 0cd5f69f-229b-4e24-9dce-31aad898d52d@group-91CED867EC48-LeaderElection18: Election REJECTED; received 2 response(s) [0cd5f69f-229b-4e24-9dce-31aad898d52d<-15de30e0-32e7-4789-867b-8c05fd0bfca2#0:FAIL-t14, 0cd5f69f-229b-4e24-9dce-31aad898d52d<-2f4845be-2264-4a1a-8a27-f958336e1da9#0:FAIL-t14] and 0 exception(s); 0cd5f69f-229b-4e24-9dce-31aad898d52d@group-91CED867EC48:t14, leader=null, voted=0cd5f69f-229b-4e24-9dce-31aad898d52d, raftlog=0cd5f69f-229b-4e24-9dce-31aad898d52d@group-91CED867EC48-SegmentedRaftLog:OPENED:c3,f4,i4, conf=0: [0cd5f69f-229b-4e24-9dce-31aad898d52d:192.168.157.195:33132, 15de30e0-32e7-4789-867b-8c05fd0bfca2:192.168.157.195:43624, 2f4845be-2264-4a1a-8a27-f958336e1da9:192.168.157.195:36753], old=null
2019-10-23 22:39:58,611 [0cd5f69f-229b-4e24-9dce-31aad898d52d@group-91CED867EC48-LeaderElection18] INFO  impl.RaftServerImpl (RaftServerImpl.java:setRole(184)) - 0cd5f69f-229b-4e24-9dce-31aad898d52d@group-91CED867EC48: changes role from CANDIDATE to FOLLOWER at term 14 for DISCOVERED_A_NEW_TERM
2019-10-23 22:39:58,611 [0cd5f69f-229b-4e24-9dce-31aad898d52d@group-91CED867EC48-LeaderElection18] INFO  impl.RoleInfo (RoleInfo.java:shutdownLeaderElection(134)) - 0cd5f69f-229b-4e24-9dce-31aad898d52d: shutdown LeaderElection
2019-10-23 22:39:58,613 [0cd5f69f-229b-4e24-9dce-31aad898d52d@group-91CED867EC48-LeaderElection18] INFO  impl.RoleInfo (RoleInfo.java:updateAndGet(143)) - 0cd5f69f-229b-4e24-9dce-31aad898d52d: start FollowerState
2019-10-23 22:39:58,688 [pool-7-thread-4] INFO  commands.RetriableDatanodeEventWatcher (RetriableDatanodeEventWatcher.java:onTimeout(47)) - RetriableDatanodeCommand type=deleteBlocksCommand with id=1571870393681 timed out. Retrying.
2019-10-23 22:39:58,689 [pool-7-thread-2] INFO  commands.RetriableDatanodeEventWatcher (RetriableDatanodeEventWatcher.java:onTimeout(47)) - RetriableDatanodeCommand type=deleteBlocksCommand with id=1571870393685 timed out. Retrying.
2019-10-23 22:39:58,689 [pool-7-thread-3] INFO  commands.RetriableDatanodeEventWatcher (RetriableDatanodeEventWatcher.java:onTimeout(47)) - RetriableDatanodeCommand type=deleteBlocksCommand with id=1571870393683 timed out. Retrying.
2019-10-23 22:39:58,689 [pool-7-thread-1] INFO  commands.RetriableDatanodeEventWatcher (RetriableDatanodeEventWatcher.java:onTimeout(47)) - RetriableDatanodeCommand type=deleteBlocksCommand with id=1571870393686 timed out. Retrying.
2019-10-23 22:39:58,690 [pool-7-thread-5] INFO  commands.RetriableDatanodeEventWatcher (RetriableDatanodeEventWatcher.java:onTimeout(47)) - RetriableDatanodeCommand type=deleteBlocksCommand with id=1571870393684 timed out. Retrying.
2019-10-23 22:39:58,690 [SCMBlockDeletingService#0] INFO  block.SCMBlockDeletingService (SCMBlockDeletingService.java:call(184)) - Totally added 1 delete blocks command for 1 datanodes, task elapsed time: 1ms
2019-10-23 22:39:58,705 [Thread-641] INFO  impl.FollowerState (FollowerState.java:run(108)) - 0cd5f69f-229b-4e24-9dce-31aad898d52d@group-91CED867EC48-FollowerState: change to CANDIDATE, lastRpcTime:92ms, electionTimeout:91ms
2019-10-23 22:39:58,705 [Thread-641] INFO  impl.RoleInfo (RoleInfo.java:shutdownFollowerState(121)) - 0cd5f69f-229b-4e24-9dce-31aad898d52d: shutdown FollowerState
2019-10-23 22:39:58,705 [Thread-641] INFO  impl.RaftServerImpl (RaftServerImpl.java:setRole(184)) - 0cd5f69f-229b-4e24-9dce-31aad898d52d@group-91CED867EC48: changes role from  FOLLOWER to CANDIDATE at term 14 for changeToCandidate
2019-10-23 22:39:58,705 [Thread-641] INFO  impl.RoleInfo (RoleInfo.java:updateAndGet(143)) - 0cd5f69f-229b-4e24-9dce-31aad898d52d: start LeaderElection
2019-10-23 22:39:58,719 [0cd5f69f-229b-4e24-9dce-31aad898d52d@group-91CED867EC48-LeaderElection19] INFO  impl.LeaderElection (LeaderElection.java:askForVotes(178)) - 0cd5f69f-229b-4e24-9dce-31aad898d52d@group-91CED867EC48-LeaderElection19: begin an election at term 15 for 0: [0cd5f69f-229b-4e24-9dce-31aad898d52d:192.168.157.195:33132, 15de30e0-32e7-4789-867b-8c05fd0bfca2:192.168.157.195:43624, 2f4845be-2264-4a1a-8a27-f958336e1da9:192.168.157.195:36753], old=null
2019-10-23 22:39:58,722 [grpc-default-executor-1] INFO  impl.RaftServerImpl (RaftServerImpl.java:setRole(184)) - 15de30e0-32e7-4789-867b-8c05fd0bfca2@group-91CED867EC48: changes role from  FOLLOWER to FOLLOWER at term 15 for recognizeCandidate:0cd5f69f-229b-4e24-9dce-31aad898d52d
2019-10-23 22:39:58,722 [grpc-default-executor-5] INFO  impl.RaftServerImpl (RaftServerImpl.java:setRole(184)) - 2f4845be-2264-4a1a-8a27-f958336e1da9@group-91CED867EC48: changes role from  FOLLOWER to FOLLOWER at term 15 for recognizeCandidate:0cd5f69f-229b-4e24-9dce-31aad898d52d
2019-10-23 22:39:58,723 [grpc-default-executor-1] INFO  impl.RoleInfo (RoleInfo.java:shutdownFollowerState(121)) - 15de30e0-32e7-4789-867b-8c05fd0bfca2: shutdown FollowerState
2019-10-23 22:39:58,723 [grpc-default-executor-5] INFO  impl.RoleInfo (RoleInfo.java:shutdownFollowerState(121)) - 2f4845be-2264-4a1a-8a27-f958336e1da9: shutdown FollowerState
2019-10-23 22:39:58,723 [grpc-default-executor-1] INFO  impl.RoleInfo (RoleInfo.java:updateAndGet(143)) - 15de30e0-32e7-4789-867b-8c05fd0bfca2: start FollowerState
2019-10-23 22:39:58,723 [Thread-639] INFO  impl.FollowerState (FollowerState.java:run(117)) - 15de30e0-32e7-4789-867b-8c05fd0bfca2@group-91CED867EC48-FollowerState was interrupted: java.lang.InterruptedException: sleep interrupted
2019-10-23 22:39:58,723 [grpc-default-executor-5] INFO  impl.RoleInfo (RoleInfo.java:updateAndGet(143)) - 2f4845be-2264-4a1a-8a27-f958336e1da9: start FollowerState
2019-10-23 22:39:58,723 [Thread-640] INFO  impl.FollowerState (FollowerState.java:run(117)) - 2f4845be-2264-4a1a-8a27-f958336e1da9@group-91CED867EC48-FollowerState was interrupted: java.lang.InterruptedException: sleep interrupted
2019-10-23 22:39:58,740 [0cd5f69f-229b-4e24-9dce-31aad898d52d@group-91CED867EC48-LeaderElection19] INFO  impl.LeaderElection (LeaderElection.java:logAndReturn(56)) - 0cd5f69f-229b-4e24-9dce-31aad898d52d@group-91CED867EC48-LeaderElection19: Election REJECTED; received 2 response(s) [0cd5f69f-229b-4e24-9dce-31aad898d52d<-15de30e0-32e7-4789-867b-8c05fd0bfca2#0:FAIL-t15, 0cd5f69f-229b-4e24-9dce-31aad898d52d<-2f4845be-2264-4a1a-8a27-f958336e1da9#0:FAIL-t15] and 0 exception(s); 0cd5f69f-229b-4e24-9dce-31aad898d52d@group-91CED867EC48:t15, leader=null, voted=0cd5f69f-229b-4e24-9dce-31aad898d52d, raftlog=0cd5f69f-229b-4e24-9dce-31aad898d52d@group-91CED867EC48-SegmentedRaftLog:OPENED:c3,f4,i4, conf=0: [0cd5f69f-229b-4e24-9dce-31aad898d52d:192.168.157.195:33132, 15de30e0-32e7-4789-867b-8c05fd0bfca2:192.168.157.195:43624, 2f4845be-2264-4a1a-8a27-f958336e1da9:192.168.157.195:36753], old=null
2019-10-23 22:39:58,740 [0cd5f69f-229b-4e24-9dce-31aad898d52d@group-91CED867EC48-LeaderElection19] INFO  impl.RaftServerImpl (RaftServerImpl.java:setRole(184)) - 0cd5f69f-229b-4e24-9dce-31aad898d52d@group-91CED867EC48: changes role from CANDIDATE to FOLLOWER at term 15 for DISCOVERED_A_NEW_TERM
2019-10-23 22:39:58,741 [0cd5f69f-229b-4e24-9dce-31aad898d52d@group-91CED867EC48-LeaderElection19] INFO  impl.RoleInfo (RoleInfo.java:shutdownLeaderElection(134)) - 0cd5f69f-229b-4e24-9dce-31aad898d52d: shutdown LeaderElection
2019-10-23 22:39:58,742 [0cd5f69f-229b-4e24-9dce-31aad898d52d@group-91CED867EC48-LeaderElection19] INFO  impl.RoleInfo (RoleInfo.java:updateAndGet(143)) - 0cd5f69f-229b-4e24-9dce-31aad898d52d: start FollowerState
2019-10-23 22:39:58,827 [Thread-647] INFO  impl.FollowerState (FollowerState.java:run(108)) - 0cd5f69f-229b-4e24-9dce-31aad898d52d@group-91CED867EC48-FollowerState: change to CANDIDATE, lastRpcTime:85ms, electionTimeout:84ms
2019-10-23 22:39:58,827 [Thread-647] INFO  impl.RoleInfo (RoleInfo.java:shutdownFollowerState(121)) - 0cd5f69f-229b-4e24-9dce-31aad898d52d: shutdown FollowerState
2019-10-23 22:39:58,827 [Thread-647] INFO  impl.RaftServerImpl (RaftServerImpl.java:setRole(184)) - 0cd5f69f-229b-4e24-9dce-31aad898d52d@group-91CED867EC48: changes role from  FOLLOWER to CANDIDATE at term 15 for changeToCandidate
2019-10-23 22:39:58,827 [Thread-647] INFO  impl.RoleInfo (RoleInfo.java:updateAndGet(143)) - 0cd5f69f-229b-4e24-9dce-31aad898d52d: start LeaderElection
2019-10-23 22:39:58,853 [0cd5f69f-229b-4e24-9dce-31aad898d52d@group-91CED867EC48-LeaderElection20] INFO  impl.LeaderElection (LeaderElection.java:askForVotes(178)) - 0cd5f69f-229b-4e24-9dce-31aad898d52d@group-91CED867EC48-LeaderElection20: begin an election at term 16 for 0: [0cd5f69f-229b-4e24-9dce-31aad898d52d:192.168.157.195:33132, 15de30e0-32e7-4789-867b-8c05fd0bfca2:192.168.157.195:43624, 2f4845be-2264-4a1a-8a27-f958336e1da9:192.168.157.195:36753], old=null
2019-10-23 22:39:58,857 [grpc-default-executor-5] INFO  impl.RaftServerImpl (RaftServerImpl.java:setRole(184)) - 15de30e0-32e7-4789-867b-8c05fd0bfca2@group-91CED867EC48: changes role from  FOLLOWER to FOLLOWER at term 16 for recognizeCandidate:0cd5f69f-229b-4e24-9dce-31aad898d52d
2019-10-23 22:39:58,857 [grpc-default-executor-5] INFO  impl.RoleInfo (RoleInfo.java:shutdownFollowerState(121)) - 15de30e0-32e7-4789-867b-8c05fd0bfca2: shutdown FollowerState
2019-10-23 22:39:58,857 [grpc-default-executor-1] INFO  impl.RaftServerImpl (RaftServerImpl.java:setRole(184)) - 2f4845be-2264-4a1a-8a27-f958336e1da9@group-91CED867EC48: changes role from  FOLLOWER to FOLLOWER at term 16 for recognizeCandidate:0cd5f69f-229b-4e24-9dce-31aad898d52d
2019-10-23 22:39:58,857 [grpc-default-executor-5] INFO  impl.RoleInfo (RoleInfo.java:updateAndGet(143)) - 15de30e0-32e7-4789-867b-8c05fd0bfca2: start FollowerState
2019-10-23 22:39:58,857 [Thread-645] INFO  impl.FollowerState (FollowerState.java:run(117)) - 15de30e0-32e7-4789-867b-8c05fd0bfca2@group-91CED867EC48-FollowerState was interrupted: java.lang.InterruptedException: sleep interrupted
2019-10-23 22:39:58,857 [grpc-default-executor-1] INFO  impl.RoleInfo (RoleInfo.java:shutdownFollowerState(121)) - 2f4845be-2264-4a1a-8a27-f958336e1da9: shutdown FollowerState
2019-10-23 22:39:58,858 [Thread-646] INFO  impl.FollowerState (FollowerState.java:run(117)) - 2f4845be-2264-4a1a-8a27-f958336e1da9@group-91CED867EC48-FollowerState was interrupted: java.lang.InterruptedException: sleep interrupted
2019-10-23 22:39:58,858 [grpc-default-executor-1] INFO  impl.RoleInfo (RoleInfo.java:updateAndGet(143)) - 2f4845be-2264-4a1a-8a27-f958336e1da9: start FollowerState
2019-10-23 22:39:58,872 [0cd5f69f-229b-4e24-9dce-31aad898d52d@group-91CED867EC48-LeaderElection20] INFO  impl.LeaderElection (LeaderElection.java:logAndReturn(56)) - 0cd5f69f-229b-4e24-9dce-31aad898d52d@group-91CED867EC48-LeaderElection20: Election REJECTED; received 2 response(s) [0cd5f69f-229b-4e24-9dce-31aad898d52d<-15de30e0-32e7-4789-867b-8c05fd0bfca2#0:FAIL-t16, 0cd5f69f-229b-4e24-9dce-31aad898d52d<-2f4845be-2264-4a1a-8a27-f958336e1da9#0:FAIL-t16] and 0 exception(s); 0cd5f69f-229b-4e24-9dce-31aad898d52d@group-91CED867EC48:t16, leader=null, voted=0cd5f69f-229b-4e24-9dce-31aad898d52d, raftlog=0cd5f69f-229b-4e24-9dce-31aad898d52d@group-91CED867EC48-SegmentedRaftLog:OPENED:c3,f4,i4, conf=0: [0cd5f69f-229b-4e24-9dce-31aad898d52d:192.168.157.195:33132, 15de30e0-32e7-4789-867b-8c05fd0bfca2:192.168.157.195:43624, 2f4845be-2264-4a1a-8a27-f958336e1da9:192.168.157.195:36753], old=null
2019-10-23 22:39:58,873 [0cd5f69f-229b-4e24-9dce-31aad898d52d@group-91CED867EC48-LeaderElection20] INFO  impl.RaftServerImpl (RaftServerImpl.java:setRole(184)) - 0cd5f69f-229b-4e24-9dce-31aad898d52d@group-91CED867EC48: changes role from CANDIDATE to FOLLOWER at term 16 for DISCOVERED_A_NEW_TERM
2019-10-23 22:39:58,877 [0cd5f69f-229b-4e24-9dce-31aad898d52d@group-91CED867EC48-LeaderElection20] INFO  impl.RoleInfo (RoleInfo.java:shutdownLeaderElection(134)) - 0cd5f69f-229b-4e24-9dce-31aad898d52d: shutdown LeaderElection
2019-10-23 22:39:58,877 [0cd5f69f-229b-4e24-9dce-31aad898d52d@group-91CED867EC48-LeaderElection20] INFO  impl.RoleInfo (RoleInfo.java:updateAndGet(143)) - 0cd5f69f-229b-4e24-9dce-31aad898d52d: start FollowerState
2019-10-23 22:39:59,018 [Thread-653] INFO  impl.FollowerState (FollowerState.java:run(108)) - 0cd5f69f-229b-4e24-9dce-31aad898d52d@group-91CED867EC48-FollowerState: change to CANDIDATE, lastRpcTime:141ms, electionTimeout:141ms
2019-10-23 22:39:59,019 [Thread-653] INFO  impl.RoleInfo (RoleInfo.java:shutdownFollowerState(121)) - 0cd5f69f-229b-4e24-9dce-31aad898d52d: shutdown FollowerState
2019-10-23 22:39:59,019 [Thread-653] INFO  impl.RaftServerImpl (RaftServerImpl.java:setRole(184)) - 0cd5f69f-229b-4e24-9dce-31aad898d52d@group-91CED867EC48: changes role from  FOLLOWER to CANDIDATE at term 16 for changeToCandidate
2019-10-23 22:39:59,019 [Thread-653] INFO  impl.RoleInfo (RoleInfo.java:updateAndGet(143)) - 0cd5f69f-229b-4e24-9dce-31aad898d52d: start LeaderElection
2019-10-23 22:39:59,034 [0cd5f69f-229b-4e24-9dce-31aad898d52d@group-91CED867EC48-LeaderElection21] INFO  impl.LeaderElection (LeaderElection.java:askForVotes(178)) - 0cd5f69f-229b-4e24-9dce-31aad898d52d@group-91CED867EC48-LeaderElection21: begin an election at term 17 for 0: [0cd5f69f-229b-4e24-9dce-31aad898d52d:192.168.157.195:33132, 15de30e0-32e7-4789-867b-8c05fd0bfca2:192.168.157.195:43624, 2f4845be-2264-4a1a-8a27-f958336e1da9:192.168.157.195:36753], old=null
2019-10-23 22:39:59,037 [BlockDeletingService#0] WARN  background.BlockDeletingService (BlockDeletingService.java:isDeletionAllowed(187)) - Close Container log Index 6 is not replicated across allthe servers in the pipeline a9317f84-3083-4a94-a1f5-91ced867ec48 as the min replicated index is 4. Deletion is not allowed in this container yet.
2019-10-23 22:39:59,037 [BlockDeletingService#2] WARN  background.BlockDeletingService (BlockDeletingService.java:isDeletionAllowed(187)) - Close Container log Index 6 is not replicated across allthe servers in the pipeline a9317f84-3083-4a94-a1f5-91ced867ec48 as the min replicated index is 4. Deletion is not allowed in this container yet.
2019-10-23 22:39:59,037 [grpc-default-executor-1] INFO  impl.RaftServerImpl (RaftServerImpl.java:setRole(184)) - 2f4845be-2264-4a1a-8a27-f958336e1da9@group-91CED867EC48: changes role from  FOLLOWER to FOLLOWER at term 17 for recognizeCandidate:0cd5f69f-229b-4e24-9dce-31aad898d52d
2019-10-23 22:39:59,037 [grpc-default-executor-1] INFO  impl.RoleInfo (RoleInfo.java:shutdownFollowerState(121)) - 2f4845be-2264-4a1a-8a27-f958336e1da9: shutdown FollowerState
2019-10-23 22:39:59,037 [grpc-default-executor-5] INFO  impl.RaftServerImpl (RaftServerImpl.java:setRole(184)) - 15de30e0-32e7-4789-867b-8c05fd0bfca2@group-91CED867EC48: changes role from  FOLLOWER to FOLLOWER at term 17 for recognizeCandidate:0cd5f69f-229b-4e24-9dce-31aad898d52d
2019-10-23 22:39:59,038 [grpc-default-executor-1] INFO  impl.RoleInfo (RoleInfo.java:updateAndGet(143)) - 2f4845be-2264-4a1a-8a27-f958336e1da9: start FollowerState
2019-10-23 22:39:59,038 [Thread-652] INFO  impl.FollowerState (FollowerState.java:run(117)) - 2f4845be-2264-4a1a-8a27-f958336e1da9@group-91CED867EC48-FollowerState was interrupted: java.lang.InterruptedException: sleep interrupted
2019-10-23 22:39:59,038 [grpc-default-executor-5] INFO  impl.RoleInfo (RoleInfo.java:shutdownFollowerState(121)) - 15de30e0-32e7-4789-867b-8c05fd0bfca2: shutdown FollowerState
2019-10-23 22:39:59,038 [Thread-651] INFO  impl.FollowerState (FollowerState.java:run(117)) - 15de30e0-32e7-4789-867b-8c05fd0bfca2@group-91CED867EC48-FollowerState was interrupted: java.lang.InterruptedException: sleep interrupted
2019-10-23 22:39:59,038 [grpc-default-executor-5] INFO  impl.RoleInfo (RoleInfo.java:updateAndGet(143)) - 15de30e0-32e7-4789-867b-8c05fd0bfca2: start FollowerState
2019-10-23 22:39:59,053 [0cd5f69f-229b-4e24-9dce-31aad898d52d@group-91CED867EC48-LeaderElection21] INFO  impl.LeaderElection (LeaderElection.java:logAndReturn(56)) - 0cd5f69f-229b-4e24-9dce-31aad898d52d@group-91CED867EC48-LeaderElection21: Election REJECTED; received 2 response(s) [0cd5f69f-229b-4e24-9dce-31aad898d52d<-15de30e0-32e7-4789-867b-8c05fd0bfca2#0:FAIL-t17, 0cd5f69f-229b-4e24-9dce-31aad898d52d<-2f4845be-2264-4a1a-8a27-f958336e1da9#0:FAIL-t17] and 0 exception(s); 0cd5f69f-229b-4e24-9dce-31aad898d52d@group-91CED867EC48:t17, leader=null, voted=0cd5f69f-229b-4e24-9dce-31aad898d52d, raftlog=0cd5f69f-229b-4e24-9dce-31aad898d52d@group-91CED867EC48-SegmentedRaftLog:OPENED:c3,f4,i4, conf=0: [0cd5f69f-229b-4e24-9dce-31aad898d52d:192.168.157.195:33132, 15de30e0-32e7-4789-867b-8c05fd0bfca2:192.168.157.195:43624, 2f4845be-2264-4a1a-8a27-f958336e1da9:192.168.157.195:36753], old=null
2019-10-23 22:39:59,053 [0cd5f69f-229b-4e24-9dce-31aad898d52d@group-91CED867EC48-LeaderElection21] INFO  impl.RaftServerImpl (RaftServerImpl.java:setRole(184)) - 0cd5f69f-229b-4e24-9dce-31aad898d52d@group-91CED867EC48: changes role from CANDIDATE to FOLLOWER at term 17 for DISCOVERED_A_NEW_TERM
2019-10-23 22:39:59,053 [0cd5f69f-229b-4e24-9dce-31aad898d52d@group-91CED867EC48-LeaderElection21] INFO  impl.RoleInfo (RoleInfo.java:shutdownLeaderElection(134)) - 0cd5f69f-229b-4e24-9dce-31aad898d52d: shutdown LeaderElection
2019-10-23 22:39:59,053 [0cd5f69f-229b-4e24-9dce-31aad898d52d@group-91CED867EC48-LeaderElection21] INFO  impl.RoleInfo (RoleInfo.java:updateAndGet(143)) - 0cd5f69f-229b-4e24-9dce-31aad898d52d: start FollowerState
2019-10-23 22:39:59,062 [EventQueue-PendingDeleteStatusForPendingDeleteHandler] INFO  block.SCMBlockDeletingService (SCMBlockDeletingService.java:handlePendingDeletes(115)) - Block deletion txnID mismatch in datanode 0cd5f69f-229b-4e24-9dce-31aad898d52d for containerID 1. Datanode delete txnID: 0, SCM txnID: 1
2019-10-23 22:39:59,106 [Thread-661] INFO  impl.FollowerState (FollowerState.java:run(108)) - 0cd5f69f-229b-4e24-9dce-31aad898d52d@group-91CED867EC48-FollowerState: change to CANDIDATE, lastRpcTime:52ms, electionTimeout:52ms
2019-10-23 22:39:59,106 [Thread-661] INFO  impl.RoleInfo (RoleInfo.java:shutdownFollowerState(121)) - 0cd5f69f-229b-4e24-9dce-31aad898d52d: shutdown FollowerState
2019-10-23 22:39:59,106 [Thread-661] INFO  impl.RaftServerImpl (RaftServerImpl.java:setRole(184)) - 0cd5f69f-229b-4e24-9dce-31aad898d52d@group-91CED867EC48: changes role from  FOLLOWER to CANDIDATE at term 17 for changeToCandidate
2019-10-23 22:39:59,106 [Thread-661] INFO  impl.RoleInfo (RoleInfo.java:updateAndGet(143)) - 0cd5f69f-229b-4e24-9dce-31aad898d52d: start LeaderElection
2019-10-23 22:39:59,122 [0cd5f69f-229b-4e24-9dce-31aad898d52d@group-91CED867EC48-LeaderElection22] INFO  impl.LeaderElection (LeaderElection.java:askForVotes(178)) - 0cd5f69f-229b-4e24-9dce-31aad898d52d@group-91CED867EC48-LeaderElection22: begin an election at term 18 for 0: [0cd5f69f-229b-4e24-9dce-31aad898d52d:192.168.157.195:33132, 15de30e0-32e7-4789-867b-8c05fd0bfca2:192.168.157.195:43624, 2f4845be-2264-4a1a-8a27-f958336e1da9:192.168.157.195:36753], old=null
2019-10-23 22:39:59,125 [grpc-default-executor-5] INFO  impl.RaftServerImpl (RaftServerImpl.java:setRole(184)) - 15de30e0-32e7-4789-867b-8c05fd0bfca2@group-91CED867EC48: changes role from  FOLLOWER to FOLLOWER at term 18 for recognizeCandidate:0cd5f69f-229b-4e24-9dce-31aad898d52d
2019-10-23 22:39:59,125 [grpc-default-executor-5] INFO  impl.RoleInfo (RoleInfo.java:shutdownFollowerState(121)) - 15de30e0-32e7-4789-867b-8c05fd0bfca2: shutdown FollowerState
2019-10-23 22:39:59,125 [grpc-default-executor-1] INFO  impl.RaftServerImpl (RaftServerImpl.java:setRole(184)) - 2f4845be-2264-4a1a-8a27-f958336e1da9@group-91CED867EC48: changes role from  FOLLOWER to FOLLOWER at term 18 for recognizeCandidate:0cd5f69f-229b-4e24-9dce-31aad898d52d
2019-10-23 22:39:59,126 [grpc-default-executor-1] INFO  impl.RoleInfo (RoleInfo.java:shutdownFollowerState(121)) - 2f4845be-2264-4a1a-8a27-f958336e1da9: shutdown FollowerState
2019-10-23 22:39:59,126 [grpc-default-executor-5] INFO  impl.RoleInfo (RoleInfo.java:updateAndGet(143)) - 15de30e0-32e7-4789-867b-8c05fd0bfca2: start FollowerState
2019-10-23 22:39:59,126 [Thread-660] INFO  impl.FollowerState (FollowerState.java:run(117)) - 15de30e0-32e7-4789-867b-8c05fd0bfca2@group-91CED867EC48-FollowerState was interrupted: java.lang.InterruptedException: sleep interrupted
2019-10-23 22:39:59,126 [Thread-659] INFO  impl.FollowerState (FollowerState.java:run(117)) - 2f4845be-2264-4a1a-8a27-f958336e1da9@group-91CED867EC48-FollowerState was interrupted: java.lang.InterruptedException: sleep interrupted
2019-10-23 22:39:59,126 [grpc-default-executor-1] INFO  impl.RoleInfo (RoleInfo.java:updateAndGet(143)) - 2f4845be-2264-4a1a-8a27-f958336e1da9: start FollowerState
2019-10-23 22:39:59,140 [0cd5f69f-229b-4e24-9dce-31aad898d52d@group-91CED867EC48-LeaderElection22] INFO  impl.LeaderElection (LeaderElection.java:logAndReturn(56)) - 0cd5f69f-229b-4e24-9dce-31aad898d52d@group-91CED867EC48-LeaderElection22: Election REJECTED; received 2 response(s) [0cd5f69f-229b-4e24-9dce-31aad898d52d<-15de30e0-32e7-4789-867b-8c05fd0bfca2#0:FAIL-t18, 0cd5f69f-229b-4e24-9dce-31aad898d52d<-2f4845be-2264-4a1a-8a27-f958336e1da9#0:FAIL-t18] and 0 exception(s); 0cd5f69f-229b-4e24-9dce-31aad898d52d@group-91CED867EC48:t18, leader=null, voted=0cd5f69f-229b-4e24-9dce-31aad898d52d, raftlog=0cd5f69f-229b-4e24-9dce-31aad898d52d@group-91CED867EC48-SegmentedRaftLog:OPENED:c3,f4,i4, conf=0: [0cd5f69f-229b-4e24-9dce-31aad898d52d:192.168.157.195:33132, 15de30e0-32e7-4789-867b-8c05fd0bfca2:192.168.157.195:43624, 2f4845be-2264-4a1a-8a27-f958336e1da9:192.168.157.195:36753], old=null
2019-10-23 22:39:59,140 [0cd5f69f-229b-4e24-9dce-31aad898d52d@group-91CED867EC48-LeaderElection22] INFO  impl.RaftServerImpl (RaftServerImpl.java:setRole(184)) - 0cd5f69f-229b-4e24-9dce-31aad898d52d@group-91CED867EC48: changes role from CANDIDATE to FOLLOWER at term 18 for DISCOVERED_A_NEW_TERM
2019-10-23 22:39:59,141 [0cd5f69f-229b-4e24-9dce-31aad898d52d@group-91CED867EC48-LeaderElection22] INFO  impl.RoleInfo (RoleInfo.java:shutdownLeaderElection(134)) - 0cd5f69f-229b-4e24-9dce-31aad898d52d: shutdown LeaderElection
2019-10-23 22:39:59,141 [0cd5f69f-229b-4e24-9dce-31aad898d52d@group-91CED867EC48-LeaderElection22] INFO  impl.RoleInfo (RoleInfo.java:updateAndGet(143)) - 0cd5f69f-229b-4e24-9dce-31aad898d52d: start FollowerState
2019-10-23 22:39:59,205 [Thread-670] INFO  client.GrpcClientProtocolService (GrpcClientProtocolService.java:lambda$processClientRequest$0(278)) - Failed RaftClientRequest:client-A571C4F32A47->0cd5f69f-229b-4e24-9dce-31aad898d52d@group-91CED867EC48, cid=10, seq=0, Watch-ALL_COMMITTED(6), Message:<EMPTY>, reply=RaftClientReply:client-A571C4F32A47->0cd5f69f-229b-4e24-9dce-31aad898d52d@group-91CED867EC48, cid=10, FAILED org.apache.ratis.protocol.NotLeaderException: Server 0cd5f69f-229b-4e24-9dce-31aad898d52d@group-91CED867EC48 is not the leader, logIndex=0, commits[0cd5f69f-229b-4e24-9dce-31aad898d52d:c3]
2019-10-23 22:39:59,209 [Thread-668] INFO  impl.FollowerState (FollowerState.java:run(108)) - 0cd5f69f-229b-4e24-9dce-31aad898d52d@group-91CED867EC48-FollowerState: change to CANDIDATE, lastRpcTime:68ms, electionTimeout:64ms
2019-10-23 22:39:59,209 [Thread-668] INFO  impl.RoleInfo (RoleInfo.java:shutdownFollowerState(121)) - 0cd5f69f-229b-4e24-9dce-31aad898d52d: shutdown FollowerState
2019-10-23 22:39:59,209 [Thread-668] INFO  impl.RaftServerImpl (RaftServerImpl.java:setRole(184)) - 0cd5f69f-229b-4e24-9dce-31aad898d52d@group-91CED867EC48: changes role from  FOLLOWER to CANDIDATE at term 18 for changeToCandidate
2019-10-23 22:39:59,209 [Thread-668] INFO  impl.RoleInfo (RoleInfo.java:updateAndGet(143)) - 0cd5f69f-229b-4e24-9dce-31aad898d52d: start LeaderElection
2019-10-23 22:39:59,225 [0cd5f69f-229b-4e24-9dce-31aad898d52d@group-91CED867EC48-LeaderElection23] INFO  impl.LeaderElection (LeaderElection.java:askForVotes(178)) - 0cd5f69f-229b-4e24-9dce-31aad898d52d@group-91CED867EC48-LeaderElection23: begin an election at term 19 for 0: [0cd5f69f-229b-4e24-9dce-31aad898d52d:192.168.157.195:33132, 15de30e0-32e7-4789-867b-8c05fd0bfca2:192.168.157.195:43624, 2f4845be-2264-4a1a-8a27-f958336e1da9:192.168.157.195:36753], old=null
2019-10-23 22:39:59,228 [grpc-default-executor-5] INFO  impl.RaftServerImpl (RaftServerImpl.java:setRole(184)) - 15de30e0-32e7-4789-867b-8c05fd0bfca2@group-91CED867EC48: changes role from  FOLLOWER to FOLLOWER at term 19 for recognizeCandidate:0cd5f69f-229b-4e24-9dce-31aad898d52d
2019-10-23 22:39:59,228 [grpc-default-executor-1] INFO  impl.RaftServerImpl (RaftServerImpl.java:setRole(184)) - 2f4845be-2264-4a1a-8a27-f958336e1da9@group-91CED867EC48: changes role from  FOLLOWER to FOLLOWER at term 19 for recognizeCandidate:0cd5f69f-229b-4e24-9dce-31aad898d52d
2019-10-23 22:39:59,228 [grpc-default-executor-5] INFO  impl.RoleInfo (RoleInfo.java:shutdownFollowerState(121)) - 15de30e0-32e7-4789-867b-8c05fd0bfca2: shutdown FollowerState
2019-10-23 22:39:59,229 [grpc-default-executor-1] INFO  impl.RoleInfo (RoleInfo.java:shutdownFollowerState(121)) - 2f4845be-2264-4a1a-8a27-f958336e1da9: shutdown FollowerState
2019-10-23 22:39:59,229 [Thread-666] INFO  impl.FollowerState (FollowerState.java:run(117)) - 15de30e0-32e7-4789-867b-8c05fd0bfca2@group-91CED867EC48-FollowerState was interrupted: java.lang.InterruptedException: sleep interrupted
2019-10-23 22:39:59,229 [Thread-667] INFO  impl.FollowerState (FollowerState.java:run(117)) - 2f4845be-2264-4a1a-8a27-f958336e1da9@group-91CED867EC48-FollowerState was interrupted: java.lang.InterruptedException: sleep interrupted
2019-10-23 22:39:59,229 [grpc-default-executor-5] INFO  impl.RoleInfo (RoleInfo.java:updateAndGet(143)) - 15de30e0-32e7-4789-867b-8c05fd0bfca2: start FollowerState
2019-10-23 22:39:59,229 [grpc-default-executor-1] INFO  impl.RoleInfo (RoleInfo.java:updateAndGet(143)) - 2f4845be-2264-4a1a-8a27-f958336e1da9: start FollowerState
2019-10-23 22:39:59,244 [0cd5f69f-229b-4e24-9dce-31aad898d52d@group-91CED867EC48-LeaderElection23] INFO  impl.LeaderElection (LeaderElection.java:logAndReturn(56)) - 0cd5f69f-229b-4e24-9dce-31aad898d52d@group-91CED867EC48-LeaderElection23: Election REJECTED; received 2 response(s) [0cd5f69f-229b-4e24-9dce-31aad898d52d<-15de30e0-32e7-4789-867b-8c05fd0bfca2#0:FAIL-t19, 0cd5f69f-229b-4e24-9dce-31aad898d52d<-2f4845be-2264-4a1a-8a27-f958336e1da9#0:FAIL-t19] and 0 exception(s); 0cd5f69f-229b-4e24-9dce-31aad898d52d@group-91CED867EC48:t19, leader=null, voted=0cd5f69f-229b-4e24-9dce-31aad898d52d, raftlog=0cd5f69f-229b-4e24-9dce-31aad898d52d@group-91CED867EC48-SegmentedRaftLog:OPENED:c3,f4,i4, conf=0: [0cd5f69f-229b-4e24-9dce-31aad898d52d:192.168.157.195:33132, 15de30e0-32e7-4789-867b-8c05fd0bfca2:192.168.157.195:43624, 2f4845be-2264-4a1a-8a27-f958336e1da9:192.168.157.195:36753], old=null
2019-10-23 22:39:59,244 [0cd5f69f-229b-4e24-9dce-31aad898d52d@group-91CED867EC48-LeaderElection23] INFO  impl.RaftServerImpl (RaftServerImpl.java:setRole(184)) - 0cd5f69f-229b-4e24-9dce-31aad898d52d@group-91CED867EC48: changes role from CANDIDATE to FOLLOWER at term 19 for DISCOVERED_A_NEW_TERM
2019-10-23 22:39:59,244 [0cd5f69f-229b-4e24-9dce-31aad898d52d@group-91CED867EC48-LeaderElection23] INFO  impl.RoleInfo (RoleInfo.java:shutdownLeaderElection(134)) - 0cd5f69f-229b-4e24-9dce-31aad898d52d: shutdown LeaderElection
2019-10-23 22:39:59,244 [0cd5f69f-229b-4e24-9dce-31aad898d52d@group-91CED867EC48-LeaderElection23] INFO  impl.RoleInfo (RoleInfo.java:updateAndGet(143)) - 0cd5f69f-229b-4e24-9dce-31aad898d52d: start FollowerState
2019-10-23 22:39:59,272 [Thread-677] INFO  impl.FollowerState (FollowerState.java:run(108)) - 0cd5f69f-229b-4e24-9dce-31aad898d52d@group-91CED867EC48-FollowerState: change to CANDIDATE, lastRpcTime:27ms, electionTimeout:27ms
2019-10-23 22:39:59,272 [Thread-677] INFO  impl.RoleInfo (RoleInfo.java:shutdownFollowerState(121)) - 0cd5f69f-229b-4e24-9dce-31aad898d52d: shutdown FollowerState
2019-10-23 22:39:59,272 [Thread-677] INFO  impl.RaftServerImpl (RaftServerImpl.java:setRole(184)) - 0cd5f69f-229b-4e24-9dce-31aad898d52d@group-91CED867EC48: changes role from  FOLLOWER to CANDIDATE at term 19 for changeToCandidate
2019-10-23 22:39:59,272 [Thread-677] INFO  impl.RoleInfo (RoleInfo.java:updateAndGet(143)) - 0cd5f69f-229b-4e24-9dce-31aad898d52d: start LeaderElection
2019-10-23 22:39:59,298 [0cd5f69f-229b-4e24-9dce-31aad898d52d@group-91CED867EC48-LeaderElection24] INFO  impl.LeaderElection (LeaderElection.java:askForVotes(178)) - 0cd5f69f-229b-4e24-9dce-31aad898d52d@group-91CED867EC48-LeaderElection24: begin an election at term 20 for 0: [0cd5f69f-229b-4e24-9dce-31aad898d52d:192.168.157.195:33132, 15de30e0-32e7-4789-867b-8c05fd0bfca2:192.168.157.195:43624, 2f4845be-2264-4a1a-8a27-f958336e1da9:192.168.157.195:36753], old=null
2019-10-23 22:39:59,301 [grpc-default-executor-1] INFO  impl.RaftServerImpl (RaftServerImpl.java:setRole(184)) - 15de30e0-32e7-4789-867b-8c05fd0bfca2@group-91CED867EC48: changes role from  FOLLOWER to FOLLOWER at term 20 for recognizeCandidate:0cd5f69f-229b-4e24-9dce-31aad898d52d
2019-10-23 22:39:59,301 [grpc-default-executor-5] INFO  impl.RaftServerImpl (RaftServerImpl.java:setRole(184)) - 2f4845be-2264-4a1a-8a27-f958336e1da9@group-91CED867EC48: changes role from  FOLLOWER to FOLLOWER at term 20 for recognizeCandidate:0cd5f69f-229b-4e24-9dce-31aad898d52d
2019-10-23 22:39:59,301 [grpc-default-executor-1] INFO  impl.RoleInfo (RoleInfo.java:shutdownFollowerState(121)) - 15de30e0-32e7-4789-867b-8c05fd0bfca2: shutdown FollowerState
2019-10-23 22:39:59,301 [grpc-default-executor-5] INFO  impl.RoleInfo (RoleInfo.java:shutdownFollowerState(121)) - 2f4845be-2264-4a1a-8a27-f958336e1da9: shutdown FollowerState
2019-10-23 22:39:59,301 [Thread-675] INFO  impl.FollowerState (FollowerState.java:run(117)) - 15de30e0-32e7-4789-867b-8c05fd0bfca2@group-91CED867EC48-FollowerState was interrupted: java.lang.InterruptedException: sleep interrupted
2019-10-23 22:39:59,301 [grpc-default-executor-1] INFO  impl.RoleInfo (RoleInfo.java:updateAndGet(143)) - 15de30e0-32e7-4789-867b-8c05fd0bfca2: start FollowerState
2019-10-23 22:39:59,301 [Thread-676] INFO  impl.FollowerState (FollowerState.java:run(117)) - 2f4845be-2264-4a1a-8a27-f958336e1da9@group-91CED867EC48-FollowerState was interrupted: java.lang.InterruptedException: sleep interrupted
2019-10-23 22:39:59,301 [grpc-default-executor-5] INFO  impl.RoleInfo (RoleInfo.java:updateAndGet(143)) - 2f4845be-2264-4a1a-8a27-f958336e1da9: start FollowerState
2019-10-23 22:39:59,312 [java.util.concurrent.ThreadPoolExecutor$Worker@6cbe33e6[State = -1, empty queue]] WARN  server.GrpcLogAppender (GrpcLogAppender.java:timeoutAppendRequest(209)) - 15de30e0-32e7-4789-867b-8c05fd0bfca2@group-91CED867EC48->0cd5f69f-229b-4e24-9dce-31aad898d52d-GrpcLogAppender: appendEntries Timeout, request=15de30e0-32e7-4789-867b-8c05fd0bfca2->0cd5f69f-229b-4e24-9dce-31aad898d52d#52-t1, previous=(t:1, i:10), leaderCommit=10, initializing? false, entries: <empty>
2019-10-23 22:39:59,316 [0cd5f69f-229b-4e24-9dce-31aad898d52d@group-91CED867EC48-LeaderElection24] INFO  impl.LeaderElection (LeaderElection.java:logAndReturn(56)) - 0cd5f69f-229b-4e24-9dce-31aad898d52d@group-91CED867EC48-LeaderElection24: Election REJECTED; received 2 response(s) [0cd5f69f-229b-4e24-9dce-31aad898d52d<-15de30e0-32e7-4789-867b-8c05fd0bfca2#0:FAIL-t20, 0cd5f69f-229b-4e24-9dce-31aad898d52d<-2f4845be-2264-4a1a-8a27-f958336e1da9#0:FAIL-t20] and 0 exception(s); 0cd5f69f-229b-4e24-9dce-31aad898d52d@group-91CED867EC48:t20, leader=null, voted=0cd5f69f-229b-4e24-9dce-31aad898d52d, raftlog=0cd5f69f-229b-4e24-9dce-31aad898d52d@group-91CED867EC48-SegmentedRaftLog:OPENED:c3,f4,i4, conf=0: [0cd5f69f-229b-4e24-9dce-31aad898d52d:192.168.157.195:33132, 15de30e0-32e7-4789-867b-8c05fd0bfca2:192.168.157.195:43624, 2f4845be-2264-4a1a-8a27-f958336e1da9:192.168.157.195:36753], old=null
2019-10-23 22:39:59,317 [0cd5f69f-229b-4e24-9dce-31aad898d52d@group-91CED867EC48-LeaderElection24] INFO  impl.RaftServerImpl (RaftServerImpl.java:setRole(184)) - 0cd5f69f-229b-4e24-9dce-31aad898d52d@group-91CED867EC48: changes role from CANDIDATE to FOLLOWER at term 20 for DISCOVERED_A_NEW_TERM
2019-10-23 22:39:59,317 [0cd5f69f-229b-4e24-9dce-31aad898d52d@group-91CED867EC48-LeaderElection24] INFO  impl.RoleInfo (RoleInfo.java:shutdownLeaderElection(134)) - 0cd5f69f-229b-4e24-9dce-31aad898d52d: shutdown LeaderElection
2019-10-23 22:39:59,317 [0cd5f69f-229b-4e24-9dce-31aad898d52d@group-91CED867EC48-LeaderElection24] INFO  impl.RoleInfo (RoleInfo.java:updateAndGet(143)) - 0cd5f69f-229b-4e24-9dce-31aad898d52d: start FollowerState
2019-10-23 22:39:59,484 [Thread-683] INFO  impl.FollowerState (FollowerState.java:run(108)) - 0cd5f69f-229b-4e24-9dce-31aad898d52d@group-91CED867EC48-FollowerState: change to CANDIDATE, lastRpcTime:166ms, electionTimeout:166ms
2019-10-23 22:39:59,484 [Thread-683] INFO  impl.RoleInfo (RoleInfo.java:shutdownFollowerState(121)) - 0cd5f69f-229b-4e24-9dce-31aad898d52d: shutdown FollowerState
2019-10-23 22:39:59,484 [Thread-683] INFO  impl.RaftServerImpl (RaftServerImpl.java:setRole(184)) - 0cd5f69f-229b-4e24-9dce-31aad898d52d@group-91CED867EC48: changes role from  FOLLOWER to CANDIDATE at term 20 for changeToCandidate
2019-10-23 22:39:59,484 [Thread-683] INFO  impl.RoleInfo (RoleInfo.java:updateAndGet(143)) - 0cd5f69f-229b-4e24-9dce-31aad898d52d: start LeaderElection
2019-10-23 22:39:59,498 [0cd5f69f-229b-4e24-9dce-31aad898d52d@group-91CED867EC48-LeaderElection25] INFO  impl.LeaderElection (LeaderElection.java:askForVotes(178)) - 0cd5f69f-229b-4e24-9dce-31aad898d52d@group-91CED867EC48-LeaderElection25: begin an election at term 21 for 0: [0cd5f69f-229b-4e24-9dce-31aad898d52d:192.168.157.195:33132, 15de30e0-32e7-4789-867b-8c05fd0bfca2:192.168.157.195:43624, 2f4845be-2264-4a1a-8a27-f958336e1da9:192.168.157.195:36753], old=null
2019-10-23 22:39:59,612 [0cd5f69f-229b-4e24-9dce-31aad898d52d@group-91CED867EC48-LeaderElection25] INFO  impl.LeaderElection (LeaderElection.java:logAndReturn(56)) - 0cd5f69f-229b-4e24-9dce-31aad898d52d@group-91CED867EC48-LeaderElection25: Election TIMEOUT; received 0 response(s) [] and 0 exception(s); 0cd5f69f-229b-4e24-9dce-31aad898d52d@group-91CED867EC48:t21, leader=null, voted=0cd5f69f-229b-4e24-9dce-31aad898d52d, raftlog=0cd5f69f-229b-4e24-9dce-31aad898d52d@group-91CED867EC48-SegmentedRaftLog:OPENED:c3,f4,i4, conf=0: [0cd5f69f-229b-4e24-9dce-31aad898d52d:192.168.157.195:33132, 15de30e0-32e7-4789-867b-8c05fd0bfca2:192.168.157.195:43624, 2f4845be-2264-4a1a-8a27-f958336e1da9:192.168.157.195:36753], old=null
2019-10-23 22:39:59,620 [grpc-default-executor-5] INFO  impl.RaftServerImpl (RaftServerImpl.java:setRole(184)) - 2f4845be-2264-4a1a-8a27-f958336e1da9@group-91CED867EC48: changes role from  FOLLOWER to FOLLOWER at term 21 for recognizeCandidate:0cd5f69f-229b-4e24-9dce-31aad898d52d
2019-10-23 22:39:59,620 [grpc-default-executor-1] INFO  impl.RaftServerImpl (RaftServerImpl.java:setRole(184)) - 15de30e0-32e7-4789-867b-8c05fd0bfca2@group-91CED867EC48: changes role from  FOLLOWER to FOLLOWER at term 21 for recognizeCandidate:0cd5f69f-229b-4e24-9dce-31aad898d52d
2019-10-23 22:39:59,620 [grpc-default-executor-5] INFO  impl.RoleInfo (RoleInfo.java:shutdownFollowerState(121)) - 2f4845be-2264-4a1a-8a27-f958336e1da9: shutdown FollowerState
2019-10-23 22:39:59,620 [grpc-default-executor-1] INFO  impl.RoleInfo (RoleInfo.java:shutdownFollowerState(121)) - 15de30e0-32e7-4789-867b-8c05fd0bfca2: shutdown FollowerState
2019-10-23 22:39:59,621 [grpc-default-executor-5] INFO  impl.RoleInfo (RoleInfo.java:updateAndGet(143)) - 2f4845be-2264-4a1a-8a27-f958336e1da9: start FollowerState
2019-10-23 22:39:59,621 [Thread-682] INFO  impl.FollowerState (FollowerState.java:run(117)) - 2f4845be-2264-4a1a-8a27-f958336e1da9@group-91CED867EC48-FollowerState was interrupted: java.lang.InterruptedException: sleep interrupted
2019-10-23 22:39:59,621 [grpc-default-executor-1] INFO  impl.RoleInfo (RoleInfo.java:updateAndGet(143)) - 15de30e0-32e7-4789-867b-8c05fd0bfca2: start FollowerState
2019-10-23 22:39:59,621 [Thread-681] INFO  impl.FollowerState (FollowerState.java:run(117)) - 15de30e0-32e7-4789-867b-8c05fd0bfca2@group-91CED867EC48-FollowerState was interrupted: java.lang.InterruptedException: sleep interrupted
2019-10-23 22:39:59,639 [0cd5f69f-229b-4e24-9dce-31aad898d52d@group-91CED867EC48-LeaderElection25] INFO  impl.LeaderElection (LeaderElection.java:askForVotes(178)) - 0cd5f69f-229b-4e24-9dce-31aad898d52d@group-91CED867EC48-LeaderElection25: begin an election at term 22 for 0: [0cd5f69f-229b-4e24-9dce-31aad898d52d:192.168.157.195:33132, 15de30e0-32e7-4789-867b-8c05fd0bfca2:192.168.157.195:43624, 2f4845be-2264-4a1a-8a27-f958336e1da9:192.168.157.195:36753], old=null
2019-10-23 22:39:59,642 [grpc-default-executor-5] INFO  impl.RaftServerImpl (RaftServerImpl.java:setRole(184)) - 2f4845be-2264-4a1a-8a27-f958336e1da9@group-91CED867EC48: changes role from  FOLLOWER to FOLLOWER at term 22 for recognizeCandidate:0cd5f69f-229b-4e24-9dce-31aad898d52d
2019-10-23 22:39:59,642 [grpc-default-executor-1] INFO  impl.RaftServerImpl (RaftServerImpl.java:setRole(184)) - 15de30e0-32e7-4789-867b-8c05fd0bfca2@group-91CED867EC48: changes role from  FOLLOWER to FOLLOWER at term 22 for recognizeCandidate:0cd5f69f-229b-4e24-9dce-31aad898d52d
2019-10-23 22:39:59,642 [grpc-default-executor-5] INFO  impl.RoleInfo (RoleInfo.java:shutdownFollowerState(121)) - 2f4845be-2264-4a1a-8a27-f958336e1da9: shutdown FollowerState
2019-10-23 22:39:59,643 [grpc-default-executor-1] INFO  impl.RoleInfo (RoleInfo.java:shutdownFollowerState(121)) - 15de30e0-32e7-4789-867b-8c05fd0bfca2: shutdown FollowerState
2019-10-23 22:39:59,643 [grpc-default-executor-5] INFO  impl.RoleInfo (RoleInfo.java:updateAndGet(143)) - 2f4845be-2264-4a1a-8a27-f958336e1da9: start FollowerState
2019-10-23 22:39:59,643 [Thread-687] INFO  impl.FollowerState (FollowerState.java:run(117)) - 2f4845be-2264-4a1a-8a27-f958336e1da9@group-91CED867EC48-FollowerState was interrupted: java.lang.InterruptedException: sleep interrupted
2019-10-23 22:39:59,643 [grpc-default-executor-1] INFO  impl.RoleInfo (RoleInfo.java:updateAndGet(143)) - 15de30e0-32e7-4789-867b-8c05fd0bfca2: start FollowerState
2019-10-23 22:39:59,643 [Thread-688] INFO  impl.FollowerState (FollowerState.java:run(117)) - 15de30e0-32e7-4789-867b-8c05fd0bfca2@group-91CED867EC48-FollowerState was interrupted: java.lang.InterruptedException: sleep interrupted
2019-10-23 22:39:59,658 [0cd5f69f-229b-4e24-9dce-31aad898d52d@group-91CED867EC48-LeaderElection25] INFO  impl.LeaderElection (LeaderElection.java:logAndReturn(56)) - 0cd5f69f-229b-4e24-9dce-31aad898d52d@group-91CED867EC48-LeaderElection25: Election REJECTED; received 2 response(s) [0cd5f69f-229b-4e24-9dce-31aad898d52d<-15de30e0-32e7-4789-867b-8c05fd0bfca2#0:FAIL-t22, 0cd5f69f-229b-4e24-9dce-31aad898d52d<-2f4845be-2264-4a1a-8a27-f958336e1da9#0:FAIL-t22] and 0 exception(s); 0cd5f69f-229b-4e24-9dce-31aad898d52d@group-91CED867EC48:t22, leader=null, voted=0cd5f69f-229b-4e24-9dce-31aad898d52d, raftlog=0cd5f69f-229b-4e24-9dce-31aad898d52d@group-91CED867EC48-SegmentedRaftLog:OPENED:c3,f4,i4, conf=0: [0cd5f69f-229b-4e24-9dce-31aad898d52d:192.168.157.195:33132, 15de30e0-32e7-4789-867b-8c05fd0bfca2:192.168.157.195:43624, 2f4845be-2264-4a1a-8a27-f958336e1da9:192.168.157.195:36753], old=null
2019-10-23 22:39:59,658 [0cd5f69f-229b-4e24-9dce-31aad898d52d@group-91CED867EC48-LeaderElection25] INFO  impl.RaftServerImpl (RaftServerImpl.java:setRole(184)) - 0cd5f69f-229b-4e24-9dce-31aad898d52d@group-91CED867EC48: changes role from CANDIDATE to FOLLOWER at term 22 for DISCOVERED_A_NEW_TERM
2019-10-23 22:39:59,658 [0cd5f69f-229b-4e24-9dce-31aad898d52d@group-91CED867EC48-LeaderElection25] INFO  impl.RoleInfo (RoleInfo.java:shutdownLeaderElection(134)) - 0cd5f69f-229b-4e24-9dce-31aad898d52d: shutdown LeaderElection
2019-10-23 22:39:59,658 [0cd5f69f-229b-4e24-9dce-31aad898d52d@group-91CED867EC48-LeaderElection25] INFO  impl.RoleInfo (RoleInfo.java:updateAndGet(143)) - 0cd5f69f-229b-4e24-9dce-31aad898d52d: start FollowerState
2019-10-23 22:39:59,688 [Thread-693] INFO  impl.FollowerState (FollowerState.java:run(108)) - 0cd5f69f-229b-4e24-9dce-31aad898d52d@group-91CED867EC48-FollowerState: change to CANDIDATE, lastRpcTime:29ms, electionTimeout:29ms
2019-10-23 22:39:59,688 [Thread-693] INFO  impl.RoleInfo (RoleInfo.java:shutdownFollowerState(121)) - 0cd5f69f-229b-4e24-9dce-31aad898d52d: shutdown FollowerState
2019-10-23 22:39:59,688 [Thread-693] INFO  impl.RaftServerImpl (RaftServerImpl.java:setRole(184)) - 0cd5f69f-229b-4e24-9dce-31aad898d52d@group-91CED867EC48: changes role from  FOLLOWER to CANDIDATE at term 22 for changeToCandidate
2019-10-23 22:39:59,688 [Thread-693] INFO  impl.RoleInfo (RoleInfo.java:updateAndGet(143)) - 0cd5f69f-229b-4e24-9dce-31aad898d52d: start LeaderElection
2019-10-23 22:39:59,690 [pool-7-thread-1] INFO  commands.RetriableDatanodeEventWatcher (RetriableDatanodeEventWatcher.java:onTimeout(47)) - RetriableDatanodeCommand type=deleteBlocksCommand with id=1571870393681 timed out. Retrying.
2019-10-23 22:39:59,690 [pool-7-thread-6] INFO  commands.RetriableDatanodeEventWatcher (RetriableDatanodeEventWatcher.java:onTimeout(47)) - RetriableDatanodeCommand type=deleteBlocksCommand with id=1571870393684 timed out. Retrying.
2019-10-23 22:39:59,690 [pool-7-thread-2] INFO  commands.RetriableDatanodeEventWatcher (RetriableDatanodeEventWatcher.java:onTimeout(47)) - RetriableDatanodeCommand type=deleteBlocksCommand with id=1571870393686 timed out. Retrying.
2019-10-23 22:39:59,691 [pool-7-thread-3] INFO  commands.RetriableDatanodeEventWatcher (RetriableDatanodeEventWatcher.java:onTimeout(47)) - RetriableDatanodeCommand type=deleteBlocksCommand with id=1571870393687 timed out. Retrying.
2019-10-23 22:39:59,691 [pool-7-thread-5] INFO  commands.RetriableDatanodeEventWatcher (RetriableDatanodeEventWatcher.java:onTimeout(47)) - RetriableDatanodeCommand type=deleteBlocksCommand with id=1571870393683 timed out. Retrying.
2019-10-23 22:39:59,691 [pool-7-thread-4] INFO  commands.RetriableDatanodeEventWatcher (RetriableDatanodeEventWatcher.java:onTimeout(47)) - RetriableDatanodeCommand type=deleteBlocksCommand with id=1571870393685 timed out. Retrying.
2019-10-23 22:39:59,691 [SCMBlockDeletingService#0] INFO  block.SCMBlockDeletingService (SCMBlockDeletingService.java:call(184)) - Totally added 1 delete blocks command for 1 datanodes, task elapsed time: 1ms
2019-10-23 22:39:59,702 [0cd5f69f-229b-4e24-9dce-31aad898d52d@group-91CED867EC48-LeaderElection26] INFO  impl.LeaderElection (LeaderElection.java:askForVotes(178)) - 0cd5f69f-229b-4e24-9dce-31aad898d52d@group-91CED867EC48-LeaderElection26: begin an election at term 23 for 0: [0cd5f69f-229b-4e24-9dce-31aad898d52d:192.168.157.195:33132, 15de30e0-32e7-4789-867b-8c05fd0bfca2:192.168.157.195:43624, 2f4845be-2264-4a1a-8a27-f958336e1da9:192.168.157.195:36753], old=null
2019-10-23 22:39:59,704 [grpc-default-executor-5] INFO  impl.RaftServerImpl (RaftServerImpl.java:setRole(184)) - 15de30e0-32e7-4789-867b-8c05fd0bfca2@group-91CED867EC48: changes role from  FOLLOWER to FOLLOWER at term 23 for recognizeCandidate:0cd5f69f-229b-4e24-9dce-31aad898d52d
2019-10-23 22:39:59,704 [grpc-default-executor-1] INFO  impl.RaftServerImpl (RaftServerImpl.java:setRole(184)) - 2f4845be-2264-4a1a-8a27-f958336e1da9@group-91CED867EC48: changes role from  FOLLOWER to FOLLOWER at term 23 for recognizeCandidate:0cd5f69f-229b-4e24-9dce-31aad898d52d
2019-10-23 22:39:59,705 [grpc-default-executor-5] INFO  impl.RoleInfo (RoleInfo.java:shutdownFollowerState(121)) - 15de30e0-32e7-4789-867b-8c05fd0bfca2: shutdown FollowerState
2019-10-23 22:39:59,705 [grpc-default-executor-1] INFO  impl.RoleInfo (RoleInfo.java:shutdownFollowerState(121)) - 2f4845be-2264-4a1a-8a27-f958336e1da9: shutdown FollowerState
2019-10-23 22:39:59,705 [Thread-692] INFO  impl.FollowerState (FollowerState.java:run(117)) - 15de30e0-32e7-4789-867b-8c05fd0bfca2@group-91CED867EC48-FollowerState was interrupted: java.lang.InterruptedException: sleep interrupted
2019-10-23 22:39:59,705 [Thread-691] INFO  impl.FollowerState (FollowerState.java:run(117)) - 2f4845be-2264-4a1a-8a27-f958336e1da9@group-91CED867EC48-FollowerState was interrupted: java.lang.InterruptedException: sleep interrupted
2019-10-23 22:39:59,705 [grpc-default-executor-5] INFO  impl.RoleInfo (RoleInfo.java:updateAndGet(143)) - 15de30e0-32e7-4789-867b-8c05fd0bfca2: start FollowerState
2019-10-23 22:39:59,705 [grpc-default-executor-1] INFO  impl.RoleInfo (RoleInfo.java:updateAndGet(143)) - 2f4845be-2264-4a1a-8a27-f958336e1da9: start FollowerState
2019-10-23 22:39:59,720 [0cd5f69f-229b-4e24-9dce-31aad898d52d@group-91CED867EC48-LeaderElection26] INFO  impl.LeaderElection (LeaderElection.java:logAndReturn(56)) - 0cd5f69f-229b-4e24-9dce-31aad898d52d@group-91CED867EC48-LeaderElection26: Election REJECTED; received 2 response(s) [0cd5f69f-229b-4e24-9dce-31aad898d52d<-15de30e0-32e7-4789-867b-8c05fd0bfca2#0:FAIL-t23, 0cd5f69f-229b-4e24-9dce-31aad898d52d<-2f4845be-2264-4a1a-8a27-f958336e1da9#0:FAIL-t23] and 0 exception(s); 0cd5f69f-229b-4e24-9dce-31aad898d52d@group-91CED867EC48:t23, leader=null, voted=0cd5f69f-229b-4e24-9dce-31aad898d52d, raftlog=0cd5f69f-229b-4e24-9dce-31aad898d52d@group-91CED867EC48-SegmentedRaftLog:OPENED:c3,f4,i4, conf=0: [0cd5f69f-229b-4e24-9dce-31aad898d52d:192.168.157.195:33132, 15de30e0-32e7-4789-867b-8c05fd0bfca2:192.168.157.195:43624, 2f4845be-2264-4a1a-8a27-f958336e1da9:192.168.157.195:36753], old=null
2019-10-23 22:39:59,721 [0cd5f69f-229b-4e24-9dce-31aad898d52d@group-91CED867EC48-LeaderElection26] INFO  impl.RaftServerImpl (RaftServerImpl.java:setRole(184)) - 0cd5f69f-229b-4e24-9dce-31aad898d52d@group-91CED867EC48: changes role from CANDIDATE to FOLLOWER at term 23 for DISCOVERED_A_NEW_TERM
2019-10-23 22:39:59,721 [0cd5f69f-229b-4e24-9dce-31aad898d52d@group-91CED867EC48-LeaderElection26] INFO  impl.RoleInfo (RoleInfo.java:shutdownLeaderElection(134)) - 0cd5f69f-229b-4e24-9dce-31aad898d52d: shutdown LeaderElection
2019-10-23 22:39:59,721 [0cd5f69f-229b-4e24-9dce-31aad898d52d@group-91CED867EC48-LeaderElection26] INFO  impl.RoleInfo (RoleInfo.java:updateAndGet(143)) - 0cd5f69f-229b-4e24-9dce-31aad898d52d: start FollowerState
2019-10-23 22:39:59,878 [Thread-699] INFO  impl.FollowerState (FollowerState.java:run(108)) - 0cd5f69f-229b-4e24-9dce-31aad898d52d@group-91CED867EC48-FollowerState: change to CANDIDATE, lastRpcTime:157ms, electionTimeout:157ms
2019-10-23 22:39:59,878 [Thread-699] INFO  impl.RoleInfo (RoleInfo.java:shutdownFollowerState(121)) - 0cd5f69f-229b-4e24-9dce-31aad898d52d: shutdown FollowerState
2019-10-23 22:39:59,878 [Thread-699] INFO  impl.RaftServerImpl (RaftServerImpl.java:setRole(184)) - 0cd5f69f-229b-4e24-9dce-31aad898d52d@group-91CED867EC48: changes role from  FOLLOWER to CANDIDATE at term 23 for changeToCandidate
2019-10-23 22:39:59,879 [Thread-699] INFO  impl.RoleInfo (RoleInfo.java:updateAndGet(143)) - 0cd5f69f-229b-4e24-9dce-31aad898d52d: start LeaderElection
2019-10-23 22:39:59,892 [0cd5f69f-229b-4e24-9dce-31aad898d52d@group-91CED867EC48-LeaderElection27] INFO  impl.LeaderElection (LeaderElection.java:askForVotes(178)) - 0cd5f69f-229b-4e24-9dce-31aad898d52d@group-91CED867EC48-LeaderElection27: begin an election at term 24 for 0: [0cd5f69f-229b-4e24-9dce-31aad898d52d:192.168.157.195:33132, 15de30e0-32e7-4789-867b-8c05fd0bfca2:192.168.157.195:43624, 2f4845be-2264-4a1a-8a27-f958336e1da9:192.168.157.195:36753], old=null
2019-10-23 22:39:59,895 [grpc-default-executor-1] INFO  impl.RaftServerImpl (RaftServerImpl.java:setRole(184)) - 15de30e0-32e7-4789-867b-8c05fd0bfca2@group-91CED867EC48: changes role from  FOLLOWER to FOLLOWER at term 24 for recognizeCandidate:0cd5f69f-229b-4e24-9dce-31aad898d52d
2019-10-23 22:39:59,895 [grpc-default-executor-5] INFO  impl.RaftServerImpl (RaftServerImpl.java:setRole(184)) - 2f4845be-2264-4a1a-8a27-f958336e1da9@group-91CED867EC48: changes role from  FOLLOWER to FOLLOWER at term 24 for recognizeCandidate:0cd5f69f-229b-4e24-9dce-31aad898d52d
2019-10-23 22:39:59,896 [grpc-default-executor-1] INFO  impl.RoleInfo (RoleInfo.java:shutdownFollowerState(121)) - 15de30e0-32e7-4789-867b-8c05fd0bfca2: shutdown FollowerState
2019-10-23 22:39:59,896 [grpc-default-executor-5] INFO  impl.RoleInfo (RoleInfo.java:shutdownFollowerState(121)) - 2f4845be-2264-4a1a-8a27-f958336e1da9: shutdown FollowerState
2019-10-23 22:39:59,896 [grpc-default-executor-1] INFO  impl.RoleInfo (RoleInfo.java:updateAndGet(143)) - 15de30e0-32e7-4789-867b-8c05fd0bfca2: start FollowerState
2019-10-23 22:39:59,896 [Thread-697] INFO  impl.FollowerState (FollowerState.java:run(117)) - 15de30e0-32e7-4789-867b-8c05fd0bfca2@group-91CED867EC48-FollowerState was interrupted: java.lang.InterruptedException: sleep interrupted
2019-10-23 22:39:59,896 [grpc-default-executor-5] INFO  impl.RoleInfo (RoleInfo.java:updateAndGet(143)) - 2f4845be-2264-4a1a-8a27-f958336e1da9: start FollowerState
2019-10-23 22:39:59,896 [Thread-698] INFO  impl.FollowerState (FollowerState.java:run(117)) - 2f4845be-2264-4a1a-8a27-f958336e1da9@group-91CED867EC48-FollowerState was interrupted: java.lang.InterruptedException: sleep interrupted
2019-10-23 22:39:59,912 [0cd5f69f-229b-4e24-9dce-31aad898d52d@group-91CED867EC48-LeaderElection27] INFO  impl.LeaderElection (LeaderElection.java:logAndReturn(56)) - 0cd5f69f-229b-4e24-9dce-31aad898d52d@group-91CED867EC48-LeaderElection27: Election REJECTED; received 2 response(s) [0cd5f69f-229b-4e24-9dce-31aad898d52d<-15de30e0-32e7-4789-867b-8c05fd0bfca2#0:FAIL-t24, 0cd5f69f-229b-4e24-9dce-31aad898d52d<-2f4845be-2264-4a1a-8a27-f958336e1da9#0:FAIL-t24] and 0 exception(s); 0cd5f69f-229b-4e24-9dce-31aad898d52d@group-91CED867EC48:t24, leader=null, voted=0cd5f69f-229b-4e24-9dce-31aad898d52d, raftlog=0cd5f69f-229b-4e24-9dce-31aad898d52d@group-91CED867EC48-SegmentedRaftLog:OPENED:c3,f4,i4, conf=0: [0cd5f69f-229b-4e24-9dce-31aad898d52d:192.168.157.195:33132, 15de30e0-32e7-4789-867b-8c05fd0bfca2:192.168.157.195:43624, 2f4845be-2264-4a1a-8a27-f958336e1da9:192.168.157.195:36753], old=null
2019-10-23 22:39:59,912 [0cd5f69f-229b-4e24-9dce-31aad898d52d@group-91CED867EC48-LeaderElection27] INFO  impl.RaftServerImpl (RaftServerImpl.java:setRole(184)) - 0cd5f69f-229b-4e24-9dce-31aad898d52d@group-91CED867EC48: changes role from CANDIDATE to FOLLOWER at term 24 for DISCOVERED_A_NEW_TERM
2019-10-23 22:39:59,912 [0cd5f69f-229b-4e24-9dce-31aad898d52d@group-91CED867EC48-LeaderElection27] INFO  impl.RoleInfo (RoleInfo.java:shutdownLeaderElection(134)) - 0cd5f69f-229b-4e24-9dce-31aad898d52d: shutdown LeaderElection
2019-10-23 22:39:59,912 [0cd5f69f-229b-4e24-9dce-31aad898d52d@group-91CED867EC48-LeaderElection27] INFO  impl.RoleInfo (RoleInfo.java:updateAndGet(143)) - 0cd5f69f-229b-4e24-9dce-31aad898d52d: start FollowerState
2019-10-23 22:40:00,038 [BlockDeletingService#0] WARN  background.BlockDeletingService (BlockDeletingService.java:isDeletionAllowed(187)) - Close Container log Index 6 is not replicated across allthe servers in the pipeline a9317f84-3083-4a94-a1f5-91ced867ec48 as the min replicated index is 4. Deletion is not allowed in this container yet.
2019-10-23 22:40:00,038 [BlockDeletingService#2] WARN  background.BlockDeletingService (BlockDeletingService.java:isDeletionAllowed(187)) - Close Container log Index 6 is not replicated across allthe servers in the pipeline a9317f84-3083-4a94-a1f5-91ced867ec48 as the min replicated index is 4. Deletion is not allowed in this container yet.
2019-10-23 22:40:00,113 [Thread-705] INFO  impl.FollowerState (FollowerState.java:run(108)) - 0cd5f69f-229b-4e24-9dce-31aad898d52d@group-91CED867EC48-FollowerState: change to CANDIDATE, lastRpcTime:200ms, electionTimeout:200ms
2019-10-23 22:40:00,113 [Thread-705] INFO  impl.RoleInfo (RoleInfo.java:shutdownFollowerState(121)) - 0cd5f69f-229b-4e24-9dce-31aad898d52d: shutdown FollowerState
2019-10-23 22:40:00,113 [Thread-705] INFO  impl.RaftServerImpl (RaftServerImpl.java:setRole(184)) - 0cd5f69f-229b-4e24-9dce-31aad898d52d@group-91CED867EC48: changes role from  FOLLOWER to CANDIDATE at term 24 for changeToCandidate
2019-10-23 22:40:00,114 [Thread-705] INFO  impl.RoleInfo (RoleInfo.java:updateAndGet(143)) - 0cd5f69f-229b-4e24-9dce-31aad898d52d: start LeaderElection
2019-10-23 22:40:00,128 [0cd5f69f-229b-4e24-9dce-31aad898d52d@group-91CED867EC48-LeaderElection28] INFO  impl.LeaderElection (LeaderElection.java:askForVotes(178)) - 0cd5f69f-229b-4e24-9dce-31aad898d52d@group-91CED867EC48-LeaderElection28: begin an election at term 25 for 0: [0cd5f69f-229b-4e24-9dce-31aad898d52d:192.168.157.195:33132, 15de30e0-32e7-4789-867b-8c05fd0bfca2:192.168.157.195:43624, 2f4845be-2264-4a1a-8a27-f958336e1da9:192.168.157.195:36753], old=null
2019-10-23 22:40:00,131 [grpc-default-executor-1] INFO  impl.RaftServerImpl (RaftServerImpl.java:setRole(184)) - 2f4845be-2264-4a1a-8a27-f958336e1da9@group-91CED867EC48: changes role from  FOLLOWER to FOLLOWER at term 25 for recognizeCandidate:0cd5f69f-229b-4e24-9dce-31aad898d52d
2019-10-23 22:40:00,131 [grpc-default-executor-5] INFO  impl.RaftServerImpl (RaftServerImpl.java:setRole(184)) - 15de30e0-32e7-4789-867b-8c05fd0bfca2@group-91CED867EC48: changes role from  FOLLOWER to FOLLOWER at term 25 for recognizeCandidate:0cd5f69f-229b-4e24-9dce-31aad898d52d
2019-10-23 22:40:00,132 [grpc-default-executor-1] INFO  impl.RoleInfo (RoleInfo.java:shutdownFollowerState(121)) - 2f4845be-2264-4a1a-8a27-f958336e1da9: shutdown FollowerState
2019-10-23 22:40:00,132 [grpc-default-executor-5] INFO  impl.RoleInfo (RoleInfo.java:shutdownFollowerState(121)) - 15de30e0-32e7-4789-867b-8c05fd0bfca2: shutdown FollowerState
2019-10-23 22:40:00,132 [grpc-default-executor-1] INFO  impl.RoleInfo (RoleInfo.java:updateAndGet(143)) - 2f4845be-2264-4a1a-8a27-f958336e1da9: start FollowerState
2019-10-23 22:40:00,132 [Thread-704] INFO  impl.FollowerState (FollowerState.java:run(117)) - 2f4845be-2264-4a1a-8a27-f958336e1da9@group-91CED867EC48-FollowerState was interrupted: java.lang.InterruptedException: sleep interrupted
2019-10-23 22:40:00,132 [grpc-default-executor-5] INFO  impl.RoleInfo (RoleInfo.java:updateAndGet(143)) - 15de30e0-32e7-4789-867b-8c05fd0bfca2: start FollowerState
2019-10-23 22:40:00,132 [Thread-703] INFO  impl.FollowerState (FollowerState.java:run(117)) - 15de30e0-32e7-4789-867b-8c05fd0bfca2@group-91CED867EC48-FollowerState was interrupted: java.lang.InterruptedException: sleep interrupted
2019-10-23 22:40:00,160 [0cd5f69f-229b-4e24-9dce-31aad898d52d@group-91CED867EC48-LeaderElection28] INFO  impl.LeaderElection (LeaderElection.java:logAndReturn(56)) - 0cd5f69f-229b-4e24-9dce-31aad898d52d@group-91CED867EC48-LeaderElection28: Election REJECTED; received 2 response(s) [0cd5f69f-229b-4e24-9dce-31aad898d52d<-15de30e0-32e7-4789-867b-8c05fd0bfca2#0:FAIL-t25, 0cd5f69f-229b-4e24-9dce-31aad898d52d<-2f4845be-2264-4a1a-8a27-f958336e1da9#0:FAIL-t25] and 0 exception(s); 0cd5f69f-229b-4e24-9dce-31aad898d52d@group-91CED867EC48:t25, leader=null, voted=0cd5f69f-229b-4e24-9dce-31aad898d52d, raftlog=0cd5f69f-229b-4e24-9dce-31aad898d52d@group-91CED867EC48-SegmentedRaftLog:OPENED:c3,f4,i4, conf=0: [0cd5f69f-229b-4e24-9dce-31aad898d52d:192.168.157.195:33132, 15de30e0-32e7-4789-867b-8c05fd0bfca2:192.168.157.195:43624, 2f4845be-2264-4a1a-8a27-f958336e1da9:192.168.157.195:36753], old=null
2019-10-23 22:40:00,160 [0cd5f69f-229b-4e24-9dce-31aad898d52d@group-91CED867EC48-LeaderElection28] INFO  impl.RaftServerImpl (RaftServerImpl.java:setRole(184)) - 0cd5f69f-229b-4e24-9dce-31aad898d52d@group-91CED867EC48: changes role from CANDIDATE to FOLLOWER at term 25 for DISCOVERED_A_NEW_TERM
2019-10-23 22:40:00,160 [0cd5f69f-229b-4e24-9dce-31aad898d52d@group-91CED867EC48-LeaderElection28] INFO  impl.RoleInfo (RoleInfo.java:shutdownLeaderElection(134)) - 0cd5f69f-229b-4e24-9dce-31aad898d52d: shutdown LeaderElection
2019-10-23 22:40:00,160 [0cd5f69f-229b-4e24-9dce-31aad898d52d@group-91CED867EC48-LeaderElection28] INFO  impl.RoleInfo (RoleInfo.java:updateAndGet(143)) - 0cd5f69f-229b-4e24-9dce-31aad898d52d: start FollowerState
2019-10-23 22:40:00,227 [Thread-716] INFO  client.GrpcClientProtocolService (GrpcClientProtocolService.java:lambda$processClientRequest$0(278)) - Failed RaftClientRequest:client-A571C4F32A47->15de30e0-32e7-4789-867b-8c05fd0bfca2@group-91CED867EC48, cid=10, seq=0, Watch-ALL_COMMITTED(6), Message:<EMPTY>, reply=RaftClientReply:client-A571C4F32A47->15de30e0-32e7-4789-867b-8c05fd0bfca2@group-91CED867EC48, cid=10, FAILED org.apache.ratis.protocol.NotLeaderException: Server 15de30e0-32e7-4789-867b-8c05fd0bfca2@group-91CED867EC48 is not the leader, logIndex=0, commits[15de30e0-32e7-4789-867b-8c05fd0bfca2:c10, 0cd5f69f-229b-4e24-9dce-31aad898d52d:c4, 2f4845be-2264-4a1a-8a27-f958336e1da9:c10]
2019-10-23 22:40:00,235 [Thread-714] INFO  impl.FollowerState (FollowerState.java:run(108)) - 0cd5f69f-229b-4e24-9dce-31aad898d52d@group-91CED867EC48-FollowerState: change to CANDIDATE, lastRpcTime:75ms, electionTimeout:74ms
2019-10-23 22:40:00,235 [Thread-714] INFO  impl.RoleInfo (RoleInfo.java:shutdownFollowerState(121)) - 0cd5f69f-229b-4e24-9dce-31aad898d52d: shutdown FollowerState
2019-10-23 22:40:00,236 [Thread-714] INFO  impl.RaftServerImpl (RaftServerImpl.java:setRole(184)) - 0cd5f69f-229b-4e24-9dce-31aad898d52d@group-91CED867EC48: changes role from  FOLLOWER to CANDIDATE at term 25 for changeToCandidate
2019-10-23 22:40:00,236 [Thread-714] INFO  impl.RoleInfo (RoleInfo.java:updateAndGet(143)) - 0cd5f69f-229b-4e24-9dce-31aad898d52d: start LeaderElection
2019-10-23 22:40:00,249 [0cd5f69f-229b-4e24-9dce-31aad898d52d@group-91CED867EC48-LeaderElection29] INFO  impl.LeaderElection (LeaderElection.java:askForVotes(178)) - 0cd5f69f-229b-4e24-9dce-31aad898d52d@group-91CED867EC48-LeaderElection29: begin an election at term 26 for 0: [0cd5f69f-229b-4e24-9dce-31aad898d52d:192.168.157.195:33132, 15de30e0-32e7-4789-867b-8c05fd0bfca2:192.168.157.195:43624, 2f4845be-2264-4a1a-8a27-f958336e1da9:192.168.157.195:36753], old=null
2019-10-23 22:40:00,254 [grpc-default-executor-1] INFO  impl.RaftServerImpl (RaftServerImpl.java:setRole(184)) - 2f4845be-2264-4a1a-8a27-f958336e1da9@group-91CED867EC48: changes role from  FOLLOWER to FOLLOWER at term 26 for recognizeCandidate:0cd5f69f-229b-4e24-9dce-31aad898d52d
2019-10-23 22:40:00,254 [grpc-default-executor-1] INFO  impl.RoleInfo (RoleInfo.java:shutdownFollowerState(121)) - 2f4845be-2264-4a1a-8a27-f958336e1da9: shutdown FollowerState
2019-10-23 22:40:00,255 [Thread-712] INFO  impl.FollowerState (FollowerState.java:run(117)) - 2f4845be-2264-4a1a-8a27-f958336e1da9@group-91CED867EC48-FollowerState was interrupted: java.lang.InterruptedException: sleep interrupted
2019-10-23 22:40:00,255 [grpc-default-executor-1] INFO  impl.RoleInfo (RoleInfo.java:updateAndGet(143)) - 2f4845be-2264-4a1a-8a27-f958336e1da9: start FollowerState
2019-10-23 22:40:00,255 [grpc-default-executor-5] INFO  impl.RaftServerImpl (RaftServerImpl.java:setRole(184)) - 15de30e0-32e7-4789-867b-8c05fd0bfca2@group-91CED867EC48: changes role from  FOLLOWER to FOLLOWER at term 26 for recognizeCandidate:0cd5f69f-229b-4e24-9dce-31aad898d52d
2019-10-23 22:40:00,255 [grpc-default-executor-5] INFO  impl.RoleInfo (RoleInfo.java:shutdownFollowerState(121)) - 15de30e0-32e7-4789-867b-8c05fd0bfca2: shutdown FollowerState
2019-10-23 22:40:00,255 [grpc-default-executor-5] INFO  impl.RoleInfo (RoleInfo.java:updateAndGet(143)) - 15de30e0-32e7-4789-867b-8c05fd0bfca2: start FollowerState
2019-10-23 22:40:00,255 [Thread-713] INFO  impl.FollowerState (FollowerState.java:run(117)) - 15de30e0-32e7-4789-867b-8c05fd0bfca2@group-91CED867EC48-FollowerState was interrupted: java.lang.InterruptedException: sleep interrupted
2019-10-23 22:40:00,271 [0cd5f69f-229b-4e24-9dce-31aad898d52d@group-91CED867EC48-LeaderElection29] INFO  impl.LeaderElection (LeaderElection.java:logAndReturn(56)) - 0cd5f69f-229b-4e24-9dce-31aad898d52d@group-91CED867EC48-LeaderElection29: Election REJECTED; received 2 response(s) [0cd5f69f-229b-4e24-9dce-31aad898d52d<-15de30e0-32e7-4789-867b-8c05fd0bfca2#0:FAIL-t26, 0cd5f69f-229b-4e24-9dce-31aad898d52d<-2f4845be-2264-4a1a-8a27-f958336e1da9#0:FAIL-t26] and 0 exception(s); 0cd5f69f-229b-4e24-9dce-31aad898d52d@group-91CED867EC48:t26, leader=null, voted=0cd5f69f-229b-4e24-9dce-31aad898d52d, raftlog=0cd5f69f-229b-4e24-9dce-31aad898d52d@group-91CED867EC48-SegmentedRaftLog:OPENED:c3,f4,i4, conf=0: [0cd5f69f-229b-4e24-9dce-31aad898d52d:192.168.157.195:33132, 15de30e0-32e7-4789-867b-8c05fd0bfca2:192.168.157.195:43624, 2f4845be-2264-4a1a-8a27-f958336e1da9:192.168.157.195:36753], old=null
2019-10-23 22:40:00,272 [0cd5f69f-229b-4e24-9dce-31aad898d52d@group-91CED867EC48-LeaderElection29] INFO  impl.RaftServerImpl (RaftServerImpl.java:setRole(184)) - 0cd5f69f-229b-4e24-9dce-31aad898d52d@group-91CED867EC48: changes role from CANDIDATE to FOLLOWER at term 26 for DISCOVERED_A_NEW_TERM
2019-10-23 22:40:00,272 [0cd5f69f-229b-4e24-9dce-31aad898d52d@group-91CED867EC48-LeaderElection29] INFO  impl.RoleInfo (RoleInfo.java:shutdownLeaderElection(134)) - 0cd5f69f-229b-4e24-9dce-31aad898d52d: shutdown LeaderElection
2019-10-23 22:40:00,272 [0cd5f69f-229b-4e24-9dce-31aad898d52d@group-91CED867EC48-LeaderElection29] INFO  impl.RoleInfo (RoleInfo.java:updateAndGet(143)) - 0cd5f69f-229b-4e24-9dce-31aad898d52d: start FollowerState
2019-10-23 22:40:00,456 [Thread-723] INFO  impl.FollowerState (FollowerState.java:run(108)) - 0cd5f69f-229b-4e24-9dce-31aad898d52d@group-91CED867EC48-FollowerState: change to CANDIDATE, lastRpcTime:183ms, electionTimeout:182ms
2019-10-23 22:40:00,456 [Thread-723] INFO  impl.RoleInfo (RoleInfo.java:shutdownFollowerState(121)) - 0cd5f69f-229b-4e24-9dce-31aad898d52d: shutdown FollowerState
2019-10-23 22:40:00,457 [Thread-723] INFO  impl.RaftServerImpl (RaftServerImpl.java:setRole(184)) - 0cd5f69f-229b-4e24-9dce-31aad898d52d@group-91CED867EC48: changes role from  FOLLOWER to CANDIDATE at term 26 for changeToCandidate
2019-10-23 22:40:00,457 [Thread-723] INFO  impl.RoleInfo (RoleInfo.java:updateAndGet(143)) - 0cd5f69f-229b-4e24-9dce-31aad898d52d: start LeaderElection
2019-10-23 22:40:00,471 [0cd5f69f-229b-4e24-9dce-31aad898d52d@group-91CED867EC48-LeaderElection30] INFO  impl.LeaderElection (LeaderElection.java:askForVotes(178)) - 0cd5f69f-229b-4e24-9dce-31aad898d52d@group-91CED867EC48-LeaderElection30: begin an election at term 27 for 0: [0cd5f69f-229b-4e24-9dce-31aad898d52d:192.168.157.195:33132, 15de30e0-32e7-4789-867b-8c05fd0bfca2:192.168.157.195:43624, 2f4845be-2264-4a1a-8a27-f958336e1da9:192.168.157.195:36753], old=null
2019-10-23 22:40:00,474 [grpc-default-executor-1] INFO  impl.RaftServerImpl (RaftServerImpl.java:setRole(184)) - 2f4845be-2264-4a1a-8a27-f958336e1da9@group-91CED867EC48: changes role from  FOLLOWER to FOLLOWER at term 27 for recognizeCandidate:0cd5f69f-229b-4e24-9dce-31aad898d52d
2019-10-23 22:40:00,474 [grpc-default-executor-5] INFO  impl.RaftServerImpl (RaftServerImpl.java:setRole(184)) - 15de30e0-32e7-4789-867b-8c05fd0bfca2@group-91CED867EC48: changes role from  FOLLOWER to FOLLOWER at term 27 for recognizeCandidate:0cd5f69f-229b-4e24-9dce-31aad898d52d
2019-10-23 22:40:00,475 [grpc-default-executor-1] INFO  impl.RoleInfo (RoleInfo.java:shutdownFollowerState(121)) - 2f4845be-2264-4a1a-8a27-f958336e1da9: shutdown FollowerState
2019-10-23 22:40:00,475 [grpc-default-executor-5] INFO  impl.RoleInfo (RoleInfo.java:shutdownFollowerState(121)) - 15de30e0-32e7-4789-867b-8c05fd0bfca2: shutdown FollowerState
2019-10-23 22:40:00,475 [grpc-default-executor-1] INFO  impl.RoleInfo (RoleInfo.java:updateAndGet(143)) - 2f4845be-2264-4a1a-8a27-f958336e1da9: start FollowerState
2019-10-23 22:40:00,475 [Thread-721] INFO  impl.FollowerState (FollowerState.java:run(117)) - 2f4845be-2264-4a1a-8a27-f958336e1da9@group-91CED867EC48-FollowerState was interrupted: java.lang.InterruptedException: sleep interrupted
2019-10-23 22:40:00,475 [grpc-default-executor-5] INFO  impl.RoleInfo (RoleInfo.java:updateAndGet(143)) - 15de30e0-32e7-4789-867b-8c05fd0bfca2: start FollowerState
2019-10-23 22:40:00,475 [Thread-722] INFO  impl.FollowerState (FollowerState.java:run(117)) - 15de30e0-32e7-4789-867b-8c05fd0bfca2@group-91CED867EC48-FollowerState was interrupted: java.lang.InterruptedException: sleep interrupted
2019-10-23 22:40:00,490 [0cd5f69f-229b-4e24-9dce-31aad898d52d@group-91CED867EC48-LeaderElection30] INFO  impl.LeaderElection (LeaderElection.java:logAndReturn(56)) - 0cd5f69f-229b-4e24-9dce-31aad898d52d@group-91CED867EC48-LeaderElection30: Election REJECTED; received 2 response(s) [0cd5f69f-229b-4e24-9dce-31aad898d52d<-15de30e0-32e7-4789-867b-8c05fd0bfca2#0:FAIL-t27, 0cd5f69f-229b-4e24-9dce-31aad898d52d<-2f4845be-2264-4a1a-8a27-f958336e1da9#0:FAIL-t27] and 0 exception(s); 0cd5f69f-229b-4e24-9dce-31aad898d52d@group-91CED867EC48:t27, leader=null, voted=0cd5f69f-229b-4e24-9dce-31aad898d52d, raftlog=0cd5f69f-229b-4e24-9dce-31aad898d52d@group-91CED867EC48-SegmentedRaftLog:OPENED:c3,f4,i4, conf=0: [0cd5f69f-229b-4e24-9dce-31aad898d52d:192.168.157.195:33132, 15de30e0-32e7-4789-867b-8c05fd0bfca2:192.168.157.195:43624, 2f4845be-2264-4a1a-8a27-f958336e1da9:192.168.157.195:36753], old=null
2019-10-23 22:40:00,490 [0cd5f69f-229b-4e24-9dce-31aad898d52d@group-91CED867EC48-LeaderElection30] INFO  impl.RaftServerImpl (RaftServerImpl.java:setRole(184)) - 0cd5f69f-229b-4e24-9dce-31aad898d52d@group-91CED867EC48: changes role from CANDIDATE to FOLLOWER at term 27 for DISCOVERED_A_NEW_TERM
2019-10-23 22:40:00,490 [0cd5f69f-229b-4e24-9dce-31aad898d52d@group-91CED867EC48-LeaderElection30] INFO  impl.RoleInfo (RoleInfo.java:shutdownLeaderElection(134)) - 0cd5f69f-229b-4e24-9dce-31aad898d52d: shutdown LeaderElection
2019-10-23 22:40:00,491 [0cd5f69f-229b-4e24-9dce-31aad898d52d@group-91CED867EC48-LeaderElection30] INFO  impl.RoleInfo (RoleInfo.java:updateAndGet(143)) - 0cd5f69f-229b-4e24-9dce-31aad898d52d: start FollowerState
2019-10-23 22:40:00,556 [Thread-729] INFO  impl.FollowerState (FollowerState.java:run(108)) - 0cd5f69f-229b-4e24-9dce-31aad898d52d@group-91CED867EC48-FollowerState: change to CANDIDATE, lastRpcTime:65ms, electionTimeout:65ms
2019-10-23 22:40:00,556 [Thread-729] INFO  impl.RoleInfo (RoleInfo.java:shutdownFollowerState(121)) - 0cd5f69f-229b-4e24-9dce-31aad898d52d: shutdown FollowerState
2019-10-23 22:40:00,556 [Thread-729] INFO  impl.RaftServerImpl (RaftServerImpl.java:setRole(184)) - 0cd5f69f-229b-4e24-9dce-31aad898d52d@group-91CED867EC48: changes role from  FOLLOWER to CANDIDATE at term 27 for changeToCandidate
2019-10-23 22:40:00,556 [Thread-729] INFO  impl.RoleInfo (RoleInfo.java:updateAndGet(143)) - 0cd5f69f-229b-4e24-9dce-31aad898d52d: start LeaderElection
2019-10-23 22:40:00,582 [0cd5f69f-229b-4e24-9dce-31aad898d52d@group-91CED867EC48-LeaderElection31] INFO  impl.LeaderElection (LeaderElection.java:askForVotes(178)) - 0cd5f69f-229b-4e24-9dce-31aad898d52d@group-91CED867EC48-LeaderElection31: begin an election at term 28 for 0: [0cd5f69f-229b-4e24-9dce-31aad898d52d:192.168.157.195:33132, 15de30e0-32e7-4789-867b-8c05fd0bfca2:192.168.157.195:43624, 2f4845be-2264-4a1a-8a27-f958336e1da9:192.168.157.195:36753], old=null
2019-10-23 22:40:00,585 [grpc-default-executor-1] INFO  impl.RaftServerImpl (RaftServerImpl.java:setRole(184)) - 2f4845be-2264-4a1a-8a27-f958336e1da9@group-91CED867EC48: changes role from  FOLLOWER to FOLLOWER at term 28 for recognizeCandidate:0cd5f69f-229b-4e24-9dce-31aad898d52d
2019-10-23 22:40:00,585 [grpc-default-executor-5] INFO  impl.RaftServerImpl (RaftServerImpl.java:setRole(184)) - 15de30e0-32e7-4789-867b-8c05fd0bfca2@group-91CED867EC48: changes role from  FOLLOWER to FOLLOWER at term 28 for recognizeCandidate:0cd5f69f-229b-4e24-9dce-31aad898d52d
2019-10-23 22:40:00,585 [grpc-default-executor-1] INFO  impl.RoleInfo (RoleInfo.java:shutdownFollowerState(121)) - 2f4845be-2264-4a1a-8a27-f958336e1da9: shutdown FollowerState
2019-10-23 22:40:00,585 [grpc-default-executor-5] INFO  impl.RoleInfo (RoleInfo.java:shutdownFollowerState(121)) - 15de30e0-32e7-4789-867b-8c05fd0bfca2: shutdown FollowerState
2019-10-23 22:40:00,585 [Thread-727] INFO  impl.FollowerState (FollowerState.java:run(117)) - 2f4845be-2264-4a1a-8a27-f958336e1da9@group-91CED867EC48-FollowerState was interrupted: java.lang.InterruptedException: sleep interrupted
2019-10-23 22:40:00,585 [grpc-default-executor-5] INFO  impl.RoleInfo (RoleInfo.java:updateAndGet(143)) - 15de30e0-32e7-4789-867b-8c05fd0bfca2: start FollowerState
2019-10-23 22:40:00,585 [grpc-default-executor-1] INFO  impl.RoleInfo (RoleInfo.java:updateAndGet(143)) - 2f4845be-2264-4a1a-8a27-f958336e1da9: start FollowerState
2019-10-23 22:40:00,585 [Thread-728] INFO  impl.FollowerState (FollowerState.java:run(117)) - 15de30e0-32e7-4789-867b-8c05fd0bfca2@group-91CED867EC48-FollowerState was interrupted: java.lang.InterruptedException: sleep interrupted
2019-10-23 22:40:00,600 [0cd5f69f-229b-4e24-9dce-31aad898d52d@group-91CED867EC48-LeaderElection31] INFO  impl.LeaderElection (LeaderElection.java:logAndReturn(56)) - 0cd5f69f-229b-4e24-9dce-31aad898d52d@group-91CED867EC48-LeaderElection31: Election REJECTED; received 2 response(s) [0cd5f69f-229b-4e24-9dce-31aad898d52d<-15de30e0-32e7-4789-867b-8c05fd0bfca2#0:FAIL-t28, 0cd5f69f-229b-4e24-9dce-31aad898d52d<-2f4845be-2264-4a1a-8a27-f958336e1da9#0:FAIL-t28] and 0 exception(s); 0cd5f69f-229b-4e24-9dce-31aad898d52d@group-91CED867EC48:t28, leader=null, voted=0cd5f69f-229b-4e24-9dce-31aad898d52d, raftlog=0cd5f69f-229b-4e24-9dce-31aad898d52d@group-91CED867EC48-SegmentedRaftLog:OPENED:c3,f4,i4, conf=0: [0cd5f69f-229b-4e24-9dce-31aad898d52d:192.168.157.195:33132, 15de30e0-32e7-4789-867b-8c05fd0bfca2:192.168.157.195:43624, 2f4845be-2264-4a1a-8a27-f958336e1da9:192.168.157.195:36753], old=null
2019-10-23 22:40:00,601 [0cd5f69f-229b-4e24-9dce-31aad898d52d@group-91CED867EC48-LeaderElection31] INFO  impl.RaftServerImpl (RaftServerImpl.java:setRole(184)) - 0cd5f69f-229b-4e24-9dce-31aad898d52d@group-91CED867EC48: changes role from CANDIDATE to FOLLOWER at term 28 for DISCOVERED_A_NEW_TERM
2019-10-23 22:40:00,601 [0cd5f69f-229b-4e24-9dce-31aad898d52d@group-91CED867EC48-LeaderElection31] INFO  impl.RoleInfo (RoleInfo.java:shutdownLeaderElection(134)) - 0cd5f69f-229b-4e24-9dce-31aad898d52d: shutdown LeaderElection
2019-10-23 22:40:00,601 [0cd5f69f-229b-4e24-9dce-31aad898d52d@group-91CED867EC48-LeaderElection31] INFO  impl.RoleInfo (RoleInfo.java:updateAndGet(143)) - 0cd5f69f-229b-4e24-9dce-31aad898d52d: start FollowerState
2019-10-23 22:40:00,671 [Thread-735] INFO  impl.FollowerState (FollowerState.java:run(108)) - 0cd5f69f-229b-4e24-9dce-31aad898d52d@group-91CED867EC48-FollowerState: change to CANDIDATE, lastRpcTime:70ms, electionTimeout:70ms
2019-10-23 22:40:00,672 [Thread-735] INFO  impl.RoleInfo (RoleInfo.java:shutdownFollowerState(121)) - 0cd5f69f-229b-4e24-9dce-31aad898d52d: shutdown FollowerState
2019-10-23 22:40:00,672 [Thread-735] INFO  impl.RaftServerImpl (RaftServerImpl.java:setRole(184)) - 0cd5f69f-229b-4e24-9dce-31aad898d52d@group-91CED867EC48: changes role from  FOLLOWER to CANDIDATE at term 28 for changeToCandidate
2019-10-23 22:40:00,672 [Thread-735] INFO  impl.RoleInfo (RoleInfo.java:updateAndGet(143)) - 0cd5f69f-229b-4e24-9dce-31aad898d52d: start LeaderElection
2019-10-23 22:40:00,686 [0cd5f69f-229b-4e24-9dce-31aad898d52d@group-91CED867EC48-LeaderElection32] INFO  impl.LeaderElection (LeaderElection.java:askForVotes(178)) - 0cd5f69f-229b-4e24-9dce-31aad898d52d@group-91CED867EC48-LeaderElection32: begin an election at term 29 for 0: [0cd5f69f-229b-4e24-9dce-31aad898d52d:192.168.157.195:33132, 15de30e0-32e7-4789-867b-8c05fd0bfca2:192.168.157.195:43624, 2f4845be-2264-4a1a-8a27-f958336e1da9:192.168.157.195:36753], old=null
2019-10-23 22:40:00,688 [grpc-default-executor-1] INFO  impl.RaftServerImpl (RaftServerImpl.java:setRole(184)) - 2f4845be-2264-4a1a-8a27-f958336e1da9@group-91CED867EC48: changes role from  FOLLOWER to FOLLOWER at term 29 for recognizeCandidate:0cd5f69f-229b-4e24-9dce-31aad898d52d
2019-10-23 22:40:00,689 [grpc-default-executor-1] INFO  impl.RoleInfo (RoleInfo.java:shutdownFollowerState(121)) - 2f4845be-2264-4a1a-8a27-f958336e1da9: shutdown FollowerState
2019-10-23 22:40:00,689 [grpc-default-executor-1] INFO  impl.RoleInfo (RoleInfo.java:updateAndGet(143)) - 2f4845be-2264-4a1a-8a27-f958336e1da9: start FollowerState
2019-10-23 22:40:00,689 [Thread-733] INFO  impl.FollowerState (FollowerState.java:run(117)) - 2f4845be-2264-4a1a-8a27-f958336e1da9@group-91CED867EC48-FollowerState was interrupted: java.lang.InterruptedException: sleep interrupted
2019-10-23 22:40:00,689 [grpc-default-executor-5] INFO  impl.RaftServerImpl (RaftServerImpl.java:setRole(184)) - 15de30e0-32e7-4789-867b-8c05fd0bfca2@group-91CED867EC48: changes role from  FOLLOWER to FOLLOWER at term 29 for recognizeCandidate:0cd5f69f-229b-4e24-9dce-31aad898d52d
2019-10-23 22:40:00,689 [grpc-default-executor-5] INFO  impl.RoleInfo (RoleInfo.java:shutdownFollowerState(121)) - 15de30e0-32e7-4789-867b-8c05fd0bfca2: shutdown FollowerState
2019-10-23 22:40:00,690 [grpc-default-executor-5] INFO  impl.RoleInfo (RoleInfo.java:updateAndGet(143)) - 15de30e0-32e7-4789-867b-8c05fd0bfca2: start FollowerState
2019-10-23 22:40:00,690 [Thread-734] INFO  impl.FollowerState (FollowerState.java:run(117)) - 15de30e0-32e7-4789-867b-8c05fd0bfca2@group-91CED867EC48-FollowerState was interrupted: java.lang.InterruptedException: sleep interrupted
2019-10-23 22:40:00,691 [pool-7-thread-4] INFO  commands.RetriableDatanodeEventWatcher (RetriableDatanodeEventWatcher.java:onTimeout(47)) - RetriableDatanodeCommand type=deleteBlocksCommand with id=1571870393688 timed out. Retrying.
2019-10-23 22:40:00,691 [0cd5f69f-229b-4e24-9dce-31aad898d52d@group-91CED867EC48-LeaderElection32] INFO  impl.LeaderElection (LeaderElection.java:logAndReturn(56)) - 0cd5f69f-229b-4e24-9dce-31aad898d52d@group-91CED867EC48-LeaderElection32: Election TIMEOUT; received 0 response(s) [] and 0 exception(s); 0cd5f69f-229b-4e24-9dce-31aad898d52d@group-91CED867EC48:t29, leader=null, voted=0cd5f69f-229b-4e24-9dce-31aad898d52d, raftlog=0cd5f69f-229b-4e24-9dce-31aad898d52d@group-91CED867EC48-SegmentedRaftLog:OPENED:c3,f4,i4, conf=0: [0cd5f69f-229b-4e24-9dce-31aad898d52d:192.168.157.195:33132, 15de30e0-32e7-4789-867b-8c05fd0bfca2:192.168.157.195:43624, 2f4845be-2264-4a1a-8a27-f958336e1da9:192.168.157.195:36753], old=null
2019-10-23 22:40:00,692 [pool-7-thread-3] INFO  commands.RetriableDatanodeEventWatcher (RetriableDatanodeEventWatcher.java:onTimeout(47)) - RetriableDatanodeCommand type=deleteBlocksCommand with id=1571870393681 timed out. Retrying.
2019-10-23 22:40:00,692 [pool-7-thread-6] INFO  commands.RetriableDatanodeEventWatcher (RetriableDatanodeEventWatcher.java:onTimeout(47)) - RetriableDatanodeCommand type=deleteBlocksCommand with id=1571870393686 timed out. Retrying.
2019-10-23 22:40:00,692 [pool-7-thread-2] INFO  commands.RetriableDatanodeEventWatcher (RetriableDatanodeEventWatcher.java:onTimeout(47)) - RetriableDatanodeCommand type=deleteBlocksCommand with id=1571870393687 timed out. Retrying.
2019-10-23 22:40:00,692 [SCMBlockDeletingService#0] INFO  block.SCMBlockDeletingService (SCMBlockDeletingService.java:call(184)) - Totally added 1 delete blocks command for 1 datanodes, task elapsed time: 1ms
2019-10-23 22:40:00,693 [pool-7-thread-1] INFO  commands.RetriableDatanodeEventWatcher (RetriableDatanodeEventWatcher.java:onTimeout(47)) - RetriableDatanodeCommand type=deleteBlocksCommand with id=1571870393685 timed out. Retrying.
2019-10-23 22:40:00,693 [pool-7-thread-5] INFO  commands.RetriableDatanodeEventWatcher (RetriableDatanodeEventWatcher.java:onTimeout(47)) - RetriableDatanodeCommand type=deleteBlocksCommand with id=1571870393683 timed out. Retrying.
2019-10-23 22:40:00,693 [pool-7-thread-7] INFO  commands.RetriableDatanodeEventWatcher (RetriableDatanodeEventWatcher.java:onTimeout(47)) - RetriableDatanodeCommand type=deleteBlocksCommand with id=1571870393684 timed out. Retrying.
2019-10-23 22:40:00,698 [0cd5f69f-229b-4e24-9dce-31aad898d52d@group-91CED867EC48-LeaderElection32] INFO  impl.LeaderElection (LeaderElection.java:askForVotes(178)) - 0cd5f69f-229b-4e24-9dce-31aad898d52d@group-91CED867EC48-LeaderElection32: begin an election at term 30 for 0: [0cd5f69f-229b-4e24-9dce-31aad898d52d:192.168.157.195:33132, 15de30e0-32e7-4789-867b-8c05fd0bfca2:192.168.157.195:43624, 2f4845be-2264-4a1a-8a27-f958336e1da9:192.168.157.195:36753], old=null
2019-10-23 22:40:00,700 [grpc-default-executor-5] INFO  impl.RaftServerImpl (RaftServerImpl.java:setRole(184)) - 2f4845be-2264-4a1a-8a27-f958336e1da9@group-91CED867EC48: changes role from  FOLLOWER to FOLLOWER at term 30 for recognizeCandidate:0cd5f69f-229b-4e24-9dce-31aad898d52d
2019-10-23 22:40:00,700 [grpc-default-executor-5] INFO  impl.RoleInfo (RoleInfo.java:shutdownFollowerState(121)) - 2f4845be-2264-4a1a-8a27-f958336e1da9: shutdown FollowerState
2019-10-23 22:40:00,700 [grpc-default-executor-1] INFO  impl.RaftServerImpl (RaftServerImpl.java:setRole(184)) - 15de30e0-32e7-4789-867b-8c05fd0bfca2@group-91CED867EC48: changes role from  FOLLOWER to FOLLOWER at term 30 for recognizeCandidate:0cd5f69f-229b-4e24-9dce-31aad898d52d
2019-10-23 22:40:00,700 [grpc-default-executor-5] INFO  impl.RoleInfo (RoleInfo.java:updateAndGet(143)) - 2f4845be-2264-4a1a-8a27-f958336e1da9: start FollowerState
2019-10-23 22:40:00,700 [Thread-739] INFO  impl.FollowerState (FollowerState.java:run(117)) - 2f4845be-2264-4a1a-8a27-f958336e1da9@group-91CED867EC48-FollowerState was interrupted: java.lang.InterruptedException: sleep interrupted
2019-10-23 22:40:00,701 [grpc-default-executor-1] INFO  impl.RoleInfo (RoleInfo.java:shutdownFollowerState(121)) - 15de30e0-32e7-4789-867b-8c05fd0bfca2: shutdown FollowerState
2019-10-23 22:40:00,701 [Thread-740] INFO  impl.FollowerState (FollowerState.java:run(117)) - 15de30e0-32e7-4789-867b-8c05fd0bfca2@group-91CED867EC48-FollowerState was interrupted: java.lang.InterruptedException: sleep interrupted
2019-10-23 22:40:00,701 [grpc-default-executor-1] INFO  impl.RoleInfo (RoleInfo.java:updateAndGet(143)) - 15de30e0-32e7-4789-867b-8c05fd0bfca2: start FollowerState
2019-10-23 22:40:00,719 [0cd5f69f-229b-4e24-9dce-31aad898d52d@group-91CED867EC48-LeaderElection32] INFO  impl.LeaderElection (LeaderElection.java:logAndReturn(56)) - 0cd5f69f-229b-4e24-9dce-31aad898d52d@group-91CED867EC48-LeaderElection32: Election REJECTED; received 2 response(s) [0cd5f69f-229b-4e24-9dce-31aad898d52d<-15de30e0-32e7-4789-867b-8c05fd0bfca2#0:FAIL-t30, 0cd5f69f-229b-4e24-9dce-31aad898d52d<-2f4845be-2264-4a1a-8a27-f958336e1da9#0:FAIL-t30] and 0 exception(s); 0cd5f69f-229b-4e24-9dce-31aad898d52d@group-91CED867EC48:t30, leader=null, voted=0cd5f69f-229b-4e24-9dce-31aad898d52d, raftlog=0cd5f69f-229b-4e24-9dce-31aad898d52d@group-91CED867EC48-SegmentedRaftLog:OPENED:c3,f4,i4, conf=0: [0cd5f69f-229b-4e24-9dce-31aad898d52d:192.168.157.195:33132, 15de30e0-32e7-4789-867b-8c05fd0bfca2:192.168.157.195:43624, 2f4845be-2264-4a1a-8a27-f958336e1da9:192.168.157.195:36753], old=null
2019-10-23 22:40:00,719 [0cd5f69f-229b-4e24-9dce-31aad898d52d@group-91CED867EC48-LeaderElection32] INFO  impl.RaftServerImpl (RaftServerImpl.java:setRole(184)) - 0cd5f69f-229b-4e24-9dce-31aad898d52d@group-91CED867EC48: changes role from CANDIDATE to FOLLOWER at term 30 for DISCOVERED_A_NEW_TERM
2019-10-23 22:40:00,719 [0cd5f69f-229b-4e24-9dce-31aad898d52d@group-91CED867EC48-LeaderElection32] INFO  impl.RoleInfo (RoleInfo.java:shutdownLeaderElection(134)) - 0cd5f69f-229b-4e24-9dce-31aad898d52d: shutdown LeaderElection
2019-10-23 22:40:00,719 [0cd5f69f-229b-4e24-9dce-31aad898d52d@group-91CED867EC48-LeaderElection32] INFO  impl.RoleInfo (RoleInfo.java:updateAndGet(143)) - 0cd5f69f-229b-4e24-9dce-31aad898d52d: start FollowerState
2019-10-23 22:40:00,859 [Thread-745] INFO  impl.FollowerState (FollowerState.java:run(108)) - 0cd5f69f-229b-4e24-9dce-31aad898d52d@group-91CED867EC48-FollowerState: change to CANDIDATE, lastRpcTime:139ms, electionTimeout:139ms
2019-10-23 22:40:00,859 [Thread-745] INFO  impl.RoleInfo (RoleInfo.java:shutdownFollowerState(121)) - 0cd5f69f-229b-4e24-9dce-31aad898d52d: shutdown FollowerState
2019-10-23 22:40:00,859 [Thread-745] INFO  impl.RaftServerImpl (RaftServerImpl.java:setRole(184)) - 0cd5f69f-229b-4e24-9dce-31aad898d52d@group-91CED867EC48: changes role from  FOLLOWER to CANDIDATE at term 30 for changeToCandidate
2019-10-23 22:40:00,859 [Thread-745] INFO  impl.RoleInfo (RoleInfo.java:updateAndGet(143)) - 0cd5f69f-229b-4e24-9dce-31aad898d52d: start LeaderElection
2019-10-23 22:40:00,873 [0cd5f69f-229b-4e24-9dce-31aad898d52d@group-91CED867EC48-LeaderElection33] INFO  impl.LeaderElection (LeaderElection.java:askForVotes(178)) - 0cd5f69f-229b-4e24-9dce-31aad898d52d@group-91CED867EC48-LeaderElection33: begin an election at term 31 for 0: [0cd5f69f-229b-4e24-9dce-31aad898d52d:192.168.157.195:33132, 15de30e0-32e7-4789-867b-8c05fd0bfca2:192.168.157.195:43624, 2f4845be-2264-4a1a-8a27-f958336e1da9:192.168.157.195:36753], old=null
2019-10-23 22:40:00,876 [grpc-default-executor-1] INFO  impl.RaftServerImpl (RaftServerImpl.java:setRole(184)) - 15de30e0-32e7-4789-867b-8c05fd0bfca2@group-91CED867EC48: changes role from  FOLLOWER to FOLLOWER at term 31 for recognizeCandidate:0cd5f69f-229b-4e24-9dce-31aad898d52d
2019-10-23 22:40:00,876 [grpc-default-executor-5] INFO  impl.RaftServerImpl (RaftServerImpl.java:setRole(184)) - 2f4845be-2264-4a1a-8a27-f958336e1da9@group-91CED867EC48: changes role from  FOLLOWER to FOLLOWER at term 31 for recognizeCandidate:0cd5f69f-229b-4e24-9dce-31aad898d52d
2019-10-23 22:40:00,876 [grpc-default-executor-1] INFO  impl.RoleInfo (RoleInfo.java:shutdownFollowerState(121)) - 15de30e0-32e7-4789-867b-8c05fd0bfca2: shutdown FollowerState
2019-10-23 22:40:00,876 [grpc-default-executor-5] INFO  impl.RoleInfo (RoleInfo.java:shutdownFollowerState(121)) - 2f4845be-2264-4a1a-8a27-f958336e1da9: shutdown FollowerState
2019-10-23 22:40:00,876 [Thread-744] INFO  impl.FollowerState (FollowerState.java:run(117)) - 15de30e0-32e7-4789-867b-8c05fd0bfca2@group-91CED867EC48-FollowerState was interrupted: java.lang.InterruptedException: sleep interrupted
2019-10-23 22:40:00,877 [Thread-743] INFO  impl.FollowerState (FollowerState.java:run(117)) - 2f4845be-2264-4a1a-8a27-f958336e1da9@group-91CED867EC48-FollowerState was interrupted: java.lang.InterruptedException: sleep interrupted
2019-10-23 22:40:00,876 [grpc-default-executor-1] INFO  impl.RoleInfo (RoleInfo.java:updateAndGet(143)) - 15de30e0-32e7-4789-867b-8c05fd0bfca2: start FollowerState
2019-10-23 22:40:00,876 [grpc-default-executor-5] INFO  impl.RoleInfo (RoleInfo.java:updateAndGet(143)) - 2f4845be-2264-4a1a-8a27-f958336e1da9: start FollowerState
2019-10-23 22:40:00,883 [0cd5f69f-229b-4e24-9dce-31aad898d52d@group-91CED867EC48-LeaderElection33] INFO  impl.LeaderElection (LeaderElection.java:logAndReturn(56)) - 0cd5f69f-229b-4e24-9dce-31aad898d52d@group-91CED867EC48-LeaderElection33: Election TIMEOUT; received 0 response(s) [] and 0 exception(s); 0cd5f69f-229b-4e24-9dce-31aad898d52d@group-91CED867EC48:t31, leader=null, voted=0cd5f69f-229b-4e24-9dce-31aad898d52d, raftlog=0cd5f69f-229b-4e24-9dce-31aad898d52d@group-91CED867EC48-SegmentedRaftLog:OPENED:c3,f4,i4, conf=0: [0cd5f69f-229b-4e24-9dce-31aad898d52d:192.168.157.195:33132, 15de30e0-32e7-4789-867b-8c05fd0bfca2:192.168.157.195:43624, 2f4845be-2264-4a1a-8a27-f958336e1da9:192.168.157.195:36753], old=null
2019-10-23 22:40:00,891 [0cd5f69f-229b-4e24-9dce-31aad898d52d@group-91CED867EC48-LeaderElection33] INFO  impl.LeaderElection (LeaderElection.java:askForVotes(178)) - 0cd5f69f-229b-4e24-9dce-31aad898d52d@group-91CED867EC48-LeaderElection33: begin an election at term 32 for 0: [0cd5f69f-229b-4e24-9dce-31aad898d52d:192.168.157.195:33132, 15de30e0-32e7-4789-867b-8c05fd0bfca2:192.168.157.195:43624, 2f4845be-2264-4a1a-8a27-f958336e1da9:192.168.157.195:36753], old=null
2019-10-23 22:40:00,893 [grpc-default-executor-1] INFO  impl.RaftServerImpl (RaftServerImpl.java:setRole(184)) - 2f4845be-2264-4a1a-8a27-f958336e1da9@group-91CED867EC48: changes role from  FOLLOWER to FOLLOWER at term 32 for recognizeCandidate:0cd5f69f-229b-4e24-9dce-31aad898d52d
2019-10-23 22:40:00,893 [grpc-default-executor-5] INFO  impl.RaftServerImpl (RaftServerImpl.java:setRole(184)) - 15de30e0-32e7-4789-867b-8c05fd0bfca2@group-91CED867EC48: changes role from  FOLLOWER to FOLLOWER at term 32 for recognizeCandidate:0cd5f69f-229b-4e24-9dce-31aad898d52d
2019-10-23 22:40:00,893 [grpc-default-executor-1] INFO  impl.RoleInfo (RoleInfo.java:shutdownFollowerState(121)) - 2f4845be-2264-4a1a-8a27-f958336e1da9: shutdown FollowerState
2019-10-23 22:40:00,893 [grpc-default-executor-5] INFO  impl.RoleInfo (RoleInfo.java:shutdownFollowerState(121)) - 15de30e0-32e7-4789-867b-8c05fd0bfca2: shutdown FollowerState
2019-10-23 22:40:00,894 [grpc-default-executor-1] INFO  impl.RoleInfo (RoleInfo.java:updateAndGet(143)) - 2f4845be-2264-4a1a-8a27-f958336e1da9: start FollowerState
2019-10-23 22:40:00,894 [Thread-750] INFO  impl.FollowerState (FollowerState.java:run(117)) - 2f4845be-2264-4a1a-8a27-f958336e1da9@group-91CED867EC48-FollowerState was interrupted: java.lang.InterruptedException: sleep interrupted
2019-10-23 22:40:00,894 [grpc-default-executor-5] INFO  impl.RoleInfo (RoleInfo.java:updateAndGet(143)) - 15de30e0-32e7-4789-867b-8c05fd0bfca2: start FollowerState
2019-10-23 22:40:00,894 [Thread-749] INFO  impl.FollowerState (FollowerState.java:run(117)) - 15de30e0-32e7-4789-867b-8c05fd0bfca2@group-91CED867EC48-FollowerState was interrupted: java.lang.InterruptedException: sleep interrupted
2019-10-23 22:40:00,900 [0cd5f69f-229b-4e24-9dce-31aad898d52d@group-91CED867EC48-LeaderElection33] INFO  impl.LeaderElection (LeaderElection.java:logAndReturn(56)) - 0cd5f69f-229b-4e24-9dce-31aad898d52d@group-91CED867EC48-LeaderElection33: Election TIMEOUT; received 0 response(s) [] and 0 exception(s); 0cd5f69f-229b-4e24-9dce-31aad898d52d@group-91CED867EC48:t32, leader=null, voted=0cd5f69f-229b-4e24-9dce-31aad898d52d, raftlog=0cd5f69f-229b-4e24-9dce-31aad898d52d@group-91CED867EC48-SegmentedRaftLog:OPENED:c3,f4,i4, conf=0: [0cd5f69f-229b-4e24-9dce-31aad898d52d:192.168.157.195:33132, 15de30e0-32e7-4789-867b-8c05fd0bfca2:192.168.157.195:43624, 2f4845be-2264-4a1a-8a27-f958336e1da9:192.168.157.195:36753], old=null
2019-10-23 22:40:00,908 [0cd5f69f-229b-4e24-9dce-31aad898d52d@group-91CED867EC48-LeaderElection33] INFO  impl.LeaderElection (LeaderElection.java:askForVotes(178)) - 0cd5f69f-229b-4e24-9dce-31aad898d52d@group-91CED867EC48-LeaderElection33: begin an election at term 33 for 0: [0cd5f69f-229b-4e24-9dce-31aad898d52d:192.168.157.195:33132, 15de30e0-32e7-4789-867b-8c05fd0bfca2:192.168.157.195:43624, 2f4845be-2264-4a1a-8a27-f958336e1da9:192.168.157.195:36753], old=null
2019-10-23 22:40:00,913 [grpc-default-executor-1] INFO  impl.RaftServerImpl (RaftServerImpl.java:setRole(184)) - 2f4845be-2264-4a1a-8a27-f958336e1da9@group-91CED867EC48: changes role from  FOLLOWER to FOLLOWER at term 33 for recognizeCandidate:0cd5f69f-229b-4e24-9dce-31aad898d52d
2019-10-23 22:40:00,913 [grpc-default-executor-5] INFO  impl.RaftServerImpl (RaftServerImpl.java:setRole(184)) - 15de30e0-32e7-4789-867b-8c05fd0bfca2@group-91CED867EC48: changes role from  FOLLOWER to FOLLOWER at term 33 for recognizeCandidate:0cd5f69f-229b-4e24-9dce-31aad898d52d
2019-10-23 22:40:00,913 [grpc-default-executor-1] INFO  impl.RoleInfo (RoleInfo.java:shutdownFollowerState(121)) - 2f4845be-2264-4a1a-8a27-f958336e1da9: shutdown FollowerState
2019-10-23 22:40:00,913 [grpc-default-executor-5] INFO  impl.RoleInfo (RoleInfo.java:shutdownFollowerState(121)) - 15de30e0-32e7-4789-867b-8c05fd0bfca2: shutdown FollowerState
2019-10-23 22:40:00,913 [grpc-default-executor-1] INFO  impl.RoleInfo (RoleInfo.java:updateAndGet(143)) - 2f4845be-2264-4a1a-8a27-f958336e1da9: start FollowerState
2019-10-23 22:40:00,913 [Thread-753] INFO  impl.FollowerState (FollowerState.java:run(117)) - 2f4845be-2264-4a1a-8a27-f958336e1da9@group-91CED867EC48-FollowerState was interrupted: java.lang.InterruptedException: sleep interrupted
2019-10-23 22:40:00,913 [grpc-default-executor-5] INFO  impl.RoleInfo (RoleInfo.java:updateAndGet(143)) - 15de30e0-32e7-4789-867b-8c05fd0bfca2: start FollowerState
2019-10-23 22:40:00,913 [Thread-754] INFO  impl.FollowerState (FollowerState.java:run(117)) - 15de30e0-32e7-4789-867b-8c05fd0bfca2@group-91CED867EC48-FollowerState was interrupted: java.lang.InterruptedException: sleep interrupted
2019-10-23 22:40:00,929 [0cd5f69f-229b-4e24-9dce-31aad898d52d@group-91CED867EC48-LeaderElection33] INFO  impl.LeaderElection (LeaderElection.java:logAndReturn(56)) - 0cd5f69f-229b-4e24-9dce-31aad898d52d@group-91CED867EC48-LeaderElection33: Election REJECTED; received 2 response(s) [0cd5f69f-229b-4e24-9dce-31aad898d52d<-15de30e0-32e7-4789-867b-8c05fd0bfca2#0:FAIL-t33, 0cd5f69f-229b-4e24-9dce-31aad898d52d<-2f4845be-2264-4a1a-8a27-f958336e1da9#0:FAIL-t33] and 0 exception(s); 0cd5f69f-229b-4e24-9dce-31aad898d52d@group-91CED867EC48:t33, leader=null, voted=0cd5f69f-229b-4e24-9dce-31aad898d52d, raftlog=0cd5f69f-229b-4e24-9dce-31aad898d52d@group-91CED867EC48-SegmentedRaftLog:OPENED:c3,f4,i4, conf=0: [0cd5f69f-229b-4e24-9dce-31aad898d52d:192.168.157.195:33132, 15de30e0-32e7-4789-867b-8c05fd0bfca2:192.168.157.195:43624, 2f4845be-2264-4a1a-8a27-f958336e1da9:192.168.157.195:36753], old=null
2019-10-23 22:40:00,929 [0cd5f69f-229b-4e24-9dce-31aad898d52d@group-91CED867EC48-LeaderElection33] INFO  impl.RaftServerImpl (RaftServerImpl.java:setRole(184)) - 0cd5f69f-229b-4e24-9dce-31aad898d52d@group-91CED867EC48: changes role from CANDIDATE to FOLLOWER at term 33 for DISCOVERED_A_NEW_TERM
2019-10-23 22:40:00,929 [0cd5f69f-229b-4e24-9dce-31aad898d52d@group-91CED867EC48-LeaderElection33] INFO  impl.RoleInfo (RoleInfo.java:shutdownLeaderElection(134)) - 0cd5f69f-229b-4e24-9dce-31aad898d52d: shutdown LeaderElection
2019-10-23 22:40:00,929 [0cd5f69f-229b-4e24-9dce-31aad898d52d@group-91CED867EC48-LeaderElection33] INFO  impl.RoleInfo (RoleInfo.java:updateAndGet(143)) - 0cd5f69f-229b-4e24-9dce-31aad898d52d: start FollowerState
2019-10-23 22:40:01,020 [Thread-759] INFO  impl.FollowerState (FollowerState.java:run(108)) - 0cd5f69f-229b-4e24-9dce-31aad898d52d@group-91CED867EC48-FollowerState: change to CANDIDATE, lastRpcTime:90ms, electionTimeout:90ms
2019-10-23 22:40:01,020 [Thread-759] INFO  impl.RoleInfo (RoleInfo.java:shutdownFollowerState(121)) - 0cd5f69f-229b-4e24-9dce-31aad898d52d: shutdown FollowerState
2019-10-23 22:40:01,020 [Thread-759] INFO  impl.RaftServerImpl (RaftServerImpl.java:setRole(184)) - 0cd5f69f-229b-4e24-9dce-31aad898d52d@group-91CED867EC48: changes role from  FOLLOWER to CANDIDATE at term 33 for changeToCandidate
2019-10-23 22:40:01,020 [Thread-759] INFO  impl.RoleInfo (RoleInfo.java:updateAndGet(143)) - 0cd5f69f-229b-4e24-9dce-31aad898d52d: start LeaderElection
2019-10-23 22:40:01,033 [0cd5f69f-229b-4e24-9dce-31aad898d52d@group-91CED867EC48-LeaderElection34] INFO  impl.LeaderElection (LeaderElection.java:askForVotes(178)) - 0cd5f69f-229b-4e24-9dce-31aad898d52d@group-91CED867EC48-LeaderElection34: begin an election at term 34 for 0: [0cd5f69f-229b-4e24-9dce-31aad898d52d:192.168.157.195:33132, 15de30e0-32e7-4789-867b-8c05fd0bfca2:192.168.157.195:43624, 2f4845be-2264-4a1a-8a27-f958336e1da9:192.168.157.195:36753], old=null
2019-10-23 22:40:01,036 [grpc-default-executor-1] INFO  impl.RaftServerImpl (RaftServerImpl.java:setRole(184)) - 2f4845be-2264-4a1a-8a27-f958336e1da9@group-91CED867EC48: changes role from  FOLLOWER to FOLLOWER at term 34 for recognizeCandidate:0cd5f69f-229b-4e24-9dce-31aad898d52d
2019-10-23 22:40:01,036 [grpc-default-executor-5] INFO  impl.RaftServerImpl (RaftServerImpl.java:setRole(184)) - 15de30e0-32e7-4789-867b-8c05fd0bfca2@group-91CED867EC48: changes role from  FOLLOWER to FOLLOWER at term 34 for recognizeCandidate:0cd5f69f-229b-4e24-9dce-31aad898d52d
2019-10-23 22:40:01,036 [grpc-default-executor-1] INFO  impl.RoleInfo (RoleInfo.java:shutdownFollowerState(121)) - 2f4845be-2264-4a1a-8a27-f958336e1da9: shutdown FollowerState
2019-10-23 22:40:01,036 [grpc-default-executor-5] INFO  impl.RoleInfo (RoleInfo.java:shutdownFollowerState(121)) - 15de30e0-32e7-4789-867b-8c05fd0bfca2: shutdown FollowerState
2019-10-23 22:40:01,037 [grpc-default-executor-1] INFO  impl.RoleInfo (RoleInfo.java:updateAndGet(143)) - 2f4845be-2264-4a1a-8a27-f958336e1da9: start FollowerState
2019-10-23 22:40:01,037 [Thread-757] INFO  impl.FollowerState (FollowerState.java:run(117)) - 2f4845be-2264-4a1a-8a27-f958336e1da9@group-91CED867EC48-FollowerState was interrupted: java.lang.InterruptedException: sleep interrupted
2019-10-23 22:40:01,037 [Thread-758] INFO  impl.FollowerState (FollowerState.java:run(117)) - 15de30e0-32e7-4789-867b-8c05fd0bfca2@group-91CED867EC48-FollowerState was interrupted: java.lang.InterruptedException: sleep interrupted
2019-10-23 22:40:01,037 [grpc-default-executor-5] INFO  impl.RoleInfo (RoleInfo.java:updateAndGet(143)) - 15de30e0-32e7-4789-867b-8c05fd0bfca2: start FollowerState
2019-10-23 22:40:01,039 [BlockDeletingService#0] WARN  background.BlockDeletingService (BlockDeletingService.java:isDeletionAllowed(187)) - Close Container log Index 6 is not replicated across allthe servers in the pipeline a9317f84-3083-4a94-a1f5-91ced867ec48 as the min replicated index is 4. Deletion is not allowed in this container yet.
2019-10-23 22:40:01,040 [BlockDeletingService#2] WARN  background.BlockDeletingService (BlockDeletingService.java:isDeletionAllowed(187)) - Close Container log Index 6 is not replicated across allthe servers in the pipeline a9317f84-3083-4a94-a1f5-91ced867ec48 as the min replicated index is 4. Deletion is not allowed in this container yet.
2019-10-23 22:40:01,052 [0cd5f69f-229b-4e24-9dce-31aad898d52d@group-91CED867EC48-LeaderElection34] INFO  impl.LeaderElection (LeaderElection.java:logAndReturn(56)) - 0cd5f69f-229b-4e24-9dce-31aad898d52d@group-91CED867EC48-LeaderElection34: Election REJECTED; received 2 response(s) [0cd5f69f-229b-4e24-9dce-31aad898d52d<-15de30e0-32e7-4789-867b-8c05fd0bfca2#0:FAIL-t34, 0cd5f69f-229b-4e24-9dce-31aad898d52d<-2f4845be-2264-4a1a-8a27-f958336e1da9#0:FAIL-t34] and 0 exception(s); 0cd5f69f-229b-4e24-9dce-31aad898d52d@group-91CED867EC48:t34, leader=null, voted=0cd5f69f-229b-4e24-9dce-31aad898d52d, raftlog=0cd5f69f-229b-4e24-9dce-31aad898d52d@group-91CED867EC48-SegmentedRaftLog:OPENED:c3,f4,i4, conf=0: [0cd5f69f-229b-4e24-9dce-31aad898d52d:192.168.157.195:33132, 15de30e0-32e7-4789-867b-8c05fd0bfca2:192.168.157.195:43624, 2f4845be-2264-4a1a-8a27-f958336e1da9:192.168.157.195:36753], old=null
2019-10-23 22:40:01,052 [0cd5f69f-229b-4e24-9dce-31aad898d52d@group-91CED867EC48-LeaderElection34] INFO  impl.RaftServerImpl (RaftServerImpl.java:setRole(184)) - 0cd5f69f-229b-4e24-9dce-31aad898d52d@group-91CED867EC48: changes role from CANDIDATE to FOLLOWER at term 34 for DISCOVERED_A_NEW_TERM
2019-10-23 22:40:01,052 [0cd5f69f-229b-4e24-9dce-31aad898d52d@group-91CED867EC48-LeaderElection34] INFO  impl.RoleInfo (RoleInfo.java:shutdownLeaderElection(134)) - 0cd5f69f-229b-4e24-9dce-31aad898d52d: shutdown LeaderElection
2019-10-23 22:40:01,052 [0cd5f69f-229b-4e24-9dce-31aad898d52d@group-91CED867EC48-LeaderElection34] INFO  impl.RoleInfo (RoleInfo.java:updateAndGet(143)) - 0cd5f69f-229b-4e24-9dce-31aad898d52d: start FollowerState
2019-10-23 22:40:01,055 [Thread-767] INFO  impl.FollowerState (FollowerState.java:run(108)) - 0cd5f69f-229b-4e24-9dce-31aad898d52d@group-91CED867EC48-FollowerState: change to CANDIDATE, lastRpcTime:2ms, electionTimeout:2ms
2019-10-23 22:40:01,055 [Thread-767] INFO  impl.RoleInfo (RoleInfo.java:shutdownFollowerState(121)) - 0cd5f69f-229b-4e24-9dce-31aad898d52d: shutdown FollowerState
2019-10-23 22:40:01,055 [Thread-767] INFO  impl.RaftServerImpl (RaftServerImpl.java:setRole(184)) - 0cd5f69f-229b-4e24-9dce-31aad898d52d@group-91CED867EC48: changes role from  FOLLOWER to CANDIDATE at term 34 for changeToCandidate
2019-10-23 22:40:01,055 [Thread-767] INFO  impl.RoleInfo (RoleInfo.java:updateAndGet(143)) - 0cd5f69f-229b-4e24-9dce-31aad898d52d: start LeaderElection
2019-10-23 22:40:01,059 [0cd5f69f-229b-4e24-9dce-31aad898d52d@group-91CED867EC48-LeaderElection35] INFO  impl.LeaderElection (LeaderElection.java:askForVotes(178)) - 0cd5f69f-229b-4e24-9dce-31aad898d52d@group-91CED867EC48-LeaderElection35: begin an election at term 35 for 0: [0cd5f69f-229b-4e24-9dce-31aad898d52d:192.168.157.195:33132, 15de30e0-32e7-4789-867b-8c05fd0bfca2:192.168.157.195:43624, 2f4845be-2264-4a1a-8a27-f958336e1da9:192.168.157.195:36753], old=null
2019-10-23 22:40:01,061 [EventQueue-PendingDeleteStatusForPendingDeleteHandler] INFO  block.SCMBlockDeletingService (SCMBlockDeletingService.java:handlePendingDeletes(115)) - Block deletion txnID mismatch in datanode 0cd5f69f-229b-4e24-9dce-31aad898d52d for containerID 1. Datanode delete txnID: 0, SCM txnID: 1
2019-10-23 22:40:01,062 [grpc-default-executor-5] INFO  impl.RaftServerImpl (RaftServerImpl.java:setRole(184)) - 15de30e0-32e7-4789-867b-8c05fd0bfca2@group-91CED867EC48: changes role from  FOLLOWER to FOLLOWER at term 35 for recognizeCandidate:0cd5f69f-229b-4e24-9dce-31aad898d52d
2019-10-23 22:40:01,062 [grpc-default-executor-1] INFO  impl.RaftServerImpl (RaftServerImpl.java:setRole(184)) - 2f4845be-2264-4a1a-8a27-f958336e1da9@group-91CED867EC48: changes role from  FOLLOWER to FOLLOWER at term 35 for recognizeCandidate:0cd5f69f-229b-4e24-9dce-31aad898d52d
2019-10-23 22:40:01,062 [grpc-default-executor-5] INFO  impl.RoleInfo (RoleInfo.java:shutdownFollowerState(121)) - 15de30e0-32e7-4789-867b-8c05fd0bfca2: shutdown FollowerState
2019-10-23 22:40:01,062 [grpc-default-executor-1] INFO  impl.RoleInfo (RoleInfo.java:shutdownFollowerState(121)) - 2f4845be-2264-4a1a-8a27-f958336e1da9: shutdown FollowerState
2019-10-23 22:40:01,062 [Thread-764] INFO  impl.FollowerState (FollowerState.java:run(117)) - 15de30e0-32e7-4789-867b-8c05fd0bfca2@group-91CED867EC48-FollowerState was interrupted: java.lang.InterruptedException: sleep interrupted
2019-10-23 22:40:01,062 [Thread-763] INFO  impl.FollowerState (FollowerState.java:run(117)) - 2f4845be-2264-4a1a-8a27-f958336e1da9@group-91CED867EC48-FollowerState was interrupted: java.lang.InterruptedException: sleep interrupted
2019-10-23 22:40:01,062 [grpc-default-executor-5] INFO  impl.RoleInfo (RoleInfo.java:updateAndGet(143)) - 15de30e0-32e7-4789-867b-8c05fd0bfca2: start FollowerState
2019-10-23 22:40:01,062 [grpc-default-executor-1] INFO  impl.RoleInfo (RoleInfo.java:updateAndGet(143)) - 2f4845be-2264-4a1a-8a27-f958336e1da9: start FollowerState
2019-10-23 22:40:01,069 [0cd5f69f-229b-4e24-9dce-31aad898d52d@group-91CED867EC48-LeaderElection35] INFO  impl.LeaderElection (LeaderElection.java:logAndReturn(56)) - 0cd5f69f-229b-4e24-9dce-31aad898d52d@group-91CED867EC48-LeaderElection35: Election REJECTED; received 2 response(s) [0cd5f69f-229b-4e24-9dce-31aad898d52d<-15de30e0-32e7-4789-867b-8c05fd0bfca2#0:FAIL-t35, 0cd5f69f-229b-4e24-9dce-31aad898d52d<-2f4845be-2264-4a1a-8a27-f958336e1da9#0:FAIL-t35] and 0 exception(s); 0cd5f69f-229b-4e24-9dce-31aad898d52d@group-91CED867EC48:t35, leader=null, voted=0cd5f69f-229b-4e24-9dce-31aad898d52d, raftlog=0cd5f69f-229b-4e24-9dce-31aad898d52d@group-91CED867EC48-SegmentedRaftLog:OPENED:c3,f4,i4, conf=0: [0cd5f69f-229b-4e24-9dce-31aad898d52d:192.168.157.195:33132, 15de30e0-32e7-4789-867b-8c05fd0bfca2:192.168.157.195:43624, 2f4845be-2264-4a1a-8a27-f958336e1da9:192.168.157.195:36753], old=null
2019-10-23 22:40:01,069 [0cd5f69f-229b-4e24-9dce-31aad898d52d@group-91CED867EC48-LeaderElection35] INFO  impl.RaftServerImpl (RaftServerImpl.java:setRole(184)) - 0cd5f69f-229b-4e24-9dce-31aad898d52d@group-91CED867EC48: changes role from CANDIDATE to FOLLOWER at term 35 for DISCOVERED_A_NEW_TERM
2019-10-23 22:40:01,069 [0cd5f69f-229b-4e24-9dce-31aad898d52d@group-91CED867EC48-LeaderElection35] INFO  impl.RoleInfo (RoleInfo.java:shutdownLeaderElection(134)) - 0cd5f69f-229b-4e24-9dce-31aad898d52d: shutdown LeaderElection
2019-10-23 22:40:01,069 [0cd5f69f-229b-4e24-9dce-31aad898d52d@group-91CED867EC48-LeaderElection35] INFO  impl.RoleInfo (RoleInfo.java:updateAndGet(143)) - 0cd5f69f-229b-4e24-9dce-31aad898d52d: start FollowerState
2019-10-23 22:40:01,134 [grpc-default-executor-1] INFO  impl.RaftServerProxy (RaftServerProxy.java:addNew(89)) - 0cd5f69f-229b-4e24-9dce-31aad898d52d: addNew group-668A4992C3EE:[0cd5f69f-229b-4e24-9dce-31aad898d52d:192.168.157.195:33132] returns group-668A4992C3EE:java.util.concurrent.CompletableFuture@5571bca1[Not completed]
2019-10-23 22:40:01,136 [pool-59-thread-1] INFO  impl.RaftServerImpl (RaftServerImpl.java:<init>(104)) - 0cd5f69f-229b-4e24-9dce-31aad898d52d: new RaftServerImpl for group-668A4992C3EE:[0cd5f69f-229b-4e24-9dce-31aad898d52d:192.168.157.195:33132] with ContainerStateMachine:uninitialized
2019-10-23 22:40:01,137 [pool-59-thread-1] INFO  server.RaftServerConfigKeys (ConfUtils.java:logGet(43)) - raft.server.rpc.timeout.min = 5s (custom)
2019-10-23 22:40:01,137 [pool-59-thread-1] INFO  server.RaftServerConfigKeys (ConfUtils.java:logGet(43)) - raft.server.rpc.timeout.max = 5200ms (custom)
2019-10-23 22:40:01,137 [pool-59-thread-1] INFO  server.RaftServerConfigKeys (ConfUtils.java:logGet(43)) - raft.server.rpcslowness.timeout = 1000s (custom)
2019-10-23 22:40:01,137 [pool-59-thread-1] INFO  server.RaftServerConfigKeys (ConfUtils.java:logGet(43)) - raft.server.sleep.deviation.threshold = 300 (default)
2019-10-23 22:40:01,137 [pool-59-thread-1] INFO  server.RaftServerConfigKeys (ConfUtils.java:logGet(43)) - raft.server.log.appender.install.snapshot.enabled = false (custom)
2019-10-23 22:40:01,137 [pool-59-thread-1] INFO  impl.RaftServerImpl (ServerState.java:<init>(103)) - 0cd5f69f-229b-4e24-9dce-31aad898d52d@group-668A4992C3EE: ConfigurationManager, init=-1: [0cd5f69f-229b-4e24-9dce-31aad898d52d:192.168.157.195:33132], old=null, confs=<EMPTY_MAP>
2019-10-23 22:40:01,137 [pool-59-thread-1] INFO  server.RaftServerConfigKeys (ConfUtils.java:logGet(43)) - raft.server.storage.dir = [/workdir/hadoop-ozone/integration-test/target/test-dir/MiniOzoneClusterImpl-da3a6117-6078-43df-8e08-80734442ab50/datanode-2/data/ratis] (custom)
2019-10-23 22:40:01,138 [pool-59-thread-1] INFO  server.RaftServerConfigKeys (ConfUtils.java:logGet(43)) - raft.server.log.corruption.policy = EXCEPTION (default)
2019-10-23 22:40:01,138 [pool-59-thread-1] INFO  storage.RaftStorageDirectory (RaftStorageDirectory.java:analyzeStorage(246)) - The storage directory /workdir/hadoop-ozone/integration-test/target/test-dir/MiniOzoneClusterImpl-da3a6117-6078-43df-8e08-80734442ab50/datanode-2/data/ratis/d9dcff2e-7df0-4951-9843-668a4992c3ee does not exist. Creating ...
2019-10-23 22:40:01,144 [Thread-773] INFO  impl.FollowerState (FollowerState.java:run(108)) - 0cd5f69f-229b-4e24-9dce-31aad898d52d@group-91CED867EC48-FollowerState: change to CANDIDATE, lastRpcTime:75ms, electionTimeout:75ms
2019-10-23 22:40:01,144 [Thread-773] INFO  impl.RoleInfo (RoleInfo.java:shutdownFollowerState(121)) - 0cd5f69f-229b-4e24-9dce-31aad898d52d: shutdown FollowerState
2019-10-23 22:40:01,145 [Thread-773] INFO  impl.RaftServerImpl (RaftServerImpl.java:setRole(184)) - 0cd5f69f-229b-4e24-9dce-31aad898d52d@group-91CED867EC48: changes role from  FOLLOWER to CANDIDATE at term 35 for changeToCandidate
2019-10-23 22:40:01,145 [Thread-773] INFO  impl.RoleInfo (RoleInfo.java:updateAndGet(143)) - 0cd5f69f-229b-4e24-9dce-31aad898d52d: start LeaderElection
2019-10-23 22:40:01,150 [pool-59-thread-1] INFO  storage.RaftStorageDirectory (RaftStorageDirectory.java:tryLock(328)) - Lock on /workdir/hadoop-ozone/integration-test/target/test-dir/MiniOzoneClusterImpl-da3a6117-6078-43df-8e08-80734442ab50/datanode-2/data/ratis/d9dcff2e-7df0-4951-9843-668a4992c3ee/in_use.lock acquired by nodename 3743@pr-hdds-2311-7bgld-1842715332
2019-10-23 22:40:01,151 [0cd5f69f-229b-4e24-9dce-31aad898d52d@group-91CED867EC48-LeaderElection36] INFO  impl.LeaderElection (LeaderElection.java:askForVotes(178)) - 0cd5f69f-229b-4e24-9dce-31aad898d52d@group-91CED867EC48-LeaderElection36: begin an election at term 36 for 0: [0cd5f69f-229b-4e24-9dce-31aad898d52d:192.168.157.195:33132, 15de30e0-32e7-4789-867b-8c05fd0bfca2:192.168.157.195:43624, 2f4845be-2264-4a1a-8a27-f958336e1da9:192.168.157.195:36753], old=null
2019-10-23 22:40:01,154 [grpc-default-executor-5] INFO  impl.RaftServerImpl (RaftServerImpl.java:setRole(184)) - 15de30e0-32e7-4789-867b-8c05fd0bfca2@group-91CED867EC48: changes role from  FOLLOWER to FOLLOWER at term 36 for recognizeCandidate:0cd5f69f-229b-4e24-9dce-31aad898d52d
2019-10-23 22:40:01,154 [grpc-default-executor-1] INFO  impl.RaftServerImpl (RaftServerImpl.java:setRole(184)) - 2f4845be-2264-4a1a-8a27-f958336e1da9@group-91CED867EC48: changes role from  FOLLOWER to FOLLOWER at term 36 for recognizeCandidate:0cd5f69f-229b-4e24-9dce-31aad898d52d
2019-10-23 22:40:01,154 [grpc-default-executor-5] INFO  impl.RoleInfo (RoleInfo.java:shutdownFollowerState(121)) - 15de30e0-32e7-4789-867b-8c05fd0bfca2: shutdown FollowerState
2019-10-23 22:40:01,154 [grpc-default-executor-1] INFO  impl.RoleInfo (RoleInfo.java:shutdownFollowerState(121)) - 2f4845be-2264-4a1a-8a27-f958336e1da9: shutdown FollowerState
2019-10-23 22:40:01,154 [Thread-771] INFO  impl.FollowerState (FollowerState.java:run(117)) - 15de30e0-32e7-4789-867b-8c05fd0bfca2@group-91CED867EC48-FollowerState was interrupted: java.lang.InterruptedException: sleep interrupted
2019-10-23 22:40:01,154 [grpc-default-executor-5] INFO  impl.RoleInfo (RoleInfo.java:updateAndGet(143)) - 15de30e0-32e7-4789-867b-8c05fd0bfca2: start FollowerState
2019-10-23 22:40:01,154 [pool-59-thread-1] INFO  storage.RaftStorage (RaftStorage.java:format(84)) - Storage directory /workdir/hadoop-ozone/integration-test/target/test-dir/MiniOzoneClusterImpl-da3a6117-6078-43df-8e08-80734442ab50/datanode-2/data/ratis/d9dcff2e-7df0-4951-9843-668a4992c3ee has been successfully formatted.
2019-10-23 22:40:01,154 [grpc-default-executor-1] INFO  impl.RoleInfo (RoleInfo.java:updateAndGet(143)) - 2f4845be-2264-4a1a-8a27-f958336e1da9: start FollowerState
2019-10-23 22:40:01,154 [Thread-772] INFO  impl.FollowerState (FollowerState.java:run(117)) - 2f4845be-2264-4a1a-8a27-f958336e1da9@group-91CED867EC48-FollowerState was interrupted: java.lang.InterruptedException: sleep interrupted
2019-10-23 22:40:01,155 [pool-59-thread-1] INFO  ratis.ContainerStateMachine (ContainerStateMachine.java:loadSnapshot(231)) - group-668A4992C3EE: The snapshot info is null. Setting the last applied indexto:(t:0, i:~)
2019-10-23 22:40:01,155 [pool-59-thread-1] INFO  server.RaftServerConfigKeys (ConfUtils.java:logGet(43)) - raft.server.notification.no-leader.timeout = 1000s (custom)
2019-10-23 22:40:01,155 [pool-59-thread-1] INFO  server.RaftServerConfigKeys (ConfUtils.java:logGet(43)) - raft.server.log.use.memory = false (default)
2019-10-23 22:40:01,156 [pool-59-thread-1] INFO  server.RaftServerConfigKeys (ConfUtils.java:logGet(43)) - raft.server.log.purge.gap = 1000000 (custom)
2019-10-23 22:40:01,156 [pool-59-thread-1] INFO  server.RaftServerConfigKeys (ConfUtils.java:logGet(43)) - raft.server.log.appender.buffer.byte-limit = 33554432 (custom)
2019-10-23 22:40:01,156 [pool-59-thread-1] INFO  server.RaftServerConfigKeys (ConfUtils.java:logGet(43)) - raft.server.log.segment.size.max = 1048576 (custom)
2019-10-23 22:40:01,156 [pool-59-thread-1] INFO  server.RaftServerConfigKeys (ConfUtils.java:logGet(43)) - raft.server.log.segment.cache.num.max = 2 (custom)
2019-10-23 22:40:01,156 [pool-59-thread-1] INFO  segmented.SegmentedRaftLogWorker (SegmentedRaftLogWorker.java:<init>(173)) - new 0cd5f69f-229b-4e24-9dce-31aad898d52d@group-668A4992C3EE-SegmentedRaftLogWorker for RaftStorage:Storage Directory /workdir/hadoop-ozone/integration-test/target/test-dir/MiniOzoneClusterImpl-da3a6117-6078-43df-8e08-80734442ab50/datanode-2/data/ratis/d9dcff2e-7df0-4951-9843-668a4992c3ee
2019-10-23 22:40:01,156 [pool-59-thread-1] INFO  server.RaftServerConfigKeys (ConfUtils.java:logGet(43)) - raft.server.log.queue.byte-limit = 2147483647 (custom)
2019-10-23 22:40:01,156 [pool-59-thread-1] INFO  server.RaftServerConfigKeys (ConfUtils.java:logGet(43)) - raft.server.log.queue.element-limit = 1024 (custom)
2019-10-23 22:40:01,156 [pool-59-thread-1] INFO  server.RaftServerConfigKeys (ConfUtils.java:logGet(43)) - raft.server.log.segment.size.max = 1048576 (custom)
2019-10-23 22:40:01,157 [pool-59-thread-1] INFO  server.RaftServerConfigKeys (ConfUtils.java:logGet(43)) - raft.server.log.preallocated.size = 16384 (custom)
2019-10-23 22:40:01,157 [pool-59-thread-1] INFO  server.RaftServerConfigKeys (ConfUtils.java:logGet(43)) - raft.server.log.write.buffer.size = 33554432 (custom)
2019-10-23 22:40:01,157 [pool-59-thread-1] INFO  server.RaftServerConfigKeys (ConfUtils.java:logGet(43)) - raft.server.log.force.sync.num = 128 (default)
2019-10-23 22:40:01,157 [pool-59-thread-1] INFO  server.RaftServerConfigKeys (ConfUtils.java:logGet(43)) - raft.server.log.statemachine.data.sync = true (default)
2019-10-23 22:40:01,157 [pool-59-thread-1] INFO  server.RaftServerConfigKeys (ConfUtils.java:logGet(43)) - raft.server.log.statemachine.data.sync.timeout = 10s (default)
2019-10-23 22:40:01,157 [pool-59-thread-1] INFO  server.RaftServerConfigKeys (ConfUtils.java:logGet(43)) - raft.server.log.statemachine.data.sync.timeout.retry = -1 (default)
2019-10-23 22:40:01,157 [pool-59-thread-1] INFO  server.RaftServerConfigKeys (ConfUtils.java:logGet(43)) - raft.server.log.statemachine.data.caching.enabled = true (custom)
2019-10-23 22:40:01,158 [pool-59-thread-1] INFO  segmented.SegmentedRaftLogWorker (SegmentedRaftLogWorker.java:lambda$new$0(128)) - 0cd5f69f-229b-4e24-9dce-31aad898d52d@group-668A4992C3EE-SegmentedRaftLogWorker: flushIndex: setUnconditionally 0 -> -1
2019-10-23 22:40:01,158 [pool-59-thread-1] INFO  server.RaftServerConfigKeys (ConfUtils.java:logGet(43)) - raft.server.snapshot.auto.trigger.enabled = true (custom)
2019-10-23 22:40:01,158 [pool-59-thread-1] INFO  server.RaftServerConfigKeys (ConfUtils.java:logGet(43)) - raft.server.snapshot.auto.trigger.threshold = 10000 (custom)
2019-10-23 22:40:01,158 [pool-59-thread-1] INFO  server.RaftServerConfigKeys (ConfUtils.java:logGet(43)) - raft.server.snapshot.retention.file.num = 5 (custom)
2019-10-23 22:40:01,158 [pool-59-thread-1] INFO  server.RaftServerConfigKeys (ConfUtils.java:logGet(43)) - raft.server.retrycache.expirytime = 600000ms (custom)
2019-10-23 22:40:01,160 [0cd5f69f-229b-4e24-9dce-31aad898d52d@group-91CED867EC48-LeaderElection36] INFO  impl.LeaderElection (LeaderElection.java:logAndReturn(56)) - 0cd5f69f-229b-4e24-9dce-31aad898d52d@group-91CED867EC48-LeaderElection36: Election REJECTED; received 2 response(s) [0cd5f69f-229b-4e24-9dce-31aad898d52d<-15de30e0-32e7-4789-867b-8c05fd0bfca2#0:FAIL-t36, 0cd5f69f-229b-4e24-9dce-31aad898d52d<-2f4845be-2264-4a1a-8a27-f958336e1da9#0:FAIL-t36] and 0 exception(s); 0cd5f69f-229b-4e24-9dce-31aad898d52d@group-91CED867EC48:t36, leader=null, voted=0cd5f69f-229b-4e24-9dce-31aad898d52d, raftlog=0cd5f69f-229b-4e24-9dce-31aad898d52d@group-91CED867EC48-SegmentedRaftLog:OPENED:c3,f4,i4, conf=0: [0cd5f69f-229b-4e24-9dce-31aad898d52d:192.168.157.195:33132, 15de30e0-32e7-4789-867b-8c05fd0bfca2:192.168.157.195:43624, 2f4845be-2264-4a1a-8a27-f958336e1da9:192.168.157.195:36753], old=null
2019-10-23 22:40:01,160 [0cd5f69f-229b-4e24-9dce-31aad898d52d@group-91CED867EC48-LeaderElection36] INFO  impl.RaftServerImpl (RaftServerImpl.java:setRole(184)) - 0cd5f69f-229b-4e24-9dce-31aad898d52d@group-91CED867EC48: changes role from CANDIDATE to FOLLOWER at term 36 for DISCOVERED_A_NEW_TERM
2019-10-23 22:40:01,160 [0cd5f69f-229b-4e24-9dce-31aad898d52d@group-91CED867EC48-LeaderElection36] INFO  impl.RoleInfo (RoleInfo.java:shutdownLeaderElection(134)) - 0cd5f69f-229b-4e24-9dce-31aad898d52d: shutdown LeaderElection
2019-10-23 22:40:01,160 [0cd5f69f-229b-4e24-9dce-31aad898d52d@group-91CED867EC48-LeaderElection36] INFO  impl.RoleInfo (RoleInfo.java:updateAndGet(143)) - 0cd5f69f-229b-4e24-9dce-31aad898d52d: start FollowerState
2019-10-23 22:40:01,162 [pool-59-thread-1] INFO  impl.RaftServerImpl (RaftServerImpl.java:start(195)) - 0cd5f69f-229b-4e24-9dce-31aad898d52d@group-668A4992C3EE: start as a follower, conf=-1: [0cd5f69f-229b-4e24-9dce-31aad898d52d:192.168.157.195:33132], old=null
2019-10-23 22:40:01,162 [pool-59-thread-1] INFO  impl.RaftServerImpl (RaftServerImpl.java:setRole(184)) - 0cd5f69f-229b-4e24-9dce-31aad898d52d@group-668A4992C3EE: changes role from      null to FOLLOWER at term 0 for startAsFollower
2019-10-23 22:40:01,162 [pool-59-thread-1] INFO  impl.RoleInfo (RoleInfo.java:updateAndGet(143)) - 0cd5f69f-229b-4e24-9dce-31aad898d52d: start FollowerState
2019-10-23 22:40:01,162 [pool-59-thread-1] INFO  util.JmxRegister (JmxRegister.java:tryRegister(44)) - Successfully registered JMX Bean with object name Ratis:service=RaftServer,group=group-668A4992C3EE,id=0cd5f69f-229b-4e24-9dce-31aad898d52d
2019-10-23 22:40:01,167 [RatisPipelineUtilsThread] INFO  pipeline.PipelineStateManager (PipelineStateManager.java:addPipeline(56)) - Created pipeline Pipeline[ Id: d9dcff2e-7df0-4951-9843-668a4992c3ee, Nodes: 0cd5f69f-229b-4e24-9dce-31aad898d52d{ip: 192.168.157.195, host: pr-hdds-2311-7bgld-1842715332, networkLocation: /default-rack, certSerialId: null}, Type:RATIS, Factor:ONE, State:OPEN]
2019-10-23 22:40:01,183 [grpc-default-executor-5] INFO  impl.RaftServerProxy (RaftServerProxy.java:addNew(89)) - 0cd5f69f-229b-4e24-9dce-31aad898d52d: addNew group-D44E3B3540EA:[0cd5f69f-229b-4e24-9dce-31aad898d52d:192.168.157.195:33132, 15de30e0-32e7-4789-867b-8c05fd0bfca2:192.168.157.195:43624, 2f4845be-2264-4a1a-8a27-f958336e1da9:192.168.157.195:36753] returns group-D44E3B3540EA:java.util.concurrent.CompletableFuture@45cec37d[Not completed]
2019-10-23 22:40:01,183 [grpc-default-executor-1] INFO  impl.RaftServerProxy (RaftServerProxy.java:addNew(89)) - 2f4845be-2264-4a1a-8a27-f958336e1da9: addNew group-D44E3B3540EA:[0cd5f69f-229b-4e24-9dce-31aad898d52d:192.168.157.195:33132, 15de30e0-32e7-4789-867b-8c05fd0bfca2:192.168.157.195:43624, 2f4845be-2264-4a1a-8a27-f958336e1da9:192.168.157.195:36753] returns group-D44E3B3540EA:java.util.concurrent.CompletableFuture@257c067a[Not completed]
2019-10-23 22:40:01,183 [grpc-default-executor-6] INFO  impl.RaftServerProxy (RaftServerProxy.java:addNew(89)) - 15de30e0-32e7-4789-867b-8c05fd0bfca2: addNew group-D44E3B3540EA:[0cd5f69f-229b-4e24-9dce-31aad898d52d:192.168.157.195:33132, 15de30e0-32e7-4789-867b-8c05fd0bfca2:192.168.157.195:43624, 2f4845be-2264-4a1a-8a27-f958336e1da9:192.168.157.195:36753] returns group-D44E3B3540EA:java.util.concurrent.CompletableFuture@32af07b7[Not completed]
2019-10-23 22:40:01,185 [pool-59-thread-1] INFO  impl.RaftServerImpl (RaftServerImpl.java:<init>(104)) - 0cd5f69f-229b-4e24-9dce-31aad898d52d: new RaftServerImpl for group-D44E3B3540EA:[0cd5f69f-229b-4e24-9dce-31aad898d52d:192.168.157.195:33132, 15de30e0-32e7-4789-867b-8c05fd0bfca2:192.168.157.195:43624, 2f4845be-2264-4a1a-8a27-f958336e1da9:192.168.157.195:36753] with ContainerStateMachine:uninitialized
2019-10-23 22:40:01,185 [pool-59-thread-1] INFO  server.RaftServerConfigKeys (ConfUtils.java:logGet(43)) - raft.server.rpc.timeout.min = 5s (custom)
2019-10-23 22:40:01,185 [pool-59-thread-1] INFO  server.RaftServerConfigKeys (ConfUtils.java:logGet(43)) - raft.server.rpc.timeout.max = 5200ms (custom)
2019-10-23 22:40:01,185 [pool-59-thread-1] INFO  server.RaftServerConfigKeys (ConfUtils.java:logGet(43)) - raft.server.rpcslowness.timeout = 1000s (custom)
2019-10-23 22:40:01,185 [pool-59-thread-1] INFO  server.RaftServerConfigKeys (ConfUtils.java:logGet(43)) - raft.server.sleep.deviation.threshold = 300 (default)
2019-10-23 22:40:01,185 [pool-59-thread-1] INFO  server.RaftServerConfigKeys (ConfUtils.java:logGet(43)) - raft.server.log.appender.install.snapshot.enabled = false (custom)
2019-10-23 22:40:01,185 [pool-59-thread-1] INFO  impl.RaftServerImpl (ServerState.java:<init>(103)) - 0cd5f69f-229b-4e24-9dce-31aad898d52d@group-D44E3B3540EA: ConfigurationManager, init=-1: [0cd5f69f-229b-4e24-9dce-31aad898d52d:192.168.157.195:33132, 15de30e0-32e7-4789-867b-8c05fd0bfca2:192.168.157.195:43624, 2f4845be-2264-4a1a-8a27-f958336e1da9:192.168.157.195:36753], old=null, confs=<EMPTY_MAP>
2019-10-23 22:40:01,185 [pool-27-thread-1] INFO  impl.RaftServerImpl (RaftServerImpl.java:<init>(104)) - 15de30e0-32e7-4789-867b-8c05fd0bfca2: new RaftServerImpl for group-D44E3B3540EA:[0cd5f69f-229b-4e24-9dce-31aad898d52d:192.168.157.195:33132, 15de30e0-32e7-4789-867b-8c05fd0bfca2:192.168.157.195:43624, 2f4845be-2264-4a1a-8a27-f958336e1da9:192.168.157.195:36753] with ContainerStateMachine:uninitialized
2019-10-23 22:40:01,185 [pool-59-thread-1] INFO  server.RaftServerConfigKeys (ConfUtils.java:logGet(43)) - raft.server.storage.dir = [/workdir/hadoop-ozone/integration-test/target/test-dir/MiniOzoneClusterImpl-da3a6117-6078-43df-8e08-80734442ab50/datanode-2/data/ratis] (custom)
2019-10-23 22:40:01,186 [pool-27-thread-1] INFO  server.RaftServerConfigKeys (ConfUtils.java:logGet(43)) - raft.server.rpc.timeout.min = 5s (custom)
2019-10-23 22:40:01,186 [pool-27-thread-1] INFO  server.RaftServerConfigKeys (ConfUtils.java:logGet(43)) - raft.server.rpc.timeout.max = 5200ms (custom)
2019-10-23 22:40:01,186 [pool-59-thread-1] INFO  server.RaftServerConfigKeys (ConfUtils.java:logGet(43)) - raft.server.log.corruption.policy = EXCEPTION (default)
2019-10-23 22:40:01,186 [pool-27-thread-1] INFO  server.RaftServerConfigKeys (ConfUtils.java:logGet(43)) - raft.server.rpcslowness.timeout = 1000s (custom)
2019-10-23 22:40:01,186 [pool-27-thread-1] INFO  server.RaftServerConfigKeys (ConfUtils.java:logGet(43)) - raft.server.sleep.deviation.threshold = 300 (default)
2019-10-23 22:40:01,186 [pool-37-thread-1] INFO  impl.RaftServerImpl (RaftServerImpl.java:<init>(104)) - 2f4845be-2264-4a1a-8a27-f958336e1da9: new RaftServerImpl for group-D44E3B3540EA:[0cd5f69f-229b-4e24-9dce-31aad898d52d:192.168.157.195:33132, 15de30e0-32e7-4789-867b-8c05fd0bfca2:192.168.157.195:43624, 2f4845be-2264-4a1a-8a27-f958336e1da9:192.168.157.195:36753] with ContainerStateMachine:uninitialized
2019-10-23 22:40:01,186 [pool-59-thread-1] INFO  storage.RaftStorageDirectory (RaftStorageDirectory.java:analyzeStorage(246)) - The storage directory /workdir/hadoop-ozone/integration-test/target/test-dir/MiniOzoneClusterImpl-da3a6117-6078-43df-8e08-80734442ab50/datanode-2/data/ratis/69c8fbd8-e6e1-46f2-ba2f-d44e3b3540ea does not exist. Creating ...
2019-10-23 22:40:01,186 [pool-37-thread-1] INFO  server.RaftServerConfigKeys (ConfUtils.java:logGet(43)) - raft.server.rpc.timeout.min = 5s (custom)
2019-10-23 22:40:01,186 [pool-27-thread-1] INFO  server.RaftServerConfigKeys (ConfUtils.java:logGet(43)) - raft.server.log.appender.install.snapshot.enabled = false (custom)
2019-10-23 22:40:01,186 [pool-37-thread-1] INFO  server.RaftServerConfigKeys (ConfUtils.java:logGet(43)) - raft.server.rpc.timeout.max = 5200ms (custom)
2019-10-23 22:40:01,187 [pool-27-thread-1] INFO  impl.RaftServerImpl (ServerState.java:<init>(103)) - 15de30e0-32e7-4789-867b-8c05fd0bfca2@group-D44E3B3540EA: ConfigurationManager, init=-1: [0cd5f69f-229b-4e24-9dce-31aad898d52d:192.168.157.195:33132, 15de30e0-32e7-4789-867b-8c05fd0bfca2:192.168.157.195:43624, 2f4845be-2264-4a1a-8a27-f958336e1da9:192.168.157.195:36753], old=null, confs=<EMPTY_MAP>
2019-10-23 22:40:01,187 [pool-37-thread-1] INFO  server.RaftServerConfigKeys (ConfUtils.java:logGet(43)) - raft.server.rpcslowness.timeout = 1000s (custom)
2019-10-23 22:40:01,187 [pool-27-thread-1] INFO  server.RaftServerConfigKeys (ConfUtils.java:logGet(43)) - raft.server.storage.dir = [/workdir/hadoop-ozone/integration-test/target/test-dir/MiniOzoneClusterImpl-da3a6117-6078-43df-8e08-80734442ab50/datanode-0/data/ratis] (custom)
2019-10-23 22:40:01,187 [pool-37-thread-1] INFO  server.RaftServerConfigKeys (ConfUtils.java:logGet(43)) - raft.server.sleep.deviation.threshold = 300 (default)
2019-10-23 22:40:01,187 [pool-37-thread-1] INFO  server.RaftServerConfigKeys (ConfUtils.java:logGet(43)) - raft.server.log.appender.install.snapshot.enabled = false (custom)
2019-10-23 22:40:01,187 [pool-27-thread-1] INFO  server.RaftServerConfigKeys (ConfUtils.java:logGet(43)) - raft.server.log.corruption.policy = EXCEPTION (default)
2019-10-23 22:40:01,187 [pool-37-thread-1] INFO  impl.RaftServerImpl (ServerState.java:<init>(103)) - 2f4845be-2264-4a1a-8a27-f958336e1da9@group-D44E3B3540EA: ConfigurationManager, init=-1: [0cd5f69f-229b-4e24-9dce-31aad898d52d:192.168.157.195:33132, 15de30e0-32e7-4789-867b-8c05fd0bfca2:192.168.157.195:43624, 2f4845be-2264-4a1a-8a27-f958336e1da9:192.168.157.195:36753], old=null, confs=<EMPTY_MAP>
2019-10-23 22:40:01,187 [pool-27-thread-1] INFO  storage.RaftStorageDirectory (RaftStorageDirectory.java:analyzeStorage(246)) - The storage directory /workdir/hadoop-ozone/integration-test/target/test-dir/MiniOzoneClusterImpl-da3a6117-6078-43df-8e08-80734442ab50/datanode-0/data/ratis/69c8fbd8-e6e1-46f2-ba2f-d44e3b3540ea does not exist. Creating ...
2019-10-23 22:40:01,187 [pool-37-thread-1] INFO  server.RaftServerConfigKeys (ConfUtils.java:logGet(43)) - raft.server.storage.dir = [/workdir/hadoop-ozone/integration-test/target/test-dir/MiniOzoneClusterImpl-da3a6117-6078-43df-8e08-80734442ab50/datanode-1/data/ratis] (custom)
2019-10-23 22:40:01,188 [pool-37-thread-1] INFO  server.RaftServerConfigKeys (ConfUtils.java:logGet(43)) - raft.server.log.corruption.policy = EXCEPTION (default)
2019-10-23 22:40:01,188 [pool-37-thread-1] INFO  storage.RaftStorageDirectory (RaftStorageDirectory.java:analyzeStorage(246)) - The storage directory /workdir/hadoop-ozone/integration-test/target/test-dir/MiniOzoneClusterImpl-da3a6117-6078-43df-8e08-80734442ab50/datanode-1/data/ratis/69c8fbd8-e6e1-46f2-ba2f-d44e3b3540ea does not exist. Creating ...
2019-10-23 22:40:01,213 [pool-27-thread-1] INFO  storage.RaftStorageDirectory (RaftStorageDirectory.java:tryLock(328)) - Lock on /workdir/hadoop-ozone/integration-test/target/test-dir/MiniOzoneClusterImpl-da3a6117-6078-43df-8e08-80734442ab50/datanode-0/data/ratis/69c8fbd8-e6e1-46f2-ba2f-d44e3b3540ea/in_use.lock acquired by nodename 3743@pr-hdds-2311-7bgld-1842715332
2019-10-23 22:40:01,213 [pool-37-thread-1] INFO  storage.RaftStorageDirectory (RaftStorageDirectory.java:tryLock(328)) - Lock on /workdir/hadoop-ozone/integration-test/target/test-dir/MiniOzoneClusterImpl-da3a6117-6078-43df-8e08-80734442ab50/datanode-1/data/ratis/69c8fbd8-e6e1-46f2-ba2f-d44e3b3540ea/in_use.lock acquired by nodename 3743@pr-hdds-2311-7bgld-1842715332
2019-10-23 22:40:01,213 [pool-59-thread-1] INFO  storage.RaftStorageDirectory (RaftStorageDirectory.java:tryLock(328)) - Lock on /workdir/hadoop-ozone/integration-test/target/test-dir/MiniOzoneClusterImpl-da3a6117-6078-43df-8e08-80734442ab50/datanode-2/data/ratis/69c8fbd8-e6e1-46f2-ba2f-d44e3b3540ea/in_use.lock acquired by nodename 3743@pr-hdds-2311-7bgld-1842715332
2019-10-23 22:40:01,226 [pool-59-thread-1] INFO  storage.RaftStorage (RaftStorage.java:format(84)) - Storage directory /workdir/hadoop-ozone/integration-test/target/test-dir/MiniOzoneClusterImpl-da3a6117-6078-43df-8e08-80734442ab50/datanode-2/data/ratis/69c8fbd8-e6e1-46f2-ba2f-d44e3b3540ea has been successfully formatted.
2019-10-23 22:40:01,226 [pool-37-thread-1] INFO  storage.RaftStorage (RaftStorage.java:format(84)) - Storage directory /workdir/hadoop-ozone/integration-test/target/test-dir/MiniOzoneClusterImpl-da3a6117-6078-43df-8e08-80734442ab50/datanode-1/data/ratis/69c8fbd8-e6e1-46f2-ba2f-d44e3b3540ea has been successfully formatted.
2019-10-23 22:40:01,226 [pool-27-thread-1] INFO  storage.RaftStorage (RaftStorage.java:format(84)) - Storage directory /workdir/hadoop-ozone/integration-test/target/test-dir/MiniOzoneClusterImpl-da3a6117-6078-43df-8e08-80734442ab50/datanode-0/data/ratis/69c8fbd8-e6e1-46f2-ba2f-d44e3b3540ea has been successfully formatted.
2019-10-23 22:40:01,226 [pool-59-thread-1] INFO  ratis.ContainerStateMachine (ContainerStateMachine.java:loadSnapshot(231)) - group-D44E3B3540EA: The snapshot info is null. Setting the last applied indexto:(t:0, i:~)
2019-10-23 22:40:01,227 [pool-37-thread-1] INFO  ratis.ContainerStateMachine (ContainerStateMachine.java:loadSnapshot(231)) - group-D44E3B3540EA: The snapshot info is null. Setting the last applied indexto:(t:0, i:~)
2019-10-23 22:40:01,227 [pool-59-thread-1] INFO  server.RaftServerConfigKeys (ConfUtils.java:logGet(43)) - raft.server.notification.no-leader.timeout = 1000s (custom)
2019-10-23 22:40:01,227 [pool-27-thread-1] INFO  ratis.ContainerStateMachine (ContainerStateMachine.java:loadSnapshot(231)) - group-D44E3B3540EA: The snapshot info is null. Setting the last applied indexto:(t:0, i:~)
2019-10-23 22:40:01,227 [pool-59-thread-1] INFO  server.RaftServerConfigKeys (ConfUtils.java:logGet(43)) - raft.server.log.use.memory = false (default)
2019-10-23 22:40:01,227 [pool-37-thread-1] INFO  server.RaftServerConfigKeys (ConfUtils.java:logGet(43)) - raft.server.notification.no-leader.timeout = 1000s (custom)
2019-10-23 22:40:01,227 [pool-59-thread-1] INFO  server.RaftServerConfigKeys (ConfUtils.java:logGet(43)) - raft.server.log.purge.gap = 1000000 (custom)
2019-10-23 22:40:01,227 [pool-27-thread-1] INFO  server.RaftServerConfigKeys (ConfUtils.java:logGet(43)) - raft.server.notification.no-leader.timeout = 1000s (custom)
2019-10-23 22:40:01,227 [pool-59-thread-1] INFO  server.RaftServerConfigKeys (ConfUtils.java:logGet(43)) - raft.server.log.appender.buffer.byte-limit = 33554432 (custom)
2019-10-23 22:40:01,227 [pool-37-thread-1] INFO  server.RaftServerConfigKeys (ConfUtils.java:logGet(43)) - raft.server.log.use.memory = false (default)
2019-10-23 22:40:01,227 [pool-59-thread-1] INFO  server.RaftServerConfigKeys (ConfUtils.java:logGet(43)) - raft.server.log.segment.size.max = 1048576 (custom)
2019-10-23 22:40:01,227 [pool-27-thread-1] INFO  server.RaftServerConfigKeys (ConfUtils.java:logGet(43)) - raft.server.log.use.memory = false (default)
2019-10-23 22:40:01,228 [pool-59-thread-1] INFO  server.RaftServerConfigKeys (ConfUtils.java:logGet(43)) - raft.server.log.segment.cache.num.max = 2 (custom)
2019-10-23 22:40:01,227 [pool-37-thread-1] INFO  server.RaftServerConfigKeys (ConfUtils.java:logGet(43)) - raft.server.log.purge.gap = 1000000 (custom)
2019-10-23 22:40:01,228 [pool-59-thread-1] INFO  segmented.SegmentedRaftLogWorker (SegmentedRaftLogWorker.java:<init>(173)) - new 0cd5f69f-229b-4e24-9dce-31aad898d52d@group-D44E3B3540EA-SegmentedRaftLogWorker for RaftStorage:Storage Directory /workdir/hadoop-ozone/integration-test/target/test-dir/MiniOzoneClusterImpl-da3a6117-6078-43df-8e08-80734442ab50/datanode-2/data/ratis/69c8fbd8-e6e1-46f2-ba2f-d44e3b3540ea
2019-10-23 22:40:01,228 [pool-27-thread-1] INFO  server.RaftServerConfigKeys (ConfUtils.java:logGet(43)) - raft.server.log.purge.gap = 1000000 (custom)
2019-10-23 22:40:01,228 [pool-59-thread-1] INFO  server.RaftServerConfigKeys (ConfUtils.java:logGet(43)) - raft.server.log.queue.byte-limit = 2147483647 (custom)
2019-10-23 22:40:01,228 [pool-37-thread-1] INFO  server.RaftServerConfigKeys (ConfUtils.java:logGet(43)) - raft.server.log.appender.buffer.byte-limit = 33554432 (custom)
2019-10-23 22:40:01,228 [pool-59-thread-1] INFO  server.RaftServerConfigKeys (ConfUtils.java:logGet(43)) - raft.server.log.queue.element-limit = 1024 (custom)
2019-10-23 22:40:01,228 [pool-27-thread-1] INFO  server.RaftServerConfigKeys (ConfUtils.java:logGet(43)) - raft.server.log.appender.buffer.byte-limit = 33554432 (custom)
2019-10-23 22:40:01,228 [pool-59-thread-1] INFO  server.RaftServerConfigKeys (ConfUtils.java:logGet(43)) - raft.server.log.segment.size.max = 1048576 (custom)
2019-10-23 22:40:01,228 [pool-37-thread-1] INFO  server.RaftServerConfigKeys (ConfUtils.java:logGet(43)) - raft.server.log.segment.size.max = 1048576 (custom)
2019-10-23 22:40:01,228 [pool-59-thread-1] INFO  server.RaftServerConfigKeys (ConfUtils.java:logGet(43)) - raft.server.log.preallocated.size = 16384 (custom)
2019-10-23 22:40:01,228 [pool-27-thread-1] INFO  server.RaftServerConfigKeys (ConfUtils.java:logGet(43)) - raft.server.log.segment.size.max = 1048576 (custom)
2019-10-23 22:40:01,229 [pool-59-thread-1] INFO  server.RaftServerConfigKeys (ConfUtils.java:logGet(43)) - raft.server.log.write.buffer.size = 33554432 (custom)
2019-10-23 22:40:01,229 [pool-37-thread-1] INFO  server.RaftServerConfigKeys (ConfUtils.java:logGet(43)) - raft.server.log.segment.cache.num.max = 2 (custom)
2019-10-23 22:40:01,229 [pool-59-thread-1] INFO  server.RaftServerConfigKeys (ConfUtils.java:logGet(43)) - raft.server.log.force.sync.num = 128 (default)
2019-10-23 22:40:01,229 [pool-27-thread-1] INFO  server.RaftServerConfigKeys (ConfUtils.java:logGet(43)) - raft.server.log.segment.cache.num.max = 2 (custom)
2019-10-23 22:40:01,229 [pool-59-thread-1] INFO  server.RaftServerConfigKeys (ConfUtils.java:logGet(43)) - raft.server.log.statemachine.data.sync = true (default)
2019-10-23 22:40:01,229 [pool-37-thread-1] INFO  segmented.SegmentedRaftLogWorker (SegmentedRaftLogWorker.java:<init>(173)) - new 2f4845be-2264-4a1a-8a27-f958336e1da9@group-D44E3B3540EA-SegmentedRaftLogWorker for RaftStorage:Storage Directory /workdir/hadoop-ozone/integration-test/target/test-dir/MiniOzoneClusterImpl-da3a6117-6078-43df-8e08-80734442ab50/datanode-1/data/ratis/69c8fbd8-e6e1-46f2-ba2f-d44e3b3540ea
2019-10-23 22:40:01,229 [pool-59-thread-1] INFO  server.RaftServerConfigKeys (ConfUtils.java:logGet(43)) - raft.server.log.statemachine.data.sync.timeout = 10s (default)
2019-10-23 22:40:01,229 [pool-27-thread-1] INFO  segmented.SegmentedRaftLogWorker (SegmentedRaftLogWorker.java:<init>(173)) - new 15de30e0-32e7-4789-867b-8c05fd0bfca2@group-D44E3B3540EA-SegmentedRaftLogWorker for RaftStorage:Storage Directory /workdir/hadoop-ozone/integration-test/target/test-dir/MiniOzoneClusterImpl-da3a6117-6078-43df-8e08-80734442ab50/datanode-0/data/ratis/69c8fbd8-e6e1-46f2-ba2f-d44e3b3540ea
2019-10-23 22:40:01,229 [pool-59-thread-1] INFO  server.RaftServerConfigKeys (ConfUtils.java:logGet(43)) - raft.server.log.statemachine.data.sync.timeout.retry = -1 (default)
2019-10-23 22:40:01,229 [pool-37-thread-1] INFO  server.RaftServerConfigKeys (ConfUtils.java:logGet(43)) - raft.server.log.queue.byte-limit = 2147483647 (custom)
2019-10-23 22:40:01,229 [pool-59-thread-1] INFO  server.RaftServerConfigKeys (ConfUtils.java:logGet(43)) - raft.server.log.statemachine.data.caching.enabled = true (custom)
2019-10-23 22:40:01,229 [pool-27-thread-1] INFO  server.RaftServerConfigKeys (ConfUtils.java:logGet(43)) - raft.server.log.queue.byte-limit = 2147483647 (custom)
2019-10-23 22:40:01,230 [pool-37-thread-1] INFO  server.RaftServerConfigKeys (ConfUtils.java:logGet(43)) - raft.server.log.queue.element-limit = 1024 (custom)
2019-10-23 22:40:01,230 [pool-59-thread-1] INFO  segmented.SegmentedRaftLogWorker (SegmentedRaftLogWorker.java:lambda$new$0(128)) - 0cd5f69f-229b-4e24-9dce-31aad898d52d@group-D44E3B3540EA-SegmentedRaftLogWorker: flushIndex: setUnconditionally 0 -> -1
2019-10-23 22:40:01,230 [pool-27-thread-1] INFO  server.RaftServerConfigKeys (ConfUtils.java:logGet(43)) - raft.server.log.queue.element-limit = 1024 (custom)
2019-10-23 22:40:01,230 [pool-37-thread-1] INFO  server.RaftServerConfigKeys (ConfUtils.java:logGet(43)) - raft.server.log.segment.size.max = 1048576 (custom)
2019-10-23 22:40:01,230 [pool-27-thread-1] INFO  server.RaftServerConfigKeys (ConfUtils.java:logGet(43)) - raft.server.log.segment.size.max = 1048576 (custom)
2019-10-23 22:40:01,230 [pool-59-thread-1] INFO  server.RaftServerConfigKeys (ConfUtils.java:logGet(43)) - raft.server.snapshot.auto.trigger.enabled = true (custom)
2019-10-23 22:40:01,230 [pool-27-thread-1] INFO  server.RaftServerConfigKeys (ConfUtils.java:logGet(43)) - raft.server.log.preallocated.size = 16384 (custom)
2019-10-23 22:40:01,230 [pool-27-thread-1] INFO  server.RaftServerConfigKeys (ConfUtils.java:logGet(43)) - raft.server.log.write.buffer.size = 33554432 (custom)
2019-10-23 22:40:01,230 [pool-37-thread-1] INFO  server.RaftServerConfigKeys (ConfUtils.java:logGet(43)) - raft.server.log.preallocated.size = 16384 (custom)
2019-10-23 22:40:01,230 [pool-27-thread-1] INFO  server.RaftServerConfigKeys (ConfUtils.java:logGet(43)) - raft.server.log.force.sync.num = 128 (default)
2019-10-23 22:40:01,230 [pool-59-thread-1] INFO  server.RaftServerConfigKeys (ConfUtils.java:logGet(43)) - raft.server.snapshot.auto.trigger.threshold = 10000 (custom)
2019-10-23 22:40:01,231 [pool-27-thread-1] INFO  server.RaftServerConfigKeys (ConfUtils.java:logGet(43)) - raft.server.log.statemachine.data.sync = true (default)
2019-10-23 22:40:01,231 [pool-37-thread-1] INFO  server.RaftServerConfigKeys (ConfUtils.java:logGet(43)) - raft.server.log.write.buffer.size = 33554432 (custom)
2019-10-23 22:40:01,231 [pool-27-thread-1] INFO  server.RaftServerConfigKeys (ConfUtils.java:logGet(43)) - raft.server.log.statemachine.data.sync.timeout = 10s (default)
2019-10-23 22:40:01,231 [pool-59-thread-1] INFO  server.RaftServerConfigKeys (ConfUtils.java:logGet(43)) - raft.server.snapshot.retention.file.num = 5 (custom)
2019-10-23 22:40:01,231 [pool-27-thread-1] INFO  server.RaftServerConfigKeys (ConfUtils.java:logGet(43)) - raft.server.log.statemachine.data.sync.timeout.retry = -1 (default)
2019-10-23 22:40:01,231 [pool-37-thread-1] INFO  server.RaftServerConfigKeys (ConfUtils.java:logGet(43)) - raft.server.log.force.sync.num = 128 (default)
2019-10-23 22:40:01,231 [pool-59-thread-1] INFO  server.RaftServerConfigKeys (ConfUtils.java:logGet(43)) - raft.server.retrycache.expirytime = 600000ms (custom)
2019-10-23 22:40:01,231 [pool-37-thread-1] INFO  server.RaftServerConfigKeys (ConfUtils.java:logGet(43)) - raft.server.log.statemachine.data.sync = true (default)
2019-10-23 22:40:01,231 [pool-27-thread-1] INFO  server.RaftServerConfigKeys (ConfUtils.java:logGet(43)) - raft.server.log.statemachine.data.caching.enabled = true (custom)
2019-10-23 22:40:01,232 [pool-37-thread-1] INFO  server.RaftServerConfigKeys (ConfUtils.java:logGet(43)) - raft.server.log.statemachine.data.sync.timeout = 10s (default)
2019-10-23 22:40:01,232 [pool-27-thread-1] INFO  segmented.SegmentedRaftLogWorker (SegmentedRaftLogWorker.java:lambda$new$0(128)) - 15de30e0-32e7-4789-867b-8c05fd0bfca2@group-D44E3B3540EA-SegmentedRaftLogWorker: flushIndex: setUnconditionally 0 -> -1
2019-10-23 22:40:01,232 [pool-37-thread-1] INFO  server.RaftServerConfigKeys (ConfUtils.java:logGet(43)) - raft.server.log.statemachine.data.sync.timeout.retry = -1 (default)
2019-10-23 22:40:01,232 [pool-27-thread-1] INFO  server.RaftServerConfigKeys (ConfUtils.java:logGet(43)) - raft.server.snapshot.auto.trigger.enabled = true (custom)
2019-10-23 22:40:01,232 [pool-37-thread-1] INFO  server.RaftServerConfigKeys (ConfUtils.java:logGet(43)) - raft.server.log.statemachine.data.caching.enabled = true (custom)
2019-10-23 22:40:01,232 [pool-27-thread-1] INFO  server.RaftServerConfigKeys (ConfUtils.java:logGet(43)) - raft.server.snapshot.auto.trigger.threshold = 10000 (custom)
2019-10-23 22:40:01,232 [pool-27-thread-1] INFO  server.RaftServerConfigKeys (ConfUtils.java:logGet(43)) - raft.server.snapshot.retention.file.num = 5 (custom)
2019-10-23 22:40:01,232 [pool-37-thread-1] INFO  segmented.SegmentedRaftLogWorker (SegmentedRaftLogWorker.java:lambda$new$0(128)) - 2f4845be-2264-4a1a-8a27-f958336e1da9@group-D44E3B3540EA-SegmentedRaftLogWorker: flushIndex: setUnconditionally 0 -> -1
2019-10-23 22:40:01,232 [pool-27-thread-1] INFO  server.RaftServerConfigKeys (ConfUtils.java:logGet(43)) - raft.server.retrycache.expirytime = 600000ms (custom)
2019-10-23 22:40:01,233 [pool-37-thread-1] INFO  server.RaftServerConfigKeys (ConfUtils.java:logGet(43)) - raft.server.snapshot.auto.trigger.enabled = true (custom)
2019-10-23 22:40:01,233 [pool-37-thread-1] INFO  server.RaftServerConfigKeys (ConfUtils.java:logGet(43)) - raft.server.snapshot.auto.trigger.threshold = 10000 (custom)
2019-10-23 22:40:01,233 [pool-37-thread-1] INFO  server.RaftServerConfigKeys (ConfUtils.java:logGet(43)) - raft.server.snapshot.retention.file.num = 5 (custom)
2019-10-23 22:40:01,233 [pool-37-thread-1] INFO  server.RaftServerConfigKeys (ConfUtils.java:logGet(43)) - raft.server.retrycache.expirytime = 600000ms (custom)
2019-10-23 22:40:01,233 [pool-59-thread-1] INFO  impl.RaftServerImpl (RaftServerImpl.java:start(195)) - 0cd5f69f-229b-4e24-9dce-31aad898d52d@group-D44E3B3540EA: start as a follower, conf=-1: [0cd5f69f-229b-4e24-9dce-31aad898d52d:192.168.157.195:33132, 15de30e0-32e7-4789-867b-8c05fd0bfca2:192.168.157.195:43624, 2f4845be-2264-4a1a-8a27-f958336e1da9:192.168.157.195:36753], old=null
2019-10-23 22:40:01,233 [pool-59-thread-1] INFO  impl.RaftServerImpl (RaftServerImpl.java:setRole(184)) - 0cd5f69f-229b-4e24-9dce-31aad898d52d@group-D44E3B3540EA: changes role from      null to FOLLOWER at term 0 for startAsFollower
2019-10-23 22:40:01,233 [pool-59-thread-1] INFO  impl.RoleInfo (RoleInfo.java:updateAndGet(143)) - 0cd5f69f-229b-4e24-9dce-31aad898d52d: start FollowerState
2019-10-23 22:40:01,234 [pool-59-thread-1] INFO  util.JmxRegister (JmxRegister.java:tryRegister(44)) - Successfully registered JMX Bean with object name Ratis:service=RaftServer,group=group-D44E3B3540EA,id=0cd5f69f-229b-4e24-9dce-31aad898d52d
2019-10-23 22:40:01,236 [pool-27-thread-1] INFO  impl.RaftServerImpl (RaftServerImpl.java:start(195)) - 15de30e0-32e7-4789-867b-8c05fd0bfca2@group-D44E3B3540EA: start as a follower, conf=-1: [0cd5f69f-229b-4e24-9dce-31aad898d52d:192.168.157.195:33132, 15de30e0-32e7-4789-867b-8c05fd0bfca2:192.168.157.195:43624, 2f4845be-2264-4a1a-8a27-f958336e1da9:192.168.157.195:36753], old=null
2019-10-23 22:40:01,236 [pool-27-thread-1] INFO  impl.RaftServerImpl (RaftServerImpl.java:setRole(184)) - 15de30e0-32e7-4789-867b-8c05fd0bfca2@group-D44E3B3540EA: changes role from      null to FOLLOWER at term 0 for startAsFollower
2019-10-23 22:40:01,236 [pool-27-thread-1] INFO  impl.RoleInfo (RoleInfo.java:updateAndGet(143)) - 15de30e0-32e7-4789-867b-8c05fd0bfca2: start FollowerState
2019-10-23 22:40:01,238 [pool-27-thread-1] INFO  util.JmxRegister (JmxRegister.java:tryRegister(44)) - Successfully registered JMX Bean with object name Ratis:service=RaftServer,group=group-D44E3B3540EA,id=15de30e0-32e7-4789-867b-8c05fd0bfca2
2019-10-23 22:40:01,240 [pool-37-thread-1] INFO  impl.RaftServerImpl (RaftServerImpl.java:start(195)) - 2f4845be-2264-4a1a-8a27-f958336e1da9@group-D44E3B3540EA: start as a follower, conf=-1: [0cd5f69f-229b-4e24-9dce-31aad898d52d:192.168.157.195:33132, 15de30e0-32e7-4789-867b-8c05fd0bfca2:192.168.157.195:43624, 2f4845be-2264-4a1a-8a27-f958336e1da9:192.168.157.195:36753], old=null
2019-10-23 22:40:01,240 [pool-37-thread-1] INFO  impl.RaftServerImpl (RaftServerImpl.java:setRole(184)) - 2f4845be-2264-4a1a-8a27-f958336e1da9@group-D44E3B3540EA: changes role from      null to FOLLOWER at term 0 for startAsFollower
2019-10-23 22:40:01,240 [pool-37-thread-1] INFO  impl.RoleInfo (RoleInfo.java:updateAndGet(143)) - 2f4845be-2264-4a1a-8a27-f958336e1da9: start FollowerState
2019-10-23 22:40:01,240 [pool-37-thread-1] INFO  util.JmxRegister (JmxRegister.java:tryRegister(44)) - Successfully registered JMX Bean with object name Ratis:service=RaftServer,group=group-D44E3B3540EA,id=2f4845be-2264-4a1a-8a27-f958336e1da9
2019-10-23 22:40:01,243 [Thread-782] INFO  impl.FollowerState (FollowerState.java:run(108)) - 0cd5f69f-229b-4e24-9dce-31aad898d52d@group-91CED867EC48-FollowerState: change to CANDIDATE, lastRpcTime:82ms, electionTimeout:82ms
2019-10-23 22:40:01,244 [Thread-782] INFO  impl.RoleInfo (RoleInfo.java:shutdownFollowerState(121)) - 0cd5f69f-229b-4e24-9dce-31aad898d52d: shutdown FollowerState
2019-10-23 22:40:01,244 [Thread-782] INFO  impl.RaftServerImpl (RaftServerImpl.java:setRole(184)) - 0cd5f69f-229b-4e24-9dce-31aad898d52d@group-91CED867EC48: changes role from  FOLLOWER to CANDIDATE at term 36 for changeToCandidate
2019-10-23 22:40:01,245 [Thread-782] INFO  impl.RoleInfo (RoleInfo.java:updateAndGet(143)) - 0cd5f69f-229b-4e24-9dce-31aad898d52d: start LeaderElection
2019-10-23 22:40:01,246 [Thread-796] INFO  client.GrpcClientProtocolService (GrpcClientProtocolService.java:lambda$processClientRequest$0(278)) - Failed RaftClientRequest:client-A571C4F32A47->0cd5f69f-229b-4e24-9dce-31aad898d52d@group-91CED867EC48, cid=10, seq=0, Watch-ALL_COMMITTED(6), Message:<EMPTY>, reply=RaftClientReply:client-A571C4F32A47->0cd5f69f-229b-4e24-9dce-31aad898d52d@group-91CED867EC48, cid=10, FAILED org.apache.ratis.protocol.NotLeaderException: Server 0cd5f69f-229b-4e24-9dce-31aad898d52d@group-91CED867EC48 is not the leader, logIndex=0, commits[0cd5f69f-229b-4e24-9dce-31aad898d52d:c3]
2019-10-23 22:40:01,250 [RatisPipelineUtilsThread] INFO  pipeline.PipelineStateManager (PipelineStateManager.java:addPipeline(56)) - Created pipeline Pipeline[ Id: 69c8fbd8-e6e1-46f2-ba2f-d44e3b3540ea, Nodes: 2f4845be-2264-4a1a-8a27-f958336e1da9{ip: 192.168.157.195, host: pr-hdds-2311-7bgld-1842715332, networkLocation: /default-rack, certSerialId: null}0cd5f69f-229b-4e24-9dce-31aad898d52d{ip: 192.168.157.195, host: pr-hdds-2311-7bgld-1842715332, networkLocation: /default-rack, certSerialId: null}15de30e0-32e7-4789-867b-8c05fd0bfca2{ip: 192.168.157.195, host: pr-hdds-2311-7bgld-1842715332, networkLocation: /default-rack, certSerialId: null}, Type:RATIS, Factor:THREE, State:OPEN]
2019-10-23 22:40:01,257 [Thread-788] INFO  impl.FollowerState (FollowerState.java:run(108)) - 0cd5f69f-229b-4e24-9dce-31aad898d52d@group-D44E3B3540EA-FollowerState: change to CANDIDATE, lastRpcTime:23ms, electionTimeout:23ms
2019-10-23 22:40:01,257 [Thread-788] INFO  impl.RoleInfo (RoleInfo.java:shutdownFollowerState(121)) - 0cd5f69f-229b-4e24-9dce-31aad898d52d: shutdown FollowerState
2019-10-23 22:40:01,257 [Thread-788] INFO  impl.RaftServerImpl (RaftServerImpl.java:setRole(184)) - 0cd5f69f-229b-4e24-9dce-31aad898d52d@group-D44E3B3540EA: changes role from  FOLLOWER to CANDIDATE at term 0 for changeToCandidate
2019-10-23 22:40:01,257 [Thread-788] INFO  impl.RoleInfo (RoleInfo.java:updateAndGet(143)) - 0cd5f69f-229b-4e24-9dce-31aad898d52d: start LeaderElection
2019-10-23 22:40:01,266 [0cd5f69f-229b-4e24-9dce-31aad898d52d@group-91CED867EC48-LeaderElection37] INFO  impl.LeaderElection (LeaderElection.java:askForVotes(178)) - 0cd5f69f-229b-4e24-9dce-31aad898d52d@group-91CED867EC48-LeaderElection37: begin an election at term 37 for 0: [0cd5f69f-229b-4e24-9dce-31aad898d52d:192.168.157.195:33132, 15de30e0-32e7-4789-867b-8c05fd0bfca2:192.168.157.195:43624, 2f4845be-2264-4a1a-8a27-f958336e1da9:192.168.157.195:36753], old=null
2019-10-23 22:40:01,268 [grpc-default-executor-1] INFO  impl.RaftServerImpl (RaftServerImpl.java:setRole(184)) - 15de30e0-32e7-4789-867b-8c05fd0bfca2@group-91CED867EC48: changes role from  FOLLOWER to FOLLOWER at term 37 for recognizeCandidate:0cd5f69f-229b-4e24-9dce-31aad898d52d
2019-10-23 22:40:01,268 [grpc-default-executor-6] INFO  impl.RaftServerImpl (RaftServerImpl.java:setRole(184)) - 2f4845be-2264-4a1a-8a27-f958336e1da9@group-91CED867EC48: changes role from  FOLLOWER to FOLLOWER at term 37 for recognizeCandidate:0cd5f69f-229b-4e24-9dce-31aad898d52d
2019-10-23 22:40:01,268 [0cd5f69f-229b-4e24-9dce-31aad898d52d@group-D44E3B3540EA-LeaderElection38] INFO  impl.LeaderElection (LeaderElection.java:askForVotes(178)) - 0cd5f69f-229b-4e24-9dce-31aad898d52d@group-D44E3B3540EA-LeaderElection38: begin an election at term 1 for -1: [0cd5f69f-229b-4e24-9dce-31aad898d52d:192.168.157.195:33132, 15de30e0-32e7-4789-867b-8c05fd0bfca2:192.168.157.195:43624, 2f4845be-2264-4a1a-8a27-f958336e1da9:192.168.157.195:36753], old=null
2019-10-23 22:40:01,268 [grpc-default-executor-1] INFO  impl.RoleInfo (RoleInfo.java:shutdownFollowerState(121)) - 15de30e0-32e7-4789-867b-8c05fd0bfca2: shutdown FollowerState
2019-10-23 22:40:01,268 [grpc-default-executor-6] INFO  impl.RoleInfo (RoleInfo.java:shutdownFollowerState(121)) - 2f4845be-2264-4a1a-8a27-f958336e1da9: shutdown FollowerState
2019-10-23 22:40:01,269 [Thread-779] INFO  impl.FollowerState (FollowerState.java:run(117)) - 15de30e0-32e7-4789-867b-8c05fd0bfca2@group-91CED867EC48-FollowerState was interrupted: java.lang.InterruptedException: sleep interrupted
2019-10-23 22:40:01,269 [grpc-default-executor-6] INFO  impl.RoleInfo (RoleInfo.java:updateAndGet(143)) - 2f4845be-2264-4a1a-8a27-f958336e1da9: start FollowerState
2019-10-23 22:40:01,269 [grpc-default-executor-1] INFO  impl.RoleInfo (RoleInfo.java:updateAndGet(143)) - 15de30e0-32e7-4789-867b-8c05fd0bfca2: start FollowerState
2019-10-23 22:40:01,269 [Thread-780] INFO  impl.FollowerState (FollowerState.java:run(117)) - 2f4845be-2264-4a1a-8a27-f958336e1da9@group-91CED867EC48-FollowerState was interrupted: java.lang.InterruptedException: sleep interrupted
2019-10-23 22:40:01,271 [grpc-default-executor-5] INFO  impl.RaftServerImpl (RaftServerImpl.java:setRole(184)) - 2f4845be-2264-4a1a-8a27-f958336e1da9@group-D44E3B3540EA: changes role from  FOLLOWER to FOLLOWER at term 1 for recognizeCandidate:0cd5f69f-229b-4e24-9dce-31aad898d52d
2019-10-23 22:40:01,271 [grpc-default-executor-5] INFO  impl.RoleInfo (RoleInfo.java:shutdownFollowerState(121)) - 2f4845be-2264-4a1a-8a27-f958336e1da9: shutdown FollowerState
2019-10-23 22:40:01,272 [Thread-791] INFO  impl.FollowerState (FollowerState.java:run(117)) - 2f4845be-2264-4a1a-8a27-f958336e1da9@group-D44E3B3540EA-FollowerState was interrupted: java.lang.InterruptedException: sleep interrupted
2019-10-23 22:40:01,272 [grpc-default-executor-5] INFO  impl.RoleInfo (RoleInfo.java:updateAndGet(143)) - 2f4845be-2264-4a1a-8a27-f958336e1da9: start FollowerState
2019-10-23 22:40:01,273 [grpc-default-executor-3] INFO  impl.RaftServerImpl (RaftServerImpl.java:setRole(184)) - 15de30e0-32e7-4789-867b-8c05fd0bfca2@group-D44E3B3540EA: changes role from  FOLLOWER to FOLLOWER at term 1 for recognizeCandidate:0cd5f69f-229b-4e24-9dce-31aad898d52d
2019-10-23 22:40:01,273 [grpc-default-executor-3] INFO  impl.RoleInfo (RoleInfo.java:shutdownFollowerState(121)) - 15de30e0-32e7-4789-867b-8c05fd0bfca2: shutdown FollowerState
2019-10-23 22:40:01,273 [Thread-789] INFO  impl.FollowerState (FollowerState.java:run(117)) - 15de30e0-32e7-4789-867b-8c05fd0bfca2@group-D44E3B3540EA-FollowerState was interrupted: java.lang.InterruptedException: sleep interrupted
2019-10-23 22:40:01,273 [grpc-default-executor-3] INFO  impl.RoleInfo (RoleInfo.java:updateAndGet(143)) - 15de30e0-32e7-4789-867b-8c05fd0bfca2: start FollowerState
2019-10-23 22:40:01,283 [Thread-806] INFO  impl.FollowerState (FollowerState.java:run(108)) - 15de30e0-32e7-4789-867b-8c05fd0bfca2@group-D44E3B3540EA-FollowerState: change to CANDIDATE, lastRpcTime:9ms, electionTimeout:1ms
2019-10-23 22:40:01,283 [Thread-806] INFO  impl.RoleInfo (RoleInfo.java:shutdownFollowerState(121)) - 15de30e0-32e7-4789-867b-8c05fd0bfca2: shutdown FollowerState
2019-10-23 22:40:01,283 [Thread-806] INFO  impl.RaftServerImpl (RaftServerImpl.java:setRole(184)) - 15de30e0-32e7-4789-867b-8c05fd0bfca2@group-D44E3B3540EA: changes role from  FOLLOWER to CANDIDATE at term 1 for changeToCandidate
2019-10-23 22:40:01,283 [Thread-806] INFO  impl.RoleInfo (RoleInfo.java:updateAndGet(143)) - 15de30e0-32e7-4789-867b-8c05fd0bfca2: start LeaderElection
2019-10-23 22:40:01,284 [0cd5f69f-229b-4e24-9dce-31aad898d52d@group-D44E3B3540EA-LeaderElection38] INFO  impl.LeaderElection (LeaderElection.java:logAndReturn(56)) - 0cd5f69f-229b-4e24-9dce-31aad898d52d@group-D44E3B3540EA-LeaderElection38: Election PASSED; received 1 response(s) [0cd5f69f-229b-4e24-9dce-31aad898d52d<-2f4845be-2264-4a1a-8a27-f958336e1da9#0:OK-t1] and 0 exception(s); 0cd5f69f-229b-4e24-9dce-31aad898d52d@group-D44E3B3540EA:t1, leader=null, voted=0cd5f69f-229b-4e24-9dce-31aad898d52d, raftlog=0cd5f69f-229b-4e24-9dce-31aad898d52d@group-D44E3B3540EA-SegmentedRaftLog:OPENED:c-1,f-1,i0, conf=-1: [0cd5f69f-229b-4e24-9dce-31aad898d52d:192.168.157.195:33132, 15de30e0-32e7-4789-867b-8c05fd0bfca2:192.168.157.195:43624, 2f4845be-2264-4a1a-8a27-f958336e1da9:192.168.157.195:36753], old=null
2019-10-23 22:40:01,284 [0cd5f69f-229b-4e24-9dce-31aad898d52d@group-D44E3B3540EA-LeaderElection38] INFO  impl.RoleInfo (RoleInfo.java:shutdownLeaderElection(134)) - 0cd5f69f-229b-4e24-9dce-31aad898d52d: shutdown LeaderElection
2019-10-23 22:40:01,284 [0cd5f69f-229b-4e24-9dce-31aad898d52d@group-91CED867EC48-LeaderElection37] INFO  impl.LeaderElection (LeaderElection.java:logAndReturn(56)) - 0cd5f69f-229b-4e24-9dce-31aad898d52d@group-91CED867EC48-LeaderElection37: Election REJECTED; received 2 response(s) [0cd5f69f-229b-4e24-9dce-31aad898d52d<-15de30e0-32e7-4789-867b-8c05fd0bfca2#0:FAIL-t37, 0cd5f69f-229b-4e24-9dce-31aad898d52d<-2f4845be-2264-4a1a-8a27-f958336e1da9#0:FAIL-t37] and 0 exception(s); 0cd5f69f-229b-4e24-9dce-31aad898d52d@group-91CED867EC48:t37, leader=null, voted=0cd5f69f-229b-4e24-9dce-31aad898d52d, raftlog=0cd5f69f-229b-4e24-9dce-31aad898d52d@group-91CED867EC48-SegmentedRaftLog:OPENED:c3,f4,i4, conf=0: [0cd5f69f-229b-4e24-9dce-31aad898d52d:192.168.157.195:33132, 15de30e0-32e7-4789-867b-8c05fd0bfca2:192.168.157.195:43624, 2f4845be-2264-4a1a-8a27-f958336e1da9:192.168.157.195:36753], old=null
2019-10-23 22:40:01,284 [0cd5f69f-229b-4e24-9dce-31aad898d52d@group-D44E3B3540EA-LeaderElection38] INFO  impl.RaftServerImpl (RaftServerImpl.java:setRole(184)) - 0cd5f69f-229b-4e24-9dce-31aad898d52d@group-D44E3B3540EA: changes role from CANDIDATE to LEADER at term 1 for changeToLeader
2019-10-23 22:40:01,284 [0cd5f69f-229b-4e24-9dce-31aad898d52d@group-91CED867EC48-LeaderElection37] INFO  impl.RaftServerImpl (RaftServerImpl.java:setRole(184)) - 0cd5f69f-229b-4e24-9dce-31aad898d52d@group-91CED867EC48: changes role from CANDIDATE to FOLLOWER at term 37 for DISCOVERED_A_NEW_TERM
2019-10-23 22:40:01,285 [0cd5f69f-229b-4e24-9dce-31aad898d52d@group-91CED867EC48-LeaderElection37] INFO  impl.RoleInfo (RoleInfo.java:shutdownLeaderElection(134)) - 0cd5f69f-229b-4e24-9dce-31aad898d52d: shutdown LeaderElection
2019-10-23 22:40:01,285 [0cd5f69f-229b-4e24-9dce-31aad898d52d@group-D44E3B3540EA-LeaderElection38] INFO  impl.RaftServerImpl (ServerState.java:setLeader(256)) - 0cd5f69f-229b-4e24-9dce-31aad898d52d@group-D44E3B3540EA: change Leader from null to 0cd5f69f-229b-4e24-9dce-31aad898d52d at term 1 for becomeLeader, leader elected after 57ms
2019-10-23 22:40:01,285 [0cd5f69f-229b-4e24-9dce-31aad898d52d@group-91CED867EC48-LeaderElection37] INFO  impl.RoleInfo (RoleInfo.java:updateAndGet(143)) - 0cd5f69f-229b-4e24-9dce-31aad898d52d: start FollowerState
2019-10-23 22:40:01,285 [0cd5f69f-229b-4e24-9dce-31aad898d52d@group-D44E3B3540EA-LeaderElection38] INFO  server.RaftServerConfigKeys (ConfUtils.java:logGet(43)) - raft.server.staging.catchup.gap = 1000 (default)
2019-10-23 22:40:01,285 [0cd5f69f-229b-4e24-9dce-31aad898d52d@group-D44E3B3540EA-LeaderElection38] INFO  server.RaftServerConfigKeys (ConfUtils.java:logGet(43)) - raft.server.rpc.sleep.time = 25ms (default)
2019-10-23 22:40:01,285 [0cd5f69f-229b-4e24-9dce-31aad898d52d@group-D44E3B3540EA-LeaderElection38] INFO  server.RaftServerConfigKeys (ConfUtils.java:logGet(43)) - raft.server.write.element-limit = 4096 (default)
2019-10-23 22:40:01,285 [0cd5f69f-229b-4e24-9dce-31aad898d52d@group-D44E3B3540EA-LeaderElection38] INFO  server.RaftServerConfigKeys (ConfUtils.java:logGet(43)) - raft.server.watch.timeout = 10s (default)
2019-10-23 22:40:01,286 [0cd5f69f-229b-4e24-9dce-31aad898d52d@group-D44E3B3540EA-LeaderElection38] INFO  server.RaftServerConfigKeys (ConfUtils.java:logGet(43)) - raft.server.watch.timeout.denomination = 1s (default)
2019-10-23 22:40:01,286 [0cd5f69f-229b-4e24-9dce-31aad898d52d@group-D44E3B3540EA-LeaderElection38] INFO  server.RaftServerConfigKeys (ConfUtils.java:logGet(43)) - raft.server.watch.element-limit = 65536 (default)
2019-10-23 22:40:01,288 [0cd5f69f-229b-4e24-9dce-31aad898d52d@group-D44E3B3540EA-LeaderElection38] INFO  server.RaftServerConfigKeys (ConfUtils.java:logGet(43)) - raft.server.log.appender.snapshot.chunk.size.max = 16MB (=16777216) (default)
2019-10-23 22:40:01,288 [0cd5f69f-229b-4e24-9dce-31aad898d52d@group-D44E3B3540EA-LeaderElection38] INFO  server.RaftServerConfigKeys (ConfUtils.java:logGet(43)) - raft.server.log.appender.buffer.byte-limit = 33554432 (custom)
2019-10-23 22:40:01,289 [0cd5f69f-229b-4e24-9dce-31aad898d52d@group-D44E3B3540EA-LeaderElection38] INFO  server.RaftServerConfigKeys (ConfUtils.java:logGet(43)) - raft.server.log.appender.buffer.element-limit = 1 (custom)
2019-10-23 22:40:01,289 [0cd5f69f-229b-4e24-9dce-31aad898d52d@group-D44E3B3540EA-LeaderElection38] INFO  grpc.GrpcConfigKeys$Server (ConfUtils.java:logGet(43)) - raft.grpc.server.leader.outstanding.appends.max = 128 (default)
2019-10-23 22:40:01,289 [0cd5f69f-229b-4e24-9dce-31aad898d52d@group-D44E3B3540EA-LeaderElection38] INFO  server.RaftServerConfigKeys (ConfUtils.java:logGet(43)) - raft.server.rpc.request.timeout = 3000ms (default)
2019-10-23 22:40:01,289 [0cd5f69f-229b-4e24-9dce-31aad898d52d@group-D44E3B3540EA-LeaderElection38] INFO  server.RaftServerConfigKeys (ConfUtils.java:logGet(43)) - raft.server.log.appender.install.snapshot.enabled = false (custom)
2019-10-23 22:40:01,291 [0cd5f69f-229b-4e24-9dce-31aad898d52d@group-D44E3B3540EA-LeaderElection38] INFO  server.RaftServerConfigKeys (ConfUtils.java:logGet(43)) - raft.server.log.appender.snapshot.chunk.size.max = 16MB (=16777216) (default)
2019-10-23 22:40:01,292 [0cd5f69f-229b-4e24-9dce-31aad898d52d@group-D44E3B3540EA-LeaderElection38] INFO  server.RaftServerConfigKeys (ConfUtils.java:logGet(43)) - raft.server.log.appender.buffer.byte-limit = 33554432 (custom)
2019-10-23 22:40:01,292 [0cd5f69f-229b-4e24-9dce-31aad898d52d@group-D44E3B3540EA-LeaderElection38] INFO  server.RaftServerConfigKeys (ConfUtils.java:logGet(43)) - raft.server.log.appender.buffer.element-limit = 1 (custom)
2019-10-23 22:40:01,292 [0cd5f69f-229b-4e24-9dce-31aad898d52d@group-D44E3B3540EA-LeaderElection38] INFO  grpc.GrpcConfigKeys$Server (ConfUtils.java:logGet(43)) - raft.grpc.server.leader.outstanding.appends.max = 128 (default)
2019-10-23 22:40:01,292 [0cd5f69f-229b-4e24-9dce-31aad898d52d@group-D44E3B3540EA-LeaderElection38] INFO  server.RaftServerConfigKeys (ConfUtils.java:logGet(43)) - raft.server.rpc.request.timeout = 3000ms (default)
2019-10-23 22:40:01,292 [0cd5f69f-229b-4e24-9dce-31aad898d52d@group-D44E3B3540EA-LeaderElection38] INFO  server.RaftServerConfigKeys (ConfUtils.java:logGet(43)) - raft.server.log.appender.install.snapshot.enabled = false (custom)
2019-10-23 22:40:01,295 [0cd5f69f-229b-4e24-9dce-31aad898d52d@group-D44E3B3540EA-LeaderElection38] INFO  impl.RoleInfo (RoleInfo.java:updateAndGet(143)) - 0cd5f69f-229b-4e24-9dce-31aad898d52d: start LeaderState
2019-10-23 22:40:01,295 [0cd5f69f-229b-4e24-9dce-31aad898d52d@group-D44E3B3540EA-LeaderElection38] INFO  segmented.SegmentedRaftLogWorker (SegmentedRaftLogWorker.java:startLogSegment(385)) - 0cd5f69f-229b-4e24-9dce-31aad898d52d@group-D44E3B3540EA-SegmentedRaftLogWorker: Starting segment from index:0
2019-10-23 22:40:01,296 [0cd5f69f-229b-4e24-9dce-31aad898d52d@group-D44E3B3540EA-LeaderElection38] INFO  impl.RaftServerImpl (ServerState.java:setRaftConf(357)) - 0cd5f69f-229b-4e24-9dce-31aad898d52d@group-D44E3B3540EA: set configuration 0: [0cd5f69f-229b-4e24-9dce-31aad898d52d:192.168.157.195:33132, 15de30e0-32e7-4789-867b-8c05fd0bfca2:192.168.157.195:43624, 2f4845be-2264-4a1a-8a27-f958336e1da9:192.168.157.195:36753], old=null at 0
2019-10-23 22:40:01,297 [15de30e0-32e7-4789-867b-8c05fd0bfca2@group-D44E3B3540EA-LeaderElection39] INFO  impl.LeaderElection (LeaderElection.java:askForVotes(178)) - 15de30e0-32e7-4789-867b-8c05fd0bfca2@group-D44E3B3540EA-LeaderElection39: begin an election at term 2 for -1: [0cd5f69f-229b-4e24-9dce-31aad898d52d:192.168.157.195:33132, 15de30e0-32e7-4789-867b-8c05fd0bfca2:192.168.157.195:43624, 2f4845be-2264-4a1a-8a27-f958336e1da9:192.168.157.195:36753], old=null
2019-10-23 22:40:01,320 [grpc-default-executor-3] INFO  impl.RaftServerImpl (ServerState.java:setLeader(256)) - 2f4845be-2264-4a1a-8a27-f958336e1da9@group-D44E3B3540EA: change Leader from null to 0cd5f69f-229b-4e24-9dce-31aad898d52d at term 1 for appendEntries, leader elected after 93ms
2019-10-23 22:40:01,320 [Thread-783] INFO  impl.FollowerState (FollowerState.java:run(108)) - 0cd5f69f-229b-4e24-9dce-31aad898d52d@group-668A4992C3EE-FollowerState: change to CANDIDATE, lastRpcTime:158ms, electionTimeout:141ms
2019-10-23 22:40:01,320 [Thread-783] INFO  impl.RoleInfo (RoleInfo.java:shutdownFollowerState(121)) - 0cd5f69f-229b-4e24-9dce-31aad898d52d: shutdown FollowerState
2019-10-23 22:40:01,320 [Thread-783] INFO  impl.RaftServerImpl (RaftServerImpl.java:setRole(184)) - 0cd5f69f-229b-4e24-9dce-31aad898d52d@group-668A4992C3EE: changes role from  FOLLOWER to CANDIDATE at term 0 for changeToCandidate
2019-10-23 22:40:01,320 [Thread-783] INFO  impl.RoleInfo (RoleInfo.java:updateAndGet(143)) - 0cd5f69f-229b-4e24-9dce-31aad898d52d: start LeaderElection
2019-10-23 22:40:01,323 [Thread-808] INFO  impl.FollowerState (FollowerState.java:run(108)) - 0cd5f69f-229b-4e24-9dce-31aad898d52d@group-91CED867EC48-FollowerState: change to CANDIDATE, lastRpcTime:38ms, electionTimeout:38ms
2019-10-23 22:40:01,323 [Thread-808] INFO  impl.RoleInfo (RoleInfo.java:shutdownFollowerState(121)) - 0cd5f69f-229b-4e24-9dce-31aad898d52d: shutdown FollowerState
2019-10-23 22:40:01,323 [Thread-808] INFO  impl.RaftServerImpl (RaftServerImpl.java:setRole(184)) - 0cd5f69f-229b-4e24-9dce-31aad898d52d@group-91CED867EC48: changes role from  FOLLOWER to CANDIDATE at term 37 for changeToCandidate
2019-10-23 22:40:01,323 [Thread-808] INFO  impl.RoleInfo (RoleInfo.java:updateAndGet(143)) - 0cd5f69f-229b-4e24-9dce-31aad898d52d: start LeaderElection
2019-10-23 22:40:01,327 [0cd5f69f-229b-4e24-9dce-31aad898d52d@group-D44E3B3540EA-SegmentedRaftLogWorker] INFO  segmented.SegmentedRaftLogWorker (SegmentedRaftLogWorker.java:execute(576)) - 0cd5f69f-229b-4e24-9dce-31aad898d52d@group-D44E3B3540EA-SegmentedRaftLogWorker: created new log segment /workdir/hadoop-ozone/integration-test/target/test-dir/MiniOzoneClusterImpl-da3a6117-6078-43df-8e08-80734442ab50/datanode-2/data/ratis/69c8fbd8-e6e1-46f2-ba2f-d44e3b3540ea/current/log_inprogress_0
2019-10-23 22:40:01,328 [grpc-default-executor-3] INFO  impl.RaftServerImpl (ServerState.java:setRaftConf(357)) - 2f4845be-2264-4a1a-8a27-f958336e1da9@group-D44E3B3540EA: set configuration 0: [0cd5f69f-229b-4e24-9dce-31aad898d52d:192.168.157.195:33132, 15de30e0-32e7-4789-867b-8c05fd0bfca2:192.168.157.195:43624, 2f4845be-2264-4a1a-8a27-f958336e1da9:192.168.157.195:36753], old=null at 0
2019-10-23 22:40:01,329 [0cd5f69f-229b-4e24-9dce-31aad898d52d@group-91CED867EC48-LeaderElection41] INFO  impl.LeaderElection (LeaderElection.java:askForVotes(178)) - 0cd5f69f-229b-4e24-9dce-31aad898d52d@group-91CED867EC48-LeaderElection41: begin an election at term 38 for 0: [0cd5f69f-229b-4e24-9dce-31aad898d52d:192.168.157.195:33132, 15de30e0-32e7-4789-867b-8c05fd0bfca2:192.168.157.195:43624, 2f4845be-2264-4a1a-8a27-f958336e1da9:192.168.157.195:36753], old=null
2019-10-23 22:40:01,329 [grpc-default-executor-3] INFO  segmented.SegmentedRaftLogWorker (SegmentedRaftLogWorker.java:startLogSegment(385)) - 2f4845be-2264-4a1a-8a27-f958336e1da9@group-D44E3B3540EA-SegmentedRaftLogWorker: Starting segment from index:0
2019-10-23 22:40:01,329 [0cd5f69f-229b-4e24-9dce-31aad898d52d@group-668A4992C3EE-LeaderElection40] INFO  impl.LeaderElection (LeaderElection.java:askForVotes(178)) - 0cd5f69f-229b-4e24-9dce-31aad898d52d@group-668A4992C3EE-LeaderElection40: begin an election at term 1 for -1: [0cd5f69f-229b-4e24-9dce-31aad898d52d:192.168.157.195:33132], old=null
2019-10-23 22:40:01,329 [0cd5f69f-229b-4e24-9dce-31aad898d52d@group-668A4992C3EE-LeaderElection40] INFO  impl.RoleInfo (RoleInfo.java:shutdownLeaderElection(134)) - 0cd5f69f-229b-4e24-9dce-31aad898d52d: shutdown LeaderElection
2019-10-23 22:40:01,329 [0cd5f69f-229b-4e24-9dce-31aad898d52d@group-668A4992C3EE-LeaderElection40] INFO  impl.RaftServerImpl (RaftServerImpl.java:setRole(184)) - 0cd5f69f-229b-4e24-9dce-31aad898d52d@group-668A4992C3EE: changes role from CANDIDATE to LEADER at term 1 for changeToLeader
2019-10-23 22:40:01,329 [0cd5f69f-229b-4e24-9dce-31aad898d52d@group-668A4992C3EE-LeaderElection40] INFO  impl.RaftServerImpl (ServerState.java:setLeader(256)) - 0cd5f69f-229b-4e24-9dce-31aad898d52d@group-668A4992C3EE: change Leader from null to 0cd5f69f-229b-4e24-9dce-31aad898d52d at term 1 for becomeLeader, leader elected after 174ms
2019-10-23 22:40:01,330 [0cd5f69f-229b-4e24-9dce-31aad898d52d@group-668A4992C3EE-LeaderElection40] INFO  server.RaftServerConfigKeys (ConfUtils.java:logGet(43)) - raft.server.staging.catchup.gap = 1000 (default)
2019-10-23 22:40:01,330 [Thread-809] INFO  impl.RaftServerImpl (ServerState.java:setLeader(256)) - 0cd5f69f-229b-4e24-9dce-31aad898d52d@group-D44E3B3540EA: change Leader from 0cd5f69f-229b-4e24-9dce-31aad898d52d to null at term 2 for updateCurrentTerm
2019-10-23 22:40:01,330 [0cd5f69f-229b-4e24-9dce-31aad898d52d@group-668A4992C3EE-LeaderElection40] INFO  server.RaftServerConfigKeys (ConfUtils.java:logGet(43)) - raft.server.rpc.sleep.time = 25ms (default)
2019-10-23 22:40:01,330 [Thread-809] INFO  impl.RaftServerImpl (RaftServerImpl.java:setRole(184)) - 0cd5f69f-229b-4e24-9dce-31aad898d52d@group-D44E3B3540EA: changes role from    LEADER to FOLLOWER at term 2 for stepDown
2019-10-23 22:40:01,330 [0cd5f69f-229b-4e24-9dce-31aad898d52d@group-668A4992C3EE-LeaderElection40] INFO  server.RaftServerConfigKeys (ConfUtils.java:logGet(43)) - raft.server.write.element-limit = 4096 (default)
2019-10-23 22:40:01,330 [Thread-809] INFO  impl.RoleInfo (RoleInfo.java:shutdownLeaderState(104)) - 0cd5f69f-229b-4e24-9dce-31aad898d52d: shutdown LeaderState
2019-10-23 22:40:01,330 [0cd5f69f-229b-4e24-9dce-31aad898d52d@group-668A4992C3EE-LeaderElection40] INFO  server.RaftServerConfigKeys (ConfUtils.java:logGet(43)) - raft.server.watch.timeout = 10s (default)
2019-10-23 22:40:01,356 [Thread-809] INFO  impl.PendingRequests (PendingRequests.java:sendNotLeaderResponses(202)) - 0cd5f69f-229b-4e24-9dce-31aad898d52d@group-D44E3B3540EA-PendingRequests: sendNotLeaderResponses
2019-10-23 22:40:01,356 [org.apache.ratis.server.impl.LogAppender$AppenderDaemon$$Lambda$437/734435917@19fa3e33] WARN  server.GrpcLogAppender (GrpcLogAppender.java:mayWait(149)) - 0cd5f69f-229b-4e24-9dce-31aad898d52d@group-D44E3B3540EA->2f4845be-2264-4a1a-8a27-f958336e1da9-GrpcLogAppender: Wait interrupted by java.lang.InterruptedException
2019-10-23 22:40:01,357 [0cd5f69f-229b-4e24-9dce-31aad898d52d@group-668A4992C3EE-LeaderElection40] INFO  server.RaftServerConfigKeys (ConfUtils.java:logGet(43)) - raft.server.watch.timeout.denomination = 1s (default)
2019-10-23 22:40:01,357 [org.apache.ratis.server.impl.LogAppender$AppenderDaemon$$Lambda$437/734435917@2898f146] WARN  server.GrpcLogAppender (GrpcLogAppender.java:mayWait(149)) - 0cd5f69f-229b-4e24-9dce-31aad898d52d@group-D44E3B3540EA->15de30e0-32e7-4789-867b-8c05fd0bfca2-GrpcLogAppender: Wait interrupted by java.lang.InterruptedException
2019-10-23 22:40:01,357 [0cd5f69f-229b-4e24-9dce-31aad898d52d@group-668A4992C3EE-LeaderElection40] INFO  server.RaftServerConfigKeys (ConfUtils.java:logGet(43)) - raft.server.watch.element-limit = 65536 (default)
2019-10-23 22:40:01,357 [Thread-809] INFO  impl.RoleInfo (RoleInfo.java:updateAndGet(143)) - 0cd5f69f-229b-4e24-9dce-31aad898d52d: start FollowerState
2019-10-23 22:40:01,358 [grpc-default-executor-3] INFO  impl.RaftServerImpl (RaftServerImpl.java:setRole(184)) - 15de30e0-32e7-4789-867b-8c05fd0bfca2@group-91CED867EC48: changes role from  FOLLOWER to FOLLOWER at term 38 for recognizeCandidate:0cd5f69f-229b-4e24-9dce-31aad898d52d
2019-10-23 22:40:01,358 [grpc-default-executor-4] INFO  server.GrpcServerProtocolService (GrpcServerProtocolService.java:onCompleted(113)) - 15de30e0-32e7-4789-867b-8c05fd0bfca2: Completed APPEND_ENTRIES, lastRequest: 0cd5f69f-229b-4e24-9dce-31aad898d52d->15de30e0-32e7-4789-867b-8c05fd0bfca2#0-t1, previous=(t:0, i:0), leaderCommit=-1, initializing? false, entries: <empty>
2019-10-23 22:40:01,358 [grpc-default-executor-6] INFO  server.GrpcServerProtocolService (GrpcServerProtocolService.java:onCompleted(113)) - 2f4845be-2264-4a1a-8a27-f958336e1da9: Completed APPEND_ENTRIES, lastRequest: 0cd5f69f-229b-4e24-9dce-31aad898d52d->2f4845be-2264-4a1a-8a27-f958336e1da9#1-t1, previous=(t:0, i:0), leaderCommit=-1, initializing? false, entries: size=1, first=(t:1, i:0), CONFIGURATIONENTRY
2019-10-23 22:40:01,358 [grpc-default-executor-1] INFO  impl.RaftServerImpl (RaftServerImpl.java:setRole(184)) - 2f4845be-2264-4a1a-8a27-f958336e1da9@group-91CED867EC48: changes role from  FOLLOWER to FOLLOWER at term 38 for recognizeCandidate:0cd5f69f-229b-4e24-9dce-31aad898d52d
2019-10-23 22:40:01,358 [grpc-default-executor-3] INFO  impl.RoleInfo (RoleInfo.java:shutdownFollowerState(121)) - 15de30e0-32e7-4789-867b-8c05fd0bfca2: shutdown FollowerState
2019-10-23 22:40:01,359 [grpc-default-executor-1] INFO  impl.RoleInfo (RoleInfo.java:shutdownFollowerState(121)) - 2f4845be-2264-4a1a-8a27-f958336e1da9: shutdown FollowerState
2019-10-23 22:40:01,359 [grpc-default-executor-3] INFO  impl.RoleInfo (RoleInfo.java:updateAndGet(143)) - 15de30e0-32e7-4789-867b-8c05fd0bfca2: start FollowerState
2019-10-23 22:40:01,359 [Thread-803] INFO  impl.FollowerState (FollowerState.java:run(117)) - 15de30e0-32e7-4789-867b-8c05fd0bfca2@group-91CED867EC48-FollowerState was interrupted: java.lang.InterruptedException: sleep interrupted
2019-10-23 22:40:01,359 [grpc-default-executor-7] INFO  server.GrpcLogAppender (GrpcLogAppender.java:onCompleted(308)) - 0cd5f69f-229b-4e24-9dce-31aad898d52d@group-D44E3B3540EA->2f4845be-2264-4a1a-8a27-f958336e1da9-AppendLogResponseHandler: follower responses appendEntries COMPLETED
2019-10-23 22:40:01,360 [grpc-default-executor-1] INFO  impl.RoleInfo (RoleInfo.java:updateAndGet(143)) - 2f4845be-2264-4a1a-8a27-f958336e1da9: start FollowerState
2019-10-23 22:40:01,360 [grpc-default-executor-4] INFO  server.GrpcLogAppender (GrpcLogAppender.java:onCompleted(308)) - 0cd5f69f-229b-4e24-9dce-31aad898d52d@group-D44E3B3540EA->15de30e0-32e7-4789-867b-8c05fd0bfca2-AppendLogResponseHandler: follower responses appendEntries COMPLETED
2019-10-23 22:40:01,359 [grpc-default-executor-6] INFO  impl.RaftServerImpl (ServerState.java:setLeader(256)) - 2f4845be-2264-4a1a-8a27-f958336e1da9@group-D44E3B3540EA: change Leader from 0cd5f69f-229b-4e24-9dce-31aad898d52d to null at term 2 for updateCurrentTerm
2019-10-23 22:40:01,359 [Thread-804] INFO  impl.FollowerState (FollowerState.java:run(117)) - 2f4845be-2264-4a1a-8a27-f958336e1da9@group-91CED867EC48-FollowerState was interrupted: java.lang.InterruptedException: sleep interrupted
2019-10-23 22:40:01,362 [grpc-default-executor-6] INFO  impl.RaftServerImpl (RaftServerImpl.java:setRole(184)) - 2f4845be-2264-4a1a-8a27-f958336e1da9@group-D44E3B3540EA: changes role from  FOLLOWER to FOLLOWER at term 2 for recognizeCandidate:15de30e0-32e7-4789-867b-8c05fd0bfca2
2019-10-23 22:40:01,362 [0cd5f69f-229b-4e24-9dce-31aad898d52d@group-668A4992C3EE-LeaderElection40] INFO  impl.RoleInfo (RoleInfo.java:updateAndGet(143)) - 0cd5f69f-229b-4e24-9dce-31aad898d52d: start LeaderState
2019-10-23 22:40:01,361 [EventQueue-PendingDeleteStatusForPendingDeleteHandler] INFO  block.SCMBlockDeletingService (SCMBlockDeletingService.java:handlePendingDeletes(115)) - Block deletion txnID mismatch in datanode 0cd5f69f-229b-4e24-9dce-31aad898d52d for containerID 1. Datanode delete txnID: 0, SCM txnID: 1
2019-10-23 22:40:01,362 [0cd5f69f-229b-4e24-9dce-31aad898d52d@group-668A4992C3EE-LeaderElection40] INFO  segmented.SegmentedRaftLogWorker (SegmentedRaftLogWorker.java:startLogSegment(385)) - 0cd5f69f-229b-4e24-9dce-31aad898d52d@group-668A4992C3EE-SegmentedRaftLogWorker: Starting segment from index:0
2019-10-23 22:40:01,362 [grpc-default-executor-6] INFO  impl.RoleInfo (RoleInfo.java:shutdownFollowerState(121)) - 2f4845be-2264-4a1a-8a27-f958336e1da9: shutdown FollowerState
2019-10-23 22:40:01,363 [Thread-805] INFO  impl.FollowerState (FollowerState.java:run(117)) - 2f4845be-2264-4a1a-8a27-f958336e1da9@group-D44E3B3540EA-FollowerState was interrupted: java.lang.InterruptedException: sleep interrupted
2019-10-23 22:40:01,363 [grpc-default-executor-6] INFO  impl.RoleInfo (RoleInfo.java:updateAndGet(143)) - 2f4845be-2264-4a1a-8a27-f958336e1da9: start FollowerState
2019-10-23 22:40:01,363 [0cd5f69f-229b-4e24-9dce-31aad898d52d@group-668A4992C3EE-LeaderElection40] INFO  impl.RaftServerImpl (ServerState.java:setRaftConf(357)) - 0cd5f69f-229b-4e24-9dce-31aad898d52d@group-668A4992C3EE: set configuration 0: [0cd5f69f-229b-4e24-9dce-31aad898d52d:192.168.157.195:33132], old=null at 0
2019-10-23 22:40:01,371 [2f4845be-2264-4a1a-8a27-f958336e1da9@group-D44E3B3540EA-SegmentedRaftLogWorker] INFO  segmented.SegmentedRaftLogWorker (SegmentedRaftLogWorker.java:execute(576)) - 2f4845be-2264-4a1a-8a27-f958336e1da9@group-D44E3B3540EA-SegmentedRaftLogWorker: created new log segment /workdir/hadoop-ozone/integration-test/target/test-dir/MiniOzoneClusterImpl-da3a6117-6078-43df-8e08-80734442ab50/datanode-1/data/ratis/69c8fbd8-e6e1-46f2-ba2f-d44e3b3540ea/current/log_inprogress_0
2019-10-23 22:40:01,388 [grpc-default-executor-5] INFO  impl.RaftServerImpl (RaftServerImpl.java:setRole(184)) - 0cd5f69f-229b-4e24-9dce-31aad898d52d@group-D44E3B3540EA: changes role from  FOLLOWER to FOLLOWER at term 2 for recognizeCandidate:15de30e0-32e7-4789-867b-8c05fd0bfca2
2019-10-23 22:40:01,388 [grpc-default-executor-5] INFO  impl.RoleInfo (RoleInfo.java:shutdownFollowerState(121)) - 0cd5f69f-229b-4e24-9dce-31aad898d52d: shutdown FollowerState
2019-10-23 22:40:01,388 [grpc-default-executor-5] INFO  impl.RoleInfo (RoleInfo.java:updateAndGet(143)) - 0cd5f69f-229b-4e24-9dce-31aad898d52d: start FollowerState
2019-10-23 22:40:01,388 [Thread-822] INFO  impl.FollowerState (FollowerState.java:run(117)) - 0cd5f69f-229b-4e24-9dce-31aad898d52d@group-D44E3B3540EA-FollowerState was interrupted: java.lang.InterruptedException: sleep interrupted
2019-10-23 22:40:01,391 [grpc-default-executor-7] INFO  impl.FollowerInfo (FollowerInfo.java:lambda$new$0(51)) - 0cd5f69f-229b-4e24-9dce-31aad898d52d@group-D44E3B3540EA->2f4845be-2264-4a1a-8a27-f958336e1da9: nextIndex: updateUnconditionally 1 -> 0
2019-10-23 22:40:01,392 [15de30e0-32e7-4789-867b-8c05fd0bfca2@group-D44E3B3540EA-LeaderElection39] INFO  impl.LeaderElection (LeaderElection.java:logAndReturn(56)) - 15de30e0-32e7-4789-867b-8c05fd0bfca2@group-D44E3B3540EA-LeaderElection39: Election REJECTED; received 2 response(s) [15de30e0-32e7-4789-867b-8c05fd0bfca2<-0cd5f69f-229b-4e24-9dce-31aad898d52d#0:FAIL-t2, 15de30e0-32e7-4789-867b-8c05fd0bfca2<-2f4845be-2264-4a1a-8a27-f958336e1da9#0:FAIL-t2] and 0 exception(s); 15de30e0-32e7-4789-867b-8c05fd0bfca2@group-D44E3B3540EA:t2, leader=null, voted=15de30e0-32e7-4789-867b-8c05fd0bfca2, raftlog=15de30e0-32e7-4789-867b-8c05fd0bfca2@group-D44E3B3540EA-SegmentedRaftLog:OPENED:c-1,f-1,i0, conf=-1: [0cd5f69f-229b-4e24-9dce-31aad898d52d:192.168.157.195:33132, 15de30e0-32e7-4789-867b-8c05fd0bfca2:192.168.157.195:43624, 2f4845be-2264-4a1a-8a27-f958336e1da9:192.168.157.195:36753], old=null
2019-10-23 22:40:01,393 [15de30e0-32e7-4789-867b-8c05fd0bfca2@group-D44E3B3540EA-LeaderElection39] INFO  impl.RaftServerImpl (RaftServerImpl.java:setRole(184)) - 15de30e0-32e7-4789-867b-8c05fd0bfca2@group-D44E3B3540EA: changes role from CANDIDATE to FOLLOWER at term 2 for DISCOVERED_A_NEW_TERM
2019-10-23 22:40:01,393 [0cd5f69f-229b-4e24-9dce-31aad898d52d@group-91CED867EC48-LeaderElection41] INFO  impl.LeaderElection (LeaderElection.java:logAndReturn(56)) - 0cd5f69f-229b-4e24-9dce-31aad898d52d@group-91CED867EC48-LeaderElection41: Election REJECTED; received 2 response(s) [0cd5f69f-229b-4e24-9dce-31aad898d52d<-15de30e0-32e7-4789-867b-8c05fd0bfca2#0:FAIL-t38, 0cd5f69f-229b-4e24-9dce-31aad898d52d<-2f4845be-2264-4a1a-8a27-f958336e1da9#0:FAIL-t38] and 0 exception(s); 0cd5f69f-229b-4e24-9dce-31aad898d52d@group-91CED867EC48:t38, leader=null, voted=0cd5f69f-229b-4e24-9dce-31aad898d52d, raftlog=0cd5f69f-229b-4e24-9dce-31aad898d52d@group-91CED867EC48-SegmentedRaftLog:OPENED:c3,f4,i4, conf=0: [0cd5f69f-229b-4e24-9dce-31aad898d52d:192.168.157.195:33132, 15de30e0-32e7-4789-867b-8c05fd0bfca2:192.168.157.195:43624, 2f4845be-2264-4a1a-8a27-f958336e1da9:192.168.157.195:36753], old=null
2019-10-23 22:40:01,393 [grpc-default-executor-4] INFO  impl.FollowerInfo (FollowerInfo.java:lambda$new$0(51)) - 0cd5f69f-229b-4e24-9dce-31aad898d52d@group-D44E3B3540EA->15de30e0-32e7-4789-867b-8c05fd0bfca2: nextIndex: updateUnconditionally 0 -> 0
2019-10-23 22:40:01,393 [15de30e0-32e7-4789-867b-8c05fd0bfca2@group-D44E3B3540EA-LeaderElection39] INFO  impl.RoleInfo (RoleInfo.java:shutdownLeaderElection(134)) - 15de30e0-32e7-4789-867b-8c05fd0bfca2: shutdown LeaderElection
2019-10-23 22:40:01,393 [0cd5f69f-229b-4e24-9dce-31aad898d52d@group-91CED867EC48-LeaderElection41] INFO  impl.RaftServerImpl (RaftServerImpl.java:setRole(184)) - 0cd5f69f-229b-4e24-9dce-31aad898d52d@group-91CED867EC48: changes role from CANDIDATE to FOLLOWER at term 38 for DISCOVERED_A_NEW_TERM
2019-10-23 22:40:01,393 [15de30e0-32e7-4789-867b-8c05fd0bfca2@group-D44E3B3540EA-LeaderElection39] INFO  impl.RoleInfo (RoleInfo.java:updateAndGet(143)) - 15de30e0-32e7-4789-867b-8c05fd0bfca2: start FollowerState
2019-10-23 22:40:01,393 [0cd5f69f-229b-4e24-9dce-31aad898d52d@group-91CED867EC48-LeaderElection41] INFO  impl.RoleInfo (RoleInfo.java:shutdownLeaderElection(134)) - 0cd5f69f-229b-4e24-9dce-31aad898d52d: shutdown LeaderElection
2019-10-23 22:40:01,394 [0cd5f69f-229b-4e24-9dce-31aad898d52d@group-91CED867EC48-LeaderElection41] INFO  impl.RoleInfo (RoleInfo.java:updateAndGet(143)) - 0cd5f69f-229b-4e24-9dce-31aad898d52d: start FollowerState
2019-10-23 22:40:01,401 [0cd5f69f-229b-4e24-9dce-31aad898d52d@group-668A4992C3EE-SegmentedRaftLogWorker] INFO  segmented.SegmentedRaftLogWorker (SegmentedRaftLogWorker.java:execute(576)) - 0cd5f69f-229b-4e24-9dce-31aad898d52d@group-668A4992C3EE-SegmentedRaftLogWorker: created new log segment /workdir/hadoop-ozone/integration-test/target/test-dir/MiniOzoneClusterImpl-da3a6117-6078-43df-8e08-80734442ab50/datanode-2/data/ratis/d9dcff2e-7df0-4951-9843-668a4992c3ee/current/log_inprogress_0
2019-10-23 22:40:01,443 [Thread-828] INFO  impl.FollowerState (FollowerState.java:run(108)) - 0cd5f69f-229b-4e24-9dce-31aad898d52d@group-91CED867EC48-FollowerState: change to CANDIDATE, lastRpcTime:49ms, electionTimeout:49ms
2019-10-23 22:40:01,443 [Thread-828] INFO  impl.RoleInfo (RoleInfo.java:shutdownFollowerState(121)) - 0cd5f69f-229b-4e24-9dce-31aad898d52d: shutdown FollowerState
2019-10-23 22:40:01,443 [Thread-828] INFO  impl.RaftServerImpl (RaftServerImpl.java:setRole(184)) - 0cd5f69f-229b-4e24-9dce-31aad898d52d@group-91CED867EC48: changes role from  FOLLOWER to CANDIDATE at term 38 for changeToCandidate
2019-10-23 22:40:01,444 [Thread-828] INFO  impl.RoleInfo (RoleInfo.java:updateAndGet(143)) - 0cd5f69f-229b-4e24-9dce-31aad898d52d: start LeaderElection
2019-10-23 22:40:01,457 [0cd5f69f-229b-4e24-9dce-31aad898d52d@group-91CED867EC48-LeaderElection42] INFO  impl.LeaderElection (LeaderElection.java:askForVotes(178)) - 0cd5f69f-229b-4e24-9dce-31aad898d52d@group-91CED867EC48-LeaderElection42: begin an election at term 39 for 0: [0cd5f69f-229b-4e24-9dce-31aad898d52d:192.168.157.195:33132, 15de30e0-32e7-4789-867b-8c05fd0bfca2:192.168.157.195:43624, 2f4845be-2264-4a1a-8a27-f958336e1da9:192.168.157.195:36753], old=null
2019-10-23 22:40:01,469 [grpc-default-executor-4] INFO  impl.RaftServerImpl (RaftServerImpl.java:setRole(184)) - 2f4845be-2264-4a1a-8a27-f958336e1da9@group-91CED867EC48: changes role from  FOLLOWER to FOLLOWER at term 39 for recognizeCandidate:0cd5f69f-229b-4e24-9dce-31aad898d52d
2019-10-23 22:40:01,469 [grpc-default-executor-7] INFO  impl.RaftServerImpl (RaftServerImpl.java:setRole(184)) - 15de30e0-32e7-4789-867b-8c05fd0bfca2@group-91CED867EC48: changes role from  FOLLOWER to FOLLOWER at term 39 for recognizeCandidate:0cd5f69f-229b-4e24-9dce-31aad898d52d
2019-10-23 22:40:01,469 [grpc-default-executor-4] INFO  impl.RoleInfo (RoleInfo.java:shutdownFollowerState(121)) - 2f4845be-2264-4a1a-8a27-f958336e1da9: shutdown FollowerState
2019-10-23 22:40:01,469 [grpc-default-executor-7] INFO  impl.RoleInfo (RoleInfo.java:shutdownFollowerState(121)) - 15de30e0-32e7-4789-867b-8c05fd0bfca2: shutdown FollowerState
2019-10-23 22:40:01,469 [grpc-default-executor-4] INFO  impl.RoleInfo (RoleInfo.java:updateAndGet(143)) - 2f4845be-2264-4a1a-8a27-f958336e1da9: start FollowerState
2019-10-23 22:40:01,470 [grpc-default-executor-7] INFO  impl.RoleInfo (RoleInfo.java:updateAndGet(143)) - 15de30e0-32e7-4789-867b-8c05fd0bfca2: start FollowerState
2019-10-23 22:40:01,470 [Thread-823] INFO  impl.FollowerState (FollowerState.java:run(117)) - 15de30e0-32e7-4789-867b-8c05fd0bfca2@group-91CED867EC48-FollowerState was interrupted: java.lang.InterruptedException: sleep interrupted
2019-10-23 22:40:01,469 [Thread-824] INFO  impl.FollowerState (FollowerState.java:run(117)) - 2f4845be-2264-4a1a-8a27-f958336e1da9@group-91CED867EC48-FollowerState was interrupted: java.lang.InterruptedException: sleep interrupted
2019-10-23 22:40:01,494 [0cd5f69f-229b-4e24-9dce-31aad898d52d@group-91CED867EC48-LeaderElection42] INFO  impl.LeaderElection (LeaderElection.java:logAndReturn(56)) - 0cd5f69f-229b-4e24-9dce-31aad898d52d@group-91CED867EC48-LeaderElection42: Election REJECTED; received 2 response(s) [0cd5f69f-229b-4e24-9dce-31aad898d52d<-15de30e0-32e7-4789-867b-8c05fd0bfca2#0:FAIL-t39, 0cd5f69f-229b-4e24-9dce-31aad898d52d<-2f4845be-2264-4a1a-8a27-f958336e1da9#0:FAIL-t39] and 0 exception(s); 0cd5f69f-229b-4e24-9dce-31aad898d52d@group-91CED867EC48:t39, leader=null, voted=0cd5f69f-229b-4e24-9dce-31aad898d52d, raftlog=0cd5f69f-229b-4e24-9dce-31aad898d52d@group-91CED867EC48-SegmentedRaftLog:OPENED:c3,f4,i4, conf=0: [0cd5f69f-229b-4e24-9dce-31aad898d52d:192.168.157.195:33132, 15de30e0-32e7-4789-867b-8c05fd0bfca2:192.168.157.195:43624, 2f4845be-2264-4a1a-8a27-f958336e1da9:192.168.157.195:36753], old=null
2019-10-23 22:40:01,494 [0cd5f69f-229b-4e24-9dce-31aad898d52d@group-91CED867EC48-LeaderElection42] INFO  impl.RaftServerImpl (RaftServerImpl.java:setRole(184)) - 0cd5f69f-229b-4e24-9dce-31aad898d52d@group-91CED867EC48: changes role from CANDIDATE to FOLLOWER at term 39 for DISCOVERED_A_NEW_TERM
2019-10-23 22:40:01,494 [0cd5f69f-229b-4e24-9dce-31aad898d52d@group-91CED867EC48-LeaderElection42] INFO  impl.RoleInfo (RoleInfo.java:shutdownLeaderElection(134)) - 0cd5f69f-229b-4e24-9dce-31aad898d52d: shutdown LeaderElection
2019-10-23 22:40:01,494 [0cd5f69f-229b-4e24-9dce-31aad898d52d@group-91CED867EC48-LeaderElection42] INFO  impl.RoleInfo (RoleInfo.java:updateAndGet(143)) - 0cd5f69f-229b-4e24-9dce-31aad898d52d: start FollowerState
2019-10-23 22:40:01,540 [Thread-835] INFO  impl.FollowerState (FollowerState.java:run(108)) - 0cd5f69f-229b-4e24-9dce-31aad898d52d@group-91CED867EC48-FollowerState: change to CANDIDATE, lastRpcTime:46ms, electionTimeout:46ms
2019-10-23 22:40:01,541 [Thread-835] INFO  impl.RoleInfo (RoleInfo.java:shutdownFollowerState(121)) - 0cd5f69f-229b-4e24-9dce-31aad898d52d: shutdown FollowerState
2019-10-23 22:40:01,541 [Thread-835] INFO  impl.RaftServerImpl (RaftServerImpl.java:setRole(184)) - 0cd5f69f-229b-4e24-9dce-31aad898d52d@group-91CED867EC48: changes role from  FOLLOWER to CANDIDATE at term 39 for changeToCandidate
2019-10-23 22:40:01,541 [Thread-835] INFO  impl.RoleInfo (RoleInfo.java:updateAndGet(143)) - 0cd5f69f-229b-4e24-9dce-31aad898d52d: start LeaderElection
2019-10-23 22:40:01,543 [Thread-827] INFO  impl.FollowerState (FollowerState.java:run(108)) - 15de30e0-32e7-4789-867b-8c05fd0bfca2@group-D44E3B3540EA-FollowerState: change to CANDIDATE, lastRpcTime:149ms, electionTimeout:149ms
2019-10-23 22:40:01,543 [Thread-827] INFO  impl.RoleInfo (RoleInfo.java:shutdownFollowerState(121)) - 15de30e0-32e7-4789-867b-8c05fd0bfca2: shutdown FollowerState
2019-10-23 22:40:01,543 [Thread-827] INFO  impl.RaftServerImpl (RaftServerImpl.java:setRole(184)) - 15de30e0-32e7-4789-867b-8c05fd0bfca2@group-D44E3B3540EA: changes role from  FOLLOWER to CANDIDATE at term 2 for changeToCandidate
2019-10-23 22:40:01,543 [Thread-827] INFO  impl.RoleInfo (RoleInfo.java:updateAndGet(143)) - 15de30e0-32e7-4789-867b-8c05fd0bfca2: start LeaderElection
2019-10-23 22:40:01,555 [0cd5f69f-229b-4e24-9dce-31aad898d52d@group-91CED867EC48-LeaderElection43] INFO  impl.LeaderElection (LeaderElection.java:askForVotes(178)) - 0cd5f69f-229b-4e24-9dce-31aad898d52d@group-91CED867EC48-LeaderElection43: begin an election at term 40 for 0: [0cd5f69f-229b-4e24-9dce-31aad898d52d:192.168.157.195:33132, 15de30e0-32e7-4789-867b-8c05fd0bfca2:192.168.157.195:43624, 2f4845be-2264-4a1a-8a27-f958336e1da9:192.168.157.195:36753], old=null
2019-10-23 22:40:01,555 [15de30e0-32e7-4789-867b-8c05fd0bfca2@group-D44E3B3540EA-LeaderElection44] INFO  impl.LeaderElection (LeaderElection.java:askForVotes(178)) - 15de30e0-32e7-4789-867b-8c05fd0bfca2@group-D44E3B3540EA-LeaderElection44: begin an election at term 3 for -1: [0cd5f69f-229b-4e24-9dce-31aad898d52d:192.168.157.195:33132, 15de30e0-32e7-4789-867b-8c05fd0bfca2:192.168.157.195:43624, 2f4845be-2264-4a1a-8a27-f958336e1da9:192.168.157.195:36753], old=null
2019-10-23 22:40:01,558 [grpc-default-executor-4] INFO  impl.RaftServerImpl (RaftServerImpl.java:setRole(184)) - 2f4845be-2264-4a1a-8a27-f958336e1da9@group-91CED867EC48: changes role from  FOLLOWER to FOLLOWER at term 40 for recognizeCandidate:0cd5f69f-229b-4e24-9dce-31aad898d52d
2019-10-23 22:40:01,558 [grpc-default-executor-4] INFO  impl.RoleInfo (RoleInfo.java:shutdownFollowerState(121)) - 2f4845be-2264-4a1a-8a27-f958336e1da9: shutdown FollowerState
2019-10-23 22:40:01,558 [grpc-default-executor-4] INFO  impl.RoleInfo (RoleInfo.java:updateAndGet(143)) - 2f4845be-2264-4a1a-8a27-f958336e1da9: start FollowerState
2019-10-23 22:40:01,558 [grpc-default-executor-7] INFO  impl.RaftServerImpl (RaftServerImpl.java:setRole(184)) - 15de30e0-32e7-4789-867b-8c05fd0bfca2@group-91CED867EC48: changes role from  FOLLOWER to FOLLOWER at term 40 for recognizeCandidate:0cd5f69f-229b-4e24-9dce-31aad898d52d
2019-10-23 22:40:01,558 [Thread-833] INFO  impl.FollowerState (FollowerState.java:run(117)) - 2f4845be-2264-4a1a-8a27-f958336e1da9@group-91CED867EC48-FollowerState was interrupted: java.lang.InterruptedException: sleep interrupted
2019-10-23 22:40:01,559 [grpc-default-executor-7] INFO  impl.RoleInfo (RoleInfo.java:shutdownFollowerState(121)) - 15de30e0-32e7-4789-867b-8c05fd0bfca2: shutdown FollowerState
2019-10-23 22:40:01,559 [grpc-default-executor-5] INFO  impl.RaftServerImpl (RaftServerImpl.java:setRole(184)) - 2f4845be-2264-4a1a-8a27-f958336e1da9@group-D44E3B3540EA: changes role from  FOLLOWER to FOLLOWER at term 3 for recognizeCandidate:15de30e0-32e7-4789-867b-8c05fd0bfca2
2019-10-23 22:40:01,559 [Thread-834] INFO  impl.FollowerState (FollowerState.java:run(117)) - 15de30e0-32e7-4789-867b-8c05fd0bfca2@group-91CED867EC48-FollowerState was interrupted: java.lang.InterruptedException: sleep interrupted
2019-10-23 22:40:01,559 [grpc-default-executor-7] INFO  impl.RoleInfo (RoleInfo.java:updateAndGet(143)) - 15de30e0-32e7-4789-867b-8c05fd0bfca2: start FollowerState
2019-10-23 22:40:01,559 [grpc-default-executor-5] INFO  impl.RoleInfo (RoleInfo.java:shutdownFollowerState(121)) - 2f4845be-2264-4a1a-8a27-f958336e1da9: shutdown FollowerState
2019-10-23 22:40:01,559 [Thread-825] INFO  impl.FollowerState (FollowerState.java:run(117)) - 2f4845be-2264-4a1a-8a27-f958336e1da9@group-D44E3B3540EA-FollowerState was interrupted: java.lang.InterruptedException: sleep interrupted
2019-10-23 22:40:01,559 [grpc-default-executor-5] INFO  impl.RoleInfo (RoleInfo.java:updateAndGet(143)) - 2f4845be-2264-4a1a-8a27-f958336e1da9: start FollowerState
2019-10-23 22:40:01,560 [grpc-default-executor-6] INFO  impl.RaftServerImpl (RaftServerImpl.java:setRole(184)) - 0cd5f69f-229b-4e24-9dce-31aad898d52d@group-D44E3B3540EA: changes role from  FOLLOWER to FOLLOWER at term 3 for recognizeCandidate:15de30e0-32e7-4789-867b-8c05fd0bfca2
2019-10-23 22:40:01,560 [grpc-default-executor-6] INFO  impl.RoleInfo (RoleInfo.java:shutdownFollowerState(121)) - 0cd5f69f-229b-4e24-9dce-31aad898d52d: shutdown FollowerState
2019-10-23 22:40:01,560 [Thread-826] INFO  impl.FollowerState (FollowerState.java:run(117)) - 0cd5f69f-229b-4e24-9dce-31aad898d52d@group-D44E3B3540EA-FollowerState was interrupted: java.lang.InterruptedException: sleep interrupted
2019-10-23 22:40:01,560 [grpc-default-executor-6] INFO  impl.RoleInfo (RoleInfo.java:updateAndGet(143)) - 0cd5f69f-229b-4e24-9dce-31aad898d52d: start FollowerState
2019-10-23 22:40:01,596 [15de30e0-32e7-4789-867b-8c05fd0bfca2@group-D44E3B3540EA-LeaderElection44] INFO  impl.LeaderElection (LeaderElection.java:logAndReturn(56)) - 15de30e0-32e7-4789-867b-8c05fd0bfca2@group-D44E3B3540EA-LeaderElection44: Election REJECTED; received 2 response(s) [15de30e0-32e7-4789-867b-8c05fd0bfca2<-0cd5f69f-229b-4e24-9dce-31aad898d52d#0:FAIL-t3, 15de30e0-32e7-4789-867b-8c05fd0bfca2<-2f4845be-2264-4a1a-8a27-f958336e1da9#0:FAIL-t3] and 0 exception(s); 15de30e0-32e7-4789-867b-8c05fd0bfca2@group-D44E3B3540EA:t3, leader=null, voted=15de30e0-32e7-4789-867b-8c05fd0bfca2, raftlog=15de30e0-32e7-4789-867b-8c05fd0bfca2@group-D44E3B3540EA-SegmentedRaftLog:OPENED:c-1,f-1,i0, conf=-1: [0cd5f69f-229b-4e24-9dce-31aad898d52d:192.168.157.195:33132, 15de30e0-32e7-4789-867b-8c05fd0bfca2:192.168.157.195:43624, 2f4845be-2264-4a1a-8a27-f958336e1da9:192.168.157.195:36753], old=null
2019-10-23 22:40:01,596 [0cd5f69f-229b-4e24-9dce-31aad898d52d@group-91CED867EC48-LeaderElection43] INFO  impl.LeaderElection (LeaderElection.java:logAndReturn(56)) - 0cd5f69f-229b-4e24-9dce-31aad898d52d@group-91CED867EC48-LeaderElection43: Election REJECTED; received 2 response(s) [0cd5f69f-229b-4e24-9dce-31aad898d52d<-15de30e0-32e7-4789-867b-8c05fd0bfca2#0:FAIL-t40, 0cd5f69f-229b-4e24-9dce-31aad898d52d<-2f4845be-2264-4a1a-8a27-f958336e1da9#0:FAIL-t40] and 0 exception(s); 0cd5f69f-229b-4e24-9dce-31aad898d52d@group-91CED867EC48:t40, leader=null, voted=0cd5f69f-229b-4e24-9dce-31aad898d52d, raftlog=0cd5f69f-229b-4e24-9dce-31aad898d52d@group-91CED867EC48-SegmentedRaftLog:OPENED:c3,f4,i4, conf=0: [0cd5f69f-229b-4e24-9dce-31aad898d52d:192.168.157.195:33132, 15de30e0-32e7-4789-867b-8c05fd0bfca2:192.168.157.195:43624, 2f4845be-2264-4a1a-8a27-f958336e1da9:192.168.157.195:36753], old=null
2019-10-23 22:40:01,596 [15de30e0-32e7-4789-867b-8c05fd0bfca2@group-D44E3B3540EA-LeaderElection44] INFO  impl.RaftServerImpl (RaftServerImpl.java:setRole(184)) - 15de30e0-32e7-4789-867b-8c05fd0bfca2@group-D44E3B3540EA: changes role from CANDIDATE to FOLLOWER at term 3 for DISCOVERED_A_NEW_TERM
2019-10-23 22:40:01,596 [0cd5f69f-229b-4e24-9dce-31aad898d52d@group-91CED867EC48-LeaderElection43] INFO  impl.RaftServerImpl (RaftServerImpl.java:setRole(184)) - 0cd5f69f-229b-4e24-9dce-31aad898d52d@group-91CED867EC48: changes role from CANDIDATE to FOLLOWER at term 40 for DISCOVERED_A_NEW_TERM
2019-10-23 22:40:01,596 [15de30e0-32e7-4789-867b-8c05fd0bfca2@group-D44E3B3540EA-LeaderElection44] INFO  impl.RoleInfo (RoleInfo.java:shutdownLeaderElection(134)) - 15de30e0-32e7-4789-867b-8c05fd0bfca2: shutdown LeaderElection
2019-10-23 22:40:01,596 [0cd5f69f-229b-4e24-9dce-31aad898d52d@group-91CED867EC48-LeaderElection43] INFO  impl.RoleInfo (RoleInfo.java:shutdownLeaderElection(134)) - 0cd5f69f-229b-4e24-9dce-31aad898d52d: shutdown LeaderElection
2019-10-23 22:40:01,596 [15de30e0-32e7-4789-867b-8c05fd0bfca2@group-D44E3B3540EA-LeaderElection44] INFO  impl.RoleInfo (RoleInfo.java:updateAndGet(143)) - 15de30e0-32e7-4789-867b-8c05fd0bfca2: start FollowerState
2019-10-23 22:40:01,597 [0cd5f69f-229b-4e24-9dce-31aad898d52d@group-91CED867EC48-LeaderElection43] INFO  impl.RoleInfo (RoleInfo.java:updateAndGet(143)) - 0cd5f69f-229b-4e24-9dce-31aad898d52d: start FollowerState
2019-10-23 22:40:01,611 [Thread-847] INFO  impl.FollowerState (FollowerState.java:run(108)) - 0cd5f69f-229b-4e24-9dce-31aad898d52d@group-91CED867EC48-FollowerState: change to CANDIDATE, lastRpcTime:14ms, electionTimeout:14ms
2019-10-23 22:40:01,611 [Thread-847] INFO  impl.RoleInfo (RoleInfo.java:shutdownFollowerState(121)) - 0cd5f69f-229b-4e24-9dce-31aad898d52d: shutdown FollowerState
2019-10-23 22:40:01,611 [Thread-847] INFO  impl.RaftServerImpl (RaftServerImpl.java:setRole(184)) - 0cd5f69f-229b-4e24-9dce-31aad898d52d@group-91CED867EC48: changes role from  FOLLOWER to CANDIDATE at term 40 for changeToCandidate
2019-10-23 22:40:01,611 [Thread-847] INFO  impl.RoleInfo (RoleInfo.java:updateAndGet(143)) - 0cd5f69f-229b-4e24-9dce-31aad898d52d: start LeaderElection
2019-10-23 22:40:01,624 [0cd5f69f-229b-4e24-9dce-31aad898d52d@group-91CED867EC48-LeaderElection45] INFO  impl.LeaderElection (LeaderElection.java:askForVotes(178)) - 0cd5f69f-229b-4e24-9dce-31aad898d52d@group-91CED867EC48-LeaderElection45: begin an election at term 41 for 0: [0cd5f69f-229b-4e24-9dce-31aad898d52d:192.168.157.195:33132, 15de30e0-32e7-4789-867b-8c05fd0bfca2:192.168.157.195:43624, 2f4845be-2264-4a1a-8a27-f958336e1da9:192.168.157.195:36753], old=null
2019-10-23 22:40:01,627 [grpc-default-executor-6] INFO  impl.RaftServerImpl (RaftServerImpl.java:setRole(184)) - 15de30e0-32e7-4789-867b-8c05fd0bfca2@group-91CED867EC48: changes role from  FOLLOWER to FOLLOWER at term 41 for recognizeCandidate:0cd5f69f-229b-4e24-9dce-31aad898d52d
2019-10-23 22:40:01,627 [grpc-default-executor-6] INFO  impl.RoleInfo (RoleInfo.java:shutdownFollowerState(121)) - 15de30e0-32e7-4789-867b-8c05fd0bfca2: shutdown FollowerState
2019-10-23 22:40:01,627 [grpc-default-executor-5] INFO  impl.RaftServerImpl (RaftServerImpl.java:setRole(184)) - 2f4845be-2264-4a1a-8a27-f958336e1da9@group-91CED867EC48: changes role from  FOLLOWER to FOLLOWER at term 41 for recognizeCandidate:0cd5f69f-229b-4e24-9dce-31aad898d52d
2019-10-23 22:40:01,627 [Thread-843] INFO  impl.FollowerState (FollowerState.java:run(117)) - 15de30e0-32e7-4789-867b-8c05fd0bfca2@group-91CED867EC48-FollowerState was interrupted: java.lang.InterruptedException: sleep interrupted
2019-10-23 22:40:01,627 [grpc-default-executor-6] INFO  impl.RoleInfo (RoleInfo.java:updateAndGet(143)) - 15de30e0-32e7-4789-867b-8c05fd0bfca2: start FollowerState
2019-10-23 22:40:01,627 [grpc-default-executor-5] INFO  impl.RoleInfo (RoleInfo.java:shutdownFollowerState(121)) - 2f4845be-2264-4a1a-8a27-f958336e1da9: shutdown FollowerState
2019-10-23 22:40:01,628 [Thread-842] INFO  impl.FollowerState (FollowerState.java:run(117)) - 2f4845be-2264-4a1a-8a27-f958336e1da9@group-91CED867EC48-FollowerState was interrupted: java.lang.InterruptedException: sleep interrupted
2019-10-23 22:40:01,628 [grpc-default-executor-5] INFO  impl.RoleInfo (RoleInfo.java:updateAndGet(143)) - 2f4845be-2264-4a1a-8a27-f958336e1da9: start FollowerState
2019-10-23 22:40:01,643 [0cd5f69f-229b-4e24-9dce-31aad898d52d@group-91CED867EC48-LeaderElection45] INFO  impl.LeaderElection (LeaderElection.java:logAndReturn(56)) - 0cd5f69f-229b-4e24-9dce-31aad898d52d@group-91CED867EC48-LeaderElection45: Election REJECTED; received 2 response(s) [0cd5f69f-229b-4e24-9dce-31aad898d52d<-15de30e0-32e7-4789-867b-8c05fd0bfca2#0:FAIL-t41, 0cd5f69f-229b-4e24-9dce-31aad898d52d<-2f4845be-2264-4a1a-8a27-f958336e1da9#0:FAIL-t41] and 0 exception(s); 0cd5f69f-229b-4e24-9dce-31aad898d52d@group-91CED867EC48:t41, leader=null, voted=0cd5f69f-229b-4e24-9dce-31aad898d52d, raftlog=0cd5f69f-229b-4e24-9dce-31aad898d52d@group-91CED867EC48-SegmentedRaftLog:OPENED:c3,f4,i4, conf=0: [0cd5f69f-229b-4e24-9dce-31aad898d52d:192.168.157.195:33132, 15de30e0-32e7-4789-867b-8c05fd0bfca2:192.168.157.195:43624, 2f4845be-2264-4a1a-8a27-f958336e1da9:192.168.157.195:36753], old=null
2019-10-23 22:40:01,643 [0cd5f69f-229b-4e24-9dce-31aad898d52d@group-91CED867EC48-LeaderElection45] INFO  impl.RaftServerImpl (RaftServerImpl.java:setRole(184)) - 0cd5f69f-229b-4e24-9dce-31aad898d52d@group-91CED867EC48: changes role from CANDIDATE to FOLLOWER at term 41 for DISCOVERED_A_NEW_TERM
2019-10-23 22:40:01,643 [0cd5f69f-229b-4e24-9dce-31aad898d52d@group-91CED867EC48-LeaderElection45] INFO  impl.RoleInfo (RoleInfo.java:shutdownLeaderElection(134)) - 0cd5f69f-229b-4e24-9dce-31aad898d52d: shutdown LeaderElection
2019-10-23 22:40:01,643 [0cd5f69f-229b-4e24-9dce-31aad898d52d@group-91CED867EC48-LeaderElection45] INFO  impl.RoleInfo (RoleInfo.java:updateAndGet(143)) - 0cd5f69f-229b-4e24-9dce-31aad898d52d: start FollowerState
2019-10-23 22:40:01,692 [pool-7-thread-7] INFO  commands.RetriableDatanodeEventWatcher (RetriableDatanodeEventWatcher.java:onTimeout(47)) - RetriableDatanodeCommand type=deleteBlocksCommand with id=1571870393688 timed out. Retrying.
2019-10-23 22:40:01,692 [pool-7-thread-7] INFO  commands.RetriableDatanodeEventWatcher (RetriableDatanodeEventWatcher.java:onTimeout(47)) - RetriableDatanodeCommand type=deleteBlocksCommand with id=1571870393681 timed out. Retrying.
2019-10-23 22:40:01,693 [pool-7-thread-7] INFO  commands.RetriableDatanodeEventWatcher (RetriableDatanodeEventWatcher.java:onTimeout(47)) - RetriableDatanodeCommand type=deleteBlocksCommand with id=1571870393689 timed out. Retrying.
2019-10-23 22:40:01,693 [SCMBlockDeletingService#0] INFO  block.SCMBlockDeletingService (SCMBlockDeletingService.java:call(184)) - Totally added 1 delete blocks command for 1 datanodes, task elapsed time: 0ms
2019-10-23 22:40:01,694 [pool-7-thread-6] INFO  commands.RetriableDatanodeEventWatcher (RetriableDatanodeEventWatcher.java:onTimeout(47)) - RetriableDatanodeCommand type=deleteBlocksCommand with id=1571870393685 timed out. Retrying.
2019-10-23 22:40:01,694 [pool-7-thread-3] INFO  commands.RetriableDatanodeEventWatcher (RetriableDatanodeEventWatcher.java:onTimeout(47)) - RetriableDatanodeCommand type=deleteBlocksCommand with id=1571870393684 timed out. Retrying.
2019-10-23 22:40:01,694 [Thread-846] INFO  impl.FollowerState (FollowerState.java:run(108)) - 15de30e0-32e7-4789-867b-8c05fd0bfca2@group-D44E3B3540EA-FollowerState: change to CANDIDATE, lastRpcTime:97ms, electionTimeout:97ms
2019-10-23 22:40:01,694 [pool-7-thread-1] INFO  commands.RetriableDatanodeEventWatcher (RetriableDatanodeEventWatcher.java:onTimeout(47)) - RetriableDatanodeCommand type=deleteBlocksCommand with id=1571870393687 timed out. Retrying.
2019-10-23 22:40:01,694 [Thread-846] INFO  impl.RoleInfo (RoleInfo.java:shutdownFollowerState(121)) - 15de30e0-32e7-4789-867b-8c05fd0bfca2: shutdown FollowerState
2019-10-23 22:40:01,694 [pool-7-thread-5] INFO  commands.RetriableDatanodeEventWatcher (RetriableDatanodeEventWatcher.java:onTimeout(47)) - RetriableDatanodeCommand type=deleteBlocksCommand with id=1571870393683 timed out. Retrying.
2019-10-23 22:40:01,694 [Thread-846] INFO  impl.RaftServerImpl (RaftServerImpl.java:setRole(184)) - 15de30e0-32e7-4789-867b-8c05fd0bfca2@group-D44E3B3540EA: changes role from  FOLLOWER to CANDIDATE at term 3 for changeToCandidate
2019-10-23 22:40:01,695 [pool-7-thread-2] INFO  commands.RetriableDatanodeEventWatcher (RetriableDatanodeEventWatcher.java:onTimeout(47)) - RetriableDatanodeCommand type=deleteBlocksCommand with id=1571870393686 timed out. Retrying.
2019-10-23 22:40:01,695 [Thread-846] INFO  impl.RoleInfo (RoleInfo.java:updateAndGet(143)) - 15de30e0-32e7-4789-867b-8c05fd0bfca2: start LeaderElection
2019-10-23 22:40:01,696 [Thread-853] INFO  impl.FollowerState (FollowerState.java:run(108)) - 0cd5f69f-229b-4e24-9dce-31aad898d52d@group-91CED867EC48-FollowerState: change to CANDIDATE, lastRpcTime:53ms, electionTimeout:53ms
2019-10-23 22:40:01,697 [Thread-853] INFO  impl.RoleInfo (RoleInfo.java:shutdownFollowerState(121)) - 0cd5f69f-229b-4e24-9dce-31aad898d52d: shutdown FollowerState
2019-10-23 22:40:01,697 [Thread-853] INFO  impl.RaftServerImpl (RaftServerImpl.java:setRole(184)) - 0cd5f69f-229b-4e24-9dce-31aad898d52d@group-91CED867EC48: changes role from  FOLLOWER to CANDIDATE at term 41 for changeToCandidate
2019-10-23 22:40:01,697 [Thread-853] INFO  impl.RoleInfo (RoleInfo.java:updateAndGet(143)) - 0cd5f69f-229b-4e24-9dce-31aad898d52d: start LeaderElection
2019-10-23 22:40:01,710 [0cd5f69f-229b-4e24-9dce-31aad898d52d@group-91CED867EC48-LeaderElection47] INFO  impl.LeaderElection (LeaderElection.java:askForVotes(178)) - 0cd5f69f-229b-4e24-9dce-31aad898d52d@group-91CED867EC48-LeaderElection47: begin an election at term 42 for 0: [0cd5f69f-229b-4e24-9dce-31aad898d52d:192.168.157.195:33132, 15de30e0-32e7-4789-867b-8c05fd0bfca2:192.168.157.195:43624, 2f4845be-2264-4a1a-8a27-f958336e1da9:192.168.157.195:36753], old=null
2019-10-23 22:40:01,710 [15de30e0-32e7-4789-867b-8c05fd0bfca2@group-D44E3B3540EA-LeaderElection46] INFO  impl.LeaderElection (LeaderElection.java:askForVotes(178)) - 15de30e0-32e7-4789-867b-8c05fd0bfca2@group-D44E3B3540EA-LeaderElection46: begin an election at term 4 for -1: [0cd5f69f-229b-4e24-9dce-31aad898d52d:192.168.157.195:33132, 15de30e0-32e7-4789-867b-8c05fd0bfca2:192.168.157.195:43624, 2f4845be-2264-4a1a-8a27-f958336e1da9:192.168.157.195:36753], old=null
2019-10-23 22:40:01,712 [grpc-default-executor-6] INFO  impl.RaftServerImpl (RaftServerImpl.java:setRole(184)) - 15de30e0-32e7-4789-867b-8c05fd0bfca2@group-91CED867EC48: changes role from  FOLLOWER to FOLLOWER at term 42 for recognizeCandidate:0cd5f69f-229b-4e24-9dce-31aad898d52d
2019-10-23 22:40:01,712 [grpc-default-executor-5] INFO  impl.RaftServerImpl (RaftServerImpl.java:setRole(184)) - 0cd5f69f-229b-4e24-9dce-31aad898d52d@group-D44E3B3540EA: changes role from  FOLLOWER to FOLLOWER at term 4 for recognizeCandidate:15de30e0-32e7-4789-867b-8c05fd0bfca2
2019-10-23 22:40:01,713 [grpc-default-executor-5] INFO  impl.RoleInfo (RoleInfo.java:shutdownFollowerState(121)) - 0cd5f69f-229b-4e24-9dce-31aad898d52d: shutdown FollowerState
2019-10-23 22:40:01,712 [grpc-default-executor-6] INFO  impl.RoleInfo (RoleInfo.java:shutdownFollowerState(121)) - 15de30e0-32e7-4789-867b-8c05fd0bfca2: shutdown FollowerState
2019-10-23 22:40:01,713 [grpc-default-executor-6] INFO  impl.RoleInfo (RoleInfo.java:updateAndGet(143)) - 15de30e0-32e7-4789-867b-8c05fd0bfca2: start FollowerState
2019-10-23 22:40:01,713 [Thread-845] INFO  impl.FollowerState (FollowerState.java:run(117)) - 0cd5f69f-229b-4e24-9dce-31aad898d52d@group-D44E3B3540EA-FollowerState was interrupted: java.lang.InterruptedException: sleep interrupted
2019-10-23 22:40:01,713 [grpc-default-executor-5] INFO  impl.RoleInfo (RoleInfo.java:updateAndGet(143)) - 0cd5f69f-229b-4e24-9dce-31aad898d52d: start FollowerState
2019-10-23 22:40:01,713 [grpc-default-executor-4] INFO  impl.RaftServerImpl (RaftServerImpl.java:setRole(184)) - 2f4845be-2264-4a1a-8a27-f958336e1da9@group-D44E3B3540EA: changes role from  FOLLOWER to FOLLOWER at term 4 for recognizeCandidate:15de30e0-32e7-4789-867b-8c05fd0bfca2
2019-10-23 22:40:01,714 [grpc-default-executor-4] INFO  impl.RoleInfo (RoleInfo.java:shutdownFollowerState(121)) - 2f4845be-2264-4a1a-8a27-f958336e1da9: shutdown FollowerState
2019-10-23 22:40:01,713 [grpc-default-executor-7] INFO  impl.RaftServerImpl (RaftServerImpl.java:setRole(184)) - 2f4845be-2264-4a1a-8a27-f958336e1da9@group-91CED867EC48: changes role from  FOLLOWER to FOLLOWER at term 42 for recognizeCandidate:0cd5f69f-229b-4e24-9dce-31aad898d52d
2019-10-23 22:40:01,714 [grpc-default-executor-4] INFO  impl.RoleInfo (RoleInfo.java:updateAndGet(143)) - 2f4845be-2264-4a1a-8a27-f958336e1da9: start FollowerState
2019-10-23 22:40:01,714 [Thread-844] INFO  impl.FollowerState (FollowerState.java:run(117)) - 2f4845be-2264-4a1a-8a27-f958336e1da9@group-D44E3B3540EA-FollowerState was interrupted: java.lang.InterruptedException: sleep interrupted
2019-10-23 22:40:01,713 [Thread-851] INFO  impl.FollowerState (FollowerState.java:run(117)) - 15de30e0-32e7-4789-867b-8c05fd0bfca2@group-91CED867EC48-FollowerState was interrupted: java.lang.InterruptedException: sleep interrupted
2019-10-23 22:40:01,714 [grpc-default-executor-7] INFO  impl.RoleInfo (RoleInfo.java:shutdownFollowerState(121)) - 2f4845be-2264-4a1a-8a27-f958336e1da9: shutdown FollowerState
2019-10-23 22:40:01,715 [grpc-default-executor-7] INFO  impl.RoleInfo (RoleInfo.java:updateAndGet(143)) - 2f4845be-2264-4a1a-8a27-f958336e1da9: start FollowerState
2019-10-23 22:40:01,715 [Thread-852] INFO  impl.FollowerState (FollowerState.java:run(117)) - 2f4845be-2264-4a1a-8a27-f958336e1da9@group-91CED867EC48-FollowerState was interrupted: java.lang.InterruptedException: sleep interrupted
2019-10-23 22:40:01,732 [0cd5f69f-229b-4e24-9dce-31aad898d52d@group-91CED867EC48-LeaderElection47] INFO  impl.LeaderElection (LeaderElection.java:logAndReturn(56)) - 0cd5f69f-229b-4e24-9dce-31aad898d52d@group-91CED867EC48-LeaderElection47: Election REJECTED; received 2 response(s) [0cd5f69f-229b-4e24-9dce-31aad898d52d<-15de30e0-32e7-4789-867b-8c05fd0bfca2#0:FAIL-t42, 0cd5f69f-229b-4e24-9dce-31aad898d52d<-2f4845be-2264-4a1a-8a27-f958336e1da9#0:FAIL-t42] and 0 exception(s); 0cd5f69f-229b-4e24-9dce-31aad898d52d@group-91CED867EC48:t42, leader=null, voted=0cd5f69f-229b-4e24-9dce-31aad898d52d, raftlog=0cd5f69f-229b-4e24-9dce-31aad898d52d@group-91CED867EC48-SegmentedRaftLog:OPENED:c3,f4,i4, conf=0: [0cd5f69f-229b-4e24-9dce-31aad898d52d:192.168.157.195:33132, 15de30e0-32e7-4789-867b-8c05fd0bfca2:192.168.157.195:43624, 2f4845be-2264-4a1a-8a27-f958336e1da9:192.168.157.195:36753], old=null
2019-10-23 22:40:01,732 [15de30e0-32e7-4789-867b-8c05fd0bfca2@group-D44E3B3540EA-LeaderElection46] INFO  impl.LeaderElection (LeaderElection.java:logAndReturn(56)) - 15de30e0-32e7-4789-867b-8c05fd0bfca2@group-D44E3B3540EA-LeaderElection46: Election REJECTED; received 2 response(s) [15de30e0-32e7-4789-867b-8c05fd0bfca2<-0cd5f69f-229b-4e24-9dce-31aad898d52d#0:FAIL-t4, 15de30e0-32e7-4789-867b-8c05fd0bfca2<-2f4845be-2264-4a1a-8a27-f958336e1da9#0:FAIL-t4] and 0 exception(s); 15de30e0-32e7-4789-867b-8c05fd0bfca2@group-D44E3B3540EA:t4, leader=null, voted=15de30e0-32e7-4789-867b-8c05fd0bfca2, raftlog=15de30e0-32e7-4789-867b-8c05fd0bfca2@group-D44E3B3540EA-SegmentedRaftLog:OPENED:c-1,f-1,i0, conf=-1: [0cd5f69f-229b-4e24-9dce-31aad898d52d:192.168.157.195:33132, 15de30e0-32e7-4789-867b-8c05fd0bfca2:192.168.157.195:43624, 2f4845be-2264-4a1a-8a27-f958336e1da9:192.168.157.195:36753], old=null
2019-10-23 22:40:01,732 [0cd5f69f-229b-4e24-9dce-31aad898d52d@group-91CED867EC48-LeaderElection47] INFO  impl.RaftServerImpl (RaftServerImpl.java:setRole(184)) - 0cd5f69f-229b-4e24-9dce-31aad898d52d@group-91CED867EC48: changes role from CANDIDATE to FOLLOWER at term 42 for DISCOVERED_A_NEW_TERM
2019-10-23 22:40:01,732 [15de30e0-32e7-4789-867b-8c05fd0bfca2@group-D44E3B3540EA-LeaderElection46] INFO  impl.RaftServerImpl (RaftServerImpl.java:setRole(184)) - 15de30e0-32e7-4789-867b-8c05fd0bfca2@group-D44E3B3540EA: changes role from CANDIDATE to FOLLOWER at term 4 for DISCOVERED_A_NEW_TERM
2019-10-23 22:40:01,734 [15de30e0-32e7-4789-867b-8c05fd0bfca2@group-D44E3B3540EA-LeaderElection46] INFO  impl.RoleInfo (RoleInfo.java:shutdownLeaderElection(134)) - 15de30e0-32e7-4789-867b-8c05fd0bfca2: shutdown LeaderElection
2019-10-23 22:40:01,732 [0cd5f69f-229b-4e24-9dce-31aad898d52d@group-91CED867EC48-LeaderElection47] INFO  impl.RoleInfo (RoleInfo.java:shutdownLeaderElection(134)) - 0cd5f69f-229b-4e24-9dce-31aad898d52d: shutdown LeaderElection
2019-10-23 22:40:01,736 [15de30e0-32e7-4789-867b-8c05fd0bfca2@group-D44E3B3540EA-LeaderElection46] INFO  impl.RoleInfo (RoleInfo.java:updateAndGet(143)) - 15de30e0-32e7-4789-867b-8c05fd0bfca2: start FollowerState
2019-10-23 22:40:01,736 [0cd5f69f-229b-4e24-9dce-31aad898d52d@group-91CED867EC48-LeaderElection47] INFO  impl.RoleInfo (RoleInfo.java:updateAndGet(143)) - 0cd5f69f-229b-4e24-9dce-31aad898d52d: start FollowerState
2019-10-23 22:40:01,760 [EventQueue-PendingDeleteStatusForPendingDeleteHandler] INFO  block.SCMBlockDeletingService (SCMBlockDeletingService.java:handlePendingDeletes(115)) - Block deletion txnID mismatch in datanode 0cd5f69f-229b-4e24-9dce-31aad898d52d for containerID 1. Datanode delete txnID: 0, SCM txnID: 1
2019-10-23 22:40:01,884 [Thread-865] INFO  impl.FollowerState (FollowerState.java:run(108)) - 0cd5f69f-229b-4e24-9dce-31aad898d52d@group-91CED867EC48-FollowerState: change to CANDIDATE, lastRpcTime:147ms, electionTimeout:147ms
2019-10-23 22:40:01,885 [Thread-865] INFO  impl.RoleInfo (RoleInfo.java:shutdownFollowerState(121)) - 0cd5f69f-229b-4e24-9dce-31aad898d52d: shutdown FollowerState
2019-10-23 22:40:01,885 [Thread-865] INFO  impl.RaftServerImpl (RaftServerImpl.java:setRole(184)) - 0cd5f69f-229b-4e24-9dce-31aad898d52d@group-91CED867EC48: changes role from  FOLLOWER to CANDIDATE at term 42 for changeToCandidate
2019-10-23 22:40:01,885 [Thread-865] INFO  impl.RoleInfo (RoleInfo.java:updateAndGet(143)) - 0cd5f69f-229b-4e24-9dce-31aad898d52d: start LeaderElection
2019-10-23 22:40:01,908 [Thread-864] INFO  impl.FollowerState (FollowerState.java:run(108)) - 15de30e0-32e7-4789-867b-8c05fd0bfca2@group-D44E3B3540EA-FollowerState: change to CANDIDATE, lastRpcTime:171ms, electionTimeout:171ms
2019-10-23 22:40:01,908 [Thread-864] INFO  impl.RoleInfo (RoleInfo.java:shutdownFollowerState(121)) - 15de30e0-32e7-4789-867b-8c05fd0bfca2: shutdown FollowerState
2019-10-23 22:40:01,908 [Thread-864] INFO  impl.RaftServerImpl (RaftServerImpl.java:setRole(184)) - 15de30e0-32e7-4789-867b-8c05fd0bfca2@group-D44E3B3540EA: changes role from  FOLLOWER to CANDIDATE at term 4 for changeToCandidate
2019-10-23 22:40:01,909 [Thread-864] INFO  impl.RoleInfo (RoleInfo.java:updateAndGet(143)) - 15de30e0-32e7-4789-867b-8c05fd0bfca2: start LeaderElection
2019-10-23 22:40:01,911 [0cd5f69f-229b-4e24-9dce-31aad898d52d@group-91CED867EC48-LeaderElection48] INFO  impl.LeaderElection (LeaderElection.java:askForVotes(178)) - 0cd5f69f-229b-4e24-9dce-31aad898d52d@group-91CED867EC48-LeaderElection48: begin an election at term 43 for 0: [0cd5f69f-229b-4e24-9dce-31aad898d52d:192.168.157.195:33132, 15de30e0-32e7-4789-867b-8c05fd0bfca2:192.168.157.195:43624, 2f4845be-2264-4a1a-8a27-f958336e1da9:192.168.157.195:36753], old=null
2019-10-23 22:40:01,913 [15de30e0-32e7-4789-867b-8c05fd0bfca2@group-D44E3B3540EA-LeaderElection49] INFO  impl.LeaderElection (LeaderElection.java:askForVotes(178)) - 15de30e0-32e7-4789-867b-8c05fd0bfca2@group-D44E3B3540EA-LeaderElection49: begin an election at term 5 for -1: [0cd5f69f-229b-4e24-9dce-31aad898d52d:192.168.157.195:33132, 15de30e0-32e7-4789-867b-8c05fd0bfca2:192.168.157.195:43624, 2f4845be-2264-4a1a-8a27-f958336e1da9:192.168.157.195:36753], old=null
2019-10-23 22:40:01,914 [grpc-default-executor-6] INFO  impl.RaftServerImpl (RaftServerImpl.java:setRole(184)) - 15de30e0-32e7-4789-867b-8c05fd0bfca2@group-91CED867EC48: changes role from  FOLLOWER to FOLLOWER at term 43 for recognizeCandidate:0cd5f69f-229b-4e24-9dce-31aad898d52d
2019-10-23 22:40:01,914 [grpc-default-executor-7] INFO  impl.RaftServerImpl (RaftServerImpl.java:setRole(184)) - 2f4845be-2264-4a1a-8a27-f958336e1da9@group-91CED867EC48: changes role from  FOLLOWER to FOLLOWER at term 43 for recognizeCandidate:0cd5f69f-229b-4e24-9dce-31aad898d52d
2019-10-23 22:40:01,914 [grpc-default-executor-6] INFO  impl.RoleInfo (RoleInfo.java:shutdownFollowerState(121)) - 15de30e0-32e7-4789-867b-8c05fd0bfca2: shutdown FollowerState
2019-10-23 22:40:01,915 [grpc-default-executor-7] INFO  impl.RoleInfo (RoleInfo.java:shutdownFollowerState(121)) - 2f4845be-2264-4a1a-8a27-f958336e1da9: shutdown FollowerState
2019-10-23 22:40:01,915 [Thread-861] INFO  impl.FollowerState (FollowerState.java:run(117)) - 15de30e0-32e7-4789-867b-8c05fd0bfca2@group-91CED867EC48-FollowerState was interrupted: java.lang.InterruptedException: sleep interrupted
2019-10-23 22:40:01,915 [grpc-default-executor-6] INFO  impl.RoleInfo (RoleInfo.java:updateAndGet(143)) - 15de30e0-32e7-4789-867b-8c05fd0bfca2: start FollowerState
2019-10-23 22:40:01,915 [grpc-default-executor-5] INFO  impl.RaftServerImpl (RaftServerImpl.java:setRole(184)) - 2f4845be-2264-4a1a-8a27-f958336e1da9@group-D44E3B3540EA: changes role from  FOLLOWER to FOLLOWER at term 5 for recognizeCandidate:15de30e0-32e7-4789-867b-8c05fd0bfca2
2019-10-23 22:40:01,915 [grpc-default-executor-4] INFO  impl.RaftServerImpl (RaftServerImpl.java:setRole(184)) - 0cd5f69f-229b-4e24-9dce-31aad898d52d@group-D44E3B3540EA: changes role from  FOLLOWER to FOLLOWER at term 5 for recognizeCandidate:15de30e0-32e7-4789-867b-8c05fd0bfca2
2019-10-23 22:40:01,915 [Thread-863] INFO  impl.FollowerState (FollowerState.java:run(117)) - 2f4845be-2264-4a1a-8a27-f958336e1da9@group-91CED867EC48-FollowerState was interrupted: java.lang.InterruptedException: sleep interrupted
2019-10-23 22:40:01,915 [grpc-default-executor-7] INFO  impl.RoleInfo (RoleInfo.java:updateAndGet(143)) - 2f4845be-2264-4a1a-8a27-f958336e1da9: start FollowerState
2019-10-23 22:40:01,915 [grpc-default-executor-4] INFO  impl.RoleInfo (RoleInfo.java:shutdownFollowerState(121)) - 0cd5f69f-229b-4e24-9dce-31aad898d52d: shutdown FollowerState
2019-10-23 22:40:01,915 [grpc-default-executor-5] INFO  impl.RoleInfo (RoleInfo.java:shutdownFollowerState(121)) - 2f4845be-2264-4a1a-8a27-f958336e1da9: shutdown FollowerState
2019-10-23 22:40:01,916 [grpc-default-executor-4] INFO  impl.RoleInfo (RoleInfo.java:updateAndGet(143)) - 0cd5f69f-229b-4e24-9dce-31aad898d52d: start FollowerState
2019-10-23 22:40:01,916 [Thread-860] INFO  impl.FollowerState (FollowerState.java:run(117)) - 0cd5f69f-229b-4e24-9dce-31aad898d52d@group-D44E3B3540EA-FollowerState was interrupted: java.lang.InterruptedException: sleep interrupted
2019-10-23 22:40:01,916 [grpc-default-executor-5] INFO  impl.RoleInfo (RoleInfo.java:updateAndGet(143)) - 2f4845be-2264-4a1a-8a27-f958336e1da9: start FollowerState
2019-10-23 22:40:01,916 [Thread-862] INFO  impl.FollowerState (FollowerState.java:run(117)) - 2f4845be-2264-4a1a-8a27-f958336e1da9@group-D44E3B3540EA-FollowerState was interrupted: java.lang.InterruptedException: sleep interrupted
2019-10-23 22:40:01,931 [0cd5f69f-229b-4e24-9dce-31aad898d52d@group-91CED867EC48-LeaderElection48] INFO  impl.LeaderElection (LeaderElection.java:logAndReturn(56)) - 0cd5f69f-229b-4e24-9dce-31aad898d52d@group-91CED867EC48-LeaderElection48: Election REJECTED; received 2 response(s) [0cd5f69f-229b-4e24-9dce-31aad898d52d<-15de30e0-32e7-4789-867b-8c05fd0bfca2#0:FAIL-t43, 0cd5f69f-229b-4e24-9dce-31aad898d52d<-2f4845be-2264-4a1a-8a27-f958336e1da9#0:FAIL-t43] and 0 exception(s); 0cd5f69f-229b-4e24-9dce-31aad898d52d@group-91CED867EC48:t43, leader=null, voted=0cd5f69f-229b-4e24-9dce-31aad898d52d, raftlog=0cd5f69f-229b-4e24-9dce-31aad898d52d@group-91CED867EC48-SegmentedRaftLog:OPENED:c3,f4,i4, conf=0: [0cd5f69f-229b-4e24-9dce-31aad898d52d:192.168.157.195:33132, 15de30e0-32e7-4789-867b-8c05fd0bfca2:192.168.157.195:43624, 2f4845be-2264-4a1a-8a27-f958336e1da9:192.168.157.195:36753], old=null
2019-10-23 22:40:01,931 [15de30e0-32e7-4789-867b-8c05fd0bfca2@group-D44E3B3540EA-LeaderElection49] INFO  impl.LeaderElection (LeaderElection.java:logAndReturn(56)) - 15de30e0-32e7-4789-867b-8c05fd0bfca2@group-D44E3B3540EA-LeaderElection49: Election REJECTED; received 2 response(s) [15de30e0-32e7-4789-867b-8c05fd0bfca2<-0cd5f69f-229b-4e24-9dce-31aad898d52d#0:FAIL-t5, 15de30e0-32e7-4789-867b-8c05fd0bfca2<-2f4845be-2264-4a1a-8a27-f958336e1da9#0:FAIL-t5] and 0 exception(s); 15de30e0-32e7-4789-867b-8c05fd0bfca2@group-D44E3B3540EA:t5, leader=null, voted=15de30e0-32e7-4789-867b-8c05fd0bfca2, raftlog=15de30e0-32e7-4789-867b-8c05fd0bfca2@group-D44E3B3540EA-SegmentedRaftLog:OPENED:c-1,f-1,i0, conf=-1: [0cd5f69f-229b-4e24-9dce-31aad898d52d:192.168.157.195:33132, 15de30e0-32e7-4789-867b-8c05fd0bfca2:192.168.157.195:43624, 2f4845be-2264-4a1a-8a27-f958336e1da9:192.168.157.195:36753], old=null
2019-10-23 22:40:01,931 [0cd5f69f-229b-4e24-9dce-31aad898d52d@group-91CED867EC48-LeaderElection48] INFO  impl.RaftServerImpl (RaftServerImpl.java:setRole(184)) - 0cd5f69f-229b-4e24-9dce-31aad898d52d@group-91CED867EC48: changes role from CANDIDATE to FOLLOWER at term 43 for DISCOVERED_A_NEW_TERM
2019-10-23 22:40:01,931 [15de30e0-32e7-4789-867b-8c05fd0bfca2@group-D44E3B3540EA-LeaderElection49] INFO  impl.RaftServerImpl (RaftServerImpl.java:setRole(184)) - 15de30e0-32e7-4789-867b-8c05fd0bfca2@group-D44E3B3540EA: changes role from CANDIDATE to FOLLOWER at term 5 for DISCOVERED_A_NEW_TERM
2019-10-23 22:40:01,931 [0cd5f69f-229b-4e24-9dce-31aad898d52d@group-91CED867EC48-LeaderElection48] INFO  impl.RoleInfo (RoleInfo.java:shutdownLeaderElection(134)) - 0cd5f69f-229b-4e24-9dce-31aad898d52d: shutdown LeaderElection
2019-10-23 22:40:01,931 [15de30e0-32e7-4789-867b-8c05fd0bfca2@group-D44E3B3540EA-LeaderElection49] INFO  impl.RoleInfo (RoleInfo.java:shutdownLeaderElection(134)) - 15de30e0-32e7-4789-867b-8c05fd0bfca2: shutdown LeaderElection
2019-10-23 22:40:01,932 [0cd5f69f-229b-4e24-9dce-31aad898d52d@group-91CED867EC48-LeaderElection48] INFO  impl.RoleInfo (RoleInfo.java:updateAndGet(143)) - 0cd5f69f-229b-4e24-9dce-31aad898d52d: start FollowerState
2019-10-23 22:40:01,932 [15de30e0-32e7-4789-867b-8c05fd0bfca2@group-D44E3B3540EA-LeaderElection49] INFO  impl.RoleInfo (RoleInfo.java:updateAndGet(143)) - 15de30e0-32e7-4789-867b-8c05fd0bfca2: start FollowerState
2019-10-23 22:40:02,041 [BlockDeletingService#0] WARN  background.BlockDeletingService (BlockDeletingService.java:isDeletionAllowed(187)) - Close Container log Index 6 is not replicated across allthe servers in the pipeline a9317f84-3083-4a94-a1f5-91ced867ec48 as the min replicated index is 4. Deletion is not allowed in this container yet.
2019-10-23 22:40:02,041 [BlockDeletingService#2] WARN  background.BlockDeletingService (BlockDeletingService.java:isDeletionAllowed(187)) - Close Container log Index 6 is not replicated across allthe servers in the pipeline a9317f84-3083-4a94-a1f5-91ced867ec48 as the min replicated index is 4. Deletion is not allowed in this container yet.
2019-10-23 22:40:02,087 [Thread-877] INFO  impl.FollowerState (FollowerState.java:run(108)) - 15de30e0-32e7-4789-867b-8c05fd0bfca2@group-D44E3B3540EA-FollowerState: change to CANDIDATE, lastRpcTime:155ms, electionTimeout:155ms
2019-10-23 22:40:02,087 [Thread-877] INFO  impl.RoleInfo (RoleInfo.java:shutdownFollowerState(121)) - 15de30e0-32e7-4789-867b-8c05fd0bfca2: shutdown FollowerState
2019-10-23 22:40:02,088 [Thread-877] INFO  impl.RaftServerImpl (RaftServerImpl.java:setRole(184)) - 15de30e0-32e7-4789-867b-8c05fd0bfca2@group-D44E3B3540EA: changes role from  FOLLOWER to CANDIDATE at term 5 for changeToCandidate
2019-10-23 22:40:02,088 [Thread-877] INFO  impl.RoleInfo (RoleInfo.java:updateAndGet(143)) - 15de30e0-32e7-4789-867b-8c05fd0bfca2: start LeaderElection
2019-10-23 22:40:02,090 [Command processor thread] INFO  commandhandler.DeleteBlocksCommandHandler (DeleteBlocksCommandHandler.java:handle(106)) - Start to delete container blocks, TXIDs=[1(0)], numOfContainers=1, numOfBlocks=1
2019-10-23 22:40:02,090 [Command processor thread] INFO  commandhandler.DeleteBlocksCommandHandler (DeleteBlocksCommandHandler.java:handle(106)) - Start to delete container blocks, TXIDs=[1(2)], numOfContainers=1, numOfBlocks=1
2019-10-23 22:40:02,090 [Command processor thread] INFO  commandhandler.DeleteBlocksCommandHandler (DeleteBlocksCommandHandler.java:handle(106)) - Start to delete container blocks, TXIDs=[1(0)], numOfContainers=1, numOfBlocks=1
2019-10-23 22:40:02,091 [Command processor thread] INFO  commandhandler.DeleteBlocksCommandHandler (DeleteBlocksCommandHandler.java:handle(106)) - Start to delete container blocks, TXIDs=[1(2)], numOfContainers=1, numOfBlocks=1
2019-10-23 22:40:02,091 [Command processor thread] INFO  commandhandler.DeleteBlocksCommandHandler (DeleteBlocksCommandHandler.java:handle(106)) - Start to delete container blocks, TXIDs=[1(2)], numOfContainers=1, numOfBlocks=1
2019-10-23 22:40:02,091 [Command processor thread] INFO  commandhandler.DeleteBlocksCommandHandler (DeleteBlocksCommandHandler.java:handle(106)) - Start to delete container blocks, TXIDs=[1(0)], numOfContainers=1, numOfBlocks=1
2019-10-23 22:40:02,091 [Command processor thread] INFO  commandhandler.DeleteBlocksCommandHandler (DeleteBlocksCommandHandler.java:handle(106)) - Start to delete container blocks, TXIDs=[1(2)], numOfContainers=1, numOfBlocks=1
2019-10-23 22:40:02,091 [Command processor thread] INFO  commandhandler.DeleteBlocksCommandHandler (DeleteBlocksCommandHandler.java:handle(106)) - Start to delete container blocks, TXIDs=[1(2)], numOfContainers=1, numOfBlocks=1
2019-10-23 22:40:02,091 [Command processor thread] INFO  commandhandler.DeleteBlocksCommandHandler (DeleteBlocksCommandHandler.java:handle(106)) - Start to delete container blocks, TXIDs=[1(2)], numOfContainers=1, numOfBlocks=1
2019-10-23 22:40:02,092 [Command processor thread] INFO  commandhandler.DeleteBlocksCommandHandler (DeleteBlocksCommandHandler.java:handle(106)) - Start to delete container blocks, TXIDs=[1(0)], numOfContainers=1, numOfBlocks=1
2019-10-23 22:40:02,092 [Command processor thread] INFO  commandhandler.DeleteBlocksCommandHandler (DeleteBlocksCommandHandler.java:handle(106)) - Start to delete container blocks, TXIDs=[1(2)], numOfContainers=1, numOfBlocks=1
2019-10-23 22:40:02,092 [Command processor thread] INFO  commandhandler.DeleteBlocksCommandHandler (DeleteBlocksCommandHandler.java:handle(106)) - Start to delete container blocks, TXIDs=[1(2)], numOfContainers=1, numOfBlocks=1
2019-10-23 22:40:02,092 [Command processor thread] INFO  commandhandler.DeleteBlocksCommandHandler (DeleteBlocksCommandHandler.java:handle(106)) - Start to delete container blocks, TXIDs=[1(2)], numOfContainers=1, numOfBlocks=1
2019-10-23 22:40:02,092 [Command processor thread] INFO  commandhandler.DeleteBlocksCommandHandler (DeleteBlocksCommandHandler.java:handle(106)) - Start to delete container blocks, TXIDs=[1(0)], numOfContainers=1, numOfBlocks=1
2019-10-23 22:40:02,092 [Command processor thread] INFO  commandhandler.DeleteBlocksCommandHandler (DeleteBlocksCommandHandler.java:handle(106)) - Start to delete container blocks, TXIDs=[1(2)], numOfContainers=1, numOfBlocks=1
2019-10-23 22:40:02,092 [Command processor thread] INFO  commandhandler.DeleteBlocksCommandHandler (DeleteBlocksCommandHandler.java:handle(106)) - Start to delete container blocks, TXIDs=[1(0)], numOfContainers=1, numOfBlocks=1
2019-10-23 22:40:02,092 [15de30e0-32e7-4789-867b-8c05fd0bfca2@group-D44E3B3540EA-LeaderElection50] INFO  impl.LeaderElection (LeaderElection.java:askForVotes(178)) - 15de30e0-32e7-4789-867b-8c05fd0bfca2@group-D44E3B3540EA-LeaderElection50: begin an election at term 6 for -1: [0cd5f69f-229b-4e24-9dce-31aad898d52d:192.168.157.195:33132, 15de30e0-32e7-4789-867b-8c05fd0bfca2:192.168.157.195:43624, 2f4845be-2264-4a1a-8a27-f958336e1da9:192.168.157.195:36753], old=null
2019-10-23 22:40:02,093 [Command processor thread] INFO  commandhandler.DeleteBlocksCommandHandler (DeleteBlocksCommandHandler.java:handle(106)) - Start to delete container blocks, TXIDs=[1(2)], numOfContainers=1, numOfBlocks=1
2019-10-23 22:40:02,093 [Command processor thread] INFO  commandhandler.DeleteBlocksCommandHandler (DeleteBlocksCommandHandler.java:handle(106)) - Start to delete container blocks, TXIDs=[1(2)], numOfContainers=1, numOfBlocks=1
2019-10-23 22:40:02,093 [Command processor thread] INFO  commandhandler.DeleteBlocksCommandHandler (DeleteBlocksCommandHandler.java:handle(106)) - Start to delete container blocks, TXIDs=[1(2)], numOfContainers=1, numOfBlocks=1
2019-10-23 22:40:02,093 [Command processor thread] INFO  commandhandler.DeleteBlocksCommandHandler (DeleteBlocksCommandHandler.java:handle(106)) - Start to delete container blocks, TXIDs=[1(2)], numOfContainers=1, numOfBlocks=1
2019-10-23 22:40:02,093 [Command processor thread] INFO  commandhandler.DeleteBlocksCommandHandler (DeleteBlocksCommandHandler.java:handle(106)) - Start to delete container blocks, TXIDs=[1(2)], numOfContainers=1, numOfBlocks=1
2019-10-23 22:40:02,093 [Command processor thread] INFO  commandhandler.DeleteBlocksCommandHandler (DeleteBlocksCommandHandler.java:handle(106)) - Start to delete container blocks, TXIDs=[1(0)], numOfContainers=1, numOfBlocks=1
2019-10-23 22:40:02,094 [Command processor thread] INFO  commandhandler.DeleteBlocksCommandHandler (DeleteBlocksCommandHandler.java:handle(106)) - Start to delete container blocks, TXIDs=[1(2)], numOfContainers=1, numOfBlocks=1
2019-10-23 22:40:02,094 [Command processor thread] INFO  commandhandler.DeleteBlocksCommandHandler (DeleteBlocksCommandHandler.java:handle(106)) - Start to delete container blocks, TXIDs=[1(2)], numOfContainers=1, numOfBlocks=1
2019-10-23 22:40:02,094 [Command processor thread] INFO  commandhandler.DeleteBlocksCommandHandler (DeleteBlocksCommandHandler.java:handle(106)) - Start to delete container blocks, TXIDs=[1(2)], numOfContainers=1, numOfBlocks=1
2019-10-23 22:40:02,094 [Command processor thread] INFO  commandhandler.DeleteBlocksCommandHandler (DeleteBlocksCommandHandler.java:handle(106)) - Start to delete container blocks, TXIDs=[1(2)], numOfContainers=1, numOfBlocks=1
2019-10-23 22:40:02,094 [Command processor thread] INFO  commandhandler.DeleteBlocksCommandHandler (DeleteBlocksCommandHandler.java:handle(106)) - Start to delete container blocks, TXIDs=[1(2)], numOfContainers=1, numOfBlocks=1
2019-10-23 22:40:02,094 [Command processor thread] INFO  commandhandler.DeleteBlocksCommandHandler (DeleteBlocksCommandHandler.java:handle(106)) - Start to delete container blocks, TXIDs=[1(2)], numOfContainers=1, numOfBlocks=1
2019-10-23 22:40:02,094 [Command processor thread] INFO  commandhandler.DeleteBlocksCommandHandler (DeleteBlocksCommandHandler.java:handle(106)) - Start to delete container blocks, TXIDs=[1(2)], numOfContainers=1, numOfBlocks=1
2019-10-23 22:40:02,095 [Command processor thread] INFO  commandhandler.DeleteBlocksCommandHandler (DeleteBlocksCommandHandler.java:handle(106)) - Start to delete container blocks, TXIDs=[1(0)], numOfContainers=1, numOfBlocks=1
2019-10-23 22:40:02,095 [Command processor thread] INFO  commandhandler.DeleteBlocksCommandHandler (DeleteBlocksCommandHandler.java:handle(106)) - Start to delete container blocks, TXIDs=[1(2)], numOfContainers=1, numOfBlocks=1
2019-10-23 22:40:02,095 [Command processor thread] INFO  commandhandler.DeleteBlocksCommandHandler (DeleteBlocksCommandHandler.java:handle(106)) - Start to delete container blocks, TXIDs=[1(2)], numOfContainers=1, numOfBlocks=1
2019-10-23 22:40:02,095 [Command processor thread] INFO  commandhandler.DeleteBlocksCommandHandler (DeleteBlocksCommandHandler.java:handle(106)) - Start to delete container blocks, TXIDs=[1(2)], numOfContainers=1, numOfBlocks=1
2019-10-23 22:40:02,095 [Command processor thread] INFO  commandhandler.DeleteBlocksCommandHandler (DeleteBlocksCommandHandler.java:handle(106)) - Start to delete container blocks, TXIDs=[1(2)], numOfContainers=1, numOfBlocks=1
2019-10-23 22:40:02,095 [Command processor thread] INFO  commandhandler.DeleteBlocksCommandHandler (DeleteBlocksCommandHandler.java:handle(106)) - Start to delete container blocks, TXIDs=[1(2)], numOfContainers=1, numOfBlocks=1
2019-10-23 22:40:02,095 [Command processor thread] INFO  commandhandler.DeleteBlocksCommandHandler (DeleteBlocksCommandHandler.java:handle(106)) - Start to delete container blocks, TXIDs=[1(2)], numOfContainers=1, numOfBlocks=1
2019-10-23 22:40:02,096 [grpc-default-executor-4] INFO  impl.RaftServerImpl (RaftServerImpl.java:setRole(184)) - 2f4845be-2264-4a1a-8a27-f958336e1da9@group-D44E3B3540EA: changes role from  FOLLOWER to FOLLOWER at term 6 for recognizeCandidate:15de30e0-32e7-4789-867b-8c05fd0bfca2
2019-10-23 22:40:02,096 [Command processor thread] INFO  commandhandler.DeleteBlocksCommandHandler (DeleteBlocksCommandHandler.java:handle(106)) - Start to delete container blocks, TXIDs=[1(2)], numOfContainers=1, numOfBlocks=1
2019-10-23 22:40:02,096 [grpc-default-executor-5] INFO  impl.RaftServerImpl (RaftServerImpl.java:setRole(184)) - 0cd5f69f-229b-4e24-9dce-31aad898d52d@group-D44E3B3540EA: changes role from  FOLLOWER to FOLLOWER at term 6 for recognizeCandidate:15de30e0-32e7-4789-867b-8c05fd0bfca2
2019-10-23 22:40:02,096 [Command processor thread] INFO  commandhandler.DeleteBlocksCommandHandler (DeleteBlocksCommandHandler.java:handle(106)) - Start to delete container blocks, TXIDs=[1(0)], numOfContainers=1, numOfBlocks=1
2019-10-23 22:40:02,096 [grpc-default-executor-4] INFO  impl.RoleInfo (RoleInfo.java:shutdownFollowerState(121)) - 2f4845be-2264-4a1a-8a27-f958336e1da9: shutdown FollowerState
2019-10-23 22:40:02,096 [Command processor thread] INFO  commandhandler.DeleteBlocksCommandHandler (DeleteBlocksCommandHandler.java:handle(106)) - Start to delete container blocks, TXIDs=[1(38)], numOfContainers=1, numOfBlocks=1
2019-10-23 22:40:02,097 [Thread-875] INFO  impl.FollowerState (FollowerState.java:run(117)) - 2f4845be-2264-4a1a-8a27-f958336e1da9@group-D44E3B3540EA-FollowerState was interrupted: java.lang.InterruptedException: sleep interrupted
2019-10-23 22:40:02,096 [grpc-default-executor-5] INFO  impl.RoleInfo (RoleInfo.java:shutdownFollowerState(121)) - 0cd5f69f-229b-4e24-9dce-31aad898d52d: shutdown FollowerState
2019-10-23 22:40:02,097 [grpc-default-executor-4] INFO  impl.RoleInfo (RoleInfo.java:updateAndGet(143)) - 2f4845be-2264-4a1a-8a27-f958336e1da9: start FollowerState
2019-10-23 22:40:02,097 [Command processor thread] INFO  commandhandler.DeleteBlocksCommandHandler (DeleteBlocksCommandHandler.java:handle(106)) - Start to delete container blocks, TXIDs=[1(2)], numOfContainers=1, numOfBlocks=1
2019-10-23 22:40:02,097 [grpc-default-executor-5] INFO  impl.RoleInfo (RoleInfo.java:updateAndGet(143)) - 0cd5f69f-229b-4e24-9dce-31aad898d52d: start FollowerState
2019-10-23 22:40:02,097 [Thread-874] INFO  impl.FollowerState (FollowerState.java:run(117)) - 0cd5f69f-229b-4e24-9dce-31aad898d52d@group-D44E3B3540EA-FollowerState was interrupted: java.lang.InterruptedException: sleep interrupted
2019-10-23 22:40:02,097 [Command processor thread] INFO  commandhandler.DeleteBlocksCommandHandler (DeleteBlocksCommandHandler.java:handle(106)) - Start to delete container blocks, TXIDs=[1(2)], numOfContainers=1, numOfBlocks=1
2019-10-23 22:40:02,098 [Command processor thread] INFO  commandhandler.DeleteBlocksCommandHandler (DeleteBlocksCommandHandler.java:handle(106)) - Start to delete container blocks, TXIDs=[1(2)], numOfContainers=1, numOfBlocks=1
2019-10-23 22:40:02,098 [Command processor thread] INFO  commandhandler.DeleteBlocksCommandHandler (DeleteBlocksCommandHandler.java:handle(106)) - Start to delete container blocks, TXIDs=[1(2)], numOfContainers=1, numOfBlocks=1
2019-10-23 22:40:02,098 [Command processor thread] INFO  commandhandler.DeleteBlocksCommandHandler (DeleteBlocksCommandHandler.java:handle(106)) - Start to delete container blocks, TXIDs=[1(2)], numOfContainers=1, numOfBlocks=1
2019-10-23 22:40:02,098 [Command processor thread] INFO  commandhandler.DeleteBlocksCommandHandler (DeleteBlocksCommandHandler.java:handle(106)) - Start to delete container blocks, TXIDs=[1(2)], numOfContainers=1, numOfBlocks=1
2019-10-23 22:40:02,112 [15de30e0-32e7-4789-867b-8c05fd0bfca2@group-D44E3B3540EA-LeaderElection50] INFO  impl.LeaderElection (LeaderElection.java:logAndReturn(56)) - 15de30e0-32e7-4789-867b-8c05fd0bfca2@group-D44E3B3540EA-LeaderElection50: Election REJECTED; received 2 response(s) [15de30e0-32e7-4789-867b-8c05fd0bfca2<-0cd5f69f-229b-4e24-9dce-31aad898d52d#0:FAIL-t6, 15de30e0-32e7-4789-867b-8c05fd0bfca2<-2f4845be-2264-4a1a-8a27-f958336e1da9#0:FAIL-t6] and 0 exception(s); 15de30e0-32e7-4789-867b-8c05fd0bfca2@group-D44E3B3540EA:t6, leader=null, voted=15de30e0-32e7-4789-867b-8c05fd0bfca2, raftlog=15de30e0-32e7-4789-867b-8c05fd0bfca2@group-D44E3B3540EA-SegmentedRaftLog:OPENED:c-1,f-1,i0, conf=-1: [0cd5f69f-229b-4e24-9dce-31aad898d52d:192.168.157.195:33132, 15de30e0-32e7-4789-867b-8c05fd0bfca2:192.168.157.195:43624, 2f4845be-2264-4a1a-8a27-f958336e1da9:192.168.157.195:36753], old=null
2019-10-23 22:40:02,112 [15de30e0-32e7-4789-867b-8c05fd0bfca2@group-D44E3B3540EA-LeaderElection50] INFO  impl.RaftServerImpl (RaftServerImpl.java:setRole(184)) - 15de30e0-32e7-4789-867b-8c05fd0bfca2@group-D44E3B3540EA: changes role from CANDIDATE to FOLLOWER at term 6 for DISCOVERED_A_NEW_TERM
2019-10-23 22:40:02,113 [15de30e0-32e7-4789-867b-8c05fd0bfca2@group-D44E3B3540EA-LeaderElection50] INFO  impl.RoleInfo (RoleInfo.java:shutdownLeaderElection(134)) - 15de30e0-32e7-4789-867b-8c05fd0bfca2: shutdown LeaderElection
2019-10-23 22:40:02,113 [15de30e0-32e7-4789-867b-8c05fd0bfca2@group-D44E3B3540EA-LeaderElection50] INFO  impl.RoleInfo (RoleInfo.java:updateAndGet(143)) - 15de30e0-32e7-4789-867b-8c05fd0bfca2: start FollowerState
2019-10-23 22:40:02,125 [Thread-876] INFO  impl.FollowerState (FollowerState.java:run(108)) - 0cd5f69f-229b-4e24-9dce-31aad898d52d@group-91CED867EC48-FollowerState: change to CANDIDATE, lastRpcTime:193ms, electionTimeout:193ms
2019-10-23 22:40:02,125 [Thread-876] INFO  impl.RoleInfo (RoleInfo.java:shutdownFollowerState(121)) - 0cd5f69f-229b-4e24-9dce-31aad898d52d: shutdown FollowerState
2019-10-23 22:40:02,126 [Thread-876] INFO  impl.RaftServerImpl (RaftServerImpl.java:setRole(184)) - 0cd5f69f-229b-4e24-9dce-31aad898d52d@group-91CED867EC48: changes role from  FOLLOWER to CANDIDATE at term 43 for changeToCandidate
2019-10-23 22:40:02,126 [Thread-876] INFO  impl.RoleInfo (RoleInfo.java:updateAndGet(143)) - 0cd5f69f-229b-4e24-9dce-31aad898d52d: start LeaderElection
2019-10-23 22:40:02,147 [0cd5f69f-229b-4e24-9dce-31aad898d52d@group-91CED867EC48-LeaderElection51] INFO  impl.LeaderElection (LeaderElection.java:askForVotes(178)) - 0cd5f69f-229b-4e24-9dce-31aad898d52d@group-91CED867EC48-LeaderElection51: begin an election at term 44 for 0: [0cd5f69f-229b-4e24-9dce-31aad898d52d:192.168.157.195:33132, 15de30e0-32e7-4789-867b-8c05fd0bfca2:192.168.157.195:43624, 2f4845be-2264-4a1a-8a27-f958336e1da9:192.168.157.195:36753], old=null
2019-10-23 22:40:02,150 [grpc-default-executor-4] INFO  impl.RaftServerImpl (RaftServerImpl.java:setRole(184)) - 2f4845be-2264-4a1a-8a27-f958336e1da9@group-91CED867EC48: changes role from  FOLLOWER to FOLLOWER at term 44 for recognizeCandidate:0cd5f69f-229b-4e24-9dce-31aad898d52d
2019-10-23 22:40:02,150 [grpc-default-executor-5] INFO  impl.RaftServerImpl (RaftServerImpl.java:setRole(184)) - 15de30e0-32e7-4789-867b-8c05fd0bfca2@group-91CED867EC48: changes role from  FOLLOWER to FOLLOWER at term 44 for recognizeCandidate:0cd5f69f-229b-4e24-9dce-31aad898d52d
2019-10-23 22:40:02,150 [grpc-default-executor-4] INFO  impl.RoleInfo (RoleInfo.java:shutdownFollowerState(121)) - 2f4845be-2264-4a1a-8a27-f958336e1da9: shutdown FollowerState
2019-10-23 22:40:02,150 [grpc-default-executor-5] INFO  impl.RoleInfo (RoleInfo.java:shutdownFollowerState(121)) - 15de30e0-32e7-4789-867b-8c05fd0bfca2: shutdown FollowerState
2019-10-23 22:40:02,151 [Thread-873] INFO  impl.FollowerState (FollowerState.java:run(117)) - 2f4845be-2264-4a1a-8a27-f958336e1da9@group-91CED867EC48-FollowerState was interrupted: java.lang.InterruptedException: sleep interrupted
2019-10-23 22:40:02,151 [grpc-default-executor-4] INFO  impl.RoleInfo (RoleInfo.java:updateAndGet(143)) - 2f4845be-2264-4a1a-8a27-f958336e1da9: start FollowerState
2019-10-23 22:40:02,151 [Thread-872] INFO  impl.FollowerState (FollowerState.java:run(117)) - 15de30e0-32e7-4789-867b-8c05fd0bfca2@group-91CED867EC48-FollowerState was interrupted: java.lang.InterruptedException: sleep interrupted
2019-10-23 22:40:02,151 [grpc-default-executor-5] INFO  impl.RoleInfo (RoleInfo.java:updateAndGet(143)) - 15de30e0-32e7-4789-867b-8c05fd0bfca2: start FollowerState
2019-10-23 22:40:02,166 [0cd5f69f-229b-4e24-9dce-31aad898d52d@group-91CED867EC48-LeaderElection51] INFO  impl.LeaderElection (LeaderElection.java:logAndReturn(56)) - 0cd5f69f-229b-4e24-9dce-31aad898d52d@group-91CED867EC48-LeaderElection51: Election REJECTED; received 2 response(s) [0cd5f69f-229b-4e24-9dce-31aad898d52d<-15de30e0-32e7-4789-867b-8c05fd0bfca2#0:FAIL-t44, 0cd5f69f-229b-4e24-9dce-31aad898d52d<-2f4845be-2264-4a1a-8a27-f958336e1da9#0:FAIL-t44] and 0 exception(s); 0cd5f69f-229b-4e24-9dce-31aad898d52d@group-91CED867EC48:t44, leader=null, voted=0cd5f69f-229b-4e24-9dce-31aad898d52d, raftlog=0cd5f69f-229b-4e24-9dce-31aad898d52d@group-91CED867EC48-SegmentedRaftLog:OPENED:c3,f4,i4, conf=0: [0cd5f69f-229b-4e24-9dce-31aad898d52d:192.168.157.195:33132, 15de30e0-32e7-4789-867b-8c05fd0bfca2:192.168.157.195:43624, 2f4845be-2264-4a1a-8a27-f958336e1da9:192.168.157.195:36753], old=null
2019-10-23 22:40:02,166 [0cd5f69f-229b-4e24-9dce-31aad898d52d@group-91CED867EC48-LeaderElection51] INFO  impl.RaftServerImpl (RaftServerImpl.java:setRole(184)) - 0cd5f69f-229b-4e24-9dce-31aad898d52d@group-91CED867EC48: changes role from CANDIDATE to FOLLOWER at term 44 for DISCOVERED_A_NEW_TERM
2019-10-23 22:40:02,167 [0cd5f69f-229b-4e24-9dce-31aad898d52d@group-91CED867EC48-LeaderElection51] INFO  impl.RoleInfo (RoleInfo.java:shutdownLeaderElection(134)) - 0cd5f69f-229b-4e24-9dce-31aad898d52d: shutdown LeaderElection
2019-10-23 22:40:02,167 [0cd5f69f-229b-4e24-9dce-31aad898d52d@group-91CED867EC48-LeaderElection51] INFO  impl.RoleInfo (RoleInfo.java:updateAndGet(143)) - 0cd5f69f-229b-4e24-9dce-31aad898d52d: start FollowerState
2019-10-23 22:40:02,198 [Thread-886] INFO  impl.FollowerState (FollowerState.java:run(108)) - 15de30e0-32e7-4789-867b-8c05fd0bfca2@group-D44E3B3540EA-FollowerState: change to CANDIDATE, lastRpcTime:85ms, electionTimeout:85ms
2019-10-23 22:40:02,198 [Thread-886] INFO  impl.RoleInfo (RoleInfo.java:shutdownFollowerState(121)) - 15de30e0-32e7-4789-867b-8c05fd0bfca2: shutdown FollowerState
2019-10-23 22:40:02,199 [Thread-886] INFO  impl.RaftServerImpl (RaftServerImpl.java:setRole(184)) - 15de30e0-32e7-4789-867b-8c05fd0bfca2@group-D44E3B3540EA: changes role from  FOLLOWER to CANDIDATE at term 6 for changeToCandidate
2019-10-23 22:40:02,199 [Thread-886] INFO  impl.RoleInfo (RoleInfo.java:updateAndGet(143)) - 15de30e0-32e7-4789-867b-8c05fd0bfca2: start LeaderElection
2019-10-23 22:40:02,205 [Thread-892] INFO  impl.FollowerState (FollowerState.java:run(108)) - 0cd5f69f-229b-4e24-9dce-31aad898d52d@group-91CED867EC48-FollowerState: change to CANDIDATE, lastRpcTime:38ms, electionTimeout:38ms
2019-10-23 22:40:02,205 [Thread-892] INFO  impl.RoleInfo (RoleInfo.java:shutdownFollowerState(121)) - 0cd5f69f-229b-4e24-9dce-31aad898d52d: shutdown FollowerState
2019-10-23 22:40:02,205 [Thread-892] INFO  impl.RaftServerImpl (RaftServerImpl.java:setRole(184)) - 0cd5f69f-229b-4e24-9dce-31aad898d52d@group-91CED867EC48: changes role from  FOLLOWER to CANDIDATE at term 44 for changeToCandidate
2019-10-23 22:40:02,206 [Thread-892] INFO  impl.RoleInfo (RoleInfo.java:updateAndGet(143)) - 0cd5f69f-229b-4e24-9dce-31aad898d52d: start LeaderElection
2019-10-23 22:40:02,213 [15de30e0-32e7-4789-867b-8c05fd0bfca2@group-D44E3B3540EA-LeaderElection52] INFO  impl.LeaderElection (LeaderElection.java:askForVotes(178)) - 15de30e0-32e7-4789-867b-8c05fd0bfca2@group-D44E3B3540EA-LeaderElection52: begin an election at term 7 for -1: [0cd5f69f-229b-4e24-9dce-31aad898d52d:192.168.157.195:33132, 15de30e0-32e7-4789-867b-8c05fd0bfca2:192.168.157.195:43624, 2f4845be-2264-4a1a-8a27-f958336e1da9:192.168.157.195:36753], old=null
2019-10-23 22:40:02,213 [0cd5f69f-229b-4e24-9dce-31aad898d52d@group-91CED867EC48-LeaderElection53] INFO  impl.LeaderElection (LeaderElection.java:askForVotes(178)) - 0cd5f69f-229b-4e24-9dce-31aad898d52d@group-91CED867EC48-LeaderElection53: begin an election at term 45 for 0: [0cd5f69f-229b-4e24-9dce-31aad898d52d:192.168.157.195:33132, 15de30e0-32e7-4789-867b-8c05fd0bfca2:192.168.157.195:43624, 2f4845be-2264-4a1a-8a27-f958336e1da9:192.168.157.195:36753], old=null
2019-10-23 22:40:02,216 [grpc-default-executor-5] INFO  impl.RaftServerImpl (RaftServerImpl.java:setRole(184)) - 0cd5f69f-229b-4e24-9dce-31aad898d52d@group-D44E3B3540EA: changes role from  FOLLOWER to FOLLOWER at term 7 for recognizeCandidate:15de30e0-32e7-4789-867b-8c05fd0bfca2
2019-10-23 22:40:02,217 [grpc-default-executor-5] INFO  impl.RoleInfo (RoleInfo.java:shutdownFollowerState(121)) - 0cd5f69f-229b-4e24-9dce-31aad898d52d: shutdown FollowerState
2019-10-23 22:40:02,217 [grpc-default-executor-5] INFO  impl.RoleInfo (RoleInfo.java:updateAndGet(143)) - 0cd5f69f-229b-4e24-9dce-31aad898d52d: start FollowerState
2019-10-23 22:40:02,217 [grpc-default-executor-4] INFO  impl.RaftServerImpl (RaftServerImpl.java:setRole(184)) - 2f4845be-2264-4a1a-8a27-f958336e1da9@group-D44E3B3540EA: changes role from  FOLLOWER to FOLLOWER at term 7 for recognizeCandidate:15de30e0-32e7-4789-867b-8c05fd0bfca2
2019-10-23 22:40:02,217 [grpc-default-executor-7] INFO  impl.RaftServerImpl (RaftServerImpl.java:setRole(184)) - 15de30e0-32e7-4789-867b-8c05fd0bfca2@group-91CED867EC48: changes role from  FOLLOWER to FOLLOWER at term 45 for recognizeCandidate:0cd5f69f-229b-4e24-9dce-31aad898d52d
2019-10-23 22:40:02,218 [grpc-default-executor-7] INFO  impl.RoleInfo (RoleInfo.java:shutdownFollowerState(121)) - 15de30e0-32e7-4789-867b-8c05fd0bfca2: shutdown FollowerState
2019-10-23 22:40:02,217 [grpc-default-executor-6] INFO  impl.RaftServerImpl (RaftServerImpl.java:setRole(184)) - 2f4845be-2264-4a1a-8a27-f958336e1da9@group-91CED867EC48: changes role from  FOLLOWER to FOLLOWER at term 45 for recognizeCandidate:0cd5f69f-229b-4e24-9dce-31aad898d52d
2019-10-23 22:40:02,217 [Thread-885] INFO  impl.FollowerState (FollowerState.java:run(117)) - 0cd5f69f-229b-4e24-9dce-31aad898d52d@group-D44E3B3540EA-FollowerState was interrupted: java.lang.InterruptedException: sleep interrupted
2019-10-23 22:40:02,218 [grpc-default-executor-6] INFO  impl.RoleInfo (RoleInfo.java:shutdownFollowerState(121)) - 2f4845be-2264-4a1a-8a27-f958336e1da9: shutdown FollowerState
2019-10-23 22:40:02,218 [Thread-891] INFO  impl.FollowerState (FollowerState.java:run(117)) - 15de30e0-32e7-4789-867b-8c05fd0bfca2@group-91CED867EC48-FollowerState was interrupted: java.lang.InterruptedException: sleep interrupted
2019-10-23 22:40:02,218 [grpc-default-executor-7] INFO  impl.RoleInfo (RoleInfo.java:updateAndGet(143)) - 15de30e0-32e7-4789-867b-8c05fd0bfca2: start FollowerState
2019-10-23 22:40:02,217 [grpc-default-executor-4] INFO  impl.RoleInfo (RoleInfo.java:shutdownFollowerState(121)) - 2f4845be-2264-4a1a-8a27-f958336e1da9: shutdown FollowerState
2019-10-23 22:40:02,218 [grpc-default-executor-6] INFO  impl.RoleInfo (RoleInfo.java:updateAndGet(143)) - 2f4845be-2264-4a1a-8a27-f958336e1da9: start FollowerState
2019-10-23 22:40:02,218 [Thread-890] INFO  impl.FollowerState (FollowerState.java:run(117)) - 2f4845be-2264-4a1a-8a27-f958336e1da9@group-91CED867EC48-FollowerState was interrupted: java.lang.InterruptedException: sleep interrupted
2019-10-23 22:40:02,219 [grpc-default-executor-4] INFO  impl.RoleInfo (RoleInfo.java:updateAndGet(143)) - 2f4845be-2264-4a1a-8a27-f958336e1da9: start FollowerState
2019-10-23 22:40:02,219 [Thread-884] INFO  impl.FollowerState (FollowerState.java:run(117)) - 2f4845be-2264-4a1a-8a27-f958336e1da9@group-D44E3B3540EA-FollowerState was interrupted: java.lang.InterruptedException: sleep interrupted
2019-10-23 22:40:02,232 [0cd5f69f-229b-4e24-9dce-31aad898d52d@group-91CED867EC48-LeaderElection53] INFO  impl.LeaderElection (LeaderElection.java:logAndReturn(56)) - 0cd5f69f-229b-4e24-9dce-31aad898d52d@group-91CED867EC48-LeaderElection53: Election REJECTED; received 2 response(s) [0cd5f69f-229b-4e24-9dce-31aad898d52d<-15de30e0-32e7-4789-867b-8c05fd0bfca2#0:FAIL-t45, 0cd5f69f-229b-4e24-9dce-31aad898d52d<-2f4845be-2264-4a1a-8a27-f958336e1da9#0:FAIL-t45] and 0 exception(s); 0cd5f69f-229b-4e24-9dce-31aad898d52d@group-91CED867EC48:t45, leader=null, voted=0cd5f69f-229b-4e24-9dce-31aad898d52d, raftlog=0cd5f69f-229b-4e24-9dce-31aad898d52d@group-91CED867EC48-SegmentedRaftLog:OPENED:c3,f4,i4, conf=0: [0cd5f69f-229b-4e24-9dce-31aad898d52d:192.168.157.195:33132, 15de30e0-32e7-4789-867b-8c05fd0bfca2:192.168.157.195:43624, 2f4845be-2264-4a1a-8a27-f958336e1da9:192.168.157.195:36753], old=null
2019-10-23 22:40:02,232 [15de30e0-32e7-4789-867b-8c05fd0bfca2@group-D44E3B3540EA-LeaderElection52] INFO  impl.LeaderElection (LeaderElection.java:logAndReturn(56)) - 15de30e0-32e7-4789-867b-8c05fd0bfca2@group-D44E3B3540EA-LeaderElection52: Election REJECTED; received 2 response(s) [15de30e0-32e7-4789-867b-8c05fd0bfca2<-0cd5f69f-229b-4e24-9dce-31aad898d52d#0:FAIL-t7, 15de30e0-32e7-4789-867b-8c05fd0bfca2<-2f4845be-2264-4a1a-8a27-f958336e1da9#0:FAIL-t7] and 0 exception(s); 15de30e0-32e7-4789-867b-8c05fd0bfca2@group-D44E3B3540EA:t7, leader=null, voted=15de30e0-32e7-4789-867b-8c05fd0bfca2, raftlog=15de30e0-32e7-4789-867b-8c05fd0bfca2@group-D44E3B3540EA-SegmentedRaftLog:OPENED:c-1,f-1,i0, conf=-1: [0cd5f69f-229b-4e24-9dce-31aad898d52d:192.168.157.195:33132, 15de30e0-32e7-4789-867b-8c05fd0bfca2:192.168.157.195:43624, 2f4845be-2264-4a1a-8a27-f958336e1da9:192.168.157.195:36753], old=null
2019-10-23 22:40:02,233 [0cd5f69f-229b-4e24-9dce-31aad898d52d@group-91CED867EC48-LeaderElection53] INFO  impl.RaftServerImpl (RaftServerImpl.java:setRole(184)) - 0cd5f69f-229b-4e24-9dce-31aad898d52d@group-91CED867EC48: changes role from CANDIDATE to FOLLOWER at term 45 for DISCOVERED_A_NEW_TERM
2019-10-23 22:40:02,233 [15de30e0-32e7-4789-867b-8c05fd0bfca2@group-D44E3B3540EA-LeaderElection52] INFO  impl.RaftServerImpl (RaftServerImpl.java:setRole(184)) - 15de30e0-32e7-4789-867b-8c05fd0bfca2@group-D44E3B3540EA: changes role from CANDIDATE to FOLLOWER at term 7 for DISCOVERED_A_NEW_TERM
2019-10-23 22:40:02,233 [0cd5f69f-229b-4e24-9dce-31aad898d52d@group-91CED867EC48-LeaderElection53] INFO  impl.RoleInfo (RoleInfo.java:shutdownLeaderElection(134)) - 0cd5f69f-229b-4e24-9dce-31aad898d52d: shutdown LeaderElection
2019-10-23 22:40:02,233 [15de30e0-32e7-4789-867b-8c05fd0bfca2@group-D44E3B3540EA-LeaderElection52] INFO  impl.RoleInfo (RoleInfo.java:shutdownLeaderElection(134)) - 15de30e0-32e7-4789-867b-8c05fd0bfca2: shutdown LeaderElection
2019-10-23 22:40:02,233 [0cd5f69f-229b-4e24-9dce-31aad898d52d@group-91CED867EC48-LeaderElection53] INFO  impl.RoleInfo (RoleInfo.java:updateAndGet(143)) - 0cd5f69f-229b-4e24-9dce-31aad898d52d: start FollowerState
2019-10-23 22:40:02,233 [15de30e0-32e7-4789-867b-8c05fd0bfca2@group-D44E3B3540EA-LeaderElection52] INFO  impl.RoleInfo (RoleInfo.java:updateAndGet(143)) - 15de30e0-32e7-4789-867b-8c05fd0bfca2: start FollowerState
2019-10-23 22:40:02,260 [Thread-906] INFO  client.GrpcClientProtocolService (GrpcClientProtocolService.java:lambda$processClientRequest$0(278)) - Failed RaftClientRequest:client-A571C4F32A47->15de30e0-32e7-4789-867b-8c05fd0bfca2@group-91CED867EC48, cid=10, seq=0, Watch-ALL_COMMITTED(6), Message:<EMPTY>, reply=RaftClientReply:client-A571C4F32A47->15de30e0-32e7-4789-867b-8c05fd0bfca2@group-91CED867EC48, cid=10, FAILED org.apache.ratis.protocol.NotLeaderException: Server 15de30e0-32e7-4789-867b-8c05fd0bfca2@group-91CED867EC48 is not the leader, logIndex=0, commits[15de30e0-32e7-4789-867b-8c05fd0bfca2:c10, 0cd5f69f-229b-4e24-9dce-31aad898d52d:c4, 2f4845be-2264-4a1a-8a27-f958336e1da9:c10]
2019-10-23 22:40:02,292 [EventQueue-DeleteBlockStatusForDeletedBlockLogImpl] WARN  block.DeletedBlockLogImpl (DeletedBlockLogImpl.java:commitTransactions(205)) - Transaction txId=1 commit by dnId=0cd5f69f-229b-4e24-9dce-31aad898d52d for containerID=#1 failed. Corresponding entry not found.
2019-10-23 22:40:02,292 [EventQueue-DeleteBlockStatusForDeletedBlockLogImpl] WARN  block.DeletedBlockLogImpl (DeletedBlockLogImpl.java:commitTransactions(205)) - Transaction txId=1 commit by dnId=0cd5f69f-229b-4e24-9dce-31aad898d52d for containerID=#1 failed. Corresponding entry not found.
2019-10-23 22:40:02,293 [EventQueue-DeleteBlockStatusForDeletedBlockLogImpl] WARN  block.DeletedBlockLogImpl (DeletedBlockLogImpl.java:commitTransactions(205)) - Transaction txId=1 commit by dnId=0cd5f69f-229b-4e24-9dce-31aad898d52d for containerID=#1 failed. Corresponding entry not found.
2019-10-23 22:40:02,293 [EventQueue-DeleteBlockStatusForDeletedBlockLogImpl] WARN  block.DeletedBlockLogImpl (DeletedBlockLogImpl.java:commitTransactions(205)) - Transaction txId=1 commit by dnId=0cd5f69f-229b-4e24-9dce-31aad898d52d for containerID=#1 failed. Corresponding entry not found.
2019-10-23 22:40:02,293 [EventQueue-DeleteBlockStatusForDeletedBlockLogImpl] WARN  block.DeletedBlockLogImpl (DeletedBlockLogImpl.java:commitTransactions(205)) - Transaction txId=1 commit by dnId=0cd5f69f-229b-4e24-9dce-31aad898d52d for containerID=#1 failed. Corresponding entry not found.
2019-10-23 22:40:02,293 [EventQueue-DeleteBlockStatusForDeletedBlockLogImpl] WARN  block.DeletedBlockLogImpl (DeletedBlockLogImpl.java:commitTransactions(205)) - Transaction txId=1 commit by dnId=0cd5f69f-229b-4e24-9dce-31aad898d52d for containerID=#1 failed. Corresponding entry not found.
2019-10-23 22:40:02,293 [EventQueue-DeleteBlockStatusForDeletedBlockLogImpl] WARN  block.DeletedBlockLogImpl (DeletedBlockLogImpl.java:commitTransactions(205)) - Transaction txId=1 commit by dnId=0cd5f69f-229b-4e24-9dce-31aad898d52d for containerID=#1 failed. Corresponding entry not found.
2019-10-23 22:40:02,293 [EventQueue-DeleteBlockStatusForDeletedBlockLogImpl] WARN  block.DeletedBlockLogImpl (DeletedBlockLogImpl.java:commitTransactions(205)) - Transaction txId=1 commit by dnId=0cd5f69f-229b-4e24-9dce-31aad898d52d for containerID=#1 failed. Corresponding entry not found.
2019-10-23 22:40:02,297 [Thread-903] INFO  impl.FollowerState (FollowerState.java:run(108)) - 0cd5f69f-229b-4e24-9dce-31aad898d52d@group-91CED867EC48-FollowerState: change to CANDIDATE, lastRpcTime:63ms, electionTimeout:63ms
2019-10-23 22:40:02,297 [Thread-903] INFO  impl.RoleInfo (RoleInfo.java:shutdownFollowerState(121)) - 0cd5f69f-229b-4e24-9dce-31aad898d52d: shutdown FollowerState
2019-10-23 22:40:02,297 [Thread-903] INFO  impl.RaftServerImpl (RaftServerImpl.java:setRole(184)) - 0cd5f69f-229b-4e24-9dce-31aad898d52d@group-91CED867EC48: changes role from  FOLLOWER to CANDIDATE at term 45 for changeToCandidate
2019-10-23 22:40:02,297 [Thread-903] INFO  impl.RoleInfo (RoleInfo.java:updateAndGet(143)) - 0cd5f69f-229b-4e24-9dce-31aad898d52d: start LeaderElection
2019-10-23 22:40:02,308 [0cd5f69f-229b-4e24-9dce-31aad898d52d@group-91CED867EC48-LeaderElection54] INFO  impl.LeaderElection (LeaderElection.java:askForVotes(178)) - 0cd5f69f-229b-4e24-9dce-31aad898d52d@group-91CED867EC48-LeaderElection54: begin an election at term 46 for 0: [0cd5f69f-229b-4e24-9dce-31aad898d52d:192.168.157.195:33132, 15de30e0-32e7-4789-867b-8c05fd0bfca2:192.168.157.195:43624, 2f4845be-2264-4a1a-8a27-f958336e1da9:192.168.157.195:36753], old=null
2019-10-23 22:40:02,310 [grpc-default-executor-6] INFO  impl.RaftServerImpl (RaftServerImpl.java:setRole(184)) - 2f4845be-2264-4a1a-8a27-f958336e1da9@group-91CED867EC48: changes role from  FOLLOWER to FOLLOWER at term 46 for recognizeCandidate:0cd5f69f-229b-4e24-9dce-31aad898d52d
2019-10-23 22:40:02,310 [grpc-default-executor-5] INFO  impl.RaftServerImpl (RaftServerImpl.java:setRole(184)) - 15de30e0-32e7-4789-867b-8c05fd0bfca2@group-91CED867EC48: changes role from  FOLLOWER to FOLLOWER at term 46 for recognizeCandidate:0cd5f69f-229b-4e24-9dce-31aad898d52d
2019-10-23 22:40:02,310 [grpc-default-executor-6] INFO  impl.RoleInfo (RoleInfo.java:shutdownFollowerState(121)) - 2f4845be-2264-4a1a-8a27-f958336e1da9: shutdown FollowerState
2019-10-23 22:40:02,310 [grpc-default-executor-5] INFO  impl.RoleInfo (RoleInfo.java:shutdownFollowerState(121)) - 15de30e0-32e7-4789-867b-8c05fd0bfca2: shutdown FollowerState
2019-10-23 22:40:02,311 [Thread-901] INFO  impl.FollowerState (FollowerState.java:run(117)) - 2f4845be-2264-4a1a-8a27-f958336e1da9@group-91CED867EC48-FollowerState was interrupted: java.lang.InterruptedException: sleep interrupted
2019-10-23 22:40:02,311 [grpc-default-executor-5] INFO  impl.RoleInfo (RoleInfo.java:updateAndGet(143)) - 15de30e0-32e7-4789-867b-8c05fd0bfca2: start FollowerState
2019-10-23 22:40:02,311 [grpc-default-executor-6] INFO  impl.RoleInfo (RoleInfo.java:updateAndGet(143)) - 2f4845be-2264-4a1a-8a27-f958336e1da9: start FollowerState
2019-10-23 22:40:02,311 [Thread-900] INFO  impl.FollowerState (FollowerState.java:run(117)) - 15de30e0-32e7-4789-867b-8c05fd0bfca2@group-91CED867EC48-FollowerState was interrupted: java.lang.InterruptedException: sleep interrupted
2019-10-23 22:40:02,326 [0cd5f69f-229b-4e24-9dce-31aad898d52d@group-91CED867EC48-LeaderElection54] INFO  impl.LeaderElection (LeaderElection.java:logAndReturn(56)) - 0cd5f69f-229b-4e24-9dce-31aad898d52d@group-91CED867EC48-LeaderElection54: Election REJECTED; received 2 response(s) [0cd5f69f-229b-4e24-9dce-31aad898d52d<-15de30e0-32e7-4789-867b-8c05fd0bfca2#0:FAIL-t46, 0cd5f69f-229b-4e24-9dce-31aad898d52d<-2f4845be-2264-4a1a-8a27-f958336e1da9#0:FAIL-t46] and 0 exception(s); 0cd5f69f-229b-4e24-9dce-31aad898d52d@group-91CED867EC48:t46, leader=null, voted=0cd5f69f-229b-4e24-9dce-31aad898d52d, raftlog=0cd5f69f-229b-4e24-9dce-31aad898d52d@group-91CED867EC48-SegmentedRaftLog:OPENED:c3,f4,i4, conf=0: [0cd5f69f-229b-4e24-9dce-31aad898d52d:192.168.157.195:33132, 15de30e0-32e7-4789-867b-8c05fd0bfca2:192.168.157.195:43624, 2f4845be-2264-4a1a-8a27-f958336e1da9:192.168.157.195:36753], old=null
2019-10-23 22:40:02,326 [0cd5f69f-229b-4e24-9dce-31aad898d52d@group-91CED867EC48-LeaderElection54] INFO  impl.RaftServerImpl (RaftServerImpl.java:setRole(184)) - 0cd5f69f-229b-4e24-9dce-31aad898d52d@group-91CED867EC48: changes role from CANDIDATE to FOLLOWER at term 46 for DISCOVERED_A_NEW_TERM
2019-10-23 22:40:02,326 [0cd5f69f-229b-4e24-9dce-31aad898d52d@group-91CED867EC48-LeaderElection54] INFO  impl.RoleInfo (RoleInfo.java:shutdownLeaderElection(134)) - 0cd5f69f-229b-4e24-9dce-31aad898d52d: shutdown LeaderElection
2019-10-23 22:40:02,326 [0cd5f69f-229b-4e24-9dce-31aad898d52d@group-91CED867EC48-LeaderElection54] INFO  impl.RoleInfo (RoleInfo.java:updateAndGet(143)) - 0cd5f69f-229b-4e24-9dce-31aad898d52d: start FollowerState
2019-10-23 22:40:02,346 [Thread-904] INFO  impl.FollowerState (FollowerState.java:run(108)) - 15de30e0-32e7-4789-867b-8c05fd0bfca2@group-D44E3B3540EA-FollowerState: change to CANDIDATE, lastRpcTime:112ms, electionTimeout:112ms
2019-10-23 22:40:02,346 [Thread-904] INFO  impl.RoleInfo (RoleInfo.java:shutdownFollowerState(121)) - 15de30e0-32e7-4789-867b-8c05fd0bfca2: shutdown FollowerState
2019-10-23 22:40:02,346 [Thread-904] INFO  impl.RaftServerImpl (RaftServerImpl.java:setRole(184)) - 15de30e0-32e7-4789-867b-8c05fd0bfca2@group-D44E3B3540EA: changes role from  FOLLOWER to CANDIDATE at term 7 for changeToCandidate
2019-10-23 22:40:02,346 [Thread-904] INFO  impl.RoleInfo (RoleInfo.java:updateAndGet(143)) - 15de30e0-32e7-4789-867b-8c05fd0bfca2: start LeaderElection
2019-10-23 22:40:02,356 [15de30e0-32e7-4789-867b-8c05fd0bfca2@group-D44E3B3540EA-LeaderElection55] INFO  impl.LeaderElection (LeaderElection.java:askForVotes(178)) - 15de30e0-32e7-4789-867b-8c05fd0bfca2@group-D44E3B3540EA-LeaderElection55: begin an election at term 8 for -1: [0cd5f69f-229b-4e24-9dce-31aad898d52d:192.168.157.195:33132, 15de30e0-32e7-4789-867b-8c05fd0bfca2:192.168.157.195:43624, 2f4845be-2264-4a1a-8a27-f958336e1da9:192.168.157.195:36753], old=null
2019-10-23 22:40:02,358 [grpc-default-executor-6] INFO  impl.RaftServerImpl (RaftServerImpl.java:setRole(184)) - 0cd5f69f-229b-4e24-9dce-31aad898d52d@group-D44E3B3540EA: changes role from  FOLLOWER to FOLLOWER at term 8 for recognizeCandidate:15de30e0-32e7-4789-867b-8c05fd0bfca2
2019-10-23 22:40:02,358 [grpc-default-executor-6] INFO  impl.RoleInfo (RoleInfo.java:shutdownFollowerState(121)) - 0cd5f69f-229b-4e24-9dce-31aad898d52d: shutdown FollowerState
2019-10-23 22:40:02,359 [grpc-default-executor-6] INFO  impl.RoleInfo (RoleInfo.java:updateAndGet(143)) - 0cd5f69f-229b-4e24-9dce-31aad898d52d: start FollowerState
2019-10-23 22:40:02,359 [grpc-default-executor-5] INFO  impl.RaftServerImpl (RaftServerImpl.java:setRole(184)) - 2f4845be-2264-4a1a-8a27-f958336e1da9@group-D44E3B3540EA: changes role from  FOLLOWER to FOLLOWER at term 8 for recognizeCandidate:15de30e0-32e7-4789-867b-8c05fd0bfca2
2019-10-23 22:40:02,359 [Thread-899] INFO  impl.FollowerState (FollowerState.java:run(117)) - 0cd5f69f-229b-4e24-9dce-31aad898d52d@group-D44E3B3540EA-FollowerState was interrupted: java.lang.InterruptedException: sleep interrupted
2019-10-23 22:40:02,359 [grpc-default-executor-5] INFO  impl.RoleInfo (RoleInfo.java:shutdownFollowerState(121)) - 2f4845be-2264-4a1a-8a27-f958336e1da9: shutdown FollowerState
2019-10-23 22:40:02,359 [grpc-default-executor-5] INFO  impl.RoleInfo (RoleInfo.java:updateAndGet(143)) - 2f4845be-2264-4a1a-8a27-f958336e1da9: start FollowerState
2019-10-23 22:40:02,359 [Thread-902] INFO  impl.FollowerState (FollowerState.java:run(117)) - 2f4845be-2264-4a1a-8a27-f958336e1da9@group-D44E3B3540EA-FollowerState was interrupted: java.lang.InterruptedException: sleep interrupted
2019-10-23 22:40:02,365 [Thread-913] INFO  impl.FollowerState (FollowerState.java:run(108)) - 0cd5f69f-229b-4e24-9dce-31aad898d52d@group-91CED867EC48-FollowerState: change to CANDIDATE, lastRpcTime:38ms, electionTimeout:38ms
2019-10-23 22:40:02,365 [Thread-913] INFO  impl.RoleInfo (RoleInfo.java:shutdownFollowerState(121)) - 0cd5f69f-229b-4e24-9dce-31aad898d52d: shutdown FollowerState
2019-10-23 22:40:02,365 [Thread-913] INFO  impl.RaftServerImpl (RaftServerImpl.java:setRole(184)) - 0cd5f69f-229b-4e24-9dce-31aad898d52d@group-91CED867EC48: changes role from  FOLLOWER to CANDIDATE at term 46 for changeToCandidate
2019-10-23 22:40:02,365 [Thread-913] INFO  impl.RoleInfo (RoleInfo.java:updateAndGet(143)) - 0cd5f69f-229b-4e24-9dce-31aad898d52d: start LeaderElection
2019-10-23 22:40:02,374 [0cd5f69f-229b-4e24-9dce-31aad898d52d@group-91CED867EC48-LeaderElection56] INFO  impl.LeaderElection (LeaderElection.java:askForVotes(178)) - 0cd5f69f-229b-4e24-9dce-31aad898d52d@group-91CED867EC48-LeaderElection56: begin an election at term 47 for 0: [0cd5f69f-229b-4e24-9dce-31aad898d52d:192.168.157.195:33132, 15de30e0-32e7-4789-867b-8c05fd0bfca2:192.168.157.195:43624, 2f4845be-2264-4a1a-8a27-f958336e1da9:192.168.157.195:36753], old=null
2019-10-23 22:40:02,376 [15de30e0-32e7-4789-867b-8c05fd0bfca2@group-D44E3B3540EA-LeaderElection55] INFO  impl.LeaderElection (LeaderElection.java:logAndReturn(56)) - 15de30e0-32e7-4789-867b-8c05fd0bfca2@group-D44E3B3540EA-LeaderElection55: Election REJECTED; received 2 response(s) [15de30e0-32e7-4789-867b-8c05fd0bfca2<-0cd5f69f-229b-4e24-9dce-31aad898d52d#0:FAIL-t8, 15de30e0-32e7-4789-867b-8c05fd0bfca2<-2f4845be-2264-4a1a-8a27-f958336e1da9#0:FAIL-t8] and 0 exception(s); 15de30e0-32e7-4789-867b-8c05fd0bfca2@group-D44E3B3540EA:t8, leader=null, voted=15de30e0-32e7-4789-867b-8c05fd0bfca2, raftlog=15de30e0-32e7-4789-867b-8c05fd0bfca2@group-D44E3B3540EA-SegmentedRaftLog:OPENED:c-1,f-1,i0, conf=-1: [0cd5f69f-229b-4e24-9dce-31aad898d52d:192.168.157.195:33132, 15de30e0-32e7-4789-867b-8c05fd0bfca2:192.168.157.195:43624, 2f4845be-2264-4a1a-8a27-f958336e1da9:192.168.157.195:36753], old=null
2019-10-23 22:40:02,376 [15de30e0-32e7-4789-867b-8c05fd0bfca2@group-D44E3B3540EA-LeaderElection55] INFO  impl.RaftServerImpl (RaftServerImpl.java:setRole(184)) - 15de30e0-32e7-4789-867b-8c05fd0bfca2@group-D44E3B3540EA: changes role from CANDIDATE to FOLLOWER at term 8 for DISCOVERED_A_NEW_TERM
2019-10-23 22:40:02,376 [15de30e0-32e7-4789-867b-8c05fd0bfca2@group-D44E3B3540EA-LeaderElection55] INFO  impl.RoleInfo (RoleInfo.java:shutdownLeaderElection(134)) - 15de30e0-32e7-4789-867b-8c05fd0bfca2: shutdown LeaderElection
2019-10-23 22:40:02,376 [15de30e0-32e7-4789-867b-8c05fd0bfca2@group-D44E3B3540EA-LeaderElection55] INFO  impl.RoleInfo (RoleInfo.java:updateAndGet(143)) - 15de30e0-32e7-4789-867b-8c05fd0bfca2: start FollowerState
2019-10-23 22:40:02,376 [grpc-default-executor-5] INFO  impl.RaftServerImpl (RaftServerImpl.java:setRole(184)) - 15de30e0-32e7-4789-867b-8c05fd0bfca2@group-91CED867EC48: changes role from  FOLLOWER to FOLLOWER at term 47 for recognizeCandidate:0cd5f69f-229b-4e24-9dce-31aad898d52d
2019-10-23 22:40:02,377 [grpc-default-executor-6] INFO  impl.RaftServerImpl (RaftServerImpl.java:setRole(184)) - 2f4845be-2264-4a1a-8a27-f958336e1da9@group-91CED867EC48: changes role from  FOLLOWER to FOLLOWER at term 47 for recognizeCandidate:0cd5f69f-229b-4e24-9dce-31aad898d52d
2019-10-23 22:40:02,377 [grpc-default-executor-5] INFO  impl.RoleInfo (RoleInfo.java:shutdownFollowerState(121)) - 15de30e0-32e7-4789-867b-8c05fd0bfca2: shutdown FollowerState
2019-10-23 22:40:02,377 [grpc-default-executor-6] INFO  impl.RoleInfo (RoleInfo.java:shutdownFollowerState(121)) - 2f4845be-2264-4a1a-8a27-f958336e1da9: shutdown FollowerState
2019-10-23 22:40:02,377 [grpc-default-executor-5] INFO  impl.RoleInfo (RoleInfo.java:updateAndGet(143)) - 15de30e0-32e7-4789-867b-8c05fd0bfca2: start FollowerState
2019-10-23 22:40:02,377 [Thread-912] INFO  impl.FollowerState (FollowerState.java:run(117)) - 15de30e0-32e7-4789-867b-8c05fd0bfca2@group-91CED867EC48-FollowerState was interrupted: java.lang.InterruptedException: sleep interrupted
2019-10-23 22:40:02,377 [Thread-911] INFO  impl.FollowerState (FollowerState.java:run(117)) - 2f4845be-2264-4a1a-8a27-f958336e1da9@group-91CED867EC48-FollowerState was interrupted: java.lang.InterruptedException: sleep interrupted
2019-10-23 22:40:02,377 [grpc-default-executor-6] INFO  impl.RoleInfo (RoleInfo.java:updateAndGet(143)) - 2f4845be-2264-4a1a-8a27-f958336e1da9: start FollowerState
2019-10-23 22:40:02,379 [0cd5f69f-229b-4e24-9dce-31aad898d52d@group-91CED867EC48-LeaderElection56] INFO  impl.LeaderElection (LeaderElection.java:logAndReturn(56)) - 0cd5f69f-229b-4e24-9dce-31aad898d52d@group-91CED867EC48-LeaderElection56: Election TIMEOUT; received 0 response(s) [] and 0 exception(s); 0cd5f69f-229b-4e24-9dce-31aad898d52d@group-91CED867EC48:t47, leader=null, voted=0cd5f69f-229b-4e24-9dce-31aad898d52d, raftlog=0cd5f69f-229b-4e24-9dce-31aad898d52d@group-91CED867EC48-SegmentedRaftLog:OPENED:c3,f4,i4, conf=0: [0cd5f69f-229b-4e24-9dce-31aad898d52d:192.168.157.195:33132, 15de30e0-32e7-4789-867b-8c05fd0bfca2:192.168.157.195:43624, 2f4845be-2264-4a1a-8a27-f958336e1da9:192.168.157.195:36753], old=null
2019-10-23 22:40:02,392 [0cd5f69f-229b-4e24-9dce-31aad898d52d@group-91CED867EC48-LeaderElection56] INFO  impl.LeaderElection (LeaderElection.java:askForVotes(178)) - 0cd5f69f-229b-4e24-9dce-31aad898d52d@group-91CED867EC48-LeaderElection56: begin an election at term 48 for 0: [0cd5f69f-229b-4e24-9dce-31aad898d52d:192.168.157.195:33132, 15de30e0-32e7-4789-867b-8c05fd0bfca2:192.168.157.195:43624, 2f4845be-2264-4a1a-8a27-f958336e1da9:192.168.157.195:36753], old=null
2019-10-23 22:40:02,394 [grpc-default-executor-5] INFO  impl.RaftServerImpl (RaftServerImpl.java:setRole(184)) - 15de30e0-32e7-4789-867b-8c05fd0bfca2@group-91CED867EC48: changes role from  FOLLOWER to FOLLOWER at term 48 for recognizeCandidate:0cd5f69f-229b-4e24-9dce-31aad898d52d
2019-10-23 22:40:02,394 [grpc-default-executor-5] INFO  impl.RoleInfo (RoleInfo.java:shutdownFollowerState(121)) - 15de30e0-32e7-4789-867b-8c05fd0bfca2: shutdown FollowerState
2019-10-23 22:40:02,394 [grpc-default-executor-6] INFO  impl.RaftServerImpl (RaftServerImpl.java:setRole(184)) - 2f4845be-2264-4a1a-8a27-f958336e1da9@group-91CED867EC48: changes role from  FOLLOWER to FOLLOWER at term 48 for recognizeCandidate:0cd5f69f-229b-4e24-9dce-31aad898d52d
2019-10-23 22:40:02,394 [Thread-923] INFO  impl.FollowerState (FollowerState.java:run(117)) - 15de30e0-32e7-4789-867b-8c05fd0bfca2@group-91CED867EC48-FollowerState was interrupted: java.lang.InterruptedException: sleep interrupted
2019-10-23 22:40:02,394 [grpc-default-executor-5] INFO  impl.RoleInfo (RoleInfo.java:updateAndGet(143)) - 15de30e0-32e7-4789-867b-8c05fd0bfca2: start FollowerState
2019-10-23 22:40:02,394 [grpc-default-executor-6] INFO  impl.RoleInfo (RoleInfo.java:shutdownFollowerState(121)) - 2f4845be-2264-4a1a-8a27-f958336e1da9: shutdown FollowerState
2019-10-23 22:40:02,395 [grpc-default-executor-6] INFO  impl.RoleInfo (RoleInfo.java:updateAndGet(143)) - 2f4845be-2264-4a1a-8a27-f958336e1da9: start FollowerState
2019-10-23 22:40:02,395 [Thread-924] INFO  impl.FollowerState (FollowerState.java:run(117)) - 2f4845be-2264-4a1a-8a27-f958336e1da9@group-91CED867EC48-FollowerState was interrupted: java.lang.InterruptedException: sleep interrupted
2019-10-23 22:40:02,410 [0cd5f69f-229b-4e24-9dce-31aad898d52d@group-91CED867EC48-LeaderElection56] INFO  impl.LeaderElection (LeaderElection.java:logAndReturn(56)) - 0cd5f69f-229b-4e24-9dce-31aad898d52d@group-91CED867EC48-LeaderElection56: Election REJECTED; received 2 response(s) [0cd5f69f-229b-4e24-9dce-31aad898d52d<-15de30e0-32e7-4789-867b-8c05fd0bfca2#0:FAIL-t48, 0cd5f69f-229b-4e24-9dce-31aad898d52d<-2f4845be-2264-4a1a-8a27-f958336e1da9#0:FAIL-t48] and 0 exception(s); 0cd5f69f-229b-4e24-9dce-31aad898d52d@group-91CED867EC48:t48, leader=null, voted=0cd5f69f-229b-4e24-9dce-31aad898d52d, raftlog=0cd5f69f-229b-4e24-9dce-31aad898d52d@group-91CED867EC48-SegmentedRaftLog:OPENED:c3,f4,i4, conf=0: [0cd5f69f-229b-4e24-9dce-31aad898d52d:192.168.157.195:33132, 15de30e0-32e7-4789-867b-8c05fd0bfca2:192.168.157.195:43624, 2f4845be-2264-4a1a-8a27-f958336e1da9:192.168.157.195:36753], old=null
2019-10-23 22:40:02,410 [0cd5f69f-229b-4e24-9dce-31aad898d52d@group-91CED867EC48-LeaderElection56] INFO  impl.RaftServerImpl (RaftServerImpl.java:setRole(184)) - 0cd5f69f-229b-4e24-9dce-31aad898d52d@group-91CED867EC48: changes role from CANDIDATE to FOLLOWER at term 48 for DISCOVERED_A_NEW_TERM
2019-10-23 22:40:02,410 [0cd5f69f-229b-4e24-9dce-31aad898d52d@group-91CED867EC48-LeaderElection56] INFO  impl.RoleInfo (RoleInfo.java:shutdownLeaderElection(134)) - 0cd5f69f-229b-4e24-9dce-31aad898d52d: shutdown LeaderElection
2019-10-23 22:40:02,410 [0cd5f69f-229b-4e24-9dce-31aad898d52d@group-91CED867EC48-LeaderElection56] INFO  impl.RoleInfo (RoleInfo.java:updateAndGet(143)) - 0cd5f69f-229b-4e24-9dce-31aad898d52d: start FollowerState
2019-10-23 22:40:02,510 [Thread-922] INFO  impl.FollowerState (FollowerState.java:run(108)) - 15de30e0-32e7-4789-867b-8c05fd0bfca2@group-D44E3B3540EA-FollowerState: change to CANDIDATE, lastRpcTime:133ms, electionTimeout:133ms
2019-10-23 22:40:02,510 [Thread-922] INFO  impl.RoleInfo (RoleInfo.java:shutdownFollowerState(121)) - 15de30e0-32e7-4789-867b-8c05fd0bfca2: shutdown FollowerState
2019-10-23 22:40:02,510 [Thread-922] INFO  impl.RaftServerImpl (RaftServerImpl.java:setRole(184)) - 15de30e0-32e7-4789-867b-8c05fd0bfca2@group-D44E3B3540EA: changes role from  FOLLOWER to CANDIDATE at term 8 for changeToCandidate
2019-10-23 22:40:02,511 [Thread-922] INFO  impl.RoleInfo (RoleInfo.java:updateAndGet(143)) - 15de30e0-32e7-4789-867b-8c05fd0bfca2: start LeaderElection
2019-10-23 22:40:02,518 [15de30e0-32e7-4789-867b-8c05fd0bfca2@group-D44E3B3540EA-LeaderElection57] INFO  impl.LeaderElection (LeaderElection.java:askForVotes(178)) - 15de30e0-32e7-4789-867b-8c05fd0bfca2@group-D44E3B3540EA-LeaderElection57: begin an election at term 9 for -1: [0cd5f69f-229b-4e24-9dce-31aad898d52d:192.168.157.195:33132, 15de30e0-32e7-4789-867b-8c05fd0bfca2:192.168.157.195:43624, 2f4845be-2264-4a1a-8a27-f958336e1da9:192.168.157.195:36753], old=null
2019-10-23 22:40:02,522 [grpc-default-executor-6] INFO  impl.RaftServerImpl (RaftServerImpl.java:setRole(184)) - 0cd5f69f-229b-4e24-9dce-31aad898d52d@group-D44E3B3540EA: changes role from  FOLLOWER to FOLLOWER at term 9 for recognizeCandidate:15de30e0-32e7-4789-867b-8c05fd0bfca2
2019-10-23 22:40:02,522 [grpc-default-executor-6] INFO  impl.RoleInfo (RoleInfo.java:shutdownFollowerState(121)) - 0cd5f69f-229b-4e24-9dce-31aad898d52d: shutdown FollowerState
2019-10-23 22:40:02,522 [grpc-default-executor-6] INFO  impl.RoleInfo (RoleInfo.java:updateAndGet(143)) - 0cd5f69f-229b-4e24-9dce-31aad898d52d: start FollowerState
2019-10-23 22:40:02,522 [Thread-917] INFO  impl.FollowerState (FollowerState.java:run(117)) - 0cd5f69f-229b-4e24-9dce-31aad898d52d@group-D44E3B3540EA-FollowerState was interrupted: java.lang.InterruptedException: sleep interrupted
2019-10-23 22:40:02,522 [grpc-default-executor-5] INFO  impl.RaftServerImpl (RaftServerImpl.java:setRole(184)) - 2f4845be-2264-4a1a-8a27-f958336e1da9@group-D44E3B3540EA: changes role from  FOLLOWER to FOLLOWER at term 9 for recognizeCandidate:15de30e0-32e7-4789-867b-8c05fd0bfca2
2019-10-23 22:40:02,522 [grpc-default-executor-5] INFO  impl.RoleInfo (RoleInfo.java:shutdownFollowerState(121)) - 2f4845be-2264-4a1a-8a27-f958336e1da9: shutdown FollowerState
2019-10-23 22:40:02,523 [grpc-default-executor-5] INFO  impl.RoleInfo (RoleInfo.java:updateAndGet(143)) - 2f4845be-2264-4a1a-8a27-f958336e1da9: start FollowerState
2019-10-23 22:40:02,523 [Thread-918] INFO  impl.FollowerState (FollowerState.java:run(117)) - 2f4845be-2264-4a1a-8a27-f958336e1da9@group-D44E3B3540EA-FollowerState was interrupted: java.lang.InterruptedException: sleep interrupted
2019-10-23 22:40:02,535 [Thread-929] INFO  impl.FollowerState (FollowerState.java:run(108)) - 0cd5f69f-229b-4e24-9dce-31aad898d52d@group-91CED867EC48-FollowerState: change to CANDIDATE, lastRpcTime:124ms, electionTimeout:124ms
2019-10-23 22:40:02,535 [Thread-929] INFO  impl.RoleInfo (RoleInfo.java:shutdownFollowerState(121)) - 0cd5f69f-229b-4e24-9dce-31aad898d52d: shutdown FollowerState
2019-10-23 22:40:02,535 [Thread-929] INFO  impl.RaftServerImpl (RaftServerImpl.java:setRole(184)) - 0cd5f69f-229b-4e24-9dce-31aad898d52d@group-91CED867EC48: changes role from  FOLLOWER to CANDIDATE at term 48 for changeToCandidate
2019-10-23 22:40:02,535 [Thread-929] INFO  impl.RoleInfo (RoleInfo.java:updateAndGet(143)) - 0cd5f69f-229b-4e24-9dce-31aad898d52d: start LeaderElection
2019-10-23 22:40:02,549 [15de30e0-32e7-4789-867b-8c05fd0bfca2@group-D44E3B3540EA-LeaderElection57] INFO  impl.LeaderElection (LeaderElection.java:logAndReturn(56)) - 15de30e0-32e7-4789-867b-8c05fd0bfca2@group-D44E3B3540EA-LeaderElection57: Election TIMEOUT; received 0 response(s) [] and 0 exception(s); 15de30e0-32e7-4789-867b-8c05fd0bfca2@group-D44E3B3540EA:t9, leader=null, voted=15de30e0-32e7-4789-867b-8c05fd0bfca2, raftlog=15de30e0-32e7-4789-867b-8c05fd0bfca2@group-D44E3B3540EA-SegmentedRaftLog:OPENED:c-1,f-1,i0, conf=-1: [0cd5f69f-229b-4e24-9dce-31aad898d52d:192.168.157.195:33132, 15de30e0-32e7-4789-867b-8c05fd0bfca2:192.168.157.195:43624, 2f4845be-2264-4a1a-8a27-f958336e1da9:192.168.157.195:36753], old=null
2019-10-23 22:40:02,579 [15de30e0-32e7-4789-867b-8c05fd0bfca2@group-D44E3B3540EA-LeaderElection57] INFO  impl.LeaderElection (LeaderElection.java:askForVotes(178)) - 15de30e0-32e7-4789-867b-8c05fd0bfca2@group-D44E3B3540EA-LeaderElection57: begin an election at term 10 for -1: [0cd5f69f-229b-4e24-9dce-31aad898d52d:192.168.157.195:33132, 15de30e0-32e7-4789-867b-8c05fd0bfca2:192.168.157.195:43624, 2f4845be-2264-4a1a-8a27-f958336e1da9:192.168.157.195:36753], old=null
2019-10-23 22:40:02,579 [0cd5f69f-229b-4e24-9dce-31aad898d52d@group-91CED867EC48-LeaderElection58] INFO  impl.LeaderElection (LeaderElection.java:askForVotes(178)) - 0cd5f69f-229b-4e24-9dce-31aad898d52d@group-91CED867EC48-LeaderElection58: begin an election at term 49 for 0: [0cd5f69f-229b-4e24-9dce-31aad898d52d:192.168.157.195:33132, 15de30e0-32e7-4789-867b-8c05fd0bfca2:192.168.157.195:43624, 2f4845be-2264-4a1a-8a27-f958336e1da9:192.168.157.195:36753], old=null
2019-10-23 22:40:02,583 [grpc-default-executor-5] INFO  impl.RaftServerImpl (RaftServerImpl.java:setRole(184)) - 0cd5f69f-229b-4e24-9dce-31aad898d52d@group-D44E3B3540EA: changes role from  FOLLOWER to FOLLOWER at term 10 for recognizeCandidate:15de30e0-32e7-4789-867b-8c05fd0bfca2
2019-10-23 22:40:02,583 [grpc-default-executor-5] INFO  impl.RoleInfo (RoleInfo.java:shutdownFollowerState(121)) - 0cd5f69f-229b-4e24-9dce-31aad898d52d: shutdown FollowerState
2019-10-23 22:40:02,583 [grpc-default-executor-5] INFO  impl.RoleInfo (RoleInfo.java:updateAndGet(143)) - 0cd5f69f-229b-4e24-9dce-31aad898d52d: start FollowerState
2019-10-23 22:40:02,583 [grpc-default-executor-6] INFO  impl.RaftServerImpl (RaftServerImpl.java:setRole(184)) - 2f4845be-2264-4a1a-8a27-f958336e1da9@group-91CED867EC48: changes role from  FOLLOWER to FOLLOWER at term 49 for recognizeCandidate:0cd5f69f-229b-4e24-9dce-31aad898d52d
2019-10-23 22:40:02,583 [Thread-933] INFO  impl.FollowerState (FollowerState.java:run(117)) - 0cd5f69f-229b-4e24-9dce-31aad898d52d@group-D44E3B3540EA-FollowerState was interrupted: java.lang.InterruptedException: sleep interrupted
2019-10-23 22:40:02,584 [grpc-default-executor-6] INFO  impl.RoleInfo (RoleInfo.java:shutdownFollowerState(121)) - 2f4845be-2264-4a1a-8a27-f958336e1da9: shutdown FollowerState
2019-10-23 22:40:02,583 [grpc-default-executor-4] INFO  impl.RaftServerImpl (RaftServerImpl.java:setRole(184)) - 2f4845be-2264-4a1a-8a27-f958336e1da9@group-D44E3B3540EA: changes role from  FOLLOWER to FOLLOWER at term 10 for recognizeCandidate:15de30e0-32e7-4789-867b-8c05fd0bfca2
2019-10-23 22:40:02,583 [grpc-default-executor-7] INFO  impl.RaftServerImpl (RaftServerImpl.java:setRole(184)) - 15de30e0-32e7-4789-867b-8c05fd0bfca2@group-91CED867EC48: changes role from  FOLLOWER to FOLLOWER at term 49 for recognizeCandidate:0cd5f69f-229b-4e24-9dce-31aad898d52d
2019-10-23 22:40:02,584 [grpc-default-executor-4] INFO  impl.RoleInfo (RoleInfo.java:shutdownFollowerState(121)) - 2f4845be-2264-4a1a-8a27-f958336e1da9: shutdown FollowerState
2019-10-23 22:40:02,584 [grpc-default-executor-6] INFO  impl.RoleInfo (RoleInfo.java:updateAndGet(143)) - 2f4845be-2264-4a1a-8a27-f958336e1da9: start FollowerState
2019-10-23 22:40:02,584 [Thread-928] INFO  impl.FollowerState (FollowerState.java:run(117)) - 2f4845be-2264-4a1a-8a27-f958336e1da9@group-91CED867EC48-FollowerState was interrupted: java.lang.InterruptedException: sleep interrupted
2019-10-23 22:40:02,584 [grpc-default-executor-4] INFO  impl.RoleInfo (RoleInfo.java:updateAndGet(143)) - 2f4845be-2264-4a1a-8a27-f958336e1da9: start FollowerState
2019-10-23 22:40:02,584 [Thread-934] INFO  impl.FollowerState (FollowerState.java:run(117)) - 2f4845be-2264-4a1a-8a27-f958336e1da9@group-D44E3B3540EA-FollowerState was interrupted: java.lang.InterruptedException: sleep interrupted
2019-10-23 22:40:02,584 [grpc-default-executor-7] INFO  impl.RoleInfo (RoleInfo.java:shutdownFollowerState(121)) - 15de30e0-32e7-4789-867b-8c05fd0bfca2: shutdown FollowerState
2019-10-23 22:40:02,585 [Thread-927] INFO  impl.FollowerState (FollowerState.java:run(117)) - 15de30e0-32e7-4789-867b-8c05fd0bfca2@group-91CED867EC48-FollowerState was interrupted: java.lang.InterruptedException: sleep interrupted
2019-10-23 22:40:02,585 [grpc-default-executor-7] INFO  impl.RoleInfo (RoleInfo.java:updateAndGet(143)) - 15de30e0-32e7-4789-867b-8c05fd0bfca2: start FollowerState
2019-10-23 22:40:02,599 [15de30e0-32e7-4789-867b-8c05fd0bfca2@group-D44E3B3540EA-LeaderElection57] INFO  impl.LeaderElection (LeaderElection.java:logAndReturn(56)) - 15de30e0-32e7-4789-867b-8c05fd0bfca2@group-D44E3B3540EA-LeaderElection57: Election REJECTED; received 2 response(s) [15de30e0-32e7-4789-867b-8c05fd0bfca2<-0cd5f69f-229b-4e24-9dce-31aad898d52d#0:FAIL-t10, 15de30e0-32e7-4789-867b-8c05fd0bfca2<-2f4845be-2264-4a1a-8a27-f958336e1da9#0:FAIL-t10] and 0 exception(s); 15de30e0-32e7-4789-867b-8c05fd0bfca2@group-D44E3B3540EA:t10, leader=null, voted=15de30e0-32e7-4789-867b-8c05fd0bfca2, raftlog=15de30e0-32e7-4789-867b-8c05fd0bfca2@group-D44E3B3540EA-SegmentedRaftLog:OPENED:c-1,f-1,i0, conf=-1: [0cd5f69f-229b-4e24-9dce-31aad898d52d:192.168.157.195:33132, 15de30e0-32e7-4789-867b-8c05fd0bfca2:192.168.157.195:43624, 2f4845be-2264-4a1a-8a27-f958336e1da9:192.168.157.195:36753], old=null
2019-10-23 22:40:02,599 [15de30e0-32e7-4789-867b-8c05fd0bfca2@group-D44E3B3540EA-LeaderElection57] INFO  impl.RaftServerImpl (RaftServerImpl.java:setRole(184)) - 15de30e0-32e7-4789-867b-8c05fd0bfca2@group-D44E3B3540EA: changes role from CANDIDATE to FOLLOWER at term 10 for DISCOVERED_A_NEW_TERM
2019-10-23 22:40:02,599 [0cd5f69f-229b-4e24-9dce-31aad898d52d@group-91CED867EC48-LeaderElection58] INFO  impl.LeaderElection (LeaderElection.java:logAndReturn(56)) - 0cd5f69f-229b-4e24-9dce-31aad898d52d@group-91CED867EC48-LeaderElection58: Election REJECTED; received 2 response(s) [0cd5f69f-229b-4e24-9dce-31aad898d52d<-15de30e0-32e7-4789-867b-8c05fd0bfca2#0:FAIL-t49, 0cd5f69f-229b-4e24-9dce-31aad898d52d<-2f4845be-2264-4a1a-8a27-f958336e1da9#0:FAIL-t49] and 0 exception(s); 0cd5f69f-229b-4e24-9dce-31aad898d52d@group-91CED867EC48:t49, leader=null, voted=0cd5f69f-229b-4e24-9dce-31aad898d52d, raftlog=0cd5f69f-229b-4e24-9dce-31aad898d52d@group-91CED867EC48-SegmentedRaftLog:OPENED:c3,f4,i4, conf=0: [0cd5f69f-229b-4e24-9dce-31aad898d52d:192.168.157.195:33132, 15de30e0-32e7-4789-867b-8c05fd0bfca2:192.168.157.195:43624, 2f4845be-2264-4a1a-8a27-f958336e1da9:192.168.157.195:36753], old=null
2019-10-23 22:40:02,599 [15de30e0-32e7-4789-867b-8c05fd0bfca2@group-D44E3B3540EA-LeaderElection57] INFO  impl.RoleInfo (RoleInfo.java:shutdownLeaderElection(134)) - 15de30e0-32e7-4789-867b-8c05fd0bfca2: shutdown LeaderElection
2019-10-23 22:40:02,599 [0cd5f69f-229b-4e24-9dce-31aad898d52d@group-91CED867EC48-LeaderElection58] INFO  impl.RaftServerImpl (RaftServerImpl.java:setRole(184)) - 0cd5f69f-229b-4e24-9dce-31aad898d52d@group-91CED867EC48: changes role from CANDIDATE to FOLLOWER at term 49 for DISCOVERED_A_NEW_TERM
2019-10-23 22:40:02,600 [15de30e0-32e7-4789-867b-8c05fd0bfca2@group-D44E3B3540EA-LeaderElection57] INFO  impl.RoleInfo (RoleInfo.java:updateAndGet(143)) - 15de30e0-32e7-4789-867b-8c05fd0bfca2: start FollowerState
2019-10-23 22:40:02,600 [0cd5f69f-229b-4e24-9dce-31aad898d52d@group-91CED867EC48-LeaderElection58] INFO  impl.RoleInfo (RoleInfo.java:shutdownLeaderElection(134)) - 0cd5f69f-229b-4e24-9dce-31aad898d52d: shutdown LeaderElection
2019-10-23 22:40:02,600 [0cd5f69f-229b-4e24-9dce-31aad898d52d@group-91CED867EC48-LeaderElection58] INFO  impl.RoleInfo (RoleInfo.java:updateAndGet(143)) - 0cd5f69f-229b-4e24-9dce-31aad898d52d: start FollowerState
2019-10-23 22:40:02,681 [Thread-944] INFO  impl.FollowerState (FollowerState.java:run(108)) - 15de30e0-32e7-4789-867b-8c05fd0bfca2@group-D44E3B3540EA-FollowerState: change to CANDIDATE, lastRpcTime:81ms, electionTimeout:81ms
2019-10-23 22:40:02,681 [Thread-944] INFO  impl.RoleInfo (RoleInfo.java:shutdownFollowerState(121)) - 15de30e0-32e7-4789-867b-8c05fd0bfca2: shutdown FollowerState
2019-10-23 22:40:02,681 [Thread-944] INFO  impl.RaftServerImpl (RaftServerImpl.java:setRole(184)) - 15de30e0-32e7-4789-867b-8c05fd0bfca2@group-D44E3B3540EA: changes role from  FOLLOWER to CANDIDATE at term 10 for changeToCandidate
2019-10-23 22:40:02,682 [Thread-944] INFO  impl.RoleInfo (RoleInfo.java:updateAndGet(143)) - 15de30e0-32e7-4789-867b-8c05fd0bfca2: start LeaderElection
2019-10-23 22:40:02,690 [15de30e0-32e7-4789-867b-8c05fd0bfca2@group-D44E3B3540EA-LeaderElection59] INFO  impl.LeaderElection (LeaderElection.java:askForVotes(178)) - 15de30e0-32e7-4789-867b-8c05fd0bfca2@group-D44E3B3540EA-LeaderElection59: begin an election at term 11 for -1: [0cd5f69f-229b-4e24-9dce-31aad898d52d:192.168.157.195:33132, 15de30e0-32e7-4789-867b-8c05fd0bfca2:192.168.157.195:43624, 2f4845be-2264-4a1a-8a27-f958336e1da9:192.168.157.195:36753], old=null
2019-10-23 22:40:02,694 [grpc-default-executor-6] INFO  impl.RaftServerImpl (RaftServerImpl.java:setRole(184)) - 0cd5f69f-229b-4e24-9dce-31aad898d52d@group-D44E3B3540EA: changes role from  FOLLOWER to FOLLOWER at term 11 for recognizeCandidate:15de30e0-32e7-4789-867b-8c05fd0bfca2
2019-10-23 22:40:02,694 [grpc-default-executor-6] INFO  impl.RoleInfo (RoleInfo.java:shutdownFollowerState(121)) - 0cd5f69f-229b-4e24-9dce-31aad898d52d: shutdown FollowerState
2019-10-23 22:40:02,694 [grpc-default-executor-6] INFO  impl.RoleInfo (RoleInfo.java:updateAndGet(143)) - 0cd5f69f-229b-4e24-9dce-31aad898d52d: start FollowerState
2019-10-23 22:40:02,694 [Thread-940] INFO  impl.FollowerState (FollowerState.java:run(117)) - 0cd5f69f-229b-4e24-9dce-31aad898d52d@group-D44E3B3540EA-FollowerState was interrupted: java.lang.InterruptedException: sleep interrupted
2019-10-23 22:40:02,694 [grpc-default-executor-5] INFO  impl.RaftServerImpl (RaftServerImpl.java:setRole(184)) - 2f4845be-2264-4a1a-8a27-f958336e1da9@group-D44E3B3540EA: changes role from  FOLLOWER to FOLLOWER at term 11 for recognizeCandidate:15de30e0-32e7-4789-867b-8c05fd0bfca2
2019-10-23 22:40:02,695 [grpc-default-executor-5] INFO  impl.RoleInfo (RoleInfo.java:shutdownFollowerState(121)) - 2f4845be-2264-4a1a-8a27-f958336e1da9: shutdown FollowerState
2019-10-23 22:40:02,695 [Thread-942] INFO  impl.FollowerState (FollowerState.java:run(117)) - 2f4845be-2264-4a1a-8a27-f958336e1da9@group-D44E3B3540EA-FollowerState was interrupted: java.lang.InterruptedException: sleep interrupted
2019-10-23 22:40:02,695 [grpc-default-executor-5] INFO  impl.RoleInfo (RoleInfo.java:updateAndGet(143)) - 2f4845be-2264-4a1a-8a27-f958336e1da9: start FollowerState
2019-10-23 22:40:02,702 [15de30e0-32e7-4789-867b-8c05fd0bfca2@group-D44E3B3540EA-LeaderElection59] INFO  impl.LeaderElection (LeaderElection.java:logAndReturn(56)) - 15de30e0-32e7-4789-867b-8c05fd0bfca2@group-D44E3B3540EA-LeaderElection59: Election REJECTED; received 2 response(s) [15de30e0-32e7-4789-867b-8c05fd0bfca2<-0cd5f69f-229b-4e24-9dce-31aad898d52d#0:FAIL-t11, 15de30e0-32e7-4789-867b-8c05fd0bfca2<-2f4845be-2264-4a1a-8a27-f958336e1da9#0:FAIL-t11] and 0 exception(s); 15de30e0-32e7-4789-867b-8c05fd0bfca2@group-D44E3B3540EA:t11, leader=null, voted=15de30e0-32e7-4789-867b-8c05fd0bfca2, raftlog=15de30e0-32e7-4789-867b-8c05fd0bfca2@group-D44E3B3540EA-SegmentedRaftLog:OPENED:c-1,f-1,i0, conf=-1: [0cd5f69f-229b-4e24-9dce-31aad898d52d:192.168.157.195:33132, 15de30e0-32e7-4789-867b-8c05fd0bfca2:192.168.157.195:43624, 2f4845be-2264-4a1a-8a27-f958336e1da9:192.168.157.195:36753], old=null
2019-10-23 22:40:02,702 [15de30e0-32e7-4789-867b-8c05fd0bfca2@group-D44E3B3540EA-LeaderElection59] INFO  impl.RaftServerImpl (RaftServerImpl.java:setRole(184)) - 15de30e0-32e7-4789-867b-8c05fd0bfca2@group-D44E3B3540EA: changes role from CANDIDATE to FOLLOWER at term 11 for DISCOVERED_A_NEW_TERM
2019-10-23 22:40:02,702 [15de30e0-32e7-4789-867b-8c05fd0bfca2@group-D44E3B3540EA-LeaderElection59] INFO  impl.RoleInfo (RoleInfo.java:shutdownLeaderElection(134)) - 15de30e0-32e7-4789-867b-8c05fd0bfca2: shutdown LeaderElection
2019-10-23 22:40:02,702 [15de30e0-32e7-4789-867b-8c05fd0bfca2@group-D44E3B3540EA-LeaderElection59] INFO  impl.RoleInfo (RoleInfo.java:updateAndGet(143)) - 15de30e0-32e7-4789-867b-8c05fd0bfca2: start FollowerState
2019-10-23 22:40:02,711 [Thread-945] INFO  impl.FollowerState (FollowerState.java:run(108)) - 0cd5f69f-229b-4e24-9dce-31aad898d52d@group-91CED867EC48-FollowerState: change to CANDIDATE, lastRpcTime:111ms, electionTimeout:111ms
2019-10-23 22:40:02,712 [Thread-945] INFO  impl.RoleInfo (RoleInfo.java:shutdownFollowerState(121)) - 0cd5f69f-229b-4e24-9dce-31aad898d52d: shutdown FollowerState
2019-10-23 22:40:02,712 [Thread-945] INFO  impl.RaftServerImpl (RaftServerImpl.java:setRole(184)) - 0cd5f69f-229b-4e24-9dce-31aad898d52d@group-91CED867EC48: changes role from  FOLLOWER to CANDIDATE at term 49 for changeToCandidate
2019-10-23 22:40:02,712 [Thread-945] INFO  impl.RoleInfo (RoleInfo.java:updateAndGet(143)) - 0cd5f69f-229b-4e24-9dce-31aad898d52d: start LeaderElection
2019-10-23 22:40:02,725 [0cd5f69f-229b-4e24-9dce-31aad898d52d@group-91CED867EC48-LeaderElection60] INFO  impl.LeaderElection (LeaderElection.java:askForVotes(178)) - 0cd5f69f-229b-4e24-9dce-31aad898d52d@group-91CED867EC48-LeaderElection60: begin an election at term 50 for 0: [0cd5f69f-229b-4e24-9dce-31aad898d52d:192.168.157.195:33132, 15de30e0-32e7-4789-867b-8c05fd0bfca2:192.168.157.195:43624, 2f4845be-2264-4a1a-8a27-f958336e1da9:192.168.157.195:36753], old=null
2019-10-23 22:40:02,729 [grpc-default-executor-5] INFO  impl.RaftServerImpl (RaftServerImpl.java:setRole(184)) - 2f4845be-2264-4a1a-8a27-f958336e1da9@group-91CED867EC48: changes role from  FOLLOWER to FOLLOWER at term 50 for recognizeCandidate:0cd5f69f-229b-4e24-9dce-31aad898d52d
2019-10-23 22:40:02,729 [grpc-default-executor-6] INFO  impl.RaftServerImpl (RaftServerImpl.java:setRole(184)) - 15de30e0-32e7-4789-867b-8c05fd0bfca2@group-91CED867EC48: changes role from  FOLLOWER to FOLLOWER at term 50 for recognizeCandidate:0cd5f69f-229b-4e24-9dce-31aad898d52d
2019-10-23 22:40:02,729 [grpc-default-executor-5] INFO  impl.RoleInfo (RoleInfo.java:shutdownFollowerState(121)) - 2f4845be-2264-4a1a-8a27-f958336e1da9: shutdown FollowerState
2019-10-23 22:40:02,729 [grpc-default-executor-6] INFO  impl.RoleInfo (RoleInfo.java:shutdownFollowerState(121)) - 15de30e0-32e7-4789-867b-8c05fd0bfca2: shutdown FollowerState
2019-10-23 22:40:02,729 [Thread-941] INFO  impl.FollowerState (FollowerState.java:run(117)) - 2f4845be-2264-4a1a-8a27-f958336e1da9@group-91CED867EC48-FollowerState was interrupted: java.lang.InterruptedException: sleep interrupted
2019-10-23 22:40:02,729 [grpc-default-executor-6] INFO  impl.RoleInfo (RoleInfo.java:updateAndGet(143)) - 15de30e0-32e7-4789-867b-8c05fd0bfca2: start FollowerState
2019-10-23 22:40:02,729 [grpc-default-executor-5] INFO  impl.RoleInfo (RoleInfo.java:updateAndGet(143)) - 2f4845be-2264-4a1a-8a27-f958336e1da9: start FollowerState
2019-10-23 22:40:02,729 [Thread-943] INFO  impl.FollowerState (FollowerState.java:run(117)) - 15de30e0-32e7-4789-867b-8c05fd0bfca2@group-91CED867EC48-FollowerState was interrupted: java.lang.InterruptedException: sleep interrupted
2019-10-23 22:40:02,745 [0cd5f69f-229b-4e24-9dce-31aad898d52d@group-91CED867EC48-LeaderElection60] INFO  impl.LeaderElection (LeaderElection.java:logAndReturn(56)) - 0cd5f69f-229b-4e24-9dce-31aad898d52d@group-91CED867EC48-LeaderElection60: Election REJECTED; received 2 response(s) [0cd5f69f-229b-4e24-9dce-31aad898d52d<-15de30e0-32e7-4789-867b-8c05fd0bfca2#0:FAIL-t50, 0cd5f69f-229b-4e24-9dce-31aad898d52d<-2f4845be-2264-4a1a-8a27-f958336e1da9#0:FAIL-t50] and 0 exception(s); 0cd5f69f-229b-4e24-9dce-31aad898d52d@group-91CED867EC48:t50, leader=null, voted=0cd5f69f-229b-4e24-9dce-31aad898d52d, raftlog=0cd5f69f-229b-4e24-9dce-31aad898d52d@group-91CED867EC48-SegmentedRaftLog:OPENED:c3,f4,i4, conf=0: [0cd5f69f-229b-4e24-9dce-31aad898d52d:192.168.157.195:33132, 15de30e0-32e7-4789-867b-8c05fd0bfca2:192.168.157.195:43624, 2f4845be-2264-4a1a-8a27-f958336e1da9:192.168.157.195:36753], old=null
2019-10-23 22:40:02,745 [0cd5f69f-229b-4e24-9dce-31aad898d52d@group-91CED867EC48-LeaderElection60] INFO  impl.RaftServerImpl (RaftServerImpl.java:setRole(184)) - 0cd5f69f-229b-4e24-9dce-31aad898d52d@group-91CED867EC48: changes role from CANDIDATE to FOLLOWER at term 50 for DISCOVERED_A_NEW_TERM
2019-10-23 22:40:02,745 [0cd5f69f-229b-4e24-9dce-31aad898d52d@group-91CED867EC48-LeaderElection60] INFO  impl.RoleInfo (RoleInfo.java:shutdownLeaderElection(134)) - 0cd5f69f-229b-4e24-9dce-31aad898d52d: shutdown LeaderElection
2019-10-23 22:40:02,745 [0cd5f69f-229b-4e24-9dce-31aad898d52d@group-91CED867EC48-LeaderElection60] INFO  impl.RoleInfo (RoleInfo.java:updateAndGet(143)) - 0cd5f69f-229b-4e24-9dce-31aad898d52d: start FollowerState
2019-10-23 22:40:02,778 [Thread-951] INFO  impl.FollowerState (FollowerState.java:run(108)) - 15de30e0-32e7-4789-867b-8c05fd0bfca2@group-D44E3B3540EA-FollowerState: change to CANDIDATE, lastRpcTime:75ms, electionTimeout:75ms
2019-10-23 22:40:02,778 [Thread-951] INFO  impl.RoleInfo (RoleInfo.java:shutdownFollowerState(121)) - 15de30e0-32e7-4789-867b-8c05fd0bfca2: shutdown FollowerState
2019-10-23 22:40:02,778 [Thread-951] INFO  impl.RaftServerImpl (RaftServerImpl.java:setRole(184)) - 15de30e0-32e7-4789-867b-8c05fd0bfca2@group-D44E3B3540EA: changes role from  FOLLOWER to CANDIDATE at term 11 for changeToCandidate
2019-10-23 22:40:02,778 [Thread-951] INFO  impl.RoleInfo (RoleInfo.java:updateAndGet(143)) - 15de30e0-32e7-4789-867b-8c05fd0bfca2: start LeaderElection
2019-10-23 22:40:02,792 [15de30e0-32e7-4789-867b-8c05fd0bfca2@group-D44E3B3540EA-LeaderElection61] INFO  impl.LeaderElection (LeaderElection.java:askForVotes(178)) - 15de30e0-32e7-4789-867b-8c05fd0bfca2@group-D44E3B3540EA-LeaderElection61: begin an election at term 12 for -1: [0cd5f69f-229b-4e24-9dce-31aad898d52d:192.168.157.195:33132, 15de30e0-32e7-4789-867b-8c05fd0bfca2:192.168.157.195:43624, 2f4845be-2264-4a1a-8a27-f958336e1da9:192.168.157.195:36753], old=null
2019-10-23 22:40:02,795 [grpc-default-executor-5] INFO  impl.RaftServerImpl (RaftServerImpl.java:setRole(184)) - 0cd5f69f-229b-4e24-9dce-31aad898d52d@group-D44E3B3540EA: changes role from  FOLLOWER to FOLLOWER at term 12 for recognizeCandidate:15de30e0-32e7-4789-867b-8c05fd0bfca2
2019-10-23 22:40:02,795 [grpc-default-executor-5] INFO  impl.RoleInfo (RoleInfo.java:shutdownFollowerState(121)) - 0cd5f69f-229b-4e24-9dce-31aad898d52d: shutdown FollowerState
2019-10-23 22:40:02,795 [grpc-default-executor-6] INFO  impl.RaftServerImpl (RaftServerImpl.java:setRole(184)) - 2f4845be-2264-4a1a-8a27-f958336e1da9@group-D44E3B3540EA: changes role from  FOLLOWER to FOLLOWER at term 12 for recognizeCandidate:15de30e0-32e7-4789-867b-8c05fd0bfca2
2019-10-23 22:40:02,795 [grpc-default-executor-5] INFO  impl.RoleInfo (RoleInfo.java:updateAndGet(143)) - 0cd5f69f-229b-4e24-9dce-31aad898d52d: start FollowerState
2019-10-23 22:40:02,796 [Thread-949] INFO  impl.FollowerState (FollowerState.java:run(117)) - 0cd5f69f-229b-4e24-9dce-31aad898d52d@group-D44E3B3540EA-FollowerState was interrupted: java.lang.InterruptedException: sleep interrupted
2019-10-23 22:40:02,796 [grpc-default-executor-6] INFO  impl.RoleInfo (RoleInfo.java:shutdownFollowerState(121)) - 2f4845be-2264-4a1a-8a27-f958336e1da9: shutdown FollowerState
2019-10-23 22:40:02,796 [Thread-950] INFO  impl.FollowerState (FollowerState.java:run(117)) - 2f4845be-2264-4a1a-8a27-f958336e1da9@group-D44E3B3540EA-FollowerState was interrupted: java.lang.InterruptedException: sleep interrupted
2019-10-23 22:40:02,796 [grpc-default-executor-6] INFO  impl.RoleInfo (RoleInfo.java:updateAndGet(143)) - 2f4845be-2264-4a1a-8a27-f958336e1da9: start FollowerState
2019-10-23 22:40:02,810 [15de30e0-32e7-4789-867b-8c05fd0bfca2@group-D44E3B3540EA-LeaderElection61] INFO  impl.LeaderElection (LeaderElection.java:logAndReturn(56)) - 15de30e0-32e7-4789-867b-8c05fd0bfca2@group-D44E3B3540EA-LeaderElection61: Election REJECTED; received 2 response(s) [15de30e0-32e7-4789-867b-8c05fd0bfca2<-0cd5f69f-229b-4e24-9dce-31aad898d52d#0:FAIL-t12, 15de30e0-32e7-4789-867b-8c05fd0bfca2<-2f4845be-2264-4a1a-8a27-f958336e1da9#0:FAIL-t12] and 0 exception(s); 15de30e0-32e7-4789-867b-8c05fd0bfca2@group-D44E3B3540EA:t12, leader=null, voted=15de30e0-32e7-4789-867b-8c05fd0bfca2, raftlog=15de30e0-32e7-4789-867b-8c05fd0bfca2@group-D44E3B3540EA-SegmentedRaftLog:OPENED:c-1,f-1,i0, conf=-1: [0cd5f69f-229b-4e24-9dce-31aad898d52d:192.168.157.195:33132, 15de30e0-32e7-4789-867b-8c05fd0bfca2:192.168.157.195:43624, 2f4845be-2264-4a1a-8a27-f958336e1da9:192.168.157.195:36753], old=null
2019-10-23 22:40:02,810 [15de30e0-32e7-4789-867b-8c05fd0bfca2@group-D44E3B3540EA-LeaderElection61] INFO  impl.RaftServerImpl (RaftServerImpl.java:setRole(184)) - 15de30e0-32e7-4789-867b-8c05fd0bfca2@group-D44E3B3540EA: changes role from CANDIDATE to FOLLOWER at term 12 for DISCOVERED_A_NEW_TERM
2019-10-23 22:40:02,811 [15de30e0-32e7-4789-867b-8c05fd0bfca2@group-D44E3B3540EA-LeaderElection61] INFO  impl.RoleInfo (RoleInfo.java:shutdownLeaderElection(134)) - 15de30e0-32e7-4789-867b-8c05fd0bfca2: shutdown LeaderElection
2019-10-23 22:40:02,811 [15de30e0-32e7-4789-867b-8c05fd0bfca2@group-D44E3B3540EA-LeaderElection61] INFO  impl.RoleInfo (RoleInfo.java:updateAndGet(143)) - 15de30e0-32e7-4789-867b-8c05fd0bfca2: start FollowerState
2019-10-23 22:40:02,826 [Thread-957] INFO  impl.FollowerState (FollowerState.java:run(108)) - 0cd5f69f-229b-4e24-9dce-31aad898d52d@group-91CED867EC48-FollowerState: change to CANDIDATE, lastRpcTime:80ms, electionTimeout:80ms
2019-10-23 22:40:02,826 [Thread-957] INFO  impl.RoleInfo (RoleInfo.java:shutdownFollowerState(121)) - 0cd5f69f-229b-4e24-9dce-31aad898d52d: shutdown FollowerState
2019-10-23 22:40:02,826 [Thread-957] INFO  impl.RaftServerImpl (RaftServerImpl.java:setRole(184)) - 0cd5f69f-229b-4e24-9dce-31aad898d52d@group-91CED867EC48: changes role from  FOLLOWER to CANDIDATE at term 50 for changeToCandidate
2019-10-23 22:40:02,826 [Thread-957] INFO  impl.RoleInfo (RoleInfo.java:updateAndGet(143)) - 0cd5f69f-229b-4e24-9dce-31aad898d52d: start LeaderElection
2019-10-23 22:40:02,839 [0cd5f69f-229b-4e24-9dce-31aad898d52d@group-91CED867EC48-LeaderElection62] INFO  impl.LeaderElection (LeaderElection.java:askForVotes(178)) - 0cd5f69f-229b-4e24-9dce-31aad898d52d@group-91CED867EC48-LeaderElection62: begin an election at term 51 for 0: [0cd5f69f-229b-4e24-9dce-31aad898d52d:192.168.157.195:33132, 15de30e0-32e7-4789-867b-8c05fd0bfca2:192.168.157.195:43624, 2f4845be-2264-4a1a-8a27-f958336e1da9:192.168.157.195:36753], old=null
2019-10-23 22:40:02,839 [Thread-963] INFO  impl.FollowerState (FollowerState.java:run(108)) - 15de30e0-32e7-4789-867b-8c05fd0bfca2@group-D44E3B3540EA-FollowerState: change to CANDIDATE, lastRpcTime:28ms, electionTimeout:28ms
2019-10-23 22:40:02,839 [Thread-963] INFO  impl.RoleInfo (RoleInfo.java:shutdownFollowerState(121)) - 15de30e0-32e7-4789-867b-8c05fd0bfca2: shutdown FollowerState
2019-10-23 22:40:02,839 [Thread-963] INFO  impl.RaftServerImpl (RaftServerImpl.java:setRole(184)) - 15de30e0-32e7-4789-867b-8c05fd0bfca2@group-D44E3B3540EA: changes role from  FOLLOWER to CANDIDATE at term 12 for changeToCandidate
2019-10-23 22:40:02,840 [Thread-963] INFO  impl.RoleInfo (RoleInfo.java:updateAndGet(143)) - 15de30e0-32e7-4789-867b-8c05fd0bfca2: start LeaderElection
2019-10-23 22:40:02,842 [grpc-default-executor-6] INFO  impl.RaftServerImpl (RaftServerImpl.java:setRole(184)) - 2f4845be-2264-4a1a-8a27-f958336e1da9@group-91CED867EC48: changes role from  FOLLOWER to FOLLOWER at term 51 for recognizeCandidate:0cd5f69f-229b-4e24-9dce-31aad898d52d
2019-10-23 22:40:02,842 [grpc-default-executor-6] INFO  impl.RoleInfo (RoleInfo.java:shutdownFollowerState(121)) - 2f4845be-2264-4a1a-8a27-f958336e1da9: shutdown FollowerState
2019-10-23 22:40:02,842 [grpc-default-executor-5] INFO  impl.RaftServerImpl (RaftServerImpl.java:setRole(184)) - 15de30e0-32e7-4789-867b-8c05fd0bfca2@group-91CED867EC48: changes role from  FOLLOWER to FOLLOWER at term 51 for recognizeCandidate:0cd5f69f-229b-4e24-9dce-31aad898d52d
2019-10-23 22:40:02,842 [grpc-default-executor-6] INFO  impl.RoleInfo (RoleInfo.java:updateAndGet(143)) - 2f4845be-2264-4a1a-8a27-f958336e1da9: start FollowerState
2019-10-23 22:40:02,842 [Thread-955] INFO  impl.FollowerState (FollowerState.java:run(117)) - 2f4845be-2264-4a1a-8a27-f958336e1da9@group-91CED867EC48-FollowerState was interrupted: java.lang.InterruptedException: sleep interrupted
2019-10-23 22:40:02,842 [grpc-default-executor-5] INFO  impl.RoleInfo (RoleInfo.java:shutdownFollowerState(121)) - 15de30e0-32e7-4789-867b-8c05fd0bfca2: shutdown FollowerState
2019-10-23 22:40:02,843 [Thread-956] INFO  impl.FollowerState (FollowerState.java:run(117)) - 15de30e0-32e7-4789-867b-8c05fd0bfca2@group-91CED867EC48-FollowerState was interrupted: java.lang.InterruptedException: sleep interrupted
2019-10-23 22:40:02,843 [grpc-default-executor-5] INFO  impl.RoleInfo (RoleInfo.java:updateAndGet(143)) - 15de30e0-32e7-4789-867b-8c05fd0bfca2: start FollowerState
2019-10-23 22:40:02,854 [15de30e0-32e7-4789-867b-8c05fd0bfca2@group-D44E3B3540EA-LeaderElection63] INFO  impl.LeaderElection (LeaderElection.java:askForVotes(178)) - 15de30e0-32e7-4789-867b-8c05fd0bfca2@group-D44E3B3540EA-LeaderElection63: begin an election at term 13 for -1: [0cd5f69f-229b-4e24-9dce-31aad898d52d:192.168.157.195:33132, 15de30e0-32e7-4789-867b-8c05fd0bfca2:192.168.157.195:43624, 2f4845be-2264-4a1a-8a27-f958336e1da9:192.168.157.195:36753], old=null
2019-10-23 22:40:02,855 [0cd5f69f-229b-4e24-9dce-31aad898d52d@group-91CED867EC48-LeaderElection62] INFO  impl.LeaderElection (LeaderElection.java:logAndReturn(56)) - 0cd5f69f-229b-4e24-9dce-31aad898d52d@group-91CED867EC48-LeaderElection62: Election REJECTED; received 2 response(s) [0cd5f69f-229b-4e24-9dce-31aad898d52d<-15de30e0-32e7-4789-867b-8c05fd0bfca2#0:FAIL-t51, 0cd5f69f-229b-4e24-9dce-31aad898d52d<-2f4845be-2264-4a1a-8a27-f958336e1da9#0:FAIL-t51] and 0 exception(s); 0cd5f69f-229b-4e24-9dce-31aad898d52d@group-91CED867EC48:t51, leader=null, voted=0cd5f69f-229b-4e24-9dce-31aad898d52d, raftlog=0cd5f69f-229b-4e24-9dce-31aad898d52d@group-91CED867EC48-SegmentedRaftLog:OPENED:c3,f4,i4, conf=0: [0cd5f69f-229b-4e24-9dce-31aad898d52d:192.168.157.195:33132, 15de30e0-32e7-4789-867b-8c05fd0bfca2:192.168.157.195:43624, 2f4845be-2264-4a1a-8a27-f958336e1da9:192.168.157.195:36753], old=null
2019-10-23 22:40:02,855 [0cd5f69f-229b-4e24-9dce-31aad898d52d@group-91CED867EC48-LeaderElection62] INFO  impl.RaftServerImpl (RaftServerImpl.java:setRole(184)) - 0cd5f69f-229b-4e24-9dce-31aad898d52d@group-91CED867EC48: changes role from CANDIDATE to FOLLOWER at term 51 for DISCOVERED_A_NEW_TERM
2019-10-23 22:40:02,855 [0cd5f69f-229b-4e24-9dce-31aad898d52d@group-91CED867EC48-LeaderElection62] INFO  impl.RoleInfo (RoleInfo.java:shutdownLeaderElection(134)) - 0cd5f69f-229b-4e24-9dce-31aad898d52d: shutdown LeaderElection
2019-10-23 22:40:02,855 [0cd5f69f-229b-4e24-9dce-31aad898d52d@group-91CED867EC48-LeaderElection62] INFO  impl.RoleInfo (RoleInfo.java:updateAndGet(143)) - 0cd5f69f-229b-4e24-9dce-31aad898d52d: start FollowerState
2019-10-23 22:40:02,856 [grpc-default-executor-5] INFO  impl.RaftServerImpl (RaftServerImpl.java:setRole(184)) - 2f4845be-2264-4a1a-8a27-f958336e1da9@group-D44E3B3540EA: changes role from  FOLLOWER to FOLLOWER at term 13 for recognizeCandidate:15de30e0-32e7-4789-867b-8c05fd0bfca2
2019-10-23 22:40:02,856 [grpc-default-executor-6] INFO  impl.RaftServerImpl (RaftServerImpl.java:setRole(184)) - 0cd5f69f-229b-4e24-9dce-31aad898d52d@group-D44E3B3540EA: changes role from  FOLLOWER to FOLLOWER at term 13 for recognizeCandidate:15de30e0-32e7-4789-867b-8c05fd0bfca2
2019-10-23 22:40:02,856 [grpc-default-executor-5] INFO  impl.RoleInfo (RoleInfo.java:shutdownFollowerState(121)) - 2f4845be-2264-4a1a-8a27-f958336e1da9: shutdown FollowerState
2019-10-23 22:40:02,857 [grpc-default-executor-6] INFO  impl.RoleInfo (RoleInfo.java:shutdownFollowerState(121)) - 0cd5f69f-229b-4e24-9dce-31aad898d52d: shutdown FollowerState
2019-10-23 22:40:02,857 [Thread-962] INFO  impl.FollowerState (FollowerState.java:run(117)) - 2f4845be-2264-4a1a-8a27-f958336e1da9@group-D44E3B3540EA-FollowerState was interrupted: java.lang.InterruptedException: sleep interrupted
2019-10-23 22:40:02,857 [grpc-default-executor-5] INFO  impl.RoleInfo (RoleInfo.java:updateAndGet(143)) - 2f4845be-2264-4a1a-8a27-f958336e1da9: start FollowerState
2019-10-23 22:40:02,857 [grpc-default-executor-6] INFO  impl.RoleInfo (RoleInfo.java:updateAndGet(143)) - 0cd5f69f-229b-4e24-9dce-31aad898d52d: start FollowerState
2019-10-23 22:40:02,857 [Thread-961] INFO  impl.FollowerState (FollowerState.java:run(117)) - 0cd5f69f-229b-4e24-9dce-31aad898d52d@group-D44E3B3540EA-FollowerState was interrupted: java.lang.InterruptedException: sleep interrupted
2019-10-23 22:40:02,873 [15de30e0-32e7-4789-867b-8c05fd0bfca2@group-D44E3B3540EA-LeaderElection63] INFO  impl.LeaderElection (LeaderElection.java:logAndReturn(56)) - 15de30e0-32e7-4789-867b-8c05fd0bfca2@group-D44E3B3540EA-LeaderElection63: Election REJECTED; received 2 response(s) [15de30e0-32e7-4789-867b-8c05fd0bfca2<-0cd5f69f-229b-4e24-9dce-31aad898d52d#0:FAIL-t13, 15de30e0-32e7-4789-867b-8c05fd0bfca2<-2f4845be-2264-4a1a-8a27-f958336e1da9#0:FAIL-t13] and 0 exception(s); 15de30e0-32e7-4789-867b-8c05fd0bfca2@group-D44E3B3540EA:t13, leader=null, voted=15de30e0-32e7-4789-867b-8c05fd0bfca2, raftlog=15de30e0-32e7-4789-867b-8c05fd0bfca2@group-D44E3B3540EA-SegmentedRaftLog:OPENED:c-1,f-1,i0, conf=-1: [0cd5f69f-229b-4e24-9dce-31aad898d52d:192.168.157.195:33132, 15de30e0-32e7-4789-867b-8c05fd0bfca2:192.168.157.195:43624, 2f4845be-2264-4a1a-8a27-f958336e1da9:192.168.157.195:36753], old=null
2019-10-23 22:40:02,873 [15de30e0-32e7-4789-867b-8c05fd0bfca2@group-D44E3B3540EA-LeaderElection63] INFO  impl.RaftServerImpl (RaftServerImpl.java:setRole(184)) - 15de30e0-32e7-4789-867b-8c05fd0bfca2@group-D44E3B3540EA: changes role from CANDIDATE to FOLLOWER at term 13 for DISCOVERED_A_NEW_TERM
2019-10-23 22:40:02,873 [15de30e0-32e7-4789-867b-8c05fd0bfca2@group-D44E3B3540EA-LeaderElection63] INFO  impl.RoleInfo (RoleInfo.java:shutdownLeaderElection(134)) - 15de30e0-32e7-4789-867b-8c05fd0bfca2: shutdown LeaderElection
2019-10-23 22:40:02,873 [15de30e0-32e7-4789-867b-8c05fd0bfca2@group-D44E3B3540EA-LeaderElection63] INFO  impl.RoleInfo (RoleInfo.java:updateAndGet(143)) - 15de30e0-32e7-4789-867b-8c05fd0bfca2: start FollowerState
2019-10-23 22:40:02,886 [Thread-975] INFO  impl.FollowerState (FollowerState.java:run(108)) - 15de30e0-32e7-4789-867b-8c05fd0bfca2@group-D44E3B3540EA-FollowerState: change to CANDIDATE, lastRpcTime:13ms, electionTimeout:13ms
2019-10-23 22:40:02,886 [Thread-975] INFO  impl.RoleInfo (RoleInfo.java:shutdownFollowerState(121)) - 15de30e0-32e7-4789-867b-8c05fd0bfca2: shutdown FollowerState
2019-10-23 22:40:02,887 [Thread-975] INFO  impl.RaftServerImpl (RaftServerImpl.java:setRole(184)) - 15de30e0-32e7-4789-867b-8c05fd0bfca2@group-D44E3B3540EA: changes role from  FOLLOWER to CANDIDATE at term 13 for changeToCandidate
2019-10-23 22:40:02,887 [Thread-975] INFO  impl.RoleInfo (RoleInfo.java:updateAndGet(143)) - 15de30e0-32e7-4789-867b-8c05fd0bfca2: start LeaderElection
2019-10-23 22:40:02,900 [15de30e0-32e7-4789-867b-8c05fd0bfca2@group-D44E3B3540EA-LeaderElection64] INFO  impl.LeaderElection (LeaderElection.java:askForVotes(178)) - 15de30e0-32e7-4789-867b-8c05fd0bfca2@group-D44E3B3540EA-LeaderElection64: begin an election at term 14 for -1: [0cd5f69f-229b-4e24-9dce-31aad898d52d:192.168.157.195:33132, 15de30e0-32e7-4789-867b-8c05fd0bfca2:192.168.157.195:43624, 2f4845be-2264-4a1a-8a27-f958336e1da9:192.168.157.195:36753], old=null
2019-10-23 22:40:02,904 [grpc-default-executor-5] INFO  impl.RaftServerImpl (RaftServerImpl.java:setRole(184)) - 2f4845be-2264-4a1a-8a27-f958336e1da9@group-D44E3B3540EA: changes role from  FOLLOWER to FOLLOWER at term 14 for recognizeCandidate:15de30e0-32e7-4789-867b-8c05fd0bfca2
2019-10-23 22:40:02,904 [grpc-default-executor-6] INFO  impl.RaftServerImpl (RaftServerImpl.java:setRole(184)) - 0cd5f69f-229b-4e24-9dce-31aad898d52d@group-D44E3B3540EA: changes role from  FOLLOWER to FOLLOWER at term 14 for recognizeCandidate:15de30e0-32e7-4789-867b-8c05fd0bfca2
2019-10-23 22:40:02,904 [grpc-default-executor-5] INFO  impl.RoleInfo (RoleInfo.java:shutdownFollowerState(121)) - 2f4845be-2264-4a1a-8a27-f958336e1da9: shutdown FollowerState
2019-10-23 22:40:02,904 [grpc-default-executor-6] INFO  impl.RoleInfo (RoleInfo.java:shutdownFollowerState(121)) - 0cd5f69f-229b-4e24-9dce-31aad898d52d: shutdown FollowerState
2019-10-23 22:40:02,904 [grpc-default-executor-5] INFO  impl.RoleInfo (RoleInfo.java:updateAndGet(143)) - 2f4845be-2264-4a1a-8a27-f958336e1da9: start FollowerState
2019-10-23 22:40:02,904 [Thread-973] INFO  impl.FollowerState (FollowerState.java:run(117)) - 2f4845be-2264-4a1a-8a27-f958336e1da9@group-D44E3B3540EA-FollowerState was interrupted: java.lang.InterruptedException: sleep interrupted
2019-10-23 22:40:02,905 [grpc-default-executor-6] INFO  impl.RoleInfo (RoleInfo.java:updateAndGet(143)) - 0cd5f69f-229b-4e24-9dce-31aad898d52d: start FollowerState
2019-10-23 22:40:02,905 [Thread-974] INFO  impl.FollowerState (FollowerState.java:run(117)) - 0cd5f69f-229b-4e24-9dce-31aad898d52d@group-D44E3B3540EA-FollowerState was interrupted: java.lang.InterruptedException: sleep interrupted
2019-10-23 22:40:02,916 [Thread-972] INFO  impl.FollowerState (FollowerState.java:run(108)) - 0cd5f69f-229b-4e24-9dce-31aad898d52d@group-91CED867EC48-FollowerState: change to CANDIDATE, lastRpcTime:60ms, electionTimeout:60ms
2019-10-23 22:40:02,916 [Thread-972] INFO  impl.RoleInfo (RoleInfo.java:shutdownFollowerState(121)) - 0cd5f69f-229b-4e24-9dce-31aad898d52d: shutdown FollowerState
2019-10-23 22:40:02,916 [Thread-972] INFO  impl.RaftServerImpl (RaftServerImpl.java:setRole(184)) - 0cd5f69f-229b-4e24-9dce-31aad898d52d@group-91CED867EC48: changes role from  FOLLOWER to CANDIDATE at term 51 for changeToCandidate
2019-10-23 22:40:02,916 [Thread-972] INFO  impl.RoleInfo (RoleInfo.java:updateAndGet(143)) - 0cd5f69f-229b-4e24-9dce-31aad898d52d: start LeaderElection
2019-10-23 22:40:02,920 [15de30e0-32e7-4789-867b-8c05fd0bfca2@group-D44E3B3540EA-LeaderElection64] INFO  impl.LeaderElection (LeaderElection.java:logAndReturn(56)) - 15de30e0-32e7-4789-867b-8c05fd0bfca2@group-D44E3B3540EA-LeaderElection64: Election REJECTED; received 2 response(s) [15de30e0-32e7-4789-867b-8c05fd0bfca2<-0cd5f69f-229b-4e24-9dce-31aad898d52d#0:FAIL-t14, 15de30e0-32e7-4789-867b-8c05fd0bfca2<-2f4845be-2264-4a1a-8a27-f958336e1da9#0:FAIL-t14] and 0 exception(s); 15de30e0-32e7-4789-867b-8c05fd0bfca2@group-D44E3B3540EA:t14, leader=null, voted=15de30e0-32e7-4789-867b-8c05fd0bfca2, raftlog=15de30e0-32e7-4789-867b-8c05fd0bfca2@group-D44E3B3540EA-SegmentedRaftLog:OPENED:c-1,f-1,i0, conf=-1: [0cd5f69f-229b-4e24-9dce-31aad898d52d:192.168.157.195:33132, 15de30e0-32e7-4789-867b-8c05fd0bfca2:192.168.157.195:43624, 2f4845be-2264-4a1a-8a27-f958336e1da9:192.168.157.195:36753], old=null
2019-10-23 22:40:02,920 [15de30e0-32e7-4789-867b-8c05fd0bfca2@group-D44E3B3540EA-LeaderElection64] INFO  impl.RaftServerImpl (RaftServerImpl.java:setRole(184)) - 15de30e0-32e7-4789-867b-8c05fd0bfca2@group-D44E3B3540EA: changes role from CANDIDATE to FOLLOWER at term 14 for DISCOVERED_A_NEW_TERM
2019-10-23 22:40:02,920 [15de30e0-32e7-4789-867b-8c05fd0bfca2@group-D44E3B3540EA-LeaderElection64] INFO  impl.RoleInfo (RoleInfo.java:shutdownLeaderElection(134)) - 15de30e0-32e7-4789-867b-8c05fd0bfca2: shutdown LeaderElection
2019-10-23 22:40:02,920 [15de30e0-32e7-4789-867b-8c05fd0bfca2@group-D44E3B3540EA-LeaderElection64] INFO  impl.RoleInfo (RoleInfo.java:updateAndGet(143)) - 15de30e0-32e7-4789-867b-8c05fd0bfca2: start FollowerState
2019-10-23 22:40:02,920 [0cd5f69f-229b-4e24-9dce-31aad898d52d@group-91CED867EC48-LeaderElection65] INFO  impl.LeaderElection (LeaderElection.java:askForVotes(178)) - 0cd5f69f-229b-4e24-9dce-31aad898d52d@group-91CED867EC48-LeaderElection65: begin an election at term 52 for 0: [0cd5f69f-229b-4e24-9dce-31aad898d52d:192.168.157.195:33132, 15de30e0-32e7-4789-867b-8c05fd0bfca2:192.168.157.195:43624, 2f4845be-2264-4a1a-8a27-f958336e1da9:192.168.157.195:36753], old=null
2019-10-23 22:40:02,923 [grpc-default-executor-5] INFO  impl.RaftServerImpl (RaftServerImpl.java:setRole(184)) - 15de30e0-32e7-4789-867b-8c05fd0bfca2@group-91CED867EC48: changes role from  FOLLOWER to FOLLOWER at term 52 for recognizeCandidate:0cd5f69f-229b-4e24-9dce-31aad898d52d
2019-10-23 22:40:02,923 [grpc-default-executor-5] INFO  impl.RoleInfo (RoleInfo.java:shutdownFollowerState(121)) - 15de30e0-32e7-4789-867b-8c05fd0bfca2: shutdown FollowerState
2019-10-23 22:40:02,923 [Thread-969] INFO  impl.FollowerState (FollowerState.java:run(117)) - 15de30e0-32e7-4789-867b-8c05fd0bfca2@group-91CED867EC48-FollowerState was interrupted: java.lang.InterruptedException: sleep interrupted
2019-10-23 22:40:02,923 [grpc-default-executor-5] INFO  impl.RoleInfo (RoleInfo.java:updateAndGet(143)) - 15de30e0-32e7-4789-867b-8c05fd0bfca2: start FollowerState
2019-10-23 22:40:02,923 [grpc-default-executor-6] INFO  impl.RaftServerImpl (RaftServerImpl.java:setRole(184)) - 2f4845be-2264-4a1a-8a27-f958336e1da9@group-91CED867EC48: changes role from  FOLLOWER to FOLLOWER at term 52 for recognizeCandidate:0cd5f69f-229b-4e24-9dce-31aad898d52d
2019-10-23 22:40:02,923 [grpc-default-executor-6] INFO  impl.RoleInfo (RoleInfo.java:shutdownFollowerState(121)) - 2f4845be-2264-4a1a-8a27-f958336e1da9: shutdown FollowerState
2019-10-23 22:40:02,923 [Thread-968] INFO  impl.FollowerState (FollowerState.java:run(117)) - 2f4845be-2264-4a1a-8a27-f958336e1da9@group-91CED867EC48-FollowerState was interrupted: java.lang.InterruptedException: sleep interrupted
2019-10-23 22:40:02,924 [grpc-default-executor-6] INFO  impl.RoleInfo (RoleInfo.java:updateAndGet(143)) - 2f4845be-2264-4a1a-8a27-f958336e1da9: start FollowerState
2019-10-23 22:40:02,938 [0cd5f69f-229b-4e24-9dce-31aad898d52d@group-91CED867EC48-LeaderElection65] INFO  impl.LeaderElection (LeaderElection.java:logAndReturn(56)) - 0cd5f69f-229b-4e24-9dce-31aad898d52d@group-91CED867EC48-LeaderElection65: Election REJECTED; received 2 response(s) [0cd5f69f-229b-4e24-9dce-31aad898d52d<-15de30e0-32e7-4789-867b-8c05fd0bfca2#0:FAIL-t52, 0cd5f69f-229b-4e24-9dce-31aad898d52d<-2f4845be-2264-4a1a-8a27-f958336e1da9#0:FAIL-t52] and 0 exception(s); 0cd5f69f-229b-4e24-9dce-31aad898d52d@group-91CED867EC48:t52, leader=null, voted=0cd5f69f-229b-4e24-9dce-31aad898d52d, raftlog=0cd5f69f-229b-4e24-9dce-31aad898d52d@group-91CED867EC48-SegmentedRaftLog:OPENED:c3,f4,i4, conf=0: [0cd5f69f-229b-4e24-9dce-31aad898d52d:192.168.157.195:33132, 15de30e0-32e7-4789-867b-8c05fd0bfca2:192.168.157.195:43624, 2f4845be-2264-4a1a-8a27-f958336e1da9:192.168.157.195:36753], old=null
2019-10-23 22:40:02,938 [0cd5f69f-229b-4e24-9dce-31aad898d52d@group-91CED867EC48-LeaderElection65] INFO  impl.RaftServerImpl (RaftServerImpl.java:setRole(184)) - 0cd5f69f-229b-4e24-9dce-31aad898d52d@group-91CED867EC48: changes role from CANDIDATE to FOLLOWER at term 52 for DISCOVERED_A_NEW_TERM
2019-10-23 22:40:02,938 [0cd5f69f-229b-4e24-9dce-31aad898d52d@group-91CED867EC48-LeaderElection65] INFO  impl.RoleInfo (RoleInfo.java:shutdownLeaderElection(134)) - 0cd5f69f-229b-4e24-9dce-31aad898d52d: shutdown LeaderElection
2019-10-23 22:40:02,939 [0cd5f69f-229b-4e24-9dce-31aad898d52d@group-91CED867EC48-LeaderElection65] INFO  impl.RoleInfo (RoleInfo.java:updateAndGet(143)) - 0cd5f69f-229b-4e24-9dce-31aad898d52d: start FollowerState
2019-10-23 22:40:03,043 [BlockDeletingService#0] WARN  background.BlockDeletingService (BlockDeletingService.java:isDeletionAllowed(187)) - Close Container log Index 6 is not replicated across allthe servers in the pipeline a9317f84-3083-4a94-a1f5-91ced867ec48 as the min replicated index is 4. Deletion is not allowed in this container yet.
2019-10-23 22:40:03,043 [BlockDeletingService#2] WARN  background.BlockDeletingService (BlockDeletingService.java:isDeletionAllowed(187)) - Close Container log Index 6 is not replicated across allthe servers in the pipeline a9317f84-3083-4a94-a1f5-91ced867ec48 as the min replicated index is 4. Deletion is not allowed in this container yet.
2019-10-23 22:40:03,061 [Thread-987] INFO  impl.FollowerState (FollowerState.java:run(108)) - 0cd5f69f-229b-4e24-9dce-31aad898d52d@group-91CED867EC48-FollowerState: change to CANDIDATE, lastRpcTime:122ms, electionTimeout:122ms
2019-10-23 22:40:03,061 [Thread-987] INFO  impl.RoleInfo (RoleInfo.java:shutdownFollowerState(121)) - 0cd5f69f-229b-4e24-9dce-31aad898d52d: shutdown FollowerState
2019-10-23 22:40:03,061 [Thread-987] INFO  impl.RaftServerImpl (RaftServerImpl.java:setRole(184)) - 0cd5f69f-229b-4e24-9dce-31aad898d52d@group-91CED867EC48: changes role from  FOLLOWER to CANDIDATE at term 52 for changeToCandidate
2019-10-23 22:40:03,062 [Thread-987] INFO  impl.RoleInfo (RoleInfo.java:updateAndGet(143)) - 0cd5f69f-229b-4e24-9dce-31aad898d52d: start LeaderElection
2019-10-23 22:40:03,079 [Thread-982] INFO  impl.FollowerState (FollowerState.java:run(108)) - 15de30e0-32e7-4789-867b-8c05fd0bfca2@group-D44E3B3540EA-FollowerState: change to CANDIDATE, lastRpcTime:158ms, electionTimeout:158ms
2019-10-23 22:40:03,079 [Thread-982] INFO  impl.RoleInfo (RoleInfo.java:shutdownFollowerState(121)) - 15de30e0-32e7-4789-867b-8c05fd0bfca2: shutdown FollowerState
2019-10-23 22:40:03,079 [Thread-982] INFO  impl.RaftServerImpl (RaftServerImpl.java:setRole(184)) - 15de30e0-32e7-4789-867b-8c05fd0bfca2@group-D44E3B3540EA: changes role from  FOLLOWER to CANDIDATE at term 14 for changeToCandidate
2019-10-23 22:40:03,079 [Thread-982] INFO  impl.RoleInfo (RoleInfo.java:updateAndGet(143)) - 15de30e0-32e7-4789-867b-8c05fd0bfca2: start LeaderElection
2019-10-23 22:40:03,093 [0cd5f69f-229b-4e24-9dce-31aad898d52d@group-91CED867EC48-LeaderElection66] INFO  impl.LeaderElection (LeaderElection.java:askForVotes(178)) - 0cd5f69f-229b-4e24-9dce-31aad898d52d@group-91CED867EC48-LeaderElection66: begin an election at term 53 for 0: [0cd5f69f-229b-4e24-9dce-31aad898d52d:192.168.157.195:33132, 15de30e0-32e7-4789-867b-8c05fd0bfca2:192.168.157.195:43624, 2f4845be-2264-4a1a-8a27-f958336e1da9:192.168.157.195:36753], old=null
2019-10-23 22:40:03,095 [15de30e0-32e7-4789-867b-8c05fd0bfca2@group-D44E3B3540EA-LeaderElection67] INFO  impl.LeaderElection (LeaderElection.java:askForVotes(178)) - 15de30e0-32e7-4789-867b-8c05fd0bfca2@group-D44E3B3540EA-LeaderElection67: begin an election at term 15 for -1: [0cd5f69f-229b-4e24-9dce-31aad898d52d:192.168.157.195:33132, 15de30e0-32e7-4789-867b-8c05fd0bfca2:192.168.157.195:43624, 2f4845be-2264-4a1a-8a27-f958336e1da9:192.168.157.195:36753], old=null
2019-10-23 22:40:03,096 [grpc-default-executor-5] INFO  impl.RaftServerImpl (RaftServerImpl.java:setRole(184)) - 15de30e0-32e7-4789-867b-8c05fd0bfca2@group-91CED867EC48: changes role from  FOLLOWER to FOLLOWER at term 53 for recognizeCandidate:0cd5f69f-229b-4e24-9dce-31aad898d52d
2019-10-23 22:40:03,096 [grpc-default-executor-6] INFO  impl.RaftServerImpl (RaftServerImpl.java:setRole(184)) - 2f4845be-2264-4a1a-8a27-f958336e1da9@group-91CED867EC48: changes role from  FOLLOWER to FOLLOWER at term 53 for recognizeCandidate:0cd5f69f-229b-4e24-9dce-31aad898d52d
2019-10-23 22:40:03,096 [grpc-default-executor-5] INFO  impl.RoleInfo (RoleInfo.java:shutdownFollowerState(121)) - 15de30e0-32e7-4789-867b-8c05fd0bfca2: shutdown FollowerState
2019-10-23 22:40:03,096 [grpc-default-executor-6] INFO  impl.RoleInfo (RoleInfo.java:shutdownFollowerState(121)) - 2f4845be-2264-4a1a-8a27-f958336e1da9: shutdown FollowerState
2019-10-23 22:40:03,097 [Thread-985] INFO  impl.FollowerState (FollowerState.java:run(117)) - 15de30e0-32e7-4789-867b-8c05fd0bfca2@group-91CED867EC48-FollowerState was interrupted: java.lang.InterruptedException: sleep interrupted
2019-10-23 22:40:03,097 [grpc-default-executor-5] INFO  impl.RoleInfo (RoleInfo.java:updateAndGet(143)) - 15de30e0-32e7-4789-867b-8c05fd0bfca2: start FollowerState
2019-10-23 22:40:03,097 [Thread-986] INFO  impl.FollowerState (FollowerState.java:run(117)) - 2f4845be-2264-4a1a-8a27-f958336e1da9@group-91CED867EC48-FollowerState was interrupted: java.lang.InterruptedException: sleep interrupted
2019-10-23 22:40:03,097 [grpc-default-executor-6] INFO  impl.RoleInfo (RoleInfo.java:updateAndGet(143)) - 2f4845be-2264-4a1a-8a27-f958336e1da9: start FollowerState
2019-10-23 22:40:03,098 [grpc-default-executor-7] INFO  impl.RaftServerImpl (RaftServerImpl.java:setRole(184)) - 0cd5f69f-229b-4e24-9dce-31aad898d52d@group-D44E3B3540EA: changes role from  FOLLOWER to FOLLOWER at term 15 for recognizeCandidate:15de30e0-32e7-4789-867b-8c05fd0bfca2
2019-10-23 22:40:03,098 [grpc-default-executor-7] INFO  impl.RoleInfo (RoleInfo.java:shutdownFollowerState(121)) - 0cd5f69f-229b-4e24-9dce-31aad898d52d: shutdown FollowerState
2019-10-23 22:40:03,099 [grpc-default-executor-7] INFO  impl.RoleInfo (RoleInfo.java:updateAndGet(143)) - 0cd5f69f-229b-4e24-9dce-31aad898d52d: start FollowerState
2019-10-23 22:40:03,099 [Thread-980] INFO  impl.FollowerState (FollowerState.java:run(117)) - 0cd5f69f-229b-4e24-9dce-31aad898d52d@group-D44E3B3540EA-FollowerState was interrupted: java.lang.InterruptedException: sleep interrupted
2019-10-23 22:40:03,099 [grpc-default-executor-4] INFO  impl.RaftServerImpl (RaftServerImpl.java:setRole(184)) - 2f4845be-2264-4a1a-8a27-f958336e1da9@group-D44E3B3540EA: changes role from  FOLLOWER to FOLLOWER at term 15 for recognizeCandidate:15de30e0-32e7-4789-867b-8c05fd0bfca2
2019-10-23 22:40:03,099 [grpc-default-executor-4] INFO  impl.RoleInfo (RoleInfo.java:shutdownFollowerState(121)) - 2f4845be-2264-4a1a-8a27-f958336e1da9: shutdown FollowerState
2019-10-23 22:40:03,099 [grpc-default-executor-4] INFO  impl.RoleInfo (RoleInfo.java:updateAndGet(143)) - 2f4845be-2264-4a1a-8a27-f958336e1da9: start FollowerState
2019-10-23 22:40:03,099 [Thread-979] INFO  impl.FollowerState (FollowerState.java:run(117)) - 2f4845be-2264-4a1a-8a27-f958336e1da9@group-D44E3B3540EA-FollowerState was interrupted: java.lang.InterruptedException: sleep interrupted
2019-10-23 22:40:03,106 [15de30e0-32e7-4789-867b-8c05fd0bfca2@group-D44E3B3540EA-LeaderElection67] INFO  impl.LeaderElection (LeaderElection.java:logAndReturn(56)) - 15de30e0-32e7-4789-867b-8c05fd0bfca2@group-D44E3B3540EA-LeaderElection67: Election REJECTED; received 2 response(s) [15de30e0-32e7-4789-867b-8c05fd0bfca2<-0cd5f69f-229b-4e24-9dce-31aad898d52d#0:FAIL-t15, 15de30e0-32e7-4789-867b-8c05fd0bfca2<-2f4845be-2264-4a1a-8a27-f958336e1da9#0:FAIL-t15] and 0 exception(s); 15de30e0-32e7-4789-867b-8c05fd0bfca2@group-D44E3B3540EA:t15, leader=null, voted=15de30e0-32e7-4789-867b-8c05fd0bfca2, raftlog=15de30e0-32e7-4789-867b-8c05fd0bfca2@group-D44E3B3540EA-SegmentedRaftLog:OPENED:c-1,f-1,i0, conf=-1: [0cd5f69f-229b-4e24-9dce-31aad898d52d:192.168.157.195:33132, 15de30e0-32e7-4789-867b-8c05fd0bfca2:192.168.157.195:43624, 2f4845be-2264-4a1a-8a27-f958336e1da9:192.168.157.195:36753], old=null
2019-10-23 22:40:03,106 [0cd5f69f-229b-4e24-9dce-31aad898d52d@group-91CED867EC48-LeaderElection66] INFO  impl.LeaderElection (LeaderElection.java:logAndReturn(56)) - 0cd5f69f-229b-4e24-9dce-31aad898d52d@group-91CED867EC48-LeaderElection66: Election REJECTED; received 2 response(s) [0cd5f69f-229b-4e24-9dce-31aad898d52d<-15de30e0-32e7-4789-867b-8c05fd0bfca2#0:FAIL-t53, 0cd5f69f-229b-4e24-9dce-31aad898d52d<-2f4845be-2264-4a1a-8a27-f958336e1da9#0:FAIL-t53] and 0 exception(s); 0cd5f69f-229b-4e24-9dce-31aad898d52d@group-91CED867EC48:t53, leader=null, voted=0cd5f69f-229b-4e24-9dce-31aad898d52d, raftlog=0cd5f69f-229b-4e24-9dce-31aad898d52d@group-91CED867EC48-SegmentedRaftLog:OPENED:c3,f4,i4, conf=0: [0cd5f69f-229b-4e24-9dce-31aad898d52d:192.168.157.195:33132, 15de30e0-32e7-4789-867b-8c05fd0bfca2:192.168.157.195:43624, 2f4845be-2264-4a1a-8a27-f958336e1da9:192.168.157.195:36753], old=null
2019-10-23 22:40:03,106 [15de30e0-32e7-4789-867b-8c05fd0bfca2@group-D44E3B3540EA-LeaderElection67] INFO  impl.RaftServerImpl (RaftServerImpl.java:setRole(184)) - 15de30e0-32e7-4789-867b-8c05fd0bfca2@group-D44E3B3540EA: changes role from CANDIDATE to FOLLOWER at term 15 for DISCOVERED_A_NEW_TERM
2019-10-23 22:40:03,106 [0cd5f69f-229b-4e24-9dce-31aad898d52d@group-91CED867EC48-LeaderElection66] INFO  impl.RaftServerImpl (RaftServerImpl.java:setRole(184)) - 0cd5f69f-229b-4e24-9dce-31aad898d52d@group-91CED867EC48: changes role from CANDIDATE to FOLLOWER at term 53 for DISCOVERED_A_NEW_TERM
2019-10-23 22:40:03,106 [15de30e0-32e7-4789-867b-8c05fd0bfca2@group-D44E3B3540EA-LeaderElection67] INFO  impl.RoleInfo (RoleInfo.java:shutdownLeaderElection(134)) - 15de30e0-32e7-4789-867b-8c05fd0bfca2: shutdown LeaderElection
2019-10-23 22:40:03,106 [0cd5f69f-229b-4e24-9dce-31aad898d52d@group-91CED867EC48-LeaderElection66] INFO  impl.RoleInfo (RoleInfo.java:shutdownLeaderElection(134)) - 0cd5f69f-229b-4e24-9dce-31aad898d52d: shutdown LeaderElection
2019-10-23 22:40:03,107 [15de30e0-32e7-4789-867b-8c05fd0bfca2@group-D44E3B3540EA-LeaderElection67] INFO  impl.RoleInfo (RoleInfo.java:updateAndGet(143)) - 15de30e0-32e7-4789-867b-8c05fd0bfca2: start FollowerState
2019-10-23 22:40:03,107 [0cd5f69f-229b-4e24-9dce-31aad898d52d@group-91CED867EC48-LeaderElection66] INFO  impl.RoleInfo (RoleInfo.java:updateAndGet(143)) - 0cd5f69f-229b-4e24-9dce-31aad898d52d: start FollowerState
2019-10-23 22:40:03,220 [Thread-1001] INFO  impl.FollowerState (FollowerState.java:run(108)) - 15de30e0-32e7-4789-867b-8c05fd0bfca2@group-D44E3B3540EA-FollowerState: change to CANDIDATE, lastRpcTime:113ms, electionTimeout:113ms
2019-10-23 22:40:03,220 [Thread-1001] INFO  impl.RoleInfo (RoleInfo.java:shutdownFollowerState(121)) - 15de30e0-32e7-4789-867b-8c05fd0bfca2: shutdown FollowerState
2019-10-23 22:40:03,221 [Thread-1001] INFO  impl.RaftServerImpl (RaftServerImpl.java:setRole(184)) - 15de30e0-32e7-4789-867b-8c05fd0bfca2@group-D44E3B3540EA: changes role from  FOLLOWER to CANDIDATE at term 15 for changeToCandidate
2019-10-23 22:40:03,221 [Thread-1001] INFO  impl.RoleInfo (RoleInfo.java:updateAndGet(143)) - 15de30e0-32e7-4789-867b-8c05fd0bfca2: start LeaderElection
2019-10-23 22:40:03,225 [15de30e0-32e7-4789-867b-8c05fd0bfca2@group-D44E3B3540EA-LeaderElection68] INFO  impl.LeaderElection (LeaderElection.java:askForVotes(178)) - 15de30e0-32e7-4789-867b-8c05fd0bfca2@group-D44E3B3540EA-LeaderElection68: begin an election at term 16 for -1: [0cd5f69f-229b-4e24-9dce-31aad898d52d:192.168.157.195:33132, 15de30e0-32e7-4789-867b-8c05fd0bfca2:192.168.157.195:43624, 2f4845be-2264-4a1a-8a27-f958336e1da9:192.168.157.195:36753], old=null
2019-10-23 22:40:03,228 [grpc-default-executor-5] INFO  impl.RaftServerImpl (RaftServerImpl.java:setRole(184)) - 2f4845be-2264-4a1a-8a27-f958336e1da9@group-D44E3B3540EA: changes role from  FOLLOWER to FOLLOWER at term 16 for recognizeCandidate:15de30e0-32e7-4789-867b-8c05fd0bfca2
2019-10-23 22:40:03,229 [grpc-default-executor-5] INFO  impl.RoleInfo (RoleInfo.java:shutdownFollowerState(121)) - 2f4845be-2264-4a1a-8a27-f958336e1da9: shutdown FollowerState
2019-10-23 22:40:03,229 [grpc-default-executor-6] INFO  impl.RaftServerImpl (RaftServerImpl.java:setRole(184)) - 0cd5f69f-229b-4e24-9dce-31aad898d52d@group-D44E3B3540EA: changes role from  FOLLOWER to FOLLOWER at term 16 for recognizeCandidate:15de30e0-32e7-4789-867b-8c05fd0bfca2
2019-10-23 22:40:03,229 [Thread-1000] INFO  impl.FollowerState (FollowerState.java:run(117)) - 2f4845be-2264-4a1a-8a27-f958336e1da9@group-D44E3B3540EA-FollowerState was interrupted: java.lang.InterruptedException: sleep interrupted
2019-10-23 22:40:03,229 [grpc-default-executor-5] INFO  impl.RoleInfo (RoleInfo.java:updateAndGet(143)) - 2f4845be-2264-4a1a-8a27-f958336e1da9: start FollowerState
2019-10-23 22:40:03,229 [grpc-default-executor-6] INFO  impl.RoleInfo (RoleInfo.java:shutdownFollowerState(121)) - 0cd5f69f-229b-4e24-9dce-31aad898d52d: shutdown FollowerState
2019-10-23 22:40:03,230 [grpc-default-executor-6] INFO  impl.RoleInfo (RoleInfo.java:updateAndGet(143)) - 0cd5f69f-229b-4e24-9dce-31aad898d52d: start FollowerState
2019-10-23 22:40:03,230 [Thread-999] INFO  impl.FollowerState (FollowerState.java:run(117)) - 0cd5f69f-229b-4e24-9dce-31aad898d52d@group-D44E3B3540EA-FollowerState was interrupted: java.lang.InterruptedException: sleep interrupted
2019-10-23 22:40:03,245 [15de30e0-32e7-4789-867b-8c05fd0bfca2@group-D44E3B3540EA-LeaderElection68] INFO  impl.LeaderElection (LeaderElection.java:logAndReturn(56)) - 15de30e0-32e7-4789-867b-8c05fd0bfca2@group-D44E3B3540EA-LeaderElection68: Election REJECTED; received 2 response(s) [15de30e0-32e7-4789-867b-8c05fd0bfca2<-0cd5f69f-229b-4e24-9dce-31aad898d52d#0:FAIL-t16, 15de30e0-32e7-4789-867b-8c05fd0bfca2<-2f4845be-2264-4a1a-8a27-f958336e1da9#0:FAIL-t16] and 0 exception(s); 15de30e0-32e7-4789-867b-8c05fd0bfca2@group-D44E3B3540EA:t16, leader=null, voted=15de30e0-32e7-4789-867b-8c05fd0bfca2, raftlog=15de30e0-32e7-4789-867b-8c05fd0bfca2@group-D44E3B3540EA-SegmentedRaftLog:OPENED:c-1,f-1,i0, conf=-1: [0cd5f69f-229b-4e24-9dce-31aad898d52d:192.168.157.195:33132, 15de30e0-32e7-4789-867b-8c05fd0bfca2:192.168.157.195:43624, 2f4845be-2264-4a1a-8a27-f958336e1da9:192.168.157.195:36753], old=null
2019-10-23 22:40:03,245 [15de30e0-32e7-4789-867b-8c05fd0bfca2@group-D44E3B3540EA-LeaderElection68] INFO  impl.RaftServerImpl (RaftServerImpl.java:setRole(184)) - 15de30e0-32e7-4789-867b-8c05fd0bfca2@group-D44E3B3540EA: changes role from CANDIDATE to FOLLOWER at term 16 for DISCOVERED_A_NEW_TERM
2019-10-23 22:40:03,245 [15de30e0-32e7-4789-867b-8c05fd0bfca2@group-D44E3B3540EA-LeaderElection68] INFO  impl.RoleInfo (RoleInfo.java:shutdownLeaderElection(134)) - 15de30e0-32e7-4789-867b-8c05fd0bfca2: shutdown LeaderElection
2019-10-23 22:40:03,245 [15de30e0-32e7-4789-867b-8c05fd0bfca2@group-D44E3B3540EA-LeaderElection68] INFO  impl.RoleInfo (RoleInfo.java:updateAndGet(143)) - 15de30e0-32e7-4789-867b-8c05fd0bfca2: start FollowerState
2019-10-23 22:40:03,271 [Thread-1002] INFO  impl.FollowerState (FollowerState.java:run(108)) - 0cd5f69f-229b-4e24-9dce-31aad898d52d@group-91CED867EC48-FollowerState: change to CANDIDATE, lastRpcTime:164ms, electionTimeout:164ms
2019-10-23 22:40:03,271 [Thread-1002] INFO  impl.RoleInfo (RoleInfo.java:shutdownFollowerState(121)) - 0cd5f69f-229b-4e24-9dce-31aad898d52d: shutdown FollowerState
2019-10-23 22:40:03,272 [Thread-1002] INFO  impl.RaftServerImpl (RaftServerImpl.java:setRole(184)) - 0cd5f69f-229b-4e24-9dce-31aad898d52d@group-91CED867EC48: changes role from  FOLLOWER to CANDIDATE at term 53 for changeToCandidate
2019-10-23 22:40:03,272 [Thread-1002] INFO  impl.RoleInfo (RoleInfo.java:updateAndGet(143)) - 0cd5f69f-229b-4e24-9dce-31aad898d52d: start LeaderElection
2019-10-23 22:40:03,274 [Thread-1011] INFO  client.GrpcClientProtocolService (GrpcClientProtocolService.java:lambda$processClientRequest$0(278)) - Failed RaftClientRequest:client-A571C4F32A47->0cd5f69f-229b-4e24-9dce-31aad898d52d@group-91CED867EC48, cid=10, seq=0, Watch-ALL_COMMITTED(6), Message:<EMPTY>, reply=RaftClientReply:client-A571C4F32A47->0cd5f69f-229b-4e24-9dce-31aad898d52d@group-91CED867EC48, cid=10, FAILED org.apache.ratis.protocol.NotLeaderException: Server 0cd5f69f-229b-4e24-9dce-31aad898d52d@group-91CED867EC48 is not the leader, logIndex=0, commits[0cd5f69f-229b-4e24-9dce-31aad898d52d:c3]
2019-10-23 22:40:03,281 [0cd5f69f-229b-4e24-9dce-31aad898d52d@group-91CED867EC48-LeaderElection69] INFO  impl.LeaderElection (LeaderElection.java:askForVotes(178)) - 0cd5f69f-229b-4e24-9dce-31aad898d52d@group-91CED867EC48-LeaderElection69: begin an election at term 54 for 0: [0cd5f69f-229b-4e24-9dce-31aad898d52d:192.168.157.195:33132, 15de30e0-32e7-4789-867b-8c05fd0bfca2:192.168.157.195:43624, 2f4845be-2264-4a1a-8a27-f958336e1da9:192.168.157.195:36753], old=null
2019-10-23 22:40:03,285 [grpc-default-executor-5] INFO  impl.RaftServerImpl (RaftServerImpl.java:setRole(184)) - 15de30e0-32e7-4789-867b-8c05fd0bfca2@group-91CED867EC48: changes role from  FOLLOWER to FOLLOWER at term 54 for recognizeCandidate:0cd5f69f-229b-4e24-9dce-31aad898d52d
2019-10-23 22:40:03,285 [grpc-default-executor-5] INFO  impl.RoleInfo (RoleInfo.java:shutdownFollowerState(121)) - 15de30e0-32e7-4789-867b-8c05fd0bfca2: shutdown FollowerState
2019-10-23 22:40:03,285 [grpc-default-executor-5] INFO  impl.RoleInfo (RoleInfo.java:updateAndGet(143)) - 15de30e0-32e7-4789-867b-8c05fd0bfca2: start FollowerState
2019-10-23 22:40:03,286 [Thread-997] INFO  impl.FollowerState (FollowerState.java:run(117)) - 15de30e0-32e7-4789-867b-8c05fd0bfca2@group-91CED867EC48-FollowerState was interrupted: java.lang.InterruptedException: sleep interrupted
2019-10-23 22:40:03,286 [grpc-default-executor-6] INFO  impl.RaftServerImpl (RaftServerImpl.java:setRole(184)) - 2f4845be-2264-4a1a-8a27-f958336e1da9@group-91CED867EC48: changes role from  FOLLOWER to FOLLOWER at term 54 for recognizeCandidate:0cd5f69f-229b-4e24-9dce-31aad898d52d
2019-10-23 22:40:03,286 [grpc-default-executor-6] INFO  impl.RoleInfo (RoleInfo.java:shutdownFollowerState(121)) - 2f4845be-2264-4a1a-8a27-f958336e1da9: shutdown FollowerState
2019-10-23 22:40:03,286 [grpc-default-executor-6] INFO  impl.RoleInfo (RoleInfo.java:updateAndGet(143)) - 2f4845be-2264-4a1a-8a27-f958336e1da9: start FollowerState
2019-10-23 22:40:03,286 [Thread-998] INFO  impl.FollowerState (FollowerState.java:run(117)) - 2f4845be-2264-4a1a-8a27-f958336e1da9@group-91CED867EC48-FollowerState was interrupted: java.lang.InterruptedException: sleep interrupted
2019-10-23 22:40:03,314 [0cd5f69f-229b-4e24-9dce-31aad898d52d@group-91CED867EC48-LeaderElection69] INFO  impl.LeaderElection (LeaderElection.java:logAndReturn(56)) - 0cd5f69f-229b-4e24-9dce-31aad898d52d@group-91CED867EC48-LeaderElection69: Election REJECTED; received 2 response(s) [0cd5f69f-229b-4e24-9dce-31aad898d52d<-15de30e0-32e7-4789-867b-8c05fd0bfca2#0:FAIL-t54, 0cd5f69f-229b-4e24-9dce-31aad898d52d<-2f4845be-2264-4a1a-8a27-f958336e1da9#0:FAIL-t54] and 0 exception(s); 0cd5f69f-229b-4e24-9dce-31aad898d52d@group-91CED867EC48:t54, leader=null, voted=0cd5f69f-229b-4e24-9dce-31aad898d52d, raftlog=0cd5f69f-229b-4e24-9dce-31aad898d52d@group-91CED867EC48-SegmentedRaftLog:OPENED:c3,f4,i4, conf=0: [0cd5f69f-229b-4e24-9dce-31aad898d52d:192.168.157.195:33132, 15de30e0-32e7-4789-867b-8c05fd0bfca2:192.168.157.195:43624, 2f4845be-2264-4a1a-8a27-f958336e1da9:192.168.157.195:36753], old=null
2019-10-23 22:40:03,314 [0cd5f69f-229b-4e24-9dce-31aad898d52d@group-91CED867EC48-LeaderElection69] INFO  impl.RaftServerImpl (RaftServerImpl.java:setRole(184)) - 0cd5f69f-229b-4e24-9dce-31aad898d52d@group-91CED867EC48: changes role from CANDIDATE to FOLLOWER at term 54 for DISCOVERED_A_NEW_TERM
2019-10-23 22:40:03,314 [0cd5f69f-229b-4e24-9dce-31aad898d52d@group-91CED867EC48-LeaderElection69] INFO  impl.RoleInfo (RoleInfo.java:shutdownLeaderElection(134)) - 0cd5f69f-229b-4e24-9dce-31aad898d52d: shutdown LeaderElection
2019-10-23 22:40:03,314 [0cd5f69f-229b-4e24-9dce-31aad898d52d@group-91CED867EC48-LeaderElection69] INFO  impl.RoleInfo (RoleInfo.java:updateAndGet(143)) - 0cd5f69f-229b-4e24-9dce-31aad898d52d: start FollowerState
2019-10-23 22:40:03,379 [Thread-1017] INFO  impl.FollowerState (FollowerState.java:run(108)) - 0cd5f69f-229b-4e24-9dce-31aad898d52d@group-91CED867EC48-FollowerState: change to CANDIDATE, lastRpcTime:64ms, electionTimeout:64ms
2019-10-23 22:40:03,379 [Thread-1017] INFO  impl.RoleInfo (RoleInfo.java:shutdownFollowerState(121)) - 0cd5f69f-229b-4e24-9dce-31aad898d52d: shutdown FollowerState
2019-10-23 22:40:03,379 [Thread-1017] INFO  impl.RaftServerImpl (RaftServerImpl.java:setRole(184)) - 0cd5f69f-229b-4e24-9dce-31aad898d52d@group-91CED867EC48: changes role from  FOLLOWER to CANDIDATE at term 54 for changeToCandidate
2019-10-23 22:40:03,379 [Thread-1017] INFO  impl.RoleInfo (RoleInfo.java:updateAndGet(143)) - 0cd5f69f-229b-4e24-9dce-31aad898d52d: start LeaderElection
2019-10-23 22:40:03,382 [Thread-1008] INFO  impl.FollowerState (FollowerState.java:run(108)) - 15de30e0-32e7-4789-867b-8c05fd0bfca2@group-D44E3B3540EA-FollowerState: change to CANDIDATE, lastRpcTime:136ms, electionTimeout:136ms
2019-10-23 22:40:03,382 [Thread-1008] INFO  impl.RoleInfo (RoleInfo.java:shutdownFollowerState(121)) - 15de30e0-32e7-4789-867b-8c05fd0bfca2: shutdown FollowerState
2019-10-23 22:40:03,382 [Thread-1008] INFO  impl.RaftServerImpl (RaftServerImpl.java:setRole(184)) - 15de30e0-32e7-4789-867b-8c05fd0bfca2@group-D44E3B3540EA: changes role from  FOLLOWER to CANDIDATE at term 16 for changeToCandidate
2019-10-23 22:40:03,382 [Thread-1008] INFO  impl.RoleInfo (RoleInfo.java:updateAndGet(143)) - 15de30e0-32e7-4789-867b-8c05fd0bfca2: start LeaderElection
2019-10-23 22:40:03,383 [0cd5f69f-229b-4e24-9dce-31aad898d52d@group-91CED867EC48-LeaderElection70] INFO  impl.LeaderElection (LeaderElection.java:askForVotes(178)) - 0cd5f69f-229b-4e24-9dce-31aad898d52d@group-91CED867EC48-LeaderElection70: begin an election at term 55 for 0: [0cd5f69f-229b-4e24-9dce-31aad898d52d:192.168.157.195:33132, 15de30e0-32e7-4789-867b-8c05fd0bfca2:192.168.157.195:43624, 2f4845be-2264-4a1a-8a27-f958336e1da9:192.168.157.195:36753], old=null
2019-10-23 22:40:03,386 [grpc-default-executor-5] INFO  impl.RaftServerImpl (RaftServerImpl.java:setRole(184)) - 15de30e0-32e7-4789-867b-8c05fd0bfca2@group-91CED867EC48: changes role from  FOLLOWER to FOLLOWER at term 55 for recognizeCandidate:0cd5f69f-229b-4e24-9dce-31aad898d52d
2019-10-23 22:40:03,386 [grpc-default-executor-5] INFO  impl.RoleInfo (RoleInfo.java:shutdownFollowerState(121)) - 15de30e0-32e7-4789-867b-8c05fd0bfca2: shutdown FollowerState
2019-10-23 22:40:03,387 [grpc-default-executor-5] INFO  impl.RoleInfo (RoleInfo.java:updateAndGet(143)) - 15de30e0-32e7-4789-867b-8c05fd0bfca2: start FollowerState
2019-10-23 22:40:03,387 [Thread-1015] INFO  impl.FollowerState (FollowerState.java:run(117)) - 15de30e0-32e7-4789-867b-8c05fd0bfca2@group-91CED867EC48-FollowerState was interrupted: java.lang.InterruptedException: sleep interrupted
2019-10-23 22:40:03,387 [15de30e0-32e7-4789-867b-8c05fd0bfca2@group-D44E3B3540EA-LeaderElection71] INFO  impl.LeaderElection (LeaderElection.java:askForVotes(178)) - 15de30e0-32e7-4789-867b-8c05fd0bfca2@group-D44E3B3540EA-LeaderElection71: begin an election at term 17 for -1: [0cd5f69f-229b-4e24-9dce-31aad898d52d:192.168.157.195:33132, 15de30e0-32e7-4789-867b-8c05fd0bfca2:192.168.157.195:43624, 2f4845be-2264-4a1a-8a27-f958336e1da9:192.168.157.195:36753], old=null
2019-10-23 22:40:03,387 [grpc-default-executor-6] INFO  impl.RaftServerImpl (RaftServerImpl.java:setRole(184)) - 2f4845be-2264-4a1a-8a27-f958336e1da9@group-91CED867EC48: changes role from  FOLLOWER to FOLLOWER at term 55 for recognizeCandidate:0cd5f69f-229b-4e24-9dce-31aad898d52d
2019-10-23 22:40:03,387 [grpc-default-executor-6] INFO  impl.RoleInfo (RoleInfo.java:shutdownFollowerState(121)) - 2f4845be-2264-4a1a-8a27-f958336e1da9: shutdown FollowerState
2019-10-23 22:40:03,388 [Thread-1016] INFO  impl.FollowerState (FollowerState.java:run(117)) - 2f4845be-2264-4a1a-8a27-f958336e1da9@group-91CED867EC48-FollowerState was interrupted: java.lang.InterruptedException: sleep interrupted
2019-10-23 22:40:03,388 [grpc-default-executor-6] INFO  impl.RoleInfo (RoleInfo.java:updateAndGet(143)) - 2f4845be-2264-4a1a-8a27-f958336e1da9: start FollowerState
2019-10-23 22:40:03,390 [grpc-default-executor-4] INFO  impl.RaftServerImpl (RaftServerImpl.java:setRole(184)) - 0cd5f69f-229b-4e24-9dce-31aad898d52d@group-D44E3B3540EA: changes role from  FOLLOWER to FOLLOWER at term 17 for recognizeCandidate:15de30e0-32e7-4789-867b-8c05fd0bfca2
2019-10-23 22:40:03,390 [grpc-default-executor-4] INFO  impl.RoleInfo (RoleInfo.java:shutdownFollowerState(121)) - 0cd5f69f-229b-4e24-9dce-31aad898d52d: shutdown FollowerState
2019-10-23 22:40:03,390 [grpc-default-executor-4] INFO  impl.RoleInfo (RoleInfo.java:updateAndGet(143)) - 0cd5f69f-229b-4e24-9dce-31aad898d52d: start FollowerState
2019-10-23 22:40:03,391 [grpc-default-executor-7] INFO  impl.RaftServerImpl (RaftServerImpl.java:setRole(184)) - 2f4845be-2264-4a1a-8a27-f958336e1da9@group-D44E3B3540EA: changes role from  FOLLOWER to FOLLOWER at term 17 for recognizeCandidate:15de30e0-32e7-4789-867b-8c05fd0bfca2
2019-10-23 22:40:03,391 [grpc-default-executor-7] INFO  impl.RoleInfo (RoleInfo.java:shutdownFollowerState(121)) - 2f4845be-2264-4a1a-8a27-f958336e1da9: shutdown FollowerState
2019-10-23 22:40:03,390 [Thread-1007] INFO  impl.FollowerState (FollowerState.java:run(117)) - 0cd5f69f-229b-4e24-9dce-31aad898d52d@group-D44E3B3540EA-FollowerState was interrupted: java.lang.InterruptedException: sleep interrupted
2019-10-23 22:40:03,391 [Thread-1006] INFO  impl.FollowerState (FollowerState.java:run(117)) - 2f4845be-2264-4a1a-8a27-f958336e1da9@group-D44E3B3540EA-FollowerState was interrupted: java.lang.InterruptedException: sleep interrupted
2019-10-23 22:40:03,391 [grpc-default-executor-7] INFO  impl.RoleInfo (RoleInfo.java:updateAndGet(143)) - 2f4845be-2264-4a1a-8a27-f958336e1da9: start FollowerState
2019-10-23 22:40:03,399 [0cd5f69f-229b-4e24-9dce-31aad898d52d@group-91CED867EC48-LeaderElection70] INFO  impl.LeaderElection (LeaderElection.java:logAndReturn(56)) - 0cd5f69f-229b-4e24-9dce-31aad898d52d@group-91CED867EC48-LeaderElection70: Election REJECTED; received 2 response(s) [0cd5f69f-229b-4e24-9dce-31aad898d52d<-15de30e0-32e7-4789-867b-8c05fd0bfca2#0:FAIL-t55, 0cd5f69f-229b-4e24-9dce-31aad898d52d<-2f4845be-2264-4a1a-8a27-f958336e1da9#0:FAIL-t55] and 0 exception(s); 0cd5f69f-229b-4e24-9dce-31aad898d52d@group-91CED867EC48:t55, leader=null, voted=0cd5f69f-229b-4e24-9dce-31aad898d52d, raftlog=0cd5f69f-229b-4e24-9dce-31aad898d52d@group-91CED867EC48-SegmentedRaftLog:OPENED:c3,f4,i4, conf=0: [0cd5f69f-229b-4e24-9dce-31aad898d52d:192.168.157.195:33132, 15de30e0-32e7-4789-867b-8c05fd0bfca2:192.168.157.195:43624, 2f4845be-2264-4a1a-8a27-f958336e1da9:192.168.157.195:36753], old=null
2019-10-23 22:40:03,399 [15de30e0-32e7-4789-867b-8c05fd0bfca2@group-D44E3B3540EA-LeaderElection71] INFO  impl.LeaderElection (LeaderElection.java:logAndReturn(56)) - 15de30e0-32e7-4789-867b-8c05fd0bfca2@group-D44E3B3540EA-LeaderElection71: Election REJECTED; received 2 response(s) [15de30e0-32e7-4789-867b-8c05fd0bfca2<-0cd5f69f-229b-4e24-9dce-31aad898d52d#0:FAIL-t17, 15de30e0-32e7-4789-867b-8c05fd0bfca2<-2f4845be-2264-4a1a-8a27-f958336e1da9#0:FAIL-t17] and 0 exception(s); 15de30e0-32e7-4789-867b-8c05fd0bfca2@group-D44E3B3540EA:t17, leader=null, voted=15de30e0-32e7-4789-867b-8c05fd0bfca2, raftlog=15de30e0-32e7-4789-867b-8c05fd0bfca2@group-D44E3B3540EA-SegmentedRaftLog:OPENED:c-1,f-1,i0, conf=-1: [0cd5f69f-229b-4e24-9dce-31aad898d52d:192.168.157.195:33132, 15de30e0-32e7-4789-867b-8c05fd0bfca2:192.168.157.195:43624, 2f4845be-2264-4a1a-8a27-f958336e1da9:192.168.157.195:36753], old=null
2019-10-23 22:40:03,399 [0cd5f69f-229b-4e24-9dce-31aad898d52d@group-91CED867EC48-LeaderElection70] INFO  impl.RaftServerImpl (RaftServerImpl.java:setRole(184)) - 0cd5f69f-229b-4e24-9dce-31aad898d52d@group-91CED867EC48: changes role from CANDIDATE to FOLLOWER at term 55 for DISCOVERED_A_NEW_TERM
2019-10-23 22:40:03,399 [15de30e0-32e7-4789-867b-8c05fd0bfca2@group-D44E3B3540EA-LeaderElection71] INFO  impl.RaftServerImpl (RaftServerImpl.java:setRole(184)) - 15de30e0-32e7-4789-867b-8c05fd0bfca2@group-D44E3B3540EA: changes role from CANDIDATE to FOLLOWER at term 17 for DISCOVERED_A_NEW_TERM
2019-10-23 22:40:03,399 [0cd5f69f-229b-4e24-9dce-31aad898d52d@group-91CED867EC48-LeaderElection70] INFO  impl.RoleInfo (RoleInfo.java:shutdownLeaderElection(134)) - 0cd5f69f-229b-4e24-9dce-31aad898d52d: shutdown LeaderElection
2019-10-23 22:40:03,400 [15de30e0-32e7-4789-867b-8c05fd0bfca2@group-D44E3B3540EA-LeaderElection71] INFO  impl.RoleInfo (RoleInfo.java:shutdownLeaderElection(134)) - 15de30e0-32e7-4789-867b-8c05fd0bfca2: shutdown LeaderElection
2019-10-23 22:40:03,400 [0cd5f69f-229b-4e24-9dce-31aad898d52d@group-91CED867EC48-LeaderElection70] INFO  impl.RoleInfo (RoleInfo.java:updateAndGet(143)) - 0cd5f69f-229b-4e24-9dce-31aad898d52d: start FollowerState
2019-10-23 22:40:03,400 [15de30e0-32e7-4789-867b-8c05fd0bfca2@group-D44E3B3540EA-LeaderElection71] INFO  impl.RoleInfo (RoleInfo.java:updateAndGet(143)) - 15de30e0-32e7-4789-867b-8c05fd0bfca2: start FollowerState
2019-10-23 22:40:03,446 [Thread-1028] INFO  impl.FollowerState (FollowerState.java:run(108)) - 0cd5f69f-229b-4e24-9dce-31aad898d52d@group-91CED867EC48-FollowerState: change to CANDIDATE, lastRpcTime:46ms, electionTimeout:46ms
2019-10-23 22:40:03,446 [Thread-1028] INFO  impl.RoleInfo (RoleInfo.java:shutdownFollowerState(121)) - 0cd5f69f-229b-4e24-9dce-31aad898d52d: shutdown FollowerState
2019-10-23 22:40:03,447 [Thread-1028] INFO  impl.RaftServerImpl (RaftServerImpl.java:setRole(184)) - 0cd5f69f-229b-4e24-9dce-31aad898d52d@group-91CED867EC48: changes role from  FOLLOWER to CANDIDATE at term 55 for changeToCandidate
2019-10-23 22:40:03,447 [Thread-1028] INFO  impl.RoleInfo (RoleInfo.java:updateAndGet(143)) - 0cd5f69f-229b-4e24-9dce-31aad898d52d: start LeaderElection
2019-10-23 22:40:03,459 [Thread-1029] INFO  impl.FollowerState (FollowerState.java:run(108)) - 15de30e0-32e7-4789-867b-8c05fd0bfca2@group-D44E3B3540EA-FollowerState: change to CANDIDATE, lastRpcTime:59ms, electionTimeout:59ms
2019-10-23 22:40:03,460 [Thread-1029] INFO  impl.RoleInfo (RoleInfo.java:shutdownFollowerState(121)) - 15de30e0-32e7-4789-867b-8c05fd0bfca2: shutdown FollowerState
2019-10-23 22:40:03,460 [Thread-1029] INFO  impl.RaftServerImpl (RaftServerImpl.java:setRole(184)) - 15de30e0-32e7-4789-867b-8c05fd0bfca2@group-D44E3B3540EA: changes role from  FOLLOWER to CANDIDATE at term 17 for changeToCandidate
2019-10-23 22:40:03,460 [Thread-1029] INFO  impl.RoleInfo (RoleInfo.java:updateAndGet(143)) - 15de30e0-32e7-4789-867b-8c05fd0bfca2: start LeaderElection
2019-10-23 22:40:03,461 [0cd5f69f-229b-4e24-9dce-31aad898d52d@group-91CED867EC48-LeaderElection72] INFO  impl.LeaderElection (LeaderElection.java:askForVotes(178)) - 0cd5f69f-229b-4e24-9dce-31aad898d52d@group-91CED867EC48-LeaderElection72: begin an election at term 56 for 0: [0cd5f69f-229b-4e24-9dce-31aad898d52d:192.168.157.195:33132, 15de30e0-32e7-4789-867b-8c05fd0bfca2:192.168.157.195:43624, 2f4845be-2264-4a1a-8a27-f958336e1da9:192.168.157.195:36753], old=null
2019-10-23 22:40:03,464 [15de30e0-32e7-4789-867b-8c05fd0bfca2@group-D44E3B3540EA-LeaderElection73] INFO  impl.LeaderElection (LeaderElection.java:askForVotes(178)) - 15de30e0-32e7-4789-867b-8c05fd0bfca2@group-D44E3B3540EA-LeaderElection73: begin an election at term 18 for -1: [0cd5f69f-229b-4e24-9dce-31aad898d52d:192.168.157.195:33132, 15de30e0-32e7-4789-867b-8c05fd0bfca2:192.168.157.195:43624, 2f4845be-2264-4a1a-8a27-f958336e1da9:192.168.157.195:36753], old=null
2019-10-23 22:40:03,464 [grpc-default-executor-7] INFO  impl.RaftServerImpl (RaftServerImpl.java:setRole(184)) - 15de30e0-32e7-4789-867b-8c05fd0bfca2@group-91CED867EC48: changes role from  FOLLOWER to FOLLOWER at term 56 for recognizeCandidate:0cd5f69f-229b-4e24-9dce-31aad898d52d
2019-10-23 22:40:03,464 [grpc-default-executor-7] INFO  impl.RoleInfo (RoleInfo.java:shutdownFollowerState(121)) - 15de30e0-32e7-4789-867b-8c05fd0bfca2: shutdown FollowerState
2019-10-23 22:40:03,464 [grpc-default-executor-7] INFO  impl.RoleInfo (RoleInfo.java:updateAndGet(143)) - 15de30e0-32e7-4789-867b-8c05fd0bfca2: start FollowerState
2019-10-23 22:40:03,465 [Thread-1022] INFO  impl.FollowerState (FollowerState.java:run(117)) - 15de30e0-32e7-4789-867b-8c05fd0bfca2@group-91CED867EC48-FollowerState was interrupted: java.lang.InterruptedException: sleep interrupted
2019-10-23 22:40:03,465 [grpc-default-executor-5] INFO  impl.RaftServerImpl (RaftServerImpl.java:setRole(184)) - 2f4845be-2264-4a1a-8a27-f958336e1da9@group-91CED867EC48: changes role from  FOLLOWER to FOLLOWER at term 56 for recognizeCandidate:0cd5f69f-229b-4e24-9dce-31aad898d52d
2019-10-23 22:40:03,465 [grpc-default-executor-5] INFO  impl.RoleInfo (RoleInfo.java:shutdownFollowerState(121)) - 2f4845be-2264-4a1a-8a27-f958336e1da9: shutdown FollowerState
2019-10-23 22:40:03,465 [grpc-default-executor-5] INFO  impl.RoleInfo (RoleInfo.java:updateAndGet(143)) - 2f4845be-2264-4a1a-8a27-f958336e1da9: start FollowerState
2019-10-23 22:40:03,465 [Thread-1025] INFO  impl.FollowerState (FollowerState.java:run(117)) - 2f4845be-2264-4a1a-8a27-f958336e1da9@group-91CED867EC48-FollowerState was interrupted: java.lang.InterruptedException: sleep interrupted
2019-10-23 22:40:03,467 [grpc-default-executor-6] INFO  impl.RaftServerImpl (RaftServerImpl.java:setRole(184)) - 0cd5f69f-229b-4e24-9dce-31aad898d52d@group-D44E3B3540EA: changes role from  FOLLOWER to FOLLOWER at term 18 for recognizeCandidate:15de30e0-32e7-4789-867b-8c05fd0bfca2
2019-10-23 22:40:03,467 [grpc-default-executor-6] INFO  impl.RoleInfo (RoleInfo.java:shutdownFollowerState(121)) - 0cd5f69f-229b-4e24-9dce-31aad898d52d: shutdown FollowerState
2019-10-23 22:40:03,467 [grpc-default-executor-6] INFO  impl.RoleInfo (RoleInfo.java:updateAndGet(143)) - 0cd5f69f-229b-4e24-9dce-31aad898d52d: start FollowerState
2019-10-23 22:40:03,467 [Thread-1026] INFO  impl.FollowerState (FollowerState.java:run(117)) - 0cd5f69f-229b-4e24-9dce-31aad898d52d@group-D44E3B3540EA-FollowerState was interrupted: java.lang.InterruptedException: sleep interrupted
2019-10-23 22:40:03,468 [grpc-default-executor-4] INFO  impl.RaftServerImpl (RaftServerImpl.java:setRole(184)) - 2f4845be-2264-4a1a-8a27-f958336e1da9@group-D44E3B3540EA: changes role from  FOLLOWER to FOLLOWER at term 18 for recognizeCandidate:15de30e0-32e7-4789-867b-8c05fd0bfca2
2019-10-23 22:40:03,468 [grpc-default-executor-4] INFO  impl.RoleInfo (RoleInfo.java:shutdownFollowerState(121)) - 2f4845be-2264-4a1a-8a27-f958336e1da9: shutdown FollowerState
2019-10-23 22:40:03,468 [Thread-1027] INFO  impl.FollowerState (FollowerState.java:run(117)) - 2f4845be-2264-4a1a-8a27-f958336e1da9@group-D44E3B3540EA-FollowerState was interrupted: java.lang.InterruptedException: sleep interrupted
2019-10-23 22:40:03,468 [grpc-default-executor-4] INFO  impl.RoleInfo (RoleInfo.java:updateAndGet(143)) - 2f4845be-2264-4a1a-8a27-f958336e1da9: start FollowerState
2019-10-23 22:40:03,475 [0cd5f69f-229b-4e24-9dce-31aad898d52d@group-91CED867EC48-LeaderElection72] INFO  impl.LeaderElection (LeaderElection.java:logAndReturn(56)) - 0cd5f69f-229b-4e24-9dce-31aad898d52d@group-91CED867EC48-LeaderElection72: Election REJECTED; received 2 response(s) [0cd5f69f-229b-4e24-9dce-31aad898d52d<-15de30e0-32e7-4789-867b-8c05fd0bfca2#0:FAIL-t56, 0cd5f69f-229b-4e24-9dce-31aad898d52d<-2f4845be-2264-4a1a-8a27-f958336e1da9#0:FAIL-t56] and 0 exception(s); 0cd5f69f-229b-4e24-9dce-31aad898d52d@group-91CED867EC48:t56, leader=null, voted=0cd5f69f-229b-4e24-9dce-31aad898d52d, raftlog=0cd5f69f-229b-4e24-9dce-31aad898d52d@group-91CED867EC48-SegmentedRaftLog:OPENED:c3,f4,i4, conf=0: [0cd5f69f-229b-4e24-9dce-31aad898d52d:192.168.157.195:33132, 15de30e0-32e7-4789-867b-8c05fd0bfca2:192.168.157.195:43624, 2f4845be-2264-4a1a-8a27-f958336e1da9:192.168.157.195:36753], old=null
2019-10-23 22:40:03,476 [0cd5f69f-229b-4e24-9dce-31aad898d52d@group-91CED867EC48-LeaderElection72] INFO  impl.RaftServerImpl (RaftServerImpl.java:setRole(184)) - 0cd5f69f-229b-4e24-9dce-31aad898d52d@group-91CED867EC48: changes role from CANDIDATE to FOLLOWER at term 56 for DISCOVERED_A_NEW_TERM
2019-10-23 22:40:03,476 [0cd5f69f-229b-4e24-9dce-31aad898d52d@group-91CED867EC48-LeaderElection72] INFO  impl.RoleInfo (RoleInfo.java:shutdownLeaderElection(134)) - 0cd5f69f-229b-4e24-9dce-31aad898d52d: shutdown LeaderElection
2019-10-23 22:40:03,476 [0cd5f69f-229b-4e24-9dce-31aad898d52d@group-91CED867EC48-LeaderElection72] INFO  impl.RoleInfo (RoleInfo.java:updateAndGet(143)) - 0cd5f69f-229b-4e24-9dce-31aad898d52d: start FollowerState
2019-10-23 22:40:03,476 [15de30e0-32e7-4789-867b-8c05fd0bfca2@group-D44E3B3540EA-LeaderElection73] INFO  impl.LeaderElection (LeaderElection.java:logAndReturn(56)) - 15de30e0-32e7-4789-867b-8c05fd0bfca2@group-D44E3B3540EA-LeaderElection73: Election REJECTED; received 2 response(s) [15de30e0-32e7-4789-867b-8c05fd0bfca2<-0cd5f69f-229b-4e24-9dce-31aad898d52d#0:FAIL-t18, 15de30e0-32e7-4789-867b-8c05fd0bfca2<-2f4845be-2264-4a1a-8a27-f958336e1da9#0:FAIL-t18] and 0 exception(s); 15de30e0-32e7-4789-867b-8c05fd0bfca2@group-D44E3B3540EA:t18, leader=null, voted=15de30e0-32e7-4789-867b-8c05fd0bfca2, raftlog=15de30e0-32e7-4789-867b-8c05fd0bfca2@group-D44E3B3540EA-SegmentedRaftLog:OPENED:c-1,f-1,i0, conf=-1: [0cd5f69f-229b-4e24-9dce-31aad898d52d:192.168.157.195:33132, 15de30e0-32e7-4789-867b-8c05fd0bfca2:192.168.157.195:43624, 2f4845be-2264-4a1a-8a27-f958336e1da9:192.168.157.195:36753], old=null
2019-10-23 22:40:03,476 [15de30e0-32e7-4789-867b-8c05fd0bfca2@group-D44E3B3540EA-LeaderElection73] INFO  impl.RaftServerImpl (RaftServerImpl.java:setRole(184)) - 15de30e0-32e7-4789-867b-8c05fd0bfca2@group-D44E3B3540EA: changes role from CANDIDATE to FOLLOWER at term 18 for DISCOVERED_A_NEW_TERM
2019-10-23 22:40:03,477 [15de30e0-32e7-4789-867b-8c05fd0bfca2@group-D44E3B3540EA-LeaderElection73] INFO  impl.RoleInfo (RoleInfo.java:shutdownLeaderElection(134)) - 15de30e0-32e7-4789-867b-8c05fd0bfca2: shutdown LeaderElection
2019-10-23 22:40:03,477 [15de30e0-32e7-4789-867b-8c05fd0bfca2@group-D44E3B3540EA-LeaderElection73] INFO  impl.RoleInfo (RoleInfo.java:updateAndGet(143)) - 15de30e0-32e7-4789-867b-8c05fd0bfca2: start FollowerState
2019-10-23 22:40:03,493 [Thread-1041] INFO  impl.FollowerState (FollowerState.java:run(108)) - 15de30e0-32e7-4789-867b-8c05fd0bfca2@group-D44E3B3540EA-FollowerState: change to CANDIDATE, lastRpcTime:16ms, electionTimeout:16ms
2019-10-23 22:40:03,493 [Thread-1040] INFO  impl.FollowerState (FollowerState.java:run(108)) - 0cd5f69f-229b-4e24-9dce-31aad898d52d@group-91CED867EC48-FollowerState: change to CANDIDATE, lastRpcTime:17ms, electionTimeout:17ms
2019-10-23 22:40:03,493 [Thread-1041] INFO  impl.RoleInfo (RoleInfo.java:shutdownFollowerState(121)) - 15de30e0-32e7-4789-867b-8c05fd0bfca2: shutdown FollowerState
2019-10-23 22:40:03,493 [Thread-1040] INFO  impl.RoleInfo (RoleInfo.java:shutdownFollowerState(121)) - 0cd5f69f-229b-4e24-9dce-31aad898d52d: shutdown FollowerState
2019-10-23 22:40:03,494 [Thread-1041] INFO  impl.RaftServerImpl (RaftServerImpl.java:setRole(184)) - 15de30e0-32e7-4789-867b-8c05fd0bfca2@group-D44E3B3540EA: changes role from  FOLLOWER to CANDIDATE at term 18 for changeToCandidate
2019-10-23 22:40:03,494 [Thread-1040] INFO  impl.RaftServerImpl (RaftServerImpl.java:setRole(184)) - 0cd5f69f-229b-4e24-9dce-31aad898d52d@group-91CED867EC48: changes role from  FOLLOWER to CANDIDATE at term 56 for changeToCandidate
2019-10-23 22:40:03,494 [Thread-1040] INFO  impl.RoleInfo (RoleInfo.java:updateAndGet(143)) - 0cd5f69f-229b-4e24-9dce-31aad898d52d: start LeaderElection
2019-10-23 22:40:03,494 [Thread-1041] INFO  impl.RoleInfo (RoleInfo.java:updateAndGet(143)) - 15de30e0-32e7-4789-867b-8c05fd0bfca2: start LeaderElection
2019-10-23 22:40:03,508 [15de30e0-32e7-4789-867b-8c05fd0bfca2@group-D44E3B3540EA-LeaderElection75] INFO  impl.LeaderElection (LeaderElection.java:askForVotes(178)) - 15de30e0-32e7-4789-867b-8c05fd0bfca2@group-D44E3B3540EA-LeaderElection75: begin an election at term 19 for -1: [0cd5f69f-229b-4e24-9dce-31aad898d52d:192.168.157.195:33132, 15de30e0-32e7-4789-867b-8c05fd0bfca2:192.168.157.195:43624, 2f4845be-2264-4a1a-8a27-f958336e1da9:192.168.157.195:36753], old=null
2019-10-23 22:40:03,508 [0cd5f69f-229b-4e24-9dce-31aad898d52d@group-91CED867EC48-LeaderElection74] INFO  impl.LeaderElection (LeaderElection.java:askForVotes(178)) - 0cd5f69f-229b-4e24-9dce-31aad898d52d@group-91CED867EC48-LeaderElection74: begin an election at term 57 for 0: [0cd5f69f-229b-4e24-9dce-31aad898d52d:192.168.157.195:33132, 15de30e0-32e7-4789-867b-8c05fd0bfca2:192.168.157.195:43624, 2f4845be-2264-4a1a-8a27-f958336e1da9:192.168.157.195:36753], old=null
2019-10-23 22:40:03,511 [grpc-default-executor-4] INFO  impl.RaftServerImpl (RaftServerImpl.java:setRole(184)) - 2f4845be-2264-4a1a-8a27-f958336e1da9@group-91CED867EC48: changes role from  FOLLOWER to FOLLOWER at term 57 for recognizeCandidate:0cd5f69f-229b-4e24-9dce-31aad898d52d
2019-10-23 22:40:03,511 [grpc-default-executor-5] INFO  impl.RaftServerImpl (RaftServerImpl.java:setRole(184)) - 15de30e0-32e7-4789-867b-8c05fd0bfca2@group-91CED867EC48: changes role from  FOLLOWER to FOLLOWER at term 57 for recognizeCandidate:0cd5f69f-229b-4e24-9dce-31aad898d52d
2019-10-23 22:40:03,511 [grpc-default-executor-6] INFO  impl.RaftServerImpl (RaftServerImpl.java:setRole(184)) - 2f4845be-2264-4a1a-8a27-f958336e1da9@group-D44E3B3540EA: changes role from  FOLLOWER to FOLLOWER at term 19 for recognizeCandidate:15de30e0-32e7-4789-867b-8c05fd0bfca2
2019-10-23 22:40:03,512 [grpc-default-executor-5] INFO  impl.RoleInfo (RoleInfo.java:shutdownFollowerState(121)) - 15de30e0-32e7-4789-867b-8c05fd0bfca2: shutdown FollowerState
2019-10-23 22:40:03,511 [grpc-default-executor-4] INFO  impl.RoleInfo (RoleInfo.java:shutdownFollowerState(121)) - 2f4845be-2264-4a1a-8a27-f958336e1da9: shutdown FollowerState
2019-10-23 22:40:03,512 [grpc-default-executor-5] INFO  impl.RoleInfo (RoleInfo.java:updateAndGet(143)) - 15de30e0-32e7-4789-867b-8c05fd0bfca2: start FollowerState
2019-10-23 22:40:03,512 [Thread-1037] INFO  impl.FollowerState (FollowerState.java:run(117)) - 2f4845be-2264-4a1a-8a27-f958336e1da9@group-91CED867EC48-FollowerState was interrupted: java.lang.InterruptedException: sleep interrupted
2019-10-23 22:40:03,512 [grpc-default-executor-7] INFO  impl.RaftServerImpl (RaftServerImpl.java:setRole(184)) - 0cd5f69f-229b-4e24-9dce-31aad898d52d@group-D44E3B3540EA: changes role from  FOLLOWER to FOLLOWER at term 19 for recognizeCandidate:15de30e0-32e7-4789-867b-8c05fd0bfca2
2019-10-23 22:40:03,512 [grpc-default-executor-6] INFO  impl.RoleInfo (RoleInfo.java:shutdownFollowerState(121)) - 2f4845be-2264-4a1a-8a27-f958336e1da9: shutdown FollowerState
2019-10-23 22:40:03,513 [grpc-default-executor-7] INFO  impl.RoleInfo (RoleInfo.java:shutdownFollowerState(121)) - 0cd5f69f-229b-4e24-9dce-31aad898d52d: shutdown FollowerState
2019-10-23 22:40:03,512 [grpc-default-executor-4] INFO  impl.RoleInfo (RoleInfo.java:updateAndGet(143)) - 2f4845be-2264-4a1a-8a27-f958336e1da9: start FollowerState
2019-10-23 22:40:03,512 [Thread-1036] INFO  impl.FollowerState (FollowerState.java:run(117)) - 15de30e0-32e7-4789-867b-8c05fd0bfca2@group-91CED867EC48-FollowerState was interrupted: java.lang.InterruptedException: sleep interrupted
2019-10-23 22:40:03,513 [Thread-1038] INFO  impl.FollowerState (FollowerState.java:run(117)) - 0cd5f69f-229b-4e24-9dce-31aad898d52d@group-D44E3B3540EA-FollowerState was interrupted: java.lang.InterruptedException: sleep interrupted
2019-10-23 22:40:03,513 [grpc-default-executor-7] INFO  impl.RoleInfo (RoleInfo.java:updateAndGet(143)) - 0cd5f69f-229b-4e24-9dce-31aad898d52d: start FollowerState
2019-10-23 22:40:03,513 [Thread-1039] INFO  impl.FollowerState (FollowerState.java:run(117)) - 2f4845be-2264-4a1a-8a27-f958336e1da9@group-D44E3B3540EA-FollowerState was interrupted: java.lang.InterruptedException: sleep interrupted
2019-10-23 22:40:03,513 [grpc-default-executor-6] INFO  impl.RoleInfo (RoleInfo.java:updateAndGet(143)) - 2f4845be-2264-4a1a-8a27-f958336e1da9: start FollowerState
2019-10-23 22:40:03,527 [0cd5f69f-229b-4e24-9dce-31aad898d52d@group-91CED867EC48-LeaderElection74] INFO  impl.LeaderElection (LeaderElection.java:logAndReturn(56)) - 0cd5f69f-229b-4e24-9dce-31aad898d52d@group-91CED867EC48-LeaderElection74: Election REJECTED; received 2 response(s) [0cd5f69f-229b-4e24-9dce-31aad898d52d<-15de30e0-32e7-4789-867b-8c05fd0bfca2#0:FAIL-t57, 0cd5f69f-229b-4e24-9dce-31aad898d52d<-2f4845be-2264-4a1a-8a27-f958336e1da9#0:FAIL-t57] and 0 exception(s); 0cd5f69f-229b-4e24-9dce-31aad898d52d@group-91CED867EC48:t57, leader=null, voted=0cd5f69f-229b-4e24-9dce-31aad898d52d, raftlog=0cd5f69f-229b-4e24-9dce-31aad898d52d@group-91CED867EC48-SegmentedRaftLog:OPENED:c3,f4,i4, conf=0: [0cd5f69f-229b-4e24-9dce-31aad898d52d:192.168.157.195:33132, 15de30e0-32e7-4789-867b-8c05fd0bfca2:192.168.157.195:43624, 2f4845be-2264-4a1a-8a27-f958336e1da9:192.168.157.195:36753], old=null
2019-10-23 22:40:03,527 [15de30e0-32e7-4789-867b-8c05fd0bfca2@group-D44E3B3540EA-LeaderElection75] INFO  impl.LeaderElection (LeaderElection.java:logAndReturn(56)) - 15de30e0-32e7-4789-867b-8c05fd0bfca2@group-D44E3B3540EA-LeaderElection75: Election REJECTED; received 2 response(s) [15de30e0-32e7-4789-867b-8c05fd0bfca2<-0cd5f69f-229b-4e24-9dce-31aad898d52d#0:FAIL-t19, 15de30e0-32e7-4789-867b-8c05fd0bfca2<-2f4845be-2264-4a1a-8a27-f958336e1da9#0:FAIL-t19] and 0 exception(s); 15de30e0-32e7-4789-867b-8c05fd0bfca2@group-D44E3B3540EA:t19, leader=null, voted=15de30e0-32e7-4789-867b-8c05fd0bfca2, raftlog=15de30e0-32e7-4789-867b-8c05fd0bfca2@group-D44E3B3540EA-SegmentedRaftLog:OPENED:c-1,f-1,i0, conf=-1: [0cd5f69f-229b-4e24-9dce-31aad898d52d:192.168.157.195:33132, 15de30e0-32e7-4789-867b-8c05fd0bfca2:192.168.157.195:43624, 2f4845be-2264-4a1a-8a27-f958336e1da9:192.168.157.195:36753], old=null
2019-10-23 22:40:03,527 [0cd5f69f-229b-4e24-9dce-31aad898d52d@group-91CED867EC48-LeaderElection74] INFO  impl.RaftServerImpl (RaftServerImpl.java:setRole(184)) - 0cd5f69f-229b-4e24-9dce-31aad898d52d@group-91CED867EC48: changes role from CANDIDATE to FOLLOWER at term 57 for DISCOVERED_A_NEW_TERM
2019-10-23 22:40:03,528 [15de30e0-32e7-4789-867b-8c05fd0bfca2@group-D44E3B3540EA-LeaderElection75] INFO  impl.RaftServerImpl (RaftServerImpl.java:setRole(184)) - 15de30e0-32e7-4789-867b-8c05fd0bfca2@group-D44E3B3540EA: changes role from CANDIDATE to FOLLOWER at term 19 for DISCOVERED_A_NEW_TERM
2019-10-23 22:40:03,528 [0cd5f69f-229b-4e24-9dce-31aad898d52d@group-91CED867EC48-LeaderElection74] INFO  impl.RoleInfo (RoleInfo.java:shutdownLeaderElection(134)) - 0cd5f69f-229b-4e24-9dce-31aad898d52d: shutdown LeaderElection
2019-10-23 22:40:03,528 [15de30e0-32e7-4789-867b-8c05fd0bfca2@group-D44E3B3540EA-LeaderElection75] INFO  impl.RoleInfo (RoleInfo.java:shutdownLeaderElection(134)) - 15de30e0-32e7-4789-867b-8c05fd0bfca2: shutdown LeaderElection
2019-10-23 22:40:03,528 [0cd5f69f-229b-4e24-9dce-31aad898d52d@group-91CED867EC48-LeaderElection74] INFO  impl.RoleInfo (RoleInfo.java:updateAndGet(143)) - 0cd5f69f-229b-4e24-9dce-31aad898d52d: start FollowerState
2019-10-23 22:40:03,528 [15de30e0-32e7-4789-867b-8c05fd0bfca2@group-D44E3B3540EA-LeaderElection75] INFO  impl.RoleInfo (RoleInfo.java:updateAndGet(143)) - 15de30e0-32e7-4789-867b-8c05fd0bfca2: start FollowerState
2019-10-23 22:40:03,576 [Thread-1053] INFO  impl.FollowerState (FollowerState.java:run(108)) - 15de30e0-32e7-4789-867b-8c05fd0bfca2@group-D44E3B3540EA-FollowerState: change to CANDIDATE, lastRpcTime:47ms, electionTimeout:47ms
2019-10-23 22:40:03,576 [Thread-1053] INFO  impl.RoleInfo (RoleInfo.java:shutdownFollowerState(121)) - 15de30e0-32e7-4789-867b-8c05fd0bfca2: shutdown FollowerState
2019-10-23 22:40:03,576 [Thread-1053] INFO  impl.RaftServerImpl (RaftServerImpl.java:setRole(184)) - 15de30e0-32e7-4789-867b-8c05fd0bfca2@group-D44E3B3540EA: changes role from  FOLLOWER to CANDIDATE at term 19 for changeToCandidate
2019-10-23 22:40:03,576 [Thread-1053] INFO  impl.RoleInfo (RoleInfo.java:updateAndGet(143)) - 15de30e0-32e7-4789-867b-8c05fd0bfca2: start LeaderElection
2019-10-23 22:40:03,582 [15de30e0-32e7-4789-867b-8c05fd0bfca2@group-D44E3B3540EA-LeaderElection76] INFO  impl.LeaderElection (LeaderElection.java:askForVotes(178)) - 15de30e0-32e7-4789-867b-8c05fd0bfca2@group-D44E3B3540EA-LeaderElection76: begin an election at term 20 for -1: [0cd5f69f-229b-4e24-9dce-31aad898d52d:192.168.157.195:33132, 15de30e0-32e7-4789-867b-8c05fd0bfca2:192.168.157.195:43624, 2f4845be-2264-4a1a-8a27-f958336e1da9:192.168.157.195:36753], old=null
2019-10-23 22:40:03,585 [grpc-default-executor-5] INFO  impl.RaftServerImpl (RaftServerImpl.java:setRole(184)) - 2f4845be-2264-4a1a-8a27-f958336e1da9@group-D44E3B3540EA: changes role from  FOLLOWER to FOLLOWER at term 20 for recognizeCandidate:15de30e0-32e7-4789-867b-8c05fd0bfca2
2019-10-23 22:40:03,585 [grpc-default-executor-4] INFO  impl.RaftServerImpl (RaftServerImpl.java:setRole(184)) - 0cd5f69f-229b-4e24-9dce-31aad898d52d@group-D44E3B3540EA: changes role from  FOLLOWER to FOLLOWER at term 20 for recognizeCandidate:15de30e0-32e7-4789-867b-8c05fd0bfca2
2019-10-23 22:40:03,585 [grpc-default-executor-5] INFO  impl.RoleInfo (RoleInfo.java:shutdownFollowerState(121)) - 2f4845be-2264-4a1a-8a27-f958336e1da9: shutdown FollowerState
2019-10-23 22:40:03,585 [grpc-default-executor-4] INFO  impl.RoleInfo (RoleInfo.java:shutdownFollowerState(121)) - 0cd5f69f-229b-4e24-9dce-31aad898d52d: shutdown FollowerState
2019-10-23 22:40:03,586 [grpc-default-executor-5] INFO  impl.RoleInfo (RoleInfo.java:updateAndGet(143)) - 2f4845be-2264-4a1a-8a27-f958336e1da9: start FollowerState
2019-10-23 22:40:03,586 [Thread-1050] INFO  impl.FollowerState (FollowerState.java:run(117)) - 2f4845be-2264-4a1a-8a27-f958336e1da9@group-D44E3B3540EA-FollowerState was interrupted: java.lang.InterruptedException: sleep interrupted
2019-10-23 22:40:03,586 [Thread-1051] INFO  impl.FollowerState (FollowerState.java:run(117)) - 0cd5f69f-229b-4e24-9dce-31aad898d52d@group-D44E3B3540EA-FollowerState was interrupted: java.lang.InterruptedException: sleep interrupted
2019-10-23 22:40:03,586 [grpc-default-executor-4] INFO  impl.RoleInfo (RoleInfo.java:updateAndGet(143)) - 0cd5f69f-229b-4e24-9dce-31aad898d52d: start FollowerState
2019-10-23 22:40:03,606 [15de30e0-32e7-4789-867b-8c05fd0bfca2@group-D44E3B3540EA-LeaderElection76] INFO  impl.LeaderElection (LeaderElection.java:logAndReturn(56)) - 15de30e0-32e7-4789-867b-8c05fd0bfca2@group-D44E3B3540EA-LeaderElection76: Election REJECTED; received 2 response(s) [15de30e0-32e7-4789-867b-8c05fd0bfca2<-0cd5f69f-229b-4e24-9dce-31aad898d52d#0:FAIL-t20, 15de30e0-32e7-4789-867b-8c05fd0bfca2<-2f4845be-2264-4a1a-8a27-f958336e1da9#0:FAIL-t20] and 0 exception(s); 15de30e0-32e7-4789-867b-8c05fd0bfca2@group-D44E3B3540EA:t20, leader=null, voted=15de30e0-32e7-4789-867b-8c05fd0bfca2, raftlog=15de30e0-32e7-4789-867b-8c05fd0bfca2@group-D44E3B3540EA-SegmentedRaftLog:OPENED:c-1,f-1,i0, conf=-1: [0cd5f69f-229b-4e24-9dce-31aad898d52d:192.168.157.195:33132, 15de30e0-32e7-4789-867b-8c05fd0bfca2:192.168.157.195:43624, 2f4845be-2264-4a1a-8a27-f958336e1da9:192.168.157.195:36753], old=null
2019-10-23 22:40:03,607 [15de30e0-32e7-4789-867b-8c05fd0bfca2@group-D44E3B3540EA-LeaderElection76] INFO  impl.RaftServerImpl (RaftServerImpl.java:setRole(184)) - 15de30e0-32e7-4789-867b-8c05fd0bfca2@group-D44E3B3540EA: changes role from CANDIDATE to FOLLOWER at term 20 for DISCOVERED_A_NEW_TERM
2019-10-23 22:40:03,607 [15de30e0-32e7-4789-867b-8c05fd0bfca2@group-D44E3B3540EA-LeaderElection76] INFO  impl.RoleInfo (RoleInfo.java:shutdownLeaderElection(134)) - 15de30e0-32e7-4789-867b-8c05fd0bfca2: shutdown LeaderElection
2019-10-23 22:40:03,607 [15de30e0-32e7-4789-867b-8c05fd0bfca2@group-D44E3B3540EA-LeaderElection76] INFO  impl.RoleInfo (RoleInfo.java:updateAndGet(143)) - 15de30e0-32e7-4789-867b-8c05fd0bfca2: start FollowerState
2019-10-23 22:40:03,620 [Thread-1052] INFO  impl.FollowerState (FollowerState.java:run(108)) - 0cd5f69f-229b-4e24-9dce-31aad898d52d@group-91CED867EC48-FollowerState: change to CANDIDATE, lastRpcTime:92ms, electionTimeout:92ms
2019-10-23 22:40:03,620 [Thread-1052] INFO  impl.RoleInfo (RoleInfo.java:shutdownFollowerState(121)) - 0cd5f69f-229b-4e24-9dce-31aad898d52d: shutdown FollowerState
2019-10-23 22:40:03,620 [Thread-1052] INFO  impl.RaftServerImpl (RaftServerImpl.java:setRole(184)) - 0cd5f69f-229b-4e24-9dce-31aad898d52d@group-91CED867EC48: changes role from  FOLLOWER to CANDIDATE at term 57 for changeToCandidate
2019-10-23 22:40:03,621 [Thread-1052] INFO  impl.RoleInfo (RoleInfo.java:updateAndGet(143)) - 0cd5f69f-229b-4e24-9dce-31aad898d52d: start LeaderElection
2019-10-23 22:40:03,634 [0cd5f69f-229b-4e24-9dce-31aad898d52d@group-91CED867EC48-LeaderElection77] INFO  impl.LeaderElection (LeaderElection.java:askForVotes(178)) - 0cd5f69f-229b-4e24-9dce-31aad898d52d@group-91CED867EC48-LeaderElection77: begin an election at term 58 for 0: [0cd5f69f-229b-4e24-9dce-31aad898d52d:192.168.157.195:33132, 15de30e0-32e7-4789-867b-8c05fd0bfca2:192.168.157.195:43624, 2f4845be-2264-4a1a-8a27-f958336e1da9:192.168.157.195:36753], old=null
2019-10-23 22:40:03,637 [grpc-default-executor-4] INFO  impl.RaftServerImpl (RaftServerImpl.java:setRole(184)) - 15de30e0-32e7-4789-867b-8c05fd0bfca2@group-91CED867EC48: changes role from  FOLLOWER to FOLLOWER at term 58 for recognizeCandidate:0cd5f69f-229b-4e24-9dce-31aad898d52d
2019-10-23 22:40:03,637 [grpc-default-executor-4] INFO  impl.RoleInfo (RoleInfo.java:shutdownFollowerState(121)) - 15de30e0-32e7-4789-867b-8c05fd0bfca2: shutdown FollowerState
2019-10-23 22:40:03,637 [grpc-default-executor-4] INFO  impl.RoleInfo (RoleInfo.java:updateAndGet(143)) - 15de30e0-32e7-4789-867b-8c05fd0bfca2: start FollowerState
2019-10-23 22:40:03,637 [Thread-1048] INFO  impl.FollowerState (FollowerState.java:run(117)) - 15de30e0-32e7-4789-867b-8c05fd0bfca2@group-91CED867EC48-FollowerState was interrupted: java.lang.InterruptedException: sleep interrupted
2019-10-23 22:40:03,638 [grpc-default-executor-5] INFO  impl.RaftServerImpl (RaftServerImpl.java:setRole(184)) - 2f4845be-2264-4a1a-8a27-f958336e1da9@group-91CED867EC48: changes role from  FOLLOWER to FOLLOWER at term 58 for recognizeCandidate:0cd5f69f-229b-4e24-9dce-31aad898d52d
2019-10-23 22:40:03,638 [grpc-default-executor-5] INFO  impl.RoleInfo (RoleInfo.java:shutdownFollowerState(121)) - 2f4845be-2264-4a1a-8a27-f958336e1da9: shutdown FollowerState
2019-10-23 22:40:03,638 [grpc-default-executor-5] INFO  impl.RoleInfo (RoleInfo.java:updateAndGet(143)) - 2f4845be-2264-4a1a-8a27-f958336e1da9: start FollowerState
2019-10-23 22:40:03,638 [Thread-1049] INFO  impl.FollowerState (FollowerState.java:run(117)) - 2f4845be-2264-4a1a-8a27-f958336e1da9@group-91CED867EC48-FollowerState was interrupted: java.lang.InterruptedException: sleep interrupted
2019-10-23 22:40:03,652 [0cd5f69f-229b-4e24-9dce-31aad898d52d@group-91CED867EC48-LeaderElection77] INFO  impl.LeaderElection (LeaderElection.java:logAndReturn(56)) - 0cd5f69f-229b-4e24-9dce-31aad898d52d@group-91CED867EC48-LeaderElection77: Election REJECTED; received 2 response(s) [0cd5f69f-229b-4e24-9dce-31aad898d52d<-15de30e0-32e7-4789-867b-8c05fd0bfca2#0:FAIL-t58, 0cd5f69f-229b-4e24-9dce-31aad898d52d<-2f4845be-2264-4a1a-8a27-f958336e1da9#0:FAIL-t58] and 0 exception(s); 0cd5f69f-229b-4e24-9dce-31aad898d52d@group-91CED867EC48:t58, leader=null, voted=0cd5f69f-229b-4e24-9dce-31aad898d52d, raftlog=0cd5f69f-229b-4e24-9dce-31aad898d52d@group-91CED867EC48-SegmentedRaftLog:OPENED:c3,f4,i4, conf=0: [0cd5f69f-229b-4e24-9dce-31aad898d52d:192.168.157.195:33132, 15de30e0-32e7-4789-867b-8c05fd0bfca2:192.168.157.195:43624, 2f4845be-2264-4a1a-8a27-f958336e1da9:192.168.157.195:36753], old=null
2019-10-23 22:40:03,652 [0cd5f69f-229b-4e24-9dce-31aad898d52d@group-91CED867EC48-LeaderElection77] INFO  impl.RaftServerImpl (RaftServerImpl.java:setRole(184)) - 0cd5f69f-229b-4e24-9dce-31aad898d52d@group-91CED867EC48: changes role from CANDIDATE to FOLLOWER at term 58 for DISCOVERED_A_NEW_TERM
2019-10-23 22:40:03,653 [0cd5f69f-229b-4e24-9dce-31aad898d52d@group-91CED867EC48-LeaderElection77] INFO  impl.RoleInfo (RoleInfo.java:shutdownLeaderElection(134)) - 0cd5f69f-229b-4e24-9dce-31aad898d52d: shutdown LeaderElection
2019-10-23 22:40:03,653 [0cd5f69f-229b-4e24-9dce-31aad898d52d@group-91CED867EC48-LeaderElection77] INFO  impl.RoleInfo (RoleInfo.java:updateAndGet(143)) - 0cd5f69f-229b-4e24-9dce-31aad898d52d: start FollowerState
2019-10-23 22:40:03,657 [Thread-1059] INFO  impl.FollowerState (FollowerState.java:run(108)) - 15de30e0-32e7-4789-867b-8c05fd0bfca2@group-D44E3B3540EA-FollowerState: change to CANDIDATE, lastRpcTime:50ms, electionTimeout:50ms
2019-10-23 22:40:03,657 [Thread-1059] INFO  impl.RoleInfo (RoleInfo.java:shutdownFollowerState(121)) - 15de30e0-32e7-4789-867b-8c05fd0bfca2: shutdown FollowerState
2019-10-23 22:40:03,658 [Thread-1059] INFO  impl.RaftServerImpl (RaftServerImpl.java:setRole(184)) - 15de30e0-32e7-4789-867b-8c05fd0bfca2@group-D44E3B3540EA: changes role from  FOLLOWER to CANDIDATE at term 20 for changeToCandidate
2019-10-23 22:40:03,658 [Thread-1059] INFO  impl.RoleInfo (RoleInfo.java:updateAndGet(143)) - 15de30e0-32e7-4789-867b-8c05fd0bfca2: start LeaderElection
2019-10-23 22:40:03,671 [15de30e0-32e7-4789-867b-8c05fd0bfca2@group-D44E3B3540EA-LeaderElection78] INFO  impl.LeaderElection (LeaderElection.java:askForVotes(178)) - 15de30e0-32e7-4789-867b-8c05fd0bfca2@group-D44E3B3540EA-LeaderElection78: begin an election at term 21 for -1: [0cd5f69f-229b-4e24-9dce-31aad898d52d:192.168.157.195:33132, 15de30e0-32e7-4789-867b-8c05fd0bfca2:192.168.157.195:43624, 2f4845be-2264-4a1a-8a27-f958336e1da9:192.168.157.195:36753], old=null
2019-10-23 22:40:03,674 [grpc-default-executor-5] INFO  impl.RaftServerImpl (RaftServerImpl.java:setRole(184)) - 0cd5f69f-229b-4e24-9dce-31aad898d52d@group-D44E3B3540EA: changes role from  FOLLOWER to FOLLOWER at term 21 for recognizeCandidate:15de30e0-32e7-4789-867b-8c05fd0bfca2
2019-10-23 22:40:03,674 [grpc-default-executor-5] INFO  impl.RoleInfo (RoleInfo.java:shutdownFollowerState(121)) - 0cd5f69f-229b-4e24-9dce-31aad898d52d: shutdown FollowerState
2019-10-23 22:40:03,674 [grpc-default-executor-5] INFO  impl.RoleInfo (RoleInfo.java:updateAndGet(143)) - 0cd5f69f-229b-4e24-9dce-31aad898d52d: start FollowerState
2019-10-23 22:40:03,674 [Thread-1058] INFO  impl.FollowerState (FollowerState.java:run(117)) - 0cd5f69f-229b-4e24-9dce-31aad898d52d@group-D44E3B3540EA-FollowerState was interrupted: java.lang.InterruptedException: sleep interrupted
2019-10-23 22:40:03,674 [grpc-default-executor-4] INFO  impl.RaftServerImpl (RaftServerImpl.java:setRole(184)) - 2f4845be-2264-4a1a-8a27-f958336e1da9@group-D44E3B3540EA: changes role from  FOLLOWER to FOLLOWER at term 21 for recognizeCandidate:15de30e0-32e7-4789-867b-8c05fd0bfca2
2019-10-23 22:40:03,675 [grpc-default-executor-4] INFO  impl.RoleInfo (RoleInfo.java:shutdownFollowerState(121)) - 2f4845be-2264-4a1a-8a27-f958336e1da9: shutdown FollowerState
2019-10-23 22:40:03,675 [Thread-1057] INFO  impl.FollowerState (FollowerState.java:run(117)) - 2f4845be-2264-4a1a-8a27-f958336e1da9@group-D44E3B3540EA-FollowerState was interrupted: java.lang.InterruptedException: sleep interrupted
2019-10-23 22:40:03,675 [grpc-default-executor-4] INFO  impl.RoleInfo (RoleInfo.java:updateAndGet(143)) - 2f4845be-2264-4a1a-8a27-f958336e1da9: start FollowerState
2019-10-23 22:40:03,689 [15de30e0-32e7-4789-867b-8c05fd0bfca2@group-D44E3B3540EA-LeaderElection78] INFO  impl.LeaderElection (LeaderElection.java:logAndReturn(56)) - 15de30e0-32e7-4789-867b-8c05fd0bfca2@group-D44E3B3540EA-LeaderElection78: Election REJECTED; received 2 response(s) [15de30e0-32e7-4789-867b-8c05fd0bfca2<-0cd5f69f-229b-4e24-9dce-31aad898d52d#0:FAIL-t21, 15de30e0-32e7-4789-867b-8c05fd0bfca2<-2f4845be-2264-4a1a-8a27-f958336e1da9#0:FAIL-t21] and 0 exception(s); 15de30e0-32e7-4789-867b-8c05fd0bfca2@group-D44E3B3540EA:t21, leader=null, voted=15de30e0-32e7-4789-867b-8c05fd0bfca2, raftlog=15de30e0-32e7-4789-867b-8c05fd0bfca2@group-D44E3B3540EA-SegmentedRaftLog:OPENED:c-1,f-1,i0, conf=-1: [0cd5f69f-229b-4e24-9dce-31aad898d52d:192.168.157.195:33132, 15de30e0-32e7-4789-867b-8c05fd0bfca2:192.168.157.195:43624, 2f4845be-2264-4a1a-8a27-f958336e1da9:192.168.157.195:36753], old=null
2019-10-23 22:40:03,689 [15de30e0-32e7-4789-867b-8c05fd0bfca2@group-D44E3B3540EA-LeaderElection78] INFO  impl.RaftServerImpl (RaftServerImpl.java:setRole(184)) - 15de30e0-32e7-4789-867b-8c05fd0bfca2@group-D44E3B3540EA: changes role from CANDIDATE to FOLLOWER at term 21 for DISCOVERED_A_NEW_TERM
2019-10-23 22:40:03,689 [15de30e0-32e7-4789-867b-8c05fd0bfca2@group-D44E3B3540EA-LeaderElection78] INFO  impl.RoleInfo (RoleInfo.java:shutdownLeaderElection(134)) - 15de30e0-32e7-4789-867b-8c05fd0bfca2: shutdown LeaderElection
2019-10-23 22:40:03,689 [15de30e0-32e7-4789-867b-8c05fd0bfca2@group-D44E3B3540EA-LeaderElection78] INFO  impl.RoleInfo (RoleInfo.java:updateAndGet(143)) - 15de30e0-32e7-4789-867b-8c05fd0bfca2: start FollowerState
2019-10-23 22:40:03,824 [Thread-1065] INFO  impl.FollowerState (FollowerState.java:run(108)) - 0cd5f69f-229b-4e24-9dce-31aad898d52d@group-91CED867EC48-FollowerState: change to CANDIDATE, lastRpcTime:171ms, electionTimeout:171ms
2019-10-23 22:40:03,824 [Thread-1065] INFO  impl.RoleInfo (RoleInfo.java:shutdownFollowerState(121)) - 0cd5f69f-229b-4e24-9dce-31aad898d52d: shutdown FollowerState
2019-10-23 22:40:03,825 [Thread-1065] INFO  impl.RaftServerImpl (RaftServerImpl.java:setRole(184)) - 0cd5f69f-229b-4e24-9dce-31aad898d52d@group-91CED867EC48: changes role from  FOLLOWER to CANDIDATE at term 58 for changeToCandidate
2019-10-23 22:40:03,825 [Thread-1065] INFO  impl.RoleInfo (RoleInfo.java:updateAndGet(143)) - 0cd5f69f-229b-4e24-9dce-31aad898d52d: start LeaderElection
2019-10-23 22:40:03,839 [0cd5f69f-229b-4e24-9dce-31aad898d52d@group-91CED867EC48-LeaderElection79] INFO  impl.LeaderElection (LeaderElection.java:askForVotes(178)) - 0cd5f69f-229b-4e24-9dce-31aad898d52d@group-91CED867EC48-LeaderElection79: begin an election at term 59 for 0: [0cd5f69f-229b-4e24-9dce-31aad898d52d:192.168.157.195:33132, 15de30e0-32e7-4789-867b-8c05fd0bfca2:192.168.157.195:43624, 2f4845be-2264-4a1a-8a27-f958336e1da9:192.168.157.195:36753], old=null
2019-10-23 22:40:03,841 [grpc-default-executor-5] INFO  impl.RaftServerImpl (RaftServerImpl.java:setRole(184)) - 2f4845be-2264-4a1a-8a27-f958336e1da9@group-91CED867EC48: changes role from  FOLLOWER to FOLLOWER at term 59 for recognizeCandidate:0cd5f69f-229b-4e24-9dce-31aad898d52d
2019-10-23 22:40:03,841 [grpc-default-executor-5] INFO  impl.RoleInfo (RoleInfo.java:shutdownFollowerState(121)) - 2f4845be-2264-4a1a-8a27-f958336e1da9: shutdown FollowerState
2019-10-23 22:40:03,841 [grpc-default-executor-5] INFO  impl.RoleInfo (RoleInfo.java:updateAndGet(143)) - 2f4845be-2264-4a1a-8a27-f958336e1da9: start FollowerState
2019-10-23 22:40:03,841 [grpc-default-executor-4] INFO  impl.RaftServerImpl (RaftServerImpl.java:setRole(184)) - 15de30e0-32e7-4789-867b-8c05fd0bfca2@group-91CED867EC48: changes role from  FOLLOWER to FOLLOWER at term 59 for recognizeCandidate:0cd5f69f-229b-4e24-9dce-31aad898d52d
2019-10-23 22:40:03,842 [grpc-default-executor-4] INFO  impl.RoleInfo (RoleInfo.java:shutdownFollowerState(121)) - 15de30e0-32e7-4789-867b-8c05fd0bfca2: shutdown FollowerState
2019-10-23 22:40:03,841 [Thread-1064] INFO  impl.FollowerState (FollowerState.java:run(117)) - 2f4845be-2264-4a1a-8a27-f958336e1da9@group-91CED867EC48-FollowerState was interrupted: java.lang.InterruptedException: sleep interrupted
2019-10-23 22:40:03,842 [grpc-default-executor-4] INFO  impl.RoleInfo (RoleInfo.java:updateAndGet(143)) - 15de30e0-32e7-4789-867b-8c05fd0bfca2: start FollowerState
2019-10-23 22:40:03,842 [Thread-1063] INFO  impl.FollowerState (FollowerState.java:run(117)) - 15de30e0-32e7-4789-867b-8c05fd0bfca2@group-91CED867EC48-FollowerState was interrupted: java.lang.InterruptedException: sleep interrupted
2019-10-23 22:40:03,856 [Thread-1071] INFO  impl.FollowerState (FollowerState.java:run(108)) - 15de30e0-32e7-4789-867b-8c05fd0bfca2@group-D44E3B3540EA-FollowerState: change to CANDIDATE, lastRpcTime:166ms, electionTimeout:166ms
2019-10-23 22:40:03,856 [Thread-1071] INFO  impl.RoleInfo (RoleInfo.java:shutdownFollowerState(121)) - 15de30e0-32e7-4789-867b-8c05fd0bfca2: shutdown FollowerState
2019-10-23 22:40:03,856 [Thread-1071] INFO  impl.RaftServerImpl (RaftServerImpl.java:setRole(184)) - 15de30e0-32e7-4789-867b-8c05fd0bfca2@group-D44E3B3540EA: changes role from  FOLLOWER to CANDIDATE at term 21 for changeToCandidate
2019-10-23 22:40:03,856 [Thread-1071] INFO  impl.RoleInfo (RoleInfo.java:updateAndGet(143)) - 15de30e0-32e7-4789-867b-8c05fd0bfca2: start LeaderElection
2019-10-23 22:40:03,859 [0cd5f69f-229b-4e24-9dce-31aad898d52d@group-91CED867EC48-LeaderElection79] INFO  impl.LeaderElection (LeaderElection.java:logAndReturn(56)) - 0cd5f69f-229b-4e24-9dce-31aad898d52d@group-91CED867EC48-LeaderElection79: Election REJECTED; received 2 response(s) [0cd5f69f-229b-4e24-9dce-31aad898d52d<-15de30e0-32e7-4789-867b-8c05fd0bfca2#0:FAIL-t59, 0cd5f69f-229b-4e24-9dce-31aad898d52d<-2f4845be-2264-4a1a-8a27-f958336e1da9#0:FAIL-t59] and 0 exception(s); 0cd5f69f-229b-4e24-9dce-31aad898d52d@group-91CED867EC48:t59, leader=null, voted=0cd5f69f-229b-4e24-9dce-31aad898d52d, raftlog=0cd5f69f-229b-4e24-9dce-31aad898d52d@group-91CED867EC48-SegmentedRaftLog:OPENED:c3,f4,i4, conf=0: [0cd5f69f-229b-4e24-9dce-31aad898d52d:192.168.157.195:33132, 15de30e0-32e7-4789-867b-8c05fd0bfca2:192.168.157.195:43624, 2f4845be-2264-4a1a-8a27-f958336e1da9:192.168.157.195:36753], old=null
2019-10-23 22:40:03,859 [0cd5f69f-229b-4e24-9dce-31aad898d52d@group-91CED867EC48-LeaderElection79] INFO  impl.RaftServerImpl (RaftServerImpl.java:setRole(184)) - 0cd5f69f-229b-4e24-9dce-31aad898d52d@group-91CED867EC48: changes role from CANDIDATE to FOLLOWER at term 59 for DISCOVERED_A_NEW_TERM
2019-10-23 22:40:03,860 [0cd5f69f-229b-4e24-9dce-31aad898d52d@group-91CED867EC48-LeaderElection79] INFO  impl.RoleInfo (RoleInfo.java:shutdownLeaderElection(134)) - 0cd5f69f-229b-4e24-9dce-31aad898d52d: shutdown LeaderElection
2019-10-23 22:40:03,860 [0cd5f69f-229b-4e24-9dce-31aad898d52d@group-91CED867EC48-LeaderElection79] INFO  impl.RoleInfo (RoleInfo.java:updateAndGet(143)) - 0cd5f69f-229b-4e24-9dce-31aad898d52d: start FollowerState
2019-10-23 22:40:03,861 [15de30e0-32e7-4789-867b-8c05fd0bfca2@group-D44E3B3540EA-LeaderElection80] INFO  impl.LeaderElection (LeaderElection.java:askForVotes(178)) - 15de30e0-32e7-4789-867b-8c05fd0bfca2@group-D44E3B3540EA-LeaderElection80: begin an election at term 22 for -1: [0cd5f69f-229b-4e24-9dce-31aad898d52d:192.168.157.195:33132, 15de30e0-32e7-4789-867b-8c05fd0bfca2:192.168.157.195:43624, 2f4845be-2264-4a1a-8a27-f958336e1da9:192.168.157.195:36753], old=null
2019-10-23 22:40:03,863 [grpc-default-executor-5] INFO  impl.RaftServerImpl (RaftServerImpl.java:setRole(184)) - 0cd5f69f-229b-4e24-9dce-31aad898d52d@group-D44E3B3540EA: changes role from  FOLLOWER to FOLLOWER at term 22 for recognizeCandidate:15de30e0-32e7-4789-867b-8c05fd0bfca2
2019-10-23 22:40:03,863 [grpc-default-executor-5] INFO  impl.RoleInfo (RoleInfo.java:shutdownFollowerState(121)) - 0cd5f69f-229b-4e24-9dce-31aad898d52d: shutdown FollowerState
2019-10-23 22:40:03,864 [grpc-default-executor-5] INFO  impl.RoleInfo (RoleInfo.java:updateAndGet(143)) - 0cd5f69f-229b-4e24-9dce-31aad898d52d: start FollowerState
2019-10-23 22:40:03,864 [Thread-1069] INFO  impl.FollowerState (FollowerState.java:run(117)) - 0cd5f69f-229b-4e24-9dce-31aad898d52d@group-D44E3B3540EA-FollowerState was interrupted: java.lang.InterruptedException: sleep interrupted
2019-10-23 22:40:03,864 [grpc-default-executor-4] INFO  impl.RaftServerImpl (RaftServerImpl.java:setRole(184)) - 2f4845be-2264-4a1a-8a27-f958336e1da9@group-D44E3B3540EA: changes role from  FOLLOWER to FOLLOWER at term 22 for recognizeCandidate:15de30e0-32e7-4789-867b-8c05fd0bfca2
2019-10-23 22:40:03,864 [grpc-default-executor-4] INFO  impl.RoleInfo (RoleInfo.java:shutdownFollowerState(121)) - 2f4845be-2264-4a1a-8a27-f958336e1da9: shutdown FollowerState
2019-10-23 22:40:03,864 [grpc-default-executor-4] INFO  impl.RoleInfo (RoleInfo.java:updateAndGet(143)) - 2f4845be-2264-4a1a-8a27-f958336e1da9: start FollowerState
2019-10-23 22:40:03,864 [Thread-1070] INFO  impl.FollowerState (FollowerState.java:run(117)) - 2f4845be-2264-4a1a-8a27-f958336e1da9@group-D44E3B3540EA-FollowerState was interrupted: java.lang.InterruptedException: sleep interrupted
2019-10-23 22:40:03,887 [Thread-1078] INFO  impl.FollowerState (FollowerState.java:run(108)) - 0cd5f69f-229b-4e24-9dce-31aad898d52d@group-91CED867EC48-FollowerState: change to CANDIDATE, lastRpcTime:27ms, electionTimeout:27ms
2019-10-23 22:40:03,887 [Thread-1078] INFO  impl.RoleInfo (RoleInfo.java:shutdownFollowerState(121)) - 0cd5f69f-229b-4e24-9dce-31aad898d52d: shutdown FollowerState
2019-10-23 22:40:03,887 [Thread-1078] INFO  impl.RaftServerImpl (RaftServerImpl.java:setRole(184)) - 0cd5f69f-229b-4e24-9dce-31aad898d52d@group-91CED867EC48: changes role from  FOLLOWER to CANDIDATE at term 59 for changeToCandidate
2019-10-23 22:40:03,887 [Thread-1078] INFO  impl.RoleInfo (RoleInfo.java:updateAndGet(143)) - 0cd5f69f-229b-4e24-9dce-31aad898d52d: start LeaderElection
2019-10-23 22:40:03,898 [0cd5f69f-229b-4e24-9dce-31aad898d52d@group-91CED867EC48-LeaderElection81] INFO  impl.LeaderElection (LeaderElection.java:askForVotes(178)) - 0cd5f69f-229b-4e24-9dce-31aad898d52d@group-91CED867EC48-LeaderElection81: begin an election at term 60 for 0: [0cd5f69f-229b-4e24-9dce-31aad898d52d:192.168.157.195:33132, 15de30e0-32e7-4789-867b-8c05fd0bfca2:192.168.157.195:43624, 2f4845be-2264-4a1a-8a27-f958336e1da9:192.168.157.195:36753], old=null
2019-10-23 22:40:03,899 [15de30e0-32e7-4789-867b-8c05fd0bfca2@group-D44E3B3540EA-LeaderElection80] INFO  impl.LeaderElection (LeaderElection.java:logAndReturn(56)) - 15de30e0-32e7-4789-867b-8c05fd0bfca2@group-D44E3B3540EA-LeaderElection80: Election REJECTED; received 2 response(s) [15de30e0-32e7-4789-867b-8c05fd0bfca2<-0cd5f69f-229b-4e24-9dce-31aad898d52d#0:FAIL-t22, 15de30e0-32e7-4789-867b-8c05fd0bfca2<-2f4845be-2264-4a1a-8a27-f958336e1da9#0:FAIL-t22] and 0 exception(s); 15de30e0-32e7-4789-867b-8c05fd0bfca2@group-D44E3B3540EA:t22, leader=null, voted=15de30e0-32e7-4789-867b-8c05fd0bfca2, raftlog=15de30e0-32e7-4789-867b-8c05fd0bfca2@group-D44E3B3540EA-SegmentedRaftLog:OPENED:c-1,f-1,i0, conf=-1: [0cd5f69f-229b-4e24-9dce-31aad898d52d:192.168.157.195:33132, 15de30e0-32e7-4789-867b-8c05fd0bfca2:192.168.157.195:43624, 2f4845be-2264-4a1a-8a27-f958336e1da9:192.168.157.195:36753], old=null
2019-10-23 22:40:03,900 [15de30e0-32e7-4789-867b-8c05fd0bfca2@group-D44E3B3540EA-LeaderElection80] INFO  impl.RaftServerImpl (RaftServerImpl.java:setRole(184)) - 15de30e0-32e7-4789-867b-8c05fd0bfca2@group-D44E3B3540EA: changes role from CANDIDATE to FOLLOWER at term 22 for DISCOVERED_A_NEW_TERM
2019-10-23 22:40:03,900 [15de30e0-32e7-4789-867b-8c05fd0bfca2@group-D44E3B3540EA-LeaderElection80] INFO  impl.RoleInfo (RoleInfo.java:shutdownLeaderElection(134)) - 15de30e0-32e7-4789-867b-8c05fd0bfca2: shutdown LeaderElection
2019-10-23 22:40:03,900 [15de30e0-32e7-4789-867b-8c05fd0bfca2@group-D44E3B3540EA-LeaderElection80] INFO  impl.RoleInfo (RoleInfo.java:updateAndGet(143)) - 15de30e0-32e7-4789-867b-8c05fd0bfca2: start FollowerState
2019-10-23 22:40:03,900 [grpc-default-executor-5] INFO  impl.RaftServerImpl (RaftServerImpl.java:setRole(184)) - 15de30e0-32e7-4789-867b-8c05fd0bfca2@group-91CED867EC48: changes role from  FOLLOWER to FOLLOWER at term 60 for recognizeCandidate:0cd5f69f-229b-4e24-9dce-31aad898d52d
2019-10-23 22:40:03,900 [grpc-default-executor-4] INFO  impl.RaftServerImpl (RaftServerImpl.java:setRole(184)) - 2f4845be-2264-4a1a-8a27-f958336e1da9@group-91CED867EC48: changes role from  FOLLOWER to FOLLOWER at term 60 for recognizeCandidate:0cd5f69f-229b-4e24-9dce-31aad898d52d
2019-10-23 22:40:03,900 [grpc-default-executor-5] INFO  impl.RoleInfo (RoleInfo.java:shutdownFollowerState(121)) - 15de30e0-32e7-4789-867b-8c05fd0bfca2: shutdown FollowerState
2019-10-23 22:40:03,901 [grpc-default-executor-4] INFO  impl.RoleInfo (RoleInfo.java:shutdownFollowerState(121)) - 2f4845be-2264-4a1a-8a27-f958336e1da9: shutdown FollowerState
2019-10-23 22:40:03,901 [Thread-1076] INFO  impl.FollowerState (FollowerState.java:run(117)) - 15de30e0-32e7-4789-867b-8c05fd0bfca2@group-91CED867EC48-FollowerState was interrupted: java.lang.InterruptedException: sleep interrupted
2019-10-23 22:40:03,901 [grpc-default-executor-5] INFO  impl.RoleInfo (RoleInfo.java:updateAndGet(143)) - 15de30e0-32e7-4789-867b-8c05fd0bfca2: start FollowerState
2019-10-23 22:40:03,901 [grpc-default-executor-4] INFO  impl.RoleInfo (RoleInfo.java:updateAndGet(143)) - 2f4845be-2264-4a1a-8a27-f958336e1da9: start FollowerState
2019-10-23 22:40:03,901 [Thread-1075] INFO  impl.FollowerState (FollowerState.java:run(117)) - 2f4845be-2264-4a1a-8a27-f958336e1da9@group-91CED867EC48-FollowerState was interrupted: java.lang.InterruptedException: sleep interrupted
2019-10-23 22:40:03,917 [0cd5f69f-229b-4e24-9dce-31aad898d52d@group-91CED867EC48-LeaderElection81] INFO  impl.LeaderElection (LeaderElection.java:logAndReturn(56)) - 0cd5f69f-229b-4e24-9dce-31aad898d52d@group-91CED867EC48-LeaderElection81: Election REJECTED; received 2 response(s) [0cd5f69f-229b-4e24-9dce-31aad898d52d<-15de30e0-32e7-4789-867b-8c05fd0bfca2#0:FAIL-t60, 0cd5f69f-229b-4e24-9dce-31aad898d52d<-2f4845be-2264-4a1a-8a27-f958336e1da9#0:FAIL-t60] and 0 exception(s); 0cd5f69f-229b-4e24-9dce-31aad898d52d@group-91CED867EC48:t60, leader=null, voted=0cd5f69f-229b-4e24-9dce-31aad898d52d, raftlog=0cd5f69f-229b-4e24-9dce-31aad898d52d@group-91CED867EC48-SegmentedRaftLog:OPENED:c3,f4,i4, conf=0: [0cd5f69f-229b-4e24-9dce-31aad898d52d:192.168.157.195:33132, 15de30e0-32e7-4789-867b-8c05fd0bfca2:192.168.157.195:43624, 2f4845be-2264-4a1a-8a27-f958336e1da9:192.168.157.195:36753], old=null
2019-10-23 22:40:03,917 [0cd5f69f-229b-4e24-9dce-31aad898d52d@group-91CED867EC48-LeaderElection81] INFO  impl.RaftServerImpl (RaftServerImpl.java:setRole(184)) - 0cd5f69f-229b-4e24-9dce-31aad898d52d@group-91CED867EC48: changes role from CANDIDATE to FOLLOWER at term 60 for DISCOVERED_A_NEW_TERM
2019-10-23 22:40:03,917 [0cd5f69f-229b-4e24-9dce-31aad898d52d@group-91CED867EC48-LeaderElection81] INFO  impl.RoleInfo (RoleInfo.java:shutdownLeaderElection(134)) - 0cd5f69f-229b-4e24-9dce-31aad898d52d: shutdown LeaderElection
2019-10-23 22:40:03,917 [0cd5f69f-229b-4e24-9dce-31aad898d52d@group-91CED867EC48-LeaderElection81] INFO  impl.RoleInfo (RoleInfo.java:updateAndGet(143)) - 0cd5f69f-229b-4e24-9dce-31aad898d52d: start FollowerState
2019-10-23 22:40:04,034 [Thread-1086] INFO  impl.FollowerState (FollowerState.java:run(108)) - 15de30e0-32e7-4789-867b-8c05fd0bfca2@group-D44E3B3540EA-FollowerState: change to CANDIDATE, lastRpcTime:134ms, electionTimeout:134ms
2019-10-23 22:40:04,035 [Thread-1086] INFO  impl.RoleInfo (RoleInfo.java:shutdownFollowerState(121)) - 15de30e0-32e7-4789-867b-8c05fd0bfca2: shutdown FollowerState
2019-10-23 22:40:04,035 [Thread-1086] INFO  impl.RaftServerImpl (RaftServerImpl.java:setRole(184)) - 15de30e0-32e7-4789-867b-8c05fd0bfca2@group-D44E3B3540EA: changes role from  FOLLOWER to CANDIDATE at term 22 for changeToCandidate
2019-10-23 22:40:04,035 [Thread-1086] INFO  impl.RoleInfo (RoleInfo.java:updateAndGet(143)) - 15de30e0-32e7-4789-867b-8c05fd0bfca2: start LeaderElection
2019-10-23 22:40:04,044 [BlockDeletingService#0] WARN  background.BlockDeletingService (BlockDeletingService.java:isDeletionAllowed(187)) - Close Container log Index 6 is not replicated across allthe servers in the pipeline a9317f84-3083-4a94-a1f5-91ced867ec48 as the min replicated index is 4. Deletion is not allowed in this container yet.
2019-10-23 22:40:04,044 [BlockDeletingService#2] WARN  background.BlockDeletingService (BlockDeletingService.java:isDeletionAllowed(187)) - Close Container log Index 6 is not replicated across allthe servers in the pipeline a9317f84-3083-4a94-a1f5-91ced867ec48 as the min replicated index is 4. Deletion is not allowed in this container yet.
2019-10-23 22:40:04,049 [15de30e0-32e7-4789-867b-8c05fd0bfca2@group-D44E3B3540EA-LeaderElection82] INFO  impl.LeaderElection (LeaderElection.java:askForVotes(178)) - 15de30e0-32e7-4789-867b-8c05fd0bfca2@group-D44E3B3540EA-LeaderElection82: begin an election at term 23 for -1: [0cd5f69f-229b-4e24-9dce-31aad898d52d:192.168.157.195:33132, 15de30e0-32e7-4789-867b-8c05fd0bfca2:192.168.157.195:43624, 2f4845be-2264-4a1a-8a27-f958336e1da9:192.168.157.195:36753], old=null
2019-10-23 22:40:04,052 [grpc-default-executor-5] INFO  impl.RaftServerImpl (RaftServerImpl.java:setRole(184)) - 0cd5f69f-229b-4e24-9dce-31aad898d52d@group-D44E3B3540EA: changes role from  FOLLOWER to FOLLOWER at term 23 for recognizeCandidate:15de30e0-32e7-4789-867b-8c05fd0bfca2
2019-10-23 22:40:04,052 [grpc-default-executor-4] INFO  impl.RaftServerImpl (RaftServerImpl.java:setRole(184)) - 2f4845be-2264-4a1a-8a27-f958336e1da9@group-D44E3B3540EA: changes role from  FOLLOWER to FOLLOWER at term 23 for recognizeCandidate:15de30e0-32e7-4789-867b-8c05fd0bfca2
2019-10-23 22:40:04,052 [grpc-default-executor-4] INFO  impl.RoleInfo (RoleInfo.java:shutdownFollowerState(121)) - 2f4845be-2264-4a1a-8a27-f958336e1da9: shutdown FollowerState
2019-10-23 22:40:04,052 [grpc-default-executor-5] INFO  impl.RoleInfo (RoleInfo.java:shutdownFollowerState(121)) - 0cd5f69f-229b-4e24-9dce-31aad898d52d: shutdown FollowerState
2019-10-23 22:40:04,053 [grpc-default-executor-4] INFO  impl.RoleInfo (RoleInfo.java:updateAndGet(143)) - 2f4845be-2264-4a1a-8a27-f958336e1da9: start FollowerState
2019-10-23 22:40:04,053 [Thread-1081] INFO  impl.FollowerState (FollowerState.java:run(117)) - 0cd5f69f-229b-4e24-9dce-31aad898d52d@group-D44E3B3540EA-FollowerState was interrupted: java.lang.InterruptedException: sleep interrupted
2019-10-23 22:40:04,053 [Thread-1082] INFO  impl.FollowerState (FollowerState.java:run(117)) - 2f4845be-2264-4a1a-8a27-f958336e1da9@group-D44E3B3540EA-FollowerState was interrupted: java.lang.InterruptedException: sleep interrupted
2019-10-23 22:40:04,053 [grpc-default-executor-5] INFO  impl.RoleInfo (RoleInfo.java:updateAndGet(143)) - 0cd5f69f-229b-4e24-9dce-31aad898d52d: start FollowerState
2019-10-23 22:40:04,068 [15de30e0-32e7-4789-867b-8c05fd0bfca2@group-D44E3B3540EA-LeaderElection82] INFO  impl.LeaderElection (LeaderElection.java:logAndReturn(56)) - 15de30e0-32e7-4789-867b-8c05fd0bfca2@group-D44E3B3540EA-LeaderElection82: Election REJECTED; received 2 response(s) [15de30e0-32e7-4789-867b-8c05fd0bfca2<-0cd5f69f-229b-4e24-9dce-31aad898d52d#0:FAIL-t23, 15de30e0-32e7-4789-867b-8c05fd0bfca2<-2f4845be-2264-4a1a-8a27-f958336e1da9#0:FAIL-t23] and 0 exception(s); 15de30e0-32e7-4789-867b-8c05fd0bfca2@group-D44E3B3540EA:t23, leader=null, voted=15de30e0-32e7-4789-867b-8c05fd0bfca2, raftlog=15de30e0-32e7-4789-867b-8c05fd0bfca2@group-D44E3B3540EA-SegmentedRaftLog:OPENED:c-1,f-1,i0, conf=-1: [0cd5f69f-229b-4e24-9dce-31aad898d52d:192.168.157.195:33132, 15de30e0-32e7-4789-867b-8c05fd0bfca2:192.168.157.195:43624, 2f4845be-2264-4a1a-8a27-f958336e1da9:192.168.157.195:36753], old=null
2019-10-23 22:40:04,068 [15de30e0-32e7-4789-867b-8c05fd0bfca2@group-D44E3B3540EA-LeaderElection82] INFO  impl.RaftServerImpl (RaftServerImpl.java:setRole(184)) - 15de30e0-32e7-4789-867b-8c05fd0bfca2@group-D44E3B3540EA: changes role from CANDIDATE to FOLLOWER at term 23 for DISCOVERED_A_NEW_TERM
2019-10-23 22:40:04,068 [15de30e0-32e7-4789-867b-8c05fd0bfca2@group-D44E3B3540EA-LeaderElection82] INFO  impl.RoleInfo (RoleInfo.java:shutdownLeaderElection(134)) - 15de30e0-32e7-4789-867b-8c05fd0bfca2: shutdown LeaderElection
2019-10-23 22:40:04,068 [15de30e0-32e7-4789-867b-8c05fd0bfca2@group-D44E3B3540EA-LeaderElection82] INFO  impl.RoleInfo (RoleInfo.java:updateAndGet(143)) - 15de30e0-32e7-4789-867b-8c05fd0bfca2: start FollowerState
2019-10-23 22:40:04,112 [Thread-1089] INFO  impl.FollowerState (FollowerState.java:run(108)) - 0cd5f69f-229b-4e24-9dce-31aad898d52d@group-91CED867EC48-FollowerState: change to CANDIDATE, lastRpcTime:194ms, electionTimeout:194ms
2019-10-23 22:40:04,112 [Thread-1089] INFO  impl.RoleInfo (RoleInfo.java:shutdownFollowerState(121)) - 0cd5f69f-229b-4e24-9dce-31aad898d52d: shutdown FollowerState
2019-10-23 22:40:04,112 [Thread-1089] INFO  impl.RaftServerImpl (RaftServerImpl.java:setRole(184)) - 0cd5f69f-229b-4e24-9dce-31aad898d52d@group-91CED867EC48: changes role from  FOLLOWER to CANDIDATE at term 60 for changeToCandidate
2019-10-23 22:40:04,112 [Thread-1089] INFO  impl.RoleInfo (RoleInfo.java:updateAndGet(143)) - 0cd5f69f-229b-4e24-9dce-31aad898d52d: start LeaderElection
2019-10-23 22:40:04,126 [0cd5f69f-229b-4e24-9dce-31aad898d52d@group-91CED867EC48-LeaderElection83] INFO  impl.LeaderElection (LeaderElection.java:askForVotes(178)) - 0cd5f69f-229b-4e24-9dce-31aad898d52d@group-91CED867EC48-LeaderElection83: begin an election at term 61 for 0: [0cd5f69f-229b-4e24-9dce-31aad898d52d:192.168.157.195:33132, 15de30e0-32e7-4789-867b-8c05fd0bfca2:192.168.157.195:43624, 2f4845be-2264-4a1a-8a27-f958336e1da9:192.168.157.195:36753], old=null
2019-10-23 22:40:04,128 [grpc-default-executor-5] INFO  impl.RaftServerImpl (RaftServerImpl.java:setRole(184)) - 15de30e0-32e7-4789-867b-8c05fd0bfca2@group-91CED867EC48: changes role from  FOLLOWER to FOLLOWER at term 61 for recognizeCandidate:0cd5f69f-229b-4e24-9dce-31aad898d52d
2019-10-23 22:40:04,128 [grpc-default-executor-5] INFO  impl.RoleInfo (RoleInfo.java:shutdownFollowerState(121)) - 15de30e0-32e7-4789-867b-8c05fd0bfca2: shutdown FollowerState
2019-10-23 22:40:04,128 [grpc-default-executor-4] INFO  impl.RaftServerImpl (RaftServerImpl.java:setRole(184)) - 2f4845be-2264-4a1a-8a27-f958336e1da9@group-91CED867EC48: changes role from  FOLLOWER to FOLLOWER at term 61 for recognizeCandidate:0cd5f69f-229b-4e24-9dce-31aad898d52d
2019-10-23 22:40:04,129 [grpc-default-executor-5] INFO  impl.RoleInfo (RoleInfo.java:updateAndGet(143)) - 15de30e0-32e7-4789-867b-8c05fd0bfca2: start FollowerState
2019-10-23 22:40:04,129 [Thread-1087] INFO  impl.FollowerState (FollowerState.java:run(117)) - 15de30e0-32e7-4789-867b-8c05fd0bfca2@group-91CED867EC48-FollowerState was interrupted: java.lang.InterruptedException: sleep interrupted
2019-10-23 22:40:04,129 [grpc-default-executor-4] INFO  impl.RoleInfo (RoleInfo.java:shutdownFollowerState(121)) - 2f4845be-2264-4a1a-8a27-f958336e1da9: shutdown FollowerState
2019-10-23 22:40:04,129 [grpc-default-executor-4] INFO  impl.RoleInfo (RoleInfo.java:updateAndGet(143)) - 2f4845be-2264-4a1a-8a27-f958336e1da9: start FollowerState
2019-10-23 22:40:04,129 [Thread-1088] INFO  impl.FollowerState (FollowerState.java:run(117)) - 2f4845be-2264-4a1a-8a27-f958336e1da9@group-91CED867EC48-FollowerState was interrupted: java.lang.InterruptedException: sleep interrupted
2019-10-23 22:40:04,145 [Thread-1097] INFO  impl.FollowerState (FollowerState.java:run(108)) - 15de30e0-32e7-4789-867b-8c05fd0bfca2@group-D44E3B3540EA-FollowerState: change to CANDIDATE, lastRpcTime:76ms, electionTimeout:76ms
2019-10-23 22:40:04,145 [Thread-1097] INFO  impl.RoleInfo (RoleInfo.java:shutdownFollowerState(121)) - 15de30e0-32e7-4789-867b-8c05fd0bfca2: shutdown FollowerState
2019-10-23 22:40:04,145 [Thread-1097] INFO  impl.RaftServerImpl (RaftServerImpl.java:setRole(184)) - 15de30e0-32e7-4789-867b-8c05fd0bfca2@group-D44E3B3540EA: changes role from  FOLLOWER to CANDIDATE at term 23 for changeToCandidate
2019-10-23 22:40:04,145 [Thread-1097] INFO  impl.RoleInfo (RoleInfo.java:updateAndGet(143)) - 15de30e0-32e7-4789-867b-8c05fd0bfca2: start LeaderElection
2019-10-23 22:40:04,159 [15de30e0-32e7-4789-867b-8c05fd0bfca2@group-D44E3B3540EA-LeaderElection84] INFO  impl.LeaderElection (LeaderElection.java:askForVotes(178)) - 15de30e0-32e7-4789-867b-8c05fd0bfca2@group-D44E3B3540EA-LeaderElection84: begin an election at term 24 for -1: [0cd5f69f-229b-4e24-9dce-31aad898d52d:192.168.157.195:33132, 15de30e0-32e7-4789-867b-8c05fd0bfca2:192.168.157.195:43624, 2f4845be-2264-4a1a-8a27-f958336e1da9:192.168.157.195:36753], old=null
2019-10-23 22:40:04,160 [0cd5f69f-229b-4e24-9dce-31aad898d52d@group-91CED867EC48-LeaderElection83] INFO  impl.LeaderElection (LeaderElection.java:logAndReturn(56)) - 0cd5f69f-229b-4e24-9dce-31aad898d52d@group-91CED867EC48-LeaderElection83: Election REJECTED; received 2 response(s) [0cd5f69f-229b-4e24-9dce-31aad898d52d<-15de30e0-32e7-4789-867b-8c05fd0bfca2#0:FAIL-t61, 0cd5f69f-229b-4e24-9dce-31aad898d52d<-2f4845be-2264-4a1a-8a27-f958336e1da9#0:FAIL-t61] and 0 exception(s); 0cd5f69f-229b-4e24-9dce-31aad898d52d@group-91CED867EC48:t61, leader=null, voted=0cd5f69f-229b-4e24-9dce-31aad898d52d, raftlog=0cd5f69f-229b-4e24-9dce-31aad898d52d@group-91CED867EC48-SegmentedRaftLog:OPENED:c3,f4,i4, conf=0: [0cd5f69f-229b-4e24-9dce-31aad898d52d:192.168.157.195:33132, 15de30e0-32e7-4789-867b-8c05fd0bfca2:192.168.157.195:43624, 2f4845be-2264-4a1a-8a27-f958336e1da9:192.168.157.195:36753], old=null
2019-10-23 22:40:04,160 [0cd5f69f-229b-4e24-9dce-31aad898d52d@group-91CED867EC48-LeaderElection83] INFO  impl.RaftServerImpl (RaftServerImpl.java:setRole(184)) - 0cd5f69f-229b-4e24-9dce-31aad898d52d@group-91CED867EC48: changes role from CANDIDATE to FOLLOWER at term 61 for DISCOVERED_A_NEW_TERM
2019-10-23 22:40:04,161 [0cd5f69f-229b-4e24-9dce-31aad898d52d@group-91CED867EC48-LeaderElection83] INFO  impl.RoleInfo (RoleInfo.java:shutdownLeaderElection(134)) - 0cd5f69f-229b-4e24-9dce-31aad898d52d: shutdown LeaderElection
2019-10-23 22:40:04,161 [0cd5f69f-229b-4e24-9dce-31aad898d52d@group-91CED867EC48-LeaderElection83] INFO  impl.RoleInfo (RoleInfo.java:updateAndGet(143)) - 0cd5f69f-229b-4e24-9dce-31aad898d52d: start FollowerState
2019-10-23 22:40:04,162 [Thread-1107] INFO  impl.FollowerState (FollowerState.java:run(108)) - 0cd5f69f-229b-4e24-9dce-31aad898d52d@group-91CED867EC48-FollowerState: change to CANDIDATE, lastRpcTime:1ms, electionTimeout:1ms
2019-10-23 22:40:04,162 [grpc-default-executor-4] INFO  impl.RaftServerImpl (RaftServerImpl.java:setRole(184)) - 0cd5f69f-229b-4e24-9dce-31aad898d52d@group-D44E3B3540EA: changes role from  FOLLOWER to FOLLOWER at term 24 for recognizeCandidate:15de30e0-32e7-4789-867b-8c05fd0bfca2
2019-10-23 22:40:04,162 [Thread-1107] INFO  impl.RoleInfo (RoleInfo.java:shutdownFollowerState(121)) - 0cd5f69f-229b-4e24-9dce-31aad898d52d: shutdown FollowerState
2019-10-23 22:40:04,163 [grpc-default-executor-5] INFO  impl.RaftServerImpl (RaftServerImpl.java:setRole(184)) - 2f4845be-2264-4a1a-8a27-f958336e1da9@group-D44E3B3540EA: changes role from  FOLLOWER to FOLLOWER at term 24 for recognizeCandidate:15de30e0-32e7-4789-867b-8c05fd0bfca2
2019-10-23 22:40:04,163 [grpc-default-executor-4] INFO  impl.RoleInfo (RoleInfo.java:shutdownFollowerState(121)) - 0cd5f69f-229b-4e24-9dce-31aad898d52d: shutdown FollowerState
2019-10-23 22:40:04,163 [grpc-default-executor-5] INFO  impl.RoleInfo (RoleInfo.java:shutdownFollowerState(121)) - 2f4845be-2264-4a1a-8a27-f958336e1da9: shutdown FollowerState
2019-10-23 22:40:04,163 [Thread-1107] INFO  impl.RaftServerImpl (RaftServerImpl.java:setRole(184)) - 0cd5f69f-229b-4e24-9dce-31aad898d52d@group-91CED867EC48: changes role from  FOLLOWER to CANDIDATE at term 61 for changeToCandidate
2019-10-23 22:40:04,163 [grpc-default-executor-5] INFO  impl.RoleInfo (RoleInfo.java:updateAndGet(143)) - 2f4845be-2264-4a1a-8a27-f958336e1da9: start FollowerState
2019-10-23 22:40:04,163 [Thread-1096] INFO  impl.FollowerState (FollowerState.java:run(117)) - 0cd5f69f-229b-4e24-9dce-31aad898d52d@group-D44E3B3540EA-FollowerState was interrupted: java.lang.InterruptedException: sleep interrupted
2019-10-23 22:40:04,163 [grpc-default-executor-4] INFO  impl.RoleInfo (RoleInfo.java:updateAndGet(143)) - 0cd5f69f-229b-4e24-9dce-31aad898d52d: start FollowerState
2019-10-23 22:40:04,163 [Thread-1107] INFO  impl.RoleInfo (RoleInfo.java:updateAndGet(143)) - 0cd5f69f-229b-4e24-9dce-31aad898d52d: start LeaderElection
2019-10-23 22:40:04,163 [Thread-1095] INFO  impl.FollowerState (FollowerState.java:run(117)) - 2f4845be-2264-4a1a-8a27-f958336e1da9@group-D44E3B3540EA-FollowerState was interrupted: java.lang.InterruptedException: sleep interrupted
2019-10-23 22:40:04,174 [0cd5f69f-229b-4e24-9dce-31aad898d52d@group-91CED867EC48-LeaderElection85] INFO  impl.LeaderElection (LeaderElection.java:askForVotes(178)) - 0cd5f69f-229b-4e24-9dce-31aad898d52d@group-91CED867EC48-LeaderElection85: begin an election at term 62 for 0: [0cd5f69f-229b-4e24-9dce-31aad898d52d:192.168.157.195:33132, 15de30e0-32e7-4789-867b-8c05fd0bfca2:192.168.157.195:43624, 2f4845be-2264-4a1a-8a27-f958336e1da9:192.168.157.195:36753], old=null
2019-10-23 22:40:04,176 [15de30e0-32e7-4789-867b-8c05fd0bfca2@group-D44E3B3540EA-LeaderElection84] INFO  impl.LeaderElection (LeaderElection.java:logAndReturn(56)) - 15de30e0-32e7-4789-867b-8c05fd0bfca2@group-D44E3B3540EA-LeaderElection84: Election REJECTED; received 2 response(s) [15de30e0-32e7-4789-867b-8c05fd0bfca2<-0cd5f69f-229b-4e24-9dce-31aad898d52d#0:FAIL-t24, 15de30e0-32e7-4789-867b-8c05fd0bfca2<-2f4845be-2264-4a1a-8a27-f958336e1da9#0:FAIL-t24] and 0 exception(s); 15de30e0-32e7-4789-867b-8c05fd0bfca2@group-D44E3B3540EA:t24, leader=null, voted=15de30e0-32e7-4789-867b-8c05fd0bfca2, raftlog=15de30e0-32e7-4789-867b-8c05fd0bfca2@group-D44E3B3540EA-SegmentedRaftLog:OPENED:c-1,f-1,i0, conf=-1: [0cd5f69f-229b-4e24-9dce-31aad898d52d:192.168.157.195:33132, 15de30e0-32e7-4789-867b-8c05fd0bfca2:192.168.157.195:43624, 2f4845be-2264-4a1a-8a27-f958336e1da9:192.168.157.195:36753], old=null
2019-10-23 22:40:04,176 [15de30e0-32e7-4789-867b-8c05fd0bfca2@group-D44E3B3540EA-LeaderElection84] INFO  impl.RaftServerImpl (RaftServerImpl.java:setRole(184)) - 15de30e0-32e7-4789-867b-8c05fd0bfca2@group-D44E3B3540EA: changes role from CANDIDATE to FOLLOWER at term 24 for DISCOVERED_A_NEW_TERM
2019-10-23 22:40:04,176 [15de30e0-32e7-4789-867b-8c05fd0bfca2@group-D44E3B3540EA-LeaderElection84] INFO  impl.RoleInfo (RoleInfo.java:shutdownLeaderElection(134)) - 15de30e0-32e7-4789-867b-8c05fd0bfca2: shutdown LeaderElection
2019-10-23 22:40:04,176 [grpc-default-executor-5] INFO  impl.RaftServerImpl (RaftServerImpl.java:setRole(184)) - 15de30e0-32e7-4789-867b-8c05fd0bfca2@group-91CED867EC48: changes role from  FOLLOWER to FOLLOWER at term 62 for recognizeCandidate:0cd5f69f-229b-4e24-9dce-31aad898d52d
2019-10-23 22:40:04,176 [15de30e0-32e7-4789-867b-8c05fd0bfca2@group-D44E3B3540EA-LeaderElection84] INFO  impl.RoleInfo (RoleInfo.java:updateAndGet(143)) - 15de30e0-32e7-4789-867b-8c05fd0bfca2: start FollowerState
2019-10-23 22:40:04,176 [grpc-default-executor-5] INFO  impl.RoleInfo (RoleInfo.java:shutdownFollowerState(121)) - 15de30e0-32e7-4789-867b-8c05fd0bfca2: shutdown FollowerState
2019-10-23 22:40:04,177 [grpc-default-executor-4] INFO  impl.RaftServerImpl (RaftServerImpl.java:setRole(184)) - 2f4845be-2264-4a1a-8a27-f958336e1da9@group-91CED867EC48: changes role from  FOLLOWER to FOLLOWER at term 62 for recognizeCandidate:0cd5f69f-229b-4e24-9dce-31aad898d52d
2019-10-23 22:40:04,177 [Thread-1102] INFO  impl.FollowerState (FollowerState.java:run(117)) - 15de30e0-32e7-4789-867b-8c05fd0bfca2@group-91CED867EC48-FollowerState was interrupted: java.lang.InterruptedException: sleep interrupted
2019-10-23 22:40:04,177 [grpc-default-executor-5] INFO  impl.RoleInfo (RoleInfo.java:updateAndGet(143)) - 15de30e0-32e7-4789-867b-8c05fd0bfca2: start FollowerState
2019-10-23 22:40:04,177 [grpc-default-executor-4] INFO  impl.RoleInfo (RoleInfo.java:shutdownFollowerState(121)) - 2f4845be-2264-4a1a-8a27-f958336e1da9: shutdown FollowerState
2019-10-23 22:40:04,177 [grpc-default-executor-4] INFO  impl.RoleInfo (RoleInfo.java:updateAndGet(143)) - 2f4845be-2264-4a1a-8a27-f958336e1da9: start FollowerState
2019-10-23 22:40:04,178 [Thread-1103] INFO  impl.FollowerState (FollowerState.java:run(117)) - 2f4845be-2264-4a1a-8a27-f958336e1da9@group-91CED867EC48-FollowerState was interrupted: java.lang.InterruptedException: sleep interrupted
2019-10-23 22:40:04,192 [0cd5f69f-229b-4e24-9dce-31aad898d52d@group-91CED867EC48-LeaderElection85] INFO  impl.LeaderElection (LeaderElection.java:logAndReturn(56)) - 0cd5f69f-229b-4e24-9dce-31aad898d52d@group-91CED867EC48-LeaderElection85: Election REJECTED; received 2 response(s) [0cd5f69f-229b-4e24-9dce-31aad898d52d<-15de30e0-32e7-4789-867b-8c05fd0bfca2#0:FAIL-t62, 0cd5f69f-229b-4e24-9dce-31aad898d52d<-2f4845be-2264-4a1a-8a27-f958336e1da9#0:FAIL-t62] and 0 exception(s); 0cd5f69f-229b-4e24-9dce-31aad898d52d@group-91CED867EC48:t62, leader=null, voted=0cd5f69f-229b-4e24-9dce-31aad898d52d, raftlog=0cd5f69f-229b-4e24-9dce-31aad898d52d@group-91CED867EC48-SegmentedRaftLog:OPENED:c3,f4,i4, conf=0: [0cd5f69f-229b-4e24-9dce-31aad898d52d:192.168.157.195:33132, 15de30e0-32e7-4789-867b-8c05fd0bfca2:192.168.157.195:43624, 2f4845be-2264-4a1a-8a27-f958336e1da9:192.168.157.195:36753], old=null
2019-10-23 22:40:04,192 [0cd5f69f-229b-4e24-9dce-31aad898d52d@group-91CED867EC48-LeaderElection85] INFO  impl.RaftServerImpl (RaftServerImpl.java:setRole(184)) - 0cd5f69f-229b-4e24-9dce-31aad898d52d@group-91CED867EC48: changes role from CANDIDATE to FOLLOWER at term 62 for DISCOVERED_A_NEW_TERM
2019-10-23 22:40:04,193 [0cd5f69f-229b-4e24-9dce-31aad898d52d@group-91CED867EC48-LeaderElection85] INFO  impl.RoleInfo (RoleInfo.java:shutdownLeaderElection(134)) - 0cd5f69f-229b-4e24-9dce-31aad898d52d: shutdown LeaderElection
2019-10-23 22:40:04,193 [0cd5f69f-229b-4e24-9dce-31aad898d52d@group-91CED867EC48-LeaderElection85] INFO  impl.RoleInfo (RoleInfo.java:updateAndGet(143)) - 0cd5f69f-229b-4e24-9dce-31aad898d52d: start FollowerState
2019-10-23 22:40:04,231 [Thread-1113] INFO  impl.FollowerState (FollowerState.java:run(108)) - 15de30e0-32e7-4789-867b-8c05fd0bfca2@group-D44E3B3540EA-FollowerState: change to CANDIDATE, lastRpcTime:54ms, electionTimeout:54ms
2019-10-23 22:40:04,231 [Thread-1113] INFO  impl.RoleInfo (RoleInfo.java:shutdownFollowerState(121)) - 15de30e0-32e7-4789-867b-8c05fd0bfca2: shutdown FollowerState
2019-10-23 22:40:04,231 [Thread-1113] INFO  impl.RaftServerImpl (RaftServerImpl.java:setRole(184)) - 15de30e0-32e7-4789-867b-8c05fd0bfca2@group-D44E3B3540EA: changes role from  FOLLOWER to CANDIDATE at term 24 for changeToCandidate
2019-10-23 22:40:04,231 [Thread-1113] INFO  impl.RoleInfo (RoleInfo.java:updateAndGet(143)) - 15de30e0-32e7-4789-867b-8c05fd0bfca2: start LeaderElection
2019-10-23 22:40:04,245 [15de30e0-32e7-4789-867b-8c05fd0bfca2@group-D44E3B3540EA-LeaderElection86] INFO  impl.LeaderElection (LeaderElection.java:askForVotes(178)) - 15de30e0-32e7-4789-867b-8c05fd0bfca2@group-D44E3B3540EA-LeaderElection86: begin an election at term 25 for -1: [0cd5f69f-229b-4e24-9dce-31aad898d52d:192.168.157.195:33132, 15de30e0-32e7-4789-867b-8c05fd0bfca2:192.168.157.195:43624, 2f4845be-2264-4a1a-8a27-f958336e1da9:192.168.157.195:36753], old=null
2019-10-23 22:40:04,253 [grpc-default-executor-5] INFO  impl.RaftServerImpl (RaftServerImpl.java:setRole(184)) - 0cd5f69f-229b-4e24-9dce-31aad898d52d@group-D44E3B3540EA: changes role from  FOLLOWER to FOLLOWER at term 25 for recognizeCandidate:15de30e0-32e7-4789-867b-8c05fd0bfca2
2019-10-23 22:40:04,253 [grpc-default-executor-4] INFO  impl.RaftServerImpl (RaftServerImpl.java:setRole(184)) - 2f4845be-2264-4a1a-8a27-f958336e1da9@group-D44E3B3540EA: changes role from  FOLLOWER to FOLLOWER at term 25 for recognizeCandidate:15de30e0-32e7-4789-867b-8c05fd0bfca2
2019-10-23 22:40:04,253 [grpc-default-executor-5] INFO  impl.RoleInfo (RoleInfo.java:shutdownFollowerState(121)) - 0cd5f69f-229b-4e24-9dce-31aad898d52d: shutdown FollowerState
2019-10-23 22:40:04,253 [grpc-default-executor-4] INFO  impl.RoleInfo (RoleInfo.java:shutdownFollowerState(121)) - 2f4845be-2264-4a1a-8a27-f958336e1da9: shutdown FollowerState
2019-10-23 22:40:04,259 [grpc-default-executor-4] INFO  impl.RoleInfo (RoleInfo.java:updateAndGet(143)) - 2f4845be-2264-4a1a-8a27-f958336e1da9: start FollowerState
2019-10-23 22:40:04,259 [Thread-1108] INFO  impl.FollowerState (FollowerState.java:run(117)) - 0cd5f69f-229b-4e24-9dce-31aad898d52d@group-D44E3B3540EA-FollowerState was interrupted: java.lang.InterruptedException: sleep interrupted
2019-10-23 22:40:04,259 [grpc-default-executor-5] INFO  impl.RoleInfo (RoleInfo.java:updateAndGet(143)) - 0cd5f69f-229b-4e24-9dce-31aad898d52d: start FollowerState
2019-10-23 22:40:04,259 [Thread-1109] INFO  impl.FollowerState (FollowerState.java:run(117)) - 2f4845be-2264-4a1a-8a27-f958336e1da9@group-D44E3B3540EA-FollowerState was interrupted: java.lang.InterruptedException: sleep interrupted
2019-10-23 22:40:04,265 [Thread-1116] INFO  impl.FollowerState (FollowerState.java:run(108)) - 0cd5f69f-229b-4e24-9dce-31aad898d52d@group-91CED867EC48-FollowerState: change to CANDIDATE, lastRpcTime:72ms, electionTimeout:72ms
2019-10-23 22:40:04,265 [Thread-1116] INFO  impl.RoleInfo (RoleInfo.java:shutdownFollowerState(121)) - 0cd5f69f-229b-4e24-9dce-31aad898d52d: shutdown FollowerState
2019-10-23 22:40:04,265 [Thread-1116] INFO  impl.RaftServerImpl (RaftServerImpl.java:setRole(184)) - 0cd5f69f-229b-4e24-9dce-31aad898d52d@group-91CED867EC48: changes role from  FOLLOWER to CANDIDATE at term 62 for changeToCandidate
2019-10-23 22:40:04,266 [Thread-1116] INFO  impl.RoleInfo (RoleInfo.java:updateAndGet(143)) - 0cd5f69f-229b-4e24-9dce-31aad898d52d: start LeaderElection
2019-10-23 22:40:04,272 [0cd5f69f-229b-4e24-9dce-31aad898d52d@group-91CED867EC48-LeaderElection87] INFO  impl.LeaderElection (LeaderElection.java:askForVotes(178)) - 0cd5f69f-229b-4e24-9dce-31aad898d52d@group-91CED867EC48-LeaderElection87: begin an election at term 63 for 0: [0cd5f69f-229b-4e24-9dce-31aad898d52d:192.168.157.195:33132, 15de30e0-32e7-4789-867b-8c05fd0bfca2:192.168.157.195:43624, 2f4845be-2264-4a1a-8a27-f958336e1da9:192.168.157.195:36753], old=null
2019-10-23 22:40:04,274 [15de30e0-32e7-4789-867b-8c05fd0bfca2@group-D44E3B3540EA-LeaderElection86] INFO  impl.LeaderElection (LeaderElection.java:logAndReturn(56)) - 15de30e0-32e7-4789-867b-8c05fd0bfca2@group-D44E3B3540EA-LeaderElection86: Election REJECTED; received 2 response(s) [15de30e0-32e7-4789-867b-8c05fd0bfca2<-0cd5f69f-229b-4e24-9dce-31aad898d52d#0:FAIL-t25, 15de30e0-32e7-4789-867b-8c05fd0bfca2<-2f4845be-2264-4a1a-8a27-f958336e1da9#0:FAIL-t25] and 0 exception(s); 15de30e0-32e7-4789-867b-8c05fd0bfca2@group-D44E3B3540EA:t25, leader=null, voted=15de30e0-32e7-4789-867b-8c05fd0bfca2, raftlog=15de30e0-32e7-4789-867b-8c05fd0bfca2@group-D44E3B3540EA-SegmentedRaftLog:OPENED:c-1,f-1,i0, conf=-1: [0cd5f69f-229b-4e24-9dce-31aad898d52d:192.168.157.195:33132, 15de30e0-32e7-4789-867b-8c05fd0bfca2:192.168.157.195:43624, 2f4845be-2264-4a1a-8a27-f958336e1da9:192.168.157.195:36753], old=null
2019-10-23 22:40:04,274 [15de30e0-32e7-4789-867b-8c05fd0bfca2@group-D44E3B3540EA-LeaderElection86] INFO  impl.RaftServerImpl (RaftServerImpl.java:setRole(184)) - 15de30e0-32e7-4789-867b-8c05fd0bfca2@group-D44E3B3540EA: changes role from CANDIDATE to FOLLOWER at term 25 for DISCOVERED_A_NEW_TERM
2019-10-23 22:40:04,274 [15de30e0-32e7-4789-867b-8c05fd0bfca2@group-D44E3B3540EA-LeaderElection86] INFO  impl.RoleInfo (RoleInfo.java:shutdownLeaderElection(134)) - 15de30e0-32e7-4789-867b-8c05fd0bfca2: shutdown LeaderElection
2019-10-23 22:40:04,274 [15de30e0-32e7-4789-867b-8c05fd0bfca2@group-D44E3B3540EA-LeaderElection86] INFO  impl.RoleInfo (RoleInfo.java:updateAndGet(143)) - 15de30e0-32e7-4789-867b-8c05fd0bfca2: start FollowerState
2019-10-23 22:40:04,275 [grpc-default-executor-5] INFO  impl.RaftServerImpl (RaftServerImpl.java:setRole(184)) - 15de30e0-32e7-4789-867b-8c05fd0bfca2@group-91CED867EC48: changes role from  FOLLOWER to FOLLOWER at term 63 for recognizeCandidate:0cd5f69f-229b-4e24-9dce-31aad898d52d
2019-10-23 22:40:04,275 [grpc-default-executor-4] INFO  impl.RaftServerImpl (RaftServerImpl.java:setRole(184)) - 2f4845be-2264-4a1a-8a27-f958336e1da9@group-91CED867EC48: changes role from  FOLLOWER to FOLLOWER at term 63 for recognizeCandidate:0cd5f69f-229b-4e24-9dce-31aad898d52d
2019-10-23 22:40:04,275 [grpc-default-executor-5] INFO  impl.RoleInfo (RoleInfo.java:shutdownFollowerState(121)) - 15de30e0-32e7-4789-867b-8c05fd0bfca2: shutdown FollowerState
2019-10-23 22:40:04,275 [grpc-default-executor-4] INFO  impl.RoleInfo (RoleInfo.java:shutdownFollowerState(121)) - 2f4845be-2264-4a1a-8a27-f958336e1da9: shutdown FollowerState
2019-10-23 22:40:04,276 [grpc-default-executor-5] INFO  impl.RoleInfo (RoleInfo.java:updateAndGet(143)) - 15de30e0-32e7-4789-867b-8c05fd0bfca2: start FollowerState
2019-10-23 22:40:04,276 [Thread-1115] INFO  impl.FollowerState (FollowerState.java:run(117)) - 2f4845be-2264-4a1a-8a27-f958336e1da9@group-91CED867EC48-FollowerState was interrupted: java.lang.InterruptedException: sleep interrupted
2019-10-23 22:40:04,276 [grpc-default-executor-4] INFO  impl.RoleInfo (RoleInfo.java:updateAndGet(143)) - 2f4845be-2264-4a1a-8a27-f958336e1da9: start FollowerState
2019-10-23 22:40:04,276 [Thread-1114] INFO  impl.FollowerState (FollowerState.java:run(117)) - 15de30e0-32e7-4789-867b-8c05fd0bfca2@group-91CED867EC48-FollowerState was interrupted: java.lang.InterruptedException: sleep interrupted
2019-10-23 22:40:04,316 [Thread-1125] INFO  impl.FollowerState (FollowerState.java:run(108)) - 15de30e0-32e7-4789-867b-8c05fd0bfca2@group-D44E3B3540EA-FollowerState: change to CANDIDATE, lastRpcTime:41ms, electionTimeout:39ms
2019-10-23 22:40:04,320 [0cd5f69f-229b-4e24-9dce-31aad898d52d@group-91CED867EC48-LeaderElection87] INFO  impl.LeaderElection (LeaderElection.java:logAndReturn(56)) - 0cd5f69f-229b-4e24-9dce-31aad898d52d@group-91CED867EC48-LeaderElection87: Election REJECTED; received 2 response(s) [0cd5f69f-229b-4e24-9dce-31aad898d52d<-15de30e0-32e7-4789-867b-8c05fd0bfca2#0:FAIL-t63, 0cd5f69f-229b-4e24-9dce-31aad898d52d<-2f4845be-2264-4a1a-8a27-f958336e1da9#0:FAIL-t63] and 0 exception(s); 0cd5f69f-229b-4e24-9dce-31aad898d52d@group-91CED867EC48:t63, leader=null, voted=0cd5f69f-229b-4e24-9dce-31aad898d52d, raftlog=0cd5f69f-229b-4e24-9dce-31aad898d52d@group-91CED867EC48-SegmentedRaftLog:OPENED:c3,f4,i4, conf=0: [0cd5f69f-229b-4e24-9dce-31aad898d52d:192.168.157.195:33132, 15de30e0-32e7-4789-867b-8c05fd0bfca2:192.168.157.195:43624, 2f4845be-2264-4a1a-8a27-f958336e1da9:192.168.157.195:36753], old=null
2019-10-23 22:40:04,320 [Thread-1125] INFO  impl.RoleInfo (RoleInfo.java:shutdownFollowerState(121)) - 15de30e0-32e7-4789-867b-8c05fd0bfca2: shutdown FollowerState
2019-10-23 22:40:04,321 [0cd5f69f-229b-4e24-9dce-31aad898d52d@group-91CED867EC48-LeaderElection87] INFO  impl.RaftServerImpl (RaftServerImpl.java:setRole(184)) - 0cd5f69f-229b-4e24-9dce-31aad898d52d@group-91CED867EC48: changes role from CANDIDATE to FOLLOWER at term 63 for DISCOVERED_A_NEW_TERM
2019-10-23 22:40:04,321 [Thread-1125] INFO  impl.RaftServerImpl (RaftServerImpl.java:setRole(184)) - 15de30e0-32e7-4789-867b-8c05fd0bfca2@group-D44E3B3540EA: changes role from  FOLLOWER to CANDIDATE at term 25 for changeToCandidate
2019-10-23 22:40:04,323 [0cd5f69f-229b-4e24-9dce-31aad898d52d@group-91CED867EC48-LeaderElection87] INFO  impl.RoleInfo (RoleInfo.java:shutdownLeaderElection(134)) - 0cd5f69f-229b-4e24-9dce-31aad898d52d: shutdown LeaderElection
2019-10-23 22:40:04,323 [Thread-1125] INFO  impl.RoleInfo (RoleInfo.java:updateAndGet(143)) - 15de30e0-32e7-4789-867b-8c05fd0bfca2: start LeaderElection
2019-10-23 22:40:04,323 [0cd5f69f-229b-4e24-9dce-31aad898d52d@group-91CED867EC48-LeaderElection87] INFO  impl.RoleInfo (RoleInfo.java:updateAndGet(143)) - 0cd5f69f-229b-4e24-9dce-31aad898d52d: start FollowerState
2019-10-23 22:40:04,326 [Thread-1131] INFO  client.GrpcClientProtocolService (GrpcClientProtocolService.java:lambda$processClientRequest$0(278)) - Failed RaftClientRequest:client-A571C4F32A47->15de30e0-32e7-4789-867b-8c05fd0bfca2@group-91CED867EC48, cid=10, seq=0, Watch-ALL_COMMITTED(6), Message:<EMPTY>, reply=RaftClientReply:client-A571C4F32A47->15de30e0-32e7-4789-867b-8c05fd0bfca2@group-91CED867EC48, cid=10, FAILED org.apache.ratis.protocol.NotLeaderException: Server 15de30e0-32e7-4789-867b-8c05fd0bfca2@group-91CED867EC48 is not the leader, logIndex=0, commits[15de30e0-32e7-4789-867b-8c05fd0bfca2:c10, 0cd5f69f-229b-4e24-9dce-31aad898d52d:c4, 2f4845be-2264-4a1a-8a27-f958336e1da9:c10]
2019-10-23 22:40:04,337 [15de30e0-32e7-4789-867b-8c05fd0bfca2@group-D44E3B3540EA-LeaderElection88] INFO  impl.LeaderElection (LeaderElection.java:askForVotes(178)) - 15de30e0-32e7-4789-867b-8c05fd0bfca2@group-D44E3B3540EA-LeaderElection88: begin an election at term 26 for -1: [0cd5f69f-229b-4e24-9dce-31aad898d52d:192.168.157.195:33132, 15de30e0-32e7-4789-867b-8c05fd0bfca2:192.168.157.195:43624, 2f4845be-2264-4a1a-8a27-f958336e1da9:192.168.157.195:36753], old=null
2019-10-23 22:40:04,340 [grpc-default-executor-6] INFO  impl.RaftServerImpl (RaftServerImpl.java:setRole(184)) - 0cd5f69f-229b-4e24-9dce-31aad898d52d@group-D44E3B3540EA: changes role from  FOLLOWER to FOLLOWER at term 26 for recognizeCandidate:15de30e0-32e7-4789-867b-8c05fd0bfca2
2019-10-23 22:40:04,340 [grpc-default-executor-5] INFO  impl.RaftServerImpl (RaftServerImpl.java:setRole(184)) - 2f4845be-2264-4a1a-8a27-f958336e1da9@group-D44E3B3540EA: changes role from  FOLLOWER to FOLLOWER at term 26 for recognizeCandidate:15de30e0-32e7-4789-867b-8c05fd0bfca2
2019-10-23 22:40:04,340 [grpc-default-executor-6] INFO  impl.RoleInfo (RoleInfo.java:shutdownFollowerState(121)) - 0cd5f69f-229b-4e24-9dce-31aad898d52d: shutdown FollowerState
2019-10-23 22:40:04,341 [grpc-default-executor-5] INFO  impl.RoleInfo (RoleInfo.java:shutdownFollowerState(121)) - 2f4845be-2264-4a1a-8a27-f958336e1da9: shutdown FollowerState
2019-10-23 22:40:04,341 [grpc-default-executor-6] INFO  impl.RoleInfo (RoleInfo.java:updateAndGet(143)) - 0cd5f69f-229b-4e24-9dce-31aad898d52d: start FollowerState
2019-10-23 22:40:04,341 [Thread-1120] INFO  impl.FollowerState (FollowerState.java:run(117)) - 2f4845be-2264-4a1a-8a27-f958336e1da9@group-D44E3B3540EA-FollowerState was interrupted: java.lang.InterruptedException: sleep interrupted
2019-10-23 22:40:04,341 [grpc-default-executor-5] INFO  impl.RoleInfo (RoleInfo.java:updateAndGet(143)) - 2f4845be-2264-4a1a-8a27-f958336e1da9: start FollowerState
2019-10-23 22:40:04,341 [Thread-1121] INFO  impl.FollowerState (FollowerState.java:run(117)) - 0cd5f69f-229b-4e24-9dce-31aad898d52d@group-D44E3B3540EA-FollowerState was interrupted: java.lang.InterruptedException: sleep interrupted
2019-10-23 22:40:04,356 [15de30e0-32e7-4789-867b-8c05fd0bfca2@group-D44E3B3540EA-LeaderElection88] INFO  impl.LeaderElection (LeaderElection.java:logAndReturn(56)) - 15de30e0-32e7-4789-867b-8c05fd0bfca2@group-D44E3B3540EA-LeaderElection88: Election REJECTED; received 2 response(s) [15de30e0-32e7-4789-867b-8c05fd0bfca2<-0cd5f69f-229b-4e24-9dce-31aad898d52d#0:FAIL-t26, 15de30e0-32e7-4789-867b-8c05fd0bfca2<-2f4845be-2264-4a1a-8a27-f958336e1da9#0:FAIL-t26] and 0 exception(s); 15de30e0-32e7-4789-867b-8c05fd0bfca2@group-D44E3B3540EA:t26, leader=null, voted=15de30e0-32e7-4789-867b-8c05fd0bfca2, raftlog=15de30e0-32e7-4789-867b-8c05fd0bfca2@group-D44E3B3540EA-SegmentedRaftLog:OPENED:c-1,f-1,i0, conf=-1: [0cd5f69f-229b-4e24-9dce-31aad898d52d:192.168.157.195:33132, 15de30e0-32e7-4789-867b-8c05fd0bfca2:192.168.157.195:43624, 2f4845be-2264-4a1a-8a27-f958336e1da9:192.168.157.195:36753], old=null
2019-10-23 22:40:04,357 [15de30e0-32e7-4789-867b-8c05fd0bfca2@group-D44E3B3540EA-LeaderElection88] INFO  impl.RaftServerImpl (RaftServerImpl.java:setRole(184)) - 15de30e0-32e7-4789-867b-8c05fd0bfca2@group-D44E3B3540EA: changes role from CANDIDATE to FOLLOWER at term 26 for DISCOVERED_A_NEW_TERM
2019-10-23 22:40:04,357 [15de30e0-32e7-4789-867b-8c05fd0bfca2@group-D44E3B3540EA-LeaderElection88] INFO  impl.RoleInfo (RoleInfo.java:shutdownLeaderElection(134)) - 15de30e0-32e7-4789-867b-8c05fd0bfca2: shutdown LeaderElection
2019-10-23 22:40:04,357 [15de30e0-32e7-4789-867b-8c05fd0bfca2@group-D44E3B3540EA-LeaderElection88] INFO  impl.RoleInfo (RoleInfo.java:updateAndGet(143)) - 15de30e0-32e7-4789-867b-8c05fd0bfca2: start FollowerState
2019-10-23 22:40:04,382 [Thread-1130] INFO  impl.FollowerState (FollowerState.java:run(108)) - 0cd5f69f-229b-4e24-9dce-31aad898d52d@group-91CED867EC48-FollowerState: change to CANDIDATE, lastRpcTime:58ms, electionTimeout:58ms
2019-10-23 22:40:04,382 [Thread-1130] INFO  impl.RoleInfo (RoleInfo.java:shutdownFollowerState(121)) - 0cd5f69f-229b-4e24-9dce-31aad898d52d: shutdown FollowerState
2019-10-23 22:40:04,382 [Thread-1130] INFO  impl.RaftServerImpl (RaftServerImpl.java:setRole(184)) - 0cd5f69f-229b-4e24-9dce-31aad898d52d@group-91CED867EC48: changes role from  FOLLOWER to CANDIDATE at term 63 for changeToCandidate
2019-10-23 22:40:04,383 [Thread-1130] INFO  impl.RoleInfo (RoleInfo.java:updateAndGet(143)) - 0cd5f69f-229b-4e24-9dce-31aad898d52d: start LeaderElection
2019-10-23 22:40:04,403 [0cd5f69f-229b-4e24-9dce-31aad898d52d@group-91CED867EC48-LeaderElection89] INFO  impl.LeaderElection (LeaderElection.java:askForVotes(178)) - 0cd5f69f-229b-4e24-9dce-31aad898d52d@group-91CED867EC48-LeaderElection89: begin an election at term 64 for 0: [0cd5f69f-229b-4e24-9dce-31aad898d52d:192.168.157.195:33132, 15de30e0-32e7-4789-867b-8c05fd0bfca2:192.168.157.195:43624, 2f4845be-2264-4a1a-8a27-f958336e1da9:192.168.157.195:36753], old=null
2019-10-23 22:40:04,409 [grpc-default-executor-6] INFO  impl.RaftServerImpl (RaftServerImpl.java:setRole(184)) - 2f4845be-2264-4a1a-8a27-f958336e1da9@group-91CED867EC48: changes role from  FOLLOWER to FOLLOWER at term 64 for recognizeCandidate:0cd5f69f-229b-4e24-9dce-31aad898d52d
2019-10-23 22:40:04,409 [grpc-default-executor-5] INFO  impl.RaftServerImpl (RaftServerImpl.java:setRole(184)) - 15de30e0-32e7-4789-867b-8c05fd0bfca2@group-91CED867EC48: changes role from  FOLLOWER to FOLLOWER at term 64 for recognizeCandidate:0cd5f69f-229b-4e24-9dce-31aad898d52d
2019-10-23 22:40:04,409 [grpc-default-executor-6] INFO  impl.RoleInfo (RoleInfo.java:shutdownFollowerState(121)) - 2f4845be-2264-4a1a-8a27-f958336e1da9: shutdown FollowerState
2019-10-23 22:40:04,409 [grpc-default-executor-5] INFO  impl.RoleInfo (RoleInfo.java:shutdownFollowerState(121)) - 15de30e0-32e7-4789-867b-8c05fd0bfca2: shutdown FollowerState
2019-10-23 22:40:04,409 [Thread-1127] INFO  impl.FollowerState (FollowerState.java:run(117)) - 2f4845be-2264-4a1a-8a27-f958336e1da9@group-91CED867EC48-FollowerState was interrupted: java.lang.InterruptedException: sleep interrupted
2019-10-23 22:40:04,409 [grpc-default-executor-6] INFO  impl.RoleInfo (RoleInfo.java:updateAndGet(143)) - 2f4845be-2264-4a1a-8a27-f958336e1da9: start FollowerState
2019-10-23 22:40:04,409 [Thread-1126] INFO  impl.FollowerState (FollowerState.java:run(117)) - 15de30e0-32e7-4789-867b-8c05fd0bfca2@group-91CED867EC48-FollowerState was interrupted: java.lang.InterruptedException: sleep interrupted
2019-10-23 22:40:04,409 [grpc-default-executor-5] INFO  impl.RoleInfo (RoleInfo.java:updateAndGet(143)) - 15de30e0-32e7-4789-867b-8c05fd0bfca2: start FollowerState
2019-10-23 22:40:04,425 [0cd5f69f-229b-4e24-9dce-31aad898d52d@group-91CED867EC48-LeaderElection89] INFO  impl.LeaderElection (LeaderElection.java:logAndReturn(56)) - 0cd5f69f-229b-4e24-9dce-31aad898d52d@group-91CED867EC48-LeaderElection89: Election REJECTED; received 2 response(s) [0cd5f69f-229b-4e24-9dce-31aad898d52d<-15de30e0-32e7-4789-867b-8c05fd0bfca2#0:FAIL-t64, 0cd5f69f-229b-4e24-9dce-31aad898d52d<-2f4845be-2264-4a1a-8a27-f958336e1da9#0:FAIL-t64] and 0 exception(s); 0cd5f69f-229b-4e24-9dce-31aad898d52d@group-91CED867EC48:t64, leader=null, voted=0cd5f69f-229b-4e24-9dce-31aad898d52d, raftlog=0cd5f69f-229b-4e24-9dce-31aad898d52d@group-91CED867EC48-SegmentedRaftLog:OPENED:c3,f4,i4, conf=0: [0cd5f69f-229b-4e24-9dce-31aad898d52d:192.168.157.195:33132, 15de30e0-32e7-4789-867b-8c05fd0bfca2:192.168.157.195:43624, 2f4845be-2264-4a1a-8a27-f958336e1da9:192.168.157.195:36753], old=null
2019-10-23 22:40:04,425 [0cd5f69f-229b-4e24-9dce-31aad898d52d@group-91CED867EC48-LeaderElection89] INFO  impl.RaftServerImpl (RaftServerImpl.java:setRole(184)) - 0cd5f69f-229b-4e24-9dce-31aad898d52d@group-91CED867EC48: changes role from CANDIDATE to FOLLOWER at term 64 for DISCOVERED_A_NEW_TERM
2019-10-23 22:40:04,425 [0cd5f69f-229b-4e24-9dce-31aad898d52d@group-91CED867EC48-LeaderElection89] INFO  impl.RoleInfo (RoleInfo.java:shutdownLeaderElection(134)) - 0cd5f69f-229b-4e24-9dce-31aad898d52d: shutdown LeaderElection
2019-10-23 22:40:04,426 [0cd5f69f-229b-4e24-9dce-31aad898d52d@group-91CED867EC48-LeaderElection89] INFO  impl.RoleInfo (RoleInfo.java:updateAndGet(143)) - 0cd5f69f-229b-4e24-9dce-31aad898d52d: start FollowerState
2019-10-23 22:40:04,459 [Thread-1143] INFO  impl.FollowerState (FollowerState.java:run(108)) - 0cd5f69f-229b-4e24-9dce-31aad898d52d@group-91CED867EC48-FollowerState: change to CANDIDATE, lastRpcTime:33ms, electionTimeout:33ms
2019-10-23 22:40:04,459 [Thread-1143] INFO  impl.RoleInfo (RoleInfo.java:shutdownFollowerState(121)) - 0cd5f69f-229b-4e24-9dce-31aad898d52d: shutdown FollowerState
2019-10-23 22:40:04,460 [Thread-1143] INFO  impl.RaftServerImpl (RaftServerImpl.java:setRole(184)) - 0cd5f69f-229b-4e24-9dce-31aad898d52d@group-91CED867EC48: changes role from  FOLLOWER to CANDIDATE at term 64 for changeToCandidate
2019-10-23 22:40:04,460 [Thread-1143] INFO  impl.RoleInfo (RoleInfo.java:updateAndGet(143)) - 0cd5f69f-229b-4e24-9dce-31aad898d52d: start LeaderElection
2019-10-23 22:40:04,474 [0cd5f69f-229b-4e24-9dce-31aad898d52d@group-91CED867EC48-LeaderElection90] INFO  impl.LeaderElection (LeaderElection.java:askForVotes(178)) - 0cd5f69f-229b-4e24-9dce-31aad898d52d@group-91CED867EC48-LeaderElection90: begin an election at term 65 for 0: [0cd5f69f-229b-4e24-9dce-31aad898d52d:192.168.157.195:33132, 15de30e0-32e7-4789-867b-8c05fd0bfca2:192.168.157.195:43624, 2f4845be-2264-4a1a-8a27-f958336e1da9:192.168.157.195:36753], old=null
2019-10-23 22:40:04,476 [grpc-default-executor-5] INFO  impl.RaftServerImpl (RaftServerImpl.java:setRole(184)) - 2f4845be-2264-4a1a-8a27-f958336e1da9@group-91CED867EC48: changes role from  FOLLOWER to FOLLOWER at term 65 for recognizeCandidate:0cd5f69f-229b-4e24-9dce-31aad898d52d
2019-10-23 22:40:04,477 [grpc-default-executor-6] INFO  impl.RaftServerImpl (RaftServerImpl.java:setRole(184)) - 15de30e0-32e7-4789-867b-8c05fd0bfca2@group-91CED867EC48: changes role from  FOLLOWER to FOLLOWER at term 65 for recognizeCandidate:0cd5f69f-229b-4e24-9dce-31aad898d52d
2019-10-23 22:40:04,477 [grpc-default-executor-5] INFO  impl.RoleInfo (RoleInfo.java:shutdownFollowerState(121)) - 2f4845be-2264-4a1a-8a27-f958336e1da9: shutdown FollowerState
2019-10-23 22:40:04,477 [grpc-default-executor-6] INFO  impl.RoleInfo (RoleInfo.java:shutdownFollowerState(121)) - 15de30e0-32e7-4789-867b-8c05fd0bfca2: shutdown FollowerState
2019-10-23 22:40:04,477 [Thread-1141] INFO  impl.FollowerState (FollowerState.java:run(117)) - 2f4845be-2264-4a1a-8a27-f958336e1da9@group-91CED867EC48-FollowerState was interrupted: java.lang.InterruptedException: sleep interrupted
2019-10-23 22:40:04,477 [grpc-default-executor-5] INFO  impl.RoleInfo (RoleInfo.java:updateAndGet(143)) - 2f4845be-2264-4a1a-8a27-f958336e1da9: start FollowerState
2019-10-23 22:40:04,477 [Thread-1142] INFO  impl.FollowerState (FollowerState.java:run(117)) - 15de30e0-32e7-4789-867b-8c05fd0bfca2@group-91CED867EC48-FollowerState was interrupted: java.lang.InterruptedException: sleep interrupted
2019-10-23 22:40:04,477 [grpc-default-executor-6] INFO  impl.RoleInfo (RoleInfo.java:updateAndGet(143)) - 15de30e0-32e7-4789-867b-8c05fd0bfca2: start FollowerState
2019-10-23 22:40:04,485 [Thread-1137] INFO  impl.FollowerState (FollowerState.java:run(108)) - 15de30e0-32e7-4789-867b-8c05fd0bfca2@group-D44E3B3540EA-FollowerState: change to CANDIDATE, lastRpcTime:128ms, electionTimeout:128ms
2019-10-23 22:40:04,486 [Thread-1137] INFO  impl.RoleInfo (RoleInfo.java:shutdownFollowerState(121)) - 15de30e0-32e7-4789-867b-8c05fd0bfca2: shutdown FollowerState
2019-10-23 22:40:04,486 [Thread-1137] INFO  impl.RaftServerImpl (RaftServerImpl.java:setRole(184)) - 15de30e0-32e7-4789-867b-8c05fd0bfca2@group-D44E3B3540EA: changes role from  FOLLOWER to CANDIDATE at term 26 for changeToCandidate
2019-10-23 22:40:04,486 [Thread-1137] INFO  impl.RoleInfo (RoleInfo.java:updateAndGet(143)) - 15de30e0-32e7-4789-867b-8c05fd0bfca2: start LeaderElection
2019-10-23 22:40:04,491 [15de30e0-32e7-4789-867b-8c05fd0bfca2@group-D44E3B3540EA-LeaderElection91] INFO  impl.LeaderElection (LeaderElection.java:askForVotes(178)) - 15de30e0-32e7-4789-867b-8c05fd0bfca2@group-D44E3B3540EA-LeaderElection91: begin an election at term 27 for -1: [0cd5f69f-229b-4e24-9dce-31aad898d52d:192.168.157.195:33132, 15de30e0-32e7-4789-867b-8c05fd0bfca2:192.168.157.195:43624, 2f4845be-2264-4a1a-8a27-f958336e1da9:192.168.157.195:36753], old=null
2019-10-23 22:40:04,492 [0cd5f69f-229b-4e24-9dce-31aad898d52d@group-91CED867EC48-LeaderElection90] INFO  impl.LeaderElection (LeaderElection.java:logAndReturn(56)) - 0cd5f69f-229b-4e24-9dce-31aad898d52d@group-91CED867EC48-LeaderElection90: Election REJECTED; received 2 response(s) [0cd5f69f-229b-4e24-9dce-31aad898d52d<-15de30e0-32e7-4789-867b-8c05fd0bfca2#0:FAIL-t65, 0cd5f69f-229b-4e24-9dce-31aad898d52d<-2f4845be-2264-4a1a-8a27-f958336e1da9#0:FAIL-t65] and 0 exception(s); 0cd5f69f-229b-4e24-9dce-31aad898d52d@group-91CED867EC48:t65, leader=null, voted=0cd5f69f-229b-4e24-9dce-31aad898d52d, raftlog=0cd5f69f-229b-4e24-9dce-31aad898d52d@group-91CED867EC48-SegmentedRaftLog:OPENED:c3,f4,i4, conf=0: [0cd5f69f-229b-4e24-9dce-31aad898d52d:192.168.157.195:33132, 15de30e0-32e7-4789-867b-8c05fd0bfca2:192.168.157.195:43624, 2f4845be-2264-4a1a-8a27-f958336e1da9:192.168.157.195:36753], old=null
2019-10-23 22:40:04,492 [0cd5f69f-229b-4e24-9dce-31aad898d52d@group-91CED867EC48-LeaderElection90] INFO  impl.RaftServerImpl (RaftServerImpl.java:setRole(184)) - 0cd5f69f-229b-4e24-9dce-31aad898d52d@group-91CED867EC48: changes role from CANDIDATE to FOLLOWER at term 65 for DISCOVERED_A_NEW_TERM
2019-10-23 22:40:04,492 [0cd5f69f-229b-4e24-9dce-31aad898d52d@group-91CED867EC48-LeaderElection90] INFO  impl.RoleInfo (RoleInfo.java:shutdownLeaderElection(134)) - 0cd5f69f-229b-4e24-9dce-31aad898d52d: shutdown LeaderElection
2019-10-23 22:40:04,493 [0cd5f69f-229b-4e24-9dce-31aad898d52d@group-91CED867EC48-LeaderElection90] INFO  impl.RoleInfo (RoleInfo.java:updateAndGet(143)) - 0cd5f69f-229b-4e24-9dce-31aad898d52d: start FollowerState
2019-10-23 22:40:04,494 [grpc-default-executor-6] INFO  impl.RaftServerImpl (RaftServerImpl.java:setRole(184)) - 0cd5f69f-229b-4e24-9dce-31aad898d52d@group-D44E3B3540EA: changes role from  FOLLOWER to FOLLOWER at term 27 for recognizeCandidate:15de30e0-32e7-4789-867b-8c05fd0bfca2
2019-10-23 22:40:04,494 [grpc-default-executor-5] INFO  impl.RaftServerImpl (RaftServerImpl.java:setRole(184)) - 2f4845be-2264-4a1a-8a27-f958336e1da9@group-D44E3B3540EA: changes role from  FOLLOWER to FOLLOWER at term 27 for recognizeCandidate:15de30e0-32e7-4789-867b-8c05fd0bfca2
2019-10-23 22:40:04,494 [grpc-default-executor-6] INFO  impl.RoleInfo (RoleInfo.java:shutdownFollowerState(121)) - 0cd5f69f-229b-4e24-9dce-31aad898d52d: shutdown FollowerState
2019-10-23 22:40:04,494 [grpc-default-executor-5] INFO  impl.RoleInfo (RoleInfo.java:shutdownFollowerState(121)) - 2f4845be-2264-4a1a-8a27-f958336e1da9: shutdown FollowerState
2019-10-23 22:40:04,495 [Thread-1135] INFO  impl.FollowerState (FollowerState.java:run(117)) - 0cd5f69f-229b-4e24-9dce-31aad898d52d@group-D44E3B3540EA-FollowerState was interrupted: java.lang.InterruptedException: sleep interrupted
2019-10-23 22:40:04,494 [grpc-default-executor-6] INFO  impl.RoleInfo (RoleInfo.java:updateAndGet(143)) - 0cd5f69f-229b-4e24-9dce-31aad898d52d: start FollowerState
2019-10-23 22:40:04,495 [Thread-1136] INFO  impl.FollowerState (FollowerState.java:run(117)) - 2f4845be-2264-4a1a-8a27-f958336e1da9@group-D44E3B3540EA-FollowerState was interrupted: java.lang.InterruptedException: sleep interrupted
2019-10-23 22:40:04,495 [grpc-default-executor-5] INFO  impl.RoleInfo (RoleInfo.java:updateAndGet(143)) - 2f4845be-2264-4a1a-8a27-f958336e1da9: start FollowerState
2019-10-23 22:40:04,510 [15de30e0-32e7-4789-867b-8c05fd0bfca2@group-D44E3B3540EA-LeaderElection91] INFO  impl.LeaderElection (LeaderElection.java:logAndReturn(56)) - 15de30e0-32e7-4789-867b-8c05fd0bfca2@group-D44E3B3540EA-LeaderElection91: Election REJECTED; received 2 response(s) [15de30e0-32e7-4789-867b-8c05fd0bfca2<-0cd5f69f-229b-4e24-9dce-31aad898d52d#0:FAIL-t27, 15de30e0-32e7-4789-867b-8c05fd0bfca2<-2f4845be-2264-4a1a-8a27-f958336e1da9#0:FAIL-t27] and 0 exception(s); 15de30e0-32e7-4789-867b-8c05fd0bfca2@group-D44E3B3540EA:t27, leader=null, voted=15de30e0-32e7-4789-867b-8c05fd0bfca2, raftlog=15de30e0-32e7-4789-867b-8c05fd0bfca2@group-D44E3B3540EA-SegmentedRaftLog:OPENED:c-1,f-1,i0, conf=-1: [0cd5f69f-229b-4e24-9dce-31aad898d52d:192.168.157.195:33132, 15de30e0-32e7-4789-867b-8c05fd0bfca2:192.168.157.195:43624, 2f4845be-2264-4a1a-8a27-f958336e1da9:192.168.157.195:36753], old=null
2019-10-23 22:40:04,510 [15de30e0-32e7-4789-867b-8c05fd0bfca2@group-D44E3B3540EA-LeaderElection91] INFO  impl.RaftServerImpl (RaftServerImpl.java:setRole(184)) - 15de30e0-32e7-4789-867b-8c05fd0bfca2@group-D44E3B3540EA: changes role from CANDIDATE to FOLLOWER at term 27 for DISCOVERED_A_NEW_TERM
2019-10-23 22:40:04,510 [15de30e0-32e7-4789-867b-8c05fd0bfca2@group-D44E3B3540EA-LeaderElection91] INFO  impl.RoleInfo (RoleInfo.java:shutdownLeaderElection(134)) - 15de30e0-32e7-4789-867b-8c05fd0bfca2: shutdown LeaderElection
2019-10-23 22:40:04,510 [15de30e0-32e7-4789-867b-8c05fd0bfca2@group-D44E3B3540EA-LeaderElection91] INFO  impl.RoleInfo (RoleInfo.java:updateAndGet(143)) - 15de30e0-32e7-4789-867b-8c05fd0bfca2: start FollowerState
2019-10-23 22:40:04,540 [Thread-1152] INFO  impl.FollowerState (FollowerState.java:run(108)) - 0cd5f69f-229b-4e24-9dce-31aad898d52d@group-91CED867EC48-FollowerState: change to CANDIDATE, lastRpcTime:47ms, electionTimeout:47ms
2019-10-23 22:40:04,540 [Thread-1152] INFO  impl.RoleInfo (RoleInfo.java:shutdownFollowerState(121)) - 0cd5f69f-229b-4e24-9dce-31aad898d52d: shutdown FollowerState
2019-10-23 22:40:04,540 [Thread-1152] INFO  impl.RaftServerImpl (RaftServerImpl.java:setRole(184)) - 0cd5f69f-229b-4e24-9dce-31aad898d52d@group-91CED867EC48: changes role from  FOLLOWER to CANDIDATE at term 65 for changeToCandidate
2019-10-23 22:40:04,541 [Thread-1152] INFO  impl.RoleInfo (RoleInfo.java:updateAndGet(143)) - 0cd5f69f-229b-4e24-9dce-31aad898d52d: start LeaderElection
2019-10-23 22:40:04,555 [0cd5f69f-229b-4e24-9dce-31aad898d52d@group-91CED867EC48-LeaderElection92] INFO  impl.LeaderElection (LeaderElection.java:askForVotes(178)) - 0cd5f69f-229b-4e24-9dce-31aad898d52d@group-91CED867EC48-LeaderElection92: begin an election at term 66 for 0: [0cd5f69f-229b-4e24-9dce-31aad898d52d:192.168.157.195:33132, 15de30e0-32e7-4789-867b-8c05fd0bfca2:192.168.157.195:43624, 2f4845be-2264-4a1a-8a27-f958336e1da9:192.168.157.195:36753], old=null
2019-10-23 22:40:04,558 [grpc-default-executor-5] INFO  impl.RaftServerImpl (RaftServerImpl.java:setRole(184)) - 15de30e0-32e7-4789-867b-8c05fd0bfca2@group-91CED867EC48: changes role from  FOLLOWER to FOLLOWER at term 66 for recognizeCandidate:0cd5f69f-229b-4e24-9dce-31aad898d52d
2019-10-23 22:40:04,558 [grpc-default-executor-6] INFO  impl.RaftServerImpl (RaftServerImpl.java:setRole(184)) - 2f4845be-2264-4a1a-8a27-f958336e1da9@group-91CED867EC48: changes role from  FOLLOWER to FOLLOWER at term 66 for recognizeCandidate:0cd5f69f-229b-4e24-9dce-31aad898d52d
2019-10-23 22:40:04,558 [grpc-default-executor-5] INFO  impl.RoleInfo (RoleInfo.java:shutdownFollowerState(121)) - 15de30e0-32e7-4789-867b-8c05fd0bfca2: shutdown FollowerState
2019-10-23 22:40:04,559 [grpc-default-executor-6] INFO  impl.RoleInfo (RoleInfo.java:shutdownFollowerState(121)) - 2f4845be-2264-4a1a-8a27-f958336e1da9: shutdown FollowerState
2019-10-23 22:40:04,559 [Thread-1148] INFO  impl.FollowerState (FollowerState.java:run(117)) - 15de30e0-32e7-4789-867b-8c05fd0bfca2@group-91CED867EC48-FollowerState was interrupted: java.lang.InterruptedException: sleep interrupted
2019-10-23 22:40:04,559 [grpc-default-executor-5] INFO  impl.RoleInfo (RoleInfo.java:updateAndGet(143)) - 15de30e0-32e7-4789-867b-8c05fd0bfca2: start FollowerState
2019-10-23 22:40:04,559 [Thread-1147] INFO  impl.FollowerState (FollowerState.java:run(117)) - 2f4845be-2264-4a1a-8a27-f958336e1da9@group-91CED867EC48-FollowerState was interrupted: java.lang.InterruptedException: sleep interrupted
2019-10-23 22:40:04,559 [grpc-default-executor-6] INFO  impl.RoleInfo (RoleInfo.java:updateAndGet(143)) - 2f4845be-2264-4a1a-8a27-f958336e1da9: start FollowerState
2019-10-23 22:40:04,568 [Thread-1155] INFO  impl.FollowerState (FollowerState.java:run(108)) - 15de30e0-32e7-4789-867b-8c05fd0bfca2@group-D44E3B3540EA-FollowerState: change to CANDIDATE, lastRpcTime:57ms, electionTimeout:57ms
2019-10-23 22:40:04,568 [Thread-1155] INFO  impl.RoleInfo (RoleInfo.java:shutdownFollowerState(121)) - 15de30e0-32e7-4789-867b-8c05fd0bfca2: shutdown FollowerState
2019-10-23 22:40:04,568 [Thread-1155] INFO  impl.RaftServerImpl (RaftServerImpl.java:setRole(184)) - 15de30e0-32e7-4789-867b-8c05fd0bfca2@group-D44E3B3540EA: changes role from  FOLLOWER to CANDIDATE at term 27 for changeToCandidate
2019-10-23 22:40:04,568 [Thread-1155] INFO  impl.RoleInfo (RoleInfo.java:updateAndGet(143)) - 15de30e0-32e7-4789-867b-8c05fd0bfca2: start LeaderElection
2019-10-23 22:40:04,574 [15de30e0-32e7-4789-867b-8c05fd0bfca2@group-D44E3B3540EA-LeaderElection93] INFO  impl.LeaderElection (LeaderElection.java:askForVotes(178)) - 15de30e0-32e7-4789-867b-8c05fd0bfca2@group-D44E3B3540EA-LeaderElection93: begin an election at term 28 for -1: [0cd5f69f-229b-4e24-9dce-31aad898d52d:192.168.157.195:33132, 15de30e0-32e7-4789-867b-8c05fd0bfca2:192.168.157.195:43624, 2f4845be-2264-4a1a-8a27-f958336e1da9:192.168.157.195:36753], old=null
2019-10-23 22:40:04,575 [0cd5f69f-229b-4e24-9dce-31aad898d52d@group-91CED867EC48-LeaderElection92] INFO  impl.LeaderElection (LeaderElection.java:logAndReturn(56)) - 0cd5f69f-229b-4e24-9dce-31aad898d52d@group-91CED867EC48-LeaderElection92: Election REJECTED; received 2 response(s) [0cd5f69f-229b-4e24-9dce-31aad898d52d<-15de30e0-32e7-4789-867b-8c05fd0bfca2#0:FAIL-t66, 0cd5f69f-229b-4e24-9dce-31aad898d52d<-2f4845be-2264-4a1a-8a27-f958336e1da9#0:FAIL-t66] and 0 exception(s); 0cd5f69f-229b-4e24-9dce-31aad898d52d@group-91CED867EC48:t66, leader=null, voted=0cd5f69f-229b-4e24-9dce-31aad898d52d, raftlog=0cd5f69f-229b-4e24-9dce-31aad898d52d@group-91CED867EC48-SegmentedRaftLog:OPENED:c3,f4,i4, conf=0: [0cd5f69f-229b-4e24-9dce-31aad898d52d:192.168.157.195:33132, 15de30e0-32e7-4789-867b-8c05fd0bfca2:192.168.157.195:43624, 2f4845be-2264-4a1a-8a27-f958336e1da9:192.168.157.195:36753], old=null
2019-10-23 22:40:04,575 [0cd5f69f-229b-4e24-9dce-31aad898d52d@group-91CED867EC48-LeaderElection92] INFO  impl.RaftServerImpl (RaftServerImpl.java:setRole(184)) - 0cd5f69f-229b-4e24-9dce-31aad898d52d@group-91CED867EC48: changes role from CANDIDATE to FOLLOWER at term 66 for DISCOVERED_A_NEW_TERM
2019-10-23 22:40:04,575 [0cd5f69f-229b-4e24-9dce-31aad898d52d@group-91CED867EC48-LeaderElection92] INFO  impl.RoleInfo (RoleInfo.java:shutdownLeaderElection(134)) - 0cd5f69f-229b-4e24-9dce-31aad898d52d: shutdown LeaderElection
2019-10-23 22:40:04,575 [0cd5f69f-229b-4e24-9dce-31aad898d52d@group-91CED867EC48-LeaderElection92] INFO  impl.RoleInfo (RoleInfo.java:updateAndGet(143)) - 0cd5f69f-229b-4e24-9dce-31aad898d52d: start FollowerState
2019-10-23 22:40:04,576 [grpc-default-executor-6] INFO  impl.RaftServerImpl (RaftServerImpl.java:setRole(184)) - 0cd5f69f-229b-4e24-9dce-31aad898d52d@group-D44E3B3540EA: changes role from  FOLLOWER to FOLLOWER at term 28 for recognizeCandidate:15de30e0-32e7-4789-867b-8c05fd0bfca2
2019-10-23 22:40:04,576 [grpc-default-executor-6] INFO  impl.RoleInfo (RoleInfo.java:shutdownFollowerState(121)) - 0cd5f69f-229b-4e24-9dce-31aad898d52d: shutdown FollowerState
2019-10-23 22:40:04,576 [grpc-default-executor-5] INFO  impl.RaftServerImpl (RaftServerImpl.java:setRole(184)) - 2f4845be-2264-4a1a-8a27-f958336e1da9@group-D44E3B3540EA: changes role from  FOLLOWER to FOLLOWER at term 28 for recognizeCandidate:15de30e0-32e7-4789-867b-8c05fd0bfca2
2019-10-23 22:40:04,576 [grpc-default-executor-6] INFO  impl.RoleInfo (RoleInfo.java:updateAndGet(143)) - 0cd5f69f-229b-4e24-9dce-31aad898d52d: start FollowerState
2019-10-23 22:40:04,576 [Thread-1153] INFO  impl.FollowerState (FollowerState.java:run(117)) - 0cd5f69f-229b-4e24-9dce-31aad898d52d@group-D44E3B3540EA-FollowerState was interrupted: java.lang.InterruptedException: sleep interrupted
2019-10-23 22:40:04,576 [grpc-default-executor-5] INFO  impl.RoleInfo (RoleInfo.java:shutdownFollowerState(121)) - 2f4845be-2264-4a1a-8a27-f958336e1da9: shutdown FollowerState
2019-10-23 22:40:04,577 [grpc-default-executor-5] INFO  impl.RoleInfo (RoleInfo.java:updateAndGet(143)) - 2f4845be-2264-4a1a-8a27-f958336e1da9: start FollowerState
2019-10-23 22:40:04,577 [Thread-1154] INFO  impl.FollowerState (FollowerState.java:run(117)) - 2f4845be-2264-4a1a-8a27-f958336e1da9@group-D44E3B3540EA-FollowerState was interrupted: java.lang.InterruptedException: sleep interrupted
2019-10-23 22:40:04,591 [15de30e0-32e7-4789-867b-8c05fd0bfca2@group-D44E3B3540EA-LeaderElection93] INFO  impl.LeaderElection (LeaderElection.java:logAndReturn(56)) - 15de30e0-32e7-4789-867b-8c05fd0bfca2@group-D44E3B3540EA-LeaderElection93: Election REJECTED; received 2 response(s) [15de30e0-32e7-4789-867b-8c05fd0bfca2<-0cd5f69f-229b-4e24-9dce-31aad898d52d#0:FAIL-t28, 15de30e0-32e7-4789-867b-8c05fd0bfca2<-2f4845be-2264-4a1a-8a27-f958336e1da9#0:FAIL-t28] and 0 exception(s); 15de30e0-32e7-4789-867b-8c05fd0bfca2@group-D44E3B3540EA:t28, leader=null, voted=15de30e0-32e7-4789-867b-8c05fd0bfca2, raftlog=15de30e0-32e7-4789-867b-8c05fd0bfca2@group-D44E3B3540EA-SegmentedRaftLog:OPENED:c-1,f-1,i0, conf=-1: [0cd5f69f-229b-4e24-9dce-31aad898d52d:192.168.157.195:33132, 15de30e0-32e7-4789-867b-8c05fd0bfca2:192.168.157.195:43624, 2f4845be-2264-4a1a-8a27-f958336e1da9:192.168.157.195:36753], old=null
2019-10-23 22:40:04,591 [15de30e0-32e7-4789-867b-8c05fd0bfca2@group-D44E3B3540EA-LeaderElection93] INFO  impl.RaftServerImpl (RaftServerImpl.java:setRole(184)) - 15de30e0-32e7-4789-867b-8c05fd0bfca2@group-D44E3B3540EA: changes role from CANDIDATE to FOLLOWER at term 28 for DISCOVERED_A_NEW_TERM
2019-10-23 22:40:04,591 [15de30e0-32e7-4789-867b-8c05fd0bfca2@group-D44E3B3540EA-LeaderElection93] INFO  impl.RoleInfo (RoleInfo.java:shutdownLeaderElection(134)) - 15de30e0-32e7-4789-867b-8c05fd0bfca2: shutdown LeaderElection
2019-10-23 22:40:04,592 [15de30e0-32e7-4789-867b-8c05fd0bfca2@group-D44E3B3540EA-LeaderElection93] INFO  impl.RoleInfo (RoleInfo.java:updateAndGet(143)) - 15de30e0-32e7-4789-867b-8c05fd0bfca2: start FollowerState
2019-10-23 22:40:04,636 [Thread-1167] INFO  impl.FollowerState (FollowerState.java:run(108)) - 15de30e0-32e7-4789-867b-8c05fd0bfca2@group-D44E3B3540EA-FollowerState: change to CANDIDATE, lastRpcTime:44ms, electionTimeout:44ms
2019-10-23 22:40:04,636 [Thread-1167] INFO  impl.RoleInfo (RoleInfo.java:shutdownFollowerState(121)) - 15de30e0-32e7-4789-867b-8c05fd0bfca2: shutdown FollowerState
2019-10-23 22:40:04,636 [Thread-1167] INFO  impl.RaftServerImpl (RaftServerImpl.java:setRole(184)) - 15de30e0-32e7-4789-867b-8c05fd0bfca2@group-D44E3B3540EA: changes role from  FOLLOWER to CANDIDATE at term 28 for changeToCandidate
2019-10-23 22:40:04,636 [Thread-1167] INFO  impl.RoleInfo (RoleInfo.java:updateAndGet(143)) - 15de30e0-32e7-4789-867b-8c05fd0bfca2: start LeaderElection
2019-10-23 22:40:04,650 [15de30e0-32e7-4789-867b-8c05fd0bfca2@group-D44E3B3540EA-LeaderElection94] INFO  impl.LeaderElection (LeaderElection.java:askForVotes(178)) - 15de30e0-32e7-4789-867b-8c05fd0bfca2@group-D44E3B3540EA-LeaderElection94: begin an election at term 29 for -1: [0cd5f69f-229b-4e24-9dce-31aad898d52d:192.168.157.195:33132, 15de30e0-32e7-4789-867b-8c05fd0bfca2:192.168.157.195:43624, 2f4845be-2264-4a1a-8a27-f958336e1da9:192.168.157.195:36753], old=null
2019-10-23 22:40:04,652 [grpc-default-executor-5] INFO  impl.RaftServerImpl (RaftServerImpl.java:setRole(184)) - 0cd5f69f-229b-4e24-9dce-31aad898d52d@group-D44E3B3540EA: changes role from  FOLLOWER to FOLLOWER at term 29 for recognizeCandidate:15de30e0-32e7-4789-867b-8c05fd0bfca2
2019-10-23 22:40:04,652 [grpc-default-executor-6] INFO  impl.RaftServerImpl (RaftServerImpl.java:setRole(184)) - 2f4845be-2264-4a1a-8a27-f958336e1da9@group-D44E3B3540EA: changes role from  FOLLOWER to FOLLOWER at term 29 for recognizeCandidate:15de30e0-32e7-4789-867b-8c05fd0bfca2
2019-10-23 22:40:04,652 [grpc-default-executor-5] INFO  impl.RoleInfo (RoleInfo.java:shutdownFollowerState(121)) - 0cd5f69f-229b-4e24-9dce-31aad898d52d: shutdown FollowerState
2019-10-23 22:40:04,653 [grpc-default-executor-6] INFO  impl.RoleInfo (RoleInfo.java:shutdownFollowerState(121)) - 2f4845be-2264-4a1a-8a27-f958336e1da9: shutdown FollowerState
2019-10-23 22:40:04,653 [Thread-1165] INFO  impl.FollowerState (FollowerState.java:run(117)) - 0cd5f69f-229b-4e24-9dce-31aad898d52d@group-D44E3B3540EA-FollowerState was interrupted: java.lang.InterruptedException: sleep interrupted
2019-10-23 22:40:04,653 [grpc-default-executor-5] INFO  impl.RoleInfo (RoleInfo.java:updateAndGet(143)) - 0cd5f69f-229b-4e24-9dce-31aad898d52d: start FollowerState
2019-10-23 22:40:04,653 [Thread-1166] INFO  impl.FollowerState (FollowerState.java:run(117)) - 2f4845be-2264-4a1a-8a27-f958336e1da9@group-D44E3B3540EA-FollowerState was interrupted: java.lang.InterruptedException: sleep interrupted
2019-10-23 22:40:04,653 [grpc-default-executor-6] INFO  impl.RoleInfo (RoleInfo.java:updateAndGet(143)) - 2f4845be-2264-4a1a-8a27-f958336e1da9: start FollowerState
2019-10-23 22:40:04,670 [15de30e0-32e7-4789-867b-8c05fd0bfca2@group-D44E3B3540EA-LeaderElection94] INFO  impl.LeaderElection (LeaderElection.java:logAndReturn(56)) - 15de30e0-32e7-4789-867b-8c05fd0bfca2@group-D44E3B3540EA-LeaderElection94: Election TIMEOUT; received 0 response(s) [] and 0 exception(s); 15de30e0-32e7-4789-867b-8c05fd0bfca2@group-D44E3B3540EA:t29, leader=null, voted=15de30e0-32e7-4789-867b-8c05fd0bfca2, raftlog=15de30e0-32e7-4789-867b-8c05fd0bfca2@group-D44E3B3540EA-SegmentedRaftLog:OPENED:c-1,f-1,i0, conf=-1: [0cd5f69f-229b-4e24-9dce-31aad898d52d:192.168.157.195:33132, 15de30e0-32e7-4789-867b-8c05fd0bfca2:192.168.157.195:43624, 2f4845be-2264-4a1a-8a27-f958336e1da9:192.168.157.195:36753], old=null
2019-10-23 22:40:04,674 [15de30e0-32e7-4789-867b-8c05fd0bfca2@group-D44E3B3540EA-LeaderElection94] INFO  impl.LeaderElection (LeaderElection.java:askForVotes(178)) - 15de30e0-32e7-4789-867b-8c05fd0bfca2@group-D44E3B3540EA-LeaderElection94: begin an election at term 30 for -1: [0cd5f69f-229b-4e24-9dce-31aad898d52d:192.168.157.195:33132, 15de30e0-32e7-4789-867b-8c05fd0bfca2:192.168.157.195:43624, 2f4845be-2264-4a1a-8a27-f958336e1da9:192.168.157.195:36753], old=null
2019-10-23 22:40:04,676 [grpc-default-executor-6] INFO  impl.RaftServerImpl (RaftServerImpl.java:setRole(184)) - 0cd5f69f-229b-4e24-9dce-31aad898d52d@group-D44E3B3540EA: changes role from  FOLLOWER to FOLLOWER at term 30 for recognizeCandidate:15de30e0-32e7-4789-867b-8c05fd0bfca2
2019-10-23 22:40:04,676 [grpc-default-executor-5] INFO  impl.RaftServerImpl (RaftServerImpl.java:setRole(184)) - 2f4845be-2264-4a1a-8a27-f958336e1da9@group-D44E3B3540EA: changes role from  FOLLOWER to FOLLOWER at term 30 for recognizeCandidate:15de30e0-32e7-4789-867b-8c05fd0bfca2
2019-10-23 22:40:04,676 [grpc-default-executor-6] INFO  impl.RoleInfo (RoleInfo.java:shutdownFollowerState(121)) - 0cd5f69f-229b-4e24-9dce-31aad898d52d: shutdown FollowerState
2019-10-23 22:40:04,677 [grpc-default-executor-5] INFO  impl.RoleInfo (RoleInfo.java:shutdownFollowerState(121)) - 2f4845be-2264-4a1a-8a27-f958336e1da9: shutdown FollowerState
2019-10-23 22:40:04,677 [Thread-1171] INFO  impl.FollowerState (FollowerState.java:run(117)) - 0cd5f69f-229b-4e24-9dce-31aad898d52d@group-D44E3B3540EA-FollowerState was interrupted: java.lang.InterruptedException: sleep interrupted
2019-10-23 22:40:04,677 [grpc-default-executor-6] INFO  impl.RoleInfo (RoleInfo.java:updateAndGet(143)) - 0cd5f69f-229b-4e24-9dce-31aad898d52d: start FollowerState
2019-10-23 22:40:04,677 [grpc-default-executor-5] INFO  impl.RoleInfo (RoleInfo.java:updateAndGet(143)) - 2f4845be-2264-4a1a-8a27-f958336e1da9: start FollowerState
2019-10-23 22:40:04,677 [Thread-1172] INFO  impl.FollowerState (FollowerState.java:run(117)) - 2f4845be-2264-4a1a-8a27-f958336e1da9@group-D44E3B3540EA-FollowerState was interrupted: java.lang.InterruptedException: sleep interrupted
2019-10-23 22:40:04,692 [15de30e0-32e7-4789-867b-8c05fd0bfca2@group-D44E3B3540EA-LeaderElection94] INFO  impl.LeaderElection (LeaderElection.java:logAndReturn(56)) - 15de30e0-32e7-4789-867b-8c05fd0bfca2@group-D44E3B3540EA-LeaderElection94: Election REJECTED; received 2 response(s) [15de30e0-32e7-4789-867b-8c05fd0bfca2<-0cd5f69f-229b-4e24-9dce-31aad898d52d#0:FAIL-t30, 15de30e0-32e7-4789-867b-8c05fd0bfca2<-2f4845be-2264-4a1a-8a27-f958336e1da9#0:FAIL-t30] and 0 exception(s); 15de30e0-32e7-4789-867b-8c05fd0bfca2@group-D44E3B3540EA:t30, leader=null, voted=15de30e0-32e7-4789-867b-8c05fd0bfca2, raftlog=15de30e0-32e7-4789-867b-8c05fd0bfca2@group-D44E3B3540EA-SegmentedRaftLog:OPENED:c-1,f-1,i0, conf=-1: [0cd5f69f-229b-4e24-9dce-31aad898d52d:192.168.157.195:33132, 15de30e0-32e7-4789-867b-8c05fd0bfca2:192.168.157.195:43624, 2f4845be-2264-4a1a-8a27-f958336e1da9:192.168.157.195:36753], old=null
2019-10-23 22:40:04,692 [15de30e0-32e7-4789-867b-8c05fd0bfca2@group-D44E3B3540EA-LeaderElection94] INFO  impl.RaftServerImpl (RaftServerImpl.java:setRole(184)) - 15de30e0-32e7-4789-867b-8c05fd0bfca2@group-D44E3B3540EA: changes role from CANDIDATE to FOLLOWER at term 30 for DISCOVERED_A_NEW_TERM
2019-10-23 22:40:04,692 [15de30e0-32e7-4789-867b-8c05fd0bfca2@group-D44E3B3540EA-LeaderElection94] INFO  impl.RoleInfo (RoleInfo.java:shutdownLeaderElection(134)) - 15de30e0-32e7-4789-867b-8c05fd0bfca2: shutdown LeaderElection
2019-10-23 22:40:04,693 [15de30e0-32e7-4789-867b-8c05fd0bfca2@group-D44E3B3540EA-LeaderElection94] INFO  impl.RoleInfo (RoleInfo.java:updateAndGet(143)) - 15de30e0-32e7-4789-867b-8c05fd0bfca2: start FollowerState
2019-10-23 22:40:04,708 [Thread-1164] INFO  impl.FollowerState (FollowerState.java:run(108)) - 0cd5f69f-229b-4e24-9dce-31aad898d52d@group-91CED867EC48-FollowerState: change to CANDIDATE, lastRpcTime:132ms, electionTimeout:132ms
2019-10-23 22:40:04,708 [Thread-1164] INFO  impl.RoleInfo (RoleInfo.java:shutdownFollowerState(121)) - 0cd5f69f-229b-4e24-9dce-31aad898d52d: shutdown FollowerState
2019-10-23 22:40:04,708 [Thread-1164] INFO  impl.RaftServerImpl (RaftServerImpl.java:setRole(184)) - 0cd5f69f-229b-4e24-9dce-31aad898d52d@group-91CED867EC48: changes role from  FOLLOWER to CANDIDATE at term 66 for changeToCandidate
2019-10-23 22:40:04,708 [Thread-1164] INFO  impl.RoleInfo (RoleInfo.java:updateAndGet(143)) - 0cd5f69f-229b-4e24-9dce-31aad898d52d: start LeaderElection
2019-10-23 22:40:04,722 [0cd5f69f-229b-4e24-9dce-31aad898d52d@group-91CED867EC48-LeaderElection95] INFO  impl.LeaderElection (LeaderElection.java:askForVotes(178)) - 0cd5f69f-229b-4e24-9dce-31aad898d52d@group-91CED867EC48-LeaderElection95: begin an election at term 67 for 0: [0cd5f69f-229b-4e24-9dce-31aad898d52d:192.168.157.195:33132, 15de30e0-32e7-4789-867b-8c05fd0bfca2:192.168.157.195:43624, 2f4845be-2264-4a1a-8a27-f958336e1da9:192.168.157.195:36753], old=null
2019-10-23 22:40:04,724 [grpc-default-executor-6] INFO  impl.RaftServerImpl (RaftServerImpl.java:setRole(184)) - 2f4845be-2264-4a1a-8a27-f958336e1da9@group-91CED867EC48: changes role from  FOLLOWER to FOLLOWER at term 67 for recognizeCandidate:0cd5f69f-229b-4e24-9dce-31aad898d52d
2019-10-23 22:40:04,725 [grpc-default-executor-5] INFO  impl.RaftServerImpl (RaftServerImpl.java:setRole(184)) - 15de30e0-32e7-4789-867b-8c05fd0bfca2@group-91CED867EC48: changes role from  FOLLOWER to FOLLOWER at term 67 for recognizeCandidate:0cd5f69f-229b-4e24-9dce-31aad898d52d
2019-10-23 22:40:04,725 [grpc-default-executor-6] INFO  impl.RoleInfo (RoleInfo.java:shutdownFollowerState(121)) - 2f4845be-2264-4a1a-8a27-f958336e1da9: shutdown FollowerState
2019-10-23 22:40:04,725 [grpc-default-executor-5] INFO  impl.RoleInfo (RoleInfo.java:shutdownFollowerState(121)) - 15de30e0-32e7-4789-867b-8c05fd0bfca2: shutdown FollowerState
2019-10-23 22:40:04,725 [Thread-1160] INFO  impl.FollowerState (FollowerState.java:run(117)) - 2f4845be-2264-4a1a-8a27-f958336e1da9@group-91CED867EC48-FollowerState was interrupted: java.lang.InterruptedException: sleep interrupted
2019-10-23 22:40:04,725 [grpc-default-executor-6] INFO  impl.RoleInfo (RoleInfo.java:updateAndGet(143)) - 2f4845be-2264-4a1a-8a27-f958336e1da9: start FollowerState
2019-10-23 22:40:04,725 [Thread-1159] INFO  impl.FollowerState (FollowerState.java:run(117)) - 15de30e0-32e7-4789-867b-8c05fd0bfca2@group-91CED867EC48-FollowerState was interrupted: java.lang.InterruptedException: sleep interrupted
2019-10-23 22:40:04,725 [grpc-default-executor-5] INFO  impl.RoleInfo (RoleInfo.java:updateAndGet(143)) - 15de30e0-32e7-4789-867b-8c05fd0bfca2: start FollowerState
2019-10-23 22:40:04,740 [0cd5f69f-229b-4e24-9dce-31aad898d52d@group-91CED867EC48-LeaderElection95] INFO  impl.LeaderElection (LeaderElection.java:logAndReturn(56)) - 0cd5f69f-229b-4e24-9dce-31aad898d52d@group-91CED867EC48-LeaderElection95: Election REJECTED; received 2 response(s) [0cd5f69f-229b-4e24-9dce-31aad898d52d<-15de30e0-32e7-4789-867b-8c05fd0bfca2#0:FAIL-t67, 0cd5f69f-229b-4e24-9dce-31aad898d52d<-2f4845be-2264-4a1a-8a27-f958336e1da9#0:FAIL-t67] and 0 exception(s); 0cd5f69f-229b-4e24-9dce-31aad898d52d@group-91CED867EC48:t67, leader=null, voted=0cd5f69f-229b-4e24-9dce-31aad898d52d, raftlog=0cd5f69f-229b-4e24-9dce-31aad898d52d@group-91CED867EC48-SegmentedRaftLog:OPENED:c3,f4,i4, conf=0: [0cd5f69f-229b-4e24-9dce-31aad898d52d:192.168.157.195:33132, 15de30e0-32e7-4789-867b-8c05fd0bfca2:192.168.157.195:43624, 2f4845be-2264-4a1a-8a27-f958336e1da9:192.168.157.195:36753], old=null
2019-10-23 22:40:04,740 [0cd5f69f-229b-4e24-9dce-31aad898d52d@group-91CED867EC48-LeaderElection95] INFO  impl.RaftServerImpl (RaftServerImpl.java:setRole(184)) - 0cd5f69f-229b-4e24-9dce-31aad898d52d@group-91CED867EC48: changes role from CANDIDATE to FOLLOWER at term 67 for DISCOVERED_A_NEW_TERM
2019-10-23 22:40:04,740 [0cd5f69f-229b-4e24-9dce-31aad898d52d@group-91CED867EC48-LeaderElection95] INFO  impl.RoleInfo (RoleInfo.java:shutdownLeaderElection(134)) - 0cd5f69f-229b-4e24-9dce-31aad898d52d: shutdown LeaderElection
2019-10-23 22:40:04,740 [0cd5f69f-229b-4e24-9dce-31aad898d52d@group-91CED867EC48-LeaderElection95] INFO  impl.RoleInfo (RoleInfo.java:updateAndGet(143)) - 0cd5f69f-229b-4e24-9dce-31aad898d52d: start FollowerState
2019-10-23 22:40:04,752 [Thread-1177] INFO  impl.FollowerState (FollowerState.java:run(108)) - 15de30e0-32e7-4789-867b-8c05fd0bfca2@group-D44E3B3540EA-FollowerState: change to CANDIDATE, lastRpcTime:59ms, electionTimeout:59ms
2019-10-23 22:40:04,752 [Thread-1177] INFO  impl.RoleInfo (RoleInfo.java:shutdownFollowerState(121)) - 15de30e0-32e7-4789-867b-8c05fd0bfca2: shutdown FollowerState
2019-10-23 22:40:04,752 [Thread-1177] INFO  impl.RaftServerImpl (RaftServerImpl.java:setRole(184)) - 15de30e0-32e7-4789-867b-8c05fd0bfca2@group-D44E3B3540EA: changes role from  FOLLOWER to CANDIDATE at term 30 for changeToCandidate
2019-10-23 22:40:04,752 [Thread-1177] INFO  impl.RoleInfo (RoleInfo.java:updateAndGet(143)) - 15de30e0-32e7-4789-867b-8c05fd0bfca2: start LeaderElection
2019-10-23 22:40:04,765 [15de30e0-32e7-4789-867b-8c05fd0bfca2@group-D44E3B3540EA-LeaderElection96] INFO  impl.LeaderElection (LeaderElection.java:askForVotes(178)) - 15de30e0-32e7-4789-867b-8c05fd0bfca2@group-D44E3B3540EA-LeaderElection96: begin an election at term 31 for -1: [0cd5f69f-229b-4e24-9dce-31aad898d52d:192.168.157.195:33132, 15de30e0-32e7-4789-867b-8c05fd0bfca2:192.168.157.195:43624, 2f4845be-2264-4a1a-8a27-f958336e1da9:192.168.157.195:36753], old=null
2019-10-23 22:40:04,768 [grpc-default-executor-5] INFO  impl.RaftServerImpl (RaftServerImpl.java:setRole(184)) - 0cd5f69f-229b-4e24-9dce-31aad898d52d@group-D44E3B3540EA: changes role from  FOLLOWER to FOLLOWER at term 31 for recognizeCandidate:15de30e0-32e7-4789-867b-8c05fd0bfca2
2019-10-23 22:40:04,768 [grpc-default-executor-6] INFO  impl.RaftServerImpl (RaftServerImpl.java:setRole(184)) - 2f4845be-2264-4a1a-8a27-f958336e1da9@group-D44E3B3540EA: changes role from  FOLLOWER to FOLLOWER at term 31 for recognizeCandidate:15de30e0-32e7-4789-867b-8c05fd0bfca2
2019-10-23 22:40:04,768 [grpc-default-executor-5] INFO  impl.RoleInfo (RoleInfo.java:shutdownFollowerState(121)) - 0cd5f69f-229b-4e24-9dce-31aad898d52d: shutdown FollowerState
2019-10-23 22:40:04,769 [grpc-default-executor-6] INFO  impl.RoleInfo (RoleInfo.java:shutdownFollowerState(121)) - 2f4845be-2264-4a1a-8a27-f958336e1da9: shutdown FollowerState
2019-10-23 22:40:04,769 [Thread-1175] INFO  impl.FollowerState (FollowerState.java:run(117)) - 0cd5f69f-229b-4e24-9dce-31aad898d52d@group-D44E3B3540EA-FollowerState was interrupted: java.lang.InterruptedException: sleep interrupted
2019-10-23 22:40:04,769 [grpc-default-executor-5] INFO  impl.RoleInfo (RoleInfo.java:updateAndGet(143)) - 0cd5f69f-229b-4e24-9dce-31aad898d52d: start FollowerState
2019-10-23 22:40:04,769 [Thread-1176] INFO  impl.FollowerState (FollowerState.java:run(117)) - 2f4845be-2264-4a1a-8a27-f958336e1da9@group-D44E3B3540EA-FollowerState was interrupted: java.lang.InterruptedException: sleep interrupted
2019-10-23 22:40:04,769 [grpc-default-executor-6] INFO  impl.RoleInfo (RoleInfo.java:updateAndGet(143)) - 2f4845be-2264-4a1a-8a27-f958336e1da9: start FollowerState
2019-10-23 22:40:04,784 [15de30e0-32e7-4789-867b-8c05fd0bfca2@group-D44E3B3540EA-LeaderElection96] INFO  impl.LeaderElection (LeaderElection.java:logAndReturn(56)) - 15de30e0-32e7-4789-867b-8c05fd0bfca2@group-D44E3B3540EA-LeaderElection96: Election REJECTED; received 2 response(s) [15de30e0-32e7-4789-867b-8c05fd0bfca2<-0cd5f69f-229b-4e24-9dce-31aad898d52d#0:FAIL-t31, 15de30e0-32e7-4789-867b-8c05fd0bfca2<-2f4845be-2264-4a1a-8a27-f958336e1da9#0:FAIL-t31] and 0 exception(s); 15de30e0-32e7-4789-867b-8c05fd0bfca2@group-D44E3B3540EA:t31, leader=null, voted=15de30e0-32e7-4789-867b-8c05fd0bfca2, raftlog=15de30e0-32e7-4789-867b-8c05fd0bfca2@group-D44E3B3540EA-SegmentedRaftLog:OPENED:c-1,f-1,i0, conf=-1: [0cd5f69f-229b-4e24-9dce-31aad898d52d:192.168.157.195:33132, 15de30e0-32e7-4789-867b-8c05fd0bfca2:192.168.157.195:43624, 2f4845be-2264-4a1a-8a27-f958336e1da9:192.168.157.195:36753], old=null
2019-10-23 22:40:04,784 [15de30e0-32e7-4789-867b-8c05fd0bfca2@group-D44E3B3540EA-LeaderElection96] INFO  impl.RaftServerImpl (RaftServerImpl.java:setRole(184)) - 15de30e0-32e7-4789-867b-8c05fd0bfca2@group-D44E3B3540EA: changes role from CANDIDATE to FOLLOWER at term 31 for DISCOVERED_A_NEW_TERM
2019-10-23 22:40:04,784 [15de30e0-32e7-4789-867b-8c05fd0bfca2@group-D44E3B3540EA-LeaderElection96] INFO  impl.RoleInfo (RoleInfo.java:shutdownLeaderElection(134)) - 15de30e0-32e7-4789-867b-8c05fd0bfca2: shutdown LeaderElection
2019-10-23 22:40:04,784 [15de30e0-32e7-4789-867b-8c05fd0bfca2@group-D44E3B3540EA-LeaderElection96] INFO  impl.RoleInfo (RoleInfo.java:updateAndGet(143)) - 15de30e0-32e7-4789-867b-8c05fd0bfca2: start FollowerState
2019-10-23 22:40:04,798 [Thread-1183] INFO  impl.FollowerState (FollowerState.java:run(108)) - 0cd5f69f-229b-4e24-9dce-31aad898d52d@group-91CED867EC48-FollowerState: change to CANDIDATE, lastRpcTime:57ms, electionTimeout:57ms
2019-10-23 22:40:04,798 [Thread-1183] INFO  impl.RoleInfo (RoleInfo.java:shutdownFollowerState(121)) - 0cd5f69f-229b-4e24-9dce-31aad898d52d: shutdown FollowerState
2019-10-23 22:40:04,798 [Thread-1183] INFO  impl.RaftServerImpl (RaftServerImpl.java:setRole(184)) - 0cd5f69f-229b-4e24-9dce-31aad898d52d@group-91CED867EC48: changes role from  FOLLOWER to CANDIDATE at term 67 for changeToCandidate
2019-10-23 22:40:04,799 [Thread-1183] INFO  impl.RoleInfo (RoleInfo.java:updateAndGet(143)) - 0cd5f69f-229b-4e24-9dce-31aad898d52d: start LeaderElection
2019-10-23 22:40:04,813 [0cd5f69f-229b-4e24-9dce-31aad898d52d@group-91CED867EC48-LeaderElection97] INFO  impl.LeaderElection (LeaderElection.java:askForVotes(178)) - 0cd5f69f-229b-4e24-9dce-31aad898d52d@group-91CED867EC48-LeaderElection97: begin an election at term 68 for 0: [0cd5f69f-229b-4e24-9dce-31aad898d52d:192.168.157.195:33132, 15de30e0-32e7-4789-867b-8c05fd0bfca2:192.168.157.195:43624, 2f4845be-2264-4a1a-8a27-f958336e1da9:192.168.157.195:36753], old=null
2019-10-23 22:40:04,816 [grpc-default-executor-6] INFO  impl.RaftServerImpl (RaftServerImpl.java:setRole(184)) - 15de30e0-32e7-4789-867b-8c05fd0bfca2@group-91CED867EC48: changes role from  FOLLOWER to FOLLOWER at term 68 for recognizeCandidate:0cd5f69f-229b-4e24-9dce-31aad898d52d
2019-10-23 22:40:04,816 [grpc-default-executor-5] INFO  impl.RaftServerImpl (RaftServerImpl.java:setRole(184)) - 2f4845be-2264-4a1a-8a27-f958336e1da9@group-91CED867EC48: changes role from  FOLLOWER to FOLLOWER at term 68 for recognizeCandidate:0cd5f69f-229b-4e24-9dce-31aad898d52d
2019-10-23 22:40:04,816 [grpc-default-executor-6] INFO  impl.RoleInfo (RoleInfo.java:shutdownFollowerState(121)) - 15de30e0-32e7-4789-867b-8c05fd0bfca2: shutdown FollowerState
2019-10-23 22:40:04,817 [grpc-default-executor-5] INFO  impl.RoleInfo (RoleInfo.java:shutdownFollowerState(121)) - 2f4845be-2264-4a1a-8a27-f958336e1da9: shutdown FollowerState
2019-10-23 22:40:04,817 [Thread-1182] INFO  impl.FollowerState (FollowerState.java:run(117)) - 15de30e0-32e7-4789-867b-8c05fd0bfca2@group-91CED867EC48-FollowerState was interrupted: java.lang.InterruptedException: sleep interrupted
2019-10-23 22:40:04,817 [grpc-default-executor-6] INFO  impl.RoleInfo (RoleInfo.java:updateAndGet(143)) - 15de30e0-32e7-4789-867b-8c05fd0bfca2: start FollowerState
2019-10-23 22:40:04,817 [grpc-default-executor-5] INFO  impl.RoleInfo (RoleInfo.java:updateAndGet(143)) - 2f4845be-2264-4a1a-8a27-f958336e1da9: start FollowerState
2019-10-23 22:40:04,817 [Thread-1181] INFO  impl.FollowerState (FollowerState.java:run(117)) - 2f4845be-2264-4a1a-8a27-f958336e1da9@group-91CED867EC48-FollowerState was interrupted: java.lang.InterruptedException: sleep interrupted
2019-10-23 22:40:04,832 [0cd5f69f-229b-4e24-9dce-31aad898d52d@group-91CED867EC48-LeaderElection97] INFO  impl.LeaderElection (LeaderElection.java:logAndReturn(56)) - 0cd5f69f-229b-4e24-9dce-31aad898d52d@group-91CED867EC48-LeaderElection97: Election REJECTED; received 2 response(s) [0cd5f69f-229b-4e24-9dce-31aad898d52d<-15de30e0-32e7-4789-867b-8c05fd0bfca2#0:FAIL-t68, 0cd5f69f-229b-4e24-9dce-31aad898d52d<-2f4845be-2264-4a1a-8a27-f958336e1da9#0:FAIL-t68] and 0 exception(s); 0cd5f69f-229b-4e24-9dce-31aad898d52d@group-91CED867EC48:t68, leader=null, voted=0cd5f69f-229b-4e24-9dce-31aad898d52d, raftlog=0cd5f69f-229b-4e24-9dce-31aad898d52d@group-91CED867EC48-SegmentedRaftLog:OPENED:c3,f4,i4, conf=0: [0cd5f69f-229b-4e24-9dce-31aad898d52d:192.168.157.195:33132, 15de30e0-32e7-4789-867b-8c05fd0bfca2:192.168.157.195:43624, 2f4845be-2264-4a1a-8a27-f958336e1da9:192.168.157.195:36753], old=null
2019-10-23 22:40:04,832 [0cd5f69f-229b-4e24-9dce-31aad898d52d@group-91CED867EC48-LeaderElection97] INFO  impl.RaftServerImpl (RaftServerImpl.java:setRole(184)) - 0cd5f69f-229b-4e24-9dce-31aad898d52d@group-91CED867EC48: changes role from CANDIDATE to FOLLOWER at term 68 for DISCOVERED_A_NEW_TERM
2019-10-23 22:40:04,832 [0cd5f69f-229b-4e24-9dce-31aad898d52d@group-91CED867EC48-LeaderElection97] INFO  impl.RoleInfo (RoleInfo.java:shutdownLeaderElection(134)) - 0cd5f69f-229b-4e24-9dce-31aad898d52d: shutdown LeaderElection
2019-10-23 22:40:04,832 [0cd5f69f-229b-4e24-9dce-31aad898d52d@group-91CED867EC48-LeaderElection97] INFO  impl.RoleInfo (RoleInfo.java:updateAndGet(143)) - 0cd5f69f-229b-4e24-9dce-31aad898d52d: start FollowerState
2019-10-23 22:40:04,894 [Thread-1195] INFO  impl.FollowerState (FollowerState.java:run(108)) - 0cd5f69f-229b-4e24-9dce-31aad898d52d@group-91CED867EC48-FollowerState: change to CANDIDATE, lastRpcTime:61ms, electionTimeout:61ms
2019-10-23 22:40:04,894 [Thread-1195] INFO  impl.RoleInfo (RoleInfo.java:shutdownFollowerState(121)) - 0cd5f69f-229b-4e24-9dce-31aad898d52d: shutdown FollowerState
2019-10-23 22:40:04,894 [Thread-1195] INFO  impl.RaftServerImpl (RaftServerImpl.java:setRole(184)) - 0cd5f69f-229b-4e24-9dce-31aad898d52d@group-91CED867EC48: changes role from  FOLLOWER to CANDIDATE at term 68 for changeToCandidate
2019-10-23 22:40:04,894 [Thread-1195] INFO  impl.RoleInfo (RoleInfo.java:updateAndGet(143)) - 0cd5f69f-229b-4e24-9dce-31aad898d52d: start LeaderElection
2019-10-23 22:40:04,908 [0cd5f69f-229b-4e24-9dce-31aad898d52d@group-91CED867EC48-LeaderElection98] INFO  impl.LeaderElection (LeaderElection.java:askForVotes(178)) - 0cd5f69f-229b-4e24-9dce-31aad898d52d@group-91CED867EC48-LeaderElection98: begin an election at term 69 for 0: [0cd5f69f-229b-4e24-9dce-31aad898d52d:192.168.157.195:33132, 15de30e0-32e7-4789-867b-8c05fd0bfca2:192.168.157.195:43624, 2f4845be-2264-4a1a-8a27-f958336e1da9:192.168.157.195:36753], old=null
2019-10-23 22:40:04,911 [grpc-default-executor-6] INFO  impl.RaftServerImpl (RaftServerImpl.java:setRole(184)) - 15de30e0-32e7-4789-867b-8c05fd0bfca2@group-91CED867EC48: changes role from  FOLLOWER to FOLLOWER at term 69 for recognizeCandidate:0cd5f69f-229b-4e24-9dce-31aad898d52d
2019-10-23 22:40:04,911 [grpc-default-executor-6] INFO  impl.RoleInfo (RoleInfo.java:shutdownFollowerState(121)) - 15de30e0-32e7-4789-867b-8c05fd0bfca2: shutdown FollowerState
2019-10-23 22:40:04,911 [grpc-default-executor-6] INFO  impl.RoleInfo (RoleInfo.java:updateAndGet(143)) - 15de30e0-32e7-4789-867b-8c05fd0bfca2: start FollowerState
2019-10-23 22:40:04,911 [Thread-1193] INFO  impl.FollowerState (FollowerState.java:run(117)) - 15de30e0-32e7-4789-867b-8c05fd0bfca2@group-91CED867EC48-FollowerState was interrupted: java.lang.InterruptedException: sleep interrupted
2019-10-23 22:40:04,911 [grpc-default-executor-5] INFO  impl.RaftServerImpl (RaftServerImpl.java:setRole(184)) - 2f4845be-2264-4a1a-8a27-f958336e1da9@group-91CED867EC48: changes role from  FOLLOWER to FOLLOWER at term 69 for recognizeCandidate:0cd5f69f-229b-4e24-9dce-31aad898d52d
2019-10-23 22:40:04,912 [grpc-default-executor-5] INFO  impl.RoleInfo (RoleInfo.java:shutdownFollowerState(121)) - 2f4845be-2264-4a1a-8a27-f958336e1da9: shutdown FollowerState
2019-10-23 22:40:04,912 [grpc-default-executor-5] INFO  impl.RoleInfo (RoleInfo.java:updateAndGet(143)) - 2f4845be-2264-4a1a-8a27-f958336e1da9: start FollowerState
2019-10-23 22:40:04,912 [Thread-1194] INFO  impl.FollowerState (FollowerState.java:run(117)) - 2f4845be-2264-4a1a-8a27-f958336e1da9@group-91CED867EC48-FollowerState was interrupted: java.lang.InterruptedException: sleep interrupted
2019-10-23 22:40:04,929 [0cd5f69f-229b-4e24-9dce-31aad898d52d@group-91CED867EC48-LeaderElection98] INFO  impl.LeaderElection (LeaderElection.java:logAndReturn(56)) - 0cd5f69f-229b-4e24-9dce-31aad898d52d@group-91CED867EC48-LeaderElection98: Election REJECTED; received 2 response(s) [0cd5f69f-229b-4e24-9dce-31aad898d52d<-15de30e0-32e7-4789-867b-8c05fd0bfca2#0:FAIL-t69, 0cd5f69f-229b-4e24-9dce-31aad898d52d<-2f4845be-2264-4a1a-8a27-f958336e1da9#0:FAIL-t69] and 0 exception(s); 0cd5f69f-229b-4e24-9dce-31aad898d52d@group-91CED867EC48:t69, leader=null, voted=0cd5f69f-229b-4e24-9dce-31aad898d52d, raftlog=0cd5f69f-229b-4e24-9dce-31aad898d52d@group-91CED867EC48-SegmentedRaftLog:OPENED:c3,f4,i4, conf=0: [0cd5f69f-229b-4e24-9dce-31aad898d52d:192.168.157.195:33132, 15de30e0-32e7-4789-867b-8c05fd0bfca2:192.168.157.195:43624, 2f4845be-2264-4a1a-8a27-f958336e1da9:192.168.157.195:36753], old=null
2019-10-23 22:40:04,929 [0cd5f69f-229b-4e24-9dce-31aad898d52d@group-91CED867EC48-LeaderElection98] INFO  impl.RaftServerImpl (RaftServerImpl.java:setRole(184)) - 0cd5f69f-229b-4e24-9dce-31aad898d52d@group-91CED867EC48: changes role from CANDIDATE to FOLLOWER at term 69 for DISCOVERED_A_NEW_TERM
2019-10-23 22:40:04,929 [0cd5f69f-229b-4e24-9dce-31aad898d52d@group-91CED867EC48-LeaderElection98] INFO  impl.RoleInfo (RoleInfo.java:shutdownLeaderElection(134)) - 0cd5f69f-229b-4e24-9dce-31aad898d52d: shutdown LeaderElection
2019-10-23 22:40:04,929 [0cd5f69f-229b-4e24-9dce-31aad898d52d@group-91CED867EC48-LeaderElection98] INFO  impl.RoleInfo (RoleInfo.java:updateAndGet(143)) - 0cd5f69f-229b-4e24-9dce-31aad898d52d: start FollowerState
2019-10-23 22:40:04,948 [Thread-1189] INFO  impl.FollowerState (FollowerState.java:run(108)) - 15de30e0-32e7-4789-867b-8c05fd0bfca2@group-D44E3B3540EA-FollowerState: change to CANDIDATE, lastRpcTime:163ms, electionTimeout:163ms
2019-10-23 22:40:04,948 [Thread-1189] INFO  impl.RoleInfo (RoleInfo.java:shutdownFollowerState(121)) - 15de30e0-32e7-4789-867b-8c05fd0bfca2: shutdown FollowerState
2019-10-23 22:40:04,948 [Thread-1189] INFO  impl.RaftServerImpl (RaftServerImpl.java:setRole(184)) - 15de30e0-32e7-4789-867b-8c05fd0bfca2@group-D44E3B3540EA: changes role from  FOLLOWER to CANDIDATE at term 31 for changeToCandidate
2019-10-23 22:40:04,948 [Thread-1189] INFO  impl.RoleInfo (RoleInfo.java:updateAndGet(143)) - 15de30e0-32e7-4789-867b-8c05fd0bfca2: start LeaderElection
2019-10-23 22:40:04,962 [15de30e0-32e7-4789-867b-8c05fd0bfca2@group-D44E3B3540EA-LeaderElection99] INFO  impl.LeaderElection (LeaderElection.java:askForVotes(178)) - 15de30e0-32e7-4789-867b-8c05fd0bfca2@group-D44E3B3540EA-LeaderElection99: begin an election at term 32 for -1: [0cd5f69f-229b-4e24-9dce-31aad898d52d:192.168.157.195:33132, 15de30e0-32e7-4789-867b-8c05fd0bfca2:192.168.157.195:43624, 2f4845be-2264-4a1a-8a27-f958336e1da9:192.168.157.195:36753], old=null
2019-10-23 22:40:04,965 [grpc-default-executor-5] INFO  impl.RaftServerImpl (RaftServerImpl.java:setRole(184)) - 0cd5f69f-229b-4e24-9dce-31aad898d52d@group-D44E3B3540EA: changes role from  FOLLOWER to FOLLOWER at term 32 for recognizeCandidate:15de30e0-32e7-4789-867b-8c05fd0bfca2
2019-10-23 22:40:04,965 [grpc-default-executor-5] INFO  impl.RoleInfo (RoleInfo.java:shutdownFollowerState(121)) - 0cd5f69f-229b-4e24-9dce-31aad898d52d: shutdown FollowerState
2019-10-23 22:40:04,965 [grpc-default-executor-5] INFO  impl.RoleInfo (RoleInfo.java:updateAndGet(143)) - 0cd5f69f-229b-4e24-9dce-31aad898d52d: start FollowerState
2019-10-23 22:40:04,965 [Thread-1187] INFO  impl.FollowerState (FollowerState.java:run(117)) - 0cd5f69f-229b-4e24-9dce-31aad898d52d@group-D44E3B3540EA-FollowerState was interrupted: java.lang.InterruptedException: sleep interrupted
2019-10-23 22:40:04,966 [grpc-default-executor-6] INFO  impl.RaftServerImpl (RaftServerImpl.java:setRole(184)) - 2f4845be-2264-4a1a-8a27-f958336e1da9@group-D44E3B3540EA: changes role from  FOLLOWER to FOLLOWER at term 32 for recognizeCandidate:15de30e0-32e7-4789-867b-8c05fd0bfca2
2019-10-23 22:40:04,966 [grpc-default-executor-6] INFO  impl.RoleInfo (RoleInfo.java:shutdownFollowerState(121)) - 2f4845be-2264-4a1a-8a27-f958336e1da9: shutdown FollowerState
2019-10-23 22:40:04,966 [grpc-default-executor-6] INFO  impl.RoleInfo (RoleInfo.java:updateAndGet(143)) - 2f4845be-2264-4a1a-8a27-f958336e1da9: start FollowerState
2019-10-23 22:40:04,966 [Thread-1188] INFO  impl.FollowerState (FollowerState.java:run(117)) - 2f4845be-2264-4a1a-8a27-f958336e1da9@group-D44E3B3540EA-FollowerState was interrupted: java.lang.InterruptedException: sleep interrupted
2019-10-23 22:40:04,980 [15de30e0-32e7-4789-867b-8c05fd0bfca2@group-D44E3B3540EA-LeaderElection99] INFO  impl.LeaderElection (LeaderElection.java:logAndReturn(56)) - 15de30e0-32e7-4789-867b-8c05fd0bfca2@group-D44E3B3540EA-LeaderElection99: Election REJECTED; received 2 response(s) [15de30e0-32e7-4789-867b-8c05fd0bfca2<-0cd5f69f-229b-4e24-9dce-31aad898d52d#0:FAIL-t32, 15de30e0-32e7-4789-867b-8c05fd0bfca2<-2f4845be-2264-4a1a-8a27-f958336e1da9#0:FAIL-t32] and 0 exception(s); 15de30e0-32e7-4789-867b-8c05fd0bfca2@group-D44E3B3540EA:t32, leader=null, voted=15de30e0-32e7-4789-867b-8c05fd0bfca2, raftlog=15de30e0-32e7-4789-867b-8c05fd0bfca2@group-D44E3B3540EA-SegmentedRaftLog:OPENED:c-1,f-1,i0, conf=-1: [0cd5f69f-229b-4e24-9dce-31aad898d52d:192.168.157.195:33132, 15de30e0-32e7-4789-867b-8c05fd0bfca2:192.168.157.195:43624, 2f4845be-2264-4a1a-8a27-f958336e1da9:192.168.157.195:36753], old=null
2019-10-23 22:40:04,981 [15de30e0-32e7-4789-867b-8c05fd0bfca2@group-D44E3B3540EA-LeaderElection99] INFO  impl.RaftServerImpl (RaftServerImpl.java:setRole(184)) - 15de30e0-32e7-4789-867b-8c05fd0bfca2@group-D44E3B3540EA: changes role from CANDIDATE to FOLLOWER at term 32 for DISCOVERED_A_NEW_TERM
2019-10-23 22:40:04,981 [15de30e0-32e7-4789-867b-8c05fd0bfca2@group-D44E3B3540EA-LeaderElection99] INFO  impl.RoleInfo (RoleInfo.java:shutdownLeaderElection(134)) - 15de30e0-32e7-4789-867b-8c05fd0bfca2: shutdown LeaderElection
2019-10-23 22:40:04,981 [15de30e0-32e7-4789-867b-8c05fd0bfca2@group-D44E3B3540EA-LeaderElection99] INFO  impl.RoleInfo (RoleInfo.java:updateAndGet(143)) - 15de30e0-32e7-4789-867b-8c05fd0bfca2: start FollowerState
2019-10-23 22:40:05,042 [Thread-1201] INFO  impl.FollowerState (FollowerState.java:run(108)) - 0cd5f69f-229b-4e24-9dce-31aad898d52d@group-91CED867EC48-FollowerState: change to CANDIDATE, lastRpcTime:112ms, electionTimeout:112ms
2019-10-23 22:40:05,042 [Thread-1201] INFO  impl.RoleInfo (RoleInfo.java:shutdownFollowerState(121)) - 0cd5f69f-229b-4e24-9dce-31aad898d52d: shutdown FollowerState
2019-10-23 22:40:05,042 [Thread-1201] INFO  impl.RaftServerImpl (RaftServerImpl.java:setRole(184)) - 0cd5f69f-229b-4e24-9dce-31aad898d52d@group-91CED867EC48: changes role from  FOLLOWER to CANDIDATE at term 69 for changeToCandidate
2019-10-23 22:40:05,042 [Thread-1201] INFO  impl.RoleInfo (RoleInfo.java:updateAndGet(143)) - 0cd5f69f-229b-4e24-9dce-31aad898d52d: start LeaderElection
2019-10-23 22:40:05,046 [BlockDeletingService#0] WARN  background.BlockDeletingService (BlockDeletingService.java:isDeletionAllowed(187)) - Close Container log Index 6 is not replicated across allthe servers in the pipeline a9317f84-3083-4a94-a1f5-91ced867ec48 as the min replicated index is 4. Deletion is not allowed in this container yet.
2019-10-23 22:40:05,046 [BlockDeletingService#2] WARN  background.BlockDeletingService (BlockDeletingService.java:isDeletionAllowed(187)) - Close Container log Index 6 is not replicated across allthe servers in the pipeline a9317f84-3083-4a94-a1f5-91ced867ec48 as the min replicated index is 4. Deletion is not allowed in this container yet.
2019-10-23 22:40:05,056 [0cd5f69f-229b-4e24-9dce-31aad898d52d@group-91CED867EC48-LeaderElection100] INFO  impl.LeaderElection (LeaderElection.java:askForVotes(178)) - 0cd5f69f-229b-4e24-9dce-31aad898d52d@group-91CED867EC48-LeaderElection100: begin an election at term 70 for 0: [0cd5f69f-229b-4e24-9dce-31aad898d52d:192.168.157.195:33132, 15de30e0-32e7-4789-867b-8c05fd0bfca2:192.168.157.195:43624, 2f4845be-2264-4a1a-8a27-f958336e1da9:192.168.157.195:36753], old=null
2019-10-23 22:40:05,059 [grpc-default-executor-6] INFO  impl.RaftServerImpl (RaftServerImpl.java:setRole(184)) - 15de30e0-32e7-4789-867b-8c05fd0bfca2@group-91CED867EC48: changes role from  FOLLOWER to FOLLOWER at term 70 for recognizeCandidate:0cd5f69f-229b-4e24-9dce-31aad898d52d
2019-10-23 22:40:05,059 [grpc-default-executor-6] INFO  impl.RoleInfo (RoleInfo.java:shutdownFollowerState(121)) - 15de30e0-32e7-4789-867b-8c05fd0bfca2: shutdown FollowerState
2019-10-23 22:40:05,059 [grpc-default-executor-5] INFO  impl.RaftServerImpl (RaftServerImpl.java:setRole(184)) - 2f4845be-2264-4a1a-8a27-f958336e1da9@group-91CED867EC48: changes role from  FOLLOWER to FOLLOWER at term 70 for recognizeCandidate:0cd5f69f-229b-4e24-9dce-31aad898d52d
2019-10-23 22:40:05,059 [Thread-1199] INFO  impl.FollowerState (FollowerState.java:run(117)) - 15de30e0-32e7-4789-867b-8c05fd0bfca2@group-91CED867EC48-FollowerState was interrupted: java.lang.InterruptedException: sleep interrupted
2019-10-23 22:40:05,059 [grpc-default-executor-6] INFO  impl.RoleInfo (RoleInfo.java:updateAndGet(143)) - 15de30e0-32e7-4789-867b-8c05fd0bfca2: start FollowerState
2019-10-23 22:40:05,059 [grpc-default-executor-5] INFO  impl.RoleInfo (RoleInfo.java:shutdownFollowerState(121)) - 2f4845be-2264-4a1a-8a27-f958336e1da9: shutdown FollowerState
2019-10-23 22:40:05,060 [grpc-default-executor-5] INFO  impl.RoleInfo (RoleInfo.java:updateAndGet(143)) - 2f4845be-2264-4a1a-8a27-f958336e1da9: start FollowerState
2019-10-23 22:40:05,060 [Thread-1200] INFO  impl.FollowerState (FollowerState.java:run(117)) - 2f4845be-2264-4a1a-8a27-f958336e1da9@group-91CED867EC48-FollowerState was interrupted: java.lang.InterruptedException: sleep interrupted
]]></system-out>
    <system-err><![CDATA[ERROR StatusLogger No Log4j 2 configuration file found. Using default configuration (logging only errors to the console), or user programmatically provided configurations. Set system property 'log4j2.debug' to show Log4j 2 internal initialization logging. See https://logging.apache.org/log4j/2.x/manual/configuration.html for instructions on how to configure Log4j 2
Oct 23, 2019 10:38:18 PM org.apache.ratis.thirdparty.io.grpc.internal.SerializingExecutor run
SEVERE: Exception while executing runnable org.apache.ratis.thirdparty.io.grpc.internal.ServerImpl$JumpToApplicationThreadServerStreamListener$1Closed@42b89a87
org.apache.ratis.thirdparty.io.grpc.StatusRuntimeException: CANCELLED: call already cancelled
	at org.apache.ratis.thirdparty.io.grpc.Status.asRuntimeException(Status.java:517)
	at org.apache.ratis.thirdparty.io.grpc.stub.ServerCalls$ServerCallStreamObserverImpl.onCompleted(ServerCalls.java:356)
	at org.apache.ratis.grpc.server.GrpcServerProtocolService$ServerRequestStreamObserver.onError(GrpcServerProtocolService.java:121)
	at org.apache.ratis.thirdparty.io.grpc.stub.ServerCalls$StreamingServerCallHandler$StreamingServerCallListener.onCancel(ServerCalls.java:269)
	at org.apache.ratis.thirdparty.io.grpc.internal.ServerCallImpl$ServerStreamListenerImpl.closed(ServerCallImpl.java:293)
	at org.apache.ratis.thirdparty.io.grpc.internal.ServerImpl$JumpToApplicationThreadServerStreamListener$1Closed.runInContext(ServerImpl.java:741)
	at org.apache.ratis.thirdparty.io.grpc.internal.ContextRunnable.run(ContextRunnable.java:37)
	at org.apache.ratis.thirdparty.io.grpc.internal.SerializingExecutor.run(SerializingExecutor.java:123)
	at java.util.concurrent.ThreadPoolExecutor.runWorker(ThreadPoolExecutor.java:1149)
	at java.util.concurrent.ThreadPoolExecutor$Worker.run(ThreadPoolExecutor.java:624)
	at java.lang.Thread.run(Thread.java:748)

Oct 23, 2019 10:38:18 PM org.apache.ratis.thirdparty.io.grpc.internal.SerializingExecutor run
SEVERE: Exception while executing runnable org.apache.ratis.thirdparty.io.grpc.internal.ClientCallImpl$ClientStreamListenerImpl$1StreamClosed@53fc62ac
java.lang.NullPointerException
	at org.apache.ratis.grpc.server.GrpcLogAppender$AppendLogResponseHandler.onError(GrpcLogAppender.java:303)
	at org.apache.ratis.thirdparty.io.grpc.stub.ClientCalls$StreamObserverToCallListenerAdapter.onClose(ClientCalls.java:434)
	at org.apache.ratis.thirdparty.io.grpc.PartialForwardingClientCallListener.onClose(PartialForwardingClientCallListener.java:39)
	at org.apache.ratis.thirdparty.io.grpc.ForwardingClientCallListener.onClose(ForwardingClientCallListener.java:23)
	at org.apache.ratis.thirdparty.io.grpc.ForwardingClientCallListener$SimpleForwardingClientCallListener.onClose(ForwardingClientCallListener.java:40)
	at org.apache.ratis.thirdparty.io.grpc.internal.CensusStatsModule$StatsClientInterceptor$1$1.onClose(CensusStatsModule.java:678)
	at org.apache.ratis.thirdparty.io.grpc.PartialForwardingClientCallListener.onClose(PartialForwardingClientCallListener.java:39)
	at org.apache.ratis.thirdparty.io.grpc.ForwardingClientCallListener.onClose(ForwardingClientCallListener.java:23)
	at org.apache.ratis.thirdparty.io.grpc.ForwardingClientCallListener$SimpleForwardingClientCallListener.onClose(ForwardingClientCallListener.java:40)
	at org.apache.ratis.thirdparty.io.grpc.internal.CensusTracingModule$TracingClientInterceptor$1$1.onClose(CensusTracingModule.java:397)
	at org.apache.ratis.thirdparty.io.grpc.internal.ClientCallImpl.closeObserver(ClientCallImpl.java:459)
	at org.apache.ratis.thirdparty.io.grpc.internal.ClientCallImpl.access$300(ClientCallImpl.java:63)
	at org.apache.ratis.thirdparty.io.grpc.internal.ClientCallImpl$ClientStreamListenerImpl.close(ClientCallImpl.java:546)
	at org.apache.ratis.thirdparty.io.grpc.internal.ClientCallImpl$ClientStreamListenerImpl.access$600(ClientCallImpl.java:467)
	at org.apache.ratis.thirdparty.io.grpc.internal.ClientCallImpl$ClientStreamListenerImpl$1StreamClosed.runInContext(ClientCallImpl.java:584)
	at org.apache.ratis.thirdparty.io.grpc.internal.ContextRunnable.run(ContextRunnable.java:37)
	at org.apache.ratis.thirdparty.io.grpc.internal.SerializingExecutor.run(SerializingExecutor.java:123)
	at java.util.concurrent.ThreadPoolExecutor.runWorker(ThreadPoolExecutor.java:1149)
	at java.util.concurrent.ThreadPoolExecutor$Worker.run(ThreadPoolExecutor.java:624)
	at java.lang.Thread.run(Thread.java:748)

]]></system-err>
  </testcase>
</testsuite>