<?xml version="1.0" encoding="UTF-8"?>
<testsuite xmlns:xsi="http://www.w3.org/2001/XMLSchema-instance" xsi:noNamespaceSchemaLocation="https://maven.apache.org/surefire/maven-surefire-plugin/xsd/surefire-test-report.xsd" name="org.apache.hadoop.ozone.scm.TestSCMContainerPlacementPolicyMetrics" time="82.096" tests="1" errors="1" skipped="0" failures="0">
  <properties>
    <property name="awt.toolkit" value="sun.awt.X11.XToolkit"/>
    <property name="file.encoding.pkg" value="sun.io"/>
    <property name="java.specification.version" value="1.8"/>
    <property name="sun.cpu.isalist" value=""/>
    <property name="sun.jnu.encoding" value="ANSI_X3.4-1968"/>
    <property name="java.class.path" value="/workdir/hadoop-ozone/integration-test/target/test-classes:/workdir/hadoop-ozone/integration-test/target/classes:/home/user/.m2/repository/org/apache/hadoop/hadoop-ozone-common/0.5.0-SNAPSHOT/hadoop-ozone-common-0.5.0-SNAPSHOT.jar:/home/user/.m2/repository/org/apache/commons/commons-compress/1.4.1/commons-compress-1.4.1.jar:/home/user/.m2/repository/org/tukaani/xz/1.0/xz-1.0.jar:/home/user/.m2/repository/org/apache/hadoop/hadoop-common/3.2.0/hadoop-common-3.2.0.jar:/home/user/.m2/repository/org/apache/hadoop/hadoop-hdfs/3.2.0/hadoop-hdfs-3.2.0.jar:/home/user/.m2/repository/org/apache/hadoop/hadoop-hdfs-client/3.2.0/hadoop-hdfs-client-3.2.0.jar:/home/user/.m2/repository/com/fasterxml/jackson/core/jackson-annotations/2.9.9/jackson-annotations-2.9.9.jar:/home/user/.m2/repository/org/apache/hadoop/hadoop-hdds-common/0.5.0-SNAPSHOT/hadoop-hdds-common-0.5.0-SNAPSHOT.jar:/home/user/.m2/repository/javax/annotation/javax.annotation-api/1.2/javax.annotation-api-1.2.jar:/home/user/.m2/repository/org/apache/ratis/ratis-server/0.5.0-3f446aa-SNAPSHOT/ratis-server-0.5.0-3f446aa-SNAPSHOT.jar:/home/user/.m2/repository/org/apache/ratis/ratis-thirdparty-misc/0.2.0/ratis-thirdparty-misc-0.2.0.jar:/home/user/.m2/repository/org/apache/ratis/ratis-proto/0.5.0-3f446aa-SNAPSHOT/ratis-proto-0.5.0-3f446aa-SNAPSHOT.jar:/home/user/.m2/repository/org/apache/ratis/ratis-common/0.5.0-3f446aa-SNAPSHOT/ratis-common-0.5.0-3f446aa-SNAPSHOT.jar:/home/user/.m2/repository/org/apache/ratis/ratis-client/0.5.0-3f446aa-SNAPSHOT/ratis-client-0.5.0-3f446aa-SNAPSHOT.jar:/home/user/.m2/repository/org/apache/ratis/ratis-metrics/0.5.0-3f446aa-SNAPSHOT/ratis-metrics-0.5.0-3f446aa-SNAPSHOT.jar:/home/user/.m2/repository/com/github/joshelser/dropwizard-metrics-hadoop-metrics2-reporter/0.1.2/dropwizard-metrics-hadoop-metrics2-reporter-0.1.2.jar:/home/user/.m2/repository/io/dropwizard/metrics/metrics-jvm/3.2.5/metrics-jvm-3.2.5.jar:/home/user/.m2/repository/io/dropwizard/metrics/metrics-ganglia/3.2.5/metrics-ganglia-3.2.5.jar:/home/user/.m2/repository/info/ganglia/gmetric4j/gmetric4j/1.0.7/gmetric4j-1.0.7.jar:/home/user/.m2/repository/org/apache/ratis/ratis-netty/0.5.0-3f446aa-SNAPSHOT/ratis-netty-0.5.0-3f446aa-SNAPSHOT.jar:/home/user/.m2/repository/org/apache/ratis/ratis-grpc/0.5.0-3f446aa-SNAPSHOT/ratis-grpc-0.5.0-3f446aa-SNAPSHOT.jar:/home/user/.m2/repository/org/rocksdb/rocksdbjni/6.0.1/rocksdbjni-6.0.1.jar:/home/user/.m2/repository/org/apache/logging/log4j/log4j-api/2.11.0/log4j-api-2.11.0.jar:/home/user/.m2/repository/org/apache/logging/log4j/log4j-core/2.11.0/log4j-core-2.11.0.jar:/home/user/.m2/repository/com/lmax/disruptor/3.4.2/disruptor-3.4.2.jar:/home/user/.m2/repository/org/apache/commons/commons-pool2/2.6.0/commons-pool2-2.6.0.jar:/home/user/.m2/repository/org/bouncycastle/bcpkix-jdk15on/1.60/bcpkix-jdk15on-1.60.jar:/home/user/.m2/repository/commons-validator/commons-validator/1.6/commons-validator-1.6.jar:/home/user/.m2/repository/commons-digester/commons-digester/1.8.1/commons-digester-1.8.1.jar:/home/user/.m2/repository/io/jaegertracing/jaeger-client/0.34.0/jaeger-client-0.34.0.jar:/home/user/.m2/repository/io/jaegertracing/jaeger-thrift/0.34.0/jaeger-thrift-0.34.0.jar:/home/user/.m2/repository/org/apache/thrift/libthrift/0.12.0/libthrift-0.12.0.jar:/home/user/.m2/repository/com/squareup/okhttp3/okhttp/3.9.0/okhttp-3.9.0.jar:/home/user/.m2/repository/com/squareup/okio/okio/1.13.0/okio-1.13.0.jar:/home/user/.m2/repository/io/jaegertracing/jaeger-core/0.34.0/jaeger-core-0.34.0.jar:/home/user/.m2/repository/io/jaegertracing/jaeger-tracerresolver/0.34.0/jaeger-tracerresolver-0.34.0.jar:/home/user/.m2/repository/io/opentracing/contrib/opentracing-tracerresolver/0.1.5/opentracing-tracerresolver-0.1.5.jar:/home/user/.m2/repository/io/opentracing/opentracing-util/0.31.0/opentracing-util-0.31.0.jar:/home/user/.m2/repository/io/opentracing/opentracing-api/0.31.0/opentracing-api-0.31.0.jar:/home/user/.m2/repository/io/opentracing/opentracing-noop/0.31.0/opentracing-noop-0.31.0.jar:/home/user/.m2/repository/org/apache/hadoop/hadoop-hdds-server-framework/0.5.0-SNAPSHOT/hadoop-hdds-server-framework-0.5.0-SNAPSHOT.jar:/home/user/.m2/repository/org/apache/hadoop/hadoop-hdds-container-service/0.5.0-SNAPSHOT/hadoop-hdds-container-service-0.5.0-SNAPSHOT.jar:/home/user/.m2/repository/org/apache/hadoop/hadoop-hdds-client/0.5.0-SNAPSHOT/hadoop-hdds-client-0.5.0-SNAPSHOT.jar:/home/user/.m2/repository/org/apache/hadoop/hadoop-hdds-tools/0.5.0-SNAPSHOT/hadoop-hdds-tools-0.5.0-SNAPSHOT.jar:/home/user/.m2/repository/org/apache/hadoop/hadoop-hdds-server-scm/0.5.0-SNAPSHOT/hadoop-hdds-server-scm-0.5.0-SNAPSHOT.jar:/home/user/.m2/repository/org/apache/hadoop/hadoop-hdds-docs/0.5.0-SNAPSHOT/hadoop-hdds-docs-0.5.0-SNAPSHOT.jar:/home/user/.m2/repository/io/dropwizard/metrics/metrics-core/3.2.4/metrics-core-3.2.4.jar:/home/user/.m2/repository/org/hamcrest/hamcrest-all/1.3/hamcrest-all-1.3.jar:/home/user/.m2/repository/org/bouncycastle/bcprov-jdk15on/1.60/bcprov-jdk15on-1.60.jar:/home/user/.m2/repository/info/picocli/picocli/3.9.6/picocli-3.9.6.jar:/home/user/.m2/repository/com/google/protobuf/protobuf-java/2.5.0/protobuf-java-2.5.0.jar:/home/user/.m2/repository/com/google/guava/guava/11.0.2/guava-11.0.2.jar:/home/user/.m2/repository/org/apache/hadoop/hadoop-ozone-ozone-manager/0.5.0-SNAPSHOT/hadoop-ozone-ozone-manager-0.5.0-SNAPSHOT.jar:/home/user/.m2/repository/org/apache/hadoop/hadoop-minikdc/3.2.0/hadoop-minikdc-3.2.0.jar:/home/user/.m2/repository/commons-io/commons-io/2.5/commons-io-2.5.jar:/home/user/.m2/repository/org/apache/kerby/kerb-simplekdc/1.0.1/kerb-simplekdc-1.0.1.jar:/home/user/.m2/repository/org/apache/kerby/kerb-client/1.0.1/kerb-client-1.0.1.jar:/home/user/.m2/repository/org/apache/kerby/kerby-config/1.0.1/kerby-config-1.0.1.jar:/home/user/.m2/repository/org/apache/kerby/kerb-core/1.0.1/kerb-core-1.0.1.jar:/home/user/.m2/repository/org/apache/kerby/kerby-pkix/1.0.1/kerby-pkix-1.0.1.jar:/home/user/.m2/repository/org/apache/kerby/kerby-asn1/1.0.1/kerby-asn1-1.0.1.jar:/home/user/.m2/repository/org/apache/kerby/kerby-util/1.0.1/kerby-util-1.0.1.jar:/home/user/.m2/repository/org/apache/kerby/kerb-common/1.0.1/kerb-common-1.0.1.jar:/home/user/.m2/repository/org/apache/kerby/kerb-crypto/1.0.1/kerb-crypto-1.0.1.jar:/home/user/.m2/repository/org/apache/kerby/kerb-util/1.0.1/kerb-util-1.0.1.jar:/home/user/.m2/repository/org/apache/kerby/token-provider/1.0.1/token-provider-1.0.1.jar:/home/user/.m2/repository/org/apache/kerby/kerb-admin/1.0.1/kerb-admin-1.0.1.jar:/home/user/.m2/repository/org/apache/kerby/kerb-server/1.0.1/kerb-server-1.0.1.jar:/home/user/.m2/repository/org/apache/kerby/kerb-identity/1.0.1/kerb-identity-1.0.1.jar:/home/user/.m2/repository/org/apache/kerby/kerby-xdr/1.0.1/kerby-xdr-1.0.1.jar:/home/user/.m2/repository/org/slf4j/slf4j-log4j12/1.7.25/slf4j-log4j12-1.7.25.jar:/home/user/.m2/repository/org/apache/hadoop/hadoop-ozone-s3gateway/0.5.0-SNAPSHOT/hadoop-ozone-s3gateway-0.5.0-SNAPSHOT.jar:/home/user/.m2/repository/org/jboss/weld/servlet/weld-servlet/2.4.7.Final/weld-servlet-2.4.7.Final.jar:/home/user/.m2/repository/org/glassfish/jersey/containers/jersey-container-servlet-core/2.27/jersey-container-servlet-core-2.27.jar:/home/user/.m2/repository/org/glassfish/hk2/external/javax.inject/2.5.0-b42/javax.inject-2.5.0-b42.jar:/home/user/.m2/repository/org/glassfish/jersey/core/jersey-common/2.27/jersey-common-2.27.jar:/home/user/.m2/repository/org/glassfish/hk2/osgi-resource-locator/1.0.1/osgi-resource-locator-1.0.1.jar:/home/user/.m2/repository/javax/ws/rs/javax.ws.rs-api/2.1/javax.ws.rs-api-2.1.jar:/home/user/.m2/repository/org/glassfish/jersey/ext/cdi/jersey-cdi1x/2.27/jersey-cdi1x-2.27.jar:/home/user/.m2/repository/org/glassfish/jersey/inject/jersey-hk2/2.27/jersey-hk2-2.27.jar:/home/user/.m2/repository/org/glassfish/hk2/hk2-locator/2.5.0-b42/hk2-locator-2.5.0-b42.jar:/home/user/.m2/repository/org/javassist/javassist/3.22.0-CR2/javassist-3.22.0-CR2.jar:/home/user/.m2/repository/org/glassfish/hk2/hk2-api/2.5.0/hk2-api-2.5.0.jar:/home/user/.m2/repository/org/glassfish/hk2/external/jakarta.inject/2.5.0/jakarta.inject-2.5.0.jar:/home/user/.m2/repository/org/glassfish/hk2/hk2-utils/2.5.0/hk2-utils-2.5.0.jar:/home/user/.m2/repository/jakarta/annotation/jakarta.annotation-api/1.3.4/jakarta.annotation-api-1.3.4.jar:/home/user/.m2/repository/org/glassfish/hk2/external/aopalliance-repackaged/2.5.0/aopalliance-repackaged-2.5.0.jar:/home/user/.m2/repository/com/fasterxml/jackson/dataformat/jackson-dataformat-xml/2.9.0/jackson-dataformat-xml-2.9.0.jar:/home/user/.m2/repository/com/fasterxml/jackson/core/jackson-core/2.9.9/jackson-core-2.9.9.jar:/home/user/.m2/repository/com/fasterxml/jackson/module/jackson-module-jaxb-annotations/2.9.9/jackson-module-jaxb-annotations-2.9.9.jar:/home/user/.m2/repository/javax/enterprise/cdi-api/1.2/cdi-api-1.2.jar:/home/user/.m2/repository/javax/el/javax.el-api/3.0.0/javax.el-api-3.0.0.jar:/home/user/.m2/repository/javax/interceptor/javax.interceptor-api/1.2/javax.interceptor-api-1.2.jar:/home/user/.m2/repository/javax/inject/javax.inject/1/javax.inject-1.jar:/home/user/.m2/repository/com/sun/xml/bind/jaxb-impl/2.3.0.1/jaxb-impl-2.3.0.1.jar:/home/user/.m2/repository/com/sun/xml/bind/jaxb-core/2.3.0.1/jaxb-core-2.3.0.1.jar:/home/user/.m2/repository/javax/xml/bind/jaxb-api/2.3.0/jaxb-api-2.3.0.jar:/home/user/.m2/repository/javax/activation/activation/1.1.1/activation-1.1.1.jar:/home/user/.m2/repository/org/apache/hadoop/hadoop-ozone-csi/0.5.0-SNAPSHOT/hadoop-ozone-csi-0.5.0-SNAPSHOT.jar:/home/user/.m2/repository/com/google/protobuf/protobuf-java-util/3.5.1/protobuf-java-util-3.5.1.jar:/home/user/.m2/repository/org/apache/hadoop/hadoop-hdds-config/0.5.0-SNAPSHOT/hadoop-hdds-config-0.5.0-SNAPSHOT.jar:/home/user/.m2/repository/io/grpc/grpc-netty/1.17.1/grpc-netty-1.17.1.jar:/home/user/.m2/repository/io/grpc/grpc-core/1.17.1/grpc-core-1.17.1.jar:/home/user/.m2/repository/io/grpc/grpc-context/1.17.1/grpc-context-1.17.1.jar:/home/user/.m2/repository/com/google/errorprone/error_prone_annotations/2.2.0/error_prone_annotations-2.2.0.jar:/home/user/.m2/repository/org/codehaus/mojo/animal-sniffer-annotations/1.17/animal-sniffer-annotations-1.17.jar:/home/user/.m2/repository/io/opencensus/opencensus-api/0.17.0/opencensus-api-0.17.0.jar:/home/user/.m2/repository/io/opencensus/opencensus-contrib-grpc-metrics/0.17.0/opencensus-contrib-grpc-metrics-0.17.0.jar:/home/user/.m2/repository/io/netty/netty-codec-http2/4.1.30.Final/netty-codec-http2-4.1.30.Final.jar:/home/user/.m2/repository/io/netty/netty-codec-http/4.1.30.Final/netty-codec-http-4.1.30.Final.jar:/home/user/.m2/repository/io/netty/netty-codec/4.1.30.Final/netty-codec-4.1.30.Final.jar:/home/user/.m2/repository/io/netty/netty-handler/4.1.30.Final/netty-handler-4.1.30.Final.jar:/home/user/.m2/repository/io/netty/netty-handler-proxy/4.1.30.Final/netty-handler-proxy-4.1.30.Final.jar:/home/user/.m2/repository/io/netty/netty-codec-socks/4.1.30.Final/netty-codec-socks-4.1.30.Final.jar:/home/user/.m2/repository/io/netty/netty-transport-native-epoll/4.1.30.Final/netty-transport-native-epoll-4.1.30.Final.jar:/home/user/.m2/repository/io/netty/netty-common/4.1.30.Final/netty-common-4.1.30.Final.jar:/home/user/.m2/repository/io/netty/netty-buffer/4.1.30.Final/netty-buffer-4.1.30.Final.jar:/home/user/.m2/repository/io/netty/netty-transport/4.1.30.Final/netty-transport-4.1.30.Final.jar:/home/user/.m2/repository/io/netty/netty-resolver/4.1.30.Final/netty-resolver-4.1.30.Final.jar:/home/user/.m2/repository/io/netty/netty-transport-native-unix-common/4.1.30.Final/netty-transport-native-unix-common-4.1.30.Final.jar:/home/user/.m2/repository/io/grpc/grpc-protobuf/1.17.1/grpc-protobuf-1.17.1.jar:/home/user/.m2/repository/com/google/api/grpc/proto-google-common-protos/1.0.0/proto-google-common-protos-1.0.0.jar:/home/user/.m2/repository/io/grpc/grpc-protobuf-lite/1.17.1/grpc-protobuf-lite-1.17.1.jar:/home/user/.m2/repository/io/grpc/grpc-stub/1.17.1/grpc-stub-1.17.1.jar:/home/user/.m2/repository/org/apache/hadoop/hadoop-ozone-recon/0.5.0-SNAPSHOT/hadoop-ozone-recon-0.5.0-SNAPSHOT.jar:/home/user/.m2/repository/org/apache/hadoop/hadoop-ozone-reconcodegen/0.5.0-SNAPSHOT/hadoop-ozone-reconcodegen-0.5.0-SNAPSHOT.jar:/home/user/.m2/repository/com/google/inject/extensions/guice-multibindings/4.0/guice-multibindings-4.0.jar:/home/user/.m2/repository/com/google/inject/guice/4.0/guice-4.0.jar:/home/user/.m2/repository/aopalliance/aopalliance/1.0/aopalliance-1.0.jar:/home/user/.m2/repository/com/google/inject/extensions/guice-servlet/4.0/guice-servlet-4.0.jar:/home/user/.m2/repository/org/glassfish/jersey/containers/jersey-container-servlet/2.27/jersey-container-servlet-2.27.jar:/home/user/.m2/repository/org/glassfish/hk2/guice-bridge/2.5.0/guice-bridge-2.5.0.jar:/home/user/.m2/repository/org/glassfish/jersey/core/jersey-server/2.27/jersey-server-2.27.jar:/home/user/.m2/repository/org/glassfish/jersey/core/jersey-client/2.27/jersey-client-2.27.jar:/home/user/.m2/repository/org/glassfish/jersey/media/jersey-media-jaxb/2.27/jersey-media-jaxb-2.27.jar:/home/user/.m2/repository/javax/validation/validation-api/1.1.0.Final/validation-api-1.1.0.Final.jar:/home/user/.m2/repository/org/glassfish/jersey/media/jersey-media-json-jackson/2.27/jersey-media-json-jackson-2.27.jar:/home/user/.m2/repository/org/glassfish/jersey/ext/jersey-entity-filtering/2.27/jersey-entity-filtering-2.27.jar:/home/user/.m2/repository/com/google/inject/extensions/guice-assistedinject/4.0/guice-assistedinject-4.0.jar:/home/user/.m2/repository/org/jooq/jooq/3.11.10/jooq-3.11.10.jar:/home/user/.m2/repository/org/jooq/jooq-meta/3.11.10/jooq-meta-3.11.10.jar:/home/user/.m2/repository/org/jooq/jooq-codegen/3.11.10/jooq-codegen-3.11.10.jar:/home/user/.m2/repository/com/jolbox/bonecp/0.8.0.RELEASE/bonecp-0.8.0.RELEASE.jar:/home/user/.m2/repository/org/xerial/sqlite-jdbc/3.25.2/sqlite-jdbc-3.25.2.jar:/home/user/.m2/repository/org/springframework/spring-jdbc/5.1.3.RELEASE/spring-jdbc-5.1.3.RELEASE.jar:/home/user/.m2/repository/org/springframework/spring-beans/5.1.3.RELEASE/spring-beans-5.1.3.RELEASE.jar:/home/user/.m2/repository/org/springframework/spring-core/5.1.3.RELEASE/spring-core-5.1.3.RELEASE.jar:/home/user/.m2/repository/org/springframework/spring-jcl/5.1.3.RELEASE/spring-jcl-5.1.3.RELEASE.jar:/home/user/.m2/repository/org/springframework/spring-tx/5.1.3.RELEASE/spring-tx-5.1.3.RELEASE.jar:/home/user/.m2/repository/org/apache/hadoop/hadoop-ozone-client/0.5.0-SNAPSHOT/hadoop-ozone-client-0.5.0-SNAPSHOT.jar:/home/user/.m2/repository/commons-lang/commons-lang/2.6/commons-lang-2.6.jar:/home/user/.m2/repository/org/apache/hadoop/hadoop-ozone-ozone-manager/0.5.0-SNAPSHOT/hadoop-ozone-ozone-manager-0.5.0-SNAPSHOT-tests.jar:/home/user/.m2/repository/junit/junit/4.11/junit-4.11.jar:/home/user/.m2/repository/org/hamcrest/hamcrest-core/1.3/hamcrest-core-1.3.jar:/home/user/.m2/repository/org/openjdk/jmh/jmh-core/1.19/jmh-core-1.19.jar:/home/user/.m2/repository/net/sf/jopt-simple/jopt-simple/4.6/jopt-simple-4.6.jar:/home/user/.m2/repository/org/apache/commons/commons-math3/3.1.1/commons-math3-3.1.1.jar:/home/user/.m2/repository/org/openjdk/jmh/jmh-generator-annprocess/1.19/jmh-generator-annprocess-1.19.jar:/home/user/.m2/repository/org/mockito/mockito-all/1.8.5/mockito-all-1.8.5.jar:/home/user/.m2/repository/org/apache/hadoop/hadoop-kms/3.2.0/hadoop-kms-3.2.0.jar:/home/user/.m2/repository/org/apache/hadoop/hadoop-auth/3.2.0/hadoop-auth-3.2.0.jar:/home/user/.m2/repository/com/nimbusds/nimbus-jose-jwt/4.41.1/nimbus-jose-jwt-4.41.1.jar:/home/user/.m2/repository/com/github/stephenc/jcip/jcip-annotations/1.0-1/jcip-annotations-1.0-1.jar:/home/user/.m2/repository/net/minidev/json-smart/2.3/json-smart-2.3.jar:/home/user/.m2/repository/net/minidev/accessors-smart/1.2/accessors-smart-1.2.jar:/home/user/.m2/repository/org/ow2/asm/asm/5.0.4/asm-5.0.4.jar:/home/user/.m2/repository/org/apache/curator/curator-framework/2.12.0/curator-framework-2.12.0.jar:/home/user/.m2/repository/com/sun/jersey/jersey-core/1.19/jersey-core-1.19.jar:/home/user/.m2/repository/javax/ws/rs/jsr311-api/1.1.1/jsr311-api-1.1.1.jar:/home/user/.m2/repository/com/sun/jersey/jersey-server/1.19/jersey-server-1.19.jar:/home/user/.m2/repository/javax/servlet/javax.servlet-api/3.1.0/javax.servlet-api-3.1.0.jar:/home/user/.m2/repository/org/eclipse/jetty/jetty-server/9.3.25.v20180904/jetty-server-9.3.25.v20180904.jar:/home/user/.m2/repository/org/eclipse/jetty/jetty-http/9.3.25.v20180904/jetty-http-9.3.25.v20180904.jar:/home/user/.m2/repository/org/eclipse/jetty/jetty-io/9.3.25.v20180904/jetty-io-9.3.25.v20180904.jar:/home/user/.m2/repository/org/eclipse/jetty/jetty-webapp/9.3.25.v20180904/jetty-webapp-9.3.25.v20180904.jar:/home/user/.m2/repository/org/eclipse/jetty/jetty-xml/9.3.25.v20180904/jetty-xml-9.3.25.v20180904.jar:/home/user/.m2/repository/log4j/log4j/1.2.17/log4j-1.2.17.jar:/home/user/.m2/repository/org/slf4j/slf4j-api/1.7.25/slf4j-api-1.7.25.jar:/home/user/.m2/repository/org/slf4j/jul-to-slf4j/1.7.25/jul-to-slf4j-1.7.25.jar:/home/user/.m2/repository/org/eclipse/jetty/jetty-util/9.3.25.v20180904/jetty-util-9.3.25.v20180904.jar:/home/user/.m2/repository/com/fasterxml/jackson/core/jackson-databind/2.9.9/jackson-databind-2.9.9.jar:/home/user/.m2/repository/org/apache/hadoop/hadoop-kms/3.2.0/hadoop-kms-3.2.0-tests.jar:/home/user/.m2/repository/org/apache/hadoop/hadoop-hdds-server-scm/0.5.0-SNAPSHOT/hadoop-hdds-server-scm-0.5.0-SNAPSHOT-tests.jar:/home/user/.m2/repository/org/apache/hadoop/hadoop-hdds-container-service/0.5.0-SNAPSHOT/hadoop-hdds-container-service-0.5.0-SNAPSHOT-tests.jar:/home/user/.m2/repository/org/yaml/snakeyaml/1.16/snakeyaml-1.16.jar:/home/user/.m2/repository/org/apache/hadoop/hadoop-common/3.2.0/hadoop-common-3.2.0-tests.jar:/home/user/.m2/repository/org/apache/hadoop/hadoop-annotations/3.2.0/hadoop-annotations-3.2.0.jar:/usr/lib/jvm/java-1.8.0-openjdk-1.8.0.222.b10-1.el7_7.x86_64/jre/../lib/tools.jar:/home/user/.m2/repository/commons-cli/commons-cli/1.2/commons-cli-1.2.jar:/home/user/.m2/repository/org/apache/httpcomponents/httpclient/4.5.2/httpclient-4.5.2.jar:/home/user/.m2/repository/org/apache/httpcomponents/httpcore/4.4.4/httpcore-4.4.4.jar:/home/user/.m2/repository/commons-codec/commons-codec/1.11/commons-codec-1.11.jar:/home/user/.m2/repository/commons-net/commons-net/3.6/commons-net-3.6.jar:/home/user/.m2/repository/commons-collections/commons-collections/3.2.2/commons-collections-3.2.2.jar:/home/user/.m2/repository/org/eclipse/jetty/jetty-servlet/9.3.25.v20180904/jetty-servlet-9.3.25.v20180904.jar:/home/user/.m2/repository/org/eclipse/jetty/jetty-security/9.3.25.v20180904/jetty-security-9.3.25.v20180904.jar:/home/user/.m2/repository/javax/servlet/jsp/jsp-api/2.1/jsp-api-2.1.jar:/home/user/.m2/repository/com/sun/jersey/jersey-servlet/1.19/jersey-servlet-1.19.jar:/home/user/.m2/repository/com/sun/jersey/jersey-json/1.19/jersey-json-1.19.jar:/home/user/.m2/repository/org/codehaus/jettison/jettison/1.1/jettison-1.1.jar:/home/user/.m2/repository/org/codehaus/jackson/jackson-core-asl/1.9.13/jackson-core-asl-1.9.13.jar:/home/user/.m2/repository/org/codehaus/jackson/jackson-mapper-asl/1.9.13/jackson-mapper-asl-1.9.13.jar:/home/user/.m2/repository/org/codehaus/jackson/jackson-jaxrs/1.9.13/jackson-jaxrs-1.9.13.jar:/home/user/.m2/repository/org/codehaus/jackson/jackson-xc/1.9.13/jackson-xc-1.9.13.jar:/home/user/.m2/repository/commons-logging/commons-logging/1.1.3/commons-logging-1.1.3.jar:/home/user/.m2/repository/commons-beanutils/commons-beanutils/1.9.4/commons-beanutils-1.9.4.jar:/home/user/.m2/repository/org/apache/commons/commons-configuration2/2.1.1/commons-configuration2-2.1.1.jar:/home/user/.m2/repository/org/apache/commons/commons-lang3/3.7/commons-lang3-3.7.jar:/home/user/.m2/repository/org/apache/commons/commons-text/1.4/commons-text-1.4.jar:/home/user/.m2/repository/org/apache/avro/avro/1.7.7/avro-1.7.7.jar:/home/user/.m2/repository/com/thoughtworks/paranamer/paranamer/2.3/paranamer-2.3.jar:/home/user/.m2/repository/org/xerial/snappy/snappy-java/1.0.5/snappy-java-1.0.5.jar:/home/user/.m2/repository/com/google/re2j/re2j/1.1/re2j-1.1.jar:/home/user/.m2/repository/com/google/code/gson/gson/2.2.4/gson-2.2.4.jar:/home/user/.m2/repository/com/jcraft/jsch/0.1.54/jsch-0.1.54.jar:/home/user/.m2/repository/org/apache/curator/curator-client/2.12.0/curator-client-2.12.0.jar:/home/user/.m2/repository/org/apache/curator/curator-recipes/2.12.0/curator-recipes-2.12.0.jar:/home/user/.m2/repository/com/google/code/findbugs/jsr305/3.0.0/jsr305-3.0.0.jar:/home/user/.m2/repository/org/apache/htrace/htrace-core4/4.1.0-incubating/htrace-core4-4.1.0-incubating.jar:/home/user/.m2/repository/org/apache/zookeeper/zookeeper/3.4.13/zookeeper-3.4.13.jar:/home/user/.m2/repository/jline/jline/0.9.94/jline-0.9.94.jar:/home/user/.m2/repository/org/apache/yetus/audience-annotations/0.5.0/audience-annotations-0.5.0.jar:/home/user/.m2/repository/org/codehaus/woodstox/stax2-api/3.1.4/stax2-api-3.1.4.jar:/home/user/.m2/repository/com/fasterxml/woodstox/woodstox-core/5.0.3/woodstox-core-5.0.3.jar:/home/user/.m2/repository/dnsjava/dnsjava/2.1.7/dnsjava-2.1.7.jar:/home/user/.m2/repository/org/apache/hadoop/hadoop-hdfs/3.2.0/hadoop-hdfs-3.2.0-tests.jar:/home/user/.m2/repository/org/eclipse/jetty/jetty-util-ajax/9.3.25.v20180904/jetty-util-ajax-9.3.25.v20180904.jar:/home/user/.m2/repository/commons-daemon/commons-daemon/1.0.13/commons-daemon-1.0.13.jar:/home/user/.m2/repository/io/netty/netty/3.10.5.Final/netty-3.10.5.Final.jar:/home/user/.m2/repository/io/netty/netty-all/4.0.52.Final/netty-all-4.0.52.Final.jar:/home/user/.m2/repository/org/fusesource/leveldbjni/leveldbjni-all/1.8/leveldbjni-all-1.8.jar:"/>
    <property name="java.vm.vendor" value="Oracle Corporation"/>
    <property name="sun.arch.data.model" value="64"/>
    <property name="test.build.dir" value="/workdir/hadoop-ozone/integration-test/target/test-dir"/>
    <property name="test.cache.data" value=""/>
    <property name="java.vendor.url" value="http://java.oracle.com/"/>
    <property name="user.timezone" value=""/>
    <property name="java.vm.specification.version" value="1.8"/>
    <property name="os.name" value="Linux"/>
    <property name="test.build.data" value="/workdir/hadoop-ozone/integration-test/target/test-dir"/>
    <property name="user.country" value="US"/>
    <property name="sun.java.launcher" value="SUN_STANDARD"/>
    <property name="sun.boot.library.path" value="/usr/lib/jvm/java-1.8.0-openjdk-1.8.0.222.b10-1.el7_7.x86_64/jre/lib/amd64"/>
    <property name="sun.java.command" value="/workdir/hadoop-ozone/integration-test/target/surefire/surefirebooter6890454153115992771.jar /workdir/hadoop-ozone/integration-test/target/surefire 2019-10-23T22-13-15_655-jvmRun1 surefire8078317483751661967tmp surefire_164139542581546455146tmp"/>
    <property name="surefire.test.class.path" value="/workdir/hadoop-ozone/integration-test/target/test-classes:/workdir/hadoop-ozone/integration-test/target/classes:/home/user/.m2/repository/org/apache/hadoop/hadoop-ozone-common/0.5.0-SNAPSHOT/hadoop-ozone-common-0.5.0-SNAPSHOT.jar:/home/user/.m2/repository/org/apache/commons/commons-compress/1.4.1/commons-compress-1.4.1.jar:/home/user/.m2/repository/org/tukaani/xz/1.0/xz-1.0.jar:/home/user/.m2/repository/org/apache/hadoop/hadoop-common/3.2.0/hadoop-common-3.2.0.jar:/home/user/.m2/repository/org/apache/hadoop/hadoop-hdfs/3.2.0/hadoop-hdfs-3.2.0.jar:/home/user/.m2/repository/org/apache/hadoop/hadoop-hdfs-client/3.2.0/hadoop-hdfs-client-3.2.0.jar:/home/user/.m2/repository/com/fasterxml/jackson/core/jackson-annotations/2.9.9/jackson-annotations-2.9.9.jar:/home/user/.m2/repository/org/apache/hadoop/hadoop-hdds-common/0.5.0-SNAPSHOT/hadoop-hdds-common-0.5.0-SNAPSHOT.jar:/home/user/.m2/repository/javax/annotation/javax.annotation-api/1.2/javax.annotation-api-1.2.jar:/home/user/.m2/repository/org/apache/ratis/ratis-server/0.5.0-3f446aa-SNAPSHOT/ratis-server-0.5.0-3f446aa-SNAPSHOT.jar:/home/user/.m2/repository/org/apache/ratis/ratis-thirdparty-misc/0.2.0/ratis-thirdparty-misc-0.2.0.jar:/home/user/.m2/repository/org/apache/ratis/ratis-proto/0.5.0-3f446aa-SNAPSHOT/ratis-proto-0.5.0-3f446aa-SNAPSHOT.jar:/home/user/.m2/repository/org/apache/ratis/ratis-common/0.5.0-3f446aa-SNAPSHOT/ratis-common-0.5.0-3f446aa-SNAPSHOT.jar:/home/user/.m2/repository/org/apache/ratis/ratis-client/0.5.0-3f446aa-SNAPSHOT/ratis-client-0.5.0-3f446aa-SNAPSHOT.jar:/home/user/.m2/repository/org/apache/ratis/ratis-metrics/0.5.0-3f446aa-SNAPSHOT/ratis-metrics-0.5.0-3f446aa-SNAPSHOT.jar:/home/user/.m2/repository/com/github/joshelser/dropwizard-metrics-hadoop-metrics2-reporter/0.1.2/dropwizard-metrics-hadoop-metrics2-reporter-0.1.2.jar:/home/user/.m2/repository/io/dropwizard/metrics/metrics-jvm/3.2.5/metrics-jvm-3.2.5.jar:/home/user/.m2/repository/io/dropwizard/metrics/metrics-ganglia/3.2.5/metrics-ganglia-3.2.5.jar:/home/user/.m2/repository/info/ganglia/gmetric4j/gmetric4j/1.0.7/gmetric4j-1.0.7.jar:/home/user/.m2/repository/org/apache/ratis/ratis-netty/0.5.0-3f446aa-SNAPSHOT/ratis-netty-0.5.0-3f446aa-SNAPSHOT.jar:/home/user/.m2/repository/org/apache/ratis/ratis-grpc/0.5.0-3f446aa-SNAPSHOT/ratis-grpc-0.5.0-3f446aa-SNAPSHOT.jar:/home/user/.m2/repository/org/rocksdb/rocksdbjni/6.0.1/rocksdbjni-6.0.1.jar:/home/user/.m2/repository/org/apache/logging/log4j/log4j-api/2.11.0/log4j-api-2.11.0.jar:/home/user/.m2/repository/org/apache/logging/log4j/log4j-core/2.11.0/log4j-core-2.11.0.jar:/home/user/.m2/repository/com/lmax/disruptor/3.4.2/disruptor-3.4.2.jar:/home/user/.m2/repository/org/apache/commons/commons-pool2/2.6.0/commons-pool2-2.6.0.jar:/home/user/.m2/repository/org/bouncycastle/bcpkix-jdk15on/1.60/bcpkix-jdk15on-1.60.jar:/home/user/.m2/repository/commons-validator/commons-validator/1.6/commons-validator-1.6.jar:/home/user/.m2/repository/commons-digester/commons-digester/1.8.1/commons-digester-1.8.1.jar:/home/user/.m2/repository/io/jaegertracing/jaeger-client/0.34.0/jaeger-client-0.34.0.jar:/home/user/.m2/repository/io/jaegertracing/jaeger-thrift/0.34.0/jaeger-thrift-0.34.0.jar:/home/user/.m2/repository/org/apache/thrift/libthrift/0.12.0/libthrift-0.12.0.jar:/home/user/.m2/repository/com/squareup/okhttp3/okhttp/3.9.0/okhttp-3.9.0.jar:/home/user/.m2/repository/com/squareup/okio/okio/1.13.0/okio-1.13.0.jar:/home/user/.m2/repository/io/jaegertracing/jaeger-core/0.34.0/jaeger-core-0.34.0.jar:/home/user/.m2/repository/io/jaegertracing/jaeger-tracerresolver/0.34.0/jaeger-tracerresolver-0.34.0.jar:/home/user/.m2/repository/io/opentracing/contrib/opentracing-tracerresolver/0.1.5/opentracing-tracerresolver-0.1.5.jar:/home/user/.m2/repository/io/opentracing/opentracing-util/0.31.0/opentracing-util-0.31.0.jar:/home/user/.m2/repository/io/opentracing/opentracing-api/0.31.0/opentracing-api-0.31.0.jar:/home/user/.m2/repository/io/opentracing/opentracing-noop/0.31.0/opentracing-noop-0.31.0.jar:/home/user/.m2/repository/org/apache/hadoop/hadoop-hdds-server-framework/0.5.0-SNAPSHOT/hadoop-hdds-server-framework-0.5.0-SNAPSHOT.jar:/home/user/.m2/repository/org/apache/hadoop/hadoop-hdds-container-service/0.5.0-SNAPSHOT/hadoop-hdds-container-service-0.5.0-SNAPSHOT.jar:/home/user/.m2/repository/org/apache/hadoop/hadoop-hdds-client/0.5.0-SNAPSHOT/hadoop-hdds-client-0.5.0-SNAPSHOT.jar:/home/user/.m2/repository/org/apache/hadoop/hadoop-hdds-tools/0.5.0-SNAPSHOT/hadoop-hdds-tools-0.5.0-SNAPSHOT.jar:/home/user/.m2/repository/org/apache/hadoop/hadoop-hdds-server-scm/0.5.0-SNAPSHOT/hadoop-hdds-server-scm-0.5.0-SNAPSHOT.jar:/home/user/.m2/repository/org/apache/hadoop/hadoop-hdds-docs/0.5.0-SNAPSHOT/hadoop-hdds-docs-0.5.0-SNAPSHOT.jar:/home/user/.m2/repository/io/dropwizard/metrics/metrics-core/3.2.4/metrics-core-3.2.4.jar:/home/user/.m2/repository/org/hamcrest/hamcrest-all/1.3/hamcrest-all-1.3.jar:/home/user/.m2/repository/org/bouncycastle/bcprov-jdk15on/1.60/bcprov-jdk15on-1.60.jar:/home/user/.m2/repository/info/picocli/picocli/3.9.6/picocli-3.9.6.jar:/home/user/.m2/repository/com/google/protobuf/protobuf-java/2.5.0/protobuf-java-2.5.0.jar:/home/user/.m2/repository/com/google/guava/guava/11.0.2/guava-11.0.2.jar:/home/user/.m2/repository/org/apache/hadoop/hadoop-ozone-ozone-manager/0.5.0-SNAPSHOT/hadoop-ozone-ozone-manager-0.5.0-SNAPSHOT.jar:/home/user/.m2/repository/org/apache/hadoop/hadoop-minikdc/3.2.0/hadoop-minikdc-3.2.0.jar:/home/user/.m2/repository/commons-io/commons-io/2.5/commons-io-2.5.jar:/home/user/.m2/repository/org/apache/kerby/kerb-simplekdc/1.0.1/kerb-simplekdc-1.0.1.jar:/home/user/.m2/repository/org/apache/kerby/kerb-client/1.0.1/kerb-client-1.0.1.jar:/home/user/.m2/repository/org/apache/kerby/kerby-config/1.0.1/kerby-config-1.0.1.jar:/home/user/.m2/repository/org/apache/kerby/kerb-core/1.0.1/kerb-core-1.0.1.jar:/home/user/.m2/repository/org/apache/kerby/kerby-pkix/1.0.1/kerby-pkix-1.0.1.jar:/home/user/.m2/repository/org/apache/kerby/kerby-asn1/1.0.1/kerby-asn1-1.0.1.jar:/home/user/.m2/repository/org/apache/kerby/kerby-util/1.0.1/kerby-util-1.0.1.jar:/home/user/.m2/repository/org/apache/kerby/kerb-common/1.0.1/kerb-common-1.0.1.jar:/home/user/.m2/repository/org/apache/kerby/kerb-crypto/1.0.1/kerb-crypto-1.0.1.jar:/home/user/.m2/repository/org/apache/kerby/kerb-util/1.0.1/kerb-util-1.0.1.jar:/home/user/.m2/repository/org/apache/kerby/token-provider/1.0.1/token-provider-1.0.1.jar:/home/user/.m2/repository/org/apache/kerby/kerb-admin/1.0.1/kerb-admin-1.0.1.jar:/home/user/.m2/repository/org/apache/kerby/kerb-server/1.0.1/kerb-server-1.0.1.jar:/home/user/.m2/repository/org/apache/kerby/kerb-identity/1.0.1/kerb-identity-1.0.1.jar:/home/user/.m2/repository/org/apache/kerby/kerby-xdr/1.0.1/kerby-xdr-1.0.1.jar:/home/user/.m2/repository/org/slf4j/slf4j-log4j12/1.7.25/slf4j-log4j12-1.7.25.jar:/home/user/.m2/repository/org/apache/hadoop/hadoop-ozone-s3gateway/0.5.0-SNAPSHOT/hadoop-ozone-s3gateway-0.5.0-SNAPSHOT.jar:/home/user/.m2/repository/org/jboss/weld/servlet/weld-servlet/2.4.7.Final/weld-servlet-2.4.7.Final.jar:/home/user/.m2/repository/org/glassfish/jersey/containers/jersey-container-servlet-core/2.27/jersey-container-servlet-core-2.27.jar:/home/user/.m2/repository/org/glassfish/hk2/external/javax.inject/2.5.0-b42/javax.inject-2.5.0-b42.jar:/home/user/.m2/repository/org/glassfish/jersey/core/jersey-common/2.27/jersey-common-2.27.jar:/home/user/.m2/repository/org/glassfish/hk2/osgi-resource-locator/1.0.1/osgi-resource-locator-1.0.1.jar:/home/user/.m2/repository/javax/ws/rs/javax.ws.rs-api/2.1/javax.ws.rs-api-2.1.jar:/home/user/.m2/repository/org/glassfish/jersey/ext/cdi/jersey-cdi1x/2.27/jersey-cdi1x-2.27.jar:/home/user/.m2/repository/org/glassfish/jersey/inject/jersey-hk2/2.27/jersey-hk2-2.27.jar:/home/user/.m2/repository/org/glassfish/hk2/hk2-locator/2.5.0-b42/hk2-locator-2.5.0-b42.jar:/home/user/.m2/repository/org/javassist/javassist/3.22.0-CR2/javassist-3.22.0-CR2.jar:/home/user/.m2/repository/org/glassfish/hk2/hk2-api/2.5.0/hk2-api-2.5.0.jar:/home/user/.m2/repository/org/glassfish/hk2/external/jakarta.inject/2.5.0/jakarta.inject-2.5.0.jar:/home/user/.m2/repository/org/glassfish/hk2/hk2-utils/2.5.0/hk2-utils-2.5.0.jar:/home/user/.m2/repository/jakarta/annotation/jakarta.annotation-api/1.3.4/jakarta.annotation-api-1.3.4.jar:/home/user/.m2/repository/org/glassfish/hk2/external/aopalliance-repackaged/2.5.0/aopalliance-repackaged-2.5.0.jar:/home/user/.m2/repository/com/fasterxml/jackson/dataformat/jackson-dataformat-xml/2.9.0/jackson-dataformat-xml-2.9.0.jar:/home/user/.m2/repository/com/fasterxml/jackson/core/jackson-core/2.9.9/jackson-core-2.9.9.jar:/home/user/.m2/repository/com/fasterxml/jackson/module/jackson-module-jaxb-annotations/2.9.9/jackson-module-jaxb-annotations-2.9.9.jar:/home/user/.m2/repository/javax/enterprise/cdi-api/1.2/cdi-api-1.2.jar:/home/user/.m2/repository/javax/el/javax.el-api/3.0.0/javax.el-api-3.0.0.jar:/home/user/.m2/repository/javax/interceptor/javax.interceptor-api/1.2/javax.interceptor-api-1.2.jar:/home/user/.m2/repository/javax/inject/javax.inject/1/javax.inject-1.jar:/home/user/.m2/repository/com/sun/xml/bind/jaxb-impl/2.3.0.1/jaxb-impl-2.3.0.1.jar:/home/user/.m2/repository/com/sun/xml/bind/jaxb-core/2.3.0.1/jaxb-core-2.3.0.1.jar:/home/user/.m2/repository/javax/xml/bind/jaxb-api/2.3.0/jaxb-api-2.3.0.jar:/home/user/.m2/repository/javax/activation/activation/1.1.1/activation-1.1.1.jar:/home/user/.m2/repository/org/apache/hadoop/hadoop-ozone-csi/0.5.0-SNAPSHOT/hadoop-ozone-csi-0.5.0-SNAPSHOT.jar:/home/user/.m2/repository/com/google/protobuf/protobuf-java-util/3.5.1/protobuf-java-util-3.5.1.jar:/home/user/.m2/repository/org/apache/hadoop/hadoop-hdds-config/0.5.0-SNAPSHOT/hadoop-hdds-config-0.5.0-SNAPSHOT.jar:/home/user/.m2/repository/io/grpc/grpc-netty/1.17.1/grpc-netty-1.17.1.jar:/home/user/.m2/repository/io/grpc/grpc-core/1.17.1/grpc-core-1.17.1.jar:/home/user/.m2/repository/io/grpc/grpc-context/1.17.1/grpc-context-1.17.1.jar:/home/user/.m2/repository/com/google/errorprone/error_prone_annotations/2.2.0/error_prone_annotations-2.2.0.jar:/home/user/.m2/repository/org/codehaus/mojo/animal-sniffer-annotations/1.17/animal-sniffer-annotations-1.17.jar:/home/user/.m2/repository/io/opencensus/opencensus-api/0.17.0/opencensus-api-0.17.0.jar:/home/user/.m2/repository/io/opencensus/opencensus-contrib-grpc-metrics/0.17.0/opencensus-contrib-grpc-metrics-0.17.0.jar:/home/user/.m2/repository/io/netty/netty-codec-http2/4.1.30.Final/netty-codec-http2-4.1.30.Final.jar:/home/user/.m2/repository/io/netty/netty-codec-http/4.1.30.Final/netty-codec-http-4.1.30.Final.jar:/home/user/.m2/repository/io/netty/netty-codec/4.1.30.Final/netty-codec-4.1.30.Final.jar:/home/user/.m2/repository/io/netty/netty-handler/4.1.30.Final/netty-handler-4.1.30.Final.jar:/home/user/.m2/repository/io/netty/netty-handler-proxy/4.1.30.Final/netty-handler-proxy-4.1.30.Final.jar:/home/user/.m2/repository/io/netty/netty-codec-socks/4.1.30.Final/netty-codec-socks-4.1.30.Final.jar:/home/user/.m2/repository/io/netty/netty-transport-native-epoll/4.1.30.Final/netty-transport-native-epoll-4.1.30.Final.jar:/home/user/.m2/repository/io/netty/netty-common/4.1.30.Final/netty-common-4.1.30.Final.jar:/home/user/.m2/repository/io/netty/netty-buffer/4.1.30.Final/netty-buffer-4.1.30.Final.jar:/home/user/.m2/repository/io/netty/netty-transport/4.1.30.Final/netty-transport-4.1.30.Final.jar:/home/user/.m2/repository/io/netty/netty-resolver/4.1.30.Final/netty-resolver-4.1.30.Final.jar:/home/user/.m2/repository/io/netty/netty-transport-native-unix-common/4.1.30.Final/netty-transport-native-unix-common-4.1.30.Final.jar:/home/user/.m2/repository/io/grpc/grpc-protobuf/1.17.1/grpc-protobuf-1.17.1.jar:/home/user/.m2/repository/com/google/api/grpc/proto-google-common-protos/1.0.0/proto-google-common-protos-1.0.0.jar:/home/user/.m2/repository/io/grpc/grpc-protobuf-lite/1.17.1/grpc-protobuf-lite-1.17.1.jar:/home/user/.m2/repository/io/grpc/grpc-stub/1.17.1/grpc-stub-1.17.1.jar:/home/user/.m2/repository/org/apache/hadoop/hadoop-ozone-recon/0.5.0-SNAPSHOT/hadoop-ozone-recon-0.5.0-SNAPSHOT.jar:/home/user/.m2/repository/org/apache/hadoop/hadoop-ozone-reconcodegen/0.5.0-SNAPSHOT/hadoop-ozone-reconcodegen-0.5.0-SNAPSHOT.jar:/home/user/.m2/repository/com/google/inject/extensions/guice-multibindings/4.0/guice-multibindings-4.0.jar:/home/user/.m2/repository/com/google/inject/guice/4.0/guice-4.0.jar:/home/user/.m2/repository/aopalliance/aopalliance/1.0/aopalliance-1.0.jar:/home/user/.m2/repository/com/google/inject/extensions/guice-servlet/4.0/guice-servlet-4.0.jar:/home/user/.m2/repository/org/glassfish/jersey/containers/jersey-container-servlet/2.27/jersey-container-servlet-2.27.jar:/home/user/.m2/repository/org/glassfish/hk2/guice-bridge/2.5.0/guice-bridge-2.5.0.jar:/home/user/.m2/repository/org/glassfish/jersey/core/jersey-server/2.27/jersey-server-2.27.jar:/home/user/.m2/repository/org/glassfish/jersey/core/jersey-client/2.27/jersey-client-2.27.jar:/home/user/.m2/repository/org/glassfish/jersey/media/jersey-media-jaxb/2.27/jersey-media-jaxb-2.27.jar:/home/user/.m2/repository/javax/validation/validation-api/1.1.0.Final/validation-api-1.1.0.Final.jar:/home/user/.m2/repository/org/glassfish/jersey/media/jersey-media-json-jackson/2.27/jersey-media-json-jackson-2.27.jar:/home/user/.m2/repository/org/glassfish/jersey/ext/jersey-entity-filtering/2.27/jersey-entity-filtering-2.27.jar:/home/user/.m2/repository/com/google/inject/extensions/guice-assistedinject/4.0/guice-assistedinject-4.0.jar:/home/user/.m2/repository/org/jooq/jooq/3.11.10/jooq-3.11.10.jar:/home/user/.m2/repository/org/jooq/jooq-meta/3.11.10/jooq-meta-3.11.10.jar:/home/user/.m2/repository/org/jooq/jooq-codegen/3.11.10/jooq-codegen-3.11.10.jar:/home/user/.m2/repository/com/jolbox/bonecp/0.8.0.RELEASE/bonecp-0.8.0.RELEASE.jar:/home/user/.m2/repository/org/xerial/sqlite-jdbc/3.25.2/sqlite-jdbc-3.25.2.jar:/home/user/.m2/repository/org/springframework/spring-jdbc/5.1.3.RELEASE/spring-jdbc-5.1.3.RELEASE.jar:/home/user/.m2/repository/org/springframework/spring-beans/5.1.3.RELEASE/spring-beans-5.1.3.RELEASE.jar:/home/user/.m2/repository/org/springframework/spring-core/5.1.3.RELEASE/spring-core-5.1.3.RELEASE.jar:/home/user/.m2/repository/org/springframework/spring-jcl/5.1.3.RELEASE/spring-jcl-5.1.3.RELEASE.jar:/home/user/.m2/repository/org/springframework/spring-tx/5.1.3.RELEASE/spring-tx-5.1.3.RELEASE.jar:/home/user/.m2/repository/org/apache/hadoop/hadoop-ozone-client/0.5.0-SNAPSHOT/hadoop-ozone-client-0.5.0-SNAPSHOT.jar:/home/user/.m2/repository/commons-lang/commons-lang/2.6/commons-lang-2.6.jar:/home/user/.m2/repository/org/apache/hadoop/hadoop-ozone-ozone-manager/0.5.0-SNAPSHOT/hadoop-ozone-ozone-manager-0.5.0-SNAPSHOT-tests.jar:/home/user/.m2/repository/junit/junit/4.11/junit-4.11.jar:/home/user/.m2/repository/org/hamcrest/hamcrest-core/1.3/hamcrest-core-1.3.jar:/home/user/.m2/repository/org/openjdk/jmh/jmh-core/1.19/jmh-core-1.19.jar:/home/user/.m2/repository/net/sf/jopt-simple/jopt-simple/4.6/jopt-simple-4.6.jar:/home/user/.m2/repository/org/apache/commons/commons-math3/3.1.1/commons-math3-3.1.1.jar:/home/user/.m2/repository/org/openjdk/jmh/jmh-generator-annprocess/1.19/jmh-generator-annprocess-1.19.jar:/home/user/.m2/repository/org/mockito/mockito-all/1.8.5/mockito-all-1.8.5.jar:/home/user/.m2/repository/org/apache/hadoop/hadoop-kms/3.2.0/hadoop-kms-3.2.0.jar:/home/user/.m2/repository/org/apache/hadoop/hadoop-auth/3.2.0/hadoop-auth-3.2.0.jar:/home/user/.m2/repository/com/nimbusds/nimbus-jose-jwt/4.41.1/nimbus-jose-jwt-4.41.1.jar:/home/user/.m2/repository/com/github/stephenc/jcip/jcip-annotations/1.0-1/jcip-annotations-1.0-1.jar:/home/user/.m2/repository/net/minidev/json-smart/2.3/json-smart-2.3.jar:/home/user/.m2/repository/net/minidev/accessors-smart/1.2/accessors-smart-1.2.jar:/home/user/.m2/repository/org/ow2/asm/asm/5.0.4/asm-5.0.4.jar:/home/user/.m2/repository/org/apache/curator/curator-framework/2.12.0/curator-framework-2.12.0.jar:/home/user/.m2/repository/com/sun/jersey/jersey-core/1.19/jersey-core-1.19.jar:/home/user/.m2/repository/javax/ws/rs/jsr311-api/1.1.1/jsr311-api-1.1.1.jar:/home/user/.m2/repository/com/sun/jersey/jersey-server/1.19/jersey-server-1.19.jar:/home/user/.m2/repository/javax/servlet/javax.servlet-api/3.1.0/javax.servlet-api-3.1.0.jar:/home/user/.m2/repository/org/eclipse/jetty/jetty-server/9.3.25.v20180904/jetty-server-9.3.25.v20180904.jar:/home/user/.m2/repository/org/eclipse/jetty/jetty-http/9.3.25.v20180904/jetty-http-9.3.25.v20180904.jar:/home/user/.m2/repository/org/eclipse/jetty/jetty-io/9.3.25.v20180904/jetty-io-9.3.25.v20180904.jar:/home/user/.m2/repository/org/eclipse/jetty/jetty-webapp/9.3.25.v20180904/jetty-webapp-9.3.25.v20180904.jar:/home/user/.m2/repository/org/eclipse/jetty/jetty-xml/9.3.25.v20180904/jetty-xml-9.3.25.v20180904.jar:/home/user/.m2/repository/log4j/log4j/1.2.17/log4j-1.2.17.jar:/home/user/.m2/repository/org/slf4j/slf4j-api/1.7.25/slf4j-api-1.7.25.jar:/home/user/.m2/repository/org/slf4j/jul-to-slf4j/1.7.25/jul-to-slf4j-1.7.25.jar:/home/user/.m2/repository/org/eclipse/jetty/jetty-util/9.3.25.v20180904/jetty-util-9.3.25.v20180904.jar:/home/user/.m2/repository/com/fasterxml/jackson/core/jackson-databind/2.9.9/jackson-databind-2.9.9.jar:/home/user/.m2/repository/org/apache/hadoop/hadoop-kms/3.2.0/hadoop-kms-3.2.0-tests.jar:/home/user/.m2/repository/org/apache/hadoop/hadoop-hdds-server-scm/0.5.0-SNAPSHOT/hadoop-hdds-server-scm-0.5.0-SNAPSHOT-tests.jar:/home/user/.m2/repository/org/apache/hadoop/hadoop-hdds-container-service/0.5.0-SNAPSHOT/hadoop-hdds-container-service-0.5.0-SNAPSHOT-tests.jar:/home/user/.m2/repository/org/yaml/snakeyaml/1.16/snakeyaml-1.16.jar:/home/user/.m2/repository/org/apache/hadoop/hadoop-common/3.2.0/hadoop-common-3.2.0-tests.jar:/home/user/.m2/repository/org/apache/hadoop/hadoop-annotations/3.2.0/hadoop-annotations-3.2.0.jar:/usr/lib/jvm/java-1.8.0-openjdk-1.8.0.222.b10-1.el7_7.x86_64/jre/../lib/tools.jar:/home/user/.m2/repository/commons-cli/commons-cli/1.2/commons-cli-1.2.jar:/home/user/.m2/repository/org/apache/httpcomponents/httpclient/4.5.2/httpclient-4.5.2.jar:/home/user/.m2/repository/org/apache/httpcomponents/httpcore/4.4.4/httpcore-4.4.4.jar:/home/user/.m2/repository/commons-codec/commons-codec/1.11/commons-codec-1.11.jar:/home/user/.m2/repository/commons-net/commons-net/3.6/commons-net-3.6.jar:/home/user/.m2/repository/commons-collections/commons-collections/3.2.2/commons-collections-3.2.2.jar:/home/user/.m2/repository/org/eclipse/jetty/jetty-servlet/9.3.25.v20180904/jetty-servlet-9.3.25.v20180904.jar:/home/user/.m2/repository/org/eclipse/jetty/jetty-security/9.3.25.v20180904/jetty-security-9.3.25.v20180904.jar:/home/user/.m2/repository/javax/servlet/jsp/jsp-api/2.1/jsp-api-2.1.jar:/home/user/.m2/repository/com/sun/jersey/jersey-servlet/1.19/jersey-servlet-1.19.jar:/home/user/.m2/repository/com/sun/jersey/jersey-json/1.19/jersey-json-1.19.jar:/home/user/.m2/repository/org/codehaus/jettison/jettison/1.1/jettison-1.1.jar:/home/user/.m2/repository/org/codehaus/jackson/jackson-core-asl/1.9.13/jackson-core-asl-1.9.13.jar:/home/user/.m2/repository/org/codehaus/jackson/jackson-mapper-asl/1.9.13/jackson-mapper-asl-1.9.13.jar:/home/user/.m2/repository/org/codehaus/jackson/jackson-jaxrs/1.9.13/jackson-jaxrs-1.9.13.jar:/home/user/.m2/repository/org/codehaus/jackson/jackson-xc/1.9.13/jackson-xc-1.9.13.jar:/home/user/.m2/repository/commons-logging/commons-logging/1.1.3/commons-logging-1.1.3.jar:/home/user/.m2/repository/commons-beanutils/commons-beanutils/1.9.4/commons-beanutils-1.9.4.jar:/home/user/.m2/repository/org/apache/commons/commons-configuration2/2.1.1/commons-configuration2-2.1.1.jar:/home/user/.m2/repository/org/apache/commons/commons-lang3/3.7/commons-lang3-3.7.jar:/home/user/.m2/repository/org/apache/commons/commons-text/1.4/commons-text-1.4.jar:/home/user/.m2/repository/org/apache/avro/avro/1.7.7/avro-1.7.7.jar:/home/user/.m2/repository/com/thoughtworks/paranamer/paranamer/2.3/paranamer-2.3.jar:/home/user/.m2/repository/org/xerial/snappy/snappy-java/1.0.5/snappy-java-1.0.5.jar:/home/user/.m2/repository/com/google/re2j/re2j/1.1/re2j-1.1.jar:/home/user/.m2/repository/com/google/code/gson/gson/2.2.4/gson-2.2.4.jar:/home/user/.m2/repository/com/jcraft/jsch/0.1.54/jsch-0.1.54.jar:/home/user/.m2/repository/org/apache/curator/curator-client/2.12.0/curator-client-2.12.0.jar:/home/user/.m2/repository/org/apache/curator/curator-recipes/2.12.0/curator-recipes-2.12.0.jar:/home/user/.m2/repository/com/google/code/findbugs/jsr305/3.0.0/jsr305-3.0.0.jar:/home/user/.m2/repository/org/apache/htrace/htrace-core4/4.1.0-incubating/htrace-core4-4.1.0-incubating.jar:/home/user/.m2/repository/org/apache/zookeeper/zookeeper/3.4.13/zookeeper-3.4.13.jar:/home/user/.m2/repository/jline/jline/0.9.94/jline-0.9.94.jar:/home/user/.m2/repository/org/apache/yetus/audience-annotations/0.5.0/audience-annotations-0.5.0.jar:/home/user/.m2/repository/org/codehaus/woodstox/stax2-api/3.1.4/stax2-api-3.1.4.jar:/home/user/.m2/repository/com/fasterxml/woodstox/woodstox-core/5.0.3/woodstox-core-5.0.3.jar:/home/user/.m2/repository/dnsjava/dnsjava/2.1.7/dnsjava-2.1.7.jar:/home/user/.m2/repository/org/apache/hadoop/hadoop-hdfs/3.2.0/hadoop-hdfs-3.2.0-tests.jar:/home/user/.m2/repository/org/eclipse/jetty/jetty-util-ajax/9.3.25.v20180904/jetty-util-ajax-9.3.25.v20180904.jar:/home/user/.m2/repository/commons-daemon/commons-daemon/1.0.13/commons-daemon-1.0.13.jar:/home/user/.m2/repository/io/netty/netty/3.10.5.Final/netty-3.10.5.Final.jar:/home/user/.m2/repository/io/netty/netty-all/4.0.52.Final/netty-all-4.0.52.Final.jar:/home/user/.m2/repository/org/fusesource/leveldbjni/leveldbjni-all/1.8/leveldbjni-all-1.8.jar:"/>
    <property name="sun.cpu.endian" value="little"/>
    <property name="user.home" value="/home/user"/>
    <property name="user.language" value="en"/>
    <property name="java.specification.vendor" value="Oracle Corporation"/>
    <property name="java.home" value="/usr/lib/jvm/java-1.8.0-openjdk-1.8.0.222.b10-1.el7_7.x86_64/jre"/>
    <property name="surefire.excludesFile" value="/tools/ozone-bad-unit-tests"/>
    <property name="java.security.krb5.conf" value="/workdir/hadoop-ozone/integration-test/target/test-classes/krb5.conf"/>
    <property name="basedir" value="/workdir/hadoop-ozone/integration-test"/>
    <property name="file.separator" value="/"/>
    <property name="line.separator" value="&#10;"/>
    <property name="java.vm.specification.vendor" value="Oracle Corporation"/>
    <property name="java.specification.name" value="Java Platform API Specification"/>
    <property name="java.awt.graphicsenv" value="sun.awt.X11GraphicsEnvironment"/>
    <property name="surefire.real.class.path" value="/workdir/hadoop-ozone/integration-test/target/surefire/surefirebooter6890454153115992771.jar"/>
    <property name="hadoop.log.dir" value="/workdir/hadoop-ozone/integration-test/target/log"/>
    <property name="sun.boot.class.path" value="/usr/lib/jvm/java-1.8.0-openjdk-1.8.0.222.b10-1.el7_7.x86_64/jre/lib/resources.jar:/usr/lib/jvm/java-1.8.0-openjdk-1.8.0.222.b10-1.el7_7.x86_64/jre/lib/rt.jar:/usr/lib/jvm/java-1.8.0-openjdk-1.8.0.222.b10-1.el7_7.x86_64/jre/lib/sunrsasign.jar:/usr/lib/jvm/java-1.8.0-openjdk-1.8.0.222.b10-1.el7_7.x86_64/jre/lib/jsse.jar:/usr/lib/jvm/java-1.8.0-openjdk-1.8.0.222.b10-1.el7_7.x86_64/jre/lib/jce.jar:/usr/lib/jvm/java-1.8.0-openjdk-1.8.0.222.b10-1.el7_7.x86_64/jre/lib/charsets.jar:/usr/lib/jvm/java-1.8.0-openjdk-1.8.0.222.b10-1.el7_7.x86_64/jre/lib/jfr.jar:/usr/lib/jvm/java-1.8.0-openjdk-1.8.0.222.b10-1.el7_7.x86_64/jre/classes"/>
    <property name="sun.management.compiler" value="HotSpot 64-Bit Tiered Compilers"/>
    <property name="java.runtime.version" value="1.8.0_222-b10"/>
    <property name="java.net.preferIPv4Stack" value="true"/>
    <property name="user.name" value="jenkins1000"/>
    <property name="path.separator" value=":"/>
    <property name="java.security.egd" value="file:///dev/urandom"/>
    <property name="os.version" value="3.10.0-957.12.2.el7.x86_64"/>
    <property name="java.endorsed.dirs" value="/usr/lib/jvm/java-1.8.0-openjdk-1.8.0.222.b10-1.el7_7.x86_64/jre/lib/endorsed"/>
    <property name="java.runtime.name" value="OpenJDK Runtime Environment"/>
    <property name="file.encoding" value="ANSI_X3.4-1968"/>
    <property name="java.vm.name" value="OpenJDK 64-Bit Server VM"/>
    <property name="test.build.webapps" value=""/>
    <property name="localRepository" value="/home/user/.m2/repository"/>
    <property name="java.vendor.url.bug" value="http://bugreport.sun.com/bugreport/"/>
    <property name="java.io.tmpdir" value="/tmp"/>
    <property name="require.test.libhadoop" value=""/>
    <property name="java.version" value="1.8.0_222"/>
    <property name="user.dir" value="/workdir/hadoop-ozone/integration-test"/>
    <property name="os.arch" value="amd64"/>
    <property name="java.vm.specification.name" value="Java Virtual Machine Specification"/>
    <property name="test.build.classes" value="/workdir/hadoop-ozone/integration-test/target/test-classes"/>
    <property name="java.awt.printerjob" value="sun.print.PSPrinterJob"/>
    <property name="sun.os.patch.level" value="unknown"/>
    <property name="hadoop.tmp.dir" value="/workdir/hadoop-ozone/integration-test/target/tmp"/>
    <property name="java.library.path" value="/usr/lib:/workdir/hadoop-ozone/integration-test/target/native/target/usr/local/lib:/workdir/hadoop-ozone/integration-test/../../hadoop-common-project/hadoop-common/target/native/target/usr/local/lib:/usr/java/packages/lib/amd64:/usr/lib64:/lib64:/lib:/usr/lib"/>
    <property name="java.vm.info" value="mixed mode"/>
    <property name="java.vendor" value="Oracle Corporation"/>
    <property name="java.vm.version" value="25.222-b10"/>
    <property name="java.ext.dirs" value="/usr/lib/jvm/java-1.8.0-openjdk-1.8.0.222.b10-1.el7_7.x86_64/jre/lib/ext:/usr/java/packages/lib/ext"/>
    <property name="sun.io.unicode.encoding" value="UnicodeLittle"/>
    <property name="java.class.version" value="52.0"/>
  </properties>
  <testcase name="test" classname="org.apache.hadoop.ozone.scm.TestSCMContainerPlacementPolicyMetrics" time="82.034">
    <error message="test timed out after 60000 milliseconds" type="java.lang.Exception">java.lang.Exception: test timed out after 60000 milliseconds
	at sun.misc.Unsafe.park(Native Method)
	at java.util.concurrent.locks.LockSupport.park(LockSupport.java:175)
	at java.util.concurrent.CompletableFuture$Signaller.block(CompletableFuture.java:1693)
	at java.util.concurrent.ForkJoinPool.managedBlock(ForkJoinPool.java:3323)
	at java.util.concurrent.CompletableFuture.waitingGet(CompletableFuture.java:1729)
	at java.util.concurrent.CompletableFuture.get(CompletableFuture.java:1895)
	at org.apache.hadoop.hdds.scm.storage.BlockOutputStream.waitOnFlushFutures(BlockOutputStream.java:518)
	at org.apache.hadoop.hdds.scm.storage.BlockOutputStream.handleFlush(BlockOutputStream.java:481)
	at org.apache.hadoop.hdds.scm.storage.BlockOutputStream.close(BlockOutputStream.java:496)
	at org.apache.hadoop.ozone.client.io.BlockOutputStreamEntry.close(BlockOutputStreamEntry.java:143)
	at org.apache.hadoop.ozone.client.io.KeyOutputStream.handleFlushOrClose(KeyOutputStream.java:435)
	at org.apache.hadoop.ozone.client.io.KeyOutputStream.close(KeyOutputStream.java:473)
	at org.apache.hadoop.ozone.client.io.OzoneOutputStream.close(OzoneOutputStream.java:60)
	at org.apache.hadoop.ozone.scm.TestSCMContainerPlacementPolicyMetrics.test(TestSCMContainerPlacementPolicyMetrics.java:112)
	at sun.reflect.NativeMethodAccessorImpl.invoke0(Native Method)
	at sun.reflect.NativeMethodAccessorImpl.invoke(NativeMethodAccessorImpl.java:62)
	at sun.reflect.DelegatingMethodAccessorImpl.invoke(DelegatingMethodAccessorImpl.java:43)
	at java.lang.reflect.Method.invoke(Method.java:498)
	at org.junit.runners.model.FrameworkMethod$1.runReflectiveCall(FrameworkMethod.java:47)
	at org.junit.internal.runners.model.ReflectiveCallable.run(ReflectiveCallable.java:12)
	at org.junit.runners.model.FrameworkMethod.invokeExplosively(FrameworkMethod.java:44)
	at org.junit.internal.runners.statements.InvokeMethod.evaluate(InvokeMethod.java:17)
	at org.junit.internal.runners.statements.FailOnTimeout$StatementThread.run(FailOnTimeout.java:74)
</error>
    <system-out><![CDATA[2019-10-23 22:21:28,799 [main] WARN  server.ServerUtils (ServerUtils.java:getScmDbDir(145)) - ozone.scm.db.dirs is not configured. We recommend adding this setting. Falling back to ozone.metadata.dirs instead.
2019-10-23 22:21:28,918 [main] WARN  server.ServerUtils (ServerUtils.java:getScmDbDir(145)) - ozone.scm.db.dirs is not configured. We recommend adding this setting. Falling back to ozone.metadata.dirs instead.
2019-10-23 22:21:28,921 [main] WARN  server.ServerUtils (ServerUtils.java:getScmDbDir(145)) - ozone.scm.db.dirs is not configured. We recommend adding this setting. Falling back to ozone.metadata.dirs instead.
2019-10-23 22:21:28,947 [main] INFO  util.log (Log.java:initialized(192)) - Logging initialized @852ms
2019-10-23 22:21:29,082 [main] INFO  db.DBStoreBuilder (DBStoreBuilder.java:addTable(117)) - using custom profile for table: deletedBlocks
2019-10-23 22:21:29,082 [main] INFO  db.DBStoreBuilder (DBStoreBuilder.java:processTables(168)) - Using default column profile:DBProfile.DISK for Table:deletedBlocks
2019-10-23 22:21:29,083 [main] INFO  db.DBStoreBuilder (DBStoreBuilder.java:addTable(117)) - using custom profile for table: validCerts
2019-10-23 22:21:29,083 [main] INFO  db.DBStoreBuilder (DBStoreBuilder.java:processTables(168)) - Using default column profile:DBProfile.DISK for Table:validCerts
2019-10-23 22:21:29,083 [main] INFO  db.DBStoreBuilder (DBStoreBuilder.java:addTable(117)) - using custom profile for table: revokedCerts
2019-10-23 22:21:29,084 [main] INFO  db.DBStoreBuilder (DBStoreBuilder.java:processTables(168)) - Using default column profile:DBProfile.DISK for Table:revokedCerts
2019-10-23 22:21:29,094 [main] INFO  db.DBStoreBuilder (DBStoreBuilder.java:addTable(117)) - using custom profile for table: default
2019-10-23 22:21:29,094 [main] INFO  db.DBStoreBuilder (DBStoreBuilder.java:processTables(174)) - Using default column profile:DBProfile.DISK for Table:default
2019-10-23 22:21:29,096 [main] INFO  db.DBStoreBuilder (DBStoreBuilder.java:getDbProfile(205)) - Using default options. DBProfile.DISK
2019-10-23 22:21:29,400 [main] INFO  net.NodeSchemaLoader (NodeSchemaLoader.java:loadSchemaFromFile(125)) - Loading file from sun.misc.CompoundEnumeration@75d4a5c2
2019-10-23 22:21:29,403 [main] INFO  net.NodeSchemaLoader (NodeSchemaLoader.java:loadSchema(171)) - Loading network topology layer schema file
2019-10-23 22:21:29,459 [main] WARN  server.ServerUtils (ServerUtils.java:sanitizeUserArgs(70)) - ozone.scm.stale.node.interval value = 300000 is larger than max = 100000 based on the key value of ozone.scm.heartbeat.thread.interval, reset to the max value 100000.
2019-10-23 22:21:29,461 [main] WARN  server.ServerUtils (ServerUtils.java:sanitizeUserArgs(70)) - ozone.scm.stale.node.interval value = 300000 is larger than max = 100000 based on the key value of ozone.scm.heartbeat.thread.interval, reset to the max value 100000.
2019-10-23 22:21:29,465 [main] INFO  node.SCMNodeManager (SCMNodeManager.java:<init>(116)) - Entering startup safe mode.
2019-10-23 22:21:29,523 [main] INFO  Configuration.deprecation (Configuration.java:logDeprecation(1394)) - hadoop.configured.node.mapping is deprecated. Instead, use net.topology.configured.node.mapping
2019-10-23 22:21:29,528 [main] INFO  algorithms.ContainerPlacementPolicyFactory (ContainerPlacementPolicyFactory.java:getPolicy(57)) - Create container placement policy of type org.apache.hadoop.hdds.scm.container.placement.algorithms.SCMContainerPlacementRackAware
2019-10-23 22:21:29,541 [main] WARN  server.ServerUtils (ServerUtils.java:getScmDbDir(145)) - ozone.scm.db.dirs is not configured. We recommend adding this setting. Falling back to ozone.metadata.dirs instead.
2019-10-23 22:21:29,643 [main] INFO  pipeline.SCMPipelineManager (SCMPipelineManager.java:initializePipelineState(132)) - No pipeline exists in current db
2019-10-23 22:21:29,647 [main] WARN  server.ServerUtils (ServerUtils.java:getScmDbDir(145)) - ozone.scm.db.dirs is not configured. We recommend adding this setting. Falling back to ozone.metadata.dirs instead.
2019-10-23 22:21:29,778 [main] WARN  events.EventQueue (EventQueue.java:fireEvent(183)) - No event handler registered for event TypedEvent{payloadType=SafeModeStatus, name='SafeModeStatus'}
2019-10-23 22:21:30,130 [main] INFO  ipc.CallQueueManager (CallQueueManager.java:<init>(84)) - Using callQueue: class java.util.concurrent.LinkedBlockingQueue, queueCapacity: 2000, scheduler: class org.apache.hadoop.ipc.DefaultRpcScheduler, ipcBackoff: false.
2019-10-23 22:21:30,154 [Socket Reader #1 for port 44292] INFO  ipc.Server (Server.java:run(1074)) - Starting Socket Reader #1 for port 44292
2019-10-23 22:21:30,320 [main] INFO  ipc.CallQueueManager (CallQueueManager.java:<init>(84)) - Using callQueue: class java.util.concurrent.LinkedBlockingQueue, queueCapacity: 2000, scheduler: class org.apache.hadoop.ipc.DefaultRpcScheduler, ipcBackoff: false.
2019-10-23 22:21:30,322 [Socket Reader #1 for port 44675] INFO  ipc.Server (Server.java:run(1074)) - Starting Socket Reader #1 for port 44675
2019-10-23 22:21:30,333 [main] INFO  ipc.CallQueueManager (CallQueueManager.java:<init>(84)) - Using callQueue: class java.util.concurrent.LinkedBlockingQueue, queueCapacity: 2000, scheduler: class org.apache.hadoop.ipc.DefaultRpcScheduler, ipcBackoff: false.
2019-10-23 22:21:30,334 [Socket Reader #1 for port 37542] INFO  ipc.Server (Server.java:run(1074)) - Starting Socket Reader #1 for port 37542
2019-10-23 22:21:30,362 [main] INFO  hdfs.DFSUtil (DFSUtil.java:httpServerTemplateForNNAndJN(1641)) - Starting Web-server for scm at: http://0.0.0.0:0
2019-10-23 22:21:30,519 [main] INFO  server.AuthenticationFilter (AuthenticationFilter.java:constructSecretProvider(240)) - Unable to initialize FileSignerSecretProvider, falling back to use random secrets.
2019-10-23 22:21:30,529 [main] WARN  http.HttpRequestLog (HttpRequestLog.java:getRequestLog(97)) - Jetty request log can only be enabled using Log4j
2019-10-23 22:21:30,537 [main] INFO  http.HttpServer2 (HttpServer2.java:addGlobalFilter(975)) - Added global filter 'safety' (class=org.apache.hadoop.http.HttpServer2$QuotingInputFilter)
2019-10-23 22:21:30,540 [main] INFO  http.HttpServer2 (HttpServer2.java:addFilter(948)) - Added filter static_user_filter (class=org.apache.hadoop.http.lib.StaticUserWebFilter$StaticUserFilter) to context scm
2019-10-23 22:21:30,540 [main] INFO  http.HttpServer2 (HttpServer2.java:addFilter(958)) - Added filter static_user_filter (class=org.apache.hadoop.http.lib.StaticUserWebFilter$StaticUserFilter) to context logs
2019-10-23 22:21:30,540 [main] INFO  http.HttpServer2 (HttpServer2.java:addFilter(958)) - Added filter static_user_filter (class=org.apache.hadoop.http.lib.StaticUserWebFilter$StaticUserFilter) to context static
2019-10-23 22:21:30,576 [main] INFO  server.StorageContainerManager (StorageContainerManager.java:start(772)) - StorageContainerLocationProtocol RPC server is listening at /0.0.0.0:37542
2019-10-23 22:21:30,647 [main] WARN  impl.MetricsConfig (MetricsConfig.java:loadFirst(134)) - Cannot locate configuration: tried hadoop-metrics2-storagecontainermanager.properties,hadoop-metrics2.properties
2019-10-23 22:21:30,662 [main] INFO  impl.MetricsSystemImpl (MetricsSystemImpl.java:startTimer(374)) - Scheduled Metric snapshot period at 10 second(s).
2019-10-23 22:21:30,662 [main] INFO  impl.MetricsSystemImpl (MetricsSystemImpl.java:start(191)) - StorageContainerManager metrics system started
2019-10-23 22:21:30,907 [main] INFO  server.SCMClientProtocolServer (SCMClientProtocolServer.java:start(159)) - RPC server for Client  is listening at /0.0.0.0:37542
2019-10-23 22:21:30,908 [IPC Server Responder] INFO  ipc.Server (Server.java:run(1314)) - IPC Server Responder: starting
2019-10-23 22:21:30,908 [IPC Server listener on 37542] INFO  ipc.Server (Server.java:run(1153)) - IPC Server listener on 37542: starting
2019-10-23 22:21:30,911 [main] INFO  server.StorageContainerManager (StorageContainerManager.java:start(782)) - ScmBlockLocationProtocol RPC server is listening at /0.0.0.0:44675
2019-10-23 22:21:30,912 [main] INFO  server.SCMBlockProtocolServer (SCMBlockProtocolServer.java:start(146)) - RPC server for Block Protocol is listening at /0.0.0.0:44675
2019-10-23 22:21:30,912 [IPC Server Responder] INFO  ipc.Server (Server.java:run(1314)) - IPC Server Responder: starting
2019-10-23 22:21:30,912 [IPC Server listener on 44675] INFO  ipc.Server (Server.java:run(1153)) - IPC Server listener on 44675: starting
2019-10-23 22:21:30,915 [main] INFO  server.StorageContainerManager (StorageContainerManager.java:start(786)) - ScmDatanodeProtocl RPC server is listening at /0.0.0.0:44292
2019-10-23 22:21:30,915 [main] INFO  server.SCMDatanodeProtocolServer (SCMDatanodeProtocolServer.java:start(169)) - RPC server for DataNodes is listening at /0.0.0.0:44292
2019-10-23 22:21:30,916 [IPC Server Responder] INFO  ipc.Server (Server.java:run(1314)) - IPC Server Responder: starting
2019-10-23 22:21:30,916 [IPC Server listener on 44292] INFO  ipc.Server (Server.java:run(1153)) - IPC Server listener on 44292: starting
2019-10-23 22:21:30,920 [main] INFO  http.HttpServer2 (HttpServer2.java:bindListener(1191)) - Jetty bound to port 35000
2019-10-23 22:21:30,922 [main] INFO  server.Server (Server.java:doStart(351)) - jetty-9.3.25.v20180904, build timestamp: 2018-09-04T21:11:46Z, git hash: 3ce520221d0240229c862b122d2b06c12a625732
2019-10-23 22:21:30,959 [main] INFO  handler.ContextHandler (ContextHandler.java:doStart(781)) - Started o.e.j.s.ServletContextHandler@a43ce46{/logs,file:///workdir/hadoop-ozone/integration-test/target/log,AVAILABLE}
2019-10-23 22:21:30,959 [main] INFO  handler.ContextHandler (ContextHandler.java:doStart(781)) - Started o.e.j.s.ServletContextHandler@424ebba3{/static,file:///workdir/hadoop-ozone/integration-test/target/test-classes/webapps/static,AVAILABLE}
2019-10-23 22:21:30,992 [main] INFO  handler.ContextHandler (ContextHandler.java:doStart(781)) - Started o.e.j.w.WebAppContext@7fb9f71f{/,file:///workdir/hadoop-ozone/integration-test/target/test-classes/webapps/scm/,AVAILABLE}{/scm}
2019-10-23 22:21:30,997 [main] INFO  server.AbstractConnector (AbstractConnector.java:doStart(278)) - Started ServerConnector@407cf41{HTTP/1.1,[http/1.1]}{0.0.0.0:35000}
2019-10-23 22:21:30,998 [main] INFO  server.Server (Server.java:doStart(419)) - Started @2902ms
2019-10-23 22:21:31,000 [main] INFO  impl.MetricsSinkAdapter (MetricsSinkAdapter.java:start(204)) - Sink prometheus started
2019-10-23 22:21:31,000 [main] INFO  impl.MetricsSystemImpl (MetricsSystemImpl.java:registerSink(301)) - Registered sink prometheus
2019-10-23 22:21:31,002 [main] INFO  server.BaseHttpServer (BaseHttpServer.java:updateConnectorAddress(215)) - HTTP server of SCM is listening at http://0.0.0.0:35000
2019-10-23 22:21:31,007 [org.apache.hadoop.util.JvmPauseMonitor$Monitor@5922ae77] INFO  util.JvmPauseMonitor (JvmPauseMonitor.java:run(188)) - Starting JVM pause monitor
2019-10-23 22:21:31,011 [main] WARN  server.ServerUtils (ServerUtils.java:getDBPath(222)) - ozone.om.db.dirs is not configured. We recommend adding this setting. Falling back to ozone.metadata.dirs instead.
2019-10-23 22:21:31,125 [main] INFO  ha.OMHANodeDetails (OMHANodeDetails.java:loadOMHAConfig(190)) - Configuration either no ozone.om.address set. Falling back to the default OM address /127.0.0.1:0
2019-10-23 22:21:31,125 [main] INFO  ha.OMHANodeDetails (OMHANodeDetails.java:getOMNodeDetails(220)) - OM Service ID is not set. Setting it to the default ID: omServiceIdDefault
2019-10-23 22:21:31,128 [main] WARN  server.ServerUtils (ServerUtils.java:getDBPath(222)) - ozone.om.db.dirs is not configured. We recommend adding this setting. Falling back to ozone.metadata.dirs instead.
2019-10-23 22:21:31,128 [main] WARN  server.ServerUtils (ServerUtils.java:getDBPath(222)) - ozone.om.db.dirs is not configured. We recommend adding this setting. Falling back to ozone.metadata.dirs instead.
2019-10-23 22:21:31,792 [main] WARN  server.ServerUtils (ServerUtils.java:getDBPath(222)) - ozone.om.db.dirs is not configured. We recommend adding this setting. Falling back to ozone.metadata.dirs instead.
2019-10-23 22:21:31,800 [main] INFO  db.DBStoreBuilder (DBStoreBuilder.java:addTable(117)) - using custom profile for table: userTable
2019-10-23 22:21:31,800 [main] INFO  db.DBStoreBuilder (DBStoreBuilder.java:processTables(168)) - Using default column profile:DBProfile.DISK for Table:userTable
2019-10-23 22:21:31,801 [main] INFO  db.DBStoreBuilder (DBStoreBuilder.java:addTable(117)) - using custom profile for table: volumeTable
2019-10-23 22:21:31,801 [main] INFO  db.DBStoreBuilder (DBStoreBuilder.java:processTables(168)) - Using default column profile:DBProfile.DISK for Table:volumeTable
2019-10-23 22:21:31,801 [main] INFO  db.DBStoreBuilder (DBStoreBuilder.java:addTable(117)) - using custom profile for table: bucketTable
2019-10-23 22:21:31,801 [main] INFO  db.DBStoreBuilder (DBStoreBuilder.java:processTables(168)) - Using default column profile:DBProfile.DISK for Table:bucketTable
2019-10-23 22:21:31,802 [main] INFO  db.DBStoreBuilder (DBStoreBuilder.java:addTable(117)) - using custom profile for table: keyTable
2019-10-23 22:21:31,802 [main] INFO  db.DBStoreBuilder (DBStoreBuilder.java:processTables(168)) - Using default column profile:DBProfile.DISK for Table:keyTable
2019-10-23 22:21:31,803 [main] INFO  db.DBStoreBuilder (DBStoreBuilder.java:addTable(117)) - using custom profile for table: deletedTable
2019-10-23 22:21:31,803 [main] INFO  db.DBStoreBuilder (DBStoreBuilder.java:processTables(168)) - Using default column profile:DBProfile.DISK for Table:deletedTable
2019-10-23 22:21:31,804 [main] INFO  db.DBStoreBuilder (DBStoreBuilder.java:addTable(117)) - using custom profile for table: openKeyTable
2019-10-23 22:21:31,804 [main] INFO  db.DBStoreBuilder (DBStoreBuilder.java:processTables(168)) - Using default column profile:DBProfile.DISK for Table:openKeyTable
2019-10-23 22:21:31,804 [main] INFO  db.DBStoreBuilder (DBStoreBuilder.java:addTable(117)) - using custom profile for table: s3Table
2019-10-23 22:21:31,805 [main] INFO  db.DBStoreBuilder (DBStoreBuilder.java:processTables(168)) - Using default column profile:DBProfile.DISK for Table:s3Table
2019-10-23 22:21:31,805 [main] INFO  db.DBStoreBuilder (DBStoreBuilder.java:addTable(117)) - using custom profile for table: multipartInfoTable
2019-10-23 22:21:31,805 [main] INFO  db.DBStoreBuilder (DBStoreBuilder.java:processTables(168)) - Using default column profile:DBProfile.DISK for Table:multipartInfoTable
2019-10-23 22:21:31,806 [main] INFO  db.DBStoreBuilder (DBStoreBuilder.java:addTable(117)) - using custom profile for table: dTokenTable
2019-10-23 22:21:31,806 [main] INFO  db.DBStoreBuilder (DBStoreBuilder.java:processTables(168)) - Using default column profile:DBProfile.DISK for Table:dTokenTable
2019-10-23 22:21:31,807 [main] INFO  db.DBStoreBuilder (DBStoreBuilder.java:addTable(117)) - using custom profile for table: s3SecretTable
2019-10-23 22:21:31,807 [main] INFO  db.DBStoreBuilder (DBStoreBuilder.java:processTables(168)) - Using default column profile:DBProfile.DISK for Table:s3SecretTable
2019-10-23 22:21:31,807 [main] INFO  db.DBStoreBuilder (DBStoreBuilder.java:addTable(117)) - using custom profile for table: prefixTable
2019-10-23 22:21:31,808 [main] INFO  db.DBStoreBuilder (DBStoreBuilder.java:processTables(168)) - Using default column profile:DBProfile.DISK for Table:prefixTable
2019-10-23 22:21:31,808 [main] INFO  db.DBStoreBuilder (DBStoreBuilder.java:addTable(117)) - using custom profile for table: default
2019-10-23 22:21:31,808 [main] INFO  db.DBStoreBuilder (DBStoreBuilder.java:processTables(174)) - Using default column profile:DBProfile.DISK for Table:default
2019-10-23 22:21:31,809 [main] INFO  db.DBStoreBuilder (DBStoreBuilder.java:getDbProfile(205)) - Using default options. DBProfile.DISK
2019-10-23 22:21:32,305 [main] WARN  scm.HddsServerUtil (HddsServerUtil.java:getDefaultRatisDirectory(354)) - Storage directory for Ratis is not configured. It is a good idea to map this to an SSD disk. Falling back to ozone.metadata.dirs
2019-10-23 22:21:32,333 [main] INFO  ratis.OzoneManagerRatisServer (OzoneManagerRatisServer.java:<init>(243)) - Instantiating OM Ratis server with GroupID: omServiceIdDefault and Raft Peers: localhost:9872
2019-10-23 22:21:32,360 [main] INFO  impl.RaftServerProxy (ConfUtils.java:logGet(43)) - raft.rpc.type = GRPC (default)
2019-10-23 22:21:32,572 [main] INFO  grpc.GrpcFactory (GrpcFactory.java:checkPooledByteBufAllocatorUseCacheForAllThreads(45)) - PERFORMANCE WARNING: useCacheForAllThreads is true that may cause Netty to create a lot garbage objects and, as a result, trigger GC.
	It is recommended to disable useCacheForAllThreads by setting -Dorg.apache.ratis.thirdparty.io.netty.allocator.useCacheForAllThreads=false in command line.
2019-10-23 22:21:32,578 [main] INFO  grpc.GrpcConfigKeys$Server (ConfUtils.java:logGet(43)) - raft.grpc.server.port = 9872 (custom)
2019-10-23 22:21:32,579 [main] INFO  server.GrpcService (ConfUtils.java:logGet(43)) - raft.grpc.message.size.max = 33554432 (custom)
2019-10-23 22:21:32,581 [main] INFO  server.RaftServerConfigKeys (ConfUtils.java:logGet(43)) - raft.server.log.appender.buffer.byte-limit = 33554432 (custom)
2019-10-23 22:21:32,581 [main] INFO  server.GrpcService (ConfUtils.java:logGet(43)) - raft.grpc.flow.control.window = 1MB (=1048576) (default)
2019-10-23 22:21:32,582 [main] INFO  server.RaftServerConfigKeys (ConfUtils.java:logGet(43)) - raft.server.rpc.request.timeout = 3000ms (default)
2019-10-23 22:21:32,728 [main] INFO  server.RaftServerConfigKeys (ConfUtils.java:logGet(43)) - raft.server.storage.dir = [/workdir/hadoop-ozone/integration-test/target/test-dir/MiniOzoneClusterImpl-1227f15e-0d15-49c5-99be-ea5deb396080/ozone-meta/ratis] (custom)
2019-10-23 22:21:32,735 [main] INFO  impl.RaftServerProxy (RaftServerProxy.java:addNew(89)) - 31cea77f-fbb4-449a-b19d-16a887ffa45f: addNew group-C5BA1605619E:[31cea77f-fbb4-449a-b19d-16a887ffa45f:localhost:9872] returns group-C5BA1605619E:java.util.concurrent.CompletableFuture@69fa8e76[Not completed]
2019-10-23 22:21:32,736 [main] INFO  om.OzoneManager (OzoneManager.java:initializeRatisServer(1220)) - OzoneManager Ratis server initialized at port 9872
2019-10-23 22:21:32,739 [main] WARN  scm.HddsServerUtil (HddsServerUtil.java:getDefaultRatisDirectory(354)) - Storage directory for Ratis is not configured. It is a good idea to map this to an SSD disk. Falling back to ozone.metadata.dirs
2019-10-23 22:21:32,740 [main] WARN  scm.HddsServerUtil (HddsServerUtil.java:getDefaultRatisDirectory(354)) - Storage directory for Ratis is not configured. It is a good idea to map this to an SSD disk. Falling back to ozone.metadata.dirs
2019-10-23 22:21:32,752 [pool-22-thread-1] INFO  impl.RaftServerImpl (RaftServerImpl.java:<init>(104)) - 31cea77f-fbb4-449a-b19d-16a887ffa45f: new RaftServerImpl for group-C5BA1605619E:[31cea77f-fbb4-449a-b19d-16a887ffa45f:localhost:9872] with OzoneManagerStateMachine:uninitialized
2019-10-23 22:21:32,754 [pool-22-thread-1] INFO  server.RaftServerConfigKeys (ConfUtils.java:logGet(43)) - raft.server.rpc.timeout.min = 1s (custom)
2019-10-23 22:21:32,755 [pool-22-thread-1] INFO  server.RaftServerConfigKeys (ConfUtils.java:logGet(43)) - raft.server.rpc.timeout.max = 1200ms (custom)
2019-10-23 22:21:32,755 [pool-22-thread-1] INFO  server.RaftServerConfigKeys (ConfUtils.java:logGet(43)) - raft.server.rpcslowness.timeout = 120s (custom)
2019-10-23 22:21:32,755 [main] INFO  ipc.CallQueueManager (CallQueueManager.java:<init>(84)) - Using callQueue: class java.util.concurrent.LinkedBlockingQueue, queueCapacity: 2000, scheduler: class org.apache.hadoop.ipc.DefaultRpcScheduler, ipcBackoff: false.
2019-10-23 22:21:32,756 [pool-22-thread-1] INFO  server.RaftServerConfigKeys (ConfUtils.java:logGet(43)) - raft.server.sleep.deviation.threshold = 300 (default)
2019-10-23 22:21:32,756 [Socket Reader #1 for port 44238] INFO  ipc.Server (Server.java:run(1074)) - Starting Socket Reader #1 for port 44238
2019-10-23 22:21:32,757 [pool-22-thread-1] INFO  server.RaftServerConfigKeys (ConfUtils.java:logGet(43)) - raft.server.log.appender.install.snapshot.enabled = false (custom)
2019-10-23 22:21:32,767 [pool-22-thread-1] INFO  impl.RaftServerImpl (ServerState.java:<init>(103)) - 31cea77f-fbb4-449a-b19d-16a887ffa45f@group-C5BA1605619E: ConfigurationManager, init=-1: [31cea77f-fbb4-449a-b19d-16a887ffa45f:localhost:9872], old=null, confs=<EMPTY_MAP>
2019-10-23 22:21:32,767 [pool-22-thread-1] INFO  server.RaftServerConfigKeys (ConfUtils.java:logGet(43)) - raft.server.storage.dir = [/workdir/hadoop-ozone/integration-test/target/test-dir/MiniOzoneClusterImpl-1227f15e-0d15-49c5-99be-ea5deb396080/ozone-meta/ratis] (custom)
2019-10-23 22:21:32,777 [main] INFO  om.OzoneManager (OzoneManager.java:start(1074)) - OzoneManager RPC server is listening at localhost/127.0.0.1:44238
2019-10-23 22:21:32,778 [main] INFO  impl.MetricsSystemImpl (MetricsSystemImpl.java:init(158)) - OzoneManager metrics system started (again)
2019-10-23 22:21:32,778 [main] INFO  ratis.OzoneManagerRatisServer (OzoneManagerRatisServer.java:start(333)) - Starting OzoneManagerRatisServer 31cea77f-fbb4-449a-b19d-16a887ffa45f at port 9872
2019-10-23 22:21:32,779 [pool-22-thread-1] INFO  server.RaftServerConfigKeys (ConfUtils.java:logGet(43)) - raft.server.log.corruption.policy = EXCEPTION (default)
2019-10-23 22:21:32,781 [pool-22-thread-1] INFO  storage.RaftStorageDirectory (RaftStorageDirectory.java:analyzeStorage(246)) - The storage directory /workdir/hadoop-ozone/integration-test/target/test-dir/MiniOzoneClusterImpl-1227f15e-0d15-49c5-99be-ea5deb396080/ozone-meta/ratis/bf265839-605b-3f16-9796-c5ba1605619e does not exist. Creating ...
2019-10-23 22:21:32,836 [pool-22-thread-1] INFO  storage.RaftStorageDirectory (RaftStorageDirectory.java:tryLock(328)) - Lock on /workdir/hadoop-ozone/integration-test/target/test-dir/MiniOzoneClusterImpl-1227f15e-0d15-49c5-99be-ea5deb396080/ozone-meta/ratis/bf265839-605b-3f16-9796-c5ba1605619e/in_use.lock acquired by nodename 18664@pr-hdds-2311-7bgld-1842715332
2019-10-23 22:21:32,853 [pool-22-thread-1] INFO  storage.RaftStorage (RaftStorage.java:format(84)) - Storage directory /workdir/hadoop-ozone/integration-test/target/test-dir/MiniOzoneClusterImpl-1227f15e-0d15-49c5-99be-ea5deb396080/ozone-meta/ratis/bf265839-605b-3f16-9796-c5ba1605619e has been successfully formatted.
2019-10-23 22:21:32,864 [pool-22-thread-1] INFO  server.RaftServerConfigKeys (ConfUtils.java:logGet(43)) - raft.server.notification.no-leader.timeout = 120s (custom)
2019-10-23 22:21:32,870 [pool-22-thread-1] INFO  server.RaftServerConfigKeys (ConfUtils.java:logGet(43)) - raft.server.log.use.memory = false (default)
2019-10-23 22:21:32,878 [pool-22-thread-1] INFO  server.RaftServerConfigKeys (ConfUtils.java:logGet(43)) - raft.server.log.purge.gap = 1000000 (custom)
2019-10-23 22:21:32,879 [pool-22-thread-1] INFO  server.RaftServerConfigKeys (ConfUtils.java:logGet(43)) - raft.server.log.appender.buffer.byte-limit = 33554432 (custom)
2019-10-23 22:21:32,882 [pool-22-thread-1] INFO  server.RaftServerConfigKeys (ConfUtils.java:logGet(43)) - raft.server.log.segment.size.max = 16384 (custom)
2019-10-23 22:21:32,884 [pool-22-thread-1] INFO  impl.MetricsSystemImpl (MetricsSystemImpl.java:init(158)) - ratis metrics system started (again)
2019-10-23 22:21:32,889 [pool-22-thread-1] INFO  metrics.MetricRegistries (MetricRegistriesLoader.java:load(64)) - Loaded MetricRegistries class org.apache.ratis.metrics.impl.MetricRegistriesImpl
2019-10-23 22:21:32,935 [pool-22-thread-1] INFO  server.RaftServerConfigKeys (ConfUtils.java:logGet(43)) - raft.server.log.segment.cache.num.max = 2 (custom)
2019-10-23 22:21:32,941 [pool-22-thread-1] INFO  segmented.SegmentedRaftLogWorker (SegmentedRaftLogWorker.java:<init>(173)) - new 31cea77f-fbb4-449a-b19d-16a887ffa45f@group-C5BA1605619E-SegmentedRaftLogWorker for RaftStorage:Storage Directory /workdir/hadoop-ozone/integration-test/target/test-dir/MiniOzoneClusterImpl-1227f15e-0d15-49c5-99be-ea5deb396080/ozone-meta/ratis/bf265839-605b-3f16-9796-c5ba1605619e
2019-10-23 22:21:32,942 [pool-22-thread-1] INFO  server.RaftServerConfigKeys (ConfUtils.java:logGet(43)) - raft.server.log.queue.byte-limit = 64MB (=67108864) (default)
2019-10-23 22:21:32,942 [pool-22-thread-1] INFO  server.RaftServerConfigKeys (ConfUtils.java:logGet(43)) - raft.server.log.queue.element-limit = 4096 (default)
2019-10-23 22:21:32,944 [pool-22-thread-1] INFO  server.RaftServerConfigKeys (ConfUtils.java:logGet(43)) - raft.server.log.segment.size.max = 16384 (custom)
2019-10-23 22:21:32,944 [pool-22-thread-1] INFO  server.RaftServerConfigKeys (ConfUtils.java:logGet(43)) - raft.server.log.preallocated.size = 16384 (custom)
2019-10-23 22:21:32,945 [pool-22-thread-1] INFO  server.RaftServerConfigKeys (ConfUtils.java:logGet(43)) - raft.server.log.write.buffer.size = 64KB (=65536) (default)
2019-10-23 22:21:32,945 [pool-22-thread-1] INFO  server.RaftServerConfigKeys (ConfUtils.java:logGet(43)) - raft.server.log.force.sync.num = 128 (default)
2019-10-23 22:21:32,947 [pool-22-thread-1] INFO  server.RaftServerConfigKeys (ConfUtils.java:logGet(43)) - raft.server.log.statemachine.data.sync = true (default)
2019-10-23 22:21:32,947 [pool-22-thread-1] INFO  server.RaftServerConfigKeys (ConfUtils.java:logGet(43)) - raft.server.log.statemachine.data.sync.timeout = 10s (default)
2019-10-23 22:21:32,947 [pool-22-thread-1] INFO  server.RaftServerConfigKeys (ConfUtils.java:logGet(43)) - raft.server.log.statemachine.data.sync.timeout.retry = -1 (default)
2019-10-23 22:21:32,961 [pool-22-thread-1] INFO  server.RaftServerConfigKeys (ConfUtils.java:logGet(43)) - raft.server.log.statemachine.data.caching.enabled = false (default)
2019-10-23 22:21:32,967 [pool-22-thread-1] INFO  segmented.SegmentedRaftLogWorker (SegmentedRaftLogWorker.java:lambda$new$0(128)) - 31cea77f-fbb4-449a-b19d-16a887ffa45f@group-C5BA1605619E-SegmentedRaftLogWorker: flushIndex: setUnconditionally 0 -> -1
2019-10-23 22:21:32,979 [pool-22-thread-1] INFO  server.RaftServerConfigKeys (ConfUtils.java:logGet(43)) - raft.server.snapshot.auto.trigger.enabled = true (custom)
2019-10-23 22:21:32,980 [pool-22-thread-1] INFO  server.RaftServerConfigKeys (ConfUtils.java:logGet(43)) - raft.server.snapshot.auto.trigger.threshold = 400000 (default)
2019-10-23 22:21:32,981 [pool-22-thread-1] INFO  server.RaftServerConfigKeys (ConfUtils.java:logGet(43)) - raft.server.snapshot.retention.file.num = -1 (default)
2019-10-23 22:21:32,982 [pool-22-thread-1] INFO  server.RaftServerConfigKeys (ConfUtils.java:logGet(43)) - raft.server.retrycache.expirytime = 600000ms (custom)
2019-10-23 22:21:33,025 [main] INFO  impl.RaftServerImpl (RaftServerImpl.java:start(195)) - 31cea77f-fbb4-449a-b19d-16a887ffa45f@group-C5BA1605619E: start as a follower, conf=-1: [31cea77f-fbb4-449a-b19d-16a887ffa45f:localhost:9872], old=null
2019-10-23 22:21:33,029 [main] INFO  impl.RaftServerImpl (RaftServerImpl.java:setRole(184)) - 31cea77f-fbb4-449a-b19d-16a887ffa45f@group-C5BA1605619E: changes role from      null to FOLLOWER at term 0 for startAsFollower
2019-10-23 22:21:33,031 [main] INFO  impl.RoleInfo (RoleInfo.java:updateAndGet(143)) - 31cea77f-fbb4-449a-b19d-16a887ffa45f: start FollowerState
2019-10-23 22:21:33,034 [main] INFO  util.JmxRegister (JmxRegister.java:tryRegister(44)) - Successfully registered JMX Bean with object name Ratis:service=RaftServer,group=group-C5BA1605619E,id=31cea77f-fbb4-449a-b19d-16a887ffa45f
2019-10-23 22:21:33,054 [main] INFO  impl.RaftServerProxy (RaftServerProxy.java:lambda$start$3(299)) - 31cea77f-fbb4-449a-b19d-16a887ffa45f: start RPC server
2019-10-23 22:21:33,064 [Thread-93] INFO  impl.FollowerState (FollowerState.java:run(108)) - 31cea77f-fbb4-449a-b19d-16a887ffa45f@group-C5BA1605619E-FollowerState: change to CANDIDATE, lastRpcTime:33ms, electionTimeout:32ms
2019-10-23 22:21:33,067 [Thread-93] INFO  impl.RoleInfo (RoleInfo.java:shutdownFollowerState(121)) - 31cea77f-fbb4-449a-b19d-16a887ffa45f: shutdown FollowerState
2019-10-23 22:21:33,067 [Thread-93] INFO  impl.RaftServerImpl (RaftServerImpl.java:setRole(184)) - 31cea77f-fbb4-449a-b19d-16a887ffa45f@group-C5BA1605619E: changes role from  FOLLOWER to CANDIDATE at term 0 for changeToCandidate
2019-10-23 22:21:33,071 [Thread-93] INFO  impl.RoleInfo (RoleInfo.java:updateAndGet(143)) - 31cea77f-fbb4-449a-b19d-16a887ffa45f: start LeaderElection
2019-10-23 22:21:33,085 [31cea77f-fbb4-449a-b19d-16a887ffa45f@group-C5BA1605619E-LeaderElection1] INFO  impl.LeaderElection (LeaderElection.java:askForVotes(178)) - 31cea77f-fbb4-449a-b19d-16a887ffa45f@group-C5BA1605619E-LeaderElection1: begin an election at term 1 for -1: [31cea77f-fbb4-449a-b19d-16a887ffa45f:localhost:9872], old=null
2019-10-23 22:21:33,088 [31cea77f-fbb4-449a-b19d-16a887ffa45f@group-C5BA1605619E-LeaderElection1] INFO  impl.RoleInfo (RoleInfo.java:shutdownLeaderElection(134)) - 31cea77f-fbb4-449a-b19d-16a887ffa45f: shutdown LeaderElection
2019-10-23 22:21:33,089 [31cea77f-fbb4-449a-b19d-16a887ffa45f@group-C5BA1605619E-LeaderElection1] INFO  impl.RaftServerImpl (RaftServerImpl.java:setRole(184)) - 31cea77f-fbb4-449a-b19d-16a887ffa45f@group-C5BA1605619E: changes role from CANDIDATE to LEADER at term 1 for changeToLeader
2019-10-23 22:21:33,089 [31cea77f-fbb4-449a-b19d-16a887ffa45f@group-C5BA1605619E-LeaderElection1] INFO  impl.RaftServerImpl (ServerState.java:setLeader(256)) - 31cea77f-fbb4-449a-b19d-16a887ffa45f@group-C5BA1605619E: change Leader from null to 31cea77f-fbb4-449a-b19d-16a887ffa45f at term 1 for becomeLeader, leader elected after 225ms
2019-10-23 22:21:33,097 [31cea77f-fbb4-449a-b19d-16a887ffa45f@group-C5BA1605619E-LeaderElection1] INFO  server.RaftServerConfigKeys (ConfUtils.java:logGet(43)) - raft.server.staging.catchup.gap = 1000 (default)
2019-10-23 22:21:33,098 [31cea77f-fbb4-449a-b19d-16a887ffa45f@group-C5BA1605619E-LeaderElection1] INFO  server.RaftServerConfigKeys (ConfUtils.java:logGet(43)) - raft.server.rpc.sleep.time = 25ms (default)
2019-10-23 22:21:33,104 [31cea77f-fbb4-449a-b19d-16a887ffa45f@group-C5BA1605619E-LeaderElection1] INFO  server.RaftServerConfigKeys (ConfUtils.java:logGet(43)) - raft.server.write.element-limit = 4096 (default)
2019-10-23 22:21:33,110 [31cea77f-fbb4-449a-b19d-16a887ffa45f@group-C5BA1605619E-LeaderElection1] INFO  server.RaftServerConfigKeys (ConfUtils.java:logGet(43)) - raft.server.watch.timeout = 10s (default)
2019-10-23 22:21:33,111 [31cea77f-fbb4-449a-b19d-16a887ffa45f@group-C5BA1605619E-LeaderElection1] INFO  server.RaftServerConfigKeys (ConfUtils.java:logGet(43)) - raft.server.watch.timeout.denomination = 1s (default)
2019-10-23 22:21:33,112 [31cea77f-fbb4-449a-b19d-16a887ffa45f@group-C5BA1605619E-LeaderElection1] INFO  server.RaftServerConfigKeys (ConfUtils.java:logGet(43)) - raft.server.watch.element-limit = 65536 (default)
2019-10-23 22:21:33,135 [31cea77f-fbb4-449a-b19d-16a887ffa45f@group-C5BA1605619E-LeaderElection1] INFO  impl.RoleInfo (RoleInfo.java:updateAndGet(143)) - 31cea77f-fbb4-449a-b19d-16a887ffa45f: start LeaderState
2019-10-23 22:21:33,164 [31cea77f-fbb4-449a-b19d-16a887ffa45f@group-C5BA1605619E-LeaderElection1] INFO  segmented.SegmentedRaftLogWorker (SegmentedRaftLogWorker.java:startLogSegment(385)) - 31cea77f-fbb4-449a-b19d-16a887ffa45f@group-C5BA1605619E-SegmentedRaftLogWorker: Starting segment from index:0
2019-10-23 22:21:33,184 [31cea77f-fbb4-449a-b19d-16a887ffa45f@group-C5BA1605619E-LeaderElection1] INFO  impl.RaftServerImpl (ServerState.java:setRaftConf(357)) - 31cea77f-fbb4-449a-b19d-16a887ffa45f@group-C5BA1605619E: set configuration 0: [31cea77f-fbb4-449a-b19d-16a887ffa45f:localhost:9872], old=null at 0
2019-10-23 22:21:33,196 [main] INFO  server.GrpcService (GrpcService.java:startImpl(158)) - 31cea77f-fbb4-449a-b19d-16a887ffa45f: GrpcService started, listening on 0.0.0.0/0.0.0.0:9872
2019-10-23 22:21:33,208 [IPC Server Responder] INFO  ipc.Server (Server.java:run(1314)) - IPC Server Responder: starting
2019-10-23 22:21:33,209 [IPC Server listener on 44238] INFO  ipc.Server (Server.java:run(1153)) - IPC Server listener on 44238: starting
2019-10-23 22:21:33,217 [main] INFO  hdfs.DFSUtil (DFSUtil.java:httpServerTemplateForNNAndJN(1641)) - Starting Web-server for ozoneManager at: http://0.0.0.0:0
2019-10-23 22:21:33,222 [main] INFO  server.AuthenticationFilter (AuthenticationFilter.java:constructSecretProvider(240)) - Unable to initialize FileSignerSecretProvider, falling back to use random secrets.
2019-10-23 22:21:33,224 [main] WARN  http.HttpRequestLog (HttpRequestLog.java:getRequestLog(97)) - Jetty request log can only be enabled using Log4j
2019-10-23 22:21:33,227 [main] INFO  http.HttpServer2 (HttpServer2.java:addGlobalFilter(975)) - Added global filter 'safety' (class=org.apache.hadoop.http.HttpServer2$QuotingInputFilter)
2019-10-23 22:21:33,229 [main] INFO  http.HttpServer2 (HttpServer2.java:addFilter(948)) - Added filter static_user_filter (class=org.apache.hadoop.http.lib.StaticUserWebFilter$StaticUserFilter) to context ozoneManager
2019-10-23 22:21:33,229 [main] INFO  http.HttpServer2 (HttpServer2.java:addFilter(958)) - Added filter static_user_filter (class=org.apache.hadoop.http.lib.StaticUserWebFilter$StaticUserFilter) to context static
2019-10-23 22:21:33,229 [main] INFO  http.HttpServer2 (HttpServer2.java:addFilter(958)) - Added filter static_user_filter (class=org.apache.hadoop.http.lib.StaticUserWebFilter$StaticUserFilter) to context logs
2019-10-23 22:21:33,233 [main] INFO  http.HttpServer2 (HttpServer2.java:bindListener(1191)) - Jetty bound to port 44584
2019-10-23 22:21:33,234 [main] INFO  server.Server (Server.java:doStart(351)) - jetty-9.3.25.v20180904, build timestamp: 2018-09-04T21:11:46Z, git hash: 3ce520221d0240229c862b122d2b06c12a625732
2019-10-23 22:21:33,237 [main] INFO  handler.ContextHandler (ContextHandler.java:doStart(781)) - Started o.e.j.s.ServletContextHandler@4867ab9f{/logs,file:///workdir/hadoop-ozone/integration-test/target/log,AVAILABLE}
2019-10-23 22:21:33,238 [main] INFO  handler.ContextHandler (ContextHandler.java:doStart(781)) - Started o.e.j.s.ServletContextHandler@5fe7f967{/static,file:///workdir/hadoop-ozone/integration-test/target/test-classes/webapps/static,AVAILABLE}
2019-10-23 22:21:33,246 [main] INFO  handler.ContextHandler (ContextHandler.java:doStart(781)) - Started o.e.j.w.WebAppContext@6ba30587{/,file:///workdir/hadoop-ozone/integration-test/target/test-classes/webapps/ozoneManager/,AVAILABLE}{/ozoneManager}
2019-10-23 22:21:33,248 [main] INFO  server.AbstractConnector (AbstractConnector.java:doStart(278)) - Started ServerConnector@35764bef{HTTP/1.1,[http/1.1]}{0.0.0.0:44584}
2019-10-23 22:21:33,248 [main] INFO  server.Server (Server.java:doStart(419)) - Started @5153ms
2019-10-23 22:21:33,249 [main] WARN  impl.MetricsSystemImpl (MetricsSystemImpl.java:register(276)) - Sink prometheus already exists!
2019-10-23 22:21:33,251 [main] INFO  server.BaseHttpServer (BaseHttpServer.java:updateConnectorAddress(215)) - HTTP server of OZONEMANAGER is listening at http://0.0.0.0:44584
2019-10-23 22:21:33,370 [31cea77f-fbb4-449a-b19d-16a887ffa45f@group-C5BA1605619E-SegmentedRaftLogWorker] INFO  segmented.SegmentedRaftLogWorker (SegmentedRaftLogWorker.java:execute(576)) - 31cea77f-fbb4-449a-b19d-16a887ffa45f@group-C5BA1605619E-SegmentedRaftLogWorker: created new log segment /workdir/hadoop-ozone/integration-test/target/test-dir/MiniOzoneClusterImpl-1227f15e-0d15-49c5-99be-ea5deb396080/ozone-meta/ratis/bf265839-605b-3f16-9796-c5ba1605619e/current/log_inprogress_0
2019-10-23 22:21:33,389 [main] INFO  impl.MetricsSystemImpl (MetricsSystemImpl.java:init(158)) - HddsDatanode metrics system started (again)
2019-10-23 22:21:33,431 [main] INFO  ozone.HddsDatanodeService (HddsDatanodeService.java:start(184)) - HddsDatanodeService host:pr-hdds-2311-7bgld-1842715332 ip:192.168.157.195
2019-10-23 22:21:33,459 [main] INFO  volume.HddsVolume (HddsVolume.java:<init>(176)) - Creating Volume: /workdir/hadoop-ozone/integration-test/target/test-dir/MiniOzoneClusterImpl-1227f15e-0d15-49c5-99be-ea5deb396080/datanode-0/data/containers/hdds of  storage type : DISK and capacity : 1482555576320
2019-10-23 22:21:33,460 [main] INFO  volume.VolumeSet (VolumeSet.java:initializeVolumeSet(170)) - Added Volume : /workdir/hadoop-ozone/integration-test/target/test-dir/MiniOzoneClusterImpl-1227f15e-0d15-49c5-99be-ea5deb396080/datanode-0/data/containers/hdds to VolumeSet
2019-10-23 22:21:33,463 [main] INFO  volume.ThrottledAsyncChecker (ThrottledAsyncChecker.java:schedule(141)) - Scheduling a check for /workdir/hadoop-ozone/integration-test/target/test-dir/MiniOzoneClusterImpl-1227f15e-0d15-49c5-99be-ea5deb396080/datanode-0/data/containers/hdds
2019-10-23 22:21:33,477 [main] INFO  volume.HddsVolumeChecker (HddsVolumeChecker.java:checkAllVolumes(204)) - Scheduled health check for volume /workdir/hadoop-ozone/integration-test/target/test-dir/MiniOzoneClusterImpl-1227f15e-0d15-49c5-99be-ea5deb396080/datanode-0/data/containers/hdds
2019-10-23 22:21:33,546 [main] INFO  impl.RaftServerProxy (ConfUtils.java:logGet(43)) - raft.rpc.type = GRPC (default)
2019-10-23 22:21:33,547 [main] INFO  grpc.GrpcFactory (GrpcFactory.java:checkPooledByteBufAllocatorUseCacheForAllThreads(45)) - PERFORMANCE WARNING: useCacheForAllThreads is true that may cause Netty to create a lot garbage objects and, as a result, trigger GC.
	It is recommended to disable useCacheForAllThreads by setting -Dorg.apache.ratis.thirdparty.io.netty.allocator.useCacheForAllThreads=false in command line.
2019-10-23 22:21:33,547 [main] INFO  grpc.GrpcConfigKeys$Server (ConfUtils.java:logGet(43)) - raft.grpc.server.port = 0 (default)
2019-10-23 22:21:33,547 [main] INFO  server.GrpcService (ConfUtils.java:logGet(43)) - raft.grpc.message.size.max = 33570816 (custom)
2019-10-23 22:21:33,547 [main] INFO  server.RaftServerConfigKeys (ConfUtils.java:logGet(43)) - raft.server.log.appender.buffer.byte-limit = 33554432 (custom)
2019-10-23 22:21:33,548 [main] INFO  server.GrpcService (ConfUtils.java:logGet(43)) - raft.grpc.flow.control.window = 1MB (=1048576) (default)
2019-10-23 22:21:33,548 [main] INFO  server.RaftServerConfigKeys (ConfUtils.java:logGet(43)) - raft.server.rpc.request.timeout = 3000ms (default)
2019-10-23 22:21:33,549 [main] INFO  server.RaftServerConfigKeys (ConfUtils.java:logGet(43)) - raft.server.storage.dir = [/workdir/hadoop-ozone/integration-test/target/test-dir/MiniOzoneClusterImpl-1227f15e-0d15-49c5-99be-ea5deb396080/datanode-0/data/ratis] (custom)
2019-10-23 22:21:33,595 [main] INFO  hdfs.DFSUtil (DFSUtil.java:httpServerTemplateForNNAndJN(1641)) - Starting Web-server for hddsDatanode at: http://0.0.0.0:0
2019-10-23 22:21:33,598 [main] INFO  server.AuthenticationFilter (AuthenticationFilter.java:constructSecretProvider(240)) - Unable to initialize FileSignerSecretProvider, falling back to use random secrets.
2019-10-23 22:21:33,599 [main] WARN  http.HttpRequestLog (HttpRequestLog.java:getRequestLog(97)) - Jetty request log can only be enabled using Log4j
2019-10-23 22:21:33,602 [main] INFO  http.HttpServer2 (HttpServer2.java:addGlobalFilter(975)) - Added global filter 'safety' (class=org.apache.hadoop.http.HttpServer2$QuotingInputFilter)
2019-10-23 22:21:33,603 [main] INFO  http.HttpServer2 (HttpServer2.java:addFilter(948)) - Added filter static_user_filter (class=org.apache.hadoop.http.lib.StaticUserWebFilter$StaticUserFilter) to context hddsDatanode
2019-10-23 22:21:33,603 [main] INFO  http.HttpServer2 (HttpServer2.java:addFilter(958)) - Added filter static_user_filter (class=org.apache.hadoop.http.lib.StaticUserWebFilter$StaticUserFilter) to context logs
2019-10-23 22:21:33,603 [main] INFO  http.HttpServer2 (HttpServer2.java:addFilter(958)) - Added filter static_user_filter (class=org.apache.hadoop.http.lib.StaticUserWebFilter$StaticUserFilter) to context static
2019-10-23 22:21:33,605 [main] INFO  http.HttpServer2 (HttpServer2.java:bindListener(1191)) - Jetty bound to port 33411
2019-10-23 22:21:33,605 [main] INFO  server.Server (Server.java:doStart(351)) - jetty-9.3.25.v20180904, build timestamp: 2018-09-04T21:11:46Z, git hash: 3ce520221d0240229c862b122d2b06c12a625732
2019-10-23 22:21:33,609 [main] INFO  handler.ContextHandler (ContextHandler.java:doStart(781)) - Started o.e.j.s.ServletContextHandler@7c8c70d6{/logs,file:///workdir/hadoop-ozone/integration-test/target/log,AVAILABLE}
2019-10-23 22:21:33,610 [main] INFO  handler.ContextHandler (ContextHandler.java:doStart(781)) - Started o.e.j.s.ServletContextHandler@6edf29c1{/static,jar:file:/home/user/.m2/repository/org/apache/hadoop/hadoop-hdds-container-service/0.5.0-SNAPSHOT/hadoop-hdds-container-service-0.5.0-SNAPSHOT.jar!/webapps/static,AVAILABLE}
2019-10-23 22:21:33,657 [main] INFO  handler.ContextHandler (ContextHandler.java:doStart(781)) - Started o.e.j.w.WebAppContext@57272109{/,file:///tmp/jetty-0.0.0.0-33411-hddsDatanode-_-any-4988900546794759972.dir/webapp/,AVAILABLE}{/hddsDatanode}
2019-10-23 22:21:33,658 [main] INFO  server.AbstractConnector (AbstractConnector.java:doStart(278)) - Started ServerConnector@59696551{HTTP/1.1,[http/1.1]}{0.0.0.0:33411}
2019-10-23 22:21:33,660 [main] INFO  server.Server (Server.java:doStart(419)) - Started @5563ms
2019-10-23 22:21:33,660 [main] WARN  impl.MetricsSystemImpl (MetricsSystemImpl.java:register(276)) - Sink prometheus already exists!
2019-10-23 22:21:33,661 [main] INFO  server.BaseHttpServer (BaseHttpServer.java:updateConnectorAddress(215)) - HTTP server of HDDSDATANODE is listening at http://0.0.0.0:33411
2019-10-23 22:21:33,663 [main] INFO  impl.MetricsSystemImpl (MetricsSystemImpl.java:init(158)) - HddsDatanode metrics system started (again)
2019-10-23 22:21:33,667 [main] INFO  ozone.HddsDatanodeService (HddsDatanodeService.java:start(184)) - HddsDatanodeService host:pr-hdds-2311-7bgld-1842715332 ip:192.168.157.195
2019-10-23 22:21:33,670 [org.apache.hadoop.util.JvmPauseMonitor$Monitor@454adb5c] INFO  util.JvmPauseMonitor (JvmPauseMonitor.java:run(188)) - Starting JVM pause monitor
2019-10-23 22:21:33,678 [main] INFO  volume.HddsVolume (HddsVolume.java:<init>(176)) - Creating Volume: /workdir/hadoop-ozone/integration-test/target/test-dir/MiniOzoneClusterImpl-1227f15e-0d15-49c5-99be-ea5deb396080/datanode-1/data/containers/hdds of  storage type : DISK and capacity : 1482555576320
2019-10-23 22:21:33,678 [main] INFO  volume.VolumeSet (VolumeSet.java:initializeVolumeSet(170)) - Added Volume : /workdir/hadoop-ozone/integration-test/target/test-dir/MiniOzoneClusterImpl-1227f15e-0d15-49c5-99be-ea5deb396080/datanode-1/data/containers/hdds to VolumeSet
2019-10-23 22:21:33,679 [main] INFO  volume.ThrottledAsyncChecker (ThrottledAsyncChecker.java:schedule(141)) - Scheduling a check for /workdir/hadoop-ozone/integration-test/target/test-dir/MiniOzoneClusterImpl-1227f15e-0d15-49c5-99be-ea5deb396080/datanode-1/data/containers/hdds
2019-10-23 22:21:33,679 [main] INFO  volume.HddsVolumeChecker (HddsVolumeChecker.java:checkAllVolumes(204)) - Scheduled health check for volume /workdir/hadoop-ozone/integration-test/target/test-dir/MiniOzoneClusterImpl-1227f15e-0d15-49c5-99be-ea5deb396080/datanode-1/data/containers/hdds
2019-10-23 22:21:33,704 [main] INFO  impl.RaftServerProxy (ConfUtils.java:logGet(43)) - raft.rpc.type = GRPC (default)
2019-10-23 22:21:33,704 [main] INFO  grpc.GrpcFactory (GrpcFactory.java:checkPooledByteBufAllocatorUseCacheForAllThreads(45)) - PERFORMANCE WARNING: useCacheForAllThreads is true that may cause Netty to create a lot garbage objects and, as a result, trigger GC.
	It is recommended to disable useCacheForAllThreads by setting -Dorg.apache.ratis.thirdparty.io.netty.allocator.useCacheForAllThreads=false in command line.
2019-10-23 22:21:33,705 [main] INFO  grpc.GrpcConfigKeys$Server (ConfUtils.java:logGet(43)) - raft.grpc.server.port = 0 (default)
2019-10-23 22:21:33,705 [main] INFO  server.GrpcService (ConfUtils.java:logGet(43)) - raft.grpc.message.size.max = 33570816 (custom)
2019-10-23 22:21:33,705 [main] INFO  server.RaftServerConfigKeys (ConfUtils.java:logGet(43)) - raft.server.log.appender.buffer.byte-limit = 33554432 (custom)
2019-10-23 22:21:33,706 [main] INFO  server.GrpcService (ConfUtils.java:logGet(43)) - raft.grpc.flow.control.window = 1MB (=1048576) (default)
2019-10-23 22:21:33,706 [main] INFO  server.RaftServerConfigKeys (ConfUtils.java:logGet(43)) - raft.server.rpc.request.timeout = 3000ms (default)
2019-10-23 22:21:33,707 [main] INFO  server.RaftServerConfigKeys (ConfUtils.java:logGet(43)) - raft.server.storage.dir = [/workdir/hadoop-ozone/integration-test/target/test-dir/MiniOzoneClusterImpl-1227f15e-0d15-49c5-99be-ea5deb396080/datanode-1/data/ratis] (custom)
2019-10-23 22:21:33,709 [main] INFO  hdfs.DFSUtil (DFSUtil.java:httpServerTemplateForNNAndJN(1641)) - Starting Web-server for hddsDatanode at: http://0.0.0.0:0
2019-10-23 22:21:33,712 [main] INFO  server.AuthenticationFilter (AuthenticationFilter.java:constructSecretProvider(240)) - Unable to initialize FileSignerSecretProvider, falling back to use random secrets.
2019-10-23 22:21:33,712 [main] WARN  http.HttpRequestLog (HttpRequestLog.java:getRequestLog(97)) - Jetty request log can only be enabled using Log4j
2019-10-23 22:21:33,714 [main] INFO  http.HttpServer2 (HttpServer2.java:addGlobalFilter(975)) - Added global filter 'safety' (class=org.apache.hadoop.http.HttpServer2$QuotingInputFilter)
2019-10-23 22:21:33,715 [main] INFO  http.HttpServer2 (HttpServer2.java:addFilter(948)) - Added filter static_user_filter (class=org.apache.hadoop.http.lib.StaticUserWebFilter$StaticUserFilter) to context hddsDatanode
2019-10-23 22:21:33,716 [main] INFO  http.HttpServer2 (HttpServer2.java:addFilter(958)) - Added filter static_user_filter (class=org.apache.hadoop.http.lib.StaticUserWebFilter$StaticUserFilter) to context logs
2019-10-23 22:21:33,716 [main] INFO  http.HttpServer2 (HttpServer2.java:addFilter(958)) - Added filter static_user_filter (class=org.apache.hadoop.http.lib.StaticUserWebFilter$StaticUserFilter) to context static
2019-10-23 22:21:33,717 [main] INFO  http.HttpServer2 (HttpServer2.java:bindListener(1191)) - Jetty bound to port 33592
2019-10-23 22:21:33,717 [main] INFO  server.Server (Server.java:doStart(351)) - jetty-9.3.25.v20180904, build timestamp: 2018-09-04T21:11:46Z, git hash: 3ce520221d0240229c862b122d2b06c12a625732
2019-10-23 22:21:33,721 [main] INFO  handler.ContextHandler (ContextHandler.java:doStart(781)) - Started o.e.j.s.ServletContextHandler@19a64eae{/logs,file:///workdir/hadoop-ozone/integration-test/target/log,AVAILABLE}
2019-10-23 22:21:33,722 [main] INFO  handler.ContextHandler (ContextHandler.java:doStart(781)) - Started o.e.j.s.ServletContextHandler@2da3b078{/static,jar:file:/home/user/.m2/repository/org/apache/hadoop/hadoop-hdds-container-service/0.5.0-SNAPSHOT/hadoop-hdds-container-service-0.5.0-SNAPSHOT.jar!/webapps/static,AVAILABLE}
2019-10-23 22:21:33,763 [main] INFO  handler.ContextHandler (ContextHandler.java:doStart(781)) - Started o.e.j.w.WebAppContext@56cfe111{/,file:///tmp/jetty-0.0.0.0-33592-hddsDatanode-_-any-4513559223814336245.dir/webapp/,AVAILABLE}{/hddsDatanode}
2019-10-23 22:21:33,763 [main] INFO  server.AbstractConnector (AbstractConnector.java:doStart(278)) - Started ServerConnector@7e446d92{HTTP/1.1,[http/1.1]}{0.0.0.0:33592}
2019-10-23 22:21:33,764 [main] INFO  server.Server (Server.java:doStart(419)) - Started @5668ms
2019-10-23 22:21:33,765 [main] WARN  impl.MetricsSystemImpl (MetricsSystemImpl.java:register(276)) - Sink prometheus already exists!
2019-10-23 22:21:33,766 [main] INFO  server.BaseHttpServer (BaseHttpServer.java:updateConnectorAddress(215)) - HTTP server of HDDSDATANODE is listening at http://0.0.0.0:33592
2019-10-23 22:21:33,766 [main] INFO  impl.MetricsSystemImpl (MetricsSystemImpl.java:init(158)) - HddsDatanode metrics system started (again)
2019-10-23 22:21:33,770 [org.apache.hadoop.util.JvmPauseMonitor$Monitor@2856d1a] INFO  util.JvmPauseMonitor (JvmPauseMonitor.java:run(188)) - Starting JVM pause monitor
2019-10-23 22:21:33,770 [main] INFO  ozone.HddsDatanodeService (HddsDatanodeService.java:start(184)) - HddsDatanodeService host:pr-hdds-2311-7bgld-1842715332 ip:192.168.157.195
2019-10-23 22:21:33,780 [main] INFO  volume.HddsVolume (HddsVolume.java:<init>(176)) - Creating Volume: /workdir/hadoop-ozone/integration-test/target/test-dir/MiniOzoneClusterImpl-1227f15e-0d15-49c5-99be-ea5deb396080/datanode-2/data/containers/hdds of  storage type : DISK and capacity : 1482555576320
2019-10-23 22:21:33,781 [main] INFO  volume.VolumeSet (VolumeSet.java:initializeVolumeSet(170)) - Added Volume : /workdir/hadoop-ozone/integration-test/target/test-dir/MiniOzoneClusterImpl-1227f15e-0d15-49c5-99be-ea5deb396080/datanode-2/data/containers/hdds to VolumeSet
2019-10-23 22:21:33,781 [main] INFO  volume.ThrottledAsyncChecker (ThrottledAsyncChecker.java:schedule(141)) - Scheduling a check for /workdir/hadoop-ozone/integration-test/target/test-dir/MiniOzoneClusterImpl-1227f15e-0d15-49c5-99be-ea5deb396080/datanode-2/data/containers/hdds
2019-10-23 22:21:33,782 [main] INFO  volume.HddsVolumeChecker (HddsVolumeChecker.java:checkAllVolumes(204)) - Scheduled health check for volume /workdir/hadoop-ozone/integration-test/target/test-dir/MiniOzoneClusterImpl-1227f15e-0d15-49c5-99be-ea5deb396080/datanode-2/data/containers/hdds
2019-10-23 22:21:33,792 [Datanode State Machine Thread - 0] INFO  datanode.InitDatanodeState (InitDatanodeState.java:persistContainerDatanodeDetails(140)) - DatanodeDetails is persisted to /workdir/hadoop-ozone/integration-test/target/test-dir/MiniOzoneClusterImpl-1227f15e-0d15-49c5-99be-ea5deb396080/datanode-0/meta/datanode.id
2019-10-23 22:21:33,795 [Datanode State Machine Thread - 0] INFO  datanode.InitDatanodeState (InitDatanodeState.java:persistContainerDatanodeDetails(140)) - DatanodeDetails is persisted to /workdir/hadoop-ozone/integration-test/target/test-dir/MiniOzoneClusterImpl-1227f15e-0d15-49c5-99be-ea5deb396080/datanode-1/meta/datanode.id
2019-10-23 22:21:33,804 [main] INFO  impl.RaftServerProxy (ConfUtils.java:logGet(43)) - raft.rpc.type = GRPC (default)
2019-10-23 22:21:33,804 [main] INFO  grpc.GrpcFactory (GrpcFactory.java:checkPooledByteBufAllocatorUseCacheForAllThreads(45)) - PERFORMANCE WARNING: useCacheForAllThreads is true that may cause Netty to create a lot garbage objects and, as a result, trigger GC.
	It is recommended to disable useCacheForAllThreads by setting -Dorg.apache.ratis.thirdparty.io.netty.allocator.useCacheForAllThreads=false in command line.
2019-10-23 22:21:33,805 [main] INFO  grpc.GrpcConfigKeys$Server (ConfUtils.java:logGet(43)) - raft.grpc.server.port = 0 (default)
2019-10-23 22:21:33,805 [main] INFO  server.GrpcService (ConfUtils.java:logGet(43)) - raft.grpc.message.size.max = 33570816 (custom)
2019-10-23 22:21:33,805 [main] INFO  server.RaftServerConfigKeys (ConfUtils.java:logGet(43)) - raft.server.log.appender.buffer.byte-limit = 33554432 (custom)
2019-10-23 22:21:33,805 [main] INFO  server.GrpcService (ConfUtils.java:logGet(43)) - raft.grpc.flow.control.window = 1MB (=1048576) (default)
2019-10-23 22:21:33,806 [main] INFO  server.RaftServerConfigKeys (ConfUtils.java:logGet(43)) - raft.server.rpc.request.timeout = 3000ms (default)
2019-10-23 22:21:33,807 [main] INFO  server.RaftServerConfigKeys (ConfUtils.java:logGet(43)) - raft.server.storage.dir = [/workdir/hadoop-ozone/integration-test/target/test-dir/MiniOzoneClusterImpl-1227f15e-0d15-49c5-99be-ea5deb396080/datanode-2/data/ratis] (custom)
2019-10-23 22:21:33,809 [main] INFO  hdfs.DFSUtil (DFSUtil.java:httpServerTemplateForNNAndJN(1641)) - Starting Web-server for hddsDatanode at: http://0.0.0.0:0
2019-10-23 22:21:33,811 [main] INFO  server.AuthenticationFilter (AuthenticationFilter.java:constructSecretProvider(240)) - Unable to initialize FileSignerSecretProvider, falling back to use random secrets.
2019-10-23 22:21:33,812 [main] WARN  http.HttpRequestLog (HttpRequestLog.java:getRequestLog(97)) - Jetty request log can only be enabled using Log4j
2019-10-23 22:21:33,814 [main] INFO  http.HttpServer2 (HttpServer2.java:addGlobalFilter(975)) - Added global filter 'safety' (class=org.apache.hadoop.http.HttpServer2$QuotingInputFilter)
2019-10-23 22:21:33,815 [main] INFO  http.HttpServer2 (HttpServer2.java:addFilter(948)) - Added filter static_user_filter (class=org.apache.hadoop.http.lib.StaticUserWebFilter$StaticUserFilter) to context hddsDatanode
2019-10-23 22:21:33,815 [main] INFO  http.HttpServer2 (HttpServer2.java:addFilter(958)) - Added filter static_user_filter (class=org.apache.hadoop.http.lib.StaticUserWebFilter$StaticUserFilter) to context logs
2019-10-23 22:21:33,816 [main] INFO  http.HttpServer2 (HttpServer2.java:addFilter(958)) - Added filter static_user_filter (class=org.apache.hadoop.http.lib.StaticUserWebFilter$StaticUserFilter) to context static
2019-10-23 22:21:33,817 [main] INFO  http.HttpServer2 (HttpServer2.java:bindListener(1191)) - Jetty bound to port 36258
2019-10-23 22:21:33,817 [main] INFO  server.Server (Server.java:doStart(351)) - jetty-9.3.25.v20180904, build timestamp: 2018-09-04T21:11:46Z, git hash: 3ce520221d0240229c862b122d2b06c12a625732
2019-10-23 22:21:33,820 [main] INFO  handler.ContextHandler (ContextHandler.java:doStart(781)) - Started o.e.j.s.ServletContextHandler@51ec2856{/logs,file:///workdir/hadoop-ozone/integration-test/target/log,AVAILABLE}
2019-10-23 22:21:33,821 [main] INFO  handler.ContextHandler (ContextHandler.java:doStart(781)) - Started o.e.j.s.ServletContextHandler@1caa9eb6{/static,jar:file:/home/user/.m2/repository/org/apache/hadoop/hadoop-hdds-container-service/0.5.0-SNAPSHOT/hadoop-hdds-container-service-0.5.0-SNAPSHOT.jar!/webapps/static,AVAILABLE}
2019-10-23 22:21:33,868 [main] INFO  handler.ContextHandler (ContextHandler.java:doStart(781)) - Started o.e.j.w.WebAppContext@3722c145{/,file:///tmp/jetty-0.0.0.0-36258-hddsDatanode-_-any-4175064351909224686.dir/webapp/,AVAILABLE}{/hddsDatanode}
2019-10-23 22:21:33,869 [main] INFO  server.AbstractConnector (AbstractConnector.java:doStart(278)) - Started ServerConnector@4cbc2e3b{HTTP/1.1,[http/1.1]}{0.0.0.0:36258}
2019-10-23 22:21:33,869 [main] INFO  server.Server (Server.java:doStart(419)) - Started @5774ms
2019-10-23 22:21:33,870 [main] WARN  impl.MetricsSystemImpl (MetricsSystemImpl.java:register(276)) - Sink prometheus already exists!
2019-10-23 22:21:33,871 [main] INFO  server.BaseHttpServer (BaseHttpServer.java:updateConnectorAddress(215)) - HTTP server of HDDSDATANODE is listening at http://0.0.0.0:36258
2019-10-23 22:21:33,871 [main] INFO  impl.MetricsSystemImpl (MetricsSystemImpl.java:init(158)) - HddsDatanode metrics system started (again)
2019-10-23 22:21:33,874 [main] INFO  ozone.HddsDatanodeService (HddsDatanodeService.java:start(184)) - HddsDatanodeService host:pr-hdds-2311-7bgld-1842715332 ip:192.168.157.195
2019-10-23 22:21:33,875 [org.apache.hadoop.util.JvmPauseMonitor$Monitor@4604c0d1] INFO  util.JvmPauseMonitor (JvmPauseMonitor.java:run(188)) - Starting JVM pause monitor
2019-10-23 22:21:33,878 [Datanode State Machine Thread - 0] INFO  datanode.InitDatanodeState (InitDatanodeState.java:persistContainerDatanodeDetails(140)) - DatanodeDetails is persisted to /workdir/hadoop-ozone/integration-test/target/test-dir/MiniOzoneClusterImpl-1227f15e-0d15-49c5-99be-ea5deb396080/datanode-2/meta/datanode.id
2019-10-23 22:21:33,883 [main] INFO  volume.HddsVolume (HddsVolume.java:<init>(176)) - Creating Volume: /workdir/hadoop-ozone/integration-test/target/test-dir/MiniOzoneClusterImpl-1227f15e-0d15-49c5-99be-ea5deb396080/datanode-3/data/containers/hdds of  storage type : DISK and capacity : 1482555576320
2019-10-23 22:21:33,883 [main] INFO  volume.VolumeSet (VolumeSet.java:initializeVolumeSet(170)) - Added Volume : /workdir/hadoop-ozone/integration-test/target/test-dir/MiniOzoneClusterImpl-1227f15e-0d15-49c5-99be-ea5deb396080/datanode-3/data/containers/hdds to VolumeSet
2019-10-23 22:21:33,883 [main] INFO  volume.ThrottledAsyncChecker (ThrottledAsyncChecker.java:schedule(141)) - Scheduling a check for /workdir/hadoop-ozone/integration-test/target/test-dir/MiniOzoneClusterImpl-1227f15e-0d15-49c5-99be-ea5deb396080/datanode-3/data/containers/hdds
2019-10-23 22:21:33,884 [main] INFO  volume.HddsVolumeChecker (HddsVolumeChecker.java:checkAllVolumes(204)) - Scheduled health check for volume /workdir/hadoop-ozone/integration-test/target/test-dir/MiniOzoneClusterImpl-1227f15e-0d15-49c5-99be-ea5deb396080/datanode-3/data/containers/hdds
2019-10-23 22:21:33,903 [main] INFO  impl.RaftServerProxy (ConfUtils.java:logGet(43)) - raft.rpc.type = GRPC (default)
2019-10-23 22:21:33,904 [main] INFO  grpc.GrpcFactory (GrpcFactory.java:checkPooledByteBufAllocatorUseCacheForAllThreads(45)) - PERFORMANCE WARNING: useCacheForAllThreads is true that may cause Netty to create a lot garbage objects and, as a result, trigger GC.
	It is recommended to disable useCacheForAllThreads by setting -Dorg.apache.ratis.thirdparty.io.netty.allocator.useCacheForAllThreads=false in command line.
2019-10-23 22:21:33,904 [main] INFO  grpc.GrpcConfigKeys$Server (ConfUtils.java:logGet(43)) - raft.grpc.server.port = 0 (default)
2019-10-23 22:21:33,904 [main] INFO  server.GrpcService (ConfUtils.java:logGet(43)) - raft.grpc.message.size.max = 33570816 (custom)
2019-10-23 22:21:33,904 [main] INFO  server.RaftServerConfigKeys (ConfUtils.java:logGet(43)) - raft.server.log.appender.buffer.byte-limit = 33554432 (custom)
2019-10-23 22:21:33,905 [main] INFO  server.GrpcService (ConfUtils.java:logGet(43)) - raft.grpc.flow.control.window = 1MB (=1048576) (default)
2019-10-23 22:21:33,905 [main] INFO  server.RaftServerConfigKeys (ConfUtils.java:logGet(43)) - raft.server.rpc.request.timeout = 3000ms (default)
2019-10-23 22:21:33,905 [main] INFO  server.RaftServerConfigKeys (ConfUtils.java:logGet(43)) - raft.server.storage.dir = [/workdir/hadoop-ozone/integration-test/target/test-dir/MiniOzoneClusterImpl-1227f15e-0d15-49c5-99be-ea5deb396080/datanode-3/data/ratis] (custom)
2019-10-23 22:21:33,907 [main] INFO  hdfs.DFSUtil (DFSUtil.java:httpServerTemplateForNNAndJN(1641)) - Starting Web-server for hddsDatanode at: http://0.0.0.0:0
2019-10-23 22:21:33,909 [main] INFO  server.AuthenticationFilter (AuthenticationFilter.java:constructSecretProvider(240)) - Unable to initialize FileSignerSecretProvider, falling back to use random secrets.
2019-10-23 22:21:33,909 [main] WARN  http.HttpRequestLog (HttpRequestLog.java:getRequestLog(97)) - Jetty request log can only be enabled using Log4j
2019-10-23 22:21:33,911 [main] INFO  http.HttpServer2 (HttpServer2.java:addGlobalFilter(975)) - Added global filter 'safety' (class=org.apache.hadoop.http.HttpServer2$QuotingInputFilter)
2019-10-23 22:21:33,912 [main] INFO  http.HttpServer2 (HttpServer2.java:addFilter(948)) - Added filter static_user_filter (class=org.apache.hadoop.http.lib.StaticUserWebFilter$StaticUserFilter) to context hddsDatanode
2019-10-23 22:21:33,912 [main] INFO  http.HttpServer2 (HttpServer2.java:addFilter(958)) - Added filter static_user_filter (class=org.apache.hadoop.http.lib.StaticUserWebFilter$StaticUserFilter) to context static
2019-10-23 22:21:33,912 [main] INFO  http.HttpServer2 (HttpServer2.java:addFilter(958)) - Added filter static_user_filter (class=org.apache.hadoop.http.lib.StaticUserWebFilter$StaticUserFilter) to context logs
2019-10-23 22:21:33,913 [main] INFO  http.HttpServer2 (HttpServer2.java:bindListener(1191)) - Jetty bound to port 41166
2019-10-23 22:21:33,913 [main] INFO  server.Server (Server.java:doStart(351)) - jetty-9.3.25.v20180904, build timestamp: 2018-09-04T21:11:46Z, git hash: 3ce520221d0240229c862b122d2b06c12a625732
2019-10-23 22:21:33,918 [main] INFO  handler.ContextHandler (ContextHandler.java:doStart(781)) - Started o.e.j.s.ServletContextHandler@6fa13e6{/logs,file:///workdir/hadoop-ozone/integration-test/target/log,AVAILABLE}
2019-10-23 22:21:33,919 [main] INFO  handler.ContextHandler (ContextHandler.java:doStart(781)) - Started o.e.j.s.ServletContextHandler@77049094{/static,jar:file:/home/user/.m2/repository/org/apache/hadoop/hadoop-hdds-container-service/0.5.0-SNAPSHOT/hadoop-hdds-container-service-0.5.0-SNAPSHOT.jar!/webapps/static,AVAILABLE}
2019-10-23 22:21:33,951 [main] INFO  handler.ContextHandler (ContextHandler.java:doStart(781)) - Started o.e.j.w.WebAppContext@4aa21f9d{/,file:///tmp/jetty-0.0.0.0-41166-hddsDatanode-_-any-3013201714529763551.dir/webapp/,AVAILABLE}{/hddsDatanode}
2019-10-23 22:21:33,951 [main] INFO  server.AbstractConnector (AbstractConnector.java:doStart(278)) - Started ServerConnector@71c17a57{HTTP/1.1,[http/1.1]}{0.0.0.0:41166}
2019-10-23 22:21:33,952 [main] INFO  server.Server (Server.java:doStart(419)) - Started @5857ms
2019-10-23 22:21:33,953 [main] WARN  impl.MetricsSystemImpl (MetricsSystemImpl.java:register(276)) - Sink prometheus already exists!
2019-10-23 22:21:33,954 [main] INFO  server.BaseHttpServer (BaseHttpServer.java:updateConnectorAddress(215)) - HTTP server of HDDSDATANODE is listening at http://0.0.0.0:41166
2019-10-23 22:21:33,957 [main] INFO  ozone.MiniOzoneClusterImpl (MiniOzoneClusterImpl.java:lambda$waitForClusterToBeReady$0(147)) - Waiting for cluster to be ready. Got 0 of 4 DN Heartbeats.
2019-10-23 22:21:33,958 [org.apache.hadoop.util.JvmPauseMonitor$Monitor@3a643611] INFO  util.JvmPauseMonitor (JvmPauseMonitor.java:run(188)) - Starting JVM pause monitor
2019-10-23 22:21:33,961 [Datanode State Machine Thread - 0] INFO  datanode.InitDatanodeState (InitDatanodeState.java:persistContainerDatanodeDetails(140)) - DatanodeDetails is persisted to /workdir/hadoop-ozone/integration-test/target/test-dir/MiniOzoneClusterImpl-1227f15e-0d15-49c5-99be-ea5deb396080/datanode-3/meta/datanode.id
2019-10-23 22:21:34,958 [main] INFO  ozone.MiniOzoneClusterImpl (MiniOzoneClusterImpl.java:lambda$waitForClusterToBeReady$0(147)) - Waiting for cluster to be ready. Got 0 of 4 DN Heartbeats.
2019-10-23 22:21:35,762 [Datanode State Machine Thread - 0] INFO  ozoneimpl.OzoneContainer (OzoneContainer.java:start(213)) - Attempting to start container services.
2019-10-23 22:21:35,765 [Datanode State Machine Thread - 0] INFO  ozoneimpl.OzoneContainer (OzoneContainer.java:startContainerScrub(177)) - Background container scanner has been disabled.
2019-10-23 22:21:35,765 [Datanode State Machine Thread - 0] INFO  ratis.XceiverServerRatis (XceiverServerRatis.java:start(418)) - Starting XceiverServerRatis 4c744090-1cfe-4f86-9296-37bd3e673e8f at port 0
2019-10-23 22:21:35,779 [Datanode State Machine Thread - 0] INFO  impl.RaftServerProxy (RaftServerProxy.java:lambda$start$3(299)) - 4c744090-1cfe-4f86-9296-37bd3e673e8f: start RPC server
2019-10-23 22:21:35,783 [Datanode State Machine Thread - 0] INFO  server.GrpcService (GrpcService.java:startImpl(158)) - 4c744090-1cfe-4f86-9296-37bd3e673e8f: GrpcService started, listening on 0.0.0.0/0.0.0.0:46194
2019-10-23 22:21:35,784 [Datanode State Machine Thread - 0] INFO  ratis.XceiverServerRatis (XceiverServerRatis.java:start(428)) - XceiverServerRatis 4c744090-1cfe-4f86-9296-37bd3e673e8f is started using port 46194
2019-10-23 22:21:35,787 [Datanode State Machine Thread - 0] INFO  server.XceiverServerGrpc (XceiverServerGrpc.java:start(149)) - XceiverServerGrpc 4c744090-1cfe-4f86-9296-37bd3e673e8f is started using port 45696
2019-10-23 22:21:35,790 [Datanode State Machine Thread - 0] INFO  ozoneimpl.OzoneContainer (OzoneContainer.java:start(213)) - Attempting to start container services.
2019-10-23 22:21:35,792 [Datanode State Machine Thread - 0] INFO  ozoneimpl.OzoneContainer (OzoneContainer.java:startContainerScrub(177)) - Background container scanner has been disabled.
2019-10-23 22:21:35,792 [Datanode State Machine Thread - 0] INFO  ratis.XceiverServerRatis (XceiverServerRatis.java:start(418)) - Starting XceiverServerRatis aed1b97f-105e-4684-b087-4b6333aa3ced at port 0
2019-10-23 22:21:35,805 [Datanode State Machine Thread - 0] INFO  impl.RaftServerProxy (RaftServerProxy.java:lambda$start$3(299)) - aed1b97f-105e-4684-b087-4b6333aa3ced: start RPC server
2019-10-23 22:21:35,807 [Datanode State Machine Thread - 0] INFO  server.GrpcService (GrpcService.java:startImpl(158)) - aed1b97f-105e-4684-b087-4b6333aa3ced: GrpcService started, listening on 0.0.0.0/0.0.0.0:34943
2019-10-23 22:21:35,807 [Datanode State Machine Thread - 0] INFO  ratis.XceiverServerRatis (XceiverServerRatis.java:start(428)) - XceiverServerRatis aed1b97f-105e-4684-b087-4b6333aa3ced is started using port 34943
2019-10-23 22:21:35,809 [Datanode State Machine Thread - 0] INFO  server.XceiverServerGrpc (XceiverServerGrpc.java:start(149)) - XceiverServerGrpc aed1b97f-105e-4684-b087-4b6333aa3ced is started using port 46415
2019-10-23 22:21:35,890 [Datanode State Machine Thread - 0] INFO  ozoneimpl.OzoneContainer (OzoneContainer.java:start(213)) - Attempting to start container services.
2019-10-23 22:21:35,892 [Datanode State Machine Thread - 0] INFO  ozoneimpl.OzoneContainer (OzoneContainer.java:startContainerScrub(177)) - Background container scanner has been disabled.
2019-10-23 22:21:35,892 [Datanode State Machine Thread - 0] INFO  ratis.XceiverServerRatis (XceiverServerRatis.java:start(418)) - Starting XceiverServerRatis d21ee1f1-33f6-483c-a18b-27782ce1915a at port 0
2019-10-23 22:21:35,902 [Datanode State Machine Thread - 0] INFO  impl.RaftServerProxy (RaftServerProxy.java:lambda$start$3(299)) - d21ee1f1-33f6-483c-a18b-27782ce1915a: start RPC server
2019-10-23 22:21:35,904 [Datanode State Machine Thread - 0] INFO  server.GrpcService (GrpcService.java:startImpl(158)) - d21ee1f1-33f6-483c-a18b-27782ce1915a: GrpcService started, listening on 0.0.0.0/0.0.0.0:46462
2019-10-23 22:21:35,904 [Datanode State Machine Thread - 0] INFO  ratis.XceiverServerRatis (XceiverServerRatis.java:start(428)) - XceiverServerRatis d21ee1f1-33f6-483c-a18b-27782ce1915a is started using port 46462
2019-10-23 22:21:35,906 [Datanode State Machine Thread - 0] INFO  server.XceiverServerGrpc (XceiverServerGrpc.java:start(149)) - XceiverServerGrpc d21ee1f1-33f6-483c-a18b-27782ce1915a is started using port 37349
2019-10-23 22:21:35,958 [main] INFO  ozone.MiniOzoneClusterImpl (MiniOzoneClusterImpl.java:lambda$waitForClusterToBeReady$0(147)) - Waiting for cluster to be ready. Got 0 of 4 DN Heartbeats.
2019-10-23 22:21:35,973 [Datanode State Machine Thread - 0] INFO  ozoneimpl.OzoneContainer (OzoneContainer.java:start(213)) - Attempting to start container services.
2019-10-23 22:21:35,974 [Datanode State Machine Thread - 0] INFO  ozoneimpl.OzoneContainer (OzoneContainer.java:startContainerScrub(177)) - Background container scanner has been disabled.
2019-10-23 22:21:35,974 [Datanode State Machine Thread - 0] INFO  ratis.XceiverServerRatis (XceiverServerRatis.java:start(418)) - Starting XceiverServerRatis 1c51b35f-55cb-4636-a00c-83d34bf2d9d4 at port 0
2019-10-23 22:21:35,985 [Datanode State Machine Thread - 0] INFO  impl.RaftServerProxy (RaftServerProxy.java:lambda$start$3(299)) - 1c51b35f-55cb-4636-a00c-83d34bf2d9d4: start RPC server
2019-10-23 22:21:35,987 [Datanode State Machine Thread - 0] INFO  server.GrpcService (GrpcService.java:startImpl(158)) - 1c51b35f-55cb-4636-a00c-83d34bf2d9d4: GrpcService started, listening on 0.0.0.0/0.0.0.0:34693
2019-10-23 22:21:35,987 [Datanode State Machine Thread - 0] INFO  ratis.XceiverServerRatis (XceiverServerRatis.java:start(428)) - XceiverServerRatis 1c51b35f-55cb-4636-a00c-83d34bf2d9d4 is started using port 34693
2019-10-23 22:21:35,989 [Datanode State Machine Thread - 0] INFO  server.XceiverServerGrpc (XceiverServerGrpc.java:start(149)) - XceiverServerGrpc 1c51b35f-55cb-4636-a00c-83d34bf2d9d4 is started using port 37760
2019-10-23 22:21:36,959 [main] INFO  ozone.MiniOzoneClusterImpl (MiniOzoneClusterImpl.java:lambda$waitForClusterToBeReady$0(147)) - Waiting for cluster to be ready. Got 0 of 4 DN Heartbeats.
2019-10-23 22:21:37,712 [IPC Server handler 1 on 44292] INFO  net.NetworkTopology (NetworkTopologyImpl.java:add(111)) - Added a new node: /rack1/4c744090-1cfe-4f86-9296-37bd3e673e8f
2019-10-23 22:21:37,714 [IPC Server handler 1 on 44292] INFO  node.SCMNodeManager (SCMNodeManager.java:register(268)) - Registered Data node : 4c744090-1cfe-4f86-9296-37bd3e673e8f{ip: 192.168.157.195, host: pr-hdds-2311-7bgld-1842715332, networkLocation: /rack1, certSerialId: null}
2019-10-23 22:21:37,717 [EventQueue-NodeRegistrationContainerReportForDataNodeSafeModeRule] INFO  safemode.SCMSafeModeManager (DataNodeSafeModeRule.java:process(71)) - SCM in safe mode. 1 DataNodes registered, 1 required.
2019-10-23 22:21:37,717 [EventQueue-NodeRegistrationContainerReportForDataNodeSafeModeRule] INFO  safemode.SCMSafeModeManager (SCMSafeModeManager.java:validateSafeModeExitRules(177)) - ScmSafeModeManager, all rules are successfully validated
2019-10-23 22:21:37,718 [EventQueue-NodeRegistrationContainerReportForDataNodeSafeModeRule] INFO  safemode.SCMSafeModeManager (SCMSafeModeManager.java:exitSafeMode(193)) - SCM exiting safe mode.
2019-10-23 22:21:37,774 [IPC Server handler 3 on 44292] INFO  net.NetworkTopology (NetworkTopologyImpl.java:add(111)) - Added a new node: /rack1/aed1b97f-105e-4684-b087-4b6333aa3ced
2019-10-23 22:21:37,774 [IPC Server handler 3 on 44292] INFO  node.SCMNodeManager (SCMNodeManager.java:register(268)) - Registered Data node : aed1b97f-105e-4684-b087-4b6333aa3ced{ip: 192.168.157.195, host: pr-hdds-2311-7bgld-1842715332, networkLocation: /rack1, certSerialId: null}
2019-10-23 22:21:37,877 [IPC Server handler 2 on 44292] INFO  net.NetworkTopology (NetworkTopologyImpl.java:add(111)) - Added a new node: /rack1/d21ee1f1-33f6-483c-a18b-27782ce1915a
2019-10-23 22:21:37,878 [IPC Server handler 2 on 44292] INFO  node.SCMNodeManager (SCMNodeManager.java:register(268)) - Registered Data node : d21ee1f1-33f6-483c-a18b-27782ce1915a{ip: 192.168.157.195, host: pr-hdds-2311-7bgld-1842715332, networkLocation: /rack1, certSerialId: null}
2019-10-23 22:21:37,960 [main] INFO  ozone.MiniOzoneClusterImpl (MiniOzoneClusterImpl.java:lambda$waitForClusterToBeReady$0(147)) - Waiting for cluster to be ready. Got 3 of 4 DN Heartbeats.
2019-10-23 22:21:37,960 [IPC Server handler 0 on 44292] INFO  net.NetworkTopology (NetworkTopologyImpl.java:add(111)) - Added a new node: /rack1/1c51b35f-55cb-4636-a00c-83d34bf2d9d4
2019-10-23 22:21:37,960 [IPC Server handler 0 on 44292] INFO  node.SCMNodeManager (SCMNodeManager.java:register(268)) - Registered Data node : 1c51b35f-55cb-4636-a00c-83d34bf2d9d4{ip: 192.168.157.195, host: pr-hdds-2311-7bgld-1842715332, networkLocation: /rack1, certSerialId: null}
2019-10-23 22:21:38,219 [grpc-default-executor-0] INFO  impl.RaftServerProxy (RaftServerProxy.java:addNew(89)) - 4c744090-1cfe-4f86-9296-37bd3e673e8f: addNew group-ADE618DC7640:[4c744090-1cfe-4f86-9296-37bd3e673e8f:192.168.157.195:46194] returns group-ADE618DC7640:java.util.concurrent.CompletableFuture@3e8e5f77[Not completed]
2019-10-23 22:21:38,230 [pool-32-thread-1] INFO  impl.RaftServerImpl (RaftServerImpl.java:<init>(104)) - 4c744090-1cfe-4f86-9296-37bd3e673e8f: new RaftServerImpl for group-ADE618DC7640:[4c744090-1cfe-4f86-9296-37bd3e673e8f:192.168.157.195:46194] with ContainerStateMachine:uninitialized
2019-10-23 22:21:38,231 [pool-32-thread-1] INFO  server.RaftServerConfigKeys (ConfUtils.java:logGet(43)) - raft.server.rpc.timeout.min = 5s (custom)
2019-10-23 22:21:38,231 [pool-32-thread-1] INFO  server.RaftServerConfigKeys (ConfUtils.java:logGet(43)) - raft.server.rpc.timeout.max = 5200ms (custom)
2019-10-23 22:21:38,231 [pool-32-thread-1] INFO  server.RaftServerConfigKeys (ConfUtils.java:logGet(43)) - raft.server.rpcslowness.timeout = 120s (custom)
2019-10-23 22:21:38,232 [pool-32-thread-1] INFO  server.RaftServerConfigKeys (ConfUtils.java:logGet(43)) - raft.server.sleep.deviation.threshold = 300 (default)
2019-10-23 22:21:38,232 [pool-32-thread-1] INFO  server.RaftServerConfigKeys (ConfUtils.java:logGet(43)) - raft.server.log.appender.install.snapshot.enabled = false (custom)
2019-10-23 22:21:38,232 [pool-32-thread-1] INFO  impl.RaftServerImpl (ServerState.java:<init>(103)) - 4c744090-1cfe-4f86-9296-37bd3e673e8f@group-ADE618DC7640: ConfigurationManager, init=-1: [4c744090-1cfe-4f86-9296-37bd3e673e8f:192.168.157.195:46194], old=null, confs=<EMPTY_MAP>
2019-10-23 22:21:38,232 [pool-32-thread-1] INFO  server.RaftServerConfigKeys (ConfUtils.java:logGet(43)) - raft.server.storage.dir = [/workdir/hadoop-ozone/integration-test/target/test-dir/MiniOzoneClusterImpl-1227f15e-0d15-49c5-99be-ea5deb396080/datanode-0/data/ratis] (custom)
2019-10-23 22:21:38,233 [pool-32-thread-1] INFO  server.RaftServerConfigKeys (ConfUtils.java:logGet(43)) - raft.server.log.corruption.policy = EXCEPTION (default)
2019-10-23 22:21:38,233 [pool-32-thread-1] INFO  storage.RaftStorageDirectory (RaftStorageDirectory.java:analyzeStorage(246)) - The storage directory /workdir/hadoop-ozone/integration-test/target/test-dir/MiniOzoneClusterImpl-1227f15e-0d15-49c5-99be-ea5deb396080/datanode-0/data/ratis/ddc9eded-fbfa-43d1-a658-ade618dc7640 does not exist. Creating ...
2019-10-23 22:21:38,259 [pool-32-thread-1] INFO  storage.RaftStorageDirectory (RaftStorageDirectory.java:tryLock(328)) - Lock on /workdir/hadoop-ozone/integration-test/target/test-dir/MiniOzoneClusterImpl-1227f15e-0d15-49c5-99be-ea5deb396080/datanode-0/data/ratis/ddc9eded-fbfa-43d1-a658-ade618dc7640/in_use.lock acquired by nodename 18664@pr-hdds-2311-7bgld-1842715332
2019-10-23 22:21:38,273 [pool-32-thread-1] INFO  storage.RaftStorage (RaftStorage.java:format(84)) - Storage directory /workdir/hadoop-ozone/integration-test/target/test-dir/MiniOzoneClusterImpl-1227f15e-0d15-49c5-99be-ea5deb396080/datanode-0/data/ratis/ddc9eded-fbfa-43d1-a658-ade618dc7640 has been successfully formatted.
2019-10-23 22:21:38,275 [pool-32-thread-1] INFO  ratis.ContainerStateMachine (ContainerStateMachine.java:loadSnapshot(231)) - group-ADE618DC7640: The snapshot info is null. Setting the last applied indexto:(t:0, i:~)
2019-10-23 22:21:38,275 [pool-32-thread-1] INFO  server.RaftServerConfigKeys (ConfUtils.java:logGet(43)) - raft.server.notification.no-leader.timeout = 120s (custom)
2019-10-23 22:21:38,275 [pool-32-thread-1] INFO  server.RaftServerConfigKeys (ConfUtils.java:logGet(43)) - raft.server.log.use.memory = false (default)
2019-10-23 22:21:38,275 [pool-32-thread-1] INFO  server.RaftServerConfigKeys (ConfUtils.java:logGet(43)) - raft.server.log.purge.gap = 1000000 (custom)
2019-10-23 22:21:38,275 [pool-32-thread-1] INFO  server.RaftServerConfigKeys (ConfUtils.java:logGet(43)) - raft.server.log.appender.buffer.byte-limit = 33554432 (custom)
2019-10-23 22:21:38,276 [pool-32-thread-1] INFO  server.RaftServerConfigKeys (ConfUtils.java:logGet(43)) - raft.server.log.segment.size.max = 1048576 (custom)
2019-10-23 22:21:38,281 [pool-32-thread-1] INFO  server.RaftServerConfigKeys (ConfUtils.java:logGet(43)) - raft.server.log.segment.cache.num.max = 2 (custom)
2019-10-23 22:21:38,281 [pool-32-thread-1] INFO  segmented.SegmentedRaftLogWorker (SegmentedRaftLogWorker.java:<init>(173)) - new 4c744090-1cfe-4f86-9296-37bd3e673e8f@group-ADE618DC7640-SegmentedRaftLogWorker for RaftStorage:Storage Directory /workdir/hadoop-ozone/integration-test/target/test-dir/MiniOzoneClusterImpl-1227f15e-0d15-49c5-99be-ea5deb396080/datanode-0/data/ratis/ddc9eded-fbfa-43d1-a658-ade618dc7640
2019-10-23 22:21:38,281 [pool-32-thread-1] INFO  server.RaftServerConfigKeys (ConfUtils.java:logGet(43)) - raft.server.log.queue.byte-limit = 2147483647 (custom)
2019-10-23 22:21:38,282 [pool-32-thread-1] INFO  server.RaftServerConfigKeys (ConfUtils.java:logGet(43)) - raft.server.log.queue.element-limit = 1024 (custom)
2019-10-23 22:21:38,282 [pool-32-thread-1] INFO  server.RaftServerConfigKeys (ConfUtils.java:logGet(43)) - raft.server.log.segment.size.max = 1048576 (custom)
2019-10-23 22:21:38,282 [pool-32-thread-1] INFO  server.RaftServerConfigKeys (ConfUtils.java:logGet(43)) - raft.server.log.preallocated.size = 16384 (custom)
2019-10-23 22:21:38,282 [pool-32-thread-1] INFO  server.RaftServerConfigKeys (ConfUtils.java:logGet(43)) - raft.server.log.write.buffer.size = 33554432 (custom)
2019-10-23 22:21:38,282 [pool-32-thread-1] INFO  server.RaftServerConfigKeys (ConfUtils.java:logGet(43)) - raft.server.log.force.sync.num = 128 (default)
2019-10-23 22:21:38,282 [pool-32-thread-1] INFO  server.RaftServerConfigKeys (ConfUtils.java:logGet(43)) - raft.server.log.statemachine.data.sync = true (default)
2019-10-23 22:21:38,283 [pool-32-thread-1] INFO  server.RaftServerConfigKeys (ConfUtils.java:logGet(43)) - raft.server.log.statemachine.data.sync.timeout = 10s (default)
2019-10-23 22:21:38,283 [pool-32-thread-1] INFO  server.RaftServerConfigKeys (ConfUtils.java:logGet(43)) - raft.server.log.statemachine.data.sync.timeout.retry = -1 (default)
2019-10-23 22:21:38,284 [pool-32-thread-1] INFO  server.RaftServerConfigKeys (ConfUtils.java:logGet(43)) - raft.server.log.statemachine.data.caching.enabled = true (custom)
2019-10-23 22:21:38,284 [pool-32-thread-1] INFO  segmented.SegmentedRaftLogWorker (SegmentedRaftLogWorker.java:lambda$new$0(128)) - 4c744090-1cfe-4f86-9296-37bd3e673e8f@group-ADE618DC7640-SegmentedRaftLogWorker: flushIndex: setUnconditionally 0 -> -1
2019-10-23 22:21:38,285 [pool-32-thread-1] INFO  server.RaftServerConfigKeys (ConfUtils.java:logGet(43)) - raft.server.snapshot.auto.trigger.enabled = true (custom)
2019-10-23 22:21:38,285 [pool-32-thread-1] INFO  server.RaftServerConfigKeys (ConfUtils.java:logGet(43)) - raft.server.snapshot.auto.trigger.threshold = 10000 (custom)
2019-10-23 22:21:38,285 [pool-32-thread-1] INFO  server.RaftServerConfigKeys (ConfUtils.java:logGet(43)) - raft.server.snapshot.retention.file.num = 5 (custom)
2019-10-23 22:21:38,285 [pool-32-thread-1] INFO  server.RaftServerConfigKeys (ConfUtils.java:logGet(43)) - raft.server.retrycache.expirytime = 600000ms (custom)
2019-10-23 22:21:38,296 [pool-32-thread-1] INFO  impl.RaftServerImpl (RaftServerImpl.java:start(195)) - 4c744090-1cfe-4f86-9296-37bd3e673e8f@group-ADE618DC7640: start as a follower, conf=-1: [4c744090-1cfe-4f86-9296-37bd3e673e8f:192.168.157.195:46194], old=null
2019-10-23 22:21:38,296 [pool-32-thread-1] INFO  impl.RaftServerImpl (RaftServerImpl.java:setRole(184)) - 4c744090-1cfe-4f86-9296-37bd3e673e8f@group-ADE618DC7640: changes role from      null to FOLLOWER at term 0 for startAsFollower
2019-10-23 22:21:38,297 [pool-32-thread-1] INFO  impl.RoleInfo (RoleInfo.java:updateAndGet(143)) - 4c744090-1cfe-4f86-9296-37bd3e673e8f: start FollowerState
2019-10-23 22:21:38,297 [pool-32-thread-1] INFO  util.JmxRegister (JmxRegister.java:tryRegister(44)) - Successfully registered JMX Bean with object name Ratis:service=RaftServer,group=group-ADE618DC7640,id=4c744090-1cfe-4f86-9296-37bd3e673e8f
2019-10-23 22:21:38,340 [Thread-202] INFO  impl.FollowerState (FollowerState.java:run(108)) - 4c744090-1cfe-4f86-9296-37bd3e673e8f@group-ADE618DC7640-FollowerState: change to CANDIDATE, lastRpcTime:43ms, electionTimeout:43ms
2019-10-23 22:21:38,341 [Thread-202] INFO  impl.RoleInfo (RoleInfo.java:shutdownFollowerState(121)) - 4c744090-1cfe-4f86-9296-37bd3e673e8f: shutdown FollowerState
2019-10-23 22:21:38,341 [Thread-202] INFO  impl.RaftServerImpl (RaftServerImpl.java:setRole(184)) - 4c744090-1cfe-4f86-9296-37bd3e673e8f@group-ADE618DC7640: changes role from  FOLLOWER to CANDIDATE at term 0 for changeToCandidate
2019-10-23 22:21:38,342 [Thread-202] INFO  impl.RoleInfo (RoleInfo.java:updateAndGet(143)) - 4c744090-1cfe-4f86-9296-37bd3e673e8f: start LeaderElection
2019-10-23 22:21:38,356 [4c744090-1cfe-4f86-9296-37bd3e673e8f@group-ADE618DC7640-LeaderElection2] INFO  impl.LeaderElection (LeaderElection.java:askForVotes(178)) - 4c744090-1cfe-4f86-9296-37bd3e673e8f@group-ADE618DC7640-LeaderElection2: begin an election at term 1 for -1: [4c744090-1cfe-4f86-9296-37bd3e673e8f:192.168.157.195:46194], old=null
2019-10-23 22:21:38,358 [4c744090-1cfe-4f86-9296-37bd3e673e8f@group-ADE618DC7640-LeaderElection2] INFO  impl.RoleInfo (RoleInfo.java:shutdownLeaderElection(134)) - 4c744090-1cfe-4f86-9296-37bd3e673e8f: shutdown LeaderElection
2019-10-23 22:21:38,358 [4c744090-1cfe-4f86-9296-37bd3e673e8f@group-ADE618DC7640-LeaderElection2] INFO  impl.RaftServerImpl (RaftServerImpl.java:setRole(184)) - 4c744090-1cfe-4f86-9296-37bd3e673e8f@group-ADE618DC7640: changes role from CANDIDATE to LEADER at term 1 for changeToLeader
2019-10-23 22:21:38,358 [4c744090-1cfe-4f86-9296-37bd3e673e8f@group-ADE618DC7640-LeaderElection2] INFO  impl.RaftServerImpl (ServerState.java:setLeader(256)) - 4c744090-1cfe-4f86-9296-37bd3e673e8f@group-ADE618DC7640: change Leader from null to 4c744090-1cfe-4f86-9296-37bd3e673e8f at term 1 for becomeLeader, leader elected after 83ms
2019-10-23 22:21:38,358 [4c744090-1cfe-4f86-9296-37bd3e673e8f@group-ADE618DC7640-LeaderElection2] INFO  server.RaftServerConfigKeys (ConfUtils.java:logGet(43)) - raft.server.staging.catchup.gap = 1000 (default)
2019-10-23 22:21:38,358 [4c744090-1cfe-4f86-9296-37bd3e673e8f@group-ADE618DC7640-LeaderElection2] INFO  server.RaftServerConfigKeys (ConfUtils.java:logGet(43)) - raft.server.rpc.sleep.time = 25ms (default)
2019-10-23 22:21:38,359 [4c744090-1cfe-4f86-9296-37bd3e673e8f@group-ADE618DC7640-LeaderElection2] INFO  server.RaftServerConfigKeys (ConfUtils.java:logGet(43)) - raft.server.write.element-limit = 4096 (default)
2019-10-23 22:21:38,359 [4c744090-1cfe-4f86-9296-37bd3e673e8f@group-ADE618DC7640-LeaderElection2] INFO  server.RaftServerConfigKeys (ConfUtils.java:logGet(43)) - raft.server.watch.timeout = 10s (default)
2019-10-23 22:21:38,359 [4c744090-1cfe-4f86-9296-37bd3e673e8f@group-ADE618DC7640-LeaderElection2] INFO  server.RaftServerConfigKeys (ConfUtils.java:logGet(43)) - raft.server.watch.timeout.denomination = 1s (default)
2019-10-23 22:21:38,359 [4c744090-1cfe-4f86-9296-37bd3e673e8f@group-ADE618DC7640-LeaderElection2] INFO  server.RaftServerConfigKeys (ConfUtils.java:logGet(43)) - raft.server.watch.element-limit = 65536 (default)
2019-10-23 22:21:38,364 [4c744090-1cfe-4f86-9296-37bd3e673e8f@group-ADE618DC7640-LeaderElection2] INFO  impl.RoleInfo (RoleInfo.java:updateAndGet(143)) - 4c744090-1cfe-4f86-9296-37bd3e673e8f: start LeaderState
2019-10-23 22:21:38,364 [4c744090-1cfe-4f86-9296-37bd3e673e8f@group-ADE618DC7640-LeaderElection2] INFO  segmented.SegmentedRaftLogWorker (SegmentedRaftLogWorker.java:startLogSegment(385)) - 4c744090-1cfe-4f86-9296-37bd3e673e8f@group-ADE618DC7640-SegmentedRaftLogWorker: Starting segment from index:0
2019-10-23 22:21:38,365 [4c744090-1cfe-4f86-9296-37bd3e673e8f@group-ADE618DC7640-LeaderElection2] INFO  impl.RaftServerImpl (ServerState.java:setRaftConf(357)) - 4c744090-1cfe-4f86-9296-37bd3e673e8f@group-ADE618DC7640: set configuration 0: [4c744090-1cfe-4f86-9296-37bd3e673e8f:192.168.157.195:46194], old=null at 0
2019-10-23 22:21:38,403 [RatisPipelineUtilsThread] INFO  pipeline.PipelineStateManager (PipelineStateManager.java:addPipeline(56)) - Created pipeline Pipeline[ Id: ddc9eded-fbfa-43d1-a658-ade618dc7640, Nodes: 4c744090-1cfe-4f86-9296-37bd3e673e8f{ip: 192.168.157.195, host: pr-hdds-2311-7bgld-1842715332, networkLocation: /rack1, certSerialId: null}, Type:RATIS, Factor:ONE, State:OPEN]
2019-10-23 22:21:38,422 [grpc-default-executor-0] INFO  impl.RaftServerProxy (RaftServerProxy.java:addNew(89)) - aed1b97f-105e-4684-b087-4b6333aa3ced: addNew group-CA02B0D7E474:[aed1b97f-105e-4684-b087-4b6333aa3ced:192.168.157.195:34943] returns group-CA02B0D7E474:java.util.concurrent.CompletableFuture@73994ecd[Not completed]
2019-10-23 22:21:38,425 [4c744090-1cfe-4f86-9296-37bd3e673e8f@group-ADE618DC7640-SegmentedRaftLogWorker] INFO  segmented.SegmentedRaftLogWorker (SegmentedRaftLogWorker.java:execute(576)) - 4c744090-1cfe-4f86-9296-37bd3e673e8f@group-ADE618DC7640-SegmentedRaftLogWorker: created new log segment /workdir/hadoop-ozone/integration-test/target/test-dir/MiniOzoneClusterImpl-1227f15e-0d15-49c5-99be-ea5deb396080/datanode-0/data/ratis/ddc9eded-fbfa-43d1-a658-ade618dc7640/current/log_inprogress_0
2019-10-23 22:21:38,431 [pool-42-thread-1] INFO  impl.RaftServerImpl (RaftServerImpl.java:<init>(104)) - aed1b97f-105e-4684-b087-4b6333aa3ced: new RaftServerImpl for group-CA02B0D7E474:[aed1b97f-105e-4684-b087-4b6333aa3ced:192.168.157.195:34943] with ContainerStateMachine:uninitialized
2019-10-23 22:21:38,434 [pool-42-thread-1] INFO  server.RaftServerConfigKeys (ConfUtils.java:logGet(43)) - raft.server.rpc.timeout.min = 5s (custom)
2019-10-23 22:21:38,434 [pool-42-thread-1] INFO  server.RaftServerConfigKeys (ConfUtils.java:logGet(43)) - raft.server.rpc.timeout.max = 5200ms (custom)
2019-10-23 22:21:38,435 [pool-42-thread-1] INFO  server.RaftServerConfigKeys (ConfUtils.java:logGet(43)) - raft.server.rpcslowness.timeout = 120s (custom)
2019-10-23 22:21:38,435 [pool-42-thread-1] INFO  server.RaftServerConfigKeys (ConfUtils.java:logGet(43)) - raft.server.sleep.deviation.threshold = 300 (default)
2019-10-23 22:21:38,435 [pool-42-thread-1] INFO  server.RaftServerConfigKeys (ConfUtils.java:logGet(43)) - raft.server.log.appender.install.snapshot.enabled = false (custom)
2019-10-23 22:21:38,435 [pool-42-thread-1] INFO  impl.RaftServerImpl (ServerState.java:<init>(103)) - aed1b97f-105e-4684-b087-4b6333aa3ced@group-CA02B0D7E474: ConfigurationManager, init=-1: [aed1b97f-105e-4684-b087-4b6333aa3ced:192.168.157.195:34943], old=null, confs=<EMPTY_MAP>
2019-10-23 22:21:38,436 [pool-42-thread-1] INFO  server.RaftServerConfigKeys (ConfUtils.java:logGet(43)) - raft.server.storage.dir = [/workdir/hadoop-ozone/integration-test/target/test-dir/MiniOzoneClusterImpl-1227f15e-0d15-49c5-99be-ea5deb396080/datanode-1/data/ratis] (custom)
2019-10-23 22:21:38,436 [pool-42-thread-1] INFO  server.RaftServerConfigKeys (ConfUtils.java:logGet(43)) - raft.server.log.corruption.policy = EXCEPTION (default)
2019-10-23 22:21:38,436 [pool-42-thread-1] INFO  storage.RaftStorageDirectory (RaftStorageDirectory.java:analyzeStorage(246)) - The storage directory /workdir/hadoop-ozone/integration-test/target/test-dir/MiniOzoneClusterImpl-1227f15e-0d15-49c5-99be-ea5deb396080/datanode-1/data/ratis/caa5b5c8-1dff-4abd-9cf8-ca02b0d7e474 does not exist. Creating ...
2019-10-23 22:21:38,448 [pool-42-thread-1] INFO  storage.RaftStorageDirectory (RaftStorageDirectory.java:tryLock(328)) - Lock on /workdir/hadoop-ozone/integration-test/target/test-dir/MiniOzoneClusterImpl-1227f15e-0d15-49c5-99be-ea5deb396080/datanode-1/data/ratis/caa5b5c8-1dff-4abd-9cf8-ca02b0d7e474/in_use.lock acquired by nodename 18664@pr-hdds-2311-7bgld-1842715332
2019-10-23 22:21:38,461 [pool-42-thread-1] INFO  storage.RaftStorage (RaftStorage.java:format(84)) - Storage directory /workdir/hadoop-ozone/integration-test/target/test-dir/MiniOzoneClusterImpl-1227f15e-0d15-49c5-99be-ea5deb396080/datanode-1/data/ratis/caa5b5c8-1dff-4abd-9cf8-ca02b0d7e474 has been successfully formatted.
2019-10-23 22:21:38,461 [pool-42-thread-1] INFO  ratis.ContainerStateMachine (ContainerStateMachine.java:loadSnapshot(231)) - group-CA02B0D7E474: The snapshot info is null. Setting the last applied indexto:(t:0, i:~)
2019-10-23 22:21:38,462 [pool-42-thread-1] INFO  server.RaftServerConfigKeys (ConfUtils.java:logGet(43)) - raft.server.notification.no-leader.timeout = 120s (custom)
2019-10-23 22:21:38,462 [pool-42-thread-1] INFO  server.RaftServerConfigKeys (ConfUtils.java:logGet(43)) - raft.server.log.use.memory = false (default)
2019-10-23 22:21:38,463 [pool-42-thread-1] INFO  server.RaftServerConfigKeys (ConfUtils.java:logGet(43)) - raft.server.log.purge.gap = 1000000 (custom)
2019-10-23 22:21:38,463 [pool-42-thread-1] INFO  server.RaftServerConfigKeys (ConfUtils.java:logGet(43)) - raft.server.log.appender.buffer.byte-limit = 33554432 (custom)
2019-10-23 22:21:38,463 [pool-42-thread-1] INFO  server.RaftServerConfigKeys (ConfUtils.java:logGet(43)) - raft.server.log.segment.size.max = 1048576 (custom)
2019-10-23 22:21:38,466 [pool-42-thread-1] INFO  server.RaftServerConfigKeys (ConfUtils.java:logGet(43)) - raft.server.log.segment.cache.num.max = 2 (custom)
2019-10-23 22:21:38,466 [pool-42-thread-1] INFO  segmented.SegmentedRaftLogWorker (SegmentedRaftLogWorker.java:<init>(173)) - new aed1b97f-105e-4684-b087-4b6333aa3ced@group-CA02B0D7E474-SegmentedRaftLogWorker for RaftStorage:Storage Directory /workdir/hadoop-ozone/integration-test/target/test-dir/MiniOzoneClusterImpl-1227f15e-0d15-49c5-99be-ea5deb396080/datanode-1/data/ratis/caa5b5c8-1dff-4abd-9cf8-ca02b0d7e474
2019-10-23 22:21:38,466 [pool-42-thread-1] INFO  server.RaftServerConfigKeys (ConfUtils.java:logGet(43)) - raft.server.log.queue.byte-limit = 2147483647 (custom)
2019-10-23 22:21:38,466 [pool-42-thread-1] INFO  server.RaftServerConfigKeys (ConfUtils.java:logGet(43)) - raft.server.log.queue.element-limit = 1024 (custom)
2019-10-23 22:21:38,467 [pool-42-thread-1] INFO  server.RaftServerConfigKeys (ConfUtils.java:logGet(43)) - raft.server.log.segment.size.max = 1048576 (custom)
2019-10-23 22:21:38,467 [pool-42-thread-1] INFO  server.RaftServerConfigKeys (ConfUtils.java:logGet(43)) - raft.server.log.preallocated.size = 16384 (custom)
2019-10-23 22:21:38,467 [pool-42-thread-1] INFO  server.RaftServerConfigKeys (ConfUtils.java:logGet(43)) - raft.server.log.write.buffer.size = 33554432 (custom)
2019-10-23 22:21:38,467 [pool-42-thread-1] INFO  server.RaftServerConfigKeys (ConfUtils.java:logGet(43)) - raft.server.log.force.sync.num = 128 (default)
2019-10-23 22:21:38,467 [pool-42-thread-1] INFO  server.RaftServerConfigKeys (ConfUtils.java:logGet(43)) - raft.server.log.statemachine.data.sync = true (default)
2019-10-23 22:21:38,467 [pool-42-thread-1] INFO  server.RaftServerConfigKeys (ConfUtils.java:logGet(43)) - raft.server.log.statemachine.data.sync.timeout = 10s (default)
2019-10-23 22:21:38,468 [pool-42-thread-1] INFO  server.RaftServerConfigKeys (ConfUtils.java:logGet(43)) - raft.server.log.statemachine.data.sync.timeout.retry = -1 (default)
2019-10-23 22:21:38,468 [pool-42-thread-1] INFO  server.RaftServerConfigKeys (ConfUtils.java:logGet(43)) - raft.server.log.statemachine.data.caching.enabled = true (custom)
2019-10-23 22:21:38,469 [pool-42-thread-1] INFO  segmented.SegmentedRaftLogWorker (SegmentedRaftLogWorker.java:lambda$new$0(128)) - aed1b97f-105e-4684-b087-4b6333aa3ced@group-CA02B0D7E474-SegmentedRaftLogWorker: flushIndex: setUnconditionally 0 -> -1
2019-10-23 22:21:38,469 [pool-42-thread-1] INFO  server.RaftServerConfigKeys (ConfUtils.java:logGet(43)) - raft.server.snapshot.auto.trigger.enabled = true (custom)
2019-10-23 22:21:38,469 [pool-42-thread-1] INFO  server.RaftServerConfigKeys (ConfUtils.java:logGet(43)) - raft.server.snapshot.auto.trigger.threshold = 10000 (custom)
2019-10-23 22:21:38,469 [pool-42-thread-1] INFO  server.RaftServerConfigKeys (ConfUtils.java:logGet(43)) - raft.server.snapshot.retention.file.num = 5 (custom)
2019-10-23 22:21:38,469 [pool-42-thread-1] INFO  server.RaftServerConfigKeys (ConfUtils.java:logGet(43)) - raft.server.retrycache.expirytime = 600000ms (custom)
2019-10-23 22:21:38,475 [pool-42-thread-1] INFO  impl.RaftServerImpl (RaftServerImpl.java:start(195)) - aed1b97f-105e-4684-b087-4b6333aa3ced@group-CA02B0D7E474: start as a follower, conf=-1: [aed1b97f-105e-4684-b087-4b6333aa3ced:192.168.157.195:34943], old=null
2019-10-23 22:21:38,476 [pool-42-thread-1] INFO  impl.RaftServerImpl (RaftServerImpl.java:setRole(184)) - aed1b97f-105e-4684-b087-4b6333aa3ced@group-CA02B0D7E474: changes role from      null to FOLLOWER at term 0 for startAsFollower
2019-10-23 22:21:38,476 [pool-42-thread-1] INFO  impl.RoleInfo (RoleInfo.java:updateAndGet(143)) - aed1b97f-105e-4684-b087-4b6333aa3ced: start FollowerState
2019-10-23 22:21:38,476 [pool-42-thread-1] INFO  util.JmxRegister (JmxRegister.java:tryRegister(44)) - Successfully registered JMX Bean with object name Ratis:service=RaftServer,group=group-CA02B0D7E474,id=aed1b97f-105e-4684-b087-4b6333aa3ced
2019-10-23 22:21:38,489 [RatisPipelineUtilsThread] INFO  pipeline.PipelineStateManager (PipelineStateManager.java:addPipeline(56)) - Created pipeline Pipeline[ Id: caa5b5c8-1dff-4abd-9cf8-ca02b0d7e474, Nodes: aed1b97f-105e-4684-b087-4b6333aa3ced{ip: 192.168.157.195, host: pr-hdds-2311-7bgld-1842715332, networkLocation: /rack1, certSerialId: null}, Type:RATIS, Factor:ONE, State:OPEN]
2019-10-23 22:21:38,492 [Thread-207] INFO  impl.FollowerState (FollowerState.java:run(108)) - aed1b97f-105e-4684-b087-4b6333aa3ced@group-CA02B0D7E474-FollowerState: change to CANDIDATE, lastRpcTime:16ms, electionTimeout:16ms
2019-10-23 22:21:38,493 [Thread-207] INFO  impl.RoleInfo (RoleInfo.java:shutdownFollowerState(121)) - aed1b97f-105e-4684-b087-4b6333aa3ced: shutdown FollowerState
2019-10-23 22:21:38,493 [Thread-207] INFO  impl.RaftServerImpl (RaftServerImpl.java:setRole(184)) - aed1b97f-105e-4684-b087-4b6333aa3ced@group-CA02B0D7E474: changes role from  FOLLOWER to CANDIDATE at term 0 for changeToCandidate
2019-10-23 22:21:38,493 [Thread-207] INFO  impl.RoleInfo (RoleInfo.java:updateAndGet(143)) - aed1b97f-105e-4684-b087-4b6333aa3ced: start LeaderElection
2019-10-23 22:21:38,507 [grpc-default-executor-0] INFO  impl.RaftServerProxy (RaftServerProxy.java:addNew(89)) - 1c51b35f-55cb-4636-a00c-83d34bf2d9d4: addNew group-C8FB175AE10A:[1c51b35f-55cb-4636-a00c-83d34bf2d9d4:192.168.157.195:34693] returns group-C8FB175AE10A:java.util.concurrent.CompletableFuture@3a1d223e[Not completed]
2019-10-23 22:21:38,509 [aed1b97f-105e-4684-b087-4b6333aa3ced@group-CA02B0D7E474-LeaderElection3] INFO  impl.LeaderElection (LeaderElection.java:askForVotes(178)) - aed1b97f-105e-4684-b087-4b6333aa3ced@group-CA02B0D7E474-LeaderElection3: begin an election at term 1 for -1: [aed1b97f-105e-4684-b087-4b6333aa3ced:192.168.157.195:34943], old=null
2019-10-23 22:21:38,509 [aed1b97f-105e-4684-b087-4b6333aa3ced@group-CA02B0D7E474-LeaderElection3] INFO  impl.RoleInfo (RoleInfo.java:shutdownLeaderElection(134)) - aed1b97f-105e-4684-b087-4b6333aa3ced: shutdown LeaderElection
2019-10-23 22:21:38,509 [aed1b97f-105e-4684-b087-4b6333aa3ced@group-CA02B0D7E474-LeaderElection3] INFO  impl.RaftServerImpl (RaftServerImpl.java:setRole(184)) - aed1b97f-105e-4684-b087-4b6333aa3ced@group-CA02B0D7E474: changes role from CANDIDATE to LEADER at term 1 for changeToLeader
2019-10-23 22:21:38,509 [aed1b97f-105e-4684-b087-4b6333aa3ced@group-CA02B0D7E474-LeaderElection3] INFO  impl.RaftServerImpl (ServerState.java:setLeader(256)) - aed1b97f-105e-4684-b087-4b6333aa3ced@group-CA02B0D7E474: change Leader from null to aed1b97f-105e-4684-b087-4b6333aa3ced at term 1 for becomeLeader, leader elected after 46ms
2019-10-23 22:21:38,510 [aed1b97f-105e-4684-b087-4b6333aa3ced@group-CA02B0D7E474-LeaderElection3] INFO  server.RaftServerConfigKeys (ConfUtils.java:logGet(43)) - raft.server.staging.catchup.gap = 1000 (default)
2019-10-23 22:21:38,510 [aed1b97f-105e-4684-b087-4b6333aa3ced@group-CA02B0D7E474-LeaderElection3] INFO  server.RaftServerConfigKeys (ConfUtils.java:logGet(43)) - raft.server.rpc.sleep.time = 25ms (default)
2019-10-23 22:21:38,510 [aed1b97f-105e-4684-b087-4b6333aa3ced@group-CA02B0D7E474-LeaderElection3] INFO  server.RaftServerConfigKeys (ConfUtils.java:logGet(43)) - raft.server.write.element-limit = 4096 (default)
2019-10-23 22:21:38,510 [aed1b97f-105e-4684-b087-4b6333aa3ced@group-CA02B0D7E474-LeaderElection3] INFO  server.RaftServerConfigKeys (ConfUtils.java:logGet(43)) - raft.server.watch.timeout = 10s (default)
2019-10-23 22:21:38,511 [pool-62-thread-1] INFO  impl.RaftServerImpl (RaftServerImpl.java:<init>(104)) - 1c51b35f-55cb-4636-a00c-83d34bf2d9d4: new RaftServerImpl for group-C8FB175AE10A:[1c51b35f-55cb-4636-a00c-83d34bf2d9d4:192.168.157.195:34693] with ContainerStateMachine:uninitialized
2019-10-23 22:21:38,511 [aed1b97f-105e-4684-b087-4b6333aa3ced@group-CA02B0D7E474-LeaderElection3] INFO  server.RaftServerConfigKeys (ConfUtils.java:logGet(43)) - raft.server.watch.timeout.denomination = 1s (default)
2019-10-23 22:21:38,511 [aed1b97f-105e-4684-b087-4b6333aa3ced@group-CA02B0D7E474-LeaderElection3] INFO  server.RaftServerConfigKeys (ConfUtils.java:logGet(43)) - raft.server.watch.element-limit = 65536 (default)
2019-10-23 22:21:38,511 [pool-62-thread-1] INFO  server.RaftServerConfigKeys (ConfUtils.java:logGet(43)) - raft.server.rpc.timeout.min = 5s (custom)
2019-10-23 22:21:38,511 [pool-62-thread-1] INFO  server.RaftServerConfigKeys (ConfUtils.java:logGet(43)) - raft.server.rpc.timeout.max = 5200ms (custom)
2019-10-23 22:21:38,511 [pool-62-thread-1] INFO  server.RaftServerConfigKeys (ConfUtils.java:logGet(43)) - raft.server.rpcslowness.timeout = 120s (custom)
2019-10-23 22:21:38,512 [pool-62-thread-1] INFO  server.RaftServerConfigKeys (ConfUtils.java:logGet(43)) - raft.server.sleep.deviation.threshold = 300 (default)
2019-10-23 22:21:38,512 [pool-62-thread-1] INFO  server.RaftServerConfigKeys (ConfUtils.java:logGet(43)) - raft.server.log.appender.install.snapshot.enabled = false (custom)
2019-10-23 22:21:38,512 [pool-62-thread-1] INFO  impl.RaftServerImpl (ServerState.java:<init>(103)) - 1c51b35f-55cb-4636-a00c-83d34bf2d9d4@group-C8FB175AE10A: ConfigurationManager, init=-1: [1c51b35f-55cb-4636-a00c-83d34bf2d9d4:192.168.157.195:34693], old=null, confs=<EMPTY_MAP>
2019-10-23 22:21:38,512 [pool-62-thread-1] INFO  server.RaftServerConfigKeys (ConfUtils.java:logGet(43)) - raft.server.storage.dir = [/workdir/hadoop-ozone/integration-test/target/test-dir/MiniOzoneClusterImpl-1227f15e-0d15-49c5-99be-ea5deb396080/datanode-3/data/ratis] (custom)
2019-10-23 22:21:38,513 [pool-62-thread-1] INFO  server.RaftServerConfigKeys (ConfUtils.java:logGet(43)) - raft.server.log.corruption.policy = EXCEPTION (default)
2019-10-23 22:21:38,513 [pool-62-thread-1] INFO  storage.RaftStorageDirectory (RaftStorageDirectory.java:analyzeStorage(246)) - The storage directory /workdir/hadoop-ozone/integration-test/target/test-dir/MiniOzoneClusterImpl-1227f15e-0d15-49c5-99be-ea5deb396080/datanode-3/data/ratis/e853d5f5-ee48-4ab2-b3e9-c8fb175ae10a does not exist. Creating ...
2019-10-23 22:21:38,513 [aed1b97f-105e-4684-b087-4b6333aa3ced@group-CA02B0D7E474-LeaderElection3] INFO  impl.RoleInfo (RoleInfo.java:updateAndGet(143)) - aed1b97f-105e-4684-b087-4b6333aa3ced: start LeaderState
2019-10-23 22:21:38,513 [aed1b97f-105e-4684-b087-4b6333aa3ced@group-CA02B0D7E474-LeaderElection3] INFO  segmented.SegmentedRaftLogWorker (SegmentedRaftLogWorker.java:startLogSegment(385)) - aed1b97f-105e-4684-b087-4b6333aa3ced@group-CA02B0D7E474-SegmentedRaftLogWorker: Starting segment from index:0
2019-10-23 22:21:38,514 [aed1b97f-105e-4684-b087-4b6333aa3ced@group-CA02B0D7E474-LeaderElection3] INFO  impl.RaftServerImpl (ServerState.java:setRaftConf(357)) - aed1b97f-105e-4684-b087-4b6333aa3ced@group-CA02B0D7E474: set configuration 0: [aed1b97f-105e-4684-b087-4b6333aa3ced:192.168.157.195:34943], old=null at 0
2019-10-23 22:21:38,551 [pool-62-thread-1] INFO  storage.RaftStorageDirectory (RaftStorageDirectory.java:tryLock(328)) - Lock on /workdir/hadoop-ozone/integration-test/target/test-dir/MiniOzoneClusterImpl-1227f15e-0d15-49c5-99be-ea5deb396080/datanode-3/data/ratis/e853d5f5-ee48-4ab2-b3e9-c8fb175ae10a/in_use.lock acquired by nodename 18664@pr-hdds-2311-7bgld-1842715332
2019-10-23 22:21:38,566 [pool-62-thread-1] INFO  storage.RaftStorage (RaftStorage.java:format(84)) - Storage directory /workdir/hadoop-ozone/integration-test/target/test-dir/MiniOzoneClusterImpl-1227f15e-0d15-49c5-99be-ea5deb396080/datanode-3/data/ratis/e853d5f5-ee48-4ab2-b3e9-c8fb175ae10a has been successfully formatted.
2019-10-23 22:21:38,566 [aed1b97f-105e-4684-b087-4b6333aa3ced@group-CA02B0D7E474-SegmentedRaftLogWorker] INFO  segmented.SegmentedRaftLogWorker (SegmentedRaftLogWorker.java:execute(576)) - aed1b97f-105e-4684-b087-4b6333aa3ced@group-CA02B0D7E474-SegmentedRaftLogWorker: created new log segment /workdir/hadoop-ozone/integration-test/target/test-dir/MiniOzoneClusterImpl-1227f15e-0d15-49c5-99be-ea5deb396080/datanode-1/data/ratis/caa5b5c8-1dff-4abd-9cf8-ca02b0d7e474/current/log_inprogress_0
2019-10-23 22:21:38,566 [pool-62-thread-1] INFO  ratis.ContainerStateMachine (ContainerStateMachine.java:loadSnapshot(231)) - group-C8FB175AE10A: The snapshot info is null. Setting the last applied indexto:(t:0, i:~)
2019-10-23 22:21:38,566 [pool-62-thread-1] INFO  server.RaftServerConfigKeys (ConfUtils.java:logGet(43)) - raft.server.notification.no-leader.timeout = 120s (custom)
2019-10-23 22:21:38,567 [pool-62-thread-1] INFO  server.RaftServerConfigKeys (ConfUtils.java:logGet(43)) - raft.server.log.use.memory = false (default)
2019-10-23 22:21:38,567 [pool-62-thread-1] INFO  server.RaftServerConfigKeys (ConfUtils.java:logGet(43)) - raft.server.log.purge.gap = 1000000 (custom)
2019-10-23 22:21:38,567 [pool-62-thread-1] INFO  server.RaftServerConfigKeys (ConfUtils.java:logGet(43)) - raft.server.log.appender.buffer.byte-limit = 33554432 (custom)
2019-10-23 22:21:38,567 [pool-62-thread-1] INFO  server.RaftServerConfigKeys (ConfUtils.java:logGet(43)) - raft.server.log.segment.size.max = 1048576 (custom)
2019-10-23 22:21:38,569 [pool-62-thread-1] INFO  server.RaftServerConfigKeys (ConfUtils.java:logGet(43)) - raft.server.log.segment.cache.num.max = 2 (custom)
2019-10-23 22:21:38,569 [pool-62-thread-1] INFO  segmented.SegmentedRaftLogWorker (SegmentedRaftLogWorker.java:<init>(173)) - new 1c51b35f-55cb-4636-a00c-83d34bf2d9d4@group-C8FB175AE10A-SegmentedRaftLogWorker for RaftStorage:Storage Directory /workdir/hadoop-ozone/integration-test/target/test-dir/MiniOzoneClusterImpl-1227f15e-0d15-49c5-99be-ea5deb396080/datanode-3/data/ratis/e853d5f5-ee48-4ab2-b3e9-c8fb175ae10a
2019-10-23 22:21:38,570 [pool-62-thread-1] INFO  server.RaftServerConfigKeys (ConfUtils.java:logGet(43)) - raft.server.log.queue.byte-limit = 2147483647 (custom)
2019-10-23 22:21:38,570 [pool-62-thread-1] INFO  server.RaftServerConfigKeys (ConfUtils.java:logGet(43)) - raft.server.log.queue.element-limit = 1024 (custom)
2019-10-23 22:21:38,570 [pool-62-thread-1] INFO  server.RaftServerConfigKeys (ConfUtils.java:logGet(43)) - raft.server.log.segment.size.max = 1048576 (custom)
2019-10-23 22:21:38,570 [pool-62-thread-1] INFO  server.RaftServerConfigKeys (ConfUtils.java:logGet(43)) - raft.server.log.preallocated.size = 16384 (custom)
2019-10-23 22:21:38,570 [pool-62-thread-1] INFO  server.RaftServerConfigKeys (ConfUtils.java:logGet(43)) - raft.server.log.write.buffer.size = 33554432 (custom)
2019-10-23 22:21:38,570 [pool-62-thread-1] INFO  server.RaftServerConfigKeys (ConfUtils.java:logGet(43)) - raft.server.log.force.sync.num = 128 (default)
2019-10-23 22:21:38,570 [pool-62-thread-1] INFO  server.RaftServerConfigKeys (ConfUtils.java:logGet(43)) - raft.server.log.statemachine.data.sync = true (default)
2019-10-23 22:21:38,570 [pool-62-thread-1] INFO  server.RaftServerConfigKeys (ConfUtils.java:logGet(43)) - raft.server.log.statemachine.data.sync.timeout = 10s (default)
2019-10-23 22:21:38,570 [pool-62-thread-1] INFO  server.RaftServerConfigKeys (ConfUtils.java:logGet(43)) - raft.server.log.statemachine.data.sync.timeout.retry = -1 (default)
2019-10-23 22:21:38,571 [pool-62-thread-1] INFO  server.RaftServerConfigKeys (ConfUtils.java:logGet(43)) - raft.server.log.statemachine.data.caching.enabled = true (custom)
2019-10-23 22:21:38,571 [pool-62-thread-1] INFO  segmented.SegmentedRaftLogWorker (SegmentedRaftLogWorker.java:lambda$new$0(128)) - 1c51b35f-55cb-4636-a00c-83d34bf2d9d4@group-C8FB175AE10A-SegmentedRaftLogWorker: flushIndex: setUnconditionally 0 -> -1
2019-10-23 22:21:38,572 [pool-62-thread-1] INFO  server.RaftServerConfigKeys (ConfUtils.java:logGet(43)) - raft.server.snapshot.auto.trigger.enabled = true (custom)
2019-10-23 22:21:38,572 [pool-62-thread-1] INFO  server.RaftServerConfigKeys (ConfUtils.java:logGet(43)) - raft.server.snapshot.auto.trigger.threshold = 10000 (custom)
2019-10-23 22:21:38,572 [pool-62-thread-1] INFO  server.RaftServerConfigKeys (ConfUtils.java:logGet(43)) - raft.server.snapshot.retention.file.num = 5 (custom)
2019-10-23 22:21:38,572 [pool-62-thread-1] INFO  server.RaftServerConfigKeys (ConfUtils.java:logGet(43)) - raft.server.retrycache.expirytime = 600000ms (custom)
2019-10-23 22:21:38,576 [pool-62-thread-1] INFO  impl.RaftServerImpl (RaftServerImpl.java:start(195)) - 1c51b35f-55cb-4636-a00c-83d34bf2d9d4@group-C8FB175AE10A: start as a follower, conf=-1: [1c51b35f-55cb-4636-a00c-83d34bf2d9d4:192.168.157.195:34693], old=null
2019-10-23 22:21:38,576 [pool-62-thread-1] INFO  impl.RaftServerImpl (RaftServerImpl.java:setRole(184)) - 1c51b35f-55cb-4636-a00c-83d34bf2d9d4@group-C8FB175AE10A: changes role from      null to FOLLOWER at term 0 for startAsFollower
2019-10-23 22:21:38,576 [pool-62-thread-1] INFO  impl.RoleInfo (RoleInfo.java:updateAndGet(143)) - 1c51b35f-55cb-4636-a00c-83d34bf2d9d4: start FollowerState
2019-10-23 22:21:38,577 [pool-62-thread-1] INFO  util.JmxRegister (JmxRegister.java:tryRegister(44)) - Successfully registered JMX Bean with object name Ratis:service=RaftServer,group=group-C8FB175AE10A,id=1c51b35f-55cb-4636-a00c-83d34bf2d9d4
2019-10-23 22:21:38,588 [RatisPipelineUtilsThread] INFO  pipeline.PipelineStateManager (PipelineStateManager.java:addPipeline(56)) - Created pipeline Pipeline[ Id: e853d5f5-ee48-4ab2-b3e9-c8fb175ae10a, Nodes: 1c51b35f-55cb-4636-a00c-83d34bf2d9d4{ip: 192.168.157.195, host: pr-hdds-2311-7bgld-1842715332, networkLocation: /rack1, certSerialId: null}, Type:RATIS, Factor:ONE, State:OPEN]
2019-10-23 22:21:38,604 [grpc-default-executor-0] INFO  impl.RaftServerProxy (RaftServerProxy.java:addNew(89)) - d21ee1f1-33f6-483c-a18b-27782ce1915a: addNew group-4CECC1A3431D:[d21ee1f1-33f6-483c-a18b-27782ce1915a:192.168.157.195:46462] returns group-4CECC1A3431D:java.util.concurrent.CompletableFuture@9f5e628[Not completed]
2019-10-23 22:21:38,606 [pool-52-thread-1] INFO  impl.RaftServerImpl (RaftServerImpl.java:<init>(104)) - d21ee1f1-33f6-483c-a18b-27782ce1915a: new RaftServerImpl for group-4CECC1A3431D:[d21ee1f1-33f6-483c-a18b-27782ce1915a:192.168.157.195:46462] with ContainerStateMachine:uninitialized
2019-10-23 22:21:38,606 [pool-52-thread-1] INFO  server.RaftServerConfigKeys (ConfUtils.java:logGet(43)) - raft.server.rpc.timeout.min = 5s (custom)
2019-10-23 22:21:38,606 [pool-52-thread-1] INFO  server.RaftServerConfigKeys (ConfUtils.java:logGet(43)) - raft.server.rpc.timeout.max = 5200ms (custom)
2019-10-23 22:21:38,606 [pool-52-thread-1] INFO  server.RaftServerConfigKeys (ConfUtils.java:logGet(43)) - raft.server.rpcslowness.timeout = 120s (custom)
2019-10-23 22:21:38,606 [pool-52-thread-1] INFO  server.RaftServerConfigKeys (ConfUtils.java:logGet(43)) - raft.server.sleep.deviation.threshold = 300 (default)
2019-10-23 22:21:38,606 [pool-52-thread-1] INFO  server.RaftServerConfigKeys (ConfUtils.java:logGet(43)) - raft.server.log.appender.install.snapshot.enabled = false (custom)
2019-10-23 22:21:38,607 [pool-52-thread-1] INFO  impl.RaftServerImpl (ServerState.java:<init>(103)) - d21ee1f1-33f6-483c-a18b-27782ce1915a@group-4CECC1A3431D: ConfigurationManager, init=-1: [d21ee1f1-33f6-483c-a18b-27782ce1915a:192.168.157.195:46462], old=null, confs=<EMPTY_MAP>
2019-10-23 22:21:38,607 [pool-52-thread-1] INFO  server.RaftServerConfigKeys (ConfUtils.java:logGet(43)) - raft.server.storage.dir = [/workdir/hadoop-ozone/integration-test/target/test-dir/MiniOzoneClusterImpl-1227f15e-0d15-49c5-99be-ea5deb396080/datanode-2/data/ratis] (custom)
2019-10-23 22:21:38,607 [pool-52-thread-1] INFO  server.RaftServerConfigKeys (ConfUtils.java:logGet(43)) - raft.server.log.corruption.policy = EXCEPTION (default)
2019-10-23 22:21:38,607 [pool-52-thread-1] INFO  storage.RaftStorageDirectory (RaftStorageDirectory.java:analyzeStorage(246)) - The storage directory /workdir/hadoop-ozone/integration-test/target/test-dir/MiniOzoneClusterImpl-1227f15e-0d15-49c5-99be-ea5deb396080/datanode-2/data/ratis/3062df27-d44d-4724-b8e2-4cecc1a3431d does not exist. Creating ...
2019-10-23 22:21:38,631 [pool-52-thread-1] INFO  storage.RaftStorageDirectory (RaftStorageDirectory.java:tryLock(328)) - Lock on /workdir/hadoop-ozone/integration-test/target/test-dir/MiniOzoneClusterImpl-1227f15e-0d15-49c5-99be-ea5deb396080/datanode-2/data/ratis/3062df27-d44d-4724-b8e2-4cecc1a3431d/in_use.lock acquired by nodename 18664@pr-hdds-2311-7bgld-1842715332
2019-10-23 22:21:38,644 [pool-52-thread-1] INFO  storage.RaftStorage (RaftStorage.java:format(84)) - Storage directory /workdir/hadoop-ozone/integration-test/target/test-dir/MiniOzoneClusterImpl-1227f15e-0d15-49c5-99be-ea5deb396080/datanode-2/data/ratis/3062df27-d44d-4724-b8e2-4cecc1a3431d has been successfully formatted.
2019-10-23 22:21:38,644 [pool-52-thread-1] INFO  ratis.ContainerStateMachine (ContainerStateMachine.java:loadSnapshot(231)) - group-4CECC1A3431D: The snapshot info is null. Setting the last applied indexto:(t:0, i:~)
2019-10-23 22:21:38,644 [pool-52-thread-1] INFO  server.RaftServerConfigKeys (ConfUtils.java:logGet(43)) - raft.server.notification.no-leader.timeout = 120s (custom)
2019-10-23 22:21:38,645 [pool-52-thread-1] INFO  server.RaftServerConfigKeys (ConfUtils.java:logGet(43)) - raft.server.log.use.memory = false (default)
2019-10-23 22:21:38,645 [pool-52-thread-1] INFO  server.RaftServerConfigKeys (ConfUtils.java:logGet(43)) - raft.server.log.purge.gap = 1000000 (custom)
2019-10-23 22:21:38,645 [pool-52-thread-1] INFO  server.RaftServerConfigKeys (ConfUtils.java:logGet(43)) - raft.server.log.appender.buffer.byte-limit = 33554432 (custom)
2019-10-23 22:21:38,645 [pool-52-thread-1] INFO  server.RaftServerConfigKeys (ConfUtils.java:logGet(43)) - raft.server.log.segment.size.max = 1048576 (custom)
2019-10-23 22:21:38,647 [pool-52-thread-1] INFO  server.RaftServerConfigKeys (ConfUtils.java:logGet(43)) - raft.server.log.segment.cache.num.max = 2 (custom)
2019-10-23 22:21:38,647 [pool-52-thread-1] INFO  segmented.SegmentedRaftLogWorker (SegmentedRaftLogWorker.java:<init>(173)) - new d21ee1f1-33f6-483c-a18b-27782ce1915a@group-4CECC1A3431D-SegmentedRaftLogWorker for RaftStorage:Storage Directory /workdir/hadoop-ozone/integration-test/target/test-dir/MiniOzoneClusterImpl-1227f15e-0d15-49c5-99be-ea5deb396080/datanode-2/data/ratis/3062df27-d44d-4724-b8e2-4cecc1a3431d
2019-10-23 22:21:38,647 [pool-52-thread-1] INFO  server.RaftServerConfigKeys (ConfUtils.java:logGet(43)) - raft.server.log.queue.byte-limit = 2147483647 (custom)
2019-10-23 22:21:38,648 [pool-52-thread-1] INFO  server.RaftServerConfigKeys (ConfUtils.java:logGet(43)) - raft.server.log.queue.element-limit = 1024 (custom)
2019-10-23 22:21:38,648 [pool-52-thread-1] INFO  server.RaftServerConfigKeys (ConfUtils.java:logGet(43)) - raft.server.log.segment.size.max = 1048576 (custom)
2019-10-23 22:21:38,648 [pool-52-thread-1] INFO  server.RaftServerConfigKeys (ConfUtils.java:logGet(43)) - raft.server.log.preallocated.size = 16384 (custom)
2019-10-23 22:21:38,648 [pool-52-thread-1] INFO  server.RaftServerConfigKeys (ConfUtils.java:logGet(43)) - raft.server.log.write.buffer.size = 33554432 (custom)
2019-10-23 22:21:38,648 [pool-52-thread-1] INFO  server.RaftServerConfigKeys (ConfUtils.java:logGet(43)) - raft.server.log.force.sync.num = 128 (default)
2019-10-23 22:21:38,648 [pool-52-thread-1] INFO  server.RaftServerConfigKeys (ConfUtils.java:logGet(43)) - raft.server.log.statemachine.data.sync = true (default)
2019-10-23 22:21:38,648 [pool-52-thread-1] INFO  server.RaftServerConfigKeys (ConfUtils.java:logGet(43)) - raft.server.log.statemachine.data.sync.timeout = 10s (default)
2019-10-23 22:21:38,648 [pool-52-thread-1] INFO  server.RaftServerConfigKeys (ConfUtils.java:logGet(43)) - raft.server.log.statemachine.data.sync.timeout.retry = -1 (default)
2019-10-23 22:21:38,649 [pool-52-thread-1] INFO  server.RaftServerConfigKeys (ConfUtils.java:logGet(43)) - raft.server.log.statemachine.data.caching.enabled = true (custom)
2019-10-23 22:21:38,649 [pool-52-thread-1] INFO  segmented.SegmentedRaftLogWorker (SegmentedRaftLogWorker.java:lambda$new$0(128)) - d21ee1f1-33f6-483c-a18b-27782ce1915a@group-4CECC1A3431D-SegmentedRaftLogWorker: flushIndex: setUnconditionally 0 -> -1
2019-10-23 22:21:38,649 [pool-52-thread-1] INFO  server.RaftServerConfigKeys (ConfUtils.java:logGet(43)) - raft.server.snapshot.auto.trigger.enabled = true (custom)
2019-10-23 22:21:38,649 [pool-52-thread-1] INFO  server.RaftServerConfigKeys (ConfUtils.java:logGet(43)) - raft.server.snapshot.auto.trigger.threshold = 10000 (custom)
2019-10-23 22:21:38,650 [pool-52-thread-1] INFO  server.RaftServerConfigKeys (ConfUtils.java:logGet(43)) - raft.server.snapshot.retention.file.num = 5 (custom)
2019-10-23 22:21:38,650 [pool-52-thread-1] INFO  server.RaftServerConfigKeys (ConfUtils.java:logGet(43)) - raft.server.retrycache.expirytime = 600000ms (custom)
2019-10-23 22:21:38,654 [pool-52-thread-1] INFO  impl.RaftServerImpl (RaftServerImpl.java:start(195)) - d21ee1f1-33f6-483c-a18b-27782ce1915a@group-4CECC1A3431D: start as a follower, conf=-1: [d21ee1f1-33f6-483c-a18b-27782ce1915a:192.168.157.195:46462], old=null
2019-10-23 22:21:38,654 [pool-52-thread-1] INFO  impl.RaftServerImpl (RaftServerImpl.java:setRole(184)) - d21ee1f1-33f6-483c-a18b-27782ce1915a@group-4CECC1A3431D: changes role from      null to FOLLOWER at term 0 for startAsFollower
2019-10-23 22:21:38,654 [pool-52-thread-1] INFO  impl.RoleInfo (RoleInfo.java:updateAndGet(143)) - d21ee1f1-33f6-483c-a18b-27782ce1915a: start FollowerState
2019-10-23 22:21:38,654 [pool-52-thread-1] INFO  util.JmxRegister (JmxRegister.java:tryRegister(44)) - Successfully registered JMX Bean with object name Ratis:service=RaftServer,group=group-4CECC1A3431D,id=d21ee1f1-33f6-483c-a18b-27782ce1915a
2019-10-23 22:21:38,665 [RatisPipelineUtilsThread] INFO  pipeline.PipelineStateManager (PipelineStateManager.java:addPipeline(56)) - Created pipeline Pipeline[ Id: 3062df27-d44d-4724-b8e2-4cecc1a3431d, Nodes: d21ee1f1-33f6-483c-a18b-27782ce1915a{ip: 192.168.157.195, host: pr-hdds-2311-7bgld-1842715332, networkLocation: /rack1, certSerialId: null}, Type:RATIS, Factor:ONE, State:OPEN]
2019-10-23 22:21:38,694 [Thread-212] INFO  impl.FollowerState (FollowerState.java:run(108)) - 1c51b35f-55cb-4636-a00c-83d34bf2d9d4@group-C8FB175AE10A-FollowerState: change to CANDIDATE, lastRpcTime:117ms, electionTimeout:117ms
2019-10-23 22:21:38,695 [Thread-212] INFO  impl.RoleInfo (RoleInfo.java:shutdownFollowerState(121)) - 1c51b35f-55cb-4636-a00c-83d34bf2d9d4: shutdown FollowerState
2019-10-23 22:21:38,696 [Thread-212] INFO  impl.RaftServerImpl (RaftServerImpl.java:setRole(184)) - 1c51b35f-55cb-4636-a00c-83d34bf2d9d4@group-C8FB175AE10A: changes role from  FOLLOWER to CANDIDATE at term 0 for changeToCandidate
2019-10-23 22:21:38,696 [Thread-212] INFO  impl.RoleInfo (RoleInfo.java:updateAndGet(143)) - 1c51b35f-55cb-4636-a00c-83d34bf2d9d4: start LeaderElection
2019-10-23 22:21:38,697 [grpc-default-executor-1] INFO  impl.RaftServerProxy (RaftServerProxy.java:addNew(89)) - d21ee1f1-33f6-483c-a18b-27782ce1915a: addNew group-F043E0AED0ED:[aed1b97f-105e-4684-b087-4b6333aa3ced:192.168.157.195:34943, 1c51b35f-55cb-4636-a00c-83d34bf2d9d4:192.168.157.195:34693, d21ee1f1-33f6-483c-a18b-27782ce1915a:192.168.157.195:46462] returns group-F043E0AED0ED:java.util.concurrent.CompletableFuture@2c63472e[Not completed]
2019-10-23 22:21:38,700 [grpc-default-executor-2] INFO  impl.RaftServerProxy (RaftServerProxy.java:addNew(89)) - aed1b97f-105e-4684-b087-4b6333aa3ced: addNew group-F043E0AED0ED:[aed1b97f-105e-4684-b087-4b6333aa3ced:192.168.157.195:34943, 1c51b35f-55cb-4636-a00c-83d34bf2d9d4:192.168.157.195:34693, d21ee1f1-33f6-483c-a18b-27782ce1915a:192.168.157.195:46462] returns group-F043E0AED0ED:java.util.concurrent.CompletableFuture@5126b0ea[Not completed]
2019-10-23 22:21:38,701 [pool-52-thread-1] INFO  impl.RaftServerImpl (RaftServerImpl.java:<init>(104)) - d21ee1f1-33f6-483c-a18b-27782ce1915a: new RaftServerImpl for group-F043E0AED0ED:[aed1b97f-105e-4684-b087-4b6333aa3ced:192.168.157.195:34943, 1c51b35f-55cb-4636-a00c-83d34bf2d9d4:192.168.157.195:34693, d21ee1f1-33f6-483c-a18b-27782ce1915a:192.168.157.195:46462] with ContainerStateMachine:uninitialized
2019-10-23 22:21:38,702 [pool-52-thread-1] INFO  server.RaftServerConfigKeys (ConfUtils.java:logGet(43)) - raft.server.rpc.timeout.min = 5s (custom)
2019-10-23 22:21:38,706 [pool-52-thread-1] INFO  server.RaftServerConfigKeys (ConfUtils.java:logGet(43)) - raft.server.rpc.timeout.max = 5200ms (custom)
2019-10-23 22:21:38,706 [pool-52-thread-1] INFO  server.RaftServerConfigKeys (ConfUtils.java:logGet(43)) - raft.server.rpcslowness.timeout = 120s (custom)
2019-10-23 22:21:38,706 [pool-52-thread-1] INFO  server.RaftServerConfigKeys (ConfUtils.java:logGet(43)) - raft.server.sleep.deviation.threshold = 300 (default)
2019-10-23 22:21:38,706 [pool-52-thread-1] INFO  server.RaftServerConfigKeys (ConfUtils.java:logGet(43)) - raft.server.log.appender.install.snapshot.enabled = false (custom)
2019-10-23 22:21:38,706 [pool-52-thread-1] INFO  impl.RaftServerImpl (ServerState.java:<init>(103)) - d21ee1f1-33f6-483c-a18b-27782ce1915a@group-F043E0AED0ED: ConfigurationManager, init=-1: [aed1b97f-105e-4684-b087-4b6333aa3ced:192.168.157.195:34943, 1c51b35f-55cb-4636-a00c-83d34bf2d9d4:192.168.157.195:34693, d21ee1f1-33f6-483c-a18b-27782ce1915a:192.168.157.195:46462], old=null, confs=<EMPTY_MAP>
2019-10-23 22:21:38,706 [pool-52-thread-1] INFO  server.RaftServerConfigKeys (ConfUtils.java:logGet(43)) - raft.server.storage.dir = [/workdir/hadoop-ozone/integration-test/target/test-dir/MiniOzoneClusterImpl-1227f15e-0d15-49c5-99be-ea5deb396080/datanode-2/data/ratis] (custom)
2019-10-23 22:21:38,707 [pool-42-thread-1] INFO  impl.RaftServerImpl (RaftServerImpl.java:<init>(104)) - aed1b97f-105e-4684-b087-4b6333aa3ced: new RaftServerImpl for group-F043E0AED0ED:[aed1b97f-105e-4684-b087-4b6333aa3ced:192.168.157.195:34943, 1c51b35f-55cb-4636-a00c-83d34bf2d9d4:192.168.157.195:34693, d21ee1f1-33f6-483c-a18b-27782ce1915a:192.168.157.195:46462] with ContainerStateMachine:uninitialized
2019-10-23 22:21:38,707 [pool-52-thread-1] INFO  server.RaftServerConfigKeys (ConfUtils.java:logGet(43)) - raft.server.log.corruption.policy = EXCEPTION (default)
2019-10-23 22:21:38,707 [pool-42-thread-1] INFO  server.RaftServerConfigKeys (ConfUtils.java:logGet(43)) - raft.server.rpc.timeout.min = 5s (custom)
2019-10-23 22:21:38,708 [pool-52-thread-1] INFO  storage.RaftStorageDirectory (RaftStorageDirectory.java:analyzeStorage(246)) - The storage directory /workdir/hadoop-ozone/integration-test/target/test-dir/MiniOzoneClusterImpl-1227f15e-0d15-49c5-99be-ea5deb396080/datanode-2/data/ratis/d3b7166d-836a-478b-b242-f043e0aed0ed does not exist. Creating ...
2019-10-23 22:21:38,708 [pool-42-thread-1] INFO  server.RaftServerConfigKeys (ConfUtils.java:logGet(43)) - raft.server.rpc.timeout.max = 5200ms (custom)
2019-10-23 22:21:38,708 [pool-42-thread-1] INFO  server.RaftServerConfigKeys (ConfUtils.java:logGet(43)) - raft.server.rpcslowness.timeout = 120s (custom)
2019-10-23 22:21:38,708 [pool-42-thread-1] INFO  server.RaftServerConfigKeys (ConfUtils.java:logGet(43)) - raft.server.sleep.deviation.threshold = 300 (default)
2019-10-23 22:21:38,709 [pool-42-thread-1] INFO  server.RaftServerConfigKeys (ConfUtils.java:logGet(43)) - raft.server.log.appender.install.snapshot.enabled = false (custom)
2019-10-23 22:21:38,709 [grpc-default-executor-2] INFO  impl.RaftServerProxy (RaftServerProxy.java:addNew(89)) - 1c51b35f-55cb-4636-a00c-83d34bf2d9d4: addNew group-F043E0AED0ED:[aed1b97f-105e-4684-b087-4b6333aa3ced:192.168.157.195:34943, 1c51b35f-55cb-4636-a00c-83d34bf2d9d4:192.168.157.195:34693, d21ee1f1-33f6-483c-a18b-27782ce1915a:192.168.157.195:46462] returns group-F043E0AED0ED:java.util.concurrent.CompletableFuture@142424aa[Not completed]
2019-10-23 22:21:38,709 [pool-42-thread-1] INFO  impl.RaftServerImpl (ServerState.java:<init>(103)) - aed1b97f-105e-4684-b087-4b6333aa3ced@group-F043E0AED0ED: ConfigurationManager, init=-1: [aed1b97f-105e-4684-b087-4b6333aa3ced:192.168.157.195:34943, 1c51b35f-55cb-4636-a00c-83d34bf2d9d4:192.168.157.195:34693, d21ee1f1-33f6-483c-a18b-27782ce1915a:192.168.157.195:46462], old=null, confs=<EMPTY_MAP>
2019-10-23 22:21:38,709 [pool-42-thread-1] INFO  server.RaftServerConfigKeys (ConfUtils.java:logGet(43)) - raft.server.storage.dir = [/workdir/hadoop-ozone/integration-test/target/test-dir/MiniOzoneClusterImpl-1227f15e-0d15-49c5-99be-ea5deb396080/datanode-1/data/ratis] (custom)
2019-10-23 22:21:38,709 [pool-42-thread-1] INFO  server.RaftServerConfigKeys (ConfUtils.java:logGet(43)) - raft.server.log.corruption.policy = EXCEPTION (default)
2019-10-23 22:21:38,710 [pool-42-thread-1] INFO  storage.RaftStorageDirectory (RaftStorageDirectory.java:analyzeStorage(246)) - The storage directory /workdir/hadoop-ozone/integration-test/target/test-dir/MiniOzoneClusterImpl-1227f15e-0d15-49c5-99be-ea5deb396080/datanode-1/data/ratis/d3b7166d-836a-478b-b242-f043e0aed0ed does not exist. Creating ...
2019-10-23 22:21:38,711 [pool-62-thread-1] INFO  impl.RaftServerImpl (RaftServerImpl.java:<init>(104)) - 1c51b35f-55cb-4636-a00c-83d34bf2d9d4: new RaftServerImpl for group-F043E0AED0ED:[aed1b97f-105e-4684-b087-4b6333aa3ced:192.168.157.195:34943, 1c51b35f-55cb-4636-a00c-83d34bf2d9d4:192.168.157.195:34693, d21ee1f1-33f6-483c-a18b-27782ce1915a:192.168.157.195:46462] with ContainerStateMachine:uninitialized
2019-10-23 22:21:38,711 [pool-62-thread-1] INFO  server.RaftServerConfigKeys (ConfUtils.java:logGet(43)) - raft.server.rpc.timeout.min = 5s (custom)
2019-10-23 22:21:38,711 [pool-62-thread-1] INFO  server.RaftServerConfigKeys (ConfUtils.java:logGet(43)) - raft.server.rpc.timeout.max = 5200ms (custom)
2019-10-23 22:21:38,711 [pool-62-thread-1] INFO  server.RaftServerConfigKeys (ConfUtils.java:logGet(43)) - raft.server.rpcslowness.timeout = 120s (custom)
2019-10-23 22:21:38,711 [pool-62-thread-1] INFO  server.RaftServerConfigKeys (ConfUtils.java:logGet(43)) - raft.server.sleep.deviation.threshold = 300 (default)
2019-10-23 22:21:38,711 [pool-62-thread-1] INFO  server.RaftServerConfigKeys (ConfUtils.java:logGet(43)) - raft.server.log.appender.install.snapshot.enabled = false (custom)
2019-10-23 22:21:38,712 [pool-62-thread-1] INFO  impl.RaftServerImpl (ServerState.java:<init>(103)) - 1c51b35f-55cb-4636-a00c-83d34bf2d9d4@group-F043E0AED0ED: ConfigurationManager, init=-1: [aed1b97f-105e-4684-b087-4b6333aa3ced:192.168.157.195:34943, 1c51b35f-55cb-4636-a00c-83d34bf2d9d4:192.168.157.195:34693, d21ee1f1-33f6-483c-a18b-27782ce1915a:192.168.157.195:46462], old=null, confs=<EMPTY_MAP>
2019-10-23 22:21:38,712 [pool-62-thread-1] INFO  server.RaftServerConfigKeys (ConfUtils.java:logGet(43)) - raft.server.storage.dir = [/workdir/hadoop-ozone/integration-test/target/test-dir/MiniOzoneClusterImpl-1227f15e-0d15-49c5-99be-ea5deb396080/datanode-3/data/ratis] (custom)
2019-10-23 22:21:38,712 [pool-62-thread-1] INFO  server.RaftServerConfigKeys (ConfUtils.java:logGet(43)) - raft.server.log.corruption.policy = EXCEPTION (default)
2019-10-23 22:21:38,712 [pool-62-thread-1] INFO  storage.RaftStorageDirectory (RaftStorageDirectory.java:analyzeStorage(246)) - The storage directory /workdir/hadoop-ozone/integration-test/target/test-dir/MiniOzoneClusterImpl-1227f15e-0d15-49c5-99be-ea5deb396080/datanode-3/data/ratis/d3b7166d-836a-478b-b242-f043e0aed0ed does not exist. Creating ...
2019-10-23 22:21:38,725 [pool-52-thread-1] INFO  storage.RaftStorageDirectory (RaftStorageDirectory.java:tryLock(328)) - Lock on /workdir/hadoop-ozone/integration-test/target/test-dir/MiniOzoneClusterImpl-1227f15e-0d15-49c5-99be-ea5deb396080/datanode-2/data/ratis/d3b7166d-836a-478b-b242-f043e0aed0ed/in_use.lock acquired by nodename 18664@pr-hdds-2311-7bgld-1842715332
2019-10-23 22:21:38,725 [pool-42-thread-1] INFO  storage.RaftStorageDirectory (RaftStorageDirectory.java:tryLock(328)) - Lock on /workdir/hadoop-ozone/integration-test/target/test-dir/MiniOzoneClusterImpl-1227f15e-0d15-49c5-99be-ea5deb396080/datanode-1/data/ratis/d3b7166d-836a-478b-b242-f043e0aed0ed/in_use.lock acquired by nodename 18664@pr-hdds-2311-7bgld-1842715332
2019-10-23 22:21:38,725 [1c51b35f-55cb-4636-a00c-83d34bf2d9d4@group-C8FB175AE10A-LeaderElection4] INFO  impl.LeaderElection (LeaderElection.java:askForVotes(178)) - 1c51b35f-55cb-4636-a00c-83d34bf2d9d4@group-C8FB175AE10A-LeaderElection4: begin an election at term 1 for -1: [1c51b35f-55cb-4636-a00c-83d34bf2d9d4:192.168.157.195:34693], old=null
2019-10-23 22:21:38,725 [1c51b35f-55cb-4636-a00c-83d34bf2d9d4@group-C8FB175AE10A-LeaderElection4] INFO  impl.RoleInfo (RoleInfo.java:shutdownLeaderElection(134)) - 1c51b35f-55cb-4636-a00c-83d34bf2d9d4: shutdown LeaderElection
2019-10-23 22:21:38,725 [1c51b35f-55cb-4636-a00c-83d34bf2d9d4@group-C8FB175AE10A-LeaderElection4] INFO  impl.RaftServerImpl (RaftServerImpl.java:setRole(184)) - 1c51b35f-55cb-4636-a00c-83d34bf2d9d4@group-C8FB175AE10A: changes role from CANDIDATE to LEADER at term 1 for changeToLeader
2019-10-23 22:21:38,726 [1c51b35f-55cb-4636-a00c-83d34bf2d9d4@group-C8FB175AE10A-LeaderElection4] INFO  impl.RaftServerImpl (ServerState.java:setLeader(256)) - 1c51b35f-55cb-4636-a00c-83d34bf2d9d4@group-C8FB175AE10A: change Leader from null to 1c51b35f-55cb-4636-a00c-83d34bf2d9d4 at term 1 for becomeLeader, leader elected after 159ms
2019-10-23 22:21:38,727 [1c51b35f-55cb-4636-a00c-83d34bf2d9d4@group-C8FB175AE10A-LeaderElection4] INFO  server.RaftServerConfigKeys (ConfUtils.java:logGet(43)) - raft.server.staging.catchup.gap = 1000 (default)
2019-10-23 22:21:38,727 [1c51b35f-55cb-4636-a00c-83d34bf2d9d4@group-C8FB175AE10A-LeaderElection4] INFO  server.RaftServerConfigKeys (ConfUtils.java:logGet(43)) - raft.server.rpc.sleep.time = 25ms (default)
2019-10-23 22:21:38,727 [pool-62-thread-1] INFO  storage.RaftStorageDirectory (RaftStorageDirectory.java:tryLock(328)) - Lock on /workdir/hadoop-ozone/integration-test/target/test-dir/MiniOzoneClusterImpl-1227f15e-0d15-49c5-99be-ea5deb396080/datanode-3/data/ratis/d3b7166d-836a-478b-b242-f043e0aed0ed/in_use.lock acquired by nodename 18664@pr-hdds-2311-7bgld-1842715332
2019-10-23 22:21:38,727 [1c51b35f-55cb-4636-a00c-83d34bf2d9d4@group-C8FB175AE10A-LeaderElection4] INFO  server.RaftServerConfigKeys (ConfUtils.java:logGet(43)) - raft.server.write.element-limit = 4096 (default)
2019-10-23 22:21:38,727 [1c51b35f-55cb-4636-a00c-83d34bf2d9d4@group-C8FB175AE10A-LeaderElection4] INFO  server.RaftServerConfigKeys (ConfUtils.java:logGet(43)) - raft.server.watch.timeout = 10s (default)
2019-10-23 22:21:38,727 [1c51b35f-55cb-4636-a00c-83d34bf2d9d4@group-C8FB175AE10A-LeaderElection4] INFO  server.RaftServerConfigKeys (ConfUtils.java:logGet(43)) - raft.server.watch.timeout.denomination = 1s (default)
2019-10-23 22:21:38,727 [1c51b35f-55cb-4636-a00c-83d34bf2d9d4@group-C8FB175AE10A-LeaderElection4] INFO  server.RaftServerConfigKeys (ConfUtils.java:logGet(43)) - raft.server.watch.element-limit = 65536 (default)
2019-10-23 22:21:38,730 [1c51b35f-55cb-4636-a00c-83d34bf2d9d4@group-C8FB175AE10A-LeaderElection4] INFO  impl.RoleInfo (RoleInfo.java:updateAndGet(143)) - 1c51b35f-55cb-4636-a00c-83d34bf2d9d4: start LeaderState
2019-10-23 22:21:38,731 [1c51b35f-55cb-4636-a00c-83d34bf2d9d4@group-C8FB175AE10A-LeaderElection4] INFO  segmented.SegmentedRaftLogWorker (SegmentedRaftLogWorker.java:startLogSegment(385)) - 1c51b35f-55cb-4636-a00c-83d34bf2d9d4@group-C8FB175AE10A-SegmentedRaftLogWorker: Starting segment from index:0
2019-10-23 22:21:38,732 [1c51b35f-55cb-4636-a00c-83d34bf2d9d4@group-C8FB175AE10A-LeaderElection4] INFO  impl.RaftServerImpl (ServerState.java:setRaftConf(357)) - 1c51b35f-55cb-4636-a00c-83d34bf2d9d4@group-C8FB175AE10A: set configuration 0: [1c51b35f-55cb-4636-a00c-83d34bf2d9d4:192.168.157.195:34693], old=null at 0
2019-10-23 22:21:38,758 [pool-52-thread-1] INFO  storage.RaftStorage (RaftStorage.java:format(84)) - Storage directory /workdir/hadoop-ozone/integration-test/target/test-dir/MiniOzoneClusterImpl-1227f15e-0d15-49c5-99be-ea5deb396080/datanode-2/data/ratis/d3b7166d-836a-478b-b242-f043e0aed0ed has been successfully formatted.
2019-10-23 22:21:38,758 [pool-42-thread-1] INFO  storage.RaftStorage (RaftStorage.java:format(84)) - Storage directory /workdir/hadoop-ozone/integration-test/target/test-dir/MiniOzoneClusterImpl-1227f15e-0d15-49c5-99be-ea5deb396080/datanode-1/data/ratis/d3b7166d-836a-478b-b242-f043e0aed0ed has been successfully formatted.
2019-10-23 22:21:38,759 [pool-52-thread-1] INFO  ratis.ContainerStateMachine (ContainerStateMachine.java:loadSnapshot(231)) - group-F043E0AED0ED: The snapshot info is null. Setting the last applied indexto:(t:0, i:~)
2019-10-23 22:21:38,759 [pool-42-thread-1] INFO  ratis.ContainerStateMachine (ContainerStateMachine.java:loadSnapshot(231)) - group-F043E0AED0ED: The snapshot info is null. Setting the last applied indexto:(t:0, i:~)
2019-10-23 22:21:38,759 [pool-52-thread-1] INFO  server.RaftServerConfigKeys (ConfUtils.java:logGet(43)) - raft.server.notification.no-leader.timeout = 120s (custom)
2019-10-23 22:21:38,759 [pool-42-thread-1] INFO  server.RaftServerConfigKeys (ConfUtils.java:logGet(43)) - raft.server.notification.no-leader.timeout = 120s (custom)
2019-10-23 22:21:38,759 [pool-52-thread-1] INFO  server.RaftServerConfigKeys (ConfUtils.java:logGet(43)) - raft.server.log.use.memory = false (default)
2019-10-23 22:21:38,759 [pool-42-thread-1] INFO  server.RaftServerConfigKeys (ConfUtils.java:logGet(43)) - raft.server.log.use.memory = false (default)
2019-10-23 22:21:38,760 [pool-52-thread-1] INFO  server.RaftServerConfigKeys (ConfUtils.java:logGet(43)) - raft.server.log.purge.gap = 1000000 (custom)
2019-10-23 22:21:38,760 [pool-42-thread-1] INFO  server.RaftServerConfigKeys (ConfUtils.java:logGet(43)) - raft.server.log.purge.gap = 1000000 (custom)
2019-10-23 22:21:38,760 [pool-52-thread-1] INFO  server.RaftServerConfigKeys (ConfUtils.java:logGet(43)) - raft.server.log.appender.buffer.byte-limit = 33554432 (custom)
2019-10-23 22:21:38,760 [pool-42-thread-1] INFO  server.RaftServerConfigKeys (ConfUtils.java:logGet(43)) - raft.server.log.appender.buffer.byte-limit = 33554432 (custom)
2019-10-23 22:21:38,760 [pool-52-thread-1] INFO  server.RaftServerConfigKeys (ConfUtils.java:logGet(43)) - raft.server.log.segment.size.max = 1048576 (custom)
2019-10-23 22:21:38,760 [pool-42-thread-1] INFO  server.RaftServerConfigKeys (ConfUtils.java:logGet(43)) - raft.server.log.segment.size.max = 1048576 (custom)
2019-10-23 22:21:38,760 [pool-52-thread-1] INFO  server.RaftServerConfigKeys (ConfUtils.java:logGet(43)) - raft.server.log.segment.cache.num.max = 2 (custom)
2019-10-23 22:21:38,760 [pool-42-thread-1] INFO  server.RaftServerConfigKeys (ConfUtils.java:logGet(43)) - raft.server.log.segment.cache.num.max = 2 (custom)
2019-10-23 22:21:38,761 [pool-52-thread-1] INFO  segmented.SegmentedRaftLogWorker (SegmentedRaftLogWorker.java:<init>(173)) - new d21ee1f1-33f6-483c-a18b-27782ce1915a@group-F043E0AED0ED-SegmentedRaftLogWorker for RaftStorage:Storage Directory /workdir/hadoop-ozone/integration-test/target/test-dir/MiniOzoneClusterImpl-1227f15e-0d15-49c5-99be-ea5deb396080/datanode-2/data/ratis/d3b7166d-836a-478b-b242-f043e0aed0ed
2019-10-23 22:21:38,761 [pool-42-thread-1] INFO  segmented.SegmentedRaftLogWorker (SegmentedRaftLogWorker.java:<init>(173)) - new aed1b97f-105e-4684-b087-4b6333aa3ced@group-F043E0AED0ED-SegmentedRaftLogWorker for RaftStorage:Storage Directory /workdir/hadoop-ozone/integration-test/target/test-dir/MiniOzoneClusterImpl-1227f15e-0d15-49c5-99be-ea5deb396080/datanode-1/data/ratis/d3b7166d-836a-478b-b242-f043e0aed0ed
2019-10-23 22:21:38,761 [pool-52-thread-1] INFO  server.RaftServerConfigKeys (ConfUtils.java:logGet(43)) - raft.server.log.queue.byte-limit = 2147483647 (custom)
2019-10-23 22:21:38,761 [pool-42-thread-1] INFO  server.RaftServerConfigKeys (ConfUtils.java:logGet(43)) - raft.server.log.queue.byte-limit = 2147483647 (custom)
2019-10-23 22:21:38,761 [pool-52-thread-1] INFO  server.RaftServerConfigKeys (ConfUtils.java:logGet(43)) - raft.server.log.queue.element-limit = 1024 (custom)
2019-10-23 22:21:38,761 [pool-42-thread-1] INFO  server.RaftServerConfigKeys (ConfUtils.java:logGet(43)) - raft.server.log.queue.element-limit = 1024 (custom)
2019-10-23 22:21:38,761 [pool-52-thread-1] INFO  server.RaftServerConfigKeys (ConfUtils.java:logGet(43)) - raft.server.log.segment.size.max = 1048576 (custom)
2019-10-23 22:21:38,761 [pool-42-thread-1] INFO  server.RaftServerConfigKeys (ConfUtils.java:logGet(43)) - raft.server.log.segment.size.max = 1048576 (custom)
2019-10-23 22:21:38,762 [pool-52-thread-1] INFO  server.RaftServerConfigKeys (ConfUtils.java:logGet(43)) - raft.server.log.preallocated.size = 16384 (custom)
2019-10-23 22:21:38,762 [pool-42-thread-1] INFO  server.RaftServerConfigKeys (ConfUtils.java:logGet(43)) - raft.server.log.preallocated.size = 16384 (custom)
2019-10-23 22:21:38,762 [pool-52-thread-1] INFO  server.RaftServerConfigKeys (ConfUtils.java:logGet(43)) - raft.server.log.write.buffer.size = 33554432 (custom)
2019-10-23 22:21:38,762 [pool-42-thread-1] INFO  server.RaftServerConfigKeys (ConfUtils.java:logGet(43)) - raft.server.log.write.buffer.size = 33554432 (custom)
2019-10-23 22:21:38,762 [pool-52-thread-1] INFO  server.RaftServerConfigKeys (ConfUtils.java:logGet(43)) - raft.server.log.force.sync.num = 128 (default)
2019-10-23 22:21:38,762 [pool-42-thread-1] INFO  server.RaftServerConfigKeys (ConfUtils.java:logGet(43)) - raft.server.log.force.sync.num = 128 (default)
2019-10-23 22:21:38,762 [pool-52-thread-1] INFO  server.RaftServerConfigKeys (ConfUtils.java:logGet(43)) - raft.server.log.statemachine.data.sync = true (default)
2019-10-23 22:21:38,762 [pool-42-thread-1] INFO  server.RaftServerConfigKeys (ConfUtils.java:logGet(43)) - raft.server.log.statemachine.data.sync = true (default)
2019-10-23 22:21:38,763 [pool-52-thread-1] INFO  server.RaftServerConfigKeys (ConfUtils.java:logGet(43)) - raft.server.log.statemachine.data.sync.timeout = 10s (default)
2019-10-23 22:21:38,763 [pool-42-thread-1] INFO  server.RaftServerConfigKeys (ConfUtils.java:logGet(43)) - raft.server.log.statemachine.data.sync.timeout = 10s (default)
2019-10-23 22:21:38,763 [pool-52-thread-1] INFO  server.RaftServerConfigKeys (ConfUtils.java:logGet(43)) - raft.server.log.statemachine.data.sync.timeout.retry = -1 (default)
2019-10-23 22:21:38,763 [pool-42-thread-1] INFO  server.RaftServerConfigKeys (ConfUtils.java:logGet(43)) - raft.server.log.statemachine.data.sync.timeout.retry = -1 (default)
2019-10-23 22:21:38,763 [pool-52-thread-1] INFO  server.RaftServerConfigKeys (ConfUtils.java:logGet(43)) - raft.server.log.statemachine.data.caching.enabled = true (custom)
2019-10-23 22:21:38,763 [pool-42-thread-1] INFO  server.RaftServerConfigKeys (ConfUtils.java:logGet(43)) - raft.server.log.statemachine.data.caching.enabled = true (custom)
2019-10-23 22:21:38,764 [pool-52-thread-1] INFO  segmented.SegmentedRaftLogWorker (SegmentedRaftLogWorker.java:lambda$new$0(128)) - d21ee1f1-33f6-483c-a18b-27782ce1915a@group-F043E0AED0ED-SegmentedRaftLogWorker: flushIndex: setUnconditionally 0 -> -1
2019-10-23 22:21:38,764 [pool-42-thread-1] INFO  segmented.SegmentedRaftLogWorker (SegmentedRaftLogWorker.java:lambda$new$0(128)) - aed1b97f-105e-4684-b087-4b6333aa3ced@group-F043E0AED0ED-SegmentedRaftLogWorker: flushIndex: setUnconditionally 0 -> -1
2019-10-23 22:21:38,764 [pool-52-thread-1] INFO  server.RaftServerConfigKeys (ConfUtils.java:logGet(43)) - raft.server.snapshot.auto.trigger.enabled = true (custom)
2019-10-23 22:21:38,764 [pool-42-thread-1] INFO  server.RaftServerConfigKeys (ConfUtils.java:logGet(43)) - raft.server.snapshot.auto.trigger.enabled = true (custom)
2019-10-23 22:21:38,764 [pool-52-thread-1] INFO  server.RaftServerConfigKeys (ConfUtils.java:logGet(43)) - raft.server.snapshot.auto.trigger.threshold = 10000 (custom)
2019-10-23 22:21:38,765 [pool-42-thread-1] INFO  server.RaftServerConfigKeys (ConfUtils.java:logGet(43)) - raft.server.snapshot.auto.trigger.threshold = 10000 (custom)
2019-10-23 22:21:38,765 [pool-52-thread-1] INFO  server.RaftServerConfigKeys (ConfUtils.java:logGet(43)) - raft.server.snapshot.retention.file.num = 5 (custom)
2019-10-23 22:21:38,765 [pool-42-thread-1] INFO  server.RaftServerConfigKeys (ConfUtils.java:logGet(43)) - raft.server.snapshot.retention.file.num = 5 (custom)
2019-10-23 22:21:38,765 [pool-52-thread-1] INFO  server.RaftServerConfigKeys (ConfUtils.java:logGet(43)) - raft.server.retrycache.expirytime = 600000ms (custom)
2019-10-23 22:21:38,765 [pool-42-thread-1] INFO  server.RaftServerConfigKeys (ConfUtils.java:logGet(43)) - raft.server.retrycache.expirytime = 600000ms (custom)
2019-10-23 22:21:38,769 [pool-52-thread-1] INFO  impl.RaftServerImpl (RaftServerImpl.java:start(195)) - d21ee1f1-33f6-483c-a18b-27782ce1915a@group-F043E0AED0ED: start as a follower, conf=-1: [aed1b97f-105e-4684-b087-4b6333aa3ced:192.168.157.195:34943, 1c51b35f-55cb-4636-a00c-83d34bf2d9d4:192.168.157.195:34693, d21ee1f1-33f6-483c-a18b-27782ce1915a:192.168.157.195:46462], old=null
2019-10-23 22:21:38,769 [pool-42-thread-1] INFO  impl.RaftServerImpl (RaftServerImpl.java:start(195)) - aed1b97f-105e-4684-b087-4b6333aa3ced@group-F043E0AED0ED: start as a follower, conf=-1: [aed1b97f-105e-4684-b087-4b6333aa3ced:192.168.157.195:34943, 1c51b35f-55cb-4636-a00c-83d34bf2d9d4:192.168.157.195:34693, d21ee1f1-33f6-483c-a18b-27782ce1915a:192.168.157.195:46462], old=null
2019-10-23 22:21:38,769 [pool-52-thread-1] INFO  impl.RaftServerImpl (RaftServerImpl.java:setRole(184)) - d21ee1f1-33f6-483c-a18b-27782ce1915a@group-F043E0AED0ED: changes role from      null to FOLLOWER at term 0 for startAsFollower
2019-10-23 22:21:38,769 [pool-42-thread-1] INFO  impl.RaftServerImpl (RaftServerImpl.java:setRole(184)) - aed1b97f-105e-4684-b087-4b6333aa3ced@group-F043E0AED0ED: changes role from      null to FOLLOWER at term 0 for startAsFollower
2019-10-23 22:21:38,770 [pool-52-thread-1] INFO  impl.RoleInfo (RoleInfo.java:updateAndGet(143)) - d21ee1f1-33f6-483c-a18b-27782ce1915a: start FollowerState
2019-10-23 22:21:38,770 [pool-42-thread-1] INFO  impl.RoleInfo (RoleInfo.java:updateAndGet(143)) - aed1b97f-105e-4684-b087-4b6333aa3ced: start FollowerState
2019-10-23 22:21:38,770 [pool-52-thread-1] INFO  util.JmxRegister (JmxRegister.java:tryRegister(44)) - Successfully registered JMX Bean with object name Ratis:service=RaftServer,group=group-F043E0AED0ED,id=d21ee1f1-33f6-483c-a18b-27782ce1915a
2019-10-23 22:21:38,770 [pool-42-thread-1] INFO  util.JmxRegister (JmxRegister.java:tryRegister(44)) - Successfully registered JMX Bean with object name Ratis:service=RaftServer,group=group-F043E0AED0ED,id=aed1b97f-105e-4684-b087-4b6333aa3ced
2019-10-23 22:21:38,783 [pool-62-thread-1] INFO  storage.RaftStorage (RaftStorage.java:format(84)) - Storage directory /workdir/hadoop-ozone/integration-test/target/test-dir/MiniOzoneClusterImpl-1227f15e-0d15-49c5-99be-ea5deb396080/datanode-3/data/ratis/d3b7166d-836a-478b-b242-f043e0aed0ed has been successfully formatted.
2019-10-23 22:21:38,783 [1c51b35f-55cb-4636-a00c-83d34bf2d9d4@group-C8FB175AE10A-SegmentedRaftLogWorker] INFO  segmented.SegmentedRaftLogWorker (SegmentedRaftLogWorker.java:execute(576)) - 1c51b35f-55cb-4636-a00c-83d34bf2d9d4@group-C8FB175AE10A-SegmentedRaftLogWorker: created new log segment /workdir/hadoop-ozone/integration-test/target/test-dir/MiniOzoneClusterImpl-1227f15e-0d15-49c5-99be-ea5deb396080/datanode-3/data/ratis/e853d5f5-ee48-4ab2-b3e9-c8fb175ae10a/current/log_inprogress_0
2019-10-23 22:21:38,784 [pool-62-thread-1] INFO  ratis.ContainerStateMachine (ContainerStateMachine.java:loadSnapshot(231)) - group-F043E0AED0ED: The snapshot info is null. Setting the last applied indexto:(t:0, i:~)
2019-10-23 22:21:38,785 [pool-62-thread-1] INFO  server.RaftServerConfigKeys (ConfUtils.java:logGet(43)) - raft.server.notification.no-leader.timeout = 120s (custom)
2019-10-23 22:21:38,785 [pool-62-thread-1] INFO  server.RaftServerConfigKeys (ConfUtils.java:logGet(43)) - raft.server.log.use.memory = false (default)
2019-10-23 22:21:38,785 [pool-62-thread-1] INFO  server.RaftServerConfigKeys (ConfUtils.java:logGet(43)) - raft.server.log.purge.gap = 1000000 (custom)
2019-10-23 22:21:38,785 [pool-62-thread-1] INFO  server.RaftServerConfigKeys (ConfUtils.java:logGet(43)) - raft.server.log.appender.buffer.byte-limit = 33554432 (custom)
2019-10-23 22:21:38,785 [pool-62-thread-1] INFO  server.RaftServerConfigKeys (ConfUtils.java:logGet(43)) - raft.server.log.segment.size.max = 1048576 (custom)
2019-10-23 22:21:38,787 [pool-62-thread-1] INFO  server.RaftServerConfigKeys (ConfUtils.java:logGet(43)) - raft.server.log.segment.cache.num.max = 2 (custom)
2019-10-23 22:21:38,787 [pool-62-thread-1] INFO  segmented.SegmentedRaftLogWorker (SegmentedRaftLogWorker.java:<init>(173)) - new 1c51b35f-55cb-4636-a00c-83d34bf2d9d4@group-F043E0AED0ED-SegmentedRaftLogWorker for RaftStorage:Storage Directory /workdir/hadoop-ozone/integration-test/target/test-dir/MiniOzoneClusterImpl-1227f15e-0d15-49c5-99be-ea5deb396080/datanode-3/data/ratis/d3b7166d-836a-478b-b242-f043e0aed0ed
2019-10-23 22:21:38,787 [pool-62-thread-1] INFO  server.RaftServerConfigKeys (ConfUtils.java:logGet(43)) - raft.server.log.queue.byte-limit = 2147483647 (custom)
2019-10-23 22:21:38,787 [pool-62-thread-1] INFO  server.RaftServerConfigKeys (ConfUtils.java:logGet(43)) - raft.server.log.queue.element-limit = 1024 (custom)
2019-10-23 22:21:38,788 [pool-62-thread-1] INFO  server.RaftServerConfigKeys (ConfUtils.java:logGet(43)) - raft.server.log.segment.size.max = 1048576 (custom)
2019-10-23 22:21:38,789 [pool-62-thread-1] INFO  server.RaftServerConfigKeys (ConfUtils.java:logGet(43)) - raft.server.log.preallocated.size = 16384 (custom)
2019-10-23 22:21:38,789 [pool-62-thread-1] INFO  server.RaftServerConfigKeys (ConfUtils.java:logGet(43)) - raft.server.log.write.buffer.size = 33554432 (custom)
2019-10-23 22:21:38,789 [pool-62-thread-1] INFO  server.RaftServerConfigKeys (ConfUtils.java:logGet(43)) - raft.server.log.force.sync.num = 128 (default)
2019-10-23 22:21:38,789 [pool-62-thread-1] INFO  server.RaftServerConfigKeys (ConfUtils.java:logGet(43)) - raft.server.log.statemachine.data.sync = true (default)
2019-10-23 22:21:38,791 [pool-62-thread-1] INFO  server.RaftServerConfigKeys (ConfUtils.java:logGet(43)) - raft.server.log.statemachine.data.sync.timeout = 10s (default)
2019-10-23 22:21:38,792 [pool-62-thread-1] INFO  server.RaftServerConfigKeys (ConfUtils.java:logGet(43)) - raft.server.log.statemachine.data.sync.timeout.retry = -1 (default)
2019-10-23 22:21:38,793 [pool-62-thread-1] INFO  server.RaftServerConfigKeys (ConfUtils.java:logGet(43)) - raft.server.log.statemachine.data.caching.enabled = true (custom)
2019-10-23 22:21:38,794 [pool-62-thread-1] INFO  segmented.SegmentedRaftLogWorker (SegmentedRaftLogWorker.java:lambda$new$0(128)) - 1c51b35f-55cb-4636-a00c-83d34bf2d9d4@group-F043E0AED0ED-SegmentedRaftLogWorker: flushIndex: setUnconditionally 0 -> -1
2019-10-23 22:21:38,794 [pool-62-thread-1] INFO  server.RaftServerConfigKeys (ConfUtils.java:logGet(43)) - raft.server.snapshot.auto.trigger.enabled = true (custom)
2019-10-23 22:21:38,794 [pool-62-thread-1] INFO  server.RaftServerConfigKeys (ConfUtils.java:logGet(43)) - raft.server.snapshot.auto.trigger.threshold = 10000 (custom)
2019-10-23 22:21:38,794 [pool-62-thread-1] INFO  server.RaftServerConfigKeys (ConfUtils.java:logGet(43)) - raft.server.snapshot.retention.file.num = 5 (custom)
2019-10-23 22:21:38,794 [pool-62-thread-1] INFO  server.RaftServerConfigKeys (ConfUtils.java:logGet(43)) - raft.server.retrycache.expirytime = 600000ms (custom)
2019-10-23 22:21:38,797 [pool-62-thread-1] INFO  impl.RaftServerImpl (RaftServerImpl.java:start(195)) - 1c51b35f-55cb-4636-a00c-83d34bf2d9d4@group-F043E0AED0ED: start as a follower, conf=-1: [aed1b97f-105e-4684-b087-4b6333aa3ced:192.168.157.195:34943, 1c51b35f-55cb-4636-a00c-83d34bf2d9d4:192.168.157.195:34693, d21ee1f1-33f6-483c-a18b-27782ce1915a:192.168.157.195:46462], old=null
2019-10-23 22:21:38,797 [pool-62-thread-1] INFO  impl.RaftServerImpl (RaftServerImpl.java:setRole(184)) - 1c51b35f-55cb-4636-a00c-83d34bf2d9d4@group-F043E0AED0ED: changes role from      null to FOLLOWER at term 0 for startAsFollower
2019-10-23 22:21:38,798 [pool-62-thread-1] INFO  impl.RoleInfo (RoleInfo.java:updateAndGet(143)) - 1c51b35f-55cb-4636-a00c-83d34bf2d9d4: start FollowerState
2019-10-23 22:21:38,798 [pool-62-thread-1] INFO  util.JmxRegister (JmxRegister.java:tryRegister(44)) - Successfully registered JMX Bean with object name Ratis:service=RaftServer,group=group-F043E0AED0ED,id=1c51b35f-55cb-4636-a00c-83d34bf2d9d4
2019-10-23 22:21:38,803 [Thread-215] INFO  impl.FollowerState (FollowerState.java:run(108)) - d21ee1f1-33f6-483c-a18b-27782ce1915a@group-4CECC1A3431D-FollowerState: change to CANDIDATE, lastRpcTime:149ms, electionTimeout:149ms
2019-10-23 22:21:38,804 [Thread-215] INFO  impl.RoleInfo (RoleInfo.java:shutdownFollowerState(121)) - d21ee1f1-33f6-483c-a18b-27782ce1915a: shutdown FollowerState
2019-10-23 22:21:38,804 [Thread-215] INFO  impl.RaftServerImpl (RaftServerImpl.java:setRole(184)) - d21ee1f1-33f6-483c-a18b-27782ce1915a@group-4CECC1A3431D: changes role from  FOLLOWER to CANDIDATE at term 0 for changeToCandidate
2019-10-23 22:21:38,804 [Thread-215] INFO  impl.RoleInfo (RoleInfo.java:updateAndGet(143)) - d21ee1f1-33f6-483c-a18b-27782ce1915a: start LeaderElection
2019-10-23 22:21:38,810 [Thread-221] INFO  impl.FollowerState (FollowerState.java:run(108)) - d21ee1f1-33f6-483c-a18b-27782ce1915a@group-F043E0AED0ED-FollowerState: change to CANDIDATE, lastRpcTime:40ms, electionTimeout:39ms
2019-10-23 22:21:38,814 [Thread-221] INFO  impl.RoleInfo (RoleInfo.java:shutdownFollowerState(121)) - d21ee1f1-33f6-483c-a18b-27782ce1915a: shutdown FollowerState
2019-10-23 22:21:38,815 [Thread-221] INFO  impl.RaftServerImpl (RaftServerImpl.java:setRole(184)) - d21ee1f1-33f6-483c-a18b-27782ce1915a@group-F043E0AED0ED: changes role from  FOLLOWER to CANDIDATE at term 0 for changeToCandidate
2019-10-23 22:21:38,815 [Thread-221] INFO  impl.RoleInfo (RoleInfo.java:updateAndGet(143)) - d21ee1f1-33f6-483c-a18b-27782ce1915a: start LeaderElection
2019-10-23 22:21:38,819 [RatisPipelineUtilsThread] INFO  pipeline.PipelineStateManager (PipelineStateManager.java:addPipeline(56)) - Created pipeline Pipeline[ Id: d3b7166d-836a-478b-b242-f043e0aed0ed, Nodes: aed1b97f-105e-4684-b087-4b6333aa3ced{ip: 192.168.157.195, host: pr-hdds-2311-7bgld-1842715332, networkLocation: /rack1, certSerialId: null}1c51b35f-55cb-4636-a00c-83d34bf2d9d4{ip: 192.168.157.195, host: pr-hdds-2311-7bgld-1842715332, networkLocation: /rack1, certSerialId: null}d21ee1f1-33f6-483c-a18b-27782ce1915a{ip: 192.168.157.195, host: pr-hdds-2311-7bgld-1842715332, networkLocation: /rack1, certSerialId: null}, Type:RATIS, Factor:THREE, State:OPEN]
2019-10-23 22:21:38,826 [d21ee1f1-33f6-483c-a18b-27782ce1915a@group-4CECC1A3431D-LeaderElection5] INFO  impl.LeaderElection (LeaderElection.java:askForVotes(178)) - d21ee1f1-33f6-483c-a18b-27782ce1915a@group-4CECC1A3431D-LeaderElection5: begin an election at term 1 for -1: [d21ee1f1-33f6-483c-a18b-27782ce1915a:192.168.157.195:46462], old=null
2019-10-23 22:21:38,826 [d21ee1f1-33f6-483c-a18b-27782ce1915a@group-4CECC1A3431D-LeaderElection5] INFO  impl.RoleInfo (RoleInfo.java:shutdownLeaderElection(134)) - d21ee1f1-33f6-483c-a18b-27782ce1915a: shutdown LeaderElection
2019-10-23 22:21:38,827 [d21ee1f1-33f6-483c-a18b-27782ce1915a@group-4CECC1A3431D-LeaderElection5] INFO  impl.RaftServerImpl (RaftServerImpl.java:setRole(184)) - d21ee1f1-33f6-483c-a18b-27782ce1915a@group-4CECC1A3431D: changes role from CANDIDATE to LEADER at term 1 for changeToLeader
2019-10-23 22:21:38,827 [d21ee1f1-33f6-483c-a18b-27782ce1915a@group-4CECC1A3431D-LeaderElection5] INFO  impl.RaftServerImpl (ServerState.java:setLeader(256)) - d21ee1f1-33f6-483c-a18b-27782ce1915a@group-4CECC1A3431D: change Leader from null to d21ee1f1-33f6-483c-a18b-27782ce1915a at term 1 for becomeLeader, leader elected after 182ms
2019-10-23 22:21:38,828 [d21ee1f1-33f6-483c-a18b-27782ce1915a@group-4CECC1A3431D-LeaderElection5] INFO  server.RaftServerConfigKeys (ConfUtils.java:logGet(43)) - raft.server.staging.catchup.gap = 1000 (default)
2019-10-23 22:21:38,828 [d21ee1f1-33f6-483c-a18b-27782ce1915a@group-4CECC1A3431D-LeaderElection5] INFO  server.RaftServerConfigKeys (ConfUtils.java:logGet(43)) - raft.server.rpc.sleep.time = 25ms (default)
2019-10-23 22:21:38,828 [d21ee1f1-33f6-483c-a18b-27782ce1915a@group-4CECC1A3431D-LeaderElection5] INFO  server.RaftServerConfigKeys (ConfUtils.java:logGet(43)) - raft.server.write.element-limit = 4096 (default)
2019-10-23 22:21:38,828 [d21ee1f1-33f6-483c-a18b-27782ce1915a@group-4CECC1A3431D-LeaderElection5] INFO  server.RaftServerConfigKeys (ConfUtils.java:logGet(43)) - raft.server.watch.timeout = 10s (default)
2019-10-23 22:21:38,828 [d21ee1f1-33f6-483c-a18b-27782ce1915a@group-4CECC1A3431D-LeaderElection5] INFO  server.RaftServerConfigKeys (ConfUtils.java:logGet(43)) - raft.server.watch.timeout.denomination = 1s (default)
2019-10-23 22:21:38,828 [d21ee1f1-33f6-483c-a18b-27782ce1915a@group-F043E0AED0ED-LeaderElection6] INFO  impl.LeaderElection (LeaderElection.java:askForVotes(178)) - d21ee1f1-33f6-483c-a18b-27782ce1915a@group-F043E0AED0ED-LeaderElection6: begin an election at term 1 for -1: [aed1b97f-105e-4684-b087-4b6333aa3ced:192.168.157.195:34943, 1c51b35f-55cb-4636-a00c-83d34bf2d9d4:192.168.157.195:34693, d21ee1f1-33f6-483c-a18b-27782ce1915a:192.168.157.195:46462], old=null
2019-10-23 22:21:38,828 [d21ee1f1-33f6-483c-a18b-27782ce1915a@group-4CECC1A3431D-LeaderElection5] INFO  server.RaftServerConfigKeys (ConfUtils.java:logGet(43)) - raft.server.watch.element-limit = 65536 (default)
2019-10-23 22:21:38,831 [d21ee1f1-33f6-483c-a18b-27782ce1915a@group-4CECC1A3431D-LeaderElection5] INFO  impl.RoleInfo (RoleInfo.java:updateAndGet(143)) - d21ee1f1-33f6-483c-a18b-27782ce1915a: start LeaderState
2019-10-23 22:21:38,832 [d21ee1f1-33f6-483c-a18b-27782ce1915a@group-4CECC1A3431D-LeaderElection5] INFO  segmented.SegmentedRaftLogWorker (SegmentedRaftLogWorker.java:startLogSegment(385)) - d21ee1f1-33f6-483c-a18b-27782ce1915a@group-4CECC1A3431D-SegmentedRaftLogWorker: Starting segment from index:0
2019-10-23 22:21:38,832 [d21ee1f1-33f6-483c-a18b-27782ce1915a@group-4CECC1A3431D-LeaderElection5] INFO  impl.RaftServerImpl (ServerState.java:setRaftConf(357)) - d21ee1f1-33f6-483c-a18b-27782ce1915a@group-4CECC1A3431D: set configuration 0: [d21ee1f1-33f6-483c-a18b-27782ce1915a:192.168.157.195:46462], old=null at 0
2019-10-23 22:21:38,890 [d21ee1f1-33f6-483c-a18b-27782ce1915a@group-4CECC1A3431D-SegmentedRaftLogWorker] INFO  segmented.SegmentedRaftLogWorker (SegmentedRaftLogWorker.java:execute(576)) - d21ee1f1-33f6-483c-a18b-27782ce1915a@group-4CECC1A3431D-SegmentedRaftLogWorker: created new log segment /workdir/hadoop-ozone/integration-test/target/test-dir/MiniOzoneClusterImpl-1227f15e-0d15-49c5-99be-ea5deb396080/datanode-2/data/ratis/3062df27-d44d-4724-b8e2-4cecc1a3431d/current/log_inprogress_0
2019-10-23 22:21:38,890 [grpc-default-executor-2] INFO  impl.RaftServerImpl (RaftServerImpl.java:setRole(184)) - 1c51b35f-55cb-4636-a00c-83d34bf2d9d4@group-F043E0AED0ED: changes role from  FOLLOWER to FOLLOWER at term 1 for recognizeCandidate:d21ee1f1-33f6-483c-a18b-27782ce1915a
2019-10-23 22:21:38,891 [grpc-default-executor-1] INFO  impl.RaftServerImpl (RaftServerImpl.java:setRole(184)) - aed1b97f-105e-4684-b087-4b6333aa3ced@group-F043E0AED0ED: changes role from  FOLLOWER to FOLLOWER at term 1 for recognizeCandidate:d21ee1f1-33f6-483c-a18b-27782ce1915a
2019-10-23 22:21:38,891 [grpc-default-executor-2] INFO  impl.RoleInfo (RoleInfo.java:shutdownFollowerState(121)) - 1c51b35f-55cb-4636-a00c-83d34bf2d9d4: shutdown FollowerState
2019-10-23 22:21:38,891 [grpc-default-executor-1] INFO  impl.RoleInfo (RoleInfo.java:shutdownFollowerState(121)) - aed1b97f-105e-4684-b087-4b6333aa3ced: shutdown FollowerState
2019-10-23 22:21:38,891 [Thread-226] INFO  impl.FollowerState (FollowerState.java:run(117)) - 1c51b35f-55cb-4636-a00c-83d34bf2d9d4@group-F043E0AED0ED-FollowerState was interrupted: java.lang.InterruptedException: sleep interrupted
2019-10-23 22:21:38,891 [grpc-default-executor-1] INFO  impl.RoleInfo (RoleInfo.java:updateAndGet(143)) - aed1b97f-105e-4684-b087-4b6333aa3ced: start FollowerState
2019-10-23 22:21:38,891 [grpc-default-executor-2] INFO  impl.RoleInfo (RoleInfo.java:updateAndGet(143)) - 1c51b35f-55cb-4636-a00c-83d34bf2d9d4: start FollowerState
2019-10-23 22:21:38,891 [Thread-222] INFO  impl.FollowerState (FollowerState.java:run(117)) - aed1b97f-105e-4684-b087-4b6333aa3ced@group-F043E0AED0ED-FollowerState was interrupted: java.lang.InterruptedException: sleep interrupted
2019-10-23 22:21:38,918 [Thread-233] INFO  impl.FollowerState (FollowerState.java:run(108)) - 1c51b35f-55cb-4636-a00c-83d34bf2d9d4@group-F043E0AED0ED-FollowerState: change to CANDIDATE, lastRpcTime:27ms, electionTimeout:0ms
2019-10-23 22:21:38,919 [Thread-233] INFO  impl.RoleInfo (RoleInfo.java:shutdownFollowerState(121)) - 1c51b35f-55cb-4636-a00c-83d34bf2d9d4: shutdown FollowerState
2019-10-23 22:21:38,919 [Thread-233] INFO  impl.RaftServerImpl (RaftServerImpl.java:setRole(184)) - 1c51b35f-55cb-4636-a00c-83d34bf2d9d4@group-F043E0AED0ED: changes role from  FOLLOWER to CANDIDATE at term 1 for changeToCandidate
2019-10-23 22:21:38,919 [Thread-233] INFO  impl.RoleInfo (RoleInfo.java:updateAndGet(143)) - 1c51b35f-55cb-4636-a00c-83d34bf2d9d4: start LeaderElection
2019-10-23 22:21:38,928 [d21ee1f1-33f6-483c-a18b-27782ce1915a@group-F043E0AED0ED-LeaderElection6] INFO  impl.LeaderElection (LeaderElection.java:logAndReturn(56)) - d21ee1f1-33f6-483c-a18b-27782ce1915a@group-F043E0AED0ED-LeaderElection6: Election PASSED; received 1 response(s) [d21ee1f1-33f6-483c-a18b-27782ce1915a<-aed1b97f-105e-4684-b087-4b6333aa3ced#0:OK-t1] and 0 exception(s); d21ee1f1-33f6-483c-a18b-27782ce1915a@group-F043E0AED0ED:t1, leader=null, voted=d21ee1f1-33f6-483c-a18b-27782ce1915a, raftlog=d21ee1f1-33f6-483c-a18b-27782ce1915a@group-F043E0AED0ED-SegmentedRaftLog:OPENED:c-1,f-1,i0, conf=-1: [aed1b97f-105e-4684-b087-4b6333aa3ced:192.168.157.195:34943, 1c51b35f-55cb-4636-a00c-83d34bf2d9d4:192.168.157.195:34693, d21ee1f1-33f6-483c-a18b-27782ce1915a:192.168.157.195:46462], old=null
2019-10-23 22:21:38,929 [d21ee1f1-33f6-483c-a18b-27782ce1915a@group-F043E0AED0ED-LeaderElection6] INFO  impl.RoleInfo (RoleInfo.java:shutdownLeaderElection(134)) - d21ee1f1-33f6-483c-a18b-27782ce1915a: shutdown LeaderElection
2019-10-23 22:21:38,929 [d21ee1f1-33f6-483c-a18b-27782ce1915a@group-F043E0AED0ED-LeaderElection6] INFO  impl.RaftServerImpl (RaftServerImpl.java:setRole(184)) - d21ee1f1-33f6-483c-a18b-27782ce1915a@group-F043E0AED0ED: changes role from CANDIDATE to LEADER at term 1 for changeToLeader
2019-10-23 22:21:38,931 [d21ee1f1-33f6-483c-a18b-27782ce1915a@group-F043E0AED0ED-LeaderElection6] INFO  impl.RaftServerImpl (ServerState.java:setLeader(256)) - d21ee1f1-33f6-483c-a18b-27782ce1915a@group-F043E0AED0ED: change Leader from null to d21ee1f1-33f6-483c-a18b-27782ce1915a at term 1 for becomeLeader, leader elected after 171ms
2019-10-23 22:21:38,931 [d21ee1f1-33f6-483c-a18b-27782ce1915a@group-F043E0AED0ED-LeaderElection6] INFO  server.RaftServerConfigKeys (ConfUtils.java:logGet(43)) - raft.server.staging.catchup.gap = 1000 (default)
2019-10-23 22:21:38,931 [d21ee1f1-33f6-483c-a18b-27782ce1915a@group-F043E0AED0ED-LeaderElection6] INFO  server.RaftServerConfigKeys (ConfUtils.java:logGet(43)) - raft.server.rpc.sleep.time = 25ms (default)
2019-10-23 22:21:38,931 [d21ee1f1-33f6-483c-a18b-27782ce1915a@group-F043E0AED0ED-LeaderElection6] INFO  server.RaftServerConfigKeys (ConfUtils.java:logGet(43)) - raft.server.write.element-limit = 4096 (default)
2019-10-23 22:21:38,931 [d21ee1f1-33f6-483c-a18b-27782ce1915a@group-F043E0AED0ED-LeaderElection6] INFO  server.RaftServerConfigKeys (ConfUtils.java:logGet(43)) - raft.server.watch.timeout = 10s (default)
2019-10-23 22:21:38,932 [d21ee1f1-33f6-483c-a18b-27782ce1915a@group-F043E0AED0ED-LeaderElection6] INFO  server.RaftServerConfigKeys (ConfUtils.java:logGet(43)) - raft.server.watch.timeout.denomination = 1s (default)
2019-10-23 22:21:38,932 [d21ee1f1-33f6-483c-a18b-27782ce1915a@group-F043E0AED0ED-LeaderElection6] INFO  server.RaftServerConfigKeys (ConfUtils.java:logGet(43)) - raft.server.watch.element-limit = 65536 (default)
2019-10-23 22:21:38,934 [1c51b35f-55cb-4636-a00c-83d34bf2d9d4@group-F043E0AED0ED-LeaderElection7] INFO  impl.LeaderElection (LeaderElection.java:askForVotes(178)) - 1c51b35f-55cb-4636-a00c-83d34bf2d9d4@group-F043E0AED0ED-LeaderElection7: begin an election at term 2 for -1: [aed1b97f-105e-4684-b087-4b6333aa3ced:192.168.157.195:34943, 1c51b35f-55cb-4636-a00c-83d34bf2d9d4:192.168.157.195:34693, d21ee1f1-33f6-483c-a18b-27782ce1915a:192.168.157.195:46462], old=null
2019-10-23 22:21:38,945 [d21ee1f1-33f6-483c-a18b-27782ce1915a@group-F043E0AED0ED-LeaderElection6] INFO  server.RaftServerConfigKeys (ConfUtils.java:logGet(43)) - raft.server.log.appender.snapshot.chunk.size.max = 16MB (=16777216) (default)
2019-10-23 22:21:38,945 [d21ee1f1-33f6-483c-a18b-27782ce1915a@group-F043E0AED0ED-LeaderElection6] INFO  server.RaftServerConfigKeys (ConfUtils.java:logGet(43)) - raft.server.log.appender.buffer.byte-limit = 33554432 (custom)
2019-10-23 22:21:38,946 [d21ee1f1-33f6-483c-a18b-27782ce1915a@group-F043E0AED0ED-LeaderElection6] INFO  server.RaftServerConfigKeys (ConfUtils.java:logGet(43)) - raft.server.log.appender.buffer.element-limit = 1 (custom)
2019-10-23 22:21:38,951 [grpc-default-executor-1] INFO  impl.RaftServerImpl (RaftServerImpl.java:setRole(184)) - aed1b97f-105e-4684-b087-4b6333aa3ced@group-F043E0AED0ED: changes role from  FOLLOWER to FOLLOWER at term 2 for recognizeCandidate:1c51b35f-55cb-4636-a00c-83d34bf2d9d4
2019-10-23 22:21:38,951 [grpc-default-executor-1] INFO  impl.RoleInfo (RoleInfo.java:shutdownFollowerState(121)) - aed1b97f-105e-4684-b087-4b6333aa3ced: shutdown FollowerState
2019-10-23 22:21:38,951 [grpc-default-executor-1] INFO  impl.RoleInfo (RoleInfo.java:updateAndGet(143)) - aed1b97f-105e-4684-b087-4b6333aa3ced: start FollowerState
2019-10-23 22:21:38,951 [Thread-234] INFO  impl.FollowerState (FollowerState.java:run(117)) - aed1b97f-105e-4684-b087-4b6333aa3ced@group-F043E0AED0ED-FollowerState was interrupted: java.lang.InterruptedException: sleep interrupted
2019-10-23 22:21:38,952 [d21ee1f1-33f6-483c-a18b-27782ce1915a@group-F043E0AED0ED-LeaderElection6] INFO  grpc.GrpcConfigKeys$Server (ConfUtils.java:logGet(43)) - raft.grpc.server.leader.outstanding.appends.max = 128 (default)
2019-10-23 22:21:38,953 [d21ee1f1-33f6-483c-a18b-27782ce1915a@group-F043E0AED0ED-LeaderElection6] INFO  server.RaftServerConfigKeys (ConfUtils.java:logGet(43)) - raft.server.rpc.request.timeout = 3000ms (default)
2019-10-23 22:21:38,954 [d21ee1f1-33f6-483c-a18b-27782ce1915a@group-F043E0AED0ED-LeaderElection6] INFO  server.RaftServerConfigKeys (ConfUtils.java:logGet(43)) - raft.server.log.appender.install.snapshot.enabled = false (custom)
2019-10-23 22:21:38,959 [d21ee1f1-33f6-483c-a18b-27782ce1915a@group-F043E0AED0ED-LeaderElection6] INFO  server.RaftServerConfigKeys (ConfUtils.java:logGet(43)) - raft.server.log.appender.snapshot.chunk.size.max = 16MB (=16777216) (default)
2019-10-23 22:21:38,960 [d21ee1f1-33f6-483c-a18b-27782ce1915a@group-F043E0AED0ED-LeaderElection6] INFO  server.RaftServerConfigKeys (ConfUtils.java:logGet(43)) - raft.server.log.appender.buffer.byte-limit = 33554432 (custom)
2019-10-23 22:21:38,960 [d21ee1f1-33f6-483c-a18b-27782ce1915a@group-F043E0AED0ED-LeaderElection6] INFO  server.RaftServerConfigKeys (ConfUtils.java:logGet(43)) - raft.server.log.appender.buffer.element-limit = 1 (custom)
2019-10-23 22:21:38,960 [main] INFO  ozone.MiniOzoneClusterImpl (MiniOzoneClusterImpl.java:lambda$waitForClusterToBeReady$0(147)) - Cluster is ready. Got 4 of 4 DN Heartbeats.
2019-10-23 22:21:38,960 [d21ee1f1-33f6-483c-a18b-27782ce1915a@group-F043E0AED0ED-LeaderElection6] INFO  grpc.GrpcConfigKeys$Server (ConfUtils.java:logGet(43)) - raft.grpc.server.leader.outstanding.appends.max = 128 (default)
2019-10-23 22:21:38,961 [d21ee1f1-33f6-483c-a18b-27782ce1915a@group-F043E0AED0ED-LeaderElection6] INFO  server.RaftServerConfigKeys (ConfUtils.java:logGet(43)) - raft.server.rpc.request.timeout = 3000ms (default)
2019-10-23 22:21:38,961 [d21ee1f1-33f6-483c-a18b-27782ce1915a@group-F043E0AED0ED-LeaderElection6] INFO  server.RaftServerConfigKeys (ConfUtils.java:logGet(43)) - raft.server.log.appender.install.snapshot.enabled = false (custom)
2019-10-23 22:21:38,971 [1c51b35f-55cb-4636-a00c-83d34bf2d9d4@group-F043E0AED0ED-LeaderElection7] INFO  impl.LeaderElection (LeaderElection.java:logAndReturn(56)) - 1c51b35f-55cb-4636-a00c-83d34bf2d9d4@group-F043E0AED0ED-LeaderElection7: Election PASSED; received 1 response(s) [1c51b35f-55cb-4636-a00c-83d34bf2d9d4<-aed1b97f-105e-4684-b087-4b6333aa3ced#0:OK-t2] and 0 exception(s); 1c51b35f-55cb-4636-a00c-83d34bf2d9d4@group-F043E0AED0ED:t2, leader=null, voted=1c51b35f-55cb-4636-a00c-83d34bf2d9d4, raftlog=1c51b35f-55cb-4636-a00c-83d34bf2d9d4@group-F043E0AED0ED-SegmentedRaftLog:OPENED:c-1,f-1,i0, conf=-1: [aed1b97f-105e-4684-b087-4b6333aa3ced:192.168.157.195:34943, 1c51b35f-55cb-4636-a00c-83d34bf2d9d4:192.168.157.195:34693, d21ee1f1-33f6-483c-a18b-27782ce1915a:192.168.157.195:46462], old=null
2019-10-23 22:21:38,971 [1c51b35f-55cb-4636-a00c-83d34bf2d9d4@group-F043E0AED0ED-LeaderElection7] INFO  impl.RoleInfo (RoleInfo.java:shutdownLeaderElection(134)) - 1c51b35f-55cb-4636-a00c-83d34bf2d9d4: shutdown LeaderElection
2019-10-23 22:21:38,972 [1c51b35f-55cb-4636-a00c-83d34bf2d9d4@group-F043E0AED0ED-LeaderElection7] INFO  impl.RaftServerImpl (RaftServerImpl.java:setRole(184)) - 1c51b35f-55cb-4636-a00c-83d34bf2d9d4@group-F043E0AED0ED: changes role from CANDIDATE to LEADER at term 2 for changeToLeader
2019-10-23 22:21:38,972 [1c51b35f-55cb-4636-a00c-83d34bf2d9d4@group-F043E0AED0ED-LeaderElection7] INFO  impl.RaftServerImpl (ServerState.java:setLeader(256)) - 1c51b35f-55cb-4636-a00c-83d34bf2d9d4@group-F043E0AED0ED: change Leader from null to 1c51b35f-55cb-4636-a00c-83d34bf2d9d4 at term 2 for becomeLeader, leader elected after 187ms
2019-10-23 22:21:38,973 [1c51b35f-55cb-4636-a00c-83d34bf2d9d4@group-F043E0AED0ED-LeaderElection7] INFO  server.RaftServerConfigKeys (ConfUtils.java:logGet(43)) - raft.server.staging.catchup.gap = 1000 (default)
2019-10-23 22:21:38,973 [1c51b35f-55cb-4636-a00c-83d34bf2d9d4@group-F043E0AED0ED-LeaderElection7] INFO  server.RaftServerConfigKeys (ConfUtils.java:logGet(43)) - raft.server.rpc.sleep.time = 25ms (default)
2019-10-23 22:21:38,973 [d21ee1f1-33f6-483c-a18b-27782ce1915a@group-F043E0AED0ED-LeaderElection6] INFO  impl.RoleInfo (RoleInfo.java:updateAndGet(143)) - d21ee1f1-33f6-483c-a18b-27782ce1915a: start LeaderState
2019-10-23 22:21:38,973 [1c51b35f-55cb-4636-a00c-83d34bf2d9d4@group-F043E0AED0ED-LeaderElection7] INFO  server.RaftServerConfigKeys (ConfUtils.java:logGet(43)) - raft.server.write.element-limit = 4096 (default)
2019-10-23 22:21:38,975 [1c51b35f-55cb-4636-a00c-83d34bf2d9d4@group-F043E0AED0ED-LeaderElection7] INFO  server.RaftServerConfigKeys (ConfUtils.java:logGet(43)) - raft.server.watch.timeout = 10s (default)
2019-10-23 22:21:38,975 [1c51b35f-55cb-4636-a00c-83d34bf2d9d4@group-F043E0AED0ED-LeaderElection7] INFO  server.RaftServerConfigKeys (ConfUtils.java:logGet(43)) - raft.server.watch.timeout.denomination = 1s (default)
2019-10-23 22:21:38,975 [d21ee1f1-33f6-483c-a18b-27782ce1915a@group-F043E0AED0ED-LeaderElection6] INFO  segmented.SegmentedRaftLogWorker (SegmentedRaftLogWorker.java:startLogSegment(385)) - d21ee1f1-33f6-483c-a18b-27782ce1915a@group-F043E0AED0ED-SegmentedRaftLogWorker: Starting segment from index:0
2019-10-23 22:21:38,975 [1c51b35f-55cb-4636-a00c-83d34bf2d9d4@group-F043E0AED0ED-LeaderElection7] INFO  server.RaftServerConfigKeys (ConfUtils.java:logGet(43)) - raft.server.watch.element-limit = 65536 (default)
2019-10-23 22:21:38,976 [d21ee1f1-33f6-483c-a18b-27782ce1915a@group-F043E0AED0ED-LeaderElection6] INFO  impl.RaftServerImpl (ServerState.java:setRaftConf(357)) - d21ee1f1-33f6-483c-a18b-27782ce1915a@group-F043E0AED0ED: set configuration 0: [aed1b97f-105e-4684-b087-4b6333aa3ced:192.168.157.195:34943, 1c51b35f-55cb-4636-a00c-83d34bf2d9d4:192.168.157.195:34693, d21ee1f1-33f6-483c-a18b-27782ce1915a:192.168.157.195:46462], old=null at 0
2019-10-23 22:21:39,016 [Thread-240] INFO  impl.FollowerState (FollowerState.java:run(108)) - aed1b97f-105e-4684-b087-4b6333aa3ced@group-F043E0AED0ED-FollowerState: change to CANDIDATE, lastRpcTime:64ms, electionTimeout:55ms
2019-10-23 22:21:39,017 [grpc-default-executor-2] INFO  impl.RaftServerImpl (ServerState.java:setLeader(256)) - d21ee1f1-33f6-483c-a18b-27782ce1915a@group-F043E0AED0ED: change Leader from d21ee1f1-33f6-483c-a18b-27782ce1915a to null at term 2 for updateCurrentTerm
2019-10-23 22:21:39,019 [Thread-240] INFO  impl.RoleInfo (RoleInfo.java:shutdownFollowerState(121)) - aed1b97f-105e-4684-b087-4b6333aa3ced: shutdown FollowerState
2019-10-23 22:21:39,019 [grpc-default-executor-2] INFO  impl.RaftServerImpl (RaftServerImpl.java:setRole(184)) - d21ee1f1-33f6-483c-a18b-27782ce1915a@group-F043E0AED0ED: changes role from    LEADER to FOLLOWER at term 2 for recognizeCandidate:1c51b35f-55cb-4636-a00c-83d34bf2d9d4
2019-10-23 22:21:39,019 [Thread-240] INFO  impl.RaftServerImpl (RaftServerImpl.java:setRole(184)) - aed1b97f-105e-4684-b087-4b6333aa3ced@group-F043E0AED0ED: changes role from  FOLLOWER to CANDIDATE at term 2 for changeToCandidate
2019-10-23 22:21:39,019 [grpc-default-executor-2] INFO  impl.RoleInfo (RoleInfo.java:shutdownLeaderState(104)) - d21ee1f1-33f6-483c-a18b-27782ce1915a: shutdown LeaderState
2019-10-23 22:21:39,019 [Thread-240] INFO  impl.RoleInfo (RoleInfo.java:updateAndGet(143)) - aed1b97f-105e-4684-b087-4b6333aa3ced: start LeaderElection
2019-10-23 22:21:39,025 [1c51b35f-55cb-4636-a00c-83d34bf2d9d4@group-F043E0AED0ED-LeaderElection7] INFO  server.RaftServerConfigKeys (ConfUtils.java:logGet(43)) - raft.server.log.appender.snapshot.chunk.size.max = 16MB (=16777216) (default)
2019-10-23 22:21:39,025 [1c51b35f-55cb-4636-a00c-83d34bf2d9d4@group-F043E0AED0ED-LeaderElection7] INFO  server.RaftServerConfigKeys (ConfUtils.java:logGet(43)) - raft.server.log.appender.buffer.byte-limit = 33554432 (custom)
2019-10-23 22:21:39,025 [1c51b35f-55cb-4636-a00c-83d34bf2d9d4@group-F043E0AED0ED-LeaderElection7] INFO  server.RaftServerConfigKeys (ConfUtils.java:logGet(43)) - raft.server.log.appender.buffer.element-limit = 1 (custom)
2019-10-23 22:21:39,026 [1c51b35f-55cb-4636-a00c-83d34bf2d9d4@group-F043E0AED0ED-LeaderElection7] INFO  grpc.GrpcConfigKeys$Server (ConfUtils.java:logGet(43)) - raft.grpc.server.leader.outstanding.appends.max = 128 (default)
2019-10-23 22:21:39,026 [grpc-default-executor-2] INFO  impl.PendingRequests (PendingRequests.java:sendNotLeaderResponses(202)) - d21ee1f1-33f6-483c-a18b-27782ce1915a@group-F043E0AED0ED-PendingRequests: sendNotLeaderResponses
2019-10-23 22:21:39,026 [1c51b35f-55cb-4636-a00c-83d34bf2d9d4@group-F043E0AED0ED-LeaderElection7] INFO  server.RaftServerConfigKeys (ConfUtils.java:logGet(43)) - raft.server.rpc.request.timeout = 3000ms (default)
2019-10-23 22:21:39,026 [1c51b35f-55cb-4636-a00c-83d34bf2d9d4@group-F043E0AED0ED-LeaderElection7] INFO  server.RaftServerConfigKeys (ConfUtils.java:logGet(43)) - raft.server.log.appender.install.snapshot.enabled = false (custom)
2019-10-23 22:21:39,028 [grpc-default-executor-2] INFO  impl.RoleInfo (RoleInfo.java:updateAndGet(143)) - d21ee1f1-33f6-483c-a18b-27782ce1915a: start FollowerState
2019-10-23 22:21:39,029 [1c51b35f-55cb-4636-a00c-83d34bf2d9d4@group-F043E0AED0ED-LeaderElection7] INFO  server.RaftServerConfigKeys (ConfUtils.java:logGet(43)) - raft.server.log.appender.snapshot.chunk.size.max = 16MB (=16777216) (default)
2019-10-23 22:21:39,029 [1c51b35f-55cb-4636-a00c-83d34bf2d9d4@group-F043E0AED0ED-LeaderElection7] INFO  server.RaftServerConfigKeys (ConfUtils.java:logGet(43)) - raft.server.log.appender.buffer.byte-limit = 33554432 (custom)
2019-10-23 22:21:39,029 [1c51b35f-55cb-4636-a00c-83d34bf2d9d4@group-F043E0AED0ED-LeaderElection7] INFO  server.RaftServerConfigKeys (ConfUtils.java:logGet(43)) - raft.server.log.appender.buffer.element-limit = 1 (custom)
2019-10-23 22:21:39,030 [1c51b35f-55cb-4636-a00c-83d34bf2d9d4@group-F043E0AED0ED-LeaderElection7] INFO  grpc.GrpcConfigKeys$Server (ConfUtils.java:logGet(43)) - raft.grpc.server.leader.outstanding.appends.max = 128 (default)
2019-10-23 22:21:39,030 [1c51b35f-55cb-4636-a00c-83d34bf2d9d4@group-F043E0AED0ED-LeaderElection7] INFO  server.RaftServerConfigKeys (ConfUtils.java:logGet(43)) - raft.server.rpc.request.timeout = 3000ms (default)
2019-10-23 22:21:39,030 [1c51b35f-55cb-4636-a00c-83d34bf2d9d4@group-F043E0AED0ED-LeaderElection7] INFO  server.RaftServerConfigKeys (ConfUtils.java:logGet(43)) - raft.server.log.appender.install.snapshot.enabled = false (custom)
2019-10-23 22:21:39,032 [org.apache.ratis.server.impl.LogAppender$AppenderDaemon$$Lambda$397/823346118@3dc804d4] WARN  server.GrpcLogAppender (GrpcLogAppender.java:mayWait(149)) - d21ee1f1-33f6-483c-a18b-27782ce1915a@group-F043E0AED0ED->1c51b35f-55cb-4636-a00c-83d34bf2d9d4-GrpcLogAppender: Wait interrupted by java.lang.InterruptedException
2019-10-23 22:21:39,032 [org.apache.ratis.server.impl.LogAppender$AppenderDaemon$$Lambda$397/823346118@710aec46] WARN  server.GrpcLogAppender (GrpcLogAppender.java:mayWait(149)) - d21ee1f1-33f6-483c-a18b-27782ce1915a@group-F043E0AED0ED->aed1b97f-105e-4684-b087-4b6333aa3ced-GrpcLogAppender: Wait interrupted by java.lang.InterruptedException
2019-10-23 22:21:39,033 [1c51b35f-55cb-4636-a00c-83d34bf2d9d4@group-F043E0AED0ED-LeaderElection7] INFO  impl.RoleInfo (RoleInfo.java:updateAndGet(143)) - 1c51b35f-55cb-4636-a00c-83d34bf2d9d4: start LeaderState
2019-10-23 22:21:39,034 [1c51b35f-55cb-4636-a00c-83d34bf2d9d4@group-F043E0AED0ED-LeaderElection7] INFO  segmented.SegmentedRaftLogWorker (SegmentedRaftLogWorker.java:startLogSegment(385)) - 1c51b35f-55cb-4636-a00c-83d34bf2d9d4@group-F043E0AED0ED-SegmentedRaftLogWorker: Starting segment from index:0
2019-10-23 22:21:39,035 [1c51b35f-55cb-4636-a00c-83d34bf2d9d4@group-F043E0AED0ED-LeaderElection7] INFO  impl.RaftServerImpl (ServerState.java:setRaftConf(357)) - 1c51b35f-55cb-4636-a00c-83d34bf2d9d4@group-F043E0AED0ED: set configuration 0: [aed1b97f-105e-4684-b087-4b6333aa3ced:192.168.157.195:34943, 1c51b35f-55cb-4636-a00c-83d34bf2d9d4:192.168.157.195:34693, d21ee1f1-33f6-483c-a18b-27782ce1915a:192.168.157.195:46462], old=null at 0
2019-10-23 22:21:39,064 [d21ee1f1-33f6-483c-a18b-27782ce1915a@group-F043E0AED0ED-SegmentedRaftLogWorker] INFO  segmented.SegmentedRaftLogWorker (SegmentedRaftLogWorker.java:execute(576)) - d21ee1f1-33f6-483c-a18b-27782ce1915a@group-F043E0AED0ED-SegmentedRaftLogWorker: created new log segment /workdir/hadoop-ozone/integration-test/target/test-dir/MiniOzoneClusterImpl-1227f15e-0d15-49c5-99be-ea5deb396080/datanode-2/data/ratis/d3b7166d-836a-478b-b242-f043e0aed0ed/current/log_inprogress_0
2019-10-23 22:21:39,064 [aed1b97f-105e-4684-b087-4b6333aa3ced@group-F043E0AED0ED-LeaderElection8] INFO  impl.LeaderElection (LeaderElection.java:askForVotes(178)) - aed1b97f-105e-4684-b087-4b6333aa3ced@group-F043E0AED0ED-LeaderElection8: begin an election at term 3 for -1: [aed1b97f-105e-4684-b087-4b6333aa3ced:192.168.157.195:34943, 1c51b35f-55cb-4636-a00c-83d34bf2d9d4:192.168.157.195:34693, d21ee1f1-33f6-483c-a18b-27782ce1915a:192.168.157.195:46462], old=null
2019-10-23 22:21:39,078 [grpc-default-executor-1] INFO  server.GrpcServerProtocolService (GrpcServerProtocolService.java:onCompleted(113)) - aed1b97f-105e-4684-b087-4b6333aa3ced: Completed APPEND_ENTRIES, lastRequest: null
2019-10-23 22:21:39,081 [grpc-default-executor-0] INFO  server.GrpcServerProtocolService (GrpcServerProtocolService.java:onCompleted(113)) - 1c51b35f-55cb-4636-a00c-83d34bf2d9d4: Completed APPEND_ENTRIES, lastRequest: null
2019-10-23 22:21:39,087 [grpc-default-executor-0] INFO  server.GrpcLogAppender (GrpcLogAppender.java:onCompleted(308)) - d21ee1f1-33f6-483c-a18b-27782ce1915a@group-F043E0AED0ED->1c51b35f-55cb-4636-a00c-83d34bf2d9d4-AppendLogResponseHandler: follower responses appendEntries COMPLETED
2019-10-23 22:21:39,087 [grpc-default-executor-1] INFO  server.GrpcLogAppender (GrpcLogAppender.java:onCompleted(308)) - d21ee1f1-33f6-483c-a18b-27782ce1915a@group-F043E0AED0ED->aed1b97f-105e-4684-b087-4b6333aa3ced-AppendLogResponseHandler: follower responses appendEntries COMPLETED
2019-10-23 22:21:39,089 [1c51b35f-55cb-4636-a00c-83d34bf2d9d4@group-F043E0AED0ED-SegmentedRaftLogWorker] INFO  segmented.SegmentedRaftLogWorker (SegmentedRaftLogWorker.java:execute(576)) - 1c51b35f-55cb-4636-a00c-83d34bf2d9d4@group-F043E0AED0ED-SegmentedRaftLogWorker: created new log segment /workdir/hadoop-ozone/integration-test/target/test-dir/MiniOzoneClusterImpl-1227f15e-0d15-49c5-99be-ea5deb396080/datanode-3/data/ratis/d3b7166d-836a-478b-b242-f043e0aed0ed/current/log_inprogress_0
2019-10-23 22:21:39,097 [grpc-default-executor-4] INFO  impl.RaftServerImpl (ServerState.java:setLeader(256)) - d21ee1f1-33f6-483c-a18b-27782ce1915a@group-F043E0AED0ED: change Leader from null to 1c51b35f-55cb-4636-a00c-83d34bf2d9d4 at term 2 for appendEntries, leader elected after 79ms
2019-10-23 22:21:39,100 [grpc-default-executor-3] INFO  impl.RaftServerImpl (ServerState.java:setLeader(256)) - d21ee1f1-33f6-483c-a18b-27782ce1915a@group-F043E0AED0ED: change Leader from 1c51b35f-55cb-4636-a00c-83d34bf2d9d4 to null at term 3 for updateCurrentTerm
2019-10-23 22:21:39,101 [grpc-default-executor-3] INFO  impl.RaftServerImpl (RaftServerImpl.java:setRole(184)) - d21ee1f1-33f6-483c-a18b-27782ce1915a@group-F043E0AED0ED: changes role from  FOLLOWER to FOLLOWER at term 3 for recognizeCandidate:aed1b97f-105e-4684-b087-4b6333aa3ced
2019-10-23 22:21:39,101 [grpc-default-executor-3] INFO  impl.RoleInfo (RoleInfo.java:shutdownFollowerState(121)) - d21ee1f1-33f6-483c-a18b-27782ce1915a: shutdown FollowerState
2019-10-23 22:21:39,101 [grpc-default-executor-1] INFO  impl.FollowerInfo (FollowerInfo.java:lambda$new$0(51)) - d21ee1f1-33f6-483c-a18b-27782ce1915a@group-F043E0AED0ED->aed1b97f-105e-4684-b087-4b6333aa3ced: nextIndex: updateUnconditionally 0 -> 0
2019-10-23 22:21:39,106 [grpc-default-executor-3] INFO  impl.RoleInfo (RoleInfo.java:updateAndGet(143)) - d21ee1f1-33f6-483c-a18b-27782ce1915a: start FollowerState
2019-10-23 22:21:39,106 [Thread-245] INFO  impl.FollowerState (FollowerState.java:run(117)) - d21ee1f1-33f6-483c-a18b-27782ce1915a@group-F043E0AED0ED-FollowerState was interrupted: java.lang.InterruptedException: sleep interrupted
2019-10-23 22:21:39,101 [grpc-default-executor-0] INFO  impl.FollowerInfo (FollowerInfo.java:lambda$new$0(51)) - d21ee1f1-33f6-483c-a18b-27782ce1915a@group-F043E0AED0ED->1c51b35f-55cb-4636-a00c-83d34bf2d9d4: nextIndex: updateUnconditionally 0 -> 0
2019-10-23 22:21:39,101 [grpc-default-executor-5] INFO  impl.RaftServerImpl (ServerState.java:setLeader(256)) - 1c51b35f-55cb-4636-a00c-83d34bf2d9d4@group-F043E0AED0ED: change Leader from 1c51b35f-55cb-4636-a00c-83d34bf2d9d4 to null at term 3 for updateCurrentTerm
2019-10-23 22:21:39,108 [grpc-default-executor-5] INFO  impl.RaftServerImpl (RaftServerImpl.java:setRole(184)) - 1c51b35f-55cb-4636-a00c-83d34bf2d9d4@group-F043E0AED0ED: changes role from    LEADER to FOLLOWER at term 3 for recognizeCandidate:aed1b97f-105e-4684-b087-4b6333aa3ced
2019-10-23 22:21:39,108 [grpc-default-executor-5] INFO  impl.RoleInfo (RoleInfo.java:shutdownLeaderState(104)) - 1c51b35f-55cb-4636-a00c-83d34bf2d9d4: shutdown LeaderState
2019-10-23 22:21:39,109 [org.apache.ratis.server.impl.LogAppender$AppenderDaemon$$Lambda$397/823346118@77c7522c] WARN  server.GrpcLogAppender (GrpcLogAppender.java:mayWait(149)) - 1c51b35f-55cb-4636-a00c-83d34bf2d9d4@group-F043E0AED0ED->d21ee1f1-33f6-483c-a18b-27782ce1915a-GrpcLogAppender: Wait interrupted by java.lang.InterruptedException
2019-10-23 22:21:39,110 [grpc-default-executor-5] INFO  impl.PendingRequests (PendingRequests.java:sendNotLeaderResponses(202)) - 1c51b35f-55cb-4636-a00c-83d34bf2d9d4@group-F043E0AED0ED-PendingRequests: sendNotLeaderResponses
2019-10-23 22:21:39,109 [org.apache.ratis.server.impl.LogAppender$AppenderDaemon$$Lambda$397/823346118@464bb0c6] WARN  server.GrpcLogAppender (GrpcLogAppender.java:mayWait(149)) - 1c51b35f-55cb-4636-a00c-83d34bf2d9d4@group-F043E0AED0ED->aed1b97f-105e-4684-b087-4b6333aa3ced-GrpcLogAppender: Wait interrupted by java.lang.InterruptedException
2019-10-23 22:21:39,111 [grpc-default-executor-5] INFO  impl.RoleInfo (RoleInfo.java:updateAndGet(143)) - 1c51b35f-55cb-4636-a00c-83d34bf2d9d4: start FollowerState
2019-10-23 22:21:39,114 [grpc-default-executor-2] INFO  server.GrpcServerProtocolService (GrpcServerProtocolService.java:onCompleted(113)) - aed1b97f-105e-4684-b087-4b6333aa3ced: Completed APPEND_ENTRIES, lastRequest: 1c51b35f-55cb-4636-a00c-83d34bf2d9d4->aed1b97f-105e-4684-b087-4b6333aa3ced#0-t2, previous=(t:0, i:0), leaderCommit=-1, initializing? false, entries: <empty>
2019-10-23 22:21:39,122 [grpc-default-executor-0] INFO  server.GrpcLogAppender (GrpcLogAppender.java:onCompleted(308)) - 1c51b35f-55cb-4636-a00c-83d34bf2d9d4@group-F043E0AED0ED->aed1b97f-105e-4684-b087-4b6333aa3ced-AppendLogResponseHandler: follower responses appendEntries COMPLETED
2019-10-23 22:21:39,125 [grpc-default-executor-4] INFO  server.GrpcServerProtocolService (GrpcServerProtocolService.java:onCompleted(113)) - d21ee1f1-33f6-483c-a18b-27782ce1915a: Completed APPEND_ENTRIES, lastRequest: 1c51b35f-55cb-4636-a00c-83d34bf2d9d4->d21ee1f1-33f6-483c-a18b-27782ce1915a#0-t2, previous=(t:0, i:0), leaderCommit=-1, initializing? false, entries: <empty>
2019-10-23 22:21:39,125 [grpc-default-executor-0] INFO  impl.FollowerInfo (FollowerInfo.java:lambda$new$0(51)) - 1c51b35f-55cb-4636-a00c-83d34bf2d9d4@group-F043E0AED0ED->aed1b97f-105e-4684-b087-4b6333aa3ced: nextIndex: updateUnconditionally 0 -> 0
2019-10-23 22:21:39,128 [aed1b97f-105e-4684-b087-4b6333aa3ced@group-F043E0AED0ED-LeaderElection8] INFO  impl.LeaderElection (LeaderElection.java:logAndReturn(56)) - aed1b97f-105e-4684-b087-4b6333aa3ced@group-F043E0AED0ED-LeaderElection8: Election REJECTED; received 2 response(s) [aed1b97f-105e-4684-b087-4b6333aa3ced<-1c51b35f-55cb-4636-a00c-83d34bf2d9d4#0:FAIL-t3, aed1b97f-105e-4684-b087-4b6333aa3ced<-d21ee1f1-33f6-483c-a18b-27782ce1915a#0:FAIL-t3] and 0 exception(s); aed1b97f-105e-4684-b087-4b6333aa3ced@group-F043E0AED0ED:t3, leader=null, voted=aed1b97f-105e-4684-b087-4b6333aa3ced, raftlog=aed1b97f-105e-4684-b087-4b6333aa3ced@group-F043E0AED0ED-SegmentedRaftLog:OPENED:c-1,f-1,i0, conf=-1: [aed1b97f-105e-4684-b087-4b6333aa3ced:192.168.157.195:34943, 1c51b35f-55cb-4636-a00c-83d34bf2d9d4:192.168.157.195:34693, d21ee1f1-33f6-483c-a18b-27782ce1915a:192.168.157.195:46462], old=null
2019-10-23 22:21:39,128 [aed1b97f-105e-4684-b087-4b6333aa3ced@group-F043E0AED0ED-LeaderElection8] INFO  impl.RaftServerImpl (RaftServerImpl.java:setRole(184)) - aed1b97f-105e-4684-b087-4b6333aa3ced@group-F043E0AED0ED: changes role from CANDIDATE to FOLLOWER at term 3 for DISCOVERED_A_NEW_TERM
2019-10-23 22:21:39,129 [aed1b97f-105e-4684-b087-4b6333aa3ced@group-F043E0AED0ED-LeaderElection8] INFO  impl.RoleInfo (RoleInfo.java:shutdownLeaderElection(134)) - aed1b97f-105e-4684-b087-4b6333aa3ced: shutdown LeaderElection
2019-10-23 22:21:39,130 [aed1b97f-105e-4684-b087-4b6333aa3ced@group-F043E0AED0ED-LeaderElection8] INFO  impl.RoleInfo (RoleInfo.java:updateAndGet(143)) - aed1b97f-105e-4684-b087-4b6333aa3ced: start FollowerState
2019-10-23 22:21:39,132 [grpc-default-executor-4] INFO  server.GrpcLogAppender (GrpcLogAppender.java:onCompleted(308)) - 1c51b35f-55cb-4636-a00c-83d34bf2d9d4@group-F043E0AED0ED->d21ee1f1-33f6-483c-a18b-27782ce1915a-AppendLogResponseHandler: follower responses appendEntries COMPLETED
2019-10-23 22:21:39,136 [grpc-default-executor-4] INFO  impl.FollowerInfo (FollowerInfo.java:lambda$new$0(51)) - 1c51b35f-55cb-4636-a00c-83d34bf2d9d4@group-F043E0AED0ED->d21ee1f1-33f6-483c-a18b-27782ce1915a: nextIndex: updateUnconditionally 0 -> 0
2019-10-23 22:21:39,212 [Thread-254] INFO  impl.FollowerState (FollowerState.java:run(108)) - aed1b97f-105e-4684-b087-4b6333aa3ced@group-F043E0AED0ED-FollowerState: change to CANDIDATE, lastRpcTime:82ms, electionTimeout:81ms
2019-10-23 22:21:39,212 [Thread-254] INFO  impl.RoleInfo (RoleInfo.java:shutdownFollowerState(121)) - aed1b97f-105e-4684-b087-4b6333aa3ced: shutdown FollowerState
2019-10-23 22:21:39,212 [Thread-254] INFO  impl.RaftServerImpl (RaftServerImpl.java:setRole(184)) - aed1b97f-105e-4684-b087-4b6333aa3ced@group-F043E0AED0ED: changes role from  FOLLOWER to CANDIDATE at term 3 for changeToCandidate
2019-10-23 22:21:39,212 [Thread-254] INFO  impl.RoleInfo (RoleInfo.java:updateAndGet(143)) - aed1b97f-105e-4684-b087-4b6333aa3ced: start LeaderElection
2019-10-23 22:21:39,240 [aed1b97f-105e-4684-b087-4b6333aa3ced@group-F043E0AED0ED-LeaderElection9] INFO  impl.LeaderElection (LeaderElection.java:askForVotes(178)) - aed1b97f-105e-4684-b087-4b6333aa3ced@group-F043E0AED0ED-LeaderElection9: begin an election at term 4 for -1: [aed1b97f-105e-4684-b087-4b6333aa3ced:192.168.157.195:34943, 1c51b35f-55cb-4636-a00c-83d34bf2d9d4:192.168.157.195:34693, d21ee1f1-33f6-483c-a18b-27782ce1915a:192.168.157.195:46462], old=null
2019-10-23 22:21:39,250 [grpc-default-executor-0] INFO  impl.RaftServerImpl (RaftServerImpl.java:setRole(184)) - 1c51b35f-55cb-4636-a00c-83d34bf2d9d4@group-F043E0AED0ED: changes role from  FOLLOWER to FOLLOWER at term 4 for recognizeCandidate:aed1b97f-105e-4684-b087-4b6333aa3ced
2019-10-23 22:21:39,250 [grpc-default-executor-4] INFO  impl.RaftServerImpl (RaftServerImpl.java:setRole(184)) - d21ee1f1-33f6-483c-a18b-27782ce1915a@group-F043E0AED0ED: changes role from  FOLLOWER to FOLLOWER at term 4 for recognizeCandidate:aed1b97f-105e-4684-b087-4b6333aa3ced
2019-10-23 22:21:39,250 [grpc-default-executor-0] INFO  impl.RoleInfo (RoleInfo.java:shutdownFollowerState(121)) - 1c51b35f-55cb-4636-a00c-83d34bf2d9d4: shutdown FollowerState
2019-10-23 22:21:39,251 [grpc-default-executor-4] INFO  impl.RoleInfo (RoleInfo.java:shutdownFollowerState(121)) - d21ee1f1-33f6-483c-a18b-27782ce1915a: shutdown FollowerState
2019-10-23 22:21:39,251 [Thread-253] INFO  impl.FollowerState (FollowerState.java:run(117)) - 1c51b35f-55cb-4636-a00c-83d34bf2d9d4@group-F043E0AED0ED-FollowerState was interrupted: java.lang.InterruptedException: sleep interrupted
2019-10-23 22:21:39,251 [Thread-251] INFO  impl.FollowerState (FollowerState.java:run(117)) - d21ee1f1-33f6-483c-a18b-27782ce1915a@group-F043E0AED0ED-FollowerState was interrupted: java.lang.InterruptedException: sleep interrupted
2019-10-23 22:21:39,251 [grpc-default-executor-4] INFO  impl.RoleInfo (RoleInfo.java:updateAndGet(143)) - d21ee1f1-33f6-483c-a18b-27782ce1915a: start FollowerState
2019-10-23 22:21:39,251 [grpc-default-executor-0] INFO  impl.RoleInfo (RoleInfo.java:updateAndGet(143)) - 1c51b35f-55cb-4636-a00c-83d34bf2d9d4: start FollowerState
2019-10-23 22:21:39,288 [aed1b97f-105e-4684-b087-4b6333aa3ced@group-F043E0AED0ED-LeaderElection9] INFO  impl.LeaderElection (LeaderElection.java:logAndReturn(56)) - aed1b97f-105e-4684-b087-4b6333aa3ced@group-F043E0AED0ED-LeaderElection9: Election REJECTED; received 2 response(s) [aed1b97f-105e-4684-b087-4b6333aa3ced<-1c51b35f-55cb-4636-a00c-83d34bf2d9d4#0:FAIL-t4, aed1b97f-105e-4684-b087-4b6333aa3ced<-d21ee1f1-33f6-483c-a18b-27782ce1915a#0:FAIL-t4] and 0 exception(s); aed1b97f-105e-4684-b087-4b6333aa3ced@group-F043E0AED0ED:t4, leader=null, voted=aed1b97f-105e-4684-b087-4b6333aa3ced, raftlog=aed1b97f-105e-4684-b087-4b6333aa3ced@group-F043E0AED0ED-SegmentedRaftLog:OPENED:c-1,f-1,i0, conf=-1: [aed1b97f-105e-4684-b087-4b6333aa3ced:192.168.157.195:34943, 1c51b35f-55cb-4636-a00c-83d34bf2d9d4:192.168.157.195:34693, d21ee1f1-33f6-483c-a18b-27782ce1915a:192.168.157.195:46462], old=null
2019-10-23 22:21:39,288 [aed1b97f-105e-4684-b087-4b6333aa3ced@group-F043E0AED0ED-LeaderElection9] INFO  impl.RaftServerImpl (RaftServerImpl.java:setRole(184)) - aed1b97f-105e-4684-b087-4b6333aa3ced@group-F043E0AED0ED: changes role from CANDIDATE to FOLLOWER at term 4 for DISCOVERED_A_NEW_TERM
2019-10-23 22:21:39,288 [aed1b97f-105e-4684-b087-4b6333aa3ced@group-F043E0AED0ED-LeaderElection9] INFO  impl.RoleInfo (RoleInfo.java:shutdownLeaderElection(134)) - aed1b97f-105e-4684-b087-4b6333aa3ced: shutdown LeaderElection
2019-10-23 22:21:39,292 [aed1b97f-105e-4684-b087-4b6333aa3ced@group-F043E0AED0ED-LeaderElection9] INFO  impl.RoleInfo (RoleInfo.java:updateAndGet(143)) - aed1b97f-105e-4684-b087-4b6333aa3ced: start FollowerState
2019-10-23 22:21:39,343 [Thread-260] INFO  impl.FollowerState (FollowerState.java:run(108)) - aed1b97f-105e-4684-b087-4b6333aa3ced@group-F043E0AED0ED-FollowerState: change to CANDIDATE, lastRpcTime:51ms, electionTimeout:51ms
2019-10-23 22:21:39,345 [Thread-260] INFO  impl.RoleInfo (RoleInfo.java:shutdownFollowerState(121)) - aed1b97f-105e-4684-b087-4b6333aa3ced: shutdown FollowerState
2019-10-23 22:21:39,345 [Thread-260] INFO  impl.RaftServerImpl (RaftServerImpl.java:setRole(184)) - aed1b97f-105e-4684-b087-4b6333aa3ced@group-F043E0AED0ED: changes role from  FOLLOWER to CANDIDATE at term 4 for changeToCandidate
2019-10-23 22:21:39,345 [Thread-260] INFO  impl.RoleInfo (RoleInfo.java:updateAndGet(143)) - aed1b97f-105e-4684-b087-4b6333aa3ced: start LeaderElection
2019-10-23 22:21:39,360 [aed1b97f-105e-4684-b087-4b6333aa3ced@group-F043E0AED0ED-LeaderElection10] INFO  impl.LeaderElection (LeaderElection.java:askForVotes(178)) - aed1b97f-105e-4684-b087-4b6333aa3ced@group-F043E0AED0ED-LeaderElection10: begin an election at term 5 for -1: [aed1b97f-105e-4684-b087-4b6333aa3ced:192.168.157.195:34943, 1c51b35f-55cb-4636-a00c-83d34bf2d9d4:192.168.157.195:34693, d21ee1f1-33f6-483c-a18b-27782ce1915a:192.168.157.195:46462], old=null
2019-10-23 22:21:39,366 [grpc-default-executor-0] INFO  impl.RaftServerImpl (RaftServerImpl.java:setRole(184)) - 1c51b35f-55cb-4636-a00c-83d34bf2d9d4@group-F043E0AED0ED: changes role from  FOLLOWER to FOLLOWER at term 5 for recognizeCandidate:aed1b97f-105e-4684-b087-4b6333aa3ced
2019-10-23 22:21:39,368 [grpc-default-executor-0] INFO  impl.RoleInfo (RoleInfo.java:shutdownFollowerState(121)) - 1c51b35f-55cb-4636-a00c-83d34bf2d9d4: shutdown FollowerState
2019-10-23 22:21:39,368 [Thread-258] INFO  impl.FollowerState (FollowerState.java:run(117)) - 1c51b35f-55cb-4636-a00c-83d34bf2d9d4@group-F043E0AED0ED-FollowerState was interrupted: java.lang.InterruptedException: sleep interrupted
2019-10-23 22:21:39,368 [grpc-default-executor-0] INFO  impl.RoleInfo (RoleInfo.java:updateAndGet(143)) - 1c51b35f-55cb-4636-a00c-83d34bf2d9d4: start FollowerState
2019-10-23 22:21:39,369 [grpc-default-executor-4] INFO  impl.RaftServerImpl (RaftServerImpl.java:setRole(184)) - d21ee1f1-33f6-483c-a18b-27782ce1915a@group-F043E0AED0ED: changes role from  FOLLOWER to FOLLOWER at term 5 for recognizeCandidate:aed1b97f-105e-4684-b087-4b6333aa3ced
2019-10-23 22:21:39,370 [grpc-default-executor-4] INFO  impl.RoleInfo (RoleInfo.java:shutdownFollowerState(121)) - d21ee1f1-33f6-483c-a18b-27782ce1915a: shutdown FollowerState
2019-10-23 22:21:39,370 [Thread-259] INFO  impl.FollowerState (FollowerState.java:run(117)) - d21ee1f1-33f6-483c-a18b-27782ce1915a@group-F043E0AED0ED-FollowerState was interrupted: java.lang.InterruptedException: sleep interrupted
2019-10-23 22:21:39,370 [grpc-default-executor-4] INFO  impl.RoleInfo (RoleInfo.java:updateAndGet(143)) - d21ee1f1-33f6-483c-a18b-27782ce1915a: start FollowerState
2019-10-23 22:21:39,398 [aed1b97f-105e-4684-b087-4b6333aa3ced@group-F043E0AED0ED-LeaderElection10] INFO  impl.LeaderElection (LeaderElection.java:logAndReturn(56)) - aed1b97f-105e-4684-b087-4b6333aa3ced@group-F043E0AED0ED-LeaderElection10: Election REJECTED; received 2 response(s) [aed1b97f-105e-4684-b087-4b6333aa3ced<-1c51b35f-55cb-4636-a00c-83d34bf2d9d4#0:FAIL-t5, aed1b97f-105e-4684-b087-4b6333aa3ced<-d21ee1f1-33f6-483c-a18b-27782ce1915a#0:FAIL-t5] and 0 exception(s); aed1b97f-105e-4684-b087-4b6333aa3ced@group-F043E0AED0ED:t5, leader=null, voted=aed1b97f-105e-4684-b087-4b6333aa3ced, raftlog=aed1b97f-105e-4684-b087-4b6333aa3ced@group-F043E0AED0ED-SegmentedRaftLog:OPENED:c-1,f-1,i0, conf=-1: [aed1b97f-105e-4684-b087-4b6333aa3ced:192.168.157.195:34943, 1c51b35f-55cb-4636-a00c-83d34bf2d9d4:192.168.157.195:34693, d21ee1f1-33f6-483c-a18b-27782ce1915a:192.168.157.195:46462], old=null
2019-10-23 22:21:39,398 [aed1b97f-105e-4684-b087-4b6333aa3ced@group-F043E0AED0ED-LeaderElection10] INFO  impl.RaftServerImpl (RaftServerImpl.java:setRole(184)) - aed1b97f-105e-4684-b087-4b6333aa3ced@group-F043E0AED0ED: changes role from CANDIDATE to FOLLOWER at term 5 for DISCOVERED_A_NEW_TERM
2019-10-23 22:21:39,399 [aed1b97f-105e-4684-b087-4b6333aa3ced@group-F043E0AED0ED-LeaderElection10] INFO  impl.RoleInfo (RoleInfo.java:shutdownLeaderElection(134)) - aed1b97f-105e-4684-b087-4b6333aa3ced: shutdown LeaderElection
2019-10-23 22:21:39,399 [aed1b97f-105e-4684-b087-4b6333aa3ced@group-F043E0AED0ED-LeaderElection10] INFO  impl.RoleInfo (RoleInfo.java:updateAndGet(143)) - aed1b97f-105e-4684-b087-4b6333aa3ced: start FollowerState
2019-10-23 22:21:39,515 [Thread-266] INFO  impl.FollowerState (FollowerState.java:run(108)) - aed1b97f-105e-4684-b087-4b6333aa3ced@group-F043E0AED0ED-FollowerState: change to CANDIDATE, lastRpcTime:115ms, electionTimeout:114ms
2019-10-23 22:21:39,519 [Thread-266] INFO  impl.RoleInfo (RoleInfo.java:shutdownFollowerState(121)) - aed1b97f-105e-4684-b087-4b6333aa3ced: shutdown FollowerState
2019-10-23 22:21:39,519 [Thread-266] INFO  impl.RaftServerImpl (RaftServerImpl.java:setRole(184)) - aed1b97f-105e-4684-b087-4b6333aa3ced@group-F043E0AED0ED: changes role from  FOLLOWER to CANDIDATE at term 5 for changeToCandidate
2019-10-23 22:21:39,519 [Thread-266] INFO  impl.RoleInfo (RoleInfo.java:updateAndGet(143)) - aed1b97f-105e-4684-b087-4b6333aa3ced: start LeaderElection
2019-10-23 22:21:39,534 [aed1b97f-105e-4684-b087-4b6333aa3ced@group-F043E0AED0ED-LeaderElection11] INFO  impl.LeaderElection (LeaderElection.java:askForVotes(178)) - aed1b97f-105e-4684-b087-4b6333aa3ced@group-F043E0AED0ED-LeaderElection11: begin an election at term 6 for -1: [aed1b97f-105e-4684-b087-4b6333aa3ced:192.168.157.195:34943, 1c51b35f-55cb-4636-a00c-83d34bf2d9d4:192.168.157.195:34693, d21ee1f1-33f6-483c-a18b-27782ce1915a:192.168.157.195:46462], old=null
2019-10-23 22:21:39,544 [grpc-default-executor-0] INFO  impl.RaftServerImpl (RaftServerImpl.java:setRole(184)) - 1c51b35f-55cb-4636-a00c-83d34bf2d9d4@group-F043E0AED0ED: changes role from  FOLLOWER to FOLLOWER at term 6 for recognizeCandidate:aed1b97f-105e-4684-b087-4b6333aa3ced
2019-10-23 22:21:39,544 [grpc-default-executor-4] INFO  impl.RaftServerImpl (RaftServerImpl.java:setRole(184)) - d21ee1f1-33f6-483c-a18b-27782ce1915a@group-F043E0AED0ED: changes role from  FOLLOWER to FOLLOWER at term 6 for recognizeCandidate:aed1b97f-105e-4684-b087-4b6333aa3ced
2019-10-23 22:21:39,544 [grpc-default-executor-0] INFO  impl.RoleInfo (RoleInfo.java:shutdownFollowerState(121)) - 1c51b35f-55cb-4636-a00c-83d34bf2d9d4: shutdown FollowerState
2019-10-23 22:21:39,544 [grpc-default-executor-4] INFO  impl.RoleInfo (RoleInfo.java:shutdownFollowerState(121)) - d21ee1f1-33f6-483c-a18b-27782ce1915a: shutdown FollowerState
2019-10-23 22:21:39,544 [grpc-default-executor-0] INFO  impl.RoleInfo (RoleInfo.java:updateAndGet(143)) - 1c51b35f-55cb-4636-a00c-83d34bf2d9d4: start FollowerState
2019-10-23 22:21:39,544 [Thread-264] INFO  impl.FollowerState (FollowerState.java:run(117)) - 1c51b35f-55cb-4636-a00c-83d34bf2d9d4@group-F043E0AED0ED-FollowerState was interrupted: java.lang.InterruptedException: sleep interrupted
2019-10-23 22:21:39,544 [grpc-default-executor-4] INFO  impl.RoleInfo (RoleInfo.java:updateAndGet(143)) - d21ee1f1-33f6-483c-a18b-27782ce1915a: start FollowerState
2019-10-23 22:21:39,544 [Thread-265] INFO  impl.FollowerState (FollowerState.java:run(117)) - d21ee1f1-33f6-483c-a18b-27782ce1915a@group-F043E0AED0ED-FollowerState was interrupted: java.lang.InterruptedException: sleep interrupted
2019-10-23 22:21:39,561 [aed1b97f-105e-4684-b087-4b6333aa3ced@group-F043E0AED0ED-LeaderElection11] INFO  impl.LeaderElection (LeaderElection.java:logAndReturn(56)) - aed1b97f-105e-4684-b087-4b6333aa3ced@group-F043E0AED0ED-LeaderElection11: Election REJECTED; received 2 response(s) [aed1b97f-105e-4684-b087-4b6333aa3ced<-1c51b35f-55cb-4636-a00c-83d34bf2d9d4#0:FAIL-t6, aed1b97f-105e-4684-b087-4b6333aa3ced<-d21ee1f1-33f6-483c-a18b-27782ce1915a#0:FAIL-t6] and 0 exception(s); aed1b97f-105e-4684-b087-4b6333aa3ced@group-F043E0AED0ED:t6, leader=null, voted=aed1b97f-105e-4684-b087-4b6333aa3ced, raftlog=aed1b97f-105e-4684-b087-4b6333aa3ced@group-F043E0AED0ED-SegmentedRaftLog:OPENED:c-1,f-1,i0, conf=-1: [aed1b97f-105e-4684-b087-4b6333aa3ced:192.168.157.195:34943, 1c51b35f-55cb-4636-a00c-83d34bf2d9d4:192.168.157.195:34693, d21ee1f1-33f6-483c-a18b-27782ce1915a:192.168.157.195:46462], old=null
2019-10-23 22:21:39,561 [aed1b97f-105e-4684-b087-4b6333aa3ced@group-F043E0AED0ED-LeaderElection11] INFO  impl.RaftServerImpl (RaftServerImpl.java:setRole(184)) - aed1b97f-105e-4684-b087-4b6333aa3ced@group-F043E0AED0ED: changes role from CANDIDATE to FOLLOWER at term 6 for DISCOVERED_A_NEW_TERM
2019-10-23 22:21:39,562 [aed1b97f-105e-4684-b087-4b6333aa3ced@group-F043E0AED0ED-LeaderElection11] INFO  impl.RoleInfo (RoleInfo.java:shutdownLeaderElection(134)) - aed1b97f-105e-4684-b087-4b6333aa3ced: shutdown LeaderElection
2019-10-23 22:21:39,562 [aed1b97f-105e-4684-b087-4b6333aa3ced@group-F043E0AED0ED-LeaderElection11] INFO  impl.RoleInfo (RoleInfo.java:updateAndGet(143)) - aed1b97f-105e-4684-b087-4b6333aa3ced: start FollowerState
2019-10-23 22:21:39,942 [Thread-273] INFO  impl.FollowerState (FollowerState.java:run(108)) - aed1b97f-105e-4684-b087-4b6333aa3ced@group-F043E0AED0ED-FollowerState: change to CANDIDATE, lastRpcTime:379ms, electionTimeout:155ms
2019-10-23 22:21:39,962 [Thread-273] INFO  impl.RoleInfo (RoleInfo.java:shutdownFollowerState(121)) - aed1b97f-105e-4684-b087-4b6333aa3ced: shutdown FollowerState
2019-10-23 22:21:39,969 [Thread-273] INFO  impl.RaftServerImpl (RaftServerImpl.java:setRole(184)) - aed1b97f-105e-4684-b087-4b6333aa3ced@group-F043E0AED0ED: changes role from  FOLLOWER to CANDIDATE at term 6 for changeToCandidate
2019-10-23 22:21:39,969 [Thread-273] INFO  impl.RoleInfo (RoleInfo.java:updateAndGet(143)) - aed1b97f-105e-4684-b087-4b6333aa3ced: start LeaderElection
2019-10-23 22:21:39,985 [aed1b97f-105e-4684-b087-4b6333aa3ced@group-F043E0AED0ED-LeaderElection12] INFO  impl.LeaderElection (LeaderElection.java:askForVotes(178)) - aed1b97f-105e-4684-b087-4b6333aa3ced@group-F043E0AED0ED-LeaderElection12: begin an election at term 7 for -1: [aed1b97f-105e-4684-b087-4b6333aa3ced:192.168.157.195:34943, 1c51b35f-55cb-4636-a00c-83d34bf2d9d4:192.168.157.195:34693, d21ee1f1-33f6-483c-a18b-27782ce1915a:192.168.157.195:46462], old=null
2019-10-23 22:21:39,992 [grpc-default-executor-4] INFO  impl.RaftServerImpl (RaftServerImpl.java:setRole(184)) - 1c51b35f-55cb-4636-a00c-83d34bf2d9d4@group-F043E0AED0ED: changes role from  FOLLOWER to FOLLOWER at term 7 for recognizeCandidate:aed1b97f-105e-4684-b087-4b6333aa3ced
2019-10-23 22:21:39,992 [grpc-default-executor-0] INFO  impl.RaftServerImpl (RaftServerImpl.java:setRole(184)) - d21ee1f1-33f6-483c-a18b-27782ce1915a@group-F043E0AED0ED: changes role from  FOLLOWER to FOLLOWER at term 7 for recognizeCandidate:aed1b97f-105e-4684-b087-4b6333aa3ced
2019-10-23 22:21:39,992 [grpc-default-executor-4] INFO  impl.RoleInfo (RoleInfo.java:shutdownFollowerState(121)) - 1c51b35f-55cb-4636-a00c-83d34bf2d9d4: shutdown FollowerState
2019-10-23 22:21:39,993 [grpc-default-executor-0] INFO  impl.RoleInfo (RoleInfo.java:shutdownFollowerState(121)) - d21ee1f1-33f6-483c-a18b-27782ce1915a: shutdown FollowerState
2019-10-23 22:21:39,993 [grpc-default-executor-4] INFO  impl.RoleInfo (RoleInfo.java:updateAndGet(143)) - 1c51b35f-55cb-4636-a00c-83d34bf2d9d4: start FollowerState
2019-10-23 22:21:39,993 [grpc-default-executor-0] INFO  impl.RoleInfo (RoleInfo.java:updateAndGet(143)) - d21ee1f1-33f6-483c-a18b-27782ce1915a: start FollowerState
2019-10-23 22:21:39,993 [Thread-271] INFO  impl.FollowerState (FollowerState.java:run(117)) - 1c51b35f-55cb-4636-a00c-83d34bf2d9d4@group-F043E0AED0ED-FollowerState was interrupted: java.lang.InterruptedException: sleep interrupted
2019-10-23 22:21:39,993 [Thread-272] INFO  impl.FollowerState (FollowerState.java:run(117)) - d21ee1f1-33f6-483c-a18b-27782ce1915a@group-F043E0AED0ED-FollowerState was interrupted: java.lang.InterruptedException: sleep interrupted
2019-10-23 22:21:40,010 [aed1b97f-105e-4684-b087-4b6333aa3ced@group-F043E0AED0ED-LeaderElection12] INFO  impl.LeaderElection (LeaderElection.java:logAndReturn(56)) - aed1b97f-105e-4684-b087-4b6333aa3ced@group-F043E0AED0ED-LeaderElection12: Election REJECTED; received 2 response(s) [aed1b97f-105e-4684-b087-4b6333aa3ced<-1c51b35f-55cb-4636-a00c-83d34bf2d9d4#0:FAIL-t7, aed1b97f-105e-4684-b087-4b6333aa3ced<-d21ee1f1-33f6-483c-a18b-27782ce1915a#0:FAIL-t7] and 0 exception(s); aed1b97f-105e-4684-b087-4b6333aa3ced@group-F043E0AED0ED:t7, leader=null, voted=aed1b97f-105e-4684-b087-4b6333aa3ced, raftlog=aed1b97f-105e-4684-b087-4b6333aa3ced@group-F043E0AED0ED-SegmentedRaftLog:OPENED:c-1,f-1,i0, conf=-1: [aed1b97f-105e-4684-b087-4b6333aa3ced:192.168.157.195:34943, 1c51b35f-55cb-4636-a00c-83d34bf2d9d4:192.168.157.195:34693, d21ee1f1-33f6-483c-a18b-27782ce1915a:192.168.157.195:46462], old=null
2019-10-23 22:21:40,011 [aed1b97f-105e-4684-b087-4b6333aa3ced@group-F043E0AED0ED-LeaderElection12] INFO  impl.RaftServerImpl (RaftServerImpl.java:setRole(184)) - aed1b97f-105e-4684-b087-4b6333aa3ced@group-F043E0AED0ED: changes role from CANDIDATE to FOLLOWER at term 7 for DISCOVERED_A_NEW_TERM
2019-10-23 22:21:40,012 [aed1b97f-105e-4684-b087-4b6333aa3ced@group-F043E0AED0ED-LeaderElection12] INFO  impl.RoleInfo (RoleInfo.java:shutdownLeaderElection(134)) - aed1b97f-105e-4684-b087-4b6333aa3ced: shutdown LeaderElection
2019-10-23 22:21:40,012 [aed1b97f-105e-4684-b087-4b6333aa3ced@group-F043E0AED0ED-LeaderElection12] INFO  impl.RoleInfo (RoleInfo.java:updateAndGet(143)) - aed1b97f-105e-4684-b087-4b6333aa3ced: start FollowerState
2019-10-23 22:21:40,061 [Thread-279] INFO  impl.FollowerState (FollowerState.java:run(108)) - aed1b97f-105e-4684-b087-4b6333aa3ced@group-F043E0AED0ED-FollowerState: change to CANDIDATE, lastRpcTime:48ms, electionTimeout:48ms
2019-10-23 22:21:40,062 [Thread-279] INFO  impl.RoleInfo (RoleInfo.java:shutdownFollowerState(121)) - aed1b97f-105e-4684-b087-4b6333aa3ced: shutdown FollowerState
2019-10-23 22:21:40,062 [Thread-279] INFO  impl.RaftServerImpl (RaftServerImpl.java:setRole(184)) - aed1b97f-105e-4684-b087-4b6333aa3ced@group-F043E0AED0ED: changes role from  FOLLOWER to CANDIDATE at term 7 for changeToCandidate
2019-10-23 22:21:40,062 [Thread-279] INFO  impl.RoleInfo (RoleInfo.java:updateAndGet(143)) - aed1b97f-105e-4684-b087-4b6333aa3ced: start LeaderElection
2019-10-23 22:21:40,077 [aed1b97f-105e-4684-b087-4b6333aa3ced@group-F043E0AED0ED-LeaderElection13] INFO  impl.LeaderElection (LeaderElection.java:askForVotes(178)) - aed1b97f-105e-4684-b087-4b6333aa3ced@group-F043E0AED0ED-LeaderElection13: begin an election at term 8 for -1: [aed1b97f-105e-4684-b087-4b6333aa3ced:192.168.157.195:34943, 1c51b35f-55cb-4636-a00c-83d34bf2d9d4:192.168.157.195:34693, d21ee1f1-33f6-483c-a18b-27782ce1915a:192.168.157.195:46462], old=null
2019-10-23 22:21:40,083 [grpc-default-executor-4] INFO  impl.RaftServerImpl (RaftServerImpl.java:setRole(184)) - d21ee1f1-33f6-483c-a18b-27782ce1915a@group-F043E0AED0ED: changes role from  FOLLOWER to FOLLOWER at term 8 for recognizeCandidate:aed1b97f-105e-4684-b087-4b6333aa3ced
2019-10-23 22:21:40,083 [grpc-default-executor-0] INFO  impl.RaftServerImpl (RaftServerImpl.java:setRole(184)) - 1c51b35f-55cb-4636-a00c-83d34bf2d9d4@group-F043E0AED0ED: changes role from  FOLLOWER to FOLLOWER at term 8 for recognizeCandidate:aed1b97f-105e-4684-b087-4b6333aa3ced
2019-10-23 22:21:40,084 [grpc-default-executor-4] INFO  impl.RoleInfo (RoleInfo.java:shutdownFollowerState(121)) - d21ee1f1-33f6-483c-a18b-27782ce1915a: shutdown FollowerState
2019-10-23 22:21:40,084 [grpc-default-executor-0] INFO  impl.RoleInfo (RoleInfo.java:shutdownFollowerState(121)) - 1c51b35f-55cb-4636-a00c-83d34bf2d9d4: shutdown FollowerState
2019-10-23 22:21:40,084 [Thread-278] INFO  impl.FollowerState (FollowerState.java:run(117)) - d21ee1f1-33f6-483c-a18b-27782ce1915a@group-F043E0AED0ED-FollowerState was interrupted: java.lang.InterruptedException: sleep interrupted
2019-10-23 22:21:40,084 [grpc-default-executor-0] INFO  impl.RoleInfo (RoleInfo.java:updateAndGet(143)) - 1c51b35f-55cb-4636-a00c-83d34bf2d9d4: start FollowerState
2019-10-23 22:21:40,084 [grpc-default-executor-4] INFO  impl.RoleInfo (RoleInfo.java:updateAndGet(143)) - d21ee1f1-33f6-483c-a18b-27782ce1915a: start FollowerState
2019-10-23 22:21:40,084 [Thread-277] INFO  impl.FollowerState (FollowerState.java:run(117)) - 1c51b35f-55cb-4636-a00c-83d34bf2d9d4@group-F043E0AED0ED-FollowerState was interrupted: java.lang.InterruptedException: sleep interrupted
2019-10-23 22:21:40,100 [aed1b97f-105e-4684-b087-4b6333aa3ced@group-F043E0AED0ED-LeaderElection13] INFO  impl.LeaderElection (LeaderElection.java:logAndReturn(56)) - aed1b97f-105e-4684-b087-4b6333aa3ced@group-F043E0AED0ED-LeaderElection13: Election REJECTED; received 2 response(s) [aed1b97f-105e-4684-b087-4b6333aa3ced<-1c51b35f-55cb-4636-a00c-83d34bf2d9d4#0:FAIL-t8, aed1b97f-105e-4684-b087-4b6333aa3ced<-d21ee1f1-33f6-483c-a18b-27782ce1915a#0:FAIL-t8] and 0 exception(s); aed1b97f-105e-4684-b087-4b6333aa3ced@group-F043E0AED0ED:t8, leader=null, voted=aed1b97f-105e-4684-b087-4b6333aa3ced, raftlog=aed1b97f-105e-4684-b087-4b6333aa3ced@group-F043E0AED0ED-SegmentedRaftLog:OPENED:c-1,f-1,i0, conf=-1: [aed1b97f-105e-4684-b087-4b6333aa3ced:192.168.157.195:34943, 1c51b35f-55cb-4636-a00c-83d34bf2d9d4:192.168.157.195:34693, d21ee1f1-33f6-483c-a18b-27782ce1915a:192.168.157.195:46462], old=null
2019-10-23 22:21:40,100 [aed1b97f-105e-4684-b087-4b6333aa3ced@group-F043E0AED0ED-LeaderElection13] INFO  impl.RaftServerImpl (RaftServerImpl.java:setRole(184)) - aed1b97f-105e-4684-b087-4b6333aa3ced@group-F043E0AED0ED: changes role from CANDIDATE to FOLLOWER at term 8 for DISCOVERED_A_NEW_TERM
2019-10-23 22:21:40,101 [aed1b97f-105e-4684-b087-4b6333aa3ced@group-F043E0AED0ED-LeaderElection13] INFO  impl.RoleInfo (RoleInfo.java:shutdownLeaderElection(134)) - aed1b97f-105e-4684-b087-4b6333aa3ced: shutdown LeaderElection
2019-10-23 22:21:40,101 [aed1b97f-105e-4684-b087-4b6333aa3ced@group-F043E0AED0ED-LeaderElection13] INFO  impl.RoleInfo (RoleInfo.java:updateAndGet(143)) - aed1b97f-105e-4684-b087-4b6333aa3ced: start FollowerState
2019-10-23 22:21:40,155 [Thread-287] INFO  rpc.RpcClient (RpcClient.java:createVolume(272)) - Creating Volume: 327d8c69-4775-474c-9bd2-abe3770c1dfa, with jenkins1000 as owner.
2019-10-23 22:21:40,212 [Thread-286] INFO  impl.FollowerState (FollowerState.java:run(108)) - aed1b97f-105e-4684-b087-4b6333aa3ced@group-F043E0AED0ED-FollowerState: change to CANDIDATE, lastRpcTime:111ms, electionTimeout:110ms
2019-10-23 22:21:40,212 [Thread-286] INFO  impl.RoleInfo (RoleInfo.java:shutdownFollowerState(121)) - aed1b97f-105e-4684-b087-4b6333aa3ced: shutdown FollowerState
2019-10-23 22:21:40,212 [Thread-286] INFO  impl.RaftServerImpl (RaftServerImpl.java:setRole(184)) - aed1b97f-105e-4684-b087-4b6333aa3ced@group-F043E0AED0ED: changes role from  FOLLOWER to CANDIDATE at term 8 for changeToCandidate
2019-10-23 22:21:40,213 [Thread-286] INFO  impl.RoleInfo (RoleInfo.java:updateAndGet(143)) - aed1b97f-105e-4684-b087-4b6333aa3ced: start LeaderElection
2019-10-23 22:21:40,228 [aed1b97f-105e-4684-b087-4b6333aa3ced@group-F043E0AED0ED-LeaderElection14] INFO  impl.LeaderElection (LeaderElection.java:askForVotes(178)) - aed1b97f-105e-4684-b087-4b6333aa3ced@group-F043E0AED0ED-LeaderElection14: begin an election at term 9 for -1: [aed1b97f-105e-4684-b087-4b6333aa3ced:192.168.157.195:34943, 1c51b35f-55cb-4636-a00c-83d34bf2d9d4:192.168.157.195:34693, d21ee1f1-33f6-483c-a18b-27782ce1915a:192.168.157.195:46462], old=null
2019-10-23 22:21:40,235 [grpc-default-executor-0] INFO  impl.RaftServerImpl (RaftServerImpl.java:setRole(184)) - d21ee1f1-33f6-483c-a18b-27782ce1915a@group-F043E0AED0ED: changes role from  FOLLOWER to FOLLOWER at term 9 for recognizeCandidate:aed1b97f-105e-4684-b087-4b6333aa3ced
2019-10-23 22:21:40,235 [grpc-default-executor-4] INFO  impl.RaftServerImpl (RaftServerImpl.java:setRole(184)) - 1c51b35f-55cb-4636-a00c-83d34bf2d9d4@group-F043E0AED0ED: changes role from  FOLLOWER to FOLLOWER at term 9 for recognizeCandidate:aed1b97f-105e-4684-b087-4b6333aa3ced
2019-10-23 22:21:40,235 [grpc-default-executor-0] INFO  impl.RoleInfo (RoleInfo.java:shutdownFollowerState(121)) - d21ee1f1-33f6-483c-a18b-27782ce1915a: shutdown FollowerState
2019-10-23 22:21:40,235 [grpc-default-executor-4] INFO  impl.RoleInfo (RoleInfo.java:shutdownFollowerState(121)) - 1c51b35f-55cb-4636-a00c-83d34bf2d9d4: shutdown FollowerState
2019-10-23 22:21:40,235 [Thread-284] INFO  impl.FollowerState (FollowerState.java:run(117)) - d21ee1f1-33f6-483c-a18b-27782ce1915a@group-F043E0AED0ED-FollowerState was interrupted: java.lang.InterruptedException: sleep interrupted
2019-10-23 22:21:40,235 [grpc-default-executor-4] INFO  impl.RoleInfo (RoleInfo.java:updateAndGet(143)) - 1c51b35f-55cb-4636-a00c-83d34bf2d9d4: start FollowerState
2019-10-23 22:21:40,235 [grpc-default-executor-0] INFO  impl.RoleInfo (RoleInfo.java:updateAndGet(143)) - d21ee1f1-33f6-483c-a18b-27782ce1915a: start FollowerState
2019-10-23 22:21:40,235 [Thread-285] INFO  impl.FollowerState (FollowerState.java:run(117)) - 1c51b35f-55cb-4636-a00c-83d34bf2d9d4@group-F043E0AED0ED-FollowerState was interrupted: java.lang.InterruptedException: sleep interrupted
2019-10-23 22:21:40,256 [aed1b97f-105e-4684-b087-4b6333aa3ced@group-F043E0AED0ED-LeaderElection14] INFO  impl.LeaderElection (LeaderElection.java:logAndReturn(56)) - aed1b97f-105e-4684-b087-4b6333aa3ced@group-F043E0AED0ED-LeaderElection14: Election TIMEOUT; received 0 response(s) [] and 0 exception(s); aed1b97f-105e-4684-b087-4b6333aa3ced@group-F043E0AED0ED:t9, leader=null, voted=aed1b97f-105e-4684-b087-4b6333aa3ced, raftlog=aed1b97f-105e-4684-b087-4b6333aa3ced@group-F043E0AED0ED-SegmentedRaftLog:OPENED:c-1,f-1,i0, conf=-1: [aed1b97f-105e-4684-b087-4b6333aa3ced:192.168.157.195:34943, 1c51b35f-55cb-4636-a00c-83d34bf2d9d4:192.168.157.195:34693, d21ee1f1-33f6-483c-a18b-27782ce1915a:192.168.157.195:46462], old=null
2019-10-23 22:21:40,261 [aed1b97f-105e-4684-b087-4b6333aa3ced@group-F043E0AED0ED-LeaderElection14] INFO  impl.LeaderElection (LeaderElection.java:askForVotes(178)) - aed1b97f-105e-4684-b087-4b6333aa3ced@group-F043E0AED0ED-LeaderElection14: begin an election at term 10 for -1: [aed1b97f-105e-4684-b087-4b6333aa3ced:192.168.157.195:34943, 1c51b35f-55cb-4636-a00c-83d34bf2d9d4:192.168.157.195:34693, d21ee1f1-33f6-483c-a18b-27782ce1915a:192.168.157.195:46462], old=null
2019-10-23 22:21:40,268 [grpc-default-executor-0] INFO  impl.RaftServerImpl (RaftServerImpl.java:setRole(184)) - 1c51b35f-55cb-4636-a00c-83d34bf2d9d4@group-F043E0AED0ED: changes role from  FOLLOWER to FOLLOWER at term 10 for recognizeCandidate:aed1b97f-105e-4684-b087-4b6333aa3ced
2019-10-23 22:21:40,270 [grpc-default-executor-0] INFO  impl.RoleInfo (RoleInfo.java:shutdownFollowerState(121)) - 1c51b35f-55cb-4636-a00c-83d34bf2d9d4: shutdown FollowerState
2019-10-23 22:21:40,270 [Thread-293] INFO  impl.FollowerState (FollowerState.java:run(117)) - 1c51b35f-55cb-4636-a00c-83d34bf2d9d4@group-F043E0AED0ED-FollowerState was interrupted: java.lang.InterruptedException: sleep interrupted
2019-10-23 22:21:40,270 [grpc-default-executor-0] INFO  impl.RoleInfo (RoleInfo.java:updateAndGet(143)) - 1c51b35f-55cb-4636-a00c-83d34bf2d9d4: start FollowerState
2019-10-23 22:21:40,271 [grpc-default-executor-4] INFO  impl.RaftServerImpl (RaftServerImpl.java:setRole(184)) - d21ee1f1-33f6-483c-a18b-27782ce1915a@group-F043E0AED0ED: changes role from  FOLLOWER to FOLLOWER at term 10 for recognizeCandidate:aed1b97f-105e-4684-b087-4b6333aa3ced
2019-10-23 22:21:40,271 [grpc-default-executor-4] INFO  impl.RoleInfo (RoleInfo.java:shutdownFollowerState(121)) - d21ee1f1-33f6-483c-a18b-27782ce1915a: shutdown FollowerState
2019-10-23 22:21:40,271 [Thread-292] INFO  impl.FollowerState (FollowerState.java:run(117)) - d21ee1f1-33f6-483c-a18b-27782ce1915a@group-F043E0AED0ED-FollowerState was interrupted: java.lang.InterruptedException: sleep interrupted
2019-10-23 22:21:40,272 [grpc-default-executor-4] INFO  impl.RoleInfo (RoleInfo.java:updateAndGet(143)) - d21ee1f1-33f6-483c-a18b-27782ce1915a: start FollowerState
2019-10-23 22:21:40,279 [aed1b97f-105e-4684-b087-4b6333aa3ced@group-F043E0AED0ED-LeaderElection14] INFO  impl.LeaderElection (LeaderElection.java:logAndReturn(56)) - aed1b97f-105e-4684-b087-4b6333aa3ced@group-F043E0AED0ED-LeaderElection14: Election REJECTED; received 2 response(s) [aed1b97f-105e-4684-b087-4b6333aa3ced<-1c51b35f-55cb-4636-a00c-83d34bf2d9d4#0:FAIL-t10, aed1b97f-105e-4684-b087-4b6333aa3ced<-d21ee1f1-33f6-483c-a18b-27782ce1915a#0:FAIL-t10] and 0 exception(s); aed1b97f-105e-4684-b087-4b6333aa3ced@group-F043E0AED0ED:t10, leader=null, voted=aed1b97f-105e-4684-b087-4b6333aa3ced, raftlog=aed1b97f-105e-4684-b087-4b6333aa3ced@group-F043E0AED0ED-SegmentedRaftLog:OPENED:c-1,f-1,i0, conf=-1: [aed1b97f-105e-4684-b087-4b6333aa3ced:192.168.157.195:34943, 1c51b35f-55cb-4636-a00c-83d34bf2d9d4:192.168.157.195:34693, d21ee1f1-33f6-483c-a18b-27782ce1915a:192.168.157.195:46462], old=null
2019-10-23 22:21:40,279 [aed1b97f-105e-4684-b087-4b6333aa3ced@group-F043E0AED0ED-LeaderElection14] INFO  impl.RaftServerImpl (RaftServerImpl.java:setRole(184)) - aed1b97f-105e-4684-b087-4b6333aa3ced@group-F043E0AED0ED: changes role from CANDIDATE to FOLLOWER at term 10 for DISCOVERED_A_NEW_TERM
2019-10-23 22:21:40,279 [aed1b97f-105e-4684-b087-4b6333aa3ced@group-F043E0AED0ED-LeaderElection14] INFO  impl.RoleInfo (RoleInfo.java:shutdownLeaderElection(134)) - aed1b97f-105e-4684-b087-4b6333aa3ced: shutdown LeaderElection
2019-10-23 22:21:40,281 [aed1b97f-105e-4684-b087-4b6333aa3ced@group-F043E0AED0ED-LeaderElection14] INFO  impl.RoleInfo (RoleInfo.java:updateAndGet(143)) - aed1b97f-105e-4684-b087-4b6333aa3ced: start FollowerState
2019-10-23 22:21:40,299 [OM StateMachine ApplyTransaction Thread - 0] INFO  volume.OMVolumeCreateRequest (OMVolumeCreateRequest.java:validateAndUpdateCache(193)) - created volume:327d8c69-4775-474c-9bd2-abe3770c1dfa for user:jenkins1000
2019-10-23 22:21:40,321 [Thread-287] INFO  rpc.RpcClient (RpcClient.java:createBucket(411)) - Creating Bucket: 327d8c69-4775-474c-9bd2-abe3770c1dfa/f0f17bff-e5b3-46b4-be5c-f18d88d9539e, with Versioning false and Storage Type set to DISK and Encryption set to false 
2019-10-23 22:21:40,352 [Thread-298] INFO  impl.FollowerState (FollowerState.java:run(108)) - aed1b97f-105e-4684-b087-4b6333aa3ced@group-F043E0AED0ED-FollowerState: change to CANDIDATE, lastRpcTime:71ms, electionTimeout:70ms
2019-10-23 22:21:40,352 [Thread-298] INFO  impl.RoleInfo (RoleInfo.java:shutdownFollowerState(121)) - aed1b97f-105e-4684-b087-4b6333aa3ced: shutdown FollowerState
2019-10-23 22:21:40,352 [Thread-298] INFO  impl.RaftServerImpl (RaftServerImpl.java:setRole(184)) - aed1b97f-105e-4684-b087-4b6333aa3ced@group-F043E0AED0ED: changes role from  FOLLOWER to CANDIDATE at term 10 for changeToCandidate
2019-10-23 22:21:40,353 [Thread-298] INFO  impl.RoleInfo (RoleInfo.java:updateAndGet(143)) - aed1b97f-105e-4684-b087-4b6333aa3ced: start LeaderElection
2019-10-23 22:21:40,385 [aed1b97f-105e-4684-b087-4b6333aa3ced@group-F043E0AED0ED-LeaderElection15] INFO  impl.LeaderElection (LeaderElection.java:askForVotes(178)) - aed1b97f-105e-4684-b087-4b6333aa3ced@group-F043E0AED0ED-LeaderElection15: begin an election at term 11 for -1: [aed1b97f-105e-4684-b087-4b6333aa3ced:192.168.157.195:34943, 1c51b35f-55cb-4636-a00c-83d34bf2d9d4:192.168.157.195:34693, d21ee1f1-33f6-483c-a18b-27782ce1915a:192.168.157.195:46462], old=null
2019-10-23 22:21:40,392 [grpc-default-executor-4] INFO  impl.RaftServerImpl (RaftServerImpl.java:setRole(184)) - 1c51b35f-55cb-4636-a00c-83d34bf2d9d4@group-F043E0AED0ED: changes role from  FOLLOWER to FOLLOWER at term 11 for recognizeCandidate:aed1b97f-105e-4684-b087-4b6333aa3ced
2019-10-23 22:21:40,392 [grpc-default-executor-4] INFO  impl.RoleInfo (RoleInfo.java:shutdownFollowerState(121)) - 1c51b35f-55cb-4636-a00c-83d34bf2d9d4: shutdown FollowerState
2019-10-23 22:21:40,392 [grpc-default-executor-0] INFO  impl.RaftServerImpl (RaftServerImpl.java:setRole(184)) - d21ee1f1-33f6-483c-a18b-27782ce1915a@group-F043E0AED0ED: changes role from  FOLLOWER to FOLLOWER at term 11 for recognizeCandidate:aed1b97f-105e-4684-b087-4b6333aa3ced
2019-10-23 22:21:40,392 [Thread-296] INFO  impl.FollowerState (FollowerState.java:run(117)) - 1c51b35f-55cb-4636-a00c-83d34bf2d9d4@group-F043E0AED0ED-FollowerState was interrupted: java.lang.InterruptedException: sleep interrupted
2019-10-23 22:21:40,392 [grpc-default-executor-0] INFO  impl.RoleInfo (RoleInfo.java:shutdownFollowerState(121)) - d21ee1f1-33f6-483c-a18b-27782ce1915a: shutdown FollowerState
2019-10-23 22:21:40,392 [grpc-default-executor-4] INFO  impl.RoleInfo (RoleInfo.java:updateAndGet(143)) - 1c51b35f-55cb-4636-a00c-83d34bf2d9d4: start FollowerState
2019-10-23 22:21:40,394 [grpc-default-executor-0] INFO  impl.RoleInfo (RoleInfo.java:updateAndGet(143)) - d21ee1f1-33f6-483c-a18b-27782ce1915a: start FollowerState
2019-10-23 22:21:40,394 [Thread-297] INFO  impl.FollowerState (FollowerState.java:run(117)) - d21ee1f1-33f6-483c-a18b-27782ce1915a@group-F043E0AED0ED-FollowerState was interrupted: java.lang.InterruptedException: sleep interrupted
2019-10-23 22:21:40,404 [aed1b97f-105e-4684-b087-4b6333aa3ced@group-F043E0AED0ED-LeaderElection15] INFO  impl.LeaderElection (LeaderElection.java:logAndReturn(56)) - aed1b97f-105e-4684-b087-4b6333aa3ced@group-F043E0AED0ED-LeaderElection15: Election REJECTED; received 2 response(s) [aed1b97f-105e-4684-b087-4b6333aa3ced<-1c51b35f-55cb-4636-a00c-83d34bf2d9d4#0:FAIL-t11, aed1b97f-105e-4684-b087-4b6333aa3ced<-d21ee1f1-33f6-483c-a18b-27782ce1915a#0:FAIL-t11] and 0 exception(s); aed1b97f-105e-4684-b087-4b6333aa3ced@group-F043E0AED0ED:t11, leader=null, voted=aed1b97f-105e-4684-b087-4b6333aa3ced, raftlog=aed1b97f-105e-4684-b087-4b6333aa3ced@group-F043E0AED0ED-SegmentedRaftLog:OPENED:c-1,f-1,i0, conf=-1: [aed1b97f-105e-4684-b087-4b6333aa3ced:192.168.157.195:34943, 1c51b35f-55cb-4636-a00c-83d34bf2d9d4:192.168.157.195:34693, d21ee1f1-33f6-483c-a18b-27782ce1915a:192.168.157.195:46462], old=null
2019-10-23 22:21:40,405 [aed1b97f-105e-4684-b087-4b6333aa3ced@group-F043E0AED0ED-LeaderElection15] INFO  impl.RaftServerImpl (RaftServerImpl.java:setRole(184)) - aed1b97f-105e-4684-b087-4b6333aa3ced@group-F043E0AED0ED: changes role from CANDIDATE to FOLLOWER at term 11 for DISCOVERED_A_NEW_TERM
2019-10-23 22:21:40,405 [aed1b97f-105e-4684-b087-4b6333aa3ced@group-F043E0AED0ED-LeaderElection15] INFO  impl.RoleInfo (RoleInfo.java:shutdownLeaderElection(134)) - aed1b97f-105e-4684-b087-4b6333aa3ced: shutdown LeaderElection
2019-10-23 22:21:40,409 [aed1b97f-105e-4684-b087-4b6333aa3ced@group-F043E0AED0ED-LeaderElection15] INFO  impl.RoleInfo (RoleInfo.java:updateAndGet(143)) - aed1b97f-105e-4684-b087-4b6333aa3ced: start FollowerState
2019-10-23 22:21:40,508 [Thread-304] INFO  impl.FollowerState (FollowerState.java:run(108)) - aed1b97f-105e-4684-b087-4b6333aa3ced@group-F043E0AED0ED-FollowerState: change to CANDIDATE, lastRpcTime:99ms, electionTimeout:99ms
2019-10-23 22:21:40,509 [Thread-304] INFO  impl.RoleInfo (RoleInfo.java:shutdownFollowerState(121)) - aed1b97f-105e-4684-b087-4b6333aa3ced: shutdown FollowerState
2019-10-23 22:21:40,509 [Thread-304] INFO  impl.RaftServerImpl (RaftServerImpl.java:setRole(184)) - aed1b97f-105e-4684-b087-4b6333aa3ced@group-F043E0AED0ED: changes role from  FOLLOWER to CANDIDATE at term 11 for changeToCandidate
2019-10-23 22:21:40,509 [Thread-304] INFO  impl.RoleInfo (RoleInfo.java:updateAndGet(143)) - aed1b97f-105e-4684-b087-4b6333aa3ced: start LeaderElection
2019-10-23 22:21:40,512 [Thread-287] INFO  impl.MetricsSystemImpl (MetricsSystemImpl.java:init(158)) - XceiverClientMetrics metrics system started (again)
2019-10-23 22:21:40,524 [aed1b97f-105e-4684-b087-4b6333aa3ced@group-F043E0AED0ED-LeaderElection16] INFO  impl.LeaderElection (LeaderElection.java:askForVotes(178)) - aed1b97f-105e-4684-b087-4b6333aa3ced@group-F043E0AED0ED-LeaderElection16: begin an election at term 12 for -1: [aed1b97f-105e-4684-b087-4b6333aa3ced:192.168.157.195:34943, 1c51b35f-55cb-4636-a00c-83d34bf2d9d4:192.168.157.195:34693, d21ee1f1-33f6-483c-a18b-27782ce1915a:192.168.157.195:46462], old=null
2019-10-23 22:21:40,529 [grpc-default-executor-4] INFO  impl.RaftServerImpl (RaftServerImpl.java:setRole(184)) - 1c51b35f-55cb-4636-a00c-83d34bf2d9d4@group-F043E0AED0ED: changes role from  FOLLOWER to FOLLOWER at term 12 for recognizeCandidate:aed1b97f-105e-4684-b087-4b6333aa3ced
2019-10-23 22:21:40,529 [grpc-default-executor-4] INFO  impl.RoleInfo (RoleInfo.java:shutdownFollowerState(121)) - 1c51b35f-55cb-4636-a00c-83d34bf2d9d4: shutdown FollowerState
2019-10-23 22:21:40,529 [Thread-302] INFO  impl.FollowerState (FollowerState.java:run(117)) - 1c51b35f-55cb-4636-a00c-83d34bf2d9d4@group-F043E0AED0ED-FollowerState was interrupted: java.lang.InterruptedException: sleep interrupted
2019-10-23 22:21:40,530 [grpc-default-executor-0] INFO  impl.RaftServerImpl (RaftServerImpl.java:setRole(184)) - d21ee1f1-33f6-483c-a18b-27782ce1915a@group-F043E0AED0ED: changes role from  FOLLOWER to FOLLOWER at term 12 for recognizeCandidate:aed1b97f-105e-4684-b087-4b6333aa3ced
2019-10-23 22:21:40,529 [grpc-default-executor-4] INFO  impl.RoleInfo (RoleInfo.java:updateAndGet(143)) - 1c51b35f-55cb-4636-a00c-83d34bf2d9d4: start FollowerState
2019-10-23 22:21:40,532 [grpc-default-executor-0] INFO  impl.RoleInfo (RoleInfo.java:shutdownFollowerState(121)) - d21ee1f1-33f6-483c-a18b-27782ce1915a: shutdown FollowerState
2019-10-23 22:21:40,532 [Thread-303] INFO  impl.FollowerState (FollowerState.java:run(117)) - d21ee1f1-33f6-483c-a18b-27782ce1915a@group-F043E0AED0ED-FollowerState was interrupted: java.lang.InterruptedException: sleep interrupted
2019-10-23 22:21:40,532 [grpc-default-executor-0] INFO  impl.RoleInfo (RoleInfo.java:updateAndGet(143)) - d21ee1f1-33f6-483c-a18b-27782ce1915a: start FollowerState
2019-10-23 22:21:40,537 [aed1b97f-105e-4684-b087-4b6333aa3ced@group-F043E0AED0ED-LeaderElection16] INFO  impl.LeaderElection (LeaderElection.java:logAndReturn(56)) - aed1b97f-105e-4684-b087-4b6333aa3ced@group-F043E0AED0ED-LeaderElection16: Election TIMEOUT; received 0 response(s) [] and 0 exception(s); aed1b97f-105e-4684-b087-4b6333aa3ced@group-F043E0AED0ED:t12, leader=null, voted=aed1b97f-105e-4684-b087-4b6333aa3ced, raftlog=aed1b97f-105e-4684-b087-4b6333aa3ced@group-F043E0AED0ED-SegmentedRaftLog:OPENED:c-1,f-1,i0, conf=-1: [aed1b97f-105e-4684-b087-4b6333aa3ced:192.168.157.195:34943, 1c51b35f-55cb-4636-a00c-83d34bf2d9d4:192.168.157.195:34693, d21ee1f1-33f6-483c-a18b-27782ce1915a:192.168.157.195:46462], old=null
2019-10-23 22:21:40,558 [aed1b97f-105e-4684-b087-4b6333aa3ced@group-F043E0AED0ED-LeaderElection16] INFO  impl.LeaderElection (LeaderElection.java:askForVotes(178)) - aed1b97f-105e-4684-b087-4b6333aa3ced@group-F043E0AED0ED-LeaderElection16: begin an election at term 13 for -1: [aed1b97f-105e-4684-b087-4b6333aa3ced:192.168.157.195:34943, 1c51b35f-55cb-4636-a00c-83d34bf2d9d4:192.168.157.195:34693, d21ee1f1-33f6-483c-a18b-27782ce1915a:192.168.157.195:46462], old=null
2019-10-23 22:21:40,565 [grpc-default-executor-0] INFO  impl.RaftServerImpl (RaftServerImpl.java:setRole(184)) - 1c51b35f-55cb-4636-a00c-83d34bf2d9d4@group-F043E0AED0ED: changes role from  FOLLOWER to FOLLOWER at term 13 for recognizeCandidate:aed1b97f-105e-4684-b087-4b6333aa3ced
2019-10-23 22:21:40,566 [grpc-default-executor-0] INFO  impl.RoleInfo (RoleInfo.java:shutdownFollowerState(121)) - 1c51b35f-55cb-4636-a00c-83d34bf2d9d4: shutdown FollowerState
2019-10-23 22:21:40,566 [Thread-308] INFO  impl.FollowerState (FollowerState.java:run(117)) - 1c51b35f-55cb-4636-a00c-83d34bf2d9d4@group-F043E0AED0ED-FollowerState was interrupted: java.lang.InterruptedException: sleep interrupted
2019-10-23 22:21:40,566 [grpc-default-executor-0] INFO  impl.RoleInfo (RoleInfo.java:updateAndGet(143)) - 1c51b35f-55cb-4636-a00c-83d34bf2d9d4: start FollowerState
2019-10-23 22:21:40,568 [grpc-default-executor-4] INFO  impl.RaftServerImpl (RaftServerImpl.java:setRole(184)) - d21ee1f1-33f6-483c-a18b-27782ce1915a@group-F043E0AED0ED: changes role from  FOLLOWER to FOLLOWER at term 13 for recognizeCandidate:aed1b97f-105e-4684-b087-4b6333aa3ced
2019-10-23 22:21:40,568 [grpc-default-executor-4] INFO  impl.RoleInfo (RoleInfo.java:shutdownFollowerState(121)) - d21ee1f1-33f6-483c-a18b-27782ce1915a: shutdown FollowerState
2019-10-23 22:21:40,568 [grpc-default-executor-4] INFO  impl.RoleInfo (RoleInfo.java:updateAndGet(143)) - d21ee1f1-33f6-483c-a18b-27782ce1915a: start FollowerState
2019-10-23 22:21:40,568 [Thread-309] INFO  impl.FollowerState (FollowerState.java:run(117)) - d21ee1f1-33f6-483c-a18b-27782ce1915a@group-F043E0AED0ED-FollowerState was interrupted: java.lang.InterruptedException: sleep interrupted
2019-10-23 22:21:40,595 [aed1b97f-105e-4684-b087-4b6333aa3ced@group-F043E0AED0ED-LeaderElection16] INFO  impl.LeaderElection (LeaderElection.java:logAndReturn(56)) - aed1b97f-105e-4684-b087-4b6333aa3ced@group-F043E0AED0ED-LeaderElection16: Election REJECTED; received 2 response(s) [aed1b97f-105e-4684-b087-4b6333aa3ced<-1c51b35f-55cb-4636-a00c-83d34bf2d9d4#0:FAIL-t13, aed1b97f-105e-4684-b087-4b6333aa3ced<-d21ee1f1-33f6-483c-a18b-27782ce1915a#0:FAIL-t13] and 0 exception(s); aed1b97f-105e-4684-b087-4b6333aa3ced@group-F043E0AED0ED:t13, leader=null, voted=aed1b97f-105e-4684-b087-4b6333aa3ced, raftlog=aed1b97f-105e-4684-b087-4b6333aa3ced@group-F043E0AED0ED-SegmentedRaftLog:OPENED:c-1,f-1,i0, conf=-1: [aed1b97f-105e-4684-b087-4b6333aa3ced:192.168.157.195:34943, 1c51b35f-55cb-4636-a00c-83d34bf2d9d4:192.168.157.195:34693, d21ee1f1-33f6-483c-a18b-27782ce1915a:192.168.157.195:46462], old=null
2019-10-23 22:21:40,595 [aed1b97f-105e-4684-b087-4b6333aa3ced@group-F043E0AED0ED-LeaderElection16] INFO  impl.RaftServerImpl (RaftServerImpl.java:setRole(184)) - aed1b97f-105e-4684-b087-4b6333aa3ced@group-F043E0AED0ED: changes role from CANDIDATE to FOLLOWER at term 13 for DISCOVERED_A_NEW_TERM
2019-10-23 22:21:40,595 [aed1b97f-105e-4684-b087-4b6333aa3ced@group-F043E0AED0ED-LeaderElection16] INFO  impl.RoleInfo (RoleInfo.java:shutdownLeaderElection(134)) - aed1b97f-105e-4684-b087-4b6333aa3ced: shutdown LeaderElection
2019-10-23 22:21:40,596 [aed1b97f-105e-4684-b087-4b6333aa3ced@group-F043E0AED0ED-LeaderElection16] INFO  impl.RoleInfo (RoleInfo.java:updateAndGet(143)) - aed1b97f-105e-4684-b087-4b6333aa3ced: start FollowerState
2019-10-23 22:21:40,721 [Thread-315] INFO  impl.FollowerState (FollowerState.java:run(108)) - aed1b97f-105e-4684-b087-4b6333aa3ced@group-F043E0AED0ED-FollowerState: change to CANDIDATE, lastRpcTime:122ms, electionTimeout:121ms
2019-10-23 22:21:40,727 [Thread-315] INFO  impl.RoleInfo (RoleInfo.java:shutdownFollowerState(121)) - aed1b97f-105e-4684-b087-4b6333aa3ced: shutdown FollowerState
2019-10-23 22:21:40,727 [Thread-315] INFO  impl.RaftServerImpl (RaftServerImpl.java:setRole(184)) - aed1b97f-105e-4684-b087-4b6333aa3ced@group-F043E0AED0ED: changes role from  FOLLOWER to CANDIDATE at term 13 for changeToCandidate
2019-10-23 22:21:40,733 [Thread-315] INFO  impl.RoleInfo (RoleInfo.java:updateAndGet(143)) - aed1b97f-105e-4684-b087-4b6333aa3ced: start LeaderElection
2019-10-23 22:21:40,760 [aed1b97f-105e-4684-b087-4b6333aa3ced@group-F043E0AED0ED-LeaderElection17] INFO  impl.LeaderElection (LeaderElection.java:askForVotes(178)) - aed1b97f-105e-4684-b087-4b6333aa3ced@group-F043E0AED0ED-LeaderElection17: begin an election at term 14 for -1: [aed1b97f-105e-4684-b087-4b6333aa3ced:192.168.157.195:34943, 1c51b35f-55cb-4636-a00c-83d34bf2d9d4:192.168.157.195:34693, d21ee1f1-33f6-483c-a18b-27782ce1915a:192.168.157.195:46462], old=null
2019-10-23 22:21:40,778 [grpc-default-executor-3] INFO  impl.RaftServerImpl (RaftServerImpl.java:setRole(184)) - 1c51b35f-55cb-4636-a00c-83d34bf2d9d4@group-F043E0AED0ED: changes role from  FOLLOWER to FOLLOWER at term 14 for recognizeCandidate:aed1b97f-105e-4684-b087-4b6333aa3ced
2019-10-23 22:21:40,778 [grpc-default-executor-3] INFO  impl.RoleInfo (RoleInfo.java:shutdownFollowerState(121)) - 1c51b35f-55cb-4636-a00c-83d34bf2d9d4: shutdown FollowerState
2019-10-23 22:21:40,778 [grpc-default-executor-4] INFO  impl.RaftServerImpl (RaftServerImpl.java:setRole(184)) - d21ee1f1-33f6-483c-a18b-27782ce1915a@group-F043E0AED0ED: changes role from  FOLLOWER to FOLLOWER at term 14 for recognizeCandidate:aed1b97f-105e-4684-b087-4b6333aa3ced
2019-10-23 22:21:40,778 [Thread-312] INFO  impl.FollowerState (FollowerState.java:run(117)) - 1c51b35f-55cb-4636-a00c-83d34bf2d9d4@group-F043E0AED0ED-FollowerState was interrupted: java.lang.InterruptedException: sleep interrupted
2019-10-23 22:21:40,778 [grpc-default-executor-3] INFO  impl.RoleInfo (RoleInfo.java:updateAndGet(143)) - 1c51b35f-55cb-4636-a00c-83d34bf2d9d4: start FollowerState
2019-10-23 22:21:40,778 [grpc-default-executor-4] INFO  impl.RoleInfo (RoleInfo.java:shutdownFollowerState(121)) - d21ee1f1-33f6-483c-a18b-27782ce1915a: shutdown FollowerState
2019-10-23 22:21:40,781 [Thread-313] INFO  impl.FollowerState (FollowerState.java:run(117)) - d21ee1f1-33f6-483c-a18b-27782ce1915a@group-F043E0AED0ED-FollowerState was interrupted: java.lang.InterruptedException: sleep interrupted
2019-10-23 22:21:40,781 [grpc-default-executor-4] INFO  impl.RoleInfo (RoleInfo.java:updateAndGet(143)) - d21ee1f1-33f6-483c-a18b-27782ce1915a: start FollowerState
2019-10-23 22:21:40,782 [Thread-200] INFO  container.ReplicationManager (ReplicationManager.java:start(162)) - Starting Replication Monitor Thread.
2019-10-23 22:21:40,787 [ReplicationMonitor] INFO  container.ReplicationManager (ReplicationManager.java:run(225)) - Replication Monitor Thread took 3 milliseconds for processing 1 containers.
2019-10-23 22:21:40,795 [aed1b97f-105e-4684-b087-4b6333aa3ced@group-F043E0AED0ED-LeaderElection17] INFO  impl.LeaderElection (LeaderElection.java:logAndReturn(56)) - aed1b97f-105e-4684-b087-4b6333aa3ced@group-F043E0AED0ED-LeaderElection17: Election REJECTED; received 2 response(s) [aed1b97f-105e-4684-b087-4b6333aa3ced<-1c51b35f-55cb-4636-a00c-83d34bf2d9d4#0:FAIL-t14, aed1b97f-105e-4684-b087-4b6333aa3ced<-d21ee1f1-33f6-483c-a18b-27782ce1915a#0:FAIL-t14] and 0 exception(s); aed1b97f-105e-4684-b087-4b6333aa3ced@group-F043E0AED0ED:t14, leader=null, voted=aed1b97f-105e-4684-b087-4b6333aa3ced, raftlog=aed1b97f-105e-4684-b087-4b6333aa3ced@group-F043E0AED0ED-SegmentedRaftLog:OPENED:c-1,f-1,i0, conf=-1: [aed1b97f-105e-4684-b087-4b6333aa3ced:192.168.157.195:34943, 1c51b35f-55cb-4636-a00c-83d34bf2d9d4:192.168.157.195:34693, d21ee1f1-33f6-483c-a18b-27782ce1915a:192.168.157.195:46462], old=null
2019-10-23 22:21:40,795 [aed1b97f-105e-4684-b087-4b6333aa3ced@group-F043E0AED0ED-LeaderElection17] INFO  impl.RaftServerImpl (RaftServerImpl.java:setRole(184)) - aed1b97f-105e-4684-b087-4b6333aa3ced@group-F043E0AED0ED: changes role from CANDIDATE to FOLLOWER at term 14 for DISCOVERED_A_NEW_TERM
2019-10-23 22:21:40,795 [aed1b97f-105e-4684-b087-4b6333aa3ced@group-F043E0AED0ED-LeaderElection17] INFO  impl.RoleInfo (RoleInfo.java:shutdownLeaderElection(134)) - aed1b97f-105e-4684-b087-4b6333aa3ced: shutdown LeaderElection
2019-10-23 22:21:40,796 [aed1b97f-105e-4684-b087-4b6333aa3ced@group-F043E0AED0ED-LeaderElection17] INFO  impl.RoleInfo (RoleInfo.java:updateAndGet(143)) - aed1b97f-105e-4684-b087-4b6333aa3ced: start FollowerState
2019-10-23 22:21:40,877 [Thread-324] INFO  impl.FollowerState (FollowerState.java:run(108)) - aed1b97f-105e-4684-b087-4b6333aa3ced@group-F043E0AED0ED-FollowerState: change to CANDIDATE, lastRpcTime:81ms, electionTimeout:81ms
2019-10-23 22:21:40,878 [Thread-324] INFO  impl.RoleInfo (RoleInfo.java:shutdownFollowerState(121)) - aed1b97f-105e-4684-b087-4b6333aa3ced: shutdown FollowerState
2019-10-23 22:21:40,879 [Thread-324] INFO  impl.RaftServerImpl (RaftServerImpl.java:setRole(184)) - aed1b97f-105e-4684-b087-4b6333aa3ced@group-F043E0AED0ED: changes role from  FOLLOWER to CANDIDATE at term 14 for changeToCandidate
2019-10-23 22:21:40,879 [Thread-324] INFO  impl.RoleInfo (RoleInfo.java:updateAndGet(143)) - aed1b97f-105e-4684-b087-4b6333aa3ced: start LeaderElection
2019-10-23 22:21:40,925 [aed1b97f-105e-4684-b087-4b6333aa3ced@group-F043E0AED0ED-LeaderElection18] INFO  impl.LeaderElection (LeaderElection.java:askForVotes(178)) - aed1b97f-105e-4684-b087-4b6333aa3ced@group-F043E0AED0ED-LeaderElection18: begin an election at term 15 for -1: [aed1b97f-105e-4684-b087-4b6333aa3ced:192.168.157.195:34943, 1c51b35f-55cb-4636-a00c-83d34bf2d9d4:192.168.157.195:34693, d21ee1f1-33f6-483c-a18b-27782ce1915a:192.168.157.195:46462], old=null
2019-10-23 22:21:40,936 [grpc-default-executor-4] INFO  impl.RaftServerImpl (RaftServerImpl.java:setRole(184)) - 1c51b35f-55cb-4636-a00c-83d34bf2d9d4@group-F043E0AED0ED: changes role from  FOLLOWER to FOLLOWER at term 15 for recognizeCandidate:aed1b97f-105e-4684-b087-4b6333aa3ced
2019-10-23 22:21:40,936 [grpc-default-executor-3] INFO  impl.RaftServerImpl (RaftServerImpl.java:setRole(184)) - d21ee1f1-33f6-483c-a18b-27782ce1915a@group-F043E0AED0ED: changes role from  FOLLOWER to FOLLOWER at term 15 for recognizeCandidate:aed1b97f-105e-4684-b087-4b6333aa3ced
2019-10-23 22:21:40,936 [grpc-default-executor-4] INFO  impl.RoleInfo (RoleInfo.java:shutdownFollowerState(121)) - 1c51b35f-55cb-4636-a00c-83d34bf2d9d4: shutdown FollowerState
2019-10-23 22:21:40,937 [grpc-default-executor-3] INFO  impl.RoleInfo (RoleInfo.java:shutdownFollowerState(121)) - d21ee1f1-33f6-483c-a18b-27782ce1915a: shutdown FollowerState
2019-10-23 22:21:40,937 [Thread-321] INFO  impl.FollowerState (FollowerState.java:run(117)) - 1c51b35f-55cb-4636-a00c-83d34bf2d9d4@group-F043E0AED0ED-FollowerState was interrupted: java.lang.InterruptedException: sleep interrupted
2019-10-23 22:21:40,937 [grpc-default-executor-4] INFO  impl.RoleInfo (RoleInfo.java:updateAndGet(143)) - 1c51b35f-55cb-4636-a00c-83d34bf2d9d4: start FollowerState
2019-10-23 22:21:40,937 [Thread-322] INFO  impl.FollowerState (FollowerState.java:run(117)) - d21ee1f1-33f6-483c-a18b-27782ce1915a@group-F043E0AED0ED-FollowerState was interrupted: java.lang.InterruptedException: sleep interrupted
2019-10-23 22:21:40,937 [grpc-default-executor-3] INFO  impl.RoleInfo (RoleInfo.java:updateAndGet(143)) - d21ee1f1-33f6-483c-a18b-27782ce1915a: start FollowerState
2019-10-23 22:21:40,954 [aed1b97f-105e-4684-b087-4b6333aa3ced@group-F043E0AED0ED-LeaderElection18] INFO  impl.LeaderElection (LeaderElection.java:logAndReturn(56)) - aed1b97f-105e-4684-b087-4b6333aa3ced@group-F043E0AED0ED-LeaderElection18: Election REJECTED; received 2 response(s) [aed1b97f-105e-4684-b087-4b6333aa3ced<-1c51b35f-55cb-4636-a00c-83d34bf2d9d4#0:FAIL-t15, aed1b97f-105e-4684-b087-4b6333aa3ced<-d21ee1f1-33f6-483c-a18b-27782ce1915a#0:FAIL-t15] and 0 exception(s); aed1b97f-105e-4684-b087-4b6333aa3ced@group-F043E0AED0ED:t15, leader=null, voted=aed1b97f-105e-4684-b087-4b6333aa3ced, raftlog=aed1b97f-105e-4684-b087-4b6333aa3ced@group-F043E0AED0ED-SegmentedRaftLog:OPENED:c-1,f-1,i0, conf=-1: [aed1b97f-105e-4684-b087-4b6333aa3ced:192.168.157.195:34943, 1c51b35f-55cb-4636-a00c-83d34bf2d9d4:192.168.157.195:34693, d21ee1f1-33f6-483c-a18b-27782ce1915a:192.168.157.195:46462], old=null
2019-10-23 22:21:40,954 [aed1b97f-105e-4684-b087-4b6333aa3ced@group-F043E0AED0ED-LeaderElection18] INFO  impl.RaftServerImpl (RaftServerImpl.java:setRole(184)) - aed1b97f-105e-4684-b087-4b6333aa3ced@group-F043E0AED0ED: changes role from CANDIDATE to FOLLOWER at term 15 for DISCOVERED_A_NEW_TERM
2019-10-23 22:21:40,954 [aed1b97f-105e-4684-b087-4b6333aa3ced@group-F043E0AED0ED-LeaderElection18] INFO  impl.RoleInfo (RoleInfo.java:shutdownLeaderElection(134)) - aed1b97f-105e-4684-b087-4b6333aa3ced: shutdown LeaderElection
2019-10-23 22:21:40,955 [aed1b97f-105e-4684-b087-4b6333aa3ced@group-F043E0AED0ED-LeaderElection18] INFO  impl.RoleInfo (RoleInfo.java:updateAndGet(143)) - aed1b97f-105e-4684-b087-4b6333aa3ced: start FollowerState
2019-10-23 22:21:41,120 [Thread-330] INFO  impl.FollowerState (FollowerState.java:run(108)) - aed1b97f-105e-4684-b087-4b6333aa3ced@group-F043E0AED0ED-FollowerState: change to CANDIDATE, lastRpcTime:165ms, electionTimeout:165ms
2019-10-23 22:21:41,122 [Thread-330] INFO  impl.RoleInfo (RoleInfo.java:shutdownFollowerState(121)) - aed1b97f-105e-4684-b087-4b6333aa3ced: shutdown FollowerState
2019-10-23 22:21:41,123 [Thread-330] INFO  impl.RaftServerImpl (RaftServerImpl.java:setRole(184)) - aed1b97f-105e-4684-b087-4b6333aa3ced@group-F043E0AED0ED: changes role from  FOLLOWER to CANDIDATE at term 15 for changeToCandidate
2019-10-23 22:21:41,123 [Thread-330] INFO  impl.RoleInfo (RoleInfo.java:updateAndGet(143)) - aed1b97f-105e-4684-b087-4b6333aa3ced: start LeaderElection
2019-10-23 22:21:41,149 [aed1b97f-105e-4684-b087-4b6333aa3ced@group-F043E0AED0ED-LeaderElection19] INFO  impl.LeaderElection (LeaderElection.java:askForVotes(178)) - aed1b97f-105e-4684-b087-4b6333aa3ced@group-F043E0AED0ED-LeaderElection19: begin an election at term 16 for -1: [aed1b97f-105e-4684-b087-4b6333aa3ced:192.168.157.195:34943, 1c51b35f-55cb-4636-a00c-83d34bf2d9d4:192.168.157.195:34693, d21ee1f1-33f6-483c-a18b-27782ce1915a:192.168.157.195:46462], old=null
2019-10-23 22:21:41,153 [grpc-default-executor-4] INFO  impl.RaftServerImpl (RaftServerImpl.java:setRole(184)) - 1c51b35f-55cb-4636-a00c-83d34bf2d9d4@group-F043E0AED0ED: changes role from  FOLLOWER to FOLLOWER at term 16 for recognizeCandidate:aed1b97f-105e-4684-b087-4b6333aa3ced
2019-10-23 22:21:41,153 [grpc-default-executor-4] INFO  impl.RoleInfo (RoleInfo.java:shutdownFollowerState(121)) - 1c51b35f-55cb-4636-a00c-83d34bf2d9d4: shutdown FollowerState
2019-10-23 22:21:41,153 [grpc-default-executor-3] INFO  impl.RaftServerImpl (RaftServerImpl.java:setRole(184)) - d21ee1f1-33f6-483c-a18b-27782ce1915a@group-F043E0AED0ED: changes role from  FOLLOWER to FOLLOWER at term 16 for recognizeCandidate:aed1b97f-105e-4684-b087-4b6333aa3ced
2019-10-23 22:21:41,153 [Thread-328] INFO  impl.FollowerState (FollowerState.java:run(117)) - 1c51b35f-55cb-4636-a00c-83d34bf2d9d4@group-F043E0AED0ED-FollowerState was interrupted: java.lang.InterruptedException: sleep interrupted
2019-10-23 22:21:41,153 [grpc-default-executor-4] INFO  impl.RoleInfo (RoleInfo.java:updateAndGet(143)) - 1c51b35f-55cb-4636-a00c-83d34bf2d9d4: start FollowerState
2019-10-23 22:21:41,153 [grpc-default-executor-3] INFO  impl.RoleInfo (RoleInfo.java:shutdownFollowerState(121)) - d21ee1f1-33f6-483c-a18b-27782ce1915a: shutdown FollowerState
2019-10-23 22:21:41,154 [Thread-329] INFO  impl.FollowerState (FollowerState.java:run(117)) - d21ee1f1-33f6-483c-a18b-27782ce1915a@group-F043E0AED0ED-FollowerState was interrupted: java.lang.InterruptedException: sleep interrupted
2019-10-23 22:21:41,154 [grpc-default-executor-3] INFO  impl.RoleInfo (RoleInfo.java:updateAndGet(143)) - d21ee1f1-33f6-483c-a18b-27782ce1915a: start FollowerState
2019-10-23 22:21:41,168 [aed1b97f-105e-4684-b087-4b6333aa3ced@group-F043E0AED0ED-LeaderElection19] INFO  impl.LeaderElection (LeaderElection.java:logAndReturn(56)) - aed1b97f-105e-4684-b087-4b6333aa3ced@group-F043E0AED0ED-LeaderElection19: Election REJECTED; received 2 response(s) [aed1b97f-105e-4684-b087-4b6333aa3ced<-1c51b35f-55cb-4636-a00c-83d34bf2d9d4#0:FAIL-t16, aed1b97f-105e-4684-b087-4b6333aa3ced<-d21ee1f1-33f6-483c-a18b-27782ce1915a#0:FAIL-t16] and 0 exception(s); aed1b97f-105e-4684-b087-4b6333aa3ced@group-F043E0AED0ED:t16, leader=null, voted=aed1b97f-105e-4684-b087-4b6333aa3ced, raftlog=aed1b97f-105e-4684-b087-4b6333aa3ced@group-F043E0AED0ED-SegmentedRaftLog:OPENED:c-1,f-1,i0, conf=-1: [aed1b97f-105e-4684-b087-4b6333aa3ced:192.168.157.195:34943, 1c51b35f-55cb-4636-a00c-83d34bf2d9d4:192.168.157.195:34693, d21ee1f1-33f6-483c-a18b-27782ce1915a:192.168.157.195:46462], old=null
2019-10-23 22:21:41,169 [aed1b97f-105e-4684-b087-4b6333aa3ced@group-F043E0AED0ED-LeaderElection19] INFO  impl.RaftServerImpl (RaftServerImpl.java:setRole(184)) - aed1b97f-105e-4684-b087-4b6333aa3ced@group-F043E0AED0ED: changes role from CANDIDATE to FOLLOWER at term 16 for DISCOVERED_A_NEW_TERM
2019-10-23 22:21:41,169 [aed1b97f-105e-4684-b087-4b6333aa3ced@group-F043E0AED0ED-LeaderElection19] INFO  impl.RoleInfo (RoleInfo.java:shutdownLeaderElection(134)) - aed1b97f-105e-4684-b087-4b6333aa3ced: shutdown LeaderElection
2019-10-23 22:21:41,169 [aed1b97f-105e-4684-b087-4b6333aa3ced@group-F043E0AED0ED-LeaderElection19] INFO  impl.RoleInfo (RoleInfo.java:updateAndGet(143)) - aed1b97f-105e-4684-b087-4b6333aa3ced: start FollowerState
2019-10-23 22:21:41,354 [Thread-336] INFO  impl.FollowerState (FollowerState.java:run(108)) - aed1b97f-105e-4684-b087-4b6333aa3ced@group-F043E0AED0ED-FollowerState: change to CANDIDATE, lastRpcTime:185ms, electionTimeout:185ms
2019-10-23 22:21:41,357 [Thread-336] INFO  impl.RoleInfo (RoleInfo.java:shutdownFollowerState(121)) - aed1b97f-105e-4684-b087-4b6333aa3ced: shutdown FollowerState
2019-10-23 22:21:41,357 [Thread-336] INFO  impl.RaftServerImpl (RaftServerImpl.java:setRole(184)) - aed1b97f-105e-4684-b087-4b6333aa3ced@group-F043E0AED0ED: changes role from  FOLLOWER to CANDIDATE at term 16 for changeToCandidate
2019-10-23 22:21:41,357 [Thread-336] INFO  impl.RoleInfo (RoleInfo.java:updateAndGet(143)) - aed1b97f-105e-4684-b087-4b6333aa3ced: start LeaderElection
2019-10-23 22:21:41,383 [aed1b97f-105e-4684-b087-4b6333aa3ced@group-F043E0AED0ED-LeaderElection20] INFO  impl.LeaderElection (LeaderElection.java:askForVotes(178)) - aed1b97f-105e-4684-b087-4b6333aa3ced@group-F043E0AED0ED-LeaderElection20: begin an election at term 17 for -1: [aed1b97f-105e-4684-b087-4b6333aa3ced:192.168.157.195:34943, 1c51b35f-55cb-4636-a00c-83d34bf2d9d4:192.168.157.195:34693, d21ee1f1-33f6-483c-a18b-27782ce1915a:192.168.157.195:46462], old=null
2019-10-23 22:21:41,389 [grpc-default-executor-4] INFO  impl.RaftServerImpl (RaftServerImpl.java:setRole(184)) - 1c51b35f-55cb-4636-a00c-83d34bf2d9d4@group-F043E0AED0ED: changes role from  FOLLOWER to FOLLOWER at term 17 for recognizeCandidate:aed1b97f-105e-4684-b087-4b6333aa3ced
2019-10-23 22:21:41,389 [grpc-default-executor-3] INFO  impl.RaftServerImpl (RaftServerImpl.java:setRole(184)) - d21ee1f1-33f6-483c-a18b-27782ce1915a@group-F043E0AED0ED: changes role from  FOLLOWER to FOLLOWER at term 17 for recognizeCandidate:aed1b97f-105e-4684-b087-4b6333aa3ced
2019-10-23 22:21:41,389 [grpc-default-executor-4] INFO  impl.RoleInfo (RoleInfo.java:shutdownFollowerState(121)) - 1c51b35f-55cb-4636-a00c-83d34bf2d9d4: shutdown FollowerState
2019-10-23 22:21:41,390 [grpc-default-executor-3] INFO  impl.RoleInfo (RoleInfo.java:shutdownFollowerState(121)) - d21ee1f1-33f6-483c-a18b-27782ce1915a: shutdown FollowerState
2019-10-23 22:21:41,390 [Thread-334] INFO  impl.FollowerState (FollowerState.java:run(117)) - 1c51b35f-55cb-4636-a00c-83d34bf2d9d4@group-F043E0AED0ED-FollowerState was interrupted: java.lang.InterruptedException: sleep interrupted
2019-10-23 22:21:41,390 [grpc-default-executor-4] INFO  impl.RoleInfo (RoleInfo.java:updateAndGet(143)) - 1c51b35f-55cb-4636-a00c-83d34bf2d9d4: start FollowerState
2019-10-23 22:21:41,390 [Thread-335] INFO  impl.FollowerState (FollowerState.java:run(117)) - d21ee1f1-33f6-483c-a18b-27782ce1915a@group-F043E0AED0ED-FollowerState was interrupted: java.lang.InterruptedException: sleep interrupted
2019-10-23 22:21:41,390 [grpc-default-executor-3] INFO  impl.RoleInfo (RoleInfo.java:updateAndGet(143)) - d21ee1f1-33f6-483c-a18b-27782ce1915a: start FollowerState
2019-10-23 22:21:41,402 [aed1b97f-105e-4684-b087-4b6333aa3ced@group-F043E0AED0ED-LeaderElection20] INFO  impl.LeaderElection (LeaderElection.java:logAndReturn(56)) - aed1b97f-105e-4684-b087-4b6333aa3ced@group-F043E0AED0ED-LeaderElection20: Election REJECTED; received 2 response(s) [aed1b97f-105e-4684-b087-4b6333aa3ced<-1c51b35f-55cb-4636-a00c-83d34bf2d9d4#0:FAIL-t17, aed1b97f-105e-4684-b087-4b6333aa3ced<-d21ee1f1-33f6-483c-a18b-27782ce1915a#0:FAIL-t17] and 0 exception(s); aed1b97f-105e-4684-b087-4b6333aa3ced@group-F043E0AED0ED:t17, leader=null, voted=aed1b97f-105e-4684-b087-4b6333aa3ced, raftlog=aed1b97f-105e-4684-b087-4b6333aa3ced@group-F043E0AED0ED-SegmentedRaftLog:OPENED:c-1,f-1,i0, conf=-1: [aed1b97f-105e-4684-b087-4b6333aa3ced:192.168.157.195:34943, 1c51b35f-55cb-4636-a00c-83d34bf2d9d4:192.168.157.195:34693, d21ee1f1-33f6-483c-a18b-27782ce1915a:192.168.157.195:46462], old=null
2019-10-23 22:21:41,403 [aed1b97f-105e-4684-b087-4b6333aa3ced@group-F043E0AED0ED-LeaderElection20] INFO  impl.RaftServerImpl (RaftServerImpl.java:setRole(184)) - aed1b97f-105e-4684-b087-4b6333aa3ced@group-F043E0AED0ED: changes role from CANDIDATE to FOLLOWER at term 17 for DISCOVERED_A_NEW_TERM
2019-10-23 22:21:41,403 [aed1b97f-105e-4684-b087-4b6333aa3ced@group-F043E0AED0ED-LeaderElection20] INFO  impl.RoleInfo (RoleInfo.java:shutdownLeaderElection(134)) - aed1b97f-105e-4684-b087-4b6333aa3ced: shutdown LeaderElection
2019-10-23 22:21:41,403 [aed1b97f-105e-4684-b087-4b6333aa3ced@group-F043E0AED0ED-LeaderElection20] INFO  impl.RoleInfo (RoleInfo.java:updateAndGet(143)) - aed1b97f-105e-4684-b087-4b6333aa3ced: start FollowerState
2019-10-23 22:21:41,573 [Thread-342] INFO  impl.FollowerState (FollowerState.java:run(108)) - aed1b97f-105e-4684-b087-4b6333aa3ced@group-F043E0AED0ED-FollowerState: change to CANDIDATE, lastRpcTime:170ms, electionTimeout:170ms
2019-10-23 22:21:41,575 [Thread-342] INFO  impl.RoleInfo (RoleInfo.java:shutdownFollowerState(121)) - aed1b97f-105e-4684-b087-4b6333aa3ced: shutdown FollowerState
2019-10-23 22:21:41,575 [Thread-342] INFO  impl.RaftServerImpl (RaftServerImpl.java:setRole(184)) - aed1b97f-105e-4684-b087-4b6333aa3ced@group-F043E0AED0ED: changes role from  FOLLOWER to CANDIDATE at term 17 for changeToCandidate
2019-10-23 22:21:41,575 [Thread-342] INFO  impl.RoleInfo (RoleInfo.java:updateAndGet(143)) - aed1b97f-105e-4684-b087-4b6333aa3ced: start LeaderElection
2019-10-23 22:21:41,589 [aed1b97f-105e-4684-b087-4b6333aa3ced@group-F043E0AED0ED-LeaderElection21] INFO  impl.LeaderElection (LeaderElection.java:askForVotes(178)) - aed1b97f-105e-4684-b087-4b6333aa3ced@group-F043E0AED0ED-LeaderElection21: begin an election at term 18 for -1: [aed1b97f-105e-4684-b087-4b6333aa3ced:192.168.157.195:34943, 1c51b35f-55cb-4636-a00c-83d34bf2d9d4:192.168.157.195:34693, d21ee1f1-33f6-483c-a18b-27782ce1915a:192.168.157.195:46462], old=null
2019-10-23 22:21:41,594 [grpc-default-executor-3] INFO  impl.RaftServerImpl (RaftServerImpl.java:setRole(184)) - 1c51b35f-55cb-4636-a00c-83d34bf2d9d4@group-F043E0AED0ED: changes role from  FOLLOWER to FOLLOWER at term 18 for recognizeCandidate:aed1b97f-105e-4684-b087-4b6333aa3ced
2019-10-23 22:21:41,594 [grpc-default-executor-4] INFO  impl.RaftServerImpl (RaftServerImpl.java:setRole(184)) - d21ee1f1-33f6-483c-a18b-27782ce1915a@group-F043E0AED0ED: changes role from  FOLLOWER to FOLLOWER at term 18 for recognizeCandidate:aed1b97f-105e-4684-b087-4b6333aa3ced
2019-10-23 22:21:41,594 [grpc-default-executor-3] INFO  impl.RoleInfo (RoleInfo.java:shutdownFollowerState(121)) - 1c51b35f-55cb-4636-a00c-83d34bf2d9d4: shutdown FollowerState
2019-10-23 22:21:41,594 [grpc-default-executor-4] INFO  impl.RoleInfo (RoleInfo.java:shutdownFollowerState(121)) - d21ee1f1-33f6-483c-a18b-27782ce1915a: shutdown FollowerState
2019-10-23 22:21:41,594 [Thread-340] INFO  impl.FollowerState (FollowerState.java:run(117)) - 1c51b35f-55cb-4636-a00c-83d34bf2d9d4@group-F043E0AED0ED-FollowerState was interrupted: java.lang.InterruptedException: sleep interrupted
2019-10-23 22:21:41,595 [grpc-default-executor-4] INFO  impl.RoleInfo (RoleInfo.java:updateAndGet(143)) - d21ee1f1-33f6-483c-a18b-27782ce1915a: start FollowerState
2019-10-23 22:21:41,594 [grpc-default-executor-3] INFO  impl.RoleInfo (RoleInfo.java:updateAndGet(143)) - 1c51b35f-55cb-4636-a00c-83d34bf2d9d4: start FollowerState
2019-10-23 22:21:41,595 [Thread-341] INFO  impl.FollowerState (FollowerState.java:run(117)) - d21ee1f1-33f6-483c-a18b-27782ce1915a@group-F043E0AED0ED-FollowerState was interrupted: java.lang.InterruptedException: sleep interrupted
2019-10-23 22:21:41,627 [aed1b97f-105e-4684-b087-4b6333aa3ced@group-F043E0AED0ED-LeaderElection21] INFO  impl.LeaderElection (LeaderElection.java:logAndReturn(56)) - aed1b97f-105e-4684-b087-4b6333aa3ced@group-F043E0AED0ED-LeaderElection21: Election REJECTED; received 2 response(s) [aed1b97f-105e-4684-b087-4b6333aa3ced<-1c51b35f-55cb-4636-a00c-83d34bf2d9d4#0:FAIL-t18, aed1b97f-105e-4684-b087-4b6333aa3ced<-d21ee1f1-33f6-483c-a18b-27782ce1915a#0:FAIL-t18] and 0 exception(s); aed1b97f-105e-4684-b087-4b6333aa3ced@group-F043E0AED0ED:t18, leader=null, voted=aed1b97f-105e-4684-b087-4b6333aa3ced, raftlog=aed1b97f-105e-4684-b087-4b6333aa3ced@group-F043E0AED0ED-SegmentedRaftLog:OPENED:c-1,f-1,i0, conf=-1: [aed1b97f-105e-4684-b087-4b6333aa3ced:192.168.157.195:34943, 1c51b35f-55cb-4636-a00c-83d34bf2d9d4:192.168.157.195:34693, d21ee1f1-33f6-483c-a18b-27782ce1915a:192.168.157.195:46462], old=null
2019-10-23 22:21:41,627 [aed1b97f-105e-4684-b087-4b6333aa3ced@group-F043E0AED0ED-LeaderElection21] INFO  impl.RaftServerImpl (RaftServerImpl.java:setRole(184)) - aed1b97f-105e-4684-b087-4b6333aa3ced@group-F043E0AED0ED: changes role from CANDIDATE to FOLLOWER at term 18 for DISCOVERED_A_NEW_TERM
2019-10-23 22:21:41,627 [aed1b97f-105e-4684-b087-4b6333aa3ced@group-F043E0AED0ED-LeaderElection21] INFO  impl.RoleInfo (RoleInfo.java:shutdownLeaderElection(134)) - aed1b97f-105e-4684-b087-4b6333aa3ced: shutdown LeaderElection
2019-10-23 22:21:41,628 [aed1b97f-105e-4684-b087-4b6333aa3ced@group-F043E0AED0ED-LeaderElection21] INFO  impl.RoleInfo (RoleInfo.java:updateAndGet(143)) - aed1b97f-105e-4684-b087-4b6333aa3ced: start FollowerState
2019-10-23 22:21:41,772 [Thread-349] INFO  impl.FollowerState (FollowerState.java:run(108)) - aed1b97f-105e-4684-b087-4b6333aa3ced@group-F043E0AED0ED-FollowerState: change to CANDIDATE, lastRpcTime:143ms, electionTimeout:143ms
2019-10-23 22:21:41,773 [Thread-349] INFO  impl.RoleInfo (RoleInfo.java:shutdownFollowerState(121)) - aed1b97f-105e-4684-b087-4b6333aa3ced: shutdown FollowerState
2019-10-23 22:21:41,773 [Thread-349] INFO  impl.RaftServerImpl (RaftServerImpl.java:setRole(184)) - aed1b97f-105e-4684-b087-4b6333aa3ced@group-F043E0AED0ED: changes role from  FOLLOWER to CANDIDATE at term 18 for changeToCandidate
2019-10-23 22:21:41,774 [Thread-349] INFO  impl.RoleInfo (RoleInfo.java:updateAndGet(143)) - aed1b97f-105e-4684-b087-4b6333aa3ced: start LeaderElection
2019-10-23 22:21:41,790 [aed1b97f-105e-4684-b087-4b6333aa3ced@group-F043E0AED0ED-LeaderElection22] INFO  impl.LeaderElection (LeaderElection.java:askForVotes(178)) - aed1b97f-105e-4684-b087-4b6333aa3ced@group-F043E0AED0ED-LeaderElection22: begin an election at term 19 for -1: [aed1b97f-105e-4684-b087-4b6333aa3ced:192.168.157.195:34943, 1c51b35f-55cb-4636-a00c-83d34bf2d9d4:192.168.157.195:34693, d21ee1f1-33f6-483c-a18b-27782ce1915a:192.168.157.195:46462], old=null
2019-10-23 22:21:41,795 [grpc-default-executor-4] INFO  impl.RaftServerImpl (RaftServerImpl.java:setRole(184)) - 1c51b35f-55cb-4636-a00c-83d34bf2d9d4@group-F043E0AED0ED: changes role from  FOLLOWER to FOLLOWER at term 19 for recognizeCandidate:aed1b97f-105e-4684-b087-4b6333aa3ced
2019-10-23 22:21:41,795 [grpc-default-executor-3] INFO  impl.RaftServerImpl (RaftServerImpl.java:setRole(184)) - d21ee1f1-33f6-483c-a18b-27782ce1915a@group-F043E0AED0ED: changes role from  FOLLOWER to FOLLOWER at term 19 for recognizeCandidate:aed1b97f-105e-4684-b087-4b6333aa3ced
2019-10-23 22:21:41,796 [grpc-default-executor-4] INFO  impl.RoleInfo (RoleInfo.java:shutdownFollowerState(121)) - 1c51b35f-55cb-4636-a00c-83d34bf2d9d4: shutdown FollowerState
2019-10-23 22:21:41,796 [grpc-default-executor-3] INFO  impl.RoleInfo (RoleInfo.java:shutdownFollowerState(121)) - d21ee1f1-33f6-483c-a18b-27782ce1915a: shutdown FollowerState
2019-10-23 22:21:41,796 [grpc-default-executor-4] INFO  impl.RoleInfo (RoleInfo.java:updateAndGet(143)) - 1c51b35f-55cb-4636-a00c-83d34bf2d9d4: start FollowerState
2019-10-23 22:21:41,796 [Thread-346] INFO  impl.FollowerState (FollowerState.java:run(117)) - 1c51b35f-55cb-4636-a00c-83d34bf2d9d4@group-F043E0AED0ED-FollowerState was interrupted: java.lang.InterruptedException: sleep interrupted
2019-10-23 22:21:41,796 [Thread-347] INFO  impl.FollowerState (FollowerState.java:run(117)) - d21ee1f1-33f6-483c-a18b-27782ce1915a@group-F043E0AED0ED-FollowerState was interrupted: java.lang.InterruptedException: sleep interrupted
2019-10-23 22:21:41,796 [grpc-default-executor-3] INFO  impl.RoleInfo (RoleInfo.java:updateAndGet(143)) - d21ee1f1-33f6-483c-a18b-27782ce1915a: start FollowerState
2019-10-23 22:21:41,824 [aed1b97f-105e-4684-b087-4b6333aa3ced@group-F043E0AED0ED-LeaderElection22] INFO  impl.LeaderElection (LeaderElection.java:logAndReturn(56)) - aed1b97f-105e-4684-b087-4b6333aa3ced@group-F043E0AED0ED-LeaderElection22: Election REJECTED; received 2 response(s) [aed1b97f-105e-4684-b087-4b6333aa3ced<-1c51b35f-55cb-4636-a00c-83d34bf2d9d4#0:FAIL-t19, aed1b97f-105e-4684-b087-4b6333aa3ced<-d21ee1f1-33f6-483c-a18b-27782ce1915a#0:FAIL-t19] and 0 exception(s); aed1b97f-105e-4684-b087-4b6333aa3ced@group-F043E0AED0ED:t19, leader=null, voted=aed1b97f-105e-4684-b087-4b6333aa3ced, raftlog=aed1b97f-105e-4684-b087-4b6333aa3ced@group-F043E0AED0ED-SegmentedRaftLog:OPENED:c-1,f-1,i0, conf=-1: [aed1b97f-105e-4684-b087-4b6333aa3ced:192.168.157.195:34943, 1c51b35f-55cb-4636-a00c-83d34bf2d9d4:192.168.157.195:34693, d21ee1f1-33f6-483c-a18b-27782ce1915a:192.168.157.195:46462], old=null
2019-10-23 22:21:41,824 [aed1b97f-105e-4684-b087-4b6333aa3ced@group-F043E0AED0ED-LeaderElection22] INFO  impl.RaftServerImpl (RaftServerImpl.java:setRole(184)) - aed1b97f-105e-4684-b087-4b6333aa3ced@group-F043E0AED0ED: changes role from CANDIDATE to FOLLOWER at term 19 for DISCOVERED_A_NEW_TERM
2019-10-23 22:21:41,824 [aed1b97f-105e-4684-b087-4b6333aa3ced@group-F043E0AED0ED-LeaderElection22] INFO  impl.RoleInfo (RoleInfo.java:shutdownLeaderElection(134)) - aed1b97f-105e-4684-b087-4b6333aa3ced: shutdown LeaderElection
2019-10-23 22:21:41,825 [aed1b97f-105e-4684-b087-4b6333aa3ced@group-F043E0AED0ED-LeaderElection22] INFO  impl.RoleInfo (RoleInfo.java:updateAndGet(143)) - aed1b97f-105e-4684-b087-4b6333aa3ced: start FollowerState
2019-10-23 22:21:41,959 [Thread-356] INFO  impl.FollowerState (FollowerState.java:run(108)) - aed1b97f-105e-4684-b087-4b6333aa3ced@group-F043E0AED0ED-FollowerState: change to CANDIDATE, lastRpcTime:134ms, electionTimeout:134ms
2019-10-23 22:21:41,964 [Thread-356] INFO  impl.RoleInfo (RoleInfo.java:shutdownFollowerState(121)) - aed1b97f-105e-4684-b087-4b6333aa3ced: shutdown FollowerState
2019-10-23 22:21:41,964 [Thread-356] INFO  impl.RaftServerImpl (RaftServerImpl.java:setRole(184)) - aed1b97f-105e-4684-b087-4b6333aa3ced@group-F043E0AED0ED: changes role from  FOLLOWER to CANDIDATE at term 19 for changeToCandidate
2019-10-23 22:21:41,964 [Thread-356] INFO  impl.RoleInfo (RoleInfo.java:updateAndGet(143)) - aed1b97f-105e-4684-b087-4b6333aa3ced: start LeaderElection
2019-10-23 22:21:41,979 [aed1b97f-105e-4684-b087-4b6333aa3ced@group-F043E0AED0ED-LeaderElection23] INFO  impl.LeaderElection (LeaderElection.java:askForVotes(178)) - aed1b97f-105e-4684-b087-4b6333aa3ced@group-F043E0AED0ED-LeaderElection23: begin an election at term 20 for -1: [aed1b97f-105e-4684-b087-4b6333aa3ced:192.168.157.195:34943, 1c51b35f-55cb-4636-a00c-83d34bf2d9d4:192.168.157.195:34693, d21ee1f1-33f6-483c-a18b-27782ce1915a:192.168.157.195:46462], old=null
2019-10-23 22:21:41,984 [grpc-default-executor-3] INFO  impl.RaftServerImpl (RaftServerImpl.java:setRole(184)) - 1c51b35f-55cb-4636-a00c-83d34bf2d9d4@group-F043E0AED0ED: changes role from  FOLLOWER to FOLLOWER at term 20 for recognizeCandidate:aed1b97f-105e-4684-b087-4b6333aa3ced
2019-10-23 22:21:41,984 [grpc-default-executor-4] INFO  impl.RaftServerImpl (RaftServerImpl.java:setRole(184)) - d21ee1f1-33f6-483c-a18b-27782ce1915a@group-F043E0AED0ED: changes role from  FOLLOWER to FOLLOWER at term 20 for recognizeCandidate:aed1b97f-105e-4684-b087-4b6333aa3ced
2019-10-23 22:21:41,984 [grpc-default-executor-3] INFO  impl.RoleInfo (RoleInfo.java:shutdownFollowerState(121)) - 1c51b35f-55cb-4636-a00c-83d34bf2d9d4: shutdown FollowerState
2019-10-23 22:21:41,984 [grpc-default-executor-4] INFO  impl.RoleInfo (RoleInfo.java:shutdownFollowerState(121)) - d21ee1f1-33f6-483c-a18b-27782ce1915a: shutdown FollowerState
2019-10-23 22:21:41,984 [grpc-default-executor-3] INFO  impl.RoleInfo (RoleInfo.java:updateAndGet(143)) - 1c51b35f-55cb-4636-a00c-83d34bf2d9d4: start FollowerState
2019-10-23 22:21:41,984 [Thread-354] INFO  impl.FollowerState (FollowerState.java:run(117)) - 1c51b35f-55cb-4636-a00c-83d34bf2d9d4@group-F043E0AED0ED-FollowerState was interrupted: java.lang.InterruptedException: sleep interrupted
2019-10-23 22:21:41,985 [grpc-default-executor-4] INFO  impl.RoleInfo (RoleInfo.java:updateAndGet(143)) - d21ee1f1-33f6-483c-a18b-27782ce1915a: start FollowerState
2019-10-23 22:21:41,985 [Thread-355] INFO  impl.FollowerState (FollowerState.java:run(117)) - d21ee1f1-33f6-483c-a18b-27782ce1915a@group-F043E0AED0ED-FollowerState was interrupted: java.lang.InterruptedException: sleep interrupted
2019-10-23 22:21:42,014 [aed1b97f-105e-4684-b087-4b6333aa3ced@group-F043E0AED0ED-LeaderElection23] INFO  impl.LeaderElection (LeaderElection.java:logAndReturn(56)) - aed1b97f-105e-4684-b087-4b6333aa3ced@group-F043E0AED0ED-LeaderElection23: Election REJECTED; received 2 response(s) [aed1b97f-105e-4684-b087-4b6333aa3ced<-1c51b35f-55cb-4636-a00c-83d34bf2d9d4#0:FAIL-t20, aed1b97f-105e-4684-b087-4b6333aa3ced<-d21ee1f1-33f6-483c-a18b-27782ce1915a#0:FAIL-t20] and 0 exception(s); aed1b97f-105e-4684-b087-4b6333aa3ced@group-F043E0AED0ED:t20, leader=null, voted=aed1b97f-105e-4684-b087-4b6333aa3ced, raftlog=aed1b97f-105e-4684-b087-4b6333aa3ced@group-F043E0AED0ED-SegmentedRaftLog:OPENED:c-1,f-1,i0, conf=-1: [aed1b97f-105e-4684-b087-4b6333aa3ced:192.168.157.195:34943, 1c51b35f-55cb-4636-a00c-83d34bf2d9d4:192.168.157.195:34693, d21ee1f1-33f6-483c-a18b-27782ce1915a:192.168.157.195:46462], old=null
2019-10-23 22:21:42,015 [aed1b97f-105e-4684-b087-4b6333aa3ced@group-F043E0AED0ED-LeaderElection23] INFO  impl.RaftServerImpl (RaftServerImpl.java:setRole(184)) - aed1b97f-105e-4684-b087-4b6333aa3ced@group-F043E0AED0ED: changes role from CANDIDATE to FOLLOWER at term 20 for DISCOVERED_A_NEW_TERM
2019-10-23 22:21:42,015 [aed1b97f-105e-4684-b087-4b6333aa3ced@group-F043E0AED0ED-LeaderElection23] INFO  impl.RoleInfo (RoleInfo.java:shutdownLeaderElection(134)) - aed1b97f-105e-4684-b087-4b6333aa3ced: shutdown LeaderElection
2019-10-23 22:21:42,015 [aed1b97f-105e-4684-b087-4b6333aa3ced@group-F043E0AED0ED-LeaderElection23] INFO  impl.RoleInfo (RoleInfo.java:updateAndGet(143)) - aed1b97f-105e-4684-b087-4b6333aa3ced: start FollowerState
2019-10-23 22:21:42,126 [Thread-362] INFO  impl.FollowerState (FollowerState.java:run(108)) - aed1b97f-105e-4684-b087-4b6333aa3ced@group-F043E0AED0ED-FollowerState: change to CANDIDATE, lastRpcTime:110ms, electionTimeout:110ms
2019-10-23 22:21:42,127 [Thread-362] INFO  impl.RoleInfo (RoleInfo.java:shutdownFollowerState(121)) - aed1b97f-105e-4684-b087-4b6333aa3ced: shutdown FollowerState
2019-10-23 22:21:42,127 [Thread-362] INFO  impl.RaftServerImpl (RaftServerImpl.java:setRole(184)) - aed1b97f-105e-4684-b087-4b6333aa3ced@group-F043E0AED0ED: changes role from  FOLLOWER to CANDIDATE at term 20 for changeToCandidate
2019-10-23 22:21:42,127 [Thread-362] INFO  impl.RoleInfo (RoleInfo.java:updateAndGet(143)) - aed1b97f-105e-4684-b087-4b6333aa3ced: start LeaderElection
2019-10-23 22:21:42,141 [aed1b97f-105e-4684-b087-4b6333aa3ced@group-F043E0AED0ED-LeaderElection24] INFO  impl.LeaderElection (LeaderElection.java:askForVotes(178)) - aed1b97f-105e-4684-b087-4b6333aa3ced@group-F043E0AED0ED-LeaderElection24: begin an election at term 21 for -1: [aed1b97f-105e-4684-b087-4b6333aa3ced:192.168.157.195:34943, 1c51b35f-55cb-4636-a00c-83d34bf2d9d4:192.168.157.195:34693, d21ee1f1-33f6-483c-a18b-27782ce1915a:192.168.157.195:46462], old=null
2019-10-23 22:21:42,147 [grpc-default-executor-4] INFO  impl.RaftServerImpl (RaftServerImpl.java:setRole(184)) - 1c51b35f-55cb-4636-a00c-83d34bf2d9d4@group-F043E0AED0ED: changes role from  FOLLOWER to FOLLOWER at term 21 for recognizeCandidate:aed1b97f-105e-4684-b087-4b6333aa3ced
2019-10-23 22:21:42,148 [grpc-default-executor-3] INFO  impl.RaftServerImpl (RaftServerImpl.java:setRole(184)) - d21ee1f1-33f6-483c-a18b-27782ce1915a@group-F043E0AED0ED: changes role from  FOLLOWER to FOLLOWER at term 21 for recognizeCandidate:aed1b97f-105e-4684-b087-4b6333aa3ced
2019-10-23 22:21:42,149 [grpc-default-executor-4] INFO  impl.RoleInfo (RoleInfo.java:shutdownFollowerState(121)) - 1c51b35f-55cb-4636-a00c-83d34bf2d9d4: shutdown FollowerState
2019-10-23 22:21:42,149 [grpc-default-executor-3] INFO  impl.RoleInfo (RoleInfo.java:shutdownFollowerState(121)) - d21ee1f1-33f6-483c-a18b-27782ce1915a: shutdown FollowerState
2019-10-23 22:21:42,149 [grpc-default-executor-4] INFO  impl.RoleInfo (RoleInfo.java:updateAndGet(143)) - 1c51b35f-55cb-4636-a00c-83d34bf2d9d4: start FollowerState
2019-10-23 22:21:42,149 [Thread-360] INFO  impl.FollowerState (FollowerState.java:run(117)) - 1c51b35f-55cb-4636-a00c-83d34bf2d9d4@group-F043E0AED0ED-FollowerState was interrupted: java.lang.InterruptedException: sleep interrupted
2019-10-23 22:21:42,149 [Thread-361] INFO  impl.FollowerState (FollowerState.java:run(117)) - d21ee1f1-33f6-483c-a18b-27782ce1915a@group-F043E0AED0ED-FollowerState was interrupted: java.lang.InterruptedException: sleep interrupted
2019-10-23 22:21:42,149 [grpc-default-executor-3] INFO  impl.RoleInfo (RoleInfo.java:updateAndGet(143)) - d21ee1f1-33f6-483c-a18b-27782ce1915a: start FollowerState
2019-10-23 22:21:42,165 [aed1b97f-105e-4684-b087-4b6333aa3ced@group-F043E0AED0ED-LeaderElection24] INFO  impl.LeaderElection (LeaderElection.java:logAndReturn(56)) - aed1b97f-105e-4684-b087-4b6333aa3ced@group-F043E0AED0ED-LeaderElection24: Election REJECTED; received 2 response(s) [aed1b97f-105e-4684-b087-4b6333aa3ced<-1c51b35f-55cb-4636-a00c-83d34bf2d9d4#0:FAIL-t21, aed1b97f-105e-4684-b087-4b6333aa3ced<-d21ee1f1-33f6-483c-a18b-27782ce1915a#0:FAIL-t21] and 0 exception(s); aed1b97f-105e-4684-b087-4b6333aa3ced@group-F043E0AED0ED:t21, leader=null, voted=aed1b97f-105e-4684-b087-4b6333aa3ced, raftlog=aed1b97f-105e-4684-b087-4b6333aa3ced@group-F043E0AED0ED-SegmentedRaftLog:OPENED:c-1,f-1,i0, conf=-1: [aed1b97f-105e-4684-b087-4b6333aa3ced:192.168.157.195:34943, 1c51b35f-55cb-4636-a00c-83d34bf2d9d4:192.168.157.195:34693, d21ee1f1-33f6-483c-a18b-27782ce1915a:192.168.157.195:46462], old=null
2019-10-23 22:21:42,166 [aed1b97f-105e-4684-b087-4b6333aa3ced@group-F043E0AED0ED-LeaderElection24] INFO  impl.RaftServerImpl (RaftServerImpl.java:setRole(184)) - aed1b97f-105e-4684-b087-4b6333aa3ced@group-F043E0AED0ED: changes role from CANDIDATE to FOLLOWER at term 21 for DISCOVERED_A_NEW_TERM
2019-10-23 22:21:42,166 [aed1b97f-105e-4684-b087-4b6333aa3ced@group-F043E0AED0ED-LeaderElection24] INFO  impl.RoleInfo (RoleInfo.java:shutdownLeaderElection(134)) - aed1b97f-105e-4684-b087-4b6333aa3ced: shutdown LeaderElection
2019-10-23 22:21:42,166 [aed1b97f-105e-4684-b087-4b6333aa3ced@group-F043E0AED0ED-LeaderElection24] INFO  impl.RoleInfo (RoleInfo.java:updateAndGet(143)) - aed1b97f-105e-4684-b087-4b6333aa3ced: start FollowerState
2019-10-23 22:21:42,357 [Thread-368] INFO  impl.FollowerState (FollowerState.java:run(108)) - aed1b97f-105e-4684-b087-4b6333aa3ced@group-F043E0AED0ED-FollowerState: change to CANDIDATE, lastRpcTime:190ms, electionTimeout:190ms
2019-10-23 22:21:42,358 [Thread-368] INFO  impl.RoleInfo (RoleInfo.java:shutdownFollowerState(121)) - aed1b97f-105e-4684-b087-4b6333aa3ced: shutdown FollowerState
2019-10-23 22:21:42,358 [Thread-368] INFO  impl.RaftServerImpl (RaftServerImpl.java:setRole(184)) - aed1b97f-105e-4684-b087-4b6333aa3ced@group-F043E0AED0ED: changes role from  FOLLOWER to CANDIDATE at term 21 for changeToCandidate
2019-10-23 22:21:42,359 [Thread-368] INFO  impl.RoleInfo (RoleInfo.java:updateAndGet(143)) - aed1b97f-105e-4684-b087-4b6333aa3ced: start LeaderElection
2019-10-23 22:21:42,384 [aed1b97f-105e-4684-b087-4b6333aa3ced@group-F043E0AED0ED-LeaderElection25] INFO  impl.LeaderElection (LeaderElection.java:askForVotes(178)) - aed1b97f-105e-4684-b087-4b6333aa3ced@group-F043E0AED0ED-LeaderElection25: begin an election at term 22 for -1: [aed1b97f-105e-4684-b087-4b6333aa3ced:192.168.157.195:34943, 1c51b35f-55cb-4636-a00c-83d34bf2d9d4:192.168.157.195:34693, d21ee1f1-33f6-483c-a18b-27782ce1915a:192.168.157.195:46462], old=null
2019-10-23 22:21:42,388 [grpc-default-executor-3] INFO  impl.RaftServerImpl (RaftServerImpl.java:setRole(184)) - 1c51b35f-55cb-4636-a00c-83d34bf2d9d4@group-F043E0AED0ED: changes role from  FOLLOWER to FOLLOWER at term 22 for recognizeCandidate:aed1b97f-105e-4684-b087-4b6333aa3ced
2019-10-23 22:21:42,389 [grpc-default-executor-3] INFO  impl.RoleInfo (RoleInfo.java:shutdownFollowerState(121)) - 1c51b35f-55cb-4636-a00c-83d34bf2d9d4: shutdown FollowerState
2019-10-23 22:21:42,389 [grpc-default-executor-4] INFO  impl.RaftServerImpl (RaftServerImpl.java:setRole(184)) - d21ee1f1-33f6-483c-a18b-27782ce1915a@group-F043E0AED0ED: changes role from  FOLLOWER to FOLLOWER at term 22 for recognizeCandidate:aed1b97f-105e-4684-b087-4b6333aa3ced
2019-10-23 22:21:42,389 [grpc-default-executor-3] INFO  impl.RoleInfo (RoleInfo.java:updateAndGet(143)) - 1c51b35f-55cb-4636-a00c-83d34bf2d9d4: start FollowerState
2019-10-23 22:21:42,389 [Thread-366] INFO  impl.FollowerState (FollowerState.java:run(117)) - 1c51b35f-55cb-4636-a00c-83d34bf2d9d4@group-F043E0AED0ED-FollowerState was interrupted: java.lang.InterruptedException: sleep interrupted
2019-10-23 22:21:42,389 [grpc-default-executor-4] INFO  impl.RoleInfo (RoleInfo.java:shutdownFollowerState(121)) - d21ee1f1-33f6-483c-a18b-27782ce1915a: shutdown FollowerState
2019-10-23 22:21:42,390 [Thread-367] INFO  impl.FollowerState (FollowerState.java:run(117)) - d21ee1f1-33f6-483c-a18b-27782ce1915a@group-F043E0AED0ED-FollowerState was interrupted: java.lang.InterruptedException: sleep interrupted
2019-10-23 22:21:42,390 [grpc-default-executor-4] INFO  impl.RoleInfo (RoleInfo.java:updateAndGet(143)) - d21ee1f1-33f6-483c-a18b-27782ce1915a: start FollowerState
2019-10-23 22:21:42,416 [aed1b97f-105e-4684-b087-4b6333aa3ced@group-F043E0AED0ED-LeaderElection25] INFO  impl.LeaderElection (LeaderElection.java:logAndReturn(56)) - aed1b97f-105e-4684-b087-4b6333aa3ced@group-F043E0AED0ED-LeaderElection25: Election REJECTED; received 2 response(s) [aed1b97f-105e-4684-b087-4b6333aa3ced<-1c51b35f-55cb-4636-a00c-83d34bf2d9d4#0:FAIL-t22, aed1b97f-105e-4684-b087-4b6333aa3ced<-d21ee1f1-33f6-483c-a18b-27782ce1915a#0:FAIL-t22] and 0 exception(s); aed1b97f-105e-4684-b087-4b6333aa3ced@group-F043E0AED0ED:t22, leader=null, voted=aed1b97f-105e-4684-b087-4b6333aa3ced, raftlog=aed1b97f-105e-4684-b087-4b6333aa3ced@group-F043E0AED0ED-SegmentedRaftLog:OPENED:c-1,f-1,i0, conf=-1: [aed1b97f-105e-4684-b087-4b6333aa3ced:192.168.157.195:34943, 1c51b35f-55cb-4636-a00c-83d34bf2d9d4:192.168.157.195:34693, d21ee1f1-33f6-483c-a18b-27782ce1915a:192.168.157.195:46462], old=null
2019-10-23 22:21:42,417 [aed1b97f-105e-4684-b087-4b6333aa3ced@group-F043E0AED0ED-LeaderElection25] INFO  impl.RaftServerImpl (RaftServerImpl.java:setRole(184)) - aed1b97f-105e-4684-b087-4b6333aa3ced@group-F043E0AED0ED: changes role from CANDIDATE to FOLLOWER at term 22 for DISCOVERED_A_NEW_TERM
2019-10-23 22:21:42,417 [aed1b97f-105e-4684-b087-4b6333aa3ced@group-F043E0AED0ED-LeaderElection25] INFO  impl.RoleInfo (RoleInfo.java:shutdownLeaderElection(134)) - aed1b97f-105e-4684-b087-4b6333aa3ced: shutdown LeaderElection
2019-10-23 22:21:42,417 [aed1b97f-105e-4684-b087-4b6333aa3ced@group-F043E0AED0ED-LeaderElection25] INFO  impl.RoleInfo (RoleInfo.java:updateAndGet(143)) - aed1b97f-105e-4684-b087-4b6333aa3ced: start FollowerState
2019-10-23 22:21:42,539 [Thread-374] INFO  impl.FollowerState (FollowerState.java:run(108)) - aed1b97f-105e-4684-b087-4b6333aa3ced@group-F043E0AED0ED-FollowerState: change to CANDIDATE, lastRpcTime:122ms, electionTimeout:122ms
2019-10-23 22:21:42,541 [Thread-374] INFO  impl.RoleInfo (RoleInfo.java:shutdownFollowerState(121)) - aed1b97f-105e-4684-b087-4b6333aa3ced: shutdown FollowerState
2019-10-23 22:21:42,541 [Thread-374] INFO  impl.RaftServerImpl (RaftServerImpl.java:setRole(184)) - aed1b97f-105e-4684-b087-4b6333aa3ced@group-F043E0AED0ED: changes role from  FOLLOWER to CANDIDATE at term 22 for changeToCandidate
2019-10-23 22:21:42,541 [Thread-374] INFO  impl.RoleInfo (RoleInfo.java:updateAndGet(143)) - aed1b97f-105e-4684-b087-4b6333aa3ced: start LeaderElection
2019-10-23 22:21:42,550 [aed1b97f-105e-4684-b087-4b6333aa3ced@group-F043E0AED0ED-LeaderElection26] INFO  impl.LeaderElection (LeaderElection.java:askForVotes(178)) - aed1b97f-105e-4684-b087-4b6333aa3ced@group-F043E0AED0ED-LeaderElection26: begin an election at term 23 for -1: [aed1b97f-105e-4684-b087-4b6333aa3ced:192.168.157.195:34943, 1c51b35f-55cb-4636-a00c-83d34bf2d9d4:192.168.157.195:34693, d21ee1f1-33f6-483c-a18b-27782ce1915a:192.168.157.195:46462], old=null
2019-10-23 22:21:42,559 [grpc-default-executor-4] INFO  impl.RaftServerImpl (RaftServerImpl.java:setRole(184)) - 1c51b35f-55cb-4636-a00c-83d34bf2d9d4@group-F043E0AED0ED: changes role from  FOLLOWER to FOLLOWER at term 23 for recognizeCandidate:aed1b97f-105e-4684-b087-4b6333aa3ced
2019-10-23 22:21:42,559 [grpc-default-executor-4] INFO  impl.RoleInfo (RoleInfo.java:shutdownFollowerState(121)) - 1c51b35f-55cb-4636-a00c-83d34bf2d9d4: shutdown FollowerState
2019-10-23 22:21:42,559 [grpc-default-executor-4] INFO  impl.RoleInfo (RoleInfo.java:updateAndGet(143)) - 1c51b35f-55cb-4636-a00c-83d34bf2d9d4: start FollowerState
2019-10-23 22:21:42,559 [grpc-default-executor-3] INFO  impl.RaftServerImpl (RaftServerImpl.java:setRole(184)) - d21ee1f1-33f6-483c-a18b-27782ce1915a@group-F043E0AED0ED: changes role from  FOLLOWER to FOLLOWER at term 23 for recognizeCandidate:aed1b97f-105e-4684-b087-4b6333aa3ced
2019-10-23 22:21:42,559 [Thread-372] INFO  impl.FollowerState (FollowerState.java:run(117)) - 1c51b35f-55cb-4636-a00c-83d34bf2d9d4@group-F043E0AED0ED-FollowerState was interrupted: java.lang.InterruptedException: sleep interrupted
2019-10-23 22:21:42,559 [grpc-default-executor-3] INFO  impl.RoleInfo (RoleInfo.java:shutdownFollowerState(121)) - d21ee1f1-33f6-483c-a18b-27782ce1915a: shutdown FollowerState
2019-10-23 22:21:42,560 [Thread-373] INFO  impl.FollowerState (FollowerState.java:run(117)) - d21ee1f1-33f6-483c-a18b-27782ce1915a@group-F043E0AED0ED-FollowerState was interrupted: java.lang.InterruptedException: sleep interrupted
2019-10-23 22:21:42,560 [grpc-default-executor-3] INFO  impl.RoleInfo (RoleInfo.java:updateAndGet(143)) - d21ee1f1-33f6-483c-a18b-27782ce1915a: start FollowerState
2019-10-23 22:21:42,576 [aed1b97f-105e-4684-b087-4b6333aa3ced@group-F043E0AED0ED-LeaderElection26] INFO  impl.LeaderElection (LeaderElection.java:logAndReturn(56)) - aed1b97f-105e-4684-b087-4b6333aa3ced@group-F043E0AED0ED-LeaderElection26: Election REJECTED; received 2 response(s) [aed1b97f-105e-4684-b087-4b6333aa3ced<-1c51b35f-55cb-4636-a00c-83d34bf2d9d4#0:FAIL-t23, aed1b97f-105e-4684-b087-4b6333aa3ced<-d21ee1f1-33f6-483c-a18b-27782ce1915a#0:FAIL-t23] and 0 exception(s); aed1b97f-105e-4684-b087-4b6333aa3ced@group-F043E0AED0ED:t23, leader=null, voted=aed1b97f-105e-4684-b087-4b6333aa3ced, raftlog=aed1b97f-105e-4684-b087-4b6333aa3ced@group-F043E0AED0ED-SegmentedRaftLog:OPENED:c-1,f-1,i0, conf=-1: [aed1b97f-105e-4684-b087-4b6333aa3ced:192.168.157.195:34943, 1c51b35f-55cb-4636-a00c-83d34bf2d9d4:192.168.157.195:34693, d21ee1f1-33f6-483c-a18b-27782ce1915a:192.168.157.195:46462], old=null
2019-10-23 22:21:42,576 [aed1b97f-105e-4684-b087-4b6333aa3ced@group-F043E0AED0ED-LeaderElection26] INFO  impl.RaftServerImpl (RaftServerImpl.java:setRole(184)) - aed1b97f-105e-4684-b087-4b6333aa3ced@group-F043E0AED0ED: changes role from CANDIDATE to FOLLOWER at term 23 for DISCOVERED_A_NEW_TERM
2019-10-23 22:21:42,576 [aed1b97f-105e-4684-b087-4b6333aa3ced@group-F043E0AED0ED-LeaderElection26] INFO  impl.RoleInfo (RoleInfo.java:shutdownLeaderElection(134)) - aed1b97f-105e-4684-b087-4b6333aa3ced: shutdown LeaderElection
2019-10-23 22:21:42,576 [aed1b97f-105e-4684-b087-4b6333aa3ced@group-F043E0AED0ED-LeaderElection26] INFO  impl.RoleInfo (RoleInfo.java:updateAndGet(143)) - aed1b97f-105e-4684-b087-4b6333aa3ced: start FollowerState
2019-10-23 22:21:42,625 [Thread-380] INFO  impl.FollowerState (FollowerState.java:run(108)) - aed1b97f-105e-4684-b087-4b6333aa3ced@group-F043E0AED0ED-FollowerState: change to CANDIDATE, lastRpcTime:48ms, electionTimeout:48ms
2019-10-23 22:21:42,626 [Thread-380] INFO  impl.RoleInfo (RoleInfo.java:shutdownFollowerState(121)) - aed1b97f-105e-4684-b087-4b6333aa3ced: shutdown FollowerState
2019-10-23 22:21:42,626 [Thread-380] INFO  impl.RaftServerImpl (RaftServerImpl.java:setRole(184)) - aed1b97f-105e-4684-b087-4b6333aa3ced@group-F043E0AED0ED: changes role from  FOLLOWER to CANDIDATE at term 23 for changeToCandidate
2019-10-23 22:21:42,627 [Thread-380] INFO  impl.RoleInfo (RoleInfo.java:updateAndGet(143)) - aed1b97f-105e-4684-b087-4b6333aa3ced: start LeaderElection
2019-10-23 22:21:42,640 [aed1b97f-105e-4684-b087-4b6333aa3ced@group-F043E0AED0ED-LeaderElection27] INFO  impl.LeaderElection (LeaderElection.java:askForVotes(178)) - aed1b97f-105e-4684-b087-4b6333aa3ced@group-F043E0AED0ED-LeaderElection27: begin an election at term 24 for -1: [aed1b97f-105e-4684-b087-4b6333aa3ced:192.168.157.195:34943, 1c51b35f-55cb-4636-a00c-83d34bf2d9d4:192.168.157.195:34693, d21ee1f1-33f6-483c-a18b-27782ce1915a:192.168.157.195:46462], old=null
2019-10-23 22:21:42,645 [grpc-default-executor-0] INFO  impl.RaftServerImpl (RaftServerImpl.java:setRole(184)) - 1c51b35f-55cb-4636-a00c-83d34bf2d9d4@group-F043E0AED0ED: changes role from  FOLLOWER to FOLLOWER at term 24 for recognizeCandidate:aed1b97f-105e-4684-b087-4b6333aa3ced
2019-10-23 22:21:42,645 [grpc-default-executor-0] INFO  impl.RoleInfo (RoleInfo.java:shutdownFollowerState(121)) - 1c51b35f-55cb-4636-a00c-83d34bf2d9d4: shutdown FollowerState
2019-10-23 22:21:42,645 [grpc-default-executor-4] INFO  impl.RaftServerImpl (RaftServerImpl.java:setRole(184)) - d21ee1f1-33f6-483c-a18b-27782ce1915a@group-F043E0AED0ED: changes role from  FOLLOWER to FOLLOWER at term 24 for recognizeCandidate:aed1b97f-105e-4684-b087-4b6333aa3ced
2019-10-23 22:21:42,645 [Thread-378] INFO  impl.FollowerState (FollowerState.java:run(117)) - 1c51b35f-55cb-4636-a00c-83d34bf2d9d4@group-F043E0AED0ED-FollowerState was interrupted: java.lang.InterruptedException: sleep interrupted
2019-10-23 22:21:42,645 [grpc-default-executor-0] INFO  impl.RoleInfo (RoleInfo.java:updateAndGet(143)) - 1c51b35f-55cb-4636-a00c-83d34bf2d9d4: start FollowerState
2019-10-23 22:21:42,645 [grpc-default-executor-4] INFO  impl.RoleInfo (RoleInfo.java:shutdownFollowerState(121)) - d21ee1f1-33f6-483c-a18b-27782ce1915a: shutdown FollowerState
2019-10-23 22:21:42,646 [grpc-default-executor-4] INFO  impl.RoleInfo (RoleInfo.java:updateAndGet(143)) - d21ee1f1-33f6-483c-a18b-27782ce1915a: start FollowerState
2019-10-23 22:21:42,646 [Thread-379] INFO  impl.FollowerState (FollowerState.java:run(117)) - d21ee1f1-33f6-483c-a18b-27782ce1915a@group-F043E0AED0ED-FollowerState was interrupted: java.lang.InterruptedException: sleep interrupted
2019-10-23 22:21:42,672 [aed1b97f-105e-4684-b087-4b6333aa3ced@group-F043E0AED0ED-LeaderElection27] INFO  impl.LeaderElection (LeaderElection.java:logAndReturn(56)) - aed1b97f-105e-4684-b087-4b6333aa3ced@group-F043E0AED0ED-LeaderElection27: Election REJECTED; received 2 response(s) [aed1b97f-105e-4684-b087-4b6333aa3ced<-1c51b35f-55cb-4636-a00c-83d34bf2d9d4#0:FAIL-t24, aed1b97f-105e-4684-b087-4b6333aa3ced<-d21ee1f1-33f6-483c-a18b-27782ce1915a#0:FAIL-t24] and 0 exception(s); aed1b97f-105e-4684-b087-4b6333aa3ced@group-F043E0AED0ED:t24, leader=null, voted=aed1b97f-105e-4684-b087-4b6333aa3ced, raftlog=aed1b97f-105e-4684-b087-4b6333aa3ced@group-F043E0AED0ED-SegmentedRaftLog:OPENED:c-1,f-1,i0, conf=-1: [aed1b97f-105e-4684-b087-4b6333aa3ced:192.168.157.195:34943, 1c51b35f-55cb-4636-a00c-83d34bf2d9d4:192.168.157.195:34693, d21ee1f1-33f6-483c-a18b-27782ce1915a:192.168.157.195:46462], old=null
2019-10-23 22:21:42,672 [aed1b97f-105e-4684-b087-4b6333aa3ced@group-F043E0AED0ED-LeaderElection27] INFO  impl.RaftServerImpl (RaftServerImpl.java:setRole(184)) - aed1b97f-105e-4684-b087-4b6333aa3ced@group-F043E0AED0ED: changes role from CANDIDATE to FOLLOWER at term 24 for DISCOVERED_A_NEW_TERM
2019-10-23 22:21:42,673 [aed1b97f-105e-4684-b087-4b6333aa3ced@group-F043E0AED0ED-LeaderElection27] INFO  impl.RoleInfo (RoleInfo.java:shutdownLeaderElection(134)) - aed1b97f-105e-4684-b087-4b6333aa3ced: shutdown LeaderElection
2019-10-23 22:21:42,673 [aed1b97f-105e-4684-b087-4b6333aa3ced@group-F043E0AED0ED-LeaderElection27] INFO  impl.RoleInfo (RoleInfo.java:updateAndGet(143)) - aed1b97f-105e-4684-b087-4b6333aa3ced: start FollowerState
2019-10-23 22:21:42,751 [Thread-388] INFO  impl.FollowerState (FollowerState.java:run(108)) - aed1b97f-105e-4684-b087-4b6333aa3ced@group-F043E0AED0ED-FollowerState: change to CANDIDATE, lastRpcTime:78ms, electionTimeout:78ms
2019-10-23 22:21:42,753 [Thread-388] INFO  impl.RoleInfo (RoleInfo.java:shutdownFollowerState(121)) - aed1b97f-105e-4684-b087-4b6333aa3ced: shutdown FollowerState
2019-10-23 22:21:42,753 [Thread-388] INFO  impl.RaftServerImpl (RaftServerImpl.java:setRole(184)) - aed1b97f-105e-4684-b087-4b6333aa3ced@group-F043E0AED0ED: changes role from  FOLLOWER to CANDIDATE at term 24 for changeToCandidate
2019-10-23 22:21:42,753 [Thread-388] INFO  impl.RoleInfo (RoleInfo.java:updateAndGet(143)) - aed1b97f-105e-4684-b087-4b6333aa3ced: start LeaderElection
2019-10-23 22:21:42,767 [aed1b97f-105e-4684-b087-4b6333aa3ced@group-F043E0AED0ED-LeaderElection28] INFO  impl.LeaderElection (LeaderElection.java:askForVotes(178)) - aed1b97f-105e-4684-b087-4b6333aa3ced@group-F043E0AED0ED-LeaderElection28: begin an election at term 25 for -1: [aed1b97f-105e-4684-b087-4b6333aa3ced:192.168.157.195:34943, 1c51b35f-55cb-4636-a00c-83d34bf2d9d4:192.168.157.195:34693, d21ee1f1-33f6-483c-a18b-27782ce1915a:192.168.157.195:46462], old=null
2019-10-23 22:21:42,770 [grpc-default-executor-0] INFO  impl.RaftServerImpl (RaftServerImpl.java:setRole(184)) - 1c51b35f-55cb-4636-a00c-83d34bf2d9d4@group-F043E0AED0ED: changes role from  FOLLOWER to FOLLOWER at term 25 for recognizeCandidate:aed1b97f-105e-4684-b087-4b6333aa3ced
2019-10-23 22:21:42,770 [grpc-default-executor-4] INFO  impl.RaftServerImpl (RaftServerImpl.java:setRole(184)) - d21ee1f1-33f6-483c-a18b-27782ce1915a@group-F043E0AED0ED: changes role from  FOLLOWER to FOLLOWER at term 25 for recognizeCandidate:aed1b97f-105e-4684-b087-4b6333aa3ced
2019-10-23 22:21:42,770 [grpc-default-executor-0] INFO  impl.RoleInfo (RoleInfo.java:shutdownFollowerState(121)) - 1c51b35f-55cb-4636-a00c-83d34bf2d9d4: shutdown FollowerState
2019-10-23 22:21:42,771 [grpc-default-executor-4] INFO  impl.RoleInfo (RoleInfo.java:shutdownFollowerState(121)) - d21ee1f1-33f6-483c-a18b-27782ce1915a: shutdown FollowerState
2019-10-23 22:21:42,771 [Thread-385] INFO  impl.FollowerState (FollowerState.java:run(117)) - 1c51b35f-55cb-4636-a00c-83d34bf2d9d4@group-F043E0AED0ED-FollowerState was interrupted: java.lang.InterruptedException: sleep interrupted
2019-10-23 22:21:42,771 [Thread-386] INFO  impl.FollowerState (FollowerState.java:run(117)) - d21ee1f1-33f6-483c-a18b-27782ce1915a@group-F043E0AED0ED-FollowerState was interrupted: java.lang.InterruptedException: sleep interrupted
2019-10-23 22:21:42,771 [grpc-default-executor-0] INFO  impl.RoleInfo (RoleInfo.java:updateAndGet(143)) - 1c51b35f-55cb-4636-a00c-83d34bf2d9d4: start FollowerState
2019-10-23 22:21:42,771 [grpc-default-executor-4] INFO  impl.RoleInfo (RoleInfo.java:updateAndGet(143)) - d21ee1f1-33f6-483c-a18b-27782ce1915a: start FollowerState
2019-10-23 22:21:42,799 [aed1b97f-105e-4684-b087-4b6333aa3ced@group-F043E0AED0ED-LeaderElection28] INFO  impl.LeaderElection (LeaderElection.java:logAndReturn(56)) - aed1b97f-105e-4684-b087-4b6333aa3ced@group-F043E0AED0ED-LeaderElection28: Election REJECTED; received 2 response(s) [aed1b97f-105e-4684-b087-4b6333aa3ced<-1c51b35f-55cb-4636-a00c-83d34bf2d9d4#0:FAIL-t25, aed1b97f-105e-4684-b087-4b6333aa3ced<-d21ee1f1-33f6-483c-a18b-27782ce1915a#0:FAIL-t25] and 0 exception(s); aed1b97f-105e-4684-b087-4b6333aa3ced@group-F043E0AED0ED:t25, leader=null, voted=aed1b97f-105e-4684-b087-4b6333aa3ced, raftlog=aed1b97f-105e-4684-b087-4b6333aa3ced@group-F043E0AED0ED-SegmentedRaftLog:OPENED:c-1,f-1,i0, conf=-1: [aed1b97f-105e-4684-b087-4b6333aa3ced:192.168.157.195:34943, 1c51b35f-55cb-4636-a00c-83d34bf2d9d4:192.168.157.195:34693, d21ee1f1-33f6-483c-a18b-27782ce1915a:192.168.157.195:46462], old=null
2019-10-23 22:21:42,799 [aed1b97f-105e-4684-b087-4b6333aa3ced@group-F043E0AED0ED-LeaderElection28] INFO  impl.RaftServerImpl (RaftServerImpl.java:setRole(184)) - aed1b97f-105e-4684-b087-4b6333aa3ced@group-F043E0AED0ED: changes role from CANDIDATE to FOLLOWER at term 25 for DISCOVERED_A_NEW_TERM
2019-10-23 22:21:42,799 [aed1b97f-105e-4684-b087-4b6333aa3ced@group-F043E0AED0ED-LeaderElection28] INFO  impl.RoleInfo (RoleInfo.java:shutdownLeaderElection(134)) - aed1b97f-105e-4684-b087-4b6333aa3ced: shutdown LeaderElection
2019-10-23 22:21:42,799 [aed1b97f-105e-4684-b087-4b6333aa3ced@group-F043E0AED0ED-LeaderElection28] INFO  impl.RoleInfo (RoleInfo.java:updateAndGet(143)) - aed1b97f-105e-4684-b087-4b6333aa3ced: start FollowerState
2019-10-23 22:21:42,840 [Thread-394] INFO  impl.FollowerState (FollowerState.java:run(108)) - aed1b97f-105e-4684-b087-4b6333aa3ced@group-F043E0AED0ED-FollowerState: change to CANDIDATE, lastRpcTime:40ms, electionTimeout:40ms
2019-10-23 22:21:42,841 [Thread-394] INFO  impl.RoleInfo (RoleInfo.java:shutdownFollowerState(121)) - aed1b97f-105e-4684-b087-4b6333aa3ced: shutdown FollowerState
2019-10-23 22:21:42,841 [Thread-394] INFO  impl.RaftServerImpl (RaftServerImpl.java:setRole(184)) - aed1b97f-105e-4684-b087-4b6333aa3ced@group-F043E0AED0ED: changes role from  FOLLOWER to CANDIDATE at term 25 for changeToCandidate
2019-10-23 22:21:42,842 [Thread-394] INFO  impl.RoleInfo (RoleInfo.java:updateAndGet(143)) - aed1b97f-105e-4684-b087-4b6333aa3ced: start LeaderElection
2019-10-23 22:21:42,856 [aed1b97f-105e-4684-b087-4b6333aa3ced@group-F043E0AED0ED-LeaderElection29] INFO  impl.LeaderElection (LeaderElection.java:askForVotes(178)) - aed1b97f-105e-4684-b087-4b6333aa3ced@group-F043E0AED0ED-LeaderElection29: begin an election at term 26 for -1: [aed1b97f-105e-4684-b087-4b6333aa3ced:192.168.157.195:34943, 1c51b35f-55cb-4636-a00c-83d34bf2d9d4:192.168.157.195:34693, d21ee1f1-33f6-483c-a18b-27782ce1915a:192.168.157.195:46462], old=null
2019-10-23 22:21:42,859 [grpc-default-executor-0] INFO  impl.RaftServerImpl (RaftServerImpl.java:setRole(184)) - 1c51b35f-55cb-4636-a00c-83d34bf2d9d4@group-F043E0AED0ED: changes role from  FOLLOWER to FOLLOWER at term 26 for recognizeCandidate:aed1b97f-105e-4684-b087-4b6333aa3ced
2019-10-23 22:21:42,859 [grpc-default-executor-4] INFO  impl.RaftServerImpl (RaftServerImpl.java:setRole(184)) - d21ee1f1-33f6-483c-a18b-27782ce1915a@group-F043E0AED0ED: changes role from  FOLLOWER to FOLLOWER at term 26 for recognizeCandidate:aed1b97f-105e-4684-b087-4b6333aa3ced
2019-10-23 22:21:42,859 [grpc-default-executor-0] INFO  impl.RoleInfo (RoleInfo.java:shutdownFollowerState(121)) - 1c51b35f-55cb-4636-a00c-83d34bf2d9d4: shutdown FollowerState
2019-10-23 22:21:42,860 [grpc-default-executor-4] INFO  impl.RoleInfo (RoleInfo.java:shutdownFollowerState(121)) - d21ee1f1-33f6-483c-a18b-27782ce1915a: shutdown FollowerState
2019-10-23 22:21:42,860 [grpc-default-executor-0] INFO  impl.RoleInfo (RoleInfo.java:updateAndGet(143)) - 1c51b35f-55cb-4636-a00c-83d34bf2d9d4: start FollowerState
2019-10-23 22:21:42,860 [Thread-392] INFO  impl.FollowerState (FollowerState.java:run(117)) - 1c51b35f-55cb-4636-a00c-83d34bf2d9d4@group-F043E0AED0ED-FollowerState was interrupted: java.lang.InterruptedException: sleep interrupted
2019-10-23 22:21:42,860 [grpc-default-executor-4] INFO  impl.RoleInfo (RoleInfo.java:updateAndGet(143)) - d21ee1f1-33f6-483c-a18b-27782ce1915a: start FollowerState
2019-10-23 22:21:42,860 [Thread-393] INFO  impl.FollowerState (FollowerState.java:run(117)) - d21ee1f1-33f6-483c-a18b-27782ce1915a@group-F043E0AED0ED-FollowerState was interrupted: java.lang.InterruptedException: sleep interrupted
2019-10-23 22:21:42,888 [aed1b97f-105e-4684-b087-4b6333aa3ced@group-F043E0AED0ED-LeaderElection29] INFO  impl.LeaderElection (LeaderElection.java:logAndReturn(56)) - aed1b97f-105e-4684-b087-4b6333aa3ced@group-F043E0AED0ED-LeaderElection29: Election REJECTED; received 2 response(s) [aed1b97f-105e-4684-b087-4b6333aa3ced<-1c51b35f-55cb-4636-a00c-83d34bf2d9d4#0:FAIL-t26, aed1b97f-105e-4684-b087-4b6333aa3ced<-d21ee1f1-33f6-483c-a18b-27782ce1915a#0:FAIL-t26] and 0 exception(s); aed1b97f-105e-4684-b087-4b6333aa3ced@group-F043E0AED0ED:t26, leader=null, voted=aed1b97f-105e-4684-b087-4b6333aa3ced, raftlog=aed1b97f-105e-4684-b087-4b6333aa3ced@group-F043E0AED0ED-SegmentedRaftLog:OPENED:c-1,f-1,i0, conf=-1: [aed1b97f-105e-4684-b087-4b6333aa3ced:192.168.157.195:34943, 1c51b35f-55cb-4636-a00c-83d34bf2d9d4:192.168.157.195:34693, d21ee1f1-33f6-483c-a18b-27782ce1915a:192.168.157.195:46462], old=null
2019-10-23 22:21:42,888 [aed1b97f-105e-4684-b087-4b6333aa3ced@group-F043E0AED0ED-LeaderElection29] INFO  impl.RaftServerImpl (RaftServerImpl.java:setRole(184)) - aed1b97f-105e-4684-b087-4b6333aa3ced@group-F043E0AED0ED: changes role from CANDIDATE to FOLLOWER at term 26 for DISCOVERED_A_NEW_TERM
2019-10-23 22:21:42,888 [aed1b97f-105e-4684-b087-4b6333aa3ced@group-F043E0AED0ED-LeaderElection29] INFO  impl.RoleInfo (RoleInfo.java:shutdownLeaderElection(134)) - aed1b97f-105e-4684-b087-4b6333aa3ced: shutdown LeaderElection
2019-10-23 22:21:42,888 [aed1b97f-105e-4684-b087-4b6333aa3ced@group-F043E0AED0ED-LeaderElection29] INFO  impl.RoleInfo (RoleInfo.java:updateAndGet(143)) - aed1b97f-105e-4684-b087-4b6333aa3ced: start FollowerState
2019-10-23 22:21:42,945 [Thread-400] INFO  impl.FollowerState (FollowerState.java:run(108)) - aed1b97f-105e-4684-b087-4b6333aa3ced@group-F043E0AED0ED-FollowerState: change to CANDIDATE, lastRpcTime:56ms, electionTimeout:56ms
2019-10-23 22:21:42,946 [Thread-400] INFO  impl.RoleInfo (RoleInfo.java:shutdownFollowerState(121)) - aed1b97f-105e-4684-b087-4b6333aa3ced: shutdown FollowerState
2019-10-23 22:21:42,947 [Thread-400] INFO  impl.RaftServerImpl (RaftServerImpl.java:setRole(184)) - aed1b97f-105e-4684-b087-4b6333aa3ced@group-F043E0AED0ED: changes role from  FOLLOWER to CANDIDATE at term 26 for changeToCandidate
2019-10-23 22:21:42,949 [Thread-400] INFO  impl.RoleInfo (RoleInfo.java:updateAndGet(143)) - aed1b97f-105e-4684-b087-4b6333aa3ced: start LeaderElection
2019-10-23 22:21:42,973 [aed1b97f-105e-4684-b087-4b6333aa3ced@group-F043E0AED0ED-LeaderElection30] INFO  impl.LeaderElection (LeaderElection.java:askForVotes(178)) - aed1b97f-105e-4684-b087-4b6333aa3ced@group-F043E0AED0ED-LeaderElection30: begin an election at term 27 for -1: [aed1b97f-105e-4684-b087-4b6333aa3ced:192.168.157.195:34943, 1c51b35f-55cb-4636-a00c-83d34bf2d9d4:192.168.157.195:34693, d21ee1f1-33f6-483c-a18b-27782ce1915a:192.168.157.195:46462], old=null
2019-10-23 22:21:42,977 [grpc-default-executor-4] INFO  impl.RaftServerImpl (RaftServerImpl.java:setRole(184)) - 1c51b35f-55cb-4636-a00c-83d34bf2d9d4@group-F043E0AED0ED: changes role from  FOLLOWER to FOLLOWER at term 27 for recognizeCandidate:aed1b97f-105e-4684-b087-4b6333aa3ced
2019-10-23 22:21:42,978 [grpc-default-executor-4] INFO  impl.RoleInfo (RoleInfo.java:shutdownFollowerState(121)) - 1c51b35f-55cb-4636-a00c-83d34bf2d9d4: shutdown FollowerState
2019-10-23 22:21:42,978 [grpc-default-executor-0] INFO  impl.RaftServerImpl (RaftServerImpl.java:setRole(184)) - d21ee1f1-33f6-483c-a18b-27782ce1915a@group-F043E0AED0ED: changes role from  FOLLOWER to FOLLOWER at term 27 for recognizeCandidate:aed1b97f-105e-4684-b087-4b6333aa3ced
2019-10-23 22:21:42,978 [grpc-default-executor-4] INFO  impl.RoleInfo (RoleInfo.java:updateAndGet(143)) - 1c51b35f-55cb-4636-a00c-83d34bf2d9d4: start FollowerState
2019-10-23 22:21:42,978 [Thread-398] INFO  impl.FollowerState (FollowerState.java:run(117)) - 1c51b35f-55cb-4636-a00c-83d34bf2d9d4@group-F043E0AED0ED-FollowerState was interrupted: java.lang.InterruptedException: sleep interrupted
2019-10-23 22:21:42,978 [grpc-default-executor-0] INFO  impl.RoleInfo (RoleInfo.java:shutdownFollowerState(121)) - d21ee1f1-33f6-483c-a18b-27782ce1915a: shutdown FollowerState
2019-10-23 22:21:42,978 [grpc-default-executor-0] INFO  impl.RoleInfo (RoleInfo.java:updateAndGet(143)) - d21ee1f1-33f6-483c-a18b-27782ce1915a: start FollowerState
2019-10-23 22:21:42,978 [Thread-399] INFO  impl.FollowerState (FollowerState.java:run(117)) - d21ee1f1-33f6-483c-a18b-27782ce1915a@group-F043E0AED0ED-FollowerState was interrupted: java.lang.InterruptedException: sleep interrupted
2019-10-23 22:21:43,006 [aed1b97f-105e-4684-b087-4b6333aa3ced@group-F043E0AED0ED-LeaderElection30] INFO  impl.LeaderElection (LeaderElection.java:logAndReturn(56)) - aed1b97f-105e-4684-b087-4b6333aa3ced@group-F043E0AED0ED-LeaderElection30: Election REJECTED; received 2 response(s) [aed1b97f-105e-4684-b087-4b6333aa3ced<-1c51b35f-55cb-4636-a00c-83d34bf2d9d4#0:FAIL-t27, aed1b97f-105e-4684-b087-4b6333aa3ced<-d21ee1f1-33f6-483c-a18b-27782ce1915a#0:FAIL-t27] and 0 exception(s); aed1b97f-105e-4684-b087-4b6333aa3ced@group-F043E0AED0ED:t27, leader=null, voted=aed1b97f-105e-4684-b087-4b6333aa3ced, raftlog=aed1b97f-105e-4684-b087-4b6333aa3ced@group-F043E0AED0ED-SegmentedRaftLog:OPENED:c-1,f-1,i0, conf=-1: [aed1b97f-105e-4684-b087-4b6333aa3ced:192.168.157.195:34943, 1c51b35f-55cb-4636-a00c-83d34bf2d9d4:192.168.157.195:34693, d21ee1f1-33f6-483c-a18b-27782ce1915a:192.168.157.195:46462], old=null
2019-10-23 22:21:43,006 [aed1b97f-105e-4684-b087-4b6333aa3ced@group-F043E0AED0ED-LeaderElection30] INFO  impl.RaftServerImpl (RaftServerImpl.java:setRole(184)) - aed1b97f-105e-4684-b087-4b6333aa3ced@group-F043E0AED0ED: changes role from CANDIDATE to FOLLOWER at term 27 for DISCOVERED_A_NEW_TERM
2019-10-23 22:21:43,006 [aed1b97f-105e-4684-b087-4b6333aa3ced@group-F043E0AED0ED-LeaderElection30] INFO  impl.RoleInfo (RoleInfo.java:shutdownLeaderElection(134)) - aed1b97f-105e-4684-b087-4b6333aa3ced: shutdown LeaderElection
2019-10-23 22:21:43,006 [aed1b97f-105e-4684-b087-4b6333aa3ced@group-F043E0AED0ED-LeaderElection30] INFO  impl.RoleInfo (RoleInfo.java:updateAndGet(143)) - aed1b97f-105e-4684-b087-4b6333aa3ced: start FollowerState
2019-10-23 22:21:43,109 [Thread-406] INFO  impl.FollowerState (FollowerState.java:run(108)) - aed1b97f-105e-4684-b087-4b6333aa3ced@group-F043E0AED0ED-FollowerState: change to CANDIDATE, lastRpcTime:102ms, electionTimeout:102ms
2019-10-23 22:21:43,111 [Thread-406] INFO  impl.RoleInfo (RoleInfo.java:shutdownFollowerState(121)) - aed1b97f-105e-4684-b087-4b6333aa3ced: shutdown FollowerState
2019-10-23 22:21:43,111 [Thread-406] INFO  impl.RaftServerImpl (RaftServerImpl.java:setRole(184)) - aed1b97f-105e-4684-b087-4b6333aa3ced@group-F043E0AED0ED: changes role from  FOLLOWER to CANDIDATE at term 27 for changeToCandidate
2019-10-23 22:21:43,111 [Thread-406] INFO  impl.RoleInfo (RoleInfo.java:updateAndGet(143)) - aed1b97f-105e-4684-b087-4b6333aa3ced: start LeaderElection
2019-10-23 22:21:43,137 [aed1b97f-105e-4684-b087-4b6333aa3ced@group-F043E0AED0ED-LeaderElection31] INFO  impl.LeaderElection (LeaderElection.java:askForVotes(178)) - aed1b97f-105e-4684-b087-4b6333aa3ced@group-F043E0AED0ED-LeaderElection31: begin an election at term 28 for -1: [aed1b97f-105e-4684-b087-4b6333aa3ced:192.168.157.195:34943, 1c51b35f-55cb-4636-a00c-83d34bf2d9d4:192.168.157.195:34693, d21ee1f1-33f6-483c-a18b-27782ce1915a:192.168.157.195:46462], old=null
2019-10-23 22:21:43,141 [grpc-default-executor-0] INFO  impl.RaftServerImpl (RaftServerImpl.java:setRole(184)) - d21ee1f1-33f6-483c-a18b-27782ce1915a@group-F043E0AED0ED: changes role from  FOLLOWER to FOLLOWER at term 28 for recognizeCandidate:aed1b97f-105e-4684-b087-4b6333aa3ced
2019-10-23 22:21:43,141 [grpc-default-executor-4] INFO  impl.RaftServerImpl (RaftServerImpl.java:setRole(184)) - 1c51b35f-55cb-4636-a00c-83d34bf2d9d4@group-F043E0AED0ED: changes role from  FOLLOWER to FOLLOWER at term 28 for recognizeCandidate:aed1b97f-105e-4684-b087-4b6333aa3ced
2019-10-23 22:21:43,141 [grpc-default-executor-0] INFO  impl.RoleInfo (RoleInfo.java:shutdownFollowerState(121)) - d21ee1f1-33f6-483c-a18b-27782ce1915a: shutdown FollowerState
2019-10-23 22:21:43,142 [grpc-default-executor-4] INFO  impl.RoleInfo (RoleInfo.java:shutdownFollowerState(121)) - 1c51b35f-55cb-4636-a00c-83d34bf2d9d4: shutdown FollowerState
2019-10-23 22:21:43,142 [Thread-405] INFO  impl.FollowerState (FollowerState.java:run(117)) - d21ee1f1-33f6-483c-a18b-27782ce1915a@group-F043E0AED0ED-FollowerState was interrupted: java.lang.InterruptedException: sleep interrupted
2019-10-23 22:21:43,142 [Thread-404] INFO  impl.FollowerState (FollowerState.java:run(117)) - 1c51b35f-55cb-4636-a00c-83d34bf2d9d4@group-F043E0AED0ED-FollowerState was interrupted: java.lang.InterruptedException: sleep interrupted
2019-10-23 22:21:43,142 [grpc-default-executor-0] INFO  impl.RoleInfo (RoleInfo.java:updateAndGet(143)) - d21ee1f1-33f6-483c-a18b-27782ce1915a: start FollowerState
2019-10-23 22:21:43,142 [grpc-default-executor-4] INFO  impl.RoleInfo (RoleInfo.java:updateAndGet(143)) - 1c51b35f-55cb-4636-a00c-83d34bf2d9d4: start FollowerState
2019-10-23 22:21:43,159 [aed1b97f-105e-4684-b087-4b6333aa3ced@group-F043E0AED0ED-LeaderElection31] INFO  impl.LeaderElection (LeaderElection.java:logAndReturn(56)) - aed1b97f-105e-4684-b087-4b6333aa3ced@group-F043E0AED0ED-LeaderElection31: Election REJECTED; received 2 response(s) [aed1b97f-105e-4684-b087-4b6333aa3ced<-1c51b35f-55cb-4636-a00c-83d34bf2d9d4#0:FAIL-t28, aed1b97f-105e-4684-b087-4b6333aa3ced<-d21ee1f1-33f6-483c-a18b-27782ce1915a#0:FAIL-t28] and 0 exception(s); aed1b97f-105e-4684-b087-4b6333aa3ced@group-F043E0AED0ED:t28, leader=null, voted=aed1b97f-105e-4684-b087-4b6333aa3ced, raftlog=aed1b97f-105e-4684-b087-4b6333aa3ced@group-F043E0AED0ED-SegmentedRaftLog:OPENED:c-1,f-1,i0, conf=-1: [aed1b97f-105e-4684-b087-4b6333aa3ced:192.168.157.195:34943, 1c51b35f-55cb-4636-a00c-83d34bf2d9d4:192.168.157.195:34693, d21ee1f1-33f6-483c-a18b-27782ce1915a:192.168.157.195:46462], old=null
2019-10-23 22:21:43,159 [aed1b97f-105e-4684-b087-4b6333aa3ced@group-F043E0AED0ED-LeaderElection31] INFO  impl.RaftServerImpl (RaftServerImpl.java:setRole(184)) - aed1b97f-105e-4684-b087-4b6333aa3ced@group-F043E0AED0ED: changes role from CANDIDATE to FOLLOWER at term 28 for DISCOVERED_A_NEW_TERM
2019-10-23 22:21:43,159 [aed1b97f-105e-4684-b087-4b6333aa3ced@group-F043E0AED0ED-LeaderElection31] INFO  impl.RoleInfo (RoleInfo.java:shutdownLeaderElection(134)) - aed1b97f-105e-4684-b087-4b6333aa3ced: shutdown LeaderElection
2019-10-23 22:21:43,159 [aed1b97f-105e-4684-b087-4b6333aa3ced@group-F043E0AED0ED-LeaderElection31] INFO  impl.RoleInfo (RoleInfo.java:updateAndGet(143)) - aed1b97f-105e-4684-b087-4b6333aa3ced: start FollowerState
2019-10-23 22:21:43,182 [Thread-412] INFO  impl.FollowerState (FollowerState.java:run(108)) - aed1b97f-105e-4684-b087-4b6333aa3ced@group-F043E0AED0ED-FollowerState: change to CANDIDATE, lastRpcTime:22ms, electionTimeout:22ms
2019-10-23 22:21:43,183 [Thread-412] INFO  impl.RoleInfo (RoleInfo.java:shutdownFollowerState(121)) - aed1b97f-105e-4684-b087-4b6333aa3ced: shutdown FollowerState
2019-10-23 22:21:43,183 [Thread-412] INFO  impl.RaftServerImpl (RaftServerImpl.java:setRole(184)) - aed1b97f-105e-4684-b087-4b6333aa3ced@group-F043E0AED0ED: changes role from  FOLLOWER to CANDIDATE at term 28 for changeToCandidate
2019-10-23 22:21:43,184 [Thread-412] INFO  impl.RoleInfo (RoleInfo.java:updateAndGet(143)) - aed1b97f-105e-4684-b087-4b6333aa3ced: start LeaderElection
2019-10-23 22:21:43,210 [aed1b97f-105e-4684-b087-4b6333aa3ced@group-F043E0AED0ED-LeaderElection32] INFO  impl.LeaderElection (LeaderElection.java:askForVotes(178)) - aed1b97f-105e-4684-b087-4b6333aa3ced@group-F043E0AED0ED-LeaderElection32: begin an election at term 29 for -1: [aed1b97f-105e-4684-b087-4b6333aa3ced:192.168.157.195:34943, 1c51b35f-55cb-4636-a00c-83d34bf2d9d4:192.168.157.195:34693, d21ee1f1-33f6-483c-a18b-27782ce1915a:192.168.157.195:46462], old=null
2019-10-23 22:21:43,213 [grpc-default-executor-4] INFO  impl.RaftServerImpl (RaftServerImpl.java:setRole(184)) - 1c51b35f-55cb-4636-a00c-83d34bf2d9d4@group-F043E0AED0ED: changes role from  FOLLOWER to FOLLOWER at term 29 for recognizeCandidate:aed1b97f-105e-4684-b087-4b6333aa3ced
2019-10-23 22:21:43,213 [grpc-default-executor-0] INFO  impl.RaftServerImpl (RaftServerImpl.java:setRole(184)) - d21ee1f1-33f6-483c-a18b-27782ce1915a@group-F043E0AED0ED: changes role from  FOLLOWER to FOLLOWER at term 29 for recognizeCandidate:aed1b97f-105e-4684-b087-4b6333aa3ced
2019-10-23 22:21:43,214 [grpc-default-executor-4] INFO  impl.RoleInfo (RoleInfo.java:shutdownFollowerState(121)) - 1c51b35f-55cb-4636-a00c-83d34bf2d9d4: shutdown FollowerState
2019-10-23 22:21:43,214 [grpc-default-executor-0] INFO  impl.RoleInfo (RoleInfo.java:shutdownFollowerState(121)) - d21ee1f1-33f6-483c-a18b-27782ce1915a: shutdown FollowerState
2019-10-23 22:21:43,214 [Thread-411] INFO  impl.FollowerState (FollowerState.java:run(117)) - 1c51b35f-55cb-4636-a00c-83d34bf2d9d4@group-F043E0AED0ED-FollowerState was interrupted: java.lang.InterruptedException: sleep interrupted
2019-10-23 22:21:43,214 [grpc-default-executor-0] INFO  impl.RoleInfo (RoleInfo.java:updateAndGet(143)) - d21ee1f1-33f6-483c-a18b-27782ce1915a: start FollowerState
2019-10-23 22:21:43,214 [grpc-default-executor-4] INFO  impl.RoleInfo (RoleInfo.java:updateAndGet(143)) - 1c51b35f-55cb-4636-a00c-83d34bf2d9d4: start FollowerState
2019-10-23 22:21:43,214 [Thread-410] INFO  impl.FollowerState (FollowerState.java:run(117)) - d21ee1f1-33f6-483c-a18b-27782ce1915a@group-F043E0AED0ED-FollowerState was interrupted: java.lang.InterruptedException: sleep interrupted
2019-10-23 22:21:43,232 [aed1b97f-105e-4684-b087-4b6333aa3ced@group-F043E0AED0ED-LeaderElection32] INFO  impl.LeaderElection (LeaderElection.java:logAndReturn(56)) - aed1b97f-105e-4684-b087-4b6333aa3ced@group-F043E0AED0ED-LeaderElection32: Election TIMEOUT; received 0 response(s) [] and 0 exception(s); aed1b97f-105e-4684-b087-4b6333aa3ced@group-F043E0AED0ED:t29, leader=null, voted=aed1b97f-105e-4684-b087-4b6333aa3ced, raftlog=aed1b97f-105e-4684-b087-4b6333aa3ced@group-F043E0AED0ED-SegmentedRaftLog:OPENED:c-1,f-1,i0, conf=-1: [aed1b97f-105e-4684-b087-4b6333aa3ced:192.168.157.195:34943, 1c51b35f-55cb-4636-a00c-83d34bf2d9d4:192.168.157.195:34693, d21ee1f1-33f6-483c-a18b-27782ce1915a:192.168.157.195:46462], old=null
2019-10-23 22:21:43,243 [aed1b97f-105e-4684-b087-4b6333aa3ced@group-F043E0AED0ED-LeaderElection32] INFO  impl.LeaderElection (LeaderElection.java:askForVotes(178)) - aed1b97f-105e-4684-b087-4b6333aa3ced@group-F043E0AED0ED-LeaderElection32: begin an election at term 30 for -1: [aed1b97f-105e-4684-b087-4b6333aa3ced:192.168.157.195:34943, 1c51b35f-55cb-4636-a00c-83d34bf2d9d4:192.168.157.195:34693, d21ee1f1-33f6-483c-a18b-27782ce1915a:192.168.157.195:46462], old=null
2019-10-23 22:21:43,245 [grpc-default-executor-4] INFO  impl.RaftServerImpl (RaftServerImpl.java:setRole(184)) - 1c51b35f-55cb-4636-a00c-83d34bf2d9d4@group-F043E0AED0ED: changes role from  FOLLOWER to FOLLOWER at term 30 for recognizeCandidate:aed1b97f-105e-4684-b087-4b6333aa3ced
2019-10-23 22:21:43,246 [grpc-default-executor-4] INFO  impl.RoleInfo (RoleInfo.java:shutdownFollowerState(121)) - 1c51b35f-55cb-4636-a00c-83d34bf2d9d4: shutdown FollowerState
2019-10-23 22:21:43,245 [grpc-default-executor-0] INFO  impl.RaftServerImpl (RaftServerImpl.java:setRole(184)) - d21ee1f1-33f6-483c-a18b-27782ce1915a@group-F043E0AED0ED: changes role from  FOLLOWER to FOLLOWER at term 30 for recognizeCandidate:aed1b97f-105e-4684-b087-4b6333aa3ced
2019-10-23 22:21:43,247 [Thread-416] INFO  impl.FollowerState (FollowerState.java:run(117)) - 1c51b35f-55cb-4636-a00c-83d34bf2d9d4@group-F043E0AED0ED-FollowerState was interrupted: java.lang.InterruptedException: sleep interrupted
2019-10-23 22:21:43,247 [grpc-default-executor-4] INFO  impl.RoleInfo (RoleInfo.java:updateAndGet(143)) - 1c51b35f-55cb-4636-a00c-83d34bf2d9d4: start FollowerState
2019-10-23 22:21:43,247 [grpc-default-executor-0] INFO  impl.RoleInfo (RoleInfo.java:shutdownFollowerState(121)) - d21ee1f1-33f6-483c-a18b-27782ce1915a: shutdown FollowerState
2019-10-23 22:21:43,247 [Thread-417] INFO  impl.FollowerState (FollowerState.java:run(117)) - d21ee1f1-33f6-483c-a18b-27782ce1915a@group-F043E0AED0ED-FollowerState was interrupted: java.lang.InterruptedException: sleep interrupted
2019-10-23 22:21:43,247 [grpc-default-executor-0] INFO  impl.RoleInfo (RoleInfo.java:updateAndGet(143)) - d21ee1f1-33f6-483c-a18b-27782ce1915a: start FollowerState
2019-10-23 22:21:43,274 [aed1b97f-105e-4684-b087-4b6333aa3ced@group-F043E0AED0ED-LeaderElection32] INFO  impl.LeaderElection (LeaderElection.java:logAndReturn(56)) - aed1b97f-105e-4684-b087-4b6333aa3ced@group-F043E0AED0ED-LeaderElection32: Election REJECTED; received 2 response(s) [aed1b97f-105e-4684-b087-4b6333aa3ced<-1c51b35f-55cb-4636-a00c-83d34bf2d9d4#0:FAIL-t30, aed1b97f-105e-4684-b087-4b6333aa3ced<-d21ee1f1-33f6-483c-a18b-27782ce1915a#0:FAIL-t30] and 0 exception(s); aed1b97f-105e-4684-b087-4b6333aa3ced@group-F043E0AED0ED:t30, leader=null, voted=aed1b97f-105e-4684-b087-4b6333aa3ced, raftlog=aed1b97f-105e-4684-b087-4b6333aa3ced@group-F043E0AED0ED-SegmentedRaftLog:OPENED:c-1,f-1,i0, conf=-1: [aed1b97f-105e-4684-b087-4b6333aa3ced:192.168.157.195:34943, 1c51b35f-55cb-4636-a00c-83d34bf2d9d4:192.168.157.195:34693, d21ee1f1-33f6-483c-a18b-27782ce1915a:192.168.157.195:46462], old=null
2019-10-23 22:21:43,274 [aed1b97f-105e-4684-b087-4b6333aa3ced@group-F043E0AED0ED-LeaderElection32] INFO  impl.RaftServerImpl (RaftServerImpl.java:setRole(184)) - aed1b97f-105e-4684-b087-4b6333aa3ced@group-F043E0AED0ED: changes role from CANDIDATE to FOLLOWER at term 30 for DISCOVERED_A_NEW_TERM
2019-10-23 22:21:43,274 [aed1b97f-105e-4684-b087-4b6333aa3ced@group-F043E0AED0ED-LeaderElection32] INFO  impl.RoleInfo (RoleInfo.java:shutdownLeaderElection(134)) - aed1b97f-105e-4684-b087-4b6333aa3ced: shutdown LeaderElection
2019-10-23 22:21:43,275 [aed1b97f-105e-4684-b087-4b6333aa3ced@group-F043E0AED0ED-LeaderElection32] INFO  impl.RoleInfo (RoleInfo.java:updateAndGet(143)) - aed1b97f-105e-4684-b087-4b6333aa3ced: start FollowerState
2019-10-23 22:21:43,372 [Thread-422] INFO  impl.FollowerState (FollowerState.java:run(108)) - aed1b97f-105e-4684-b087-4b6333aa3ced@group-F043E0AED0ED-FollowerState: change to CANDIDATE, lastRpcTime:97ms, electionTimeout:97ms
2019-10-23 22:21:43,374 [Thread-422] INFO  impl.RoleInfo (RoleInfo.java:shutdownFollowerState(121)) - aed1b97f-105e-4684-b087-4b6333aa3ced: shutdown FollowerState
2019-10-23 22:21:43,374 [Thread-422] INFO  impl.RaftServerImpl (RaftServerImpl.java:setRole(184)) - aed1b97f-105e-4684-b087-4b6333aa3ced@group-F043E0AED0ED: changes role from  FOLLOWER to CANDIDATE at term 30 for changeToCandidate
2019-10-23 22:21:43,374 [Thread-422] INFO  impl.RoleInfo (RoleInfo.java:updateAndGet(143)) - aed1b97f-105e-4684-b087-4b6333aa3ced: start LeaderElection
2019-10-23 22:21:43,408 [aed1b97f-105e-4684-b087-4b6333aa3ced@group-F043E0AED0ED-LeaderElection33] INFO  impl.LeaderElection (LeaderElection.java:askForVotes(178)) - aed1b97f-105e-4684-b087-4b6333aa3ced@group-F043E0AED0ED-LeaderElection33: begin an election at term 31 for -1: [aed1b97f-105e-4684-b087-4b6333aa3ced:192.168.157.195:34943, 1c51b35f-55cb-4636-a00c-83d34bf2d9d4:192.168.157.195:34693, d21ee1f1-33f6-483c-a18b-27782ce1915a:192.168.157.195:46462], old=null
2019-10-23 22:21:43,413 [grpc-default-executor-0] INFO  impl.RaftServerImpl (RaftServerImpl.java:setRole(184)) - d21ee1f1-33f6-483c-a18b-27782ce1915a@group-F043E0AED0ED: changes role from  FOLLOWER to FOLLOWER at term 31 for recognizeCandidate:aed1b97f-105e-4684-b087-4b6333aa3ced
2019-10-23 22:21:43,413 [grpc-default-executor-4] INFO  impl.RaftServerImpl (RaftServerImpl.java:setRole(184)) - 1c51b35f-55cb-4636-a00c-83d34bf2d9d4@group-F043E0AED0ED: changes role from  FOLLOWER to FOLLOWER at term 31 for recognizeCandidate:aed1b97f-105e-4684-b087-4b6333aa3ced
2019-10-23 22:21:43,413 [grpc-default-executor-0] INFO  impl.RoleInfo (RoleInfo.java:shutdownFollowerState(121)) - d21ee1f1-33f6-483c-a18b-27782ce1915a: shutdown FollowerState
2019-10-23 22:21:43,413 [grpc-default-executor-4] INFO  impl.RoleInfo (RoleInfo.java:shutdownFollowerState(121)) - 1c51b35f-55cb-4636-a00c-83d34bf2d9d4: shutdown FollowerState
2019-10-23 22:21:43,413 [Thread-421] INFO  impl.FollowerState (FollowerState.java:run(117)) - d21ee1f1-33f6-483c-a18b-27782ce1915a@group-F043E0AED0ED-FollowerState was interrupted: java.lang.InterruptedException: sleep interrupted
2019-10-23 22:21:43,413 [grpc-default-executor-0] INFO  impl.RoleInfo (RoleInfo.java:updateAndGet(143)) - d21ee1f1-33f6-483c-a18b-27782ce1915a: start FollowerState
2019-10-23 22:21:43,414 [Thread-420] INFO  impl.FollowerState (FollowerState.java:run(117)) - 1c51b35f-55cb-4636-a00c-83d34bf2d9d4@group-F043E0AED0ED-FollowerState was interrupted: java.lang.InterruptedException: sleep interrupted
2019-10-23 22:21:43,414 [grpc-default-executor-4] INFO  impl.RoleInfo (RoleInfo.java:updateAndGet(143)) - 1c51b35f-55cb-4636-a00c-83d34bf2d9d4: start FollowerState
2019-10-23 22:21:43,430 [aed1b97f-105e-4684-b087-4b6333aa3ced@group-F043E0AED0ED-LeaderElection33] INFO  impl.LeaderElection (LeaderElection.java:logAndReturn(56)) - aed1b97f-105e-4684-b087-4b6333aa3ced@group-F043E0AED0ED-LeaderElection33: Election REJECTED; received 2 response(s) [aed1b97f-105e-4684-b087-4b6333aa3ced<-1c51b35f-55cb-4636-a00c-83d34bf2d9d4#0:FAIL-t31, aed1b97f-105e-4684-b087-4b6333aa3ced<-d21ee1f1-33f6-483c-a18b-27782ce1915a#0:FAIL-t31] and 0 exception(s); aed1b97f-105e-4684-b087-4b6333aa3ced@group-F043E0AED0ED:t31, leader=null, voted=aed1b97f-105e-4684-b087-4b6333aa3ced, raftlog=aed1b97f-105e-4684-b087-4b6333aa3ced@group-F043E0AED0ED-SegmentedRaftLog:OPENED:c-1,f-1,i0, conf=-1: [aed1b97f-105e-4684-b087-4b6333aa3ced:192.168.157.195:34943, 1c51b35f-55cb-4636-a00c-83d34bf2d9d4:192.168.157.195:34693, d21ee1f1-33f6-483c-a18b-27782ce1915a:192.168.157.195:46462], old=null
2019-10-23 22:21:43,431 [aed1b97f-105e-4684-b087-4b6333aa3ced@group-F043E0AED0ED-LeaderElection33] INFO  impl.RaftServerImpl (RaftServerImpl.java:setRole(184)) - aed1b97f-105e-4684-b087-4b6333aa3ced@group-F043E0AED0ED: changes role from CANDIDATE to FOLLOWER at term 31 for DISCOVERED_A_NEW_TERM
2019-10-23 22:21:43,431 [aed1b97f-105e-4684-b087-4b6333aa3ced@group-F043E0AED0ED-LeaderElection33] INFO  impl.RoleInfo (RoleInfo.java:shutdownLeaderElection(134)) - aed1b97f-105e-4684-b087-4b6333aa3ced: shutdown LeaderElection
2019-10-23 22:21:43,431 [aed1b97f-105e-4684-b087-4b6333aa3ced@group-F043E0AED0ED-LeaderElection33] INFO  impl.RoleInfo (RoleInfo.java:updateAndGet(143)) - aed1b97f-105e-4684-b087-4b6333aa3ced: start FollowerState
2019-10-23 22:21:43,614 [Thread-428] INFO  impl.FollowerState (FollowerState.java:run(108)) - aed1b97f-105e-4684-b087-4b6333aa3ced@group-F043E0AED0ED-FollowerState: change to CANDIDATE, lastRpcTime:183ms, electionTimeout:183ms
2019-10-23 22:21:43,616 [Thread-428] INFO  impl.RoleInfo (RoleInfo.java:shutdownFollowerState(121)) - aed1b97f-105e-4684-b087-4b6333aa3ced: shutdown FollowerState
2019-10-23 22:21:43,617 [Thread-428] INFO  impl.RaftServerImpl (RaftServerImpl.java:setRole(184)) - aed1b97f-105e-4684-b087-4b6333aa3ced@group-F043E0AED0ED: changes role from  FOLLOWER to CANDIDATE at term 31 for changeToCandidate
2019-10-23 22:21:43,617 [Thread-428] INFO  impl.RoleInfo (RoleInfo.java:updateAndGet(143)) - aed1b97f-105e-4684-b087-4b6333aa3ced: start LeaderElection
2019-10-23 22:21:43,643 [aed1b97f-105e-4684-b087-4b6333aa3ced@group-F043E0AED0ED-LeaderElection34] INFO  impl.LeaderElection (LeaderElection.java:askForVotes(178)) - aed1b97f-105e-4684-b087-4b6333aa3ced@group-F043E0AED0ED-LeaderElection34: begin an election at term 32 for -1: [aed1b97f-105e-4684-b087-4b6333aa3ced:192.168.157.195:34943, 1c51b35f-55cb-4636-a00c-83d34bf2d9d4:192.168.157.195:34693, d21ee1f1-33f6-483c-a18b-27782ce1915a:192.168.157.195:46462], old=null
2019-10-23 22:21:43,647 [grpc-default-executor-4] INFO  impl.RaftServerImpl (RaftServerImpl.java:setRole(184)) - 1c51b35f-55cb-4636-a00c-83d34bf2d9d4@group-F043E0AED0ED: changes role from  FOLLOWER to FOLLOWER at term 32 for recognizeCandidate:aed1b97f-105e-4684-b087-4b6333aa3ced
2019-10-23 22:21:43,647 [grpc-default-executor-4] INFO  impl.RoleInfo (RoleInfo.java:shutdownFollowerState(121)) - 1c51b35f-55cb-4636-a00c-83d34bf2d9d4: shutdown FollowerState
2019-10-23 22:21:43,647 [grpc-default-executor-0] INFO  impl.RaftServerImpl (RaftServerImpl.java:setRole(184)) - d21ee1f1-33f6-483c-a18b-27782ce1915a@group-F043E0AED0ED: changes role from  FOLLOWER to FOLLOWER at term 32 for recognizeCandidate:aed1b97f-105e-4684-b087-4b6333aa3ced
2019-10-23 22:21:43,647 [Thread-427] INFO  impl.FollowerState (FollowerState.java:run(117)) - 1c51b35f-55cb-4636-a00c-83d34bf2d9d4@group-F043E0AED0ED-FollowerState was interrupted: java.lang.InterruptedException: sleep interrupted
2019-10-23 22:21:43,647 [grpc-default-executor-4] INFO  impl.RoleInfo (RoleInfo.java:updateAndGet(143)) - 1c51b35f-55cb-4636-a00c-83d34bf2d9d4: start FollowerState
2019-10-23 22:21:43,647 [grpc-default-executor-0] INFO  impl.RoleInfo (RoleInfo.java:shutdownFollowerState(121)) - d21ee1f1-33f6-483c-a18b-27782ce1915a: shutdown FollowerState
2019-10-23 22:21:43,648 [grpc-default-executor-0] INFO  impl.RoleInfo (RoleInfo.java:updateAndGet(143)) - d21ee1f1-33f6-483c-a18b-27782ce1915a: start FollowerState
2019-10-23 22:21:43,648 [Thread-426] INFO  impl.FollowerState (FollowerState.java:run(117)) - d21ee1f1-33f6-483c-a18b-27782ce1915a@group-F043E0AED0ED-FollowerState was interrupted: java.lang.InterruptedException: sleep interrupted
2019-10-23 22:21:43,671 [aed1b97f-105e-4684-b087-4b6333aa3ced@group-F043E0AED0ED-LeaderElection34] INFO  impl.LeaderElection (LeaderElection.java:logAndReturn(56)) - aed1b97f-105e-4684-b087-4b6333aa3ced@group-F043E0AED0ED-LeaderElection34: Election REJECTED; received 2 response(s) [aed1b97f-105e-4684-b087-4b6333aa3ced<-1c51b35f-55cb-4636-a00c-83d34bf2d9d4#0:FAIL-t32, aed1b97f-105e-4684-b087-4b6333aa3ced<-d21ee1f1-33f6-483c-a18b-27782ce1915a#0:FAIL-t32] and 0 exception(s); aed1b97f-105e-4684-b087-4b6333aa3ced@group-F043E0AED0ED:t32, leader=null, voted=aed1b97f-105e-4684-b087-4b6333aa3ced, raftlog=aed1b97f-105e-4684-b087-4b6333aa3ced@group-F043E0AED0ED-SegmentedRaftLog:OPENED:c-1,f-1,i0, conf=-1: [aed1b97f-105e-4684-b087-4b6333aa3ced:192.168.157.195:34943, 1c51b35f-55cb-4636-a00c-83d34bf2d9d4:192.168.157.195:34693, d21ee1f1-33f6-483c-a18b-27782ce1915a:192.168.157.195:46462], old=null
2019-10-23 22:21:43,671 [aed1b97f-105e-4684-b087-4b6333aa3ced@group-F043E0AED0ED-LeaderElection34] INFO  impl.RaftServerImpl (RaftServerImpl.java:setRole(184)) - aed1b97f-105e-4684-b087-4b6333aa3ced@group-F043E0AED0ED: changes role from CANDIDATE to FOLLOWER at term 32 for DISCOVERED_A_NEW_TERM
2019-10-23 22:21:43,671 [aed1b97f-105e-4684-b087-4b6333aa3ced@group-F043E0AED0ED-LeaderElection34] INFO  impl.RoleInfo (RoleInfo.java:shutdownLeaderElection(134)) - aed1b97f-105e-4684-b087-4b6333aa3ced: shutdown LeaderElection
2019-10-23 22:21:43,673 [aed1b97f-105e-4684-b087-4b6333aa3ced@group-F043E0AED0ED-LeaderElection34] INFO  impl.RoleInfo (RoleInfo.java:updateAndGet(143)) - aed1b97f-105e-4684-b087-4b6333aa3ced: start FollowerState
2019-10-23 22:21:43,798 [Thread-436] INFO  impl.FollowerState (FollowerState.java:run(108)) - aed1b97f-105e-4684-b087-4b6333aa3ced@group-F043E0AED0ED-FollowerState: change to CANDIDATE, lastRpcTime:126ms, electionTimeout:125ms
2019-10-23 22:21:43,800 [Thread-436] INFO  impl.RoleInfo (RoleInfo.java:shutdownFollowerState(121)) - aed1b97f-105e-4684-b087-4b6333aa3ced: shutdown FollowerState
2019-10-23 22:21:43,800 [Thread-436] INFO  impl.RaftServerImpl (RaftServerImpl.java:setRole(184)) - aed1b97f-105e-4684-b087-4b6333aa3ced@group-F043E0AED0ED: changes role from  FOLLOWER to CANDIDATE at term 32 for changeToCandidate
2019-10-23 22:21:43,800 [Thread-436] INFO  impl.RoleInfo (RoleInfo.java:updateAndGet(143)) - aed1b97f-105e-4684-b087-4b6333aa3ced: start LeaderElection
2019-10-23 22:21:43,815 [aed1b97f-105e-4684-b087-4b6333aa3ced@group-F043E0AED0ED-LeaderElection35] INFO  impl.LeaderElection (LeaderElection.java:askForVotes(178)) - aed1b97f-105e-4684-b087-4b6333aa3ced@group-F043E0AED0ED-LeaderElection35: begin an election at term 33 for -1: [aed1b97f-105e-4684-b087-4b6333aa3ced:192.168.157.195:34943, 1c51b35f-55cb-4636-a00c-83d34bf2d9d4:192.168.157.195:34693, d21ee1f1-33f6-483c-a18b-27782ce1915a:192.168.157.195:46462], old=null
2019-10-23 22:21:43,819 [grpc-default-executor-3] INFO  impl.RaftServerImpl (RaftServerImpl.java:setRole(184)) - 1c51b35f-55cb-4636-a00c-83d34bf2d9d4@group-F043E0AED0ED: changes role from  FOLLOWER to FOLLOWER at term 33 for recognizeCandidate:aed1b97f-105e-4684-b087-4b6333aa3ced
2019-10-23 22:21:43,819 [grpc-default-executor-4] INFO  impl.RaftServerImpl (RaftServerImpl.java:setRole(184)) - d21ee1f1-33f6-483c-a18b-27782ce1915a@group-F043E0AED0ED: changes role from  FOLLOWER to FOLLOWER at term 33 for recognizeCandidate:aed1b97f-105e-4684-b087-4b6333aa3ced
2019-10-23 22:21:43,819 [grpc-default-executor-3] INFO  impl.RoleInfo (RoleInfo.java:shutdownFollowerState(121)) - 1c51b35f-55cb-4636-a00c-83d34bf2d9d4: shutdown FollowerState
2019-10-23 22:21:43,819 [grpc-default-executor-4] INFO  impl.RoleInfo (RoleInfo.java:shutdownFollowerState(121)) - d21ee1f1-33f6-483c-a18b-27782ce1915a: shutdown FollowerState
2019-10-23 22:21:43,819 [Thread-432] INFO  impl.FollowerState (FollowerState.java:run(117)) - 1c51b35f-55cb-4636-a00c-83d34bf2d9d4@group-F043E0AED0ED-FollowerState was interrupted: java.lang.InterruptedException: sleep interrupted
2019-10-23 22:21:43,819 [grpc-default-executor-3] INFO  impl.RoleInfo (RoleInfo.java:updateAndGet(143)) - 1c51b35f-55cb-4636-a00c-83d34bf2d9d4: start FollowerState
2019-10-23 22:21:43,819 [Thread-433] INFO  impl.FollowerState (FollowerState.java:run(117)) - d21ee1f1-33f6-483c-a18b-27782ce1915a@group-F043E0AED0ED-FollowerState was interrupted: java.lang.InterruptedException: sleep interrupted
2019-10-23 22:21:43,819 [grpc-default-executor-4] INFO  impl.RoleInfo (RoleInfo.java:updateAndGet(143)) - d21ee1f1-33f6-483c-a18b-27782ce1915a: start FollowerState
2019-10-23 22:21:43,846 [aed1b97f-105e-4684-b087-4b6333aa3ced@group-F043E0AED0ED-LeaderElection35] INFO  impl.LeaderElection (LeaderElection.java:logAndReturn(56)) - aed1b97f-105e-4684-b087-4b6333aa3ced@group-F043E0AED0ED-LeaderElection35: Election REJECTED; received 2 response(s) [aed1b97f-105e-4684-b087-4b6333aa3ced<-1c51b35f-55cb-4636-a00c-83d34bf2d9d4#0:FAIL-t33, aed1b97f-105e-4684-b087-4b6333aa3ced<-d21ee1f1-33f6-483c-a18b-27782ce1915a#0:FAIL-t33] and 0 exception(s); aed1b97f-105e-4684-b087-4b6333aa3ced@group-F043E0AED0ED:t33, leader=null, voted=aed1b97f-105e-4684-b087-4b6333aa3ced, raftlog=aed1b97f-105e-4684-b087-4b6333aa3ced@group-F043E0AED0ED-SegmentedRaftLog:OPENED:c-1,f-1,i0, conf=-1: [aed1b97f-105e-4684-b087-4b6333aa3ced:192.168.157.195:34943, 1c51b35f-55cb-4636-a00c-83d34bf2d9d4:192.168.157.195:34693, d21ee1f1-33f6-483c-a18b-27782ce1915a:192.168.157.195:46462], old=null
2019-10-23 22:21:43,847 [aed1b97f-105e-4684-b087-4b6333aa3ced@group-F043E0AED0ED-LeaderElection35] INFO  impl.RaftServerImpl (RaftServerImpl.java:setRole(184)) - aed1b97f-105e-4684-b087-4b6333aa3ced@group-F043E0AED0ED: changes role from CANDIDATE to FOLLOWER at term 33 for DISCOVERED_A_NEW_TERM
2019-10-23 22:21:43,847 [aed1b97f-105e-4684-b087-4b6333aa3ced@group-F043E0AED0ED-LeaderElection35] INFO  impl.RoleInfo (RoleInfo.java:shutdownLeaderElection(134)) - aed1b97f-105e-4684-b087-4b6333aa3ced: shutdown LeaderElection
2019-10-23 22:21:43,847 [aed1b97f-105e-4684-b087-4b6333aa3ced@group-F043E0AED0ED-LeaderElection35] INFO  impl.RoleInfo (RoleInfo.java:updateAndGet(143)) - aed1b97f-105e-4684-b087-4b6333aa3ced: start FollowerState
2019-10-23 22:21:43,886 [Thread-442] INFO  impl.FollowerState (FollowerState.java:run(108)) - aed1b97f-105e-4684-b087-4b6333aa3ced@group-F043E0AED0ED-FollowerState: change to CANDIDATE, lastRpcTime:39ms, electionTimeout:39ms
2019-10-23 22:21:43,888 [Thread-442] INFO  impl.RoleInfo (RoleInfo.java:shutdownFollowerState(121)) - aed1b97f-105e-4684-b087-4b6333aa3ced: shutdown FollowerState
2019-10-23 22:21:43,888 [Thread-442] INFO  impl.RaftServerImpl (RaftServerImpl.java:setRole(184)) - aed1b97f-105e-4684-b087-4b6333aa3ced@group-F043E0AED0ED: changes role from  FOLLOWER to CANDIDATE at term 33 for changeToCandidate
2019-10-23 22:21:43,889 [Thread-442] INFO  impl.RoleInfo (RoleInfo.java:updateAndGet(143)) - aed1b97f-105e-4684-b087-4b6333aa3ced: start LeaderElection
2019-10-23 22:21:43,903 [aed1b97f-105e-4684-b087-4b6333aa3ced@group-F043E0AED0ED-LeaderElection36] INFO  impl.LeaderElection (LeaderElection.java:askForVotes(178)) - aed1b97f-105e-4684-b087-4b6333aa3ced@group-F043E0AED0ED-LeaderElection36: begin an election at term 34 for -1: [aed1b97f-105e-4684-b087-4b6333aa3ced:192.168.157.195:34943, 1c51b35f-55cb-4636-a00c-83d34bf2d9d4:192.168.157.195:34693, d21ee1f1-33f6-483c-a18b-27782ce1915a:192.168.157.195:46462], old=null
2019-10-23 22:21:43,907 [grpc-default-executor-4] INFO  impl.RaftServerImpl (RaftServerImpl.java:setRole(184)) - 1c51b35f-55cb-4636-a00c-83d34bf2d9d4@group-F043E0AED0ED: changes role from  FOLLOWER to FOLLOWER at term 34 for recognizeCandidate:aed1b97f-105e-4684-b087-4b6333aa3ced
2019-10-23 22:21:43,907 [grpc-default-executor-3] INFO  impl.RaftServerImpl (RaftServerImpl.java:setRole(184)) - d21ee1f1-33f6-483c-a18b-27782ce1915a@group-F043E0AED0ED: changes role from  FOLLOWER to FOLLOWER at term 34 for recognizeCandidate:aed1b97f-105e-4684-b087-4b6333aa3ced
2019-10-23 22:21:43,907 [grpc-default-executor-4] INFO  impl.RoleInfo (RoleInfo.java:shutdownFollowerState(121)) - 1c51b35f-55cb-4636-a00c-83d34bf2d9d4: shutdown FollowerState
2019-10-23 22:21:43,907 [grpc-default-executor-3] INFO  impl.RoleInfo (RoleInfo.java:shutdownFollowerState(121)) - d21ee1f1-33f6-483c-a18b-27782ce1915a: shutdown FollowerState
2019-10-23 22:21:43,908 [Thread-440] INFO  impl.FollowerState (FollowerState.java:run(117)) - 1c51b35f-55cb-4636-a00c-83d34bf2d9d4@group-F043E0AED0ED-FollowerState was interrupted: java.lang.InterruptedException: sleep interrupted
2019-10-23 22:21:43,908 [grpc-default-executor-4] INFO  impl.RoleInfo (RoleInfo.java:updateAndGet(143)) - 1c51b35f-55cb-4636-a00c-83d34bf2d9d4: start FollowerState
2019-10-23 22:21:43,908 [Thread-441] INFO  impl.FollowerState (FollowerState.java:run(117)) - d21ee1f1-33f6-483c-a18b-27782ce1915a@group-F043E0AED0ED-FollowerState was interrupted: java.lang.InterruptedException: sleep interrupted
2019-10-23 22:21:43,908 [grpc-default-executor-3] INFO  impl.RoleInfo (RoleInfo.java:updateAndGet(143)) - d21ee1f1-33f6-483c-a18b-27782ce1915a: start FollowerState
2019-10-23 22:21:43,925 [aed1b97f-105e-4684-b087-4b6333aa3ced@group-F043E0AED0ED-LeaderElection36] INFO  impl.LeaderElection (LeaderElection.java:logAndReturn(56)) - aed1b97f-105e-4684-b087-4b6333aa3ced@group-F043E0AED0ED-LeaderElection36: Election REJECTED; received 2 response(s) [aed1b97f-105e-4684-b087-4b6333aa3ced<-1c51b35f-55cb-4636-a00c-83d34bf2d9d4#0:FAIL-t34, aed1b97f-105e-4684-b087-4b6333aa3ced<-d21ee1f1-33f6-483c-a18b-27782ce1915a#0:FAIL-t34] and 0 exception(s); aed1b97f-105e-4684-b087-4b6333aa3ced@group-F043E0AED0ED:t34, leader=null, voted=aed1b97f-105e-4684-b087-4b6333aa3ced, raftlog=aed1b97f-105e-4684-b087-4b6333aa3ced@group-F043E0AED0ED-SegmentedRaftLog:OPENED:c-1,f-1,i0, conf=-1: [aed1b97f-105e-4684-b087-4b6333aa3ced:192.168.157.195:34943, 1c51b35f-55cb-4636-a00c-83d34bf2d9d4:192.168.157.195:34693, d21ee1f1-33f6-483c-a18b-27782ce1915a:192.168.157.195:46462], old=null
2019-10-23 22:21:43,925 [aed1b97f-105e-4684-b087-4b6333aa3ced@group-F043E0AED0ED-LeaderElection36] INFO  impl.RaftServerImpl (RaftServerImpl.java:setRole(184)) - aed1b97f-105e-4684-b087-4b6333aa3ced@group-F043E0AED0ED: changes role from CANDIDATE to FOLLOWER at term 34 for DISCOVERED_A_NEW_TERM
2019-10-23 22:21:43,925 [aed1b97f-105e-4684-b087-4b6333aa3ced@group-F043E0AED0ED-LeaderElection36] INFO  impl.RoleInfo (RoleInfo.java:shutdownLeaderElection(134)) - aed1b97f-105e-4684-b087-4b6333aa3ced: shutdown LeaderElection
2019-10-23 22:21:43,925 [aed1b97f-105e-4684-b087-4b6333aa3ced@group-F043E0AED0ED-LeaderElection36] INFO  impl.RoleInfo (RoleInfo.java:updateAndGet(143)) - aed1b97f-105e-4684-b087-4b6333aa3ced: start FollowerState
2019-10-23 22:21:44,050 [Thread-448] INFO  impl.FollowerState (FollowerState.java:run(108)) - aed1b97f-105e-4684-b087-4b6333aa3ced@group-F043E0AED0ED-FollowerState: change to CANDIDATE, lastRpcTime:124ms, electionTimeout:124ms
2019-10-23 22:21:44,051 [Thread-448] INFO  impl.RoleInfo (RoleInfo.java:shutdownFollowerState(121)) - aed1b97f-105e-4684-b087-4b6333aa3ced: shutdown FollowerState
2019-10-23 22:21:44,052 [Thread-448] INFO  impl.RaftServerImpl (RaftServerImpl.java:setRole(184)) - aed1b97f-105e-4684-b087-4b6333aa3ced@group-F043E0AED0ED: changes role from  FOLLOWER to CANDIDATE at term 34 for changeToCandidate
2019-10-23 22:21:44,052 [Thread-448] INFO  impl.RoleInfo (RoleInfo.java:updateAndGet(143)) - aed1b97f-105e-4684-b087-4b6333aa3ced: start LeaderElection
2019-10-23 22:21:44,078 [aed1b97f-105e-4684-b087-4b6333aa3ced@group-F043E0AED0ED-LeaderElection37] INFO  impl.LeaderElection (LeaderElection.java:askForVotes(178)) - aed1b97f-105e-4684-b087-4b6333aa3ced@group-F043E0AED0ED-LeaderElection37: begin an election at term 35 for -1: [aed1b97f-105e-4684-b087-4b6333aa3ced:192.168.157.195:34943, 1c51b35f-55cb-4636-a00c-83d34bf2d9d4:192.168.157.195:34693, d21ee1f1-33f6-483c-a18b-27782ce1915a:192.168.157.195:46462], old=null
2019-10-23 22:21:44,082 [grpc-default-executor-4] INFO  impl.RaftServerImpl (RaftServerImpl.java:setRole(184)) - 1c51b35f-55cb-4636-a00c-83d34bf2d9d4@group-F043E0AED0ED: changes role from  FOLLOWER to FOLLOWER at term 35 for recognizeCandidate:aed1b97f-105e-4684-b087-4b6333aa3ced
2019-10-23 22:21:44,082 [grpc-default-executor-3] INFO  impl.RaftServerImpl (RaftServerImpl.java:setRole(184)) - d21ee1f1-33f6-483c-a18b-27782ce1915a@group-F043E0AED0ED: changes role from  FOLLOWER to FOLLOWER at term 35 for recognizeCandidate:aed1b97f-105e-4684-b087-4b6333aa3ced
2019-10-23 22:21:44,083 [grpc-default-executor-4] INFO  impl.RoleInfo (RoleInfo.java:shutdownFollowerState(121)) - 1c51b35f-55cb-4636-a00c-83d34bf2d9d4: shutdown FollowerState
2019-10-23 22:21:44,083 [grpc-default-executor-3] INFO  impl.RoleInfo (RoleInfo.java:shutdownFollowerState(121)) - d21ee1f1-33f6-483c-a18b-27782ce1915a: shutdown FollowerState
2019-10-23 22:21:44,083 [grpc-default-executor-4] INFO  impl.RoleInfo (RoleInfo.java:updateAndGet(143)) - 1c51b35f-55cb-4636-a00c-83d34bf2d9d4: start FollowerState
2019-10-23 22:21:44,083 [grpc-default-executor-3] INFO  impl.RoleInfo (RoleInfo.java:updateAndGet(143)) - d21ee1f1-33f6-483c-a18b-27782ce1915a: start FollowerState
2019-10-23 22:21:44,083 [Thread-447] INFO  impl.FollowerState (FollowerState.java:run(117)) - d21ee1f1-33f6-483c-a18b-27782ce1915a@group-F043E0AED0ED-FollowerState was interrupted: java.lang.InterruptedException: sleep interrupted
2019-10-23 22:21:44,083 [Thread-446] INFO  impl.FollowerState (FollowerState.java:run(117)) - 1c51b35f-55cb-4636-a00c-83d34bf2d9d4@group-F043E0AED0ED-FollowerState was interrupted: java.lang.InterruptedException: sleep interrupted
2019-10-23 22:21:44,099 [aed1b97f-105e-4684-b087-4b6333aa3ced@group-F043E0AED0ED-LeaderElection37] INFO  impl.LeaderElection (LeaderElection.java:logAndReturn(56)) - aed1b97f-105e-4684-b087-4b6333aa3ced@group-F043E0AED0ED-LeaderElection37: Election REJECTED; received 2 response(s) [aed1b97f-105e-4684-b087-4b6333aa3ced<-1c51b35f-55cb-4636-a00c-83d34bf2d9d4#0:FAIL-t35, aed1b97f-105e-4684-b087-4b6333aa3ced<-d21ee1f1-33f6-483c-a18b-27782ce1915a#0:FAIL-t35] and 0 exception(s); aed1b97f-105e-4684-b087-4b6333aa3ced@group-F043E0AED0ED:t35, leader=null, voted=aed1b97f-105e-4684-b087-4b6333aa3ced, raftlog=aed1b97f-105e-4684-b087-4b6333aa3ced@group-F043E0AED0ED-SegmentedRaftLog:OPENED:c-1,f-1,i0, conf=-1: [aed1b97f-105e-4684-b087-4b6333aa3ced:192.168.157.195:34943, 1c51b35f-55cb-4636-a00c-83d34bf2d9d4:192.168.157.195:34693, d21ee1f1-33f6-483c-a18b-27782ce1915a:192.168.157.195:46462], old=null
2019-10-23 22:21:44,099 [aed1b97f-105e-4684-b087-4b6333aa3ced@group-F043E0AED0ED-LeaderElection37] INFO  impl.RaftServerImpl (RaftServerImpl.java:setRole(184)) - aed1b97f-105e-4684-b087-4b6333aa3ced@group-F043E0AED0ED: changes role from CANDIDATE to FOLLOWER at term 35 for DISCOVERED_A_NEW_TERM
2019-10-23 22:21:44,099 [aed1b97f-105e-4684-b087-4b6333aa3ced@group-F043E0AED0ED-LeaderElection37] INFO  impl.RoleInfo (RoleInfo.java:shutdownLeaderElection(134)) - aed1b97f-105e-4684-b087-4b6333aa3ced: shutdown LeaderElection
2019-10-23 22:21:44,099 [aed1b97f-105e-4684-b087-4b6333aa3ced@group-F043E0AED0ED-LeaderElection37] INFO  impl.RoleInfo (RoleInfo.java:updateAndGet(143)) - aed1b97f-105e-4684-b087-4b6333aa3ced: start FollowerState
2019-10-23 22:21:44,150 [Thread-454] INFO  impl.FollowerState (FollowerState.java:run(108)) - aed1b97f-105e-4684-b087-4b6333aa3ced@group-F043E0AED0ED-FollowerState: change to CANDIDATE, lastRpcTime:50ms, electionTimeout:50ms
2019-10-23 22:21:44,151 [Thread-454] INFO  impl.RoleInfo (RoleInfo.java:shutdownFollowerState(121)) - aed1b97f-105e-4684-b087-4b6333aa3ced: shutdown FollowerState
2019-10-23 22:21:44,151 [Thread-454] INFO  impl.RaftServerImpl (RaftServerImpl.java:setRole(184)) - aed1b97f-105e-4684-b087-4b6333aa3ced@group-F043E0AED0ED: changes role from  FOLLOWER to CANDIDATE at term 35 for changeToCandidate
2019-10-23 22:21:44,151 [Thread-454] INFO  impl.RoleInfo (RoleInfo.java:updateAndGet(143)) - aed1b97f-105e-4684-b087-4b6333aa3ced: start LeaderElection
2019-10-23 22:21:44,167 [aed1b97f-105e-4684-b087-4b6333aa3ced@group-F043E0AED0ED-LeaderElection38] INFO  impl.LeaderElection (LeaderElection.java:askForVotes(178)) - aed1b97f-105e-4684-b087-4b6333aa3ced@group-F043E0AED0ED-LeaderElection38: begin an election at term 36 for -1: [aed1b97f-105e-4684-b087-4b6333aa3ced:192.168.157.195:34943, 1c51b35f-55cb-4636-a00c-83d34bf2d9d4:192.168.157.195:34693, d21ee1f1-33f6-483c-a18b-27782ce1915a:192.168.157.195:46462], old=null
2019-10-23 22:21:44,170 [grpc-default-executor-4] INFO  impl.RaftServerImpl (RaftServerImpl.java:setRole(184)) - 1c51b35f-55cb-4636-a00c-83d34bf2d9d4@group-F043E0AED0ED: changes role from  FOLLOWER to FOLLOWER at term 36 for recognizeCandidate:aed1b97f-105e-4684-b087-4b6333aa3ced
2019-10-23 22:21:44,171 [grpc-default-executor-4] INFO  impl.RoleInfo (RoleInfo.java:shutdownFollowerState(121)) - 1c51b35f-55cb-4636-a00c-83d34bf2d9d4: shutdown FollowerState
2019-10-23 22:21:44,171 [grpc-default-executor-4] INFO  impl.RoleInfo (RoleInfo.java:updateAndGet(143)) - 1c51b35f-55cb-4636-a00c-83d34bf2d9d4: start FollowerState
2019-10-23 22:21:44,171 [Thread-452] INFO  impl.FollowerState (FollowerState.java:run(117)) - 1c51b35f-55cb-4636-a00c-83d34bf2d9d4@group-F043E0AED0ED-FollowerState was interrupted: java.lang.InterruptedException: sleep interrupted
2019-10-23 22:21:44,171 [grpc-default-executor-3] INFO  impl.RaftServerImpl (RaftServerImpl.java:setRole(184)) - d21ee1f1-33f6-483c-a18b-27782ce1915a@group-F043E0AED0ED: changes role from  FOLLOWER to FOLLOWER at term 36 for recognizeCandidate:aed1b97f-105e-4684-b087-4b6333aa3ced
2019-10-23 22:21:44,171 [grpc-default-executor-3] INFO  impl.RoleInfo (RoleInfo.java:shutdownFollowerState(121)) - d21ee1f1-33f6-483c-a18b-27782ce1915a: shutdown FollowerState
2019-10-23 22:21:44,172 [grpc-default-executor-3] INFO  impl.RoleInfo (RoleInfo.java:updateAndGet(143)) - d21ee1f1-33f6-483c-a18b-27782ce1915a: start FollowerState
2019-10-23 22:21:44,172 [Thread-453] INFO  impl.FollowerState (FollowerState.java:run(117)) - d21ee1f1-33f6-483c-a18b-27782ce1915a@group-F043E0AED0ED-FollowerState was interrupted: java.lang.InterruptedException: sleep interrupted
2019-10-23 22:21:44,186 [aed1b97f-105e-4684-b087-4b6333aa3ced@group-F043E0AED0ED-LeaderElection38] INFO  impl.LeaderElection (LeaderElection.java:logAndReturn(56)) - aed1b97f-105e-4684-b087-4b6333aa3ced@group-F043E0AED0ED-LeaderElection38: Election REJECTED; received 2 response(s) [aed1b97f-105e-4684-b087-4b6333aa3ced<-1c51b35f-55cb-4636-a00c-83d34bf2d9d4#0:FAIL-t36, aed1b97f-105e-4684-b087-4b6333aa3ced<-d21ee1f1-33f6-483c-a18b-27782ce1915a#0:FAIL-t36] and 0 exception(s); aed1b97f-105e-4684-b087-4b6333aa3ced@group-F043E0AED0ED:t36, leader=null, voted=aed1b97f-105e-4684-b087-4b6333aa3ced, raftlog=aed1b97f-105e-4684-b087-4b6333aa3ced@group-F043E0AED0ED-SegmentedRaftLog:OPENED:c-1,f-1,i0, conf=-1: [aed1b97f-105e-4684-b087-4b6333aa3ced:192.168.157.195:34943, 1c51b35f-55cb-4636-a00c-83d34bf2d9d4:192.168.157.195:34693, d21ee1f1-33f6-483c-a18b-27782ce1915a:192.168.157.195:46462], old=null
2019-10-23 22:21:44,186 [aed1b97f-105e-4684-b087-4b6333aa3ced@group-F043E0AED0ED-LeaderElection38] INFO  impl.RaftServerImpl (RaftServerImpl.java:setRole(184)) - aed1b97f-105e-4684-b087-4b6333aa3ced@group-F043E0AED0ED: changes role from CANDIDATE to FOLLOWER at term 36 for DISCOVERED_A_NEW_TERM
2019-10-23 22:21:44,186 [aed1b97f-105e-4684-b087-4b6333aa3ced@group-F043E0AED0ED-LeaderElection38] INFO  impl.RoleInfo (RoleInfo.java:shutdownLeaderElection(134)) - aed1b97f-105e-4684-b087-4b6333aa3ced: shutdown LeaderElection
2019-10-23 22:21:44,186 [aed1b97f-105e-4684-b087-4b6333aa3ced@group-F043E0AED0ED-LeaderElection38] INFO  impl.RoleInfo (RoleInfo.java:updateAndGet(143)) - aed1b97f-105e-4684-b087-4b6333aa3ced: start FollowerState
2019-10-23 22:21:44,210 [Thread-460] INFO  impl.FollowerState (FollowerState.java:run(108)) - aed1b97f-105e-4684-b087-4b6333aa3ced@group-F043E0AED0ED-FollowerState: change to CANDIDATE, lastRpcTime:23ms, electionTimeout:23ms
2019-10-23 22:21:44,211 [Thread-460] INFO  impl.RoleInfo (RoleInfo.java:shutdownFollowerState(121)) - aed1b97f-105e-4684-b087-4b6333aa3ced: shutdown FollowerState
2019-10-23 22:21:44,211 [Thread-460] INFO  impl.RaftServerImpl (RaftServerImpl.java:setRole(184)) - aed1b97f-105e-4684-b087-4b6333aa3ced@group-F043E0AED0ED: changes role from  FOLLOWER to CANDIDATE at term 36 for changeToCandidate
2019-10-23 22:21:44,211 [Thread-460] INFO  impl.RoleInfo (RoleInfo.java:updateAndGet(143)) - aed1b97f-105e-4684-b087-4b6333aa3ced: start LeaderElection
2019-10-23 22:21:44,237 [aed1b97f-105e-4684-b087-4b6333aa3ced@group-F043E0AED0ED-LeaderElection39] INFO  impl.LeaderElection (LeaderElection.java:askForVotes(178)) - aed1b97f-105e-4684-b087-4b6333aa3ced@group-F043E0AED0ED-LeaderElection39: begin an election at term 37 for -1: [aed1b97f-105e-4684-b087-4b6333aa3ced:192.168.157.195:34943, 1c51b35f-55cb-4636-a00c-83d34bf2d9d4:192.168.157.195:34693, d21ee1f1-33f6-483c-a18b-27782ce1915a:192.168.157.195:46462], old=null
2019-10-23 22:21:44,241 [grpc-default-executor-3] INFO  impl.RaftServerImpl (RaftServerImpl.java:setRole(184)) - 1c51b35f-55cb-4636-a00c-83d34bf2d9d4@group-F043E0AED0ED: changes role from  FOLLOWER to FOLLOWER at term 37 for recognizeCandidate:aed1b97f-105e-4684-b087-4b6333aa3ced
2019-10-23 22:21:44,241 [grpc-default-executor-4] INFO  impl.RaftServerImpl (RaftServerImpl.java:setRole(184)) - d21ee1f1-33f6-483c-a18b-27782ce1915a@group-F043E0AED0ED: changes role from  FOLLOWER to FOLLOWER at term 37 for recognizeCandidate:aed1b97f-105e-4684-b087-4b6333aa3ced
2019-10-23 22:21:44,242 [grpc-default-executor-4] INFO  impl.RoleInfo (RoleInfo.java:shutdownFollowerState(121)) - d21ee1f1-33f6-483c-a18b-27782ce1915a: shutdown FollowerState
2019-10-23 22:21:44,241 [grpc-default-executor-3] INFO  impl.RoleInfo (RoleInfo.java:shutdownFollowerState(121)) - 1c51b35f-55cb-4636-a00c-83d34bf2d9d4: shutdown FollowerState
2019-10-23 22:21:44,242 [Thread-459] INFO  impl.FollowerState (FollowerState.java:run(117)) - d21ee1f1-33f6-483c-a18b-27782ce1915a@group-F043E0AED0ED-FollowerState was interrupted: java.lang.InterruptedException: sleep interrupted
2019-10-23 22:21:44,242 [grpc-default-executor-4] INFO  impl.RoleInfo (RoleInfo.java:updateAndGet(143)) - d21ee1f1-33f6-483c-a18b-27782ce1915a: start FollowerState
2019-10-23 22:21:44,242 [Thread-458] INFO  impl.FollowerState (FollowerState.java:run(117)) - 1c51b35f-55cb-4636-a00c-83d34bf2d9d4@group-F043E0AED0ED-FollowerState was interrupted: java.lang.InterruptedException: sleep interrupted
2019-10-23 22:21:44,242 [grpc-default-executor-3] INFO  impl.RoleInfo (RoleInfo.java:updateAndGet(143)) - 1c51b35f-55cb-4636-a00c-83d34bf2d9d4: start FollowerState
2019-10-23 22:21:44,270 [aed1b97f-105e-4684-b087-4b6333aa3ced@group-F043E0AED0ED-LeaderElection39] INFO  impl.LeaderElection (LeaderElection.java:logAndReturn(56)) - aed1b97f-105e-4684-b087-4b6333aa3ced@group-F043E0AED0ED-LeaderElection39: Election REJECTED; received 2 response(s) [aed1b97f-105e-4684-b087-4b6333aa3ced<-1c51b35f-55cb-4636-a00c-83d34bf2d9d4#0:FAIL-t37, aed1b97f-105e-4684-b087-4b6333aa3ced<-d21ee1f1-33f6-483c-a18b-27782ce1915a#0:FAIL-t37] and 0 exception(s); aed1b97f-105e-4684-b087-4b6333aa3ced@group-F043E0AED0ED:t37, leader=null, voted=aed1b97f-105e-4684-b087-4b6333aa3ced, raftlog=aed1b97f-105e-4684-b087-4b6333aa3ced@group-F043E0AED0ED-SegmentedRaftLog:OPENED:c-1,f-1,i0, conf=-1: [aed1b97f-105e-4684-b087-4b6333aa3ced:192.168.157.195:34943, 1c51b35f-55cb-4636-a00c-83d34bf2d9d4:192.168.157.195:34693, d21ee1f1-33f6-483c-a18b-27782ce1915a:192.168.157.195:46462], old=null
2019-10-23 22:21:44,270 [aed1b97f-105e-4684-b087-4b6333aa3ced@group-F043E0AED0ED-LeaderElection39] INFO  impl.RaftServerImpl (RaftServerImpl.java:setRole(184)) - aed1b97f-105e-4684-b087-4b6333aa3ced@group-F043E0AED0ED: changes role from CANDIDATE to FOLLOWER at term 37 for DISCOVERED_A_NEW_TERM
2019-10-23 22:21:44,270 [aed1b97f-105e-4684-b087-4b6333aa3ced@group-F043E0AED0ED-LeaderElection39] INFO  impl.RoleInfo (RoleInfo.java:shutdownLeaderElection(134)) - aed1b97f-105e-4684-b087-4b6333aa3ced: shutdown LeaderElection
2019-10-23 22:21:44,271 [aed1b97f-105e-4684-b087-4b6333aa3ced@group-F043E0AED0ED-LeaderElection39] INFO  impl.RoleInfo (RoleInfo.java:updateAndGet(143)) - aed1b97f-105e-4684-b087-4b6333aa3ced: start FollowerState
2019-10-23 22:21:44,468 [Thread-466] INFO  impl.FollowerState (FollowerState.java:run(108)) - aed1b97f-105e-4684-b087-4b6333aa3ced@group-F043E0AED0ED-FollowerState: change to CANDIDATE, lastRpcTime:197ms, electionTimeout:197ms
2019-10-23 22:21:44,469 [Thread-466] INFO  impl.RoleInfo (RoleInfo.java:shutdownFollowerState(121)) - aed1b97f-105e-4684-b087-4b6333aa3ced: shutdown FollowerState
2019-10-23 22:21:44,470 [Thread-466] INFO  impl.RaftServerImpl (RaftServerImpl.java:setRole(184)) - aed1b97f-105e-4684-b087-4b6333aa3ced@group-F043E0AED0ED: changes role from  FOLLOWER to CANDIDATE at term 37 for changeToCandidate
2019-10-23 22:21:44,470 [Thread-466] INFO  impl.RoleInfo (RoleInfo.java:updateAndGet(143)) - aed1b97f-105e-4684-b087-4b6333aa3ced: start LeaderElection
2019-10-23 22:21:44,484 [aed1b97f-105e-4684-b087-4b6333aa3ced@group-F043E0AED0ED-LeaderElection40] INFO  impl.LeaderElection (LeaderElection.java:askForVotes(178)) - aed1b97f-105e-4684-b087-4b6333aa3ced@group-F043E0AED0ED-LeaderElection40: begin an election at term 38 for -1: [aed1b97f-105e-4684-b087-4b6333aa3ced:192.168.157.195:34943, 1c51b35f-55cb-4636-a00c-83d34bf2d9d4:192.168.157.195:34693, d21ee1f1-33f6-483c-a18b-27782ce1915a:192.168.157.195:46462], old=null
2019-10-23 22:21:44,488 [grpc-default-executor-3] INFO  impl.RaftServerImpl (RaftServerImpl.java:setRole(184)) - 1c51b35f-55cb-4636-a00c-83d34bf2d9d4@group-F043E0AED0ED: changes role from  FOLLOWER to FOLLOWER at term 38 for recognizeCandidate:aed1b97f-105e-4684-b087-4b6333aa3ced
2019-10-23 22:21:44,488 [grpc-default-executor-3] INFO  impl.RoleInfo (RoleInfo.java:shutdownFollowerState(121)) - 1c51b35f-55cb-4636-a00c-83d34bf2d9d4: shutdown FollowerState
2019-10-23 22:21:44,488 [grpc-default-executor-3] INFO  impl.RoleInfo (RoleInfo.java:updateAndGet(143)) - 1c51b35f-55cb-4636-a00c-83d34bf2d9d4: start FollowerState
2019-10-23 22:21:44,488 [Thread-465] INFO  impl.FollowerState (FollowerState.java:run(117)) - 1c51b35f-55cb-4636-a00c-83d34bf2d9d4@group-F043E0AED0ED-FollowerState was interrupted: java.lang.InterruptedException: sleep interrupted
2019-10-23 22:21:44,488 [grpc-default-executor-4] INFO  impl.RaftServerImpl (RaftServerImpl.java:setRole(184)) - d21ee1f1-33f6-483c-a18b-27782ce1915a@group-F043E0AED0ED: changes role from  FOLLOWER to FOLLOWER at term 38 for recognizeCandidate:aed1b97f-105e-4684-b087-4b6333aa3ced
2019-10-23 22:21:44,489 [grpc-default-executor-4] INFO  impl.RoleInfo (RoleInfo.java:shutdownFollowerState(121)) - d21ee1f1-33f6-483c-a18b-27782ce1915a: shutdown FollowerState
2019-10-23 22:21:44,489 [grpc-default-executor-4] INFO  impl.RoleInfo (RoleInfo.java:updateAndGet(143)) - d21ee1f1-33f6-483c-a18b-27782ce1915a: start FollowerState
2019-10-23 22:21:44,489 [Thread-464] INFO  impl.FollowerState (FollowerState.java:run(117)) - d21ee1f1-33f6-483c-a18b-27782ce1915a@group-F043E0AED0ED-FollowerState was interrupted: java.lang.InterruptedException: sleep interrupted
2019-10-23 22:21:44,504 [aed1b97f-105e-4684-b087-4b6333aa3ced@group-F043E0AED0ED-LeaderElection40] INFO  impl.LeaderElection (LeaderElection.java:logAndReturn(56)) - aed1b97f-105e-4684-b087-4b6333aa3ced@group-F043E0AED0ED-LeaderElection40: Election REJECTED; received 2 response(s) [aed1b97f-105e-4684-b087-4b6333aa3ced<-1c51b35f-55cb-4636-a00c-83d34bf2d9d4#0:FAIL-t38, aed1b97f-105e-4684-b087-4b6333aa3ced<-d21ee1f1-33f6-483c-a18b-27782ce1915a#0:FAIL-t38] and 0 exception(s); aed1b97f-105e-4684-b087-4b6333aa3ced@group-F043E0AED0ED:t38, leader=null, voted=aed1b97f-105e-4684-b087-4b6333aa3ced, raftlog=aed1b97f-105e-4684-b087-4b6333aa3ced@group-F043E0AED0ED-SegmentedRaftLog:OPENED:c-1,f-1,i0, conf=-1: [aed1b97f-105e-4684-b087-4b6333aa3ced:192.168.157.195:34943, 1c51b35f-55cb-4636-a00c-83d34bf2d9d4:192.168.157.195:34693, d21ee1f1-33f6-483c-a18b-27782ce1915a:192.168.157.195:46462], old=null
2019-10-23 22:21:44,505 [aed1b97f-105e-4684-b087-4b6333aa3ced@group-F043E0AED0ED-LeaderElection40] INFO  impl.RaftServerImpl (RaftServerImpl.java:setRole(184)) - aed1b97f-105e-4684-b087-4b6333aa3ced@group-F043E0AED0ED: changes role from CANDIDATE to FOLLOWER at term 38 for DISCOVERED_A_NEW_TERM
2019-10-23 22:21:44,505 [aed1b97f-105e-4684-b087-4b6333aa3ced@group-F043E0AED0ED-LeaderElection40] INFO  impl.RoleInfo (RoleInfo.java:shutdownLeaderElection(134)) - aed1b97f-105e-4684-b087-4b6333aa3ced: shutdown LeaderElection
2019-10-23 22:21:44,505 [aed1b97f-105e-4684-b087-4b6333aa3ced@group-F043E0AED0ED-LeaderElection40] INFO  impl.RoleInfo (RoleInfo.java:updateAndGet(143)) - aed1b97f-105e-4684-b087-4b6333aa3ced: start FollowerState
2019-10-23 22:21:44,536 [Thread-472] INFO  impl.FollowerState (FollowerState.java:run(108)) - aed1b97f-105e-4684-b087-4b6333aa3ced@group-F043E0AED0ED-FollowerState: change to CANDIDATE, lastRpcTime:30ms, electionTimeout:30ms
2019-10-23 22:21:44,543 [Thread-472] INFO  impl.RoleInfo (RoleInfo.java:shutdownFollowerState(121)) - aed1b97f-105e-4684-b087-4b6333aa3ced: shutdown FollowerState
2019-10-23 22:21:44,543 [Thread-472] INFO  impl.RaftServerImpl (RaftServerImpl.java:setRole(184)) - aed1b97f-105e-4684-b087-4b6333aa3ced@group-F043E0AED0ED: changes role from  FOLLOWER to CANDIDATE at term 38 for changeToCandidate
2019-10-23 22:21:44,543 [Thread-472] INFO  impl.RoleInfo (RoleInfo.java:updateAndGet(143)) - aed1b97f-105e-4684-b087-4b6333aa3ced: start LeaderElection
2019-10-23 22:21:44,569 [aed1b97f-105e-4684-b087-4b6333aa3ced@group-F043E0AED0ED-LeaderElection41] INFO  impl.LeaderElection (LeaderElection.java:askForVotes(178)) - aed1b97f-105e-4684-b087-4b6333aa3ced@group-F043E0AED0ED-LeaderElection41: begin an election at term 39 for -1: [aed1b97f-105e-4684-b087-4b6333aa3ced:192.168.157.195:34943, 1c51b35f-55cb-4636-a00c-83d34bf2d9d4:192.168.157.195:34693, d21ee1f1-33f6-483c-a18b-27782ce1915a:192.168.157.195:46462], old=null
2019-10-23 22:21:44,574 [grpc-default-executor-4] INFO  impl.RaftServerImpl (RaftServerImpl.java:setRole(184)) - 1c51b35f-55cb-4636-a00c-83d34bf2d9d4@group-F043E0AED0ED: changes role from  FOLLOWER to FOLLOWER at term 39 for recognizeCandidate:aed1b97f-105e-4684-b087-4b6333aa3ced
2019-10-23 22:21:44,574 [grpc-default-executor-3] INFO  impl.RaftServerImpl (RaftServerImpl.java:setRole(184)) - d21ee1f1-33f6-483c-a18b-27782ce1915a@group-F043E0AED0ED: changes role from  FOLLOWER to FOLLOWER at term 39 for recognizeCandidate:aed1b97f-105e-4684-b087-4b6333aa3ced
2019-10-23 22:21:44,574 [grpc-default-executor-4] INFO  impl.RoleInfo (RoleInfo.java:shutdownFollowerState(121)) - 1c51b35f-55cb-4636-a00c-83d34bf2d9d4: shutdown FollowerState
2019-10-23 22:21:44,574 [grpc-default-executor-3] INFO  impl.RoleInfo (RoleInfo.java:shutdownFollowerState(121)) - d21ee1f1-33f6-483c-a18b-27782ce1915a: shutdown FollowerState
2019-10-23 22:21:44,575 [Thread-470] INFO  impl.FollowerState (FollowerState.java:run(117)) - 1c51b35f-55cb-4636-a00c-83d34bf2d9d4@group-F043E0AED0ED-FollowerState was interrupted: java.lang.InterruptedException: sleep interrupted
2019-10-23 22:21:44,575 [grpc-default-executor-4] INFO  impl.RoleInfo (RoleInfo.java:updateAndGet(143)) - 1c51b35f-55cb-4636-a00c-83d34bf2d9d4: start FollowerState
2019-10-23 22:21:44,575 [Thread-471] INFO  impl.FollowerState (FollowerState.java:run(117)) - d21ee1f1-33f6-483c-a18b-27782ce1915a@group-F043E0AED0ED-FollowerState was interrupted: java.lang.InterruptedException: sleep interrupted
2019-10-23 22:21:44,575 [grpc-default-executor-3] INFO  impl.RoleInfo (RoleInfo.java:updateAndGet(143)) - d21ee1f1-33f6-483c-a18b-27782ce1915a: start FollowerState
2019-10-23 22:21:44,602 [aed1b97f-105e-4684-b087-4b6333aa3ced@group-F043E0AED0ED-LeaderElection41] INFO  impl.LeaderElection (LeaderElection.java:logAndReturn(56)) - aed1b97f-105e-4684-b087-4b6333aa3ced@group-F043E0AED0ED-LeaderElection41: Election REJECTED; received 2 response(s) [aed1b97f-105e-4684-b087-4b6333aa3ced<-1c51b35f-55cb-4636-a00c-83d34bf2d9d4#0:FAIL-t39, aed1b97f-105e-4684-b087-4b6333aa3ced<-d21ee1f1-33f6-483c-a18b-27782ce1915a#0:FAIL-t39] and 0 exception(s); aed1b97f-105e-4684-b087-4b6333aa3ced@group-F043E0AED0ED:t39, leader=null, voted=aed1b97f-105e-4684-b087-4b6333aa3ced, raftlog=aed1b97f-105e-4684-b087-4b6333aa3ced@group-F043E0AED0ED-SegmentedRaftLog:OPENED:c-1,f-1,i0, conf=-1: [aed1b97f-105e-4684-b087-4b6333aa3ced:192.168.157.195:34943, 1c51b35f-55cb-4636-a00c-83d34bf2d9d4:192.168.157.195:34693, d21ee1f1-33f6-483c-a18b-27782ce1915a:192.168.157.195:46462], old=null
2019-10-23 22:21:44,602 [aed1b97f-105e-4684-b087-4b6333aa3ced@group-F043E0AED0ED-LeaderElection41] INFO  impl.RaftServerImpl (RaftServerImpl.java:setRole(184)) - aed1b97f-105e-4684-b087-4b6333aa3ced@group-F043E0AED0ED: changes role from CANDIDATE to FOLLOWER at term 39 for DISCOVERED_A_NEW_TERM
2019-10-23 22:21:44,602 [aed1b97f-105e-4684-b087-4b6333aa3ced@group-F043E0AED0ED-LeaderElection41] INFO  impl.RoleInfo (RoleInfo.java:shutdownLeaderElection(134)) - aed1b97f-105e-4684-b087-4b6333aa3ced: shutdown LeaderElection
2019-10-23 22:21:44,602 [aed1b97f-105e-4684-b087-4b6333aa3ced@group-F043E0AED0ED-LeaderElection41] INFO  impl.RoleInfo (RoleInfo.java:updateAndGet(143)) - aed1b97f-105e-4684-b087-4b6333aa3ced: start FollowerState
2019-10-23 22:21:44,658 [Thread-478] INFO  impl.FollowerState (FollowerState.java:run(108)) - aed1b97f-105e-4684-b087-4b6333aa3ced@group-F043E0AED0ED-FollowerState: change to CANDIDATE, lastRpcTime:55ms, electionTimeout:55ms
2019-10-23 22:21:44,658 [Thread-478] INFO  impl.RoleInfo (RoleInfo.java:shutdownFollowerState(121)) - aed1b97f-105e-4684-b087-4b6333aa3ced: shutdown FollowerState
2019-10-23 22:21:44,658 [Thread-478] INFO  impl.RaftServerImpl (RaftServerImpl.java:setRole(184)) - aed1b97f-105e-4684-b087-4b6333aa3ced@group-F043E0AED0ED: changes role from  FOLLOWER to CANDIDATE at term 39 for changeToCandidate
2019-10-23 22:21:44,658 [Thread-478] INFO  impl.RoleInfo (RoleInfo.java:updateAndGet(143)) - aed1b97f-105e-4684-b087-4b6333aa3ced: start LeaderElection
2019-10-23 22:21:44,673 [aed1b97f-105e-4684-b087-4b6333aa3ced@group-F043E0AED0ED-LeaderElection42] INFO  impl.LeaderElection (LeaderElection.java:askForVotes(178)) - aed1b97f-105e-4684-b087-4b6333aa3ced@group-F043E0AED0ED-LeaderElection42: begin an election at term 40 for -1: [aed1b97f-105e-4684-b087-4b6333aa3ced:192.168.157.195:34943, 1c51b35f-55cb-4636-a00c-83d34bf2d9d4:192.168.157.195:34693, d21ee1f1-33f6-483c-a18b-27782ce1915a:192.168.157.195:46462], old=null
2019-10-23 22:21:44,677 [grpc-default-executor-3] INFO  impl.RaftServerImpl (RaftServerImpl.java:setRole(184)) - 1c51b35f-55cb-4636-a00c-83d34bf2d9d4@group-F043E0AED0ED: changes role from  FOLLOWER to FOLLOWER at term 40 for recognizeCandidate:aed1b97f-105e-4684-b087-4b6333aa3ced
2019-10-23 22:21:44,677 [grpc-default-executor-3] INFO  impl.RoleInfo (RoleInfo.java:shutdownFollowerState(121)) - 1c51b35f-55cb-4636-a00c-83d34bf2d9d4: shutdown FollowerState
2019-10-23 22:21:44,677 [grpc-default-executor-3] INFO  impl.RoleInfo (RoleInfo.java:updateAndGet(143)) - 1c51b35f-55cb-4636-a00c-83d34bf2d9d4: start FollowerState
2019-10-23 22:21:44,677 [Thread-476] INFO  impl.FollowerState (FollowerState.java:run(117)) - 1c51b35f-55cb-4636-a00c-83d34bf2d9d4@group-F043E0AED0ED-FollowerState was interrupted: java.lang.InterruptedException: sleep interrupted
2019-10-23 22:21:44,678 [grpc-default-executor-4] INFO  impl.RaftServerImpl (RaftServerImpl.java:setRole(184)) - d21ee1f1-33f6-483c-a18b-27782ce1915a@group-F043E0AED0ED: changes role from  FOLLOWER to FOLLOWER at term 40 for recognizeCandidate:aed1b97f-105e-4684-b087-4b6333aa3ced
2019-10-23 22:21:44,678 [grpc-default-executor-4] INFO  impl.RoleInfo (RoleInfo.java:shutdownFollowerState(121)) - d21ee1f1-33f6-483c-a18b-27782ce1915a: shutdown FollowerState
2019-10-23 22:21:44,678 [grpc-default-executor-4] INFO  impl.RoleInfo (RoleInfo.java:updateAndGet(143)) - d21ee1f1-33f6-483c-a18b-27782ce1915a: start FollowerState
2019-10-23 22:21:44,678 [Thread-477] INFO  impl.FollowerState (FollowerState.java:run(117)) - d21ee1f1-33f6-483c-a18b-27782ce1915a@group-F043E0AED0ED-FollowerState was interrupted: java.lang.InterruptedException: sleep interrupted
2019-10-23 22:21:44,698 [aed1b97f-105e-4684-b087-4b6333aa3ced@group-F043E0AED0ED-LeaderElection42] INFO  impl.LeaderElection (LeaderElection.java:logAndReturn(56)) - aed1b97f-105e-4684-b087-4b6333aa3ced@group-F043E0AED0ED-LeaderElection42: Election REJECTED; received 2 response(s) [aed1b97f-105e-4684-b087-4b6333aa3ced<-1c51b35f-55cb-4636-a00c-83d34bf2d9d4#0:FAIL-t40, aed1b97f-105e-4684-b087-4b6333aa3ced<-d21ee1f1-33f6-483c-a18b-27782ce1915a#0:FAIL-t40] and 0 exception(s); aed1b97f-105e-4684-b087-4b6333aa3ced@group-F043E0AED0ED:t40, leader=null, voted=aed1b97f-105e-4684-b087-4b6333aa3ced, raftlog=aed1b97f-105e-4684-b087-4b6333aa3ced@group-F043E0AED0ED-SegmentedRaftLog:OPENED:c-1,f-1,i0, conf=-1: [aed1b97f-105e-4684-b087-4b6333aa3ced:192.168.157.195:34943, 1c51b35f-55cb-4636-a00c-83d34bf2d9d4:192.168.157.195:34693, d21ee1f1-33f6-483c-a18b-27782ce1915a:192.168.157.195:46462], old=null
2019-10-23 22:21:44,698 [aed1b97f-105e-4684-b087-4b6333aa3ced@group-F043E0AED0ED-LeaderElection42] INFO  impl.RaftServerImpl (RaftServerImpl.java:setRole(184)) - aed1b97f-105e-4684-b087-4b6333aa3ced@group-F043E0AED0ED: changes role from CANDIDATE to FOLLOWER at term 40 for DISCOVERED_A_NEW_TERM
2019-10-23 22:21:44,700 [aed1b97f-105e-4684-b087-4b6333aa3ced@group-F043E0AED0ED-LeaderElection42] INFO  impl.RoleInfo (RoleInfo.java:shutdownLeaderElection(134)) - aed1b97f-105e-4684-b087-4b6333aa3ced: shutdown LeaderElection
2019-10-23 22:21:44,700 [aed1b97f-105e-4684-b087-4b6333aa3ced@group-F043E0AED0ED-LeaderElection42] INFO  impl.RoleInfo (RoleInfo.java:updateAndGet(143)) - aed1b97f-105e-4684-b087-4b6333aa3ced: start FollowerState
2019-10-23 22:21:44,820 [Thread-486] INFO  impl.FollowerState (FollowerState.java:run(108)) - aed1b97f-105e-4684-b087-4b6333aa3ced@group-F043E0AED0ED-FollowerState: change to CANDIDATE, lastRpcTime:119ms, electionTimeout:119ms
2019-10-23 22:21:44,820 [Thread-486] INFO  impl.RoleInfo (RoleInfo.java:shutdownFollowerState(121)) - aed1b97f-105e-4684-b087-4b6333aa3ced: shutdown FollowerState
2019-10-23 22:21:44,820 [Thread-486] INFO  impl.RaftServerImpl (RaftServerImpl.java:setRole(184)) - aed1b97f-105e-4684-b087-4b6333aa3ced@group-F043E0AED0ED: changes role from  FOLLOWER to CANDIDATE at term 40 for changeToCandidate
2019-10-23 22:21:44,820 [Thread-486] INFO  impl.RoleInfo (RoleInfo.java:updateAndGet(143)) - aed1b97f-105e-4684-b087-4b6333aa3ced: start LeaderElection
2019-10-23 22:21:44,846 [aed1b97f-105e-4684-b087-4b6333aa3ced@group-F043E0AED0ED-LeaderElection43] INFO  impl.LeaderElection (LeaderElection.java:askForVotes(178)) - aed1b97f-105e-4684-b087-4b6333aa3ced@group-F043E0AED0ED-LeaderElection43: begin an election at term 41 for -1: [aed1b97f-105e-4684-b087-4b6333aa3ced:192.168.157.195:34943, 1c51b35f-55cb-4636-a00c-83d34bf2d9d4:192.168.157.195:34693, d21ee1f1-33f6-483c-a18b-27782ce1915a:192.168.157.195:46462], old=null
2019-10-23 22:21:44,852 [grpc-default-executor-0] INFO  impl.RaftServerImpl (RaftServerImpl.java:setRole(184)) - 1c51b35f-55cb-4636-a00c-83d34bf2d9d4@group-F043E0AED0ED: changes role from  FOLLOWER to FOLLOWER at term 41 for recognizeCandidate:aed1b97f-105e-4684-b087-4b6333aa3ced
2019-10-23 22:21:44,852 [grpc-default-executor-3] INFO  impl.RaftServerImpl (RaftServerImpl.java:setRole(184)) - d21ee1f1-33f6-483c-a18b-27782ce1915a@group-F043E0AED0ED: changes role from  FOLLOWER to FOLLOWER at term 41 for recognizeCandidate:aed1b97f-105e-4684-b087-4b6333aa3ced
2019-10-23 22:21:44,852 [grpc-default-executor-0] INFO  impl.RoleInfo (RoleInfo.java:shutdownFollowerState(121)) - 1c51b35f-55cb-4636-a00c-83d34bf2d9d4: shutdown FollowerState
2019-10-23 22:21:44,853 [grpc-default-executor-3] INFO  impl.RoleInfo (RoleInfo.java:shutdownFollowerState(121)) - d21ee1f1-33f6-483c-a18b-27782ce1915a: shutdown FollowerState
2019-10-23 22:21:44,853 [Thread-482] INFO  impl.FollowerState (FollowerState.java:run(117)) - 1c51b35f-55cb-4636-a00c-83d34bf2d9d4@group-F043E0AED0ED-FollowerState was interrupted: java.lang.InterruptedException: sleep interrupted
2019-10-23 22:21:44,853 [grpc-default-executor-0] INFO  impl.RoleInfo (RoleInfo.java:updateAndGet(143)) - 1c51b35f-55cb-4636-a00c-83d34bf2d9d4: start FollowerState
2019-10-23 22:21:44,853 [Thread-483] INFO  impl.FollowerState (FollowerState.java:run(117)) - d21ee1f1-33f6-483c-a18b-27782ce1915a@group-F043E0AED0ED-FollowerState was interrupted: java.lang.InterruptedException: sleep interrupted
2019-10-23 22:21:44,853 [grpc-default-executor-3] INFO  impl.RoleInfo (RoleInfo.java:updateAndGet(143)) - d21ee1f1-33f6-483c-a18b-27782ce1915a: start FollowerState
2019-10-23 22:21:44,880 [aed1b97f-105e-4684-b087-4b6333aa3ced@group-F043E0AED0ED-LeaderElection43] INFO  impl.LeaderElection (LeaderElection.java:logAndReturn(56)) - aed1b97f-105e-4684-b087-4b6333aa3ced@group-F043E0AED0ED-LeaderElection43: Election REJECTED; received 2 response(s) [aed1b97f-105e-4684-b087-4b6333aa3ced<-1c51b35f-55cb-4636-a00c-83d34bf2d9d4#0:FAIL-t41, aed1b97f-105e-4684-b087-4b6333aa3ced<-d21ee1f1-33f6-483c-a18b-27782ce1915a#0:FAIL-t41] and 0 exception(s); aed1b97f-105e-4684-b087-4b6333aa3ced@group-F043E0AED0ED:t41, leader=null, voted=aed1b97f-105e-4684-b087-4b6333aa3ced, raftlog=aed1b97f-105e-4684-b087-4b6333aa3ced@group-F043E0AED0ED-SegmentedRaftLog:OPENED:c-1,f-1,i0, conf=-1: [aed1b97f-105e-4684-b087-4b6333aa3ced:192.168.157.195:34943, 1c51b35f-55cb-4636-a00c-83d34bf2d9d4:192.168.157.195:34693, d21ee1f1-33f6-483c-a18b-27782ce1915a:192.168.157.195:46462], old=null
2019-10-23 22:21:44,881 [aed1b97f-105e-4684-b087-4b6333aa3ced@group-F043E0AED0ED-LeaderElection43] INFO  impl.RaftServerImpl (RaftServerImpl.java:setRole(184)) - aed1b97f-105e-4684-b087-4b6333aa3ced@group-F043E0AED0ED: changes role from CANDIDATE to FOLLOWER at term 41 for DISCOVERED_A_NEW_TERM
2019-10-23 22:21:44,881 [aed1b97f-105e-4684-b087-4b6333aa3ced@group-F043E0AED0ED-LeaderElection43] INFO  impl.RoleInfo (RoleInfo.java:shutdownLeaderElection(134)) - aed1b97f-105e-4684-b087-4b6333aa3ced: shutdown LeaderElection
2019-10-23 22:21:44,881 [aed1b97f-105e-4684-b087-4b6333aa3ced@group-F043E0AED0ED-LeaderElection43] INFO  impl.RoleInfo (RoleInfo.java:updateAndGet(143)) - aed1b97f-105e-4684-b087-4b6333aa3ced: start FollowerState
2019-10-23 22:21:45,047 [Thread-492] INFO  impl.FollowerState (FollowerState.java:run(108)) - aed1b97f-105e-4684-b087-4b6333aa3ced@group-F043E0AED0ED-FollowerState: change to CANDIDATE, lastRpcTime:165ms, electionTimeout:165ms
2019-10-23 22:21:45,047 [Thread-492] INFO  impl.RoleInfo (RoleInfo.java:shutdownFollowerState(121)) - aed1b97f-105e-4684-b087-4b6333aa3ced: shutdown FollowerState
2019-10-23 22:21:45,047 [Thread-492] INFO  impl.RaftServerImpl (RaftServerImpl.java:setRole(184)) - aed1b97f-105e-4684-b087-4b6333aa3ced@group-F043E0AED0ED: changes role from  FOLLOWER to CANDIDATE at term 41 for changeToCandidate
2019-10-23 22:21:45,047 [Thread-492] INFO  impl.RoleInfo (RoleInfo.java:updateAndGet(143)) - aed1b97f-105e-4684-b087-4b6333aa3ced: start LeaderElection
2019-10-23 22:21:45,073 [aed1b97f-105e-4684-b087-4b6333aa3ced@group-F043E0AED0ED-LeaderElection44] INFO  impl.LeaderElection (LeaderElection.java:askForVotes(178)) - aed1b97f-105e-4684-b087-4b6333aa3ced@group-F043E0AED0ED-LeaderElection44: begin an election at term 42 for -1: [aed1b97f-105e-4684-b087-4b6333aa3ced:192.168.157.195:34943, 1c51b35f-55cb-4636-a00c-83d34bf2d9d4:192.168.157.195:34693, d21ee1f1-33f6-483c-a18b-27782ce1915a:192.168.157.195:46462], old=null
2019-10-23 22:21:45,078 [grpc-default-executor-0] INFO  impl.RaftServerImpl (RaftServerImpl.java:setRole(184)) - 1c51b35f-55cb-4636-a00c-83d34bf2d9d4@group-F043E0AED0ED: changes role from  FOLLOWER to FOLLOWER at term 42 for recognizeCandidate:aed1b97f-105e-4684-b087-4b6333aa3ced
2019-10-23 22:21:45,078 [grpc-default-executor-0] INFO  impl.RoleInfo (RoleInfo.java:shutdownFollowerState(121)) - 1c51b35f-55cb-4636-a00c-83d34bf2d9d4: shutdown FollowerState
2019-10-23 22:21:45,078 [grpc-default-executor-3] INFO  impl.RaftServerImpl (RaftServerImpl.java:setRole(184)) - d21ee1f1-33f6-483c-a18b-27782ce1915a@group-F043E0AED0ED: changes role from  FOLLOWER to FOLLOWER at term 42 for recognizeCandidate:aed1b97f-105e-4684-b087-4b6333aa3ced
2019-10-23 22:21:45,078 [Thread-490] INFO  impl.FollowerState (FollowerState.java:run(117)) - 1c51b35f-55cb-4636-a00c-83d34bf2d9d4@group-F043E0AED0ED-FollowerState was interrupted: java.lang.InterruptedException: sleep interrupted
2019-10-23 22:21:45,078 [grpc-default-executor-3] INFO  impl.RoleInfo (RoleInfo.java:shutdownFollowerState(121)) - d21ee1f1-33f6-483c-a18b-27782ce1915a: shutdown FollowerState
2019-10-23 22:21:45,078 [grpc-default-executor-0] INFO  impl.RoleInfo (RoleInfo.java:updateAndGet(143)) - 1c51b35f-55cb-4636-a00c-83d34bf2d9d4: start FollowerState
2019-10-23 22:21:45,079 [grpc-default-executor-3] INFO  impl.RoleInfo (RoleInfo.java:updateAndGet(143)) - d21ee1f1-33f6-483c-a18b-27782ce1915a: start FollowerState
2019-10-23 22:21:45,079 [Thread-491] INFO  impl.FollowerState (FollowerState.java:run(117)) - d21ee1f1-33f6-483c-a18b-27782ce1915a@group-F043E0AED0ED-FollowerState was interrupted: java.lang.InterruptedException: sleep interrupted
2019-10-23 22:21:45,087 [aed1b97f-105e-4684-b087-4b6333aa3ced@group-F043E0AED0ED-LeaderElection44] INFO  impl.LeaderElection (LeaderElection.java:logAndReturn(56)) - aed1b97f-105e-4684-b087-4b6333aa3ced@group-F043E0AED0ED-LeaderElection44: Election TIMEOUT; received 0 response(s) [] and 0 exception(s); aed1b97f-105e-4684-b087-4b6333aa3ced@group-F043E0AED0ED:t42, leader=null, voted=aed1b97f-105e-4684-b087-4b6333aa3ced, raftlog=aed1b97f-105e-4684-b087-4b6333aa3ced@group-F043E0AED0ED-SegmentedRaftLog:OPENED:c-1,f-1,i0, conf=-1: [aed1b97f-105e-4684-b087-4b6333aa3ced:192.168.157.195:34943, 1c51b35f-55cb-4636-a00c-83d34bf2d9d4:192.168.157.195:34693, d21ee1f1-33f6-483c-a18b-27782ce1915a:192.168.157.195:46462], old=null
2019-10-23 22:21:45,093 [aed1b97f-105e-4684-b087-4b6333aa3ced@group-F043E0AED0ED-LeaderElection44] INFO  impl.LeaderElection (LeaderElection.java:askForVotes(178)) - aed1b97f-105e-4684-b087-4b6333aa3ced@group-F043E0AED0ED-LeaderElection44: begin an election at term 43 for -1: [aed1b97f-105e-4684-b087-4b6333aa3ced:192.168.157.195:34943, 1c51b35f-55cb-4636-a00c-83d34bf2d9d4:192.168.157.195:34693, d21ee1f1-33f6-483c-a18b-27782ce1915a:192.168.157.195:46462], old=null
2019-10-23 22:21:45,101 [grpc-default-executor-0] INFO  impl.RaftServerImpl (RaftServerImpl.java:setRole(184)) - 1c51b35f-55cb-4636-a00c-83d34bf2d9d4@group-F043E0AED0ED: changes role from  FOLLOWER to FOLLOWER at term 43 for recognizeCandidate:aed1b97f-105e-4684-b087-4b6333aa3ced
2019-10-23 22:21:45,101 [grpc-default-executor-0] INFO  impl.RoleInfo (RoleInfo.java:shutdownFollowerState(121)) - 1c51b35f-55cb-4636-a00c-83d34bf2d9d4: shutdown FollowerState
2019-10-23 22:21:45,101 [grpc-default-executor-3] INFO  impl.RaftServerImpl (RaftServerImpl.java:setRole(184)) - d21ee1f1-33f6-483c-a18b-27782ce1915a@group-F043E0AED0ED: changes role from  FOLLOWER to FOLLOWER at term 43 for recognizeCandidate:aed1b97f-105e-4684-b087-4b6333aa3ced
2019-10-23 22:21:45,101 [grpc-default-executor-0] INFO  impl.RoleInfo (RoleInfo.java:updateAndGet(143)) - 1c51b35f-55cb-4636-a00c-83d34bf2d9d4: start FollowerState
2019-10-23 22:21:45,101 [Thread-496] INFO  impl.FollowerState (FollowerState.java:run(117)) - 1c51b35f-55cb-4636-a00c-83d34bf2d9d4@group-F043E0AED0ED-FollowerState was interrupted: java.lang.InterruptedException: sleep interrupted
2019-10-23 22:21:45,101 [grpc-default-executor-3] INFO  impl.RoleInfo (RoleInfo.java:shutdownFollowerState(121)) - d21ee1f1-33f6-483c-a18b-27782ce1915a: shutdown FollowerState
2019-10-23 22:21:45,102 [grpc-default-executor-3] INFO  impl.RoleInfo (RoleInfo.java:updateAndGet(143)) - d21ee1f1-33f6-483c-a18b-27782ce1915a: start FollowerState
2019-10-23 22:21:45,102 [Thread-497] INFO  impl.FollowerState (FollowerState.java:run(117)) - d21ee1f1-33f6-483c-a18b-27782ce1915a@group-F043E0AED0ED-FollowerState was interrupted: java.lang.InterruptedException: sleep interrupted
2019-10-23 22:21:45,130 [aed1b97f-105e-4684-b087-4b6333aa3ced@group-F043E0AED0ED-LeaderElection44] INFO  impl.LeaderElection (LeaderElection.java:logAndReturn(56)) - aed1b97f-105e-4684-b087-4b6333aa3ced@group-F043E0AED0ED-LeaderElection44: Election REJECTED; received 2 response(s) [aed1b97f-105e-4684-b087-4b6333aa3ced<-1c51b35f-55cb-4636-a00c-83d34bf2d9d4#0:FAIL-t43, aed1b97f-105e-4684-b087-4b6333aa3ced<-d21ee1f1-33f6-483c-a18b-27782ce1915a#0:FAIL-t43] and 0 exception(s); aed1b97f-105e-4684-b087-4b6333aa3ced@group-F043E0AED0ED:t43, leader=null, voted=aed1b97f-105e-4684-b087-4b6333aa3ced, raftlog=aed1b97f-105e-4684-b087-4b6333aa3ced@group-F043E0AED0ED-SegmentedRaftLog:OPENED:c-1,f-1,i0, conf=-1: [aed1b97f-105e-4684-b087-4b6333aa3ced:192.168.157.195:34943, 1c51b35f-55cb-4636-a00c-83d34bf2d9d4:192.168.157.195:34693, d21ee1f1-33f6-483c-a18b-27782ce1915a:192.168.157.195:46462], old=null
2019-10-23 22:21:45,130 [aed1b97f-105e-4684-b087-4b6333aa3ced@group-F043E0AED0ED-LeaderElection44] INFO  impl.RaftServerImpl (RaftServerImpl.java:setRole(184)) - aed1b97f-105e-4684-b087-4b6333aa3ced@group-F043E0AED0ED: changes role from CANDIDATE to FOLLOWER at term 43 for DISCOVERED_A_NEW_TERM
2019-10-23 22:21:45,131 [aed1b97f-105e-4684-b087-4b6333aa3ced@group-F043E0AED0ED-LeaderElection44] INFO  impl.RoleInfo (RoleInfo.java:shutdownLeaderElection(134)) - aed1b97f-105e-4684-b087-4b6333aa3ced: shutdown LeaderElection
2019-10-23 22:21:45,131 [aed1b97f-105e-4684-b087-4b6333aa3ced@group-F043E0AED0ED-LeaderElection44] INFO  impl.RoleInfo (RoleInfo.java:updateAndGet(143)) - aed1b97f-105e-4684-b087-4b6333aa3ced: start FollowerState
2019-10-23 22:21:45,312 [Thread-502] INFO  impl.FollowerState (FollowerState.java:run(108)) - aed1b97f-105e-4684-b087-4b6333aa3ced@group-F043E0AED0ED-FollowerState: change to CANDIDATE, lastRpcTime:181ms, electionTimeout:181ms
2019-10-23 22:21:45,313 [Thread-502] INFO  impl.RoleInfo (RoleInfo.java:shutdownFollowerState(121)) - aed1b97f-105e-4684-b087-4b6333aa3ced: shutdown FollowerState
2019-10-23 22:21:45,313 [Thread-502] INFO  impl.RaftServerImpl (RaftServerImpl.java:setRole(184)) - aed1b97f-105e-4684-b087-4b6333aa3ced@group-F043E0AED0ED: changes role from  FOLLOWER to CANDIDATE at term 43 for changeToCandidate
2019-10-23 22:21:45,313 [Thread-502] INFO  impl.RoleInfo (RoleInfo.java:updateAndGet(143)) - aed1b97f-105e-4684-b087-4b6333aa3ced: start LeaderElection
2019-10-23 22:21:45,339 [aed1b97f-105e-4684-b087-4b6333aa3ced@group-F043E0AED0ED-LeaderElection45] INFO  impl.LeaderElection (LeaderElection.java:askForVotes(178)) - aed1b97f-105e-4684-b087-4b6333aa3ced@group-F043E0AED0ED-LeaderElection45: begin an election at term 44 for -1: [aed1b97f-105e-4684-b087-4b6333aa3ced:192.168.157.195:34943, 1c51b35f-55cb-4636-a00c-83d34bf2d9d4:192.168.157.195:34693, d21ee1f1-33f6-483c-a18b-27782ce1915a:192.168.157.195:46462], old=null
2019-10-23 22:21:45,344 [grpc-default-executor-3] INFO  impl.RaftServerImpl (RaftServerImpl.java:setRole(184)) - d21ee1f1-33f6-483c-a18b-27782ce1915a@group-F043E0AED0ED: changes role from  FOLLOWER to FOLLOWER at term 44 for recognizeCandidate:aed1b97f-105e-4684-b087-4b6333aa3ced
2019-10-23 22:21:45,344 [grpc-default-executor-0] INFO  impl.RaftServerImpl (RaftServerImpl.java:setRole(184)) - 1c51b35f-55cb-4636-a00c-83d34bf2d9d4@group-F043E0AED0ED: changes role from  FOLLOWER to FOLLOWER at term 44 for recognizeCandidate:aed1b97f-105e-4684-b087-4b6333aa3ced
2019-10-23 22:21:45,345 [grpc-default-executor-3] INFO  impl.RoleInfo (RoleInfo.java:shutdownFollowerState(121)) - d21ee1f1-33f6-483c-a18b-27782ce1915a: shutdown FollowerState
2019-10-23 22:21:45,345 [grpc-default-executor-0] INFO  impl.RoleInfo (RoleInfo.java:shutdownFollowerState(121)) - 1c51b35f-55cb-4636-a00c-83d34bf2d9d4: shutdown FollowerState
2019-10-23 22:21:45,345 [Thread-501] INFO  impl.FollowerState (FollowerState.java:run(117)) - d21ee1f1-33f6-483c-a18b-27782ce1915a@group-F043E0AED0ED-FollowerState was interrupted: java.lang.InterruptedException: sleep interrupted
2019-10-23 22:21:45,345 [grpc-default-executor-3] INFO  impl.RoleInfo (RoleInfo.java:updateAndGet(143)) - d21ee1f1-33f6-483c-a18b-27782ce1915a: start FollowerState
2019-10-23 22:21:45,345 [Thread-500] INFO  impl.FollowerState (FollowerState.java:run(117)) - 1c51b35f-55cb-4636-a00c-83d34bf2d9d4@group-F043E0AED0ED-FollowerState was interrupted: java.lang.InterruptedException: sleep interrupted
2019-10-23 22:21:45,345 [grpc-default-executor-0] INFO  impl.RoleInfo (RoleInfo.java:updateAndGet(143)) - 1c51b35f-55cb-4636-a00c-83d34bf2d9d4: start FollowerState
2019-10-23 22:21:45,361 [aed1b97f-105e-4684-b087-4b6333aa3ced@group-F043E0AED0ED-LeaderElection45] INFO  impl.LeaderElection (LeaderElection.java:logAndReturn(56)) - aed1b97f-105e-4684-b087-4b6333aa3ced@group-F043E0AED0ED-LeaderElection45: Election REJECTED; received 2 response(s) [aed1b97f-105e-4684-b087-4b6333aa3ced<-1c51b35f-55cb-4636-a00c-83d34bf2d9d4#0:FAIL-t44, aed1b97f-105e-4684-b087-4b6333aa3ced<-d21ee1f1-33f6-483c-a18b-27782ce1915a#0:FAIL-t44] and 0 exception(s); aed1b97f-105e-4684-b087-4b6333aa3ced@group-F043E0AED0ED:t44, leader=null, voted=aed1b97f-105e-4684-b087-4b6333aa3ced, raftlog=aed1b97f-105e-4684-b087-4b6333aa3ced@group-F043E0AED0ED-SegmentedRaftLog:OPENED:c-1,f-1,i0, conf=-1: [aed1b97f-105e-4684-b087-4b6333aa3ced:192.168.157.195:34943, 1c51b35f-55cb-4636-a00c-83d34bf2d9d4:192.168.157.195:34693, d21ee1f1-33f6-483c-a18b-27782ce1915a:192.168.157.195:46462], old=null
2019-10-23 22:21:45,361 [aed1b97f-105e-4684-b087-4b6333aa3ced@group-F043E0AED0ED-LeaderElection45] INFO  impl.RaftServerImpl (RaftServerImpl.java:setRole(184)) - aed1b97f-105e-4684-b087-4b6333aa3ced@group-F043E0AED0ED: changes role from CANDIDATE to FOLLOWER at term 44 for DISCOVERED_A_NEW_TERM
2019-10-23 22:21:45,361 [aed1b97f-105e-4684-b087-4b6333aa3ced@group-F043E0AED0ED-LeaderElection45] INFO  impl.RoleInfo (RoleInfo.java:shutdownLeaderElection(134)) - aed1b97f-105e-4684-b087-4b6333aa3ced: shutdown LeaderElection
2019-10-23 22:21:45,361 [aed1b97f-105e-4684-b087-4b6333aa3ced@group-F043E0AED0ED-LeaderElection45] INFO  impl.RoleInfo (RoleInfo.java:updateAndGet(143)) - aed1b97f-105e-4684-b087-4b6333aa3ced: start FollowerState
2019-10-23 22:21:45,478 [Thread-508] INFO  impl.FollowerState (FollowerState.java:run(108)) - aed1b97f-105e-4684-b087-4b6333aa3ced@group-F043E0AED0ED-FollowerState: change to CANDIDATE, lastRpcTime:116ms, electionTimeout:116ms
2019-10-23 22:21:45,478 [Thread-508] INFO  impl.RoleInfo (RoleInfo.java:shutdownFollowerState(121)) - aed1b97f-105e-4684-b087-4b6333aa3ced: shutdown FollowerState
2019-10-23 22:21:45,478 [Thread-508] INFO  impl.RaftServerImpl (RaftServerImpl.java:setRole(184)) - aed1b97f-105e-4684-b087-4b6333aa3ced@group-F043E0AED0ED: changes role from  FOLLOWER to CANDIDATE at term 44 for changeToCandidate
2019-10-23 22:21:45,478 [Thread-508] INFO  impl.RoleInfo (RoleInfo.java:updateAndGet(143)) - aed1b97f-105e-4684-b087-4b6333aa3ced: start LeaderElection
2019-10-23 22:21:45,492 [aed1b97f-105e-4684-b087-4b6333aa3ced@group-F043E0AED0ED-LeaderElection46] INFO  impl.LeaderElection (LeaderElection.java:askForVotes(178)) - aed1b97f-105e-4684-b087-4b6333aa3ced@group-F043E0AED0ED-LeaderElection46: begin an election at term 45 for -1: [aed1b97f-105e-4684-b087-4b6333aa3ced:192.168.157.195:34943, 1c51b35f-55cb-4636-a00c-83d34bf2d9d4:192.168.157.195:34693, d21ee1f1-33f6-483c-a18b-27782ce1915a:192.168.157.195:46462], old=null
2019-10-23 22:21:45,496 [grpc-default-executor-3] INFO  impl.RaftServerImpl (RaftServerImpl.java:setRole(184)) - 1c51b35f-55cb-4636-a00c-83d34bf2d9d4@group-F043E0AED0ED: changes role from  FOLLOWER to FOLLOWER at term 45 for recognizeCandidate:aed1b97f-105e-4684-b087-4b6333aa3ced
2019-10-23 22:21:45,496 [grpc-default-executor-0] INFO  impl.RaftServerImpl (RaftServerImpl.java:setRole(184)) - d21ee1f1-33f6-483c-a18b-27782ce1915a@group-F043E0AED0ED: changes role from  FOLLOWER to FOLLOWER at term 45 for recognizeCandidate:aed1b97f-105e-4684-b087-4b6333aa3ced
2019-10-23 22:21:45,496 [grpc-default-executor-3] INFO  impl.RoleInfo (RoleInfo.java:shutdownFollowerState(121)) - 1c51b35f-55cb-4636-a00c-83d34bf2d9d4: shutdown FollowerState
2019-10-23 22:21:45,496 [grpc-default-executor-0] INFO  impl.RoleInfo (RoleInfo.java:shutdownFollowerState(121)) - d21ee1f1-33f6-483c-a18b-27782ce1915a: shutdown FollowerState
2019-10-23 22:21:45,496 [Thread-507] INFO  impl.FollowerState (FollowerState.java:run(117)) - 1c51b35f-55cb-4636-a00c-83d34bf2d9d4@group-F043E0AED0ED-FollowerState was interrupted: java.lang.InterruptedException: sleep interrupted
2019-10-23 22:21:45,496 [grpc-default-executor-3] INFO  impl.RoleInfo (RoleInfo.java:updateAndGet(143)) - 1c51b35f-55cb-4636-a00c-83d34bf2d9d4: start FollowerState
2019-10-23 22:21:45,497 [Thread-506] INFO  impl.FollowerState (FollowerState.java:run(117)) - d21ee1f1-33f6-483c-a18b-27782ce1915a@group-F043E0AED0ED-FollowerState was interrupted: java.lang.InterruptedException: sleep interrupted
2019-10-23 22:21:45,497 [grpc-default-executor-0] INFO  impl.RoleInfo (RoleInfo.java:updateAndGet(143)) - d21ee1f1-33f6-483c-a18b-27782ce1915a: start FollowerState
2019-10-23 22:21:45,524 [aed1b97f-105e-4684-b087-4b6333aa3ced@group-F043E0AED0ED-LeaderElection46] INFO  impl.LeaderElection (LeaderElection.java:logAndReturn(56)) - aed1b97f-105e-4684-b087-4b6333aa3ced@group-F043E0AED0ED-LeaderElection46: Election REJECTED; received 2 response(s) [aed1b97f-105e-4684-b087-4b6333aa3ced<-1c51b35f-55cb-4636-a00c-83d34bf2d9d4#0:FAIL-t45, aed1b97f-105e-4684-b087-4b6333aa3ced<-d21ee1f1-33f6-483c-a18b-27782ce1915a#0:FAIL-t45] and 0 exception(s); aed1b97f-105e-4684-b087-4b6333aa3ced@group-F043E0AED0ED:t45, leader=null, voted=aed1b97f-105e-4684-b087-4b6333aa3ced, raftlog=aed1b97f-105e-4684-b087-4b6333aa3ced@group-F043E0AED0ED-SegmentedRaftLog:OPENED:c-1,f-1,i0, conf=-1: [aed1b97f-105e-4684-b087-4b6333aa3ced:192.168.157.195:34943, 1c51b35f-55cb-4636-a00c-83d34bf2d9d4:192.168.157.195:34693, d21ee1f1-33f6-483c-a18b-27782ce1915a:192.168.157.195:46462], old=null
2019-10-23 22:21:45,524 [aed1b97f-105e-4684-b087-4b6333aa3ced@group-F043E0AED0ED-LeaderElection46] INFO  impl.RaftServerImpl (RaftServerImpl.java:setRole(184)) - aed1b97f-105e-4684-b087-4b6333aa3ced@group-F043E0AED0ED: changes role from CANDIDATE to FOLLOWER at term 45 for DISCOVERED_A_NEW_TERM
2019-10-23 22:21:45,525 [aed1b97f-105e-4684-b087-4b6333aa3ced@group-F043E0AED0ED-LeaderElection46] INFO  impl.RoleInfo (RoleInfo.java:shutdownLeaderElection(134)) - aed1b97f-105e-4684-b087-4b6333aa3ced: shutdown LeaderElection
2019-10-23 22:21:45,525 [aed1b97f-105e-4684-b087-4b6333aa3ced@group-F043E0AED0ED-LeaderElection46] INFO  impl.RoleInfo (RoleInfo.java:updateAndGet(143)) - aed1b97f-105e-4684-b087-4b6333aa3ced: start FollowerState
2019-10-23 22:21:45,584 [Thread-514] INFO  impl.FollowerState (FollowerState.java:run(108)) - aed1b97f-105e-4684-b087-4b6333aa3ced@group-F043E0AED0ED-FollowerState: change to CANDIDATE, lastRpcTime:59ms, electionTimeout:59ms
2019-10-23 22:21:45,584 [Thread-514] INFO  impl.RoleInfo (RoleInfo.java:shutdownFollowerState(121)) - aed1b97f-105e-4684-b087-4b6333aa3ced: shutdown FollowerState
2019-10-23 22:21:45,584 [Thread-514] INFO  impl.RaftServerImpl (RaftServerImpl.java:setRole(184)) - aed1b97f-105e-4684-b087-4b6333aa3ced@group-F043E0AED0ED: changes role from  FOLLOWER to CANDIDATE at term 45 for changeToCandidate
2019-10-23 22:21:45,585 [Thread-514] INFO  impl.RoleInfo (RoleInfo.java:updateAndGet(143)) - aed1b97f-105e-4684-b087-4b6333aa3ced: start LeaderElection
2019-10-23 22:21:45,606 [aed1b97f-105e-4684-b087-4b6333aa3ced@group-F043E0AED0ED-LeaderElection47] INFO  impl.LeaderElection (LeaderElection.java:askForVotes(178)) - aed1b97f-105e-4684-b087-4b6333aa3ced@group-F043E0AED0ED-LeaderElection47: begin an election at term 46 for -1: [aed1b97f-105e-4684-b087-4b6333aa3ced:192.168.157.195:34943, 1c51b35f-55cb-4636-a00c-83d34bf2d9d4:192.168.157.195:34693, d21ee1f1-33f6-483c-a18b-27782ce1915a:192.168.157.195:46462], old=null
2019-10-23 22:21:45,612 [grpc-default-executor-3] INFO  impl.RaftServerImpl (RaftServerImpl.java:setRole(184)) - 1c51b35f-55cb-4636-a00c-83d34bf2d9d4@group-F043E0AED0ED: changes role from  FOLLOWER to FOLLOWER at term 46 for recognizeCandidate:aed1b97f-105e-4684-b087-4b6333aa3ced
2019-10-23 22:21:45,612 [grpc-default-executor-3] INFO  impl.RoleInfo (RoleInfo.java:shutdownFollowerState(121)) - 1c51b35f-55cb-4636-a00c-83d34bf2d9d4: shutdown FollowerState
2019-10-23 22:21:45,613 [grpc-default-executor-3] INFO  impl.RoleInfo (RoleInfo.java:updateAndGet(143)) - 1c51b35f-55cb-4636-a00c-83d34bf2d9d4: start FollowerState
2019-10-23 22:21:45,613 [grpc-default-executor-0] INFO  impl.RaftServerImpl (RaftServerImpl.java:setRole(184)) - d21ee1f1-33f6-483c-a18b-27782ce1915a@group-F043E0AED0ED: changes role from  FOLLOWER to FOLLOWER at term 46 for recognizeCandidate:aed1b97f-105e-4684-b087-4b6333aa3ced
2019-10-23 22:21:45,614 [grpc-default-executor-0] INFO  impl.RoleInfo (RoleInfo.java:shutdownFollowerState(121)) - d21ee1f1-33f6-483c-a18b-27782ce1915a: shutdown FollowerState
2019-10-23 22:21:45,613 [Thread-512] INFO  impl.FollowerState (FollowerState.java:run(117)) - 1c51b35f-55cb-4636-a00c-83d34bf2d9d4@group-F043E0AED0ED-FollowerState was interrupted: java.lang.InterruptedException: sleep interrupted
2019-10-23 22:21:45,614 [grpc-default-executor-0] INFO  impl.RoleInfo (RoleInfo.java:updateAndGet(143)) - d21ee1f1-33f6-483c-a18b-27782ce1915a: start FollowerState
2019-10-23 22:21:45,615 [Thread-513] INFO  impl.FollowerState (FollowerState.java:run(117)) - d21ee1f1-33f6-483c-a18b-27782ce1915a@group-F043E0AED0ED-FollowerState was interrupted: java.lang.InterruptedException: sleep interrupted
2019-10-23 22:21:45,630 [aed1b97f-105e-4684-b087-4b6333aa3ced@group-F043E0AED0ED-LeaderElection47] INFO  impl.LeaderElection (LeaderElection.java:logAndReturn(56)) - aed1b97f-105e-4684-b087-4b6333aa3ced@group-F043E0AED0ED-LeaderElection47: Election REJECTED; received 2 response(s) [aed1b97f-105e-4684-b087-4b6333aa3ced<-1c51b35f-55cb-4636-a00c-83d34bf2d9d4#0:FAIL-t46, aed1b97f-105e-4684-b087-4b6333aa3ced<-d21ee1f1-33f6-483c-a18b-27782ce1915a#0:FAIL-t46] and 0 exception(s); aed1b97f-105e-4684-b087-4b6333aa3ced@group-F043E0AED0ED:t46, leader=null, voted=aed1b97f-105e-4684-b087-4b6333aa3ced, raftlog=aed1b97f-105e-4684-b087-4b6333aa3ced@group-F043E0AED0ED-SegmentedRaftLog:OPENED:c-1,f-1,i0, conf=-1: [aed1b97f-105e-4684-b087-4b6333aa3ced:192.168.157.195:34943, 1c51b35f-55cb-4636-a00c-83d34bf2d9d4:192.168.157.195:34693, d21ee1f1-33f6-483c-a18b-27782ce1915a:192.168.157.195:46462], old=null
2019-10-23 22:21:45,630 [aed1b97f-105e-4684-b087-4b6333aa3ced@group-F043E0AED0ED-LeaderElection47] INFO  impl.RaftServerImpl (RaftServerImpl.java:setRole(184)) - aed1b97f-105e-4684-b087-4b6333aa3ced@group-F043E0AED0ED: changes role from CANDIDATE to FOLLOWER at term 46 for DISCOVERED_A_NEW_TERM
2019-10-23 22:21:45,631 [aed1b97f-105e-4684-b087-4b6333aa3ced@group-F043E0AED0ED-LeaderElection47] INFO  impl.RoleInfo (RoleInfo.java:shutdownLeaderElection(134)) - aed1b97f-105e-4684-b087-4b6333aa3ced: shutdown LeaderElection
2019-10-23 22:21:45,631 [aed1b97f-105e-4684-b087-4b6333aa3ced@group-F043E0AED0ED-LeaderElection47] INFO  impl.RoleInfo (RoleInfo.java:updateAndGet(143)) - aed1b97f-105e-4684-b087-4b6333aa3ced: start FollowerState
2019-10-23 22:21:45,702 [Thread-520] INFO  impl.FollowerState (FollowerState.java:run(108)) - aed1b97f-105e-4684-b087-4b6333aa3ced@group-F043E0AED0ED-FollowerState: change to CANDIDATE, lastRpcTime:71ms, electionTimeout:70ms
2019-10-23 22:21:45,703 [Thread-520] INFO  impl.RoleInfo (RoleInfo.java:shutdownFollowerState(121)) - aed1b97f-105e-4684-b087-4b6333aa3ced: shutdown FollowerState
2019-10-23 22:21:45,703 [Thread-520] INFO  impl.RaftServerImpl (RaftServerImpl.java:setRole(184)) - aed1b97f-105e-4684-b087-4b6333aa3ced@group-F043E0AED0ED: changes role from  FOLLOWER to CANDIDATE at term 46 for changeToCandidate
2019-10-23 22:21:45,703 [Thread-520] INFO  impl.RoleInfo (RoleInfo.java:updateAndGet(143)) - aed1b97f-105e-4684-b087-4b6333aa3ced: start LeaderElection
2019-10-23 22:21:45,717 [aed1b97f-105e-4684-b087-4b6333aa3ced@group-F043E0AED0ED-LeaderElection48] INFO  impl.LeaderElection (LeaderElection.java:askForVotes(178)) - aed1b97f-105e-4684-b087-4b6333aa3ced@group-F043E0AED0ED-LeaderElection48: begin an election at term 47 for -1: [aed1b97f-105e-4684-b087-4b6333aa3ced:192.168.157.195:34943, 1c51b35f-55cb-4636-a00c-83d34bf2d9d4:192.168.157.195:34693, d21ee1f1-33f6-483c-a18b-27782ce1915a:192.168.157.195:46462], old=null
2019-10-23 22:21:45,723 [grpc-default-executor-0] INFO  impl.RaftServerImpl (RaftServerImpl.java:setRole(184)) - d21ee1f1-33f6-483c-a18b-27782ce1915a@group-F043E0AED0ED: changes role from  FOLLOWER to FOLLOWER at term 47 for recognizeCandidate:aed1b97f-105e-4684-b087-4b6333aa3ced
2019-10-23 22:21:45,723 [grpc-default-executor-0] INFO  impl.RoleInfo (RoleInfo.java:shutdownFollowerState(121)) - d21ee1f1-33f6-483c-a18b-27782ce1915a: shutdown FollowerState
2019-10-23 22:21:45,724 [grpc-default-executor-3] INFO  impl.RaftServerImpl (RaftServerImpl.java:setRole(184)) - 1c51b35f-55cb-4636-a00c-83d34bf2d9d4@group-F043E0AED0ED: changes role from  FOLLOWER to FOLLOWER at term 47 for recognizeCandidate:aed1b97f-105e-4684-b087-4b6333aa3ced
2019-10-23 22:21:45,724 [Thread-519] INFO  impl.FollowerState (FollowerState.java:run(117)) - d21ee1f1-33f6-483c-a18b-27782ce1915a@group-F043E0AED0ED-FollowerState was interrupted: java.lang.InterruptedException: sleep interrupted
2019-10-23 22:21:45,724 [grpc-default-executor-0] INFO  impl.RoleInfo (RoleInfo.java:updateAndGet(143)) - d21ee1f1-33f6-483c-a18b-27782ce1915a: start FollowerState
2019-10-23 22:21:45,724 [grpc-default-executor-3] INFO  impl.RoleInfo (RoleInfo.java:shutdownFollowerState(121)) - 1c51b35f-55cb-4636-a00c-83d34bf2d9d4: shutdown FollowerState
2019-10-23 22:21:45,724 [grpc-default-executor-3] INFO  impl.RoleInfo (RoleInfo.java:updateAndGet(143)) - 1c51b35f-55cb-4636-a00c-83d34bf2d9d4: start FollowerState
2019-10-23 22:21:45,724 [Thread-518] INFO  impl.FollowerState (FollowerState.java:run(117)) - 1c51b35f-55cb-4636-a00c-83d34bf2d9d4@group-F043E0AED0ED-FollowerState was interrupted: java.lang.InterruptedException: sleep interrupted
2019-10-23 22:21:45,752 [aed1b97f-105e-4684-b087-4b6333aa3ced@group-F043E0AED0ED-LeaderElection48] INFO  impl.LeaderElection (LeaderElection.java:logAndReturn(56)) - aed1b97f-105e-4684-b087-4b6333aa3ced@group-F043E0AED0ED-LeaderElection48: Election REJECTED; received 2 response(s) [aed1b97f-105e-4684-b087-4b6333aa3ced<-1c51b35f-55cb-4636-a00c-83d34bf2d9d4#0:FAIL-t47, aed1b97f-105e-4684-b087-4b6333aa3ced<-d21ee1f1-33f6-483c-a18b-27782ce1915a#0:FAIL-t47] and 0 exception(s); aed1b97f-105e-4684-b087-4b6333aa3ced@group-F043E0AED0ED:t47, leader=null, voted=aed1b97f-105e-4684-b087-4b6333aa3ced, raftlog=aed1b97f-105e-4684-b087-4b6333aa3ced@group-F043E0AED0ED-SegmentedRaftLog:OPENED:c-1,f-1,i0, conf=-1: [aed1b97f-105e-4684-b087-4b6333aa3ced:192.168.157.195:34943, 1c51b35f-55cb-4636-a00c-83d34bf2d9d4:192.168.157.195:34693, d21ee1f1-33f6-483c-a18b-27782ce1915a:192.168.157.195:46462], old=null
2019-10-23 22:21:45,752 [aed1b97f-105e-4684-b087-4b6333aa3ced@group-F043E0AED0ED-LeaderElection48] INFO  impl.RaftServerImpl (RaftServerImpl.java:setRole(184)) - aed1b97f-105e-4684-b087-4b6333aa3ced@group-F043E0AED0ED: changes role from CANDIDATE to FOLLOWER at term 47 for DISCOVERED_A_NEW_TERM
2019-10-23 22:21:45,752 [aed1b97f-105e-4684-b087-4b6333aa3ced@group-F043E0AED0ED-LeaderElection48] INFO  impl.RoleInfo (RoleInfo.java:shutdownLeaderElection(134)) - aed1b97f-105e-4684-b087-4b6333aa3ced: shutdown LeaderElection
2019-10-23 22:21:45,752 [aed1b97f-105e-4684-b087-4b6333aa3ced@group-F043E0AED0ED-LeaderElection48] INFO  impl.RoleInfo (RoleInfo.java:updateAndGet(143)) - aed1b97f-105e-4684-b087-4b6333aa3ced: start FollowerState
2019-10-23 22:21:45,895 [Thread-528] INFO  impl.FollowerState (FollowerState.java:run(108)) - aed1b97f-105e-4684-b087-4b6333aa3ced@group-F043E0AED0ED-FollowerState: change to CANDIDATE, lastRpcTime:142ms, electionTimeout:142ms
2019-10-23 22:21:45,895 [Thread-528] INFO  impl.RoleInfo (RoleInfo.java:shutdownFollowerState(121)) - aed1b97f-105e-4684-b087-4b6333aa3ced: shutdown FollowerState
2019-10-23 22:21:45,896 [Thread-528] INFO  impl.RaftServerImpl (RaftServerImpl.java:setRole(184)) - aed1b97f-105e-4684-b087-4b6333aa3ced@group-F043E0AED0ED: changes role from  FOLLOWER to CANDIDATE at term 47 for changeToCandidate
2019-10-23 22:21:45,896 [Thread-528] INFO  impl.RoleInfo (RoleInfo.java:updateAndGet(143)) - aed1b97f-105e-4684-b087-4b6333aa3ced: start LeaderElection
2019-10-23 22:21:45,912 [aed1b97f-105e-4684-b087-4b6333aa3ced@group-F043E0AED0ED-LeaderElection49] INFO  impl.LeaderElection (LeaderElection.java:askForVotes(178)) - aed1b97f-105e-4684-b087-4b6333aa3ced@group-F043E0AED0ED-LeaderElection49: begin an election at term 48 for -1: [aed1b97f-105e-4684-b087-4b6333aa3ced:192.168.157.195:34943, 1c51b35f-55cb-4636-a00c-83d34bf2d9d4:192.168.157.195:34693, d21ee1f1-33f6-483c-a18b-27782ce1915a:192.168.157.195:46462], old=null
2019-10-23 22:21:45,917 [grpc-default-executor-0] INFO  impl.RaftServerImpl (RaftServerImpl.java:setRole(184)) - d21ee1f1-33f6-483c-a18b-27782ce1915a@group-F043E0AED0ED: changes role from  FOLLOWER to FOLLOWER at term 48 for recognizeCandidate:aed1b97f-105e-4684-b087-4b6333aa3ced
2019-10-23 22:21:45,917 [grpc-default-executor-3] INFO  impl.RaftServerImpl (RaftServerImpl.java:setRole(184)) - 1c51b35f-55cb-4636-a00c-83d34bf2d9d4@group-F043E0AED0ED: changes role from  FOLLOWER to FOLLOWER at term 48 for recognizeCandidate:aed1b97f-105e-4684-b087-4b6333aa3ced
2019-10-23 22:21:45,917 [grpc-default-executor-0] INFO  impl.RoleInfo (RoleInfo.java:shutdownFollowerState(121)) - d21ee1f1-33f6-483c-a18b-27782ce1915a: shutdown FollowerState
2019-10-23 22:21:45,917 [grpc-default-executor-3] INFO  impl.RoleInfo (RoleInfo.java:shutdownFollowerState(121)) - 1c51b35f-55cb-4636-a00c-83d34bf2d9d4: shutdown FollowerState
2019-10-23 22:21:45,918 [Thread-526] INFO  impl.FollowerState (FollowerState.java:run(117)) - d21ee1f1-33f6-483c-a18b-27782ce1915a@group-F043E0AED0ED-FollowerState was interrupted: java.lang.InterruptedException: sleep interrupted
2019-10-23 22:21:45,918 [grpc-default-executor-0] INFO  impl.RoleInfo (RoleInfo.java:updateAndGet(143)) - d21ee1f1-33f6-483c-a18b-27782ce1915a: start FollowerState
2019-10-23 22:21:45,918 [grpc-default-executor-3] INFO  impl.RoleInfo (RoleInfo.java:updateAndGet(143)) - 1c51b35f-55cb-4636-a00c-83d34bf2d9d4: start FollowerState
2019-10-23 22:21:45,918 [Thread-527] INFO  impl.FollowerState (FollowerState.java:run(117)) - 1c51b35f-55cb-4636-a00c-83d34bf2d9d4@group-F043E0AED0ED-FollowerState was interrupted: java.lang.InterruptedException: sleep interrupted
2019-10-23 22:21:45,931 [aed1b97f-105e-4684-b087-4b6333aa3ced@group-F043E0AED0ED-LeaderElection49] INFO  impl.LeaderElection (LeaderElection.java:logAndReturn(56)) - aed1b97f-105e-4684-b087-4b6333aa3ced@group-F043E0AED0ED-LeaderElection49: Election TIMEOUT; received 0 response(s) [] and 0 exception(s); aed1b97f-105e-4684-b087-4b6333aa3ced@group-F043E0AED0ED:t48, leader=null, voted=aed1b97f-105e-4684-b087-4b6333aa3ced, raftlog=aed1b97f-105e-4684-b087-4b6333aa3ced@group-F043E0AED0ED-SegmentedRaftLog:OPENED:c-1,f-1,i0, conf=-1: [aed1b97f-105e-4684-b087-4b6333aa3ced:192.168.157.195:34943, 1c51b35f-55cb-4636-a00c-83d34bf2d9d4:192.168.157.195:34693, d21ee1f1-33f6-483c-a18b-27782ce1915a:192.168.157.195:46462], old=null
2019-10-23 22:21:45,946 [aed1b97f-105e-4684-b087-4b6333aa3ced@group-F043E0AED0ED-LeaderElection49] INFO  impl.LeaderElection (LeaderElection.java:askForVotes(178)) - aed1b97f-105e-4684-b087-4b6333aa3ced@group-F043E0AED0ED-LeaderElection49: begin an election at term 49 for -1: [aed1b97f-105e-4684-b087-4b6333aa3ced:192.168.157.195:34943, 1c51b35f-55cb-4636-a00c-83d34bf2d9d4:192.168.157.195:34693, d21ee1f1-33f6-483c-a18b-27782ce1915a:192.168.157.195:46462], old=null
2019-10-23 22:21:45,949 [grpc-default-executor-3] INFO  impl.RaftServerImpl (RaftServerImpl.java:setRole(184)) - d21ee1f1-33f6-483c-a18b-27782ce1915a@group-F043E0AED0ED: changes role from  FOLLOWER to FOLLOWER at term 49 for recognizeCandidate:aed1b97f-105e-4684-b087-4b6333aa3ced
2019-10-23 22:21:45,949 [grpc-default-executor-0] INFO  impl.RaftServerImpl (RaftServerImpl.java:setRole(184)) - 1c51b35f-55cb-4636-a00c-83d34bf2d9d4@group-F043E0AED0ED: changes role from  FOLLOWER to FOLLOWER at term 49 for recognizeCandidate:aed1b97f-105e-4684-b087-4b6333aa3ced
2019-10-23 22:21:45,949 [grpc-default-executor-3] INFO  impl.RoleInfo (RoleInfo.java:shutdownFollowerState(121)) - d21ee1f1-33f6-483c-a18b-27782ce1915a: shutdown FollowerState
2019-10-23 22:21:45,950 [grpc-default-executor-0] INFO  impl.RoleInfo (RoleInfo.java:shutdownFollowerState(121)) - 1c51b35f-55cb-4636-a00c-83d34bf2d9d4: shutdown FollowerState
2019-10-23 22:21:45,950 [Thread-532] INFO  impl.FollowerState (FollowerState.java:run(117)) - d21ee1f1-33f6-483c-a18b-27782ce1915a@group-F043E0AED0ED-FollowerState was interrupted: java.lang.InterruptedException: sleep interrupted
2019-10-23 22:21:45,950 [grpc-default-executor-3] INFO  impl.RoleInfo (RoleInfo.java:updateAndGet(143)) - d21ee1f1-33f6-483c-a18b-27782ce1915a: start FollowerState
2019-10-23 22:21:45,950 [Thread-533] INFO  impl.FollowerState (FollowerState.java:run(117)) - 1c51b35f-55cb-4636-a00c-83d34bf2d9d4@group-F043E0AED0ED-FollowerState was interrupted: java.lang.InterruptedException: sleep interrupted
2019-10-23 22:21:45,950 [grpc-default-executor-0] INFO  impl.RoleInfo (RoleInfo.java:updateAndGet(143)) - 1c51b35f-55cb-4636-a00c-83d34bf2d9d4: start FollowerState
2019-10-23 22:21:45,965 [aed1b97f-105e-4684-b087-4b6333aa3ced@group-F043E0AED0ED-LeaderElection49] INFO  impl.LeaderElection (LeaderElection.java:logAndReturn(56)) - aed1b97f-105e-4684-b087-4b6333aa3ced@group-F043E0AED0ED-LeaderElection49: Election REJECTED; received 2 response(s) [aed1b97f-105e-4684-b087-4b6333aa3ced<-1c51b35f-55cb-4636-a00c-83d34bf2d9d4#0:FAIL-t49, aed1b97f-105e-4684-b087-4b6333aa3ced<-d21ee1f1-33f6-483c-a18b-27782ce1915a#0:FAIL-t49] and 0 exception(s); aed1b97f-105e-4684-b087-4b6333aa3ced@group-F043E0AED0ED:t49, leader=null, voted=aed1b97f-105e-4684-b087-4b6333aa3ced, raftlog=aed1b97f-105e-4684-b087-4b6333aa3ced@group-F043E0AED0ED-SegmentedRaftLog:OPENED:c-1,f-1,i0, conf=-1: [aed1b97f-105e-4684-b087-4b6333aa3ced:192.168.157.195:34943, 1c51b35f-55cb-4636-a00c-83d34bf2d9d4:192.168.157.195:34693, d21ee1f1-33f6-483c-a18b-27782ce1915a:192.168.157.195:46462], old=null
2019-10-23 22:21:45,965 [aed1b97f-105e-4684-b087-4b6333aa3ced@group-F043E0AED0ED-LeaderElection49] INFO  impl.RaftServerImpl (RaftServerImpl.java:setRole(184)) - aed1b97f-105e-4684-b087-4b6333aa3ced@group-F043E0AED0ED: changes role from CANDIDATE to FOLLOWER at term 49 for DISCOVERED_A_NEW_TERM
2019-10-23 22:21:45,966 [aed1b97f-105e-4684-b087-4b6333aa3ced@group-F043E0AED0ED-LeaderElection49] INFO  impl.RoleInfo (RoleInfo.java:shutdownLeaderElection(134)) - aed1b97f-105e-4684-b087-4b6333aa3ced: shutdown LeaderElection
2019-10-23 22:21:45,966 [aed1b97f-105e-4684-b087-4b6333aa3ced@group-F043E0AED0ED-LeaderElection49] INFO  impl.RoleInfo (RoleInfo.java:updateAndGet(143)) - aed1b97f-105e-4684-b087-4b6333aa3ced: start FollowerState
2019-10-23 22:21:46,035 [Thread-538] INFO  impl.FollowerState (FollowerState.java:run(108)) - aed1b97f-105e-4684-b087-4b6333aa3ced@group-F043E0AED0ED-FollowerState: change to CANDIDATE, lastRpcTime:69ms, electionTimeout:69ms
2019-10-23 22:21:46,035 [Thread-538] INFO  impl.RoleInfo (RoleInfo.java:shutdownFollowerState(121)) - aed1b97f-105e-4684-b087-4b6333aa3ced: shutdown FollowerState
2019-10-23 22:21:46,036 [Thread-538] INFO  impl.RaftServerImpl (RaftServerImpl.java:setRole(184)) - aed1b97f-105e-4684-b087-4b6333aa3ced@group-F043E0AED0ED: changes role from  FOLLOWER to CANDIDATE at term 49 for changeToCandidate
2019-10-23 22:21:46,036 [Thread-538] INFO  impl.RoleInfo (RoleInfo.java:updateAndGet(143)) - aed1b97f-105e-4684-b087-4b6333aa3ced: start LeaderElection
2019-10-23 22:21:46,049 [aed1b97f-105e-4684-b087-4b6333aa3ced@group-F043E0AED0ED-LeaderElection50] INFO  impl.LeaderElection (LeaderElection.java:askForVotes(178)) - aed1b97f-105e-4684-b087-4b6333aa3ced@group-F043E0AED0ED-LeaderElection50: begin an election at term 50 for -1: [aed1b97f-105e-4684-b087-4b6333aa3ced:192.168.157.195:34943, 1c51b35f-55cb-4636-a00c-83d34bf2d9d4:192.168.157.195:34693, d21ee1f1-33f6-483c-a18b-27782ce1915a:192.168.157.195:46462], old=null
2019-10-23 22:21:46,053 [grpc-default-executor-0] INFO  impl.RaftServerImpl (RaftServerImpl.java:setRole(184)) - 1c51b35f-55cb-4636-a00c-83d34bf2d9d4@group-F043E0AED0ED: changes role from  FOLLOWER to FOLLOWER at term 50 for recognizeCandidate:aed1b97f-105e-4684-b087-4b6333aa3ced
2019-10-23 22:21:46,053 [grpc-default-executor-3] INFO  impl.RaftServerImpl (RaftServerImpl.java:setRole(184)) - d21ee1f1-33f6-483c-a18b-27782ce1915a@group-F043E0AED0ED: changes role from  FOLLOWER to FOLLOWER at term 50 for recognizeCandidate:aed1b97f-105e-4684-b087-4b6333aa3ced
2019-10-23 22:21:46,053 [grpc-default-executor-0] INFO  impl.RoleInfo (RoleInfo.java:shutdownFollowerState(121)) - 1c51b35f-55cb-4636-a00c-83d34bf2d9d4: shutdown FollowerState
2019-10-23 22:21:46,053 [grpc-default-executor-3] INFO  impl.RoleInfo (RoleInfo.java:shutdownFollowerState(121)) - d21ee1f1-33f6-483c-a18b-27782ce1915a: shutdown FollowerState
2019-10-23 22:21:46,054 [Thread-537] INFO  impl.FollowerState (FollowerState.java:run(117)) - 1c51b35f-55cb-4636-a00c-83d34bf2d9d4@group-F043E0AED0ED-FollowerState was interrupted: java.lang.InterruptedException: sleep interrupted
2019-10-23 22:21:46,054 [grpc-default-executor-0] INFO  impl.RoleInfo (RoleInfo.java:updateAndGet(143)) - 1c51b35f-55cb-4636-a00c-83d34bf2d9d4: start FollowerState
2019-10-23 22:21:46,054 [Thread-536] INFO  impl.FollowerState (FollowerState.java:run(117)) - d21ee1f1-33f6-483c-a18b-27782ce1915a@group-F043E0AED0ED-FollowerState was interrupted: java.lang.InterruptedException: sleep interrupted
2019-10-23 22:21:46,054 [grpc-default-executor-3] INFO  impl.RoleInfo (RoleInfo.java:updateAndGet(143)) - d21ee1f1-33f6-483c-a18b-27782ce1915a: start FollowerState
2019-10-23 22:21:46,069 [aed1b97f-105e-4684-b087-4b6333aa3ced@group-F043E0AED0ED-LeaderElection50] INFO  impl.LeaderElection (LeaderElection.java:logAndReturn(56)) - aed1b97f-105e-4684-b087-4b6333aa3ced@group-F043E0AED0ED-LeaderElection50: Election REJECTED; received 2 response(s) [aed1b97f-105e-4684-b087-4b6333aa3ced<-1c51b35f-55cb-4636-a00c-83d34bf2d9d4#0:FAIL-t50, aed1b97f-105e-4684-b087-4b6333aa3ced<-d21ee1f1-33f6-483c-a18b-27782ce1915a#0:FAIL-t50] and 0 exception(s); aed1b97f-105e-4684-b087-4b6333aa3ced@group-F043E0AED0ED:t50, leader=null, voted=aed1b97f-105e-4684-b087-4b6333aa3ced, raftlog=aed1b97f-105e-4684-b087-4b6333aa3ced@group-F043E0AED0ED-SegmentedRaftLog:OPENED:c-1,f-1,i0, conf=-1: [aed1b97f-105e-4684-b087-4b6333aa3ced:192.168.157.195:34943, 1c51b35f-55cb-4636-a00c-83d34bf2d9d4:192.168.157.195:34693, d21ee1f1-33f6-483c-a18b-27782ce1915a:192.168.157.195:46462], old=null
2019-10-23 22:21:46,070 [aed1b97f-105e-4684-b087-4b6333aa3ced@group-F043E0AED0ED-LeaderElection50] INFO  impl.RaftServerImpl (RaftServerImpl.java:setRole(184)) - aed1b97f-105e-4684-b087-4b6333aa3ced@group-F043E0AED0ED: changes role from CANDIDATE to FOLLOWER at term 50 for DISCOVERED_A_NEW_TERM
2019-10-23 22:21:46,070 [aed1b97f-105e-4684-b087-4b6333aa3ced@group-F043E0AED0ED-LeaderElection50] INFO  impl.RoleInfo (RoleInfo.java:shutdownLeaderElection(134)) - aed1b97f-105e-4684-b087-4b6333aa3ced: shutdown LeaderElection
2019-10-23 22:21:46,070 [aed1b97f-105e-4684-b087-4b6333aa3ced@group-F043E0AED0ED-LeaderElection50] INFO  impl.RoleInfo (RoleInfo.java:updateAndGet(143)) - aed1b97f-105e-4684-b087-4b6333aa3ced: start FollowerState
2019-10-23 22:21:46,089 [Thread-544] INFO  impl.FollowerState (FollowerState.java:run(108)) - aed1b97f-105e-4684-b087-4b6333aa3ced@group-F043E0AED0ED-FollowerState: change to CANDIDATE, lastRpcTime:19ms, electionTimeout:19ms
2019-10-23 22:21:46,090 [Thread-544] INFO  impl.RoleInfo (RoleInfo.java:shutdownFollowerState(121)) - aed1b97f-105e-4684-b087-4b6333aa3ced: shutdown FollowerState
2019-10-23 22:21:46,090 [Thread-544] INFO  impl.RaftServerImpl (RaftServerImpl.java:setRole(184)) - aed1b97f-105e-4684-b087-4b6333aa3ced@group-F043E0AED0ED: changes role from  FOLLOWER to CANDIDATE at term 50 for changeToCandidate
2019-10-23 22:21:46,090 [Thread-544] INFO  impl.RoleInfo (RoleInfo.java:updateAndGet(143)) - aed1b97f-105e-4684-b087-4b6333aa3ced: start LeaderElection
2019-10-23 22:21:46,103 [aed1b97f-105e-4684-b087-4b6333aa3ced@group-F043E0AED0ED-LeaderElection51] INFO  impl.LeaderElection (LeaderElection.java:askForVotes(178)) - aed1b97f-105e-4684-b087-4b6333aa3ced@group-F043E0AED0ED-LeaderElection51: begin an election at term 51 for -1: [aed1b97f-105e-4684-b087-4b6333aa3ced:192.168.157.195:34943, 1c51b35f-55cb-4636-a00c-83d34bf2d9d4:192.168.157.195:34693, d21ee1f1-33f6-483c-a18b-27782ce1915a:192.168.157.195:46462], old=null
2019-10-23 22:21:46,106 [grpc-default-executor-3] INFO  impl.RaftServerImpl (RaftServerImpl.java:setRole(184)) - 1c51b35f-55cb-4636-a00c-83d34bf2d9d4@group-F043E0AED0ED: changes role from  FOLLOWER to FOLLOWER at term 51 for recognizeCandidate:aed1b97f-105e-4684-b087-4b6333aa3ced
2019-10-23 22:21:46,106 [grpc-default-executor-0] INFO  impl.RaftServerImpl (RaftServerImpl.java:setRole(184)) - d21ee1f1-33f6-483c-a18b-27782ce1915a@group-F043E0AED0ED: changes role from  FOLLOWER to FOLLOWER at term 51 for recognizeCandidate:aed1b97f-105e-4684-b087-4b6333aa3ced
2019-10-23 22:21:46,106 [grpc-default-executor-3] INFO  impl.RoleInfo (RoleInfo.java:shutdownFollowerState(121)) - 1c51b35f-55cb-4636-a00c-83d34bf2d9d4: shutdown FollowerState
2019-10-23 22:21:46,106 [grpc-default-executor-0] INFO  impl.RoleInfo (RoleInfo.java:shutdownFollowerState(121)) - d21ee1f1-33f6-483c-a18b-27782ce1915a: shutdown FollowerState
2019-10-23 22:21:46,107 [grpc-default-executor-3] INFO  impl.RoleInfo (RoleInfo.java:updateAndGet(143)) - 1c51b35f-55cb-4636-a00c-83d34bf2d9d4: start FollowerState
2019-10-23 22:21:46,107 [Thread-542] INFO  impl.FollowerState (FollowerState.java:run(117)) - 1c51b35f-55cb-4636-a00c-83d34bf2d9d4@group-F043E0AED0ED-FollowerState was interrupted: java.lang.InterruptedException: sleep interrupted
2019-10-23 22:21:46,107 [grpc-default-executor-0] INFO  impl.RoleInfo (RoleInfo.java:updateAndGet(143)) - d21ee1f1-33f6-483c-a18b-27782ce1915a: start FollowerState
2019-10-23 22:21:46,107 [Thread-543] INFO  impl.FollowerState (FollowerState.java:run(117)) - d21ee1f1-33f6-483c-a18b-27782ce1915a@group-F043E0AED0ED-FollowerState was interrupted: java.lang.InterruptedException: sleep interrupted
2019-10-23 22:21:46,133 [aed1b97f-105e-4684-b087-4b6333aa3ced@group-F043E0AED0ED-LeaderElection51] INFO  impl.LeaderElection (LeaderElection.java:logAndReturn(56)) - aed1b97f-105e-4684-b087-4b6333aa3ced@group-F043E0AED0ED-LeaderElection51: Election REJECTED; received 2 response(s) [aed1b97f-105e-4684-b087-4b6333aa3ced<-1c51b35f-55cb-4636-a00c-83d34bf2d9d4#0:FAIL-t51, aed1b97f-105e-4684-b087-4b6333aa3ced<-d21ee1f1-33f6-483c-a18b-27782ce1915a#0:FAIL-t51] and 0 exception(s); aed1b97f-105e-4684-b087-4b6333aa3ced@group-F043E0AED0ED:t51, leader=null, voted=aed1b97f-105e-4684-b087-4b6333aa3ced, raftlog=aed1b97f-105e-4684-b087-4b6333aa3ced@group-F043E0AED0ED-SegmentedRaftLog:OPENED:c-1,f-1,i0, conf=-1: [aed1b97f-105e-4684-b087-4b6333aa3ced:192.168.157.195:34943, 1c51b35f-55cb-4636-a00c-83d34bf2d9d4:192.168.157.195:34693, d21ee1f1-33f6-483c-a18b-27782ce1915a:192.168.157.195:46462], old=null
2019-10-23 22:21:46,133 [aed1b97f-105e-4684-b087-4b6333aa3ced@group-F043E0AED0ED-LeaderElection51] INFO  impl.RaftServerImpl (RaftServerImpl.java:setRole(184)) - aed1b97f-105e-4684-b087-4b6333aa3ced@group-F043E0AED0ED: changes role from CANDIDATE to FOLLOWER at term 51 for DISCOVERED_A_NEW_TERM
2019-10-23 22:21:46,134 [aed1b97f-105e-4684-b087-4b6333aa3ced@group-F043E0AED0ED-LeaderElection51] INFO  impl.RoleInfo (RoleInfo.java:shutdownLeaderElection(134)) - aed1b97f-105e-4684-b087-4b6333aa3ced: shutdown LeaderElection
2019-10-23 22:21:46,134 [aed1b97f-105e-4684-b087-4b6333aa3ced@group-F043E0AED0ED-LeaderElection51] INFO  impl.RoleInfo (RoleInfo.java:updateAndGet(143)) - aed1b97f-105e-4684-b087-4b6333aa3ced: start FollowerState
2019-10-23 22:21:46,153 [Thread-550] INFO  impl.FollowerState (FollowerState.java:run(108)) - aed1b97f-105e-4684-b087-4b6333aa3ced@group-F043E0AED0ED-FollowerState: change to CANDIDATE, lastRpcTime:19ms, electionTimeout:19ms
2019-10-23 22:21:46,153 [Thread-550] INFO  impl.RoleInfo (RoleInfo.java:shutdownFollowerState(121)) - aed1b97f-105e-4684-b087-4b6333aa3ced: shutdown FollowerState
2019-10-23 22:21:46,153 [Thread-550] INFO  impl.RaftServerImpl (RaftServerImpl.java:setRole(184)) - aed1b97f-105e-4684-b087-4b6333aa3ced@group-F043E0AED0ED: changes role from  FOLLOWER to CANDIDATE at term 51 for changeToCandidate
2019-10-23 22:21:46,154 [Thread-550] INFO  impl.RoleInfo (RoleInfo.java:updateAndGet(143)) - aed1b97f-105e-4684-b087-4b6333aa3ced: start LeaderElection
2019-10-23 22:21:46,182 [aed1b97f-105e-4684-b087-4b6333aa3ced@group-F043E0AED0ED-LeaderElection52] INFO  impl.LeaderElection (LeaderElection.java:askForVotes(178)) - aed1b97f-105e-4684-b087-4b6333aa3ced@group-F043E0AED0ED-LeaderElection52: begin an election at term 52 for -1: [aed1b97f-105e-4684-b087-4b6333aa3ced:192.168.157.195:34943, 1c51b35f-55cb-4636-a00c-83d34bf2d9d4:192.168.157.195:34693, d21ee1f1-33f6-483c-a18b-27782ce1915a:192.168.157.195:46462], old=null
2019-10-23 22:21:46,185 [grpc-default-executor-0] INFO  impl.RaftServerImpl (RaftServerImpl.java:setRole(184)) - 1c51b35f-55cb-4636-a00c-83d34bf2d9d4@group-F043E0AED0ED: changes role from  FOLLOWER to FOLLOWER at term 52 for recognizeCandidate:aed1b97f-105e-4684-b087-4b6333aa3ced
2019-10-23 22:21:46,185 [grpc-default-executor-0] INFO  impl.RoleInfo (RoleInfo.java:shutdownFollowerState(121)) - 1c51b35f-55cb-4636-a00c-83d34bf2d9d4: shutdown FollowerState
2019-10-23 22:21:46,185 [grpc-default-executor-0] INFO  impl.RoleInfo (RoleInfo.java:updateAndGet(143)) - 1c51b35f-55cb-4636-a00c-83d34bf2d9d4: start FollowerState
2019-10-23 22:21:46,185 [Thread-548] INFO  impl.FollowerState (FollowerState.java:run(117)) - 1c51b35f-55cb-4636-a00c-83d34bf2d9d4@group-F043E0AED0ED-FollowerState was interrupted: java.lang.InterruptedException: sleep interrupted
2019-10-23 22:21:46,185 [grpc-default-executor-3] INFO  impl.RaftServerImpl (RaftServerImpl.java:setRole(184)) - d21ee1f1-33f6-483c-a18b-27782ce1915a@group-F043E0AED0ED: changes role from  FOLLOWER to FOLLOWER at term 52 for recognizeCandidate:aed1b97f-105e-4684-b087-4b6333aa3ced
2019-10-23 22:21:46,186 [grpc-default-executor-3] INFO  impl.RoleInfo (RoleInfo.java:shutdownFollowerState(121)) - d21ee1f1-33f6-483c-a18b-27782ce1915a: shutdown FollowerState
2019-10-23 22:21:46,186 [grpc-default-executor-3] INFO  impl.RoleInfo (RoleInfo.java:updateAndGet(143)) - d21ee1f1-33f6-483c-a18b-27782ce1915a: start FollowerState
2019-10-23 22:21:46,186 [Thread-549] INFO  impl.FollowerState (FollowerState.java:run(117)) - d21ee1f1-33f6-483c-a18b-27782ce1915a@group-F043E0AED0ED-FollowerState was interrupted: java.lang.InterruptedException: sleep interrupted
2019-10-23 22:21:46,201 [aed1b97f-105e-4684-b087-4b6333aa3ced@group-F043E0AED0ED-LeaderElection52] INFO  impl.LeaderElection (LeaderElection.java:logAndReturn(56)) - aed1b97f-105e-4684-b087-4b6333aa3ced@group-F043E0AED0ED-LeaderElection52: Election REJECTED; received 2 response(s) [aed1b97f-105e-4684-b087-4b6333aa3ced<-1c51b35f-55cb-4636-a00c-83d34bf2d9d4#0:FAIL-t52, aed1b97f-105e-4684-b087-4b6333aa3ced<-d21ee1f1-33f6-483c-a18b-27782ce1915a#0:FAIL-t52] and 0 exception(s); aed1b97f-105e-4684-b087-4b6333aa3ced@group-F043E0AED0ED:t52, leader=null, voted=aed1b97f-105e-4684-b087-4b6333aa3ced, raftlog=aed1b97f-105e-4684-b087-4b6333aa3ced@group-F043E0AED0ED-SegmentedRaftLog:OPENED:c-1,f-1,i0, conf=-1: [aed1b97f-105e-4684-b087-4b6333aa3ced:192.168.157.195:34943, 1c51b35f-55cb-4636-a00c-83d34bf2d9d4:192.168.157.195:34693, d21ee1f1-33f6-483c-a18b-27782ce1915a:192.168.157.195:46462], old=null
2019-10-23 22:21:46,201 [aed1b97f-105e-4684-b087-4b6333aa3ced@group-F043E0AED0ED-LeaderElection52] INFO  impl.RaftServerImpl (RaftServerImpl.java:setRole(184)) - aed1b97f-105e-4684-b087-4b6333aa3ced@group-F043E0AED0ED: changes role from CANDIDATE to FOLLOWER at term 52 for DISCOVERED_A_NEW_TERM
2019-10-23 22:21:46,201 [aed1b97f-105e-4684-b087-4b6333aa3ced@group-F043E0AED0ED-LeaderElection52] INFO  impl.RoleInfo (RoleInfo.java:shutdownLeaderElection(134)) - aed1b97f-105e-4684-b087-4b6333aa3ced: shutdown LeaderElection
2019-10-23 22:21:46,201 [aed1b97f-105e-4684-b087-4b6333aa3ced@group-F043E0AED0ED-LeaderElection52] INFO  impl.RoleInfo (RoleInfo.java:updateAndGet(143)) - aed1b97f-105e-4684-b087-4b6333aa3ced: start FollowerState
2019-10-23 22:21:46,320 [Thread-556] INFO  impl.FollowerState (FollowerState.java:run(108)) - aed1b97f-105e-4684-b087-4b6333aa3ced@group-F043E0AED0ED-FollowerState: change to CANDIDATE, lastRpcTime:119ms, electionTimeout:119ms
2019-10-23 22:21:46,321 [Thread-556] INFO  impl.RoleInfo (RoleInfo.java:shutdownFollowerState(121)) - aed1b97f-105e-4684-b087-4b6333aa3ced: shutdown FollowerState
2019-10-23 22:21:46,321 [Thread-556] INFO  impl.RaftServerImpl (RaftServerImpl.java:setRole(184)) - aed1b97f-105e-4684-b087-4b6333aa3ced@group-F043E0AED0ED: changes role from  FOLLOWER to CANDIDATE at term 52 for changeToCandidate
2019-10-23 22:21:46,321 [Thread-556] INFO  impl.RoleInfo (RoleInfo.java:updateAndGet(143)) - aed1b97f-105e-4684-b087-4b6333aa3ced: start LeaderElection
2019-10-23 22:21:46,335 [aed1b97f-105e-4684-b087-4b6333aa3ced@group-F043E0AED0ED-LeaderElection53] INFO  impl.LeaderElection (LeaderElection.java:askForVotes(178)) - aed1b97f-105e-4684-b087-4b6333aa3ced@group-F043E0AED0ED-LeaderElection53: begin an election at term 53 for -1: [aed1b97f-105e-4684-b087-4b6333aa3ced:192.168.157.195:34943, 1c51b35f-55cb-4636-a00c-83d34bf2d9d4:192.168.157.195:34693, d21ee1f1-33f6-483c-a18b-27782ce1915a:192.168.157.195:46462], old=null
2019-10-23 22:21:46,337 [grpc-default-executor-3] INFO  impl.RaftServerImpl (RaftServerImpl.java:setRole(184)) - 1c51b35f-55cb-4636-a00c-83d34bf2d9d4@group-F043E0AED0ED: changes role from  FOLLOWER to FOLLOWER at term 53 for recognizeCandidate:aed1b97f-105e-4684-b087-4b6333aa3ced
2019-10-23 22:21:46,337 [grpc-default-executor-3] INFO  impl.RoleInfo (RoleInfo.java:shutdownFollowerState(121)) - 1c51b35f-55cb-4636-a00c-83d34bf2d9d4: shutdown FollowerState
2019-10-23 22:21:46,337 [grpc-default-executor-0] INFO  impl.RaftServerImpl (RaftServerImpl.java:setRole(184)) - d21ee1f1-33f6-483c-a18b-27782ce1915a@group-F043E0AED0ED: changes role from  FOLLOWER to FOLLOWER at term 53 for recognizeCandidate:aed1b97f-105e-4684-b087-4b6333aa3ced
2019-10-23 22:21:46,338 [Thread-554] INFO  impl.FollowerState (FollowerState.java:run(117)) - 1c51b35f-55cb-4636-a00c-83d34bf2d9d4@group-F043E0AED0ED-FollowerState was interrupted: java.lang.InterruptedException: sleep interrupted
2019-10-23 22:21:46,338 [grpc-default-executor-3] INFO  impl.RoleInfo (RoleInfo.java:updateAndGet(143)) - 1c51b35f-55cb-4636-a00c-83d34bf2d9d4: start FollowerState
2019-10-23 22:21:46,338 [grpc-default-executor-0] INFO  impl.RoleInfo (RoleInfo.java:shutdownFollowerState(121)) - d21ee1f1-33f6-483c-a18b-27782ce1915a: shutdown FollowerState
2019-10-23 22:21:46,338 [grpc-default-executor-0] INFO  impl.RoleInfo (RoleInfo.java:updateAndGet(143)) - d21ee1f1-33f6-483c-a18b-27782ce1915a: start FollowerState
2019-10-23 22:21:46,338 [Thread-555] INFO  impl.FollowerState (FollowerState.java:run(117)) - d21ee1f1-33f6-483c-a18b-27782ce1915a@group-F043E0AED0ED-FollowerState was interrupted: java.lang.InterruptedException: sleep interrupted
2019-10-23 22:21:46,363 [aed1b97f-105e-4684-b087-4b6333aa3ced@group-F043E0AED0ED-LeaderElection53] INFO  impl.LeaderElection (LeaderElection.java:logAndReturn(56)) - aed1b97f-105e-4684-b087-4b6333aa3ced@group-F043E0AED0ED-LeaderElection53: Election REJECTED; received 2 response(s) [aed1b97f-105e-4684-b087-4b6333aa3ced<-1c51b35f-55cb-4636-a00c-83d34bf2d9d4#0:FAIL-t53, aed1b97f-105e-4684-b087-4b6333aa3ced<-d21ee1f1-33f6-483c-a18b-27782ce1915a#0:FAIL-t53] and 0 exception(s); aed1b97f-105e-4684-b087-4b6333aa3ced@group-F043E0AED0ED:t53, leader=null, voted=aed1b97f-105e-4684-b087-4b6333aa3ced, raftlog=aed1b97f-105e-4684-b087-4b6333aa3ced@group-F043E0AED0ED-SegmentedRaftLog:OPENED:c-1,f-1,i0, conf=-1: [aed1b97f-105e-4684-b087-4b6333aa3ced:192.168.157.195:34943, 1c51b35f-55cb-4636-a00c-83d34bf2d9d4:192.168.157.195:34693, d21ee1f1-33f6-483c-a18b-27782ce1915a:192.168.157.195:46462], old=null
2019-10-23 22:21:46,363 [aed1b97f-105e-4684-b087-4b6333aa3ced@group-F043E0AED0ED-LeaderElection53] INFO  impl.RaftServerImpl (RaftServerImpl.java:setRole(184)) - aed1b97f-105e-4684-b087-4b6333aa3ced@group-F043E0AED0ED: changes role from CANDIDATE to FOLLOWER at term 53 for DISCOVERED_A_NEW_TERM
2019-10-23 22:21:46,364 [aed1b97f-105e-4684-b087-4b6333aa3ced@group-F043E0AED0ED-LeaderElection53] INFO  impl.RoleInfo (RoleInfo.java:shutdownLeaderElection(134)) - aed1b97f-105e-4684-b087-4b6333aa3ced: shutdown LeaderElection
2019-10-23 22:21:46,364 [aed1b97f-105e-4684-b087-4b6333aa3ced@group-F043E0AED0ED-LeaderElection53] INFO  impl.RoleInfo (RoleInfo.java:updateAndGet(143)) - aed1b97f-105e-4684-b087-4b6333aa3ced: start FollowerState
2019-10-23 22:21:46,431 [Thread-562] INFO  impl.FollowerState (FollowerState.java:run(108)) - aed1b97f-105e-4684-b087-4b6333aa3ced@group-F043E0AED0ED-FollowerState: change to CANDIDATE, lastRpcTime:67ms, electionTimeout:67ms
2019-10-23 22:21:46,432 [Thread-562] INFO  impl.RoleInfo (RoleInfo.java:shutdownFollowerState(121)) - aed1b97f-105e-4684-b087-4b6333aa3ced: shutdown FollowerState
2019-10-23 22:21:46,432 [Thread-562] INFO  impl.RaftServerImpl (RaftServerImpl.java:setRole(184)) - aed1b97f-105e-4684-b087-4b6333aa3ced@group-F043E0AED0ED: changes role from  FOLLOWER to CANDIDATE at term 53 for changeToCandidate
2019-10-23 22:21:46,432 [Thread-562] INFO  impl.RoleInfo (RoleInfo.java:updateAndGet(143)) - aed1b97f-105e-4684-b087-4b6333aa3ced: start LeaderElection
2019-10-23 22:21:46,455 [aed1b97f-105e-4684-b087-4b6333aa3ced@group-F043E0AED0ED-LeaderElection54] INFO  impl.LeaderElection (LeaderElection.java:askForVotes(178)) - aed1b97f-105e-4684-b087-4b6333aa3ced@group-F043E0AED0ED-LeaderElection54: begin an election at term 54 for -1: [aed1b97f-105e-4684-b087-4b6333aa3ced:192.168.157.195:34943, 1c51b35f-55cb-4636-a00c-83d34bf2d9d4:192.168.157.195:34693, d21ee1f1-33f6-483c-a18b-27782ce1915a:192.168.157.195:46462], old=null
2019-10-23 22:21:46,458 [grpc-default-executor-0] INFO  impl.RaftServerImpl (RaftServerImpl.java:setRole(184)) - 1c51b35f-55cb-4636-a00c-83d34bf2d9d4@group-F043E0AED0ED: changes role from  FOLLOWER to FOLLOWER at term 54 for recognizeCandidate:aed1b97f-105e-4684-b087-4b6333aa3ced
2019-10-23 22:21:46,458 [grpc-default-executor-0] INFO  impl.RoleInfo (RoleInfo.java:shutdownFollowerState(121)) - 1c51b35f-55cb-4636-a00c-83d34bf2d9d4: shutdown FollowerState
2019-10-23 22:21:46,458 [grpc-default-executor-0] INFO  impl.RoleInfo (RoleInfo.java:updateAndGet(143)) - 1c51b35f-55cb-4636-a00c-83d34bf2d9d4: start FollowerState
2019-10-23 22:21:46,458 [Thread-560] INFO  impl.FollowerState (FollowerState.java:run(117)) - 1c51b35f-55cb-4636-a00c-83d34bf2d9d4@group-F043E0AED0ED-FollowerState was interrupted: java.lang.InterruptedException: sleep interrupted
2019-10-23 22:21:46,458 [grpc-default-executor-3] INFO  impl.RaftServerImpl (RaftServerImpl.java:setRole(184)) - d21ee1f1-33f6-483c-a18b-27782ce1915a@group-F043E0AED0ED: changes role from  FOLLOWER to FOLLOWER at term 54 for recognizeCandidate:aed1b97f-105e-4684-b087-4b6333aa3ced
2019-10-23 22:21:46,458 [grpc-default-executor-3] INFO  impl.RoleInfo (RoleInfo.java:shutdownFollowerState(121)) - d21ee1f1-33f6-483c-a18b-27782ce1915a: shutdown FollowerState
2019-10-23 22:21:46,459 [grpc-default-executor-3] INFO  impl.RoleInfo (RoleInfo.java:updateAndGet(143)) - d21ee1f1-33f6-483c-a18b-27782ce1915a: start FollowerState
2019-10-23 22:21:46,459 [Thread-561] INFO  impl.FollowerState (FollowerState.java:run(117)) - d21ee1f1-33f6-483c-a18b-27782ce1915a@group-F043E0AED0ED-FollowerState was interrupted: java.lang.InterruptedException: sleep interrupted
2019-10-23 22:21:46,473 [aed1b97f-105e-4684-b087-4b6333aa3ced@group-F043E0AED0ED-LeaderElection54] INFO  impl.LeaderElection (LeaderElection.java:logAndReturn(56)) - aed1b97f-105e-4684-b087-4b6333aa3ced@group-F043E0AED0ED-LeaderElection54: Election REJECTED; received 2 response(s) [aed1b97f-105e-4684-b087-4b6333aa3ced<-1c51b35f-55cb-4636-a00c-83d34bf2d9d4#0:FAIL-t54, aed1b97f-105e-4684-b087-4b6333aa3ced<-d21ee1f1-33f6-483c-a18b-27782ce1915a#0:FAIL-t54] and 0 exception(s); aed1b97f-105e-4684-b087-4b6333aa3ced@group-F043E0AED0ED:t54, leader=null, voted=aed1b97f-105e-4684-b087-4b6333aa3ced, raftlog=aed1b97f-105e-4684-b087-4b6333aa3ced@group-F043E0AED0ED-SegmentedRaftLog:OPENED:c-1,f-1,i0, conf=-1: [aed1b97f-105e-4684-b087-4b6333aa3ced:192.168.157.195:34943, 1c51b35f-55cb-4636-a00c-83d34bf2d9d4:192.168.157.195:34693, d21ee1f1-33f6-483c-a18b-27782ce1915a:192.168.157.195:46462], old=null
2019-10-23 22:21:46,473 [aed1b97f-105e-4684-b087-4b6333aa3ced@group-F043E0AED0ED-LeaderElection54] INFO  impl.RaftServerImpl (RaftServerImpl.java:setRole(184)) - aed1b97f-105e-4684-b087-4b6333aa3ced@group-F043E0AED0ED: changes role from CANDIDATE to FOLLOWER at term 54 for DISCOVERED_A_NEW_TERM
2019-10-23 22:21:46,474 [aed1b97f-105e-4684-b087-4b6333aa3ced@group-F043E0AED0ED-LeaderElection54] INFO  impl.RoleInfo (RoleInfo.java:shutdownLeaderElection(134)) - aed1b97f-105e-4684-b087-4b6333aa3ced: shutdown LeaderElection
2019-10-23 22:21:46,474 [aed1b97f-105e-4684-b087-4b6333aa3ced@group-F043E0AED0ED-LeaderElection54] INFO  impl.RoleInfo (RoleInfo.java:updateAndGet(143)) - aed1b97f-105e-4684-b087-4b6333aa3ced: start FollowerState
2019-10-23 22:21:46,536 [Thread-568] INFO  impl.FollowerState (FollowerState.java:run(108)) - aed1b97f-105e-4684-b087-4b6333aa3ced@group-F043E0AED0ED-FollowerState: change to CANDIDATE, lastRpcTime:62ms, electionTimeout:62ms
2019-10-23 22:21:46,536 [Thread-568] INFO  impl.RoleInfo (RoleInfo.java:shutdownFollowerState(121)) - aed1b97f-105e-4684-b087-4b6333aa3ced: shutdown FollowerState
2019-10-23 22:21:46,536 [Thread-568] INFO  impl.RaftServerImpl (RaftServerImpl.java:setRole(184)) - aed1b97f-105e-4684-b087-4b6333aa3ced@group-F043E0AED0ED: changes role from  FOLLOWER to CANDIDATE at term 54 for changeToCandidate
2019-10-23 22:21:46,537 [Thread-568] INFO  impl.RoleInfo (RoleInfo.java:updateAndGet(143)) - aed1b97f-105e-4684-b087-4b6333aa3ced: start LeaderElection
2019-10-23 22:21:46,552 [aed1b97f-105e-4684-b087-4b6333aa3ced@group-F043E0AED0ED-LeaderElection55] INFO  impl.LeaderElection (LeaderElection.java:askForVotes(178)) - aed1b97f-105e-4684-b087-4b6333aa3ced@group-F043E0AED0ED-LeaderElection55: begin an election at term 55 for -1: [aed1b97f-105e-4684-b087-4b6333aa3ced:192.168.157.195:34943, 1c51b35f-55cb-4636-a00c-83d34bf2d9d4:192.168.157.195:34693, d21ee1f1-33f6-483c-a18b-27782ce1915a:192.168.157.195:46462], old=null
2019-10-23 22:21:46,554 [grpc-default-executor-3] INFO  impl.RaftServerImpl (RaftServerImpl.java:setRole(184)) - 1c51b35f-55cb-4636-a00c-83d34bf2d9d4@group-F043E0AED0ED: changes role from  FOLLOWER to FOLLOWER at term 55 for recognizeCandidate:aed1b97f-105e-4684-b087-4b6333aa3ced
2019-10-23 22:21:46,555 [grpc-default-executor-3] INFO  impl.RoleInfo (RoleInfo.java:shutdownFollowerState(121)) - 1c51b35f-55cb-4636-a00c-83d34bf2d9d4: shutdown FollowerState
2019-10-23 22:21:46,554 [grpc-default-executor-0] INFO  impl.RaftServerImpl (RaftServerImpl.java:setRole(184)) - d21ee1f1-33f6-483c-a18b-27782ce1915a@group-F043E0AED0ED: changes role from  FOLLOWER to FOLLOWER at term 55 for recognizeCandidate:aed1b97f-105e-4684-b087-4b6333aa3ced
2019-10-23 22:21:46,555 [Thread-566] INFO  impl.FollowerState (FollowerState.java:run(117)) - 1c51b35f-55cb-4636-a00c-83d34bf2d9d4@group-F043E0AED0ED-FollowerState was interrupted: java.lang.InterruptedException: sleep interrupted
2019-10-23 22:21:46,555 [grpc-default-executor-3] INFO  impl.RoleInfo (RoleInfo.java:updateAndGet(143)) - 1c51b35f-55cb-4636-a00c-83d34bf2d9d4: start FollowerState
2019-10-23 22:21:46,555 [grpc-default-executor-0] INFO  impl.RoleInfo (RoleInfo.java:shutdownFollowerState(121)) - d21ee1f1-33f6-483c-a18b-27782ce1915a: shutdown FollowerState
2019-10-23 22:21:46,555 [grpc-default-executor-0] INFO  impl.RoleInfo (RoleInfo.java:updateAndGet(143)) - d21ee1f1-33f6-483c-a18b-27782ce1915a: start FollowerState
2019-10-23 22:21:46,556 [Thread-567] INFO  impl.FollowerState (FollowerState.java:run(117)) - d21ee1f1-33f6-483c-a18b-27782ce1915a@group-F043E0AED0ED-FollowerState was interrupted: java.lang.InterruptedException: sleep interrupted
2019-10-23 22:21:46,582 [aed1b97f-105e-4684-b087-4b6333aa3ced@group-F043E0AED0ED-LeaderElection55] INFO  impl.LeaderElection (LeaderElection.java:logAndReturn(56)) - aed1b97f-105e-4684-b087-4b6333aa3ced@group-F043E0AED0ED-LeaderElection55: Election REJECTED; received 2 response(s) [aed1b97f-105e-4684-b087-4b6333aa3ced<-1c51b35f-55cb-4636-a00c-83d34bf2d9d4#0:FAIL-t55, aed1b97f-105e-4684-b087-4b6333aa3ced<-d21ee1f1-33f6-483c-a18b-27782ce1915a#0:FAIL-t55] and 0 exception(s); aed1b97f-105e-4684-b087-4b6333aa3ced@group-F043E0AED0ED:t55, leader=null, voted=aed1b97f-105e-4684-b087-4b6333aa3ced, raftlog=aed1b97f-105e-4684-b087-4b6333aa3ced@group-F043E0AED0ED-SegmentedRaftLog:OPENED:c-1,f-1,i0, conf=-1: [aed1b97f-105e-4684-b087-4b6333aa3ced:192.168.157.195:34943, 1c51b35f-55cb-4636-a00c-83d34bf2d9d4:192.168.157.195:34693, d21ee1f1-33f6-483c-a18b-27782ce1915a:192.168.157.195:46462], old=null
2019-10-23 22:21:46,582 [aed1b97f-105e-4684-b087-4b6333aa3ced@group-F043E0AED0ED-LeaderElection55] INFO  impl.RaftServerImpl (RaftServerImpl.java:setRole(184)) - aed1b97f-105e-4684-b087-4b6333aa3ced@group-F043E0AED0ED: changes role from CANDIDATE to FOLLOWER at term 55 for DISCOVERED_A_NEW_TERM
2019-10-23 22:21:46,582 [aed1b97f-105e-4684-b087-4b6333aa3ced@group-F043E0AED0ED-LeaderElection55] INFO  impl.RoleInfo (RoleInfo.java:shutdownLeaderElection(134)) - aed1b97f-105e-4684-b087-4b6333aa3ced: shutdown LeaderElection
2019-10-23 22:21:46,582 [aed1b97f-105e-4684-b087-4b6333aa3ced@group-F043E0AED0ED-LeaderElection55] INFO  impl.RoleInfo (RoleInfo.java:updateAndGet(143)) - aed1b97f-105e-4684-b087-4b6333aa3ced: start FollowerState
2019-10-23 22:21:46,587 [Thread-574] INFO  impl.FollowerState (FollowerState.java:run(108)) - aed1b97f-105e-4684-b087-4b6333aa3ced@group-F043E0AED0ED-FollowerState: change to CANDIDATE, lastRpcTime:4ms, electionTimeout:4ms
2019-10-23 22:21:46,587 [Thread-574] INFO  impl.RoleInfo (RoleInfo.java:shutdownFollowerState(121)) - aed1b97f-105e-4684-b087-4b6333aa3ced: shutdown FollowerState
2019-10-23 22:21:46,587 [Thread-574] INFO  impl.RaftServerImpl (RaftServerImpl.java:setRole(184)) - aed1b97f-105e-4684-b087-4b6333aa3ced@group-F043E0AED0ED: changes role from  FOLLOWER to CANDIDATE at term 55 for changeToCandidate
2019-10-23 22:21:46,587 [Thread-574] INFO  impl.RoleInfo (RoleInfo.java:updateAndGet(143)) - aed1b97f-105e-4684-b087-4b6333aa3ced: start LeaderElection
2019-10-23 22:21:46,601 [aed1b97f-105e-4684-b087-4b6333aa3ced@group-F043E0AED0ED-LeaderElection56] INFO  impl.LeaderElection (LeaderElection.java:askForVotes(178)) - aed1b97f-105e-4684-b087-4b6333aa3ced@group-F043E0AED0ED-LeaderElection56: begin an election at term 56 for -1: [aed1b97f-105e-4684-b087-4b6333aa3ced:192.168.157.195:34943, 1c51b35f-55cb-4636-a00c-83d34bf2d9d4:192.168.157.195:34693, d21ee1f1-33f6-483c-a18b-27782ce1915a:192.168.157.195:46462], old=null
2019-10-23 22:21:46,604 [grpc-default-executor-3] INFO  impl.RaftServerImpl (RaftServerImpl.java:setRole(184)) - 1c51b35f-55cb-4636-a00c-83d34bf2d9d4@group-F043E0AED0ED: changes role from  FOLLOWER to FOLLOWER at term 56 for recognizeCandidate:aed1b97f-105e-4684-b087-4b6333aa3ced
2019-10-23 22:21:46,604 [grpc-default-executor-0] INFO  impl.RaftServerImpl (RaftServerImpl.java:setRole(184)) - d21ee1f1-33f6-483c-a18b-27782ce1915a@group-F043E0AED0ED: changes role from  FOLLOWER to FOLLOWER at term 56 for recognizeCandidate:aed1b97f-105e-4684-b087-4b6333aa3ced
2019-10-23 22:21:46,604 [grpc-default-executor-3] INFO  impl.RoleInfo (RoleInfo.java:shutdownFollowerState(121)) - 1c51b35f-55cb-4636-a00c-83d34bf2d9d4: shutdown FollowerState
2019-10-23 22:21:46,604 [grpc-default-executor-0] INFO  impl.RoleInfo (RoleInfo.java:shutdownFollowerState(121)) - d21ee1f1-33f6-483c-a18b-27782ce1915a: shutdown FollowerState
2019-10-23 22:21:46,604 [grpc-default-executor-3] INFO  impl.RoleInfo (RoleInfo.java:updateAndGet(143)) - 1c51b35f-55cb-4636-a00c-83d34bf2d9d4: start FollowerState
2019-10-23 22:21:46,604 [Thread-572] INFO  impl.FollowerState (FollowerState.java:run(117)) - 1c51b35f-55cb-4636-a00c-83d34bf2d9d4@group-F043E0AED0ED-FollowerState was interrupted: java.lang.InterruptedException: sleep interrupted
2019-10-23 22:21:46,605 [grpc-default-executor-0] INFO  impl.RoleInfo (RoleInfo.java:updateAndGet(143)) - d21ee1f1-33f6-483c-a18b-27782ce1915a: start FollowerState
2019-10-23 22:21:46,605 [Thread-573] INFO  impl.FollowerState (FollowerState.java:run(117)) - d21ee1f1-33f6-483c-a18b-27782ce1915a@group-F043E0AED0ED-FollowerState was interrupted: java.lang.InterruptedException: sleep interrupted
2019-10-23 22:21:46,623 [aed1b97f-105e-4684-b087-4b6333aa3ced@group-F043E0AED0ED-LeaderElection56] INFO  impl.LeaderElection (LeaderElection.java:logAndReturn(56)) - aed1b97f-105e-4684-b087-4b6333aa3ced@group-F043E0AED0ED-LeaderElection56: Election TIMEOUT; received 0 response(s) [] and 0 exception(s); aed1b97f-105e-4684-b087-4b6333aa3ced@group-F043E0AED0ED:t56, leader=null, voted=aed1b97f-105e-4684-b087-4b6333aa3ced, raftlog=aed1b97f-105e-4684-b087-4b6333aa3ced@group-F043E0AED0ED-SegmentedRaftLog:OPENED:c-1,f-1,i0, conf=-1: [aed1b97f-105e-4684-b087-4b6333aa3ced:192.168.157.195:34943, 1c51b35f-55cb-4636-a00c-83d34bf2d9d4:192.168.157.195:34693, d21ee1f1-33f6-483c-a18b-27782ce1915a:192.168.157.195:46462], old=null
2019-10-23 22:21:46,634 [aed1b97f-105e-4684-b087-4b6333aa3ced@group-F043E0AED0ED-LeaderElection56] INFO  impl.LeaderElection (LeaderElection.java:askForVotes(178)) - aed1b97f-105e-4684-b087-4b6333aa3ced@group-F043E0AED0ED-LeaderElection56: begin an election at term 57 for -1: [aed1b97f-105e-4684-b087-4b6333aa3ced:192.168.157.195:34943, 1c51b35f-55cb-4636-a00c-83d34bf2d9d4:192.168.157.195:34693, d21ee1f1-33f6-483c-a18b-27782ce1915a:192.168.157.195:46462], old=null
2019-10-23 22:21:46,637 [grpc-default-executor-3] INFO  impl.RaftServerImpl (RaftServerImpl.java:setRole(184)) - d21ee1f1-33f6-483c-a18b-27782ce1915a@group-F043E0AED0ED: changes role from  FOLLOWER to FOLLOWER at term 57 for recognizeCandidate:aed1b97f-105e-4684-b087-4b6333aa3ced
2019-10-23 22:21:46,637 [grpc-default-executor-0] INFO  impl.RaftServerImpl (RaftServerImpl.java:setRole(184)) - 1c51b35f-55cb-4636-a00c-83d34bf2d9d4@group-F043E0AED0ED: changes role from  FOLLOWER to FOLLOWER at term 57 for recognizeCandidate:aed1b97f-105e-4684-b087-4b6333aa3ced
2019-10-23 22:21:46,637 [grpc-default-executor-3] INFO  impl.RoleInfo (RoleInfo.java:shutdownFollowerState(121)) - d21ee1f1-33f6-483c-a18b-27782ce1915a: shutdown FollowerState
2019-10-23 22:21:46,637 [grpc-default-executor-0] INFO  impl.RoleInfo (RoleInfo.java:shutdownFollowerState(121)) - 1c51b35f-55cb-4636-a00c-83d34bf2d9d4: shutdown FollowerState
2019-10-23 22:21:46,637 [Thread-579] INFO  impl.FollowerState (FollowerState.java:run(117)) - d21ee1f1-33f6-483c-a18b-27782ce1915a@group-F043E0AED0ED-FollowerState was interrupted: java.lang.InterruptedException: sleep interrupted
2019-10-23 22:21:46,637 [grpc-default-executor-3] INFO  impl.RoleInfo (RoleInfo.java:updateAndGet(143)) - d21ee1f1-33f6-483c-a18b-27782ce1915a: start FollowerState
2019-10-23 22:21:46,638 [Thread-578] INFO  impl.FollowerState (FollowerState.java:run(117)) - 1c51b35f-55cb-4636-a00c-83d34bf2d9d4@group-F043E0AED0ED-FollowerState was interrupted: java.lang.InterruptedException: sleep interrupted
2019-10-23 22:21:46,638 [grpc-default-executor-0] INFO  impl.RoleInfo (RoleInfo.java:updateAndGet(143)) - 1c51b35f-55cb-4636-a00c-83d34bf2d9d4: start FollowerState
2019-10-23 22:21:46,665 [aed1b97f-105e-4684-b087-4b6333aa3ced@group-F043E0AED0ED-LeaderElection56] INFO  impl.LeaderElection (LeaderElection.java:logAndReturn(56)) - aed1b97f-105e-4684-b087-4b6333aa3ced@group-F043E0AED0ED-LeaderElection56: Election REJECTED; received 2 response(s) [aed1b97f-105e-4684-b087-4b6333aa3ced<-1c51b35f-55cb-4636-a00c-83d34bf2d9d4#0:FAIL-t57, aed1b97f-105e-4684-b087-4b6333aa3ced<-d21ee1f1-33f6-483c-a18b-27782ce1915a#0:FAIL-t57] and 0 exception(s); aed1b97f-105e-4684-b087-4b6333aa3ced@group-F043E0AED0ED:t57, leader=null, voted=aed1b97f-105e-4684-b087-4b6333aa3ced, raftlog=aed1b97f-105e-4684-b087-4b6333aa3ced@group-F043E0AED0ED-SegmentedRaftLog:OPENED:c-1,f-1,i0, conf=-1: [aed1b97f-105e-4684-b087-4b6333aa3ced:192.168.157.195:34943, 1c51b35f-55cb-4636-a00c-83d34bf2d9d4:192.168.157.195:34693, d21ee1f1-33f6-483c-a18b-27782ce1915a:192.168.157.195:46462], old=null
2019-10-23 22:21:46,665 [aed1b97f-105e-4684-b087-4b6333aa3ced@group-F043E0AED0ED-LeaderElection56] INFO  impl.RaftServerImpl (RaftServerImpl.java:setRole(184)) - aed1b97f-105e-4684-b087-4b6333aa3ced@group-F043E0AED0ED: changes role from CANDIDATE to FOLLOWER at term 57 for DISCOVERED_A_NEW_TERM
2019-10-23 22:21:46,666 [aed1b97f-105e-4684-b087-4b6333aa3ced@group-F043E0AED0ED-LeaderElection56] INFO  impl.RoleInfo (RoleInfo.java:shutdownLeaderElection(134)) - aed1b97f-105e-4684-b087-4b6333aa3ced: shutdown LeaderElection
2019-10-23 22:21:46,666 [aed1b97f-105e-4684-b087-4b6333aa3ced@group-F043E0AED0ED-LeaderElection56] INFO  impl.RoleInfo (RoleInfo.java:updateAndGet(143)) - aed1b97f-105e-4684-b087-4b6333aa3ced: start FollowerState
2019-10-23 22:21:46,749 [Thread-584] INFO  impl.FollowerState (FollowerState.java:run(108)) - aed1b97f-105e-4684-b087-4b6333aa3ced@group-F043E0AED0ED-FollowerState: change to CANDIDATE, lastRpcTime:83ms, electionTimeout:83ms
2019-10-23 22:21:46,749 [Thread-584] INFO  impl.RoleInfo (RoleInfo.java:shutdownFollowerState(121)) - aed1b97f-105e-4684-b087-4b6333aa3ced: shutdown FollowerState
2019-10-23 22:21:46,750 [Thread-584] INFO  impl.RaftServerImpl (RaftServerImpl.java:setRole(184)) - aed1b97f-105e-4684-b087-4b6333aa3ced@group-F043E0AED0ED: changes role from  FOLLOWER to CANDIDATE at term 57 for changeToCandidate
2019-10-23 22:21:46,750 [Thread-584] INFO  impl.RoleInfo (RoleInfo.java:updateAndGet(143)) - aed1b97f-105e-4684-b087-4b6333aa3ced: start LeaderElection
2019-10-23 22:21:46,778 [aed1b97f-105e-4684-b087-4b6333aa3ced@group-F043E0AED0ED-LeaderElection57] INFO  impl.LeaderElection (LeaderElection.java:askForVotes(178)) - aed1b97f-105e-4684-b087-4b6333aa3ced@group-F043E0AED0ED-LeaderElection57: begin an election at term 58 for -1: [aed1b97f-105e-4684-b087-4b6333aa3ced:192.168.157.195:34943, 1c51b35f-55cb-4636-a00c-83d34bf2d9d4:192.168.157.195:34693, d21ee1f1-33f6-483c-a18b-27782ce1915a:192.168.157.195:46462], old=null
2019-10-23 22:21:46,784 [grpc-default-executor-3] INFO  impl.RaftServerImpl (RaftServerImpl.java:setRole(184)) - d21ee1f1-33f6-483c-a18b-27782ce1915a@group-F043E0AED0ED: changes role from  FOLLOWER to FOLLOWER at term 58 for recognizeCandidate:aed1b97f-105e-4684-b087-4b6333aa3ced
2019-10-23 22:21:46,784 [grpc-default-executor-0] INFO  impl.RaftServerImpl (RaftServerImpl.java:setRole(184)) - 1c51b35f-55cb-4636-a00c-83d34bf2d9d4@group-F043E0AED0ED: changes role from  FOLLOWER to FOLLOWER at term 58 for recognizeCandidate:aed1b97f-105e-4684-b087-4b6333aa3ced
2019-10-23 22:21:46,784 [grpc-default-executor-3] INFO  impl.RoleInfo (RoleInfo.java:shutdownFollowerState(121)) - d21ee1f1-33f6-483c-a18b-27782ce1915a: shutdown FollowerState
2019-10-23 22:21:46,785 [grpc-default-executor-0] INFO  impl.RoleInfo (RoleInfo.java:shutdownFollowerState(121)) - 1c51b35f-55cb-4636-a00c-83d34bf2d9d4: shutdown FollowerState
2019-10-23 22:21:46,785 [Thread-582] INFO  impl.FollowerState (FollowerState.java:run(117)) - d21ee1f1-33f6-483c-a18b-27782ce1915a@group-F043E0AED0ED-FollowerState was interrupted: java.lang.InterruptedException: sleep interrupted
2019-10-23 22:21:46,785 [grpc-default-executor-3] INFO  impl.RoleInfo (RoleInfo.java:updateAndGet(143)) - d21ee1f1-33f6-483c-a18b-27782ce1915a: start FollowerState
2019-10-23 22:21:46,785 [Thread-583] INFO  impl.FollowerState (FollowerState.java:run(117)) - 1c51b35f-55cb-4636-a00c-83d34bf2d9d4@group-F043E0AED0ED-FollowerState was interrupted: java.lang.InterruptedException: sleep interrupted
2019-10-23 22:21:46,785 [grpc-default-executor-0] INFO  impl.RoleInfo (RoleInfo.java:updateAndGet(143)) - 1c51b35f-55cb-4636-a00c-83d34bf2d9d4: start FollowerState
2019-10-23 22:21:46,812 [aed1b97f-105e-4684-b087-4b6333aa3ced@group-F043E0AED0ED-LeaderElection57] INFO  impl.LeaderElection (LeaderElection.java:logAndReturn(56)) - aed1b97f-105e-4684-b087-4b6333aa3ced@group-F043E0AED0ED-LeaderElection57: Election REJECTED; received 2 response(s) [aed1b97f-105e-4684-b087-4b6333aa3ced<-1c51b35f-55cb-4636-a00c-83d34bf2d9d4#0:FAIL-t58, aed1b97f-105e-4684-b087-4b6333aa3ced<-d21ee1f1-33f6-483c-a18b-27782ce1915a#0:FAIL-t58] and 0 exception(s); aed1b97f-105e-4684-b087-4b6333aa3ced@group-F043E0AED0ED:t58, leader=null, voted=aed1b97f-105e-4684-b087-4b6333aa3ced, raftlog=aed1b97f-105e-4684-b087-4b6333aa3ced@group-F043E0AED0ED-SegmentedRaftLog:OPENED:c-1,f-1,i0, conf=-1: [aed1b97f-105e-4684-b087-4b6333aa3ced:192.168.157.195:34943, 1c51b35f-55cb-4636-a00c-83d34bf2d9d4:192.168.157.195:34693, d21ee1f1-33f6-483c-a18b-27782ce1915a:192.168.157.195:46462], old=null
2019-10-23 22:21:46,812 [aed1b97f-105e-4684-b087-4b6333aa3ced@group-F043E0AED0ED-LeaderElection57] INFO  impl.RaftServerImpl (RaftServerImpl.java:setRole(184)) - aed1b97f-105e-4684-b087-4b6333aa3ced@group-F043E0AED0ED: changes role from CANDIDATE to FOLLOWER at term 58 for DISCOVERED_A_NEW_TERM
2019-10-23 22:21:46,812 [aed1b97f-105e-4684-b087-4b6333aa3ced@group-F043E0AED0ED-LeaderElection57] INFO  impl.RoleInfo (RoleInfo.java:shutdownLeaderElection(134)) - aed1b97f-105e-4684-b087-4b6333aa3ced: shutdown LeaderElection
2019-10-23 22:21:46,812 [aed1b97f-105e-4684-b087-4b6333aa3ced@group-F043E0AED0ED-LeaderElection57] INFO  impl.RoleInfo (RoleInfo.java:updateAndGet(143)) - aed1b97f-105e-4684-b087-4b6333aa3ced: start FollowerState
2019-10-23 22:21:46,877 [Thread-592] INFO  impl.FollowerState (FollowerState.java:run(108)) - aed1b97f-105e-4684-b087-4b6333aa3ced@group-F043E0AED0ED-FollowerState: change to CANDIDATE, lastRpcTime:64ms, electionTimeout:64ms
2019-10-23 22:21:46,877 [Thread-592] INFO  impl.RoleInfo (RoleInfo.java:shutdownFollowerState(121)) - aed1b97f-105e-4684-b087-4b6333aa3ced: shutdown FollowerState
2019-10-23 22:21:46,877 [Thread-592] INFO  impl.RaftServerImpl (RaftServerImpl.java:setRole(184)) - aed1b97f-105e-4684-b087-4b6333aa3ced@group-F043E0AED0ED: changes role from  FOLLOWER to CANDIDATE at term 58 for changeToCandidate
2019-10-23 22:21:46,877 [Thread-592] INFO  impl.RoleInfo (RoleInfo.java:updateAndGet(143)) - aed1b97f-105e-4684-b087-4b6333aa3ced: start LeaderElection
2019-10-23 22:21:46,891 [aed1b97f-105e-4684-b087-4b6333aa3ced@group-F043E0AED0ED-LeaderElection58] INFO  impl.LeaderElection (LeaderElection.java:askForVotes(178)) - aed1b97f-105e-4684-b087-4b6333aa3ced@group-F043E0AED0ED-LeaderElection58: begin an election at term 59 for -1: [aed1b97f-105e-4684-b087-4b6333aa3ced:192.168.157.195:34943, 1c51b35f-55cb-4636-a00c-83d34bf2d9d4:192.168.157.195:34693, d21ee1f1-33f6-483c-a18b-27782ce1915a:192.168.157.195:46462], old=null
2019-10-23 22:21:46,894 [grpc-default-executor-0] INFO  impl.RaftServerImpl (RaftServerImpl.java:setRole(184)) - 1c51b35f-55cb-4636-a00c-83d34bf2d9d4@group-F043E0AED0ED: changes role from  FOLLOWER to FOLLOWER at term 59 for recognizeCandidate:aed1b97f-105e-4684-b087-4b6333aa3ced
2019-10-23 22:21:46,894 [grpc-default-executor-3] INFO  impl.RaftServerImpl (RaftServerImpl.java:setRole(184)) - d21ee1f1-33f6-483c-a18b-27782ce1915a@group-F043E0AED0ED: changes role from  FOLLOWER to FOLLOWER at term 59 for recognizeCandidate:aed1b97f-105e-4684-b087-4b6333aa3ced
2019-10-23 22:21:46,894 [grpc-default-executor-0] INFO  impl.RoleInfo (RoleInfo.java:shutdownFollowerState(121)) - 1c51b35f-55cb-4636-a00c-83d34bf2d9d4: shutdown FollowerState
2019-10-23 22:21:46,895 [grpc-default-executor-3] INFO  impl.RoleInfo (RoleInfo.java:shutdownFollowerState(121)) - d21ee1f1-33f6-483c-a18b-27782ce1915a: shutdown FollowerState
2019-10-23 22:21:46,895 [Thread-591] INFO  impl.FollowerState (FollowerState.java:run(117)) - 1c51b35f-55cb-4636-a00c-83d34bf2d9d4@group-F043E0AED0ED-FollowerState was interrupted: java.lang.InterruptedException: sleep interrupted
2019-10-23 22:21:46,895 [grpc-default-executor-0] INFO  impl.RoleInfo (RoleInfo.java:updateAndGet(143)) - 1c51b35f-55cb-4636-a00c-83d34bf2d9d4: start FollowerState
2019-10-23 22:21:46,895 [Thread-590] INFO  impl.FollowerState (FollowerState.java:run(117)) - d21ee1f1-33f6-483c-a18b-27782ce1915a@group-F043E0AED0ED-FollowerState was interrupted: java.lang.InterruptedException: sleep interrupted
2019-10-23 22:21:46,895 [grpc-default-executor-3] INFO  impl.RoleInfo (RoleInfo.java:updateAndGet(143)) - d21ee1f1-33f6-483c-a18b-27782ce1915a: start FollowerState
2019-10-23 22:21:46,911 [aed1b97f-105e-4684-b087-4b6333aa3ced@group-F043E0AED0ED-LeaderElection58] INFO  impl.LeaderElection (LeaderElection.java:logAndReturn(56)) - aed1b97f-105e-4684-b087-4b6333aa3ced@group-F043E0AED0ED-LeaderElection58: Election REJECTED; received 2 response(s) [aed1b97f-105e-4684-b087-4b6333aa3ced<-1c51b35f-55cb-4636-a00c-83d34bf2d9d4#0:FAIL-t59, aed1b97f-105e-4684-b087-4b6333aa3ced<-d21ee1f1-33f6-483c-a18b-27782ce1915a#0:FAIL-t59] and 0 exception(s); aed1b97f-105e-4684-b087-4b6333aa3ced@group-F043E0AED0ED:t59, leader=null, voted=aed1b97f-105e-4684-b087-4b6333aa3ced, raftlog=aed1b97f-105e-4684-b087-4b6333aa3ced@group-F043E0AED0ED-SegmentedRaftLog:OPENED:c-1,f-1,i0, conf=-1: [aed1b97f-105e-4684-b087-4b6333aa3ced:192.168.157.195:34943, 1c51b35f-55cb-4636-a00c-83d34bf2d9d4:192.168.157.195:34693, d21ee1f1-33f6-483c-a18b-27782ce1915a:192.168.157.195:46462], old=null
2019-10-23 22:21:46,911 [aed1b97f-105e-4684-b087-4b6333aa3ced@group-F043E0AED0ED-LeaderElection58] INFO  impl.RaftServerImpl (RaftServerImpl.java:setRole(184)) - aed1b97f-105e-4684-b087-4b6333aa3ced@group-F043E0AED0ED: changes role from CANDIDATE to FOLLOWER at term 59 for DISCOVERED_A_NEW_TERM
2019-10-23 22:21:46,911 [aed1b97f-105e-4684-b087-4b6333aa3ced@group-F043E0AED0ED-LeaderElection58] INFO  impl.RoleInfo (RoleInfo.java:shutdownLeaderElection(134)) - aed1b97f-105e-4684-b087-4b6333aa3ced: shutdown LeaderElection
2019-10-23 22:21:46,911 [aed1b97f-105e-4684-b087-4b6333aa3ced@group-F043E0AED0ED-LeaderElection58] INFO  impl.RoleInfo (RoleInfo.java:updateAndGet(143)) - aed1b97f-105e-4684-b087-4b6333aa3ced: start FollowerState
2019-10-23 22:21:46,999 [Thread-598] INFO  impl.FollowerState (FollowerState.java:run(108)) - aed1b97f-105e-4684-b087-4b6333aa3ced@group-F043E0AED0ED-FollowerState: change to CANDIDATE, lastRpcTime:88ms, electionTimeout:88ms
2019-10-23 22:21:46,999 [Thread-598] INFO  impl.RoleInfo (RoleInfo.java:shutdownFollowerState(121)) - aed1b97f-105e-4684-b087-4b6333aa3ced: shutdown FollowerState
2019-10-23 22:21:47,000 [Thread-598] INFO  impl.RaftServerImpl (RaftServerImpl.java:setRole(184)) - aed1b97f-105e-4684-b087-4b6333aa3ced@group-F043E0AED0ED: changes role from  FOLLOWER to CANDIDATE at term 59 for changeToCandidate
2019-10-23 22:21:47,000 [Thread-598] INFO  impl.RoleInfo (RoleInfo.java:updateAndGet(143)) - aed1b97f-105e-4684-b087-4b6333aa3ced: start LeaderElection
2019-10-23 22:21:47,015 [aed1b97f-105e-4684-b087-4b6333aa3ced@group-F043E0AED0ED-LeaderElection59] INFO  impl.LeaderElection (LeaderElection.java:askForVotes(178)) - aed1b97f-105e-4684-b087-4b6333aa3ced@group-F043E0AED0ED-LeaderElection59: begin an election at term 60 for -1: [aed1b97f-105e-4684-b087-4b6333aa3ced:192.168.157.195:34943, 1c51b35f-55cb-4636-a00c-83d34bf2d9d4:192.168.157.195:34693, d21ee1f1-33f6-483c-a18b-27782ce1915a:192.168.157.195:46462], old=null
2019-10-23 22:21:47,018 [grpc-default-executor-3] INFO  impl.RaftServerImpl (RaftServerImpl.java:setRole(184)) - d21ee1f1-33f6-483c-a18b-27782ce1915a@group-F043E0AED0ED: changes role from  FOLLOWER to FOLLOWER at term 60 for recognizeCandidate:aed1b97f-105e-4684-b087-4b6333aa3ced
2019-10-23 22:21:47,018 [grpc-default-executor-3] INFO  impl.RoleInfo (RoleInfo.java:shutdownFollowerState(121)) - d21ee1f1-33f6-483c-a18b-27782ce1915a: shutdown FollowerState
2019-10-23 22:21:47,018 [grpc-default-executor-0] INFO  impl.RaftServerImpl (RaftServerImpl.java:setRole(184)) - 1c51b35f-55cb-4636-a00c-83d34bf2d9d4@group-F043E0AED0ED: changes role from  FOLLOWER to FOLLOWER at term 60 for recognizeCandidate:aed1b97f-105e-4684-b087-4b6333aa3ced
2019-10-23 22:21:47,018 [Thread-597] INFO  impl.FollowerState (FollowerState.java:run(117)) - d21ee1f1-33f6-483c-a18b-27782ce1915a@group-F043E0AED0ED-FollowerState was interrupted: java.lang.InterruptedException: sleep interrupted
2019-10-23 22:21:47,018 [grpc-default-executor-3] INFO  impl.RoleInfo (RoleInfo.java:updateAndGet(143)) - d21ee1f1-33f6-483c-a18b-27782ce1915a: start FollowerState
2019-10-23 22:21:47,018 [grpc-default-executor-0] INFO  impl.RoleInfo (RoleInfo.java:shutdownFollowerState(121)) - 1c51b35f-55cb-4636-a00c-83d34bf2d9d4: shutdown FollowerState
2019-10-23 22:21:47,019 [grpc-default-executor-0] INFO  impl.RoleInfo (RoleInfo.java:updateAndGet(143)) - 1c51b35f-55cb-4636-a00c-83d34bf2d9d4: start FollowerState
2019-10-23 22:21:47,019 [Thread-596] INFO  impl.FollowerState (FollowerState.java:run(117)) - 1c51b35f-55cb-4636-a00c-83d34bf2d9d4@group-F043E0AED0ED-FollowerState was interrupted: java.lang.InterruptedException: sleep interrupted
2019-10-23 22:21:47,036 [aed1b97f-105e-4684-b087-4b6333aa3ced@group-F043E0AED0ED-LeaderElection59] INFO  impl.LeaderElection (LeaderElection.java:logAndReturn(56)) - aed1b97f-105e-4684-b087-4b6333aa3ced@group-F043E0AED0ED-LeaderElection59: Election REJECTED; received 2 response(s) [aed1b97f-105e-4684-b087-4b6333aa3ced<-1c51b35f-55cb-4636-a00c-83d34bf2d9d4#0:FAIL-t60, aed1b97f-105e-4684-b087-4b6333aa3ced<-d21ee1f1-33f6-483c-a18b-27782ce1915a#0:FAIL-t60] and 0 exception(s); aed1b97f-105e-4684-b087-4b6333aa3ced@group-F043E0AED0ED:t60, leader=null, voted=aed1b97f-105e-4684-b087-4b6333aa3ced, raftlog=aed1b97f-105e-4684-b087-4b6333aa3ced@group-F043E0AED0ED-SegmentedRaftLog:OPENED:c-1,f-1,i0, conf=-1: [aed1b97f-105e-4684-b087-4b6333aa3ced:192.168.157.195:34943, 1c51b35f-55cb-4636-a00c-83d34bf2d9d4:192.168.157.195:34693, d21ee1f1-33f6-483c-a18b-27782ce1915a:192.168.157.195:46462], old=null
2019-10-23 22:21:47,036 [aed1b97f-105e-4684-b087-4b6333aa3ced@group-F043E0AED0ED-LeaderElection59] INFO  impl.RaftServerImpl (RaftServerImpl.java:setRole(184)) - aed1b97f-105e-4684-b087-4b6333aa3ced@group-F043E0AED0ED: changes role from CANDIDATE to FOLLOWER at term 60 for DISCOVERED_A_NEW_TERM
2019-10-23 22:21:47,037 [aed1b97f-105e-4684-b087-4b6333aa3ced@group-F043E0AED0ED-LeaderElection59] INFO  impl.RoleInfo (RoleInfo.java:shutdownLeaderElection(134)) - aed1b97f-105e-4684-b087-4b6333aa3ced: shutdown LeaderElection
2019-10-23 22:21:47,037 [aed1b97f-105e-4684-b087-4b6333aa3ced@group-F043E0AED0ED-LeaderElection59] INFO  impl.RoleInfo (RoleInfo.java:updateAndGet(143)) - aed1b97f-105e-4684-b087-4b6333aa3ced: start FollowerState
2019-10-23 22:21:47,131 [Thread-604] INFO  impl.FollowerState (FollowerState.java:run(108)) - aed1b97f-105e-4684-b087-4b6333aa3ced@group-F043E0AED0ED-FollowerState: change to CANDIDATE, lastRpcTime:94ms, electionTimeout:94ms
2019-10-23 22:21:47,131 [Thread-604] INFO  impl.RoleInfo (RoleInfo.java:shutdownFollowerState(121)) - aed1b97f-105e-4684-b087-4b6333aa3ced: shutdown FollowerState
2019-10-23 22:21:47,132 [Thread-604] INFO  impl.RaftServerImpl (RaftServerImpl.java:setRole(184)) - aed1b97f-105e-4684-b087-4b6333aa3ced@group-F043E0AED0ED: changes role from  FOLLOWER to CANDIDATE at term 60 for changeToCandidate
2019-10-23 22:21:47,132 [Thread-604] INFO  impl.RoleInfo (RoleInfo.java:updateAndGet(143)) - aed1b97f-105e-4684-b087-4b6333aa3ced: start LeaderElection
2019-10-23 22:21:47,146 [aed1b97f-105e-4684-b087-4b6333aa3ced@group-F043E0AED0ED-LeaderElection60] INFO  impl.LeaderElection (LeaderElection.java:askForVotes(178)) - aed1b97f-105e-4684-b087-4b6333aa3ced@group-F043E0AED0ED-LeaderElection60: begin an election at term 61 for -1: [aed1b97f-105e-4684-b087-4b6333aa3ced:192.168.157.195:34943, 1c51b35f-55cb-4636-a00c-83d34bf2d9d4:192.168.157.195:34693, d21ee1f1-33f6-483c-a18b-27782ce1915a:192.168.157.195:46462], old=null
2019-10-23 22:21:47,149 [grpc-default-executor-3] INFO  impl.RaftServerImpl (RaftServerImpl.java:setRole(184)) - d21ee1f1-33f6-483c-a18b-27782ce1915a@group-F043E0AED0ED: changes role from  FOLLOWER to FOLLOWER at term 61 for recognizeCandidate:aed1b97f-105e-4684-b087-4b6333aa3ced
2019-10-23 22:21:47,149 [grpc-default-executor-0] INFO  impl.RaftServerImpl (RaftServerImpl.java:setRole(184)) - 1c51b35f-55cb-4636-a00c-83d34bf2d9d4@group-F043E0AED0ED: changes role from  FOLLOWER to FOLLOWER at term 61 for recognizeCandidate:aed1b97f-105e-4684-b087-4b6333aa3ced
2019-10-23 22:21:47,149 [grpc-default-executor-3] INFO  impl.RoleInfo (RoleInfo.java:shutdownFollowerState(121)) - d21ee1f1-33f6-483c-a18b-27782ce1915a: shutdown FollowerState
2019-10-23 22:21:47,149 [grpc-default-executor-0] INFO  impl.RoleInfo (RoleInfo.java:shutdownFollowerState(121)) - 1c51b35f-55cb-4636-a00c-83d34bf2d9d4: shutdown FollowerState
2019-10-23 22:21:47,149 [Thread-602] INFO  impl.FollowerState (FollowerState.java:run(117)) - d21ee1f1-33f6-483c-a18b-27782ce1915a@group-F043E0AED0ED-FollowerState was interrupted: java.lang.InterruptedException: sleep interrupted
2019-10-23 22:21:47,149 [grpc-default-executor-3] INFO  impl.RoleInfo (RoleInfo.java:updateAndGet(143)) - d21ee1f1-33f6-483c-a18b-27782ce1915a: start FollowerState
2019-10-23 22:21:47,150 [Thread-603] INFO  impl.FollowerState (FollowerState.java:run(117)) - 1c51b35f-55cb-4636-a00c-83d34bf2d9d4@group-F043E0AED0ED-FollowerState was interrupted: java.lang.InterruptedException: sleep interrupted
2019-10-23 22:21:47,150 [grpc-default-executor-0] INFO  impl.RoleInfo (RoleInfo.java:updateAndGet(143)) - 1c51b35f-55cb-4636-a00c-83d34bf2d9d4: start FollowerState
2019-10-23 22:21:47,176 [aed1b97f-105e-4684-b087-4b6333aa3ced@group-F043E0AED0ED-LeaderElection60] INFO  impl.LeaderElection (LeaderElection.java:logAndReturn(56)) - aed1b97f-105e-4684-b087-4b6333aa3ced@group-F043E0AED0ED-LeaderElection60: Election REJECTED; received 2 response(s) [aed1b97f-105e-4684-b087-4b6333aa3ced<-1c51b35f-55cb-4636-a00c-83d34bf2d9d4#0:FAIL-t61, aed1b97f-105e-4684-b087-4b6333aa3ced<-d21ee1f1-33f6-483c-a18b-27782ce1915a#0:FAIL-t61] and 0 exception(s); aed1b97f-105e-4684-b087-4b6333aa3ced@group-F043E0AED0ED:t61, leader=null, voted=aed1b97f-105e-4684-b087-4b6333aa3ced, raftlog=aed1b97f-105e-4684-b087-4b6333aa3ced@group-F043E0AED0ED-SegmentedRaftLog:OPENED:c-1,f-1,i0, conf=-1: [aed1b97f-105e-4684-b087-4b6333aa3ced:192.168.157.195:34943, 1c51b35f-55cb-4636-a00c-83d34bf2d9d4:192.168.157.195:34693, d21ee1f1-33f6-483c-a18b-27782ce1915a:192.168.157.195:46462], old=null
2019-10-23 22:21:47,177 [aed1b97f-105e-4684-b087-4b6333aa3ced@group-F043E0AED0ED-LeaderElection60] INFO  impl.RaftServerImpl (RaftServerImpl.java:setRole(184)) - aed1b97f-105e-4684-b087-4b6333aa3ced@group-F043E0AED0ED: changes role from CANDIDATE to FOLLOWER at term 61 for DISCOVERED_A_NEW_TERM
2019-10-23 22:21:47,177 [aed1b97f-105e-4684-b087-4b6333aa3ced@group-F043E0AED0ED-LeaderElection60] INFO  impl.RoleInfo (RoleInfo.java:shutdownLeaderElection(134)) - aed1b97f-105e-4684-b087-4b6333aa3ced: shutdown LeaderElection
2019-10-23 22:21:47,177 [aed1b97f-105e-4684-b087-4b6333aa3ced@group-F043E0AED0ED-LeaderElection60] INFO  impl.RoleInfo (RoleInfo.java:updateAndGet(143)) - aed1b97f-105e-4684-b087-4b6333aa3ced: start FollowerState
2019-10-23 22:21:47,236 [Thread-610] INFO  impl.FollowerState (FollowerState.java:run(108)) - aed1b97f-105e-4684-b087-4b6333aa3ced@group-F043E0AED0ED-FollowerState: change to CANDIDATE, lastRpcTime:59ms, electionTimeout:59ms
2019-10-23 22:21:47,236 [Thread-610] INFO  impl.RoleInfo (RoleInfo.java:shutdownFollowerState(121)) - aed1b97f-105e-4684-b087-4b6333aa3ced: shutdown FollowerState
2019-10-23 22:21:47,237 [Thread-610] INFO  impl.RaftServerImpl (RaftServerImpl.java:setRole(184)) - aed1b97f-105e-4684-b087-4b6333aa3ced@group-F043E0AED0ED: changes role from  FOLLOWER to CANDIDATE at term 61 for changeToCandidate
2019-10-23 22:21:47,237 [Thread-610] INFO  impl.RoleInfo (RoleInfo.java:updateAndGet(143)) - aed1b97f-105e-4684-b087-4b6333aa3ced: start LeaderElection
2019-10-23 22:21:47,251 [aed1b97f-105e-4684-b087-4b6333aa3ced@group-F043E0AED0ED-LeaderElection61] INFO  impl.LeaderElection (LeaderElection.java:askForVotes(178)) - aed1b97f-105e-4684-b087-4b6333aa3ced@group-F043E0AED0ED-LeaderElection61: begin an election at term 62 for -1: [aed1b97f-105e-4684-b087-4b6333aa3ced:192.168.157.195:34943, 1c51b35f-55cb-4636-a00c-83d34bf2d9d4:192.168.157.195:34693, d21ee1f1-33f6-483c-a18b-27782ce1915a:192.168.157.195:46462], old=null
2019-10-23 22:21:47,254 [grpc-default-executor-0] INFO  impl.RaftServerImpl (RaftServerImpl.java:setRole(184)) - 1c51b35f-55cb-4636-a00c-83d34bf2d9d4@group-F043E0AED0ED: changes role from  FOLLOWER to FOLLOWER at term 62 for recognizeCandidate:aed1b97f-105e-4684-b087-4b6333aa3ced
2019-10-23 22:21:47,254 [grpc-default-executor-3] INFO  impl.RaftServerImpl (RaftServerImpl.java:setRole(184)) - d21ee1f1-33f6-483c-a18b-27782ce1915a@group-F043E0AED0ED: changes role from  FOLLOWER to FOLLOWER at term 62 for recognizeCandidate:aed1b97f-105e-4684-b087-4b6333aa3ced
2019-10-23 22:21:47,254 [grpc-default-executor-0] INFO  impl.RoleInfo (RoleInfo.java:shutdownFollowerState(121)) - 1c51b35f-55cb-4636-a00c-83d34bf2d9d4: shutdown FollowerState
2019-10-23 22:21:47,254 [grpc-default-executor-3] INFO  impl.RoleInfo (RoleInfo.java:shutdownFollowerState(121)) - d21ee1f1-33f6-483c-a18b-27782ce1915a: shutdown FollowerState
2019-10-23 22:21:47,254 [Thread-609] INFO  impl.FollowerState (FollowerState.java:run(117)) - 1c51b35f-55cb-4636-a00c-83d34bf2d9d4@group-F043E0AED0ED-FollowerState was interrupted: java.lang.InterruptedException: sleep interrupted
2019-10-23 22:21:47,254 [grpc-default-executor-0] INFO  impl.RoleInfo (RoleInfo.java:updateAndGet(143)) - 1c51b35f-55cb-4636-a00c-83d34bf2d9d4: start FollowerState
2019-10-23 22:21:47,255 [Thread-608] INFO  impl.FollowerState (FollowerState.java:run(117)) - d21ee1f1-33f6-483c-a18b-27782ce1915a@group-F043E0AED0ED-FollowerState was interrupted: java.lang.InterruptedException: sleep interrupted
2019-10-23 22:21:47,255 [grpc-default-executor-3] INFO  impl.RoleInfo (RoleInfo.java:updateAndGet(143)) - d21ee1f1-33f6-483c-a18b-27782ce1915a: start FollowerState
2019-10-23 22:21:47,270 [aed1b97f-105e-4684-b087-4b6333aa3ced@group-F043E0AED0ED-LeaderElection61] INFO  impl.LeaderElection (LeaderElection.java:logAndReturn(56)) - aed1b97f-105e-4684-b087-4b6333aa3ced@group-F043E0AED0ED-LeaderElection61: Election REJECTED; received 2 response(s) [aed1b97f-105e-4684-b087-4b6333aa3ced<-1c51b35f-55cb-4636-a00c-83d34bf2d9d4#0:FAIL-t62, aed1b97f-105e-4684-b087-4b6333aa3ced<-d21ee1f1-33f6-483c-a18b-27782ce1915a#0:FAIL-t62] and 0 exception(s); aed1b97f-105e-4684-b087-4b6333aa3ced@group-F043E0AED0ED:t62, leader=null, voted=aed1b97f-105e-4684-b087-4b6333aa3ced, raftlog=aed1b97f-105e-4684-b087-4b6333aa3ced@group-F043E0AED0ED-SegmentedRaftLog:OPENED:c-1,f-1,i0, conf=-1: [aed1b97f-105e-4684-b087-4b6333aa3ced:192.168.157.195:34943, 1c51b35f-55cb-4636-a00c-83d34bf2d9d4:192.168.157.195:34693, d21ee1f1-33f6-483c-a18b-27782ce1915a:192.168.157.195:46462], old=null
2019-10-23 22:21:47,270 [aed1b97f-105e-4684-b087-4b6333aa3ced@group-F043E0AED0ED-LeaderElection61] INFO  impl.RaftServerImpl (RaftServerImpl.java:setRole(184)) - aed1b97f-105e-4684-b087-4b6333aa3ced@group-F043E0AED0ED: changes role from CANDIDATE to FOLLOWER at term 62 for DISCOVERED_A_NEW_TERM
2019-10-23 22:21:47,270 [aed1b97f-105e-4684-b087-4b6333aa3ced@group-F043E0AED0ED-LeaderElection61] INFO  impl.RoleInfo (RoleInfo.java:shutdownLeaderElection(134)) - aed1b97f-105e-4684-b087-4b6333aa3ced: shutdown LeaderElection
2019-10-23 22:21:47,270 [aed1b97f-105e-4684-b087-4b6333aa3ced@group-F043E0AED0ED-LeaderElection61] INFO  impl.RoleInfo (RoleInfo.java:updateAndGet(143)) - aed1b97f-105e-4684-b087-4b6333aa3ced: start FollowerState
2019-10-23 22:21:47,373 [Thread-616] INFO  impl.FollowerState (FollowerState.java:run(108)) - aed1b97f-105e-4684-b087-4b6333aa3ced@group-F043E0AED0ED-FollowerState: change to CANDIDATE, lastRpcTime:102ms, electionTimeout:102ms
2019-10-23 22:21:47,373 [Thread-616] INFO  impl.RoleInfo (RoleInfo.java:shutdownFollowerState(121)) - aed1b97f-105e-4684-b087-4b6333aa3ced: shutdown FollowerState
2019-10-23 22:21:47,373 [Thread-616] INFO  impl.RaftServerImpl (RaftServerImpl.java:setRole(184)) - aed1b97f-105e-4684-b087-4b6333aa3ced@group-F043E0AED0ED: changes role from  FOLLOWER to CANDIDATE at term 62 for changeToCandidate
2019-10-23 22:21:47,373 [Thread-616] INFO  impl.RoleInfo (RoleInfo.java:updateAndGet(143)) - aed1b97f-105e-4684-b087-4b6333aa3ced: start LeaderElection
2019-10-23 22:21:47,387 [aed1b97f-105e-4684-b087-4b6333aa3ced@group-F043E0AED0ED-LeaderElection62] INFO  impl.LeaderElection (LeaderElection.java:askForVotes(178)) - aed1b97f-105e-4684-b087-4b6333aa3ced@group-F043E0AED0ED-LeaderElection62: begin an election at term 63 for -1: [aed1b97f-105e-4684-b087-4b6333aa3ced:192.168.157.195:34943, 1c51b35f-55cb-4636-a00c-83d34bf2d9d4:192.168.157.195:34693, d21ee1f1-33f6-483c-a18b-27782ce1915a:192.168.157.195:46462], old=null
2019-10-23 22:21:47,391 [grpc-default-executor-0] INFO  impl.RaftServerImpl (RaftServerImpl.java:setRole(184)) - d21ee1f1-33f6-483c-a18b-27782ce1915a@group-F043E0AED0ED: changes role from  FOLLOWER to FOLLOWER at term 63 for recognizeCandidate:aed1b97f-105e-4684-b087-4b6333aa3ced
2019-10-23 22:21:47,391 [grpc-default-executor-3] INFO  impl.RaftServerImpl (RaftServerImpl.java:setRole(184)) - 1c51b35f-55cb-4636-a00c-83d34bf2d9d4@group-F043E0AED0ED: changes role from  FOLLOWER to FOLLOWER at term 63 for recognizeCandidate:aed1b97f-105e-4684-b087-4b6333aa3ced
2019-10-23 22:21:47,391 [grpc-default-executor-0] INFO  impl.RoleInfo (RoleInfo.java:shutdownFollowerState(121)) - d21ee1f1-33f6-483c-a18b-27782ce1915a: shutdown FollowerState
2019-10-23 22:21:47,391 [grpc-default-executor-3] INFO  impl.RoleInfo (RoleInfo.java:shutdownFollowerState(121)) - 1c51b35f-55cb-4636-a00c-83d34bf2d9d4: shutdown FollowerState
2019-10-23 22:21:47,391 [Thread-615] INFO  impl.FollowerState (FollowerState.java:run(117)) - d21ee1f1-33f6-483c-a18b-27782ce1915a@group-F043E0AED0ED-FollowerState was interrupted: java.lang.InterruptedException: sleep interrupted
2019-10-23 22:21:47,391 [grpc-default-executor-0] INFO  impl.RoleInfo (RoleInfo.java:updateAndGet(143)) - d21ee1f1-33f6-483c-a18b-27782ce1915a: start FollowerState
2019-10-23 22:21:47,391 [grpc-default-executor-3] INFO  impl.RoleInfo (RoleInfo.java:updateAndGet(143)) - 1c51b35f-55cb-4636-a00c-83d34bf2d9d4: start FollowerState
2019-10-23 22:21:47,391 [Thread-614] INFO  impl.FollowerState (FollowerState.java:run(117)) - 1c51b35f-55cb-4636-a00c-83d34bf2d9d4@group-F043E0AED0ED-FollowerState was interrupted: java.lang.InterruptedException: sleep interrupted
2019-10-23 22:21:47,419 [aed1b97f-105e-4684-b087-4b6333aa3ced@group-F043E0AED0ED-LeaderElection62] INFO  impl.LeaderElection (LeaderElection.java:logAndReturn(56)) - aed1b97f-105e-4684-b087-4b6333aa3ced@group-F043E0AED0ED-LeaderElection62: Election REJECTED; received 2 response(s) [aed1b97f-105e-4684-b087-4b6333aa3ced<-1c51b35f-55cb-4636-a00c-83d34bf2d9d4#0:FAIL-t63, aed1b97f-105e-4684-b087-4b6333aa3ced<-d21ee1f1-33f6-483c-a18b-27782ce1915a#0:FAIL-t63] and 0 exception(s); aed1b97f-105e-4684-b087-4b6333aa3ced@group-F043E0AED0ED:t63, leader=null, voted=aed1b97f-105e-4684-b087-4b6333aa3ced, raftlog=aed1b97f-105e-4684-b087-4b6333aa3ced@group-F043E0AED0ED-SegmentedRaftLog:OPENED:c-1,f-1,i0, conf=-1: [aed1b97f-105e-4684-b087-4b6333aa3ced:192.168.157.195:34943, 1c51b35f-55cb-4636-a00c-83d34bf2d9d4:192.168.157.195:34693, d21ee1f1-33f6-483c-a18b-27782ce1915a:192.168.157.195:46462], old=null
2019-10-23 22:21:47,419 [aed1b97f-105e-4684-b087-4b6333aa3ced@group-F043E0AED0ED-LeaderElection62] INFO  impl.RaftServerImpl (RaftServerImpl.java:setRole(184)) - aed1b97f-105e-4684-b087-4b6333aa3ced@group-F043E0AED0ED: changes role from CANDIDATE to FOLLOWER at term 63 for DISCOVERED_A_NEW_TERM
2019-10-23 22:21:47,419 [aed1b97f-105e-4684-b087-4b6333aa3ced@group-F043E0AED0ED-LeaderElection62] INFO  impl.RoleInfo (RoleInfo.java:shutdownLeaderElection(134)) - aed1b97f-105e-4684-b087-4b6333aa3ced: shutdown LeaderElection
2019-10-23 22:21:47,419 [aed1b97f-105e-4684-b087-4b6333aa3ced@group-F043E0AED0ED-LeaderElection62] INFO  impl.RoleInfo (RoleInfo.java:updateAndGet(143)) - aed1b97f-105e-4684-b087-4b6333aa3ced: start FollowerState
2019-10-23 22:21:47,583 [Thread-622] INFO  impl.FollowerState (FollowerState.java:run(108)) - aed1b97f-105e-4684-b087-4b6333aa3ced@group-F043E0AED0ED-FollowerState: change to CANDIDATE, lastRpcTime:163ms, electionTimeout:163ms
2019-10-23 22:21:47,583 [Thread-622] INFO  impl.RoleInfo (RoleInfo.java:shutdownFollowerState(121)) - aed1b97f-105e-4684-b087-4b6333aa3ced: shutdown FollowerState
2019-10-23 22:21:47,583 [Thread-622] INFO  impl.RaftServerImpl (RaftServerImpl.java:setRole(184)) - aed1b97f-105e-4684-b087-4b6333aa3ced@group-F043E0AED0ED: changes role from  FOLLOWER to CANDIDATE at term 63 for changeToCandidate
2019-10-23 22:21:47,583 [Thread-622] INFO  impl.RoleInfo (RoleInfo.java:updateAndGet(143)) - aed1b97f-105e-4684-b087-4b6333aa3ced: start LeaderElection
2019-10-23 22:21:47,606 [aed1b97f-105e-4684-b087-4b6333aa3ced@group-F043E0AED0ED-LeaderElection63] INFO  impl.LeaderElection (LeaderElection.java:askForVotes(178)) - aed1b97f-105e-4684-b087-4b6333aa3ced@group-F043E0AED0ED-LeaderElection63: begin an election at term 64 for -1: [aed1b97f-105e-4684-b087-4b6333aa3ced:192.168.157.195:34943, 1c51b35f-55cb-4636-a00c-83d34bf2d9d4:192.168.157.195:34693, d21ee1f1-33f6-483c-a18b-27782ce1915a:192.168.157.195:46462], old=null
2019-10-23 22:21:47,609 [grpc-default-executor-0] INFO  impl.RaftServerImpl (RaftServerImpl.java:setRole(184)) - d21ee1f1-33f6-483c-a18b-27782ce1915a@group-F043E0AED0ED: changes role from  FOLLOWER to FOLLOWER at term 64 for recognizeCandidate:aed1b97f-105e-4684-b087-4b6333aa3ced
2019-10-23 22:21:47,609 [grpc-default-executor-3] INFO  impl.RaftServerImpl (RaftServerImpl.java:setRole(184)) - 1c51b35f-55cb-4636-a00c-83d34bf2d9d4@group-F043E0AED0ED: changes role from  FOLLOWER to FOLLOWER at term 64 for recognizeCandidate:aed1b97f-105e-4684-b087-4b6333aa3ced
2019-10-23 22:21:47,609 [grpc-default-executor-0] INFO  impl.RoleInfo (RoleInfo.java:shutdownFollowerState(121)) - d21ee1f1-33f6-483c-a18b-27782ce1915a: shutdown FollowerState
2019-10-23 22:21:47,609 [grpc-default-executor-3] INFO  impl.RoleInfo (RoleInfo.java:shutdownFollowerState(121)) - 1c51b35f-55cb-4636-a00c-83d34bf2d9d4: shutdown FollowerState
2019-10-23 22:21:47,610 [grpc-default-executor-0] INFO  impl.RoleInfo (RoleInfo.java:updateAndGet(143)) - d21ee1f1-33f6-483c-a18b-27782ce1915a: start FollowerState
2019-10-23 22:21:47,610 [grpc-default-executor-3] INFO  impl.RoleInfo (RoleInfo.java:updateAndGet(143)) - 1c51b35f-55cb-4636-a00c-83d34bf2d9d4: start FollowerState
2019-10-23 22:21:47,610 [Thread-620] INFO  impl.FollowerState (FollowerState.java:run(117)) - d21ee1f1-33f6-483c-a18b-27782ce1915a@group-F043E0AED0ED-FollowerState was interrupted: java.lang.InterruptedException: sleep interrupted
2019-10-23 22:21:47,610 [Thread-621] INFO  impl.FollowerState (FollowerState.java:run(117)) - 1c51b35f-55cb-4636-a00c-83d34bf2d9d4@group-F043E0AED0ED-FollowerState was interrupted: java.lang.InterruptedException: sleep interrupted
2019-10-23 22:21:47,636 [aed1b97f-105e-4684-b087-4b6333aa3ced@group-F043E0AED0ED-LeaderElection63] INFO  impl.LeaderElection (LeaderElection.java:logAndReturn(56)) - aed1b97f-105e-4684-b087-4b6333aa3ced@group-F043E0AED0ED-LeaderElection63: Election REJECTED; received 2 response(s) [aed1b97f-105e-4684-b087-4b6333aa3ced<-1c51b35f-55cb-4636-a00c-83d34bf2d9d4#0:FAIL-t64, aed1b97f-105e-4684-b087-4b6333aa3ced<-d21ee1f1-33f6-483c-a18b-27782ce1915a#0:FAIL-t64] and 0 exception(s); aed1b97f-105e-4684-b087-4b6333aa3ced@group-F043E0AED0ED:t64, leader=null, voted=aed1b97f-105e-4684-b087-4b6333aa3ced, raftlog=aed1b97f-105e-4684-b087-4b6333aa3ced@group-F043E0AED0ED-SegmentedRaftLog:OPENED:c-1,f-1,i0, conf=-1: [aed1b97f-105e-4684-b087-4b6333aa3ced:192.168.157.195:34943, 1c51b35f-55cb-4636-a00c-83d34bf2d9d4:192.168.157.195:34693, d21ee1f1-33f6-483c-a18b-27782ce1915a:192.168.157.195:46462], old=null
2019-10-23 22:21:47,637 [aed1b97f-105e-4684-b087-4b6333aa3ced@group-F043E0AED0ED-LeaderElection63] INFO  impl.RaftServerImpl (RaftServerImpl.java:setRole(184)) - aed1b97f-105e-4684-b087-4b6333aa3ced@group-F043E0AED0ED: changes role from CANDIDATE to FOLLOWER at term 64 for DISCOVERED_A_NEW_TERM
2019-10-23 22:21:47,637 [aed1b97f-105e-4684-b087-4b6333aa3ced@group-F043E0AED0ED-LeaderElection63] INFO  impl.RoleInfo (RoleInfo.java:shutdownLeaderElection(134)) - aed1b97f-105e-4684-b087-4b6333aa3ced: shutdown LeaderElection
2019-10-23 22:21:47,637 [aed1b97f-105e-4684-b087-4b6333aa3ced@group-F043E0AED0ED-LeaderElection63] INFO  impl.RoleInfo (RoleInfo.java:updateAndGet(143)) - aed1b97f-105e-4684-b087-4b6333aa3ced: start FollowerState
2019-10-23 22:21:47,715 [Thread-628] INFO  impl.FollowerState (FollowerState.java:run(108)) - aed1b97f-105e-4684-b087-4b6333aa3ced@group-F043E0AED0ED-FollowerState: change to CANDIDATE, lastRpcTime:77ms, electionTimeout:77ms
2019-10-23 22:21:47,715 [Thread-628] INFO  impl.RoleInfo (RoleInfo.java:shutdownFollowerState(121)) - aed1b97f-105e-4684-b087-4b6333aa3ced: shutdown FollowerState
2019-10-23 22:21:47,715 [Thread-628] INFO  impl.RaftServerImpl (RaftServerImpl.java:setRole(184)) - aed1b97f-105e-4684-b087-4b6333aa3ced@group-F043E0AED0ED: changes role from  FOLLOWER to CANDIDATE at term 64 for changeToCandidate
2019-10-23 22:21:47,715 [Thread-628] INFO  impl.RoleInfo (RoleInfo.java:updateAndGet(143)) - aed1b97f-105e-4684-b087-4b6333aa3ced: start LeaderElection
2019-10-23 22:21:47,730 [aed1b97f-105e-4684-b087-4b6333aa3ced@group-F043E0AED0ED-LeaderElection64] INFO  impl.LeaderElection (LeaderElection.java:askForVotes(178)) - aed1b97f-105e-4684-b087-4b6333aa3ced@group-F043E0AED0ED-LeaderElection64: begin an election at term 65 for -1: [aed1b97f-105e-4684-b087-4b6333aa3ced:192.168.157.195:34943, 1c51b35f-55cb-4636-a00c-83d34bf2d9d4:192.168.157.195:34693, d21ee1f1-33f6-483c-a18b-27782ce1915a:192.168.157.195:46462], old=null
2019-10-23 22:21:47,734 [grpc-default-executor-0] INFO  impl.RaftServerImpl (RaftServerImpl.java:setRole(184)) - 1c51b35f-55cb-4636-a00c-83d34bf2d9d4@group-F043E0AED0ED: changes role from  FOLLOWER to FOLLOWER at term 65 for recognizeCandidate:aed1b97f-105e-4684-b087-4b6333aa3ced
2019-10-23 22:21:47,734 [grpc-default-executor-0] INFO  impl.RoleInfo (RoleInfo.java:shutdownFollowerState(121)) - 1c51b35f-55cb-4636-a00c-83d34bf2d9d4: shutdown FollowerState
2019-10-23 22:21:47,734 [grpc-default-executor-3] INFO  impl.RaftServerImpl (RaftServerImpl.java:setRole(184)) - d21ee1f1-33f6-483c-a18b-27782ce1915a@group-F043E0AED0ED: changes role from  FOLLOWER to FOLLOWER at term 65 for recognizeCandidate:aed1b97f-105e-4684-b087-4b6333aa3ced
2019-10-23 22:21:47,735 [Thread-627] INFO  impl.FollowerState (FollowerState.java:run(117)) - 1c51b35f-55cb-4636-a00c-83d34bf2d9d4@group-F043E0AED0ED-FollowerState was interrupted: java.lang.InterruptedException: sleep interrupted
2019-10-23 22:21:47,734 [grpc-default-executor-0] INFO  impl.RoleInfo (RoleInfo.java:updateAndGet(143)) - 1c51b35f-55cb-4636-a00c-83d34bf2d9d4: start FollowerState
2019-10-23 22:21:47,735 [grpc-default-executor-3] INFO  impl.RoleInfo (RoleInfo.java:shutdownFollowerState(121)) - d21ee1f1-33f6-483c-a18b-27782ce1915a: shutdown FollowerState
2019-10-23 22:21:47,735 [grpc-default-executor-3] INFO  impl.RoleInfo (RoleInfo.java:updateAndGet(143)) - d21ee1f1-33f6-483c-a18b-27782ce1915a: start FollowerState
2019-10-23 22:21:47,735 [Thread-626] INFO  impl.FollowerState (FollowerState.java:run(117)) - d21ee1f1-33f6-483c-a18b-27782ce1915a@group-F043E0AED0ED-FollowerState was interrupted: java.lang.InterruptedException: sleep interrupted
2019-10-23 22:21:47,762 [aed1b97f-105e-4684-b087-4b6333aa3ced@group-F043E0AED0ED-LeaderElection64] INFO  impl.LeaderElection (LeaderElection.java:logAndReturn(56)) - aed1b97f-105e-4684-b087-4b6333aa3ced@group-F043E0AED0ED-LeaderElection64: Election REJECTED; received 2 response(s) [aed1b97f-105e-4684-b087-4b6333aa3ced<-1c51b35f-55cb-4636-a00c-83d34bf2d9d4#0:FAIL-t65, aed1b97f-105e-4684-b087-4b6333aa3ced<-d21ee1f1-33f6-483c-a18b-27782ce1915a#0:FAIL-t65] and 0 exception(s); aed1b97f-105e-4684-b087-4b6333aa3ced@group-F043E0AED0ED:t65, leader=null, voted=aed1b97f-105e-4684-b087-4b6333aa3ced, raftlog=aed1b97f-105e-4684-b087-4b6333aa3ced@group-F043E0AED0ED-SegmentedRaftLog:OPENED:c-1,f-1,i0, conf=-1: [aed1b97f-105e-4684-b087-4b6333aa3ced:192.168.157.195:34943, 1c51b35f-55cb-4636-a00c-83d34bf2d9d4:192.168.157.195:34693, d21ee1f1-33f6-483c-a18b-27782ce1915a:192.168.157.195:46462], old=null
2019-10-23 22:21:47,762 [aed1b97f-105e-4684-b087-4b6333aa3ced@group-F043E0AED0ED-LeaderElection64] INFO  impl.RaftServerImpl (RaftServerImpl.java:setRole(184)) - aed1b97f-105e-4684-b087-4b6333aa3ced@group-F043E0AED0ED: changes role from CANDIDATE to FOLLOWER at term 65 for DISCOVERED_A_NEW_TERM
2019-10-23 22:21:47,762 [aed1b97f-105e-4684-b087-4b6333aa3ced@group-F043E0AED0ED-LeaderElection64] INFO  impl.RoleInfo (RoleInfo.java:shutdownLeaderElection(134)) - aed1b97f-105e-4684-b087-4b6333aa3ced: shutdown LeaderElection
2019-10-23 22:21:47,764 [aed1b97f-105e-4684-b087-4b6333aa3ced@group-F043E0AED0ED-LeaderElection64] INFO  impl.RoleInfo (RoleInfo.java:updateAndGet(143)) - aed1b97f-105e-4684-b087-4b6333aa3ced: start FollowerState
2019-10-23 22:21:47,925 [Thread-636] INFO  impl.FollowerState (FollowerState.java:run(108)) - aed1b97f-105e-4684-b087-4b6333aa3ced@group-F043E0AED0ED-FollowerState: change to CANDIDATE, lastRpcTime:161ms, electionTimeout:161ms
2019-10-23 22:21:47,925 [Thread-636] INFO  impl.RoleInfo (RoleInfo.java:shutdownFollowerState(121)) - aed1b97f-105e-4684-b087-4b6333aa3ced: shutdown FollowerState
2019-10-23 22:21:47,925 [Thread-636] INFO  impl.RaftServerImpl (RaftServerImpl.java:setRole(184)) - aed1b97f-105e-4684-b087-4b6333aa3ced@group-F043E0AED0ED: changes role from  FOLLOWER to CANDIDATE at term 65 for changeToCandidate
2019-10-23 22:21:47,926 [Thread-636] INFO  impl.RoleInfo (RoleInfo.java:updateAndGet(143)) - aed1b97f-105e-4684-b087-4b6333aa3ced: start LeaderElection
2019-10-23 22:21:47,951 [aed1b97f-105e-4684-b087-4b6333aa3ced@group-F043E0AED0ED-LeaderElection65] INFO  impl.LeaderElection (LeaderElection.java:askForVotes(178)) - aed1b97f-105e-4684-b087-4b6333aa3ced@group-F043E0AED0ED-LeaderElection65: begin an election at term 66 for -1: [aed1b97f-105e-4684-b087-4b6333aa3ced:192.168.157.195:34943, 1c51b35f-55cb-4636-a00c-83d34bf2d9d4:192.168.157.195:34693, d21ee1f1-33f6-483c-a18b-27782ce1915a:192.168.157.195:46462], old=null
2019-10-23 22:21:47,954 [grpc-default-executor-3] INFO  impl.RaftServerImpl (RaftServerImpl.java:setRole(184)) - 1c51b35f-55cb-4636-a00c-83d34bf2d9d4@group-F043E0AED0ED: changes role from  FOLLOWER to FOLLOWER at term 66 for recognizeCandidate:aed1b97f-105e-4684-b087-4b6333aa3ced
2019-10-23 22:21:47,954 [grpc-default-executor-4] INFO  impl.RaftServerImpl (RaftServerImpl.java:setRole(184)) - d21ee1f1-33f6-483c-a18b-27782ce1915a@group-F043E0AED0ED: changes role from  FOLLOWER to FOLLOWER at term 66 for recognizeCandidate:aed1b97f-105e-4684-b087-4b6333aa3ced
2019-10-23 22:21:47,954 [grpc-default-executor-3] INFO  impl.RoleInfo (RoleInfo.java:shutdownFollowerState(121)) - 1c51b35f-55cb-4636-a00c-83d34bf2d9d4: shutdown FollowerState
2019-10-23 22:21:47,954 [grpc-default-executor-4] INFO  impl.RoleInfo (RoleInfo.java:shutdownFollowerState(121)) - d21ee1f1-33f6-483c-a18b-27782ce1915a: shutdown FollowerState
2019-10-23 22:21:47,954 [Thread-632] INFO  impl.FollowerState (FollowerState.java:run(117)) - 1c51b35f-55cb-4636-a00c-83d34bf2d9d4@group-F043E0AED0ED-FollowerState was interrupted: java.lang.InterruptedException: sleep interrupted
2019-10-23 22:21:47,954 [Thread-633] INFO  impl.FollowerState (FollowerState.java:run(117)) - d21ee1f1-33f6-483c-a18b-27782ce1915a@group-F043E0AED0ED-FollowerState was interrupted: java.lang.InterruptedException: sleep interrupted
2019-10-23 22:21:47,954 [grpc-default-executor-3] INFO  impl.RoleInfo (RoleInfo.java:updateAndGet(143)) - 1c51b35f-55cb-4636-a00c-83d34bf2d9d4: start FollowerState
2019-10-23 22:21:47,954 [grpc-default-executor-4] INFO  impl.RoleInfo (RoleInfo.java:updateAndGet(143)) - d21ee1f1-33f6-483c-a18b-27782ce1915a: start FollowerState
2019-10-23 22:21:47,972 [aed1b97f-105e-4684-b087-4b6333aa3ced@group-F043E0AED0ED-LeaderElection65] INFO  impl.LeaderElection (LeaderElection.java:logAndReturn(56)) - aed1b97f-105e-4684-b087-4b6333aa3ced@group-F043E0AED0ED-LeaderElection65: Election REJECTED; received 2 response(s) [aed1b97f-105e-4684-b087-4b6333aa3ced<-1c51b35f-55cb-4636-a00c-83d34bf2d9d4#0:FAIL-t66, aed1b97f-105e-4684-b087-4b6333aa3ced<-d21ee1f1-33f6-483c-a18b-27782ce1915a#0:FAIL-t66] and 0 exception(s); aed1b97f-105e-4684-b087-4b6333aa3ced@group-F043E0AED0ED:t66, leader=null, voted=aed1b97f-105e-4684-b087-4b6333aa3ced, raftlog=aed1b97f-105e-4684-b087-4b6333aa3ced@group-F043E0AED0ED-SegmentedRaftLog:OPENED:c-1,f-1,i0, conf=-1: [aed1b97f-105e-4684-b087-4b6333aa3ced:192.168.157.195:34943, 1c51b35f-55cb-4636-a00c-83d34bf2d9d4:192.168.157.195:34693, d21ee1f1-33f6-483c-a18b-27782ce1915a:192.168.157.195:46462], old=null
2019-10-23 22:21:47,972 [aed1b97f-105e-4684-b087-4b6333aa3ced@group-F043E0AED0ED-LeaderElection65] INFO  impl.RaftServerImpl (RaftServerImpl.java:setRole(184)) - aed1b97f-105e-4684-b087-4b6333aa3ced@group-F043E0AED0ED: changes role from CANDIDATE to FOLLOWER at term 66 for DISCOVERED_A_NEW_TERM
2019-10-23 22:21:47,972 [aed1b97f-105e-4684-b087-4b6333aa3ced@group-F043E0AED0ED-LeaderElection65] INFO  impl.RoleInfo (RoleInfo.java:shutdownLeaderElection(134)) - aed1b97f-105e-4684-b087-4b6333aa3ced: shutdown LeaderElection
2019-10-23 22:21:47,972 [aed1b97f-105e-4684-b087-4b6333aa3ced@group-F043E0AED0ED-LeaderElection65] INFO  impl.RoleInfo (RoleInfo.java:updateAndGet(143)) - aed1b97f-105e-4684-b087-4b6333aa3ced: start FollowerState
2019-10-23 22:21:48,063 [Thread-642] INFO  impl.FollowerState (FollowerState.java:run(108)) - aed1b97f-105e-4684-b087-4b6333aa3ced@group-F043E0AED0ED-FollowerState: change to CANDIDATE, lastRpcTime:90ms, electionTimeout:90ms
2019-10-23 22:21:48,063 [Thread-642] INFO  impl.RoleInfo (RoleInfo.java:shutdownFollowerState(121)) - aed1b97f-105e-4684-b087-4b6333aa3ced: shutdown FollowerState
2019-10-23 22:21:48,063 [Thread-642] INFO  impl.RaftServerImpl (RaftServerImpl.java:setRole(184)) - aed1b97f-105e-4684-b087-4b6333aa3ced@group-F043E0AED0ED: changes role from  FOLLOWER to CANDIDATE at term 66 for changeToCandidate
2019-10-23 22:21:48,064 [Thread-642] INFO  impl.RoleInfo (RoleInfo.java:updateAndGet(143)) - aed1b97f-105e-4684-b087-4b6333aa3ced: start LeaderElection
2019-10-23 22:21:48,079 [aed1b97f-105e-4684-b087-4b6333aa3ced@group-F043E0AED0ED-LeaderElection66] INFO  impl.LeaderElection (LeaderElection.java:askForVotes(178)) - aed1b97f-105e-4684-b087-4b6333aa3ced@group-F043E0AED0ED-LeaderElection66: begin an election at term 67 for -1: [aed1b97f-105e-4684-b087-4b6333aa3ced:192.168.157.195:34943, 1c51b35f-55cb-4636-a00c-83d34bf2d9d4:192.168.157.195:34693, d21ee1f1-33f6-483c-a18b-27782ce1915a:192.168.157.195:46462], old=null
2019-10-23 22:21:48,084 [grpc-default-executor-4] INFO  impl.RaftServerImpl (RaftServerImpl.java:setRole(184)) - 1c51b35f-55cb-4636-a00c-83d34bf2d9d4@group-F043E0AED0ED: changes role from  FOLLOWER to FOLLOWER at term 67 for recognizeCandidate:aed1b97f-105e-4684-b087-4b6333aa3ced
2019-10-23 22:21:48,084 [grpc-default-executor-3] INFO  impl.RaftServerImpl (RaftServerImpl.java:setRole(184)) - d21ee1f1-33f6-483c-a18b-27782ce1915a@group-F043E0AED0ED: changes role from  FOLLOWER to FOLLOWER at term 67 for recognizeCandidate:aed1b97f-105e-4684-b087-4b6333aa3ced
2019-10-23 22:21:48,084 [grpc-default-executor-4] INFO  impl.RoleInfo (RoleInfo.java:shutdownFollowerState(121)) - 1c51b35f-55cb-4636-a00c-83d34bf2d9d4: shutdown FollowerState
2019-10-23 22:21:48,084 [grpc-default-executor-3] INFO  impl.RoleInfo (RoleInfo.java:shutdownFollowerState(121)) - d21ee1f1-33f6-483c-a18b-27782ce1915a: shutdown FollowerState
2019-10-23 22:21:48,084 [grpc-default-executor-4] INFO  impl.RoleInfo (RoleInfo.java:updateAndGet(143)) - 1c51b35f-55cb-4636-a00c-83d34bf2d9d4: start FollowerState
2019-10-23 22:21:48,085 [Thread-641] INFO  impl.FollowerState (FollowerState.java:run(117)) - d21ee1f1-33f6-483c-a18b-27782ce1915a@group-F043E0AED0ED-FollowerState was interrupted: java.lang.InterruptedException: sleep interrupted
2019-10-23 22:21:48,085 [Thread-640] INFO  impl.FollowerState (FollowerState.java:run(117)) - 1c51b35f-55cb-4636-a00c-83d34bf2d9d4@group-F043E0AED0ED-FollowerState was interrupted: java.lang.InterruptedException: sleep interrupted
2019-10-23 22:21:48,085 [grpc-default-executor-3] INFO  impl.RoleInfo (RoleInfo.java:updateAndGet(143)) - d21ee1f1-33f6-483c-a18b-27782ce1915a: start FollowerState
2019-10-23 22:21:48,087 [aed1b97f-105e-4684-b087-4b6333aa3ced@group-F043E0AED0ED-LeaderElection66] INFO  impl.LeaderElection (LeaderElection.java:logAndReturn(56)) - aed1b97f-105e-4684-b087-4b6333aa3ced@group-F043E0AED0ED-LeaderElection66: Election TIMEOUT; received 0 response(s) [] and 0 exception(s); aed1b97f-105e-4684-b087-4b6333aa3ced@group-F043E0AED0ED:t67, leader=null, voted=aed1b97f-105e-4684-b087-4b6333aa3ced, raftlog=aed1b97f-105e-4684-b087-4b6333aa3ced@group-F043E0AED0ED-SegmentedRaftLog:OPENED:c-1,f-1,i0, conf=-1: [aed1b97f-105e-4684-b087-4b6333aa3ced:192.168.157.195:34943, 1c51b35f-55cb-4636-a00c-83d34bf2d9d4:192.168.157.195:34693, d21ee1f1-33f6-483c-a18b-27782ce1915a:192.168.157.195:46462], old=null
2019-10-23 22:21:48,098 [aed1b97f-105e-4684-b087-4b6333aa3ced@group-F043E0AED0ED-LeaderElection66] INFO  impl.LeaderElection (LeaderElection.java:askForVotes(178)) - aed1b97f-105e-4684-b087-4b6333aa3ced@group-F043E0AED0ED-LeaderElection66: begin an election at term 68 for -1: [aed1b97f-105e-4684-b087-4b6333aa3ced:192.168.157.195:34943, 1c51b35f-55cb-4636-a00c-83d34bf2d9d4:192.168.157.195:34693, d21ee1f1-33f6-483c-a18b-27782ce1915a:192.168.157.195:46462], old=null
2019-10-23 22:21:48,100 [grpc-default-executor-3] INFO  impl.RaftServerImpl (RaftServerImpl.java:setRole(184)) - 1c51b35f-55cb-4636-a00c-83d34bf2d9d4@group-F043E0AED0ED: changes role from  FOLLOWER to FOLLOWER at term 68 for recognizeCandidate:aed1b97f-105e-4684-b087-4b6333aa3ced
2019-10-23 22:21:48,101 [grpc-default-executor-3] INFO  impl.RoleInfo (RoleInfo.java:shutdownFollowerState(121)) - 1c51b35f-55cb-4636-a00c-83d34bf2d9d4: shutdown FollowerState
2019-10-23 22:21:48,101 [grpc-default-executor-3] INFO  impl.RoleInfo (RoleInfo.java:updateAndGet(143)) - 1c51b35f-55cb-4636-a00c-83d34bf2d9d4: start FollowerState
2019-10-23 22:21:48,101 [Thread-646] INFO  impl.FollowerState (FollowerState.java:run(117)) - 1c51b35f-55cb-4636-a00c-83d34bf2d9d4@group-F043E0AED0ED-FollowerState was interrupted: java.lang.InterruptedException: sleep interrupted
2019-10-23 22:21:48,101 [grpc-default-executor-4] INFO  impl.RaftServerImpl (RaftServerImpl.java:setRole(184)) - d21ee1f1-33f6-483c-a18b-27782ce1915a@group-F043E0AED0ED: changes role from  FOLLOWER to FOLLOWER at term 68 for recognizeCandidate:aed1b97f-105e-4684-b087-4b6333aa3ced
2019-10-23 22:21:48,101 [grpc-default-executor-4] INFO  impl.RoleInfo (RoleInfo.java:shutdownFollowerState(121)) - d21ee1f1-33f6-483c-a18b-27782ce1915a: shutdown FollowerState
2019-10-23 22:21:48,101 [grpc-default-executor-4] INFO  impl.RoleInfo (RoleInfo.java:updateAndGet(143)) - d21ee1f1-33f6-483c-a18b-27782ce1915a: start FollowerState
2019-10-23 22:21:48,101 [Thread-647] INFO  impl.FollowerState (FollowerState.java:run(117)) - d21ee1f1-33f6-483c-a18b-27782ce1915a@group-F043E0AED0ED-FollowerState was interrupted: java.lang.InterruptedException: sleep interrupted
2019-10-23 22:21:48,109 [aed1b97f-105e-4684-b087-4b6333aa3ced@group-F043E0AED0ED-LeaderElection66] INFO  impl.LeaderElection (LeaderElection.java:logAndReturn(56)) - aed1b97f-105e-4684-b087-4b6333aa3ced@group-F043E0AED0ED-LeaderElection66: Election TIMEOUT; received 0 response(s) [] and 0 exception(s); aed1b97f-105e-4684-b087-4b6333aa3ced@group-F043E0AED0ED:t68, leader=null, voted=aed1b97f-105e-4684-b087-4b6333aa3ced, raftlog=aed1b97f-105e-4684-b087-4b6333aa3ced@group-F043E0AED0ED-SegmentedRaftLog:OPENED:c-1,f-1,i0, conf=-1: [aed1b97f-105e-4684-b087-4b6333aa3ced:192.168.157.195:34943, 1c51b35f-55cb-4636-a00c-83d34bf2d9d4:192.168.157.195:34693, d21ee1f1-33f6-483c-a18b-27782ce1915a:192.168.157.195:46462], old=null
2019-10-23 22:21:48,124 [aed1b97f-105e-4684-b087-4b6333aa3ced@group-F043E0AED0ED-LeaderElection66] INFO  impl.LeaderElection (LeaderElection.java:askForVotes(178)) - aed1b97f-105e-4684-b087-4b6333aa3ced@group-F043E0AED0ED-LeaderElection66: begin an election at term 69 for -1: [aed1b97f-105e-4684-b087-4b6333aa3ced:192.168.157.195:34943, 1c51b35f-55cb-4636-a00c-83d34bf2d9d4:192.168.157.195:34693, d21ee1f1-33f6-483c-a18b-27782ce1915a:192.168.157.195:46462], old=null
2019-10-23 22:21:48,126 [grpc-default-executor-4] INFO  impl.RaftServerImpl (RaftServerImpl.java:setRole(184)) - 1c51b35f-55cb-4636-a00c-83d34bf2d9d4@group-F043E0AED0ED: changes role from  FOLLOWER to FOLLOWER at term 69 for recognizeCandidate:aed1b97f-105e-4684-b087-4b6333aa3ced
2019-10-23 22:21:48,126 [grpc-default-executor-3] INFO  impl.RaftServerImpl (RaftServerImpl.java:setRole(184)) - d21ee1f1-33f6-483c-a18b-27782ce1915a@group-F043E0AED0ED: changes role from  FOLLOWER to FOLLOWER at term 69 for recognizeCandidate:aed1b97f-105e-4684-b087-4b6333aa3ced
2019-10-23 22:21:48,126 [grpc-default-executor-4] INFO  impl.RoleInfo (RoleInfo.java:shutdownFollowerState(121)) - 1c51b35f-55cb-4636-a00c-83d34bf2d9d4: shutdown FollowerState
2019-10-23 22:21:48,126 [grpc-default-executor-3] INFO  impl.RoleInfo (RoleInfo.java:shutdownFollowerState(121)) - d21ee1f1-33f6-483c-a18b-27782ce1915a: shutdown FollowerState
2019-10-23 22:21:48,127 [Thread-650] INFO  impl.FollowerState (FollowerState.java:run(117)) - 1c51b35f-55cb-4636-a00c-83d34bf2d9d4@group-F043E0AED0ED-FollowerState was interrupted: java.lang.InterruptedException: sleep interrupted
2019-10-23 22:21:48,127 [aed1b97f-105e-4684-b087-4b6333aa3ced@group-F043E0AED0ED-LeaderElection66] INFO  impl.LeaderElection (LeaderElection.java:logAndReturn(56)) - aed1b97f-105e-4684-b087-4b6333aa3ced@group-F043E0AED0ED-LeaderElection66: Election TIMEOUT; received 0 response(s) [] and 0 exception(s); aed1b97f-105e-4684-b087-4b6333aa3ced@group-F043E0AED0ED:t69, leader=null, voted=aed1b97f-105e-4684-b087-4b6333aa3ced, raftlog=aed1b97f-105e-4684-b087-4b6333aa3ced@group-F043E0AED0ED-SegmentedRaftLog:OPENED:c-1,f-1,i0, conf=-1: [aed1b97f-105e-4684-b087-4b6333aa3ced:192.168.157.195:34943, 1c51b35f-55cb-4636-a00c-83d34bf2d9d4:192.168.157.195:34693, d21ee1f1-33f6-483c-a18b-27782ce1915a:192.168.157.195:46462], old=null
2019-10-23 22:21:48,127 [grpc-default-executor-4] INFO  impl.RoleInfo (RoleInfo.java:updateAndGet(143)) - 1c51b35f-55cb-4636-a00c-83d34bf2d9d4: start FollowerState
2019-10-23 22:21:48,127 [Thread-651] INFO  impl.FollowerState (FollowerState.java:run(117)) - d21ee1f1-33f6-483c-a18b-27782ce1915a@group-F043E0AED0ED-FollowerState was interrupted: java.lang.InterruptedException: sleep interrupted
2019-10-23 22:21:48,127 [grpc-default-executor-3] INFO  impl.RoleInfo (RoleInfo.java:updateAndGet(143)) - d21ee1f1-33f6-483c-a18b-27782ce1915a: start FollowerState
2019-10-23 22:21:48,141 [aed1b97f-105e-4684-b087-4b6333aa3ced@group-F043E0AED0ED-LeaderElection66] INFO  impl.LeaderElection (LeaderElection.java:askForVotes(178)) - aed1b97f-105e-4684-b087-4b6333aa3ced@group-F043E0AED0ED-LeaderElection66: begin an election at term 70 for -1: [aed1b97f-105e-4684-b087-4b6333aa3ced:192.168.157.195:34943, 1c51b35f-55cb-4636-a00c-83d34bf2d9d4:192.168.157.195:34693, d21ee1f1-33f6-483c-a18b-27782ce1915a:192.168.157.195:46462], old=null
2019-10-23 22:21:48,143 [grpc-default-executor-3] INFO  impl.RaftServerImpl (RaftServerImpl.java:setRole(184)) - 1c51b35f-55cb-4636-a00c-83d34bf2d9d4@group-F043E0AED0ED: changes role from  FOLLOWER to FOLLOWER at term 70 for recognizeCandidate:aed1b97f-105e-4684-b087-4b6333aa3ced
2019-10-23 22:21:48,143 [grpc-default-executor-3] INFO  impl.RoleInfo (RoleInfo.java:shutdownFollowerState(121)) - 1c51b35f-55cb-4636-a00c-83d34bf2d9d4: shutdown FollowerState
2019-10-23 22:21:48,143 [grpc-default-executor-3] INFO  impl.RoleInfo (RoleInfo.java:updateAndGet(143)) - 1c51b35f-55cb-4636-a00c-83d34bf2d9d4: start FollowerState
2019-10-23 22:21:48,143 [Thread-654] INFO  impl.FollowerState (FollowerState.java:run(117)) - 1c51b35f-55cb-4636-a00c-83d34bf2d9d4@group-F043E0AED0ED-FollowerState was interrupted: java.lang.InterruptedException: sleep interrupted
2019-10-23 22:21:48,144 [grpc-default-executor-4] INFO  impl.RaftServerImpl (RaftServerImpl.java:setRole(184)) - d21ee1f1-33f6-483c-a18b-27782ce1915a@group-F043E0AED0ED: changes role from  FOLLOWER to FOLLOWER at term 70 for recognizeCandidate:aed1b97f-105e-4684-b087-4b6333aa3ced
2019-10-23 22:21:48,144 [grpc-default-executor-4] INFO  impl.RoleInfo (RoleInfo.java:shutdownFollowerState(121)) - d21ee1f1-33f6-483c-a18b-27782ce1915a: shutdown FollowerState
2019-10-23 22:21:48,144 [grpc-default-executor-4] INFO  impl.RoleInfo (RoleInfo.java:updateAndGet(143)) - d21ee1f1-33f6-483c-a18b-27782ce1915a: start FollowerState
2019-10-23 22:21:48,144 [Thread-655] INFO  impl.FollowerState (FollowerState.java:run(117)) - d21ee1f1-33f6-483c-a18b-27782ce1915a@group-F043E0AED0ED-FollowerState was interrupted: java.lang.InterruptedException: sleep interrupted
2019-10-23 22:21:48,168 [aed1b97f-105e-4684-b087-4b6333aa3ced@group-F043E0AED0ED-LeaderElection66] INFO  impl.LeaderElection (LeaderElection.java:logAndReturn(56)) - aed1b97f-105e-4684-b087-4b6333aa3ced@group-F043E0AED0ED-LeaderElection66: Election REJECTED; received 2 response(s) [aed1b97f-105e-4684-b087-4b6333aa3ced<-1c51b35f-55cb-4636-a00c-83d34bf2d9d4#0:FAIL-t70, aed1b97f-105e-4684-b087-4b6333aa3ced<-d21ee1f1-33f6-483c-a18b-27782ce1915a#0:FAIL-t70] and 0 exception(s); aed1b97f-105e-4684-b087-4b6333aa3ced@group-F043E0AED0ED:t70, leader=null, voted=aed1b97f-105e-4684-b087-4b6333aa3ced, raftlog=aed1b97f-105e-4684-b087-4b6333aa3ced@group-F043E0AED0ED-SegmentedRaftLog:OPENED:c-1,f-1,i0, conf=-1: [aed1b97f-105e-4684-b087-4b6333aa3ced:192.168.157.195:34943, 1c51b35f-55cb-4636-a00c-83d34bf2d9d4:192.168.157.195:34693, d21ee1f1-33f6-483c-a18b-27782ce1915a:192.168.157.195:46462], old=null
2019-10-23 22:21:48,169 [aed1b97f-105e-4684-b087-4b6333aa3ced@group-F043E0AED0ED-LeaderElection66] INFO  impl.RaftServerImpl (RaftServerImpl.java:setRole(184)) - aed1b97f-105e-4684-b087-4b6333aa3ced@group-F043E0AED0ED: changes role from CANDIDATE to FOLLOWER at term 70 for DISCOVERED_A_NEW_TERM
2019-10-23 22:21:48,169 [aed1b97f-105e-4684-b087-4b6333aa3ced@group-F043E0AED0ED-LeaderElection66] INFO  impl.RoleInfo (RoleInfo.java:shutdownLeaderElection(134)) - aed1b97f-105e-4684-b087-4b6333aa3ced: shutdown LeaderElection
2019-10-23 22:21:48,169 [aed1b97f-105e-4684-b087-4b6333aa3ced@group-F043E0AED0ED-LeaderElection66] INFO  impl.RoleInfo (RoleInfo.java:updateAndGet(143)) - aed1b97f-105e-4684-b087-4b6333aa3ced: start FollowerState
2019-10-23 22:21:48,337 [Thread-660] INFO  impl.FollowerState (FollowerState.java:run(108)) - aed1b97f-105e-4684-b087-4b6333aa3ced@group-F043E0AED0ED-FollowerState: change to CANDIDATE, lastRpcTime:168ms, electionTimeout:168ms
2019-10-23 22:21:48,338 [Thread-660] INFO  impl.RoleInfo (RoleInfo.java:shutdownFollowerState(121)) - aed1b97f-105e-4684-b087-4b6333aa3ced: shutdown FollowerState
2019-10-23 22:21:48,338 [Thread-660] INFO  impl.RaftServerImpl (RaftServerImpl.java:setRole(184)) - aed1b97f-105e-4684-b087-4b6333aa3ced@group-F043E0AED0ED: changes role from  FOLLOWER to CANDIDATE at term 70 for changeToCandidate
2019-10-23 22:21:48,338 [Thread-660] INFO  impl.RoleInfo (RoleInfo.java:updateAndGet(143)) - aed1b97f-105e-4684-b087-4b6333aa3ced: start LeaderElection
2019-10-23 22:21:48,352 [aed1b97f-105e-4684-b087-4b6333aa3ced@group-F043E0AED0ED-LeaderElection67] INFO  impl.LeaderElection (LeaderElection.java:askForVotes(178)) - aed1b97f-105e-4684-b087-4b6333aa3ced@group-F043E0AED0ED-LeaderElection67: begin an election at term 71 for -1: [aed1b97f-105e-4684-b087-4b6333aa3ced:192.168.157.195:34943, 1c51b35f-55cb-4636-a00c-83d34bf2d9d4:192.168.157.195:34693, d21ee1f1-33f6-483c-a18b-27782ce1915a:192.168.157.195:46462], old=null
2019-10-23 22:21:48,358 [grpc-default-executor-3] INFO  impl.RaftServerImpl (RaftServerImpl.java:setRole(184)) - d21ee1f1-33f6-483c-a18b-27782ce1915a@group-F043E0AED0ED: changes role from  FOLLOWER to FOLLOWER at term 71 for recognizeCandidate:aed1b97f-105e-4684-b087-4b6333aa3ced
2019-10-23 22:21:48,358 [grpc-default-executor-4] INFO  impl.RaftServerImpl (RaftServerImpl.java:setRole(184)) - 1c51b35f-55cb-4636-a00c-83d34bf2d9d4@group-F043E0AED0ED: changes role from  FOLLOWER to FOLLOWER at term 71 for recognizeCandidate:aed1b97f-105e-4684-b087-4b6333aa3ced
2019-10-23 22:21:48,358 [grpc-default-executor-3] INFO  impl.RoleInfo (RoleInfo.java:shutdownFollowerState(121)) - d21ee1f1-33f6-483c-a18b-27782ce1915a: shutdown FollowerState
2019-10-23 22:21:48,358 [grpc-default-executor-4] INFO  impl.RoleInfo (RoleInfo.java:shutdownFollowerState(121)) - 1c51b35f-55cb-4636-a00c-83d34bf2d9d4: shutdown FollowerState
2019-10-23 22:21:48,359 [Thread-659] INFO  impl.FollowerState (FollowerState.java:run(117)) - d21ee1f1-33f6-483c-a18b-27782ce1915a@group-F043E0AED0ED-FollowerState was interrupted: java.lang.InterruptedException: sleep interrupted
2019-10-23 22:21:48,359 [grpc-default-executor-3] INFO  impl.RoleInfo (RoleInfo.java:updateAndGet(143)) - d21ee1f1-33f6-483c-a18b-27782ce1915a: start FollowerState
2019-10-23 22:21:48,359 [Thread-658] INFO  impl.FollowerState (FollowerState.java:run(117)) - 1c51b35f-55cb-4636-a00c-83d34bf2d9d4@group-F043E0AED0ED-FollowerState was interrupted: java.lang.InterruptedException: sleep interrupted
2019-10-23 22:21:48,359 [grpc-default-executor-4] INFO  impl.RoleInfo (RoleInfo.java:updateAndGet(143)) - 1c51b35f-55cb-4636-a00c-83d34bf2d9d4: start FollowerState
2019-10-23 22:21:48,372 [aed1b97f-105e-4684-b087-4b6333aa3ced@group-F043E0AED0ED-LeaderElection67] INFO  impl.LeaderElection (LeaderElection.java:logAndReturn(56)) - aed1b97f-105e-4684-b087-4b6333aa3ced@group-F043E0AED0ED-LeaderElection67: Election REJECTED; received 2 response(s) [aed1b97f-105e-4684-b087-4b6333aa3ced<-1c51b35f-55cb-4636-a00c-83d34bf2d9d4#0:FAIL-t71, aed1b97f-105e-4684-b087-4b6333aa3ced<-d21ee1f1-33f6-483c-a18b-27782ce1915a#0:FAIL-t71] and 0 exception(s); aed1b97f-105e-4684-b087-4b6333aa3ced@group-F043E0AED0ED:t71, leader=null, voted=aed1b97f-105e-4684-b087-4b6333aa3ced, raftlog=aed1b97f-105e-4684-b087-4b6333aa3ced@group-F043E0AED0ED-SegmentedRaftLog:OPENED:c-1,f-1,i0, conf=-1: [aed1b97f-105e-4684-b087-4b6333aa3ced:192.168.157.195:34943, 1c51b35f-55cb-4636-a00c-83d34bf2d9d4:192.168.157.195:34693, d21ee1f1-33f6-483c-a18b-27782ce1915a:192.168.157.195:46462], old=null
2019-10-23 22:21:48,372 [aed1b97f-105e-4684-b087-4b6333aa3ced@group-F043E0AED0ED-LeaderElection67] INFO  impl.RaftServerImpl (RaftServerImpl.java:setRole(184)) - aed1b97f-105e-4684-b087-4b6333aa3ced@group-F043E0AED0ED: changes role from CANDIDATE to FOLLOWER at term 71 for DISCOVERED_A_NEW_TERM
2019-10-23 22:21:48,373 [aed1b97f-105e-4684-b087-4b6333aa3ced@group-F043E0AED0ED-LeaderElection67] INFO  impl.RoleInfo (RoleInfo.java:shutdownLeaderElection(134)) - aed1b97f-105e-4684-b087-4b6333aa3ced: shutdown LeaderElection
2019-10-23 22:21:48,373 [aed1b97f-105e-4684-b087-4b6333aa3ced@group-F043E0AED0ED-LeaderElection67] INFO  impl.RoleInfo (RoleInfo.java:updateAndGet(143)) - aed1b97f-105e-4684-b087-4b6333aa3ced: start FollowerState
2019-10-23 22:21:48,486 [Thread-666] INFO  impl.FollowerState (FollowerState.java:run(108)) - aed1b97f-105e-4684-b087-4b6333aa3ced@group-F043E0AED0ED-FollowerState: change to CANDIDATE, lastRpcTime:113ms, electionTimeout:113ms
2019-10-23 22:21:48,486 [Thread-666] INFO  impl.RoleInfo (RoleInfo.java:shutdownFollowerState(121)) - aed1b97f-105e-4684-b087-4b6333aa3ced: shutdown FollowerState
2019-10-23 22:21:48,486 [Thread-666] INFO  impl.RaftServerImpl (RaftServerImpl.java:setRole(184)) - aed1b97f-105e-4684-b087-4b6333aa3ced@group-F043E0AED0ED: changes role from  FOLLOWER to CANDIDATE at term 71 for changeToCandidate
2019-10-23 22:21:48,487 [Thread-666] INFO  impl.RoleInfo (RoleInfo.java:updateAndGet(143)) - aed1b97f-105e-4684-b087-4b6333aa3ced: start LeaderElection
2019-10-23 22:21:48,512 [aed1b97f-105e-4684-b087-4b6333aa3ced@group-F043E0AED0ED-LeaderElection68] INFO  impl.LeaderElection (LeaderElection.java:askForVotes(178)) - aed1b97f-105e-4684-b087-4b6333aa3ced@group-F043E0AED0ED-LeaderElection68: begin an election at term 72 for -1: [aed1b97f-105e-4684-b087-4b6333aa3ced:192.168.157.195:34943, 1c51b35f-55cb-4636-a00c-83d34bf2d9d4:192.168.157.195:34693, d21ee1f1-33f6-483c-a18b-27782ce1915a:192.168.157.195:46462], old=null
2019-10-23 22:21:48,514 [grpc-default-executor-3] INFO  impl.RaftServerImpl (RaftServerImpl.java:setRole(184)) - 1c51b35f-55cb-4636-a00c-83d34bf2d9d4@group-F043E0AED0ED: changes role from  FOLLOWER to FOLLOWER at term 72 for recognizeCandidate:aed1b97f-105e-4684-b087-4b6333aa3ced
2019-10-23 22:21:48,515 [grpc-default-executor-3] INFO  impl.RoleInfo (RoleInfo.java:shutdownFollowerState(121)) - 1c51b35f-55cb-4636-a00c-83d34bf2d9d4: shutdown FollowerState
2019-10-23 22:21:48,515 [grpc-default-executor-4] INFO  impl.RaftServerImpl (RaftServerImpl.java:setRole(184)) - d21ee1f1-33f6-483c-a18b-27782ce1915a@group-F043E0AED0ED: changes role from  FOLLOWER to FOLLOWER at term 72 for recognizeCandidate:aed1b97f-105e-4684-b087-4b6333aa3ced
2019-10-23 22:21:48,515 [Thread-665] INFO  impl.FollowerState (FollowerState.java:run(117)) - 1c51b35f-55cb-4636-a00c-83d34bf2d9d4@group-F043E0AED0ED-FollowerState was interrupted: java.lang.InterruptedException: sleep interrupted
2019-10-23 22:21:48,515 [grpc-default-executor-3] INFO  impl.RoleInfo (RoleInfo.java:updateAndGet(143)) - 1c51b35f-55cb-4636-a00c-83d34bf2d9d4: start FollowerState
2019-10-23 22:21:48,515 [grpc-default-executor-4] INFO  impl.RoleInfo (RoleInfo.java:shutdownFollowerState(121)) - d21ee1f1-33f6-483c-a18b-27782ce1915a: shutdown FollowerState
2019-10-23 22:21:48,516 [grpc-default-executor-4] INFO  impl.RoleInfo (RoleInfo.java:updateAndGet(143)) - d21ee1f1-33f6-483c-a18b-27782ce1915a: start FollowerState
2019-10-23 22:21:48,516 [Thread-664] INFO  impl.FollowerState (FollowerState.java:run(117)) - d21ee1f1-33f6-483c-a18b-27782ce1915a@group-F043E0AED0ED-FollowerState was interrupted: java.lang.InterruptedException: sleep interrupted
2019-10-23 22:21:48,542 [aed1b97f-105e-4684-b087-4b6333aa3ced@group-F043E0AED0ED-LeaderElection68] INFO  impl.LeaderElection (LeaderElection.java:logAndReturn(56)) - aed1b97f-105e-4684-b087-4b6333aa3ced@group-F043E0AED0ED-LeaderElection68: Election REJECTED; received 2 response(s) [aed1b97f-105e-4684-b087-4b6333aa3ced<-1c51b35f-55cb-4636-a00c-83d34bf2d9d4#0:FAIL-t72, aed1b97f-105e-4684-b087-4b6333aa3ced<-d21ee1f1-33f6-483c-a18b-27782ce1915a#0:FAIL-t72] and 0 exception(s); aed1b97f-105e-4684-b087-4b6333aa3ced@group-F043E0AED0ED:t72, leader=null, voted=aed1b97f-105e-4684-b087-4b6333aa3ced, raftlog=aed1b97f-105e-4684-b087-4b6333aa3ced@group-F043E0AED0ED-SegmentedRaftLog:OPENED:c-1,f-1,i0, conf=-1: [aed1b97f-105e-4684-b087-4b6333aa3ced:192.168.157.195:34943, 1c51b35f-55cb-4636-a00c-83d34bf2d9d4:192.168.157.195:34693, d21ee1f1-33f6-483c-a18b-27782ce1915a:192.168.157.195:46462], old=null
2019-10-23 22:21:48,543 [aed1b97f-105e-4684-b087-4b6333aa3ced@group-F043E0AED0ED-LeaderElection68] INFO  impl.RaftServerImpl (RaftServerImpl.java:setRole(184)) - aed1b97f-105e-4684-b087-4b6333aa3ced@group-F043E0AED0ED: changes role from CANDIDATE to FOLLOWER at term 72 for DISCOVERED_A_NEW_TERM
2019-10-23 22:21:48,543 [aed1b97f-105e-4684-b087-4b6333aa3ced@group-F043E0AED0ED-LeaderElection68] INFO  impl.RoleInfo (RoleInfo.java:shutdownLeaderElection(134)) - aed1b97f-105e-4684-b087-4b6333aa3ced: shutdown LeaderElection
2019-10-23 22:21:48,543 [aed1b97f-105e-4684-b087-4b6333aa3ced@group-F043E0AED0ED-LeaderElection68] INFO  impl.RoleInfo (RoleInfo.java:updateAndGet(143)) - aed1b97f-105e-4684-b087-4b6333aa3ced: start FollowerState
2019-10-23 22:21:48,601 [Thread-672] INFO  impl.FollowerState (FollowerState.java:run(108)) - aed1b97f-105e-4684-b087-4b6333aa3ced@group-F043E0AED0ED-FollowerState: change to CANDIDATE, lastRpcTime:58ms, electionTimeout:58ms
2019-10-23 22:21:48,602 [Thread-672] INFO  impl.RoleInfo (RoleInfo.java:shutdownFollowerState(121)) - aed1b97f-105e-4684-b087-4b6333aa3ced: shutdown FollowerState
2019-10-23 22:21:48,602 [Thread-672] INFO  impl.RaftServerImpl (RaftServerImpl.java:setRole(184)) - aed1b97f-105e-4684-b087-4b6333aa3ced@group-F043E0AED0ED: changes role from  FOLLOWER to CANDIDATE at term 72 for changeToCandidate
2019-10-23 22:21:48,602 [Thread-672] INFO  impl.RoleInfo (RoleInfo.java:updateAndGet(143)) - aed1b97f-105e-4684-b087-4b6333aa3ced: start LeaderElection
2019-10-23 22:21:48,617 [aed1b97f-105e-4684-b087-4b6333aa3ced@group-F043E0AED0ED-LeaderElection69] INFO  impl.LeaderElection (LeaderElection.java:askForVotes(178)) - aed1b97f-105e-4684-b087-4b6333aa3ced@group-F043E0AED0ED-LeaderElection69: begin an election at term 73 for -1: [aed1b97f-105e-4684-b087-4b6333aa3ced:192.168.157.195:34943, 1c51b35f-55cb-4636-a00c-83d34bf2d9d4:192.168.157.195:34693, d21ee1f1-33f6-483c-a18b-27782ce1915a:192.168.157.195:46462], old=null
2019-10-23 22:21:48,620 [grpc-default-executor-3] INFO  impl.RaftServerImpl (RaftServerImpl.java:setRole(184)) - 1c51b35f-55cb-4636-a00c-83d34bf2d9d4@group-F043E0AED0ED: changes role from  FOLLOWER to FOLLOWER at term 73 for recognizeCandidate:aed1b97f-105e-4684-b087-4b6333aa3ced
2019-10-23 22:21:48,620 [grpc-default-executor-4] INFO  impl.RaftServerImpl (RaftServerImpl.java:setRole(184)) - d21ee1f1-33f6-483c-a18b-27782ce1915a@group-F043E0AED0ED: changes role from  FOLLOWER to FOLLOWER at term 73 for recognizeCandidate:aed1b97f-105e-4684-b087-4b6333aa3ced
2019-10-23 22:21:48,620 [grpc-default-executor-3] INFO  impl.RoleInfo (RoleInfo.java:shutdownFollowerState(121)) - 1c51b35f-55cb-4636-a00c-83d34bf2d9d4: shutdown FollowerState
2019-10-23 22:21:48,620 [grpc-default-executor-4] INFO  impl.RoleInfo (RoleInfo.java:shutdownFollowerState(121)) - d21ee1f1-33f6-483c-a18b-27782ce1915a: shutdown FollowerState
2019-10-23 22:21:48,620 [Thread-670] INFO  impl.FollowerState (FollowerState.java:run(117)) - 1c51b35f-55cb-4636-a00c-83d34bf2d9d4@group-F043E0AED0ED-FollowerState was interrupted: java.lang.InterruptedException: sleep interrupted
2019-10-23 22:21:48,620 [grpc-default-executor-3] INFO  impl.RoleInfo (RoleInfo.java:updateAndGet(143)) - 1c51b35f-55cb-4636-a00c-83d34bf2d9d4: start FollowerState
2019-10-23 22:21:48,621 [Thread-671] INFO  impl.FollowerState (FollowerState.java:run(117)) - d21ee1f1-33f6-483c-a18b-27782ce1915a@group-F043E0AED0ED-FollowerState was interrupted: java.lang.InterruptedException: sleep interrupted
2019-10-23 22:21:48,621 [grpc-default-executor-4] INFO  impl.RoleInfo (RoleInfo.java:updateAndGet(143)) - d21ee1f1-33f6-483c-a18b-27782ce1915a: start FollowerState
2019-10-23 22:21:48,636 [aed1b97f-105e-4684-b087-4b6333aa3ced@group-F043E0AED0ED-LeaderElection69] INFO  impl.LeaderElection (LeaderElection.java:logAndReturn(56)) - aed1b97f-105e-4684-b087-4b6333aa3ced@group-F043E0AED0ED-LeaderElection69: Election REJECTED; received 2 response(s) [aed1b97f-105e-4684-b087-4b6333aa3ced<-1c51b35f-55cb-4636-a00c-83d34bf2d9d4#0:FAIL-t73, aed1b97f-105e-4684-b087-4b6333aa3ced<-d21ee1f1-33f6-483c-a18b-27782ce1915a#0:FAIL-t73] and 0 exception(s); aed1b97f-105e-4684-b087-4b6333aa3ced@group-F043E0AED0ED:t73, leader=null, voted=aed1b97f-105e-4684-b087-4b6333aa3ced, raftlog=aed1b97f-105e-4684-b087-4b6333aa3ced@group-F043E0AED0ED-SegmentedRaftLog:OPENED:c-1,f-1,i0, conf=-1: [aed1b97f-105e-4684-b087-4b6333aa3ced:192.168.157.195:34943, 1c51b35f-55cb-4636-a00c-83d34bf2d9d4:192.168.157.195:34693, d21ee1f1-33f6-483c-a18b-27782ce1915a:192.168.157.195:46462], old=null
2019-10-23 22:21:48,637 [aed1b97f-105e-4684-b087-4b6333aa3ced@group-F043E0AED0ED-LeaderElection69] INFO  impl.RaftServerImpl (RaftServerImpl.java:setRole(184)) - aed1b97f-105e-4684-b087-4b6333aa3ced@group-F043E0AED0ED: changes role from CANDIDATE to FOLLOWER at term 73 for DISCOVERED_A_NEW_TERM
2019-10-23 22:21:48,637 [aed1b97f-105e-4684-b087-4b6333aa3ced@group-F043E0AED0ED-LeaderElection69] INFO  impl.RoleInfo (RoleInfo.java:shutdownLeaderElection(134)) - aed1b97f-105e-4684-b087-4b6333aa3ced: shutdown LeaderElection
2019-10-23 22:21:48,637 [aed1b97f-105e-4684-b087-4b6333aa3ced@group-F043E0AED0ED-LeaderElection69] INFO  impl.RoleInfo (RoleInfo.java:updateAndGet(143)) - aed1b97f-105e-4684-b087-4b6333aa3ced: start FollowerState
2019-10-23 22:21:48,643 [Thread-678] INFO  impl.FollowerState (FollowerState.java:run(108)) - aed1b97f-105e-4684-b087-4b6333aa3ced@group-F043E0AED0ED-FollowerState: change to CANDIDATE, lastRpcTime:6ms, electionTimeout:6ms
2019-10-23 22:21:48,644 [Thread-678] INFO  impl.RoleInfo (RoleInfo.java:shutdownFollowerState(121)) - aed1b97f-105e-4684-b087-4b6333aa3ced: shutdown FollowerState
2019-10-23 22:21:48,644 [Thread-678] INFO  impl.RaftServerImpl (RaftServerImpl.java:setRole(184)) - aed1b97f-105e-4684-b087-4b6333aa3ced@group-F043E0AED0ED: changes role from  FOLLOWER to CANDIDATE at term 73 for changeToCandidate
2019-10-23 22:21:48,644 [Thread-678] INFO  impl.RoleInfo (RoleInfo.java:updateAndGet(143)) - aed1b97f-105e-4684-b087-4b6333aa3ced: start LeaderElection
2019-10-23 22:21:48,658 [aed1b97f-105e-4684-b087-4b6333aa3ced@group-F043E0AED0ED-LeaderElection70] INFO  impl.LeaderElection (LeaderElection.java:askForVotes(178)) - aed1b97f-105e-4684-b087-4b6333aa3ced@group-F043E0AED0ED-LeaderElection70: begin an election at term 74 for -1: [aed1b97f-105e-4684-b087-4b6333aa3ced:192.168.157.195:34943, 1c51b35f-55cb-4636-a00c-83d34bf2d9d4:192.168.157.195:34693, d21ee1f1-33f6-483c-a18b-27782ce1915a:192.168.157.195:46462], old=null
2019-10-23 22:21:48,661 [grpc-default-executor-3] INFO  impl.RaftServerImpl (RaftServerImpl.java:setRole(184)) - d21ee1f1-33f6-483c-a18b-27782ce1915a@group-F043E0AED0ED: changes role from  FOLLOWER to FOLLOWER at term 74 for recognizeCandidate:aed1b97f-105e-4684-b087-4b6333aa3ced
2019-10-23 22:21:48,661 [grpc-default-executor-4] INFO  impl.RaftServerImpl (RaftServerImpl.java:setRole(184)) - 1c51b35f-55cb-4636-a00c-83d34bf2d9d4@group-F043E0AED0ED: changes role from  FOLLOWER to FOLLOWER at term 74 for recognizeCandidate:aed1b97f-105e-4684-b087-4b6333aa3ced
2019-10-23 22:21:48,661 [grpc-default-executor-3] INFO  impl.RoleInfo (RoleInfo.java:shutdownFollowerState(121)) - d21ee1f1-33f6-483c-a18b-27782ce1915a: shutdown FollowerState
2019-10-23 22:21:48,662 [grpc-default-executor-4] INFO  impl.RoleInfo (RoleInfo.java:shutdownFollowerState(121)) - 1c51b35f-55cb-4636-a00c-83d34bf2d9d4: shutdown FollowerState
2019-10-23 22:21:48,662 [Thread-677] INFO  impl.FollowerState (FollowerState.java:run(117)) - d21ee1f1-33f6-483c-a18b-27782ce1915a@group-F043E0AED0ED-FollowerState was interrupted: java.lang.InterruptedException: sleep interrupted
2019-10-23 22:21:48,662 [grpc-default-executor-3] INFO  impl.RoleInfo (RoleInfo.java:updateAndGet(143)) - d21ee1f1-33f6-483c-a18b-27782ce1915a: start FollowerState
2019-10-23 22:21:48,662 [grpc-default-executor-4] INFO  impl.RoleInfo (RoleInfo.java:updateAndGet(143)) - 1c51b35f-55cb-4636-a00c-83d34bf2d9d4: start FollowerState
2019-10-23 22:21:48,662 [Thread-676] INFO  impl.FollowerState (FollowerState.java:run(117)) - 1c51b35f-55cb-4636-a00c-83d34bf2d9d4@group-F043E0AED0ED-FollowerState was interrupted: java.lang.InterruptedException: sleep interrupted
2019-10-23 22:21:48,688 [aed1b97f-105e-4684-b087-4b6333aa3ced@group-F043E0AED0ED-LeaderElection70] INFO  impl.LeaderElection (LeaderElection.java:logAndReturn(56)) - aed1b97f-105e-4684-b087-4b6333aa3ced@group-F043E0AED0ED-LeaderElection70: Election REJECTED; received 2 response(s) [aed1b97f-105e-4684-b087-4b6333aa3ced<-1c51b35f-55cb-4636-a00c-83d34bf2d9d4#0:FAIL-t74, aed1b97f-105e-4684-b087-4b6333aa3ced<-d21ee1f1-33f6-483c-a18b-27782ce1915a#0:FAIL-t74] and 0 exception(s); aed1b97f-105e-4684-b087-4b6333aa3ced@group-F043E0AED0ED:t74, leader=null, voted=aed1b97f-105e-4684-b087-4b6333aa3ced, raftlog=aed1b97f-105e-4684-b087-4b6333aa3ced@group-F043E0AED0ED-SegmentedRaftLog:OPENED:c-1,f-1,i0, conf=-1: [aed1b97f-105e-4684-b087-4b6333aa3ced:192.168.157.195:34943, 1c51b35f-55cb-4636-a00c-83d34bf2d9d4:192.168.157.195:34693, d21ee1f1-33f6-483c-a18b-27782ce1915a:192.168.157.195:46462], old=null
2019-10-23 22:21:48,689 [aed1b97f-105e-4684-b087-4b6333aa3ced@group-F043E0AED0ED-LeaderElection70] INFO  impl.RaftServerImpl (RaftServerImpl.java:setRole(184)) - aed1b97f-105e-4684-b087-4b6333aa3ced@group-F043E0AED0ED: changes role from CANDIDATE to FOLLOWER at term 74 for DISCOVERED_A_NEW_TERM
2019-10-23 22:21:48,689 [aed1b97f-105e-4684-b087-4b6333aa3ced@group-F043E0AED0ED-LeaderElection70] INFO  impl.RoleInfo (RoleInfo.java:shutdownLeaderElection(134)) - aed1b97f-105e-4684-b087-4b6333aa3ced: shutdown LeaderElection
2019-10-23 22:21:48,689 [aed1b97f-105e-4684-b087-4b6333aa3ced@group-F043E0AED0ED-LeaderElection70] INFO  impl.RoleInfo (RoleInfo.java:updateAndGet(143)) - aed1b97f-105e-4684-b087-4b6333aa3ced: start FollowerState
2019-10-23 22:21:48,790 [Thread-684] INFO  impl.FollowerState (FollowerState.java:run(108)) - aed1b97f-105e-4684-b087-4b6333aa3ced@group-F043E0AED0ED-FollowerState: change to CANDIDATE, lastRpcTime:101ms, electionTimeout:101ms
2019-10-23 22:21:48,791 [Thread-684] INFO  impl.RoleInfo (RoleInfo.java:shutdownFollowerState(121)) - aed1b97f-105e-4684-b087-4b6333aa3ced: shutdown FollowerState
2019-10-23 22:21:48,791 [Thread-684] INFO  impl.RaftServerImpl (RaftServerImpl.java:setRole(184)) - aed1b97f-105e-4684-b087-4b6333aa3ced@group-F043E0AED0ED: changes role from  FOLLOWER to CANDIDATE at term 74 for changeToCandidate
2019-10-23 22:21:48,791 [Thread-684] INFO  impl.RoleInfo (RoleInfo.java:updateAndGet(143)) - aed1b97f-105e-4684-b087-4b6333aa3ced: start LeaderElection
2019-10-23 22:21:48,805 [aed1b97f-105e-4684-b087-4b6333aa3ced@group-F043E0AED0ED-LeaderElection71] INFO  impl.LeaderElection (LeaderElection.java:askForVotes(178)) - aed1b97f-105e-4684-b087-4b6333aa3ced@group-F043E0AED0ED-LeaderElection71: begin an election at term 75 for -1: [aed1b97f-105e-4684-b087-4b6333aa3ced:192.168.157.195:34943, 1c51b35f-55cb-4636-a00c-83d34bf2d9d4:192.168.157.195:34693, d21ee1f1-33f6-483c-a18b-27782ce1915a:192.168.157.195:46462], old=null
2019-10-23 22:21:48,809 [grpc-default-executor-4] INFO  impl.RaftServerImpl (RaftServerImpl.java:setRole(184)) - 1c51b35f-55cb-4636-a00c-83d34bf2d9d4@group-F043E0AED0ED: changes role from  FOLLOWER to FOLLOWER at term 75 for recognizeCandidate:aed1b97f-105e-4684-b087-4b6333aa3ced
2019-10-23 22:21:48,809 [grpc-default-executor-4] INFO  impl.RoleInfo (RoleInfo.java:shutdownFollowerState(121)) - 1c51b35f-55cb-4636-a00c-83d34bf2d9d4: shutdown FollowerState
2019-10-23 22:21:48,809 [grpc-default-executor-3] INFO  impl.RaftServerImpl (RaftServerImpl.java:setRole(184)) - d21ee1f1-33f6-483c-a18b-27782ce1915a@group-F043E0AED0ED: changes role from  FOLLOWER to FOLLOWER at term 75 for recognizeCandidate:aed1b97f-105e-4684-b087-4b6333aa3ced
2019-10-23 22:21:48,809 [Thread-683] INFO  impl.FollowerState (FollowerState.java:run(117)) - 1c51b35f-55cb-4636-a00c-83d34bf2d9d4@group-F043E0AED0ED-FollowerState was interrupted: java.lang.InterruptedException: sleep interrupted
2019-10-23 22:21:48,809 [grpc-default-executor-4] INFO  impl.RoleInfo (RoleInfo.java:updateAndGet(143)) - 1c51b35f-55cb-4636-a00c-83d34bf2d9d4: start FollowerState
2019-10-23 22:21:48,809 [grpc-default-executor-3] INFO  impl.RoleInfo (RoleInfo.java:shutdownFollowerState(121)) - d21ee1f1-33f6-483c-a18b-27782ce1915a: shutdown FollowerState
2019-10-23 22:21:48,810 [grpc-default-executor-3] INFO  impl.RoleInfo (RoleInfo.java:updateAndGet(143)) - d21ee1f1-33f6-483c-a18b-27782ce1915a: start FollowerState
2019-10-23 22:21:48,810 [Thread-682] INFO  impl.FollowerState (FollowerState.java:run(117)) - d21ee1f1-33f6-483c-a18b-27782ce1915a@group-F043E0AED0ED-FollowerState was interrupted: java.lang.InterruptedException: sleep interrupted
2019-10-23 22:21:48,824 [aed1b97f-105e-4684-b087-4b6333aa3ced@group-F043E0AED0ED-LeaderElection71] INFO  impl.LeaderElection (LeaderElection.java:logAndReturn(56)) - aed1b97f-105e-4684-b087-4b6333aa3ced@group-F043E0AED0ED-LeaderElection71: Election REJECTED; received 2 response(s) [aed1b97f-105e-4684-b087-4b6333aa3ced<-1c51b35f-55cb-4636-a00c-83d34bf2d9d4#0:FAIL-t75, aed1b97f-105e-4684-b087-4b6333aa3ced<-d21ee1f1-33f6-483c-a18b-27782ce1915a#0:FAIL-t75] and 0 exception(s); aed1b97f-105e-4684-b087-4b6333aa3ced@group-F043E0AED0ED:t75, leader=null, voted=aed1b97f-105e-4684-b087-4b6333aa3ced, raftlog=aed1b97f-105e-4684-b087-4b6333aa3ced@group-F043E0AED0ED-SegmentedRaftLog:OPENED:c-1,f-1,i0, conf=-1: [aed1b97f-105e-4684-b087-4b6333aa3ced:192.168.157.195:34943, 1c51b35f-55cb-4636-a00c-83d34bf2d9d4:192.168.157.195:34693, d21ee1f1-33f6-483c-a18b-27782ce1915a:192.168.157.195:46462], old=null
2019-10-23 22:21:48,824 [aed1b97f-105e-4684-b087-4b6333aa3ced@group-F043E0AED0ED-LeaderElection71] INFO  impl.RaftServerImpl (RaftServerImpl.java:setRole(184)) - aed1b97f-105e-4684-b087-4b6333aa3ced@group-F043E0AED0ED: changes role from CANDIDATE to FOLLOWER at term 75 for DISCOVERED_A_NEW_TERM
2019-10-23 22:21:48,824 [aed1b97f-105e-4684-b087-4b6333aa3ced@group-F043E0AED0ED-LeaderElection71] INFO  impl.RoleInfo (RoleInfo.java:shutdownLeaderElection(134)) - aed1b97f-105e-4684-b087-4b6333aa3ced: shutdown LeaderElection
2019-10-23 22:21:48,825 [aed1b97f-105e-4684-b087-4b6333aa3ced@group-F043E0AED0ED-LeaderElection71] INFO  impl.RoleInfo (RoleInfo.java:updateAndGet(143)) - aed1b97f-105e-4684-b087-4b6333aa3ced: start FollowerState
2019-10-23 22:21:48,995 [Thread-693] INFO  impl.FollowerState (FollowerState.java:run(108)) - aed1b97f-105e-4684-b087-4b6333aa3ced@group-F043E0AED0ED-FollowerState: change to CANDIDATE, lastRpcTime:170ms, electionTimeout:170ms
2019-10-23 22:21:48,995 [Thread-693] INFO  impl.RoleInfo (RoleInfo.java:shutdownFollowerState(121)) - aed1b97f-105e-4684-b087-4b6333aa3ced: shutdown FollowerState
2019-10-23 22:21:48,995 [Thread-693] INFO  impl.RaftServerImpl (RaftServerImpl.java:setRole(184)) - aed1b97f-105e-4684-b087-4b6333aa3ced@group-F043E0AED0ED: changes role from  FOLLOWER to CANDIDATE at term 75 for changeToCandidate
2019-10-23 22:21:48,995 [Thread-693] INFO  impl.RoleInfo (RoleInfo.java:updateAndGet(143)) - aed1b97f-105e-4684-b087-4b6333aa3ced: start LeaderElection
2019-10-23 22:21:49,010 [aed1b97f-105e-4684-b087-4b6333aa3ced@group-F043E0AED0ED-LeaderElection72] INFO  impl.LeaderElection (LeaderElection.java:askForVotes(178)) - aed1b97f-105e-4684-b087-4b6333aa3ced@group-F043E0AED0ED-LeaderElection72: begin an election at term 76 for -1: [aed1b97f-105e-4684-b087-4b6333aa3ced:192.168.157.195:34943, 1c51b35f-55cb-4636-a00c-83d34bf2d9d4:192.168.157.195:34693, d21ee1f1-33f6-483c-a18b-27782ce1915a:192.168.157.195:46462], old=null
2019-10-23 22:21:49,013 [grpc-default-executor-4] INFO  impl.RaftServerImpl (RaftServerImpl.java:setRole(184)) - d21ee1f1-33f6-483c-a18b-27782ce1915a@group-F043E0AED0ED: changes role from  FOLLOWER to FOLLOWER at term 76 for recognizeCandidate:aed1b97f-105e-4684-b087-4b6333aa3ced
2019-10-23 22:21:49,013 [grpc-default-executor-3] INFO  impl.RaftServerImpl (RaftServerImpl.java:setRole(184)) - 1c51b35f-55cb-4636-a00c-83d34bf2d9d4@group-F043E0AED0ED: changes role from  FOLLOWER to FOLLOWER at term 76 for recognizeCandidate:aed1b97f-105e-4684-b087-4b6333aa3ced
2019-10-23 22:21:49,013 [grpc-default-executor-4] INFO  impl.RoleInfo (RoleInfo.java:shutdownFollowerState(121)) - d21ee1f1-33f6-483c-a18b-27782ce1915a: shutdown FollowerState
2019-10-23 22:21:49,013 [grpc-default-executor-3] INFO  impl.RoleInfo (RoleInfo.java:shutdownFollowerState(121)) - 1c51b35f-55cb-4636-a00c-83d34bf2d9d4: shutdown FollowerState
2019-10-23 22:21:49,013 [grpc-default-executor-4] INFO  impl.RoleInfo (RoleInfo.java:updateAndGet(143)) - d21ee1f1-33f6-483c-a18b-27782ce1915a: start FollowerState
2019-10-23 22:21:49,014 [Thread-691] INFO  impl.FollowerState (FollowerState.java:run(117)) - 1c51b35f-55cb-4636-a00c-83d34bf2d9d4@group-F043E0AED0ED-FollowerState was interrupted: java.lang.InterruptedException: sleep interrupted
2019-10-23 22:21:49,014 [grpc-default-executor-3] INFO  impl.RoleInfo (RoleInfo.java:updateAndGet(143)) - 1c51b35f-55cb-4636-a00c-83d34bf2d9d4: start FollowerState
2019-10-23 22:21:49,013 [Thread-692] INFO  impl.FollowerState (FollowerState.java:run(117)) - d21ee1f1-33f6-483c-a18b-27782ce1915a@group-F043E0AED0ED-FollowerState was interrupted: java.lang.InterruptedException: sleep interrupted
2019-10-23 22:21:49,029 [aed1b97f-105e-4684-b087-4b6333aa3ced@group-F043E0AED0ED-LeaderElection72] INFO  impl.LeaderElection (LeaderElection.java:logAndReturn(56)) - aed1b97f-105e-4684-b087-4b6333aa3ced@group-F043E0AED0ED-LeaderElection72: Election REJECTED; received 2 response(s) [aed1b97f-105e-4684-b087-4b6333aa3ced<-1c51b35f-55cb-4636-a00c-83d34bf2d9d4#0:FAIL-t76, aed1b97f-105e-4684-b087-4b6333aa3ced<-d21ee1f1-33f6-483c-a18b-27782ce1915a#0:FAIL-t76] and 0 exception(s); aed1b97f-105e-4684-b087-4b6333aa3ced@group-F043E0AED0ED:t76, leader=null, voted=aed1b97f-105e-4684-b087-4b6333aa3ced, raftlog=aed1b97f-105e-4684-b087-4b6333aa3ced@group-F043E0AED0ED-SegmentedRaftLog:OPENED:c-1,f-1,i0, conf=-1: [aed1b97f-105e-4684-b087-4b6333aa3ced:192.168.157.195:34943, 1c51b35f-55cb-4636-a00c-83d34bf2d9d4:192.168.157.195:34693, d21ee1f1-33f6-483c-a18b-27782ce1915a:192.168.157.195:46462], old=null
2019-10-23 22:21:49,029 [aed1b97f-105e-4684-b087-4b6333aa3ced@group-F043E0AED0ED-LeaderElection72] INFO  impl.RaftServerImpl (RaftServerImpl.java:setRole(184)) - aed1b97f-105e-4684-b087-4b6333aa3ced@group-F043E0AED0ED: changes role from CANDIDATE to FOLLOWER at term 76 for DISCOVERED_A_NEW_TERM
2019-10-23 22:21:49,030 [aed1b97f-105e-4684-b087-4b6333aa3ced@group-F043E0AED0ED-LeaderElection72] INFO  impl.RoleInfo (RoleInfo.java:shutdownLeaderElection(134)) - aed1b97f-105e-4684-b087-4b6333aa3ced: shutdown LeaderElection
2019-10-23 22:21:49,030 [aed1b97f-105e-4684-b087-4b6333aa3ced@group-F043E0AED0ED-LeaderElection72] INFO  impl.RoleInfo (RoleInfo.java:updateAndGet(143)) - aed1b97f-105e-4684-b087-4b6333aa3ced: start FollowerState
2019-10-23 22:21:49,176 [Thread-699] INFO  impl.FollowerState (FollowerState.java:run(108)) - aed1b97f-105e-4684-b087-4b6333aa3ced@group-F043E0AED0ED-FollowerState: change to CANDIDATE, lastRpcTime:146ms, electionTimeout:146ms
2019-10-23 22:21:49,176 [Thread-699] INFO  impl.RoleInfo (RoleInfo.java:shutdownFollowerState(121)) - aed1b97f-105e-4684-b087-4b6333aa3ced: shutdown FollowerState
2019-10-23 22:21:49,177 [Thread-699] INFO  impl.RaftServerImpl (RaftServerImpl.java:setRole(184)) - aed1b97f-105e-4684-b087-4b6333aa3ced@group-F043E0AED0ED: changes role from  FOLLOWER to CANDIDATE at term 76 for changeToCandidate
2019-10-23 22:21:49,177 [Thread-699] INFO  impl.RoleInfo (RoleInfo.java:updateAndGet(143)) - aed1b97f-105e-4684-b087-4b6333aa3ced: start LeaderElection
2019-10-23 22:21:49,198 [aed1b97f-105e-4684-b087-4b6333aa3ced@group-F043E0AED0ED-LeaderElection73] INFO  impl.LeaderElection (LeaderElection.java:askForVotes(178)) - aed1b97f-105e-4684-b087-4b6333aa3ced@group-F043E0AED0ED-LeaderElection73: begin an election at term 77 for -1: [aed1b97f-105e-4684-b087-4b6333aa3ced:192.168.157.195:34943, 1c51b35f-55cb-4636-a00c-83d34bf2d9d4:192.168.157.195:34693, d21ee1f1-33f6-483c-a18b-27782ce1915a:192.168.157.195:46462], old=null
2019-10-23 22:21:49,200 [aed1b97f-105e-4684-b087-4b6333aa3ced@group-F043E0AED0ED-LeaderElection73] INFO  impl.LeaderElection (LeaderElection.java:logAndReturn(56)) - aed1b97f-105e-4684-b087-4b6333aa3ced@group-F043E0AED0ED-LeaderElection73: Election TIMEOUT; received 0 response(s) [] and 0 exception(s); aed1b97f-105e-4684-b087-4b6333aa3ced@group-F043E0AED0ED:t77, leader=null, voted=aed1b97f-105e-4684-b087-4b6333aa3ced, raftlog=aed1b97f-105e-4684-b087-4b6333aa3ced@group-F043E0AED0ED-SegmentedRaftLog:OPENED:c-1,f-1,i0, conf=-1: [aed1b97f-105e-4684-b087-4b6333aa3ced:192.168.157.195:34943, 1c51b35f-55cb-4636-a00c-83d34bf2d9d4:192.168.157.195:34693, d21ee1f1-33f6-483c-a18b-27782ce1915a:192.168.157.195:46462], old=null
2019-10-23 22:21:49,201 [grpc-default-executor-3] INFO  impl.RaftServerImpl (RaftServerImpl.java:setRole(184)) - d21ee1f1-33f6-483c-a18b-27782ce1915a@group-F043E0AED0ED: changes role from  FOLLOWER to FOLLOWER at term 77 for recognizeCandidate:aed1b97f-105e-4684-b087-4b6333aa3ced
2019-10-23 22:21:49,201 [grpc-default-executor-4] INFO  impl.RaftServerImpl (RaftServerImpl.java:setRole(184)) - 1c51b35f-55cb-4636-a00c-83d34bf2d9d4@group-F043E0AED0ED: changes role from  FOLLOWER to FOLLOWER at term 77 for recognizeCandidate:aed1b97f-105e-4684-b087-4b6333aa3ced
2019-10-23 22:21:49,201 [grpc-default-executor-3] INFO  impl.RoleInfo (RoleInfo.java:shutdownFollowerState(121)) - d21ee1f1-33f6-483c-a18b-27782ce1915a: shutdown FollowerState
2019-10-23 22:21:49,201 [grpc-default-executor-4] INFO  impl.RoleInfo (RoleInfo.java:shutdownFollowerState(121)) - 1c51b35f-55cb-4636-a00c-83d34bf2d9d4: shutdown FollowerState
2019-10-23 22:21:49,202 [Thread-697] INFO  impl.FollowerState (FollowerState.java:run(117)) - d21ee1f1-33f6-483c-a18b-27782ce1915a@group-F043E0AED0ED-FollowerState was interrupted: java.lang.InterruptedException: sleep interrupted
2019-10-23 22:21:49,201 [grpc-default-executor-3] INFO  impl.RoleInfo (RoleInfo.java:updateAndGet(143)) - d21ee1f1-33f6-483c-a18b-27782ce1915a: start FollowerState
2019-10-23 22:21:49,202 [Thread-698] INFO  impl.FollowerState (FollowerState.java:run(117)) - 1c51b35f-55cb-4636-a00c-83d34bf2d9d4@group-F043E0AED0ED-FollowerState was interrupted: java.lang.InterruptedException: sleep interrupted
2019-10-23 22:21:49,202 [grpc-default-executor-4] INFO  impl.RoleInfo (RoleInfo.java:updateAndGet(143)) - 1c51b35f-55cb-4636-a00c-83d34bf2d9d4: start FollowerState
2019-10-23 22:21:49,214 [aed1b97f-105e-4684-b087-4b6333aa3ced@group-F043E0AED0ED-LeaderElection73] INFO  impl.LeaderElection (LeaderElection.java:askForVotes(178)) - aed1b97f-105e-4684-b087-4b6333aa3ced@group-F043E0AED0ED-LeaderElection73: begin an election at term 78 for -1: [aed1b97f-105e-4684-b087-4b6333aa3ced:192.168.157.195:34943, 1c51b35f-55cb-4636-a00c-83d34bf2d9d4:192.168.157.195:34693, d21ee1f1-33f6-483c-a18b-27782ce1915a:192.168.157.195:46462], old=null
2019-10-23 22:21:49,217 [grpc-default-executor-3] INFO  impl.RaftServerImpl (RaftServerImpl.java:setRole(184)) - 1c51b35f-55cb-4636-a00c-83d34bf2d9d4@group-F043E0AED0ED: changes role from  FOLLOWER to FOLLOWER at term 78 for recognizeCandidate:aed1b97f-105e-4684-b087-4b6333aa3ced
2019-10-23 22:21:49,217 [grpc-default-executor-4] INFO  impl.RaftServerImpl (RaftServerImpl.java:setRole(184)) - d21ee1f1-33f6-483c-a18b-27782ce1915a@group-F043E0AED0ED: changes role from  FOLLOWER to FOLLOWER at term 78 for recognizeCandidate:aed1b97f-105e-4684-b087-4b6333aa3ced
2019-10-23 22:21:49,218 [grpc-default-executor-3] INFO  impl.RoleInfo (RoleInfo.java:shutdownFollowerState(121)) - 1c51b35f-55cb-4636-a00c-83d34bf2d9d4: shutdown FollowerState
2019-10-23 22:21:49,218 [grpc-default-executor-4] INFO  impl.RoleInfo (RoleInfo.java:shutdownFollowerState(121)) - d21ee1f1-33f6-483c-a18b-27782ce1915a: shutdown FollowerState
2019-10-23 22:21:49,218 [Thread-704] INFO  impl.FollowerState (FollowerState.java:run(117)) - 1c51b35f-55cb-4636-a00c-83d34bf2d9d4@group-F043E0AED0ED-FollowerState was interrupted: java.lang.InterruptedException: sleep interrupted
2019-10-23 22:21:49,218 [grpc-default-executor-3] INFO  impl.RoleInfo (RoleInfo.java:updateAndGet(143)) - 1c51b35f-55cb-4636-a00c-83d34bf2d9d4: start FollowerState
2019-10-23 22:21:49,218 [Thread-703] INFO  impl.FollowerState (FollowerState.java:run(117)) - d21ee1f1-33f6-483c-a18b-27782ce1915a@group-F043E0AED0ED-FollowerState was interrupted: java.lang.InterruptedException: sleep interrupted
2019-10-23 22:21:49,218 [grpc-default-executor-4] INFO  impl.RoleInfo (RoleInfo.java:updateAndGet(143)) - d21ee1f1-33f6-483c-a18b-27782ce1915a: start FollowerState
2019-10-23 22:21:49,234 [aed1b97f-105e-4684-b087-4b6333aa3ced@group-F043E0AED0ED-LeaderElection73] INFO  impl.LeaderElection (LeaderElection.java:logAndReturn(56)) - aed1b97f-105e-4684-b087-4b6333aa3ced@group-F043E0AED0ED-LeaderElection73: Election REJECTED; received 2 response(s) [aed1b97f-105e-4684-b087-4b6333aa3ced<-1c51b35f-55cb-4636-a00c-83d34bf2d9d4#0:FAIL-t78, aed1b97f-105e-4684-b087-4b6333aa3ced<-d21ee1f1-33f6-483c-a18b-27782ce1915a#0:FAIL-t78] and 0 exception(s); aed1b97f-105e-4684-b087-4b6333aa3ced@group-F043E0AED0ED:t78, leader=null, voted=aed1b97f-105e-4684-b087-4b6333aa3ced, raftlog=aed1b97f-105e-4684-b087-4b6333aa3ced@group-F043E0AED0ED-SegmentedRaftLog:OPENED:c-1,f-1,i0, conf=-1: [aed1b97f-105e-4684-b087-4b6333aa3ced:192.168.157.195:34943, 1c51b35f-55cb-4636-a00c-83d34bf2d9d4:192.168.157.195:34693, d21ee1f1-33f6-483c-a18b-27782ce1915a:192.168.157.195:46462], old=null
2019-10-23 22:21:49,234 [aed1b97f-105e-4684-b087-4b6333aa3ced@group-F043E0AED0ED-LeaderElection73] INFO  impl.RaftServerImpl (RaftServerImpl.java:setRole(184)) - aed1b97f-105e-4684-b087-4b6333aa3ced@group-F043E0AED0ED: changes role from CANDIDATE to FOLLOWER at term 78 for DISCOVERED_A_NEW_TERM
2019-10-23 22:21:49,235 [aed1b97f-105e-4684-b087-4b6333aa3ced@group-F043E0AED0ED-LeaderElection73] INFO  impl.RoleInfo (RoleInfo.java:shutdownLeaderElection(134)) - aed1b97f-105e-4684-b087-4b6333aa3ced: shutdown LeaderElection
2019-10-23 22:21:49,235 [aed1b97f-105e-4684-b087-4b6333aa3ced@group-F043E0AED0ED-LeaderElection73] INFO  impl.RoleInfo (RoleInfo.java:updateAndGet(143)) - aed1b97f-105e-4684-b087-4b6333aa3ced: start FollowerState
2019-10-23 22:21:49,315 [Thread-709] INFO  impl.FollowerState (FollowerState.java:run(108)) - aed1b97f-105e-4684-b087-4b6333aa3ced@group-F043E0AED0ED-FollowerState: change to CANDIDATE, lastRpcTime:80ms, electionTimeout:80ms
2019-10-23 22:21:49,316 [Thread-709] INFO  impl.RoleInfo (RoleInfo.java:shutdownFollowerState(121)) - aed1b97f-105e-4684-b087-4b6333aa3ced: shutdown FollowerState
2019-10-23 22:21:49,316 [Thread-709] INFO  impl.RaftServerImpl (RaftServerImpl.java:setRole(184)) - aed1b97f-105e-4684-b087-4b6333aa3ced@group-F043E0AED0ED: changes role from  FOLLOWER to CANDIDATE at term 78 for changeToCandidate
2019-10-23 22:21:49,316 [Thread-709] INFO  impl.RoleInfo (RoleInfo.java:updateAndGet(143)) - aed1b97f-105e-4684-b087-4b6333aa3ced: start LeaderElection
2019-10-23 22:21:49,331 [aed1b97f-105e-4684-b087-4b6333aa3ced@group-F043E0AED0ED-LeaderElection74] INFO  impl.LeaderElection (LeaderElection.java:askForVotes(178)) - aed1b97f-105e-4684-b087-4b6333aa3ced@group-F043E0AED0ED-LeaderElection74: begin an election at term 79 for -1: [aed1b97f-105e-4684-b087-4b6333aa3ced:192.168.157.195:34943, 1c51b35f-55cb-4636-a00c-83d34bf2d9d4:192.168.157.195:34693, d21ee1f1-33f6-483c-a18b-27782ce1915a:192.168.157.195:46462], old=null
2019-10-23 22:21:49,334 [grpc-default-executor-4] INFO  impl.RaftServerImpl (RaftServerImpl.java:setRole(184)) - d21ee1f1-33f6-483c-a18b-27782ce1915a@group-F043E0AED0ED: changes role from  FOLLOWER to FOLLOWER at term 79 for recognizeCandidate:aed1b97f-105e-4684-b087-4b6333aa3ced
2019-10-23 22:21:49,334 [grpc-default-executor-3] INFO  impl.RaftServerImpl (RaftServerImpl.java:setRole(184)) - 1c51b35f-55cb-4636-a00c-83d34bf2d9d4@group-F043E0AED0ED: changes role from  FOLLOWER to FOLLOWER at term 79 for recognizeCandidate:aed1b97f-105e-4684-b087-4b6333aa3ced
2019-10-23 22:21:49,335 [grpc-default-executor-3] INFO  impl.RoleInfo (RoleInfo.java:shutdownFollowerState(121)) - 1c51b35f-55cb-4636-a00c-83d34bf2d9d4: shutdown FollowerState
2019-10-23 22:21:49,334 [grpc-default-executor-4] INFO  impl.RoleInfo (RoleInfo.java:shutdownFollowerState(121)) - d21ee1f1-33f6-483c-a18b-27782ce1915a: shutdown FollowerState
2019-10-23 22:21:49,335 [Thread-707] INFO  impl.FollowerState (FollowerState.java:run(117)) - 1c51b35f-55cb-4636-a00c-83d34bf2d9d4@group-F043E0AED0ED-FollowerState was interrupted: java.lang.InterruptedException: sleep interrupted
2019-10-23 22:21:49,335 [grpc-default-executor-3] INFO  impl.RoleInfo (RoleInfo.java:updateAndGet(143)) - 1c51b35f-55cb-4636-a00c-83d34bf2d9d4: start FollowerState
2019-10-23 22:21:49,335 [Thread-708] INFO  impl.FollowerState (FollowerState.java:run(117)) - d21ee1f1-33f6-483c-a18b-27782ce1915a@group-F043E0AED0ED-FollowerState was interrupted: java.lang.InterruptedException: sleep interrupted
2019-10-23 22:21:49,335 [grpc-default-executor-4] INFO  impl.RoleInfo (RoleInfo.java:updateAndGet(143)) - d21ee1f1-33f6-483c-a18b-27782ce1915a: start FollowerState
2019-10-23 22:21:49,361 [aed1b97f-105e-4684-b087-4b6333aa3ced@group-F043E0AED0ED-LeaderElection74] INFO  impl.LeaderElection (LeaderElection.java:logAndReturn(56)) - aed1b97f-105e-4684-b087-4b6333aa3ced@group-F043E0AED0ED-LeaderElection74: Election REJECTED; received 2 response(s) [aed1b97f-105e-4684-b087-4b6333aa3ced<-1c51b35f-55cb-4636-a00c-83d34bf2d9d4#0:FAIL-t79, aed1b97f-105e-4684-b087-4b6333aa3ced<-d21ee1f1-33f6-483c-a18b-27782ce1915a#0:FAIL-t79] and 0 exception(s); aed1b97f-105e-4684-b087-4b6333aa3ced@group-F043E0AED0ED:t79, leader=null, voted=aed1b97f-105e-4684-b087-4b6333aa3ced, raftlog=aed1b97f-105e-4684-b087-4b6333aa3ced@group-F043E0AED0ED-SegmentedRaftLog:OPENED:c-1,f-1,i0, conf=-1: [aed1b97f-105e-4684-b087-4b6333aa3ced:192.168.157.195:34943, 1c51b35f-55cb-4636-a00c-83d34bf2d9d4:192.168.157.195:34693, d21ee1f1-33f6-483c-a18b-27782ce1915a:192.168.157.195:46462], old=null
2019-10-23 22:21:49,362 [aed1b97f-105e-4684-b087-4b6333aa3ced@group-F043E0AED0ED-LeaderElection74] INFO  impl.RaftServerImpl (RaftServerImpl.java:setRole(184)) - aed1b97f-105e-4684-b087-4b6333aa3ced@group-F043E0AED0ED: changes role from CANDIDATE to FOLLOWER at term 79 for DISCOVERED_A_NEW_TERM
2019-10-23 22:21:49,362 [aed1b97f-105e-4684-b087-4b6333aa3ced@group-F043E0AED0ED-LeaderElection74] INFO  impl.RoleInfo (RoleInfo.java:shutdownLeaderElection(134)) - aed1b97f-105e-4684-b087-4b6333aa3ced: shutdown LeaderElection
2019-10-23 22:21:49,362 [aed1b97f-105e-4684-b087-4b6333aa3ced@group-F043E0AED0ED-LeaderElection74] INFO  impl.RoleInfo (RoleInfo.java:updateAndGet(143)) - aed1b97f-105e-4684-b087-4b6333aa3ced: start FollowerState
2019-10-23 22:21:49,490 [Thread-715] INFO  impl.FollowerState (FollowerState.java:run(108)) - aed1b97f-105e-4684-b087-4b6333aa3ced@group-F043E0AED0ED-FollowerState: change to CANDIDATE, lastRpcTime:127ms, electionTimeout:127ms
2019-10-23 22:21:49,490 [Thread-715] INFO  impl.RoleInfo (RoleInfo.java:shutdownFollowerState(121)) - aed1b97f-105e-4684-b087-4b6333aa3ced: shutdown FollowerState
2019-10-23 22:21:49,490 [Thread-715] INFO  impl.RaftServerImpl (RaftServerImpl.java:setRole(184)) - aed1b97f-105e-4684-b087-4b6333aa3ced@group-F043E0AED0ED: changes role from  FOLLOWER to CANDIDATE at term 79 for changeToCandidate
2019-10-23 22:21:49,490 [Thread-715] INFO  impl.RoleInfo (RoleInfo.java:updateAndGet(143)) - aed1b97f-105e-4684-b087-4b6333aa3ced: start LeaderElection
2019-10-23 22:21:49,510 [aed1b97f-105e-4684-b087-4b6333aa3ced@group-F043E0AED0ED-LeaderElection75] INFO  impl.LeaderElection (LeaderElection.java:askForVotes(178)) - aed1b97f-105e-4684-b087-4b6333aa3ced@group-F043E0AED0ED-LeaderElection75: begin an election at term 80 for -1: [aed1b97f-105e-4684-b087-4b6333aa3ced:192.168.157.195:34943, 1c51b35f-55cb-4636-a00c-83d34bf2d9d4:192.168.157.195:34693, d21ee1f1-33f6-483c-a18b-27782ce1915a:192.168.157.195:46462], old=null
2019-10-23 22:21:49,513 [grpc-default-executor-4] INFO  impl.RaftServerImpl (RaftServerImpl.java:setRole(184)) - d21ee1f1-33f6-483c-a18b-27782ce1915a@group-F043E0AED0ED: changes role from  FOLLOWER to FOLLOWER at term 80 for recognizeCandidate:aed1b97f-105e-4684-b087-4b6333aa3ced
2019-10-23 22:21:49,513 [grpc-default-executor-3] INFO  impl.RaftServerImpl (RaftServerImpl.java:setRole(184)) - 1c51b35f-55cb-4636-a00c-83d34bf2d9d4@group-F043E0AED0ED: changes role from  FOLLOWER to FOLLOWER at term 80 for recognizeCandidate:aed1b97f-105e-4684-b087-4b6333aa3ced
2019-10-23 22:21:49,514 [grpc-default-executor-4] INFO  impl.RoleInfo (RoleInfo.java:shutdownFollowerState(121)) - d21ee1f1-33f6-483c-a18b-27782ce1915a: shutdown FollowerState
2019-10-23 22:21:49,514 [grpc-default-executor-3] INFO  impl.RoleInfo (RoleInfo.java:shutdownFollowerState(121)) - 1c51b35f-55cb-4636-a00c-83d34bf2d9d4: shutdown FollowerState
2019-10-23 22:21:49,514 [Thread-714] INFO  impl.FollowerState (FollowerState.java:run(117)) - d21ee1f1-33f6-483c-a18b-27782ce1915a@group-F043E0AED0ED-FollowerState was interrupted: java.lang.InterruptedException: sleep interrupted
2019-10-23 22:21:49,514 [grpc-default-executor-4] INFO  impl.RoleInfo (RoleInfo.java:updateAndGet(143)) - d21ee1f1-33f6-483c-a18b-27782ce1915a: start FollowerState
2019-10-23 22:21:49,514 [Thread-713] INFO  impl.FollowerState (FollowerState.java:run(117)) - 1c51b35f-55cb-4636-a00c-83d34bf2d9d4@group-F043E0AED0ED-FollowerState was interrupted: java.lang.InterruptedException: sleep interrupted
2019-10-23 22:21:49,514 [grpc-default-executor-3] INFO  impl.RoleInfo (RoleInfo.java:updateAndGet(143)) - 1c51b35f-55cb-4636-a00c-83d34bf2d9d4: start FollowerState
2019-10-23 22:21:49,529 [aed1b97f-105e-4684-b087-4b6333aa3ced@group-F043E0AED0ED-LeaderElection75] INFO  impl.LeaderElection (LeaderElection.java:logAndReturn(56)) - aed1b97f-105e-4684-b087-4b6333aa3ced@group-F043E0AED0ED-LeaderElection75: Election REJECTED; received 2 response(s) [aed1b97f-105e-4684-b087-4b6333aa3ced<-1c51b35f-55cb-4636-a00c-83d34bf2d9d4#0:FAIL-t80, aed1b97f-105e-4684-b087-4b6333aa3ced<-d21ee1f1-33f6-483c-a18b-27782ce1915a#0:FAIL-t80] and 0 exception(s); aed1b97f-105e-4684-b087-4b6333aa3ced@group-F043E0AED0ED:t80, leader=null, voted=aed1b97f-105e-4684-b087-4b6333aa3ced, raftlog=aed1b97f-105e-4684-b087-4b6333aa3ced@group-F043E0AED0ED-SegmentedRaftLog:OPENED:c-1,f-1,i0, conf=-1: [aed1b97f-105e-4684-b087-4b6333aa3ced:192.168.157.195:34943, 1c51b35f-55cb-4636-a00c-83d34bf2d9d4:192.168.157.195:34693, d21ee1f1-33f6-483c-a18b-27782ce1915a:192.168.157.195:46462], old=null
2019-10-23 22:21:49,530 [aed1b97f-105e-4684-b087-4b6333aa3ced@group-F043E0AED0ED-LeaderElection75] INFO  impl.RaftServerImpl (RaftServerImpl.java:setRole(184)) - aed1b97f-105e-4684-b087-4b6333aa3ced@group-F043E0AED0ED: changes role from CANDIDATE to FOLLOWER at term 80 for DISCOVERED_A_NEW_TERM
2019-10-23 22:21:49,530 [aed1b97f-105e-4684-b087-4b6333aa3ced@group-F043E0AED0ED-LeaderElection75] INFO  impl.RoleInfo (RoleInfo.java:shutdownLeaderElection(134)) - aed1b97f-105e-4684-b087-4b6333aa3ced: shutdown LeaderElection
2019-10-23 22:21:49,530 [aed1b97f-105e-4684-b087-4b6333aa3ced@group-F043E0AED0ED-LeaderElection75] INFO  impl.RoleInfo (RoleInfo.java:updateAndGet(143)) - aed1b97f-105e-4684-b087-4b6333aa3ced: start FollowerState
2019-10-23 22:21:49,720 [Thread-721] INFO  impl.FollowerState (FollowerState.java:run(108)) - aed1b97f-105e-4684-b087-4b6333aa3ced@group-F043E0AED0ED-FollowerState: change to CANDIDATE, lastRpcTime:190ms, electionTimeout:190ms
2019-10-23 22:21:49,721 [Thread-721] INFO  impl.RoleInfo (RoleInfo.java:shutdownFollowerState(121)) - aed1b97f-105e-4684-b087-4b6333aa3ced: shutdown FollowerState
2019-10-23 22:21:49,721 [Thread-721] INFO  impl.RaftServerImpl (RaftServerImpl.java:setRole(184)) - aed1b97f-105e-4684-b087-4b6333aa3ced@group-F043E0AED0ED: changes role from  FOLLOWER to CANDIDATE at term 80 for changeToCandidate
2019-10-23 22:21:49,721 [Thread-721] INFO  impl.RoleInfo (RoleInfo.java:updateAndGet(143)) - aed1b97f-105e-4684-b087-4b6333aa3ced: start LeaderElection
2019-10-23 22:21:49,747 [aed1b97f-105e-4684-b087-4b6333aa3ced@group-F043E0AED0ED-LeaderElection76] INFO  impl.LeaderElection (LeaderElection.java:askForVotes(178)) - aed1b97f-105e-4684-b087-4b6333aa3ced@group-F043E0AED0ED-LeaderElection76: begin an election at term 81 for -1: [aed1b97f-105e-4684-b087-4b6333aa3ced:192.168.157.195:34943, 1c51b35f-55cb-4636-a00c-83d34bf2d9d4:192.168.157.195:34693, d21ee1f1-33f6-483c-a18b-27782ce1915a:192.168.157.195:46462], old=null
2019-10-23 22:21:49,750 [grpc-default-executor-4] INFO  impl.RaftServerImpl (RaftServerImpl.java:setRole(184)) - 1c51b35f-55cb-4636-a00c-83d34bf2d9d4@group-F043E0AED0ED: changes role from  FOLLOWER to FOLLOWER at term 81 for recognizeCandidate:aed1b97f-105e-4684-b087-4b6333aa3ced
2019-10-23 22:21:49,750 [grpc-default-executor-4] INFO  impl.RoleInfo (RoleInfo.java:shutdownFollowerState(121)) - 1c51b35f-55cb-4636-a00c-83d34bf2d9d4: shutdown FollowerState
2019-10-23 22:21:49,750 [grpc-default-executor-3] INFO  impl.RaftServerImpl (RaftServerImpl.java:setRole(184)) - d21ee1f1-33f6-483c-a18b-27782ce1915a@group-F043E0AED0ED: changes role from  FOLLOWER to FOLLOWER at term 81 for recognizeCandidate:aed1b97f-105e-4684-b087-4b6333aa3ced
2019-10-23 22:21:49,750 [Thread-720] INFO  impl.FollowerState (FollowerState.java:run(117)) - 1c51b35f-55cb-4636-a00c-83d34bf2d9d4@group-F043E0AED0ED-FollowerState was interrupted: java.lang.InterruptedException: sleep interrupted
2019-10-23 22:21:49,750 [grpc-default-executor-4] INFO  impl.RoleInfo (RoleInfo.java:updateAndGet(143)) - 1c51b35f-55cb-4636-a00c-83d34bf2d9d4: start FollowerState
2019-10-23 22:21:49,750 [grpc-default-executor-3] INFO  impl.RoleInfo (RoleInfo.java:shutdownFollowerState(121)) - d21ee1f1-33f6-483c-a18b-27782ce1915a: shutdown FollowerState
2019-10-23 22:21:49,751 [grpc-default-executor-3] INFO  impl.RoleInfo (RoleInfo.java:updateAndGet(143)) - d21ee1f1-33f6-483c-a18b-27782ce1915a: start FollowerState
2019-10-23 22:21:49,751 [Thread-719] INFO  impl.FollowerState (FollowerState.java:run(117)) - d21ee1f1-33f6-483c-a18b-27782ce1915a@group-F043E0AED0ED-FollowerState was interrupted: java.lang.InterruptedException: sleep interrupted
2019-10-23 22:21:49,767 [aed1b97f-105e-4684-b087-4b6333aa3ced@group-F043E0AED0ED-LeaderElection76] INFO  impl.LeaderElection (LeaderElection.java:logAndReturn(56)) - aed1b97f-105e-4684-b087-4b6333aa3ced@group-F043E0AED0ED-LeaderElection76: Election REJECTED; received 2 response(s) [aed1b97f-105e-4684-b087-4b6333aa3ced<-1c51b35f-55cb-4636-a00c-83d34bf2d9d4#0:FAIL-t81, aed1b97f-105e-4684-b087-4b6333aa3ced<-d21ee1f1-33f6-483c-a18b-27782ce1915a#0:FAIL-t81] and 0 exception(s); aed1b97f-105e-4684-b087-4b6333aa3ced@group-F043E0AED0ED:t81, leader=null, voted=aed1b97f-105e-4684-b087-4b6333aa3ced, raftlog=aed1b97f-105e-4684-b087-4b6333aa3ced@group-F043E0AED0ED-SegmentedRaftLog:OPENED:c-1,f-1,i0, conf=-1: [aed1b97f-105e-4684-b087-4b6333aa3ced:192.168.157.195:34943, 1c51b35f-55cb-4636-a00c-83d34bf2d9d4:192.168.157.195:34693, d21ee1f1-33f6-483c-a18b-27782ce1915a:192.168.157.195:46462], old=null
2019-10-23 22:21:49,767 [aed1b97f-105e-4684-b087-4b6333aa3ced@group-F043E0AED0ED-LeaderElection76] INFO  impl.RaftServerImpl (RaftServerImpl.java:setRole(184)) - aed1b97f-105e-4684-b087-4b6333aa3ced@group-F043E0AED0ED: changes role from CANDIDATE to FOLLOWER at term 81 for DISCOVERED_A_NEW_TERM
2019-10-23 22:21:49,767 [aed1b97f-105e-4684-b087-4b6333aa3ced@group-F043E0AED0ED-LeaderElection76] INFO  impl.RoleInfo (RoleInfo.java:shutdownLeaderElection(134)) - aed1b97f-105e-4684-b087-4b6333aa3ced: shutdown LeaderElection
2019-10-23 22:21:49,767 [aed1b97f-105e-4684-b087-4b6333aa3ced@group-F043E0AED0ED-LeaderElection76] INFO  impl.RoleInfo (RoleInfo.java:updateAndGet(143)) - aed1b97f-105e-4684-b087-4b6333aa3ced: start FollowerState
2019-10-23 22:21:49,908 [Thread-727] INFO  impl.FollowerState (FollowerState.java:run(108)) - aed1b97f-105e-4684-b087-4b6333aa3ced@group-F043E0AED0ED-FollowerState: change to CANDIDATE, lastRpcTime:140ms, electionTimeout:140ms
2019-10-23 22:21:49,908 [Thread-727] INFO  impl.RoleInfo (RoleInfo.java:shutdownFollowerState(121)) - aed1b97f-105e-4684-b087-4b6333aa3ced: shutdown FollowerState
2019-10-23 22:21:49,908 [Thread-727] INFO  impl.RaftServerImpl (RaftServerImpl.java:setRole(184)) - aed1b97f-105e-4684-b087-4b6333aa3ced@group-F043E0AED0ED: changes role from  FOLLOWER to CANDIDATE at term 81 for changeToCandidate
2019-10-23 22:21:49,908 [Thread-727] INFO  impl.RoleInfo (RoleInfo.java:updateAndGet(143)) - aed1b97f-105e-4684-b087-4b6333aa3ced: start LeaderElection
2019-10-23 22:21:49,931 [aed1b97f-105e-4684-b087-4b6333aa3ced@group-F043E0AED0ED-LeaderElection77] INFO  impl.LeaderElection (LeaderElection.java:askForVotes(178)) - aed1b97f-105e-4684-b087-4b6333aa3ced@group-F043E0AED0ED-LeaderElection77: begin an election at term 82 for -1: [aed1b97f-105e-4684-b087-4b6333aa3ced:192.168.157.195:34943, 1c51b35f-55cb-4636-a00c-83d34bf2d9d4:192.168.157.195:34693, d21ee1f1-33f6-483c-a18b-27782ce1915a:192.168.157.195:46462], old=null
2019-10-23 22:21:49,934 [grpc-default-executor-3] INFO  impl.RaftServerImpl (RaftServerImpl.java:setRole(184)) - 1c51b35f-55cb-4636-a00c-83d34bf2d9d4@group-F043E0AED0ED: changes role from  FOLLOWER to FOLLOWER at term 82 for recognizeCandidate:aed1b97f-105e-4684-b087-4b6333aa3ced
2019-10-23 22:21:49,934 [grpc-default-executor-4] INFO  impl.RaftServerImpl (RaftServerImpl.java:setRole(184)) - d21ee1f1-33f6-483c-a18b-27782ce1915a@group-F043E0AED0ED: changes role from  FOLLOWER to FOLLOWER at term 82 for recognizeCandidate:aed1b97f-105e-4684-b087-4b6333aa3ced
2019-10-23 22:21:49,934 [grpc-default-executor-3] INFO  impl.RoleInfo (RoleInfo.java:shutdownFollowerState(121)) - 1c51b35f-55cb-4636-a00c-83d34bf2d9d4: shutdown FollowerState
2019-10-23 22:21:49,934 [grpc-default-executor-4] INFO  impl.RoleInfo (RoleInfo.java:shutdownFollowerState(121)) - d21ee1f1-33f6-483c-a18b-27782ce1915a: shutdown FollowerState
2019-10-23 22:21:49,934 [Thread-725] INFO  impl.FollowerState (FollowerState.java:run(117)) - 1c51b35f-55cb-4636-a00c-83d34bf2d9d4@group-F043E0AED0ED-FollowerState was interrupted: java.lang.InterruptedException: sleep interrupted
2019-10-23 22:21:49,934 [grpc-default-executor-3] INFO  impl.RoleInfo (RoleInfo.java:updateAndGet(143)) - 1c51b35f-55cb-4636-a00c-83d34bf2d9d4: start FollowerState
2019-10-23 22:21:49,934 [grpc-default-executor-4] INFO  impl.RoleInfo (RoleInfo.java:updateAndGet(143)) - d21ee1f1-33f6-483c-a18b-27782ce1915a: start FollowerState
2019-10-23 22:21:49,934 [Thread-726] INFO  impl.FollowerState (FollowerState.java:run(117)) - d21ee1f1-33f6-483c-a18b-27782ce1915a@group-F043E0AED0ED-FollowerState was interrupted: java.lang.InterruptedException: sleep interrupted
2019-10-23 22:21:49,949 [aed1b97f-105e-4684-b087-4b6333aa3ced@group-F043E0AED0ED-LeaderElection77] INFO  impl.LeaderElection (LeaderElection.java:logAndReturn(56)) - aed1b97f-105e-4684-b087-4b6333aa3ced@group-F043E0AED0ED-LeaderElection77: Election TIMEOUT; received 0 response(s) [] and 0 exception(s); aed1b97f-105e-4684-b087-4b6333aa3ced@group-F043E0AED0ED:t82, leader=null, voted=aed1b97f-105e-4684-b087-4b6333aa3ced, raftlog=aed1b97f-105e-4684-b087-4b6333aa3ced@group-F043E0AED0ED-SegmentedRaftLog:OPENED:c-1,f-1,i0, conf=-1: [aed1b97f-105e-4684-b087-4b6333aa3ced:192.168.157.195:34943, 1c51b35f-55cb-4636-a00c-83d34bf2d9d4:192.168.157.195:34693, d21ee1f1-33f6-483c-a18b-27782ce1915a:192.168.157.195:46462], old=null
2019-10-23 22:21:49,963 [aed1b97f-105e-4684-b087-4b6333aa3ced@group-F043E0AED0ED-LeaderElection77] INFO  impl.LeaderElection (LeaderElection.java:askForVotes(178)) - aed1b97f-105e-4684-b087-4b6333aa3ced@group-F043E0AED0ED-LeaderElection77: begin an election at term 83 for -1: [aed1b97f-105e-4684-b087-4b6333aa3ced:192.168.157.195:34943, 1c51b35f-55cb-4636-a00c-83d34bf2d9d4:192.168.157.195:34693, d21ee1f1-33f6-483c-a18b-27782ce1915a:192.168.157.195:46462], old=null
2019-10-23 22:21:49,965 [grpc-default-executor-3] INFO  impl.RaftServerImpl (RaftServerImpl.java:setRole(184)) - 1c51b35f-55cb-4636-a00c-83d34bf2d9d4@group-F043E0AED0ED: changes role from  FOLLOWER to FOLLOWER at term 83 for recognizeCandidate:aed1b97f-105e-4684-b087-4b6333aa3ced
2019-10-23 22:21:49,965 [grpc-default-executor-4] INFO  impl.RaftServerImpl (RaftServerImpl.java:setRole(184)) - d21ee1f1-33f6-483c-a18b-27782ce1915a@group-F043E0AED0ED: changes role from  FOLLOWER to FOLLOWER at term 83 for recognizeCandidate:aed1b97f-105e-4684-b087-4b6333aa3ced
2019-10-23 22:21:49,965 [grpc-default-executor-3] INFO  impl.RoleInfo (RoleInfo.java:shutdownFollowerState(121)) - 1c51b35f-55cb-4636-a00c-83d34bf2d9d4: shutdown FollowerState
2019-10-23 22:21:49,965 [grpc-default-executor-4] INFO  impl.RoleInfo (RoleInfo.java:shutdownFollowerState(121)) - d21ee1f1-33f6-483c-a18b-27782ce1915a: shutdown FollowerState
2019-10-23 22:21:49,966 [grpc-default-executor-3] INFO  impl.RoleInfo (RoleInfo.java:updateAndGet(143)) - 1c51b35f-55cb-4636-a00c-83d34bf2d9d4: start FollowerState
2019-10-23 22:21:49,966 [Thread-734] INFO  impl.FollowerState (FollowerState.java:run(117)) - d21ee1f1-33f6-483c-a18b-27782ce1915a@group-F043E0AED0ED-FollowerState was interrupted: java.lang.InterruptedException: sleep interrupted
2019-10-23 22:21:49,966 [grpc-default-executor-4] INFO  impl.RoleInfo (RoleInfo.java:updateAndGet(143)) - d21ee1f1-33f6-483c-a18b-27782ce1915a: start FollowerState
2019-10-23 22:21:49,966 [Thread-733] INFO  impl.FollowerState (FollowerState.java:run(117)) - 1c51b35f-55cb-4636-a00c-83d34bf2d9d4@group-F043E0AED0ED-FollowerState was interrupted: java.lang.InterruptedException: sleep interrupted
2019-10-23 22:21:49,980 [aed1b97f-105e-4684-b087-4b6333aa3ced@group-F043E0AED0ED-LeaderElection77] INFO  impl.LeaderElection (LeaderElection.java:logAndReturn(56)) - aed1b97f-105e-4684-b087-4b6333aa3ced@group-F043E0AED0ED-LeaderElection77: Election REJECTED; received 2 response(s) [aed1b97f-105e-4684-b087-4b6333aa3ced<-1c51b35f-55cb-4636-a00c-83d34bf2d9d4#0:FAIL-t83, aed1b97f-105e-4684-b087-4b6333aa3ced<-d21ee1f1-33f6-483c-a18b-27782ce1915a#0:FAIL-t83] and 0 exception(s); aed1b97f-105e-4684-b087-4b6333aa3ced@group-F043E0AED0ED:t83, leader=null, voted=aed1b97f-105e-4684-b087-4b6333aa3ced, raftlog=aed1b97f-105e-4684-b087-4b6333aa3ced@group-F043E0AED0ED-SegmentedRaftLog:OPENED:c-1,f-1,i0, conf=-1: [aed1b97f-105e-4684-b087-4b6333aa3ced:192.168.157.195:34943, 1c51b35f-55cb-4636-a00c-83d34bf2d9d4:192.168.157.195:34693, d21ee1f1-33f6-483c-a18b-27782ce1915a:192.168.157.195:46462], old=null
2019-10-23 22:21:49,980 [aed1b97f-105e-4684-b087-4b6333aa3ced@group-F043E0AED0ED-LeaderElection77] INFO  impl.RaftServerImpl (RaftServerImpl.java:setRole(184)) - aed1b97f-105e-4684-b087-4b6333aa3ced@group-F043E0AED0ED: changes role from CANDIDATE to FOLLOWER at term 83 for DISCOVERED_A_NEW_TERM
2019-10-23 22:21:49,980 [aed1b97f-105e-4684-b087-4b6333aa3ced@group-F043E0AED0ED-LeaderElection77] INFO  impl.RoleInfo (RoleInfo.java:shutdownLeaderElection(134)) - aed1b97f-105e-4684-b087-4b6333aa3ced: shutdown LeaderElection
2019-10-23 22:21:49,980 [aed1b97f-105e-4684-b087-4b6333aa3ced@group-F043E0AED0ED-LeaderElection77] INFO  impl.RoleInfo (RoleInfo.java:updateAndGet(143)) - aed1b97f-105e-4684-b087-4b6333aa3ced: start FollowerState
2019-10-23 22:21:50,020 [Thread-739] INFO  impl.FollowerState (FollowerState.java:run(108)) - aed1b97f-105e-4684-b087-4b6333aa3ced@group-F043E0AED0ED-FollowerState: change to CANDIDATE, lastRpcTime:39ms, electionTimeout:39ms
2019-10-23 22:21:50,020 [Thread-739] INFO  impl.RoleInfo (RoleInfo.java:shutdownFollowerState(121)) - aed1b97f-105e-4684-b087-4b6333aa3ced: shutdown FollowerState
2019-10-23 22:21:50,020 [Thread-739] INFO  impl.RaftServerImpl (RaftServerImpl.java:setRole(184)) - aed1b97f-105e-4684-b087-4b6333aa3ced@group-F043E0AED0ED: changes role from  FOLLOWER to CANDIDATE at term 83 for changeToCandidate
2019-10-23 22:21:50,021 [Thread-739] INFO  impl.RoleInfo (RoleInfo.java:updateAndGet(143)) - aed1b97f-105e-4684-b087-4b6333aa3ced: start LeaderElection
2019-10-23 22:21:50,046 [aed1b97f-105e-4684-b087-4b6333aa3ced@group-F043E0AED0ED-LeaderElection78] INFO  impl.LeaderElection (LeaderElection.java:askForVotes(178)) - aed1b97f-105e-4684-b087-4b6333aa3ced@group-F043E0AED0ED-LeaderElection78: begin an election at term 84 for -1: [aed1b97f-105e-4684-b087-4b6333aa3ced:192.168.157.195:34943, 1c51b35f-55cb-4636-a00c-83d34bf2d9d4:192.168.157.195:34693, d21ee1f1-33f6-483c-a18b-27782ce1915a:192.168.157.195:46462], old=null
2019-10-23 22:21:50,049 [grpc-default-executor-4] INFO  impl.RaftServerImpl (RaftServerImpl.java:setRole(184)) - 1c51b35f-55cb-4636-a00c-83d34bf2d9d4@group-F043E0AED0ED: changes role from  FOLLOWER to FOLLOWER at term 84 for recognizeCandidate:aed1b97f-105e-4684-b087-4b6333aa3ced
2019-10-23 22:21:50,049 [grpc-default-executor-3] INFO  impl.RaftServerImpl (RaftServerImpl.java:setRole(184)) - d21ee1f1-33f6-483c-a18b-27782ce1915a@group-F043E0AED0ED: changes role from  FOLLOWER to FOLLOWER at term 84 for recognizeCandidate:aed1b97f-105e-4684-b087-4b6333aa3ced
2019-10-23 22:21:50,049 [grpc-default-executor-4] INFO  impl.RoleInfo (RoleInfo.java:shutdownFollowerState(121)) - 1c51b35f-55cb-4636-a00c-83d34bf2d9d4: shutdown FollowerState
2019-10-23 22:21:50,049 [grpc-default-executor-3] INFO  impl.RoleInfo (RoleInfo.java:shutdownFollowerState(121)) - d21ee1f1-33f6-483c-a18b-27782ce1915a: shutdown FollowerState
2019-10-23 22:21:50,050 [Thread-737] INFO  impl.FollowerState (FollowerState.java:run(117)) - 1c51b35f-55cb-4636-a00c-83d34bf2d9d4@group-F043E0AED0ED-FollowerState was interrupted: java.lang.InterruptedException: sleep interrupted
2019-10-23 22:21:50,050 [grpc-default-executor-4] INFO  impl.RoleInfo (RoleInfo.java:updateAndGet(143)) - 1c51b35f-55cb-4636-a00c-83d34bf2d9d4: start FollowerState
2019-10-23 22:21:50,050 [Thread-738] INFO  impl.FollowerState (FollowerState.java:run(117)) - d21ee1f1-33f6-483c-a18b-27782ce1915a@group-F043E0AED0ED-FollowerState was interrupted: java.lang.InterruptedException: sleep interrupted
2019-10-23 22:21:50,050 [grpc-default-executor-3] INFO  impl.RoleInfo (RoleInfo.java:updateAndGet(143)) - d21ee1f1-33f6-483c-a18b-27782ce1915a: start FollowerState
2019-10-23 22:21:50,060 [aed1b97f-105e-4684-b087-4b6333aa3ced@group-F043E0AED0ED-LeaderElection78] INFO  impl.LeaderElection (LeaderElection.java:logAndReturn(56)) - aed1b97f-105e-4684-b087-4b6333aa3ced@group-F043E0AED0ED-LeaderElection78: Election TIMEOUT; received 0 response(s) [] and 0 exception(s); aed1b97f-105e-4684-b087-4b6333aa3ced@group-F043E0AED0ED:t84, leader=null, voted=aed1b97f-105e-4684-b087-4b6333aa3ced, raftlog=aed1b97f-105e-4684-b087-4b6333aa3ced@group-F043E0AED0ED-SegmentedRaftLog:OPENED:c-1,f-1,i0, conf=-1: [aed1b97f-105e-4684-b087-4b6333aa3ced:192.168.157.195:34943, 1c51b35f-55cb-4636-a00c-83d34bf2d9d4:192.168.157.195:34693, d21ee1f1-33f6-483c-a18b-27782ce1915a:192.168.157.195:46462], old=null
2019-10-23 22:21:50,064 [aed1b97f-105e-4684-b087-4b6333aa3ced@group-F043E0AED0ED-LeaderElection78] INFO  impl.LeaderElection (LeaderElection.java:askForVotes(178)) - aed1b97f-105e-4684-b087-4b6333aa3ced@group-F043E0AED0ED-LeaderElection78: begin an election at term 85 for -1: [aed1b97f-105e-4684-b087-4b6333aa3ced:192.168.157.195:34943, 1c51b35f-55cb-4636-a00c-83d34bf2d9d4:192.168.157.195:34693, d21ee1f1-33f6-483c-a18b-27782ce1915a:192.168.157.195:46462], old=null
2019-10-23 22:21:50,065 [grpc-default-executor-4] INFO  impl.RaftServerImpl (RaftServerImpl.java:setRole(184)) - 1c51b35f-55cb-4636-a00c-83d34bf2d9d4@group-F043E0AED0ED: changes role from  FOLLOWER to FOLLOWER at term 85 for recognizeCandidate:aed1b97f-105e-4684-b087-4b6333aa3ced
2019-10-23 22:21:50,066 [grpc-default-executor-3] INFO  impl.RaftServerImpl (RaftServerImpl.java:setRole(184)) - d21ee1f1-33f6-483c-a18b-27782ce1915a@group-F043E0AED0ED: changes role from  FOLLOWER to FOLLOWER at term 85 for recognizeCandidate:aed1b97f-105e-4684-b087-4b6333aa3ced
2019-10-23 22:21:50,066 [grpc-default-executor-4] INFO  impl.RoleInfo (RoleInfo.java:shutdownFollowerState(121)) - 1c51b35f-55cb-4636-a00c-83d34bf2d9d4: shutdown FollowerState
2019-10-23 22:21:50,066 [grpc-default-executor-3] INFO  impl.RoleInfo (RoleInfo.java:shutdownFollowerState(121)) - d21ee1f1-33f6-483c-a18b-27782ce1915a: shutdown FollowerState
2019-10-23 22:21:50,066 [Thread-743] INFO  impl.FollowerState (FollowerState.java:run(117)) - 1c51b35f-55cb-4636-a00c-83d34bf2d9d4@group-F043E0AED0ED-FollowerState was interrupted: java.lang.InterruptedException: sleep interrupted
2019-10-23 22:21:50,066 [Thread-744] INFO  impl.FollowerState (FollowerState.java:run(117)) - d21ee1f1-33f6-483c-a18b-27782ce1915a@group-F043E0AED0ED-FollowerState was interrupted: java.lang.InterruptedException: sleep interrupted
2019-10-23 22:21:50,066 [grpc-default-executor-4] INFO  impl.RoleInfo (RoleInfo.java:updateAndGet(143)) - 1c51b35f-55cb-4636-a00c-83d34bf2d9d4: start FollowerState
2019-10-23 22:21:50,066 [grpc-default-executor-3] INFO  impl.RoleInfo (RoleInfo.java:updateAndGet(143)) - d21ee1f1-33f6-483c-a18b-27782ce1915a: start FollowerState
2019-10-23 22:21:50,093 [aed1b97f-105e-4684-b087-4b6333aa3ced@group-F043E0AED0ED-LeaderElection78] INFO  impl.LeaderElection (LeaderElection.java:logAndReturn(56)) - aed1b97f-105e-4684-b087-4b6333aa3ced@group-F043E0AED0ED-LeaderElection78: Election REJECTED; received 2 response(s) [aed1b97f-105e-4684-b087-4b6333aa3ced<-1c51b35f-55cb-4636-a00c-83d34bf2d9d4#0:FAIL-t85, aed1b97f-105e-4684-b087-4b6333aa3ced<-d21ee1f1-33f6-483c-a18b-27782ce1915a#0:FAIL-t85] and 0 exception(s); aed1b97f-105e-4684-b087-4b6333aa3ced@group-F043E0AED0ED:t85, leader=null, voted=aed1b97f-105e-4684-b087-4b6333aa3ced, raftlog=aed1b97f-105e-4684-b087-4b6333aa3ced@group-F043E0AED0ED-SegmentedRaftLog:OPENED:c-1,f-1,i0, conf=-1: [aed1b97f-105e-4684-b087-4b6333aa3ced:192.168.157.195:34943, 1c51b35f-55cb-4636-a00c-83d34bf2d9d4:192.168.157.195:34693, d21ee1f1-33f6-483c-a18b-27782ce1915a:192.168.157.195:46462], old=null
2019-10-23 22:21:50,093 [aed1b97f-105e-4684-b087-4b6333aa3ced@group-F043E0AED0ED-LeaderElection78] INFO  impl.RaftServerImpl (RaftServerImpl.java:setRole(184)) - aed1b97f-105e-4684-b087-4b6333aa3ced@group-F043E0AED0ED: changes role from CANDIDATE to FOLLOWER at term 85 for DISCOVERED_A_NEW_TERM
2019-10-23 22:21:50,093 [aed1b97f-105e-4684-b087-4b6333aa3ced@group-F043E0AED0ED-LeaderElection78] INFO  impl.RoleInfo (RoleInfo.java:shutdownLeaderElection(134)) - aed1b97f-105e-4684-b087-4b6333aa3ced: shutdown LeaderElection
2019-10-23 22:21:50,093 [aed1b97f-105e-4684-b087-4b6333aa3ced@group-F043E0AED0ED-LeaderElection78] INFO  impl.RoleInfo (RoleInfo.java:updateAndGet(143)) - aed1b97f-105e-4684-b087-4b6333aa3ced: start FollowerState
2019-10-23 22:21:50,236 [Thread-749] INFO  impl.FollowerState (FollowerState.java:run(108)) - aed1b97f-105e-4684-b087-4b6333aa3ced@group-F043E0AED0ED-FollowerState: change to CANDIDATE, lastRpcTime:142ms, electionTimeout:142ms
2019-10-23 22:21:50,236 [Thread-749] INFO  impl.RoleInfo (RoleInfo.java:shutdownFollowerState(121)) - aed1b97f-105e-4684-b087-4b6333aa3ced: shutdown FollowerState
2019-10-23 22:21:50,236 [Thread-749] INFO  impl.RaftServerImpl (RaftServerImpl.java:setRole(184)) - aed1b97f-105e-4684-b087-4b6333aa3ced@group-F043E0AED0ED: changes role from  FOLLOWER to CANDIDATE at term 85 for changeToCandidate
2019-10-23 22:21:50,236 [Thread-749] INFO  impl.RoleInfo (RoleInfo.java:updateAndGet(143)) - aed1b97f-105e-4684-b087-4b6333aa3ced: start LeaderElection
2019-10-23 22:21:50,251 [aed1b97f-105e-4684-b087-4b6333aa3ced@group-F043E0AED0ED-LeaderElection79] INFO  impl.LeaderElection (LeaderElection.java:askForVotes(178)) - aed1b97f-105e-4684-b087-4b6333aa3ced@group-F043E0AED0ED-LeaderElection79: begin an election at term 86 for -1: [aed1b97f-105e-4684-b087-4b6333aa3ced:192.168.157.195:34943, 1c51b35f-55cb-4636-a00c-83d34bf2d9d4:192.168.157.195:34693, d21ee1f1-33f6-483c-a18b-27782ce1915a:192.168.157.195:46462], old=null
2019-10-23 22:21:50,254 [grpc-default-executor-3] INFO  impl.RaftServerImpl (RaftServerImpl.java:setRole(184)) - 1c51b35f-55cb-4636-a00c-83d34bf2d9d4@group-F043E0AED0ED: changes role from  FOLLOWER to FOLLOWER at term 86 for recognizeCandidate:aed1b97f-105e-4684-b087-4b6333aa3ced
2019-10-23 22:21:50,254 [grpc-default-executor-3] INFO  impl.RoleInfo (RoleInfo.java:shutdownFollowerState(121)) - 1c51b35f-55cb-4636-a00c-83d34bf2d9d4: shutdown FollowerState
2019-10-23 22:21:50,254 [grpc-default-executor-3] INFO  impl.RoleInfo (RoleInfo.java:updateAndGet(143)) - 1c51b35f-55cb-4636-a00c-83d34bf2d9d4: start FollowerState
2019-10-23 22:21:50,254 [Thread-747] INFO  impl.FollowerState (FollowerState.java:run(117)) - 1c51b35f-55cb-4636-a00c-83d34bf2d9d4@group-F043E0AED0ED-FollowerState was interrupted: java.lang.InterruptedException: sleep interrupted
2019-10-23 22:21:50,254 [grpc-default-executor-4] INFO  impl.RaftServerImpl (RaftServerImpl.java:setRole(184)) - d21ee1f1-33f6-483c-a18b-27782ce1915a@group-F043E0AED0ED: changes role from  FOLLOWER to FOLLOWER at term 86 for recognizeCandidate:aed1b97f-105e-4684-b087-4b6333aa3ced
2019-10-23 22:21:50,255 [grpc-default-executor-4] INFO  impl.RoleInfo (RoleInfo.java:shutdownFollowerState(121)) - d21ee1f1-33f6-483c-a18b-27782ce1915a: shutdown FollowerState
2019-10-23 22:21:50,255 [grpc-default-executor-4] INFO  impl.RoleInfo (RoleInfo.java:updateAndGet(143)) - d21ee1f1-33f6-483c-a18b-27782ce1915a: start FollowerState
2019-10-23 22:21:50,255 [Thread-748] INFO  impl.FollowerState (FollowerState.java:run(117)) - d21ee1f1-33f6-483c-a18b-27782ce1915a@group-F043E0AED0ED-FollowerState was interrupted: java.lang.InterruptedException: sleep interrupted
2019-10-23 22:21:50,271 [aed1b97f-105e-4684-b087-4b6333aa3ced@group-F043E0AED0ED-LeaderElection79] INFO  impl.LeaderElection (LeaderElection.java:logAndReturn(56)) - aed1b97f-105e-4684-b087-4b6333aa3ced@group-F043E0AED0ED-LeaderElection79: Election REJECTED; received 2 response(s) [aed1b97f-105e-4684-b087-4b6333aa3ced<-1c51b35f-55cb-4636-a00c-83d34bf2d9d4#0:FAIL-t86, aed1b97f-105e-4684-b087-4b6333aa3ced<-d21ee1f1-33f6-483c-a18b-27782ce1915a#0:FAIL-t86] and 0 exception(s); aed1b97f-105e-4684-b087-4b6333aa3ced@group-F043E0AED0ED:t86, leader=null, voted=aed1b97f-105e-4684-b087-4b6333aa3ced, raftlog=aed1b97f-105e-4684-b087-4b6333aa3ced@group-F043E0AED0ED-SegmentedRaftLog:OPENED:c-1,f-1,i0, conf=-1: [aed1b97f-105e-4684-b087-4b6333aa3ced:192.168.157.195:34943, 1c51b35f-55cb-4636-a00c-83d34bf2d9d4:192.168.157.195:34693, d21ee1f1-33f6-483c-a18b-27782ce1915a:192.168.157.195:46462], old=null
2019-10-23 22:21:50,271 [aed1b97f-105e-4684-b087-4b6333aa3ced@group-F043E0AED0ED-LeaderElection79] INFO  impl.RaftServerImpl (RaftServerImpl.java:setRole(184)) - aed1b97f-105e-4684-b087-4b6333aa3ced@group-F043E0AED0ED: changes role from CANDIDATE to FOLLOWER at term 86 for DISCOVERED_A_NEW_TERM
2019-10-23 22:21:50,272 [aed1b97f-105e-4684-b087-4b6333aa3ced@group-F043E0AED0ED-LeaderElection79] INFO  impl.RoleInfo (RoleInfo.java:shutdownLeaderElection(134)) - aed1b97f-105e-4684-b087-4b6333aa3ced: shutdown LeaderElection
2019-10-23 22:21:50,272 [aed1b97f-105e-4684-b087-4b6333aa3ced@group-F043E0AED0ED-LeaderElection79] INFO  impl.RoleInfo (RoleInfo.java:updateAndGet(143)) - aed1b97f-105e-4684-b087-4b6333aa3ced: start FollowerState
2019-10-23 22:21:50,451 [Thread-755] INFO  impl.FollowerState (FollowerState.java:run(108)) - aed1b97f-105e-4684-b087-4b6333aa3ced@group-F043E0AED0ED-FollowerState: change to CANDIDATE, lastRpcTime:179ms, electionTimeout:179ms
2019-10-23 22:21:50,451 [Thread-755] INFO  impl.RoleInfo (RoleInfo.java:shutdownFollowerState(121)) - aed1b97f-105e-4684-b087-4b6333aa3ced: shutdown FollowerState
2019-10-23 22:21:50,451 [Thread-755] INFO  impl.RaftServerImpl (RaftServerImpl.java:setRole(184)) - aed1b97f-105e-4684-b087-4b6333aa3ced@group-F043E0AED0ED: changes role from  FOLLOWER to CANDIDATE at term 86 for changeToCandidate
2019-10-23 22:21:50,452 [Thread-755] INFO  impl.RoleInfo (RoleInfo.java:updateAndGet(143)) - aed1b97f-105e-4684-b087-4b6333aa3ced: start LeaderElection
2019-10-23 22:21:50,477 [aed1b97f-105e-4684-b087-4b6333aa3ced@group-F043E0AED0ED-LeaderElection80] INFO  impl.LeaderElection (LeaderElection.java:askForVotes(178)) - aed1b97f-105e-4684-b087-4b6333aa3ced@group-F043E0AED0ED-LeaderElection80: begin an election at term 87 for -1: [aed1b97f-105e-4684-b087-4b6333aa3ced:192.168.157.195:34943, 1c51b35f-55cb-4636-a00c-83d34bf2d9d4:192.168.157.195:34693, d21ee1f1-33f6-483c-a18b-27782ce1915a:192.168.157.195:46462], old=null
2019-10-23 22:21:50,480 [grpc-default-executor-3] INFO  impl.RaftServerImpl (RaftServerImpl.java:setRole(184)) - 1c51b35f-55cb-4636-a00c-83d34bf2d9d4@group-F043E0AED0ED: changes role from  FOLLOWER to FOLLOWER at term 87 for recognizeCandidate:aed1b97f-105e-4684-b087-4b6333aa3ced
2019-10-23 22:21:50,480 [grpc-default-executor-3] INFO  impl.RoleInfo (RoleInfo.java:shutdownFollowerState(121)) - 1c51b35f-55cb-4636-a00c-83d34bf2d9d4: shutdown FollowerState
2019-10-23 22:21:50,480 [grpc-default-executor-4] INFO  impl.RaftServerImpl (RaftServerImpl.java:setRole(184)) - d21ee1f1-33f6-483c-a18b-27782ce1915a@group-F043E0AED0ED: changes role from  FOLLOWER to FOLLOWER at term 87 for recognizeCandidate:aed1b97f-105e-4684-b087-4b6333aa3ced
2019-10-23 22:21:50,480 [Thread-753] INFO  impl.FollowerState (FollowerState.java:run(117)) - 1c51b35f-55cb-4636-a00c-83d34bf2d9d4@group-F043E0AED0ED-FollowerState was interrupted: java.lang.InterruptedException: sleep interrupted
2019-10-23 22:21:50,480 [grpc-default-executor-3] INFO  impl.RoleInfo (RoleInfo.java:updateAndGet(143)) - 1c51b35f-55cb-4636-a00c-83d34bf2d9d4: start FollowerState
2019-10-23 22:21:50,480 [grpc-default-executor-4] INFO  impl.RoleInfo (RoleInfo.java:shutdownFollowerState(121)) - d21ee1f1-33f6-483c-a18b-27782ce1915a: shutdown FollowerState
2019-10-23 22:21:50,481 [grpc-default-executor-4] INFO  impl.RoleInfo (RoleInfo.java:updateAndGet(143)) - d21ee1f1-33f6-483c-a18b-27782ce1915a: start FollowerState
2019-10-23 22:21:50,481 [Thread-754] INFO  impl.FollowerState (FollowerState.java:run(117)) - d21ee1f1-33f6-483c-a18b-27782ce1915a@group-F043E0AED0ED-FollowerState was interrupted: java.lang.InterruptedException: sleep interrupted
2019-10-23 22:21:50,507 [aed1b97f-105e-4684-b087-4b6333aa3ced@group-F043E0AED0ED-LeaderElection80] INFO  impl.LeaderElection (LeaderElection.java:logAndReturn(56)) - aed1b97f-105e-4684-b087-4b6333aa3ced@group-F043E0AED0ED-LeaderElection80: Election REJECTED; received 2 response(s) [aed1b97f-105e-4684-b087-4b6333aa3ced<-1c51b35f-55cb-4636-a00c-83d34bf2d9d4#0:FAIL-t87, aed1b97f-105e-4684-b087-4b6333aa3ced<-d21ee1f1-33f6-483c-a18b-27782ce1915a#0:FAIL-t87] and 0 exception(s); aed1b97f-105e-4684-b087-4b6333aa3ced@group-F043E0AED0ED:t87, leader=null, voted=aed1b97f-105e-4684-b087-4b6333aa3ced, raftlog=aed1b97f-105e-4684-b087-4b6333aa3ced@group-F043E0AED0ED-SegmentedRaftLog:OPENED:c-1,f-1,i0, conf=-1: [aed1b97f-105e-4684-b087-4b6333aa3ced:192.168.157.195:34943, 1c51b35f-55cb-4636-a00c-83d34bf2d9d4:192.168.157.195:34693, d21ee1f1-33f6-483c-a18b-27782ce1915a:192.168.157.195:46462], old=null
2019-10-23 22:21:50,508 [aed1b97f-105e-4684-b087-4b6333aa3ced@group-F043E0AED0ED-LeaderElection80] INFO  impl.RaftServerImpl (RaftServerImpl.java:setRole(184)) - aed1b97f-105e-4684-b087-4b6333aa3ced@group-F043E0AED0ED: changes role from CANDIDATE to FOLLOWER at term 87 for DISCOVERED_A_NEW_TERM
2019-10-23 22:21:50,508 [aed1b97f-105e-4684-b087-4b6333aa3ced@group-F043E0AED0ED-LeaderElection80] INFO  impl.RoleInfo (RoleInfo.java:shutdownLeaderElection(134)) - aed1b97f-105e-4684-b087-4b6333aa3ced: shutdown LeaderElection
2019-10-23 22:21:50,508 [aed1b97f-105e-4684-b087-4b6333aa3ced@group-F043E0AED0ED-LeaderElection80] INFO  impl.RoleInfo (RoleInfo.java:updateAndGet(143)) - aed1b97f-105e-4684-b087-4b6333aa3ced: start FollowerState
2019-10-23 22:21:50,709 [Thread-761] INFO  impl.FollowerState (FollowerState.java:run(108)) - aed1b97f-105e-4684-b087-4b6333aa3ced@group-F043E0AED0ED-FollowerState: change to CANDIDATE, lastRpcTime:200ms, electionTimeout:200ms
2019-10-23 22:21:50,709 [Thread-761] INFO  impl.RoleInfo (RoleInfo.java:shutdownFollowerState(121)) - aed1b97f-105e-4684-b087-4b6333aa3ced: shutdown FollowerState
2019-10-23 22:21:50,709 [Thread-761] INFO  impl.RaftServerImpl (RaftServerImpl.java:setRole(184)) - aed1b97f-105e-4684-b087-4b6333aa3ced@group-F043E0AED0ED: changes role from  FOLLOWER to CANDIDATE at term 87 for changeToCandidate
2019-10-23 22:21:50,710 [Thread-761] INFO  impl.RoleInfo (RoleInfo.java:updateAndGet(143)) - aed1b97f-105e-4684-b087-4b6333aa3ced: start LeaderElection
2019-10-23 22:21:50,734 [aed1b97f-105e-4684-b087-4b6333aa3ced@group-F043E0AED0ED-LeaderElection81] INFO  impl.LeaderElection (LeaderElection.java:askForVotes(178)) - aed1b97f-105e-4684-b087-4b6333aa3ced@group-F043E0AED0ED-LeaderElection81: begin an election at term 88 for -1: [aed1b97f-105e-4684-b087-4b6333aa3ced:192.168.157.195:34943, 1c51b35f-55cb-4636-a00c-83d34bf2d9d4:192.168.157.195:34693, d21ee1f1-33f6-483c-a18b-27782ce1915a:192.168.157.195:46462], old=null
2019-10-23 22:21:50,737 [grpc-default-executor-3] INFO  impl.RaftServerImpl (RaftServerImpl.java:setRole(184)) - d21ee1f1-33f6-483c-a18b-27782ce1915a@group-F043E0AED0ED: changes role from  FOLLOWER to FOLLOWER at term 88 for recognizeCandidate:aed1b97f-105e-4684-b087-4b6333aa3ced
2019-10-23 22:21:50,738 [grpc-default-executor-3] INFO  impl.RoleInfo (RoleInfo.java:shutdownFollowerState(121)) - d21ee1f1-33f6-483c-a18b-27782ce1915a: shutdown FollowerState
2019-10-23 22:21:50,737 [grpc-default-executor-4] INFO  impl.RaftServerImpl (RaftServerImpl.java:setRole(184)) - 1c51b35f-55cb-4636-a00c-83d34bf2d9d4@group-F043E0AED0ED: changes role from  FOLLOWER to FOLLOWER at term 88 for recognizeCandidate:aed1b97f-105e-4684-b087-4b6333aa3ced
2019-10-23 22:21:50,738 [Thread-760] INFO  impl.FollowerState (FollowerState.java:run(117)) - d21ee1f1-33f6-483c-a18b-27782ce1915a@group-F043E0AED0ED-FollowerState was interrupted: java.lang.InterruptedException: sleep interrupted
2019-10-23 22:21:50,738 [grpc-default-executor-3] INFO  impl.RoleInfo (RoleInfo.java:updateAndGet(143)) - d21ee1f1-33f6-483c-a18b-27782ce1915a: start FollowerState
2019-10-23 22:21:50,738 [grpc-default-executor-4] INFO  impl.RoleInfo (RoleInfo.java:shutdownFollowerState(121)) - 1c51b35f-55cb-4636-a00c-83d34bf2d9d4: shutdown FollowerState
2019-10-23 22:21:50,739 [grpc-default-executor-4] INFO  impl.RoleInfo (RoleInfo.java:updateAndGet(143)) - 1c51b35f-55cb-4636-a00c-83d34bf2d9d4: start FollowerState
2019-10-23 22:21:50,739 [Thread-759] INFO  impl.FollowerState (FollowerState.java:run(117)) - 1c51b35f-55cb-4636-a00c-83d34bf2d9d4@group-F043E0AED0ED-FollowerState was interrupted: java.lang.InterruptedException: sleep interrupted
2019-10-23 22:21:50,766 [aed1b97f-105e-4684-b087-4b6333aa3ced@group-F043E0AED0ED-LeaderElection81] INFO  impl.LeaderElection (LeaderElection.java:logAndReturn(56)) - aed1b97f-105e-4684-b087-4b6333aa3ced@group-F043E0AED0ED-LeaderElection81: Election REJECTED; received 2 response(s) [aed1b97f-105e-4684-b087-4b6333aa3ced<-1c51b35f-55cb-4636-a00c-83d34bf2d9d4#0:FAIL-t88, aed1b97f-105e-4684-b087-4b6333aa3ced<-d21ee1f1-33f6-483c-a18b-27782ce1915a#0:FAIL-t88] and 0 exception(s); aed1b97f-105e-4684-b087-4b6333aa3ced@group-F043E0AED0ED:t88, leader=null, voted=aed1b97f-105e-4684-b087-4b6333aa3ced, raftlog=aed1b97f-105e-4684-b087-4b6333aa3ced@group-F043E0AED0ED-SegmentedRaftLog:OPENED:c-1,f-1,i0, conf=-1: [aed1b97f-105e-4684-b087-4b6333aa3ced:192.168.157.195:34943, 1c51b35f-55cb-4636-a00c-83d34bf2d9d4:192.168.157.195:34693, d21ee1f1-33f6-483c-a18b-27782ce1915a:192.168.157.195:46462], old=null
2019-10-23 22:21:50,766 [aed1b97f-105e-4684-b087-4b6333aa3ced@group-F043E0AED0ED-LeaderElection81] INFO  impl.RaftServerImpl (RaftServerImpl.java:setRole(184)) - aed1b97f-105e-4684-b087-4b6333aa3ced@group-F043E0AED0ED: changes role from CANDIDATE to FOLLOWER at term 88 for DISCOVERED_A_NEW_TERM
2019-10-23 22:21:50,766 [aed1b97f-105e-4684-b087-4b6333aa3ced@group-F043E0AED0ED-LeaderElection81] INFO  impl.RoleInfo (RoleInfo.java:shutdownLeaderElection(134)) - aed1b97f-105e-4684-b087-4b6333aa3ced: shutdown LeaderElection
2019-10-23 22:21:50,766 [aed1b97f-105e-4684-b087-4b6333aa3ced@group-F043E0AED0ED-LeaderElection81] INFO  impl.RoleInfo (RoleInfo.java:updateAndGet(143)) - aed1b97f-105e-4684-b087-4b6333aa3ced: start FollowerState
2019-10-23 22:21:50,831 [Thread-767] INFO  impl.FollowerState (FollowerState.java:run(108)) - aed1b97f-105e-4684-b087-4b6333aa3ced@group-F043E0AED0ED-FollowerState: change to CANDIDATE, lastRpcTime:64ms, electionTimeout:64ms
2019-10-23 22:21:50,831 [Thread-767] INFO  impl.RoleInfo (RoleInfo.java:shutdownFollowerState(121)) - aed1b97f-105e-4684-b087-4b6333aa3ced: shutdown FollowerState
2019-10-23 22:21:50,831 [Thread-767] INFO  impl.RaftServerImpl (RaftServerImpl.java:setRole(184)) - aed1b97f-105e-4684-b087-4b6333aa3ced@group-F043E0AED0ED: changes role from  FOLLOWER to CANDIDATE at term 88 for changeToCandidate
2019-10-23 22:21:50,831 [Thread-767] INFO  impl.RoleInfo (RoleInfo.java:updateAndGet(143)) - aed1b97f-105e-4684-b087-4b6333aa3ced: start LeaderElection
2019-10-23 22:21:50,857 [aed1b97f-105e-4684-b087-4b6333aa3ced@group-F043E0AED0ED-LeaderElection82] INFO  impl.LeaderElection (LeaderElection.java:askForVotes(178)) - aed1b97f-105e-4684-b087-4b6333aa3ced@group-F043E0AED0ED-LeaderElection82: begin an election at term 89 for -1: [aed1b97f-105e-4684-b087-4b6333aa3ced:192.168.157.195:34943, 1c51b35f-55cb-4636-a00c-83d34bf2d9d4:192.168.157.195:34693, d21ee1f1-33f6-483c-a18b-27782ce1915a:192.168.157.195:46462], old=null
2019-10-23 22:21:50,860 [grpc-default-executor-3] INFO  impl.RaftServerImpl (RaftServerImpl.java:setRole(184)) - 1c51b35f-55cb-4636-a00c-83d34bf2d9d4@group-F043E0AED0ED: changes role from  FOLLOWER to FOLLOWER at term 89 for recognizeCandidate:aed1b97f-105e-4684-b087-4b6333aa3ced
2019-10-23 22:21:50,860 [grpc-default-executor-4] INFO  impl.RaftServerImpl (RaftServerImpl.java:setRole(184)) - d21ee1f1-33f6-483c-a18b-27782ce1915a@group-F043E0AED0ED: changes role from  FOLLOWER to FOLLOWER at term 89 for recognizeCandidate:aed1b97f-105e-4684-b087-4b6333aa3ced
2019-10-23 22:21:50,860 [grpc-default-executor-3] INFO  impl.RoleInfo (RoleInfo.java:shutdownFollowerState(121)) - 1c51b35f-55cb-4636-a00c-83d34bf2d9d4: shutdown FollowerState
2019-10-23 22:21:50,860 [grpc-default-executor-4] INFO  impl.RoleInfo (RoleInfo.java:shutdownFollowerState(121)) - d21ee1f1-33f6-483c-a18b-27782ce1915a: shutdown FollowerState
2019-10-23 22:21:50,860 [Thread-766] INFO  impl.FollowerState (FollowerState.java:run(117)) - 1c51b35f-55cb-4636-a00c-83d34bf2d9d4@group-F043E0AED0ED-FollowerState was interrupted: java.lang.InterruptedException: sleep interrupted
2019-10-23 22:21:50,860 [grpc-default-executor-3] INFO  impl.RoleInfo (RoleInfo.java:updateAndGet(143)) - 1c51b35f-55cb-4636-a00c-83d34bf2d9d4: start FollowerState
2019-10-23 22:21:50,860 [Thread-765] INFO  impl.FollowerState (FollowerState.java:run(117)) - d21ee1f1-33f6-483c-a18b-27782ce1915a@group-F043E0AED0ED-FollowerState was interrupted: java.lang.InterruptedException: sleep interrupted
2019-10-23 22:21:50,860 [grpc-default-executor-4] INFO  impl.RoleInfo (RoleInfo.java:updateAndGet(143)) - d21ee1f1-33f6-483c-a18b-27782ce1915a: start FollowerState
2019-10-23 22:21:50,875 [aed1b97f-105e-4684-b087-4b6333aa3ced@group-F043E0AED0ED-LeaderElection82] INFO  impl.LeaderElection (LeaderElection.java:logAndReturn(56)) - aed1b97f-105e-4684-b087-4b6333aa3ced@group-F043E0AED0ED-LeaderElection82: Election REJECTED; received 2 response(s) [aed1b97f-105e-4684-b087-4b6333aa3ced<-1c51b35f-55cb-4636-a00c-83d34bf2d9d4#0:FAIL-t89, aed1b97f-105e-4684-b087-4b6333aa3ced<-d21ee1f1-33f6-483c-a18b-27782ce1915a#0:FAIL-t89] and 0 exception(s); aed1b97f-105e-4684-b087-4b6333aa3ced@group-F043E0AED0ED:t89, leader=null, voted=aed1b97f-105e-4684-b087-4b6333aa3ced, raftlog=aed1b97f-105e-4684-b087-4b6333aa3ced@group-F043E0AED0ED-SegmentedRaftLog:OPENED:c-1,f-1,i0, conf=-1: [aed1b97f-105e-4684-b087-4b6333aa3ced:192.168.157.195:34943, 1c51b35f-55cb-4636-a00c-83d34bf2d9d4:192.168.157.195:34693, d21ee1f1-33f6-483c-a18b-27782ce1915a:192.168.157.195:46462], old=null
2019-10-23 22:21:50,875 [aed1b97f-105e-4684-b087-4b6333aa3ced@group-F043E0AED0ED-LeaderElection82] INFO  impl.RaftServerImpl (RaftServerImpl.java:setRole(184)) - aed1b97f-105e-4684-b087-4b6333aa3ced@group-F043E0AED0ED: changes role from CANDIDATE to FOLLOWER at term 89 for DISCOVERED_A_NEW_TERM
2019-10-23 22:21:50,875 [aed1b97f-105e-4684-b087-4b6333aa3ced@group-F043E0AED0ED-LeaderElection82] INFO  impl.RoleInfo (RoleInfo.java:shutdownLeaderElection(134)) - aed1b97f-105e-4684-b087-4b6333aa3ced: shutdown LeaderElection
2019-10-23 22:21:50,876 [aed1b97f-105e-4684-b087-4b6333aa3ced@group-F043E0AED0ED-LeaderElection82] INFO  impl.RoleInfo (RoleInfo.java:updateAndGet(143)) - aed1b97f-105e-4684-b087-4b6333aa3ced: start FollowerState
2019-10-23 22:21:51,053 [Thread-775] INFO  impl.FollowerState (FollowerState.java:run(108)) - aed1b97f-105e-4684-b087-4b6333aa3ced@group-F043E0AED0ED-FollowerState: change to CANDIDATE, lastRpcTime:177ms, electionTimeout:177ms
2019-10-23 22:21:51,054 [Thread-775] INFO  impl.RoleInfo (RoleInfo.java:shutdownFollowerState(121)) - aed1b97f-105e-4684-b087-4b6333aa3ced: shutdown FollowerState
2019-10-23 22:21:51,054 [Thread-775] INFO  impl.RaftServerImpl (RaftServerImpl.java:setRole(184)) - aed1b97f-105e-4684-b087-4b6333aa3ced@group-F043E0AED0ED: changes role from  FOLLOWER to CANDIDATE at term 89 for changeToCandidate
2019-10-23 22:21:51,054 [Thread-775] INFO  impl.RoleInfo (RoleInfo.java:updateAndGet(143)) - aed1b97f-105e-4684-b087-4b6333aa3ced: start LeaderElection
2019-10-23 22:21:51,069 [aed1b97f-105e-4684-b087-4b6333aa3ced@group-F043E0AED0ED-LeaderElection83] INFO  impl.LeaderElection (LeaderElection.java:askForVotes(178)) - aed1b97f-105e-4684-b087-4b6333aa3ced@group-F043E0AED0ED-LeaderElection83: begin an election at term 90 for -1: [aed1b97f-105e-4684-b087-4b6333aa3ced:192.168.157.195:34943, 1c51b35f-55cb-4636-a00c-83d34bf2d9d4:192.168.157.195:34693, d21ee1f1-33f6-483c-a18b-27782ce1915a:192.168.157.195:46462], old=null
2019-10-23 22:21:51,073 [grpc-default-executor-3] INFO  impl.RaftServerImpl (RaftServerImpl.java:setRole(184)) - d21ee1f1-33f6-483c-a18b-27782ce1915a@group-F043E0AED0ED: changes role from  FOLLOWER to FOLLOWER at term 90 for recognizeCandidate:aed1b97f-105e-4684-b087-4b6333aa3ced
2019-10-23 22:21:51,073 [grpc-default-executor-3] INFO  impl.RoleInfo (RoleInfo.java:shutdownFollowerState(121)) - d21ee1f1-33f6-483c-a18b-27782ce1915a: shutdown FollowerState
2019-10-23 22:21:51,073 [grpc-default-executor-4] INFO  impl.RaftServerImpl (RaftServerImpl.java:setRole(184)) - 1c51b35f-55cb-4636-a00c-83d34bf2d9d4@group-F043E0AED0ED: changes role from  FOLLOWER to FOLLOWER at term 90 for recognizeCandidate:aed1b97f-105e-4684-b087-4b6333aa3ced
2019-10-23 22:21:51,074 [Thread-774] INFO  impl.FollowerState (FollowerState.java:run(117)) - d21ee1f1-33f6-483c-a18b-27782ce1915a@group-F043E0AED0ED-FollowerState was interrupted: java.lang.InterruptedException: sleep interrupted
2019-10-23 22:21:51,073 [grpc-default-executor-3] INFO  impl.RoleInfo (RoleInfo.java:updateAndGet(143)) - d21ee1f1-33f6-483c-a18b-27782ce1915a: start FollowerState
2019-10-23 22:21:51,074 [grpc-default-executor-4] INFO  impl.RoleInfo (RoleInfo.java:shutdownFollowerState(121)) - 1c51b35f-55cb-4636-a00c-83d34bf2d9d4: shutdown FollowerState
2019-10-23 22:21:51,074 [grpc-default-executor-4] INFO  impl.RoleInfo (RoleInfo.java:updateAndGet(143)) - 1c51b35f-55cb-4636-a00c-83d34bf2d9d4: start FollowerState
2019-10-23 22:21:51,074 [Thread-773] INFO  impl.FollowerState (FollowerState.java:run(117)) - 1c51b35f-55cb-4636-a00c-83d34bf2d9d4@group-F043E0AED0ED-FollowerState was interrupted: java.lang.InterruptedException: sleep interrupted
2019-10-23 22:21:51,081 [aed1b97f-105e-4684-b087-4b6333aa3ced@group-F043E0AED0ED-LeaderElection83] INFO  impl.LeaderElection (LeaderElection.java:logAndReturn(56)) - aed1b97f-105e-4684-b087-4b6333aa3ced@group-F043E0AED0ED-LeaderElection83: Election TIMEOUT; received 0 response(s) [] and 0 exception(s); aed1b97f-105e-4684-b087-4b6333aa3ced@group-F043E0AED0ED:t90, leader=null, voted=aed1b97f-105e-4684-b087-4b6333aa3ced, raftlog=aed1b97f-105e-4684-b087-4b6333aa3ced@group-F043E0AED0ED-SegmentedRaftLog:OPENED:c-1,f-1,i0, conf=-1: [aed1b97f-105e-4684-b087-4b6333aa3ced:192.168.157.195:34943, 1c51b35f-55cb-4636-a00c-83d34bf2d9d4:192.168.157.195:34693, d21ee1f1-33f6-483c-a18b-27782ce1915a:192.168.157.195:46462], old=null
2019-10-23 22:21:51,099 [aed1b97f-105e-4684-b087-4b6333aa3ced@group-F043E0AED0ED-LeaderElection83] INFO  impl.LeaderElection (LeaderElection.java:askForVotes(178)) - aed1b97f-105e-4684-b087-4b6333aa3ced@group-F043E0AED0ED-LeaderElection83: begin an election at term 91 for -1: [aed1b97f-105e-4684-b087-4b6333aa3ced:192.168.157.195:34943, 1c51b35f-55cb-4636-a00c-83d34bf2d9d4:192.168.157.195:34693, d21ee1f1-33f6-483c-a18b-27782ce1915a:192.168.157.195:46462], old=null
2019-10-23 22:21:51,102 [grpc-default-executor-4] INFO  impl.RaftServerImpl (RaftServerImpl.java:setRole(184)) - 1c51b35f-55cb-4636-a00c-83d34bf2d9d4@group-F043E0AED0ED: changes role from  FOLLOWER to FOLLOWER at term 91 for recognizeCandidate:aed1b97f-105e-4684-b087-4b6333aa3ced
2019-10-23 22:21:51,102 [grpc-default-executor-3] INFO  impl.RaftServerImpl (RaftServerImpl.java:setRole(184)) - d21ee1f1-33f6-483c-a18b-27782ce1915a@group-F043E0AED0ED: changes role from  FOLLOWER to FOLLOWER at term 91 for recognizeCandidate:aed1b97f-105e-4684-b087-4b6333aa3ced
2019-10-23 22:21:51,103 [grpc-default-executor-4] INFO  impl.RoleInfo (RoleInfo.java:shutdownFollowerState(121)) - 1c51b35f-55cb-4636-a00c-83d34bf2d9d4: shutdown FollowerState
2019-10-23 22:21:51,103 [grpc-default-executor-3] INFO  impl.RoleInfo (RoleInfo.java:shutdownFollowerState(121)) - d21ee1f1-33f6-483c-a18b-27782ce1915a: shutdown FollowerState
2019-10-23 22:21:51,103 [Thread-780] INFO  impl.FollowerState (FollowerState.java:run(117)) - 1c51b35f-55cb-4636-a00c-83d34bf2d9d4@group-F043E0AED0ED-FollowerState was interrupted: java.lang.InterruptedException: sleep interrupted
2019-10-23 22:21:51,103 [Thread-779] INFO  impl.FollowerState (FollowerState.java:run(117)) - d21ee1f1-33f6-483c-a18b-27782ce1915a@group-F043E0AED0ED-FollowerState was interrupted: java.lang.InterruptedException: sleep interrupted
2019-10-23 22:21:51,103 [grpc-default-executor-4] INFO  impl.RoleInfo (RoleInfo.java:updateAndGet(143)) - 1c51b35f-55cb-4636-a00c-83d34bf2d9d4: start FollowerState
2019-10-23 22:21:51,103 [grpc-default-executor-3] INFO  impl.RoleInfo (RoleInfo.java:updateAndGet(143)) - d21ee1f1-33f6-483c-a18b-27782ce1915a: start FollowerState
2019-10-23 22:21:51,130 [aed1b97f-105e-4684-b087-4b6333aa3ced@group-F043E0AED0ED-LeaderElection83] INFO  impl.LeaderElection (LeaderElection.java:logAndReturn(56)) - aed1b97f-105e-4684-b087-4b6333aa3ced@group-F043E0AED0ED-LeaderElection83: Election REJECTED; received 2 response(s) [aed1b97f-105e-4684-b087-4b6333aa3ced<-1c51b35f-55cb-4636-a00c-83d34bf2d9d4#0:FAIL-t91, aed1b97f-105e-4684-b087-4b6333aa3ced<-d21ee1f1-33f6-483c-a18b-27782ce1915a#0:FAIL-t91] and 0 exception(s); aed1b97f-105e-4684-b087-4b6333aa3ced@group-F043E0AED0ED:t91, leader=null, voted=aed1b97f-105e-4684-b087-4b6333aa3ced, raftlog=aed1b97f-105e-4684-b087-4b6333aa3ced@group-F043E0AED0ED-SegmentedRaftLog:OPENED:c-1,f-1,i0, conf=-1: [aed1b97f-105e-4684-b087-4b6333aa3ced:192.168.157.195:34943, 1c51b35f-55cb-4636-a00c-83d34bf2d9d4:192.168.157.195:34693, d21ee1f1-33f6-483c-a18b-27782ce1915a:192.168.157.195:46462], old=null
2019-10-23 22:21:51,130 [aed1b97f-105e-4684-b087-4b6333aa3ced@group-F043E0AED0ED-LeaderElection83] INFO  impl.RaftServerImpl (RaftServerImpl.java:setRole(184)) - aed1b97f-105e-4684-b087-4b6333aa3ced@group-F043E0AED0ED: changes role from CANDIDATE to FOLLOWER at term 91 for DISCOVERED_A_NEW_TERM
2019-10-23 22:21:51,130 [aed1b97f-105e-4684-b087-4b6333aa3ced@group-F043E0AED0ED-LeaderElection83] INFO  impl.RoleInfo (RoleInfo.java:shutdownLeaderElection(134)) - aed1b97f-105e-4684-b087-4b6333aa3ced: shutdown LeaderElection
2019-10-23 22:21:51,131 [aed1b97f-105e-4684-b087-4b6333aa3ced@group-F043E0AED0ED-LeaderElection83] INFO  impl.RoleInfo (RoleInfo.java:updateAndGet(143)) - aed1b97f-105e-4684-b087-4b6333aa3ced: start FollowerState
2019-10-23 22:21:51,141 [Thread-785] INFO  impl.FollowerState (FollowerState.java:run(108)) - aed1b97f-105e-4684-b087-4b6333aa3ced@group-F043E0AED0ED-FollowerState: change to CANDIDATE, lastRpcTime:10ms, electionTimeout:10ms
2019-10-23 22:21:51,141 [Thread-785] INFO  impl.RoleInfo (RoleInfo.java:shutdownFollowerState(121)) - aed1b97f-105e-4684-b087-4b6333aa3ced: shutdown FollowerState
2019-10-23 22:21:51,141 [Thread-785] INFO  impl.RaftServerImpl (RaftServerImpl.java:setRole(184)) - aed1b97f-105e-4684-b087-4b6333aa3ced@group-F043E0AED0ED: changes role from  FOLLOWER to CANDIDATE at term 91 for changeToCandidate
2019-10-23 22:21:51,142 [Thread-785] INFO  impl.RoleInfo (RoleInfo.java:updateAndGet(143)) - aed1b97f-105e-4684-b087-4b6333aa3ced: start LeaderElection
2019-10-23 22:21:51,155 [aed1b97f-105e-4684-b087-4b6333aa3ced@group-F043E0AED0ED-LeaderElection84] INFO  impl.LeaderElection (LeaderElection.java:askForVotes(178)) - aed1b97f-105e-4684-b087-4b6333aa3ced@group-F043E0AED0ED-LeaderElection84: begin an election at term 92 for -1: [aed1b97f-105e-4684-b087-4b6333aa3ced:192.168.157.195:34943, 1c51b35f-55cb-4636-a00c-83d34bf2d9d4:192.168.157.195:34693, d21ee1f1-33f6-483c-a18b-27782ce1915a:192.168.157.195:46462], old=null
2019-10-23 22:21:51,158 [grpc-default-executor-4] INFO  impl.RaftServerImpl (RaftServerImpl.java:setRole(184)) - 1c51b35f-55cb-4636-a00c-83d34bf2d9d4@group-F043E0AED0ED: changes role from  FOLLOWER to FOLLOWER at term 92 for recognizeCandidate:aed1b97f-105e-4684-b087-4b6333aa3ced
2019-10-23 22:21:51,158 [grpc-default-executor-3] INFO  impl.RaftServerImpl (RaftServerImpl.java:setRole(184)) - d21ee1f1-33f6-483c-a18b-27782ce1915a@group-F043E0AED0ED: changes role from  FOLLOWER to FOLLOWER at term 92 for recognizeCandidate:aed1b97f-105e-4684-b087-4b6333aa3ced
2019-10-23 22:21:51,158 [grpc-default-executor-4] INFO  impl.RoleInfo (RoleInfo.java:shutdownFollowerState(121)) - 1c51b35f-55cb-4636-a00c-83d34bf2d9d4: shutdown FollowerState
2019-10-23 22:21:51,159 [grpc-default-executor-3] INFO  impl.RoleInfo (RoleInfo.java:shutdownFollowerState(121)) - d21ee1f1-33f6-483c-a18b-27782ce1915a: shutdown FollowerState
2019-10-23 22:21:51,159 [Thread-783] INFO  impl.FollowerState (FollowerState.java:run(117)) - 1c51b35f-55cb-4636-a00c-83d34bf2d9d4@group-F043E0AED0ED-FollowerState was interrupted: java.lang.InterruptedException: sleep interrupted
2019-10-23 22:21:51,159 [Thread-784] INFO  impl.FollowerState (FollowerState.java:run(117)) - d21ee1f1-33f6-483c-a18b-27782ce1915a@group-F043E0AED0ED-FollowerState was interrupted: java.lang.InterruptedException: sleep interrupted
2019-10-23 22:21:51,159 [grpc-default-executor-4] INFO  impl.RoleInfo (RoleInfo.java:updateAndGet(143)) - 1c51b35f-55cb-4636-a00c-83d34bf2d9d4: start FollowerState
2019-10-23 22:21:51,159 [grpc-default-executor-3] INFO  impl.RoleInfo (RoleInfo.java:updateAndGet(143)) - d21ee1f1-33f6-483c-a18b-27782ce1915a: start FollowerState
2019-10-23 22:21:51,177 [aed1b97f-105e-4684-b087-4b6333aa3ced@group-F043E0AED0ED-LeaderElection84] INFO  impl.LeaderElection (LeaderElection.java:logAndReturn(56)) - aed1b97f-105e-4684-b087-4b6333aa3ced@group-F043E0AED0ED-LeaderElection84: Election REJECTED; received 2 response(s) [aed1b97f-105e-4684-b087-4b6333aa3ced<-1c51b35f-55cb-4636-a00c-83d34bf2d9d4#0:FAIL-t92, aed1b97f-105e-4684-b087-4b6333aa3ced<-d21ee1f1-33f6-483c-a18b-27782ce1915a#0:FAIL-t92] and 0 exception(s); aed1b97f-105e-4684-b087-4b6333aa3ced@group-F043E0AED0ED:t92, leader=null, voted=aed1b97f-105e-4684-b087-4b6333aa3ced, raftlog=aed1b97f-105e-4684-b087-4b6333aa3ced@group-F043E0AED0ED-SegmentedRaftLog:OPENED:c-1,f-1,i0, conf=-1: [aed1b97f-105e-4684-b087-4b6333aa3ced:192.168.157.195:34943, 1c51b35f-55cb-4636-a00c-83d34bf2d9d4:192.168.157.195:34693, d21ee1f1-33f6-483c-a18b-27782ce1915a:192.168.157.195:46462], old=null
2019-10-23 22:21:51,177 [aed1b97f-105e-4684-b087-4b6333aa3ced@group-F043E0AED0ED-LeaderElection84] INFO  impl.RaftServerImpl (RaftServerImpl.java:setRole(184)) - aed1b97f-105e-4684-b087-4b6333aa3ced@group-F043E0AED0ED: changes role from CANDIDATE to FOLLOWER at term 92 for DISCOVERED_A_NEW_TERM
2019-10-23 22:21:51,177 [aed1b97f-105e-4684-b087-4b6333aa3ced@group-F043E0AED0ED-LeaderElection84] INFO  impl.RoleInfo (RoleInfo.java:shutdownLeaderElection(134)) - aed1b97f-105e-4684-b087-4b6333aa3ced: shutdown LeaderElection
2019-10-23 22:21:51,177 [aed1b97f-105e-4684-b087-4b6333aa3ced@group-F043E0AED0ED-LeaderElection84] INFO  impl.RoleInfo (RoleInfo.java:updateAndGet(143)) - aed1b97f-105e-4684-b087-4b6333aa3ced: start FollowerState
2019-10-23 22:21:51,353 [Thread-791] INFO  impl.FollowerState (FollowerState.java:run(108)) - aed1b97f-105e-4684-b087-4b6333aa3ced@group-F043E0AED0ED-FollowerState: change to CANDIDATE, lastRpcTime:175ms, electionTimeout:175ms
2019-10-23 22:21:51,354 [Thread-791] INFO  impl.RoleInfo (RoleInfo.java:shutdownFollowerState(121)) - aed1b97f-105e-4684-b087-4b6333aa3ced: shutdown FollowerState
2019-10-23 22:21:51,355 [Thread-791] INFO  impl.RaftServerImpl (RaftServerImpl.java:setRole(184)) - aed1b97f-105e-4684-b087-4b6333aa3ced@group-F043E0AED0ED: changes role from  FOLLOWER to CANDIDATE at term 92 for changeToCandidate
2019-10-23 22:21:51,355 [Thread-791] INFO  impl.RoleInfo (RoleInfo.java:updateAndGet(143)) - aed1b97f-105e-4684-b087-4b6333aa3ced: start LeaderElection
2019-10-23 22:21:51,362 [aed1b97f-105e-4684-b087-4b6333aa3ced@group-F043E0AED0ED-LeaderElection85] INFO  impl.LeaderElection (LeaderElection.java:askForVotes(178)) - aed1b97f-105e-4684-b087-4b6333aa3ced@group-F043E0AED0ED-LeaderElection85: begin an election at term 93 for -1: [aed1b97f-105e-4684-b087-4b6333aa3ced:192.168.157.195:34943, 1c51b35f-55cb-4636-a00c-83d34bf2d9d4:192.168.157.195:34693, d21ee1f1-33f6-483c-a18b-27782ce1915a:192.168.157.195:46462], old=null
2019-10-23 22:21:51,369 [grpc-default-executor-3] INFO  impl.RaftServerImpl (RaftServerImpl.java:setRole(184)) - 1c51b35f-55cb-4636-a00c-83d34bf2d9d4@group-F043E0AED0ED: changes role from  FOLLOWER to FOLLOWER at term 93 for recognizeCandidate:aed1b97f-105e-4684-b087-4b6333aa3ced
2019-10-23 22:21:51,369 [grpc-default-executor-4] INFO  impl.RaftServerImpl (RaftServerImpl.java:setRole(184)) - d21ee1f1-33f6-483c-a18b-27782ce1915a@group-F043E0AED0ED: changes role from  FOLLOWER to FOLLOWER at term 93 for recognizeCandidate:aed1b97f-105e-4684-b087-4b6333aa3ced
2019-10-23 22:21:51,369 [grpc-default-executor-3] INFO  impl.RoleInfo (RoleInfo.java:shutdownFollowerState(121)) - 1c51b35f-55cb-4636-a00c-83d34bf2d9d4: shutdown FollowerState
2019-10-23 22:21:51,370 [grpc-default-executor-4] INFO  impl.RoleInfo (RoleInfo.java:shutdownFollowerState(121)) - d21ee1f1-33f6-483c-a18b-27782ce1915a: shutdown FollowerState
2019-10-23 22:21:51,370 [grpc-default-executor-3] INFO  impl.RoleInfo (RoleInfo.java:updateAndGet(143)) - 1c51b35f-55cb-4636-a00c-83d34bf2d9d4: start FollowerState
2019-10-23 22:21:51,370 [Thread-790] INFO  impl.FollowerState (FollowerState.java:run(117)) - d21ee1f1-33f6-483c-a18b-27782ce1915a@group-F043E0AED0ED-FollowerState was interrupted: java.lang.InterruptedException: sleep interrupted
2019-10-23 22:21:51,370 [Thread-789] INFO  impl.FollowerState (FollowerState.java:run(117)) - 1c51b35f-55cb-4636-a00c-83d34bf2d9d4@group-F043E0AED0ED-FollowerState was interrupted: java.lang.InterruptedException: sleep interrupted
2019-10-23 22:21:51,370 [grpc-default-executor-4] INFO  impl.RoleInfo (RoleInfo.java:updateAndGet(143)) - d21ee1f1-33f6-483c-a18b-27782ce1915a: start FollowerState
2019-10-23 22:21:51,397 [aed1b97f-105e-4684-b087-4b6333aa3ced@group-F043E0AED0ED-LeaderElection85] INFO  impl.LeaderElection (LeaderElection.java:logAndReturn(56)) - aed1b97f-105e-4684-b087-4b6333aa3ced@group-F043E0AED0ED-LeaderElection85: Election REJECTED; received 2 response(s) [aed1b97f-105e-4684-b087-4b6333aa3ced<-1c51b35f-55cb-4636-a00c-83d34bf2d9d4#0:FAIL-t93, aed1b97f-105e-4684-b087-4b6333aa3ced<-d21ee1f1-33f6-483c-a18b-27782ce1915a#0:FAIL-t93] and 0 exception(s); aed1b97f-105e-4684-b087-4b6333aa3ced@group-F043E0AED0ED:t93, leader=null, voted=aed1b97f-105e-4684-b087-4b6333aa3ced, raftlog=aed1b97f-105e-4684-b087-4b6333aa3ced@group-F043E0AED0ED-SegmentedRaftLog:OPENED:c-1,f-1,i0, conf=-1: [aed1b97f-105e-4684-b087-4b6333aa3ced:192.168.157.195:34943, 1c51b35f-55cb-4636-a00c-83d34bf2d9d4:192.168.157.195:34693, d21ee1f1-33f6-483c-a18b-27782ce1915a:192.168.157.195:46462], old=null
2019-10-23 22:21:51,398 [aed1b97f-105e-4684-b087-4b6333aa3ced@group-F043E0AED0ED-LeaderElection85] INFO  impl.RaftServerImpl (RaftServerImpl.java:setRole(184)) - aed1b97f-105e-4684-b087-4b6333aa3ced@group-F043E0AED0ED: changes role from CANDIDATE to FOLLOWER at term 93 for DISCOVERED_A_NEW_TERM
2019-10-23 22:21:51,398 [aed1b97f-105e-4684-b087-4b6333aa3ced@group-F043E0AED0ED-LeaderElection85] INFO  impl.RoleInfo (RoleInfo.java:shutdownLeaderElection(134)) - aed1b97f-105e-4684-b087-4b6333aa3ced: shutdown LeaderElection
2019-10-23 22:21:51,398 [aed1b97f-105e-4684-b087-4b6333aa3ced@group-F043E0AED0ED-LeaderElection85] INFO  impl.RoleInfo (RoleInfo.java:updateAndGet(143)) - aed1b97f-105e-4684-b087-4b6333aa3ced: start FollowerState
2019-10-23 22:21:51,504 [Thread-797] INFO  impl.FollowerState (FollowerState.java:run(108)) - aed1b97f-105e-4684-b087-4b6333aa3ced@group-F043E0AED0ED-FollowerState: change to CANDIDATE, lastRpcTime:106ms, electionTimeout:106ms
2019-10-23 22:21:51,505 [Thread-797] INFO  impl.RoleInfo (RoleInfo.java:shutdownFollowerState(121)) - aed1b97f-105e-4684-b087-4b6333aa3ced: shutdown FollowerState
2019-10-23 22:21:51,505 [Thread-797] INFO  impl.RaftServerImpl (RaftServerImpl.java:setRole(184)) - aed1b97f-105e-4684-b087-4b6333aa3ced@group-F043E0AED0ED: changes role from  FOLLOWER to CANDIDATE at term 93 for changeToCandidate
2019-10-23 22:21:51,505 [Thread-797] INFO  impl.RoleInfo (RoleInfo.java:updateAndGet(143)) - aed1b97f-105e-4684-b087-4b6333aa3ced: start LeaderElection
2019-10-23 22:21:51,527 [aed1b97f-105e-4684-b087-4b6333aa3ced@group-F043E0AED0ED-LeaderElection86] INFO  impl.LeaderElection (LeaderElection.java:askForVotes(178)) - aed1b97f-105e-4684-b087-4b6333aa3ced@group-F043E0AED0ED-LeaderElection86: begin an election at term 94 for -1: [aed1b97f-105e-4684-b087-4b6333aa3ced:192.168.157.195:34943, 1c51b35f-55cb-4636-a00c-83d34bf2d9d4:192.168.157.195:34693, d21ee1f1-33f6-483c-a18b-27782ce1915a:192.168.157.195:46462], old=null
2019-10-23 22:21:51,530 [grpc-default-executor-3] INFO  impl.RaftServerImpl (RaftServerImpl.java:setRole(184)) - 1c51b35f-55cb-4636-a00c-83d34bf2d9d4@group-F043E0AED0ED: changes role from  FOLLOWER to FOLLOWER at term 94 for recognizeCandidate:aed1b97f-105e-4684-b087-4b6333aa3ced
2019-10-23 22:21:51,530 [grpc-default-executor-3] INFO  impl.RoleInfo (RoleInfo.java:shutdownFollowerState(121)) - 1c51b35f-55cb-4636-a00c-83d34bf2d9d4: shutdown FollowerState
2019-10-23 22:21:51,530 [grpc-default-executor-4] INFO  impl.RaftServerImpl (RaftServerImpl.java:setRole(184)) - d21ee1f1-33f6-483c-a18b-27782ce1915a@group-F043E0AED0ED: changes role from  FOLLOWER to FOLLOWER at term 94 for recognizeCandidate:aed1b97f-105e-4684-b087-4b6333aa3ced
2019-10-23 22:21:51,530 [Thread-795] INFO  impl.FollowerState (FollowerState.java:run(117)) - 1c51b35f-55cb-4636-a00c-83d34bf2d9d4@group-F043E0AED0ED-FollowerState was interrupted: java.lang.InterruptedException: sleep interrupted
2019-10-23 22:21:51,530 [grpc-default-executor-3] INFO  impl.RoleInfo (RoleInfo.java:updateAndGet(143)) - 1c51b35f-55cb-4636-a00c-83d34bf2d9d4: start FollowerState
2019-10-23 22:21:51,530 [grpc-default-executor-4] INFO  impl.RoleInfo (RoleInfo.java:shutdownFollowerState(121)) - d21ee1f1-33f6-483c-a18b-27782ce1915a: shutdown FollowerState
2019-10-23 22:21:51,531 [grpc-default-executor-4] INFO  impl.RoleInfo (RoleInfo.java:updateAndGet(143)) - d21ee1f1-33f6-483c-a18b-27782ce1915a: start FollowerState
2019-10-23 22:21:51,531 [Thread-796] INFO  impl.FollowerState (FollowerState.java:run(117)) - d21ee1f1-33f6-483c-a18b-27782ce1915a@group-F043E0AED0ED-FollowerState was interrupted: java.lang.InterruptedException: sleep interrupted
2019-10-23 22:21:51,557 [aed1b97f-105e-4684-b087-4b6333aa3ced@group-F043E0AED0ED-LeaderElection86] INFO  impl.LeaderElection (LeaderElection.java:logAndReturn(56)) - aed1b97f-105e-4684-b087-4b6333aa3ced@group-F043E0AED0ED-LeaderElection86: Election REJECTED; received 2 response(s) [aed1b97f-105e-4684-b087-4b6333aa3ced<-1c51b35f-55cb-4636-a00c-83d34bf2d9d4#0:FAIL-t94, aed1b97f-105e-4684-b087-4b6333aa3ced<-d21ee1f1-33f6-483c-a18b-27782ce1915a#0:FAIL-t94] and 0 exception(s); aed1b97f-105e-4684-b087-4b6333aa3ced@group-F043E0AED0ED:t94, leader=null, voted=aed1b97f-105e-4684-b087-4b6333aa3ced, raftlog=aed1b97f-105e-4684-b087-4b6333aa3ced@group-F043E0AED0ED-SegmentedRaftLog:OPENED:c-1,f-1,i0, conf=-1: [aed1b97f-105e-4684-b087-4b6333aa3ced:192.168.157.195:34943, 1c51b35f-55cb-4636-a00c-83d34bf2d9d4:192.168.157.195:34693, d21ee1f1-33f6-483c-a18b-27782ce1915a:192.168.157.195:46462], old=null
2019-10-23 22:21:51,557 [aed1b97f-105e-4684-b087-4b6333aa3ced@group-F043E0AED0ED-LeaderElection86] INFO  impl.RaftServerImpl (RaftServerImpl.java:setRole(184)) - aed1b97f-105e-4684-b087-4b6333aa3ced@group-F043E0AED0ED: changes role from CANDIDATE to FOLLOWER at term 94 for DISCOVERED_A_NEW_TERM
2019-10-23 22:21:51,558 [aed1b97f-105e-4684-b087-4b6333aa3ced@group-F043E0AED0ED-LeaderElection86] INFO  impl.RoleInfo (RoleInfo.java:shutdownLeaderElection(134)) - aed1b97f-105e-4684-b087-4b6333aa3ced: shutdown LeaderElection
2019-10-23 22:21:51,558 [aed1b97f-105e-4684-b087-4b6333aa3ced@group-F043E0AED0ED-LeaderElection86] INFO  impl.RoleInfo (RoleInfo.java:updateAndGet(143)) - aed1b97f-105e-4684-b087-4b6333aa3ced: start FollowerState
2019-10-23 22:21:51,731 [Thread-803] INFO  impl.FollowerState (FollowerState.java:run(108)) - aed1b97f-105e-4684-b087-4b6333aa3ced@group-F043E0AED0ED-FollowerState: change to CANDIDATE, lastRpcTime:173ms, electionTimeout:173ms
2019-10-23 22:21:51,731 [Thread-803] INFO  impl.RoleInfo (RoleInfo.java:shutdownFollowerState(121)) - aed1b97f-105e-4684-b087-4b6333aa3ced: shutdown FollowerState
2019-10-23 22:21:51,732 [Thread-803] INFO  impl.RaftServerImpl (RaftServerImpl.java:setRole(184)) - aed1b97f-105e-4684-b087-4b6333aa3ced@group-F043E0AED0ED: changes role from  FOLLOWER to CANDIDATE at term 94 for changeToCandidate
2019-10-23 22:21:51,732 [Thread-803] INFO  impl.RoleInfo (RoleInfo.java:updateAndGet(143)) - aed1b97f-105e-4684-b087-4b6333aa3ced: start LeaderElection
2019-10-23 22:21:51,758 [aed1b97f-105e-4684-b087-4b6333aa3ced@group-F043E0AED0ED-LeaderElection87] INFO  impl.LeaderElection (LeaderElection.java:askForVotes(178)) - aed1b97f-105e-4684-b087-4b6333aa3ced@group-F043E0AED0ED-LeaderElection87: begin an election at term 95 for -1: [aed1b97f-105e-4684-b087-4b6333aa3ced:192.168.157.195:34943, 1c51b35f-55cb-4636-a00c-83d34bf2d9d4:192.168.157.195:34693, d21ee1f1-33f6-483c-a18b-27782ce1915a:192.168.157.195:46462], old=null
2019-10-23 22:21:51,761 [grpc-default-executor-3] INFO  impl.RaftServerImpl (RaftServerImpl.java:setRole(184)) - 1c51b35f-55cb-4636-a00c-83d34bf2d9d4@group-F043E0AED0ED: changes role from  FOLLOWER to FOLLOWER at term 95 for recognizeCandidate:aed1b97f-105e-4684-b087-4b6333aa3ced
2019-10-23 22:21:51,761 [grpc-default-executor-3] INFO  impl.RoleInfo (RoleInfo.java:shutdownFollowerState(121)) - 1c51b35f-55cb-4636-a00c-83d34bf2d9d4: shutdown FollowerState
2019-10-23 22:21:51,761 [grpc-default-executor-4] INFO  impl.RaftServerImpl (RaftServerImpl.java:setRole(184)) - d21ee1f1-33f6-483c-a18b-27782ce1915a@group-F043E0AED0ED: changes role from  FOLLOWER to FOLLOWER at term 95 for recognizeCandidate:aed1b97f-105e-4684-b087-4b6333aa3ced
2019-10-23 22:21:51,761 [Thread-801] INFO  impl.FollowerState (FollowerState.java:run(117)) - 1c51b35f-55cb-4636-a00c-83d34bf2d9d4@group-F043E0AED0ED-FollowerState was interrupted: java.lang.InterruptedException: sleep interrupted
2019-10-23 22:21:51,761 [grpc-default-executor-3] INFO  impl.RoleInfo (RoleInfo.java:updateAndGet(143)) - 1c51b35f-55cb-4636-a00c-83d34bf2d9d4: start FollowerState
2019-10-23 22:21:51,761 [grpc-default-executor-4] INFO  impl.RoleInfo (RoleInfo.java:shutdownFollowerState(121)) - d21ee1f1-33f6-483c-a18b-27782ce1915a: shutdown FollowerState
2019-10-23 22:21:51,762 [grpc-default-executor-4] INFO  impl.RoleInfo (RoleInfo.java:updateAndGet(143)) - d21ee1f1-33f6-483c-a18b-27782ce1915a: start FollowerState
2019-10-23 22:21:51,762 [Thread-802] INFO  impl.FollowerState (FollowerState.java:run(117)) - d21ee1f1-33f6-483c-a18b-27782ce1915a@group-F043E0AED0ED-FollowerState was interrupted: java.lang.InterruptedException: sleep interrupted
2019-10-23 22:21:51,779 [aed1b97f-105e-4684-b087-4b6333aa3ced@group-F043E0AED0ED-LeaderElection87] INFO  impl.LeaderElection (LeaderElection.java:logAndReturn(56)) - aed1b97f-105e-4684-b087-4b6333aa3ced@group-F043E0AED0ED-LeaderElection87: Election REJECTED; received 2 response(s) [aed1b97f-105e-4684-b087-4b6333aa3ced<-1c51b35f-55cb-4636-a00c-83d34bf2d9d4#0:FAIL-t95, aed1b97f-105e-4684-b087-4b6333aa3ced<-d21ee1f1-33f6-483c-a18b-27782ce1915a#0:FAIL-t95] and 0 exception(s); aed1b97f-105e-4684-b087-4b6333aa3ced@group-F043E0AED0ED:t95, leader=null, voted=aed1b97f-105e-4684-b087-4b6333aa3ced, raftlog=aed1b97f-105e-4684-b087-4b6333aa3ced@group-F043E0AED0ED-SegmentedRaftLog:OPENED:c-1,f-1,i0, conf=-1: [aed1b97f-105e-4684-b087-4b6333aa3ced:192.168.157.195:34943, 1c51b35f-55cb-4636-a00c-83d34bf2d9d4:192.168.157.195:34693, d21ee1f1-33f6-483c-a18b-27782ce1915a:192.168.157.195:46462], old=null
2019-10-23 22:21:51,779 [aed1b97f-105e-4684-b087-4b6333aa3ced@group-F043E0AED0ED-LeaderElection87] INFO  impl.RaftServerImpl (RaftServerImpl.java:setRole(184)) - aed1b97f-105e-4684-b087-4b6333aa3ced@group-F043E0AED0ED: changes role from CANDIDATE to FOLLOWER at term 95 for DISCOVERED_A_NEW_TERM
2019-10-23 22:21:51,779 [aed1b97f-105e-4684-b087-4b6333aa3ced@group-F043E0AED0ED-LeaderElection87] INFO  impl.RoleInfo (RoleInfo.java:shutdownLeaderElection(134)) - aed1b97f-105e-4684-b087-4b6333aa3ced: shutdown LeaderElection
2019-10-23 22:21:51,779 [aed1b97f-105e-4684-b087-4b6333aa3ced@group-F043E0AED0ED-LeaderElection87] INFO  impl.RoleInfo (RoleInfo.java:updateAndGet(143)) - aed1b97f-105e-4684-b087-4b6333aa3ced: start FollowerState
2019-10-23 22:21:51,885 [Thread-809] INFO  impl.FollowerState (FollowerState.java:run(108)) - aed1b97f-105e-4684-b087-4b6333aa3ced@group-F043E0AED0ED-FollowerState: change to CANDIDATE, lastRpcTime:105ms, electionTimeout:105ms
2019-10-23 22:21:51,885 [Thread-809] INFO  impl.RoleInfo (RoleInfo.java:shutdownFollowerState(121)) - aed1b97f-105e-4684-b087-4b6333aa3ced: shutdown FollowerState
2019-10-23 22:21:51,885 [Thread-809] INFO  impl.RaftServerImpl (RaftServerImpl.java:setRole(184)) - aed1b97f-105e-4684-b087-4b6333aa3ced@group-F043E0AED0ED: changes role from  FOLLOWER to CANDIDATE at term 95 for changeToCandidate
2019-10-23 22:21:51,885 [Thread-809] INFO  impl.RoleInfo (RoleInfo.java:updateAndGet(143)) - aed1b97f-105e-4684-b087-4b6333aa3ced: start LeaderElection
2019-10-23 22:21:51,899 [aed1b97f-105e-4684-b087-4b6333aa3ced@group-F043E0AED0ED-LeaderElection88] INFO  impl.LeaderElection (LeaderElection.java:askForVotes(178)) - aed1b97f-105e-4684-b087-4b6333aa3ced@group-F043E0AED0ED-LeaderElection88: begin an election at term 96 for -1: [aed1b97f-105e-4684-b087-4b6333aa3ced:192.168.157.195:34943, 1c51b35f-55cb-4636-a00c-83d34bf2d9d4:192.168.157.195:34693, d21ee1f1-33f6-483c-a18b-27782ce1915a:192.168.157.195:46462], old=null
2019-10-23 22:21:51,902 [grpc-default-executor-4] INFO  impl.RaftServerImpl (RaftServerImpl.java:setRole(184)) - 1c51b35f-55cb-4636-a00c-83d34bf2d9d4@group-F043E0AED0ED: changes role from  FOLLOWER to FOLLOWER at term 96 for recognizeCandidate:aed1b97f-105e-4684-b087-4b6333aa3ced
2019-10-23 22:21:51,902 [grpc-default-executor-4] INFO  impl.RoleInfo (RoleInfo.java:shutdownFollowerState(121)) - 1c51b35f-55cb-4636-a00c-83d34bf2d9d4: shutdown FollowerState
2019-10-23 22:21:51,902 [grpc-default-executor-3] INFO  impl.RaftServerImpl (RaftServerImpl.java:setRole(184)) - d21ee1f1-33f6-483c-a18b-27782ce1915a@group-F043E0AED0ED: changes role from  FOLLOWER to FOLLOWER at term 96 for recognizeCandidate:aed1b97f-105e-4684-b087-4b6333aa3ced
2019-10-23 22:21:51,902 [Thread-807] INFO  impl.FollowerState (FollowerState.java:run(117)) - 1c51b35f-55cb-4636-a00c-83d34bf2d9d4@group-F043E0AED0ED-FollowerState was interrupted: java.lang.InterruptedException: sleep interrupted
2019-10-23 22:21:51,902 [grpc-default-executor-4] INFO  impl.RoleInfo (RoleInfo.java:updateAndGet(143)) - 1c51b35f-55cb-4636-a00c-83d34bf2d9d4: start FollowerState
2019-10-23 22:21:51,902 [grpc-default-executor-3] INFO  impl.RoleInfo (RoleInfo.java:shutdownFollowerState(121)) - d21ee1f1-33f6-483c-a18b-27782ce1915a: shutdown FollowerState
2019-10-23 22:21:51,903 [grpc-default-executor-3] INFO  impl.RoleInfo (RoleInfo.java:updateAndGet(143)) - d21ee1f1-33f6-483c-a18b-27782ce1915a: start FollowerState
2019-10-23 22:21:51,903 [Thread-808] INFO  impl.FollowerState (FollowerState.java:run(117)) - d21ee1f1-33f6-483c-a18b-27782ce1915a@group-F043E0AED0ED-FollowerState was interrupted: java.lang.InterruptedException: sleep interrupted
2019-10-23 22:21:51,916 [aed1b97f-105e-4684-b087-4b6333aa3ced@group-F043E0AED0ED-LeaderElection88] INFO  impl.LeaderElection (LeaderElection.java:logAndReturn(56)) - aed1b97f-105e-4684-b087-4b6333aa3ced@group-F043E0AED0ED-LeaderElection88: Election REJECTED; received 2 response(s) [aed1b97f-105e-4684-b087-4b6333aa3ced<-1c51b35f-55cb-4636-a00c-83d34bf2d9d4#0:FAIL-t96, aed1b97f-105e-4684-b087-4b6333aa3ced<-d21ee1f1-33f6-483c-a18b-27782ce1915a#0:FAIL-t96] and 0 exception(s); aed1b97f-105e-4684-b087-4b6333aa3ced@group-F043E0AED0ED:t96, leader=null, voted=aed1b97f-105e-4684-b087-4b6333aa3ced, raftlog=aed1b97f-105e-4684-b087-4b6333aa3ced@group-F043E0AED0ED-SegmentedRaftLog:OPENED:c-1,f-1,i0, conf=-1: [aed1b97f-105e-4684-b087-4b6333aa3ced:192.168.157.195:34943, 1c51b35f-55cb-4636-a00c-83d34bf2d9d4:192.168.157.195:34693, d21ee1f1-33f6-483c-a18b-27782ce1915a:192.168.157.195:46462], old=null
2019-10-23 22:21:51,916 [aed1b97f-105e-4684-b087-4b6333aa3ced@group-F043E0AED0ED-LeaderElection88] INFO  impl.RaftServerImpl (RaftServerImpl.java:setRole(184)) - aed1b97f-105e-4684-b087-4b6333aa3ced@group-F043E0AED0ED: changes role from CANDIDATE to FOLLOWER at term 96 for DISCOVERED_A_NEW_TERM
2019-10-23 22:21:51,916 [aed1b97f-105e-4684-b087-4b6333aa3ced@group-F043E0AED0ED-LeaderElection88] INFO  impl.RoleInfo (RoleInfo.java:shutdownLeaderElection(134)) - aed1b97f-105e-4684-b087-4b6333aa3ced: shutdown LeaderElection
2019-10-23 22:21:51,917 [aed1b97f-105e-4684-b087-4b6333aa3ced@group-F043E0AED0ED-LeaderElection88] INFO  impl.RoleInfo (RoleInfo.java:updateAndGet(143)) - aed1b97f-105e-4684-b087-4b6333aa3ced: start FollowerState
2019-10-23 22:21:52,117 [Thread-817] INFO  impl.FollowerState (FollowerState.java:run(108)) - aed1b97f-105e-4684-b087-4b6333aa3ced@group-F043E0AED0ED-FollowerState: change to CANDIDATE, lastRpcTime:200ms, electionTimeout:200ms
2019-10-23 22:21:52,117 [Thread-817] INFO  impl.RoleInfo (RoleInfo.java:shutdownFollowerState(121)) - aed1b97f-105e-4684-b087-4b6333aa3ced: shutdown FollowerState
2019-10-23 22:21:52,118 [Thread-817] INFO  impl.RaftServerImpl (RaftServerImpl.java:setRole(184)) - aed1b97f-105e-4684-b087-4b6333aa3ced@group-F043E0AED0ED: changes role from  FOLLOWER to CANDIDATE at term 96 for changeToCandidate
2019-10-23 22:21:52,118 [Thread-817] INFO  impl.RoleInfo (RoleInfo.java:updateAndGet(143)) - aed1b97f-105e-4684-b087-4b6333aa3ced: start LeaderElection
2019-10-23 22:21:52,143 [aed1b97f-105e-4684-b087-4b6333aa3ced@group-F043E0AED0ED-LeaderElection89] INFO  impl.LeaderElection (LeaderElection.java:askForVotes(178)) - aed1b97f-105e-4684-b087-4b6333aa3ced@group-F043E0AED0ED-LeaderElection89: begin an election at term 97 for -1: [aed1b97f-105e-4684-b087-4b6333aa3ced:192.168.157.195:34943, 1c51b35f-55cb-4636-a00c-83d34bf2d9d4:192.168.157.195:34693, d21ee1f1-33f6-483c-a18b-27782ce1915a:192.168.157.195:46462], old=null
2019-10-23 22:21:52,146 [grpc-default-executor-4] INFO  impl.RaftServerImpl (RaftServerImpl.java:setRole(184)) - 1c51b35f-55cb-4636-a00c-83d34bf2d9d4@group-F043E0AED0ED: changes role from  FOLLOWER to FOLLOWER at term 97 for recognizeCandidate:aed1b97f-105e-4684-b087-4b6333aa3ced
2019-10-23 22:21:52,146 [grpc-default-executor-4] INFO  impl.RoleInfo (RoleInfo.java:shutdownFollowerState(121)) - 1c51b35f-55cb-4636-a00c-83d34bf2d9d4: shutdown FollowerState
2019-10-23 22:21:52,146 [grpc-default-executor-3] INFO  impl.RaftServerImpl (RaftServerImpl.java:setRole(184)) - d21ee1f1-33f6-483c-a18b-27782ce1915a@group-F043E0AED0ED: changes role from  FOLLOWER to FOLLOWER at term 97 for recognizeCandidate:aed1b97f-105e-4684-b087-4b6333aa3ced
2019-10-23 22:21:52,146 [grpc-default-executor-3] INFO  impl.RoleInfo (RoleInfo.java:shutdownFollowerState(121)) - d21ee1f1-33f6-483c-a18b-27782ce1915a: shutdown FollowerState
2019-10-23 22:21:52,146 [Thread-815] INFO  impl.FollowerState (FollowerState.java:run(117)) - 1c51b35f-55cb-4636-a00c-83d34bf2d9d4@group-F043E0AED0ED-FollowerState was interrupted: java.lang.InterruptedException: sleep interrupted
2019-10-23 22:21:52,146 [grpc-default-executor-4] INFO  impl.RoleInfo (RoleInfo.java:updateAndGet(143)) - 1c51b35f-55cb-4636-a00c-83d34bf2d9d4: start FollowerState
2019-10-23 22:21:52,147 [Thread-816] INFO  impl.FollowerState (FollowerState.java:run(117)) - d21ee1f1-33f6-483c-a18b-27782ce1915a@group-F043E0AED0ED-FollowerState was interrupted: java.lang.InterruptedException: sleep interrupted
2019-10-23 22:21:52,146 [grpc-default-executor-3] INFO  impl.RoleInfo (RoleInfo.java:updateAndGet(143)) - d21ee1f1-33f6-483c-a18b-27782ce1915a: start FollowerState
2019-10-23 22:21:52,180 [aed1b97f-105e-4684-b087-4b6333aa3ced@group-F043E0AED0ED-LeaderElection89] INFO  impl.LeaderElection (LeaderElection.java:logAndReturn(56)) - aed1b97f-105e-4684-b087-4b6333aa3ced@group-F043E0AED0ED-LeaderElection89: Election REJECTED; received 2 response(s) [aed1b97f-105e-4684-b087-4b6333aa3ced<-1c51b35f-55cb-4636-a00c-83d34bf2d9d4#0:FAIL-t97, aed1b97f-105e-4684-b087-4b6333aa3ced<-d21ee1f1-33f6-483c-a18b-27782ce1915a#0:FAIL-t97] and 0 exception(s); aed1b97f-105e-4684-b087-4b6333aa3ced@group-F043E0AED0ED:t97, leader=null, voted=aed1b97f-105e-4684-b087-4b6333aa3ced, raftlog=aed1b97f-105e-4684-b087-4b6333aa3ced@group-F043E0AED0ED-SegmentedRaftLog:OPENED:c-1,f-1,i0, conf=-1: [aed1b97f-105e-4684-b087-4b6333aa3ced:192.168.157.195:34943, 1c51b35f-55cb-4636-a00c-83d34bf2d9d4:192.168.157.195:34693, d21ee1f1-33f6-483c-a18b-27782ce1915a:192.168.157.195:46462], old=null
2019-10-23 22:21:52,180 [aed1b97f-105e-4684-b087-4b6333aa3ced@group-F043E0AED0ED-LeaderElection89] INFO  impl.RaftServerImpl (RaftServerImpl.java:setRole(184)) - aed1b97f-105e-4684-b087-4b6333aa3ced@group-F043E0AED0ED: changes role from CANDIDATE to FOLLOWER at term 97 for DISCOVERED_A_NEW_TERM
2019-10-23 22:21:52,180 [aed1b97f-105e-4684-b087-4b6333aa3ced@group-F043E0AED0ED-LeaderElection89] INFO  impl.RoleInfo (RoleInfo.java:shutdownLeaderElection(134)) - aed1b97f-105e-4684-b087-4b6333aa3ced: shutdown LeaderElection
2019-10-23 22:21:52,180 [aed1b97f-105e-4684-b087-4b6333aa3ced@group-F043E0AED0ED-LeaderElection89] INFO  impl.RoleInfo (RoleInfo.java:updateAndGet(143)) - aed1b97f-105e-4684-b087-4b6333aa3ced: start FollowerState
2019-10-23 22:21:52,329 [Thread-823] INFO  impl.FollowerState (FollowerState.java:run(108)) - aed1b97f-105e-4684-b087-4b6333aa3ced@group-F043E0AED0ED-FollowerState: change to CANDIDATE, lastRpcTime:148ms, electionTimeout:148ms
2019-10-23 22:21:52,329 [Thread-823] INFO  impl.RoleInfo (RoleInfo.java:shutdownFollowerState(121)) - aed1b97f-105e-4684-b087-4b6333aa3ced: shutdown FollowerState
2019-10-23 22:21:52,329 [Thread-823] INFO  impl.RaftServerImpl (RaftServerImpl.java:setRole(184)) - aed1b97f-105e-4684-b087-4b6333aa3ced@group-F043E0AED0ED: changes role from  FOLLOWER to CANDIDATE at term 97 for changeToCandidate
2019-10-23 22:21:52,329 [Thread-823] INFO  impl.RoleInfo (RoleInfo.java:updateAndGet(143)) - aed1b97f-105e-4684-b087-4b6333aa3ced: start LeaderElection
2019-10-23 22:21:52,355 [aed1b97f-105e-4684-b087-4b6333aa3ced@group-F043E0AED0ED-LeaderElection90] INFO  impl.LeaderElection (LeaderElection.java:askForVotes(178)) - aed1b97f-105e-4684-b087-4b6333aa3ced@group-F043E0AED0ED-LeaderElection90: begin an election at term 98 for -1: [aed1b97f-105e-4684-b087-4b6333aa3ced:192.168.157.195:34943, 1c51b35f-55cb-4636-a00c-83d34bf2d9d4:192.168.157.195:34693, d21ee1f1-33f6-483c-a18b-27782ce1915a:192.168.157.195:46462], old=null
2019-10-23 22:21:52,358 [grpc-default-executor-3] INFO  impl.RaftServerImpl (RaftServerImpl.java:setRole(184)) - d21ee1f1-33f6-483c-a18b-27782ce1915a@group-F043E0AED0ED: changes role from  FOLLOWER to FOLLOWER at term 98 for recognizeCandidate:aed1b97f-105e-4684-b087-4b6333aa3ced
2019-10-23 22:21:52,358 [grpc-default-executor-4] INFO  impl.RaftServerImpl (RaftServerImpl.java:setRole(184)) - 1c51b35f-55cb-4636-a00c-83d34bf2d9d4@group-F043E0AED0ED: changes role from  FOLLOWER to FOLLOWER at term 98 for recognizeCandidate:aed1b97f-105e-4684-b087-4b6333aa3ced
2019-10-23 22:21:52,358 [grpc-default-executor-3] INFO  impl.RoleInfo (RoleInfo.java:shutdownFollowerState(121)) - d21ee1f1-33f6-483c-a18b-27782ce1915a: shutdown FollowerState
2019-10-23 22:21:52,358 [grpc-default-executor-4] INFO  impl.RoleInfo (RoleInfo.java:shutdownFollowerState(121)) - 1c51b35f-55cb-4636-a00c-83d34bf2d9d4: shutdown FollowerState
2019-10-23 22:21:52,359 [Thread-822] INFO  impl.FollowerState (FollowerState.java:run(117)) - d21ee1f1-33f6-483c-a18b-27782ce1915a@group-F043E0AED0ED-FollowerState was interrupted: java.lang.InterruptedException: sleep interrupted
2019-10-23 22:21:52,359 [grpc-default-executor-3] INFO  impl.RoleInfo (RoleInfo.java:updateAndGet(143)) - d21ee1f1-33f6-483c-a18b-27782ce1915a: start FollowerState
2019-10-23 22:21:52,359 [Thread-821] INFO  impl.FollowerState (FollowerState.java:run(117)) - 1c51b35f-55cb-4636-a00c-83d34bf2d9d4@group-F043E0AED0ED-FollowerState was interrupted: java.lang.InterruptedException: sleep interrupted
2019-10-23 22:21:52,359 [grpc-default-executor-4] INFO  impl.RoleInfo (RoleInfo.java:updateAndGet(143)) - 1c51b35f-55cb-4636-a00c-83d34bf2d9d4: start FollowerState
2019-10-23 22:21:52,385 [aed1b97f-105e-4684-b087-4b6333aa3ced@group-F043E0AED0ED-LeaderElection90] INFO  impl.LeaderElection (LeaderElection.java:logAndReturn(56)) - aed1b97f-105e-4684-b087-4b6333aa3ced@group-F043E0AED0ED-LeaderElection90: Election REJECTED; received 2 response(s) [aed1b97f-105e-4684-b087-4b6333aa3ced<-1c51b35f-55cb-4636-a00c-83d34bf2d9d4#0:FAIL-t98, aed1b97f-105e-4684-b087-4b6333aa3ced<-d21ee1f1-33f6-483c-a18b-27782ce1915a#0:FAIL-t98] and 0 exception(s); aed1b97f-105e-4684-b087-4b6333aa3ced@group-F043E0AED0ED:t98, leader=null, voted=aed1b97f-105e-4684-b087-4b6333aa3ced, raftlog=aed1b97f-105e-4684-b087-4b6333aa3ced@group-F043E0AED0ED-SegmentedRaftLog:OPENED:c-1,f-1,i0, conf=-1: [aed1b97f-105e-4684-b087-4b6333aa3ced:192.168.157.195:34943, 1c51b35f-55cb-4636-a00c-83d34bf2d9d4:192.168.157.195:34693, d21ee1f1-33f6-483c-a18b-27782ce1915a:192.168.157.195:46462], old=null
2019-10-23 22:21:52,385 [aed1b97f-105e-4684-b087-4b6333aa3ced@group-F043E0AED0ED-LeaderElection90] INFO  impl.RaftServerImpl (RaftServerImpl.java:setRole(184)) - aed1b97f-105e-4684-b087-4b6333aa3ced@group-F043E0AED0ED: changes role from CANDIDATE to FOLLOWER at term 98 for DISCOVERED_A_NEW_TERM
2019-10-23 22:21:52,385 [aed1b97f-105e-4684-b087-4b6333aa3ced@group-F043E0AED0ED-LeaderElection90] INFO  impl.RoleInfo (RoleInfo.java:shutdownLeaderElection(134)) - aed1b97f-105e-4684-b087-4b6333aa3ced: shutdown LeaderElection
2019-10-23 22:21:52,386 [aed1b97f-105e-4684-b087-4b6333aa3ced@group-F043E0AED0ED-LeaderElection90] INFO  impl.RoleInfo (RoleInfo.java:updateAndGet(143)) - aed1b97f-105e-4684-b087-4b6333aa3ced: start FollowerState
2019-10-23 22:21:52,449 [Thread-829] INFO  impl.FollowerState (FollowerState.java:run(108)) - aed1b97f-105e-4684-b087-4b6333aa3ced@group-F043E0AED0ED-FollowerState: change to CANDIDATE, lastRpcTime:63ms, electionTimeout:63ms
2019-10-23 22:21:52,449 [Thread-829] INFO  impl.RoleInfo (RoleInfo.java:shutdownFollowerState(121)) - aed1b97f-105e-4684-b087-4b6333aa3ced: shutdown FollowerState
2019-10-23 22:21:52,449 [Thread-829] INFO  impl.RaftServerImpl (RaftServerImpl.java:setRole(184)) - aed1b97f-105e-4684-b087-4b6333aa3ced@group-F043E0AED0ED: changes role from  FOLLOWER to CANDIDATE at term 98 for changeToCandidate
2019-10-23 22:21:52,449 [Thread-829] INFO  impl.RoleInfo (RoleInfo.java:updateAndGet(143)) - aed1b97f-105e-4684-b087-4b6333aa3ced: start LeaderElection
2019-10-23 22:21:52,463 [aed1b97f-105e-4684-b087-4b6333aa3ced@group-F043E0AED0ED-LeaderElection91] INFO  impl.LeaderElection (LeaderElection.java:askForVotes(178)) - aed1b97f-105e-4684-b087-4b6333aa3ced@group-F043E0AED0ED-LeaderElection91: begin an election at term 99 for -1: [aed1b97f-105e-4684-b087-4b6333aa3ced:192.168.157.195:34943, 1c51b35f-55cb-4636-a00c-83d34bf2d9d4:192.168.157.195:34693, d21ee1f1-33f6-483c-a18b-27782ce1915a:192.168.157.195:46462], old=null
2019-10-23 22:21:52,465 [grpc-default-executor-3] INFO  impl.RaftServerImpl (RaftServerImpl.java:setRole(184)) - 1c51b35f-55cb-4636-a00c-83d34bf2d9d4@group-F043E0AED0ED: changes role from  FOLLOWER to FOLLOWER at term 99 for recognizeCandidate:aed1b97f-105e-4684-b087-4b6333aa3ced
2019-10-23 22:21:52,466 [grpc-default-executor-3] INFO  impl.RoleInfo (RoleInfo.java:shutdownFollowerState(121)) - 1c51b35f-55cb-4636-a00c-83d34bf2d9d4: shutdown FollowerState
2019-10-23 22:21:52,466 [grpc-default-executor-4] INFO  impl.RaftServerImpl (RaftServerImpl.java:setRole(184)) - d21ee1f1-33f6-483c-a18b-27782ce1915a@group-F043E0AED0ED: changes role from  FOLLOWER to FOLLOWER at term 99 for recognizeCandidate:aed1b97f-105e-4684-b087-4b6333aa3ced
2019-10-23 22:21:52,466 [Thread-828] INFO  impl.FollowerState (FollowerState.java:run(117)) - 1c51b35f-55cb-4636-a00c-83d34bf2d9d4@group-F043E0AED0ED-FollowerState was interrupted: java.lang.InterruptedException: sleep interrupted
2019-10-23 22:21:52,466 [grpc-default-executor-3] INFO  impl.RoleInfo (RoleInfo.java:updateAndGet(143)) - 1c51b35f-55cb-4636-a00c-83d34bf2d9d4: start FollowerState
2019-10-23 22:21:52,466 [grpc-default-executor-4] INFO  impl.RoleInfo (RoleInfo.java:shutdownFollowerState(121)) - d21ee1f1-33f6-483c-a18b-27782ce1915a: shutdown FollowerState
2019-10-23 22:21:52,466 [grpc-default-executor-4] INFO  impl.RoleInfo (RoleInfo.java:updateAndGet(143)) - d21ee1f1-33f6-483c-a18b-27782ce1915a: start FollowerState
2019-10-23 22:21:52,467 [Thread-827] INFO  impl.FollowerState (FollowerState.java:run(117)) - d21ee1f1-33f6-483c-a18b-27782ce1915a@group-F043E0AED0ED-FollowerState was interrupted: java.lang.InterruptedException: sleep interrupted
2019-10-23 22:21:52,481 [aed1b97f-105e-4684-b087-4b6333aa3ced@group-F043E0AED0ED-LeaderElection91] INFO  impl.LeaderElection (LeaderElection.java:logAndReturn(56)) - aed1b97f-105e-4684-b087-4b6333aa3ced@group-F043E0AED0ED-LeaderElection91: Election REJECTED; received 2 response(s) [aed1b97f-105e-4684-b087-4b6333aa3ced<-1c51b35f-55cb-4636-a00c-83d34bf2d9d4#0:FAIL-t99, aed1b97f-105e-4684-b087-4b6333aa3ced<-d21ee1f1-33f6-483c-a18b-27782ce1915a#0:FAIL-t99] and 0 exception(s); aed1b97f-105e-4684-b087-4b6333aa3ced@group-F043E0AED0ED:t99, leader=null, voted=aed1b97f-105e-4684-b087-4b6333aa3ced, raftlog=aed1b97f-105e-4684-b087-4b6333aa3ced@group-F043E0AED0ED-SegmentedRaftLog:OPENED:c-1,f-1,i0, conf=-1: [aed1b97f-105e-4684-b087-4b6333aa3ced:192.168.157.195:34943, 1c51b35f-55cb-4636-a00c-83d34bf2d9d4:192.168.157.195:34693, d21ee1f1-33f6-483c-a18b-27782ce1915a:192.168.157.195:46462], old=null
2019-10-23 22:21:52,482 [aed1b97f-105e-4684-b087-4b6333aa3ced@group-F043E0AED0ED-LeaderElection91] INFO  impl.RaftServerImpl (RaftServerImpl.java:setRole(184)) - aed1b97f-105e-4684-b087-4b6333aa3ced@group-F043E0AED0ED: changes role from CANDIDATE to FOLLOWER at term 99 for DISCOVERED_A_NEW_TERM
2019-10-23 22:21:52,482 [aed1b97f-105e-4684-b087-4b6333aa3ced@group-F043E0AED0ED-LeaderElection91] INFO  impl.RoleInfo (RoleInfo.java:shutdownLeaderElection(134)) - aed1b97f-105e-4684-b087-4b6333aa3ced: shutdown LeaderElection
2019-10-23 22:21:52,482 [aed1b97f-105e-4684-b087-4b6333aa3ced@group-F043E0AED0ED-LeaderElection91] INFO  impl.RoleInfo (RoleInfo.java:updateAndGet(143)) - aed1b97f-105e-4684-b087-4b6333aa3ced: start FollowerState
2019-10-23 22:21:52,633 [Thread-835] INFO  impl.FollowerState (FollowerState.java:run(108)) - aed1b97f-105e-4684-b087-4b6333aa3ced@group-F043E0AED0ED-FollowerState: change to CANDIDATE, lastRpcTime:151ms, electionTimeout:151ms
2019-10-23 22:21:52,634 [Thread-835] INFO  impl.RoleInfo (RoleInfo.java:shutdownFollowerState(121)) - aed1b97f-105e-4684-b087-4b6333aa3ced: shutdown FollowerState
2019-10-23 22:21:52,634 [Thread-835] INFO  impl.RaftServerImpl (RaftServerImpl.java:setRole(184)) - aed1b97f-105e-4684-b087-4b6333aa3ced@group-F043E0AED0ED: changes role from  FOLLOWER to CANDIDATE at term 99 for changeToCandidate
2019-10-23 22:21:52,634 [Thread-835] INFO  impl.RoleInfo (RoleInfo.java:updateAndGet(143)) - aed1b97f-105e-4684-b087-4b6333aa3ced: start LeaderElection
2019-10-23 22:21:52,656 [aed1b97f-105e-4684-b087-4b6333aa3ced@group-F043E0AED0ED-LeaderElection92] INFO  impl.LeaderElection (LeaderElection.java:askForVotes(178)) - aed1b97f-105e-4684-b087-4b6333aa3ced@group-F043E0AED0ED-LeaderElection92: begin an election at term 100 for -1: [aed1b97f-105e-4684-b087-4b6333aa3ced:192.168.157.195:34943, 1c51b35f-55cb-4636-a00c-83d34bf2d9d4:192.168.157.195:34693, d21ee1f1-33f6-483c-a18b-27782ce1915a:192.168.157.195:46462], old=null
2019-10-23 22:21:52,659 [grpc-default-executor-3] INFO  impl.RaftServerImpl (RaftServerImpl.java:setRole(184)) - 1c51b35f-55cb-4636-a00c-83d34bf2d9d4@group-F043E0AED0ED: changes role from  FOLLOWER to FOLLOWER at term 100 for recognizeCandidate:aed1b97f-105e-4684-b087-4b6333aa3ced
2019-10-23 22:21:52,659 [grpc-default-executor-4] INFO  impl.RaftServerImpl (RaftServerImpl.java:setRole(184)) - d21ee1f1-33f6-483c-a18b-27782ce1915a@group-F043E0AED0ED: changes role from  FOLLOWER to FOLLOWER at term 100 for recognizeCandidate:aed1b97f-105e-4684-b087-4b6333aa3ced
2019-10-23 22:21:52,659 [grpc-default-executor-3] INFO  impl.RoleInfo (RoleInfo.java:shutdownFollowerState(121)) - 1c51b35f-55cb-4636-a00c-83d34bf2d9d4: shutdown FollowerState
2019-10-23 22:21:52,659 [grpc-default-executor-4] INFO  impl.RoleInfo (RoleInfo.java:shutdownFollowerState(121)) - d21ee1f1-33f6-483c-a18b-27782ce1915a: shutdown FollowerState
2019-10-23 22:21:52,660 [Thread-833] INFO  impl.FollowerState (FollowerState.java:run(117)) - 1c51b35f-55cb-4636-a00c-83d34bf2d9d4@group-F043E0AED0ED-FollowerState was interrupted: java.lang.InterruptedException: sleep interrupted
2019-10-23 22:21:52,660 [grpc-default-executor-3] INFO  impl.RoleInfo (RoleInfo.java:updateAndGet(143)) - 1c51b35f-55cb-4636-a00c-83d34bf2d9d4: start FollowerState
2019-10-23 22:21:52,660 [Thread-834] INFO  impl.FollowerState (FollowerState.java:run(117)) - d21ee1f1-33f6-483c-a18b-27782ce1915a@group-F043E0AED0ED-FollowerState was interrupted: java.lang.InterruptedException: sleep interrupted
2019-10-23 22:21:52,660 [grpc-default-executor-4] INFO  impl.RoleInfo (RoleInfo.java:updateAndGet(143)) - d21ee1f1-33f6-483c-a18b-27782ce1915a: start FollowerState
2019-10-23 22:21:52,687 [aed1b97f-105e-4684-b087-4b6333aa3ced@group-F043E0AED0ED-LeaderElection92] INFO  impl.LeaderElection (LeaderElection.java:logAndReturn(56)) - aed1b97f-105e-4684-b087-4b6333aa3ced@group-F043E0AED0ED-LeaderElection92: Election REJECTED; received 2 response(s) [aed1b97f-105e-4684-b087-4b6333aa3ced<-1c51b35f-55cb-4636-a00c-83d34bf2d9d4#0:FAIL-t100, aed1b97f-105e-4684-b087-4b6333aa3ced<-d21ee1f1-33f6-483c-a18b-27782ce1915a#0:FAIL-t100] and 0 exception(s); aed1b97f-105e-4684-b087-4b6333aa3ced@group-F043E0AED0ED:t100, leader=null, voted=aed1b97f-105e-4684-b087-4b6333aa3ced, raftlog=aed1b97f-105e-4684-b087-4b6333aa3ced@group-F043E0AED0ED-SegmentedRaftLog:OPENED:c-1,f-1,i0, conf=-1: [aed1b97f-105e-4684-b087-4b6333aa3ced:192.168.157.195:34943, 1c51b35f-55cb-4636-a00c-83d34bf2d9d4:192.168.157.195:34693, d21ee1f1-33f6-483c-a18b-27782ce1915a:192.168.157.195:46462], old=null
2019-10-23 22:21:52,687 [aed1b97f-105e-4684-b087-4b6333aa3ced@group-F043E0AED0ED-LeaderElection92] INFO  impl.RaftServerImpl (RaftServerImpl.java:setRole(184)) - aed1b97f-105e-4684-b087-4b6333aa3ced@group-F043E0AED0ED: changes role from CANDIDATE to FOLLOWER at term 100 for DISCOVERED_A_NEW_TERM
2019-10-23 22:21:52,687 [aed1b97f-105e-4684-b087-4b6333aa3ced@group-F043E0AED0ED-LeaderElection92] INFO  impl.RoleInfo (RoleInfo.java:shutdownLeaderElection(134)) - aed1b97f-105e-4684-b087-4b6333aa3ced: shutdown LeaderElection
2019-10-23 22:21:52,687 [aed1b97f-105e-4684-b087-4b6333aa3ced@group-F043E0AED0ED-LeaderElection92] INFO  impl.RoleInfo (RoleInfo.java:updateAndGet(143)) - aed1b97f-105e-4684-b087-4b6333aa3ced: start FollowerState
2019-10-23 22:21:52,830 [Thread-841] INFO  impl.FollowerState (FollowerState.java:run(108)) - aed1b97f-105e-4684-b087-4b6333aa3ced@group-F043E0AED0ED-FollowerState: change to CANDIDATE, lastRpcTime:142ms, electionTimeout:142ms
2019-10-23 22:21:52,830 [Thread-841] INFO  impl.RoleInfo (RoleInfo.java:shutdownFollowerState(121)) - aed1b97f-105e-4684-b087-4b6333aa3ced: shutdown FollowerState
2019-10-23 22:21:52,830 [Thread-841] INFO  impl.RaftServerImpl (RaftServerImpl.java:setRole(184)) - aed1b97f-105e-4684-b087-4b6333aa3ced@group-F043E0AED0ED: changes role from  FOLLOWER to CANDIDATE at term 100 for changeToCandidate
2019-10-23 22:21:52,830 [Thread-841] INFO  impl.RoleInfo (RoleInfo.java:updateAndGet(143)) - aed1b97f-105e-4684-b087-4b6333aa3ced: start LeaderElection
2019-10-23 22:21:52,844 [aed1b97f-105e-4684-b087-4b6333aa3ced@group-F043E0AED0ED-LeaderElection93] INFO  impl.LeaderElection (LeaderElection.java:askForVotes(178)) - aed1b97f-105e-4684-b087-4b6333aa3ced@group-F043E0AED0ED-LeaderElection93: begin an election at term 101 for -1: [aed1b97f-105e-4684-b087-4b6333aa3ced:192.168.157.195:34943, 1c51b35f-55cb-4636-a00c-83d34bf2d9d4:192.168.157.195:34693, d21ee1f1-33f6-483c-a18b-27782ce1915a:192.168.157.195:46462], old=null
2019-10-23 22:21:52,849 [aed1b97f-105e-4684-b087-4b6333aa3ced@group-F043E0AED0ED-LeaderElection93] INFO  impl.LeaderElection (LeaderElection.java:logAndReturn(56)) - aed1b97f-105e-4684-b087-4b6333aa3ced@group-F043E0AED0ED-LeaderElection93: Election TIMEOUT; received 0 response(s) [] and 0 exception(s); aed1b97f-105e-4684-b087-4b6333aa3ced@group-F043E0AED0ED:t101, leader=null, voted=aed1b97f-105e-4684-b087-4b6333aa3ced, raftlog=aed1b97f-105e-4684-b087-4b6333aa3ced@group-F043E0AED0ED-SegmentedRaftLog:OPENED:c-1,f-1,i0, conf=-1: [aed1b97f-105e-4684-b087-4b6333aa3ced:192.168.157.195:34943, 1c51b35f-55cb-4636-a00c-83d34bf2d9d4:192.168.157.195:34693, d21ee1f1-33f6-483c-a18b-27782ce1915a:192.168.157.195:46462], old=null
2019-10-23 22:21:52,849 [grpc-default-executor-4] INFO  impl.RaftServerImpl (RaftServerImpl.java:setRole(184)) - 1c51b35f-55cb-4636-a00c-83d34bf2d9d4@group-F043E0AED0ED: changes role from  FOLLOWER to FOLLOWER at term 101 for recognizeCandidate:aed1b97f-105e-4684-b087-4b6333aa3ced
2019-10-23 22:21:52,850 [grpc-default-executor-3] INFO  impl.RaftServerImpl (RaftServerImpl.java:setRole(184)) - d21ee1f1-33f6-483c-a18b-27782ce1915a@group-F043E0AED0ED: changes role from  FOLLOWER to FOLLOWER at term 101 for recognizeCandidate:aed1b97f-105e-4684-b087-4b6333aa3ced
2019-10-23 22:21:52,850 [grpc-default-executor-4] INFO  impl.RoleInfo (RoleInfo.java:shutdownFollowerState(121)) - 1c51b35f-55cb-4636-a00c-83d34bf2d9d4: shutdown FollowerState
2019-10-23 22:21:52,850 [grpc-default-executor-3] INFO  impl.RoleInfo (RoleInfo.java:shutdownFollowerState(121)) - d21ee1f1-33f6-483c-a18b-27782ce1915a: shutdown FollowerState
2019-10-23 22:21:52,850 [Thread-839] INFO  impl.FollowerState (FollowerState.java:run(117)) - 1c51b35f-55cb-4636-a00c-83d34bf2d9d4@group-F043E0AED0ED-FollowerState was interrupted: java.lang.InterruptedException: sleep interrupted
2019-10-23 22:21:52,850 [grpc-default-executor-4] INFO  impl.RoleInfo (RoleInfo.java:updateAndGet(143)) - 1c51b35f-55cb-4636-a00c-83d34bf2d9d4: start FollowerState
2019-10-23 22:21:52,850 [Thread-840] INFO  impl.FollowerState (FollowerState.java:run(117)) - d21ee1f1-33f6-483c-a18b-27782ce1915a@group-F043E0AED0ED-FollowerState was interrupted: java.lang.InterruptedException: sleep interrupted
2019-10-23 22:21:52,850 [grpc-default-executor-3] INFO  impl.RoleInfo (RoleInfo.java:updateAndGet(143)) - d21ee1f1-33f6-483c-a18b-27782ce1915a: start FollowerState
2019-10-23 22:21:52,863 [aed1b97f-105e-4684-b087-4b6333aa3ced@group-F043E0AED0ED-LeaderElection93] INFO  impl.LeaderElection (LeaderElection.java:askForVotes(178)) - aed1b97f-105e-4684-b087-4b6333aa3ced@group-F043E0AED0ED-LeaderElection93: begin an election at term 102 for -1: [aed1b97f-105e-4684-b087-4b6333aa3ced:192.168.157.195:34943, 1c51b35f-55cb-4636-a00c-83d34bf2d9d4:192.168.157.195:34693, d21ee1f1-33f6-483c-a18b-27782ce1915a:192.168.157.195:46462], old=null
2019-10-23 22:21:52,870 [grpc-default-executor-3] INFO  impl.RaftServerImpl (RaftServerImpl.java:setRole(184)) - 1c51b35f-55cb-4636-a00c-83d34bf2d9d4@group-F043E0AED0ED: changes role from  FOLLOWER to FOLLOWER at term 102 for recognizeCandidate:aed1b97f-105e-4684-b087-4b6333aa3ced
2019-10-23 22:21:52,871 [grpc-default-executor-3] INFO  impl.RoleInfo (RoleInfo.java:shutdownFollowerState(121)) - 1c51b35f-55cb-4636-a00c-83d34bf2d9d4: shutdown FollowerState
2019-10-23 22:21:52,871 [grpc-default-executor-3] INFO  impl.RoleInfo (RoleInfo.java:updateAndGet(143)) - 1c51b35f-55cb-4636-a00c-83d34bf2d9d4: start FollowerState
2019-10-23 22:21:52,871 [Thread-847] INFO  impl.FollowerState (FollowerState.java:run(117)) - 1c51b35f-55cb-4636-a00c-83d34bf2d9d4@group-F043E0AED0ED-FollowerState was interrupted: java.lang.InterruptedException: sleep interrupted
2019-10-23 22:21:52,871 [grpc-default-executor-4] INFO  impl.RaftServerImpl (RaftServerImpl.java:setRole(184)) - d21ee1f1-33f6-483c-a18b-27782ce1915a@group-F043E0AED0ED: changes role from  FOLLOWER to FOLLOWER at term 102 for recognizeCandidate:aed1b97f-105e-4684-b087-4b6333aa3ced
2019-10-23 22:21:52,871 [grpc-default-executor-4] INFO  impl.RoleInfo (RoleInfo.java:shutdownFollowerState(121)) - d21ee1f1-33f6-483c-a18b-27782ce1915a: shutdown FollowerState
2019-10-23 22:21:52,871 [grpc-default-executor-4] INFO  impl.RoleInfo (RoleInfo.java:updateAndGet(143)) - d21ee1f1-33f6-483c-a18b-27782ce1915a: start FollowerState
2019-10-23 22:21:52,871 [Thread-848] INFO  impl.FollowerState (FollowerState.java:run(117)) - d21ee1f1-33f6-483c-a18b-27782ce1915a@group-F043E0AED0ED-FollowerState was interrupted: java.lang.InterruptedException: sleep interrupted
2019-10-23 22:21:52,887 [aed1b97f-105e-4684-b087-4b6333aa3ced@group-F043E0AED0ED-LeaderElection93] INFO  impl.LeaderElection (LeaderElection.java:logAndReturn(56)) - aed1b97f-105e-4684-b087-4b6333aa3ced@group-F043E0AED0ED-LeaderElection93: Election REJECTED; received 2 response(s) [aed1b97f-105e-4684-b087-4b6333aa3ced<-1c51b35f-55cb-4636-a00c-83d34bf2d9d4#0:FAIL-t102, aed1b97f-105e-4684-b087-4b6333aa3ced<-d21ee1f1-33f6-483c-a18b-27782ce1915a#0:FAIL-t102] and 0 exception(s); aed1b97f-105e-4684-b087-4b6333aa3ced@group-F043E0AED0ED:t102, leader=null, voted=aed1b97f-105e-4684-b087-4b6333aa3ced, raftlog=aed1b97f-105e-4684-b087-4b6333aa3ced@group-F043E0AED0ED-SegmentedRaftLog:OPENED:c-1,f-1,i0, conf=-1: [aed1b97f-105e-4684-b087-4b6333aa3ced:192.168.157.195:34943, 1c51b35f-55cb-4636-a00c-83d34bf2d9d4:192.168.157.195:34693, d21ee1f1-33f6-483c-a18b-27782ce1915a:192.168.157.195:46462], old=null
2019-10-23 22:21:52,887 [aed1b97f-105e-4684-b087-4b6333aa3ced@group-F043E0AED0ED-LeaderElection93] INFO  impl.RaftServerImpl (RaftServerImpl.java:setRole(184)) - aed1b97f-105e-4684-b087-4b6333aa3ced@group-F043E0AED0ED: changes role from CANDIDATE to FOLLOWER at term 102 for DISCOVERED_A_NEW_TERM
2019-10-23 22:21:52,887 [aed1b97f-105e-4684-b087-4b6333aa3ced@group-F043E0AED0ED-LeaderElection93] INFO  impl.RoleInfo (RoleInfo.java:shutdownLeaderElection(134)) - aed1b97f-105e-4684-b087-4b6333aa3ced: shutdown LeaderElection
2019-10-23 22:21:52,887 [aed1b97f-105e-4684-b087-4b6333aa3ced@group-F043E0AED0ED-LeaderElection93] INFO  impl.RoleInfo (RoleInfo.java:updateAndGet(143)) - aed1b97f-105e-4684-b087-4b6333aa3ced: start FollowerState
2019-10-23 22:21:52,957 [Thread-853] INFO  impl.FollowerState (FollowerState.java:run(108)) - aed1b97f-105e-4684-b087-4b6333aa3ced@group-F043E0AED0ED-FollowerState: change to CANDIDATE, lastRpcTime:69ms, electionTimeout:69ms
2019-10-23 22:21:52,957 [Thread-853] INFO  impl.RoleInfo (RoleInfo.java:shutdownFollowerState(121)) - aed1b97f-105e-4684-b087-4b6333aa3ced: shutdown FollowerState
2019-10-23 22:21:52,957 [Thread-853] INFO  impl.RaftServerImpl (RaftServerImpl.java:setRole(184)) - aed1b97f-105e-4684-b087-4b6333aa3ced@group-F043E0AED0ED: changes role from  FOLLOWER to CANDIDATE at term 102 for changeToCandidate
2019-10-23 22:21:52,957 [Thread-853] INFO  impl.RoleInfo (RoleInfo.java:updateAndGet(143)) - aed1b97f-105e-4684-b087-4b6333aa3ced: start LeaderElection
2019-10-23 22:21:52,971 [aed1b97f-105e-4684-b087-4b6333aa3ced@group-F043E0AED0ED-LeaderElection94] INFO  impl.LeaderElection (LeaderElection.java:askForVotes(178)) - aed1b97f-105e-4684-b087-4b6333aa3ced@group-F043E0AED0ED-LeaderElection94: begin an election at term 103 for -1: [aed1b97f-105e-4684-b087-4b6333aa3ced:192.168.157.195:34943, 1c51b35f-55cb-4636-a00c-83d34bf2d9d4:192.168.157.195:34693, d21ee1f1-33f6-483c-a18b-27782ce1915a:192.168.157.195:46462], old=null
2019-10-23 22:21:52,974 [grpc-default-executor-4] INFO  impl.RaftServerImpl (RaftServerImpl.java:setRole(184)) - d21ee1f1-33f6-483c-a18b-27782ce1915a@group-F043E0AED0ED: changes role from  FOLLOWER to FOLLOWER at term 103 for recognizeCandidate:aed1b97f-105e-4684-b087-4b6333aa3ced
2019-10-23 22:21:52,974 [grpc-default-executor-4] INFO  impl.RoleInfo (RoleInfo.java:shutdownFollowerState(121)) - d21ee1f1-33f6-483c-a18b-27782ce1915a: shutdown FollowerState
2019-10-23 22:21:52,974 [grpc-default-executor-3] INFO  impl.RaftServerImpl (RaftServerImpl.java:setRole(184)) - 1c51b35f-55cb-4636-a00c-83d34bf2d9d4@group-F043E0AED0ED: changes role from  FOLLOWER to FOLLOWER at term 103 for recognizeCandidate:aed1b97f-105e-4684-b087-4b6333aa3ced
2019-10-23 22:21:52,974 [grpc-default-executor-3] INFO  impl.RoleInfo (RoleInfo.java:shutdownFollowerState(121)) - 1c51b35f-55cb-4636-a00c-83d34bf2d9d4: shutdown FollowerState
2019-10-23 22:21:52,974 [Thread-852] INFO  impl.FollowerState (FollowerState.java:run(117)) - d21ee1f1-33f6-483c-a18b-27782ce1915a@group-F043E0AED0ED-FollowerState was interrupted: java.lang.InterruptedException: sleep interrupted
2019-10-23 22:21:52,974 [grpc-default-executor-4] INFO  impl.RoleInfo (RoleInfo.java:updateAndGet(143)) - d21ee1f1-33f6-483c-a18b-27782ce1915a: start FollowerState
2019-10-23 22:21:52,974 [Thread-851] INFO  impl.FollowerState (FollowerState.java:run(117)) - 1c51b35f-55cb-4636-a00c-83d34bf2d9d4@group-F043E0AED0ED-FollowerState was interrupted: java.lang.InterruptedException: sleep interrupted
2019-10-23 22:21:52,974 [grpc-default-executor-3] INFO  impl.RoleInfo (RoleInfo.java:updateAndGet(143)) - 1c51b35f-55cb-4636-a00c-83d34bf2d9d4: start FollowerState
2019-10-23 22:21:52,991 [aed1b97f-105e-4684-b087-4b6333aa3ced@group-F043E0AED0ED-LeaderElection94] INFO  impl.LeaderElection (LeaderElection.java:logAndReturn(56)) - aed1b97f-105e-4684-b087-4b6333aa3ced@group-F043E0AED0ED-LeaderElection94: Election REJECTED; received 2 response(s) [aed1b97f-105e-4684-b087-4b6333aa3ced<-1c51b35f-55cb-4636-a00c-83d34bf2d9d4#0:FAIL-t103, aed1b97f-105e-4684-b087-4b6333aa3ced<-d21ee1f1-33f6-483c-a18b-27782ce1915a#0:FAIL-t103] and 0 exception(s); aed1b97f-105e-4684-b087-4b6333aa3ced@group-F043E0AED0ED:t103, leader=null, voted=aed1b97f-105e-4684-b087-4b6333aa3ced, raftlog=aed1b97f-105e-4684-b087-4b6333aa3ced@group-F043E0AED0ED-SegmentedRaftLog:OPENED:c-1,f-1,i0, conf=-1: [aed1b97f-105e-4684-b087-4b6333aa3ced:192.168.157.195:34943, 1c51b35f-55cb-4636-a00c-83d34bf2d9d4:192.168.157.195:34693, d21ee1f1-33f6-483c-a18b-27782ce1915a:192.168.157.195:46462], old=null
2019-10-23 22:21:52,991 [aed1b97f-105e-4684-b087-4b6333aa3ced@group-F043E0AED0ED-LeaderElection94] INFO  impl.RaftServerImpl (RaftServerImpl.java:setRole(184)) - aed1b97f-105e-4684-b087-4b6333aa3ced@group-F043E0AED0ED: changes role from CANDIDATE to FOLLOWER at term 103 for DISCOVERED_A_NEW_TERM
2019-10-23 22:21:52,991 [aed1b97f-105e-4684-b087-4b6333aa3ced@group-F043E0AED0ED-LeaderElection94] INFO  impl.RoleInfo (RoleInfo.java:shutdownLeaderElection(134)) - aed1b97f-105e-4684-b087-4b6333aa3ced: shutdown LeaderElection
2019-10-23 22:21:52,991 [aed1b97f-105e-4684-b087-4b6333aa3ced@group-F043E0AED0ED-LeaderElection94] INFO  impl.RoleInfo (RoleInfo.java:updateAndGet(143)) - aed1b97f-105e-4684-b087-4b6333aa3ced: start FollowerState
2019-10-23 22:21:53,146 [Thread-859] INFO  impl.FollowerState (FollowerState.java:run(108)) - aed1b97f-105e-4684-b087-4b6333aa3ced@group-F043E0AED0ED-FollowerState: change to CANDIDATE, lastRpcTime:155ms, electionTimeout:155ms
2019-10-23 22:21:53,147 [Thread-859] INFO  impl.RoleInfo (RoleInfo.java:shutdownFollowerState(121)) - aed1b97f-105e-4684-b087-4b6333aa3ced: shutdown FollowerState
2019-10-23 22:21:53,147 [Thread-859] INFO  impl.RaftServerImpl (RaftServerImpl.java:setRole(184)) - aed1b97f-105e-4684-b087-4b6333aa3ced@group-F043E0AED0ED: changes role from  FOLLOWER to CANDIDATE at term 103 for changeToCandidate
2019-10-23 22:21:53,147 [Thread-859] INFO  impl.RoleInfo (RoleInfo.java:updateAndGet(143)) - aed1b97f-105e-4684-b087-4b6333aa3ced: start LeaderElection
2019-10-23 22:21:53,161 [aed1b97f-105e-4684-b087-4b6333aa3ced@group-F043E0AED0ED-LeaderElection95] INFO  impl.LeaderElection (LeaderElection.java:askForVotes(178)) - aed1b97f-105e-4684-b087-4b6333aa3ced@group-F043E0AED0ED-LeaderElection95: begin an election at term 104 for -1: [aed1b97f-105e-4684-b087-4b6333aa3ced:192.168.157.195:34943, 1c51b35f-55cb-4636-a00c-83d34bf2d9d4:192.168.157.195:34693, d21ee1f1-33f6-483c-a18b-27782ce1915a:192.168.157.195:46462], old=null
2019-10-23 22:21:53,163 [grpc-default-executor-3] INFO  impl.RaftServerImpl (RaftServerImpl.java:setRole(184)) - d21ee1f1-33f6-483c-a18b-27782ce1915a@group-F043E0AED0ED: changes role from  FOLLOWER to FOLLOWER at term 104 for recognizeCandidate:aed1b97f-105e-4684-b087-4b6333aa3ced
2019-10-23 22:21:53,164 [grpc-default-executor-3] INFO  impl.RoleInfo (RoleInfo.java:shutdownFollowerState(121)) - d21ee1f1-33f6-483c-a18b-27782ce1915a: shutdown FollowerState
2019-10-23 22:21:53,163 [grpc-default-executor-4] INFO  impl.RaftServerImpl (RaftServerImpl.java:setRole(184)) - 1c51b35f-55cb-4636-a00c-83d34bf2d9d4@group-F043E0AED0ED: changes role from  FOLLOWER to FOLLOWER at term 104 for recognizeCandidate:aed1b97f-105e-4684-b087-4b6333aa3ced
2019-10-23 22:21:53,164 [Thread-857] INFO  impl.FollowerState (FollowerState.java:run(117)) - d21ee1f1-33f6-483c-a18b-27782ce1915a@group-F043E0AED0ED-FollowerState was interrupted: java.lang.InterruptedException: sleep interrupted
2019-10-23 22:21:53,164 [grpc-default-executor-3] INFO  impl.RoleInfo (RoleInfo.java:updateAndGet(143)) - d21ee1f1-33f6-483c-a18b-27782ce1915a: start FollowerState
2019-10-23 22:21:53,164 [grpc-default-executor-4] INFO  impl.RoleInfo (RoleInfo.java:shutdownFollowerState(121)) - 1c51b35f-55cb-4636-a00c-83d34bf2d9d4: shutdown FollowerState
2019-10-23 22:21:53,164 [grpc-default-executor-4] INFO  impl.RoleInfo (RoleInfo.java:updateAndGet(143)) - 1c51b35f-55cb-4636-a00c-83d34bf2d9d4: start FollowerState
2019-10-23 22:21:53,164 [Thread-858] INFO  impl.FollowerState (FollowerState.java:run(117)) - 1c51b35f-55cb-4636-a00c-83d34bf2d9d4@group-F043E0AED0ED-FollowerState was interrupted: java.lang.InterruptedException: sleep interrupted
2019-10-23 22:21:53,191 [aed1b97f-105e-4684-b087-4b6333aa3ced@group-F043E0AED0ED-LeaderElection95] INFO  impl.LeaderElection (LeaderElection.java:logAndReturn(56)) - aed1b97f-105e-4684-b087-4b6333aa3ced@group-F043E0AED0ED-LeaderElection95: Election REJECTED; received 2 response(s) [aed1b97f-105e-4684-b087-4b6333aa3ced<-1c51b35f-55cb-4636-a00c-83d34bf2d9d4#0:FAIL-t104, aed1b97f-105e-4684-b087-4b6333aa3ced<-d21ee1f1-33f6-483c-a18b-27782ce1915a#0:FAIL-t104] and 0 exception(s); aed1b97f-105e-4684-b087-4b6333aa3ced@group-F043E0AED0ED:t104, leader=null, voted=aed1b97f-105e-4684-b087-4b6333aa3ced, raftlog=aed1b97f-105e-4684-b087-4b6333aa3ced@group-F043E0AED0ED-SegmentedRaftLog:OPENED:c-1,f-1,i0, conf=-1: [aed1b97f-105e-4684-b087-4b6333aa3ced:192.168.157.195:34943, 1c51b35f-55cb-4636-a00c-83d34bf2d9d4:192.168.157.195:34693, d21ee1f1-33f6-483c-a18b-27782ce1915a:192.168.157.195:46462], old=null
2019-10-23 22:21:53,191 [aed1b97f-105e-4684-b087-4b6333aa3ced@group-F043E0AED0ED-LeaderElection95] INFO  impl.RaftServerImpl (RaftServerImpl.java:setRole(184)) - aed1b97f-105e-4684-b087-4b6333aa3ced@group-F043E0AED0ED: changes role from CANDIDATE to FOLLOWER at term 104 for DISCOVERED_A_NEW_TERM
2019-10-23 22:21:53,191 [aed1b97f-105e-4684-b087-4b6333aa3ced@group-F043E0AED0ED-LeaderElection95] INFO  impl.RoleInfo (RoleInfo.java:shutdownLeaderElection(134)) - aed1b97f-105e-4684-b087-4b6333aa3ced: shutdown LeaderElection
2019-10-23 22:21:53,191 [aed1b97f-105e-4684-b087-4b6333aa3ced@group-F043E0AED0ED-LeaderElection95] INFO  impl.RoleInfo (RoleInfo.java:updateAndGet(143)) - aed1b97f-105e-4684-b087-4b6333aa3ced: start FollowerState
2019-10-23 22:21:53,373 [Thread-865] INFO  impl.FollowerState (FollowerState.java:run(108)) - aed1b97f-105e-4684-b087-4b6333aa3ced@group-F043E0AED0ED-FollowerState: change to CANDIDATE, lastRpcTime:181ms, electionTimeout:181ms
2019-10-23 22:21:53,373 [Thread-865] INFO  impl.RoleInfo (RoleInfo.java:shutdownFollowerState(121)) - aed1b97f-105e-4684-b087-4b6333aa3ced: shutdown FollowerState
2019-10-23 22:21:53,373 [Thread-865] INFO  impl.RaftServerImpl (RaftServerImpl.java:setRole(184)) - aed1b97f-105e-4684-b087-4b6333aa3ced@group-F043E0AED0ED: changes role from  FOLLOWER to CANDIDATE at term 104 for changeToCandidate
2019-10-23 22:21:53,373 [Thread-865] INFO  impl.RoleInfo (RoleInfo.java:updateAndGet(143)) - aed1b97f-105e-4684-b087-4b6333aa3ced: start LeaderElection
2019-10-23 22:21:53,399 [aed1b97f-105e-4684-b087-4b6333aa3ced@group-F043E0AED0ED-LeaderElection96] INFO  impl.LeaderElection (LeaderElection.java:askForVotes(178)) - aed1b97f-105e-4684-b087-4b6333aa3ced@group-F043E0AED0ED-LeaderElection96: begin an election at term 105 for -1: [aed1b97f-105e-4684-b087-4b6333aa3ced:192.168.157.195:34943, 1c51b35f-55cb-4636-a00c-83d34bf2d9d4:192.168.157.195:34693, d21ee1f1-33f6-483c-a18b-27782ce1915a:192.168.157.195:46462], old=null
2019-10-23 22:21:53,402 [grpc-default-executor-3] INFO  impl.RaftServerImpl (RaftServerImpl.java:setRole(184)) - 1c51b35f-55cb-4636-a00c-83d34bf2d9d4@group-F043E0AED0ED: changes role from  FOLLOWER to FOLLOWER at term 105 for recognizeCandidate:aed1b97f-105e-4684-b087-4b6333aa3ced
2019-10-23 22:21:53,402 [grpc-default-executor-4] INFO  impl.RaftServerImpl (RaftServerImpl.java:setRole(184)) - d21ee1f1-33f6-483c-a18b-27782ce1915a@group-F043E0AED0ED: changes role from  FOLLOWER to FOLLOWER at term 105 for recognizeCandidate:aed1b97f-105e-4684-b087-4b6333aa3ced
2019-10-23 22:21:53,402 [grpc-default-executor-3] INFO  impl.RoleInfo (RoleInfo.java:shutdownFollowerState(121)) - 1c51b35f-55cb-4636-a00c-83d34bf2d9d4: shutdown FollowerState
2019-10-23 22:21:53,402 [grpc-default-executor-4] INFO  impl.RoleInfo (RoleInfo.java:shutdownFollowerState(121)) - d21ee1f1-33f6-483c-a18b-27782ce1915a: shutdown FollowerState
2019-10-23 22:21:53,402 [Thread-864] INFO  impl.FollowerState (FollowerState.java:run(117)) - 1c51b35f-55cb-4636-a00c-83d34bf2d9d4@group-F043E0AED0ED-FollowerState was interrupted: java.lang.InterruptedException: sleep interrupted
2019-10-23 22:21:53,402 [grpc-default-executor-3] INFO  impl.RoleInfo (RoleInfo.java:updateAndGet(143)) - 1c51b35f-55cb-4636-a00c-83d34bf2d9d4: start FollowerState
2019-10-23 22:21:53,402 [grpc-default-executor-4] INFO  impl.RoleInfo (RoleInfo.java:updateAndGet(143)) - d21ee1f1-33f6-483c-a18b-27782ce1915a: start FollowerState
2019-10-23 22:21:53,403 [Thread-863] INFO  impl.FollowerState (FollowerState.java:run(117)) - d21ee1f1-33f6-483c-a18b-27782ce1915a@group-F043E0AED0ED-FollowerState was interrupted: java.lang.InterruptedException: sleep interrupted
2019-10-23 22:21:53,418 [aed1b97f-105e-4684-b087-4b6333aa3ced@group-F043E0AED0ED-LeaderElection96] INFO  impl.LeaderElection (LeaderElection.java:logAndReturn(56)) - aed1b97f-105e-4684-b087-4b6333aa3ced@group-F043E0AED0ED-LeaderElection96: Election REJECTED; received 2 response(s) [aed1b97f-105e-4684-b087-4b6333aa3ced<-1c51b35f-55cb-4636-a00c-83d34bf2d9d4#0:FAIL-t105, aed1b97f-105e-4684-b087-4b6333aa3ced<-d21ee1f1-33f6-483c-a18b-27782ce1915a#0:FAIL-t105] and 0 exception(s); aed1b97f-105e-4684-b087-4b6333aa3ced@group-F043E0AED0ED:t105, leader=null, voted=aed1b97f-105e-4684-b087-4b6333aa3ced, raftlog=aed1b97f-105e-4684-b087-4b6333aa3ced@group-F043E0AED0ED-SegmentedRaftLog:OPENED:c-1,f-1,i0, conf=-1: [aed1b97f-105e-4684-b087-4b6333aa3ced:192.168.157.195:34943, 1c51b35f-55cb-4636-a00c-83d34bf2d9d4:192.168.157.195:34693, d21ee1f1-33f6-483c-a18b-27782ce1915a:192.168.157.195:46462], old=null
2019-10-23 22:21:53,418 [aed1b97f-105e-4684-b087-4b6333aa3ced@group-F043E0AED0ED-LeaderElection96] INFO  impl.RaftServerImpl (RaftServerImpl.java:setRole(184)) - aed1b97f-105e-4684-b087-4b6333aa3ced@group-F043E0AED0ED: changes role from CANDIDATE to FOLLOWER at term 105 for DISCOVERED_A_NEW_TERM
2019-10-23 22:21:53,418 [aed1b97f-105e-4684-b087-4b6333aa3ced@group-F043E0AED0ED-LeaderElection96] INFO  impl.RoleInfo (RoleInfo.java:shutdownLeaderElection(134)) - aed1b97f-105e-4684-b087-4b6333aa3ced: shutdown LeaderElection
2019-10-23 22:21:53,418 [aed1b97f-105e-4684-b087-4b6333aa3ced@group-F043E0AED0ED-LeaderElection96] INFO  impl.RoleInfo (RoleInfo.java:updateAndGet(143)) - aed1b97f-105e-4684-b087-4b6333aa3ced: start FollowerState
2019-10-23 22:21:53,491 [Thread-871] INFO  impl.FollowerState (FollowerState.java:run(108)) - aed1b97f-105e-4684-b087-4b6333aa3ced@group-F043E0AED0ED-FollowerState: change to CANDIDATE, lastRpcTime:72ms, electionTimeout:72ms
2019-10-23 22:21:53,491 [Thread-871] INFO  impl.RoleInfo (RoleInfo.java:shutdownFollowerState(121)) - aed1b97f-105e-4684-b087-4b6333aa3ced: shutdown FollowerState
2019-10-23 22:21:53,492 [Thread-871] INFO  impl.RaftServerImpl (RaftServerImpl.java:setRole(184)) - aed1b97f-105e-4684-b087-4b6333aa3ced@group-F043E0AED0ED: changes role from  FOLLOWER to CANDIDATE at term 105 for changeToCandidate
2019-10-23 22:21:53,492 [Thread-871] INFO  impl.RoleInfo (RoleInfo.java:updateAndGet(143)) - aed1b97f-105e-4684-b087-4b6333aa3ced: start LeaderElection
2019-10-23 22:21:53,514 [aed1b97f-105e-4684-b087-4b6333aa3ced@group-F043E0AED0ED-LeaderElection97] INFO  impl.LeaderElection (LeaderElection.java:askForVotes(178)) - aed1b97f-105e-4684-b087-4b6333aa3ced@group-F043E0AED0ED-LeaderElection97: begin an election at term 106 for -1: [aed1b97f-105e-4684-b087-4b6333aa3ced:192.168.157.195:34943, 1c51b35f-55cb-4636-a00c-83d34bf2d9d4:192.168.157.195:34693, d21ee1f1-33f6-483c-a18b-27782ce1915a:192.168.157.195:46462], old=null
2019-10-23 22:21:53,517 [grpc-default-executor-3] INFO  impl.RaftServerImpl (RaftServerImpl.java:setRole(184)) - 1c51b35f-55cb-4636-a00c-83d34bf2d9d4@group-F043E0AED0ED: changes role from  FOLLOWER to FOLLOWER at term 106 for recognizeCandidate:aed1b97f-105e-4684-b087-4b6333aa3ced
2019-10-23 22:21:53,517 [grpc-default-executor-4] INFO  impl.RaftServerImpl (RaftServerImpl.java:setRole(184)) - d21ee1f1-33f6-483c-a18b-27782ce1915a@group-F043E0AED0ED: changes role from  FOLLOWER to FOLLOWER at term 106 for recognizeCandidate:aed1b97f-105e-4684-b087-4b6333aa3ced
2019-10-23 22:21:53,517 [grpc-default-executor-3] INFO  impl.RoleInfo (RoleInfo.java:shutdownFollowerState(121)) - 1c51b35f-55cb-4636-a00c-83d34bf2d9d4: shutdown FollowerState
2019-10-23 22:21:53,517 [grpc-default-executor-4] INFO  impl.RoleInfo (RoleInfo.java:shutdownFollowerState(121)) - d21ee1f1-33f6-483c-a18b-27782ce1915a: shutdown FollowerState
2019-10-23 22:21:53,517 [Thread-869] INFO  impl.FollowerState (FollowerState.java:run(117)) - 1c51b35f-55cb-4636-a00c-83d34bf2d9d4@group-F043E0AED0ED-FollowerState was interrupted: java.lang.InterruptedException: sleep interrupted
2019-10-23 22:21:53,517 [grpc-default-executor-3] INFO  impl.RoleInfo (RoleInfo.java:updateAndGet(143)) - 1c51b35f-55cb-4636-a00c-83d34bf2d9d4: start FollowerState
2019-10-23 22:21:53,517 [Thread-870] INFO  impl.FollowerState (FollowerState.java:run(117)) - d21ee1f1-33f6-483c-a18b-27782ce1915a@group-F043E0AED0ED-FollowerState was interrupted: java.lang.InterruptedException: sleep interrupted
2019-10-23 22:21:53,517 [grpc-default-executor-4] INFO  impl.RoleInfo (RoleInfo.java:updateAndGet(143)) - d21ee1f1-33f6-483c-a18b-27782ce1915a: start FollowerState
2019-10-23 22:21:53,534 [aed1b97f-105e-4684-b087-4b6333aa3ced@group-F043E0AED0ED-LeaderElection97] INFO  impl.LeaderElection (LeaderElection.java:logAndReturn(56)) - aed1b97f-105e-4684-b087-4b6333aa3ced@group-F043E0AED0ED-LeaderElection97: Election REJECTED; received 2 response(s) [aed1b97f-105e-4684-b087-4b6333aa3ced<-1c51b35f-55cb-4636-a00c-83d34bf2d9d4#0:FAIL-t106, aed1b97f-105e-4684-b087-4b6333aa3ced<-d21ee1f1-33f6-483c-a18b-27782ce1915a#0:FAIL-t106] and 0 exception(s); aed1b97f-105e-4684-b087-4b6333aa3ced@group-F043E0AED0ED:t106, leader=null, voted=aed1b97f-105e-4684-b087-4b6333aa3ced, raftlog=aed1b97f-105e-4684-b087-4b6333aa3ced@group-F043E0AED0ED-SegmentedRaftLog:OPENED:c-1,f-1,i0, conf=-1: [aed1b97f-105e-4684-b087-4b6333aa3ced:192.168.157.195:34943, 1c51b35f-55cb-4636-a00c-83d34bf2d9d4:192.168.157.195:34693, d21ee1f1-33f6-483c-a18b-27782ce1915a:192.168.157.195:46462], old=null
2019-10-23 22:21:53,534 [aed1b97f-105e-4684-b087-4b6333aa3ced@group-F043E0AED0ED-LeaderElection97] INFO  impl.RaftServerImpl (RaftServerImpl.java:setRole(184)) - aed1b97f-105e-4684-b087-4b6333aa3ced@group-F043E0AED0ED: changes role from CANDIDATE to FOLLOWER at term 106 for DISCOVERED_A_NEW_TERM
2019-10-23 22:21:53,534 [aed1b97f-105e-4684-b087-4b6333aa3ced@group-F043E0AED0ED-LeaderElection97] INFO  impl.RoleInfo (RoleInfo.java:shutdownLeaderElection(134)) - aed1b97f-105e-4684-b087-4b6333aa3ced: shutdown LeaderElection
2019-10-23 22:21:53,535 [aed1b97f-105e-4684-b087-4b6333aa3ced@group-F043E0AED0ED-LeaderElection97] INFO  impl.RoleInfo (RoleInfo.java:updateAndGet(143)) - aed1b97f-105e-4684-b087-4b6333aa3ced: start FollowerState
2019-10-23 22:21:53,569 [Thread-877] INFO  impl.FollowerState (FollowerState.java:run(108)) - aed1b97f-105e-4684-b087-4b6333aa3ced@group-F043E0AED0ED-FollowerState: change to CANDIDATE, lastRpcTime:34ms, electionTimeout:34ms
2019-10-23 22:21:53,569 [Thread-877] INFO  impl.RoleInfo (RoleInfo.java:shutdownFollowerState(121)) - aed1b97f-105e-4684-b087-4b6333aa3ced: shutdown FollowerState
2019-10-23 22:21:53,569 [Thread-877] INFO  impl.RaftServerImpl (RaftServerImpl.java:setRole(184)) - aed1b97f-105e-4684-b087-4b6333aa3ced@group-F043E0AED0ED: changes role from  FOLLOWER to CANDIDATE at term 106 for changeToCandidate
2019-10-23 22:21:53,570 [Thread-877] INFO  impl.RoleInfo (RoleInfo.java:updateAndGet(143)) - aed1b97f-105e-4684-b087-4b6333aa3ced: start LeaderElection
2019-10-23 22:21:53,583 [aed1b97f-105e-4684-b087-4b6333aa3ced@group-F043E0AED0ED-LeaderElection98] INFO  impl.LeaderElection (LeaderElection.java:askForVotes(178)) - aed1b97f-105e-4684-b087-4b6333aa3ced@group-F043E0AED0ED-LeaderElection98: begin an election at term 107 for -1: [aed1b97f-105e-4684-b087-4b6333aa3ced:192.168.157.195:34943, 1c51b35f-55cb-4636-a00c-83d34bf2d9d4:192.168.157.195:34693, d21ee1f1-33f6-483c-a18b-27782ce1915a:192.168.157.195:46462], old=null
2019-10-23 22:21:53,585 [grpc-default-executor-3] INFO  impl.RaftServerImpl (RaftServerImpl.java:setRole(184)) - 1c51b35f-55cb-4636-a00c-83d34bf2d9d4@group-F043E0AED0ED: changes role from  FOLLOWER to FOLLOWER at term 107 for recognizeCandidate:aed1b97f-105e-4684-b087-4b6333aa3ced
2019-10-23 22:21:53,585 [grpc-default-executor-3] INFO  impl.RoleInfo (RoleInfo.java:shutdownFollowerState(121)) - 1c51b35f-55cb-4636-a00c-83d34bf2d9d4: shutdown FollowerState
2019-10-23 22:21:53,586 [grpc-default-executor-4] INFO  impl.RaftServerImpl (RaftServerImpl.java:setRole(184)) - d21ee1f1-33f6-483c-a18b-27782ce1915a@group-F043E0AED0ED: changes role from  FOLLOWER to FOLLOWER at term 107 for recognizeCandidate:aed1b97f-105e-4684-b087-4b6333aa3ced
2019-10-23 22:21:53,586 [grpc-default-executor-4] INFO  impl.RoleInfo (RoleInfo.java:shutdownFollowerState(121)) - d21ee1f1-33f6-483c-a18b-27782ce1915a: shutdown FollowerState
2019-10-23 22:21:53,586 [Thread-875] INFO  impl.FollowerState (FollowerState.java:run(117)) - 1c51b35f-55cb-4636-a00c-83d34bf2d9d4@group-F043E0AED0ED-FollowerState was interrupted: java.lang.InterruptedException: sleep interrupted
2019-10-23 22:21:53,586 [grpc-default-executor-3] INFO  impl.RoleInfo (RoleInfo.java:updateAndGet(143)) - 1c51b35f-55cb-4636-a00c-83d34bf2d9d4: start FollowerState
2019-10-23 22:21:53,586 [Thread-876] INFO  impl.FollowerState (FollowerState.java:run(117)) - d21ee1f1-33f6-483c-a18b-27782ce1915a@group-F043E0AED0ED-FollowerState was interrupted: java.lang.InterruptedException: sleep interrupted
2019-10-23 22:21:53,586 [grpc-default-executor-4] INFO  impl.RoleInfo (RoleInfo.java:updateAndGet(143)) - d21ee1f1-33f6-483c-a18b-27782ce1915a: start FollowerState
2019-10-23 22:21:53,612 [aed1b97f-105e-4684-b087-4b6333aa3ced@group-F043E0AED0ED-LeaderElection98] INFO  impl.LeaderElection (LeaderElection.java:logAndReturn(56)) - aed1b97f-105e-4684-b087-4b6333aa3ced@group-F043E0AED0ED-LeaderElection98: Election REJECTED; received 2 response(s) [aed1b97f-105e-4684-b087-4b6333aa3ced<-1c51b35f-55cb-4636-a00c-83d34bf2d9d4#0:FAIL-t107, aed1b97f-105e-4684-b087-4b6333aa3ced<-d21ee1f1-33f6-483c-a18b-27782ce1915a#0:FAIL-t107] and 0 exception(s); aed1b97f-105e-4684-b087-4b6333aa3ced@group-F043E0AED0ED:t107, leader=null, voted=aed1b97f-105e-4684-b087-4b6333aa3ced, raftlog=aed1b97f-105e-4684-b087-4b6333aa3ced@group-F043E0AED0ED-SegmentedRaftLog:OPENED:c-1,f-1,i0, conf=-1: [aed1b97f-105e-4684-b087-4b6333aa3ced:192.168.157.195:34943, 1c51b35f-55cb-4636-a00c-83d34bf2d9d4:192.168.157.195:34693, d21ee1f1-33f6-483c-a18b-27782ce1915a:192.168.157.195:46462], old=null
2019-10-23 22:21:53,613 [aed1b97f-105e-4684-b087-4b6333aa3ced@group-F043E0AED0ED-LeaderElection98] INFO  impl.RaftServerImpl (RaftServerImpl.java:setRole(184)) - aed1b97f-105e-4684-b087-4b6333aa3ced@group-F043E0AED0ED: changes role from CANDIDATE to FOLLOWER at term 107 for DISCOVERED_A_NEW_TERM
2019-10-23 22:21:53,613 [aed1b97f-105e-4684-b087-4b6333aa3ced@group-F043E0AED0ED-LeaderElection98] INFO  impl.RoleInfo (RoleInfo.java:shutdownLeaderElection(134)) - aed1b97f-105e-4684-b087-4b6333aa3ced: shutdown LeaderElection
2019-10-23 22:21:53,613 [aed1b97f-105e-4684-b087-4b6333aa3ced@group-F043E0AED0ED-LeaderElection98] INFO  impl.RoleInfo (RoleInfo.java:updateAndGet(143)) - aed1b97f-105e-4684-b087-4b6333aa3ced: start FollowerState
2019-10-23 22:21:53,788 [Thread-883] INFO  impl.FollowerState (FollowerState.java:run(108)) - aed1b97f-105e-4684-b087-4b6333aa3ced@group-F043E0AED0ED-FollowerState: change to CANDIDATE, lastRpcTime:174ms, electionTimeout:174ms
2019-10-23 22:21:53,788 [Thread-883] INFO  impl.RoleInfo (RoleInfo.java:shutdownFollowerState(121)) - aed1b97f-105e-4684-b087-4b6333aa3ced: shutdown FollowerState
2019-10-23 22:21:53,788 [Thread-883] INFO  impl.RaftServerImpl (RaftServerImpl.java:setRole(184)) - aed1b97f-105e-4684-b087-4b6333aa3ced@group-F043E0AED0ED: changes role from  FOLLOWER to CANDIDATE at term 107 for changeToCandidate
2019-10-23 22:21:53,788 [Thread-883] INFO  impl.RoleInfo (RoleInfo.java:updateAndGet(143)) - aed1b97f-105e-4684-b087-4b6333aa3ced: start LeaderElection
2019-10-23 22:21:53,811 [aed1b97f-105e-4684-b087-4b6333aa3ced@group-F043E0AED0ED-LeaderElection99] INFO  impl.LeaderElection (LeaderElection.java:askForVotes(178)) - aed1b97f-105e-4684-b087-4b6333aa3ced@group-F043E0AED0ED-LeaderElection99: begin an election at term 108 for -1: [aed1b97f-105e-4684-b087-4b6333aa3ced:192.168.157.195:34943, 1c51b35f-55cb-4636-a00c-83d34bf2d9d4:192.168.157.195:34693, d21ee1f1-33f6-483c-a18b-27782ce1915a:192.168.157.195:46462], old=null
2019-10-23 22:21:53,813 [grpc-default-executor-4] INFO  impl.RaftServerImpl (RaftServerImpl.java:setRole(184)) - 1c51b35f-55cb-4636-a00c-83d34bf2d9d4@group-F043E0AED0ED: changes role from  FOLLOWER to FOLLOWER at term 108 for recognizeCandidate:aed1b97f-105e-4684-b087-4b6333aa3ced
2019-10-23 22:21:53,814 [grpc-default-executor-4] INFO  impl.RoleInfo (RoleInfo.java:shutdownFollowerState(121)) - 1c51b35f-55cb-4636-a00c-83d34bf2d9d4: shutdown FollowerState
2019-10-23 22:21:53,814 [grpc-default-executor-3] INFO  impl.RaftServerImpl (RaftServerImpl.java:setRole(184)) - d21ee1f1-33f6-483c-a18b-27782ce1915a@group-F043E0AED0ED: changes role from  FOLLOWER to FOLLOWER at term 108 for recognizeCandidate:aed1b97f-105e-4684-b087-4b6333aa3ced
2019-10-23 22:21:53,814 [grpc-default-executor-3] INFO  impl.RoleInfo (RoleInfo.java:shutdownFollowerState(121)) - d21ee1f1-33f6-483c-a18b-27782ce1915a: shutdown FollowerState
2019-10-23 22:21:53,814 [Thread-881] INFO  impl.FollowerState (FollowerState.java:run(117)) - 1c51b35f-55cb-4636-a00c-83d34bf2d9d4@group-F043E0AED0ED-FollowerState was interrupted: java.lang.InterruptedException: sleep interrupted
2019-10-23 22:21:53,814 [grpc-default-executor-4] INFO  impl.RoleInfo (RoleInfo.java:updateAndGet(143)) - 1c51b35f-55cb-4636-a00c-83d34bf2d9d4: start FollowerState
2019-10-23 22:21:53,814 [Thread-882] INFO  impl.FollowerState (FollowerState.java:run(117)) - d21ee1f1-33f6-483c-a18b-27782ce1915a@group-F043E0AED0ED-FollowerState was interrupted: java.lang.InterruptedException: sleep interrupted
2019-10-23 22:21:53,814 [grpc-default-executor-3] INFO  impl.RoleInfo (RoleInfo.java:updateAndGet(143)) - d21ee1f1-33f6-483c-a18b-27782ce1915a: start FollowerState
2019-10-23 22:21:53,835 [aed1b97f-105e-4684-b087-4b6333aa3ced@group-F043E0AED0ED-LeaderElection99] INFO  impl.LeaderElection (LeaderElection.java:logAndReturn(56)) - aed1b97f-105e-4684-b087-4b6333aa3ced@group-F043E0AED0ED-LeaderElection99: Election TIMEOUT; received 0 response(s) [] and 0 exception(s); aed1b97f-105e-4684-b087-4b6333aa3ced@group-F043E0AED0ED:t108, leader=null, voted=aed1b97f-105e-4684-b087-4b6333aa3ced, raftlog=aed1b97f-105e-4684-b087-4b6333aa3ced@group-F043E0AED0ED-SegmentedRaftLog:OPENED:c-1,f-1,i0, conf=-1: [aed1b97f-105e-4684-b087-4b6333aa3ced:192.168.157.195:34943, 1c51b35f-55cb-4636-a00c-83d34bf2d9d4:192.168.157.195:34693, d21ee1f1-33f6-483c-a18b-27782ce1915a:192.168.157.195:46462], old=null
2019-10-23 22:21:53,842 [aed1b97f-105e-4684-b087-4b6333aa3ced@group-F043E0AED0ED-LeaderElection99] INFO  impl.LeaderElection (LeaderElection.java:askForVotes(178)) - aed1b97f-105e-4684-b087-4b6333aa3ced@group-F043E0AED0ED-LeaderElection99: begin an election at term 109 for -1: [aed1b97f-105e-4684-b087-4b6333aa3ced:192.168.157.195:34943, 1c51b35f-55cb-4636-a00c-83d34bf2d9d4:192.168.157.195:34693, d21ee1f1-33f6-483c-a18b-27782ce1915a:192.168.157.195:46462], old=null
2019-10-23 22:21:53,844 [grpc-default-executor-4] INFO  impl.RaftServerImpl (RaftServerImpl.java:setRole(184)) - 1c51b35f-55cb-4636-a00c-83d34bf2d9d4@group-F043E0AED0ED: changes role from  FOLLOWER to FOLLOWER at term 109 for recognizeCandidate:aed1b97f-105e-4684-b087-4b6333aa3ced
2019-10-23 22:21:53,844 [grpc-default-executor-4] INFO  impl.RoleInfo (RoleInfo.java:shutdownFollowerState(121)) - 1c51b35f-55cb-4636-a00c-83d34bf2d9d4: shutdown FollowerState
2019-10-23 22:21:53,844 [grpc-default-executor-3] INFO  impl.RaftServerImpl (RaftServerImpl.java:setRole(184)) - d21ee1f1-33f6-483c-a18b-27782ce1915a@group-F043E0AED0ED: changes role from  FOLLOWER to FOLLOWER at term 109 for recognizeCandidate:aed1b97f-105e-4684-b087-4b6333aa3ced
2019-10-23 22:21:53,844 [grpc-default-executor-3] INFO  impl.RoleInfo (RoleInfo.java:shutdownFollowerState(121)) - d21ee1f1-33f6-483c-a18b-27782ce1915a: shutdown FollowerState
2019-10-23 22:21:53,844 [Thread-887] INFO  impl.FollowerState (FollowerState.java:run(117)) - 1c51b35f-55cb-4636-a00c-83d34bf2d9d4@group-F043E0AED0ED-FollowerState was interrupted: java.lang.InterruptedException: sleep interrupted
2019-10-23 22:21:53,844 [grpc-default-executor-4] INFO  impl.RoleInfo (RoleInfo.java:updateAndGet(143)) - 1c51b35f-55cb-4636-a00c-83d34bf2d9d4: start FollowerState
2019-10-23 22:21:53,845 [Thread-888] INFO  impl.FollowerState (FollowerState.java:run(117)) - d21ee1f1-33f6-483c-a18b-27782ce1915a@group-F043E0AED0ED-FollowerState was interrupted: java.lang.InterruptedException: sleep interrupted
2019-10-23 22:21:53,844 [grpc-default-executor-3] INFO  impl.RoleInfo (RoleInfo.java:updateAndGet(143)) - d21ee1f1-33f6-483c-a18b-27782ce1915a: start FollowerState
2019-10-23 22:21:53,864 [aed1b97f-105e-4684-b087-4b6333aa3ced@group-F043E0AED0ED-LeaderElection99] INFO  impl.LeaderElection (LeaderElection.java:logAndReturn(56)) - aed1b97f-105e-4684-b087-4b6333aa3ced@group-F043E0AED0ED-LeaderElection99: Election REJECTED; received 2 response(s) [aed1b97f-105e-4684-b087-4b6333aa3ced<-1c51b35f-55cb-4636-a00c-83d34bf2d9d4#0:FAIL-t109, aed1b97f-105e-4684-b087-4b6333aa3ced<-d21ee1f1-33f6-483c-a18b-27782ce1915a#0:FAIL-t109] and 0 exception(s); aed1b97f-105e-4684-b087-4b6333aa3ced@group-F043E0AED0ED:t109, leader=null, voted=aed1b97f-105e-4684-b087-4b6333aa3ced, raftlog=aed1b97f-105e-4684-b087-4b6333aa3ced@group-F043E0AED0ED-SegmentedRaftLog:OPENED:c-1,f-1,i0, conf=-1: [aed1b97f-105e-4684-b087-4b6333aa3ced:192.168.157.195:34943, 1c51b35f-55cb-4636-a00c-83d34bf2d9d4:192.168.157.195:34693, d21ee1f1-33f6-483c-a18b-27782ce1915a:192.168.157.195:46462], old=null
2019-10-23 22:21:53,865 [aed1b97f-105e-4684-b087-4b6333aa3ced@group-F043E0AED0ED-LeaderElection99] INFO  impl.RaftServerImpl (RaftServerImpl.java:setRole(184)) - aed1b97f-105e-4684-b087-4b6333aa3ced@group-F043E0AED0ED: changes role from CANDIDATE to FOLLOWER at term 109 for DISCOVERED_A_NEW_TERM
2019-10-23 22:21:53,865 [aed1b97f-105e-4684-b087-4b6333aa3ced@group-F043E0AED0ED-LeaderElection99] INFO  impl.RoleInfo (RoleInfo.java:shutdownLeaderElection(134)) - aed1b97f-105e-4684-b087-4b6333aa3ced: shutdown LeaderElection
2019-10-23 22:21:53,866 [aed1b97f-105e-4684-b087-4b6333aa3ced@group-F043E0AED0ED-LeaderElection99] INFO  impl.RoleInfo (RoleInfo.java:updateAndGet(143)) - aed1b97f-105e-4684-b087-4b6333aa3ced: start FollowerState
2019-10-23 22:21:53,926 [Thread-895] INFO  impl.FollowerState (FollowerState.java:run(108)) - aed1b97f-105e-4684-b087-4b6333aa3ced@group-F043E0AED0ED-FollowerState: change to CANDIDATE, lastRpcTime:59ms, electionTimeout:59ms
2019-10-23 22:21:53,926 [Thread-895] INFO  impl.RoleInfo (RoleInfo.java:shutdownFollowerState(121)) - aed1b97f-105e-4684-b087-4b6333aa3ced: shutdown FollowerState
2019-10-23 22:21:53,926 [Thread-895] INFO  impl.RaftServerImpl (RaftServerImpl.java:setRole(184)) - aed1b97f-105e-4684-b087-4b6333aa3ced@group-F043E0AED0ED: changes role from  FOLLOWER to CANDIDATE at term 109 for changeToCandidate
2019-10-23 22:21:53,926 [Thread-895] INFO  impl.RoleInfo (RoleInfo.java:updateAndGet(143)) - aed1b97f-105e-4684-b087-4b6333aa3ced: start LeaderElection
2019-10-23 22:21:53,942 [aed1b97f-105e-4684-b087-4b6333aa3ced@group-F043E0AED0ED-LeaderElection100] INFO  impl.LeaderElection (LeaderElection.java:askForVotes(178)) - aed1b97f-105e-4684-b087-4b6333aa3ced@group-F043E0AED0ED-LeaderElection100: begin an election at term 110 for -1: [aed1b97f-105e-4684-b087-4b6333aa3ced:192.168.157.195:34943, 1c51b35f-55cb-4636-a00c-83d34bf2d9d4:192.168.157.195:34693, d21ee1f1-33f6-483c-a18b-27782ce1915a:192.168.157.195:46462], old=null
2019-10-23 22:21:53,944 [grpc-default-executor-0] INFO  impl.RaftServerImpl (RaftServerImpl.java:setRole(184)) - 1c51b35f-55cb-4636-a00c-83d34bf2d9d4@group-F043E0AED0ED: changes role from  FOLLOWER to FOLLOWER at term 110 for recognizeCandidate:aed1b97f-105e-4684-b087-4b6333aa3ced
2019-10-23 22:21:53,945 [grpc-default-executor-0] INFO  impl.RoleInfo (RoleInfo.java:shutdownFollowerState(121)) - 1c51b35f-55cb-4636-a00c-83d34bf2d9d4: shutdown FollowerState
2019-10-23 22:21:53,945 [grpc-default-executor-4] INFO  impl.RaftServerImpl (RaftServerImpl.java:setRole(184)) - d21ee1f1-33f6-483c-a18b-27782ce1915a@group-F043E0AED0ED: changes role from  FOLLOWER to FOLLOWER at term 110 for recognizeCandidate:aed1b97f-105e-4684-b087-4b6333aa3ced
2019-10-23 22:21:53,945 [grpc-default-executor-4] INFO  impl.RoleInfo (RoleInfo.java:shutdownFollowerState(121)) - d21ee1f1-33f6-483c-a18b-27782ce1915a: shutdown FollowerState
2019-10-23 22:21:53,945 [Thread-891] INFO  impl.FollowerState (FollowerState.java:run(117)) - 1c51b35f-55cb-4636-a00c-83d34bf2d9d4@group-F043E0AED0ED-FollowerState was interrupted: java.lang.InterruptedException: sleep interrupted
2019-10-23 22:21:53,945 [grpc-default-executor-0] INFO  impl.RoleInfo (RoleInfo.java:updateAndGet(143)) - 1c51b35f-55cb-4636-a00c-83d34bf2d9d4: start FollowerState
2019-10-23 22:21:53,945 [Thread-892] INFO  impl.FollowerState (FollowerState.java:run(117)) - d21ee1f1-33f6-483c-a18b-27782ce1915a@group-F043E0AED0ED-FollowerState was interrupted: java.lang.InterruptedException: sleep interrupted
2019-10-23 22:21:53,945 [grpc-default-executor-4] INFO  impl.RoleInfo (RoleInfo.java:updateAndGet(143)) - d21ee1f1-33f6-483c-a18b-27782ce1915a: start FollowerState
2019-10-23 22:21:53,972 [aed1b97f-105e-4684-b087-4b6333aa3ced@group-F043E0AED0ED-LeaderElection100] INFO  impl.LeaderElection (LeaderElection.java:logAndReturn(56)) - aed1b97f-105e-4684-b087-4b6333aa3ced@group-F043E0AED0ED-LeaderElection100: Election REJECTED; received 2 response(s) [aed1b97f-105e-4684-b087-4b6333aa3ced<-1c51b35f-55cb-4636-a00c-83d34bf2d9d4#0:FAIL-t110, aed1b97f-105e-4684-b087-4b6333aa3ced<-d21ee1f1-33f6-483c-a18b-27782ce1915a#0:FAIL-t110] and 0 exception(s); aed1b97f-105e-4684-b087-4b6333aa3ced@group-F043E0AED0ED:t110, leader=null, voted=aed1b97f-105e-4684-b087-4b6333aa3ced, raftlog=aed1b97f-105e-4684-b087-4b6333aa3ced@group-F043E0AED0ED-SegmentedRaftLog:OPENED:c-1,f-1,i0, conf=-1: [aed1b97f-105e-4684-b087-4b6333aa3ced:192.168.157.195:34943, 1c51b35f-55cb-4636-a00c-83d34bf2d9d4:192.168.157.195:34693, d21ee1f1-33f6-483c-a18b-27782ce1915a:192.168.157.195:46462], old=null
2019-10-23 22:21:53,972 [aed1b97f-105e-4684-b087-4b6333aa3ced@group-F043E0AED0ED-LeaderElection100] INFO  impl.RaftServerImpl (RaftServerImpl.java:setRole(184)) - aed1b97f-105e-4684-b087-4b6333aa3ced@group-F043E0AED0ED: changes role from CANDIDATE to FOLLOWER at term 110 for DISCOVERED_A_NEW_TERM
2019-10-23 22:21:53,972 [aed1b97f-105e-4684-b087-4b6333aa3ced@group-F043E0AED0ED-LeaderElection100] INFO  impl.RoleInfo (RoleInfo.java:shutdownLeaderElection(134)) - aed1b97f-105e-4684-b087-4b6333aa3ced: shutdown LeaderElection
2019-10-23 22:21:53,973 [aed1b97f-105e-4684-b087-4b6333aa3ced@group-F043E0AED0ED-LeaderElection100] INFO  impl.RoleInfo (RoleInfo.java:updateAndGet(143)) - aed1b97f-105e-4684-b087-4b6333aa3ced: start FollowerState
2019-10-23 22:21:53,985 [Thread-901] INFO  impl.FollowerState (FollowerState.java:run(108)) - aed1b97f-105e-4684-b087-4b6333aa3ced@group-F043E0AED0ED-FollowerState: change to CANDIDATE, lastRpcTime:12ms, electionTimeout:12ms
2019-10-23 22:21:53,985 [Thread-901] INFO  impl.RoleInfo (RoleInfo.java:shutdownFollowerState(121)) - aed1b97f-105e-4684-b087-4b6333aa3ced: shutdown FollowerState
2019-10-23 22:21:53,985 [Thread-901] INFO  impl.RaftServerImpl (RaftServerImpl.java:setRole(184)) - aed1b97f-105e-4684-b087-4b6333aa3ced@group-F043E0AED0ED: changes role from  FOLLOWER to CANDIDATE at term 110 for changeToCandidate
2019-10-23 22:21:53,986 [Thread-901] INFO  impl.RoleInfo (RoleInfo.java:updateAndGet(143)) - aed1b97f-105e-4684-b087-4b6333aa3ced: start LeaderElection
2019-10-23 22:21:53,999 [aed1b97f-105e-4684-b087-4b6333aa3ced@group-F043E0AED0ED-LeaderElection101] INFO  impl.LeaderElection (LeaderElection.java:askForVotes(178)) - aed1b97f-105e-4684-b087-4b6333aa3ced@group-F043E0AED0ED-LeaderElection101: begin an election at term 111 for -1: [aed1b97f-105e-4684-b087-4b6333aa3ced:192.168.157.195:34943, 1c51b35f-55cb-4636-a00c-83d34bf2d9d4:192.168.157.195:34693, d21ee1f1-33f6-483c-a18b-27782ce1915a:192.168.157.195:46462], old=null
2019-10-23 22:21:54,002 [grpc-default-executor-4] INFO  impl.RaftServerImpl (RaftServerImpl.java:setRole(184)) - d21ee1f1-33f6-483c-a18b-27782ce1915a@group-F043E0AED0ED: changes role from  FOLLOWER to FOLLOWER at term 111 for recognizeCandidate:aed1b97f-105e-4684-b087-4b6333aa3ced
2019-10-23 22:21:54,002 [grpc-default-executor-0] INFO  impl.RaftServerImpl (RaftServerImpl.java:setRole(184)) - 1c51b35f-55cb-4636-a00c-83d34bf2d9d4@group-F043E0AED0ED: changes role from  FOLLOWER to FOLLOWER at term 111 for recognizeCandidate:aed1b97f-105e-4684-b087-4b6333aa3ced
2019-10-23 22:21:54,002 [grpc-default-executor-4] INFO  impl.RoleInfo (RoleInfo.java:shutdownFollowerState(121)) - d21ee1f1-33f6-483c-a18b-27782ce1915a: shutdown FollowerState
2019-10-23 22:21:54,002 [grpc-default-executor-0] INFO  impl.RoleInfo (RoleInfo.java:shutdownFollowerState(121)) - 1c51b35f-55cb-4636-a00c-83d34bf2d9d4: shutdown FollowerState
2019-10-23 22:21:54,002 [Thread-900] INFO  impl.FollowerState (FollowerState.java:run(117)) - d21ee1f1-33f6-483c-a18b-27782ce1915a@group-F043E0AED0ED-FollowerState was interrupted: java.lang.InterruptedException: sleep interrupted
2019-10-23 22:21:54,002 [grpc-default-executor-4] INFO  impl.RoleInfo (RoleInfo.java:updateAndGet(143)) - d21ee1f1-33f6-483c-a18b-27782ce1915a: start FollowerState
2019-10-23 22:21:54,002 [Thread-899] INFO  impl.FollowerState (FollowerState.java:run(117)) - 1c51b35f-55cb-4636-a00c-83d34bf2d9d4@group-F043E0AED0ED-FollowerState was interrupted: java.lang.InterruptedException: sleep interrupted
2019-10-23 22:21:54,002 [grpc-default-executor-0] INFO  impl.RoleInfo (RoleInfo.java:updateAndGet(143)) - 1c51b35f-55cb-4636-a00c-83d34bf2d9d4: start FollowerState
2019-10-23 22:21:54,029 [aed1b97f-105e-4684-b087-4b6333aa3ced@group-F043E0AED0ED-LeaderElection101] INFO  impl.LeaderElection (LeaderElection.java:logAndReturn(56)) - aed1b97f-105e-4684-b087-4b6333aa3ced@group-F043E0AED0ED-LeaderElection101: Election REJECTED; received 2 response(s) [aed1b97f-105e-4684-b087-4b6333aa3ced<-1c51b35f-55cb-4636-a00c-83d34bf2d9d4#0:FAIL-t111, aed1b97f-105e-4684-b087-4b6333aa3ced<-d21ee1f1-33f6-483c-a18b-27782ce1915a#0:FAIL-t111] and 0 exception(s); aed1b97f-105e-4684-b087-4b6333aa3ced@group-F043E0AED0ED:t111, leader=null, voted=aed1b97f-105e-4684-b087-4b6333aa3ced, raftlog=aed1b97f-105e-4684-b087-4b6333aa3ced@group-F043E0AED0ED-SegmentedRaftLog:OPENED:c-1,f-1,i0, conf=-1: [aed1b97f-105e-4684-b087-4b6333aa3ced:192.168.157.195:34943, 1c51b35f-55cb-4636-a00c-83d34bf2d9d4:192.168.157.195:34693, d21ee1f1-33f6-483c-a18b-27782ce1915a:192.168.157.195:46462], old=null
2019-10-23 22:21:54,029 [aed1b97f-105e-4684-b087-4b6333aa3ced@group-F043E0AED0ED-LeaderElection101] INFO  impl.RaftServerImpl (RaftServerImpl.java:setRole(184)) - aed1b97f-105e-4684-b087-4b6333aa3ced@group-F043E0AED0ED: changes role from CANDIDATE to FOLLOWER at term 111 for DISCOVERED_A_NEW_TERM
2019-10-23 22:21:54,030 [aed1b97f-105e-4684-b087-4b6333aa3ced@group-F043E0AED0ED-LeaderElection101] INFO  impl.RoleInfo (RoleInfo.java:shutdownLeaderElection(134)) - aed1b97f-105e-4684-b087-4b6333aa3ced: shutdown LeaderElection
2019-10-23 22:21:54,030 [aed1b97f-105e-4684-b087-4b6333aa3ced@group-F043E0AED0ED-LeaderElection101] INFO  impl.RoleInfo (RoleInfo.java:updateAndGet(143)) - aed1b97f-105e-4684-b087-4b6333aa3ced: start FollowerState
2019-10-23 22:21:54,225 [Thread-907] INFO  impl.FollowerState (FollowerState.java:run(108)) - aed1b97f-105e-4684-b087-4b6333aa3ced@group-F043E0AED0ED-FollowerState: change to CANDIDATE, lastRpcTime:195ms, electionTimeout:195ms
2019-10-23 22:21:54,226 [Thread-907] INFO  impl.RoleInfo (RoleInfo.java:shutdownFollowerState(121)) - aed1b97f-105e-4684-b087-4b6333aa3ced: shutdown FollowerState
2019-10-23 22:21:54,226 [Thread-907] INFO  impl.RaftServerImpl (RaftServerImpl.java:setRole(184)) - aed1b97f-105e-4684-b087-4b6333aa3ced@group-F043E0AED0ED: changes role from  FOLLOWER to CANDIDATE at term 111 for changeToCandidate
2019-10-23 22:21:54,226 [Thread-907] INFO  impl.RoleInfo (RoleInfo.java:updateAndGet(143)) - aed1b97f-105e-4684-b087-4b6333aa3ced: start LeaderElection
2019-10-23 22:21:54,251 [aed1b97f-105e-4684-b087-4b6333aa3ced@group-F043E0AED0ED-LeaderElection102] INFO  impl.LeaderElection (LeaderElection.java:askForVotes(178)) - aed1b97f-105e-4684-b087-4b6333aa3ced@group-F043E0AED0ED-LeaderElection102: begin an election at term 112 for -1: [aed1b97f-105e-4684-b087-4b6333aa3ced:192.168.157.195:34943, 1c51b35f-55cb-4636-a00c-83d34bf2d9d4:192.168.157.195:34693, d21ee1f1-33f6-483c-a18b-27782ce1915a:192.168.157.195:46462], old=null
2019-10-23 22:21:54,255 [grpc-default-executor-4] INFO  impl.RaftServerImpl (RaftServerImpl.java:setRole(184)) - 1c51b35f-55cb-4636-a00c-83d34bf2d9d4@group-F043E0AED0ED: changes role from  FOLLOWER to FOLLOWER at term 112 for recognizeCandidate:aed1b97f-105e-4684-b087-4b6333aa3ced
2019-10-23 22:21:54,255 [grpc-default-executor-0] INFO  impl.RaftServerImpl (RaftServerImpl.java:setRole(184)) - d21ee1f1-33f6-483c-a18b-27782ce1915a@group-F043E0AED0ED: changes role from  FOLLOWER to FOLLOWER at term 112 for recognizeCandidate:aed1b97f-105e-4684-b087-4b6333aa3ced
2019-10-23 22:21:54,256 [grpc-default-executor-0] INFO  impl.RoleInfo (RoleInfo.java:shutdownFollowerState(121)) - d21ee1f1-33f6-483c-a18b-27782ce1915a: shutdown FollowerState
2019-10-23 22:21:54,255 [grpc-default-executor-4] INFO  impl.RoleInfo (RoleInfo.java:shutdownFollowerState(121)) - 1c51b35f-55cb-4636-a00c-83d34bf2d9d4: shutdown FollowerState
2019-10-23 22:21:54,256 [Thread-905] INFO  impl.FollowerState (FollowerState.java:run(117)) - d21ee1f1-33f6-483c-a18b-27782ce1915a@group-F043E0AED0ED-FollowerState was interrupted: java.lang.InterruptedException: sleep interrupted
2019-10-23 22:21:54,256 [grpc-default-executor-0] INFO  impl.RoleInfo (RoleInfo.java:updateAndGet(143)) - d21ee1f1-33f6-483c-a18b-27782ce1915a: start FollowerState
2019-10-23 22:21:54,256 [Thread-906] INFO  impl.FollowerState (FollowerState.java:run(117)) - 1c51b35f-55cb-4636-a00c-83d34bf2d9d4@group-F043E0AED0ED-FollowerState was interrupted: java.lang.InterruptedException: sleep interrupted
2019-10-23 22:21:54,256 [grpc-default-executor-4] INFO  impl.RoleInfo (RoleInfo.java:updateAndGet(143)) - 1c51b35f-55cb-4636-a00c-83d34bf2d9d4: start FollowerState
2019-10-23 22:21:54,272 [aed1b97f-105e-4684-b087-4b6333aa3ced@group-F043E0AED0ED-LeaderElection102] INFO  impl.LeaderElection (LeaderElection.java:logAndReturn(56)) - aed1b97f-105e-4684-b087-4b6333aa3ced@group-F043E0AED0ED-LeaderElection102: Election REJECTED; received 2 response(s) [aed1b97f-105e-4684-b087-4b6333aa3ced<-1c51b35f-55cb-4636-a00c-83d34bf2d9d4#0:FAIL-t112, aed1b97f-105e-4684-b087-4b6333aa3ced<-d21ee1f1-33f6-483c-a18b-27782ce1915a#0:FAIL-t112] and 0 exception(s); aed1b97f-105e-4684-b087-4b6333aa3ced@group-F043E0AED0ED:t112, leader=null, voted=aed1b97f-105e-4684-b087-4b6333aa3ced, raftlog=aed1b97f-105e-4684-b087-4b6333aa3ced@group-F043E0AED0ED-SegmentedRaftLog:OPENED:c-1,f-1,i0, conf=-1: [aed1b97f-105e-4684-b087-4b6333aa3ced:192.168.157.195:34943, 1c51b35f-55cb-4636-a00c-83d34bf2d9d4:192.168.157.195:34693, d21ee1f1-33f6-483c-a18b-27782ce1915a:192.168.157.195:46462], old=null
2019-10-23 22:21:54,272 [aed1b97f-105e-4684-b087-4b6333aa3ced@group-F043E0AED0ED-LeaderElection102] INFO  impl.RaftServerImpl (RaftServerImpl.java:setRole(184)) - aed1b97f-105e-4684-b087-4b6333aa3ced@group-F043E0AED0ED: changes role from CANDIDATE to FOLLOWER at term 112 for DISCOVERED_A_NEW_TERM
2019-10-23 22:21:54,272 [aed1b97f-105e-4684-b087-4b6333aa3ced@group-F043E0AED0ED-LeaderElection102] INFO  impl.RoleInfo (RoleInfo.java:shutdownLeaderElection(134)) - aed1b97f-105e-4684-b087-4b6333aa3ced: shutdown LeaderElection
2019-10-23 22:21:54,272 [aed1b97f-105e-4684-b087-4b6333aa3ced@group-F043E0AED0ED-LeaderElection102] INFO  impl.RoleInfo (RoleInfo.java:updateAndGet(143)) - aed1b97f-105e-4684-b087-4b6333aa3ced: start FollowerState
2019-10-23 22:21:54,290 [Thread-913] INFO  impl.FollowerState (FollowerState.java:run(108)) - aed1b97f-105e-4684-b087-4b6333aa3ced@group-F043E0AED0ED-FollowerState: change to CANDIDATE, lastRpcTime:17ms, electionTimeout:17ms
2019-10-23 22:21:54,290 [Thread-913] INFO  impl.RoleInfo (RoleInfo.java:shutdownFollowerState(121)) - aed1b97f-105e-4684-b087-4b6333aa3ced: shutdown FollowerState
2019-10-23 22:21:54,290 [Thread-913] INFO  impl.RaftServerImpl (RaftServerImpl.java:setRole(184)) - aed1b97f-105e-4684-b087-4b6333aa3ced@group-F043E0AED0ED: changes role from  FOLLOWER to CANDIDATE at term 112 for changeToCandidate
2019-10-23 22:21:54,290 [Thread-913] INFO  impl.RoleInfo (RoleInfo.java:updateAndGet(143)) - aed1b97f-105e-4684-b087-4b6333aa3ced: start LeaderElection
2019-10-23 22:21:54,303 [aed1b97f-105e-4684-b087-4b6333aa3ced@group-F043E0AED0ED-LeaderElection103] INFO  impl.LeaderElection (LeaderElection.java:askForVotes(178)) - aed1b97f-105e-4684-b087-4b6333aa3ced@group-F043E0AED0ED-LeaderElection103: begin an election at term 113 for -1: [aed1b97f-105e-4684-b087-4b6333aa3ced:192.168.157.195:34943, 1c51b35f-55cb-4636-a00c-83d34bf2d9d4:192.168.157.195:34693, d21ee1f1-33f6-483c-a18b-27782ce1915a:192.168.157.195:46462], old=null
2019-10-23 22:21:54,306 [grpc-default-executor-4] INFO  impl.RaftServerImpl (RaftServerImpl.java:setRole(184)) - 1c51b35f-55cb-4636-a00c-83d34bf2d9d4@group-F043E0AED0ED: changes role from  FOLLOWER to FOLLOWER at term 113 for recognizeCandidate:aed1b97f-105e-4684-b087-4b6333aa3ced
2019-10-23 22:21:54,306 [grpc-default-executor-4] INFO  impl.RoleInfo (RoleInfo.java:shutdownFollowerState(121)) - 1c51b35f-55cb-4636-a00c-83d34bf2d9d4: shutdown FollowerState
2019-10-23 22:21:54,306 [grpc-default-executor-0] INFO  impl.RaftServerImpl (RaftServerImpl.java:setRole(184)) - d21ee1f1-33f6-483c-a18b-27782ce1915a@group-F043E0AED0ED: changes role from  FOLLOWER to FOLLOWER at term 113 for recognizeCandidate:aed1b97f-105e-4684-b087-4b6333aa3ced
2019-10-23 22:21:54,307 [Thread-912] INFO  impl.FollowerState (FollowerState.java:run(117)) - 1c51b35f-55cb-4636-a00c-83d34bf2d9d4@group-F043E0AED0ED-FollowerState was interrupted: java.lang.InterruptedException: sleep interrupted
2019-10-23 22:21:54,307 [grpc-default-executor-4] INFO  impl.RoleInfo (RoleInfo.java:updateAndGet(143)) - 1c51b35f-55cb-4636-a00c-83d34bf2d9d4: start FollowerState
2019-10-23 22:21:54,307 [grpc-default-executor-0] INFO  impl.RoleInfo (RoleInfo.java:shutdownFollowerState(121)) - d21ee1f1-33f6-483c-a18b-27782ce1915a: shutdown FollowerState
2019-10-23 22:21:54,307 [grpc-default-executor-0] INFO  impl.RoleInfo (RoleInfo.java:updateAndGet(143)) - d21ee1f1-33f6-483c-a18b-27782ce1915a: start FollowerState
2019-10-23 22:21:54,307 [Thread-911] INFO  impl.FollowerState (FollowerState.java:run(117)) - d21ee1f1-33f6-483c-a18b-27782ce1915a@group-F043E0AED0ED-FollowerState was interrupted: java.lang.InterruptedException: sleep interrupted
2019-10-23 22:21:54,323 [aed1b97f-105e-4684-b087-4b6333aa3ced@group-F043E0AED0ED-LeaderElection103] INFO  impl.LeaderElection (LeaderElection.java:logAndReturn(56)) - aed1b97f-105e-4684-b087-4b6333aa3ced@group-F043E0AED0ED-LeaderElection103: Election TIMEOUT; received 0 response(s) [] and 0 exception(s); aed1b97f-105e-4684-b087-4b6333aa3ced@group-F043E0AED0ED:t113, leader=null, voted=aed1b97f-105e-4684-b087-4b6333aa3ced, raftlog=aed1b97f-105e-4684-b087-4b6333aa3ced@group-F043E0AED0ED-SegmentedRaftLog:OPENED:c-1,f-1,i0, conf=-1: [aed1b97f-105e-4684-b087-4b6333aa3ced:192.168.157.195:34943, 1c51b35f-55cb-4636-a00c-83d34bf2d9d4:192.168.157.195:34693, d21ee1f1-33f6-483c-a18b-27782ce1915a:192.168.157.195:46462], old=null
2019-10-23 22:21:54,341 [aed1b97f-105e-4684-b087-4b6333aa3ced@group-F043E0AED0ED-LeaderElection103] INFO  impl.LeaderElection (LeaderElection.java:askForVotes(178)) - aed1b97f-105e-4684-b087-4b6333aa3ced@group-F043E0AED0ED-LeaderElection103: begin an election at term 114 for -1: [aed1b97f-105e-4684-b087-4b6333aa3ced:192.168.157.195:34943, 1c51b35f-55cb-4636-a00c-83d34bf2d9d4:192.168.157.195:34693, d21ee1f1-33f6-483c-a18b-27782ce1915a:192.168.157.195:46462], old=null
2019-10-23 22:21:54,343 [grpc-default-executor-0] INFO  impl.RaftServerImpl (RaftServerImpl.java:setRole(184)) - 1c51b35f-55cb-4636-a00c-83d34bf2d9d4@group-F043E0AED0ED: changes role from  FOLLOWER to FOLLOWER at term 114 for recognizeCandidate:aed1b97f-105e-4684-b087-4b6333aa3ced
2019-10-23 22:21:54,343 [grpc-default-executor-4] INFO  impl.RaftServerImpl (RaftServerImpl.java:setRole(184)) - d21ee1f1-33f6-483c-a18b-27782ce1915a@group-F043E0AED0ED: changes role from  FOLLOWER to FOLLOWER at term 114 for recognizeCandidate:aed1b97f-105e-4684-b087-4b6333aa3ced
2019-10-23 22:21:54,343 [grpc-default-executor-0] INFO  impl.RoleInfo (RoleInfo.java:shutdownFollowerState(121)) - 1c51b35f-55cb-4636-a00c-83d34bf2d9d4: shutdown FollowerState
2019-10-23 22:21:54,344 [grpc-default-executor-4] INFO  impl.RoleInfo (RoleInfo.java:shutdownFollowerState(121)) - d21ee1f1-33f6-483c-a18b-27782ce1915a: shutdown FollowerState
2019-10-23 22:21:54,344 [Thread-917] INFO  impl.FollowerState (FollowerState.java:run(117)) - 1c51b35f-55cb-4636-a00c-83d34bf2d9d4@group-F043E0AED0ED-FollowerState was interrupted: java.lang.InterruptedException: sleep interrupted
2019-10-23 22:21:54,344 [grpc-default-executor-0] INFO  impl.RoleInfo (RoleInfo.java:updateAndGet(143)) - 1c51b35f-55cb-4636-a00c-83d34bf2d9d4: start FollowerState
2019-10-23 22:21:54,344 [Thread-918] INFO  impl.FollowerState (FollowerState.java:run(117)) - d21ee1f1-33f6-483c-a18b-27782ce1915a@group-F043E0AED0ED-FollowerState was interrupted: java.lang.InterruptedException: sleep interrupted
2019-10-23 22:21:54,344 [grpc-default-executor-4] INFO  impl.RoleInfo (RoleInfo.java:updateAndGet(143)) - d21ee1f1-33f6-483c-a18b-27782ce1915a: start FollowerState
2019-10-23 22:21:54,355 [aed1b97f-105e-4684-b087-4b6333aa3ced@group-F043E0AED0ED-LeaderElection103] INFO  impl.LeaderElection (LeaderElection.java:logAndReturn(56)) - aed1b97f-105e-4684-b087-4b6333aa3ced@group-F043E0AED0ED-LeaderElection103: Election REJECTED; received 2 response(s) [aed1b97f-105e-4684-b087-4b6333aa3ced<-1c51b35f-55cb-4636-a00c-83d34bf2d9d4#0:FAIL-t114, aed1b97f-105e-4684-b087-4b6333aa3ced<-d21ee1f1-33f6-483c-a18b-27782ce1915a#0:FAIL-t114] and 0 exception(s); aed1b97f-105e-4684-b087-4b6333aa3ced@group-F043E0AED0ED:t114, leader=null, voted=aed1b97f-105e-4684-b087-4b6333aa3ced, raftlog=aed1b97f-105e-4684-b087-4b6333aa3ced@group-F043E0AED0ED-SegmentedRaftLog:OPENED:c-1,f-1,i0, conf=-1: [aed1b97f-105e-4684-b087-4b6333aa3ced:192.168.157.195:34943, 1c51b35f-55cb-4636-a00c-83d34bf2d9d4:192.168.157.195:34693, d21ee1f1-33f6-483c-a18b-27782ce1915a:192.168.157.195:46462], old=null
2019-10-23 22:21:54,355 [aed1b97f-105e-4684-b087-4b6333aa3ced@group-F043E0AED0ED-LeaderElection103] INFO  impl.RaftServerImpl (RaftServerImpl.java:setRole(184)) - aed1b97f-105e-4684-b087-4b6333aa3ced@group-F043E0AED0ED: changes role from CANDIDATE to FOLLOWER at term 114 for DISCOVERED_A_NEW_TERM
2019-10-23 22:21:54,355 [aed1b97f-105e-4684-b087-4b6333aa3ced@group-F043E0AED0ED-LeaderElection103] INFO  impl.RoleInfo (RoleInfo.java:shutdownLeaderElection(134)) - aed1b97f-105e-4684-b087-4b6333aa3ced: shutdown LeaderElection
2019-10-23 22:21:54,355 [aed1b97f-105e-4684-b087-4b6333aa3ced@group-F043E0AED0ED-LeaderElection103] INFO  impl.RoleInfo (RoleInfo.java:updateAndGet(143)) - aed1b97f-105e-4684-b087-4b6333aa3ced: start FollowerState
2019-10-23 22:21:54,392 [Thread-923] INFO  impl.FollowerState (FollowerState.java:run(108)) - aed1b97f-105e-4684-b087-4b6333aa3ced@group-F043E0AED0ED-FollowerState: change to CANDIDATE, lastRpcTime:36ms, electionTimeout:36ms
2019-10-23 22:21:54,392 [Thread-923] INFO  impl.RoleInfo (RoleInfo.java:shutdownFollowerState(121)) - aed1b97f-105e-4684-b087-4b6333aa3ced: shutdown FollowerState
2019-10-23 22:21:54,392 [Thread-923] INFO  impl.RaftServerImpl (RaftServerImpl.java:setRole(184)) - aed1b97f-105e-4684-b087-4b6333aa3ced@group-F043E0AED0ED: changes role from  FOLLOWER to CANDIDATE at term 114 for changeToCandidate
2019-10-23 22:21:54,392 [Thread-923] INFO  impl.RoleInfo (RoleInfo.java:updateAndGet(143)) - aed1b97f-105e-4684-b087-4b6333aa3ced: start LeaderElection
2019-10-23 22:21:54,419 [aed1b97f-105e-4684-b087-4b6333aa3ced@group-F043E0AED0ED-LeaderElection104] INFO  impl.LeaderElection (LeaderElection.java:askForVotes(178)) - aed1b97f-105e-4684-b087-4b6333aa3ced@group-F043E0AED0ED-LeaderElection104: begin an election at term 115 for -1: [aed1b97f-105e-4684-b087-4b6333aa3ced:192.168.157.195:34943, 1c51b35f-55cb-4636-a00c-83d34bf2d9d4:192.168.157.195:34693, d21ee1f1-33f6-483c-a18b-27782ce1915a:192.168.157.195:46462], old=null
2019-10-23 22:21:54,424 [grpc-default-executor-0] INFO  impl.RaftServerImpl (RaftServerImpl.java:setRole(184)) - 1c51b35f-55cb-4636-a00c-83d34bf2d9d4@group-F043E0AED0ED: changes role from  FOLLOWER to FOLLOWER at term 115 for recognizeCandidate:aed1b97f-105e-4684-b087-4b6333aa3ced
2019-10-23 22:21:54,424 [grpc-default-executor-0] INFO  impl.RoleInfo (RoleInfo.java:shutdownFollowerState(121)) - 1c51b35f-55cb-4636-a00c-83d34bf2d9d4: shutdown FollowerState
2019-10-23 22:21:54,424 [grpc-default-executor-4] INFO  impl.RaftServerImpl (RaftServerImpl.java:setRole(184)) - d21ee1f1-33f6-483c-a18b-27782ce1915a@group-F043E0AED0ED: changes role from  FOLLOWER to FOLLOWER at term 115 for recognizeCandidate:aed1b97f-105e-4684-b087-4b6333aa3ced
2019-10-23 22:21:54,425 [Thread-921] INFO  impl.FollowerState (FollowerState.java:run(117)) - 1c51b35f-55cb-4636-a00c-83d34bf2d9d4@group-F043E0AED0ED-FollowerState was interrupted: java.lang.InterruptedException: sleep interrupted
2019-10-23 22:21:54,425 [grpc-default-executor-0] INFO  impl.RoleInfo (RoleInfo.java:updateAndGet(143)) - 1c51b35f-55cb-4636-a00c-83d34bf2d9d4: start FollowerState
2019-10-23 22:21:54,425 [grpc-default-executor-4] INFO  impl.RoleInfo (RoleInfo.java:shutdownFollowerState(121)) - d21ee1f1-33f6-483c-a18b-27782ce1915a: shutdown FollowerState
2019-10-23 22:21:54,425 [grpc-default-executor-4] INFO  impl.RoleInfo (RoleInfo.java:updateAndGet(143)) - d21ee1f1-33f6-483c-a18b-27782ce1915a: start FollowerState
2019-10-23 22:21:54,426 [Thread-922] INFO  impl.FollowerState (FollowerState.java:run(117)) - d21ee1f1-33f6-483c-a18b-27782ce1915a@group-F043E0AED0ED-FollowerState was interrupted: java.lang.InterruptedException: sleep interrupted
2019-10-23 22:21:54,440 [aed1b97f-105e-4684-b087-4b6333aa3ced@group-F043E0AED0ED-LeaderElection104] INFO  impl.LeaderElection (LeaderElection.java:logAndReturn(56)) - aed1b97f-105e-4684-b087-4b6333aa3ced@group-F043E0AED0ED-LeaderElection104: Election REJECTED; received 2 response(s) [aed1b97f-105e-4684-b087-4b6333aa3ced<-1c51b35f-55cb-4636-a00c-83d34bf2d9d4#0:FAIL-t115, aed1b97f-105e-4684-b087-4b6333aa3ced<-d21ee1f1-33f6-483c-a18b-27782ce1915a#0:FAIL-t115] and 0 exception(s); aed1b97f-105e-4684-b087-4b6333aa3ced@group-F043E0AED0ED:t115, leader=null, voted=aed1b97f-105e-4684-b087-4b6333aa3ced, raftlog=aed1b97f-105e-4684-b087-4b6333aa3ced@group-F043E0AED0ED-SegmentedRaftLog:OPENED:c-1,f-1,i0, conf=-1: [aed1b97f-105e-4684-b087-4b6333aa3ced:192.168.157.195:34943, 1c51b35f-55cb-4636-a00c-83d34bf2d9d4:192.168.157.195:34693, d21ee1f1-33f6-483c-a18b-27782ce1915a:192.168.157.195:46462], old=null
2019-10-23 22:21:54,441 [aed1b97f-105e-4684-b087-4b6333aa3ced@group-F043E0AED0ED-LeaderElection104] INFO  impl.RaftServerImpl (RaftServerImpl.java:setRole(184)) - aed1b97f-105e-4684-b087-4b6333aa3ced@group-F043E0AED0ED: changes role from CANDIDATE to FOLLOWER at term 115 for DISCOVERED_A_NEW_TERM
2019-10-23 22:21:54,441 [aed1b97f-105e-4684-b087-4b6333aa3ced@group-F043E0AED0ED-LeaderElection104] INFO  impl.RoleInfo (RoleInfo.java:shutdownLeaderElection(134)) - aed1b97f-105e-4684-b087-4b6333aa3ced: shutdown LeaderElection
2019-10-23 22:21:54,441 [aed1b97f-105e-4684-b087-4b6333aa3ced@group-F043E0AED0ED-LeaderElection104] INFO  impl.RoleInfo (RoleInfo.java:updateAndGet(143)) - aed1b97f-105e-4684-b087-4b6333aa3ced: start FollowerState
2019-10-23 22:21:54,485 [Thread-929] INFO  impl.FollowerState (FollowerState.java:run(108)) - aed1b97f-105e-4684-b087-4b6333aa3ced@group-F043E0AED0ED-FollowerState: change to CANDIDATE, lastRpcTime:44ms, electionTimeout:44ms
2019-10-23 22:21:54,485 [Thread-929] INFO  impl.RoleInfo (RoleInfo.java:shutdownFollowerState(121)) - aed1b97f-105e-4684-b087-4b6333aa3ced: shutdown FollowerState
2019-10-23 22:21:54,486 [Thread-929] INFO  impl.RaftServerImpl (RaftServerImpl.java:setRole(184)) - aed1b97f-105e-4684-b087-4b6333aa3ced@group-F043E0AED0ED: changes role from  FOLLOWER to CANDIDATE at term 115 for changeToCandidate
2019-10-23 22:21:54,486 [Thread-929] INFO  impl.RoleInfo (RoleInfo.java:updateAndGet(143)) - aed1b97f-105e-4684-b087-4b6333aa3ced: start LeaderElection
2019-10-23 22:21:54,499 [aed1b97f-105e-4684-b087-4b6333aa3ced@group-F043E0AED0ED-LeaderElection105] INFO  impl.LeaderElection (LeaderElection.java:askForVotes(178)) - aed1b97f-105e-4684-b087-4b6333aa3ced@group-F043E0AED0ED-LeaderElection105: begin an election at term 116 for -1: [aed1b97f-105e-4684-b087-4b6333aa3ced:192.168.157.195:34943, 1c51b35f-55cb-4636-a00c-83d34bf2d9d4:192.168.157.195:34693, d21ee1f1-33f6-483c-a18b-27782ce1915a:192.168.157.195:46462], old=null
2019-10-23 22:21:54,502 [grpc-default-executor-4] INFO  impl.RaftServerImpl (RaftServerImpl.java:setRole(184)) - 1c51b35f-55cb-4636-a00c-83d34bf2d9d4@group-F043E0AED0ED: changes role from  FOLLOWER to FOLLOWER at term 116 for recognizeCandidate:aed1b97f-105e-4684-b087-4b6333aa3ced
2019-10-23 22:21:54,502 [grpc-default-executor-0] INFO  impl.RaftServerImpl (RaftServerImpl.java:setRole(184)) - d21ee1f1-33f6-483c-a18b-27782ce1915a@group-F043E0AED0ED: changes role from  FOLLOWER to FOLLOWER at term 116 for recognizeCandidate:aed1b97f-105e-4684-b087-4b6333aa3ced
2019-10-23 22:21:54,502 [grpc-default-executor-4] INFO  impl.RoleInfo (RoleInfo.java:shutdownFollowerState(121)) - 1c51b35f-55cb-4636-a00c-83d34bf2d9d4: shutdown FollowerState
2019-10-23 22:21:54,503 [grpc-default-executor-0] INFO  impl.RoleInfo (RoleInfo.java:shutdownFollowerState(121)) - d21ee1f1-33f6-483c-a18b-27782ce1915a: shutdown FollowerState
2019-10-23 22:21:54,503 [Thread-927] INFO  impl.FollowerState (FollowerState.java:run(117)) - 1c51b35f-55cb-4636-a00c-83d34bf2d9d4@group-F043E0AED0ED-FollowerState was interrupted: java.lang.InterruptedException: sleep interrupted
2019-10-23 22:21:54,503 [Thread-928] INFO  impl.FollowerState (FollowerState.java:run(117)) - d21ee1f1-33f6-483c-a18b-27782ce1915a@group-F043E0AED0ED-FollowerState was interrupted: java.lang.InterruptedException: sleep interrupted
2019-10-23 22:21:54,503 [grpc-default-executor-4] INFO  impl.RoleInfo (RoleInfo.java:updateAndGet(143)) - 1c51b35f-55cb-4636-a00c-83d34bf2d9d4: start FollowerState
2019-10-23 22:21:54,503 [grpc-default-executor-0] INFO  impl.RoleInfo (RoleInfo.java:updateAndGet(143)) - d21ee1f1-33f6-483c-a18b-27782ce1915a: start FollowerState
2019-10-23 22:21:54,519 [aed1b97f-105e-4684-b087-4b6333aa3ced@group-F043E0AED0ED-LeaderElection105] INFO  impl.LeaderElection (LeaderElection.java:logAndReturn(56)) - aed1b97f-105e-4684-b087-4b6333aa3ced@group-F043E0AED0ED-LeaderElection105: Election REJECTED; received 2 response(s) [aed1b97f-105e-4684-b087-4b6333aa3ced<-1c51b35f-55cb-4636-a00c-83d34bf2d9d4#0:FAIL-t116, aed1b97f-105e-4684-b087-4b6333aa3ced<-d21ee1f1-33f6-483c-a18b-27782ce1915a#0:FAIL-t116] and 0 exception(s); aed1b97f-105e-4684-b087-4b6333aa3ced@group-F043E0AED0ED:t116, leader=null, voted=aed1b97f-105e-4684-b087-4b6333aa3ced, raftlog=aed1b97f-105e-4684-b087-4b6333aa3ced@group-F043E0AED0ED-SegmentedRaftLog:OPENED:c-1,f-1,i0, conf=-1: [aed1b97f-105e-4684-b087-4b6333aa3ced:192.168.157.195:34943, 1c51b35f-55cb-4636-a00c-83d34bf2d9d4:192.168.157.195:34693, d21ee1f1-33f6-483c-a18b-27782ce1915a:192.168.157.195:46462], old=null
2019-10-23 22:21:54,519 [aed1b97f-105e-4684-b087-4b6333aa3ced@group-F043E0AED0ED-LeaderElection105] INFO  impl.RaftServerImpl (RaftServerImpl.java:setRole(184)) - aed1b97f-105e-4684-b087-4b6333aa3ced@group-F043E0AED0ED: changes role from CANDIDATE to FOLLOWER at term 116 for DISCOVERED_A_NEW_TERM
2019-10-23 22:21:54,519 [aed1b97f-105e-4684-b087-4b6333aa3ced@group-F043E0AED0ED-LeaderElection105] INFO  impl.RoleInfo (RoleInfo.java:shutdownLeaderElection(134)) - aed1b97f-105e-4684-b087-4b6333aa3ced: shutdown LeaderElection
2019-10-23 22:21:54,519 [aed1b97f-105e-4684-b087-4b6333aa3ced@group-F043E0AED0ED-LeaderElection105] INFO  impl.RoleInfo (RoleInfo.java:updateAndGet(143)) - aed1b97f-105e-4684-b087-4b6333aa3ced: start FollowerState
2019-10-23 22:21:54,623 [Thread-935] INFO  impl.FollowerState (FollowerState.java:run(108)) - aed1b97f-105e-4684-b087-4b6333aa3ced@group-F043E0AED0ED-FollowerState: change to CANDIDATE, lastRpcTime:103ms, electionTimeout:103ms
2019-10-23 22:21:54,623 [Thread-935] INFO  impl.RoleInfo (RoleInfo.java:shutdownFollowerState(121)) - aed1b97f-105e-4684-b087-4b6333aa3ced: shutdown FollowerState
2019-10-23 22:21:54,623 [Thread-935] INFO  impl.RaftServerImpl (RaftServerImpl.java:setRole(184)) - aed1b97f-105e-4684-b087-4b6333aa3ced@group-F043E0AED0ED: changes role from  FOLLOWER to CANDIDATE at term 116 for changeToCandidate
2019-10-23 22:21:54,623 [Thread-935] INFO  impl.RoleInfo (RoleInfo.java:updateAndGet(143)) - aed1b97f-105e-4684-b087-4b6333aa3ced: start LeaderElection
2019-10-23 22:21:54,637 [aed1b97f-105e-4684-b087-4b6333aa3ced@group-F043E0AED0ED-LeaderElection106] INFO  impl.LeaderElection (LeaderElection.java:askForVotes(178)) - aed1b97f-105e-4684-b087-4b6333aa3ced@group-F043E0AED0ED-LeaderElection106: begin an election at term 117 for -1: [aed1b97f-105e-4684-b087-4b6333aa3ced:192.168.157.195:34943, 1c51b35f-55cb-4636-a00c-83d34bf2d9d4:192.168.157.195:34693, d21ee1f1-33f6-483c-a18b-27782ce1915a:192.168.157.195:46462], old=null
2019-10-23 22:21:54,641 [grpc-default-executor-0] INFO  impl.RaftServerImpl (RaftServerImpl.java:setRole(184)) - 1c51b35f-55cb-4636-a00c-83d34bf2d9d4@group-F043E0AED0ED: changes role from  FOLLOWER to FOLLOWER at term 117 for recognizeCandidate:aed1b97f-105e-4684-b087-4b6333aa3ced
2019-10-23 22:21:54,641 [grpc-default-executor-0] INFO  impl.RoleInfo (RoleInfo.java:shutdownFollowerState(121)) - 1c51b35f-55cb-4636-a00c-83d34bf2d9d4: shutdown FollowerState
2019-10-23 22:21:54,641 [grpc-default-executor-4] INFO  impl.RaftServerImpl (RaftServerImpl.java:setRole(184)) - d21ee1f1-33f6-483c-a18b-27782ce1915a@group-F043E0AED0ED: changes role from  FOLLOWER to FOLLOWER at term 117 for recognizeCandidate:aed1b97f-105e-4684-b087-4b6333aa3ced
2019-10-23 22:21:54,642 [grpc-default-executor-4] INFO  impl.RoleInfo (RoleInfo.java:shutdownFollowerState(121)) - d21ee1f1-33f6-483c-a18b-27782ce1915a: shutdown FollowerState
2019-10-23 22:21:54,641 [Thread-933] INFO  impl.FollowerState (FollowerState.java:run(117)) - 1c51b35f-55cb-4636-a00c-83d34bf2d9d4@group-F043E0AED0ED-FollowerState was interrupted: java.lang.InterruptedException: sleep interrupted
2019-10-23 22:21:54,641 [grpc-default-executor-0] INFO  impl.RoleInfo (RoleInfo.java:updateAndGet(143)) - 1c51b35f-55cb-4636-a00c-83d34bf2d9d4: start FollowerState
2019-10-23 22:21:54,642 [Thread-934] INFO  impl.FollowerState (FollowerState.java:run(117)) - d21ee1f1-33f6-483c-a18b-27782ce1915a@group-F043E0AED0ED-FollowerState was interrupted: java.lang.InterruptedException: sleep interrupted
2019-10-23 22:21:54,642 [grpc-default-executor-4] INFO  impl.RoleInfo (RoleInfo.java:updateAndGet(143)) - d21ee1f1-33f6-483c-a18b-27782ce1915a: start FollowerState
2019-10-23 22:21:54,669 [aed1b97f-105e-4684-b087-4b6333aa3ced@group-F043E0AED0ED-LeaderElection106] INFO  impl.LeaderElection (LeaderElection.java:logAndReturn(56)) - aed1b97f-105e-4684-b087-4b6333aa3ced@group-F043E0AED0ED-LeaderElection106: Election REJECTED; received 2 response(s) [aed1b97f-105e-4684-b087-4b6333aa3ced<-1c51b35f-55cb-4636-a00c-83d34bf2d9d4#0:FAIL-t117, aed1b97f-105e-4684-b087-4b6333aa3ced<-d21ee1f1-33f6-483c-a18b-27782ce1915a#0:FAIL-t117] and 0 exception(s); aed1b97f-105e-4684-b087-4b6333aa3ced@group-F043E0AED0ED:t117, leader=null, voted=aed1b97f-105e-4684-b087-4b6333aa3ced, raftlog=aed1b97f-105e-4684-b087-4b6333aa3ced@group-F043E0AED0ED-SegmentedRaftLog:OPENED:c-1,f-1,i0, conf=-1: [aed1b97f-105e-4684-b087-4b6333aa3ced:192.168.157.195:34943, 1c51b35f-55cb-4636-a00c-83d34bf2d9d4:192.168.157.195:34693, d21ee1f1-33f6-483c-a18b-27782ce1915a:192.168.157.195:46462], old=null
2019-10-23 22:21:54,669 [aed1b97f-105e-4684-b087-4b6333aa3ced@group-F043E0AED0ED-LeaderElection106] INFO  impl.RaftServerImpl (RaftServerImpl.java:setRole(184)) - aed1b97f-105e-4684-b087-4b6333aa3ced@group-F043E0AED0ED: changes role from CANDIDATE to FOLLOWER at term 117 for DISCOVERED_A_NEW_TERM
2019-10-23 22:21:54,670 [aed1b97f-105e-4684-b087-4b6333aa3ced@group-F043E0AED0ED-LeaderElection106] INFO  impl.RoleInfo (RoleInfo.java:shutdownLeaderElection(134)) - aed1b97f-105e-4684-b087-4b6333aa3ced: shutdown LeaderElection
2019-10-23 22:21:54,670 [aed1b97f-105e-4684-b087-4b6333aa3ced@group-F043E0AED0ED-LeaderElection106] INFO  impl.RoleInfo (RoleInfo.java:updateAndGet(143)) - aed1b97f-105e-4684-b087-4b6333aa3ced: start FollowerState
2019-10-23 22:21:54,761 [Thread-941] INFO  impl.FollowerState (FollowerState.java:run(108)) - aed1b97f-105e-4684-b087-4b6333aa3ced@group-F043E0AED0ED-FollowerState: change to CANDIDATE, lastRpcTime:91ms, electionTimeout:91ms
2019-10-23 22:21:54,761 [Thread-941] INFO  impl.RoleInfo (RoleInfo.java:shutdownFollowerState(121)) - aed1b97f-105e-4684-b087-4b6333aa3ced: shutdown FollowerState
2019-10-23 22:21:54,762 [Thread-941] INFO  impl.RaftServerImpl (RaftServerImpl.java:setRole(184)) - aed1b97f-105e-4684-b087-4b6333aa3ced@group-F043E0AED0ED: changes role from  FOLLOWER to CANDIDATE at term 117 for changeToCandidate
2019-10-23 22:21:54,762 [Thread-941] INFO  impl.RoleInfo (RoleInfo.java:updateAndGet(143)) - aed1b97f-105e-4684-b087-4b6333aa3ced: start LeaderElection
2019-10-23 22:21:54,776 [aed1b97f-105e-4684-b087-4b6333aa3ced@group-F043E0AED0ED-LeaderElection107] INFO  impl.LeaderElection (LeaderElection.java:askForVotes(178)) - aed1b97f-105e-4684-b087-4b6333aa3ced@group-F043E0AED0ED-LeaderElection107: begin an election at term 118 for -1: [aed1b97f-105e-4684-b087-4b6333aa3ced:192.168.157.195:34943, 1c51b35f-55cb-4636-a00c-83d34bf2d9d4:192.168.157.195:34693, d21ee1f1-33f6-483c-a18b-27782ce1915a:192.168.157.195:46462], old=null
2019-10-23 22:21:54,782 [grpc-default-executor-4] INFO  impl.RaftServerImpl (RaftServerImpl.java:setRole(184)) - 1c51b35f-55cb-4636-a00c-83d34bf2d9d4@group-F043E0AED0ED: changes role from  FOLLOWER to FOLLOWER at term 118 for recognizeCandidate:aed1b97f-105e-4684-b087-4b6333aa3ced
2019-10-23 22:21:54,782 [grpc-default-executor-0] INFO  impl.RaftServerImpl (RaftServerImpl.java:setRole(184)) - d21ee1f1-33f6-483c-a18b-27782ce1915a@group-F043E0AED0ED: changes role from  FOLLOWER to FOLLOWER at term 118 for recognizeCandidate:aed1b97f-105e-4684-b087-4b6333aa3ced
2019-10-23 22:21:54,782 [grpc-default-executor-4] INFO  impl.RoleInfo (RoleInfo.java:shutdownFollowerState(121)) - 1c51b35f-55cb-4636-a00c-83d34bf2d9d4: shutdown FollowerState
2019-10-23 22:21:54,782 [grpc-default-executor-0] INFO  impl.RoleInfo (RoleInfo.java:shutdownFollowerState(121)) - d21ee1f1-33f6-483c-a18b-27782ce1915a: shutdown FollowerState
2019-10-23 22:21:54,783 [Thread-939] INFO  impl.FollowerState (FollowerState.java:run(117)) - 1c51b35f-55cb-4636-a00c-83d34bf2d9d4@group-F043E0AED0ED-FollowerState was interrupted: java.lang.InterruptedException: sleep interrupted
2019-10-23 22:21:54,782 [grpc-default-executor-4] INFO  impl.RoleInfo (RoleInfo.java:updateAndGet(143)) - 1c51b35f-55cb-4636-a00c-83d34bf2d9d4: start FollowerState
2019-10-23 22:21:54,783 [Thread-940] INFO  impl.FollowerState (FollowerState.java:run(117)) - d21ee1f1-33f6-483c-a18b-27782ce1915a@group-F043E0AED0ED-FollowerState was interrupted: java.lang.InterruptedException: sleep interrupted
2019-10-23 22:21:54,783 [grpc-default-executor-0] INFO  impl.RoleInfo (RoleInfo.java:updateAndGet(143)) - d21ee1f1-33f6-483c-a18b-27782ce1915a: start FollowerState
2019-10-23 22:21:54,798 [aed1b97f-105e-4684-b087-4b6333aa3ced@group-F043E0AED0ED-LeaderElection107] INFO  impl.LeaderElection (LeaderElection.java:logAndReturn(56)) - aed1b97f-105e-4684-b087-4b6333aa3ced@group-F043E0AED0ED-LeaderElection107: Election REJECTED; received 2 response(s) [aed1b97f-105e-4684-b087-4b6333aa3ced<-1c51b35f-55cb-4636-a00c-83d34bf2d9d4#0:FAIL-t118, aed1b97f-105e-4684-b087-4b6333aa3ced<-d21ee1f1-33f6-483c-a18b-27782ce1915a#0:FAIL-t118] and 0 exception(s); aed1b97f-105e-4684-b087-4b6333aa3ced@group-F043E0AED0ED:t118, leader=null, voted=aed1b97f-105e-4684-b087-4b6333aa3ced, raftlog=aed1b97f-105e-4684-b087-4b6333aa3ced@group-F043E0AED0ED-SegmentedRaftLog:OPENED:c-1,f-1,i0, conf=-1: [aed1b97f-105e-4684-b087-4b6333aa3ced:192.168.157.195:34943, 1c51b35f-55cb-4636-a00c-83d34bf2d9d4:192.168.157.195:34693, d21ee1f1-33f6-483c-a18b-27782ce1915a:192.168.157.195:46462], old=null
2019-10-23 22:21:54,798 [aed1b97f-105e-4684-b087-4b6333aa3ced@group-F043E0AED0ED-LeaderElection107] INFO  impl.RaftServerImpl (RaftServerImpl.java:setRole(184)) - aed1b97f-105e-4684-b087-4b6333aa3ced@group-F043E0AED0ED: changes role from CANDIDATE to FOLLOWER at term 118 for DISCOVERED_A_NEW_TERM
2019-10-23 22:21:54,799 [aed1b97f-105e-4684-b087-4b6333aa3ced@group-F043E0AED0ED-LeaderElection107] INFO  impl.RoleInfo (RoleInfo.java:shutdownLeaderElection(134)) - aed1b97f-105e-4684-b087-4b6333aa3ced: shutdown LeaderElection
2019-10-23 22:21:54,799 [aed1b97f-105e-4684-b087-4b6333aa3ced@group-F043E0AED0ED-LeaderElection107] INFO  impl.RoleInfo (RoleInfo.java:updateAndGet(143)) - aed1b97f-105e-4684-b087-4b6333aa3ced: start FollowerState
2019-10-23 22:21:54,982 [Thread-947] INFO  impl.FollowerState (FollowerState.java:run(108)) - aed1b97f-105e-4684-b087-4b6333aa3ced@group-F043E0AED0ED-FollowerState: change to CANDIDATE, lastRpcTime:183ms, electionTimeout:183ms
2019-10-23 22:21:54,982 [Thread-947] INFO  impl.RoleInfo (RoleInfo.java:shutdownFollowerState(121)) - aed1b97f-105e-4684-b087-4b6333aa3ced: shutdown FollowerState
2019-10-23 22:21:54,982 [Thread-947] INFO  impl.RaftServerImpl (RaftServerImpl.java:setRole(184)) - aed1b97f-105e-4684-b087-4b6333aa3ced@group-F043E0AED0ED: changes role from  FOLLOWER to CANDIDATE at term 118 for changeToCandidate
2019-10-23 22:21:54,983 [Thread-947] INFO  impl.RoleInfo (RoleInfo.java:updateAndGet(143)) - aed1b97f-105e-4684-b087-4b6333aa3ced: start LeaderElection
2019-10-23 22:21:55,007 [aed1b97f-105e-4684-b087-4b6333aa3ced@group-F043E0AED0ED-LeaderElection108] INFO  impl.LeaderElection (LeaderElection.java:askForVotes(178)) - aed1b97f-105e-4684-b087-4b6333aa3ced@group-F043E0AED0ED-LeaderElection108: begin an election at term 119 for -1: [aed1b97f-105e-4684-b087-4b6333aa3ced:192.168.157.195:34943, 1c51b35f-55cb-4636-a00c-83d34bf2d9d4:192.168.157.195:34693, d21ee1f1-33f6-483c-a18b-27782ce1915a:192.168.157.195:46462], old=null
2019-10-23 22:21:55,010 [grpc-default-executor-0] INFO  impl.RaftServerImpl (RaftServerImpl.java:setRole(184)) - 1c51b35f-55cb-4636-a00c-83d34bf2d9d4@group-F043E0AED0ED: changes role from  FOLLOWER to FOLLOWER at term 119 for recognizeCandidate:aed1b97f-105e-4684-b087-4b6333aa3ced
2019-10-23 22:21:55,010 [grpc-default-executor-0] INFO  impl.RoleInfo (RoleInfo.java:shutdownFollowerState(121)) - 1c51b35f-55cb-4636-a00c-83d34bf2d9d4: shutdown FollowerState
2019-10-23 22:21:55,010 [grpc-default-executor-4] INFO  impl.RaftServerImpl (RaftServerImpl.java:setRole(184)) - d21ee1f1-33f6-483c-a18b-27782ce1915a@group-F043E0AED0ED: changes role from  FOLLOWER to FOLLOWER at term 119 for recognizeCandidate:aed1b97f-105e-4684-b087-4b6333aa3ced
2019-10-23 22:21:55,010 [Thread-945] INFO  impl.FollowerState (FollowerState.java:run(117)) - 1c51b35f-55cb-4636-a00c-83d34bf2d9d4@group-F043E0AED0ED-FollowerState was interrupted: java.lang.InterruptedException: sleep interrupted
2019-10-23 22:21:55,011 [grpc-default-executor-4] INFO  impl.RoleInfo (RoleInfo.java:shutdownFollowerState(121)) - d21ee1f1-33f6-483c-a18b-27782ce1915a: shutdown FollowerState
2019-10-23 22:21:55,010 [grpc-default-executor-0] INFO  impl.RoleInfo (RoleInfo.java:updateAndGet(143)) - 1c51b35f-55cb-4636-a00c-83d34bf2d9d4: start FollowerState
2019-10-23 22:21:55,011 [Thread-946] INFO  impl.FollowerState (FollowerState.java:run(117)) - d21ee1f1-33f6-483c-a18b-27782ce1915a@group-F043E0AED0ED-FollowerState was interrupted: java.lang.InterruptedException: sleep interrupted
2019-10-23 22:21:55,011 [grpc-default-executor-4] INFO  impl.RoleInfo (RoleInfo.java:updateAndGet(143)) - d21ee1f1-33f6-483c-a18b-27782ce1915a: start FollowerState
2019-10-23 22:21:55,037 [aed1b97f-105e-4684-b087-4b6333aa3ced@group-F043E0AED0ED-LeaderElection108] INFO  impl.LeaderElection (LeaderElection.java:logAndReturn(56)) - aed1b97f-105e-4684-b087-4b6333aa3ced@group-F043E0AED0ED-LeaderElection108: Election REJECTED; received 2 response(s) [aed1b97f-105e-4684-b087-4b6333aa3ced<-1c51b35f-55cb-4636-a00c-83d34bf2d9d4#0:FAIL-t119, aed1b97f-105e-4684-b087-4b6333aa3ced<-d21ee1f1-33f6-483c-a18b-27782ce1915a#0:FAIL-t119] and 0 exception(s); aed1b97f-105e-4684-b087-4b6333aa3ced@group-F043E0AED0ED:t119, leader=null, voted=aed1b97f-105e-4684-b087-4b6333aa3ced, raftlog=aed1b97f-105e-4684-b087-4b6333aa3ced@group-F043E0AED0ED-SegmentedRaftLog:OPENED:c-1,f-1,i0, conf=-1: [aed1b97f-105e-4684-b087-4b6333aa3ced:192.168.157.195:34943, 1c51b35f-55cb-4636-a00c-83d34bf2d9d4:192.168.157.195:34693, d21ee1f1-33f6-483c-a18b-27782ce1915a:192.168.157.195:46462], old=null
2019-10-23 22:21:55,037 [aed1b97f-105e-4684-b087-4b6333aa3ced@group-F043E0AED0ED-LeaderElection108] INFO  impl.RaftServerImpl (RaftServerImpl.java:setRole(184)) - aed1b97f-105e-4684-b087-4b6333aa3ced@group-F043E0AED0ED: changes role from CANDIDATE to FOLLOWER at term 119 for DISCOVERED_A_NEW_TERM
2019-10-23 22:21:55,037 [aed1b97f-105e-4684-b087-4b6333aa3ced@group-F043E0AED0ED-LeaderElection108] INFO  impl.RoleInfo (RoleInfo.java:shutdownLeaderElection(134)) - aed1b97f-105e-4684-b087-4b6333aa3ced: shutdown LeaderElection
2019-10-23 22:21:55,038 [aed1b97f-105e-4684-b087-4b6333aa3ced@group-F043E0AED0ED-LeaderElection108] INFO  impl.RoleInfo (RoleInfo.java:updateAndGet(143)) - aed1b97f-105e-4684-b087-4b6333aa3ced: start FollowerState
2019-10-23 22:21:55,221 [Thread-955] INFO  impl.FollowerState (FollowerState.java:run(108)) - aed1b97f-105e-4684-b087-4b6333aa3ced@group-F043E0AED0ED-FollowerState: change to CANDIDATE, lastRpcTime:183ms, electionTimeout:183ms
2019-10-23 22:21:55,222 [Thread-955] INFO  impl.RoleInfo (RoleInfo.java:shutdownFollowerState(121)) - aed1b97f-105e-4684-b087-4b6333aa3ced: shutdown FollowerState
2019-10-23 22:21:55,222 [Thread-955] INFO  impl.RaftServerImpl (RaftServerImpl.java:setRole(184)) - aed1b97f-105e-4684-b087-4b6333aa3ced@group-F043E0AED0ED: changes role from  FOLLOWER to CANDIDATE at term 119 for changeToCandidate
2019-10-23 22:21:55,222 [Thread-955] INFO  impl.RoleInfo (RoleInfo.java:updateAndGet(143)) - aed1b97f-105e-4684-b087-4b6333aa3ced: start LeaderElection
2019-10-23 22:21:55,248 [aed1b97f-105e-4684-b087-4b6333aa3ced@group-F043E0AED0ED-LeaderElection109] INFO  impl.LeaderElection (LeaderElection.java:askForVotes(178)) - aed1b97f-105e-4684-b087-4b6333aa3ced@group-F043E0AED0ED-LeaderElection109: begin an election at term 120 for -1: [aed1b97f-105e-4684-b087-4b6333aa3ced:192.168.157.195:34943, 1c51b35f-55cb-4636-a00c-83d34bf2d9d4:192.168.157.195:34693, d21ee1f1-33f6-483c-a18b-27782ce1915a:192.168.157.195:46462], old=null
2019-10-23 22:21:55,251 [grpc-default-executor-4] INFO  impl.RaftServerImpl (RaftServerImpl.java:setRole(184)) - 1c51b35f-55cb-4636-a00c-83d34bf2d9d4@group-F043E0AED0ED: changes role from  FOLLOWER to FOLLOWER at term 120 for recognizeCandidate:aed1b97f-105e-4684-b087-4b6333aa3ced
2019-10-23 22:21:55,251 [grpc-default-executor-0] INFO  impl.RaftServerImpl (RaftServerImpl.java:setRole(184)) - d21ee1f1-33f6-483c-a18b-27782ce1915a@group-F043E0AED0ED: changes role from  FOLLOWER to FOLLOWER at term 120 for recognizeCandidate:aed1b97f-105e-4684-b087-4b6333aa3ced
2019-10-23 22:21:55,251 [grpc-default-executor-4] INFO  impl.RoleInfo (RoleInfo.java:shutdownFollowerState(121)) - 1c51b35f-55cb-4636-a00c-83d34bf2d9d4: shutdown FollowerState
2019-10-23 22:21:55,251 [grpc-default-executor-0] INFO  impl.RoleInfo (RoleInfo.java:shutdownFollowerState(121)) - d21ee1f1-33f6-483c-a18b-27782ce1915a: shutdown FollowerState
2019-10-23 22:21:55,251 [Thread-953] INFO  impl.FollowerState (FollowerState.java:run(117)) - 1c51b35f-55cb-4636-a00c-83d34bf2d9d4@group-F043E0AED0ED-FollowerState was interrupted: java.lang.InterruptedException: sleep interrupted
2019-10-23 22:21:55,251 [grpc-default-executor-4] INFO  impl.RoleInfo (RoleInfo.java:updateAndGet(143)) - 1c51b35f-55cb-4636-a00c-83d34bf2d9d4: start FollowerState
2019-10-23 22:21:55,251 [Thread-954] INFO  impl.FollowerState (FollowerState.java:run(117)) - d21ee1f1-33f6-483c-a18b-27782ce1915a@group-F043E0AED0ED-FollowerState was interrupted: java.lang.InterruptedException: sleep interrupted
2019-10-23 22:21:55,251 [grpc-default-executor-0] INFO  impl.RoleInfo (RoleInfo.java:updateAndGet(143)) - d21ee1f1-33f6-483c-a18b-27782ce1915a: start FollowerState
2019-10-23 22:21:55,286 [aed1b97f-105e-4684-b087-4b6333aa3ced@group-F043E0AED0ED-LeaderElection109] INFO  impl.LeaderElection (LeaderElection.java:logAndReturn(56)) - aed1b97f-105e-4684-b087-4b6333aa3ced@group-F043E0AED0ED-LeaderElection109: Election REJECTED; received 2 response(s) [aed1b97f-105e-4684-b087-4b6333aa3ced<-1c51b35f-55cb-4636-a00c-83d34bf2d9d4#0:FAIL-t120, aed1b97f-105e-4684-b087-4b6333aa3ced<-d21ee1f1-33f6-483c-a18b-27782ce1915a#0:FAIL-t120] and 0 exception(s); aed1b97f-105e-4684-b087-4b6333aa3ced@group-F043E0AED0ED:t120, leader=null, voted=aed1b97f-105e-4684-b087-4b6333aa3ced, raftlog=aed1b97f-105e-4684-b087-4b6333aa3ced@group-F043E0AED0ED-SegmentedRaftLog:OPENED:c-1,f-1,i0, conf=-1: [aed1b97f-105e-4684-b087-4b6333aa3ced:192.168.157.195:34943, 1c51b35f-55cb-4636-a00c-83d34bf2d9d4:192.168.157.195:34693, d21ee1f1-33f6-483c-a18b-27782ce1915a:192.168.157.195:46462], old=null
2019-10-23 22:21:55,286 [aed1b97f-105e-4684-b087-4b6333aa3ced@group-F043E0AED0ED-LeaderElection109] INFO  impl.RaftServerImpl (RaftServerImpl.java:setRole(184)) - aed1b97f-105e-4684-b087-4b6333aa3ced@group-F043E0AED0ED: changes role from CANDIDATE to FOLLOWER at term 120 for DISCOVERED_A_NEW_TERM
2019-10-23 22:21:55,287 [aed1b97f-105e-4684-b087-4b6333aa3ced@group-F043E0AED0ED-LeaderElection109] INFO  impl.RoleInfo (RoleInfo.java:shutdownLeaderElection(134)) - aed1b97f-105e-4684-b087-4b6333aa3ced: shutdown LeaderElection
2019-10-23 22:21:55,287 [aed1b97f-105e-4684-b087-4b6333aa3ced@group-F043E0AED0ED-LeaderElection109] INFO  impl.RoleInfo (RoleInfo.java:updateAndGet(143)) - aed1b97f-105e-4684-b087-4b6333aa3ced: start FollowerState
2019-10-23 22:21:55,335 [Thread-961] INFO  impl.FollowerState (FollowerState.java:run(108)) - aed1b97f-105e-4684-b087-4b6333aa3ced@group-F043E0AED0ED-FollowerState: change to CANDIDATE, lastRpcTime:48ms, electionTimeout:48ms
2019-10-23 22:21:55,335 [Thread-961] INFO  impl.RoleInfo (RoleInfo.java:shutdownFollowerState(121)) - aed1b97f-105e-4684-b087-4b6333aa3ced: shutdown FollowerState
2019-10-23 22:21:55,335 [Thread-961] INFO  impl.RaftServerImpl (RaftServerImpl.java:setRole(184)) - aed1b97f-105e-4684-b087-4b6333aa3ced@group-F043E0AED0ED: changes role from  FOLLOWER to CANDIDATE at term 120 for changeToCandidate
2019-10-23 22:21:55,336 [Thread-961] INFO  impl.RoleInfo (RoleInfo.java:updateAndGet(143)) - aed1b97f-105e-4684-b087-4b6333aa3ced: start LeaderElection
2019-10-23 22:21:55,351 [aed1b97f-105e-4684-b087-4b6333aa3ced@group-F043E0AED0ED-LeaderElection110] INFO  impl.LeaderElection (LeaderElection.java:askForVotes(178)) - aed1b97f-105e-4684-b087-4b6333aa3ced@group-F043E0AED0ED-LeaderElection110: begin an election at term 121 for -1: [aed1b97f-105e-4684-b087-4b6333aa3ced:192.168.157.195:34943, 1c51b35f-55cb-4636-a00c-83d34bf2d9d4:192.168.157.195:34693, d21ee1f1-33f6-483c-a18b-27782ce1915a:192.168.157.195:46462], old=null
2019-10-23 22:21:55,363 [grpc-default-executor-4] INFO  impl.RaftServerImpl (RaftServerImpl.java:setRole(184)) - 1c51b35f-55cb-4636-a00c-83d34bf2d9d4@group-F043E0AED0ED: changes role from  FOLLOWER to FOLLOWER at term 121 for recognizeCandidate:aed1b97f-105e-4684-b087-4b6333aa3ced
2019-10-23 22:21:55,363 [grpc-default-executor-0] INFO  impl.RaftServerImpl (RaftServerImpl.java:setRole(184)) - d21ee1f1-33f6-483c-a18b-27782ce1915a@group-F043E0AED0ED: changes role from  FOLLOWER to FOLLOWER at term 121 for recognizeCandidate:aed1b97f-105e-4684-b087-4b6333aa3ced
2019-10-23 22:21:55,364 [grpc-default-executor-4] INFO  impl.RoleInfo (RoleInfo.java:shutdownFollowerState(121)) - 1c51b35f-55cb-4636-a00c-83d34bf2d9d4: shutdown FollowerState
2019-10-23 22:21:55,364 [grpc-default-executor-0] INFO  impl.RoleInfo (RoleInfo.java:shutdownFollowerState(121)) - d21ee1f1-33f6-483c-a18b-27782ce1915a: shutdown FollowerState
2019-10-23 22:21:55,364 [grpc-default-executor-4] INFO  impl.RoleInfo (RoleInfo.java:updateAndGet(143)) - 1c51b35f-55cb-4636-a00c-83d34bf2d9d4: start FollowerState
2019-10-23 22:21:55,364 [Thread-959] INFO  impl.FollowerState (FollowerState.java:run(117)) - 1c51b35f-55cb-4636-a00c-83d34bf2d9d4@group-F043E0AED0ED-FollowerState was interrupted: java.lang.InterruptedException: sleep interrupted
2019-10-23 22:21:55,364 [Thread-960] INFO  impl.FollowerState (FollowerState.java:run(117)) - d21ee1f1-33f6-483c-a18b-27782ce1915a@group-F043E0AED0ED-FollowerState was interrupted: java.lang.InterruptedException: sleep interrupted
2019-10-23 22:21:55,364 [grpc-default-executor-0] INFO  impl.RoleInfo (RoleInfo.java:updateAndGet(143)) - d21ee1f1-33f6-483c-a18b-27782ce1915a: start FollowerState
2019-10-23 22:21:55,391 [aed1b97f-105e-4684-b087-4b6333aa3ced@group-F043E0AED0ED-LeaderElection110] INFO  impl.LeaderElection (LeaderElection.java:logAndReturn(56)) - aed1b97f-105e-4684-b087-4b6333aa3ced@group-F043E0AED0ED-LeaderElection110: Election REJECTED; received 2 response(s) [aed1b97f-105e-4684-b087-4b6333aa3ced<-1c51b35f-55cb-4636-a00c-83d34bf2d9d4#0:FAIL-t121, aed1b97f-105e-4684-b087-4b6333aa3ced<-d21ee1f1-33f6-483c-a18b-27782ce1915a#0:FAIL-t121] and 0 exception(s); aed1b97f-105e-4684-b087-4b6333aa3ced@group-F043E0AED0ED:t121, leader=null, voted=aed1b97f-105e-4684-b087-4b6333aa3ced, raftlog=aed1b97f-105e-4684-b087-4b6333aa3ced@group-F043E0AED0ED-SegmentedRaftLog:OPENED:c-1,f-1,i0, conf=-1: [aed1b97f-105e-4684-b087-4b6333aa3ced:192.168.157.195:34943, 1c51b35f-55cb-4636-a00c-83d34bf2d9d4:192.168.157.195:34693, d21ee1f1-33f6-483c-a18b-27782ce1915a:192.168.157.195:46462], old=null
2019-10-23 22:21:55,392 [aed1b97f-105e-4684-b087-4b6333aa3ced@group-F043E0AED0ED-LeaderElection110] INFO  impl.RaftServerImpl (RaftServerImpl.java:setRole(184)) - aed1b97f-105e-4684-b087-4b6333aa3ced@group-F043E0AED0ED: changes role from CANDIDATE to FOLLOWER at term 121 for DISCOVERED_A_NEW_TERM
2019-10-23 22:21:55,392 [aed1b97f-105e-4684-b087-4b6333aa3ced@group-F043E0AED0ED-LeaderElection110] INFO  impl.RoleInfo (RoleInfo.java:shutdownLeaderElection(134)) - aed1b97f-105e-4684-b087-4b6333aa3ced: shutdown LeaderElection
2019-10-23 22:21:55,392 [aed1b97f-105e-4684-b087-4b6333aa3ced@group-F043E0AED0ED-LeaderElection110] INFO  impl.RoleInfo (RoleInfo.java:updateAndGet(143)) - aed1b97f-105e-4684-b087-4b6333aa3ced: start FollowerState
2019-10-23 22:21:55,546 [Thread-967] INFO  impl.FollowerState (FollowerState.java:run(108)) - aed1b97f-105e-4684-b087-4b6333aa3ced@group-F043E0AED0ED-FollowerState: change to CANDIDATE, lastRpcTime:153ms, electionTimeout:153ms
2019-10-23 22:21:55,546 [Thread-967] INFO  impl.RoleInfo (RoleInfo.java:shutdownFollowerState(121)) - aed1b97f-105e-4684-b087-4b6333aa3ced: shutdown FollowerState
2019-10-23 22:21:55,546 [Thread-967] INFO  impl.RaftServerImpl (RaftServerImpl.java:setRole(184)) - aed1b97f-105e-4684-b087-4b6333aa3ced@group-F043E0AED0ED: changes role from  FOLLOWER to CANDIDATE at term 121 for changeToCandidate
2019-10-23 22:21:55,546 [Thread-967] INFO  impl.RoleInfo (RoleInfo.java:updateAndGet(143)) - aed1b97f-105e-4684-b087-4b6333aa3ced: start LeaderElection
2019-10-23 22:21:55,571 [aed1b97f-105e-4684-b087-4b6333aa3ced@group-F043E0AED0ED-LeaderElection111] INFO  impl.LeaderElection (LeaderElection.java:askForVotes(178)) - aed1b97f-105e-4684-b087-4b6333aa3ced@group-F043E0AED0ED-LeaderElection111: begin an election at term 122 for -1: [aed1b97f-105e-4684-b087-4b6333aa3ced:192.168.157.195:34943, 1c51b35f-55cb-4636-a00c-83d34bf2d9d4:192.168.157.195:34693, d21ee1f1-33f6-483c-a18b-27782ce1915a:192.168.157.195:46462], old=null
2019-10-23 22:21:55,574 [grpc-default-executor-4] INFO  impl.RaftServerImpl (RaftServerImpl.java:setRole(184)) - 1c51b35f-55cb-4636-a00c-83d34bf2d9d4@group-F043E0AED0ED: changes role from  FOLLOWER to FOLLOWER at term 122 for recognizeCandidate:aed1b97f-105e-4684-b087-4b6333aa3ced
2019-10-23 22:21:55,574 [grpc-default-executor-0] INFO  impl.RaftServerImpl (RaftServerImpl.java:setRole(184)) - d21ee1f1-33f6-483c-a18b-27782ce1915a@group-F043E0AED0ED: changes role from  FOLLOWER to FOLLOWER at term 122 for recognizeCandidate:aed1b97f-105e-4684-b087-4b6333aa3ced
2019-10-23 22:21:55,575 [grpc-default-executor-4] INFO  impl.RoleInfo (RoleInfo.java:shutdownFollowerState(121)) - 1c51b35f-55cb-4636-a00c-83d34bf2d9d4: shutdown FollowerState
2019-10-23 22:21:55,575 [grpc-default-executor-0] INFO  impl.RoleInfo (RoleInfo.java:shutdownFollowerState(121)) - d21ee1f1-33f6-483c-a18b-27782ce1915a: shutdown FollowerState
2019-10-23 22:21:55,575 [Thread-965] INFO  impl.FollowerState (FollowerState.java:run(117)) - 1c51b35f-55cb-4636-a00c-83d34bf2d9d4@group-F043E0AED0ED-FollowerState was interrupted: java.lang.InterruptedException: sleep interrupted
2019-10-23 22:21:55,575 [grpc-default-executor-4] INFO  impl.RoleInfo (RoleInfo.java:updateAndGet(143)) - 1c51b35f-55cb-4636-a00c-83d34bf2d9d4: start FollowerState
2019-10-23 22:21:55,575 [Thread-966] INFO  impl.FollowerState (FollowerState.java:run(117)) - d21ee1f1-33f6-483c-a18b-27782ce1915a@group-F043E0AED0ED-FollowerState was interrupted: java.lang.InterruptedException: sleep interrupted
2019-10-23 22:21:55,575 [grpc-default-executor-0] INFO  impl.RoleInfo (RoleInfo.java:updateAndGet(143)) - d21ee1f1-33f6-483c-a18b-27782ce1915a: start FollowerState
2019-10-23 22:21:55,591 [aed1b97f-105e-4684-b087-4b6333aa3ced@group-F043E0AED0ED-LeaderElection111] INFO  impl.LeaderElection (LeaderElection.java:logAndReturn(56)) - aed1b97f-105e-4684-b087-4b6333aa3ced@group-F043E0AED0ED-LeaderElection111: Election REJECTED; received 2 response(s) [aed1b97f-105e-4684-b087-4b6333aa3ced<-1c51b35f-55cb-4636-a00c-83d34bf2d9d4#0:FAIL-t122, aed1b97f-105e-4684-b087-4b6333aa3ced<-d21ee1f1-33f6-483c-a18b-27782ce1915a#0:FAIL-t122] and 0 exception(s); aed1b97f-105e-4684-b087-4b6333aa3ced@group-F043E0AED0ED:t122, leader=null, voted=aed1b97f-105e-4684-b087-4b6333aa3ced, raftlog=aed1b97f-105e-4684-b087-4b6333aa3ced@group-F043E0AED0ED-SegmentedRaftLog:OPENED:c-1,f-1,i0, conf=-1: [aed1b97f-105e-4684-b087-4b6333aa3ced:192.168.157.195:34943, 1c51b35f-55cb-4636-a00c-83d34bf2d9d4:192.168.157.195:34693, d21ee1f1-33f6-483c-a18b-27782ce1915a:192.168.157.195:46462], old=null
2019-10-23 22:21:55,592 [aed1b97f-105e-4684-b087-4b6333aa3ced@group-F043E0AED0ED-LeaderElection111] INFO  impl.RaftServerImpl (RaftServerImpl.java:setRole(184)) - aed1b97f-105e-4684-b087-4b6333aa3ced@group-F043E0AED0ED: changes role from CANDIDATE to FOLLOWER at term 122 for DISCOVERED_A_NEW_TERM
2019-10-23 22:21:55,592 [aed1b97f-105e-4684-b087-4b6333aa3ced@group-F043E0AED0ED-LeaderElection111] INFO  impl.RoleInfo (RoleInfo.java:shutdownLeaderElection(134)) - aed1b97f-105e-4684-b087-4b6333aa3ced: shutdown LeaderElection
2019-10-23 22:21:55,592 [aed1b97f-105e-4684-b087-4b6333aa3ced@group-F043E0AED0ED-LeaderElection111] INFO  impl.RoleInfo (RoleInfo.java:updateAndGet(143)) - aed1b97f-105e-4684-b087-4b6333aa3ced: start FollowerState
2019-10-23 22:21:55,619 [Thread-973] INFO  impl.FollowerState (FollowerState.java:run(108)) - aed1b97f-105e-4684-b087-4b6333aa3ced@group-F043E0AED0ED-FollowerState: change to CANDIDATE, lastRpcTime:26ms, electionTimeout:26ms
2019-10-23 22:21:55,619 [Thread-973] INFO  impl.RoleInfo (RoleInfo.java:shutdownFollowerState(121)) - aed1b97f-105e-4684-b087-4b6333aa3ced: shutdown FollowerState
2019-10-23 22:21:55,619 [Thread-973] INFO  impl.RaftServerImpl (RaftServerImpl.java:setRole(184)) - aed1b97f-105e-4684-b087-4b6333aa3ced@group-F043E0AED0ED: changes role from  FOLLOWER to CANDIDATE at term 122 for changeToCandidate
2019-10-23 22:21:55,619 [Thread-973] INFO  impl.RoleInfo (RoleInfo.java:updateAndGet(143)) - aed1b97f-105e-4684-b087-4b6333aa3ced: start LeaderElection
2019-10-23 22:21:55,634 [aed1b97f-105e-4684-b087-4b6333aa3ced@group-F043E0AED0ED-LeaderElection112] INFO  impl.LeaderElection (LeaderElection.java:askForVotes(178)) - aed1b97f-105e-4684-b087-4b6333aa3ced@group-F043E0AED0ED-LeaderElection112: begin an election at term 123 for -1: [aed1b97f-105e-4684-b087-4b6333aa3ced:192.168.157.195:34943, 1c51b35f-55cb-4636-a00c-83d34bf2d9d4:192.168.157.195:34693, d21ee1f1-33f6-483c-a18b-27782ce1915a:192.168.157.195:46462], old=null
2019-10-23 22:21:55,636 [grpc-default-executor-0] INFO  impl.RaftServerImpl (RaftServerImpl.java:setRole(184)) - 1c51b35f-55cb-4636-a00c-83d34bf2d9d4@group-F043E0AED0ED: changes role from  FOLLOWER to FOLLOWER at term 123 for recognizeCandidate:aed1b97f-105e-4684-b087-4b6333aa3ced
2019-10-23 22:21:55,637 [grpc-default-executor-0] INFO  impl.RoleInfo (RoleInfo.java:shutdownFollowerState(121)) - 1c51b35f-55cb-4636-a00c-83d34bf2d9d4: shutdown FollowerState
2019-10-23 22:21:55,637 [grpc-default-executor-4] INFO  impl.RaftServerImpl (RaftServerImpl.java:setRole(184)) - d21ee1f1-33f6-483c-a18b-27782ce1915a@group-F043E0AED0ED: changes role from  FOLLOWER to FOLLOWER at term 123 for recognizeCandidate:aed1b97f-105e-4684-b087-4b6333aa3ced
2019-10-23 22:21:55,637 [Thread-971] INFO  impl.FollowerState (FollowerState.java:run(117)) - 1c51b35f-55cb-4636-a00c-83d34bf2d9d4@group-F043E0AED0ED-FollowerState was interrupted: java.lang.InterruptedException: sleep interrupted
2019-10-23 22:21:55,637 [grpc-default-executor-0] INFO  impl.RoleInfo (RoleInfo.java:updateAndGet(143)) - 1c51b35f-55cb-4636-a00c-83d34bf2d9d4: start FollowerState
2019-10-23 22:21:55,637 [grpc-default-executor-4] INFO  impl.RoleInfo (RoleInfo.java:shutdownFollowerState(121)) - d21ee1f1-33f6-483c-a18b-27782ce1915a: shutdown FollowerState
2019-10-23 22:21:55,637 [grpc-default-executor-4] INFO  impl.RoleInfo (RoleInfo.java:updateAndGet(143)) - d21ee1f1-33f6-483c-a18b-27782ce1915a: start FollowerState
2019-10-23 22:21:55,638 [Thread-972] INFO  impl.FollowerState (FollowerState.java:run(117)) - d21ee1f1-33f6-483c-a18b-27782ce1915a@group-F043E0AED0ED-FollowerState was interrupted: java.lang.InterruptedException: sleep interrupted
2019-10-23 22:21:55,653 [aed1b97f-105e-4684-b087-4b6333aa3ced@group-F043E0AED0ED-LeaderElection112] INFO  impl.LeaderElection (LeaderElection.java:logAndReturn(56)) - aed1b97f-105e-4684-b087-4b6333aa3ced@group-F043E0AED0ED-LeaderElection112: Election REJECTED; received 2 response(s) [aed1b97f-105e-4684-b087-4b6333aa3ced<-1c51b35f-55cb-4636-a00c-83d34bf2d9d4#0:FAIL-t123, aed1b97f-105e-4684-b087-4b6333aa3ced<-d21ee1f1-33f6-483c-a18b-27782ce1915a#0:FAIL-t123] and 0 exception(s); aed1b97f-105e-4684-b087-4b6333aa3ced@group-F043E0AED0ED:t123, leader=null, voted=aed1b97f-105e-4684-b087-4b6333aa3ced, raftlog=aed1b97f-105e-4684-b087-4b6333aa3ced@group-F043E0AED0ED-SegmentedRaftLog:OPENED:c-1,f-1,i0, conf=-1: [aed1b97f-105e-4684-b087-4b6333aa3ced:192.168.157.195:34943, 1c51b35f-55cb-4636-a00c-83d34bf2d9d4:192.168.157.195:34693, d21ee1f1-33f6-483c-a18b-27782ce1915a:192.168.157.195:46462], old=null
2019-10-23 22:21:55,653 [aed1b97f-105e-4684-b087-4b6333aa3ced@group-F043E0AED0ED-LeaderElection112] INFO  impl.RaftServerImpl (RaftServerImpl.java:setRole(184)) - aed1b97f-105e-4684-b087-4b6333aa3ced@group-F043E0AED0ED: changes role from CANDIDATE to FOLLOWER at term 123 for DISCOVERED_A_NEW_TERM
2019-10-23 22:21:55,654 [aed1b97f-105e-4684-b087-4b6333aa3ced@group-F043E0AED0ED-LeaderElection112] INFO  impl.RoleInfo (RoleInfo.java:shutdownLeaderElection(134)) - aed1b97f-105e-4684-b087-4b6333aa3ced: shutdown LeaderElection
2019-10-23 22:21:55,654 [aed1b97f-105e-4684-b087-4b6333aa3ced@group-F043E0AED0ED-LeaderElection112] INFO  impl.RoleInfo (RoleInfo.java:updateAndGet(143)) - aed1b97f-105e-4684-b087-4b6333aa3ced: start FollowerState
2019-10-23 22:21:55,719 [Thread-979] INFO  impl.FollowerState (FollowerState.java:run(108)) - aed1b97f-105e-4684-b087-4b6333aa3ced@group-F043E0AED0ED-FollowerState: change to CANDIDATE, lastRpcTime:65ms, electionTimeout:65ms
2019-10-23 22:21:55,719 [Thread-979] INFO  impl.RoleInfo (RoleInfo.java:shutdownFollowerState(121)) - aed1b97f-105e-4684-b087-4b6333aa3ced: shutdown FollowerState
2019-10-23 22:21:55,720 [Thread-979] INFO  impl.RaftServerImpl (RaftServerImpl.java:setRole(184)) - aed1b97f-105e-4684-b087-4b6333aa3ced@group-F043E0AED0ED: changes role from  FOLLOWER to CANDIDATE at term 123 for changeToCandidate
2019-10-23 22:21:55,720 [Thread-979] INFO  impl.RoleInfo (RoleInfo.java:updateAndGet(143)) - aed1b97f-105e-4684-b087-4b6333aa3ced: start LeaderElection
2019-10-23 22:21:55,734 [aed1b97f-105e-4684-b087-4b6333aa3ced@group-F043E0AED0ED-LeaderElection113] INFO  impl.LeaderElection (LeaderElection.java:askForVotes(178)) - aed1b97f-105e-4684-b087-4b6333aa3ced@group-F043E0AED0ED-LeaderElection113: begin an election at term 124 for -1: [aed1b97f-105e-4684-b087-4b6333aa3ced:192.168.157.195:34943, 1c51b35f-55cb-4636-a00c-83d34bf2d9d4:192.168.157.195:34693, d21ee1f1-33f6-483c-a18b-27782ce1915a:192.168.157.195:46462], old=null
2019-10-23 22:21:55,736 [grpc-default-executor-4] INFO  impl.RaftServerImpl (RaftServerImpl.java:setRole(184)) - 1c51b35f-55cb-4636-a00c-83d34bf2d9d4@group-F043E0AED0ED: changes role from  FOLLOWER to FOLLOWER at term 124 for recognizeCandidate:aed1b97f-105e-4684-b087-4b6333aa3ced
2019-10-23 22:21:55,736 [grpc-default-executor-4] INFO  impl.RoleInfo (RoleInfo.java:shutdownFollowerState(121)) - 1c51b35f-55cb-4636-a00c-83d34bf2d9d4: shutdown FollowerState
2019-10-23 22:21:55,736 [grpc-default-executor-0] INFO  impl.RaftServerImpl (RaftServerImpl.java:setRole(184)) - d21ee1f1-33f6-483c-a18b-27782ce1915a@group-F043E0AED0ED: changes role from  FOLLOWER to FOLLOWER at term 124 for recognizeCandidate:aed1b97f-105e-4684-b087-4b6333aa3ced
2019-10-23 22:21:55,736 [Thread-977] INFO  impl.FollowerState (FollowerState.java:run(117)) - 1c51b35f-55cb-4636-a00c-83d34bf2d9d4@group-F043E0AED0ED-FollowerState was interrupted: java.lang.InterruptedException: sleep interrupted
2019-10-23 22:21:55,736 [grpc-default-executor-4] INFO  impl.RoleInfo (RoleInfo.java:updateAndGet(143)) - 1c51b35f-55cb-4636-a00c-83d34bf2d9d4: start FollowerState
2019-10-23 22:21:55,737 [grpc-default-executor-0] INFO  impl.RoleInfo (RoleInfo.java:shutdownFollowerState(121)) - d21ee1f1-33f6-483c-a18b-27782ce1915a: shutdown FollowerState
2019-10-23 22:21:55,737 [grpc-default-executor-0] INFO  impl.RoleInfo (RoleInfo.java:updateAndGet(143)) - d21ee1f1-33f6-483c-a18b-27782ce1915a: start FollowerState
2019-10-23 22:21:55,737 [Thread-978] INFO  impl.FollowerState (FollowerState.java:run(117)) - d21ee1f1-33f6-483c-a18b-27782ce1915a@group-F043E0AED0ED-FollowerState was interrupted: java.lang.InterruptedException: sleep interrupted
2019-10-23 22:21:55,756 [aed1b97f-105e-4684-b087-4b6333aa3ced@group-F043E0AED0ED-LeaderElection113] INFO  impl.LeaderElection (LeaderElection.java:logAndReturn(56)) - aed1b97f-105e-4684-b087-4b6333aa3ced@group-F043E0AED0ED-LeaderElection113: Election REJECTED; received 2 response(s) [aed1b97f-105e-4684-b087-4b6333aa3ced<-1c51b35f-55cb-4636-a00c-83d34bf2d9d4#0:FAIL-t124, aed1b97f-105e-4684-b087-4b6333aa3ced<-d21ee1f1-33f6-483c-a18b-27782ce1915a#0:FAIL-t124] and 0 exception(s); aed1b97f-105e-4684-b087-4b6333aa3ced@group-F043E0AED0ED:t124, leader=null, voted=aed1b97f-105e-4684-b087-4b6333aa3ced, raftlog=aed1b97f-105e-4684-b087-4b6333aa3ced@group-F043E0AED0ED-SegmentedRaftLog:OPENED:c-1,f-1,i0, conf=-1: [aed1b97f-105e-4684-b087-4b6333aa3ced:192.168.157.195:34943, 1c51b35f-55cb-4636-a00c-83d34bf2d9d4:192.168.157.195:34693, d21ee1f1-33f6-483c-a18b-27782ce1915a:192.168.157.195:46462], old=null
2019-10-23 22:21:55,757 [aed1b97f-105e-4684-b087-4b6333aa3ced@group-F043E0AED0ED-LeaderElection113] INFO  impl.RaftServerImpl (RaftServerImpl.java:setRole(184)) - aed1b97f-105e-4684-b087-4b6333aa3ced@group-F043E0AED0ED: changes role from CANDIDATE to FOLLOWER at term 124 for DISCOVERED_A_NEW_TERM
2019-10-23 22:21:55,757 [aed1b97f-105e-4684-b087-4b6333aa3ced@group-F043E0AED0ED-LeaderElection113] INFO  impl.RoleInfo (RoleInfo.java:shutdownLeaderElection(134)) - aed1b97f-105e-4684-b087-4b6333aa3ced: shutdown LeaderElection
2019-10-23 22:21:55,757 [aed1b97f-105e-4684-b087-4b6333aa3ced@group-F043E0AED0ED-LeaderElection113] INFO  impl.RoleInfo (RoleInfo.java:updateAndGet(143)) - aed1b97f-105e-4684-b087-4b6333aa3ced: start FollowerState
2019-10-23 22:21:55,945 [Thread-985] INFO  impl.FollowerState (FollowerState.java:run(108)) - aed1b97f-105e-4684-b087-4b6333aa3ced@group-F043E0AED0ED-FollowerState: change to CANDIDATE, lastRpcTime:188ms, electionTimeout:188ms
2019-10-23 22:21:55,946 [Thread-985] INFO  impl.RoleInfo (RoleInfo.java:shutdownFollowerState(121)) - aed1b97f-105e-4684-b087-4b6333aa3ced: shutdown FollowerState
2019-10-23 22:21:55,946 [Thread-985] INFO  impl.RaftServerImpl (RaftServerImpl.java:setRole(184)) - aed1b97f-105e-4684-b087-4b6333aa3ced@group-F043E0AED0ED: changes role from  FOLLOWER to CANDIDATE at term 124 for changeToCandidate
2019-10-23 22:21:55,946 [Thread-985] INFO  impl.RoleInfo (RoleInfo.java:updateAndGet(143)) - aed1b97f-105e-4684-b087-4b6333aa3ced: start LeaderElection
2019-10-23 22:21:55,961 [aed1b97f-105e-4684-b087-4b6333aa3ced@group-F043E0AED0ED-LeaderElection114] INFO  impl.LeaderElection (LeaderElection.java:askForVotes(178)) - aed1b97f-105e-4684-b087-4b6333aa3ced@group-F043E0AED0ED-LeaderElection114: begin an election at term 125 for -1: [aed1b97f-105e-4684-b087-4b6333aa3ced:192.168.157.195:34943, 1c51b35f-55cb-4636-a00c-83d34bf2d9d4:192.168.157.195:34693, d21ee1f1-33f6-483c-a18b-27782ce1915a:192.168.157.195:46462], old=null
2019-10-23 22:21:55,964 [grpc-default-executor-0] INFO  impl.RaftServerImpl (RaftServerImpl.java:setRole(184)) - 1c51b35f-55cb-4636-a00c-83d34bf2d9d4@group-F043E0AED0ED: changes role from  FOLLOWER to FOLLOWER at term 125 for recognizeCandidate:aed1b97f-105e-4684-b087-4b6333aa3ced
2019-10-23 22:21:55,964 [grpc-default-executor-0] INFO  impl.RoleInfo (RoleInfo.java:shutdownFollowerState(121)) - 1c51b35f-55cb-4636-a00c-83d34bf2d9d4: shutdown FollowerState
2019-10-23 22:21:55,964 [grpc-default-executor-4] INFO  impl.RaftServerImpl (RaftServerImpl.java:setRole(184)) - d21ee1f1-33f6-483c-a18b-27782ce1915a@group-F043E0AED0ED: changes role from  FOLLOWER to FOLLOWER at term 125 for recognizeCandidate:aed1b97f-105e-4684-b087-4b6333aa3ced
2019-10-23 22:21:55,964 [Thread-983] INFO  impl.FollowerState (FollowerState.java:run(117)) - 1c51b35f-55cb-4636-a00c-83d34bf2d9d4@group-F043E0AED0ED-FollowerState was interrupted: java.lang.InterruptedException: sleep interrupted
2019-10-23 22:21:55,964 [grpc-default-executor-0] INFO  impl.RoleInfo (RoleInfo.java:updateAndGet(143)) - 1c51b35f-55cb-4636-a00c-83d34bf2d9d4: start FollowerState
2019-10-23 22:21:55,964 [grpc-default-executor-4] INFO  impl.RoleInfo (RoleInfo.java:shutdownFollowerState(121)) - d21ee1f1-33f6-483c-a18b-27782ce1915a: shutdown FollowerState
2019-10-23 22:21:55,965 [grpc-default-executor-4] INFO  impl.RoleInfo (RoleInfo.java:updateAndGet(143)) - d21ee1f1-33f6-483c-a18b-27782ce1915a: start FollowerState
2019-10-23 22:21:55,965 [Thread-984] INFO  impl.FollowerState (FollowerState.java:run(117)) - d21ee1f1-33f6-483c-a18b-27782ce1915a@group-F043E0AED0ED-FollowerState was interrupted: java.lang.InterruptedException: sleep interrupted
2019-10-23 22:21:55,980 [aed1b97f-105e-4684-b087-4b6333aa3ced@group-F043E0AED0ED-LeaderElection114] INFO  impl.LeaderElection (LeaderElection.java:logAndReturn(56)) - aed1b97f-105e-4684-b087-4b6333aa3ced@group-F043E0AED0ED-LeaderElection114: Election REJECTED; received 2 response(s) [aed1b97f-105e-4684-b087-4b6333aa3ced<-1c51b35f-55cb-4636-a00c-83d34bf2d9d4#0:FAIL-t125, aed1b97f-105e-4684-b087-4b6333aa3ced<-d21ee1f1-33f6-483c-a18b-27782ce1915a#0:FAIL-t125] and 0 exception(s); aed1b97f-105e-4684-b087-4b6333aa3ced@group-F043E0AED0ED:t125, leader=null, voted=aed1b97f-105e-4684-b087-4b6333aa3ced, raftlog=aed1b97f-105e-4684-b087-4b6333aa3ced@group-F043E0AED0ED-SegmentedRaftLog:OPENED:c-1,f-1,i0, conf=-1: [aed1b97f-105e-4684-b087-4b6333aa3ced:192.168.157.195:34943, 1c51b35f-55cb-4636-a00c-83d34bf2d9d4:192.168.157.195:34693, d21ee1f1-33f6-483c-a18b-27782ce1915a:192.168.157.195:46462], old=null
2019-10-23 22:21:55,980 [aed1b97f-105e-4684-b087-4b6333aa3ced@group-F043E0AED0ED-LeaderElection114] INFO  impl.RaftServerImpl (RaftServerImpl.java:setRole(184)) - aed1b97f-105e-4684-b087-4b6333aa3ced@group-F043E0AED0ED: changes role from CANDIDATE to FOLLOWER at term 125 for DISCOVERED_A_NEW_TERM
2019-10-23 22:21:55,980 [aed1b97f-105e-4684-b087-4b6333aa3ced@group-F043E0AED0ED-LeaderElection114] INFO  impl.RoleInfo (RoleInfo.java:shutdownLeaderElection(134)) - aed1b97f-105e-4684-b087-4b6333aa3ced: shutdown LeaderElection
2019-10-23 22:21:55,980 [aed1b97f-105e-4684-b087-4b6333aa3ced@group-F043E0AED0ED-LeaderElection114] INFO  impl.RoleInfo (RoleInfo.java:updateAndGet(143)) - aed1b97f-105e-4684-b087-4b6333aa3ced: start FollowerState
2019-10-23 22:21:56,151 [Thread-993] INFO  impl.FollowerState (FollowerState.java:run(108)) - aed1b97f-105e-4684-b087-4b6333aa3ced@group-F043E0AED0ED-FollowerState: change to CANDIDATE, lastRpcTime:171ms, electionTimeout:171ms
2019-10-23 22:21:56,152 [Thread-993] INFO  impl.RoleInfo (RoleInfo.java:shutdownFollowerState(121)) - aed1b97f-105e-4684-b087-4b6333aa3ced: shutdown FollowerState
2019-10-23 22:21:56,152 [Thread-993] INFO  impl.RaftServerImpl (RaftServerImpl.java:setRole(184)) - aed1b97f-105e-4684-b087-4b6333aa3ced@group-F043E0AED0ED: changes role from  FOLLOWER to CANDIDATE at term 125 for changeToCandidate
2019-10-23 22:21:56,152 [Thread-993] INFO  impl.RoleInfo (RoleInfo.java:updateAndGet(143)) - aed1b97f-105e-4684-b087-4b6333aa3ced: start LeaderElection
2019-10-23 22:21:56,165 [aed1b97f-105e-4684-b087-4b6333aa3ced@group-F043E0AED0ED-LeaderElection115] INFO  impl.LeaderElection (LeaderElection.java:askForVotes(178)) - aed1b97f-105e-4684-b087-4b6333aa3ced@group-F043E0AED0ED-LeaderElection115: begin an election at term 126 for -1: [aed1b97f-105e-4684-b087-4b6333aa3ced:192.168.157.195:34943, 1c51b35f-55cb-4636-a00c-83d34bf2d9d4:192.168.157.195:34693, d21ee1f1-33f6-483c-a18b-27782ce1915a:192.168.157.195:46462], old=null
2019-10-23 22:21:56,168 [grpc-default-executor-0] INFO  impl.RaftServerImpl (RaftServerImpl.java:setRole(184)) - 1c51b35f-55cb-4636-a00c-83d34bf2d9d4@group-F043E0AED0ED: changes role from  FOLLOWER to FOLLOWER at term 126 for recognizeCandidate:aed1b97f-105e-4684-b087-4b6333aa3ced
2019-10-23 22:21:56,169 [grpc-default-executor-0] INFO  impl.RoleInfo (RoleInfo.java:shutdownFollowerState(121)) - 1c51b35f-55cb-4636-a00c-83d34bf2d9d4: shutdown FollowerState
2019-10-23 22:21:56,169 [grpc-default-executor-4] INFO  impl.RaftServerImpl (RaftServerImpl.java:setRole(184)) - d21ee1f1-33f6-483c-a18b-27782ce1915a@group-F043E0AED0ED: changes role from  FOLLOWER to FOLLOWER at term 126 for recognizeCandidate:aed1b97f-105e-4684-b087-4b6333aa3ced
2019-10-23 22:21:56,169 [Thread-991] INFO  impl.FollowerState (FollowerState.java:run(117)) - 1c51b35f-55cb-4636-a00c-83d34bf2d9d4@group-F043E0AED0ED-FollowerState was interrupted: java.lang.InterruptedException: sleep interrupted
2019-10-23 22:21:56,169 [grpc-default-executor-0] INFO  impl.RoleInfo (RoleInfo.java:updateAndGet(143)) - 1c51b35f-55cb-4636-a00c-83d34bf2d9d4: start FollowerState
2019-10-23 22:21:56,169 [grpc-default-executor-4] INFO  impl.RoleInfo (RoleInfo.java:shutdownFollowerState(121)) - d21ee1f1-33f6-483c-a18b-27782ce1915a: shutdown FollowerState
2019-10-23 22:21:56,170 [grpc-default-executor-4] INFO  impl.RoleInfo (RoleInfo.java:updateAndGet(143)) - d21ee1f1-33f6-483c-a18b-27782ce1915a: start FollowerState
2019-10-23 22:21:56,170 [Thread-992] INFO  impl.FollowerState (FollowerState.java:run(117)) - d21ee1f1-33f6-483c-a18b-27782ce1915a@group-F043E0AED0ED-FollowerState was interrupted: java.lang.InterruptedException: sleep interrupted
2019-10-23 22:21:56,184 [aed1b97f-105e-4684-b087-4b6333aa3ced@group-F043E0AED0ED-LeaderElection115] INFO  impl.LeaderElection (LeaderElection.java:logAndReturn(56)) - aed1b97f-105e-4684-b087-4b6333aa3ced@group-F043E0AED0ED-LeaderElection115: Election REJECTED; received 2 response(s) [aed1b97f-105e-4684-b087-4b6333aa3ced<-1c51b35f-55cb-4636-a00c-83d34bf2d9d4#0:FAIL-t126, aed1b97f-105e-4684-b087-4b6333aa3ced<-d21ee1f1-33f6-483c-a18b-27782ce1915a#0:FAIL-t126] and 0 exception(s); aed1b97f-105e-4684-b087-4b6333aa3ced@group-F043E0AED0ED:t126, leader=null, voted=aed1b97f-105e-4684-b087-4b6333aa3ced, raftlog=aed1b97f-105e-4684-b087-4b6333aa3ced@group-F043E0AED0ED-SegmentedRaftLog:OPENED:c-1,f-1,i0, conf=-1: [aed1b97f-105e-4684-b087-4b6333aa3ced:192.168.157.195:34943, 1c51b35f-55cb-4636-a00c-83d34bf2d9d4:192.168.157.195:34693, d21ee1f1-33f6-483c-a18b-27782ce1915a:192.168.157.195:46462], old=null
2019-10-23 22:21:56,184 [aed1b97f-105e-4684-b087-4b6333aa3ced@group-F043E0AED0ED-LeaderElection115] INFO  impl.RaftServerImpl (RaftServerImpl.java:setRole(184)) - aed1b97f-105e-4684-b087-4b6333aa3ced@group-F043E0AED0ED: changes role from CANDIDATE to FOLLOWER at term 126 for DISCOVERED_A_NEW_TERM
2019-10-23 22:21:56,185 [aed1b97f-105e-4684-b087-4b6333aa3ced@group-F043E0AED0ED-LeaderElection115] INFO  impl.RoleInfo (RoleInfo.java:shutdownLeaderElection(134)) - aed1b97f-105e-4684-b087-4b6333aa3ced: shutdown LeaderElection
2019-10-23 22:21:56,185 [aed1b97f-105e-4684-b087-4b6333aa3ced@group-F043E0AED0ED-LeaderElection115] INFO  impl.RoleInfo (RoleInfo.java:updateAndGet(143)) - aed1b97f-105e-4684-b087-4b6333aa3ced: start FollowerState
2019-10-23 22:21:56,242 [Thread-999] INFO  impl.FollowerState (FollowerState.java:run(108)) - aed1b97f-105e-4684-b087-4b6333aa3ced@group-F043E0AED0ED-FollowerState: change to CANDIDATE, lastRpcTime:57ms, electionTimeout:57ms
2019-10-23 22:21:56,242 [Thread-999] INFO  impl.RoleInfo (RoleInfo.java:shutdownFollowerState(121)) - aed1b97f-105e-4684-b087-4b6333aa3ced: shutdown FollowerState
2019-10-23 22:21:56,242 [Thread-999] INFO  impl.RaftServerImpl (RaftServerImpl.java:setRole(184)) - aed1b97f-105e-4684-b087-4b6333aa3ced@group-F043E0AED0ED: changes role from  FOLLOWER to CANDIDATE at term 126 for changeToCandidate
2019-10-23 22:21:56,243 [Thread-999] INFO  impl.RoleInfo (RoleInfo.java:updateAndGet(143)) - aed1b97f-105e-4684-b087-4b6333aa3ced: start LeaderElection
2019-10-23 22:21:56,256 [aed1b97f-105e-4684-b087-4b6333aa3ced@group-F043E0AED0ED-LeaderElection116] INFO  impl.LeaderElection (LeaderElection.java:askForVotes(178)) - aed1b97f-105e-4684-b087-4b6333aa3ced@group-F043E0AED0ED-LeaderElection116: begin an election at term 127 for -1: [aed1b97f-105e-4684-b087-4b6333aa3ced:192.168.157.195:34943, 1c51b35f-55cb-4636-a00c-83d34bf2d9d4:192.168.157.195:34693, d21ee1f1-33f6-483c-a18b-27782ce1915a:192.168.157.195:46462], old=null
2019-10-23 22:21:56,259 [grpc-default-executor-4] INFO  impl.RaftServerImpl (RaftServerImpl.java:setRole(184)) - 1c51b35f-55cb-4636-a00c-83d34bf2d9d4@group-F043E0AED0ED: changes role from  FOLLOWER to FOLLOWER at term 127 for recognizeCandidate:aed1b97f-105e-4684-b087-4b6333aa3ced
2019-10-23 22:21:56,259 [grpc-default-executor-0] INFO  impl.RaftServerImpl (RaftServerImpl.java:setRole(184)) - d21ee1f1-33f6-483c-a18b-27782ce1915a@group-F043E0AED0ED: changes role from  FOLLOWER to FOLLOWER at term 127 for recognizeCandidate:aed1b97f-105e-4684-b087-4b6333aa3ced
2019-10-23 22:21:56,259 [grpc-default-executor-0] INFO  impl.RoleInfo (RoleInfo.java:shutdownFollowerState(121)) - d21ee1f1-33f6-483c-a18b-27782ce1915a: shutdown FollowerState
2019-10-23 22:21:56,259 [grpc-default-executor-4] INFO  impl.RoleInfo (RoleInfo.java:shutdownFollowerState(121)) - 1c51b35f-55cb-4636-a00c-83d34bf2d9d4: shutdown FollowerState
2019-10-23 22:21:56,260 [Thread-998] INFO  impl.FollowerState (FollowerState.java:run(117)) - d21ee1f1-33f6-483c-a18b-27782ce1915a@group-F043E0AED0ED-FollowerState was interrupted: java.lang.InterruptedException: sleep interrupted
2019-10-23 22:21:56,260 [grpc-default-executor-0] INFO  impl.RoleInfo (RoleInfo.java:updateAndGet(143)) - d21ee1f1-33f6-483c-a18b-27782ce1915a: start FollowerState
2019-10-23 22:21:56,260 [Thread-997] INFO  impl.FollowerState (FollowerState.java:run(117)) - 1c51b35f-55cb-4636-a00c-83d34bf2d9d4@group-F043E0AED0ED-FollowerState was interrupted: java.lang.InterruptedException: sleep interrupted
2019-10-23 22:21:56,260 [grpc-default-executor-4] INFO  impl.RoleInfo (RoleInfo.java:updateAndGet(143)) - 1c51b35f-55cb-4636-a00c-83d34bf2d9d4: start FollowerState
2019-10-23 22:21:56,287 [aed1b97f-105e-4684-b087-4b6333aa3ced@group-F043E0AED0ED-LeaderElection116] INFO  impl.LeaderElection (LeaderElection.java:logAndReturn(56)) - aed1b97f-105e-4684-b087-4b6333aa3ced@group-F043E0AED0ED-LeaderElection116: Election REJECTED; received 2 response(s) [aed1b97f-105e-4684-b087-4b6333aa3ced<-1c51b35f-55cb-4636-a00c-83d34bf2d9d4#0:FAIL-t127, aed1b97f-105e-4684-b087-4b6333aa3ced<-d21ee1f1-33f6-483c-a18b-27782ce1915a#0:FAIL-t127] and 0 exception(s); aed1b97f-105e-4684-b087-4b6333aa3ced@group-F043E0AED0ED:t127, leader=null, voted=aed1b97f-105e-4684-b087-4b6333aa3ced, raftlog=aed1b97f-105e-4684-b087-4b6333aa3ced@group-F043E0AED0ED-SegmentedRaftLog:OPENED:c-1,f-1,i0, conf=-1: [aed1b97f-105e-4684-b087-4b6333aa3ced:192.168.157.195:34943, 1c51b35f-55cb-4636-a00c-83d34bf2d9d4:192.168.157.195:34693, d21ee1f1-33f6-483c-a18b-27782ce1915a:192.168.157.195:46462], old=null
2019-10-23 22:21:56,287 [aed1b97f-105e-4684-b087-4b6333aa3ced@group-F043E0AED0ED-LeaderElection116] INFO  impl.RaftServerImpl (RaftServerImpl.java:setRole(184)) - aed1b97f-105e-4684-b087-4b6333aa3ced@group-F043E0AED0ED: changes role from CANDIDATE to FOLLOWER at term 127 for DISCOVERED_A_NEW_TERM
2019-10-23 22:21:56,287 [aed1b97f-105e-4684-b087-4b6333aa3ced@group-F043E0AED0ED-LeaderElection116] INFO  impl.RoleInfo (RoleInfo.java:shutdownLeaderElection(134)) - aed1b97f-105e-4684-b087-4b6333aa3ced: shutdown LeaderElection
2019-10-23 22:21:56,287 [aed1b97f-105e-4684-b087-4b6333aa3ced@group-F043E0AED0ED-LeaderElection116] INFO  impl.RoleInfo (RoleInfo.java:updateAndGet(143)) - aed1b97f-105e-4684-b087-4b6333aa3ced: start FollowerState
2019-10-23 22:21:56,349 [Thread-1005] INFO  impl.FollowerState (FollowerState.java:run(108)) - aed1b97f-105e-4684-b087-4b6333aa3ced@group-F043E0AED0ED-FollowerState: change to CANDIDATE, lastRpcTime:61ms, electionTimeout:61ms
2019-10-23 22:21:56,349 [Thread-1005] INFO  impl.RoleInfo (RoleInfo.java:shutdownFollowerState(121)) - aed1b97f-105e-4684-b087-4b6333aa3ced: shutdown FollowerState
2019-10-23 22:21:56,349 [Thread-1005] INFO  impl.RaftServerImpl (RaftServerImpl.java:setRole(184)) - aed1b97f-105e-4684-b087-4b6333aa3ced@group-F043E0AED0ED: changes role from  FOLLOWER to CANDIDATE at term 127 for changeToCandidate
2019-10-23 22:21:56,349 [Thread-1005] INFO  impl.RoleInfo (RoleInfo.java:updateAndGet(143)) - aed1b97f-105e-4684-b087-4b6333aa3ced: start LeaderElection
2019-10-23 22:21:56,375 [aed1b97f-105e-4684-b087-4b6333aa3ced@group-F043E0AED0ED-LeaderElection117] INFO  impl.LeaderElection (LeaderElection.java:askForVotes(178)) - aed1b97f-105e-4684-b087-4b6333aa3ced@group-F043E0AED0ED-LeaderElection117: begin an election at term 128 for -1: [aed1b97f-105e-4684-b087-4b6333aa3ced:192.168.157.195:34943, 1c51b35f-55cb-4636-a00c-83d34bf2d9d4:192.168.157.195:34693, d21ee1f1-33f6-483c-a18b-27782ce1915a:192.168.157.195:46462], old=null
2019-10-23 22:21:56,378 [grpc-default-executor-4] INFO  impl.RaftServerImpl (RaftServerImpl.java:setRole(184)) - 1c51b35f-55cb-4636-a00c-83d34bf2d9d4@group-F043E0AED0ED: changes role from  FOLLOWER to FOLLOWER at term 128 for recognizeCandidate:aed1b97f-105e-4684-b087-4b6333aa3ced
2019-10-23 22:21:56,378 [grpc-default-executor-0] INFO  impl.RaftServerImpl (RaftServerImpl.java:setRole(184)) - d21ee1f1-33f6-483c-a18b-27782ce1915a@group-F043E0AED0ED: changes role from  FOLLOWER to FOLLOWER at term 128 for recognizeCandidate:aed1b97f-105e-4684-b087-4b6333aa3ced
2019-10-23 22:21:56,378 [grpc-default-executor-4] INFO  impl.RoleInfo (RoleInfo.java:shutdownFollowerState(121)) - 1c51b35f-55cb-4636-a00c-83d34bf2d9d4: shutdown FollowerState
2019-10-23 22:21:56,378 [grpc-default-executor-0] INFO  impl.RoleInfo (RoleInfo.java:shutdownFollowerState(121)) - d21ee1f1-33f6-483c-a18b-27782ce1915a: shutdown FollowerState
2019-10-23 22:21:56,378 [Thread-1004] INFO  impl.FollowerState (FollowerState.java:run(117)) - 1c51b35f-55cb-4636-a00c-83d34bf2d9d4@group-F043E0AED0ED-FollowerState was interrupted: java.lang.InterruptedException: sleep interrupted
2019-10-23 22:21:56,378 [grpc-default-executor-4] INFO  impl.RoleInfo (RoleInfo.java:updateAndGet(143)) - 1c51b35f-55cb-4636-a00c-83d34bf2d9d4: start FollowerState
2019-10-23 22:21:56,378 [Thread-1003] INFO  impl.FollowerState (FollowerState.java:run(117)) - d21ee1f1-33f6-483c-a18b-27782ce1915a@group-F043E0AED0ED-FollowerState was interrupted: java.lang.InterruptedException: sleep interrupted
2019-10-23 22:21:56,378 [grpc-default-executor-0] INFO  impl.RoleInfo (RoleInfo.java:updateAndGet(143)) - d21ee1f1-33f6-483c-a18b-27782ce1915a: start FollowerState
2019-10-23 22:21:56,405 [aed1b97f-105e-4684-b087-4b6333aa3ced@group-F043E0AED0ED-LeaderElection117] INFO  impl.LeaderElection (LeaderElection.java:logAndReturn(56)) - aed1b97f-105e-4684-b087-4b6333aa3ced@group-F043E0AED0ED-LeaderElection117: Election REJECTED; received 2 response(s) [aed1b97f-105e-4684-b087-4b6333aa3ced<-1c51b35f-55cb-4636-a00c-83d34bf2d9d4#0:FAIL-t128, aed1b97f-105e-4684-b087-4b6333aa3ced<-d21ee1f1-33f6-483c-a18b-27782ce1915a#0:FAIL-t128] and 0 exception(s); aed1b97f-105e-4684-b087-4b6333aa3ced@group-F043E0AED0ED:t128, leader=null, voted=aed1b97f-105e-4684-b087-4b6333aa3ced, raftlog=aed1b97f-105e-4684-b087-4b6333aa3ced@group-F043E0AED0ED-SegmentedRaftLog:OPENED:c-1,f-1,i0, conf=-1: [aed1b97f-105e-4684-b087-4b6333aa3ced:192.168.157.195:34943, 1c51b35f-55cb-4636-a00c-83d34bf2d9d4:192.168.157.195:34693, d21ee1f1-33f6-483c-a18b-27782ce1915a:192.168.157.195:46462], old=null
2019-10-23 22:21:56,406 [aed1b97f-105e-4684-b087-4b6333aa3ced@group-F043E0AED0ED-LeaderElection117] INFO  impl.RaftServerImpl (RaftServerImpl.java:setRole(184)) - aed1b97f-105e-4684-b087-4b6333aa3ced@group-F043E0AED0ED: changes role from CANDIDATE to FOLLOWER at term 128 for DISCOVERED_A_NEW_TERM
2019-10-23 22:21:56,406 [aed1b97f-105e-4684-b087-4b6333aa3ced@group-F043E0AED0ED-LeaderElection117] INFO  impl.RoleInfo (RoleInfo.java:shutdownLeaderElection(134)) - aed1b97f-105e-4684-b087-4b6333aa3ced: shutdown LeaderElection
2019-10-23 22:21:56,406 [aed1b97f-105e-4684-b087-4b6333aa3ced@group-F043E0AED0ED-LeaderElection117] INFO  impl.RoleInfo (RoleInfo.java:updateAndGet(143)) - aed1b97f-105e-4684-b087-4b6333aa3ced: start FollowerState
2019-10-23 22:21:56,406 [Thread-1011] INFO  impl.FollowerState (FollowerState.java:run(108)) - aed1b97f-105e-4684-b087-4b6333aa3ced@group-F043E0AED0ED-FollowerState: change to CANDIDATE, lastRpcTime:0ms, electionTimeout:0ms
2019-10-23 22:21:56,407 [Thread-1011] INFO  impl.RoleInfo (RoleInfo.java:shutdownFollowerState(121)) - aed1b97f-105e-4684-b087-4b6333aa3ced: shutdown FollowerState
2019-10-23 22:21:56,407 [Thread-1011] INFO  impl.RaftServerImpl (RaftServerImpl.java:setRole(184)) - aed1b97f-105e-4684-b087-4b6333aa3ced@group-F043E0AED0ED: changes role from  FOLLOWER to CANDIDATE at term 128 for changeToCandidate
2019-10-23 22:21:56,407 [Thread-1011] INFO  impl.RoleInfo (RoleInfo.java:updateAndGet(143)) - aed1b97f-105e-4684-b087-4b6333aa3ced: start LeaderElection
2019-10-23 22:21:56,420 [aed1b97f-105e-4684-b087-4b6333aa3ced@group-F043E0AED0ED-LeaderElection118] INFO  impl.LeaderElection (LeaderElection.java:askForVotes(178)) - aed1b97f-105e-4684-b087-4b6333aa3ced@group-F043E0AED0ED-LeaderElection118: begin an election at term 129 for -1: [aed1b97f-105e-4684-b087-4b6333aa3ced:192.168.157.195:34943, 1c51b35f-55cb-4636-a00c-83d34bf2d9d4:192.168.157.195:34693, d21ee1f1-33f6-483c-a18b-27782ce1915a:192.168.157.195:46462], old=null
2019-10-23 22:21:56,422 [grpc-default-executor-0] INFO  impl.RaftServerImpl (RaftServerImpl.java:setRole(184)) - 1c51b35f-55cb-4636-a00c-83d34bf2d9d4@group-F043E0AED0ED: changes role from  FOLLOWER to FOLLOWER at term 129 for recognizeCandidate:aed1b97f-105e-4684-b087-4b6333aa3ced
2019-10-23 22:21:56,422 [grpc-default-executor-0] INFO  impl.RoleInfo (RoleInfo.java:shutdownFollowerState(121)) - 1c51b35f-55cb-4636-a00c-83d34bf2d9d4: shutdown FollowerState
2019-10-23 22:21:56,422 [grpc-default-executor-4] INFO  impl.RaftServerImpl (RaftServerImpl.java:setRole(184)) - d21ee1f1-33f6-483c-a18b-27782ce1915a@group-F043E0AED0ED: changes role from  FOLLOWER to FOLLOWER at term 129 for recognizeCandidate:aed1b97f-105e-4684-b087-4b6333aa3ced
2019-10-23 22:21:56,422 [grpc-default-executor-4] INFO  impl.RoleInfo (RoleInfo.java:shutdownFollowerState(121)) - d21ee1f1-33f6-483c-a18b-27782ce1915a: shutdown FollowerState
2019-10-23 22:21:56,422 [Thread-1009] INFO  impl.FollowerState (FollowerState.java:run(117)) - 1c51b35f-55cb-4636-a00c-83d34bf2d9d4@group-F043E0AED0ED-FollowerState was interrupted: java.lang.InterruptedException: sleep interrupted
2019-10-23 22:21:56,422 [grpc-default-executor-0] INFO  impl.RoleInfo (RoleInfo.java:updateAndGet(143)) - 1c51b35f-55cb-4636-a00c-83d34bf2d9d4: start FollowerState
2019-10-23 22:21:56,423 [Thread-1010] INFO  impl.FollowerState (FollowerState.java:run(117)) - d21ee1f1-33f6-483c-a18b-27782ce1915a@group-F043E0AED0ED-FollowerState was interrupted: java.lang.InterruptedException: sleep interrupted
2019-10-23 22:21:56,423 [grpc-default-executor-4] INFO  impl.RoleInfo (RoleInfo.java:updateAndGet(143)) - d21ee1f1-33f6-483c-a18b-27782ce1915a: start FollowerState
2019-10-23 22:21:56,449 [aed1b97f-105e-4684-b087-4b6333aa3ced@group-F043E0AED0ED-LeaderElection118] INFO  impl.LeaderElection (LeaderElection.java:logAndReturn(56)) - aed1b97f-105e-4684-b087-4b6333aa3ced@group-F043E0AED0ED-LeaderElection118: Election REJECTED; received 2 response(s) [aed1b97f-105e-4684-b087-4b6333aa3ced<-1c51b35f-55cb-4636-a00c-83d34bf2d9d4#0:FAIL-t129, aed1b97f-105e-4684-b087-4b6333aa3ced<-d21ee1f1-33f6-483c-a18b-27782ce1915a#0:FAIL-t129] and 0 exception(s); aed1b97f-105e-4684-b087-4b6333aa3ced@group-F043E0AED0ED:t129, leader=null, voted=aed1b97f-105e-4684-b087-4b6333aa3ced, raftlog=aed1b97f-105e-4684-b087-4b6333aa3ced@group-F043E0AED0ED-SegmentedRaftLog:OPENED:c-1,f-1,i0, conf=-1: [aed1b97f-105e-4684-b087-4b6333aa3ced:192.168.157.195:34943, 1c51b35f-55cb-4636-a00c-83d34bf2d9d4:192.168.157.195:34693, d21ee1f1-33f6-483c-a18b-27782ce1915a:192.168.157.195:46462], old=null
2019-10-23 22:21:56,449 [aed1b97f-105e-4684-b087-4b6333aa3ced@group-F043E0AED0ED-LeaderElection118] INFO  impl.RaftServerImpl (RaftServerImpl.java:setRole(184)) - aed1b97f-105e-4684-b087-4b6333aa3ced@group-F043E0AED0ED: changes role from CANDIDATE to FOLLOWER at term 129 for DISCOVERED_A_NEW_TERM
2019-10-23 22:21:56,449 [aed1b97f-105e-4684-b087-4b6333aa3ced@group-F043E0AED0ED-LeaderElection118] INFO  impl.RoleInfo (RoleInfo.java:shutdownLeaderElection(134)) - aed1b97f-105e-4684-b087-4b6333aa3ced: shutdown LeaderElection
2019-10-23 22:21:56,449 [aed1b97f-105e-4684-b087-4b6333aa3ced@group-F043E0AED0ED-LeaderElection118] INFO  impl.RoleInfo (RoleInfo.java:updateAndGet(143)) - aed1b97f-105e-4684-b087-4b6333aa3ced: start FollowerState
2019-10-23 22:21:56,650 [Thread-1017] INFO  impl.FollowerState (FollowerState.java:run(108)) - aed1b97f-105e-4684-b087-4b6333aa3ced@group-F043E0AED0ED-FollowerState: change to CANDIDATE, lastRpcTime:200ms, electionTimeout:200ms
2019-10-23 22:21:56,650 [Thread-1017] INFO  impl.RoleInfo (RoleInfo.java:shutdownFollowerState(121)) - aed1b97f-105e-4684-b087-4b6333aa3ced: shutdown FollowerState
2019-10-23 22:21:56,650 [Thread-1017] INFO  impl.RaftServerImpl (RaftServerImpl.java:setRole(184)) - aed1b97f-105e-4684-b087-4b6333aa3ced@group-F043E0AED0ED: changes role from  FOLLOWER to CANDIDATE at term 129 for changeToCandidate
2019-10-23 22:21:56,650 [Thread-1017] INFO  impl.RoleInfo (RoleInfo.java:updateAndGet(143)) - aed1b97f-105e-4684-b087-4b6333aa3ced: start LeaderElection
2019-10-23 22:21:56,676 [aed1b97f-105e-4684-b087-4b6333aa3ced@group-F043E0AED0ED-LeaderElection119] INFO  impl.LeaderElection (LeaderElection.java:askForVotes(178)) - aed1b97f-105e-4684-b087-4b6333aa3ced@group-F043E0AED0ED-LeaderElection119: begin an election at term 130 for -1: [aed1b97f-105e-4684-b087-4b6333aa3ced:192.168.157.195:34943, 1c51b35f-55cb-4636-a00c-83d34bf2d9d4:192.168.157.195:34693, d21ee1f1-33f6-483c-a18b-27782ce1915a:192.168.157.195:46462], old=null
2019-10-23 22:21:56,678 [grpc-default-executor-4] INFO  impl.RaftServerImpl (RaftServerImpl.java:setRole(184)) - 1c51b35f-55cb-4636-a00c-83d34bf2d9d4@group-F043E0AED0ED: changes role from  FOLLOWER to FOLLOWER at term 130 for recognizeCandidate:aed1b97f-105e-4684-b087-4b6333aa3ced
2019-10-23 22:21:56,679 [grpc-default-executor-4] INFO  impl.RoleInfo (RoleInfo.java:shutdownFollowerState(121)) - 1c51b35f-55cb-4636-a00c-83d34bf2d9d4: shutdown FollowerState
2019-10-23 22:21:56,678 [grpc-default-executor-0] INFO  impl.RaftServerImpl (RaftServerImpl.java:setRole(184)) - d21ee1f1-33f6-483c-a18b-27782ce1915a@group-F043E0AED0ED: changes role from  FOLLOWER to FOLLOWER at term 130 for recognizeCandidate:aed1b97f-105e-4684-b087-4b6333aa3ced
2019-10-23 22:21:56,679 [Thread-1015] INFO  impl.FollowerState (FollowerState.java:run(117)) - 1c51b35f-55cb-4636-a00c-83d34bf2d9d4@group-F043E0AED0ED-FollowerState was interrupted: java.lang.InterruptedException: sleep interrupted
2019-10-23 22:21:56,679 [grpc-default-executor-4] INFO  impl.RoleInfo (RoleInfo.java:updateAndGet(143)) - 1c51b35f-55cb-4636-a00c-83d34bf2d9d4: start FollowerState
2019-10-23 22:21:56,679 [grpc-default-executor-0] INFO  impl.RoleInfo (RoleInfo.java:shutdownFollowerState(121)) - d21ee1f1-33f6-483c-a18b-27782ce1915a: shutdown FollowerState
2019-10-23 22:21:56,680 [grpc-default-executor-0] INFO  impl.RoleInfo (RoleInfo.java:updateAndGet(143)) - d21ee1f1-33f6-483c-a18b-27782ce1915a: start FollowerState
2019-10-23 22:21:56,680 [Thread-1016] INFO  impl.FollowerState (FollowerState.java:run(117)) - d21ee1f1-33f6-483c-a18b-27782ce1915a@group-F043E0AED0ED-FollowerState was interrupted: java.lang.InterruptedException: sleep interrupted
2019-10-23 22:21:56,694 [aed1b97f-105e-4684-b087-4b6333aa3ced@group-F043E0AED0ED-LeaderElection119] INFO  impl.LeaderElection (LeaderElection.java:logAndReturn(56)) - aed1b97f-105e-4684-b087-4b6333aa3ced@group-F043E0AED0ED-LeaderElection119: Election REJECTED; received 2 response(s) [aed1b97f-105e-4684-b087-4b6333aa3ced<-1c51b35f-55cb-4636-a00c-83d34bf2d9d4#0:FAIL-t130, aed1b97f-105e-4684-b087-4b6333aa3ced<-d21ee1f1-33f6-483c-a18b-27782ce1915a#0:FAIL-t130] and 0 exception(s); aed1b97f-105e-4684-b087-4b6333aa3ced@group-F043E0AED0ED:t130, leader=null, voted=aed1b97f-105e-4684-b087-4b6333aa3ced, raftlog=aed1b97f-105e-4684-b087-4b6333aa3ced@group-F043E0AED0ED-SegmentedRaftLog:OPENED:c-1,f-1,i0, conf=-1: [aed1b97f-105e-4684-b087-4b6333aa3ced:192.168.157.195:34943, 1c51b35f-55cb-4636-a00c-83d34bf2d9d4:192.168.157.195:34693, d21ee1f1-33f6-483c-a18b-27782ce1915a:192.168.157.195:46462], old=null
2019-10-23 22:21:56,694 [aed1b97f-105e-4684-b087-4b6333aa3ced@group-F043E0AED0ED-LeaderElection119] INFO  impl.RaftServerImpl (RaftServerImpl.java:setRole(184)) - aed1b97f-105e-4684-b087-4b6333aa3ced@group-F043E0AED0ED: changes role from CANDIDATE to FOLLOWER at term 130 for DISCOVERED_A_NEW_TERM
2019-10-23 22:21:56,694 [aed1b97f-105e-4684-b087-4b6333aa3ced@group-F043E0AED0ED-LeaderElection119] INFO  impl.RoleInfo (RoleInfo.java:shutdownLeaderElection(134)) - aed1b97f-105e-4684-b087-4b6333aa3ced: shutdown LeaderElection
2019-10-23 22:21:56,695 [aed1b97f-105e-4684-b087-4b6333aa3ced@group-F043E0AED0ED-LeaderElection119] INFO  impl.RoleInfo (RoleInfo.java:updateAndGet(143)) - aed1b97f-105e-4684-b087-4b6333aa3ced: start FollowerState
2019-10-23 22:21:56,697 [Thread-1023] INFO  impl.FollowerState (FollowerState.java:run(108)) - aed1b97f-105e-4684-b087-4b6333aa3ced@group-F043E0AED0ED-FollowerState: change to CANDIDATE, lastRpcTime:2ms, electionTimeout:2ms
2019-10-23 22:21:56,697 [Thread-1023] INFO  impl.RoleInfo (RoleInfo.java:shutdownFollowerState(121)) - aed1b97f-105e-4684-b087-4b6333aa3ced: shutdown FollowerState
2019-10-23 22:21:56,697 [Thread-1023] INFO  impl.RaftServerImpl (RaftServerImpl.java:setRole(184)) - aed1b97f-105e-4684-b087-4b6333aa3ced@group-F043E0AED0ED: changes role from  FOLLOWER to CANDIDATE at term 130 for changeToCandidate
2019-10-23 22:21:56,697 [Thread-1023] INFO  impl.RoleInfo (RoleInfo.java:updateAndGet(143)) - aed1b97f-105e-4684-b087-4b6333aa3ced: start LeaderElection
2019-10-23 22:21:56,722 [aed1b97f-105e-4684-b087-4b6333aa3ced@group-F043E0AED0ED-LeaderElection120] INFO  impl.LeaderElection (LeaderElection.java:askForVotes(178)) - aed1b97f-105e-4684-b087-4b6333aa3ced@group-F043E0AED0ED-LeaderElection120: begin an election at term 131 for -1: [aed1b97f-105e-4684-b087-4b6333aa3ced:192.168.157.195:34943, 1c51b35f-55cb-4636-a00c-83d34bf2d9d4:192.168.157.195:34693, d21ee1f1-33f6-483c-a18b-27782ce1915a:192.168.157.195:46462], old=null
2019-10-23 22:21:56,725 [grpc-default-executor-0] INFO  impl.RaftServerImpl (RaftServerImpl.java:setRole(184)) - 1c51b35f-55cb-4636-a00c-83d34bf2d9d4@group-F043E0AED0ED: changes role from  FOLLOWER to FOLLOWER at term 131 for recognizeCandidate:aed1b97f-105e-4684-b087-4b6333aa3ced
2019-10-23 22:21:56,725 [grpc-default-executor-0] INFO  impl.RoleInfo (RoleInfo.java:shutdownFollowerState(121)) - 1c51b35f-55cb-4636-a00c-83d34bf2d9d4: shutdown FollowerState
2019-10-23 22:21:56,725 [grpc-default-executor-4] INFO  impl.RaftServerImpl (RaftServerImpl.java:setRole(184)) - d21ee1f1-33f6-483c-a18b-27782ce1915a@group-F043E0AED0ED: changes role from  FOLLOWER to FOLLOWER at term 131 for recognizeCandidate:aed1b97f-105e-4684-b087-4b6333aa3ced
2019-10-23 22:21:56,725 [Thread-1021] INFO  impl.FollowerState (FollowerState.java:run(117)) - 1c51b35f-55cb-4636-a00c-83d34bf2d9d4@group-F043E0AED0ED-FollowerState was interrupted: java.lang.InterruptedException: sleep interrupted
2019-10-23 22:21:56,725 [grpc-default-executor-0] INFO  impl.RoleInfo (RoleInfo.java:updateAndGet(143)) - 1c51b35f-55cb-4636-a00c-83d34bf2d9d4: start FollowerState
2019-10-23 22:21:56,725 [grpc-default-executor-4] INFO  impl.RoleInfo (RoleInfo.java:shutdownFollowerState(121)) - d21ee1f1-33f6-483c-a18b-27782ce1915a: shutdown FollowerState
2019-10-23 22:21:56,726 [grpc-default-executor-4] INFO  impl.RoleInfo (RoleInfo.java:updateAndGet(143)) - d21ee1f1-33f6-483c-a18b-27782ce1915a: start FollowerState
2019-10-23 22:21:56,726 [Thread-1022] INFO  impl.FollowerState (FollowerState.java:run(117)) - d21ee1f1-33f6-483c-a18b-27782ce1915a@group-F043E0AED0ED-FollowerState was interrupted: java.lang.InterruptedException: sleep interrupted
2019-10-23 22:21:56,751 [aed1b97f-105e-4684-b087-4b6333aa3ced@group-F043E0AED0ED-LeaderElection120] INFO  impl.LeaderElection (LeaderElection.java:logAndReturn(56)) - aed1b97f-105e-4684-b087-4b6333aa3ced@group-F043E0AED0ED-LeaderElection120: Election REJECTED; received 2 response(s) [aed1b97f-105e-4684-b087-4b6333aa3ced<-1c51b35f-55cb-4636-a00c-83d34bf2d9d4#0:FAIL-t131, aed1b97f-105e-4684-b087-4b6333aa3ced<-d21ee1f1-33f6-483c-a18b-27782ce1915a#0:FAIL-t131] and 0 exception(s); aed1b97f-105e-4684-b087-4b6333aa3ced@group-F043E0AED0ED:t131, leader=null, voted=aed1b97f-105e-4684-b087-4b6333aa3ced, raftlog=aed1b97f-105e-4684-b087-4b6333aa3ced@group-F043E0AED0ED-SegmentedRaftLog:OPENED:c-1,f-1,i0, conf=-1: [aed1b97f-105e-4684-b087-4b6333aa3ced:192.168.157.195:34943, 1c51b35f-55cb-4636-a00c-83d34bf2d9d4:192.168.157.195:34693, d21ee1f1-33f6-483c-a18b-27782ce1915a:192.168.157.195:46462], old=null
2019-10-23 22:21:56,751 [aed1b97f-105e-4684-b087-4b6333aa3ced@group-F043E0AED0ED-LeaderElection120] INFO  impl.RaftServerImpl (RaftServerImpl.java:setRole(184)) - aed1b97f-105e-4684-b087-4b6333aa3ced@group-F043E0AED0ED: changes role from CANDIDATE to FOLLOWER at term 131 for DISCOVERED_A_NEW_TERM
2019-10-23 22:21:56,752 [aed1b97f-105e-4684-b087-4b6333aa3ced@group-F043E0AED0ED-LeaderElection120] INFO  impl.RoleInfo (RoleInfo.java:shutdownLeaderElection(134)) - aed1b97f-105e-4684-b087-4b6333aa3ced: shutdown LeaderElection
2019-10-23 22:21:56,752 [aed1b97f-105e-4684-b087-4b6333aa3ced@group-F043E0AED0ED-LeaderElection120] INFO  impl.RoleInfo (RoleInfo.java:updateAndGet(143)) - aed1b97f-105e-4684-b087-4b6333aa3ced: start FollowerState
2019-10-23 22:21:56,798 [Thread-1029] INFO  impl.FollowerState (FollowerState.java:run(108)) - aed1b97f-105e-4684-b087-4b6333aa3ced@group-F043E0AED0ED-FollowerState: change to CANDIDATE, lastRpcTime:46ms, electionTimeout:46ms
2019-10-23 22:21:56,799 [Thread-1029] INFO  impl.RoleInfo (RoleInfo.java:shutdownFollowerState(121)) - aed1b97f-105e-4684-b087-4b6333aa3ced: shutdown FollowerState
2019-10-23 22:21:56,799 [Thread-1029] INFO  impl.RaftServerImpl (RaftServerImpl.java:setRole(184)) - aed1b97f-105e-4684-b087-4b6333aa3ced@group-F043E0AED0ED: changes role from  FOLLOWER to CANDIDATE at term 131 for changeToCandidate
2019-10-23 22:21:56,799 [Thread-1029] INFO  impl.RoleInfo (RoleInfo.java:updateAndGet(143)) - aed1b97f-105e-4684-b087-4b6333aa3ced: start LeaderElection
2019-10-23 22:21:56,833 [aed1b97f-105e-4684-b087-4b6333aa3ced@group-F043E0AED0ED-LeaderElection121] INFO  impl.LeaderElection (LeaderElection.java:askForVotes(178)) - aed1b97f-105e-4684-b087-4b6333aa3ced@group-F043E0AED0ED-LeaderElection121: begin an election at term 132 for -1: [aed1b97f-105e-4684-b087-4b6333aa3ced:192.168.157.195:34943, 1c51b35f-55cb-4636-a00c-83d34bf2d9d4:192.168.157.195:34693, d21ee1f1-33f6-483c-a18b-27782ce1915a:192.168.157.195:46462], old=null
2019-10-23 22:21:56,835 [grpc-default-executor-4] INFO  impl.RaftServerImpl (RaftServerImpl.java:setRole(184)) - 1c51b35f-55cb-4636-a00c-83d34bf2d9d4@group-F043E0AED0ED: changes role from  FOLLOWER to FOLLOWER at term 132 for recognizeCandidate:aed1b97f-105e-4684-b087-4b6333aa3ced
2019-10-23 22:21:56,835 [grpc-default-executor-4] INFO  impl.RoleInfo (RoleInfo.java:shutdownFollowerState(121)) - 1c51b35f-55cb-4636-a00c-83d34bf2d9d4: shutdown FollowerState
2019-10-23 22:21:56,835 [grpc-default-executor-4] INFO  impl.RoleInfo (RoleInfo.java:updateAndGet(143)) - 1c51b35f-55cb-4636-a00c-83d34bf2d9d4: start FollowerState
2019-10-23 22:21:56,836 [Thread-1027] INFO  impl.FollowerState (FollowerState.java:run(117)) - 1c51b35f-55cb-4636-a00c-83d34bf2d9d4@group-F043E0AED0ED-FollowerState was interrupted: java.lang.InterruptedException: sleep interrupted
2019-10-23 22:21:56,835 [grpc-default-executor-0] INFO  impl.RaftServerImpl (RaftServerImpl.java:setRole(184)) - d21ee1f1-33f6-483c-a18b-27782ce1915a@group-F043E0AED0ED: changes role from  FOLLOWER to FOLLOWER at term 132 for recognizeCandidate:aed1b97f-105e-4684-b087-4b6333aa3ced
2019-10-23 22:21:56,836 [grpc-default-executor-0] INFO  impl.RoleInfo (RoleInfo.java:shutdownFollowerState(121)) - d21ee1f1-33f6-483c-a18b-27782ce1915a: shutdown FollowerState
2019-10-23 22:21:56,836 [grpc-default-executor-0] INFO  impl.RoleInfo (RoleInfo.java:updateAndGet(143)) - d21ee1f1-33f6-483c-a18b-27782ce1915a: start FollowerState
2019-10-23 22:21:56,836 [Thread-1028] INFO  impl.FollowerState (FollowerState.java:run(117)) - d21ee1f1-33f6-483c-a18b-27782ce1915a@group-F043E0AED0ED-FollowerState was interrupted: java.lang.InterruptedException: sleep interrupted
2019-10-23 22:21:56,853 [aed1b97f-105e-4684-b087-4b6333aa3ced@group-F043E0AED0ED-LeaderElection121] INFO  impl.LeaderElection (LeaderElection.java:logAndReturn(56)) - aed1b97f-105e-4684-b087-4b6333aa3ced@group-F043E0AED0ED-LeaderElection121: Election REJECTED; received 2 response(s) [aed1b97f-105e-4684-b087-4b6333aa3ced<-1c51b35f-55cb-4636-a00c-83d34bf2d9d4#0:FAIL-t132, aed1b97f-105e-4684-b087-4b6333aa3ced<-d21ee1f1-33f6-483c-a18b-27782ce1915a#0:FAIL-t132] and 0 exception(s); aed1b97f-105e-4684-b087-4b6333aa3ced@group-F043E0AED0ED:t132, leader=null, voted=aed1b97f-105e-4684-b087-4b6333aa3ced, raftlog=aed1b97f-105e-4684-b087-4b6333aa3ced@group-F043E0AED0ED-SegmentedRaftLog:OPENED:c-1,f-1,i0, conf=-1: [aed1b97f-105e-4684-b087-4b6333aa3ced:192.168.157.195:34943, 1c51b35f-55cb-4636-a00c-83d34bf2d9d4:192.168.157.195:34693, d21ee1f1-33f6-483c-a18b-27782ce1915a:192.168.157.195:46462], old=null
2019-10-23 22:21:56,853 [aed1b97f-105e-4684-b087-4b6333aa3ced@group-F043E0AED0ED-LeaderElection121] INFO  impl.RaftServerImpl (RaftServerImpl.java:setRole(184)) - aed1b97f-105e-4684-b087-4b6333aa3ced@group-F043E0AED0ED: changes role from CANDIDATE to FOLLOWER at term 132 for DISCOVERED_A_NEW_TERM
2019-10-23 22:21:56,854 [aed1b97f-105e-4684-b087-4b6333aa3ced@group-F043E0AED0ED-LeaderElection121] INFO  impl.RoleInfo (RoleInfo.java:shutdownLeaderElection(134)) - aed1b97f-105e-4684-b087-4b6333aa3ced: shutdown LeaderElection
2019-10-23 22:21:56,854 [aed1b97f-105e-4684-b087-4b6333aa3ced@group-F043E0AED0ED-LeaderElection121] INFO  impl.RoleInfo (RoleInfo.java:updateAndGet(143)) - aed1b97f-105e-4684-b087-4b6333aa3ced: start FollowerState
2019-10-23 22:21:56,974 [Thread-1035] INFO  impl.FollowerState (FollowerState.java:run(108)) - aed1b97f-105e-4684-b087-4b6333aa3ced@group-F043E0AED0ED-FollowerState: change to CANDIDATE, lastRpcTime:120ms, electionTimeout:120ms
2019-10-23 22:21:56,974 [Thread-1035] INFO  impl.RoleInfo (RoleInfo.java:shutdownFollowerState(121)) - aed1b97f-105e-4684-b087-4b6333aa3ced: shutdown FollowerState
2019-10-23 22:21:56,975 [Thread-1035] INFO  impl.RaftServerImpl (RaftServerImpl.java:setRole(184)) - aed1b97f-105e-4684-b087-4b6333aa3ced@group-F043E0AED0ED: changes role from  FOLLOWER to CANDIDATE at term 132 for changeToCandidate
2019-10-23 22:21:56,975 [Thread-1035] INFO  impl.RoleInfo (RoleInfo.java:updateAndGet(143)) - aed1b97f-105e-4684-b087-4b6333aa3ced: start LeaderElection
2019-10-23 22:21:56,989 [aed1b97f-105e-4684-b087-4b6333aa3ced@group-F043E0AED0ED-LeaderElection122] INFO  impl.LeaderElection (LeaderElection.java:askForVotes(178)) - aed1b97f-105e-4684-b087-4b6333aa3ced@group-F043E0AED0ED-LeaderElection122: begin an election at term 133 for -1: [aed1b97f-105e-4684-b087-4b6333aa3ced:192.168.157.195:34943, 1c51b35f-55cb-4636-a00c-83d34bf2d9d4:192.168.157.195:34693, d21ee1f1-33f6-483c-a18b-27782ce1915a:192.168.157.195:46462], old=null
2019-10-23 22:21:56,992 [grpc-default-executor-4] INFO  impl.RaftServerImpl (RaftServerImpl.java:setRole(184)) - 1c51b35f-55cb-4636-a00c-83d34bf2d9d4@group-F043E0AED0ED: changes role from  FOLLOWER to FOLLOWER at term 133 for recognizeCandidate:aed1b97f-105e-4684-b087-4b6333aa3ced
2019-10-23 22:21:56,992 [grpc-default-executor-0] INFO  impl.RaftServerImpl (RaftServerImpl.java:setRole(184)) - d21ee1f1-33f6-483c-a18b-27782ce1915a@group-F043E0AED0ED: changes role from  FOLLOWER to FOLLOWER at term 133 for recognizeCandidate:aed1b97f-105e-4684-b087-4b6333aa3ced
2019-10-23 22:21:56,992 [grpc-default-executor-4] INFO  impl.RoleInfo (RoleInfo.java:shutdownFollowerState(121)) - 1c51b35f-55cb-4636-a00c-83d34bf2d9d4: shutdown FollowerState
2019-10-23 22:21:56,992 [grpc-default-executor-0] INFO  impl.RoleInfo (RoleInfo.java:shutdownFollowerState(121)) - d21ee1f1-33f6-483c-a18b-27782ce1915a: shutdown FollowerState
2019-10-23 22:21:56,992 [grpc-default-executor-4] INFO  impl.RoleInfo (RoleInfo.java:updateAndGet(143)) - 1c51b35f-55cb-4636-a00c-83d34bf2d9d4: start FollowerState
2019-10-23 22:21:56,992 [Thread-1033] INFO  impl.FollowerState (FollowerState.java:run(117)) - 1c51b35f-55cb-4636-a00c-83d34bf2d9d4@group-F043E0AED0ED-FollowerState was interrupted: java.lang.InterruptedException: sleep interrupted
2019-10-23 22:21:56,993 [Thread-1034] INFO  impl.FollowerState (FollowerState.java:run(117)) - d21ee1f1-33f6-483c-a18b-27782ce1915a@group-F043E0AED0ED-FollowerState was interrupted: java.lang.InterruptedException: sleep interrupted
2019-10-23 22:21:56,993 [grpc-default-executor-0] INFO  impl.RoleInfo (RoleInfo.java:updateAndGet(143)) - d21ee1f1-33f6-483c-a18b-27782ce1915a: start FollowerState
2019-10-23 22:21:57,007 [aed1b97f-105e-4684-b087-4b6333aa3ced@group-F043E0AED0ED-LeaderElection122] INFO  impl.LeaderElection (LeaderElection.java:logAndReturn(56)) - aed1b97f-105e-4684-b087-4b6333aa3ced@group-F043E0AED0ED-LeaderElection122: Election REJECTED; received 2 response(s) [aed1b97f-105e-4684-b087-4b6333aa3ced<-1c51b35f-55cb-4636-a00c-83d34bf2d9d4#0:FAIL-t133, aed1b97f-105e-4684-b087-4b6333aa3ced<-d21ee1f1-33f6-483c-a18b-27782ce1915a#0:FAIL-t133] and 0 exception(s); aed1b97f-105e-4684-b087-4b6333aa3ced@group-F043E0AED0ED:t133, leader=null, voted=aed1b97f-105e-4684-b087-4b6333aa3ced, raftlog=aed1b97f-105e-4684-b087-4b6333aa3ced@group-F043E0AED0ED-SegmentedRaftLog:OPENED:c-1,f-1,i0, conf=-1: [aed1b97f-105e-4684-b087-4b6333aa3ced:192.168.157.195:34943, 1c51b35f-55cb-4636-a00c-83d34bf2d9d4:192.168.157.195:34693, d21ee1f1-33f6-483c-a18b-27782ce1915a:192.168.157.195:46462], old=null
2019-10-23 22:21:57,008 [aed1b97f-105e-4684-b087-4b6333aa3ced@group-F043E0AED0ED-LeaderElection122] INFO  impl.RaftServerImpl (RaftServerImpl.java:setRole(184)) - aed1b97f-105e-4684-b087-4b6333aa3ced@group-F043E0AED0ED: changes role from CANDIDATE to FOLLOWER at term 133 for DISCOVERED_A_NEW_TERM
2019-10-23 22:21:57,008 [aed1b97f-105e-4684-b087-4b6333aa3ced@group-F043E0AED0ED-LeaderElection122] INFO  impl.RoleInfo (RoleInfo.java:shutdownLeaderElection(134)) - aed1b97f-105e-4684-b087-4b6333aa3ced: shutdown LeaderElection
2019-10-23 22:21:57,008 [aed1b97f-105e-4684-b087-4b6333aa3ced@group-F043E0AED0ED-LeaderElection122] INFO  impl.RoleInfo (RoleInfo.java:updateAndGet(143)) - aed1b97f-105e-4684-b087-4b6333aa3ced: start FollowerState
2019-10-23 22:21:57,175 [Thread-1043] INFO  impl.FollowerState (FollowerState.java:run(108)) - aed1b97f-105e-4684-b087-4b6333aa3ced@group-F043E0AED0ED-FollowerState: change to CANDIDATE, lastRpcTime:167ms, electionTimeout:167ms
2019-10-23 22:21:57,176 [Thread-1043] INFO  impl.RoleInfo (RoleInfo.java:shutdownFollowerState(121)) - aed1b97f-105e-4684-b087-4b6333aa3ced: shutdown FollowerState
2019-10-23 22:21:57,176 [Thread-1043] INFO  impl.RaftServerImpl (RaftServerImpl.java:setRole(184)) - aed1b97f-105e-4684-b087-4b6333aa3ced@group-F043E0AED0ED: changes role from  FOLLOWER to CANDIDATE at term 133 for changeToCandidate
2019-10-23 22:21:57,176 [Thread-1043] INFO  impl.RoleInfo (RoleInfo.java:updateAndGet(143)) - aed1b97f-105e-4684-b087-4b6333aa3ced: start LeaderElection
2019-10-23 22:21:57,199 [aed1b97f-105e-4684-b087-4b6333aa3ced@group-F043E0AED0ED-LeaderElection123] INFO  impl.LeaderElection (LeaderElection.java:askForVotes(178)) - aed1b97f-105e-4684-b087-4b6333aa3ced@group-F043E0AED0ED-LeaderElection123: begin an election at term 134 for -1: [aed1b97f-105e-4684-b087-4b6333aa3ced:192.168.157.195:34943, 1c51b35f-55cb-4636-a00c-83d34bf2d9d4:192.168.157.195:34693, d21ee1f1-33f6-483c-a18b-27782ce1915a:192.168.157.195:46462], old=null
2019-10-23 22:21:57,202 [grpc-default-executor-4] INFO  impl.RaftServerImpl (RaftServerImpl.java:setRole(184)) - 1c51b35f-55cb-4636-a00c-83d34bf2d9d4@group-F043E0AED0ED: changes role from  FOLLOWER to FOLLOWER at term 134 for recognizeCandidate:aed1b97f-105e-4684-b087-4b6333aa3ced
2019-10-23 22:21:57,202 [grpc-default-executor-4] INFO  impl.RoleInfo (RoleInfo.java:shutdownFollowerState(121)) - 1c51b35f-55cb-4636-a00c-83d34bf2d9d4: shutdown FollowerState
2019-10-23 22:21:57,202 [grpc-default-executor-0] INFO  impl.RaftServerImpl (RaftServerImpl.java:setRole(184)) - d21ee1f1-33f6-483c-a18b-27782ce1915a@group-F043E0AED0ED: changes role from  FOLLOWER to FOLLOWER at term 134 for recognizeCandidate:aed1b97f-105e-4684-b087-4b6333aa3ced
2019-10-23 22:21:57,202 [Thread-1041] INFO  impl.FollowerState (FollowerState.java:run(117)) - 1c51b35f-55cb-4636-a00c-83d34bf2d9d4@group-F043E0AED0ED-FollowerState was interrupted: java.lang.InterruptedException: sleep interrupted
2019-10-23 22:21:57,202 [grpc-default-executor-4] INFO  impl.RoleInfo (RoleInfo.java:updateAndGet(143)) - 1c51b35f-55cb-4636-a00c-83d34bf2d9d4: start FollowerState
2019-10-23 22:21:57,202 [grpc-default-executor-0] INFO  impl.RoleInfo (RoleInfo.java:shutdownFollowerState(121)) - d21ee1f1-33f6-483c-a18b-27782ce1915a: shutdown FollowerState
2019-10-23 22:21:57,203 [grpc-default-executor-0] INFO  impl.RoleInfo (RoleInfo.java:updateAndGet(143)) - d21ee1f1-33f6-483c-a18b-27782ce1915a: start FollowerState
2019-10-23 22:21:57,203 [Thread-1042] INFO  impl.FollowerState (FollowerState.java:run(117)) - d21ee1f1-33f6-483c-a18b-27782ce1915a@group-F043E0AED0ED-FollowerState was interrupted: java.lang.InterruptedException: sleep interrupted
2019-10-23 22:21:57,218 [aed1b97f-105e-4684-b087-4b6333aa3ced@group-F043E0AED0ED-LeaderElection123] INFO  impl.LeaderElection (LeaderElection.java:logAndReturn(56)) - aed1b97f-105e-4684-b087-4b6333aa3ced@group-F043E0AED0ED-LeaderElection123: Election REJECTED; received 2 response(s) [aed1b97f-105e-4684-b087-4b6333aa3ced<-1c51b35f-55cb-4636-a00c-83d34bf2d9d4#0:FAIL-t134, aed1b97f-105e-4684-b087-4b6333aa3ced<-d21ee1f1-33f6-483c-a18b-27782ce1915a#0:FAIL-t134] and 0 exception(s); aed1b97f-105e-4684-b087-4b6333aa3ced@group-F043E0AED0ED:t134, leader=null, voted=aed1b97f-105e-4684-b087-4b6333aa3ced, raftlog=aed1b97f-105e-4684-b087-4b6333aa3ced@group-F043E0AED0ED-SegmentedRaftLog:OPENED:c-1,f-1,i0, conf=-1: [aed1b97f-105e-4684-b087-4b6333aa3ced:192.168.157.195:34943, 1c51b35f-55cb-4636-a00c-83d34bf2d9d4:192.168.157.195:34693, d21ee1f1-33f6-483c-a18b-27782ce1915a:192.168.157.195:46462], old=null
2019-10-23 22:21:57,218 [aed1b97f-105e-4684-b087-4b6333aa3ced@group-F043E0AED0ED-LeaderElection123] INFO  impl.RaftServerImpl (RaftServerImpl.java:setRole(184)) - aed1b97f-105e-4684-b087-4b6333aa3ced@group-F043E0AED0ED: changes role from CANDIDATE to FOLLOWER at term 134 for DISCOVERED_A_NEW_TERM
2019-10-23 22:21:57,218 [aed1b97f-105e-4684-b087-4b6333aa3ced@group-F043E0AED0ED-LeaderElection123] INFO  impl.RoleInfo (RoleInfo.java:shutdownLeaderElection(134)) - aed1b97f-105e-4684-b087-4b6333aa3ced: shutdown LeaderElection
2019-10-23 22:21:57,218 [aed1b97f-105e-4684-b087-4b6333aa3ced@group-F043E0AED0ED-LeaderElection123] INFO  impl.RoleInfo (RoleInfo.java:updateAndGet(143)) - aed1b97f-105e-4684-b087-4b6333aa3ced: start FollowerState
2019-10-23 22:21:57,397 [Thread-1049] INFO  impl.FollowerState (FollowerState.java:run(108)) - aed1b97f-105e-4684-b087-4b6333aa3ced@group-F043E0AED0ED-FollowerState: change to CANDIDATE, lastRpcTime:178ms, electionTimeout:178ms
2019-10-23 22:21:57,397 [Thread-1049] INFO  impl.RoleInfo (RoleInfo.java:shutdownFollowerState(121)) - aed1b97f-105e-4684-b087-4b6333aa3ced: shutdown FollowerState
2019-10-23 22:21:57,397 [Thread-1049] INFO  impl.RaftServerImpl (RaftServerImpl.java:setRole(184)) - aed1b97f-105e-4684-b087-4b6333aa3ced@group-F043E0AED0ED: changes role from  FOLLOWER to CANDIDATE at term 134 for changeToCandidate
2019-10-23 22:21:57,397 [Thread-1049] INFO  impl.RoleInfo (RoleInfo.java:updateAndGet(143)) - aed1b97f-105e-4684-b087-4b6333aa3ced: start LeaderElection
2019-10-23 22:21:57,419 [aed1b97f-105e-4684-b087-4b6333aa3ced@group-F043E0AED0ED-LeaderElection124] INFO  impl.LeaderElection (LeaderElection.java:askForVotes(178)) - aed1b97f-105e-4684-b087-4b6333aa3ced@group-F043E0AED0ED-LeaderElection124: begin an election at term 135 for -1: [aed1b97f-105e-4684-b087-4b6333aa3ced:192.168.157.195:34943, 1c51b35f-55cb-4636-a00c-83d34bf2d9d4:192.168.157.195:34693, d21ee1f1-33f6-483c-a18b-27782ce1915a:192.168.157.195:46462], old=null
2019-10-23 22:21:57,422 [grpc-default-executor-4] INFO  impl.RaftServerImpl (RaftServerImpl.java:setRole(184)) - 1c51b35f-55cb-4636-a00c-83d34bf2d9d4@group-F043E0AED0ED: changes role from  FOLLOWER to FOLLOWER at term 135 for recognizeCandidate:aed1b97f-105e-4684-b087-4b6333aa3ced
2019-10-23 22:21:57,422 [grpc-default-executor-0] INFO  impl.RaftServerImpl (RaftServerImpl.java:setRole(184)) - d21ee1f1-33f6-483c-a18b-27782ce1915a@group-F043E0AED0ED: changes role from  FOLLOWER to FOLLOWER at term 135 for recognizeCandidate:aed1b97f-105e-4684-b087-4b6333aa3ced
2019-10-23 22:21:57,422 [grpc-default-executor-0] INFO  impl.RoleInfo (RoleInfo.java:shutdownFollowerState(121)) - d21ee1f1-33f6-483c-a18b-27782ce1915a: shutdown FollowerState
2019-10-23 22:21:57,422 [grpc-default-executor-4] INFO  impl.RoleInfo (RoleInfo.java:shutdownFollowerState(121)) - 1c51b35f-55cb-4636-a00c-83d34bf2d9d4: shutdown FollowerState
2019-10-23 22:21:57,423 [Thread-1048] INFO  impl.FollowerState (FollowerState.java:run(117)) - d21ee1f1-33f6-483c-a18b-27782ce1915a@group-F043E0AED0ED-FollowerState was interrupted: java.lang.InterruptedException: sleep interrupted
2019-10-23 22:21:57,423 [grpc-default-executor-0] INFO  impl.RoleInfo (RoleInfo.java:updateAndGet(143)) - d21ee1f1-33f6-483c-a18b-27782ce1915a: start FollowerState
2019-10-23 22:21:57,423 [grpc-default-executor-4] INFO  impl.RoleInfo (RoleInfo.java:updateAndGet(143)) - 1c51b35f-55cb-4636-a00c-83d34bf2d9d4: start FollowerState
2019-10-23 22:21:57,423 [Thread-1047] INFO  impl.FollowerState (FollowerState.java:run(117)) - 1c51b35f-55cb-4636-a00c-83d34bf2d9d4@group-F043E0AED0ED-FollowerState was interrupted: java.lang.InterruptedException: sleep interrupted
2019-10-23 22:21:57,433 [aed1b97f-105e-4684-b087-4b6333aa3ced@group-F043E0AED0ED-LeaderElection124] INFO  impl.LeaderElection (LeaderElection.java:logAndReturn(56)) - aed1b97f-105e-4684-b087-4b6333aa3ced@group-F043E0AED0ED-LeaderElection124: Election TIMEOUT; received 0 response(s) [] and 0 exception(s); aed1b97f-105e-4684-b087-4b6333aa3ced@group-F043E0AED0ED:t135, leader=null, voted=aed1b97f-105e-4684-b087-4b6333aa3ced, raftlog=aed1b97f-105e-4684-b087-4b6333aa3ced@group-F043E0AED0ED-SegmentedRaftLog:OPENED:c-1,f-1,i0, conf=-1: [aed1b97f-105e-4684-b087-4b6333aa3ced:192.168.157.195:34943, 1c51b35f-55cb-4636-a00c-83d34bf2d9d4:192.168.157.195:34693, d21ee1f1-33f6-483c-a18b-27782ce1915a:192.168.157.195:46462], old=null
2019-10-23 22:21:57,437 [aed1b97f-105e-4684-b087-4b6333aa3ced@group-F043E0AED0ED-LeaderElection124] INFO  impl.LeaderElection (LeaderElection.java:askForVotes(178)) - aed1b97f-105e-4684-b087-4b6333aa3ced@group-F043E0AED0ED-LeaderElection124: begin an election at term 136 for -1: [aed1b97f-105e-4684-b087-4b6333aa3ced:192.168.157.195:34943, 1c51b35f-55cb-4636-a00c-83d34bf2d9d4:192.168.157.195:34693, d21ee1f1-33f6-483c-a18b-27782ce1915a:192.168.157.195:46462], old=null
2019-10-23 22:21:57,439 [grpc-default-executor-4] INFO  impl.RaftServerImpl (RaftServerImpl.java:setRole(184)) - 1c51b35f-55cb-4636-a00c-83d34bf2d9d4@group-F043E0AED0ED: changes role from  FOLLOWER to FOLLOWER at term 136 for recognizeCandidate:aed1b97f-105e-4684-b087-4b6333aa3ced
2019-10-23 22:21:57,439 [grpc-default-executor-4] INFO  impl.RoleInfo (RoleInfo.java:shutdownFollowerState(121)) - 1c51b35f-55cb-4636-a00c-83d34bf2d9d4: shutdown FollowerState
2019-10-23 22:21:57,439 [grpc-default-executor-4] INFO  impl.RoleInfo (RoleInfo.java:updateAndGet(143)) - 1c51b35f-55cb-4636-a00c-83d34bf2d9d4: start FollowerState
2019-10-23 22:21:57,439 [Thread-1054] INFO  impl.FollowerState (FollowerState.java:run(117)) - 1c51b35f-55cb-4636-a00c-83d34bf2d9d4@group-F043E0AED0ED-FollowerState was interrupted: java.lang.InterruptedException: sleep interrupted
2019-10-23 22:21:57,440 [grpc-default-executor-0] INFO  impl.RaftServerImpl (RaftServerImpl.java:setRole(184)) - d21ee1f1-33f6-483c-a18b-27782ce1915a@group-F043E0AED0ED: changes role from  FOLLOWER to FOLLOWER at term 136 for recognizeCandidate:aed1b97f-105e-4684-b087-4b6333aa3ced
2019-10-23 22:21:57,440 [grpc-default-executor-0] INFO  impl.RoleInfo (RoleInfo.java:shutdownFollowerState(121)) - d21ee1f1-33f6-483c-a18b-27782ce1915a: shutdown FollowerState
2019-10-23 22:21:57,440 [grpc-default-executor-0] INFO  impl.RoleInfo (RoleInfo.java:updateAndGet(143)) - d21ee1f1-33f6-483c-a18b-27782ce1915a: start FollowerState
2019-10-23 22:21:57,440 [Thread-1053] INFO  impl.FollowerState (FollowerState.java:run(117)) - d21ee1f1-33f6-483c-a18b-27782ce1915a@group-F043E0AED0ED-FollowerState was interrupted: java.lang.InterruptedException: sleep interrupted
2019-10-23 22:21:57,455 [aed1b97f-105e-4684-b087-4b6333aa3ced@group-F043E0AED0ED-LeaderElection124] INFO  impl.LeaderElection (LeaderElection.java:logAndReturn(56)) - aed1b97f-105e-4684-b087-4b6333aa3ced@group-F043E0AED0ED-LeaderElection124: Election REJECTED; received 2 response(s) [aed1b97f-105e-4684-b087-4b6333aa3ced<-1c51b35f-55cb-4636-a00c-83d34bf2d9d4#0:FAIL-t136, aed1b97f-105e-4684-b087-4b6333aa3ced<-d21ee1f1-33f6-483c-a18b-27782ce1915a#0:FAIL-t136] and 0 exception(s); aed1b97f-105e-4684-b087-4b6333aa3ced@group-F043E0AED0ED:t136, leader=null, voted=aed1b97f-105e-4684-b087-4b6333aa3ced, raftlog=aed1b97f-105e-4684-b087-4b6333aa3ced@group-F043E0AED0ED-SegmentedRaftLog:OPENED:c-1,f-1,i0, conf=-1: [aed1b97f-105e-4684-b087-4b6333aa3ced:192.168.157.195:34943, 1c51b35f-55cb-4636-a00c-83d34bf2d9d4:192.168.157.195:34693, d21ee1f1-33f6-483c-a18b-27782ce1915a:192.168.157.195:46462], old=null
2019-10-23 22:21:57,455 [aed1b97f-105e-4684-b087-4b6333aa3ced@group-F043E0AED0ED-LeaderElection124] INFO  impl.RaftServerImpl (RaftServerImpl.java:setRole(184)) - aed1b97f-105e-4684-b087-4b6333aa3ced@group-F043E0AED0ED: changes role from CANDIDATE to FOLLOWER at term 136 for DISCOVERED_A_NEW_TERM
2019-10-23 22:21:57,455 [aed1b97f-105e-4684-b087-4b6333aa3ced@group-F043E0AED0ED-LeaderElection124] INFO  impl.RoleInfo (RoleInfo.java:shutdownLeaderElection(134)) - aed1b97f-105e-4684-b087-4b6333aa3ced: shutdown LeaderElection
2019-10-23 22:21:57,455 [aed1b97f-105e-4684-b087-4b6333aa3ced@group-F043E0AED0ED-LeaderElection124] INFO  impl.RoleInfo (RoleInfo.java:updateAndGet(143)) - aed1b97f-105e-4684-b087-4b6333aa3ced: start FollowerState
2019-10-23 22:21:57,626 [Thread-1059] INFO  impl.FollowerState (FollowerState.java:run(108)) - aed1b97f-105e-4684-b087-4b6333aa3ced@group-F043E0AED0ED-FollowerState: change to CANDIDATE, lastRpcTime:170ms, electionTimeout:170ms
2019-10-23 22:21:57,626 [Thread-1059] INFO  impl.RoleInfo (RoleInfo.java:shutdownFollowerState(121)) - aed1b97f-105e-4684-b087-4b6333aa3ced: shutdown FollowerState
2019-10-23 22:21:57,626 [Thread-1059] INFO  impl.RaftServerImpl (RaftServerImpl.java:setRole(184)) - aed1b97f-105e-4684-b087-4b6333aa3ced@group-F043E0AED0ED: changes role from  FOLLOWER to CANDIDATE at term 136 for changeToCandidate
2019-10-23 22:21:57,626 [Thread-1059] INFO  impl.RoleInfo (RoleInfo.java:updateAndGet(143)) - aed1b97f-105e-4684-b087-4b6333aa3ced: start LeaderElection
2019-10-23 22:21:57,652 [aed1b97f-105e-4684-b087-4b6333aa3ced@group-F043E0AED0ED-LeaderElection125] INFO  impl.LeaderElection (LeaderElection.java:askForVotes(178)) - aed1b97f-105e-4684-b087-4b6333aa3ced@group-F043E0AED0ED-LeaderElection125: begin an election at term 137 for -1: [aed1b97f-105e-4684-b087-4b6333aa3ced:192.168.157.195:34943, 1c51b35f-55cb-4636-a00c-83d34bf2d9d4:192.168.157.195:34693, d21ee1f1-33f6-483c-a18b-27782ce1915a:192.168.157.195:46462], old=null
2019-10-23 22:21:57,655 [grpc-default-executor-0] INFO  impl.RaftServerImpl (RaftServerImpl.java:setRole(184)) - d21ee1f1-33f6-483c-a18b-27782ce1915a@group-F043E0AED0ED: changes role from  FOLLOWER to FOLLOWER at term 137 for recognizeCandidate:aed1b97f-105e-4684-b087-4b6333aa3ced
2019-10-23 22:21:57,655 [grpc-default-executor-0] INFO  impl.RoleInfo (RoleInfo.java:shutdownFollowerState(121)) - d21ee1f1-33f6-483c-a18b-27782ce1915a: shutdown FollowerState
2019-10-23 22:21:57,655 [grpc-default-executor-4] INFO  impl.RaftServerImpl (RaftServerImpl.java:setRole(184)) - 1c51b35f-55cb-4636-a00c-83d34bf2d9d4@group-F043E0AED0ED: changes role from  FOLLOWER to FOLLOWER at term 137 for recognizeCandidate:aed1b97f-105e-4684-b087-4b6333aa3ced
2019-10-23 22:21:57,655 [Thread-1058] INFO  impl.FollowerState (FollowerState.java:run(117)) - d21ee1f1-33f6-483c-a18b-27782ce1915a@group-F043E0AED0ED-FollowerState was interrupted: java.lang.InterruptedException: sleep interrupted
2019-10-23 22:21:57,655 [grpc-default-executor-0] INFO  impl.RoleInfo (RoleInfo.java:updateAndGet(143)) - d21ee1f1-33f6-483c-a18b-27782ce1915a: start FollowerState
2019-10-23 22:21:57,655 [grpc-default-executor-4] INFO  impl.RoleInfo (RoleInfo.java:shutdownFollowerState(121)) - 1c51b35f-55cb-4636-a00c-83d34bf2d9d4: shutdown FollowerState
2019-10-23 22:21:57,656 [grpc-default-executor-4] INFO  impl.RoleInfo (RoleInfo.java:updateAndGet(143)) - 1c51b35f-55cb-4636-a00c-83d34bf2d9d4: start FollowerState
2019-10-23 22:21:57,656 [Thread-1057] INFO  impl.FollowerState (FollowerState.java:run(117)) - 1c51b35f-55cb-4636-a00c-83d34bf2d9d4@group-F043E0AED0ED-FollowerState was interrupted: java.lang.InterruptedException: sleep interrupted
2019-10-23 22:21:57,671 [aed1b97f-105e-4684-b087-4b6333aa3ced@group-F043E0AED0ED-LeaderElection125] INFO  impl.LeaderElection (LeaderElection.java:logAndReturn(56)) - aed1b97f-105e-4684-b087-4b6333aa3ced@group-F043E0AED0ED-LeaderElection125: Election REJECTED; received 2 response(s) [aed1b97f-105e-4684-b087-4b6333aa3ced<-1c51b35f-55cb-4636-a00c-83d34bf2d9d4#0:FAIL-t137, aed1b97f-105e-4684-b087-4b6333aa3ced<-d21ee1f1-33f6-483c-a18b-27782ce1915a#0:FAIL-t137] and 0 exception(s); aed1b97f-105e-4684-b087-4b6333aa3ced@group-F043E0AED0ED:t137, leader=null, voted=aed1b97f-105e-4684-b087-4b6333aa3ced, raftlog=aed1b97f-105e-4684-b087-4b6333aa3ced@group-F043E0AED0ED-SegmentedRaftLog:OPENED:c-1,f-1,i0, conf=-1: [aed1b97f-105e-4684-b087-4b6333aa3ced:192.168.157.195:34943, 1c51b35f-55cb-4636-a00c-83d34bf2d9d4:192.168.157.195:34693, d21ee1f1-33f6-483c-a18b-27782ce1915a:192.168.157.195:46462], old=null
2019-10-23 22:21:57,671 [aed1b97f-105e-4684-b087-4b6333aa3ced@group-F043E0AED0ED-LeaderElection125] INFO  impl.RaftServerImpl (RaftServerImpl.java:setRole(184)) - aed1b97f-105e-4684-b087-4b6333aa3ced@group-F043E0AED0ED: changes role from CANDIDATE to FOLLOWER at term 137 for DISCOVERED_A_NEW_TERM
2019-10-23 22:21:57,671 [aed1b97f-105e-4684-b087-4b6333aa3ced@group-F043E0AED0ED-LeaderElection125] INFO  impl.RoleInfo (RoleInfo.java:shutdownLeaderElection(134)) - aed1b97f-105e-4684-b087-4b6333aa3ced: shutdown LeaderElection
2019-10-23 22:21:57,672 [aed1b97f-105e-4684-b087-4b6333aa3ced@group-F043E0AED0ED-LeaderElection125] INFO  impl.RoleInfo (RoleInfo.java:updateAndGet(143)) - aed1b97f-105e-4684-b087-4b6333aa3ced: start FollowerState
2019-10-23 22:21:57,816 [Thread-1065] INFO  impl.FollowerState (FollowerState.java:run(108)) - aed1b97f-105e-4684-b087-4b6333aa3ced@group-F043E0AED0ED-FollowerState: change to CANDIDATE, lastRpcTime:144ms, electionTimeout:144ms
2019-10-23 22:21:57,816 [Thread-1065] INFO  impl.RoleInfo (RoleInfo.java:shutdownFollowerState(121)) - aed1b97f-105e-4684-b087-4b6333aa3ced: shutdown FollowerState
2019-10-23 22:21:57,817 [Thread-1065] INFO  impl.RaftServerImpl (RaftServerImpl.java:setRole(184)) - aed1b97f-105e-4684-b087-4b6333aa3ced@group-F043E0AED0ED: changes role from  FOLLOWER to CANDIDATE at term 137 for changeToCandidate
2019-10-23 22:21:57,817 [Thread-1065] INFO  impl.RoleInfo (RoleInfo.java:updateAndGet(143)) - aed1b97f-105e-4684-b087-4b6333aa3ced: start LeaderElection
2019-10-23 22:21:57,832 [aed1b97f-105e-4684-b087-4b6333aa3ced@group-F043E0AED0ED-LeaderElection126] INFO  impl.LeaderElection (LeaderElection.java:askForVotes(178)) - aed1b97f-105e-4684-b087-4b6333aa3ced@group-F043E0AED0ED-LeaderElection126: begin an election at term 138 for -1: [aed1b97f-105e-4684-b087-4b6333aa3ced:192.168.157.195:34943, 1c51b35f-55cb-4636-a00c-83d34bf2d9d4:192.168.157.195:34693, d21ee1f1-33f6-483c-a18b-27782ce1915a:192.168.157.195:46462], old=null
2019-10-23 22:21:57,836 [grpc-default-executor-0] INFO  impl.RaftServerImpl (RaftServerImpl.java:setRole(184)) - d21ee1f1-33f6-483c-a18b-27782ce1915a@group-F043E0AED0ED: changes role from  FOLLOWER to FOLLOWER at term 138 for recognizeCandidate:aed1b97f-105e-4684-b087-4b6333aa3ced
2019-10-23 22:21:57,836 [grpc-default-executor-4] INFO  impl.RaftServerImpl (RaftServerImpl.java:setRole(184)) - 1c51b35f-55cb-4636-a00c-83d34bf2d9d4@group-F043E0AED0ED: changes role from  FOLLOWER to FOLLOWER at term 138 for recognizeCandidate:aed1b97f-105e-4684-b087-4b6333aa3ced
2019-10-23 22:21:57,836 [grpc-default-executor-0] INFO  impl.RoleInfo (RoleInfo.java:shutdownFollowerState(121)) - d21ee1f1-33f6-483c-a18b-27782ce1915a: shutdown FollowerState
2019-10-23 22:21:57,836 [grpc-default-executor-4] INFO  impl.RoleInfo (RoleInfo.java:shutdownFollowerState(121)) - 1c51b35f-55cb-4636-a00c-83d34bf2d9d4: shutdown FollowerState
2019-10-23 22:21:57,837 [Thread-1063] INFO  impl.FollowerState (FollowerState.java:run(117)) - d21ee1f1-33f6-483c-a18b-27782ce1915a@group-F043E0AED0ED-FollowerState was interrupted: java.lang.InterruptedException: sleep interrupted
2019-10-23 22:21:57,837 [grpc-default-executor-0] INFO  impl.RoleInfo (RoleInfo.java:updateAndGet(143)) - d21ee1f1-33f6-483c-a18b-27782ce1915a: start FollowerState
2019-10-23 22:21:57,837 [Thread-1064] INFO  impl.FollowerState (FollowerState.java:run(117)) - 1c51b35f-55cb-4636-a00c-83d34bf2d9d4@group-F043E0AED0ED-FollowerState was interrupted: java.lang.InterruptedException: sleep interrupted
2019-10-23 22:21:57,837 [grpc-default-executor-4] INFO  impl.RoleInfo (RoleInfo.java:updateAndGet(143)) - 1c51b35f-55cb-4636-a00c-83d34bf2d9d4: start FollowerState
2019-10-23 22:21:57,854 [aed1b97f-105e-4684-b087-4b6333aa3ced@group-F043E0AED0ED-LeaderElection126] INFO  impl.LeaderElection (LeaderElection.java:logAndReturn(56)) - aed1b97f-105e-4684-b087-4b6333aa3ced@group-F043E0AED0ED-LeaderElection126: Election REJECTED; received 2 response(s) [aed1b97f-105e-4684-b087-4b6333aa3ced<-1c51b35f-55cb-4636-a00c-83d34bf2d9d4#0:FAIL-t138, aed1b97f-105e-4684-b087-4b6333aa3ced<-d21ee1f1-33f6-483c-a18b-27782ce1915a#0:FAIL-t138] and 0 exception(s); aed1b97f-105e-4684-b087-4b6333aa3ced@group-F043E0AED0ED:t138, leader=null, voted=aed1b97f-105e-4684-b087-4b6333aa3ced, raftlog=aed1b97f-105e-4684-b087-4b6333aa3ced@group-F043E0AED0ED-SegmentedRaftLog:OPENED:c-1,f-1,i0, conf=-1: [aed1b97f-105e-4684-b087-4b6333aa3ced:192.168.157.195:34943, 1c51b35f-55cb-4636-a00c-83d34bf2d9d4:192.168.157.195:34693, d21ee1f1-33f6-483c-a18b-27782ce1915a:192.168.157.195:46462], old=null
2019-10-23 22:21:57,854 [aed1b97f-105e-4684-b087-4b6333aa3ced@group-F043E0AED0ED-LeaderElection126] INFO  impl.RaftServerImpl (RaftServerImpl.java:setRole(184)) - aed1b97f-105e-4684-b087-4b6333aa3ced@group-F043E0AED0ED: changes role from CANDIDATE to FOLLOWER at term 138 for DISCOVERED_A_NEW_TERM
2019-10-23 22:21:57,854 [aed1b97f-105e-4684-b087-4b6333aa3ced@group-F043E0AED0ED-LeaderElection126] INFO  impl.RoleInfo (RoleInfo.java:shutdownLeaderElection(134)) - aed1b97f-105e-4684-b087-4b6333aa3ced: shutdown LeaderElection
2019-10-23 22:21:57,854 [aed1b97f-105e-4684-b087-4b6333aa3ced@group-F043E0AED0ED-LeaderElection126] INFO  impl.RoleInfo (RoleInfo.java:updateAndGet(143)) - aed1b97f-105e-4684-b087-4b6333aa3ced: start FollowerState
2019-10-23 22:21:58,014 [Thread-1071] INFO  impl.FollowerState (FollowerState.java:run(108)) - aed1b97f-105e-4684-b087-4b6333aa3ced@group-F043E0AED0ED-FollowerState: change to CANDIDATE, lastRpcTime:159ms, electionTimeout:159ms
2019-10-23 22:21:58,014 [Thread-1071] INFO  impl.RoleInfo (RoleInfo.java:shutdownFollowerState(121)) - aed1b97f-105e-4684-b087-4b6333aa3ced: shutdown FollowerState
2019-10-23 22:21:58,014 [Thread-1071] INFO  impl.RaftServerImpl (RaftServerImpl.java:setRole(184)) - aed1b97f-105e-4684-b087-4b6333aa3ced@group-F043E0AED0ED: changes role from  FOLLOWER to CANDIDATE at term 138 for changeToCandidate
2019-10-23 22:21:58,014 [Thread-1071] INFO  impl.RoleInfo (RoleInfo.java:updateAndGet(143)) - aed1b97f-105e-4684-b087-4b6333aa3ced: start LeaderElection
2019-10-23 22:21:58,028 [aed1b97f-105e-4684-b087-4b6333aa3ced@group-F043E0AED0ED-LeaderElection127] INFO  impl.LeaderElection (LeaderElection.java:askForVotes(178)) - aed1b97f-105e-4684-b087-4b6333aa3ced@group-F043E0AED0ED-LeaderElection127: begin an election at term 139 for -1: [aed1b97f-105e-4684-b087-4b6333aa3ced:192.168.157.195:34943, 1c51b35f-55cb-4636-a00c-83d34bf2d9d4:192.168.157.195:34693, d21ee1f1-33f6-483c-a18b-27782ce1915a:192.168.157.195:46462], old=null
2019-10-23 22:21:58,031 [grpc-default-executor-0] INFO  impl.RaftServerImpl (RaftServerImpl.java:setRole(184)) - 1c51b35f-55cb-4636-a00c-83d34bf2d9d4@group-F043E0AED0ED: changes role from  FOLLOWER to FOLLOWER at term 139 for recognizeCandidate:aed1b97f-105e-4684-b087-4b6333aa3ced
2019-10-23 22:21:58,032 [grpc-default-executor-0] INFO  impl.RoleInfo (RoleInfo.java:shutdownFollowerState(121)) - 1c51b35f-55cb-4636-a00c-83d34bf2d9d4: shutdown FollowerState
2019-10-23 22:21:58,032 [grpc-default-executor-0] INFO  impl.RoleInfo (RoleInfo.java:updateAndGet(143)) - 1c51b35f-55cb-4636-a00c-83d34bf2d9d4: start FollowerState
2019-10-23 22:21:58,032 [Thread-1070] INFO  impl.FollowerState (FollowerState.java:run(117)) - 1c51b35f-55cb-4636-a00c-83d34bf2d9d4@group-F043E0AED0ED-FollowerState was interrupted: java.lang.InterruptedException: sleep interrupted
2019-10-23 22:21:58,032 [grpc-default-executor-4] INFO  impl.RaftServerImpl (RaftServerImpl.java:setRole(184)) - d21ee1f1-33f6-483c-a18b-27782ce1915a@group-F043E0AED0ED: changes role from  FOLLOWER to FOLLOWER at term 139 for recognizeCandidate:aed1b97f-105e-4684-b087-4b6333aa3ced
2019-10-23 22:21:58,032 [grpc-default-executor-4] INFO  impl.RoleInfo (RoleInfo.java:shutdownFollowerState(121)) - d21ee1f1-33f6-483c-a18b-27782ce1915a: shutdown FollowerState
2019-10-23 22:21:58,033 [grpc-default-executor-4] INFO  impl.RoleInfo (RoleInfo.java:updateAndGet(143)) - d21ee1f1-33f6-483c-a18b-27782ce1915a: start FollowerState
2019-10-23 22:21:58,033 [Thread-1069] INFO  impl.FollowerState (FollowerState.java:run(117)) - d21ee1f1-33f6-483c-a18b-27782ce1915a@group-F043E0AED0ED-FollowerState was interrupted: java.lang.InterruptedException: sleep interrupted
2019-10-23 22:21:58,049 [aed1b97f-105e-4684-b087-4b6333aa3ced@group-F043E0AED0ED-LeaderElection127] INFO  impl.LeaderElection (LeaderElection.java:logAndReturn(56)) - aed1b97f-105e-4684-b087-4b6333aa3ced@group-F043E0AED0ED-LeaderElection127: Election REJECTED; received 2 response(s) [aed1b97f-105e-4684-b087-4b6333aa3ced<-1c51b35f-55cb-4636-a00c-83d34bf2d9d4#0:FAIL-t139, aed1b97f-105e-4684-b087-4b6333aa3ced<-d21ee1f1-33f6-483c-a18b-27782ce1915a#0:FAIL-t139] and 0 exception(s); aed1b97f-105e-4684-b087-4b6333aa3ced@group-F043E0AED0ED:t139, leader=null, voted=aed1b97f-105e-4684-b087-4b6333aa3ced, raftlog=aed1b97f-105e-4684-b087-4b6333aa3ced@group-F043E0AED0ED-SegmentedRaftLog:OPENED:c-1,f-1,i0, conf=-1: [aed1b97f-105e-4684-b087-4b6333aa3ced:192.168.157.195:34943, 1c51b35f-55cb-4636-a00c-83d34bf2d9d4:192.168.157.195:34693, d21ee1f1-33f6-483c-a18b-27782ce1915a:192.168.157.195:46462], old=null
2019-10-23 22:21:58,049 [aed1b97f-105e-4684-b087-4b6333aa3ced@group-F043E0AED0ED-LeaderElection127] INFO  impl.RaftServerImpl (RaftServerImpl.java:setRole(184)) - aed1b97f-105e-4684-b087-4b6333aa3ced@group-F043E0AED0ED: changes role from CANDIDATE to FOLLOWER at term 139 for DISCOVERED_A_NEW_TERM
2019-10-23 22:21:58,050 [aed1b97f-105e-4684-b087-4b6333aa3ced@group-F043E0AED0ED-LeaderElection127] INFO  impl.RoleInfo (RoleInfo.java:shutdownLeaderElection(134)) - aed1b97f-105e-4684-b087-4b6333aa3ced: shutdown LeaderElection
2019-10-23 22:21:58,050 [aed1b97f-105e-4684-b087-4b6333aa3ced@group-F043E0AED0ED-LeaderElection127] INFO  impl.RoleInfo (RoleInfo.java:updateAndGet(143)) - aed1b97f-105e-4684-b087-4b6333aa3ced: start FollowerState
2019-10-23 22:21:58,168 [Thread-1079] INFO  impl.FollowerState (FollowerState.java:run(108)) - aed1b97f-105e-4684-b087-4b6333aa3ced@group-F043E0AED0ED-FollowerState: change to CANDIDATE, lastRpcTime:118ms, electionTimeout:118ms
2019-10-23 22:21:58,168 [Thread-1079] INFO  impl.RoleInfo (RoleInfo.java:shutdownFollowerState(121)) - aed1b97f-105e-4684-b087-4b6333aa3ced: shutdown FollowerState
2019-10-23 22:21:58,169 [Thread-1079] INFO  impl.RaftServerImpl (RaftServerImpl.java:setRole(184)) - aed1b97f-105e-4684-b087-4b6333aa3ced@group-F043E0AED0ED: changes role from  FOLLOWER to CANDIDATE at term 139 for changeToCandidate
2019-10-23 22:21:58,169 [Thread-1079] INFO  impl.RoleInfo (RoleInfo.java:updateAndGet(143)) - aed1b97f-105e-4684-b087-4b6333aa3ced: start LeaderElection
2019-10-23 22:21:58,194 [aed1b97f-105e-4684-b087-4b6333aa3ced@group-F043E0AED0ED-LeaderElection128] INFO  impl.LeaderElection (LeaderElection.java:askForVotes(178)) - aed1b97f-105e-4684-b087-4b6333aa3ced@group-F043E0AED0ED-LeaderElection128: begin an election at term 140 for -1: [aed1b97f-105e-4684-b087-4b6333aa3ced:192.168.157.195:34943, 1c51b35f-55cb-4636-a00c-83d34bf2d9d4:192.168.157.195:34693, d21ee1f1-33f6-483c-a18b-27782ce1915a:192.168.157.195:46462], old=null
2019-10-23 22:21:58,198 [grpc-default-executor-4] INFO  impl.RaftServerImpl (RaftServerImpl.java:setRole(184)) - 1c51b35f-55cb-4636-a00c-83d34bf2d9d4@group-F043E0AED0ED: changes role from  FOLLOWER to FOLLOWER at term 140 for recognizeCandidate:aed1b97f-105e-4684-b087-4b6333aa3ced
2019-10-23 22:21:58,198 [grpc-default-executor-4] INFO  impl.RoleInfo (RoleInfo.java:shutdownFollowerState(121)) - 1c51b35f-55cb-4636-a00c-83d34bf2d9d4: shutdown FollowerState
2019-10-23 22:21:58,198 [grpc-default-executor-0] INFO  impl.RaftServerImpl (RaftServerImpl.java:setRole(184)) - d21ee1f1-33f6-483c-a18b-27782ce1915a@group-F043E0AED0ED: changes role from  FOLLOWER to FOLLOWER at term 140 for recognizeCandidate:aed1b97f-105e-4684-b087-4b6333aa3ced
2019-10-23 22:21:58,198 [Thread-1077] INFO  impl.FollowerState (FollowerState.java:run(117)) - 1c51b35f-55cb-4636-a00c-83d34bf2d9d4@group-F043E0AED0ED-FollowerState was interrupted: java.lang.InterruptedException: sleep interrupted
2019-10-23 22:21:58,198 [grpc-default-executor-4] INFO  impl.RoleInfo (RoleInfo.java:updateAndGet(143)) - 1c51b35f-55cb-4636-a00c-83d34bf2d9d4: start FollowerState
2019-10-23 22:21:58,198 [grpc-default-executor-0] INFO  impl.RoleInfo (RoleInfo.java:shutdownFollowerState(121)) - d21ee1f1-33f6-483c-a18b-27782ce1915a: shutdown FollowerState
2019-10-23 22:21:58,199 [grpc-default-executor-0] INFO  impl.RoleInfo (RoleInfo.java:updateAndGet(143)) - d21ee1f1-33f6-483c-a18b-27782ce1915a: start FollowerState
2019-10-23 22:21:58,199 [Thread-1078] INFO  impl.FollowerState (FollowerState.java:run(117)) - d21ee1f1-33f6-483c-a18b-27782ce1915a@group-F043E0AED0ED-FollowerState was interrupted: java.lang.InterruptedException: sleep interrupted
2019-10-23 22:21:58,214 [aed1b97f-105e-4684-b087-4b6333aa3ced@group-F043E0AED0ED-LeaderElection128] INFO  impl.LeaderElection (LeaderElection.java:logAndReturn(56)) - aed1b97f-105e-4684-b087-4b6333aa3ced@group-F043E0AED0ED-LeaderElection128: Election REJECTED; received 2 response(s) [aed1b97f-105e-4684-b087-4b6333aa3ced<-1c51b35f-55cb-4636-a00c-83d34bf2d9d4#0:FAIL-t140, aed1b97f-105e-4684-b087-4b6333aa3ced<-d21ee1f1-33f6-483c-a18b-27782ce1915a#0:FAIL-t140] and 0 exception(s); aed1b97f-105e-4684-b087-4b6333aa3ced@group-F043E0AED0ED:t140, leader=null, voted=aed1b97f-105e-4684-b087-4b6333aa3ced, raftlog=aed1b97f-105e-4684-b087-4b6333aa3ced@group-F043E0AED0ED-SegmentedRaftLog:OPENED:c-1,f-1,i0, conf=-1: [aed1b97f-105e-4684-b087-4b6333aa3ced:192.168.157.195:34943, 1c51b35f-55cb-4636-a00c-83d34bf2d9d4:192.168.157.195:34693, d21ee1f1-33f6-483c-a18b-27782ce1915a:192.168.157.195:46462], old=null
2019-10-23 22:21:58,214 [aed1b97f-105e-4684-b087-4b6333aa3ced@group-F043E0AED0ED-LeaderElection128] INFO  impl.RaftServerImpl (RaftServerImpl.java:setRole(184)) - aed1b97f-105e-4684-b087-4b6333aa3ced@group-F043E0AED0ED: changes role from CANDIDATE to FOLLOWER at term 140 for DISCOVERED_A_NEW_TERM
2019-10-23 22:21:58,214 [aed1b97f-105e-4684-b087-4b6333aa3ced@group-F043E0AED0ED-LeaderElection128] INFO  impl.RoleInfo (RoleInfo.java:shutdownLeaderElection(134)) - aed1b97f-105e-4684-b087-4b6333aa3ced: shutdown LeaderElection
2019-10-23 22:21:58,214 [aed1b97f-105e-4684-b087-4b6333aa3ced@group-F043E0AED0ED-LeaderElection128] INFO  impl.RoleInfo (RoleInfo.java:updateAndGet(143)) - aed1b97f-105e-4684-b087-4b6333aa3ced: start FollowerState
2019-10-23 22:21:58,370 [Thread-1085] INFO  impl.FollowerState (FollowerState.java:run(108)) - aed1b97f-105e-4684-b087-4b6333aa3ced@group-F043E0AED0ED-FollowerState: change to CANDIDATE, lastRpcTime:155ms, electionTimeout:155ms
2019-10-23 22:21:58,370 [Thread-1085] INFO  impl.RoleInfo (RoleInfo.java:shutdownFollowerState(121)) - aed1b97f-105e-4684-b087-4b6333aa3ced: shutdown FollowerState
2019-10-23 22:21:58,370 [Thread-1085] INFO  impl.RaftServerImpl (RaftServerImpl.java:setRole(184)) - aed1b97f-105e-4684-b087-4b6333aa3ced@group-F043E0AED0ED: changes role from  FOLLOWER to CANDIDATE at term 140 for changeToCandidate
2019-10-23 22:21:58,371 [Thread-1085] INFO  impl.RoleInfo (RoleInfo.java:updateAndGet(143)) - aed1b97f-105e-4684-b087-4b6333aa3ced: start LeaderElection
2019-10-23 22:21:58,384 [aed1b97f-105e-4684-b087-4b6333aa3ced@group-F043E0AED0ED-LeaderElection129] INFO  impl.LeaderElection (LeaderElection.java:askForVotes(178)) - aed1b97f-105e-4684-b087-4b6333aa3ced@group-F043E0AED0ED-LeaderElection129: begin an election at term 141 for -1: [aed1b97f-105e-4684-b087-4b6333aa3ced:192.168.157.195:34943, 1c51b35f-55cb-4636-a00c-83d34bf2d9d4:192.168.157.195:34693, d21ee1f1-33f6-483c-a18b-27782ce1915a:192.168.157.195:46462], old=null
2019-10-23 22:21:58,388 [grpc-default-executor-4] INFO  impl.RaftServerImpl (RaftServerImpl.java:setRole(184)) - 1c51b35f-55cb-4636-a00c-83d34bf2d9d4@group-F043E0AED0ED: changes role from  FOLLOWER to FOLLOWER at term 141 for recognizeCandidate:aed1b97f-105e-4684-b087-4b6333aa3ced
2019-10-23 22:21:58,388 [grpc-default-executor-0] INFO  impl.RaftServerImpl (RaftServerImpl.java:setRole(184)) - d21ee1f1-33f6-483c-a18b-27782ce1915a@group-F043E0AED0ED: changes role from  FOLLOWER to FOLLOWER at term 141 for recognizeCandidate:aed1b97f-105e-4684-b087-4b6333aa3ced
2019-10-23 22:21:58,389 [grpc-default-executor-0] INFO  impl.RoleInfo (RoleInfo.java:shutdownFollowerState(121)) - d21ee1f1-33f6-483c-a18b-27782ce1915a: shutdown FollowerState
2019-10-23 22:21:58,388 [grpc-default-executor-4] INFO  impl.RoleInfo (RoleInfo.java:shutdownFollowerState(121)) - 1c51b35f-55cb-4636-a00c-83d34bf2d9d4: shutdown FollowerState
2019-10-23 22:21:58,389 [grpc-default-executor-0] INFO  impl.RoleInfo (RoleInfo.java:updateAndGet(143)) - d21ee1f1-33f6-483c-a18b-27782ce1915a: start FollowerState
2019-10-23 22:21:58,389 [Thread-1083] INFO  impl.FollowerState (FollowerState.java:run(117)) - 1c51b35f-55cb-4636-a00c-83d34bf2d9d4@group-F043E0AED0ED-FollowerState was interrupted: java.lang.InterruptedException: sleep interrupted
2019-10-23 22:21:58,389 [grpc-default-executor-4] INFO  impl.RoleInfo (RoleInfo.java:updateAndGet(143)) - 1c51b35f-55cb-4636-a00c-83d34bf2d9d4: start FollowerState
2019-10-23 22:21:58,389 [Thread-1084] INFO  impl.FollowerState (FollowerState.java:run(117)) - d21ee1f1-33f6-483c-a18b-27782ce1915a@group-F043E0AED0ED-FollowerState was interrupted: java.lang.InterruptedException: sleep interrupted
2019-10-23 22:21:58,404 [aed1b97f-105e-4684-b087-4b6333aa3ced@group-F043E0AED0ED-LeaderElection129] INFO  impl.LeaderElection (LeaderElection.java:logAndReturn(56)) - aed1b97f-105e-4684-b087-4b6333aa3ced@group-F043E0AED0ED-LeaderElection129: Election REJECTED; received 2 response(s) [aed1b97f-105e-4684-b087-4b6333aa3ced<-1c51b35f-55cb-4636-a00c-83d34bf2d9d4#0:FAIL-t141, aed1b97f-105e-4684-b087-4b6333aa3ced<-d21ee1f1-33f6-483c-a18b-27782ce1915a#0:FAIL-t141] and 0 exception(s); aed1b97f-105e-4684-b087-4b6333aa3ced@group-F043E0AED0ED:t141, leader=null, voted=aed1b97f-105e-4684-b087-4b6333aa3ced, raftlog=aed1b97f-105e-4684-b087-4b6333aa3ced@group-F043E0AED0ED-SegmentedRaftLog:OPENED:c-1,f-1,i0, conf=-1: [aed1b97f-105e-4684-b087-4b6333aa3ced:192.168.157.195:34943, 1c51b35f-55cb-4636-a00c-83d34bf2d9d4:192.168.157.195:34693, d21ee1f1-33f6-483c-a18b-27782ce1915a:192.168.157.195:46462], old=null
2019-10-23 22:21:58,405 [aed1b97f-105e-4684-b087-4b6333aa3ced@group-F043E0AED0ED-LeaderElection129] INFO  impl.RaftServerImpl (RaftServerImpl.java:setRole(184)) - aed1b97f-105e-4684-b087-4b6333aa3ced@group-F043E0AED0ED: changes role from CANDIDATE to FOLLOWER at term 141 for DISCOVERED_A_NEW_TERM
2019-10-23 22:21:58,405 [aed1b97f-105e-4684-b087-4b6333aa3ced@group-F043E0AED0ED-LeaderElection129] INFO  impl.RoleInfo (RoleInfo.java:shutdownLeaderElection(134)) - aed1b97f-105e-4684-b087-4b6333aa3ced: shutdown LeaderElection
2019-10-23 22:21:58,405 [aed1b97f-105e-4684-b087-4b6333aa3ced@group-F043E0AED0ED-LeaderElection129] INFO  impl.RoleInfo (RoleInfo.java:updateAndGet(143)) - aed1b97f-105e-4684-b087-4b6333aa3ced: start FollowerState
2019-10-23 22:21:58,469 [Thread-1091] INFO  impl.FollowerState (FollowerState.java:run(108)) - aed1b97f-105e-4684-b087-4b6333aa3ced@group-F043E0AED0ED-FollowerState: change to CANDIDATE, lastRpcTime:64ms, electionTimeout:64ms
2019-10-23 22:21:58,470 [Thread-1091] INFO  impl.RoleInfo (RoleInfo.java:shutdownFollowerState(121)) - aed1b97f-105e-4684-b087-4b6333aa3ced: shutdown FollowerState
2019-10-23 22:21:58,470 [Thread-1091] INFO  impl.RaftServerImpl (RaftServerImpl.java:setRole(184)) - aed1b97f-105e-4684-b087-4b6333aa3ced@group-F043E0AED0ED: changes role from  FOLLOWER to CANDIDATE at term 141 for changeToCandidate
2019-10-23 22:21:58,470 [Thread-1091] INFO  impl.RoleInfo (RoleInfo.java:updateAndGet(143)) - aed1b97f-105e-4684-b087-4b6333aa3ced: start LeaderElection
2019-10-23 22:21:58,483 [aed1b97f-105e-4684-b087-4b6333aa3ced@group-F043E0AED0ED-LeaderElection130] INFO  impl.LeaderElection (LeaderElection.java:askForVotes(178)) - aed1b97f-105e-4684-b087-4b6333aa3ced@group-F043E0AED0ED-LeaderElection130: begin an election at term 142 for -1: [aed1b97f-105e-4684-b087-4b6333aa3ced:192.168.157.195:34943, 1c51b35f-55cb-4636-a00c-83d34bf2d9d4:192.168.157.195:34693, d21ee1f1-33f6-483c-a18b-27782ce1915a:192.168.157.195:46462], old=null
2019-10-23 22:21:58,486 [grpc-default-executor-4] INFO  impl.RaftServerImpl (RaftServerImpl.java:setRole(184)) - 1c51b35f-55cb-4636-a00c-83d34bf2d9d4@group-F043E0AED0ED: changes role from  FOLLOWER to FOLLOWER at term 142 for recognizeCandidate:aed1b97f-105e-4684-b087-4b6333aa3ced
2019-10-23 22:21:58,486 [grpc-default-executor-4] INFO  impl.RoleInfo (RoleInfo.java:shutdownFollowerState(121)) - 1c51b35f-55cb-4636-a00c-83d34bf2d9d4: shutdown FollowerState
2019-10-23 22:21:58,487 [grpc-default-executor-4] INFO  impl.RoleInfo (RoleInfo.java:updateAndGet(143)) - 1c51b35f-55cb-4636-a00c-83d34bf2d9d4: start FollowerState
2019-10-23 22:21:58,487 [Thread-1090] INFO  impl.FollowerState (FollowerState.java:run(117)) - 1c51b35f-55cb-4636-a00c-83d34bf2d9d4@group-F043E0AED0ED-FollowerState was interrupted: java.lang.InterruptedException: sleep interrupted
2019-10-23 22:21:58,487 [grpc-default-executor-0] INFO  impl.RaftServerImpl (RaftServerImpl.java:setRole(184)) - d21ee1f1-33f6-483c-a18b-27782ce1915a@group-F043E0AED0ED: changes role from  FOLLOWER to FOLLOWER at term 142 for recognizeCandidate:aed1b97f-105e-4684-b087-4b6333aa3ced
2019-10-23 22:21:58,487 [grpc-default-executor-0] INFO  impl.RoleInfo (RoleInfo.java:shutdownFollowerState(121)) - d21ee1f1-33f6-483c-a18b-27782ce1915a: shutdown FollowerState
2019-10-23 22:21:58,487 [grpc-default-executor-0] INFO  impl.RoleInfo (RoleInfo.java:updateAndGet(143)) - d21ee1f1-33f6-483c-a18b-27782ce1915a: start FollowerState
2019-10-23 22:21:58,487 [Thread-1089] INFO  impl.FollowerState (FollowerState.java:run(117)) - d21ee1f1-33f6-483c-a18b-27782ce1915a@group-F043E0AED0ED-FollowerState was interrupted: java.lang.InterruptedException: sleep interrupted
2019-10-23 22:21:58,501 [aed1b97f-105e-4684-b087-4b6333aa3ced@group-F043E0AED0ED-LeaderElection130] INFO  impl.LeaderElection (LeaderElection.java:logAndReturn(56)) - aed1b97f-105e-4684-b087-4b6333aa3ced@group-F043E0AED0ED-LeaderElection130: Election REJECTED; received 2 response(s) [aed1b97f-105e-4684-b087-4b6333aa3ced<-1c51b35f-55cb-4636-a00c-83d34bf2d9d4#0:FAIL-t142, aed1b97f-105e-4684-b087-4b6333aa3ced<-d21ee1f1-33f6-483c-a18b-27782ce1915a#0:FAIL-t142] and 0 exception(s); aed1b97f-105e-4684-b087-4b6333aa3ced@group-F043E0AED0ED:t142, leader=null, voted=aed1b97f-105e-4684-b087-4b6333aa3ced, raftlog=aed1b97f-105e-4684-b087-4b6333aa3ced@group-F043E0AED0ED-SegmentedRaftLog:OPENED:c-1,f-1,i0, conf=-1: [aed1b97f-105e-4684-b087-4b6333aa3ced:192.168.157.195:34943, 1c51b35f-55cb-4636-a00c-83d34bf2d9d4:192.168.157.195:34693, d21ee1f1-33f6-483c-a18b-27782ce1915a:192.168.157.195:46462], old=null
2019-10-23 22:21:58,502 [aed1b97f-105e-4684-b087-4b6333aa3ced@group-F043E0AED0ED-LeaderElection130] INFO  impl.RaftServerImpl (RaftServerImpl.java:setRole(184)) - aed1b97f-105e-4684-b087-4b6333aa3ced@group-F043E0AED0ED: changes role from CANDIDATE to FOLLOWER at term 142 for DISCOVERED_A_NEW_TERM
2019-10-23 22:21:58,502 [aed1b97f-105e-4684-b087-4b6333aa3ced@group-F043E0AED0ED-LeaderElection130] INFO  impl.RoleInfo (RoleInfo.java:shutdownLeaderElection(134)) - aed1b97f-105e-4684-b087-4b6333aa3ced: shutdown LeaderElection
2019-10-23 22:21:58,502 [aed1b97f-105e-4684-b087-4b6333aa3ced@group-F043E0AED0ED-LeaderElection130] INFO  impl.RoleInfo (RoleInfo.java:updateAndGet(143)) - aed1b97f-105e-4684-b087-4b6333aa3ced: start FollowerState
2019-10-23 22:21:58,680 [Thread-1097] INFO  impl.FollowerState (FollowerState.java:run(108)) - aed1b97f-105e-4684-b087-4b6333aa3ced@group-F043E0AED0ED-FollowerState: change to CANDIDATE, lastRpcTime:177ms, electionTimeout:177ms
2019-10-23 22:21:58,680 [Thread-1097] INFO  impl.RoleInfo (RoleInfo.java:shutdownFollowerState(121)) - aed1b97f-105e-4684-b087-4b6333aa3ced: shutdown FollowerState
2019-10-23 22:21:58,680 [Thread-1097] INFO  impl.RaftServerImpl (RaftServerImpl.java:setRole(184)) - aed1b97f-105e-4684-b087-4b6333aa3ced@group-F043E0AED0ED: changes role from  FOLLOWER to CANDIDATE at term 142 for changeToCandidate
2019-10-23 22:21:58,680 [Thread-1097] INFO  impl.RoleInfo (RoleInfo.java:updateAndGet(143)) - aed1b97f-105e-4684-b087-4b6333aa3ced: start LeaderElection
2019-10-23 22:21:58,695 [aed1b97f-105e-4684-b087-4b6333aa3ced@group-F043E0AED0ED-LeaderElection131] INFO  impl.LeaderElection (LeaderElection.java:askForVotes(178)) - aed1b97f-105e-4684-b087-4b6333aa3ced@group-F043E0AED0ED-LeaderElection131: begin an election at term 143 for -1: [aed1b97f-105e-4684-b087-4b6333aa3ced:192.168.157.195:34943, 1c51b35f-55cb-4636-a00c-83d34bf2d9d4:192.168.157.195:34693, d21ee1f1-33f6-483c-a18b-27782ce1915a:192.168.157.195:46462], old=null
2019-10-23 22:21:58,702 [grpc-default-executor-4] INFO  impl.RaftServerImpl (RaftServerImpl.java:setRole(184)) - d21ee1f1-33f6-483c-a18b-27782ce1915a@group-F043E0AED0ED: changes role from  FOLLOWER to FOLLOWER at term 143 for recognizeCandidate:aed1b97f-105e-4684-b087-4b6333aa3ced
2019-10-23 22:21:58,702 [grpc-default-executor-4] INFO  impl.RoleInfo (RoleInfo.java:shutdownFollowerState(121)) - d21ee1f1-33f6-483c-a18b-27782ce1915a: shutdown FollowerState
2019-10-23 22:21:58,702 [grpc-default-executor-0] INFO  impl.RaftServerImpl (RaftServerImpl.java:setRole(184)) - 1c51b35f-55cb-4636-a00c-83d34bf2d9d4@group-F043E0AED0ED: changes role from  FOLLOWER to FOLLOWER at term 143 for recognizeCandidate:aed1b97f-105e-4684-b087-4b6333aa3ced
2019-10-23 22:21:58,702 [Thread-1096] INFO  impl.FollowerState (FollowerState.java:run(117)) - d21ee1f1-33f6-483c-a18b-27782ce1915a@group-F043E0AED0ED-FollowerState was interrupted: java.lang.InterruptedException: sleep interrupted
2019-10-23 22:21:58,702 [grpc-default-executor-4] INFO  impl.RoleInfo (RoleInfo.java:updateAndGet(143)) - d21ee1f1-33f6-483c-a18b-27782ce1915a: start FollowerState
2019-10-23 22:21:58,702 [grpc-default-executor-0] INFO  impl.RoleInfo (RoleInfo.java:shutdownFollowerState(121)) - 1c51b35f-55cb-4636-a00c-83d34bf2d9d4: shutdown FollowerState
2019-10-23 22:21:58,703 [grpc-default-executor-0] INFO  impl.RoleInfo (RoleInfo.java:updateAndGet(143)) - 1c51b35f-55cb-4636-a00c-83d34bf2d9d4: start FollowerState
2019-10-23 22:21:58,703 [Thread-1095] INFO  impl.FollowerState (FollowerState.java:run(117)) - 1c51b35f-55cb-4636-a00c-83d34bf2d9d4@group-F043E0AED0ED-FollowerState was interrupted: java.lang.InterruptedException: sleep interrupted
2019-10-23 22:21:58,718 [aed1b97f-105e-4684-b087-4b6333aa3ced@group-F043E0AED0ED-LeaderElection131] INFO  impl.LeaderElection (LeaderElection.java:logAndReturn(56)) - aed1b97f-105e-4684-b087-4b6333aa3ced@group-F043E0AED0ED-LeaderElection131: Election REJECTED; received 2 response(s) [aed1b97f-105e-4684-b087-4b6333aa3ced<-1c51b35f-55cb-4636-a00c-83d34bf2d9d4#0:FAIL-t143, aed1b97f-105e-4684-b087-4b6333aa3ced<-d21ee1f1-33f6-483c-a18b-27782ce1915a#0:FAIL-t143] and 0 exception(s); aed1b97f-105e-4684-b087-4b6333aa3ced@group-F043E0AED0ED:t143, leader=null, voted=aed1b97f-105e-4684-b087-4b6333aa3ced, raftlog=aed1b97f-105e-4684-b087-4b6333aa3ced@group-F043E0AED0ED-SegmentedRaftLog:OPENED:c-1,f-1,i0, conf=-1: [aed1b97f-105e-4684-b087-4b6333aa3ced:192.168.157.195:34943, 1c51b35f-55cb-4636-a00c-83d34bf2d9d4:192.168.157.195:34693, d21ee1f1-33f6-483c-a18b-27782ce1915a:192.168.157.195:46462], old=null
2019-10-23 22:21:58,718 [aed1b97f-105e-4684-b087-4b6333aa3ced@group-F043E0AED0ED-LeaderElection131] INFO  impl.RaftServerImpl (RaftServerImpl.java:setRole(184)) - aed1b97f-105e-4684-b087-4b6333aa3ced@group-F043E0AED0ED: changes role from CANDIDATE to FOLLOWER at term 143 for DISCOVERED_A_NEW_TERM
2019-10-23 22:21:58,718 [aed1b97f-105e-4684-b087-4b6333aa3ced@group-F043E0AED0ED-LeaderElection131] INFO  impl.RoleInfo (RoleInfo.java:shutdownLeaderElection(134)) - aed1b97f-105e-4684-b087-4b6333aa3ced: shutdown LeaderElection
2019-10-23 22:21:58,718 [aed1b97f-105e-4684-b087-4b6333aa3ced@group-F043E0AED0ED-LeaderElection131] INFO  impl.RoleInfo (RoleInfo.java:updateAndGet(143)) - aed1b97f-105e-4684-b087-4b6333aa3ced: start FollowerState
2019-10-23 22:21:58,808 [Thread-1103] INFO  impl.FollowerState (FollowerState.java:run(108)) - aed1b97f-105e-4684-b087-4b6333aa3ced@group-F043E0AED0ED-FollowerState: change to CANDIDATE, lastRpcTime:89ms, electionTimeout:89ms
2019-10-23 22:21:58,808 [Thread-1103] INFO  impl.RoleInfo (RoleInfo.java:shutdownFollowerState(121)) - aed1b97f-105e-4684-b087-4b6333aa3ced: shutdown FollowerState
2019-10-23 22:21:58,808 [Thread-1103] INFO  impl.RaftServerImpl (RaftServerImpl.java:setRole(184)) - aed1b97f-105e-4684-b087-4b6333aa3ced@group-F043E0AED0ED: changes role from  FOLLOWER to CANDIDATE at term 143 for changeToCandidate
2019-10-23 22:21:58,808 [Thread-1103] INFO  impl.RoleInfo (RoleInfo.java:updateAndGet(143)) - aed1b97f-105e-4684-b087-4b6333aa3ced: start LeaderElection
2019-10-23 22:21:58,833 [aed1b97f-105e-4684-b087-4b6333aa3ced@group-F043E0AED0ED-LeaderElection132] INFO  impl.LeaderElection (LeaderElection.java:askForVotes(178)) - aed1b97f-105e-4684-b087-4b6333aa3ced@group-F043E0AED0ED-LeaderElection132: begin an election at term 144 for -1: [aed1b97f-105e-4684-b087-4b6333aa3ced:192.168.157.195:34943, 1c51b35f-55cb-4636-a00c-83d34bf2d9d4:192.168.157.195:34693, d21ee1f1-33f6-483c-a18b-27782ce1915a:192.168.157.195:46462], old=null
2019-10-23 22:21:58,835 [grpc-default-executor-0] INFO  impl.RaftServerImpl (RaftServerImpl.java:setRole(184)) - 1c51b35f-55cb-4636-a00c-83d34bf2d9d4@group-F043E0AED0ED: changes role from  FOLLOWER to FOLLOWER at term 144 for recognizeCandidate:aed1b97f-105e-4684-b087-4b6333aa3ced
2019-10-23 22:21:58,836 [grpc-default-executor-0] INFO  impl.RoleInfo (RoleInfo.java:shutdownFollowerState(121)) - 1c51b35f-55cb-4636-a00c-83d34bf2d9d4: shutdown FollowerState
2019-10-23 22:21:58,836 [grpc-default-executor-0] INFO  impl.RoleInfo (RoleInfo.java:updateAndGet(143)) - 1c51b35f-55cb-4636-a00c-83d34bf2d9d4: start FollowerState
2019-10-23 22:21:58,836 [Thread-1102] INFO  impl.FollowerState (FollowerState.java:run(117)) - 1c51b35f-55cb-4636-a00c-83d34bf2d9d4@group-F043E0AED0ED-FollowerState was interrupted: java.lang.InterruptedException: sleep interrupted
2019-10-23 22:21:58,836 [grpc-default-executor-4] INFO  impl.RaftServerImpl (RaftServerImpl.java:setRole(184)) - d21ee1f1-33f6-483c-a18b-27782ce1915a@group-F043E0AED0ED: changes role from  FOLLOWER to FOLLOWER at term 144 for recognizeCandidate:aed1b97f-105e-4684-b087-4b6333aa3ced
2019-10-23 22:21:58,836 [grpc-default-executor-4] INFO  impl.RoleInfo (RoleInfo.java:shutdownFollowerState(121)) - d21ee1f1-33f6-483c-a18b-27782ce1915a: shutdown FollowerState
2019-10-23 22:21:58,836 [grpc-default-executor-4] INFO  impl.RoleInfo (RoleInfo.java:updateAndGet(143)) - d21ee1f1-33f6-483c-a18b-27782ce1915a: start FollowerState
2019-10-23 22:21:58,837 [Thread-1101] INFO  impl.FollowerState (FollowerState.java:run(117)) - d21ee1f1-33f6-483c-a18b-27782ce1915a@group-F043E0AED0ED-FollowerState was interrupted: java.lang.InterruptedException: sleep interrupted
2019-10-23 22:21:58,862 [aed1b97f-105e-4684-b087-4b6333aa3ced@group-F043E0AED0ED-LeaderElection132] INFO  impl.LeaderElection (LeaderElection.java:logAndReturn(56)) - aed1b97f-105e-4684-b087-4b6333aa3ced@group-F043E0AED0ED-LeaderElection132: Election REJECTED; received 2 response(s) [aed1b97f-105e-4684-b087-4b6333aa3ced<-1c51b35f-55cb-4636-a00c-83d34bf2d9d4#0:FAIL-t144, aed1b97f-105e-4684-b087-4b6333aa3ced<-d21ee1f1-33f6-483c-a18b-27782ce1915a#0:FAIL-t144] and 0 exception(s); aed1b97f-105e-4684-b087-4b6333aa3ced@group-F043E0AED0ED:t144, leader=null, voted=aed1b97f-105e-4684-b087-4b6333aa3ced, raftlog=aed1b97f-105e-4684-b087-4b6333aa3ced@group-F043E0AED0ED-SegmentedRaftLog:OPENED:c-1,f-1,i0, conf=-1: [aed1b97f-105e-4684-b087-4b6333aa3ced:192.168.157.195:34943, 1c51b35f-55cb-4636-a00c-83d34bf2d9d4:192.168.157.195:34693, d21ee1f1-33f6-483c-a18b-27782ce1915a:192.168.157.195:46462], old=null
2019-10-23 22:21:58,863 [aed1b97f-105e-4684-b087-4b6333aa3ced@group-F043E0AED0ED-LeaderElection132] INFO  impl.RaftServerImpl (RaftServerImpl.java:setRole(184)) - aed1b97f-105e-4684-b087-4b6333aa3ced@group-F043E0AED0ED: changes role from CANDIDATE to FOLLOWER at term 144 for DISCOVERED_A_NEW_TERM
2019-10-23 22:21:58,863 [aed1b97f-105e-4684-b087-4b6333aa3ced@group-F043E0AED0ED-LeaderElection132] INFO  impl.RoleInfo (RoleInfo.java:shutdownLeaderElection(134)) - aed1b97f-105e-4684-b087-4b6333aa3ced: shutdown LeaderElection
2019-10-23 22:21:58,863 [aed1b97f-105e-4684-b087-4b6333aa3ced@group-F043E0AED0ED-LeaderElection132] INFO  impl.RoleInfo (RoleInfo.java:updateAndGet(143)) - aed1b97f-105e-4684-b087-4b6333aa3ced: start FollowerState
2019-10-23 22:21:59,033 [Thread-1109] INFO  impl.FollowerState (FollowerState.java:run(108)) - aed1b97f-105e-4684-b087-4b6333aa3ced@group-F043E0AED0ED-FollowerState: change to CANDIDATE, lastRpcTime:170ms, electionTimeout:170ms
2019-10-23 22:21:59,034 [Thread-1109] INFO  impl.RoleInfo (RoleInfo.java:shutdownFollowerState(121)) - aed1b97f-105e-4684-b087-4b6333aa3ced: shutdown FollowerState
2019-10-23 22:21:59,034 [Thread-1109] INFO  impl.RaftServerImpl (RaftServerImpl.java:setRole(184)) - aed1b97f-105e-4684-b087-4b6333aa3ced@group-F043E0AED0ED: changes role from  FOLLOWER to CANDIDATE at term 144 for changeToCandidate
2019-10-23 22:21:59,034 [Thread-1109] INFO  impl.RoleInfo (RoleInfo.java:updateAndGet(143)) - aed1b97f-105e-4684-b087-4b6333aa3ced: start LeaderElection
2019-10-23 22:21:59,048 [aed1b97f-105e-4684-b087-4b6333aa3ced@group-F043E0AED0ED-LeaderElection133] INFO  impl.LeaderElection (LeaderElection.java:askForVotes(178)) - aed1b97f-105e-4684-b087-4b6333aa3ced@group-F043E0AED0ED-LeaderElection133: begin an election at term 145 for -1: [aed1b97f-105e-4684-b087-4b6333aa3ced:192.168.157.195:34943, 1c51b35f-55cb-4636-a00c-83d34bf2d9d4:192.168.157.195:34693, d21ee1f1-33f6-483c-a18b-27782ce1915a:192.168.157.195:46462], old=null
2019-10-23 22:21:59,050 [grpc-default-executor-4] INFO  impl.RaftServerImpl (RaftServerImpl.java:setRole(184)) - 1c51b35f-55cb-4636-a00c-83d34bf2d9d4@group-F043E0AED0ED: changes role from  FOLLOWER to FOLLOWER at term 145 for recognizeCandidate:aed1b97f-105e-4684-b087-4b6333aa3ced
2019-10-23 22:21:59,050 [grpc-default-executor-4] INFO  impl.RoleInfo (RoleInfo.java:shutdownFollowerState(121)) - 1c51b35f-55cb-4636-a00c-83d34bf2d9d4: shutdown FollowerState
2019-10-23 22:21:59,050 [grpc-default-executor-0] INFO  impl.RaftServerImpl (RaftServerImpl.java:setRole(184)) - d21ee1f1-33f6-483c-a18b-27782ce1915a@group-F043E0AED0ED: changes role from  FOLLOWER to FOLLOWER at term 145 for recognizeCandidate:aed1b97f-105e-4684-b087-4b6333aa3ced
2019-10-23 22:21:59,051 [Thread-1107] INFO  impl.FollowerState (FollowerState.java:run(117)) - 1c51b35f-55cb-4636-a00c-83d34bf2d9d4@group-F043E0AED0ED-FollowerState was interrupted: java.lang.InterruptedException: sleep interrupted
2019-10-23 22:21:59,051 [grpc-default-executor-4] INFO  impl.RoleInfo (RoleInfo.java:updateAndGet(143)) - 1c51b35f-55cb-4636-a00c-83d34bf2d9d4: start FollowerState
2019-10-23 22:21:59,051 [grpc-default-executor-0] INFO  impl.RoleInfo (RoleInfo.java:shutdownFollowerState(121)) - d21ee1f1-33f6-483c-a18b-27782ce1915a: shutdown FollowerState
2019-10-23 22:21:59,051 [grpc-default-executor-0] INFO  impl.RoleInfo (RoleInfo.java:updateAndGet(143)) - d21ee1f1-33f6-483c-a18b-27782ce1915a: start FollowerState
2019-10-23 22:21:59,052 [Thread-1108] INFO  impl.FollowerState (FollowerState.java:run(117)) - d21ee1f1-33f6-483c-a18b-27782ce1915a@group-F043E0AED0ED-FollowerState was interrupted: java.lang.InterruptedException: sleep interrupted
2019-10-23 22:21:59,066 [aed1b97f-105e-4684-b087-4b6333aa3ced@group-F043E0AED0ED-LeaderElection133] INFO  impl.LeaderElection (LeaderElection.java:logAndReturn(56)) - aed1b97f-105e-4684-b087-4b6333aa3ced@group-F043E0AED0ED-LeaderElection133: Election REJECTED; received 2 response(s) [aed1b97f-105e-4684-b087-4b6333aa3ced<-1c51b35f-55cb-4636-a00c-83d34bf2d9d4#0:FAIL-t145, aed1b97f-105e-4684-b087-4b6333aa3ced<-d21ee1f1-33f6-483c-a18b-27782ce1915a#0:FAIL-t145] and 0 exception(s); aed1b97f-105e-4684-b087-4b6333aa3ced@group-F043E0AED0ED:t145, leader=null, voted=aed1b97f-105e-4684-b087-4b6333aa3ced, raftlog=aed1b97f-105e-4684-b087-4b6333aa3ced@group-F043E0AED0ED-SegmentedRaftLog:OPENED:c-1,f-1,i0, conf=-1: [aed1b97f-105e-4684-b087-4b6333aa3ced:192.168.157.195:34943, 1c51b35f-55cb-4636-a00c-83d34bf2d9d4:192.168.157.195:34693, d21ee1f1-33f6-483c-a18b-27782ce1915a:192.168.157.195:46462], old=null
2019-10-23 22:21:59,066 [aed1b97f-105e-4684-b087-4b6333aa3ced@group-F043E0AED0ED-LeaderElection133] INFO  impl.RaftServerImpl (RaftServerImpl.java:setRole(184)) - aed1b97f-105e-4684-b087-4b6333aa3ced@group-F043E0AED0ED: changes role from CANDIDATE to FOLLOWER at term 145 for DISCOVERED_A_NEW_TERM
2019-10-23 22:21:59,066 [aed1b97f-105e-4684-b087-4b6333aa3ced@group-F043E0AED0ED-LeaderElection133] INFO  impl.RoleInfo (RoleInfo.java:shutdownLeaderElection(134)) - aed1b97f-105e-4684-b087-4b6333aa3ced: shutdown LeaderElection
2019-10-23 22:21:59,066 [aed1b97f-105e-4684-b087-4b6333aa3ced@group-F043E0AED0ED-LeaderElection133] INFO  impl.RoleInfo (RoleInfo.java:updateAndGet(143)) - aed1b97f-105e-4684-b087-4b6333aa3ced: start FollowerState
2019-10-23 22:21:59,162 [Thread-1117] INFO  impl.FollowerState (FollowerState.java:run(108)) - aed1b97f-105e-4684-b087-4b6333aa3ced@group-F043E0AED0ED-FollowerState: change to CANDIDATE, lastRpcTime:95ms, electionTimeout:95ms
2019-10-23 22:21:59,162 [Thread-1117] INFO  impl.RoleInfo (RoleInfo.java:shutdownFollowerState(121)) - aed1b97f-105e-4684-b087-4b6333aa3ced: shutdown FollowerState
2019-10-23 22:21:59,162 [Thread-1117] INFO  impl.RaftServerImpl (RaftServerImpl.java:setRole(184)) - aed1b97f-105e-4684-b087-4b6333aa3ced@group-F043E0AED0ED: changes role from  FOLLOWER to CANDIDATE at term 145 for changeToCandidate
2019-10-23 22:21:59,163 [Thread-1117] INFO  impl.RoleInfo (RoleInfo.java:updateAndGet(143)) - aed1b97f-105e-4684-b087-4b6333aa3ced: start LeaderElection
2019-10-23 22:21:59,176 [aed1b97f-105e-4684-b087-4b6333aa3ced@group-F043E0AED0ED-LeaderElection134] INFO  impl.LeaderElection (LeaderElection.java:askForVotes(178)) - aed1b97f-105e-4684-b087-4b6333aa3ced@group-F043E0AED0ED-LeaderElection134: begin an election at term 146 for -1: [aed1b97f-105e-4684-b087-4b6333aa3ced:192.168.157.195:34943, 1c51b35f-55cb-4636-a00c-83d34bf2d9d4:192.168.157.195:34693, d21ee1f1-33f6-483c-a18b-27782ce1915a:192.168.157.195:46462], old=null
2019-10-23 22:21:59,180 [grpc-default-executor-0] INFO  impl.RaftServerImpl (RaftServerImpl.java:setRole(184)) - 1c51b35f-55cb-4636-a00c-83d34bf2d9d4@group-F043E0AED0ED: changes role from  FOLLOWER to FOLLOWER at term 146 for recognizeCandidate:aed1b97f-105e-4684-b087-4b6333aa3ced
2019-10-23 22:21:59,180 [grpc-default-executor-4] INFO  impl.RaftServerImpl (RaftServerImpl.java:setRole(184)) - d21ee1f1-33f6-483c-a18b-27782ce1915a@group-F043E0AED0ED: changes role from  FOLLOWER to FOLLOWER at term 146 for recognizeCandidate:aed1b97f-105e-4684-b087-4b6333aa3ced
2019-10-23 22:21:59,180 [grpc-default-executor-0] INFO  impl.RoleInfo (RoleInfo.java:shutdownFollowerState(121)) - 1c51b35f-55cb-4636-a00c-83d34bf2d9d4: shutdown FollowerState
2019-10-23 22:21:59,180 [grpc-default-executor-4] INFO  impl.RoleInfo (RoleInfo.java:shutdownFollowerState(121)) - d21ee1f1-33f6-483c-a18b-27782ce1915a: shutdown FollowerState
2019-10-23 22:21:59,180 [Thread-1115] INFO  impl.FollowerState (FollowerState.java:run(117)) - 1c51b35f-55cb-4636-a00c-83d34bf2d9d4@group-F043E0AED0ED-FollowerState was interrupted: java.lang.InterruptedException: sleep interrupted
2019-10-23 22:21:59,180 [grpc-default-executor-0] INFO  impl.RoleInfo (RoleInfo.java:updateAndGet(143)) - 1c51b35f-55cb-4636-a00c-83d34bf2d9d4: start FollowerState
2019-10-23 22:21:59,181 [Thread-1116] INFO  impl.FollowerState (FollowerState.java:run(117)) - d21ee1f1-33f6-483c-a18b-27782ce1915a@group-F043E0AED0ED-FollowerState was interrupted: java.lang.InterruptedException: sleep interrupted
2019-10-23 22:21:59,181 [grpc-default-executor-4] INFO  impl.RoleInfo (RoleInfo.java:updateAndGet(143)) - d21ee1f1-33f6-483c-a18b-27782ce1915a: start FollowerState
2019-10-23 22:21:59,191 [aed1b97f-105e-4684-b087-4b6333aa3ced@group-F043E0AED0ED-LeaderElection134] INFO  impl.LeaderElection (LeaderElection.java:logAndReturn(56)) - aed1b97f-105e-4684-b087-4b6333aa3ced@group-F043E0AED0ED-LeaderElection134: Election REJECTED; received 2 response(s) [aed1b97f-105e-4684-b087-4b6333aa3ced<-1c51b35f-55cb-4636-a00c-83d34bf2d9d4#0:FAIL-t146, aed1b97f-105e-4684-b087-4b6333aa3ced<-d21ee1f1-33f6-483c-a18b-27782ce1915a#0:FAIL-t146] and 0 exception(s); aed1b97f-105e-4684-b087-4b6333aa3ced@group-F043E0AED0ED:t146, leader=null, voted=aed1b97f-105e-4684-b087-4b6333aa3ced, raftlog=aed1b97f-105e-4684-b087-4b6333aa3ced@group-F043E0AED0ED-SegmentedRaftLog:OPENED:c-1,f-1,i0, conf=-1: [aed1b97f-105e-4684-b087-4b6333aa3ced:192.168.157.195:34943, 1c51b35f-55cb-4636-a00c-83d34bf2d9d4:192.168.157.195:34693, d21ee1f1-33f6-483c-a18b-27782ce1915a:192.168.157.195:46462], old=null
2019-10-23 22:21:59,192 [aed1b97f-105e-4684-b087-4b6333aa3ced@group-F043E0AED0ED-LeaderElection134] INFO  impl.RaftServerImpl (RaftServerImpl.java:setRole(184)) - aed1b97f-105e-4684-b087-4b6333aa3ced@group-F043E0AED0ED: changes role from CANDIDATE to FOLLOWER at term 146 for DISCOVERED_A_NEW_TERM
2019-10-23 22:21:59,192 [aed1b97f-105e-4684-b087-4b6333aa3ced@group-F043E0AED0ED-LeaderElection134] INFO  impl.RoleInfo (RoleInfo.java:shutdownLeaderElection(134)) - aed1b97f-105e-4684-b087-4b6333aa3ced: shutdown LeaderElection
2019-10-23 22:21:59,192 [aed1b97f-105e-4684-b087-4b6333aa3ced@group-F043E0AED0ED-LeaderElection134] INFO  impl.RoleInfo (RoleInfo.java:updateAndGet(143)) - aed1b97f-105e-4684-b087-4b6333aa3ced: start FollowerState
2019-10-23 22:21:59,308 [Thread-1123] INFO  impl.FollowerState (FollowerState.java:run(108)) - aed1b97f-105e-4684-b087-4b6333aa3ced@group-F043E0AED0ED-FollowerState: change to CANDIDATE, lastRpcTime:115ms, electionTimeout:115ms
2019-10-23 22:21:59,308 [Thread-1123] INFO  impl.RoleInfo (RoleInfo.java:shutdownFollowerState(121)) - aed1b97f-105e-4684-b087-4b6333aa3ced: shutdown FollowerState
2019-10-23 22:21:59,308 [Thread-1123] INFO  impl.RaftServerImpl (RaftServerImpl.java:setRole(184)) - aed1b97f-105e-4684-b087-4b6333aa3ced@group-F043E0AED0ED: changes role from  FOLLOWER to CANDIDATE at term 146 for changeToCandidate
2019-10-23 22:21:59,308 [Thread-1123] INFO  impl.RoleInfo (RoleInfo.java:updateAndGet(143)) - aed1b97f-105e-4684-b087-4b6333aa3ced: start LeaderElection
2019-10-23 22:21:59,322 [aed1b97f-105e-4684-b087-4b6333aa3ced@group-F043E0AED0ED-LeaderElection135] INFO  impl.LeaderElection (LeaderElection.java:askForVotes(178)) - aed1b97f-105e-4684-b087-4b6333aa3ced@group-F043E0AED0ED-LeaderElection135: begin an election at term 147 for -1: [aed1b97f-105e-4684-b087-4b6333aa3ced:192.168.157.195:34943, 1c51b35f-55cb-4636-a00c-83d34bf2d9d4:192.168.157.195:34693, d21ee1f1-33f6-483c-a18b-27782ce1915a:192.168.157.195:46462], old=null
2019-10-23 22:21:59,325 [grpc-default-executor-4] INFO  impl.RaftServerImpl (RaftServerImpl.java:setRole(184)) - d21ee1f1-33f6-483c-a18b-27782ce1915a@group-F043E0AED0ED: changes role from  FOLLOWER to FOLLOWER at term 147 for recognizeCandidate:aed1b97f-105e-4684-b087-4b6333aa3ced
2019-10-23 22:21:59,325 [grpc-default-executor-4] INFO  impl.RoleInfo (RoleInfo.java:shutdownFollowerState(121)) - d21ee1f1-33f6-483c-a18b-27782ce1915a: shutdown FollowerState
2019-10-23 22:21:59,325 [grpc-default-executor-0] INFO  impl.RaftServerImpl (RaftServerImpl.java:setRole(184)) - 1c51b35f-55cb-4636-a00c-83d34bf2d9d4@group-F043E0AED0ED: changes role from  FOLLOWER to FOLLOWER at term 147 for recognizeCandidate:aed1b97f-105e-4684-b087-4b6333aa3ced
2019-10-23 22:21:59,326 [Thread-1122] INFO  impl.FollowerState (FollowerState.java:run(117)) - d21ee1f1-33f6-483c-a18b-27782ce1915a@group-F043E0AED0ED-FollowerState was interrupted: java.lang.InterruptedException: sleep interrupted
2019-10-23 22:21:59,326 [grpc-default-executor-4] INFO  impl.RoleInfo (RoleInfo.java:updateAndGet(143)) - d21ee1f1-33f6-483c-a18b-27782ce1915a: start FollowerState
2019-10-23 22:21:59,326 [grpc-default-executor-0] INFO  impl.RoleInfo (RoleInfo.java:shutdownFollowerState(121)) - 1c51b35f-55cb-4636-a00c-83d34bf2d9d4: shutdown FollowerState
2019-10-23 22:21:59,326 [grpc-default-executor-0] INFO  impl.RoleInfo (RoleInfo.java:updateAndGet(143)) - 1c51b35f-55cb-4636-a00c-83d34bf2d9d4: start FollowerState
2019-10-23 22:21:59,327 [Thread-1121] INFO  impl.FollowerState (FollowerState.java:run(117)) - 1c51b35f-55cb-4636-a00c-83d34bf2d9d4@group-F043E0AED0ED-FollowerState was interrupted: java.lang.InterruptedException: sleep interrupted
2019-10-23 22:21:59,341 [aed1b97f-105e-4684-b087-4b6333aa3ced@group-F043E0AED0ED-LeaderElection135] INFO  impl.LeaderElection (LeaderElection.java:logAndReturn(56)) - aed1b97f-105e-4684-b087-4b6333aa3ced@group-F043E0AED0ED-LeaderElection135: Election REJECTED; received 2 response(s) [aed1b97f-105e-4684-b087-4b6333aa3ced<-1c51b35f-55cb-4636-a00c-83d34bf2d9d4#0:FAIL-t147, aed1b97f-105e-4684-b087-4b6333aa3ced<-d21ee1f1-33f6-483c-a18b-27782ce1915a#0:FAIL-t147] and 0 exception(s); aed1b97f-105e-4684-b087-4b6333aa3ced@group-F043E0AED0ED:t147, leader=null, voted=aed1b97f-105e-4684-b087-4b6333aa3ced, raftlog=aed1b97f-105e-4684-b087-4b6333aa3ced@group-F043E0AED0ED-SegmentedRaftLog:OPENED:c-1,f-1,i0, conf=-1: [aed1b97f-105e-4684-b087-4b6333aa3ced:192.168.157.195:34943, 1c51b35f-55cb-4636-a00c-83d34bf2d9d4:192.168.157.195:34693, d21ee1f1-33f6-483c-a18b-27782ce1915a:192.168.157.195:46462], old=null
2019-10-23 22:21:59,342 [aed1b97f-105e-4684-b087-4b6333aa3ced@group-F043E0AED0ED-LeaderElection135] INFO  impl.RaftServerImpl (RaftServerImpl.java:setRole(184)) - aed1b97f-105e-4684-b087-4b6333aa3ced@group-F043E0AED0ED: changes role from CANDIDATE to FOLLOWER at term 147 for DISCOVERED_A_NEW_TERM
2019-10-23 22:21:59,342 [aed1b97f-105e-4684-b087-4b6333aa3ced@group-F043E0AED0ED-LeaderElection135] INFO  impl.RoleInfo (RoleInfo.java:shutdownLeaderElection(134)) - aed1b97f-105e-4684-b087-4b6333aa3ced: shutdown LeaderElection
2019-10-23 22:21:59,342 [aed1b97f-105e-4684-b087-4b6333aa3ced@group-F043E0AED0ED-LeaderElection135] INFO  impl.RoleInfo (RoleInfo.java:updateAndGet(143)) - aed1b97f-105e-4684-b087-4b6333aa3ced: start FollowerState
2019-10-23 22:21:59,456 [Thread-1129] INFO  impl.FollowerState (FollowerState.java:run(108)) - aed1b97f-105e-4684-b087-4b6333aa3ced@group-F043E0AED0ED-FollowerState: change to CANDIDATE, lastRpcTime:113ms, electionTimeout:113ms
2019-10-23 22:21:59,457 [Thread-1129] INFO  impl.RoleInfo (RoleInfo.java:shutdownFollowerState(121)) - aed1b97f-105e-4684-b087-4b6333aa3ced: shutdown FollowerState
2019-10-23 22:21:59,458 [Thread-1129] INFO  impl.RaftServerImpl (RaftServerImpl.java:setRole(184)) - aed1b97f-105e-4684-b087-4b6333aa3ced@group-F043E0AED0ED: changes role from  FOLLOWER to CANDIDATE at term 147 for changeToCandidate
2019-10-23 22:21:59,459 [Thread-1129] INFO  impl.RoleInfo (RoleInfo.java:updateAndGet(143)) - aed1b97f-105e-4684-b087-4b6333aa3ced: start LeaderElection
2019-10-23 22:21:59,475 [aed1b97f-105e-4684-b087-4b6333aa3ced@group-F043E0AED0ED-LeaderElection136] INFO  impl.LeaderElection (LeaderElection.java:askForVotes(178)) - aed1b97f-105e-4684-b087-4b6333aa3ced@group-F043E0AED0ED-LeaderElection136: begin an election at term 148 for -1: [aed1b97f-105e-4684-b087-4b6333aa3ced:192.168.157.195:34943, 1c51b35f-55cb-4636-a00c-83d34bf2d9d4:192.168.157.195:34693, d21ee1f1-33f6-483c-a18b-27782ce1915a:192.168.157.195:46462], old=null
2019-10-23 22:21:59,482 [grpc-default-executor-0] INFO  impl.RaftServerImpl (RaftServerImpl.java:setRole(184)) - 1c51b35f-55cb-4636-a00c-83d34bf2d9d4@group-F043E0AED0ED: changes role from  FOLLOWER to FOLLOWER at term 148 for recognizeCandidate:aed1b97f-105e-4684-b087-4b6333aa3ced
2019-10-23 22:21:59,482 [grpc-default-executor-0] INFO  impl.RoleInfo (RoleInfo.java:shutdownFollowerState(121)) - 1c51b35f-55cb-4636-a00c-83d34bf2d9d4: shutdown FollowerState
2019-10-23 22:21:59,482 [grpc-default-executor-4] INFO  impl.RaftServerImpl (RaftServerImpl.java:setRole(184)) - d21ee1f1-33f6-483c-a18b-27782ce1915a@group-F043E0AED0ED: changes role from  FOLLOWER to FOLLOWER at term 148 for recognizeCandidate:aed1b97f-105e-4684-b087-4b6333aa3ced
2019-10-23 22:21:59,483 [Thread-1128] INFO  impl.FollowerState (FollowerState.java:run(117)) - 1c51b35f-55cb-4636-a00c-83d34bf2d9d4@group-F043E0AED0ED-FollowerState was interrupted: java.lang.InterruptedException: sleep interrupted
2019-10-23 22:21:59,482 [grpc-default-executor-0] INFO  impl.RoleInfo (RoleInfo.java:updateAndGet(143)) - 1c51b35f-55cb-4636-a00c-83d34bf2d9d4: start FollowerState
2019-10-23 22:21:59,483 [grpc-default-executor-4] INFO  impl.RoleInfo (RoleInfo.java:shutdownFollowerState(121)) - d21ee1f1-33f6-483c-a18b-27782ce1915a: shutdown FollowerState
2019-10-23 22:21:59,483 [grpc-default-executor-4] INFO  impl.RoleInfo (RoleInfo.java:updateAndGet(143)) - d21ee1f1-33f6-483c-a18b-27782ce1915a: start FollowerState
2019-10-23 22:21:59,483 [Thread-1127] INFO  impl.FollowerState (FollowerState.java:run(117)) - d21ee1f1-33f6-483c-a18b-27782ce1915a@group-F043E0AED0ED-FollowerState was interrupted: java.lang.InterruptedException: sleep interrupted
2019-10-23 22:21:59,495 [aed1b97f-105e-4684-b087-4b6333aa3ced@group-F043E0AED0ED-LeaderElection136] INFO  impl.LeaderElection (LeaderElection.java:logAndReturn(56)) - aed1b97f-105e-4684-b087-4b6333aa3ced@group-F043E0AED0ED-LeaderElection136: Election REJECTED; received 2 response(s) [aed1b97f-105e-4684-b087-4b6333aa3ced<-1c51b35f-55cb-4636-a00c-83d34bf2d9d4#0:FAIL-t148, aed1b97f-105e-4684-b087-4b6333aa3ced<-d21ee1f1-33f6-483c-a18b-27782ce1915a#0:FAIL-t148] and 0 exception(s); aed1b97f-105e-4684-b087-4b6333aa3ced@group-F043E0AED0ED:t148, leader=null, voted=aed1b97f-105e-4684-b087-4b6333aa3ced, raftlog=aed1b97f-105e-4684-b087-4b6333aa3ced@group-F043E0AED0ED-SegmentedRaftLog:OPENED:c-1,f-1,i0, conf=-1: [aed1b97f-105e-4684-b087-4b6333aa3ced:192.168.157.195:34943, 1c51b35f-55cb-4636-a00c-83d34bf2d9d4:192.168.157.195:34693, d21ee1f1-33f6-483c-a18b-27782ce1915a:192.168.157.195:46462], old=null
2019-10-23 22:21:59,495 [aed1b97f-105e-4684-b087-4b6333aa3ced@group-F043E0AED0ED-LeaderElection136] INFO  impl.RaftServerImpl (RaftServerImpl.java:setRole(184)) - aed1b97f-105e-4684-b087-4b6333aa3ced@group-F043E0AED0ED: changes role from CANDIDATE to FOLLOWER at term 148 for DISCOVERED_A_NEW_TERM
2019-10-23 22:21:59,495 [aed1b97f-105e-4684-b087-4b6333aa3ced@group-F043E0AED0ED-LeaderElection136] INFO  impl.RoleInfo (RoleInfo.java:shutdownLeaderElection(134)) - aed1b97f-105e-4684-b087-4b6333aa3ced: shutdown LeaderElection
2019-10-23 22:21:59,496 [aed1b97f-105e-4684-b087-4b6333aa3ced@group-F043E0AED0ED-LeaderElection136] INFO  impl.RoleInfo (RoleInfo.java:updateAndGet(143)) - aed1b97f-105e-4684-b087-4b6333aa3ced: start FollowerState
2019-10-23 22:21:59,628 [Thread-1135] INFO  impl.FollowerState (FollowerState.java:run(108)) - aed1b97f-105e-4684-b087-4b6333aa3ced@group-F043E0AED0ED-FollowerState: change to CANDIDATE, lastRpcTime:132ms, electionTimeout:132ms
2019-10-23 22:21:59,628 [Thread-1135] INFO  impl.RoleInfo (RoleInfo.java:shutdownFollowerState(121)) - aed1b97f-105e-4684-b087-4b6333aa3ced: shutdown FollowerState
2019-10-23 22:21:59,628 [Thread-1135] INFO  impl.RaftServerImpl (RaftServerImpl.java:setRole(184)) - aed1b97f-105e-4684-b087-4b6333aa3ced@group-F043E0AED0ED: changes role from  FOLLOWER to CANDIDATE at term 148 for changeToCandidate
2019-10-23 22:21:59,629 [Thread-1135] INFO  impl.RoleInfo (RoleInfo.java:updateAndGet(143)) - aed1b97f-105e-4684-b087-4b6333aa3ced: start LeaderElection
2019-10-23 22:21:59,643 [aed1b97f-105e-4684-b087-4b6333aa3ced@group-F043E0AED0ED-LeaderElection137] INFO  impl.LeaderElection (LeaderElection.java:askForVotes(178)) - aed1b97f-105e-4684-b087-4b6333aa3ced@group-F043E0AED0ED-LeaderElection137: begin an election at term 149 for -1: [aed1b97f-105e-4684-b087-4b6333aa3ced:192.168.157.195:34943, 1c51b35f-55cb-4636-a00c-83d34bf2d9d4:192.168.157.195:34693, d21ee1f1-33f6-483c-a18b-27782ce1915a:192.168.157.195:46462], old=null
2019-10-23 22:21:59,645 [grpc-default-executor-4] INFO  impl.RaftServerImpl (RaftServerImpl.java:setRole(184)) - 1c51b35f-55cb-4636-a00c-83d34bf2d9d4@group-F043E0AED0ED: changes role from  FOLLOWER to FOLLOWER at term 149 for recognizeCandidate:aed1b97f-105e-4684-b087-4b6333aa3ced
2019-10-23 22:21:59,645 [grpc-default-executor-0] INFO  impl.RaftServerImpl (RaftServerImpl.java:setRole(184)) - d21ee1f1-33f6-483c-a18b-27782ce1915a@group-F043E0AED0ED: changes role from  FOLLOWER to FOLLOWER at term 149 for recognizeCandidate:aed1b97f-105e-4684-b087-4b6333aa3ced
2019-10-23 22:21:59,646 [grpc-default-executor-4] INFO  impl.RoleInfo (RoleInfo.java:shutdownFollowerState(121)) - 1c51b35f-55cb-4636-a00c-83d34bf2d9d4: shutdown FollowerState
2019-10-23 22:21:59,646 [grpc-default-executor-0] INFO  impl.RoleInfo (RoleInfo.java:shutdownFollowerState(121)) - d21ee1f1-33f6-483c-a18b-27782ce1915a: shutdown FollowerState
2019-10-23 22:21:59,646 [Thread-1133] INFO  impl.FollowerState (FollowerState.java:run(117)) - 1c51b35f-55cb-4636-a00c-83d34bf2d9d4@group-F043E0AED0ED-FollowerState was interrupted: java.lang.InterruptedException: sleep interrupted
2019-10-23 22:21:59,646 [grpc-default-executor-4] INFO  impl.RoleInfo (RoleInfo.java:updateAndGet(143)) - 1c51b35f-55cb-4636-a00c-83d34bf2d9d4: start FollowerState
2019-10-23 22:21:59,646 [Thread-1134] INFO  impl.FollowerState (FollowerState.java:run(117)) - d21ee1f1-33f6-483c-a18b-27782ce1915a@group-F043E0AED0ED-FollowerState was interrupted: java.lang.InterruptedException: sleep interrupted
2019-10-23 22:21:59,646 [grpc-default-executor-0] INFO  impl.RoleInfo (RoleInfo.java:updateAndGet(143)) - d21ee1f1-33f6-483c-a18b-27782ce1915a: start FollowerState
2019-10-23 22:21:59,661 [aed1b97f-105e-4684-b087-4b6333aa3ced@group-F043E0AED0ED-LeaderElection137] INFO  impl.LeaderElection (LeaderElection.java:logAndReturn(56)) - aed1b97f-105e-4684-b087-4b6333aa3ced@group-F043E0AED0ED-LeaderElection137: Election REJECTED; received 2 response(s) [aed1b97f-105e-4684-b087-4b6333aa3ced<-1c51b35f-55cb-4636-a00c-83d34bf2d9d4#0:FAIL-t149, aed1b97f-105e-4684-b087-4b6333aa3ced<-d21ee1f1-33f6-483c-a18b-27782ce1915a#0:FAIL-t149] and 0 exception(s); aed1b97f-105e-4684-b087-4b6333aa3ced@group-F043E0AED0ED:t149, leader=null, voted=aed1b97f-105e-4684-b087-4b6333aa3ced, raftlog=aed1b97f-105e-4684-b087-4b6333aa3ced@group-F043E0AED0ED-SegmentedRaftLog:OPENED:c-1,f-1,i0, conf=-1: [aed1b97f-105e-4684-b087-4b6333aa3ced:192.168.157.195:34943, 1c51b35f-55cb-4636-a00c-83d34bf2d9d4:192.168.157.195:34693, d21ee1f1-33f6-483c-a18b-27782ce1915a:192.168.157.195:46462], old=null
2019-10-23 22:21:59,662 [aed1b97f-105e-4684-b087-4b6333aa3ced@group-F043E0AED0ED-LeaderElection137] INFO  impl.RaftServerImpl (RaftServerImpl.java:setRole(184)) - aed1b97f-105e-4684-b087-4b6333aa3ced@group-F043E0AED0ED: changes role from CANDIDATE to FOLLOWER at term 149 for DISCOVERED_A_NEW_TERM
2019-10-23 22:21:59,662 [aed1b97f-105e-4684-b087-4b6333aa3ced@group-F043E0AED0ED-LeaderElection137] INFO  impl.RoleInfo (RoleInfo.java:shutdownLeaderElection(134)) - aed1b97f-105e-4684-b087-4b6333aa3ced: shutdown LeaderElection
2019-10-23 22:21:59,662 [aed1b97f-105e-4684-b087-4b6333aa3ced@group-F043E0AED0ED-LeaderElection137] INFO  impl.RoleInfo (RoleInfo.java:updateAndGet(143)) - aed1b97f-105e-4684-b087-4b6333aa3ced: start FollowerState
2019-10-23 22:21:59,845 [Thread-1141] INFO  impl.FollowerState (FollowerState.java:run(108)) - aed1b97f-105e-4684-b087-4b6333aa3ced@group-F043E0AED0ED-FollowerState: change to CANDIDATE, lastRpcTime:183ms, electionTimeout:183ms
2019-10-23 22:21:59,846 [Thread-1141] INFO  impl.RoleInfo (RoleInfo.java:shutdownFollowerState(121)) - aed1b97f-105e-4684-b087-4b6333aa3ced: shutdown FollowerState
2019-10-23 22:21:59,846 [Thread-1141] INFO  impl.RaftServerImpl (RaftServerImpl.java:setRole(184)) - aed1b97f-105e-4684-b087-4b6333aa3ced@group-F043E0AED0ED: changes role from  FOLLOWER to CANDIDATE at term 149 for changeToCandidate
2019-10-23 22:21:59,846 [Thread-1141] INFO  impl.RoleInfo (RoleInfo.java:updateAndGet(143)) - aed1b97f-105e-4684-b087-4b6333aa3ced: start LeaderElection
2019-10-23 22:21:59,859 [aed1b97f-105e-4684-b087-4b6333aa3ced@group-F043E0AED0ED-LeaderElection138] INFO  impl.LeaderElection (LeaderElection.java:askForVotes(178)) - aed1b97f-105e-4684-b087-4b6333aa3ced@group-F043E0AED0ED-LeaderElection138: begin an election at term 150 for -1: [aed1b97f-105e-4684-b087-4b6333aa3ced:192.168.157.195:34943, 1c51b35f-55cb-4636-a00c-83d34bf2d9d4:192.168.157.195:34693, d21ee1f1-33f6-483c-a18b-27782ce1915a:192.168.157.195:46462], old=null
2019-10-23 22:21:59,862 [grpc-default-executor-4] INFO  impl.RaftServerImpl (RaftServerImpl.java:setRole(184)) - 1c51b35f-55cb-4636-a00c-83d34bf2d9d4@group-F043E0AED0ED: changes role from  FOLLOWER to FOLLOWER at term 150 for recognizeCandidate:aed1b97f-105e-4684-b087-4b6333aa3ced
2019-10-23 22:21:59,862 [grpc-default-executor-0] INFO  impl.RaftServerImpl (RaftServerImpl.java:setRole(184)) - d21ee1f1-33f6-483c-a18b-27782ce1915a@group-F043E0AED0ED: changes role from  FOLLOWER to FOLLOWER at term 150 for recognizeCandidate:aed1b97f-105e-4684-b087-4b6333aa3ced
2019-10-23 22:21:59,862 [grpc-default-executor-4] INFO  impl.RoleInfo (RoleInfo.java:shutdownFollowerState(121)) - 1c51b35f-55cb-4636-a00c-83d34bf2d9d4: shutdown FollowerState
2019-10-23 22:21:59,863 [grpc-default-executor-0] INFO  impl.RoleInfo (RoleInfo.java:shutdownFollowerState(121)) - d21ee1f1-33f6-483c-a18b-27782ce1915a: shutdown FollowerState
2019-10-23 22:21:59,863 [Thread-1139] INFO  impl.FollowerState (FollowerState.java:run(117)) - 1c51b35f-55cb-4636-a00c-83d34bf2d9d4@group-F043E0AED0ED-FollowerState was interrupted: java.lang.InterruptedException: sleep interrupted
2019-10-23 22:21:59,863 [grpc-default-executor-0] INFO  impl.RoleInfo (RoleInfo.java:updateAndGet(143)) - d21ee1f1-33f6-483c-a18b-27782ce1915a: start FollowerState
2019-10-23 22:21:59,863 [grpc-default-executor-4] INFO  impl.RoleInfo (RoleInfo.java:updateAndGet(143)) - 1c51b35f-55cb-4636-a00c-83d34bf2d9d4: start FollowerState
2019-10-23 22:21:59,863 [Thread-1140] INFO  impl.FollowerState (FollowerState.java:run(117)) - d21ee1f1-33f6-483c-a18b-27782ce1915a@group-F043E0AED0ED-FollowerState was interrupted: java.lang.InterruptedException: sleep interrupted
2019-10-23 22:21:59,878 [aed1b97f-105e-4684-b087-4b6333aa3ced@group-F043E0AED0ED-LeaderElection138] INFO  impl.LeaderElection (LeaderElection.java:logAndReturn(56)) - aed1b97f-105e-4684-b087-4b6333aa3ced@group-F043E0AED0ED-LeaderElection138: Election REJECTED; received 2 response(s) [aed1b97f-105e-4684-b087-4b6333aa3ced<-1c51b35f-55cb-4636-a00c-83d34bf2d9d4#0:FAIL-t150, aed1b97f-105e-4684-b087-4b6333aa3ced<-d21ee1f1-33f6-483c-a18b-27782ce1915a#0:FAIL-t150] and 0 exception(s); aed1b97f-105e-4684-b087-4b6333aa3ced@group-F043E0AED0ED:t150, leader=null, voted=aed1b97f-105e-4684-b087-4b6333aa3ced, raftlog=aed1b97f-105e-4684-b087-4b6333aa3ced@group-F043E0AED0ED-SegmentedRaftLog:OPENED:c-1,f-1,i0, conf=-1: [aed1b97f-105e-4684-b087-4b6333aa3ced:192.168.157.195:34943, 1c51b35f-55cb-4636-a00c-83d34bf2d9d4:192.168.157.195:34693, d21ee1f1-33f6-483c-a18b-27782ce1915a:192.168.157.195:46462], old=null
2019-10-23 22:21:59,878 [aed1b97f-105e-4684-b087-4b6333aa3ced@group-F043E0AED0ED-LeaderElection138] INFO  impl.RaftServerImpl (RaftServerImpl.java:setRole(184)) - aed1b97f-105e-4684-b087-4b6333aa3ced@group-F043E0AED0ED: changes role from CANDIDATE to FOLLOWER at term 150 for DISCOVERED_A_NEW_TERM
2019-10-23 22:21:59,878 [aed1b97f-105e-4684-b087-4b6333aa3ced@group-F043E0AED0ED-LeaderElection138] INFO  impl.RoleInfo (RoleInfo.java:shutdownLeaderElection(134)) - aed1b97f-105e-4684-b087-4b6333aa3ced: shutdown LeaderElection
2019-10-23 22:21:59,879 [aed1b97f-105e-4684-b087-4b6333aa3ced@group-F043E0AED0ED-LeaderElection138] INFO  impl.RoleInfo (RoleInfo.java:updateAndGet(143)) - aed1b97f-105e-4684-b087-4b6333aa3ced: start FollowerState
2019-10-23 22:22:00,024 [Thread-1147] INFO  impl.FollowerState (FollowerState.java:run(108)) - aed1b97f-105e-4684-b087-4b6333aa3ced@group-F043E0AED0ED-FollowerState: change to CANDIDATE, lastRpcTime:145ms, electionTimeout:145ms
2019-10-23 22:22:00,024 [Thread-1147] INFO  impl.RoleInfo (RoleInfo.java:shutdownFollowerState(121)) - aed1b97f-105e-4684-b087-4b6333aa3ced: shutdown FollowerState
2019-10-23 22:22:00,025 [Thread-1147] INFO  impl.RaftServerImpl (RaftServerImpl.java:setRole(184)) - aed1b97f-105e-4684-b087-4b6333aa3ced@group-F043E0AED0ED: changes role from  FOLLOWER to CANDIDATE at term 150 for changeToCandidate
2019-10-23 22:22:00,025 [Thread-1147] INFO  impl.RoleInfo (RoleInfo.java:updateAndGet(143)) - aed1b97f-105e-4684-b087-4b6333aa3ced: start LeaderElection
2019-10-23 22:22:00,049 [aed1b97f-105e-4684-b087-4b6333aa3ced@group-F043E0AED0ED-LeaderElection139] INFO  impl.LeaderElection (LeaderElection.java:askForVotes(178)) - aed1b97f-105e-4684-b087-4b6333aa3ced@group-F043E0AED0ED-LeaderElection139: begin an election at term 151 for -1: [aed1b97f-105e-4684-b087-4b6333aa3ced:192.168.157.195:34943, 1c51b35f-55cb-4636-a00c-83d34bf2d9d4:192.168.157.195:34693, d21ee1f1-33f6-483c-a18b-27782ce1915a:192.168.157.195:46462], old=null
2019-10-23 22:22:00,051 [grpc-default-executor-4] INFO  impl.RaftServerImpl (RaftServerImpl.java:setRole(184)) - 1c51b35f-55cb-4636-a00c-83d34bf2d9d4@group-F043E0AED0ED: changes role from  FOLLOWER to FOLLOWER at term 151 for recognizeCandidate:aed1b97f-105e-4684-b087-4b6333aa3ced
2019-10-23 22:22:00,051 [grpc-default-executor-4] INFO  impl.RoleInfo (RoleInfo.java:shutdownFollowerState(121)) - 1c51b35f-55cb-4636-a00c-83d34bf2d9d4: shutdown FollowerState
2019-10-23 22:22:00,051 [grpc-default-executor-0] INFO  impl.RaftServerImpl (RaftServerImpl.java:setRole(184)) - d21ee1f1-33f6-483c-a18b-27782ce1915a@group-F043E0AED0ED: changes role from  FOLLOWER to FOLLOWER at term 151 for recognizeCandidate:aed1b97f-105e-4684-b087-4b6333aa3ced
2019-10-23 22:22:00,052 [Thread-1145] INFO  impl.FollowerState (FollowerState.java:run(117)) - 1c51b35f-55cb-4636-a00c-83d34bf2d9d4@group-F043E0AED0ED-FollowerState was interrupted: java.lang.InterruptedException: sleep interrupted
2019-10-23 22:22:00,051 [grpc-default-executor-4] INFO  impl.RoleInfo (RoleInfo.java:updateAndGet(143)) - 1c51b35f-55cb-4636-a00c-83d34bf2d9d4: start FollowerState
2019-10-23 22:22:00,052 [grpc-default-executor-0] INFO  impl.RoleInfo (RoleInfo.java:shutdownFollowerState(121)) - d21ee1f1-33f6-483c-a18b-27782ce1915a: shutdown FollowerState
2019-10-23 22:22:00,052 [grpc-default-executor-0] INFO  impl.RoleInfo (RoleInfo.java:updateAndGet(143)) - d21ee1f1-33f6-483c-a18b-27782ce1915a: start FollowerState
2019-10-23 22:22:00,052 [Thread-1146] INFO  impl.FollowerState (FollowerState.java:run(117)) - d21ee1f1-33f6-483c-a18b-27782ce1915a@group-F043E0AED0ED-FollowerState was interrupted: java.lang.InterruptedException: sleep interrupted
2019-10-23 22:22:00,066 [aed1b97f-105e-4684-b087-4b6333aa3ced@group-F043E0AED0ED-LeaderElection139] INFO  impl.LeaderElection (LeaderElection.java:logAndReturn(56)) - aed1b97f-105e-4684-b087-4b6333aa3ced@group-F043E0AED0ED-LeaderElection139: Election REJECTED; received 2 response(s) [aed1b97f-105e-4684-b087-4b6333aa3ced<-1c51b35f-55cb-4636-a00c-83d34bf2d9d4#0:FAIL-t151, aed1b97f-105e-4684-b087-4b6333aa3ced<-d21ee1f1-33f6-483c-a18b-27782ce1915a#0:FAIL-t151] and 0 exception(s); aed1b97f-105e-4684-b087-4b6333aa3ced@group-F043E0AED0ED:t151, leader=null, voted=aed1b97f-105e-4684-b087-4b6333aa3ced, raftlog=aed1b97f-105e-4684-b087-4b6333aa3ced@group-F043E0AED0ED-SegmentedRaftLog:OPENED:c-1,f-1,i0, conf=-1: [aed1b97f-105e-4684-b087-4b6333aa3ced:192.168.157.195:34943, 1c51b35f-55cb-4636-a00c-83d34bf2d9d4:192.168.157.195:34693, d21ee1f1-33f6-483c-a18b-27782ce1915a:192.168.157.195:46462], old=null
2019-10-23 22:22:00,066 [aed1b97f-105e-4684-b087-4b6333aa3ced@group-F043E0AED0ED-LeaderElection139] INFO  impl.RaftServerImpl (RaftServerImpl.java:setRole(184)) - aed1b97f-105e-4684-b087-4b6333aa3ced@group-F043E0AED0ED: changes role from CANDIDATE to FOLLOWER at term 151 for DISCOVERED_A_NEW_TERM
2019-10-23 22:22:00,067 [aed1b97f-105e-4684-b087-4b6333aa3ced@group-F043E0AED0ED-LeaderElection139] INFO  impl.RoleInfo (RoleInfo.java:shutdownLeaderElection(134)) - aed1b97f-105e-4684-b087-4b6333aa3ced: shutdown LeaderElection
2019-10-23 22:22:00,067 [aed1b97f-105e-4684-b087-4b6333aa3ced@group-F043E0AED0ED-LeaderElection139] INFO  impl.RoleInfo (RoleInfo.java:updateAndGet(143)) - aed1b97f-105e-4684-b087-4b6333aa3ced: start FollowerState
2019-10-23 22:22:00,083 [Thread-1155] INFO  impl.FollowerState (FollowerState.java:run(108)) - aed1b97f-105e-4684-b087-4b6333aa3ced@group-F043E0AED0ED-FollowerState: change to CANDIDATE, lastRpcTime:16ms, electionTimeout:16ms
2019-10-23 22:22:00,083 [Thread-1155] INFO  impl.RoleInfo (RoleInfo.java:shutdownFollowerState(121)) - aed1b97f-105e-4684-b087-4b6333aa3ced: shutdown FollowerState
2019-10-23 22:22:00,083 [Thread-1155] INFO  impl.RaftServerImpl (RaftServerImpl.java:setRole(184)) - aed1b97f-105e-4684-b087-4b6333aa3ced@group-F043E0AED0ED: changes role from  FOLLOWER to CANDIDATE at term 151 for changeToCandidate
2019-10-23 22:22:00,084 [Thread-1155] INFO  impl.RoleInfo (RoleInfo.java:updateAndGet(143)) - aed1b97f-105e-4684-b087-4b6333aa3ced: start LeaderElection
2019-10-23 22:22:00,097 [aed1b97f-105e-4684-b087-4b6333aa3ced@group-F043E0AED0ED-LeaderElection140] INFO  impl.LeaderElection (LeaderElection.java:askForVotes(178)) - aed1b97f-105e-4684-b087-4b6333aa3ced@group-F043E0AED0ED-LeaderElection140: begin an election at term 152 for -1: [aed1b97f-105e-4684-b087-4b6333aa3ced:192.168.157.195:34943, 1c51b35f-55cb-4636-a00c-83d34bf2d9d4:192.168.157.195:34693, d21ee1f1-33f6-483c-a18b-27782ce1915a:192.168.157.195:46462], old=null
2019-10-23 22:22:00,099 [grpc-default-executor-0] INFO  impl.RaftServerImpl (RaftServerImpl.java:setRole(184)) - 1c51b35f-55cb-4636-a00c-83d34bf2d9d4@group-F043E0AED0ED: changes role from  FOLLOWER to FOLLOWER at term 152 for recognizeCandidate:aed1b97f-105e-4684-b087-4b6333aa3ced
2019-10-23 22:22:00,099 [grpc-default-executor-4] INFO  impl.RaftServerImpl (RaftServerImpl.java:setRole(184)) - d21ee1f1-33f6-483c-a18b-27782ce1915a@group-F043E0AED0ED: changes role from  FOLLOWER to FOLLOWER at term 152 for recognizeCandidate:aed1b97f-105e-4684-b087-4b6333aa3ced
2019-10-23 22:22:00,099 [grpc-default-executor-0] INFO  impl.RoleInfo (RoleInfo.java:shutdownFollowerState(121)) - 1c51b35f-55cb-4636-a00c-83d34bf2d9d4: shutdown FollowerState
2019-10-23 22:22:00,099 [grpc-default-executor-4] INFO  impl.RoleInfo (RoleInfo.java:shutdownFollowerState(121)) - d21ee1f1-33f6-483c-a18b-27782ce1915a: shutdown FollowerState
2019-10-23 22:22:00,099 [grpc-default-executor-0] INFO  impl.RoleInfo (RoleInfo.java:updateAndGet(143)) - 1c51b35f-55cb-4636-a00c-83d34bf2d9d4: start FollowerState
2019-10-23 22:22:00,100 [Thread-1154] INFO  impl.FollowerState (FollowerState.java:run(117)) - d21ee1f1-33f6-483c-a18b-27782ce1915a@group-F043E0AED0ED-FollowerState was interrupted: java.lang.InterruptedException: sleep interrupted
2019-10-23 22:22:00,100 [grpc-default-executor-4] INFO  impl.RoleInfo (RoleInfo.java:updateAndGet(143)) - d21ee1f1-33f6-483c-a18b-27782ce1915a: start FollowerState
2019-10-23 22:22:00,100 [Thread-1153] INFO  impl.FollowerState (FollowerState.java:run(117)) - 1c51b35f-55cb-4636-a00c-83d34bf2d9d4@group-F043E0AED0ED-FollowerState was interrupted: java.lang.InterruptedException: sleep interrupted
2019-10-23 22:22:00,115 [aed1b97f-105e-4684-b087-4b6333aa3ced@group-F043E0AED0ED-LeaderElection140] INFO  impl.LeaderElection (LeaderElection.java:logAndReturn(56)) - aed1b97f-105e-4684-b087-4b6333aa3ced@group-F043E0AED0ED-LeaderElection140: Election REJECTED; received 2 response(s) [aed1b97f-105e-4684-b087-4b6333aa3ced<-1c51b35f-55cb-4636-a00c-83d34bf2d9d4#0:FAIL-t152, aed1b97f-105e-4684-b087-4b6333aa3ced<-d21ee1f1-33f6-483c-a18b-27782ce1915a#0:FAIL-t152] and 0 exception(s); aed1b97f-105e-4684-b087-4b6333aa3ced@group-F043E0AED0ED:t152, leader=null, voted=aed1b97f-105e-4684-b087-4b6333aa3ced, raftlog=aed1b97f-105e-4684-b087-4b6333aa3ced@group-F043E0AED0ED-SegmentedRaftLog:OPENED:c-1,f-1,i0, conf=-1: [aed1b97f-105e-4684-b087-4b6333aa3ced:192.168.157.195:34943, 1c51b35f-55cb-4636-a00c-83d34bf2d9d4:192.168.157.195:34693, d21ee1f1-33f6-483c-a18b-27782ce1915a:192.168.157.195:46462], old=null
2019-10-23 22:22:00,115 [aed1b97f-105e-4684-b087-4b6333aa3ced@group-F043E0AED0ED-LeaderElection140] INFO  impl.RaftServerImpl (RaftServerImpl.java:setRole(184)) - aed1b97f-105e-4684-b087-4b6333aa3ced@group-F043E0AED0ED: changes role from CANDIDATE to FOLLOWER at term 152 for DISCOVERED_A_NEW_TERM
2019-10-23 22:22:00,115 [aed1b97f-105e-4684-b087-4b6333aa3ced@group-F043E0AED0ED-LeaderElection140] INFO  impl.RoleInfo (RoleInfo.java:shutdownLeaderElection(134)) - aed1b97f-105e-4684-b087-4b6333aa3ced: shutdown LeaderElection
2019-10-23 22:22:00,115 [aed1b97f-105e-4684-b087-4b6333aa3ced@group-F043E0AED0ED-LeaderElection140] INFO  impl.RoleInfo (RoleInfo.java:updateAndGet(143)) - aed1b97f-105e-4684-b087-4b6333aa3ced: start FollowerState
2019-10-23 22:22:00,220 [Thread-1161] INFO  impl.FollowerState (FollowerState.java:run(108)) - aed1b97f-105e-4684-b087-4b6333aa3ced@group-F043E0AED0ED-FollowerState: change to CANDIDATE, lastRpcTime:104ms, electionTimeout:104ms
2019-10-23 22:22:00,220 [Thread-1161] INFO  impl.RoleInfo (RoleInfo.java:shutdownFollowerState(121)) - aed1b97f-105e-4684-b087-4b6333aa3ced: shutdown FollowerState
2019-10-23 22:22:00,220 [Thread-1161] INFO  impl.RaftServerImpl (RaftServerImpl.java:setRole(184)) - aed1b97f-105e-4684-b087-4b6333aa3ced@group-F043E0AED0ED: changes role from  FOLLOWER to CANDIDATE at term 152 for changeToCandidate
2019-10-23 22:22:00,220 [Thread-1161] INFO  impl.RoleInfo (RoleInfo.java:updateAndGet(143)) - aed1b97f-105e-4684-b087-4b6333aa3ced: start LeaderElection
2019-10-23 22:22:00,233 [aed1b97f-105e-4684-b087-4b6333aa3ced@group-F043E0AED0ED-LeaderElection141] INFO  impl.LeaderElection (LeaderElection.java:askForVotes(178)) - aed1b97f-105e-4684-b087-4b6333aa3ced@group-F043E0AED0ED-LeaderElection141: begin an election at term 153 for -1: [aed1b97f-105e-4684-b087-4b6333aa3ced:192.168.157.195:34943, 1c51b35f-55cb-4636-a00c-83d34bf2d9d4:192.168.157.195:34693, d21ee1f1-33f6-483c-a18b-27782ce1915a:192.168.157.195:46462], old=null
2019-10-23 22:22:00,235 [grpc-default-executor-4] INFO  impl.RaftServerImpl (RaftServerImpl.java:setRole(184)) - 1c51b35f-55cb-4636-a00c-83d34bf2d9d4@group-F043E0AED0ED: changes role from  FOLLOWER to FOLLOWER at term 153 for recognizeCandidate:aed1b97f-105e-4684-b087-4b6333aa3ced
2019-10-23 22:22:00,235 [grpc-default-executor-4] INFO  impl.RoleInfo (RoleInfo.java:shutdownFollowerState(121)) - 1c51b35f-55cb-4636-a00c-83d34bf2d9d4: shutdown FollowerState
2019-10-23 22:22:00,235 [grpc-default-executor-0] INFO  impl.RaftServerImpl (RaftServerImpl.java:setRole(184)) - d21ee1f1-33f6-483c-a18b-27782ce1915a@group-F043E0AED0ED: changes role from  FOLLOWER to FOLLOWER at term 153 for recognizeCandidate:aed1b97f-105e-4684-b087-4b6333aa3ced
2019-10-23 22:22:00,236 [Thread-1159] INFO  impl.FollowerState (FollowerState.java:run(117)) - 1c51b35f-55cb-4636-a00c-83d34bf2d9d4@group-F043E0AED0ED-FollowerState was interrupted: java.lang.InterruptedException: sleep interrupted
2019-10-23 22:22:00,236 [grpc-default-executor-4] INFO  impl.RoleInfo (RoleInfo.java:updateAndGet(143)) - 1c51b35f-55cb-4636-a00c-83d34bf2d9d4: start FollowerState
2019-10-23 22:22:00,236 [grpc-default-executor-0] INFO  impl.RoleInfo (RoleInfo.java:shutdownFollowerState(121)) - d21ee1f1-33f6-483c-a18b-27782ce1915a: shutdown FollowerState
2019-10-23 22:22:00,236 [grpc-default-executor-0] INFO  impl.RoleInfo (RoleInfo.java:updateAndGet(143)) - d21ee1f1-33f6-483c-a18b-27782ce1915a: start FollowerState
2019-10-23 22:22:00,236 [Thread-1160] INFO  impl.FollowerState (FollowerState.java:run(117)) - d21ee1f1-33f6-483c-a18b-27782ce1915a@group-F043E0AED0ED-FollowerState was interrupted: java.lang.InterruptedException: sleep interrupted
2019-10-23 22:22:00,251 [aed1b97f-105e-4684-b087-4b6333aa3ced@group-F043E0AED0ED-LeaderElection141] INFO  impl.LeaderElection (LeaderElection.java:logAndReturn(56)) - aed1b97f-105e-4684-b087-4b6333aa3ced@group-F043E0AED0ED-LeaderElection141: Election REJECTED; received 2 response(s) [aed1b97f-105e-4684-b087-4b6333aa3ced<-1c51b35f-55cb-4636-a00c-83d34bf2d9d4#0:FAIL-t153, aed1b97f-105e-4684-b087-4b6333aa3ced<-d21ee1f1-33f6-483c-a18b-27782ce1915a#0:FAIL-t153] and 0 exception(s); aed1b97f-105e-4684-b087-4b6333aa3ced@group-F043E0AED0ED:t153, leader=null, voted=aed1b97f-105e-4684-b087-4b6333aa3ced, raftlog=aed1b97f-105e-4684-b087-4b6333aa3ced@group-F043E0AED0ED-SegmentedRaftLog:OPENED:c-1,f-1,i0, conf=-1: [aed1b97f-105e-4684-b087-4b6333aa3ced:192.168.157.195:34943, 1c51b35f-55cb-4636-a00c-83d34bf2d9d4:192.168.157.195:34693, d21ee1f1-33f6-483c-a18b-27782ce1915a:192.168.157.195:46462], old=null
2019-10-23 22:22:00,251 [aed1b97f-105e-4684-b087-4b6333aa3ced@group-F043E0AED0ED-LeaderElection141] INFO  impl.RaftServerImpl (RaftServerImpl.java:setRole(184)) - aed1b97f-105e-4684-b087-4b6333aa3ced@group-F043E0AED0ED: changes role from CANDIDATE to FOLLOWER at term 153 for DISCOVERED_A_NEW_TERM
2019-10-23 22:22:00,251 [aed1b97f-105e-4684-b087-4b6333aa3ced@group-F043E0AED0ED-LeaderElection141] INFO  impl.RoleInfo (RoleInfo.java:shutdownLeaderElection(134)) - aed1b97f-105e-4684-b087-4b6333aa3ced: shutdown LeaderElection
2019-10-23 22:22:00,251 [aed1b97f-105e-4684-b087-4b6333aa3ced@group-F043E0AED0ED-LeaderElection141] INFO  impl.RoleInfo (RoleInfo.java:updateAndGet(143)) - aed1b97f-105e-4684-b087-4b6333aa3ced: start FollowerState
2019-10-23 22:22:00,269 [Thread-1167] INFO  impl.FollowerState (FollowerState.java:run(108)) - aed1b97f-105e-4684-b087-4b6333aa3ced@group-F043E0AED0ED-FollowerState: change to CANDIDATE, lastRpcTime:18ms, electionTimeout:18ms
2019-10-23 22:22:00,269 [Thread-1167] INFO  impl.RoleInfo (RoleInfo.java:shutdownFollowerState(121)) - aed1b97f-105e-4684-b087-4b6333aa3ced: shutdown FollowerState
2019-10-23 22:22:00,270 [Thread-1167] INFO  impl.RaftServerImpl (RaftServerImpl.java:setRole(184)) - aed1b97f-105e-4684-b087-4b6333aa3ced@group-F043E0AED0ED: changes role from  FOLLOWER to CANDIDATE at term 153 for changeToCandidate
2019-10-23 22:22:00,270 [Thread-1167] INFO  impl.RoleInfo (RoleInfo.java:updateAndGet(143)) - aed1b97f-105e-4684-b087-4b6333aa3ced: start LeaderElection
2019-10-23 22:22:00,283 [aed1b97f-105e-4684-b087-4b6333aa3ced@group-F043E0AED0ED-LeaderElection142] INFO  impl.LeaderElection (LeaderElection.java:askForVotes(178)) - aed1b97f-105e-4684-b087-4b6333aa3ced@group-F043E0AED0ED-LeaderElection142: begin an election at term 154 for -1: [aed1b97f-105e-4684-b087-4b6333aa3ced:192.168.157.195:34943, 1c51b35f-55cb-4636-a00c-83d34bf2d9d4:192.168.157.195:34693, d21ee1f1-33f6-483c-a18b-27782ce1915a:192.168.157.195:46462], old=null
2019-10-23 22:22:00,285 [grpc-default-executor-4] INFO  impl.RaftServerImpl (RaftServerImpl.java:setRole(184)) - 1c51b35f-55cb-4636-a00c-83d34bf2d9d4@group-F043E0AED0ED: changes role from  FOLLOWER to FOLLOWER at term 154 for recognizeCandidate:aed1b97f-105e-4684-b087-4b6333aa3ced
2019-10-23 22:22:00,285 [grpc-default-executor-4] INFO  impl.RoleInfo (RoleInfo.java:shutdownFollowerState(121)) - 1c51b35f-55cb-4636-a00c-83d34bf2d9d4: shutdown FollowerState
2019-10-23 22:22:00,285 [grpc-default-executor-0] INFO  impl.RaftServerImpl (RaftServerImpl.java:setRole(184)) - d21ee1f1-33f6-483c-a18b-27782ce1915a@group-F043E0AED0ED: changes role from  FOLLOWER to FOLLOWER at term 154 for recognizeCandidate:aed1b97f-105e-4684-b087-4b6333aa3ced
2019-10-23 22:22:00,285 [grpc-default-executor-4] INFO  impl.RoleInfo (RoleInfo.java:updateAndGet(143)) - 1c51b35f-55cb-4636-a00c-83d34bf2d9d4: start FollowerState
2019-10-23 22:22:00,285 [grpc-default-executor-0] INFO  impl.RoleInfo (RoleInfo.java:shutdownFollowerState(121)) - d21ee1f1-33f6-483c-a18b-27782ce1915a: shutdown FollowerState
2019-10-23 22:22:00,285 [Thread-1165] INFO  impl.FollowerState (FollowerState.java:run(117)) - 1c51b35f-55cb-4636-a00c-83d34bf2d9d4@group-F043E0AED0ED-FollowerState was interrupted: java.lang.InterruptedException: sleep interrupted
2019-10-23 22:22:00,286 [grpc-default-executor-0] INFO  impl.RoleInfo (RoleInfo.java:updateAndGet(143)) - d21ee1f1-33f6-483c-a18b-27782ce1915a: start FollowerState
2019-10-23 22:22:00,286 [Thread-1166] INFO  impl.FollowerState (FollowerState.java:run(117)) - d21ee1f1-33f6-483c-a18b-27782ce1915a@group-F043E0AED0ED-FollowerState was interrupted: java.lang.InterruptedException: sleep interrupted
2019-10-23 22:22:00,303 [aed1b97f-105e-4684-b087-4b6333aa3ced@group-F043E0AED0ED-LeaderElection142] INFO  impl.LeaderElection (LeaderElection.java:logAndReturn(56)) - aed1b97f-105e-4684-b087-4b6333aa3ced@group-F043E0AED0ED-LeaderElection142: Election REJECTED; received 2 response(s) [aed1b97f-105e-4684-b087-4b6333aa3ced<-1c51b35f-55cb-4636-a00c-83d34bf2d9d4#0:FAIL-t154, aed1b97f-105e-4684-b087-4b6333aa3ced<-d21ee1f1-33f6-483c-a18b-27782ce1915a#0:FAIL-t154] and 0 exception(s); aed1b97f-105e-4684-b087-4b6333aa3ced@group-F043E0AED0ED:t154, leader=null, voted=aed1b97f-105e-4684-b087-4b6333aa3ced, raftlog=aed1b97f-105e-4684-b087-4b6333aa3ced@group-F043E0AED0ED-SegmentedRaftLog:OPENED:c-1,f-1,i0, conf=-1: [aed1b97f-105e-4684-b087-4b6333aa3ced:192.168.157.195:34943, 1c51b35f-55cb-4636-a00c-83d34bf2d9d4:192.168.157.195:34693, d21ee1f1-33f6-483c-a18b-27782ce1915a:192.168.157.195:46462], old=null
2019-10-23 22:22:00,304 [aed1b97f-105e-4684-b087-4b6333aa3ced@group-F043E0AED0ED-LeaderElection142] INFO  impl.RaftServerImpl (RaftServerImpl.java:setRole(184)) - aed1b97f-105e-4684-b087-4b6333aa3ced@group-F043E0AED0ED: changes role from CANDIDATE to FOLLOWER at term 154 for DISCOVERED_A_NEW_TERM
2019-10-23 22:22:00,304 [aed1b97f-105e-4684-b087-4b6333aa3ced@group-F043E0AED0ED-LeaderElection142] INFO  impl.RoleInfo (RoleInfo.java:shutdownLeaderElection(134)) - aed1b97f-105e-4684-b087-4b6333aa3ced: shutdown LeaderElection
2019-10-23 22:22:00,304 [aed1b97f-105e-4684-b087-4b6333aa3ced@group-F043E0AED0ED-LeaderElection142] INFO  impl.RoleInfo (RoleInfo.java:updateAndGet(143)) - aed1b97f-105e-4684-b087-4b6333aa3ced: start FollowerState
2019-10-23 22:22:00,414 [Thread-1173] INFO  impl.FollowerState (FollowerState.java:run(108)) - aed1b97f-105e-4684-b087-4b6333aa3ced@group-F043E0AED0ED-FollowerState: change to CANDIDATE, lastRpcTime:110ms, electionTimeout:110ms
2019-10-23 22:22:00,414 [Thread-1173] INFO  impl.RoleInfo (RoleInfo.java:shutdownFollowerState(121)) - aed1b97f-105e-4684-b087-4b6333aa3ced: shutdown FollowerState
2019-10-23 22:22:00,414 [Thread-1173] INFO  impl.RaftServerImpl (RaftServerImpl.java:setRole(184)) - aed1b97f-105e-4684-b087-4b6333aa3ced@group-F043E0AED0ED: changes role from  FOLLOWER to CANDIDATE at term 154 for changeToCandidate
2019-10-23 22:22:00,415 [Thread-1173] INFO  impl.RoleInfo (RoleInfo.java:updateAndGet(143)) - aed1b97f-105e-4684-b087-4b6333aa3ced: start LeaderElection
2019-10-23 22:22:00,440 [aed1b97f-105e-4684-b087-4b6333aa3ced@group-F043E0AED0ED-LeaderElection143] INFO  impl.LeaderElection (LeaderElection.java:askForVotes(178)) - aed1b97f-105e-4684-b087-4b6333aa3ced@group-F043E0AED0ED-LeaderElection143: begin an election at term 155 for -1: [aed1b97f-105e-4684-b087-4b6333aa3ced:192.168.157.195:34943, 1c51b35f-55cb-4636-a00c-83d34bf2d9d4:192.168.157.195:34693, d21ee1f1-33f6-483c-a18b-27782ce1915a:192.168.157.195:46462], old=null
2019-10-23 22:22:00,442 [grpc-default-executor-0] INFO  impl.RaftServerImpl (RaftServerImpl.java:setRole(184)) - 1c51b35f-55cb-4636-a00c-83d34bf2d9d4@group-F043E0AED0ED: changes role from  FOLLOWER to FOLLOWER at term 155 for recognizeCandidate:aed1b97f-105e-4684-b087-4b6333aa3ced
2019-10-23 22:22:00,442 [grpc-default-executor-0] INFO  impl.RoleInfo (RoleInfo.java:shutdownFollowerState(121)) - 1c51b35f-55cb-4636-a00c-83d34bf2d9d4: shutdown FollowerState
2019-10-23 22:22:00,442 [grpc-default-executor-0] INFO  impl.RoleInfo (RoleInfo.java:updateAndGet(143)) - 1c51b35f-55cb-4636-a00c-83d34bf2d9d4: start FollowerState
2019-10-23 22:22:00,442 [Thread-1171] INFO  impl.FollowerState (FollowerState.java:run(117)) - 1c51b35f-55cb-4636-a00c-83d34bf2d9d4@group-F043E0AED0ED-FollowerState was interrupted: java.lang.InterruptedException: sleep interrupted
2019-10-23 22:22:00,442 [grpc-default-executor-4] INFO  impl.RaftServerImpl (RaftServerImpl.java:setRole(184)) - d21ee1f1-33f6-483c-a18b-27782ce1915a@group-F043E0AED0ED: changes role from  FOLLOWER to FOLLOWER at term 155 for recognizeCandidate:aed1b97f-105e-4684-b087-4b6333aa3ced
2019-10-23 22:22:00,442 [grpc-default-executor-4] INFO  impl.RoleInfo (RoleInfo.java:shutdownFollowerState(121)) - d21ee1f1-33f6-483c-a18b-27782ce1915a: shutdown FollowerState
2019-10-23 22:22:00,443 [grpc-default-executor-4] INFO  impl.RoleInfo (RoleInfo.java:updateAndGet(143)) - d21ee1f1-33f6-483c-a18b-27782ce1915a: start FollowerState
2019-10-23 22:22:00,443 [Thread-1172] INFO  impl.FollowerState (FollowerState.java:run(117)) - d21ee1f1-33f6-483c-a18b-27782ce1915a@group-F043E0AED0ED-FollowerState was interrupted: java.lang.InterruptedException: sleep interrupted
2019-10-23 22:22:00,457 [aed1b97f-105e-4684-b087-4b6333aa3ced@group-F043E0AED0ED-LeaderElection143] INFO  impl.LeaderElection (LeaderElection.java:logAndReturn(56)) - aed1b97f-105e-4684-b087-4b6333aa3ced@group-F043E0AED0ED-LeaderElection143: Election REJECTED; received 2 response(s) [aed1b97f-105e-4684-b087-4b6333aa3ced<-1c51b35f-55cb-4636-a00c-83d34bf2d9d4#0:FAIL-t155, aed1b97f-105e-4684-b087-4b6333aa3ced<-d21ee1f1-33f6-483c-a18b-27782ce1915a#0:FAIL-t155] and 0 exception(s); aed1b97f-105e-4684-b087-4b6333aa3ced@group-F043E0AED0ED:t155, leader=null, voted=aed1b97f-105e-4684-b087-4b6333aa3ced, raftlog=aed1b97f-105e-4684-b087-4b6333aa3ced@group-F043E0AED0ED-SegmentedRaftLog:OPENED:c-1,f-1,i0, conf=-1: [aed1b97f-105e-4684-b087-4b6333aa3ced:192.168.157.195:34943, 1c51b35f-55cb-4636-a00c-83d34bf2d9d4:192.168.157.195:34693, d21ee1f1-33f6-483c-a18b-27782ce1915a:192.168.157.195:46462], old=null
2019-10-23 22:22:00,457 [aed1b97f-105e-4684-b087-4b6333aa3ced@group-F043E0AED0ED-LeaderElection143] INFO  impl.RaftServerImpl (RaftServerImpl.java:setRole(184)) - aed1b97f-105e-4684-b087-4b6333aa3ced@group-F043E0AED0ED: changes role from CANDIDATE to FOLLOWER at term 155 for DISCOVERED_A_NEW_TERM
2019-10-23 22:22:00,457 [aed1b97f-105e-4684-b087-4b6333aa3ced@group-F043E0AED0ED-LeaderElection143] INFO  impl.RoleInfo (RoleInfo.java:shutdownLeaderElection(134)) - aed1b97f-105e-4684-b087-4b6333aa3ced: shutdown LeaderElection
2019-10-23 22:22:00,457 [aed1b97f-105e-4684-b087-4b6333aa3ced@group-F043E0AED0ED-LeaderElection143] INFO  impl.RoleInfo (RoleInfo.java:updateAndGet(143)) - aed1b97f-105e-4684-b087-4b6333aa3ced: start FollowerState
2019-10-23 22:22:00,477 [Thread-1179] INFO  impl.FollowerState (FollowerState.java:run(108)) - aed1b97f-105e-4684-b087-4b6333aa3ced@group-F043E0AED0ED-FollowerState: change to CANDIDATE, lastRpcTime:19ms, electionTimeout:19ms
2019-10-23 22:22:00,477 [Thread-1179] INFO  impl.RoleInfo (RoleInfo.java:shutdownFollowerState(121)) - aed1b97f-105e-4684-b087-4b6333aa3ced: shutdown FollowerState
2019-10-23 22:22:00,477 [Thread-1179] INFO  impl.RaftServerImpl (RaftServerImpl.java:setRole(184)) - aed1b97f-105e-4684-b087-4b6333aa3ced@group-F043E0AED0ED: changes role from  FOLLOWER to CANDIDATE at term 155 for changeToCandidate
2019-10-23 22:22:00,477 [Thread-1179] INFO  impl.RoleInfo (RoleInfo.java:updateAndGet(143)) - aed1b97f-105e-4684-b087-4b6333aa3ced: start LeaderElection
2019-10-23 22:22:00,491 [aed1b97f-105e-4684-b087-4b6333aa3ced@group-F043E0AED0ED-LeaderElection144] INFO  impl.LeaderElection (LeaderElection.java:askForVotes(178)) - aed1b97f-105e-4684-b087-4b6333aa3ced@group-F043E0AED0ED-LeaderElection144: begin an election at term 156 for -1: [aed1b97f-105e-4684-b087-4b6333aa3ced:192.168.157.195:34943, 1c51b35f-55cb-4636-a00c-83d34bf2d9d4:192.168.157.195:34693, d21ee1f1-33f6-483c-a18b-27782ce1915a:192.168.157.195:46462], old=null
2019-10-23 22:22:00,494 [grpc-default-executor-4] INFO  impl.RaftServerImpl (RaftServerImpl.java:setRole(184)) - 1c51b35f-55cb-4636-a00c-83d34bf2d9d4@group-F043E0AED0ED: changes role from  FOLLOWER to FOLLOWER at term 156 for recognizeCandidate:aed1b97f-105e-4684-b087-4b6333aa3ced
2019-10-23 22:22:00,494 [grpc-default-executor-4] INFO  impl.RoleInfo (RoleInfo.java:shutdownFollowerState(121)) - 1c51b35f-55cb-4636-a00c-83d34bf2d9d4: shutdown FollowerState
2019-10-23 22:22:00,494 [grpc-default-executor-4] INFO  impl.RoleInfo (RoleInfo.java:updateAndGet(143)) - 1c51b35f-55cb-4636-a00c-83d34bf2d9d4: start FollowerState
2019-10-23 22:22:00,494 [Thread-1177] INFO  impl.FollowerState (FollowerState.java:run(117)) - 1c51b35f-55cb-4636-a00c-83d34bf2d9d4@group-F043E0AED0ED-FollowerState was interrupted: java.lang.InterruptedException: sleep interrupted
2019-10-23 22:22:00,494 [grpc-default-executor-0] INFO  impl.RaftServerImpl (RaftServerImpl.java:setRole(184)) - d21ee1f1-33f6-483c-a18b-27782ce1915a@group-F043E0AED0ED: changes role from  FOLLOWER to FOLLOWER at term 156 for recognizeCandidate:aed1b97f-105e-4684-b087-4b6333aa3ced
2019-10-23 22:22:00,495 [grpc-default-executor-0] INFO  impl.RoleInfo (RoleInfo.java:shutdownFollowerState(121)) - d21ee1f1-33f6-483c-a18b-27782ce1915a: shutdown FollowerState
2019-10-23 22:22:00,495 [grpc-default-executor-0] INFO  impl.RoleInfo (RoleInfo.java:updateAndGet(143)) - d21ee1f1-33f6-483c-a18b-27782ce1915a: start FollowerState
2019-10-23 22:22:00,495 [Thread-1178] INFO  impl.FollowerState (FollowerState.java:run(117)) - d21ee1f1-33f6-483c-a18b-27782ce1915a@group-F043E0AED0ED-FollowerState was interrupted: java.lang.InterruptedException: sleep interrupted
2019-10-23 22:22:00,502 [aed1b97f-105e-4684-b087-4b6333aa3ced@group-F043E0AED0ED-LeaderElection144] INFO  impl.LeaderElection (LeaderElection.java:logAndReturn(56)) - aed1b97f-105e-4684-b087-4b6333aa3ced@group-F043E0AED0ED-LeaderElection144: Election TIMEOUT; received 0 response(s) [] and 0 exception(s); aed1b97f-105e-4684-b087-4b6333aa3ced@group-F043E0AED0ED:t156, leader=null, voted=aed1b97f-105e-4684-b087-4b6333aa3ced, raftlog=aed1b97f-105e-4684-b087-4b6333aa3ced@group-F043E0AED0ED-SegmentedRaftLog:OPENED:c-1,f-1,i0, conf=-1: [aed1b97f-105e-4684-b087-4b6333aa3ced:192.168.157.195:34943, 1c51b35f-55cb-4636-a00c-83d34bf2d9d4:192.168.157.195:34693, d21ee1f1-33f6-483c-a18b-27782ce1915a:192.168.157.195:46462], old=null
2019-10-23 22:22:00,509 [aed1b97f-105e-4684-b087-4b6333aa3ced@group-F043E0AED0ED-LeaderElection144] INFO  impl.LeaderElection (LeaderElection.java:askForVotes(178)) - aed1b97f-105e-4684-b087-4b6333aa3ced@group-F043E0AED0ED-LeaderElection144: begin an election at term 157 for -1: [aed1b97f-105e-4684-b087-4b6333aa3ced:192.168.157.195:34943, 1c51b35f-55cb-4636-a00c-83d34bf2d9d4:192.168.157.195:34693, d21ee1f1-33f6-483c-a18b-27782ce1915a:192.168.157.195:46462], old=null
2019-10-23 22:22:00,512 [grpc-default-executor-0] INFO  impl.RaftServerImpl (RaftServerImpl.java:setRole(184)) - 1c51b35f-55cb-4636-a00c-83d34bf2d9d4@group-F043E0AED0ED: changes role from  FOLLOWER to FOLLOWER at term 157 for recognizeCandidate:aed1b97f-105e-4684-b087-4b6333aa3ced
2019-10-23 22:22:00,512 [grpc-default-executor-0] INFO  impl.RoleInfo (RoleInfo.java:shutdownFollowerState(121)) - 1c51b35f-55cb-4636-a00c-83d34bf2d9d4: shutdown FollowerState
2019-10-23 22:22:00,512 [grpc-default-executor-0] INFO  impl.RoleInfo (RoleInfo.java:updateAndGet(143)) - 1c51b35f-55cb-4636-a00c-83d34bf2d9d4: start FollowerState
2019-10-23 22:22:00,512 [Thread-1183] INFO  impl.FollowerState (FollowerState.java:run(117)) - 1c51b35f-55cb-4636-a00c-83d34bf2d9d4@group-F043E0AED0ED-FollowerState was interrupted: java.lang.InterruptedException: sleep interrupted
2019-10-23 22:22:00,513 [grpc-default-executor-4] INFO  impl.RaftServerImpl (RaftServerImpl.java:setRole(184)) - d21ee1f1-33f6-483c-a18b-27782ce1915a@group-F043E0AED0ED: changes role from  FOLLOWER to FOLLOWER at term 157 for recognizeCandidate:aed1b97f-105e-4684-b087-4b6333aa3ced
2019-10-23 22:22:00,513 [grpc-default-executor-4] INFO  impl.RoleInfo (RoleInfo.java:shutdownFollowerState(121)) - d21ee1f1-33f6-483c-a18b-27782ce1915a: shutdown FollowerState
2019-10-23 22:22:00,513 [grpc-default-executor-4] INFO  impl.RoleInfo (RoleInfo.java:updateAndGet(143)) - d21ee1f1-33f6-483c-a18b-27782ce1915a: start FollowerState
2019-10-23 22:22:00,513 [Thread-1184] INFO  impl.FollowerState (FollowerState.java:run(117)) - d21ee1f1-33f6-483c-a18b-27782ce1915a@group-F043E0AED0ED-FollowerState was interrupted: java.lang.InterruptedException: sleep interrupted
2019-10-23 22:22:00,518 [aed1b97f-105e-4684-b087-4b6333aa3ced@group-F043E0AED0ED-LeaderElection144] INFO  impl.LeaderElection (LeaderElection.java:logAndReturn(56)) - aed1b97f-105e-4684-b087-4b6333aa3ced@group-F043E0AED0ED-LeaderElection144: Election TIMEOUT; received 0 response(s) [] and 0 exception(s); aed1b97f-105e-4684-b087-4b6333aa3ced@group-F043E0AED0ED:t157, leader=null, voted=aed1b97f-105e-4684-b087-4b6333aa3ced, raftlog=aed1b97f-105e-4684-b087-4b6333aa3ced@group-F043E0AED0ED-SegmentedRaftLog:OPENED:c-1,f-1,i0, conf=-1: [aed1b97f-105e-4684-b087-4b6333aa3ced:192.168.157.195:34943, 1c51b35f-55cb-4636-a00c-83d34bf2d9d4:192.168.157.195:34693, d21ee1f1-33f6-483c-a18b-27782ce1915a:192.168.157.195:46462], old=null
2019-10-23 22:22:00,527 [aed1b97f-105e-4684-b087-4b6333aa3ced@group-F043E0AED0ED-LeaderElection144] INFO  impl.LeaderElection (LeaderElection.java:askForVotes(178)) - aed1b97f-105e-4684-b087-4b6333aa3ced@group-F043E0AED0ED-LeaderElection144: begin an election at term 158 for -1: [aed1b97f-105e-4684-b087-4b6333aa3ced:192.168.157.195:34943, 1c51b35f-55cb-4636-a00c-83d34bf2d9d4:192.168.157.195:34693, d21ee1f1-33f6-483c-a18b-27782ce1915a:192.168.157.195:46462], old=null
2019-10-23 22:22:00,529 [grpc-default-executor-0] INFO  impl.RaftServerImpl (RaftServerImpl.java:setRole(184)) - 1c51b35f-55cb-4636-a00c-83d34bf2d9d4@group-F043E0AED0ED: changes role from  FOLLOWER to FOLLOWER at term 158 for recognizeCandidate:aed1b97f-105e-4684-b087-4b6333aa3ced
2019-10-23 22:22:00,529 [grpc-default-executor-0] INFO  impl.RoleInfo (RoleInfo.java:shutdownFollowerState(121)) - 1c51b35f-55cb-4636-a00c-83d34bf2d9d4: shutdown FollowerState
2019-10-23 22:22:00,530 [grpc-default-executor-0] INFO  impl.RoleInfo (RoleInfo.java:updateAndGet(143)) - 1c51b35f-55cb-4636-a00c-83d34bf2d9d4: start FollowerState
2019-10-23 22:22:00,530 [Thread-1187] INFO  impl.FollowerState (FollowerState.java:run(117)) - 1c51b35f-55cb-4636-a00c-83d34bf2d9d4@group-F043E0AED0ED-FollowerState was interrupted: java.lang.InterruptedException: sleep interrupted
2019-10-23 22:22:00,530 [grpc-default-executor-4] INFO  impl.RaftServerImpl (RaftServerImpl.java:setRole(184)) - d21ee1f1-33f6-483c-a18b-27782ce1915a@group-F043E0AED0ED: changes role from  FOLLOWER to FOLLOWER at term 158 for recognizeCandidate:aed1b97f-105e-4684-b087-4b6333aa3ced
2019-10-23 22:22:00,530 [grpc-default-executor-4] INFO  impl.RoleInfo (RoleInfo.java:shutdownFollowerState(121)) - d21ee1f1-33f6-483c-a18b-27782ce1915a: shutdown FollowerState
2019-10-23 22:22:00,530 [grpc-default-executor-4] INFO  impl.RoleInfo (RoleInfo.java:updateAndGet(143)) - d21ee1f1-33f6-483c-a18b-27782ce1915a: start FollowerState
2019-10-23 22:22:00,531 [Thread-1188] INFO  impl.FollowerState (FollowerState.java:run(117)) - d21ee1f1-33f6-483c-a18b-27782ce1915a@group-F043E0AED0ED-FollowerState was interrupted: java.lang.InterruptedException: sleep interrupted
2019-10-23 22:22:00,544 [aed1b97f-105e-4684-b087-4b6333aa3ced@group-F043E0AED0ED-LeaderElection144] INFO  impl.LeaderElection (LeaderElection.java:logAndReturn(56)) - aed1b97f-105e-4684-b087-4b6333aa3ced@group-F043E0AED0ED-LeaderElection144: Election REJECTED; received 2 response(s) [aed1b97f-105e-4684-b087-4b6333aa3ced<-1c51b35f-55cb-4636-a00c-83d34bf2d9d4#0:FAIL-t158, aed1b97f-105e-4684-b087-4b6333aa3ced<-d21ee1f1-33f6-483c-a18b-27782ce1915a#0:FAIL-t158] and 0 exception(s); aed1b97f-105e-4684-b087-4b6333aa3ced@group-F043E0AED0ED:t158, leader=null, voted=aed1b97f-105e-4684-b087-4b6333aa3ced, raftlog=aed1b97f-105e-4684-b087-4b6333aa3ced@group-F043E0AED0ED-SegmentedRaftLog:OPENED:c-1,f-1,i0, conf=-1: [aed1b97f-105e-4684-b087-4b6333aa3ced:192.168.157.195:34943, 1c51b35f-55cb-4636-a00c-83d34bf2d9d4:192.168.157.195:34693, d21ee1f1-33f6-483c-a18b-27782ce1915a:192.168.157.195:46462], old=null
2019-10-23 22:22:00,544 [aed1b97f-105e-4684-b087-4b6333aa3ced@group-F043E0AED0ED-LeaderElection144] INFO  impl.RaftServerImpl (RaftServerImpl.java:setRole(184)) - aed1b97f-105e-4684-b087-4b6333aa3ced@group-F043E0AED0ED: changes role from CANDIDATE to FOLLOWER at term 158 for DISCOVERED_A_NEW_TERM
2019-10-23 22:22:00,545 [aed1b97f-105e-4684-b087-4b6333aa3ced@group-F043E0AED0ED-LeaderElection144] INFO  impl.RoleInfo (RoleInfo.java:shutdownLeaderElection(134)) - aed1b97f-105e-4684-b087-4b6333aa3ced: shutdown LeaderElection
2019-10-23 22:22:00,545 [aed1b97f-105e-4684-b087-4b6333aa3ced@group-F043E0AED0ED-LeaderElection144] INFO  impl.RoleInfo (RoleInfo.java:updateAndGet(143)) - aed1b97f-105e-4684-b087-4b6333aa3ced: start FollowerState
2019-10-23 22:22:00,740 [Thread-1193] INFO  impl.FollowerState (FollowerState.java:run(108)) - aed1b97f-105e-4684-b087-4b6333aa3ced@group-F043E0AED0ED-FollowerState: change to CANDIDATE, lastRpcTime:195ms, electionTimeout:195ms
2019-10-23 22:22:00,741 [Thread-1193] INFO  impl.RoleInfo (RoleInfo.java:shutdownFollowerState(121)) - aed1b97f-105e-4684-b087-4b6333aa3ced: shutdown FollowerState
2019-10-23 22:22:00,741 [Thread-1193] INFO  impl.RaftServerImpl (RaftServerImpl.java:setRole(184)) - aed1b97f-105e-4684-b087-4b6333aa3ced@group-F043E0AED0ED: changes role from  FOLLOWER to CANDIDATE at term 158 for changeToCandidate
2019-10-23 22:22:00,741 [Thread-1193] INFO  impl.RoleInfo (RoleInfo.java:updateAndGet(143)) - aed1b97f-105e-4684-b087-4b6333aa3ced: start LeaderElection
2019-10-23 22:22:00,755 [aed1b97f-105e-4684-b087-4b6333aa3ced@group-F043E0AED0ED-LeaderElection145] INFO  impl.LeaderElection (LeaderElection.java:askForVotes(178)) - aed1b97f-105e-4684-b087-4b6333aa3ced@group-F043E0AED0ED-LeaderElection145: begin an election at term 159 for -1: [aed1b97f-105e-4684-b087-4b6333aa3ced:192.168.157.195:34943, 1c51b35f-55cb-4636-a00c-83d34bf2d9d4:192.168.157.195:34693, d21ee1f1-33f6-483c-a18b-27782ce1915a:192.168.157.195:46462], old=null
2019-10-23 22:22:00,759 [grpc-default-executor-4] INFO  impl.RaftServerImpl (RaftServerImpl.java:setRole(184)) - d21ee1f1-33f6-483c-a18b-27782ce1915a@group-F043E0AED0ED: changes role from  FOLLOWER to FOLLOWER at term 159 for recognizeCandidate:aed1b97f-105e-4684-b087-4b6333aa3ced
2019-10-23 22:22:00,759 [grpc-default-executor-0] INFO  impl.RaftServerImpl (RaftServerImpl.java:setRole(184)) - 1c51b35f-55cb-4636-a00c-83d34bf2d9d4@group-F043E0AED0ED: changes role from  FOLLOWER to FOLLOWER at term 159 for recognizeCandidate:aed1b97f-105e-4684-b087-4b6333aa3ced
2019-10-23 22:22:00,759 [grpc-default-executor-0] INFO  impl.RoleInfo (RoleInfo.java:shutdownFollowerState(121)) - 1c51b35f-55cb-4636-a00c-83d34bf2d9d4: shutdown FollowerState
2019-10-23 22:22:00,759 [grpc-default-executor-4] INFO  impl.RoleInfo (RoleInfo.java:shutdownFollowerState(121)) - d21ee1f1-33f6-483c-a18b-27782ce1915a: shutdown FollowerState
2019-10-23 22:22:00,759 [grpc-default-executor-0] INFO  impl.RoleInfo (RoleInfo.java:updateAndGet(143)) - 1c51b35f-55cb-4636-a00c-83d34bf2d9d4: start FollowerState
2019-10-23 22:22:00,760 [Thread-1191] INFO  impl.FollowerState (FollowerState.java:run(117)) - 1c51b35f-55cb-4636-a00c-83d34bf2d9d4@group-F043E0AED0ED-FollowerState was interrupted: java.lang.InterruptedException: sleep interrupted
2019-10-23 22:22:00,760 [grpc-default-executor-4] INFO  impl.RoleInfo (RoleInfo.java:updateAndGet(143)) - d21ee1f1-33f6-483c-a18b-27782ce1915a: start FollowerState
2019-10-23 22:22:00,760 [Thread-1192] INFO  impl.FollowerState (FollowerState.java:run(117)) - d21ee1f1-33f6-483c-a18b-27782ce1915a@group-F043E0AED0ED-FollowerState was interrupted: java.lang.InterruptedException: sleep interrupted
2019-10-23 22:22:00,775 [aed1b97f-105e-4684-b087-4b6333aa3ced@group-F043E0AED0ED-LeaderElection145] INFO  impl.LeaderElection (LeaderElection.java:logAndReturn(56)) - aed1b97f-105e-4684-b087-4b6333aa3ced@group-F043E0AED0ED-LeaderElection145: Election REJECTED; received 2 response(s) [aed1b97f-105e-4684-b087-4b6333aa3ced<-1c51b35f-55cb-4636-a00c-83d34bf2d9d4#0:FAIL-t159, aed1b97f-105e-4684-b087-4b6333aa3ced<-d21ee1f1-33f6-483c-a18b-27782ce1915a#0:FAIL-t159] and 0 exception(s); aed1b97f-105e-4684-b087-4b6333aa3ced@group-F043E0AED0ED:t159, leader=null, voted=aed1b97f-105e-4684-b087-4b6333aa3ced, raftlog=aed1b97f-105e-4684-b087-4b6333aa3ced@group-F043E0AED0ED-SegmentedRaftLog:OPENED:c-1,f-1,i0, conf=-1: [aed1b97f-105e-4684-b087-4b6333aa3ced:192.168.157.195:34943, 1c51b35f-55cb-4636-a00c-83d34bf2d9d4:192.168.157.195:34693, d21ee1f1-33f6-483c-a18b-27782ce1915a:192.168.157.195:46462], old=null
2019-10-23 22:22:00,775 [aed1b97f-105e-4684-b087-4b6333aa3ced@group-F043E0AED0ED-LeaderElection145] INFO  impl.RaftServerImpl (RaftServerImpl.java:setRole(184)) - aed1b97f-105e-4684-b087-4b6333aa3ced@group-F043E0AED0ED: changes role from CANDIDATE to FOLLOWER at term 159 for DISCOVERED_A_NEW_TERM
2019-10-23 22:22:00,775 [aed1b97f-105e-4684-b087-4b6333aa3ced@group-F043E0AED0ED-LeaderElection145] INFO  impl.RoleInfo (RoleInfo.java:shutdownLeaderElection(134)) - aed1b97f-105e-4684-b087-4b6333aa3ced: shutdown LeaderElection
2019-10-23 22:22:00,775 [aed1b97f-105e-4684-b087-4b6333aa3ced@group-F043E0AED0ED-LeaderElection145] INFO  impl.RoleInfo (RoleInfo.java:updateAndGet(143)) - aed1b97f-105e-4684-b087-4b6333aa3ced: start FollowerState
2019-10-23 22:22:00,966 [Thread-1199] INFO  impl.FollowerState (FollowerState.java:run(108)) - aed1b97f-105e-4684-b087-4b6333aa3ced@group-F043E0AED0ED-FollowerState: change to CANDIDATE, lastRpcTime:190ms, electionTimeout:190ms
2019-10-23 22:22:00,966 [Thread-1199] INFO  impl.RoleInfo (RoleInfo.java:shutdownFollowerState(121)) - aed1b97f-105e-4684-b087-4b6333aa3ced: shutdown FollowerState
2019-10-23 22:22:00,966 [Thread-1199] INFO  impl.RaftServerImpl (RaftServerImpl.java:setRole(184)) - aed1b97f-105e-4684-b087-4b6333aa3ced@group-F043E0AED0ED: changes role from  FOLLOWER to CANDIDATE at term 159 for changeToCandidate
2019-10-23 22:22:00,966 [Thread-1199] INFO  impl.RoleInfo (RoleInfo.java:updateAndGet(143)) - aed1b97f-105e-4684-b087-4b6333aa3ced: start LeaderElection
2019-10-23 22:22:00,992 [aed1b97f-105e-4684-b087-4b6333aa3ced@group-F043E0AED0ED-LeaderElection146] INFO  impl.LeaderElection (LeaderElection.java:askForVotes(178)) - aed1b97f-105e-4684-b087-4b6333aa3ced@group-F043E0AED0ED-LeaderElection146: begin an election at term 160 for -1: [aed1b97f-105e-4684-b087-4b6333aa3ced:192.168.157.195:34943, 1c51b35f-55cb-4636-a00c-83d34bf2d9d4:192.168.157.195:34693, d21ee1f1-33f6-483c-a18b-27782ce1915a:192.168.157.195:46462], old=null
2019-10-23 22:22:00,994 [grpc-default-executor-4] INFO  impl.RaftServerImpl (RaftServerImpl.java:setRole(184)) - 1c51b35f-55cb-4636-a00c-83d34bf2d9d4@group-F043E0AED0ED: changes role from  FOLLOWER to FOLLOWER at term 160 for recognizeCandidate:aed1b97f-105e-4684-b087-4b6333aa3ced
2019-10-23 22:22:00,994 [grpc-default-executor-4] INFO  impl.RoleInfo (RoleInfo.java:shutdownFollowerState(121)) - 1c51b35f-55cb-4636-a00c-83d34bf2d9d4: shutdown FollowerState
2019-10-23 22:22:00,995 [grpc-default-executor-0] INFO  impl.RaftServerImpl (RaftServerImpl.java:setRole(184)) - d21ee1f1-33f6-483c-a18b-27782ce1915a@group-F043E0AED0ED: changes role from  FOLLOWER to FOLLOWER at term 160 for recognizeCandidate:aed1b97f-105e-4684-b087-4b6333aa3ced
2019-10-23 22:22:00,995 [grpc-default-executor-0] INFO  impl.RoleInfo (RoleInfo.java:shutdownFollowerState(121)) - d21ee1f1-33f6-483c-a18b-27782ce1915a: shutdown FollowerState
2019-10-23 22:22:00,995 [Thread-1197] INFO  impl.FollowerState (FollowerState.java:run(117)) - 1c51b35f-55cb-4636-a00c-83d34bf2d9d4@group-F043E0AED0ED-FollowerState was interrupted: java.lang.InterruptedException: sleep interrupted
2019-10-23 22:22:00,995 [grpc-default-executor-4] INFO  impl.RoleInfo (RoleInfo.java:updateAndGet(143)) - 1c51b35f-55cb-4636-a00c-83d34bf2d9d4: start FollowerState
2019-10-23 22:22:00,995 [Thread-1198] INFO  impl.FollowerState (FollowerState.java:run(117)) - d21ee1f1-33f6-483c-a18b-27782ce1915a@group-F043E0AED0ED-FollowerState was interrupted: java.lang.InterruptedException: sleep interrupted
2019-10-23 22:22:00,995 [grpc-default-executor-0] INFO  impl.RoleInfo (RoleInfo.java:updateAndGet(143)) - d21ee1f1-33f6-483c-a18b-27782ce1915a: start FollowerState
2019-10-23 22:22:01,010 [aed1b97f-105e-4684-b087-4b6333aa3ced@group-F043E0AED0ED-LeaderElection146] INFO  impl.LeaderElection (LeaderElection.java:logAndReturn(56)) - aed1b97f-105e-4684-b087-4b6333aa3ced@group-F043E0AED0ED-LeaderElection146: Election REJECTED; received 2 response(s) [aed1b97f-105e-4684-b087-4b6333aa3ced<-1c51b35f-55cb-4636-a00c-83d34bf2d9d4#0:FAIL-t160, aed1b97f-105e-4684-b087-4b6333aa3ced<-d21ee1f1-33f6-483c-a18b-27782ce1915a#0:FAIL-t160] and 0 exception(s); aed1b97f-105e-4684-b087-4b6333aa3ced@group-F043E0AED0ED:t160, leader=null, voted=aed1b97f-105e-4684-b087-4b6333aa3ced, raftlog=aed1b97f-105e-4684-b087-4b6333aa3ced@group-F043E0AED0ED-SegmentedRaftLog:OPENED:c-1,f-1,i0, conf=-1: [aed1b97f-105e-4684-b087-4b6333aa3ced:192.168.157.195:34943, 1c51b35f-55cb-4636-a00c-83d34bf2d9d4:192.168.157.195:34693, d21ee1f1-33f6-483c-a18b-27782ce1915a:192.168.157.195:46462], old=null
2019-10-23 22:22:01,010 [aed1b97f-105e-4684-b087-4b6333aa3ced@group-F043E0AED0ED-LeaderElection146] INFO  impl.RaftServerImpl (RaftServerImpl.java:setRole(184)) - aed1b97f-105e-4684-b087-4b6333aa3ced@group-F043E0AED0ED: changes role from CANDIDATE to FOLLOWER at term 160 for DISCOVERED_A_NEW_TERM
2019-10-23 22:22:01,010 [aed1b97f-105e-4684-b087-4b6333aa3ced@group-F043E0AED0ED-LeaderElection146] INFO  impl.RoleInfo (RoleInfo.java:shutdownLeaderElection(134)) - aed1b97f-105e-4684-b087-4b6333aa3ced: shutdown LeaderElection
2019-10-23 22:22:01,011 [aed1b97f-105e-4684-b087-4b6333aa3ced@group-F043E0AED0ED-LeaderElection146] INFO  impl.RoleInfo (RoleInfo.java:updateAndGet(143)) - aed1b97f-105e-4684-b087-4b6333aa3ced: start FollowerState
2019-10-23 22:22:01,090 [Thread-1205] INFO  impl.FollowerState (FollowerState.java:run(108)) - aed1b97f-105e-4684-b087-4b6333aa3ced@group-F043E0AED0ED-FollowerState: change to CANDIDATE, lastRpcTime:79ms, electionTimeout:79ms
2019-10-23 22:22:01,090 [Thread-1205] INFO  impl.RoleInfo (RoleInfo.java:shutdownFollowerState(121)) - aed1b97f-105e-4684-b087-4b6333aa3ced: shutdown FollowerState
2019-10-23 22:22:01,091 [Thread-1205] INFO  impl.RaftServerImpl (RaftServerImpl.java:setRole(184)) - aed1b97f-105e-4684-b087-4b6333aa3ced@group-F043E0AED0ED: changes role from  FOLLOWER to CANDIDATE at term 160 for changeToCandidate
2019-10-23 22:22:01,091 [Thread-1205] INFO  impl.RoleInfo (RoleInfo.java:updateAndGet(143)) - aed1b97f-105e-4684-b087-4b6333aa3ced: start LeaderElection
2019-10-23 22:22:01,105 [aed1b97f-105e-4684-b087-4b6333aa3ced@group-F043E0AED0ED-LeaderElection147] INFO  impl.LeaderElection (LeaderElection.java:askForVotes(178)) - aed1b97f-105e-4684-b087-4b6333aa3ced@group-F043E0AED0ED-LeaderElection147: begin an election at term 161 for -1: [aed1b97f-105e-4684-b087-4b6333aa3ced:192.168.157.195:34943, 1c51b35f-55cb-4636-a00c-83d34bf2d9d4:192.168.157.195:34693, d21ee1f1-33f6-483c-a18b-27782ce1915a:192.168.157.195:46462], old=null
2019-10-23 22:22:01,108 [grpc-default-executor-0] INFO  impl.RaftServerImpl (RaftServerImpl.java:setRole(184)) - 1c51b35f-55cb-4636-a00c-83d34bf2d9d4@group-F043E0AED0ED: changes role from  FOLLOWER to FOLLOWER at term 161 for recognizeCandidate:aed1b97f-105e-4684-b087-4b6333aa3ced
2019-10-23 22:22:01,108 [grpc-default-executor-4] INFO  impl.RaftServerImpl (RaftServerImpl.java:setRole(184)) - d21ee1f1-33f6-483c-a18b-27782ce1915a@group-F043E0AED0ED: changes role from  FOLLOWER to FOLLOWER at term 161 for recognizeCandidate:aed1b97f-105e-4684-b087-4b6333aa3ced
2019-10-23 22:22:01,109 [grpc-default-executor-4] INFO  impl.RoleInfo (RoleInfo.java:shutdownFollowerState(121)) - d21ee1f1-33f6-483c-a18b-27782ce1915a: shutdown FollowerState
2019-10-23 22:22:01,108 [grpc-default-executor-0] INFO  impl.RoleInfo (RoleInfo.java:shutdownFollowerState(121)) - 1c51b35f-55cb-4636-a00c-83d34bf2d9d4: shutdown FollowerState
2019-10-23 22:22:01,109 [Thread-1204] INFO  impl.FollowerState (FollowerState.java:run(117)) - d21ee1f1-33f6-483c-a18b-27782ce1915a@group-F043E0AED0ED-FollowerState was interrupted: java.lang.InterruptedException: sleep interrupted
2019-10-23 22:22:01,109 [Thread-1203] INFO  impl.FollowerState (FollowerState.java:run(117)) - 1c51b35f-55cb-4636-a00c-83d34bf2d9d4@group-F043E0AED0ED-FollowerState was interrupted: java.lang.InterruptedException: sleep interrupted
2019-10-23 22:22:01,109 [grpc-default-executor-4] INFO  impl.RoleInfo (RoleInfo.java:updateAndGet(143)) - d21ee1f1-33f6-483c-a18b-27782ce1915a: start FollowerState
2019-10-23 22:22:01,109 [grpc-default-executor-0] INFO  impl.RoleInfo (RoleInfo.java:updateAndGet(143)) - 1c51b35f-55cb-4636-a00c-83d34bf2d9d4: start FollowerState
2019-10-23 22:22:01,144 [aed1b97f-105e-4684-b087-4b6333aa3ced@group-F043E0AED0ED-LeaderElection147] INFO  impl.LeaderElection (LeaderElection.java:logAndReturn(56)) - aed1b97f-105e-4684-b087-4b6333aa3ced@group-F043E0AED0ED-LeaderElection147: Election REJECTED; received 2 response(s) [aed1b97f-105e-4684-b087-4b6333aa3ced<-1c51b35f-55cb-4636-a00c-83d34bf2d9d4#0:FAIL-t161, aed1b97f-105e-4684-b087-4b6333aa3ced<-d21ee1f1-33f6-483c-a18b-27782ce1915a#0:FAIL-t161] and 0 exception(s); aed1b97f-105e-4684-b087-4b6333aa3ced@group-F043E0AED0ED:t161, leader=null, voted=aed1b97f-105e-4684-b087-4b6333aa3ced, raftlog=aed1b97f-105e-4684-b087-4b6333aa3ced@group-F043E0AED0ED-SegmentedRaftLog:OPENED:c-1,f-1,i0, conf=-1: [aed1b97f-105e-4684-b087-4b6333aa3ced:192.168.157.195:34943, 1c51b35f-55cb-4636-a00c-83d34bf2d9d4:192.168.157.195:34693, d21ee1f1-33f6-483c-a18b-27782ce1915a:192.168.157.195:46462], old=null
2019-10-23 22:22:01,144 [aed1b97f-105e-4684-b087-4b6333aa3ced@group-F043E0AED0ED-LeaderElection147] INFO  impl.RaftServerImpl (RaftServerImpl.java:setRole(184)) - aed1b97f-105e-4684-b087-4b6333aa3ced@group-F043E0AED0ED: changes role from CANDIDATE to FOLLOWER at term 161 for DISCOVERED_A_NEW_TERM
2019-10-23 22:22:01,144 [aed1b97f-105e-4684-b087-4b6333aa3ced@group-F043E0AED0ED-LeaderElection147] INFO  impl.RoleInfo (RoleInfo.java:shutdownLeaderElection(134)) - aed1b97f-105e-4684-b087-4b6333aa3ced: shutdown LeaderElection
2019-10-23 22:22:01,144 [aed1b97f-105e-4684-b087-4b6333aa3ced@group-F043E0AED0ED-LeaderElection147] INFO  impl.RoleInfo (RoleInfo.java:updateAndGet(143)) - aed1b97f-105e-4684-b087-4b6333aa3ced: start FollowerState
2019-10-23 22:22:01,260 [Thread-1213] INFO  impl.FollowerState (FollowerState.java:run(108)) - aed1b97f-105e-4684-b087-4b6333aa3ced@group-F043E0AED0ED-FollowerState: change to CANDIDATE, lastRpcTime:115ms, electionTimeout:115ms
2019-10-23 22:22:01,260 [Thread-1213] INFO  impl.RoleInfo (RoleInfo.java:shutdownFollowerState(121)) - aed1b97f-105e-4684-b087-4b6333aa3ced: shutdown FollowerState
2019-10-23 22:22:01,260 [Thread-1213] INFO  impl.RaftServerImpl (RaftServerImpl.java:setRole(184)) - aed1b97f-105e-4684-b087-4b6333aa3ced@group-F043E0AED0ED: changes role from  FOLLOWER to CANDIDATE at term 161 for changeToCandidate
2019-10-23 22:22:01,260 [Thread-1213] INFO  impl.RoleInfo (RoleInfo.java:updateAndGet(143)) - aed1b97f-105e-4684-b087-4b6333aa3ced: start LeaderElection
2019-10-23 22:22:01,275 [aed1b97f-105e-4684-b087-4b6333aa3ced@group-F043E0AED0ED-LeaderElection148] INFO  impl.LeaderElection (LeaderElection.java:askForVotes(178)) - aed1b97f-105e-4684-b087-4b6333aa3ced@group-F043E0AED0ED-LeaderElection148: begin an election at term 162 for -1: [aed1b97f-105e-4684-b087-4b6333aa3ced:192.168.157.195:34943, 1c51b35f-55cb-4636-a00c-83d34bf2d9d4:192.168.157.195:34693, d21ee1f1-33f6-483c-a18b-27782ce1915a:192.168.157.195:46462], old=null
2019-10-23 22:22:01,278 [grpc-default-executor-0] INFO  impl.RaftServerImpl (RaftServerImpl.java:setRole(184)) - d21ee1f1-33f6-483c-a18b-27782ce1915a@group-F043E0AED0ED: changes role from  FOLLOWER to FOLLOWER at term 162 for recognizeCandidate:aed1b97f-105e-4684-b087-4b6333aa3ced
2019-10-23 22:22:01,278 [grpc-default-executor-4] INFO  impl.RaftServerImpl (RaftServerImpl.java:setRole(184)) - 1c51b35f-55cb-4636-a00c-83d34bf2d9d4@group-F043E0AED0ED: changes role from  FOLLOWER to FOLLOWER at term 162 for recognizeCandidate:aed1b97f-105e-4684-b087-4b6333aa3ced
2019-10-23 22:22:01,278 [grpc-default-executor-0] INFO  impl.RoleInfo (RoleInfo.java:shutdownFollowerState(121)) - d21ee1f1-33f6-483c-a18b-27782ce1915a: shutdown FollowerState
2019-10-23 22:22:01,278 [grpc-default-executor-4] INFO  impl.RoleInfo (RoleInfo.java:shutdownFollowerState(121)) - 1c51b35f-55cb-4636-a00c-83d34bf2d9d4: shutdown FollowerState
2019-10-23 22:22:01,278 [grpc-default-executor-0] INFO  impl.RoleInfo (RoleInfo.java:updateAndGet(143)) - d21ee1f1-33f6-483c-a18b-27782ce1915a: start FollowerState
2019-10-23 22:22:01,278 [Thread-1212] INFO  impl.FollowerState (FollowerState.java:run(117)) - 1c51b35f-55cb-4636-a00c-83d34bf2d9d4@group-F043E0AED0ED-FollowerState was interrupted: java.lang.InterruptedException: sleep interrupted
2019-10-23 22:22:01,278 [grpc-default-executor-4] INFO  impl.RoleInfo (RoleInfo.java:updateAndGet(143)) - 1c51b35f-55cb-4636-a00c-83d34bf2d9d4: start FollowerState
2019-10-23 22:22:01,278 [Thread-1211] INFO  impl.FollowerState (FollowerState.java:run(117)) - d21ee1f1-33f6-483c-a18b-27782ce1915a@group-F043E0AED0ED-FollowerState was interrupted: java.lang.InterruptedException: sleep interrupted
2019-10-23 22:22:01,293 [aed1b97f-105e-4684-b087-4b6333aa3ced@group-F043E0AED0ED-LeaderElection148] INFO  impl.LeaderElection (LeaderElection.java:logAndReturn(56)) - aed1b97f-105e-4684-b087-4b6333aa3ced@group-F043E0AED0ED-LeaderElection148: Election REJECTED; received 2 response(s) [aed1b97f-105e-4684-b087-4b6333aa3ced<-1c51b35f-55cb-4636-a00c-83d34bf2d9d4#0:FAIL-t162, aed1b97f-105e-4684-b087-4b6333aa3ced<-d21ee1f1-33f6-483c-a18b-27782ce1915a#0:FAIL-t162] and 0 exception(s); aed1b97f-105e-4684-b087-4b6333aa3ced@group-F043E0AED0ED:t162, leader=null, voted=aed1b97f-105e-4684-b087-4b6333aa3ced, raftlog=aed1b97f-105e-4684-b087-4b6333aa3ced@group-F043E0AED0ED-SegmentedRaftLog:OPENED:c-1,f-1,i0, conf=-1: [aed1b97f-105e-4684-b087-4b6333aa3ced:192.168.157.195:34943, 1c51b35f-55cb-4636-a00c-83d34bf2d9d4:192.168.157.195:34693, d21ee1f1-33f6-483c-a18b-27782ce1915a:192.168.157.195:46462], old=null
2019-10-23 22:22:01,294 [aed1b97f-105e-4684-b087-4b6333aa3ced@group-F043E0AED0ED-LeaderElection148] INFO  impl.RaftServerImpl (RaftServerImpl.java:setRole(184)) - aed1b97f-105e-4684-b087-4b6333aa3ced@group-F043E0AED0ED: changes role from CANDIDATE to FOLLOWER at term 162 for DISCOVERED_A_NEW_TERM
2019-10-23 22:22:01,294 [aed1b97f-105e-4684-b087-4b6333aa3ced@group-F043E0AED0ED-LeaderElection148] INFO  impl.RoleInfo (RoleInfo.java:shutdownLeaderElection(134)) - aed1b97f-105e-4684-b087-4b6333aa3ced: shutdown LeaderElection
2019-10-23 22:22:01,294 [aed1b97f-105e-4684-b087-4b6333aa3ced@group-F043E0AED0ED-LeaderElection148] INFO  impl.RoleInfo (RoleInfo.java:updateAndGet(143)) - aed1b97f-105e-4684-b087-4b6333aa3ced: start FollowerState
2019-10-23 22:22:01,349 [Thread-1219] INFO  impl.FollowerState (FollowerState.java:run(108)) - aed1b97f-105e-4684-b087-4b6333aa3ced@group-F043E0AED0ED-FollowerState: change to CANDIDATE, lastRpcTime:55ms, electionTimeout:55ms
2019-10-23 22:22:01,350 [Thread-1219] INFO  impl.RoleInfo (RoleInfo.java:shutdownFollowerState(121)) - aed1b97f-105e-4684-b087-4b6333aa3ced: shutdown FollowerState
2019-10-23 22:22:01,350 [Thread-1219] INFO  impl.RaftServerImpl (RaftServerImpl.java:setRole(184)) - aed1b97f-105e-4684-b087-4b6333aa3ced@group-F043E0AED0ED: changes role from  FOLLOWER to CANDIDATE at term 162 for changeToCandidate
2019-10-23 22:22:01,350 [Thread-1219] INFO  impl.RoleInfo (RoleInfo.java:updateAndGet(143)) - aed1b97f-105e-4684-b087-4b6333aa3ced: start LeaderElection
2019-10-23 22:22:01,364 [aed1b97f-105e-4684-b087-4b6333aa3ced@group-F043E0AED0ED-LeaderElection149] INFO  impl.LeaderElection (LeaderElection.java:askForVotes(178)) - aed1b97f-105e-4684-b087-4b6333aa3ced@group-F043E0AED0ED-LeaderElection149: begin an election at term 163 for -1: [aed1b97f-105e-4684-b087-4b6333aa3ced:192.168.157.195:34943, 1c51b35f-55cb-4636-a00c-83d34bf2d9d4:192.168.157.195:34693, d21ee1f1-33f6-483c-a18b-27782ce1915a:192.168.157.195:46462], old=null
2019-10-23 22:22:01,366 [grpc-default-executor-4] INFO  impl.RaftServerImpl (RaftServerImpl.java:setRole(184)) - 1c51b35f-55cb-4636-a00c-83d34bf2d9d4@group-F043E0AED0ED: changes role from  FOLLOWER to FOLLOWER at term 163 for recognizeCandidate:aed1b97f-105e-4684-b087-4b6333aa3ced
2019-10-23 22:22:01,367 [grpc-default-executor-4] INFO  impl.RoleInfo (RoleInfo.java:shutdownFollowerState(121)) - 1c51b35f-55cb-4636-a00c-83d34bf2d9d4: shutdown FollowerState
2019-10-23 22:22:01,367 [grpc-default-executor-4] INFO  impl.RoleInfo (RoleInfo.java:updateAndGet(143)) - 1c51b35f-55cb-4636-a00c-83d34bf2d9d4: start FollowerState
2019-10-23 22:22:01,367 [grpc-default-executor-0] INFO  impl.RaftServerImpl (RaftServerImpl.java:setRole(184)) - d21ee1f1-33f6-483c-a18b-27782ce1915a@group-F043E0AED0ED: changes role from  FOLLOWER to FOLLOWER at term 163 for recognizeCandidate:aed1b97f-105e-4684-b087-4b6333aa3ced
2019-10-23 22:22:01,367 [Thread-1218] INFO  impl.FollowerState (FollowerState.java:run(117)) - 1c51b35f-55cb-4636-a00c-83d34bf2d9d4@group-F043E0AED0ED-FollowerState was interrupted: java.lang.InterruptedException: sleep interrupted
2019-10-23 22:22:01,367 [grpc-default-executor-0] INFO  impl.RoleInfo (RoleInfo.java:shutdownFollowerState(121)) - d21ee1f1-33f6-483c-a18b-27782ce1915a: shutdown FollowerState
2019-10-23 22:22:01,367 [grpc-default-executor-0] INFO  impl.RoleInfo (RoleInfo.java:updateAndGet(143)) - d21ee1f1-33f6-483c-a18b-27782ce1915a: start FollowerState
2019-10-23 22:22:01,367 [Thread-1217] INFO  impl.FollowerState (FollowerState.java:run(117)) - d21ee1f1-33f6-483c-a18b-27782ce1915a@group-F043E0AED0ED-FollowerState was interrupted: java.lang.InterruptedException: sleep interrupted
2019-10-23 22:22:01,384 [aed1b97f-105e-4684-b087-4b6333aa3ced@group-F043E0AED0ED-LeaderElection149] INFO  impl.LeaderElection (LeaderElection.java:logAndReturn(56)) - aed1b97f-105e-4684-b087-4b6333aa3ced@group-F043E0AED0ED-LeaderElection149: Election REJECTED; received 2 response(s) [aed1b97f-105e-4684-b087-4b6333aa3ced<-1c51b35f-55cb-4636-a00c-83d34bf2d9d4#0:FAIL-t163, aed1b97f-105e-4684-b087-4b6333aa3ced<-d21ee1f1-33f6-483c-a18b-27782ce1915a#0:FAIL-t163] and 0 exception(s); aed1b97f-105e-4684-b087-4b6333aa3ced@group-F043E0AED0ED:t163, leader=null, voted=aed1b97f-105e-4684-b087-4b6333aa3ced, raftlog=aed1b97f-105e-4684-b087-4b6333aa3ced@group-F043E0AED0ED-SegmentedRaftLog:OPENED:c-1,f-1,i0, conf=-1: [aed1b97f-105e-4684-b087-4b6333aa3ced:192.168.157.195:34943, 1c51b35f-55cb-4636-a00c-83d34bf2d9d4:192.168.157.195:34693, d21ee1f1-33f6-483c-a18b-27782ce1915a:192.168.157.195:46462], old=null
2019-10-23 22:22:01,384 [aed1b97f-105e-4684-b087-4b6333aa3ced@group-F043E0AED0ED-LeaderElection149] INFO  impl.RaftServerImpl (RaftServerImpl.java:setRole(184)) - aed1b97f-105e-4684-b087-4b6333aa3ced@group-F043E0AED0ED: changes role from CANDIDATE to FOLLOWER at term 163 for DISCOVERED_A_NEW_TERM
2019-10-23 22:22:01,385 [aed1b97f-105e-4684-b087-4b6333aa3ced@group-F043E0AED0ED-LeaderElection149] INFO  impl.RoleInfo (RoleInfo.java:shutdownLeaderElection(134)) - aed1b97f-105e-4684-b087-4b6333aa3ced: shutdown LeaderElection
2019-10-23 22:22:01,385 [aed1b97f-105e-4684-b087-4b6333aa3ced@group-F043E0AED0ED-LeaderElection149] INFO  impl.RoleInfo (RoleInfo.java:updateAndGet(143)) - aed1b97f-105e-4684-b087-4b6333aa3ced: start FollowerState
2019-10-23 22:22:01,562 [Thread-1225] INFO  impl.FollowerState (FollowerState.java:run(108)) - aed1b97f-105e-4684-b087-4b6333aa3ced@group-F043E0AED0ED-FollowerState: change to CANDIDATE, lastRpcTime:177ms, electionTimeout:177ms
2019-10-23 22:22:01,562 [Thread-1225] INFO  impl.RoleInfo (RoleInfo.java:shutdownFollowerState(121)) - aed1b97f-105e-4684-b087-4b6333aa3ced: shutdown FollowerState
2019-10-23 22:22:01,563 [Thread-1225] INFO  impl.RaftServerImpl (RaftServerImpl.java:setRole(184)) - aed1b97f-105e-4684-b087-4b6333aa3ced@group-F043E0AED0ED: changes role from  FOLLOWER to CANDIDATE at term 163 for changeToCandidate
2019-10-23 22:22:01,563 [Thread-1225] INFO  impl.RoleInfo (RoleInfo.java:updateAndGet(143)) - aed1b97f-105e-4684-b087-4b6333aa3ced: start LeaderElection
2019-10-23 22:22:01,585 [aed1b97f-105e-4684-b087-4b6333aa3ced@group-F043E0AED0ED-LeaderElection150] INFO  impl.LeaderElection (LeaderElection.java:askForVotes(178)) - aed1b97f-105e-4684-b087-4b6333aa3ced@group-F043E0AED0ED-LeaderElection150: begin an election at term 164 for -1: [aed1b97f-105e-4684-b087-4b6333aa3ced:192.168.157.195:34943, 1c51b35f-55cb-4636-a00c-83d34bf2d9d4:192.168.157.195:34693, d21ee1f1-33f6-483c-a18b-27782ce1915a:192.168.157.195:46462], old=null
2019-10-23 22:22:01,588 [grpc-default-executor-0] INFO  impl.RaftServerImpl (RaftServerImpl.java:setRole(184)) - 1c51b35f-55cb-4636-a00c-83d34bf2d9d4@group-F043E0AED0ED: changes role from  FOLLOWER to FOLLOWER at term 164 for recognizeCandidate:aed1b97f-105e-4684-b087-4b6333aa3ced
2019-10-23 22:22:01,589 [grpc-default-executor-0] INFO  impl.RoleInfo (RoleInfo.java:shutdownFollowerState(121)) - 1c51b35f-55cb-4636-a00c-83d34bf2d9d4: shutdown FollowerState
2019-10-23 22:22:01,589 [grpc-default-executor-4] INFO  impl.RaftServerImpl (RaftServerImpl.java:setRole(184)) - d21ee1f1-33f6-483c-a18b-27782ce1915a@group-F043E0AED0ED: changes role from  FOLLOWER to FOLLOWER at term 164 for recognizeCandidate:aed1b97f-105e-4684-b087-4b6333aa3ced
2019-10-23 22:22:01,589 [Thread-1223] INFO  impl.FollowerState (FollowerState.java:run(117)) - 1c51b35f-55cb-4636-a00c-83d34bf2d9d4@group-F043E0AED0ED-FollowerState was interrupted: java.lang.InterruptedException: sleep interrupted
2019-10-23 22:22:01,589 [grpc-default-executor-0] INFO  impl.RoleInfo (RoleInfo.java:updateAndGet(143)) - 1c51b35f-55cb-4636-a00c-83d34bf2d9d4: start FollowerState
2019-10-23 22:22:01,589 [grpc-default-executor-4] INFO  impl.RoleInfo (RoleInfo.java:shutdownFollowerState(121)) - d21ee1f1-33f6-483c-a18b-27782ce1915a: shutdown FollowerState
2019-10-23 22:22:01,590 [grpc-default-executor-4] INFO  impl.RoleInfo (RoleInfo.java:updateAndGet(143)) - d21ee1f1-33f6-483c-a18b-27782ce1915a: start FollowerState
2019-10-23 22:22:01,590 [Thread-1224] INFO  impl.FollowerState (FollowerState.java:run(117)) - d21ee1f1-33f6-483c-a18b-27782ce1915a@group-F043E0AED0ED-FollowerState was interrupted: java.lang.InterruptedException: sleep interrupted
2019-10-23 22:22:01,594 [aed1b97f-105e-4684-b087-4b6333aa3ced@group-F043E0AED0ED-LeaderElection150] INFO  impl.LeaderElection (LeaderElection.java:logAndReturn(56)) - aed1b97f-105e-4684-b087-4b6333aa3ced@group-F043E0AED0ED-LeaderElection150: Election TIMEOUT; received 0 response(s) [] and 0 exception(s); aed1b97f-105e-4684-b087-4b6333aa3ced@group-F043E0AED0ED:t164, leader=null, voted=aed1b97f-105e-4684-b087-4b6333aa3ced, raftlog=aed1b97f-105e-4684-b087-4b6333aa3ced@group-F043E0AED0ED-SegmentedRaftLog:OPENED:c-1,f-1,i0, conf=-1: [aed1b97f-105e-4684-b087-4b6333aa3ced:192.168.157.195:34943, 1c51b35f-55cb-4636-a00c-83d34bf2d9d4:192.168.157.195:34693, d21ee1f1-33f6-483c-a18b-27782ce1915a:192.168.157.195:46462], old=null
2019-10-23 22:22:01,603 [aed1b97f-105e-4684-b087-4b6333aa3ced@group-F043E0AED0ED-LeaderElection150] INFO  impl.LeaderElection (LeaderElection.java:askForVotes(178)) - aed1b97f-105e-4684-b087-4b6333aa3ced@group-F043E0AED0ED-LeaderElection150: begin an election at term 165 for -1: [aed1b97f-105e-4684-b087-4b6333aa3ced:192.168.157.195:34943, 1c51b35f-55cb-4636-a00c-83d34bf2d9d4:192.168.157.195:34693, d21ee1f1-33f6-483c-a18b-27782ce1915a:192.168.157.195:46462], old=null
2019-10-23 22:22:01,606 [grpc-default-executor-4] INFO  impl.RaftServerImpl (RaftServerImpl.java:setRole(184)) - 1c51b35f-55cb-4636-a00c-83d34bf2d9d4@group-F043E0AED0ED: changes role from  FOLLOWER to FOLLOWER at term 165 for recognizeCandidate:aed1b97f-105e-4684-b087-4b6333aa3ced
2019-10-23 22:22:01,606 [grpc-default-executor-4] INFO  impl.RoleInfo (RoleInfo.java:shutdownFollowerState(121)) - 1c51b35f-55cb-4636-a00c-83d34bf2d9d4: shutdown FollowerState
2019-10-23 22:22:01,606 [grpc-default-executor-4] INFO  impl.RoleInfo (RoleInfo.java:updateAndGet(143)) - 1c51b35f-55cb-4636-a00c-83d34bf2d9d4: start FollowerState
2019-10-23 22:22:01,606 [Thread-1229] INFO  impl.FollowerState (FollowerState.java:run(117)) - 1c51b35f-55cb-4636-a00c-83d34bf2d9d4@group-F043E0AED0ED-FollowerState was interrupted: java.lang.InterruptedException: sleep interrupted
2019-10-23 22:22:01,607 [grpc-default-executor-0] INFO  impl.RaftServerImpl (RaftServerImpl.java:setRole(184)) - d21ee1f1-33f6-483c-a18b-27782ce1915a@group-F043E0AED0ED: changes role from  FOLLOWER to FOLLOWER at term 165 for recognizeCandidate:aed1b97f-105e-4684-b087-4b6333aa3ced
2019-10-23 22:22:01,607 [grpc-default-executor-0] INFO  impl.RoleInfo (RoleInfo.java:shutdownFollowerState(121)) - d21ee1f1-33f6-483c-a18b-27782ce1915a: shutdown FollowerState
2019-10-23 22:22:01,607 [grpc-default-executor-0] INFO  impl.RoleInfo (RoleInfo.java:updateAndGet(143)) - d21ee1f1-33f6-483c-a18b-27782ce1915a: start FollowerState
2019-10-23 22:22:01,607 [Thread-1230] INFO  impl.FollowerState (FollowerState.java:run(117)) - d21ee1f1-33f6-483c-a18b-27782ce1915a@group-F043E0AED0ED-FollowerState was interrupted: java.lang.InterruptedException: sleep interrupted
2019-10-23 22:22:01,630 [aed1b97f-105e-4684-b087-4b6333aa3ced@group-F043E0AED0ED-LeaderElection150] INFO  impl.LeaderElection (LeaderElection.java:logAndReturn(56)) - aed1b97f-105e-4684-b087-4b6333aa3ced@group-F043E0AED0ED-LeaderElection150: Election REJECTED; received 2 response(s) [aed1b97f-105e-4684-b087-4b6333aa3ced<-1c51b35f-55cb-4636-a00c-83d34bf2d9d4#0:FAIL-t165, aed1b97f-105e-4684-b087-4b6333aa3ced<-d21ee1f1-33f6-483c-a18b-27782ce1915a#0:FAIL-t165] and 0 exception(s); aed1b97f-105e-4684-b087-4b6333aa3ced@group-F043E0AED0ED:t165, leader=null, voted=aed1b97f-105e-4684-b087-4b6333aa3ced, raftlog=aed1b97f-105e-4684-b087-4b6333aa3ced@group-F043E0AED0ED-SegmentedRaftLog:OPENED:c-1,f-1,i0, conf=-1: [aed1b97f-105e-4684-b087-4b6333aa3ced:192.168.157.195:34943, 1c51b35f-55cb-4636-a00c-83d34bf2d9d4:192.168.157.195:34693, d21ee1f1-33f6-483c-a18b-27782ce1915a:192.168.157.195:46462], old=null
2019-10-23 22:22:01,630 [aed1b97f-105e-4684-b087-4b6333aa3ced@group-F043E0AED0ED-LeaderElection150] INFO  impl.RaftServerImpl (RaftServerImpl.java:setRole(184)) - aed1b97f-105e-4684-b087-4b6333aa3ced@group-F043E0AED0ED: changes role from CANDIDATE to FOLLOWER at term 165 for DISCOVERED_A_NEW_TERM
2019-10-23 22:22:01,631 [aed1b97f-105e-4684-b087-4b6333aa3ced@group-F043E0AED0ED-LeaderElection150] INFO  impl.RoleInfo (RoleInfo.java:shutdownLeaderElection(134)) - aed1b97f-105e-4684-b087-4b6333aa3ced: shutdown LeaderElection
2019-10-23 22:22:01,631 [aed1b97f-105e-4684-b087-4b6333aa3ced@group-F043E0AED0ED-LeaderElection150] INFO  impl.RoleInfo (RoleInfo.java:updateAndGet(143)) - aed1b97f-105e-4684-b087-4b6333aa3ced: start FollowerState
2019-10-23 22:22:01,760 [Thread-1235] INFO  impl.FollowerState (FollowerState.java:run(108)) - aed1b97f-105e-4684-b087-4b6333aa3ced@group-F043E0AED0ED-FollowerState: change to CANDIDATE, lastRpcTime:129ms, electionTimeout:129ms
2019-10-23 22:22:01,760 [Thread-1235] INFO  impl.RoleInfo (RoleInfo.java:shutdownFollowerState(121)) - aed1b97f-105e-4684-b087-4b6333aa3ced: shutdown FollowerState
2019-10-23 22:22:01,760 [Thread-1235] INFO  impl.RaftServerImpl (RaftServerImpl.java:setRole(184)) - aed1b97f-105e-4684-b087-4b6333aa3ced@group-F043E0AED0ED: changes role from  FOLLOWER to CANDIDATE at term 165 for changeToCandidate
2019-10-23 22:22:01,761 [Thread-1235] INFO  impl.RoleInfo (RoleInfo.java:updateAndGet(143)) - aed1b97f-105e-4684-b087-4b6333aa3ced: start LeaderElection
2019-10-23 22:22:01,775 [aed1b97f-105e-4684-b087-4b6333aa3ced@group-F043E0AED0ED-LeaderElection151] INFO  impl.LeaderElection (LeaderElection.java:askForVotes(178)) - aed1b97f-105e-4684-b087-4b6333aa3ced@group-F043E0AED0ED-LeaderElection151: begin an election at term 166 for -1: [aed1b97f-105e-4684-b087-4b6333aa3ced:192.168.157.195:34943, 1c51b35f-55cb-4636-a00c-83d34bf2d9d4:192.168.157.195:34693, d21ee1f1-33f6-483c-a18b-27782ce1915a:192.168.157.195:46462], old=null
2019-10-23 22:22:01,778 [grpc-default-executor-4] INFO  impl.RaftServerImpl (RaftServerImpl.java:setRole(184)) - 1c51b35f-55cb-4636-a00c-83d34bf2d9d4@group-F043E0AED0ED: changes role from  FOLLOWER to FOLLOWER at term 166 for recognizeCandidate:aed1b97f-105e-4684-b087-4b6333aa3ced
2019-10-23 22:22:01,778 [grpc-default-executor-0] INFO  impl.RaftServerImpl (RaftServerImpl.java:setRole(184)) - d21ee1f1-33f6-483c-a18b-27782ce1915a@group-F043E0AED0ED: changes role from  FOLLOWER to FOLLOWER at term 166 for recognizeCandidate:aed1b97f-105e-4684-b087-4b6333aa3ced
2019-10-23 22:22:01,779 [grpc-default-executor-0] INFO  impl.RoleInfo (RoleInfo.java:shutdownFollowerState(121)) - d21ee1f1-33f6-483c-a18b-27782ce1915a: shutdown FollowerState
2019-10-23 22:22:01,779 [grpc-default-executor-4] INFO  impl.RoleInfo (RoleInfo.java:shutdownFollowerState(121)) - 1c51b35f-55cb-4636-a00c-83d34bf2d9d4: shutdown FollowerState
2019-10-23 22:22:01,779 [Thread-1234] INFO  impl.FollowerState (FollowerState.java:run(117)) - d21ee1f1-33f6-483c-a18b-27782ce1915a@group-F043E0AED0ED-FollowerState was interrupted: java.lang.InterruptedException: sleep interrupted
2019-10-23 22:22:01,779 [grpc-default-executor-0] INFO  impl.RoleInfo (RoleInfo.java:updateAndGet(143)) - d21ee1f1-33f6-483c-a18b-27782ce1915a: start FollowerState
2019-10-23 22:22:01,779 [Thread-1233] INFO  impl.FollowerState (FollowerState.java:run(117)) - 1c51b35f-55cb-4636-a00c-83d34bf2d9d4@group-F043E0AED0ED-FollowerState was interrupted: java.lang.InterruptedException: sleep interrupted
2019-10-23 22:22:01,779 [grpc-default-executor-4] INFO  impl.RoleInfo (RoleInfo.java:updateAndGet(143)) - 1c51b35f-55cb-4636-a00c-83d34bf2d9d4: start FollowerState
2019-10-23 22:22:01,794 [aed1b97f-105e-4684-b087-4b6333aa3ced@group-F043E0AED0ED-LeaderElection151] INFO  impl.LeaderElection (LeaderElection.java:logAndReturn(56)) - aed1b97f-105e-4684-b087-4b6333aa3ced@group-F043E0AED0ED-LeaderElection151: Election REJECTED; received 2 response(s) [aed1b97f-105e-4684-b087-4b6333aa3ced<-1c51b35f-55cb-4636-a00c-83d34bf2d9d4#0:FAIL-t166, aed1b97f-105e-4684-b087-4b6333aa3ced<-d21ee1f1-33f6-483c-a18b-27782ce1915a#0:FAIL-t166] and 0 exception(s); aed1b97f-105e-4684-b087-4b6333aa3ced@group-F043E0AED0ED:t166, leader=null, voted=aed1b97f-105e-4684-b087-4b6333aa3ced, raftlog=aed1b97f-105e-4684-b087-4b6333aa3ced@group-F043E0AED0ED-SegmentedRaftLog:OPENED:c-1,f-1,i0, conf=-1: [aed1b97f-105e-4684-b087-4b6333aa3ced:192.168.157.195:34943, 1c51b35f-55cb-4636-a00c-83d34bf2d9d4:192.168.157.195:34693, d21ee1f1-33f6-483c-a18b-27782ce1915a:192.168.157.195:46462], old=null
2019-10-23 22:22:01,795 [aed1b97f-105e-4684-b087-4b6333aa3ced@group-F043E0AED0ED-LeaderElection151] INFO  impl.RaftServerImpl (RaftServerImpl.java:setRole(184)) - aed1b97f-105e-4684-b087-4b6333aa3ced@group-F043E0AED0ED: changes role from CANDIDATE to FOLLOWER at term 166 for DISCOVERED_A_NEW_TERM
2019-10-23 22:22:01,795 [aed1b97f-105e-4684-b087-4b6333aa3ced@group-F043E0AED0ED-LeaderElection151] INFO  impl.RoleInfo (RoleInfo.java:shutdownLeaderElection(134)) - aed1b97f-105e-4684-b087-4b6333aa3ced: shutdown LeaderElection
2019-10-23 22:22:01,795 [aed1b97f-105e-4684-b087-4b6333aa3ced@group-F043E0AED0ED-LeaderElection151] INFO  impl.RoleInfo (RoleInfo.java:updateAndGet(143)) - aed1b97f-105e-4684-b087-4b6333aa3ced: start FollowerState
2019-10-23 22:22:01,840 [Thread-1241] INFO  impl.FollowerState (FollowerState.java:run(108)) - aed1b97f-105e-4684-b087-4b6333aa3ced@group-F043E0AED0ED-FollowerState: change to CANDIDATE, lastRpcTime:45ms, electionTimeout:45ms
2019-10-23 22:22:01,840 [Thread-1241] INFO  impl.RoleInfo (RoleInfo.java:shutdownFollowerState(121)) - aed1b97f-105e-4684-b087-4b6333aa3ced: shutdown FollowerState
2019-10-23 22:22:01,841 [Thread-1241] INFO  impl.RaftServerImpl (RaftServerImpl.java:setRole(184)) - aed1b97f-105e-4684-b087-4b6333aa3ced@group-F043E0AED0ED: changes role from  FOLLOWER to CANDIDATE at term 166 for changeToCandidate
2019-10-23 22:22:01,841 [Thread-1241] INFO  impl.RoleInfo (RoleInfo.java:updateAndGet(143)) - aed1b97f-105e-4684-b087-4b6333aa3ced: start LeaderElection
2019-10-23 22:22:01,854 [aed1b97f-105e-4684-b087-4b6333aa3ced@group-F043E0AED0ED-LeaderElection152] INFO  impl.LeaderElection (LeaderElection.java:askForVotes(178)) - aed1b97f-105e-4684-b087-4b6333aa3ced@group-F043E0AED0ED-LeaderElection152: begin an election at term 167 for -1: [aed1b97f-105e-4684-b087-4b6333aa3ced:192.168.157.195:34943, 1c51b35f-55cb-4636-a00c-83d34bf2d9d4:192.168.157.195:34693, d21ee1f1-33f6-483c-a18b-27782ce1915a:192.168.157.195:46462], old=null
2019-10-23 22:22:01,857 [grpc-default-executor-0] INFO  impl.RaftServerImpl (RaftServerImpl.java:setRole(184)) - 1c51b35f-55cb-4636-a00c-83d34bf2d9d4@group-F043E0AED0ED: changes role from  FOLLOWER to FOLLOWER at term 167 for recognizeCandidate:aed1b97f-105e-4684-b087-4b6333aa3ced
2019-10-23 22:22:01,857 [grpc-default-executor-0] INFO  impl.RoleInfo (RoleInfo.java:shutdownFollowerState(121)) - 1c51b35f-55cb-4636-a00c-83d34bf2d9d4: shutdown FollowerState
2019-10-23 22:22:01,858 [grpc-default-executor-4] INFO  impl.RaftServerImpl (RaftServerImpl.java:setRole(184)) - d21ee1f1-33f6-483c-a18b-27782ce1915a@group-F043E0AED0ED: changes role from  FOLLOWER to FOLLOWER at term 167 for recognizeCandidate:aed1b97f-105e-4684-b087-4b6333aa3ced
2019-10-23 22:22:01,858 [Thread-1240] INFO  impl.FollowerState (FollowerState.java:run(117)) - 1c51b35f-55cb-4636-a00c-83d34bf2d9d4@group-F043E0AED0ED-FollowerState was interrupted: java.lang.InterruptedException: sleep interrupted
2019-10-23 22:22:01,858 [grpc-default-executor-0] INFO  impl.RoleInfo (RoleInfo.java:updateAndGet(143)) - 1c51b35f-55cb-4636-a00c-83d34bf2d9d4: start FollowerState
2019-10-23 22:22:01,858 [grpc-default-executor-4] INFO  impl.RoleInfo (RoleInfo.java:shutdownFollowerState(121)) - d21ee1f1-33f6-483c-a18b-27782ce1915a: shutdown FollowerState
2019-10-23 22:22:01,858 [grpc-default-executor-4] INFO  impl.RoleInfo (RoleInfo.java:updateAndGet(143)) - d21ee1f1-33f6-483c-a18b-27782ce1915a: start FollowerState
2019-10-23 22:22:01,859 [Thread-1239] INFO  impl.FollowerState (FollowerState.java:run(117)) - d21ee1f1-33f6-483c-a18b-27782ce1915a@group-F043E0AED0ED-FollowerState was interrupted: java.lang.InterruptedException: sleep interrupted
2019-10-23 22:22:01,875 [aed1b97f-105e-4684-b087-4b6333aa3ced@group-F043E0AED0ED-LeaderElection152] INFO  impl.LeaderElection (LeaderElection.java:logAndReturn(56)) - aed1b97f-105e-4684-b087-4b6333aa3ced@group-F043E0AED0ED-LeaderElection152: Election REJECTED; received 2 response(s) [aed1b97f-105e-4684-b087-4b6333aa3ced<-1c51b35f-55cb-4636-a00c-83d34bf2d9d4#0:FAIL-t167, aed1b97f-105e-4684-b087-4b6333aa3ced<-d21ee1f1-33f6-483c-a18b-27782ce1915a#0:FAIL-t167] and 0 exception(s); aed1b97f-105e-4684-b087-4b6333aa3ced@group-F043E0AED0ED:t167, leader=null, voted=aed1b97f-105e-4684-b087-4b6333aa3ced, raftlog=aed1b97f-105e-4684-b087-4b6333aa3ced@group-F043E0AED0ED-SegmentedRaftLog:OPENED:c-1,f-1,i0, conf=-1: [aed1b97f-105e-4684-b087-4b6333aa3ced:192.168.157.195:34943, 1c51b35f-55cb-4636-a00c-83d34bf2d9d4:192.168.157.195:34693, d21ee1f1-33f6-483c-a18b-27782ce1915a:192.168.157.195:46462], old=null
2019-10-23 22:22:01,875 [aed1b97f-105e-4684-b087-4b6333aa3ced@group-F043E0AED0ED-LeaderElection152] INFO  impl.RaftServerImpl (RaftServerImpl.java:setRole(184)) - aed1b97f-105e-4684-b087-4b6333aa3ced@group-F043E0AED0ED: changes role from CANDIDATE to FOLLOWER at term 167 for DISCOVERED_A_NEW_TERM
2019-10-23 22:22:01,875 [aed1b97f-105e-4684-b087-4b6333aa3ced@group-F043E0AED0ED-LeaderElection152] INFO  impl.RoleInfo (RoleInfo.java:shutdownLeaderElection(134)) - aed1b97f-105e-4684-b087-4b6333aa3ced: shutdown LeaderElection
2019-10-23 22:22:01,875 [aed1b97f-105e-4684-b087-4b6333aa3ced@group-F043E0AED0ED-LeaderElection152] INFO  impl.RoleInfo (RoleInfo.java:updateAndGet(143)) - aed1b97f-105e-4684-b087-4b6333aa3ced: start FollowerState
2019-10-23 22:22:02,070 [Thread-1247] INFO  impl.FollowerState (FollowerState.java:run(108)) - aed1b97f-105e-4684-b087-4b6333aa3ced@group-F043E0AED0ED-FollowerState: change to CANDIDATE, lastRpcTime:194ms, electionTimeout:194ms
2019-10-23 22:22:02,070 [Thread-1247] INFO  impl.RoleInfo (RoleInfo.java:shutdownFollowerState(121)) - aed1b97f-105e-4684-b087-4b6333aa3ced: shutdown FollowerState
2019-10-23 22:22:02,070 [Thread-1247] INFO  impl.RaftServerImpl (RaftServerImpl.java:setRole(184)) - aed1b97f-105e-4684-b087-4b6333aa3ced@group-F043E0AED0ED: changes role from  FOLLOWER to CANDIDATE at term 167 for changeToCandidate
2019-10-23 22:22:02,070 [Thread-1247] INFO  impl.RoleInfo (RoleInfo.java:updateAndGet(143)) - aed1b97f-105e-4684-b087-4b6333aa3ced: start LeaderElection
2019-10-23 22:22:02,092 [aed1b97f-105e-4684-b087-4b6333aa3ced@group-F043E0AED0ED-LeaderElection153] INFO  impl.LeaderElection (LeaderElection.java:askForVotes(178)) - aed1b97f-105e-4684-b087-4b6333aa3ced@group-F043E0AED0ED-LeaderElection153: begin an election at term 168 for -1: [aed1b97f-105e-4684-b087-4b6333aa3ced:192.168.157.195:34943, 1c51b35f-55cb-4636-a00c-83d34bf2d9d4:192.168.157.195:34693, d21ee1f1-33f6-483c-a18b-27782ce1915a:192.168.157.195:46462], old=null
2019-10-23 22:22:02,095 [grpc-default-executor-4] INFO  impl.RaftServerImpl (RaftServerImpl.java:setRole(184)) - 1c51b35f-55cb-4636-a00c-83d34bf2d9d4@group-F043E0AED0ED: changes role from  FOLLOWER to FOLLOWER at term 168 for recognizeCandidate:aed1b97f-105e-4684-b087-4b6333aa3ced
2019-10-23 22:22:02,095 [grpc-default-executor-4] INFO  impl.RoleInfo (RoleInfo.java:shutdownFollowerState(121)) - 1c51b35f-55cb-4636-a00c-83d34bf2d9d4: shutdown FollowerState
2019-10-23 22:22:02,095 [grpc-default-executor-4] INFO  impl.RoleInfo (RoleInfo.java:updateAndGet(143)) - 1c51b35f-55cb-4636-a00c-83d34bf2d9d4: start FollowerState
2019-10-23 22:22:02,095 [grpc-default-executor-0] INFO  impl.RaftServerImpl (RaftServerImpl.java:setRole(184)) - d21ee1f1-33f6-483c-a18b-27782ce1915a@group-F043E0AED0ED: changes role from  FOLLOWER to FOLLOWER at term 168 for recognizeCandidate:aed1b97f-105e-4684-b087-4b6333aa3ced
2019-10-23 22:22:02,095 [Thread-1245] INFO  impl.FollowerState (FollowerState.java:run(117)) - 1c51b35f-55cb-4636-a00c-83d34bf2d9d4@group-F043E0AED0ED-FollowerState was interrupted: java.lang.InterruptedException: sleep interrupted
2019-10-23 22:22:02,096 [grpc-default-executor-0] INFO  impl.RoleInfo (RoleInfo.java:shutdownFollowerState(121)) - d21ee1f1-33f6-483c-a18b-27782ce1915a: shutdown FollowerState
2019-10-23 22:22:02,096 [grpc-default-executor-0] INFO  impl.RoleInfo (RoleInfo.java:updateAndGet(143)) - d21ee1f1-33f6-483c-a18b-27782ce1915a: start FollowerState
2019-10-23 22:22:02,096 [Thread-1246] INFO  impl.FollowerState (FollowerState.java:run(117)) - d21ee1f1-33f6-483c-a18b-27782ce1915a@group-F043E0AED0ED-FollowerState was interrupted: java.lang.InterruptedException: sleep interrupted
2019-10-23 22:22:02,102 [aed1b97f-105e-4684-b087-4b6333aa3ced@group-F043E0AED0ED-LeaderElection153] INFO  impl.LeaderElection (LeaderElection.java:logAndReturn(56)) - aed1b97f-105e-4684-b087-4b6333aa3ced@group-F043E0AED0ED-LeaderElection153: Election REJECTED; received 2 response(s) [aed1b97f-105e-4684-b087-4b6333aa3ced<-1c51b35f-55cb-4636-a00c-83d34bf2d9d4#0:FAIL-t168, aed1b97f-105e-4684-b087-4b6333aa3ced<-d21ee1f1-33f6-483c-a18b-27782ce1915a#0:FAIL-t168] and 0 exception(s); aed1b97f-105e-4684-b087-4b6333aa3ced@group-F043E0AED0ED:t168, leader=null, voted=aed1b97f-105e-4684-b087-4b6333aa3ced, raftlog=aed1b97f-105e-4684-b087-4b6333aa3ced@group-F043E0AED0ED-SegmentedRaftLog:OPENED:c-1,f-1,i0, conf=-1: [aed1b97f-105e-4684-b087-4b6333aa3ced:192.168.157.195:34943, 1c51b35f-55cb-4636-a00c-83d34bf2d9d4:192.168.157.195:34693, d21ee1f1-33f6-483c-a18b-27782ce1915a:192.168.157.195:46462], old=null
2019-10-23 22:22:02,103 [aed1b97f-105e-4684-b087-4b6333aa3ced@group-F043E0AED0ED-LeaderElection153] INFO  impl.RaftServerImpl (RaftServerImpl.java:setRole(184)) - aed1b97f-105e-4684-b087-4b6333aa3ced@group-F043E0AED0ED: changes role from CANDIDATE to FOLLOWER at term 168 for DISCOVERED_A_NEW_TERM
2019-10-23 22:22:02,103 [aed1b97f-105e-4684-b087-4b6333aa3ced@group-F043E0AED0ED-LeaderElection153] INFO  impl.RoleInfo (RoleInfo.java:shutdownLeaderElection(134)) - aed1b97f-105e-4684-b087-4b6333aa3ced: shutdown LeaderElection
2019-10-23 22:22:02,103 [aed1b97f-105e-4684-b087-4b6333aa3ced@group-F043E0AED0ED-LeaderElection153] INFO  impl.RoleInfo (RoleInfo.java:updateAndGet(143)) - aed1b97f-105e-4684-b087-4b6333aa3ced: start FollowerState
2019-10-23 22:22:02,110 [Thread-1255] INFO  impl.FollowerState (FollowerState.java:run(108)) - aed1b97f-105e-4684-b087-4b6333aa3ced@group-F043E0AED0ED-FollowerState: change to CANDIDATE, lastRpcTime:7ms, electionTimeout:7ms
2019-10-23 22:22:02,110 [Thread-1255] INFO  impl.RoleInfo (RoleInfo.java:shutdownFollowerState(121)) - aed1b97f-105e-4684-b087-4b6333aa3ced: shutdown FollowerState
2019-10-23 22:22:02,111 [Thread-1255] INFO  impl.RaftServerImpl (RaftServerImpl.java:setRole(184)) - aed1b97f-105e-4684-b087-4b6333aa3ced@group-F043E0AED0ED: changes role from  FOLLOWER to CANDIDATE at term 168 for changeToCandidate
2019-10-23 22:22:02,111 [Thread-1255] INFO  impl.RoleInfo (RoleInfo.java:updateAndGet(143)) - aed1b97f-105e-4684-b087-4b6333aa3ced: start LeaderElection
2019-10-23 22:22:02,122 [aed1b97f-105e-4684-b087-4b6333aa3ced@group-F043E0AED0ED-LeaderElection154] INFO  impl.LeaderElection (LeaderElection.java:askForVotes(178)) - aed1b97f-105e-4684-b087-4b6333aa3ced@group-F043E0AED0ED-LeaderElection154: begin an election at term 169 for -1: [aed1b97f-105e-4684-b087-4b6333aa3ced:192.168.157.195:34943, 1c51b35f-55cb-4636-a00c-83d34bf2d9d4:192.168.157.195:34693, d21ee1f1-33f6-483c-a18b-27782ce1915a:192.168.157.195:46462], old=null
2019-10-23 22:22:02,124 [grpc-default-executor-0] INFO  impl.RaftServerImpl (RaftServerImpl.java:setRole(184)) - 1c51b35f-55cb-4636-a00c-83d34bf2d9d4@group-F043E0AED0ED: changes role from  FOLLOWER to FOLLOWER at term 169 for recognizeCandidate:aed1b97f-105e-4684-b087-4b6333aa3ced
2019-10-23 22:22:02,125 [grpc-default-executor-0] INFO  impl.RoleInfo (RoleInfo.java:shutdownFollowerState(121)) - 1c51b35f-55cb-4636-a00c-83d34bf2d9d4: shutdown FollowerState
2019-10-23 22:22:02,125 [grpc-default-executor-0] INFO  impl.RoleInfo (RoleInfo.java:updateAndGet(143)) - 1c51b35f-55cb-4636-a00c-83d34bf2d9d4: start FollowerState
2019-10-23 22:22:02,125 [Thread-1253] INFO  impl.FollowerState (FollowerState.java:run(117)) - 1c51b35f-55cb-4636-a00c-83d34bf2d9d4@group-F043E0AED0ED-FollowerState was interrupted: java.lang.InterruptedException: sleep interrupted
2019-10-23 22:22:02,125 [grpc-default-executor-4] INFO  impl.RaftServerImpl (RaftServerImpl.java:setRole(184)) - d21ee1f1-33f6-483c-a18b-27782ce1915a@group-F043E0AED0ED: changes role from  FOLLOWER to FOLLOWER at term 169 for recognizeCandidate:aed1b97f-105e-4684-b087-4b6333aa3ced
2019-10-23 22:22:02,125 [grpc-default-executor-4] INFO  impl.RoleInfo (RoleInfo.java:shutdownFollowerState(121)) - d21ee1f1-33f6-483c-a18b-27782ce1915a: shutdown FollowerState
2019-10-23 22:22:02,126 [grpc-default-executor-4] INFO  impl.RoleInfo (RoleInfo.java:updateAndGet(143)) - d21ee1f1-33f6-483c-a18b-27782ce1915a: start FollowerState
2019-10-23 22:22:02,126 [Thread-1254] INFO  impl.FollowerState (FollowerState.java:run(117)) - d21ee1f1-33f6-483c-a18b-27782ce1915a@group-F043E0AED0ED-FollowerState was interrupted: java.lang.InterruptedException: sleep interrupted
2019-10-23 22:22:02,128 [aed1b97f-105e-4684-b087-4b6333aa3ced@group-F043E0AED0ED-LeaderElection154] INFO  impl.LeaderElection (LeaderElection.java:logAndReturn(56)) - aed1b97f-105e-4684-b087-4b6333aa3ced@group-F043E0AED0ED-LeaderElection154: Election TIMEOUT; received 0 response(s) [] and 0 exception(s); aed1b97f-105e-4684-b087-4b6333aa3ced@group-F043E0AED0ED:t169, leader=null, voted=aed1b97f-105e-4684-b087-4b6333aa3ced, raftlog=aed1b97f-105e-4684-b087-4b6333aa3ced@group-F043E0AED0ED-SegmentedRaftLog:OPENED:c-1,f-1,i0, conf=-1: [aed1b97f-105e-4684-b087-4b6333aa3ced:192.168.157.195:34943, 1c51b35f-55cb-4636-a00c-83d34bf2d9d4:192.168.157.195:34693, d21ee1f1-33f6-483c-a18b-27782ce1915a:192.168.157.195:46462], old=null
2019-10-23 22:22:02,144 [aed1b97f-105e-4684-b087-4b6333aa3ced@group-F043E0AED0ED-LeaderElection154] INFO  impl.LeaderElection (LeaderElection.java:askForVotes(178)) - aed1b97f-105e-4684-b087-4b6333aa3ced@group-F043E0AED0ED-LeaderElection154: begin an election at term 170 for -1: [aed1b97f-105e-4684-b087-4b6333aa3ced:192.168.157.195:34943, 1c51b35f-55cb-4636-a00c-83d34bf2d9d4:192.168.157.195:34693, d21ee1f1-33f6-483c-a18b-27782ce1915a:192.168.157.195:46462], old=null
2019-10-23 22:22:02,145 [aed1b97f-105e-4684-b087-4b6333aa3ced@group-F043E0AED0ED-LeaderElection154] INFO  impl.LeaderElection (LeaderElection.java:logAndReturn(56)) - aed1b97f-105e-4684-b087-4b6333aa3ced@group-F043E0AED0ED-LeaderElection154: Election TIMEOUT; received 0 response(s) [] and 0 exception(s); aed1b97f-105e-4684-b087-4b6333aa3ced@group-F043E0AED0ED:t170, leader=null, voted=aed1b97f-105e-4684-b087-4b6333aa3ced, raftlog=aed1b97f-105e-4684-b087-4b6333aa3ced@group-F043E0AED0ED-SegmentedRaftLog:OPENED:c-1,f-1,i0, conf=-1: [aed1b97f-105e-4684-b087-4b6333aa3ced:192.168.157.195:34943, 1c51b35f-55cb-4636-a00c-83d34bf2d9d4:192.168.157.195:34693, d21ee1f1-33f6-483c-a18b-27782ce1915a:192.168.157.195:46462], old=null
2019-10-23 22:22:02,147 [grpc-default-executor-4] INFO  impl.RaftServerImpl (RaftServerImpl.java:setRole(184)) - 1c51b35f-55cb-4636-a00c-83d34bf2d9d4@group-F043E0AED0ED: changes role from  FOLLOWER to FOLLOWER at term 170 for recognizeCandidate:aed1b97f-105e-4684-b087-4b6333aa3ced
2019-10-23 22:22:02,147 [grpc-default-executor-4] INFO  impl.RoleInfo (RoleInfo.java:shutdownFollowerState(121)) - 1c51b35f-55cb-4636-a00c-83d34bf2d9d4: shutdown FollowerState
2019-10-23 22:22:02,147 [grpc-default-executor-4] INFO  impl.RoleInfo (RoleInfo.java:updateAndGet(143)) - 1c51b35f-55cb-4636-a00c-83d34bf2d9d4: start FollowerState
2019-10-23 22:22:02,147 [Thread-1259] INFO  impl.FollowerState (FollowerState.java:run(117)) - 1c51b35f-55cb-4636-a00c-83d34bf2d9d4@group-F043E0AED0ED-FollowerState was interrupted: java.lang.InterruptedException: sleep interrupted
2019-10-23 22:22:02,148 [grpc-default-executor-0] INFO  impl.RaftServerImpl (RaftServerImpl.java:setRole(184)) - d21ee1f1-33f6-483c-a18b-27782ce1915a@group-F043E0AED0ED: changes role from  FOLLOWER to FOLLOWER at term 170 for recognizeCandidate:aed1b97f-105e-4684-b087-4b6333aa3ced
2019-10-23 22:22:02,148 [grpc-default-executor-0] INFO  impl.RoleInfo (RoleInfo.java:shutdownFollowerState(121)) - d21ee1f1-33f6-483c-a18b-27782ce1915a: shutdown FollowerState
2019-10-23 22:22:02,148 [grpc-default-executor-0] INFO  impl.RoleInfo (RoleInfo.java:updateAndGet(143)) - d21ee1f1-33f6-483c-a18b-27782ce1915a: start FollowerState
2019-10-23 22:22:02,148 [Thread-1260] INFO  impl.FollowerState (FollowerState.java:run(117)) - d21ee1f1-33f6-483c-a18b-27782ce1915a@group-F043E0AED0ED-FollowerState was interrupted: java.lang.InterruptedException: sleep interrupted
2019-10-23 22:22:02,164 [aed1b97f-105e-4684-b087-4b6333aa3ced@group-F043E0AED0ED-LeaderElection154] INFO  impl.LeaderElection (LeaderElection.java:askForVotes(178)) - aed1b97f-105e-4684-b087-4b6333aa3ced@group-F043E0AED0ED-LeaderElection154: begin an election at term 171 for -1: [aed1b97f-105e-4684-b087-4b6333aa3ced:192.168.157.195:34943, 1c51b35f-55cb-4636-a00c-83d34bf2d9d4:192.168.157.195:34693, d21ee1f1-33f6-483c-a18b-27782ce1915a:192.168.157.195:46462], old=null
2019-10-23 22:22:02,166 [grpc-default-executor-0] INFO  impl.RaftServerImpl (RaftServerImpl.java:setRole(184)) - 1c51b35f-55cb-4636-a00c-83d34bf2d9d4@group-F043E0AED0ED: changes role from  FOLLOWER to FOLLOWER at term 171 for recognizeCandidate:aed1b97f-105e-4684-b087-4b6333aa3ced
2019-10-23 22:22:02,166 [grpc-default-executor-0] INFO  impl.RoleInfo (RoleInfo.java:shutdownFollowerState(121)) - 1c51b35f-55cb-4636-a00c-83d34bf2d9d4: shutdown FollowerState
2019-10-23 22:22:02,166 [grpc-default-executor-0] INFO  impl.RoleInfo (RoleInfo.java:updateAndGet(143)) - 1c51b35f-55cb-4636-a00c-83d34bf2d9d4: start FollowerState
2019-10-23 22:22:02,166 [Thread-1263] INFO  impl.FollowerState (FollowerState.java:run(117)) - 1c51b35f-55cb-4636-a00c-83d34bf2d9d4@group-F043E0AED0ED-FollowerState was interrupted: java.lang.InterruptedException: sleep interrupted
2019-10-23 22:22:02,166 [grpc-default-executor-4] INFO  impl.RaftServerImpl (RaftServerImpl.java:setRole(184)) - d21ee1f1-33f6-483c-a18b-27782ce1915a@group-F043E0AED0ED: changes role from  FOLLOWER to FOLLOWER at term 171 for recognizeCandidate:aed1b97f-105e-4684-b087-4b6333aa3ced
2019-10-23 22:22:02,167 [grpc-default-executor-4] INFO  impl.RoleInfo (RoleInfo.java:shutdownFollowerState(121)) - d21ee1f1-33f6-483c-a18b-27782ce1915a: shutdown FollowerState
2019-10-23 22:22:02,167 [grpc-default-executor-4] INFO  impl.RoleInfo (RoleInfo.java:updateAndGet(143)) - d21ee1f1-33f6-483c-a18b-27782ce1915a: start FollowerState
2019-10-23 22:22:02,167 [Thread-1264] INFO  impl.FollowerState (FollowerState.java:run(117)) - d21ee1f1-33f6-483c-a18b-27782ce1915a@group-F043E0AED0ED-FollowerState was interrupted: java.lang.InterruptedException: sleep interrupted
2019-10-23 22:22:02,181 [aed1b97f-105e-4684-b087-4b6333aa3ced@group-F043E0AED0ED-LeaderElection154] INFO  impl.LeaderElection (LeaderElection.java:logAndReturn(56)) - aed1b97f-105e-4684-b087-4b6333aa3ced@group-F043E0AED0ED-LeaderElection154: Election REJECTED; received 2 response(s) [aed1b97f-105e-4684-b087-4b6333aa3ced<-1c51b35f-55cb-4636-a00c-83d34bf2d9d4#0:FAIL-t171, aed1b97f-105e-4684-b087-4b6333aa3ced<-d21ee1f1-33f6-483c-a18b-27782ce1915a#0:FAIL-t171] and 0 exception(s); aed1b97f-105e-4684-b087-4b6333aa3ced@group-F043E0AED0ED:t171, leader=null, voted=aed1b97f-105e-4684-b087-4b6333aa3ced, raftlog=aed1b97f-105e-4684-b087-4b6333aa3ced@group-F043E0AED0ED-SegmentedRaftLog:OPENED:c-1,f-1,i0, conf=-1: [aed1b97f-105e-4684-b087-4b6333aa3ced:192.168.157.195:34943, 1c51b35f-55cb-4636-a00c-83d34bf2d9d4:192.168.157.195:34693, d21ee1f1-33f6-483c-a18b-27782ce1915a:192.168.157.195:46462], old=null
2019-10-23 22:22:02,181 [aed1b97f-105e-4684-b087-4b6333aa3ced@group-F043E0AED0ED-LeaderElection154] INFO  impl.RaftServerImpl (RaftServerImpl.java:setRole(184)) - aed1b97f-105e-4684-b087-4b6333aa3ced@group-F043E0AED0ED: changes role from CANDIDATE to FOLLOWER at term 171 for DISCOVERED_A_NEW_TERM
2019-10-23 22:22:02,181 [aed1b97f-105e-4684-b087-4b6333aa3ced@group-F043E0AED0ED-LeaderElection154] INFO  impl.RoleInfo (RoleInfo.java:shutdownLeaderElection(134)) - aed1b97f-105e-4684-b087-4b6333aa3ced: shutdown LeaderElection
2019-10-23 22:22:02,182 [aed1b97f-105e-4684-b087-4b6333aa3ced@group-F043E0AED0ED-LeaderElection154] INFO  impl.RoleInfo (RoleInfo.java:updateAndGet(143)) - aed1b97f-105e-4684-b087-4b6333aa3ced: start FollowerState
2019-10-23 22:22:02,317 [Thread-1269] INFO  impl.FollowerState (FollowerState.java:run(108)) - aed1b97f-105e-4684-b087-4b6333aa3ced@group-F043E0AED0ED-FollowerState: change to CANDIDATE, lastRpcTime:135ms, electionTimeout:135ms
2019-10-23 22:22:02,317 [Thread-1269] INFO  impl.RoleInfo (RoleInfo.java:shutdownFollowerState(121)) - aed1b97f-105e-4684-b087-4b6333aa3ced: shutdown FollowerState
2019-10-23 22:22:02,317 [Thread-1269] INFO  impl.RaftServerImpl (RaftServerImpl.java:setRole(184)) - aed1b97f-105e-4684-b087-4b6333aa3ced@group-F043E0AED0ED: changes role from  FOLLOWER to CANDIDATE at term 171 for changeToCandidate
2019-10-23 22:22:02,318 [Thread-1269] INFO  impl.RoleInfo (RoleInfo.java:updateAndGet(143)) - aed1b97f-105e-4684-b087-4b6333aa3ced: start LeaderElection
2019-10-23 22:22:02,343 [aed1b97f-105e-4684-b087-4b6333aa3ced@group-F043E0AED0ED-LeaderElection155] INFO  impl.LeaderElection (LeaderElection.java:askForVotes(178)) - aed1b97f-105e-4684-b087-4b6333aa3ced@group-F043E0AED0ED-LeaderElection155: begin an election at term 172 for -1: [aed1b97f-105e-4684-b087-4b6333aa3ced:192.168.157.195:34943, 1c51b35f-55cb-4636-a00c-83d34bf2d9d4:192.168.157.195:34693, d21ee1f1-33f6-483c-a18b-27782ce1915a:192.168.157.195:46462], old=null
2019-10-23 22:22:02,346 [grpc-default-executor-0] INFO  impl.RaftServerImpl (RaftServerImpl.java:setRole(184)) - 1c51b35f-55cb-4636-a00c-83d34bf2d9d4@group-F043E0AED0ED: changes role from  FOLLOWER to FOLLOWER at term 172 for recognizeCandidate:aed1b97f-105e-4684-b087-4b6333aa3ced
2019-10-23 22:22:02,346 [grpc-default-executor-0] INFO  impl.RoleInfo (RoleInfo.java:shutdownFollowerState(121)) - 1c51b35f-55cb-4636-a00c-83d34bf2d9d4: shutdown FollowerState
2019-10-23 22:22:02,346 [grpc-default-executor-0] INFO  impl.RoleInfo (RoleInfo.java:updateAndGet(143)) - 1c51b35f-55cb-4636-a00c-83d34bf2d9d4: start FollowerState
2019-10-23 22:22:02,347 [Thread-1267] INFO  impl.FollowerState (FollowerState.java:run(117)) - 1c51b35f-55cb-4636-a00c-83d34bf2d9d4@group-F043E0AED0ED-FollowerState was interrupted: java.lang.InterruptedException: sleep interrupted
2019-10-23 22:22:02,347 [grpc-default-executor-4] INFO  impl.RaftServerImpl (RaftServerImpl.java:setRole(184)) - d21ee1f1-33f6-483c-a18b-27782ce1915a@group-F043E0AED0ED: changes role from  FOLLOWER to FOLLOWER at term 172 for recognizeCandidate:aed1b97f-105e-4684-b087-4b6333aa3ced
2019-10-23 22:22:02,347 [grpc-default-executor-4] INFO  impl.RoleInfo (RoleInfo.java:shutdownFollowerState(121)) - d21ee1f1-33f6-483c-a18b-27782ce1915a: shutdown FollowerState
2019-10-23 22:22:02,347 [grpc-default-executor-4] INFO  impl.RoleInfo (RoleInfo.java:updateAndGet(143)) - d21ee1f1-33f6-483c-a18b-27782ce1915a: start FollowerState
2019-10-23 22:22:02,348 [Thread-1268] INFO  impl.FollowerState (FollowerState.java:run(117)) - d21ee1f1-33f6-483c-a18b-27782ce1915a@group-F043E0AED0ED-FollowerState was interrupted: java.lang.InterruptedException: sleep interrupted
2019-10-23 22:22:02,349 [aed1b97f-105e-4684-b087-4b6333aa3ced@group-F043E0AED0ED-LeaderElection155] INFO  impl.LeaderElection (LeaderElection.java:logAndReturn(56)) - aed1b97f-105e-4684-b087-4b6333aa3ced@group-F043E0AED0ED-LeaderElection155: Election TIMEOUT; received 0 response(s) [] and 0 exception(s); aed1b97f-105e-4684-b087-4b6333aa3ced@group-F043E0AED0ED:t172, leader=null, voted=aed1b97f-105e-4684-b087-4b6333aa3ced, raftlog=aed1b97f-105e-4684-b087-4b6333aa3ced@group-F043E0AED0ED-SegmentedRaftLog:OPENED:c-1,f-1,i0, conf=-1: [aed1b97f-105e-4684-b087-4b6333aa3ced:192.168.157.195:34943, 1c51b35f-55cb-4636-a00c-83d34bf2d9d4:192.168.157.195:34693, d21ee1f1-33f6-483c-a18b-27782ce1915a:192.168.157.195:46462], old=null
2019-10-23 22:22:02,360 [aed1b97f-105e-4684-b087-4b6333aa3ced@group-F043E0AED0ED-LeaderElection155] INFO  impl.LeaderElection (LeaderElection.java:askForVotes(178)) - aed1b97f-105e-4684-b087-4b6333aa3ced@group-F043E0AED0ED-LeaderElection155: begin an election at term 173 for -1: [aed1b97f-105e-4684-b087-4b6333aa3ced:192.168.157.195:34943, 1c51b35f-55cb-4636-a00c-83d34bf2d9d4:192.168.157.195:34693, d21ee1f1-33f6-483c-a18b-27782ce1915a:192.168.157.195:46462], old=null
2019-10-23 22:22:02,363 [grpc-default-executor-0] INFO  impl.RaftServerImpl (RaftServerImpl.java:setRole(184)) - 1c51b35f-55cb-4636-a00c-83d34bf2d9d4@group-F043E0AED0ED: changes role from  FOLLOWER to FOLLOWER at term 173 for recognizeCandidate:aed1b97f-105e-4684-b087-4b6333aa3ced
2019-10-23 22:22:02,363 [grpc-default-executor-0] INFO  impl.RoleInfo (RoleInfo.java:shutdownFollowerState(121)) - 1c51b35f-55cb-4636-a00c-83d34bf2d9d4: shutdown FollowerState
2019-10-23 22:22:02,363 [grpc-default-executor-0] INFO  impl.RoleInfo (RoleInfo.java:updateAndGet(143)) - 1c51b35f-55cb-4636-a00c-83d34bf2d9d4: start FollowerState
2019-10-23 22:22:02,363 [Thread-1273] INFO  impl.FollowerState (FollowerState.java:run(117)) - 1c51b35f-55cb-4636-a00c-83d34bf2d9d4@group-F043E0AED0ED-FollowerState was interrupted: java.lang.InterruptedException: sleep interrupted
2019-10-23 22:22:02,364 [grpc-default-executor-4] INFO  impl.RaftServerImpl (RaftServerImpl.java:setRole(184)) - d21ee1f1-33f6-483c-a18b-27782ce1915a@group-F043E0AED0ED: changes role from  FOLLOWER to FOLLOWER at term 173 for recognizeCandidate:aed1b97f-105e-4684-b087-4b6333aa3ced
2019-10-23 22:22:02,364 [grpc-default-executor-4] INFO  impl.RoleInfo (RoleInfo.java:shutdownFollowerState(121)) - d21ee1f1-33f6-483c-a18b-27782ce1915a: shutdown FollowerState
2019-10-23 22:22:02,364 [grpc-default-executor-4] INFO  impl.RoleInfo (RoleInfo.java:updateAndGet(143)) - d21ee1f1-33f6-483c-a18b-27782ce1915a: start FollowerState
2019-10-23 22:22:02,364 [Thread-1274] INFO  impl.FollowerState (FollowerState.java:run(117)) - d21ee1f1-33f6-483c-a18b-27782ce1915a@group-F043E0AED0ED-FollowerState was interrupted: java.lang.InterruptedException: sleep interrupted
2019-10-23 22:22:02,378 [aed1b97f-105e-4684-b087-4b6333aa3ced@group-F043E0AED0ED-LeaderElection155] INFO  impl.LeaderElection (LeaderElection.java:logAndReturn(56)) - aed1b97f-105e-4684-b087-4b6333aa3ced@group-F043E0AED0ED-LeaderElection155: Election REJECTED; received 2 response(s) [aed1b97f-105e-4684-b087-4b6333aa3ced<-1c51b35f-55cb-4636-a00c-83d34bf2d9d4#0:FAIL-t173, aed1b97f-105e-4684-b087-4b6333aa3ced<-d21ee1f1-33f6-483c-a18b-27782ce1915a#0:FAIL-t173] and 0 exception(s); aed1b97f-105e-4684-b087-4b6333aa3ced@group-F043E0AED0ED:t173, leader=null, voted=aed1b97f-105e-4684-b087-4b6333aa3ced, raftlog=aed1b97f-105e-4684-b087-4b6333aa3ced@group-F043E0AED0ED-SegmentedRaftLog:OPENED:c-1,f-1,i0, conf=-1: [aed1b97f-105e-4684-b087-4b6333aa3ced:192.168.157.195:34943, 1c51b35f-55cb-4636-a00c-83d34bf2d9d4:192.168.157.195:34693, d21ee1f1-33f6-483c-a18b-27782ce1915a:192.168.157.195:46462], old=null
2019-10-23 22:22:02,379 [aed1b97f-105e-4684-b087-4b6333aa3ced@group-F043E0AED0ED-LeaderElection155] INFO  impl.RaftServerImpl (RaftServerImpl.java:setRole(184)) - aed1b97f-105e-4684-b087-4b6333aa3ced@group-F043E0AED0ED: changes role from CANDIDATE to FOLLOWER at term 173 for DISCOVERED_A_NEW_TERM
2019-10-23 22:22:02,379 [aed1b97f-105e-4684-b087-4b6333aa3ced@group-F043E0AED0ED-LeaderElection155] INFO  impl.RoleInfo (RoleInfo.java:shutdownLeaderElection(134)) - aed1b97f-105e-4684-b087-4b6333aa3ced: shutdown LeaderElection
2019-10-23 22:22:02,379 [aed1b97f-105e-4684-b087-4b6333aa3ced@group-F043E0AED0ED-LeaderElection155] INFO  impl.RoleInfo (RoleInfo.java:updateAndGet(143)) - aed1b97f-105e-4684-b087-4b6333aa3ced: start FollowerState
2019-10-23 22:22:02,563 [Thread-1279] INFO  impl.FollowerState (FollowerState.java:run(108)) - aed1b97f-105e-4684-b087-4b6333aa3ced@group-F043E0AED0ED-FollowerState: change to CANDIDATE, lastRpcTime:184ms, electionTimeout:184ms
2019-10-23 22:22:02,564 [Thread-1279] INFO  impl.RoleInfo (RoleInfo.java:shutdownFollowerState(121)) - aed1b97f-105e-4684-b087-4b6333aa3ced: shutdown FollowerState
2019-10-23 22:22:02,564 [Thread-1279] INFO  impl.RaftServerImpl (RaftServerImpl.java:setRole(184)) - aed1b97f-105e-4684-b087-4b6333aa3ced@group-F043E0AED0ED: changes role from  FOLLOWER to CANDIDATE at term 173 for changeToCandidate
2019-10-23 22:22:02,564 [Thread-1279] INFO  impl.RoleInfo (RoleInfo.java:updateAndGet(143)) - aed1b97f-105e-4684-b087-4b6333aa3ced: start LeaderElection
2019-10-23 22:22:02,578 [aed1b97f-105e-4684-b087-4b6333aa3ced@group-F043E0AED0ED-LeaderElection156] INFO  impl.LeaderElection (LeaderElection.java:askForVotes(178)) - aed1b97f-105e-4684-b087-4b6333aa3ced@group-F043E0AED0ED-LeaderElection156: begin an election at term 174 for -1: [aed1b97f-105e-4684-b087-4b6333aa3ced:192.168.157.195:34943, 1c51b35f-55cb-4636-a00c-83d34bf2d9d4:192.168.157.195:34693, d21ee1f1-33f6-483c-a18b-27782ce1915a:192.168.157.195:46462], old=null
2019-10-23 22:22:02,581 [grpc-default-executor-4] INFO  impl.RaftServerImpl (RaftServerImpl.java:setRole(184)) - 1c51b35f-55cb-4636-a00c-83d34bf2d9d4@group-F043E0AED0ED: changes role from  FOLLOWER to FOLLOWER at term 174 for recognizeCandidate:aed1b97f-105e-4684-b087-4b6333aa3ced
2019-10-23 22:22:02,581 [grpc-default-executor-4] INFO  impl.RoleInfo (RoleInfo.java:shutdownFollowerState(121)) - 1c51b35f-55cb-4636-a00c-83d34bf2d9d4: shutdown FollowerState
2019-10-23 22:22:02,581 [grpc-default-executor-4] INFO  impl.RoleInfo (RoleInfo.java:updateAndGet(143)) - 1c51b35f-55cb-4636-a00c-83d34bf2d9d4: start FollowerState
2019-10-23 22:22:02,581 [Thread-1277] INFO  impl.FollowerState (FollowerState.java:run(117)) - 1c51b35f-55cb-4636-a00c-83d34bf2d9d4@group-F043E0AED0ED-FollowerState was interrupted: java.lang.InterruptedException: sleep interrupted
2019-10-23 22:22:02,581 [grpc-default-executor-0] INFO  impl.RaftServerImpl (RaftServerImpl.java:setRole(184)) - d21ee1f1-33f6-483c-a18b-27782ce1915a@group-F043E0AED0ED: changes role from  FOLLOWER to FOLLOWER at term 174 for recognizeCandidate:aed1b97f-105e-4684-b087-4b6333aa3ced
2019-10-23 22:22:02,582 [grpc-default-executor-0] INFO  impl.RoleInfo (RoleInfo.java:shutdownFollowerState(121)) - d21ee1f1-33f6-483c-a18b-27782ce1915a: shutdown FollowerState
2019-10-23 22:22:02,582 [grpc-default-executor-0] INFO  impl.RoleInfo (RoleInfo.java:updateAndGet(143)) - d21ee1f1-33f6-483c-a18b-27782ce1915a: start FollowerState
2019-10-23 22:22:02,582 [Thread-1278] INFO  impl.FollowerState (FollowerState.java:run(117)) - d21ee1f1-33f6-483c-a18b-27782ce1915a@group-F043E0AED0ED-FollowerState was interrupted: java.lang.InterruptedException: sleep interrupted
2019-10-23 22:22:02,596 [aed1b97f-105e-4684-b087-4b6333aa3ced@group-F043E0AED0ED-LeaderElection156] INFO  impl.LeaderElection (LeaderElection.java:logAndReturn(56)) - aed1b97f-105e-4684-b087-4b6333aa3ced@group-F043E0AED0ED-LeaderElection156: Election REJECTED; received 2 response(s) [aed1b97f-105e-4684-b087-4b6333aa3ced<-1c51b35f-55cb-4636-a00c-83d34bf2d9d4#0:FAIL-t174, aed1b97f-105e-4684-b087-4b6333aa3ced<-d21ee1f1-33f6-483c-a18b-27782ce1915a#0:FAIL-t174] and 0 exception(s); aed1b97f-105e-4684-b087-4b6333aa3ced@group-F043E0AED0ED:t174, leader=null, voted=aed1b97f-105e-4684-b087-4b6333aa3ced, raftlog=aed1b97f-105e-4684-b087-4b6333aa3ced@group-F043E0AED0ED-SegmentedRaftLog:OPENED:c-1,f-1,i0, conf=-1: [aed1b97f-105e-4684-b087-4b6333aa3ced:192.168.157.195:34943, 1c51b35f-55cb-4636-a00c-83d34bf2d9d4:192.168.157.195:34693, d21ee1f1-33f6-483c-a18b-27782ce1915a:192.168.157.195:46462], old=null
2019-10-23 22:22:02,596 [aed1b97f-105e-4684-b087-4b6333aa3ced@group-F043E0AED0ED-LeaderElection156] INFO  impl.RaftServerImpl (RaftServerImpl.java:setRole(184)) - aed1b97f-105e-4684-b087-4b6333aa3ced@group-F043E0AED0ED: changes role from CANDIDATE to FOLLOWER at term 174 for DISCOVERED_A_NEW_TERM
2019-10-23 22:22:02,596 [aed1b97f-105e-4684-b087-4b6333aa3ced@group-F043E0AED0ED-LeaderElection156] INFO  impl.RoleInfo (RoleInfo.java:shutdownLeaderElection(134)) - aed1b97f-105e-4684-b087-4b6333aa3ced: shutdown LeaderElection
2019-10-23 22:22:02,597 [aed1b97f-105e-4684-b087-4b6333aa3ced@group-F043E0AED0ED-LeaderElection156] INFO  impl.RoleInfo (RoleInfo.java:updateAndGet(143)) - aed1b97f-105e-4684-b087-4b6333aa3ced: start FollowerState
2019-10-23 22:22:02,681 [Thread-1285] INFO  impl.FollowerState (FollowerState.java:run(108)) - aed1b97f-105e-4684-b087-4b6333aa3ced@group-F043E0AED0ED-FollowerState: change to CANDIDATE, lastRpcTime:84ms, electionTimeout:84ms
2019-10-23 22:22:02,681 [Thread-1285] INFO  impl.RoleInfo (RoleInfo.java:shutdownFollowerState(121)) - aed1b97f-105e-4684-b087-4b6333aa3ced: shutdown FollowerState
2019-10-23 22:22:02,681 [Thread-1285] INFO  impl.RaftServerImpl (RaftServerImpl.java:setRole(184)) - aed1b97f-105e-4684-b087-4b6333aa3ced@group-F043E0AED0ED: changes role from  FOLLOWER to CANDIDATE at term 174 for changeToCandidate
2019-10-23 22:22:02,682 [Thread-1285] INFO  impl.RoleInfo (RoleInfo.java:updateAndGet(143)) - aed1b97f-105e-4684-b087-4b6333aa3ced: start LeaderElection
2019-10-23 22:22:02,708 [aed1b97f-105e-4684-b087-4b6333aa3ced@group-F043E0AED0ED-LeaderElection157] INFO  impl.LeaderElection (LeaderElection.java:askForVotes(178)) - aed1b97f-105e-4684-b087-4b6333aa3ced@group-F043E0AED0ED-LeaderElection157: begin an election at term 175 for -1: [aed1b97f-105e-4684-b087-4b6333aa3ced:192.168.157.195:34943, 1c51b35f-55cb-4636-a00c-83d34bf2d9d4:192.168.157.195:34693, d21ee1f1-33f6-483c-a18b-27782ce1915a:192.168.157.195:46462], old=null
2019-10-23 22:22:02,710 [grpc-default-executor-0] INFO  impl.RaftServerImpl (RaftServerImpl.java:setRole(184)) - 1c51b35f-55cb-4636-a00c-83d34bf2d9d4@group-F043E0AED0ED: changes role from  FOLLOWER to FOLLOWER at term 175 for recognizeCandidate:aed1b97f-105e-4684-b087-4b6333aa3ced
2019-10-23 22:22:02,710 [grpc-default-executor-0] INFO  impl.RoleInfo (RoleInfo.java:shutdownFollowerState(121)) - 1c51b35f-55cb-4636-a00c-83d34bf2d9d4: shutdown FollowerState
2019-10-23 22:22:02,711 [grpc-default-executor-0] INFO  impl.RoleInfo (RoleInfo.java:updateAndGet(143)) - 1c51b35f-55cb-4636-a00c-83d34bf2d9d4: start FollowerState
2019-10-23 22:22:02,711 [grpc-default-executor-4] INFO  impl.RaftServerImpl (RaftServerImpl.java:setRole(184)) - d21ee1f1-33f6-483c-a18b-27782ce1915a@group-F043E0AED0ED: changes role from  FOLLOWER to FOLLOWER at term 175 for recognizeCandidate:aed1b97f-105e-4684-b087-4b6333aa3ced
2019-10-23 22:22:02,711 [grpc-default-executor-4] INFO  impl.RoleInfo (RoleInfo.java:shutdownFollowerState(121)) - d21ee1f1-33f6-483c-a18b-27782ce1915a: shutdown FollowerState
2019-10-23 22:22:02,711 [Thread-1283] INFO  impl.FollowerState (FollowerState.java:run(117)) - 1c51b35f-55cb-4636-a00c-83d34bf2d9d4@group-F043E0AED0ED-FollowerState was interrupted: java.lang.InterruptedException: sleep interrupted
2019-10-23 22:22:02,711 [grpc-default-executor-4] INFO  impl.RoleInfo (RoleInfo.java:updateAndGet(143)) - d21ee1f1-33f6-483c-a18b-27782ce1915a: start FollowerState
2019-10-23 22:22:02,711 [Thread-1284] INFO  impl.FollowerState (FollowerState.java:run(117)) - d21ee1f1-33f6-483c-a18b-27782ce1915a@group-F043E0AED0ED-FollowerState was interrupted: java.lang.InterruptedException: sleep interrupted
2019-10-23 22:22:02,725 [aed1b97f-105e-4684-b087-4b6333aa3ced@group-F043E0AED0ED-LeaderElection157] INFO  impl.LeaderElection (LeaderElection.java:logAndReturn(56)) - aed1b97f-105e-4684-b087-4b6333aa3ced@group-F043E0AED0ED-LeaderElection157: Election REJECTED; received 2 response(s) [aed1b97f-105e-4684-b087-4b6333aa3ced<-1c51b35f-55cb-4636-a00c-83d34bf2d9d4#0:FAIL-t175, aed1b97f-105e-4684-b087-4b6333aa3ced<-d21ee1f1-33f6-483c-a18b-27782ce1915a#0:FAIL-t175] and 0 exception(s); aed1b97f-105e-4684-b087-4b6333aa3ced@group-F043E0AED0ED:t175, leader=null, voted=aed1b97f-105e-4684-b087-4b6333aa3ced, raftlog=aed1b97f-105e-4684-b087-4b6333aa3ced@group-F043E0AED0ED-SegmentedRaftLog:OPENED:c-1,f-1,i0, conf=-1: [aed1b97f-105e-4684-b087-4b6333aa3ced:192.168.157.195:34943, 1c51b35f-55cb-4636-a00c-83d34bf2d9d4:192.168.157.195:34693, d21ee1f1-33f6-483c-a18b-27782ce1915a:192.168.157.195:46462], old=null
2019-10-23 22:22:02,725 [aed1b97f-105e-4684-b087-4b6333aa3ced@group-F043E0AED0ED-LeaderElection157] INFO  impl.RaftServerImpl (RaftServerImpl.java:setRole(184)) - aed1b97f-105e-4684-b087-4b6333aa3ced@group-F043E0AED0ED: changes role from CANDIDATE to FOLLOWER at term 175 for DISCOVERED_A_NEW_TERM
2019-10-23 22:22:02,726 [aed1b97f-105e-4684-b087-4b6333aa3ced@group-F043E0AED0ED-LeaderElection157] INFO  impl.RoleInfo (RoleInfo.java:shutdownLeaderElection(134)) - aed1b97f-105e-4684-b087-4b6333aa3ced: shutdown LeaderElection
2019-10-23 22:22:02,726 [aed1b97f-105e-4684-b087-4b6333aa3ced@group-F043E0AED0ED-LeaderElection157] INFO  impl.RoleInfo (RoleInfo.java:updateAndGet(143)) - aed1b97f-105e-4684-b087-4b6333aa3ced: start FollowerState
2019-10-23 22:22:02,902 [Thread-1291] INFO  impl.FollowerState (FollowerState.java:run(108)) - aed1b97f-105e-4684-b087-4b6333aa3ced@group-F043E0AED0ED-FollowerState: change to CANDIDATE, lastRpcTime:176ms, electionTimeout:176ms
2019-10-23 22:22:02,902 [Thread-1291] INFO  impl.RoleInfo (RoleInfo.java:shutdownFollowerState(121)) - aed1b97f-105e-4684-b087-4b6333aa3ced: shutdown FollowerState
2019-10-23 22:22:02,902 [Thread-1291] INFO  impl.RaftServerImpl (RaftServerImpl.java:setRole(184)) - aed1b97f-105e-4684-b087-4b6333aa3ced@group-F043E0AED0ED: changes role from  FOLLOWER to CANDIDATE at term 175 for changeToCandidate
2019-10-23 22:22:02,902 [Thread-1291] INFO  impl.RoleInfo (RoleInfo.java:updateAndGet(143)) - aed1b97f-105e-4684-b087-4b6333aa3ced: start LeaderElection
2019-10-23 22:22:02,928 [aed1b97f-105e-4684-b087-4b6333aa3ced@group-F043E0AED0ED-LeaderElection158] INFO  impl.LeaderElection (LeaderElection.java:askForVotes(178)) - aed1b97f-105e-4684-b087-4b6333aa3ced@group-F043E0AED0ED-LeaderElection158: begin an election at term 176 for -1: [aed1b97f-105e-4684-b087-4b6333aa3ced:192.168.157.195:34943, 1c51b35f-55cb-4636-a00c-83d34bf2d9d4:192.168.157.195:34693, d21ee1f1-33f6-483c-a18b-27782ce1915a:192.168.157.195:46462], old=null
2019-10-23 22:22:02,931 [grpc-default-executor-0] INFO  impl.RaftServerImpl (RaftServerImpl.java:setRole(184)) - 1c51b35f-55cb-4636-a00c-83d34bf2d9d4@group-F043E0AED0ED: changes role from  FOLLOWER to FOLLOWER at term 176 for recognizeCandidate:aed1b97f-105e-4684-b087-4b6333aa3ced
2019-10-23 22:22:02,931 [grpc-default-executor-0] INFO  impl.RoleInfo (RoleInfo.java:shutdownFollowerState(121)) - 1c51b35f-55cb-4636-a00c-83d34bf2d9d4: shutdown FollowerState
2019-10-23 22:22:02,931 [grpc-default-executor-4] INFO  impl.RaftServerImpl (RaftServerImpl.java:setRole(184)) - d21ee1f1-33f6-483c-a18b-27782ce1915a@group-F043E0AED0ED: changes role from  FOLLOWER to FOLLOWER at term 176 for recognizeCandidate:aed1b97f-105e-4684-b087-4b6333aa3ced
2019-10-23 22:22:02,932 [Thread-1289] INFO  impl.FollowerState (FollowerState.java:run(117)) - 1c51b35f-55cb-4636-a00c-83d34bf2d9d4@group-F043E0AED0ED-FollowerState was interrupted: java.lang.InterruptedException: sleep interrupted
2019-10-23 22:22:02,931 [grpc-default-executor-0] INFO  impl.RoleInfo (RoleInfo.java:updateAndGet(143)) - 1c51b35f-55cb-4636-a00c-83d34bf2d9d4: start FollowerState
2019-10-23 22:22:02,932 [grpc-default-executor-4] INFO  impl.RoleInfo (RoleInfo.java:shutdownFollowerState(121)) - d21ee1f1-33f6-483c-a18b-27782ce1915a: shutdown FollowerState
2019-10-23 22:22:02,932 [grpc-default-executor-4] INFO  impl.RoleInfo (RoleInfo.java:updateAndGet(143)) - d21ee1f1-33f6-483c-a18b-27782ce1915a: start FollowerState
2019-10-23 22:22:02,932 [Thread-1290] INFO  impl.FollowerState (FollowerState.java:run(117)) - d21ee1f1-33f6-483c-a18b-27782ce1915a@group-F043E0AED0ED-FollowerState was interrupted: java.lang.InterruptedException: sleep interrupted
2019-10-23 22:22:02,946 [aed1b97f-105e-4684-b087-4b6333aa3ced@group-F043E0AED0ED-LeaderElection158] INFO  impl.LeaderElection (LeaderElection.java:logAndReturn(56)) - aed1b97f-105e-4684-b087-4b6333aa3ced@group-F043E0AED0ED-LeaderElection158: Election REJECTED; received 2 response(s) [aed1b97f-105e-4684-b087-4b6333aa3ced<-1c51b35f-55cb-4636-a00c-83d34bf2d9d4#0:FAIL-t176, aed1b97f-105e-4684-b087-4b6333aa3ced<-d21ee1f1-33f6-483c-a18b-27782ce1915a#0:FAIL-t176] and 0 exception(s); aed1b97f-105e-4684-b087-4b6333aa3ced@group-F043E0AED0ED:t176, leader=null, voted=aed1b97f-105e-4684-b087-4b6333aa3ced, raftlog=aed1b97f-105e-4684-b087-4b6333aa3ced@group-F043E0AED0ED-SegmentedRaftLog:OPENED:c-1,f-1,i0, conf=-1: [aed1b97f-105e-4684-b087-4b6333aa3ced:192.168.157.195:34943, 1c51b35f-55cb-4636-a00c-83d34bf2d9d4:192.168.157.195:34693, d21ee1f1-33f6-483c-a18b-27782ce1915a:192.168.157.195:46462], old=null
2019-10-23 22:22:02,947 [aed1b97f-105e-4684-b087-4b6333aa3ced@group-F043E0AED0ED-LeaderElection158] INFO  impl.RaftServerImpl (RaftServerImpl.java:setRole(184)) - aed1b97f-105e-4684-b087-4b6333aa3ced@group-F043E0AED0ED: changes role from CANDIDATE to FOLLOWER at term 176 for DISCOVERED_A_NEW_TERM
2019-10-23 22:22:02,947 [aed1b97f-105e-4684-b087-4b6333aa3ced@group-F043E0AED0ED-LeaderElection158] INFO  impl.RoleInfo (RoleInfo.java:shutdownLeaderElection(134)) - aed1b97f-105e-4684-b087-4b6333aa3ced: shutdown LeaderElection
2019-10-23 22:22:02,947 [aed1b97f-105e-4684-b087-4b6333aa3ced@group-F043E0AED0ED-LeaderElection158] INFO  impl.RoleInfo (RoleInfo.java:updateAndGet(143)) - aed1b97f-105e-4684-b087-4b6333aa3ced: start FollowerState
2019-10-23 22:22:03,033 [Thread-1297] INFO  impl.FollowerState (FollowerState.java:run(108)) - aed1b97f-105e-4684-b087-4b6333aa3ced@group-F043E0AED0ED-FollowerState: change to CANDIDATE, lastRpcTime:86ms, electionTimeout:86ms
2019-10-23 22:22:03,034 [Thread-1297] INFO  impl.RoleInfo (RoleInfo.java:shutdownFollowerState(121)) - aed1b97f-105e-4684-b087-4b6333aa3ced: shutdown FollowerState
2019-10-23 22:22:03,034 [Thread-1297] INFO  impl.RaftServerImpl (RaftServerImpl.java:setRole(184)) - aed1b97f-105e-4684-b087-4b6333aa3ced@group-F043E0AED0ED: changes role from  FOLLOWER to CANDIDATE at term 176 for changeToCandidate
2019-10-23 22:22:03,034 [Thread-1297] INFO  impl.RoleInfo (RoleInfo.java:updateAndGet(143)) - aed1b97f-105e-4684-b087-4b6333aa3ced: start LeaderElection
2019-10-23 22:22:03,050 [aed1b97f-105e-4684-b087-4b6333aa3ced@group-F043E0AED0ED-LeaderElection159] INFO  impl.LeaderElection (LeaderElection.java:askForVotes(178)) - aed1b97f-105e-4684-b087-4b6333aa3ced@group-F043E0AED0ED-LeaderElection159: begin an election at term 177 for -1: [aed1b97f-105e-4684-b087-4b6333aa3ced:192.168.157.195:34943, 1c51b35f-55cb-4636-a00c-83d34bf2d9d4:192.168.157.195:34693, d21ee1f1-33f6-483c-a18b-27782ce1915a:192.168.157.195:46462], old=null
2019-10-23 22:22:03,053 [grpc-default-executor-4] INFO  impl.RaftServerImpl (RaftServerImpl.java:setRole(184)) - d21ee1f1-33f6-483c-a18b-27782ce1915a@group-F043E0AED0ED: changes role from  FOLLOWER to FOLLOWER at term 177 for recognizeCandidate:aed1b97f-105e-4684-b087-4b6333aa3ced
2019-10-23 22:22:03,053 [grpc-default-executor-0] INFO  impl.RaftServerImpl (RaftServerImpl.java:setRole(184)) - 1c51b35f-55cb-4636-a00c-83d34bf2d9d4@group-F043E0AED0ED: changes role from  FOLLOWER to FOLLOWER at term 177 for recognizeCandidate:aed1b97f-105e-4684-b087-4b6333aa3ced
2019-10-23 22:22:03,053 [grpc-default-executor-4] INFO  impl.RoleInfo (RoleInfo.java:shutdownFollowerState(121)) - d21ee1f1-33f6-483c-a18b-27782ce1915a: shutdown FollowerState
2019-10-23 22:22:03,053 [grpc-default-executor-0] INFO  impl.RoleInfo (RoleInfo.java:shutdownFollowerState(121)) - 1c51b35f-55cb-4636-a00c-83d34bf2d9d4: shutdown FollowerState
2019-10-23 22:22:03,053 [grpc-default-executor-4] INFO  impl.RoleInfo (RoleInfo.java:updateAndGet(143)) - d21ee1f1-33f6-483c-a18b-27782ce1915a: start FollowerState
2019-10-23 22:22:03,053 [grpc-default-executor-0] INFO  impl.RoleInfo (RoleInfo.java:updateAndGet(143)) - 1c51b35f-55cb-4636-a00c-83d34bf2d9d4: start FollowerState
2019-10-23 22:22:03,053 [Thread-1296] INFO  impl.FollowerState (FollowerState.java:run(117)) - d21ee1f1-33f6-483c-a18b-27782ce1915a@group-F043E0AED0ED-FollowerState was interrupted: java.lang.InterruptedException: sleep interrupted
2019-10-23 22:22:03,053 [Thread-1295] INFO  impl.FollowerState (FollowerState.java:run(117)) - 1c51b35f-55cb-4636-a00c-83d34bf2d9d4@group-F043E0AED0ED-FollowerState was interrupted: java.lang.InterruptedException: sleep interrupted
2019-10-23 22:22:03,062 [aed1b97f-105e-4684-b087-4b6333aa3ced@group-F043E0AED0ED-LeaderElection159] INFO  impl.LeaderElection (LeaderElection.java:logAndReturn(56)) - aed1b97f-105e-4684-b087-4b6333aa3ced@group-F043E0AED0ED-LeaderElection159: Election TIMEOUT; received 0 response(s) [] and 0 exception(s); aed1b97f-105e-4684-b087-4b6333aa3ced@group-F043E0AED0ED:t177, leader=null, voted=aed1b97f-105e-4684-b087-4b6333aa3ced, raftlog=aed1b97f-105e-4684-b087-4b6333aa3ced@group-F043E0AED0ED-SegmentedRaftLog:OPENED:c-1,f-1,i0, conf=-1: [aed1b97f-105e-4684-b087-4b6333aa3ced:192.168.157.195:34943, 1c51b35f-55cb-4636-a00c-83d34bf2d9d4:192.168.157.195:34693, d21ee1f1-33f6-483c-a18b-27782ce1915a:192.168.157.195:46462], old=null
2019-10-23 22:22:03,067 [aed1b97f-105e-4684-b087-4b6333aa3ced@group-F043E0AED0ED-LeaderElection159] INFO  impl.LeaderElection (LeaderElection.java:askForVotes(178)) - aed1b97f-105e-4684-b087-4b6333aa3ced@group-F043E0AED0ED-LeaderElection159: begin an election at term 178 for -1: [aed1b97f-105e-4684-b087-4b6333aa3ced:192.168.157.195:34943, 1c51b35f-55cb-4636-a00c-83d34bf2d9d4:192.168.157.195:34693, d21ee1f1-33f6-483c-a18b-27782ce1915a:192.168.157.195:46462], old=null
2019-10-23 22:22:03,069 [grpc-default-executor-4] INFO  impl.RaftServerImpl (RaftServerImpl.java:setRole(184)) - 1c51b35f-55cb-4636-a00c-83d34bf2d9d4@group-F043E0AED0ED: changes role from  FOLLOWER to FOLLOWER at term 178 for recognizeCandidate:aed1b97f-105e-4684-b087-4b6333aa3ced
2019-10-23 22:22:03,069 [grpc-default-executor-0] INFO  impl.RaftServerImpl (RaftServerImpl.java:setRole(184)) - d21ee1f1-33f6-483c-a18b-27782ce1915a@group-F043E0AED0ED: changes role from  FOLLOWER to FOLLOWER at term 178 for recognizeCandidate:aed1b97f-105e-4684-b087-4b6333aa3ced
2019-10-23 22:22:03,069 [grpc-default-executor-4] INFO  impl.RoleInfo (RoleInfo.java:shutdownFollowerState(121)) - 1c51b35f-55cb-4636-a00c-83d34bf2d9d4: shutdown FollowerState
2019-10-23 22:22:03,069 [grpc-default-executor-0] INFO  impl.RoleInfo (RoleInfo.java:shutdownFollowerState(121)) - d21ee1f1-33f6-483c-a18b-27782ce1915a: shutdown FollowerState
2019-10-23 22:22:03,069 [grpc-default-executor-4] INFO  impl.RoleInfo (RoleInfo.java:updateAndGet(143)) - 1c51b35f-55cb-4636-a00c-83d34bf2d9d4: start FollowerState
2019-10-23 22:22:03,069 [Thread-1302] INFO  impl.FollowerState (FollowerState.java:run(117)) - 1c51b35f-55cb-4636-a00c-83d34bf2d9d4@group-F043E0AED0ED-FollowerState was interrupted: java.lang.InterruptedException: sleep interrupted
2019-10-23 22:22:03,069 [grpc-default-executor-0] INFO  impl.RoleInfo (RoleInfo.java:updateAndGet(143)) - d21ee1f1-33f6-483c-a18b-27782ce1915a: start FollowerState
2019-10-23 22:22:03,070 [Thread-1301] INFO  impl.FollowerState (FollowerState.java:run(117)) - d21ee1f1-33f6-483c-a18b-27782ce1915a@group-F043E0AED0ED-FollowerState was interrupted: java.lang.InterruptedException: sleep interrupted
2019-10-23 22:22:03,084 [aed1b97f-105e-4684-b087-4b6333aa3ced@group-F043E0AED0ED-LeaderElection159] INFO  impl.LeaderElection (LeaderElection.java:logAndReturn(56)) - aed1b97f-105e-4684-b087-4b6333aa3ced@group-F043E0AED0ED-LeaderElection159: Election REJECTED; received 2 response(s) [aed1b97f-105e-4684-b087-4b6333aa3ced<-1c51b35f-55cb-4636-a00c-83d34bf2d9d4#0:FAIL-t178, aed1b97f-105e-4684-b087-4b6333aa3ced<-d21ee1f1-33f6-483c-a18b-27782ce1915a#0:FAIL-t178] and 0 exception(s); aed1b97f-105e-4684-b087-4b6333aa3ced@group-F043E0AED0ED:t178, leader=null, voted=aed1b97f-105e-4684-b087-4b6333aa3ced, raftlog=aed1b97f-105e-4684-b087-4b6333aa3ced@group-F043E0AED0ED-SegmentedRaftLog:OPENED:c-1,f-1,i0, conf=-1: [aed1b97f-105e-4684-b087-4b6333aa3ced:192.168.157.195:34943, 1c51b35f-55cb-4636-a00c-83d34bf2d9d4:192.168.157.195:34693, d21ee1f1-33f6-483c-a18b-27782ce1915a:192.168.157.195:46462], old=null
2019-10-23 22:22:03,084 [aed1b97f-105e-4684-b087-4b6333aa3ced@group-F043E0AED0ED-LeaderElection159] INFO  impl.RaftServerImpl (RaftServerImpl.java:setRole(184)) - aed1b97f-105e-4684-b087-4b6333aa3ced@group-F043E0AED0ED: changes role from CANDIDATE to FOLLOWER at term 178 for DISCOVERED_A_NEW_TERM
2019-10-23 22:22:03,084 [aed1b97f-105e-4684-b087-4b6333aa3ced@group-F043E0AED0ED-LeaderElection159] INFO  impl.RoleInfo (RoleInfo.java:shutdownLeaderElection(134)) - aed1b97f-105e-4684-b087-4b6333aa3ced: shutdown LeaderElection
2019-10-23 22:22:03,084 [aed1b97f-105e-4684-b087-4b6333aa3ced@group-F043E0AED0ED-LeaderElection159] INFO  impl.RoleInfo (RoleInfo.java:updateAndGet(143)) - aed1b97f-105e-4684-b087-4b6333aa3ced: start FollowerState
2019-10-23 22:22:03,182 [Thread-1309] INFO  impl.FollowerState (FollowerState.java:run(108)) - aed1b97f-105e-4684-b087-4b6333aa3ced@group-F043E0AED0ED-FollowerState: change to CANDIDATE, lastRpcTime:97ms, electionTimeout:97ms
2019-10-23 22:22:03,182 [Thread-1309] INFO  impl.RoleInfo (RoleInfo.java:shutdownFollowerState(121)) - aed1b97f-105e-4684-b087-4b6333aa3ced: shutdown FollowerState
2019-10-23 22:22:03,182 [Thread-1309] INFO  impl.RaftServerImpl (RaftServerImpl.java:setRole(184)) - aed1b97f-105e-4684-b087-4b6333aa3ced@group-F043E0AED0ED: changes role from  FOLLOWER to CANDIDATE at term 178 for changeToCandidate
2019-10-23 22:22:03,182 [Thread-1309] INFO  impl.RoleInfo (RoleInfo.java:updateAndGet(143)) - aed1b97f-105e-4684-b087-4b6333aa3ced: start LeaderElection
2019-10-23 22:22:03,196 [aed1b97f-105e-4684-b087-4b6333aa3ced@group-F043E0AED0ED-LeaderElection160] INFO  impl.LeaderElection (LeaderElection.java:askForVotes(178)) - aed1b97f-105e-4684-b087-4b6333aa3ced@group-F043E0AED0ED-LeaderElection160: begin an election at term 179 for -1: [aed1b97f-105e-4684-b087-4b6333aa3ced:192.168.157.195:34943, 1c51b35f-55cb-4636-a00c-83d34bf2d9d4:192.168.157.195:34693, d21ee1f1-33f6-483c-a18b-27782ce1915a:192.168.157.195:46462], old=null
2019-10-23 22:22:03,199 [grpc-default-executor-0] INFO  impl.RaftServerImpl (RaftServerImpl.java:setRole(184)) - 1c51b35f-55cb-4636-a00c-83d34bf2d9d4@group-F043E0AED0ED: changes role from  FOLLOWER to FOLLOWER at term 179 for recognizeCandidate:aed1b97f-105e-4684-b087-4b6333aa3ced
2019-10-23 22:22:03,199 [grpc-default-executor-4] INFO  impl.RaftServerImpl (RaftServerImpl.java:setRole(184)) - d21ee1f1-33f6-483c-a18b-27782ce1915a@group-F043E0AED0ED: changes role from  FOLLOWER to FOLLOWER at term 179 for recognizeCandidate:aed1b97f-105e-4684-b087-4b6333aa3ced
2019-10-23 22:22:03,199 [grpc-default-executor-4] INFO  impl.RoleInfo (RoleInfo.java:shutdownFollowerState(121)) - d21ee1f1-33f6-483c-a18b-27782ce1915a: shutdown FollowerState
2019-10-23 22:22:03,199 [grpc-default-executor-0] INFO  impl.RoleInfo (RoleInfo.java:shutdownFollowerState(121)) - 1c51b35f-55cb-4636-a00c-83d34bf2d9d4: shutdown FollowerState
2019-10-23 22:22:03,199 [grpc-default-executor-4] INFO  impl.RoleInfo (RoleInfo.java:updateAndGet(143)) - d21ee1f1-33f6-483c-a18b-27782ce1915a: start FollowerState
2019-10-23 22:22:03,200 [grpc-default-executor-0] INFO  impl.RoleInfo (RoleInfo.java:updateAndGet(143)) - 1c51b35f-55cb-4636-a00c-83d34bf2d9d4: start FollowerState
2019-10-23 22:22:03,200 [Thread-1308] INFO  impl.FollowerState (FollowerState.java:run(117)) - d21ee1f1-33f6-483c-a18b-27782ce1915a@group-F043E0AED0ED-FollowerState was interrupted: java.lang.InterruptedException: sleep interrupted
2019-10-23 22:22:03,200 [Thread-1307] INFO  impl.FollowerState (FollowerState.java:run(117)) - 1c51b35f-55cb-4636-a00c-83d34bf2d9d4@group-F043E0AED0ED-FollowerState was interrupted: java.lang.InterruptedException: sleep interrupted
2019-10-23 22:22:03,214 [aed1b97f-105e-4684-b087-4b6333aa3ced@group-F043E0AED0ED-LeaderElection160] INFO  impl.LeaderElection (LeaderElection.java:logAndReturn(56)) - aed1b97f-105e-4684-b087-4b6333aa3ced@group-F043E0AED0ED-LeaderElection160: Election REJECTED; received 2 response(s) [aed1b97f-105e-4684-b087-4b6333aa3ced<-1c51b35f-55cb-4636-a00c-83d34bf2d9d4#0:FAIL-t179, aed1b97f-105e-4684-b087-4b6333aa3ced<-d21ee1f1-33f6-483c-a18b-27782ce1915a#0:FAIL-t179] and 0 exception(s); aed1b97f-105e-4684-b087-4b6333aa3ced@group-F043E0AED0ED:t179, leader=null, voted=aed1b97f-105e-4684-b087-4b6333aa3ced, raftlog=aed1b97f-105e-4684-b087-4b6333aa3ced@group-F043E0AED0ED-SegmentedRaftLog:OPENED:c-1,f-1,i0, conf=-1: [aed1b97f-105e-4684-b087-4b6333aa3ced:192.168.157.195:34943, 1c51b35f-55cb-4636-a00c-83d34bf2d9d4:192.168.157.195:34693, d21ee1f1-33f6-483c-a18b-27782ce1915a:192.168.157.195:46462], old=null
2019-10-23 22:22:03,214 [aed1b97f-105e-4684-b087-4b6333aa3ced@group-F043E0AED0ED-LeaderElection160] INFO  impl.RaftServerImpl (RaftServerImpl.java:setRole(184)) - aed1b97f-105e-4684-b087-4b6333aa3ced@group-F043E0AED0ED: changes role from CANDIDATE to FOLLOWER at term 179 for DISCOVERED_A_NEW_TERM
2019-10-23 22:22:03,214 [aed1b97f-105e-4684-b087-4b6333aa3ced@group-F043E0AED0ED-LeaderElection160] INFO  impl.RoleInfo (RoleInfo.java:shutdownLeaderElection(134)) - aed1b97f-105e-4684-b087-4b6333aa3ced: shutdown LeaderElection
2019-10-23 22:22:03,214 [aed1b97f-105e-4684-b087-4b6333aa3ced@group-F043E0AED0ED-LeaderElection160] INFO  impl.RoleInfo (RoleInfo.java:updateAndGet(143)) - aed1b97f-105e-4684-b087-4b6333aa3ced: start FollowerState
2019-10-23 22:22:03,263 [Thread-1315] INFO  impl.FollowerState (FollowerState.java:run(108)) - aed1b97f-105e-4684-b087-4b6333aa3ced@group-F043E0AED0ED-FollowerState: change to CANDIDATE, lastRpcTime:48ms, electionTimeout:48ms
2019-10-23 22:22:03,263 [Thread-1315] INFO  impl.RoleInfo (RoleInfo.java:shutdownFollowerState(121)) - aed1b97f-105e-4684-b087-4b6333aa3ced: shutdown FollowerState
2019-10-23 22:22:03,263 [Thread-1315] INFO  impl.RaftServerImpl (RaftServerImpl.java:setRole(184)) - aed1b97f-105e-4684-b087-4b6333aa3ced@group-F043E0AED0ED: changes role from  FOLLOWER to CANDIDATE at term 179 for changeToCandidate
2019-10-23 22:22:03,263 [Thread-1315] INFO  impl.RoleInfo (RoleInfo.java:updateAndGet(143)) - aed1b97f-105e-4684-b087-4b6333aa3ced: start LeaderElection
2019-10-23 22:22:03,277 [aed1b97f-105e-4684-b087-4b6333aa3ced@group-F043E0AED0ED-LeaderElection161] INFO  impl.LeaderElection (LeaderElection.java:askForVotes(178)) - aed1b97f-105e-4684-b087-4b6333aa3ced@group-F043E0AED0ED-LeaderElection161: begin an election at term 180 for -1: [aed1b97f-105e-4684-b087-4b6333aa3ced:192.168.157.195:34943, 1c51b35f-55cb-4636-a00c-83d34bf2d9d4:192.168.157.195:34693, d21ee1f1-33f6-483c-a18b-27782ce1915a:192.168.157.195:46462], old=null
2019-10-23 22:22:03,280 [grpc-default-executor-0] INFO  impl.RaftServerImpl (RaftServerImpl.java:setRole(184)) - d21ee1f1-33f6-483c-a18b-27782ce1915a@group-F043E0AED0ED: changes role from  FOLLOWER to FOLLOWER at term 180 for recognizeCandidate:aed1b97f-105e-4684-b087-4b6333aa3ced
2019-10-23 22:22:03,280 [grpc-default-executor-4] INFO  impl.RaftServerImpl (RaftServerImpl.java:setRole(184)) - 1c51b35f-55cb-4636-a00c-83d34bf2d9d4@group-F043E0AED0ED: changes role from  FOLLOWER to FOLLOWER at term 180 for recognizeCandidate:aed1b97f-105e-4684-b087-4b6333aa3ced
2019-10-23 22:22:03,280 [grpc-default-executor-0] INFO  impl.RoleInfo (RoleInfo.java:shutdownFollowerState(121)) - d21ee1f1-33f6-483c-a18b-27782ce1915a: shutdown FollowerState
2019-10-23 22:22:03,281 [grpc-default-executor-4] INFO  impl.RoleInfo (RoleInfo.java:shutdownFollowerState(121)) - 1c51b35f-55cb-4636-a00c-83d34bf2d9d4: shutdown FollowerState
2019-10-23 22:22:03,281 [grpc-default-executor-0] INFO  impl.RoleInfo (RoleInfo.java:updateAndGet(143)) - d21ee1f1-33f6-483c-a18b-27782ce1915a: start FollowerState
2019-10-23 22:22:03,281 [Thread-1314] INFO  impl.FollowerState (FollowerState.java:run(117)) - 1c51b35f-55cb-4636-a00c-83d34bf2d9d4@group-F043E0AED0ED-FollowerState was interrupted: java.lang.InterruptedException: sleep interrupted
2019-10-23 22:22:03,281 [Thread-1313] INFO  impl.FollowerState (FollowerState.java:run(117)) - d21ee1f1-33f6-483c-a18b-27782ce1915a@group-F043E0AED0ED-FollowerState was interrupted: java.lang.InterruptedException: sleep interrupted
2019-10-23 22:22:03,281 [grpc-default-executor-4] INFO  impl.RoleInfo (RoleInfo.java:updateAndGet(143)) - 1c51b35f-55cb-4636-a00c-83d34bf2d9d4: start FollowerState
2019-10-23 22:22:03,308 [aed1b97f-105e-4684-b087-4b6333aa3ced@group-F043E0AED0ED-LeaderElection161] INFO  impl.LeaderElection (LeaderElection.java:logAndReturn(56)) - aed1b97f-105e-4684-b087-4b6333aa3ced@group-F043E0AED0ED-LeaderElection161: Election REJECTED; received 2 response(s) [aed1b97f-105e-4684-b087-4b6333aa3ced<-1c51b35f-55cb-4636-a00c-83d34bf2d9d4#0:FAIL-t180, aed1b97f-105e-4684-b087-4b6333aa3ced<-d21ee1f1-33f6-483c-a18b-27782ce1915a#0:FAIL-t180] and 0 exception(s); aed1b97f-105e-4684-b087-4b6333aa3ced@group-F043E0AED0ED:t180, leader=null, voted=aed1b97f-105e-4684-b087-4b6333aa3ced, raftlog=aed1b97f-105e-4684-b087-4b6333aa3ced@group-F043E0AED0ED-SegmentedRaftLog:OPENED:c-1,f-1,i0, conf=-1: [aed1b97f-105e-4684-b087-4b6333aa3ced:192.168.157.195:34943, 1c51b35f-55cb-4636-a00c-83d34bf2d9d4:192.168.157.195:34693, d21ee1f1-33f6-483c-a18b-27782ce1915a:192.168.157.195:46462], old=null
2019-10-23 22:22:03,308 [aed1b97f-105e-4684-b087-4b6333aa3ced@group-F043E0AED0ED-LeaderElection161] INFO  impl.RaftServerImpl (RaftServerImpl.java:setRole(184)) - aed1b97f-105e-4684-b087-4b6333aa3ced@group-F043E0AED0ED: changes role from CANDIDATE to FOLLOWER at term 180 for DISCOVERED_A_NEW_TERM
2019-10-23 22:22:03,308 [aed1b97f-105e-4684-b087-4b6333aa3ced@group-F043E0AED0ED-LeaderElection161] INFO  impl.RoleInfo (RoleInfo.java:shutdownLeaderElection(134)) - aed1b97f-105e-4684-b087-4b6333aa3ced: shutdown LeaderElection
2019-10-23 22:22:03,308 [aed1b97f-105e-4684-b087-4b6333aa3ced@group-F043E0AED0ED-LeaderElection161] INFO  impl.RoleInfo (RoleInfo.java:updateAndGet(143)) - aed1b97f-105e-4684-b087-4b6333aa3ced: start FollowerState
2019-10-23 22:22:03,452 [Thread-1321] INFO  impl.FollowerState (FollowerState.java:run(108)) - aed1b97f-105e-4684-b087-4b6333aa3ced@group-F043E0AED0ED-FollowerState: change to CANDIDATE, lastRpcTime:143ms, electionTimeout:143ms
2019-10-23 22:22:03,452 [Thread-1321] INFO  impl.RoleInfo (RoleInfo.java:shutdownFollowerState(121)) - aed1b97f-105e-4684-b087-4b6333aa3ced: shutdown FollowerState
2019-10-23 22:22:03,452 [Thread-1321] INFO  impl.RaftServerImpl (RaftServerImpl.java:setRole(184)) - aed1b97f-105e-4684-b087-4b6333aa3ced@group-F043E0AED0ED: changes role from  FOLLOWER to CANDIDATE at term 180 for changeToCandidate
2019-10-23 22:22:03,452 [Thread-1321] INFO  impl.RoleInfo (RoleInfo.java:updateAndGet(143)) - aed1b97f-105e-4684-b087-4b6333aa3ced: start LeaderElection
2019-10-23 22:22:03,478 [aed1b97f-105e-4684-b087-4b6333aa3ced@group-F043E0AED0ED-LeaderElection162] INFO  impl.LeaderElection (LeaderElection.java:askForVotes(178)) - aed1b97f-105e-4684-b087-4b6333aa3ced@group-F043E0AED0ED-LeaderElection162: begin an election at term 181 for -1: [aed1b97f-105e-4684-b087-4b6333aa3ced:192.168.157.195:34943, 1c51b35f-55cb-4636-a00c-83d34bf2d9d4:192.168.157.195:34693, d21ee1f1-33f6-483c-a18b-27782ce1915a:192.168.157.195:46462], old=null
2019-10-23 22:22:03,481 [grpc-default-executor-4] INFO  impl.RaftServerImpl (RaftServerImpl.java:setRole(184)) - 1c51b35f-55cb-4636-a00c-83d34bf2d9d4@group-F043E0AED0ED: changes role from  FOLLOWER to FOLLOWER at term 181 for recognizeCandidate:aed1b97f-105e-4684-b087-4b6333aa3ced
2019-10-23 22:22:03,481 [grpc-default-executor-4] INFO  impl.RoleInfo (RoleInfo.java:shutdownFollowerState(121)) - 1c51b35f-55cb-4636-a00c-83d34bf2d9d4: shutdown FollowerState
2019-10-23 22:22:03,481 [grpc-default-executor-4] INFO  impl.RoleInfo (RoleInfo.java:updateAndGet(143)) - 1c51b35f-55cb-4636-a00c-83d34bf2d9d4: start FollowerState
2019-10-23 22:22:03,481 [Thread-1320] INFO  impl.FollowerState (FollowerState.java:run(117)) - 1c51b35f-55cb-4636-a00c-83d34bf2d9d4@group-F043E0AED0ED-FollowerState was interrupted: java.lang.InterruptedException: sleep interrupted
2019-10-23 22:22:03,481 [grpc-default-executor-0] INFO  impl.RaftServerImpl (RaftServerImpl.java:setRole(184)) - d21ee1f1-33f6-483c-a18b-27782ce1915a@group-F043E0AED0ED: changes role from  FOLLOWER to FOLLOWER at term 181 for recognizeCandidate:aed1b97f-105e-4684-b087-4b6333aa3ced
2019-10-23 22:22:03,482 [grpc-default-executor-0] INFO  impl.RoleInfo (RoleInfo.java:shutdownFollowerState(121)) - d21ee1f1-33f6-483c-a18b-27782ce1915a: shutdown FollowerState
2019-10-23 22:22:03,482 [grpc-default-executor-0] INFO  impl.RoleInfo (RoleInfo.java:updateAndGet(143)) - d21ee1f1-33f6-483c-a18b-27782ce1915a: start FollowerState
2019-10-23 22:22:03,482 [Thread-1319] INFO  impl.FollowerState (FollowerState.java:run(117)) - d21ee1f1-33f6-483c-a18b-27782ce1915a@group-F043E0AED0ED-FollowerState was interrupted: java.lang.InterruptedException: sleep interrupted
2019-10-23 22:22:03,496 [aed1b97f-105e-4684-b087-4b6333aa3ced@group-F043E0AED0ED-LeaderElection162] INFO  impl.LeaderElection (LeaderElection.java:logAndReturn(56)) - aed1b97f-105e-4684-b087-4b6333aa3ced@group-F043E0AED0ED-LeaderElection162: Election REJECTED; received 2 response(s) [aed1b97f-105e-4684-b087-4b6333aa3ced<-1c51b35f-55cb-4636-a00c-83d34bf2d9d4#0:FAIL-t181, aed1b97f-105e-4684-b087-4b6333aa3ced<-d21ee1f1-33f6-483c-a18b-27782ce1915a#0:FAIL-t181] and 0 exception(s); aed1b97f-105e-4684-b087-4b6333aa3ced@group-F043E0AED0ED:t181, leader=null, voted=aed1b97f-105e-4684-b087-4b6333aa3ced, raftlog=aed1b97f-105e-4684-b087-4b6333aa3ced@group-F043E0AED0ED-SegmentedRaftLog:OPENED:c-1,f-1,i0, conf=-1: [aed1b97f-105e-4684-b087-4b6333aa3ced:192.168.157.195:34943, 1c51b35f-55cb-4636-a00c-83d34bf2d9d4:192.168.157.195:34693, d21ee1f1-33f6-483c-a18b-27782ce1915a:192.168.157.195:46462], old=null
2019-10-23 22:22:03,496 [aed1b97f-105e-4684-b087-4b6333aa3ced@group-F043E0AED0ED-LeaderElection162] INFO  impl.RaftServerImpl (RaftServerImpl.java:setRole(184)) - aed1b97f-105e-4684-b087-4b6333aa3ced@group-F043E0AED0ED: changes role from CANDIDATE to FOLLOWER at term 181 for DISCOVERED_A_NEW_TERM
2019-10-23 22:22:03,496 [aed1b97f-105e-4684-b087-4b6333aa3ced@group-F043E0AED0ED-LeaderElection162] INFO  impl.RoleInfo (RoleInfo.java:shutdownLeaderElection(134)) - aed1b97f-105e-4684-b087-4b6333aa3ced: shutdown LeaderElection
2019-10-23 22:22:03,497 [aed1b97f-105e-4684-b087-4b6333aa3ced@group-F043E0AED0ED-LeaderElection162] INFO  impl.RoleInfo (RoleInfo.java:updateAndGet(143)) - aed1b97f-105e-4684-b087-4b6333aa3ced: start FollowerState
2019-10-23 22:22:03,659 [Thread-1327] INFO  impl.FollowerState (FollowerState.java:run(108)) - aed1b97f-105e-4684-b087-4b6333aa3ced@group-F043E0AED0ED-FollowerState: change to CANDIDATE, lastRpcTime:162ms, electionTimeout:162ms
2019-10-23 22:22:03,659 [Thread-1327] INFO  impl.RoleInfo (RoleInfo.java:shutdownFollowerState(121)) - aed1b97f-105e-4684-b087-4b6333aa3ced: shutdown FollowerState
2019-10-23 22:22:03,659 [Thread-1327] INFO  impl.RaftServerImpl (RaftServerImpl.java:setRole(184)) - aed1b97f-105e-4684-b087-4b6333aa3ced@group-F043E0AED0ED: changes role from  FOLLOWER to CANDIDATE at term 181 for changeToCandidate
2019-10-23 22:22:03,660 [Thread-1327] INFO  impl.RoleInfo (RoleInfo.java:updateAndGet(143)) - aed1b97f-105e-4684-b087-4b6333aa3ced: start LeaderElection
2019-10-23 22:22:03,673 [aed1b97f-105e-4684-b087-4b6333aa3ced@group-F043E0AED0ED-LeaderElection163] INFO  impl.LeaderElection (LeaderElection.java:askForVotes(178)) - aed1b97f-105e-4684-b087-4b6333aa3ced@group-F043E0AED0ED-LeaderElection163: begin an election at term 182 for -1: [aed1b97f-105e-4684-b087-4b6333aa3ced:192.168.157.195:34943, 1c51b35f-55cb-4636-a00c-83d34bf2d9d4:192.168.157.195:34693, d21ee1f1-33f6-483c-a18b-27782ce1915a:192.168.157.195:46462], old=null
2019-10-23 22:22:03,676 [grpc-default-executor-0] INFO  impl.RaftServerImpl (RaftServerImpl.java:setRole(184)) - d21ee1f1-33f6-483c-a18b-27782ce1915a@group-F043E0AED0ED: changes role from  FOLLOWER to FOLLOWER at term 182 for recognizeCandidate:aed1b97f-105e-4684-b087-4b6333aa3ced
2019-10-23 22:22:03,676 [grpc-default-executor-4] INFO  impl.RaftServerImpl (RaftServerImpl.java:setRole(184)) - 1c51b35f-55cb-4636-a00c-83d34bf2d9d4@group-F043E0AED0ED: changes role from  FOLLOWER to FOLLOWER at term 182 for recognizeCandidate:aed1b97f-105e-4684-b087-4b6333aa3ced
2019-10-23 22:22:03,676 [grpc-default-executor-0] INFO  impl.RoleInfo (RoleInfo.java:shutdownFollowerState(121)) - d21ee1f1-33f6-483c-a18b-27782ce1915a: shutdown FollowerState
2019-10-23 22:22:03,676 [grpc-default-executor-4] INFO  impl.RoleInfo (RoleInfo.java:shutdownFollowerState(121)) - 1c51b35f-55cb-4636-a00c-83d34bf2d9d4: shutdown FollowerState
2019-10-23 22:22:03,677 [grpc-default-executor-0] INFO  impl.RoleInfo (RoleInfo.java:updateAndGet(143)) - d21ee1f1-33f6-483c-a18b-27782ce1915a: start FollowerState
2019-10-23 22:22:03,677 [Thread-1325] INFO  impl.FollowerState (FollowerState.java:run(117)) - 1c51b35f-55cb-4636-a00c-83d34bf2d9d4@group-F043E0AED0ED-FollowerState was interrupted: java.lang.InterruptedException: sleep interrupted
2019-10-23 22:22:03,677 [grpc-default-executor-4] INFO  impl.RoleInfo (RoleInfo.java:updateAndGet(143)) - 1c51b35f-55cb-4636-a00c-83d34bf2d9d4: start FollowerState
2019-10-23 22:22:03,677 [Thread-1326] INFO  impl.FollowerState (FollowerState.java:run(117)) - d21ee1f1-33f6-483c-a18b-27782ce1915a@group-F043E0AED0ED-FollowerState was interrupted: java.lang.InterruptedException: sleep interrupted
2019-10-23 22:22:03,691 [aed1b97f-105e-4684-b087-4b6333aa3ced@group-F043E0AED0ED-LeaderElection163] INFO  impl.LeaderElection (LeaderElection.java:logAndReturn(56)) - aed1b97f-105e-4684-b087-4b6333aa3ced@group-F043E0AED0ED-LeaderElection163: Election REJECTED; received 2 response(s) [aed1b97f-105e-4684-b087-4b6333aa3ced<-1c51b35f-55cb-4636-a00c-83d34bf2d9d4#0:FAIL-t182, aed1b97f-105e-4684-b087-4b6333aa3ced<-d21ee1f1-33f6-483c-a18b-27782ce1915a#0:FAIL-t182] and 0 exception(s); aed1b97f-105e-4684-b087-4b6333aa3ced@group-F043E0AED0ED:t182, leader=null, voted=aed1b97f-105e-4684-b087-4b6333aa3ced, raftlog=aed1b97f-105e-4684-b087-4b6333aa3ced@group-F043E0AED0ED-SegmentedRaftLog:OPENED:c-1,f-1,i0, conf=-1: [aed1b97f-105e-4684-b087-4b6333aa3ced:192.168.157.195:34943, 1c51b35f-55cb-4636-a00c-83d34bf2d9d4:192.168.157.195:34693, d21ee1f1-33f6-483c-a18b-27782ce1915a:192.168.157.195:46462], old=null
2019-10-23 22:22:03,691 [aed1b97f-105e-4684-b087-4b6333aa3ced@group-F043E0AED0ED-LeaderElection163] INFO  impl.RaftServerImpl (RaftServerImpl.java:setRole(184)) - aed1b97f-105e-4684-b087-4b6333aa3ced@group-F043E0AED0ED: changes role from CANDIDATE to FOLLOWER at term 182 for DISCOVERED_A_NEW_TERM
2019-10-23 22:22:03,691 [aed1b97f-105e-4684-b087-4b6333aa3ced@group-F043E0AED0ED-LeaderElection163] INFO  impl.RoleInfo (RoleInfo.java:shutdownLeaderElection(134)) - aed1b97f-105e-4684-b087-4b6333aa3ced: shutdown LeaderElection
2019-10-23 22:22:03,691 [aed1b97f-105e-4684-b087-4b6333aa3ced@group-F043E0AED0ED-LeaderElection163] INFO  impl.RoleInfo (RoleInfo.java:updateAndGet(143)) - aed1b97f-105e-4684-b087-4b6333aa3ced: start FollowerState
2019-10-23 22:22:03,812 [Thread-1333] INFO  impl.FollowerState (FollowerState.java:run(108)) - aed1b97f-105e-4684-b087-4b6333aa3ced@group-F043E0AED0ED-FollowerState: change to CANDIDATE, lastRpcTime:120ms, electionTimeout:120ms
2019-10-23 22:22:03,812 [Thread-1333] INFO  impl.RoleInfo (RoleInfo.java:shutdownFollowerState(121)) - aed1b97f-105e-4684-b087-4b6333aa3ced: shutdown FollowerState
2019-10-23 22:22:03,812 [Thread-1333] INFO  impl.RaftServerImpl (RaftServerImpl.java:setRole(184)) - aed1b97f-105e-4684-b087-4b6333aa3ced@group-F043E0AED0ED: changes role from  FOLLOWER to CANDIDATE at term 182 for changeToCandidate
2019-10-23 22:22:03,812 [Thread-1333] INFO  impl.RoleInfo (RoleInfo.java:updateAndGet(143)) - aed1b97f-105e-4684-b087-4b6333aa3ced: start LeaderElection
2019-10-23 22:22:03,837 [aed1b97f-105e-4684-b087-4b6333aa3ced@group-F043E0AED0ED-LeaderElection164] INFO  impl.LeaderElection (LeaderElection.java:askForVotes(178)) - aed1b97f-105e-4684-b087-4b6333aa3ced@group-F043E0AED0ED-LeaderElection164: begin an election at term 183 for -1: [aed1b97f-105e-4684-b087-4b6333aa3ced:192.168.157.195:34943, 1c51b35f-55cb-4636-a00c-83d34bf2d9d4:192.168.157.195:34693, d21ee1f1-33f6-483c-a18b-27782ce1915a:192.168.157.195:46462], old=null
2019-10-23 22:22:03,840 [grpc-default-executor-0] INFO  impl.RaftServerImpl (RaftServerImpl.java:setRole(184)) - 1c51b35f-55cb-4636-a00c-83d34bf2d9d4@group-F043E0AED0ED: changes role from  FOLLOWER to FOLLOWER at term 183 for recognizeCandidate:aed1b97f-105e-4684-b087-4b6333aa3ced
2019-10-23 22:22:03,840 [grpc-default-executor-0] INFO  impl.RoleInfo (RoleInfo.java:shutdownFollowerState(121)) - 1c51b35f-55cb-4636-a00c-83d34bf2d9d4: shutdown FollowerState
2019-10-23 22:22:03,840 [grpc-default-executor-0] INFO  impl.RoleInfo (RoleInfo.java:updateAndGet(143)) - 1c51b35f-55cb-4636-a00c-83d34bf2d9d4: start FollowerState
2019-10-23 22:22:03,840 [Thread-1332] INFO  impl.FollowerState (FollowerState.java:run(117)) - 1c51b35f-55cb-4636-a00c-83d34bf2d9d4@group-F043E0AED0ED-FollowerState was interrupted: java.lang.InterruptedException: sleep interrupted
2019-10-23 22:22:03,840 [grpc-default-executor-4] INFO  impl.RaftServerImpl (RaftServerImpl.java:setRole(184)) - d21ee1f1-33f6-483c-a18b-27782ce1915a@group-F043E0AED0ED: changes role from  FOLLOWER to FOLLOWER at term 183 for recognizeCandidate:aed1b97f-105e-4684-b087-4b6333aa3ced
2019-10-23 22:22:03,841 [grpc-default-executor-4] INFO  impl.RoleInfo (RoleInfo.java:shutdownFollowerState(121)) - d21ee1f1-33f6-483c-a18b-27782ce1915a: shutdown FollowerState
2019-10-23 22:22:03,841 [grpc-default-executor-4] INFO  impl.RoleInfo (RoleInfo.java:updateAndGet(143)) - d21ee1f1-33f6-483c-a18b-27782ce1915a: start FollowerState
2019-10-23 22:22:03,841 [Thread-1331] INFO  impl.FollowerState (FollowerState.java:run(117)) - d21ee1f1-33f6-483c-a18b-27782ce1915a@group-F043E0AED0ED-FollowerState was interrupted: java.lang.InterruptedException: sleep interrupted
2019-10-23 22:22:03,855 [aed1b97f-105e-4684-b087-4b6333aa3ced@group-F043E0AED0ED-LeaderElection164] INFO  impl.LeaderElection (LeaderElection.java:logAndReturn(56)) - aed1b97f-105e-4684-b087-4b6333aa3ced@group-F043E0AED0ED-LeaderElection164: Election REJECTED; received 2 response(s) [aed1b97f-105e-4684-b087-4b6333aa3ced<-1c51b35f-55cb-4636-a00c-83d34bf2d9d4#0:FAIL-t183, aed1b97f-105e-4684-b087-4b6333aa3ced<-d21ee1f1-33f6-483c-a18b-27782ce1915a#0:FAIL-t183] and 0 exception(s); aed1b97f-105e-4684-b087-4b6333aa3ced@group-F043E0AED0ED:t183, leader=null, voted=aed1b97f-105e-4684-b087-4b6333aa3ced, raftlog=aed1b97f-105e-4684-b087-4b6333aa3ced@group-F043E0AED0ED-SegmentedRaftLog:OPENED:c-1,f-1,i0, conf=-1: [aed1b97f-105e-4684-b087-4b6333aa3ced:192.168.157.195:34943, 1c51b35f-55cb-4636-a00c-83d34bf2d9d4:192.168.157.195:34693, d21ee1f1-33f6-483c-a18b-27782ce1915a:192.168.157.195:46462], old=null
2019-10-23 22:22:03,855 [aed1b97f-105e-4684-b087-4b6333aa3ced@group-F043E0AED0ED-LeaderElection164] INFO  impl.RaftServerImpl (RaftServerImpl.java:setRole(184)) - aed1b97f-105e-4684-b087-4b6333aa3ced@group-F043E0AED0ED: changes role from CANDIDATE to FOLLOWER at term 183 for DISCOVERED_A_NEW_TERM
2019-10-23 22:22:03,855 [aed1b97f-105e-4684-b087-4b6333aa3ced@group-F043E0AED0ED-LeaderElection164] INFO  impl.RoleInfo (RoleInfo.java:shutdownLeaderElection(134)) - aed1b97f-105e-4684-b087-4b6333aa3ced: shutdown LeaderElection
2019-10-23 22:22:03,855 [aed1b97f-105e-4684-b087-4b6333aa3ced@group-F043E0AED0ED-LeaderElection164] INFO  impl.RoleInfo (RoleInfo.java:updateAndGet(143)) - aed1b97f-105e-4684-b087-4b6333aa3ced: start FollowerState
2019-10-23 22:22:04,007 [Thread-1340] INFO  impl.FollowerState (FollowerState.java:run(108)) - aed1b97f-105e-4684-b087-4b6333aa3ced@group-F043E0AED0ED-FollowerState: change to CANDIDATE, lastRpcTime:151ms, electionTimeout:151ms
2019-10-23 22:22:04,007 [Thread-1340] INFO  impl.RoleInfo (RoleInfo.java:shutdownFollowerState(121)) - aed1b97f-105e-4684-b087-4b6333aa3ced: shutdown FollowerState
2019-10-23 22:22:04,007 [Thread-1340] INFO  impl.RaftServerImpl (RaftServerImpl.java:setRole(184)) - aed1b97f-105e-4684-b087-4b6333aa3ced@group-F043E0AED0ED: changes role from  FOLLOWER to CANDIDATE at term 183 for changeToCandidate
2019-10-23 22:22:04,007 [Thread-1340] INFO  impl.RoleInfo (RoleInfo.java:updateAndGet(143)) - aed1b97f-105e-4684-b087-4b6333aa3ced: start LeaderElection
2019-10-23 22:22:04,022 [aed1b97f-105e-4684-b087-4b6333aa3ced@group-F043E0AED0ED-LeaderElection165] INFO  impl.LeaderElection (LeaderElection.java:askForVotes(178)) - aed1b97f-105e-4684-b087-4b6333aa3ced@group-F043E0AED0ED-LeaderElection165: begin an election at term 184 for -1: [aed1b97f-105e-4684-b087-4b6333aa3ced:192.168.157.195:34943, 1c51b35f-55cb-4636-a00c-83d34bf2d9d4:192.168.157.195:34693, d21ee1f1-33f6-483c-a18b-27782ce1915a:192.168.157.195:46462], old=null
2019-10-23 22:22:04,024 [grpc-default-executor-4] INFO  impl.RaftServerImpl (RaftServerImpl.java:setRole(184)) - 1c51b35f-55cb-4636-a00c-83d34bf2d9d4@group-F043E0AED0ED: changes role from  FOLLOWER to FOLLOWER at term 184 for recognizeCandidate:aed1b97f-105e-4684-b087-4b6333aa3ced
2019-10-23 22:22:04,024 [grpc-default-executor-0] INFO  impl.RaftServerImpl (RaftServerImpl.java:setRole(184)) - d21ee1f1-33f6-483c-a18b-27782ce1915a@group-F043E0AED0ED: changes role from  FOLLOWER to FOLLOWER at term 184 for recognizeCandidate:aed1b97f-105e-4684-b087-4b6333aa3ced
2019-10-23 22:22:04,024 [grpc-default-executor-4] INFO  impl.RoleInfo (RoleInfo.java:shutdownFollowerState(121)) - 1c51b35f-55cb-4636-a00c-83d34bf2d9d4: shutdown FollowerState
2019-10-23 22:22:04,024 [grpc-default-executor-0] INFO  impl.RoleInfo (RoleInfo.java:shutdownFollowerState(121)) - d21ee1f1-33f6-483c-a18b-27782ce1915a: shutdown FollowerState
2019-10-23 22:22:04,025 [grpc-default-executor-4] INFO  impl.RoleInfo (RoleInfo.java:updateAndGet(143)) - 1c51b35f-55cb-4636-a00c-83d34bf2d9d4: start FollowerState
2019-10-23 22:22:04,025 [grpc-default-executor-0] INFO  impl.RoleInfo (RoleInfo.java:updateAndGet(143)) - d21ee1f1-33f6-483c-a18b-27782ce1915a: start FollowerState
2019-10-23 22:22:04,025 [Thread-1338] INFO  impl.FollowerState (FollowerState.java:run(117)) - 1c51b35f-55cb-4636-a00c-83d34bf2d9d4@group-F043E0AED0ED-FollowerState was interrupted: java.lang.InterruptedException: sleep interrupted
2019-10-23 22:22:04,025 [Thread-1339] INFO  impl.FollowerState (FollowerState.java:run(117)) - d21ee1f1-33f6-483c-a18b-27782ce1915a@group-F043E0AED0ED-FollowerState was interrupted: java.lang.InterruptedException: sleep interrupted
2019-10-23 22:22:04,039 [aed1b97f-105e-4684-b087-4b6333aa3ced@group-F043E0AED0ED-LeaderElection165] INFO  impl.LeaderElection (LeaderElection.java:logAndReturn(56)) - aed1b97f-105e-4684-b087-4b6333aa3ced@group-F043E0AED0ED-LeaderElection165: Election REJECTED; received 2 response(s) [aed1b97f-105e-4684-b087-4b6333aa3ced<-1c51b35f-55cb-4636-a00c-83d34bf2d9d4#0:FAIL-t184, aed1b97f-105e-4684-b087-4b6333aa3ced<-d21ee1f1-33f6-483c-a18b-27782ce1915a#0:FAIL-t184] and 0 exception(s); aed1b97f-105e-4684-b087-4b6333aa3ced@group-F043E0AED0ED:t184, leader=null, voted=aed1b97f-105e-4684-b087-4b6333aa3ced, raftlog=aed1b97f-105e-4684-b087-4b6333aa3ced@group-F043E0AED0ED-SegmentedRaftLog:OPENED:c-1,f-1,i0, conf=-1: [aed1b97f-105e-4684-b087-4b6333aa3ced:192.168.157.195:34943, 1c51b35f-55cb-4636-a00c-83d34bf2d9d4:192.168.157.195:34693, d21ee1f1-33f6-483c-a18b-27782ce1915a:192.168.157.195:46462], old=null
2019-10-23 22:22:04,039 [aed1b97f-105e-4684-b087-4b6333aa3ced@group-F043E0AED0ED-LeaderElection165] INFO  impl.RaftServerImpl (RaftServerImpl.java:setRole(184)) - aed1b97f-105e-4684-b087-4b6333aa3ced@group-F043E0AED0ED: changes role from CANDIDATE to FOLLOWER at term 184 for DISCOVERED_A_NEW_TERM
2019-10-23 22:22:04,040 [aed1b97f-105e-4684-b087-4b6333aa3ced@group-F043E0AED0ED-LeaderElection165] INFO  impl.RoleInfo (RoleInfo.java:shutdownLeaderElection(134)) - aed1b97f-105e-4684-b087-4b6333aa3ced: shutdown LeaderElection
2019-10-23 22:22:04,040 [aed1b97f-105e-4684-b087-4b6333aa3ced@group-F043E0AED0ED-LeaderElection165] INFO  impl.RoleInfo (RoleInfo.java:updateAndGet(143)) - aed1b97f-105e-4684-b087-4b6333aa3ced: start FollowerState
2019-10-23 22:22:04,178 [Thread-1346] INFO  impl.FollowerState (FollowerState.java:run(108)) - aed1b97f-105e-4684-b087-4b6333aa3ced@group-F043E0AED0ED-FollowerState: change to CANDIDATE, lastRpcTime:138ms, electionTimeout:138ms
2019-10-23 22:22:04,178 [Thread-1346] INFO  impl.RoleInfo (RoleInfo.java:shutdownFollowerState(121)) - aed1b97f-105e-4684-b087-4b6333aa3ced: shutdown FollowerState
2019-10-23 22:22:04,178 [Thread-1346] INFO  impl.RaftServerImpl (RaftServerImpl.java:setRole(184)) - aed1b97f-105e-4684-b087-4b6333aa3ced@group-F043E0AED0ED: changes role from  FOLLOWER to CANDIDATE at term 184 for changeToCandidate
2019-10-23 22:22:04,178 [Thread-1346] INFO  impl.RoleInfo (RoleInfo.java:updateAndGet(143)) - aed1b97f-105e-4684-b087-4b6333aa3ced: start LeaderElection
2019-10-23 22:22:04,192 [aed1b97f-105e-4684-b087-4b6333aa3ced@group-F043E0AED0ED-LeaderElection166] INFO  impl.LeaderElection (LeaderElection.java:askForVotes(178)) - aed1b97f-105e-4684-b087-4b6333aa3ced@group-F043E0AED0ED-LeaderElection166: begin an election at term 185 for -1: [aed1b97f-105e-4684-b087-4b6333aa3ced:192.168.157.195:34943, 1c51b35f-55cb-4636-a00c-83d34bf2d9d4:192.168.157.195:34693, d21ee1f1-33f6-483c-a18b-27782ce1915a:192.168.157.195:46462], old=null
2019-10-23 22:22:04,194 [grpc-default-executor-0] INFO  impl.RaftServerImpl (RaftServerImpl.java:setRole(184)) - 1c51b35f-55cb-4636-a00c-83d34bf2d9d4@group-F043E0AED0ED: changes role from  FOLLOWER to FOLLOWER at term 185 for recognizeCandidate:aed1b97f-105e-4684-b087-4b6333aa3ced
2019-10-23 22:22:04,194 [grpc-default-executor-0] INFO  impl.RoleInfo (RoleInfo.java:shutdownFollowerState(121)) - 1c51b35f-55cb-4636-a00c-83d34bf2d9d4: shutdown FollowerState
2019-10-23 22:22:04,194 [grpc-default-executor-4] INFO  impl.RaftServerImpl (RaftServerImpl.java:setRole(184)) - d21ee1f1-33f6-483c-a18b-27782ce1915a@group-F043E0AED0ED: changes role from  FOLLOWER to FOLLOWER at term 185 for recognizeCandidate:aed1b97f-105e-4684-b087-4b6333aa3ced
2019-10-23 22:22:04,194 [Thread-1344] INFO  impl.FollowerState (FollowerState.java:run(117)) - 1c51b35f-55cb-4636-a00c-83d34bf2d9d4@group-F043E0AED0ED-FollowerState was interrupted: java.lang.InterruptedException: sleep interrupted
2019-10-23 22:22:04,194 [grpc-default-executor-4] INFO  impl.RoleInfo (RoleInfo.java:shutdownFollowerState(121)) - d21ee1f1-33f6-483c-a18b-27782ce1915a: shutdown FollowerState
2019-10-23 22:22:04,194 [grpc-default-executor-0] INFO  impl.RoleInfo (RoleInfo.java:updateAndGet(143)) - 1c51b35f-55cb-4636-a00c-83d34bf2d9d4: start FollowerState
2019-10-23 22:22:04,195 [Thread-1345] INFO  impl.FollowerState (FollowerState.java:run(117)) - d21ee1f1-33f6-483c-a18b-27782ce1915a@group-F043E0AED0ED-FollowerState was interrupted: java.lang.InterruptedException: sleep interrupted
2019-10-23 22:22:04,195 [grpc-default-executor-4] INFO  impl.RoleInfo (RoleInfo.java:updateAndGet(143)) - d21ee1f1-33f6-483c-a18b-27782ce1915a: start FollowerState
2019-10-23 22:22:04,200 [aed1b97f-105e-4684-b087-4b6333aa3ced@group-F043E0AED0ED-LeaderElection166] INFO  impl.LeaderElection (LeaderElection.java:logAndReturn(56)) - aed1b97f-105e-4684-b087-4b6333aa3ced@group-F043E0AED0ED-LeaderElection166: Election TIMEOUT; received 0 response(s) [] and 0 exception(s); aed1b97f-105e-4684-b087-4b6333aa3ced@group-F043E0AED0ED:t185, leader=null, voted=aed1b97f-105e-4684-b087-4b6333aa3ced, raftlog=aed1b97f-105e-4684-b087-4b6333aa3ced@group-F043E0AED0ED-SegmentedRaftLog:OPENED:c-1,f-1,i0, conf=-1: [aed1b97f-105e-4684-b087-4b6333aa3ced:192.168.157.195:34943, 1c51b35f-55cb-4636-a00c-83d34bf2d9d4:192.168.157.195:34693, d21ee1f1-33f6-483c-a18b-27782ce1915a:192.168.157.195:46462], old=null
2019-10-23 22:22:04,220 [aed1b97f-105e-4684-b087-4b6333aa3ced@group-F043E0AED0ED-LeaderElection166] INFO  impl.LeaderElection (LeaderElection.java:askForVotes(178)) - aed1b97f-105e-4684-b087-4b6333aa3ced@group-F043E0AED0ED-LeaderElection166: begin an election at term 186 for -1: [aed1b97f-105e-4684-b087-4b6333aa3ced:192.168.157.195:34943, 1c51b35f-55cb-4636-a00c-83d34bf2d9d4:192.168.157.195:34693, d21ee1f1-33f6-483c-a18b-27782ce1915a:192.168.157.195:46462], old=null
2019-10-23 22:22:04,222 [grpc-default-executor-4] INFO  impl.RaftServerImpl (RaftServerImpl.java:setRole(184)) - 1c51b35f-55cb-4636-a00c-83d34bf2d9d4@group-F043E0AED0ED: changes role from  FOLLOWER to FOLLOWER at term 186 for recognizeCandidate:aed1b97f-105e-4684-b087-4b6333aa3ced
2019-10-23 22:22:04,222 [grpc-default-executor-4] INFO  impl.RoleInfo (RoleInfo.java:shutdownFollowerState(121)) - 1c51b35f-55cb-4636-a00c-83d34bf2d9d4: shutdown FollowerState
2019-10-23 22:22:04,222 [grpc-default-executor-4] INFO  impl.RoleInfo (RoleInfo.java:updateAndGet(143)) - 1c51b35f-55cb-4636-a00c-83d34bf2d9d4: start FollowerState
2019-10-23 22:22:04,222 [Thread-1352] INFO  impl.FollowerState (FollowerState.java:run(117)) - 1c51b35f-55cb-4636-a00c-83d34bf2d9d4@group-F043E0AED0ED-FollowerState was interrupted: java.lang.InterruptedException: sleep interrupted
2019-10-23 22:22:04,223 [grpc-default-executor-0] INFO  impl.RaftServerImpl (RaftServerImpl.java:setRole(184)) - d21ee1f1-33f6-483c-a18b-27782ce1915a@group-F043E0AED0ED: changes role from  FOLLOWER to FOLLOWER at term 186 for recognizeCandidate:aed1b97f-105e-4684-b087-4b6333aa3ced
2019-10-23 22:22:04,223 [grpc-default-executor-0] INFO  impl.RoleInfo (RoleInfo.java:shutdownFollowerState(121)) - d21ee1f1-33f6-483c-a18b-27782ce1915a: shutdown FollowerState
2019-10-23 22:22:04,223 [grpc-default-executor-0] INFO  impl.RoleInfo (RoleInfo.java:updateAndGet(143)) - d21ee1f1-33f6-483c-a18b-27782ce1915a: start FollowerState
2019-10-23 22:22:04,223 [Thread-1353] INFO  impl.FollowerState (FollowerState.java:run(117)) - d21ee1f1-33f6-483c-a18b-27782ce1915a@group-F043E0AED0ED-FollowerState was interrupted: java.lang.InterruptedException: sleep interrupted
2019-10-23 22:22:04,229 [aed1b97f-105e-4684-b087-4b6333aa3ced@group-F043E0AED0ED-LeaderElection166] INFO  impl.LeaderElection (LeaderElection.java:logAndReturn(56)) - aed1b97f-105e-4684-b087-4b6333aa3ced@group-F043E0AED0ED-LeaderElection166: Election TIMEOUT; received 0 response(s) [] and 0 exception(s); aed1b97f-105e-4684-b087-4b6333aa3ced@group-F043E0AED0ED:t186, leader=null, voted=aed1b97f-105e-4684-b087-4b6333aa3ced, raftlog=aed1b97f-105e-4684-b087-4b6333aa3ced@group-F043E0AED0ED-SegmentedRaftLog:OPENED:c-1,f-1,i0, conf=-1: [aed1b97f-105e-4684-b087-4b6333aa3ced:192.168.157.195:34943, 1c51b35f-55cb-4636-a00c-83d34bf2d9d4:192.168.157.195:34693, d21ee1f1-33f6-483c-a18b-27782ce1915a:192.168.157.195:46462], old=null
2019-10-23 22:22:04,248 [aed1b97f-105e-4684-b087-4b6333aa3ced@group-F043E0AED0ED-LeaderElection166] INFO  impl.LeaderElection (LeaderElection.java:askForVotes(178)) - aed1b97f-105e-4684-b087-4b6333aa3ced@group-F043E0AED0ED-LeaderElection166: begin an election at term 187 for -1: [aed1b97f-105e-4684-b087-4b6333aa3ced:192.168.157.195:34943, 1c51b35f-55cb-4636-a00c-83d34bf2d9d4:192.168.157.195:34693, d21ee1f1-33f6-483c-a18b-27782ce1915a:192.168.157.195:46462], old=null
2019-10-23 22:22:04,249 [grpc-default-executor-0] INFO  impl.RaftServerImpl (RaftServerImpl.java:setRole(184)) - 1c51b35f-55cb-4636-a00c-83d34bf2d9d4@group-F043E0AED0ED: changes role from  FOLLOWER to FOLLOWER at term 187 for recognizeCandidate:aed1b97f-105e-4684-b087-4b6333aa3ced
2019-10-23 22:22:04,249 [grpc-default-executor-0] INFO  impl.RoleInfo (RoleInfo.java:shutdownFollowerState(121)) - 1c51b35f-55cb-4636-a00c-83d34bf2d9d4: shutdown FollowerState
2019-10-23 22:22:04,249 [grpc-default-executor-0] INFO  impl.RoleInfo (RoleInfo.java:updateAndGet(143)) - 1c51b35f-55cb-4636-a00c-83d34bf2d9d4: start FollowerState
2019-10-23 22:22:04,249 [Thread-1356] INFO  impl.FollowerState (FollowerState.java:run(117)) - 1c51b35f-55cb-4636-a00c-83d34bf2d9d4@group-F043E0AED0ED-FollowerState was interrupted: java.lang.InterruptedException: sleep interrupted
2019-10-23 22:22:04,249 [grpc-default-executor-4] INFO  impl.RaftServerImpl (RaftServerImpl.java:setRole(184)) - d21ee1f1-33f6-483c-a18b-27782ce1915a@group-F043E0AED0ED: changes role from  FOLLOWER to FOLLOWER at term 187 for recognizeCandidate:aed1b97f-105e-4684-b087-4b6333aa3ced
2019-10-23 22:22:04,250 [grpc-default-executor-4] INFO  impl.RoleInfo (RoleInfo.java:shutdownFollowerState(121)) - d21ee1f1-33f6-483c-a18b-27782ce1915a: shutdown FollowerState
2019-10-23 22:22:04,250 [grpc-default-executor-4] INFO  impl.RoleInfo (RoleInfo.java:updateAndGet(143)) - d21ee1f1-33f6-483c-a18b-27782ce1915a: start FollowerState
2019-10-23 22:22:04,250 [Thread-1357] INFO  impl.FollowerState (FollowerState.java:run(117)) - d21ee1f1-33f6-483c-a18b-27782ce1915a@group-F043E0AED0ED-FollowerState was interrupted: java.lang.InterruptedException: sleep interrupted
2019-10-23 22:22:04,269 [aed1b97f-105e-4684-b087-4b6333aa3ced@group-F043E0AED0ED-LeaderElection166] INFO  impl.LeaderElection (LeaderElection.java:logAndReturn(56)) - aed1b97f-105e-4684-b087-4b6333aa3ced@group-F043E0AED0ED-LeaderElection166: Election REJECTED; received 2 response(s) [aed1b97f-105e-4684-b087-4b6333aa3ced<-1c51b35f-55cb-4636-a00c-83d34bf2d9d4#0:FAIL-t187, aed1b97f-105e-4684-b087-4b6333aa3ced<-d21ee1f1-33f6-483c-a18b-27782ce1915a#0:FAIL-t187] and 0 exception(s); aed1b97f-105e-4684-b087-4b6333aa3ced@group-F043E0AED0ED:t187, leader=null, voted=aed1b97f-105e-4684-b087-4b6333aa3ced, raftlog=aed1b97f-105e-4684-b087-4b6333aa3ced@group-F043E0AED0ED-SegmentedRaftLog:OPENED:c-1,f-1,i0, conf=-1: [aed1b97f-105e-4684-b087-4b6333aa3ced:192.168.157.195:34943, 1c51b35f-55cb-4636-a00c-83d34bf2d9d4:192.168.157.195:34693, d21ee1f1-33f6-483c-a18b-27782ce1915a:192.168.157.195:46462], old=null
2019-10-23 22:22:04,269 [aed1b97f-105e-4684-b087-4b6333aa3ced@group-F043E0AED0ED-LeaderElection166] INFO  impl.RaftServerImpl (RaftServerImpl.java:setRole(184)) - aed1b97f-105e-4684-b087-4b6333aa3ced@group-F043E0AED0ED: changes role from CANDIDATE to FOLLOWER at term 187 for DISCOVERED_A_NEW_TERM
2019-10-23 22:22:04,270 [aed1b97f-105e-4684-b087-4b6333aa3ced@group-F043E0AED0ED-LeaderElection166] INFO  impl.RoleInfo (RoleInfo.java:shutdownLeaderElection(134)) - aed1b97f-105e-4684-b087-4b6333aa3ced: shutdown LeaderElection
2019-10-23 22:22:04,270 [aed1b97f-105e-4684-b087-4b6333aa3ced@group-F043E0AED0ED-LeaderElection166] INFO  impl.RoleInfo (RoleInfo.java:updateAndGet(143)) - aed1b97f-105e-4684-b087-4b6333aa3ced: start FollowerState
2019-10-23 22:22:04,292 [Thread-1362] INFO  impl.FollowerState (FollowerState.java:run(108)) - aed1b97f-105e-4684-b087-4b6333aa3ced@group-F043E0AED0ED-FollowerState: change to CANDIDATE, lastRpcTime:22ms, electionTimeout:22ms
2019-10-23 22:22:04,292 [Thread-1362] INFO  impl.RoleInfo (RoleInfo.java:shutdownFollowerState(121)) - aed1b97f-105e-4684-b087-4b6333aa3ced: shutdown FollowerState
2019-10-23 22:22:04,292 [Thread-1362] INFO  impl.RaftServerImpl (RaftServerImpl.java:setRole(184)) - aed1b97f-105e-4684-b087-4b6333aa3ced@group-F043E0AED0ED: changes role from  FOLLOWER to CANDIDATE at term 187 for changeToCandidate
2019-10-23 22:22:04,293 [Thread-1362] INFO  impl.RoleInfo (RoleInfo.java:updateAndGet(143)) - aed1b97f-105e-4684-b087-4b6333aa3ced: start LeaderElection
2019-10-23 22:22:04,318 [aed1b97f-105e-4684-b087-4b6333aa3ced@group-F043E0AED0ED-LeaderElection167] INFO  impl.LeaderElection (LeaderElection.java:askForVotes(178)) - aed1b97f-105e-4684-b087-4b6333aa3ced@group-F043E0AED0ED-LeaderElection167: begin an election at term 188 for -1: [aed1b97f-105e-4684-b087-4b6333aa3ced:192.168.157.195:34943, 1c51b35f-55cb-4636-a00c-83d34bf2d9d4:192.168.157.195:34693, d21ee1f1-33f6-483c-a18b-27782ce1915a:192.168.157.195:46462], old=null
2019-10-23 22:22:04,320 [grpc-default-executor-4] INFO  impl.RaftServerImpl (RaftServerImpl.java:setRole(184)) - 1c51b35f-55cb-4636-a00c-83d34bf2d9d4@group-F043E0AED0ED: changes role from  FOLLOWER to FOLLOWER at term 188 for recognizeCandidate:aed1b97f-105e-4684-b087-4b6333aa3ced
2019-10-23 22:22:04,320 [grpc-default-executor-0] INFO  impl.RaftServerImpl (RaftServerImpl.java:setRole(184)) - d21ee1f1-33f6-483c-a18b-27782ce1915a@group-F043E0AED0ED: changes role from  FOLLOWER to FOLLOWER at term 188 for recognizeCandidate:aed1b97f-105e-4684-b087-4b6333aa3ced
2019-10-23 22:22:04,320 [grpc-default-executor-4] INFO  impl.RoleInfo (RoleInfo.java:shutdownFollowerState(121)) - 1c51b35f-55cb-4636-a00c-83d34bf2d9d4: shutdown FollowerState
2019-10-23 22:22:04,320 [grpc-default-executor-0] INFO  impl.RoleInfo (RoleInfo.java:shutdownFollowerState(121)) - d21ee1f1-33f6-483c-a18b-27782ce1915a: shutdown FollowerState
2019-10-23 22:22:04,321 [Thread-1360] INFO  impl.FollowerState (FollowerState.java:run(117)) - 1c51b35f-55cb-4636-a00c-83d34bf2d9d4@group-F043E0AED0ED-FollowerState was interrupted: java.lang.InterruptedException: sleep interrupted
2019-10-23 22:22:04,321 [grpc-default-executor-4] INFO  impl.RoleInfo (RoleInfo.java:updateAndGet(143)) - 1c51b35f-55cb-4636-a00c-83d34bf2d9d4: start FollowerState
2019-10-23 22:22:04,321 [Thread-1361] INFO  impl.FollowerState (FollowerState.java:run(117)) - d21ee1f1-33f6-483c-a18b-27782ce1915a@group-F043E0AED0ED-FollowerState was interrupted: java.lang.InterruptedException: sleep interrupted
2019-10-23 22:22:04,321 [grpc-default-executor-0] INFO  impl.RoleInfo (RoleInfo.java:updateAndGet(143)) - d21ee1f1-33f6-483c-a18b-27782ce1915a: start FollowerState
2019-10-23 22:22:04,335 [aed1b97f-105e-4684-b087-4b6333aa3ced@group-F043E0AED0ED-LeaderElection167] INFO  impl.LeaderElection (LeaderElection.java:logAndReturn(56)) - aed1b97f-105e-4684-b087-4b6333aa3ced@group-F043E0AED0ED-LeaderElection167: Election REJECTED; received 2 response(s) [aed1b97f-105e-4684-b087-4b6333aa3ced<-1c51b35f-55cb-4636-a00c-83d34bf2d9d4#0:FAIL-t188, aed1b97f-105e-4684-b087-4b6333aa3ced<-d21ee1f1-33f6-483c-a18b-27782ce1915a#0:FAIL-t188] and 0 exception(s); aed1b97f-105e-4684-b087-4b6333aa3ced@group-F043E0AED0ED:t188, leader=null, voted=aed1b97f-105e-4684-b087-4b6333aa3ced, raftlog=aed1b97f-105e-4684-b087-4b6333aa3ced@group-F043E0AED0ED-SegmentedRaftLog:OPENED:c-1,f-1,i0, conf=-1: [aed1b97f-105e-4684-b087-4b6333aa3ced:192.168.157.195:34943, 1c51b35f-55cb-4636-a00c-83d34bf2d9d4:192.168.157.195:34693, d21ee1f1-33f6-483c-a18b-27782ce1915a:192.168.157.195:46462], old=null
2019-10-23 22:22:04,335 [aed1b97f-105e-4684-b087-4b6333aa3ced@group-F043E0AED0ED-LeaderElection167] INFO  impl.RaftServerImpl (RaftServerImpl.java:setRole(184)) - aed1b97f-105e-4684-b087-4b6333aa3ced@group-F043E0AED0ED: changes role from CANDIDATE to FOLLOWER at term 188 for DISCOVERED_A_NEW_TERM
2019-10-23 22:22:04,335 [aed1b97f-105e-4684-b087-4b6333aa3ced@group-F043E0AED0ED-LeaderElection167] INFO  impl.RoleInfo (RoleInfo.java:shutdownLeaderElection(134)) - aed1b97f-105e-4684-b087-4b6333aa3ced: shutdown LeaderElection
2019-10-23 22:22:04,336 [aed1b97f-105e-4684-b087-4b6333aa3ced@group-F043E0AED0ED-LeaderElection167] INFO  impl.RoleInfo (RoleInfo.java:updateAndGet(143)) - aed1b97f-105e-4684-b087-4b6333aa3ced: start FollowerState
2019-10-23 22:22:04,418 [Thread-1368] INFO  impl.FollowerState (FollowerState.java:run(108)) - aed1b97f-105e-4684-b087-4b6333aa3ced@group-F043E0AED0ED-FollowerState: change to CANDIDATE, lastRpcTime:82ms, electionTimeout:82ms
2019-10-23 22:22:04,418 [Thread-1368] INFO  impl.RoleInfo (RoleInfo.java:shutdownFollowerState(121)) - aed1b97f-105e-4684-b087-4b6333aa3ced: shutdown FollowerState
2019-10-23 22:22:04,418 [Thread-1368] INFO  impl.RaftServerImpl (RaftServerImpl.java:setRole(184)) - aed1b97f-105e-4684-b087-4b6333aa3ced@group-F043E0AED0ED: changes role from  FOLLOWER to CANDIDATE at term 188 for changeToCandidate
2019-10-23 22:22:04,418 [Thread-1368] INFO  impl.RoleInfo (RoleInfo.java:updateAndGet(143)) - aed1b97f-105e-4684-b087-4b6333aa3ced: start LeaderElection
2019-10-23 22:22:04,432 [aed1b97f-105e-4684-b087-4b6333aa3ced@group-F043E0AED0ED-LeaderElection168] INFO  impl.LeaderElection (LeaderElection.java:askForVotes(178)) - aed1b97f-105e-4684-b087-4b6333aa3ced@group-F043E0AED0ED-LeaderElection168: begin an election at term 189 for -1: [aed1b97f-105e-4684-b087-4b6333aa3ced:192.168.157.195:34943, 1c51b35f-55cb-4636-a00c-83d34bf2d9d4:192.168.157.195:34693, d21ee1f1-33f6-483c-a18b-27782ce1915a:192.168.157.195:46462], old=null
2019-10-23 22:22:04,434 [grpc-default-executor-4] INFO  impl.RaftServerImpl (RaftServerImpl.java:setRole(184)) - 1c51b35f-55cb-4636-a00c-83d34bf2d9d4@group-F043E0AED0ED: changes role from  FOLLOWER to FOLLOWER at term 189 for recognizeCandidate:aed1b97f-105e-4684-b087-4b6333aa3ced
2019-10-23 22:22:04,434 [grpc-default-executor-4] INFO  impl.RoleInfo (RoleInfo.java:shutdownFollowerState(121)) - 1c51b35f-55cb-4636-a00c-83d34bf2d9d4: shutdown FollowerState
2019-10-23 22:22:04,434 [grpc-default-executor-4] INFO  impl.RoleInfo (RoleInfo.java:updateAndGet(143)) - 1c51b35f-55cb-4636-a00c-83d34bf2d9d4: start FollowerState
2019-10-23 22:22:04,434 [grpc-default-executor-0] INFO  impl.RaftServerImpl (RaftServerImpl.java:setRole(184)) - d21ee1f1-33f6-483c-a18b-27782ce1915a@group-F043E0AED0ED: changes role from  FOLLOWER to FOLLOWER at term 189 for recognizeCandidate:aed1b97f-105e-4684-b087-4b6333aa3ced
2019-10-23 22:22:04,435 [grpc-default-executor-0] INFO  impl.RoleInfo (RoleInfo.java:shutdownFollowerState(121)) - d21ee1f1-33f6-483c-a18b-27782ce1915a: shutdown FollowerState
2019-10-23 22:22:04,434 [Thread-1366] INFO  impl.FollowerState (FollowerState.java:run(117)) - 1c51b35f-55cb-4636-a00c-83d34bf2d9d4@group-F043E0AED0ED-FollowerState was interrupted: java.lang.InterruptedException: sleep interrupted
2019-10-23 22:22:04,435 [grpc-default-executor-0] INFO  impl.RoleInfo (RoleInfo.java:updateAndGet(143)) - d21ee1f1-33f6-483c-a18b-27782ce1915a: start FollowerState
2019-10-23 22:22:04,435 [Thread-1367] INFO  impl.FollowerState (FollowerState.java:run(117)) - d21ee1f1-33f6-483c-a18b-27782ce1915a@group-F043E0AED0ED-FollowerState was interrupted: java.lang.InterruptedException: sleep interrupted
2019-10-23 22:22:04,451 [aed1b97f-105e-4684-b087-4b6333aa3ced@group-F043E0AED0ED-LeaderElection168] INFO  impl.LeaderElection (LeaderElection.java:logAndReturn(56)) - aed1b97f-105e-4684-b087-4b6333aa3ced@group-F043E0AED0ED-LeaderElection168: Election REJECTED; received 2 response(s) [aed1b97f-105e-4684-b087-4b6333aa3ced<-1c51b35f-55cb-4636-a00c-83d34bf2d9d4#0:FAIL-t189, aed1b97f-105e-4684-b087-4b6333aa3ced<-d21ee1f1-33f6-483c-a18b-27782ce1915a#0:FAIL-t189] and 0 exception(s); aed1b97f-105e-4684-b087-4b6333aa3ced@group-F043E0AED0ED:t189, leader=null, voted=aed1b97f-105e-4684-b087-4b6333aa3ced, raftlog=aed1b97f-105e-4684-b087-4b6333aa3ced@group-F043E0AED0ED-SegmentedRaftLog:OPENED:c-1,f-1,i0, conf=-1: [aed1b97f-105e-4684-b087-4b6333aa3ced:192.168.157.195:34943, 1c51b35f-55cb-4636-a00c-83d34bf2d9d4:192.168.157.195:34693, d21ee1f1-33f6-483c-a18b-27782ce1915a:192.168.157.195:46462], old=null
2019-10-23 22:22:04,451 [aed1b97f-105e-4684-b087-4b6333aa3ced@group-F043E0AED0ED-LeaderElection168] INFO  impl.RaftServerImpl (RaftServerImpl.java:setRole(184)) - aed1b97f-105e-4684-b087-4b6333aa3ced@group-F043E0AED0ED: changes role from CANDIDATE to FOLLOWER at term 189 for DISCOVERED_A_NEW_TERM
2019-10-23 22:22:04,451 [aed1b97f-105e-4684-b087-4b6333aa3ced@group-F043E0AED0ED-LeaderElection168] INFO  impl.RoleInfo (RoleInfo.java:shutdownLeaderElection(134)) - aed1b97f-105e-4684-b087-4b6333aa3ced: shutdown LeaderElection
2019-10-23 22:22:04,451 [aed1b97f-105e-4684-b087-4b6333aa3ced@group-F043E0AED0ED-LeaderElection168] INFO  impl.RoleInfo (RoleInfo.java:updateAndGet(143)) - aed1b97f-105e-4684-b087-4b6333aa3ced: start FollowerState
2019-10-23 22:22:04,472 [Thread-1374] INFO  impl.FollowerState (FollowerState.java:run(108)) - aed1b97f-105e-4684-b087-4b6333aa3ced@group-F043E0AED0ED-FollowerState: change to CANDIDATE, lastRpcTime:21ms, electionTimeout:21ms
2019-10-23 22:22:04,473 [Thread-1374] INFO  impl.RoleInfo (RoleInfo.java:shutdownFollowerState(121)) - aed1b97f-105e-4684-b087-4b6333aa3ced: shutdown FollowerState
2019-10-23 22:22:04,473 [Thread-1374] INFO  impl.RaftServerImpl (RaftServerImpl.java:setRole(184)) - aed1b97f-105e-4684-b087-4b6333aa3ced@group-F043E0AED0ED: changes role from  FOLLOWER to CANDIDATE at term 189 for changeToCandidate
2019-10-23 22:22:04,473 [Thread-1374] INFO  impl.RoleInfo (RoleInfo.java:updateAndGet(143)) - aed1b97f-105e-4684-b087-4b6333aa3ced: start LeaderElection
2019-10-23 22:22:04,487 [aed1b97f-105e-4684-b087-4b6333aa3ced@group-F043E0AED0ED-LeaderElection169] INFO  impl.LeaderElection (LeaderElection.java:askForVotes(178)) - aed1b97f-105e-4684-b087-4b6333aa3ced@group-F043E0AED0ED-LeaderElection169: begin an election at term 190 for -1: [aed1b97f-105e-4684-b087-4b6333aa3ced:192.168.157.195:34943, 1c51b35f-55cb-4636-a00c-83d34bf2d9d4:192.168.157.195:34693, d21ee1f1-33f6-483c-a18b-27782ce1915a:192.168.157.195:46462], old=null
2019-10-23 22:22:04,490 [grpc-default-executor-0] INFO  impl.RaftServerImpl (RaftServerImpl.java:setRole(184)) - 1c51b35f-55cb-4636-a00c-83d34bf2d9d4@group-F043E0AED0ED: changes role from  FOLLOWER to FOLLOWER at term 190 for recognizeCandidate:aed1b97f-105e-4684-b087-4b6333aa3ced
2019-10-23 22:22:04,490 [grpc-default-executor-4] INFO  impl.RaftServerImpl (RaftServerImpl.java:setRole(184)) - d21ee1f1-33f6-483c-a18b-27782ce1915a@group-F043E0AED0ED: changes role from  FOLLOWER to FOLLOWER at term 190 for recognizeCandidate:aed1b97f-105e-4684-b087-4b6333aa3ced
2019-10-23 22:22:04,490 [grpc-default-executor-0] INFO  impl.RoleInfo (RoleInfo.java:shutdownFollowerState(121)) - 1c51b35f-55cb-4636-a00c-83d34bf2d9d4: shutdown FollowerState
2019-10-23 22:22:04,491 [grpc-default-executor-4] INFO  impl.RoleInfo (RoleInfo.java:shutdownFollowerState(121)) - d21ee1f1-33f6-483c-a18b-27782ce1915a: shutdown FollowerState
2019-10-23 22:22:04,491 [Thread-1372] INFO  impl.FollowerState (FollowerState.java:run(117)) - 1c51b35f-55cb-4636-a00c-83d34bf2d9d4@group-F043E0AED0ED-FollowerState was interrupted: java.lang.InterruptedException: sleep interrupted
2019-10-23 22:22:04,491 [grpc-default-executor-0] INFO  impl.RoleInfo (RoleInfo.java:updateAndGet(143)) - 1c51b35f-55cb-4636-a00c-83d34bf2d9d4: start FollowerState
2019-10-23 22:22:04,491 [Thread-1373] INFO  impl.FollowerState (FollowerState.java:run(117)) - d21ee1f1-33f6-483c-a18b-27782ce1915a@group-F043E0AED0ED-FollowerState was interrupted: java.lang.InterruptedException: sleep interrupted
2019-10-23 22:22:04,491 [grpc-default-executor-4] INFO  impl.RoleInfo (RoleInfo.java:updateAndGet(143)) - d21ee1f1-33f6-483c-a18b-27782ce1915a: start FollowerState
2019-10-23 22:22:04,505 [aed1b97f-105e-4684-b087-4b6333aa3ced@group-F043E0AED0ED-LeaderElection169] INFO  impl.LeaderElection (LeaderElection.java:logAndReturn(56)) - aed1b97f-105e-4684-b087-4b6333aa3ced@group-F043E0AED0ED-LeaderElection169: Election REJECTED; received 2 response(s) [aed1b97f-105e-4684-b087-4b6333aa3ced<-1c51b35f-55cb-4636-a00c-83d34bf2d9d4#0:FAIL-t190, aed1b97f-105e-4684-b087-4b6333aa3ced<-d21ee1f1-33f6-483c-a18b-27782ce1915a#0:FAIL-t190] and 0 exception(s); aed1b97f-105e-4684-b087-4b6333aa3ced@group-F043E0AED0ED:t190, leader=null, voted=aed1b97f-105e-4684-b087-4b6333aa3ced, raftlog=aed1b97f-105e-4684-b087-4b6333aa3ced@group-F043E0AED0ED-SegmentedRaftLog:OPENED:c-1,f-1,i0, conf=-1: [aed1b97f-105e-4684-b087-4b6333aa3ced:192.168.157.195:34943, 1c51b35f-55cb-4636-a00c-83d34bf2d9d4:192.168.157.195:34693, d21ee1f1-33f6-483c-a18b-27782ce1915a:192.168.157.195:46462], old=null
2019-10-23 22:22:04,505 [aed1b97f-105e-4684-b087-4b6333aa3ced@group-F043E0AED0ED-LeaderElection169] INFO  impl.RaftServerImpl (RaftServerImpl.java:setRole(184)) - aed1b97f-105e-4684-b087-4b6333aa3ced@group-F043E0AED0ED: changes role from CANDIDATE to FOLLOWER at term 190 for DISCOVERED_A_NEW_TERM
2019-10-23 22:22:04,505 [aed1b97f-105e-4684-b087-4b6333aa3ced@group-F043E0AED0ED-LeaderElection169] INFO  impl.RoleInfo (RoleInfo.java:shutdownLeaderElection(134)) - aed1b97f-105e-4684-b087-4b6333aa3ced: shutdown LeaderElection
2019-10-23 22:22:04,505 [aed1b97f-105e-4684-b087-4b6333aa3ced@group-F043E0AED0ED-LeaderElection169] INFO  impl.RoleInfo (RoleInfo.java:updateAndGet(143)) - aed1b97f-105e-4684-b087-4b6333aa3ced: start FollowerState
2019-10-23 22:22:04,604 [Thread-1380] INFO  impl.FollowerState (FollowerState.java:run(108)) - aed1b97f-105e-4684-b087-4b6333aa3ced@group-F043E0AED0ED-FollowerState: change to CANDIDATE, lastRpcTime:98ms, electionTimeout:98ms
2019-10-23 22:22:04,604 [Thread-1380] INFO  impl.RoleInfo (RoleInfo.java:shutdownFollowerState(121)) - aed1b97f-105e-4684-b087-4b6333aa3ced: shutdown FollowerState
2019-10-23 22:22:04,604 [Thread-1380] INFO  impl.RaftServerImpl (RaftServerImpl.java:setRole(184)) - aed1b97f-105e-4684-b087-4b6333aa3ced@group-F043E0AED0ED: changes role from  FOLLOWER to CANDIDATE at term 190 for changeToCandidate
2019-10-23 22:22:04,604 [Thread-1380] INFO  impl.RoleInfo (RoleInfo.java:updateAndGet(143)) - aed1b97f-105e-4684-b087-4b6333aa3ced: start LeaderElection
2019-10-23 22:22:04,618 [aed1b97f-105e-4684-b087-4b6333aa3ced@group-F043E0AED0ED-LeaderElection170] INFO  impl.LeaderElection (LeaderElection.java:askForVotes(178)) - aed1b97f-105e-4684-b087-4b6333aa3ced@group-F043E0AED0ED-LeaderElection170: begin an election at term 191 for -1: [aed1b97f-105e-4684-b087-4b6333aa3ced:192.168.157.195:34943, 1c51b35f-55cb-4636-a00c-83d34bf2d9d4:192.168.157.195:34693, d21ee1f1-33f6-483c-a18b-27782ce1915a:192.168.157.195:46462], old=null
2019-10-23 22:22:04,621 [grpc-default-executor-0] INFO  impl.RaftServerImpl (RaftServerImpl.java:setRole(184)) - 1c51b35f-55cb-4636-a00c-83d34bf2d9d4@group-F043E0AED0ED: changes role from  FOLLOWER to FOLLOWER at term 191 for recognizeCandidate:aed1b97f-105e-4684-b087-4b6333aa3ced
2019-10-23 22:22:04,621 [grpc-default-executor-0] INFO  impl.RoleInfo (RoleInfo.java:shutdownFollowerState(121)) - 1c51b35f-55cb-4636-a00c-83d34bf2d9d4: shutdown FollowerState
2019-10-23 22:22:04,621 [grpc-default-executor-4] INFO  impl.RaftServerImpl (RaftServerImpl.java:setRole(184)) - d21ee1f1-33f6-483c-a18b-27782ce1915a@group-F043E0AED0ED: changes role from  FOLLOWER to FOLLOWER at term 191 for recognizeCandidate:aed1b97f-105e-4684-b087-4b6333aa3ced
2019-10-23 22:22:04,621 [Thread-1378] INFO  impl.FollowerState (FollowerState.java:run(117)) - 1c51b35f-55cb-4636-a00c-83d34bf2d9d4@group-F043E0AED0ED-FollowerState was interrupted: java.lang.InterruptedException: sleep interrupted
2019-10-23 22:22:04,621 [grpc-default-executor-0] INFO  impl.RoleInfo (RoleInfo.java:updateAndGet(143)) - 1c51b35f-55cb-4636-a00c-83d34bf2d9d4: start FollowerState
2019-10-23 22:22:04,621 [grpc-default-executor-4] INFO  impl.RoleInfo (RoleInfo.java:shutdownFollowerState(121)) - d21ee1f1-33f6-483c-a18b-27782ce1915a: shutdown FollowerState
2019-10-23 22:22:04,622 [grpc-default-executor-4] INFO  impl.RoleInfo (RoleInfo.java:updateAndGet(143)) - d21ee1f1-33f6-483c-a18b-27782ce1915a: start FollowerState
2019-10-23 22:22:04,622 [Thread-1379] INFO  impl.FollowerState (FollowerState.java:run(117)) - d21ee1f1-33f6-483c-a18b-27782ce1915a@group-F043E0AED0ED-FollowerState was interrupted: java.lang.InterruptedException: sleep interrupted
2019-10-23 22:22:04,636 [aed1b97f-105e-4684-b087-4b6333aa3ced@group-F043E0AED0ED-LeaderElection170] INFO  impl.LeaderElection (LeaderElection.java:logAndReturn(56)) - aed1b97f-105e-4684-b087-4b6333aa3ced@group-F043E0AED0ED-LeaderElection170: Election REJECTED; received 2 response(s) [aed1b97f-105e-4684-b087-4b6333aa3ced<-1c51b35f-55cb-4636-a00c-83d34bf2d9d4#0:FAIL-t191, aed1b97f-105e-4684-b087-4b6333aa3ced<-d21ee1f1-33f6-483c-a18b-27782ce1915a#0:FAIL-t191] and 0 exception(s); aed1b97f-105e-4684-b087-4b6333aa3ced@group-F043E0AED0ED:t191, leader=null, voted=aed1b97f-105e-4684-b087-4b6333aa3ced, raftlog=aed1b97f-105e-4684-b087-4b6333aa3ced@group-F043E0AED0ED-SegmentedRaftLog:OPENED:c-1,f-1,i0, conf=-1: [aed1b97f-105e-4684-b087-4b6333aa3ced:192.168.157.195:34943, 1c51b35f-55cb-4636-a00c-83d34bf2d9d4:192.168.157.195:34693, d21ee1f1-33f6-483c-a18b-27782ce1915a:192.168.157.195:46462], old=null
2019-10-23 22:22:04,636 [aed1b97f-105e-4684-b087-4b6333aa3ced@group-F043E0AED0ED-LeaderElection170] INFO  impl.RaftServerImpl (RaftServerImpl.java:setRole(184)) - aed1b97f-105e-4684-b087-4b6333aa3ced@group-F043E0AED0ED: changes role from CANDIDATE to FOLLOWER at term 191 for DISCOVERED_A_NEW_TERM
2019-10-23 22:22:04,636 [aed1b97f-105e-4684-b087-4b6333aa3ced@group-F043E0AED0ED-LeaderElection170] INFO  impl.RoleInfo (RoleInfo.java:shutdownLeaderElection(134)) - aed1b97f-105e-4684-b087-4b6333aa3ced: shutdown LeaderElection
2019-10-23 22:22:04,637 [aed1b97f-105e-4684-b087-4b6333aa3ced@group-F043E0AED0ED-LeaderElection170] INFO  impl.RoleInfo (RoleInfo.java:updateAndGet(143)) - aed1b97f-105e-4684-b087-4b6333aa3ced: start FollowerState
2019-10-23 22:22:04,770 [Thread-1386] INFO  impl.FollowerState (FollowerState.java:run(108)) - aed1b97f-105e-4684-b087-4b6333aa3ced@group-F043E0AED0ED-FollowerState: change to CANDIDATE, lastRpcTime:133ms, electionTimeout:133ms
2019-10-23 22:22:04,770 [Thread-1386] INFO  impl.RoleInfo (RoleInfo.java:shutdownFollowerState(121)) - aed1b97f-105e-4684-b087-4b6333aa3ced: shutdown FollowerState
2019-10-23 22:22:04,770 [Thread-1386] INFO  impl.RaftServerImpl (RaftServerImpl.java:setRole(184)) - aed1b97f-105e-4684-b087-4b6333aa3ced@group-F043E0AED0ED: changes role from  FOLLOWER to CANDIDATE at term 191 for changeToCandidate
2019-10-23 22:22:04,771 [Thread-1386] INFO  impl.RoleInfo (RoleInfo.java:updateAndGet(143)) - aed1b97f-105e-4684-b087-4b6333aa3ced: start LeaderElection
2019-10-23 22:22:04,785 [aed1b97f-105e-4684-b087-4b6333aa3ced@group-F043E0AED0ED-LeaderElection171] INFO  impl.LeaderElection (LeaderElection.java:askForVotes(178)) - aed1b97f-105e-4684-b087-4b6333aa3ced@group-F043E0AED0ED-LeaderElection171: begin an election at term 192 for -1: [aed1b97f-105e-4684-b087-4b6333aa3ced:192.168.157.195:34943, 1c51b35f-55cb-4636-a00c-83d34bf2d9d4:192.168.157.195:34693, d21ee1f1-33f6-483c-a18b-27782ce1915a:192.168.157.195:46462], old=null
2019-10-23 22:22:04,787 [grpc-default-executor-0] INFO  impl.RaftServerImpl (RaftServerImpl.java:setRole(184)) - 1c51b35f-55cb-4636-a00c-83d34bf2d9d4@group-F043E0AED0ED: changes role from  FOLLOWER to FOLLOWER at term 192 for recognizeCandidate:aed1b97f-105e-4684-b087-4b6333aa3ced
2019-10-23 22:22:04,787 [grpc-default-executor-4] INFO  impl.RaftServerImpl (RaftServerImpl.java:setRole(184)) - d21ee1f1-33f6-483c-a18b-27782ce1915a@group-F043E0AED0ED: changes role from  FOLLOWER to FOLLOWER at term 192 for recognizeCandidate:aed1b97f-105e-4684-b087-4b6333aa3ced
2019-10-23 22:22:04,787 [grpc-default-executor-0] INFO  impl.RoleInfo (RoleInfo.java:shutdownFollowerState(121)) - 1c51b35f-55cb-4636-a00c-83d34bf2d9d4: shutdown FollowerState
2019-10-23 22:22:04,787 [grpc-default-executor-4] INFO  impl.RoleInfo (RoleInfo.java:shutdownFollowerState(121)) - d21ee1f1-33f6-483c-a18b-27782ce1915a: shutdown FollowerState
2019-10-23 22:22:04,788 [Thread-1384] INFO  impl.FollowerState (FollowerState.java:run(117)) - 1c51b35f-55cb-4636-a00c-83d34bf2d9d4@group-F043E0AED0ED-FollowerState was interrupted: java.lang.InterruptedException: sleep interrupted
2019-10-23 22:22:04,788 [grpc-default-executor-4] INFO  impl.RoleInfo (RoleInfo.java:updateAndGet(143)) - d21ee1f1-33f6-483c-a18b-27782ce1915a: start FollowerState
2019-10-23 22:22:04,788 [grpc-default-executor-0] INFO  impl.RoleInfo (RoleInfo.java:updateAndGet(143)) - 1c51b35f-55cb-4636-a00c-83d34bf2d9d4: start FollowerState
2019-10-23 22:22:04,788 [Thread-1385] INFO  impl.FollowerState (FollowerState.java:run(117)) - d21ee1f1-33f6-483c-a18b-27782ce1915a@group-F043E0AED0ED-FollowerState was interrupted: java.lang.InterruptedException: sleep interrupted
2019-10-23 22:22:04,801 [aed1b97f-105e-4684-b087-4b6333aa3ced@group-F043E0AED0ED-LeaderElection171] INFO  impl.LeaderElection (LeaderElection.java:logAndReturn(56)) - aed1b97f-105e-4684-b087-4b6333aa3ced@group-F043E0AED0ED-LeaderElection171: Election REJECTED; received 2 response(s) [aed1b97f-105e-4684-b087-4b6333aa3ced<-1c51b35f-55cb-4636-a00c-83d34bf2d9d4#0:FAIL-t192, aed1b97f-105e-4684-b087-4b6333aa3ced<-d21ee1f1-33f6-483c-a18b-27782ce1915a#0:FAIL-t192] and 0 exception(s); aed1b97f-105e-4684-b087-4b6333aa3ced@group-F043E0AED0ED:t192, leader=null, voted=aed1b97f-105e-4684-b087-4b6333aa3ced, raftlog=aed1b97f-105e-4684-b087-4b6333aa3ced@group-F043E0AED0ED-SegmentedRaftLog:OPENED:c-1,f-1,i0, conf=-1: [aed1b97f-105e-4684-b087-4b6333aa3ced:192.168.157.195:34943, 1c51b35f-55cb-4636-a00c-83d34bf2d9d4:192.168.157.195:34693, d21ee1f1-33f6-483c-a18b-27782ce1915a:192.168.157.195:46462], old=null
2019-10-23 22:22:04,802 [aed1b97f-105e-4684-b087-4b6333aa3ced@group-F043E0AED0ED-LeaderElection171] INFO  impl.RaftServerImpl (RaftServerImpl.java:setRole(184)) - aed1b97f-105e-4684-b087-4b6333aa3ced@group-F043E0AED0ED: changes role from CANDIDATE to FOLLOWER at term 192 for DISCOVERED_A_NEW_TERM
2019-10-23 22:22:04,802 [aed1b97f-105e-4684-b087-4b6333aa3ced@group-F043E0AED0ED-LeaderElection171] INFO  impl.RoleInfo (RoleInfo.java:shutdownLeaderElection(134)) - aed1b97f-105e-4684-b087-4b6333aa3ced: shutdown LeaderElection
2019-10-23 22:22:04,802 [aed1b97f-105e-4684-b087-4b6333aa3ced@group-F043E0AED0ED-LeaderElection171] INFO  impl.RoleInfo (RoleInfo.java:updateAndGet(143)) - aed1b97f-105e-4684-b087-4b6333aa3ced: start FollowerState
2019-10-23 22:22:04,926 [Thread-1392] INFO  impl.FollowerState (FollowerState.java:run(108)) - aed1b97f-105e-4684-b087-4b6333aa3ced@group-F043E0AED0ED-FollowerState: change to CANDIDATE, lastRpcTime:124ms, electionTimeout:124ms
2019-10-23 22:22:04,926 [Thread-1392] INFO  impl.RoleInfo (RoleInfo.java:shutdownFollowerState(121)) - aed1b97f-105e-4684-b087-4b6333aa3ced: shutdown FollowerState
2019-10-23 22:22:04,926 [Thread-1392] INFO  impl.RaftServerImpl (RaftServerImpl.java:setRole(184)) - aed1b97f-105e-4684-b087-4b6333aa3ced@group-F043E0AED0ED: changes role from  FOLLOWER to CANDIDATE at term 192 for changeToCandidate
2019-10-23 22:22:04,927 [Thread-1392] INFO  impl.RoleInfo (RoleInfo.java:updateAndGet(143)) - aed1b97f-105e-4684-b087-4b6333aa3ced: start LeaderElection
2019-10-23 22:22:04,940 [aed1b97f-105e-4684-b087-4b6333aa3ced@group-F043E0AED0ED-LeaderElection172] INFO  impl.LeaderElection (LeaderElection.java:askForVotes(178)) - aed1b97f-105e-4684-b087-4b6333aa3ced@group-F043E0AED0ED-LeaderElection172: begin an election at term 193 for -1: [aed1b97f-105e-4684-b087-4b6333aa3ced:192.168.157.195:34943, 1c51b35f-55cb-4636-a00c-83d34bf2d9d4:192.168.157.195:34693, d21ee1f1-33f6-483c-a18b-27782ce1915a:192.168.157.195:46462], old=null
2019-10-23 22:22:04,942 [grpc-default-executor-4] INFO  impl.RaftServerImpl (RaftServerImpl.java:setRole(184)) - d21ee1f1-33f6-483c-a18b-27782ce1915a@group-F043E0AED0ED: changes role from  FOLLOWER to FOLLOWER at term 193 for recognizeCandidate:aed1b97f-105e-4684-b087-4b6333aa3ced
2019-10-23 22:22:04,942 [grpc-default-executor-0] INFO  impl.RaftServerImpl (RaftServerImpl.java:setRole(184)) - 1c51b35f-55cb-4636-a00c-83d34bf2d9d4@group-F043E0AED0ED: changes role from  FOLLOWER to FOLLOWER at term 193 for recognizeCandidate:aed1b97f-105e-4684-b087-4b6333aa3ced
2019-10-23 22:22:04,943 [grpc-default-executor-4] INFO  impl.RoleInfo (RoleInfo.java:shutdownFollowerState(121)) - d21ee1f1-33f6-483c-a18b-27782ce1915a: shutdown FollowerState
2019-10-23 22:22:04,943 [grpc-default-executor-0] INFO  impl.RoleInfo (RoleInfo.java:shutdownFollowerState(121)) - 1c51b35f-55cb-4636-a00c-83d34bf2d9d4: shutdown FollowerState
2019-10-23 22:22:04,943 [Thread-1391] INFO  impl.FollowerState (FollowerState.java:run(117)) - d21ee1f1-33f6-483c-a18b-27782ce1915a@group-F043E0AED0ED-FollowerState was interrupted: java.lang.InterruptedException: sleep interrupted
2019-10-23 22:22:04,943 [grpc-default-executor-4] INFO  impl.RoleInfo (RoleInfo.java:updateAndGet(143)) - d21ee1f1-33f6-483c-a18b-27782ce1915a: start FollowerState
2019-10-23 22:22:04,943 [Thread-1390] INFO  impl.FollowerState (FollowerState.java:run(117)) - 1c51b35f-55cb-4636-a00c-83d34bf2d9d4@group-F043E0AED0ED-FollowerState was interrupted: java.lang.InterruptedException: sleep interrupted
2019-10-23 22:22:04,943 [grpc-default-executor-0] INFO  impl.RoleInfo (RoleInfo.java:updateAndGet(143)) - 1c51b35f-55cb-4636-a00c-83d34bf2d9d4: start FollowerState
2019-10-23 22:22:04,957 [aed1b97f-105e-4684-b087-4b6333aa3ced@group-F043E0AED0ED-LeaderElection172] INFO  impl.LeaderElection (LeaderElection.java:logAndReturn(56)) - aed1b97f-105e-4684-b087-4b6333aa3ced@group-F043E0AED0ED-LeaderElection172: Election REJECTED; received 2 response(s) [aed1b97f-105e-4684-b087-4b6333aa3ced<-1c51b35f-55cb-4636-a00c-83d34bf2d9d4#0:FAIL-t193, aed1b97f-105e-4684-b087-4b6333aa3ced<-d21ee1f1-33f6-483c-a18b-27782ce1915a#0:FAIL-t193] and 0 exception(s); aed1b97f-105e-4684-b087-4b6333aa3ced@group-F043E0AED0ED:t193, leader=null, voted=aed1b97f-105e-4684-b087-4b6333aa3ced, raftlog=aed1b97f-105e-4684-b087-4b6333aa3ced@group-F043E0AED0ED-SegmentedRaftLog:OPENED:c-1,f-1,i0, conf=-1: [aed1b97f-105e-4684-b087-4b6333aa3ced:192.168.157.195:34943, 1c51b35f-55cb-4636-a00c-83d34bf2d9d4:192.168.157.195:34693, d21ee1f1-33f6-483c-a18b-27782ce1915a:192.168.157.195:46462], old=null
2019-10-23 22:22:04,958 [aed1b97f-105e-4684-b087-4b6333aa3ced@group-F043E0AED0ED-LeaderElection172] INFO  impl.RaftServerImpl (RaftServerImpl.java:setRole(184)) - aed1b97f-105e-4684-b087-4b6333aa3ced@group-F043E0AED0ED: changes role from CANDIDATE to FOLLOWER at term 193 for DISCOVERED_A_NEW_TERM
2019-10-23 22:22:04,958 [aed1b97f-105e-4684-b087-4b6333aa3ced@group-F043E0AED0ED-LeaderElection172] INFO  impl.RoleInfo (RoleInfo.java:shutdownLeaderElection(134)) - aed1b97f-105e-4684-b087-4b6333aa3ced: shutdown LeaderElection
2019-10-23 22:22:04,958 [aed1b97f-105e-4684-b087-4b6333aa3ced@group-F043E0AED0ED-LeaderElection172] INFO  impl.RoleInfo (RoleInfo.java:updateAndGet(143)) - aed1b97f-105e-4684-b087-4b6333aa3ced: start FollowerState
2019-10-23 22:22:05,007 [Thread-1398] INFO  impl.FollowerState (FollowerState.java:run(108)) - aed1b97f-105e-4684-b087-4b6333aa3ced@group-F043E0AED0ED-FollowerState: change to CANDIDATE, lastRpcTime:49ms, electionTimeout:49ms
2019-10-23 22:22:05,008 [Thread-1398] INFO  impl.RoleInfo (RoleInfo.java:shutdownFollowerState(121)) - aed1b97f-105e-4684-b087-4b6333aa3ced: shutdown FollowerState
2019-10-23 22:22:05,008 [Thread-1398] INFO  impl.RaftServerImpl (RaftServerImpl.java:setRole(184)) - aed1b97f-105e-4684-b087-4b6333aa3ced@group-F043E0AED0ED: changes role from  FOLLOWER to CANDIDATE at term 193 for changeToCandidate
2019-10-23 22:22:05,008 [Thread-1398] INFO  impl.RoleInfo (RoleInfo.java:updateAndGet(143)) - aed1b97f-105e-4684-b087-4b6333aa3ced: start LeaderElection
2019-10-23 22:22:05,020 [aed1b97f-105e-4684-b087-4b6333aa3ced@group-F043E0AED0ED-LeaderElection173] INFO  impl.LeaderElection (LeaderElection.java:askForVotes(178)) - aed1b97f-105e-4684-b087-4b6333aa3ced@group-F043E0AED0ED-LeaderElection173: begin an election at term 194 for -1: [aed1b97f-105e-4684-b087-4b6333aa3ced:192.168.157.195:34943, 1c51b35f-55cb-4636-a00c-83d34bf2d9d4:192.168.157.195:34693, d21ee1f1-33f6-483c-a18b-27782ce1915a:192.168.157.195:46462], old=null
2019-10-23 22:22:05,022 [grpc-default-executor-0] INFO  impl.RaftServerImpl (RaftServerImpl.java:setRole(184)) - 1c51b35f-55cb-4636-a00c-83d34bf2d9d4@group-F043E0AED0ED: changes role from  FOLLOWER to FOLLOWER at term 194 for recognizeCandidate:aed1b97f-105e-4684-b087-4b6333aa3ced
2019-10-23 22:22:05,022 [grpc-default-executor-4] INFO  impl.RaftServerImpl (RaftServerImpl.java:setRole(184)) - d21ee1f1-33f6-483c-a18b-27782ce1915a@group-F043E0AED0ED: changes role from  FOLLOWER to FOLLOWER at term 194 for recognizeCandidate:aed1b97f-105e-4684-b087-4b6333aa3ced
2019-10-23 22:22:05,022 [grpc-default-executor-0] INFO  impl.RoleInfo (RoleInfo.java:shutdownFollowerState(121)) - 1c51b35f-55cb-4636-a00c-83d34bf2d9d4: shutdown FollowerState
2019-10-23 22:22:05,022 [grpc-default-executor-4] INFO  impl.RoleInfo (RoleInfo.java:shutdownFollowerState(121)) - d21ee1f1-33f6-483c-a18b-27782ce1915a: shutdown FollowerState
2019-10-23 22:22:05,023 [grpc-default-executor-0] INFO  impl.RoleInfo (RoleInfo.java:updateAndGet(143)) - 1c51b35f-55cb-4636-a00c-83d34bf2d9d4: start FollowerState
2019-10-23 22:22:05,023 [Thread-1396] INFO  impl.FollowerState (FollowerState.java:run(117)) - d21ee1f1-33f6-483c-a18b-27782ce1915a@group-F043E0AED0ED-FollowerState was interrupted: java.lang.InterruptedException: sleep interrupted
2019-10-23 22:22:05,023 [Thread-1397] INFO  impl.FollowerState (FollowerState.java:run(117)) - 1c51b35f-55cb-4636-a00c-83d34bf2d9d4@group-F043E0AED0ED-FollowerState was interrupted: java.lang.InterruptedException: sleep interrupted
2019-10-23 22:22:05,023 [grpc-default-executor-4] INFO  impl.RoleInfo (RoleInfo.java:updateAndGet(143)) - d21ee1f1-33f6-483c-a18b-27782ce1915a: start FollowerState
2019-10-23 22:22:05,040 [aed1b97f-105e-4684-b087-4b6333aa3ced@group-F043E0AED0ED-LeaderElection173] INFO  impl.LeaderElection (LeaderElection.java:logAndReturn(56)) - aed1b97f-105e-4684-b087-4b6333aa3ced@group-F043E0AED0ED-LeaderElection173: Election REJECTED; received 2 response(s) [aed1b97f-105e-4684-b087-4b6333aa3ced<-1c51b35f-55cb-4636-a00c-83d34bf2d9d4#0:FAIL-t194, aed1b97f-105e-4684-b087-4b6333aa3ced<-d21ee1f1-33f6-483c-a18b-27782ce1915a#0:FAIL-t194] and 0 exception(s); aed1b97f-105e-4684-b087-4b6333aa3ced@group-F043E0AED0ED:t194, leader=null, voted=aed1b97f-105e-4684-b087-4b6333aa3ced, raftlog=aed1b97f-105e-4684-b087-4b6333aa3ced@group-F043E0AED0ED-SegmentedRaftLog:OPENED:c-1,f-1,i0, conf=-1: [aed1b97f-105e-4684-b087-4b6333aa3ced:192.168.157.195:34943, 1c51b35f-55cb-4636-a00c-83d34bf2d9d4:192.168.157.195:34693, d21ee1f1-33f6-483c-a18b-27782ce1915a:192.168.157.195:46462], old=null
2019-10-23 22:22:05,040 [aed1b97f-105e-4684-b087-4b6333aa3ced@group-F043E0AED0ED-LeaderElection173] INFO  impl.RaftServerImpl (RaftServerImpl.java:setRole(184)) - aed1b97f-105e-4684-b087-4b6333aa3ced@group-F043E0AED0ED: changes role from CANDIDATE to FOLLOWER at term 194 for DISCOVERED_A_NEW_TERM
2019-10-23 22:22:05,041 [aed1b97f-105e-4684-b087-4b6333aa3ced@group-F043E0AED0ED-LeaderElection173] INFO  impl.RoleInfo (RoleInfo.java:shutdownLeaderElection(134)) - aed1b97f-105e-4684-b087-4b6333aa3ced: shutdown LeaderElection
2019-10-23 22:22:05,041 [aed1b97f-105e-4684-b087-4b6333aa3ced@group-F043E0AED0ED-LeaderElection173] INFO  impl.RoleInfo (RoleInfo.java:updateAndGet(143)) - aed1b97f-105e-4684-b087-4b6333aa3ced: start FollowerState
2019-10-23 22:22:05,161 [Thread-1404] INFO  impl.FollowerState (FollowerState.java:run(108)) - aed1b97f-105e-4684-b087-4b6333aa3ced@group-F043E0AED0ED-FollowerState: change to CANDIDATE, lastRpcTime:120ms, electionTimeout:120ms
2019-10-23 22:22:05,161 [Thread-1404] INFO  impl.RoleInfo (RoleInfo.java:shutdownFollowerState(121)) - aed1b97f-105e-4684-b087-4b6333aa3ced: shutdown FollowerState
2019-10-23 22:22:05,162 [Thread-1404] INFO  impl.RaftServerImpl (RaftServerImpl.java:setRole(184)) - aed1b97f-105e-4684-b087-4b6333aa3ced@group-F043E0AED0ED: changes role from  FOLLOWER to CANDIDATE at term 194 for changeToCandidate
2019-10-23 22:22:05,162 [Thread-1404] INFO  impl.RoleInfo (RoleInfo.java:updateAndGet(143)) - aed1b97f-105e-4684-b087-4b6333aa3ced: start LeaderElection
2019-10-23 22:22:05,175 [aed1b97f-105e-4684-b087-4b6333aa3ced@group-F043E0AED0ED-LeaderElection174] INFO  impl.LeaderElection (LeaderElection.java:askForVotes(178)) - aed1b97f-105e-4684-b087-4b6333aa3ced@group-F043E0AED0ED-LeaderElection174: begin an election at term 195 for -1: [aed1b97f-105e-4684-b087-4b6333aa3ced:192.168.157.195:34943, 1c51b35f-55cb-4636-a00c-83d34bf2d9d4:192.168.157.195:34693, d21ee1f1-33f6-483c-a18b-27782ce1915a:192.168.157.195:46462], old=null
2019-10-23 22:22:05,177 [grpc-default-executor-0] INFO  impl.RaftServerImpl (RaftServerImpl.java:setRole(184)) - 1c51b35f-55cb-4636-a00c-83d34bf2d9d4@group-F043E0AED0ED: changes role from  FOLLOWER to FOLLOWER at term 195 for recognizeCandidate:aed1b97f-105e-4684-b087-4b6333aa3ced
2019-10-23 22:22:05,177 [grpc-default-executor-4] INFO  impl.RaftServerImpl (RaftServerImpl.java:setRole(184)) - d21ee1f1-33f6-483c-a18b-27782ce1915a@group-F043E0AED0ED: changes role from  FOLLOWER to FOLLOWER at term 195 for recognizeCandidate:aed1b97f-105e-4684-b087-4b6333aa3ced
2019-10-23 22:22:05,178 [grpc-default-executor-0] INFO  impl.RoleInfo (RoleInfo.java:shutdownFollowerState(121)) - 1c51b35f-55cb-4636-a00c-83d34bf2d9d4: shutdown FollowerState
2019-10-23 22:22:05,178 [grpc-default-executor-4] INFO  impl.RoleInfo (RoleInfo.java:shutdownFollowerState(121)) - d21ee1f1-33f6-483c-a18b-27782ce1915a: shutdown FollowerState
2019-10-23 22:22:05,178 [grpc-default-executor-0] INFO  impl.RoleInfo (RoleInfo.java:updateAndGet(143)) - 1c51b35f-55cb-4636-a00c-83d34bf2d9d4: start FollowerState
2019-10-23 22:22:05,178 [Thread-1403] INFO  impl.FollowerState (FollowerState.java:run(117)) - d21ee1f1-33f6-483c-a18b-27782ce1915a@group-F043E0AED0ED-FollowerState was interrupted: java.lang.InterruptedException: sleep interrupted
2019-10-23 22:22:05,178 [grpc-default-executor-4] INFO  impl.RoleInfo (RoleInfo.java:updateAndGet(143)) - d21ee1f1-33f6-483c-a18b-27782ce1915a: start FollowerState
2019-10-23 22:22:05,178 [Thread-1402] INFO  impl.FollowerState (FollowerState.java:run(117)) - 1c51b35f-55cb-4636-a00c-83d34bf2d9d4@group-F043E0AED0ED-FollowerState was interrupted: java.lang.InterruptedException: sleep interrupted
2019-10-23 22:22:05,192 [aed1b97f-105e-4684-b087-4b6333aa3ced@group-F043E0AED0ED-LeaderElection174] INFO  impl.LeaderElection (LeaderElection.java:logAndReturn(56)) - aed1b97f-105e-4684-b087-4b6333aa3ced@group-F043E0AED0ED-LeaderElection174: Election REJECTED; received 2 response(s) [aed1b97f-105e-4684-b087-4b6333aa3ced<-1c51b35f-55cb-4636-a00c-83d34bf2d9d4#0:FAIL-t195, aed1b97f-105e-4684-b087-4b6333aa3ced<-d21ee1f1-33f6-483c-a18b-27782ce1915a#0:FAIL-t195] and 0 exception(s); aed1b97f-105e-4684-b087-4b6333aa3ced@group-F043E0AED0ED:t195, leader=null, voted=aed1b97f-105e-4684-b087-4b6333aa3ced, raftlog=aed1b97f-105e-4684-b087-4b6333aa3ced@group-F043E0AED0ED-SegmentedRaftLog:OPENED:c-1,f-1,i0, conf=-1: [aed1b97f-105e-4684-b087-4b6333aa3ced:192.168.157.195:34943, 1c51b35f-55cb-4636-a00c-83d34bf2d9d4:192.168.157.195:34693, d21ee1f1-33f6-483c-a18b-27782ce1915a:192.168.157.195:46462], old=null
2019-10-23 22:22:05,192 [aed1b97f-105e-4684-b087-4b6333aa3ced@group-F043E0AED0ED-LeaderElection174] INFO  impl.RaftServerImpl (RaftServerImpl.java:setRole(184)) - aed1b97f-105e-4684-b087-4b6333aa3ced@group-F043E0AED0ED: changes role from CANDIDATE to FOLLOWER at term 195 for DISCOVERED_A_NEW_TERM
2019-10-23 22:22:05,193 [aed1b97f-105e-4684-b087-4b6333aa3ced@group-F043E0AED0ED-LeaderElection174] INFO  impl.RoleInfo (RoleInfo.java:shutdownLeaderElection(134)) - aed1b97f-105e-4684-b087-4b6333aa3ced: shutdown LeaderElection
2019-10-23 22:22:05,193 [aed1b97f-105e-4684-b087-4b6333aa3ced@group-F043E0AED0ED-LeaderElection174] INFO  impl.RoleInfo (RoleInfo.java:updateAndGet(143)) - aed1b97f-105e-4684-b087-4b6333aa3ced: start FollowerState
2019-10-23 22:22:05,274 [Thread-1412] INFO  impl.FollowerState (FollowerState.java:run(108)) - aed1b97f-105e-4684-b087-4b6333aa3ced@group-F043E0AED0ED-FollowerState: change to CANDIDATE, lastRpcTime:81ms, electionTimeout:81ms
2019-10-23 22:22:05,274 [Thread-1412] INFO  impl.RoleInfo (RoleInfo.java:shutdownFollowerState(121)) - aed1b97f-105e-4684-b087-4b6333aa3ced: shutdown FollowerState
2019-10-23 22:22:05,274 [Thread-1412] INFO  impl.RaftServerImpl (RaftServerImpl.java:setRole(184)) - aed1b97f-105e-4684-b087-4b6333aa3ced@group-F043E0AED0ED: changes role from  FOLLOWER to CANDIDATE at term 195 for changeToCandidate
2019-10-23 22:22:05,274 [Thread-1412] INFO  impl.RoleInfo (RoleInfo.java:updateAndGet(143)) - aed1b97f-105e-4684-b087-4b6333aa3ced: start LeaderElection
2019-10-23 22:22:05,286 [aed1b97f-105e-4684-b087-4b6333aa3ced@group-F043E0AED0ED-LeaderElection175] INFO  impl.LeaderElection (LeaderElection.java:askForVotes(178)) - aed1b97f-105e-4684-b087-4b6333aa3ced@group-F043E0AED0ED-LeaderElection175: begin an election at term 196 for -1: [aed1b97f-105e-4684-b087-4b6333aa3ced:192.168.157.195:34943, 1c51b35f-55cb-4636-a00c-83d34bf2d9d4:192.168.157.195:34693, d21ee1f1-33f6-483c-a18b-27782ce1915a:192.168.157.195:46462], old=null
2019-10-23 22:22:05,288 [grpc-default-executor-4] INFO  impl.RaftServerImpl (RaftServerImpl.java:setRole(184)) - 1c51b35f-55cb-4636-a00c-83d34bf2d9d4@group-F043E0AED0ED: changes role from  FOLLOWER to FOLLOWER at term 196 for recognizeCandidate:aed1b97f-105e-4684-b087-4b6333aa3ced
2019-10-23 22:22:05,288 [grpc-default-executor-0] INFO  impl.RaftServerImpl (RaftServerImpl.java:setRole(184)) - d21ee1f1-33f6-483c-a18b-27782ce1915a@group-F043E0AED0ED: changes role from  FOLLOWER to FOLLOWER at term 196 for recognizeCandidate:aed1b97f-105e-4684-b087-4b6333aa3ced
2019-10-23 22:22:05,289 [grpc-default-executor-4] INFO  impl.RoleInfo (RoleInfo.java:shutdownFollowerState(121)) - 1c51b35f-55cb-4636-a00c-83d34bf2d9d4: shutdown FollowerState
2019-10-23 22:22:05,289 [grpc-default-executor-0] INFO  impl.RoleInfo (RoleInfo.java:shutdownFollowerState(121)) - d21ee1f1-33f6-483c-a18b-27782ce1915a: shutdown FollowerState
2019-10-23 22:22:05,289 [grpc-default-executor-4] INFO  impl.RoleInfo (RoleInfo.java:updateAndGet(143)) - 1c51b35f-55cb-4636-a00c-83d34bf2d9d4: start FollowerState
2019-10-23 22:22:05,289 [Thread-1411] INFO  impl.FollowerState (FollowerState.java:run(117)) - d21ee1f1-33f6-483c-a18b-27782ce1915a@group-F043E0AED0ED-FollowerState was interrupted: java.lang.InterruptedException: sleep interrupted
2019-10-23 22:22:05,289 [grpc-default-executor-0] INFO  impl.RoleInfo (RoleInfo.java:updateAndGet(143)) - d21ee1f1-33f6-483c-a18b-27782ce1915a: start FollowerState
2019-10-23 22:22:05,289 [Thread-1410] INFO  impl.FollowerState (FollowerState.java:run(117)) - 1c51b35f-55cb-4636-a00c-83d34bf2d9d4@group-F043E0AED0ED-FollowerState was interrupted: java.lang.InterruptedException: sleep interrupted
2019-10-23 22:22:05,307 [aed1b97f-105e-4684-b087-4b6333aa3ced@group-F043E0AED0ED-LeaderElection175] INFO  impl.LeaderElection (LeaderElection.java:logAndReturn(56)) - aed1b97f-105e-4684-b087-4b6333aa3ced@group-F043E0AED0ED-LeaderElection175: Election REJECTED; received 2 response(s) [aed1b97f-105e-4684-b087-4b6333aa3ced<-1c51b35f-55cb-4636-a00c-83d34bf2d9d4#0:FAIL-t196, aed1b97f-105e-4684-b087-4b6333aa3ced<-d21ee1f1-33f6-483c-a18b-27782ce1915a#0:FAIL-t196] and 0 exception(s); aed1b97f-105e-4684-b087-4b6333aa3ced@group-F043E0AED0ED:t196, leader=null, voted=aed1b97f-105e-4684-b087-4b6333aa3ced, raftlog=aed1b97f-105e-4684-b087-4b6333aa3ced@group-F043E0AED0ED-SegmentedRaftLog:OPENED:c-1,f-1,i0, conf=-1: [aed1b97f-105e-4684-b087-4b6333aa3ced:192.168.157.195:34943, 1c51b35f-55cb-4636-a00c-83d34bf2d9d4:192.168.157.195:34693, d21ee1f1-33f6-483c-a18b-27782ce1915a:192.168.157.195:46462], old=null
2019-10-23 22:22:05,307 [aed1b97f-105e-4684-b087-4b6333aa3ced@group-F043E0AED0ED-LeaderElection175] INFO  impl.RaftServerImpl (RaftServerImpl.java:setRole(184)) - aed1b97f-105e-4684-b087-4b6333aa3ced@group-F043E0AED0ED: changes role from CANDIDATE to FOLLOWER at term 196 for DISCOVERED_A_NEW_TERM
2019-10-23 22:22:05,307 [aed1b97f-105e-4684-b087-4b6333aa3ced@group-F043E0AED0ED-LeaderElection175] INFO  impl.RoleInfo (RoleInfo.java:shutdownLeaderElection(134)) - aed1b97f-105e-4684-b087-4b6333aa3ced: shutdown LeaderElection
2019-10-23 22:22:05,307 [aed1b97f-105e-4684-b087-4b6333aa3ced@group-F043E0AED0ED-LeaderElection175] INFO  impl.RoleInfo (RoleInfo.java:updateAndGet(143)) - aed1b97f-105e-4684-b087-4b6333aa3ced: start FollowerState
2019-10-23 22:22:05,318 [Thread-1418] INFO  impl.FollowerState (FollowerState.java:run(108)) - aed1b97f-105e-4684-b087-4b6333aa3ced@group-F043E0AED0ED-FollowerState: change to CANDIDATE, lastRpcTime:10ms, electionTimeout:10ms
2019-10-23 22:22:05,318 [Thread-1418] INFO  impl.RoleInfo (RoleInfo.java:shutdownFollowerState(121)) - aed1b97f-105e-4684-b087-4b6333aa3ced: shutdown FollowerState
2019-10-23 22:22:05,318 [Thread-1418] INFO  impl.RaftServerImpl (RaftServerImpl.java:setRole(184)) - aed1b97f-105e-4684-b087-4b6333aa3ced@group-F043E0AED0ED: changes role from  FOLLOWER to CANDIDATE at term 196 for changeToCandidate
2019-10-23 22:22:05,318 [Thread-1418] INFO  impl.RoleInfo (RoleInfo.java:updateAndGet(143)) - aed1b97f-105e-4684-b087-4b6333aa3ced: start LeaderElection
2019-10-23 22:22:05,344 [aed1b97f-105e-4684-b087-4b6333aa3ced@group-F043E0AED0ED-LeaderElection176] INFO  impl.LeaderElection (LeaderElection.java:askForVotes(178)) - aed1b97f-105e-4684-b087-4b6333aa3ced@group-F043E0AED0ED-LeaderElection176: begin an election at term 197 for -1: [aed1b97f-105e-4684-b087-4b6333aa3ced:192.168.157.195:34943, 1c51b35f-55cb-4636-a00c-83d34bf2d9d4:192.168.157.195:34693, d21ee1f1-33f6-483c-a18b-27782ce1915a:192.168.157.195:46462], old=null
2019-10-23 22:22:05,346 [grpc-default-executor-0] INFO  impl.RaftServerImpl (RaftServerImpl.java:setRole(184)) - 1c51b35f-55cb-4636-a00c-83d34bf2d9d4@group-F043E0AED0ED: changes role from  FOLLOWER to FOLLOWER at term 197 for recognizeCandidate:aed1b97f-105e-4684-b087-4b6333aa3ced
2019-10-23 22:22:05,346 [grpc-default-executor-4] INFO  impl.RaftServerImpl (RaftServerImpl.java:setRole(184)) - d21ee1f1-33f6-483c-a18b-27782ce1915a@group-F043E0AED0ED: changes role from  FOLLOWER to FOLLOWER at term 197 for recognizeCandidate:aed1b97f-105e-4684-b087-4b6333aa3ced
2019-10-23 22:22:05,346 [grpc-default-executor-0] INFO  impl.RoleInfo (RoleInfo.java:shutdownFollowerState(121)) - 1c51b35f-55cb-4636-a00c-83d34bf2d9d4: shutdown FollowerState
2019-10-23 22:22:05,346 [grpc-default-executor-4] INFO  impl.RoleInfo (RoleInfo.java:shutdownFollowerState(121)) - d21ee1f1-33f6-483c-a18b-27782ce1915a: shutdown FollowerState
2019-10-23 22:22:05,346 [Thread-1416] INFO  impl.FollowerState (FollowerState.java:run(117)) - 1c51b35f-55cb-4636-a00c-83d34bf2d9d4@group-F043E0AED0ED-FollowerState was interrupted: java.lang.InterruptedException: sleep interrupted
2019-10-23 22:22:05,346 [grpc-default-executor-0] INFO  impl.RoleInfo (RoleInfo.java:updateAndGet(143)) - 1c51b35f-55cb-4636-a00c-83d34bf2d9d4: start FollowerState
2019-10-23 22:22:05,347 [Thread-1417] INFO  impl.FollowerState (FollowerState.java:run(117)) - d21ee1f1-33f6-483c-a18b-27782ce1915a@group-F043E0AED0ED-FollowerState was interrupted: java.lang.InterruptedException: sleep interrupted
2019-10-23 22:22:05,346 [grpc-default-executor-4] INFO  impl.RoleInfo (RoleInfo.java:updateAndGet(143)) - d21ee1f1-33f6-483c-a18b-27782ce1915a: start FollowerState
2019-10-23 22:22:05,362 [aed1b97f-105e-4684-b087-4b6333aa3ced@group-F043E0AED0ED-LeaderElection176] INFO  impl.LeaderElection (LeaderElection.java:logAndReturn(56)) - aed1b97f-105e-4684-b087-4b6333aa3ced@group-F043E0AED0ED-LeaderElection176: Election REJECTED; received 2 response(s) [aed1b97f-105e-4684-b087-4b6333aa3ced<-1c51b35f-55cb-4636-a00c-83d34bf2d9d4#0:FAIL-t197, aed1b97f-105e-4684-b087-4b6333aa3ced<-d21ee1f1-33f6-483c-a18b-27782ce1915a#0:FAIL-t197] and 0 exception(s); aed1b97f-105e-4684-b087-4b6333aa3ced@group-F043E0AED0ED:t197, leader=null, voted=aed1b97f-105e-4684-b087-4b6333aa3ced, raftlog=aed1b97f-105e-4684-b087-4b6333aa3ced@group-F043E0AED0ED-SegmentedRaftLog:OPENED:c-1,f-1,i0, conf=-1: [aed1b97f-105e-4684-b087-4b6333aa3ced:192.168.157.195:34943, 1c51b35f-55cb-4636-a00c-83d34bf2d9d4:192.168.157.195:34693, d21ee1f1-33f6-483c-a18b-27782ce1915a:192.168.157.195:46462], old=null
2019-10-23 22:22:05,362 [aed1b97f-105e-4684-b087-4b6333aa3ced@group-F043E0AED0ED-LeaderElection176] INFO  impl.RaftServerImpl (RaftServerImpl.java:setRole(184)) - aed1b97f-105e-4684-b087-4b6333aa3ced@group-F043E0AED0ED: changes role from CANDIDATE to FOLLOWER at term 197 for DISCOVERED_A_NEW_TERM
2019-10-23 22:22:05,362 [aed1b97f-105e-4684-b087-4b6333aa3ced@group-F043E0AED0ED-LeaderElection176] INFO  impl.RoleInfo (RoleInfo.java:shutdownLeaderElection(134)) - aed1b97f-105e-4684-b087-4b6333aa3ced: shutdown LeaderElection
2019-10-23 22:22:05,362 [aed1b97f-105e-4684-b087-4b6333aa3ced@group-F043E0AED0ED-LeaderElection176] INFO  impl.RoleInfo (RoleInfo.java:updateAndGet(143)) - aed1b97f-105e-4684-b087-4b6333aa3ced: start FollowerState
2019-10-23 22:22:05,384 [Thread-1424] INFO  impl.FollowerState (FollowerState.java:run(108)) - aed1b97f-105e-4684-b087-4b6333aa3ced@group-F043E0AED0ED-FollowerState: change to CANDIDATE, lastRpcTime:21ms, electionTimeout:21ms
2019-10-23 22:22:05,384 [Thread-1424] INFO  impl.RoleInfo (RoleInfo.java:shutdownFollowerState(121)) - aed1b97f-105e-4684-b087-4b6333aa3ced: shutdown FollowerState
2019-10-23 22:22:05,384 [Thread-1424] INFO  impl.RaftServerImpl (RaftServerImpl.java:setRole(184)) - aed1b97f-105e-4684-b087-4b6333aa3ced@group-F043E0AED0ED: changes role from  FOLLOWER to CANDIDATE at term 197 for changeToCandidate
2019-10-23 22:22:05,384 [Thread-1424] INFO  impl.RoleInfo (RoleInfo.java:updateAndGet(143)) - aed1b97f-105e-4684-b087-4b6333aa3ced: start LeaderElection
2019-10-23 22:22:05,399 [aed1b97f-105e-4684-b087-4b6333aa3ced@group-F043E0AED0ED-LeaderElection177] INFO  impl.LeaderElection (LeaderElection.java:askForVotes(178)) - aed1b97f-105e-4684-b087-4b6333aa3ced@group-F043E0AED0ED-LeaderElection177: begin an election at term 198 for -1: [aed1b97f-105e-4684-b087-4b6333aa3ced:192.168.157.195:34943, 1c51b35f-55cb-4636-a00c-83d34bf2d9d4:192.168.157.195:34693, d21ee1f1-33f6-483c-a18b-27782ce1915a:192.168.157.195:46462], old=null
2019-10-23 22:22:05,401 [grpc-default-executor-0] INFO  impl.RaftServerImpl (RaftServerImpl.java:setRole(184)) - 1c51b35f-55cb-4636-a00c-83d34bf2d9d4@group-F043E0AED0ED: changes role from  FOLLOWER to FOLLOWER at term 198 for recognizeCandidate:aed1b97f-105e-4684-b087-4b6333aa3ced
2019-10-23 22:22:05,401 [grpc-default-executor-4] INFO  impl.RaftServerImpl (RaftServerImpl.java:setRole(184)) - d21ee1f1-33f6-483c-a18b-27782ce1915a@group-F043E0AED0ED: changes role from  FOLLOWER to FOLLOWER at term 198 for recognizeCandidate:aed1b97f-105e-4684-b087-4b6333aa3ced
2019-10-23 22:22:05,401 [grpc-default-executor-0] INFO  impl.RoleInfo (RoleInfo.java:shutdownFollowerState(121)) - 1c51b35f-55cb-4636-a00c-83d34bf2d9d4: shutdown FollowerState
2019-10-23 22:22:05,401 [grpc-default-executor-4] INFO  impl.RoleInfo (RoleInfo.java:shutdownFollowerState(121)) - d21ee1f1-33f6-483c-a18b-27782ce1915a: shutdown FollowerState
2019-10-23 22:22:05,401 [grpc-default-executor-0] INFO  impl.RoleInfo (RoleInfo.java:updateAndGet(143)) - 1c51b35f-55cb-4636-a00c-83d34bf2d9d4: start FollowerState
2019-10-23 22:22:05,401 [Thread-1423] INFO  impl.FollowerState (FollowerState.java:run(117)) - d21ee1f1-33f6-483c-a18b-27782ce1915a@group-F043E0AED0ED-FollowerState was interrupted: java.lang.InterruptedException: sleep interrupted
2019-10-23 22:22:05,401 [grpc-default-executor-4] INFO  impl.RoleInfo (RoleInfo.java:updateAndGet(143)) - d21ee1f1-33f6-483c-a18b-27782ce1915a: start FollowerState
2019-10-23 22:22:05,401 [Thread-1422] INFO  impl.FollowerState (FollowerState.java:run(117)) - 1c51b35f-55cb-4636-a00c-83d34bf2d9d4@group-F043E0AED0ED-FollowerState was interrupted: java.lang.InterruptedException: sleep interrupted
2019-10-23 22:22:05,416 [aed1b97f-105e-4684-b087-4b6333aa3ced@group-F043E0AED0ED-LeaderElection177] INFO  impl.LeaderElection (LeaderElection.java:logAndReturn(56)) - aed1b97f-105e-4684-b087-4b6333aa3ced@group-F043E0AED0ED-LeaderElection177: Election REJECTED; received 2 response(s) [aed1b97f-105e-4684-b087-4b6333aa3ced<-1c51b35f-55cb-4636-a00c-83d34bf2d9d4#0:FAIL-t198, aed1b97f-105e-4684-b087-4b6333aa3ced<-d21ee1f1-33f6-483c-a18b-27782ce1915a#0:FAIL-t198] and 0 exception(s); aed1b97f-105e-4684-b087-4b6333aa3ced@group-F043E0AED0ED:t198, leader=null, voted=aed1b97f-105e-4684-b087-4b6333aa3ced, raftlog=aed1b97f-105e-4684-b087-4b6333aa3ced@group-F043E0AED0ED-SegmentedRaftLog:OPENED:c-1,f-1,i0, conf=-1: [aed1b97f-105e-4684-b087-4b6333aa3ced:192.168.157.195:34943, 1c51b35f-55cb-4636-a00c-83d34bf2d9d4:192.168.157.195:34693, d21ee1f1-33f6-483c-a18b-27782ce1915a:192.168.157.195:46462], old=null
2019-10-23 22:22:05,416 [aed1b97f-105e-4684-b087-4b6333aa3ced@group-F043E0AED0ED-LeaderElection177] INFO  impl.RaftServerImpl (RaftServerImpl.java:setRole(184)) - aed1b97f-105e-4684-b087-4b6333aa3ced@group-F043E0AED0ED: changes role from CANDIDATE to FOLLOWER at term 198 for DISCOVERED_A_NEW_TERM
2019-10-23 22:22:05,416 [aed1b97f-105e-4684-b087-4b6333aa3ced@group-F043E0AED0ED-LeaderElection177] INFO  impl.RoleInfo (RoleInfo.java:shutdownLeaderElection(134)) - aed1b97f-105e-4684-b087-4b6333aa3ced: shutdown LeaderElection
2019-10-23 22:22:05,416 [aed1b97f-105e-4684-b087-4b6333aa3ced@group-F043E0AED0ED-LeaderElection177] INFO  impl.RoleInfo (RoleInfo.java:updateAndGet(143)) - aed1b97f-105e-4684-b087-4b6333aa3ced: start FollowerState
2019-10-23 22:22:05,426 [Thread-1430] INFO  impl.FollowerState (FollowerState.java:run(108)) - aed1b97f-105e-4684-b087-4b6333aa3ced@group-F043E0AED0ED-FollowerState: change to CANDIDATE, lastRpcTime:10ms, electionTimeout:10ms
2019-10-23 22:22:05,427 [Thread-1430] INFO  impl.RoleInfo (RoleInfo.java:shutdownFollowerState(121)) - aed1b97f-105e-4684-b087-4b6333aa3ced: shutdown FollowerState
2019-10-23 22:22:05,427 [Thread-1430] INFO  impl.RaftServerImpl (RaftServerImpl.java:setRole(184)) - aed1b97f-105e-4684-b087-4b6333aa3ced@group-F043E0AED0ED: changes role from  FOLLOWER to CANDIDATE at term 198 for changeToCandidate
2019-10-23 22:22:05,427 [Thread-1430] INFO  impl.RoleInfo (RoleInfo.java:updateAndGet(143)) - aed1b97f-105e-4684-b087-4b6333aa3ced: start LeaderElection
2019-10-23 22:22:05,441 [aed1b97f-105e-4684-b087-4b6333aa3ced@group-F043E0AED0ED-LeaderElection178] INFO  impl.LeaderElection (LeaderElection.java:askForVotes(178)) - aed1b97f-105e-4684-b087-4b6333aa3ced@group-F043E0AED0ED-LeaderElection178: begin an election at term 199 for -1: [aed1b97f-105e-4684-b087-4b6333aa3ced:192.168.157.195:34943, 1c51b35f-55cb-4636-a00c-83d34bf2d9d4:192.168.157.195:34693, d21ee1f1-33f6-483c-a18b-27782ce1915a:192.168.157.195:46462], old=null
2019-10-23 22:22:05,443 [grpc-default-executor-0] INFO  impl.RaftServerImpl (RaftServerImpl.java:setRole(184)) - 1c51b35f-55cb-4636-a00c-83d34bf2d9d4@group-F043E0AED0ED: changes role from  FOLLOWER to FOLLOWER at term 199 for recognizeCandidate:aed1b97f-105e-4684-b087-4b6333aa3ced
2019-10-23 22:22:05,443 [grpc-default-executor-0] INFO  impl.RoleInfo (RoleInfo.java:shutdownFollowerState(121)) - 1c51b35f-55cb-4636-a00c-83d34bf2d9d4: shutdown FollowerState
2019-10-23 22:22:05,443 [grpc-default-executor-0] INFO  impl.RoleInfo (RoleInfo.java:updateAndGet(143)) - 1c51b35f-55cb-4636-a00c-83d34bf2d9d4: start FollowerState
2019-10-23 22:22:05,444 [Thread-1428] INFO  impl.FollowerState (FollowerState.java:run(117)) - 1c51b35f-55cb-4636-a00c-83d34bf2d9d4@group-F043E0AED0ED-FollowerState was interrupted: java.lang.InterruptedException: sleep interrupted
2019-10-23 22:22:05,443 [grpc-default-executor-4] INFO  impl.RaftServerImpl (RaftServerImpl.java:setRole(184)) - d21ee1f1-33f6-483c-a18b-27782ce1915a@group-F043E0AED0ED: changes role from  FOLLOWER to FOLLOWER at term 199 for recognizeCandidate:aed1b97f-105e-4684-b087-4b6333aa3ced
2019-10-23 22:22:05,444 [grpc-default-executor-4] INFO  impl.RoleInfo (RoleInfo.java:shutdownFollowerState(121)) - d21ee1f1-33f6-483c-a18b-27782ce1915a: shutdown FollowerState
2019-10-23 22:22:05,444 [grpc-default-executor-4] INFO  impl.RoleInfo (RoleInfo.java:updateAndGet(143)) - d21ee1f1-33f6-483c-a18b-27782ce1915a: start FollowerState
2019-10-23 22:22:05,444 [Thread-1429] INFO  impl.FollowerState (FollowerState.java:run(117)) - d21ee1f1-33f6-483c-a18b-27782ce1915a@group-F043E0AED0ED-FollowerState was interrupted: java.lang.InterruptedException: sleep interrupted
2019-10-23 22:22:05,457 [aed1b97f-105e-4684-b087-4b6333aa3ced@group-F043E0AED0ED-LeaderElection178] INFO  impl.LeaderElection (LeaderElection.java:logAndReturn(56)) - aed1b97f-105e-4684-b087-4b6333aa3ced@group-F043E0AED0ED-LeaderElection178: Election TIMEOUT; received 0 response(s) [] and 0 exception(s); aed1b97f-105e-4684-b087-4b6333aa3ced@group-F043E0AED0ED:t199, leader=null, voted=aed1b97f-105e-4684-b087-4b6333aa3ced, raftlog=aed1b97f-105e-4684-b087-4b6333aa3ced@group-F043E0AED0ED-SegmentedRaftLog:OPENED:c-1,f-1,i0, conf=-1: [aed1b97f-105e-4684-b087-4b6333aa3ced:192.168.157.195:34943, 1c51b35f-55cb-4636-a00c-83d34bf2d9d4:192.168.157.195:34693, d21ee1f1-33f6-483c-a18b-27782ce1915a:192.168.157.195:46462], old=null
2019-10-23 22:22:05,469 [aed1b97f-105e-4684-b087-4b6333aa3ced@group-F043E0AED0ED-LeaderElection178] INFO  impl.LeaderElection (LeaderElection.java:askForVotes(178)) - aed1b97f-105e-4684-b087-4b6333aa3ced@group-F043E0AED0ED-LeaderElection178: begin an election at term 200 for -1: [aed1b97f-105e-4684-b087-4b6333aa3ced:192.168.157.195:34943, 1c51b35f-55cb-4636-a00c-83d34bf2d9d4:192.168.157.195:34693, d21ee1f1-33f6-483c-a18b-27782ce1915a:192.168.157.195:46462], old=null
2019-10-23 22:22:05,471 [grpc-default-executor-0] INFO  impl.RaftServerImpl (RaftServerImpl.java:setRole(184)) - 1c51b35f-55cb-4636-a00c-83d34bf2d9d4@group-F043E0AED0ED: changes role from  FOLLOWER to FOLLOWER at term 200 for recognizeCandidate:aed1b97f-105e-4684-b087-4b6333aa3ced
2019-10-23 22:22:05,471 [grpc-default-executor-0] INFO  impl.RoleInfo (RoleInfo.java:shutdownFollowerState(121)) - 1c51b35f-55cb-4636-a00c-83d34bf2d9d4: shutdown FollowerState
2019-10-23 22:22:05,471 [grpc-default-executor-4] INFO  impl.RaftServerImpl (RaftServerImpl.java:setRole(184)) - d21ee1f1-33f6-483c-a18b-27782ce1915a@group-F043E0AED0ED: changes role from  FOLLOWER to FOLLOWER at term 200 for recognizeCandidate:aed1b97f-105e-4684-b087-4b6333aa3ced
2019-10-23 22:22:05,471 [Thread-1434] INFO  impl.FollowerState (FollowerState.java:run(117)) - 1c51b35f-55cb-4636-a00c-83d34bf2d9d4@group-F043E0AED0ED-FollowerState was interrupted: java.lang.InterruptedException: sleep interrupted
2019-10-23 22:22:05,471 [grpc-default-executor-0] INFO  impl.RoleInfo (RoleInfo.java:updateAndGet(143)) - 1c51b35f-55cb-4636-a00c-83d34bf2d9d4: start FollowerState
2019-10-23 22:22:05,471 [grpc-default-executor-4] INFO  impl.RoleInfo (RoleInfo.java:shutdownFollowerState(121)) - d21ee1f1-33f6-483c-a18b-27782ce1915a: shutdown FollowerState
2019-10-23 22:22:05,472 [grpc-default-executor-4] INFO  impl.RoleInfo (RoleInfo.java:updateAndGet(143)) - d21ee1f1-33f6-483c-a18b-27782ce1915a: start FollowerState
2019-10-23 22:22:05,472 [Thread-1435] INFO  impl.FollowerState (FollowerState.java:run(117)) - d21ee1f1-33f6-483c-a18b-27782ce1915a@group-F043E0AED0ED-FollowerState was interrupted: java.lang.InterruptedException: sleep interrupted
2019-10-23 22:22:05,486 [aed1b97f-105e-4684-b087-4b6333aa3ced@group-F043E0AED0ED-LeaderElection178] INFO  impl.LeaderElection (LeaderElection.java:logAndReturn(56)) - aed1b97f-105e-4684-b087-4b6333aa3ced@group-F043E0AED0ED-LeaderElection178: Election REJECTED; received 2 response(s) [aed1b97f-105e-4684-b087-4b6333aa3ced<-1c51b35f-55cb-4636-a00c-83d34bf2d9d4#0:FAIL-t200, aed1b97f-105e-4684-b087-4b6333aa3ced<-d21ee1f1-33f6-483c-a18b-27782ce1915a#0:FAIL-t200] and 0 exception(s); aed1b97f-105e-4684-b087-4b6333aa3ced@group-F043E0AED0ED:t200, leader=null, voted=aed1b97f-105e-4684-b087-4b6333aa3ced, raftlog=aed1b97f-105e-4684-b087-4b6333aa3ced@group-F043E0AED0ED-SegmentedRaftLog:OPENED:c-1,f-1,i0, conf=-1: [aed1b97f-105e-4684-b087-4b6333aa3ced:192.168.157.195:34943, 1c51b35f-55cb-4636-a00c-83d34bf2d9d4:192.168.157.195:34693, d21ee1f1-33f6-483c-a18b-27782ce1915a:192.168.157.195:46462], old=null
2019-10-23 22:22:05,486 [aed1b97f-105e-4684-b087-4b6333aa3ced@group-F043E0AED0ED-LeaderElection178] INFO  impl.RaftServerImpl (RaftServerImpl.java:setRole(184)) - aed1b97f-105e-4684-b087-4b6333aa3ced@group-F043E0AED0ED: changes role from CANDIDATE to FOLLOWER at term 200 for DISCOVERED_A_NEW_TERM
2019-10-23 22:22:05,486 [aed1b97f-105e-4684-b087-4b6333aa3ced@group-F043E0AED0ED-LeaderElection178] INFO  impl.RoleInfo (RoleInfo.java:shutdownLeaderElection(134)) - aed1b97f-105e-4684-b087-4b6333aa3ced: shutdown LeaderElection
2019-10-23 22:22:05,486 [aed1b97f-105e-4684-b087-4b6333aa3ced@group-F043E0AED0ED-LeaderElection178] INFO  impl.RoleInfo (RoleInfo.java:updateAndGet(143)) - aed1b97f-105e-4684-b087-4b6333aa3ced: start FollowerState
2019-10-23 22:22:05,539 [Thread-1440] INFO  impl.FollowerState (FollowerState.java:run(108)) - aed1b97f-105e-4684-b087-4b6333aa3ced@group-F043E0AED0ED-FollowerState: change to CANDIDATE, lastRpcTime:52ms, electionTimeout:52ms
2019-10-23 22:22:05,539 [Thread-1440] INFO  impl.RoleInfo (RoleInfo.java:shutdownFollowerState(121)) - aed1b97f-105e-4684-b087-4b6333aa3ced: shutdown FollowerState
2019-10-23 22:22:05,539 [Thread-1440] INFO  impl.RaftServerImpl (RaftServerImpl.java:setRole(184)) - aed1b97f-105e-4684-b087-4b6333aa3ced@group-F043E0AED0ED: changes role from  FOLLOWER to CANDIDATE at term 200 for changeToCandidate
2019-10-23 22:22:05,539 [Thread-1440] INFO  impl.RoleInfo (RoleInfo.java:updateAndGet(143)) - aed1b97f-105e-4684-b087-4b6333aa3ced: start LeaderElection
2019-10-23 22:22:05,552 [aed1b97f-105e-4684-b087-4b6333aa3ced@group-F043E0AED0ED-LeaderElection179] INFO  impl.LeaderElection (LeaderElection.java:askForVotes(178)) - aed1b97f-105e-4684-b087-4b6333aa3ced@group-F043E0AED0ED-LeaderElection179: begin an election at term 201 for -1: [aed1b97f-105e-4684-b087-4b6333aa3ced:192.168.157.195:34943, 1c51b35f-55cb-4636-a00c-83d34bf2d9d4:192.168.157.195:34693, d21ee1f1-33f6-483c-a18b-27782ce1915a:192.168.157.195:46462], old=null
2019-10-23 22:22:05,554 [grpc-default-executor-0] INFO  impl.RaftServerImpl (RaftServerImpl.java:setRole(184)) - 1c51b35f-55cb-4636-a00c-83d34bf2d9d4@group-F043E0AED0ED: changes role from  FOLLOWER to FOLLOWER at term 201 for recognizeCandidate:aed1b97f-105e-4684-b087-4b6333aa3ced
2019-10-23 22:22:05,554 [grpc-default-executor-0] INFO  impl.RoleInfo (RoleInfo.java:shutdownFollowerState(121)) - 1c51b35f-55cb-4636-a00c-83d34bf2d9d4: shutdown FollowerState
2019-10-23 22:22:05,554 [grpc-default-executor-4] INFO  impl.RaftServerImpl (RaftServerImpl.java:setRole(184)) - d21ee1f1-33f6-483c-a18b-27782ce1915a@group-F043E0AED0ED: changes role from  FOLLOWER to FOLLOWER at term 201 for recognizeCandidate:aed1b97f-105e-4684-b087-4b6333aa3ced
2019-10-23 22:22:05,554 [Thread-1438] INFO  impl.FollowerState (FollowerState.java:run(117)) - 1c51b35f-55cb-4636-a00c-83d34bf2d9d4@group-F043E0AED0ED-FollowerState was interrupted: java.lang.InterruptedException: sleep interrupted
2019-10-23 22:22:05,554 [grpc-default-executor-0] INFO  impl.RoleInfo (RoleInfo.java:updateAndGet(143)) - 1c51b35f-55cb-4636-a00c-83d34bf2d9d4: start FollowerState
2019-10-23 22:22:05,554 [grpc-default-executor-4] INFO  impl.RoleInfo (RoleInfo.java:shutdownFollowerState(121)) - d21ee1f1-33f6-483c-a18b-27782ce1915a: shutdown FollowerState
2019-10-23 22:22:05,555 [grpc-default-executor-4] INFO  impl.RoleInfo (RoleInfo.java:updateAndGet(143)) - d21ee1f1-33f6-483c-a18b-27782ce1915a: start FollowerState
2019-10-23 22:22:05,555 [Thread-1439] INFO  impl.FollowerState (FollowerState.java:run(117)) - d21ee1f1-33f6-483c-a18b-27782ce1915a@group-F043E0AED0ED-FollowerState was interrupted: java.lang.InterruptedException: sleep interrupted
2019-10-23 22:22:05,579 [aed1b97f-105e-4684-b087-4b6333aa3ced@group-F043E0AED0ED-LeaderElection179] INFO  impl.LeaderElection (LeaderElection.java:logAndReturn(56)) - aed1b97f-105e-4684-b087-4b6333aa3ced@group-F043E0AED0ED-LeaderElection179: Election REJECTED; received 2 response(s) [aed1b97f-105e-4684-b087-4b6333aa3ced<-1c51b35f-55cb-4636-a00c-83d34bf2d9d4#0:FAIL-t201, aed1b97f-105e-4684-b087-4b6333aa3ced<-d21ee1f1-33f6-483c-a18b-27782ce1915a#0:FAIL-t201] and 0 exception(s); aed1b97f-105e-4684-b087-4b6333aa3ced@group-F043E0AED0ED:t201, leader=null, voted=aed1b97f-105e-4684-b087-4b6333aa3ced, raftlog=aed1b97f-105e-4684-b087-4b6333aa3ced@group-F043E0AED0ED-SegmentedRaftLog:OPENED:c-1,f-1,i0, conf=-1: [aed1b97f-105e-4684-b087-4b6333aa3ced:192.168.157.195:34943, 1c51b35f-55cb-4636-a00c-83d34bf2d9d4:192.168.157.195:34693, d21ee1f1-33f6-483c-a18b-27782ce1915a:192.168.157.195:46462], old=null
2019-10-23 22:22:05,579 [aed1b97f-105e-4684-b087-4b6333aa3ced@group-F043E0AED0ED-LeaderElection179] INFO  impl.RaftServerImpl (RaftServerImpl.java:setRole(184)) - aed1b97f-105e-4684-b087-4b6333aa3ced@group-F043E0AED0ED: changes role from CANDIDATE to FOLLOWER at term 201 for DISCOVERED_A_NEW_TERM
2019-10-23 22:22:05,579 [aed1b97f-105e-4684-b087-4b6333aa3ced@group-F043E0AED0ED-LeaderElection179] INFO  impl.RoleInfo (RoleInfo.java:shutdownLeaderElection(134)) - aed1b97f-105e-4684-b087-4b6333aa3ced: shutdown LeaderElection
2019-10-23 22:22:05,579 [aed1b97f-105e-4684-b087-4b6333aa3ced@group-F043E0AED0ED-LeaderElection179] INFO  impl.RoleInfo (RoleInfo.java:updateAndGet(143)) - aed1b97f-105e-4684-b087-4b6333aa3ced: start FollowerState
2019-10-23 22:22:05,751 [Thread-1446] INFO  impl.FollowerState (FollowerState.java:run(108)) - aed1b97f-105e-4684-b087-4b6333aa3ced@group-F043E0AED0ED-FollowerState: change to CANDIDATE, lastRpcTime:171ms, electionTimeout:171ms
2019-10-23 22:22:05,751 [Thread-1446] INFO  impl.RoleInfo (RoleInfo.java:shutdownFollowerState(121)) - aed1b97f-105e-4684-b087-4b6333aa3ced: shutdown FollowerState
2019-10-23 22:22:05,751 [Thread-1446] INFO  impl.RaftServerImpl (RaftServerImpl.java:setRole(184)) - aed1b97f-105e-4684-b087-4b6333aa3ced@group-F043E0AED0ED: changes role from  FOLLOWER to CANDIDATE at term 201 for changeToCandidate
2019-10-23 22:22:05,751 [Thread-1446] INFO  impl.RoleInfo (RoleInfo.java:updateAndGet(143)) - aed1b97f-105e-4684-b087-4b6333aa3ced: start LeaderElection
2019-10-23 22:22:05,765 [aed1b97f-105e-4684-b087-4b6333aa3ced@group-F043E0AED0ED-LeaderElection180] INFO  impl.LeaderElection (LeaderElection.java:askForVotes(178)) - aed1b97f-105e-4684-b087-4b6333aa3ced@group-F043E0AED0ED-LeaderElection180: begin an election at term 202 for -1: [aed1b97f-105e-4684-b087-4b6333aa3ced:192.168.157.195:34943, 1c51b35f-55cb-4636-a00c-83d34bf2d9d4:192.168.157.195:34693, d21ee1f1-33f6-483c-a18b-27782ce1915a:192.168.157.195:46462], old=null
2019-10-23 22:22:05,767 [grpc-default-executor-4] INFO  impl.RaftServerImpl (RaftServerImpl.java:setRole(184)) - 1c51b35f-55cb-4636-a00c-83d34bf2d9d4@group-F043E0AED0ED: changes role from  FOLLOWER to FOLLOWER at term 202 for recognizeCandidate:aed1b97f-105e-4684-b087-4b6333aa3ced
2019-10-23 22:22:05,767 [grpc-default-executor-0] INFO  impl.RaftServerImpl (RaftServerImpl.java:setRole(184)) - d21ee1f1-33f6-483c-a18b-27782ce1915a@group-F043E0AED0ED: changes role from  FOLLOWER to FOLLOWER at term 202 for recognizeCandidate:aed1b97f-105e-4684-b087-4b6333aa3ced
2019-10-23 22:22:05,767 [grpc-default-executor-4] INFO  impl.RoleInfo (RoleInfo.java:shutdownFollowerState(121)) - 1c51b35f-55cb-4636-a00c-83d34bf2d9d4: shutdown FollowerState
2019-10-23 22:22:05,768 [grpc-default-executor-0] INFO  impl.RoleInfo (RoleInfo.java:shutdownFollowerState(121)) - d21ee1f1-33f6-483c-a18b-27782ce1915a: shutdown FollowerState
2019-10-23 22:22:05,768 [grpc-default-executor-4] INFO  impl.RoleInfo (RoleInfo.java:updateAndGet(143)) - 1c51b35f-55cb-4636-a00c-83d34bf2d9d4: start FollowerState
2019-10-23 22:22:05,768 [Thread-1445] INFO  impl.FollowerState (FollowerState.java:run(117)) - d21ee1f1-33f6-483c-a18b-27782ce1915a@group-F043E0AED0ED-FollowerState was interrupted: java.lang.InterruptedException: sleep interrupted
2019-10-23 22:22:05,768 [grpc-default-executor-0] INFO  impl.RoleInfo (RoleInfo.java:updateAndGet(143)) - d21ee1f1-33f6-483c-a18b-27782ce1915a: start FollowerState
2019-10-23 22:22:05,768 [Thread-1444] INFO  impl.FollowerState (FollowerState.java:run(117)) - 1c51b35f-55cb-4636-a00c-83d34bf2d9d4@group-F043E0AED0ED-FollowerState was interrupted: java.lang.InterruptedException: sleep interrupted
2019-10-23 22:22:05,784 [aed1b97f-105e-4684-b087-4b6333aa3ced@group-F043E0AED0ED-LeaderElection180] INFO  impl.LeaderElection (LeaderElection.java:logAndReturn(56)) - aed1b97f-105e-4684-b087-4b6333aa3ced@group-F043E0AED0ED-LeaderElection180: Election REJECTED; received 2 response(s) [aed1b97f-105e-4684-b087-4b6333aa3ced<-1c51b35f-55cb-4636-a00c-83d34bf2d9d4#0:FAIL-t202, aed1b97f-105e-4684-b087-4b6333aa3ced<-d21ee1f1-33f6-483c-a18b-27782ce1915a#0:FAIL-t202] and 0 exception(s); aed1b97f-105e-4684-b087-4b6333aa3ced@group-F043E0AED0ED:t202, leader=null, voted=aed1b97f-105e-4684-b087-4b6333aa3ced, raftlog=aed1b97f-105e-4684-b087-4b6333aa3ced@group-F043E0AED0ED-SegmentedRaftLog:OPENED:c-1,f-1,i0, conf=-1: [aed1b97f-105e-4684-b087-4b6333aa3ced:192.168.157.195:34943, 1c51b35f-55cb-4636-a00c-83d34bf2d9d4:192.168.157.195:34693, d21ee1f1-33f6-483c-a18b-27782ce1915a:192.168.157.195:46462], old=null
2019-10-23 22:22:05,784 [aed1b97f-105e-4684-b087-4b6333aa3ced@group-F043E0AED0ED-LeaderElection180] INFO  impl.RaftServerImpl (RaftServerImpl.java:setRole(184)) - aed1b97f-105e-4684-b087-4b6333aa3ced@group-F043E0AED0ED: changes role from CANDIDATE to FOLLOWER at term 202 for DISCOVERED_A_NEW_TERM
2019-10-23 22:22:05,784 [aed1b97f-105e-4684-b087-4b6333aa3ced@group-F043E0AED0ED-LeaderElection180] INFO  impl.RoleInfo (RoleInfo.java:shutdownLeaderElection(134)) - aed1b97f-105e-4684-b087-4b6333aa3ced: shutdown LeaderElection
2019-10-23 22:22:05,785 [aed1b97f-105e-4684-b087-4b6333aa3ced@group-F043E0AED0ED-LeaderElection180] INFO  impl.RoleInfo (RoleInfo.java:updateAndGet(143)) - aed1b97f-105e-4684-b087-4b6333aa3ced: start FollowerState
2019-10-23 22:22:05,939 [Thread-1452] INFO  impl.FollowerState (FollowerState.java:run(108)) - aed1b97f-105e-4684-b087-4b6333aa3ced@group-F043E0AED0ED-FollowerState: change to CANDIDATE, lastRpcTime:154ms, electionTimeout:154ms
2019-10-23 22:22:05,939 [Thread-1452] INFO  impl.RoleInfo (RoleInfo.java:shutdownFollowerState(121)) - aed1b97f-105e-4684-b087-4b6333aa3ced: shutdown FollowerState
2019-10-23 22:22:05,939 [Thread-1452] INFO  impl.RaftServerImpl (RaftServerImpl.java:setRole(184)) - aed1b97f-105e-4684-b087-4b6333aa3ced@group-F043E0AED0ED: changes role from  FOLLOWER to CANDIDATE at term 202 for changeToCandidate
2019-10-23 22:22:05,940 [Thread-1452] INFO  impl.RoleInfo (RoleInfo.java:updateAndGet(143)) - aed1b97f-105e-4684-b087-4b6333aa3ced: start LeaderElection
2019-10-23 22:22:05,955 [aed1b97f-105e-4684-b087-4b6333aa3ced@group-F043E0AED0ED-LeaderElection181] INFO  impl.LeaderElection (LeaderElection.java:askForVotes(178)) - aed1b97f-105e-4684-b087-4b6333aa3ced@group-F043E0AED0ED-LeaderElection181: begin an election at term 203 for -1: [aed1b97f-105e-4684-b087-4b6333aa3ced:192.168.157.195:34943, 1c51b35f-55cb-4636-a00c-83d34bf2d9d4:192.168.157.195:34693, d21ee1f1-33f6-483c-a18b-27782ce1915a:192.168.157.195:46462], old=null
2019-10-23 22:22:05,957 [grpc-default-executor-4] INFO  impl.RaftServerImpl (RaftServerImpl.java:setRole(184)) - 1c51b35f-55cb-4636-a00c-83d34bf2d9d4@group-F043E0AED0ED: changes role from  FOLLOWER to FOLLOWER at term 203 for recognizeCandidate:aed1b97f-105e-4684-b087-4b6333aa3ced
2019-10-23 22:22:05,957 [grpc-default-executor-4] INFO  impl.RoleInfo (RoleInfo.java:shutdownFollowerState(121)) - 1c51b35f-55cb-4636-a00c-83d34bf2d9d4: shutdown FollowerState
2019-10-23 22:22:05,957 [grpc-default-executor-4] INFO  impl.RoleInfo (RoleInfo.java:updateAndGet(143)) - 1c51b35f-55cb-4636-a00c-83d34bf2d9d4: start FollowerState
2019-10-23 22:22:05,957 [Thread-1450] INFO  impl.FollowerState (FollowerState.java:run(117)) - 1c51b35f-55cb-4636-a00c-83d34bf2d9d4@group-F043E0AED0ED-FollowerState was interrupted: java.lang.InterruptedException: sleep interrupted
2019-10-23 22:22:05,957 [grpc-default-executor-0] INFO  impl.RaftServerImpl (RaftServerImpl.java:setRole(184)) - d21ee1f1-33f6-483c-a18b-27782ce1915a@group-F043E0AED0ED: changes role from  FOLLOWER to FOLLOWER at term 203 for recognizeCandidate:aed1b97f-105e-4684-b087-4b6333aa3ced
2019-10-23 22:22:05,958 [grpc-default-executor-0] INFO  impl.RoleInfo (RoleInfo.java:shutdownFollowerState(121)) - d21ee1f1-33f6-483c-a18b-27782ce1915a: shutdown FollowerState
2019-10-23 22:22:05,958 [grpc-default-executor-0] INFO  impl.RoleInfo (RoleInfo.java:updateAndGet(143)) - d21ee1f1-33f6-483c-a18b-27782ce1915a: start FollowerState
2019-10-23 22:22:05,958 [Thread-1451] INFO  impl.FollowerState (FollowerState.java:run(117)) - d21ee1f1-33f6-483c-a18b-27782ce1915a@group-F043E0AED0ED-FollowerState was interrupted: java.lang.InterruptedException: sleep interrupted
2019-10-23 22:22:05,972 [aed1b97f-105e-4684-b087-4b6333aa3ced@group-F043E0AED0ED-LeaderElection181] INFO  impl.LeaderElection (LeaderElection.java:logAndReturn(56)) - aed1b97f-105e-4684-b087-4b6333aa3ced@group-F043E0AED0ED-LeaderElection181: Election REJECTED; received 2 response(s) [aed1b97f-105e-4684-b087-4b6333aa3ced<-1c51b35f-55cb-4636-a00c-83d34bf2d9d4#0:FAIL-t203, aed1b97f-105e-4684-b087-4b6333aa3ced<-d21ee1f1-33f6-483c-a18b-27782ce1915a#0:FAIL-t203] and 0 exception(s); aed1b97f-105e-4684-b087-4b6333aa3ced@group-F043E0AED0ED:t203, leader=null, voted=aed1b97f-105e-4684-b087-4b6333aa3ced, raftlog=aed1b97f-105e-4684-b087-4b6333aa3ced@group-F043E0AED0ED-SegmentedRaftLog:OPENED:c-1,f-1,i0, conf=-1: [aed1b97f-105e-4684-b087-4b6333aa3ced:192.168.157.195:34943, 1c51b35f-55cb-4636-a00c-83d34bf2d9d4:192.168.157.195:34693, d21ee1f1-33f6-483c-a18b-27782ce1915a:192.168.157.195:46462], old=null
2019-10-23 22:22:05,972 [aed1b97f-105e-4684-b087-4b6333aa3ced@group-F043E0AED0ED-LeaderElection181] INFO  impl.RaftServerImpl (RaftServerImpl.java:setRole(184)) - aed1b97f-105e-4684-b087-4b6333aa3ced@group-F043E0AED0ED: changes role from CANDIDATE to FOLLOWER at term 203 for DISCOVERED_A_NEW_TERM
2019-10-23 22:22:05,972 [aed1b97f-105e-4684-b087-4b6333aa3ced@group-F043E0AED0ED-LeaderElection181] INFO  impl.RoleInfo (RoleInfo.java:shutdownLeaderElection(134)) - aed1b97f-105e-4684-b087-4b6333aa3ced: shutdown LeaderElection
2019-10-23 22:22:05,972 [aed1b97f-105e-4684-b087-4b6333aa3ced@group-F043E0AED0ED-LeaderElection181] INFO  impl.RoleInfo (RoleInfo.java:updateAndGet(143)) - aed1b97f-105e-4684-b087-4b6333aa3ced: start FollowerState
2019-10-23 22:22:06,072 [Thread-1458] INFO  impl.FollowerState (FollowerState.java:run(108)) - aed1b97f-105e-4684-b087-4b6333aa3ced@group-F043E0AED0ED-FollowerState: change to CANDIDATE, lastRpcTime:99ms, electionTimeout:99ms
2019-10-23 22:22:06,072 [Thread-1458] INFO  impl.RoleInfo (RoleInfo.java:shutdownFollowerState(121)) - aed1b97f-105e-4684-b087-4b6333aa3ced: shutdown FollowerState
2019-10-23 22:22:06,072 [Thread-1458] INFO  impl.RaftServerImpl (RaftServerImpl.java:setRole(184)) - aed1b97f-105e-4684-b087-4b6333aa3ced@group-F043E0AED0ED: changes role from  FOLLOWER to CANDIDATE at term 203 for changeToCandidate
2019-10-23 22:22:06,072 [Thread-1458] INFO  impl.RoleInfo (RoleInfo.java:updateAndGet(143)) - aed1b97f-105e-4684-b087-4b6333aa3ced: start LeaderElection
2019-10-23 22:22:06,086 [aed1b97f-105e-4684-b087-4b6333aa3ced@group-F043E0AED0ED-LeaderElection182] INFO  impl.LeaderElection (LeaderElection.java:askForVotes(178)) - aed1b97f-105e-4684-b087-4b6333aa3ced@group-F043E0AED0ED-LeaderElection182: begin an election at term 204 for -1: [aed1b97f-105e-4684-b087-4b6333aa3ced:192.168.157.195:34943, 1c51b35f-55cb-4636-a00c-83d34bf2d9d4:192.168.157.195:34693, d21ee1f1-33f6-483c-a18b-27782ce1915a:192.168.157.195:46462], old=null
2019-10-23 22:22:06,089 [grpc-default-executor-0] INFO  impl.RaftServerImpl (RaftServerImpl.java:setRole(184)) - 1c51b35f-55cb-4636-a00c-83d34bf2d9d4@group-F043E0AED0ED: changes role from  FOLLOWER to FOLLOWER at term 204 for recognizeCandidate:aed1b97f-105e-4684-b087-4b6333aa3ced
2019-10-23 22:22:06,089 [grpc-default-executor-4] INFO  impl.RaftServerImpl (RaftServerImpl.java:setRole(184)) - d21ee1f1-33f6-483c-a18b-27782ce1915a@group-F043E0AED0ED: changes role from  FOLLOWER to FOLLOWER at term 204 for recognizeCandidate:aed1b97f-105e-4684-b087-4b6333aa3ced
2019-10-23 22:22:06,089 [grpc-default-executor-0] INFO  impl.RoleInfo (RoleInfo.java:shutdownFollowerState(121)) - 1c51b35f-55cb-4636-a00c-83d34bf2d9d4: shutdown FollowerState
2019-10-23 22:22:06,090 [grpc-default-executor-4] INFO  impl.RoleInfo (RoleInfo.java:shutdownFollowerState(121)) - d21ee1f1-33f6-483c-a18b-27782ce1915a: shutdown FollowerState
2019-10-23 22:22:06,090 [Thread-1456] INFO  impl.FollowerState (FollowerState.java:run(117)) - 1c51b35f-55cb-4636-a00c-83d34bf2d9d4@group-F043E0AED0ED-FollowerState was interrupted: java.lang.InterruptedException: sleep interrupted
2019-10-23 22:22:06,090 [grpc-default-executor-0] INFO  impl.RoleInfo (RoleInfo.java:updateAndGet(143)) - 1c51b35f-55cb-4636-a00c-83d34bf2d9d4: start FollowerState
2019-10-23 22:22:06,090 [Thread-1457] INFO  impl.FollowerState (FollowerState.java:run(117)) - d21ee1f1-33f6-483c-a18b-27782ce1915a@group-F043E0AED0ED-FollowerState was interrupted: java.lang.InterruptedException: sleep interrupted
2019-10-23 22:22:06,090 [grpc-default-executor-4] INFO  impl.RoleInfo (RoleInfo.java:updateAndGet(143)) - d21ee1f1-33f6-483c-a18b-27782ce1915a: start FollowerState
2019-10-23 22:22:06,124 [aed1b97f-105e-4684-b087-4b6333aa3ced@group-F043E0AED0ED-LeaderElection182] INFO  impl.LeaderElection (LeaderElection.java:logAndReturn(56)) - aed1b97f-105e-4684-b087-4b6333aa3ced@group-F043E0AED0ED-LeaderElection182: Election REJECTED; received 2 response(s) [aed1b97f-105e-4684-b087-4b6333aa3ced<-1c51b35f-55cb-4636-a00c-83d34bf2d9d4#0:FAIL-t204, aed1b97f-105e-4684-b087-4b6333aa3ced<-d21ee1f1-33f6-483c-a18b-27782ce1915a#0:FAIL-t204] and 0 exception(s); aed1b97f-105e-4684-b087-4b6333aa3ced@group-F043E0AED0ED:t204, leader=null, voted=aed1b97f-105e-4684-b087-4b6333aa3ced, raftlog=aed1b97f-105e-4684-b087-4b6333aa3ced@group-F043E0AED0ED-SegmentedRaftLog:OPENED:c-1,f-1,i0, conf=-1: [aed1b97f-105e-4684-b087-4b6333aa3ced:192.168.157.195:34943, 1c51b35f-55cb-4636-a00c-83d34bf2d9d4:192.168.157.195:34693, d21ee1f1-33f6-483c-a18b-27782ce1915a:192.168.157.195:46462], old=null
2019-10-23 22:22:06,124 [aed1b97f-105e-4684-b087-4b6333aa3ced@group-F043E0AED0ED-LeaderElection182] INFO  impl.RaftServerImpl (RaftServerImpl.java:setRole(184)) - aed1b97f-105e-4684-b087-4b6333aa3ced@group-F043E0AED0ED: changes role from CANDIDATE to FOLLOWER at term 204 for DISCOVERED_A_NEW_TERM
2019-10-23 22:22:06,124 [aed1b97f-105e-4684-b087-4b6333aa3ced@group-F043E0AED0ED-LeaderElection182] INFO  impl.RoleInfo (RoleInfo.java:shutdownLeaderElection(134)) - aed1b97f-105e-4684-b087-4b6333aa3ced: shutdown LeaderElection
2019-10-23 22:22:06,124 [aed1b97f-105e-4684-b087-4b6333aa3ced@group-F043E0AED0ED-LeaderElection182] INFO  impl.RoleInfo (RoleInfo.java:updateAndGet(143)) - aed1b97f-105e-4684-b087-4b6333aa3ced: start FollowerState
2019-10-23 22:22:06,244 [Thread-1466] INFO  impl.FollowerState (FollowerState.java:run(108)) - aed1b97f-105e-4684-b087-4b6333aa3ced@group-F043E0AED0ED-FollowerState: change to CANDIDATE, lastRpcTime:119ms, electionTimeout:119ms
2019-10-23 22:22:06,244 [Thread-1466] INFO  impl.RoleInfo (RoleInfo.java:shutdownFollowerState(121)) - aed1b97f-105e-4684-b087-4b6333aa3ced: shutdown FollowerState
2019-10-23 22:22:06,244 [Thread-1466] INFO  impl.RaftServerImpl (RaftServerImpl.java:setRole(184)) - aed1b97f-105e-4684-b087-4b6333aa3ced@group-F043E0AED0ED: changes role from  FOLLOWER to CANDIDATE at term 204 for changeToCandidate
2019-10-23 22:22:06,244 [Thread-1466] INFO  impl.RoleInfo (RoleInfo.java:updateAndGet(143)) - aed1b97f-105e-4684-b087-4b6333aa3ced: start LeaderElection
2019-10-23 22:22:06,266 [aed1b97f-105e-4684-b087-4b6333aa3ced@group-F043E0AED0ED-LeaderElection183] INFO  impl.LeaderElection (LeaderElection.java:askForVotes(178)) - aed1b97f-105e-4684-b087-4b6333aa3ced@group-F043E0AED0ED-LeaderElection183: begin an election at term 205 for -1: [aed1b97f-105e-4684-b087-4b6333aa3ced:192.168.157.195:34943, 1c51b35f-55cb-4636-a00c-83d34bf2d9d4:192.168.157.195:34693, d21ee1f1-33f6-483c-a18b-27782ce1915a:192.168.157.195:46462], old=null
2019-10-23 22:22:06,268 [grpc-default-executor-0] INFO  impl.RaftServerImpl (RaftServerImpl.java:setRole(184)) - 1c51b35f-55cb-4636-a00c-83d34bf2d9d4@group-F043E0AED0ED: changes role from  FOLLOWER to FOLLOWER at term 205 for recognizeCandidate:aed1b97f-105e-4684-b087-4b6333aa3ced
2019-10-23 22:22:06,268 [grpc-default-executor-0] INFO  impl.RoleInfo (RoleInfo.java:shutdownFollowerState(121)) - 1c51b35f-55cb-4636-a00c-83d34bf2d9d4: shutdown FollowerState
2019-10-23 22:22:06,269 [grpc-default-executor-0] INFO  impl.RoleInfo (RoleInfo.java:updateAndGet(143)) - 1c51b35f-55cb-4636-a00c-83d34bf2d9d4: start FollowerState
2019-10-23 22:22:06,269 [Thread-1462] INFO  impl.FollowerState (FollowerState.java:run(117)) - 1c51b35f-55cb-4636-a00c-83d34bf2d9d4@group-F043E0AED0ED-FollowerState was interrupted: java.lang.InterruptedException: sleep interrupted
2019-10-23 22:22:06,269 [grpc-default-executor-4] INFO  impl.RaftServerImpl (RaftServerImpl.java:setRole(184)) - d21ee1f1-33f6-483c-a18b-27782ce1915a@group-F043E0AED0ED: changes role from  FOLLOWER to FOLLOWER at term 205 for recognizeCandidate:aed1b97f-105e-4684-b087-4b6333aa3ced
2019-10-23 22:22:06,269 [grpc-default-executor-4] INFO  impl.RoleInfo (RoleInfo.java:shutdownFollowerState(121)) - d21ee1f1-33f6-483c-a18b-27782ce1915a: shutdown FollowerState
2019-10-23 22:22:06,269 [grpc-default-executor-4] INFO  impl.RoleInfo (RoleInfo.java:updateAndGet(143)) - d21ee1f1-33f6-483c-a18b-27782ce1915a: start FollowerState
2019-10-23 22:22:06,269 [Thread-1463] INFO  impl.FollowerState (FollowerState.java:run(117)) - d21ee1f1-33f6-483c-a18b-27782ce1915a@group-F043E0AED0ED-FollowerState was interrupted: java.lang.InterruptedException: sleep interrupted
2019-10-23 22:22:06,283 [aed1b97f-105e-4684-b087-4b6333aa3ced@group-F043E0AED0ED-LeaderElection183] INFO  impl.LeaderElection (LeaderElection.java:logAndReturn(56)) - aed1b97f-105e-4684-b087-4b6333aa3ced@group-F043E0AED0ED-LeaderElection183: Election REJECTED; received 2 response(s) [aed1b97f-105e-4684-b087-4b6333aa3ced<-1c51b35f-55cb-4636-a00c-83d34bf2d9d4#0:FAIL-t205, aed1b97f-105e-4684-b087-4b6333aa3ced<-d21ee1f1-33f6-483c-a18b-27782ce1915a#0:FAIL-t205] and 0 exception(s); aed1b97f-105e-4684-b087-4b6333aa3ced@group-F043E0AED0ED:t205, leader=null, voted=aed1b97f-105e-4684-b087-4b6333aa3ced, raftlog=aed1b97f-105e-4684-b087-4b6333aa3ced@group-F043E0AED0ED-SegmentedRaftLog:OPENED:c-1,f-1,i0, conf=-1: [aed1b97f-105e-4684-b087-4b6333aa3ced:192.168.157.195:34943, 1c51b35f-55cb-4636-a00c-83d34bf2d9d4:192.168.157.195:34693, d21ee1f1-33f6-483c-a18b-27782ce1915a:192.168.157.195:46462], old=null
2019-10-23 22:22:06,283 [aed1b97f-105e-4684-b087-4b6333aa3ced@group-F043E0AED0ED-LeaderElection183] INFO  impl.RaftServerImpl (RaftServerImpl.java:setRole(184)) - aed1b97f-105e-4684-b087-4b6333aa3ced@group-F043E0AED0ED: changes role from CANDIDATE to FOLLOWER at term 205 for DISCOVERED_A_NEW_TERM
2019-10-23 22:22:06,283 [aed1b97f-105e-4684-b087-4b6333aa3ced@group-F043E0AED0ED-LeaderElection183] INFO  impl.RoleInfo (RoleInfo.java:shutdownLeaderElection(134)) - aed1b97f-105e-4684-b087-4b6333aa3ced: shutdown LeaderElection
2019-10-23 22:22:06,283 [aed1b97f-105e-4684-b087-4b6333aa3ced@group-F043E0AED0ED-LeaderElection183] INFO  impl.RoleInfo (RoleInfo.java:updateAndGet(143)) - aed1b97f-105e-4684-b087-4b6333aa3ced: start FollowerState
2019-10-23 22:22:06,381 [Thread-1472] INFO  impl.FollowerState (FollowerState.java:run(108)) - aed1b97f-105e-4684-b087-4b6333aa3ced@group-F043E0AED0ED-FollowerState: change to CANDIDATE, lastRpcTime:97ms, electionTimeout:97ms
2019-10-23 22:22:06,381 [Thread-1472] INFO  impl.RoleInfo (RoleInfo.java:shutdownFollowerState(121)) - aed1b97f-105e-4684-b087-4b6333aa3ced: shutdown FollowerState
2019-10-23 22:22:06,381 [Thread-1472] INFO  impl.RaftServerImpl (RaftServerImpl.java:setRole(184)) - aed1b97f-105e-4684-b087-4b6333aa3ced@group-F043E0AED0ED: changes role from  FOLLOWER to CANDIDATE at term 205 for changeToCandidate
2019-10-23 22:22:06,382 [Thread-1472] INFO  impl.RoleInfo (RoleInfo.java:updateAndGet(143)) - aed1b97f-105e-4684-b087-4b6333aa3ced: start LeaderElection
2019-10-23 22:22:06,399 [aed1b97f-105e-4684-b087-4b6333aa3ced@group-F043E0AED0ED-LeaderElection184] INFO  impl.LeaderElection (LeaderElection.java:askForVotes(178)) - aed1b97f-105e-4684-b087-4b6333aa3ced@group-F043E0AED0ED-LeaderElection184: begin an election at term 206 for -1: [aed1b97f-105e-4684-b087-4b6333aa3ced:192.168.157.195:34943, 1c51b35f-55cb-4636-a00c-83d34bf2d9d4:192.168.157.195:34693, d21ee1f1-33f6-483c-a18b-27782ce1915a:192.168.157.195:46462], old=null
2019-10-23 22:22:06,403 [grpc-default-executor-0] INFO  impl.RaftServerImpl (RaftServerImpl.java:setRole(184)) - 1c51b35f-55cb-4636-a00c-83d34bf2d9d4@group-F043E0AED0ED: changes role from  FOLLOWER to FOLLOWER at term 206 for recognizeCandidate:aed1b97f-105e-4684-b087-4b6333aa3ced
2019-10-23 22:22:06,403 [grpc-default-executor-4] INFO  impl.RaftServerImpl (RaftServerImpl.java:setRole(184)) - d21ee1f1-33f6-483c-a18b-27782ce1915a@group-F043E0AED0ED: changes role from  FOLLOWER to FOLLOWER at term 206 for recognizeCandidate:aed1b97f-105e-4684-b087-4b6333aa3ced
2019-10-23 22:22:06,404 [grpc-default-executor-4] INFO  impl.RoleInfo (RoleInfo.java:shutdownFollowerState(121)) - d21ee1f1-33f6-483c-a18b-27782ce1915a: shutdown FollowerState
2019-10-23 22:22:06,403 [grpc-default-executor-0] INFO  impl.RoleInfo (RoleInfo.java:shutdownFollowerState(121)) - 1c51b35f-55cb-4636-a00c-83d34bf2d9d4: shutdown FollowerState
2019-10-23 22:22:06,404 [grpc-default-executor-4] INFO  impl.RoleInfo (RoleInfo.java:updateAndGet(143)) - d21ee1f1-33f6-483c-a18b-27782ce1915a: start FollowerState
2019-10-23 22:22:06,404 [Thread-1470] INFO  impl.FollowerState (FollowerState.java:run(117)) - 1c51b35f-55cb-4636-a00c-83d34bf2d9d4@group-F043E0AED0ED-FollowerState was interrupted: java.lang.InterruptedException: sleep interrupted
2019-10-23 22:22:06,404 [grpc-default-executor-0] INFO  impl.RoleInfo (RoleInfo.java:updateAndGet(143)) - 1c51b35f-55cb-4636-a00c-83d34bf2d9d4: start FollowerState
2019-10-23 22:22:06,404 [Thread-1471] INFO  impl.FollowerState (FollowerState.java:run(117)) - d21ee1f1-33f6-483c-a18b-27782ce1915a@group-F043E0AED0ED-FollowerState was interrupted: java.lang.InterruptedException: sleep interrupted
2019-10-23 22:22:06,405 [aed1b97f-105e-4684-b087-4b6333aa3ced@group-F043E0AED0ED-LeaderElection184] INFO  impl.LeaderElection (LeaderElection.java:logAndReturn(56)) - aed1b97f-105e-4684-b087-4b6333aa3ced@group-F043E0AED0ED-LeaderElection184: Election TIMEOUT; received 0 response(s) [] and 0 exception(s); aed1b97f-105e-4684-b087-4b6333aa3ced@group-F043E0AED0ED:t206, leader=null, voted=aed1b97f-105e-4684-b087-4b6333aa3ced, raftlog=aed1b97f-105e-4684-b087-4b6333aa3ced@group-F043E0AED0ED-SegmentedRaftLog:OPENED:c-1,f-1,i0, conf=-1: [aed1b97f-105e-4684-b087-4b6333aa3ced:192.168.157.195:34943, 1c51b35f-55cb-4636-a00c-83d34bf2d9d4:192.168.157.195:34693, d21ee1f1-33f6-483c-a18b-27782ce1915a:192.168.157.195:46462], old=null
2019-10-23 22:22:06,418 [aed1b97f-105e-4684-b087-4b6333aa3ced@group-F043E0AED0ED-LeaderElection184] INFO  impl.LeaderElection (LeaderElection.java:askForVotes(178)) - aed1b97f-105e-4684-b087-4b6333aa3ced@group-F043E0AED0ED-LeaderElection184: begin an election at term 207 for -1: [aed1b97f-105e-4684-b087-4b6333aa3ced:192.168.157.195:34943, 1c51b35f-55cb-4636-a00c-83d34bf2d9d4:192.168.157.195:34693, d21ee1f1-33f6-483c-a18b-27782ce1915a:192.168.157.195:46462], old=null
2019-10-23 22:22:06,419 [grpc-default-executor-4] INFO  impl.RaftServerImpl (RaftServerImpl.java:setRole(184)) - 1c51b35f-55cb-4636-a00c-83d34bf2d9d4@group-F043E0AED0ED: changes role from  FOLLOWER to FOLLOWER at term 207 for recognizeCandidate:aed1b97f-105e-4684-b087-4b6333aa3ced
2019-10-23 22:22:06,420 [grpc-default-executor-4] INFO  impl.RoleInfo (RoleInfo.java:shutdownFollowerState(121)) - 1c51b35f-55cb-4636-a00c-83d34bf2d9d4: shutdown FollowerState
2019-10-23 22:22:06,420 [grpc-default-executor-4] INFO  impl.RoleInfo (RoleInfo.java:updateAndGet(143)) - 1c51b35f-55cb-4636-a00c-83d34bf2d9d4: start FollowerState
2019-10-23 22:22:06,420 [Thread-1477] INFO  impl.FollowerState (FollowerState.java:run(117)) - 1c51b35f-55cb-4636-a00c-83d34bf2d9d4@group-F043E0AED0ED-FollowerState was interrupted: java.lang.InterruptedException: sleep interrupted
2019-10-23 22:22:06,420 [grpc-default-executor-0] INFO  impl.RaftServerImpl (RaftServerImpl.java:setRole(184)) - d21ee1f1-33f6-483c-a18b-27782ce1915a@group-F043E0AED0ED: changes role from  FOLLOWER to FOLLOWER at term 207 for recognizeCandidate:aed1b97f-105e-4684-b087-4b6333aa3ced
2019-10-23 22:22:06,420 [grpc-default-executor-0] INFO  impl.RoleInfo (RoleInfo.java:shutdownFollowerState(121)) - d21ee1f1-33f6-483c-a18b-27782ce1915a: shutdown FollowerState
2019-10-23 22:22:06,421 [grpc-default-executor-0] INFO  impl.RoleInfo (RoleInfo.java:updateAndGet(143)) - d21ee1f1-33f6-483c-a18b-27782ce1915a: start FollowerState
2019-10-23 22:22:06,421 [Thread-1476] INFO  impl.FollowerState (FollowerState.java:run(117)) - d21ee1f1-33f6-483c-a18b-27782ce1915a@group-F043E0AED0ED-FollowerState was interrupted: java.lang.InterruptedException: sleep interrupted
2019-10-23 22:22:06,435 [aed1b97f-105e-4684-b087-4b6333aa3ced@group-F043E0AED0ED-LeaderElection184] INFO  impl.LeaderElection (LeaderElection.java:logAndReturn(56)) - aed1b97f-105e-4684-b087-4b6333aa3ced@group-F043E0AED0ED-LeaderElection184: Election REJECTED; received 2 response(s) [aed1b97f-105e-4684-b087-4b6333aa3ced<-1c51b35f-55cb-4636-a00c-83d34bf2d9d4#0:FAIL-t207, aed1b97f-105e-4684-b087-4b6333aa3ced<-d21ee1f1-33f6-483c-a18b-27782ce1915a#0:FAIL-t207] and 0 exception(s); aed1b97f-105e-4684-b087-4b6333aa3ced@group-F043E0AED0ED:t207, leader=null, voted=aed1b97f-105e-4684-b087-4b6333aa3ced, raftlog=aed1b97f-105e-4684-b087-4b6333aa3ced@group-F043E0AED0ED-SegmentedRaftLog:OPENED:c-1,f-1,i0, conf=-1: [aed1b97f-105e-4684-b087-4b6333aa3ced:192.168.157.195:34943, 1c51b35f-55cb-4636-a00c-83d34bf2d9d4:192.168.157.195:34693, d21ee1f1-33f6-483c-a18b-27782ce1915a:192.168.157.195:46462], old=null
2019-10-23 22:22:06,435 [aed1b97f-105e-4684-b087-4b6333aa3ced@group-F043E0AED0ED-LeaderElection184] INFO  impl.RaftServerImpl (RaftServerImpl.java:setRole(184)) - aed1b97f-105e-4684-b087-4b6333aa3ced@group-F043E0AED0ED: changes role from CANDIDATE to FOLLOWER at term 207 for DISCOVERED_A_NEW_TERM
2019-10-23 22:22:06,435 [aed1b97f-105e-4684-b087-4b6333aa3ced@group-F043E0AED0ED-LeaderElection184] INFO  impl.RoleInfo (RoleInfo.java:shutdownLeaderElection(134)) - aed1b97f-105e-4684-b087-4b6333aa3ced: shutdown LeaderElection
2019-10-23 22:22:06,435 [aed1b97f-105e-4684-b087-4b6333aa3ced@group-F043E0AED0ED-LeaderElection184] INFO  impl.RoleInfo (RoleInfo.java:updateAndGet(143)) - aed1b97f-105e-4684-b087-4b6333aa3ced: start FollowerState
2019-10-23 22:22:06,562 [Thread-1482] INFO  impl.FollowerState (FollowerState.java:run(108)) - aed1b97f-105e-4684-b087-4b6333aa3ced@group-F043E0AED0ED-FollowerState: change to CANDIDATE, lastRpcTime:127ms, electionTimeout:127ms
2019-10-23 22:22:06,563 [Thread-1482] INFO  impl.RoleInfo (RoleInfo.java:shutdownFollowerState(121)) - aed1b97f-105e-4684-b087-4b6333aa3ced: shutdown FollowerState
2019-10-23 22:22:06,563 [Thread-1482] INFO  impl.RaftServerImpl (RaftServerImpl.java:setRole(184)) - aed1b97f-105e-4684-b087-4b6333aa3ced@group-F043E0AED0ED: changes role from  FOLLOWER to CANDIDATE at term 207 for changeToCandidate
2019-10-23 22:22:06,563 [Thread-1482] INFO  impl.RoleInfo (RoleInfo.java:updateAndGet(143)) - aed1b97f-105e-4684-b087-4b6333aa3ced: start LeaderElection
2019-10-23 22:22:06,588 [aed1b97f-105e-4684-b087-4b6333aa3ced@group-F043E0AED0ED-LeaderElection185] INFO  impl.LeaderElection (LeaderElection.java:askForVotes(178)) - aed1b97f-105e-4684-b087-4b6333aa3ced@group-F043E0AED0ED-LeaderElection185: begin an election at term 208 for -1: [aed1b97f-105e-4684-b087-4b6333aa3ced:192.168.157.195:34943, 1c51b35f-55cb-4636-a00c-83d34bf2d9d4:192.168.157.195:34693, d21ee1f1-33f6-483c-a18b-27782ce1915a:192.168.157.195:46462], old=null
2019-10-23 22:22:06,591 [grpc-default-executor-4] INFO  impl.RaftServerImpl (RaftServerImpl.java:setRole(184)) - 1c51b35f-55cb-4636-a00c-83d34bf2d9d4@group-F043E0AED0ED: changes role from  FOLLOWER to FOLLOWER at term 208 for recognizeCandidate:aed1b97f-105e-4684-b087-4b6333aa3ced
2019-10-23 22:22:06,591 [grpc-default-executor-4] INFO  impl.RoleInfo (RoleInfo.java:shutdownFollowerState(121)) - 1c51b35f-55cb-4636-a00c-83d34bf2d9d4: shutdown FollowerState
2019-10-23 22:22:06,591 [grpc-default-executor-0] INFO  impl.RaftServerImpl (RaftServerImpl.java:setRole(184)) - d21ee1f1-33f6-483c-a18b-27782ce1915a@group-F043E0AED0ED: changes role from  FOLLOWER to FOLLOWER at term 208 for recognizeCandidate:aed1b97f-105e-4684-b087-4b6333aa3ced
2019-10-23 22:22:06,592 [Thread-1480] INFO  impl.FollowerState (FollowerState.java:run(117)) - 1c51b35f-55cb-4636-a00c-83d34bf2d9d4@group-F043E0AED0ED-FollowerState was interrupted: java.lang.InterruptedException: sleep interrupted
2019-10-23 22:22:06,592 [grpc-default-executor-4] INFO  impl.RoleInfo (RoleInfo.java:updateAndGet(143)) - 1c51b35f-55cb-4636-a00c-83d34bf2d9d4: start FollowerState
2019-10-23 22:22:06,592 [grpc-default-executor-0] INFO  impl.RoleInfo (RoleInfo.java:shutdownFollowerState(121)) - d21ee1f1-33f6-483c-a18b-27782ce1915a: shutdown FollowerState
2019-10-23 22:22:06,592 [grpc-default-executor-0] INFO  impl.RoleInfo (RoleInfo.java:updateAndGet(143)) - d21ee1f1-33f6-483c-a18b-27782ce1915a: start FollowerState
2019-10-23 22:22:06,592 [Thread-1481] INFO  impl.FollowerState (FollowerState.java:run(117)) - d21ee1f1-33f6-483c-a18b-27782ce1915a@group-F043E0AED0ED-FollowerState was interrupted: java.lang.InterruptedException: sleep interrupted
2019-10-23 22:22:06,606 [aed1b97f-105e-4684-b087-4b6333aa3ced@group-F043E0AED0ED-LeaderElection185] INFO  impl.LeaderElection (LeaderElection.java:logAndReturn(56)) - aed1b97f-105e-4684-b087-4b6333aa3ced@group-F043E0AED0ED-LeaderElection185: Election REJECTED; received 2 response(s) [aed1b97f-105e-4684-b087-4b6333aa3ced<-1c51b35f-55cb-4636-a00c-83d34bf2d9d4#0:FAIL-t208, aed1b97f-105e-4684-b087-4b6333aa3ced<-d21ee1f1-33f6-483c-a18b-27782ce1915a#0:FAIL-t208] and 0 exception(s); aed1b97f-105e-4684-b087-4b6333aa3ced@group-F043E0AED0ED:t208, leader=null, voted=aed1b97f-105e-4684-b087-4b6333aa3ced, raftlog=aed1b97f-105e-4684-b087-4b6333aa3ced@group-F043E0AED0ED-SegmentedRaftLog:OPENED:c-1,f-1,i0, conf=-1: [aed1b97f-105e-4684-b087-4b6333aa3ced:192.168.157.195:34943, 1c51b35f-55cb-4636-a00c-83d34bf2d9d4:192.168.157.195:34693, d21ee1f1-33f6-483c-a18b-27782ce1915a:192.168.157.195:46462], old=null
2019-10-23 22:22:06,606 [aed1b97f-105e-4684-b087-4b6333aa3ced@group-F043E0AED0ED-LeaderElection185] INFO  impl.RaftServerImpl (RaftServerImpl.java:setRole(184)) - aed1b97f-105e-4684-b087-4b6333aa3ced@group-F043E0AED0ED: changes role from CANDIDATE to FOLLOWER at term 208 for DISCOVERED_A_NEW_TERM
2019-10-23 22:22:06,607 [aed1b97f-105e-4684-b087-4b6333aa3ced@group-F043E0AED0ED-LeaderElection185] INFO  impl.RoleInfo (RoleInfo.java:shutdownLeaderElection(134)) - aed1b97f-105e-4684-b087-4b6333aa3ced: shutdown LeaderElection
2019-10-23 22:22:06,607 [aed1b97f-105e-4684-b087-4b6333aa3ced@group-F043E0AED0ED-LeaderElection185] INFO  impl.RoleInfo (RoleInfo.java:updateAndGet(143)) - aed1b97f-105e-4684-b087-4b6333aa3ced: start FollowerState
2019-10-23 22:22:06,716 [Thread-1488] INFO  impl.FollowerState (FollowerState.java:run(108)) - aed1b97f-105e-4684-b087-4b6333aa3ced@group-F043E0AED0ED-FollowerState: change to CANDIDATE, lastRpcTime:109ms, electionTimeout:109ms
2019-10-23 22:22:06,717 [Thread-1488] INFO  impl.RoleInfo (RoleInfo.java:shutdownFollowerState(121)) - aed1b97f-105e-4684-b087-4b6333aa3ced: shutdown FollowerState
2019-10-23 22:22:06,717 [Thread-1488] INFO  impl.RaftServerImpl (RaftServerImpl.java:setRole(184)) - aed1b97f-105e-4684-b087-4b6333aa3ced@group-F043E0AED0ED: changes role from  FOLLOWER to CANDIDATE at term 208 for changeToCandidate
2019-10-23 22:22:06,717 [Thread-1488] INFO  impl.RoleInfo (RoleInfo.java:updateAndGet(143)) - aed1b97f-105e-4684-b087-4b6333aa3ced: start LeaderElection
2019-10-23 22:22:06,731 [aed1b97f-105e-4684-b087-4b6333aa3ced@group-F043E0AED0ED-LeaderElection186] INFO  impl.LeaderElection (LeaderElection.java:askForVotes(178)) - aed1b97f-105e-4684-b087-4b6333aa3ced@group-F043E0AED0ED-LeaderElection186: begin an election at term 209 for -1: [aed1b97f-105e-4684-b087-4b6333aa3ced:192.168.157.195:34943, 1c51b35f-55cb-4636-a00c-83d34bf2d9d4:192.168.157.195:34693, d21ee1f1-33f6-483c-a18b-27782ce1915a:192.168.157.195:46462], old=null
2019-10-23 22:22:06,735 [grpc-default-executor-0] INFO  impl.RaftServerImpl (RaftServerImpl.java:setRole(184)) - d21ee1f1-33f6-483c-a18b-27782ce1915a@group-F043E0AED0ED: changes role from  FOLLOWER to FOLLOWER at term 209 for recognizeCandidate:aed1b97f-105e-4684-b087-4b6333aa3ced
2019-10-23 22:22:06,735 [grpc-default-executor-4] INFO  impl.RaftServerImpl (RaftServerImpl.java:setRole(184)) - 1c51b35f-55cb-4636-a00c-83d34bf2d9d4@group-F043E0AED0ED: changes role from  FOLLOWER to FOLLOWER at term 209 for recognizeCandidate:aed1b97f-105e-4684-b087-4b6333aa3ced
2019-10-23 22:22:06,735 [grpc-default-executor-0] INFO  impl.RoleInfo (RoleInfo.java:shutdownFollowerState(121)) - d21ee1f1-33f6-483c-a18b-27782ce1915a: shutdown FollowerState
2019-10-23 22:22:06,735 [grpc-default-executor-4] INFO  impl.RoleInfo (RoleInfo.java:shutdownFollowerState(121)) - 1c51b35f-55cb-4636-a00c-83d34bf2d9d4: shutdown FollowerState
2019-10-23 22:22:06,735 [grpc-default-executor-0] INFO  impl.RoleInfo (RoleInfo.java:updateAndGet(143)) - d21ee1f1-33f6-483c-a18b-27782ce1915a: start FollowerState
2019-10-23 22:22:06,735 [grpc-default-executor-4] INFO  impl.RoleInfo (RoleInfo.java:updateAndGet(143)) - 1c51b35f-55cb-4636-a00c-83d34bf2d9d4: start FollowerState
2019-10-23 22:22:06,735 [Thread-1487] INFO  impl.FollowerState (FollowerState.java:run(117)) - d21ee1f1-33f6-483c-a18b-27782ce1915a@group-F043E0AED0ED-FollowerState was interrupted: java.lang.InterruptedException: sleep interrupted
2019-10-23 22:22:06,735 [Thread-1486] INFO  impl.FollowerState (FollowerState.java:run(117)) - 1c51b35f-55cb-4636-a00c-83d34bf2d9d4@group-F043E0AED0ED-FollowerState was interrupted: java.lang.InterruptedException: sleep interrupted
2019-10-23 22:22:06,761 [aed1b97f-105e-4684-b087-4b6333aa3ced@group-F043E0AED0ED-LeaderElection186] INFO  impl.LeaderElection (LeaderElection.java:logAndReturn(56)) - aed1b97f-105e-4684-b087-4b6333aa3ced@group-F043E0AED0ED-LeaderElection186: Election REJECTED; received 2 response(s) [aed1b97f-105e-4684-b087-4b6333aa3ced<-1c51b35f-55cb-4636-a00c-83d34bf2d9d4#0:FAIL-t209, aed1b97f-105e-4684-b087-4b6333aa3ced<-d21ee1f1-33f6-483c-a18b-27782ce1915a#0:FAIL-t209] and 0 exception(s); aed1b97f-105e-4684-b087-4b6333aa3ced@group-F043E0AED0ED:t209, leader=null, voted=aed1b97f-105e-4684-b087-4b6333aa3ced, raftlog=aed1b97f-105e-4684-b087-4b6333aa3ced@group-F043E0AED0ED-SegmentedRaftLog:OPENED:c-1,f-1,i0, conf=-1: [aed1b97f-105e-4684-b087-4b6333aa3ced:192.168.157.195:34943, 1c51b35f-55cb-4636-a00c-83d34bf2d9d4:192.168.157.195:34693, d21ee1f1-33f6-483c-a18b-27782ce1915a:192.168.157.195:46462], old=null
2019-10-23 22:22:06,762 [aed1b97f-105e-4684-b087-4b6333aa3ced@group-F043E0AED0ED-LeaderElection186] INFO  impl.RaftServerImpl (RaftServerImpl.java:setRole(184)) - aed1b97f-105e-4684-b087-4b6333aa3ced@group-F043E0AED0ED: changes role from CANDIDATE to FOLLOWER at term 209 for DISCOVERED_A_NEW_TERM
2019-10-23 22:22:06,762 [aed1b97f-105e-4684-b087-4b6333aa3ced@group-F043E0AED0ED-LeaderElection186] INFO  impl.RoleInfo (RoleInfo.java:shutdownLeaderElection(134)) - aed1b97f-105e-4684-b087-4b6333aa3ced: shutdown LeaderElection
2019-10-23 22:22:06,762 [aed1b97f-105e-4684-b087-4b6333aa3ced@group-F043E0AED0ED-LeaderElection186] INFO  impl.RoleInfo (RoleInfo.java:updateAndGet(143)) - aed1b97f-105e-4684-b087-4b6333aa3ced: start FollowerState
2019-10-23 22:22:06,775 [Thread-1494] INFO  impl.FollowerState (FollowerState.java:run(108)) - aed1b97f-105e-4684-b087-4b6333aa3ced@group-F043E0AED0ED-FollowerState: change to CANDIDATE, lastRpcTime:13ms, electionTimeout:13ms
2019-10-23 22:22:06,776 [Thread-1494] INFO  impl.RoleInfo (RoleInfo.java:shutdownFollowerState(121)) - aed1b97f-105e-4684-b087-4b6333aa3ced: shutdown FollowerState
2019-10-23 22:22:06,776 [Thread-1494] INFO  impl.RaftServerImpl (RaftServerImpl.java:setRole(184)) - aed1b97f-105e-4684-b087-4b6333aa3ced@group-F043E0AED0ED: changes role from  FOLLOWER to CANDIDATE at term 209 for changeToCandidate
2019-10-23 22:22:06,776 [Thread-1494] INFO  impl.RoleInfo (RoleInfo.java:updateAndGet(143)) - aed1b97f-105e-4684-b087-4b6333aa3ced: start LeaderElection
2019-10-23 22:22:06,790 [aed1b97f-105e-4684-b087-4b6333aa3ced@group-F043E0AED0ED-LeaderElection187] INFO  impl.LeaderElection (LeaderElection.java:askForVotes(178)) - aed1b97f-105e-4684-b087-4b6333aa3ced@group-F043E0AED0ED-LeaderElection187: begin an election at term 210 for -1: [aed1b97f-105e-4684-b087-4b6333aa3ced:192.168.157.195:34943, 1c51b35f-55cb-4636-a00c-83d34bf2d9d4:192.168.157.195:34693, d21ee1f1-33f6-483c-a18b-27782ce1915a:192.168.157.195:46462], old=null
2019-10-23 22:22:06,791 [grpc-default-executor-4] INFO  impl.RaftServerImpl (RaftServerImpl.java:setRole(184)) - 1c51b35f-55cb-4636-a00c-83d34bf2d9d4@group-F043E0AED0ED: changes role from  FOLLOWER to FOLLOWER at term 210 for recognizeCandidate:aed1b97f-105e-4684-b087-4b6333aa3ced
2019-10-23 22:22:06,792 [grpc-default-executor-4] INFO  impl.RoleInfo (RoleInfo.java:shutdownFollowerState(121)) - 1c51b35f-55cb-4636-a00c-83d34bf2d9d4: shutdown FollowerState
2019-10-23 22:22:06,792 [grpc-default-executor-4] INFO  impl.RoleInfo (RoleInfo.java:updateAndGet(143)) - 1c51b35f-55cb-4636-a00c-83d34bf2d9d4: start FollowerState
2019-10-23 22:22:06,792 [Thread-1493] INFO  impl.FollowerState (FollowerState.java:run(117)) - 1c51b35f-55cb-4636-a00c-83d34bf2d9d4@group-F043E0AED0ED-FollowerState was interrupted: java.lang.InterruptedException: sleep interrupted
2019-10-23 22:22:06,792 [grpc-default-executor-0] INFO  impl.RaftServerImpl (RaftServerImpl.java:setRole(184)) - d21ee1f1-33f6-483c-a18b-27782ce1915a@group-F043E0AED0ED: changes role from  FOLLOWER to FOLLOWER at term 210 for recognizeCandidate:aed1b97f-105e-4684-b087-4b6333aa3ced
2019-10-23 22:22:06,792 [grpc-default-executor-0] INFO  impl.RoleInfo (RoleInfo.java:shutdownFollowerState(121)) - d21ee1f1-33f6-483c-a18b-27782ce1915a: shutdown FollowerState
2019-10-23 22:22:06,792 [grpc-default-executor-0] INFO  impl.RoleInfo (RoleInfo.java:updateAndGet(143)) - d21ee1f1-33f6-483c-a18b-27782ce1915a: start FollowerState
2019-10-23 22:22:06,792 [Thread-1492] INFO  impl.FollowerState (FollowerState.java:run(117)) - d21ee1f1-33f6-483c-a18b-27782ce1915a@group-F043E0AED0ED-FollowerState was interrupted: java.lang.InterruptedException: sleep interrupted
2019-10-23 22:22:06,806 [aed1b97f-105e-4684-b087-4b6333aa3ced@group-F043E0AED0ED-LeaderElection187] INFO  impl.LeaderElection (LeaderElection.java:logAndReturn(56)) - aed1b97f-105e-4684-b087-4b6333aa3ced@group-F043E0AED0ED-LeaderElection187: Election REJECTED; received 2 response(s) [aed1b97f-105e-4684-b087-4b6333aa3ced<-1c51b35f-55cb-4636-a00c-83d34bf2d9d4#0:FAIL-t210, aed1b97f-105e-4684-b087-4b6333aa3ced<-d21ee1f1-33f6-483c-a18b-27782ce1915a#0:FAIL-t210] and 0 exception(s); aed1b97f-105e-4684-b087-4b6333aa3ced@group-F043E0AED0ED:t210, leader=null, voted=aed1b97f-105e-4684-b087-4b6333aa3ced, raftlog=aed1b97f-105e-4684-b087-4b6333aa3ced@group-F043E0AED0ED-SegmentedRaftLog:OPENED:c-1,f-1,i0, conf=-1: [aed1b97f-105e-4684-b087-4b6333aa3ced:192.168.157.195:34943, 1c51b35f-55cb-4636-a00c-83d34bf2d9d4:192.168.157.195:34693, d21ee1f1-33f6-483c-a18b-27782ce1915a:192.168.157.195:46462], old=null
2019-10-23 22:22:06,807 [aed1b97f-105e-4684-b087-4b6333aa3ced@group-F043E0AED0ED-LeaderElection187] INFO  impl.RaftServerImpl (RaftServerImpl.java:setRole(184)) - aed1b97f-105e-4684-b087-4b6333aa3ced@group-F043E0AED0ED: changes role from CANDIDATE to FOLLOWER at term 210 for DISCOVERED_A_NEW_TERM
2019-10-23 22:22:06,807 [aed1b97f-105e-4684-b087-4b6333aa3ced@group-F043E0AED0ED-LeaderElection187] INFO  impl.RoleInfo (RoleInfo.java:shutdownLeaderElection(134)) - aed1b97f-105e-4684-b087-4b6333aa3ced: shutdown LeaderElection
2019-10-23 22:22:06,807 [aed1b97f-105e-4684-b087-4b6333aa3ced@group-F043E0AED0ED-LeaderElection187] INFO  impl.RoleInfo (RoleInfo.java:updateAndGet(143)) - aed1b97f-105e-4684-b087-4b6333aa3ced: start FollowerState
2019-10-23 22:22:06,954 [Thread-1500] INFO  impl.FollowerState (FollowerState.java:run(108)) - aed1b97f-105e-4684-b087-4b6333aa3ced@group-F043E0AED0ED-FollowerState: change to CANDIDATE, lastRpcTime:147ms, electionTimeout:147ms
2019-10-23 22:22:06,954 [Thread-1500] INFO  impl.RoleInfo (RoleInfo.java:shutdownFollowerState(121)) - aed1b97f-105e-4684-b087-4b6333aa3ced: shutdown FollowerState
2019-10-23 22:22:06,955 [Thread-1500] INFO  impl.RaftServerImpl (RaftServerImpl.java:setRole(184)) - aed1b97f-105e-4684-b087-4b6333aa3ced@group-F043E0AED0ED: changes role from  FOLLOWER to CANDIDATE at term 210 for changeToCandidate
2019-10-23 22:22:06,955 [Thread-1500] INFO  impl.RoleInfo (RoleInfo.java:updateAndGet(143)) - aed1b97f-105e-4684-b087-4b6333aa3ced: start LeaderElection
2019-10-23 22:22:06,969 [aed1b97f-105e-4684-b087-4b6333aa3ced@group-F043E0AED0ED-LeaderElection188] INFO  impl.LeaderElection (LeaderElection.java:askForVotes(178)) - aed1b97f-105e-4684-b087-4b6333aa3ced@group-F043E0AED0ED-LeaderElection188: begin an election at term 211 for -1: [aed1b97f-105e-4684-b087-4b6333aa3ced:192.168.157.195:34943, 1c51b35f-55cb-4636-a00c-83d34bf2d9d4:192.168.157.195:34693, d21ee1f1-33f6-483c-a18b-27782ce1915a:192.168.157.195:46462], old=null
2019-10-23 22:22:06,971 [grpc-default-executor-4] INFO  impl.RaftServerImpl (RaftServerImpl.java:setRole(184)) - 1c51b35f-55cb-4636-a00c-83d34bf2d9d4@group-F043E0AED0ED: changes role from  FOLLOWER to FOLLOWER at term 211 for recognizeCandidate:aed1b97f-105e-4684-b087-4b6333aa3ced
2019-10-23 22:22:06,972 [grpc-default-executor-4] INFO  impl.RoleInfo (RoleInfo.java:shutdownFollowerState(121)) - 1c51b35f-55cb-4636-a00c-83d34bf2d9d4: shutdown FollowerState
2019-10-23 22:22:06,972 [grpc-default-executor-0] INFO  impl.RaftServerImpl (RaftServerImpl.java:setRole(184)) - d21ee1f1-33f6-483c-a18b-27782ce1915a@group-F043E0AED0ED: changes role from  FOLLOWER to FOLLOWER at term 211 for recognizeCandidate:aed1b97f-105e-4684-b087-4b6333aa3ced
2019-10-23 22:22:06,972 [Thread-1498] INFO  impl.FollowerState (FollowerState.java:run(117)) - 1c51b35f-55cb-4636-a00c-83d34bf2d9d4@group-F043E0AED0ED-FollowerState was interrupted: java.lang.InterruptedException: sleep interrupted
2019-10-23 22:22:06,972 [grpc-default-executor-4] INFO  impl.RoleInfo (RoleInfo.java:updateAndGet(143)) - 1c51b35f-55cb-4636-a00c-83d34bf2d9d4: start FollowerState
2019-10-23 22:22:06,972 [grpc-default-executor-0] INFO  impl.RoleInfo (RoleInfo.java:shutdownFollowerState(121)) - d21ee1f1-33f6-483c-a18b-27782ce1915a: shutdown FollowerState
2019-10-23 22:22:06,972 [grpc-default-executor-0] INFO  impl.RoleInfo (RoleInfo.java:updateAndGet(143)) - d21ee1f1-33f6-483c-a18b-27782ce1915a: start FollowerState
2019-10-23 22:22:06,973 [Thread-1499] INFO  impl.FollowerState (FollowerState.java:run(117)) - d21ee1f1-33f6-483c-a18b-27782ce1915a@group-F043E0AED0ED-FollowerState was interrupted: java.lang.InterruptedException: sleep interrupted
2019-10-23 22:22:06,982 [aed1b97f-105e-4684-b087-4b6333aa3ced@group-F043E0AED0ED-LeaderElection188] INFO  impl.LeaderElection (LeaderElection.java:logAndReturn(56)) - aed1b97f-105e-4684-b087-4b6333aa3ced@group-F043E0AED0ED-LeaderElection188: Election REJECTED; received 2 response(s) [aed1b97f-105e-4684-b087-4b6333aa3ced<-1c51b35f-55cb-4636-a00c-83d34bf2d9d4#0:FAIL-t211, aed1b97f-105e-4684-b087-4b6333aa3ced<-d21ee1f1-33f6-483c-a18b-27782ce1915a#0:FAIL-t211] and 0 exception(s); aed1b97f-105e-4684-b087-4b6333aa3ced@group-F043E0AED0ED:t211, leader=null, voted=aed1b97f-105e-4684-b087-4b6333aa3ced, raftlog=aed1b97f-105e-4684-b087-4b6333aa3ced@group-F043E0AED0ED-SegmentedRaftLog:OPENED:c-1,f-1,i0, conf=-1: [aed1b97f-105e-4684-b087-4b6333aa3ced:192.168.157.195:34943, 1c51b35f-55cb-4636-a00c-83d34bf2d9d4:192.168.157.195:34693, d21ee1f1-33f6-483c-a18b-27782ce1915a:192.168.157.195:46462], old=null
2019-10-23 22:22:06,982 [aed1b97f-105e-4684-b087-4b6333aa3ced@group-F043E0AED0ED-LeaderElection188] INFO  impl.RaftServerImpl (RaftServerImpl.java:setRole(184)) - aed1b97f-105e-4684-b087-4b6333aa3ced@group-F043E0AED0ED: changes role from CANDIDATE to FOLLOWER at term 211 for DISCOVERED_A_NEW_TERM
2019-10-23 22:22:06,983 [aed1b97f-105e-4684-b087-4b6333aa3ced@group-F043E0AED0ED-LeaderElection188] INFO  impl.RoleInfo (RoleInfo.java:shutdownLeaderElection(134)) - aed1b97f-105e-4684-b087-4b6333aa3ced: shutdown LeaderElection
2019-10-23 22:22:06,983 [aed1b97f-105e-4684-b087-4b6333aa3ced@group-F043E0AED0ED-LeaderElection188] INFO  impl.RoleInfo (RoleInfo.java:updateAndGet(143)) - aed1b97f-105e-4684-b087-4b6333aa3ced: start FollowerState
2019-10-23 22:22:07,127 [Thread-1506] INFO  impl.FollowerState (FollowerState.java:run(108)) - aed1b97f-105e-4684-b087-4b6333aa3ced@group-F043E0AED0ED-FollowerState: change to CANDIDATE, lastRpcTime:144ms, electionTimeout:144ms
2019-10-23 22:22:07,129 [Thread-1506] INFO  impl.RoleInfo (RoleInfo.java:shutdownFollowerState(121)) - aed1b97f-105e-4684-b087-4b6333aa3ced: shutdown FollowerState
2019-10-23 22:22:07,129 [Thread-1506] INFO  impl.RaftServerImpl (RaftServerImpl.java:setRole(184)) - aed1b97f-105e-4684-b087-4b6333aa3ced@group-F043E0AED0ED: changes role from  FOLLOWER to CANDIDATE at term 211 for changeToCandidate
2019-10-23 22:22:07,130 [Thread-1506] INFO  impl.RoleInfo (RoleInfo.java:updateAndGet(143)) - aed1b97f-105e-4684-b087-4b6333aa3ced: start LeaderElection
2019-10-23 22:22:07,145 [aed1b97f-105e-4684-b087-4b6333aa3ced@group-F043E0AED0ED-LeaderElection189] INFO  impl.LeaderElection (LeaderElection.java:askForVotes(178)) - aed1b97f-105e-4684-b087-4b6333aa3ced@group-F043E0AED0ED-LeaderElection189: begin an election at term 212 for -1: [aed1b97f-105e-4684-b087-4b6333aa3ced:192.168.157.195:34943, 1c51b35f-55cb-4636-a00c-83d34bf2d9d4:192.168.157.195:34693, d21ee1f1-33f6-483c-a18b-27782ce1915a:192.168.157.195:46462], old=null
2019-10-23 22:22:07,147 [grpc-default-executor-4] INFO  impl.RaftServerImpl (RaftServerImpl.java:setRole(184)) - 1c51b35f-55cb-4636-a00c-83d34bf2d9d4@group-F043E0AED0ED: changes role from  FOLLOWER to FOLLOWER at term 212 for recognizeCandidate:aed1b97f-105e-4684-b087-4b6333aa3ced
2019-10-23 22:22:07,148 [grpc-default-executor-4] INFO  impl.RoleInfo (RoleInfo.java:shutdownFollowerState(121)) - 1c51b35f-55cb-4636-a00c-83d34bf2d9d4: shutdown FollowerState
2019-10-23 22:22:07,148 [grpc-default-executor-4] INFO  impl.RoleInfo (RoleInfo.java:updateAndGet(143)) - 1c51b35f-55cb-4636-a00c-83d34bf2d9d4: start FollowerState
2019-10-23 22:22:07,148 [grpc-default-executor-0] INFO  impl.RaftServerImpl (RaftServerImpl.java:setRole(184)) - d21ee1f1-33f6-483c-a18b-27782ce1915a@group-F043E0AED0ED: changes role from  FOLLOWER to FOLLOWER at term 212 for recognizeCandidate:aed1b97f-105e-4684-b087-4b6333aa3ced
2019-10-23 22:22:07,148 [grpc-default-executor-0] INFO  impl.RoleInfo (RoleInfo.java:shutdownFollowerState(121)) - d21ee1f1-33f6-483c-a18b-27782ce1915a: shutdown FollowerState
2019-10-23 22:22:07,148 [Thread-1504] INFO  impl.FollowerState (FollowerState.java:run(117)) - 1c51b35f-55cb-4636-a00c-83d34bf2d9d4@group-F043E0AED0ED-FollowerState was interrupted: java.lang.InterruptedException: sleep interrupted
2019-10-23 22:22:07,148 [grpc-default-executor-0] INFO  impl.RoleInfo (RoleInfo.java:updateAndGet(143)) - d21ee1f1-33f6-483c-a18b-27782ce1915a: start FollowerState
2019-10-23 22:22:07,148 [Thread-1505] INFO  impl.FollowerState (FollowerState.java:run(117)) - d21ee1f1-33f6-483c-a18b-27782ce1915a@group-F043E0AED0ED-FollowerState was interrupted: java.lang.InterruptedException: sleep interrupted
2019-10-23 22:22:07,163 [aed1b97f-105e-4684-b087-4b6333aa3ced@group-F043E0AED0ED-LeaderElection189] INFO  impl.LeaderElection (LeaderElection.java:logAndReturn(56)) - aed1b97f-105e-4684-b087-4b6333aa3ced@group-F043E0AED0ED-LeaderElection189: Election REJECTED; received 2 response(s) [aed1b97f-105e-4684-b087-4b6333aa3ced<-1c51b35f-55cb-4636-a00c-83d34bf2d9d4#0:FAIL-t212, aed1b97f-105e-4684-b087-4b6333aa3ced<-d21ee1f1-33f6-483c-a18b-27782ce1915a#0:FAIL-t212] and 0 exception(s); aed1b97f-105e-4684-b087-4b6333aa3ced@group-F043E0AED0ED:t212, leader=null, voted=aed1b97f-105e-4684-b087-4b6333aa3ced, raftlog=aed1b97f-105e-4684-b087-4b6333aa3ced@group-F043E0AED0ED-SegmentedRaftLog:OPENED:c-1,f-1,i0, conf=-1: [aed1b97f-105e-4684-b087-4b6333aa3ced:192.168.157.195:34943, 1c51b35f-55cb-4636-a00c-83d34bf2d9d4:192.168.157.195:34693, d21ee1f1-33f6-483c-a18b-27782ce1915a:192.168.157.195:46462], old=null
2019-10-23 22:22:07,163 [aed1b97f-105e-4684-b087-4b6333aa3ced@group-F043E0AED0ED-LeaderElection189] INFO  impl.RaftServerImpl (RaftServerImpl.java:setRole(184)) - aed1b97f-105e-4684-b087-4b6333aa3ced@group-F043E0AED0ED: changes role from CANDIDATE to FOLLOWER at term 212 for DISCOVERED_A_NEW_TERM
2019-10-23 22:22:07,163 [aed1b97f-105e-4684-b087-4b6333aa3ced@group-F043E0AED0ED-LeaderElection189] INFO  impl.RoleInfo (RoleInfo.java:shutdownLeaderElection(134)) - aed1b97f-105e-4684-b087-4b6333aa3ced: shutdown LeaderElection
2019-10-23 22:22:07,163 [aed1b97f-105e-4684-b087-4b6333aa3ced@group-F043E0AED0ED-LeaderElection189] INFO  impl.RoleInfo (RoleInfo.java:updateAndGet(143)) - aed1b97f-105e-4684-b087-4b6333aa3ced: start FollowerState
2019-10-23 22:22:07,337 [Thread-1514] INFO  impl.FollowerState (FollowerState.java:run(108)) - aed1b97f-105e-4684-b087-4b6333aa3ced@group-F043E0AED0ED-FollowerState: change to CANDIDATE, lastRpcTime:173ms, electionTimeout:173ms
2019-10-23 22:22:07,340 [Thread-1514] INFO  impl.RoleInfo (RoleInfo.java:shutdownFollowerState(121)) - aed1b97f-105e-4684-b087-4b6333aa3ced: shutdown FollowerState
2019-10-23 22:22:07,341 [Thread-1514] INFO  impl.RaftServerImpl (RaftServerImpl.java:setRole(184)) - aed1b97f-105e-4684-b087-4b6333aa3ced@group-F043E0AED0ED: changes role from  FOLLOWER to CANDIDATE at term 212 for changeToCandidate
2019-10-23 22:22:07,341 [Thread-1514] INFO  impl.RoleInfo (RoleInfo.java:updateAndGet(143)) - aed1b97f-105e-4684-b087-4b6333aa3ced: start LeaderElection
2019-10-23 22:22:07,357 [aed1b97f-105e-4684-b087-4b6333aa3ced@group-F043E0AED0ED-LeaderElection190] INFO  impl.LeaderElection (LeaderElection.java:askForVotes(178)) - aed1b97f-105e-4684-b087-4b6333aa3ced@group-F043E0AED0ED-LeaderElection190: begin an election at term 213 for -1: [aed1b97f-105e-4684-b087-4b6333aa3ced:192.168.157.195:34943, 1c51b35f-55cb-4636-a00c-83d34bf2d9d4:192.168.157.195:34693, d21ee1f1-33f6-483c-a18b-27782ce1915a:192.168.157.195:46462], old=null
2019-10-23 22:22:07,368 [grpc-default-executor-4] INFO  impl.RaftServerImpl (RaftServerImpl.java:setRole(184)) - 1c51b35f-55cb-4636-a00c-83d34bf2d9d4@group-F043E0AED0ED: changes role from  FOLLOWER to FOLLOWER at term 213 for recognizeCandidate:aed1b97f-105e-4684-b087-4b6333aa3ced
2019-10-23 22:22:07,368 [grpc-default-executor-0] INFO  impl.RaftServerImpl (RaftServerImpl.java:setRole(184)) - d21ee1f1-33f6-483c-a18b-27782ce1915a@group-F043E0AED0ED: changes role from  FOLLOWER to FOLLOWER at term 213 for recognizeCandidate:aed1b97f-105e-4684-b087-4b6333aa3ced
2019-10-23 22:22:07,368 [grpc-default-executor-4] INFO  impl.RoleInfo (RoleInfo.java:shutdownFollowerState(121)) - 1c51b35f-55cb-4636-a00c-83d34bf2d9d4: shutdown FollowerState
2019-10-23 22:22:07,369 [grpc-default-executor-0] INFO  impl.RoleInfo (RoleInfo.java:shutdownFollowerState(121)) - d21ee1f1-33f6-483c-a18b-27782ce1915a: shutdown FollowerState
2019-10-23 22:22:07,369 [grpc-default-executor-4] INFO  impl.RoleInfo (RoleInfo.java:updateAndGet(143)) - 1c51b35f-55cb-4636-a00c-83d34bf2d9d4: start FollowerState
2019-10-23 22:22:07,369 [grpc-default-executor-0] INFO  impl.RoleInfo (RoleInfo.java:updateAndGet(143)) - d21ee1f1-33f6-483c-a18b-27782ce1915a: start FollowerState
2019-10-23 22:22:07,369 [Thread-1512] INFO  impl.FollowerState (FollowerState.java:run(117)) - 1c51b35f-55cb-4636-a00c-83d34bf2d9d4@group-F043E0AED0ED-FollowerState was interrupted: java.lang.InterruptedException: sleep interrupted
2019-10-23 22:22:07,369 [Thread-1513] INFO  impl.FollowerState (FollowerState.java:run(117)) - d21ee1f1-33f6-483c-a18b-27782ce1915a@group-F043E0AED0ED-FollowerState was interrupted: java.lang.InterruptedException: sleep interrupted
2019-10-23 22:22:07,385 [aed1b97f-105e-4684-b087-4b6333aa3ced@group-F043E0AED0ED-LeaderElection190] INFO  impl.LeaderElection (LeaderElection.java:logAndReturn(56)) - aed1b97f-105e-4684-b087-4b6333aa3ced@group-F043E0AED0ED-LeaderElection190: Election REJECTED; received 2 response(s) [aed1b97f-105e-4684-b087-4b6333aa3ced<-1c51b35f-55cb-4636-a00c-83d34bf2d9d4#0:FAIL-t213, aed1b97f-105e-4684-b087-4b6333aa3ced<-d21ee1f1-33f6-483c-a18b-27782ce1915a#0:FAIL-t213] and 0 exception(s); aed1b97f-105e-4684-b087-4b6333aa3ced@group-F043E0AED0ED:t213, leader=null, voted=aed1b97f-105e-4684-b087-4b6333aa3ced, raftlog=aed1b97f-105e-4684-b087-4b6333aa3ced@group-F043E0AED0ED-SegmentedRaftLog:OPENED:c-1,f-1,i0, conf=-1: [aed1b97f-105e-4684-b087-4b6333aa3ced:192.168.157.195:34943, 1c51b35f-55cb-4636-a00c-83d34bf2d9d4:192.168.157.195:34693, d21ee1f1-33f6-483c-a18b-27782ce1915a:192.168.157.195:46462], old=null
2019-10-23 22:22:07,385 [aed1b97f-105e-4684-b087-4b6333aa3ced@group-F043E0AED0ED-LeaderElection190] INFO  impl.RaftServerImpl (RaftServerImpl.java:setRole(184)) - aed1b97f-105e-4684-b087-4b6333aa3ced@group-F043E0AED0ED: changes role from CANDIDATE to FOLLOWER at term 213 for DISCOVERED_A_NEW_TERM
2019-10-23 22:22:07,385 [aed1b97f-105e-4684-b087-4b6333aa3ced@group-F043E0AED0ED-LeaderElection190] INFO  impl.RoleInfo (RoleInfo.java:shutdownLeaderElection(134)) - aed1b97f-105e-4684-b087-4b6333aa3ced: shutdown LeaderElection
2019-10-23 22:22:07,386 [aed1b97f-105e-4684-b087-4b6333aa3ced@group-F043E0AED0ED-LeaderElection190] INFO  impl.RoleInfo (RoleInfo.java:updateAndGet(143)) - aed1b97f-105e-4684-b087-4b6333aa3ced: start FollowerState
2019-10-23 22:22:07,465 [Thread-1520] INFO  impl.FollowerState (FollowerState.java:run(108)) - aed1b97f-105e-4684-b087-4b6333aa3ced@group-F043E0AED0ED-FollowerState: change to CANDIDATE, lastRpcTime:79ms, electionTimeout:79ms
2019-10-23 22:22:07,465 [Thread-1520] INFO  impl.RoleInfo (RoleInfo.java:shutdownFollowerState(121)) - aed1b97f-105e-4684-b087-4b6333aa3ced: shutdown FollowerState
2019-10-23 22:22:07,465 [Thread-1520] INFO  impl.RaftServerImpl (RaftServerImpl.java:setRole(184)) - aed1b97f-105e-4684-b087-4b6333aa3ced@group-F043E0AED0ED: changes role from  FOLLOWER to CANDIDATE at term 213 for changeToCandidate
2019-10-23 22:22:07,466 [Thread-1520] INFO  impl.RoleInfo (RoleInfo.java:updateAndGet(143)) - aed1b97f-105e-4684-b087-4b6333aa3ced: start LeaderElection
2019-10-23 22:22:07,479 [aed1b97f-105e-4684-b087-4b6333aa3ced@group-F043E0AED0ED-LeaderElection191] INFO  impl.LeaderElection (LeaderElection.java:askForVotes(178)) - aed1b97f-105e-4684-b087-4b6333aa3ced@group-F043E0AED0ED-LeaderElection191: begin an election at term 214 for -1: [aed1b97f-105e-4684-b087-4b6333aa3ced:192.168.157.195:34943, 1c51b35f-55cb-4636-a00c-83d34bf2d9d4:192.168.157.195:34693, d21ee1f1-33f6-483c-a18b-27782ce1915a:192.168.157.195:46462], old=null
2019-10-23 22:22:07,481 [grpc-default-executor-4] INFO  impl.RaftServerImpl (RaftServerImpl.java:setRole(184)) - 1c51b35f-55cb-4636-a00c-83d34bf2d9d4@group-F043E0AED0ED: changes role from  FOLLOWER to FOLLOWER at term 214 for recognizeCandidate:aed1b97f-105e-4684-b087-4b6333aa3ced
2019-10-23 22:22:07,481 [grpc-default-executor-0] INFO  impl.RaftServerImpl (RaftServerImpl.java:setRole(184)) - d21ee1f1-33f6-483c-a18b-27782ce1915a@group-F043E0AED0ED: changes role from  FOLLOWER to FOLLOWER at term 214 for recognizeCandidate:aed1b97f-105e-4684-b087-4b6333aa3ced
2019-10-23 22:22:07,482 [grpc-default-executor-4] INFO  impl.RoleInfo (RoleInfo.java:shutdownFollowerState(121)) - 1c51b35f-55cb-4636-a00c-83d34bf2d9d4: shutdown FollowerState
2019-10-23 22:22:07,482 [grpc-default-executor-0] INFO  impl.RoleInfo (RoleInfo.java:shutdownFollowerState(121)) - d21ee1f1-33f6-483c-a18b-27782ce1915a: shutdown FollowerState
2019-10-23 22:22:07,482 [Thread-1518] INFO  impl.FollowerState (FollowerState.java:run(117)) - 1c51b35f-55cb-4636-a00c-83d34bf2d9d4@group-F043E0AED0ED-FollowerState was interrupted: java.lang.InterruptedException: sleep interrupted
2019-10-23 22:22:07,482 [grpc-default-executor-4] INFO  impl.RoleInfo (RoleInfo.java:updateAndGet(143)) - 1c51b35f-55cb-4636-a00c-83d34bf2d9d4: start FollowerState
2019-10-23 22:22:07,482 [Thread-1519] INFO  impl.FollowerState (FollowerState.java:run(117)) - d21ee1f1-33f6-483c-a18b-27782ce1915a@group-F043E0AED0ED-FollowerState was interrupted: java.lang.InterruptedException: sleep interrupted
2019-10-23 22:22:07,482 [grpc-default-executor-0] INFO  impl.RoleInfo (RoleInfo.java:updateAndGet(143)) - d21ee1f1-33f6-483c-a18b-27782ce1915a: start FollowerState
2019-10-23 22:22:07,500 [aed1b97f-105e-4684-b087-4b6333aa3ced@group-F043E0AED0ED-LeaderElection191] INFO  impl.LeaderElection (LeaderElection.java:logAndReturn(56)) - aed1b97f-105e-4684-b087-4b6333aa3ced@group-F043E0AED0ED-LeaderElection191: Election REJECTED; received 2 response(s) [aed1b97f-105e-4684-b087-4b6333aa3ced<-1c51b35f-55cb-4636-a00c-83d34bf2d9d4#0:FAIL-t214, aed1b97f-105e-4684-b087-4b6333aa3ced<-d21ee1f1-33f6-483c-a18b-27782ce1915a#0:FAIL-t214] and 0 exception(s); aed1b97f-105e-4684-b087-4b6333aa3ced@group-F043E0AED0ED:t214, leader=null, voted=aed1b97f-105e-4684-b087-4b6333aa3ced, raftlog=aed1b97f-105e-4684-b087-4b6333aa3ced@group-F043E0AED0ED-SegmentedRaftLog:OPENED:c-1,f-1,i0, conf=-1: [aed1b97f-105e-4684-b087-4b6333aa3ced:192.168.157.195:34943, 1c51b35f-55cb-4636-a00c-83d34bf2d9d4:192.168.157.195:34693, d21ee1f1-33f6-483c-a18b-27782ce1915a:192.168.157.195:46462], old=null
2019-10-23 22:22:07,500 [aed1b97f-105e-4684-b087-4b6333aa3ced@group-F043E0AED0ED-LeaderElection191] INFO  impl.RaftServerImpl (RaftServerImpl.java:setRole(184)) - aed1b97f-105e-4684-b087-4b6333aa3ced@group-F043E0AED0ED: changes role from CANDIDATE to FOLLOWER at term 214 for DISCOVERED_A_NEW_TERM
2019-10-23 22:22:07,500 [aed1b97f-105e-4684-b087-4b6333aa3ced@group-F043E0AED0ED-LeaderElection191] INFO  impl.RoleInfo (RoleInfo.java:shutdownLeaderElection(134)) - aed1b97f-105e-4684-b087-4b6333aa3ced: shutdown LeaderElection
2019-10-23 22:22:07,500 [aed1b97f-105e-4684-b087-4b6333aa3ced@group-F043E0AED0ED-LeaderElection191] INFO  impl.RoleInfo (RoleInfo.java:updateAndGet(143)) - aed1b97f-105e-4684-b087-4b6333aa3ced: start FollowerState
2019-10-23 22:22:07,646 [Thread-1526] INFO  impl.FollowerState (FollowerState.java:run(108)) - aed1b97f-105e-4684-b087-4b6333aa3ced@group-F043E0AED0ED-FollowerState: change to CANDIDATE, lastRpcTime:146ms, electionTimeout:146ms
2019-10-23 22:22:07,647 [Thread-1526] INFO  impl.RoleInfo (RoleInfo.java:shutdownFollowerState(121)) - aed1b97f-105e-4684-b087-4b6333aa3ced: shutdown FollowerState
2019-10-23 22:22:07,647 [Thread-1526] INFO  impl.RaftServerImpl (RaftServerImpl.java:setRole(184)) - aed1b97f-105e-4684-b087-4b6333aa3ced@group-F043E0AED0ED: changes role from  FOLLOWER to CANDIDATE at term 214 for changeToCandidate
2019-10-23 22:22:07,647 [Thread-1526] INFO  impl.RoleInfo (RoleInfo.java:updateAndGet(143)) - aed1b97f-105e-4684-b087-4b6333aa3ced: start LeaderElection
2019-10-23 22:22:07,660 [aed1b97f-105e-4684-b087-4b6333aa3ced@group-F043E0AED0ED-LeaderElection192] INFO  impl.LeaderElection (LeaderElection.java:askForVotes(178)) - aed1b97f-105e-4684-b087-4b6333aa3ced@group-F043E0AED0ED-LeaderElection192: begin an election at term 215 for -1: [aed1b97f-105e-4684-b087-4b6333aa3ced:192.168.157.195:34943, 1c51b35f-55cb-4636-a00c-83d34bf2d9d4:192.168.157.195:34693, d21ee1f1-33f6-483c-a18b-27782ce1915a:192.168.157.195:46462], old=null
2019-10-23 22:22:07,663 [grpc-default-executor-4] INFO  impl.RaftServerImpl (RaftServerImpl.java:setRole(184)) - 1c51b35f-55cb-4636-a00c-83d34bf2d9d4@group-F043E0AED0ED: changes role from  FOLLOWER to FOLLOWER at term 215 for recognizeCandidate:aed1b97f-105e-4684-b087-4b6333aa3ced
2019-10-23 22:22:07,663 [grpc-default-executor-4] INFO  impl.RoleInfo (RoleInfo.java:shutdownFollowerState(121)) - 1c51b35f-55cb-4636-a00c-83d34bf2d9d4: shutdown FollowerState
2019-10-23 22:22:07,663 [grpc-default-executor-0] INFO  impl.RaftServerImpl (RaftServerImpl.java:setRole(184)) - d21ee1f1-33f6-483c-a18b-27782ce1915a@group-F043E0AED0ED: changes role from  FOLLOWER to FOLLOWER at term 215 for recognizeCandidate:aed1b97f-105e-4684-b087-4b6333aa3ced
2019-10-23 22:22:07,664 [Thread-1524] INFO  impl.FollowerState (FollowerState.java:run(117)) - 1c51b35f-55cb-4636-a00c-83d34bf2d9d4@group-F043E0AED0ED-FollowerState was interrupted: java.lang.InterruptedException: sleep interrupted
2019-10-23 22:22:07,663 [grpc-default-executor-4] INFO  impl.RoleInfo (RoleInfo.java:updateAndGet(143)) - 1c51b35f-55cb-4636-a00c-83d34bf2d9d4: start FollowerState
2019-10-23 22:22:07,664 [grpc-default-executor-0] INFO  impl.RoleInfo (RoleInfo.java:shutdownFollowerState(121)) - d21ee1f1-33f6-483c-a18b-27782ce1915a: shutdown FollowerState
2019-10-23 22:22:07,664 [grpc-default-executor-0] INFO  impl.RoleInfo (RoleInfo.java:updateAndGet(143)) - d21ee1f1-33f6-483c-a18b-27782ce1915a: start FollowerState
2019-10-23 22:22:07,664 [Thread-1525] INFO  impl.FollowerState (FollowerState.java:run(117)) - d21ee1f1-33f6-483c-a18b-27782ce1915a@group-F043E0AED0ED-FollowerState was interrupted: java.lang.InterruptedException: sleep interrupted
2019-10-23 22:22:07,679 [aed1b97f-105e-4684-b087-4b6333aa3ced@group-F043E0AED0ED-LeaderElection192] INFO  impl.LeaderElection (LeaderElection.java:logAndReturn(56)) - aed1b97f-105e-4684-b087-4b6333aa3ced@group-F043E0AED0ED-LeaderElection192: Election REJECTED; received 2 response(s) [aed1b97f-105e-4684-b087-4b6333aa3ced<-1c51b35f-55cb-4636-a00c-83d34bf2d9d4#0:FAIL-t215, aed1b97f-105e-4684-b087-4b6333aa3ced<-d21ee1f1-33f6-483c-a18b-27782ce1915a#0:FAIL-t215] and 0 exception(s); aed1b97f-105e-4684-b087-4b6333aa3ced@group-F043E0AED0ED:t215, leader=null, voted=aed1b97f-105e-4684-b087-4b6333aa3ced, raftlog=aed1b97f-105e-4684-b087-4b6333aa3ced@group-F043E0AED0ED-SegmentedRaftLog:OPENED:c-1,f-1,i0, conf=-1: [aed1b97f-105e-4684-b087-4b6333aa3ced:192.168.157.195:34943, 1c51b35f-55cb-4636-a00c-83d34bf2d9d4:192.168.157.195:34693, d21ee1f1-33f6-483c-a18b-27782ce1915a:192.168.157.195:46462], old=null
2019-10-23 22:22:07,679 [aed1b97f-105e-4684-b087-4b6333aa3ced@group-F043E0AED0ED-LeaderElection192] INFO  impl.RaftServerImpl (RaftServerImpl.java:setRole(184)) - aed1b97f-105e-4684-b087-4b6333aa3ced@group-F043E0AED0ED: changes role from CANDIDATE to FOLLOWER at term 215 for DISCOVERED_A_NEW_TERM
2019-10-23 22:22:07,679 [aed1b97f-105e-4684-b087-4b6333aa3ced@group-F043E0AED0ED-LeaderElection192] INFO  impl.RoleInfo (RoleInfo.java:shutdownLeaderElection(134)) - aed1b97f-105e-4684-b087-4b6333aa3ced: shutdown LeaderElection
2019-10-23 22:22:07,679 [aed1b97f-105e-4684-b087-4b6333aa3ced@group-F043E0AED0ED-LeaderElection192] INFO  impl.RoleInfo (RoleInfo.java:updateAndGet(143)) - aed1b97f-105e-4684-b087-4b6333aa3ced: start FollowerState
2019-10-23 22:22:07,722 [Thread-1532] INFO  impl.FollowerState (FollowerState.java:run(108)) - aed1b97f-105e-4684-b087-4b6333aa3ced@group-F043E0AED0ED-FollowerState: change to CANDIDATE, lastRpcTime:42ms, electionTimeout:42ms
2019-10-23 22:22:07,722 [Thread-1532] INFO  impl.RoleInfo (RoleInfo.java:shutdownFollowerState(121)) - aed1b97f-105e-4684-b087-4b6333aa3ced: shutdown FollowerState
2019-10-23 22:22:07,722 [Thread-1532] INFO  impl.RaftServerImpl (RaftServerImpl.java:setRole(184)) - aed1b97f-105e-4684-b087-4b6333aa3ced@group-F043E0AED0ED: changes role from  FOLLOWER to CANDIDATE at term 215 for changeToCandidate
2019-10-23 22:22:07,722 [Thread-1532] INFO  impl.RoleInfo (RoleInfo.java:updateAndGet(143)) - aed1b97f-105e-4684-b087-4b6333aa3ced: start LeaderElection
2019-10-23 22:22:07,735 [aed1b97f-105e-4684-b087-4b6333aa3ced@group-F043E0AED0ED-LeaderElection193] INFO  impl.LeaderElection (LeaderElection.java:askForVotes(178)) - aed1b97f-105e-4684-b087-4b6333aa3ced@group-F043E0AED0ED-LeaderElection193: begin an election at term 216 for -1: [aed1b97f-105e-4684-b087-4b6333aa3ced:192.168.157.195:34943, 1c51b35f-55cb-4636-a00c-83d34bf2d9d4:192.168.157.195:34693, d21ee1f1-33f6-483c-a18b-27782ce1915a:192.168.157.195:46462], old=null
2019-10-23 22:22:07,737 [grpc-default-executor-0] INFO  impl.RaftServerImpl (RaftServerImpl.java:setRole(184)) - 1c51b35f-55cb-4636-a00c-83d34bf2d9d4@group-F043E0AED0ED: changes role from  FOLLOWER to FOLLOWER at term 216 for recognizeCandidate:aed1b97f-105e-4684-b087-4b6333aa3ced
2019-10-23 22:22:07,737 [grpc-default-executor-0] INFO  impl.RoleInfo (RoleInfo.java:shutdownFollowerState(121)) - 1c51b35f-55cb-4636-a00c-83d34bf2d9d4: shutdown FollowerState
2019-10-23 22:22:07,738 [grpc-default-executor-0] INFO  impl.RoleInfo (RoleInfo.java:updateAndGet(143)) - 1c51b35f-55cb-4636-a00c-83d34bf2d9d4: start FollowerState
2019-10-23 22:22:07,738 [grpc-default-executor-4] INFO  impl.RaftServerImpl (RaftServerImpl.java:setRole(184)) - d21ee1f1-33f6-483c-a18b-27782ce1915a@group-F043E0AED0ED: changes role from  FOLLOWER to FOLLOWER at term 216 for recognizeCandidate:aed1b97f-105e-4684-b087-4b6333aa3ced
2019-10-23 22:22:07,738 [grpc-default-executor-4] INFO  impl.RoleInfo (RoleInfo.java:shutdownFollowerState(121)) - d21ee1f1-33f6-483c-a18b-27782ce1915a: shutdown FollowerState
2019-10-23 22:22:07,738 [Thread-1530] INFO  impl.FollowerState (FollowerState.java:run(117)) - 1c51b35f-55cb-4636-a00c-83d34bf2d9d4@group-F043E0AED0ED-FollowerState was interrupted: java.lang.InterruptedException: sleep interrupted
2019-10-23 22:22:07,738 [grpc-default-executor-4] INFO  impl.RoleInfo (RoleInfo.java:updateAndGet(143)) - d21ee1f1-33f6-483c-a18b-27782ce1915a: start FollowerState
2019-10-23 22:22:07,738 [Thread-1531] INFO  impl.FollowerState (FollowerState.java:run(117)) - d21ee1f1-33f6-483c-a18b-27782ce1915a@group-F043E0AED0ED-FollowerState was interrupted: java.lang.InterruptedException: sleep interrupted
2019-10-23 22:22:07,764 [aed1b97f-105e-4684-b087-4b6333aa3ced@group-F043E0AED0ED-LeaderElection193] INFO  impl.LeaderElection (LeaderElection.java:logAndReturn(56)) - aed1b97f-105e-4684-b087-4b6333aa3ced@group-F043E0AED0ED-LeaderElection193: Election REJECTED; received 2 response(s) [aed1b97f-105e-4684-b087-4b6333aa3ced<-1c51b35f-55cb-4636-a00c-83d34bf2d9d4#0:FAIL-t216, aed1b97f-105e-4684-b087-4b6333aa3ced<-d21ee1f1-33f6-483c-a18b-27782ce1915a#0:FAIL-t216] and 0 exception(s); aed1b97f-105e-4684-b087-4b6333aa3ced@group-F043E0AED0ED:t216, leader=null, voted=aed1b97f-105e-4684-b087-4b6333aa3ced, raftlog=aed1b97f-105e-4684-b087-4b6333aa3ced@group-F043E0AED0ED-SegmentedRaftLog:OPENED:c-1,f-1,i0, conf=-1: [aed1b97f-105e-4684-b087-4b6333aa3ced:192.168.157.195:34943, 1c51b35f-55cb-4636-a00c-83d34bf2d9d4:192.168.157.195:34693, d21ee1f1-33f6-483c-a18b-27782ce1915a:192.168.157.195:46462], old=null
2019-10-23 22:22:07,765 [aed1b97f-105e-4684-b087-4b6333aa3ced@group-F043E0AED0ED-LeaderElection193] INFO  impl.RaftServerImpl (RaftServerImpl.java:setRole(184)) - aed1b97f-105e-4684-b087-4b6333aa3ced@group-F043E0AED0ED: changes role from CANDIDATE to FOLLOWER at term 216 for DISCOVERED_A_NEW_TERM
2019-10-23 22:22:07,765 [aed1b97f-105e-4684-b087-4b6333aa3ced@group-F043E0AED0ED-LeaderElection193] INFO  impl.RoleInfo (RoleInfo.java:shutdownLeaderElection(134)) - aed1b97f-105e-4684-b087-4b6333aa3ced: shutdown LeaderElection
2019-10-23 22:22:07,765 [aed1b97f-105e-4684-b087-4b6333aa3ced@group-F043E0AED0ED-LeaderElection193] INFO  impl.RoleInfo (RoleInfo.java:updateAndGet(143)) - aed1b97f-105e-4684-b087-4b6333aa3ced: start FollowerState
2019-10-23 22:22:07,942 [Thread-1538] INFO  impl.FollowerState (FollowerState.java:run(108)) - aed1b97f-105e-4684-b087-4b6333aa3ced@group-F043E0AED0ED-FollowerState: change to CANDIDATE, lastRpcTime:177ms, electionTimeout:177ms
2019-10-23 22:22:07,942 [Thread-1538] INFO  impl.RoleInfo (RoleInfo.java:shutdownFollowerState(121)) - aed1b97f-105e-4684-b087-4b6333aa3ced: shutdown FollowerState
2019-10-23 22:22:07,942 [Thread-1538] INFO  impl.RaftServerImpl (RaftServerImpl.java:setRole(184)) - aed1b97f-105e-4684-b087-4b6333aa3ced@group-F043E0AED0ED: changes role from  FOLLOWER to CANDIDATE at term 216 for changeToCandidate
2019-10-23 22:22:07,943 [Thread-1538] INFO  impl.RoleInfo (RoleInfo.java:updateAndGet(143)) - aed1b97f-105e-4684-b087-4b6333aa3ced: start LeaderElection
2019-10-23 22:22:07,957 [aed1b97f-105e-4684-b087-4b6333aa3ced@group-F043E0AED0ED-LeaderElection194] INFO  impl.LeaderElection (LeaderElection.java:askForVotes(178)) - aed1b97f-105e-4684-b087-4b6333aa3ced@group-F043E0AED0ED-LeaderElection194: begin an election at term 217 for -1: [aed1b97f-105e-4684-b087-4b6333aa3ced:192.168.157.195:34943, 1c51b35f-55cb-4636-a00c-83d34bf2d9d4:192.168.157.195:34693, d21ee1f1-33f6-483c-a18b-27782ce1915a:192.168.157.195:46462], old=null
2019-10-23 22:22:07,959 [grpc-default-executor-0] INFO  impl.RaftServerImpl (RaftServerImpl.java:setRole(184)) - 1c51b35f-55cb-4636-a00c-83d34bf2d9d4@group-F043E0AED0ED: changes role from  FOLLOWER to FOLLOWER at term 217 for recognizeCandidate:aed1b97f-105e-4684-b087-4b6333aa3ced
2019-10-23 22:22:07,959 [grpc-default-executor-4] INFO  impl.RaftServerImpl (RaftServerImpl.java:setRole(184)) - d21ee1f1-33f6-483c-a18b-27782ce1915a@group-F043E0AED0ED: changes role from  FOLLOWER to FOLLOWER at term 217 for recognizeCandidate:aed1b97f-105e-4684-b087-4b6333aa3ced
2019-10-23 22:22:07,959 [grpc-default-executor-0] INFO  impl.RoleInfo (RoleInfo.java:shutdownFollowerState(121)) - 1c51b35f-55cb-4636-a00c-83d34bf2d9d4: shutdown FollowerState
2019-10-23 22:22:07,959 [grpc-default-executor-4] INFO  impl.RoleInfo (RoleInfo.java:shutdownFollowerState(121)) - d21ee1f1-33f6-483c-a18b-27782ce1915a: shutdown FollowerState
2019-10-23 22:22:07,959 [grpc-default-executor-0] INFO  impl.RoleInfo (RoleInfo.java:updateAndGet(143)) - 1c51b35f-55cb-4636-a00c-83d34bf2d9d4: start FollowerState
2019-10-23 22:22:07,959 [grpc-default-executor-4] INFO  impl.RoleInfo (RoleInfo.java:updateAndGet(143)) - d21ee1f1-33f6-483c-a18b-27782ce1915a: start FollowerState
2019-10-23 22:22:07,959 [Thread-1536] INFO  impl.FollowerState (FollowerState.java:run(117)) - 1c51b35f-55cb-4636-a00c-83d34bf2d9d4@group-F043E0AED0ED-FollowerState was interrupted: java.lang.InterruptedException: sleep interrupted
2019-10-23 22:22:07,959 [Thread-1537] INFO  impl.FollowerState (FollowerState.java:run(117)) - d21ee1f1-33f6-483c-a18b-27782ce1915a@group-F043E0AED0ED-FollowerState was interrupted: java.lang.InterruptedException: sleep interrupted
2019-10-23 22:22:07,975 [aed1b97f-105e-4684-b087-4b6333aa3ced@group-F043E0AED0ED-LeaderElection194] INFO  impl.LeaderElection (LeaderElection.java:logAndReturn(56)) - aed1b97f-105e-4684-b087-4b6333aa3ced@group-F043E0AED0ED-LeaderElection194: Election REJECTED; received 2 response(s) [aed1b97f-105e-4684-b087-4b6333aa3ced<-1c51b35f-55cb-4636-a00c-83d34bf2d9d4#0:FAIL-t217, aed1b97f-105e-4684-b087-4b6333aa3ced<-d21ee1f1-33f6-483c-a18b-27782ce1915a#0:FAIL-t217] and 0 exception(s); aed1b97f-105e-4684-b087-4b6333aa3ced@group-F043E0AED0ED:t217, leader=null, voted=aed1b97f-105e-4684-b087-4b6333aa3ced, raftlog=aed1b97f-105e-4684-b087-4b6333aa3ced@group-F043E0AED0ED-SegmentedRaftLog:OPENED:c-1,f-1,i0, conf=-1: [aed1b97f-105e-4684-b087-4b6333aa3ced:192.168.157.195:34943, 1c51b35f-55cb-4636-a00c-83d34bf2d9d4:192.168.157.195:34693, d21ee1f1-33f6-483c-a18b-27782ce1915a:192.168.157.195:46462], old=null
2019-10-23 22:22:07,976 [aed1b97f-105e-4684-b087-4b6333aa3ced@group-F043E0AED0ED-LeaderElection194] INFO  impl.RaftServerImpl (RaftServerImpl.java:setRole(184)) - aed1b97f-105e-4684-b087-4b6333aa3ced@group-F043E0AED0ED: changes role from CANDIDATE to FOLLOWER at term 217 for DISCOVERED_A_NEW_TERM
2019-10-23 22:22:07,976 [aed1b97f-105e-4684-b087-4b6333aa3ced@group-F043E0AED0ED-LeaderElection194] INFO  impl.RoleInfo (RoleInfo.java:shutdownLeaderElection(134)) - aed1b97f-105e-4684-b087-4b6333aa3ced: shutdown LeaderElection
2019-10-23 22:22:07,976 [aed1b97f-105e-4684-b087-4b6333aa3ced@group-F043E0AED0ED-LeaderElection194] INFO  impl.RoleInfo (RoleInfo.java:updateAndGet(143)) - aed1b97f-105e-4684-b087-4b6333aa3ced: start FollowerState
2019-10-23 22:22:08,027 [Thread-1544] INFO  impl.FollowerState (FollowerState.java:run(108)) - aed1b97f-105e-4684-b087-4b6333aa3ced@group-F043E0AED0ED-FollowerState: change to CANDIDATE, lastRpcTime:50ms, electionTimeout:50ms
2019-10-23 22:22:08,027 [Thread-1544] INFO  impl.RoleInfo (RoleInfo.java:shutdownFollowerState(121)) - aed1b97f-105e-4684-b087-4b6333aa3ced: shutdown FollowerState
2019-10-23 22:22:08,027 [Thread-1544] INFO  impl.RaftServerImpl (RaftServerImpl.java:setRole(184)) - aed1b97f-105e-4684-b087-4b6333aa3ced@group-F043E0AED0ED: changes role from  FOLLOWER to CANDIDATE at term 217 for changeToCandidate
2019-10-23 22:22:08,027 [Thread-1544] INFO  impl.RoleInfo (RoleInfo.java:updateAndGet(143)) - aed1b97f-105e-4684-b087-4b6333aa3ced: start LeaderElection
2019-10-23 22:22:08,042 [aed1b97f-105e-4684-b087-4b6333aa3ced@group-F043E0AED0ED-LeaderElection195] INFO  impl.LeaderElection (LeaderElection.java:askForVotes(178)) - aed1b97f-105e-4684-b087-4b6333aa3ced@group-F043E0AED0ED-LeaderElection195: begin an election at term 218 for -1: [aed1b97f-105e-4684-b087-4b6333aa3ced:192.168.157.195:34943, 1c51b35f-55cb-4636-a00c-83d34bf2d9d4:192.168.157.195:34693, d21ee1f1-33f6-483c-a18b-27782ce1915a:192.168.157.195:46462], old=null
2019-10-23 22:22:08,044 [grpc-default-executor-0] INFO  impl.RaftServerImpl (RaftServerImpl.java:setRole(184)) - 1c51b35f-55cb-4636-a00c-83d34bf2d9d4@group-F043E0AED0ED: changes role from  FOLLOWER to FOLLOWER at term 218 for recognizeCandidate:aed1b97f-105e-4684-b087-4b6333aa3ced
2019-10-23 22:22:08,044 [grpc-default-executor-4] INFO  impl.RaftServerImpl (RaftServerImpl.java:setRole(184)) - d21ee1f1-33f6-483c-a18b-27782ce1915a@group-F043E0AED0ED: changes role from  FOLLOWER to FOLLOWER at term 218 for recognizeCandidate:aed1b97f-105e-4684-b087-4b6333aa3ced
2019-10-23 22:22:08,044 [grpc-default-executor-4] INFO  impl.RoleInfo (RoleInfo.java:shutdownFollowerState(121)) - d21ee1f1-33f6-483c-a18b-27782ce1915a: shutdown FollowerState
2019-10-23 22:22:08,044 [grpc-default-executor-0] INFO  impl.RoleInfo (RoleInfo.java:shutdownFollowerState(121)) - 1c51b35f-55cb-4636-a00c-83d34bf2d9d4: shutdown FollowerState
2019-10-23 22:22:08,044 [grpc-default-executor-4] INFO  impl.RoleInfo (RoleInfo.java:updateAndGet(143)) - d21ee1f1-33f6-483c-a18b-27782ce1915a: start FollowerState
2019-10-23 22:22:08,044 [grpc-default-executor-0] INFO  impl.RoleInfo (RoleInfo.java:updateAndGet(143)) - 1c51b35f-55cb-4636-a00c-83d34bf2d9d4: start FollowerState
2019-10-23 22:22:08,044 [Thread-1543] INFO  impl.FollowerState (FollowerState.java:run(117)) - d21ee1f1-33f6-483c-a18b-27782ce1915a@group-F043E0AED0ED-FollowerState was interrupted: java.lang.InterruptedException: sleep interrupted
2019-10-23 22:22:08,045 [Thread-1542] INFO  impl.FollowerState (FollowerState.java:run(117)) - 1c51b35f-55cb-4636-a00c-83d34bf2d9d4@group-F043E0AED0ED-FollowerState was interrupted: java.lang.InterruptedException: sleep interrupted
2019-10-23 22:22:08,059 [aed1b97f-105e-4684-b087-4b6333aa3ced@group-F043E0AED0ED-LeaderElection195] INFO  impl.LeaderElection (LeaderElection.java:logAndReturn(56)) - aed1b97f-105e-4684-b087-4b6333aa3ced@group-F043E0AED0ED-LeaderElection195: Election REJECTED; received 2 response(s) [aed1b97f-105e-4684-b087-4b6333aa3ced<-1c51b35f-55cb-4636-a00c-83d34bf2d9d4#0:FAIL-t218, aed1b97f-105e-4684-b087-4b6333aa3ced<-d21ee1f1-33f6-483c-a18b-27782ce1915a#0:FAIL-t218] and 0 exception(s); aed1b97f-105e-4684-b087-4b6333aa3ced@group-F043E0AED0ED:t218, leader=null, voted=aed1b97f-105e-4684-b087-4b6333aa3ced, raftlog=aed1b97f-105e-4684-b087-4b6333aa3ced@group-F043E0AED0ED-SegmentedRaftLog:OPENED:c-1,f-1,i0, conf=-1: [aed1b97f-105e-4684-b087-4b6333aa3ced:192.168.157.195:34943, 1c51b35f-55cb-4636-a00c-83d34bf2d9d4:192.168.157.195:34693, d21ee1f1-33f6-483c-a18b-27782ce1915a:192.168.157.195:46462], old=null
2019-10-23 22:22:08,059 [aed1b97f-105e-4684-b087-4b6333aa3ced@group-F043E0AED0ED-LeaderElection195] INFO  impl.RaftServerImpl (RaftServerImpl.java:setRole(184)) - aed1b97f-105e-4684-b087-4b6333aa3ced@group-F043E0AED0ED: changes role from CANDIDATE to FOLLOWER at term 218 for DISCOVERED_A_NEW_TERM
2019-10-23 22:22:08,059 [aed1b97f-105e-4684-b087-4b6333aa3ced@group-F043E0AED0ED-LeaderElection195] INFO  impl.RoleInfo (RoleInfo.java:shutdownLeaderElection(134)) - aed1b97f-105e-4684-b087-4b6333aa3ced: shutdown LeaderElection
2019-10-23 22:22:08,059 [aed1b97f-105e-4684-b087-4b6333aa3ced@group-F043E0AED0ED-LeaderElection195] INFO  impl.RoleInfo (RoleInfo.java:updateAndGet(143)) - aed1b97f-105e-4684-b087-4b6333aa3ced: start FollowerState
2019-10-23 22:22:08,172 [Thread-1550] INFO  impl.FollowerState (FollowerState.java:run(108)) - aed1b97f-105e-4684-b087-4b6333aa3ced@group-F043E0AED0ED-FollowerState: change to CANDIDATE, lastRpcTime:112ms, electionTimeout:112ms
2019-10-23 22:22:08,172 [Thread-1550] INFO  impl.RoleInfo (RoleInfo.java:shutdownFollowerState(121)) - aed1b97f-105e-4684-b087-4b6333aa3ced: shutdown FollowerState
2019-10-23 22:22:08,172 [Thread-1550] INFO  impl.RaftServerImpl (RaftServerImpl.java:setRole(184)) - aed1b97f-105e-4684-b087-4b6333aa3ced@group-F043E0AED0ED: changes role from  FOLLOWER to CANDIDATE at term 218 for changeToCandidate
2019-10-23 22:22:08,172 [Thread-1550] INFO  impl.RoleInfo (RoleInfo.java:updateAndGet(143)) - aed1b97f-105e-4684-b087-4b6333aa3ced: start LeaderElection
2019-10-23 22:22:08,198 [aed1b97f-105e-4684-b087-4b6333aa3ced@group-F043E0AED0ED-LeaderElection196] INFO  impl.LeaderElection (LeaderElection.java:askForVotes(178)) - aed1b97f-105e-4684-b087-4b6333aa3ced@group-F043E0AED0ED-LeaderElection196: begin an election at term 219 for -1: [aed1b97f-105e-4684-b087-4b6333aa3ced:192.168.157.195:34943, 1c51b35f-55cb-4636-a00c-83d34bf2d9d4:192.168.157.195:34693, d21ee1f1-33f6-483c-a18b-27782ce1915a:192.168.157.195:46462], old=null
2019-10-23 22:22:08,200 [grpc-default-executor-0] INFO  impl.RaftServerImpl (RaftServerImpl.java:setRole(184)) - 1c51b35f-55cb-4636-a00c-83d34bf2d9d4@group-F043E0AED0ED: changes role from  FOLLOWER to FOLLOWER at term 219 for recognizeCandidate:aed1b97f-105e-4684-b087-4b6333aa3ced
2019-10-23 22:22:08,201 [grpc-default-executor-0] INFO  impl.RoleInfo (RoleInfo.java:shutdownFollowerState(121)) - 1c51b35f-55cb-4636-a00c-83d34bf2d9d4: shutdown FollowerState
2019-10-23 22:22:08,201 [grpc-default-executor-4] INFO  impl.RaftServerImpl (RaftServerImpl.java:setRole(184)) - d21ee1f1-33f6-483c-a18b-27782ce1915a@group-F043E0AED0ED: changes role from  FOLLOWER to FOLLOWER at term 219 for recognizeCandidate:aed1b97f-105e-4684-b087-4b6333aa3ced
2019-10-23 22:22:08,201 [Thread-1549] INFO  impl.FollowerState (FollowerState.java:run(117)) - 1c51b35f-55cb-4636-a00c-83d34bf2d9d4@group-F043E0AED0ED-FollowerState was interrupted: java.lang.InterruptedException: sleep interrupted
2019-10-23 22:22:08,201 [grpc-default-executor-4] INFO  impl.RoleInfo (RoleInfo.java:shutdownFollowerState(121)) - d21ee1f1-33f6-483c-a18b-27782ce1915a: shutdown FollowerState
2019-10-23 22:22:08,201 [grpc-default-executor-0] INFO  impl.RoleInfo (RoleInfo.java:updateAndGet(143)) - 1c51b35f-55cb-4636-a00c-83d34bf2d9d4: start FollowerState
2019-10-23 22:22:08,201 [Thread-1548] INFO  impl.FollowerState (FollowerState.java:run(117)) - d21ee1f1-33f6-483c-a18b-27782ce1915a@group-F043E0AED0ED-FollowerState was interrupted: java.lang.InterruptedException: sleep interrupted
2019-10-23 22:22:08,201 [grpc-default-executor-4] INFO  impl.RoleInfo (RoleInfo.java:updateAndGet(143)) - d21ee1f1-33f6-483c-a18b-27782ce1915a: start FollowerState
2019-10-23 22:22:08,218 [aed1b97f-105e-4684-b087-4b6333aa3ced@group-F043E0AED0ED-LeaderElection196] INFO  impl.LeaderElection (LeaderElection.java:logAndReturn(56)) - aed1b97f-105e-4684-b087-4b6333aa3ced@group-F043E0AED0ED-LeaderElection196: Election REJECTED; received 2 response(s) [aed1b97f-105e-4684-b087-4b6333aa3ced<-1c51b35f-55cb-4636-a00c-83d34bf2d9d4#0:FAIL-t219, aed1b97f-105e-4684-b087-4b6333aa3ced<-d21ee1f1-33f6-483c-a18b-27782ce1915a#0:FAIL-t219] and 0 exception(s); aed1b97f-105e-4684-b087-4b6333aa3ced@group-F043E0AED0ED:t219, leader=null, voted=aed1b97f-105e-4684-b087-4b6333aa3ced, raftlog=aed1b97f-105e-4684-b087-4b6333aa3ced@group-F043E0AED0ED-SegmentedRaftLog:OPENED:c-1,f-1,i0, conf=-1: [aed1b97f-105e-4684-b087-4b6333aa3ced:192.168.157.195:34943, 1c51b35f-55cb-4636-a00c-83d34bf2d9d4:192.168.157.195:34693, d21ee1f1-33f6-483c-a18b-27782ce1915a:192.168.157.195:46462], old=null
2019-10-23 22:22:08,219 [aed1b97f-105e-4684-b087-4b6333aa3ced@group-F043E0AED0ED-LeaderElection196] INFO  impl.RaftServerImpl (RaftServerImpl.java:setRole(184)) - aed1b97f-105e-4684-b087-4b6333aa3ced@group-F043E0AED0ED: changes role from CANDIDATE to FOLLOWER at term 219 for DISCOVERED_A_NEW_TERM
2019-10-23 22:22:08,219 [aed1b97f-105e-4684-b087-4b6333aa3ced@group-F043E0AED0ED-LeaderElection196] INFO  impl.RoleInfo (RoleInfo.java:shutdownLeaderElection(134)) - aed1b97f-105e-4684-b087-4b6333aa3ced: shutdown LeaderElection
2019-10-23 22:22:08,219 [aed1b97f-105e-4684-b087-4b6333aa3ced@group-F043E0AED0ED-LeaderElection196] INFO  impl.RoleInfo (RoleInfo.java:updateAndGet(143)) - aed1b97f-105e-4684-b087-4b6333aa3ced: start FollowerState
2019-10-23 22:22:08,243 [Thread-1558] INFO  impl.FollowerState (FollowerState.java:run(108)) - aed1b97f-105e-4684-b087-4b6333aa3ced@group-F043E0AED0ED-FollowerState: change to CANDIDATE, lastRpcTime:24ms, electionTimeout:24ms
2019-10-23 22:22:08,244 [Thread-1558] INFO  impl.RoleInfo (RoleInfo.java:shutdownFollowerState(121)) - aed1b97f-105e-4684-b087-4b6333aa3ced: shutdown FollowerState
2019-10-23 22:22:08,244 [Thread-1558] INFO  impl.RaftServerImpl (RaftServerImpl.java:setRole(184)) - aed1b97f-105e-4684-b087-4b6333aa3ced@group-F043E0AED0ED: changes role from  FOLLOWER to CANDIDATE at term 219 for changeToCandidate
2019-10-23 22:22:08,244 [Thread-1558] INFO  impl.RoleInfo (RoleInfo.java:updateAndGet(143)) - aed1b97f-105e-4684-b087-4b6333aa3ced: start LeaderElection
2019-10-23 22:22:08,257 [aed1b97f-105e-4684-b087-4b6333aa3ced@group-F043E0AED0ED-LeaderElection197] INFO  impl.LeaderElection (LeaderElection.java:askForVotes(178)) - aed1b97f-105e-4684-b087-4b6333aa3ced@group-F043E0AED0ED-LeaderElection197: begin an election at term 220 for -1: [aed1b97f-105e-4684-b087-4b6333aa3ced:192.168.157.195:34943, 1c51b35f-55cb-4636-a00c-83d34bf2d9d4:192.168.157.195:34693, d21ee1f1-33f6-483c-a18b-27782ce1915a:192.168.157.195:46462], old=null
2019-10-23 22:22:08,259 [grpc-default-executor-4] INFO  impl.RaftServerImpl (RaftServerImpl.java:setRole(184)) - 1c51b35f-55cb-4636-a00c-83d34bf2d9d4@group-F043E0AED0ED: changes role from  FOLLOWER to FOLLOWER at term 220 for recognizeCandidate:aed1b97f-105e-4684-b087-4b6333aa3ced
2019-10-23 22:22:08,260 [grpc-default-executor-4] INFO  impl.RoleInfo (RoleInfo.java:shutdownFollowerState(121)) - 1c51b35f-55cb-4636-a00c-83d34bf2d9d4: shutdown FollowerState
2019-10-23 22:22:08,260 [grpc-default-executor-0] INFO  impl.RaftServerImpl (RaftServerImpl.java:setRole(184)) - d21ee1f1-33f6-483c-a18b-27782ce1915a@group-F043E0AED0ED: changes role from  FOLLOWER to FOLLOWER at term 220 for recognizeCandidate:aed1b97f-105e-4684-b087-4b6333aa3ced
2019-10-23 22:22:08,260 [grpc-default-executor-4] INFO  impl.RoleInfo (RoleInfo.java:updateAndGet(143)) - 1c51b35f-55cb-4636-a00c-83d34bf2d9d4: start FollowerState
2019-10-23 22:22:08,260 [Thread-1556] INFO  impl.FollowerState (FollowerState.java:run(117)) - 1c51b35f-55cb-4636-a00c-83d34bf2d9d4@group-F043E0AED0ED-FollowerState was interrupted: java.lang.InterruptedException: sleep interrupted
2019-10-23 22:22:08,260 [grpc-default-executor-0] INFO  impl.RoleInfo (RoleInfo.java:shutdownFollowerState(121)) - d21ee1f1-33f6-483c-a18b-27782ce1915a: shutdown FollowerState
2019-10-23 22:22:08,260 [grpc-default-executor-0] INFO  impl.RoleInfo (RoleInfo.java:updateAndGet(143)) - d21ee1f1-33f6-483c-a18b-27782ce1915a: start FollowerState
2019-10-23 22:22:08,261 [Thread-1557] INFO  impl.FollowerState (FollowerState.java:run(117)) - d21ee1f1-33f6-483c-a18b-27782ce1915a@group-F043E0AED0ED-FollowerState was interrupted: java.lang.InterruptedException: sleep interrupted
2019-10-23 22:22:08,274 [aed1b97f-105e-4684-b087-4b6333aa3ced@group-F043E0AED0ED-LeaderElection197] INFO  impl.LeaderElection (LeaderElection.java:logAndReturn(56)) - aed1b97f-105e-4684-b087-4b6333aa3ced@group-F043E0AED0ED-LeaderElection197: Election REJECTED; received 2 response(s) [aed1b97f-105e-4684-b087-4b6333aa3ced<-1c51b35f-55cb-4636-a00c-83d34bf2d9d4#0:FAIL-t220, aed1b97f-105e-4684-b087-4b6333aa3ced<-d21ee1f1-33f6-483c-a18b-27782ce1915a#0:FAIL-t220] and 0 exception(s); aed1b97f-105e-4684-b087-4b6333aa3ced@group-F043E0AED0ED:t220, leader=null, voted=aed1b97f-105e-4684-b087-4b6333aa3ced, raftlog=aed1b97f-105e-4684-b087-4b6333aa3ced@group-F043E0AED0ED-SegmentedRaftLog:OPENED:c-1,f-1,i0, conf=-1: [aed1b97f-105e-4684-b087-4b6333aa3ced:192.168.157.195:34943, 1c51b35f-55cb-4636-a00c-83d34bf2d9d4:192.168.157.195:34693, d21ee1f1-33f6-483c-a18b-27782ce1915a:192.168.157.195:46462], old=null
2019-10-23 22:22:08,274 [aed1b97f-105e-4684-b087-4b6333aa3ced@group-F043E0AED0ED-LeaderElection197] INFO  impl.RaftServerImpl (RaftServerImpl.java:setRole(184)) - aed1b97f-105e-4684-b087-4b6333aa3ced@group-F043E0AED0ED: changes role from CANDIDATE to FOLLOWER at term 220 for DISCOVERED_A_NEW_TERM
2019-10-23 22:22:08,274 [aed1b97f-105e-4684-b087-4b6333aa3ced@group-F043E0AED0ED-LeaderElection197] INFO  impl.RoleInfo (RoleInfo.java:shutdownLeaderElection(134)) - aed1b97f-105e-4684-b087-4b6333aa3ced: shutdown LeaderElection
2019-10-23 22:22:08,274 [aed1b97f-105e-4684-b087-4b6333aa3ced@group-F043E0AED0ED-LeaderElection197] INFO  impl.RoleInfo (RoleInfo.java:updateAndGet(143)) - aed1b97f-105e-4684-b087-4b6333aa3ced: start FollowerState
2019-10-23 22:22:08,293 [Thread-1564] INFO  impl.FollowerState (FollowerState.java:run(108)) - aed1b97f-105e-4684-b087-4b6333aa3ced@group-F043E0AED0ED-FollowerState: change to CANDIDATE, lastRpcTime:18ms, electionTimeout:18ms
2019-10-23 22:22:08,293 [Thread-1564] INFO  impl.RoleInfo (RoleInfo.java:shutdownFollowerState(121)) - aed1b97f-105e-4684-b087-4b6333aa3ced: shutdown FollowerState
2019-10-23 22:22:08,293 [Thread-1564] INFO  impl.RaftServerImpl (RaftServerImpl.java:setRole(184)) - aed1b97f-105e-4684-b087-4b6333aa3ced@group-F043E0AED0ED: changes role from  FOLLOWER to CANDIDATE at term 220 for changeToCandidate
2019-10-23 22:22:08,293 [Thread-1564] INFO  impl.RoleInfo (RoleInfo.java:updateAndGet(143)) - aed1b97f-105e-4684-b087-4b6333aa3ced: start LeaderElection
2019-10-23 22:22:08,305 [aed1b97f-105e-4684-b087-4b6333aa3ced@group-F043E0AED0ED-LeaderElection198] INFO  impl.LeaderElection (LeaderElection.java:askForVotes(178)) - aed1b97f-105e-4684-b087-4b6333aa3ced@group-F043E0AED0ED-LeaderElection198: begin an election at term 221 for -1: [aed1b97f-105e-4684-b087-4b6333aa3ced:192.168.157.195:34943, 1c51b35f-55cb-4636-a00c-83d34bf2d9d4:192.168.157.195:34693, d21ee1f1-33f6-483c-a18b-27782ce1915a:192.168.157.195:46462], old=null
2019-10-23 22:22:08,307 [grpc-default-executor-4] INFO  impl.RaftServerImpl (RaftServerImpl.java:setRole(184)) - 1c51b35f-55cb-4636-a00c-83d34bf2d9d4@group-F043E0AED0ED: changes role from  FOLLOWER to FOLLOWER at term 221 for recognizeCandidate:aed1b97f-105e-4684-b087-4b6333aa3ced
2019-10-23 22:22:08,307 [grpc-default-executor-0] INFO  impl.RaftServerImpl (RaftServerImpl.java:setRole(184)) - d21ee1f1-33f6-483c-a18b-27782ce1915a@group-F043E0AED0ED: changes role from  FOLLOWER to FOLLOWER at term 221 for recognizeCandidate:aed1b97f-105e-4684-b087-4b6333aa3ced
2019-10-23 22:22:08,307 [grpc-default-executor-4] INFO  impl.RoleInfo (RoleInfo.java:shutdownFollowerState(121)) - 1c51b35f-55cb-4636-a00c-83d34bf2d9d4: shutdown FollowerState
2019-10-23 22:22:08,307 [grpc-default-executor-0] INFO  impl.RoleInfo (RoleInfo.java:shutdownFollowerState(121)) - d21ee1f1-33f6-483c-a18b-27782ce1915a: shutdown FollowerState
2019-10-23 22:22:08,307 [Thread-1562] INFO  impl.FollowerState (FollowerState.java:run(117)) - 1c51b35f-55cb-4636-a00c-83d34bf2d9d4@group-F043E0AED0ED-FollowerState was interrupted: java.lang.InterruptedException: sleep interrupted
2019-10-23 22:22:08,307 [grpc-default-executor-4] INFO  impl.RoleInfo (RoleInfo.java:updateAndGet(143)) - 1c51b35f-55cb-4636-a00c-83d34bf2d9d4: start FollowerState
2019-10-23 22:22:08,307 [Thread-1563] INFO  impl.FollowerState (FollowerState.java:run(117)) - d21ee1f1-33f6-483c-a18b-27782ce1915a@group-F043E0AED0ED-FollowerState was interrupted: java.lang.InterruptedException: sleep interrupted
2019-10-23 22:22:08,307 [grpc-default-executor-0] INFO  impl.RoleInfo (RoleInfo.java:updateAndGet(143)) - d21ee1f1-33f6-483c-a18b-27782ce1915a: start FollowerState
2019-10-23 22:22:08,321 [aed1b97f-105e-4684-b087-4b6333aa3ced@group-F043E0AED0ED-LeaderElection198] INFO  impl.LeaderElection (LeaderElection.java:logAndReturn(56)) - aed1b97f-105e-4684-b087-4b6333aa3ced@group-F043E0AED0ED-LeaderElection198: Election REJECTED; received 2 response(s) [aed1b97f-105e-4684-b087-4b6333aa3ced<-1c51b35f-55cb-4636-a00c-83d34bf2d9d4#0:FAIL-t221, aed1b97f-105e-4684-b087-4b6333aa3ced<-d21ee1f1-33f6-483c-a18b-27782ce1915a#0:FAIL-t221] and 0 exception(s); aed1b97f-105e-4684-b087-4b6333aa3ced@group-F043E0AED0ED:t221, leader=null, voted=aed1b97f-105e-4684-b087-4b6333aa3ced, raftlog=aed1b97f-105e-4684-b087-4b6333aa3ced@group-F043E0AED0ED-SegmentedRaftLog:OPENED:c-1,f-1,i0, conf=-1: [aed1b97f-105e-4684-b087-4b6333aa3ced:192.168.157.195:34943, 1c51b35f-55cb-4636-a00c-83d34bf2d9d4:192.168.157.195:34693, d21ee1f1-33f6-483c-a18b-27782ce1915a:192.168.157.195:46462], old=null
2019-10-23 22:22:08,321 [aed1b97f-105e-4684-b087-4b6333aa3ced@group-F043E0AED0ED-LeaderElection198] INFO  impl.RaftServerImpl (RaftServerImpl.java:setRole(184)) - aed1b97f-105e-4684-b087-4b6333aa3ced@group-F043E0AED0ED: changes role from CANDIDATE to FOLLOWER at term 221 for DISCOVERED_A_NEW_TERM
2019-10-23 22:22:08,321 [aed1b97f-105e-4684-b087-4b6333aa3ced@group-F043E0AED0ED-LeaderElection198] INFO  impl.RoleInfo (RoleInfo.java:shutdownLeaderElection(134)) - aed1b97f-105e-4684-b087-4b6333aa3ced: shutdown LeaderElection
2019-10-23 22:22:08,321 [aed1b97f-105e-4684-b087-4b6333aa3ced@group-F043E0AED0ED-LeaderElection198] INFO  impl.RoleInfo (RoleInfo.java:updateAndGet(143)) - aed1b97f-105e-4684-b087-4b6333aa3ced: start FollowerState
2019-10-23 22:22:08,406 [Thread-1570] INFO  impl.FollowerState (FollowerState.java:run(108)) - aed1b97f-105e-4684-b087-4b6333aa3ced@group-F043E0AED0ED-FollowerState: change to CANDIDATE, lastRpcTime:84ms, electionTimeout:84ms
2019-10-23 22:22:08,406 [Thread-1570] INFO  impl.RoleInfo (RoleInfo.java:shutdownFollowerState(121)) - aed1b97f-105e-4684-b087-4b6333aa3ced: shutdown FollowerState
2019-10-23 22:22:08,406 [Thread-1570] INFO  impl.RaftServerImpl (RaftServerImpl.java:setRole(184)) - aed1b97f-105e-4684-b087-4b6333aa3ced@group-F043E0AED0ED: changes role from  FOLLOWER to CANDIDATE at term 221 for changeToCandidate
2019-10-23 22:22:08,406 [Thread-1570] INFO  impl.RoleInfo (RoleInfo.java:updateAndGet(143)) - aed1b97f-105e-4684-b087-4b6333aa3ced: start LeaderElection
2019-10-23 22:22:08,420 [aed1b97f-105e-4684-b087-4b6333aa3ced@group-F043E0AED0ED-LeaderElection199] INFO  impl.LeaderElection (LeaderElection.java:askForVotes(178)) - aed1b97f-105e-4684-b087-4b6333aa3ced@group-F043E0AED0ED-LeaderElection199: begin an election at term 222 for -1: [aed1b97f-105e-4684-b087-4b6333aa3ced:192.168.157.195:34943, 1c51b35f-55cb-4636-a00c-83d34bf2d9d4:192.168.157.195:34693, d21ee1f1-33f6-483c-a18b-27782ce1915a:192.168.157.195:46462], old=null
2019-10-23 22:22:08,423 [grpc-default-executor-4] INFO  impl.RaftServerImpl (RaftServerImpl.java:setRole(184)) - 1c51b35f-55cb-4636-a00c-83d34bf2d9d4@group-F043E0AED0ED: changes role from  FOLLOWER to FOLLOWER at term 222 for recognizeCandidate:aed1b97f-105e-4684-b087-4b6333aa3ced
2019-10-23 22:22:08,423 [grpc-default-executor-0] INFO  impl.RaftServerImpl (RaftServerImpl.java:setRole(184)) - d21ee1f1-33f6-483c-a18b-27782ce1915a@group-F043E0AED0ED: changes role from  FOLLOWER to FOLLOWER at term 222 for recognizeCandidate:aed1b97f-105e-4684-b087-4b6333aa3ced
2019-10-23 22:22:08,423 [grpc-default-executor-0] INFO  impl.RoleInfo (RoleInfo.java:shutdownFollowerState(121)) - d21ee1f1-33f6-483c-a18b-27782ce1915a: shutdown FollowerState
2019-10-23 22:22:08,423 [grpc-default-executor-4] INFO  impl.RoleInfo (RoleInfo.java:shutdownFollowerState(121)) - 1c51b35f-55cb-4636-a00c-83d34bf2d9d4: shutdown FollowerState
2019-10-23 22:22:08,423 [grpc-default-executor-0] INFO  impl.RoleInfo (RoleInfo.java:updateAndGet(143)) - d21ee1f1-33f6-483c-a18b-27782ce1915a: start FollowerState
2019-10-23 22:22:08,424 [grpc-default-executor-4] INFO  impl.RoleInfo (RoleInfo.java:updateAndGet(143)) - 1c51b35f-55cb-4636-a00c-83d34bf2d9d4: start FollowerState
2019-10-23 22:22:08,424 [Thread-1569] INFO  impl.FollowerState (FollowerState.java:run(117)) - d21ee1f1-33f6-483c-a18b-27782ce1915a@group-F043E0AED0ED-FollowerState was interrupted: java.lang.InterruptedException: sleep interrupted
2019-10-23 22:22:08,424 [Thread-1568] INFO  impl.FollowerState (FollowerState.java:run(117)) - 1c51b35f-55cb-4636-a00c-83d34bf2d9d4@group-F043E0AED0ED-FollowerState was interrupted: java.lang.InterruptedException: sleep interrupted
2019-10-23 22:22:08,436 [aed1b97f-105e-4684-b087-4b6333aa3ced@group-F043E0AED0ED-LeaderElection199] INFO  impl.LeaderElection (LeaderElection.java:logAndReturn(56)) - aed1b97f-105e-4684-b087-4b6333aa3ced@group-F043E0AED0ED-LeaderElection199: Election REJECTED; received 2 response(s) [aed1b97f-105e-4684-b087-4b6333aa3ced<-1c51b35f-55cb-4636-a00c-83d34bf2d9d4#0:FAIL-t222, aed1b97f-105e-4684-b087-4b6333aa3ced<-d21ee1f1-33f6-483c-a18b-27782ce1915a#0:FAIL-t222] and 0 exception(s); aed1b97f-105e-4684-b087-4b6333aa3ced@group-F043E0AED0ED:t222, leader=null, voted=aed1b97f-105e-4684-b087-4b6333aa3ced, raftlog=aed1b97f-105e-4684-b087-4b6333aa3ced@group-F043E0AED0ED-SegmentedRaftLog:OPENED:c-1,f-1,i0, conf=-1: [aed1b97f-105e-4684-b087-4b6333aa3ced:192.168.157.195:34943, 1c51b35f-55cb-4636-a00c-83d34bf2d9d4:192.168.157.195:34693, d21ee1f1-33f6-483c-a18b-27782ce1915a:192.168.157.195:46462], old=null
2019-10-23 22:22:08,437 [aed1b97f-105e-4684-b087-4b6333aa3ced@group-F043E0AED0ED-LeaderElection199] INFO  impl.RaftServerImpl (RaftServerImpl.java:setRole(184)) - aed1b97f-105e-4684-b087-4b6333aa3ced@group-F043E0AED0ED: changes role from CANDIDATE to FOLLOWER at term 222 for DISCOVERED_A_NEW_TERM
2019-10-23 22:22:08,437 [aed1b97f-105e-4684-b087-4b6333aa3ced@group-F043E0AED0ED-LeaderElection199] INFO  impl.RoleInfo (RoleInfo.java:shutdownLeaderElection(134)) - aed1b97f-105e-4684-b087-4b6333aa3ced: shutdown LeaderElection
2019-10-23 22:22:08,437 [aed1b97f-105e-4684-b087-4b6333aa3ced@group-F043E0AED0ED-LeaderElection199] INFO  impl.RoleInfo (RoleInfo.java:updateAndGet(143)) - aed1b97f-105e-4684-b087-4b6333aa3ced: start FollowerState
2019-10-23 22:22:08,631 [Thread-1576] INFO  impl.FollowerState (FollowerState.java:run(108)) - aed1b97f-105e-4684-b087-4b6333aa3ced@group-F043E0AED0ED-FollowerState: change to CANDIDATE, lastRpcTime:194ms, electionTimeout:194ms
2019-10-23 22:22:08,632 [Thread-1576] INFO  impl.RoleInfo (RoleInfo.java:shutdownFollowerState(121)) - aed1b97f-105e-4684-b087-4b6333aa3ced: shutdown FollowerState
2019-10-23 22:22:08,632 [Thread-1576] INFO  impl.RaftServerImpl (RaftServerImpl.java:setRole(184)) - aed1b97f-105e-4684-b087-4b6333aa3ced@group-F043E0AED0ED: changes role from  FOLLOWER to CANDIDATE at term 222 for changeToCandidate
2019-10-23 22:22:08,632 [Thread-1576] INFO  impl.RoleInfo (RoleInfo.java:updateAndGet(143)) - aed1b97f-105e-4684-b087-4b6333aa3ced: start LeaderElection
2019-10-23 22:22:08,646 [aed1b97f-105e-4684-b087-4b6333aa3ced@group-F043E0AED0ED-LeaderElection200] INFO  impl.LeaderElection (LeaderElection.java:askForVotes(178)) - aed1b97f-105e-4684-b087-4b6333aa3ced@group-F043E0AED0ED-LeaderElection200: begin an election at term 223 for -1: [aed1b97f-105e-4684-b087-4b6333aa3ced:192.168.157.195:34943, 1c51b35f-55cb-4636-a00c-83d34bf2d9d4:192.168.157.195:34693, d21ee1f1-33f6-483c-a18b-27782ce1915a:192.168.157.195:46462], old=null
2019-10-23 22:22:08,648 [grpc-default-executor-4] INFO  impl.RaftServerImpl (RaftServerImpl.java:setRole(184)) - 1c51b35f-55cb-4636-a00c-83d34bf2d9d4@group-F043E0AED0ED: changes role from  FOLLOWER to FOLLOWER at term 223 for recognizeCandidate:aed1b97f-105e-4684-b087-4b6333aa3ced
2019-10-23 22:22:08,648 [grpc-default-executor-0] INFO  impl.RaftServerImpl (RaftServerImpl.java:setRole(184)) - d21ee1f1-33f6-483c-a18b-27782ce1915a@group-F043E0AED0ED: changes role from  FOLLOWER to FOLLOWER at term 223 for recognizeCandidate:aed1b97f-105e-4684-b087-4b6333aa3ced
2019-10-23 22:22:08,648 [grpc-default-executor-4] INFO  impl.RoleInfo (RoleInfo.java:shutdownFollowerState(121)) - 1c51b35f-55cb-4636-a00c-83d34bf2d9d4: shutdown FollowerState
2019-10-23 22:22:08,648 [grpc-default-executor-0] INFO  impl.RoleInfo (RoleInfo.java:shutdownFollowerState(121)) - d21ee1f1-33f6-483c-a18b-27782ce1915a: shutdown FollowerState
2019-10-23 22:22:08,648 [grpc-default-executor-4] INFO  impl.RoleInfo (RoleInfo.java:updateAndGet(143)) - 1c51b35f-55cb-4636-a00c-83d34bf2d9d4: start FollowerState
2019-10-23 22:22:08,649 [grpc-default-executor-0] INFO  impl.RoleInfo (RoleInfo.java:updateAndGet(143)) - d21ee1f1-33f6-483c-a18b-27782ce1915a: start FollowerState
2019-10-23 22:22:08,649 [Thread-1575] INFO  impl.FollowerState (FollowerState.java:run(117)) - 1c51b35f-55cb-4636-a00c-83d34bf2d9d4@group-F043E0AED0ED-FollowerState was interrupted: java.lang.InterruptedException: sleep interrupted
2019-10-23 22:22:08,649 [Thread-1574] INFO  impl.FollowerState (FollowerState.java:run(117)) - d21ee1f1-33f6-483c-a18b-27782ce1915a@group-F043E0AED0ED-FollowerState was interrupted: java.lang.InterruptedException: sleep interrupted
2019-10-23 22:22:08,663 [aed1b97f-105e-4684-b087-4b6333aa3ced@group-F043E0AED0ED-LeaderElection200] INFO  impl.LeaderElection (LeaderElection.java:logAndReturn(56)) - aed1b97f-105e-4684-b087-4b6333aa3ced@group-F043E0AED0ED-LeaderElection200: Election REJECTED; received 2 response(s) [aed1b97f-105e-4684-b087-4b6333aa3ced<-1c51b35f-55cb-4636-a00c-83d34bf2d9d4#0:FAIL-t223, aed1b97f-105e-4684-b087-4b6333aa3ced<-d21ee1f1-33f6-483c-a18b-27782ce1915a#0:FAIL-t223] and 0 exception(s); aed1b97f-105e-4684-b087-4b6333aa3ced@group-F043E0AED0ED:t223, leader=null, voted=aed1b97f-105e-4684-b087-4b6333aa3ced, raftlog=aed1b97f-105e-4684-b087-4b6333aa3ced@group-F043E0AED0ED-SegmentedRaftLog:OPENED:c-1,f-1,i0, conf=-1: [aed1b97f-105e-4684-b087-4b6333aa3ced:192.168.157.195:34943, 1c51b35f-55cb-4636-a00c-83d34bf2d9d4:192.168.157.195:34693, d21ee1f1-33f6-483c-a18b-27782ce1915a:192.168.157.195:46462], old=null
2019-10-23 22:22:08,663 [aed1b97f-105e-4684-b087-4b6333aa3ced@group-F043E0AED0ED-LeaderElection200] INFO  impl.RaftServerImpl (RaftServerImpl.java:setRole(184)) - aed1b97f-105e-4684-b087-4b6333aa3ced@group-F043E0AED0ED: changes role from CANDIDATE to FOLLOWER at term 223 for DISCOVERED_A_NEW_TERM
2019-10-23 22:22:08,663 [aed1b97f-105e-4684-b087-4b6333aa3ced@group-F043E0AED0ED-LeaderElection200] INFO  impl.RoleInfo (RoleInfo.java:shutdownLeaderElection(134)) - aed1b97f-105e-4684-b087-4b6333aa3ced: shutdown LeaderElection
2019-10-23 22:22:08,663 [aed1b97f-105e-4684-b087-4b6333aa3ced@group-F043E0AED0ED-LeaderElection200] INFO  impl.RoleInfo (RoleInfo.java:updateAndGet(143)) - aed1b97f-105e-4684-b087-4b6333aa3ced: start FollowerState
2019-10-23 22:22:08,694 [Thread-1582] INFO  impl.FollowerState (FollowerState.java:run(108)) - aed1b97f-105e-4684-b087-4b6333aa3ced@group-F043E0AED0ED-FollowerState: change to CANDIDATE, lastRpcTime:30ms, electionTimeout:28ms
2019-10-23 22:22:08,694 [Thread-1582] INFO  impl.RoleInfo (RoleInfo.java:shutdownFollowerState(121)) - aed1b97f-105e-4684-b087-4b6333aa3ced: shutdown FollowerState
2019-10-23 22:22:08,695 [Thread-1582] INFO  impl.RaftServerImpl (RaftServerImpl.java:setRole(184)) - aed1b97f-105e-4684-b087-4b6333aa3ced@group-F043E0AED0ED: changes role from  FOLLOWER to CANDIDATE at term 223 for changeToCandidate
2019-10-23 22:22:08,695 [Thread-1582] INFO  impl.RoleInfo (RoleInfo.java:updateAndGet(143)) - aed1b97f-105e-4684-b087-4b6333aa3ced: start LeaderElection
2019-10-23 22:22:08,710 [aed1b97f-105e-4684-b087-4b6333aa3ced@group-F043E0AED0ED-LeaderElection201] INFO  impl.LeaderElection (LeaderElection.java:askForVotes(178)) - aed1b97f-105e-4684-b087-4b6333aa3ced@group-F043E0AED0ED-LeaderElection201: begin an election at term 224 for -1: [aed1b97f-105e-4684-b087-4b6333aa3ced:192.168.157.195:34943, 1c51b35f-55cb-4636-a00c-83d34bf2d9d4:192.168.157.195:34693, d21ee1f1-33f6-483c-a18b-27782ce1915a:192.168.157.195:46462], old=null
2019-10-23 22:22:08,712 [grpc-default-executor-4] INFO  impl.RaftServerImpl (RaftServerImpl.java:setRole(184)) - 1c51b35f-55cb-4636-a00c-83d34bf2d9d4@group-F043E0AED0ED: changes role from  FOLLOWER to FOLLOWER at term 224 for recognizeCandidate:aed1b97f-105e-4684-b087-4b6333aa3ced
2019-10-23 22:22:08,712 [grpc-default-executor-4] INFO  impl.RoleInfo (RoleInfo.java:shutdownFollowerState(121)) - 1c51b35f-55cb-4636-a00c-83d34bf2d9d4: shutdown FollowerState
2019-10-23 22:22:08,712 [grpc-default-executor-0] INFO  impl.RaftServerImpl (RaftServerImpl.java:setRole(184)) - d21ee1f1-33f6-483c-a18b-27782ce1915a@group-F043E0AED0ED: changes role from  FOLLOWER to FOLLOWER at term 224 for recognizeCandidate:aed1b97f-105e-4684-b087-4b6333aa3ced
2019-10-23 22:22:08,713 [Thread-1580] INFO  impl.FollowerState (FollowerState.java:run(117)) - 1c51b35f-55cb-4636-a00c-83d34bf2d9d4@group-F043E0AED0ED-FollowerState was interrupted: java.lang.InterruptedException: sleep interrupted
2019-10-23 22:22:08,713 [grpc-default-executor-4] INFO  impl.RoleInfo (RoleInfo.java:updateAndGet(143)) - 1c51b35f-55cb-4636-a00c-83d34bf2d9d4: start FollowerState
2019-10-23 22:22:08,713 [grpc-default-executor-0] INFO  impl.RoleInfo (RoleInfo.java:shutdownFollowerState(121)) - d21ee1f1-33f6-483c-a18b-27782ce1915a: shutdown FollowerState
2019-10-23 22:22:08,713 [grpc-default-executor-0] INFO  impl.RoleInfo (RoleInfo.java:updateAndGet(143)) - d21ee1f1-33f6-483c-a18b-27782ce1915a: start FollowerState
2019-10-23 22:22:08,713 [Thread-1581] INFO  impl.FollowerState (FollowerState.java:run(117)) - d21ee1f1-33f6-483c-a18b-27782ce1915a@group-F043E0AED0ED-FollowerState was interrupted: java.lang.InterruptedException: sleep interrupted
2019-10-23 22:22:08,718 [aed1b97f-105e-4684-b087-4b6333aa3ced@group-F043E0AED0ED-LeaderElection201] INFO  impl.LeaderElection (LeaderElection.java:logAndReturn(56)) - aed1b97f-105e-4684-b087-4b6333aa3ced@group-F043E0AED0ED-LeaderElection201: Election REJECTED; received 2 response(s) [aed1b97f-105e-4684-b087-4b6333aa3ced<-1c51b35f-55cb-4636-a00c-83d34bf2d9d4#0:FAIL-t224, aed1b97f-105e-4684-b087-4b6333aa3ced<-d21ee1f1-33f6-483c-a18b-27782ce1915a#0:FAIL-t224] and 0 exception(s); aed1b97f-105e-4684-b087-4b6333aa3ced@group-F043E0AED0ED:t224, leader=null, voted=aed1b97f-105e-4684-b087-4b6333aa3ced, raftlog=aed1b97f-105e-4684-b087-4b6333aa3ced@group-F043E0AED0ED-SegmentedRaftLog:OPENED:c-1,f-1,i0, conf=-1: [aed1b97f-105e-4684-b087-4b6333aa3ced:192.168.157.195:34943, 1c51b35f-55cb-4636-a00c-83d34bf2d9d4:192.168.157.195:34693, d21ee1f1-33f6-483c-a18b-27782ce1915a:192.168.157.195:46462], old=null
2019-10-23 22:22:08,718 [aed1b97f-105e-4684-b087-4b6333aa3ced@group-F043E0AED0ED-LeaderElection201] INFO  impl.RaftServerImpl (RaftServerImpl.java:setRole(184)) - aed1b97f-105e-4684-b087-4b6333aa3ced@group-F043E0AED0ED: changes role from CANDIDATE to FOLLOWER at term 224 for DISCOVERED_A_NEW_TERM
2019-10-23 22:22:08,718 [aed1b97f-105e-4684-b087-4b6333aa3ced@group-F043E0AED0ED-LeaderElection201] INFO  impl.RoleInfo (RoleInfo.java:shutdownLeaderElection(134)) - aed1b97f-105e-4684-b087-4b6333aa3ced: shutdown LeaderElection
2019-10-23 22:22:08,718 [aed1b97f-105e-4684-b087-4b6333aa3ced@group-F043E0AED0ED-LeaderElection201] INFO  impl.RoleInfo (RoleInfo.java:updateAndGet(143)) - aed1b97f-105e-4684-b087-4b6333aa3ced: start FollowerState
2019-10-23 22:22:08,890 [Thread-1588] INFO  impl.FollowerState (FollowerState.java:run(108)) - aed1b97f-105e-4684-b087-4b6333aa3ced@group-F043E0AED0ED-FollowerState: change to CANDIDATE, lastRpcTime:171ms, electionTimeout:171ms
2019-10-23 22:22:08,890 [Thread-1588] INFO  impl.RoleInfo (RoleInfo.java:shutdownFollowerState(121)) - aed1b97f-105e-4684-b087-4b6333aa3ced: shutdown FollowerState
2019-10-23 22:22:08,890 [Thread-1588] INFO  impl.RaftServerImpl (RaftServerImpl.java:setRole(184)) - aed1b97f-105e-4684-b087-4b6333aa3ced@group-F043E0AED0ED: changes role from  FOLLOWER to CANDIDATE at term 224 for changeToCandidate
2019-10-23 22:22:08,890 [Thread-1588] INFO  impl.RoleInfo (RoleInfo.java:updateAndGet(143)) - aed1b97f-105e-4684-b087-4b6333aa3ced: start LeaderElection
2019-10-23 22:22:08,904 [aed1b97f-105e-4684-b087-4b6333aa3ced@group-F043E0AED0ED-LeaderElection202] INFO  impl.LeaderElection (LeaderElection.java:askForVotes(178)) - aed1b97f-105e-4684-b087-4b6333aa3ced@group-F043E0AED0ED-LeaderElection202: begin an election at term 225 for -1: [aed1b97f-105e-4684-b087-4b6333aa3ced:192.168.157.195:34943, 1c51b35f-55cb-4636-a00c-83d34bf2d9d4:192.168.157.195:34693, d21ee1f1-33f6-483c-a18b-27782ce1915a:192.168.157.195:46462], old=null
2019-10-23 22:22:08,906 [grpc-default-executor-4] INFO  impl.RaftServerImpl (RaftServerImpl.java:setRole(184)) - d21ee1f1-33f6-483c-a18b-27782ce1915a@group-F043E0AED0ED: changes role from  FOLLOWER to FOLLOWER at term 225 for recognizeCandidate:aed1b97f-105e-4684-b087-4b6333aa3ced
2019-10-23 22:22:08,906 [grpc-default-executor-0] INFO  impl.RaftServerImpl (RaftServerImpl.java:setRole(184)) - 1c51b35f-55cb-4636-a00c-83d34bf2d9d4@group-F043E0AED0ED: changes role from  FOLLOWER to FOLLOWER at term 225 for recognizeCandidate:aed1b97f-105e-4684-b087-4b6333aa3ced
2019-10-23 22:22:08,906 [grpc-default-executor-4] INFO  impl.RoleInfo (RoleInfo.java:shutdownFollowerState(121)) - d21ee1f1-33f6-483c-a18b-27782ce1915a: shutdown FollowerState
2019-10-23 22:22:08,906 [grpc-default-executor-0] INFO  impl.RoleInfo (RoleInfo.java:shutdownFollowerState(121)) - 1c51b35f-55cb-4636-a00c-83d34bf2d9d4: shutdown FollowerState
2019-10-23 22:22:08,907 [grpc-default-executor-4] INFO  impl.RoleInfo (RoleInfo.java:updateAndGet(143)) - d21ee1f1-33f6-483c-a18b-27782ce1915a: start FollowerState
2019-10-23 22:22:08,907 [Thread-1587] INFO  impl.FollowerState (FollowerState.java:run(117)) - d21ee1f1-33f6-483c-a18b-27782ce1915a@group-F043E0AED0ED-FollowerState was interrupted: java.lang.InterruptedException: sleep interrupted
2019-10-23 22:22:08,907 [grpc-default-executor-0] INFO  impl.RoleInfo (RoleInfo.java:updateAndGet(143)) - 1c51b35f-55cb-4636-a00c-83d34bf2d9d4: start FollowerState
2019-10-23 22:22:08,907 [Thread-1586] INFO  impl.FollowerState (FollowerState.java:run(117)) - 1c51b35f-55cb-4636-a00c-83d34bf2d9d4@group-F043E0AED0ED-FollowerState was interrupted: java.lang.InterruptedException: sleep interrupted
2019-10-23 22:22:08,921 [aed1b97f-105e-4684-b087-4b6333aa3ced@group-F043E0AED0ED-LeaderElection202] INFO  impl.LeaderElection (LeaderElection.java:logAndReturn(56)) - aed1b97f-105e-4684-b087-4b6333aa3ced@group-F043E0AED0ED-LeaderElection202: Election REJECTED; received 2 response(s) [aed1b97f-105e-4684-b087-4b6333aa3ced<-1c51b35f-55cb-4636-a00c-83d34bf2d9d4#0:FAIL-t225, aed1b97f-105e-4684-b087-4b6333aa3ced<-d21ee1f1-33f6-483c-a18b-27782ce1915a#0:FAIL-t225] and 0 exception(s); aed1b97f-105e-4684-b087-4b6333aa3ced@group-F043E0AED0ED:t225, leader=null, voted=aed1b97f-105e-4684-b087-4b6333aa3ced, raftlog=aed1b97f-105e-4684-b087-4b6333aa3ced@group-F043E0AED0ED-SegmentedRaftLog:OPENED:c-1,f-1,i0, conf=-1: [aed1b97f-105e-4684-b087-4b6333aa3ced:192.168.157.195:34943, 1c51b35f-55cb-4636-a00c-83d34bf2d9d4:192.168.157.195:34693, d21ee1f1-33f6-483c-a18b-27782ce1915a:192.168.157.195:46462], old=null
2019-10-23 22:22:08,921 [aed1b97f-105e-4684-b087-4b6333aa3ced@group-F043E0AED0ED-LeaderElection202] INFO  impl.RaftServerImpl (RaftServerImpl.java:setRole(184)) - aed1b97f-105e-4684-b087-4b6333aa3ced@group-F043E0AED0ED: changes role from CANDIDATE to FOLLOWER at term 225 for DISCOVERED_A_NEW_TERM
2019-10-23 22:22:08,921 [aed1b97f-105e-4684-b087-4b6333aa3ced@group-F043E0AED0ED-LeaderElection202] INFO  impl.RoleInfo (RoleInfo.java:shutdownLeaderElection(134)) - aed1b97f-105e-4684-b087-4b6333aa3ced: shutdown LeaderElection
2019-10-23 22:22:08,921 [aed1b97f-105e-4684-b087-4b6333aa3ced@group-F043E0AED0ED-LeaderElection202] INFO  impl.RoleInfo (RoleInfo.java:updateAndGet(143)) - aed1b97f-105e-4684-b087-4b6333aa3ced: start FollowerState
2019-10-23 22:22:09,003 [Thread-1594] INFO  impl.FollowerState (FollowerState.java:run(108)) - aed1b97f-105e-4684-b087-4b6333aa3ced@group-F043E0AED0ED-FollowerState: change to CANDIDATE, lastRpcTime:81ms, electionTimeout:81ms
2019-10-23 22:22:09,003 [Thread-1594] INFO  impl.RoleInfo (RoleInfo.java:shutdownFollowerState(121)) - aed1b97f-105e-4684-b087-4b6333aa3ced: shutdown FollowerState
2019-10-23 22:22:09,003 [Thread-1594] INFO  impl.RaftServerImpl (RaftServerImpl.java:setRole(184)) - aed1b97f-105e-4684-b087-4b6333aa3ced@group-F043E0AED0ED: changes role from  FOLLOWER to CANDIDATE at term 225 for changeToCandidate
2019-10-23 22:22:09,003 [Thread-1594] INFO  impl.RoleInfo (RoleInfo.java:updateAndGet(143)) - aed1b97f-105e-4684-b087-4b6333aa3ced: start LeaderElection
2019-10-23 22:22:09,016 [aed1b97f-105e-4684-b087-4b6333aa3ced@group-F043E0AED0ED-LeaderElection203] INFO  impl.LeaderElection (LeaderElection.java:askForVotes(178)) - aed1b97f-105e-4684-b087-4b6333aa3ced@group-F043E0AED0ED-LeaderElection203: begin an election at term 226 for -1: [aed1b97f-105e-4684-b087-4b6333aa3ced:192.168.157.195:34943, 1c51b35f-55cb-4636-a00c-83d34bf2d9d4:192.168.157.195:34693, d21ee1f1-33f6-483c-a18b-27782ce1915a:192.168.157.195:46462], old=null
2019-10-23 22:22:09,018 [grpc-default-executor-4] INFO  impl.RaftServerImpl (RaftServerImpl.java:setRole(184)) - d21ee1f1-33f6-483c-a18b-27782ce1915a@group-F043E0AED0ED: changes role from  FOLLOWER to FOLLOWER at term 226 for recognizeCandidate:aed1b97f-105e-4684-b087-4b6333aa3ced
2019-10-23 22:22:09,019 [grpc-default-executor-0] INFO  impl.RaftServerImpl (RaftServerImpl.java:setRole(184)) - 1c51b35f-55cb-4636-a00c-83d34bf2d9d4@group-F043E0AED0ED: changes role from  FOLLOWER to FOLLOWER at term 226 for recognizeCandidate:aed1b97f-105e-4684-b087-4b6333aa3ced
2019-10-23 22:22:09,019 [grpc-default-executor-0] INFO  impl.RoleInfo (RoleInfo.java:shutdownFollowerState(121)) - 1c51b35f-55cb-4636-a00c-83d34bf2d9d4: shutdown FollowerState
2019-10-23 22:22:09,019 [grpc-default-executor-4] INFO  impl.RoleInfo (RoleInfo.java:shutdownFollowerState(121)) - d21ee1f1-33f6-483c-a18b-27782ce1915a: shutdown FollowerState
2019-10-23 22:22:09,019 [Thread-1593] INFO  impl.FollowerState (FollowerState.java:run(117)) - 1c51b35f-55cb-4636-a00c-83d34bf2d9d4@group-F043E0AED0ED-FollowerState was interrupted: java.lang.InterruptedException: sleep interrupted
2019-10-23 22:22:09,019 [grpc-default-executor-0] INFO  impl.RoleInfo (RoleInfo.java:updateAndGet(143)) - 1c51b35f-55cb-4636-a00c-83d34bf2d9d4: start FollowerState
2019-10-23 22:22:09,019 [Thread-1592] INFO  impl.FollowerState (FollowerState.java:run(117)) - d21ee1f1-33f6-483c-a18b-27782ce1915a@group-F043E0AED0ED-FollowerState was interrupted: java.lang.InterruptedException: sleep interrupted
2019-10-23 22:22:09,019 [grpc-default-executor-4] INFO  impl.RoleInfo (RoleInfo.java:updateAndGet(143)) - d21ee1f1-33f6-483c-a18b-27782ce1915a: start FollowerState
2019-10-23 22:22:09,024 [aed1b97f-105e-4684-b087-4b6333aa3ced@group-F043E0AED0ED-LeaderElection203] INFO  impl.LeaderElection (LeaderElection.java:logAndReturn(56)) - aed1b97f-105e-4684-b087-4b6333aa3ced@group-F043E0AED0ED-LeaderElection203: Election REJECTED; received 2 response(s) [aed1b97f-105e-4684-b087-4b6333aa3ced<-1c51b35f-55cb-4636-a00c-83d34bf2d9d4#0:FAIL-t226, aed1b97f-105e-4684-b087-4b6333aa3ced<-d21ee1f1-33f6-483c-a18b-27782ce1915a#0:FAIL-t226] and 0 exception(s); aed1b97f-105e-4684-b087-4b6333aa3ced@group-F043E0AED0ED:t226, leader=null, voted=aed1b97f-105e-4684-b087-4b6333aa3ced, raftlog=aed1b97f-105e-4684-b087-4b6333aa3ced@group-F043E0AED0ED-SegmentedRaftLog:OPENED:c-1,f-1,i0, conf=-1: [aed1b97f-105e-4684-b087-4b6333aa3ced:192.168.157.195:34943, 1c51b35f-55cb-4636-a00c-83d34bf2d9d4:192.168.157.195:34693, d21ee1f1-33f6-483c-a18b-27782ce1915a:192.168.157.195:46462], old=null
2019-10-23 22:22:09,024 [aed1b97f-105e-4684-b087-4b6333aa3ced@group-F043E0AED0ED-LeaderElection203] INFO  impl.RaftServerImpl (RaftServerImpl.java:setRole(184)) - aed1b97f-105e-4684-b087-4b6333aa3ced@group-F043E0AED0ED: changes role from CANDIDATE to FOLLOWER at term 226 for DISCOVERED_A_NEW_TERM
2019-10-23 22:22:09,024 [aed1b97f-105e-4684-b087-4b6333aa3ced@group-F043E0AED0ED-LeaderElection203] INFO  impl.RoleInfo (RoleInfo.java:shutdownLeaderElection(134)) - aed1b97f-105e-4684-b087-4b6333aa3ced: shutdown LeaderElection
2019-10-23 22:22:09,024 [aed1b97f-105e-4684-b087-4b6333aa3ced@group-F043E0AED0ED-LeaderElection203] INFO  impl.RoleInfo (RoleInfo.java:updateAndGet(143)) - aed1b97f-105e-4684-b087-4b6333aa3ced: start FollowerState
2019-10-23 22:22:09,162 [Thread-1600] INFO  impl.FollowerState (FollowerState.java:run(108)) - aed1b97f-105e-4684-b087-4b6333aa3ced@group-F043E0AED0ED-FollowerState: change to CANDIDATE, lastRpcTime:137ms, electionTimeout:137ms
2019-10-23 22:22:09,162 [Thread-1600] INFO  impl.RoleInfo (RoleInfo.java:shutdownFollowerState(121)) - aed1b97f-105e-4684-b087-4b6333aa3ced: shutdown FollowerState
2019-10-23 22:22:09,162 [Thread-1600] INFO  impl.RaftServerImpl (RaftServerImpl.java:setRole(184)) - aed1b97f-105e-4684-b087-4b6333aa3ced@group-F043E0AED0ED: changes role from  FOLLOWER to CANDIDATE at term 226 for changeToCandidate
2019-10-23 22:22:09,164 [Thread-1600] INFO  impl.RoleInfo (RoleInfo.java:updateAndGet(143)) - aed1b97f-105e-4684-b087-4b6333aa3ced: start LeaderElection
2019-10-23 22:22:09,177 [aed1b97f-105e-4684-b087-4b6333aa3ced@group-F043E0AED0ED-LeaderElection204] INFO  impl.LeaderElection (LeaderElection.java:askForVotes(178)) - aed1b97f-105e-4684-b087-4b6333aa3ced@group-F043E0AED0ED-LeaderElection204: begin an election at term 227 for -1: [aed1b97f-105e-4684-b087-4b6333aa3ced:192.168.157.195:34943, 1c51b35f-55cb-4636-a00c-83d34bf2d9d4:192.168.157.195:34693, d21ee1f1-33f6-483c-a18b-27782ce1915a:192.168.157.195:46462], old=null
2019-10-23 22:22:09,179 [grpc-default-executor-4] INFO  impl.RaftServerImpl (RaftServerImpl.java:setRole(184)) - 1c51b35f-55cb-4636-a00c-83d34bf2d9d4@group-F043E0AED0ED: changes role from  FOLLOWER to FOLLOWER at term 227 for recognizeCandidate:aed1b97f-105e-4684-b087-4b6333aa3ced
2019-10-23 22:22:09,179 [grpc-default-executor-0] INFO  impl.RaftServerImpl (RaftServerImpl.java:setRole(184)) - d21ee1f1-33f6-483c-a18b-27782ce1915a@group-F043E0AED0ED: changes role from  FOLLOWER to FOLLOWER at term 227 for recognizeCandidate:aed1b97f-105e-4684-b087-4b6333aa3ced
2019-10-23 22:22:09,179 [grpc-default-executor-4] INFO  impl.RoleInfo (RoleInfo.java:shutdownFollowerState(121)) - 1c51b35f-55cb-4636-a00c-83d34bf2d9d4: shutdown FollowerState
2019-10-23 22:22:09,179 [grpc-default-executor-0] INFO  impl.RoleInfo (RoleInfo.java:shutdownFollowerState(121)) - d21ee1f1-33f6-483c-a18b-27782ce1915a: shutdown FollowerState
2019-10-23 22:22:09,180 [grpc-default-executor-4] INFO  impl.RoleInfo (RoleInfo.java:updateAndGet(143)) - 1c51b35f-55cb-4636-a00c-83d34bf2d9d4: start FollowerState
2019-10-23 22:22:09,180 [Thread-1599] INFO  impl.FollowerState (FollowerState.java:run(117)) - d21ee1f1-33f6-483c-a18b-27782ce1915a@group-F043E0AED0ED-FollowerState was interrupted: java.lang.InterruptedException: sleep interrupted
2019-10-23 22:22:09,180 [Thread-1598] INFO  impl.FollowerState (FollowerState.java:run(117)) - 1c51b35f-55cb-4636-a00c-83d34bf2d9d4@group-F043E0AED0ED-FollowerState was interrupted: java.lang.InterruptedException: sleep interrupted
2019-10-23 22:22:09,180 [grpc-default-executor-0] INFO  impl.RoleInfo (RoleInfo.java:updateAndGet(143)) - d21ee1f1-33f6-483c-a18b-27782ce1915a: start FollowerState
2019-10-23 22:22:09,192 [aed1b97f-105e-4684-b087-4b6333aa3ced@group-F043E0AED0ED-LeaderElection204] INFO  impl.LeaderElection (LeaderElection.java:logAndReturn(56)) - aed1b97f-105e-4684-b087-4b6333aa3ced@group-F043E0AED0ED-LeaderElection204: Election TIMEOUT; received 0 response(s) [] and 0 exception(s); aed1b97f-105e-4684-b087-4b6333aa3ced@group-F043E0AED0ED:t227, leader=null, voted=aed1b97f-105e-4684-b087-4b6333aa3ced, raftlog=aed1b97f-105e-4684-b087-4b6333aa3ced@group-F043E0AED0ED-SegmentedRaftLog:OPENED:c-1,f-1,i0, conf=-1: [aed1b97f-105e-4684-b087-4b6333aa3ced:192.168.157.195:34943, 1c51b35f-55cb-4636-a00c-83d34bf2d9d4:192.168.157.195:34693, d21ee1f1-33f6-483c-a18b-27782ce1915a:192.168.157.195:46462], old=null
2019-10-23 22:22:09,196 [aed1b97f-105e-4684-b087-4b6333aa3ced@group-F043E0AED0ED-LeaderElection204] INFO  impl.LeaderElection (LeaderElection.java:askForVotes(178)) - aed1b97f-105e-4684-b087-4b6333aa3ced@group-F043E0AED0ED-LeaderElection204: begin an election at term 228 for -1: [aed1b97f-105e-4684-b087-4b6333aa3ced:192.168.157.195:34943, 1c51b35f-55cb-4636-a00c-83d34bf2d9d4:192.168.157.195:34693, d21ee1f1-33f6-483c-a18b-27782ce1915a:192.168.157.195:46462], old=null
2019-10-23 22:22:09,198 [grpc-default-executor-0] INFO  impl.RaftServerImpl (RaftServerImpl.java:setRole(184)) - 1c51b35f-55cb-4636-a00c-83d34bf2d9d4@group-F043E0AED0ED: changes role from  FOLLOWER to FOLLOWER at term 228 for recognizeCandidate:aed1b97f-105e-4684-b087-4b6333aa3ced
2019-10-23 22:22:09,198 [grpc-default-executor-4] INFO  impl.RaftServerImpl (RaftServerImpl.java:setRole(184)) - d21ee1f1-33f6-483c-a18b-27782ce1915a@group-F043E0AED0ED: changes role from  FOLLOWER to FOLLOWER at term 228 for recognizeCandidate:aed1b97f-105e-4684-b087-4b6333aa3ced
2019-10-23 22:22:09,198 [grpc-default-executor-0] INFO  impl.RoleInfo (RoleInfo.java:shutdownFollowerState(121)) - 1c51b35f-55cb-4636-a00c-83d34bf2d9d4: shutdown FollowerState
2019-10-23 22:22:09,198 [grpc-default-executor-4] INFO  impl.RoleInfo (RoleInfo.java:shutdownFollowerState(121)) - d21ee1f1-33f6-483c-a18b-27782ce1915a: shutdown FollowerState
2019-10-23 22:22:09,198 [Thread-1606] INFO  impl.FollowerState (FollowerState.java:run(117)) - 1c51b35f-55cb-4636-a00c-83d34bf2d9d4@group-F043E0AED0ED-FollowerState was interrupted: java.lang.InterruptedException: sleep interrupted
2019-10-23 22:22:09,198 [grpc-default-executor-0] INFO  impl.RoleInfo (RoleInfo.java:updateAndGet(143)) - 1c51b35f-55cb-4636-a00c-83d34bf2d9d4: start FollowerState
2019-10-23 22:22:09,199 [Thread-1607] INFO  impl.FollowerState (FollowerState.java:run(117)) - d21ee1f1-33f6-483c-a18b-27782ce1915a@group-F043E0AED0ED-FollowerState was interrupted: java.lang.InterruptedException: sleep interrupted
2019-10-23 22:22:09,198 [grpc-default-executor-4] INFO  impl.RoleInfo (RoleInfo.java:updateAndGet(143)) - d21ee1f1-33f6-483c-a18b-27782ce1915a: start FollowerState
2019-10-23 22:22:09,213 [aed1b97f-105e-4684-b087-4b6333aa3ced@group-F043E0AED0ED-LeaderElection204] INFO  impl.LeaderElection (LeaderElection.java:logAndReturn(56)) - aed1b97f-105e-4684-b087-4b6333aa3ced@group-F043E0AED0ED-LeaderElection204: Election REJECTED; received 2 response(s) [aed1b97f-105e-4684-b087-4b6333aa3ced<-1c51b35f-55cb-4636-a00c-83d34bf2d9d4#0:FAIL-t228, aed1b97f-105e-4684-b087-4b6333aa3ced<-d21ee1f1-33f6-483c-a18b-27782ce1915a#0:FAIL-t228] and 0 exception(s); aed1b97f-105e-4684-b087-4b6333aa3ced@group-F043E0AED0ED:t228, leader=null, voted=aed1b97f-105e-4684-b087-4b6333aa3ced, raftlog=aed1b97f-105e-4684-b087-4b6333aa3ced@group-F043E0AED0ED-SegmentedRaftLog:OPENED:c-1,f-1,i0, conf=-1: [aed1b97f-105e-4684-b087-4b6333aa3ced:192.168.157.195:34943, 1c51b35f-55cb-4636-a00c-83d34bf2d9d4:192.168.157.195:34693, d21ee1f1-33f6-483c-a18b-27782ce1915a:192.168.157.195:46462], old=null
2019-10-23 22:22:09,213 [aed1b97f-105e-4684-b087-4b6333aa3ced@group-F043E0AED0ED-LeaderElection204] INFO  impl.RaftServerImpl (RaftServerImpl.java:setRole(184)) - aed1b97f-105e-4684-b087-4b6333aa3ced@group-F043E0AED0ED: changes role from CANDIDATE to FOLLOWER at term 228 for DISCOVERED_A_NEW_TERM
2019-10-23 22:22:09,213 [aed1b97f-105e-4684-b087-4b6333aa3ced@group-F043E0AED0ED-LeaderElection204] INFO  impl.RoleInfo (RoleInfo.java:shutdownLeaderElection(134)) - aed1b97f-105e-4684-b087-4b6333aa3ced: shutdown LeaderElection
2019-10-23 22:22:09,213 [aed1b97f-105e-4684-b087-4b6333aa3ced@group-F043E0AED0ED-LeaderElection204] INFO  impl.RoleInfo (RoleInfo.java:updateAndGet(143)) - aed1b97f-105e-4684-b087-4b6333aa3ced: start FollowerState
2019-10-23 22:22:09,306 [Thread-1612] INFO  impl.FollowerState (FollowerState.java:run(108)) - aed1b97f-105e-4684-b087-4b6333aa3ced@group-F043E0AED0ED-FollowerState: change to CANDIDATE, lastRpcTime:93ms, electionTimeout:93ms
2019-10-23 22:22:09,307 [Thread-1612] INFO  impl.RoleInfo (RoleInfo.java:shutdownFollowerState(121)) - aed1b97f-105e-4684-b087-4b6333aa3ced: shutdown FollowerState
2019-10-23 22:22:09,307 [Thread-1612] INFO  impl.RaftServerImpl (RaftServerImpl.java:setRole(184)) - aed1b97f-105e-4684-b087-4b6333aa3ced@group-F043E0AED0ED: changes role from  FOLLOWER to CANDIDATE at term 228 for changeToCandidate
2019-10-23 22:22:09,307 [Thread-1612] INFO  impl.RoleInfo (RoleInfo.java:updateAndGet(143)) - aed1b97f-105e-4684-b087-4b6333aa3ced: start LeaderElection
2019-10-23 22:22:09,320 [aed1b97f-105e-4684-b087-4b6333aa3ced@group-F043E0AED0ED-LeaderElection205] INFO  impl.LeaderElection (LeaderElection.java:askForVotes(178)) - aed1b97f-105e-4684-b087-4b6333aa3ced@group-F043E0AED0ED-LeaderElection205: begin an election at term 229 for -1: [aed1b97f-105e-4684-b087-4b6333aa3ced:192.168.157.195:34943, 1c51b35f-55cb-4636-a00c-83d34bf2d9d4:192.168.157.195:34693, d21ee1f1-33f6-483c-a18b-27782ce1915a:192.168.157.195:46462], old=null
2019-10-23 22:22:09,322 [grpc-default-executor-0] INFO  impl.RaftServerImpl (RaftServerImpl.java:setRole(184)) - 1c51b35f-55cb-4636-a00c-83d34bf2d9d4@group-F043E0AED0ED: changes role from  FOLLOWER to FOLLOWER at term 229 for recognizeCandidate:aed1b97f-105e-4684-b087-4b6333aa3ced
2019-10-23 22:22:09,322 [grpc-default-executor-4] INFO  impl.RaftServerImpl (RaftServerImpl.java:setRole(184)) - d21ee1f1-33f6-483c-a18b-27782ce1915a@group-F043E0AED0ED: changes role from  FOLLOWER to FOLLOWER at term 229 for recognizeCandidate:aed1b97f-105e-4684-b087-4b6333aa3ced
2019-10-23 22:22:09,322 [grpc-default-executor-0] INFO  impl.RoleInfo (RoleInfo.java:shutdownFollowerState(121)) - 1c51b35f-55cb-4636-a00c-83d34bf2d9d4: shutdown FollowerState
2019-10-23 22:22:09,322 [grpc-default-executor-4] INFO  impl.RoleInfo (RoleInfo.java:shutdownFollowerState(121)) - d21ee1f1-33f6-483c-a18b-27782ce1915a: shutdown FollowerState
2019-10-23 22:22:09,322 [grpc-default-executor-0] INFO  impl.RoleInfo (RoleInfo.java:updateAndGet(143)) - 1c51b35f-55cb-4636-a00c-83d34bf2d9d4: start FollowerState
2019-10-23 22:22:09,322 [Thread-1611] INFO  impl.FollowerState (FollowerState.java:run(117)) - d21ee1f1-33f6-483c-a18b-27782ce1915a@group-F043E0AED0ED-FollowerState was interrupted: java.lang.InterruptedException: sleep interrupted
2019-10-23 22:22:09,322 [grpc-default-executor-4] INFO  impl.RoleInfo (RoleInfo.java:updateAndGet(143)) - d21ee1f1-33f6-483c-a18b-27782ce1915a: start FollowerState
2019-10-23 22:22:09,322 [Thread-1610] INFO  impl.FollowerState (FollowerState.java:run(117)) - 1c51b35f-55cb-4636-a00c-83d34bf2d9d4@group-F043E0AED0ED-FollowerState was interrupted: java.lang.InterruptedException: sleep interrupted
2019-10-23 22:22:09,337 [aed1b97f-105e-4684-b087-4b6333aa3ced@group-F043E0AED0ED-LeaderElection205] INFO  impl.LeaderElection (LeaderElection.java:logAndReturn(56)) - aed1b97f-105e-4684-b087-4b6333aa3ced@group-F043E0AED0ED-LeaderElection205: Election REJECTED; received 2 response(s) [aed1b97f-105e-4684-b087-4b6333aa3ced<-1c51b35f-55cb-4636-a00c-83d34bf2d9d4#0:FAIL-t229, aed1b97f-105e-4684-b087-4b6333aa3ced<-d21ee1f1-33f6-483c-a18b-27782ce1915a#0:FAIL-t229] and 0 exception(s); aed1b97f-105e-4684-b087-4b6333aa3ced@group-F043E0AED0ED:t229, leader=null, voted=aed1b97f-105e-4684-b087-4b6333aa3ced, raftlog=aed1b97f-105e-4684-b087-4b6333aa3ced@group-F043E0AED0ED-SegmentedRaftLog:OPENED:c-1,f-1,i0, conf=-1: [aed1b97f-105e-4684-b087-4b6333aa3ced:192.168.157.195:34943, 1c51b35f-55cb-4636-a00c-83d34bf2d9d4:192.168.157.195:34693, d21ee1f1-33f6-483c-a18b-27782ce1915a:192.168.157.195:46462], old=null
2019-10-23 22:22:09,337 [aed1b97f-105e-4684-b087-4b6333aa3ced@group-F043E0AED0ED-LeaderElection205] INFO  impl.RaftServerImpl (RaftServerImpl.java:setRole(184)) - aed1b97f-105e-4684-b087-4b6333aa3ced@group-F043E0AED0ED: changes role from CANDIDATE to FOLLOWER at term 229 for DISCOVERED_A_NEW_TERM
2019-10-23 22:22:09,337 [aed1b97f-105e-4684-b087-4b6333aa3ced@group-F043E0AED0ED-LeaderElection205] INFO  impl.RoleInfo (RoleInfo.java:shutdownLeaderElection(134)) - aed1b97f-105e-4684-b087-4b6333aa3ced: shutdown LeaderElection
2019-10-23 22:22:09,338 [aed1b97f-105e-4684-b087-4b6333aa3ced@group-F043E0AED0ED-LeaderElection205] INFO  impl.RoleInfo (RoleInfo.java:updateAndGet(143)) - aed1b97f-105e-4684-b087-4b6333aa3ced: start FollowerState
2019-10-23 22:22:09,421 [Thread-1618] INFO  impl.FollowerState (FollowerState.java:run(108)) - aed1b97f-105e-4684-b087-4b6333aa3ced@group-F043E0AED0ED-FollowerState: change to CANDIDATE, lastRpcTime:83ms, electionTimeout:83ms
2019-10-23 22:22:09,421 [Thread-1618] INFO  impl.RoleInfo (RoleInfo.java:shutdownFollowerState(121)) - aed1b97f-105e-4684-b087-4b6333aa3ced: shutdown FollowerState
2019-10-23 22:22:09,421 [Thread-1618] INFO  impl.RaftServerImpl (RaftServerImpl.java:setRole(184)) - aed1b97f-105e-4684-b087-4b6333aa3ced@group-F043E0AED0ED: changes role from  FOLLOWER to CANDIDATE at term 229 for changeToCandidate
2019-10-23 22:22:09,421 [Thread-1618] INFO  impl.RoleInfo (RoleInfo.java:updateAndGet(143)) - aed1b97f-105e-4684-b087-4b6333aa3ced: start LeaderElection
2019-10-23 22:22:09,435 [aed1b97f-105e-4684-b087-4b6333aa3ced@group-F043E0AED0ED-LeaderElection206] INFO  impl.LeaderElection (LeaderElection.java:askForVotes(178)) - aed1b97f-105e-4684-b087-4b6333aa3ced@group-F043E0AED0ED-LeaderElection206: begin an election at term 230 for -1: [aed1b97f-105e-4684-b087-4b6333aa3ced:192.168.157.195:34943, 1c51b35f-55cb-4636-a00c-83d34bf2d9d4:192.168.157.195:34693, d21ee1f1-33f6-483c-a18b-27782ce1915a:192.168.157.195:46462], old=null
2019-10-23 22:22:09,437 [grpc-default-executor-4] INFO  impl.RaftServerImpl (RaftServerImpl.java:setRole(184)) - 1c51b35f-55cb-4636-a00c-83d34bf2d9d4@group-F043E0AED0ED: changes role from  FOLLOWER to FOLLOWER at term 230 for recognizeCandidate:aed1b97f-105e-4684-b087-4b6333aa3ced
2019-10-23 22:22:09,437 [grpc-default-executor-4] INFO  impl.RoleInfo (RoleInfo.java:shutdownFollowerState(121)) - 1c51b35f-55cb-4636-a00c-83d34bf2d9d4: shutdown FollowerState
2019-10-23 22:22:09,437 [grpc-default-executor-4] INFO  impl.RoleInfo (RoleInfo.java:updateAndGet(143)) - 1c51b35f-55cb-4636-a00c-83d34bf2d9d4: start FollowerState
2019-10-23 22:22:09,438 [Thread-1616] INFO  impl.FollowerState (FollowerState.java:run(117)) - 1c51b35f-55cb-4636-a00c-83d34bf2d9d4@group-F043E0AED0ED-FollowerState was interrupted: java.lang.InterruptedException: sleep interrupted
2019-10-23 22:22:09,437 [grpc-default-executor-0] INFO  impl.RaftServerImpl (RaftServerImpl.java:setRole(184)) - d21ee1f1-33f6-483c-a18b-27782ce1915a@group-F043E0AED0ED: changes role from  FOLLOWER to FOLLOWER at term 230 for recognizeCandidate:aed1b97f-105e-4684-b087-4b6333aa3ced
2019-10-23 22:22:09,438 [grpc-default-executor-0] INFO  impl.RoleInfo (RoleInfo.java:shutdownFollowerState(121)) - d21ee1f1-33f6-483c-a18b-27782ce1915a: shutdown FollowerState
2019-10-23 22:22:09,438 [grpc-default-executor-0] INFO  impl.RoleInfo (RoleInfo.java:updateAndGet(143)) - d21ee1f1-33f6-483c-a18b-27782ce1915a: start FollowerState
2019-10-23 22:22:09,438 [Thread-1617] INFO  impl.FollowerState (FollowerState.java:run(117)) - d21ee1f1-33f6-483c-a18b-27782ce1915a@group-F043E0AED0ED-FollowerState was interrupted: java.lang.InterruptedException: sleep interrupted
2019-10-23 22:22:09,452 [aed1b97f-105e-4684-b087-4b6333aa3ced@group-F043E0AED0ED-LeaderElection206] INFO  impl.LeaderElection (LeaderElection.java:logAndReturn(56)) - aed1b97f-105e-4684-b087-4b6333aa3ced@group-F043E0AED0ED-LeaderElection206: Election REJECTED; received 2 response(s) [aed1b97f-105e-4684-b087-4b6333aa3ced<-1c51b35f-55cb-4636-a00c-83d34bf2d9d4#0:FAIL-t230, aed1b97f-105e-4684-b087-4b6333aa3ced<-d21ee1f1-33f6-483c-a18b-27782ce1915a#0:FAIL-t230] and 0 exception(s); aed1b97f-105e-4684-b087-4b6333aa3ced@group-F043E0AED0ED:t230, leader=null, voted=aed1b97f-105e-4684-b087-4b6333aa3ced, raftlog=aed1b97f-105e-4684-b087-4b6333aa3ced@group-F043E0AED0ED-SegmentedRaftLog:OPENED:c-1,f-1,i0, conf=-1: [aed1b97f-105e-4684-b087-4b6333aa3ced:192.168.157.195:34943, 1c51b35f-55cb-4636-a00c-83d34bf2d9d4:192.168.157.195:34693, d21ee1f1-33f6-483c-a18b-27782ce1915a:192.168.157.195:46462], old=null
2019-10-23 22:22:09,452 [aed1b97f-105e-4684-b087-4b6333aa3ced@group-F043E0AED0ED-LeaderElection206] INFO  impl.RaftServerImpl (RaftServerImpl.java:setRole(184)) - aed1b97f-105e-4684-b087-4b6333aa3ced@group-F043E0AED0ED: changes role from CANDIDATE to FOLLOWER at term 230 for DISCOVERED_A_NEW_TERM
2019-10-23 22:22:09,452 [aed1b97f-105e-4684-b087-4b6333aa3ced@group-F043E0AED0ED-LeaderElection206] INFO  impl.RoleInfo (RoleInfo.java:shutdownLeaderElection(134)) - aed1b97f-105e-4684-b087-4b6333aa3ced: shutdown LeaderElection
2019-10-23 22:22:09,452 [aed1b97f-105e-4684-b087-4b6333aa3ced@group-F043E0AED0ED-LeaderElection206] INFO  impl.RoleInfo (RoleInfo.java:updateAndGet(143)) - aed1b97f-105e-4684-b087-4b6333aa3ced: start FollowerState
2019-10-23 22:22:09,453 [Thread-1624] INFO  impl.FollowerState (FollowerState.java:run(108)) - aed1b97f-105e-4684-b087-4b6333aa3ced@group-F043E0AED0ED-FollowerState: change to CANDIDATE, lastRpcTime:1ms, electionTimeout:1ms
2019-10-23 22:22:09,454 [Thread-1624] INFO  impl.RoleInfo (RoleInfo.java:shutdownFollowerState(121)) - aed1b97f-105e-4684-b087-4b6333aa3ced: shutdown FollowerState
2019-10-23 22:22:09,454 [Thread-1624] INFO  impl.RaftServerImpl (RaftServerImpl.java:setRole(184)) - aed1b97f-105e-4684-b087-4b6333aa3ced@group-F043E0AED0ED: changes role from  FOLLOWER to CANDIDATE at term 230 for changeToCandidate
2019-10-23 22:22:09,454 [Thread-1624] INFO  impl.RoleInfo (RoleInfo.java:updateAndGet(143)) - aed1b97f-105e-4684-b087-4b6333aa3ced: start LeaderElection
2019-10-23 22:22:09,468 [aed1b97f-105e-4684-b087-4b6333aa3ced@group-F043E0AED0ED-LeaderElection207] INFO  impl.LeaderElection (LeaderElection.java:askForVotes(178)) - aed1b97f-105e-4684-b087-4b6333aa3ced@group-F043E0AED0ED-LeaderElection207: begin an election at term 231 for -1: [aed1b97f-105e-4684-b087-4b6333aa3ced:192.168.157.195:34943, 1c51b35f-55cb-4636-a00c-83d34bf2d9d4:192.168.157.195:34693, d21ee1f1-33f6-483c-a18b-27782ce1915a:192.168.157.195:46462], old=null
2019-10-23 22:22:09,468 [aed1b97f-105e-4684-b087-4b6333aa3ced@group-F043E0AED0ED-LeaderElection207] INFO  impl.LeaderElection (LeaderElection.java:logAndReturn(56)) - aed1b97f-105e-4684-b087-4b6333aa3ced@group-F043E0AED0ED-LeaderElection207: Election TIMEOUT; received 0 response(s) [] and 0 exception(s); aed1b97f-105e-4684-b087-4b6333aa3ced@group-F043E0AED0ED:t231, leader=null, voted=aed1b97f-105e-4684-b087-4b6333aa3ced, raftlog=aed1b97f-105e-4684-b087-4b6333aa3ced@group-F043E0AED0ED-SegmentedRaftLog:OPENED:c-1,f-1,i0, conf=-1: [aed1b97f-105e-4684-b087-4b6333aa3ced:192.168.157.195:34943, 1c51b35f-55cb-4636-a00c-83d34bf2d9d4:192.168.157.195:34693, d21ee1f1-33f6-483c-a18b-27782ce1915a:192.168.157.195:46462], old=null
2019-10-23 22:22:09,470 [grpc-default-executor-4] INFO  impl.RaftServerImpl (RaftServerImpl.java:setRole(184)) - 1c51b35f-55cb-4636-a00c-83d34bf2d9d4@group-F043E0AED0ED: changes role from  FOLLOWER to FOLLOWER at term 231 for recognizeCandidate:aed1b97f-105e-4684-b087-4b6333aa3ced
2019-10-23 22:22:09,470 [grpc-default-executor-4] INFO  impl.RoleInfo (RoleInfo.java:shutdownFollowerState(121)) - 1c51b35f-55cb-4636-a00c-83d34bf2d9d4: shutdown FollowerState
2019-10-23 22:22:09,471 [grpc-default-executor-4] INFO  impl.RoleInfo (RoleInfo.java:updateAndGet(143)) - 1c51b35f-55cb-4636-a00c-83d34bf2d9d4: start FollowerState
2019-10-23 22:22:09,471 [grpc-default-executor-0] INFO  impl.RaftServerImpl (RaftServerImpl.java:setRole(184)) - d21ee1f1-33f6-483c-a18b-27782ce1915a@group-F043E0AED0ED: changes role from  FOLLOWER to FOLLOWER at term 231 for recognizeCandidate:aed1b97f-105e-4684-b087-4b6333aa3ced
2019-10-23 22:22:09,471 [grpc-default-executor-0] INFO  impl.RoleInfo (RoleInfo.java:shutdownFollowerState(121)) - d21ee1f1-33f6-483c-a18b-27782ce1915a: shutdown FollowerState
2019-10-23 22:22:09,471 [Thread-1622] INFO  impl.FollowerState (FollowerState.java:run(117)) - 1c51b35f-55cb-4636-a00c-83d34bf2d9d4@group-F043E0AED0ED-FollowerState was interrupted: java.lang.InterruptedException: sleep interrupted
2019-10-23 22:22:09,471 [grpc-default-executor-0] INFO  impl.RoleInfo (RoleInfo.java:updateAndGet(143)) - d21ee1f1-33f6-483c-a18b-27782ce1915a: start FollowerState
2019-10-23 22:22:09,471 [Thread-1623] INFO  impl.FollowerState (FollowerState.java:run(117)) - d21ee1f1-33f6-483c-a18b-27782ce1915a@group-F043E0AED0ED-FollowerState was interrupted: java.lang.InterruptedException: sleep interrupted
2019-10-23 22:22:09,472 [aed1b97f-105e-4684-b087-4b6333aa3ced@group-F043E0AED0ED-LeaderElection207] INFO  impl.LeaderElection (LeaderElection.java:askForVotes(178)) - aed1b97f-105e-4684-b087-4b6333aa3ced@group-F043E0AED0ED-LeaderElection207: begin an election at term 232 for -1: [aed1b97f-105e-4684-b087-4b6333aa3ced:192.168.157.195:34943, 1c51b35f-55cb-4636-a00c-83d34bf2d9d4:192.168.157.195:34693, d21ee1f1-33f6-483c-a18b-27782ce1915a:192.168.157.195:46462], old=null
2019-10-23 22:22:09,475 [grpc-default-executor-3] INFO  impl.RaftServerImpl (RaftServerImpl.java:setRole(184)) - 1c51b35f-55cb-4636-a00c-83d34bf2d9d4@group-F043E0AED0ED: changes role from  FOLLOWER to FOLLOWER at term 232 for recognizeCandidate:aed1b97f-105e-4684-b087-4b6333aa3ced
2019-10-23 22:22:09,475 [grpc-default-executor-5] INFO  impl.RaftServerImpl (RaftServerImpl.java:setRole(184)) - d21ee1f1-33f6-483c-a18b-27782ce1915a@group-F043E0AED0ED: changes role from  FOLLOWER to FOLLOWER at term 232 for recognizeCandidate:aed1b97f-105e-4684-b087-4b6333aa3ced
2019-10-23 22:22:09,475 [grpc-default-executor-5] INFO  impl.RoleInfo (RoleInfo.java:shutdownFollowerState(121)) - d21ee1f1-33f6-483c-a18b-27782ce1915a: shutdown FollowerState
2019-10-23 22:22:09,475 [grpc-default-executor-3] INFO  impl.RoleInfo (RoleInfo.java:shutdownFollowerState(121)) - 1c51b35f-55cb-4636-a00c-83d34bf2d9d4: shutdown FollowerState
2019-10-23 22:22:09,476 [Thread-1629] INFO  impl.FollowerState (FollowerState.java:run(117)) - d21ee1f1-33f6-483c-a18b-27782ce1915a@group-F043E0AED0ED-FollowerState was interrupted: java.lang.InterruptedException: sleep interrupted
2019-10-23 22:22:09,475 [grpc-default-executor-5] INFO  impl.RoleInfo (RoleInfo.java:updateAndGet(143)) - d21ee1f1-33f6-483c-a18b-27782ce1915a: start FollowerState
2019-10-23 22:22:09,476 [Thread-1628] INFO  impl.FollowerState (FollowerState.java:run(117)) - 1c51b35f-55cb-4636-a00c-83d34bf2d9d4@group-F043E0AED0ED-FollowerState was interrupted: java.lang.InterruptedException: sleep interrupted
2019-10-23 22:22:09,476 [grpc-default-executor-3] INFO  impl.RoleInfo (RoleInfo.java:updateAndGet(143)) - 1c51b35f-55cb-4636-a00c-83d34bf2d9d4: start FollowerState
2019-10-23 22:22:09,489 [aed1b97f-105e-4684-b087-4b6333aa3ced@group-F043E0AED0ED-LeaderElection207] INFO  impl.LeaderElection (LeaderElection.java:logAndReturn(56)) - aed1b97f-105e-4684-b087-4b6333aa3ced@group-F043E0AED0ED-LeaderElection207: Election REJECTED; received 2 response(s) [aed1b97f-105e-4684-b087-4b6333aa3ced<-1c51b35f-55cb-4636-a00c-83d34bf2d9d4#0:FAIL-t232, aed1b97f-105e-4684-b087-4b6333aa3ced<-d21ee1f1-33f6-483c-a18b-27782ce1915a#0:FAIL-t232] and 0 exception(s); aed1b97f-105e-4684-b087-4b6333aa3ced@group-F043E0AED0ED:t232, leader=null, voted=aed1b97f-105e-4684-b087-4b6333aa3ced, raftlog=aed1b97f-105e-4684-b087-4b6333aa3ced@group-F043E0AED0ED-SegmentedRaftLog:OPENED:c-1,f-1,i0, conf=-1: [aed1b97f-105e-4684-b087-4b6333aa3ced:192.168.157.195:34943, 1c51b35f-55cb-4636-a00c-83d34bf2d9d4:192.168.157.195:34693, d21ee1f1-33f6-483c-a18b-27782ce1915a:192.168.157.195:46462], old=null
2019-10-23 22:22:09,489 [aed1b97f-105e-4684-b087-4b6333aa3ced@group-F043E0AED0ED-LeaderElection207] INFO  impl.RaftServerImpl (RaftServerImpl.java:setRole(184)) - aed1b97f-105e-4684-b087-4b6333aa3ced@group-F043E0AED0ED: changes role from CANDIDATE to FOLLOWER at term 232 for DISCOVERED_A_NEW_TERM
2019-10-23 22:22:09,489 [aed1b97f-105e-4684-b087-4b6333aa3ced@group-F043E0AED0ED-LeaderElection207] INFO  impl.RoleInfo (RoleInfo.java:shutdownLeaderElection(134)) - aed1b97f-105e-4684-b087-4b6333aa3ced: shutdown LeaderElection
2019-10-23 22:22:09,490 [aed1b97f-105e-4684-b087-4b6333aa3ced@group-F043E0AED0ED-LeaderElection207] INFO  impl.RoleInfo (RoleInfo.java:updateAndGet(143)) - aed1b97f-105e-4684-b087-4b6333aa3ced: start FollowerState
2019-10-23 22:22:09,576 [Thread-1634] INFO  impl.FollowerState (FollowerState.java:run(108)) - aed1b97f-105e-4684-b087-4b6333aa3ced@group-F043E0AED0ED-FollowerState: change to CANDIDATE, lastRpcTime:86ms, electionTimeout:86ms
2019-10-23 22:22:09,576 [Thread-1634] INFO  impl.RoleInfo (RoleInfo.java:shutdownFollowerState(121)) - aed1b97f-105e-4684-b087-4b6333aa3ced: shutdown FollowerState
2019-10-23 22:22:09,576 [Thread-1634] INFO  impl.RaftServerImpl (RaftServerImpl.java:setRole(184)) - aed1b97f-105e-4684-b087-4b6333aa3ced@group-F043E0AED0ED: changes role from  FOLLOWER to CANDIDATE at term 232 for changeToCandidate
2019-10-23 22:22:09,576 [Thread-1634] INFO  impl.RoleInfo (RoleInfo.java:updateAndGet(143)) - aed1b97f-105e-4684-b087-4b6333aa3ced: start LeaderElection
2019-10-23 22:22:09,582 [aed1b97f-105e-4684-b087-4b6333aa3ced@group-F043E0AED0ED-LeaderElection208] INFO  impl.LeaderElection (LeaderElection.java:askForVotes(178)) - aed1b97f-105e-4684-b087-4b6333aa3ced@group-F043E0AED0ED-LeaderElection208: begin an election at term 233 for -1: [aed1b97f-105e-4684-b087-4b6333aa3ced:192.168.157.195:34943, 1c51b35f-55cb-4636-a00c-83d34bf2d9d4:192.168.157.195:34693, d21ee1f1-33f6-483c-a18b-27782ce1915a:192.168.157.195:46462], old=null
2019-10-23 22:22:09,584 [grpc-default-executor-5] INFO  impl.RaftServerImpl (RaftServerImpl.java:setRole(184)) - 1c51b35f-55cb-4636-a00c-83d34bf2d9d4@group-F043E0AED0ED: changes role from  FOLLOWER to FOLLOWER at term 233 for recognizeCandidate:aed1b97f-105e-4684-b087-4b6333aa3ced
2019-10-23 22:22:09,584 [grpc-default-executor-5] INFO  impl.RoleInfo (RoleInfo.java:shutdownFollowerState(121)) - 1c51b35f-55cb-4636-a00c-83d34bf2d9d4: shutdown FollowerState
2019-10-23 22:22:09,585 [grpc-default-executor-5] INFO  impl.RoleInfo (RoleInfo.java:updateAndGet(143)) - 1c51b35f-55cb-4636-a00c-83d34bf2d9d4: start FollowerState
2019-10-23 22:22:09,585 [Thread-1633] INFO  impl.FollowerState (FollowerState.java:run(117)) - 1c51b35f-55cb-4636-a00c-83d34bf2d9d4@group-F043E0AED0ED-FollowerState was interrupted: java.lang.InterruptedException: sleep interrupted
2019-10-23 22:22:09,585 [grpc-default-executor-3] INFO  impl.RaftServerImpl (RaftServerImpl.java:setRole(184)) - d21ee1f1-33f6-483c-a18b-27782ce1915a@group-F043E0AED0ED: changes role from  FOLLOWER to FOLLOWER at term 233 for recognizeCandidate:aed1b97f-105e-4684-b087-4b6333aa3ced
2019-10-23 22:22:09,585 [grpc-default-executor-3] INFO  impl.RoleInfo (RoleInfo.java:shutdownFollowerState(121)) - d21ee1f1-33f6-483c-a18b-27782ce1915a: shutdown FollowerState
2019-10-23 22:22:09,585 [grpc-default-executor-3] INFO  impl.RoleInfo (RoleInfo.java:updateAndGet(143)) - d21ee1f1-33f6-483c-a18b-27782ce1915a: start FollowerState
2019-10-23 22:22:09,585 [Thread-1632] INFO  impl.FollowerState (FollowerState.java:run(117)) - d21ee1f1-33f6-483c-a18b-27782ce1915a@group-F043E0AED0ED-FollowerState was interrupted: java.lang.InterruptedException: sleep interrupted
2019-10-23 22:22:09,595 [aed1b97f-105e-4684-b087-4b6333aa3ced@group-F043E0AED0ED-LeaderElection208] INFO  impl.LeaderElection (LeaderElection.java:logAndReturn(56)) - aed1b97f-105e-4684-b087-4b6333aa3ced@group-F043E0AED0ED-LeaderElection208: Election REJECTED; received 2 response(s) [aed1b97f-105e-4684-b087-4b6333aa3ced<-1c51b35f-55cb-4636-a00c-83d34bf2d9d4#0:FAIL-t233, aed1b97f-105e-4684-b087-4b6333aa3ced<-d21ee1f1-33f6-483c-a18b-27782ce1915a#0:FAIL-t233] and 0 exception(s); aed1b97f-105e-4684-b087-4b6333aa3ced@group-F043E0AED0ED:t233, leader=null, voted=aed1b97f-105e-4684-b087-4b6333aa3ced, raftlog=aed1b97f-105e-4684-b087-4b6333aa3ced@group-F043E0AED0ED-SegmentedRaftLog:OPENED:c-1,f-1,i0, conf=-1: [aed1b97f-105e-4684-b087-4b6333aa3ced:192.168.157.195:34943, 1c51b35f-55cb-4636-a00c-83d34bf2d9d4:192.168.157.195:34693, d21ee1f1-33f6-483c-a18b-27782ce1915a:192.168.157.195:46462], old=null
2019-10-23 22:22:09,595 [aed1b97f-105e-4684-b087-4b6333aa3ced@group-F043E0AED0ED-LeaderElection208] INFO  impl.RaftServerImpl (RaftServerImpl.java:setRole(184)) - aed1b97f-105e-4684-b087-4b6333aa3ced@group-F043E0AED0ED: changes role from CANDIDATE to FOLLOWER at term 233 for DISCOVERED_A_NEW_TERM
2019-10-23 22:22:09,595 [aed1b97f-105e-4684-b087-4b6333aa3ced@group-F043E0AED0ED-LeaderElection208] INFO  impl.RoleInfo (RoleInfo.java:shutdownLeaderElection(134)) - aed1b97f-105e-4684-b087-4b6333aa3ced: shutdown LeaderElection
2019-10-23 22:22:09,596 [aed1b97f-105e-4684-b087-4b6333aa3ced@group-F043E0AED0ED-LeaderElection208] INFO  impl.RoleInfo (RoleInfo.java:updateAndGet(143)) - aed1b97f-105e-4684-b087-4b6333aa3ced: start FollowerState
2019-10-23 22:22:09,648 [Thread-1640] INFO  impl.FollowerState (FollowerState.java:run(108)) - aed1b97f-105e-4684-b087-4b6333aa3ced@group-F043E0AED0ED-FollowerState: change to CANDIDATE, lastRpcTime:52ms, electionTimeout:52ms
2019-10-23 22:22:09,648 [Thread-1640] INFO  impl.RoleInfo (RoleInfo.java:shutdownFollowerState(121)) - aed1b97f-105e-4684-b087-4b6333aa3ced: shutdown FollowerState
2019-10-23 22:22:09,648 [Thread-1640] INFO  impl.RaftServerImpl (RaftServerImpl.java:setRole(184)) - aed1b97f-105e-4684-b087-4b6333aa3ced@group-F043E0AED0ED: changes role from  FOLLOWER to CANDIDATE at term 233 for changeToCandidate
2019-10-23 22:22:09,648 [Thread-1640] INFO  impl.RoleInfo (RoleInfo.java:updateAndGet(143)) - aed1b97f-105e-4684-b087-4b6333aa3ced: start LeaderElection
2019-10-23 22:22:09,663 [aed1b97f-105e-4684-b087-4b6333aa3ced@group-F043E0AED0ED-LeaderElection209] INFO  impl.LeaderElection (LeaderElection.java:askForVotes(178)) - aed1b97f-105e-4684-b087-4b6333aa3ced@group-F043E0AED0ED-LeaderElection209: begin an election at term 234 for -1: [aed1b97f-105e-4684-b087-4b6333aa3ced:192.168.157.195:34943, 1c51b35f-55cb-4636-a00c-83d34bf2d9d4:192.168.157.195:34693, d21ee1f1-33f6-483c-a18b-27782ce1915a:192.168.157.195:46462], old=null
2019-10-23 22:22:09,665 [grpc-default-executor-3] INFO  impl.RaftServerImpl (RaftServerImpl.java:setRole(184)) - 1c51b35f-55cb-4636-a00c-83d34bf2d9d4@group-F043E0AED0ED: changes role from  FOLLOWER to FOLLOWER at term 234 for recognizeCandidate:aed1b97f-105e-4684-b087-4b6333aa3ced
2019-10-23 22:22:09,665 [grpc-default-executor-3] INFO  impl.RoleInfo (RoleInfo.java:shutdownFollowerState(121)) - 1c51b35f-55cb-4636-a00c-83d34bf2d9d4: shutdown FollowerState
2019-10-23 22:22:09,665 [grpc-default-executor-5] INFO  impl.RaftServerImpl (RaftServerImpl.java:setRole(184)) - d21ee1f1-33f6-483c-a18b-27782ce1915a@group-F043E0AED0ED: changes role from  FOLLOWER to FOLLOWER at term 234 for recognizeCandidate:aed1b97f-105e-4684-b087-4b6333aa3ced
2019-10-23 22:22:09,666 [Thread-1638] INFO  impl.FollowerState (FollowerState.java:run(117)) - 1c51b35f-55cb-4636-a00c-83d34bf2d9d4@group-F043E0AED0ED-FollowerState was interrupted: java.lang.InterruptedException: sleep interrupted
2019-10-23 22:22:09,666 [grpc-default-executor-3] INFO  impl.RoleInfo (RoleInfo.java:updateAndGet(143)) - 1c51b35f-55cb-4636-a00c-83d34bf2d9d4: start FollowerState
2019-10-23 22:22:09,666 [grpc-default-executor-5] INFO  impl.RoleInfo (RoleInfo.java:shutdownFollowerState(121)) - d21ee1f1-33f6-483c-a18b-27782ce1915a: shutdown FollowerState
2019-10-23 22:22:09,666 [grpc-default-executor-5] INFO  impl.RoleInfo (RoleInfo.java:updateAndGet(143)) - d21ee1f1-33f6-483c-a18b-27782ce1915a: start FollowerState
2019-10-23 22:22:09,666 [Thread-1639] INFO  impl.FollowerState (FollowerState.java:run(117)) - d21ee1f1-33f6-483c-a18b-27782ce1915a@group-F043E0AED0ED-FollowerState was interrupted: java.lang.InterruptedException: sleep interrupted
2019-10-23 22:22:09,680 [aed1b97f-105e-4684-b087-4b6333aa3ced@group-F043E0AED0ED-LeaderElection209] INFO  impl.LeaderElection (LeaderElection.java:logAndReturn(56)) - aed1b97f-105e-4684-b087-4b6333aa3ced@group-F043E0AED0ED-LeaderElection209: Election REJECTED; received 2 response(s) [aed1b97f-105e-4684-b087-4b6333aa3ced<-1c51b35f-55cb-4636-a00c-83d34bf2d9d4#0:FAIL-t234, aed1b97f-105e-4684-b087-4b6333aa3ced<-d21ee1f1-33f6-483c-a18b-27782ce1915a#0:FAIL-t234] and 0 exception(s); aed1b97f-105e-4684-b087-4b6333aa3ced@group-F043E0AED0ED:t234, leader=null, voted=aed1b97f-105e-4684-b087-4b6333aa3ced, raftlog=aed1b97f-105e-4684-b087-4b6333aa3ced@group-F043E0AED0ED-SegmentedRaftLog:OPENED:c-1,f-1,i0, conf=-1: [aed1b97f-105e-4684-b087-4b6333aa3ced:192.168.157.195:34943, 1c51b35f-55cb-4636-a00c-83d34bf2d9d4:192.168.157.195:34693, d21ee1f1-33f6-483c-a18b-27782ce1915a:192.168.157.195:46462], old=null
2019-10-23 22:22:09,680 [aed1b97f-105e-4684-b087-4b6333aa3ced@group-F043E0AED0ED-LeaderElection209] INFO  impl.RaftServerImpl (RaftServerImpl.java:setRole(184)) - aed1b97f-105e-4684-b087-4b6333aa3ced@group-F043E0AED0ED: changes role from CANDIDATE to FOLLOWER at term 234 for DISCOVERED_A_NEW_TERM
2019-10-23 22:22:09,681 [aed1b97f-105e-4684-b087-4b6333aa3ced@group-F043E0AED0ED-LeaderElection209] INFO  impl.RoleInfo (RoleInfo.java:shutdownLeaderElection(134)) - aed1b97f-105e-4684-b087-4b6333aa3ced: shutdown LeaderElection
2019-10-23 22:22:09,681 [aed1b97f-105e-4684-b087-4b6333aa3ced@group-F043E0AED0ED-LeaderElection209] INFO  impl.RoleInfo (RoleInfo.java:updateAndGet(143)) - aed1b97f-105e-4684-b087-4b6333aa3ced: start FollowerState
2019-10-23 22:22:09,834 [Thread-1646] INFO  impl.FollowerState (FollowerState.java:run(108)) - aed1b97f-105e-4684-b087-4b6333aa3ced@group-F043E0AED0ED-FollowerState: change to CANDIDATE, lastRpcTime:153ms, electionTimeout:153ms
2019-10-23 22:22:09,835 [Thread-1646] INFO  impl.RoleInfo (RoleInfo.java:shutdownFollowerState(121)) - aed1b97f-105e-4684-b087-4b6333aa3ced: shutdown FollowerState
2019-10-23 22:22:09,835 [Thread-1646] INFO  impl.RaftServerImpl (RaftServerImpl.java:setRole(184)) - aed1b97f-105e-4684-b087-4b6333aa3ced@group-F043E0AED0ED: changes role from  FOLLOWER to CANDIDATE at term 234 for changeToCandidate
2019-10-23 22:22:09,835 [Thread-1646] INFO  impl.RoleInfo (RoleInfo.java:updateAndGet(143)) - aed1b97f-105e-4684-b087-4b6333aa3ced: start LeaderElection
2019-10-23 22:22:09,849 [aed1b97f-105e-4684-b087-4b6333aa3ced@group-F043E0AED0ED-LeaderElection210] INFO  impl.LeaderElection (LeaderElection.java:askForVotes(178)) - aed1b97f-105e-4684-b087-4b6333aa3ced@group-F043E0AED0ED-LeaderElection210: begin an election at term 235 for -1: [aed1b97f-105e-4684-b087-4b6333aa3ced:192.168.157.195:34943, 1c51b35f-55cb-4636-a00c-83d34bf2d9d4:192.168.157.195:34693, d21ee1f1-33f6-483c-a18b-27782ce1915a:192.168.157.195:46462], old=null
2019-10-23 22:22:09,852 [grpc-default-executor-5] INFO  impl.RaftServerImpl (RaftServerImpl.java:setRole(184)) - d21ee1f1-33f6-483c-a18b-27782ce1915a@group-F043E0AED0ED: changes role from  FOLLOWER to FOLLOWER at term 235 for recognizeCandidate:aed1b97f-105e-4684-b087-4b6333aa3ced
2019-10-23 22:22:09,852 [grpc-default-executor-5] INFO  impl.RoleInfo (RoleInfo.java:shutdownFollowerState(121)) - d21ee1f1-33f6-483c-a18b-27782ce1915a: shutdown FollowerState
2019-10-23 22:22:09,852 [grpc-default-executor-3] INFO  impl.RaftServerImpl (RaftServerImpl.java:setRole(184)) - 1c51b35f-55cb-4636-a00c-83d34bf2d9d4@group-F043E0AED0ED: changes role from  FOLLOWER to FOLLOWER at term 235 for recognizeCandidate:aed1b97f-105e-4684-b087-4b6333aa3ced
2019-10-23 22:22:09,853 [Thread-1645] INFO  impl.FollowerState (FollowerState.java:run(117)) - d21ee1f1-33f6-483c-a18b-27782ce1915a@group-F043E0AED0ED-FollowerState was interrupted: java.lang.InterruptedException: sleep interrupted
2019-10-23 22:22:09,852 [grpc-default-executor-5] INFO  impl.RoleInfo (RoleInfo.java:updateAndGet(143)) - d21ee1f1-33f6-483c-a18b-27782ce1915a: start FollowerState
2019-10-23 22:22:09,853 [grpc-default-executor-3] INFO  impl.RoleInfo (RoleInfo.java:shutdownFollowerState(121)) - 1c51b35f-55cb-4636-a00c-83d34bf2d9d4: shutdown FollowerState
2019-10-23 22:22:09,853 [grpc-default-executor-3] INFO  impl.RoleInfo (RoleInfo.java:updateAndGet(143)) - 1c51b35f-55cb-4636-a00c-83d34bf2d9d4: start FollowerState
2019-10-23 22:22:09,853 [Thread-1644] INFO  impl.FollowerState (FollowerState.java:run(117)) - 1c51b35f-55cb-4636-a00c-83d34bf2d9d4@group-F043E0AED0ED-FollowerState was interrupted: java.lang.InterruptedException: sleep interrupted
2019-10-23 22:22:09,862 [aed1b97f-105e-4684-b087-4b6333aa3ced@group-F043E0AED0ED-LeaderElection210] INFO  impl.LeaderElection (LeaderElection.java:logAndReturn(56)) - aed1b97f-105e-4684-b087-4b6333aa3ced@group-F043E0AED0ED-LeaderElection210: Election REJECTED; received 2 response(s) [aed1b97f-105e-4684-b087-4b6333aa3ced<-1c51b35f-55cb-4636-a00c-83d34bf2d9d4#0:FAIL-t235, aed1b97f-105e-4684-b087-4b6333aa3ced<-d21ee1f1-33f6-483c-a18b-27782ce1915a#0:FAIL-t235] and 0 exception(s); aed1b97f-105e-4684-b087-4b6333aa3ced@group-F043E0AED0ED:t235, leader=null, voted=aed1b97f-105e-4684-b087-4b6333aa3ced, raftlog=aed1b97f-105e-4684-b087-4b6333aa3ced@group-F043E0AED0ED-SegmentedRaftLog:OPENED:c-1,f-1,i0, conf=-1: [aed1b97f-105e-4684-b087-4b6333aa3ced:192.168.157.195:34943, 1c51b35f-55cb-4636-a00c-83d34bf2d9d4:192.168.157.195:34693, d21ee1f1-33f6-483c-a18b-27782ce1915a:192.168.157.195:46462], old=null
2019-10-23 22:22:09,862 [aed1b97f-105e-4684-b087-4b6333aa3ced@group-F043E0AED0ED-LeaderElection210] INFO  impl.RaftServerImpl (RaftServerImpl.java:setRole(184)) - aed1b97f-105e-4684-b087-4b6333aa3ced@group-F043E0AED0ED: changes role from CANDIDATE to FOLLOWER at term 235 for DISCOVERED_A_NEW_TERM
2019-10-23 22:22:09,862 [aed1b97f-105e-4684-b087-4b6333aa3ced@group-F043E0AED0ED-LeaderElection210] INFO  impl.RoleInfo (RoleInfo.java:shutdownLeaderElection(134)) - aed1b97f-105e-4684-b087-4b6333aa3ced: shutdown LeaderElection
2019-10-23 22:22:09,862 [aed1b97f-105e-4684-b087-4b6333aa3ced@group-F043E0AED0ED-LeaderElection210] INFO  impl.RoleInfo (RoleInfo.java:updateAndGet(143)) - aed1b97f-105e-4684-b087-4b6333aa3ced: start FollowerState
2019-10-23 22:22:10,052 [Thread-1652] INFO  impl.FollowerState (FollowerState.java:run(108)) - aed1b97f-105e-4684-b087-4b6333aa3ced@group-F043E0AED0ED-FollowerState: change to CANDIDATE, lastRpcTime:189ms, electionTimeout:189ms
2019-10-23 22:22:10,052 [Thread-1652] INFO  impl.RoleInfo (RoleInfo.java:shutdownFollowerState(121)) - aed1b97f-105e-4684-b087-4b6333aa3ced: shutdown FollowerState
2019-10-23 22:22:10,052 [Thread-1652] INFO  impl.RaftServerImpl (RaftServerImpl.java:setRole(184)) - aed1b97f-105e-4684-b087-4b6333aa3ced@group-F043E0AED0ED: changes role from  FOLLOWER to CANDIDATE at term 235 for changeToCandidate
2019-10-23 22:22:10,053 [Thread-1652] INFO  impl.RoleInfo (RoleInfo.java:updateAndGet(143)) - aed1b97f-105e-4684-b087-4b6333aa3ced: start LeaderElection
2019-10-23 22:22:10,066 [aed1b97f-105e-4684-b087-4b6333aa3ced@group-F043E0AED0ED-LeaderElection211] INFO  impl.LeaderElection (LeaderElection.java:askForVotes(178)) - aed1b97f-105e-4684-b087-4b6333aa3ced@group-F043E0AED0ED-LeaderElection211: begin an election at term 236 for -1: [aed1b97f-105e-4684-b087-4b6333aa3ced:192.168.157.195:34943, 1c51b35f-55cb-4636-a00c-83d34bf2d9d4:192.168.157.195:34693, d21ee1f1-33f6-483c-a18b-27782ce1915a:192.168.157.195:46462], old=null
2019-10-23 22:22:10,069 [grpc-default-executor-3] INFO  impl.RaftServerImpl (RaftServerImpl.java:setRole(184)) - 1c51b35f-55cb-4636-a00c-83d34bf2d9d4@group-F043E0AED0ED: changes role from  FOLLOWER to FOLLOWER at term 236 for recognizeCandidate:aed1b97f-105e-4684-b087-4b6333aa3ced
2019-10-23 22:22:10,069 [grpc-default-executor-3] INFO  impl.RoleInfo (RoleInfo.java:shutdownFollowerState(121)) - 1c51b35f-55cb-4636-a00c-83d34bf2d9d4: shutdown FollowerState
2019-10-23 22:22:10,069 [grpc-default-executor-3] INFO  impl.RoleInfo (RoleInfo.java:updateAndGet(143)) - 1c51b35f-55cb-4636-a00c-83d34bf2d9d4: start FollowerState
2019-10-23 22:22:10,069 [grpc-default-executor-5] INFO  impl.RaftServerImpl (RaftServerImpl.java:setRole(184)) - d21ee1f1-33f6-483c-a18b-27782ce1915a@group-F043E0AED0ED: changes role from  FOLLOWER to FOLLOWER at term 236 for recognizeCandidate:aed1b97f-105e-4684-b087-4b6333aa3ced
2019-10-23 22:22:10,070 [grpc-default-executor-5] INFO  impl.RoleInfo (RoleInfo.java:shutdownFollowerState(121)) - d21ee1f1-33f6-483c-a18b-27782ce1915a: shutdown FollowerState
2019-10-23 22:22:10,069 [Thread-1651] INFO  impl.FollowerState (FollowerState.java:run(117)) - 1c51b35f-55cb-4636-a00c-83d34bf2d9d4@group-F043E0AED0ED-FollowerState was interrupted: java.lang.InterruptedException: sleep interrupted
2019-10-23 22:22:10,070 [grpc-default-executor-5] INFO  impl.RoleInfo (RoleInfo.java:updateAndGet(143)) - d21ee1f1-33f6-483c-a18b-27782ce1915a: start FollowerState
2019-10-23 22:22:10,070 [Thread-1650] INFO  impl.FollowerState (FollowerState.java:run(117)) - d21ee1f1-33f6-483c-a18b-27782ce1915a@group-F043E0AED0ED-FollowerState was interrupted: java.lang.InterruptedException: sleep interrupted
2019-10-23 22:22:10,084 [aed1b97f-105e-4684-b087-4b6333aa3ced@group-F043E0AED0ED-LeaderElection211] INFO  impl.LeaderElection (LeaderElection.java:logAndReturn(56)) - aed1b97f-105e-4684-b087-4b6333aa3ced@group-F043E0AED0ED-LeaderElection211: Election REJECTED; received 2 response(s) [aed1b97f-105e-4684-b087-4b6333aa3ced<-1c51b35f-55cb-4636-a00c-83d34bf2d9d4#0:FAIL-t236, aed1b97f-105e-4684-b087-4b6333aa3ced<-d21ee1f1-33f6-483c-a18b-27782ce1915a#0:FAIL-t236] and 0 exception(s); aed1b97f-105e-4684-b087-4b6333aa3ced@group-F043E0AED0ED:t236, leader=null, voted=aed1b97f-105e-4684-b087-4b6333aa3ced, raftlog=aed1b97f-105e-4684-b087-4b6333aa3ced@group-F043E0AED0ED-SegmentedRaftLog:OPENED:c-1,f-1,i0, conf=-1: [aed1b97f-105e-4684-b087-4b6333aa3ced:192.168.157.195:34943, 1c51b35f-55cb-4636-a00c-83d34bf2d9d4:192.168.157.195:34693, d21ee1f1-33f6-483c-a18b-27782ce1915a:192.168.157.195:46462], old=null
2019-10-23 22:22:10,084 [aed1b97f-105e-4684-b087-4b6333aa3ced@group-F043E0AED0ED-LeaderElection211] INFO  impl.RaftServerImpl (RaftServerImpl.java:setRole(184)) - aed1b97f-105e-4684-b087-4b6333aa3ced@group-F043E0AED0ED: changes role from CANDIDATE to FOLLOWER at term 236 for DISCOVERED_A_NEW_TERM
2019-10-23 22:22:10,085 [aed1b97f-105e-4684-b087-4b6333aa3ced@group-F043E0AED0ED-LeaderElection211] INFO  impl.RoleInfo (RoleInfo.java:shutdownLeaderElection(134)) - aed1b97f-105e-4684-b087-4b6333aa3ced: shutdown LeaderElection
2019-10-23 22:22:10,085 [aed1b97f-105e-4684-b087-4b6333aa3ced@group-F043E0AED0ED-LeaderElection211] INFO  impl.RoleInfo (RoleInfo.java:updateAndGet(143)) - aed1b97f-105e-4684-b087-4b6333aa3ced: start FollowerState
2019-10-23 22:22:10,113 [Thread-1658] INFO  impl.FollowerState (FollowerState.java:run(108)) - aed1b97f-105e-4684-b087-4b6333aa3ced@group-F043E0AED0ED-FollowerState: change to CANDIDATE, lastRpcTime:28ms, electionTimeout:28ms
2019-10-23 22:22:10,113 [Thread-1658] INFO  impl.RoleInfo (RoleInfo.java:shutdownFollowerState(121)) - aed1b97f-105e-4684-b087-4b6333aa3ced: shutdown FollowerState
2019-10-23 22:22:10,113 [Thread-1658] INFO  impl.RaftServerImpl (RaftServerImpl.java:setRole(184)) - aed1b97f-105e-4684-b087-4b6333aa3ced@group-F043E0AED0ED: changes role from  FOLLOWER to CANDIDATE at term 236 for changeToCandidate
2019-10-23 22:22:10,114 [Thread-1658] INFO  impl.RoleInfo (RoleInfo.java:updateAndGet(143)) - aed1b97f-105e-4684-b087-4b6333aa3ced: start LeaderElection
2019-10-23 22:22:10,127 [aed1b97f-105e-4684-b087-4b6333aa3ced@group-F043E0AED0ED-LeaderElection212] INFO  impl.LeaderElection (LeaderElection.java:askForVotes(178)) - aed1b97f-105e-4684-b087-4b6333aa3ced@group-F043E0AED0ED-LeaderElection212: begin an election at term 237 for -1: [aed1b97f-105e-4684-b087-4b6333aa3ced:192.168.157.195:34943, 1c51b35f-55cb-4636-a00c-83d34bf2d9d4:192.168.157.195:34693, d21ee1f1-33f6-483c-a18b-27782ce1915a:192.168.157.195:46462], old=null
2019-10-23 22:22:10,131 [grpc-default-executor-5] INFO  impl.RaftServerImpl (RaftServerImpl.java:setRole(184)) - 1c51b35f-55cb-4636-a00c-83d34bf2d9d4@group-F043E0AED0ED: changes role from  FOLLOWER to FOLLOWER at term 237 for recognizeCandidate:aed1b97f-105e-4684-b087-4b6333aa3ced
2019-10-23 22:22:10,131 [grpc-default-executor-3] INFO  impl.RaftServerImpl (RaftServerImpl.java:setRole(184)) - d21ee1f1-33f6-483c-a18b-27782ce1915a@group-F043E0AED0ED: changes role from  FOLLOWER to FOLLOWER at term 237 for recognizeCandidate:aed1b97f-105e-4684-b087-4b6333aa3ced
2019-10-23 22:22:10,131 [grpc-default-executor-5] INFO  impl.RoleInfo (RoleInfo.java:shutdownFollowerState(121)) - 1c51b35f-55cb-4636-a00c-83d34bf2d9d4: shutdown FollowerState
2019-10-23 22:22:10,131 [grpc-default-executor-3] INFO  impl.RoleInfo (RoleInfo.java:shutdownFollowerState(121)) - d21ee1f1-33f6-483c-a18b-27782ce1915a: shutdown FollowerState
2019-10-23 22:22:10,131 [Thread-1656] INFO  impl.FollowerState (FollowerState.java:run(117)) - 1c51b35f-55cb-4636-a00c-83d34bf2d9d4@group-F043E0AED0ED-FollowerState was interrupted: java.lang.InterruptedException: sleep interrupted
2019-10-23 22:22:10,131 [grpc-default-executor-5] INFO  impl.RoleInfo (RoleInfo.java:updateAndGet(143)) - 1c51b35f-55cb-4636-a00c-83d34bf2d9d4: start FollowerState
2019-10-23 22:22:10,131 [Thread-1657] INFO  impl.FollowerState (FollowerState.java:run(117)) - d21ee1f1-33f6-483c-a18b-27782ce1915a@group-F043E0AED0ED-FollowerState was interrupted: java.lang.InterruptedException: sleep interrupted
2019-10-23 22:22:10,131 [grpc-default-executor-3] INFO  impl.RoleInfo (RoleInfo.java:updateAndGet(143)) - d21ee1f1-33f6-483c-a18b-27782ce1915a: start FollowerState
2019-10-23 22:22:10,143 [aed1b97f-105e-4684-b087-4b6333aa3ced@group-F043E0AED0ED-LeaderElection212] INFO  impl.LeaderElection (LeaderElection.java:logAndReturn(56)) - aed1b97f-105e-4684-b087-4b6333aa3ced@group-F043E0AED0ED-LeaderElection212: Election REJECTED; received 2 response(s) [aed1b97f-105e-4684-b087-4b6333aa3ced<-1c51b35f-55cb-4636-a00c-83d34bf2d9d4#0:FAIL-t237, aed1b97f-105e-4684-b087-4b6333aa3ced<-d21ee1f1-33f6-483c-a18b-27782ce1915a#0:FAIL-t237] and 0 exception(s); aed1b97f-105e-4684-b087-4b6333aa3ced@group-F043E0AED0ED:t237, leader=null, voted=aed1b97f-105e-4684-b087-4b6333aa3ced, raftlog=aed1b97f-105e-4684-b087-4b6333aa3ced@group-F043E0AED0ED-SegmentedRaftLog:OPENED:c-1,f-1,i0, conf=-1: [aed1b97f-105e-4684-b087-4b6333aa3ced:192.168.157.195:34943, 1c51b35f-55cb-4636-a00c-83d34bf2d9d4:192.168.157.195:34693, d21ee1f1-33f6-483c-a18b-27782ce1915a:192.168.157.195:46462], old=null
2019-10-23 22:22:10,143 [aed1b97f-105e-4684-b087-4b6333aa3ced@group-F043E0AED0ED-LeaderElection212] INFO  impl.RaftServerImpl (RaftServerImpl.java:setRole(184)) - aed1b97f-105e-4684-b087-4b6333aa3ced@group-F043E0AED0ED: changes role from CANDIDATE to FOLLOWER at term 237 for DISCOVERED_A_NEW_TERM
2019-10-23 22:22:10,143 [aed1b97f-105e-4684-b087-4b6333aa3ced@group-F043E0AED0ED-LeaderElection212] INFO  impl.RoleInfo (RoleInfo.java:shutdownLeaderElection(134)) - aed1b97f-105e-4684-b087-4b6333aa3ced: shutdown LeaderElection
2019-10-23 22:22:10,143 [aed1b97f-105e-4684-b087-4b6333aa3ced@group-F043E0AED0ED-LeaderElection212] INFO  impl.RoleInfo (RoleInfo.java:updateAndGet(143)) - aed1b97f-105e-4684-b087-4b6333aa3ced: start FollowerState
2019-10-23 22:22:10,156 [Thread-1664] INFO  impl.FollowerState (FollowerState.java:run(108)) - aed1b97f-105e-4684-b087-4b6333aa3ced@group-F043E0AED0ED-FollowerState: change to CANDIDATE, lastRpcTime:12ms, electionTimeout:12ms
2019-10-23 22:22:10,156 [Thread-1664] INFO  impl.RoleInfo (RoleInfo.java:shutdownFollowerState(121)) - aed1b97f-105e-4684-b087-4b6333aa3ced: shutdown FollowerState
2019-10-23 22:22:10,156 [Thread-1664] INFO  impl.RaftServerImpl (RaftServerImpl.java:setRole(184)) - aed1b97f-105e-4684-b087-4b6333aa3ced@group-F043E0AED0ED: changes role from  FOLLOWER to CANDIDATE at term 237 for changeToCandidate
2019-10-23 22:22:10,156 [Thread-1664] INFO  impl.RoleInfo (RoleInfo.java:updateAndGet(143)) - aed1b97f-105e-4684-b087-4b6333aa3ced: start LeaderElection
2019-10-23 22:22:10,170 [aed1b97f-105e-4684-b087-4b6333aa3ced@group-F043E0AED0ED-LeaderElection213] INFO  impl.LeaderElection (LeaderElection.java:askForVotes(178)) - aed1b97f-105e-4684-b087-4b6333aa3ced@group-F043E0AED0ED-LeaderElection213: begin an election at term 238 for -1: [aed1b97f-105e-4684-b087-4b6333aa3ced:192.168.157.195:34943, 1c51b35f-55cb-4636-a00c-83d34bf2d9d4:192.168.157.195:34693, d21ee1f1-33f6-483c-a18b-27782ce1915a:192.168.157.195:46462], old=null
2019-10-23 22:22:10,177 [grpc-default-executor-3] INFO  impl.RaftServerImpl (RaftServerImpl.java:setRole(184)) - 1c51b35f-55cb-4636-a00c-83d34bf2d9d4@group-F043E0AED0ED: changes role from  FOLLOWER to FOLLOWER at term 238 for recognizeCandidate:aed1b97f-105e-4684-b087-4b6333aa3ced
2019-10-23 22:22:10,177 [grpc-default-executor-3] INFO  impl.RoleInfo (RoleInfo.java:shutdownFollowerState(121)) - 1c51b35f-55cb-4636-a00c-83d34bf2d9d4: shutdown FollowerState
2019-10-23 22:22:10,177 [grpc-default-executor-3] INFO  impl.RoleInfo (RoleInfo.java:updateAndGet(143)) - 1c51b35f-55cb-4636-a00c-83d34bf2d9d4: start FollowerState
2019-10-23 22:22:10,179 [Thread-1662] INFO  impl.FollowerState (FollowerState.java:run(117)) - 1c51b35f-55cb-4636-a00c-83d34bf2d9d4@group-F043E0AED0ED-FollowerState was interrupted: java.lang.InterruptedException: sleep interrupted
2019-10-23 22:22:10,179 [grpc-default-executor-0] INFO  impl.RaftServerImpl (RaftServerImpl.java:setRole(184)) - d21ee1f1-33f6-483c-a18b-27782ce1915a@group-F043E0AED0ED: changes role from  FOLLOWER to FOLLOWER at term 238 for recognizeCandidate:aed1b97f-105e-4684-b087-4b6333aa3ced
2019-10-23 22:22:10,180 [grpc-default-executor-0] INFO  impl.RoleInfo (RoleInfo.java:shutdownFollowerState(121)) - d21ee1f1-33f6-483c-a18b-27782ce1915a: shutdown FollowerState
2019-10-23 22:22:10,180 [grpc-default-executor-0] INFO  impl.RoleInfo (RoleInfo.java:updateAndGet(143)) - d21ee1f1-33f6-483c-a18b-27782ce1915a: start FollowerState
2019-10-23 22:22:10,180 [Thread-1663] INFO  impl.FollowerState (FollowerState.java:run(117)) - d21ee1f1-33f6-483c-a18b-27782ce1915a@group-F043E0AED0ED-FollowerState was interrupted: java.lang.InterruptedException: sleep interrupted
2019-10-23 22:22:10,194 [aed1b97f-105e-4684-b087-4b6333aa3ced@group-F043E0AED0ED-LeaderElection213] INFO  impl.LeaderElection (LeaderElection.java:logAndReturn(56)) - aed1b97f-105e-4684-b087-4b6333aa3ced@group-F043E0AED0ED-LeaderElection213: Election REJECTED; received 2 response(s) [aed1b97f-105e-4684-b087-4b6333aa3ced<-1c51b35f-55cb-4636-a00c-83d34bf2d9d4#0:FAIL-t238, aed1b97f-105e-4684-b087-4b6333aa3ced<-d21ee1f1-33f6-483c-a18b-27782ce1915a#0:FAIL-t238] and 0 exception(s); aed1b97f-105e-4684-b087-4b6333aa3ced@group-F043E0AED0ED:t238, leader=null, voted=aed1b97f-105e-4684-b087-4b6333aa3ced, raftlog=aed1b97f-105e-4684-b087-4b6333aa3ced@group-F043E0AED0ED-SegmentedRaftLog:OPENED:c-1,f-1,i0, conf=-1: [aed1b97f-105e-4684-b087-4b6333aa3ced:192.168.157.195:34943, 1c51b35f-55cb-4636-a00c-83d34bf2d9d4:192.168.157.195:34693, d21ee1f1-33f6-483c-a18b-27782ce1915a:192.168.157.195:46462], old=null
2019-10-23 22:22:10,194 [aed1b97f-105e-4684-b087-4b6333aa3ced@group-F043E0AED0ED-LeaderElection213] INFO  impl.RaftServerImpl (RaftServerImpl.java:setRole(184)) - aed1b97f-105e-4684-b087-4b6333aa3ced@group-F043E0AED0ED: changes role from CANDIDATE to FOLLOWER at term 238 for DISCOVERED_A_NEW_TERM
2019-10-23 22:22:10,194 [aed1b97f-105e-4684-b087-4b6333aa3ced@group-F043E0AED0ED-LeaderElection213] INFO  impl.RoleInfo (RoleInfo.java:shutdownLeaderElection(134)) - aed1b97f-105e-4684-b087-4b6333aa3ced: shutdown LeaderElection
2019-10-23 22:22:10,194 [aed1b97f-105e-4684-b087-4b6333aa3ced@group-F043E0AED0ED-LeaderElection213] INFO  impl.RoleInfo (RoleInfo.java:updateAndGet(143)) - aed1b97f-105e-4684-b087-4b6333aa3ced: start FollowerState
2019-10-23 22:22:10,349 [Thread-1672] INFO  impl.FollowerState (FollowerState.java:run(108)) - aed1b97f-105e-4684-b087-4b6333aa3ced@group-F043E0AED0ED-FollowerState: change to CANDIDATE, lastRpcTime:154ms, electionTimeout:154ms
2019-10-23 22:22:10,349 [Thread-1672] INFO  impl.RoleInfo (RoleInfo.java:shutdownFollowerState(121)) - aed1b97f-105e-4684-b087-4b6333aa3ced: shutdown FollowerState
2019-10-23 22:22:10,349 [Thread-1672] INFO  impl.RaftServerImpl (RaftServerImpl.java:setRole(184)) - aed1b97f-105e-4684-b087-4b6333aa3ced@group-F043E0AED0ED: changes role from  FOLLOWER to CANDIDATE at term 238 for changeToCandidate
2019-10-23 22:22:10,349 [Thread-1672] INFO  impl.RoleInfo (RoleInfo.java:updateAndGet(143)) - aed1b97f-105e-4684-b087-4b6333aa3ced: start LeaderElection
2019-10-23 22:22:10,363 [aed1b97f-105e-4684-b087-4b6333aa3ced@group-F043E0AED0ED-LeaderElection214] INFO  impl.LeaderElection (LeaderElection.java:askForVotes(178)) - aed1b97f-105e-4684-b087-4b6333aa3ced@group-F043E0AED0ED-LeaderElection214: begin an election at term 239 for -1: [aed1b97f-105e-4684-b087-4b6333aa3ced:192.168.157.195:34943, 1c51b35f-55cb-4636-a00c-83d34bf2d9d4:192.168.157.195:34693, d21ee1f1-33f6-483c-a18b-27782ce1915a:192.168.157.195:46462], old=null
2019-10-23 22:22:10,366 [grpc-default-executor-0] INFO  impl.RaftServerImpl (RaftServerImpl.java:setRole(184)) - d21ee1f1-33f6-483c-a18b-27782ce1915a@group-F043E0AED0ED: changes role from  FOLLOWER to FOLLOWER at term 239 for recognizeCandidate:aed1b97f-105e-4684-b087-4b6333aa3ced
2019-10-23 22:22:10,366 [grpc-default-executor-0] INFO  impl.RoleInfo (RoleInfo.java:shutdownFollowerState(121)) - d21ee1f1-33f6-483c-a18b-27782ce1915a: shutdown FollowerState
2019-10-23 22:22:10,366 [grpc-default-executor-3] INFO  impl.RaftServerImpl (RaftServerImpl.java:setRole(184)) - 1c51b35f-55cb-4636-a00c-83d34bf2d9d4@group-F043E0AED0ED: changes role from  FOLLOWER to FOLLOWER at term 239 for recognizeCandidate:aed1b97f-105e-4684-b087-4b6333aa3ced
2019-10-23 22:22:10,367 [grpc-default-executor-3] INFO  impl.RoleInfo (RoleInfo.java:shutdownFollowerState(121)) - 1c51b35f-55cb-4636-a00c-83d34bf2d9d4: shutdown FollowerState
2019-10-23 22:22:10,367 [Thread-1671] INFO  impl.FollowerState (FollowerState.java:run(117)) - d21ee1f1-33f6-483c-a18b-27782ce1915a@group-F043E0AED0ED-FollowerState was interrupted: java.lang.InterruptedException: sleep interrupted
2019-10-23 22:22:10,366 [grpc-default-executor-0] INFO  impl.RoleInfo (RoleInfo.java:updateAndGet(143)) - d21ee1f1-33f6-483c-a18b-27782ce1915a: start FollowerState
2019-10-23 22:22:10,367 [Thread-1670] INFO  impl.FollowerState (FollowerState.java:run(117)) - 1c51b35f-55cb-4636-a00c-83d34bf2d9d4@group-F043E0AED0ED-FollowerState was interrupted: java.lang.InterruptedException: sleep interrupted
2019-10-23 22:22:10,367 [grpc-default-executor-3] INFO  impl.RoleInfo (RoleInfo.java:updateAndGet(143)) - 1c51b35f-55cb-4636-a00c-83d34bf2d9d4: start FollowerState
2019-10-23 22:22:10,379 [aed1b97f-105e-4684-b087-4b6333aa3ced@group-F043E0AED0ED-LeaderElection214] INFO  impl.LeaderElection (LeaderElection.java:logAndReturn(56)) - aed1b97f-105e-4684-b087-4b6333aa3ced@group-F043E0AED0ED-LeaderElection214: Election TIMEOUT; received 0 response(s) [] and 0 exception(s); aed1b97f-105e-4684-b087-4b6333aa3ced@group-F043E0AED0ED:t239, leader=null, voted=aed1b97f-105e-4684-b087-4b6333aa3ced, raftlog=aed1b97f-105e-4684-b087-4b6333aa3ced@group-F043E0AED0ED-SegmentedRaftLog:OPENED:c-1,f-1,i0, conf=-1: [aed1b97f-105e-4684-b087-4b6333aa3ced:192.168.157.195:34943, 1c51b35f-55cb-4636-a00c-83d34bf2d9d4:192.168.157.195:34693, d21ee1f1-33f6-483c-a18b-27782ce1915a:192.168.157.195:46462], old=null
2019-10-23 22:22:10,383 [aed1b97f-105e-4684-b087-4b6333aa3ced@group-F043E0AED0ED-LeaderElection214] INFO  impl.LeaderElection (LeaderElection.java:askForVotes(178)) - aed1b97f-105e-4684-b087-4b6333aa3ced@group-F043E0AED0ED-LeaderElection214: begin an election at term 240 for -1: [aed1b97f-105e-4684-b087-4b6333aa3ced:192.168.157.195:34943, 1c51b35f-55cb-4636-a00c-83d34bf2d9d4:192.168.157.195:34693, d21ee1f1-33f6-483c-a18b-27782ce1915a:192.168.157.195:46462], old=null
2019-10-23 22:22:10,385 [grpc-default-executor-0] INFO  impl.RaftServerImpl (RaftServerImpl.java:setRole(184)) - 1c51b35f-55cb-4636-a00c-83d34bf2d9d4@group-F043E0AED0ED: changes role from  FOLLOWER to FOLLOWER at term 240 for recognizeCandidate:aed1b97f-105e-4684-b087-4b6333aa3ced
2019-10-23 22:22:10,385 [grpc-default-executor-0] INFO  impl.RoleInfo (RoleInfo.java:shutdownFollowerState(121)) - 1c51b35f-55cb-4636-a00c-83d34bf2d9d4: shutdown FollowerState
2019-10-23 22:22:10,385 [grpc-default-executor-3] INFO  impl.RaftServerImpl (RaftServerImpl.java:setRole(184)) - d21ee1f1-33f6-483c-a18b-27782ce1915a@group-F043E0AED0ED: changes role from  FOLLOWER to FOLLOWER at term 240 for recognizeCandidate:aed1b97f-105e-4684-b087-4b6333aa3ced
2019-10-23 22:22:10,385 [Thread-1677] INFO  impl.FollowerState (FollowerState.java:run(117)) - 1c51b35f-55cb-4636-a00c-83d34bf2d9d4@group-F043E0AED0ED-FollowerState was interrupted: java.lang.InterruptedException: sleep interrupted
2019-10-23 22:22:10,385 [grpc-default-executor-0] INFO  impl.RoleInfo (RoleInfo.java:updateAndGet(143)) - 1c51b35f-55cb-4636-a00c-83d34bf2d9d4: start FollowerState
2019-10-23 22:22:10,385 [grpc-default-executor-3] INFO  impl.RoleInfo (RoleInfo.java:shutdownFollowerState(121)) - d21ee1f1-33f6-483c-a18b-27782ce1915a: shutdown FollowerState
2019-10-23 22:22:10,386 [grpc-default-executor-3] INFO  impl.RoleInfo (RoleInfo.java:updateAndGet(143)) - d21ee1f1-33f6-483c-a18b-27782ce1915a: start FollowerState
2019-10-23 22:22:10,386 [Thread-1676] INFO  impl.FollowerState (FollowerState.java:run(117)) - d21ee1f1-33f6-483c-a18b-27782ce1915a@group-F043E0AED0ED-FollowerState was interrupted: java.lang.InterruptedException: sleep interrupted
2019-10-23 22:22:10,399 [aed1b97f-105e-4684-b087-4b6333aa3ced@group-F043E0AED0ED-LeaderElection214] INFO  impl.LeaderElection (LeaderElection.java:logAndReturn(56)) - aed1b97f-105e-4684-b087-4b6333aa3ced@group-F043E0AED0ED-LeaderElection214: Election REJECTED; received 2 response(s) [aed1b97f-105e-4684-b087-4b6333aa3ced<-1c51b35f-55cb-4636-a00c-83d34bf2d9d4#0:FAIL-t240, aed1b97f-105e-4684-b087-4b6333aa3ced<-d21ee1f1-33f6-483c-a18b-27782ce1915a#0:FAIL-t240] and 0 exception(s); aed1b97f-105e-4684-b087-4b6333aa3ced@group-F043E0AED0ED:t240, leader=null, voted=aed1b97f-105e-4684-b087-4b6333aa3ced, raftlog=aed1b97f-105e-4684-b087-4b6333aa3ced@group-F043E0AED0ED-SegmentedRaftLog:OPENED:c-1,f-1,i0, conf=-1: [aed1b97f-105e-4684-b087-4b6333aa3ced:192.168.157.195:34943, 1c51b35f-55cb-4636-a00c-83d34bf2d9d4:192.168.157.195:34693, d21ee1f1-33f6-483c-a18b-27782ce1915a:192.168.157.195:46462], old=null
2019-10-23 22:22:10,400 [aed1b97f-105e-4684-b087-4b6333aa3ced@group-F043E0AED0ED-LeaderElection214] INFO  impl.RaftServerImpl (RaftServerImpl.java:setRole(184)) - aed1b97f-105e-4684-b087-4b6333aa3ced@group-F043E0AED0ED: changes role from CANDIDATE to FOLLOWER at term 240 for DISCOVERED_A_NEW_TERM
2019-10-23 22:22:10,400 [aed1b97f-105e-4684-b087-4b6333aa3ced@group-F043E0AED0ED-LeaderElection214] INFO  impl.RoleInfo (RoleInfo.java:shutdownLeaderElection(134)) - aed1b97f-105e-4684-b087-4b6333aa3ced: shutdown LeaderElection
2019-10-23 22:22:10,400 [aed1b97f-105e-4684-b087-4b6333aa3ced@group-F043E0AED0ED-LeaderElection214] INFO  impl.RoleInfo (RoleInfo.java:updateAndGet(143)) - aed1b97f-105e-4684-b087-4b6333aa3ced: start FollowerState
2019-10-23 22:22:10,590 [Thread-1682] INFO  impl.FollowerState (FollowerState.java:run(108)) - aed1b97f-105e-4684-b087-4b6333aa3ced@group-F043E0AED0ED-FollowerState: change to CANDIDATE, lastRpcTime:190ms, electionTimeout:190ms
2019-10-23 22:22:10,590 [Thread-1682] INFO  impl.RoleInfo (RoleInfo.java:shutdownFollowerState(121)) - aed1b97f-105e-4684-b087-4b6333aa3ced: shutdown FollowerState
2019-10-23 22:22:10,591 [Thread-1682] INFO  impl.RaftServerImpl (RaftServerImpl.java:setRole(184)) - aed1b97f-105e-4684-b087-4b6333aa3ced@group-F043E0AED0ED: changes role from  FOLLOWER to CANDIDATE at term 240 for changeToCandidate
2019-10-23 22:22:10,591 [Thread-1682] INFO  impl.RoleInfo (RoleInfo.java:updateAndGet(143)) - aed1b97f-105e-4684-b087-4b6333aa3ced: start LeaderElection
2019-10-23 22:22:10,613 [aed1b97f-105e-4684-b087-4b6333aa3ced@group-F043E0AED0ED-LeaderElection215] INFO  impl.LeaderElection (LeaderElection.java:askForVotes(178)) - aed1b97f-105e-4684-b087-4b6333aa3ced@group-F043E0AED0ED-LeaderElection215: begin an election at term 241 for -1: [aed1b97f-105e-4684-b087-4b6333aa3ced:192.168.157.195:34943, 1c51b35f-55cb-4636-a00c-83d34bf2d9d4:192.168.157.195:34693, d21ee1f1-33f6-483c-a18b-27782ce1915a:192.168.157.195:46462], old=null
2019-10-23 22:22:10,616 [grpc-default-executor-3] INFO  impl.RaftServerImpl (RaftServerImpl.java:setRole(184)) - d21ee1f1-33f6-483c-a18b-27782ce1915a@group-F043E0AED0ED: changes role from  FOLLOWER to FOLLOWER at term 241 for recognizeCandidate:aed1b97f-105e-4684-b087-4b6333aa3ced
2019-10-23 22:22:10,617 [grpc-default-executor-3] INFO  impl.RoleInfo (RoleInfo.java:shutdownFollowerState(121)) - d21ee1f1-33f6-483c-a18b-27782ce1915a: shutdown FollowerState
2019-10-23 22:22:10,616 [grpc-default-executor-0] INFO  impl.RaftServerImpl (RaftServerImpl.java:setRole(184)) - 1c51b35f-55cb-4636-a00c-83d34bf2d9d4@group-F043E0AED0ED: changes role from  FOLLOWER to FOLLOWER at term 241 for recognizeCandidate:aed1b97f-105e-4684-b087-4b6333aa3ced
2019-10-23 22:22:10,617 [Thread-1681] INFO  impl.FollowerState (FollowerState.java:run(117)) - d21ee1f1-33f6-483c-a18b-27782ce1915a@group-F043E0AED0ED-FollowerState was interrupted: java.lang.InterruptedException: sleep interrupted
2019-10-23 22:22:10,617 [grpc-default-executor-3] INFO  impl.RoleInfo (RoleInfo.java:updateAndGet(143)) - d21ee1f1-33f6-483c-a18b-27782ce1915a: start FollowerState
2019-10-23 22:22:10,617 [grpc-default-executor-0] INFO  impl.RoleInfo (RoleInfo.java:shutdownFollowerState(121)) - 1c51b35f-55cb-4636-a00c-83d34bf2d9d4: shutdown FollowerState
2019-10-23 22:22:10,618 [grpc-default-executor-0] INFO  impl.RoleInfo (RoleInfo.java:updateAndGet(143)) - 1c51b35f-55cb-4636-a00c-83d34bf2d9d4: start FollowerState
2019-10-23 22:22:10,618 [Thread-1680] INFO  impl.FollowerState (FollowerState.java:run(117)) - 1c51b35f-55cb-4636-a00c-83d34bf2d9d4@group-F043E0AED0ED-FollowerState was interrupted: java.lang.InterruptedException: sleep interrupted
2019-10-23 22:22:10,632 [aed1b97f-105e-4684-b087-4b6333aa3ced@group-F043E0AED0ED-LeaderElection215] INFO  impl.LeaderElection (LeaderElection.java:logAndReturn(56)) - aed1b97f-105e-4684-b087-4b6333aa3ced@group-F043E0AED0ED-LeaderElection215: Election REJECTED; received 2 response(s) [aed1b97f-105e-4684-b087-4b6333aa3ced<-1c51b35f-55cb-4636-a00c-83d34bf2d9d4#0:FAIL-t241, aed1b97f-105e-4684-b087-4b6333aa3ced<-d21ee1f1-33f6-483c-a18b-27782ce1915a#0:FAIL-t241] and 0 exception(s); aed1b97f-105e-4684-b087-4b6333aa3ced@group-F043E0AED0ED:t241, leader=null, voted=aed1b97f-105e-4684-b087-4b6333aa3ced, raftlog=aed1b97f-105e-4684-b087-4b6333aa3ced@group-F043E0AED0ED-SegmentedRaftLog:OPENED:c-1,f-1,i0, conf=-1: [aed1b97f-105e-4684-b087-4b6333aa3ced:192.168.157.195:34943, 1c51b35f-55cb-4636-a00c-83d34bf2d9d4:192.168.157.195:34693, d21ee1f1-33f6-483c-a18b-27782ce1915a:192.168.157.195:46462], old=null
2019-10-23 22:22:10,632 [aed1b97f-105e-4684-b087-4b6333aa3ced@group-F043E0AED0ED-LeaderElection215] INFO  impl.RaftServerImpl (RaftServerImpl.java:setRole(184)) - aed1b97f-105e-4684-b087-4b6333aa3ced@group-F043E0AED0ED: changes role from CANDIDATE to FOLLOWER at term 241 for DISCOVERED_A_NEW_TERM
2019-10-23 22:22:10,632 [aed1b97f-105e-4684-b087-4b6333aa3ced@group-F043E0AED0ED-LeaderElection215] INFO  impl.RoleInfo (RoleInfo.java:shutdownLeaderElection(134)) - aed1b97f-105e-4684-b087-4b6333aa3ced: shutdown LeaderElection
2019-10-23 22:22:10,632 [aed1b97f-105e-4684-b087-4b6333aa3ced@group-F043E0AED0ED-LeaderElection215] INFO  impl.RoleInfo (RoleInfo.java:updateAndGet(143)) - aed1b97f-105e-4684-b087-4b6333aa3ced: start FollowerState
2019-10-23 22:22:10,696 [Thread-1688] INFO  impl.FollowerState (FollowerState.java:run(108)) - aed1b97f-105e-4684-b087-4b6333aa3ced@group-F043E0AED0ED-FollowerState: change to CANDIDATE, lastRpcTime:63ms, electionTimeout:63ms
2019-10-23 22:22:10,696 [Thread-1688] INFO  impl.RoleInfo (RoleInfo.java:shutdownFollowerState(121)) - aed1b97f-105e-4684-b087-4b6333aa3ced: shutdown FollowerState
2019-10-23 22:22:10,696 [Thread-1688] INFO  impl.RaftServerImpl (RaftServerImpl.java:setRole(184)) - aed1b97f-105e-4684-b087-4b6333aa3ced@group-F043E0AED0ED: changes role from  FOLLOWER to CANDIDATE at term 241 for changeToCandidate
2019-10-23 22:22:10,697 [Thread-1688] INFO  impl.RoleInfo (RoleInfo.java:updateAndGet(143)) - aed1b97f-105e-4684-b087-4b6333aa3ced: start LeaderElection
2019-10-23 22:22:10,711 [aed1b97f-105e-4684-b087-4b6333aa3ced@group-F043E0AED0ED-LeaderElection216] INFO  impl.LeaderElection (LeaderElection.java:askForVotes(178)) - aed1b97f-105e-4684-b087-4b6333aa3ced@group-F043E0AED0ED-LeaderElection216: begin an election at term 242 for -1: [aed1b97f-105e-4684-b087-4b6333aa3ced:192.168.157.195:34943, 1c51b35f-55cb-4636-a00c-83d34bf2d9d4:192.168.157.195:34693, d21ee1f1-33f6-483c-a18b-27782ce1915a:192.168.157.195:46462], old=null
2019-10-23 22:22:10,714 [grpc-default-executor-0] INFO  impl.RaftServerImpl (RaftServerImpl.java:setRole(184)) - 1c51b35f-55cb-4636-a00c-83d34bf2d9d4@group-F043E0AED0ED: changes role from  FOLLOWER to FOLLOWER at term 242 for recognizeCandidate:aed1b97f-105e-4684-b087-4b6333aa3ced
2019-10-23 22:22:10,714 [grpc-default-executor-0] INFO  impl.RoleInfo (RoleInfo.java:shutdownFollowerState(121)) - 1c51b35f-55cb-4636-a00c-83d34bf2d9d4: shutdown FollowerState
2019-10-23 22:22:10,714 [grpc-default-executor-0] INFO  impl.RoleInfo (RoleInfo.java:updateAndGet(143)) - 1c51b35f-55cb-4636-a00c-83d34bf2d9d4: start FollowerState
2019-10-23 22:22:10,714 [Thread-1687] INFO  impl.FollowerState (FollowerState.java:run(117)) - 1c51b35f-55cb-4636-a00c-83d34bf2d9d4@group-F043E0AED0ED-FollowerState was interrupted: java.lang.InterruptedException: sleep interrupted
2019-10-23 22:22:10,714 [grpc-default-executor-3] INFO  impl.RaftServerImpl (RaftServerImpl.java:setRole(184)) - d21ee1f1-33f6-483c-a18b-27782ce1915a@group-F043E0AED0ED: changes role from  FOLLOWER to FOLLOWER at term 242 for recognizeCandidate:aed1b97f-105e-4684-b087-4b6333aa3ced
2019-10-23 22:22:10,714 [grpc-default-executor-3] INFO  impl.RoleInfo (RoleInfo.java:shutdownFollowerState(121)) - d21ee1f1-33f6-483c-a18b-27782ce1915a: shutdown FollowerState
2019-10-23 22:22:10,715 [grpc-default-executor-3] INFO  impl.RoleInfo (RoleInfo.java:updateAndGet(143)) - d21ee1f1-33f6-483c-a18b-27782ce1915a: start FollowerState
2019-10-23 22:22:10,715 [Thread-1686] INFO  impl.FollowerState (FollowerState.java:run(117)) - d21ee1f1-33f6-483c-a18b-27782ce1915a@group-F043E0AED0ED-FollowerState was interrupted: java.lang.InterruptedException: sleep interrupted
2019-10-23 22:22:10,728 [aed1b97f-105e-4684-b087-4b6333aa3ced@group-F043E0AED0ED-LeaderElection216] INFO  impl.LeaderElection (LeaderElection.java:logAndReturn(56)) - aed1b97f-105e-4684-b087-4b6333aa3ced@group-F043E0AED0ED-LeaderElection216: Election REJECTED; received 2 response(s) [aed1b97f-105e-4684-b087-4b6333aa3ced<-1c51b35f-55cb-4636-a00c-83d34bf2d9d4#0:FAIL-t242, aed1b97f-105e-4684-b087-4b6333aa3ced<-d21ee1f1-33f6-483c-a18b-27782ce1915a#0:FAIL-t242] and 0 exception(s); aed1b97f-105e-4684-b087-4b6333aa3ced@group-F043E0AED0ED:t242, leader=null, voted=aed1b97f-105e-4684-b087-4b6333aa3ced, raftlog=aed1b97f-105e-4684-b087-4b6333aa3ced@group-F043E0AED0ED-SegmentedRaftLog:OPENED:c-1,f-1,i0, conf=-1: [aed1b97f-105e-4684-b087-4b6333aa3ced:192.168.157.195:34943, 1c51b35f-55cb-4636-a00c-83d34bf2d9d4:192.168.157.195:34693, d21ee1f1-33f6-483c-a18b-27782ce1915a:192.168.157.195:46462], old=null
2019-10-23 22:22:10,728 [aed1b97f-105e-4684-b087-4b6333aa3ced@group-F043E0AED0ED-LeaderElection216] INFO  impl.RaftServerImpl (RaftServerImpl.java:setRole(184)) - aed1b97f-105e-4684-b087-4b6333aa3ced@group-F043E0AED0ED: changes role from CANDIDATE to FOLLOWER at term 242 for DISCOVERED_A_NEW_TERM
2019-10-23 22:22:10,729 [aed1b97f-105e-4684-b087-4b6333aa3ced@group-F043E0AED0ED-LeaderElection216] INFO  impl.RoleInfo (RoleInfo.java:shutdownLeaderElection(134)) - aed1b97f-105e-4684-b087-4b6333aa3ced: shutdown LeaderElection
2019-10-23 22:22:10,729 [aed1b97f-105e-4684-b087-4b6333aa3ced@group-F043E0AED0ED-LeaderElection216] INFO  impl.RoleInfo (RoleInfo.java:updateAndGet(143)) - aed1b97f-105e-4684-b087-4b6333aa3ced: start FollowerState
2019-10-23 22:22:10,791 [Thread-1694] INFO  impl.FollowerState (FollowerState.java:run(108)) - aed1b97f-105e-4684-b087-4b6333aa3ced@group-F043E0AED0ED-FollowerState: change to CANDIDATE, lastRpcTime:62ms, electionTimeout:62ms
2019-10-23 22:22:10,791 [Thread-1694] INFO  impl.RoleInfo (RoleInfo.java:shutdownFollowerState(121)) - aed1b97f-105e-4684-b087-4b6333aa3ced: shutdown FollowerState
2019-10-23 22:22:10,791 [Thread-1694] INFO  impl.RaftServerImpl (RaftServerImpl.java:setRole(184)) - aed1b97f-105e-4684-b087-4b6333aa3ced@group-F043E0AED0ED: changes role from  FOLLOWER to CANDIDATE at term 242 for changeToCandidate
2019-10-23 22:22:10,792 [Thread-1694] INFO  impl.RoleInfo (RoleInfo.java:updateAndGet(143)) - aed1b97f-105e-4684-b087-4b6333aa3ced: start LeaderElection
2019-10-23 22:22:10,805 [aed1b97f-105e-4684-b087-4b6333aa3ced@group-F043E0AED0ED-LeaderElection217] INFO  impl.LeaderElection (LeaderElection.java:askForVotes(178)) - aed1b97f-105e-4684-b087-4b6333aa3ced@group-F043E0AED0ED-LeaderElection217: begin an election at term 243 for -1: [aed1b97f-105e-4684-b087-4b6333aa3ced:192.168.157.195:34943, 1c51b35f-55cb-4636-a00c-83d34bf2d9d4:192.168.157.195:34693, d21ee1f1-33f6-483c-a18b-27782ce1915a:192.168.157.195:46462], old=null
2019-10-23 22:22:10,807 [grpc-default-executor-3] INFO  impl.RaftServerImpl (RaftServerImpl.java:setRole(184)) - 1c51b35f-55cb-4636-a00c-83d34bf2d9d4@group-F043E0AED0ED: changes role from  FOLLOWER to FOLLOWER at term 243 for recognizeCandidate:aed1b97f-105e-4684-b087-4b6333aa3ced
2019-10-23 22:22:10,807 [grpc-default-executor-0] INFO  impl.RaftServerImpl (RaftServerImpl.java:setRole(184)) - d21ee1f1-33f6-483c-a18b-27782ce1915a@group-F043E0AED0ED: changes role from  FOLLOWER to FOLLOWER at term 243 for recognizeCandidate:aed1b97f-105e-4684-b087-4b6333aa3ced
2019-10-23 22:22:10,807 [grpc-default-executor-3] INFO  impl.RoleInfo (RoleInfo.java:shutdownFollowerState(121)) - 1c51b35f-55cb-4636-a00c-83d34bf2d9d4: shutdown FollowerState
2019-10-23 22:22:10,808 [grpc-default-executor-0] INFO  impl.RoleInfo (RoleInfo.java:shutdownFollowerState(121)) - d21ee1f1-33f6-483c-a18b-27782ce1915a: shutdown FollowerState
2019-10-23 22:22:10,808 [Thread-1692] INFO  impl.FollowerState (FollowerState.java:run(117)) - 1c51b35f-55cb-4636-a00c-83d34bf2d9d4@group-F043E0AED0ED-FollowerState was interrupted: java.lang.InterruptedException: sleep interrupted
2019-10-23 22:22:10,808 [Thread-1693] INFO  impl.FollowerState (FollowerState.java:run(117)) - d21ee1f1-33f6-483c-a18b-27782ce1915a@group-F043E0AED0ED-FollowerState was interrupted: java.lang.InterruptedException: sleep interrupted
2019-10-23 22:22:10,808 [grpc-default-executor-3] INFO  impl.RoleInfo (RoleInfo.java:updateAndGet(143)) - 1c51b35f-55cb-4636-a00c-83d34bf2d9d4: start FollowerState
2019-10-23 22:22:10,808 [grpc-default-executor-0] INFO  impl.RoleInfo (RoleInfo.java:updateAndGet(143)) - d21ee1f1-33f6-483c-a18b-27782ce1915a: start FollowerState
2019-10-23 22:22:10,822 [aed1b97f-105e-4684-b087-4b6333aa3ced@group-F043E0AED0ED-LeaderElection217] INFO  impl.LeaderElection (LeaderElection.java:logAndReturn(56)) - aed1b97f-105e-4684-b087-4b6333aa3ced@group-F043E0AED0ED-LeaderElection217: Election REJECTED; received 2 response(s) [aed1b97f-105e-4684-b087-4b6333aa3ced<-1c51b35f-55cb-4636-a00c-83d34bf2d9d4#0:FAIL-t243, aed1b97f-105e-4684-b087-4b6333aa3ced<-d21ee1f1-33f6-483c-a18b-27782ce1915a#0:FAIL-t243] and 0 exception(s); aed1b97f-105e-4684-b087-4b6333aa3ced@group-F043E0AED0ED:t243, leader=null, voted=aed1b97f-105e-4684-b087-4b6333aa3ced, raftlog=aed1b97f-105e-4684-b087-4b6333aa3ced@group-F043E0AED0ED-SegmentedRaftLog:OPENED:c-1,f-1,i0, conf=-1: [aed1b97f-105e-4684-b087-4b6333aa3ced:192.168.157.195:34943, 1c51b35f-55cb-4636-a00c-83d34bf2d9d4:192.168.157.195:34693, d21ee1f1-33f6-483c-a18b-27782ce1915a:192.168.157.195:46462], old=null
2019-10-23 22:22:10,822 [aed1b97f-105e-4684-b087-4b6333aa3ced@group-F043E0AED0ED-LeaderElection217] INFO  impl.RaftServerImpl (RaftServerImpl.java:setRole(184)) - aed1b97f-105e-4684-b087-4b6333aa3ced@group-F043E0AED0ED: changes role from CANDIDATE to FOLLOWER at term 243 for DISCOVERED_A_NEW_TERM
2019-10-23 22:22:10,823 [aed1b97f-105e-4684-b087-4b6333aa3ced@group-F043E0AED0ED-LeaderElection217] INFO  impl.RoleInfo (RoleInfo.java:shutdownLeaderElection(134)) - aed1b97f-105e-4684-b087-4b6333aa3ced: shutdown LeaderElection
2019-10-23 22:22:10,823 [aed1b97f-105e-4684-b087-4b6333aa3ced@group-F043E0AED0ED-LeaderElection217] INFO  impl.RoleInfo (RoleInfo.java:updateAndGet(143)) - aed1b97f-105e-4684-b087-4b6333aa3ced: start FollowerState
2019-10-23 22:22:10,830 [Thread-1700] INFO  impl.FollowerState (FollowerState.java:run(108)) - aed1b97f-105e-4684-b087-4b6333aa3ced@group-F043E0AED0ED-FollowerState: change to CANDIDATE, lastRpcTime:7ms, electionTimeout:7ms
2019-10-23 22:22:10,830 [Thread-1700] INFO  impl.RoleInfo (RoleInfo.java:shutdownFollowerState(121)) - aed1b97f-105e-4684-b087-4b6333aa3ced: shutdown FollowerState
2019-10-23 22:22:10,830 [Thread-1700] INFO  impl.RaftServerImpl (RaftServerImpl.java:setRole(184)) - aed1b97f-105e-4684-b087-4b6333aa3ced@group-F043E0AED0ED: changes role from  FOLLOWER to CANDIDATE at term 243 for changeToCandidate
2019-10-23 22:22:10,831 [Thread-1700] INFO  impl.RoleInfo (RoleInfo.java:updateAndGet(143)) - aed1b97f-105e-4684-b087-4b6333aa3ced: start LeaderElection
2019-10-23 22:22:10,844 [aed1b97f-105e-4684-b087-4b6333aa3ced@group-F043E0AED0ED-LeaderElection218] INFO  impl.LeaderElection (LeaderElection.java:askForVotes(178)) - aed1b97f-105e-4684-b087-4b6333aa3ced@group-F043E0AED0ED-LeaderElection218: begin an election at term 244 for -1: [aed1b97f-105e-4684-b087-4b6333aa3ced:192.168.157.195:34943, 1c51b35f-55cb-4636-a00c-83d34bf2d9d4:192.168.157.195:34693, d21ee1f1-33f6-483c-a18b-27782ce1915a:192.168.157.195:46462], old=null
2019-10-23 22:22:10,845 [grpc-default-executor-0] INFO  impl.RaftServerImpl (RaftServerImpl.java:setRole(184)) - 1c51b35f-55cb-4636-a00c-83d34bf2d9d4@group-F043E0AED0ED: changes role from  FOLLOWER to FOLLOWER at term 244 for recognizeCandidate:aed1b97f-105e-4684-b087-4b6333aa3ced
2019-10-23 22:22:10,846 [grpc-default-executor-0] INFO  impl.RoleInfo (RoleInfo.java:shutdownFollowerState(121)) - 1c51b35f-55cb-4636-a00c-83d34bf2d9d4: shutdown FollowerState
2019-10-23 22:22:10,846 [grpc-default-executor-3] INFO  impl.RaftServerImpl (RaftServerImpl.java:setRole(184)) - d21ee1f1-33f6-483c-a18b-27782ce1915a@group-F043E0AED0ED: changes role from  FOLLOWER to FOLLOWER at term 244 for recognizeCandidate:aed1b97f-105e-4684-b087-4b6333aa3ced
2019-10-23 22:22:10,846 [Thread-1698] INFO  impl.FollowerState (FollowerState.java:run(117)) - 1c51b35f-55cb-4636-a00c-83d34bf2d9d4@group-F043E0AED0ED-FollowerState was interrupted: java.lang.InterruptedException: sleep interrupted
2019-10-23 22:22:10,846 [grpc-default-executor-0] INFO  impl.RoleInfo (RoleInfo.java:updateAndGet(143)) - 1c51b35f-55cb-4636-a00c-83d34bf2d9d4: start FollowerState
2019-10-23 22:22:10,846 [grpc-default-executor-3] INFO  impl.RoleInfo (RoleInfo.java:shutdownFollowerState(121)) - d21ee1f1-33f6-483c-a18b-27782ce1915a: shutdown FollowerState
2019-10-23 22:22:10,846 [grpc-default-executor-3] INFO  impl.RoleInfo (RoleInfo.java:updateAndGet(143)) - d21ee1f1-33f6-483c-a18b-27782ce1915a: start FollowerState
2019-10-23 22:22:10,847 [Thread-1699] INFO  impl.FollowerState (FollowerState.java:run(117)) - d21ee1f1-33f6-483c-a18b-27782ce1915a@group-F043E0AED0ED-FollowerState was interrupted: java.lang.InterruptedException: sleep interrupted
2019-10-23 22:22:10,860 [aed1b97f-105e-4684-b087-4b6333aa3ced@group-F043E0AED0ED-LeaderElection218] INFO  impl.LeaderElection (LeaderElection.java:logAndReturn(56)) - aed1b97f-105e-4684-b087-4b6333aa3ced@group-F043E0AED0ED-LeaderElection218: Election REJECTED; received 2 response(s) [aed1b97f-105e-4684-b087-4b6333aa3ced<-1c51b35f-55cb-4636-a00c-83d34bf2d9d4#0:FAIL-t244, aed1b97f-105e-4684-b087-4b6333aa3ced<-d21ee1f1-33f6-483c-a18b-27782ce1915a#0:FAIL-t244] and 0 exception(s); aed1b97f-105e-4684-b087-4b6333aa3ced@group-F043E0AED0ED:t244, leader=null, voted=aed1b97f-105e-4684-b087-4b6333aa3ced, raftlog=aed1b97f-105e-4684-b087-4b6333aa3ced@group-F043E0AED0ED-SegmentedRaftLog:OPENED:c-1,f-1,i0, conf=-1: [aed1b97f-105e-4684-b087-4b6333aa3ced:192.168.157.195:34943, 1c51b35f-55cb-4636-a00c-83d34bf2d9d4:192.168.157.195:34693, d21ee1f1-33f6-483c-a18b-27782ce1915a:192.168.157.195:46462], old=null
2019-10-23 22:22:10,860 [aed1b97f-105e-4684-b087-4b6333aa3ced@group-F043E0AED0ED-LeaderElection218] INFO  impl.RaftServerImpl (RaftServerImpl.java:setRole(184)) - aed1b97f-105e-4684-b087-4b6333aa3ced@group-F043E0AED0ED: changes role from CANDIDATE to FOLLOWER at term 244 for DISCOVERED_A_NEW_TERM
2019-10-23 22:22:10,860 [aed1b97f-105e-4684-b087-4b6333aa3ced@group-F043E0AED0ED-LeaderElection218] INFO  impl.RoleInfo (RoleInfo.java:shutdownLeaderElection(134)) - aed1b97f-105e-4684-b087-4b6333aa3ced: shutdown LeaderElection
2019-10-23 22:22:10,861 [aed1b97f-105e-4684-b087-4b6333aa3ced@group-F043E0AED0ED-LeaderElection218] INFO  impl.RoleInfo (RoleInfo.java:updateAndGet(143)) - aed1b97f-105e-4684-b087-4b6333aa3ced: start FollowerState
2019-10-23 22:22:10,861 [Thread-1706] INFO  impl.FollowerState (FollowerState.java:run(108)) - aed1b97f-105e-4684-b087-4b6333aa3ced@group-F043E0AED0ED-FollowerState: change to CANDIDATE, lastRpcTime:0ms, electionTimeout:0ms
2019-10-23 22:22:10,861 [Thread-1706] INFO  impl.RoleInfo (RoleInfo.java:shutdownFollowerState(121)) - aed1b97f-105e-4684-b087-4b6333aa3ced: shutdown FollowerState
2019-10-23 22:22:10,861 [Thread-1706] INFO  impl.RaftServerImpl (RaftServerImpl.java:setRole(184)) - aed1b97f-105e-4684-b087-4b6333aa3ced@group-F043E0AED0ED: changes role from  FOLLOWER to CANDIDATE at term 244 for changeToCandidate
2019-10-23 22:22:10,861 [Thread-1706] INFO  impl.RoleInfo (RoleInfo.java:updateAndGet(143)) - aed1b97f-105e-4684-b087-4b6333aa3ced: start LeaderElection
2019-10-23 22:22:10,865 [aed1b97f-105e-4684-b087-4b6333aa3ced@group-F043E0AED0ED-LeaderElection219] INFO  impl.LeaderElection (LeaderElection.java:askForVotes(178)) - aed1b97f-105e-4684-b087-4b6333aa3ced@group-F043E0AED0ED-LeaderElection219: begin an election at term 245 for -1: [aed1b97f-105e-4684-b087-4b6333aa3ced:192.168.157.195:34943, 1c51b35f-55cb-4636-a00c-83d34bf2d9d4:192.168.157.195:34693, d21ee1f1-33f6-483c-a18b-27782ce1915a:192.168.157.195:46462], old=null
2019-10-23 22:22:10,867 [grpc-default-executor-3] INFO  impl.RaftServerImpl (RaftServerImpl.java:setRole(184)) - 1c51b35f-55cb-4636-a00c-83d34bf2d9d4@group-F043E0AED0ED: changes role from  FOLLOWER to FOLLOWER at term 245 for recognizeCandidate:aed1b97f-105e-4684-b087-4b6333aa3ced
2019-10-23 22:22:10,867 [grpc-default-executor-3] INFO  impl.RoleInfo (RoleInfo.java:shutdownFollowerState(121)) - 1c51b35f-55cb-4636-a00c-83d34bf2d9d4: shutdown FollowerState
2019-10-23 22:22:10,867 [Thread-1704] INFO  impl.FollowerState (FollowerState.java:run(117)) - 1c51b35f-55cb-4636-a00c-83d34bf2d9d4@group-F043E0AED0ED-FollowerState was interrupted: java.lang.InterruptedException: sleep interrupted
2019-10-23 22:22:10,867 [grpc-default-executor-0] INFO  impl.RaftServerImpl (RaftServerImpl.java:setRole(184)) - d21ee1f1-33f6-483c-a18b-27782ce1915a@group-F043E0AED0ED: changes role from  FOLLOWER to FOLLOWER at term 245 for recognizeCandidate:aed1b97f-105e-4684-b087-4b6333aa3ced
2019-10-23 22:22:10,867 [grpc-default-executor-3] INFO  impl.RoleInfo (RoleInfo.java:updateAndGet(143)) - 1c51b35f-55cb-4636-a00c-83d34bf2d9d4: start FollowerState
2019-10-23 22:22:10,867 [grpc-default-executor-0] INFO  impl.RoleInfo (RoleInfo.java:shutdownFollowerState(121)) - d21ee1f1-33f6-483c-a18b-27782ce1915a: shutdown FollowerState
2019-10-23 22:22:10,867 [grpc-default-executor-0] INFO  impl.RoleInfo (RoleInfo.java:updateAndGet(143)) - d21ee1f1-33f6-483c-a18b-27782ce1915a: start FollowerState
2019-10-23 22:22:10,868 [Thread-1705] INFO  impl.FollowerState (FollowerState.java:run(117)) - d21ee1f1-33f6-483c-a18b-27782ce1915a@group-F043E0AED0ED-FollowerState was interrupted: java.lang.InterruptedException: sleep interrupted
2019-10-23 22:22:10,880 [aed1b97f-105e-4684-b087-4b6333aa3ced@group-F043E0AED0ED-LeaderElection219] INFO  impl.LeaderElection (LeaderElection.java:logAndReturn(56)) - aed1b97f-105e-4684-b087-4b6333aa3ced@group-F043E0AED0ED-LeaderElection219: Election REJECTED; received 2 response(s) [aed1b97f-105e-4684-b087-4b6333aa3ced<-1c51b35f-55cb-4636-a00c-83d34bf2d9d4#0:FAIL-t245, aed1b97f-105e-4684-b087-4b6333aa3ced<-d21ee1f1-33f6-483c-a18b-27782ce1915a#0:FAIL-t245] and 0 exception(s); aed1b97f-105e-4684-b087-4b6333aa3ced@group-F043E0AED0ED:t245, leader=null, voted=aed1b97f-105e-4684-b087-4b6333aa3ced, raftlog=aed1b97f-105e-4684-b087-4b6333aa3ced@group-F043E0AED0ED-SegmentedRaftLog:OPENED:c-1,f-1,i0, conf=-1: [aed1b97f-105e-4684-b087-4b6333aa3ced:192.168.157.195:34943, 1c51b35f-55cb-4636-a00c-83d34bf2d9d4:192.168.157.195:34693, d21ee1f1-33f6-483c-a18b-27782ce1915a:192.168.157.195:46462], old=null
2019-10-23 22:22:10,880 [aed1b97f-105e-4684-b087-4b6333aa3ced@group-F043E0AED0ED-LeaderElection219] INFO  impl.RaftServerImpl (RaftServerImpl.java:setRole(184)) - aed1b97f-105e-4684-b087-4b6333aa3ced@group-F043E0AED0ED: changes role from CANDIDATE to FOLLOWER at term 245 for DISCOVERED_A_NEW_TERM
2019-10-23 22:22:10,880 [aed1b97f-105e-4684-b087-4b6333aa3ced@group-F043E0AED0ED-LeaderElection219] INFO  impl.RoleInfo (RoleInfo.java:shutdownLeaderElection(134)) - aed1b97f-105e-4684-b087-4b6333aa3ced: shutdown LeaderElection
2019-10-23 22:22:10,880 [aed1b97f-105e-4684-b087-4b6333aa3ced@group-F043E0AED0ED-LeaderElection219] INFO  impl.RoleInfo (RoleInfo.java:updateAndGet(143)) - aed1b97f-105e-4684-b087-4b6333aa3ced: start FollowerState
2019-10-23 22:22:10,935 [Thread-1712] INFO  impl.FollowerState (FollowerState.java:run(108)) - aed1b97f-105e-4684-b087-4b6333aa3ced@group-F043E0AED0ED-FollowerState: change to CANDIDATE, lastRpcTime:54ms, electionTimeout:54ms
2019-10-23 22:22:10,935 [Thread-1712] INFO  impl.RoleInfo (RoleInfo.java:shutdownFollowerState(121)) - aed1b97f-105e-4684-b087-4b6333aa3ced: shutdown FollowerState
2019-10-23 22:22:10,935 [Thread-1712] INFO  impl.RaftServerImpl (RaftServerImpl.java:setRole(184)) - aed1b97f-105e-4684-b087-4b6333aa3ced@group-F043E0AED0ED: changes role from  FOLLOWER to CANDIDATE at term 245 for changeToCandidate
2019-10-23 22:22:10,935 [Thread-1712] INFO  impl.RoleInfo (RoleInfo.java:updateAndGet(143)) - aed1b97f-105e-4684-b087-4b6333aa3ced: start LeaderElection
2019-10-23 22:22:10,949 [aed1b97f-105e-4684-b087-4b6333aa3ced@group-F043E0AED0ED-LeaderElection220] INFO  impl.LeaderElection (LeaderElection.java:askForVotes(178)) - aed1b97f-105e-4684-b087-4b6333aa3ced@group-F043E0AED0ED-LeaderElection220: begin an election at term 246 for -1: [aed1b97f-105e-4684-b087-4b6333aa3ced:192.168.157.195:34943, 1c51b35f-55cb-4636-a00c-83d34bf2d9d4:192.168.157.195:34693, d21ee1f1-33f6-483c-a18b-27782ce1915a:192.168.157.195:46462], old=null
2019-10-23 22:22:10,951 [grpc-default-executor-3] INFO  impl.RaftServerImpl (RaftServerImpl.java:setRole(184)) - 1c51b35f-55cb-4636-a00c-83d34bf2d9d4@group-F043E0AED0ED: changes role from  FOLLOWER to FOLLOWER at term 246 for recognizeCandidate:aed1b97f-105e-4684-b087-4b6333aa3ced
2019-10-23 22:22:10,951 [grpc-default-executor-3] INFO  impl.RoleInfo (RoleInfo.java:shutdownFollowerState(121)) - 1c51b35f-55cb-4636-a00c-83d34bf2d9d4: shutdown FollowerState
2019-10-23 22:22:10,951 [grpc-default-executor-3] INFO  impl.RoleInfo (RoleInfo.java:updateAndGet(143)) - 1c51b35f-55cb-4636-a00c-83d34bf2d9d4: start FollowerState
2019-10-23 22:22:10,951 [grpc-default-executor-0] INFO  impl.RaftServerImpl (RaftServerImpl.java:setRole(184)) - d21ee1f1-33f6-483c-a18b-27782ce1915a@group-F043E0AED0ED: changes role from  FOLLOWER to FOLLOWER at term 246 for recognizeCandidate:aed1b97f-105e-4684-b087-4b6333aa3ced
2019-10-23 22:22:10,952 [grpc-default-executor-0] INFO  impl.RoleInfo (RoleInfo.java:shutdownFollowerState(121)) - d21ee1f1-33f6-483c-a18b-27782ce1915a: shutdown FollowerState
2019-10-23 22:22:10,951 [Thread-1710] INFO  impl.FollowerState (FollowerState.java:run(117)) - 1c51b35f-55cb-4636-a00c-83d34bf2d9d4@group-F043E0AED0ED-FollowerState was interrupted: java.lang.InterruptedException: sleep interrupted
2019-10-23 22:22:10,952 [Thread-1711] INFO  impl.FollowerState (FollowerState.java:run(117)) - d21ee1f1-33f6-483c-a18b-27782ce1915a@group-F043E0AED0ED-FollowerState was interrupted: java.lang.InterruptedException: sleep interrupted
2019-10-23 22:22:10,952 [grpc-default-executor-0] INFO  impl.RoleInfo (RoleInfo.java:updateAndGet(143)) - d21ee1f1-33f6-483c-a18b-27782ce1915a: start FollowerState
2019-10-23 22:22:10,966 [aed1b97f-105e-4684-b087-4b6333aa3ced@group-F043E0AED0ED-LeaderElection220] INFO  impl.LeaderElection (LeaderElection.java:logAndReturn(56)) - aed1b97f-105e-4684-b087-4b6333aa3ced@group-F043E0AED0ED-LeaderElection220: Election REJECTED; received 2 response(s) [aed1b97f-105e-4684-b087-4b6333aa3ced<-1c51b35f-55cb-4636-a00c-83d34bf2d9d4#0:FAIL-t246, aed1b97f-105e-4684-b087-4b6333aa3ced<-d21ee1f1-33f6-483c-a18b-27782ce1915a#0:FAIL-t246] and 0 exception(s); aed1b97f-105e-4684-b087-4b6333aa3ced@group-F043E0AED0ED:t246, leader=null, voted=aed1b97f-105e-4684-b087-4b6333aa3ced, raftlog=aed1b97f-105e-4684-b087-4b6333aa3ced@group-F043E0AED0ED-SegmentedRaftLog:OPENED:c-1,f-1,i0, conf=-1: [aed1b97f-105e-4684-b087-4b6333aa3ced:192.168.157.195:34943, 1c51b35f-55cb-4636-a00c-83d34bf2d9d4:192.168.157.195:34693, d21ee1f1-33f6-483c-a18b-27782ce1915a:192.168.157.195:46462], old=null
2019-10-23 22:22:10,966 [aed1b97f-105e-4684-b087-4b6333aa3ced@group-F043E0AED0ED-LeaderElection220] INFO  impl.RaftServerImpl (RaftServerImpl.java:setRole(184)) - aed1b97f-105e-4684-b087-4b6333aa3ced@group-F043E0AED0ED: changes role from CANDIDATE to FOLLOWER at term 246 for DISCOVERED_A_NEW_TERM
2019-10-23 22:22:10,966 [aed1b97f-105e-4684-b087-4b6333aa3ced@group-F043E0AED0ED-LeaderElection220] INFO  impl.RoleInfo (RoleInfo.java:shutdownLeaderElection(134)) - aed1b97f-105e-4684-b087-4b6333aa3ced: shutdown LeaderElection
2019-10-23 22:22:10,966 [aed1b97f-105e-4684-b087-4b6333aa3ced@group-F043E0AED0ED-LeaderElection220] INFO  impl.RoleInfo (RoleInfo.java:updateAndGet(143)) - aed1b97f-105e-4684-b087-4b6333aa3ced: start FollowerState
2019-10-23 22:22:11,069 [Thread-1718] INFO  impl.FollowerState (FollowerState.java:run(108)) - aed1b97f-105e-4684-b087-4b6333aa3ced@group-F043E0AED0ED-FollowerState: change to CANDIDATE, lastRpcTime:102ms, electionTimeout:102ms
2019-10-23 22:22:11,069 [Thread-1718] INFO  impl.RoleInfo (RoleInfo.java:shutdownFollowerState(121)) - aed1b97f-105e-4684-b087-4b6333aa3ced: shutdown FollowerState
2019-10-23 22:22:11,069 [Thread-1718] INFO  impl.RaftServerImpl (RaftServerImpl.java:setRole(184)) - aed1b97f-105e-4684-b087-4b6333aa3ced@group-F043E0AED0ED: changes role from  FOLLOWER to CANDIDATE at term 246 for changeToCandidate
2019-10-23 22:22:11,069 [Thread-1718] INFO  impl.RoleInfo (RoleInfo.java:updateAndGet(143)) - aed1b97f-105e-4684-b087-4b6333aa3ced: start LeaderElection
2019-10-23 22:22:11,084 [aed1b97f-105e-4684-b087-4b6333aa3ced@group-F043E0AED0ED-LeaderElection221] INFO  impl.LeaderElection (LeaderElection.java:askForVotes(178)) - aed1b97f-105e-4684-b087-4b6333aa3ced@group-F043E0AED0ED-LeaderElection221: begin an election at term 247 for -1: [aed1b97f-105e-4684-b087-4b6333aa3ced:192.168.157.195:34943, 1c51b35f-55cb-4636-a00c-83d34bf2d9d4:192.168.157.195:34693, d21ee1f1-33f6-483c-a18b-27782ce1915a:192.168.157.195:46462], old=null
2019-10-23 22:22:11,088 [grpc-default-executor-0] INFO  impl.RaftServerImpl (RaftServerImpl.java:setRole(184)) - d21ee1f1-33f6-483c-a18b-27782ce1915a@group-F043E0AED0ED: changes role from  FOLLOWER to FOLLOWER at term 247 for recognizeCandidate:aed1b97f-105e-4684-b087-4b6333aa3ced
2019-10-23 22:22:11,088 [grpc-default-executor-0] INFO  impl.RoleInfo (RoleInfo.java:shutdownFollowerState(121)) - d21ee1f1-33f6-483c-a18b-27782ce1915a: shutdown FollowerState
2019-10-23 22:22:11,088 [grpc-default-executor-3] INFO  impl.RaftServerImpl (RaftServerImpl.java:setRole(184)) - 1c51b35f-55cb-4636-a00c-83d34bf2d9d4@group-F043E0AED0ED: changes role from  FOLLOWER to FOLLOWER at term 247 for recognizeCandidate:aed1b97f-105e-4684-b087-4b6333aa3ced
2019-10-23 22:22:11,089 [Thread-1717] INFO  impl.FollowerState (FollowerState.java:run(117)) - d21ee1f1-33f6-483c-a18b-27782ce1915a@group-F043E0AED0ED-FollowerState was interrupted: java.lang.InterruptedException: sleep interrupted
2019-10-23 22:22:11,089 [grpc-default-executor-0] INFO  impl.RoleInfo (RoleInfo.java:updateAndGet(143)) - d21ee1f1-33f6-483c-a18b-27782ce1915a: start FollowerState
2019-10-23 22:22:11,089 [grpc-default-executor-3] INFO  impl.RoleInfo (RoleInfo.java:shutdownFollowerState(121)) - 1c51b35f-55cb-4636-a00c-83d34bf2d9d4: shutdown FollowerState
2019-10-23 22:22:11,089 [grpc-default-executor-3] INFO  impl.RoleInfo (RoleInfo.java:updateAndGet(143)) - 1c51b35f-55cb-4636-a00c-83d34bf2d9d4: start FollowerState
2019-10-23 22:22:11,089 [Thread-1716] INFO  impl.FollowerState (FollowerState.java:run(117)) - 1c51b35f-55cb-4636-a00c-83d34bf2d9d4@group-F043E0AED0ED-FollowerState was interrupted: java.lang.InterruptedException: sleep interrupted
2019-10-23 22:22:11,104 [aed1b97f-105e-4684-b087-4b6333aa3ced@group-F043E0AED0ED-LeaderElection221] INFO  impl.LeaderElection (LeaderElection.java:logAndReturn(56)) - aed1b97f-105e-4684-b087-4b6333aa3ced@group-F043E0AED0ED-LeaderElection221: Election REJECTED; received 2 response(s) [aed1b97f-105e-4684-b087-4b6333aa3ced<-1c51b35f-55cb-4636-a00c-83d34bf2d9d4#0:FAIL-t247, aed1b97f-105e-4684-b087-4b6333aa3ced<-d21ee1f1-33f6-483c-a18b-27782ce1915a#0:FAIL-t247] and 0 exception(s); aed1b97f-105e-4684-b087-4b6333aa3ced@group-F043E0AED0ED:t247, leader=null, voted=aed1b97f-105e-4684-b087-4b6333aa3ced, raftlog=aed1b97f-105e-4684-b087-4b6333aa3ced@group-F043E0AED0ED-SegmentedRaftLog:OPENED:c-1,f-1,i0, conf=-1: [aed1b97f-105e-4684-b087-4b6333aa3ced:192.168.157.195:34943, 1c51b35f-55cb-4636-a00c-83d34bf2d9d4:192.168.157.195:34693, d21ee1f1-33f6-483c-a18b-27782ce1915a:192.168.157.195:46462], old=null
2019-10-23 22:22:11,104 [aed1b97f-105e-4684-b087-4b6333aa3ced@group-F043E0AED0ED-LeaderElection221] INFO  impl.RaftServerImpl (RaftServerImpl.java:setRole(184)) - aed1b97f-105e-4684-b087-4b6333aa3ced@group-F043E0AED0ED: changes role from CANDIDATE to FOLLOWER at term 247 for DISCOVERED_A_NEW_TERM
2019-10-23 22:22:11,104 [aed1b97f-105e-4684-b087-4b6333aa3ced@group-F043E0AED0ED-LeaderElection221] INFO  impl.RoleInfo (RoleInfo.java:shutdownLeaderElection(134)) - aed1b97f-105e-4684-b087-4b6333aa3ced: shutdown LeaderElection
2019-10-23 22:22:11,104 [aed1b97f-105e-4684-b087-4b6333aa3ced@group-F043E0AED0ED-LeaderElection221] INFO  impl.RoleInfo (RoleInfo.java:updateAndGet(143)) - aed1b97f-105e-4684-b087-4b6333aa3ced: start FollowerState
2019-10-23 22:22:11,291 [Thread-1724] INFO  impl.FollowerState (FollowerState.java:run(108)) - aed1b97f-105e-4684-b087-4b6333aa3ced@group-F043E0AED0ED-FollowerState: change to CANDIDATE, lastRpcTime:187ms, electionTimeout:187ms
2019-10-23 22:22:11,292 [Thread-1724] INFO  impl.RoleInfo (RoleInfo.java:shutdownFollowerState(121)) - aed1b97f-105e-4684-b087-4b6333aa3ced: shutdown FollowerState
2019-10-23 22:22:11,292 [Thread-1724] INFO  impl.RaftServerImpl (RaftServerImpl.java:setRole(184)) - aed1b97f-105e-4684-b087-4b6333aa3ced@group-F043E0AED0ED: changes role from  FOLLOWER to CANDIDATE at term 247 for changeToCandidate
2019-10-23 22:22:11,292 [Thread-1724] INFO  impl.RoleInfo (RoleInfo.java:updateAndGet(143)) - aed1b97f-105e-4684-b087-4b6333aa3ced: start LeaderElection
2019-10-23 22:22:11,306 [aed1b97f-105e-4684-b087-4b6333aa3ced@group-F043E0AED0ED-LeaderElection222] INFO  impl.LeaderElection (LeaderElection.java:askForVotes(178)) - aed1b97f-105e-4684-b087-4b6333aa3ced@group-F043E0AED0ED-LeaderElection222: begin an election at term 248 for -1: [aed1b97f-105e-4684-b087-4b6333aa3ced:192.168.157.195:34943, 1c51b35f-55cb-4636-a00c-83d34bf2d9d4:192.168.157.195:34693, d21ee1f1-33f6-483c-a18b-27782ce1915a:192.168.157.195:46462], old=null
2019-10-23 22:22:11,309 [grpc-default-executor-0] INFO  impl.RaftServerImpl (RaftServerImpl.java:setRole(184)) - d21ee1f1-33f6-483c-a18b-27782ce1915a@group-F043E0AED0ED: changes role from  FOLLOWER to FOLLOWER at term 248 for recognizeCandidate:aed1b97f-105e-4684-b087-4b6333aa3ced
2019-10-23 22:22:11,309 [grpc-default-executor-0] INFO  impl.RoleInfo (RoleInfo.java:shutdownFollowerState(121)) - d21ee1f1-33f6-483c-a18b-27782ce1915a: shutdown FollowerState
2019-10-23 22:22:11,309 [grpc-default-executor-3] INFO  impl.RaftServerImpl (RaftServerImpl.java:setRole(184)) - 1c51b35f-55cb-4636-a00c-83d34bf2d9d4@group-F043E0AED0ED: changes role from  FOLLOWER to FOLLOWER at term 248 for recognizeCandidate:aed1b97f-105e-4684-b087-4b6333aa3ced
2019-10-23 22:22:11,309 [Thread-1722] INFO  impl.FollowerState (FollowerState.java:run(117)) - d21ee1f1-33f6-483c-a18b-27782ce1915a@group-F043E0AED0ED-FollowerState was interrupted: java.lang.InterruptedException: sleep interrupted
2019-10-23 22:22:11,309 [grpc-default-executor-0] INFO  impl.RoleInfo (RoleInfo.java:updateAndGet(143)) - d21ee1f1-33f6-483c-a18b-27782ce1915a: start FollowerState
2019-10-23 22:22:11,310 [grpc-default-executor-3] INFO  impl.RoleInfo (RoleInfo.java:shutdownFollowerState(121)) - 1c51b35f-55cb-4636-a00c-83d34bf2d9d4: shutdown FollowerState
2019-10-23 22:22:11,310 [grpc-default-executor-3] INFO  impl.RoleInfo (RoleInfo.java:updateAndGet(143)) - 1c51b35f-55cb-4636-a00c-83d34bf2d9d4: start FollowerState
2019-10-23 22:22:11,310 [Thread-1723] INFO  impl.FollowerState (FollowerState.java:run(117)) - 1c51b35f-55cb-4636-a00c-83d34bf2d9d4@group-F043E0AED0ED-FollowerState was interrupted: java.lang.InterruptedException: sleep interrupted
2019-10-23 22:22:11,324 [aed1b97f-105e-4684-b087-4b6333aa3ced@group-F043E0AED0ED-LeaderElection222] INFO  impl.LeaderElection (LeaderElection.java:logAndReturn(56)) - aed1b97f-105e-4684-b087-4b6333aa3ced@group-F043E0AED0ED-LeaderElection222: Election REJECTED; received 2 response(s) [aed1b97f-105e-4684-b087-4b6333aa3ced<-1c51b35f-55cb-4636-a00c-83d34bf2d9d4#0:FAIL-t248, aed1b97f-105e-4684-b087-4b6333aa3ced<-d21ee1f1-33f6-483c-a18b-27782ce1915a#0:FAIL-t248] and 0 exception(s); aed1b97f-105e-4684-b087-4b6333aa3ced@group-F043E0AED0ED:t248, leader=null, voted=aed1b97f-105e-4684-b087-4b6333aa3ced, raftlog=aed1b97f-105e-4684-b087-4b6333aa3ced@group-F043E0AED0ED-SegmentedRaftLog:OPENED:c-1,f-1,i0, conf=-1: [aed1b97f-105e-4684-b087-4b6333aa3ced:192.168.157.195:34943, 1c51b35f-55cb-4636-a00c-83d34bf2d9d4:192.168.157.195:34693, d21ee1f1-33f6-483c-a18b-27782ce1915a:192.168.157.195:46462], old=null
2019-10-23 22:22:11,324 [aed1b97f-105e-4684-b087-4b6333aa3ced@group-F043E0AED0ED-LeaderElection222] INFO  impl.RaftServerImpl (RaftServerImpl.java:setRole(184)) - aed1b97f-105e-4684-b087-4b6333aa3ced@group-F043E0AED0ED: changes role from CANDIDATE to FOLLOWER at term 248 for DISCOVERED_A_NEW_TERM
2019-10-23 22:22:11,325 [aed1b97f-105e-4684-b087-4b6333aa3ced@group-F043E0AED0ED-LeaderElection222] INFO  impl.RoleInfo (RoleInfo.java:shutdownLeaderElection(134)) - aed1b97f-105e-4684-b087-4b6333aa3ced: shutdown LeaderElection
2019-10-23 22:22:11,325 [aed1b97f-105e-4684-b087-4b6333aa3ced@group-F043E0AED0ED-LeaderElection222] INFO  impl.RoleInfo (RoleInfo.java:updateAndGet(143)) - aed1b97f-105e-4684-b087-4b6333aa3ced: start FollowerState
2019-10-23 22:22:11,374 [Thread-1732] INFO  impl.FollowerState (FollowerState.java:run(108)) - aed1b97f-105e-4684-b087-4b6333aa3ced@group-F043E0AED0ED-FollowerState: change to CANDIDATE, lastRpcTime:49ms, electionTimeout:49ms
2019-10-23 22:22:11,374 [Thread-1732] INFO  impl.RoleInfo (RoleInfo.java:shutdownFollowerState(121)) - aed1b97f-105e-4684-b087-4b6333aa3ced: shutdown FollowerState
2019-10-23 22:22:11,374 [Thread-1732] INFO  impl.RaftServerImpl (RaftServerImpl.java:setRole(184)) - aed1b97f-105e-4684-b087-4b6333aa3ced@group-F043E0AED0ED: changes role from  FOLLOWER to CANDIDATE at term 248 for changeToCandidate
2019-10-23 22:22:11,374 [Thread-1732] INFO  impl.RoleInfo (RoleInfo.java:updateAndGet(143)) - aed1b97f-105e-4684-b087-4b6333aa3ced: start LeaderElection
2019-10-23 22:22:11,388 [aed1b97f-105e-4684-b087-4b6333aa3ced@group-F043E0AED0ED-LeaderElection223] INFO  impl.LeaderElection (LeaderElection.java:askForVotes(178)) - aed1b97f-105e-4684-b087-4b6333aa3ced@group-F043E0AED0ED-LeaderElection223: begin an election at term 249 for -1: [aed1b97f-105e-4684-b087-4b6333aa3ced:192.168.157.195:34943, 1c51b35f-55cb-4636-a00c-83d34bf2d9d4:192.168.157.195:34693, d21ee1f1-33f6-483c-a18b-27782ce1915a:192.168.157.195:46462], old=null
2019-10-23 22:22:11,391 [grpc-default-executor-0] INFO  impl.RaftServerImpl (RaftServerImpl.java:setRole(184)) - d21ee1f1-33f6-483c-a18b-27782ce1915a@group-F043E0AED0ED: changes role from  FOLLOWER to FOLLOWER at term 249 for recognizeCandidate:aed1b97f-105e-4684-b087-4b6333aa3ced
2019-10-23 22:22:11,391 [grpc-default-executor-3] INFO  impl.RaftServerImpl (RaftServerImpl.java:setRole(184)) - 1c51b35f-55cb-4636-a00c-83d34bf2d9d4@group-F043E0AED0ED: changes role from  FOLLOWER to FOLLOWER at term 249 for recognizeCandidate:aed1b97f-105e-4684-b087-4b6333aa3ced
2019-10-23 22:22:11,391 [grpc-default-executor-3] INFO  impl.RoleInfo (RoleInfo.java:shutdownFollowerState(121)) - 1c51b35f-55cb-4636-a00c-83d34bf2d9d4: shutdown FollowerState
2019-10-23 22:22:11,391 [grpc-default-executor-0] INFO  impl.RoleInfo (RoleInfo.java:shutdownFollowerState(121)) - d21ee1f1-33f6-483c-a18b-27782ce1915a: shutdown FollowerState
2019-10-23 22:22:11,391 [Thread-1731] INFO  impl.FollowerState (FollowerState.java:run(117)) - 1c51b35f-55cb-4636-a00c-83d34bf2d9d4@group-F043E0AED0ED-FollowerState was interrupted: java.lang.InterruptedException: sleep interrupted
2019-10-23 22:22:11,391 [grpc-default-executor-3] INFO  impl.RoleInfo (RoleInfo.java:updateAndGet(143)) - 1c51b35f-55cb-4636-a00c-83d34bf2d9d4: start FollowerState
2019-10-23 22:22:11,392 [Thread-1730] INFO  impl.FollowerState (FollowerState.java:run(117)) - d21ee1f1-33f6-483c-a18b-27782ce1915a@group-F043E0AED0ED-FollowerState was interrupted: java.lang.InterruptedException: sleep interrupted
2019-10-23 22:22:11,392 [grpc-default-executor-0] INFO  impl.RoleInfo (RoleInfo.java:updateAndGet(143)) - d21ee1f1-33f6-483c-a18b-27782ce1915a: start FollowerState
2019-10-23 22:22:11,402 [aed1b97f-105e-4684-b087-4b6333aa3ced@group-F043E0AED0ED-LeaderElection223] INFO  impl.LeaderElection (LeaderElection.java:logAndReturn(56)) - aed1b97f-105e-4684-b087-4b6333aa3ced@group-F043E0AED0ED-LeaderElection223: Election REJECTED; received 2 response(s) [aed1b97f-105e-4684-b087-4b6333aa3ced<-1c51b35f-55cb-4636-a00c-83d34bf2d9d4#0:FAIL-t249, aed1b97f-105e-4684-b087-4b6333aa3ced<-d21ee1f1-33f6-483c-a18b-27782ce1915a#0:FAIL-t249] and 0 exception(s); aed1b97f-105e-4684-b087-4b6333aa3ced@group-F043E0AED0ED:t249, leader=null, voted=aed1b97f-105e-4684-b087-4b6333aa3ced, raftlog=aed1b97f-105e-4684-b087-4b6333aa3ced@group-F043E0AED0ED-SegmentedRaftLog:OPENED:c-1,f-1,i0, conf=-1: [aed1b97f-105e-4684-b087-4b6333aa3ced:192.168.157.195:34943, 1c51b35f-55cb-4636-a00c-83d34bf2d9d4:192.168.157.195:34693, d21ee1f1-33f6-483c-a18b-27782ce1915a:192.168.157.195:46462], old=null
2019-10-23 22:22:11,402 [aed1b97f-105e-4684-b087-4b6333aa3ced@group-F043E0AED0ED-LeaderElection223] INFO  impl.RaftServerImpl (RaftServerImpl.java:setRole(184)) - aed1b97f-105e-4684-b087-4b6333aa3ced@group-F043E0AED0ED: changes role from CANDIDATE to FOLLOWER at term 249 for DISCOVERED_A_NEW_TERM
2019-10-23 22:22:11,402 [aed1b97f-105e-4684-b087-4b6333aa3ced@group-F043E0AED0ED-LeaderElection223] INFO  impl.RoleInfo (RoleInfo.java:shutdownLeaderElection(134)) - aed1b97f-105e-4684-b087-4b6333aa3ced: shutdown LeaderElection
2019-10-23 22:22:11,402 [aed1b97f-105e-4684-b087-4b6333aa3ced@group-F043E0AED0ED-LeaderElection223] INFO  impl.RoleInfo (RoleInfo.java:updateAndGet(143)) - aed1b97f-105e-4684-b087-4b6333aa3ced: start FollowerState
2019-10-23 22:22:11,411 [Thread-1738] INFO  impl.FollowerState (FollowerState.java:run(108)) - aed1b97f-105e-4684-b087-4b6333aa3ced@group-F043E0AED0ED-FollowerState: change to CANDIDATE, lastRpcTime:8ms, electionTimeout:8ms
2019-10-23 22:22:11,411 [Thread-1738] INFO  impl.RoleInfo (RoleInfo.java:shutdownFollowerState(121)) - aed1b97f-105e-4684-b087-4b6333aa3ced: shutdown FollowerState
2019-10-23 22:22:11,411 [Thread-1738] INFO  impl.RaftServerImpl (RaftServerImpl.java:setRole(184)) - aed1b97f-105e-4684-b087-4b6333aa3ced@group-F043E0AED0ED: changes role from  FOLLOWER to CANDIDATE at term 249 for changeToCandidate
2019-10-23 22:22:11,411 [Thread-1738] INFO  impl.RoleInfo (RoleInfo.java:updateAndGet(143)) - aed1b97f-105e-4684-b087-4b6333aa3ced: start LeaderElection
2019-10-23 22:22:11,419 [aed1b97f-105e-4684-b087-4b6333aa3ced@group-F043E0AED0ED-LeaderElection224] INFO  impl.LeaderElection (LeaderElection.java:askForVotes(178)) - aed1b97f-105e-4684-b087-4b6333aa3ced@group-F043E0AED0ED-LeaderElection224: begin an election at term 250 for -1: [aed1b97f-105e-4684-b087-4b6333aa3ced:192.168.157.195:34943, 1c51b35f-55cb-4636-a00c-83d34bf2d9d4:192.168.157.195:34693, d21ee1f1-33f6-483c-a18b-27782ce1915a:192.168.157.195:46462], old=null
2019-10-23 22:22:11,421 [grpc-default-executor-0] INFO  impl.RaftServerImpl (RaftServerImpl.java:setRole(184)) - 1c51b35f-55cb-4636-a00c-83d34bf2d9d4@group-F043E0AED0ED: changes role from  FOLLOWER to FOLLOWER at term 250 for recognizeCandidate:aed1b97f-105e-4684-b087-4b6333aa3ced
2019-10-23 22:22:11,422 [grpc-default-executor-0] INFO  impl.RoleInfo (RoleInfo.java:shutdownFollowerState(121)) - 1c51b35f-55cb-4636-a00c-83d34bf2d9d4: shutdown FollowerState
2019-10-23 22:22:11,422 [grpc-default-executor-0] INFO  impl.RoleInfo (RoleInfo.java:updateAndGet(143)) - 1c51b35f-55cb-4636-a00c-83d34bf2d9d4: start FollowerState
2019-10-23 22:22:11,422 [Thread-1736] INFO  impl.FollowerState (FollowerState.java:run(117)) - 1c51b35f-55cb-4636-a00c-83d34bf2d9d4@group-F043E0AED0ED-FollowerState was interrupted: java.lang.InterruptedException: sleep interrupted
2019-10-23 22:22:11,422 [grpc-default-executor-3] INFO  impl.RaftServerImpl (RaftServerImpl.java:setRole(184)) - d21ee1f1-33f6-483c-a18b-27782ce1915a@group-F043E0AED0ED: changes role from  FOLLOWER to FOLLOWER at term 250 for recognizeCandidate:aed1b97f-105e-4684-b087-4b6333aa3ced
2019-10-23 22:22:11,422 [grpc-default-executor-3] INFO  impl.RoleInfo (RoleInfo.java:shutdownFollowerState(121)) - d21ee1f1-33f6-483c-a18b-27782ce1915a: shutdown FollowerState
2019-10-23 22:22:11,422 [grpc-default-executor-3] INFO  impl.RoleInfo (RoleInfo.java:updateAndGet(143)) - d21ee1f1-33f6-483c-a18b-27782ce1915a: start FollowerState
2019-10-23 22:22:11,422 [Thread-1737] INFO  impl.FollowerState (FollowerState.java:run(117)) - d21ee1f1-33f6-483c-a18b-27782ce1915a@group-F043E0AED0ED-FollowerState was interrupted: java.lang.InterruptedException: sleep interrupted
2019-10-23 22:22:11,431 [aed1b97f-105e-4684-b087-4b6333aa3ced@group-F043E0AED0ED-LeaderElection224] INFO  impl.LeaderElection (LeaderElection.java:logAndReturn(56)) - aed1b97f-105e-4684-b087-4b6333aa3ced@group-F043E0AED0ED-LeaderElection224: Election REJECTED; received 2 response(s) [aed1b97f-105e-4684-b087-4b6333aa3ced<-1c51b35f-55cb-4636-a00c-83d34bf2d9d4#0:FAIL-t250, aed1b97f-105e-4684-b087-4b6333aa3ced<-d21ee1f1-33f6-483c-a18b-27782ce1915a#0:FAIL-t250] and 0 exception(s); aed1b97f-105e-4684-b087-4b6333aa3ced@group-F043E0AED0ED:t250, leader=null, voted=aed1b97f-105e-4684-b087-4b6333aa3ced, raftlog=aed1b97f-105e-4684-b087-4b6333aa3ced@group-F043E0AED0ED-SegmentedRaftLog:OPENED:c-1,f-1,i0, conf=-1: [aed1b97f-105e-4684-b087-4b6333aa3ced:192.168.157.195:34943, 1c51b35f-55cb-4636-a00c-83d34bf2d9d4:192.168.157.195:34693, d21ee1f1-33f6-483c-a18b-27782ce1915a:192.168.157.195:46462], old=null
2019-10-23 22:22:11,432 [aed1b97f-105e-4684-b087-4b6333aa3ced@group-F043E0AED0ED-LeaderElection224] INFO  impl.RaftServerImpl (RaftServerImpl.java:setRole(184)) - aed1b97f-105e-4684-b087-4b6333aa3ced@group-F043E0AED0ED: changes role from CANDIDATE to FOLLOWER at term 250 for DISCOVERED_A_NEW_TERM
2019-10-23 22:22:11,432 [aed1b97f-105e-4684-b087-4b6333aa3ced@group-F043E0AED0ED-LeaderElection224] INFO  impl.RoleInfo (RoleInfo.java:shutdownLeaderElection(134)) - aed1b97f-105e-4684-b087-4b6333aa3ced: shutdown LeaderElection
2019-10-23 22:22:11,432 [aed1b97f-105e-4684-b087-4b6333aa3ced@group-F043E0AED0ED-LeaderElection224] INFO  impl.RoleInfo (RoleInfo.java:updateAndGet(143)) - aed1b97f-105e-4684-b087-4b6333aa3ced: start FollowerState
2019-10-23 22:22:11,553 [Thread-1744] INFO  impl.FollowerState (FollowerState.java:run(108)) - aed1b97f-105e-4684-b087-4b6333aa3ced@group-F043E0AED0ED-FollowerState: change to CANDIDATE, lastRpcTime:121ms, electionTimeout:121ms
2019-10-23 22:22:11,553 [Thread-1744] INFO  impl.RoleInfo (RoleInfo.java:shutdownFollowerState(121)) - aed1b97f-105e-4684-b087-4b6333aa3ced: shutdown FollowerState
2019-10-23 22:22:11,553 [Thread-1744] INFO  impl.RaftServerImpl (RaftServerImpl.java:setRole(184)) - aed1b97f-105e-4684-b087-4b6333aa3ced@group-F043E0AED0ED: changes role from  FOLLOWER to CANDIDATE at term 250 for changeToCandidate
2019-10-23 22:22:11,554 [Thread-1744] INFO  impl.RoleInfo (RoleInfo.java:updateAndGet(143)) - aed1b97f-105e-4684-b087-4b6333aa3ced: start LeaderElection
2019-10-23 22:22:11,568 [aed1b97f-105e-4684-b087-4b6333aa3ced@group-F043E0AED0ED-LeaderElection225] INFO  impl.LeaderElection (LeaderElection.java:askForVotes(178)) - aed1b97f-105e-4684-b087-4b6333aa3ced@group-F043E0AED0ED-LeaderElection225: begin an election at term 251 for -1: [aed1b97f-105e-4684-b087-4b6333aa3ced:192.168.157.195:34943, 1c51b35f-55cb-4636-a00c-83d34bf2d9d4:192.168.157.195:34693, d21ee1f1-33f6-483c-a18b-27782ce1915a:192.168.157.195:46462], old=null
2019-10-23 22:22:11,571 [grpc-default-executor-3] INFO  impl.RaftServerImpl (RaftServerImpl.java:setRole(184)) - 1c51b35f-55cb-4636-a00c-83d34bf2d9d4@group-F043E0AED0ED: changes role from  FOLLOWER to FOLLOWER at term 251 for recognizeCandidate:aed1b97f-105e-4684-b087-4b6333aa3ced
2019-10-23 22:22:11,571 [grpc-default-executor-3] INFO  impl.RoleInfo (RoleInfo.java:shutdownFollowerState(121)) - 1c51b35f-55cb-4636-a00c-83d34bf2d9d4: shutdown FollowerState
2019-10-23 22:22:11,571 [grpc-default-executor-3] INFO  impl.RoleInfo (RoleInfo.java:updateAndGet(143)) - 1c51b35f-55cb-4636-a00c-83d34bf2d9d4: start FollowerState
2019-10-23 22:22:11,571 [Thread-1742] INFO  impl.FollowerState (FollowerState.java:run(117)) - 1c51b35f-55cb-4636-a00c-83d34bf2d9d4@group-F043E0AED0ED-FollowerState was interrupted: java.lang.InterruptedException: sleep interrupted
2019-10-23 22:22:11,571 [grpc-default-executor-0] INFO  impl.RaftServerImpl (RaftServerImpl.java:setRole(184)) - d21ee1f1-33f6-483c-a18b-27782ce1915a@group-F043E0AED0ED: changes role from  FOLLOWER to FOLLOWER at term 251 for recognizeCandidate:aed1b97f-105e-4684-b087-4b6333aa3ced
2019-10-23 22:22:11,572 [grpc-default-executor-0] INFO  impl.RoleInfo (RoleInfo.java:shutdownFollowerState(121)) - d21ee1f1-33f6-483c-a18b-27782ce1915a: shutdown FollowerState
2019-10-23 22:22:11,572 [grpc-default-executor-0] INFO  impl.RoleInfo (RoleInfo.java:updateAndGet(143)) - d21ee1f1-33f6-483c-a18b-27782ce1915a: start FollowerState
2019-10-23 22:22:11,572 [Thread-1743] INFO  impl.FollowerState (FollowerState.java:run(117)) - d21ee1f1-33f6-483c-a18b-27782ce1915a@group-F043E0AED0ED-FollowerState was interrupted: java.lang.InterruptedException: sleep interrupted
2019-10-23 22:22:11,587 [aed1b97f-105e-4684-b087-4b6333aa3ced@group-F043E0AED0ED-LeaderElection225] INFO  impl.LeaderElection (LeaderElection.java:logAndReturn(56)) - aed1b97f-105e-4684-b087-4b6333aa3ced@group-F043E0AED0ED-LeaderElection225: Election REJECTED; received 2 response(s) [aed1b97f-105e-4684-b087-4b6333aa3ced<-1c51b35f-55cb-4636-a00c-83d34bf2d9d4#0:FAIL-t251, aed1b97f-105e-4684-b087-4b6333aa3ced<-d21ee1f1-33f6-483c-a18b-27782ce1915a#0:FAIL-t251] and 0 exception(s); aed1b97f-105e-4684-b087-4b6333aa3ced@group-F043E0AED0ED:t251, leader=null, voted=aed1b97f-105e-4684-b087-4b6333aa3ced, raftlog=aed1b97f-105e-4684-b087-4b6333aa3ced@group-F043E0AED0ED-SegmentedRaftLog:OPENED:c-1,f-1,i0, conf=-1: [aed1b97f-105e-4684-b087-4b6333aa3ced:192.168.157.195:34943, 1c51b35f-55cb-4636-a00c-83d34bf2d9d4:192.168.157.195:34693, d21ee1f1-33f6-483c-a18b-27782ce1915a:192.168.157.195:46462], old=null
2019-10-23 22:22:11,587 [aed1b97f-105e-4684-b087-4b6333aa3ced@group-F043E0AED0ED-LeaderElection225] INFO  impl.RaftServerImpl (RaftServerImpl.java:setRole(184)) - aed1b97f-105e-4684-b087-4b6333aa3ced@group-F043E0AED0ED: changes role from CANDIDATE to FOLLOWER at term 251 for DISCOVERED_A_NEW_TERM
2019-10-23 22:22:11,587 [aed1b97f-105e-4684-b087-4b6333aa3ced@group-F043E0AED0ED-LeaderElection225] INFO  impl.RoleInfo (RoleInfo.java:shutdownLeaderElection(134)) - aed1b97f-105e-4684-b087-4b6333aa3ced: shutdown LeaderElection
2019-10-23 22:22:11,587 [aed1b97f-105e-4684-b087-4b6333aa3ced@group-F043E0AED0ED-LeaderElection225] INFO  impl.RoleInfo (RoleInfo.java:updateAndGet(143)) - aed1b97f-105e-4684-b087-4b6333aa3ced: start FollowerState
2019-10-23 22:22:11,676 [Thread-1750] INFO  impl.FollowerState (FollowerState.java:run(108)) - aed1b97f-105e-4684-b087-4b6333aa3ced@group-F043E0AED0ED-FollowerState: change to CANDIDATE, lastRpcTime:88ms, electionTimeout:88ms
2019-10-23 22:22:11,676 [Thread-1750] INFO  impl.RoleInfo (RoleInfo.java:shutdownFollowerState(121)) - aed1b97f-105e-4684-b087-4b6333aa3ced: shutdown FollowerState
2019-10-23 22:22:11,676 [Thread-1750] INFO  impl.RaftServerImpl (RaftServerImpl.java:setRole(184)) - aed1b97f-105e-4684-b087-4b6333aa3ced@group-F043E0AED0ED: changes role from  FOLLOWER to CANDIDATE at term 251 for changeToCandidate
2019-10-23 22:22:11,677 [Thread-1750] INFO  impl.RoleInfo (RoleInfo.java:updateAndGet(143)) - aed1b97f-105e-4684-b087-4b6333aa3ced: start LeaderElection
2019-10-23 22:22:11,696 [aed1b97f-105e-4684-b087-4b6333aa3ced@group-F043E0AED0ED-LeaderElection226] INFO  impl.LeaderElection (LeaderElection.java:askForVotes(178)) - aed1b97f-105e-4684-b087-4b6333aa3ced@group-F043E0AED0ED-LeaderElection226: begin an election at term 252 for -1: [aed1b97f-105e-4684-b087-4b6333aa3ced:192.168.157.195:34943, 1c51b35f-55cb-4636-a00c-83d34bf2d9d4:192.168.157.195:34693, d21ee1f1-33f6-483c-a18b-27782ce1915a:192.168.157.195:46462], old=null
2019-10-23 22:22:11,698 [grpc-default-executor-0] INFO  impl.RaftServerImpl (RaftServerImpl.java:setRole(184)) - 1c51b35f-55cb-4636-a00c-83d34bf2d9d4@group-F043E0AED0ED: changes role from  FOLLOWER to FOLLOWER at term 252 for recognizeCandidate:aed1b97f-105e-4684-b087-4b6333aa3ced
2019-10-23 22:22:11,699 [grpc-default-executor-0] INFO  impl.RoleInfo (RoleInfo.java:shutdownFollowerState(121)) - 1c51b35f-55cb-4636-a00c-83d34bf2d9d4: shutdown FollowerState
2019-10-23 22:22:11,699 [grpc-default-executor-0] INFO  impl.RoleInfo (RoleInfo.java:updateAndGet(143)) - 1c51b35f-55cb-4636-a00c-83d34bf2d9d4: start FollowerState
2019-10-23 22:22:11,699 [Thread-1748] INFO  impl.FollowerState (FollowerState.java:run(117)) - 1c51b35f-55cb-4636-a00c-83d34bf2d9d4@group-F043E0AED0ED-FollowerState was interrupted: java.lang.InterruptedException: sleep interrupted
2019-10-23 22:22:11,699 [grpc-default-executor-3] INFO  impl.RaftServerImpl (RaftServerImpl.java:setRole(184)) - d21ee1f1-33f6-483c-a18b-27782ce1915a@group-F043E0AED0ED: changes role from  FOLLOWER to FOLLOWER at term 252 for recognizeCandidate:aed1b97f-105e-4684-b087-4b6333aa3ced
2019-10-23 22:22:11,699 [grpc-default-executor-3] INFO  impl.RoleInfo (RoleInfo.java:shutdownFollowerState(121)) - d21ee1f1-33f6-483c-a18b-27782ce1915a: shutdown FollowerState
2019-10-23 22:22:11,700 [grpc-default-executor-3] INFO  impl.RoleInfo (RoleInfo.java:updateAndGet(143)) - d21ee1f1-33f6-483c-a18b-27782ce1915a: start FollowerState
2019-10-23 22:22:11,700 [Thread-1749] INFO  impl.FollowerState (FollowerState.java:run(117)) - d21ee1f1-33f6-483c-a18b-27782ce1915a@group-F043E0AED0ED-FollowerState was interrupted: java.lang.InterruptedException: sleep interrupted
2019-10-23 22:22:11,714 [aed1b97f-105e-4684-b087-4b6333aa3ced@group-F043E0AED0ED-LeaderElection226] INFO  impl.LeaderElection (LeaderElection.java:logAndReturn(56)) - aed1b97f-105e-4684-b087-4b6333aa3ced@group-F043E0AED0ED-LeaderElection226: Election REJECTED; received 2 response(s) [aed1b97f-105e-4684-b087-4b6333aa3ced<-1c51b35f-55cb-4636-a00c-83d34bf2d9d4#0:FAIL-t252, aed1b97f-105e-4684-b087-4b6333aa3ced<-d21ee1f1-33f6-483c-a18b-27782ce1915a#0:FAIL-t252] and 0 exception(s); aed1b97f-105e-4684-b087-4b6333aa3ced@group-F043E0AED0ED:t252, leader=null, voted=aed1b97f-105e-4684-b087-4b6333aa3ced, raftlog=aed1b97f-105e-4684-b087-4b6333aa3ced@group-F043E0AED0ED-SegmentedRaftLog:OPENED:c-1,f-1,i0, conf=-1: [aed1b97f-105e-4684-b087-4b6333aa3ced:192.168.157.195:34943, 1c51b35f-55cb-4636-a00c-83d34bf2d9d4:192.168.157.195:34693, d21ee1f1-33f6-483c-a18b-27782ce1915a:192.168.157.195:46462], old=null
2019-10-23 22:22:11,714 [aed1b97f-105e-4684-b087-4b6333aa3ced@group-F043E0AED0ED-LeaderElection226] INFO  impl.RaftServerImpl (RaftServerImpl.java:setRole(184)) - aed1b97f-105e-4684-b087-4b6333aa3ced@group-F043E0AED0ED: changes role from CANDIDATE to FOLLOWER at term 252 for DISCOVERED_A_NEW_TERM
2019-10-23 22:22:11,714 [aed1b97f-105e-4684-b087-4b6333aa3ced@group-F043E0AED0ED-LeaderElection226] INFO  impl.RoleInfo (RoleInfo.java:shutdownLeaderElection(134)) - aed1b97f-105e-4684-b087-4b6333aa3ced: shutdown LeaderElection
2019-10-23 22:22:11,714 [aed1b97f-105e-4684-b087-4b6333aa3ced@group-F043E0AED0ED-LeaderElection226] INFO  impl.RoleInfo (RoleInfo.java:updateAndGet(143)) - aed1b97f-105e-4684-b087-4b6333aa3ced: start FollowerState
2019-10-23 22:22:11,772 [Thread-1756] INFO  impl.FollowerState (FollowerState.java:run(108)) - aed1b97f-105e-4684-b087-4b6333aa3ced@group-F043E0AED0ED-FollowerState: change to CANDIDATE, lastRpcTime:57ms, electionTimeout:57ms
2019-10-23 22:22:11,772 [Thread-1756] INFO  impl.RoleInfo (RoleInfo.java:shutdownFollowerState(121)) - aed1b97f-105e-4684-b087-4b6333aa3ced: shutdown FollowerState
2019-10-23 22:22:11,772 [Thread-1756] INFO  impl.RaftServerImpl (RaftServerImpl.java:setRole(184)) - aed1b97f-105e-4684-b087-4b6333aa3ced@group-F043E0AED0ED: changes role from  FOLLOWER to CANDIDATE at term 252 for changeToCandidate
2019-10-23 22:22:11,772 [Thread-1756] INFO  impl.RoleInfo (RoleInfo.java:updateAndGet(143)) - aed1b97f-105e-4684-b087-4b6333aa3ced: start LeaderElection
2019-10-23 22:22:11,786 [aed1b97f-105e-4684-b087-4b6333aa3ced@group-F043E0AED0ED-LeaderElection227] INFO  impl.LeaderElection (LeaderElection.java:askForVotes(178)) - aed1b97f-105e-4684-b087-4b6333aa3ced@group-F043E0AED0ED-LeaderElection227: begin an election at term 253 for -1: [aed1b97f-105e-4684-b087-4b6333aa3ced:192.168.157.195:34943, 1c51b35f-55cb-4636-a00c-83d34bf2d9d4:192.168.157.195:34693, d21ee1f1-33f6-483c-a18b-27782ce1915a:192.168.157.195:46462], old=null
2019-10-23 22:22:11,788 [grpc-default-executor-0] INFO  impl.RaftServerImpl (RaftServerImpl.java:setRole(184)) - 1c51b35f-55cb-4636-a00c-83d34bf2d9d4@group-F043E0AED0ED: changes role from  FOLLOWER to FOLLOWER at term 253 for recognizeCandidate:aed1b97f-105e-4684-b087-4b6333aa3ced
2019-10-23 22:22:11,788 [grpc-default-executor-0] INFO  impl.RoleInfo (RoleInfo.java:shutdownFollowerState(121)) - 1c51b35f-55cb-4636-a00c-83d34bf2d9d4: shutdown FollowerState
2019-10-23 22:22:11,788 [grpc-default-executor-0] INFO  impl.RoleInfo (RoleInfo.java:updateAndGet(143)) - 1c51b35f-55cb-4636-a00c-83d34bf2d9d4: start FollowerState
2019-10-23 22:22:11,789 [grpc-default-executor-3] INFO  impl.RaftServerImpl (RaftServerImpl.java:setRole(184)) - d21ee1f1-33f6-483c-a18b-27782ce1915a@group-F043E0AED0ED: changes role from  FOLLOWER to FOLLOWER at term 253 for recognizeCandidate:aed1b97f-105e-4684-b087-4b6333aa3ced
2019-10-23 22:22:11,789 [grpc-default-executor-3] INFO  impl.RoleInfo (RoleInfo.java:shutdownFollowerState(121)) - d21ee1f1-33f6-483c-a18b-27782ce1915a: shutdown FollowerState
2019-10-23 22:22:11,789 [Thread-1754] INFO  impl.FollowerState (FollowerState.java:run(117)) - 1c51b35f-55cb-4636-a00c-83d34bf2d9d4@group-F043E0AED0ED-FollowerState was interrupted: java.lang.InterruptedException: sleep interrupted
2019-10-23 22:22:11,789 [Thread-1755] INFO  impl.FollowerState (FollowerState.java:run(117)) - d21ee1f1-33f6-483c-a18b-27782ce1915a@group-F043E0AED0ED-FollowerState was interrupted: java.lang.InterruptedException: sleep interrupted
2019-10-23 22:22:11,789 [grpc-default-executor-3] INFO  impl.RoleInfo (RoleInfo.java:updateAndGet(143)) - d21ee1f1-33f6-483c-a18b-27782ce1915a: start FollowerState
2019-10-23 22:22:11,803 [aed1b97f-105e-4684-b087-4b6333aa3ced@group-F043E0AED0ED-LeaderElection227] INFO  impl.LeaderElection (LeaderElection.java:logAndReturn(56)) - aed1b97f-105e-4684-b087-4b6333aa3ced@group-F043E0AED0ED-LeaderElection227: Election REJECTED; received 2 response(s) [aed1b97f-105e-4684-b087-4b6333aa3ced<-1c51b35f-55cb-4636-a00c-83d34bf2d9d4#0:FAIL-t253, aed1b97f-105e-4684-b087-4b6333aa3ced<-d21ee1f1-33f6-483c-a18b-27782ce1915a#0:FAIL-t253] and 0 exception(s); aed1b97f-105e-4684-b087-4b6333aa3ced@group-F043E0AED0ED:t253, leader=null, voted=aed1b97f-105e-4684-b087-4b6333aa3ced, raftlog=aed1b97f-105e-4684-b087-4b6333aa3ced@group-F043E0AED0ED-SegmentedRaftLog:OPENED:c-1,f-1,i0, conf=-1: [aed1b97f-105e-4684-b087-4b6333aa3ced:192.168.157.195:34943, 1c51b35f-55cb-4636-a00c-83d34bf2d9d4:192.168.157.195:34693, d21ee1f1-33f6-483c-a18b-27782ce1915a:192.168.157.195:46462], old=null
2019-10-23 22:22:11,803 [aed1b97f-105e-4684-b087-4b6333aa3ced@group-F043E0AED0ED-LeaderElection227] INFO  impl.RaftServerImpl (RaftServerImpl.java:setRole(184)) - aed1b97f-105e-4684-b087-4b6333aa3ced@group-F043E0AED0ED: changes role from CANDIDATE to FOLLOWER at term 253 for DISCOVERED_A_NEW_TERM
2019-10-23 22:22:11,804 [aed1b97f-105e-4684-b087-4b6333aa3ced@group-F043E0AED0ED-LeaderElection227] INFO  impl.RoleInfo (RoleInfo.java:shutdownLeaderElection(134)) - aed1b97f-105e-4684-b087-4b6333aa3ced: shutdown LeaderElection
2019-10-23 22:22:11,804 [aed1b97f-105e-4684-b087-4b6333aa3ced@group-F043E0AED0ED-LeaderElection227] INFO  impl.RoleInfo (RoleInfo.java:updateAndGet(143)) - aed1b97f-105e-4684-b087-4b6333aa3ced: start FollowerState
2019-10-23 22:22:11,849 [Thread-1762] INFO  impl.FollowerState (FollowerState.java:run(108)) - aed1b97f-105e-4684-b087-4b6333aa3ced@group-F043E0AED0ED-FollowerState: change to CANDIDATE, lastRpcTime:45ms, electionTimeout:45ms
2019-10-23 22:22:11,849 [Thread-1762] INFO  impl.RoleInfo (RoleInfo.java:shutdownFollowerState(121)) - aed1b97f-105e-4684-b087-4b6333aa3ced: shutdown FollowerState
2019-10-23 22:22:11,850 [Thread-1762] INFO  impl.RaftServerImpl (RaftServerImpl.java:setRole(184)) - aed1b97f-105e-4684-b087-4b6333aa3ced@group-F043E0AED0ED: changes role from  FOLLOWER to CANDIDATE at term 253 for changeToCandidate
2019-10-23 22:22:11,850 [Thread-1762] INFO  impl.RoleInfo (RoleInfo.java:updateAndGet(143)) - aed1b97f-105e-4684-b087-4b6333aa3ced: start LeaderElection
2019-10-23 22:22:11,863 [aed1b97f-105e-4684-b087-4b6333aa3ced@group-F043E0AED0ED-LeaderElection228] INFO  impl.LeaderElection (LeaderElection.java:askForVotes(178)) - aed1b97f-105e-4684-b087-4b6333aa3ced@group-F043E0AED0ED-LeaderElection228: begin an election at term 254 for -1: [aed1b97f-105e-4684-b087-4b6333aa3ced:192.168.157.195:34943, 1c51b35f-55cb-4636-a00c-83d34bf2d9d4:192.168.157.195:34693, d21ee1f1-33f6-483c-a18b-27782ce1915a:192.168.157.195:46462], old=null
2019-10-23 22:22:11,866 [grpc-default-executor-3] INFO  impl.RaftServerImpl (RaftServerImpl.java:setRole(184)) - 1c51b35f-55cb-4636-a00c-83d34bf2d9d4@group-F043E0AED0ED: changes role from  FOLLOWER to FOLLOWER at term 254 for recognizeCandidate:aed1b97f-105e-4684-b087-4b6333aa3ced
2019-10-23 22:22:11,866 [grpc-default-executor-3] INFO  impl.RoleInfo (RoleInfo.java:shutdownFollowerState(121)) - 1c51b35f-55cb-4636-a00c-83d34bf2d9d4: shutdown FollowerState
2019-10-23 22:22:11,866 [grpc-default-executor-0] INFO  impl.RaftServerImpl (RaftServerImpl.java:setRole(184)) - d21ee1f1-33f6-483c-a18b-27782ce1915a@group-F043E0AED0ED: changes role from  FOLLOWER to FOLLOWER at term 254 for recognizeCandidate:aed1b97f-105e-4684-b087-4b6333aa3ced
2019-10-23 22:22:11,866 [grpc-default-executor-0] INFO  impl.RoleInfo (RoleInfo.java:shutdownFollowerState(121)) - d21ee1f1-33f6-483c-a18b-27782ce1915a: shutdown FollowerState
2019-10-23 22:22:11,866 [grpc-default-executor-3] INFO  impl.RoleInfo (RoleInfo.java:updateAndGet(143)) - 1c51b35f-55cb-4636-a00c-83d34bf2d9d4: start FollowerState
2019-10-23 22:22:11,866 [Thread-1760] INFO  impl.FollowerState (FollowerState.java:run(117)) - 1c51b35f-55cb-4636-a00c-83d34bf2d9d4@group-F043E0AED0ED-FollowerState was interrupted: java.lang.InterruptedException: sleep interrupted
2019-10-23 22:22:11,866 [Thread-1761] INFO  impl.FollowerState (FollowerState.java:run(117)) - d21ee1f1-33f6-483c-a18b-27782ce1915a@group-F043E0AED0ED-FollowerState was interrupted: java.lang.InterruptedException: sleep interrupted
2019-10-23 22:22:11,866 [grpc-default-executor-0] INFO  impl.RoleInfo (RoleInfo.java:updateAndGet(143)) - d21ee1f1-33f6-483c-a18b-27782ce1915a: start FollowerState
2019-10-23 22:22:11,881 [aed1b97f-105e-4684-b087-4b6333aa3ced@group-F043E0AED0ED-LeaderElection228] INFO  impl.LeaderElection (LeaderElection.java:logAndReturn(56)) - aed1b97f-105e-4684-b087-4b6333aa3ced@group-F043E0AED0ED-LeaderElection228: Election REJECTED; received 2 response(s) [aed1b97f-105e-4684-b087-4b6333aa3ced<-1c51b35f-55cb-4636-a00c-83d34bf2d9d4#0:FAIL-t254, aed1b97f-105e-4684-b087-4b6333aa3ced<-d21ee1f1-33f6-483c-a18b-27782ce1915a#0:FAIL-t254] and 0 exception(s); aed1b97f-105e-4684-b087-4b6333aa3ced@group-F043E0AED0ED:t254, leader=null, voted=aed1b97f-105e-4684-b087-4b6333aa3ced, raftlog=aed1b97f-105e-4684-b087-4b6333aa3ced@group-F043E0AED0ED-SegmentedRaftLog:OPENED:c-1,f-1,i0, conf=-1: [aed1b97f-105e-4684-b087-4b6333aa3ced:192.168.157.195:34943, 1c51b35f-55cb-4636-a00c-83d34bf2d9d4:192.168.157.195:34693, d21ee1f1-33f6-483c-a18b-27782ce1915a:192.168.157.195:46462], old=null
2019-10-23 22:22:11,881 [aed1b97f-105e-4684-b087-4b6333aa3ced@group-F043E0AED0ED-LeaderElection228] INFO  impl.RaftServerImpl (RaftServerImpl.java:setRole(184)) - aed1b97f-105e-4684-b087-4b6333aa3ced@group-F043E0AED0ED: changes role from CANDIDATE to FOLLOWER at term 254 for DISCOVERED_A_NEW_TERM
2019-10-23 22:22:11,881 [aed1b97f-105e-4684-b087-4b6333aa3ced@group-F043E0AED0ED-LeaderElection228] INFO  impl.RoleInfo (RoleInfo.java:shutdownLeaderElection(134)) - aed1b97f-105e-4684-b087-4b6333aa3ced: shutdown LeaderElection
2019-10-23 22:22:11,882 [aed1b97f-105e-4684-b087-4b6333aa3ced@group-F043E0AED0ED-LeaderElection228] INFO  impl.RoleInfo (RoleInfo.java:updateAndGet(143)) - aed1b97f-105e-4684-b087-4b6333aa3ced: start FollowerState
2019-10-23 22:22:11,945 [Thread-1768] INFO  impl.FollowerState (FollowerState.java:run(108)) - aed1b97f-105e-4684-b087-4b6333aa3ced@group-F043E0AED0ED-FollowerState: change to CANDIDATE, lastRpcTime:63ms, electionTimeout:63ms
2019-10-23 22:22:11,945 [Thread-1768] INFO  impl.RoleInfo (RoleInfo.java:shutdownFollowerState(121)) - aed1b97f-105e-4684-b087-4b6333aa3ced: shutdown FollowerState
2019-10-23 22:22:11,945 [Thread-1768] INFO  impl.RaftServerImpl (RaftServerImpl.java:setRole(184)) - aed1b97f-105e-4684-b087-4b6333aa3ced@group-F043E0AED0ED: changes role from  FOLLOWER to CANDIDATE at term 254 for changeToCandidate
2019-10-23 22:22:11,945 [Thread-1768] INFO  impl.RoleInfo (RoleInfo.java:updateAndGet(143)) - aed1b97f-105e-4684-b087-4b6333aa3ced: start LeaderElection
2019-10-23 22:22:11,960 [aed1b97f-105e-4684-b087-4b6333aa3ced@group-F043E0AED0ED-LeaderElection229] INFO  impl.LeaderElection (LeaderElection.java:askForVotes(178)) - aed1b97f-105e-4684-b087-4b6333aa3ced@group-F043E0AED0ED-LeaderElection229: begin an election at term 255 for -1: [aed1b97f-105e-4684-b087-4b6333aa3ced:192.168.157.195:34943, 1c51b35f-55cb-4636-a00c-83d34bf2d9d4:192.168.157.195:34693, d21ee1f1-33f6-483c-a18b-27782ce1915a:192.168.157.195:46462], old=null
2019-10-23 22:22:11,962 [grpc-default-executor-0] INFO  impl.RaftServerImpl (RaftServerImpl.java:setRole(184)) - 1c51b35f-55cb-4636-a00c-83d34bf2d9d4@group-F043E0AED0ED: changes role from  FOLLOWER to FOLLOWER at term 255 for recognizeCandidate:aed1b97f-105e-4684-b087-4b6333aa3ced
2019-10-23 22:22:11,962 [grpc-default-executor-0] INFO  impl.RoleInfo (RoleInfo.java:shutdownFollowerState(121)) - 1c51b35f-55cb-4636-a00c-83d34bf2d9d4: shutdown FollowerState
2019-10-23 22:22:11,962 [grpc-default-executor-3] INFO  impl.RaftServerImpl (RaftServerImpl.java:setRole(184)) - d21ee1f1-33f6-483c-a18b-27782ce1915a@group-F043E0AED0ED: changes role from  FOLLOWER to FOLLOWER at term 255 for recognizeCandidate:aed1b97f-105e-4684-b087-4b6333aa3ced
2019-10-23 22:22:11,962 [Thread-1766] INFO  impl.FollowerState (FollowerState.java:run(117)) - 1c51b35f-55cb-4636-a00c-83d34bf2d9d4@group-F043E0AED0ED-FollowerState was interrupted: java.lang.InterruptedException: sleep interrupted
2019-10-23 22:22:11,962 [grpc-default-executor-0] INFO  impl.RoleInfo (RoleInfo.java:updateAndGet(143)) - 1c51b35f-55cb-4636-a00c-83d34bf2d9d4: start FollowerState
2019-10-23 22:22:11,963 [grpc-default-executor-3] INFO  impl.RoleInfo (RoleInfo.java:shutdownFollowerState(121)) - d21ee1f1-33f6-483c-a18b-27782ce1915a: shutdown FollowerState
2019-10-23 22:22:11,963 [grpc-default-executor-3] INFO  impl.RoleInfo (RoleInfo.java:updateAndGet(143)) - d21ee1f1-33f6-483c-a18b-27782ce1915a: start FollowerState
2019-10-23 22:22:11,963 [Thread-1767] INFO  impl.FollowerState (FollowerState.java:run(117)) - d21ee1f1-33f6-483c-a18b-27782ce1915a@group-F043E0AED0ED-FollowerState was interrupted: java.lang.InterruptedException: sleep interrupted
2019-10-23 22:22:11,978 [aed1b97f-105e-4684-b087-4b6333aa3ced@group-F043E0AED0ED-LeaderElection229] INFO  impl.LeaderElection (LeaderElection.java:logAndReturn(56)) - aed1b97f-105e-4684-b087-4b6333aa3ced@group-F043E0AED0ED-LeaderElection229: Election REJECTED; received 2 response(s) [aed1b97f-105e-4684-b087-4b6333aa3ced<-1c51b35f-55cb-4636-a00c-83d34bf2d9d4#0:FAIL-t255, aed1b97f-105e-4684-b087-4b6333aa3ced<-d21ee1f1-33f6-483c-a18b-27782ce1915a#0:FAIL-t255] and 0 exception(s); aed1b97f-105e-4684-b087-4b6333aa3ced@group-F043E0AED0ED:t255, leader=null, voted=aed1b97f-105e-4684-b087-4b6333aa3ced, raftlog=aed1b97f-105e-4684-b087-4b6333aa3ced@group-F043E0AED0ED-SegmentedRaftLog:OPENED:c-1,f-1,i0, conf=-1: [aed1b97f-105e-4684-b087-4b6333aa3ced:192.168.157.195:34943, 1c51b35f-55cb-4636-a00c-83d34bf2d9d4:192.168.157.195:34693, d21ee1f1-33f6-483c-a18b-27782ce1915a:192.168.157.195:46462], old=null
2019-10-23 22:22:11,978 [aed1b97f-105e-4684-b087-4b6333aa3ced@group-F043E0AED0ED-LeaderElection229] INFO  impl.RaftServerImpl (RaftServerImpl.java:setRole(184)) - aed1b97f-105e-4684-b087-4b6333aa3ced@group-F043E0AED0ED: changes role from CANDIDATE to FOLLOWER at term 255 for DISCOVERED_A_NEW_TERM
2019-10-23 22:22:11,978 [aed1b97f-105e-4684-b087-4b6333aa3ced@group-F043E0AED0ED-LeaderElection229] INFO  impl.RoleInfo (RoleInfo.java:shutdownLeaderElection(134)) - aed1b97f-105e-4684-b087-4b6333aa3ced: shutdown LeaderElection
2019-10-23 22:22:11,978 [aed1b97f-105e-4684-b087-4b6333aa3ced@group-F043E0AED0ED-LeaderElection229] INFO  impl.RoleInfo (RoleInfo.java:updateAndGet(143)) - aed1b97f-105e-4684-b087-4b6333aa3ced: start FollowerState
2019-10-23 22:22:12,115 [Thread-1774] INFO  impl.FollowerState (FollowerState.java:run(108)) - aed1b97f-105e-4684-b087-4b6333aa3ced@group-F043E0AED0ED-FollowerState: change to CANDIDATE, lastRpcTime:136ms, electionTimeout:136ms
2019-10-23 22:22:12,115 [Thread-1774] INFO  impl.RoleInfo (RoleInfo.java:shutdownFollowerState(121)) - aed1b97f-105e-4684-b087-4b6333aa3ced: shutdown FollowerState
2019-10-23 22:22:12,115 [Thread-1774] INFO  impl.RaftServerImpl (RaftServerImpl.java:setRole(184)) - aed1b97f-105e-4684-b087-4b6333aa3ced@group-F043E0AED0ED: changes role from  FOLLOWER to CANDIDATE at term 255 for changeToCandidate
2019-10-23 22:22:12,115 [Thread-1774] INFO  impl.RoleInfo (RoleInfo.java:updateAndGet(143)) - aed1b97f-105e-4684-b087-4b6333aa3ced: start LeaderElection
2019-10-23 22:22:12,129 [aed1b97f-105e-4684-b087-4b6333aa3ced@group-F043E0AED0ED-LeaderElection230] INFO  impl.LeaderElection (LeaderElection.java:askForVotes(178)) - aed1b97f-105e-4684-b087-4b6333aa3ced@group-F043E0AED0ED-LeaderElection230: begin an election at term 256 for -1: [aed1b97f-105e-4684-b087-4b6333aa3ced:192.168.157.195:34943, 1c51b35f-55cb-4636-a00c-83d34bf2d9d4:192.168.157.195:34693, d21ee1f1-33f6-483c-a18b-27782ce1915a:192.168.157.195:46462], old=null
2019-10-23 22:22:12,135 [grpc-default-executor-0] INFO  impl.RaftServerImpl (RaftServerImpl.java:setRole(184)) - d21ee1f1-33f6-483c-a18b-27782ce1915a@group-F043E0AED0ED: changes role from  FOLLOWER to FOLLOWER at term 256 for recognizeCandidate:aed1b97f-105e-4684-b087-4b6333aa3ced
2019-10-23 22:22:12,136 [grpc-default-executor-0] INFO  impl.RoleInfo (RoleInfo.java:shutdownFollowerState(121)) - d21ee1f1-33f6-483c-a18b-27782ce1915a: shutdown FollowerState
2019-10-23 22:22:12,136 [grpc-default-executor-3] INFO  impl.RaftServerImpl (RaftServerImpl.java:setRole(184)) - 1c51b35f-55cb-4636-a00c-83d34bf2d9d4@group-F043E0AED0ED: changes role from  FOLLOWER to FOLLOWER at term 256 for recognizeCandidate:aed1b97f-105e-4684-b087-4b6333aa3ced
2019-10-23 22:22:12,136 [grpc-default-executor-3] INFO  impl.RoleInfo (RoleInfo.java:shutdownFollowerState(121)) - 1c51b35f-55cb-4636-a00c-83d34bf2d9d4: shutdown FollowerState
2019-10-23 22:22:12,136 [Thread-1773] INFO  impl.FollowerState (FollowerState.java:run(117)) - d21ee1f1-33f6-483c-a18b-27782ce1915a@group-F043E0AED0ED-FollowerState was interrupted: java.lang.InterruptedException: sleep interrupted
2019-10-23 22:22:12,136 [grpc-default-executor-0] INFO  impl.RoleInfo (RoleInfo.java:updateAndGet(143)) - d21ee1f1-33f6-483c-a18b-27782ce1915a: start FollowerState
2019-10-23 22:22:12,137 [Thread-1772] INFO  impl.FollowerState (FollowerState.java:run(117)) - 1c51b35f-55cb-4636-a00c-83d34bf2d9d4@group-F043E0AED0ED-FollowerState was interrupted: java.lang.InterruptedException: sleep interrupted
2019-10-23 22:22:12,136 [grpc-default-executor-3] INFO  impl.RoleInfo (RoleInfo.java:updateAndGet(143)) - 1c51b35f-55cb-4636-a00c-83d34bf2d9d4: start FollowerState
2019-10-23 22:22:12,152 [aed1b97f-105e-4684-b087-4b6333aa3ced@group-F043E0AED0ED-LeaderElection230] INFO  impl.LeaderElection (LeaderElection.java:logAndReturn(56)) - aed1b97f-105e-4684-b087-4b6333aa3ced@group-F043E0AED0ED-LeaderElection230: Election REJECTED; received 2 response(s) [aed1b97f-105e-4684-b087-4b6333aa3ced<-1c51b35f-55cb-4636-a00c-83d34bf2d9d4#0:FAIL-t256, aed1b97f-105e-4684-b087-4b6333aa3ced<-d21ee1f1-33f6-483c-a18b-27782ce1915a#0:FAIL-t256] and 0 exception(s); aed1b97f-105e-4684-b087-4b6333aa3ced@group-F043E0AED0ED:t256, leader=null, voted=aed1b97f-105e-4684-b087-4b6333aa3ced, raftlog=aed1b97f-105e-4684-b087-4b6333aa3ced@group-F043E0AED0ED-SegmentedRaftLog:OPENED:c-1,f-1,i0, conf=-1: [aed1b97f-105e-4684-b087-4b6333aa3ced:192.168.157.195:34943, 1c51b35f-55cb-4636-a00c-83d34bf2d9d4:192.168.157.195:34693, d21ee1f1-33f6-483c-a18b-27782ce1915a:192.168.157.195:46462], old=null
2019-10-23 22:22:12,153 [aed1b97f-105e-4684-b087-4b6333aa3ced@group-F043E0AED0ED-LeaderElection230] INFO  impl.RaftServerImpl (RaftServerImpl.java:setRole(184)) - aed1b97f-105e-4684-b087-4b6333aa3ced@group-F043E0AED0ED: changes role from CANDIDATE to FOLLOWER at term 256 for DISCOVERED_A_NEW_TERM
2019-10-23 22:22:12,153 [aed1b97f-105e-4684-b087-4b6333aa3ced@group-F043E0AED0ED-LeaderElection230] INFO  impl.RoleInfo (RoleInfo.java:shutdownLeaderElection(134)) - aed1b97f-105e-4684-b087-4b6333aa3ced: shutdown LeaderElection
2019-10-23 22:22:12,153 [aed1b97f-105e-4684-b087-4b6333aa3ced@group-F043E0AED0ED-LeaderElection230] INFO  impl.RoleInfo (RoleInfo.java:updateAndGet(143)) - aed1b97f-105e-4684-b087-4b6333aa3ced: start FollowerState
2019-10-23 22:22:12,307 [Thread-1780] INFO  impl.FollowerState (FollowerState.java:run(108)) - aed1b97f-105e-4684-b087-4b6333aa3ced@group-F043E0AED0ED-FollowerState: change to CANDIDATE, lastRpcTime:153ms, electionTimeout:153ms
2019-10-23 22:22:12,307 [Thread-1780] INFO  impl.RoleInfo (RoleInfo.java:shutdownFollowerState(121)) - aed1b97f-105e-4684-b087-4b6333aa3ced: shutdown FollowerState
2019-10-23 22:22:12,308 [Thread-1780] INFO  impl.RaftServerImpl (RaftServerImpl.java:setRole(184)) - aed1b97f-105e-4684-b087-4b6333aa3ced@group-F043E0AED0ED: changes role from  FOLLOWER to CANDIDATE at term 256 for changeToCandidate
2019-10-23 22:22:12,309 [Thread-1780] INFO  impl.RoleInfo (RoleInfo.java:updateAndGet(143)) - aed1b97f-105e-4684-b087-4b6333aa3ced: start LeaderElection
2019-10-23 22:22:12,324 [aed1b97f-105e-4684-b087-4b6333aa3ced@group-F043E0AED0ED-LeaderElection231] INFO  impl.LeaderElection (LeaderElection.java:askForVotes(178)) - aed1b97f-105e-4684-b087-4b6333aa3ced@group-F043E0AED0ED-LeaderElection231: begin an election at term 257 for -1: [aed1b97f-105e-4684-b087-4b6333aa3ced:192.168.157.195:34943, 1c51b35f-55cb-4636-a00c-83d34bf2d9d4:192.168.157.195:34693, d21ee1f1-33f6-483c-a18b-27782ce1915a:192.168.157.195:46462], old=null
2019-10-23 22:22:12,331 [grpc-default-executor-3] INFO  impl.RaftServerImpl (RaftServerImpl.java:setRole(184)) - 1c51b35f-55cb-4636-a00c-83d34bf2d9d4@group-F043E0AED0ED: changes role from  FOLLOWER to FOLLOWER at term 257 for recognizeCandidate:aed1b97f-105e-4684-b087-4b6333aa3ced
2019-10-23 22:22:12,331 [grpc-default-executor-0] INFO  impl.RaftServerImpl (RaftServerImpl.java:setRole(184)) - d21ee1f1-33f6-483c-a18b-27782ce1915a@group-F043E0AED0ED: changes role from  FOLLOWER to FOLLOWER at term 257 for recognizeCandidate:aed1b97f-105e-4684-b087-4b6333aa3ced
2019-10-23 22:22:12,331 [grpc-default-executor-0] INFO  impl.RoleInfo (RoleInfo.java:shutdownFollowerState(121)) - d21ee1f1-33f6-483c-a18b-27782ce1915a: shutdown FollowerState
2019-10-23 22:22:12,331 [grpc-default-executor-3] INFO  impl.RoleInfo (RoleInfo.java:shutdownFollowerState(121)) - 1c51b35f-55cb-4636-a00c-83d34bf2d9d4: shutdown FollowerState
2019-10-23 22:22:12,331 [grpc-default-executor-0] INFO  impl.RoleInfo (RoleInfo.java:updateAndGet(143)) - d21ee1f1-33f6-483c-a18b-27782ce1915a: start FollowerState
2019-10-23 22:22:12,331 [grpc-default-executor-3] INFO  impl.RoleInfo (RoleInfo.java:updateAndGet(143)) - 1c51b35f-55cb-4636-a00c-83d34bf2d9d4: start FollowerState
2019-10-23 22:22:12,332 [Thread-1779] INFO  impl.FollowerState (FollowerState.java:run(117)) - 1c51b35f-55cb-4636-a00c-83d34bf2d9d4@group-F043E0AED0ED-FollowerState was interrupted: java.lang.InterruptedException: sleep interrupted
2019-10-23 22:22:12,331 [Thread-1778] INFO  impl.FollowerState (FollowerState.java:run(117)) - d21ee1f1-33f6-483c-a18b-27782ce1915a@group-F043E0AED0ED-FollowerState was interrupted: java.lang.InterruptedException: sleep interrupted
2019-10-23 22:22:12,347 [aed1b97f-105e-4684-b087-4b6333aa3ced@group-F043E0AED0ED-LeaderElection231] INFO  impl.LeaderElection (LeaderElection.java:logAndReturn(56)) - aed1b97f-105e-4684-b087-4b6333aa3ced@group-F043E0AED0ED-LeaderElection231: Election REJECTED; received 2 response(s) [aed1b97f-105e-4684-b087-4b6333aa3ced<-1c51b35f-55cb-4636-a00c-83d34bf2d9d4#0:FAIL-t257, aed1b97f-105e-4684-b087-4b6333aa3ced<-d21ee1f1-33f6-483c-a18b-27782ce1915a#0:FAIL-t257] and 0 exception(s); aed1b97f-105e-4684-b087-4b6333aa3ced@group-F043E0AED0ED:t257, leader=null, voted=aed1b97f-105e-4684-b087-4b6333aa3ced, raftlog=aed1b97f-105e-4684-b087-4b6333aa3ced@group-F043E0AED0ED-SegmentedRaftLog:OPENED:c-1,f-1,i0, conf=-1: [aed1b97f-105e-4684-b087-4b6333aa3ced:192.168.157.195:34943, 1c51b35f-55cb-4636-a00c-83d34bf2d9d4:192.168.157.195:34693, d21ee1f1-33f6-483c-a18b-27782ce1915a:192.168.157.195:46462], old=null
2019-10-23 22:22:12,347 [aed1b97f-105e-4684-b087-4b6333aa3ced@group-F043E0AED0ED-LeaderElection231] INFO  impl.RaftServerImpl (RaftServerImpl.java:setRole(184)) - aed1b97f-105e-4684-b087-4b6333aa3ced@group-F043E0AED0ED: changes role from CANDIDATE to FOLLOWER at term 257 for DISCOVERED_A_NEW_TERM
2019-10-23 22:22:12,347 [aed1b97f-105e-4684-b087-4b6333aa3ced@group-F043E0AED0ED-LeaderElection231] INFO  impl.RoleInfo (RoleInfo.java:shutdownLeaderElection(134)) - aed1b97f-105e-4684-b087-4b6333aa3ced: shutdown LeaderElection
2019-10-23 22:22:12,347 [aed1b97f-105e-4684-b087-4b6333aa3ced@group-F043E0AED0ED-LeaderElection231] INFO  impl.RoleInfo (RoleInfo.java:updateAndGet(143)) - aed1b97f-105e-4684-b087-4b6333aa3ced: start FollowerState
2019-10-23 22:22:12,496 [Thread-1788] INFO  impl.FollowerState (FollowerState.java:run(108)) - aed1b97f-105e-4684-b087-4b6333aa3ced@group-F043E0AED0ED-FollowerState: change to CANDIDATE, lastRpcTime:148ms, electionTimeout:148ms
2019-10-23 22:22:12,496 [Thread-1788] INFO  impl.RoleInfo (RoleInfo.java:shutdownFollowerState(121)) - aed1b97f-105e-4684-b087-4b6333aa3ced: shutdown FollowerState
2019-10-23 22:22:12,496 [Thread-1788] INFO  impl.RaftServerImpl (RaftServerImpl.java:setRole(184)) - aed1b97f-105e-4684-b087-4b6333aa3ced@group-F043E0AED0ED: changes role from  FOLLOWER to CANDIDATE at term 257 for changeToCandidate
2019-10-23 22:22:12,496 [Thread-1788] INFO  impl.RoleInfo (RoleInfo.java:updateAndGet(143)) - aed1b97f-105e-4684-b087-4b6333aa3ced: start LeaderElection
2019-10-23 22:22:12,510 [aed1b97f-105e-4684-b087-4b6333aa3ced@group-F043E0AED0ED-LeaderElection232] INFO  impl.LeaderElection (LeaderElection.java:askForVotes(178)) - aed1b97f-105e-4684-b087-4b6333aa3ced@group-F043E0AED0ED-LeaderElection232: begin an election at term 258 for -1: [aed1b97f-105e-4684-b087-4b6333aa3ced:192.168.157.195:34943, 1c51b35f-55cb-4636-a00c-83d34bf2d9d4:192.168.157.195:34693, d21ee1f1-33f6-483c-a18b-27782ce1915a:192.168.157.195:46462], old=null
2019-10-23 22:22:12,512 [grpc-default-executor-0] INFO  impl.RaftServerImpl (RaftServerImpl.java:setRole(184)) - 1c51b35f-55cb-4636-a00c-83d34bf2d9d4@group-F043E0AED0ED: changes role from  FOLLOWER to FOLLOWER at term 258 for recognizeCandidate:aed1b97f-105e-4684-b087-4b6333aa3ced
2019-10-23 22:22:12,513 [grpc-default-executor-0] INFO  impl.RoleInfo (RoleInfo.java:shutdownFollowerState(121)) - 1c51b35f-55cb-4636-a00c-83d34bf2d9d4: shutdown FollowerState
2019-10-23 22:22:12,513 [grpc-default-executor-0] INFO  impl.RoleInfo (RoleInfo.java:updateAndGet(143)) - 1c51b35f-55cb-4636-a00c-83d34bf2d9d4: start FollowerState
2019-10-23 22:22:12,513 [grpc-default-executor-3] INFO  impl.RaftServerImpl (RaftServerImpl.java:setRole(184)) - d21ee1f1-33f6-483c-a18b-27782ce1915a@group-F043E0AED0ED: changes role from  FOLLOWER to FOLLOWER at term 258 for recognizeCandidate:aed1b97f-105e-4684-b087-4b6333aa3ced
2019-10-23 22:22:12,513 [Thread-1787] INFO  impl.FollowerState (FollowerState.java:run(117)) - 1c51b35f-55cb-4636-a00c-83d34bf2d9d4@group-F043E0AED0ED-FollowerState was interrupted: java.lang.InterruptedException: sleep interrupted
2019-10-23 22:22:12,513 [grpc-default-executor-3] INFO  impl.RoleInfo (RoleInfo.java:shutdownFollowerState(121)) - d21ee1f1-33f6-483c-a18b-27782ce1915a: shutdown FollowerState
2019-10-23 22:22:12,514 [grpc-default-executor-3] INFO  impl.RoleInfo (RoleInfo.java:updateAndGet(143)) - d21ee1f1-33f6-483c-a18b-27782ce1915a: start FollowerState
2019-10-23 22:22:12,514 [Thread-1786] INFO  impl.FollowerState (FollowerState.java:run(117)) - d21ee1f1-33f6-483c-a18b-27782ce1915a@group-F043E0AED0ED-FollowerState was interrupted: java.lang.InterruptedException: sleep interrupted
2019-10-23 22:22:12,525 [aed1b97f-105e-4684-b087-4b6333aa3ced@group-F043E0AED0ED-LeaderElection232] INFO  impl.LeaderElection (LeaderElection.java:logAndReturn(56)) - aed1b97f-105e-4684-b087-4b6333aa3ced@group-F043E0AED0ED-LeaderElection232: Election REJECTED; received 2 response(s) [aed1b97f-105e-4684-b087-4b6333aa3ced<-1c51b35f-55cb-4636-a00c-83d34bf2d9d4#0:FAIL-t258, aed1b97f-105e-4684-b087-4b6333aa3ced<-d21ee1f1-33f6-483c-a18b-27782ce1915a#0:FAIL-t258] and 0 exception(s); aed1b97f-105e-4684-b087-4b6333aa3ced@group-F043E0AED0ED:t258, leader=null, voted=aed1b97f-105e-4684-b087-4b6333aa3ced, raftlog=aed1b97f-105e-4684-b087-4b6333aa3ced@group-F043E0AED0ED-SegmentedRaftLog:OPENED:c-1,f-1,i0, conf=-1: [aed1b97f-105e-4684-b087-4b6333aa3ced:192.168.157.195:34943, 1c51b35f-55cb-4636-a00c-83d34bf2d9d4:192.168.157.195:34693, d21ee1f1-33f6-483c-a18b-27782ce1915a:192.168.157.195:46462], old=null
2019-10-23 22:22:12,525 [aed1b97f-105e-4684-b087-4b6333aa3ced@group-F043E0AED0ED-LeaderElection232] INFO  impl.RaftServerImpl (RaftServerImpl.java:setRole(184)) - aed1b97f-105e-4684-b087-4b6333aa3ced@group-F043E0AED0ED: changes role from CANDIDATE to FOLLOWER at term 258 for DISCOVERED_A_NEW_TERM
2019-10-23 22:22:12,525 [aed1b97f-105e-4684-b087-4b6333aa3ced@group-F043E0AED0ED-LeaderElection232] INFO  impl.RoleInfo (RoleInfo.java:shutdownLeaderElection(134)) - aed1b97f-105e-4684-b087-4b6333aa3ced: shutdown LeaderElection
2019-10-23 22:22:12,525 [aed1b97f-105e-4684-b087-4b6333aa3ced@group-F043E0AED0ED-LeaderElection232] INFO  impl.RoleInfo (RoleInfo.java:updateAndGet(143)) - aed1b97f-105e-4684-b087-4b6333aa3ced: start FollowerState
2019-10-23 22:22:12,666 [Thread-1794] INFO  impl.FollowerState (FollowerState.java:run(108)) - aed1b97f-105e-4684-b087-4b6333aa3ced@group-F043E0AED0ED-FollowerState: change to CANDIDATE, lastRpcTime:140ms, electionTimeout:140ms
2019-10-23 22:22:12,666 [Thread-1794] INFO  impl.RoleInfo (RoleInfo.java:shutdownFollowerState(121)) - aed1b97f-105e-4684-b087-4b6333aa3ced: shutdown FollowerState
2019-10-23 22:22:12,666 [Thread-1794] INFO  impl.RaftServerImpl (RaftServerImpl.java:setRole(184)) - aed1b97f-105e-4684-b087-4b6333aa3ced@group-F043E0AED0ED: changes role from  FOLLOWER to CANDIDATE at term 258 for changeToCandidate
2019-10-23 22:22:12,666 [Thread-1794] INFO  impl.RoleInfo (RoleInfo.java:updateAndGet(143)) - aed1b97f-105e-4684-b087-4b6333aa3ced: start LeaderElection
2019-10-23 22:22:12,680 [aed1b97f-105e-4684-b087-4b6333aa3ced@group-F043E0AED0ED-LeaderElection233] INFO  impl.LeaderElection (LeaderElection.java:askForVotes(178)) - aed1b97f-105e-4684-b087-4b6333aa3ced@group-F043E0AED0ED-LeaderElection233: begin an election at term 259 for -1: [aed1b97f-105e-4684-b087-4b6333aa3ced:192.168.157.195:34943, 1c51b35f-55cb-4636-a00c-83d34bf2d9d4:192.168.157.195:34693, d21ee1f1-33f6-483c-a18b-27782ce1915a:192.168.157.195:46462], old=null
2019-10-23 22:22:12,683 [grpc-default-executor-3] INFO  impl.RaftServerImpl (RaftServerImpl.java:setRole(184)) - 1c51b35f-55cb-4636-a00c-83d34bf2d9d4@group-F043E0AED0ED: changes role from  FOLLOWER to FOLLOWER at term 259 for recognizeCandidate:aed1b97f-105e-4684-b087-4b6333aa3ced
2019-10-23 22:22:12,683 [grpc-default-executor-3] INFO  impl.RoleInfo (RoleInfo.java:shutdownFollowerState(121)) - 1c51b35f-55cb-4636-a00c-83d34bf2d9d4: shutdown FollowerState
2019-10-23 22:22:12,683 [grpc-default-executor-3] INFO  impl.RoleInfo (RoleInfo.java:updateAndGet(143)) - 1c51b35f-55cb-4636-a00c-83d34bf2d9d4: start FollowerState
2019-10-23 22:22:12,683 [Thread-1792] INFO  impl.FollowerState (FollowerState.java:run(117)) - 1c51b35f-55cb-4636-a00c-83d34bf2d9d4@group-F043E0AED0ED-FollowerState was interrupted: java.lang.InterruptedException: sleep interrupted
2019-10-23 22:22:12,683 [grpc-default-executor-0] INFO  impl.RaftServerImpl (RaftServerImpl.java:setRole(184)) - d21ee1f1-33f6-483c-a18b-27782ce1915a@group-F043E0AED0ED: changes role from  FOLLOWER to FOLLOWER at term 259 for recognizeCandidate:aed1b97f-105e-4684-b087-4b6333aa3ced
2019-10-23 22:22:12,684 [grpc-default-executor-0] INFO  impl.RoleInfo (RoleInfo.java:shutdownFollowerState(121)) - d21ee1f1-33f6-483c-a18b-27782ce1915a: shutdown FollowerState
2019-10-23 22:22:12,684 [grpc-default-executor-0] INFO  impl.RoleInfo (RoleInfo.java:updateAndGet(143)) - d21ee1f1-33f6-483c-a18b-27782ce1915a: start FollowerState
2019-10-23 22:22:12,684 [Thread-1793] INFO  impl.FollowerState (FollowerState.java:run(117)) - d21ee1f1-33f6-483c-a18b-27782ce1915a@group-F043E0AED0ED-FollowerState was interrupted: java.lang.InterruptedException: sleep interrupted
2019-10-23 22:22:12,698 [aed1b97f-105e-4684-b087-4b6333aa3ced@group-F043E0AED0ED-LeaderElection233] INFO  impl.LeaderElection (LeaderElection.java:logAndReturn(56)) - aed1b97f-105e-4684-b087-4b6333aa3ced@group-F043E0AED0ED-LeaderElection233: Election REJECTED; received 2 response(s) [aed1b97f-105e-4684-b087-4b6333aa3ced<-1c51b35f-55cb-4636-a00c-83d34bf2d9d4#0:FAIL-t259, aed1b97f-105e-4684-b087-4b6333aa3ced<-d21ee1f1-33f6-483c-a18b-27782ce1915a#0:FAIL-t259] and 0 exception(s); aed1b97f-105e-4684-b087-4b6333aa3ced@group-F043E0AED0ED:t259, leader=null, voted=aed1b97f-105e-4684-b087-4b6333aa3ced, raftlog=aed1b97f-105e-4684-b087-4b6333aa3ced@group-F043E0AED0ED-SegmentedRaftLog:OPENED:c-1,f-1,i0, conf=-1: [aed1b97f-105e-4684-b087-4b6333aa3ced:192.168.157.195:34943, 1c51b35f-55cb-4636-a00c-83d34bf2d9d4:192.168.157.195:34693, d21ee1f1-33f6-483c-a18b-27782ce1915a:192.168.157.195:46462], old=null
2019-10-23 22:22:12,698 [aed1b97f-105e-4684-b087-4b6333aa3ced@group-F043E0AED0ED-LeaderElection233] INFO  impl.RaftServerImpl (RaftServerImpl.java:setRole(184)) - aed1b97f-105e-4684-b087-4b6333aa3ced@group-F043E0AED0ED: changes role from CANDIDATE to FOLLOWER at term 259 for DISCOVERED_A_NEW_TERM
2019-10-23 22:22:12,698 [aed1b97f-105e-4684-b087-4b6333aa3ced@group-F043E0AED0ED-LeaderElection233] INFO  impl.RoleInfo (RoleInfo.java:shutdownLeaderElection(134)) - aed1b97f-105e-4684-b087-4b6333aa3ced: shutdown LeaderElection
2019-10-23 22:22:12,698 [aed1b97f-105e-4684-b087-4b6333aa3ced@group-F043E0AED0ED-LeaderElection233] INFO  impl.RoleInfo (RoleInfo.java:updateAndGet(143)) - aed1b97f-105e-4684-b087-4b6333aa3ced: start FollowerState
2019-10-23 22:22:12,705 [Thread-1800] INFO  impl.FollowerState (FollowerState.java:run(108)) - aed1b97f-105e-4684-b087-4b6333aa3ced@group-F043E0AED0ED-FollowerState: change to CANDIDATE, lastRpcTime:7ms, electionTimeout:7ms
2019-10-23 22:22:12,705 [Thread-1800] INFO  impl.RoleInfo (RoleInfo.java:shutdownFollowerState(121)) - aed1b97f-105e-4684-b087-4b6333aa3ced: shutdown FollowerState
2019-10-23 22:22:12,706 [Thread-1800] INFO  impl.RaftServerImpl (RaftServerImpl.java:setRole(184)) - aed1b97f-105e-4684-b087-4b6333aa3ced@group-F043E0AED0ED: changes role from  FOLLOWER to CANDIDATE at term 259 for changeToCandidate
2019-10-23 22:22:12,706 [Thread-1800] INFO  impl.RoleInfo (RoleInfo.java:updateAndGet(143)) - aed1b97f-105e-4684-b087-4b6333aa3ced: start LeaderElection
2019-10-23 22:22:12,719 [aed1b97f-105e-4684-b087-4b6333aa3ced@group-F043E0AED0ED-LeaderElection234] INFO  impl.LeaderElection (LeaderElection.java:askForVotes(178)) - aed1b97f-105e-4684-b087-4b6333aa3ced@group-F043E0AED0ED-LeaderElection234: begin an election at term 260 for -1: [aed1b97f-105e-4684-b087-4b6333aa3ced:192.168.157.195:34943, 1c51b35f-55cb-4636-a00c-83d34bf2d9d4:192.168.157.195:34693, d21ee1f1-33f6-483c-a18b-27782ce1915a:192.168.157.195:46462], old=null
2019-10-23 22:22:12,722 [grpc-default-executor-0] INFO  impl.RaftServerImpl (RaftServerImpl.java:setRole(184)) - 1c51b35f-55cb-4636-a00c-83d34bf2d9d4@group-F043E0AED0ED: changes role from  FOLLOWER to FOLLOWER at term 260 for recognizeCandidate:aed1b97f-105e-4684-b087-4b6333aa3ced
2019-10-23 22:22:12,722 [grpc-default-executor-0] INFO  impl.RoleInfo (RoleInfo.java:shutdownFollowerState(121)) - 1c51b35f-55cb-4636-a00c-83d34bf2d9d4: shutdown FollowerState
2019-10-23 22:22:12,722 [grpc-default-executor-0] INFO  impl.RoleInfo (RoleInfo.java:updateAndGet(143)) - 1c51b35f-55cb-4636-a00c-83d34bf2d9d4: start FollowerState
2019-10-23 22:22:12,722 [Thread-1798] INFO  impl.FollowerState (FollowerState.java:run(117)) - 1c51b35f-55cb-4636-a00c-83d34bf2d9d4@group-F043E0AED0ED-FollowerState was interrupted: java.lang.InterruptedException: sleep interrupted
2019-10-23 22:22:12,722 [grpc-default-executor-3] INFO  impl.RaftServerImpl (RaftServerImpl.java:setRole(184)) - d21ee1f1-33f6-483c-a18b-27782ce1915a@group-F043E0AED0ED: changes role from  FOLLOWER to FOLLOWER at term 260 for recognizeCandidate:aed1b97f-105e-4684-b087-4b6333aa3ced
2019-10-23 22:22:12,723 [grpc-default-executor-3] INFO  impl.RoleInfo (RoleInfo.java:shutdownFollowerState(121)) - d21ee1f1-33f6-483c-a18b-27782ce1915a: shutdown FollowerState
2019-10-23 22:22:12,723 [grpc-default-executor-3] INFO  impl.RoleInfo (RoleInfo.java:updateAndGet(143)) - d21ee1f1-33f6-483c-a18b-27782ce1915a: start FollowerState
2019-10-23 22:22:12,723 [Thread-1799] INFO  impl.FollowerState (FollowerState.java:run(117)) - d21ee1f1-33f6-483c-a18b-27782ce1915a@group-F043E0AED0ED-FollowerState was interrupted: java.lang.InterruptedException: sleep interrupted
2019-10-23 22:22:12,726 [aed1b97f-105e-4684-b087-4b6333aa3ced@group-F043E0AED0ED-LeaderElection234] INFO  impl.LeaderElection (LeaderElection.java:logAndReturn(56)) - aed1b97f-105e-4684-b087-4b6333aa3ced@group-F043E0AED0ED-LeaderElection234: Election TIMEOUT; received 0 response(s) [] and 0 exception(s); aed1b97f-105e-4684-b087-4b6333aa3ced@group-F043E0AED0ED:t260, leader=null, voted=aed1b97f-105e-4684-b087-4b6333aa3ced, raftlog=aed1b97f-105e-4684-b087-4b6333aa3ced@group-F043E0AED0ED-SegmentedRaftLog:OPENED:c-1,f-1,i0, conf=-1: [aed1b97f-105e-4684-b087-4b6333aa3ced:192.168.157.195:34943, 1c51b35f-55cb-4636-a00c-83d34bf2d9d4:192.168.157.195:34693, d21ee1f1-33f6-483c-a18b-27782ce1915a:192.168.157.195:46462], old=null
2019-10-23 22:22:12,736 [aed1b97f-105e-4684-b087-4b6333aa3ced@group-F043E0AED0ED-LeaderElection234] INFO  impl.LeaderElection (LeaderElection.java:askForVotes(178)) - aed1b97f-105e-4684-b087-4b6333aa3ced@group-F043E0AED0ED-LeaderElection234: begin an election at term 261 for -1: [aed1b97f-105e-4684-b087-4b6333aa3ced:192.168.157.195:34943, 1c51b35f-55cb-4636-a00c-83d34bf2d9d4:192.168.157.195:34693, d21ee1f1-33f6-483c-a18b-27782ce1915a:192.168.157.195:46462], old=null
2019-10-23 22:22:12,738 [grpc-default-executor-0] INFO  impl.RaftServerImpl (RaftServerImpl.java:setRole(184)) - 1c51b35f-55cb-4636-a00c-83d34bf2d9d4@group-F043E0AED0ED: changes role from  FOLLOWER to FOLLOWER at term 261 for recognizeCandidate:aed1b97f-105e-4684-b087-4b6333aa3ced
2019-10-23 22:22:12,738 [grpc-default-executor-0] INFO  impl.RoleInfo (RoleInfo.java:shutdownFollowerState(121)) - 1c51b35f-55cb-4636-a00c-83d34bf2d9d4: shutdown FollowerState
2019-10-23 22:22:12,738 [grpc-default-executor-3] INFO  impl.RaftServerImpl (RaftServerImpl.java:setRole(184)) - d21ee1f1-33f6-483c-a18b-27782ce1915a@group-F043E0AED0ED: changes role from  FOLLOWER to FOLLOWER at term 261 for recognizeCandidate:aed1b97f-105e-4684-b087-4b6333aa3ced
2019-10-23 22:22:12,738 [grpc-default-executor-3] INFO  impl.RoleInfo (RoleInfo.java:shutdownFollowerState(121)) - d21ee1f1-33f6-483c-a18b-27782ce1915a: shutdown FollowerState
2019-10-23 22:22:12,738 [Thread-1804] INFO  impl.FollowerState (FollowerState.java:run(117)) - 1c51b35f-55cb-4636-a00c-83d34bf2d9d4@group-F043E0AED0ED-FollowerState was interrupted: java.lang.InterruptedException: sleep interrupted
2019-10-23 22:22:12,738 [grpc-default-executor-0] INFO  impl.RoleInfo (RoleInfo.java:updateAndGet(143)) - 1c51b35f-55cb-4636-a00c-83d34bf2d9d4: start FollowerState
2019-10-23 22:22:12,738 [Thread-1805] INFO  impl.FollowerState (FollowerState.java:run(117)) - d21ee1f1-33f6-483c-a18b-27782ce1915a@group-F043E0AED0ED-FollowerState was interrupted: java.lang.InterruptedException: sleep interrupted
2019-10-23 22:22:12,738 [grpc-default-executor-3] INFO  impl.RoleInfo (RoleInfo.java:updateAndGet(143)) - d21ee1f1-33f6-483c-a18b-27782ce1915a: start FollowerState
2019-10-23 22:22:12,753 [aed1b97f-105e-4684-b087-4b6333aa3ced@group-F043E0AED0ED-LeaderElection234] INFO  impl.LeaderElection (LeaderElection.java:logAndReturn(56)) - aed1b97f-105e-4684-b087-4b6333aa3ced@group-F043E0AED0ED-LeaderElection234: Election REJECTED; received 2 response(s) [aed1b97f-105e-4684-b087-4b6333aa3ced<-1c51b35f-55cb-4636-a00c-83d34bf2d9d4#0:FAIL-t261, aed1b97f-105e-4684-b087-4b6333aa3ced<-d21ee1f1-33f6-483c-a18b-27782ce1915a#0:FAIL-t261] and 0 exception(s); aed1b97f-105e-4684-b087-4b6333aa3ced@group-F043E0AED0ED:t261, leader=null, voted=aed1b97f-105e-4684-b087-4b6333aa3ced, raftlog=aed1b97f-105e-4684-b087-4b6333aa3ced@group-F043E0AED0ED-SegmentedRaftLog:OPENED:c-1,f-1,i0, conf=-1: [aed1b97f-105e-4684-b087-4b6333aa3ced:192.168.157.195:34943, 1c51b35f-55cb-4636-a00c-83d34bf2d9d4:192.168.157.195:34693, d21ee1f1-33f6-483c-a18b-27782ce1915a:192.168.157.195:46462], old=null
2019-10-23 22:22:12,753 [aed1b97f-105e-4684-b087-4b6333aa3ced@group-F043E0AED0ED-LeaderElection234] INFO  impl.RaftServerImpl (RaftServerImpl.java:setRole(184)) - aed1b97f-105e-4684-b087-4b6333aa3ced@group-F043E0AED0ED: changes role from CANDIDATE to FOLLOWER at term 261 for DISCOVERED_A_NEW_TERM
2019-10-23 22:22:12,753 [aed1b97f-105e-4684-b087-4b6333aa3ced@group-F043E0AED0ED-LeaderElection234] INFO  impl.RoleInfo (RoleInfo.java:shutdownLeaderElection(134)) - aed1b97f-105e-4684-b087-4b6333aa3ced: shutdown LeaderElection
2019-10-23 22:22:12,753 [aed1b97f-105e-4684-b087-4b6333aa3ced@group-F043E0AED0ED-LeaderElection234] INFO  impl.RoleInfo (RoleInfo.java:updateAndGet(143)) - aed1b97f-105e-4684-b087-4b6333aa3ced: start FollowerState
2019-10-23 22:22:12,817 [Thread-1810] INFO  impl.FollowerState (FollowerState.java:run(108)) - aed1b97f-105e-4684-b087-4b6333aa3ced@group-F043E0AED0ED-FollowerState: change to CANDIDATE, lastRpcTime:63ms, electionTimeout:63ms
2019-10-23 22:22:12,817 [Thread-1810] INFO  impl.RoleInfo (RoleInfo.java:shutdownFollowerState(121)) - aed1b97f-105e-4684-b087-4b6333aa3ced: shutdown FollowerState
2019-10-23 22:22:12,817 [Thread-1810] INFO  impl.RaftServerImpl (RaftServerImpl.java:setRole(184)) - aed1b97f-105e-4684-b087-4b6333aa3ced@group-F043E0AED0ED: changes role from  FOLLOWER to CANDIDATE at term 261 for changeToCandidate
2019-10-23 22:22:12,817 [Thread-1810] INFO  impl.RoleInfo (RoleInfo.java:updateAndGet(143)) - aed1b97f-105e-4684-b087-4b6333aa3ced: start LeaderElection
2019-10-23 22:22:12,831 [aed1b97f-105e-4684-b087-4b6333aa3ced@group-F043E0AED0ED-LeaderElection235] INFO  impl.LeaderElection (LeaderElection.java:askForVotes(178)) - aed1b97f-105e-4684-b087-4b6333aa3ced@group-F043E0AED0ED-LeaderElection235: begin an election at term 262 for -1: [aed1b97f-105e-4684-b087-4b6333aa3ced:192.168.157.195:34943, 1c51b35f-55cb-4636-a00c-83d34bf2d9d4:192.168.157.195:34693, d21ee1f1-33f6-483c-a18b-27782ce1915a:192.168.157.195:46462], old=null
2019-10-23 22:22:12,833 [grpc-default-executor-0] INFO  impl.RaftServerImpl (RaftServerImpl.java:setRole(184)) - 1c51b35f-55cb-4636-a00c-83d34bf2d9d4@group-F043E0AED0ED: changes role from  FOLLOWER to FOLLOWER at term 262 for recognizeCandidate:aed1b97f-105e-4684-b087-4b6333aa3ced
2019-10-23 22:22:12,833 [grpc-default-executor-0] INFO  impl.RoleInfo (RoleInfo.java:shutdownFollowerState(121)) - 1c51b35f-55cb-4636-a00c-83d34bf2d9d4: shutdown FollowerState
2019-10-23 22:22:12,833 [grpc-default-executor-0] INFO  impl.RoleInfo (RoleInfo.java:updateAndGet(143)) - 1c51b35f-55cb-4636-a00c-83d34bf2d9d4: start FollowerState
2019-10-23 22:22:12,834 [Thread-1808] INFO  impl.FollowerState (FollowerState.java:run(117)) - 1c51b35f-55cb-4636-a00c-83d34bf2d9d4@group-F043E0AED0ED-FollowerState was interrupted: java.lang.InterruptedException: sleep interrupted
2019-10-23 22:22:12,834 [grpc-default-executor-3] INFO  impl.RaftServerImpl (RaftServerImpl.java:setRole(184)) - d21ee1f1-33f6-483c-a18b-27782ce1915a@group-F043E0AED0ED: changes role from  FOLLOWER to FOLLOWER at term 262 for recognizeCandidate:aed1b97f-105e-4684-b087-4b6333aa3ced
2019-10-23 22:22:12,834 [grpc-default-executor-3] INFO  impl.RoleInfo (RoleInfo.java:shutdownFollowerState(121)) - d21ee1f1-33f6-483c-a18b-27782ce1915a: shutdown FollowerState
2019-10-23 22:22:12,834 [grpc-default-executor-3] INFO  impl.RoleInfo (RoleInfo.java:updateAndGet(143)) - d21ee1f1-33f6-483c-a18b-27782ce1915a: start FollowerState
2019-10-23 22:22:12,834 [Thread-1809] INFO  impl.FollowerState (FollowerState.java:run(117)) - d21ee1f1-33f6-483c-a18b-27782ce1915a@group-F043E0AED0ED-FollowerState was interrupted: java.lang.InterruptedException: sleep interrupted
2019-10-23 22:22:12,848 [aed1b97f-105e-4684-b087-4b6333aa3ced@group-F043E0AED0ED-LeaderElection235] INFO  impl.LeaderElection (LeaderElection.java:logAndReturn(56)) - aed1b97f-105e-4684-b087-4b6333aa3ced@group-F043E0AED0ED-LeaderElection235: Election REJECTED; received 2 response(s) [aed1b97f-105e-4684-b087-4b6333aa3ced<-1c51b35f-55cb-4636-a00c-83d34bf2d9d4#0:FAIL-t262, aed1b97f-105e-4684-b087-4b6333aa3ced<-d21ee1f1-33f6-483c-a18b-27782ce1915a#0:FAIL-t262] and 0 exception(s); aed1b97f-105e-4684-b087-4b6333aa3ced@group-F043E0AED0ED:t262, leader=null, voted=aed1b97f-105e-4684-b087-4b6333aa3ced, raftlog=aed1b97f-105e-4684-b087-4b6333aa3ced@group-F043E0AED0ED-SegmentedRaftLog:OPENED:c-1,f-1,i0, conf=-1: [aed1b97f-105e-4684-b087-4b6333aa3ced:192.168.157.195:34943, 1c51b35f-55cb-4636-a00c-83d34bf2d9d4:192.168.157.195:34693, d21ee1f1-33f6-483c-a18b-27782ce1915a:192.168.157.195:46462], old=null
2019-10-23 22:22:12,848 [aed1b97f-105e-4684-b087-4b6333aa3ced@group-F043E0AED0ED-LeaderElection235] INFO  impl.RaftServerImpl (RaftServerImpl.java:setRole(184)) - aed1b97f-105e-4684-b087-4b6333aa3ced@group-F043E0AED0ED: changes role from CANDIDATE to FOLLOWER at term 262 for DISCOVERED_A_NEW_TERM
2019-10-23 22:22:12,848 [aed1b97f-105e-4684-b087-4b6333aa3ced@group-F043E0AED0ED-LeaderElection235] INFO  impl.RoleInfo (RoleInfo.java:shutdownLeaderElection(134)) - aed1b97f-105e-4684-b087-4b6333aa3ced: shutdown LeaderElection
2019-10-23 22:22:12,849 [aed1b97f-105e-4684-b087-4b6333aa3ced@group-F043E0AED0ED-LeaderElection235] INFO  impl.RoleInfo (RoleInfo.java:updateAndGet(143)) - aed1b97f-105e-4684-b087-4b6333aa3ced: start FollowerState
2019-10-23 22:22:12,923 [Thread-1816] INFO  impl.FollowerState (FollowerState.java:run(108)) - aed1b97f-105e-4684-b087-4b6333aa3ced@group-F043E0AED0ED-FollowerState: change to CANDIDATE, lastRpcTime:74ms, electionTimeout:74ms
2019-10-23 22:22:12,923 [Thread-1816] INFO  impl.RoleInfo (RoleInfo.java:shutdownFollowerState(121)) - aed1b97f-105e-4684-b087-4b6333aa3ced: shutdown FollowerState
2019-10-23 22:22:12,923 [Thread-1816] INFO  impl.RaftServerImpl (RaftServerImpl.java:setRole(184)) - aed1b97f-105e-4684-b087-4b6333aa3ced@group-F043E0AED0ED: changes role from  FOLLOWER to CANDIDATE at term 262 for changeToCandidate
2019-10-23 22:22:12,923 [Thread-1816] INFO  impl.RoleInfo (RoleInfo.java:updateAndGet(143)) - aed1b97f-105e-4684-b087-4b6333aa3ced: start LeaderElection
2019-10-23 22:22:12,937 [aed1b97f-105e-4684-b087-4b6333aa3ced@group-F043E0AED0ED-LeaderElection236] INFO  impl.LeaderElection (LeaderElection.java:askForVotes(178)) - aed1b97f-105e-4684-b087-4b6333aa3ced@group-F043E0AED0ED-LeaderElection236: begin an election at term 263 for -1: [aed1b97f-105e-4684-b087-4b6333aa3ced:192.168.157.195:34943, 1c51b35f-55cb-4636-a00c-83d34bf2d9d4:192.168.157.195:34693, d21ee1f1-33f6-483c-a18b-27782ce1915a:192.168.157.195:46462], old=null
2019-10-23 22:22:12,939 [grpc-default-executor-0] INFO  impl.RaftServerImpl (RaftServerImpl.java:setRole(184)) - 1c51b35f-55cb-4636-a00c-83d34bf2d9d4@group-F043E0AED0ED: changes role from  FOLLOWER to FOLLOWER at term 263 for recognizeCandidate:aed1b97f-105e-4684-b087-4b6333aa3ced
2019-10-23 22:22:12,939 [grpc-default-executor-0] INFO  impl.RoleInfo (RoleInfo.java:shutdownFollowerState(121)) - 1c51b35f-55cb-4636-a00c-83d34bf2d9d4: shutdown FollowerState
2019-10-23 22:22:12,939 [grpc-default-executor-3] INFO  impl.RaftServerImpl (RaftServerImpl.java:setRole(184)) - d21ee1f1-33f6-483c-a18b-27782ce1915a@group-F043E0AED0ED: changes role from  FOLLOWER to FOLLOWER at term 263 for recognizeCandidate:aed1b97f-105e-4684-b087-4b6333aa3ced
2019-10-23 22:22:12,939 [grpc-default-executor-3] INFO  impl.RoleInfo (RoleInfo.java:shutdownFollowerState(121)) - d21ee1f1-33f6-483c-a18b-27782ce1915a: shutdown FollowerState
2019-10-23 22:22:12,939 [Thread-1814] INFO  impl.FollowerState (FollowerState.java:run(117)) - 1c51b35f-55cb-4636-a00c-83d34bf2d9d4@group-F043E0AED0ED-FollowerState was interrupted: java.lang.InterruptedException: sleep interrupted
2019-10-23 22:22:12,939 [grpc-default-executor-0] INFO  impl.RoleInfo (RoleInfo.java:updateAndGet(143)) - 1c51b35f-55cb-4636-a00c-83d34bf2d9d4: start FollowerState
2019-10-23 22:22:12,940 [Thread-1815] INFO  impl.FollowerState (FollowerState.java:run(117)) - d21ee1f1-33f6-483c-a18b-27782ce1915a@group-F043E0AED0ED-FollowerState was interrupted: java.lang.InterruptedException: sleep interrupted
2019-10-23 22:22:12,940 [grpc-default-executor-3] INFO  impl.RoleInfo (RoleInfo.java:updateAndGet(143)) - d21ee1f1-33f6-483c-a18b-27782ce1915a: start FollowerState
2019-10-23 22:22:12,954 [aed1b97f-105e-4684-b087-4b6333aa3ced@group-F043E0AED0ED-LeaderElection236] INFO  impl.LeaderElection (LeaderElection.java:logAndReturn(56)) - aed1b97f-105e-4684-b087-4b6333aa3ced@group-F043E0AED0ED-LeaderElection236: Election REJECTED; received 2 response(s) [aed1b97f-105e-4684-b087-4b6333aa3ced<-1c51b35f-55cb-4636-a00c-83d34bf2d9d4#0:FAIL-t263, aed1b97f-105e-4684-b087-4b6333aa3ced<-d21ee1f1-33f6-483c-a18b-27782ce1915a#0:FAIL-t263] and 0 exception(s); aed1b97f-105e-4684-b087-4b6333aa3ced@group-F043E0AED0ED:t263, leader=null, voted=aed1b97f-105e-4684-b087-4b6333aa3ced, raftlog=aed1b97f-105e-4684-b087-4b6333aa3ced@group-F043E0AED0ED-SegmentedRaftLog:OPENED:c-1,f-1,i0, conf=-1: [aed1b97f-105e-4684-b087-4b6333aa3ced:192.168.157.195:34943, 1c51b35f-55cb-4636-a00c-83d34bf2d9d4:192.168.157.195:34693, d21ee1f1-33f6-483c-a18b-27782ce1915a:192.168.157.195:46462], old=null
2019-10-23 22:22:12,954 [aed1b97f-105e-4684-b087-4b6333aa3ced@group-F043E0AED0ED-LeaderElection236] INFO  impl.RaftServerImpl (RaftServerImpl.java:setRole(184)) - aed1b97f-105e-4684-b087-4b6333aa3ced@group-F043E0AED0ED: changes role from CANDIDATE to FOLLOWER at term 263 for DISCOVERED_A_NEW_TERM
2019-10-23 22:22:12,954 [aed1b97f-105e-4684-b087-4b6333aa3ced@group-F043E0AED0ED-LeaderElection236] INFO  impl.RoleInfo (RoleInfo.java:shutdownLeaderElection(134)) - aed1b97f-105e-4684-b087-4b6333aa3ced: shutdown LeaderElection
2019-10-23 22:22:12,955 [aed1b97f-105e-4684-b087-4b6333aa3ced@group-F043E0AED0ED-LeaderElection236] INFO  impl.RoleInfo (RoleInfo.java:updateAndGet(143)) - aed1b97f-105e-4684-b087-4b6333aa3ced: start FollowerState
2019-10-23 22:22:13,109 [Thread-1822] INFO  impl.FollowerState (FollowerState.java:run(108)) - aed1b97f-105e-4684-b087-4b6333aa3ced@group-F043E0AED0ED-FollowerState: change to CANDIDATE, lastRpcTime:154ms, electionTimeout:154ms
2019-10-23 22:22:13,109 [Thread-1822] INFO  impl.RoleInfo (RoleInfo.java:shutdownFollowerState(121)) - aed1b97f-105e-4684-b087-4b6333aa3ced: shutdown FollowerState
2019-10-23 22:22:13,110 [Thread-1822] INFO  impl.RaftServerImpl (RaftServerImpl.java:setRole(184)) - aed1b97f-105e-4684-b087-4b6333aa3ced@group-F043E0AED0ED: changes role from  FOLLOWER to CANDIDATE at term 263 for changeToCandidate
2019-10-23 22:22:13,110 [Thread-1822] INFO  impl.RoleInfo (RoleInfo.java:updateAndGet(143)) - aed1b97f-105e-4684-b087-4b6333aa3ced: start LeaderElection
2019-10-23 22:22:13,124 [aed1b97f-105e-4684-b087-4b6333aa3ced@group-F043E0AED0ED-LeaderElection237] INFO  impl.LeaderElection (LeaderElection.java:askForVotes(178)) - aed1b97f-105e-4684-b087-4b6333aa3ced@group-F043E0AED0ED-LeaderElection237: begin an election at term 264 for -1: [aed1b97f-105e-4684-b087-4b6333aa3ced:192.168.157.195:34943, 1c51b35f-55cb-4636-a00c-83d34bf2d9d4:192.168.157.195:34693, d21ee1f1-33f6-483c-a18b-27782ce1915a:192.168.157.195:46462], old=null
2019-10-23 22:22:13,126 [grpc-default-executor-0] INFO  impl.RaftServerImpl (RaftServerImpl.java:setRole(184)) - d21ee1f1-33f6-483c-a18b-27782ce1915a@group-F043E0AED0ED: changes role from  FOLLOWER to FOLLOWER at term 264 for recognizeCandidate:aed1b97f-105e-4684-b087-4b6333aa3ced
2019-10-23 22:22:13,126 [grpc-default-executor-3] INFO  impl.RaftServerImpl (RaftServerImpl.java:setRole(184)) - 1c51b35f-55cb-4636-a00c-83d34bf2d9d4@group-F043E0AED0ED: changes role from  FOLLOWER to FOLLOWER at term 264 for recognizeCandidate:aed1b97f-105e-4684-b087-4b6333aa3ced
2019-10-23 22:22:13,127 [grpc-default-executor-0] INFO  impl.RoleInfo (RoleInfo.java:shutdownFollowerState(121)) - d21ee1f1-33f6-483c-a18b-27782ce1915a: shutdown FollowerState
2019-10-23 22:22:13,127 [grpc-default-executor-3] INFO  impl.RoleInfo (RoleInfo.java:shutdownFollowerState(121)) - 1c51b35f-55cb-4636-a00c-83d34bf2d9d4: shutdown FollowerState
2019-10-23 22:22:13,127 [Thread-1821] INFO  impl.FollowerState (FollowerState.java:run(117)) - d21ee1f1-33f6-483c-a18b-27782ce1915a@group-F043E0AED0ED-FollowerState was interrupted: java.lang.InterruptedException: sleep interrupted
2019-10-23 22:22:13,127 [Thread-1820] INFO  impl.FollowerState (FollowerState.java:run(117)) - 1c51b35f-55cb-4636-a00c-83d34bf2d9d4@group-F043E0AED0ED-FollowerState was interrupted: java.lang.InterruptedException: sleep interrupted
2019-10-23 22:22:13,127 [grpc-default-executor-0] INFO  impl.RoleInfo (RoleInfo.java:updateAndGet(143)) - d21ee1f1-33f6-483c-a18b-27782ce1915a: start FollowerState
2019-10-23 22:22:13,127 [grpc-default-executor-3] INFO  impl.RoleInfo (RoleInfo.java:updateAndGet(143)) - 1c51b35f-55cb-4636-a00c-83d34bf2d9d4: start FollowerState
2019-10-23 22:22:13,141 [aed1b97f-105e-4684-b087-4b6333aa3ced@group-F043E0AED0ED-LeaderElection237] INFO  impl.LeaderElection (LeaderElection.java:logAndReturn(56)) - aed1b97f-105e-4684-b087-4b6333aa3ced@group-F043E0AED0ED-LeaderElection237: Election REJECTED; received 2 response(s) [aed1b97f-105e-4684-b087-4b6333aa3ced<-1c51b35f-55cb-4636-a00c-83d34bf2d9d4#0:FAIL-t264, aed1b97f-105e-4684-b087-4b6333aa3ced<-d21ee1f1-33f6-483c-a18b-27782ce1915a#0:FAIL-t264] and 0 exception(s); aed1b97f-105e-4684-b087-4b6333aa3ced@group-F043E0AED0ED:t264, leader=null, voted=aed1b97f-105e-4684-b087-4b6333aa3ced, raftlog=aed1b97f-105e-4684-b087-4b6333aa3ced@group-F043E0AED0ED-SegmentedRaftLog:OPENED:c-1,f-1,i0, conf=-1: [aed1b97f-105e-4684-b087-4b6333aa3ced:192.168.157.195:34943, 1c51b35f-55cb-4636-a00c-83d34bf2d9d4:192.168.157.195:34693, d21ee1f1-33f6-483c-a18b-27782ce1915a:192.168.157.195:46462], old=null
2019-10-23 22:22:13,142 [aed1b97f-105e-4684-b087-4b6333aa3ced@group-F043E0AED0ED-LeaderElection237] INFO  impl.RaftServerImpl (RaftServerImpl.java:setRole(184)) - aed1b97f-105e-4684-b087-4b6333aa3ced@group-F043E0AED0ED: changes role from CANDIDATE to FOLLOWER at term 264 for DISCOVERED_A_NEW_TERM
2019-10-23 22:22:13,142 [aed1b97f-105e-4684-b087-4b6333aa3ced@group-F043E0AED0ED-LeaderElection237] INFO  impl.RoleInfo (RoleInfo.java:shutdownLeaderElection(134)) - aed1b97f-105e-4684-b087-4b6333aa3ced: shutdown LeaderElection
2019-10-23 22:22:13,142 [aed1b97f-105e-4684-b087-4b6333aa3ced@group-F043E0AED0ED-LeaderElection237] INFO  impl.RoleInfo (RoleInfo.java:updateAndGet(143)) - aed1b97f-105e-4684-b087-4b6333aa3ced: start FollowerState
2019-10-23 22:22:13,167 [Thread-1828] INFO  impl.FollowerState (FollowerState.java:run(108)) - aed1b97f-105e-4684-b087-4b6333aa3ced@group-F043E0AED0ED-FollowerState: change to CANDIDATE, lastRpcTime:25ms, electionTimeout:25ms
2019-10-23 22:22:13,167 [Thread-1828] INFO  impl.RoleInfo (RoleInfo.java:shutdownFollowerState(121)) - aed1b97f-105e-4684-b087-4b6333aa3ced: shutdown FollowerState
2019-10-23 22:22:13,167 [Thread-1828] INFO  impl.RaftServerImpl (RaftServerImpl.java:setRole(184)) - aed1b97f-105e-4684-b087-4b6333aa3ced@group-F043E0AED0ED: changes role from  FOLLOWER to CANDIDATE at term 264 for changeToCandidate
2019-10-23 22:22:13,168 [Thread-1828] INFO  impl.RoleInfo (RoleInfo.java:updateAndGet(143)) - aed1b97f-105e-4684-b087-4b6333aa3ced: start LeaderElection
2019-10-23 22:22:13,181 [aed1b97f-105e-4684-b087-4b6333aa3ced@group-F043E0AED0ED-LeaderElection238] INFO  impl.LeaderElection (LeaderElection.java:askForVotes(178)) - aed1b97f-105e-4684-b087-4b6333aa3ced@group-F043E0AED0ED-LeaderElection238: begin an election at term 265 for -1: [aed1b97f-105e-4684-b087-4b6333aa3ced:192.168.157.195:34943, 1c51b35f-55cb-4636-a00c-83d34bf2d9d4:192.168.157.195:34693, d21ee1f1-33f6-483c-a18b-27782ce1915a:192.168.157.195:46462], old=null
2019-10-23 22:22:13,184 [grpc-default-executor-3] INFO  impl.RaftServerImpl (RaftServerImpl.java:setRole(184)) - 1c51b35f-55cb-4636-a00c-83d34bf2d9d4@group-F043E0AED0ED: changes role from  FOLLOWER to FOLLOWER at term 265 for recognizeCandidate:aed1b97f-105e-4684-b087-4b6333aa3ced
2019-10-23 22:22:13,184 [grpc-default-executor-3] INFO  impl.RoleInfo (RoleInfo.java:shutdownFollowerState(121)) - 1c51b35f-55cb-4636-a00c-83d34bf2d9d4: shutdown FollowerState
2019-10-23 22:22:13,184 [grpc-default-executor-3] INFO  impl.RoleInfo (RoleInfo.java:updateAndGet(143)) - 1c51b35f-55cb-4636-a00c-83d34bf2d9d4: start FollowerState
2019-10-23 22:22:13,184 [Thread-1827] INFO  impl.FollowerState (FollowerState.java:run(117)) - 1c51b35f-55cb-4636-a00c-83d34bf2d9d4@group-F043E0AED0ED-FollowerState was interrupted: java.lang.InterruptedException: sleep interrupted
2019-10-23 22:22:13,184 [grpc-default-executor-0] INFO  impl.RaftServerImpl (RaftServerImpl.java:setRole(184)) - d21ee1f1-33f6-483c-a18b-27782ce1915a@group-F043E0AED0ED: changes role from  FOLLOWER to FOLLOWER at term 265 for recognizeCandidate:aed1b97f-105e-4684-b087-4b6333aa3ced
2019-10-23 22:22:13,185 [grpc-default-executor-0] INFO  impl.RoleInfo (RoleInfo.java:shutdownFollowerState(121)) - d21ee1f1-33f6-483c-a18b-27782ce1915a: shutdown FollowerState
2019-10-23 22:22:13,185 [grpc-default-executor-0] INFO  impl.RoleInfo (RoleInfo.java:updateAndGet(143)) - d21ee1f1-33f6-483c-a18b-27782ce1915a: start FollowerState
2019-10-23 22:22:13,185 [Thread-1826] INFO  impl.FollowerState (FollowerState.java:run(117)) - d21ee1f1-33f6-483c-a18b-27782ce1915a@group-F043E0AED0ED-FollowerState was interrupted: java.lang.InterruptedException: sleep interrupted
2019-10-23 22:22:13,199 [aed1b97f-105e-4684-b087-4b6333aa3ced@group-F043E0AED0ED-LeaderElection238] INFO  impl.LeaderElection (LeaderElection.java:logAndReturn(56)) - aed1b97f-105e-4684-b087-4b6333aa3ced@group-F043E0AED0ED-LeaderElection238: Election REJECTED; received 2 response(s) [aed1b97f-105e-4684-b087-4b6333aa3ced<-1c51b35f-55cb-4636-a00c-83d34bf2d9d4#0:FAIL-t265, aed1b97f-105e-4684-b087-4b6333aa3ced<-d21ee1f1-33f6-483c-a18b-27782ce1915a#0:FAIL-t265] and 0 exception(s); aed1b97f-105e-4684-b087-4b6333aa3ced@group-F043E0AED0ED:t265, leader=null, voted=aed1b97f-105e-4684-b087-4b6333aa3ced, raftlog=aed1b97f-105e-4684-b087-4b6333aa3ced@group-F043E0AED0ED-SegmentedRaftLog:OPENED:c-1,f-1,i0, conf=-1: [aed1b97f-105e-4684-b087-4b6333aa3ced:192.168.157.195:34943, 1c51b35f-55cb-4636-a00c-83d34bf2d9d4:192.168.157.195:34693, d21ee1f1-33f6-483c-a18b-27782ce1915a:192.168.157.195:46462], old=null
2019-10-23 22:22:13,199 [aed1b97f-105e-4684-b087-4b6333aa3ced@group-F043E0AED0ED-LeaderElection238] INFO  impl.RaftServerImpl (RaftServerImpl.java:setRole(184)) - aed1b97f-105e-4684-b087-4b6333aa3ced@group-F043E0AED0ED: changes role from CANDIDATE to FOLLOWER at term 265 for DISCOVERED_A_NEW_TERM
2019-10-23 22:22:13,199 [aed1b97f-105e-4684-b087-4b6333aa3ced@group-F043E0AED0ED-LeaderElection238] INFO  impl.RoleInfo (RoleInfo.java:shutdownLeaderElection(134)) - aed1b97f-105e-4684-b087-4b6333aa3ced: shutdown LeaderElection
2019-10-23 22:22:13,200 [aed1b97f-105e-4684-b087-4b6333aa3ced@group-F043E0AED0ED-LeaderElection238] INFO  impl.RoleInfo (RoleInfo.java:updateAndGet(143)) - aed1b97f-105e-4684-b087-4b6333aa3ced: start FollowerState
2019-10-23 22:22:13,266 [Thread-1834] INFO  impl.FollowerState (FollowerState.java:run(108)) - aed1b97f-105e-4684-b087-4b6333aa3ced@group-F043E0AED0ED-FollowerState: change to CANDIDATE, lastRpcTime:66ms, electionTimeout:66ms
2019-10-23 22:22:13,266 [Thread-1834] INFO  impl.RoleInfo (RoleInfo.java:shutdownFollowerState(121)) - aed1b97f-105e-4684-b087-4b6333aa3ced: shutdown FollowerState
2019-10-23 22:22:13,266 [Thread-1834] INFO  impl.RaftServerImpl (RaftServerImpl.java:setRole(184)) - aed1b97f-105e-4684-b087-4b6333aa3ced@group-F043E0AED0ED: changes role from  FOLLOWER to CANDIDATE at term 265 for changeToCandidate
2019-10-23 22:22:13,267 [Thread-1834] INFO  impl.RoleInfo (RoleInfo.java:updateAndGet(143)) - aed1b97f-105e-4684-b087-4b6333aa3ced: start LeaderElection
2019-10-23 22:22:13,280 [aed1b97f-105e-4684-b087-4b6333aa3ced@group-F043E0AED0ED-LeaderElection239] INFO  impl.LeaderElection (LeaderElection.java:askForVotes(178)) - aed1b97f-105e-4684-b087-4b6333aa3ced@group-F043E0AED0ED-LeaderElection239: begin an election at term 266 for -1: [aed1b97f-105e-4684-b087-4b6333aa3ced:192.168.157.195:34943, 1c51b35f-55cb-4636-a00c-83d34bf2d9d4:192.168.157.195:34693, d21ee1f1-33f6-483c-a18b-27782ce1915a:192.168.157.195:46462], old=null
2019-10-23 22:22:13,283 [grpc-default-executor-0] INFO  impl.RaftServerImpl (RaftServerImpl.java:setRole(184)) - 1c51b35f-55cb-4636-a00c-83d34bf2d9d4@group-F043E0AED0ED: changes role from  FOLLOWER to FOLLOWER at term 266 for recognizeCandidate:aed1b97f-105e-4684-b087-4b6333aa3ced
2019-10-23 22:22:13,283 [grpc-default-executor-0] INFO  impl.RoleInfo (RoleInfo.java:shutdownFollowerState(121)) - 1c51b35f-55cb-4636-a00c-83d34bf2d9d4: shutdown FollowerState
2019-10-23 22:22:13,283 [grpc-default-executor-0] INFO  impl.RoleInfo (RoleInfo.java:updateAndGet(143)) - 1c51b35f-55cb-4636-a00c-83d34bf2d9d4: start FollowerState
2019-10-23 22:22:13,283 [Thread-1832] INFO  impl.FollowerState (FollowerState.java:run(117)) - 1c51b35f-55cb-4636-a00c-83d34bf2d9d4@group-F043E0AED0ED-FollowerState was interrupted: java.lang.InterruptedException: sleep interrupted
2019-10-23 22:22:13,284 [grpc-default-executor-3] INFO  impl.RaftServerImpl (RaftServerImpl.java:setRole(184)) - d21ee1f1-33f6-483c-a18b-27782ce1915a@group-F043E0AED0ED: changes role from  FOLLOWER to FOLLOWER at term 266 for recognizeCandidate:aed1b97f-105e-4684-b087-4b6333aa3ced
2019-10-23 22:22:13,284 [grpc-default-executor-3] INFO  impl.RoleInfo (RoleInfo.java:shutdownFollowerState(121)) - d21ee1f1-33f6-483c-a18b-27782ce1915a: shutdown FollowerState
2019-10-23 22:22:13,284 [grpc-default-executor-3] INFO  impl.RoleInfo (RoleInfo.java:updateAndGet(143)) - d21ee1f1-33f6-483c-a18b-27782ce1915a: start FollowerState
2019-10-23 22:22:13,284 [Thread-1833] INFO  impl.FollowerState (FollowerState.java:run(117)) - d21ee1f1-33f6-483c-a18b-27782ce1915a@group-F043E0AED0ED-FollowerState was interrupted: java.lang.InterruptedException: sleep interrupted
2019-10-23 22:22:13,297 [aed1b97f-105e-4684-b087-4b6333aa3ced@group-F043E0AED0ED-LeaderElection239] INFO  impl.LeaderElection (LeaderElection.java:logAndReturn(56)) - aed1b97f-105e-4684-b087-4b6333aa3ced@group-F043E0AED0ED-LeaderElection239: Election REJECTED; received 2 response(s) [aed1b97f-105e-4684-b087-4b6333aa3ced<-1c51b35f-55cb-4636-a00c-83d34bf2d9d4#0:FAIL-t266, aed1b97f-105e-4684-b087-4b6333aa3ced<-d21ee1f1-33f6-483c-a18b-27782ce1915a#0:FAIL-t266] and 0 exception(s); aed1b97f-105e-4684-b087-4b6333aa3ced@group-F043E0AED0ED:t266, leader=null, voted=aed1b97f-105e-4684-b087-4b6333aa3ced, raftlog=aed1b97f-105e-4684-b087-4b6333aa3ced@group-F043E0AED0ED-SegmentedRaftLog:OPENED:c-1,f-1,i0, conf=-1: [aed1b97f-105e-4684-b087-4b6333aa3ced:192.168.157.195:34943, 1c51b35f-55cb-4636-a00c-83d34bf2d9d4:192.168.157.195:34693, d21ee1f1-33f6-483c-a18b-27782ce1915a:192.168.157.195:46462], old=null
2019-10-23 22:22:13,297 [aed1b97f-105e-4684-b087-4b6333aa3ced@group-F043E0AED0ED-LeaderElection239] INFO  impl.RaftServerImpl (RaftServerImpl.java:setRole(184)) - aed1b97f-105e-4684-b087-4b6333aa3ced@group-F043E0AED0ED: changes role from CANDIDATE to FOLLOWER at term 266 for DISCOVERED_A_NEW_TERM
2019-10-23 22:22:13,297 [aed1b97f-105e-4684-b087-4b6333aa3ced@group-F043E0AED0ED-LeaderElection239] INFO  impl.RoleInfo (RoleInfo.java:shutdownLeaderElection(134)) - aed1b97f-105e-4684-b087-4b6333aa3ced: shutdown LeaderElection
2019-10-23 22:22:13,297 [aed1b97f-105e-4684-b087-4b6333aa3ced@group-F043E0AED0ED-LeaderElection239] INFO  impl.RoleInfo (RoleInfo.java:updateAndGet(143)) - aed1b97f-105e-4684-b087-4b6333aa3ced: start FollowerState
2019-10-23 22:22:13,457 [Thread-1842] INFO  impl.FollowerState (FollowerState.java:run(108)) - aed1b97f-105e-4684-b087-4b6333aa3ced@group-F043E0AED0ED-FollowerState: change to CANDIDATE, lastRpcTime:159ms, electionTimeout:159ms
2019-10-23 22:22:13,457 [Thread-1842] INFO  impl.RoleInfo (RoleInfo.java:shutdownFollowerState(121)) - aed1b97f-105e-4684-b087-4b6333aa3ced: shutdown FollowerState
2019-10-23 22:22:13,457 [Thread-1842] INFO  impl.RaftServerImpl (RaftServerImpl.java:setRole(184)) - aed1b97f-105e-4684-b087-4b6333aa3ced@group-F043E0AED0ED: changes role from  FOLLOWER to CANDIDATE at term 266 for changeToCandidate
2019-10-23 22:22:13,457 [Thread-1842] INFO  impl.RoleInfo (RoleInfo.java:updateAndGet(143)) - aed1b97f-105e-4684-b087-4b6333aa3ced: start LeaderElection
2019-10-23 22:22:13,471 [aed1b97f-105e-4684-b087-4b6333aa3ced@group-F043E0AED0ED-LeaderElection240] INFO  impl.LeaderElection (LeaderElection.java:askForVotes(178)) - aed1b97f-105e-4684-b087-4b6333aa3ced@group-F043E0AED0ED-LeaderElection240: begin an election at term 267 for -1: [aed1b97f-105e-4684-b087-4b6333aa3ced:192.168.157.195:34943, 1c51b35f-55cb-4636-a00c-83d34bf2d9d4:192.168.157.195:34693, d21ee1f1-33f6-483c-a18b-27782ce1915a:192.168.157.195:46462], old=null
2019-10-23 22:22:13,474 [grpc-default-executor-3] INFO  impl.RaftServerImpl (RaftServerImpl.java:setRole(184)) - 1c51b35f-55cb-4636-a00c-83d34bf2d9d4@group-F043E0AED0ED: changes role from  FOLLOWER to FOLLOWER at term 267 for recognizeCandidate:aed1b97f-105e-4684-b087-4b6333aa3ced
2019-10-23 22:22:13,474 [grpc-default-executor-0] INFO  impl.RaftServerImpl (RaftServerImpl.java:setRole(184)) - d21ee1f1-33f6-483c-a18b-27782ce1915a@group-F043E0AED0ED: changes role from  FOLLOWER to FOLLOWER at term 267 for recognizeCandidate:aed1b97f-105e-4684-b087-4b6333aa3ced
2019-10-23 22:22:13,474 [grpc-default-executor-3] INFO  impl.RoleInfo (RoleInfo.java:shutdownFollowerState(121)) - 1c51b35f-55cb-4636-a00c-83d34bf2d9d4: shutdown FollowerState
2019-10-23 22:22:13,474 [grpc-default-executor-0] INFO  impl.RoleInfo (RoleInfo.java:shutdownFollowerState(121)) - d21ee1f1-33f6-483c-a18b-27782ce1915a: shutdown FollowerState
2019-10-23 22:22:13,475 [grpc-default-executor-3] INFO  impl.RoleInfo (RoleInfo.java:updateAndGet(143)) - 1c51b35f-55cb-4636-a00c-83d34bf2d9d4: start FollowerState
2019-10-23 22:22:13,475 [Thread-1841] INFO  impl.FollowerState (FollowerState.java:run(117)) - d21ee1f1-33f6-483c-a18b-27782ce1915a@group-F043E0AED0ED-FollowerState was interrupted: java.lang.InterruptedException: sleep interrupted
2019-10-23 22:22:13,475 [grpc-default-executor-0] INFO  impl.RoleInfo (RoleInfo.java:updateAndGet(143)) - d21ee1f1-33f6-483c-a18b-27782ce1915a: start FollowerState
2019-10-23 22:22:13,475 [Thread-1840] INFO  impl.FollowerState (FollowerState.java:run(117)) - 1c51b35f-55cb-4636-a00c-83d34bf2d9d4@group-F043E0AED0ED-FollowerState was interrupted: java.lang.InterruptedException: sleep interrupted
2019-10-23 22:22:13,490 [aed1b97f-105e-4684-b087-4b6333aa3ced@group-F043E0AED0ED-LeaderElection240] INFO  impl.LeaderElection (LeaderElection.java:logAndReturn(56)) - aed1b97f-105e-4684-b087-4b6333aa3ced@group-F043E0AED0ED-LeaderElection240: Election REJECTED; received 2 response(s) [aed1b97f-105e-4684-b087-4b6333aa3ced<-1c51b35f-55cb-4636-a00c-83d34bf2d9d4#0:FAIL-t267, aed1b97f-105e-4684-b087-4b6333aa3ced<-d21ee1f1-33f6-483c-a18b-27782ce1915a#0:FAIL-t267] and 0 exception(s); aed1b97f-105e-4684-b087-4b6333aa3ced@group-F043E0AED0ED:t267, leader=null, voted=aed1b97f-105e-4684-b087-4b6333aa3ced, raftlog=aed1b97f-105e-4684-b087-4b6333aa3ced@group-F043E0AED0ED-SegmentedRaftLog:OPENED:c-1,f-1,i0, conf=-1: [aed1b97f-105e-4684-b087-4b6333aa3ced:192.168.157.195:34943, 1c51b35f-55cb-4636-a00c-83d34bf2d9d4:192.168.157.195:34693, d21ee1f1-33f6-483c-a18b-27782ce1915a:192.168.157.195:46462], old=null
2019-10-23 22:22:13,490 [aed1b97f-105e-4684-b087-4b6333aa3ced@group-F043E0AED0ED-LeaderElection240] INFO  impl.RaftServerImpl (RaftServerImpl.java:setRole(184)) - aed1b97f-105e-4684-b087-4b6333aa3ced@group-F043E0AED0ED: changes role from CANDIDATE to FOLLOWER at term 267 for DISCOVERED_A_NEW_TERM
2019-10-23 22:22:13,490 [aed1b97f-105e-4684-b087-4b6333aa3ced@group-F043E0AED0ED-LeaderElection240] INFO  impl.RoleInfo (RoleInfo.java:shutdownLeaderElection(134)) - aed1b97f-105e-4684-b087-4b6333aa3ced: shutdown LeaderElection
2019-10-23 22:22:13,490 [aed1b97f-105e-4684-b087-4b6333aa3ced@group-F043E0AED0ED-LeaderElection240] INFO  impl.RoleInfo (RoleInfo.java:updateAndGet(143)) - aed1b97f-105e-4684-b087-4b6333aa3ced: start FollowerState
2019-10-23 22:22:13,680 [Thread-1848] INFO  impl.FollowerState (FollowerState.java:run(108)) - aed1b97f-105e-4684-b087-4b6333aa3ced@group-F043E0AED0ED-FollowerState: change to CANDIDATE, lastRpcTime:190ms, electionTimeout:190ms
2019-10-23 22:22:13,681 [Thread-1848] INFO  impl.RoleInfo (RoleInfo.java:shutdownFollowerState(121)) - aed1b97f-105e-4684-b087-4b6333aa3ced: shutdown FollowerState
2019-10-23 22:22:13,681 [Thread-1848] INFO  impl.RaftServerImpl (RaftServerImpl.java:setRole(184)) - aed1b97f-105e-4684-b087-4b6333aa3ced@group-F043E0AED0ED: changes role from  FOLLOWER to CANDIDATE at term 267 for changeToCandidate
2019-10-23 22:22:13,681 [Thread-1848] INFO  impl.RoleInfo (RoleInfo.java:updateAndGet(143)) - aed1b97f-105e-4684-b087-4b6333aa3ced: start LeaderElection
2019-10-23 22:22:13,695 [aed1b97f-105e-4684-b087-4b6333aa3ced@group-F043E0AED0ED-LeaderElection241] INFO  impl.LeaderElection (LeaderElection.java:askForVotes(178)) - aed1b97f-105e-4684-b087-4b6333aa3ced@group-F043E0AED0ED-LeaderElection241: begin an election at term 268 for -1: [aed1b97f-105e-4684-b087-4b6333aa3ced:192.168.157.195:34943, 1c51b35f-55cb-4636-a00c-83d34bf2d9d4:192.168.157.195:34693, d21ee1f1-33f6-483c-a18b-27782ce1915a:192.168.157.195:46462], old=null
2019-10-23 22:22:13,698 [grpc-default-executor-3] INFO  impl.RaftServerImpl (RaftServerImpl.java:setRole(184)) - 1c51b35f-55cb-4636-a00c-83d34bf2d9d4@group-F043E0AED0ED: changes role from  FOLLOWER to FOLLOWER at term 268 for recognizeCandidate:aed1b97f-105e-4684-b087-4b6333aa3ced
2019-10-23 22:22:13,698 [grpc-default-executor-0] INFO  impl.RaftServerImpl (RaftServerImpl.java:setRole(184)) - d21ee1f1-33f6-483c-a18b-27782ce1915a@group-F043E0AED0ED: changes role from  FOLLOWER to FOLLOWER at term 268 for recognizeCandidate:aed1b97f-105e-4684-b087-4b6333aa3ced
2019-10-23 22:22:13,698 [grpc-default-executor-3] INFO  impl.RoleInfo (RoleInfo.java:shutdownFollowerState(121)) - 1c51b35f-55cb-4636-a00c-83d34bf2d9d4: shutdown FollowerState
2019-10-23 22:22:13,698 [grpc-default-executor-0] INFO  impl.RoleInfo (RoleInfo.java:shutdownFollowerState(121)) - d21ee1f1-33f6-483c-a18b-27782ce1915a: shutdown FollowerState
2019-10-23 22:22:13,698 [Thread-1846] INFO  impl.FollowerState (FollowerState.java:run(117)) - 1c51b35f-55cb-4636-a00c-83d34bf2d9d4@group-F043E0AED0ED-FollowerState was interrupted: java.lang.InterruptedException: sleep interrupted
2019-10-23 22:22:13,698 [grpc-default-executor-3] INFO  impl.RoleInfo (RoleInfo.java:updateAndGet(143)) - 1c51b35f-55cb-4636-a00c-83d34bf2d9d4: start FollowerState
2019-10-23 22:22:13,698 [Thread-1847] INFO  impl.FollowerState (FollowerState.java:run(117)) - d21ee1f1-33f6-483c-a18b-27782ce1915a@group-F043E0AED0ED-FollowerState was interrupted: java.lang.InterruptedException: sleep interrupted
2019-10-23 22:22:13,698 [grpc-default-executor-0] INFO  impl.RoleInfo (RoleInfo.java:updateAndGet(143)) - d21ee1f1-33f6-483c-a18b-27782ce1915a: start FollowerState
2019-10-23 22:22:13,713 [aed1b97f-105e-4684-b087-4b6333aa3ced@group-F043E0AED0ED-LeaderElection241] INFO  impl.LeaderElection (LeaderElection.java:logAndReturn(56)) - aed1b97f-105e-4684-b087-4b6333aa3ced@group-F043E0AED0ED-LeaderElection241: Election REJECTED; received 2 response(s) [aed1b97f-105e-4684-b087-4b6333aa3ced<-1c51b35f-55cb-4636-a00c-83d34bf2d9d4#0:FAIL-t268, aed1b97f-105e-4684-b087-4b6333aa3ced<-d21ee1f1-33f6-483c-a18b-27782ce1915a#0:FAIL-t268] and 0 exception(s); aed1b97f-105e-4684-b087-4b6333aa3ced@group-F043E0AED0ED:t268, leader=null, voted=aed1b97f-105e-4684-b087-4b6333aa3ced, raftlog=aed1b97f-105e-4684-b087-4b6333aa3ced@group-F043E0AED0ED-SegmentedRaftLog:OPENED:c-1,f-1,i0, conf=-1: [aed1b97f-105e-4684-b087-4b6333aa3ced:192.168.157.195:34943, 1c51b35f-55cb-4636-a00c-83d34bf2d9d4:192.168.157.195:34693, d21ee1f1-33f6-483c-a18b-27782ce1915a:192.168.157.195:46462], old=null
2019-10-23 22:22:13,714 [aed1b97f-105e-4684-b087-4b6333aa3ced@group-F043E0AED0ED-LeaderElection241] INFO  impl.RaftServerImpl (RaftServerImpl.java:setRole(184)) - aed1b97f-105e-4684-b087-4b6333aa3ced@group-F043E0AED0ED: changes role from CANDIDATE to FOLLOWER at term 268 for DISCOVERED_A_NEW_TERM
2019-10-23 22:22:13,714 [aed1b97f-105e-4684-b087-4b6333aa3ced@group-F043E0AED0ED-LeaderElection241] INFO  impl.RoleInfo (RoleInfo.java:shutdownLeaderElection(134)) - aed1b97f-105e-4684-b087-4b6333aa3ced: shutdown LeaderElection
2019-10-23 22:22:13,714 [aed1b97f-105e-4684-b087-4b6333aa3ced@group-F043E0AED0ED-LeaderElection241] INFO  impl.RoleInfo (RoleInfo.java:updateAndGet(143)) - aed1b97f-105e-4684-b087-4b6333aa3ced: start FollowerState
2019-10-23 22:22:13,753 [Thread-1854] INFO  impl.FollowerState (FollowerState.java:run(108)) - aed1b97f-105e-4684-b087-4b6333aa3ced@group-F043E0AED0ED-FollowerState: change to CANDIDATE, lastRpcTime:39ms, electionTimeout:39ms
2019-10-23 22:22:13,753 [Thread-1854] INFO  impl.RoleInfo (RoleInfo.java:shutdownFollowerState(121)) - aed1b97f-105e-4684-b087-4b6333aa3ced: shutdown FollowerState
2019-10-23 22:22:13,754 [Thread-1854] INFO  impl.RaftServerImpl (RaftServerImpl.java:setRole(184)) - aed1b97f-105e-4684-b087-4b6333aa3ced@group-F043E0AED0ED: changes role from  FOLLOWER to CANDIDATE at term 268 for changeToCandidate
2019-10-23 22:22:13,754 [Thread-1854] INFO  impl.RoleInfo (RoleInfo.java:updateAndGet(143)) - aed1b97f-105e-4684-b087-4b6333aa3ced: start LeaderElection
2019-10-23 22:22:13,768 [aed1b97f-105e-4684-b087-4b6333aa3ced@group-F043E0AED0ED-LeaderElection242] INFO  impl.LeaderElection (LeaderElection.java:askForVotes(178)) - aed1b97f-105e-4684-b087-4b6333aa3ced@group-F043E0AED0ED-LeaderElection242: begin an election at term 269 for -1: [aed1b97f-105e-4684-b087-4b6333aa3ced:192.168.157.195:34943, 1c51b35f-55cb-4636-a00c-83d34bf2d9d4:192.168.157.195:34693, d21ee1f1-33f6-483c-a18b-27782ce1915a:192.168.157.195:46462], old=null
2019-10-23 22:22:13,771 [grpc-default-executor-3] INFO  impl.RaftServerImpl (RaftServerImpl.java:setRole(184)) - 1c51b35f-55cb-4636-a00c-83d34bf2d9d4@group-F043E0AED0ED: changes role from  FOLLOWER to FOLLOWER at term 269 for recognizeCandidate:aed1b97f-105e-4684-b087-4b6333aa3ced
2019-10-23 22:22:13,771 [grpc-default-executor-3] INFO  impl.RoleInfo (RoleInfo.java:shutdownFollowerState(121)) - 1c51b35f-55cb-4636-a00c-83d34bf2d9d4: shutdown FollowerState
2019-10-23 22:22:13,771 [grpc-default-executor-3] INFO  impl.RoleInfo (RoleInfo.java:updateAndGet(143)) - 1c51b35f-55cb-4636-a00c-83d34bf2d9d4: start FollowerState
2019-10-23 22:22:13,771 [Thread-1852] INFO  impl.FollowerState (FollowerState.java:run(117)) - 1c51b35f-55cb-4636-a00c-83d34bf2d9d4@group-F043E0AED0ED-FollowerState was interrupted: java.lang.InterruptedException: sleep interrupted
2019-10-23 22:22:13,771 [grpc-default-executor-0] INFO  impl.RaftServerImpl (RaftServerImpl.java:setRole(184)) - d21ee1f1-33f6-483c-a18b-27782ce1915a@group-F043E0AED0ED: changes role from  FOLLOWER to FOLLOWER at term 269 for recognizeCandidate:aed1b97f-105e-4684-b087-4b6333aa3ced
2019-10-23 22:22:13,772 [grpc-default-executor-0] INFO  impl.RoleInfo (RoleInfo.java:shutdownFollowerState(121)) - d21ee1f1-33f6-483c-a18b-27782ce1915a: shutdown FollowerState
2019-10-23 22:22:13,772 [grpc-default-executor-0] INFO  impl.RoleInfo (RoleInfo.java:updateAndGet(143)) - d21ee1f1-33f6-483c-a18b-27782ce1915a: start FollowerState
2019-10-23 22:22:13,772 [Thread-1853] INFO  impl.FollowerState (FollowerState.java:run(117)) - d21ee1f1-33f6-483c-a18b-27782ce1915a@group-F043E0AED0ED-FollowerState was interrupted: java.lang.InterruptedException: sleep interrupted
2019-10-23 22:22:13,786 [aed1b97f-105e-4684-b087-4b6333aa3ced@group-F043E0AED0ED-LeaderElection242] INFO  impl.LeaderElection (LeaderElection.java:logAndReturn(56)) - aed1b97f-105e-4684-b087-4b6333aa3ced@group-F043E0AED0ED-LeaderElection242: Election REJECTED; received 2 response(s) [aed1b97f-105e-4684-b087-4b6333aa3ced<-1c51b35f-55cb-4636-a00c-83d34bf2d9d4#0:FAIL-t269, aed1b97f-105e-4684-b087-4b6333aa3ced<-d21ee1f1-33f6-483c-a18b-27782ce1915a#0:FAIL-t269] and 0 exception(s); aed1b97f-105e-4684-b087-4b6333aa3ced@group-F043E0AED0ED:t269, leader=null, voted=aed1b97f-105e-4684-b087-4b6333aa3ced, raftlog=aed1b97f-105e-4684-b087-4b6333aa3ced@group-F043E0AED0ED-SegmentedRaftLog:OPENED:c-1,f-1,i0, conf=-1: [aed1b97f-105e-4684-b087-4b6333aa3ced:192.168.157.195:34943, 1c51b35f-55cb-4636-a00c-83d34bf2d9d4:192.168.157.195:34693, d21ee1f1-33f6-483c-a18b-27782ce1915a:192.168.157.195:46462], old=null
2019-10-23 22:22:13,787 [aed1b97f-105e-4684-b087-4b6333aa3ced@group-F043E0AED0ED-LeaderElection242] INFO  impl.RaftServerImpl (RaftServerImpl.java:setRole(184)) - aed1b97f-105e-4684-b087-4b6333aa3ced@group-F043E0AED0ED: changes role from CANDIDATE to FOLLOWER at term 269 for DISCOVERED_A_NEW_TERM
2019-10-23 22:22:13,787 [aed1b97f-105e-4684-b087-4b6333aa3ced@group-F043E0AED0ED-LeaderElection242] INFO  impl.RoleInfo (RoleInfo.java:shutdownLeaderElection(134)) - aed1b97f-105e-4684-b087-4b6333aa3ced: shutdown LeaderElection
2019-10-23 22:22:13,787 [aed1b97f-105e-4684-b087-4b6333aa3ced@group-F043E0AED0ED-LeaderElection242] INFO  impl.RoleInfo (RoleInfo.java:updateAndGet(143)) - aed1b97f-105e-4684-b087-4b6333aa3ced: start FollowerState
2019-10-23 22:22:13,930 [Thread-1860] INFO  impl.FollowerState (FollowerState.java:run(108)) - aed1b97f-105e-4684-b087-4b6333aa3ced@group-F043E0AED0ED-FollowerState: change to CANDIDATE, lastRpcTime:143ms, electionTimeout:143ms
2019-10-23 22:22:13,931 [Thread-1860] INFO  impl.RoleInfo (RoleInfo.java:shutdownFollowerState(121)) - aed1b97f-105e-4684-b087-4b6333aa3ced: shutdown FollowerState
2019-10-23 22:22:13,931 [Thread-1860] INFO  impl.RaftServerImpl (RaftServerImpl.java:setRole(184)) - aed1b97f-105e-4684-b087-4b6333aa3ced@group-F043E0AED0ED: changes role from  FOLLOWER to CANDIDATE at term 269 for changeToCandidate
2019-10-23 22:22:13,931 [Thread-1860] INFO  impl.RoleInfo (RoleInfo.java:updateAndGet(143)) - aed1b97f-105e-4684-b087-4b6333aa3ced: start LeaderElection
2019-10-23 22:22:13,946 [aed1b97f-105e-4684-b087-4b6333aa3ced@group-F043E0AED0ED-LeaderElection243] INFO  impl.LeaderElection (LeaderElection.java:askForVotes(178)) - aed1b97f-105e-4684-b087-4b6333aa3ced@group-F043E0AED0ED-LeaderElection243: begin an election at term 270 for -1: [aed1b97f-105e-4684-b087-4b6333aa3ced:192.168.157.195:34943, 1c51b35f-55cb-4636-a00c-83d34bf2d9d4:192.168.157.195:34693, d21ee1f1-33f6-483c-a18b-27782ce1915a:192.168.157.195:46462], old=null
2019-10-23 22:22:13,948 [grpc-default-executor-3] INFO  impl.RaftServerImpl (RaftServerImpl.java:setRole(184)) - 1c51b35f-55cb-4636-a00c-83d34bf2d9d4@group-F043E0AED0ED: changes role from  FOLLOWER to FOLLOWER at term 270 for recognizeCandidate:aed1b97f-105e-4684-b087-4b6333aa3ced
2019-10-23 22:22:13,948 [grpc-default-executor-0] INFO  impl.RaftServerImpl (RaftServerImpl.java:setRole(184)) - d21ee1f1-33f6-483c-a18b-27782ce1915a@group-F043E0AED0ED: changes role from  FOLLOWER to FOLLOWER at term 270 for recognizeCandidate:aed1b97f-105e-4684-b087-4b6333aa3ced
2019-10-23 22:22:13,948 [grpc-default-executor-3] INFO  impl.RoleInfo (RoleInfo.java:shutdownFollowerState(121)) - 1c51b35f-55cb-4636-a00c-83d34bf2d9d4: shutdown FollowerState
2019-10-23 22:22:13,949 [grpc-default-executor-0] INFO  impl.RoleInfo (RoleInfo.java:shutdownFollowerState(121)) - d21ee1f1-33f6-483c-a18b-27782ce1915a: shutdown FollowerState
2019-10-23 22:22:13,949 [Thread-1858] INFO  impl.FollowerState (FollowerState.java:run(117)) - 1c51b35f-55cb-4636-a00c-83d34bf2d9d4@group-F043E0AED0ED-FollowerState was interrupted: java.lang.InterruptedException: sleep interrupted
2019-10-23 22:22:13,949 [grpc-default-executor-3] INFO  impl.RoleInfo (RoleInfo.java:updateAndGet(143)) - 1c51b35f-55cb-4636-a00c-83d34bf2d9d4: start FollowerState
2019-10-23 22:22:13,949 [Thread-1859] INFO  impl.FollowerState (FollowerState.java:run(117)) - d21ee1f1-33f6-483c-a18b-27782ce1915a@group-F043E0AED0ED-FollowerState was interrupted: java.lang.InterruptedException: sleep interrupted
2019-10-23 22:22:13,949 [grpc-default-executor-0] INFO  impl.RoleInfo (RoleInfo.java:updateAndGet(143)) - d21ee1f1-33f6-483c-a18b-27782ce1915a: start FollowerState
2019-10-23 22:22:13,964 [aed1b97f-105e-4684-b087-4b6333aa3ced@group-F043E0AED0ED-LeaderElection243] INFO  impl.LeaderElection (LeaderElection.java:logAndReturn(56)) - aed1b97f-105e-4684-b087-4b6333aa3ced@group-F043E0AED0ED-LeaderElection243: Election REJECTED; received 2 response(s) [aed1b97f-105e-4684-b087-4b6333aa3ced<-1c51b35f-55cb-4636-a00c-83d34bf2d9d4#0:FAIL-t270, aed1b97f-105e-4684-b087-4b6333aa3ced<-d21ee1f1-33f6-483c-a18b-27782ce1915a#0:FAIL-t270] and 0 exception(s); aed1b97f-105e-4684-b087-4b6333aa3ced@group-F043E0AED0ED:t270, leader=null, voted=aed1b97f-105e-4684-b087-4b6333aa3ced, raftlog=aed1b97f-105e-4684-b087-4b6333aa3ced@group-F043E0AED0ED-SegmentedRaftLog:OPENED:c-1,f-1,i0, conf=-1: [aed1b97f-105e-4684-b087-4b6333aa3ced:192.168.157.195:34943, 1c51b35f-55cb-4636-a00c-83d34bf2d9d4:192.168.157.195:34693, d21ee1f1-33f6-483c-a18b-27782ce1915a:192.168.157.195:46462], old=null
2019-10-23 22:22:13,964 [aed1b97f-105e-4684-b087-4b6333aa3ced@group-F043E0AED0ED-LeaderElection243] INFO  impl.RaftServerImpl (RaftServerImpl.java:setRole(184)) - aed1b97f-105e-4684-b087-4b6333aa3ced@group-F043E0AED0ED: changes role from CANDIDATE to FOLLOWER at term 270 for DISCOVERED_A_NEW_TERM
2019-10-23 22:22:13,964 [aed1b97f-105e-4684-b087-4b6333aa3ced@group-F043E0AED0ED-LeaderElection243] INFO  impl.RoleInfo (RoleInfo.java:shutdownLeaderElection(134)) - aed1b97f-105e-4684-b087-4b6333aa3ced: shutdown LeaderElection
2019-10-23 22:22:13,964 [aed1b97f-105e-4684-b087-4b6333aa3ced@group-F043E0AED0ED-LeaderElection243] INFO  impl.RoleInfo (RoleInfo.java:updateAndGet(143)) - aed1b97f-105e-4684-b087-4b6333aa3ced: start FollowerState
2019-10-23 22:22:14,099 [Thread-1866] INFO  impl.FollowerState (FollowerState.java:run(108)) - aed1b97f-105e-4684-b087-4b6333aa3ced@group-F043E0AED0ED-FollowerState: change to CANDIDATE, lastRpcTime:134ms, electionTimeout:134ms
2019-10-23 22:22:14,099 [Thread-1866] INFO  impl.RoleInfo (RoleInfo.java:shutdownFollowerState(121)) - aed1b97f-105e-4684-b087-4b6333aa3ced: shutdown FollowerState
2019-10-23 22:22:14,099 [Thread-1866] INFO  impl.RaftServerImpl (RaftServerImpl.java:setRole(184)) - aed1b97f-105e-4684-b087-4b6333aa3ced@group-F043E0AED0ED: changes role from  FOLLOWER to CANDIDATE at term 270 for changeToCandidate
2019-10-23 22:22:14,100 [Thread-1866] INFO  impl.RoleInfo (RoleInfo.java:updateAndGet(143)) - aed1b97f-105e-4684-b087-4b6333aa3ced: start LeaderElection
2019-10-23 22:22:14,113 [aed1b97f-105e-4684-b087-4b6333aa3ced@group-F043E0AED0ED-LeaderElection244] INFO  impl.LeaderElection (LeaderElection.java:askForVotes(178)) - aed1b97f-105e-4684-b087-4b6333aa3ced@group-F043E0AED0ED-LeaderElection244: begin an election at term 271 for -1: [aed1b97f-105e-4684-b087-4b6333aa3ced:192.168.157.195:34943, 1c51b35f-55cb-4636-a00c-83d34bf2d9d4:192.168.157.195:34693, d21ee1f1-33f6-483c-a18b-27782ce1915a:192.168.157.195:46462], old=null
2019-10-23 22:22:14,115 [grpc-default-executor-3] INFO  impl.RaftServerImpl (RaftServerImpl.java:setRole(184)) - 1c51b35f-55cb-4636-a00c-83d34bf2d9d4@group-F043E0AED0ED: changes role from  FOLLOWER to FOLLOWER at term 271 for recognizeCandidate:aed1b97f-105e-4684-b087-4b6333aa3ced
2019-10-23 22:22:14,116 [grpc-default-executor-3] INFO  impl.RoleInfo (RoleInfo.java:shutdownFollowerState(121)) - 1c51b35f-55cb-4636-a00c-83d34bf2d9d4: shutdown FollowerState
2019-10-23 22:22:14,116 [grpc-default-executor-0] INFO  impl.RaftServerImpl (RaftServerImpl.java:setRole(184)) - d21ee1f1-33f6-483c-a18b-27782ce1915a@group-F043E0AED0ED: changes role from  FOLLOWER to FOLLOWER at term 271 for recognizeCandidate:aed1b97f-105e-4684-b087-4b6333aa3ced
2019-10-23 22:22:14,116 [grpc-default-executor-0] INFO  impl.RoleInfo (RoleInfo.java:shutdownFollowerState(121)) - d21ee1f1-33f6-483c-a18b-27782ce1915a: shutdown FollowerState
2019-10-23 22:22:14,116 [Thread-1864] INFO  impl.FollowerState (FollowerState.java:run(117)) - 1c51b35f-55cb-4636-a00c-83d34bf2d9d4@group-F043E0AED0ED-FollowerState was interrupted: java.lang.InterruptedException: sleep interrupted
2019-10-23 22:22:14,116 [grpc-default-executor-3] INFO  impl.RoleInfo (RoleInfo.java:updateAndGet(143)) - 1c51b35f-55cb-4636-a00c-83d34bf2d9d4: start FollowerState
2019-10-23 22:22:14,116 [Thread-1865] INFO  impl.FollowerState (FollowerState.java:run(117)) - d21ee1f1-33f6-483c-a18b-27782ce1915a@group-F043E0AED0ED-FollowerState was interrupted: java.lang.InterruptedException: sleep interrupted
2019-10-23 22:22:14,116 [grpc-default-executor-0] INFO  impl.RoleInfo (RoleInfo.java:updateAndGet(143)) - d21ee1f1-33f6-483c-a18b-27782ce1915a: start FollowerState
2019-10-23 22:22:14,131 [aed1b97f-105e-4684-b087-4b6333aa3ced@group-F043E0AED0ED-LeaderElection244] INFO  impl.LeaderElection (LeaderElection.java:logAndReturn(56)) - aed1b97f-105e-4684-b087-4b6333aa3ced@group-F043E0AED0ED-LeaderElection244: Election REJECTED; received 2 response(s) [aed1b97f-105e-4684-b087-4b6333aa3ced<-1c51b35f-55cb-4636-a00c-83d34bf2d9d4#0:FAIL-t271, aed1b97f-105e-4684-b087-4b6333aa3ced<-d21ee1f1-33f6-483c-a18b-27782ce1915a#0:FAIL-t271] and 0 exception(s); aed1b97f-105e-4684-b087-4b6333aa3ced@group-F043E0AED0ED:t271, leader=null, voted=aed1b97f-105e-4684-b087-4b6333aa3ced, raftlog=aed1b97f-105e-4684-b087-4b6333aa3ced@group-F043E0AED0ED-SegmentedRaftLog:OPENED:c-1,f-1,i0, conf=-1: [aed1b97f-105e-4684-b087-4b6333aa3ced:192.168.157.195:34943, 1c51b35f-55cb-4636-a00c-83d34bf2d9d4:192.168.157.195:34693, d21ee1f1-33f6-483c-a18b-27782ce1915a:192.168.157.195:46462], old=null
2019-10-23 22:22:14,131 [aed1b97f-105e-4684-b087-4b6333aa3ced@group-F043E0AED0ED-LeaderElection244] INFO  impl.RaftServerImpl (RaftServerImpl.java:setRole(184)) - aed1b97f-105e-4684-b087-4b6333aa3ced@group-F043E0AED0ED: changes role from CANDIDATE to FOLLOWER at term 271 for DISCOVERED_A_NEW_TERM
2019-10-23 22:22:14,131 [aed1b97f-105e-4684-b087-4b6333aa3ced@group-F043E0AED0ED-LeaderElection244] INFO  impl.RoleInfo (RoleInfo.java:shutdownLeaderElection(134)) - aed1b97f-105e-4684-b087-4b6333aa3ced: shutdown LeaderElection
2019-10-23 22:22:14,131 [aed1b97f-105e-4684-b087-4b6333aa3ced@group-F043E0AED0ED-LeaderElection244] INFO  impl.RoleInfo (RoleInfo.java:updateAndGet(143)) - aed1b97f-105e-4684-b087-4b6333aa3ced: start FollowerState
2019-10-23 22:22:14,277 [Thread-1872] INFO  impl.FollowerState (FollowerState.java:run(108)) - aed1b97f-105e-4684-b087-4b6333aa3ced@group-F043E0AED0ED-FollowerState: change to CANDIDATE, lastRpcTime:145ms, electionTimeout:145ms
2019-10-23 22:22:14,277 [Thread-1872] INFO  impl.RoleInfo (RoleInfo.java:shutdownFollowerState(121)) - aed1b97f-105e-4684-b087-4b6333aa3ced: shutdown FollowerState
2019-10-23 22:22:14,277 [Thread-1872] INFO  impl.RaftServerImpl (RaftServerImpl.java:setRole(184)) - aed1b97f-105e-4684-b087-4b6333aa3ced@group-F043E0AED0ED: changes role from  FOLLOWER to CANDIDATE at term 271 for changeToCandidate
2019-10-23 22:22:14,277 [Thread-1872] INFO  impl.RoleInfo (RoleInfo.java:updateAndGet(143)) - aed1b97f-105e-4684-b087-4b6333aa3ced: start LeaderElection
2019-10-23 22:22:14,292 [aed1b97f-105e-4684-b087-4b6333aa3ced@group-F043E0AED0ED-LeaderElection245] INFO  impl.LeaderElection (LeaderElection.java:askForVotes(178)) - aed1b97f-105e-4684-b087-4b6333aa3ced@group-F043E0AED0ED-LeaderElection245: begin an election at term 272 for -1: [aed1b97f-105e-4684-b087-4b6333aa3ced:192.168.157.195:34943, 1c51b35f-55cb-4636-a00c-83d34bf2d9d4:192.168.157.195:34693, d21ee1f1-33f6-483c-a18b-27782ce1915a:192.168.157.195:46462], old=null
2019-10-23 22:22:14,294 [grpc-default-executor-0] INFO  impl.RaftServerImpl (RaftServerImpl.java:setRole(184)) - 1c51b35f-55cb-4636-a00c-83d34bf2d9d4@group-F043E0AED0ED: changes role from  FOLLOWER to FOLLOWER at term 272 for recognizeCandidate:aed1b97f-105e-4684-b087-4b6333aa3ced
2019-10-23 22:22:14,294 [grpc-default-executor-0] INFO  impl.RoleInfo (RoleInfo.java:shutdownFollowerState(121)) - 1c51b35f-55cb-4636-a00c-83d34bf2d9d4: shutdown FollowerState
2019-10-23 22:22:14,294 [grpc-default-executor-0] INFO  impl.RoleInfo (RoleInfo.java:updateAndGet(143)) - 1c51b35f-55cb-4636-a00c-83d34bf2d9d4: start FollowerState
2019-10-23 22:22:14,294 [Thread-1870] INFO  impl.FollowerState (FollowerState.java:run(117)) - 1c51b35f-55cb-4636-a00c-83d34bf2d9d4@group-F043E0AED0ED-FollowerState was interrupted: java.lang.InterruptedException: sleep interrupted
2019-10-23 22:22:14,294 [grpc-default-executor-3] INFO  impl.RaftServerImpl (RaftServerImpl.java:setRole(184)) - d21ee1f1-33f6-483c-a18b-27782ce1915a@group-F043E0AED0ED: changes role from  FOLLOWER to FOLLOWER at term 272 for recognizeCandidate:aed1b97f-105e-4684-b087-4b6333aa3ced
2019-10-23 22:22:14,294 [grpc-default-executor-3] INFO  impl.RoleInfo (RoleInfo.java:shutdownFollowerState(121)) - d21ee1f1-33f6-483c-a18b-27782ce1915a: shutdown FollowerState
2019-10-23 22:22:14,295 [grpc-default-executor-3] INFO  impl.RoleInfo (RoleInfo.java:updateAndGet(143)) - d21ee1f1-33f6-483c-a18b-27782ce1915a: start FollowerState
2019-10-23 22:22:14,295 [Thread-1871] INFO  impl.FollowerState (FollowerState.java:run(117)) - d21ee1f1-33f6-483c-a18b-27782ce1915a@group-F043E0AED0ED-FollowerState was interrupted: java.lang.InterruptedException: sleep interrupted
2019-10-23 22:22:14,308 [aed1b97f-105e-4684-b087-4b6333aa3ced@group-F043E0AED0ED-LeaderElection245] INFO  impl.LeaderElection (LeaderElection.java:logAndReturn(56)) - aed1b97f-105e-4684-b087-4b6333aa3ced@group-F043E0AED0ED-LeaderElection245: Election REJECTED; received 2 response(s) [aed1b97f-105e-4684-b087-4b6333aa3ced<-1c51b35f-55cb-4636-a00c-83d34bf2d9d4#0:FAIL-t272, aed1b97f-105e-4684-b087-4b6333aa3ced<-d21ee1f1-33f6-483c-a18b-27782ce1915a#0:FAIL-t272] and 0 exception(s); aed1b97f-105e-4684-b087-4b6333aa3ced@group-F043E0AED0ED:t272, leader=null, voted=aed1b97f-105e-4684-b087-4b6333aa3ced, raftlog=aed1b97f-105e-4684-b087-4b6333aa3ced@group-F043E0AED0ED-SegmentedRaftLog:OPENED:c-1,f-1,i0, conf=-1: [aed1b97f-105e-4684-b087-4b6333aa3ced:192.168.157.195:34943, 1c51b35f-55cb-4636-a00c-83d34bf2d9d4:192.168.157.195:34693, d21ee1f1-33f6-483c-a18b-27782ce1915a:192.168.157.195:46462], old=null
2019-10-23 22:22:14,308 [aed1b97f-105e-4684-b087-4b6333aa3ced@group-F043E0AED0ED-LeaderElection245] INFO  impl.RaftServerImpl (RaftServerImpl.java:setRole(184)) - aed1b97f-105e-4684-b087-4b6333aa3ced@group-F043E0AED0ED: changes role from CANDIDATE to FOLLOWER at term 272 for DISCOVERED_A_NEW_TERM
2019-10-23 22:22:14,308 [aed1b97f-105e-4684-b087-4b6333aa3ced@group-F043E0AED0ED-LeaderElection245] INFO  impl.RoleInfo (RoleInfo.java:shutdownLeaderElection(134)) - aed1b97f-105e-4684-b087-4b6333aa3ced: shutdown LeaderElection
2019-10-23 22:22:14,309 [aed1b97f-105e-4684-b087-4b6333aa3ced@group-F043E0AED0ED-LeaderElection245] INFO  impl.RoleInfo (RoleInfo.java:updateAndGet(143)) - aed1b97f-105e-4684-b087-4b6333aa3ced: start FollowerState
2019-10-23 22:22:14,495 [Thread-1880] INFO  impl.FollowerState (FollowerState.java:run(108)) - aed1b97f-105e-4684-b087-4b6333aa3ced@group-F043E0AED0ED-FollowerState: change to CANDIDATE, lastRpcTime:186ms, electionTimeout:186ms
2019-10-23 22:22:14,495 [Thread-1880] INFO  impl.RoleInfo (RoleInfo.java:shutdownFollowerState(121)) - aed1b97f-105e-4684-b087-4b6333aa3ced: shutdown FollowerState
2019-10-23 22:22:14,495 [Thread-1880] INFO  impl.RaftServerImpl (RaftServerImpl.java:setRole(184)) - aed1b97f-105e-4684-b087-4b6333aa3ced@group-F043E0AED0ED: changes role from  FOLLOWER to CANDIDATE at term 272 for changeToCandidate
2019-10-23 22:22:14,496 [Thread-1880] INFO  impl.RoleInfo (RoleInfo.java:updateAndGet(143)) - aed1b97f-105e-4684-b087-4b6333aa3ced: start LeaderElection
2019-10-23 22:22:14,509 [aed1b97f-105e-4684-b087-4b6333aa3ced@group-F043E0AED0ED-LeaderElection246] INFO  impl.LeaderElection (LeaderElection.java:askForVotes(178)) - aed1b97f-105e-4684-b087-4b6333aa3ced@group-F043E0AED0ED-LeaderElection246: begin an election at term 273 for -1: [aed1b97f-105e-4684-b087-4b6333aa3ced:192.168.157.195:34943, 1c51b35f-55cb-4636-a00c-83d34bf2d9d4:192.168.157.195:34693, d21ee1f1-33f6-483c-a18b-27782ce1915a:192.168.157.195:46462], old=null
2019-10-23 22:22:14,511 [grpc-default-executor-0] INFO  impl.RaftServerImpl (RaftServerImpl.java:setRole(184)) - 1c51b35f-55cb-4636-a00c-83d34bf2d9d4@group-F043E0AED0ED: changes role from  FOLLOWER to FOLLOWER at term 273 for recognizeCandidate:aed1b97f-105e-4684-b087-4b6333aa3ced
2019-10-23 22:22:14,511 [grpc-default-executor-0] INFO  impl.RoleInfo (RoleInfo.java:shutdownFollowerState(121)) - 1c51b35f-55cb-4636-a00c-83d34bf2d9d4: shutdown FollowerState
2019-10-23 22:22:14,511 [grpc-default-executor-0] INFO  impl.RoleInfo (RoleInfo.java:updateAndGet(143)) - 1c51b35f-55cb-4636-a00c-83d34bf2d9d4: start FollowerState
2019-10-23 22:22:14,512 [grpc-default-executor-3] INFO  impl.RaftServerImpl (RaftServerImpl.java:setRole(184)) - d21ee1f1-33f6-483c-a18b-27782ce1915a@group-F043E0AED0ED: changes role from  FOLLOWER to FOLLOWER at term 273 for recognizeCandidate:aed1b97f-105e-4684-b087-4b6333aa3ced
2019-10-23 22:22:14,512 [grpc-default-executor-3] INFO  impl.RoleInfo (RoleInfo.java:shutdownFollowerState(121)) - d21ee1f1-33f6-483c-a18b-27782ce1915a: shutdown FollowerState
2019-10-23 22:22:14,511 [Thread-1878] INFO  impl.FollowerState (FollowerState.java:run(117)) - 1c51b35f-55cb-4636-a00c-83d34bf2d9d4@group-F043E0AED0ED-FollowerState was interrupted: java.lang.InterruptedException: sleep interrupted
2019-10-23 22:22:14,512 [Thread-1879] INFO  impl.FollowerState (FollowerState.java:run(117)) - d21ee1f1-33f6-483c-a18b-27782ce1915a@group-F043E0AED0ED-FollowerState was interrupted: java.lang.InterruptedException: sleep interrupted
2019-10-23 22:22:14,512 [grpc-default-executor-3] INFO  impl.RoleInfo (RoleInfo.java:updateAndGet(143)) - d21ee1f1-33f6-483c-a18b-27782ce1915a: start FollowerState
2019-10-23 22:22:14,526 [aed1b97f-105e-4684-b087-4b6333aa3ced@group-F043E0AED0ED-LeaderElection246] INFO  impl.LeaderElection (LeaderElection.java:logAndReturn(56)) - aed1b97f-105e-4684-b087-4b6333aa3ced@group-F043E0AED0ED-LeaderElection246: Election REJECTED; received 2 response(s) [aed1b97f-105e-4684-b087-4b6333aa3ced<-1c51b35f-55cb-4636-a00c-83d34bf2d9d4#0:FAIL-t273, aed1b97f-105e-4684-b087-4b6333aa3ced<-d21ee1f1-33f6-483c-a18b-27782ce1915a#0:FAIL-t273] and 0 exception(s); aed1b97f-105e-4684-b087-4b6333aa3ced@group-F043E0AED0ED:t273, leader=null, voted=aed1b97f-105e-4684-b087-4b6333aa3ced, raftlog=aed1b97f-105e-4684-b087-4b6333aa3ced@group-F043E0AED0ED-SegmentedRaftLog:OPENED:c-1,f-1,i0, conf=-1: [aed1b97f-105e-4684-b087-4b6333aa3ced:192.168.157.195:34943, 1c51b35f-55cb-4636-a00c-83d34bf2d9d4:192.168.157.195:34693, d21ee1f1-33f6-483c-a18b-27782ce1915a:192.168.157.195:46462], old=null
2019-10-23 22:22:14,526 [aed1b97f-105e-4684-b087-4b6333aa3ced@group-F043E0AED0ED-LeaderElection246] INFO  impl.RaftServerImpl (RaftServerImpl.java:setRole(184)) - aed1b97f-105e-4684-b087-4b6333aa3ced@group-F043E0AED0ED: changes role from CANDIDATE to FOLLOWER at term 273 for DISCOVERED_A_NEW_TERM
2019-10-23 22:22:14,526 [aed1b97f-105e-4684-b087-4b6333aa3ced@group-F043E0AED0ED-LeaderElection246] INFO  impl.RoleInfo (RoleInfo.java:shutdownLeaderElection(134)) - aed1b97f-105e-4684-b087-4b6333aa3ced: shutdown LeaderElection
2019-10-23 22:22:14,526 [aed1b97f-105e-4684-b087-4b6333aa3ced@group-F043E0AED0ED-LeaderElection246] INFO  impl.RoleInfo (RoleInfo.java:updateAndGet(143)) - aed1b97f-105e-4684-b087-4b6333aa3ced: start FollowerState
2019-10-23 22:22:14,535 [Thread-1886] INFO  impl.FollowerState (FollowerState.java:run(108)) - aed1b97f-105e-4684-b087-4b6333aa3ced@group-F043E0AED0ED-FollowerState: change to CANDIDATE, lastRpcTime:8ms, electionTimeout:8ms
2019-10-23 22:22:14,535 [Thread-1886] INFO  impl.RoleInfo (RoleInfo.java:shutdownFollowerState(121)) - aed1b97f-105e-4684-b087-4b6333aa3ced: shutdown FollowerState
2019-10-23 22:22:14,535 [Thread-1886] INFO  impl.RaftServerImpl (RaftServerImpl.java:setRole(184)) - aed1b97f-105e-4684-b087-4b6333aa3ced@group-F043E0AED0ED: changes role from  FOLLOWER to CANDIDATE at term 273 for changeToCandidate
2019-10-23 22:22:14,535 [Thread-1886] INFO  impl.RoleInfo (RoleInfo.java:updateAndGet(143)) - aed1b97f-105e-4684-b087-4b6333aa3ced: start LeaderElection
2019-10-23 22:22:14,549 [aed1b97f-105e-4684-b087-4b6333aa3ced@group-F043E0AED0ED-LeaderElection247] INFO  impl.LeaderElection (LeaderElection.java:askForVotes(178)) - aed1b97f-105e-4684-b087-4b6333aa3ced@group-F043E0AED0ED-LeaderElection247: begin an election at term 274 for -1: [aed1b97f-105e-4684-b087-4b6333aa3ced:192.168.157.195:34943, 1c51b35f-55cb-4636-a00c-83d34bf2d9d4:192.168.157.195:34693, d21ee1f1-33f6-483c-a18b-27782ce1915a:192.168.157.195:46462], old=null
2019-10-23 22:22:14,551 [grpc-default-executor-0] INFO  impl.RaftServerImpl (RaftServerImpl.java:setRole(184)) - 1c51b35f-55cb-4636-a00c-83d34bf2d9d4@group-F043E0AED0ED: changes role from  FOLLOWER to FOLLOWER at term 274 for recognizeCandidate:aed1b97f-105e-4684-b087-4b6333aa3ced
2019-10-23 22:22:14,551 [grpc-default-executor-0] INFO  impl.RoleInfo (RoleInfo.java:shutdownFollowerState(121)) - 1c51b35f-55cb-4636-a00c-83d34bf2d9d4: shutdown FollowerState
2019-10-23 22:22:14,551 [grpc-default-executor-0] INFO  impl.RoleInfo (RoleInfo.java:updateAndGet(143)) - 1c51b35f-55cb-4636-a00c-83d34bf2d9d4: start FollowerState
2019-10-23 22:22:14,551 [Thread-1884] INFO  impl.FollowerState (FollowerState.java:run(117)) - 1c51b35f-55cb-4636-a00c-83d34bf2d9d4@group-F043E0AED0ED-FollowerState was interrupted: java.lang.InterruptedException: sleep interrupted
2019-10-23 22:22:14,552 [grpc-default-executor-3] INFO  impl.RaftServerImpl (RaftServerImpl.java:setRole(184)) - d21ee1f1-33f6-483c-a18b-27782ce1915a@group-F043E0AED0ED: changes role from  FOLLOWER to FOLLOWER at term 274 for recognizeCandidate:aed1b97f-105e-4684-b087-4b6333aa3ced
2019-10-23 22:22:14,552 [grpc-default-executor-3] INFO  impl.RoleInfo (RoleInfo.java:shutdownFollowerState(121)) - d21ee1f1-33f6-483c-a18b-27782ce1915a: shutdown FollowerState
2019-10-23 22:22:14,552 [grpc-default-executor-3] INFO  impl.RoleInfo (RoleInfo.java:updateAndGet(143)) - d21ee1f1-33f6-483c-a18b-27782ce1915a: start FollowerState
2019-10-23 22:22:14,552 [Thread-1885] INFO  impl.FollowerState (FollowerState.java:run(117)) - d21ee1f1-33f6-483c-a18b-27782ce1915a@group-F043E0AED0ED-FollowerState was interrupted: java.lang.InterruptedException: sleep interrupted
2019-10-23 22:22:14,566 [aed1b97f-105e-4684-b087-4b6333aa3ced@group-F043E0AED0ED-LeaderElection247] INFO  impl.LeaderElection (LeaderElection.java:logAndReturn(56)) - aed1b97f-105e-4684-b087-4b6333aa3ced@group-F043E0AED0ED-LeaderElection247: Election REJECTED; received 2 response(s) [aed1b97f-105e-4684-b087-4b6333aa3ced<-1c51b35f-55cb-4636-a00c-83d34bf2d9d4#0:FAIL-t274, aed1b97f-105e-4684-b087-4b6333aa3ced<-d21ee1f1-33f6-483c-a18b-27782ce1915a#0:FAIL-t274] and 0 exception(s); aed1b97f-105e-4684-b087-4b6333aa3ced@group-F043E0AED0ED:t274, leader=null, voted=aed1b97f-105e-4684-b087-4b6333aa3ced, raftlog=aed1b97f-105e-4684-b087-4b6333aa3ced@group-F043E0AED0ED-SegmentedRaftLog:OPENED:c-1,f-1,i0, conf=-1: [aed1b97f-105e-4684-b087-4b6333aa3ced:192.168.157.195:34943, 1c51b35f-55cb-4636-a00c-83d34bf2d9d4:192.168.157.195:34693, d21ee1f1-33f6-483c-a18b-27782ce1915a:192.168.157.195:46462], old=null
2019-10-23 22:22:14,566 [aed1b97f-105e-4684-b087-4b6333aa3ced@group-F043E0AED0ED-LeaderElection247] INFO  impl.RaftServerImpl (RaftServerImpl.java:setRole(184)) - aed1b97f-105e-4684-b087-4b6333aa3ced@group-F043E0AED0ED: changes role from CANDIDATE to FOLLOWER at term 274 for DISCOVERED_A_NEW_TERM
2019-10-23 22:22:14,567 [aed1b97f-105e-4684-b087-4b6333aa3ced@group-F043E0AED0ED-LeaderElection247] INFO  impl.RoleInfo (RoleInfo.java:shutdownLeaderElection(134)) - aed1b97f-105e-4684-b087-4b6333aa3ced: shutdown LeaderElection
2019-10-23 22:22:14,567 [aed1b97f-105e-4684-b087-4b6333aa3ced@group-F043E0AED0ED-LeaderElection247] INFO  impl.RoleInfo (RoleInfo.java:updateAndGet(143)) - aed1b97f-105e-4684-b087-4b6333aa3ced: start FollowerState
2019-10-23 22:22:14,740 [Thread-1892] INFO  impl.FollowerState (FollowerState.java:run(108)) - aed1b97f-105e-4684-b087-4b6333aa3ced@group-F043E0AED0ED-FollowerState: change to CANDIDATE, lastRpcTime:173ms, electionTimeout:172ms
2019-10-23 22:22:14,740 [Thread-1892] INFO  impl.RoleInfo (RoleInfo.java:shutdownFollowerState(121)) - aed1b97f-105e-4684-b087-4b6333aa3ced: shutdown FollowerState
2019-10-23 22:22:14,740 [Thread-1892] INFO  impl.RaftServerImpl (RaftServerImpl.java:setRole(184)) - aed1b97f-105e-4684-b087-4b6333aa3ced@group-F043E0AED0ED: changes role from  FOLLOWER to CANDIDATE at term 274 for changeToCandidate
2019-10-23 22:22:14,740 [Thread-1892] INFO  impl.RoleInfo (RoleInfo.java:updateAndGet(143)) - aed1b97f-105e-4684-b087-4b6333aa3ced: start LeaderElection
2019-10-23 22:22:14,767 [aed1b97f-105e-4684-b087-4b6333aa3ced@group-F043E0AED0ED-LeaderElection248] INFO  impl.LeaderElection (LeaderElection.java:askForVotes(178)) - aed1b97f-105e-4684-b087-4b6333aa3ced@group-F043E0AED0ED-LeaderElection248: begin an election at term 275 for -1: [aed1b97f-105e-4684-b087-4b6333aa3ced:192.168.157.195:34943, 1c51b35f-55cb-4636-a00c-83d34bf2d9d4:192.168.157.195:34693, d21ee1f1-33f6-483c-a18b-27782ce1915a:192.168.157.195:46462], old=null
2019-10-23 22:22:14,770 [grpc-default-executor-0] INFO  impl.RaftServerImpl (RaftServerImpl.java:setRole(184)) - 1c51b35f-55cb-4636-a00c-83d34bf2d9d4@group-F043E0AED0ED: changes role from  FOLLOWER to FOLLOWER at term 275 for recognizeCandidate:aed1b97f-105e-4684-b087-4b6333aa3ced
2019-10-23 22:22:14,770 [grpc-default-executor-0] INFO  impl.RoleInfo (RoleInfo.java:shutdownFollowerState(121)) - 1c51b35f-55cb-4636-a00c-83d34bf2d9d4: shutdown FollowerState
2019-10-23 22:22:14,770 [grpc-default-executor-0] INFO  impl.RoleInfo (RoleInfo.java:updateAndGet(143)) - 1c51b35f-55cb-4636-a00c-83d34bf2d9d4: start FollowerState
2019-10-23 22:22:14,770 [Thread-1890] INFO  impl.FollowerState (FollowerState.java:run(117)) - 1c51b35f-55cb-4636-a00c-83d34bf2d9d4@group-F043E0AED0ED-FollowerState was interrupted: java.lang.InterruptedException: sleep interrupted
2019-10-23 22:22:14,770 [grpc-default-executor-3] INFO  impl.RaftServerImpl (RaftServerImpl.java:setRole(184)) - d21ee1f1-33f6-483c-a18b-27782ce1915a@group-F043E0AED0ED: changes role from  FOLLOWER to FOLLOWER at term 275 for recognizeCandidate:aed1b97f-105e-4684-b087-4b6333aa3ced
2019-10-23 22:22:14,771 [grpc-default-executor-3] INFO  impl.RoleInfo (RoleInfo.java:shutdownFollowerState(121)) - d21ee1f1-33f6-483c-a18b-27782ce1915a: shutdown FollowerState
2019-10-23 22:22:14,771 [grpc-default-executor-3] INFO  impl.RoleInfo (RoleInfo.java:updateAndGet(143)) - d21ee1f1-33f6-483c-a18b-27782ce1915a: start FollowerState
2019-10-23 22:22:14,771 [Thread-1891] INFO  impl.FollowerState (FollowerState.java:run(117)) - d21ee1f1-33f6-483c-a18b-27782ce1915a@group-F043E0AED0ED-FollowerState was interrupted: java.lang.InterruptedException: sleep interrupted
2019-10-23 22:22:14,784 [aed1b97f-105e-4684-b087-4b6333aa3ced@group-F043E0AED0ED-LeaderElection248] INFO  impl.LeaderElection (LeaderElection.java:logAndReturn(56)) - aed1b97f-105e-4684-b087-4b6333aa3ced@group-F043E0AED0ED-LeaderElection248: Election REJECTED; received 2 response(s) [aed1b97f-105e-4684-b087-4b6333aa3ced<-1c51b35f-55cb-4636-a00c-83d34bf2d9d4#0:FAIL-t275, aed1b97f-105e-4684-b087-4b6333aa3ced<-d21ee1f1-33f6-483c-a18b-27782ce1915a#0:FAIL-t275] and 0 exception(s); aed1b97f-105e-4684-b087-4b6333aa3ced@group-F043E0AED0ED:t275, leader=null, voted=aed1b97f-105e-4684-b087-4b6333aa3ced, raftlog=aed1b97f-105e-4684-b087-4b6333aa3ced@group-F043E0AED0ED-SegmentedRaftLog:OPENED:c-1,f-1,i0, conf=-1: [aed1b97f-105e-4684-b087-4b6333aa3ced:192.168.157.195:34943, 1c51b35f-55cb-4636-a00c-83d34bf2d9d4:192.168.157.195:34693, d21ee1f1-33f6-483c-a18b-27782ce1915a:192.168.157.195:46462], old=null
2019-10-23 22:22:14,785 [aed1b97f-105e-4684-b087-4b6333aa3ced@group-F043E0AED0ED-LeaderElection248] INFO  impl.RaftServerImpl (RaftServerImpl.java:setRole(184)) - aed1b97f-105e-4684-b087-4b6333aa3ced@group-F043E0AED0ED: changes role from CANDIDATE to FOLLOWER at term 275 for DISCOVERED_A_NEW_TERM
2019-10-23 22:22:14,785 [aed1b97f-105e-4684-b087-4b6333aa3ced@group-F043E0AED0ED-LeaderElection248] INFO  impl.RoleInfo (RoleInfo.java:shutdownLeaderElection(134)) - aed1b97f-105e-4684-b087-4b6333aa3ced: shutdown LeaderElection
2019-10-23 22:22:14,785 [aed1b97f-105e-4684-b087-4b6333aa3ced@group-F043E0AED0ED-LeaderElection248] INFO  impl.RoleInfo (RoleInfo.java:updateAndGet(143)) - aed1b97f-105e-4684-b087-4b6333aa3ced: start FollowerState
2019-10-23 22:22:14,825 [Thread-1898] INFO  impl.FollowerState (FollowerState.java:run(108)) - aed1b97f-105e-4684-b087-4b6333aa3ced@group-F043E0AED0ED-FollowerState: change to CANDIDATE, lastRpcTime:40ms, electionTimeout:40ms
2019-10-23 22:22:14,826 [Thread-1898] INFO  impl.RoleInfo (RoleInfo.java:shutdownFollowerState(121)) - aed1b97f-105e-4684-b087-4b6333aa3ced: shutdown FollowerState
2019-10-23 22:22:14,826 [Thread-1898] INFO  impl.RaftServerImpl (RaftServerImpl.java:setRole(184)) - aed1b97f-105e-4684-b087-4b6333aa3ced@group-F043E0AED0ED: changes role from  FOLLOWER to CANDIDATE at term 275 for changeToCandidate
2019-10-23 22:22:14,826 [Thread-1898] INFO  impl.RoleInfo (RoleInfo.java:updateAndGet(143)) - aed1b97f-105e-4684-b087-4b6333aa3ced: start LeaderElection
2019-10-23 22:22:14,840 [aed1b97f-105e-4684-b087-4b6333aa3ced@group-F043E0AED0ED-LeaderElection249] INFO  impl.LeaderElection (LeaderElection.java:askForVotes(178)) - aed1b97f-105e-4684-b087-4b6333aa3ced@group-F043E0AED0ED-LeaderElection249: begin an election at term 276 for -1: [aed1b97f-105e-4684-b087-4b6333aa3ced:192.168.157.195:34943, 1c51b35f-55cb-4636-a00c-83d34bf2d9d4:192.168.157.195:34693, d21ee1f1-33f6-483c-a18b-27782ce1915a:192.168.157.195:46462], old=null
2019-10-23 22:22:14,842 [grpc-default-executor-3] INFO  impl.RaftServerImpl (RaftServerImpl.java:setRole(184)) - 1c51b35f-55cb-4636-a00c-83d34bf2d9d4@group-F043E0AED0ED: changes role from  FOLLOWER to FOLLOWER at term 276 for recognizeCandidate:aed1b97f-105e-4684-b087-4b6333aa3ced
2019-10-23 22:22:14,843 [grpc-default-executor-3] INFO  impl.RoleInfo (RoleInfo.java:shutdownFollowerState(121)) - 1c51b35f-55cb-4636-a00c-83d34bf2d9d4: shutdown FollowerState
2019-10-23 22:22:14,843 [grpc-default-executor-0] INFO  impl.RaftServerImpl (RaftServerImpl.java:setRole(184)) - d21ee1f1-33f6-483c-a18b-27782ce1915a@group-F043E0AED0ED: changes role from  FOLLOWER to FOLLOWER at term 276 for recognizeCandidate:aed1b97f-105e-4684-b087-4b6333aa3ced
2019-10-23 22:22:14,843 [Thread-1896] INFO  impl.FollowerState (FollowerState.java:run(117)) - 1c51b35f-55cb-4636-a00c-83d34bf2d9d4@group-F043E0AED0ED-FollowerState was interrupted: java.lang.InterruptedException: sleep interrupted
2019-10-23 22:22:14,843 [grpc-default-executor-3] INFO  impl.RoleInfo (RoleInfo.java:updateAndGet(143)) - 1c51b35f-55cb-4636-a00c-83d34bf2d9d4: start FollowerState
2019-10-23 22:22:14,843 [grpc-default-executor-0] INFO  impl.RoleInfo (RoleInfo.java:shutdownFollowerState(121)) - d21ee1f1-33f6-483c-a18b-27782ce1915a: shutdown FollowerState
2019-10-23 22:22:14,844 [grpc-default-executor-0] INFO  impl.RoleInfo (RoleInfo.java:updateAndGet(143)) - d21ee1f1-33f6-483c-a18b-27782ce1915a: start FollowerState
2019-10-23 22:22:14,844 [Thread-1897] INFO  impl.FollowerState (FollowerState.java:run(117)) - d21ee1f1-33f6-483c-a18b-27782ce1915a@group-F043E0AED0ED-FollowerState was interrupted: java.lang.InterruptedException: sleep interrupted
2019-10-23 22:22:14,858 [aed1b97f-105e-4684-b087-4b6333aa3ced@group-F043E0AED0ED-LeaderElection249] INFO  impl.LeaderElection (LeaderElection.java:logAndReturn(56)) - aed1b97f-105e-4684-b087-4b6333aa3ced@group-F043E0AED0ED-LeaderElection249: Election REJECTED; received 2 response(s) [aed1b97f-105e-4684-b087-4b6333aa3ced<-1c51b35f-55cb-4636-a00c-83d34bf2d9d4#0:FAIL-t276, aed1b97f-105e-4684-b087-4b6333aa3ced<-d21ee1f1-33f6-483c-a18b-27782ce1915a#0:FAIL-t276] and 0 exception(s); aed1b97f-105e-4684-b087-4b6333aa3ced@group-F043E0AED0ED:t276, leader=null, voted=aed1b97f-105e-4684-b087-4b6333aa3ced, raftlog=aed1b97f-105e-4684-b087-4b6333aa3ced@group-F043E0AED0ED-SegmentedRaftLog:OPENED:c-1,f-1,i0, conf=-1: [aed1b97f-105e-4684-b087-4b6333aa3ced:192.168.157.195:34943, 1c51b35f-55cb-4636-a00c-83d34bf2d9d4:192.168.157.195:34693, d21ee1f1-33f6-483c-a18b-27782ce1915a:192.168.157.195:46462], old=null
2019-10-23 22:22:14,858 [aed1b97f-105e-4684-b087-4b6333aa3ced@group-F043E0AED0ED-LeaderElection249] INFO  impl.RaftServerImpl (RaftServerImpl.java:setRole(184)) - aed1b97f-105e-4684-b087-4b6333aa3ced@group-F043E0AED0ED: changes role from CANDIDATE to FOLLOWER at term 276 for DISCOVERED_A_NEW_TERM
2019-10-23 22:22:14,858 [aed1b97f-105e-4684-b087-4b6333aa3ced@group-F043E0AED0ED-LeaderElection249] INFO  impl.RoleInfo (RoleInfo.java:shutdownLeaderElection(134)) - aed1b97f-105e-4684-b087-4b6333aa3ced: shutdown LeaderElection
2019-10-23 22:22:14,858 [aed1b97f-105e-4684-b087-4b6333aa3ced@group-F043E0AED0ED-LeaderElection249] INFO  impl.RoleInfo (RoleInfo.java:updateAndGet(143)) - aed1b97f-105e-4684-b087-4b6333aa3ced: start FollowerState
2019-10-23 22:22:14,992 [Thread-1904] INFO  impl.FollowerState (FollowerState.java:run(108)) - aed1b97f-105e-4684-b087-4b6333aa3ced@group-F043E0AED0ED-FollowerState: change to CANDIDATE, lastRpcTime:133ms, electionTimeout:133ms
2019-10-23 22:22:14,992 [Thread-1904] INFO  impl.RoleInfo (RoleInfo.java:shutdownFollowerState(121)) - aed1b97f-105e-4684-b087-4b6333aa3ced: shutdown FollowerState
2019-10-23 22:22:14,992 [Thread-1904] INFO  impl.RaftServerImpl (RaftServerImpl.java:setRole(184)) - aed1b97f-105e-4684-b087-4b6333aa3ced@group-F043E0AED0ED: changes role from  FOLLOWER to CANDIDATE at term 276 for changeToCandidate
2019-10-23 22:22:14,992 [Thread-1904] INFO  impl.RoleInfo (RoleInfo.java:updateAndGet(143)) - aed1b97f-105e-4684-b087-4b6333aa3ced: start LeaderElection
2019-10-23 22:22:15,006 [aed1b97f-105e-4684-b087-4b6333aa3ced@group-F043E0AED0ED-LeaderElection250] INFO  impl.LeaderElection (LeaderElection.java:askForVotes(178)) - aed1b97f-105e-4684-b087-4b6333aa3ced@group-F043E0AED0ED-LeaderElection250: begin an election at term 277 for -1: [aed1b97f-105e-4684-b087-4b6333aa3ced:192.168.157.195:34943, 1c51b35f-55cb-4636-a00c-83d34bf2d9d4:192.168.157.195:34693, d21ee1f1-33f6-483c-a18b-27782ce1915a:192.168.157.195:46462], old=null
2019-10-23 22:22:15,008 [grpc-default-executor-0] INFO  impl.RaftServerImpl (RaftServerImpl.java:setRole(184)) - 1c51b35f-55cb-4636-a00c-83d34bf2d9d4@group-F043E0AED0ED: changes role from  FOLLOWER to FOLLOWER at term 277 for recognizeCandidate:aed1b97f-105e-4684-b087-4b6333aa3ced
2019-10-23 22:22:15,008 [grpc-default-executor-0] INFO  impl.RoleInfo (RoleInfo.java:shutdownFollowerState(121)) - 1c51b35f-55cb-4636-a00c-83d34bf2d9d4: shutdown FollowerState
2019-10-23 22:22:15,008 [grpc-default-executor-3] INFO  impl.RaftServerImpl (RaftServerImpl.java:setRole(184)) - d21ee1f1-33f6-483c-a18b-27782ce1915a@group-F043E0AED0ED: changes role from  FOLLOWER to FOLLOWER at term 277 for recognizeCandidate:aed1b97f-105e-4684-b087-4b6333aa3ced
2019-10-23 22:22:15,009 [grpc-default-executor-0] INFO  impl.RoleInfo (RoleInfo.java:updateAndGet(143)) - 1c51b35f-55cb-4636-a00c-83d34bf2d9d4: start FollowerState
2019-10-23 22:22:15,009 [Thread-1902] INFO  impl.FollowerState (FollowerState.java:run(117)) - 1c51b35f-55cb-4636-a00c-83d34bf2d9d4@group-F043E0AED0ED-FollowerState was interrupted: java.lang.InterruptedException: sleep interrupted
2019-10-23 22:22:15,009 [grpc-default-executor-3] INFO  impl.RoleInfo (RoleInfo.java:shutdownFollowerState(121)) - d21ee1f1-33f6-483c-a18b-27782ce1915a: shutdown FollowerState
2019-10-23 22:22:15,009 [grpc-default-executor-3] INFO  impl.RoleInfo (RoleInfo.java:updateAndGet(143)) - d21ee1f1-33f6-483c-a18b-27782ce1915a: start FollowerState
2019-10-23 22:22:15,009 [Thread-1903] INFO  impl.FollowerState (FollowerState.java:run(117)) - d21ee1f1-33f6-483c-a18b-27782ce1915a@group-F043E0AED0ED-FollowerState was interrupted: java.lang.InterruptedException: sleep interrupted
2019-10-23 22:22:15,025 [aed1b97f-105e-4684-b087-4b6333aa3ced@group-F043E0AED0ED-LeaderElection250] INFO  impl.LeaderElection (LeaderElection.java:logAndReturn(56)) - aed1b97f-105e-4684-b087-4b6333aa3ced@group-F043E0AED0ED-LeaderElection250: Election REJECTED; received 2 response(s) [aed1b97f-105e-4684-b087-4b6333aa3ced<-1c51b35f-55cb-4636-a00c-83d34bf2d9d4#0:FAIL-t277, aed1b97f-105e-4684-b087-4b6333aa3ced<-d21ee1f1-33f6-483c-a18b-27782ce1915a#0:FAIL-t277] and 0 exception(s); aed1b97f-105e-4684-b087-4b6333aa3ced@group-F043E0AED0ED:t277, leader=null, voted=aed1b97f-105e-4684-b087-4b6333aa3ced, raftlog=aed1b97f-105e-4684-b087-4b6333aa3ced@group-F043E0AED0ED-SegmentedRaftLog:OPENED:c-1,f-1,i0, conf=-1: [aed1b97f-105e-4684-b087-4b6333aa3ced:192.168.157.195:34943, 1c51b35f-55cb-4636-a00c-83d34bf2d9d4:192.168.157.195:34693, d21ee1f1-33f6-483c-a18b-27782ce1915a:192.168.157.195:46462], old=null
2019-10-23 22:22:15,025 [aed1b97f-105e-4684-b087-4b6333aa3ced@group-F043E0AED0ED-LeaderElection250] INFO  impl.RaftServerImpl (RaftServerImpl.java:setRole(184)) - aed1b97f-105e-4684-b087-4b6333aa3ced@group-F043E0AED0ED: changes role from CANDIDATE to FOLLOWER at term 277 for DISCOVERED_A_NEW_TERM
2019-10-23 22:22:15,025 [aed1b97f-105e-4684-b087-4b6333aa3ced@group-F043E0AED0ED-LeaderElection250] INFO  impl.RoleInfo (RoleInfo.java:shutdownLeaderElection(134)) - aed1b97f-105e-4684-b087-4b6333aa3ced: shutdown LeaderElection
2019-10-23 22:22:15,025 [aed1b97f-105e-4684-b087-4b6333aa3ced@group-F043E0AED0ED-LeaderElection250] INFO  impl.RoleInfo (RoleInfo.java:updateAndGet(143)) - aed1b97f-105e-4684-b087-4b6333aa3ced: start FollowerState
2019-10-23 22:22:15,219 [Thread-1910] INFO  impl.FollowerState (FollowerState.java:run(108)) - aed1b97f-105e-4684-b087-4b6333aa3ced@group-F043E0AED0ED-FollowerState: change to CANDIDATE, lastRpcTime:193ms, electionTimeout:193ms
2019-10-23 22:22:15,219 [Thread-1910] INFO  impl.RoleInfo (RoleInfo.java:shutdownFollowerState(121)) - aed1b97f-105e-4684-b087-4b6333aa3ced: shutdown FollowerState
2019-10-23 22:22:15,219 [Thread-1910] INFO  impl.RaftServerImpl (RaftServerImpl.java:setRole(184)) - aed1b97f-105e-4684-b087-4b6333aa3ced@group-F043E0AED0ED: changes role from  FOLLOWER to CANDIDATE at term 277 for changeToCandidate
2019-10-23 22:22:15,219 [Thread-1910] INFO  impl.RoleInfo (RoleInfo.java:updateAndGet(143)) - aed1b97f-105e-4684-b087-4b6333aa3ced: start LeaderElection
2019-10-23 22:22:15,234 [aed1b97f-105e-4684-b087-4b6333aa3ced@group-F043E0AED0ED-LeaderElection251] INFO  impl.LeaderElection (LeaderElection.java:askForVotes(178)) - aed1b97f-105e-4684-b087-4b6333aa3ced@group-F043E0AED0ED-LeaderElection251: begin an election at term 278 for -1: [aed1b97f-105e-4684-b087-4b6333aa3ced:192.168.157.195:34943, 1c51b35f-55cb-4636-a00c-83d34bf2d9d4:192.168.157.195:34693, d21ee1f1-33f6-483c-a18b-27782ce1915a:192.168.157.195:46462], old=null
2019-10-23 22:22:15,236 [grpc-default-executor-3] INFO  impl.RaftServerImpl (RaftServerImpl.java:setRole(184)) - 1c51b35f-55cb-4636-a00c-83d34bf2d9d4@group-F043E0AED0ED: changes role from  FOLLOWER to FOLLOWER at term 278 for recognizeCandidate:aed1b97f-105e-4684-b087-4b6333aa3ced
2019-10-23 22:22:15,236 [grpc-default-executor-0] INFO  impl.RaftServerImpl (RaftServerImpl.java:setRole(184)) - d21ee1f1-33f6-483c-a18b-27782ce1915a@group-F043E0AED0ED: changes role from  FOLLOWER to FOLLOWER at term 278 for recognizeCandidate:aed1b97f-105e-4684-b087-4b6333aa3ced
2019-10-23 22:22:15,236 [grpc-default-executor-3] INFO  impl.RoleInfo (RoleInfo.java:shutdownFollowerState(121)) - 1c51b35f-55cb-4636-a00c-83d34bf2d9d4: shutdown FollowerState
2019-10-23 22:22:15,236 [grpc-default-executor-0] INFO  impl.RoleInfo (RoleInfo.java:shutdownFollowerState(121)) - d21ee1f1-33f6-483c-a18b-27782ce1915a: shutdown FollowerState
2019-10-23 22:22:15,237 [Thread-1908] INFO  impl.FollowerState (FollowerState.java:run(117)) - 1c51b35f-55cb-4636-a00c-83d34bf2d9d4@group-F043E0AED0ED-FollowerState was interrupted: java.lang.InterruptedException: sleep interrupted
2019-10-23 22:22:15,237 [grpc-default-executor-3] INFO  impl.RoleInfo (RoleInfo.java:updateAndGet(143)) - 1c51b35f-55cb-4636-a00c-83d34bf2d9d4: start FollowerState
2019-10-23 22:22:15,237 [Thread-1909] INFO  impl.FollowerState (FollowerState.java:run(117)) - d21ee1f1-33f6-483c-a18b-27782ce1915a@group-F043E0AED0ED-FollowerState was interrupted: java.lang.InterruptedException: sleep interrupted
2019-10-23 22:22:15,237 [grpc-default-executor-0] INFO  impl.RoleInfo (RoleInfo.java:updateAndGet(143)) - d21ee1f1-33f6-483c-a18b-27782ce1915a: start FollowerState
2019-10-23 22:22:15,251 [aed1b97f-105e-4684-b087-4b6333aa3ced@group-F043E0AED0ED-LeaderElection251] INFO  impl.LeaderElection (LeaderElection.java:logAndReturn(56)) - aed1b97f-105e-4684-b087-4b6333aa3ced@group-F043E0AED0ED-LeaderElection251: Election TIMEOUT; received 0 response(s) [] and 0 exception(s); aed1b97f-105e-4684-b087-4b6333aa3ced@group-F043E0AED0ED:t278, leader=null, voted=aed1b97f-105e-4684-b087-4b6333aa3ced, raftlog=aed1b97f-105e-4684-b087-4b6333aa3ced@group-F043E0AED0ED-SegmentedRaftLog:OPENED:c-1,f-1,i0, conf=-1: [aed1b97f-105e-4684-b087-4b6333aa3ced:192.168.157.195:34943, 1c51b35f-55cb-4636-a00c-83d34bf2d9d4:192.168.157.195:34693, d21ee1f1-33f6-483c-a18b-27782ce1915a:192.168.157.195:46462], old=null
2019-10-23 22:22:15,267 [aed1b97f-105e-4684-b087-4b6333aa3ced@group-F043E0AED0ED-LeaderElection251] INFO  impl.LeaderElection (LeaderElection.java:askForVotes(178)) - aed1b97f-105e-4684-b087-4b6333aa3ced@group-F043E0AED0ED-LeaderElection251: begin an election at term 279 for -1: [aed1b97f-105e-4684-b087-4b6333aa3ced:192.168.157.195:34943, 1c51b35f-55cb-4636-a00c-83d34bf2d9d4:192.168.157.195:34693, d21ee1f1-33f6-483c-a18b-27782ce1915a:192.168.157.195:46462], old=null
2019-10-23 22:22:15,268 [grpc-default-executor-0] INFO  impl.RaftServerImpl (RaftServerImpl.java:setRole(184)) - 1c51b35f-55cb-4636-a00c-83d34bf2d9d4@group-F043E0AED0ED: changes role from  FOLLOWER to FOLLOWER at term 279 for recognizeCandidate:aed1b97f-105e-4684-b087-4b6333aa3ced
2019-10-23 22:22:15,268 [grpc-default-executor-3] INFO  impl.RaftServerImpl (RaftServerImpl.java:setRole(184)) - d21ee1f1-33f6-483c-a18b-27782ce1915a@group-F043E0AED0ED: changes role from  FOLLOWER to FOLLOWER at term 279 for recognizeCandidate:aed1b97f-105e-4684-b087-4b6333aa3ced
2019-10-23 22:22:15,268 [grpc-default-executor-3] INFO  impl.RoleInfo (RoleInfo.java:shutdownFollowerState(121)) - d21ee1f1-33f6-483c-a18b-27782ce1915a: shutdown FollowerState
2019-10-23 22:22:15,268 [grpc-default-executor-0] INFO  impl.RoleInfo (RoleInfo.java:shutdownFollowerState(121)) - 1c51b35f-55cb-4636-a00c-83d34bf2d9d4: shutdown FollowerState
2019-10-23 22:22:15,269 [Thread-1915] INFO  impl.FollowerState (FollowerState.java:run(117)) - d21ee1f1-33f6-483c-a18b-27782ce1915a@group-F043E0AED0ED-FollowerState was interrupted: java.lang.InterruptedException: sleep interrupted
2019-10-23 22:22:15,269 [grpc-default-executor-3] INFO  impl.RoleInfo (RoleInfo.java:updateAndGet(143)) - d21ee1f1-33f6-483c-a18b-27782ce1915a: start FollowerState
2019-10-23 22:22:15,269 [Thread-1914] INFO  impl.FollowerState (FollowerState.java:run(117)) - 1c51b35f-55cb-4636-a00c-83d34bf2d9d4@group-F043E0AED0ED-FollowerState was interrupted: java.lang.InterruptedException: sleep interrupted
2019-10-23 22:22:15,269 [grpc-default-executor-0] INFO  impl.RoleInfo (RoleInfo.java:updateAndGet(143)) - 1c51b35f-55cb-4636-a00c-83d34bf2d9d4: start FollowerState
2019-10-23 22:22:15,275 [aed1b97f-105e-4684-b087-4b6333aa3ced@group-F043E0AED0ED-LeaderElection251] INFO  impl.LeaderElection (LeaderElection.java:logAndReturn(56)) - aed1b97f-105e-4684-b087-4b6333aa3ced@group-F043E0AED0ED-LeaderElection251: Election REJECTED; received 2 response(s) [aed1b97f-105e-4684-b087-4b6333aa3ced<-1c51b35f-55cb-4636-a00c-83d34bf2d9d4#0:FAIL-t279, aed1b97f-105e-4684-b087-4b6333aa3ced<-d21ee1f1-33f6-483c-a18b-27782ce1915a#0:FAIL-t279] and 0 exception(s); aed1b97f-105e-4684-b087-4b6333aa3ced@group-F043E0AED0ED:t279, leader=null, voted=aed1b97f-105e-4684-b087-4b6333aa3ced, raftlog=aed1b97f-105e-4684-b087-4b6333aa3ced@group-F043E0AED0ED-SegmentedRaftLog:OPENED:c-1,f-1,i0, conf=-1: [aed1b97f-105e-4684-b087-4b6333aa3ced:192.168.157.195:34943, 1c51b35f-55cb-4636-a00c-83d34bf2d9d4:192.168.157.195:34693, d21ee1f1-33f6-483c-a18b-27782ce1915a:192.168.157.195:46462], old=null
2019-10-23 22:22:15,276 [aed1b97f-105e-4684-b087-4b6333aa3ced@group-F043E0AED0ED-LeaderElection251] INFO  impl.RaftServerImpl (RaftServerImpl.java:setRole(184)) - aed1b97f-105e-4684-b087-4b6333aa3ced@group-F043E0AED0ED: changes role from CANDIDATE to FOLLOWER at term 279 for DISCOVERED_A_NEW_TERM
2019-10-23 22:22:15,276 [aed1b97f-105e-4684-b087-4b6333aa3ced@group-F043E0AED0ED-LeaderElection251] INFO  impl.RoleInfo (RoleInfo.java:shutdownLeaderElection(134)) - aed1b97f-105e-4684-b087-4b6333aa3ced: shutdown LeaderElection
2019-10-23 22:22:15,276 [aed1b97f-105e-4684-b087-4b6333aa3ced@group-F043E0AED0ED-LeaderElection251] INFO  impl.RoleInfo (RoleInfo.java:updateAndGet(143)) - aed1b97f-105e-4684-b087-4b6333aa3ced: start FollowerState
2019-10-23 22:22:15,461 [Thread-1922] INFO  impl.FollowerState (FollowerState.java:run(108)) - aed1b97f-105e-4684-b087-4b6333aa3ced@group-F043E0AED0ED-FollowerState: change to CANDIDATE, lastRpcTime:185ms, electionTimeout:185ms
2019-10-23 22:22:15,461 [Thread-1922] INFO  impl.RoleInfo (RoleInfo.java:shutdownFollowerState(121)) - aed1b97f-105e-4684-b087-4b6333aa3ced: shutdown FollowerState
2019-10-23 22:22:15,462 [Thread-1922] INFO  impl.RaftServerImpl (RaftServerImpl.java:setRole(184)) - aed1b97f-105e-4684-b087-4b6333aa3ced@group-F043E0AED0ED: changes role from  FOLLOWER to CANDIDATE at term 279 for changeToCandidate
2019-10-23 22:22:15,462 [Thread-1922] INFO  impl.RoleInfo (RoleInfo.java:updateAndGet(143)) - aed1b97f-105e-4684-b087-4b6333aa3ced: start LeaderElection
2019-10-23 22:22:15,476 [aed1b97f-105e-4684-b087-4b6333aa3ced@group-F043E0AED0ED-LeaderElection252] INFO  impl.LeaderElection (LeaderElection.java:askForVotes(178)) - aed1b97f-105e-4684-b087-4b6333aa3ced@group-F043E0AED0ED-LeaderElection252: begin an election at term 280 for -1: [aed1b97f-105e-4684-b087-4b6333aa3ced:192.168.157.195:34943, 1c51b35f-55cb-4636-a00c-83d34bf2d9d4:192.168.157.195:34693, d21ee1f1-33f6-483c-a18b-27782ce1915a:192.168.157.195:46462], old=null
2019-10-23 22:22:15,478 [grpc-default-executor-0] INFO  impl.RaftServerImpl (RaftServerImpl.java:setRole(184)) - 1c51b35f-55cb-4636-a00c-83d34bf2d9d4@group-F043E0AED0ED: changes role from  FOLLOWER to FOLLOWER at term 280 for recognizeCandidate:aed1b97f-105e-4684-b087-4b6333aa3ced
2019-10-23 22:22:15,478 [grpc-default-executor-3] INFO  impl.RaftServerImpl (RaftServerImpl.java:setRole(184)) - d21ee1f1-33f6-483c-a18b-27782ce1915a@group-F043E0AED0ED: changes role from  FOLLOWER to FOLLOWER at term 280 for recognizeCandidate:aed1b97f-105e-4684-b087-4b6333aa3ced
2019-10-23 22:22:15,479 [grpc-default-executor-0] INFO  impl.RoleInfo (RoleInfo.java:shutdownFollowerState(121)) - 1c51b35f-55cb-4636-a00c-83d34bf2d9d4: shutdown FollowerState
2019-10-23 22:22:15,479 [grpc-default-executor-3] INFO  impl.RoleInfo (RoleInfo.java:shutdownFollowerState(121)) - d21ee1f1-33f6-483c-a18b-27782ce1915a: shutdown FollowerState
2019-10-23 22:22:15,479 [Thread-1921] INFO  impl.FollowerState (FollowerState.java:run(117)) - 1c51b35f-55cb-4636-a00c-83d34bf2d9d4@group-F043E0AED0ED-FollowerState was interrupted: java.lang.InterruptedException: sleep interrupted
2019-10-23 22:22:15,479 [grpc-default-executor-0] INFO  impl.RoleInfo (RoleInfo.java:updateAndGet(143)) - 1c51b35f-55cb-4636-a00c-83d34bf2d9d4: start FollowerState
2019-10-23 22:22:15,479 [Thread-1920] INFO  impl.FollowerState (FollowerState.java:run(117)) - d21ee1f1-33f6-483c-a18b-27782ce1915a@group-F043E0AED0ED-FollowerState was interrupted: java.lang.InterruptedException: sleep interrupted
2019-10-23 22:22:15,479 [grpc-default-executor-3] INFO  impl.RoleInfo (RoleInfo.java:updateAndGet(143)) - d21ee1f1-33f6-483c-a18b-27782ce1915a: start FollowerState
2019-10-23 22:22:15,490 [aed1b97f-105e-4684-b087-4b6333aa3ced@group-F043E0AED0ED-LeaderElection252] INFO  impl.LeaderElection (LeaderElection.java:logAndReturn(56)) - aed1b97f-105e-4684-b087-4b6333aa3ced@group-F043E0AED0ED-LeaderElection252: Election TIMEOUT; received 0 response(s) [] and 0 exception(s); aed1b97f-105e-4684-b087-4b6333aa3ced@group-F043E0AED0ED:t280, leader=null, voted=aed1b97f-105e-4684-b087-4b6333aa3ced, raftlog=aed1b97f-105e-4684-b087-4b6333aa3ced@group-F043E0AED0ED-SegmentedRaftLog:OPENED:c-1,f-1,i0, conf=-1: [aed1b97f-105e-4684-b087-4b6333aa3ced:192.168.157.195:34943, 1c51b35f-55cb-4636-a00c-83d34bf2d9d4:192.168.157.195:34693, d21ee1f1-33f6-483c-a18b-27782ce1915a:192.168.157.195:46462], old=null
2019-10-23 22:22:15,494 [aed1b97f-105e-4684-b087-4b6333aa3ced@group-F043E0AED0ED-LeaderElection252] INFO  impl.LeaderElection (LeaderElection.java:askForVotes(178)) - aed1b97f-105e-4684-b087-4b6333aa3ced@group-F043E0AED0ED-LeaderElection252: begin an election at term 281 for -1: [aed1b97f-105e-4684-b087-4b6333aa3ced:192.168.157.195:34943, 1c51b35f-55cb-4636-a00c-83d34bf2d9d4:192.168.157.195:34693, d21ee1f1-33f6-483c-a18b-27782ce1915a:192.168.157.195:46462], old=null
2019-10-23 22:22:15,495 [grpc-default-executor-3] INFO  impl.RaftServerImpl (RaftServerImpl.java:setRole(184)) - 1c51b35f-55cb-4636-a00c-83d34bf2d9d4@group-F043E0AED0ED: changes role from  FOLLOWER to FOLLOWER at term 281 for recognizeCandidate:aed1b97f-105e-4684-b087-4b6333aa3ced
2019-10-23 22:22:15,495 [grpc-default-executor-0] INFO  impl.RaftServerImpl (RaftServerImpl.java:setRole(184)) - d21ee1f1-33f6-483c-a18b-27782ce1915a@group-F043E0AED0ED: changes role from  FOLLOWER to FOLLOWER at term 281 for recognizeCandidate:aed1b97f-105e-4684-b087-4b6333aa3ced
2019-10-23 22:22:15,495 [grpc-default-executor-3] INFO  impl.RoleInfo (RoleInfo.java:shutdownFollowerState(121)) - 1c51b35f-55cb-4636-a00c-83d34bf2d9d4: shutdown FollowerState
2019-10-23 22:22:15,496 [grpc-default-executor-0] INFO  impl.RoleInfo (RoleInfo.java:shutdownFollowerState(121)) - d21ee1f1-33f6-483c-a18b-27782ce1915a: shutdown FollowerState
2019-10-23 22:22:15,496 [Thread-1926] INFO  impl.FollowerState (FollowerState.java:run(117)) - 1c51b35f-55cb-4636-a00c-83d34bf2d9d4@group-F043E0AED0ED-FollowerState was interrupted: java.lang.InterruptedException: sleep interrupted
2019-10-23 22:22:15,496 [grpc-default-executor-3] INFO  impl.RoleInfo (RoleInfo.java:updateAndGet(143)) - 1c51b35f-55cb-4636-a00c-83d34bf2d9d4: start FollowerState
2019-10-23 22:22:15,496 [Thread-1927] INFO  impl.FollowerState (FollowerState.java:run(117)) - d21ee1f1-33f6-483c-a18b-27782ce1915a@group-F043E0AED0ED-FollowerState was interrupted: java.lang.InterruptedException: sleep interrupted
2019-10-23 22:22:15,496 [grpc-default-executor-0] INFO  impl.RoleInfo (RoleInfo.java:updateAndGet(143)) - d21ee1f1-33f6-483c-a18b-27782ce1915a: start FollowerState
2019-10-23 22:22:15,511 [aed1b97f-105e-4684-b087-4b6333aa3ced@group-F043E0AED0ED-LeaderElection252] INFO  impl.LeaderElection (LeaderElection.java:logAndReturn(56)) - aed1b97f-105e-4684-b087-4b6333aa3ced@group-F043E0AED0ED-LeaderElection252: Election REJECTED; received 2 response(s) [aed1b97f-105e-4684-b087-4b6333aa3ced<-1c51b35f-55cb-4636-a00c-83d34bf2d9d4#0:FAIL-t281, aed1b97f-105e-4684-b087-4b6333aa3ced<-d21ee1f1-33f6-483c-a18b-27782ce1915a#0:FAIL-t281] and 0 exception(s); aed1b97f-105e-4684-b087-4b6333aa3ced@group-F043E0AED0ED:t281, leader=null, voted=aed1b97f-105e-4684-b087-4b6333aa3ced, raftlog=aed1b97f-105e-4684-b087-4b6333aa3ced@group-F043E0AED0ED-SegmentedRaftLog:OPENED:c-1,f-1,i0, conf=-1: [aed1b97f-105e-4684-b087-4b6333aa3ced:192.168.157.195:34943, 1c51b35f-55cb-4636-a00c-83d34bf2d9d4:192.168.157.195:34693, d21ee1f1-33f6-483c-a18b-27782ce1915a:192.168.157.195:46462], old=null
2019-10-23 22:22:15,511 [aed1b97f-105e-4684-b087-4b6333aa3ced@group-F043E0AED0ED-LeaderElection252] INFO  impl.RaftServerImpl (RaftServerImpl.java:setRole(184)) - aed1b97f-105e-4684-b087-4b6333aa3ced@group-F043E0AED0ED: changes role from CANDIDATE to FOLLOWER at term 281 for DISCOVERED_A_NEW_TERM
2019-10-23 22:22:15,512 [aed1b97f-105e-4684-b087-4b6333aa3ced@group-F043E0AED0ED-LeaderElection252] INFO  impl.RoleInfo (RoleInfo.java:shutdownLeaderElection(134)) - aed1b97f-105e-4684-b087-4b6333aa3ced: shutdown LeaderElection
2019-10-23 22:22:15,512 [aed1b97f-105e-4684-b087-4b6333aa3ced@group-F043E0AED0ED-LeaderElection252] INFO  impl.RoleInfo (RoleInfo.java:updateAndGet(143)) - aed1b97f-105e-4684-b087-4b6333aa3ced: start FollowerState
2019-10-23 22:22:15,640 [Thread-1932] INFO  impl.FollowerState (FollowerState.java:run(108)) - aed1b97f-105e-4684-b087-4b6333aa3ced@group-F043E0AED0ED-FollowerState: change to CANDIDATE, lastRpcTime:128ms, electionTimeout:128ms
2019-10-23 22:22:15,640 [Thread-1932] INFO  impl.RoleInfo (RoleInfo.java:shutdownFollowerState(121)) - aed1b97f-105e-4684-b087-4b6333aa3ced: shutdown FollowerState
2019-10-23 22:22:15,640 [Thread-1932] INFO  impl.RaftServerImpl (RaftServerImpl.java:setRole(184)) - aed1b97f-105e-4684-b087-4b6333aa3ced@group-F043E0AED0ED: changes role from  FOLLOWER to CANDIDATE at term 281 for changeToCandidate
2019-10-23 22:22:15,641 [Thread-1932] INFO  impl.RoleInfo (RoleInfo.java:updateAndGet(143)) - aed1b97f-105e-4684-b087-4b6333aa3ced: start LeaderElection
2019-10-23 22:22:15,663 [aed1b97f-105e-4684-b087-4b6333aa3ced@group-F043E0AED0ED-LeaderElection253] INFO  impl.LeaderElection (LeaderElection.java:askForVotes(178)) - aed1b97f-105e-4684-b087-4b6333aa3ced@group-F043E0AED0ED-LeaderElection253: begin an election at term 282 for -1: [aed1b97f-105e-4684-b087-4b6333aa3ced:192.168.157.195:34943, 1c51b35f-55cb-4636-a00c-83d34bf2d9d4:192.168.157.195:34693, d21ee1f1-33f6-483c-a18b-27782ce1915a:192.168.157.195:46462], old=null
2019-10-23 22:22:15,665 [grpc-default-executor-3] INFO  impl.RaftServerImpl (RaftServerImpl.java:setRole(184)) - 1c51b35f-55cb-4636-a00c-83d34bf2d9d4@group-F043E0AED0ED: changes role from  FOLLOWER to FOLLOWER at term 282 for recognizeCandidate:aed1b97f-105e-4684-b087-4b6333aa3ced
2019-10-23 22:22:15,666 [grpc-default-executor-3] INFO  impl.RoleInfo (RoleInfo.java:shutdownFollowerState(121)) - 1c51b35f-55cb-4636-a00c-83d34bf2d9d4: shutdown FollowerState
2019-10-23 22:22:15,665 [grpc-default-executor-0] INFO  impl.RaftServerImpl (RaftServerImpl.java:setRole(184)) - d21ee1f1-33f6-483c-a18b-27782ce1915a@group-F043E0AED0ED: changes role from  FOLLOWER to FOLLOWER at term 282 for recognizeCandidate:aed1b97f-105e-4684-b087-4b6333aa3ced
2019-10-23 22:22:15,666 [Thread-1930] INFO  impl.FollowerState (FollowerState.java:run(117)) - 1c51b35f-55cb-4636-a00c-83d34bf2d9d4@group-F043E0AED0ED-FollowerState was interrupted: java.lang.InterruptedException: sleep interrupted
2019-10-23 22:22:15,666 [grpc-default-executor-3] INFO  impl.RoleInfo (RoleInfo.java:updateAndGet(143)) - 1c51b35f-55cb-4636-a00c-83d34bf2d9d4: start FollowerState
2019-10-23 22:22:15,666 [grpc-default-executor-0] INFO  impl.RoleInfo (RoleInfo.java:shutdownFollowerState(121)) - d21ee1f1-33f6-483c-a18b-27782ce1915a: shutdown FollowerState
2019-10-23 22:22:15,667 [grpc-default-executor-0] INFO  impl.RoleInfo (RoleInfo.java:updateAndGet(143)) - d21ee1f1-33f6-483c-a18b-27782ce1915a: start FollowerState
2019-10-23 22:22:15,667 [Thread-1931] INFO  impl.FollowerState (FollowerState.java:run(117)) - d21ee1f1-33f6-483c-a18b-27782ce1915a@group-F043E0AED0ED-FollowerState was interrupted: java.lang.InterruptedException: sleep interrupted
2019-10-23 22:22:15,681 [aed1b97f-105e-4684-b087-4b6333aa3ced@group-F043E0AED0ED-LeaderElection253] INFO  impl.LeaderElection (LeaderElection.java:logAndReturn(56)) - aed1b97f-105e-4684-b087-4b6333aa3ced@group-F043E0AED0ED-LeaderElection253: Election REJECTED; received 2 response(s) [aed1b97f-105e-4684-b087-4b6333aa3ced<-1c51b35f-55cb-4636-a00c-83d34bf2d9d4#0:FAIL-t282, aed1b97f-105e-4684-b087-4b6333aa3ced<-d21ee1f1-33f6-483c-a18b-27782ce1915a#0:FAIL-t282] and 0 exception(s); aed1b97f-105e-4684-b087-4b6333aa3ced@group-F043E0AED0ED:t282, leader=null, voted=aed1b97f-105e-4684-b087-4b6333aa3ced, raftlog=aed1b97f-105e-4684-b087-4b6333aa3ced@group-F043E0AED0ED-SegmentedRaftLog:OPENED:c-1,f-1,i0, conf=-1: [aed1b97f-105e-4684-b087-4b6333aa3ced:192.168.157.195:34943, 1c51b35f-55cb-4636-a00c-83d34bf2d9d4:192.168.157.195:34693, d21ee1f1-33f6-483c-a18b-27782ce1915a:192.168.157.195:46462], old=null
2019-10-23 22:22:15,681 [aed1b97f-105e-4684-b087-4b6333aa3ced@group-F043E0AED0ED-LeaderElection253] INFO  impl.RaftServerImpl (RaftServerImpl.java:setRole(184)) - aed1b97f-105e-4684-b087-4b6333aa3ced@group-F043E0AED0ED: changes role from CANDIDATE to FOLLOWER at term 282 for DISCOVERED_A_NEW_TERM
2019-10-23 22:22:15,681 [aed1b97f-105e-4684-b087-4b6333aa3ced@group-F043E0AED0ED-LeaderElection253] INFO  impl.RoleInfo (RoleInfo.java:shutdownLeaderElection(134)) - aed1b97f-105e-4684-b087-4b6333aa3ced: shutdown LeaderElection
2019-10-23 22:22:15,681 [aed1b97f-105e-4684-b087-4b6333aa3ced@group-F043E0AED0ED-LeaderElection253] INFO  impl.RoleInfo (RoleInfo.java:updateAndGet(143)) - aed1b97f-105e-4684-b087-4b6333aa3ced: start FollowerState
2019-10-23 22:22:15,838 [Thread-1938] INFO  impl.FollowerState (FollowerState.java:run(108)) - aed1b97f-105e-4684-b087-4b6333aa3ced@group-F043E0AED0ED-FollowerState: change to CANDIDATE, lastRpcTime:156ms, electionTimeout:156ms
2019-10-23 22:22:15,838 [Thread-1938] INFO  impl.RoleInfo (RoleInfo.java:shutdownFollowerState(121)) - aed1b97f-105e-4684-b087-4b6333aa3ced: shutdown FollowerState
2019-10-23 22:22:15,838 [Thread-1938] INFO  impl.RaftServerImpl (RaftServerImpl.java:setRole(184)) - aed1b97f-105e-4684-b087-4b6333aa3ced@group-F043E0AED0ED: changes role from  FOLLOWER to CANDIDATE at term 282 for changeToCandidate
2019-10-23 22:22:15,838 [Thread-1938] INFO  impl.RoleInfo (RoleInfo.java:updateAndGet(143)) - aed1b97f-105e-4684-b087-4b6333aa3ced: start LeaderElection
2019-10-23 22:22:15,852 [aed1b97f-105e-4684-b087-4b6333aa3ced@group-F043E0AED0ED-LeaderElection254] INFO  impl.LeaderElection (LeaderElection.java:askForVotes(178)) - aed1b97f-105e-4684-b087-4b6333aa3ced@group-F043E0AED0ED-LeaderElection254: begin an election at term 283 for -1: [aed1b97f-105e-4684-b087-4b6333aa3ced:192.168.157.195:34943, 1c51b35f-55cb-4636-a00c-83d34bf2d9d4:192.168.157.195:34693, d21ee1f1-33f6-483c-a18b-27782ce1915a:192.168.157.195:46462], old=null
2019-10-23 22:22:15,855 [grpc-default-executor-3] INFO  impl.RaftServerImpl (RaftServerImpl.java:setRole(184)) - 1c51b35f-55cb-4636-a00c-83d34bf2d9d4@group-F043E0AED0ED: changes role from  FOLLOWER to FOLLOWER at term 283 for recognizeCandidate:aed1b97f-105e-4684-b087-4b6333aa3ced
2019-10-23 22:22:15,856 [grpc-default-executor-3] INFO  impl.RoleInfo (RoleInfo.java:shutdownFollowerState(121)) - 1c51b35f-55cb-4636-a00c-83d34bf2d9d4: shutdown FollowerState
2019-10-23 22:22:15,856 [grpc-default-executor-0] INFO  impl.RaftServerImpl (RaftServerImpl.java:setRole(184)) - d21ee1f1-33f6-483c-a18b-27782ce1915a@group-F043E0AED0ED: changes role from  FOLLOWER to FOLLOWER at term 283 for recognizeCandidate:aed1b97f-105e-4684-b087-4b6333aa3ced
2019-10-23 22:22:15,856 [Thread-1936] INFO  impl.FollowerState (FollowerState.java:run(117)) - 1c51b35f-55cb-4636-a00c-83d34bf2d9d4@group-F043E0AED0ED-FollowerState was interrupted: java.lang.InterruptedException: sleep interrupted
2019-10-23 22:22:15,856 [grpc-default-executor-3] INFO  impl.RoleInfo (RoleInfo.java:updateAndGet(143)) - 1c51b35f-55cb-4636-a00c-83d34bf2d9d4: start FollowerState
2019-10-23 22:22:15,856 [grpc-default-executor-0] INFO  impl.RoleInfo (RoleInfo.java:shutdownFollowerState(121)) - d21ee1f1-33f6-483c-a18b-27782ce1915a: shutdown FollowerState
2019-10-23 22:22:15,856 [grpc-default-executor-0] INFO  impl.RoleInfo (RoleInfo.java:updateAndGet(143)) - d21ee1f1-33f6-483c-a18b-27782ce1915a: start FollowerState
2019-10-23 22:22:15,857 [Thread-1937] INFO  impl.FollowerState (FollowerState.java:run(117)) - d21ee1f1-33f6-483c-a18b-27782ce1915a@group-F043E0AED0ED-FollowerState was interrupted: java.lang.InterruptedException: sleep interrupted
2019-10-23 22:22:15,869 [aed1b97f-105e-4684-b087-4b6333aa3ced@group-F043E0AED0ED-LeaderElection254] INFO  impl.LeaderElection (LeaderElection.java:logAndReturn(56)) - aed1b97f-105e-4684-b087-4b6333aa3ced@group-F043E0AED0ED-LeaderElection254: Election TIMEOUT; received 0 response(s) [] and 0 exception(s); aed1b97f-105e-4684-b087-4b6333aa3ced@group-F043E0AED0ED:t283, leader=null, voted=aed1b97f-105e-4684-b087-4b6333aa3ced, raftlog=aed1b97f-105e-4684-b087-4b6333aa3ced@group-F043E0AED0ED-SegmentedRaftLog:OPENED:c-1,f-1,i0, conf=-1: [aed1b97f-105e-4684-b087-4b6333aa3ced:192.168.157.195:34943, 1c51b35f-55cb-4636-a00c-83d34bf2d9d4:192.168.157.195:34693, d21ee1f1-33f6-483c-a18b-27782ce1915a:192.168.157.195:46462], old=null
2019-10-23 22:22:15,872 [aed1b97f-105e-4684-b087-4b6333aa3ced@group-F043E0AED0ED-LeaderElection254] INFO  impl.LeaderElection (LeaderElection.java:askForVotes(178)) - aed1b97f-105e-4684-b087-4b6333aa3ced@group-F043E0AED0ED-LeaderElection254: begin an election at term 284 for -1: [aed1b97f-105e-4684-b087-4b6333aa3ced:192.168.157.195:34943, 1c51b35f-55cb-4636-a00c-83d34bf2d9d4:192.168.157.195:34693, d21ee1f1-33f6-483c-a18b-27782ce1915a:192.168.157.195:46462], old=null
2019-10-23 22:22:15,874 [grpc-default-executor-0] INFO  impl.RaftServerImpl (RaftServerImpl.java:setRole(184)) - 1c51b35f-55cb-4636-a00c-83d34bf2d9d4@group-F043E0AED0ED: changes role from  FOLLOWER to FOLLOWER at term 284 for recognizeCandidate:aed1b97f-105e-4684-b087-4b6333aa3ced
2019-10-23 22:22:15,874 [grpc-default-executor-0] INFO  impl.RoleInfo (RoleInfo.java:shutdownFollowerState(121)) - 1c51b35f-55cb-4636-a00c-83d34bf2d9d4: shutdown FollowerState
2019-10-23 22:22:15,874 [grpc-default-executor-3] INFO  impl.RaftServerImpl (RaftServerImpl.java:setRole(184)) - d21ee1f1-33f6-483c-a18b-27782ce1915a@group-F043E0AED0ED: changes role from  FOLLOWER to FOLLOWER at term 284 for recognizeCandidate:aed1b97f-105e-4684-b087-4b6333aa3ced
2019-10-23 22:22:15,874 [Thread-1942] INFO  impl.FollowerState (FollowerState.java:run(117)) - 1c51b35f-55cb-4636-a00c-83d34bf2d9d4@group-F043E0AED0ED-FollowerState was interrupted: java.lang.InterruptedException: sleep interrupted
2019-10-23 22:22:15,874 [grpc-default-executor-0] INFO  impl.RoleInfo (RoleInfo.java:updateAndGet(143)) - 1c51b35f-55cb-4636-a00c-83d34bf2d9d4: start FollowerState
2019-10-23 22:22:15,875 [grpc-default-executor-3] INFO  impl.RoleInfo (RoleInfo.java:shutdownFollowerState(121)) - d21ee1f1-33f6-483c-a18b-27782ce1915a: shutdown FollowerState
2019-10-23 22:22:15,875 [grpc-default-executor-3] INFO  impl.RoleInfo (RoleInfo.java:updateAndGet(143)) - d21ee1f1-33f6-483c-a18b-27782ce1915a: start FollowerState
2019-10-23 22:22:15,875 [Thread-1943] INFO  impl.FollowerState (FollowerState.java:run(117)) - d21ee1f1-33f6-483c-a18b-27782ce1915a@group-F043E0AED0ED-FollowerState was interrupted: java.lang.InterruptedException: sleep interrupted
2019-10-23 22:22:15,888 [aed1b97f-105e-4684-b087-4b6333aa3ced@group-F043E0AED0ED-LeaderElection254] INFO  impl.LeaderElection (LeaderElection.java:logAndReturn(56)) - aed1b97f-105e-4684-b087-4b6333aa3ced@group-F043E0AED0ED-LeaderElection254: Election REJECTED; received 2 response(s) [aed1b97f-105e-4684-b087-4b6333aa3ced<-1c51b35f-55cb-4636-a00c-83d34bf2d9d4#0:FAIL-t284, aed1b97f-105e-4684-b087-4b6333aa3ced<-d21ee1f1-33f6-483c-a18b-27782ce1915a#0:FAIL-t284] and 0 exception(s); aed1b97f-105e-4684-b087-4b6333aa3ced@group-F043E0AED0ED:t284, leader=null, voted=aed1b97f-105e-4684-b087-4b6333aa3ced, raftlog=aed1b97f-105e-4684-b087-4b6333aa3ced@group-F043E0AED0ED-SegmentedRaftLog:OPENED:c-1,f-1,i0, conf=-1: [aed1b97f-105e-4684-b087-4b6333aa3ced:192.168.157.195:34943, 1c51b35f-55cb-4636-a00c-83d34bf2d9d4:192.168.157.195:34693, d21ee1f1-33f6-483c-a18b-27782ce1915a:192.168.157.195:46462], old=null
2019-10-23 22:22:15,889 [aed1b97f-105e-4684-b087-4b6333aa3ced@group-F043E0AED0ED-LeaderElection254] INFO  impl.RaftServerImpl (RaftServerImpl.java:setRole(184)) - aed1b97f-105e-4684-b087-4b6333aa3ced@group-F043E0AED0ED: changes role from CANDIDATE to FOLLOWER at term 284 for DISCOVERED_A_NEW_TERM
2019-10-23 22:22:15,889 [aed1b97f-105e-4684-b087-4b6333aa3ced@group-F043E0AED0ED-LeaderElection254] INFO  impl.RoleInfo (RoleInfo.java:shutdownLeaderElection(134)) - aed1b97f-105e-4684-b087-4b6333aa3ced: shutdown LeaderElection
2019-10-23 22:22:15,889 [aed1b97f-105e-4684-b087-4b6333aa3ced@group-F043E0AED0ED-LeaderElection254] INFO  impl.RoleInfo (RoleInfo.java:updateAndGet(143)) - aed1b97f-105e-4684-b087-4b6333aa3ced: start FollowerState
2019-10-23 22:22:15,944 [Thread-1948] INFO  impl.FollowerState (FollowerState.java:run(108)) - aed1b97f-105e-4684-b087-4b6333aa3ced@group-F043E0AED0ED-FollowerState: change to CANDIDATE, lastRpcTime:55ms, electionTimeout:55ms
2019-10-23 22:22:15,945 [Thread-1948] INFO  impl.RoleInfo (RoleInfo.java:shutdownFollowerState(121)) - aed1b97f-105e-4684-b087-4b6333aa3ced: shutdown FollowerState
2019-10-23 22:22:15,945 [Thread-1948] INFO  impl.RaftServerImpl (RaftServerImpl.java:setRole(184)) - aed1b97f-105e-4684-b087-4b6333aa3ced@group-F043E0AED0ED: changes role from  FOLLOWER to CANDIDATE at term 284 for changeToCandidate
2019-10-23 22:22:15,945 [Thread-1948] INFO  impl.RoleInfo (RoleInfo.java:updateAndGet(143)) - aed1b97f-105e-4684-b087-4b6333aa3ced: start LeaderElection
2019-10-23 22:22:15,960 [aed1b97f-105e-4684-b087-4b6333aa3ced@group-F043E0AED0ED-LeaderElection255] INFO  impl.LeaderElection (LeaderElection.java:askForVotes(178)) - aed1b97f-105e-4684-b087-4b6333aa3ced@group-F043E0AED0ED-LeaderElection255: begin an election at term 285 for -1: [aed1b97f-105e-4684-b087-4b6333aa3ced:192.168.157.195:34943, 1c51b35f-55cb-4636-a00c-83d34bf2d9d4:192.168.157.195:34693, d21ee1f1-33f6-483c-a18b-27782ce1915a:192.168.157.195:46462], old=null
2019-10-23 22:22:15,965 [grpc-default-executor-3] INFO  impl.RaftServerImpl (RaftServerImpl.java:setRole(184)) - 1c51b35f-55cb-4636-a00c-83d34bf2d9d4@group-F043E0AED0ED: changes role from  FOLLOWER to FOLLOWER at term 285 for recognizeCandidate:aed1b97f-105e-4684-b087-4b6333aa3ced
2019-10-23 22:22:15,965 [grpc-default-executor-0] INFO  impl.RaftServerImpl (RaftServerImpl.java:setRole(184)) - d21ee1f1-33f6-483c-a18b-27782ce1915a@group-F043E0AED0ED: changes role from  FOLLOWER to FOLLOWER at term 285 for recognizeCandidate:aed1b97f-105e-4684-b087-4b6333aa3ced
2019-10-23 22:22:15,965 [grpc-default-executor-3] INFO  impl.RoleInfo (RoleInfo.java:shutdownFollowerState(121)) - 1c51b35f-55cb-4636-a00c-83d34bf2d9d4: shutdown FollowerState
2019-10-23 22:22:15,966 [grpc-default-executor-0] INFO  impl.RoleInfo (RoleInfo.java:shutdownFollowerState(121)) - d21ee1f1-33f6-483c-a18b-27782ce1915a: shutdown FollowerState
2019-10-23 22:22:15,966 [Thread-1946] INFO  impl.FollowerState (FollowerState.java:run(117)) - 1c51b35f-55cb-4636-a00c-83d34bf2d9d4@group-F043E0AED0ED-FollowerState was interrupted: java.lang.InterruptedException: sleep interrupted
2019-10-23 22:22:15,966 [grpc-default-executor-3] INFO  impl.RoleInfo (RoleInfo.java:updateAndGet(143)) - 1c51b35f-55cb-4636-a00c-83d34bf2d9d4: start FollowerState
2019-10-23 22:22:15,966 [Thread-1947] INFO  impl.FollowerState (FollowerState.java:run(117)) - d21ee1f1-33f6-483c-a18b-27782ce1915a@group-F043E0AED0ED-FollowerState was interrupted: java.lang.InterruptedException: sleep interrupted
2019-10-23 22:22:15,966 [grpc-default-executor-0] INFO  impl.RoleInfo (RoleInfo.java:updateAndGet(143)) - d21ee1f1-33f6-483c-a18b-27782ce1915a: start FollowerState
2019-10-23 22:22:15,980 [aed1b97f-105e-4684-b087-4b6333aa3ced@group-F043E0AED0ED-LeaderElection255] INFO  impl.LeaderElection (LeaderElection.java:logAndReturn(56)) - aed1b97f-105e-4684-b087-4b6333aa3ced@group-F043E0AED0ED-LeaderElection255: Election REJECTED; received 2 response(s) [aed1b97f-105e-4684-b087-4b6333aa3ced<-1c51b35f-55cb-4636-a00c-83d34bf2d9d4#0:FAIL-t285, aed1b97f-105e-4684-b087-4b6333aa3ced<-d21ee1f1-33f6-483c-a18b-27782ce1915a#0:FAIL-t285] and 0 exception(s); aed1b97f-105e-4684-b087-4b6333aa3ced@group-F043E0AED0ED:t285, leader=null, voted=aed1b97f-105e-4684-b087-4b6333aa3ced, raftlog=aed1b97f-105e-4684-b087-4b6333aa3ced@group-F043E0AED0ED-SegmentedRaftLog:OPENED:c-1,f-1,i0, conf=-1: [aed1b97f-105e-4684-b087-4b6333aa3ced:192.168.157.195:34943, 1c51b35f-55cb-4636-a00c-83d34bf2d9d4:192.168.157.195:34693, d21ee1f1-33f6-483c-a18b-27782ce1915a:192.168.157.195:46462], old=null
2019-10-23 22:22:15,981 [aed1b97f-105e-4684-b087-4b6333aa3ced@group-F043E0AED0ED-LeaderElection255] INFO  impl.RaftServerImpl (RaftServerImpl.java:setRole(184)) - aed1b97f-105e-4684-b087-4b6333aa3ced@group-F043E0AED0ED: changes role from CANDIDATE to FOLLOWER at term 285 for DISCOVERED_A_NEW_TERM
2019-10-23 22:22:15,981 [aed1b97f-105e-4684-b087-4b6333aa3ced@group-F043E0AED0ED-LeaderElection255] INFO  impl.RoleInfo (RoleInfo.java:shutdownLeaderElection(134)) - aed1b97f-105e-4684-b087-4b6333aa3ced: shutdown LeaderElection
2019-10-23 22:22:15,981 [aed1b97f-105e-4684-b087-4b6333aa3ced@group-F043E0AED0ED-LeaderElection255] INFO  impl.RoleInfo (RoleInfo.java:updateAndGet(143)) - aed1b97f-105e-4684-b087-4b6333aa3ced: start FollowerState
2019-10-23 22:22:16,106 [Thread-1954] INFO  impl.FollowerState (FollowerState.java:run(108)) - aed1b97f-105e-4684-b087-4b6333aa3ced@group-F043E0AED0ED-FollowerState: change to CANDIDATE, lastRpcTime:125ms, electionTimeout:125ms
2019-10-23 22:22:16,107 [Thread-1954] INFO  impl.RoleInfo (RoleInfo.java:shutdownFollowerState(121)) - aed1b97f-105e-4684-b087-4b6333aa3ced: shutdown FollowerState
2019-10-23 22:22:16,107 [Thread-1954] INFO  impl.RaftServerImpl (RaftServerImpl.java:setRole(184)) - aed1b97f-105e-4684-b087-4b6333aa3ced@group-F043E0AED0ED: changes role from  FOLLOWER to CANDIDATE at term 285 for changeToCandidate
2019-10-23 22:22:16,107 [Thread-1954] INFO  impl.RoleInfo (RoleInfo.java:updateAndGet(143)) - aed1b97f-105e-4684-b087-4b6333aa3ced: start LeaderElection
2019-10-23 22:22:16,122 [aed1b97f-105e-4684-b087-4b6333aa3ced@group-F043E0AED0ED-LeaderElection256] INFO  impl.LeaderElection (LeaderElection.java:askForVotes(178)) - aed1b97f-105e-4684-b087-4b6333aa3ced@group-F043E0AED0ED-LeaderElection256: begin an election at term 286 for -1: [aed1b97f-105e-4684-b087-4b6333aa3ced:192.168.157.195:34943, 1c51b35f-55cb-4636-a00c-83d34bf2d9d4:192.168.157.195:34693, d21ee1f1-33f6-483c-a18b-27782ce1915a:192.168.157.195:46462], old=null
2019-10-23 22:22:16,124 [grpc-default-executor-3] INFO  impl.RaftServerImpl (RaftServerImpl.java:setRole(184)) - 1c51b35f-55cb-4636-a00c-83d34bf2d9d4@group-F043E0AED0ED: changes role from  FOLLOWER to FOLLOWER at term 286 for recognizeCandidate:aed1b97f-105e-4684-b087-4b6333aa3ced
2019-10-23 22:22:16,124 [grpc-default-executor-3] INFO  impl.RoleInfo (RoleInfo.java:shutdownFollowerState(121)) - 1c51b35f-55cb-4636-a00c-83d34bf2d9d4: shutdown FollowerState
2019-10-23 22:22:16,124 [grpc-default-executor-0] INFO  impl.RaftServerImpl (RaftServerImpl.java:setRole(184)) - d21ee1f1-33f6-483c-a18b-27782ce1915a@group-F043E0AED0ED: changes role from  FOLLOWER to FOLLOWER at term 286 for recognizeCandidate:aed1b97f-105e-4684-b087-4b6333aa3ced
2019-10-23 22:22:16,124 [grpc-default-executor-0] INFO  impl.RoleInfo (RoleInfo.java:shutdownFollowerState(121)) - d21ee1f1-33f6-483c-a18b-27782ce1915a: shutdown FollowerState
2019-10-23 22:22:16,124 [Thread-1952] INFO  impl.FollowerState (FollowerState.java:run(117)) - 1c51b35f-55cb-4636-a00c-83d34bf2d9d4@group-F043E0AED0ED-FollowerState was interrupted: java.lang.InterruptedException: sleep interrupted
2019-10-23 22:22:16,124 [grpc-default-executor-3] INFO  impl.RoleInfo (RoleInfo.java:updateAndGet(143)) - 1c51b35f-55cb-4636-a00c-83d34bf2d9d4: start FollowerState
2019-10-23 22:22:16,124 [Thread-1953] INFO  impl.FollowerState (FollowerState.java:run(117)) - d21ee1f1-33f6-483c-a18b-27782ce1915a@group-F043E0AED0ED-FollowerState was interrupted: java.lang.InterruptedException: sleep interrupted
2019-10-23 22:22:16,124 [grpc-default-executor-0] INFO  impl.RoleInfo (RoleInfo.java:updateAndGet(143)) - d21ee1f1-33f6-483c-a18b-27782ce1915a: start FollowerState
2019-10-23 22:22:16,139 [aed1b97f-105e-4684-b087-4b6333aa3ced@group-F043E0AED0ED-LeaderElection256] INFO  impl.LeaderElection (LeaderElection.java:logAndReturn(56)) - aed1b97f-105e-4684-b087-4b6333aa3ced@group-F043E0AED0ED-LeaderElection256: Election REJECTED; received 2 response(s) [aed1b97f-105e-4684-b087-4b6333aa3ced<-1c51b35f-55cb-4636-a00c-83d34bf2d9d4#0:FAIL-t286, aed1b97f-105e-4684-b087-4b6333aa3ced<-d21ee1f1-33f6-483c-a18b-27782ce1915a#0:FAIL-t286] and 0 exception(s); aed1b97f-105e-4684-b087-4b6333aa3ced@group-F043E0AED0ED:t286, leader=null, voted=aed1b97f-105e-4684-b087-4b6333aa3ced, raftlog=aed1b97f-105e-4684-b087-4b6333aa3ced@group-F043E0AED0ED-SegmentedRaftLog:OPENED:c-1,f-1,i0, conf=-1: [aed1b97f-105e-4684-b087-4b6333aa3ced:192.168.157.195:34943, 1c51b35f-55cb-4636-a00c-83d34bf2d9d4:192.168.157.195:34693, d21ee1f1-33f6-483c-a18b-27782ce1915a:192.168.157.195:46462], old=null
2019-10-23 22:22:16,139 [aed1b97f-105e-4684-b087-4b6333aa3ced@group-F043E0AED0ED-LeaderElection256] INFO  impl.RaftServerImpl (RaftServerImpl.java:setRole(184)) - aed1b97f-105e-4684-b087-4b6333aa3ced@group-F043E0AED0ED: changes role from CANDIDATE to FOLLOWER at term 286 for DISCOVERED_A_NEW_TERM
2019-10-23 22:22:16,139 [aed1b97f-105e-4684-b087-4b6333aa3ced@group-F043E0AED0ED-LeaderElection256] INFO  impl.RoleInfo (RoleInfo.java:shutdownLeaderElection(134)) - aed1b97f-105e-4684-b087-4b6333aa3ced: shutdown LeaderElection
2019-10-23 22:22:16,139 [aed1b97f-105e-4684-b087-4b6333aa3ced@group-F043E0AED0ED-LeaderElection256] INFO  impl.RoleInfo (RoleInfo.java:updateAndGet(143)) - aed1b97f-105e-4684-b087-4b6333aa3ced: start FollowerState
2019-10-23 22:22:16,225 [Thread-1960] INFO  impl.FollowerState (FollowerState.java:run(108)) - aed1b97f-105e-4684-b087-4b6333aa3ced@group-F043E0AED0ED-FollowerState: change to CANDIDATE, lastRpcTime:85ms, electionTimeout:85ms
2019-10-23 22:22:16,225 [Thread-1960] INFO  impl.RoleInfo (RoleInfo.java:shutdownFollowerState(121)) - aed1b97f-105e-4684-b087-4b6333aa3ced: shutdown FollowerState
2019-10-23 22:22:16,225 [Thread-1960] INFO  impl.RaftServerImpl (RaftServerImpl.java:setRole(184)) - aed1b97f-105e-4684-b087-4b6333aa3ced@group-F043E0AED0ED: changes role from  FOLLOWER to CANDIDATE at term 286 for changeToCandidate
2019-10-23 22:22:16,225 [Thread-1960] INFO  impl.RoleInfo (RoleInfo.java:updateAndGet(143)) - aed1b97f-105e-4684-b087-4b6333aa3ced: start LeaderElection
2019-10-23 22:22:16,239 [aed1b97f-105e-4684-b087-4b6333aa3ced@group-F043E0AED0ED-LeaderElection257] INFO  impl.LeaderElection (LeaderElection.java:askForVotes(178)) - aed1b97f-105e-4684-b087-4b6333aa3ced@group-F043E0AED0ED-LeaderElection257: begin an election at term 287 for -1: [aed1b97f-105e-4684-b087-4b6333aa3ced:192.168.157.195:34943, 1c51b35f-55cb-4636-a00c-83d34bf2d9d4:192.168.157.195:34693, d21ee1f1-33f6-483c-a18b-27782ce1915a:192.168.157.195:46462], old=null
2019-10-23 22:22:16,242 [grpc-default-executor-0] INFO  impl.RaftServerImpl (RaftServerImpl.java:setRole(184)) - 1c51b35f-55cb-4636-a00c-83d34bf2d9d4@group-F043E0AED0ED: changes role from  FOLLOWER to FOLLOWER at term 287 for recognizeCandidate:aed1b97f-105e-4684-b087-4b6333aa3ced
2019-10-23 22:22:16,242 [grpc-default-executor-3] INFO  impl.RaftServerImpl (RaftServerImpl.java:setRole(184)) - d21ee1f1-33f6-483c-a18b-27782ce1915a@group-F043E0AED0ED: changes role from  FOLLOWER to FOLLOWER at term 287 for recognizeCandidate:aed1b97f-105e-4684-b087-4b6333aa3ced
2019-10-23 22:22:16,242 [grpc-default-executor-3] INFO  impl.RoleInfo (RoleInfo.java:shutdownFollowerState(121)) - d21ee1f1-33f6-483c-a18b-27782ce1915a: shutdown FollowerState
2019-10-23 22:22:16,242 [grpc-default-executor-0] INFO  impl.RoleInfo (RoleInfo.java:shutdownFollowerState(121)) - 1c51b35f-55cb-4636-a00c-83d34bf2d9d4: shutdown FollowerState
2019-10-23 22:22:16,243 [Thread-1958] INFO  impl.FollowerState (FollowerState.java:run(117)) - 1c51b35f-55cb-4636-a00c-83d34bf2d9d4@group-F043E0AED0ED-FollowerState was interrupted: java.lang.InterruptedException: sleep interrupted
2019-10-23 22:22:16,243 [Thread-1959] INFO  impl.FollowerState (FollowerState.java:run(117)) - d21ee1f1-33f6-483c-a18b-27782ce1915a@group-F043E0AED0ED-FollowerState was interrupted: java.lang.InterruptedException: sleep interrupted
2019-10-23 22:22:16,243 [grpc-default-executor-3] INFO  impl.RoleInfo (RoleInfo.java:updateAndGet(143)) - d21ee1f1-33f6-483c-a18b-27782ce1915a: start FollowerState
2019-10-23 22:22:16,243 [grpc-default-executor-0] INFO  impl.RoleInfo (RoleInfo.java:updateAndGet(143)) - 1c51b35f-55cb-4636-a00c-83d34bf2d9d4: start FollowerState
2019-10-23 22:22:16,257 [aed1b97f-105e-4684-b087-4b6333aa3ced@group-F043E0AED0ED-LeaderElection257] INFO  impl.LeaderElection (LeaderElection.java:logAndReturn(56)) - aed1b97f-105e-4684-b087-4b6333aa3ced@group-F043E0AED0ED-LeaderElection257: Election REJECTED; received 2 response(s) [aed1b97f-105e-4684-b087-4b6333aa3ced<-1c51b35f-55cb-4636-a00c-83d34bf2d9d4#0:FAIL-t287, aed1b97f-105e-4684-b087-4b6333aa3ced<-d21ee1f1-33f6-483c-a18b-27782ce1915a#0:FAIL-t287] and 0 exception(s); aed1b97f-105e-4684-b087-4b6333aa3ced@group-F043E0AED0ED:t287, leader=null, voted=aed1b97f-105e-4684-b087-4b6333aa3ced, raftlog=aed1b97f-105e-4684-b087-4b6333aa3ced@group-F043E0AED0ED-SegmentedRaftLog:OPENED:c-1,f-1,i0, conf=-1: [aed1b97f-105e-4684-b087-4b6333aa3ced:192.168.157.195:34943, 1c51b35f-55cb-4636-a00c-83d34bf2d9d4:192.168.157.195:34693, d21ee1f1-33f6-483c-a18b-27782ce1915a:192.168.157.195:46462], old=null
2019-10-23 22:22:16,257 [aed1b97f-105e-4684-b087-4b6333aa3ced@group-F043E0AED0ED-LeaderElection257] INFO  impl.RaftServerImpl (RaftServerImpl.java:setRole(184)) - aed1b97f-105e-4684-b087-4b6333aa3ced@group-F043E0AED0ED: changes role from CANDIDATE to FOLLOWER at term 287 for DISCOVERED_A_NEW_TERM
2019-10-23 22:22:16,257 [aed1b97f-105e-4684-b087-4b6333aa3ced@group-F043E0AED0ED-LeaderElection257] INFO  impl.RoleInfo (RoleInfo.java:shutdownLeaderElection(134)) - aed1b97f-105e-4684-b087-4b6333aa3ced: shutdown LeaderElection
2019-10-23 22:22:16,258 [aed1b97f-105e-4684-b087-4b6333aa3ced@group-F043E0AED0ED-LeaderElection257] INFO  impl.RoleInfo (RoleInfo.java:updateAndGet(143)) - aed1b97f-105e-4684-b087-4b6333aa3ced: start FollowerState
2019-10-23 22:22:16,384 [Thread-1966] INFO  impl.FollowerState (FollowerState.java:run(108)) - aed1b97f-105e-4684-b087-4b6333aa3ced@group-F043E0AED0ED-FollowerState: change to CANDIDATE, lastRpcTime:126ms, electionTimeout:126ms
2019-10-23 22:22:16,384 [Thread-1966] INFO  impl.RoleInfo (RoleInfo.java:shutdownFollowerState(121)) - aed1b97f-105e-4684-b087-4b6333aa3ced: shutdown FollowerState
2019-10-23 22:22:16,384 [Thread-1966] INFO  impl.RaftServerImpl (RaftServerImpl.java:setRole(184)) - aed1b97f-105e-4684-b087-4b6333aa3ced@group-F043E0AED0ED: changes role from  FOLLOWER to CANDIDATE at term 287 for changeToCandidate
2019-10-23 22:22:16,384 [Thread-1966] INFO  impl.RoleInfo (RoleInfo.java:updateAndGet(143)) - aed1b97f-105e-4684-b087-4b6333aa3ced: start LeaderElection
2019-10-23 22:22:16,402 [aed1b97f-105e-4684-b087-4b6333aa3ced@group-F043E0AED0ED-LeaderElection258] INFO  impl.LeaderElection (LeaderElection.java:askForVotes(178)) - aed1b97f-105e-4684-b087-4b6333aa3ced@group-F043E0AED0ED-LeaderElection258: begin an election at term 288 for -1: [aed1b97f-105e-4684-b087-4b6333aa3ced:192.168.157.195:34943, 1c51b35f-55cb-4636-a00c-83d34bf2d9d4:192.168.157.195:34693, d21ee1f1-33f6-483c-a18b-27782ce1915a:192.168.157.195:46462], old=null
2019-10-23 22:22:16,404 [grpc-default-executor-3] INFO  impl.RaftServerImpl (RaftServerImpl.java:setRole(184)) - 1c51b35f-55cb-4636-a00c-83d34bf2d9d4@group-F043E0AED0ED: changes role from  FOLLOWER to FOLLOWER at term 288 for recognizeCandidate:aed1b97f-105e-4684-b087-4b6333aa3ced
2019-10-23 22:22:16,404 [grpc-default-executor-3] INFO  impl.RoleInfo (RoleInfo.java:shutdownFollowerState(121)) - 1c51b35f-55cb-4636-a00c-83d34bf2d9d4: shutdown FollowerState
2019-10-23 22:22:16,404 [grpc-default-executor-0] INFO  impl.RaftServerImpl (RaftServerImpl.java:setRole(184)) - d21ee1f1-33f6-483c-a18b-27782ce1915a@group-F043E0AED0ED: changes role from  FOLLOWER to FOLLOWER at term 288 for recognizeCandidate:aed1b97f-105e-4684-b087-4b6333aa3ced
2019-10-23 22:22:16,405 [grpc-default-executor-0] INFO  impl.RoleInfo (RoleInfo.java:shutdownFollowerState(121)) - d21ee1f1-33f6-483c-a18b-27782ce1915a: shutdown FollowerState
2019-10-23 22:22:16,405 [Thread-1965] INFO  impl.FollowerState (FollowerState.java:run(117)) - 1c51b35f-55cb-4636-a00c-83d34bf2d9d4@group-F043E0AED0ED-FollowerState was interrupted: java.lang.InterruptedException: sleep interrupted
2019-10-23 22:22:16,405 [grpc-default-executor-3] INFO  impl.RoleInfo (RoleInfo.java:updateAndGet(143)) - 1c51b35f-55cb-4636-a00c-83d34bf2d9d4: start FollowerState
2019-10-23 22:22:16,405 [Thread-1964] INFO  impl.FollowerState (FollowerState.java:run(117)) - d21ee1f1-33f6-483c-a18b-27782ce1915a@group-F043E0AED0ED-FollowerState was interrupted: java.lang.InterruptedException: sleep interrupted
2019-10-23 22:22:16,405 [grpc-default-executor-0] INFO  impl.RoleInfo (RoleInfo.java:updateAndGet(143)) - d21ee1f1-33f6-483c-a18b-27782ce1915a: start FollowerState
2019-10-23 22:22:16,420 [aed1b97f-105e-4684-b087-4b6333aa3ced@group-F043E0AED0ED-LeaderElection258] INFO  impl.LeaderElection (LeaderElection.java:logAndReturn(56)) - aed1b97f-105e-4684-b087-4b6333aa3ced@group-F043E0AED0ED-LeaderElection258: Election REJECTED; received 2 response(s) [aed1b97f-105e-4684-b087-4b6333aa3ced<-1c51b35f-55cb-4636-a00c-83d34bf2d9d4#0:FAIL-t288, aed1b97f-105e-4684-b087-4b6333aa3ced<-d21ee1f1-33f6-483c-a18b-27782ce1915a#0:FAIL-t288] and 0 exception(s); aed1b97f-105e-4684-b087-4b6333aa3ced@group-F043E0AED0ED:t288, leader=null, voted=aed1b97f-105e-4684-b087-4b6333aa3ced, raftlog=aed1b97f-105e-4684-b087-4b6333aa3ced@group-F043E0AED0ED-SegmentedRaftLog:OPENED:c-1,f-1,i0, conf=-1: [aed1b97f-105e-4684-b087-4b6333aa3ced:192.168.157.195:34943, 1c51b35f-55cb-4636-a00c-83d34bf2d9d4:192.168.157.195:34693, d21ee1f1-33f6-483c-a18b-27782ce1915a:192.168.157.195:46462], old=null
2019-10-23 22:22:16,420 [aed1b97f-105e-4684-b087-4b6333aa3ced@group-F043E0AED0ED-LeaderElection258] INFO  impl.RaftServerImpl (RaftServerImpl.java:setRole(184)) - aed1b97f-105e-4684-b087-4b6333aa3ced@group-F043E0AED0ED: changes role from CANDIDATE to FOLLOWER at term 288 for DISCOVERED_A_NEW_TERM
2019-10-23 22:22:16,421 [aed1b97f-105e-4684-b087-4b6333aa3ced@group-F043E0AED0ED-LeaderElection258] INFO  impl.RoleInfo (RoleInfo.java:shutdownLeaderElection(134)) - aed1b97f-105e-4684-b087-4b6333aa3ced: shutdown LeaderElection
2019-10-23 22:22:16,421 [aed1b97f-105e-4684-b087-4b6333aa3ced@group-F043E0AED0ED-LeaderElection258] INFO  impl.RoleInfo (RoleInfo.java:updateAndGet(143)) - aed1b97f-105e-4684-b087-4b6333aa3ced: start FollowerState
2019-10-23 22:22:16,530 [Thread-1974] INFO  impl.FollowerState (FollowerState.java:run(108)) - aed1b97f-105e-4684-b087-4b6333aa3ced@group-F043E0AED0ED-FollowerState: change to CANDIDATE, lastRpcTime:109ms, electionTimeout:109ms
2019-10-23 22:22:16,530 [Thread-1974] INFO  impl.RoleInfo (RoleInfo.java:shutdownFollowerState(121)) - aed1b97f-105e-4684-b087-4b6333aa3ced: shutdown FollowerState
2019-10-23 22:22:16,530 [Thread-1974] INFO  impl.RaftServerImpl (RaftServerImpl.java:setRole(184)) - aed1b97f-105e-4684-b087-4b6333aa3ced@group-F043E0AED0ED: changes role from  FOLLOWER to CANDIDATE at term 288 for changeToCandidate
2019-10-23 22:22:16,530 [Thread-1974] INFO  impl.RoleInfo (RoleInfo.java:updateAndGet(143)) - aed1b97f-105e-4684-b087-4b6333aa3ced: start LeaderElection
2019-10-23 22:22:16,545 [aed1b97f-105e-4684-b087-4b6333aa3ced@group-F043E0AED0ED-LeaderElection259] INFO  impl.LeaderElection (LeaderElection.java:askForVotes(178)) - aed1b97f-105e-4684-b087-4b6333aa3ced@group-F043E0AED0ED-LeaderElection259: begin an election at term 289 for -1: [aed1b97f-105e-4684-b087-4b6333aa3ced:192.168.157.195:34943, 1c51b35f-55cb-4636-a00c-83d34bf2d9d4:192.168.157.195:34693, d21ee1f1-33f6-483c-a18b-27782ce1915a:192.168.157.195:46462], old=null
2019-10-23 22:22:16,547 [grpc-default-executor-3] INFO  impl.RaftServerImpl (RaftServerImpl.java:setRole(184)) - 1c51b35f-55cb-4636-a00c-83d34bf2d9d4@group-F043E0AED0ED: changes role from  FOLLOWER to FOLLOWER at term 289 for recognizeCandidate:aed1b97f-105e-4684-b087-4b6333aa3ced
2019-10-23 22:22:16,547 [grpc-default-executor-3] INFO  impl.RoleInfo (RoleInfo.java:shutdownFollowerState(121)) - 1c51b35f-55cb-4636-a00c-83d34bf2d9d4: shutdown FollowerState
2019-10-23 22:22:16,547 [grpc-default-executor-3] INFO  impl.RoleInfo (RoleInfo.java:updateAndGet(143)) - 1c51b35f-55cb-4636-a00c-83d34bf2d9d4: start FollowerState
2019-10-23 22:22:16,548 [grpc-default-executor-0] INFO  impl.RaftServerImpl (RaftServerImpl.java:setRole(184)) - d21ee1f1-33f6-483c-a18b-27782ce1915a@group-F043E0AED0ED: changes role from  FOLLOWER to FOLLOWER at term 289 for recognizeCandidate:aed1b97f-105e-4684-b087-4b6333aa3ced
2019-10-23 22:22:16,548 [grpc-default-executor-0] INFO  impl.RoleInfo (RoleInfo.java:shutdownFollowerState(121)) - d21ee1f1-33f6-483c-a18b-27782ce1915a: shutdown FollowerState
2019-10-23 22:22:16,547 [Thread-1972] INFO  impl.FollowerState (FollowerState.java:run(117)) - 1c51b35f-55cb-4636-a00c-83d34bf2d9d4@group-F043E0AED0ED-FollowerState was interrupted: java.lang.InterruptedException: sleep interrupted
2019-10-23 22:22:16,548 [Thread-1973] INFO  impl.FollowerState (FollowerState.java:run(117)) - d21ee1f1-33f6-483c-a18b-27782ce1915a@group-F043E0AED0ED-FollowerState was interrupted: java.lang.InterruptedException: sleep interrupted
2019-10-23 22:22:16,548 [grpc-default-executor-0] INFO  impl.RoleInfo (RoleInfo.java:updateAndGet(143)) - d21ee1f1-33f6-483c-a18b-27782ce1915a: start FollowerState
2019-10-23 22:22:16,563 [aed1b97f-105e-4684-b087-4b6333aa3ced@group-F043E0AED0ED-LeaderElection259] INFO  impl.LeaderElection (LeaderElection.java:logAndReturn(56)) - aed1b97f-105e-4684-b087-4b6333aa3ced@group-F043E0AED0ED-LeaderElection259: Election REJECTED; received 2 response(s) [aed1b97f-105e-4684-b087-4b6333aa3ced<-1c51b35f-55cb-4636-a00c-83d34bf2d9d4#0:FAIL-t289, aed1b97f-105e-4684-b087-4b6333aa3ced<-d21ee1f1-33f6-483c-a18b-27782ce1915a#0:FAIL-t289] and 0 exception(s); aed1b97f-105e-4684-b087-4b6333aa3ced@group-F043E0AED0ED:t289, leader=null, voted=aed1b97f-105e-4684-b087-4b6333aa3ced, raftlog=aed1b97f-105e-4684-b087-4b6333aa3ced@group-F043E0AED0ED-SegmentedRaftLog:OPENED:c-1,f-1,i0, conf=-1: [aed1b97f-105e-4684-b087-4b6333aa3ced:192.168.157.195:34943, 1c51b35f-55cb-4636-a00c-83d34bf2d9d4:192.168.157.195:34693, d21ee1f1-33f6-483c-a18b-27782ce1915a:192.168.157.195:46462], old=null
2019-10-23 22:22:16,563 [aed1b97f-105e-4684-b087-4b6333aa3ced@group-F043E0AED0ED-LeaderElection259] INFO  impl.RaftServerImpl (RaftServerImpl.java:setRole(184)) - aed1b97f-105e-4684-b087-4b6333aa3ced@group-F043E0AED0ED: changes role from CANDIDATE to FOLLOWER at term 289 for DISCOVERED_A_NEW_TERM
2019-10-23 22:22:16,563 [aed1b97f-105e-4684-b087-4b6333aa3ced@group-F043E0AED0ED-LeaderElection259] INFO  impl.RoleInfo (RoleInfo.java:shutdownLeaderElection(134)) - aed1b97f-105e-4684-b087-4b6333aa3ced: shutdown LeaderElection
2019-10-23 22:22:16,563 [aed1b97f-105e-4684-b087-4b6333aa3ced@group-F043E0AED0ED-LeaderElection259] INFO  impl.RoleInfo (RoleInfo.java:updateAndGet(143)) - aed1b97f-105e-4684-b087-4b6333aa3ced: start FollowerState
2019-10-23 22:22:16,650 [Thread-1980] INFO  impl.FollowerState (FollowerState.java:run(108)) - aed1b97f-105e-4684-b087-4b6333aa3ced@group-F043E0AED0ED-FollowerState: change to CANDIDATE, lastRpcTime:87ms, electionTimeout:87ms
2019-10-23 22:22:16,651 [Thread-1980] INFO  impl.RoleInfo (RoleInfo.java:shutdownFollowerState(121)) - aed1b97f-105e-4684-b087-4b6333aa3ced: shutdown FollowerState
2019-10-23 22:22:16,651 [Thread-1980] INFO  impl.RaftServerImpl (RaftServerImpl.java:setRole(184)) - aed1b97f-105e-4684-b087-4b6333aa3ced@group-F043E0AED0ED: changes role from  FOLLOWER to CANDIDATE at term 289 for changeToCandidate
2019-10-23 22:22:16,651 [Thread-1980] INFO  impl.RoleInfo (RoleInfo.java:updateAndGet(143)) - aed1b97f-105e-4684-b087-4b6333aa3ced: start LeaderElection
2019-10-23 22:22:16,664 [aed1b97f-105e-4684-b087-4b6333aa3ced@group-F043E0AED0ED-LeaderElection260] INFO  impl.LeaderElection (LeaderElection.java:askForVotes(178)) - aed1b97f-105e-4684-b087-4b6333aa3ced@group-F043E0AED0ED-LeaderElection260: begin an election at term 290 for -1: [aed1b97f-105e-4684-b087-4b6333aa3ced:192.168.157.195:34943, 1c51b35f-55cb-4636-a00c-83d34bf2d9d4:192.168.157.195:34693, d21ee1f1-33f6-483c-a18b-27782ce1915a:192.168.157.195:46462], old=null
2019-10-23 22:22:16,666 [grpc-default-executor-3] INFO  impl.RaftServerImpl (RaftServerImpl.java:setRole(184)) - 1c51b35f-55cb-4636-a00c-83d34bf2d9d4@group-F043E0AED0ED: changes role from  FOLLOWER to FOLLOWER at term 290 for recognizeCandidate:aed1b97f-105e-4684-b087-4b6333aa3ced
2019-10-23 22:22:16,666 [grpc-default-executor-0] INFO  impl.RaftServerImpl (RaftServerImpl.java:setRole(184)) - d21ee1f1-33f6-483c-a18b-27782ce1915a@group-F043E0AED0ED: changes role from  FOLLOWER to FOLLOWER at term 290 for recognizeCandidate:aed1b97f-105e-4684-b087-4b6333aa3ced
2019-10-23 22:22:16,666 [grpc-default-executor-3] INFO  impl.RoleInfo (RoleInfo.java:shutdownFollowerState(121)) - 1c51b35f-55cb-4636-a00c-83d34bf2d9d4: shutdown FollowerState
2019-10-23 22:22:16,666 [grpc-default-executor-0] INFO  impl.RoleInfo (RoleInfo.java:shutdownFollowerState(121)) - d21ee1f1-33f6-483c-a18b-27782ce1915a: shutdown FollowerState
2019-10-23 22:22:16,667 [Thread-1978] INFO  impl.FollowerState (FollowerState.java:run(117)) - 1c51b35f-55cb-4636-a00c-83d34bf2d9d4@group-F043E0AED0ED-FollowerState was interrupted: java.lang.InterruptedException: sleep interrupted
2019-10-23 22:22:16,667 [grpc-default-executor-3] INFO  impl.RoleInfo (RoleInfo.java:updateAndGet(143)) - 1c51b35f-55cb-4636-a00c-83d34bf2d9d4: start FollowerState
2019-10-23 22:22:16,667 [Thread-1979] INFO  impl.FollowerState (FollowerState.java:run(117)) - d21ee1f1-33f6-483c-a18b-27782ce1915a@group-F043E0AED0ED-FollowerState was interrupted: java.lang.InterruptedException: sleep interrupted
2019-10-23 22:22:16,667 [grpc-default-executor-0] INFO  impl.RoleInfo (RoleInfo.java:updateAndGet(143)) - d21ee1f1-33f6-483c-a18b-27782ce1915a: start FollowerState
2019-10-23 22:22:16,680 [aed1b97f-105e-4684-b087-4b6333aa3ced@group-F043E0AED0ED-LeaderElection260] INFO  impl.LeaderElection (LeaderElection.java:logAndReturn(56)) - aed1b97f-105e-4684-b087-4b6333aa3ced@group-F043E0AED0ED-LeaderElection260: Election REJECTED; received 2 response(s) [aed1b97f-105e-4684-b087-4b6333aa3ced<-1c51b35f-55cb-4636-a00c-83d34bf2d9d4#0:FAIL-t290, aed1b97f-105e-4684-b087-4b6333aa3ced<-d21ee1f1-33f6-483c-a18b-27782ce1915a#0:FAIL-t290] and 0 exception(s); aed1b97f-105e-4684-b087-4b6333aa3ced@group-F043E0AED0ED:t290, leader=null, voted=aed1b97f-105e-4684-b087-4b6333aa3ced, raftlog=aed1b97f-105e-4684-b087-4b6333aa3ced@group-F043E0AED0ED-SegmentedRaftLog:OPENED:c-1,f-1,i0, conf=-1: [aed1b97f-105e-4684-b087-4b6333aa3ced:192.168.157.195:34943, 1c51b35f-55cb-4636-a00c-83d34bf2d9d4:192.168.157.195:34693, d21ee1f1-33f6-483c-a18b-27782ce1915a:192.168.157.195:46462], old=null
2019-10-23 22:22:16,680 [aed1b97f-105e-4684-b087-4b6333aa3ced@group-F043E0AED0ED-LeaderElection260] INFO  impl.RaftServerImpl (RaftServerImpl.java:setRole(184)) - aed1b97f-105e-4684-b087-4b6333aa3ced@group-F043E0AED0ED: changes role from CANDIDATE to FOLLOWER at term 290 for DISCOVERED_A_NEW_TERM
2019-10-23 22:22:16,680 [aed1b97f-105e-4684-b087-4b6333aa3ced@group-F043E0AED0ED-LeaderElection260] INFO  impl.RoleInfo (RoleInfo.java:shutdownLeaderElection(134)) - aed1b97f-105e-4684-b087-4b6333aa3ced: shutdown LeaderElection
2019-10-23 22:22:16,681 [aed1b97f-105e-4684-b087-4b6333aa3ced@group-F043E0AED0ED-LeaderElection260] INFO  impl.RoleInfo (RoleInfo.java:updateAndGet(143)) - aed1b97f-105e-4684-b087-4b6333aa3ced: start FollowerState
2019-10-23 22:22:16,807 [Thread-1986] INFO  impl.FollowerState (FollowerState.java:run(108)) - aed1b97f-105e-4684-b087-4b6333aa3ced@group-F043E0AED0ED-FollowerState: change to CANDIDATE, lastRpcTime:126ms, electionTimeout:126ms
2019-10-23 22:22:16,808 [Thread-1986] INFO  impl.RoleInfo (RoleInfo.java:shutdownFollowerState(121)) - aed1b97f-105e-4684-b087-4b6333aa3ced: shutdown FollowerState
2019-10-23 22:22:16,808 [Thread-1986] INFO  impl.RaftServerImpl (RaftServerImpl.java:setRole(184)) - aed1b97f-105e-4684-b087-4b6333aa3ced@group-F043E0AED0ED: changes role from  FOLLOWER to CANDIDATE at term 290 for changeToCandidate
2019-10-23 22:22:16,809 [Thread-1986] INFO  impl.RoleInfo (RoleInfo.java:updateAndGet(143)) - aed1b97f-105e-4684-b087-4b6333aa3ced: start LeaderElection
2019-10-23 22:22:16,824 [aed1b97f-105e-4684-b087-4b6333aa3ced@group-F043E0AED0ED-LeaderElection261] INFO  impl.LeaderElection (LeaderElection.java:askForVotes(178)) - aed1b97f-105e-4684-b087-4b6333aa3ced@group-F043E0AED0ED-LeaderElection261: begin an election at term 291 for -1: [aed1b97f-105e-4684-b087-4b6333aa3ced:192.168.157.195:34943, 1c51b35f-55cb-4636-a00c-83d34bf2d9d4:192.168.157.195:34693, d21ee1f1-33f6-483c-a18b-27782ce1915a:192.168.157.195:46462], old=null
2019-10-23 22:22:16,825 [aed1b97f-105e-4684-b087-4b6333aa3ced@group-F043E0AED0ED-LeaderElection261] INFO  impl.LeaderElection (LeaderElection.java:logAndReturn(56)) - aed1b97f-105e-4684-b087-4b6333aa3ced@group-F043E0AED0ED-LeaderElection261: Election TIMEOUT; received 0 response(s) [] and 0 exception(s); aed1b97f-105e-4684-b087-4b6333aa3ced@group-F043E0AED0ED:t291, leader=null, voted=aed1b97f-105e-4684-b087-4b6333aa3ced, raftlog=aed1b97f-105e-4684-b087-4b6333aa3ced@group-F043E0AED0ED-SegmentedRaftLog:OPENED:c-1,f-1,i0, conf=-1: [aed1b97f-105e-4684-b087-4b6333aa3ced:192.168.157.195:34943, 1c51b35f-55cb-4636-a00c-83d34bf2d9d4:192.168.157.195:34693, d21ee1f1-33f6-483c-a18b-27782ce1915a:192.168.157.195:46462], old=null
2019-10-23 22:22:16,831 [grpc-default-executor-3] INFO  impl.RaftServerImpl (RaftServerImpl.java:setRole(184)) - 1c51b35f-55cb-4636-a00c-83d34bf2d9d4@group-F043E0AED0ED: changes role from  FOLLOWER to FOLLOWER at term 291 for recognizeCandidate:aed1b97f-105e-4684-b087-4b6333aa3ced
2019-10-23 22:22:16,831 [grpc-default-executor-0] INFO  impl.RaftServerImpl (RaftServerImpl.java:setRole(184)) - d21ee1f1-33f6-483c-a18b-27782ce1915a@group-F043E0AED0ED: changes role from  FOLLOWER to FOLLOWER at term 291 for recognizeCandidate:aed1b97f-105e-4684-b087-4b6333aa3ced
2019-10-23 22:22:16,832 [grpc-default-executor-3] INFO  impl.RoleInfo (RoleInfo.java:shutdownFollowerState(121)) - 1c51b35f-55cb-4636-a00c-83d34bf2d9d4: shutdown FollowerState
2019-10-23 22:22:16,832 [grpc-default-executor-0] INFO  impl.RoleInfo (RoleInfo.java:shutdownFollowerState(121)) - d21ee1f1-33f6-483c-a18b-27782ce1915a: shutdown FollowerState
2019-10-23 22:22:16,832 [grpc-default-executor-3] INFO  impl.RoleInfo (RoleInfo.java:updateAndGet(143)) - 1c51b35f-55cb-4636-a00c-83d34bf2d9d4: start FollowerState
2019-10-23 22:22:16,832 [Thread-1984] INFO  impl.FollowerState (FollowerState.java:run(117)) - 1c51b35f-55cb-4636-a00c-83d34bf2d9d4@group-F043E0AED0ED-FollowerState was interrupted: java.lang.InterruptedException: sleep interrupted
2019-10-23 22:22:16,832 [grpc-default-executor-0] INFO  impl.RoleInfo (RoleInfo.java:updateAndGet(143)) - d21ee1f1-33f6-483c-a18b-27782ce1915a: start FollowerState
2019-10-23 22:22:16,832 [Thread-1985] INFO  impl.FollowerState (FollowerState.java:run(117)) - d21ee1f1-33f6-483c-a18b-27782ce1915a@group-F043E0AED0ED-FollowerState was interrupted: java.lang.InterruptedException: sleep interrupted
2019-10-23 22:22:16,839 [aed1b97f-105e-4684-b087-4b6333aa3ced@group-F043E0AED0ED-LeaderElection261] INFO  impl.LeaderElection (LeaderElection.java:askForVotes(178)) - aed1b97f-105e-4684-b087-4b6333aa3ced@group-F043E0AED0ED-LeaderElection261: begin an election at term 292 for -1: [aed1b97f-105e-4684-b087-4b6333aa3ced:192.168.157.195:34943, 1c51b35f-55cb-4636-a00c-83d34bf2d9d4:192.168.157.195:34693, d21ee1f1-33f6-483c-a18b-27782ce1915a:192.168.157.195:46462], old=null
2019-10-23 22:22:16,841 [grpc-default-executor-0] INFO  impl.RaftServerImpl (RaftServerImpl.java:setRole(184)) - d21ee1f1-33f6-483c-a18b-27782ce1915a@group-F043E0AED0ED: changes role from  FOLLOWER to FOLLOWER at term 292 for recognizeCandidate:aed1b97f-105e-4684-b087-4b6333aa3ced
2019-10-23 22:22:16,841 [grpc-default-executor-3] INFO  impl.RaftServerImpl (RaftServerImpl.java:setRole(184)) - 1c51b35f-55cb-4636-a00c-83d34bf2d9d4@group-F043E0AED0ED: changes role from  FOLLOWER to FOLLOWER at term 292 for recognizeCandidate:aed1b97f-105e-4684-b087-4b6333aa3ced
2019-10-23 22:22:16,841 [grpc-default-executor-0] INFO  impl.RoleInfo (RoleInfo.java:shutdownFollowerState(121)) - d21ee1f1-33f6-483c-a18b-27782ce1915a: shutdown FollowerState
2019-10-23 22:22:16,841 [grpc-default-executor-3] INFO  impl.RoleInfo (RoleInfo.java:shutdownFollowerState(121)) - 1c51b35f-55cb-4636-a00c-83d34bf2d9d4: shutdown FollowerState
2019-10-23 22:22:16,842 [Thread-1991] INFO  impl.FollowerState (FollowerState.java:run(117)) - d21ee1f1-33f6-483c-a18b-27782ce1915a@group-F043E0AED0ED-FollowerState was interrupted: java.lang.InterruptedException: sleep interrupted
2019-10-23 22:22:16,842 [grpc-default-executor-0] INFO  impl.RoleInfo (RoleInfo.java:updateAndGet(143)) - d21ee1f1-33f6-483c-a18b-27782ce1915a: start FollowerState
2019-10-23 22:22:16,842 [Thread-1990] INFO  impl.FollowerState (FollowerState.java:run(117)) - 1c51b35f-55cb-4636-a00c-83d34bf2d9d4@group-F043E0AED0ED-FollowerState was interrupted: java.lang.InterruptedException: sleep interrupted
2019-10-23 22:22:16,842 [grpc-default-executor-3] INFO  impl.RoleInfo (RoleInfo.java:updateAndGet(143)) - 1c51b35f-55cb-4636-a00c-83d34bf2d9d4: start FollowerState
2019-10-23 22:22:16,857 [aed1b97f-105e-4684-b087-4b6333aa3ced@group-F043E0AED0ED-LeaderElection261] INFO  impl.LeaderElection (LeaderElection.java:logAndReturn(56)) - aed1b97f-105e-4684-b087-4b6333aa3ced@group-F043E0AED0ED-LeaderElection261: Election REJECTED; received 2 response(s) [aed1b97f-105e-4684-b087-4b6333aa3ced<-1c51b35f-55cb-4636-a00c-83d34bf2d9d4#0:FAIL-t292, aed1b97f-105e-4684-b087-4b6333aa3ced<-d21ee1f1-33f6-483c-a18b-27782ce1915a#0:FAIL-t292] and 0 exception(s); aed1b97f-105e-4684-b087-4b6333aa3ced@group-F043E0AED0ED:t292, leader=null, voted=aed1b97f-105e-4684-b087-4b6333aa3ced, raftlog=aed1b97f-105e-4684-b087-4b6333aa3ced@group-F043E0AED0ED-SegmentedRaftLog:OPENED:c-1,f-1,i0, conf=-1: [aed1b97f-105e-4684-b087-4b6333aa3ced:192.168.157.195:34943, 1c51b35f-55cb-4636-a00c-83d34bf2d9d4:192.168.157.195:34693, d21ee1f1-33f6-483c-a18b-27782ce1915a:192.168.157.195:46462], old=null
2019-10-23 22:22:16,857 [aed1b97f-105e-4684-b087-4b6333aa3ced@group-F043E0AED0ED-LeaderElection261] INFO  impl.RaftServerImpl (RaftServerImpl.java:setRole(184)) - aed1b97f-105e-4684-b087-4b6333aa3ced@group-F043E0AED0ED: changes role from CANDIDATE to FOLLOWER at term 292 for DISCOVERED_A_NEW_TERM
2019-10-23 22:22:16,857 [aed1b97f-105e-4684-b087-4b6333aa3ced@group-F043E0AED0ED-LeaderElection261] INFO  impl.RoleInfo (RoleInfo.java:shutdownLeaderElection(134)) - aed1b97f-105e-4684-b087-4b6333aa3ced: shutdown LeaderElection
2019-10-23 22:22:16,857 [aed1b97f-105e-4684-b087-4b6333aa3ced@group-F043E0AED0ED-LeaderElection261] INFO  impl.RoleInfo (RoleInfo.java:updateAndGet(143)) - aed1b97f-105e-4684-b087-4b6333aa3ced: start FollowerState
2019-10-23 22:22:17,025 [Thread-1996] INFO  impl.FollowerState (FollowerState.java:run(108)) - aed1b97f-105e-4684-b087-4b6333aa3ced@group-F043E0AED0ED-FollowerState: change to CANDIDATE, lastRpcTime:168ms, electionTimeout:168ms
2019-10-23 22:22:17,026 [Thread-1996] INFO  impl.RoleInfo (RoleInfo.java:shutdownFollowerState(121)) - aed1b97f-105e-4684-b087-4b6333aa3ced: shutdown FollowerState
2019-10-23 22:22:17,026 [Thread-1996] INFO  impl.RaftServerImpl (RaftServerImpl.java:setRole(184)) - aed1b97f-105e-4684-b087-4b6333aa3ced@group-F043E0AED0ED: changes role from  FOLLOWER to CANDIDATE at term 292 for changeToCandidate
2019-10-23 22:22:17,026 [Thread-1996] INFO  impl.RoleInfo (RoleInfo.java:updateAndGet(143)) - aed1b97f-105e-4684-b087-4b6333aa3ced: start LeaderElection
2019-10-23 22:22:17,040 [aed1b97f-105e-4684-b087-4b6333aa3ced@group-F043E0AED0ED-LeaderElection262] INFO  impl.LeaderElection (LeaderElection.java:askForVotes(178)) - aed1b97f-105e-4684-b087-4b6333aa3ced@group-F043E0AED0ED-LeaderElection262: begin an election at term 293 for -1: [aed1b97f-105e-4684-b087-4b6333aa3ced:192.168.157.195:34943, 1c51b35f-55cb-4636-a00c-83d34bf2d9d4:192.168.157.195:34693, d21ee1f1-33f6-483c-a18b-27782ce1915a:192.168.157.195:46462], old=null
2019-10-23 22:22:17,043 [grpc-default-executor-0] INFO  impl.RaftServerImpl (RaftServerImpl.java:setRole(184)) - d21ee1f1-33f6-483c-a18b-27782ce1915a@group-F043E0AED0ED: changes role from  FOLLOWER to FOLLOWER at term 293 for recognizeCandidate:aed1b97f-105e-4684-b087-4b6333aa3ced
2019-10-23 22:22:17,043 [grpc-default-executor-3] INFO  impl.RaftServerImpl (RaftServerImpl.java:setRole(184)) - 1c51b35f-55cb-4636-a00c-83d34bf2d9d4@group-F043E0AED0ED: changes role from  FOLLOWER to FOLLOWER at term 293 for recognizeCandidate:aed1b97f-105e-4684-b087-4b6333aa3ced
2019-10-23 22:22:17,043 [grpc-default-executor-0] INFO  impl.RoleInfo (RoleInfo.java:shutdownFollowerState(121)) - d21ee1f1-33f6-483c-a18b-27782ce1915a: shutdown FollowerState
2019-10-23 22:22:17,043 [grpc-default-executor-3] INFO  impl.RoleInfo (RoleInfo.java:shutdownFollowerState(121)) - 1c51b35f-55cb-4636-a00c-83d34bf2d9d4: shutdown FollowerState
2019-10-23 22:22:17,043 [Thread-1994] INFO  impl.FollowerState (FollowerState.java:run(117)) - d21ee1f1-33f6-483c-a18b-27782ce1915a@group-F043E0AED0ED-FollowerState was interrupted: java.lang.InterruptedException: sleep interrupted
2019-10-23 22:22:17,043 [grpc-default-executor-0] INFO  impl.RoleInfo (RoleInfo.java:updateAndGet(143)) - d21ee1f1-33f6-483c-a18b-27782ce1915a: start FollowerState
2019-10-23 22:22:17,043 [Thread-1995] INFO  impl.FollowerState (FollowerState.java:run(117)) - 1c51b35f-55cb-4636-a00c-83d34bf2d9d4@group-F043E0AED0ED-FollowerState was interrupted: java.lang.InterruptedException: sleep interrupted
2019-10-23 22:22:17,043 [grpc-default-executor-3] INFO  impl.RoleInfo (RoleInfo.java:updateAndGet(143)) - 1c51b35f-55cb-4636-a00c-83d34bf2d9d4: start FollowerState
2019-10-23 22:22:17,058 [aed1b97f-105e-4684-b087-4b6333aa3ced@group-F043E0AED0ED-LeaderElection262] INFO  impl.LeaderElection (LeaderElection.java:logAndReturn(56)) - aed1b97f-105e-4684-b087-4b6333aa3ced@group-F043E0AED0ED-LeaderElection262: Election REJECTED; received 2 response(s) [aed1b97f-105e-4684-b087-4b6333aa3ced<-1c51b35f-55cb-4636-a00c-83d34bf2d9d4#0:FAIL-t293, aed1b97f-105e-4684-b087-4b6333aa3ced<-d21ee1f1-33f6-483c-a18b-27782ce1915a#0:FAIL-t293] and 0 exception(s); aed1b97f-105e-4684-b087-4b6333aa3ced@group-F043E0AED0ED:t293, leader=null, voted=aed1b97f-105e-4684-b087-4b6333aa3ced, raftlog=aed1b97f-105e-4684-b087-4b6333aa3ced@group-F043E0AED0ED-SegmentedRaftLog:OPENED:c-1,f-1,i0, conf=-1: [aed1b97f-105e-4684-b087-4b6333aa3ced:192.168.157.195:34943, 1c51b35f-55cb-4636-a00c-83d34bf2d9d4:192.168.157.195:34693, d21ee1f1-33f6-483c-a18b-27782ce1915a:192.168.157.195:46462], old=null
2019-10-23 22:22:17,058 [aed1b97f-105e-4684-b087-4b6333aa3ced@group-F043E0AED0ED-LeaderElection262] INFO  impl.RaftServerImpl (RaftServerImpl.java:setRole(184)) - aed1b97f-105e-4684-b087-4b6333aa3ced@group-F043E0AED0ED: changes role from CANDIDATE to FOLLOWER at term 293 for DISCOVERED_A_NEW_TERM
2019-10-23 22:22:17,058 [aed1b97f-105e-4684-b087-4b6333aa3ced@group-F043E0AED0ED-LeaderElection262] INFO  impl.RoleInfo (RoleInfo.java:shutdownLeaderElection(134)) - aed1b97f-105e-4684-b087-4b6333aa3ced: shutdown LeaderElection
2019-10-23 22:22:17,058 [aed1b97f-105e-4684-b087-4b6333aa3ced@group-F043E0AED0ED-LeaderElection262] INFO  impl.RoleInfo (RoleInfo.java:updateAndGet(143)) - aed1b97f-105e-4684-b087-4b6333aa3ced: start FollowerState
2019-10-23 22:22:17,154 [Thread-2002] INFO  impl.FollowerState (FollowerState.java:run(108)) - aed1b97f-105e-4684-b087-4b6333aa3ced@group-F043E0AED0ED-FollowerState: change to CANDIDATE, lastRpcTime:95ms, electionTimeout:95ms
2019-10-23 22:22:17,154 [Thread-2002] INFO  impl.RoleInfo (RoleInfo.java:shutdownFollowerState(121)) - aed1b97f-105e-4684-b087-4b6333aa3ced: shutdown FollowerState
2019-10-23 22:22:17,155 [Thread-2002] INFO  impl.RaftServerImpl (RaftServerImpl.java:setRole(184)) - aed1b97f-105e-4684-b087-4b6333aa3ced@group-F043E0AED0ED: changes role from  FOLLOWER to CANDIDATE at term 293 for changeToCandidate
2019-10-23 22:22:17,155 [Thread-2002] INFO  impl.RoleInfo (RoleInfo.java:updateAndGet(143)) - aed1b97f-105e-4684-b087-4b6333aa3ced: start LeaderElection
2019-10-23 22:22:17,169 [aed1b97f-105e-4684-b087-4b6333aa3ced@group-F043E0AED0ED-LeaderElection263] INFO  impl.LeaderElection (LeaderElection.java:askForVotes(178)) - aed1b97f-105e-4684-b087-4b6333aa3ced@group-F043E0AED0ED-LeaderElection263: begin an election at term 294 for -1: [aed1b97f-105e-4684-b087-4b6333aa3ced:192.168.157.195:34943, 1c51b35f-55cb-4636-a00c-83d34bf2d9d4:192.168.157.195:34693, d21ee1f1-33f6-483c-a18b-27782ce1915a:192.168.157.195:46462], old=null
2019-10-23 22:22:17,171 [grpc-default-executor-3] INFO  impl.RaftServerImpl (RaftServerImpl.java:setRole(184)) - 1c51b35f-55cb-4636-a00c-83d34bf2d9d4@group-F043E0AED0ED: changes role from  FOLLOWER to FOLLOWER at term 294 for recognizeCandidate:aed1b97f-105e-4684-b087-4b6333aa3ced
2019-10-23 22:22:17,171 [grpc-default-executor-0] INFO  impl.RaftServerImpl (RaftServerImpl.java:setRole(184)) - d21ee1f1-33f6-483c-a18b-27782ce1915a@group-F043E0AED0ED: changes role from  FOLLOWER to FOLLOWER at term 294 for recognizeCandidate:aed1b97f-105e-4684-b087-4b6333aa3ced
2019-10-23 22:22:17,171 [grpc-default-executor-3] INFO  impl.RoleInfo (RoleInfo.java:shutdownFollowerState(121)) - 1c51b35f-55cb-4636-a00c-83d34bf2d9d4: shutdown FollowerState
2019-10-23 22:22:17,171 [grpc-default-executor-0] INFO  impl.RoleInfo (RoleInfo.java:shutdownFollowerState(121)) - d21ee1f1-33f6-483c-a18b-27782ce1915a: shutdown FollowerState
2019-10-23 22:22:17,172 [Thread-2001] INFO  impl.FollowerState (FollowerState.java:run(117)) - 1c51b35f-55cb-4636-a00c-83d34bf2d9d4@group-F043E0AED0ED-FollowerState was interrupted: java.lang.InterruptedException: sleep interrupted
2019-10-23 22:22:17,172 [Thread-2000] INFO  impl.FollowerState (FollowerState.java:run(117)) - d21ee1f1-33f6-483c-a18b-27782ce1915a@group-F043E0AED0ED-FollowerState was interrupted: java.lang.InterruptedException: sleep interrupted
2019-10-23 22:22:17,172 [grpc-default-executor-3] INFO  impl.RoleInfo (RoleInfo.java:updateAndGet(143)) - 1c51b35f-55cb-4636-a00c-83d34bf2d9d4: start FollowerState
2019-10-23 22:22:17,172 [grpc-default-executor-0] INFO  impl.RoleInfo (RoleInfo.java:updateAndGet(143)) - d21ee1f1-33f6-483c-a18b-27782ce1915a: start FollowerState
2019-10-23 22:22:17,187 [aed1b97f-105e-4684-b087-4b6333aa3ced@group-F043E0AED0ED-LeaderElection263] INFO  impl.LeaderElection (LeaderElection.java:logAndReturn(56)) - aed1b97f-105e-4684-b087-4b6333aa3ced@group-F043E0AED0ED-LeaderElection263: Election REJECTED; received 2 response(s) [aed1b97f-105e-4684-b087-4b6333aa3ced<-1c51b35f-55cb-4636-a00c-83d34bf2d9d4#0:FAIL-t294, aed1b97f-105e-4684-b087-4b6333aa3ced<-d21ee1f1-33f6-483c-a18b-27782ce1915a#0:FAIL-t294] and 0 exception(s); aed1b97f-105e-4684-b087-4b6333aa3ced@group-F043E0AED0ED:t294, leader=null, voted=aed1b97f-105e-4684-b087-4b6333aa3ced, raftlog=aed1b97f-105e-4684-b087-4b6333aa3ced@group-F043E0AED0ED-SegmentedRaftLog:OPENED:c-1,f-1,i0, conf=-1: [aed1b97f-105e-4684-b087-4b6333aa3ced:192.168.157.195:34943, 1c51b35f-55cb-4636-a00c-83d34bf2d9d4:192.168.157.195:34693, d21ee1f1-33f6-483c-a18b-27782ce1915a:192.168.157.195:46462], old=null
2019-10-23 22:22:17,187 [aed1b97f-105e-4684-b087-4b6333aa3ced@group-F043E0AED0ED-LeaderElection263] INFO  impl.RaftServerImpl (RaftServerImpl.java:setRole(184)) - aed1b97f-105e-4684-b087-4b6333aa3ced@group-F043E0AED0ED: changes role from CANDIDATE to FOLLOWER at term 294 for DISCOVERED_A_NEW_TERM
2019-10-23 22:22:17,187 [aed1b97f-105e-4684-b087-4b6333aa3ced@group-F043E0AED0ED-LeaderElection263] INFO  impl.RoleInfo (RoleInfo.java:shutdownLeaderElection(134)) - aed1b97f-105e-4684-b087-4b6333aa3ced: shutdown LeaderElection
2019-10-23 22:22:17,187 [aed1b97f-105e-4684-b087-4b6333aa3ced@group-F043E0AED0ED-LeaderElection263] INFO  impl.RoleInfo (RoleInfo.java:updateAndGet(143)) - aed1b97f-105e-4684-b087-4b6333aa3ced: start FollowerState
2019-10-23 22:22:17,298 [Thread-2008] INFO  impl.FollowerState (FollowerState.java:run(108)) - aed1b97f-105e-4684-b087-4b6333aa3ced@group-F043E0AED0ED-FollowerState: change to CANDIDATE, lastRpcTime:110ms, electionTimeout:110ms
2019-10-23 22:22:17,298 [Thread-2008] INFO  impl.RoleInfo (RoleInfo.java:shutdownFollowerState(121)) - aed1b97f-105e-4684-b087-4b6333aa3ced: shutdown FollowerState
2019-10-23 22:22:17,298 [Thread-2008] INFO  impl.RaftServerImpl (RaftServerImpl.java:setRole(184)) - aed1b97f-105e-4684-b087-4b6333aa3ced@group-F043E0AED0ED: changes role from  FOLLOWER to CANDIDATE at term 294 for changeToCandidate
2019-10-23 22:22:17,298 [Thread-2008] INFO  impl.RoleInfo (RoleInfo.java:updateAndGet(143)) - aed1b97f-105e-4684-b087-4b6333aa3ced: start LeaderElection
2019-10-23 22:22:17,312 [aed1b97f-105e-4684-b087-4b6333aa3ced@group-F043E0AED0ED-LeaderElection264] INFO  impl.LeaderElection (LeaderElection.java:askForVotes(178)) - aed1b97f-105e-4684-b087-4b6333aa3ced@group-F043E0AED0ED-LeaderElection264: begin an election at term 295 for -1: [aed1b97f-105e-4684-b087-4b6333aa3ced:192.168.157.195:34943, 1c51b35f-55cb-4636-a00c-83d34bf2d9d4:192.168.157.195:34693, d21ee1f1-33f6-483c-a18b-27782ce1915a:192.168.157.195:46462], old=null
2019-10-23 22:22:17,314 [grpc-default-executor-3] INFO  impl.RaftServerImpl (RaftServerImpl.java:setRole(184)) - 1c51b35f-55cb-4636-a00c-83d34bf2d9d4@group-F043E0AED0ED: changes role from  FOLLOWER to FOLLOWER at term 295 for recognizeCandidate:aed1b97f-105e-4684-b087-4b6333aa3ced
2019-10-23 22:22:17,314 [grpc-default-executor-3] INFO  impl.RoleInfo (RoleInfo.java:shutdownFollowerState(121)) - 1c51b35f-55cb-4636-a00c-83d34bf2d9d4: shutdown FollowerState
2019-10-23 22:22:17,314 [grpc-default-executor-3] INFO  impl.RoleInfo (RoleInfo.java:updateAndGet(143)) - 1c51b35f-55cb-4636-a00c-83d34bf2d9d4: start FollowerState
2019-10-23 22:22:17,314 [Thread-2006] INFO  impl.FollowerState (FollowerState.java:run(117)) - 1c51b35f-55cb-4636-a00c-83d34bf2d9d4@group-F043E0AED0ED-FollowerState was interrupted: java.lang.InterruptedException: sleep interrupted
2019-10-23 22:22:17,314 [grpc-default-executor-0] INFO  impl.RaftServerImpl (RaftServerImpl.java:setRole(184)) - d21ee1f1-33f6-483c-a18b-27782ce1915a@group-F043E0AED0ED: changes role from  FOLLOWER to FOLLOWER at term 295 for recognizeCandidate:aed1b97f-105e-4684-b087-4b6333aa3ced
2019-10-23 22:22:17,314 [grpc-default-executor-0] INFO  impl.RoleInfo (RoleInfo.java:shutdownFollowerState(121)) - d21ee1f1-33f6-483c-a18b-27782ce1915a: shutdown FollowerState
2019-10-23 22:22:17,315 [grpc-default-executor-0] INFO  impl.RoleInfo (RoleInfo.java:updateAndGet(143)) - d21ee1f1-33f6-483c-a18b-27782ce1915a: start FollowerState
2019-10-23 22:22:17,315 [Thread-2007] INFO  impl.FollowerState (FollowerState.java:run(117)) - d21ee1f1-33f6-483c-a18b-27782ce1915a@group-F043E0AED0ED-FollowerState was interrupted: java.lang.InterruptedException: sleep interrupted
2019-10-23 22:22:17,328 [aed1b97f-105e-4684-b087-4b6333aa3ced@group-F043E0AED0ED-LeaderElection264] INFO  impl.LeaderElection (LeaderElection.java:logAndReturn(56)) - aed1b97f-105e-4684-b087-4b6333aa3ced@group-F043E0AED0ED-LeaderElection264: Election REJECTED; received 2 response(s) [aed1b97f-105e-4684-b087-4b6333aa3ced<-1c51b35f-55cb-4636-a00c-83d34bf2d9d4#0:FAIL-t295, aed1b97f-105e-4684-b087-4b6333aa3ced<-d21ee1f1-33f6-483c-a18b-27782ce1915a#0:FAIL-t295] and 0 exception(s); aed1b97f-105e-4684-b087-4b6333aa3ced@group-F043E0AED0ED:t295, leader=null, voted=aed1b97f-105e-4684-b087-4b6333aa3ced, raftlog=aed1b97f-105e-4684-b087-4b6333aa3ced@group-F043E0AED0ED-SegmentedRaftLog:OPENED:c-1,f-1,i0, conf=-1: [aed1b97f-105e-4684-b087-4b6333aa3ced:192.168.157.195:34943, 1c51b35f-55cb-4636-a00c-83d34bf2d9d4:192.168.157.195:34693, d21ee1f1-33f6-483c-a18b-27782ce1915a:192.168.157.195:46462], old=null
2019-10-23 22:22:17,329 [aed1b97f-105e-4684-b087-4b6333aa3ced@group-F043E0AED0ED-LeaderElection264] INFO  impl.RaftServerImpl (RaftServerImpl.java:setRole(184)) - aed1b97f-105e-4684-b087-4b6333aa3ced@group-F043E0AED0ED: changes role from CANDIDATE to FOLLOWER at term 295 for DISCOVERED_A_NEW_TERM
2019-10-23 22:22:17,329 [aed1b97f-105e-4684-b087-4b6333aa3ced@group-F043E0AED0ED-LeaderElection264] INFO  impl.RoleInfo (RoleInfo.java:shutdownLeaderElection(134)) - aed1b97f-105e-4684-b087-4b6333aa3ced: shutdown LeaderElection
2019-10-23 22:22:17,329 [aed1b97f-105e-4684-b087-4b6333aa3ced@group-F043E0AED0ED-LeaderElection264] INFO  impl.RoleInfo (RoleInfo.java:updateAndGet(143)) - aed1b97f-105e-4684-b087-4b6333aa3ced: start FollowerState
2019-10-23 22:22:17,368 [Thread-2016] INFO  impl.FollowerState (FollowerState.java:run(108)) - aed1b97f-105e-4684-b087-4b6333aa3ced@group-F043E0AED0ED-FollowerState: change to CANDIDATE, lastRpcTime:39ms, electionTimeout:39ms
2019-10-23 22:22:17,368 [Thread-2016] INFO  impl.RoleInfo (RoleInfo.java:shutdownFollowerState(121)) - aed1b97f-105e-4684-b087-4b6333aa3ced: shutdown FollowerState
2019-10-23 22:22:17,368 [Thread-2016] INFO  impl.RaftServerImpl (RaftServerImpl.java:setRole(184)) - aed1b97f-105e-4684-b087-4b6333aa3ced@group-F043E0AED0ED: changes role from  FOLLOWER to CANDIDATE at term 295 for changeToCandidate
2019-10-23 22:22:17,369 [Thread-2016] INFO  impl.RoleInfo (RoleInfo.java:updateAndGet(143)) - aed1b97f-105e-4684-b087-4b6333aa3ced: start LeaderElection
2019-10-23 22:22:17,382 [aed1b97f-105e-4684-b087-4b6333aa3ced@group-F043E0AED0ED-LeaderElection265] INFO  impl.LeaderElection (LeaderElection.java:askForVotes(178)) - aed1b97f-105e-4684-b087-4b6333aa3ced@group-F043E0AED0ED-LeaderElection265: begin an election at term 296 for -1: [aed1b97f-105e-4684-b087-4b6333aa3ced:192.168.157.195:34943, 1c51b35f-55cb-4636-a00c-83d34bf2d9d4:192.168.157.195:34693, d21ee1f1-33f6-483c-a18b-27782ce1915a:192.168.157.195:46462], old=null
2019-10-23 22:22:17,384 [grpc-default-executor-0] INFO  impl.RaftServerImpl (RaftServerImpl.java:setRole(184)) - 1c51b35f-55cb-4636-a00c-83d34bf2d9d4@group-F043E0AED0ED: changes role from  FOLLOWER to FOLLOWER at term 296 for recognizeCandidate:aed1b97f-105e-4684-b087-4b6333aa3ced
2019-10-23 22:22:17,384 [grpc-default-executor-0] INFO  impl.RoleInfo (RoleInfo.java:shutdownFollowerState(121)) - 1c51b35f-55cb-4636-a00c-83d34bf2d9d4: shutdown FollowerState
2019-10-23 22:22:17,384 [grpc-default-executor-3] INFO  impl.RaftServerImpl (RaftServerImpl.java:setRole(184)) - d21ee1f1-33f6-483c-a18b-27782ce1915a@group-F043E0AED0ED: changes role from  FOLLOWER to FOLLOWER at term 296 for recognizeCandidate:aed1b97f-105e-4684-b087-4b6333aa3ced
2019-10-23 22:22:17,385 [Thread-2014] INFO  impl.FollowerState (FollowerState.java:run(117)) - 1c51b35f-55cb-4636-a00c-83d34bf2d9d4@group-F043E0AED0ED-FollowerState was interrupted: java.lang.InterruptedException: sleep interrupted
2019-10-23 22:22:17,385 [grpc-default-executor-0] INFO  impl.RoleInfo (RoleInfo.java:updateAndGet(143)) - 1c51b35f-55cb-4636-a00c-83d34bf2d9d4: start FollowerState
2019-10-23 22:22:17,385 [grpc-default-executor-3] INFO  impl.RoleInfo (RoleInfo.java:shutdownFollowerState(121)) - d21ee1f1-33f6-483c-a18b-27782ce1915a: shutdown FollowerState
2019-10-23 22:22:17,385 [grpc-default-executor-3] INFO  impl.RoleInfo (RoleInfo.java:updateAndGet(143)) - d21ee1f1-33f6-483c-a18b-27782ce1915a: start FollowerState
2019-10-23 22:22:17,385 [Thread-2015] INFO  impl.FollowerState (FollowerState.java:run(117)) - d21ee1f1-33f6-483c-a18b-27782ce1915a@group-F043E0AED0ED-FollowerState was interrupted: java.lang.InterruptedException: sleep interrupted
2019-10-23 22:22:17,399 [aed1b97f-105e-4684-b087-4b6333aa3ced@group-F043E0AED0ED-LeaderElection265] INFO  impl.LeaderElection (LeaderElection.java:logAndReturn(56)) - aed1b97f-105e-4684-b087-4b6333aa3ced@group-F043E0AED0ED-LeaderElection265: Election REJECTED; received 2 response(s) [aed1b97f-105e-4684-b087-4b6333aa3ced<-1c51b35f-55cb-4636-a00c-83d34bf2d9d4#0:FAIL-t296, aed1b97f-105e-4684-b087-4b6333aa3ced<-d21ee1f1-33f6-483c-a18b-27782ce1915a#0:FAIL-t296] and 0 exception(s); aed1b97f-105e-4684-b087-4b6333aa3ced@group-F043E0AED0ED:t296, leader=null, voted=aed1b97f-105e-4684-b087-4b6333aa3ced, raftlog=aed1b97f-105e-4684-b087-4b6333aa3ced@group-F043E0AED0ED-SegmentedRaftLog:OPENED:c-1,f-1,i0, conf=-1: [aed1b97f-105e-4684-b087-4b6333aa3ced:192.168.157.195:34943, 1c51b35f-55cb-4636-a00c-83d34bf2d9d4:192.168.157.195:34693, d21ee1f1-33f6-483c-a18b-27782ce1915a:192.168.157.195:46462], old=null
2019-10-23 22:22:17,399 [aed1b97f-105e-4684-b087-4b6333aa3ced@group-F043E0AED0ED-LeaderElection265] INFO  impl.RaftServerImpl (RaftServerImpl.java:setRole(184)) - aed1b97f-105e-4684-b087-4b6333aa3ced@group-F043E0AED0ED: changes role from CANDIDATE to FOLLOWER at term 296 for DISCOVERED_A_NEW_TERM
2019-10-23 22:22:17,399 [aed1b97f-105e-4684-b087-4b6333aa3ced@group-F043E0AED0ED-LeaderElection265] INFO  impl.RoleInfo (RoleInfo.java:shutdownLeaderElection(134)) - aed1b97f-105e-4684-b087-4b6333aa3ced: shutdown LeaderElection
2019-10-23 22:22:17,400 [aed1b97f-105e-4684-b087-4b6333aa3ced@group-F043E0AED0ED-LeaderElection265] INFO  impl.RoleInfo (RoleInfo.java:updateAndGet(143)) - aed1b97f-105e-4684-b087-4b6333aa3ced: start FollowerState
2019-10-23 22:22:17,583 [Thread-2022] INFO  impl.FollowerState (FollowerState.java:run(108)) - aed1b97f-105e-4684-b087-4b6333aa3ced@group-F043E0AED0ED-FollowerState: change to CANDIDATE, lastRpcTime:183ms, electionTimeout:183ms
2019-10-23 22:22:17,583 [Thread-2022] INFO  impl.RoleInfo (RoleInfo.java:shutdownFollowerState(121)) - aed1b97f-105e-4684-b087-4b6333aa3ced: shutdown FollowerState
2019-10-23 22:22:17,583 [Thread-2022] INFO  impl.RaftServerImpl (RaftServerImpl.java:setRole(184)) - aed1b97f-105e-4684-b087-4b6333aa3ced@group-F043E0AED0ED: changes role from  FOLLOWER to CANDIDATE at term 296 for changeToCandidate
2019-10-23 22:22:17,583 [Thread-2022] INFO  impl.RoleInfo (RoleInfo.java:updateAndGet(143)) - aed1b97f-105e-4684-b087-4b6333aa3ced: start LeaderElection
2019-10-23 22:22:17,597 [aed1b97f-105e-4684-b087-4b6333aa3ced@group-F043E0AED0ED-LeaderElection266] INFO  impl.LeaderElection (LeaderElection.java:askForVotes(178)) - aed1b97f-105e-4684-b087-4b6333aa3ced@group-F043E0AED0ED-LeaderElection266: begin an election at term 297 for -1: [aed1b97f-105e-4684-b087-4b6333aa3ced:192.168.157.195:34943, 1c51b35f-55cb-4636-a00c-83d34bf2d9d4:192.168.157.195:34693, d21ee1f1-33f6-483c-a18b-27782ce1915a:192.168.157.195:46462], old=null
2019-10-23 22:22:17,599 [grpc-default-executor-0] INFO  impl.RaftServerImpl (RaftServerImpl.java:setRole(184)) - d21ee1f1-33f6-483c-a18b-27782ce1915a@group-F043E0AED0ED: changes role from  FOLLOWER to FOLLOWER at term 297 for recognizeCandidate:aed1b97f-105e-4684-b087-4b6333aa3ced
2019-10-23 22:22:17,599 [grpc-default-executor-3] INFO  impl.RaftServerImpl (RaftServerImpl.java:setRole(184)) - 1c51b35f-55cb-4636-a00c-83d34bf2d9d4@group-F043E0AED0ED: changes role from  FOLLOWER to FOLLOWER at term 297 for recognizeCandidate:aed1b97f-105e-4684-b087-4b6333aa3ced
2019-10-23 22:22:17,599 [grpc-default-executor-0] INFO  impl.RoleInfo (RoleInfo.java:shutdownFollowerState(121)) - d21ee1f1-33f6-483c-a18b-27782ce1915a: shutdown FollowerState
2019-10-23 22:22:17,600 [grpc-default-executor-3] INFO  impl.RoleInfo (RoleInfo.java:shutdownFollowerState(121)) - 1c51b35f-55cb-4636-a00c-83d34bf2d9d4: shutdown FollowerState
2019-10-23 22:22:17,600 [Thread-2021] INFO  impl.FollowerState (FollowerState.java:run(117)) - d21ee1f1-33f6-483c-a18b-27782ce1915a@group-F043E0AED0ED-FollowerState was interrupted: java.lang.InterruptedException: sleep interrupted
2019-10-23 22:22:17,600 [Thread-2020] INFO  impl.FollowerState (FollowerState.java:run(117)) - 1c51b35f-55cb-4636-a00c-83d34bf2d9d4@group-F043E0AED0ED-FollowerState was interrupted: java.lang.InterruptedException: sleep interrupted
2019-10-23 22:22:17,600 [grpc-default-executor-0] INFO  impl.RoleInfo (RoleInfo.java:updateAndGet(143)) - d21ee1f1-33f6-483c-a18b-27782ce1915a: start FollowerState
2019-10-23 22:22:17,600 [grpc-default-executor-3] INFO  impl.RoleInfo (RoleInfo.java:updateAndGet(143)) - 1c51b35f-55cb-4636-a00c-83d34bf2d9d4: start FollowerState
2019-10-23 22:22:17,606 [aed1b97f-105e-4684-b087-4b6333aa3ced@group-F043E0AED0ED-LeaderElection266] INFO  impl.LeaderElection (LeaderElection.java:logAndReturn(56)) - aed1b97f-105e-4684-b087-4b6333aa3ced@group-F043E0AED0ED-LeaderElection266: Election TIMEOUT; received 0 response(s) [] and 0 exception(s); aed1b97f-105e-4684-b087-4b6333aa3ced@group-F043E0AED0ED:t297, leader=null, voted=aed1b97f-105e-4684-b087-4b6333aa3ced, raftlog=aed1b97f-105e-4684-b087-4b6333aa3ced@group-F043E0AED0ED-SegmentedRaftLog:OPENED:c-1,f-1,i0, conf=-1: [aed1b97f-105e-4684-b087-4b6333aa3ced:192.168.157.195:34943, 1c51b35f-55cb-4636-a00c-83d34bf2d9d4:192.168.157.195:34693, d21ee1f1-33f6-483c-a18b-27782ce1915a:192.168.157.195:46462], old=null
2019-10-23 22:22:17,614 [aed1b97f-105e-4684-b087-4b6333aa3ced@group-F043E0AED0ED-LeaderElection266] INFO  impl.LeaderElection (LeaderElection.java:askForVotes(178)) - aed1b97f-105e-4684-b087-4b6333aa3ced@group-F043E0AED0ED-LeaderElection266: begin an election at term 298 for -1: [aed1b97f-105e-4684-b087-4b6333aa3ced:192.168.157.195:34943, 1c51b35f-55cb-4636-a00c-83d34bf2d9d4:192.168.157.195:34693, d21ee1f1-33f6-483c-a18b-27782ce1915a:192.168.157.195:46462], old=null
2019-10-23 22:22:17,616 [grpc-default-executor-3] INFO  impl.RaftServerImpl (RaftServerImpl.java:setRole(184)) - 1c51b35f-55cb-4636-a00c-83d34bf2d9d4@group-F043E0AED0ED: changes role from  FOLLOWER to FOLLOWER at term 298 for recognizeCandidate:aed1b97f-105e-4684-b087-4b6333aa3ced
2019-10-23 22:22:17,616 [grpc-default-executor-0] INFO  impl.RaftServerImpl (RaftServerImpl.java:setRole(184)) - d21ee1f1-33f6-483c-a18b-27782ce1915a@group-F043E0AED0ED: changes role from  FOLLOWER to FOLLOWER at term 298 for recognizeCandidate:aed1b97f-105e-4684-b087-4b6333aa3ced
2019-10-23 22:22:17,616 [grpc-default-executor-3] INFO  impl.RoleInfo (RoleInfo.java:shutdownFollowerState(121)) - 1c51b35f-55cb-4636-a00c-83d34bf2d9d4: shutdown FollowerState
2019-10-23 22:22:17,616 [grpc-default-executor-0] INFO  impl.RoleInfo (RoleInfo.java:shutdownFollowerState(121)) - d21ee1f1-33f6-483c-a18b-27782ce1915a: shutdown FollowerState
2019-10-23 22:22:17,617 [Thread-2027] INFO  impl.FollowerState (FollowerState.java:run(117)) - 1c51b35f-55cb-4636-a00c-83d34bf2d9d4@group-F043E0AED0ED-FollowerState was interrupted: java.lang.InterruptedException: sleep interrupted
2019-10-23 22:22:17,617 [grpc-default-executor-3] INFO  impl.RoleInfo (RoleInfo.java:updateAndGet(143)) - 1c51b35f-55cb-4636-a00c-83d34bf2d9d4: start FollowerState
2019-10-23 22:22:17,617 [Thread-2026] INFO  impl.FollowerState (FollowerState.java:run(117)) - d21ee1f1-33f6-483c-a18b-27782ce1915a@group-F043E0AED0ED-FollowerState was interrupted: java.lang.InterruptedException: sleep interrupted
2019-10-23 22:22:17,617 [grpc-default-executor-0] INFO  impl.RoleInfo (RoleInfo.java:updateAndGet(143)) - d21ee1f1-33f6-483c-a18b-27782ce1915a: start FollowerState
2019-10-23 22:22:17,631 [aed1b97f-105e-4684-b087-4b6333aa3ced@group-F043E0AED0ED-LeaderElection266] INFO  impl.LeaderElection (LeaderElection.java:logAndReturn(56)) - aed1b97f-105e-4684-b087-4b6333aa3ced@group-F043E0AED0ED-LeaderElection266: Election REJECTED; received 2 response(s) [aed1b97f-105e-4684-b087-4b6333aa3ced<-1c51b35f-55cb-4636-a00c-83d34bf2d9d4#0:FAIL-t298, aed1b97f-105e-4684-b087-4b6333aa3ced<-d21ee1f1-33f6-483c-a18b-27782ce1915a#0:FAIL-t298] and 0 exception(s); aed1b97f-105e-4684-b087-4b6333aa3ced@group-F043E0AED0ED:t298, leader=null, voted=aed1b97f-105e-4684-b087-4b6333aa3ced, raftlog=aed1b97f-105e-4684-b087-4b6333aa3ced@group-F043E0AED0ED-SegmentedRaftLog:OPENED:c-1,f-1,i0, conf=-1: [aed1b97f-105e-4684-b087-4b6333aa3ced:192.168.157.195:34943, 1c51b35f-55cb-4636-a00c-83d34bf2d9d4:192.168.157.195:34693, d21ee1f1-33f6-483c-a18b-27782ce1915a:192.168.157.195:46462], old=null
2019-10-23 22:22:17,631 [aed1b97f-105e-4684-b087-4b6333aa3ced@group-F043E0AED0ED-LeaderElection266] INFO  impl.RaftServerImpl (RaftServerImpl.java:setRole(184)) - aed1b97f-105e-4684-b087-4b6333aa3ced@group-F043E0AED0ED: changes role from CANDIDATE to FOLLOWER at term 298 for DISCOVERED_A_NEW_TERM
2019-10-23 22:22:17,631 [aed1b97f-105e-4684-b087-4b6333aa3ced@group-F043E0AED0ED-LeaderElection266] INFO  impl.RoleInfo (RoleInfo.java:shutdownLeaderElection(134)) - aed1b97f-105e-4684-b087-4b6333aa3ced: shutdown LeaderElection
2019-10-23 22:22:17,631 [aed1b97f-105e-4684-b087-4b6333aa3ced@group-F043E0AED0ED-LeaderElection266] INFO  impl.RoleInfo (RoleInfo.java:updateAndGet(143)) - aed1b97f-105e-4684-b087-4b6333aa3ced: start FollowerState
2019-10-23 22:22:17,674 [Thread-2032] INFO  impl.FollowerState (FollowerState.java:run(108)) - aed1b97f-105e-4684-b087-4b6333aa3ced@group-F043E0AED0ED-FollowerState: change to CANDIDATE, lastRpcTime:42ms, electionTimeout:42ms
2019-10-23 22:22:17,674 [Thread-2032] INFO  impl.RoleInfo (RoleInfo.java:shutdownFollowerState(121)) - aed1b97f-105e-4684-b087-4b6333aa3ced: shutdown FollowerState
2019-10-23 22:22:17,674 [Thread-2032] INFO  impl.RaftServerImpl (RaftServerImpl.java:setRole(184)) - aed1b97f-105e-4684-b087-4b6333aa3ced@group-F043E0AED0ED: changes role from  FOLLOWER to CANDIDATE at term 298 for changeToCandidate
2019-10-23 22:22:17,674 [Thread-2032] INFO  impl.RoleInfo (RoleInfo.java:updateAndGet(143)) - aed1b97f-105e-4684-b087-4b6333aa3ced: start LeaderElection
2019-10-23 22:22:17,688 [aed1b97f-105e-4684-b087-4b6333aa3ced@group-F043E0AED0ED-LeaderElection267] INFO  impl.LeaderElection (LeaderElection.java:askForVotes(178)) - aed1b97f-105e-4684-b087-4b6333aa3ced@group-F043E0AED0ED-LeaderElection267: begin an election at term 299 for -1: [aed1b97f-105e-4684-b087-4b6333aa3ced:192.168.157.195:34943, 1c51b35f-55cb-4636-a00c-83d34bf2d9d4:192.168.157.195:34693, d21ee1f1-33f6-483c-a18b-27782ce1915a:192.168.157.195:46462], old=null
2019-10-23 22:22:17,690 [grpc-default-executor-0] INFO  impl.RaftServerImpl (RaftServerImpl.java:setRole(184)) - d21ee1f1-33f6-483c-a18b-27782ce1915a@group-F043E0AED0ED: changes role from  FOLLOWER to FOLLOWER at term 299 for recognizeCandidate:aed1b97f-105e-4684-b087-4b6333aa3ced
2019-10-23 22:22:17,690 [grpc-default-executor-3] INFO  impl.RaftServerImpl (RaftServerImpl.java:setRole(184)) - 1c51b35f-55cb-4636-a00c-83d34bf2d9d4@group-F043E0AED0ED: changes role from  FOLLOWER to FOLLOWER at term 299 for recognizeCandidate:aed1b97f-105e-4684-b087-4b6333aa3ced
2019-10-23 22:22:17,690 [grpc-default-executor-0] INFO  impl.RoleInfo (RoleInfo.java:shutdownFollowerState(121)) - d21ee1f1-33f6-483c-a18b-27782ce1915a: shutdown FollowerState
2019-10-23 22:22:17,690 [grpc-default-executor-3] INFO  impl.RoleInfo (RoleInfo.java:shutdownFollowerState(121)) - 1c51b35f-55cb-4636-a00c-83d34bf2d9d4: shutdown FollowerState
2019-10-23 22:22:17,690 [grpc-default-executor-0] INFO  impl.RoleInfo (RoleInfo.java:updateAndGet(143)) - d21ee1f1-33f6-483c-a18b-27782ce1915a: start FollowerState
2019-10-23 22:22:17,690 [Thread-2031] INFO  impl.FollowerState (FollowerState.java:run(117)) - d21ee1f1-33f6-483c-a18b-27782ce1915a@group-F043E0AED0ED-FollowerState was interrupted: java.lang.InterruptedException: sleep interrupted
2019-10-23 22:22:17,691 [Thread-2030] INFO  impl.FollowerState (FollowerState.java:run(117)) - 1c51b35f-55cb-4636-a00c-83d34bf2d9d4@group-F043E0AED0ED-FollowerState was interrupted: java.lang.InterruptedException: sleep interrupted
2019-10-23 22:22:17,690 [grpc-default-executor-3] INFO  impl.RoleInfo (RoleInfo.java:updateAndGet(143)) - 1c51b35f-55cb-4636-a00c-83d34bf2d9d4: start FollowerState
2019-10-23 22:22:17,706 [aed1b97f-105e-4684-b087-4b6333aa3ced@group-F043E0AED0ED-LeaderElection267] INFO  impl.LeaderElection (LeaderElection.java:logAndReturn(56)) - aed1b97f-105e-4684-b087-4b6333aa3ced@group-F043E0AED0ED-LeaderElection267: Election REJECTED; received 2 response(s) [aed1b97f-105e-4684-b087-4b6333aa3ced<-1c51b35f-55cb-4636-a00c-83d34bf2d9d4#0:FAIL-t299, aed1b97f-105e-4684-b087-4b6333aa3ced<-d21ee1f1-33f6-483c-a18b-27782ce1915a#0:FAIL-t299] and 0 exception(s); aed1b97f-105e-4684-b087-4b6333aa3ced@group-F043E0AED0ED:t299, leader=null, voted=aed1b97f-105e-4684-b087-4b6333aa3ced, raftlog=aed1b97f-105e-4684-b087-4b6333aa3ced@group-F043E0AED0ED-SegmentedRaftLog:OPENED:c-1,f-1,i0, conf=-1: [aed1b97f-105e-4684-b087-4b6333aa3ced:192.168.157.195:34943, 1c51b35f-55cb-4636-a00c-83d34bf2d9d4:192.168.157.195:34693, d21ee1f1-33f6-483c-a18b-27782ce1915a:192.168.157.195:46462], old=null
2019-10-23 22:22:17,706 [aed1b97f-105e-4684-b087-4b6333aa3ced@group-F043E0AED0ED-LeaderElection267] INFO  impl.RaftServerImpl (RaftServerImpl.java:setRole(184)) - aed1b97f-105e-4684-b087-4b6333aa3ced@group-F043E0AED0ED: changes role from CANDIDATE to FOLLOWER at term 299 for DISCOVERED_A_NEW_TERM
2019-10-23 22:22:17,706 [aed1b97f-105e-4684-b087-4b6333aa3ced@group-F043E0AED0ED-LeaderElection267] INFO  impl.RoleInfo (RoleInfo.java:shutdownLeaderElection(134)) - aed1b97f-105e-4684-b087-4b6333aa3ced: shutdown LeaderElection
2019-10-23 22:22:17,706 [aed1b97f-105e-4684-b087-4b6333aa3ced@group-F043E0AED0ED-LeaderElection267] INFO  impl.RoleInfo (RoleInfo.java:updateAndGet(143)) - aed1b97f-105e-4684-b087-4b6333aa3ced: start FollowerState
2019-10-23 22:22:17,730 [Thread-2038] INFO  impl.FollowerState (FollowerState.java:run(108)) - aed1b97f-105e-4684-b087-4b6333aa3ced@group-F043E0AED0ED-FollowerState: change to CANDIDATE, lastRpcTime:24ms, electionTimeout:24ms
2019-10-23 22:22:17,731 [Thread-2038] INFO  impl.RoleInfo (RoleInfo.java:shutdownFollowerState(121)) - aed1b97f-105e-4684-b087-4b6333aa3ced: shutdown FollowerState
2019-10-23 22:22:17,731 [Thread-2038] INFO  impl.RaftServerImpl (RaftServerImpl.java:setRole(184)) - aed1b97f-105e-4684-b087-4b6333aa3ced@group-F043E0AED0ED: changes role from  FOLLOWER to CANDIDATE at term 299 for changeToCandidate
2019-10-23 22:22:17,731 [Thread-2038] INFO  impl.RoleInfo (RoleInfo.java:updateAndGet(143)) - aed1b97f-105e-4684-b087-4b6333aa3ced: start LeaderElection
2019-10-23 22:22:17,745 [aed1b97f-105e-4684-b087-4b6333aa3ced@group-F043E0AED0ED-LeaderElection268] INFO  impl.LeaderElection (LeaderElection.java:askForVotes(178)) - aed1b97f-105e-4684-b087-4b6333aa3ced@group-F043E0AED0ED-LeaderElection268: begin an election at term 300 for -1: [aed1b97f-105e-4684-b087-4b6333aa3ced:192.168.157.195:34943, 1c51b35f-55cb-4636-a00c-83d34bf2d9d4:192.168.157.195:34693, d21ee1f1-33f6-483c-a18b-27782ce1915a:192.168.157.195:46462], old=null
2019-10-23 22:22:17,746 [grpc-default-executor-3] INFO  impl.RaftServerImpl (RaftServerImpl.java:setRole(184)) - 1c51b35f-55cb-4636-a00c-83d34bf2d9d4@group-F043E0AED0ED: changes role from  FOLLOWER to FOLLOWER at term 300 for recognizeCandidate:aed1b97f-105e-4684-b087-4b6333aa3ced
2019-10-23 22:22:17,747 [grpc-default-executor-0] INFO  impl.RaftServerImpl (RaftServerImpl.java:setRole(184)) - d21ee1f1-33f6-483c-a18b-27782ce1915a@group-F043E0AED0ED: changes role from  FOLLOWER to FOLLOWER at term 300 for recognizeCandidate:aed1b97f-105e-4684-b087-4b6333aa3ced
2019-10-23 22:22:17,747 [grpc-default-executor-3] INFO  impl.RoleInfo (RoleInfo.java:shutdownFollowerState(121)) - 1c51b35f-55cb-4636-a00c-83d34bf2d9d4: shutdown FollowerState
2019-10-23 22:22:17,747 [grpc-default-executor-0] INFO  impl.RoleInfo (RoleInfo.java:shutdownFollowerState(121)) - d21ee1f1-33f6-483c-a18b-27782ce1915a: shutdown FollowerState
2019-10-23 22:22:17,747 [Thread-2037] INFO  impl.FollowerState (FollowerState.java:run(117)) - 1c51b35f-55cb-4636-a00c-83d34bf2d9d4@group-F043E0AED0ED-FollowerState was interrupted: java.lang.InterruptedException: sleep interrupted
2019-10-23 22:22:17,747 [grpc-default-executor-3] INFO  impl.RoleInfo (RoleInfo.java:updateAndGet(143)) - 1c51b35f-55cb-4636-a00c-83d34bf2d9d4: start FollowerState
2019-10-23 22:22:17,747 [Thread-2036] INFO  impl.FollowerState (FollowerState.java:run(117)) - d21ee1f1-33f6-483c-a18b-27782ce1915a@group-F043E0AED0ED-FollowerState was interrupted: java.lang.InterruptedException: sleep interrupted
2019-10-23 22:22:17,747 [grpc-default-executor-0] INFO  impl.RoleInfo (RoleInfo.java:updateAndGet(143)) - d21ee1f1-33f6-483c-a18b-27782ce1915a: start FollowerState
2019-10-23 22:22:17,766 [aed1b97f-105e-4684-b087-4b6333aa3ced@group-F043E0AED0ED-LeaderElection268] INFO  impl.LeaderElection (LeaderElection.java:logAndReturn(56)) - aed1b97f-105e-4684-b087-4b6333aa3ced@group-F043E0AED0ED-LeaderElection268: Election REJECTED; received 2 response(s) [aed1b97f-105e-4684-b087-4b6333aa3ced<-1c51b35f-55cb-4636-a00c-83d34bf2d9d4#0:FAIL-t300, aed1b97f-105e-4684-b087-4b6333aa3ced<-d21ee1f1-33f6-483c-a18b-27782ce1915a#0:FAIL-t300] and 0 exception(s); aed1b97f-105e-4684-b087-4b6333aa3ced@group-F043E0AED0ED:t300, leader=null, voted=aed1b97f-105e-4684-b087-4b6333aa3ced, raftlog=aed1b97f-105e-4684-b087-4b6333aa3ced@group-F043E0AED0ED-SegmentedRaftLog:OPENED:c-1,f-1,i0, conf=-1: [aed1b97f-105e-4684-b087-4b6333aa3ced:192.168.157.195:34943, 1c51b35f-55cb-4636-a00c-83d34bf2d9d4:192.168.157.195:34693, d21ee1f1-33f6-483c-a18b-27782ce1915a:192.168.157.195:46462], old=null
2019-10-23 22:22:17,766 [aed1b97f-105e-4684-b087-4b6333aa3ced@group-F043E0AED0ED-LeaderElection268] INFO  impl.RaftServerImpl (RaftServerImpl.java:setRole(184)) - aed1b97f-105e-4684-b087-4b6333aa3ced@group-F043E0AED0ED: changes role from CANDIDATE to FOLLOWER at term 300 for DISCOVERED_A_NEW_TERM
2019-10-23 22:22:17,766 [aed1b97f-105e-4684-b087-4b6333aa3ced@group-F043E0AED0ED-LeaderElection268] INFO  impl.RoleInfo (RoleInfo.java:shutdownLeaderElection(134)) - aed1b97f-105e-4684-b087-4b6333aa3ced: shutdown LeaderElection
2019-10-23 22:22:17,766 [aed1b97f-105e-4684-b087-4b6333aa3ced@group-F043E0AED0ED-LeaderElection268] INFO  impl.RoleInfo (RoleInfo.java:updateAndGet(143)) - aed1b97f-105e-4684-b087-4b6333aa3ced: start FollowerState
2019-10-23 22:22:17,798 [Thread-2044] INFO  impl.FollowerState (FollowerState.java:run(108)) - aed1b97f-105e-4684-b087-4b6333aa3ced@group-F043E0AED0ED-FollowerState: change to CANDIDATE, lastRpcTime:31ms, electionTimeout:31ms
2019-10-23 22:22:17,798 [Thread-2044] INFO  impl.RoleInfo (RoleInfo.java:shutdownFollowerState(121)) - aed1b97f-105e-4684-b087-4b6333aa3ced: shutdown FollowerState
2019-10-23 22:22:17,798 [Thread-2044] INFO  impl.RaftServerImpl (RaftServerImpl.java:setRole(184)) - aed1b97f-105e-4684-b087-4b6333aa3ced@group-F043E0AED0ED: changes role from  FOLLOWER to CANDIDATE at term 300 for changeToCandidate
2019-10-23 22:22:17,798 [Thread-2044] INFO  impl.RoleInfo (RoleInfo.java:updateAndGet(143)) - aed1b97f-105e-4684-b087-4b6333aa3ced: start LeaderElection
2019-10-23 22:22:17,812 [aed1b97f-105e-4684-b087-4b6333aa3ced@group-F043E0AED0ED-LeaderElection269] INFO  impl.LeaderElection (LeaderElection.java:askForVotes(178)) - aed1b97f-105e-4684-b087-4b6333aa3ced@group-F043E0AED0ED-LeaderElection269: begin an election at term 301 for -1: [aed1b97f-105e-4684-b087-4b6333aa3ced:192.168.157.195:34943, 1c51b35f-55cb-4636-a00c-83d34bf2d9d4:192.168.157.195:34693, d21ee1f1-33f6-483c-a18b-27782ce1915a:192.168.157.195:46462], old=null
2019-10-23 22:22:17,813 [aed1b97f-105e-4684-b087-4b6333aa3ced@group-F043E0AED0ED-LeaderElection269] INFO  impl.LeaderElection (LeaderElection.java:logAndReturn(56)) - aed1b97f-105e-4684-b087-4b6333aa3ced@group-F043E0AED0ED-LeaderElection269: Election TIMEOUT; received 0 response(s) [] and 0 exception(s); aed1b97f-105e-4684-b087-4b6333aa3ced@group-F043E0AED0ED:t301, leader=null, voted=aed1b97f-105e-4684-b087-4b6333aa3ced, raftlog=aed1b97f-105e-4684-b087-4b6333aa3ced@group-F043E0AED0ED-SegmentedRaftLog:OPENED:c-1,f-1,i0, conf=-1: [aed1b97f-105e-4684-b087-4b6333aa3ced:192.168.157.195:34943, 1c51b35f-55cb-4636-a00c-83d34bf2d9d4:192.168.157.195:34693, d21ee1f1-33f6-483c-a18b-27782ce1915a:192.168.157.195:46462], old=null
2019-10-23 22:22:17,814 [grpc-default-executor-3] INFO  impl.RaftServerImpl (RaftServerImpl.java:setRole(184)) - 1c51b35f-55cb-4636-a00c-83d34bf2d9d4@group-F043E0AED0ED: changes role from  FOLLOWER to FOLLOWER at term 301 for recognizeCandidate:aed1b97f-105e-4684-b087-4b6333aa3ced
2019-10-23 22:22:17,814 [grpc-default-executor-0] INFO  impl.RaftServerImpl (RaftServerImpl.java:setRole(184)) - d21ee1f1-33f6-483c-a18b-27782ce1915a@group-F043E0AED0ED: changes role from  FOLLOWER to FOLLOWER at term 301 for recognizeCandidate:aed1b97f-105e-4684-b087-4b6333aa3ced
2019-10-23 22:22:17,814 [grpc-default-executor-3] INFO  impl.RoleInfo (RoleInfo.java:shutdownFollowerState(121)) - 1c51b35f-55cb-4636-a00c-83d34bf2d9d4: shutdown FollowerState
2019-10-23 22:22:17,814 [grpc-default-executor-0] INFO  impl.RoleInfo (RoleInfo.java:shutdownFollowerState(121)) - d21ee1f1-33f6-483c-a18b-27782ce1915a: shutdown FollowerState
2019-10-23 22:22:17,814 [Thread-2042] INFO  impl.FollowerState (FollowerState.java:run(117)) - 1c51b35f-55cb-4636-a00c-83d34bf2d9d4@group-F043E0AED0ED-FollowerState was interrupted: java.lang.InterruptedException: sleep interrupted
2019-10-23 22:22:17,814 [grpc-default-executor-3] INFO  impl.RoleInfo (RoleInfo.java:updateAndGet(143)) - 1c51b35f-55cb-4636-a00c-83d34bf2d9d4: start FollowerState
2019-10-23 22:22:17,814 [Thread-2043] INFO  impl.FollowerState (FollowerState.java:run(117)) - d21ee1f1-33f6-483c-a18b-27782ce1915a@group-F043E0AED0ED-FollowerState was interrupted: java.lang.InterruptedException: sleep interrupted
2019-10-23 22:22:17,814 [grpc-default-executor-0] INFO  impl.RoleInfo (RoleInfo.java:updateAndGet(143)) - d21ee1f1-33f6-483c-a18b-27782ce1915a: start FollowerState
2019-10-23 22:22:17,827 [aed1b97f-105e-4684-b087-4b6333aa3ced@group-F043E0AED0ED-LeaderElection269] INFO  impl.LeaderElection (LeaderElection.java:askForVotes(178)) - aed1b97f-105e-4684-b087-4b6333aa3ced@group-F043E0AED0ED-LeaderElection269: begin an election at term 302 for -1: [aed1b97f-105e-4684-b087-4b6333aa3ced:192.168.157.195:34943, 1c51b35f-55cb-4636-a00c-83d34bf2d9d4:192.168.157.195:34693, d21ee1f1-33f6-483c-a18b-27782ce1915a:192.168.157.195:46462], old=null
2019-10-23 22:22:17,829 [grpc-default-executor-3] INFO  impl.RaftServerImpl (RaftServerImpl.java:setRole(184)) - 1c51b35f-55cb-4636-a00c-83d34bf2d9d4@group-F043E0AED0ED: changes role from  FOLLOWER to FOLLOWER at term 302 for recognizeCandidate:aed1b97f-105e-4684-b087-4b6333aa3ced
2019-10-23 22:22:17,829 [grpc-default-executor-0] INFO  impl.RaftServerImpl (RaftServerImpl.java:setRole(184)) - d21ee1f1-33f6-483c-a18b-27782ce1915a@group-F043E0AED0ED: changes role from  FOLLOWER to FOLLOWER at term 302 for recognizeCandidate:aed1b97f-105e-4684-b087-4b6333aa3ced
2019-10-23 22:22:17,829 [grpc-default-executor-3] INFO  impl.RoleInfo (RoleInfo.java:shutdownFollowerState(121)) - 1c51b35f-55cb-4636-a00c-83d34bf2d9d4: shutdown FollowerState
2019-10-23 22:22:17,829 [grpc-default-executor-0] INFO  impl.RoleInfo (RoleInfo.java:shutdownFollowerState(121)) - d21ee1f1-33f6-483c-a18b-27782ce1915a: shutdown FollowerState
2019-10-23 22:22:17,829 [Thread-2048] INFO  impl.FollowerState (FollowerState.java:run(117)) - 1c51b35f-55cb-4636-a00c-83d34bf2d9d4@group-F043E0AED0ED-FollowerState was interrupted: java.lang.InterruptedException: sleep interrupted
2019-10-23 22:22:17,829 [grpc-default-executor-3] INFO  impl.RoleInfo (RoleInfo.java:updateAndGet(143)) - 1c51b35f-55cb-4636-a00c-83d34bf2d9d4: start FollowerState
2019-10-23 22:22:17,830 [Thread-2049] INFO  impl.FollowerState (FollowerState.java:run(117)) - d21ee1f1-33f6-483c-a18b-27782ce1915a@group-F043E0AED0ED-FollowerState was interrupted: java.lang.InterruptedException: sleep interrupted
2019-10-23 22:22:17,830 [grpc-default-executor-0] INFO  impl.RoleInfo (RoleInfo.java:updateAndGet(143)) - d21ee1f1-33f6-483c-a18b-27782ce1915a: start FollowerState
2019-10-23 22:22:17,835 [aed1b97f-105e-4684-b087-4b6333aa3ced@group-F043E0AED0ED-LeaderElection269] INFO  impl.LeaderElection (LeaderElection.java:logAndReturn(56)) - aed1b97f-105e-4684-b087-4b6333aa3ced@group-F043E0AED0ED-LeaderElection269: Election TIMEOUT; received 0 response(s) [] and 0 exception(s); aed1b97f-105e-4684-b087-4b6333aa3ced@group-F043E0AED0ED:t302, leader=null, voted=aed1b97f-105e-4684-b087-4b6333aa3ced, raftlog=aed1b97f-105e-4684-b087-4b6333aa3ced@group-F043E0AED0ED-SegmentedRaftLog:OPENED:c-1,f-1,i0, conf=-1: [aed1b97f-105e-4684-b087-4b6333aa3ced:192.168.157.195:34943, 1c51b35f-55cb-4636-a00c-83d34bf2d9d4:192.168.157.195:34693, d21ee1f1-33f6-483c-a18b-27782ce1915a:192.168.157.195:46462], old=null
2019-10-23 22:22:17,844 [aed1b97f-105e-4684-b087-4b6333aa3ced@group-F043E0AED0ED-LeaderElection269] INFO  impl.LeaderElection (LeaderElection.java:askForVotes(178)) - aed1b97f-105e-4684-b087-4b6333aa3ced@group-F043E0AED0ED-LeaderElection269: begin an election at term 303 for -1: [aed1b97f-105e-4684-b087-4b6333aa3ced:192.168.157.195:34943, 1c51b35f-55cb-4636-a00c-83d34bf2d9d4:192.168.157.195:34693, d21ee1f1-33f6-483c-a18b-27782ce1915a:192.168.157.195:46462], old=null
2019-10-23 22:22:17,846 [grpc-default-executor-3] INFO  impl.RaftServerImpl (RaftServerImpl.java:setRole(184)) - 1c51b35f-55cb-4636-a00c-83d34bf2d9d4@group-F043E0AED0ED: changes role from  FOLLOWER to FOLLOWER at term 303 for recognizeCandidate:aed1b97f-105e-4684-b087-4b6333aa3ced
2019-10-23 22:22:17,846 [grpc-default-executor-3] INFO  impl.RoleInfo (RoleInfo.java:shutdownFollowerState(121)) - 1c51b35f-55cb-4636-a00c-83d34bf2d9d4: shutdown FollowerState
2019-10-23 22:22:17,846 [grpc-default-executor-0] INFO  impl.RaftServerImpl (RaftServerImpl.java:setRole(184)) - d21ee1f1-33f6-483c-a18b-27782ce1915a@group-F043E0AED0ED: changes role from  FOLLOWER to FOLLOWER at term 303 for recognizeCandidate:aed1b97f-105e-4684-b087-4b6333aa3ced
2019-10-23 22:22:17,846 [Thread-2052] INFO  impl.FollowerState (FollowerState.java:run(117)) - 1c51b35f-55cb-4636-a00c-83d34bf2d9d4@group-F043E0AED0ED-FollowerState was interrupted: java.lang.InterruptedException: sleep interrupted
2019-10-23 22:22:17,846 [grpc-default-executor-3] INFO  impl.RoleInfo (RoleInfo.java:updateAndGet(143)) - 1c51b35f-55cb-4636-a00c-83d34bf2d9d4: start FollowerState
2019-10-23 22:22:17,846 [grpc-default-executor-0] INFO  impl.RoleInfo (RoleInfo.java:shutdownFollowerState(121)) - d21ee1f1-33f6-483c-a18b-27782ce1915a: shutdown FollowerState
2019-10-23 22:22:17,847 [Thread-2053] INFO  impl.FollowerState (FollowerState.java:run(117)) - d21ee1f1-33f6-483c-a18b-27782ce1915a@group-F043E0AED0ED-FollowerState was interrupted: java.lang.InterruptedException: sleep interrupted
2019-10-23 22:22:17,847 [grpc-default-executor-0] INFO  impl.RoleInfo (RoleInfo.java:updateAndGet(143)) - d21ee1f1-33f6-483c-a18b-27782ce1915a: start FollowerState
2019-10-23 22:22:17,862 [aed1b97f-105e-4684-b087-4b6333aa3ced@group-F043E0AED0ED-LeaderElection269] INFO  impl.LeaderElection (LeaderElection.java:logAndReturn(56)) - aed1b97f-105e-4684-b087-4b6333aa3ced@group-F043E0AED0ED-LeaderElection269: Election REJECTED; received 2 response(s) [aed1b97f-105e-4684-b087-4b6333aa3ced<-1c51b35f-55cb-4636-a00c-83d34bf2d9d4#0:FAIL-t303, aed1b97f-105e-4684-b087-4b6333aa3ced<-d21ee1f1-33f6-483c-a18b-27782ce1915a#0:FAIL-t303] and 0 exception(s); aed1b97f-105e-4684-b087-4b6333aa3ced@group-F043E0AED0ED:t303, leader=null, voted=aed1b97f-105e-4684-b087-4b6333aa3ced, raftlog=aed1b97f-105e-4684-b087-4b6333aa3ced@group-F043E0AED0ED-SegmentedRaftLog:OPENED:c-1,f-1,i0, conf=-1: [aed1b97f-105e-4684-b087-4b6333aa3ced:192.168.157.195:34943, 1c51b35f-55cb-4636-a00c-83d34bf2d9d4:192.168.157.195:34693, d21ee1f1-33f6-483c-a18b-27782ce1915a:192.168.157.195:46462], old=null
2019-10-23 22:22:17,862 [aed1b97f-105e-4684-b087-4b6333aa3ced@group-F043E0AED0ED-LeaderElection269] INFO  impl.RaftServerImpl (RaftServerImpl.java:setRole(184)) - aed1b97f-105e-4684-b087-4b6333aa3ced@group-F043E0AED0ED: changes role from CANDIDATE to FOLLOWER at term 303 for DISCOVERED_A_NEW_TERM
2019-10-23 22:22:17,862 [aed1b97f-105e-4684-b087-4b6333aa3ced@group-F043E0AED0ED-LeaderElection269] INFO  impl.RoleInfo (RoleInfo.java:shutdownLeaderElection(134)) - aed1b97f-105e-4684-b087-4b6333aa3ced: shutdown LeaderElection
2019-10-23 22:22:17,862 [aed1b97f-105e-4684-b087-4b6333aa3ced@group-F043E0AED0ED-LeaderElection269] INFO  impl.RoleInfo (RoleInfo.java:updateAndGet(143)) - aed1b97f-105e-4684-b087-4b6333aa3ced: start FollowerState
2019-10-23 22:22:18,050 [Thread-2058] INFO  impl.FollowerState (FollowerState.java:run(108)) - aed1b97f-105e-4684-b087-4b6333aa3ced@group-F043E0AED0ED-FollowerState: change to CANDIDATE, lastRpcTime:188ms, electionTimeout:188ms
2019-10-23 22:22:18,051 [Thread-2058] INFO  impl.RoleInfo (RoleInfo.java:shutdownFollowerState(121)) - aed1b97f-105e-4684-b087-4b6333aa3ced: shutdown FollowerState
2019-10-23 22:22:18,051 [Thread-2058] INFO  impl.RaftServerImpl (RaftServerImpl.java:setRole(184)) - aed1b97f-105e-4684-b087-4b6333aa3ced@group-F043E0AED0ED: changes role from  FOLLOWER to CANDIDATE at term 303 for changeToCandidate
2019-10-23 22:22:18,051 [Thread-2058] INFO  impl.RoleInfo (RoleInfo.java:updateAndGet(143)) - aed1b97f-105e-4684-b087-4b6333aa3ced: start LeaderElection
2019-10-23 22:22:18,076 [aed1b97f-105e-4684-b087-4b6333aa3ced@group-F043E0AED0ED-LeaderElection270] INFO  impl.LeaderElection (LeaderElection.java:askForVotes(178)) - aed1b97f-105e-4684-b087-4b6333aa3ced@group-F043E0AED0ED-LeaderElection270: begin an election at term 304 for -1: [aed1b97f-105e-4684-b087-4b6333aa3ced:192.168.157.195:34943, 1c51b35f-55cb-4636-a00c-83d34bf2d9d4:192.168.157.195:34693, d21ee1f1-33f6-483c-a18b-27782ce1915a:192.168.157.195:46462], old=null
2019-10-23 22:22:18,078 [grpc-default-executor-3] INFO  impl.RaftServerImpl (RaftServerImpl.java:setRole(184)) - 1c51b35f-55cb-4636-a00c-83d34bf2d9d4@group-F043E0AED0ED: changes role from  FOLLOWER to FOLLOWER at term 304 for recognizeCandidate:aed1b97f-105e-4684-b087-4b6333aa3ced
2019-10-23 22:22:18,078 [grpc-default-executor-0] INFO  impl.RaftServerImpl (RaftServerImpl.java:setRole(184)) - d21ee1f1-33f6-483c-a18b-27782ce1915a@group-F043E0AED0ED: changes role from  FOLLOWER to FOLLOWER at term 304 for recognizeCandidate:aed1b97f-105e-4684-b087-4b6333aa3ced
2019-10-23 22:22:18,078 [grpc-default-executor-3] INFO  impl.RoleInfo (RoleInfo.java:shutdownFollowerState(121)) - 1c51b35f-55cb-4636-a00c-83d34bf2d9d4: shutdown FollowerState
2019-10-23 22:22:18,078 [grpc-default-executor-0] INFO  impl.RoleInfo (RoleInfo.java:shutdownFollowerState(121)) - d21ee1f1-33f6-483c-a18b-27782ce1915a: shutdown FollowerState
2019-10-23 22:22:18,079 [Thread-2056] INFO  impl.FollowerState (FollowerState.java:run(117)) - 1c51b35f-55cb-4636-a00c-83d34bf2d9d4@group-F043E0AED0ED-FollowerState was interrupted: java.lang.InterruptedException: sleep interrupted
2019-10-23 22:22:18,079 [grpc-default-executor-3] INFO  impl.RoleInfo (RoleInfo.java:updateAndGet(143)) - 1c51b35f-55cb-4636-a00c-83d34bf2d9d4: start FollowerState
2019-10-23 22:22:18,079 [grpc-default-executor-0] INFO  impl.RoleInfo (RoleInfo.java:updateAndGet(143)) - d21ee1f1-33f6-483c-a18b-27782ce1915a: start FollowerState
2019-10-23 22:22:18,079 [Thread-2057] INFO  impl.FollowerState (FollowerState.java:run(117)) - d21ee1f1-33f6-483c-a18b-27782ce1915a@group-F043E0AED0ED-FollowerState was interrupted: java.lang.InterruptedException: sleep interrupted
2019-10-23 22:22:18,093 [aed1b97f-105e-4684-b087-4b6333aa3ced@group-F043E0AED0ED-LeaderElection270] INFO  impl.LeaderElection (LeaderElection.java:logAndReturn(56)) - aed1b97f-105e-4684-b087-4b6333aa3ced@group-F043E0AED0ED-LeaderElection270: Election REJECTED; received 2 response(s) [aed1b97f-105e-4684-b087-4b6333aa3ced<-1c51b35f-55cb-4636-a00c-83d34bf2d9d4#0:FAIL-t304, aed1b97f-105e-4684-b087-4b6333aa3ced<-d21ee1f1-33f6-483c-a18b-27782ce1915a#0:FAIL-t304] and 0 exception(s); aed1b97f-105e-4684-b087-4b6333aa3ced@group-F043E0AED0ED:t304, leader=null, voted=aed1b97f-105e-4684-b087-4b6333aa3ced, raftlog=aed1b97f-105e-4684-b087-4b6333aa3ced@group-F043E0AED0ED-SegmentedRaftLog:OPENED:c-1,f-1,i0, conf=-1: [aed1b97f-105e-4684-b087-4b6333aa3ced:192.168.157.195:34943, 1c51b35f-55cb-4636-a00c-83d34bf2d9d4:192.168.157.195:34693, d21ee1f1-33f6-483c-a18b-27782ce1915a:192.168.157.195:46462], old=null
2019-10-23 22:22:18,094 [aed1b97f-105e-4684-b087-4b6333aa3ced@group-F043E0AED0ED-LeaderElection270] INFO  impl.RaftServerImpl (RaftServerImpl.java:setRole(184)) - aed1b97f-105e-4684-b087-4b6333aa3ced@group-F043E0AED0ED: changes role from CANDIDATE to FOLLOWER at term 304 for DISCOVERED_A_NEW_TERM
2019-10-23 22:22:18,094 [aed1b97f-105e-4684-b087-4b6333aa3ced@group-F043E0AED0ED-LeaderElection270] INFO  impl.RoleInfo (RoleInfo.java:shutdownLeaderElection(134)) - aed1b97f-105e-4684-b087-4b6333aa3ced: shutdown LeaderElection
2019-10-23 22:22:18,094 [aed1b97f-105e-4684-b087-4b6333aa3ced@group-F043E0AED0ED-LeaderElection270] INFO  impl.RoleInfo (RoleInfo.java:updateAndGet(143)) - aed1b97f-105e-4684-b087-4b6333aa3ced: start FollowerState
2019-10-23 22:22:18,265 [Thread-2064] INFO  impl.FollowerState (FollowerState.java:run(108)) - aed1b97f-105e-4684-b087-4b6333aa3ced@group-F043E0AED0ED-FollowerState: change to CANDIDATE, lastRpcTime:171ms, electionTimeout:171ms
2019-10-23 22:22:18,265 [Thread-2064] INFO  impl.RoleInfo (RoleInfo.java:shutdownFollowerState(121)) - aed1b97f-105e-4684-b087-4b6333aa3ced: shutdown FollowerState
2019-10-23 22:22:18,265 [Thread-2064] INFO  impl.RaftServerImpl (RaftServerImpl.java:setRole(184)) - aed1b97f-105e-4684-b087-4b6333aa3ced@group-F043E0AED0ED: changes role from  FOLLOWER to CANDIDATE at term 304 for changeToCandidate
2019-10-23 22:22:18,266 [Thread-2064] INFO  impl.RoleInfo (RoleInfo.java:updateAndGet(143)) - aed1b97f-105e-4684-b087-4b6333aa3ced: start LeaderElection
2019-10-23 22:22:18,279 [aed1b97f-105e-4684-b087-4b6333aa3ced@group-F043E0AED0ED-LeaderElection271] INFO  impl.LeaderElection (LeaderElection.java:askForVotes(178)) - aed1b97f-105e-4684-b087-4b6333aa3ced@group-F043E0AED0ED-LeaderElection271: begin an election at term 305 for -1: [aed1b97f-105e-4684-b087-4b6333aa3ced:192.168.157.195:34943, 1c51b35f-55cb-4636-a00c-83d34bf2d9d4:192.168.157.195:34693, d21ee1f1-33f6-483c-a18b-27782ce1915a:192.168.157.195:46462], old=null
2019-10-23 22:22:18,281 [grpc-default-executor-0] INFO  impl.RaftServerImpl (RaftServerImpl.java:setRole(184)) - 1c51b35f-55cb-4636-a00c-83d34bf2d9d4@group-F043E0AED0ED: changes role from  FOLLOWER to FOLLOWER at term 305 for recognizeCandidate:aed1b97f-105e-4684-b087-4b6333aa3ced
2019-10-23 22:22:18,281 [grpc-default-executor-0] INFO  impl.RoleInfo (RoleInfo.java:shutdownFollowerState(121)) - 1c51b35f-55cb-4636-a00c-83d34bf2d9d4: shutdown FollowerState
2019-10-23 22:22:18,281 [grpc-default-executor-3] INFO  impl.RaftServerImpl (RaftServerImpl.java:setRole(184)) - d21ee1f1-33f6-483c-a18b-27782ce1915a@group-F043E0AED0ED: changes role from  FOLLOWER to FOLLOWER at term 305 for recognizeCandidate:aed1b97f-105e-4684-b087-4b6333aa3ced
2019-10-23 22:22:18,281 [grpc-default-executor-3] INFO  impl.RoleInfo (RoleInfo.java:shutdownFollowerState(121)) - d21ee1f1-33f6-483c-a18b-27782ce1915a: shutdown FollowerState
2019-10-23 22:22:18,281 [Thread-2062] INFO  impl.FollowerState (FollowerState.java:run(117)) - 1c51b35f-55cb-4636-a00c-83d34bf2d9d4@group-F043E0AED0ED-FollowerState was interrupted: java.lang.InterruptedException: sleep interrupted
2019-10-23 22:22:18,281 [grpc-default-executor-0] INFO  impl.RoleInfo (RoleInfo.java:updateAndGet(143)) - 1c51b35f-55cb-4636-a00c-83d34bf2d9d4: start FollowerState
2019-10-23 22:22:18,282 [Thread-2063] INFO  impl.FollowerState (FollowerState.java:run(117)) - d21ee1f1-33f6-483c-a18b-27782ce1915a@group-F043E0AED0ED-FollowerState was interrupted: java.lang.InterruptedException: sleep interrupted
2019-10-23 22:22:18,282 [grpc-default-executor-3] INFO  impl.RoleInfo (RoleInfo.java:updateAndGet(143)) - d21ee1f1-33f6-483c-a18b-27782ce1915a: start FollowerState
2019-10-23 22:22:18,296 [aed1b97f-105e-4684-b087-4b6333aa3ced@group-F043E0AED0ED-LeaderElection271] INFO  impl.LeaderElection (LeaderElection.java:logAndReturn(56)) - aed1b97f-105e-4684-b087-4b6333aa3ced@group-F043E0AED0ED-LeaderElection271: Election REJECTED; received 2 response(s) [aed1b97f-105e-4684-b087-4b6333aa3ced<-1c51b35f-55cb-4636-a00c-83d34bf2d9d4#0:FAIL-t305, aed1b97f-105e-4684-b087-4b6333aa3ced<-d21ee1f1-33f6-483c-a18b-27782ce1915a#0:FAIL-t305] and 0 exception(s); aed1b97f-105e-4684-b087-4b6333aa3ced@group-F043E0AED0ED:t305, leader=null, voted=aed1b97f-105e-4684-b087-4b6333aa3ced, raftlog=aed1b97f-105e-4684-b087-4b6333aa3ced@group-F043E0AED0ED-SegmentedRaftLog:OPENED:c-1,f-1,i0, conf=-1: [aed1b97f-105e-4684-b087-4b6333aa3ced:192.168.157.195:34943, 1c51b35f-55cb-4636-a00c-83d34bf2d9d4:192.168.157.195:34693, d21ee1f1-33f6-483c-a18b-27782ce1915a:192.168.157.195:46462], old=null
2019-10-23 22:22:18,296 [aed1b97f-105e-4684-b087-4b6333aa3ced@group-F043E0AED0ED-LeaderElection271] INFO  impl.RaftServerImpl (RaftServerImpl.java:setRole(184)) - aed1b97f-105e-4684-b087-4b6333aa3ced@group-F043E0AED0ED: changes role from CANDIDATE to FOLLOWER at term 305 for DISCOVERED_A_NEW_TERM
2019-10-23 22:22:18,296 [aed1b97f-105e-4684-b087-4b6333aa3ced@group-F043E0AED0ED-LeaderElection271] INFO  impl.RoleInfo (RoleInfo.java:shutdownLeaderElection(134)) - aed1b97f-105e-4684-b087-4b6333aa3ced: shutdown LeaderElection
2019-10-23 22:22:18,296 [aed1b97f-105e-4684-b087-4b6333aa3ced@group-F043E0AED0ED-LeaderElection271] INFO  impl.RoleInfo (RoleInfo.java:updateAndGet(143)) - aed1b97f-105e-4684-b087-4b6333aa3ced: start FollowerState
2019-10-23 22:22:18,315 [Thread-2070] INFO  impl.FollowerState (FollowerState.java:run(108)) - aed1b97f-105e-4684-b087-4b6333aa3ced@group-F043E0AED0ED-FollowerState: change to CANDIDATE, lastRpcTime:19ms, electionTimeout:19ms
2019-10-23 22:22:18,315 [Thread-2070] INFO  impl.RoleInfo (RoleInfo.java:shutdownFollowerState(121)) - aed1b97f-105e-4684-b087-4b6333aa3ced: shutdown FollowerState
2019-10-23 22:22:18,316 [Thread-2070] INFO  impl.RaftServerImpl (RaftServerImpl.java:setRole(184)) - aed1b97f-105e-4684-b087-4b6333aa3ced@group-F043E0AED0ED: changes role from  FOLLOWER to CANDIDATE at term 305 for changeToCandidate
2019-10-23 22:22:18,316 [Thread-2070] INFO  impl.RoleInfo (RoleInfo.java:updateAndGet(143)) - aed1b97f-105e-4684-b087-4b6333aa3ced: start LeaderElection
2019-10-23 22:22:18,331 [aed1b97f-105e-4684-b087-4b6333aa3ced@group-F043E0AED0ED-LeaderElection272] INFO  impl.LeaderElection (LeaderElection.java:askForVotes(178)) - aed1b97f-105e-4684-b087-4b6333aa3ced@group-F043E0AED0ED-LeaderElection272: begin an election at term 306 for -1: [aed1b97f-105e-4684-b087-4b6333aa3ced:192.168.157.195:34943, 1c51b35f-55cb-4636-a00c-83d34bf2d9d4:192.168.157.195:34693, d21ee1f1-33f6-483c-a18b-27782ce1915a:192.168.157.195:46462], old=null
2019-10-23 22:22:18,333 [grpc-default-executor-3] INFO  impl.RaftServerImpl (RaftServerImpl.java:setRole(184)) - 1c51b35f-55cb-4636-a00c-83d34bf2d9d4@group-F043E0AED0ED: changes role from  FOLLOWER to FOLLOWER at term 306 for recognizeCandidate:aed1b97f-105e-4684-b087-4b6333aa3ced
2019-10-23 22:22:18,333 [grpc-default-executor-0] INFO  impl.RaftServerImpl (RaftServerImpl.java:setRole(184)) - d21ee1f1-33f6-483c-a18b-27782ce1915a@group-F043E0AED0ED: changes role from  FOLLOWER to FOLLOWER at term 306 for recognizeCandidate:aed1b97f-105e-4684-b087-4b6333aa3ced
2019-10-23 22:22:18,333 [grpc-default-executor-3] INFO  impl.RoleInfo (RoleInfo.java:shutdownFollowerState(121)) - 1c51b35f-55cb-4636-a00c-83d34bf2d9d4: shutdown FollowerState
2019-10-23 22:22:18,333 [grpc-default-executor-0] INFO  impl.RoleInfo (RoleInfo.java:shutdownFollowerState(121)) - d21ee1f1-33f6-483c-a18b-27782ce1915a: shutdown FollowerState
2019-10-23 22:22:18,334 [Thread-2068] INFO  impl.FollowerState (FollowerState.java:run(117)) - 1c51b35f-55cb-4636-a00c-83d34bf2d9d4@group-F043E0AED0ED-FollowerState was interrupted: java.lang.InterruptedException: sleep interrupted
2019-10-23 22:22:18,334 [grpc-default-executor-3] INFO  impl.RoleInfo (RoleInfo.java:updateAndGet(143)) - 1c51b35f-55cb-4636-a00c-83d34bf2d9d4: start FollowerState
2019-10-23 22:22:18,334 [grpc-default-executor-0] INFO  impl.RoleInfo (RoleInfo.java:updateAndGet(143)) - d21ee1f1-33f6-483c-a18b-27782ce1915a: start FollowerState
2019-10-23 22:22:18,334 [Thread-2069] INFO  impl.FollowerState (FollowerState.java:run(117)) - d21ee1f1-33f6-483c-a18b-27782ce1915a@group-F043E0AED0ED-FollowerState was interrupted: java.lang.InterruptedException: sleep interrupted
2019-10-23 22:22:18,348 [aed1b97f-105e-4684-b087-4b6333aa3ced@group-F043E0AED0ED-LeaderElection272] INFO  impl.LeaderElection (LeaderElection.java:logAndReturn(56)) - aed1b97f-105e-4684-b087-4b6333aa3ced@group-F043E0AED0ED-LeaderElection272: Election REJECTED; received 2 response(s) [aed1b97f-105e-4684-b087-4b6333aa3ced<-1c51b35f-55cb-4636-a00c-83d34bf2d9d4#0:FAIL-t306, aed1b97f-105e-4684-b087-4b6333aa3ced<-d21ee1f1-33f6-483c-a18b-27782ce1915a#0:FAIL-t306] and 0 exception(s); aed1b97f-105e-4684-b087-4b6333aa3ced@group-F043E0AED0ED:t306, leader=null, voted=aed1b97f-105e-4684-b087-4b6333aa3ced, raftlog=aed1b97f-105e-4684-b087-4b6333aa3ced@group-F043E0AED0ED-SegmentedRaftLog:OPENED:c-1,f-1,i0, conf=-1: [aed1b97f-105e-4684-b087-4b6333aa3ced:192.168.157.195:34943, 1c51b35f-55cb-4636-a00c-83d34bf2d9d4:192.168.157.195:34693, d21ee1f1-33f6-483c-a18b-27782ce1915a:192.168.157.195:46462], old=null
2019-10-23 22:22:18,348 [aed1b97f-105e-4684-b087-4b6333aa3ced@group-F043E0AED0ED-LeaderElection272] INFO  impl.RaftServerImpl (RaftServerImpl.java:setRole(184)) - aed1b97f-105e-4684-b087-4b6333aa3ced@group-F043E0AED0ED: changes role from CANDIDATE to FOLLOWER at term 306 for DISCOVERED_A_NEW_TERM
2019-10-23 22:22:18,348 [aed1b97f-105e-4684-b087-4b6333aa3ced@group-F043E0AED0ED-LeaderElection272] INFO  impl.RoleInfo (RoleInfo.java:shutdownLeaderElection(134)) - aed1b97f-105e-4684-b087-4b6333aa3ced: shutdown LeaderElection
2019-10-23 22:22:18,348 [aed1b97f-105e-4684-b087-4b6333aa3ced@group-F043E0AED0ED-LeaderElection272] INFO  impl.RoleInfo (RoleInfo.java:updateAndGet(143)) - aed1b97f-105e-4684-b087-4b6333aa3ced: start FollowerState
2019-10-23 22:22:18,369 [Thread-2078] INFO  impl.FollowerState (FollowerState.java:run(108)) - aed1b97f-105e-4684-b087-4b6333aa3ced@group-F043E0AED0ED-FollowerState: change to CANDIDATE, lastRpcTime:21ms, electionTimeout:21ms
2019-10-23 22:22:18,369 [Thread-2078] INFO  impl.RoleInfo (RoleInfo.java:shutdownFollowerState(121)) - aed1b97f-105e-4684-b087-4b6333aa3ced: shutdown FollowerState
2019-10-23 22:22:18,370 [Thread-2078] INFO  impl.RaftServerImpl (RaftServerImpl.java:setRole(184)) - aed1b97f-105e-4684-b087-4b6333aa3ced@group-F043E0AED0ED: changes role from  FOLLOWER to CANDIDATE at term 306 for changeToCandidate
2019-10-23 22:22:18,370 [Thread-2078] INFO  impl.RoleInfo (RoleInfo.java:updateAndGet(143)) - aed1b97f-105e-4684-b087-4b6333aa3ced: start LeaderElection
2019-10-23 22:22:18,383 [aed1b97f-105e-4684-b087-4b6333aa3ced@group-F043E0AED0ED-LeaderElection273] INFO  impl.LeaderElection (LeaderElection.java:askForVotes(178)) - aed1b97f-105e-4684-b087-4b6333aa3ced@group-F043E0AED0ED-LeaderElection273: begin an election at term 307 for -1: [aed1b97f-105e-4684-b087-4b6333aa3ced:192.168.157.195:34943, 1c51b35f-55cb-4636-a00c-83d34bf2d9d4:192.168.157.195:34693, d21ee1f1-33f6-483c-a18b-27782ce1915a:192.168.157.195:46462], old=null
2019-10-23 22:22:18,385 [grpc-default-executor-3] INFO  impl.RaftServerImpl (RaftServerImpl.java:setRole(184)) - 1c51b35f-55cb-4636-a00c-83d34bf2d9d4@group-F043E0AED0ED: changes role from  FOLLOWER to FOLLOWER at term 307 for recognizeCandidate:aed1b97f-105e-4684-b087-4b6333aa3ced
2019-10-23 22:22:18,385 [grpc-default-executor-3] INFO  impl.RoleInfo (RoleInfo.java:shutdownFollowerState(121)) - 1c51b35f-55cb-4636-a00c-83d34bf2d9d4: shutdown FollowerState
2019-10-23 22:22:18,385 [grpc-default-executor-0] INFO  impl.RaftServerImpl (RaftServerImpl.java:setRole(184)) - d21ee1f1-33f6-483c-a18b-27782ce1915a@group-F043E0AED0ED: changes role from  FOLLOWER to FOLLOWER at term 307 for recognizeCandidate:aed1b97f-105e-4684-b087-4b6333aa3ced
2019-10-23 22:22:18,385 [Thread-2076] INFO  impl.FollowerState (FollowerState.java:run(117)) - 1c51b35f-55cb-4636-a00c-83d34bf2d9d4@group-F043E0AED0ED-FollowerState was interrupted: java.lang.InterruptedException: sleep interrupted
2019-10-23 22:22:18,385 [grpc-default-executor-3] INFO  impl.RoleInfo (RoleInfo.java:updateAndGet(143)) - 1c51b35f-55cb-4636-a00c-83d34bf2d9d4: start FollowerState
2019-10-23 22:22:18,385 [grpc-default-executor-0] INFO  impl.RoleInfo (RoleInfo.java:shutdownFollowerState(121)) - d21ee1f1-33f6-483c-a18b-27782ce1915a: shutdown FollowerState
2019-10-23 22:22:18,386 [grpc-default-executor-0] INFO  impl.RoleInfo (RoleInfo.java:updateAndGet(143)) - d21ee1f1-33f6-483c-a18b-27782ce1915a: start FollowerState
2019-10-23 22:22:18,386 [Thread-2077] INFO  impl.FollowerState (FollowerState.java:run(117)) - d21ee1f1-33f6-483c-a18b-27782ce1915a@group-F043E0AED0ED-FollowerState was interrupted: java.lang.InterruptedException: sleep interrupted
2019-10-23 22:22:18,400 [aed1b97f-105e-4684-b087-4b6333aa3ced@group-F043E0AED0ED-LeaderElection273] INFO  impl.LeaderElection (LeaderElection.java:logAndReturn(56)) - aed1b97f-105e-4684-b087-4b6333aa3ced@group-F043E0AED0ED-LeaderElection273: Election REJECTED; received 2 response(s) [aed1b97f-105e-4684-b087-4b6333aa3ced<-1c51b35f-55cb-4636-a00c-83d34bf2d9d4#0:FAIL-t307, aed1b97f-105e-4684-b087-4b6333aa3ced<-d21ee1f1-33f6-483c-a18b-27782ce1915a#0:FAIL-t307] and 0 exception(s); aed1b97f-105e-4684-b087-4b6333aa3ced@group-F043E0AED0ED:t307, leader=null, voted=aed1b97f-105e-4684-b087-4b6333aa3ced, raftlog=aed1b97f-105e-4684-b087-4b6333aa3ced@group-F043E0AED0ED-SegmentedRaftLog:OPENED:c-1,f-1,i0, conf=-1: [aed1b97f-105e-4684-b087-4b6333aa3ced:192.168.157.195:34943, 1c51b35f-55cb-4636-a00c-83d34bf2d9d4:192.168.157.195:34693, d21ee1f1-33f6-483c-a18b-27782ce1915a:192.168.157.195:46462], old=null
2019-10-23 22:22:18,400 [aed1b97f-105e-4684-b087-4b6333aa3ced@group-F043E0AED0ED-LeaderElection273] INFO  impl.RaftServerImpl (RaftServerImpl.java:setRole(184)) - aed1b97f-105e-4684-b087-4b6333aa3ced@group-F043E0AED0ED: changes role from CANDIDATE to FOLLOWER at term 307 for DISCOVERED_A_NEW_TERM
2019-10-23 22:22:18,400 [aed1b97f-105e-4684-b087-4b6333aa3ced@group-F043E0AED0ED-LeaderElection273] INFO  impl.RoleInfo (RoleInfo.java:shutdownLeaderElection(134)) - aed1b97f-105e-4684-b087-4b6333aa3ced: shutdown LeaderElection
2019-10-23 22:22:18,400 [aed1b97f-105e-4684-b087-4b6333aa3ced@group-F043E0AED0ED-LeaderElection273] INFO  impl.RoleInfo (RoleInfo.java:updateAndGet(143)) - aed1b97f-105e-4684-b087-4b6333aa3ced: start FollowerState
2019-10-23 22:22:18,476 [Thread-2084] INFO  impl.FollowerState (FollowerState.java:run(108)) - aed1b97f-105e-4684-b087-4b6333aa3ced@group-F043E0AED0ED-FollowerState: change to CANDIDATE, lastRpcTime:75ms, electionTimeout:75ms
2019-10-23 22:22:18,476 [Thread-2084] INFO  impl.RoleInfo (RoleInfo.java:shutdownFollowerState(121)) - aed1b97f-105e-4684-b087-4b6333aa3ced: shutdown FollowerState
2019-10-23 22:22:18,476 [Thread-2084] INFO  impl.RaftServerImpl (RaftServerImpl.java:setRole(184)) - aed1b97f-105e-4684-b087-4b6333aa3ced@group-F043E0AED0ED: changes role from  FOLLOWER to CANDIDATE at term 307 for changeToCandidate
2019-10-23 22:22:18,476 [Thread-2084] INFO  impl.RoleInfo (RoleInfo.java:updateAndGet(143)) - aed1b97f-105e-4684-b087-4b6333aa3ced: start LeaderElection
2019-10-23 22:22:18,489 [aed1b97f-105e-4684-b087-4b6333aa3ced@group-F043E0AED0ED-LeaderElection274] INFO  impl.LeaderElection (LeaderElection.java:askForVotes(178)) - aed1b97f-105e-4684-b087-4b6333aa3ced@group-F043E0AED0ED-LeaderElection274: begin an election at term 308 for -1: [aed1b97f-105e-4684-b087-4b6333aa3ced:192.168.157.195:34943, 1c51b35f-55cb-4636-a00c-83d34bf2d9d4:192.168.157.195:34693, d21ee1f1-33f6-483c-a18b-27782ce1915a:192.168.157.195:46462], old=null
2019-10-23 22:22:18,491 [grpc-default-executor-0] INFO  impl.RaftServerImpl (RaftServerImpl.java:setRole(184)) - 1c51b35f-55cb-4636-a00c-83d34bf2d9d4@group-F043E0AED0ED: changes role from  FOLLOWER to FOLLOWER at term 308 for recognizeCandidate:aed1b97f-105e-4684-b087-4b6333aa3ced
2019-10-23 22:22:18,491 [grpc-default-executor-0] INFO  impl.RoleInfo (RoleInfo.java:shutdownFollowerState(121)) - 1c51b35f-55cb-4636-a00c-83d34bf2d9d4: shutdown FollowerState
2019-10-23 22:22:18,491 [grpc-default-executor-3] INFO  impl.RaftServerImpl (RaftServerImpl.java:setRole(184)) - d21ee1f1-33f6-483c-a18b-27782ce1915a@group-F043E0AED0ED: changes role from  FOLLOWER to FOLLOWER at term 308 for recognizeCandidate:aed1b97f-105e-4684-b087-4b6333aa3ced
2019-10-23 22:22:18,491 [grpc-default-executor-3] INFO  impl.RoleInfo (RoleInfo.java:shutdownFollowerState(121)) - d21ee1f1-33f6-483c-a18b-27782ce1915a: shutdown FollowerState
2019-10-23 22:22:18,491 [Thread-2082] INFO  impl.FollowerState (FollowerState.java:run(117)) - 1c51b35f-55cb-4636-a00c-83d34bf2d9d4@group-F043E0AED0ED-FollowerState was interrupted: java.lang.InterruptedException: sleep interrupted
2019-10-23 22:22:18,492 [Thread-2083] INFO  impl.FollowerState (FollowerState.java:run(117)) - d21ee1f1-33f6-483c-a18b-27782ce1915a@group-F043E0AED0ED-FollowerState was interrupted: java.lang.InterruptedException: sleep interrupted
2019-10-23 22:22:18,491 [grpc-default-executor-0] INFO  impl.RoleInfo (RoleInfo.java:updateAndGet(143)) - 1c51b35f-55cb-4636-a00c-83d34bf2d9d4: start FollowerState
2019-10-23 22:22:18,492 [grpc-default-executor-3] INFO  impl.RoleInfo (RoleInfo.java:updateAndGet(143)) - d21ee1f1-33f6-483c-a18b-27782ce1915a: start FollowerState
2019-10-23 22:22:18,506 [aed1b97f-105e-4684-b087-4b6333aa3ced@group-F043E0AED0ED-LeaderElection274] INFO  impl.LeaderElection (LeaderElection.java:logAndReturn(56)) - aed1b97f-105e-4684-b087-4b6333aa3ced@group-F043E0AED0ED-LeaderElection274: Election REJECTED; received 2 response(s) [aed1b97f-105e-4684-b087-4b6333aa3ced<-1c51b35f-55cb-4636-a00c-83d34bf2d9d4#0:FAIL-t308, aed1b97f-105e-4684-b087-4b6333aa3ced<-d21ee1f1-33f6-483c-a18b-27782ce1915a#0:FAIL-t308] and 0 exception(s); aed1b97f-105e-4684-b087-4b6333aa3ced@group-F043E0AED0ED:t308, leader=null, voted=aed1b97f-105e-4684-b087-4b6333aa3ced, raftlog=aed1b97f-105e-4684-b087-4b6333aa3ced@group-F043E0AED0ED-SegmentedRaftLog:OPENED:c-1,f-1,i0, conf=-1: [aed1b97f-105e-4684-b087-4b6333aa3ced:192.168.157.195:34943, 1c51b35f-55cb-4636-a00c-83d34bf2d9d4:192.168.157.195:34693, d21ee1f1-33f6-483c-a18b-27782ce1915a:192.168.157.195:46462], old=null
2019-10-23 22:22:18,506 [aed1b97f-105e-4684-b087-4b6333aa3ced@group-F043E0AED0ED-LeaderElection274] INFO  impl.RaftServerImpl (RaftServerImpl.java:setRole(184)) - aed1b97f-105e-4684-b087-4b6333aa3ced@group-F043E0AED0ED: changes role from CANDIDATE to FOLLOWER at term 308 for DISCOVERED_A_NEW_TERM
2019-10-23 22:22:18,507 [aed1b97f-105e-4684-b087-4b6333aa3ced@group-F043E0AED0ED-LeaderElection274] INFO  impl.RoleInfo (RoleInfo.java:shutdownLeaderElection(134)) - aed1b97f-105e-4684-b087-4b6333aa3ced: shutdown LeaderElection
2019-10-23 22:22:18,507 [aed1b97f-105e-4684-b087-4b6333aa3ced@group-F043E0AED0ED-LeaderElection274] INFO  impl.RoleInfo (RoleInfo.java:updateAndGet(143)) - aed1b97f-105e-4684-b087-4b6333aa3ced: start FollowerState
2019-10-23 22:22:18,611 [Thread-2090] INFO  impl.FollowerState (FollowerState.java:run(108)) - aed1b97f-105e-4684-b087-4b6333aa3ced@group-F043E0AED0ED-FollowerState: change to CANDIDATE, lastRpcTime:104ms, electionTimeout:104ms
2019-10-23 22:22:18,611 [Thread-2090] INFO  impl.RoleInfo (RoleInfo.java:shutdownFollowerState(121)) - aed1b97f-105e-4684-b087-4b6333aa3ced: shutdown FollowerState
2019-10-23 22:22:18,611 [Thread-2090] INFO  impl.RaftServerImpl (RaftServerImpl.java:setRole(184)) - aed1b97f-105e-4684-b087-4b6333aa3ced@group-F043E0AED0ED: changes role from  FOLLOWER to CANDIDATE at term 308 for changeToCandidate
2019-10-23 22:22:18,611 [Thread-2090] INFO  impl.RoleInfo (RoleInfo.java:updateAndGet(143)) - aed1b97f-105e-4684-b087-4b6333aa3ced: start LeaderElection
2019-10-23 22:22:18,625 [aed1b97f-105e-4684-b087-4b6333aa3ced@group-F043E0AED0ED-LeaderElection275] INFO  impl.LeaderElection (LeaderElection.java:askForVotes(178)) - aed1b97f-105e-4684-b087-4b6333aa3ced@group-F043E0AED0ED-LeaderElection275: begin an election at term 309 for -1: [aed1b97f-105e-4684-b087-4b6333aa3ced:192.168.157.195:34943, 1c51b35f-55cb-4636-a00c-83d34bf2d9d4:192.168.157.195:34693, d21ee1f1-33f6-483c-a18b-27782ce1915a:192.168.157.195:46462], old=null
2019-10-23 22:22:18,627 [grpc-default-executor-0] INFO  impl.RaftServerImpl (RaftServerImpl.java:setRole(184)) - 1c51b35f-55cb-4636-a00c-83d34bf2d9d4@group-F043E0AED0ED: changes role from  FOLLOWER to FOLLOWER at term 309 for recognizeCandidate:aed1b97f-105e-4684-b087-4b6333aa3ced
2019-10-23 22:22:18,627 [grpc-default-executor-0] INFO  impl.RoleInfo (RoleInfo.java:shutdownFollowerState(121)) - 1c51b35f-55cb-4636-a00c-83d34bf2d9d4: shutdown FollowerState
2019-10-23 22:22:18,627 [grpc-default-executor-3] INFO  impl.RaftServerImpl (RaftServerImpl.java:setRole(184)) - d21ee1f1-33f6-483c-a18b-27782ce1915a@group-F043E0AED0ED: changes role from  FOLLOWER to FOLLOWER at term 309 for recognizeCandidate:aed1b97f-105e-4684-b087-4b6333aa3ced
2019-10-23 22:22:18,627 [grpc-default-executor-3] INFO  impl.RoleInfo (RoleInfo.java:shutdownFollowerState(121)) - d21ee1f1-33f6-483c-a18b-27782ce1915a: shutdown FollowerState
2019-10-23 22:22:18,627 [Thread-2088] INFO  impl.FollowerState (FollowerState.java:run(117)) - 1c51b35f-55cb-4636-a00c-83d34bf2d9d4@group-F043E0AED0ED-FollowerState was interrupted: java.lang.InterruptedException: sleep interrupted
2019-10-23 22:22:18,627 [grpc-default-executor-0] INFO  impl.RoleInfo (RoleInfo.java:updateAndGet(143)) - 1c51b35f-55cb-4636-a00c-83d34bf2d9d4: start FollowerState
2019-10-23 22:22:18,628 [Thread-2089] INFO  impl.FollowerState (FollowerState.java:run(117)) - d21ee1f1-33f6-483c-a18b-27782ce1915a@group-F043E0AED0ED-FollowerState was interrupted: java.lang.InterruptedException: sleep interrupted
2019-10-23 22:22:18,628 [grpc-default-executor-3] INFO  impl.RoleInfo (RoleInfo.java:updateAndGet(143)) - d21ee1f1-33f6-483c-a18b-27782ce1915a: start FollowerState
2019-10-23 22:22:18,642 [aed1b97f-105e-4684-b087-4b6333aa3ced@group-F043E0AED0ED-LeaderElection275] INFO  impl.LeaderElection (LeaderElection.java:logAndReturn(56)) - aed1b97f-105e-4684-b087-4b6333aa3ced@group-F043E0AED0ED-LeaderElection275: Election REJECTED; received 2 response(s) [aed1b97f-105e-4684-b087-4b6333aa3ced<-1c51b35f-55cb-4636-a00c-83d34bf2d9d4#0:FAIL-t309, aed1b97f-105e-4684-b087-4b6333aa3ced<-d21ee1f1-33f6-483c-a18b-27782ce1915a#0:FAIL-t309] and 0 exception(s); aed1b97f-105e-4684-b087-4b6333aa3ced@group-F043E0AED0ED:t309, leader=null, voted=aed1b97f-105e-4684-b087-4b6333aa3ced, raftlog=aed1b97f-105e-4684-b087-4b6333aa3ced@group-F043E0AED0ED-SegmentedRaftLog:OPENED:c-1,f-1,i0, conf=-1: [aed1b97f-105e-4684-b087-4b6333aa3ced:192.168.157.195:34943, 1c51b35f-55cb-4636-a00c-83d34bf2d9d4:192.168.157.195:34693, d21ee1f1-33f6-483c-a18b-27782ce1915a:192.168.157.195:46462], old=null
2019-10-23 22:22:18,642 [aed1b97f-105e-4684-b087-4b6333aa3ced@group-F043E0AED0ED-LeaderElection275] INFO  impl.RaftServerImpl (RaftServerImpl.java:setRole(184)) - aed1b97f-105e-4684-b087-4b6333aa3ced@group-F043E0AED0ED: changes role from CANDIDATE to FOLLOWER at term 309 for DISCOVERED_A_NEW_TERM
2019-10-23 22:22:18,642 [aed1b97f-105e-4684-b087-4b6333aa3ced@group-F043E0AED0ED-LeaderElection275] INFO  impl.RoleInfo (RoleInfo.java:shutdownLeaderElection(134)) - aed1b97f-105e-4684-b087-4b6333aa3ced: shutdown LeaderElection
2019-10-23 22:22:18,642 [aed1b97f-105e-4684-b087-4b6333aa3ced@group-F043E0AED0ED-LeaderElection275] INFO  impl.RoleInfo (RoleInfo.java:updateAndGet(143)) - aed1b97f-105e-4684-b087-4b6333aa3ced: start FollowerState
2019-10-23 22:22:18,833 [Thread-2096] INFO  impl.FollowerState (FollowerState.java:run(108)) - aed1b97f-105e-4684-b087-4b6333aa3ced@group-F043E0AED0ED-FollowerState: change to CANDIDATE, lastRpcTime:190ms, electionTimeout:190ms
2019-10-23 22:22:18,833 [Thread-2096] INFO  impl.RoleInfo (RoleInfo.java:shutdownFollowerState(121)) - aed1b97f-105e-4684-b087-4b6333aa3ced: shutdown FollowerState
2019-10-23 22:22:18,833 [Thread-2096] INFO  impl.RaftServerImpl (RaftServerImpl.java:setRole(184)) - aed1b97f-105e-4684-b087-4b6333aa3ced@group-F043E0AED0ED: changes role from  FOLLOWER to CANDIDATE at term 309 for changeToCandidate
2019-10-23 22:22:18,833 [Thread-2096] INFO  impl.RoleInfo (RoleInfo.java:updateAndGet(143)) - aed1b97f-105e-4684-b087-4b6333aa3ced: start LeaderElection
2019-10-23 22:22:18,846 [aed1b97f-105e-4684-b087-4b6333aa3ced@group-F043E0AED0ED-LeaderElection276] INFO  impl.LeaderElection (LeaderElection.java:askForVotes(178)) - aed1b97f-105e-4684-b087-4b6333aa3ced@group-F043E0AED0ED-LeaderElection276: begin an election at term 310 for -1: [aed1b97f-105e-4684-b087-4b6333aa3ced:192.168.157.195:34943, 1c51b35f-55cb-4636-a00c-83d34bf2d9d4:192.168.157.195:34693, d21ee1f1-33f6-483c-a18b-27782ce1915a:192.168.157.195:46462], old=null
2019-10-23 22:22:18,848 [grpc-default-executor-0] INFO  impl.RaftServerImpl (RaftServerImpl.java:setRole(184)) - 1c51b35f-55cb-4636-a00c-83d34bf2d9d4@group-F043E0AED0ED: changes role from  FOLLOWER to FOLLOWER at term 310 for recognizeCandidate:aed1b97f-105e-4684-b087-4b6333aa3ced
2019-10-23 22:22:18,848 [grpc-default-executor-0] INFO  impl.RoleInfo (RoleInfo.java:shutdownFollowerState(121)) - 1c51b35f-55cb-4636-a00c-83d34bf2d9d4: shutdown FollowerState
2019-10-23 22:22:18,848 [grpc-default-executor-3] INFO  impl.RaftServerImpl (RaftServerImpl.java:setRole(184)) - d21ee1f1-33f6-483c-a18b-27782ce1915a@group-F043E0AED0ED: changes role from  FOLLOWER to FOLLOWER at term 310 for recognizeCandidate:aed1b97f-105e-4684-b087-4b6333aa3ced
2019-10-23 22:22:18,848 [Thread-2094] INFO  impl.FollowerState (FollowerState.java:run(117)) - 1c51b35f-55cb-4636-a00c-83d34bf2d9d4@group-F043E0AED0ED-FollowerState was interrupted: java.lang.InterruptedException: sleep interrupted
2019-10-23 22:22:18,848 [grpc-default-executor-0] INFO  impl.RoleInfo (RoleInfo.java:updateAndGet(143)) - 1c51b35f-55cb-4636-a00c-83d34bf2d9d4: start FollowerState
2019-10-23 22:22:18,849 [grpc-default-executor-3] INFO  impl.RoleInfo (RoleInfo.java:shutdownFollowerState(121)) - d21ee1f1-33f6-483c-a18b-27782ce1915a: shutdown FollowerState
2019-10-23 22:22:18,849 [grpc-default-executor-3] INFO  impl.RoleInfo (RoleInfo.java:updateAndGet(143)) - d21ee1f1-33f6-483c-a18b-27782ce1915a: start FollowerState
2019-10-23 22:22:18,849 [Thread-2095] INFO  impl.FollowerState (FollowerState.java:run(117)) - d21ee1f1-33f6-483c-a18b-27782ce1915a@group-F043E0AED0ED-FollowerState was interrupted: java.lang.InterruptedException: sleep interrupted
2019-10-23 22:22:18,884 [aed1b97f-105e-4684-b087-4b6333aa3ced@group-F043E0AED0ED-LeaderElection276] INFO  impl.LeaderElection (LeaderElection.java:logAndReturn(56)) - aed1b97f-105e-4684-b087-4b6333aa3ced@group-F043E0AED0ED-LeaderElection276: Election REJECTED; received 2 response(s) [aed1b97f-105e-4684-b087-4b6333aa3ced<-1c51b35f-55cb-4636-a00c-83d34bf2d9d4#0:FAIL-t310, aed1b97f-105e-4684-b087-4b6333aa3ced<-d21ee1f1-33f6-483c-a18b-27782ce1915a#0:FAIL-t310] and 0 exception(s); aed1b97f-105e-4684-b087-4b6333aa3ced@group-F043E0AED0ED:t310, leader=null, voted=aed1b97f-105e-4684-b087-4b6333aa3ced, raftlog=aed1b97f-105e-4684-b087-4b6333aa3ced@group-F043E0AED0ED-SegmentedRaftLog:OPENED:c-1,f-1,i0, conf=-1: [aed1b97f-105e-4684-b087-4b6333aa3ced:192.168.157.195:34943, 1c51b35f-55cb-4636-a00c-83d34bf2d9d4:192.168.157.195:34693, d21ee1f1-33f6-483c-a18b-27782ce1915a:192.168.157.195:46462], old=null
2019-10-23 22:22:18,885 [aed1b97f-105e-4684-b087-4b6333aa3ced@group-F043E0AED0ED-LeaderElection276] INFO  impl.RaftServerImpl (RaftServerImpl.java:setRole(184)) - aed1b97f-105e-4684-b087-4b6333aa3ced@group-F043E0AED0ED: changes role from CANDIDATE to FOLLOWER at term 310 for DISCOVERED_A_NEW_TERM
2019-10-23 22:22:18,885 [aed1b97f-105e-4684-b087-4b6333aa3ced@group-F043E0AED0ED-LeaderElection276] INFO  impl.RoleInfo (RoleInfo.java:shutdownLeaderElection(134)) - aed1b97f-105e-4684-b087-4b6333aa3ced: shutdown LeaderElection
2019-10-23 22:22:18,885 [aed1b97f-105e-4684-b087-4b6333aa3ced@group-F043E0AED0ED-LeaderElection276] INFO  impl.RoleInfo (RoleInfo.java:updateAndGet(143)) - aed1b97f-105e-4684-b087-4b6333aa3ced: start FollowerState
2019-10-23 22:22:18,913 [Thread-2103] INFO  impl.FollowerState (FollowerState.java:run(108)) - aed1b97f-105e-4684-b087-4b6333aa3ced@group-F043E0AED0ED-FollowerState: change to CANDIDATE, lastRpcTime:28ms, electionTimeout:28ms
2019-10-23 22:22:18,914 [Thread-2103] INFO  impl.RoleInfo (RoleInfo.java:shutdownFollowerState(121)) - aed1b97f-105e-4684-b087-4b6333aa3ced: shutdown FollowerState
2019-10-23 22:22:18,914 [Thread-2103] INFO  impl.RaftServerImpl (RaftServerImpl.java:setRole(184)) - aed1b97f-105e-4684-b087-4b6333aa3ced@group-F043E0AED0ED: changes role from  FOLLOWER to CANDIDATE at term 310 for changeToCandidate
2019-10-23 22:22:18,914 [Thread-2103] INFO  impl.RoleInfo (RoleInfo.java:updateAndGet(143)) - aed1b97f-105e-4684-b087-4b6333aa3ced: start LeaderElection
2019-10-23 22:22:18,927 [aed1b97f-105e-4684-b087-4b6333aa3ced@group-F043E0AED0ED-LeaderElection277] INFO  impl.LeaderElection (LeaderElection.java:askForVotes(178)) - aed1b97f-105e-4684-b087-4b6333aa3ced@group-F043E0AED0ED-LeaderElection277: begin an election at term 311 for -1: [aed1b97f-105e-4684-b087-4b6333aa3ced:192.168.157.195:34943, 1c51b35f-55cb-4636-a00c-83d34bf2d9d4:192.168.157.195:34693, d21ee1f1-33f6-483c-a18b-27782ce1915a:192.168.157.195:46462], old=null
2019-10-23 22:22:18,929 [grpc-default-executor-0] INFO  impl.RaftServerImpl (RaftServerImpl.java:setRole(184)) - 1c51b35f-55cb-4636-a00c-83d34bf2d9d4@group-F043E0AED0ED: changes role from  FOLLOWER to FOLLOWER at term 311 for recognizeCandidate:aed1b97f-105e-4684-b087-4b6333aa3ced
2019-10-23 22:22:18,929 [grpc-default-executor-0] INFO  impl.RoleInfo (RoleInfo.java:shutdownFollowerState(121)) - 1c51b35f-55cb-4636-a00c-83d34bf2d9d4: shutdown FollowerState
2019-10-23 22:22:18,929 [grpc-default-executor-3] INFO  impl.RaftServerImpl (RaftServerImpl.java:setRole(184)) - d21ee1f1-33f6-483c-a18b-27782ce1915a@group-F043E0AED0ED: changes role from  FOLLOWER to FOLLOWER at term 311 for recognizeCandidate:aed1b97f-105e-4684-b087-4b6333aa3ced
2019-10-23 22:22:18,929 [grpc-default-executor-3] INFO  impl.RoleInfo (RoleInfo.java:shutdownFollowerState(121)) - d21ee1f1-33f6-483c-a18b-27782ce1915a: shutdown FollowerState
2019-10-23 22:22:18,929 [Thread-2101] INFO  impl.FollowerState (FollowerState.java:run(117)) - 1c51b35f-55cb-4636-a00c-83d34bf2d9d4@group-F043E0AED0ED-FollowerState was interrupted: java.lang.InterruptedException: sleep interrupted
2019-10-23 22:22:18,929 [Thread-2102] INFO  impl.FollowerState (FollowerState.java:run(117)) - d21ee1f1-33f6-483c-a18b-27782ce1915a@group-F043E0AED0ED-FollowerState was interrupted: java.lang.InterruptedException: sleep interrupted
2019-10-23 22:22:18,929 [grpc-default-executor-0] INFO  impl.RoleInfo (RoleInfo.java:updateAndGet(143)) - 1c51b35f-55cb-4636-a00c-83d34bf2d9d4: start FollowerState
2019-10-23 22:22:18,929 [grpc-default-executor-3] INFO  impl.RoleInfo (RoleInfo.java:updateAndGet(143)) - d21ee1f1-33f6-483c-a18b-27782ce1915a: start FollowerState
2019-10-23 22:22:18,943 [aed1b97f-105e-4684-b087-4b6333aa3ced@group-F043E0AED0ED-LeaderElection277] INFO  impl.LeaderElection (LeaderElection.java:logAndReturn(56)) - aed1b97f-105e-4684-b087-4b6333aa3ced@group-F043E0AED0ED-LeaderElection277: Election REJECTED; received 2 response(s) [aed1b97f-105e-4684-b087-4b6333aa3ced<-1c51b35f-55cb-4636-a00c-83d34bf2d9d4#0:FAIL-t311, aed1b97f-105e-4684-b087-4b6333aa3ced<-d21ee1f1-33f6-483c-a18b-27782ce1915a#0:FAIL-t311] and 0 exception(s); aed1b97f-105e-4684-b087-4b6333aa3ced@group-F043E0AED0ED:t311, leader=null, voted=aed1b97f-105e-4684-b087-4b6333aa3ced, raftlog=aed1b97f-105e-4684-b087-4b6333aa3ced@group-F043E0AED0ED-SegmentedRaftLog:OPENED:c-1,f-1,i0, conf=-1: [aed1b97f-105e-4684-b087-4b6333aa3ced:192.168.157.195:34943, 1c51b35f-55cb-4636-a00c-83d34bf2d9d4:192.168.157.195:34693, d21ee1f1-33f6-483c-a18b-27782ce1915a:192.168.157.195:46462], old=null
2019-10-23 22:22:18,944 [aed1b97f-105e-4684-b087-4b6333aa3ced@group-F043E0AED0ED-LeaderElection277] INFO  impl.RaftServerImpl (RaftServerImpl.java:setRole(184)) - aed1b97f-105e-4684-b087-4b6333aa3ced@group-F043E0AED0ED: changes role from CANDIDATE to FOLLOWER at term 311 for DISCOVERED_A_NEW_TERM
2019-10-23 22:22:18,944 [aed1b97f-105e-4684-b087-4b6333aa3ced@group-F043E0AED0ED-LeaderElection277] INFO  impl.RoleInfo (RoleInfo.java:shutdownLeaderElection(134)) - aed1b97f-105e-4684-b087-4b6333aa3ced: shutdown LeaderElection
2019-10-23 22:22:18,944 [aed1b97f-105e-4684-b087-4b6333aa3ced@group-F043E0AED0ED-LeaderElection277] INFO  impl.RoleInfo (RoleInfo.java:updateAndGet(143)) - aed1b97f-105e-4684-b087-4b6333aa3ced: start FollowerState
2019-10-23 22:22:19,048 [Thread-2109] INFO  impl.FollowerState (FollowerState.java:run(108)) - aed1b97f-105e-4684-b087-4b6333aa3ced@group-F043E0AED0ED-FollowerState: change to CANDIDATE, lastRpcTime:104ms, electionTimeout:104ms
2019-10-23 22:22:19,048 [Thread-2109] INFO  impl.RoleInfo (RoleInfo.java:shutdownFollowerState(121)) - aed1b97f-105e-4684-b087-4b6333aa3ced: shutdown FollowerState
2019-10-23 22:22:19,049 [Thread-2109] INFO  impl.RaftServerImpl (RaftServerImpl.java:setRole(184)) - aed1b97f-105e-4684-b087-4b6333aa3ced@group-F043E0AED0ED: changes role from  FOLLOWER to CANDIDATE at term 311 for changeToCandidate
2019-10-23 22:22:19,049 [Thread-2109] INFO  impl.RoleInfo (RoleInfo.java:updateAndGet(143)) - aed1b97f-105e-4684-b087-4b6333aa3ced: start LeaderElection
2019-10-23 22:22:19,062 [aed1b97f-105e-4684-b087-4b6333aa3ced@group-F043E0AED0ED-LeaderElection278] INFO  impl.LeaderElection (LeaderElection.java:askForVotes(178)) - aed1b97f-105e-4684-b087-4b6333aa3ced@group-F043E0AED0ED-LeaderElection278: begin an election at term 312 for -1: [aed1b97f-105e-4684-b087-4b6333aa3ced:192.168.157.195:34943, 1c51b35f-55cb-4636-a00c-83d34bf2d9d4:192.168.157.195:34693, d21ee1f1-33f6-483c-a18b-27782ce1915a:192.168.157.195:46462], old=null
2019-10-23 22:22:19,064 [grpc-default-executor-3] INFO  impl.RaftServerImpl (RaftServerImpl.java:setRole(184)) - 1c51b35f-55cb-4636-a00c-83d34bf2d9d4@group-F043E0AED0ED: changes role from  FOLLOWER to FOLLOWER at term 312 for recognizeCandidate:aed1b97f-105e-4684-b087-4b6333aa3ced
2019-10-23 22:22:19,064 [grpc-default-executor-0] INFO  impl.RaftServerImpl (RaftServerImpl.java:setRole(184)) - d21ee1f1-33f6-483c-a18b-27782ce1915a@group-F043E0AED0ED: changes role from  FOLLOWER to FOLLOWER at term 312 for recognizeCandidate:aed1b97f-105e-4684-b087-4b6333aa3ced
2019-10-23 22:22:19,064 [grpc-default-executor-3] INFO  impl.RoleInfo (RoleInfo.java:shutdownFollowerState(121)) - 1c51b35f-55cb-4636-a00c-83d34bf2d9d4: shutdown FollowerState
2019-10-23 22:22:19,065 [grpc-default-executor-0] INFO  impl.RoleInfo (RoleInfo.java:shutdownFollowerState(121)) - d21ee1f1-33f6-483c-a18b-27782ce1915a: shutdown FollowerState
2019-10-23 22:22:19,065 [Thread-2107] INFO  impl.FollowerState (FollowerState.java:run(117)) - 1c51b35f-55cb-4636-a00c-83d34bf2d9d4@group-F043E0AED0ED-FollowerState was interrupted: java.lang.InterruptedException: sleep interrupted
2019-10-23 22:22:19,065 [grpc-default-executor-3] INFO  impl.RoleInfo (RoleInfo.java:updateAndGet(143)) - 1c51b35f-55cb-4636-a00c-83d34bf2d9d4: start FollowerState
2019-10-23 22:22:19,065 [Thread-2108] INFO  impl.FollowerState (FollowerState.java:run(117)) - d21ee1f1-33f6-483c-a18b-27782ce1915a@group-F043E0AED0ED-FollowerState was interrupted: java.lang.InterruptedException: sleep interrupted
2019-10-23 22:22:19,065 [grpc-default-executor-0] INFO  impl.RoleInfo (RoleInfo.java:updateAndGet(143)) - d21ee1f1-33f6-483c-a18b-27782ce1915a: start FollowerState
2019-10-23 22:22:19,079 [aed1b97f-105e-4684-b087-4b6333aa3ced@group-F043E0AED0ED-LeaderElection278] INFO  impl.LeaderElection (LeaderElection.java:logAndReturn(56)) - aed1b97f-105e-4684-b087-4b6333aa3ced@group-F043E0AED0ED-LeaderElection278: Election REJECTED; received 2 response(s) [aed1b97f-105e-4684-b087-4b6333aa3ced<-1c51b35f-55cb-4636-a00c-83d34bf2d9d4#0:FAIL-t312, aed1b97f-105e-4684-b087-4b6333aa3ced<-d21ee1f1-33f6-483c-a18b-27782ce1915a#0:FAIL-t312] and 0 exception(s); aed1b97f-105e-4684-b087-4b6333aa3ced@group-F043E0AED0ED:t312, leader=null, voted=aed1b97f-105e-4684-b087-4b6333aa3ced, raftlog=aed1b97f-105e-4684-b087-4b6333aa3ced@group-F043E0AED0ED-SegmentedRaftLog:OPENED:c-1,f-1,i0, conf=-1: [aed1b97f-105e-4684-b087-4b6333aa3ced:192.168.157.195:34943, 1c51b35f-55cb-4636-a00c-83d34bf2d9d4:192.168.157.195:34693, d21ee1f1-33f6-483c-a18b-27782ce1915a:192.168.157.195:46462], old=null
2019-10-23 22:22:19,080 [aed1b97f-105e-4684-b087-4b6333aa3ced@group-F043E0AED0ED-LeaderElection278] INFO  impl.RaftServerImpl (RaftServerImpl.java:setRole(184)) - aed1b97f-105e-4684-b087-4b6333aa3ced@group-F043E0AED0ED: changes role from CANDIDATE to FOLLOWER at term 312 for DISCOVERED_A_NEW_TERM
2019-10-23 22:22:19,080 [aed1b97f-105e-4684-b087-4b6333aa3ced@group-F043E0AED0ED-LeaderElection278] INFO  impl.RoleInfo (RoleInfo.java:shutdownLeaderElection(134)) - aed1b97f-105e-4684-b087-4b6333aa3ced: shutdown LeaderElection
2019-10-23 22:22:19,080 [aed1b97f-105e-4684-b087-4b6333aa3ced@group-F043E0AED0ED-LeaderElection278] INFO  impl.RoleInfo (RoleInfo.java:updateAndGet(143)) - aed1b97f-105e-4684-b087-4b6333aa3ced: start FollowerState
2019-10-23 22:22:19,094 [Thread-2115] INFO  impl.FollowerState (FollowerState.java:run(108)) - aed1b97f-105e-4684-b087-4b6333aa3ced@group-F043E0AED0ED-FollowerState: change to CANDIDATE, lastRpcTime:14ms, electionTimeout:14ms
2019-10-23 22:22:19,094 [Thread-2115] INFO  impl.RoleInfo (RoleInfo.java:shutdownFollowerState(121)) - aed1b97f-105e-4684-b087-4b6333aa3ced: shutdown FollowerState
2019-10-23 22:22:19,095 [Thread-2115] INFO  impl.RaftServerImpl (RaftServerImpl.java:setRole(184)) - aed1b97f-105e-4684-b087-4b6333aa3ced@group-F043E0AED0ED: changes role from  FOLLOWER to CANDIDATE at term 312 for changeToCandidate
2019-10-23 22:22:19,095 [Thread-2115] INFO  impl.RoleInfo (RoleInfo.java:updateAndGet(143)) - aed1b97f-105e-4684-b087-4b6333aa3ced: start LeaderElection
2019-10-23 22:22:19,108 [aed1b97f-105e-4684-b087-4b6333aa3ced@group-F043E0AED0ED-LeaderElection279] INFO  impl.LeaderElection (LeaderElection.java:askForVotes(178)) - aed1b97f-105e-4684-b087-4b6333aa3ced@group-F043E0AED0ED-LeaderElection279: begin an election at term 313 for -1: [aed1b97f-105e-4684-b087-4b6333aa3ced:192.168.157.195:34943, 1c51b35f-55cb-4636-a00c-83d34bf2d9d4:192.168.157.195:34693, d21ee1f1-33f6-483c-a18b-27782ce1915a:192.168.157.195:46462], old=null
2019-10-23 22:22:19,110 [grpc-default-executor-3] INFO  impl.RaftServerImpl (RaftServerImpl.java:setRole(184)) - 1c51b35f-55cb-4636-a00c-83d34bf2d9d4@group-F043E0AED0ED: changes role from  FOLLOWER to FOLLOWER at term 313 for recognizeCandidate:aed1b97f-105e-4684-b087-4b6333aa3ced
2019-10-23 22:22:19,110 [grpc-default-executor-3] INFO  impl.RoleInfo (RoleInfo.java:shutdownFollowerState(121)) - 1c51b35f-55cb-4636-a00c-83d34bf2d9d4: shutdown FollowerState
2019-10-23 22:22:19,110 [grpc-default-executor-3] INFO  impl.RoleInfo (RoleInfo.java:updateAndGet(143)) - 1c51b35f-55cb-4636-a00c-83d34bf2d9d4: start FollowerState
2019-10-23 22:22:19,110 [Thread-2113] INFO  impl.FollowerState (FollowerState.java:run(117)) - 1c51b35f-55cb-4636-a00c-83d34bf2d9d4@group-F043E0AED0ED-FollowerState was interrupted: java.lang.InterruptedException: sleep interrupted
2019-10-23 22:22:19,110 [grpc-default-executor-0] INFO  impl.RaftServerImpl (RaftServerImpl.java:setRole(184)) - d21ee1f1-33f6-483c-a18b-27782ce1915a@group-F043E0AED0ED: changes role from  FOLLOWER to FOLLOWER at term 313 for recognizeCandidate:aed1b97f-105e-4684-b087-4b6333aa3ced
2019-10-23 22:22:19,110 [grpc-default-executor-0] INFO  impl.RoleInfo (RoleInfo.java:shutdownFollowerState(121)) - d21ee1f1-33f6-483c-a18b-27782ce1915a: shutdown FollowerState
2019-10-23 22:22:19,111 [grpc-default-executor-0] INFO  impl.RoleInfo (RoleInfo.java:updateAndGet(143)) - d21ee1f1-33f6-483c-a18b-27782ce1915a: start FollowerState
2019-10-23 22:22:19,111 [Thread-2114] INFO  impl.FollowerState (FollowerState.java:run(117)) - d21ee1f1-33f6-483c-a18b-27782ce1915a@group-F043E0AED0ED-FollowerState was interrupted: java.lang.InterruptedException: sleep interrupted
2019-10-23 22:22:19,126 [aed1b97f-105e-4684-b087-4b6333aa3ced@group-F043E0AED0ED-LeaderElection279] INFO  impl.LeaderElection (LeaderElection.java:logAndReturn(56)) - aed1b97f-105e-4684-b087-4b6333aa3ced@group-F043E0AED0ED-LeaderElection279: Election REJECTED; received 2 response(s) [aed1b97f-105e-4684-b087-4b6333aa3ced<-1c51b35f-55cb-4636-a00c-83d34bf2d9d4#0:FAIL-t313, aed1b97f-105e-4684-b087-4b6333aa3ced<-d21ee1f1-33f6-483c-a18b-27782ce1915a#0:FAIL-t313] and 0 exception(s); aed1b97f-105e-4684-b087-4b6333aa3ced@group-F043E0AED0ED:t313, leader=null, voted=aed1b97f-105e-4684-b087-4b6333aa3ced, raftlog=aed1b97f-105e-4684-b087-4b6333aa3ced@group-F043E0AED0ED-SegmentedRaftLog:OPENED:c-1,f-1,i0, conf=-1: [aed1b97f-105e-4684-b087-4b6333aa3ced:192.168.157.195:34943, 1c51b35f-55cb-4636-a00c-83d34bf2d9d4:192.168.157.195:34693, d21ee1f1-33f6-483c-a18b-27782ce1915a:192.168.157.195:46462], old=null
2019-10-23 22:22:19,126 [aed1b97f-105e-4684-b087-4b6333aa3ced@group-F043E0AED0ED-LeaderElection279] INFO  impl.RaftServerImpl (RaftServerImpl.java:setRole(184)) - aed1b97f-105e-4684-b087-4b6333aa3ced@group-F043E0AED0ED: changes role from CANDIDATE to FOLLOWER at term 313 for DISCOVERED_A_NEW_TERM
2019-10-23 22:22:19,126 [aed1b97f-105e-4684-b087-4b6333aa3ced@group-F043E0AED0ED-LeaderElection279] INFO  impl.RoleInfo (RoleInfo.java:shutdownLeaderElection(134)) - aed1b97f-105e-4684-b087-4b6333aa3ced: shutdown LeaderElection
2019-10-23 22:22:19,126 [aed1b97f-105e-4684-b087-4b6333aa3ced@group-F043E0AED0ED-LeaderElection279] INFO  impl.RoleInfo (RoleInfo.java:updateAndGet(143)) - aed1b97f-105e-4684-b087-4b6333aa3ced: start FollowerState
2019-10-23 22:22:19,227 [Thread-2121] INFO  impl.FollowerState (FollowerState.java:run(108)) - aed1b97f-105e-4684-b087-4b6333aa3ced@group-F043E0AED0ED-FollowerState: change to CANDIDATE, lastRpcTime:100ms, electionTimeout:100ms
2019-10-23 22:22:19,227 [Thread-2121] INFO  impl.RoleInfo (RoleInfo.java:shutdownFollowerState(121)) - aed1b97f-105e-4684-b087-4b6333aa3ced: shutdown FollowerState
2019-10-23 22:22:19,227 [Thread-2121] INFO  impl.RaftServerImpl (RaftServerImpl.java:setRole(184)) - aed1b97f-105e-4684-b087-4b6333aa3ced@group-F043E0AED0ED: changes role from  FOLLOWER to CANDIDATE at term 313 for changeToCandidate
2019-10-23 22:22:19,227 [Thread-2121] INFO  impl.RoleInfo (RoleInfo.java:updateAndGet(143)) - aed1b97f-105e-4684-b087-4b6333aa3ced: start LeaderElection
2019-10-23 22:22:19,242 [aed1b97f-105e-4684-b087-4b6333aa3ced@group-F043E0AED0ED-LeaderElection280] INFO  impl.LeaderElection (LeaderElection.java:askForVotes(178)) - aed1b97f-105e-4684-b087-4b6333aa3ced@group-F043E0AED0ED-LeaderElection280: begin an election at term 314 for -1: [aed1b97f-105e-4684-b087-4b6333aa3ced:192.168.157.195:34943, 1c51b35f-55cb-4636-a00c-83d34bf2d9d4:192.168.157.195:34693, d21ee1f1-33f6-483c-a18b-27782ce1915a:192.168.157.195:46462], old=null
2019-10-23 22:22:19,244 [grpc-default-executor-3] INFO  impl.RaftServerImpl (RaftServerImpl.java:setRole(184)) - 1c51b35f-55cb-4636-a00c-83d34bf2d9d4@group-F043E0AED0ED: changes role from  FOLLOWER to FOLLOWER at term 314 for recognizeCandidate:aed1b97f-105e-4684-b087-4b6333aa3ced
2019-10-23 22:22:19,244 [grpc-default-executor-3] INFO  impl.RoleInfo (RoleInfo.java:shutdownFollowerState(121)) - 1c51b35f-55cb-4636-a00c-83d34bf2d9d4: shutdown FollowerState
2019-10-23 22:22:19,244 [grpc-default-executor-0] INFO  impl.RaftServerImpl (RaftServerImpl.java:setRole(184)) - d21ee1f1-33f6-483c-a18b-27782ce1915a@group-F043E0AED0ED: changes role from  FOLLOWER to FOLLOWER at term 314 for recognizeCandidate:aed1b97f-105e-4684-b087-4b6333aa3ced
2019-10-23 22:22:19,244 [Thread-2119] INFO  impl.FollowerState (FollowerState.java:run(117)) - 1c51b35f-55cb-4636-a00c-83d34bf2d9d4@group-F043E0AED0ED-FollowerState was interrupted: java.lang.InterruptedException: sleep interrupted
2019-10-23 22:22:19,244 [grpc-default-executor-3] INFO  impl.RoleInfo (RoleInfo.java:updateAndGet(143)) - 1c51b35f-55cb-4636-a00c-83d34bf2d9d4: start FollowerState
2019-10-23 22:22:19,244 [grpc-default-executor-0] INFO  impl.RoleInfo (RoleInfo.java:shutdownFollowerState(121)) - d21ee1f1-33f6-483c-a18b-27782ce1915a: shutdown FollowerState
2019-10-23 22:22:19,245 [grpc-default-executor-0] INFO  impl.RoleInfo (RoleInfo.java:updateAndGet(143)) - d21ee1f1-33f6-483c-a18b-27782ce1915a: start FollowerState
2019-10-23 22:22:19,245 [Thread-2120] INFO  impl.FollowerState (FollowerState.java:run(117)) - d21ee1f1-33f6-483c-a18b-27782ce1915a@group-F043E0AED0ED-FollowerState was interrupted: java.lang.InterruptedException: sleep interrupted
2019-10-23 22:22:19,260 [aed1b97f-105e-4684-b087-4b6333aa3ced@group-F043E0AED0ED-LeaderElection280] INFO  impl.LeaderElection (LeaderElection.java:logAndReturn(56)) - aed1b97f-105e-4684-b087-4b6333aa3ced@group-F043E0AED0ED-LeaderElection280: Election REJECTED; received 2 response(s) [aed1b97f-105e-4684-b087-4b6333aa3ced<-1c51b35f-55cb-4636-a00c-83d34bf2d9d4#0:FAIL-t314, aed1b97f-105e-4684-b087-4b6333aa3ced<-d21ee1f1-33f6-483c-a18b-27782ce1915a#0:FAIL-t314] and 0 exception(s); aed1b97f-105e-4684-b087-4b6333aa3ced@group-F043E0AED0ED:t314, leader=null, voted=aed1b97f-105e-4684-b087-4b6333aa3ced, raftlog=aed1b97f-105e-4684-b087-4b6333aa3ced@group-F043E0AED0ED-SegmentedRaftLog:OPENED:c-1,f-1,i0, conf=-1: [aed1b97f-105e-4684-b087-4b6333aa3ced:192.168.157.195:34943, 1c51b35f-55cb-4636-a00c-83d34bf2d9d4:192.168.157.195:34693, d21ee1f1-33f6-483c-a18b-27782ce1915a:192.168.157.195:46462], old=null
2019-10-23 22:22:19,260 [aed1b97f-105e-4684-b087-4b6333aa3ced@group-F043E0AED0ED-LeaderElection280] INFO  impl.RaftServerImpl (RaftServerImpl.java:setRole(184)) - aed1b97f-105e-4684-b087-4b6333aa3ced@group-F043E0AED0ED: changes role from CANDIDATE to FOLLOWER at term 314 for DISCOVERED_A_NEW_TERM
2019-10-23 22:22:19,260 [aed1b97f-105e-4684-b087-4b6333aa3ced@group-F043E0AED0ED-LeaderElection280] INFO  impl.RoleInfo (RoleInfo.java:shutdownLeaderElection(134)) - aed1b97f-105e-4684-b087-4b6333aa3ced: shutdown LeaderElection
2019-10-23 22:22:19,260 [aed1b97f-105e-4684-b087-4b6333aa3ced@group-F043E0AED0ED-LeaderElection280] INFO  impl.RoleInfo (RoleInfo.java:updateAndGet(143)) - aed1b97f-105e-4684-b087-4b6333aa3ced: start FollowerState
2019-10-23 22:22:19,440 [Thread-2127] INFO  impl.FollowerState (FollowerState.java:run(108)) - aed1b97f-105e-4684-b087-4b6333aa3ced@group-F043E0AED0ED-FollowerState: change to CANDIDATE, lastRpcTime:179ms, electionTimeout:179ms
2019-10-23 22:22:19,440 [Thread-2127] INFO  impl.RoleInfo (RoleInfo.java:shutdownFollowerState(121)) - aed1b97f-105e-4684-b087-4b6333aa3ced: shutdown FollowerState
2019-10-23 22:22:19,440 [Thread-2127] INFO  impl.RaftServerImpl (RaftServerImpl.java:setRole(184)) - aed1b97f-105e-4684-b087-4b6333aa3ced@group-F043E0AED0ED: changes role from  FOLLOWER to CANDIDATE at term 314 for changeToCandidate
2019-10-23 22:22:19,441 [Thread-2127] INFO  impl.RoleInfo (RoleInfo.java:updateAndGet(143)) - aed1b97f-105e-4684-b087-4b6333aa3ced: start LeaderElection
2019-10-23 22:22:19,454 [aed1b97f-105e-4684-b087-4b6333aa3ced@group-F043E0AED0ED-LeaderElection281] INFO  impl.LeaderElection (LeaderElection.java:askForVotes(178)) - aed1b97f-105e-4684-b087-4b6333aa3ced@group-F043E0AED0ED-LeaderElection281: begin an election at term 315 for -1: [aed1b97f-105e-4684-b087-4b6333aa3ced:192.168.157.195:34943, 1c51b35f-55cb-4636-a00c-83d34bf2d9d4:192.168.157.195:34693, d21ee1f1-33f6-483c-a18b-27782ce1915a:192.168.157.195:46462], old=null
2019-10-23 22:22:19,458 [grpc-default-executor-3] INFO  impl.RaftServerImpl (RaftServerImpl.java:setRole(184)) - d21ee1f1-33f6-483c-a18b-27782ce1915a@group-F043E0AED0ED: changes role from  FOLLOWER to FOLLOWER at term 315 for recognizeCandidate:aed1b97f-105e-4684-b087-4b6333aa3ced
2019-10-23 22:22:19,458 [grpc-default-executor-0] INFO  impl.RaftServerImpl (RaftServerImpl.java:setRole(184)) - 1c51b35f-55cb-4636-a00c-83d34bf2d9d4@group-F043E0AED0ED: changes role from  FOLLOWER to FOLLOWER at term 315 for recognizeCandidate:aed1b97f-105e-4684-b087-4b6333aa3ced
2019-10-23 22:22:19,458 [grpc-default-executor-3] INFO  impl.RoleInfo (RoleInfo.java:shutdownFollowerState(121)) - d21ee1f1-33f6-483c-a18b-27782ce1915a: shutdown FollowerState
2019-10-23 22:22:19,458 [grpc-default-executor-0] INFO  impl.RoleInfo (RoleInfo.java:shutdownFollowerState(121)) - 1c51b35f-55cb-4636-a00c-83d34bf2d9d4: shutdown FollowerState
2019-10-23 22:22:19,459 [Thread-2126] INFO  impl.FollowerState (FollowerState.java:run(117)) - d21ee1f1-33f6-483c-a18b-27782ce1915a@group-F043E0AED0ED-FollowerState was interrupted: java.lang.InterruptedException: sleep interrupted
2019-10-23 22:22:19,459 [grpc-default-executor-3] INFO  impl.RoleInfo (RoleInfo.java:updateAndGet(143)) - d21ee1f1-33f6-483c-a18b-27782ce1915a: start FollowerState
2019-10-23 22:22:19,459 [Thread-2125] INFO  impl.FollowerState (FollowerState.java:run(117)) - 1c51b35f-55cb-4636-a00c-83d34bf2d9d4@group-F043E0AED0ED-FollowerState was interrupted: java.lang.InterruptedException: sleep interrupted
2019-10-23 22:22:19,459 [grpc-default-executor-0] INFO  impl.RoleInfo (RoleInfo.java:updateAndGet(143)) - 1c51b35f-55cb-4636-a00c-83d34bf2d9d4: start FollowerState
2019-10-23 22:22:19,473 [aed1b97f-105e-4684-b087-4b6333aa3ced@group-F043E0AED0ED-LeaderElection281] INFO  impl.LeaderElection (LeaderElection.java:logAndReturn(56)) - aed1b97f-105e-4684-b087-4b6333aa3ced@group-F043E0AED0ED-LeaderElection281: Election TIMEOUT; received 0 response(s) [] and 0 exception(s); aed1b97f-105e-4684-b087-4b6333aa3ced@group-F043E0AED0ED:t315, leader=null, voted=aed1b97f-105e-4684-b087-4b6333aa3ced, raftlog=aed1b97f-105e-4684-b087-4b6333aa3ced@group-F043E0AED0ED-SegmentedRaftLog:OPENED:c-1,f-1,i0, conf=-1: [aed1b97f-105e-4684-b087-4b6333aa3ced:192.168.157.195:34943, 1c51b35f-55cb-4636-a00c-83d34bf2d9d4:192.168.157.195:34693, d21ee1f1-33f6-483c-a18b-27782ce1915a:192.168.157.195:46462], old=null
2019-10-23 22:22:19,487 [aed1b97f-105e-4684-b087-4b6333aa3ced@group-F043E0AED0ED-LeaderElection281] INFO  impl.LeaderElection (LeaderElection.java:askForVotes(178)) - aed1b97f-105e-4684-b087-4b6333aa3ced@group-F043E0AED0ED-LeaderElection281: begin an election at term 316 for -1: [aed1b97f-105e-4684-b087-4b6333aa3ced:192.168.157.195:34943, 1c51b35f-55cb-4636-a00c-83d34bf2d9d4:192.168.157.195:34693, d21ee1f1-33f6-483c-a18b-27782ce1915a:192.168.157.195:46462], old=null
2019-10-23 22:22:19,489 [grpc-default-executor-0] INFO  impl.RaftServerImpl (RaftServerImpl.java:setRole(184)) - d21ee1f1-33f6-483c-a18b-27782ce1915a@group-F043E0AED0ED: changes role from  FOLLOWER to FOLLOWER at term 316 for recognizeCandidate:aed1b97f-105e-4684-b087-4b6333aa3ced
2019-10-23 22:22:19,489 [grpc-default-executor-0] INFO  impl.RoleInfo (RoleInfo.java:shutdownFollowerState(121)) - d21ee1f1-33f6-483c-a18b-27782ce1915a: shutdown FollowerState
2019-10-23 22:22:19,489 [grpc-default-executor-3] INFO  impl.RaftServerImpl (RaftServerImpl.java:setRole(184)) - 1c51b35f-55cb-4636-a00c-83d34bf2d9d4@group-F043E0AED0ED: changes role from  FOLLOWER to FOLLOWER at term 316 for recognizeCandidate:aed1b97f-105e-4684-b087-4b6333aa3ced
2019-10-23 22:22:19,489 [Thread-2133] INFO  impl.FollowerState (FollowerState.java:run(117)) - d21ee1f1-33f6-483c-a18b-27782ce1915a@group-F043E0AED0ED-FollowerState was interrupted: java.lang.InterruptedException: sleep interrupted
2019-10-23 22:22:19,489 [grpc-default-executor-0] INFO  impl.RoleInfo (RoleInfo.java:updateAndGet(143)) - d21ee1f1-33f6-483c-a18b-27782ce1915a: start FollowerState
2019-10-23 22:22:19,489 [grpc-default-executor-3] INFO  impl.RoleInfo (RoleInfo.java:shutdownFollowerState(121)) - 1c51b35f-55cb-4636-a00c-83d34bf2d9d4: shutdown FollowerState
2019-10-23 22:22:19,489 [grpc-default-executor-3] INFO  impl.RoleInfo (RoleInfo.java:updateAndGet(143)) - 1c51b35f-55cb-4636-a00c-83d34bf2d9d4: start FollowerState
2019-10-23 22:22:19,489 [Thread-2134] INFO  impl.FollowerState (FollowerState.java:run(117)) - 1c51b35f-55cb-4636-a00c-83d34bf2d9d4@group-F043E0AED0ED-FollowerState was interrupted: java.lang.InterruptedException: sleep interrupted
2019-10-23 22:22:19,503 [aed1b97f-105e-4684-b087-4b6333aa3ced@group-F043E0AED0ED-LeaderElection281] INFO  impl.LeaderElection (LeaderElection.java:logAndReturn(56)) - aed1b97f-105e-4684-b087-4b6333aa3ced@group-F043E0AED0ED-LeaderElection281: Election REJECTED; received 2 response(s) [aed1b97f-105e-4684-b087-4b6333aa3ced<-1c51b35f-55cb-4636-a00c-83d34bf2d9d4#0:FAIL-t316, aed1b97f-105e-4684-b087-4b6333aa3ced<-d21ee1f1-33f6-483c-a18b-27782ce1915a#0:FAIL-t316] and 0 exception(s); aed1b97f-105e-4684-b087-4b6333aa3ced@group-F043E0AED0ED:t316, leader=null, voted=aed1b97f-105e-4684-b087-4b6333aa3ced, raftlog=aed1b97f-105e-4684-b087-4b6333aa3ced@group-F043E0AED0ED-SegmentedRaftLog:OPENED:c-1,f-1,i0, conf=-1: [aed1b97f-105e-4684-b087-4b6333aa3ced:192.168.157.195:34943, 1c51b35f-55cb-4636-a00c-83d34bf2d9d4:192.168.157.195:34693, d21ee1f1-33f6-483c-a18b-27782ce1915a:192.168.157.195:46462], old=null
2019-10-23 22:22:19,503 [aed1b97f-105e-4684-b087-4b6333aa3ced@group-F043E0AED0ED-LeaderElection281] INFO  impl.RaftServerImpl (RaftServerImpl.java:setRole(184)) - aed1b97f-105e-4684-b087-4b6333aa3ced@group-F043E0AED0ED: changes role from CANDIDATE to FOLLOWER at term 316 for DISCOVERED_A_NEW_TERM
2019-10-23 22:22:19,503 [aed1b97f-105e-4684-b087-4b6333aa3ced@group-F043E0AED0ED-LeaderElection281] INFO  impl.RoleInfo (RoleInfo.java:shutdownLeaderElection(134)) - aed1b97f-105e-4684-b087-4b6333aa3ced: shutdown LeaderElection
2019-10-23 22:22:19,503 [aed1b97f-105e-4684-b087-4b6333aa3ced@group-F043E0AED0ED-LeaderElection281] INFO  impl.RoleInfo (RoleInfo.java:updateAndGet(143)) - aed1b97f-105e-4684-b087-4b6333aa3ced: start FollowerState
2019-10-23 22:22:19,686 [Thread-2139] INFO  impl.FollowerState (FollowerState.java:run(108)) - aed1b97f-105e-4684-b087-4b6333aa3ced@group-F043E0AED0ED-FollowerState: change to CANDIDATE, lastRpcTime:182ms, electionTimeout:182ms
2019-10-23 22:22:19,686 [Thread-2139] INFO  impl.RoleInfo (RoleInfo.java:shutdownFollowerState(121)) - aed1b97f-105e-4684-b087-4b6333aa3ced: shutdown FollowerState
2019-10-23 22:22:19,686 [Thread-2139] INFO  impl.RaftServerImpl (RaftServerImpl.java:setRole(184)) - aed1b97f-105e-4684-b087-4b6333aa3ced@group-F043E0AED0ED: changes role from  FOLLOWER to CANDIDATE at term 316 for changeToCandidate
2019-10-23 22:22:19,686 [Thread-2139] INFO  impl.RoleInfo (RoleInfo.java:updateAndGet(143)) - aed1b97f-105e-4684-b087-4b6333aa3ced: start LeaderElection
2019-10-23 22:22:19,701 [aed1b97f-105e-4684-b087-4b6333aa3ced@group-F043E0AED0ED-LeaderElection282] INFO  impl.LeaderElection (LeaderElection.java:askForVotes(178)) - aed1b97f-105e-4684-b087-4b6333aa3ced@group-F043E0AED0ED-LeaderElection282: begin an election at term 317 for -1: [aed1b97f-105e-4684-b087-4b6333aa3ced:192.168.157.195:34943, 1c51b35f-55cb-4636-a00c-83d34bf2d9d4:192.168.157.195:34693, d21ee1f1-33f6-483c-a18b-27782ce1915a:192.168.157.195:46462], old=null
2019-10-23 22:22:19,703 [grpc-default-executor-0] INFO  impl.RaftServerImpl (RaftServerImpl.java:setRole(184)) - 1c51b35f-55cb-4636-a00c-83d34bf2d9d4@group-F043E0AED0ED: changes role from  FOLLOWER to FOLLOWER at term 317 for recognizeCandidate:aed1b97f-105e-4684-b087-4b6333aa3ced
2019-10-23 22:22:19,703 [grpc-default-executor-3] INFO  impl.RaftServerImpl (RaftServerImpl.java:setRole(184)) - d21ee1f1-33f6-483c-a18b-27782ce1915a@group-F043E0AED0ED: changes role from  FOLLOWER to FOLLOWER at term 317 for recognizeCandidate:aed1b97f-105e-4684-b087-4b6333aa3ced
2019-10-23 22:22:19,703 [grpc-default-executor-0] INFO  impl.RoleInfo (RoleInfo.java:shutdownFollowerState(121)) - 1c51b35f-55cb-4636-a00c-83d34bf2d9d4: shutdown FollowerState
2019-10-23 22:22:19,703 [grpc-default-executor-3] INFO  impl.RoleInfo (RoleInfo.java:shutdownFollowerState(121)) - d21ee1f1-33f6-483c-a18b-27782ce1915a: shutdown FollowerState
2019-10-23 22:22:19,704 [grpc-default-executor-3] INFO  impl.RoleInfo (RoleInfo.java:updateAndGet(143)) - d21ee1f1-33f6-483c-a18b-27782ce1915a: start FollowerState
2019-10-23 22:22:19,704 [Thread-2138] INFO  impl.FollowerState (FollowerState.java:run(117)) - 1c51b35f-55cb-4636-a00c-83d34bf2d9d4@group-F043E0AED0ED-FollowerState was interrupted: java.lang.InterruptedException: sleep interrupted
2019-10-23 22:22:19,704 [grpc-default-executor-0] INFO  impl.RoleInfo (RoleInfo.java:updateAndGet(143)) - 1c51b35f-55cb-4636-a00c-83d34bf2d9d4: start FollowerState
2019-10-23 22:22:19,704 [Thread-2137] INFO  impl.FollowerState (FollowerState.java:run(117)) - d21ee1f1-33f6-483c-a18b-27782ce1915a@group-F043E0AED0ED-FollowerState was interrupted: java.lang.InterruptedException: sleep interrupted
2019-10-23 22:22:19,718 [aed1b97f-105e-4684-b087-4b6333aa3ced@group-F043E0AED0ED-LeaderElection282] INFO  impl.LeaderElection (LeaderElection.java:logAndReturn(56)) - aed1b97f-105e-4684-b087-4b6333aa3ced@group-F043E0AED0ED-LeaderElection282: Election REJECTED; received 2 response(s) [aed1b97f-105e-4684-b087-4b6333aa3ced<-1c51b35f-55cb-4636-a00c-83d34bf2d9d4#0:FAIL-t317, aed1b97f-105e-4684-b087-4b6333aa3ced<-d21ee1f1-33f6-483c-a18b-27782ce1915a#0:FAIL-t317] and 0 exception(s); aed1b97f-105e-4684-b087-4b6333aa3ced@group-F043E0AED0ED:t317, leader=null, voted=aed1b97f-105e-4684-b087-4b6333aa3ced, raftlog=aed1b97f-105e-4684-b087-4b6333aa3ced@group-F043E0AED0ED-SegmentedRaftLog:OPENED:c-1,f-1,i0, conf=-1: [aed1b97f-105e-4684-b087-4b6333aa3ced:192.168.157.195:34943, 1c51b35f-55cb-4636-a00c-83d34bf2d9d4:192.168.157.195:34693, d21ee1f1-33f6-483c-a18b-27782ce1915a:192.168.157.195:46462], old=null
2019-10-23 22:22:19,719 [aed1b97f-105e-4684-b087-4b6333aa3ced@group-F043E0AED0ED-LeaderElection282] INFO  impl.RaftServerImpl (RaftServerImpl.java:setRole(184)) - aed1b97f-105e-4684-b087-4b6333aa3ced@group-F043E0AED0ED: changes role from CANDIDATE to FOLLOWER at term 317 for DISCOVERED_A_NEW_TERM
2019-10-23 22:22:19,719 [aed1b97f-105e-4684-b087-4b6333aa3ced@group-F043E0AED0ED-LeaderElection282] INFO  impl.RoleInfo (RoleInfo.java:shutdownLeaderElection(134)) - aed1b97f-105e-4684-b087-4b6333aa3ced: shutdown LeaderElection
2019-10-23 22:22:19,719 [aed1b97f-105e-4684-b087-4b6333aa3ced@group-F043E0AED0ED-LeaderElection282] INFO  impl.RoleInfo (RoleInfo.java:updateAndGet(143)) - aed1b97f-105e-4684-b087-4b6333aa3ced: start FollowerState
2019-10-23 22:22:19,880 [Thread-2145] INFO  impl.FollowerState (FollowerState.java:run(108)) - aed1b97f-105e-4684-b087-4b6333aa3ced@group-F043E0AED0ED-FollowerState: change to CANDIDATE, lastRpcTime:161ms, electionTimeout:161ms
2019-10-23 22:22:19,880 [Thread-2145] INFO  impl.RoleInfo (RoleInfo.java:shutdownFollowerState(121)) - aed1b97f-105e-4684-b087-4b6333aa3ced: shutdown FollowerState
2019-10-23 22:22:19,880 [Thread-2145] INFO  impl.RaftServerImpl (RaftServerImpl.java:setRole(184)) - aed1b97f-105e-4684-b087-4b6333aa3ced@group-F043E0AED0ED: changes role from  FOLLOWER to CANDIDATE at term 317 for changeToCandidate
2019-10-23 22:22:19,881 [Thread-2145] INFO  impl.RoleInfo (RoleInfo.java:updateAndGet(143)) - aed1b97f-105e-4684-b087-4b6333aa3ced: start LeaderElection
2019-10-23 22:22:19,902 [aed1b97f-105e-4684-b087-4b6333aa3ced@group-F043E0AED0ED-LeaderElection283] INFO  impl.LeaderElection (LeaderElection.java:askForVotes(178)) - aed1b97f-105e-4684-b087-4b6333aa3ced@group-F043E0AED0ED-LeaderElection283: begin an election at term 318 for -1: [aed1b97f-105e-4684-b087-4b6333aa3ced:192.168.157.195:34943, 1c51b35f-55cb-4636-a00c-83d34bf2d9d4:192.168.157.195:34693, d21ee1f1-33f6-483c-a18b-27782ce1915a:192.168.157.195:46462], old=null
2019-10-23 22:22:19,903 [grpc-default-executor-3] INFO  impl.RaftServerImpl (RaftServerImpl.java:setRole(184)) - 1c51b35f-55cb-4636-a00c-83d34bf2d9d4@group-F043E0AED0ED: changes role from  FOLLOWER to FOLLOWER at term 318 for recognizeCandidate:aed1b97f-105e-4684-b087-4b6333aa3ced
2019-10-23 22:22:19,904 [grpc-default-executor-3] INFO  impl.RoleInfo (RoleInfo.java:shutdownFollowerState(121)) - 1c51b35f-55cb-4636-a00c-83d34bf2d9d4: shutdown FollowerState
2019-10-23 22:22:19,904 [grpc-default-executor-0] INFO  impl.RaftServerImpl (RaftServerImpl.java:setRole(184)) - d21ee1f1-33f6-483c-a18b-27782ce1915a@group-F043E0AED0ED: changes role from  FOLLOWER to FOLLOWER at term 318 for recognizeCandidate:aed1b97f-105e-4684-b087-4b6333aa3ced
2019-10-23 22:22:19,904 [grpc-default-executor-0] INFO  impl.RoleInfo (RoleInfo.java:shutdownFollowerState(121)) - d21ee1f1-33f6-483c-a18b-27782ce1915a: shutdown FollowerState
2019-10-23 22:22:19,904 [Thread-2143] INFO  impl.FollowerState (FollowerState.java:run(117)) - 1c51b35f-55cb-4636-a00c-83d34bf2d9d4@group-F043E0AED0ED-FollowerState was interrupted: java.lang.InterruptedException: sleep interrupted
2019-10-23 22:22:19,904 [grpc-default-executor-3] INFO  impl.RoleInfo (RoleInfo.java:updateAndGet(143)) - 1c51b35f-55cb-4636-a00c-83d34bf2d9d4: start FollowerState
2019-10-23 22:22:19,904 [Thread-2144] INFO  impl.FollowerState (FollowerState.java:run(117)) - d21ee1f1-33f6-483c-a18b-27782ce1915a@group-F043E0AED0ED-FollowerState was interrupted: java.lang.InterruptedException: sleep interrupted
2019-10-23 22:22:19,904 [grpc-default-executor-0] INFO  impl.RoleInfo (RoleInfo.java:updateAndGet(143)) - d21ee1f1-33f6-483c-a18b-27782ce1915a: start FollowerState
2019-10-23 22:22:19,919 [aed1b97f-105e-4684-b087-4b6333aa3ced@group-F043E0AED0ED-LeaderElection283] INFO  impl.LeaderElection (LeaderElection.java:logAndReturn(56)) - aed1b97f-105e-4684-b087-4b6333aa3ced@group-F043E0AED0ED-LeaderElection283: Election REJECTED; received 2 response(s) [aed1b97f-105e-4684-b087-4b6333aa3ced<-1c51b35f-55cb-4636-a00c-83d34bf2d9d4#0:FAIL-t318, aed1b97f-105e-4684-b087-4b6333aa3ced<-d21ee1f1-33f6-483c-a18b-27782ce1915a#0:FAIL-t318] and 0 exception(s); aed1b97f-105e-4684-b087-4b6333aa3ced@group-F043E0AED0ED:t318, leader=null, voted=aed1b97f-105e-4684-b087-4b6333aa3ced, raftlog=aed1b97f-105e-4684-b087-4b6333aa3ced@group-F043E0AED0ED-SegmentedRaftLog:OPENED:c-1,f-1,i0, conf=-1: [aed1b97f-105e-4684-b087-4b6333aa3ced:192.168.157.195:34943, 1c51b35f-55cb-4636-a00c-83d34bf2d9d4:192.168.157.195:34693, d21ee1f1-33f6-483c-a18b-27782ce1915a:192.168.157.195:46462], old=null
2019-10-23 22:22:19,919 [aed1b97f-105e-4684-b087-4b6333aa3ced@group-F043E0AED0ED-LeaderElection283] INFO  impl.RaftServerImpl (RaftServerImpl.java:setRole(184)) - aed1b97f-105e-4684-b087-4b6333aa3ced@group-F043E0AED0ED: changes role from CANDIDATE to FOLLOWER at term 318 for DISCOVERED_A_NEW_TERM
2019-10-23 22:22:19,919 [aed1b97f-105e-4684-b087-4b6333aa3ced@group-F043E0AED0ED-LeaderElection283] INFO  impl.RoleInfo (RoleInfo.java:shutdownLeaderElection(134)) - aed1b97f-105e-4684-b087-4b6333aa3ced: shutdown LeaderElection
2019-10-23 22:22:19,919 [aed1b97f-105e-4684-b087-4b6333aa3ced@group-F043E0AED0ED-LeaderElection283] INFO  impl.RoleInfo (RoleInfo.java:updateAndGet(143)) - aed1b97f-105e-4684-b087-4b6333aa3ced: start FollowerState
2019-10-23 22:22:19,966 [Thread-2151] INFO  impl.FollowerState (FollowerState.java:run(108)) - aed1b97f-105e-4684-b087-4b6333aa3ced@group-F043E0AED0ED-FollowerState: change to CANDIDATE, lastRpcTime:47ms, electionTimeout:47ms
2019-10-23 22:22:19,967 [Thread-2151] INFO  impl.RoleInfo (RoleInfo.java:shutdownFollowerState(121)) - aed1b97f-105e-4684-b087-4b6333aa3ced: shutdown FollowerState
2019-10-23 22:22:19,967 [Thread-2151] INFO  impl.RaftServerImpl (RaftServerImpl.java:setRole(184)) - aed1b97f-105e-4684-b087-4b6333aa3ced@group-F043E0AED0ED: changes role from  FOLLOWER to CANDIDATE at term 318 for changeToCandidate
2019-10-23 22:22:19,967 [Thread-2151] INFO  impl.RoleInfo (RoleInfo.java:updateAndGet(143)) - aed1b97f-105e-4684-b087-4b6333aa3ced: start LeaderElection
2019-10-23 22:22:19,980 [aed1b97f-105e-4684-b087-4b6333aa3ced@group-F043E0AED0ED-LeaderElection284] INFO  impl.LeaderElection (LeaderElection.java:askForVotes(178)) - aed1b97f-105e-4684-b087-4b6333aa3ced@group-F043E0AED0ED-LeaderElection284: begin an election at term 319 for -1: [aed1b97f-105e-4684-b087-4b6333aa3ced:192.168.157.195:34943, 1c51b35f-55cb-4636-a00c-83d34bf2d9d4:192.168.157.195:34693, d21ee1f1-33f6-483c-a18b-27782ce1915a:192.168.157.195:46462], old=null
2019-10-23 22:22:19,981 [grpc-default-executor-0] INFO  impl.RaftServerImpl (RaftServerImpl.java:setRole(184)) - 1c51b35f-55cb-4636-a00c-83d34bf2d9d4@group-F043E0AED0ED: changes role from  FOLLOWER to FOLLOWER at term 319 for recognizeCandidate:aed1b97f-105e-4684-b087-4b6333aa3ced
2019-10-23 22:22:19,981 [grpc-default-executor-0] INFO  impl.RoleInfo (RoleInfo.java:shutdownFollowerState(121)) - 1c51b35f-55cb-4636-a00c-83d34bf2d9d4: shutdown FollowerState
2019-10-23 22:22:19,981 [grpc-default-executor-0] INFO  impl.RoleInfo (RoleInfo.java:updateAndGet(143)) - 1c51b35f-55cb-4636-a00c-83d34bf2d9d4: start FollowerState
2019-10-23 22:22:19,981 [Thread-2149] INFO  impl.FollowerState (FollowerState.java:run(117)) - 1c51b35f-55cb-4636-a00c-83d34bf2d9d4@group-F043E0AED0ED-FollowerState was interrupted: java.lang.InterruptedException: sleep interrupted
2019-10-23 22:22:19,981 [grpc-default-executor-3] INFO  impl.RaftServerImpl (RaftServerImpl.java:setRole(184)) - d21ee1f1-33f6-483c-a18b-27782ce1915a@group-F043E0AED0ED: changes role from  FOLLOWER to FOLLOWER at term 319 for recognizeCandidate:aed1b97f-105e-4684-b087-4b6333aa3ced
2019-10-23 22:22:19,982 [grpc-default-executor-3] INFO  impl.RoleInfo (RoleInfo.java:shutdownFollowerState(121)) - d21ee1f1-33f6-483c-a18b-27782ce1915a: shutdown FollowerState
2019-10-23 22:22:19,982 [grpc-default-executor-3] INFO  impl.RoleInfo (RoleInfo.java:updateAndGet(143)) - d21ee1f1-33f6-483c-a18b-27782ce1915a: start FollowerState
2019-10-23 22:22:19,982 [Thread-2150] INFO  impl.FollowerState (FollowerState.java:run(117)) - d21ee1f1-33f6-483c-a18b-27782ce1915a@group-F043E0AED0ED-FollowerState was interrupted: java.lang.InterruptedException: sleep interrupted
2019-10-23 22:22:19,999 [aed1b97f-105e-4684-b087-4b6333aa3ced@group-F043E0AED0ED-LeaderElection284] INFO  impl.LeaderElection (LeaderElection.java:logAndReturn(56)) - aed1b97f-105e-4684-b087-4b6333aa3ced@group-F043E0AED0ED-LeaderElection284: Election REJECTED; received 2 response(s) [aed1b97f-105e-4684-b087-4b6333aa3ced<-1c51b35f-55cb-4636-a00c-83d34bf2d9d4#0:FAIL-t319, aed1b97f-105e-4684-b087-4b6333aa3ced<-d21ee1f1-33f6-483c-a18b-27782ce1915a#0:FAIL-t319] and 0 exception(s); aed1b97f-105e-4684-b087-4b6333aa3ced@group-F043E0AED0ED:t319, leader=null, voted=aed1b97f-105e-4684-b087-4b6333aa3ced, raftlog=aed1b97f-105e-4684-b087-4b6333aa3ced@group-F043E0AED0ED-SegmentedRaftLog:OPENED:c-1,f-1,i0, conf=-1: [aed1b97f-105e-4684-b087-4b6333aa3ced:192.168.157.195:34943, 1c51b35f-55cb-4636-a00c-83d34bf2d9d4:192.168.157.195:34693, d21ee1f1-33f6-483c-a18b-27782ce1915a:192.168.157.195:46462], old=null
2019-10-23 22:22:19,999 [aed1b97f-105e-4684-b087-4b6333aa3ced@group-F043E0AED0ED-LeaderElection284] INFO  impl.RaftServerImpl (RaftServerImpl.java:setRole(184)) - aed1b97f-105e-4684-b087-4b6333aa3ced@group-F043E0AED0ED: changes role from CANDIDATE to FOLLOWER at term 319 for DISCOVERED_A_NEW_TERM
2019-10-23 22:22:19,999 [aed1b97f-105e-4684-b087-4b6333aa3ced@group-F043E0AED0ED-LeaderElection284] INFO  impl.RoleInfo (RoleInfo.java:shutdownLeaderElection(134)) - aed1b97f-105e-4684-b087-4b6333aa3ced: shutdown LeaderElection
2019-10-23 22:22:19,999 [aed1b97f-105e-4684-b087-4b6333aa3ced@group-F043E0AED0ED-LeaderElection284] INFO  impl.RoleInfo (RoleInfo.java:updateAndGet(143)) - aed1b97f-105e-4684-b087-4b6333aa3ced: start FollowerState
2019-10-23 22:22:20,068 [Thread-2157] INFO  impl.FollowerState (FollowerState.java:run(108)) - aed1b97f-105e-4684-b087-4b6333aa3ced@group-F043E0AED0ED-FollowerState: change to CANDIDATE, lastRpcTime:69ms, electionTimeout:69ms
2019-10-23 22:22:20,068 [Thread-2157] INFO  impl.RoleInfo (RoleInfo.java:shutdownFollowerState(121)) - aed1b97f-105e-4684-b087-4b6333aa3ced: shutdown FollowerState
2019-10-23 22:22:20,068 [Thread-2157] INFO  impl.RaftServerImpl (RaftServerImpl.java:setRole(184)) - aed1b97f-105e-4684-b087-4b6333aa3ced@group-F043E0AED0ED: changes role from  FOLLOWER to CANDIDATE at term 319 for changeToCandidate
2019-10-23 22:22:20,069 [Thread-2157] INFO  impl.RoleInfo (RoleInfo.java:updateAndGet(143)) - aed1b97f-105e-4684-b087-4b6333aa3ced: start LeaderElection
2019-10-23 22:22:20,082 [aed1b97f-105e-4684-b087-4b6333aa3ced@group-F043E0AED0ED-LeaderElection285] INFO  impl.LeaderElection (LeaderElection.java:askForVotes(178)) - aed1b97f-105e-4684-b087-4b6333aa3ced@group-F043E0AED0ED-LeaderElection285: begin an election at term 320 for -1: [aed1b97f-105e-4684-b087-4b6333aa3ced:192.168.157.195:34943, 1c51b35f-55cb-4636-a00c-83d34bf2d9d4:192.168.157.195:34693, d21ee1f1-33f6-483c-a18b-27782ce1915a:192.168.157.195:46462], old=null
2019-10-23 22:22:20,084 [grpc-default-executor-0] INFO  impl.RaftServerImpl (RaftServerImpl.java:setRole(184)) - 1c51b35f-55cb-4636-a00c-83d34bf2d9d4@group-F043E0AED0ED: changes role from  FOLLOWER to FOLLOWER at term 320 for recognizeCandidate:aed1b97f-105e-4684-b087-4b6333aa3ced
2019-10-23 22:22:20,084 [grpc-default-executor-0] INFO  impl.RoleInfo (RoleInfo.java:shutdownFollowerState(121)) - 1c51b35f-55cb-4636-a00c-83d34bf2d9d4: shutdown FollowerState
2019-10-23 22:22:20,084 [grpc-default-executor-3] INFO  impl.RaftServerImpl (RaftServerImpl.java:setRole(184)) - d21ee1f1-33f6-483c-a18b-27782ce1915a@group-F043E0AED0ED: changes role from  FOLLOWER to FOLLOWER at term 320 for recognizeCandidate:aed1b97f-105e-4684-b087-4b6333aa3ced
2019-10-23 22:22:20,084 [Thread-2155] INFO  impl.FollowerState (FollowerState.java:run(117)) - 1c51b35f-55cb-4636-a00c-83d34bf2d9d4@group-F043E0AED0ED-FollowerState was interrupted: java.lang.InterruptedException: sleep interrupted
2019-10-23 22:22:20,084 [grpc-default-executor-0] INFO  impl.RoleInfo (RoleInfo.java:updateAndGet(143)) - 1c51b35f-55cb-4636-a00c-83d34bf2d9d4: start FollowerState
2019-10-23 22:22:20,084 [grpc-default-executor-3] INFO  impl.RoleInfo (RoleInfo.java:shutdownFollowerState(121)) - d21ee1f1-33f6-483c-a18b-27782ce1915a: shutdown FollowerState
2019-10-23 22:22:20,085 [grpc-default-executor-3] INFO  impl.RoleInfo (RoleInfo.java:updateAndGet(143)) - d21ee1f1-33f6-483c-a18b-27782ce1915a: start FollowerState
2019-10-23 22:22:20,085 [Thread-2156] INFO  impl.FollowerState (FollowerState.java:run(117)) - d21ee1f1-33f6-483c-a18b-27782ce1915a@group-F043E0AED0ED-FollowerState was interrupted: java.lang.InterruptedException: sleep interrupted
2019-10-23 22:22:20,099 [aed1b97f-105e-4684-b087-4b6333aa3ced@group-F043E0AED0ED-LeaderElection285] INFO  impl.LeaderElection (LeaderElection.java:logAndReturn(56)) - aed1b97f-105e-4684-b087-4b6333aa3ced@group-F043E0AED0ED-LeaderElection285: Election REJECTED; received 2 response(s) [aed1b97f-105e-4684-b087-4b6333aa3ced<-1c51b35f-55cb-4636-a00c-83d34bf2d9d4#0:FAIL-t320, aed1b97f-105e-4684-b087-4b6333aa3ced<-d21ee1f1-33f6-483c-a18b-27782ce1915a#0:FAIL-t320] and 0 exception(s); aed1b97f-105e-4684-b087-4b6333aa3ced@group-F043E0AED0ED:t320, leader=null, voted=aed1b97f-105e-4684-b087-4b6333aa3ced, raftlog=aed1b97f-105e-4684-b087-4b6333aa3ced@group-F043E0AED0ED-SegmentedRaftLog:OPENED:c-1,f-1,i0, conf=-1: [aed1b97f-105e-4684-b087-4b6333aa3ced:192.168.157.195:34943, 1c51b35f-55cb-4636-a00c-83d34bf2d9d4:192.168.157.195:34693, d21ee1f1-33f6-483c-a18b-27782ce1915a:192.168.157.195:46462], old=null
2019-10-23 22:22:20,099 [aed1b97f-105e-4684-b087-4b6333aa3ced@group-F043E0AED0ED-LeaderElection285] INFO  impl.RaftServerImpl (RaftServerImpl.java:setRole(184)) - aed1b97f-105e-4684-b087-4b6333aa3ced@group-F043E0AED0ED: changes role from CANDIDATE to FOLLOWER at term 320 for DISCOVERED_A_NEW_TERM
2019-10-23 22:22:20,099 [aed1b97f-105e-4684-b087-4b6333aa3ced@group-F043E0AED0ED-LeaderElection285] INFO  impl.RoleInfo (RoleInfo.java:shutdownLeaderElection(134)) - aed1b97f-105e-4684-b087-4b6333aa3ced: shutdown LeaderElection
2019-10-23 22:22:20,099 [aed1b97f-105e-4684-b087-4b6333aa3ced@group-F043E0AED0ED-LeaderElection285] INFO  impl.RoleInfo (RoleInfo.java:updateAndGet(143)) - aed1b97f-105e-4684-b087-4b6333aa3ced: start FollowerState
2019-10-23 22:22:20,177 [Thread-2163] INFO  impl.FollowerState (FollowerState.java:run(108)) - aed1b97f-105e-4684-b087-4b6333aa3ced@group-F043E0AED0ED-FollowerState: change to CANDIDATE, lastRpcTime:78ms, electionTimeout:78ms
2019-10-23 22:22:20,177 [Thread-2163] INFO  impl.RoleInfo (RoleInfo.java:shutdownFollowerState(121)) - aed1b97f-105e-4684-b087-4b6333aa3ced: shutdown FollowerState
2019-10-23 22:22:20,178 [Thread-2163] INFO  impl.RaftServerImpl (RaftServerImpl.java:setRole(184)) - aed1b97f-105e-4684-b087-4b6333aa3ced@group-F043E0AED0ED: changes role from  FOLLOWER to CANDIDATE at term 320 for changeToCandidate
2019-10-23 22:22:20,178 [Thread-2163] INFO  impl.RoleInfo (RoleInfo.java:updateAndGet(143)) - aed1b97f-105e-4684-b087-4b6333aa3ced: start LeaderElection
2019-10-23 22:22:20,192 [aed1b97f-105e-4684-b087-4b6333aa3ced@group-F043E0AED0ED-LeaderElection286] INFO  impl.LeaderElection (LeaderElection.java:askForVotes(178)) - aed1b97f-105e-4684-b087-4b6333aa3ced@group-F043E0AED0ED-LeaderElection286: begin an election at term 321 for -1: [aed1b97f-105e-4684-b087-4b6333aa3ced:192.168.157.195:34943, 1c51b35f-55cb-4636-a00c-83d34bf2d9d4:192.168.157.195:34693, d21ee1f1-33f6-483c-a18b-27782ce1915a:192.168.157.195:46462], old=null
2019-10-23 22:22:20,193 [grpc-default-executor-0] INFO  impl.RaftServerImpl (RaftServerImpl.java:setRole(184)) - 1c51b35f-55cb-4636-a00c-83d34bf2d9d4@group-F043E0AED0ED: changes role from  FOLLOWER to FOLLOWER at term 321 for recognizeCandidate:aed1b97f-105e-4684-b087-4b6333aa3ced
2019-10-23 22:22:20,193 [grpc-default-executor-0] INFO  impl.RoleInfo (RoleInfo.java:shutdownFollowerState(121)) - 1c51b35f-55cb-4636-a00c-83d34bf2d9d4: shutdown FollowerState
2019-10-23 22:22:20,194 [grpc-default-executor-0] INFO  impl.RoleInfo (RoleInfo.java:updateAndGet(143)) - 1c51b35f-55cb-4636-a00c-83d34bf2d9d4: start FollowerState
2019-10-23 22:22:20,194 [Thread-2161] INFO  impl.FollowerState (FollowerState.java:run(117)) - 1c51b35f-55cb-4636-a00c-83d34bf2d9d4@group-F043E0AED0ED-FollowerState was interrupted: java.lang.InterruptedException: sleep interrupted
2019-10-23 22:22:20,194 [grpc-default-executor-3] INFO  impl.RaftServerImpl (RaftServerImpl.java:setRole(184)) - d21ee1f1-33f6-483c-a18b-27782ce1915a@group-F043E0AED0ED: changes role from  FOLLOWER to FOLLOWER at term 321 for recognizeCandidate:aed1b97f-105e-4684-b087-4b6333aa3ced
2019-10-23 22:22:20,194 [grpc-default-executor-3] INFO  impl.RoleInfo (RoleInfo.java:shutdownFollowerState(121)) - d21ee1f1-33f6-483c-a18b-27782ce1915a: shutdown FollowerState
2019-10-23 22:22:20,194 [grpc-default-executor-3] INFO  impl.RoleInfo (RoleInfo.java:updateAndGet(143)) - d21ee1f1-33f6-483c-a18b-27782ce1915a: start FollowerState
2019-10-23 22:22:20,194 [Thread-2162] INFO  impl.FollowerState (FollowerState.java:run(117)) - d21ee1f1-33f6-483c-a18b-27782ce1915a@group-F043E0AED0ED-FollowerState was interrupted: java.lang.InterruptedException: sleep interrupted
2019-10-23 22:22:20,208 [aed1b97f-105e-4684-b087-4b6333aa3ced@group-F043E0AED0ED-LeaderElection286] INFO  impl.LeaderElection (LeaderElection.java:logAndReturn(56)) - aed1b97f-105e-4684-b087-4b6333aa3ced@group-F043E0AED0ED-LeaderElection286: Election REJECTED; received 2 response(s) [aed1b97f-105e-4684-b087-4b6333aa3ced<-1c51b35f-55cb-4636-a00c-83d34bf2d9d4#0:FAIL-t321, aed1b97f-105e-4684-b087-4b6333aa3ced<-d21ee1f1-33f6-483c-a18b-27782ce1915a#0:FAIL-t321] and 0 exception(s); aed1b97f-105e-4684-b087-4b6333aa3ced@group-F043E0AED0ED:t321, leader=null, voted=aed1b97f-105e-4684-b087-4b6333aa3ced, raftlog=aed1b97f-105e-4684-b087-4b6333aa3ced@group-F043E0AED0ED-SegmentedRaftLog:OPENED:c-1,f-1,i0, conf=-1: [aed1b97f-105e-4684-b087-4b6333aa3ced:192.168.157.195:34943, 1c51b35f-55cb-4636-a00c-83d34bf2d9d4:192.168.157.195:34693, d21ee1f1-33f6-483c-a18b-27782ce1915a:192.168.157.195:46462], old=null
2019-10-23 22:22:20,208 [aed1b97f-105e-4684-b087-4b6333aa3ced@group-F043E0AED0ED-LeaderElection286] INFO  impl.RaftServerImpl (RaftServerImpl.java:setRole(184)) - aed1b97f-105e-4684-b087-4b6333aa3ced@group-F043E0AED0ED: changes role from CANDIDATE to FOLLOWER at term 321 for DISCOVERED_A_NEW_TERM
2019-10-23 22:22:20,208 [aed1b97f-105e-4684-b087-4b6333aa3ced@group-F043E0AED0ED-LeaderElection286] INFO  impl.RoleInfo (RoleInfo.java:shutdownLeaderElection(134)) - aed1b97f-105e-4684-b087-4b6333aa3ced: shutdown LeaderElection
2019-10-23 22:22:20,208 [aed1b97f-105e-4684-b087-4b6333aa3ced@group-F043E0AED0ED-LeaderElection286] INFO  impl.RoleInfo (RoleInfo.java:updateAndGet(143)) - aed1b97f-105e-4684-b087-4b6333aa3ced: start FollowerState
2019-10-23 22:22:20,248 [Thread-2169] INFO  impl.FollowerState (FollowerState.java:run(108)) - aed1b97f-105e-4684-b087-4b6333aa3ced@group-F043E0AED0ED-FollowerState: change to CANDIDATE, lastRpcTime:39ms, electionTimeout:39ms
2019-10-23 22:22:20,248 [Thread-2169] INFO  impl.RoleInfo (RoleInfo.java:shutdownFollowerState(121)) - aed1b97f-105e-4684-b087-4b6333aa3ced: shutdown FollowerState
2019-10-23 22:22:20,248 [Thread-2169] INFO  impl.RaftServerImpl (RaftServerImpl.java:setRole(184)) - aed1b97f-105e-4684-b087-4b6333aa3ced@group-F043E0AED0ED: changes role from  FOLLOWER to CANDIDATE at term 321 for changeToCandidate
2019-10-23 22:22:20,248 [Thread-2169] INFO  impl.RoleInfo (RoleInfo.java:updateAndGet(143)) - aed1b97f-105e-4684-b087-4b6333aa3ced: start LeaderElection
2019-10-23 22:22:20,263 [aed1b97f-105e-4684-b087-4b6333aa3ced@group-F043E0AED0ED-LeaderElection287] INFO  impl.LeaderElection (LeaderElection.java:askForVotes(178)) - aed1b97f-105e-4684-b087-4b6333aa3ced@group-F043E0AED0ED-LeaderElection287: begin an election at term 322 for -1: [aed1b97f-105e-4684-b087-4b6333aa3ced:192.168.157.195:34943, 1c51b35f-55cb-4636-a00c-83d34bf2d9d4:192.168.157.195:34693, d21ee1f1-33f6-483c-a18b-27782ce1915a:192.168.157.195:46462], old=null
2019-10-23 22:22:20,264 [grpc-default-executor-0] INFO  impl.RaftServerImpl (RaftServerImpl.java:setRole(184)) - 1c51b35f-55cb-4636-a00c-83d34bf2d9d4@group-F043E0AED0ED: changes role from  FOLLOWER to FOLLOWER at term 322 for recognizeCandidate:aed1b97f-105e-4684-b087-4b6333aa3ced
2019-10-23 22:22:20,264 [grpc-default-executor-0] INFO  impl.RoleInfo (RoleInfo.java:shutdownFollowerState(121)) - 1c51b35f-55cb-4636-a00c-83d34bf2d9d4: shutdown FollowerState
2019-10-23 22:22:20,265 [grpc-default-executor-3] INFO  impl.RaftServerImpl (RaftServerImpl.java:setRole(184)) - d21ee1f1-33f6-483c-a18b-27782ce1915a@group-F043E0AED0ED: changes role from  FOLLOWER to FOLLOWER at term 322 for recognizeCandidate:aed1b97f-105e-4684-b087-4b6333aa3ced
2019-10-23 22:22:20,265 [grpc-default-executor-3] INFO  impl.RoleInfo (RoleInfo.java:shutdownFollowerState(121)) - d21ee1f1-33f6-483c-a18b-27782ce1915a: shutdown FollowerState
2019-10-23 22:22:20,265 [Thread-2167] INFO  impl.FollowerState (FollowerState.java:run(117)) - 1c51b35f-55cb-4636-a00c-83d34bf2d9d4@group-F043E0AED0ED-FollowerState was interrupted: java.lang.InterruptedException: sleep interrupted
2019-10-23 22:22:20,265 [grpc-default-executor-0] INFO  impl.RoleInfo (RoleInfo.java:updateAndGet(143)) - 1c51b35f-55cb-4636-a00c-83d34bf2d9d4: start FollowerState
2019-10-23 22:22:20,265 [Thread-2168] INFO  impl.FollowerState (FollowerState.java:run(117)) - d21ee1f1-33f6-483c-a18b-27782ce1915a@group-F043E0AED0ED-FollowerState was interrupted: java.lang.InterruptedException: sleep interrupted
2019-10-23 22:22:20,265 [grpc-default-executor-3] INFO  impl.RoleInfo (RoleInfo.java:updateAndGet(143)) - d21ee1f1-33f6-483c-a18b-27782ce1915a: start FollowerState
2019-10-23 22:22:20,279 [aed1b97f-105e-4684-b087-4b6333aa3ced@group-F043E0AED0ED-LeaderElection287] INFO  impl.LeaderElection (LeaderElection.java:logAndReturn(56)) - aed1b97f-105e-4684-b087-4b6333aa3ced@group-F043E0AED0ED-LeaderElection287: Election REJECTED; received 2 response(s) [aed1b97f-105e-4684-b087-4b6333aa3ced<-1c51b35f-55cb-4636-a00c-83d34bf2d9d4#0:FAIL-t322, aed1b97f-105e-4684-b087-4b6333aa3ced<-d21ee1f1-33f6-483c-a18b-27782ce1915a#0:FAIL-t322] and 0 exception(s); aed1b97f-105e-4684-b087-4b6333aa3ced@group-F043E0AED0ED:t322, leader=null, voted=aed1b97f-105e-4684-b087-4b6333aa3ced, raftlog=aed1b97f-105e-4684-b087-4b6333aa3ced@group-F043E0AED0ED-SegmentedRaftLog:OPENED:c-1,f-1,i0, conf=-1: [aed1b97f-105e-4684-b087-4b6333aa3ced:192.168.157.195:34943, 1c51b35f-55cb-4636-a00c-83d34bf2d9d4:192.168.157.195:34693, d21ee1f1-33f6-483c-a18b-27782ce1915a:192.168.157.195:46462], old=null
2019-10-23 22:22:20,280 [aed1b97f-105e-4684-b087-4b6333aa3ced@group-F043E0AED0ED-LeaderElection287] INFO  impl.RaftServerImpl (RaftServerImpl.java:setRole(184)) - aed1b97f-105e-4684-b087-4b6333aa3ced@group-F043E0AED0ED: changes role from CANDIDATE to FOLLOWER at term 322 for DISCOVERED_A_NEW_TERM
2019-10-23 22:22:20,280 [aed1b97f-105e-4684-b087-4b6333aa3ced@group-F043E0AED0ED-LeaderElection287] INFO  impl.RoleInfo (RoleInfo.java:shutdownLeaderElection(134)) - aed1b97f-105e-4684-b087-4b6333aa3ced: shutdown LeaderElection
2019-10-23 22:22:20,280 [aed1b97f-105e-4684-b087-4b6333aa3ced@group-F043E0AED0ED-LeaderElection287] INFO  impl.RoleInfo (RoleInfo.java:updateAndGet(143)) - aed1b97f-105e-4684-b087-4b6333aa3ced: start FollowerState
2019-10-23 22:22:20,314 [Thread-2175] INFO  impl.FollowerState (FollowerState.java:run(108)) - aed1b97f-105e-4684-b087-4b6333aa3ced@group-F043E0AED0ED-FollowerState: change to CANDIDATE, lastRpcTime:34ms, electionTimeout:34ms
2019-10-23 22:22:20,314 [Thread-2175] INFO  impl.RoleInfo (RoleInfo.java:shutdownFollowerState(121)) - aed1b97f-105e-4684-b087-4b6333aa3ced: shutdown FollowerState
2019-10-23 22:22:20,314 [Thread-2175] INFO  impl.RaftServerImpl (RaftServerImpl.java:setRole(184)) - aed1b97f-105e-4684-b087-4b6333aa3ced@group-F043E0AED0ED: changes role from  FOLLOWER to CANDIDATE at term 322 for changeToCandidate
2019-10-23 22:22:20,315 [Thread-2175] INFO  impl.RoleInfo (RoleInfo.java:updateAndGet(143)) - aed1b97f-105e-4684-b087-4b6333aa3ced: start LeaderElection
2019-10-23 22:22:20,328 [aed1b97f-105e-4684-b087-4b6333aa3ced@group-F043E0AED0ED-LeaderElection288] INFO  impl.LeaderElection (LeaderElection.java:askForVotes(178)) - aed1b97f-105e-4684-b087-4b6333aa3ced@group-F043E0AED0ED-LeaderElection288: begin an election at term 323 for -1: [aed1b97f-105e-4684-b087-4b6333aa3ced:192.168.157.195:34943, 1c51b35f-55cb-4636-a00c-83d34bf2d9d4:192.168.157.195:34693, d21ee1f1-33f6-483c-a18b-27782ce1915a:192.168.157.195:46462], old=null
2019-10-23 22:22:20,330 [grpc-default-executor-3] INFO  impl.RaftServerImpl (RaftServerImpl.java:setRole(184)) - 1c51b35f-55cb-4636-a00c-83d34bf2d9d4@group-F043E0AED0ED: changes role from  FOLLOWER to FOLLOWER at term 323 for recognizeCandidate:aed1b97f-105e-4684-b087-4b6333aa3ced
2019-10-23 22:22:20,330 [grpc-default-executor-3] INFO  impl.RoleInfo (RoleInfo.java:shutdownFollowerState(121)) - 1c51b35f-55cb-4636-a00c-83d34bf2d9d4: shutdown FollowerState
2019-10-23 22:22:20,330 [grpc-default-executor-0] INFO  impl.RaftServerImpl (RaftServerImpl.java:setRole(184)) - d21ee1f1-33f6-483c-a18b-27782ce1915a@group-F043E0AED0ED: changes role from  FOLLOWER to FOLLOWER at term 323 for recognizeCandidate:aed1b97f-105e-4684-b087-4b6333aa3ced
2019-10-23 22:22:20,330 [grpc-default-executor-0] INFO  impl.RoleInfo (RoleInfo.java:shutdownFollowerState(121)) - d21ee1f1-33f6-483c-a18b-27782ce1915a: shutdown FollowerState
2019-10-23 22:22:20,330 [Thread-2173] INFO  impl.FollowerState (FollowerState.java:run(117)) - 1c51b35f-55cb-4636-a00c-83d34bf2d9d4@group-F043E0AED0ED-FollowerState was interrupted: java.lang.InterruptedException: sleep interrupted
2019-10-23 22:22:20,330 [grpc-default-executor-3] INFO  impl.RoleInfo (RoleInfo.java:updateAndGet(143)) - 1c51b35f-55cb-4636-a00c-83d34bf2d9d4: start FollowerState
2019-10-23 22:22:20,331 [Thread-2174] INFO  impl.FollowerState (FollowerState.java:run(117)) - d21ee1f1-33f6-483c-a18b-27782ce1915a@group-F043E0AED0ED-FollowerState was interrupted: java.lang.InterruptedException: sleep interrupted
2019-10-23 22:22:20,331 [grpc-default-executor-0] INFO  impl.RoleInfo (RoleInfo.java:updateAndGet(143)) - d21ee1f1-33f6-483c-a18b-27782ce1915a: start FollowerState
2019-10-23 22:22:20,333 [aed1b97f-105e-4684-b087-4b6333aa3ced@group-F043E0AED0ED-LeaderElection288] INFO  impl.LeaderElection (LeaderElection.java:logAndReturn(56)) - aed1b97f-105e-4684-b087-4b6333aa3ced@group-F043E0AED0ED-LeaderElection288: Election TIMEOUT; received 0 response(s) [] and 0 exception(s); aed1b97f-105e-4684-b087-4b6333aa3ced@group-F043E0AED0ED:t323, leader=null, voted=aed1b97f-105e-4684-b087-4b6333aa3ced, raftlog=aed1b97f-105e-4684-b087-4b6333aa3ced@group-F043E0AED0ED-SegmentedRaftLog:OPENED:c-1,f-1,i0, conf=-1: [aed1b97f-105e-4684-b087-4b6333aa3ced:192.168.157.195:34943, 1c51b35f-55cb-4636-a00c-83d34bf2d9d4:192.168.157.195:34693, d21ee1f1-33f6-483c-a18b-27782ce1915a:192.168.157.195:46462], old=null
2019-10-23 22:22:20,345 [aed1b97f-105e-4684-b087-4b6333aa3ced@group-F043E0AED0ED-LeaderElection288] INFO  impl.LeaderElection (LeaderElection.java:askForVotes(178)) - aed1b97f-105e-4684-b087-4b6333aa3ced@group-F043E0AED0ED-LeaderElection288: begin an election at term 324 for -1: [aed1b97f-105e-4684-b087-4b6333aa3ced:192.168.157.195:34943, 1c51b35f-55cb-4636-a00c-83d34bf2d9d4:192.168.157.195:34693, d21ee1f1-33f6-483c-a18b-27782ce1915a:192.168.157.195:46462], old=null
2019-10-23 22:22:20,346 [grpc-default-executor-5] INFO  impl.RaftServerImpl (RaftServerImpl.java:setRole(184)) - 1c51b35f-55cb-4636-a00c-83d34bf2d9d4@group-F043E0AED0ED: changes role from  FOLLOWER to FOLLOWER at term 324 for recognizeCandidate:aed1b97f-105e-4684-b087-4b6333aa3ced
2019-10-23 22:22:20,347 [grpc-default-executor-5] INFO  impl.RoleInfo (RoleInfo.java:shutdownFollowerState(121)) - 1c51b35f-55cb-4636-a00c-83d34bf2d9d4: shutdown FollowerState
2019-10-23 22:22:20,347 [grpc-default-executor-0] INFO  impl.RaftServerImpl (RaftServerImpl.java:setRole(184)) - d21ee1f1-33f6-483c-a18b-27782ce1915a@group-F043E0AED0ED: changes role from  FOLLOWER to FOLLOWER at term 324 for recognizeCandidate:aed1b97f-105e-4684-b087-4b6333aa3ced
2019-10-23 22:22:20,347 [Thread-2179] INFO  impl.FollowerState (FollowerState.java:run(117)) - 1c51b35f-55cb-4636-a00c-83d34bf2d9d4@group-F043E0AED0ED-FollowerState was interrupted: java.lang.InterruptedException: sleep interrupted
2019-10-23 22:22:20,347 [grpc-default-executor-5] INFO  impl.RoleInfo (RoleInfo.java:updateAndGet(143)) - 1c51b35f-55cb-4636-a00c-83d34bf2d9d4: start FollowerState
2019-10-23 22:22:20,347 [grpc-default-executor-0] INFO  impl.RoleInfo (RoleInfo.java:shutdownFollowerState(121)) - d21ee1f1-33f6-483c-a18b-27782ce1915a: shutdown FollowerState
2019-10-23 22:22:20,347 [Thread-2180] INFO  impl.FollowerState (FollowerState.java:run(117)) - d21ee1f1-33f6-483c-a18b-27782ce1915a@group-F043E0AED0ED-FollowerState was interrupted: java.lang.InterruptedException: sleep interrupted
2019-10-23 22:22:20,348 [grpc-default-executor-0] INFO  impl.RoleInfo (RoleInfo.java:updateAndGet(143)) - d21ee1f1-33f6-483c-a18b-27782ce1915a: start FollowerState
2019-10-23 22:22:20,361 [aed1b97f-105e-4684-b087-4b6333aa3ced@group-F043E0AED0ED-LeaderElection288] INFO  impl.LeaderElection (LeaderElection.java:logAndReturn(56)) - aed1b97f-105e-4684-b087-4b6333aa3ced@group-F043E0AED0ED-LeaderElection288: Election REJECTED; received 2 response(s) [aed1b97f-105e-4684-b087-4b6333aa3ced<-1c51b35f-55cb-4636-a00c-83d34bf2d9d4#0:FAIL-t324, aed1b97f-105e-4684-b087-4b6333aa3ced<-d21ee1f1-33f6-483c-a18b-27782ce1915a#0:FAIL-t324] and 0 exception(s); aed1b97f-105e-4684-b087-4b6333aa3ced@group-F043E0AED0ED:t324, leader=null, voted=aed1b97f-105e-4684-b087-4b6333aa3ced, raftlog=aed1b97f-105e-4684-b087-4b6333aa3ced@group-F043E0AED0ED-SegmentedRaftLog:OPENED:c-1,f-1,i0, conf=-1: [aed1b97f-105e-4684-b087-4b6333aa3ced:192.168.157.195:34943, 1c51b35f-55cb-4636-a00c-83d34bf2d9d4:192.168.157.195:34693, d21ee1f1-33f6-483c-a18b-27782ce1915a:192.168.157.195:46462], old=null
2019-10-23 22:22:20,362 [aed1b97f-105e-4684-b087-4b6333aa3ced@group-F043E0AED0ED-LeaderElection288] INFO  impl.RaftServerImpl (RaftServerImpl.java:setRole(184)) - aed1b97f-105e-4684-b087-4b6333aa3ced@group-F043E0AED0ED: changes role from CANDIDATE to FOLLOWER at term 324 for DISCOVERED_A_NEW_TERM
2019-10-23 22:22:20,362 [aed1b97f-105e-4684-b087-4b6333aa3ced@group-F043E0AED0ED-LeaderElection288] INFO  impl.RoleInfo (RoleInfo.java:shutdownLeaderElection(134)) - aed1b97f-105e-4684-b087-4b6333aa3ced: shutdown LeaderElection
2019-10-23 22:22:20,362 [aed1b97f-105e-4684-b087-4b6333aa3ced@group-F043E0AED0ED-LeaderElection288] INFO  impl.RoleInfo (RoleInfo.java:updateAndGet(143)) - aed1b97f-105e-4684-b087-4b6333aa3ced: start FollowerState
2019-10-23 22:22:20,486 [Thread-2187] INFO  impl.FollowerState (FollowerState.java:run(108)) - aed1b97f-105e-4684-b087-4b6333aa3ced@group-F043E0AED0ED-FollowerState: change to CANDIDATE, lastRpcTime:124ms, electionTimeout:124ms
2019-10-23 22:22:20,486 [Thread-2187] INFO  impl.RoleInfo (RoleInfo.java:shutdownFollowerState(121)) - aed1b97f-105e-4684-b087-4b6333aa3ced: shutdown FollowerState
2019-10-23 22:22:20,487 [Thread-2187] INFO  impl.RaftServerImpl (RaftServerImpl.java:setRole(184)) - aed1b97f-105e-4684-b087-4b6333aa3ced@group-F043E0AED0ED: changes role from  FOLLOWER to CANDIDATE at term 324 for changeToCandidate
2019-10-23 22:22:20,487 [Thread-2187] INFO  impl.RoleInfo (RoleInfo.java:updateAndGet(143)) - aed1b97f-105e-4684-b087-4b6333aa3ced: start LeaderElection
2019-10-23 22:22:20,500 [aed1b97f-105e-4684-b087-4b6333aa3ced@group-F043E0AED0ED-LeaderElection289] INFO  impl.LeaderElection (LeaderElection.java:askForVotes(178)) - aed1b97f-105e-4684-b087-4b6333aa3ced@group-F043E0AED0ED-LeaderElection289: begin an election at term 325 for -1: [aed1b97f-105e-4684-b087-4b6333aa3ced:192.168.157.195:34943, 1c51b35f-55cb-4636-a00c-83d34bf2d9d4:192.168.157.195:34693, d21ee1f1-33f6-483c-a18b-27782ce1915a:192.168.157.195:46462], old=null
2019-10-23 22:22:20,502 [grpc-default-executor-3] INFO  impl.RaftServerImpl (RaftServerImpl.java:setRole(184)) - 1c51b35f-55cb-4636-a00c-83d34bf2d9d4@group-F043E0AED0ED: changes role from  FOLLOWER to FOLLOWER at term 325 for recognizeCandidate:aed1b97f-105e-4684-b087-4b6333aa3ced
2019-10-23 22:22:20,502 [grpc-default-executor-5] INFO  impl.RaftServerImpl (RaftServerImpl.java:setRole(184)) - d21ee1f1-33f6-483c-a18b-27782ce1915a@group-F043E0AED0ED: changes role from  FOLLOWER to FOLLOWER at term 325 for recognizeCandidate:aed1b97f-105e-4684-b087-4b6333aa3ced
2019-10-23 22:22:20,502 [grpc-default-executor-3] INFO  impl.RoleInfo (RoleInfo.java:shutdownFollowerState(121)) - 1c51b35f-55cb-4636-a00c-83d34bf2d9d4: shutdown FollowerState
2019-10-23 22:22:20,502 [grpc-default-executor-5] INFO  impl.RoleInfo (RoleInfo.java:shutdownFollowerState(121)) - d21ee1f1-33f6-483c-a18b-27782ce1915a: shutdown FollowerState
2019-10-23 22:22:20,503 [Thread-2184] INFO  impl.FollowerState (FollowerState.java:run(117)) - 1c51b35f-55cb-4636-a00c-83d34bf2d9d4@group-F043E0AED0ED-FollowerState was interrupted: java.lang.InterruptedException: sleep interrupted
2019-10-23 22:22:20,502 [grpc-default-executor-3] INFO  impl.RoleInfo (RoleInfo.java:updateAndGet(143)) - 1c51b35f-55cb-4636-a00c-83d34bf2d9d4: start FollowerState
2019-10-23 22:22:20,503 [Thread-2185] INFO  impl.FollowerState (FollowerState.java:run(117)) - d21ee1f1-33f6-483c-a18b-27782ce1915a@group-F043E0AED0ED-FollowerState was interrupted: java.lang.InterruptedException: sleep interrupted
2019-10-23 22:22:20,503 [grpc-default-executor-5] INFO  impl.RoleInfo (RoleInfo.java:updateAndGet(143)) - d21ee1f1-33f6-483c-a18b-27782ce1915a: start FollowerState
2019-10-23 22:22:20,521 [aed1b97f-105e-4684-b087-4b6333aa3ced@group-F043E0AED0ED-LeaderElection289] INFO  impl.LeaderElection (LeaderElection.java:logAndReturn(56)) - aed1b97f-105e-4684-b087-4b6333aa3ced@group-F043E0AED0ED-LeaderElection289: Election REJECTED; received 2 response(s) [aed1b97f-105e-4684-b087-4b6333aa3ced<-1c51b35f-55cb-4636-a00c-83d34bf2d9d4#0:FAIL-t325, aed1b97f-105e-4684-b087-4b6333aa3ced<-d21ee1f1-33f6-483c-a18b-27782ce1915a#0:FAIL-t325] and 0 exception(s); aed1b97f-105e-4684-b087-4b6333aa3ced@group-F043E0AED0ED:t325, leader=null, voted=aed1b97f-105e-4684-b087-4b6333aa3ced, raftlog=aed1b97f-105e-4684-b087-4b6333aa3ced@group-F043E0AED0ED-SegmentedRaftLog:OPENED:c-1,f-1,i0, conf=-1: [aed1b97f-105e-4684-b087-4b6333aa3ced:192.168.157.195:34943, 1c51b35f-55cb-4636-a00c-83d34bf2d9d4:192.168.157.195:34693, d21ee1f1-33f6-483c-a18b-27782ce1915a:192.168.157.195:46462], old=null
2019-10-23 22:22:20,521 [aed1b97f-105e-4684-b087-4b6333aa3ced@group-F043E0AED0ED-LeaderElection289] INFO  impl.RaftServerImpl (RaftServerImpl.java:setRole(184)) - aed1b97f-105e-4684-b087-4b6333aa3ced@group-F043E0AED0ED: changes role from CANDIDATE to FOLLOWER at term 325 for DISCOVERED_A_NEW_TERM
2019-10-23 22:22:20,521 [aed1b97f-105e-4684-b087-4b6333aa3ced@group-F043E0AED0ED-LeaderElection289] INFO  impl.RoleInfo (RoleInfo.java:shutdownLeaderElection(134)) - aed1b97f-105e-4684-b087-4b6333aa3ced: shutdown LeaderElection
2019-10-23 22:22:20,521 [aed1b97f-105e-4684-b087-4b6333aa3ced@group-F043E0AED0ED-LeaderElection289] INFO  impl.RoleInfo (RoleInfo.java:updateAndGet(143)) - aed1b97f-105e-4684-b087-4b6333aa3ced: start FollowerState
2019-10-23 22:22:20,541 [Thread-2193] INFO  impl.FollowerState (FollowerState.java:run(108)) - aed1b97f-105e-4684-b087-4b6333aa3ced@group-F043E0AED0ED-FollowerState: change to CANDIDATE, lastRpcTime:19ms, electionTimeout:19ms
2019-10-23 22:22:20,541 [Thread-2193] INFO  impl.RoleInfo (RoleInfo.java:shutdownFollowerState(121)) - aed1b97f-105e-4684-b087-4b6333aa3ced: shutdown FollowerState
2019-10-23 22:22:20,541 [Thread-2193] INFO  impl.RaftServerImpl (RaftServerImpl.java:setRole(184)) - aed1b97f-105e-4684-b087-4b6333aa3ced@group-F043E0AED0ED: changes role from  FOLLOWER to CANDIDATE at term 325 for changeToCandidate
2019-10-23 22:22:20,541 [Thread-2193] INFO  impl.RoleInfo (RoleInfo.java:updateAndGet(143)) - aed1b97f-105e-4684-b087-4b6333aa3ced: start LeaderElection
2019-10-23 22:22:20,556 [aed1b97f-105e-4684-b087-4b6333aa3ced@group-F043E0AED0ED-LeaderElection290] INFO  impl.LeaderElection (LeaderElection.java:askForVotes(178)) - aed1b97f-105e-4684-b087-4b6333aa3ced@group-F043E0AED0ED-LeaderElection290: begin an election at term 326 for -1: [aed1b97f-105e-4684-b087-4b6333aa3ced:192.168.157.195:34943, 1c51b35f-55cb-4636-a00c-83d34bf2d9d4:192.168.157.195:34693, d21ee1f1-33f6-483c-a18b-27782ce1915a:192.168.157.195:46462], old=null
2019-10-23 22:22:20,557 [grpc-default-executor-5] INFO  impl.RaftServerImpl (RaftServerImpl.java:setRole(184)) - 1c51b35f-55cb-4636-a00c-83d34bf2d9d4@group-F043E0AED0ED: changes role from  FOLLOWER to FOLLOWER at term 326 for recognizeCandidate:aed1b97f-105e-4684-b087-4b6333aa3ced
2019-10-23 22:22:20,557 [grpc-default-executor-5] INFO  impl.RoleInfo (RoleInfo.java:shutdownFollowerState(121)) - 1c51b35f-55cb-4636-a00c-83d34bf2d9d4: shutdown FollowerState
2019-10-23 22:22:20,558 [grpc-default-executor-3] INFO  impl.RaftServerImpl (RaftServerImpl.java:setRole(184)) - d21ee1f1-33f6-483c-a18b-27782ce1915a@group-F043E0AED0ED: changes role from  FOLLOWER to FOLLOWER at term 326 for recognizeCandidate:aed1b97f-105e-4684-b087-4b6333aa3ced
2019-10-23 22:22:20,558 [Thread-2191] INFO  impl.FollowerState (FollowerState.java:run(117)) - 1c51b35f-55cb-4636-a00c-83d34bf2d9d4@group-F043E0AED0ED-FollowerState was interrupted: java.lang.InterruptedException: sleep interrupted
2019-10-23 22:22:20,558 [grpc-default-executor-5] INFO  impl.RoleInfo (RoleInfo.java:updateAndGet(143)) - 1c51b35f-55cb-4636-a00c-83d34bf2d9d4: start FollowerState
2019-10-23 22:22:20,558 [grpc-default-executor-3] INFO  impl.RoleInfo (RoleInfo.java:shutdownFollowerState(121)) - d21ee1f1-33f6-483c-a18b-27782ce1915a: shutdown FollowerState
2019-10-23 22:22:20,558 [grpc-default-executor-3] INFO  impl.RoleInfo (RoleInfo.java:updateAndGet(143)) - d21ee1f1-33f6-483c-a18b-27782ce1915a: start FollowerState
2019-10-23 22:22:20,558 [Thread-2192] INFO  impl.FollowerState (FollowerState.java:run(117)) - d21ee1f1-33f6-483c-a18b-27782ce1915a@group-F043E0AED0ED-FollowerState was interrupted: java.lang.InterruptedException: sleep interrupted
2019-10-23 22:22:20,572 [aed1b97f-105e-4684-b087-4b6333aa3ced@group-F043E0AED0ED-LeaderElection290] INFO  impl.LeaderElection (LeaderElection.java:logAndReturn(56)) - aed1b97f-105e-4684-b087-4b6333aa3ced@group-F043E0AED0ED-LeaderElection290: Election REJECTED; received 2 response(s) [aed1b97f-105e-4684-b087-4b6333aa3ced<-1c51b35f-55cb-4636-a00c-83d34bf2d9d4#0:FAIL-t326, aed1b97f-105e-4684-b087-4b6333aa3ced<-d21ee1f1-33f6-483c-a18b-27782ce1915a#0:FAIL-t326] and 0 exception(s); aed1b97f-105e-4684-b087-4b6333aa3ced@group-F043E0AED0ED:t326, leader=null, voted=aed1b97f-105e-4684-b087-4b6333aa3ced, raftlog=aed1b97f-105e-4684-b087-4b6333aa3ced@group-F043E0AED0ED-SegmentedRaftLog:OPENED:c-1,f-1,i0, conf=-1: [aed1b97f-105e-4684-b087-4b6333aa3ced:192.168.157.195:34943, 1c51b35f-55cb-4636-a00c-83d34bf2d9d4:192.168.157.195:34693, d21ee1f1-33f6-483c-a18b-27782ce1915a:192.168.157.195:46462], old=null
2019-10-23 22:22:20,572 [aed1b97f-105e-4684-b087-4b6333aa3ced@group-F043E0AED0ED-LeaderElection290] INFO  impl.RaftServerImpl (RaftServerImpl.java:setRole(184)) - aed1b97f-105e-4684-b087-4b6333aa3ced@group-F043E0AED0ED: changes role from CANDIDATE to FOLLOWER at term 326 for DISCOVERED_A_NEW_TERM
2019-10-23 22:22:20,572 [aed1b97f-105e-4684-b087-4b6333aa3ced@group-F043E0AED0ED-LeaderElection290] INFO  impl.RoleInfo (RoleInfo.java:shutdownLeaderElection(134)) - aed1b97f-105e-4684-b087-4b6333aa3ced: shutdown LeaderElection
2019-10-23 22:22:20,572 [aed1b97f-105e-4684-b087-4b6333aa3ced@group-F043E0AED0ED-LeaderElection290] INFO  impl.RoleInfo (RoleInfo.java:updateAndGet(143)) - aed1b97f-105e-4684-b087-4b6333aa3ced: start FollowerState
2019-10-23 22:22:20,602 [Thread-2199] INFO  impl.FollowerState (FollowerState.java:run(108)) - aed1b97f-105e-4684-b087-4b6333aa3ced@group-F043E0AED0ED-FollowerState: change to CANDIDATE, lastRpcTime:29ms, electionTimeout:29ms
2019-10-23 22:22:20,602 [Thread-2199] INFO  impl.RoleInfo (RoleInfo.java:shutdownFollowerState(121)) - aed1b97f-105e-4684-b087-4b6333aa3ced: shutdown FollowerState
2019-10-23 22:22:20,602 [Thread-2199] INFO  impl.RaftServerImpl (RaftServerImpl.java:setRole(184)) - aed1b97f-105e-4684-b087-4b6333aa3ced@group-F043E0AED0ED: changes role from  FOLLOWER to CANDIDATE at term 326 for changeToCandidate
2019-10-23 22:22:20,602 [Thread-2199] INFO  impl.RoleInfo (RoleInfo.java:updateAndGet(143)) - aed1b97f-105e-4684-b087-4b6333aa3ced: start LeaderElection
2019-10-23 22:22:20,616 [aed1b97f-105e-4684-b087-4b6333aa3ced@group-F043E0AED0ED-LeaderElection291] INFO  impl.LeaderElection (LeaderElection.java:askForVotes(178)) - aed1b97f-105e-4684-b087-4b6333aa3ced@group-F043E0AED0ED-LeaderElection291: begin an election at term 327 for -1: [aed1b97f-105e-4684-b087-4b6333aa3ced:192.168.157.195:34943, 1c51b35f-55cb-4636-a00c-83d34bf2d9d4:192.168.157.195:34693, d21ee1f1-33f6-483c-a18b-27782ce1915a:192.168.157.195:46462], old=null
2019-10-23 22:22:20,617 [grpc-default-executor-3] INFO  impl.RaftServerImpl (RaftServerImpl.java:setRole(184)) - 1c51b35f-55cb-4636-a00c-83d34bf2d9d4@group-F043E0AED0ED: changes role from  FOLLOWER to FOLLOWER at term 327 for recognizeCandidate:aed1b97f-105e-4684-b087-4b6333aa3ced
2019-10-23 22:22:20,617 [grpc-default-executor-3] INFO  impl.RoleInfo (RoleInfo.java:shutdownFollowerState(121)) - 1c51b35f-55cb-4636-a00c-83d34bf2d9d4: shutdown FollowerState
2019-10-23 22:22:20,618 [grpc-default-executor-5] INFO  impl.RaftServerImpl (RaftServerImpl.java:setRole(184)) - d21ee1f1-33f6-483c-a18b-27782ce1915a@group-F043E0AED0ED: changes role from  FOLLOWER to FOLLOWER at term 327 for recognizeCandidate:aed1b97f-105e-4684-b087-4b6333aa3ced
2019-10-23 22:22:20,618 [grpc-default-executor-5] INFO  impl.RoleInfo (RoleInfo.java:shutdownFollowerState(121)) - d21ee1f1-33f6-483c-a18b-27782ce1915a: shutdown FollowerState
2019-10-23 22:22:20,618 [grpc-default-executor-3] INFO  impl.RoleInfo (RoleInfo.java:updateAndGet(143)) - 1c51b35f-55cb-4636-a00c-83d34bf2d9d4: start FollowerState
2019-10-23 22:22:20,618 [Thread-2197] INFO  impl.FollowerState (FollowerState.java:run(117)) - 1c51b35f-55cb-4636-a00c-83d34bf2d9d4@group-F043E0AED0ED-FollowerState was interrupted: java.lang.InterruptedException: sleep interrupted
2019-10-23 22:22:20,618 [aed1b97f-105e-4684-b087-4b6333aa3ced@group-F043E0AED0ED-LeaderElection291] INFO  impl.LeaderElection (LeaderElection.java:logAndReturn(56)) - aed1b97f-105e-4684-b087-4b6333aa3ced@group-F043E0AED0ED-LeaderElection291: Election TIMEOUT; received 0 response(s) [] and 0 exception(s); aed1b97f-105e-4684-b087-4b6333aa3ced@group-F043E0AED0ED:t327, leader=null, voted=aed1b97f-105e-4684-b087-4b6333aa3ced, raftlog=aed1b97f-105e-4684-b087-4b6333aa3ced@group-F043E0AED0ED-SegmentedRaftLog:OPENED:c-1,f-1,i0, conf=-1: [aed1b97f-105e-4684-b087-4b6333aa3ced:192.168.157.195:34943, 1c51b35f-55cb-4636-a00c-83d34bf2d9d4:192.168.157.195:34693, d21ee1f1-33f6-483c-a18b-27782ce1915a:192.168.157.195:46462], old=null
2019-10-23 22:22:20,618 [grpc-default-executor-5] INFO  impl.RoleInfo (RoleInfo.java:updateAndGet(143)) - d21ee1f1-33f6-483c-a18b-27782ce1915a: start FollowerState
2019-10-23 22:22:20,618 [Thread-2198] INFO  impl.FollowerState (FollowerState.java:run(117)) - d21ee1f1-33f6-483c-a18b-27782ce1915a@group-F043E0AED0ED-FollowerState was interrupted: java.lang.InterruptedException: sleep interrupted
2019-10-23 22:22:20,632 [aed1b97f-105e-4684-b087-4b6333aa3ced@group-F043E0AED0ED-LeaderElection291] INFO  impl.LeaderElection (LeaderElection.java:askForVotes(178)) - aed1b97f-105e-4684-b087-4b6333aa3ced@group-F043E0AED0ED-LeaderElection291: begin an election at term 328 for -1: [aed1b97f-105e-4684-b087-4b6333aa3ced:192.168.157.195:34943, 1c51b35f-55cb-4636-a00c-83d34bf2d9d4:192.168.157.195:34693, d21ee1f1-33f6-483c-a18b-27782ce1915a:192.168.157.195:46462], old=null
2019-10-23 22:22:20,634 [grpc-default-executor-5] INFO  impl.RaftServerImpl (RaftServerImpl.java:setRole(184)) - 1c51b35f-55cb-4636-a00c-83d34bf2d9d4@group-F043E0AED0ED: changes role from  FOLLOWER to FOLLOWER at term 328 for recognizeCandidate:aed1b97f-105e-4684-b087-4b6333aa3ced
2019-10-23 22:22:20,634 [grpc-default-executor-5] INFO  impl.RoleInfo (RoleInfo.java:shutdownFollowerState(121)) - 1c51b35f-55cb-4636-a00c-83d34bf2d9d4: shutdown FollowerState
2019-10-23 22:22:20,634 [grpc-default-executor-3] INFO  impl.RaftServerImpl (RaftServerImpl.java:setRole(184)) - d21ee1f1-33f6-483c-a18b-27782ce1915a@group-F043E0AED0ED: changes role from  FOLLOWER to FOLLOWER at term 328 for recognizeCandidate:aed1b97f-105e-4684-b087-4b6333aa3ced
2019-10-23 22:22:20,634 [grpc-default-executor-3] INFO  impl.RoleInfo (RoleInfo.java:shutdownFollowerState(121)) - d21ee1f1-33f6-483c-a18b-27782ce1915a: shutdown FollowerState
2019-10-23 22:22:20,634 [Thread-2203] INFO  impl.FollowerState (FollowerState.java:run(117)) - 1c51b35f-55cb-4636-a00c-83d34bf2d9d4@group-F043E0AED0ED-FollowerState was interrupted: java.lang.InterruptedException: sleep interrupted
2019-10-23 22:22:20,634 [grpc-default-executor-5] INFO  impl.RoleInfo (RoleInfo.java:updateAndGet(143)) - 1c51b35f-55cb-4636-a00c-83d34bf2d9d4: start FollowerState
2019-10-23 22:22:20,634 [grpc-default-executor-3] INFO  impl.RoleInfo (RoleInfo.java:updateAndGet(143)) - d21ee1f1-33f6-483c-a18b-27782ce1915a: start FollowerState
2019-10-23 22:22:20,634 [Thread-2204] INFO  impl.FollowerState (FollowerState.java:run(117)) - d21ee1f1-33f6-483c-a18b-27782ce1915a@group-F043E0AED0ED-FollowerState was interrupted: java.lang.InterruptedException: sleep interrupted
2019-10-23 22:22:20,648 [aed1b97f-105e-4684-b087-4b6333aa3ced@group-F043E0AED0ED-LeaderElection291] INFO  impl.LeaderElection (LeaderElection.java:logAndReturn(56)) - aed1b97f-105e-4684-b087-4b6333aa3ced@group-F043E0AED0ED-LeaderElection291: Election REJECTED; received 2 response(s) [aed1b97f-105e-4684-b087-4b6333aa3ced<-1c51b35f-55cb-4636-a00c-83d34bf2d9d4#0:FAIL-t328, aed1b97f-105e-4684-b087-4b6333aa3ced<-d21ee1f1-33f6-483c-a18b-27782ce1915a#0:FAIL-t328] and 0 exception(s); aed1b97f-105e-4684-b087-4b6333aa3ced@group-F043E0AED0ED:t328, leader=null, voted=aed1b97f-105e-4684-b087-4b6333aa3ced, raftlog=aed1b97f-105e-4684-b087-4b6333aa3ced@group-F043E0AED0ED-SegmentedRaftLog:OPENED:c-1,f-1,i0, conf=-1: [aed1b97f-105e-4684-b087-4b6333aa3ced:192.168.157.195:34943, 1c51b35f-55cb-4636-a00c-83d34bf2d9d4:192.168.157.195:34693, d21ee1f1-33f6-483c-a18b-27782ce1915a:192.168.157.195:46462], old=null
2019-10-23 22:22:20,649 [aed1b97f-105e-4684-b087-4b6333aa3ced@group-F043E0AED0ED-LeaderElection291] INFO  impl.RaftServerImpl (RaftServerImpl.java:setRole(184)) - aed1b97f-105e-4684-b087-4b6333aa3ced@group-F043E0AED0ED: changes role from CANDIDATE to FOLLOWER at term 328 for DISCOVERED_A_NEW_TERM
2019-10-23 22:22:20,649 [aed1b97f-105e-4684-b087-4b6333aa3ced@group-F043E0AED0ED-LeaderElection291] INFO  impl.RoleInfo (RoleInfo.java:shutdownLeaderElection(134)) - aed1b97f-105e-4684-b087-4b6333aa3ced: shutdown LeaderElection
2019-10-23 22:22:20,649 [aed1b97f-105e-4684-b087-4b6333aa3ced@group-F043E0AED0ED-LeaderElection291] INFO  impl.RoleInfo (RoleInfo.java:updateAndGet(143)) - aed1b97f-105e-4684-b087-4b6333aa3ced: start FollowerState
2019-10-23 22:22:20,651 [Thread-2209] INFO  impl.FollowerState (FollowerState.java:run(108)) - aed1b97f-105e-4684-b087-4b6333aa3ced@group-F043E0AED0ED-FollowerState: change to CANDIDATE, lastRpcTime:2ms, electionTimeout:2ms
2019-10-23 22:22:20,651 [Thread-2209] INFO  impl.RoleInfo (RoleInfo.java:shutdownFollowerState(121)) - aed1b97f-105e-4684-b087-4b6333aa3ced: shutdown FollowerState
2019-10-23 22:22:20,651 [Thread-2209] INFO  impl.RaftServerImpl (RaftServerImpl.java:setRole(184)) - aed1b97f-105e-4684-b087-4b6333aa3ced@group-F043E0AED0ED: changes role from  FOLLOWER to CANDIDATE at term 328 for changeToCandidate
2019-10-23 22:22:20,652 [Thread-2209] INFO  impl.RoleInfo (RoleInfo.java:updateAndGet(143)) - aed1b97f-105e-4684-b087-4b6333aa3ced: start LeaderElection
2019-10-23 22:22:20,665 [aed1b97f-105e-4684-b087-4b6333aa3ced@group-F043E0AED0ED-LeaderElection292] INFO  impl.LeaderElection (LeaderElection.java:askForVotes(178)) - aed1b97f-105e-4684-b087-4b6333aa3ced@group-F043E0AED0ED-LeaderElection292: begin an election at term 329 for -1: [aed1b97f-105e-4684-b087-4b6333aa3ced:192.168.157.195:34943, 1c51b35f-55cb-4636-a00c-83d34bf2d9d4:192.168.157.195:34693, d21ee1f1-33f6-483c-a18b-27782ce1915a:192.168.157.195:46462], old=null
2019-10-23 22:22:20,667 [grpc-default-executor-5] INFO  impl.RaftServerImpl (RaftServerImpl.java:setRole(184)) - 1c51b35f-55cb-4636-a00c-83d34bf2d9d4@group-F043E0AED0ED: changes role from  FOLLOWER to FOLLOWER at term 329 for recognizeCandidate:aed1b97f-105e-4684-b087-4b6333aa3ced
2019-10-23 22:22:20,667 [grpc-default-executor-5] INFO  impl.RoleInfo (RoleInfo.java:shutdownFollowerState(121)) - 1c51b35f-55cb-4636-a00c-83d34bf2d9d4: shutdown FollowerState
2019-10-23 22:22:20,667 [grpc-default-executor-5] INFO  impl.RoleInfo (RoleInfo.java:updateAndGet(143)) - 1c51b35f-55cb-4636-a00c-83d34bf2d9d4: start FollowerState
2019-10-23 22:22:20,667 [Thread-2207] INFO  impl.FollowerState (FollowerState.java:run(117)) - 1c51b35f-55cb-4636-a00c-83d34bf2d9d4@group-F043E0AED0ED-FollowerState was interrupted: java.lang.InterruptedException: sleep interrupted
2019-10-23 22:22:20,667 [grpc-default-executor-3] INFO  impl.RaftServerImpl (RaftServerImpl.java:setRole(184)) - d21ee1f1-33f6-483c-a18b-27782ce1915a@group-F043E0AED0ED: changes role from  FOLLOWER to FOLLOWER at term 329 for recognizeCandidate:aed1b97f-105e-4684-b087-4b6333aa3ced
2019-10-23 22:22:20,667 [grpc-default-executor-3] INFO  impl.RoleInfo (RoleInfo.java:shutdownFollowerState(121)) - d21ee1f1-33f6-483c-a18b-27782ce1915a: shutdown FollowerState
2019-10-23 22:22:20,668 [grpc-default-executor-3] INFO  impl.RoleInfo (RoleInfo.java:updateAndGet(143)) - d21ee1f1-33f6-483c-a18b-27782ce1915a: start FollowerState
2019-10-23 22:22:20,668 [Thread-2208] INFO  impl.FollowerState (FollowerState.java:run(117)) - d21ee1f1-33f6-483c-a18b-27782ce1915a@group-F043E0AED0ED-FollowerState was interrupted: java.lang.InterruptedException: sleep interrupted
2019-10-23 22:22:20,684 [aed1b97f-105e-4684-b087-4b6333aa3ced@group-F043E0AED0ED-LeaderElection292] INFO  impl.LeaderElection (LeaderElection.java:logAndReturn(56)) - aed1b97f-105e-4684-b087-4b6333aa3ced@group-F043E0AED0ED-LeaderElection292: Election REJECTED; received 2 response(s) [aed1b97f-105e-4684-b087-4b6333aa3ced<-1c51b35f-55cb-4636-a00c-83d34bf2d9d4#0:FAIL-t329, aed1b97f-105e-4684-b087-4b6333aa3ced<-d21ee1f1-33f6-483c-a18b-27782ce1915a#0:FAIL-t329] and 0 exception(s); aed1b97f-105e-4684-b087-4b6333aa3ced@group-F043E0AED0ED:t329, leader=null, voted=aed1b97f-105e-4684-b087-4b6333aa3ced, raftlog=aed1b97f-105e-4684-b087-4b6333aa3ced@group-F043E0AED0ED-SegmentedRaftLog:OPENED:c-1,f-1,i0, conf=-1: [aed1b97f-105e-4684-b087-4b6333aa3ced:192.168.157.195:34943, 1c51b35f-55cb-4636-a00c-83d34bf2d9d4:192.168.157.195:34693, d21ee1f1-33f6-483c-a18b-27782ce1915a:192.168.157.195:46462], old=null
2019-10-23 22:22:20,685 [aed1b97f-105e-4684-b087-4b6333aa3ced@group-F043E0AED0ED-LeaderElection292] INFO  impl.RaftServerImpl (RaftServerImpl.java:setRole(184)) - aed1b97f-105e-4684-b087-4b6333aa3ced@group-F043E0AED0ED: changes role from CANDIDATE to FOLLOWER at term 329 for DISCOVERED_A_NEW_TERM
2019-10-23 22:22:20,685 [aed1b97f-105e-4684-b087-4b6333aa3ced@group-F043E0AED0ED-LeaderElection292] INFO  impl.RoleInfo (RoleInfo.java:shutdownLeaderElection(134)) - aed1b97f-105e-4684-b087-4b6333aa3ced: shutdown LeaderElection
2019-10-23 22:22:20,685 [aed1b97f-105e-4684-b087-4b6333aa3ced@group-F043E0AED0ED-LeaderElection292] INFO  impl.RoleInfo (RoleInfo.java:updateAndGet(143)) - aed1b97f-105e-4684-b087-4b6333aa3ced: start FollowerState
2019-10-23 22:22:20,874 [Thread-2215] INFO  impl.FollowerState (FollowerState.java:run(108)) - aed1b97f-105e-4684-b087-4b6333aa3ced@group-F043E0AED0ED-FollowerState: change to CANDIDATE, lastRpcTime:189ms, electionTimeout:189ms
2019-10-23 22:22:20,874 [Thread-2215] INFO  impl.RoleInfo (RoleInfo.java:shutdownFollowerState(121)) - aed1b97f-105e-4684-b087-4b6333aa3ced: shutdown FollowerState
2019-10-23 22:22:20,875 [Thread-2215] INFO  impl.RaftServerImpl (RaftServerImpl.java:setRole(184)) - aed1b97f-105e-4684-b087-4b6333aa3ced@group-F043E0AED0ED: changes role from  FOLLOWER to CANDIDATE at term 329 for changeToCandidate
2019-10-23 22:22:20,875 [Thread-2215] INFO  impl.RoleInfo (RoleInfo.java:updateAndGet(143)) - aed1b97f-105e-4684-b087-4b6333aa3ced: start LeaderElection
2019-10-23 22:22:20,889 [aed1b97f-105e-4684-b087-4b6333aa3ced@group-F043E0AED0ED-LeaderElection293] INFO  impl.LeaderElection (LeaderElection.java:askForVotes(178)) - aed1b97f-105e-4684-b087-4b6333aa3ced@group-F043E0AED0ED-LeaderElection293: begin an election at term 330 for -1: [aed1b97f-105e-4684-b087-4b6333aa3ced:192.168.157.195:34943, 1c51b35f-55cb-4636-a00c-83d34bf2d9d4:192.168.157.195:34693, d21ee1f1-33f6-483c-a18b-27782ce1915a:192.168.157.195:46462], old=null
2019-10-23 22:22:20,891 [grpc-default-executor-3] INFO  impl.RaftServerImpl (RaftServerImpl.java:setRole(184)) - 1c51b35f-55cb-4636-a00c-83d34bf2d9d4@group-F043E0AED0ED: changes role from  FOLLOWER to FOLLOWER at term 330 for recognizeCandidate:aed1b97f-105e-4684-b087-4b6333aa3ced
2019-10-23 22:22:20,891 [grpc-default-executor-5] INFO  impl.RaftServerImpl (RaftServerImpl.java:setRole(184)) - d21ee1f1-33f6-483c-a18b-27782ce1915a@group-F043E0AED0ED: changes role from  FOLLOWER to FOLLOWER at term 330 for recognizeCandidate:aed1b97f-105e-4684-b087-4b6333aa3ced
2019-10-23 22:22:20,892 [grpc-default-executor-3] INFO  impl.RoleInfo (RoleInfo.java:shutdownFollowerState(121)) - 1c51b35f-55cb-4636-a00c-83d34bf2d9d4: shutdown FollowerState
2019-10-23 22:22:20,892 [grpc-default-executor-5] INFO  impl.RoleInfo (RoleInfo.java:shutdownFollowerState(121)) - d21ee1f1-33f6-483c-a18b-27782ce1915a: shutdown FollowerState
2019-10-23 22:22:20,892 [Thread-2213] INFO  impl.FollowerState (FollowerState.java:run(117)) - 1c51b35f-55cb-4636-a00c-83d34bf2d9d4@group-F043E0AED0ED-FollowerState was interrupted: java.lang.InterruptedException: sleep interrupted
2019-10-23 22:22:20,892 [grpc-default-executor-3] INFO  impl.RoleInfo (RoleInfo.java:updateAndGet(143)) - 1c51b35f-55cb-4636-a00c-83d34bf2d9d4: start FollowerState
2019-10-23 22:22:20,892 [Thread-2214] INFO  impl.FollowerState (FollowerState.java:run(117)) - d21ee1f1-33f6-483c-a18b-27782ce1915a@group-F043E0AED0ED-FollowerState was interrupted: java.lang.InterruptedException: sleep interrupted
2019-10-23 22:22:20,892 [grpc-default-executor-5] INFO  impl.RoleInfo (RoleInfo.java:updateAndGet(143)) - d21ee1f1-33f6-483c-a18b-27782ce1915a: start FollowerState
2019-10-23 22:22:20,907 [aed1b97f-105e-4684-b087-4b6333aa3ced@group-F043E0AED0ED-LeaderElection293] INFO  impl.LeaderElection (LeaderElection.java:logAndReturn(56)) - aed1b97f-105e-4684-b087-4b6333aa3ced@group-F043E0AED0ED-LeaderElection293: Election REJECTED; received 2 response(s) [aed1b97f-105e-4684-b087-4b6333aa3ced<-1c51b35f-55cb-4636-a00c-83d34bf2d9d4#0:FAIL-t330, aed1b97f-105e-4684-b087-4b6333aa3ced<-d21ee1f1-33f6-483c-a18b-27782ce1915a#0:FAIL-t330] and 0 exception(s); aed1b97f-105e-4684-b087-4b6333aa3ced@group-F043E0AED0ED:t330, leader=null, voted=aed1b97f-105e-4684-b087-4b6333aa3ced, raftlog=aed1b97f-105e-4684-b087-4b6333aa3ced@group-F043E0AED0ED-SegmentedRaftLog:OPENED:c-1,f-1,i0, conf=-1: [aed1b97f-105e-4684-b087-4b6333aa3ced:192.168.157.195:34943, 1c51b35f-55cb-4636-a00c-83d34bf2d9d4:192.168.157.195:34693, d21ee1f1-33f6-483c-a18b-27782ce1915a:192.168.157.195:46462], old=null
2019-10-23 22:22:20,907 [aed1b97f-105e-4684-b087-4b6333aa3ced@group-F043E0AED0ED-LeaderElection293] INFO  impl.RaftServerImpl (RaftServerImpl.java:setRole(184)) - aed1b97f-105e-4684-b087-4b6333aa3ced@group-F043E0AED0ED: changes role from CANDIDATE to FOLLOWER at term 330 for DISCOVERED_A_NEW_TERM
2019-10-23 22:22:20,907 [aed1b97f-105e-4684-b087-4b6333aa3ced@group-F043E0AED0ED-LeaderElection293] INFO  impl.RoleInfo (RoleInfo.java:shutdownLeaderElection(134)) - aed1b97f-105e-4684-b087-4b6333aa3ced: shutdown LeaderElection
2019-10-23 22:22:20,907 [aed1b97f-105e-4684-b087-4b6333aa3ced@group-F043E0AED0ED-LeaderElection293] INFO  impl.RoleInfo (RoleInfo.java:updateAndGet(143)) - aed1b97f-105e-4684-b087-4b6333aa3ced: start FollowerState
2019-10-23 22:22:20,936 [Thread-2221] INFO  impl.FollowerState (FollowerState.java:run(108)) - aed1b97f-105e-4684-b087-4b6333aa3ced@group-F043E0AED0ED-FollowerState: change to CANDIDATE, lastRpcTime:29ms, electionTimeout:29ms
2019-10-23 22:22:20,937 [Thread-2221] INFO  impl.RoleInfo (RoleInfo.java:shutdownFollowerState(121)) - aed1b97f-105e-4684-b087-4b6333aa3ced: shutdown FollowerState
2019-10-23 22:22:20,937 [Thread-2221] INFO  impl.RaftServerImpl (RaftServerImpl.java:setRole(184)) - aed1b97f-105e-4684-b087-4b6333aa3ced@group-F043E0AED0ED: changes role from  FOLLOWER to CANDIDATE at term 330 for changeToCandidate
2019-10-23 22:22:20,937 [Thread-2221] INFO  impl.RoleInfo (RoleInfo.java:updateAndGet(143)) - aed1b97f-105e-4684-b087-4b6333aa3ced: start LeaderElection
2019-10-23 22:22:20,950 [aed1b97f-105e-4684-b087-4b6333aa3ced@group-F043E0AED0ED-LeaderElection294] INFO  impl.LeaderElection (LeaderElection.java:askForVotes(178)) - aed1b97f-105e-4684-b087-4b6333aa3ced@group-F043E0AED0ED-LeaderElection294: begin an election at term 331 for -1: [aed1b97f-105e-4684-b087-4b6333aa3ced:192.168.157.195:34943, 1c51b35f-55cb-4636-a00c-83d34bf2d9d4:192.168.157.195:34693, d21ee1f1-33f6-483c-a18b-27782ce1915a:192.168.157.195:46462], old=null
2019-10-23 22:22:20,952 [grpc-default-executor-3] INFO  impl.RaftServerImpl (RaftServerImpl.java:setRole(184)) - 1c51b35f-55cb-4636-a00c-83d34bf2d9d4@group-F043E0AED0ED: changes role from  FOLLOWER to FOLLOWER at term 331 for recognizeCandidate:aed1b97f-105e-4684-b087-4b6333aa3ced
2019-10-23 22:22:20,952 [grpc-default-executor-3] INFO  impl.RoleInfo (RoleInfo.java:shutdownFollowerState(121)) - 1c51b35f-55cb-4636-a00c-83d34bf2d9d4: shutdown FollowerState
2019-10-23 22:22:20,952 [grpc-default-executor-3] INFO  impl.RoleInfo (RoleInfo.java:updateAndGet(143)) - 1c51b35f-55cb-4636-a00c-83d34bf2d9d4: start FollowerState
2019-10-23 22:22:20,952 [Thread-2219] INFO  impl.FollowerState (FollowerState.java:run(117)) - 1c51b35f-55cb-4636-a00c-83d34bf2d9d4@group-F043E0AED0ED-FollowerState was interrupted: java.lang.InterruptedException: sleep interrupted
2019-10-23 22:22:20,953 [grpc-default-executor-5] INFO  impl.RaftServerImpl (RaftServerImpl.java:setRole(184)) - d21ee1f1-33f6-483c-a18b-27782ce1915a@group-F043E0AED0ED: changes role from  FOLLOWER to FOLLOWER at term 331 for recognizeCandidate:aed1b97f-105e-4684-b087-4b6333aa3ced
2019-10-23 22:22:20,953 [grpc-default-executor-5] INFO  impl.RoleInfo (RoleInfo.java:shutdownFollowerState(121)) - d21ee1f1-33f6-483c-a18b-27782ce1915a: shutdown FollowerState
2019-10-23 22:22:20,953 [grpc-default-executor-5] INFO  impl.RoleInfo (RoleInfo.java:updateAndGet(143)) - d21ee1f1-33f6-483c-a18b-27782ce1915a: start FollowerState
2019-10-23 22:22:20,953 [Thread-2220] INFO  impl.FollowerState (FollowerState.java:run(117)) - d21ee1f1-33f6-483c-a18b-27782ce1915a@group-F043E0AED0ED-FollowerState was interrupted: java.lang.InterruptedException: sleep interrupted
2019-10-23 22:22:20,967 [aed1b97f-105e-4684-b087-4b6333aa3ced@group-F043E0AED0ED-LeaderElection294] INFO  impl.LeaderElection (LeaderElection.java:logAndReturn(56)) - aed1b97f-105e-4684-b087-4b6333aa3ced@group-F043E0AED0ED-LeaderElection294: Election REJECTED; received 2 response(s) [aed1b97f-105e-4684-b087-4b6333aa3ced<-1c51b35f-55cb-4636-a00c-83d34bf2d9d4#0:FAIL-t331, aed1b97f-105e-4684-b087-4b6333aa3ced<-d21ee1f1-33f6-483c-a18b-27782ce1915a#0:FAIL-t331] and 0 exception(s); aed1b97f-105e-4684-b087-4b6333aa3ced@group-F043E0AED0ED:t331, leader=null, voted=aed1b97f-105e-4684-b087-4b6333aa3ced, raftlog=aed1b97f-105e-4684-b087-4b6333aa3ced@group-F043E0AED0ED-SegmentedRaftLog:OPENED:c-1,f-1,i0, conf=-1: [aed1b97f-105e-4684-b087-4b6333aa3ced:192.168.157.195:34943, 1c51b35f-55cb-4636-a00c-83d34bf2d9d4:192.168.157.195:34693, d21ee1f1-33f6-483c-a18b-27782ce1915a:192.168.157.195:46462], old=null
2019-10-23 22:22:20,967 [aed1b97f-105e-4684-b087-4b6333aa3ced@group-F043E0AED0ED-LeaderElection294] INFO  impl.RaftServerImpl (RaftServerImpl.java:setRole(184)) - aed1b97f-105e-4684-b087-4b6333aa3ced@group-F043E0AED0ED: changes role from CANDIDATE to FOLLOWER at term 331 for DISCOVERED_A_NEW_TERM
2019-10-23 22:22:20,967 [aed1b97f-105e-4684-b087-4b6333aa3ced@group-F043E0AED0ED-LeaderElection294] INFO  impl.RoleInfo (RoleInfo.java:shutdownLeaderElection(134)) - aed1b97f-105e-4684-b087-4b6333aa3ced: shutdown LeaderElection
2019-10-23 22:22:20,967 [aed1b97f-105e-4684-b087-4b6333aa3ced@group-F043E0AED0ED-LeaderElection294] INFO  impl.RoleInfo (RoleInfo.java:updateAndGet(143)) - aed1b97f-105e-4684-b087-4b6333aa3ced: start FollowerState
2019-10-23 22:22:21,131 [Thread-2227] INFO  impl.FollowerState (FollowerState.java:run(108)) - aed1b97f-105e-4684-b087-4b6333aa3ced@group-F043E0AED0ED-FollowerState: change to CANDIDATE, lastRpcTime:163ms, electionTimeout:163ms
2019-10-23 22:22:21,131 [Thread-2227] INFO  impl.RoleInfo (RoleInfo.java:shutdownFollowerState(121)) - aed1b97f-105e-4684-b087-4b6333aa3ced: shutdown FollowerState
2019-10-23 22:22:21,131 [Thread-2227] INFO  impl.RaftServerImpl (RaftServerImpl.java:setRole(184)) - aed1b97f-105e-4684-b087-4b6333aa3ced@group-F043E0AED0ED: changes role from  FOLLOWER to CANDIDATE at term 331 for changeToCandidate
2019-10-23 22:22:21,132 [Thread-2227] INFO  impl.RoleInfo (RoleInfo.java:updateAndGet(143)) - aed1b97f-105e-4684-b087-4b6333aa3ced: start LeaderElection
2019-10-23 22:22:21,146 [aed1b97f-105e-4684-b087-4b6333aa3ced@group-F043E0AED0ED-LeaderElection295] INFO  impl.LeaderElection (LeaderElection.java:askForVotes(178)) - aed1b97f-105e-4684-b087-4b6333aa3ced@group-F043E0AED0ED-LeaderElection295: begin an election at term 332 for -1: [aed1b97f-105e-4684-b087-4b6333aa3ced:192.168.157.195:34943, 1c51b35f-55cb-4636-a00c-83d34bf2d9d4:192.168.157.195:34693, d21ee1f1-33f6-483c-a18b-27782ce1915a:192.168.157.195:46462], old=null
2019-10-23 22:22:21,149 [grpc-default-executor-3] INFO  impl.RaftServerImpl (RaftServerImpl.java:setRole(184)) - d21ee1f1-33f6-483c-a18b-27782ce1915a@group-F043E0AED0ED: changes role from  FOLLOWER to FOLLOWER at term 332 for recognizeCandidate:aed1b97f-105e-4684-b087-4b6333aa3ced
2019-10-23 22:22:21,149 [grpc-default-executor-5] INFO  impl.RaftServerImpl (RaftServerImpl.java:setRole(184)) - 1c51b35f-55cb-4636-a00c-83d34bf2d9d4@group-F043E0AED0ED: changes role from  FOLLOWER to FOLLOWER at term 332 for recognizeCandidate:aed1b97f-105e-4684-b087-4b6333aa3ced
2019-10-23 22:22:21,149 [grpc-default-executor-3] INFO  impl.RoleInfo (RoleInfo.java:shutdownFollowerState(121)) - d21ee1f1-33f6-483c-a18b-27782ce1915a: shutdown FollowerState
2019-10-23 22:22:21,149 [grpc-default-executor-5] INFO  impl.RoleInfo (RoleInfo.java:shutdownFollowerState(121)) - 1c51b35f-55cb-4636-a00c-83d34bf2d9d4: shutdown FollowerState
2019-10-23 22:22:21,150 [Thread-2225] INFO  impl.FollowerState (FollowerState.java:run(117)) - 1c51b35f-55cb-4636-a00c-83d34bf2d9d4@group-F043E0AED0ED-FollowerState was interrupted: java.lang.InterruptedException: sleep interrupted
2019-10-23 22:22:21,150 [Thread-2226] INFO  impl.FollowerState (FollowerState.java:run(117)) - d21ee1f1-33f6-483c-a18b-27782ce1915a@group-F043E0AED0ED-FollowerState was interrupted: java.lang.InterruptedException: sleep interrupted
2019-10-23 22:22:21,150 [grpc-default-executor-3] INFO  impl.RoleInfo (RoleInfo.java:updateAndGet(143)) - d21ee1f1-33f6-483c-a18b-27782ce1915a: start FollowerState
2019-10-23 22:22:21,150 [grpc-default-executor-5] INFO  impl.RoleInfo (RoleInfo.java:updateAndGet(143)) - 1c51b35f-55cb-4636-a00c-83d34bf2d9d4: start FollowerState
2019-10-23 22:22:21,159 [aed1b97f-105e-4684-b087-4b6333aa3ced@group-F043E0AED0ED-LeaderElection295] INFO  impl.LeaderElection (LeaderElection.java:logAndReturn(56)) - aed1b97f-105e-4684-b087-4b6333aa3ced@group-F043E0AED0ED-LeaderElection295: Election TIMEOUT; received 0 response(s) [] and 0 exception(s); aed1b97f-105e-4684-b087-4b6333aa3ced@group-F043E0AED0ED:t332, leader=null, voted=aed1b97f-105e-4684-b087-4b6333aa3ced, raftlog=aed1b97f-105e-4684-b087-4b6333aa3ced@group-F043E0AED0ED-SegmentedRaftLog:OPENED:c-1,f-1,i0, conf=-1: [aed1b97f-105e-4684-b087-4b6333aa3ced:192.168.157.195:34943, 1c51b35f-55cb-4636-a00c-83d34bf2d9d4:192.168.157.195:34693, d21ee1f1-33f6-483c-a18b-27782ce1915a:192.168.157.195:46462], old=null
2019-10-23 22:22:21,164 [aed1b97f-105e-4684-b087-4b6333aa3ced@group-F043E0AED0ED-LeaderElection295] INFO  impl.LeaderElection (LeaderElection.java:askForVotes(178)) - aed1b97f-105e-4684-b087-4b6333aa3ced@group-F043E0AED0ED-LeaderElection295: begin an election at term 333 for -1: [aed1b97f-105e-4684-b087-4b6333aa3ced:192.168.157.195:34943, 1c51b35f-55cb-4636-a00c-83d34bf2d9d4:192.168.157.195:34693, d21ee1f1-33f6-483c-a18b-27782ce1915a:192.168.157.195:46462], old=null
2019-10-23 22:22:21,166 [grpc-default-executor-5] INFO  impl.RaftServerImpl (RaftServerImpl.java:setRole(184)) - 1c51b35f-55cb-4636-a00c-83d34bf2d9d4@group-F043E0AED0ED: changes role from  FOLLOWER to FOLLOWER at term 333 for recognizeCandidate:aed1b97f-105e-4684-b087-4b6333aa3ced
2019-10-23 22:22:21,166 [grpc-default-executor-3] INFO  impl.RaftServerImpl (RaftServerImpl.java:setRole(184)) - d21ee1f1-33f6-483c-a18b-27782ce1915a@group-F043E0AED0ED: changes role from  FOLLOWER to FOLLOWER at term 333 for recognizeCandidate:aed1b97f-105e-4684-b087-4b6333aa3ced
2019-10-23 22:22:21,166 [grpc-default-executor-5] INFO  impl.RoleInfo (RoleInfo.java:shutdownFollowerState(121)) - 1c51b35f-55cb-4636-a00c-83d34bf2d9d4: shutdown FollowerState
2019-10-23 22:22:21,166 [grpc-default-executor-3] INFO  impl.RoleInfo (RoleInfo.java:shutdownFollowerState(121)) - d21ee1f1-33f6-483c-a18b-27782ce1915a: shutdown FollowerState
2019-10-23 22:22:21,166 [grpc-default-executor-5] INFO  impl.RoleInfo (RoleInfo.java:updateAndGet(143)) - 1c51b35f-55cb-4636-a00c-83d34bf2d9d4: start FollowerState
2019-10-23 22:22:21,166 [Thread-2232] INFO  impl.FollowerState (FollowerState.java:run(117)) - 1c51b35f-55cb-4636-a00c-83d34bf2d9d4@group-F043E0AED0ED-FollowerState was interrupted: java.lang.InterruptedException: sleep interrupted
2019-10-23 22:22:21,167 [grpc-default-executor-3] INFO  impl.RoleInfo (RoleInfo.java:updateAndGet(143)) - d21ee1f1-33f6-483c-a18b-27782ce1915a: start FollowerState
2019-10-23 22:22:21,167 [Thread-2231] INFO  impl.FollowerState (FollowerState.java:run(117)) - d21ee1f1-33f6-483c-a18b-27782ce1915a@group-F043E0AED0ED-FollowerState was interrupted: java.lang.InterruptedException: sleep interrupted
2019-10-23 22:22:21,181 [aed1b97f-105e-4684-b087-4b6333aa3ced@group-F043E0AED0ED-LeaderElection295] INFO  impl.LeaderElection (LeaderElection.java:logAndReturn(56)) - aed1b97f-105e-4684-b087-4b6333aa3ced@group-F043E0AED0ED-LeaderElection295: Election REJECTED; received 2 response(s) [aed1b97f-105e-4684-b087-4b6333aa3ced<-1c51b35f-55cb-4636-a00c-83d34bf2d9d4#0:FAIL-t333, aed1b97f-105e-4684-b087-4b6333aa3ced<-d21ee1f1-33f6-483c-a18b-27782ce1915a#0:FAIL-t333] and 0 exception(s); aed1b97f-105e-4684-b087-4b6333aa3ced@group-F043E0AED0ED:t333, leader=null, voted=aed1b97f-105e-4684-b087-4b6333aa3ced, raftlog=aed1b97f-105e-4684-b087-4b6333aa3ced@group-F043E0AED0ED-SegmentedRaftLog:OPENED:c-1,f-1,i0, conf=-1: [aed1b97f-105e-4684-b087-4b6333aa3ced:192.168.157.195:34943, 1c51b35f-55cb-4636-a00c-83d34bf2d9d4:192.168.157.195:34693, d21ee1f1-33f6-483c-a18b-27782ce1915a:192.168.157.195:46462], old=null
2019-10-23 22:22:21,181 [aed1b97f-105e-4684-b087-4b6333aa3ced@group-F043E0AED0ED-LeaderElection295] INFO  impl.RaftServerImpl (RaftServerImpl.java:setRole(184)) - aed1b97f-105e-4684-b087-4b6333aa3ced@group-F043E0AED0ED: changes role from CANDIDATE to FOLLOWER at term 333 for DISCOVERED_A_NEW_TERM
2019-10-23 22:22:21,182 [aed1b97f-105e-4684-b087-4b6333aa3ced@group-F043E0AED0ED-LeaderElection295] INFO  impl.RoleInfo (RoleInfo.java:shutdownLeaderElection(134)) - aed1b97f-105e-4684-b087-4b6333aa3ced: shutdown LeaderElection
2019-10-23 22:22:21,182 [aed1b97f-105e-4684-b087-4b6333aa3ced@group-F043E0AED0ED-LeaderElection295] INFO  impl.RoleInfo (RoleInfo.java:updateAndGet(143)) - aed1b97f-105e-4684-b087-4b6333aa3ced: start FollowerState
2019-10-23 22:22:21,196 [Thread-2237] INFO  impl.FollowerState (FollowerState.java:run(108)) - aed1b97f-105e-4684-b087-4b6333aa3ced@group-F043E0AED0ED-FollowerState: change to CANDIDATE, lastRpcTime:14ms, electionTimeout:14ms
2019-10-23 22:22:21,196 [Thread-2237] INFO  impl.RoleInfo (RoleInfo.java:shutdownFollowerState(121)) - aed1b97f-105e-4684-b087-4b6333aa3ced: shutdown FollowerState
2019-10-23 22:22:21,196 [Thread-2237] INFO  impl.RaftServerImpl (RaftServerImpl.java:setRole(184)) - aed1b97f-105e-4684-b087-4b6333aa3ced@group-F043E0AED0ED: changes role from  FOLLOWER to CANDIDATE at term 333 for changeToCandidate
2019-10-23 22:22:21,196 [Thread-2237] INFO  impl.RoleInfo (RoleInfo.java:updateAndGet(143)) - aed1b97f-105e-4684-b087-4b6333aa3ced: start LeaderElection
2019-10-23 22:22:21,209 [aed1b97f-105e-4684-b087-4b6333aa3ced@group-F043E0AED0ED-LeaderElection296] INFO  impl.LeaderElection (LeaderElection.java:askForVotes(178)) - aed1b97f-105e-4684-b087-4b6333aa3ced@group-F043E0AED0ED-LeaderElection296: begin an election at term 334 for -1: [aed1b97f-105e-4684-b087-4b6333aa3ced:192.168.157.195:34943, 1c51b35f-55cb-4636-a00c-83d34bf2d9d4:192.168.157.195:34693, d21ee1f1-33f6-483c-a18b-27782ce1915a:192.168.157.195:46462], old=null
2019-10-23 22:22:21,495 [aed1b97f-105e-4684-b087-4b6333aa3ced@group-F043E0AED0ED-LeaderElection296] INFO  impl.LeaderElection (LeaderElection.java:logAndReturn(56)) - aed1b97f-105e-4684-b087-4b6333aa3ced@group-F043E0AED0ED-LeaderElection296: Election TIMEOUT; received 0 response(s) [] and 0 exception(s); aed1b97f-105e-4684-b087-4b6333aa3ced@group-F043E0AED0ED:t334, leader=null, voted=aed1b97f-105e-4684-b087-4b6333aa3ced, raftlog=aed1b97f-105e-4684-b087-4b6333aa3ced@group-F043E0AED0ED-SegmentedRaftLog:OPENED:c-1,f-1,i0, conf=-1: [aed1b97f-105e-4684-b087-4b6333aa3ced:192.168.157.195:34943, 1c51b35f-55cb-4636-a00c-83d34bf2d9d4:192.168.157.195:34693, d21ee1f1-33f6-483c-a18b-27782ce1915a:192.168.157.195:46462], old=null
2019-10-23 22:22:21,496 [grpc-default-executor-5] INFO  impl.RaftServerImpl (RaftServerImpl.java:setRole(184)) - d21ee1f1-33f6-483c-a18b-27782ce1915a@group-F043E0AED0ED: changes role from  FOLLOWER to FOLLOWER at term 334 for recognizeCandidate:aed1b97f-105e-4684-b087-4b6333aa3ced
2019-10-23 22:22:21,496 [grpc-default-executor-3] INFO  impl.RaftServerImpl (RaftServerImpl.java:setRole(184)) - 1c51b35f-55cb-4636-a00c-83d34bf2d9d4@group-F043E0AED0ED: changes role from  FOLLOWER to FOLLOWER at term 334 for recognizeCandidate:aed1b97f-105e-4684-b087-4b6333aa3ced
2019-10-23 22:22:21,496 [grpc-default-executor-5] INFO  impl.RoleInfo (RoleInfo.java:shutdownFollowerState(121)) - d21ee1f1-33f6-483c-a18b-27782ce1915a: shutdown FollowerState
2019-10-23 22:22:21,497 [grpc-default-executor-3] INFO  impl.RoleInfo (RoleInfo.java:shutdownFollowerState(121)) - 1c51b35f-55cb-4636-a00c-83d34bf2d9d4: shutdown FollowerState
2019-10-23 22:22:21,497 [Thread-2236] INFO  impl.FollowerState (FollowerState.java:run(117)) - d21ee1f1-33f6-483c-a18b-27782ce1915a@group-F043E0AED0ED-FollowerState was interrupted: java.lang.InterruptedException: sleep interrupted
2019-10-23 22:22:21,497 [Thread-2235] INFO  impl.FollowerState (FollowerState.java:run(117)) - 1c51b35f-55cb-4636-a00c-83d34bf2d9d4@group-F043E0AED0ED-FollowerState was interrupted: java.lang.InterruptedException: sleep interrupted
2019-10-23 22:22:21,497 [grpc-default-executor-5] INFO  impl.RoleInfo (RoleInfo.java:updateAndGet(143)) - d21ee1f1-33f6-483c-a18b-27782ce1915a: start FollowerState
2019-10-23 22:22:21,497 [grpc-default-executor-3] INFO  impl.RoleInfo (RoleInfo.java:updateAndGet(143)) - 1c51b35f-55cb-4636-a00c-83d34bf2d9d4: start FollowerState
2019-10-23 22:22:21,509 [aed1b97f-105e-4684-b087-4b6333aa3ced@group-F043E0AED0ED-LeaderElection296] INFO  impl.LeaderElection (LeaderElection.java:askForVotes(178)) - aed1b97f-105e-4684-b087-4b6333aa3ced@group-F043E0AED0ED-LeaderElection296: begin an election at term 335 for -1: [aed1b97f-105e-4684-b087-4b6333aa3ced:192.168.157.195:34943, 1c51b35f-55cb-4636-a00c-83d34bf2d9d4:192.168.157.195:34693, d21ee1f1-33f6-483c-a18b-27782ce1915a:192.168.157.195:46462], old=null
2019-10-23 22:22:21,512 [grpc-default-executor-5] INFO  impl.RaftServerImpl (RaftServerImpl.java:setRole(184)) - 1c51b35f-55cb-4636-a00c-83d34bf2d9d4@group-F043E0AED0ED: changes role from  FOLLOWER to FOLLOWER at term 335 for recognizeCandidate:aed1b97f-105e-4684-b087-4b6333aa3ced
2019-10-23 22:22:21,512 [grpc-default-executor-5] INFO  impl.RoleInfo (RoleInfo.java:shutdownFollowerState(121)) - 1c51b35f-55cb-4636-a00c-83d34bf2d9d4: shutdown FollowerState
2019-10-23 22:22:21,512 [grpc-default-executor-3] INFO  impl.RaftServerImpl (RaftServerImpl.java:setRole(184)) - d21ee1f1-33f6-483c-a18b-27782ce1915a@group-F043E0AED0ED: changes role from  FOLLOWER to FOLLOWER at term 335 for recognizeCandidate:aed1b97f-105e-4684-b087-4b6333aa3ced
2019-10-23 22:22:21,512 [grpc-default-executor-3] INFO  impl.RoleInfo (RoleInfo.java:shutdownFollowerState(121)) - d21ee1f1-33f6-483c-a18b-27782ce1915a: shutdown FollowerState
2019-10-23 22:22:21,512 [Thread-2243] INFO  impl.FollowerState (FollowerState.java:run(117)) - 1c51b35f-55cb-4636-a00c-83d34bf2d9d4@group-F043E0AED0ED-FollowerState was interrupted: java.lang.InterruptedException: sleep interrupted
2019-10-23 22:22:21,512 [grpc-default-executor-5] INFO  impl.RoleInfo (RoleInfo.java:updateAndGet(143)) - 1c51b35f-55cb-4636-a00c-83d34bf2d9d4: start FollowerState
2019-10-23 22:22:21,512 [Thread-2242] INFO  impl.FollowerState (FollowerState.java:run(117)) - d21ee1f1-33f6-483c-a18b-27782ce1915a@group-F043E0AED0ED-FollowerState was interrupted: java.lang.InterruptedException: sleep interrupted
2019-10-23 22:22:21,512 [grpc-default-executor-3] INFO  impl.RoleInfo (RoleInfo.java:updateAndGet(143)) - d21ee1f1-33f6-483c-a18b-27782ce1915a: start FollowerState
2019-10-23 22:22:21,527 [aed1b97f-105e-4684-b087-4b6333aa3ced@group-F043E0AED0ED-LeaderElection296] INFO  impl.LeaderElection (LeaderElection.java:logAndReturn(56)) - aed1b97f-105e-4684-b087-4b6333aa3ced@group-F043E0AED0ED-LeaderElection296: Election REJECTED; received 2 response(s) [aed1b97f-105e-4684-b087-4b6333aa3ced<-1c51b35f-55cb-4636-a00c-83d34bf2d9d4#0:FAIL-t335, aed1b97f-105e-4684-b087-4b6333aa3ced<-d21ee1f1-33f6-483c-a18b-27782ce1915a#0:FAIL-t335] and 0 exception(s); aed1b97f-105e-4684-b087-4b6333aa3ced@group-F043E0AED0ED:t335, leader=null, voted=aed1b97f-105e-4684-b087-4b6333aa3ced, raftlog=aed1b97f-105e-4684-b087-4b6333aa3ced@group-F043E0AED0ED-SegmentedRaftLog:OPENED:c-1,f-1,i0, conf=-1: [aed1b97f-105e-4684-b087-4b6333aa3ced:192.168.157.195:34943, 1c51b35f-55cb-4636-a00c-83d34bf2d9d4:192.168.157.195:34693, d21ee1f1-33f6-483c-a18b-27782ce1915a:192.168.157.195:46462], old=null
2019-10-23 22:22:21,527 [aed1b97f-105e-4684-b087-4b6333aa3ced@group-F043E0AED0ED-LeaderElection296] INFO  impl.RaftServerImpl (RaftServerImpl.java:setRole(184)) - aed1b97f-105e-4684-b087-4b6333aa3ced@group-F043E0AED0ED: changes role from CANDIDATE to FOLLOWER at term 335 for DISCOVERED_A_NEW_TERM
2019-10-23 22:22:21,527 [aed1b97f-105e-4684-b087-4b6333aa3ced@group-F043E0AED0ED-LeaderElection296] INFO  impl.RoleInfo (RoleInfo.java:shutdownLeaderElection(134)) - aed1b97f-105e-4684-b087-4b6333aa3ced: shutdown LeaderElection
2019-10-23 22:22:21,528 [aed1b97f-105e-4684-b087-4b6333aa3ced@group-F043E0AED0ED-LeaderElection296] INFO  impl.RoleInfo (RoleInfo.java:updateAndGet(143)) - aed1b97f-105e-4684-b087-4b6333aa3ced: start FollowerState
2019-10-23 22:22:21,680 [Thread-2249] INFO  impl.FollowerState (FollowerState.java:run(108)) - aed1b97f-105e-4684-b087-4b6333aa3ced@group-F043E0AED0ED-FollowerState: change to CANDIDATE, lastRpcTime:152ms, electionTimeout:152ms
2019-10-23 22:22:21,680 [Thread-2249] INFO  impl.RoleInfo (RoleInfo.java:shutdownFollowerState(121)) - aed1b97f-105e-4684-b087-4b6333aa3ced: shutdown FollowerState
2019-10-23 22:22:21,680 [Thread-2249] INFO  impl.RaftServerImpl (RaftServerImpl.java:setRole(184)) - aed1b97f-105e-4684-b087-4b6333aa3ced@group-F043E0AED0ED: changes role from  FOLLOWER to CANDIDATE at term 335 for changeToCandidate
2019-10-23 22:22:21,681 [Thread-2249] INFO  impl.RoleInfo (RoleInfo.java:updateAndGet(143)) - aed1b97f-105e-4684-b087-4b6333aa3ced: start LeaderElection
2019-10-23 22:22:21,711 [aed1b97f-105e-4684-b087-4b6333aa3ced@group-F043E0AED0ED-LeaderElection297] INFO  impl.LeaderElection (LeaderElection.java:askForVotes(178)) - aed1b97f-105e-4684-b087-4b6333aa3ced@group-F043E0AED0ED-LeaderElection297: begin an election at term 336 for -1: [aed1b97f-105e-4684-b087-4b6333aa3ced:192.168.157.195:34943, 1c51b35f-55cb-4636-a00c-83d34bf2d9d4:192.168.157.195:34693, d21ee1f1-33f6-483c-a18b-27782ce1915a:192.168.157.195:46462], old=null
2019-10-23 22:22:21,714 [grpc-default-executor-3] INFO  impl.RaftServerImpl (RaftServerImpl.java:setRole(184)) - 1c51b35f-55cb-4636-a00c-83d34bf2d9d4@group-F043E0AED0ED: changes role from  FOLLOWER to FOLLOWER at term 336 for recognizeCandidate:aed1b97f-105e-4684-b087-4b6333aa3ced
2019-10-23 22:22:21,714 [grpc-default-executor-5] INFO  impl.RaftServerImpl (RaftServerImpl.java:setRole(184)) - d21ee1f1-33f6-483c-a18b-27782ce1915a@group-F043E0AED0ED: changes role from  FOLLOWER to FOLLOWER at term 336 for recognizeCandidate:aed1b97f-105e-4684-b087-4b6333aa3ced
2019-10-23 22:22:21,715 [grpc-default-executor-5] INFO  impl.RoleInfo (RoleInfo.java:shutdownFollowerState(121)) - d21ee1f1-33f6-483c-a18b-27782ce1915a: shutdown FollowerState
2019-10-23 22:22:21,714 [grpc-default-executor-3] INFO  impl.RoleInfo (RoleInfo.java:shutdownFollowerState(121)) - 1c51b35f-55cb-4636-a00c-83d34bf2d9d4: shutdown FollowerState
2019-10-23 22:22:21,715 [Thread-2248] INFO  impl.FollowerState (FollowerState.java:run(117)) - d21ee1f1-33f6-483c-a18b-27782ce1915a@group-F043E0AED0ED-FollowerState was interrupted: java.lang.InterruptedException: sleep interrupted
2019-10-23 22:22:21,715 [Thread-2247] INFO  impl.FollowerState (FollowerState.java:run(117)) - 1c51b35f-55cb-4636-a00c-83d34bf2d9d4@group-F043E0AED0ED-FollowerState was interrupted: java.lang.InterruptedException: sleep interrupted
2019-10-23 22:22:21,715 [grpc-default-executor-5] INFO  impl.RoleInfo (RoleInfo.java:updateAndGet(143)) - d21ee1f1-33f6-483c-a18b-27782ce1915a: start FollowerState
2019-10-23 22:22:21,715 [grpc-default-executor-3] INFO  impl.RoleInfo (RoleInfo.java:updateAndGet(143)) - 1c51b35f-55cb-4636-a00c-83d34bf2d9d4: start FollowerState
2019-10-23 22:22:21,730 [aed1b97f-105e-4684-b087-4b6333aa3ced@group-F043E0AED0ED-LeaderElection297] INFO  impl.LeaderElection (LeaderElection.java:logAndReturn(56)) - aed1b97f-105e-4684-b087-4b6333aa3ced@group-F043E0AED0ED-LeaderElection297: Election REJECTED; received 2 response(s) [aed1b97f-105e-4684-b087-4b6333aa3ced<-1c51b35f-55cb-4636-a00c-83d34bf2d9d4#0:FAIL-t336, aed1b97f-105e-4684-b087-4b6333aa3ced<-d21ee1f1-33f6-483c-a18b-27782ce1915a#0:FAIL-t336] and 0 exception(s); aed1b97f-105e-4684-b087-4b6333aa3ced@group-F043E0AED0ED:t336, leader=null, voted=aed1b97f-105e-4684-b087-4b6333aa3ced, raftlog=aed1b97f-105e-4684-b087-4b6333aa3ced@group-F043E0AED0ED-SegmentedRaftLog:OPENED:c-1,f-1,i0, conf=-1: [aed1b97f-105e-4684-b087-4b6333aa3ced:192.168.157.195:34943, 1c51b35f-55cb-4636-a00c-83d34bf2d9d4:192.168.157.195:34693, d21ee1f1-33f6-483c-a18b-27782ce1915a:192.168.157.195:46462], old=null
2019-10-23 22:22:21,730 [aed1b97f-105e-4684-b087-4b6333aa3ced@group-F043E0AED0ED-LeaderElection297] INFO  impl.RaftServerImpl (RaftServerImpl.java:setRole(184)) - aed1b97f-105e-4684-b087-4b6333aa3ced@group-F043E0AED0ED: changes role from CANDIDATE to FOLLOWER at term 336 for DISCOVERED_A_NEW_TERM
2019-10-23 22:22:21,730 [aed1b97f-105e-4684-b087-4b6333aa3ced@group-F043E0AED0ED-LeaderElection297] INFO  impl.RoleInfo (RoleInfo.java:shutdownLeaderElection(134)) - aed1b97f-105e-4684-b087-4b6333aa3ced: shutdown LeaderElection
2019-10-23 22:22:21,730 [aed1b97f-105e-4684-b087-4b6333aa3ced@group-F043E0AED0ED-LeaderElection297] INFO  impl.RoleInfo (RoleInfo.java:updateAndGet(143)) - aed1b97f-105e-4684-b087-4b6333aa3ced: start FollowerState
2019-10-23 22:22:21,861 [Thread-2255] INFO  impl.FollowerState (FollowerState.java:run(108)) - aed1b97f-105e-4684-b087-4b6333aa3ced@group-F043E0AED0ED-FollowerState: change to CANDIDATE, lastRpcTime:130ms, electionTimeout:130ms
2019-10-23 22:22:21,861 [Thread-2255] INFO  impl.RoleInfo (RoleInfo.java:shutdownFollowerState(121)) - aed1b97f-105e-4684-b087-4b6333aa3ced: shutdown FollowerState
2019-10-23 22:22:21,861 [Thread-2255] INFO  impl.RaftServerImpl (RaftServerImpl.java:setRole(184)) - aed1b97f-105e-4684-b087-4b6333aa3ced@group-F043E0AED0ED: changes role from  FOLLOWER to CANDIDATE at term 336 for changeToCandidate
2019-10-23 22:22:21,861 [Thread-2255] INFO  impl.RoleInfo (RoleInfo.java:updateAndGet(143)) - aed1b97f-105e-4684-b087-4b6333aa3ced: start LeaderElection
2019-10-23 22:22:21,886 [aed1b97f-105e-4684-b087-4b6333aa3ced@group-F043E0AED0ED-LeaderElection298] INFO  impl.LeaderElection (LeaderElection.java:askForVotes(178)) - aed1b97f-105e-4684-b087-4b6333aa3ced@group-F043E0AED0ED-LeaderElection298: begin an election at term 337 for -1: [aed1b97f-105e-4684-b087-4b6333aa3ced:192.168.157.195:34943, 1c51b35f-55cb-4636-a00c-83d34bf2d9d4:192.168.157.195:34693, d21ee1f1-33f6-483c-a18b-27782ce1915a:192.168.157.195:46462], old=null
2019-10-23 22:22:21,889 [grpc-default-executor-5] INFO  impl.RaftServerImpl (RaftServerImpl.java:setRole(184)) - 1c51b35f-55cb-4636-a00c-83d34bf2d9d4@group-F043E0AED0ED: changes role from  FOLLOWER to FOLLOWER at term 337 for recognizeCandidate:aed1b97f-105e-4684-b087-4b6333aa3ced
2019-10-23 22:22:21,889 [grpc-default-executor-5] INFO  impl.RoleInfo (RoleInfo.java:shutdownFollowerState(121)) - 1c51b35f-55cb-4636-a00c-83d34bf2d9d4: shutdown FollowerState
2019-10-23 22:22:21,889 [grpc-default-executor-5] INFO  impl.RoleInfo (RoleInfo.java:updateAndGet(143)) - 1c51b35f-55cb-4636-a00c-83d34bf2d9d4: start FollowerState
2019-10-23 22:22:21,889 [Thread-2254] INFO  impl.FollowerState (FollowerState.java:run(117)) - 1c51b35f-55cb-4636-a00c-83d34bf2d9d4@group-F043E0AED0ED-FollowerState was interrupted: java.lang.InterruptedException: sleep interrupted
2019-10-23 22:22:21,889 [grpc-default-executor-3] INFO  impl.RaftServerImpl (RaftServerImpl.java:setRole(184)) - d21ee1f1-33f6-483c-a18b-27782ce1915a@group-F043E0AED0ED: changes role from  FOLLOWER to FOLLOWER at term 337 for recognizeCandidate:aed1b97f-105e-4684-b087-4b6333aa3ced
2019-10-23 22:22:21,890 [grpc-default-executor-3] INFO  impl.RoleInfo (RoleInfo.java:shutdownFollowerState(121)) - d21ee1f1-33f6-483c-a18b-27782ce1915a: shutdown FollowerState
2019-10-23 22:22:21,890 [grpc-default-executor-3] INFO  impl.RoleInfo (RoleInfo.java:updateAndGet(143)) - d21ee1f1-33f6-483c-a18b-27782ce1915a: start FollowerState
2019-10-23 22:22:21,890 [Thread-2253] INFO  impl.FollowerState (FollowerState.java:run(117)) - d21ee1f1-33f6-483c-a18b-27782ce1915a@group-F043E0AED0ED-FollowerState was interrupted: java.lang.InterruptedException: sleep interrupted
2019-10-23 22:22:21,904 [aed1b97f-105e-4684-b087-4b6333aa3ced@group-F043E0AED0ED-LeaderElection298] INFO  impl.LeaderElection (LeaderElection.java:logAndReturn(56)) - aed1b97f-105e-4684-b087-4b6333aa3ced@group-F043E0AED0ED-LeaderElection298: Election REJECTED; received 2 response(s) [aed1b97f-105e-4684-b087-4b6333aa3ced<-1c51b35f-55cb-4636-a00c-83d34bf2d9d4#0:FAIL-t337, aed1b97f-105e-4684-b087-4b6333aa3ced<-d21ee1f1-33f6-483c-a18b-27782ce1915a#0:FAIL-t337] and 0 exception(s); aed1b97f-105e-4684-b087-4b6333aa3ced@group-F043E0AED0ED:t337, leader=null, voted=aed1b97f-105e-4684-b087-4b6333aa3ced, raftlog=aed1b97f-105e-4684-b087-4b6333aa3ced@group-F043E0AED0ED-SegmentedRaftLog:OPENED:c-1,f-1,i0, conf=-1: [aed1b97f-105e-4684-b087-4b6333aa3ced:192.168.157.195:34943, 1c51b35f-55cb-4636-a00c-83d34bf2d9d4:192.168.157.195:34693, d21ee1f1-33f6-483c-a18b-27782ce1915a:192.168.157.195:46462], old=null
2019-10-23 22:22:21,904 [aed1b97f-105e-4684-b087-4b6333aa3ced@group-F043E0AED0ED-LeaderElection298] INFO  impl.RaftServerImpl (RaftServerImpl.java:setRole(184)) - aed1b97f-105e-4684-b087-4b6333aa3ced@group-F043E0AED0ED: changes role from CANDIDATE to FOLLOWER at term 337 for DISCOVERED_A_NEW_TERM
2019-10-23 22:22:21,904 [aed1b97f-105e-4684-b087-4b6333aa3ced@group-F043E0AED0ED-LeaderElection298] INFO  impl.RoleInfo (RoleInfo.java:shutdownLeaderElection(134)) - aed1b97f-105e-4684-b087-4b6333aa3ced: shutdown LeaderElection
2019-10-23 22:22:21,904 [aed1b97f-105e-4684-b087-4b6333aa3ced@group-F043E0AED0ED-LeaderElection298] INFO  impl.RoleInfo (RoleInfo.java:updateAndGet(143)) - aed1b97f-105e-4684-b087-4b6333aa3ced: start FollowerState
2019-10-23 22:22:21,913 [Thread-2261] INFO  impl.FollowerState (FollowerState.java:run(108)) - aed1b97f-105e-4684-b087-4b6333aa3ced@group-F043E0AED0ED-FollowerState: change to CANDIDATE, lastRpcTime:8ms, electionTimeout:8ms
2019-10-23 22:22:21,913 [Thread-2261] INFO  impl.RoleInfo (RoleInfo.java:shutdownFollowerState(121)) - aed1b97f-105e-4684-b087-4b6333aa3ced: shutdown FollowerState
2019-10-23 22:22:21,913 [Thread-2261] INFO  impl.RaftServerImpl (RaftServerImpl.java:setRole(184)) - aed1b97f-105e-4684-b087-4b6333aa3ced@group-F043E0AED0ED: changes role from  FOLLOWER to CANDIDATE at term 337 for changeToCandidate
2019-10-23 22:22:21,913 [Thread-2261] INFO  impl.RoleInfo (RoleInfo.java:updateAndGet(143)) - aed1b97f-105e-4684-b087-4b6333aa3ced: start LeaderElection
2019-10-23 22:22:21,926 [aed1b97f-105e-4684-b087-4b6333aa3ced@group-F043E0AED0ED-LeaderElection299] INFO  impl.LeaderElection (LeaderElection.java:askForVotes(178)) - aed1b97f-105e-4684-b087-4b6333aa3ced@group-F043E0AED0ED-LeaderElection299: begin an election at term 338 for -1: [aed1b97f-105e-4684-b087-4b6333aa3ced:192.168.157.195:34943, 1c51b35f-55cb-4636-a00c-83d34bf2d9d4:192.168.157.195:34693, d21ee1f1-33f6-483c-a18b-27782ce1915a:192.168.157.195:46462], old=null
2019-10-23 22:22:21,928 [grpc-default-executor-3] INFO  impl.RaftServerImpl (RaftServerImpl.java:setRole(184)) - 1c51b35f-55cb-4636-a00c-83d34bf2d9d4@group-F043E0AED0ED: changes role from  FOLLOWER to FOLLOWER at term 338 for recognizeCandidate:aed1b97f-105e-4684-b087-4b6333aa3ced
2019-10-23 22:22:21,928 [grpc-default-executor-3] INFO  impl.RoleInfo (RoleInfo.java:shutdownFollowerState(121)) - 1c51b35f-55cb-4636-a00c-83d34bf2d9d4: shutdown FollowerState
2019-10-23 22:22:21,928 [grpc-default-executor-3] INFO  impl.RoleInfo (RoleInfo.java:updateAndGet(143)) - 1c51b35f-55cb-4636-a00c-83d34bf2d9d4: start FollowerState
2019-10-23 22:22:21,928 [Thread-2259] INFO  impl.FollowerState (FollowerState.java:run(117)) - 1c51b35f-55cb-4636-a00c-83d34bf2d9d4@group-F043E0AED0ED-FollowerState was interrupted: java.lang.InterruptedException: sleep interrupted
2019-10-23 22:22:21,929 [grpc-default-executor-5] INFO  impl.RaftServerImpl (RaftServerImpl.java:setRole(184)) - d21ee1f1-33f6-483c-a18b-27782ce1915a@group-F043E0AED0ED: changes role from  FOLLOWER to FOLLOWER at term 338 for recognizeCandidate:aed1b97f-105e-4684-b087-4b6333aa3ced
2019-10-23 22:22:21,929 [grpc-default-executor-5] INFO  impl.RoleInfo (RoleInfo.java:shutdownFollowerState(121)) - d21ee1f1-33f6-483c-a18b-27782ce1915a: shutdown FollowerState
2019-10-23 22:22:21,929 [grpc-default-executor-5] INFO  impl.RoleInfo (RoleInfo.java:updateAndGet(143)) - d21ee1f1-33f6-483c-a18b-27782ce1915a: start FollowerState
2019-10-23 22:22:21,929 [Thread-2260] INFO  impl.FollowerState (FollowerState.java:run(117)) - d21ee1f1-33f6-483c-a18b-27782ce1915a@group-F043E0AED0ED-FollowerState was interrupted: java.lang.InterruptedException: sleep interrupted
2019-10-23 22:22:21,936 [aed1b97f-105e-4684-b087-4b6333aa3ced@group-F043E0AED0ED-LeaderElection299] INFO  impl.LeaderElection (LeaderElection.java:logAndReturn(56)) - aed1b97f-105e-4684-b087-4b6333aa3ced@group-F043E0AED0ED-LeaderElection299: Election TIMEOUT; received 0 response(s) [] and 0 exception(s); aed1b97f-105e-4684-b087-4b6333aa3ced@group-F043E0AED0ED:t338, leader=null, voted=aed1b97f-105e-4684-b087-4b6333aa3ced, raftlog=aed1b97f-105e-4684-b087-4b6333aa3ced@group-F043E0AED0ED-SegmentedRaftLog:OPENED:c-1,f-1,i0, conf=-1: [aed1b97f-105e-4684-b087-4b6333aa3ced:192.168.157.195:34943, 1c51b35f-55cb-4636-a00c-83d34bf2d9d4:192.168.157.195:34693, d21ee1f1-33f6-483c-a18b-27782ce1915a:192.168.157.195:46462], old=null
2019-10-23 22:22:21,945 [aed1b97f-105e-4684-b087-4b6333aa3ced@group-F043E0AED0ED-LeaderElection299] INFO  impl.LeaderElection (LeaderElection.java:askForVotes(178)) - aed1b97f-105e-4684-b087-4b6333aa3ced@group-F043E0AED0ED-LeaderElection299: begin an election at term 339 for -1: [aed1b97f-105e-4684-b087-4b6333aa3ced:192.168.157.195:34943, 1c51b35f-55cb-4636-a00c-83d34bf2d9d4:192.168.157.195:34693, d21ee1f1-33f6-483c-a18b-27782ce1915a:192.168.157.195:46462], old=null
2019-10-23 22:22:21,946 [grpc-default-executor-5] INFO  impl.RaftServerImpl (RaftServerImpl.java:setRole(184)) - 1c51b35f-55cb-4636-a00c-83d34bf2d9d4@group-F043E0AED0ED: changes role from  FOLLOWER to FOLLOWER at term 339 for recognizeCandidate:aed1b97f-105e-4684-b087-4b6333aa3ced
2019-10-23 22:22:21,947 [grpc-default-executor-5] INFO  impl.RoleInfo (RoleInfo.java:shutdownFollowerState(121)) - 1c51b35f-55cb-4636-a00c-83d34bf2d9d4: shutdown FollowerState
2019-10-23 22:22:21,947 [grpc-default-executor-5] INFO  impl.RoleInfo (RoleInfo.java:updateAndGet(143)) - 1c51b35f-55cb-4636-a00c-83d34bf2d9d4: start FollowerState
2019-10-23 22:22:21,947 [Thread-2265] INFO  impl.FollowerState (FollowerState.java:run(117)) - 1c51b35f-55cb-4636-a00c-83d34bf2d9d4@group-F043E0AED0ED-FollowerState was interrupted: java.lang.InterruptedException: sleep interrupted
2019-10-23 22:22:21,947 [grpc-default-executor-3] INFO  impl.RaftServerImpl (RaftServerImpl.java:setRole(184)) - d21ee1f1-33f6-483c-a18b-27782ce1915a@group-F043E0AED0ED: changes role from  FOLLOWER to FOLLOWER at term 339 for recognizeCandidate:aed1b97f-105e-4684-b087-4b6333aa3ced
2019-10-23 22:22:21,947 [grpc-default-executor-3] INFO  impl.RoleInfo (RoleInfo.java:shutdownFollowerState(121)) - d21ee1f1-33f6-483c-a18b-27782ce1915a: shutdown FollowerState
2019-10-23 22:22:21,947 [Thread-2266] INFO  impl.FollowerState (FollowerState.java:run(117)) - d21ee1f1-33f6-483c-a18b-27782ce1915a@group-F043E0AED0ED-FollowerState was interrupted: java.lang.InterruptedException: sleep interrupted
2019-10-23 22:22:21,947 [grpc-default-executor-3] INFO  impl.RoleInfo (RoleInfo.java:updateAndGet(143)) - d21ee1f1-33f6-483c-a18b-27782ce1915a: start FollowerState
2019-10-23 22:22:21,957 [aed1b97f-105e-4684-b087-4b6333aa3ced@group-F043E0AED0ED-LeaderElection299] INFO  impl.LeaderElection (LeaderElection.java:logAndReturn(56)) - aed1b97f-105e-4684-b087-4b6333aa3ced@group-F043E0AED0ED-LeaderElection299: Election REJECTED; received 2 response(s) [aed1b97f-105e-4684-b087-4b6333aa3ced<-1c51b35f-55cb-4636-a00c-83d34bf2d9d4#0:FAIL-t339, aed1b97f-105e-4684-b087-4b6333aa3ced<-d21ee1f1-33f6-483c-a18b-27782ce1915a#0:FAIL-t339] and 0 exception(s); aed1b97f-105e-4684-b087-4b6333aa3ced@group-F043E0AED0ED:t339, leader=null, voted=aed1b97f-105e-4684-b087-4b6333aa3ced, raftlog=aed1b97f-105e-4684-b087-4b6333aa3ced@group-F043E0AED0ED-SegmentedRaftLog:OPENED:c-1,f-1,i0, conf=-1: [aed1b97f-105e-4684-b087-4b6333aa3ced:192.168.157.195:34943, 1c51b35f-55cb-4636-a00c-83d34bf2d9d4:192.168.157.195:34693, d21ee1f1-33f6-483c-a18b-27782ce1915a:192.168.157.195:46462], old=null
2019-10-23 22:22:21,958 [aed1b97f-105e-4684-b087-4b6333aa3ced@group-F043E0AED0ED-LeaderElection299] INFO  impl.RaftServerImpl (RaftServerImpl.java:setRole(184)) - aed1b97f-105e-4684-b087-4b6333aa3ced@group-F043E0AED0ED: changes role from CANDIDATE to FOLLOWER at term 339 for DISCOVERED_A_NEW_TERM
2019-10-23 22:22:21,958 [aed1b97f-105e-4684-b087-4b6333aa3ced@group-F043E0AED0ED-LeaderElection299] INFO  impl.RoleInfo (RoleInfo.java:shutdownLeaderElection(134)) - aed1b97f-105e-4684-b087-4b6333aa3ced: shutdown LeaderElection
2019-10-23 22:22:21,958 [aed1b97f-105e-4684-b087-4b6333aa3ced@group-F043E0AED0ED-LeaderElection299] INFO  impl.RoleInfo (RoleInfo.java:updateAndGet(143)) - aed1b97f-105e-4684-b087-4b6333aa3ced: start FollowerState
2019-10-23 22:22:22,085 [Thread-2271] INFO  impl.FollowerState (FollowerState.java:run(108)) - aed1b97f-105e-4684-b087-4b6333aa3ced@group-F043E0AED0ED-FollowerState: change to CANDIDATE, lastRpcTime:127ms, electionTimeout:127ms
2019-10-23 22:22:22,088 [Thread-2271] INFO  impl.RoleInfo (RoleInfo.java:shutdownFollowerState(121)) - aed1b97f-105e-4684-b087-4b6333aa3ced: shutdown FollowerState
2019-10-23 22:22:22,090 [Thread-2271] INFO  impl.RaftServerImpl (RaftServerImpl.java:setRole(184)) - aed1b97f-105e-4684-b087-4b6333aa3ced@group-F043E0AED0ED: changes role from  FOLLOWER to CANDIDATE at term 339 for changeToCandidate
2019-10-23 22:22:22,090 [Thread-2271] INFO  impl.RoleInfo (RoleInfo.java:updateAndGet(143)) - aed1b97f-105e-4684-b087-4b6333aa3ced: start LeaderElection
2019-10-23 22:22:22,104 [aed1b97f-105e-4684-b087-4b6333aa3ced@group-F043E0AED0ED-LeaderElection300] INFO  impl.LeaderElection (LeaderElection.java:askForVotes(178)) - aed1b97f-105e-4684-b087-4b6333aa3ced@group-F043E0AED0ED-LeaderElection300: begin an election at term 340 for -1: [aed1b97f-105e-4684-b087-4b6333aa3ced:192.168.157.195:34943, 1c51b35f-55cb-4636-a00c-83d34bf2d9d4:192.168.157.195:34693, d21ee1f1-33f6-483c-a18b-27782ce1915a:192.168.157.195:46462], old=null
2019-10-23 22:22:22,110 [grpc-default-executor-3] INFO  impl.RaftServerImpl (RaftServerImpl.java:setRole(184)) - 1c51b35f-55cb-4636-a00c-83d34bf2d9d4@group-F043E0AED0ED: changes role from  FOLLOWER to FOLLOWER at term 340 for recognizeCandidate:aed1b97f-105e-4684-b087-4b6333aa3ced
2019-10-23 22:22:22,110 [grpc-default-executor-5] INFO  impl.RaftServerImpl (RaftServerImpl.java:setRole(184)) - d21ee1f1-33f6-483c-a18b-27782ce1915a@group-F043E0AED0ED: changes role from  FOLLOWER to FOLLOWER at term 340 for recognizeCandidate:aed1b97f-105e-4684-b087-4b6333aa3ced
2019-10-23 22:22:22,111 [grpc-default-executor-3] INFO  impl.RoleInfo (RoleInfo.java:shutdownFollowerState(121)) - 1c51b35f-55cb-4636-a00c-83d34bf2d9d4: shutdown FollowerState
2019-10-23 22:22:22,111 [grpc-default-executor-5] INFO  impl.RoleInfo (RoleInfo.java:shutdownFollowerState(121)) - d21ee1f1-33f6-483c-a18b-27782ce1915a: shutdown FollowerState
2019-10-23 22:22:22,111 [grpc-default-executor-3] INFO  impl.RoleInfo (RoleInfo.java:updateAndGet(143)) - 1c51b35f-55cb-4636-a00c-83d34bf2d9d4: start FollowerState
2019-10-23 22:22:22,111 [Thread-2270] INFO  impl.FollowerState (FollowerState.java:run(117)) - d21ee1f1-33f6-483c-a18b-27782ce1915a@group-F043E0AED0ED-FollowerState was interrupted: java.lang.InterruptedException: sleep interrupted
2019-10-23 22:22:22,111 [Thread-2269] INFO  impl.FollowerState (FollowerState.java:run(117)) - 1c51b35f-55cb-4636-a00c-83d34bf2d9d4@group-F043E0AED0ED-FollowerState was interrupted: java.lang.InterruptedException: sleep interrupted
2019-10-23 22:22:22,111 [grpc-default-executor-5] INFO  impl.RoleInfo (RoleInfo.java:updateAndGet(143)) - d21ee1f1-33f6-483c-a18b-27782ce1915a: start FollowerState
2019-10-23 22:22:22,127 [aed1b97f-105e-4684-b087-4b6333aa3ced@group-F043E0AED0ED-LeaderElection300] INFO  impl.LeaderElection (LeaderElection.java:logAndReturn(56)) - aed1b97f-105e-4684-b087-4b6333aa3ced@group-F043E0AED0ED-LeaderElection300: Election REJECTED; received 2 response(s) [aed1b97f-105e-4684-b087-4b6333aa3ced<-1c51b35f-55cb-4636-a00c-83d34bf2d9d4#0:FAIL-t340, aed1b97f-105e-4684-b087-4b6333aa3ced<-d21ee1f1-33f6-483c-a18b-27782ce1915a#0:FAIL-t340] and 0 exception(s); aed1b97f-105e-4684-b087-4b6333aa3ced@group-F043E0AED0ED:t340, leader=null, voted=aed1b97f-105e-4684-b087-4b6333aa3ced, raftlog=aed1b97f-105e-4684-b087-4b6333aa3ced@group-F043E0AED0ED-SegmentedRaftLog:OPENED:c-1,f-1,i0, conf=-1: [aed1b97f-105e-4684-b087-4b6333aa3ced:192.168.157.195:34943, 1c51b35f-55cb-4636-a00c-83d34bf2d9d4:192.168.157.195:34693, d21ee1f1-33f6-483c-a18b-27782ce1915a:192.168.157.195:46462], old=null
2019-10-23 22:22:22,127 [aed1b97f-105e-4684-b087-4b6333aa3ced@group-F043E0AED0ED-LeaderElection300] INFO  impl.RaftServerImpl (RaftServerImpl.java:setRole(184)) - aed1b97f-105e-4684-b087-4b6333aa3ced@group-F043E0AED0ED: changes role from CANDIDATE to FOLLOWER at term 340 for DISCOVERED_A_NEW_TERM
2019-10-23 22:22:22,127 [aed1b97f-105e-4684-b087-4b6333aa3ced@group-F043E0AED0ED-LeaderElection300] INFO  impl.RoleInfo (RoleInfo.java:shutdownLeaderElection(134)) - aed1b97f-105e-4684-b087-4b6333aa3ced: shutdown LeaderElection
2019-10-23 22:22:22,127 [aed1b97f-105e-4684-b087-4b6333aa3ced@group-F043E0AED0ED-LeaderElection300] INFO  impl.RoleInfo (RoleInfo.java:updateAndGet(143)) - aed1b97f-105e-4684-b087-4b6333aa3ced: start FollowerState
2019-10-23 22:22:22,232 [Thread-2277] INFO  impl.FollowerState (FollowerState.java:run(108)) - aed1b97f-105e-4684-b087-4b6333aa3ced@group-F043E0AED0ED-FollowerState: change to CANDIDATE, lastRpcTime:104ms, electionTimeout:104ms
2019-10-23 22:22:22,232 [Thread-2277] INFO  impl.RoleInfo (RoleInfo.java:shutdownFollowerState(121)) - aed1b97f-105e-4684-b087-4b6333aa3ced: shutdown FollowerState
2019-10-23 22:22:22,232 [Thread-2277] INFO  impl.RaftServerImpl (RaftServerImpl.java:setRole(184)) - aed1b97f-105e-4684-b087-4b6333aa3ced@group-F043E0AED0ED: changes role from  FOLLOWER to CANDIDATE at term 340 for changeToCandidate
2019-10-23 22:22:22,232 [Thread-2277] INFO  impl.RoleInfo (RoleInfo.java:updateAndGet(143)) - aed1b97f-105e-4684-b087-4b6333aa3ced: start LeaderElection
2019-10-23 22:22:22,244 [aed1b97f-105e-4684-b087-4b6333aa3ced@group-F043E0AED0ED-LeaderElection301] INFO  impl.LeaderElection (LeaderElection.java:askForVotes(178)) - aed1b97f-105e-4684-b087-4b6333aa3ced@group-F043E0AED0ED-LeaderElection301: begin an election at term 341 for -1: [aed1b97f-105e-4684-b087-4b6333aa3ced:192.168.157.195:34943, 1c51b35f-55cb-4636-a00c-83d34bf2d9d4:192.168.157.195:34693, d21ee1f1-33f6-483c-a18b-27782ce1915a:192.168.157.195:46462], old=null
2019-10-23 22:22:22,246 [grpc-default-executor-5] INFO  impl.RaftServerImpl (RaftServerImpl.java:setRole(184)) - 1c51b35f-55cb-4636-a00c-83d34bf2d9d4@group-F043E0AED0ED: changes role from  FOLLOWER to FOLLOWER at term 341 for recognizeCandidate:aed1b97f-105e-4684-b087-4b6333aa3ced
2019-10-23 22:22:22,246 [grpc-default-executor-5] INFO  impl.RoleInfo (RoleInfo.java:shutdownFollowerState(121)) - 1c51b35f-55cb-4636-a00c-83d34bf2d9d4: shutdown FollowerState
2019-10-23 22:22:22,246 [grpc-default-executor-3] INFO  impl.RaftServerImpl (RaftServerImpl.java:setRole(184)) - d21ee1f1-33f6-483c-a18b-27782ce1915a@group-F043E0AED0ED: changes role from  FOLLOWER to FOLLOWER at term 341 for recognizeCandidate:aed1b97f-105e-4684-b087-4b6333aa3ced
2019-10-23 22:22:22,246 [grpc-default-executor-3] INFO  impl.RoleInfo (RoleInfo.java:shutdownFollowerState(121)) - d21ee1f1-33f6-483c-a18b-27782ce1915a: shutdown FollowerState
2019-10-23 22:22:22,246 [Thread-2275] INFO  impl.FollowerState (FollowerState.java:run(117)) - 1c51b35f-55cb-4636-a00c-83d34bf2d9d4@group-F043E0AED0ED-FollowerState was interrupted: java.lang.InterruptedException: sleep interrupted
2019-10-23 22:22:22,247 [Thread-2276] INFO  impl.FollowerState (FollowerState.java:run(117)) - d21ee1f1-33f6-483c-a18b-27782ce1915a@group-F043E0AED0ED-FollowerState was interrupted: java.lang.InterruptedException: sleep interrupted
2019-10-23 22:22:22,246 [grpc-default-executor-5] INFO  impl.RoleInfo (RoleInfo.java:updateAndGet(143)) - 1c51b35f-55cb-4636-a00c-83d34bf2d9d4: start FollowerState
2019-10-23 22:22:22,247 [grpc-default-executor-3] INFO  impl.RoleInfo (RoleInfo.java:updateAndGet(143)) - d21ee1f1-33f6-483c-a18b-27782ce1915a: start FollowerState
2019-10-23 22:22:22,261 [aed1b97f-105e-4684-b087-4b6333aa3ced@group-F043E0AED0ED-LeaderElection301] INFO  impl.LeaderElection (LeaderElection.java:logAndReturn(56)) - aed1b97f-105e-4684-b087-4b6333aa3ced@group-F043E0AED0ED-LeaderElection301: Election REJECTED; received 2 response(s) [aed1b97f-105e-4684-b087-4b6333aa3ced<-1c51b35f-55cb-4636-a00c-83d34bf2d9d4#0:FAIL-t341, aed1b97f-105e-4684-b087-4b6333aa3ced<-d21ee1f1-33f6-483c-a18b-27782ce1915a#0:FAIL-t341] and 0 exception(s); aed1b97f-105e-4684-b087-4b6333aa3ced@group-F043E0AED0ED:t341, leader=null, voted=aed1b97f-105e-4684-b087-4b6333aa3ced, raftlog=aed1b97f-105e-4684-b087-4b6333aa3ced@group-F043E0AED0ED-SegmentedRaftLog:OPENED:c-1,f-1,i0, conf=-1: [aed1b97f-105e-4684-b087-4b6333aa3ced:192.168.157.195:34943, 1c51b35f-55cb-4636-a00c-83d34bf2d9d4:192.168.157.195:34693, d21ee1f1-33f6-483c-a18b-27782ce1915a:192.168.157.195:46462], old=null
2019-10-23 22:22:22,261 [aed1b97f-105e-4684-b087-4b6333aa3ced@group-F043E0AED0ED-LeaderElection301] INFO  impl.RaftServerImpl (RaftServerImpl.java:setRole(184)) - aed1b97f-105e-4684-b087-4b6333aa3ced@group-F043E0AED0ED: changes role from CANDIDATE to FOLLOWER at term 341 for DISCOVERED_A_NEW_TERM
2019-10-23 22:22:22,261 [aed1b97f-105e-4684-b087-4b6333aa3ced@group-F043E0AED0ED-LeaderElection301] INFO  impl.RoleInfo (RoleInfo.java:shutdownLeaderElection(134)) - aed1b97f-105e-4684-b087-4b6333aa3ced: shutdown LeaderElection
2019-10-23 22:22:22,262 [aed1b97f-105e-4684-b087-4b6333aa3ced@group-F043E0AED0ED-LeaderElection301] INFO  impl.RoleInfo (RoleInfo.java:updateAndGet(143)) - aed1b97f-105e-4684-b087-4b6333aa3ced: start FollowerState
2019-10-23 22:22:22,313 [Thread-2283] INFO  impl.FollowerState (FollowerState.java:run(108)) - aed1b97f-105e-4684-b087-4b6333aa3ced@group-F043E0AED0ED-FollowerState: change to CANDIDATE, lastRpcTime:51ms, electionTimeout:51ms
2019-10-23 22:22:22,313 [Thread-2283] INFO  impl.RoleInfo (RoleInfo.java:shutdownFollowerState(121)) - aed1b97f-105e-4684-b087-4b6333aa3ced: shutdown FollowerState
2019-10-23 22:22:22,313 [Thread-2283] INFO  impl.RaftServerImpl (RaftServerImpl.java:setRole(184)) - aed1b97f-105e-4684-b087-4b6333aa3ced@group-F043E0AED0ED: changes role from  FOLLOWER to CANDIDATE at term 341 for changeToCandidate
2019-10-23 22:22:22,313 [Thread-2283] INFO  impl.RoleInfo (RoleInfo.java:updateAndGet(143)) - aed1b97f-105e-4684-b087-4b6333aa3ced: start LeaderElection
2019-10-23 22:22:22,336 [aed1b97f-105e-4684-b087-4b6333aa3ced@group-F043E0AED0ED-LeaderElection302] INFO  impl.LeaderElection (LeaderElection.java:askForVotes(178)) - aed1b97f-105e-4684-b087-4b6333aa3ced@group-F043E0AED0ED-LeaderElection302: begin an election at term 342 for -1: [aed1b97f-105e-4684-b087-4b6333aa3ced:192.168.157.195:34943, 1c51b35f-55cb-4636-a00c-83d34bf2d9d4:192.168.157.195:34693, d21ee1f1-33f6-483c-a18b-27782ce1915a:192.168.157.195:46462], old=null
2019-10-23 22:22:22,338 [grpc-default-executor-5] INFO  impl.RaftServerImpl (RaftServerImpl.java:setRole(184)) - 1c51b35f-55cb-4636-a00c-83d34bf2d9d4@group-F043E0AED0ED: changes role from  FOLLOWER to FOLLOWER at term 342 for recognizeCandidate:aed1b97f-105e-4684-b087-4b6333aa3ced
2019-10-23 22:22:22,338 [grpc-default-executor-5] INFO  impl.RoleInfo (RoleInfo.java:shutdownFollowerState(121)) - 1c51b35f-55cb-4636-a00c-83d34bf2d9d4: shutdown FollowerState
2019-10-23 22:22:22,338 [grpc-default-executor-3] INFO  impl.RaftServerImpl (RaftServerImpl.java:setRole(184)) - d21ee1f1-33f6-483c-a18b-27782ce1915a@group-F043E0AED0ED: changes role from  FOLLOWER to FOLLOWER at term 342 for recognizeCandidate:aed1b97f-105e-4684-b087-4b6333aa3ced
2019-10-23 22:22:22,338 [Thread-2281] INFO  impl.FollowerState (FollowerState.java:run(117)) - 1c51b35f-55cb-4636-a00c-83d34bf2d9d4@group-F043E0AED0ED-FollowerState was interrupted: java.lang.InterruptedException: sleep interrupted
2019-10-23 22:22:22,338 [grpc-default-executor-5] INFO  impl.RoleInfo (RoleInfo.java:updateAndGet(143)) - 1c51b35f-55cb-4636-a00c-83d34bf2d9d4: start FollowerState
2019-10-23 22:22:22,338 [grpc-default-executor-3] INFO  impl.RoleInfo (RoleInfo.java:shutdownFollowerState(121)) - d21ee1f1-33f6-483c-a18b-27782ce1915a: shutdown FollowerState
2019-10-23 22:22:22,339 [grpc-default-executor-3] INFO  impl.RoleInfo (RoleInfo.java:updateAndGet(143)) - d21ee1f1-33f6-483c-a18b-27782ce1915a: start FollowerState
2019-10-23 22:22:22,339 [Thread-2282] INFO  impl.FollowerState (FollowerState.java:run(117)) - d21ee1f1-33f6-483c-a18b-27782ce1915a@group-F043E0AED0ED-FollowerState was interrupted: java.lang.InterruptedException: sleep interrupted
2019-10-23 22:22:22,353 [aed1b97f-105e-4684-b087-4b6333aa3ced@group-F043E0AED0ED-LeaderElection302] INFO  impl.LeaderElection (LeaderElection.java:logAndReturn(56)) - aed1b97f-105e-4684-b087-4b6333aa3ced@group-F043E0AED0ED-LeaderElection302: Election REJECTED; received 2 response(s) [aed1b97f-105e-4684-b087-4b6333aa3ced<-1c51b35f-55cb-4636-a00c-83d34bf2d9d4#0:FAIL-t342, aed1b97f-105e-4684-b087-4b6333aa3ced<-d21ee1f1-33f6-483c-a18b-27782ce1915a#0:FAIL-t342] and 0 exception(s); aed1b97f-105e-4684-b087-4b6333aa3ced@group-F043E0AED0ED:t342, leader=null, voted=aed1b97f-105e-4684-b087-4b6333aa3ced, raftlog=aed1b97f-105e-4684-b087-4b6333aa3ced@group-F043E0AED0ED-SegmentedRaftLog:OPENED:c-1,f-1,i0, conf=-1: [aed1b97f-105e-4684-b087-4b6333aa3ced:192.168.157.195:34943, 1c51b35f-55cb-4636-a00c-83d34bf2d9d4:192.168.157.195:34693, d21ee1f1-33f6-483c-a18b-27782ce1915a:192.168.157.195:46462], old=null
2019-10-23 22:22:22,353 [aed1b97f-105e-4684-b087-4b6333aa3ced@group-F043E0AED0ED-LeaderElection302] INFO  impl.RaftServerImpl (RaftServerImpl.java:setRole(184)) - aed1b97f-105e-4684-b087-4b6333aa3ced@group-F043E0AED0ED: changes role from CANDIDATE to FOLLOWER at term 342 for DISCOVERED_A_NEW_TERM
2019-10-23 22:22:22,353 [aed1b97f-105e-4684-b087-4b6333aa3ced@group-F043E0AED0ED-LeaderElection302] INFO  impl.RoleInfo (RoleInfo.java:shutdownLeaderElection(134)) - aed1b97f-105e-4684-b087-4b6333aa3ced: shutdown LeaderElection
2019-10-23 22:22:22,354 [aed1b97f-105e-4684-b087-4b6333aa3ced@group-F043E0AED0ED-LeaderElection302] INFO  impl.RoleInfo (RoleInfo.java:updateAndGet(143)) - aed1b97f-105e-4684-b087-4b6333aa3ced: start FollowerState
2019-10-23 22:22:22,541 [Thread-2289] INFO  impl.FollowerState (FollowerState.java:run(108)) - aed1b97f-105e-4684-b087-4b6333aa3ced@group-F043E0AED0ED-FollowerState: change to CANDIDATE, lastRpcTime:187ms, electionTimeout:187ms
2019-10-23 22:22:22,541 [Thread-2289] INFO  impl.RoleInfo (RoleInfo.java:shutdownFollowerState(121)) - aed1b97f-105e-4684-b087-4b6333aa3ced: shutdown FollowerState
2019-10-23 22:22:22,541 [Thread-2289] INFO  impl.RaftServerImpl (RaftServerImpl.java:setRole(184)) - aed1b97f-105e-4684-b087-4b6333aa3ced@group-F043E0AED0ED: changes role from  FOLLOWER to CANDIDATE at term 342 for changeToCandidate
2019-10-23 22:22:22,541 [Thread-2289] INFO  impl.RoleInfo (RoleInfo.java:updateAndGet(143)) - aed1b97f-105e-4684-b087-4b6333aa3ced: start LeaderElection
2019-10-23 22:22:22,570 [aed1b97f-105e-4684-b087-4b6333aa3ced@group-F043E0AED0ED-LeaderElection303] INFO  impl.LeaderElection (LeaderElection.java:askForVotes(178)) - aed1b97f-105e-4684-b087-4b6333aa3ced@group-F043E0AED0ED-LeaderElection303: begin an election at term 343 for -1: [aed1b97f-105e-4684-b087-4b6333aa3ced:192.168.157.195:34943, 1c51b35f-55cb-4636-a00c-83d34bf2d9d4:192.168.157.195:34693, d21ee1f1-33f6-483c-a18b-27782ce1915a:192.168.157.195:46462], old=null
2019-10-23 22:22:22,572 [grpc-default-executor-5] INFO  impl.RaftServerImpl (RaftServerImpl.java:setRole(184)) - 1c51b35f-55cb-4636-a00c-83d34bf2d9d4@group-F043E0AED0ED: changes role from  FOLLOWER to FOLLOWER at term 343 for recognizeCandidate:aed1b97f-105e-4684-b087-4b6333aa3ced
2019-10-23 22:22:22,572 [grpc-default-executor-5] INFO  impl.RoleInfo (RoleInfo.java:shutdownFollowerState(121)) - 1c51b35f-55cb-4636-a00c-83d34bf2d9d4: shutdown FollowerState
2019-10-23 22:22:22,572 [grpc-default-executor-5] INFO  impl.RoleInfo (RoleInfo.java:updateAndGet(143)) - 1c51b35f-55cb-4636-a00c-83d34bf2d9d4: start FollowerState
2019-10-23 22:22:22,572 [Thread-2287] INFO  impl.FollowerState (FollowerState.java:run(117)) - 1c51b35f-55cb-4636-a00c-83d34bf2d9d4@group-F043E0AED0ED-FollowerState was interrupted: java.lang.InterruptedException: sleep interrupted
2019-10-23 22:22:22,574 [grpc-default-executor-3] INFO  impl.RaftServerImpl (RaftServerImpl.java:setRole(184)) - d21ee1f1-33f6-483c-a18b-27782ce1915a@group-F043E0AED0ED: changes role from  FOLLOWER to FOLLOWER at term 343 for recognizeCandidate:aed1b97f-105e-4684-b087-4b6333aa3ced
2019-10-23 22:22:22,574 [grpc-default-executor-3] INFO  impl.RoleInfo (RoleInfo.java:shutdownFollowerState(121)) - d21ee1f1-33f6-483c-a18b-27782ce1915a: shutdown FollowerState
2019-10-23 22:22:22,574 [grpc-default-executor-3] INFO  impl.RoleInfo (RoleInfo.java:updateAndGet(143)) - d21ee1f1-33f6-483c-a18b-27782ce1915a: start FollowerState
2019-10-23 22:22:22,575 [Thread-2288] INFO  impl.FollowerState (FollowerState.java:run(117)) - d21ee1f1-33f6-483c-a18b-27782ce1915a@group-F043E0AED0ED-FollowerState was interrupted: java.lang.InterruptedException: sleep interrupted
2019-10-23 22:22:22,587 [aed1b97f-105e-4684-b087-4b6333aa3ced@group-F043E0AED0ED-LeaderElection303] INFO  impl.LeaderElection (LeaderElection.java:logAndReturn(56)) - aed1b97f-105e-4684-b087-4b6333aa3ced@group-F043E0AED0ED-LeaderElection303: Election REJECTED; received 2 response(s) [aed1b97f-105e-4684-b087-4b6333aa3ced<-1c51b35f-55cb-4636-a00c-83d34bf2d9d4#0:FAIL-t343, aed1b97f-105e-4684-b087-4b6333aa3ced<-d21ee1f1-33f6-483c-a18b-27782ce1915a#0:FAIL-t343] and 0 exception(s); aed1b97f-105e-4684-b087-4b6333aa3ced@group-F043E0AED0ED:t343, leader=null, voted=aed1b97f-105e-4684-b087-4b6333aa3ced, raftlog=aed1b97f-105e-4684-b087-4b6333aa3ced@group-F043E0AED0ED-SegmentedRaftLog:OPENED:c-1,f-1,i0, conf=-1: [aed1b97f-105e-4684-b087-4b6333aa3ced:192.168.157.195:34943, 1c51b35f-55cb-4636-a00c-83d34bf2d9d4:192.168.157.195:34693, d21ee1f1-33f6-483c-a18b-27782ce1915a:192.168.157.195:46462], old=null
2019-10-23 22:22:22,587 [aed1b97f-105e-4684-b087-4b6333aa3ced@group-F043E0AED0ED-LeaderElection303] INFO  impl.RaftServerImpl (RaftServerImpl.java:setRole(184)) - aed1b97f-105e-4684-b087-4b6333aa3ced@group-F043E0AED0ED: changes role from CANDIDATE to FOLLOWER at term 343 for DISCOVERED_A_NEW_TERM
2019-10-23 22:22:22,587 [aed1b97f-105e-4684-b087-4b6333aa3ced@group-F043E0AED0ED-LeaderElection303] INFO  impl.RoleInfo (RoleInfo.java:shutdownLeaderElection(134)) - aed1b97f-105e-4684-b087-4b6333aa3ced: shutdown LeaderElection
2019-10-23 22:22:22,587 [aed1b97f-105e-4684-b087-4b6333aa3ced@group-F043E0AED0ED-LeaderElection303] INFO  impl.RoleInfo (RoleInfo.java:updateAndGet(143)) - aed1b97f-105e-4684-b087-4b6333aa3ced: start FollowerState
2019-10-23 22:22:22,618 [Thread-2297] INFO  impl.FollowerState (FollowerState.java:run(108)) - aed1b97f-105e-4684-b087-4b6333aa3ced@group-F043E0AED0ED-FollowerState: change to CANDIDATE, lastRpcTime:31ms, electionTimeout:31ms
2019-10-23 22:22:22,618 [Thread-2297] INFO  impl.RoleInfo (RoleInfo.java:shutdownFollowerState(121)) - aed1b97f-105e-4684-b087-4b6333aa3ced: shutdown FollowerState
2019-10-23 22:22:22,618 [Thread-2297] INFO  impl.RaftServerImpl (RaftServerImpl.java:setRole(184)) - aed1b97f-105e-4684-b087-4b6333aa3ced@group-F043E0AED0ED: changes role from  FOLLOWER to CANDIDATE at term 343 for changeToCandidate
2019-10-23 22:22:22,619 [Thread-2297] INFO  impl.RoleInfo (RoleInfo.java:updateAndGet(143)) - aed1b97f-105e-4684-b087-4b6333aa3ced: start LeaderElection
2019-10-23 22:22:22,632 [aed1b97f-105e-4684-b087-4b6333aa3ced@group-F043E0AED0ED-LeaderElection304] INFO  impl.LeaderElection (LeaderElection.java:askForVotes(178)) - aed1b97f-105e-4684-b087-4b6333aa3ced@group-F043E0AED0ED-LeaderElection304: begin an election at term 344 for -1: [aed1b97f-105e-4684-b087-4b6333aa3ced:192.168.157.195:34943, 1c51b35f-55cb-4636-a00c-83d34bf2d9d4:192.168.157.195:34693, d21ee1f1-33f6-483c-a18b-27782ce1915a:192.168.157.195:46462], old=null
2019-10-23 22:22:22,634 [grpc-default-executor-3] INFO  impl.RaftServerImpl (RaftServerImpl.java:setRole(184)) - 1c51b35f-55cb-4636-a00c-83d34bf2d9d4@group-F043E0AED0ED: changes role from  FOLLOWER to FOLLOWER at term 344 for recognizeCandidate:aed1b97f-105e-4684-b087-4b6333aa3ced
2019-10-23 22:22:22,634 [grpc-default-executor-3] INFO  impl.RoleInfo (RoleInfo.java:shutdownFollowerState(121)) - 1c51b35f-55cb-4636-a00c-83d34bf2d9d4: shutdown FollowerState
2019-10-23 22:22:22,634 [grpc-default-executor-5] INFO  impl.RaftServerImpl (RaftServerImpl.java:setRole(184)) - d21ee1f1-33f6-483c-a18b-27782ce1915a@group-F043E0AED0ED: changes role from  FOLLOWER to FOLLOWER at term 344 for recognizeCandidate:aed1b97f-105e-4684-b087-4b6333aa3ced
2019-10-23 22:22:22,634 [Thread-2295] INFO  impl.FollowerState (FollowerState.java:run(117)) - 1c51b35f-55cb-4636-a00c-83d34bf2d9d4@group-F043E0AED0ED-FollowerState was interrupted: java.lang.InterruptedException: sleep interrupted
2019-10-23 22:22:22,634 [grpc-default-executor-3] INFO  impl.RoleInfo (RoleInfo.java:updateAndGet(143)) - 1c51b35f-55cb-4636-a00c-83d34bf2d9d4: start FollowerState
2019-10-23 22:22:22,634 [grpc-default-executor-5] INFO  impl.RoleInfo (RoleInfo.java:shutdownFollowerState(121)) - d21ee1f1-33f6-483c-a18b-27782ce1915a: shutdown FollowerState
2019-10-23 22:22:22,635 [grpc-default-executor-5] INFO  impl.RoleInfo (RoleInfo.java:updateAndGet(143)) - d21ee1f1-33f6-483c-a18b-27782ce1915a: start FollowerState
2019-10-23 22:22:22,635 [Thread-2296] INFO  impl.FollowerState (FollowerState.java:run(117)) - d21ee1f1-33f6-483c-a18b-27782ce1915a@group-F043E0AED0ED-FollowerState was interrupted: java.lang.InterruptedException: sleep interrupted
2019-10-23 22:22:22,648 [aed1b97f-105e-4684-b087-4b6333aa3ced@group-F043E0AED0ED-LeaderElection304] INFO  impl.LeaderElection (LeaderElection.java:logAndReturn(56)) - aed1b97f-105e-4684-b087-4b6333aa3ced@group-F043E0AED0ED-LeaderElection304: Election REJECTED; received 2 response(s) [aed1b97f-105e-4684-b087-4b6333aa3ced<-1c51b35f-55cb-4636-a00c-83d34bf2d9d4#0:FAIL-t344, aed1b97f-105e-4684-b087-4b6333aa3ced<-d21ee1f1-33f6-483c-a18b-27782ce1915a#0:FAIL-t344] and 0 exception(s); aed1b97f-105e-4684-b087-4b6333aa3ced@group-F043E0AED0ED:t344, leader=null, voted=aed1b97f-105e-4684-b087-4b6333aa3ced, raftlog=aed1b97f-105e-4684-b087-4b6333aa3ced@group-F043E0AED0ED-SegmentedRaftLog:OPENED:c-1,f-1,i0, conf=-1: [aed1b97f-105e-4684-b087-4b6333aa3ced:192.168.157.195:34943, 1c51b35f-55cb-4636-a00c-83d34bf2d9d4:192.168.157.195:34693, d21ee1f1-33f6-483c-a18b-27782ce1915a:192.168.157.195:46462], old=null
2019-10-23 22:22:22,649 [aed1b97f-105e-4684-b087-4b6333aa3ced@group-F043E0AED0ED-LeaderElection304] INFO  impl.RaftServerImpl (RaftServerImpl.java:setRole(184)) - aed1b97f-105e-4684-b087-4b6333aa3ced@group-F043E0AED0ED: changes role from CANDIDATE to FOLLOWER at term 344 for DISCOVERED_A_NEW_TERM
2019-10-23 22:22:22,649 [aed1b97f-105e-4684-b087-4b6333aa3ced@group-F043E0AED0ED-LeaderElection304] INFO  impl.RoleInfo (RoleInfo.java:shutdownLeaderElection(134)) - aed1b97f-105e-4684-b087-4b6333aa3ced: shutdown LeaderElection
2019-10-23 22:22:22,649 [aed1b97f-105e-4684-b087-4b6333aa3ced@group-F043E0AED0ED-LeaderElection304] INFO  impl.RoleInfo (RoleInfo.java:updateAndGet(143)) - aed1b97f-105e-4684-b087-4b6333aa3ced: start FollowerState
2019-10-23 22:22:22,683 [Thread-2303] INFO  impl.FollowerState (FollowerState.java:run(108)) - aed1b97f-105e-4684-b087-4b6333aa3ced@group-F043E0AED0ED-FollowerState: change to CANDIDATE, lastRpcTime:34ms, electionTimeout:34ms
2019-10-23 22:22:22,683 [Thread-2303] INFO  impl.RoleInfo (RoleInfo.java:shutdownFollowerState(121)) - aed1b97f-105e-4684-b087-4b6333aa3ced: shutdown FollowerState
2019-10-23 22:22:22,683 [Thread-2303] INFO  impl.RaftServerImpl (RaftServerImpl.java:setRole(184)) - aed1b97f-105e-4684-b087-4b6333aa3ced@group-F043E0AED0ED: changes role from  FOLLOWER to CANDIDATE at term 344 for changeToCandidate
2019-10-23 22:22:22,684 [Thread-2303] INFO  impl.RoleInfo (RoleInfo.java:updateAndGet(143)) - aed1b97f-105e-4684-b087-4b6333aa3ced: start LeaderElection
2019-10-23 22:22:22,697 [aed1b97f-105e-4684-b087-4b6333aa3ced@group-F043E0AED0ED-LeaderElection305] INFO  impl.LeaderElection (LeaderElection.java:askForVotes(178)) - aed1b97f-105e-4684-b087-4b6333aa3ced@group-F043E0AED0ED-LeaderElection305: begin an election at term 345 for -1: [aed1b97f-105e-4684-b087-4b6333aa3ced:192.168.157.195:34943, 1c51b35f-55cb-4636-a00c-83d34bf2d9d4:192.168.157.195:34693, d21ee1f1-33f6-483c-a18b-27782ce1915a:192.168.157.195:46462], old=null
2019-10-23 22:22:22,699 [grpc-default-executor-5] INFO  impl.RaftServerImpl (RaftServerImpl.java:setRole(184)) - 1c51b35f-55cb-4636-a00c-83d34bf2d9d4@group-F043E0AED0ED: changes role from  FOLLOWER to FOLLOWER at term 345 for recognizeCandidate:aed1b97f-105e-4684-b087-4b6333aa3ced
2019-10-23 22:22:22,699 [grpc-default-executor-3] INFO  impl.RaftServerImpl (RaftServerImpl.java:setRole(184)) - d21ee1f1-33f6-483c-a18b-27782ce1915a@group-F043E0AED0ED: changes role from  FOLLOWER to FOLLOWER at term 345 for recognizeCandidate:aed1b97f-105e-4684-b087-4b6333aa3ced
2019-10-23 22:22:22,699 [grpc-default-executor-5] INFO  impl.RoleInfo (RoleInfo.java:shutdownFollowerState(121)) - 1c51b35f-55cb-4636-a00c-83d34bf2d9d4: shutdown FollowerState
2019-10-23 22:22:22,699 [grpc-default-executor-3] INFO  impl.RoleInfo (RoleInfo.java:shutdownFollowerState(121)) - d21ee1f1-33f6-483c-a18b-27782ce1915a: shutdown FollowerState
2019-10-23 22:22:22,699 [Thread-2301] INFO  impl.FollowerState (FollowerState.java:run(117)) - 1c51b35f-55cb-4636-a00c-83d34bf2d9d4@group-F043E0AED0ED-FollowerState was interrupted: java.lang.InterruptedException: sleep interrupted
2019-10-23 22:22:22,699 [grpc-default-executor-5] INFO  impl.RoleInfo (RoleInfo.java:updateAndGet(143)) - 1c51b35f-55cb-4636-a00c-83d34bf2d9d4: start FollowerState
2019-10-23 22:22:22,700 [grpc-default-executor-3] INFO  impl.RoleInfo (RoleInfo.java:updateAndGet(143)) - d21ee1f1-33f6-483c-a18b-27782ce1915a: start FollowerState
2019-10-23 22:22:22,700 [Thread-2302] INFO  impl.FollowerState (FollowerState.java:run(117)) - d21ee1f1-33f6-483c-a18b-27782ce1915a@group-F043E0AED0ED-FollowerState was interrupted: java.lang.InterruptedException: sleep interrupted
2019-10-23 22:22:22,726 [aed1b97f-105e-4684-b087-4b6333aa3ced@group-F043E0AED0ED-LeaderElection305] INFO  impl.LeaderElection (LeaderElection.java:logAndReturn(56)) - aed1b97f-105e-4684-b087-4b6333aa3ced@group-F043E0AED0ED-LeaderElection305: Election REJECTED; received 2 response(s) [aed1b97f-105e-4684-b087-4b6333aa3ced<-1c51b35f-55cb-4636-a00c-83d34bf2d9d4#0:FAIL-t345, aed1b97f-105e-4684-b087-4b6333aa3ced<-d21ee1f1-33f6-483c-a18b-27782ce1915a#0:FAIL-t345] and 0 exception(s); aed1b97f-105e-4684-b087-4b6333aa3ced@group-F043E0AED0ED:t345, leader=null, voted=aed1b97f-105e-4684-b087-4b6333aa3ced, raftlog=aed1b97f-105e-4684-b087-4b6333aa3ced@group-F043E0AED0ED-SegmentedRaftLog:OPENED:c-1,f-1,i0, conf=-1: [aed1b97f-105e-4684-b087-4b6333aa3ced:192.168.157.195:34943, 1c51b35f-55cb-4636-a00c-83d34bf2d9d4:192.168.157.195:34693, d21ee1f1-33f6-483c-a18b-27782ce1915a:192.168.157.195:46462], old=null
2019-10-23 22:22:22,726 [aed1b97f-105e-4684-b087-4b6333aa3ced@group-F043E0AED0ED-LeaderElection305] INFO  impl.RaftServerImpl (RaftServerImpl.java:setRole(184)) - aed1b97f-105e-4684-b087-4b6333aa3ced@group-F043E0AED0ED: changes role from CANDIDATE to FOLLOWER at term 345 for DISCOVERED_A_NEW_TERM
2019-10-23 22:22:22,726 [aed1b97f-105e-4684-b087-4b6333aa3ced@group-F043E0AED0ED-LeaderElection305] INFO  impl.RoleInfo (RoleInfo.java:shutdownLeaderElection(134)) - aed1b97f-105e-4684-b087-4b6333aa3ced: shutdown LeaderElection
2019-10-23 22:22:22,726 [aed1b97f-105e-4684-b087-4b6333aa3ced@group-F043E0AED0ED-LeaderElection305] INFO  impl.RoleInfo (RoleInfo.java:updateAndGet(143)) - aed1b97f-105e-4684-b087-4b6333aa3ced: start FollowerState
2019-10-23 22:22:22,825 [Thread-2309] INFO  impl.FollowerState (FollowerState.java:run(108)) - aed1b97f-105e-4684-b087-4b6333aa3ced@group-F043E0AED0ED-FollowerState: change to CANDIDATE, lastRpcTime:98ms, electionTimeout:98ms
2019-10-23 22:22:22,825 [Thread-2309] INFO  impl.RoleInfo (RoleInfo.java:shutdownFollowerState(121)) - aed1b97f-105e-4684-b087-4b6333aa3ced: shutdown FollowerState
2019-10-23 22:22:22,825 [Thread-2309] INFO  impl.RaftServerImpl (RaftServerImpl.java:setRole(184)) - aed1b97f-105e-4684-b087-4b6333aa3ced@group-F043E0AED0ED: changes role from  FOLLOWER to CANDIDATE at term 345 for changeToCandidate
2019-10-23 22:22:22,826 [Thread-2309] INFO  impl.RoleInfo (RoleInfo.java:updateAndGet(143)) - aed1b97f-105e-4684-b087-4b6333aa3ced: start LeaderElection
2019-10-23 22:22:22,853 [aed1b97f-105e-4684-b087-4b6333aa3ced@group-F043E0AED0ED-LeaderElection306] INFO  impl.LeaderElection (LeaderElection.java:askForVotes(178)) - aed1b97f-105e-4684-b087-4b6333aa3ced@group-F043E0AED0ED-LeaderElection306: begin an election at term 346 for -1: [aed1b97f-105e-4684-b087-4b6333aa3ced:192.168.157.195:34943, 1c51b35f-55cb-4636-a00c-83d34bf2d9d4:192.168.157.195:34693, d21ee1f1-33f6-483c-a18b-27782ce1915a:192.168.157.195:46462], old=null
2019-10-23 22:22:22,857 [grpc-default-executor-5] INFO  impl.RaftServerImpl (RaftServerImpl.java:setRole(184)) - 1c51b35f-55cb-4636-a00c-83d34bf2d9d4@group-F043E0AED0ED: changes role from  FOLLOWER to FOLLOWER at term 346 for recognizeCandidate:aed1b97f-105e-4684-b087-4b6333aa3ced
2019-10-23 22:22:22,857 [grpc-default-executor-5] INFO  impl.RoleInfo (RoleInfo.java:shutdownFollowerState(121)) - 1c51b35f-55cb-4636-a00c-83d34bf2d9d4: shutdown FollowerState
2019-10-23 22:22:22,857 [grpc-default-executor-3] INFO  impl.RaftServerImpl (RaftServerImpl.java:setRole(184)) - d21ee1f1-33f6-483c-a18b-27782ce1915a@group-F043E0AED0ED: changes role from  FOLLOWER to FOLLOWER at term 346 for recognizeCandidate:aed1b97f-105e-4684-b087-4b6333aa3ced
2019-10-23 22:22:22,857 [Thread-2307] INFO  impl.FollowerState (FollowerState.java:run(117)) - 1c51b35f-55cb-4636-a00c-83d34bf2d9d4@group-F043E0AED0ED-FollowerState was interrupted: java.lang.InterruptedException: sleep interrupted
2019-10-23 22:22:22,857 [grpc-default-executor-5] INFO  impl.RoleInfo (RoleInfo.java:updateAndGet(143)) - 1c51b35f-55cb-4636-a00c-83d34bf2d9d4: start FollowerState
2019-10-23 22:22:22,858 [grpc-default-executor-3] INFO  impl.RoleInfo (RoleInfo.java:shutdownFollowerState(121)) - d21ee1f1-33f6-483c-a18b-27782ce1915a: shutdown FollowerState
2019-10-23 22:22:22,858 [grpc-default-executor-3] INFO  impl.RoleInfo (RoleInfo.java:updateAndGet(143)) - d21ee1f1-33f6-483c-a18b-27782ce1915a: start FollowerState
2019-10-23 22:22:22,858 [Thread-2308] INFO  impl.FollowerState (FollowerState.java:run(117)) - d21ee1f1-33f6-483c-a18b-27782ce1915a@group-F043E0AED0ED-FollowerState was interrupted: java.lang.InterruptedException: sleep interrupted
2019-10-23 22:22:22,873 [aed1b97f-105e-4684-b087-4b6333aa3ced@group-F043E0AED0ED-LeaderElection306] INFO  impl.LeaderElection (LeaderElection.java:logAndReturn(56)) - aed1b97f-105e-4684-b087-4b6333aa3ced@group-F043E0AED0ED-LeaderElection306: Election REJECTED; received 2 response(s) [aed1b97f-105e-4684-b087-4b6333aa3ced<-1c51b35f-55cb-4636-a00c-83d34bf2d9d4#0:FAIL-t346, aed1b97f-105e-4684-b087-4b6333aa3ced<-d21ee1f1-33f6-483c-a18b-27782ce1915a#0:FAIL-t346] and 0 exception(s); aed1b97f-105e-4684-b087-4b6333aa3ced@group-F043E0AED0ED:t346, leader=null, voted=aed1b97f-105e-4684-b087-4b6333aa3ced, raftlog=aed1b97f-105e-4684-b087-4b6333aa3ced@group-F043E0AED0ED-SegmentedRaftLog:OPENED:c-1,f-1,i0, conf=-1: [aed1b97f-105e-4684-b087-4b6333aa3ced:192.168.157.195:34943, 1c51b35f-55cb-4636-a00c-83d34bf2d9d4:192.168.157.195:34693, d21ee1f1-33f6-483c-a18b-27782ce1915a:192.168.157.195:46462], old=null
2019-10-23 22:22:22,873 [aed1b97f-105e-4684-b087-4b6333aa3ced@group-F043E0AED0ED-LeaderElection306] INFO  impl.RaftServerImpl (RaftServerImpl.java:setRole(184)) - aed1b97f-105e-4684-b087-4b6333aa3ced@group-F043E0AED0ED: changes role from CANDIDATE to FOLLOWER at term 346 for DISCOVERED_A_NEW_TERM
2019-10-23 22:22:22,873 [aed1b97f-105e-4684-b087-4b6333aa3ced@group-F043E0AED0ED-LeaderElection306] INFO  impl.RoleInfo (RoleInfo.java:shutdownLeaderElection(134)) - aed1b97f-105e-4684-b087-4b6333aa3ced: shutdown LeaderElection
2019-10-23 22:22:22,873 [aed1b97f-105e-4684-b087-4b6333aa3ced@group-F043E0AED0ED-LeaderElection306] INFO  impl.RoleInfo (RoleInfo.java:updateAndGet(143)) - aed1b97f-105e-4684-b087-4b6333aa3ced: start FollowerState
2019-10-23 22:22:23,071 [Thread-2315] INFO  impl.FollowerState (FollowerState.java:run(108)) - aed1b97f-105e-4684-b087-4b6333aa3ced@group-F043E0AED0ED-FollowerState: change to CANDIDATE, lastRpcTime:197ms, electionTimeout:197ms
2019-10-23 22:22:23,071 [Thread-2315] INFO  impl.RoleInfo (RoleInfo.java:shutdownFollowerState(121)) - aed1b97f-105e-4684-b087-4b6333aa3ced: shutdown FollowerState
2019-10-23 22:22:23,071 [Thread-2315] INFO  impl.RaftServerImpl (RaftServerImpl.java:setRole(184)) - aed1b97f-105e-4684-b087-4b6333aa3ced@group-F043E0AED0ED: changes role from  FOLLOWER to CANDIDATE at term 346 for changeToCandidate
2019-10-23 22:22:23,072 [Thread-2315] INFO  impl.RoleInfo (RoleInfo.java:updateAndGet(143)) - aed1b97f-105e-4684-b087-4b6333aa3ced: start LeaderElection
2019-10-23 22:22:23,097 [aed1b97f-105e-4684-b087-4b6333aa3ced@group-F043E0AED0ED-LeaderElection307] INFO  impl.LeaderElection (LeaderElection.java:askForVotes(178)) - aed1b97f-105e-4684-b087-4b6333aa3ced@group-F043E0AED0ED-LeaderElection307: begin an election at term 347 for -1: [aed1b97f-105e-4684-b087-4b6333aa3ced:192.168.157.195:34943, 1c51b35f-55cb-4636-a00c-83d34bf2d9d4:192.168.157.195:34693, d21ee1f1-33f6-483c-a18b-27782ce1915a:192.168.157.195:46462], old=null
2019-10-23 22:22:23,100 [grpc-default-executor-5] INFO  impl.RaftServerImpl (RaftServerImpl.java:setRole(184)) - 1c51b35f-55cb-4636-a00c-83d34bf2d9d4@group-F043E0AED0ED: changes role from  FOLLOWER to FOLLOWER at term 347 for recognizeCandidate:aed1b97f-105e-4684-b087-4b6333aa3ced
2019-10-23 22:22:23,100 [grpc-default-executor-3] INFO  impl.RaftServerImpl (RaftServerImpl.java:setRole(184)) - d21ee1f1-33f6-483c-a18b-27782ce1915a@group-F043E0AED0ED: changes role from  FOLLOWER to FOLLOWER at term 347 for recognizeCandidate:aed1b97f-105e-4684-b087-4b6333aa3ced
2019-10-23 22:22:23,100 [grpc-default-executor-5] INFO  impl.RoleInfo (RoleInfo.java:shutdownFollowerState(121)) - 1c51b35f-55cb-4636-a00c-83d34bf2d9d4: shutdown FollowerState
2019-10-23 22:22:23,100 [grpc-default-executor-3] INFO  impl.RoleInfo (RoleInfo.java:shutdownFollowerState(121)) - d21ee1f1-33f6-483c-a18b-27782ce1915a: shutdown FollowerState
2019-10-23 22:22:23,100 [Thread-2313] INFO  impl.FollowerState (FollowerState.java:run(117)) - 1c51b35f-55cb-4636-a00c-83d34bf2d9d4@group-F043E0AED0ED-FollowerState was interrupted: java.lang.InterruptedException: sleep interrupted
2019-10-23 22:22:23,101 [Thread-2314] INFO  impl.FollowerState (FollowerState.java:run(117)) - d21ee1f1-33f6-483c-a18b-27782ce1915a@group-F043E0AED0ED-FollowerState was interrupted: java.lang.InterruptedException: sleep interrupted
2019-10-23 22:22:23,100 [grpc-default-executor-5] INFO  impl.RoleInfo (RoleInfo.java:updateAndGet(143)) - 1c51b35f-55cb-4636-a00c-83d34bf2d9d4: start FollowerState
2019-10-23 22:22:23,101 [grpc-default-executor-3] INFO  impl.RoleInfo (RoleInfo.java:updateAndGet(143)) - d21ee1f1-33f6-483c-a18b-27782ce1915a: start FollowerState
2019-10-23 22:22:23,112 [aed1b97f-105e-4684-b087-4b6333aa3ced@group-F043E0AED0ED-LeaderElection307] INFO  impl.LeaderElection (LeaderElection.java:logAndReturn(56)) - aed1b97f-105e-4684-b087-4b6333aa3ced@group-F043E0AED0ED-LeaderElection307: Election REJECTED; received 2 response(s) [aed1b97f-105e-4684-b087-4b6333aa3ced<-1c51b35f-55cb-4636-a00c-83d34bf2d9d4#0:FAIL-t347, aed1b97f-105e-4684-b087-4b6333aa3ced<-d21ee1f1-33f6-483c-a18b-27782ce1915a#0:FAIL-t347] and 0 exception(s); aed1b97f-105e-4684-b087-4b6333aa3ced@group-F043E0AED0ED:t347, leader=null, voted=aed1b97f-105e-4684-b087-4b6333aa3ced, raftlog=aed1b97f-105e-4684-b087-4b6333aa3ced@group-F043E0AED0ED-SegmentedRaftLog:OPENED:c-1,f-1,i0, conf=-1: [aed1b97f-105e-4684-b087-4b6333aa3ced:192.168.157.195:34943, 1c51b35f-55cb-4636-a00c-83d34bf2d9d4:192.168.157.195:34693, d21ee1f1-33f6-483c-a18b-27782ce1915a:192.168.157.195:46462], old=null
2019-10-23 22:22:23,113 [aed1b97f-105e-4684-b087-4b6333aa3ced@group-F043E0AED0ED-LeaderElection307] INFO  impl.RaftServerImpl (RaftServerImpl.java:setRole(184)) - aed1b97f-105e-4684-b087-4b6333aa3ced@group-F043E0AED0ED: changes role from CANDIDATE to FOLLOWER at term 347 for DISCOVERED_A_NEW_TERM
2019-10-23 22:22:23,113 [aed1b97f-105e-4684-b087-4b6333aa3ced@group-F043E0AED0ED-LeaderElection307] INFO  impl.RoleInfo (RoleInfo.java:shutdownLeaderElection(134)) - aed1b97f-105e-4684-b087-4b6333aa3ced: shutdown LeaderElection
2019-10-23 22:22:23,113 [aed1b97f-105e-4684-b087-4b6333aa3ced@group-F043E0AED0ED-LeaderElection307] INFO  impl.RoleInfo (RoleInfo.java:updateAndGet(143)) - aed1b97f-105e-4684-b087-4b6333aa3ced: start FollowerState
2019-10-23 22:22:23,180 [Thread-2321] INFO  impl.FollowerState (FollowerState.java:run(108)) - aed1b97f-105e-4684-b087-4b6333aa3ced@group-F043E0AED0ED-FollowerState: change to CANDIDATE, lastRpcTime:67ms, electionTimeout:67ms
2019-10-23 22:22:23,180 [Thread-2321] INFO  impl.RoleInfo (RoleInfo.java:shutdownFollowerState(121)) - aed1b97f-105e-4684-b087-4b6333aa3ced: shutdown FollowerState
2019-10-23 22:22:23,180 [Thread-2321] INFO  impl.RaftServerImpl (RaftServerImpl.java:setRole(184)) - aed1b97f-105e-4684-b087-4b6333aa3ced@group-F043E0AED0ED: changes role from  FOLLOWER to CANDIDATE at term 347 for changeToCandidate
2019-10-23 22:22:23,181 [Thread-2321] INFO  impl.RoleInfo (RoleInfo.java:updateAndGet(143)) - aed1b97f-105e-4684-b087-4b6333aa3ced: start LeaderElection
2019-10-23 22:22:23,195 [aed1b97f-105e-4684-b087-4b6333aa3ced@group-F043E0AED0ED-LeaderElection308] INFO  impl.LeaderElection (LeaderElection.java:askForVotes(178)) - aed1b97f-105e-4684-b087-4b6333aa3ced@group-F043E0AED0ED-LeaderElection308: begin an election at term 348 for -1: [aed1b97f-105e-4684-b087-4b6333aa3ced:192.168.157.195:34943, 1c51b35f-55cb-4636-a00c-83d34bf2d9d4:192.168.157.195:34693, d21ee1f1-33f6-483c-a18b-27782ce1915a:192.168.157.195:46462], old=null
2019-10-23 22:22:23,197 [grpc-default-executor-3] INFO  impl.RaftServerImpl (RaftServerImpl.java:setRole(184)) - 1c51b35f-55cb-4636-a00c-83d34bf2d9d4@group-F043E0AED0ED: changes role from  FOLLOWER to FOLLOWER at term 348 for recognizeCandidate:aed1b97f-105e-4684-b087-4b6333aa3ced
2019-10-23 22:22:23,197 [grpc-default-executor-5] INFO  impl.RaftServerImpl (RaftServerImpl.java:setRole(184)) - d21ee1f1-33f6-483c-a18b-27782ce1915a@group-F043E0AED0ED: changes role from  FOLLOWER to FOLLOWER at term 348 for recognizeCandidate:aed1b97f-105e-4684-b087-4b6333aa3ced
2019-10-23 22:22:23,198 [grpc-default-executor-5] INFO  impl.RoleInfo (RoleInfo.java:shutdownFollowerState(121)) - d21ee1f1-33f6-483c-a18b-27782ce1915a: shutdown FollowerState
2019-10-23 22:22:23,197 [grpc-default-executor-3] INFO  impl.RoleInfo (RoleInfo.java:shutdownFollowerState(121)) - 1c51b35f-55cb-4636-a00c-83d34bf2d9d4: shutdown FollowerState
2019-10-23 22:22:23,198 [Thread-2320] INFO  impl.FollowerState (FollowerState.java:run(117)) - d21ee1f1-33f6-483c-a18b-27782ce1915a@group-F043E0AED0ED-FollowerState was interrupted: java.lang.InterruptedException: sleep interrupted
2019-10-23 22:22:23,198 [grpc-default-executor-5] INFO  impl.RoleInfo (RoleInfo.java:updateAndGet(143)) - d21ee1f1-33f6-483c-a18b-27782ce1915a: start FollowerState
2019-10-23 22:22:23,198 [Thread-2319] INFO  impl.FollowerState (FollowerState.java:run(117)) - 1c51b35f-55cb-4636-a00c-83d34bf2d9d4@group-F043E0AED0ED-FollowerState was interrupted: java.lang.InterruptedException: sleep interrupted
2019-10-23 22:22:23,198 [grpc-default-executor-3] INFO  impl.RoleInfo (RoleInfo.java:updateAndGet(143)) - 1c51b35f-55cb-4636-a00c-83d34bf2d9d4: start FollowerState
2019-10-23 22:22:23,213 [aed1b97f-105e-4684-b087-4b6333aa3ced@group-F043E0AED0ED-LeaderElection308] INFO  impl.LeaderElection (LeaderElection.java:logAndReturn(56)) - aed1b97f-105e-4684-b087-4b6333aa3ced@group-F043E0AED0ED-LeaderElection308: Election REJECTED; received 2 response(s) [aed1b97f-105e-4684-b087-4b6333aa3ced<-1c51b35f-55cb-4636-a00c-83d34bf2d9d4#0:FAIL-t348, aed1b97f-105e-4684-b087-4b6333aa3ced<-d21ee1f1-33f6-483c-a18b-27782ce1915a#0:FAIL-t348] and 0 exception(s); aed1b97f-105e-4684-b087-4b6333aa3ced@group-F043E0AED0ED:t348, leader=null, voted=aed1b97f-105e-4684-b087-4b6333aa3ced, raftlog=aed1b97f-105e-4684-b087-4b6333aa3ced@group-F043E0AED0ED-SegmentedRaftLog:OPENED:c-1,f-1,i0, conf=-1: [aed1b97f-105e-4684-b087-4b6333aa3ced:192.168.157.195:34943, 1c51b35f-55cb-4636-a00c-83d34bf2d9d4:192.168.157.195:34693, d21ee1f1-33f6-483c-a18b-27782ce1915a:192.168.157.195:46462], old=null
2019-10-23 22:22:23,213 [aed1b97f-105e-4684-b087-4b6333aa3ced@group-F043E0AED0ED-LeaderElection308] INFO  impl.RaftServerImpl (RaftServerImpl.java:setRole(184)) - aed1b97f-105e-4684-b087-4b6333aa3ced@group-F043E0AED0ED: changes role from CANDIDATE to FOLLOWER at term 348 for DISCOVERED_A_NEW_TERM
2019-10-23 22:22:23,213 [aed1b97f-105e-4684-b087-4b6333aa3ced@group-F043E0AED0ED-LeaderElection308] INFO  impl.RoleInfo (RoleInfo.java:shutdownLeaderElection(134)) - aed1b97f-105e-4684-b087-4b6333aa3ced: shutdown LeaderElection
2019-10-23 22:22:23,213 [aed1b97f-105e-4684-b087-4b6333aa3ced@group-F043E0AED0ED-LeaderElection308] INFO  impl.RoleInfo (RoleInfo.java:updateAndGet(143)) - aed1b97f-105e-4684-b087-4b6333aa3ced: start FollowerState
2019-10-23 22:22:23,242 [Thread-2327] INFO  impl.FollowerState (FollowerState.java:run(108)) - aed1b97f-105e-4684-b087-4b6333aa3ced@group-F043E0AED0ED-FollowerState: change to CANDIDATE, lastRpcTime:28ms, electionTimeout:28ms
2019-10-23 22:22:23,242 [Thread-2327] INFO  impl.RoleInfo (RoleInfo.java:shutdownFollowerState(121)) - aed1b97f-105e-4684-b087-4b6333aa3ced: shutdown FollowerState
2019-10-23 22:22:23,242 [Thread-2327] INFO  impl.RaftServerImpl (RaftServerImpl.java:setRole(184)) - aed1b97f-105e-4684-b087-4b6333aa3ced@group-F043E0AED0ED: changes role from  FOLLOWER to CANDIDATE at term 348 for changeToCandidate
2019-10-23 22:22:23,242 [Thread-2327] INFO  impl.RoleInfo (RoleInfo.java:updateAndGet(143)) - aed1b97f-105e-4684-b087-4b6333aa3ced: start LeaderElection
2019-10-23 22:22:23,267 [aed1b97f-105e-4684-b087-4b6333aa3ced@group-F043E0AED0ED-LeaderElection309] INFO  impl.LeaderElection (LeaderElection.java:askForVotes(178)) - aed1b97f-105e-4684-b087-4b6333aa3ced@group-F043E0AED0ED-LeaderElection309: begin an election at term 349 for -1: [aed1b97f-105e-4684-b087-4b6333aa3ced:192.168.157.195:34943, 1c51b35f-55cb-4636-a00c-83d34bf2d9d4:192.168.157.195:34693, d21ee1f1-33f6-483c-a18b-27782ce1915a:192.168.157.195:46462], old=null
2019-10-23 22:22:23,269 [grpc-default-executor-5] INFO  impl.RaftServerImpl (RaftServerImpl.java:setRole(184)) - 1c51b35f-55cb-4636-a00c-83d34bf2d9d4@group-F043E0AED0ED: changes role from  FOLLOWER to FOLLOWER at term 349 for recognizeCandidate:aed1b97f-105e-4684-b087-4b6333aa3ced
2019-10-23 22:22:23,270 [grpc-default-executor-5] INFO  impl.RoleInfo (RoleInfo.java:shutdownFollowerState(121)) - 1c51b35f-55cb-4636-a00c-83d34bf2d9d4: shutdown FollowerState
2019-10-23 22:22:23,269 [grpc-default-executor-3] INFO  impl.RaftServerImpl (RaftServerImpl.java:setRole(184)) - d21ee1f1-33f6-483c-a18b-27782ce1915a@group-F043E0AED0ED: changes role from  FOLLOWER to FOLLOWER at term 349 for recognizeCandidate:aed1b97f-105e-4684-b087-4b6333aa3ced
2019-10-23 22:22:23,270 [Thread-2326] INFO  impl.FollowerState (FollowerState.java:run(117)) - 1c51b35f-55cb-4636-a00c-83d34bf2d9d4@group-F043E0AED0ED-FollowerState was interrupted: java.lang.InterruptedException: sleep interrupted
2019-10-23 22:22:23,270 [grpc-default-executor-5] INFO  impl.RoleInfo (RoleInfo.java:updateAndGet(143)) - 1c51b35f-55cb-4636-a00c-83d34bf2d9d4: start FollowerState
2019-10-23 22:22:23,270 [grpc-default-executor-3] INFO  impl.RoleInfo (RoleInfo.java:shutdownFollowerState(121)) - d21ee1f1-33f6-483c-a18b-27782ce1915a: shutdown FollowerState
2019-10-23 22:22:23,271 [grpc-default-executor-3] INFO  impl.RoleInfo (RoleInfo.java:updateAndGet(143)) - d21ee1f1-33f6-483c-a18b-27782ce1915a: start FollowerState
2019-10-23 22:22:23,271 [Thread-2325] INFO  impl.FollowerState (FollowerState.java:run(117)) - d21ee1f1-33f6-483c-a18b-27782ce1915a@group-F043E0AED0ED-FollowerState was interrupted: java.lang.InterruptedException: sleep interrupted
2019-10-23 22:22:23,285 [aed1b97f-105e-4684-b087-4b6333aa3ced@group-F043E0AED0ED-LeaderElection309] INFO  impl.LeaderElection (LeaderElection.java:logAndReturn(56)) - aed1b97f-105e-4684-b087-4b6333aa3ced@group-F043E0AED0ED-LeaderElection309: Election REJECTED; received 2 response(s) [aed1b97f-105e-4684-b087-4b6333aa3ced<-1c51b35f-55cb-4636-a00c-83d34bf2d9d4#0:FAIL-t349, aed1b97f-105e-4684-b087-4b6333aa3ced<-d21ee1f1-33f6-483c-a18b-27782ce1915a#0:FAIL-t349] and 0 exception(s); aed1b97f-105e-4684-b087-4b6333aa3ced@group-F043E0AED0ED:t349, leader=null, voted=aed1b97f-105e-4684-b087-4b6333aa3ced, raftlog=aed1b97f-105e-4684-b087-4b6333aa3ced@group-F043E0AED0ED-SegmentedRaftLog:OPENED:c-1,f-1,i0, conf=-1: [aed1b97f-105e-4684-b087-4b6333aa3ced:192.168.157.195:34943, 1c51b35f-55cb-4636-a00c-83d34bf2d9d4:192.168.157.195:34693, d21ee1f1-33f6-483c-a18b-27782ce1915a:192.168.157.195:46462], old=null
2019-10-23 22:22:23,285 [aed1b97f-105e-4684-b087-4b6333aa3ced@group-F043E0AED0ED-LeaderElection309] INFO  impl.RaftServerImpl (RaftServerImpl.java:setRole(184)) - aed1b97f-105e-4684-b087-4b6333aa3ced@group-F043E0AED0ED: changes role from CANDIDATE to FOLLOWER at term 349 for DISCOVERED_A_NEW_TERM
2019-10-23 22:22:23,285 [aed1b97f-105e-4684-b087-4b6333aa3ced@group-F043E0AED0ED-LeaderElection309] INFO  impl.RoleInfo (RoleInfo.java:shutdownLeaderElection(134)) - aed1b97f-105e-4684-b087-4b6333aa3ced: shutdown LeaderElection
2019-10-23 22:22:23,285 [aed1b97f-105e-4684-b087-4b6333aa3ced@group-F043E0AED0ED-LeaderElection309] INFO  impl.RoleInfo (RoleInfo.java:updateAndGet(143)) - aed1b97f-105e-4684-b087-4b6333aa3ced: start FollowerState
2019-10-23 22:22:23,387 [Thread-2333] INFO  impl.FollowerState (FollowerState.java:run(108)) - aed1b97f-105e-4684-b087-4b6333aa3ced@group-F043E0AED0ED-FollowerState: change to CANDIDATE, lastRpcTime:101ms, electionTimeout:101ms
2019-10-23 22:22:23,387 [Thread-2333] INFO  impl.RoleInfo (RoleInfo.java:shutdownFollowerState(121)) - aed1b97f-105e-4684-b087-4b6333aa3ced: shutdown FollowerState
2019-10-23 22:22:23,387 [Thread-2333] INFO  impl.RaftServerImpl (RaftServerImpl.java:setRole(184)) - aed1b97f-105e-4684-b087-4b6333aa3ced@group-F043E0AED0ED: changes role from  FOLLOWER to CANDIDATE at term 349 for changeToCandidate
2019-10-23 22:22:23,387 [Thread-2333] INFO  impl.RoleInfo (RoleInfo.java:updateAndGet(143)) - aed1b97f-105e-4684-b087-4b6333aa3ced: start LeaderElection
2019-10-23 22:22:23,417 [aed1b97f-105e-4684-b087-4b6333aa3ced@group-F043E0AED0ED-LeaderElection310] INFO  impl.LeaderElection (LeaderElection.java:askForVotes(178)) - aed1b97f-105e-4684-b087-4b6333aa3ced@group-F043E0AED0ED-LeaderElection310: begin an election at term 350 for -1: [aed1b97f-105e-4684-b087-4b6333aa3ced:192.168.157.195:34943, 1c51b35f-55cb-4636-a00c-83d34bf2d9d4:192.168.157.195:34693, d21ee1f1-33f6-483c-a18b-27782ce1915a:192.168.157.195:46462], old=null
2019-10-23 22:22:23,420 [grpc-default-executor-5] INFO  impl.RaftServerImpl (RaftServerImpl.java:setRole(184)) - 1c51b35f-55cb-4636-a00c-83d34bf2d9d4@group-F043E0AED0ED: changes role from  FOLLOWER to FOLLOWER at term 350 for recognizeCandidate:aed1b97f-105e-4684-b087-4b6333aa3ced
2019-10-23 22:22:23,420 [grpc-default-executor-5] INFO  impl.RoleInfo (RoleInfo.java:shutdownFollowerState(121)) - 1c51b35f-55cb-4636-a00c-83d34bf2d9d4: shutdown FollowerState
2019-10-23 22:22:23,420 [grpc-default-executor-5] INFO  impl.RoleInfo (RoleInfo.java:updateAndGet(143)) - 1c51b35f-55cb-4636-a00c-83d34bf2d9d4: start FollowerState
2019-10-23 22:22:23,420 [grpc-default-executor-3] INFO  impl.RaftServerImpl (RaftServerImpl.java:setRole(184)) - d21ee1f1-33f6-483c-a18b-27782ce1915a@group-F043E0AED0ED: changes role from  FOLLOWER to FOLLOWER at term 350 for recognizeCandidate:aed1b97f-105e-4684-b087-4b6333aa3ced
2019-10-23 22:22:23,420 [grpc-default-executor-3] INFO  impl.RoleInfo (RoleInfo.java:shutdownFollowerState(121)) - d21ee1f1-33f6-483c-a18b-27782ce1915a: shutdown FollowerState
2019-10-23 22:22:23,420 [Thread-2331] INFO  impl.FollowerState (FollowerState.java:run(117)) - 1c51b35f-55cb-4636-a00c-83d34bf2d9d4@group-F043E0AED0ED-FollowerState was interrupted: java.lang.InterruptedException: sleep interrupted
2019-10-23 22:22:23,421 [Thread-2332] INFO  impl.FollowerState (FollowerState.java:run(117)) - d21ee1f1-33f6-483c-a18b-27782ce1915a@group-F043E0AED0ED-FollowerState was interrupted: java.lang.InterruptedException: sleep interrupted
2019-10-23 22:22:23,420 [grpc-default-executor-3] INFO  impl.RoleInfo (RoleInfo.java:updateAndGet(143)) - d21ee1f1-33f6-483c-a18b-27782ce1915a: start FollowerState
2019-10-23 22:22:23,435 [aed1b97f-105e-4684-b087-4b6333aa3ced@group-F043E0AED0ED-LeaderElection310] INFO  impl.LeaderElection (LeaderElection.java:logAndReturn(56)) - aed1b97f-105e-4684-b087-4b6333aa3ced@group-F043E0AED0ED-LeaderElection310: Election REJECTED; received 2 response(s) [aed1b97f-105e-4684-b087-4b6333aa3ced<-1c51b35f-55cb-4636-a00c-83d34bf2d9d4#0:FAIL-t350, aed1b97f-105e-4684-b087-4b6333aa3ced<-d21ee1f1-33f6-483c-a18b-27782ce1915a#0:FAIL-t350] and 0 exception(s); aed1b97f-105e-4684-b087-4b6333aa3ced@group-F043E0AED0ED:t350, leader=null, voted=aed1b97f-105e-4684-b087-4b6333aa3ced, raftlog=aed1b97f-105e-4684-b087-4b6333aa3ced@group-F043E0AED0ED-SegmentedRaftLog:OPENED:c-1,f-1,i0, conf=-1: [aed1b97f-105e-4684-b087-4b6333aa3ced:192.168.157.195:34943, 1c51b35f-55cb-4636-a00c-83d34bf2d9d4:192.168.157.195:34693, d21ee1f1-33f6-483c-a18b-27782ce1915a:192.168.157.195:46462], old=null
2019-10-23 22:22:23,435 [aed1b97f-105e-4684-b087-4b6333aa3ced@group-F043E0AED0ED-LeaderElection310] INFO  impl.RaftServerImpl (RaftServerImpl.java:setRole(184)) - aed1b97f-105e-4684-b087-4b6333aa3ced@group-F043E0AED0ED: changes role from CANDIDATE to FOLLOWER at term 350 for DISCOVERED_A_NEW_TERM
2019-10-23 22:22:23,435 [aed1b97f-105e-4684-b087-4b6333aa3ced@group-F043E0AED0ED-LeaderElection310] INFO  impl.RoleInfo (RoleInfo.java:shutdownLeaderElection(134)) - aed1b97f-105e-4684-b087-4b6333aa3ced: shutdown LeaderElection
2019-10-23 22:22:23,435 [aed1b97f-105e-4684-b087-4b6333aa3ced@group-F043E0AED0ED-LeaderElection310] INFO  impl.RoleInfo (RoleInfo.java:updateAndGet(143)) - aed1b97f-105e-4684-b087-4b6333aa3ced: start FollowerState
2019-10-23 22:22:23,490 [Thread-2339] INFO  impl.FollowerState (FollowerState.java:run(108)) - aed1b97f-105e-4684-b087-4b6333aa3ced@group-F043E0AED0ED-FollowerState: change to CANDIDATE, lastRpcTime:54ms, electionTimeout:54ms
2019-10-23 22:22:23,490 [Thread-2339] INFO  impl.RoleInfo (RoleInfo.java:shutdownFollowerState(121)) - aed1b97f-105e-4684-b087-4b6333aa3ced: shutdown FollowerState
2019-10-23 22:22:23,490 [Thread-2339] INFO  impl.RaftServerImpl (RaftServerImpl.java:setRole(184)) - aed1b97f-105e-4684-b087-4b6333aa3ced@group-F043E0AED0ED: changes role from  FOLLOWER to CANDIDATE at term 350 for changeToCandidate
2019-10-23 22:22:23,490 [Thread-2339] INFO  impl.RoleInfo (RoleInfo.java:updateAndGet(143)) - aed1b97f-105e-4684-b087-4b6333aa3ced: start LeaderElection
2019-10-23 22:22:23,504 [aed1b97f-105e-4684-b087-4b6333aa3ced@group-F043E0AED0ED-LeaderElection311] INFO  impl.LeaderElection (LeaderElection.java:askForVotes(178)) - aed1b97f-105e-4684-b087-4b6333aa3ced@group-F043E0AED0ED-LeaderElection311: begin an election at term 351 for -1: [aed1b97f-105e-4684-b087-4b6333aa3ced:192.168.157.195:34943, 1c51b35f-55cb-4636-a00c-83d34bf2d9d4:192.168.157.195:34693, d21ee1f1-33f6-483c-a18b-27782ce1915a:192.168.157.195:46462], old=null
2019-10-23 22:22:23,506 [grpc-default-executor-5] INFO  impl.RaftServerImpl (RaftServerImpl.java:setRole(184)) - 1c51b35f-55cb-4636-a00c-83d34bf2d9d4@group-F043E0AED0ED: changes role from  FOLLOWER to FOLLOWER at term 351 for recognizeCandidate:aed1b97f-105e-4684-b087-4b6333aa3ced
2019-10-23 22:22:23,506 [grpc-default-executor-5] INFO  impl.RoleInfo (RoleInfo.java:shutdownFollowerState(121)) - 1c51b35f-55cb-4636-a00c-83d34bf2d9d4: shutdown FollowerState
2019-10-23 22:22:23,506 [grpc-default-executor-3] INFO  impl.RaftServerImpl (RaftServerImpl.java:setRole(184)) - d21ee1f1-33f6-483c-a18b-27782ce1915a@group-F043E0AED0ED: changes role from  FOLLOWER to FOLLOWER at term 351 for recognizeCandidate:aed1b97f-105e-4684-b087-4b6333aa3ced
2019-10-23 22:22:23,506 [grpc-default-executor-5] INFO  impl.RoleInfo (RoleInfo.java:updateAndGet(143)) - 1c51b35f-55cb-4636-a00c-83d34bf2d9d4: start FollowerState
2019-10-23 22:22:23,506 [Thread-2337] INFO  impl.FollowerState (FollowerState.java:run(117)) - 1c51b35f-55cb-4636-a00c-83d34bf2d9d4@group-F043E0AED0ED-FollowerState was interrupted: java.lang.InterruptedException: sleep interrupted
2019-10-23 22:22:23,506 [grpc-default-executor-3] INFO  impl.RoleInfo (RoleInfo.java:shutdownFollowerState(121)) - d21ee1f1-33f6-483c-a18b-27782ce1915a: shutdown FollowerState
2019-10-23 22:22:23,507 [grpc-default-executor-3] INFO  impl.RoleInfo (RoleInfo.java:updateAndGet(143)) - d21ee1f1-33f6-483c-a18b-27782ce1915a: start FollowerState
2019-10-23 22:22:23,507 [Thread-2338] INFO  impl.FollowerState (FollowerState.java:run(117)) - d21ee1f1-33f6-483c-a18b-27782ce1915a@group-F043E0AED0ED-FollowerState was interrupted: java.lang.InterruptedException: sleep interrupted
2019-10-23 22:22:23,521 [aed1b97f-105e-4684-b087-4b6333aa3ced@group-F043E0AED0ED-LeaderElection311] INFO  impl.LeaderElection (LeaderElection.java:logAndReturn(56)) - aed1b97f-105e-4684-b087-4b6333aa3ced@group-F043E0AED0ED-LeaderElection311: Election REJECTED; received 2 response(s) [aed1b97f-105e-4684-b087-4b6333aa3ced<-1c51b35f-55cb-4636-a00c-83d34bf2d9d4#0:FAIL-t351, aed1b97f-105e-4684-b087-4b6333aa3ced<-d21ee1f1-33f6-483c-a18b-27782ce1915a#0:FAIL-t351] and 0 exception(s); aed1b97f-105e-4684-b087-4b6333aa3ced@group-F043E0AED0ED:t351, leader=null, voted=aed1b97f-105e-4684-b087-4b6333aa3ced, raftlog=aed1b97f-105e-4684-b087-4b6333aa3ced@group-F043E0AED0ED-SegmentedRaftLog:OPENED:c-1,f-1,i0, conf=-1: [aed1b97f-105e-4684-b087-4b6333aa3ced:192.168.157.195:34943, 1c51b35f-55cb-4636-a00c-83d34bf2d9d4:192.168.157.195:34693, d21ee1f1-33f6-483c-a18b-27782ce1915a:192.168.157.195:46462], old=null
2019-10-23 22:22:23,521 [aed1b97f-105e-4684-b087-4b6333aa3ced@group-F043E0AED0ED-LeaderElection311] INFO  impl.RaftServerImpl (RaftServerImpl.java:setRole(184)) - aed1b97f-105e-4684-b087-4b6333aa3ced@group-F043E0AED0ED: changes role from CANDIDATE to FOLLOWER at term 351 for DISCOVERED_A_NEW_TERM
2019-10-23 22:22:23,522 [aed1b97f-105e-4684-b087-4b6333aa3ced@group-F043E0AED0ED-LeaderElection311] INFO  impl.RoleInfo (RoleInfo.java:shutdownLeaderElection(134)) - aed1b97f-105e-4684-b087-4b6333aa3ced: shutdown LeaderElection
2019-10-23 22:22:23,522 [aed1b97f-105e-4684-b087-4b6333aa3ced@group-F043E0AED0ED-LeaderElection311] INFO  impl.RoleInfo (RoleInfo.java:updateAndGet(143)) - aed1b97f-105e-4684-b087-4b6333aa3ced: start FollowerState
2019-10-23 22:22:23,597 [Thread-2347] INFO  impl.FollowerState (FollowerState.java:run(108)) - aed1b97f-105e-4684-b087-4b6333aa3ced@group-F043E0AED0ED-FollowerState: change to CANDIDATE, lastRpcTime:75ms, electionTimeout:75ms
2019-10-23 22:22:23,598 [Thread-2347] INFO  impl.RoleInfo (RoleInfo.java:shutdownFollowerState(121)) - aed1b97f-105e-4684-b087-4b6333aa3ced: shutdown FollowerState
2019-10-23 22:22:23,598 [Thread-2347] INFO  impl.RaftServerImpl (RaftServerImpl.java:setRole(184)) - aed1b97f-105e-4684-b087-4b6333aa3ced@group-F043E0AED0ED: changes role from  FOLLOWER to CANDIDATE at term 351 for changeToCandidate
2019-10-23 22:22:23,598 [Thread-2347] INFO  impl.RoleInfo (RoleInfo.java:updateAndGet(143)) - aed1b97f-105e-4684-b087-4b6333aa3ced: start LeaderElection
2019-10-23 22:22:23,612 [aed1b97f-105e-4684-b087-4b6333aa3ced@group-F043E0AED0ED-LeaderElection312] INFO  impl.LeaderElection (LeaderElection.java:askForVotes(178)) - aed1b97f-105e-4684-b087-4b6333aa3ced@group-F043E0AED0ED-LeaderElection312: begin an election at term 352 for -1: [aed1b97f-105e-4684-b087-4b6333aa3ced:192.168.157.195:34943, 1c51b35f-55cb-4636-a00c-83d34bf2d9d4:192.168.157.195:34693, d21ee1f1-33f6-483c-a18b-27782ce1915a:192.168.157.195:46462], old=null
2019-10-23 22:22:23,614 [grpc-default-executor-4] INFO  impl.RaftServerImpl (RaftServerImpl.java:setRole(184)) - 1c51b35f-55cb-4636-a00c-83d34bf2d9d4@group-F043E0AED0ED: changes role from  FOLLOWER to FOLLOWER at term 352 for recognizeCandidate:aed1b97f-105e-4684-b087-4b6333aa3ced
2019-10-23 22:22:23,614 [grpc-default-executor-3] INFO  impl.RaftServerImpl (RaftServerImpl.java:setRole(184)) - d21ee1f1-33f6-483c-a18b-27782ce1915a@group-F043E0AED0ED: changes role from  FOLLOWER to FOLLOWER at term 352 for recognizeCandidate:aed1b97f-105e-4684-b087-4b6333aa3ced
2019-10-23 22:22:23,614 [grpc-default-executor-3] INFO  impl.RoleInfo (RoleInfo.java:shutdownFollowerState(121)) - d21ee1f1-33f6-483c-a18b-27782ce1915a: shutdown FollowerState
2019-10-23 22:22:23,614 [grpc-default-executor-4] INFO  impl.RoleInfo (RoleInfo.java:shutdownFollowerState(121)) - 1c51b35f-55cb-4636-a00c-83d34bf2d9d4: shutdown FollowerState
2019-10-23 22:22:23,615 [Thread-2344] INFO  impl.FollowerState (FollowerState.java:run(117)) - d21ee1f1-33f6-483c-a18b-27782ce1915a@group-F043E0AED0ED-FollowerState was interrupted: java.lang.InterruptedException: sleep interrupted
2019-10-23 22:22:23,615 [grpc-default-executor-3] INFO  impl.RoleInfo (RoleInfo.java:updateAndGet(143)) - d21ee1f1-33f6-483c-a18b-27782ce1915a: start FollowerState
2019-10-23 22:22:23,615 [Thread-2343] INFO  impl.FollowerState (FollowerState.java:run(117)) - 1c51b35f-55cb-4636-a00c-83d34bf2d9d4@group-F043E0AED0ED-FollowerState was interrupted: java.lang.InterruptedException: sleep interrupted
2019-10-23 22:22:23,615 [grpc-default-executor-4] INFO  impl.RoleInfo (RoleInfo.java:updateAndGet(143)) - 1c51b35f-55cb-4636-a00c-83d34bf2d9d4: start FollowerState
2019-10-23 22:22:23,629 [aed1b97f-105e-4684-b087-4b6333aa3ced@group-F043E0AED0ED-LeaderElection312] INFO  impl.LeaderElection (LeaderElection.java:logAndReturn(56)) - aed1b97f-105e-4684-b087-4b6333aa3ced@group-F043E0AED0ED-LeaderElection312: Election REJECTED; received 2 response(s) [aed1b97f-105e-4684-b087-4b6333aa3ced<-1c51b35f-55cb-4636-a00c-83d34bf2d9d4#0:FAIL-t352, aed1b97f-105e-4684-b087-4b6333aa3ced<-d21ee1f1-33f6-483c-a18b-27782ce1915a#0:FAIL-t352] and 0 exception(s); aed1b97f-105e-4684-b087-4b6333aa3ced@group-F043E0AED0ED:t352, leader=null, voted=aed1b97f-105e-4684-b087-4b6333aa3ced, raftlog=aed1b97f-105e-4684-b087-4b6333aa3ced@group-F043E0AED0ED-SegmentedRaftLog:OPENED:c-1,f-1,i0, conf=-1: [aed1b97f-105e-4684-b087-4b6333aa3ced:192.168.157.195:34943, 1c51b35f-55cb-4636-a00c-83d34bf2d9d4:192.168.157.195:34693, d21ee1f1-33f6-483c-a18b-27782ce1915a:192.168.157.195:46462], old=null
2019-10-23 22:22:23,629 [aed1b97f-105e-4684-b087-4b6333aa3ced@group-F043E0AED0ED-LeaderElection312] INFO  impl.RaftServerImpl (RaftServerImpl.java:setRole(184)) - aed1b97f-105e-4684-b087-4b6333aa3ced@group-F043E0AED0ED: changes role from CANDIDATE to FOLLOWER at term 352 for DISCOVERED_A_NEW_TERM
2019-10-23 22:22:23,630 [aed1b97f-105e-4684-b087-4b6333aa3ced@group-F043E0AED0ED-LeaderElection312] INFO  impl.RoleInfo (RoleInfo.java:shutdownLeaderElection(134)) - aed1b97f-105e-4684-b087-4b6333aa3ced: shutdown LeaderElection
2019-10-23 22:22:23,630 [aed1b97f-105e-4684-b087-4b6333aa3ced@group-F043E0AED0ED-LeaderElection312] INFO  impl.RoleInfo (RoleInfo.java:updateAndGet(143)) - aed1b97f-105e-4684-b087-4b6333aa3ced: start FollowerState
2019-10-23 22:22:23,634 [Thread-2353] INFO  impl.FollowerState (FollowerState.java:run(108)) - aed1b97f-105e-4684-b087-4b6333aa3ced@group-F043E0AED0ED-FollowerState: change to CANDIDATE, lastRpcTime:4ms, electionTimeout:4ms
2019-10-23 22:22:23,634 [Thread-2353] INFO  impl.RoleInfo (RoleInfo.java:shutdownFollowerState(121)) - aed1b97f-105e-4684-b087-4b6333aa3ced: shutdown FollowerState
2019-10-23 22:22:23,634 [Thread-2353] INFO  impl.RaftServerImpl (RaftServerImpl.java:setRole(184)) - aed1b97f-105e-4684-b087-4b6333aa3ced@group-F043E0AED0ED: changes role from  FOLLOWER to CANDIDATE at term 352 for changeToCandidate
2019-10-23 22:22:23,635 [Thread-2353] INFO  impl.RoleInfo (RoleInfo.java:updateAndGet(143)) - aed1b97f-105e-4684-b087-4b6333aa3ced: start LeaderElection
2019-10-23 22:22:23,660 [aed1b97f-105e-4684-b087-4b6333aa3ced@group-F043E0AED0ED-LeaderElection313] INFO  impl.LeaderElection (LeaderElection.java:askForVotes(178)) - aed1b97f-105e-4684-b087-4b6333aa3ced@group-F043E0AED0ED-LeaderElection313: begin an election at term 353 for -1: [aed1b97f-105e-4684-b087-4b6333aa3ced:192.168.157.195:34943, 1c51b35f-55cb-4636-a00c-83d34bf2d9d4:192.168.157.195:34693, d21ee1f1-33f6-483c-a18b-27782ce1915a:192.168.157.195:46462], old=null
2019-10-23 22:22:23,662 [grpc-default-executor-3] INFO  impl.RaftServerImpl (RaftServerImpl.java:setRole(184)) - 1c51b35f-55cb-4636-a00c-83d34bf2d9d4@group-F043E0AED0ED: changes role from  FOLLOWER to FOLLOWER at term 353 for recognizeCandidate:aed1b97f-105e-4684-b087-4b6333aa3ced
2019-10-23 22:22:23,662 [grpc-default-executor-3] INFO  impl.RoleInfo (RoleInfo.java:shutdownFollowerState(121)) - 1c51b35f-55cb-4636-a00c-83d34bf2d9d4: shutdown FollowerState
2019-10-23 22:22:23,662 [grpc-default-executor-4] INFO  impl.RaftServerImpl (RaftServerImpl.java:setRole(184)) - d21ee1f1-33f6-483c-a18b-27782ce1915a@group-F043E0AED0ED: changes role from  FOLLOWER to FOLLOWER at term 353 for recognizeCandidate:aed1b97f-105e-4684-b087-4b6333aa3ced
2019-10-23 22:22:23,662 [Thread-2352] INFO  impl.FollowerState (FollowerState.java:run(117)) - 1c51b35f-55cb-4636-a00c-83d34bf2d9d4@group-F043E0AED0ED-FollowerState was interrupted: java.lang.InterruptedException: sleep interrupted
2019-10-23 22:22:23,662 [grpc-default-executor-3] INFO  impl.RoleInfo (RoleInfo.java:updateAndGet(143)) - 1c51b35f-55cb-4636-a00c-83d34bf2d9d4: start FollowerState
2019-10-23 22:22:23,662 [grpc-default-executor-4] INFO  impl.RoleInfo (RoleInfo.java:shutdownFollowerState(121)) - d21ee1f1-33f6-483c-a18b-27782ce1915a: shutdown FollowerState
2019-10-23 22:22:23,663 [grpc-default-executor-4] INFO  impl.RoleInfo (RoleInfo.java:updateAndGet(143)) - d21ee1f1-33f6-483c-a18b-27782ce1915a: start FollowerState
2019-10-23 22:22:23,663 [Thread-2351] INFO  impl.FollowerState (FollowerState.java:run(117)) - d21ee1f1-33f6-483c-a18b-27782ce1915a@group-F043E0AED0ED-FollowerState was interrupted: java.lang.InterruptedException: sleep interrupted
2019-10-23 22:22:23,670 [aed1b97f-105e-4684-b087-4b6333aa3ced@group-F043E0AED0ED-LeaderElection313] INFO  impl.LeaderElection (LeaderElection.java:logAndReturn(56)) - aed1b97f-105e-4684-b087-4b6333aa3ced@group-F043E0AED0ED-LeaderElection313: Election REJECTED; received 2 response(s) [aed1b97f-105e-4684-b087-4b6333aa3ced<-1c51b35f-55cb-4636-a00c-83d34bf2d9d4#0:FAIL-t353, aed1b97f-105e-4684-b087-4b6333aa3ced<-d21ee1f1-33f6-483c-a18b-27782ce1915a#0:FAIL-t353] and 0 exception(s); aed1b97f-105e-4684-b087-4b6333aa3ced@group-F043E0AED0ED:t353, leader=null, voted=aed1b97f-105e-4684-b087-4b6333aa3ced, raftlog=aed1b97f-105e-4684-b087-4b6333aa3ced@group-F043E0AED0ED-SegmentedRaftLog:OPENED:c-1,f-1,i0, conf=-1: [aed1b97f-105e-4684-b087-4b6333aa3ced:192.168.157.195:34943, 1c51b35f-55cb-4636-a00c-83d34bf2d9d4:192.168.157.195:34693, d21ee1f1-33f6-483c-a18b-27782ce1915a:192.168.157.195:46462], old=null
2019-10-23 22:22:23,670 [aed1b97f-105e-4684-b087-4b6333aa3ced@group-F043E0AED0ED-LeaderElection313] INFO  impl.RaftServerImpl (RaftServerImpl.java:setRole(184)) - aed1b97f-105e-4684-b087-4b6333aa3ced@group-F043E0AED0ED: changes role from CANDIDATE to FOLLOWER at term 353 for DISCOVERED_A_NEW_TERM
2019-10-23 22:22:23,670 [aed1b97f-105e-4684-b087-4b6333aa3ced@group-F043E0AED0ED-LeaderElection313] INFO  impl.RoleInfo (RoleInfo.java:shutdownLeaderElection(134)) - aed1b97f-105e-4684-b087-4b6333aa3ced: shutdown LeaderElection
2019-10-23 22:22:23,670 [aed1b97f-105e-4684-b087-4b6333aa3ced@group-F043E0AED0ED-LeaderElection313] INFO  impl.RoleInfo (RoleInfo.java:updateAndGet(143)) - aed1b97f-105e-4684-b087-4b6333aa3ced: start FollowerState
2019-10-23 22:22:23,845 [Thread-2359] INFO  impl.FollowerState (FollowerState.java:run(108)) - aed1b97f-105e-4684-b087-4b6333aa3ced@group-F043E0AED0ED-FollowerState: change to CANDIDATE, lastRpcTime:174ms, electionTimeout:174ms
2019-10-23 22:22:23,845 [Thread-2359] INFO  impl.RoleInfo (RoleInfo.java:shutdownFollowerState(121)) - aed1b97f-105e-4684-b087-4b6333aa3ced: shutdown FollowerState
2019-10-23 22:22:23,845 [Thread-2359] INFO  impl.RaftServerImpl (RaftServerImpl.java:setRole(184)) - aed1b97f-105e-4684-b087-4b6333aa3ced@group-F043E0AED0ED: changes role from  FOLLOWER to CANDIDATE at term 353 for changeToCandidate
2019-10-23 22:22:23,845 [Thread-2359] INFO  impl.RoleInfo (RoleInfo.java:updateAndGet(143)) - aed1b97f-105e-4684-b087-4b6333aa3ced: start LeaderElection
2019-10-23 22:22:23,859 [aed1b97f-105e-4684-b087-4b6333aa3ced@group-F043E0AED0ED-LeaderElection314] INFO  impl.LeaderElection (LeaderElection.java:askForVotes(178)) - aed1b97f-105e-4684-b087-4b6333aa3ced@group-F043E0AED0ED-LeaderElection314: begin an election at term 354 for -1: [aed1b97f-105e-4684-b087-4b6333aa3ced:192.168.157.195:34943, 1c51b35f-55cb-4636-a00c-83d34bf2d9d4:192.168.157.195:34693, d21ee1f1-33f6-483c-a18b-27782ce1915a:192.168.157.195:46462], old=null
2019-10-23 22:22:23,861 [grpc-default-executor-4] INFO  impl.RaftServerImpl (RaftServerImpl.java:setRole(184)) - 1c51b35f-55cb-4636-a00c-83d34bf2d9d4@group-F043E0AED0ED: changes role from  FOLLOWER to FOLLOWER at term 354 for recognizeCandidate:aed1b97f-105e-4684-b087-4b6333aa3ced
2019-10-23 22:22:23,862 [grpc-default-executor-4] INFO  impl.RoleInfo (RoleInfo.java:shutdownFollowerState(121)) - 1c51b35f-55cb-4636-a00c-83d34bf2d9d4: shutdown FollowerState
2019-10-23 22:22:23,862 [grpc-default-executor-3] INFO  impl.RaftServerImpl (RaftServerImpl.java:setRole(184)) - d21ee1f1-33f6-483c-a18b-27782ce1915a@group-F043E0AED0ED: changes role from  FOLLOWER to FOLLOWER at term 354 for recognizeCandidate:aed1b97f-105e-4684-b087-4b6333aa3ced
2019-10-23 22:22:23,862 [grpc-default-executor-3] INFO  impl.RoleInfo (RoleInfo.java:shutdownFollowerState(121)) - d21ee1f1-33f6-483c-a18b-27782ce1915a: shutdown FollowerState
2019-10-23 22:22:23,862 [Thread-2357] INFO  impl.FollowerState (FollowerState.java:run(117)) - 1c51b35f-55cb-4636-a00c-83d34bf2d9d4@group-F043E0AED0ED-FollowerState was interrupted: java.lang.InterruptedException: sleep interrupted
2019-10-23 22:22:23,862 [grpc-default-executor-4] INFO  impl.RoleInfo (RoleInfo.java:updateAndGet(143)) - 1c51b35f-55cb-4636-a00c-83d34bf2d9d4: start FollowerState
2019-10-23 22:22:23,862 [Thread-2358] INFO  impl.FollowerState (FollowerState.java:run(117)) - d21ee1f1-33f6-483c-a18b-27782ce1915a@group-F043E0AED0ED-FollowerState was interrupted: java.lang.InterruptedException: sleep interrupted
2019-10-23 22:22:23,862 [grpc-default-executor-3] INFO  impl.RoleInfo (RoleInfo.java:updateAndGet(143)) - d21ee1f1-33f6-483c-a18b-27782ce1915a: start FollowerState
2019-10-23 22:22:23,877 [aed1b97f-105e-4684-b087-4b6333aa3ced@group-F043E0AED0ED-LeaderElection314] INFO  impl.LeaderElection (LeaderElection.java:logAndReturn(56)) - aed1b97f-105e-4684-b087-4b6333aa3ced@group-F043E0AED0ED-LeaderElection314: Election REJECTED; received 2 response(s) [aed1b97f-105e-4684-b087-4b6333aa3ced<-1c51b35f-55cb-4636-a00c-83d34bf2d9d4#0:FAIL-t354, aed1b97f-105e-4684-b087-4b6333aa3ced<-d21ee1f1-33f6-483c-a18b-27782ce1915a#0:FAIL-t354] and 0 exception(s); aed1b97f-105e-4684-b087-4b6333aa3ced@group-F043E0AED0ED:t354, leader=null, voted=aed1b97f-105e-4684-b087-4b6333aa3ced, raftlog=aed1b97f-105e-4684-b087-4b6333aa3ced@group-F043E0AED0ED-SegmentedRaftLog:OPENED:c-1,f-1,i0, conf=-1: [aed1b97f-105e-4684-b087-4b6333aa3ced:192.168.157.195:34943, 1c51b35f-55cb-4636-a00c-83d34bf2d9d4:192.168.157.195:34693, d21ee1f1-33f6-483c-a18b-27782ce1915a:192.168.157.195:46462], old=null
2019-10-23 22:22:23,877 [aed1b97f-105e-4684-b087-4b6333aa3ced@group-F043E0AED0ED-LeaderElection314] INFO  impl.RaftServerImpl (RaftServerImpl.java:setRole(184)) - aed1b97f-105e-4684-b087-4b6333aa3ced@group-F043E0AED0ED: changes role from CANDIDATE to FOLLOWER at term 354 for DISCOVERED_A_NEW_TERM
2019-10-23 22:22:23,877 [aed1b97f-105e-4684-b087-4b6333aa3ced@group-F043E0AED0ED-LeaderElection314] INFO  impl.RoleInfo (RoleInfo.java:shutdownLeaderElection(134)) - aed1b97f-105e-4684-b087-4b6333aa3ced: shutdown LeaderElection
2019-10-23 22:22:23,878 [aed1b97f-105e-4684-b087-4b6333aa3ced@group-F043E0AED0ED-LeaderElection314] INFO  impl.RoleInfo (RoleInfo.java:updateAndGet(143)) - aed1b97f-105e-4684-b087-4b6333aa3ced: start FollowerState
2019-10-23 22:22:23,986 [Thread-2365] INFO  impl.FollowerState (FollowerState.java:run(108)) - aed1b97f-105e-4684-b087-4b6333aa3ced@group-F043E0AED0ED-FollowerState: change to CANDIDATE, lastRpcTime:108ms, electionTimeout:108ms
2019-10-23 22:22:23,986 [Thread-2365] INFO  impl.RoleInfo (RoleInfo.java:shutdownFollowerState(121)) - aed1b97f-105e-4684-b087-4b6333aa3ced: shutdown FollowerState
2019-10-23 22:22:23,986 [Thread-2365] INFO  impl.RaftServerImpl (RaftServerImpl.java:setRole(184)) - aed1b97f-105e-4684-b087-4b6333aa3ced@group-F043E0AED0ED: changes role from  FOLLOWER to CANDIDATE at term 354 for changeToCandidate
2019-10-23 22:22:23,986 [Thread-2365] INFO  impl.RoleInfo (RoleInfo.java:updateAndGet(143)) - aed1b97f-105e-4684-b087-4b6333aa3ced: start LeaderElection
2019-10-23 22:22:24,000 [aed1b97f-105e-4684-b087-4b6333aa3ced@group-F043E0AED0ED-LeaderElection315] INFO  impl.LeaderElection (LeaderElection.java:askForVotes(178)) - aed1b97f-105e-4684-b087-4b6333aa3ced@group-F043E0AED0ED-LeaderElection315: begin an election at term 355 for -1: [aed1b97f-105e-4684-b087-4b6333aa3ced:192.168.157.195:34943, 1c51b35f-55cb-4636-a00c-83d34bf2d9d4:192.168.157.195:34693, d21ee1f1-33f6-483c-a18b-27782ce1915a:192.168.157.195:46462], old=null
2019-10-23 22:22:24,002 [grpc-default-executor-3] INFO  impl.RaftServerImpl (RaftServerImpl.java:setRole(184)) - 1c51b35f-55cb-4636-a00c-83d34bf2d9d4@group-F043E0AED0ED: changes role from  FOLLOWER to FOLLOWER at term 355 for recognizeCandidate:aed1b97f-105e-4684-b087-4b6333aa3ced
2019-10-23 22:22:24,002 [grpc-default-executor-3] INFO  impl.RoleInfo (RoleInfo.java:shutdownFollowerState(121)) - 1c51b35f-55cb-4636-a00c-83d34bf2d9d4: shutdown FollowerState
2019-10-23 22:22:24,002 [grpc-default-executor-4] INFO  impl.RaftServerImpl (RaftServerImpl.java:setRole(184)) - d21ee1f1-33f6-483c-a18b-27782ce1915a@group-F043E0AED0ED: changes role from  FOLLOWER to FOLLOWER at term 355 for recognizeCandidate:aed1b97f-105e-4684-b087-4b6333aa3ced
2019-10-23 22:22:24,002 [grpc-default-executor-4] INFO  impl.RoleInfo (RoleInfo.java:shutdownFollowerState(121)) - d21ee1f1-33f6-483c-a18b-27782ce1915a: shutdown FollowerState
2019-10-23 22:22:24,002 [grpc-default-executor-3] INFO  impl.RoleInfo (RoleInfo.java:updateAndGet(143)) - 1c51b35f-55cb-4636-a00c-83d34bf2d9d4: start FollowerState
2019-10-23 22:22:24,002 [Thread-2363] INFO  impl.FollowerState (FollowerState.java:run(117)) - 1c51b35f-55cb-4636-a00c-83d34bf2d9d4@group-F043E0AED0ED-FollowerState was interrupted: java.lang.InterruptedException: sleep interrupted
2019-10-23 22:22:24,003 [Thread-2364] INFO  impl.FollowerState (FollowerState.java:run(117)) - d21ee1f1-33f6-483c-a18b-27782ce1915a@group-F043E0AED0ED-FollowerState was interrupted: java.lang.InterruptedException: sleep interrupted
2019-10-23 22:22:24,003 [grpc-default-executor-4] INFO  impl.RoleInfo (RoleInfo.java:updateAndGet(143)) - d21ee1f1-33f6-483c-a18b-27782ce1915a: start FollowerState
2019-10-23 22:22:24,017 [aed1b97f-105e-4684-b087-4b6333aa3ced@group-F043E0AED0ED-LeaderElection315] INFO  impl.LeaderElection (LeaderElection.java:logAndReturn(56)) - aed1b97f-105e-4684-b087-4b6333aa3ced@group-F043E0AED0ED-LeaderElection315: Election REJECTED; received 2 response(s) [aed1b97f-105e-4684-b087-4b6333aa3ced<-1c51b35f-55cb-4636-a00c-83d34bf2d9d4#0:FAIL-t355, aed1b97f-105e-4684-b087-4b6333aa3ced<-d21ee1f1-33f6-483c-a18b-27782ce1915a#0:FAIL-t355] and 0 exception(s); aed1b97f-105e-4684-b087-4b6333aa3ced@group-F043E0AED0ED:t355, leader=null, voted=aed1b97f-105e-4684-b087-4b6333aa3ced, raftlog=aed1b97f-105e-4684-b087-4b6333aa3ced@group-F043E0AED0ED-SegmentedRaftLog:OPENED:c-1,f-1,i0, conf=-1: [aed1b97f-105e-4684-b087-4b6333aa3ced:192.168.157.195:34943, 1c51b35f-55cb-4636-a00c-83d34bf2d9d4:192.168.157.195:34693, d21ee1f1-33f6-483c-a18b-27782ce1915a:192.168.157.195:46462], old=null
2019-10-23 22:22:24,017 [aed1b97f-105e-4684-b087-4b6333aa3ced@group-F043E0AED0ED-LeaderElection315] INFO  impl.RaftServerImpl (RaftServerImpl.java:setRole(184)) - aed1b97f-105e-4684-b087-4b6333aa3ced@group-F043E0AED0ED: changes role from CANDIDATE to FOLLOWER at term 355 for DISCOVERED_A_NEW_TERM
2019-10-23 22:22:24,017 [aed1b97f-105e-4684-b087-4b6333aa3ced@group-F043E0AED0ED-LeaderElection315] INFO  impl.RoleInfo (RoleInfo.java:shutdownLeaderElection(134)) - aed1b97f-105e-4684-b087-4b6333aa3ced: shutdown LeaderElection
2019-10-23 22:22:24,017 [aed1b97f-105e-4684-b087-4b6333aa3ced@group-F043E0AED0ED-LeaderElection315] INFO  impl.RoleInfo (RoleInfo.java:updateAndGet(143)) - aed1b97f-105e-4684-b087-4b6333aa3ced: start FollowerState
2019-10-23 22:22:24,190 [Thread-2371] INFO  impl.FollowerState (FollowerState.java:run(108)) - aed1b97f-105e-4684-b087-4b6333aa3ced@group-F043E0AED0ED-FollowerState: change to CANDIDATE, lastRpcTime:172ms, electionTimeout:172ms
2019-10-23 22:22:24,190 [Thread-2371] INFO  impl.RoleInfo (RoleInfo.java:shutdownFollowerState(121)) - aed1b97f-105e-4684-b087-4b6333aa3ced: shutdown FollowerState
2019-10-23 22:22:24,190 [Thread-2371] INFO  impl.RaftServerImpl (RaftServerImpl.java:setRole(184)) - aed1b97f-105e-4684-b087-4b6333aa3ced@group-F043E0AED0ED: changes role from  FOLLOWER to CANDIDATE at term 355 for changeToCandidate
2019-10-23 22:22:24,190 [Thread-2371] INFO  impl.RoleInfo (RoleInfo.java:updateAndGet(143)) - aed1b97f-105e-4684-b087-4b6333aa3ced: start LeaderElection
2019-10-23 22:22:24,203 [aed1b97f-105e-4684-b087-4b6333aa3ced@group-F043E0AED0ED-LeaderElection316] INFO  impl.LeaderElection (LeaderElection.java:askForVotes(178)) - aed1b97f-105e-4684-b087-4b6333aa3ced@group-F043E0AED0ED-LeaderElection316: begin an election at term 356 for -1: [aed1b97f-105e-4684-b087-4b6333aa3ced:192.168.157.195:34943, 1c51b35f-55cb-4636-a00c-83d34bf2d9d4:192.168.157.195:34693, d21ee1f1-33f6-483c-a18b-27782ce1915a:192.168.157.195:46462], old=null
2019-10-23 22:22:24,205 [grpc-default-executor-3] INFO  impl.RaftServerImpl (RaftServerImpl.java:setRole(184)) - 1c51b35f-55cb-4636-a00c-83d34bf2d9d4@group-F043E0AED0ED: changes role from  FOLLOWER to FOLLOWER at term 356 for recognizeCandidate:aed1b97f-105e-4684-b087-4b6333aa3ced
2019-10-23 22:22:24,205 [grpc-default-executor-3] INFO  impl.RoleInfo (RoleInfo.java:shutdownFollowerState(121)) - 1c51b35f-55cb-4636-a00c-83d34bf2d9d4: shutdown FollowerState
2019-10-23 22:22:24,205 [grpc-default-executor-4] INFO  impl.RaftServerImpl (RaftServerImpl.java:setRole(184)) - d21ee1f1-33f6-483c-a18b-27782ce1915a@group-F043E0AED0ED: changes role from  FOLLOWER to FOLLOWER at term 356 for recognizeCandidate:aed1b97f-105e-4684-b087-4b6333aa3ced
2019-10-23 22:22:24,206 [Thread-2369] INFO  impl.FollowerState (FollowerState.java:run(117)) - 1c51b35f-55cb-4636-a00c-83d34bf2d9d4@group-F043E0AED0ED-FollowerState was interrupted: java.lang.InterruptedException: sleep interrupted
2019-10-23 22:22:24,206 [grpc-default-executor-3] INFO  impl.RoleInfo (RoleInfo.java:updateAndGet(143)) - 1c51b35f-55cb-4636-a00c-83d34bf2d9d4: start FollowerState
2019-10-23 22:22:24,206 [grpc-default-executor-4] INFO  impl.RoleInfo (RoleInfo.java:shutdownFollowerState(121)) - d21ee1f1-33f6-483c-a18b-27782ce1915a: shutdown FollowerState
2019-10-23 22:22:24,206 [grpc-default-executor-4] INFO  impl.RoleInfo (RoleInfo.java:updateAndGet(143)) - d21ee1f1-33f6-483c-a18b-27782ce1915a: start FollowerState
2019-10-23 22:22:24,206 [Thread-2370] INFO  impl.FollowerState (FollowerState.java:run(117)) - d21ee1f1-33f6-483c-a18b-27782ce1915a@group-F043E0AED0ED-FollowerState was interrupted: java.lang.InterruptedException: sleep interrupted
2019-10-23 22:22:24,224 [aed1b97f-105e-4684-b087-4b6333aa3ced@group-F043E0AED0ED-LeaderElection316] INFO  impl.LeaderElection (LeaderElection.java:logAndReturn(56)) - aed1b97f-105e-4684-b087-4b6333aa3ced@group-F043E0AED0ED-LeaderElection316: Election REJECTED; received 2 response(s) [aed1b97f-105e-4684-b087-4b6333aa3ced<-1c51b35f-55cb-4636-a00c-83d34bf2d9d4#0:FAIL-t356, aed1b97f-105e-4684-b087-4b6333aa3ced<-d21ee1f1-33f6-483c-a18b-27782ce1915a#0:FAIL-t356] and 0 exception(s); aed1b97f-105e-4684-b087-4b6333aa3ced@group-F043E0AED0ED:t356, leader=null, voted=aed1b97f-105e-4684-b087-4b6333aa3ced, raftlog=aed1b97f-105e-4684-b087-4b6333aa3ced@group-F043E0AED0ED-SegmentedRaftLog:OPENED:c-1,f-1,i0, conf=-1: [aed1b97f-105e-4684-b087-4b6333aa3ced:192.168.157.195:34943, 1c51b35f-55cb-4636-a00c-83d34bf2d9d4:192.168.157.195:34693, d21ee1f1-33f6-483c-a18b-27782ce1915a:192.168.157.195:46462], old=null
2019-10-23 22:22:24,224 [aed1b97f-105e-4684-b087-4b6333aa3ced@group-F043E0AED0ED-LeaderElection316] INFO  impl.RaftServerImpl (RaftServerImpl.java:setRole(184)) - aed1b97f-105e-4684-b087-4b6333aa3ced@group-F043E0AED0ED: changes role from CANDIDATE to FOLLOWER at term 356 for DISCOVERED_A_NEW_TERM
2019-10-23 22:22:24,224 [aed1b97f-105e-4684-b087-4b6333aa3ced@group-F043E0AED0ED-LeaderElection316] INFO  impl.RoleInfo (RoleInfo.java:shutdownLeaderElection(134)) - aed1b97f-105e-4684-b087-4b6333aa3ced: shutdown LeaderElection
2019-10-23 22:22:24,225 [aed1b97f-105e-4684-b087-4b6333aa3ced@group-F043E0AED0ED-LeaderElection316] INFO  impl.RoleInfo (RoleInfo.java:updateAndGet(143)) - aed1b97f-105e-4684-b087-4b6333aa3ced: start FollowerState
2019-10-23 22:22:24,417 [Thread-2377] INFO  impl.FollowerState (FollowerState.java:run(108)) - aed1b97f-105e-4684-b087-4b6333aa3ced@group-F043E0AED0ED-FollowerState: change to CANDIDATE, lastRpcTime:192ms, electionTimeout:192ms
2019-10-23 22:22:24,417 [Thread-2377] INFO  impl.RoleInfo (RoleInfo.java:shutdownFollowerState(121)) - aed1b97f-105e-4684-b087-4b6333aa3ced: shutdown FollowerState
2019-10-23 22:22:24,417 [Thread-2377] INFO  impl.RaftServerImpl (RaftServerImpl.java:setRole(184)) - aed1b97f-105e-4684-b087-4b6333aa3ced@group-F043E0AED0ED: changes role from  FOLLOWER to CANDIDATE at term 356 for changeToCandidate
2019-10-23 22:22:24,417 [Thread-2377] INFO  impl.RoleInfo (RoleInfo.java:updateAndGet(143)) - aed1b97f-105e-4684-b087-4b6333aa3ced: start LeaderElection
2019-10-23 22:22:24,431 [aed1b97f-105e-4684-b087-4b6333aa3ced@group-F043E0AED0ED-LeaderElection317] INFO  impl.LeaderElection (LeaderElection.java:askForVotes(178)) - aed1b97f-105e-4684-b087-4b6333aa3ced@group-F043E0AED0ED-LeaderElection317: begin an election at term 357 for -1: [aed1b97f-105e-4684-b087-4b6333aa3ced:192.168.157.195:34943, 1c51b35f-55cb-4636-a00c-83d34bf2d9d4:192.168.157.195:34693, d21ee1f1-33f6-483c-a18b-27782ce1915a:192.168.157.195:46462], old=null
2019-10-23 22:22:24,433 [grpc-default-executor-4] INFO  impl.RaftServerImpl (RaftServerImpl.java:setRole(184)) - 1c51b35f-55cb-4636-a00c-83d34bf2d9d4@group-F043E0AED0ED: changes role from  FOLLOWER to FOLLOWER at term 357 for recognizeCandidate:aed1b97f-105e-4684-b087-4b6333aa3ced
2019-10-23 22:22:24,433 [grpc-default-executor-4] INFO  impl.RoleInfo (RoleInfo.java:shutdownFollowerState(121)) - 1c51b35f-55cb-4636-a00c-83d34bf2d9d4: shutdown FollowerState
2019-10-23 22:22:24,433 [grpc-default-executor-3] INFO  impl.RaftServerImpl (RaftServerImpl.java:setRole(184)) - d21ee1f1-33f6-483c-a18b-27782ce1915a@group-F043E0AED0ED: changes role from  FOLLOWER to FOLLOWER at term 357 for recognizeCandidate:aed1b97f-105e-4684-b087-4b6333aa3ced
2019-10-23 22:22:24,433 [Thread-2375] INFO  impl.FollowerState (FollowerState.java:run(117)) - 1c51b35f-55cb-4636-a00c-83d34bf2d9d4@group-F043E0AED0ED-FollowerState was interrupted: java.lang.InterruptedException: sleep interrupted
2019-10-23 22:22:24,433 [grpc-default-executor-4] INFO  impl.RoleInfo (RoleInfo.java:updateAndGet(143)) - 1c51b35f-55cb-4636-a00c-83d34bf2d9d4: start FollowerState
2019-10-23 22:22:24,434 [grpc-default-executor-3] INFO  impl.RoleInfo (RoleInfo.java:shutdownFollowerState(121)) - d21ee1f1-33f6-483c-a18b-27782ce1915a: shutdown FollowerState
2019-10-23 22:22:24,434 [grpc-default-executor-3] INFO  impl.RoleInfo (RoleInfo.java:updateAndGet(143)) - d21ee1f1-33f6-483c-a18b-27782ce1915a: start FollowerState
2019-10-23 22:22:24,434 [Thread-2376] INFO  impl.FollowerState (FollowerState.java:run(117)) - d21ee1f1-33f6-483c-a18b-27782ce1915a@group-F043E0AED0ED-FollowerState was interrupted: java.lang.InterruptedException: sleep interrupted
2019-10-23 22:22:24,448 [aed1b97f-105e-4684-b087-4b6333aa3ced@group-F043E0AED0ED-LeaderElection317] INFO  impl.LeaderElection (LeaderElection.java:logAndReturn(56)) - aed1b97f-105e-4684-b087-4b6333aa3ced@group-F043E0AED0ED-LeaderElection317: Election REJECTED; received 2 response(s) [aed1b97f-105e-4684-b087-4b6333aa3ced<-1c51b35f-55cb-4636-a00c-83d34bf2d9d4#0:FAIL-t357, aed1b97f-105e-4684-b087-4b6333aa3ced<-d21ee1f1-33f6-483c-a18b-27782ce1915a#0:FAIL-t357] and 0 exception(s); aed1b97f-105e-4684-b087-4b6333aa3ced@group-F043E0AED0ED:t357, leader=null, voted=aed1b97f-105e-4684-b087-4b6333aa3ced, raftlog=aed1b97f-105e-4684-b087-4b6333aa3ced@group-F043E0AED0ED-SegmentedRaftLog:OPENED:c-1,f-1,i0, conf=-1: [aed1b97f-105e-4684-b087-4b6333aa3ced:192.168.157.195:34943, 1c51b35f-55cb-4636-a00c-83d34bf2d9d4:192.168.157.195:34693, d21ee1f1-33f6-483c-a18b-27782ce1915a:192.168.157.195:46462], old=null
2019-10-23 22:22:24,448 [aed1b97f-105e-4684-b087-4b6333aa3ced@group-F043E0AED0ED-LeaderElection317] INFO  impl.RaftServerImpl (RaftServerImpl.java:setRole(184)) - aed1b97f-105e-4684-b087-4b6333aa3ced@group-F043E0AED0ED: changes role from CANDIDATE to FOLLOWER at term 357 for DISCOVERED_A_NEW_TERM
2019-10-23 22:22:24,448 [aed1b97f-105e-4684-b087-4b6333aa3ced@group-F043E0AED0ED-LeaderElection317] INFO  impl.RoleInfo (RoleInfo.java:shutdownLeaderElection(134)) - aed1b97f-105e-4684-b087-4b6333aa3ced: shutdown LeaderElection
2019-10-23 22:22:24,448 [aed1b97f-105e-4684-b087-4b6333aa3ced@group-F043E0AED0ED-LeaderElection317] INFO  impl.RoleInfo (RoleInfo.java:updateAndGet(143)) - aed1b97f-105e-4684-b087-4b6333aa3ced: start FollowerState
2019-10-23 22:22:24,518 [Thread-2383] INFO  impl.FollowerState (FollowerState.java:run(108)) - aed1b97f-105e-4684-b087-4b6333aa3ced@group-F043E0AED0ED-FollowerState: change to CANDIDATE, lastRpcTime:69ms, electionTimeout:69ms
2019-10-23 22:22:24,518 [Thread-2383] INFO  impl.RoleInfo (RoleInfo.java:shutdownFollowerState(121)) - aed1b97f-105e-4684-b087-4b6333aa3ced: shutdown FollowerState
2019-10-23 22:22:24,518 [Thread-2383] INFO  impl.RaftServerImpl (RaftServerImpl.java:setRole(184)) - aed1b97f-105e-4684-b087-4b6333aa3ced@group-F043E0AED0ED: changes role from  FOLLOWER to CANDIDATE at term 357 for changeToCandidate
2019-10-23 22:22:24,518 [Thread-2383] INFO  impl.RoleInfo (RoleInfo.java:updateAndGet(143)) - aed1b97f-105e-4684-b087-4b6333aa3ced: start LeaderElection
2019-10-23 22:22:24,532 [aed1b97f-105e-4684-b087-4b6333aa3ced@group-F043E0AED0ED-LeaderElection318] INFO  impl.LeaderElection (LeaderElection.java:askForVotes(178)) - aed1b97f-105e-4684-b087-4b6333aa3ced@group-F043E0AED0ED-LeaderElection318: begin an election at term 358 for -1: [aed1b97f-105e-4684-b087-4b6333aa3ced:192.168.157.195:34943, 1c51b35f-55cb-4636-a00c-83d34bf2d9d4:192.168.157.195:34693, d21ee1f1-33f6-483c-a18b-27782ce1915a:192.168.157.195:46462], old=null
2019-10-23 22:22:24,534 [grpc-default-executor-3] INFO  impl.RaftServerImpl (RaftServerImpl.java:setRole(184)) - 1c51b35f-55cb-4636-a00c-83d34bf2d9d4@group-F043E0AED0ED: changes role from  FOLLOWER to FOLLOWER at term 358 for recognizeCandidate:aed1b97f-105e-4684-b087-4b6333aa3ced
2019-10-23 22:22:24,535 [grpc-default-executor-4] INFO  impl.RaftServerImpl (RaftServerImpl.java:setRole(184)) - d21ee1f1-33f6-483c-a18b-27782ce1915a@group-F043E0AED0ED: changes role from  FOLLOWER to FOLLOWER at term 358 for recognizeCandidate:aed1b97f-105e-4684-b087-4b6333aa3ced
2019-10-23 22:22:24,535 [grpc-default-executor-4] INFO  impl.RoleInfo (RoleInfo.java:shutdownFollowerState(121)) - d21ee1f1-33f6-483c-a18b-27782ce1915a: shutdown FollowerState
2019-10-23 22:22:24,535 [grpc-default-executor-3] INFO  impl.RoleInfo (RoleInfo.java:shutdownFollowerState(121)) - 1c51b35f-55cb-4636-a00c-83d34bf2d9d4: shutdown FollowerState
2019-10-23 22:22:24,535 [Thread-2382] INFO  impl.FollowerState (FollowerState.java:run(117)) - d21ee1f1-33f6-483c-a18b-27782ce1915a@group-F043E0AED0ED-FollowerState was interrupted: java.lang.InterruptedException: sleep interrupted
2019-10-23 22:22:24,535 [grpc-default-executor-4] INFO  impl.RoleInfo (RoleInfo.java:updateAndGet(143)) - d21ee1f1-33f6-483c-a18b-27782ce1915a: start FollowerState
2019-10-23 22:22:24,535 [Thread-2381] INFO  impl.FollowerState (FollowerState.java:run(117)) - 1c51b35f-55cb-4636-a00c-83d34bf2d9d4@group-F043E0AED0ED-FollowerState was interrupted: java.lang.InterruptedException: sleep interrupted
2019-10-23 22:22:24,535 [grpc-default-executor-3] INFO  impl.RoleInfo (RoleInfo.java:updateAndGet(143)) - 1c51b35f-55cb-4636-a00c-83d34bf2d9d4: start FollowerState
2019-10-23 22:22:24,550 [aed1b97f-105e-4684-b087-4b6333aa3ced@group-F043E0AED0ED-LeaderElection318] INFO  impl.LeaderElection (LeaderElection.java:logAndReturn(56)) - aed1b97f-105e-4684-b087-4b6333aa3ced@group-F043E0AED0ED-LeaderElection318: Election REJECTED; received 2 response(s) [aed1b97f-105e-4684-b087-4b6333aa3ced<-1c51b35f-55cb-4636-a00c-83d34bf2d9d4#0:FAIL-t358, aed1b97f-105e-4684-b087-4b6333aa3ced<-d21ee1f1-33f6-483c-a18b-27782ce1915a#0:FAIL-t358] and 0 exception(s); aed1b97f-105e-4684-b087-4b6333aa3ced@group-F043E0AED0ED:t358, leader=null, voted=aed1b97f-105e-4684-b087-4b6333aa3ced, raftlog=aed1b97f-105e-4684-b087-4b6333aa3ced@group-F043E0AED0ED-SegmentedRaftLog:OPENED:c-1,f-1,i0, conf=-1: [aed1b97f-105e-4684-b087-4b6333aa3ced:192.168.157.195:34943, 1c51b35f-55cb-4636-a00c-83d34bf2d9d4:192.168.157.195:34693, d21ee1f1-33f6-483c-a18b-27782ce1915a:192.168.157.195:46462], old=null
2019-10-23 22:22:24,550 [aed1b97f-105e-4684-b087-4b6333aa3ced@group-F043E0AED0ED-LeaderElection318] INFO  impl.RaftServerImpl (RaftServerImpl.java:setRole(184)) - aed1b97f-105e-4684-b087-4b6333aa3ced@group-F043E0AED0ED: changes role from CANDIDATE to FOLLOWER at term 358 for DISCOVERED_A_NEW_TERM
2019-10-23 22:22:24,550 [aed1b97f-105e-4684-b087-4b6333aa3ced@group-F043E0AED0ED-LeaderElection318] INFO  impl.RoleInfo (RoleInfo.java:shutdownLeaderElection(134)) - aed1b97f-105e-4684-b087-4b6333aa3ced: shutdown LeaderElection
2019-10-23 22:22:24,550 [aed1b97f-105e-4684-b087-4b6333aa3ced@group-F043E0AED0ED-LeaderElection318] INFO  impl.RoleInfo (RoleInfo.java:updateAndGet(143)) - aed1b97f-105e-4684-b087-4b6333aa3ced: start FollowerState
2019-10-23 22:22:24,565 [Thread-2391] INFO  impl.FollowerState (FollowerState.java:run(108)) - aed1b97f-105e-4684-b087-4b6333aa3ced@group-F043E0AED0ED-FollowerState: change to CANDIDATE, lastRpcTime:14ms, electionTimeout:14ms
2019-10-23 22:22:24,565 [Thread-2391] INFO  impl.RoleInfo (RoleInfo.java:shutdownFollowerState(121)) - aed1b97f-105e-4684-b087-4b6333aa3ced: shutdown FollowerState
2019-10-23 22:22:24,565 [Thread-2391] INFO  impl.RaftServerImpl (RaftServerImpl.java:setRole(184)) - aed1b97f-105e-4684-b087-4b6333aa3ced@group-F043E0AED0ED: changes role from  FOLLOWER to CANDIDATE at term 358 for changeToCandidate
2019-10-23 22:22:24,565 [Thread-2391] INFO  impl.RoleInfo (RoleInfo.java:updateAndGet(143)) - aed1b97f-105e-4684-b087-4b6333aa3ced: start LeaderElection
2019-10-23 22:22:24,578 [aed1b97f-105e-4684-b087-4b6333aa3ced@group-F043E0AED0ED-LeaderElection319] INFO  impl.LeaderElection (LeaderElection.java:askForVotes(178)) - aed1b97f-105e-4684-b087-4b6333aa3ced@group-F043E0AED0ED-LeaderElection319: begin an election at term 359 for -1: [aed1b97f-105e-4684-b087-4b6333aa3ced:192.168.157.195:34943, 1c51b35f-55cb-4636-a00c-83d34bf2d9d4:192.168.157.195:34693, d21ee1f1-33f6-483c-a18b-27782ce1915a:192.168.157.195:46462], old=null
2019-10-23 22:22:24,580 [grpc-default-executor-4] INFO  impl.RaftServerImpl (RaftServerImpl.java:setRole(184)) - d21ee1f1-33f6-483c-a18b-27782ce1915a@group-F043E0AED0ED: changes role from  FOLLOWER to FOLLOWER at term 359 for recognizeCandidate:aed1b97f-105e-4684-b087-4b6333aa3ced
2019-10-23 22:22:24,580 [grpc-default-executor-4] INFO  impl.RoleInfo (RoleInfo.java:shutdownFollowerState(121)) - d21ee1f1-33f6-483c-a18b-27782ce1915a: shutdown FollowerState
2019-10-23 22:22:24,580 [grpc-default-executor-3] INFO  impl.RaftServerImpl (RaftServerImpl.java:setRole(184)) - 1c51b35f-55cb-4636-a00c-83d34bf2d9d4@group-F043E0AED0ED: changes role from  FOLLOWER to FOLLOWER at term 359 for recognizeCandidate:aed1b97f-105e-4684-b087-4b6333aa3ced
2019-10-23 22:22:24,580 [grpc-default-executor-3] INFO  impl.RoleInfo (RoleInfo.java:shutdownFollowerState(121)) - 1c51b35f-55cb-4636-a00c-83d34bf2d9d4: shutdown FollowerState
2019-10-23 22:22:24,580 [grpc-default-executor-4] INFO  impl.RoleInfo (RoleInfo.java:updateAndGet(143)) - d21ee1f1-33f6-483c-a18b-27782ce1915a: start FollowerState
2019-10-23 22:22:24,580 [Thread-2389] INFO  impl.FollowerState (FollowerState.java:run(117)) - d21ee1f1-33f6-483c-a18b-27782ce1915a@group-F043E0AED0ED-FollowerState was interrupted: java.lang.InterruptedException: sleep interrupted
2019-10-23 22:22:24,581 [grpc-default-executor-3] INFO  impl.RoleInfo (RoleInfo.java:updateAndGet(143)) - 1c51b35f-55cb-4636-a00c-83d34bf2d9d4: start FollowerState
2019-10-23 22:22:24,581 [Thread-2390] INFO  impl.FollowerState (FollowerState.java:run(117)) - 1c51b35f-55cb-4636-a00c-83d34bf2d9d4@group-F043E0AED0ED-FollowerState was interrupted: java.lang.InterruptedException: sleep interrupted
2019-10-23 22:22:24,595 [aed1b97f-105e-4684-b087-4b6333aa3ced@group-F043E0AED0ED-LeaderElection319] INFO  impl.LeaderElection (LeaderElection.java:logAndReturn(56)) - aed1b97f-105e-4684-b087-4b6333aa3ced@group-F043E0AED0ED-LeaderElection319: Election REJECTED; received 2 response(s) [aed1b97f-105e-4684-b087-4b6333aa3ced<-1c51b35f-55cb-4636-a00c-83d34bf2d9d4#0:FAIL-t359, aed1b97f-105e-4684-b087-4b6333aa3ced<-d21ee1f1-33f6-483c-a18b-27782ce1915a#0:FAIL-t359] and 0 exception(s); aed1b97f-105e-4684-b087-4b6333aa3ced@group-F043E0AED0ED:t359, leader=null, voted=aed1b97f-105e-4684-b087-4b6333aa3ced, raftlog=aed1b97f-105e-4684-b087-4b6333aa3ced@group-F043E0AED0ED-SegmentedRaftLog:OPENED:c-1,f-1,i0, conf=-1: [aed1b97f-105e-4684-b087-4b6333aa3ced:192.168.157.195:34943, 1c51b35f-55cb-4636-a00c-83d34bf2d9d4:192.168.157.195:34693, d21ee1f1-33f6-483c-a18b-27782ce1915a:192.168.157.195:46462], old=null
2019-10-23 22:22:24,595 [aed1b97f-105e-4684-b087-4b6333aa3ced@group-F043E0AED0ED-LeaderElection319] INFO  impl.RaftServerImpl (RaftServerImpl.java:setRole(184)) - aed1b97f-105e-4684-b087-4b6333aa3ced@group-F043E0AED0ED: changes role from CANDIDATE to FOLLOWER at term 359 for DISCOVERED_A_NEW_TERM
2019-10-23 22:22:24,595 [aed1b97f-105e-4684-b087-4b6333aa3ced@group-F043E0AED0ED-LeaderElection319] INFO  impl.RoleInfo (RoleInfo.java:shutdownLeaderElection(134)) - aed1b97f-105e-4684-b087-4b6333aa3ced: shutdown LeaderElection
2019-10-23 22:22:24,595 [aed1b97f-105e-4684-b087-4b6333aa3ced@group-F043E0AED0ED-LeaderElection319] INFO  impl.RoleInfo (RoleInfo.java:updateAndGet(143)) - aed1b97f-105e-4684-b087-4b6333aa3ced: start FollowerState
2019-10-23 22:22:24,760 [Thread-2397] INFO  impl.FollowerState (FollowerState.java:run(108)) - aed1b97f-105e-4684-b087-4b6333aa3ced@group-F043E0AED0ED-FollowerState: change to CANDIDATE, lastRpcTime:165ms, electionTimeout:165ms
2019-10-23 22:22:24,761 [Thread-2397] INFO  impl.RoleInfo (RoleInfo.java:shutdownFollowerState(121)) - aed1b97f-105e-4684-b087-4b6333aa3ced: shutdown FollowerState
2019-10-23 22:22:24,761 [Thread-2397] INFO  impl.RaftServerImpl (RaftServerImpl.java:setRole(184)) - aed1b97f-105e-4684-b087-4b6333aa3ced@group-F043E0AED0ED: changes role from  FOLLOWER to CANDIDATE at term 359 for changeToCandidate
2019-10-23 22:22:24,761 [Thread-2397] INFO  impl.RoleInfo (RoleInfo.java:updateAndGet(143)) - aed1b97f-105e-4684-b087-4b6333aa3ced: start LeaderElection
2019-10-23 22:22:24,775 [aed1b97f-105e-4684-b087-4b6333aa3ced@group-F043E0AED0ED-LeaderElection320] INFO  impl.LeaderElection (LeaderElection.java:askForVotes(178)) - aed1b97f-105e-4684-b087-4b6333aa3ced@group-F043E0AED0ED-LeaderElection320: begin an election at term 360 for -1: [aed1b97f-105e-4684-b087-4b6333aa3ced:192.168.157.195:34943, 1c51b35f-55cb-4636-a00c-83d34bf2d9d4:192.168.157.195:34693, d21ee1f1-33f6-483c-a18b-27782ce1915a:192.168.157.195:46462], old=null
2019-10-23 22:22:24,777 [grpc-default-executor-3] INFO  impl.RaftServerImpl (RaftServerImpl.java:setRole(184)) - d21ee1f1-33f6-483c-a18b-27782ce1915a@group-F043E0AED0ED: changes role from  FOLLOWER to FOLLOWER at term 360 for recognizeCandidate:aed1b97f-105e-4684-b087-4b6333aa3ced
2019-10-23 22:22:24,777 [grpc-default-executor-3] INFO  impl.RoleInfo (RoleInfo.java:shutdownFollowerState(121)) - d21ee1f1-33f6-483c-a18b-27782ce1915a: shutdown FollowerState
2019-10-23 22:22:24,777 [grpc-default-executor-3] INFO  impl.RoleInfo (RoleInfo.java:updateAndGet(143)) - d21ee1f1-33f6-483c-a18b-27782ce1915a: start FollowerState
2019-10-23 22:22:24,777 [Thread-2395] INFO  impl.FollowerState (FollowerState.java:run(117)) - d21ee1f1-33f6-483c-a18b-27782ce1915a@group-F043E0AED0ED-FollowerState was interrupted: java.lang.InterruptedException: sleep interrupted
2019-10-23 22:22:24,777 [grpc-default-executor-4] INFO  impl.RaftServerImpl (RaftServerImpl.java:setRole(184)) - 1c51b35f-55cb-4636-a00c-83d34bf2d9d4@group-F043E0AED0ED: changes role from  FOLLOWER to FOLLOWER at term 360 for recognizeCandidate:aed1b97f-105e-4684-b087-4b6333aa3ced
2019-10-23 22:22:24,777 [grpc-default-executor-4] INFO  impl.RoleInfo (RoleInfo.java:shutdownFollowerState(121)) - 1c51b35f-55cb-4636-a00c-83d34bf2d9d4: shutdown FollowerState
2019-10-23 22:22:24,778 [grpc-default-executor-4] INFO  impl.RoleInfo (RoleInfo.java:updateAndGet(143)) - 1c51b35f-55cb-4636-a00c-83d34bf2d9d4: start FollowerState
2019-10-23 22:22:24,778 [Thread-2396] INFO  impl.FollowerState (FollowerState.java:run(117)) - 1c51b35f-55cb-4636-a00c-83d34bf2d9d4@group-F043E0AED0ED-FollowerState was interrupted: java.lang.InterruptedException: sleep interrupted
2019-10-23 22:22:24,791 [aed1b97f-105e-4684-b087-4b6333aa3ced@group-F043E0AED0ED-LeaderElection320] INFO  impl.LeaderElection (LeaderElection.java:logAndReturn(56)) - aed1b97f-105e-4684-b087-4b6333aa3ced@group-F043E0AED0ED-LeaderElection320: Election REJECTED; received 2 response(s) [aed1b97f-105e-4684-b087-4b6333aa3ced<-1c51b35f-55cb-4636-a00c-83d34bf2d9d4#0:FAIL-t360, aed1b97f-105e-4684-b087-4b6333aa3ced<-d21ee1f1-33f6-483c-a18b-27782ce1915a#0:FAIL-t360] and 0 exception(s); aed1b97f-105e-4684-b087-4b6333aa3ced@group-F043E0AED0ED:t360, leader=null, voted=aed1b97f-105e-4684-b087-4b6333aa3ced, raftlog=aed1b97f-105e-4684-b087-4b6333aa3ced@group-F043E0AED0ED-SegmentedRaftLog:OPENED:c-1,f-1,i0, conf=-1: [aed1b97f-105e-4684-b087-4b6333aa3ced:192.168.157.195:34943, 1c51b35f-55cb-4636-a00c-83d34bf2d9d4:192.168.157.195:34693, d21ee1f1-33f6-483c-a18b-27782ce1915a:192.168.157.195:46462], old=null
2019-10-23 22:22:24,791 [aed1b97f-105e-4684-b087-4b6333aa3ced@group-F043E0AED0ED-LeaderElection320] INFO  impl.RaftServerImpl (RaftServerImpl.java:setRole(184)) - aed1b97f-105e-4684-b087-4b6333aa3ced@group-F043E0AED0ED: changes role from CANDIDATE to FOLLOWER at term 360 for DISCOVERED_A_NEW_TERM
2019-10-23 22:22:24,791 [aed1b97f-105e-4684-b087-4b6333aa3ced@group-F043E0AED0ED-LeaderElection320] INFO  impl.RoleInfo (RoleInfo.java:shutdownLeaderElection(134)) - aed1b97f-105e-4684-b087-4b6333aa3ced: shutdown LeaderElection
2019-10-23 22:22:24,791 [aed1b97f-105e-4684-b087-4b6333aa3ced@group-F043E0AED0ED-LeaderElection320] INFO  impl.RoleInfo (RoleInfo.java:updateAndGet(143)) - aed1b97f-105e-4684-b087-4b6333aa3ced: start FollowerState
2019-10-23 22:22:24,896 [Thread-2403] INFO  impl.FollowerState (FollowerState.java:run(108)) - aed1b97f-105e-4684-b087-4b6333aa3ced@group-F043E0AED0ED-FollowerState: change to CANDIDATE, lastRpcTime:104ms, electionTimeout:104ms
2019-10-23 22:22:24,896 [Thread-2403] INFO  impl.RoleInfo (RoleInfo.java:shutdownFollowerState(121)) - aed1b97f-105e-4684-b087-4b6333aa3ced: shutdown FollowerState
2019-10-23 22:22:24,896 [Thread-2403] INFO  impl.RaftServerImpl (RaftServerImpl.java:setRole(184)) - aed1b97f-105e-4684-b087-4b6333aa3ced@group-F043E0AED0ED: changes role from  FOLLOWER to CANDIDATE at term 360 for changeToCandidate
2019-10-23 22:22:24,896 [Thread-2403] INFO  impl.RoleInfo (RoleInfo.java:updateAndGet(143)) - aed1b97f-105e-4684-b087-4b6333aa3ced: start LeaderElection
2019-10-23 22:22:24,910 [aed1b97f-105e-4684-b087-4b6333aa3ced@group-F043E0AED0ED-LeaderElection321] INFO  impl.LeaderElection (LeaderElection.java:askForVotes(178)) - aed1b97f-105e-4684-b087-4b6333aa3ced@group-F043E0AED0ED-LeaderElection321: begin an election at term 361 for -1: [aed1b97f-105e-4684-b087-4b6333aa3ced:192.168.157.195:34943, 1c51b35f-55cb-4636-a00c-83d34bf2d9d4:192.168.157.195:34693, d21ee1f1-33f6-483c-a18b-27782ce1915a:192.168.157.195:46462], old=null
2019-10-23 22:22:24,912 [grpc-default-executor-4] INFO  impl.RaftServerImpl (RaftServerImpl.java:setRole(184)) - d21ee1f1-33f6-483c-a18b-27782ce1915a@group-F043E0AED0ED: changes role from  FOLLOWER to FOLLOWER at term 361 for recognizeCandidate:aed1b97f-105e-4684-b087-4b6333aa3ced
2019-10-23 22:22:24,912 [grpc-default-executor-4] INFO  impl.RoleInfo (RoleInfo.java:shutdownFollowerState(121)) - d21ee1f1-33f6-483c-a18b-27782ce1915a: shutdown FollowerState
2019-10-23 22:22:24,912 [grpc-default-executor-3] INFO  impl.RaftServerImpl (RaftServerImpl.java:setRole(184)) - 1c51b35f-55cb-4636-a00c-83d34bf2d9d4@group-F043E0AED0ED: changes role from  FOLLOWER to FOLLOWER at term 361 for recognizeCandidate:aed1b97f-105e-4684-b087-4b6333aa3ced
2019-10-23 22:22:24,912 [Thread-2401] INFO  impl.FollowerState (FollowerState.java:run(117)) - d21ee1f1-33f6-483c-a18b-27782ce1915a@group-F043E0AED0ED-FollowerState was interrupted: java.lang.InterruptedException: sleep interrupted
2019-10-23 22:22:24,912 [grpc-default-executor-4] INFO  impl.RoleInfo (RoleInfo.java:updateAndGet(143)) - d21ee1f1-33f6-483c-a18b-27782ce1915a: start FollowerState
2019-10-23 22:22:24,912 [grpc-default-executor-3] INFO  impl.RoleInfo (RoleInfo.java:shutdownFollowerState(121)) - 1c51b35f-55cb-4636-a00c-83d34bf2d9d4: shutdown FollowerState
2019-10-23 22:22:24,913 [grpc-default-executor-3] INFO  impl.RoleInfo (RoleInfo.java:updateAndGet(143)) - 1c51b35f-55cb-4636-a00c-83d34bf2d9d4: start FollowerState
2019-10-23 22:22:24,913 [Thread-2402] INFO  impl.FollowerState (FollowerState.java:run(117)) - 1c51b35f-55cb-4636-a00c-83d34bf2d9d4@group-F043E0AED0ED-FollowerState was interrupted: java.lang.InterruptedException: sleep interrupted
2019-10-23 22:22:24,928 [aed1b97f-105e-4684-b087-4b6333aa3ced@group-F043E0AED0ED-LeaderElection321] INFO  impl.LeaderElection (LeaderElection.java:logAndReturn(56)) - aed1b97f-105e-4684-b087-4b6333aa3ced@group-F043E0AED0ED-LeaderElection321: Election REJECTED; received 2 response(s) [aed1b97f-105e-4684-b087-4b6333aa3ced<-1c51b35f-55cb-4636-a00c-83d34bf2d9d4#0:FAIL-t361, aed1b97f-105e-4684-b087-4b6333aa3ced<-d21ee1f1-33f6-483c-a18b-27782ce1915a#0:FAIL-t361] and 0 exception(s); aed1b97f-105e-4684-b087-4b6333aa3ced@group-F043E0AED0ED:t361, leader=null, voted=aed1b97f-105e-4684-b087-4b6333aa3ced, raftlog=aed1b97f-105e-4684-b087-4b6333aa3ced@group-F043E0AED0ED-SegmentedRaftLog:OPENED:c-1,f-1,i0, conf=-1: [aed1b97f-105e-4684-b087-4b6333aa3ced:192.168.157.195:34943, 1c51b35f-55cb-4636-a00c-83d34bf2d9d4:192.168.157.195:34693, d21ee1f1-33f6-483c-a18b-27782ce1915a:192.168.157.195:46462], old=null
2019-10-23 22:22:24,928 [aed1b97f-105e-4684-b087-4b6333aa3ced@group-F043E0AED0ED-LeaderElection321] INFO  impl.RaftServerImpl (RaftServerImpl.java:setRole(184)) - aed1b97f-105e-4684-b087-4b6333aa3ced@group-F043E0AED0ED: changes role from CANDIDATE to FOLLOWER at term 361 for DISCOVERED_A_NEW_TERM
2019-10-23 22:22:24,928 [aed1b97f-105e-4684-b087-4b6333aa3ced@group-F043E0AED0ED-LeaderElection321] INFO  impl.RoleInfo (RoleInfo.java:shutdownLeaderElection(134)) - aed1b97f-105e-4684-b087-4b6333aa3ced: shutdown LeaderElection
2019-10-23 22:22:24,928 [aed1b97f-105e-4684-b087-4b6333aa3ced@group-F043E0AED0ED-LeaderElection321] INFO  impl.RoleInfo (RoleInfo.java:updateAndGet(143)) - aed1b97f-105e-4684-b087-4b6333aa3ced: start FollowerState
2019-10-23 22:22:25,017 [Thread-2409] INFO  impl.FollowerState (FollowerState.java:run(108)) - aed1b97f-105e-4684-b087-4b6333aa3ced@group-F043E0AED0ED-FollowerState: change to CANDIDATE, lastRpcTime:89ms, electionTimeout:89ms
2019-10-23 22:22:25,018 [Thread-2409] INFO  impl.RoleInfo (RoleInfo.java:shutdownFollowerState(121)) - aed1b97f-105e-4684-b087-4b6333aa3ced: shutdown FollowerState
2019-10-23 22:22:25,018 [Thread-2409] INFO  impl.RaftServerImpl (RaftServerImpl.java:setRole(184)) - aed1b97f-105e-4684-b087-4b6333aa3ced@group-F043E0AED0ED: changes role from  FOLLOWER to CANDIDATE at term 361 for changeToCandidate
2019-10-23 22:22:25,018 [Thread-2409] INFO  impl.RoleInfo (RoleInfo.java:updateAndGet(143)) - aed1b97f-105e-4684-b087-4b6333aa3ced: start LeaderElection
2019-10-23 22:22:25,033 [aed1b97f-105e-4684-b087-4b6333aa3ced@group-F043E0AED0ED-LeaderElection322] INFO  impl.LeaderElection (LeaderElection.java:askForVotes(178)) - aed1b97f-105e-4684-b087-4b6333aa3ced@group-F043E0AED0ED-LeaderElection322: begin an election at term 362 for -1: [aed1b97f-105e-4684-b087-4b6333aa3ced:192.168.157.195:34943, 1c51b35f-55cb-4636-a00c-83d34bf2d9d4:192.168.157.195:34693, d21ee1f1-33f6-483c-a18b-27782ce1915a:192.168.157.195:46462], old=null
2019-10-23 22:22:25,035 [grpc-default-executor-3] INFO  impl.RaftServerImpl (RaftServerImpl.java:setRole(184)) - 1c51b35f-55cb-4636-a00c-83d34bf2d9d4@group-F043E0AED0ED: changes role from  FOLLOWER to FOLLOWER at term 362 for recognizeCandidate:aed1b97f-105e-4684-b087-4b6333aa3ced
2019-10-23 22:22:25,035 [grpc-default-executor-4] INFO  impl.RaftServerImpl (RaftServerImpl.java:setRole(184)) - d21ee1f1-33f6-483c-a18b-27782ce1915a@group-F043E0AED0ED: changes role from  FOLLOWER to FOLLOWER at term 362 for recognizeCandidate:aed1b97f-105e-4684-b087-4b6333aa3ced
2019-10-23 22:22:25,035 [grpc-default-executor-4] INFO  impl.RoleInfo (RoleInfo.java:shutdownFollowerState(121)) - d21ee1f1-33f6-483c-a18b-27782ce1915a: shutdown FollowerState
2019-10-23 22:22:25,035 [grpc-default-executor-3] INFO  impl.RoleInfo (RoleInfo.java:shutdownFollowerState(121)) - 1c51b35f-55cb-4636-a00c-83d34bf2d9d4: shutdown FollowerState
2019-10-23 22:22:25,035 [Thread-2407] INFO  impl.FollowerState (FollowerState.java:run(117)) - d21ee1f1-33f6-483c-a18b-27782ce1915a@group-F043E0AED0ED-FollowerState was interrupted: java.lang.InterruptedException: sleep interrupted
2019-10-23 22:22:25,035 [grpc-default-executor-4] INFO  impl.RoleInfo (RoleInfo.java:updateAndGet(143)) - d21ee1f1-33f6-483c-a18b-27782ce1915a: start FollowerState
2019-10-23 22:22:25,035 [Thread-2408] INFO  impl.FollowerState (FollowerState.java:run(117)) - 1c51b35f-55cb-4636-a00c-83d34bf2d9d4@group-F043E0AED0ED-FollowerState was interrupted: java.lang.InterruptedException: sleep interrupted
2019-10-23 22:22:25,035 [grpc-default-executor-3] INFO  impl.RoleInfo (RoleInfo.java:updateAndGet(143)) - 1c51b35f-55cb-4636-a00c-83d34bf2d9d4: start FollowerState
2019-10-23 22:22:25,050 [aed1b97f-105e-4684-b087-4b6333aa3ced@group-F043E0AED0ED-LeaderElection322] INFO  impl.LeaderElection (LeaderElection.java:logAndReturn(56)) - aed1b97f-105e-4684-b087-4b6333aa3ced@group-F043E0AED0ED-LeaderElection322: Election REJECTED; received 2 response(s) [aed1b97f-105e-4684-b087-4b6333aa3ced<-1c51b35f-55cb-4636-a00c-83d34bf2d9d4#0:FAIL-t362, aed1b97f-105e-4684-b087-4b6333aa3ced<-d21ee1f1-33f6-483c-a18b-27782ce1915a#0:FAIL-t362] and 0 exception(s); aed1b97f-105e-4684-b087-4b6333aa3ced@group-F043E0AED0ED:t362, leader=null, voted=aed1b97f-105e-4684-b087-4b6333aa3ced, raftlog=aed1b97f-105e-4684-b087-4b6333aa3ced@group-F043E0AED0ED-SegmentedRaftLog:OPENED:c-1,f-1,i0, conf=-1: [aed1b97f-105e-4684-b087-4b6333aa3ced:192.168.157.195:34943, 1c51b35f-55cb-4636-a00c-83d34bf2d9d4:192.168.157.195:34693, d21ee1f1-33f6-483c-a18b-27782ce1915a:192.168.157.195:46462], old=null
2019-10-23 22:22:25,050 [aed1b97f-105e-4684-b087-4b6333aa3ced@group-F043E0AED0ED-LeaderElection322] INFO  impl.RaftServerImpl (RaftServerImpl.java:setRole(184)) - aed1b97f-105e-4684-b087-4b6333aa3ced@group-F043E0AED0ED: changes role from CANDIDATE to FOLLOWER at term 362 for DISCOVERED_A_NEW_TERM
2019-10-23 22:22:25,050 [aed1b97f-105e-4684-b087-4b6333aa3ced@group-F043E0AED0ED-LeaderElection322] INFO  impl.RoleInfo (RoleInfo.java:shutdownLeaderElection(134)) - aed1b97f-105e-4684-b087-4b6333aa3ced: shutdown LeaderElection
2019-10-23 22:22:25,050 [aed1b97f-105e-4684-b087-4b6333aa3ced@group-F043E0AED0ED-LeaderElection322] INFO  impl.RoleInfo (RoleInfo.java:updateAndGet(143)) - aed1b97f-105e-4684-b087-4b6333aa3ced: start FollowerState
2019-10-23 22:22:25,204 [Thread-2415] INFO  impl.FollowerState (FollowerState.java:run(108)) - aed1b97f-105e-4684-b087-4b6333aa3ced@group-F043E0AED0ED-FollowerState: change to CANDIDATE, lastRpcTime:153ms, electionTimeout:153ms
2019-10-23 22:22:25,204 [Thread-2415] INFO  impl.RoleInfo (RoleInfo.java:shutdownFollowerState(121)) - aed1b97f-105e-4684-b087-4b6333aa3ced: shutdown FollowerState
2019-10-23 22:22:25,204 [Thread-2415] INFO  impl.RaftServerImpl (RaftServerImpl.java:setRole(184)) - aed1b97f-105e-4684-b087-4b6333aa3ced@group-F043E0AED0ED: changes role from  FOLLOWER to CANDIDATE at term 362 for changeToCandidate
2019-10-23 22:22:25,204 [Thread-2415] INFO  impl.RoleInfo (RoleInfo.java:updateAndGet(143)) - aed1b97f-105e-4684-b087-4b6333aa3ced: start LeaderElection
2019-10-23 22:22:25,219 [aed1b97f-105e-4684-b087-4b6333aa3ced@group-F043E0AED0ED-LeaderElection323] INFO  impl.LeaderElection (LeaderElection.java:askForVotes(178)) - aed1b97f-105e-4684-b087-4b6333aa3ced@group-F043E0AED0ED-LeaderElection323: begin an election at term 363 for -1: [aed1b97f-105e-4684-b087-4b6333aa3ced:192.168.157.195:34943, 1c51b35f-55cb-4636-a00c-83d34bf2d9d4:192.168.157.195:34693, d21ee1f1-33f6-483c-a18b-27782ce1915a:192.168.157.195:46462], old=null
2019-10-23 22:22:25,221 [grpc-default-executor-3] INFO  impl.RaftServerImpl (RaftServerImpl.java:setRole(184)) - 1c51b35f-55cb-4636-a00c-83d34bf2d9d4@group-F043E0AED0ED: changes role from  FOLLOWER to FOLLOWER at term 363 for recognizeCandidate:aed1b97f-105e-4684-b087-4b6333aa3ced
2019-10-23 22:22:25,221 [grpc-default-executor-4] INFO  impl.RaftServerImpl (RaftServerImpl.java:setRole(184)) - d21ee1f1-33f6-483c-a18b-27782ce1915a@group-F043E0AED0ED: changes role from  FOLLOWER to FOLLOWER at term 363 for recognizeCandidate:aed1b97f-105e-4684-b087-4b6333aa3ced
2019-10-23 22:22:25,222 [grpc-default-executor-4] INFO  impl.RoleInfo (RoleInfo.java:shutdownFollowerState(121)) - d21ee1f1-33f6-483c-a18b-27782ce1915a: shutdown FollowerState
2019-10-23 22:22:25,221 [grpc-default-executor-3] INFO  impl.RoleInfo (RoleInfo.java:shutdownFollowerState(121)) - 1c51b35f-55cb-4636-a00c-83d34bf2d9d4: shutdown FollowerState
2019-10-23 22:22:25,222 [Thread-2413] INFO  impl.FollowerState (FollowerState.java:run(117)) - d21ee1f1-33f6-483c-a18b-27782ce1915a@group-F043E0AED0ED-FollowerState was interrupted: java.lang.InterruptedException: sleep interrupted
2019-10-23 22:22:25,222 [grpc-default-executor-4] INFO  impl.RoleInfo (RoleInfo.java:updateAndGet(143)) - d21ee1f1-33f6-483c-a18b-27782ce1915a: start FollowerState
2019-10-23 22:22:25,222 [Thread-2414] INFO  impl.FollowerState (FollowerState.java:run(117)) - 1c51b35f-55cb-4636-a00c-83d34bf2d9d4@group-F043E0AED0ED-FollowerState was interrupted: java.lang.InterruptedException: sleep interrupted
2019-10-23 22:22:25,222 [grpc-default-executor-3] INFO  impl.RoleInfo (RoleInfo.java:updateAndGet(143)) - 1c51b35f-55cb-4636-a00c-83d34bf2d9d4: start FollowerState
2019-10-23 22:22:25,236 [aed1b97f-105e-4684-b087-4b6333aa3ced@group-F043E0AED0ED-LeaderElection323] INFO  impl.LeaderElection (LeaderElection.java:logAndReturn(56)) - aed1b97f-105e-4684-b087-4b6333aa3ced@group-F043E0AED0ED-LeaderElection323: Election REJECTED; received 2 response(s) [aed1b97f-105e-4684-b087-4b6333aa3ced<-1c51b35f-55cb-4636-a00c-83d34bf2d9d4#0:FAIL-t363, aed1b97f-105e-4684-b087-4b6333aa3ced<-d21ee1f1-33f6-483c-a18b-27782ce1915a#0:FAIL-t363] and 0 exception(s); aed1b97f-105e-4684-b087-4b6333aa3ced@group-F043E0AED0ED:t363, leader=null, voted=aed1b97f-105e-4684-b087-4b6333aa3ced, raftlog=aed1b97f-105e-4684-b087-4b6333aa3ced@group-F043E0AED0ED-SegmentedRaftLog:OPENED:c-1,f-1,i0, conf=-1: [aed1b97f-105e-4684-b087-4b6333aa3ced:192.168.157.195:34943, 1c51b35f-55cb-4636-a00c-83d34bf2d9d4:192.168.157.195:34693, d21ee1f1-33f6-483c-a18b-27782ce1915a:192.168.157.195:46462], old=null
2019-10-23 22:22:25,236 [aed1b97f-105e-4684-b087-4b6333aa3ced@group-F043E0AED0ED-LeaderElection323] INFO  impl.RaftServerImpl (RaftServerImpl.java:setRole(184)) - aed1b97f-105e-4684-b087-4b6333aa3ced@group-F043E0AED0ED: changes role from CANDIDATE to FOLLOWER at term 363 for DISCOVERED_A_NEW_TERM
2019-10-23 22:22:25,237 [aed1b97f-105e-4684-b087-4b6333aa3ced@group-F043E0AED0ED-LeaderElection323] INFO  impl.RoleInfo (RoleInfo.java:shutdownLeaderElection(134)) - aed1b97f-105e-4684-b087-4b6333aa3ced: shutdown LeaderElection
2019-10-23 22:22:25,237 [aed1b97f-105e-4684-b087-4b6333aa3ced@group-F043E0AED0ED-LeaderElection323] INFO  impl.RoleInfo (RoleInfo.java:updateAndGet(143)) - aed1b97f-105e-4684-b087-4b6333aa3ced: start FollowerState
2019-10-23 22:22:25,425 [Thread-2421] INFO  impl.FollowerState (FollowerState.java:run(108)) - aed1b97f-105e-4684-b087-4b6333aa3ced@group-F043E0AED0ED-FollowerState: change to CANDIDATE, lastRpcTime:188ms, electionTimeout:188ms
2019-10-23 22:22:25,425 [Thread-2421] INFO  impl.RoleInfo (RoleInfo.java:shutdownFollowerState(121)) - aed1b97f-105e-4684-b087-4b6333aa3ced: shutdown FollowerState
2019-10-23 22:22:25,425 [Thread-2421] INFO  impl.RaftServerImpl (RaftServerImpl.java:setRole(184)) - aed1b97f-105e-4684-b087-4b6333aa3ced@group-F043E0AED0ED: changes role from  FOLLOWER to CANDIDATE at term 363 for changeToCandidate
2019-10-23 22:22:25,426 [Thread-2421] INFO  impl.RoleInfo (RoleInfo.java:updateAndGet(143)) - aed1b97f-105e-4684-b087-4b6333aa3ced: start LeaderElection
2019-10-23 22:22:25,452 [aed1b97f-105e-4684-b087-4b6333aa3ced@group-F043E0AED0ED-LeaderElection324] INFO  impl.LeaderElection (LeaderElection.java:askForVotes(178)) - aed1b97f-105e-4684-b087-4b6333aa3ced@group-F043E0AED0ED-LeaderElection324: begin an election at term 364 for -1: [aed1b97f-105e-4684-b087-4b6333aa3ced:192.168.157.195:34943, 1c51b35f-55cb-4636-a00c-83d34bf2d9d4:192.168.157.195:34693, d21ee1f1-33f6-483c-a18b-27782ce1915a:192.168.157.195:46462], old=null
2019-10-23 22:22:25,453 [grpc-default-executor-3] INFO  impl.RaftServerImpl (RaftServerImpl.java:setRole(184)) - 1c51b35f-55cb-4636-a00c-83d34bf2d9d4@group-F043E0AED0ED: changes role from  FOLLOWER to FOLLOWER at term 364 for recognizeCandidate:aed1b97f-105e-4684-b087-4b6333aa3ced
2019-10-23 22:22:25,453 [grpc-default-executor-4] INFO  impl.RaftServerImpl (RaftServerImpl.java:setRole(184)) - d21ee1f1-33f6-483c-a18b-27782ce1915a@group-F043E0AED0ED: changes role from  FOLLOWER to FOLLOWER at term 364 for recognizeCandidate:aed1b97f-105e-4684-b087-4b6333aa3ced
2019-10-23 22:22:25,454 [grpc-default-executor-4] INFO  impl.RoleInfo (RoleInfo.java:shutdownFollowerState(121)) - d21ee1f1-33f6-483c-a18b-27782ce1915a: shutdown FollowerState
2019-10-23 22:22:25,454 [grpc-default-executor-3] INFO  impl.RoleInfo (RoleInfo.java:shutdownFollowerState(121)) - 1c51b35f-55cb-4636-a00c-83d34bf2d9d4: shutdown FollowerState
2019-10-23 22:22:25,454 [Thread-2419] INFO  impl.FollowerState (FollowerState.java:run(117)) - d21ee1f1-33f6-483c-a18b-27782ce1915a@group-F043E0AED0ED-FollowerState was interrupted: java.lang.InterruptedException: sleep interrupted
2019-10-23 22:22:25,454 [Thread-2420] INFO  impl.FollowerState (FollowerState.java:run(117)) - 1c51b35f-55cb-4636-a00c-83d34bf2d9d4@group-F043E0AED0ED-FollowerState was interrupted: java.lang.InterruptedException: sleep interrupted
2019-10-23 22:22:25,454 [grpc-default-executor-4] INFO  impl.RoleInfo (RoleInfo.java:updateAndGet(143)) - d21ee1f1-33f6-483c-a18b-27782ce1915a: start FollowerState
2019-10-23 22:22:25,454 [grpc-default-executor-3] INFO  impl.RoleInfo (RoleInfo.java:updateAndGet(143)) - 1c51b35f-55cb-4636-a00c-83d34bf2d9d4: start FollowerState
2019-10-23 22:22:25,468 [aed1b97f-105e-4684-b087-4b6333aa3ced@group-F043E0AED0ED-LeaderElection324] INFO  impl.LeaderElection (LeaderElection.java:logAndReturn(56)) - aed1b97f-105e-4684-b087-4b6333aa3ced@group-F043E0AED0ED-LeaderElection324: Election REJECTED; received 2 response(s) [aed1b97f-105e-4684-b087-4b6333aa3ced<-1c51b35f-55cb-4636-a00c-83d34bf2d9d4#0:FAIL-t364, aed1b97f-105e-4684-b087-4b6333aa3ced<-d21ee1f1-33f6-483c-a18b-27782ce1915a#0:FAIL-t364] and 0 exception(s); aed1b97f-105e-4684-b087-4b6333aa3ced@group-F043E0AED0ED:t364, leader=null, voted=aed1b97f-105e-4684-b087-4b6333aa3ced, raftlog=aed1b97f-105e-4684-b087-4b6333aa3ced@group-F043E0AED0ED-SegmentedRaftLog:OPENED:c-1,f-1,i0, conf=-1: [aed1b97f-105e-4684-b087-4b6333aa3ced:192.168.157.195:34943, 1c51b35f-55cb-4636-a00c-83d34bf2d9d4:192.168.157.195:34693, d21ee1f1-33f6-483c-a18b-27782ce1915a:192.168.157.195:46462], old=null
2019-10-23 22:22:25,469 [aed1b97f-105e-4684-b087-4b6333aa3ced@group-F043E0AED0ED-LeaderElection324] INFO  impl.RaftServerImpl (RaftServerImpl.java:setRole(184)) - aed1b97f-105e-4684-b087-4b6333aa3ced@group-F043E0AED0ED: changes role from CANDIDATE to FOLLOWER at term 364 for DISCOVERED_A_NEW_TERM
2019-10-23 22:22:25,469 [aed1b97f-105e-4684-b087-4b6333aa3ced@group-F043E0AED0ED-LeaderElection324] INFO  impl.RoleInfo (RoleInfo.java:shutdownLeaderElection(134)) - aed1b97f-105e-4684-b087-4b6333aa3ced: shutdown LeaderElection
2019-10-23 22:22:25,469 [aed1b97f-105e-4684-b087-4b6333aa3ced@group-F043E0AED0ED-LeaderElection324] INFO  impl.RoleInfo (RoleInfo.java:updateAndGet(143)) - aed1b97f-105e-4684-b087-4b6333aa3ced: start FollowerState
2019-10-23 22:22:25,635 [Thread-2427] INFO  impl.FollowerState (FollowerState.java:run(108)) - aed1b97f-105e-4684-b087-4b6333aa3ced@group-F043E0AED0ED-FollowerState: change to CANDIDATE, lastRpcTime:166ms, electionTimeout:166ms
2019-10-23 22:22:25,635 [Thread-2427] INFO  impl.RoleInfo (RoleInfo.java:shutdownFollowerState(121)) - aed1b97f-105e-4684-b087-4b6333aa3ced: shutdown FollowerState
2019-10-23 22:22:25,636 [Thread-2427] INFO  impl.RaftServerImpl (RaftServerImpl.java:setRole(184)) - aed1b97f-105e-4684-b087-4b6333aa3ced@group-F043E0AED0ED: changes role from  FOLLOWER to CANDIDATE at term 364 for changeToCandidate
2019-10-23 22:22:25,636 [Thread-2427] INFO  impl.RoleInfo (RoleInfo.java:updateAndGet(143)) - aed1b97f-105e-4684-b087-4b6333aa3ced: start LeaderElection
2019-10-23 22:22:25,650 [aed1b97f-105e-4684-b087-4b6333aa3ced@group-F043E0AED0ED-LeaderElection325] INFO  impl.LeaderElection (LeaderElection.java:askForVotes(178)) - aed1b97f-105e-4684-b087-4b6333aa3ced@group-F043E0AED0ED-LeaderElection325: begin an election at term 365 for -1: [aed1b97f-105e-4684-b087-4b6333aa3ced:192.168.157.195:34943, 1c51b35f-55cb-4636-a00c-83d34bf2d9d4:192.168.157.195:34693, d21ee1f1-33f6-483c-a18b-27782ce1915a:192.168.157.195:46462], old=null
2019-10-23 22:22:25,651 [grpc-default-executor-4] INFO  impl.RaftServerImpl (RaftServerImpl.java:setRole(184)) - 1c51b35f-55cb-4636-a00c-83d34bf2d9d4@group-F043E0AED0ED: changes role from  FOLLOWER to FOLLOWER at term 365 for recognizeCandidate:aed1b97f-105e-4684-b087-4b6333aa3ced
2019-10-23 22:22:25,652 [grpc-default-executor-3] INFO  impl.RaftServerImpl (RaftServerImpl.java:setRole(184)) - d21ee1f1-33f6-483c-a18b-27782ce1915a@group-F043E0AED0ED: changes role from  FOLLOWER to FOLLOWER at term 365 for recognizeCandidate:aed1b97f-105e-4684-b087-4b6333aa3ced
2019-10-23 22:22:25,652 [grpc-default-executor-4] INFO  impl.RoleInfo (RoleInfo.java:shutdownFollowerState(121)) - 1c51b35f-55cb-4636-a00c-83d34bf2d9d4: shutdown FollowerState
2019-10-23 22:22:25,652 [grpc-default-executor-3] INFO  impl.RoleInfo (RoleInfo.java:shutdownFollowerState(121)) - d21ee1f1-33f6-483c-a18b-27782ce1915a: shutdown FollowerState
2019-10-23 22:22:25,652 [Thread-2426] INFO  impl.FollowerState (FollowerState.java:run(117)) - 1c51b35f-55cb-4636-a00c-83d34bf2d9d4@group-F043E0AED0ED-FollowerState was interrupted: java.lang.InterruptedException: sleep interrupted
2019-10-23 22:22:25,652 [grpc-default-executor-4] INFO  impl.RoleInfo (RoleInfo.java:updateAndGet(143)) - 1c51b35f-55cb-4636-a00c-83d34bf2d9d4: start FollowerState
2019-10-23 22:22:25,652 [Thread-2425] INFO  impl.FollowerState (FollowerState.java:run(117)) - d21ee1f1-33f6-483c-a18b-27782ce1915a@group-F043E0AED0ED-FollowerState was interrupted: java.lang.InterruptedException: sleep interrupted
2019-10-23 22:22:25,652 [grpc-default-executor-3] INFO  impl.RoleInfo (RoleInfo.java:updateAndGet(143)) - d21ee1f1-33f6-483c-a18b-27782ce1915a: start FollowerState
2019-10-23 22:22:25,667 [aed1b97f-105e-4684-b087-4b6333aa3ced@group-F043E0AED0ED-LeaderElection325] INFO  impl.LeaderElection (LeaderElection.java:logAndReturn(56)) - aed1b97f-105e-4684-b087-4b6333aa3ced@group-F043E0AED0ED-LeaderElection325: Election REJECTED; received 2 response(s) [aed1b97f-105e-4684-b087-4b6333aa3ced<-1c51b35f-55cb-4636-a00c-83d34bf2d9d4#0:FAIL-t365, aed1b97f-105e-4684-b087-4b6333aa3ced<-d21ee1f1-33f6-483c-a18b-27782ce1915a#0:FAIL-t365] and 0 exception(s); aed1b97f-105e-4684-b087-4b6333aa3ced@group-F043E0AED0ED:t365, leader=null, voted=aed1b97f-105e-4684-b087-4b6333aa3ced, raftlog=aed1b97f-105e-4684-b087-4b6333aa3ced@group-F043E0AED0ED-SegmentedRaftLog:OPENED:c-1,f-1,i0, conf=-1: [aed1b97f-105e-4684-b087-4b6333aa3ced:192.168.157.195:34943, 1c51b35f-55cb-4636-a00c-83d34bf2d9d4:192.168.157.195:34693, d21ee1f1-33f6-483c-a18b-27782ce1915a:192.168.157.195:46462], old=null
2019-10-23 22:22:25,667 [aed1b97f-105e-4684-b087-4b6333aa3ced@group-F043E0AED0ED-LeaderElection325] INFO  impl.RaftServerImpl (RaftServerImpl.java:setRole(184)) - aed1b97f-105e-4684-b087-4b6333aa3ced@group-F043E0AED0ED: changes role from CANDIDATE to FOLLOWER at term 365 for DISCOVERED_A_NEW_TERM
2019-10-23 22:22:25,667 [aed1b97f-105e-4684-b087-4b6333aa3ced@group-F043E0AED0ED-LeaderElection325] INFO  impl.RoleInfo (RoleInfo.java:shutdownLeaderElection(134)) - aed1b97f-105e-4684-b087-4b6333aa3ced: shutdown LeaderElection
2019-10-23 22:22:25,667 [aed1b97f-105e-4684-b087-4b6333aa3ced@group-F043E0AED0ED-LeaderElection325] INFO  impl.RoleInfo (RoleInfo.java:updateAndGet(143)) - aed1b97f-105e-4684-b087-4b6333aa3ced: start FollowerState
2019-10-23 22:22:25,726 [Thread-2435] INFO  impl.FollowerState (FollowerState.java:run(108)) - aed1b97f-105e-4684-b087-4b6333aa3ced@group-F043E0AED0ED-FollowerState: change to CANDIDATE, lastRpcTime:59ms, electionTimeout:59ms
2019-10-23 22:22:25,726 [Thread-2435] INFO  impl.RoleInfo (RoleInfo.java:shutdownFollowerState(121)) - aed1b97f-105e-4684-b087-4b6333aa3ced: shutdown FollowerState
2019-10-23 22:22:25,727 [Thread-2435] INFO  impl.RaftServerImpl (RaftServerImpl.java:setRole(184)) - aed1b97f-105e-4684-b087-4b6333aa3ced@group-F043E0AED0ED: changes role from  FOLLOWER to CANDIDATE at term 365 for changeToCandidate
2019-10-23 22:22:25,727 [Thread-2435] INFO  impl.RoleInfo (RoleInfo.java:updateAndGet(143)) - aed1b97f-105e-4684-b087-4b6333aa3ced: start LeaderElection
2019-10-23 22:22:25,748 [aed1b97f-105e-4684-b087-4b6333aa3ced@group-F043E0AED0ED-LeaderElection326] INFO  impl.LeaderElection (LeaderElection.java:askForVotes(178)) - aed1b97f-105e-4684-b087-4b6333aa3ced@group-F043E0AED0ED-LeaderElection326: begin an election at term 366 for -1: [aed1b97f-105e-4684-b087-4b6333aa3ced:192.168.157.195:34943, 1c51b35f-55cb-4636-a00c-83d34bf2d9d4:192.168.157.195:34693, d21ee1f1-33f6-483c-a18b-27782ce1915a:192.168.157.195:46462], old=null
2019-10-23 22:22:25,750 [grpc-default-executor-3] INFO  impl.RaftServerImpl (RaftServerImpl.java:setRole(184)) - 1c51b35f-55cb-4636-a00c-83d34bf2d9d4@group-F043E0AED0ED: changes role from  FOLLOWER to FOLLOWER at term 366 for recognizeCandidate:aed1b97f-105e-4684-b087-4b6333aa3ced
2019-10-23 22:22:25,750 [grpc-default-executor-4] INFO  impl.RaftServerImpl (RaftServerImpl.java:setRole(184)) - d21ee1f1-33f6-483c-a18b-27782ce1915a@group-F043E0AED0ED: changes role from  FOLLOWER to FOLLOWER at term 366 for recognizeCandidate:aed1b97f-105e-4684-b087-4b6333aa3ced
2019-10-23 22:22:25,750 [grpc-default-executor-4] INFO  impl.RoleInfo (RoleInfo.java:shutdownFollowerState(121)) - d21ee1f1-33f6-483c-a18b-27782ce1915a: shutdown FollowerState
2019-10-23 22:22:25,750 [grpc-default-executor-3] INFO  impl.RoleInfo (RoleInfo.java:shutdownFollowerState(121)) - 1c51b35f-55cb-4636-a00c-83d34bf2d9d4: shutdown FollowerState
2019-10-23 22:22:25,751 [Thread-2434] INFO  impl.FollowerState (FollowerState.java:run(117)) - d21ee1f1-33f6-483c-a18b-27782ce1915a@group-F043E0AED0ED-FollowerState was interrupted: java.lang.InterruptedException: sleep interrupted
2019-10-23 22:22:25,751 [grpc-default-executor-4] INFO  impl.RoleInfo (RoleInfo.java:updateAndGet(143)) - d21ee1f1-33f6-483c-a18b-27782ce1915a: start FollowerState
2019-10-23 22:22:25,751 [Thread-2433] INFO  impl.FollowerState (FollowerState.java:run(117)) - 1c51b35f-55cb-4636-a00c-83d34bf2d9d4@group-F043E0AED0ED-FollowerState was interrupted: java.lang.InterruptedException: sleep interrupted
2019-10-23 22:22:25,751 [grpc-default-executor-3] INFO  impl.RoleInfo (RoleInfo.java:updateAndGet(143)) - 1c51b35f-55cb-4636-a00c-83d34bf2d9d4: start FollowerState
2019-10-23 22:22:25,765 [aed1b97f-105e-4684-b087-4b6333aa3ced@group-F043E0AED0ED-LeaderElection326] INFO  impl.LeaderElection (LeaderElection.java:logAndReturn(56)) - aed1b97f-105e-4684-b087-4b6333aa3ced@group-F043E0AED0ED-LeaderElection326: Election REJECTED; received 2 response(s) [aed1b97f-105e-4684-b087-4b6333aa3ced<-1c51b35f-55cb-4636-a00c-83d34bf2d9d4#0:FAIL-t366, aed1b97f-105e-4684-b087-4b6333aa3ced<-d21ee1f1-33f6-483c-a18b-27782ce1915a#0:FAIL-t366] and 0 exception(s); aed1b97f-105e-4684-b087-4b6333aa3ced@group-F043E0AED0ED:t366, leader=null, voted=aed1b97f-105e-4684-b087-4b6333aa3ced, raftlog=aed1b97f-105e-4684-b087-4b6333aa3ced@group-F043E0AED0ED-SegmentedRaftLog:OPENED:c-1,f-1,i0, conf=-1: [aed1b97f-105e-4684-b087-4b6333aa3ced:192.168.157.195:34943, 1c51b35f-55cb-4636-a00c-83d34bf2d9d4:192.168.157.195:34693, d21ee1f1-33f6-483c-a18b-27782ce1915a:192.168.157.195:46462], old=null
2019-10-23 22:22:25,765 [aed1b97f-105e-4684-b087-4b6333aa3ced@group-F043E0AED0ED-LeaderElection326] INFO  impl.RaftServerImpl (RaftServerImpl.java:setRole(184)) - aed1b97f-105e-4684-b087-4b6333aa3ced@group-F043E0AED0ED: changes role from CANDIDATE to FOLLOWER at term 366 for DISCOVERED_A_NEW_TERM
2019-10-23 22:22:25,765 [aed1b97f-105e-4684-b087-4b6333aa3ced@group-F043E0AED0ED-LeaderElection326] INFO  impl.RoleInfo (RoleInfo.java:shutdownLeaderElection(134)) - aed1b97f-105e-4684-b087-4b6333aa3ced: shutdown LeaderElection
2019-10-23 22:22:25,766 [aed1b97f-105e-4684-b087-4b6333aa3ced@group-F043E0AED0ED-LeaderElection326] INFO  impl.RoleInfo (RoleInfo.java:updateAndGet(143)) - aed1b97f-105e-4684-b087-4b6333aa3ced: start FollowerState
2019-10-23 22:22:25,844 [Thread-2441] INFO  impl.FollowerState (FollowerState.java:run(108)) - aed1b97f-105e-4684-b087-4b6333aa3ced@group-F043E0AED0ED-FollowerState: change to CANDIDATE, lastRpcTime:78ms, electionTimeout:78ms
2019-10-23 22:22:25,844 [Thread-2441] INFO  impl.RoleInfo (RoleInfo.java:shutdownFollowerState(121)) - aed1b97f-105e-4684-b087-4b6333aa3ced: shutdown FollowerState
2019-10-23 22:22:25,844 [Thread-2441] INFO  impl.RaftServerImpl (RaftServerImpl.java:setRole(184)) - aed1b97f-105e-4684-b087-4b6333aa3ced@group-F043E0AED0ED: changes role from  FOLLOWER to CANDIDATE at term 366 for changeToCandidate
2019-10-23 22:22:25,844 [Thread-2441] INFO  impl.RoleInfo (RoleInfo.java:updateAndGet(143)) - aed1b97f-105e-4684-b087-4b6333aa3ced: start LeaderElection
2019-10-23 22:22:25,857 [aed1b97f-105e-4684-b087-4b6333aa3ced@group-F043E0AED0ED-LeaderElection327] INFO  impl.LeaderElection (LeaderElection.java:askForVotes(178)) - aed1b97f-105e-4684-b087-4b6333aa3ced@group-F043E0AED0ED-LeaderElection327: begin an election at term 367 for -1: [aed1b97f-105e-4684-b087-4b6333aa3ced:192.168.157.195:34943, 1c51b35f-55cb-4636-a00c-83d34bf2d9d4:192.168.157.195:34693, d21ee1f1-33f6-483c-a18b-27782ce1915a:192.168.157.195:46462], old=null
2019-10-23 22:22:25,859 [grpc-default-executor-4] INFO  impl.RaftServerImpl (RaftServerImpl.java:setRole(184)) - 1c51b35f-55cb-4636-a00c-83d34bf2d9d4@group-F043E0AED0ED: changes role from  FOLLOWER to FOLLOWER at term 367 for recognizeCandidate:aed1b97f-105e-4684-b087-4b6333aa3ced
2019-10-23 22:22:25,859 [grpc-default-executor-4] INFO  impl.RoleInfo (RoleInfo.java:shutdownFollowerState(121)) - 1c51b35f-55cb-4636-a00c-83d34bf2d9d4: shutdown FollowerState
2019-10-23 22:22:25,859 [grpc-default-executor-3] INFO  impl.RaftServerImpl (RaftServerImpl.java:setRole(184)) - d21ee1f1-33f6-483c-a18b-27782ce1915a@group-F043E0AED0ED: changes role from  FOLLOWER to FOLLOWER at term 367 for recognizeCandidate:aed1b97f-105e-4684-b087-4b6333aa3ced
2019-10-23 22:22:25,860 [Thread-2440] INFO  impl.FollowerState (FollowerState.java:run(117)) - 1c51b35f-55cb-4636-a00c-83d34bf2d9d4@group-F043E0AED0ED-FollowerState was interrupted: java.lang.InterruptedException: sleep interrupted
2019-10-23 22:22:25,860 [grpc-default-executor-4] INFO  impl.RoleInfo (RoleInfo.java:updateAndGet(143)) - 1c51b35f-55cb-4636-a00c-83d34bf2d9d4: start FollowerState
2019-10-23 22:22:25,860 [grpc-default-executor-3] INFO  impl.RoleInfo (RoleInfo.java:shutdownFollowerState(121)) - d21ee1f1-33f6-483c-a18b-27782ce1915a: shutdown FollowerState
2019-10-23 22:22:25,860 [grpc-default-executor-3] INFO  impl.RoleInfo (RoleInfo.java:updateAndGet(143)) - d21ee1f1-33f6-483c-a18b-27782ce1915a: start FollowerState
2019-10-23 22:22:25,860 [Thread-2439] INFO  impl.FollowerState (FollowerState.java:run(117)) - d21ee1f1-33f6-483c-a18b-27782ce1915a@group-F043E0AED0ED-FollowerState was interrupted: java.lang.InterruptedException: sleep interrupted
2019-10-23 22:22:25,874 [aed1b97f-105e-4684-b087-4b6333aa3ced@group-F043E0AED0ED-LeaderElection327] INFO  impl.LeaderElection (LeaderElection.java:logAndReturn(56)) - aed1b97f-105e-4684-b087-4b6333aa3ced@group-F043E0AED0ED-LeaderElection327: Election TIMEOUT; received 0 response(s) [] and 0 exception(s); aed1b97f-105e-4684-b087-4b6333aa3ced@group-F043E0AED0ED:t367, leader=null, voted=aed1b97f-105e-4684-b087-4b6333aa3ced, raftlog=aed1b97f-105e-4684-b087-4b6333aa3ced@group-F043E0AED0ED-SegmentedRaftLog:OPENED:c-1,f-1,i0, conf=-1: [aed1b97f-105e-4684-b087-4b6333aa3ced:192.168.157.195:34943, 1c51b35f-55cb-4636-a00c-83d34bf2d9d4:192.168.157.195:34693, d21ee1f1-33f6-483c-a18b-27782ce1915a:192.168.157.195:46462], old=null
2019-10-23 22:22:25,879 [aed1b97f-105e-4684-b087-4b6333aa3ced@group-F043E0AED0ED-LeaderElection327] INFO  impl.LeaderElection (LeaderElection.java:askForVotes(178)) - aed1b97f-105e-4684-b087-4b6333aa3ced@group-F043E0AED0ED-LeaderElection327: begin an election at term 368 for -1: [aed1b97f-105e-4684-b087-4b6333aa3ced:192.168.157.195:34943, 1c51b35f-55cb-4636-a00c-83d34bf2d9d4:192.168.157.195:34693, d21ee1f1-33f6-483c-a18b-27782ce1915a:192.168.157.195:46462], old=null
2019-10-23 22:22:25,880 [grpc-default-executor-4] INFO  impl.RaftServerImpl (RaftServerImpl.java:setRole(184)) - 1c51b35f-55cb-4636-a00c-83d34bf2d9d4@group-F043E0AED0ED: changes role from  FOLLOWER to FOLLOWER at term 368 for recognizeCandidate:aed1b97f-105e-4684-b087-4b6333aa3ced
2019-10-23 22:22:25,880 [grpc-default-executor-4] INFO  impl.RoleInfo (RoleInfo.java:shutdownFollowerState(121)) - 1c51b35f-55cb-4636-a00c-83d34bf2d9d4: shutdown FollowerState
2019-10-23 22:22:25,881 [grpc-default-executor-3] INFO  impl.RaftServerImpl (RaftServerImpl.java:setRole(184)) - d21ee1f1-33f6-483c-a18b-27782ce1915a@group-F043E0AED0ED: changes role from  FOLLOWER to FOLLOWER at term 368 for recognizeCandidate:aed1b97f-105e-4684-b087-4b6333aa3ced
2019-10-23 22:22:25,881 [grpc-default-executor-3] INFO  impl.RoleInfo (RoleInfo.java:shutdownFollowerState(121)) - d21ee1f1-33f6-483c-a18b-27782ce1915a: shutdown FollowerState
2019-10-23 22:22:25,881 [Thread-2445] INFO  impl.FollowerState (FollowerState.java:run(117)) - 1c51b35f-55cb-4636-a00c-83d34bf2d9d4@group-F043E0AED0ED-FollowerState was interrupted: java.lang.InterruptedException: sleep interrupted
2019-10-23 22:22:25,881 [Thread-2446] INFO  impl.FollowerState (FollowerState.java:run(117)) - d21ee1f1-33f6-483c-a18b-27782ce1915a@group-F043E0AED0ED-FollowerState was interrupted: java.lang.InterruptedException: sleep interrupted
2019-10-23 22:22:25,881 [grpc-default-executor-4] INFO  impl.RoleInfo (RoleInfo.java:updateAndGet(143)) - 1c51b35f-55cb-4636-a00c-83d34bf2d9d4: start FollowerState
2019-10-23 22:22:25,881 [grpc-default-executor-3] INFO  impl.RoleInfo (RoleInfo.java:updateAndGet(143)) - d21ee1f1-33f6-483c-a18b-27782ce1915a: start FollowerState
2019-10-23 22:22:25,888 [aed1b97f-105e-4684-b087-4b6333aa3ced@group-F043E0AED0ED-LeaderElection327] INFO  impl.LeaderElection (LeaderElection.java:logAndReturn(56)) - aed1b97f-105e-4684-b087-4b6333aa3ced@group-F043E0AED0ED-LeaderElection327: Election REJECTED; received 2 response(s) [aed1b97f-105e-4684-b087-4b6333aa3ced<-1c51b35f-55cb-4636-a00c-83d34bf2d9d4#0:FAIL-t368, aed1b97f-105e-4684-b087-4b6333aa3ced<-d21ee1f1-33f6-483c-a18b-27782ce1915a#0:FAIL-t368] and 0 exception(s); aed1b97f-105e-4684-b087-4b6333aa3ced@group-F043E0AED0ED:t368, leader=null, voted=aed1b97f-105e-4684-b087-4b6333aa3ced, raftlog=aed1b97f-105e-4684-b087-4b6333aa3ced@group-F043E0AED0ED-SegmentedRaftLog:OPENED:c-1,f-1,i0, conf=-1: [aed1b97f-105e-4684-b087-4b6333aa3ced:192.168.157.195:34943, 1c51b35f-55cb-4636-a00c-83d34bf2d9d4:192.168.157.195:34693, d21ee1f1-33f6-483c-a18b-27782ce1915a:192.168.157.195:46462], old=null
2019-10-23 22:22:25,888 [aed1b97f-105e-4684-b087-4b6333aa3ced@group-F043E0AED0ED-LeaderElection327] INFO  impl.RaftServerImpl (RaftServerImpl.java:setRole(184)) - aed1b97f-105e-4684-b087-4b6333aa3ced@group-F043E0AED0ED: changes role from CANDIDATE to FOLLOWER at term 368 for DISCOVERED_A_NEW_TERM
2019-10-23 22:22:25,888 [aed1b97f-105e-4684-b087-4b6333aa3ced@group-F043E0AED0ED-LeaderElection327] INFO  impl.RoleInfo (RoleInfo.java:shutdownLeaderElection(134)) - aed1b97f-105e-4684-b087-4b6333aa3ced: shutdown LeaderElection
2019-10-23 22:22:25,888 [aed1b97f-105e-4684-b087-4b6333aa3ced@group-F043E0AED0ED-LeaderElection327] INFO  impl.RoleInfo (RoleInfo.java:updateAndGet(143)) - aed1b97f-105e-4684-b087-4b6333aa3ced: start FollowerState
2019-10-23 22:22:25,979 [Thread-2451] INFO  impl.FollowerState (FollowerState.java:run(108)) - aed1b97f-105e-4684-b087-4b6333aa3ced@group-F043E0AED0ED-FollowerState: change to CANDIDATE, lastRpcTime:90ms, electionTimeout:90ms
2019-10-23 22:22:25,979 [Thread-2451] INFO  impl.RoleInfo (RoleInfo.java:shutdownFollowerState(121)) - aed1b97f-105e-4684-b087-4b6333aa3ced: shutdown FollowerState
2019-10-23 22:22:25,979 [Thread-2451] INFO  impl.RaftServerImpl (RaftServerImpl.java:setRole(184)) - aed1b97f-105e-4684-b087-4b6333aa3ced@group-F043E0AED0ED: changes role from  FOLLOWER to CANDIDATE at term 368 for changeToCandidate
2019-10-23 22:22:25,979 [Thread-2451] INFO  impl.RoleInfo (RoleInfo.java:updateAndGet(143)) - aed1b97f-105e-4684-b087-4b6333aa3ced: start LeaderElection
2019-10-23 22:22:25,993 [aed1b97f-105e-4684-b087-4b6333aa3ced@group-F043E0AED0ED-LeaderElection328] INFO  impl.LeaderElection (LeaderElection.java:askForVotes(178)) - aed1b97f-105e-4684-b087-4b6333aa3ced@group-F043E0AED0ED-LeaderElection328: begin an election at term 369 for -1: [aed1b97f-105e-4684-b087-4b6333aa3ced:192.168.157.195:34943, 1c51b35f-55cb-4636-a00c-83d34bf2d9d4:192.168.157.195:34693, d21ee1f1-33f6-483c-a18b-27782ce1915a:192.168.157.195:46462], old=null
2019-10-23 22:22:25,995 [grpc-default-executor-4] INFO  impl.RaftServerImpl (RaftServerImpl.java:setRole(184)) - d21ee1f1-33f6-483c-a18b-27782ce1915a@group-F043E0AED0ED: changes role from  FOLLOWER to FOLLOWER at term 369 for recognizeCandidate:aed1b97f-105e-4684-b087-4b6333aa3ced
2019-10-23 22:22:25,995 [grpc-default-executor-4] INFO  impl.RoleInfo (RoleInfo.java:shutdownFollowerState(121)) - d21ee1f1-33f6-483c-a18b-27782ce1915a: shutdown FollowerState
2019-10-23 22:22:25,995 [grpc-default-executor-3] INFO  impl.RaftServerImpl (RaftServerImpl.java:setRole(184)) - 1c51b35f-55cb-4636-a00c-83d34bf2d9d4@group-F043E0AED0ED: changes role from  FOLLOWER to FOLLOWER at term 369 for recognizeCandidate:aed1b97f-105e-4684-b087-4b6333aa3ced
2019-10-23 22:22:25,995 [grpc-default-executor-3] INFO  impl.RoleInfo (RoleInfo.java:shutdownFollowerState(121)) - 1c51b35f-55cb-4636-a00c-83d34bf2d9d4: shutdown FollowerState
2019-10-23 22:22:25,995 [Thread-2450] INFO  impl.FollowerState (FollowerState.java:run(117)) - d21ee1f1-33f6-483c-a18b-27782ce1915a@group-F043E0AED0ED-FollowerState was interrupted: java.lang.InterruptedException: sleep interrupted
2019-10-23 22:22:25,995 [grpc-default-executor-4] INFO  impl.RoleInfo (RoleInfo.java:updateAndGet(143)) - d21ee1f1-33f6-483c-a18b-27782ce1915a: start FollowerState
2019-10-23 22:22:25,996 [Thread-2449] INFO  impl.FollowerState (FollowerState.java:run(117)) - 1c51b35f-55cb-4636-a00c-83d34bf2d9d4@group-F043E0AED0ED-FollowerState was interrupted: java.lang.InterruptedException: sleep interrupted
2019-10-23 22:22:25,996 [grpc-default-executor-3] INFO  impl.RoleInfo (RoleInfo.java:updateAndGet(143)) - 1c51b35f-55cb-4636-a00c-83d34bf2d9d4: start FollowerState
2019-10-23 22:22:26,010 [aed1b97f-105e-4684-b087-4b6333aa3ced@group-F043E0AED0ED-LeaderElection328] INFO  impl.LeaderElection (LeaderElection.java:logAndReturn(56)) - aed1b97f-105e-4684-b087-4b6333aa3ced@group-F043E0AED0ED-LeaderElection328: Election REJECTED; received 2 response(s) [aed1b97f-105e-4684-b087-4b6333aa3ced<-1c51b35f-55cb-4636-a00c-83d34bf2d9d4#0:FAIL-t369, aed1b97f-105e-4684-b087-4b6333aa3ced<-d21ee1f1-33f6-483c-a18b-27782ce1915a#0:FAIL-t369] and 0 exception(s); aed1b97f-105e-4684-b087-4b6333aa3ced@group-F043E0AED0ED:t369, leader=null, voted=aed1b97f-105e-4684-b087-4b6333aa3ced, raftlog=aed1b97f-105e-4684-b087-4b6333aa3ced@group-F043E0AED0ED-SegmentedRaftLog:OPENED:c-1,f-1,i0, conf=-1: [aed1b97f-105e-4684-b087-4b6333aa3ced:192.168.157.195:34943, 1c51b35f-55cb-4636-a00c-83d34bf2d9d4:192.168.157.195:34693, d21ee1f1-33f6-483c-a18b-27782ce1915a:192.168.157.195:46462], old=null
2019-10-23 22:22:26,011 [aed1b97f-105e-4684-b087-4b6333aa3ced@group-F043E0AED0ED-LeaderElection328] INFO  impl.RaftServerImpl (RaftServerImpl.java:setRole(184)) - aed1b97f-105e-4684-b087-4b6333aa3ced@group-F043E0AED0ED: changes role from CANDIDATE to FOLLOWER at term 369 for DISCOVERED_A_NEW_TERM
2019-10-23 22:22:26,011 [aed1b97f-105e-4684-b087-4b6333aa3ced@group-F043E0AED0ED-LeaderElection328] INFO  impl.RoleInfo (RoleInfo.java:shutdownLeaderElection(134)) - aed1b97f-105e-4684-b087-4b6333aa3ced: shutdown LeaderElection
2019-10-23 22:22:26,011 [aed1b97f-105e-4684-b087-4b6333aa3ced@group-F043E0AED0ED-LeaderElection328] INFO  impl.RoleInfo (RoleInfo.java:updateAndGet(143)) - aed1b97f-105e-4684-b087-4b6333aa3ced: start FollowerState
2019-10-23 22:22:26,131 [Thread-2457] INFO  impl.FollowerState (FollowerState.java:run(108)) - aed1b97f-105e-4684-b087-4b6333aa3ced@group-F043E0AED0ED-FollowerState: change to CANDIDATE, lastRpcTime:120ms, electionTimeout:120ms
2019-10-23 22:22:26,132 [Thread-2457] INFO  impl.RoleInfo (RoleInfo.java:shutdownFollowerState(121)) - aed1b97f-105e-4684-b087-4b6333aa3ced: shutdown FollowerState
2019-10-23 22:22:26,132 [Thread-2457] INFO  impl.RaftServerImpl (RaftServerImpl.java:setRole(184)) - aed1b97f-105e-4684-b087-4b6333aa3ced@group-F043E0AED0ED: changes role from  FOLLOWER to CANDIDATE at term 369 for changeToCandidate
2019-10-23 22:22:26,132 [Thread-2457] INFO  impl.RoleInfo (RoleInfo.java:updateAndGet(143)) - aed1b97f-105e-4684-b087-4b6333aa3ced: start LeaderElection
2019-10-23 22:22:26,149 [aed1b97f-105e-4684-b087-4b6333aa3ced@group-F043E0AED0ED-LeaderElection329] INFO  impl.LeaderElection (LeaderElection.java:askForVotes(178)) - aed1b97f-105e-4684-b087-4b6333aa3ced@group-F043E0AED0ED-LeaderElection329: begin an election at term 370 for -1: [aed1b97f-105e-4684-b087-4b6333aa3ced:192.168.157.195:34943, 1c51b35f-55cb-4636-a00c-83d34bf2d9d4:192.168.157.195:34693, d21ee1f1-33f6-483c-a18b-27782ce1915a:192.168.157.195:46462], old=null
2019-10-23 22:22:26,150 [grpc-default-executor-3] INFO  impl.RaftServerImpl (RaftServerImpl.java:setRole(184)) - 1c51b35f-55cb-4636-a00c-83d34bf2d9d4@group-F043E0AED0ED: changes role from  FOLLOWER to FOLLOWER at term 370 for recognizeCandidate:aed1b97f-105e-4684-b087-4b6333aa3ced
2019-10-23 22:22:26,150 [grpc-default-executor-3] INFO  impl.RoleInfo (RoleInfo.java:shutdownFollowerState(121)) - 1c51b35f-55cb-4636-a00c-83d34bf2d9d4: shutdown FollowerState
2019-10-23 22:22:26,150 [grpc-default-executor-4] INFO  impl.RaftServerImpl (RaftServerImpl.java:setRole(184)) - d21ee1f1-33f6-483c-a18b-27782ce1915a@group-F043E0AED0ED: changes role from  FOLLOWER to FOLLOWER at term 370 for recognizeCandidate:aed1b97f-105e-4684-b087-4b6333aa3ced
2019-10-23 22:22:26,151 [grpc-default-executor-4] INFO  impl.RoleInfo (RoleInfo.java:shutdownFollowerState(121)) - d21ee1f1-33f6-483c-a18b-27782ce1915a: shutdown FollowerState
2019-10-23 22:22:26,151 [Thread-2456] INFO  impl.FollowerState (FollowerState.java:run(117)) - 1c51b35f-55cb-4636-a00c-83d34bf2d9d4@group-F043E0AED0ED-FollowerState was interrupted: java.lang.InterruptedException: sleep interrupted
2019-10-23 22:22:26,151 [Thread-2455] INFO  impl.FollowerState (FollowerState.java:run(117)) - d21ee1f1-33f6-483c-a18b-27782ce1915a@group-F043E0AED0ED-FollowerState was interrupted: java.lang.InterruptedException: sleep interrupted
2019-10-23 22:22:26,151 [grpc-default-executor-3] INFO  impl.RoleInfo (RoleInfo.java:updateAndGet(143)) - 1c51b35f-55cb-4636-a00c-83d34bf2d9d4: start FollowerState
2019-10-23 22:22:26,151 [grpc-default-executor-4] INFO  impl.RoleInfo (RoleInfo.java:updateAndGet(143)) - d21ee1f1-33f6-483c-a18b-27782ce1915a: start FollowerState
2019-10-23 22:22:26,166 [aed1b97f-105e-4684-b087-4b6333aa3ced@group-F043E0AED0ED-LeaderElection329] INFO  impl.LeaderElection (LeaderElection.java:logAndReturn(56)) - aed1b97f-105e-4684-b087-4b6333aa3ced@group-F043E0AED0ED-LeaderElection329: Election REJECTED; received 2 response(s) [aed1b97f-105e-4684-b087-4b6333aa3ced<-1c51b35f-55cb-4636-a00c-83d34bf2d9d4#0:FAIL-t370, aed1b97f-105e-4684-b087-4b6333aa3ced<-d21ee1f1-33f6-483c-a18b-27782ce1915a#0:FAIL-t370] and 0 exception(s); aed1b97f-105e-4684-b087-4b6333aa3ced@group-F043E0AED0ED:t370, leader=null, voted=aed1b97f-105e-4684-b087-4b6333aa3ced, raftlog=aed1b97f-105e-4684-b087-4b6333aa3ced@group-F043E0AED0ED-SegmentedRaftLog:OPENED:c-1,f-1,i0, conf=-1: [aed1b97f-105e-4684-b087-4b6333aa3ced:192.168.157.195:34943, 1c51b35f-55cb-4636-a00c-83d34bf2d9d4:192.168.157.195:34693, d21ee1f1-33f6-483c-a18b-27782ce1915a:192.168.157.195:46462], old=null
2019-10-23 22:22:26,166 [aed1b97f-105e-4684-b087-4b6333aa3ced@group-F043E0AED0ED-LeaderElection329] INFO  impl.RaftServerImpl (RaftServerImpl.java:setRole(184)) - aed1b97f-105e-4684-b087-4b6333aa3ced@group-F043E0AED0ED: changes role from CANDIDATE to FOLLOWER at term 370 for DISCOVERED_A_NEW_TERM
2019-10-23 22:22:26,166 [aed1b97f-105e-4684-b087-4b6333aa3ced@group-F043E0AED0ED-LeaderElection329] INFO  impl.RoleInfo (RoleInfo.java:shutdownLeaderElection(134)) - aed1b97f-105e-4684-b087-4b6333aa3ced: shutdown LeaderElection
2019-10-23 22:22:26,166 [aed1b97f-105e-4684-b087-4b6333aa3ced@group-F043E0AED0ED-LeaderElection329] INFO  impl.RoleInfo (RoleInfo.java:updateAndGet(143)) - aed1b97f-105e-4684-b087-4b6333aa3ced: start FollowerState
2019-10-23 22:22:26,262 [Thread-2463] INFO  impl.FollowerState (FollowerState.java:run(108)) - aed1b97f-105e-4684-b087-4b6333aa3ced@group-F043E0AED0ED-FollowerState: change to CANDIDATE, lastRpcTime:95ms, electionTimeout:95ms
2019-10-23 22:22:26,262 [Thread-2463] INFO  impl.RoleInfo (RoleInfo.java:shutdownFollowerState(121)) - aed1b97f-105e-4684-b087-4b6333aa3ced: shutdown FollowerState
2019-10-23 22:22:26,262 [Thread-2463] INFO  impl.RaftServerImpl (RaftServerImpl.java:setRole(184)) - aed1b97f-105e-4684-b087-4b6333aa3ced@group-F043E0AED0ED: changes role from  FOLLOWER to CANDIDATE at term 370 for changeToCandidate
2019-10-23 22:22:26,262 [Thread-2463] INFO  impl.RoleInfo (RoleInfo.java:updateAndGet(143)) - aed1b97f-105e-4684-b087-4b6333aa3ced: start LeaderElection
2019-10-23 22:22:26,276 [aed1b97f-105e-4684-b087-4b6333aa3ced@group-F043E0AED0ED-LeaderElection330] INFO  impl.LeaderElection (LeaderElection.java:askForVotes(178)) - aed1b97f-105e-4684-b087-4b6333aa3ced@group-F043E0AED0ED-LeaderElection330: begin an election at term 371 for -1: [aed1b97f-105e-4684-b087-4b6333aa3ced:192.168.157.195:34943, 1c51b35f-55cb-4636-a00c-83d34bf2d9d4:192.168.157.195:34693, d21ee1f1-33f6-483c-a18b-27782ce1915a:192.168.157.195:46462], old=null
2019-10-23 22:22:26,277 [grpc-default-executor-4] INFO  impl.RaftServerImpl (RaftServerImpl.java:setRole(184)) - 1c51b35f-55cb-4636-a00c-83d34bf2d9d4@group-F043E0AED0ED: changes role from  FOLLOWER to FOLLOWER at term 371 for recognizeCandidate:aed1b97f-105e-4684-b087-4b6333aa3ced
2019-10-23 22:22:26,278 [grpc-default-executor-4] INFO  impl.RoleInfo (RoleInfo.java:shutdownFollowerState(121)) - 1c51b35f-55cb-4636-a00c-83d34bf2d9d4: shutdown FollowerState
2019-10-23 22:22:26,278 [grpc-default-executor-3] INFO  impl.RaftServerImpl (RaftServerImpl.java:setRole(184)) - d21ee1f1-33f6-483c-a18b-27782ce1915a@group-F043E0AED0ED: changes role from  FOLLOWER to FOLLOWER at term 371 for recognizeCandidate:aed1b97f-105e-4684-b087-4b6333aa3ced
2019-10-23 22:22:26,278 [Thread-2461] INFO  impl.FollowerState (FollowerState.java:run(117)) - 1c51b35f-55cb-4636-a00c-83d34bf2d9d4@group-F043E0AED0ED-FollowerState was interrupted: java.lang.InterruptedException: sleep interrupted
2019-10-23 22:22:26,278 [grpc-default-executor-4] INFO  impl.RoleInfo (RoleInfo.java:updateAndGet(143)) - 1c51b35f-55cb-4636-a00c-83d34bf2d9d4: start FollowerState
2019-10-23 22:22:26,278 [grpc-default-executor-3] INFO  impl.RoleInfo (RoleInfo.java:shutdownFollowerState(121)) - d21ee1f1-33f6-483c-a18b-27782ce1915a: shutdown FollowerState
2019-10-23 22:22:26,278 [grpc-default-executor-3] INFO  impl.RoleInfo (RoleInfo.java:updateAndGet(143)) - d21ee1f1-33f6-483c-a18b-27782ce1915a: start FollowerState
2019-10-23 22:22:26,278 [Thread-2462] INFO  impl.FollowerState (FollowerState.java:run(117)) - d21ee1f1-33f6-483c-a18b-27782ce1915a@group-F043E0AED0ED-FollowerState was interrupted: java.lang.InterruptedException: sleep interrupted
2019-10-23 22:22:26,280 [aed1b97f-105e-4684-b087-4b6333aa3ced@group-F043E0AED0ED-LeaderElection330] INFO  impl.LeaderElection (LeaderElection.java:logAndReturn(56)) - aed1b97f-105e-4684-b087-4b6333aa3ced@group-F043E0AED0ED-LeaderElection330: Election TIMEOUT; received 0 response(s) [] and 0 exception(s); aed1b97f-105e-4684-b087-4b6333aa3ced@group-F043E0AED0ED:t371, leader=null, voted=aed1b97f-105e-4684-b087-4b6333aa3ced, raftlog=aed1b97f-105e-4684-b087-4b6333aa3ced@group-F043E0AED0ED-SegmentedRaftLog:OPENED:c-1,f-1,i0, conf=-1: [aed1b97f-105e-4684-b087-4b6333aa3ced:192.168.157.195:34943, 1c51b35f-55cb-4636-a00c-83d34bf2d9d4:192.168.157.195:34693, d21ee1f1-33f6-483c-a18b-27782ce1915a:192.168.157.195:46462], old=null
2019-10-23 22:22:26,292 [aed1b97f-105e-4684-b087-4b6333aa3ced@group-F043E0AED0ED-LeaderElection330] INFO  impl.LeaderElection (LeaderElection.java:askForVotes(178)) - aed1b97f-105e-4684-b087-4b6333aa3ced@group-F043E0AED0ED-LeaderElection330: begin an election at term 372 for -1: [aed1b97f-105e-4684-b087-4b6333aa3ced:192.168.157.195:34943, 1c51b35f-55cb-4636-a00c-83d34bf2d9d4:192.168.157.195:34693, d21ee1f1-33f6-483c-a18b-27782ce1915a:192.168.157.195:46462], old=null
2019-10-23 22:22:26,293 [grpc-default-executor-4] INFO  impl.RaftServerImpl (RaftServerImpl.java:setRole(184)) - 1c51b35f-55cb-4636-a00c-83d34bf2d9d4@group-F043E0AED0ED: changes role from  FOLLOWER to FOLLOWER at term 372 for recognizeCandidate:aed1b97f-105e-4684-b087-4b6333aa3ced
2019-10-23 22:22:26,293 [grpc-default-executor-4] INFO  impl.RoleInfo (RoleInfo.java:shutdownFollowerState(121)) - 1c51b35f-55cb-4636-a00c-83d34bf2d9d4: shutdown FollowerState
2019-10-23 22:22:26,294 [grpc-default-executor-4] INFO  impl.RoleInfo (RoleInfo.java:updateAndGet(143)) - 1c51b35f-55cb-4636-a00c-83d34bf2d9d4: start FollowerState
2019-10-23 22:22:26,294 [grpc-default-executor-3] INFO  impl.RaftServerImpl (RaftServerImpl.java:setRole(184)) - d21ee1f1-33f6-483c-a18b-27782ce1915a@group-F043E0AED0ED: changes role from  FOLLOWER to FOLLOWER at term 372 for recognizeCandidate:aed1b97f-105e-4684-b087-4b6333aa3ced
2019-10-23 22:22:26,294 [Thread-2467] INFO  impl.FollowerState (FollowerState.java:run(117)) - 1c51b35f-55cb-4636-a00c-83d34bf2d9d4@group-F043E0AED0ED-FollowerState was interrupted: java.lang.InterruptedException: sleep interrupted
2019-10-23 22:22:26,294 [grpc-default-executor-3] INFO  impl.RoleInfo (RoleInfo.java:shutdownFollowerState(121)) - d21ee1f1-33f6-483c-a18b-27782ce1915a: shutdown FollowerState
2019-10-23 22:22:26,294 [grpc-default-executor-3] INFO  impl.RoleInfo (RoleInfo.java:updateAndGet(143)) - d21ee1f1-33f6-483c-a18b-27782ce1915a: start FollowerState
2019-10-23 22:22:26,294 [Thread-2468] INFO  impl.FollowerState (FollowerState.java:run(117)) - d21ee1f1-33f6-483c-a18b-27782ce1915a@group-F043E0AED0ED-FollowerState was interrupted: java.lang.InterruptedException: sleep interrupted
2019-10-23 22:22:26,308 [aed1b97f-105e-4684-b087-4b6333aa3ced@group-F043E0AED0ED-LeaderElection330] INFO  impl.LeaderElection (LeaderElection.java:logAndReturn(56)) - aed1b97f-105e-4684-b087-4b6333aa3ced@group-F043E0AED0ED-LeaderElection330: Election REJECTED; received 2 response(s) [aed1b97f-105e-4684-b087-4b6333aa3ced<-1c51b35f-55cb-4636-a00c-83d34bf2d9d4#0:FAIL-t372, aed1b97f-105e-4684-b087-4b6333aa3ced<-d21ee1f1-33f6-483c-a18b-27782ce1915a#0:FAIL-t372] and 0 exception(s); aed1b97f-105e-4684-b087-4b6333aa3ced@group-F043E0AED0ED:t372, leader=null, voted=aed1b97f-105e-4684-b087-4b6333aa3ced, raftlog=aed1b97f-105e-4684-b087-4b6333aa3ced@group-F043E0AED0ED-SegmentedRaftLog:OPENED:c-1,f-1,i0, conf=-1: [aed1b97f-105e-4684-b087-4b6333aa3ced:192.168.157.195:34943, 1c51b35f-55cb-4636-a00c-83d34bf2d9d4:192.168.157.195:34693, d21ee1f1-33f6-483c-a18b-27782ce1915a:192.168.157.195:46462], old=null
2019-10-23 22:22:26,308 [aed1b97f-105e-4684-b087-4b6333aa3ced@group-F043E0AED0ED-LeaderElection330] INFO  impl.RaftServerImpl (RaftServerImpl.java:setRole(184)) - aed1b97f-105e-4684-b087-4b6333aa3ced@group-F043E0AED0ED: changes role from CANDIDATE to FOLLOWER at term 372 for DISCOVERED_A_NEW_TERM
2019-10-23 22:22:26,308 [aed1b97f-105e-4684-b087-4b6333aa3ced@group-F043E0AED0ED-LeaderElection330] INFO  impl.RoleInfo (RoleInfo.java:shutdownLeaderElection(134)) - aed1b97f-105e-4684-b087-4b6333aa3ced: shutdown LeaderElection
2019-10-23 22:22:26,308 [aed1b97f-105e-4684-b087-4b6333aa3ced@group-F043E0AED0ED-LeaderElection330] INFO  impl.RoleInfo (RoleInfo.java:updateAndGet(143)) - aed1b97f-105e-4684-b087-4b6333aa3ced: start FollowerState
2019-10-23 22:22:26,399 [Thread-2473] INFO  impl.FollowerState (FollowerState.java:run(108)) - aed1b97f-105e-4684-b087-4b6333aa3ced@group-F043E0AED0ED-FollowerState: change to CANDIDATE, lastRpcTime:90ms, electionTimeout:90ms
2019-10-23 22:22:26,399 [Thread-2473] INFO  impl.RoleInfo (RoleInfo.java:shutdownFollowerState(121)) - aed1b97f-105e-4684-b087-4b6333aa3ced: shutdown FollowerState
2019-10-23 22:22:26,399 [Thread-2473] INFO  impl.RaftServerImpl (RaftServerImpl.java:setRole(184)) - aed1b97f-105e-4684-b087-4b6333aa3ced@group-F043E0AED0ED: changes role from  FOLLOWER to CANDIDATE at term 372 for changeToCandidate
2019-10-23 22:22:26,399 [Thread-2473] INFO  impl.RoleInfo (RoleInfo.java:updateAndGet(143)) - aed1b97f-105e-4684-b087-4b6333aa3ced: start LeaderElection
2019-10-23 22:22:26,413 [aed1b97f-105e-4684-b087-4b6333aa3ced@group-F043E0AED0ED-LeaderElection331] INFO  impl.LeaderElection (LeaderElection.java:askForVotes(178)) - aed1b97f-105e-4684-b087-4b6333aa3ced@group-F043E0AED0ED-LeaderElection331: begin an election at term 373 for -1: [aed1b97f-105e-4684-b087-4b6333aa3ced:192.168.157.195:34943, 1c51b35f-55cb-4636-a00c-83d34bf2d9d4:192.168.157.195:34693, d21ee1f1-33f6-483c-a18b-27782ce1915a:192.168.157.195:46462], old=null
2019-10-23 22:22:26,415 [grpc-default-executor-3] INFO  impl.RaftServerImpl (RaftServerImpl.java:setRole(184)) - 1c51b35f-55cb-4636-a00c-83d34bf2d9d4@group-F043E0AED0ED: changes role from  FOLLOWER to FOLLOWER at term 373 for recognizeCandidate:aed1b97f-105e-4684-b087-4b6333aa3ced
2019-10-23 22:22:26,415 [grpc-default-executor-3] INFO  impl.RoleInfo (RoleInfo.java:shutdownFollowerState(121)) - 1c51b35f-55cb-4636-a00c-83d34bf2d9d4: shutdown FollowerState
2019-10-23 22:22:26,415 [grpc-default-executor-4] INFO  impl.RaftServerImpl (RaftServerImpl.java:setRole(184)) - d21ee1f1-33f6-483c-a18b-27782ce1915a@group-F043E0AED0ED: changes role from  FOLLOWER to FOLLOWER at term 373 for recognizeCandidate:aed1b97f-105e-4684-b087-4b6333aa3ced
2019-10-23 22:22:26,416 [Thread-2471] INFO  impl.FollowerState (FollowerState.java:run(117)) - 1c51b35f-55cb-4636-a00c-83d34bf2d9d4@group-F043E0AED0ED-FollowerState was interrupted: java.lang.InterruptedException: sleep interrupted
2019-10-23 22:22:26,416 [grpc-default-executor-3] INFO  impl.RoleInfo (RoleInfo.java:updateAndGet(143)) - 1c51b35f-55cb-4636-a00c-83d34bf2d9d4: start FollowerState
2019-10-23 22:22:26,416 [grpc-default-executor-4] INFO  impl.RoleInfo (RoleInfo.java:shutdownFollowerState(121)) - d21ee1f1-33f6-483c-a18b-27782ce1915a: shutdown FollowerState
2019-10-23 22:22:26,416 [grpc-default-executor-4] INFO  impl.RoleInfo (RoleInfo.java:updateAndGet(143)) - d21ee1f1-33f6-483c-a18b-27782ce1915a: start FollowerState
2019-10-23 22:22:26,416 [Thread-2472] INFO  impl.FollowerState (FollowerState.java:run(117)) - d21ee1f1-33f6-483c-a18b-27782ce1915a@group-F043E0AED0ED-FollowerState was interrupted: java.lang.InterruptedException: sleep interrupted
2019-10-23 22:22:26,430 [aed1b97f-105e-4684-b087-4b6333aa3ced@group-F043E0AED0ED-LeaderElection331] INFO  impl.LeaderElection (LeaderElection.java:logAndReturn(56)) - aed1b97f-105e-4684-b087-4b6333aa3ced@group-F043E0AED0ED-LeaderElection331: Election REJECTED; received 2 response(s) [aed1b97f-105e-4684-b087-4b6333aa3ced<-1c51b35f-55cb-4636-a00c-83d34bf2d9d4#0:FAIL-t373, aed1b97f-105e-4684-b087-4b6333aa3ced<-d21ee1f1-33f6-483c-a18b-27782ce1915a#0:FAIL-t373] and 0 exception(s); aed1b97f-105e-4684-b087-4b6333aa3ced@group-F043E0AED0ED:t373, leader=null, voted=aed1b97f-105e-4684-b087-4b6333aa3ced, raftlog=aed1b97f-105e-4684-b087-4b6333aa3ced@group-F043E0AED0ED-SegmentedRaftLog:OPENED:c-1,f-1,i0, conf=-1: [aed1b97f-105e-4684-b087-4b6333aa3ced:192.168.157.195:34943, 1c51b35f-55cb-4636-a00c-83d34bf2d9d4:192.168.157.195:34693, d21ee1f1-33f6-483c-a18b-27782ce1915a:192.168.157.195:46462], old=null
2019-10-23 22:22:26,430 [aed1b97f-105e-4684-b087-4b6333aa3ced@group-F043E0AED0ED-LeaderElection331] INFO  impl.RaftServerImpl (RaftServerImpl.java:setRole(184)) - aed1b97f-105e-4684-b087-4b6333aa3ced@group-F043E0AED0ED: changes role from CANDIDATE to FOLLOWER at term 373 for DISCOVERED_A_NEW_TERM
2019-10-23 22:22:26,430 [aed1b97f-105e-4684-b087-4b6333aa3ced@group-F043E0AED0ED-LeaderElection331] INFO  impl.RoleInfo (RoleInfo.java:shutdownLeaderElection(134)) - aed1b97f-105e-4684-b087-4b6333aa3ced: shutdown LeaderElection
2019-10-23 22:22:26,430 [aed1b97f-105e-4684-b087-4b6333aa3ced@group-F043E0AED0ED-LeaderElection331] INFO  impl.RoleInfo (RoleInfo.java:updateAndGet(143)) - aed1b97f-105e-4684-b087-4b6333aa3ced: start FollowerState
2019-10-23 22:22:26,574 [Thread-2479] INFO  impl.FollowerState (FollowerState.java:run(108)) - aed1b97f-105e-4684-b087-4b6333aa3ced@group-F043E0AED0ED-FollowerState: change to CANDIDATE, lastRpcTime:143ms, electionTimeout:143ms
2019-10-23 22:22:26,574 [Thread-2479] INFO  impl.RoleInfo (RoleInfo.java:shutdownFollowerState(121)) - aed1b97f-105e-4684-b087-4b6333aa3ced: shutdown FollowerState
2019-10-23 22:22:26,574 [Thread-2479] INFO  impl.RaftServerImpl (RaftServerImpl.java:setRole(184)) - aed1b97f-105e-4684-b087-4b6333aa3ced@group-F043E0AED0ED: changes role from  FOLLOWER to CANDIDATE at term 373 for changeToCandidate
2019-10-23 22:22:26,574 [Thread-2479] INFO  impl.RoleInfo (RoleInfo.java:updateAndGet(143)) - aed1b97f-105e-4684-b087-4b6333aa3ced: start LeaderElection
2019-10-23 22:22:26,600 [aed1b97f-105e-4684-b087-4b6333aa3ced@group-F043E0AED0ED-LeaderElection332] INFO  impl.LeaderElection (LeaderElection.java:askForVotes(178)) - aed1b97f-105e-4684-b087-4b6333aa3ced@group-F043E0AED0ED-LeaderElection332: begin an election at term 374 for -1: [aed1b97f-105e-4684-b087-4b6333aa3ced:192.168.157.195:34943, 1c51b35f-55cb-4636-a00c-83d34bf2d9d4:192.168.157.195:34693, d21ee1f1-33f6-483c-a18b-27782ce1915a:192.168.157.195:46462], old=null
2019-10-23 22:22:26,601 [grpc-default-executor-3] INFO  impl.RaftServerImpl (RaftServerImpl.java:setRole(184)) - 1c51b35f-55cb-4636-a00c-83d34bf2d9d4@group-F043E0AED0ED: changes role from  FOLLOWER to FOLLOWER at term 374 for recognizeCandidate:aed1b97f-105e-4684-b087-4b6333aa3ced
2019-10-23 22:22:26,601 [grpc-default-executor-4] INFO  impl.RaftServerImpl (RaftServerImpl.java:setRole(184)) - d21ee1f1-33f6-483c-a18b-27782ce1915a@group-F043E0AED0ED: changes role from  FOLLOWER to FOLLOWER at term 374 for recognizeCandidate:aed1b97f-105e-4684-b087-4b6333aa3ced
2019-10-23 22:22:26,602 [grpc-default-executor-4] INFO  impl.RoleInfo (RoleInfo.java:shutdownFollowerState(121)) - d21ee1f1-33f6-483c-a18b-27782ce1915a: shutdown FollowerState
2019-10-23 22:22:26,601 [grpc-default-executor-3] INFO  impl.RoleInfo (RoleInfo.java:shutdownFollowerState(121)) - 1c51b35f-55cb-4636-a00c-83d34bf2d9d4: shutdown FollowerState
2019-10-23 22:22:26,602 [Thread-2478] INFO  impl.FollowerState (FollowerState.java:run(117)) - d21ee1f1-33f6-483c-a18b-27782ce1915a@group-F043E0AED0ED-FollowerState was interrupted: java.lang.InterruptedException: sleep interrupted
2019-10-23 22:22:26,602 [Thread-2477] INFO  impl.FollowerState (FollowerState.java:run(117)) - 1c51b35f-55cb-4636-a00c-83d34bf2d9d4@group-F043E0AED0ED-FollowerState was interrupted: java.lang.InterruptedException: sleep interrupted
2019-10-23 22:22:26,602 [grpc-default-executor-4] INFO  impl.RoleInfo (RoleInfo.java:updateAndGet(143)) - d21ee1f1-33f6-483c-a18b-27782ce1915a: start FollowerState
2019-10-23 22:22:26,602 [grpc-default-executor-3] INFO  impl.RoleInfo (RoleInfo.java:updateAndGet(143)) - 1c51b35f-55cb-4636-a00c-83d34bf2d9d4: start FollowerState
2019-10-23 22:22:26,616 [aed1b97f-105e-4684-b087-4b6333aa3ced@group-F043E0AED0ED-LeaderElection332] INFO  impl.LeaderElection (LeaderElection.java:logAndReturn(56)) - aed1b97f-105e-4684-b087-4b6333aa3ced@group-F043E0AED0ED-LeaderElection332: Election REJECTED; received 2 response(s) [aed1b97f-105e-4684-b087-4b6333aa3ced<-1c51b35f-55cb-4636-a00c-83d34bf2d9d4#0:FAIL-t374, aed1b97f-105e-4684-b087-4b6333aa3ced<-d21ee1f1-33f6-483c-a18b-27782ce1915a#0:FAIL-t374] and 0 exception(s); aed1b97f-105e-4684-b087-4b6333aa3ced@group-F043E0AED0ED:t374, leader=null, voted=aed1b97f-105e-4684-b087-4b6333aa3ced, raftlog=aed1b97f-105e-4684-b087-4b6333aa3ced@group-F043E0AED0ED-SegmentedRaftLog:OPENED:c-1,f-1,i0, conf=-1: [aed1b97f-105e-4684-b087-4b6333aa3ced:192.168.157.195:34943, 1c51b35f-55cb-4636-a00c-83d34bf2d9d4:192.168.157.195:34693, d21ee1f1-33f6-483c-a18b-27782ce1915a:192.168.157.195:46462], old=null
2019-10-23 22:22:26,617 [aed1b97f-105e-4684-b087-4b6333aa3ced@group-F043E0AED0ED-LeaderElection332] INFO  impl.RaftServerImpl (RaftServerImpl.java:setRole(184)) - aed1b97f-105e-4684-b087-4b6333aa3ced@group-F043E0AED0ED: changes role from CANDIDATE to FOLLOWER at term 374 for DISCOVERED_A_NEW_TERM
2019-10-23 22:22:26,617 [aed1b97f-105e-4684-b087-4b6333aa3ced@group-F043E0AED0ED-LeaderElection332] INFO  impl.RoleInfo (RoleInfo.java:shutdownLeaderElection(134)) - aed1b97f-105e-4684-b087-4b6333aa3ced: shutdown LeaderElection
2019-10-23 22:22:26,617 [aed1b97f-105e-4684-b087-4b6333aa3ced@group-F043E0AED0ED-LeaderElection332] INFO  impl.RoleInfo (RoleInfo.java:updateAndGet(143)) - aed1b97f-105e-4684-b087-4b6333aa3ced: start FollowerState
2019-10-23 22:22:26,664 [Thread-2487] INFO  impl.FollowerState (FollowerState.java:run(108)) - aed1b97f-105e-4684-b087-4b6333aa3ced@group-F043E0AED0ED-FollowerState: change to CANDIDATE, lastRpcTime:47ms, electionTimeout:47ms
2019-10-23 22:22:26,664 [Thread-2487] INFO  impl.RoleInfo (RoleInfo.java:shutdownFollowerState(121)) - aed1b97f-105e-4684-b087-4b6333aa3ced: shutdown FollowerState
2019-10-23 22:22:26,664 [Thread-2487] INFO  impl.RaftServerImpl (RaftServerImpl.java:setRole(184)) - aed1b97f-105e-4684-b087-4b6333aa3ced@group-F043E0AED0ED: changes role from  FOLLOWER to CANDIDATE at term 374 for changeToCandidate
2019-10-23 22:22:26,665 [Thread-2487] INFO  impl.RoleInfo (RoleInfo.java:updateAndGet(143)) - aed1b97f-105e-4684-b087-4b6333aa3ced: start LeaderElection
2019-10-23 22:22:26,678 [aed1b97f-105e-4684-b087-4b6333aa3ced@group-F043E0AED0ED-LeaderElection333] INFO  impl.LeaderElection (LeaderElection.java:askForVotes(178)) - aed1b97f-105e-4684-b087-4b6333aa3ced@group-F043E0AED0ED-LeaderElection333: begin an election at term 375 for -1: [aed1b97f-105e-4684-b087-4b6333aa3ced:192.168.157.195:34943, 1c51b35f-55cb-4636-a00c-83d34bf2d9d4:192.168.157.195:34693, d21ee1f1-33f6-483c-a18b-27782ce1915a:192.168.157.195:46462], old=null
2019-10-23 22:22:26,679 [grpc-default-executor-4] INFO  impl.RaftServerImpl (RaftServerImpl.java:setRole(184)) - 1c51b35f-55cb-4636-a00c-83d34bf2d9d4@group-F043E0AED0ED: changes role from  FOLLOWER to FOLLOWER at term 375 for recognizeCandidate:aed1b97f-105e-4684-b087-4b6333aa3ced
2019-10-23 22:22:26,679 [grpc-default-executor-3] INFO  impl.RaftServerImpl (RaftServerImpl.java:setRole(184)) - d21ee1f1-33f6-483c-a18b-27782ce1915a@group-F043E0AED0ED: changes role from  FOLLOWER to FOLLOWER at term 375 for recognizeCandidate:aed1b97f-105e-4684-b087-4b6333aa3ced
2019-10-23 22:22:26,680 [grpc-default-executor-3] INFO  impl.RoleInfo (RoleInfo.java:shutdownFollowerState(121)) - d21ee1f1-33f6-483c-a18b-27782ce1915a: shutdown FollowerState
2019-10-23 22:22:26,679 [grpc-default-executor-4] INFO  impl.RoleInfo (RoleInfo.java:shutdownFollowerState(121)) - 1c51b35f-55cb-4636-a00c-83d34bf2d9d4: shutdown FollowerState
2019-10-23 22:22:26,680 [Thread-2485] INFO  impl.FollowerState (FollowerState.java:run(117)) - d21ee1f1-33f6-483c-a18b-27782ce1915a@group-F043E0AED0ED-FollowerState was interrupted: java.lang.InterruptedException: sleep interrupted
2019-10-23 22:22:26,680 [grpc-default-executor-3] INFO  impl.RoleInfo (RoleInfo.java:updateAndGet(143)) - d21ee1f1-33f6-483c-a18b-27782ce1915a: start FollowerState
2019-10-23 22:22:26,680 [Thread-2486] INFO  impl.FollowerState (FollowerState.java:run(117)) - 1c51b35f-55cb-4636-a00c-83d34bf2d9d4@group-F043E0AED0ED-FollowerState was interrupted: java.lang.InterruptedException: sleep interrupted
2019-10-23 22:22:26,680 [grpc-default-executor-4] INFO  impl.RoleInfo (RoleInfo.java:updateAndGet(143)) - 1c51b35f-55cb-4636-a00c-83d34bf2d9d4: start FollowerState
2019-10-23 22:22:26,697 [aed1b97f-105e-4684-b087-4b6333aa3ced@group-F043E0AED0ED-LeaderElection333] INFO  impl.LeaderElection (LeaderElection.java:logAndReturn(56)) - aed1b97f-105e-4684-b087-4b6333aa3ced@group-F043E0AED0ED-LeaderElection333: Election REJECTED; received 2 response(s) [aed1b97f-105e-4684-b087-4b6333aa3ced<-1c51b35f-55cb-4636-a00c-83d34bf2d9d4#0:FAIL-t375, aed1b97f-105e-4684-b087-4b6333aa3ced<-d21ee1f1-33f6-483c-a18b-27782ce1915a#0:FAIL-t375] and 0 exception(s); aed1b97f-105e-4684-b087-4b6333aa3ced@group-F043E0AED0ED:t375, leader=null, voted=aed1b97f-105e-4684-b087-4b6333aa3ced, raftlog=aed1b97f-105e-4684-b087-4b6333aa3ced@group-F043E0AED0ED-SegmentedRaftLog:OPENED:c-1,f-1,i0, conf=-1: [aed1b97f-105e-4684-b087-4b6333aa3ced:192.168.157.195:34943, 1c51b35f-55cb-4636-a00c-83d34bf2d9d4:192.168.157.195:34693, d21ee1f1-33f6-483c-a18b-27782ce1915a:192.168.157.195:46462], old=null
2019-10-23 22:22:26,697 [aed1b97f-105e-4684-b087-4b6333aa3ced@group-F043E0AED0ED-LeaderElection333] INFO  impl.RaftServerImpl (RaftServerImpl.java:setRole(184)) - aed1b97f-105e-4684-b087-4b6333aa3ced@group-F043E0AED0ED: changes role from CANDIDATE to FOLLOWER at term 375 for DISCOVERED_A_NEW_TERM
2019-10-23 22:22:26,697 [aed1b97f-105e-4684-b087-4b6333aa3ced@group-F043E0AED0ED-LeaderElection333] INFO  impl.RoleInfo (RoleInfo.java:shutdownLeaderElection(134)) - aed1b97f-105e-4684-b087-4b6333aa3ced: shutdown LeaderElection
2019-10-23 22:22:26,697 [aed1b97f-105e-4684-b087-4b6333aa3ced@group-F043E0AED0ED-LeaderElection333] INFO  impl.RoleInfo (RoleInfo.java:updateAndGet(143)) - aed1b97f-105e-4684-b087-4b6333aa3ced: start FollowerState
2019-10-23 22:22:26,836 [Thread-2493] INFO  impl.FollowerState (FollowerState.java:run(108)) - aed1b97f-105e-4684-b087-4b6333aa3ced@group-F043E0AED0ED-FollowerState: change to CANDIDATE, lastRpcTime:138ms, electionTimeout:138ms
2019-10-23 22:22:26,836 [Thread-2493] INFO  impl.RoleInfo (RoleInfo.java:shutdownFollowerState(121)) - aed1b97f-105e-4684-b087-4b6333aa3ced: shutdown FollowerState
2019-10-23 22:22:26,836 [Thread-2493] INFO  impl.RaftServerImpl (RaftServerImpl.java:setRole(184)) - aed1b97f-105e-4684-b087-4b6333aa3ced@group-F043E0AED0ED: changes role from  FOLLOWER to CANDIDATE at term 375 for changeToCandidate
2019-10-23 22:22:26,836 [Thread-2493] INFO  impl.RoleInfo (RoleInfo.java:updateAndGet(143)) - aed1b97f-105e-4684-b087-4b6333aa3ced: start LeaderElection
2019-10-23 22:22:26,850 [aed1b97f-105e-4684-b087-4b6333aa3ced@group-F043E0AED0ED-LeaderElection334] INFO  impl.LeaderElection (LeaderElection.java:askForVotes(178)) - aed1b97f-105e-4684-b087-4b6333aa3ced@group-F043E0AED0ED-LeaderElection334: begin an election at term 376 for -1: [aed1b97f-105e-4684-b087-4b6333aa3ced:192.168.157.195:34943, 1c51b35f-55cb-4636-a00c-83d34bf2d9d4:192.168.157.195:34693, d21ee1f1-33f6-483c-a18b-27782ce1915a:192.168.157.195:46462], old=null
2019-10-23 22:22:26,851 [grpc-default-executor-3] INFO  impl.RaftServerImpl (RaftServerImpl.java:setRole(184)) - 1c51b35f-55cb-4636-a00c-83d34bf2d9d4@group-F043E0AED0ED: changes role from  FOLLOWER to FOLLOWER at term 376 for recognizeCandidate:aed1b97f-105e-4684-b087-4b6333aa3ced
2019-10-23 22:22:26,851 [grpc-default-executor-3] INFO  impl.RoleInfo (RoleInfo.java:shutdownFollowerState(121)) - 1c51b35f-55cb-4636-a00c-83d34bf2d9d4: shutdown FollowerState
2019-10-23 22:22:26,851 [grpc-default-executor-4] INFO  impl.RaftServerImpl (RaftServerImpl.java:setRole(184)) - d21ee1f1-33f6-483c-a18b-27782ce1915a@group-F043E0AED0ED: changes role from  FOLLOWER to FOLLOWER at term 376 for recognizeCandidate:aed1b97f-105e-4684-b087-4b6333aa3ced
2019-10-23 22:22:26,852 [grpc-default-executor-4] INFO  impl.RoleInfo (RoleInfo.java:shutdownFollowerState(121)) - d21ee1f1-33f6-483c-a18b-27782ce1915a: shutdown FollowerState
2019-10-23 22:22:26,852 [Thread-2492] INFO  impl.FollowerState (FollowerState.java:run(117)) - 1c51b35f-55cb-4636-a00c-83d34bf2d9d4@group-F043E0AED0ED-FollowerState was interrupted: java.lang.InterruptedException: sleep interrupted
2019-10-23 22:22:26,852 [grpc-default-executor-3] INFO  impl.RoleInfo (RoleInfo.java:updateAndGet(143)) - 1c51b35f-55cb-4636-a00c-83d34bf2d9d4: start FollowerState
2019-10-23 22:22:26,852 [Thread-2491] INFO  impl.FollowerState (FollowerState.java:run(117)) - d21ee1f1-33f6-483c-a18b-27782ce1915a@group-F043E0AED0ED-FollowerState was interrupted: java.lang.InterruptedException: sleep interrupted
2019-10-23 22:22:26,852 [grpc-default-executor-4] INFO  impl.RoleInfo (RoleInfo.java:updateAndGet(143)) - d21ee1f1-33f6-483c-a18b-27782ce1915a: start FollowerState
2019-10-23 22:22:26,875 [aed1b97f-105e-4684-b087-4b6333aa3ced@group-F043E0AED0ED-LeaderElection334] INFO  impl.LeaderElection (LeaderElection.java:logAndReturn(56)) - aed1b97f-105e-4684-b087-4b6333aa3ced@group-F043E0AED0ED-LeaderElection334: Election REJECTED; received 2 response(s) [aed1b97f-105e-4684-b087-4b6333aa3ced<-1c51b35f-55cb-4636-a00c-83d34bf2d9d4#0:FAIL-t376, aed1b97f-105e-4684-b087-4b6333aa3ced<-d21ee1f1-33f6-483c-a18b-27782ce1915a#0:FAIL-t376] and 0 exception(s); aed1b97f-105e-4684-b087-4b6333aa3ced@group-F043E0AED0ED:t376, leader=null, voted=aed1b97f-105e-4684-b087-4b6333aa3ced, raftlog=aed1b97f-105e-4684-b087-4b6333aa3ced@group-F043E0AED0ED-SegmentedRaftLog:OPENED:c-1,f-1,i0, conf=-1: [aed1b97f-105e-4684-b087-4b6333aa3ced:192.168.157.195:34943, 1c51b35f-55cb-4636-a00c-83d34bf2d9d4:192.168.157.195:34693, d21ee1f1-33f6-483c-a18b-27782ce1915a:192.168.157.195:46462], old=null
2019-10-23 22:22:26,875 [aed1b97f-105e-4684-b087-4b6333aa3ced@group-F043E0AED0ED-LeaderElection334] INFO  impl.RaftServerImpl (RaftServerImpl.java:setRole(184)) - aed1b97f-105e-4684-b087-4b6333aa3ced@group-F043E0AED0ED: changes role from CANDIDATE to FOLLOWER at term 376 for DISCOVERED_A_NEW_TERM
2019-10-23 22:22:26,876 [aed1b97f-105e-4684-b087-4b6333aa3ced@group-F043E0AED0ED-LeaderElection334] INFO  impl.RoleInfo (RoleInfo.java:shutdownLeaderElection(134)) - aed1b97f-105e-4684-b087-4b6333aa3ced: shutdown LeaderElection
2019-10-23 22:22:26,876 [aed1b97f-105e-4684-b087-4b6333aa3ced@group-F043E0AED0ED-LeaderElection334] INFO  impl.RoleInfo (RoleInfo.java:updateAndGet(143)) - aed1b97f-105e-4684-b087-4b6333aa3ced: start FollowerState
2019-10-23 22:22:26,932 [Thread-2499] INFO  impl.FollowerState (FollowerState.java:run(108)) - aed1b97f-105e-4684-b087-4b6333aa3ced@group-F043E0AED0ED-FollowerState: change to CANDIDATE, lastRpcTime:56ms, electionTimeout:56ms
2019-10-23 22:22:26,932 [Thread-2499] INFO  impl.RoleInfo (RoleInfo.java:shutdownFollowerState(121)) - aed1b97f-105e-4684-b087-4b6333aa3ced: shutdown FollowerState
2019-10-23 22:22:26,932 [Thread-2499] INFO  impl.RaftServerImpl (RaftServerImpl.java:setRole(184)) - aed1b97f-105e-4684-b087-4b6333aa3ced@group-F043E0AED0ED: changes role from  FOLLOWER to CANDIDATE at term 376 for changeToCandidate
2019-10-23 22:22:26,932 [Thread-2499] INFO  impl.RoleInfo (RoleInfo.java:updateAndGet(143)) - aed1b97f-105e-4684-b087-4b6333aa3ced: start LeaderElection
2019-10-23 22:22:26,954 [aed1b97f-105e-4684-b087-4b6333aa3ced@group-F043E0AED0ED-LeaderElection335] INFO  impl.LeaderElection (LeaderElection.java:askForVotes(178)) - aed1b97f-105e-4684-b087-4b6333aa3ced@group-F043E0AED0ED-LeaderElection335: begin an election at term 377 for -1: [aed1b97f-105e-4684-b087-4b6333aa3ced:192.168.157.195:34943, 1c51b35f-55cb-4636-a00c-83d34bf2d9d4:192.168.157.195:34693, d21ee1f1-33f6-483c-a18b-27782ce1915a:192.168.157.195:46462], old=null
2019-10-23 22:22:26,956 [grpc-default-executor-3] INFO  impl.RaftServerImpl (RaftServerImpl.java:setRole(184)) - 1c51b35f-55cb-4636-a00c-83d34bf2d9d4@group-F043E0AED0ED: changes role from  FOLLOWER to FOLLOWER at term 377 for recognizeCandidate:aed1b97f-105e-4684-b087-4b6333aa3ced
2019-10-23 22:22:26,956 [grpc-default-executor-4] INFO  impl.RaftServerImpl (RaftServerImpl.java:setRole(184)) - d21ee1f1-33f6-483c-a18b-27782ce1915a@group-F043E0AED0ED: changes role from  FOLLOWER to FOLLOWER at term 377 for recognizeCandidate:aed1b97f-105e-4684-b087-4b6333aa3ced
2019-10-23 22:22:26,956 [grpc-default-executor-4] INFO  impl.RoleInfo (RoleInfo.java:shutdownFollowerState(121)) - d21ee1f1-33f6-483c-a18b-27782ce1915a: shutdown FollowerState
2019-10-23 22:22:26,956 [grpc-default-executor-3] INFO  impl.RoleInfo (RoleInfo.java:shutdownFollowerState(121)) - 1c51b35f-55cb-4636-a00c-83d34bf2d9d4: shutdown FollowerState
2019-10-23 22:22:26,956 [Thread-2498] INFO  impl.FollowerState (FollowerState.java:run(117)) - d21ee1f1-33f6-483c-a18b-27782ce1915a@group-F043E0AED0ED-FollowerState was interrupted: java.lang.InterruptedException: sleep interrupted
2019-10-23 22:22:26,956 [grpc-default-executor-4] INFO  impl.RoleInfo (RoleInfo.java:updateAndGet(143)) - d21ee1f1-33f6-483c-a18b-27782ce1915a: start FollowerState
2019-10-23 22:22:26,956 [Thread-2497] INFO  impl.FollowerState (FollowerState.java:run(117)) - 1c51b35f-55cb-4636-a00c-83d34bf2d9d4@group-F043E0AED0ED-FollowerState was interrupted: java.lang.InterruptedException: sleep interrupted
2019-10-23 22:22:26,956 [grpc-default-executor-3] INFO  impl.RoleInfo (RoleInfo.java:updateAndGet(143)) - 1c51b35f-55cb-4636-a00c-83d34bf2d9d4: start FollowerState
2019-10-23 22:22:26,968 [aed1b97f-105e-4684-b087-4b6333aa3ced@group-F043E0AED0ED-LeaderElection335] INFO  impl.LeaderElection (LeaderElection.java:logAndReturn(56)) - aed1b97f-105e-4684-b087-4b6333aa3ced@group-F043E0AED0ED-LeaderElection335: Election REJECTED; received 2 response(s) [aed1b97f-105e-4684-b087-4b6333aa3ced<-1c51b35f-55cb-4636-a00c-83d34bf2d9d4#0:FAIL-t377, aed1b97f-105e-4684-b087-4b6333aa3ced<-d21ee1f1-33f6-483c-a18b-27782ce1915a#0:FAIL-t377] and 0 exception(s); aed1b97f-105e-4684-b087-4b6333aa3ced@group-F043E0AED0ED:t377, leader=null, voted=aed1b97f-105e-4684-b087-4b6333aa3ced, raftlog=aed1b97f-105e-4684-b087-4b6333aa3ced@group-F043E0AED0ED-SegmentedRaftLog:OPENED:c-1,f-1,i0, conf=-1: [aed1b97f-105e-4684-b087-4b6333aa3ced:192.168.157.195:34943, 1c51b35f-55cb-4636-a00c-83d34bf2d9d4:192.168.157.195:34693, d21ee1f1-33f6-483c-a18b-27782ce1915a:192.168.157.195:46462], old=null
2019-10-23 22:22:26,968 [aed1b97f-105e-4684-b087-4b6333aa3ced@group-F043E0AED0ED-LeaderElection335] INFO  impl.RaftServerImpl (RaftServerImpl.java:setRole(184)) - aed1b97f-105e-4684-b087-4b6333aa3ced@group-F043E0AED0ED: changes role from CANDIDATE to FOLLOWER at term 377 for DISCOVERED_A_NEW_TERM
2019-10-23 22:22:26,968 [aed1b97f-105e-4684-b087-4b6333aa3ced@group-F043E0AED0ED-LeaderElection335] INFO  impl.RoleInfo (RoleInfo.java:shutdownLeaderElection(134)) - aed1b97f-105e-4684-b087-4b6333aa3ced: shutdown LeaderElection
2019-10-23 22:22:26,969 [aed1b97f-105e-4684-b087-4b6333aa3ced@group-F043E0AED0ED-LeaderElection335] INFO  impl.RoleInfo (RoleInfo.java:updateAndGet(143)) - aed1b97f-105e-4684-b087-4b6333aa3ced: start FollowerState
2019-10-23 22:22:27,061 [Thread-2505] INFO  impl.FollowerState (FollowerState.java:run(108)) - aed1b97f-105e-4684-b087-4b6333aa3ced@group-F043E0AED0ED-FollowerState: change to CANDIDATE, lastRpcTime:92ms, electionTimeout:92ms
2019-10-23 22:22:27,061 [Thread-2505] INFO  impl.RoleInfo (RoleInfo.java:shutdownFollowerState(121)) - aed1b97f-105e-4684-b087-4b6333aa3ced: shutdown FollowerState
2019-10-23 22:22:27,061 [Thread-2505] INFO  impl.RaftServerImpl (RaftServerImpl.java:setRole(184)) - aed1b97f-105e-4684-b087-4b6333aa3ced@group-F043E0AED0ED: changes role from  FOLLOWER to CANDIDATE at term 377 for changeToCandidate
2019-10-23 22:22:27,061 [Thread-2505] INFO  impl.RoleInfo (RoleInfo.java:updateAndGet(143)) - aed1b97f-105e-4684-b087-4b6333aa3ced: start LeaderElection
2019-10-23 22:22:27,075 [aed1b97f-105e-4684-b087-4b6333aa3ced@group-F043E0AED0ED-LeaderElection336] INFO  impl.LeaderElection (LeaderElection.java:askForVotes(178)) - aed1b97f-105e-4684-b087-4b6333aa3ced@group-F043E0AED0ED-LeaderElection336: begin an election at term 378 for -1: [aed1b97f-105e-4684-b087-4b6333aa3ced:192.168.157.195:34943, 1c51b35f-55cb-4636-a00c-83d34bf2d9d4:192.168.157.195:34693, d21ee1f1-33f6-483c-a18b-27782ce1915a:192.168.157.195:46462], old=null
2019-10-23 22:22:27,077 [grpc-default-executor-4] INFO  impl.RaftServerImpl (RaftServerImpl.java:setRole(184)) - 1c51b35f-55cb-4636-a00c-83d34bf2d9d4@group-F043E0AED0ED: changes role from  FOLLOWER to FOLLOWER at term 378 for recognizeCandidate:aed1b97f-105e-4684-b087-4b6333aa3ced
2019-10-23 22:22:27,077 [grpc-default-executor-4] INFO  impl.RoleInfo (RoleInfo.java:shutdownFollowerState(121)) - 1c51b35f-55cb-4636-a00c-83d34bf2d9d4: shutdown FollowerState
2019-10-23 22:22:27,077 [grpc-default-executor-3] INFO  impl.RaftServerImpl (RaftServerImpl.java:setRole(184)) - d21ee1f1-33f6-483c-a18b-27782ce1915a@group-F043E0AED0ED: changes role from  FOLLOWER to FOLLOWER at term 378 for recognizeCandidate:aed1b97f-105e-4684-b087-4b6333aa3ced
2019-10-23 22:22:27,077 [Thread-2504] INFO  impl.FollowerState (FollowerState.java:run(117)) - 1c51b35f-55cb-4636-a00c-83d34bf2d9d4@group-F043E0AED0ED-FollowerState was interrupted: java.lang.InterruptedException: sleep interrupted
2019-10-23 22:22:27,077 [grpc-default-executor-4] INFO  impl.RoleInfo (RoleInfo.java:updateAndGet(143)) - 1c51b35f-55cb-4636-a00c-83d34bf2d9d4: start FollowerState
2019-10-23 22:22:27,077 [grpc-default-executor-3] INFO  impl.RoleInfo (RoleInfo.java:shutdownFollowerState(121)) - d21ee1f1-33f6-483c-a18b-27782ce1915a: shutdown FollowerState
2019-10-23 22:22:27,078 [grpc-default-executor-3] INFO  impl.RoleInfo (RoleInfo.java:updateAndGet(143)) - d21ee1f1-33f6-483c-a18b-27782ce1915a: start FollowerState
2019-10-23 22:22:27,078 [Thread-2503] INFO  impl.FollowerState (FollowerState.java:run(117)) - d21ee1f1-33f6-483c-a18b-27782ce1915a@group-F043E0AED0ED-FollowerState was interrupted: java.lang.InterruptedException: sleep interrupted
2019-10-23 22:22:27,092 [aed1b97f-105e-4684-b087-4b6333aa3ced@group-F043E0AED0ED-LeaderElection336] INFO  impl.LeaderElection (LeaderElection.java:logAndReturn(56)) - aed1b97f-105e-4684-b087-4b6333aa3ced@group-F043E0AED0ED-LeaderElection336: Election REJECTED; received 2 response(s) [aed1b97f-105e-4684-b087-4b6333aa3ced<-1c51b35f-55cb-4636-a00c-83d34bf2d9d4#0:FAIL-t378, aed1b97f-105e-4684-b087-4b6333aa3ced<-d21ee1f1-33f6-483c-a18b-27782ce1915a#0:FAIL-t378] and 0 exception(s); aed1b97f-105e-4684-b087-4b6333aa3ced@group-F043E0AED0ED:t378, leader=null, voted=aed1b97f-105e-4684-b087-4b6333aa3ced, raftlog=aed1b97f-105e-4684-b087-4b6333aa3ced@group-F043E0AED0ED-SegmentedRaftLog:OPENED:c-1,f-1,i0, conf=-1: [aed1b97f-105e-4684-b087-4b6333aa3ced:192.168.157.195:34943, 1c51b35f-55cb-4636-a00c-83d34bf2d9d4:192.168.157.195:34693, d21ee1f1-33f6-483c-a18b-27782ce1915a:192.168.157.195:46462], old=null
2019-10-23 22:22:27,092 [aed1b97f-105e-4684-b087-4b6333aa3ced@group-F043E0AED0ED-LeaderElection336] INFO  impl.RaftServerImpl (RaftServerImpl.java:setRole(184)) - aed1b97f-105e-4684-b087-4b6333aa3ced@group-F043E0AED0ED: changes role from CANDIDATE to FOLLOWER at term 378 for DISCOVERED_A_NEW_TERM
2019-10-23 22:22:27,093 [aed1b97f-105e-4684-b087-4b6333aa3ced@group-F043E0AED0ED-LeaderElection336] INFO  impl.RoleInfo (RoleInfo.java:shutdownLeaderElection(134)) - aed1b97f-105e-4684-b087-4b6333aa3ced: shutdown LeaderElection
2019-10-23 22:22:27,093 [aed1b97f-105e-4684-b087-4b6333aa3ced@group-F043E0AED0ED-LeaderElection336] INFO  impl.RoleInfo (RoleInfo.java:updateAndGet(143)) - aed1b97f-105e-4684-b087-4b6333aa3ced: start FollowerState
2019-10-23 22:22:27,234 [Thread-2511] INFO  impl.FollowerState (FollowerState.java:run(108)) - aed1b97f-105e-4684-b087-4b6333aa3ced@group-F043E0AED0ED-FollowerState: change to CANDIDATE, lastRpcTime:141ms, electionTimeout:141ms
2019-10-23 22:22:27,234 [Thread-2511] INFO  impl.RoleInfo (RoleInfo.java:shutdownFollowerState(121)) - aed1b97f-105e-4684-b087-4b6333aa3ced: shutdown FollowerState
2019-10-23 22:22:27,234 [Thread-2511] INFO  impl.RaftServerImpl (RaftServerImpl.java:setRole(184)) - aed1b97f-105e-4684-b087-4b6333aa3ced@group-F043E0AED0ED: changes role from  FOLLOWER to CANDIDATE at term 378 for changeToCandidate
2019-10-23 22:22:27,235 [Thread-2511] INFO  impl.RoleInfo (RoleInfo.java:updateAndGet(143)) - aed1b97f-105e-4684-b087-4b6333aa3ced: start LeaderElection
2019-10-23 22:22:27,250 [aed1b97f-105e-4684-b087-4b6333aa3ced@group-F043E0AED0ED-LeaderElection337] INFO  impl.LeaderElection (LeaderElection.java:askForVotes(178)) - aed1b97f-105e-4684-b087-4b6333aa3ced@group-F043E0AED0ED-LeaderElection337: begin an election at term 379 for -1: [aed1b97f-105e-4684-b087-4b6333aa3ced:192.168.157.195:34943, 1c51b35f-55cb-4636-a00c-83d34bf2d9d4:192.168.157.195:34693, d21ee1f1-33f6-483c-a18b-27782ce1915a:192.168.157.195:46462], old=null
2019-10-23 22:22:27,252 [grpc-default-executor-4] INFO  impl.RaftServerImpl (RaftServerImpl.java:setRole(184)) - 1c51b35f-55cb-4636-a00c-83d34bf2d9d4@group-F043E0AED0ED: changes role from  FOLLOWER to FOLLOWER at term 379 for recognizeCandidate:aed1b97f-105e-4684-b087-4b6333aa3ced
2019-10-23 22:22:27,253 [grpc-default-executor-4] INFO  impl.RoleInfo (RoleInfo.java:shutdownFollowerState(121)) - 1c51b35f-55cb-4636-a00c-83d34bf2d9d4: shutdown FollowerState
2019-10-23 22:22:27,252 [grpc-default-executor-3] INFO  impl.RaftServerImpl (RaftServerImpl.java:setRole(184)) - d21ee1f1-33f6-483c-a18b-27782ce1915a@group-F043E0AED0ED: changes role from  FOLLOWER to FOLLOWER at term 379 for recognizeCandidate:aed1b97f-105e-4684-b087-4b6333aa3ced
2019-10-23 22:22:27,253 [Thread-2509] INFO  impl.FollowerState (FollowerState.java:run(117)) - 1c51b35f-55cb-4636-a00c-83d34bf2d9d4@group-F043E0AED0ED-FollowerState was interrupted: java.lang.InterruptedException: sleep interrupted
2019-10-23 22:22:27,253 [grpc-default-executor-4] INFO  impl.RoleInfo (RoleInfo.java:updateAndGet(143)) - 1c51b35f-55cb-4636-a00c-83d34bf2d9d4: start FollowerState
2019-10-23 22:22:27,253 [grpc-default-executor-3] INFO  impl.RoleInfo (RoleInfo.java:shutdownFollowerState(121)) - d21ee1f1-33f6-483c-a18b-27782ce1915a: shutdown FollowerState
2019-10-23 22:22:27,253 [grpc-default-executor-3] INFO  impl.RoleInfo (RoleInfo.java:updateAndGet(143)) - d21ee1f1-33f6-483c-a18b-27782ce1915a: start FollowerState
2019-10-23 22:22:27,253 [Thread-2510] INFO  impl.FollowerState (FollowerState.java:run(117)) - d21ee1f1-33f6-483c-a18b-27782ce1915a@group-F043E0AED0ED-FollowerState was interrupted: java.lang.InterruptedException: sleep interrupted
2019-10-23 22:22:27,267 [aed1b97f-105e-4684-b087-4b6333aa3ced@group-F043E0AED0ED-LeaderElection337] INFO  impl.LeaderElection (LeaderElection.java:logAndReturn(56)) - aed1b97f-105e-4684-b087-4b6333aa3ced@group-F043E0AED0ED-LeaderElection337: Election REJECTED; received 2 response(s) [aed1b97f-105e-4684-b087-4b6333aa3ced<-1c51b35f-55cb-4636-a00c-83d34bf2d9d4#0:FAIL-t379, aed1b97f-105e-4684-b087-4b6333aa3ced<-d21ee1f1-33f6-483c-a18b-27782ce1915a#0:FAIL-t379] and 0 exception(s); aed1b97f-105e-4684-b087-4b6333aa3ced@group-F043E0AED0ED:t379, leader=null, voted=aed1b97f-105e-4684-b087-4b6333aa3ced, raftlog=aed1b97f-105e-4684-b087-4b6333aa3ced@group-F043E0AED0ED-SegmentedRaftLog:OPENED:c-1,f-1,i0, conf=-1: [aed1b97f-105e-4684-b087-4b6333aa3ced:192.168.157.195:34943, 1c51b35f-55cb-4636-a00c-83d34bf2d9d4:192.168.157.195:34693, d21ee1f1-33f6-483c-a18b-27782ce1915a:192.168.157.195:46462], old=null
2019-10-23 22:22:27,268 [aed1b97f-105e-4684-b087-4b6333aa3ced@group-F043E0AED0ED-LeaderElection337] INFO  impl.RaftServerImpl (RaftServerImpl.java:setRole(184)) - aed1b97f-105e-4684-b087-4b6333aa3ced@group-F043E0AED0ED: changes role from CANDIDATE to FOLLOWER at term 379 for DISCOVERED_A_NEW_TERM
2019-10-23 22:22:27,268 [aed1b97f-105e-4684-b087-4b6333aa3ced@group-F043E0AED0ED-LeaderElection337] INFO  impl.RoleInfo (RoleInfo.java:shutdownLeaderElection(134)) - aed1b97f-105e-4684-b087-4b6333aa3ced: shutdown LeaderElection
2019-10-23 22:22:27,268 [aed1b97f-105e-4684-b087-4b6333aa3ced@group-F043E0AED0ED-LeaderElection337] INFO  impl.RoleInfo (RoleInfo.java:updateAndGet(143)) - aed1b97f-105e-4684-b087-4b6333aa3ced: start FollowerState
2019-10-23 22:22:27,364 [Thread-2517] INFO  impl.FollowerState (FollowerState.java:run(108)) - aed1b97f-105e-4684-b087-4b6333aa3ced@group-F043E0AED0ED-FollowerState: change to CANDIDATE, lastRpcTime:96ms, electionTimeout:96ms
2019-10-23 22:22:27,364 [Thread-2517] INFO  impl.RoleInfo (RoleInfo.java:shutdownFollowerState(121)) - aed1b97f-105e-4684-b087-4b6333aa3ced: shutdown FollowerState
2019-10-23 22:22:27,365 [Thread-2517] INFO  impl.RaftServerImpl (RaftServerImpl.java:setRole(184)) - aed1b97f-105e-4684-b087-4b6333aa3ced@group-F043E0AED0ED: changes role from  FOLLOWER to CANDIDATE at term 379 for changeToCandidate
2019-10-23 22:22:27,365 [Thread-2517] INFO  impl.RoleInfo (RoleInfo.java:updateAndGet(143)) - aed1b97f-105e-4684-b087-4b6333aa3ced: start LeaderElection
2019-10-23 22:22:27,378 [aed1b97f-105e-4684-b087-4b6333aa3ced@group-F043E0AED0ED-LeaderElection338] INFO  impl.LeaderElection (LeaderElection.java:askForVotes(178)) - aed1b97f-105e-4684-b087-4b6333aa3ced@group-F043E0AED0ED-LeaderElection338: begin an election at term 380 for -1: [aed1b97f-105e-4684-b087-4b6333aa3ced:192.168.157.195:34943, 1c51b35f-55cb-4636-a00c-83d34bf2d9d4:192.168.157.195:34693, d21ee1f1-33f6-483c-a18b-27782ce1915a:192.168.157.195:46462], old=null
2019-10-23 22:22:27,379 [grpc-default-executor-3] INFO  impl.RaftServerImpl (RaftServerImpl.java:setRole(184)) - 1c51b35f-55cb-4636-a00c-83d34bf2d9d4@group-F043E0AED0ED: changes role from  FOLLOWER to FOLLOWER at term 380 for recognizeCandidate:aed1b97f-105e-4684-b087-4b6333aa3ced
2019-10-23 22:22:27,380 [grpc-default-executor-3] INFO  impl.RoleInfo (RoleInfo.java:shutdownFollowerState(121)) - 1c51b35f-55cb-4636-a00c-83d34bf2d9d4: shutdown FollowerState
2019-10-23 22:22:27,380 [grpc-default-executor-4] INFO  impl.RaftServerImpl (RaftServerImpl.java:setRole(184)) - d21ee1f1-33f6-483c-a18b-27782ce1915a@group-F043E0AED0ED: changes role from  FOLLOWER to FOLLOWER at term 380 for recognizeCandidate:aed1b97f-105e-4684-b087-4b6333aa3ced
2019-10-23 22:22:27,380 [Thread-2515] INFO  impl.FollowerState (FollowerState.java:run(117)) - 1c51b35f-55cb-4636-a00c-83d34bf2d9d4@group-F043E0AED0ED-FollowerState was interrupted: java.lang.InterruptedException: sleep interrupted
2019-10-23 22:22:27,380 [grpc-default-executor-3] INFO  impl.RoleInfo (RoleInfo.java:updateAndGet(143)) - 1c51b35f-55cb-4636-a00c-83d34bf2d9d4: start FollowerState
2019-10-23 22:22:27,380 [grpc-default-executor-4] INFO  impl.RoleInfo (RoleInfo.java:shutdownFollowerState(121)) - d21ee1f1-33f6-483c-a18b-27782ce1915a: shutdown FollowerState
2019-10-23 22:22:27,380 [Thread-2516] INFO  impl.FollowerState (FollowerState.java:run(117)) - d21ee1f1-33f6-483c-a18b-27782ce1915a@group-F043E0AED0ED-FollowerState was interrupted: java.lang.InterruptedException: sleep interrupted
2019-10-23 22:22:27,380 [grpc-default-executor-4] INFO  impl.RoleInfo (RoleInfo.java:updateAndGet(143)) - d21ee1f1-33f6-483c-a18b-27782ce1915a: start FollowerState
2019-10-23 22:22:27,401 [aed1b97f-105e-4684-b087-4b6333aa3ced@group-F043E0AED0ED-LeaderElection338] INFO  impl.LeaderElection (LeaderElection.java:logAndReturn(56)) - aed1b97f-105e-4684-b087-4b6333aa3ced@group-F043E0AED0ED-LeaderElection338: Election REJECTED; received 2 response(s) [aed1b97f-105e-4684-b087-4b6333aa3ced<-1c51b35f-55cb-4636-a00c-83d34bf2d9d4#0:FAIL-t380, aed1b97f-105e-4684-b087-4b6333aa3ced<-d21ee1f1-33f6-483c-a18b-27782ce1915a#0:FAIL-t380] and 0 exception(s); aed1b97f-105e-4684-b087-4b6333aa3ced@group-F043E0AED0ED:t380, leader=null, voted=aed1b97f-105e-4684-b087-4b6333aa3ced, raftlog=aed1b97f-105e-4684-b087-4b6333aa3ced@group-F043E0AED0ED-SegmentedRaftLog:OPENED:c-1,f-1,i0, conf=-1: [aed1b97f-105e-4684-b087-4b6333aa3ced:192.168.157.195:34943, 1c51b35f-55cb-4636-a00c-83d34bf2d9d4:192.168.157.195:34693, d21ee1f1-33f6-483c-a18b-27782ce1915a:192.168.157.195:46462], old=null
2019-10-23 22:22:27,401 [aed1b97f-105e-4684-b087-4b6333aa3ced@group-F043E0AED0ED-LeaderElection338] INFO  impl.RaftServerImpl (RaftServerImpl.java:setRole(184)) - aed1b97f-105e-4684-b087-4b6333aa3ced@group-F043E0AED0ED: changes role from CANDIDATE to FOLLOWER at term 380 for DISCOVERED_A_NEW_TERM
2019-10-23 22:22:27,401 [aed1b97f-105e-4684-b087-4b6333aa3ced@group-F043E0AED0ED-LeaderElection338] INFO  impl.RoleInfo (RoleInfo.java:shutdownLeaderElection(134)) - aed1b97f-105e-4684-b087-4b6333aa3ced: shutdown LeaderElection
2019-10-23 22:22:27,401 [aed1b97f-105e-4684-b087-4b6333aa3ced@group-F043E0AED0ED-LeaderElection338] INFO  impl.RoleInfo (RoleInfo.java:updateAndGet(143)) - aed1b97f-105e-4684-b087-4b6333aa3ced: start FollowerState
2019-10-23 22:22:27,461 [Thread-2523] INFO  impl.FollowerState (FollowerState.java:run(108)) - aed1b97f-105e-4684-b087-4b6333aa3ced@group-F043E0AED0ED-FollowerState: change to CANDIDATE, lastRpcTime:59ms, electionTimeout:59ms
2019-10-23 22:22:27,461 [Thread-2523] INFO  impl.RoleInfo (RoleInfo.java:shutdownFollowerState(121)) - aed1b97f-105e-4684-b087-4b6333aa3ced: shutdown FollowerState
2019-10-23 22:22:27,461 [Thread-2523] INFO  impl.RaftServerImpl (RaftServerImpl.java:setRole(184)) - aed1b97f-105e-4684-b087-4b6333aa3ced@group-F043E0AED0ED: changes role from  FOLLOWER to CANDIDATE at term 380 for changeToCandidate
2019-10-23 22:22:27,461 [Thread-2523] INFO  impl.RoleInfo (RoleInfo.java:updateAndGet(143)) - aed1b97f-105e-4684-b087-4b6333aa3ced: start LeaderElection
2019-10-23 22:22:27,486 [aed1b97f-105e-4684-b087-4b6333aa3ced@group-F043E0AED0ED-LeaderElection339] INFO  impl.LeaderElection (LeaderElection.java:askForVotes(178)) - aed1b97f-105e-4684-b087-4b6333aa3ced@group-F043E0AED0ED-LeaderElection339: begin an election at term 381 for -1: [aed1b97f-105e-4684-b087-4b6333aa3ced:192.168.157.195:34943, 1c51b35f-55cb-4636-a00c-83d34bf2d9d4:192.168.157.195:34693, d21ee1f1-33f6-483c-a18b-27782ce1915a:192.168.157.195:46462], old=null
2019-10-23 22:22:27,488 [grpc-default-executor-3] INFO  impl.RaftServerImpl (RaftServerImpl.java:setRole(184)) - 1c51b35f-55cb-4636-a00c-83d34bf2d9d4@group-F043E0AED0ED: changes role from  FOLLOWER to FOLLOWER at term 381 for recognizeCandidate:aed1b97f-105e-4684-b087-4b6333aa3ced
2019-10-23 22:22:27,488 [grpc-default-executor-3] INFO  impl.RoleInfo (RoleInfo.java:shutdownFollowerState(121)) - 1c51b35f-55cb-4636-a00c-83d34bf2d9d4: shutdown FollowerState
2019-10-23 22:22:27,488 [grpc-default-executor-4] INFO  impl.RaftServerImpl (RaftServerImpl.java:setRole(184)) - d21ee1f1-33f6-483c-a18b-27782ce1915a@group-F043E0AED0ED: changes role from  FOLLOWER to FOLLOWER at term 381 for recognizeCandidate:aed1b97f-105e-4684-b087-4b6333aa3ced
2019-10-23 22:22:27,488 [Thread-2521] INFO  impl.FollowerState (FollowerState.java:run(117)) - 1c51b35f-55cb-4636-a00c-83d34bf2d9d4@group-F043E0AED0ED-FollowerState was interrupted: java.lang.InterruptedException: sleep interrupted
2019-10-23 22:22:27,488 [grpc-default-executor-3] INFO  impl.RoleInfo (RoleInfo.java:updateAndGet(143)) - 1c51b35f-55cb-4636-a00c-83d34bf2d9d4: start FollowerState
2019-10-23 22:22:27,488 [grpc-default-executor-4] INFO  impl.RoleInfo (RoleInfo.java:shutdownFollowerState(121)) - d21ee1f1-33f6-483c-a18b-27782ce1915a: shutdown FollowerState
2019-10-23 22:22:27,489 [grpc-default-executor-4] INFO  impl.RoleInfo (RoleInfo.java:updateAndGet(143)) - d21ee1f1-33f6-483c-a18b-27782ce1915a: start FollowerState
2019-10-23 22:22:27,489 [Thread-2522] INFO  impl.FollowerState (FollowerState.java:run(117)) - d21ee1f1-33f6-483c-a18b-27782ce1915a@group-F043E0AED0ED-FollowerState was interrupted: java.lang.InterruptedException: sleep interrupted
2019-10-23 22:22:27,511 [aed1b97f-105e-4684-b087-4b6333aa3ced@group-F043E0AED0ED-LeaderElection339] INFO  impl.LeaderElection (LeaderElection.java:logAndReturn(56)) - aed1b97f-105e-4684-b087-4b6333aa3ced@group-F043E0AED0ED-LeaderElection339: Election REJECTED; received 2 response(s) [aed1b97f-105e-4684-b087-4b6333aa3ced<-1c51b35f-55cb-4636-a00c-83d34bf2d9d4#0:FAIL-t381, aed1b97f-105e-4684-b087-4b6333aa3ced<-d21ee1f1-33f6-483c-a18b-27782ce1915a#0:FAIL-t381] and 0 exception(s); aed1b97f-105e-4684-b087-4b6333aa3ced@group-F043E0AED0ED:t381, leader=null, voted=aed1b97f-105e-4684-b087-4b6333aa3ced, raftlog=aed1b97f-105e-4684-b087-4b6333aa3ced@group-F043E0AED0ED-SegmentedRaftLog:OPENED:c-1,f-1,i0, conf=-1: [aed1b97f-105e-4684-b087-4b6333aa3ced:192.168.157.195:34943, 1c51b35f-55cb-4636-a00c-83d34bf2d9d4:192.168.157.195:34693, d21ee1f1-33f6-483c-a18b-27782ce1915a:192.168.157.195:46462], old=null
2019-10-23 22:22:27,511 [aed1b97f-105e-4684-b087-4b6333aa3ced@group-F043E0AED0ED-LeaderElection339] INFO  impl.RaftServerImpl (RaftServerImpl.java:setRole(184)) - aed1b97f-105e-4684-b087-4b6333aa3ced@group-F043E0AED0ED: changes role from CANDIDATE to FOLLOWER at term 381 for DISCOVERED_A_NEW_TERM
2019-10-23 22:22:27,511 [aed1b97f-105e-4684-b087-4b6333aa3ced@group-F043E0AED0ED-LeaderElection339] INFO  impl.RoleInfo (RoleInfo.java:shutdownLeaderElection(134)) - aed1b97f-105e-4684-b087-4b6333aa3ced: shutdown LeaderElection
2019-10-23 22:22:27,511 [aed1b97f-105e-4684-b087-4b6333aa3ced@group-F043E0AED0ED-LeaderElection339] INFO  impl.RoleInfo (RoleInfo.java:updateAndGet(143)) - aed1b97f-105e-4684-b087-4b6333aa3ced: start FollowerState
2019-10-23 22:22:27,538 [Thread-2529] INFO  impl.FollowerState (FollowerState.java:run(108)) - aed1b97f-105e-4684-b087-4b6333aa3ced@group-F043E0AED0ED-FollowerState: change to CANDIDATE, lastRpcTime:26ms, electionTimeout:26ms
2019-10-23 22:22:27,538 [Thread-2529] INFO  impl.RoleInfo (RoleInfo.java:shutdownFollowerState(121)) - aed1b97f-105e-4684-b087-4b6333aa3ced: shutdown FollowerState
2019-10-23 22:22:27,538 [Thread-2529] INFO  impl.RaftServerImpl (RaftServerImpl.java:setRole(184)) - aed1b97f-105e-4684-b087-4b6333aa3ced@group-F043E0AED0ED: changes role from  FOLLOWER to CANDIDATE at term 381 for changeToCandidate
2019-10-23 22:22:27,538 [Thread-2529] INFO  impl.RoleInfo (RoleInfo.java:updateAndGet(143)) - aed1b97f-105e-4684-b087-4b6333aa3ced: start LeaderElection
2019-10-23 22:22:27,552 [aed1b97f-105e-4684-b087-4b6333aa3ced@group-F043E0AED0ED-LeaderElection340] INFO  impl.LeaderElection (LeaderElection.java:askForVotes(178)) - aed1b97f-105e-4684-b087-4b6333aa3ced@group-F043E0AED0ED-LeaderElection340: begin an election at term 382 for -1: [aed1b97f-105e-4684-b087-4b6333aa3ced:192.168.157.195:34943, 1c51b35f-55cb-4636-a00c-83d34bf2d9d4:192.168.157.195:34693, d21ee1f1-33f6-483c-a18b-27782ce1915a:192.168.157.195:46462], old=null
2019-10-23 22:22:27,554 [grpc-default-executor-3] INFO  impl.RaftServerImpl (RaftServerImpl.java:setRole(184)) - 1c51b35f-55cb-4636-a00c-83d34bf2d9d4@group-F043E0AED0ED: changes role from  FOLLOWER to FOLLOWER at term 382 for recognizeCandidate:aed1b97f-105e-4684-b087-4b6333aa3ced
2019-10-23 22:22:27,554 [grpc-default-executor-4] INFO  impl.RaftServerImpl (RaftServerImpl.java:setRole(184)) - d21ee1f1-33f6-483c-a18b-27782ce1915a@group-F043E0AED0ED: changes role from  FOLLOWER to FOLLOWER at term 382 for recognizeCandidate:aed1b97f-105e-4684-b087-4b6333aa3ced
2019-10-23 22:22:27,554 [grpc-default-executor-4] INFO  impl.RoleInfo (RoleInfo.java:shutdownFollowerState(121)) - d21ee1f1-33f6-483c-a18b-27782ce1915a: shutdown FollowerState
2019-10-23 22:22:27,554 [grpc-default-executor-3] INFO  impl.RoleInfo (RoleInfo.java:shutdownFollowerState(121)) - 1c51b35f-55cb-4636-a00c-83d34bf2d9d4: shutdown FollowerState
2019-10-23 22:22:27,554 [Thread-2528] INFO  impl.FollowerState (FollowerState.java:run(117)) - d21ee1f1-33f6-483c-a18b-27782ce1915a@group-F043E0AED0ED-FollowerState was interrupted: java.lang.InterruptedException: sleep interrupted
2019-10-23 22:22:27,554 [grpc-default-executor-4] INFO  impl.RoleInfo (RoleInfo.java:updateAndGet(143)) - d21ee1f1-33f6-483c-a18b-27782ce1915a: start FollowerState
2019-10-23 22:22:27,554 [Thread-2527] INFO  impl.FollowerState (FollowerState.java:run(117)) - 1c51b35f-55cb-4636-a00c-83d34bf2d9d4@group-F043E0AED0ED-FollowerState was interrupted: java.lang.InterruptedException: sleep interrupted
2019-10-23 22:22:27,554 [grpc-default-executor-3] INFO  impl.RoleInfo (RoleInfo.java:updateAndGet(143)) - 1c51b35f-55cb-4636-a00c-83d34bf2d9d4: start FollowerState
2019-10-23 22:22:27,568 [aed1b97f-105e-4684-b087-4b6333aa3ced@group-F043E0AED0ED-LeaderElection340] INFO  impl.LeaderElection (LeaderElection.java:logAndReturn(56)) - aed1b97f-105e-4684-b087-4b6333aa3ced@group-F043E0AED0ED-LeaderElection340: Election REJECTED; received 2 response(s) [aed1b97f-105e-4684-b087-4b6333aa3ced<-1c51b35f-55cb-4636-a00c-83d34bf2d9d4#0:FAIL-t382, aed1b97f-105e-4684-b087-4b6333aa3ced<-d21ee1f1-33f6-483c-a18b-27782ce1915a#0:FAIL-t382] and 0 exception(s); aed1b97f-105e-4684-b087-4b6333aa3ced@group-F043E0AED0ED:t382, leader=null, voted=aed1b97f-105e-4684-b087-4b6333aa3ced, raftlog=aed1b97f-105e-4684-b087-4b6333aa3ced@group-F043E0AED0ED-SegmentedRaftLog:OPENED:c-1,f-1,i0, conf=-1: [aed1b97f-105e-4684-b087-4b6333aa3ced:192.168.157.195:34943, 1c51b35f-55cb-4636-a00c-83d34bf2d9d4:192.168.157.195:34693, d21ee1f1-33f6-483c-a18b-27782ce1915a:192.168.157.195:46462], old=null
2019-10-23 22:22:27,569 [aed1b97f-105e-4684-b087-4b6333aa3ced@group-F043E0AED0ED-LeaderElection340] INFO  impl.RaftServerImpl (RaftServerImpl.java:setRole(184)) - aed1b97f-105e-4684-b087-4b6333aa3ced@group-F043E0AED0ED: changes role from CANDIDATE to FOLLOWER at term 382 for DISCOVERED_A_NEW_TERM
2019-10-23 22:22:27,569 [aed1b97f-105e-4684-b087-4b6333aa3ced@group-F043E0AED0ED-LeaderElection340] INFO  impl.RoleInfo (RoleInfo.java:shutdownLeaderElection(134)) - aed1b97f-105e-4684-b087-4b6333aa3ced: shutdown LeaderElection
2019-10-23 22:22:27,569 [aed1b97f-105e-4684-b087-4b6333aa3ced@group-F043E0AED0ED-LeaderElection340] INFO  impl.RoleInfo (RoleInfo.java:updateAndGet(143)) - aed1b97f-105e-4684-b087-4b6333aa3ced: start FollowerState
2019-10-23 22:22:27,687 [Thread-2537] INFO  impl.FollowerState (FollowerState.java:run(108)) - aed1b97f-105e-4684-b087-4b6333aa3ced@group-F043E0AED0ED-FollowerState: change to CANDIDATE, lastRpcTime:118ms, electionTimeout:118ms
2019-10-23 22:22:27,687 [Thread-2537] INFO  impl.RoleInfo (RoleInfo.java:shutdownFollowerState(121)) - aed1b97f-105e-4684-b087-4b6333aa3ced: shutdown FollowerState
2019-10-23 22:22:27,688 [Thread-2537] INFO  impl.RaftServerImpl (RaftServerImpl.java:setRole(184)) - aed1b97f-105e-4684-b087-4b6333aa3ced@group-F043E0AED0ED: changes role from  FOLLOWER to CANDIDATE at term 382 for changeToCandidate
2019-10-23 22:22:27,688 [Thread-2537] INFO  impl.RoleInfo (RoleInfo.java:updateAndGet(143)) - aed1b97f-105e-4684-b087-4b6333aa3ced: start LeaderElection
2019-10-23 22:22:27,713 [aed1b97f-105e-4684-b087-4b6333aa3ced@group-F043E0AED0ED-LeaderElection341] INFO  impl.LeaderElection (LeaderElection.java:askForVotes(178)) - aed1b97f-105e-4684-b087-4b6333aa3ced@group-F043E0AED0ED-LeaderElection341: begin an election at term 383 for -1: [aed1b97f-105e-4684-b087-4b6333aa3ced:192.168.157.195:34943, 1c51b35f-55cb-4636-a00c-83d34bf2d9d4:192.168.157.195:34693, d21ee1f1-33f6-483c-a18b-27782ce1915a:192.168.157.195:46462], old=null
2019-10-23 22:22:27,715 [grpc-default-executor-4] INFO  impl.RaftServerImpl (RaftServerImpl.java:setRole(184)) - d21ee1f1-33f6-483c-a18b-27782ce1915a@group-F043E0AED0ED: changes role from  FOLLOWER to FOLLOWER at term 383 for recognizeCandidate:aed1b97f-105e-4684-b087-4b6333aa3ced
2019-10-23 22:22:27,715 [grpc-default-executor-3] INFO  impl.RaftServerImpl (RaftServerImpl.java:setRole(184)) - 1c51b35f-55cb-4636-a00c-83d34bf2d9d4@group-F043E0AED0ED: changes role from  FOLLOWER to FOLLOWER at term 383 for recognizeCandidate:aed1b97f-105e-4684-b087-4b6333aa3ced
2019-10-23 22:22:27,715 [grpc-default-executor-4] INFO  impl.RoleInfo (RoleInfo.java:shutdownFollowerState(121)) - d21ee1f1-33f6-483c-a18b-27782ce1915a: shutdown FollowerState
2019-10-23 22:22:27,715 [grpc-default-executor-3] INFO  impl.RoleInfo (RoleInfo.java:shutdownFollowerState(121)) - 1c51b35f-55cb-4636-a00c-83d34bf2d9d4: shutdown FollowerState
2019-10-23 22:22:27,715 [Thread-2535] INFO  impl.FollowerState (FollowerState.java:run(117)) - d21ee1f1-33f6-483c-a18b-27782ce1915a@group-F043E0AED0ED-FollowerState was interrupted: java.lang.InterruptedException: sleep interrupted
2019-10-23 22:22:27,715 [grpc-default-executor-4] INFO  impl.RoleInfo (RoleInfo.java:updateAndGet(143)) - d21ee1f1-33f6-483c-a18b-27782ce1915a: start FollowerState
2019-10-23 22:22:27,715 [Thread-2536] INFO  impl.FollowerState (FollowerState.java:run(117)) - 1c51b35f-55cb-4636-a00c-83d34bf2d9d4@group-F043E0AED0ED-FollowerState was interrupted: java.lang.InterruptedException: sleep interrupted
2019-10-23 22:22:27,715 [grpc-default-executor-3] INFO  impl.RoleInfo (RoleInfo.java:updateAndGet(143)) - 1c51b35f-55cb-4636-a00c-83d34bf2d9d4: start FollowerState
2019-10-23 22:22:27,729 [aed1b97f-105e-4684-b087-4b6333aa3ced@group-F043E0AED0ED-LeaderElection341] INFO  impl.LeaderElection (LeaderElection.java:logAndReturn(56)) - aed1b97f-105e-4684-b087-4b6333aa3ced@group-F043E0AED0ED-LeaderElection341: Election REJECTED; received 2 response(s) [aed1b97f-105e-4684-b087-4b6333aa3ced<-1c51b35f-55cb-4636-a00c-83d34bf2d9d4#0:FAIL-t383, aed1b97f-105e-4684-b087-4b6333aa3ced<-d21ee1f1-33f6-483c-a18b-27782ce1915a#0:FAIL-t383] and 0 exception(s); aed1b97f-105e-4684-b087-4b6333aa3ced@group-F043E0AED0ED:t383, leader=null, voted=aed1b97f-105e-4684-b087-4b6333aa3ced, raftlog=aed1b97f-105e-4684-b087-4b6333aa3ced@group-F043E0AED0ED-SegmentedRaftLog:OPENED:c-1,f-1,i0, conf=-1: [aed1b97f-105e-4684-b087-4b6333aa3ced:192.168.157.195:34943, 1c51b35f-55cb-4636-a00c-83d34bf2d9d4:192.168.157.195:34693, d21ee1f1-33f6-483c-a18b-27782ce1915a:192.168.157.195:46462], old=null
2019-10-23 22:22:27,729 [aed1b97f-105e-4684-b087-4b6333aa3ced@group-F043E0AED0ED-LeaderElection341] INFO  impl.RaftServerImpl (RaftServerImpl.java:setRole(184)) - aed1b97f-105e-4684-b087-4b6333aa3ced@group-F043E0AED0ED: changes role from CANDIDATE to FOLLOWER at term 383 for DISCOVERED_A_NEW_TERM
2019-10-23 22:22:27,729 [aed1b97f-105e-4684-b087-4b6333aa3ced@group-F043E0AED0ED-LeaderElection341] INFO  impl.RoleInfo (RoleInfo.java:shutdownLeaderElection(134)) - aed1b97f-105e-4684-b087-4b6333aa3ced: shutdown LeaderElection
2019-10-23 22:22:27,729 [aed1b97f-105e-4684-b087-4b6333aa3ced@group-F043E0AED0ED-LeaderElection341] INFO  impl.RoleInfo (RoleInfo.java:updateAndGet(143)) - aed1b97f-105e-4684-b087-4b6333aa3ced: start FollowerState
2019-10-23 22:22:27,755 [Thread-2543] INFO  impl.FollowerState (FollowerState.java:run(108)) - aed1b97f-105e-4684-b087-4b6333aa3ced@group-F043E0AED0ED-FollowerState: change to CANDIDATE, lastRpcTime:25ms, electionTimeout:25ms
2019-10-23 22:22:27,755 [Thread-2543] INFO  impl.RoleInfo (RoleInfo.java:shutdownFollowerState(121)) - aed1b97f-105e-4684-b087-4b6333aa3ced: shutdown FollowerState
2019-10-23 22:22:27,755 [Thread-2543] INFO  impl.RaftServerImpl (RaftServerImpl.java:setRole(184)) - aed1b97f-105e-4684-b087-4b6333aa3ced@group-F043E0AED0ED: changes role from  FOLLOWER to CANDIDATE at term 383 for changeToCandidate
2019-10-23 22:22:27,755 [Thread-2543] INFO  impl.RoleInfo (RoleInfo.java:updateAndGet(143)) - aed1b97f-105e-4684-b087-4b6333aa3ced: start LeaderElection
2019-10-23 22:22:27,769 [aed1b97f-105e-4684-b087-4b6333aa3ced@group-F043E0AED0ED-LeaderElection342] INFO  impl.LeaderElection (LeaderElection.java:askForVotes(178)) - aed1b97f-105e-4684-b087-4b6333aa3ced@group-F043E0AED0ED-LeaderElection342: begin an election at term 384 for -1: [aed1b97f-105e-4684-b087-4b6333aa3ced:192.168.157.195:34943, 1c51b35f-55cb-4636-a00c-83d34bf2d9d4:192.168.157.195:34693, d21ee1f1-33f6-483c-a18b-27782ce1915a:192.168.157.195:46462], old=null
2019-10-23 22:22:27,770 [grpc-default-executor-4] INFO  impl.RaftServerImpl (RaftServerImpl.java:setRole(184)) - 1c51b35f-55cb-4636-a00c-83d34bf2d9d4@group-F043E0AED0ED: changes role from  FOLLOWER to FOLLOWER at term 384 for recognizeCandidate:aed1b97f-105e-4684-b087-4b6333aa3ced
2019-10-23 22:22:27,771 [grpc-default-executor-4] INFO  impl.RoleInfo (RoleInfo.java:shutdownFollowerState(121)) - 1c51b35f-55cb-4636-a00c-83d34bf2d9d4: shutdown FollowerState
2019-10-23 22:22:27,771 [grpc-default-executor-3] INFO  impl.RaftServerImpl (RaftServerImpl.java:setRole(184)) - d21ee1f1-33f6-483c-a18b-27782ce1915a@group-F043E0AED0ED: changes role from  FOLLOWER to FOLLOWER at term 384 for recognizeCandidate:aed1b97f-105e-4684-b087-4b6333aa3ced
2019-10-23 22:22:27,771 [Thread-2542] INFO  impl.FollowerState (FollowerState.java:run(117)) - 1c51b35f-55cb-4636-a00c-83d34bf2d9d4@group-F043E0AED0ED-FollowerState was interrupted: java.lang.InterruptedException: sleep interrupted
2019-10-23 22:22:27,771 [grpc-default-executor-4] INFO  impl.RoleInfo (RoleInfo.java:updateAndGet(143)) - 1c51b35f-55cb-4636-a00c-83d34bf2d9d4: start FollowerState
2019-10-23 22:22:27,771 [grpc-default-executor-3] INFO  impl.RoleInfo (RoleInfo.java:shutdownFollowerState(121)) - d21ee1f1-33f6-483c-a18b-27782ce1915a: shutdown FollowerState
2019-10-23 22:22:27,771 [grpc-default-executor-3] INFO  impl.RoleInfo (RoleInfo.java:updateAndGet(143)) - d21ee1f1-33f6-483c-a18b-27782ce1915a: start FollowerState
2019-10-23 22:22:27,771 [Thread-2541] INFO  impl.FollowerState (FollowerState.java:run(117)) - d21ee1f1-33f6-483c-a18b-27782ce1915a@group-F043E0AED0ED-FollowerState was interrupted: java.lang.InterruptedException: sleep interrupted
2019-10-23 22:22:27,786 [aed1b97f-105e-4684-b087-4b6333aa3ced@group-F043E0AED0ED-LeaderElection342] INFO  impl.LeaderElection (LeaderElection.java:logAndReturn(56)) - aed1b97f-105e-4684-b087-4b6333aa3ced@group-F043E0AED0ED-LeaderElection342: Election REJECTED; received 2 response(s) [aed1b97f-105e-4684-b087-4b6333aa3ced<-1c51b35f-55cb-4636-a00c-83d34bf2d9d4#0:FAIL-t384, aed1b97f-105e-4684-b087-4b6333aa3ced<-d21ee1f1-33f6-483c-a18b-27782ce1915a#0:FAIL-t384] and 0 exception(s); aed1b97f-105e-4684-b087-4b6333aa3ced@group-F043E0AED0ED:t384, leader=null, voted=aed1b97f-105e-4684-b087-4b6333aa3ced, raftlog=aed1b97f-105e-4684-b087-4b6333aa3ced@group-F043E0AED0ED-SegmentedRaftLog:OPENED:c-1,f-1,i0, conf=-1: [aed1b97f-105e-4684-b087-4b6333aa3ced:192.168.157.195:34943, 1c51b35f-55cb-4636-a00c-83d34bf2d9d4:192.168.157.195:34693, d21ee1f1-33f6-483c-a18b-27782ce1915a:192.168.157.195:46462], old=null
2019-10-23 22:22:27,786 [aed1b97f-105e-4684-b087-4b6333aa3ced@group-F043E0AED0ED-LeaderElection342] INFO  impl.RaftServerImpl (RaftServerImpl.java:setRole(184)) - aed1b97f-105e-4684-b087-4b6333aa3ced@group-F043E0AED0ED: changes role from CANDIDATE to FOLLOWER at term 384 for DISCOVERED_A_NEW_TERM
2019-10-23 22:22:27,786 [aed1b97f-105e-4684-b087-4b6333aa3ced@group-F043E0AED0ED-LeaderElection342] INFO  impl.RoleInfo (RoleInfo.java:shutdownLeaderElection(134)) - aed1b97f-105e-4684-b087-4b6333aa3ced: shutdown LeaderElection
2019-10-23 22:22:27,786 [aed1b97f-105e-4684-b087-4b6333aa3ced@group-F043E0AED0ED-LeaderElection342] INFO  impl.RoleInfo (RoleInfo.java:updateAndGet(143)) - aed1b97f-105e-4684-b087-4b6333aa3ced: start FollowerState
2019-10-23 22:22:27,902 [Thread-2549] INFO  impl.FollowerState (FollowerState.java:run(108)) - aed1b97f-105e-4684-b087-4b6333aa3ced@group-F043E0AED0ED-FollowerState: change to CANDIDATE, lastRpcTime:115ms, electionTimeout:115ms
2019-10-23 22:22:27,902 [Thread-2549] INFO  impl.RoleInfo (RoleInfo.java:shutdownFollowerState(121)) - aed1b97f-105e-4684-b087-4b6333aa3ced: shutdown FollowerState
2019-10-23 22:22:27,902 [Thread-2549] INFO  impl.RaftServerImpl (RaftServerImpl.java:setRole(184)) - aed1b97f-105e-4684-b087-4b6333aa3ced@group-F043E0AED0ED: changes role from  FOLLOWER to CANDIDATE at term 384 for changeToCandidate
2019-10-23 22:22:27,902 [Thread-2549] INFO  impl.RoleInfo (RoleInfo.java:updateAndGet(143)) - aed1b97f-105e-4684-b087-4b6333aa3ced: start LeaderElection
2019-10-23 22:22:27,916 [aed1b97f-105e-4684-b087-4b6333aa3ced@group-F043E0AED0ED-LeaderElection343] INFO  impl.LeaderElection (LeaderElection.java:askForVotes(178)) - aed1b97f-105e-4684-b087-4b6333aa3ced@group-F043E0AED0ED-LeaderElection343: begin an election at term 385 for -1: [aed1b97f-105e-4684-b087-4b6333aa3ced:192.168.157.195:34943, 1c51b35f-55cb-4636-a00c-83d34bf2d9d4:192.168.157.195:34693, d21ee1f1-33f6-483c-a18b-27782ce1915a:192.168.157.195:46462], old=null
2019-10-23 22:22:27,918 [grpc-default-executor-3] INFO  impl.RaftServerImpl (RaftServerImpl.java:setRole(184)) - 1c51b35f-55cb-4636-a00c-83d34bf2d9d4@group-F043E0AED0ED: changes role from  FOLLOWER to FOLLOWER at term 385 for recognizeCandidate:aed1b97f-105e-4684-b087-4b6333aa3ced
2019-10-23 22:22:27,918 [grpc-default-executor-5] INFO  impl.RaftServerImpl (RaftServerImpl.java:setRole(184)) - d21ee1f1-33f6-483c-a18b-27782ce1915a@group-F043E0AED0ED: changes role from  FOLLOWER to FOLLOWER at term 385 for recognizeCandidate:aed1b97f-105e-4684-b087-4b6333aa3ced
2019-10-23 22:22:27,918 [grpc-default-executor-3] INFO  impl.RoleInfo (RoleInfo.java:shutdownFollowerState(121)) - 1c51b35f-55cb-4636-a00c-83d34bf2d9d4: shutdown FollowerState
2019-10-23 22:22:27,918 [grpc-default-executor-5] INFO  impl.RoleInfo (RoleInfo.java:shutdownFollowerState(121)) - d21ee1f1-33f6-483c-a18b-27782ce1915a: shutdown FollowerState
2019-10-23 22:22:27,918 [Thread-2547] INFO  impl.FollowerState (FollowerState.java:run(117)) - 1c51b35f-55cb-4636-a00c-83d34bf2d9d4@group-F043E0AED0ED-FollowerState was interrupted: java.lang.InterruptedException: sleep interrupted
2019-10-23 22:22:27,919 [Thread-2548] INFO  impl.FollowerState (FollowerState.java:run(117)) - d21ee1f1-33f6-483c-a18b-27782ce1915a@group-F043E0AED0ED-FollowerState was interrupted: java.lang.InterruptedException: sleep interrupted
2019-10-23 22:22:27,918 [grpc-default-executor-3] INFO  impl.RoleInfo (RoleInfo.java:updateAndGet(143)) - 1c51b35f-55cb-4636-a00c-83d34bf2d9d4: start FollowerState
2019-10-23 22:22:27,919 [grpc-default-executor-5] INFO  impl.RoleInfo (RoleInfo.java:updateAndGet(143)) - d21ee1f1-33f6-483c-a18b-27782ce1915a: start FollowerState
2019-10-23 22:22:27,933 [aed1b97f-105e-4684-b087-4b6333aa3ced@group-F043E0AED0ED-LeaderElection343] INFO  impl.LeaderElection (LeaderElection.java:logAndReturn(56)) - aed1b97f-105e-4684-b087-4b6333aa3ced@group-F043E0AED0ED-LeaderElection343: Election REJECTED; received 2 response(s) [aed1b97f-105e-4684-b087-4b6333aa3ced<-1c51b35f-55cb-4636-a00c-83d34bf2d9d4#0:FAIL-t385, aed1b97f-105e-4684-b087-4b6333aa3ced<-d21ee1f1-33f6-483c-a18b-27782ce1915a#0:FAIL-t385] and 0 exception(s); aed1b97f-105e-4684-b087-4b6333aa3ced@group-F043E0AED0ED:t385, leader=null, voted=aed1b97f-105e-4684-b087-4b6333aa3ced, raftlog=aed1b97f-105e-4684-b087-4b6333aa3ced@group-F043E0AED0ED-SegmentedRaftLog:OPENED:c-1,f-1,i0, conf=-1: [aed1b97f-105e-4684-b087-4b6333aa3ced:192.168.157.195:34943, 1c51b35f-55cb-4636-a00c-83d34bf2d9d4:192.168.157.195:34693, d21ee1f1-33f6-483c-a18b-27782ce1915a:192.168.157.195:46462], old=null
2019-10-23 22:22:27,933 [aed1b97f-105e-4684-b087-4b6333aa3ced@group-F043E0AED0ED-LeaderElection343] INFO  impl.RaftServerImpl (RaftServerImpl.java:setRole(184)) - aed1b97f-105e-4684-b087-4b6333aa3ced@group-F043E0AED0ED: changes role from CANDIDATE to FOLLOWER at term 385 for DISCOVERED_A_NEW_TERM
2019-10-23 22:22:27,934 [aed1b97f-105e-4684-b087-4b6333aa3ced@group-F043E0AED0ED-LeaderElection343] INFO  impl.RoleInfo (RoleInfo.java:shutdownLeaderElection(134)) - aed1b97f-105e-4684-b087-4b6333aa3ced: shutdown LeaderElection
2019-10-23 22:22:27,934 [aed1b97f-105e-4684-b087-4b6333aa3ced@group-F043E0AED0ED-LeaderElection343] INFO  impl.RoleInfo (RoleInfo.java:updateAndGet(143)) - aed1b97f-105e-4684-b087-4b6333aa3ced: start FollowerState
2019-10-23 22:22:27,959 [Thread-2555] INFO  impl.FollowerState (FollowerState.java:run(108)) - aed1b97f-105e-4684-b087-4b6333aa3ced@group-F043E0AED0ED-FollowerState: change to CANDIDATE, lastRpcTime:25ms, electionTimeout:25ms
2019-10-23 22:22:27,959 [Thread-2555] INFO  impl.RoleInfo (RoleInfo.java:shutdownFollowerState(121)) - aed1b97f-105e-4684-b087-4b6333aa3ced: shutdown FollowerState
2019-10-23 22:22:27,959 [Thread-2555] INFO  impl.RaftServerImpl (RaftServerImpl.java:setRole(184)) - aed1b97f-105e-4684-b087-4b6333aa3ced@group-F043E0AED0ED: changes role from  FOLLOWER to CANDIDATE at term 385 for changeToCandidate
2019-10-23 22:22:27,959 [Thread-2555] INFO  impl.RoleInfo (RoleInfo.java:updateAndGet(143)) - aed1b97f-105e-4684-b087-4b6333aa3ced: start LeaderElection
2019-10-23 22:22:27,973 [aed1b97f-105e-4684-b087-4b6333aa3ced@group-F043E0AED0ED-LeaderElection344] INFO  impl.LeaderElection (LeaderElection.java:askForVotes(178)) - aed1b97f-105e-4684-b087-4b6333aa3ced@group-F043E0AED0ED-LeaderElection344: begin an election at term 386 for -1: [aed1b97f-105e-4684-b087-4b6333aa3ced:192.168.157.195:34943, 1c51b35f-55cb-4636-a00c-83d34bf2d9d4:192.168.157.195:34693, d21ee1f1-33f6-483c-a18b-27782ce1915a:192.168.157.195:46462], old=null
2019-10-23 22:22:27,974 [grpc-default-executor-5] INFO  impl.RaftServerImpl (RaftServerImpl.java:setRole(184)) - 1c51b35f-55cb-4636-a00c-83d34bf2d9d4@group-F043E0AED0ED: changes role from  FOLLOWER to FOLLOWER at term 386 for recognizeCandidate:aed1b97f-105e-4684-b087-4b6333aa3ced
2019-10-23 22:22:27,974 [grpc-default-executor-5] INFO  impl.RoleInfo (RoleInfo.java:shutdownFollowerState(121)) - 1c51b35f-55cb-4636-a00c-83d34bf2d9d4: shutdown FollowerState
2019-10-23 22:22:27,974 [grpc-default-executor-3] INFO  impl.RaftServerImpl (RaftServerImpl.java:setRole(184)) - d21ee1f1-33f6-483c-a18b-27782ce1915a@group-F043E0AED0ED: changes role from  FOLLOWER to FOLLOWER at term 386 for recognizeCandidate:aed1b97f-105e-4684-b087-4b6333aa3ced
2019-10-23 22:22:27,974 [Thread-2553] INFO  impl.FollowerState (FollowerState.java:run(117)) - 1c51b35f-55cb-4636-a00c-83d34bf2d9d4@group-F043E0AED0ED-FollowerState was interrupted: java.lang.InterruptedException: sleep interrupted
2019-10-23 22:22:27,974 [grpc-default-executor-5] INFO  impl.RoleInfo (RoleInfo.java:updateAndGet(143)) - 1c51b35f-55cb-4636-a00c-83d34bf2d9d4: start FollowerState
2019-10-23 22:22:27,975 [grpc-default-executor-3] INFO  impl.RoleInfo (RoleInfo.java:shutdownFollowerState(121)) - d21ee1f1-33f6-483c-a18b-27782ce1915a: shutdown FollowerState
2019-10-23 22:22:27,975 [grpc-default-executor-3] INFO  impl.RoleInfo (RoleInfo.java:updateAndGet(143)) - d21ee1f1-33f6-483c-a18b-27782ce1915a: start FollowerState
2019-10-23 22:22:27,975 [Thread-2554] INFO  impl.FollowerState (FollowerState.java:run(117)) - d21ee1f1-33f6-483c-a18b-27782ce1915a@group-F043E0AED0ED-FollowerState was interrupted: java.lang.InterruptedException: sleep interrupted
2019-10-23 22:22:27,990 [aed1b97f-105e-4684-b087-4b6333aa3ced@group-F043E0AED0ED-LeaderElection344] INFO  impl.LeaderElection (LeaderElection.java:logAndReturn(56)) - aed1b97f-105e-4684-b087-4b6333aa3ced@group-F043E0AED0ED-LeaderElection344: Election REJECTED; received 2 response(s) [aed1b97f-105e-4684-b087-4b6333aa3ced<-1c51b35f-55cb-4636-a00c-83d34bf2d9d4#0:FAIL-t386, aed1b97f-105e-4684-b087-4b6333aa3ced<-d21ee1f1-33f6-483c-a18b-27782ce1915a#0:FAIL-t386] and 0 exception(s); aed1b97f-105e-4684-b087-4b6333aa3ced@group-F043E0AED0ED:t386, leader=null, voted=aed1b97f-105e-4684-b087-4b6333aa3ced, raftlog=aed1b97f-105e-4684-b087-4b6333aa3ced@group-F043E0AED0ED-SegmentedRaftLog:OPENED:c-1,f-1,i0, conf=-1: [aed1b97f-105e-4684-b087-4b6333aa3ced:192.168.157.195:34943, 1c51b35f-55cb-4636-a00c-83d34bf2d9d4:192.168.157.195:34693, d21ee1f1-33f6-483c-a18b-27782ce1915a:192.168.157.195:46462], old=null
2019-10-23 22:22:27,990 [aed1b97f-105e-4684-b087-4b6333aa3ced@group-F043E0AED0ED-LeaderElection344] INFO  impl.RaftServerImpl (RaftServerImpl.java:setRole(184)) - aed1b97f-105e-4684-b087-4b6333aa3ced@group-F043E0AED0ED: changes role from CANDIDATE to FOLLOWER at term 386 for DISCOVERED_A_NEW_TERM
2019-10-23 22:22:27,990 [aed1b97f-105e-4684-b087-4b6333aa3ced@group-F043E0AED0ED-LeaderElection344] INFO  impl.RoleInfo (RoleInfo.java:shutdownLeaderElection(134)) - aed1b97f-105e-4684-b087-4b6333aa3ced: shutdown LeaderElection
2019-10-23 22:22:27,990 [aed1b97f-105e-4684-b087-4b6333aa3ced@group-F043E0AED0ED-LeaderElection344] INFO  impl.RoleInfo (RoleInfo.java:updateAndGet(143)) - aed1b97f-105e-4684-b087-4b6333aa3ced: start FollowerState
2019-10-23 22:22:28,057 [Thread-2561] INFO  impl.FollowerState (FollowerState.java:run(108)) - aed1b97f-105e-4684-b087-4b6333aa3ced@group-F043E0AED0ED-FollowerState: change to CANDIDATE, lastRpcTime:66ms, electionTimeout:66ms
2019-10-23 22:22:28,057 [Thread-2561] INFO  impl.RoleInfo (RoleInfo.java:shutdownFollowerState(121)) - aed1b97f-105e-4684-b087-4b6333aa3ced: shutdown FollowerState
2019-10-23 22:22:28,057 [Thread-2561] INFO  impl.RaftServerImpl (RaftServerImpl.java:setRole(184)) - aed1b97f-105e-4684-b087-4b6333aa3ced@group-F043E0AED0ED: changes role from  FOLLOWER to CANDIDATE at term 386 for changeToCandidate
2019-10-23 22:22:28,057 [Thread-2561] INFO  impl.RoleInfo (RoleInfo.java:updateAndGet(143)) - aed1b97f-105e-4684-b087-4b6333aa3ced: start LeaderElection
2019-10-23 22:22:28,071 [aed1b97f-105e-4684-b087-4b6333aa3ced@group-F043E0AED0ED-LeaderElection345] INFO  impl.LeaderElection (LeaderElection.java:askForVotes(178)) - aed1b97f-105e-4684-b087-4b6333aa3ced@group-F043E0AED0ED-LeaderElection345: begin an election at term 387 for -1: [aed1b97f-105e-4684-b087-4b6333aa3ced:192.168.157.195:34943, 1c51b35f-55cb-4636-a00c-83d34bf2d9d4:192.168.157.195:34693, d21ee1f1-33f6-483c-a18b-27782ce1915a:192.168.157.195:46462], old=null
2019-10-23 22:22:28,072 [grpc-default-executor-5] INFO  impl.RaftServerImpl (RaftServerImpl.java:setRole(184)) - d21ee1f1-33f6-483c-a18b-27782ce1915a@group-F043E0AED0ED: changes role from  FOLLOWER to FOLLOWER at term 387 for recognizeCandidate:aed1b97f-105e-4684-b087-4b6333aa3ced
2019-10-23 22:22:28,072 [grpc-default-executor-3] INFO  impl.RaftServerImpl (RaftServerImpl.java:setRole(184)) - 1c51b35f-55cb-4636-a00c-83d34bf2d9d4@group-F043E0AED0ED: changes role from  FOLLOWER to FOLLOWER at term 387 for recognizeCandidate:aed1b97f-105e-4684-b087-4b6333aa3ced
2019-10-23 22:22:28,073 [grpc-default-executor-3] INFO  impl.RoleInfo (RoleInfo.java:shutdownFollowerState(121)) - 1c51b35f-55cb-4636-a00c-83d34bf2d9d4: shutdown FollowerState
2019-10-23 22:22:28,073 [grpc-default-executor-5] INFO  impl.RoleInfo (RoleInfo.java:shutdownFollowerState(121)) - d21ee1f1-33f6-483c-a18b-27782ce1915a: shutdown FollowerState
2019-10-23 22:22:28,073 [grpc-default-executor-3] INFO  impl.RoleInfo (RoleInfo.java:updateAndGet(143)) - 1c51b35f-55cb-4636-a00c-83d34bf2d9d4: start FollowerState
2019-10-23 22:22:28,073 [Thread-2559] INFO  impl.FollowerState (FollowerState.java:run(117)) - 1c51b35f-55cb-4636-a00c-83d34bf2d9d4@group-F043E0AED0ED-FollowerState was interrupted: java.lang.InterruptedException: sleep interrupted
2019-10-23 22:22:28,073 [grpc-default-executor-5] INFO  impl.RoleInfo (RoleInfo.java:updateAndGet(143)) - d21ee1f1-33f6-483c-a18b-27782ce1915a: start FollowerState
2019-10-23 22:22:28,073 [Thread-2560] INFO  impl.FollowerState (FollowerState.java:run(117)) - d21ee1f1-33f6-483c-a18b-27782ce1915a@group-F043E0AED0ED-FollowerState was interrupted: java.lang.InterruptedException: sleep interrupted
2019-10-23 22:22:28,087 [aed1b97f-105e-4684-b087-4b6333aa3ced@group-F043E0AED0ED-LeaderElection345] INFO  impl.LeaderElection (LeaderElection.java:logAndReturn(56)) - aed1b97f-105e-4684-b087-4b6333aa3ced@group-F043E0AED0ED-LeaderElection345: Election REJECTED; received 2 response(s) [aed1b97f-105e-4684-b087-4b6333aa3ced<-1c51b35f-55cb-4636-a00c-83d34bf2d9d4#0:FAIL-t387, aed1b97f-105e-4684-b087-4b6333aa3ced<-d21ee1f1-33f6-483c-a18b-27782ce1915a#0:FAIL-t387] and 0 exception(s); aed1b97f-105e-4684-b087-4b6333aa3ced@group-F043E0AED0ED:t387, leader=null, voted=aed1b97f-105e-4684-b087-4b6333aa3ced, raftlog=aed1b97f-105e-4684-b087-4b6333aa3ced@group-F043E0AED0ED-SegmentedRaftLog:OPENED:c-1,f-1,i0, conf=-1: [aed1b97f-105e-4684-b087-4b6333aa3ced:192.168.157.195:34943, 1c51b35f-55cb-4636-a00c-83d34bf2d9d4:192.168.157.195:34693, d21ee1f1-33f6-483c-a18b-27782ce1915a:192.168.157.195:46462], old=null
2019-10-23 22:22:28,088 [aed1b97f-105e-4684-b087-4b6333aa3ced@group-F043E0AED0ED-LeaderElection345] INFO  impl.RaftServerImpl (RaftServerImpl.java:setRole(184)) - aed1b97f-105e-4684-b087-4b6333aa3ced@group-F043E0AED0ED: changes role from CANDIDATE to FOLLOWER at term 387 for DISCOVERED_A_NEW_TERM
2019-10-23 22:22:28,088 [aed1b97f-105e-4684-b087-4b6333aa3ced@group-F043E0AED0ED-LeaderElection345] INFO  impl.RoleInfo (RoleInfo.java:shutdownLeaderElection(134)) - aed1b97f-105e-4684-b087-4b6333aa3ced: shutdown LeaderElection
2019-10-23 22:22:28,088 [aed1b97f-105e-4684-b087-4b6333aa3ced@group-F043E0AED0ED-LeaderElection345] INFO  impl.RoleInfo (RoleInfo.java:updateAndGet(143)) - aed1b97f-105e-4684-b087-4b6333aa3ced: start FollowerState
2019-10-23 22:22:28,280 [Thread-2567] INFO  impl.FollowerState (FollowerState.java:run(108)) - aed1b97f-105e-4684-b087-4b6333aa3ced@group-F043E0AED0ED-FollowerState: change to CANDIDATE, lastRpcTime:192ms, electionTimeout:192ms
2019-10-23 22:22:28,281 [Thread-2567] INFO  impl.RoleInfo (RoleInfo.java:shutdownFollowerState(121)) - aed1b97f-105e-4684-b087-4b6333aa3ced: shutdown FollowerState
2019-10-23 22:22:28,281 [Thread-2567] INFO  impl.RaftServerImpl (RaftServerImpl.java:setRole(184)) - aed1b97f-105e-4684-b087-4b6333aa3ced@group-F043E0AED0ED: changes role from  FOLLOWER to CANDIDATE at term 387 for changeToCandidate
2019-10-23 22:22:28,281 [Thread-2567] INFO  impl.RoleInfo (RoleInfo.java:updateAndGet(143)) - aed1b97f-105e-4684-b087-4b6333aa3ced: start LeaderElection
2019-10-23 22:22:28,294 [aed1b97f-105e-4684-b087-4b6333aa3ced@group-F043E0AED0ED-LeaderElection346] INFO  impl.LeaderElection (LeaderElection.java:askForVotes(178)) - aed1b97f-105e-4684-b087-4b6333aa3ced@group-F043E0AED0ED-LeaderElection346: begin an election at term 388 for -1: [aed1b97f-105e-4684-b087-4b6333aa3ced:192.168.157.195:34943, 1c51b35f-55cb-4636-a00c-83d34bf2d9d4:192.168.157.195:34693, d21ee1f1-33f6-483c-a18b-27782ce1915a:192.168.157.195:46462], old=null
2019-10-23 22:22:28,296 [grpc-default-executor-5] INFO  impl.RaftServerImpl (RaftServerImpl.java:setRole(184)) - d21ee1f1-33f6-483c-a18b-27782ce1915a@group-F043E0AED0ED: changes role from  FOLLOWER to FOLLOWER at term 388 for recognizeCandidate:aed1b97f-105e-4684-b087-4b6333aa3ced
2019-10-23 22:22:28,296 [grpc-default-executor-3] INFO  impl.RaftServerImpl (RaftServerImpl.java:setRole(184)) - 1c51b35f-55cb-4636-a00c-83d34bf2d9d4@group-F043E0AED0ED: changes role from  FOLLOWER to FOLLOWER at term 388 for recognizeCandidate:aed1b97f-105e-4684-b087-4b6333aa3ced
2019-10-23 22:22:28,296 [grpc-default-executor-5] INFO  impl.RoleInfo (RoleInfo.java:shutdownFollowerState(121)) - d21ee1f1-33f6-483c-a18b-27782ce1915a: shutdown FollowerState
2019-10-23 22:22:28,296 [grpc-default-executor-3] INFO  impl.RoleInfo (RoleInfo.java:shutdownFollowerState(121)) - 1c51b35f-55cb-4636-a00c-83d34bf2d9d4: shutdown FollowerState
2019-10-23 22:22:28,297 [Thread-2566] INFO  impl.FollowerState (FollowerState.java:run(117)) - d21ee1f1-33f6-483c-a18b-27782ce1915a@group-F043E0AED0ED-FollowerState was interrupted: java.lang.InterruptedException: sleep interrupted
2019-10-23 22:22:28,297 [Thread-2565] INFO  impl.FollowerState (FollowerState.java:run(117)) - 1c51b35f-55cb-4636-a00c-83d34bf2d9d4@group-F043E0AED0ED-FollowerState was interrupted: java.lang.InterruptedException: sleep interrupted
2019-10-23 22:22:28,296 [grpc-default-executor-5] INFO  impl.RoleInfo (RoleInfo.java:updateAndGet(143)) - d21ee1f1-33f6-483c-a18b-27782ce1915a: start FollowerState
2019-10-23 22:22:28,297 [grpc-default-executor-3] INFO  impl.RoleInfo (RoleInfo.java:updateAndGet(143)) - 1c51b35f-55cb-4636-a00c-83d34bf2d9d4: start FollowerState
2019-10-23 22:22:28,311 [aed1b97f-105e-4684-b087-4b6333aa3ced@group-F043E0AED0ED-LeaderElection346] INFO  impl.LeaderElection (LeaderElection.java:logAndReturn(56)) - aed1b97f-105e-4684-b087-4b6333aa3ced@group-F043E0AED0ED-LeaderElection346: Election REJECTED; received 2 response(s) [aed1b97f-105e-4684-b087-4b6333aa3ced<-1c51b35f-55cb-4636-a00c-83d34bf2d9d4#0:FAIL-t388, aed1b97f-105e-4684-b087-4b6333aa3ced<-d21ee1f1-33f6-483c-a18b-27782ce1915a#0:FAIL-t388] and 0 exception(s); aed1b97f-105e-4684-b087-4b6333aa3ced@group-F043E0AED0ED:t388, leader=null, voted=aed1b97f-105e-4684-b087-4b6333aa3ced, raftlog=aed1b97f-105e-4684-b087-4b6333aa3ced@group-F043E0AED0ED-SegmentedRaftLog:OPENED:c-1,f-1,i0, conf=-1: [aed1b97f-105e-4684-b087-4b6333aa3ced:192.168.157.195:34943, 1c51b35f-55cb-4636-a00c-83d34bf2d9d4:192.168.157.195:34693, d21ee1f1-33f6-483c-a18b-27782ce1915a:192.168.157.195:46462], old=null
2019-10-23 22:22:28,312 [aed1b97f-105e-4684-b087-4b6333aa3ced@group-F043E0AED0ED-LeaderElection346] INFO  impl.RaftServerImpl (RaftServerImpl.java:setRole(184)) - aed1b97f-105e-4684-b087-4b6333aa3ced@group-F043E0AED0ED: changes role from CANDIDATE to FOLLOWER at term 388 for DISCOVERED_A_NEW_TERM
2019-10-23 22:22:28,312 [aed1b97f-105e-4684-b087-4b6333aa3ced@group-F043E0AED0ED-LeaderElection346] INFO  impl.RoleInfo (RoleInfo.java:shutdownLeaderElection(134)) - aed1b97f-105e-4684-b087-4b6333aa3ced: shutdown LeaderElection
2019-10-23 22:22:28,312 [aed1b97f-105e-4684-b087-4b6333aa3ced@group-F043E0AED0ED-LeaderElection346] INFO  impl.RoleInfo (RoleInfo.java:updateAndGet(143)) - aed1b97f-105e-4684-b087-4b6333aa3ced: start FollowerState
2019-10-23 22:22:28,398 [Thread-2573] INFO  impl.FollowerState (FollowerState.java:run(108)) - aed1b97f-105e-4684-b087-4b6333aa3ced@group-F043E0AED0ED-FollowerState: change to CANDIDATE, lastRpcTime:86ms, electionTimeout:86ms
2019-10-23 22:22:28,398 [Thread-2573] INFO  impl.RoleInfo (RoleInfo.java:shutdownFollowerState(121)) - aed1b97f-105e-4684-b087-4b6333aa3ced: shutdown FollowerState
2019-10-23 22:22:28,398 [Thread-2573] INFO  impl.RaftServerImpl (RaftServerImpl.java:setRole(184)) - aed1b97f-105e-4684-b087-4b6333aa3ced@group-F043E0AED0ED: changes role from  FOLLOWER to CANDIDATE at term 388 for changeToCandidate
2019-10-23 22:22:28,399 [Thread-2573] INFO  impl.RoleInfo (RoleInfo.java:updateAndGet(143)) - aed1b97f-105e-4684-b087-4b6333aa3ced: start LeaderElection
2019-10-23 22:22:28,412 [aed1b97f-105e-4684-b087-4b6333aa3ced@group-F043E0AED0ED-LeaderElection347] INFO  impl.LeaderElection (LeaderElection.java:askForVotes(178)) - aed1b97f-105e-4684-b087-4b6333aa3ced@group-F043E0AED0ED-LeaderElection347: begin an election at term 389 for -1: [aed1b97f-105e-4684-b087-4b6333aa3ced:192.168.157.195:34943, 1c51b35f-55cb-4636-a00c-83d34bf2d9d4:192.168.157.195:34693, d21ee1f1-33f6-483c-a18b-27782ce1915a:192.168.157.195:46462], old=null
2019-10-23 22:22:28,414 [grpc-default-executor-3] INFO  impl.RaftServerImpl (RaftServerImpl.java:setRole(184)) - 1c51b35f-55cb-4636-a00c-83d34bf2d9d4@group-F043E0AED0ED: changes role from  FOLLOWER to FOLLOWER at term 389 for recognizeCandidate:aed1b97f-105e-4684-b087-4b6333aa3ced
2019-10-23 22:22:28,414 [grpc-default-executor-5] INFO  impl.RaftServerImpl (RaftServerImpl.java:setRole(184)) - d21ee1f1-33f6-483c-a18b-27782ce1915a@group-F043E0AED0ED: changes role from  FOLLOWER to FOLLOWER at term 389 for recognizeCandidate:aed1b97f-105e-4684-b087-4b6333aa3ced
2019-10-23 22:22:28,414 [grpc-default-executor-5] INFO  impl.RoleInfo (RoleInfo.java:shutdownFollowerState(121)) - d21ee1f1-33f6-483c-a18b-27782ce1915a: shutdown FollowerState
2019-10-23 22:22:28,414 [grpc-default-executor-3] INFO  impl.RoleInfo (RoleInfo.java:shutdownFollowerState(121)) - 1c51b35f-55cb-4636-a00c-83d34bf2d9d4: shutdown FollowerState
2019-10-23 22:22:28,414 [Thread-2571] INFO  impl.FollowerState (FollowerState.java:run(117)) - d21ee1f1-33f6-483c-a18b-27782ce1915a@group-F043E0AED0ED-FollowerState was interrupted: java.lang.InterruptedException: sleep interrupted
2019-10-23 22:22:28,414 [grpc-default-executor-5] INFO  impl.RoleInfo (RoleInfo.java:updateAndGet(143)) - d21ee1f1-33f6-483c-a18b-27782ce1915a: start FollowerState
2019-10-23 22:22:28,414 [grpc-default-executor-3] INFO  impl.RoleInfo (RoleInfo.java:updateAndGet(143)) - 1c51b35f-55cb-4636-a00c-83d34bf2d9d4: start FollowerState
2019-10-23 22:22:28,414 [Thread-2572] INFO  impl.FollowerState (FollowerState.java:run(117)) - 1c51b35f-55cb-4636-a00c-83d34bf2d9d4@group-F043E0AED0ED-FollowerState was interrupted: java.lang.InterruptedException: sleep interrupted
2019-10-23 22:22:28,428 [aed1b97f-105e-4684-b087-4b6333aa3ced@group-F043E0AED0ED-LeaderElection347] INFO  impl.LeaderElection (LeaderElection.java:logAndReturn(56)) - aed1b97f-105e-4684-b087-4b6333aa3ced@group-F043E0AED0ED-LeaderElection347: Election REJECTED; received 2 response(s) [aed1b97f-105e-4684-b087-4b6333aa3ced<-1c51b35f-55cb-4636-a00c-83d34bf2d9d4#0:FAIL-t389, aed1b97f-105e-4684-b087-4b6333aa3ced<-d21ee1f1-33f6-483c-a18b-27782ce1915a#0:FAIL-t389] and 0 exception(s); aed1b97f-105e-4684-b087-4b6333aa3ced@group-F043E0AED0ED:t389, leader=null, voted=aed1b97f-105e-4684-b087-4b6333aa3ced, raftlog=aed1b97f-105e-4684-b087-4b6333aa3ced@group-F043E0AED0ED-SegmentedRaftLog:OPENED:c-1,f-1,i0, conf=-1: [aed1b97f-105e-4684-b087-4b6333aa3ced:192.168.157.195:34943, 1c51b35f-55cb-4636-a00c-83d34bf2d9d4:192.168.157.195:34693, d21ee1f1-33f6-483c-a18b-27782ce1915a:192.168.157.195:46462], old=null
2019-10-23 22:22:28,429 [aed1b97f-105e-4684-b087-4b6333aa3ced@group-F043E0AED0ED-LeaderElection347] INFO  impl.RaftServerImpl (RaftServerImpl.java:setRole(184)) - aed1b97f-105e-4684-b087-4b6333aa3ced@group-F043E0AED0ED: changes role from CANDIDATE to FOLLOWER at term 389 for DISCOVERED_A_NEW_TERM
2019-10-23 22:22:28,429 [aed1b97f-105e-4684-b087-4b6333aa3ced@group-F043E0AED0ED-LeaderElection347] INFO  impl.RoleInfo (RoleInfo.java:shutdownLeaderElection(134)) - aed1b97f-105e-4684-b087-4b6333aa3ced: shutdown LeaderElection
2019-10-23 22:22:28,429 [aed1b97f-105e-4684-b087-4b6333aa3ced@group-F043E0AED0ED-LeaderElection347] INFO  impl.RoleInfo (RoleInfo.java:updateAndGet(143)) - aed1b97f-105e-4684-b087-4b6333aa3ced: start FollowerState
2019-10-23 22:22:28,589 [Thread-2579] INFO  impl.FollowerState (FollowerState.java:run(108)) - aed1b97f-105e-4684-b087-4b6333aa3ced@group-F043E0AED0ED-FollowerState: change to CANDIDATE, lastRpcTime:160ms, electionTimeout:160ms
2019-10-23 22:22:28,589 [Thread-2579] INFO  impl.RoleInfo (RoleInfo.java:shutdownFollowerState(121)) - aed1b97f-105e-4684-b087-4b6333aa3ced: shutdown FollowerState
2019-10-23 22:22:28,589 [Thread-2579] INFO  impl.RaftServerImpl (RaftServerImpl.java:setRole(184)) - aed1b97f-105e-4684-b087-4b6333aa3ced@group-F043E0AED0ED: changes role from  FOLLOWER to CANDIDATE at term 389 for changeToCandidate
2019-10-23 22:22:28,590 [Thread-2579] INFO  impl.RoleInfo (RoleInfo.java:updateAndGet(143)) - aed1b97f-105e-4684-b087-4b6333aa3ced: start LeaderElection
2019-10-23 22:22:28,612 [aed1b97f-105e-4684-b087-4b6333aa3ced@group-F043E0AED0ED-LeaderElection348] INFO  impl.LeaderElection (LeaderElection.java:askForVotes(178)) - aed1b97f-105e-4684-b087-4b6333aa3ced@group-F043E0AED0ED-LeaderElection348: begin an election at term 390 for -1: [aed1b97f-105e-4684-b087-4b6333aa3ced:192.168.157.195:34943, 1c51b35f-55cb-4636-a00c-83d34bf2d9d4:192.168.157.195:34693, d21ee1f1-33f6-483c-a18b-27782ce1915a:192.168.157.195:46462], old=null
2019-10-23 22:22:28,613 [grpc-default-executor-5] INFO  impl.RaftServerImpl (RaftServerImpl.java:setRole(184)) - 1c51b35f-55cb-4636-a00c-83d34bf2d9d4@group-F043E0AED0ED: changes role from  FOLLOWER to FOLLOWER at term 390 for recognizeCandidate:aed1b97f-105e-4684-b087-4b6333aa3ced
2019-10-23 22:22:28,613 [grpc-default-executor-3] INFO  impl.RaftServerImpl (RaftServerImpl.java:setRole(184)) - d21ee1f1-33f6-483c-a18b-27782ce1915a@group-F043E0AED0ED: changes role from  FOLLOWER to FOLLOWER at term 390 for recognizeCandidate:aed1b97f-105e-4684-b087-4b6333aa3ced
2019-10-23 22:22:28,613 [grpc-default-executor-3] INFO  impl.RoleInfo (RoleInfo.java:shutdownFollowerState(121)) - d21ee1f1-33f6-483c-a18b-27782ce1915a: shutdown FollowerState
2019-10-23 22:22:28,613 [grpc-default-executor-5] INFO  impl.RoleInfo (RoleInfo.java:shutdownFollowerState(121)) - 1c51b35f-55cb-4636-a00c-83d34bf2d9d4: shutdown FollowerState
2019-10-23 22:22:28,613 [Thread-2577] INFO  impl.FollowerState (FollowerState.java:run(117)) - d21ee1f1-33f6-483c-a18b-27782ce1915a@group-F043E0AED0ED-FollowerState was interrupted: java.lang.InterruptedException: sleep interrupted
2019-10-23 22:22:28,614 [Thread-2578] INFO  impl.FollowerState (FollowerState.java:run(117)) - 1c51b35f-55cb-4636-a00c-83d34bf2d9d4@group-F043E0AED0ED-FollowerState was interrupted: java.lang.InterruptedException: sleep interrupted
2019-10-23 22:22:28,613 [grpc-default-executor-3] INFO  impl.RoleInfo (RoleInfo.java:updateAndGet(143)) - d21ee1f1-33f6-483c-a18b-27782ce1915a: start FollowerState
2019-10-23 22:22:28,613 [grpc-default-executor-5] INFO  impl.RoleInfo (RoleInfo.java:updateAndGet(143)) - 1c51b35f-55cb-4636-a00c-83d34bf2d9d4: start FollowerState
2019-10-23 22:22:28,628 [aed1b97f-105e-4684-b087-4b6333aa3ced@group-F043E0AED0ED-LeaderElection348] INFO  impl.LeaderElection (LeaderElection.java:logAndReturn(56)) - aed1b97f-105e-4684-b087-4b6333aa3ced@group-F043E0AED0ED-LeaderElection348: Election REJECTED; received 2 response(s) [aed1b97f-105e-4684-b087-4b6333aa3ced<-1c51b35f-55cb-4636-a00c-83d34bf2d9d4#0:FAIL-t390, aed1b97f-105e-4684-b087-4b6333aa3ced<-d21ee1f1-33f6-483c-a18b-27782ce1915a#0:FAIL-t390] and 0 exception(s); aed1b97f-105e-4684-b087-4b6333aa3ced@group-F043E0AED0ED:t390, leader=null, voted=aed1b97f-105e-4684-b087-4b6333aa3ced, raftlog=aed1b97f-105e-4684-b087-4b6333aa3ced@group-F043E0AED0ED-SegmentedRaftLog:OPENED:c-1,f-1,i0, conf=-1: [aed1b97f-105e-4684-b087-4b6333aa3ced:192.168.157.195:34943, 1c51b35f-55cb-4636-a00c-83d34bf2d9d4:192.168.157.195:34693, d21ee1f1-33f6-483c-a18b-27782ce1915a:192.168.157.195:46462], old=null
2019-10-23 22:22:28,628 [aed1b97f-105e-4684-b087-4b6333aa3ced@group-F043E0AED0ED-LeaderElection348] INFO  impl.RaftServerImpl (RaftServerImpl.java:setRole(184)) - aed1b97f-105e-4684-b087-4b6333aa3ced@group-F043E0AED0ED: changes role from CANDIDATE to FOLLOWER at term 390 for DISCOVERED_A_NEW_TERM
2019-10-23 22:22:28,628 [aed1b97f-105e-4684-b087-4b6333aa3ced@group-F043E0AED0ED-LeaderElection348] INFO  impl.RoleInfo (RoleInfo.java:shutdownLeaderElection(134)) - aed1b97f-105e-4684-b087-4b6333aa3ced: shutdown LeaderElection
2019-10-23 22:22:28,629 [aed1b97f-105e-4684-b087-4b6333aa3ced@group-F043E0AED0ED-LeaderElection348] INFO  impl.RoleInfo (RoleInfo.java:updateAndGet(143)) - aed1b97f-105e-4684-b087-4b6333aa3ced: start FollowerState
2019-10-23 22:22:28,728 [Thread-2587] INFO  impl.FollowerState (FollowerState.java:run(108)) - aed1b97f-105e-4684-b087-4b6333aa3ced@group-F043E0AED0ED-FollowerState: change to CANDIDATE, lastRpcTime:99ms, electionTimeout:99ms
2019-10-23 22:22:28,728 [Thread-2587] INFO  impl.RoleInfo (RoleInfo.java:shutdownFollowerState(121)) - aed1b97f-105e-4684-b087-4b6333aa3ced: shutdown FollowerState
2019-10-23 22:22:28,728 [Thread-2587] INFO  impl.RaftServerImpl (RaftServerImpl.java:setRole(184)) - aed1b97f-105e-4684-b087-4b6333aa3ced@group-F043E0AED0ED: changes role from  FOLLOWER to CANDIDATE at term 390 for changeToCandidate
2019-10-23 22:22:28,728 [Thread-2587] INFO  impl.RoleInfo (RoleInfo.java:updateAndGet(143)) - aed1b97f-105e-4684-b087-4b6333aa3ced: start LeaderElection
2019-10-23 22:22:28,742 [aed1b97f-105e-4684-b087-4b6333aa3ced@group-F043E0AED0ED-LeaderElection349] INFO  impl.LeaderElection (LeaderElection.java:askForVotes(178)) - aed1b97f-105e-4684-b087-4b6333aa3ced@group-F043E0AED0ED-LeaderElection349: begin an election at term 391 for -1: [aed1b97f-105e-4684-b087-4b6333aa3ced:192.168.157.195:34943, 1c51b35f-55cb-4636-a00c-83d34bf2d9d4:192.168.157.195:34693, d21ee1f1-33f6-483c-a18b-27782ce1915a:192.168.157.195:46462], old=null
2019-10-23 22:22:28,743 [grpc-default-executor-3] INFO  impl.RaftServerImpl (RaftServerImpl.java:setRole(184)) - d21ee1f1-33f6-483c-a18b-27782ce1915a@group-F043E0AED0ED: changes role from  FOLLOWER to FOLLOWER at term 391 for recognizeCandidate:aed1b97f-105e-4684-b087-4b6333aa3ced
2019-10-23 22:22:28,743 [grpc-default-executor-3] INFO  impl.RoleInfo (RoleInfo.java:shutdownFollowerState(121)) - d21ee1f1-33f6-483c-a18b-27782ce1915a: shutdown FollowerState
2019-10-23 22:22:28,743 [grpc-default-executor-5] INFO  impl.RaftServerImpl (RaftServerImpl.java:setRole(184)) - 1c51b35f-55cb-4636-a00c-83d34bf2d9d4@group-F043E0AED0ED: changes role from  FOLLOWER to FOLLOWER at term 391 for recognizeCandidate:aed1b97f-105e-4684-b087-4b6333aa3ced
2019-10-23 22:22:28,744 [grpc-default-executor-5] INFO  impl.RoleInfo (RoleInfo.java:shutdownFollowerState(121)) - 1c51b35f-55cb-4636-a00c-83d34bf2d9d4: shutdown FollowerState
2019-10-23 22:22:28,744 [Thread-2585] INFO  impl.FollowerState (FollowerState.java:run(117)) - d21ee1f1-33f6-483c-a18b-27782ce1915a@group-F043E0AED0ED-FollowerState was interrupted: java.lang.InterruptedException: sleep interrupted
2019-10-23 22:22:28,744 [Thread-2586] INFO  impl.FollowerState (FollowerState.java:run(117)) - 1c51b35f-55cb-4636-a00c-83d34bf2d9d4@group-F043E0AED0ED-FollowerState was interrupted: java.lang.InterruptedException: sleep interrupted
2019-10-23 22:22:28,744 [grpc-default-executor-3] INFO  impl.RoleInfo (RoleInfo.java:updateAndGet(143)) - d21ee1f1-33f6-483c-a18b-27782ce1915a: start FollowerState
2019-10-23 22:22:28,744 [grpc-default-executor-5] INFO  impl.RoleInfo (RoleInfo.java:updateAndGet(143)) - 1c51b35f-55cb-4636-a00c-83d34bf2d9d4: start FollowerState
2019-10-23 22:22:28,758 [aed1b97f-105e-4684-b087-4b6333aa3ced@group-F043E0AED0ED-LeaderElection349] INFO  impl.LeaderElection (LeaderElection.java:logAndReturn(56)) - aed1b97f-105e-4684-b087-4b6333aa3ced@group-F043E0AED0ED-LeaderElection349: Election REJECTED; received 2 response(s) [aed1b97f-105e-4684-b087-4b6333aa3ced<-1c51b35f-55cb-4636-a00c-83d34bf2d9d4#0:FAIL-t391, aed1b97f-105e-4684-b087-4b6333aa3ced<-d21ee1f1-33f6-483c-a18b-27782ce1915a#0:FAIL-t391] and 0 exception(s); aed1b97f-105e-4684-b087-4b6333aa3ced@group-F043E0AED0ED:t391, leader=null, voted=aed1b97f-105e-4684-b087-4b6333aa3ced, raftlog=aed1b97f-105e-4684-b087-4b6333aa3ced@group-F043E0AED0ED-SegmentedRaftLog:OPENED:c-1,f-1,i0, conf=-1: [aed1b97f-105e-4684-b087-4b6333aa3ced:192.168.157.195:34943, 1c51b35f-55cb-4636-a00c-83d34bf2d9d4:192.168.157.195:34693, d21ee1f1-33f6-483c-a18b-27782ce1915a:192.168.157.195:46462], old=null
2019-10-23 22:22:28,758 [aed1b97f-105e-4684-b087-4b6333aa3ced@group-F043E0AED0ED-LeaderElection349] INFO  impl.RaftServerImpl (RaftServerImpl.java:setRole(184)) - aed1b97f-105e-4684-b087-4b6333aa3ced@group-F043E0AED0ED: changes role from CANDIDATE to FOLLOWER at term 391 for DISCOVERED_A_NEW_TERM
2019-10-23 22:22:28,758 [aed1b97f-105e-4684-b087-4b6333aa3ced@group-F043E0AED0ED-LeaderElection349] INFO  impl.RoleInfo (RoleInfo.java:shutdownLeaderElection(134)) - aed1b97f-105e-4684-b087-4b6333aa3ced: shutdown LeaderElection
2019-10-23 22:22:28,758 [aed1b97f-105e-4684-b087-4b6333aa3ced@group-F043E0AED0ED-LeaderElection349] INFO  impl.RoleInfo (RoleInfo.java:updateAndGet(143)) - aed1b97f-105e-4684-b087-4b6333aa3ced: start FollowerState
2019-10-23 22:22:28,928 [Thread-2593] INFO  impl.FollowerState (FollowerState.java:run(108)) - aed1b97f-105e-4684-b087-4b6333aa3ced@group-F043E0AED0ED-FollowerState: change to CANDIDATE, lastRpcTime:169ms, electionTimeout:169ms
2019-10-23 22:22:28,928 [Thread-2593] INFO  impl.RoleInfo (RoleInfo.java:shutdownFollowerState(121)) - aed1b97f-105e-4684-b087-4b6333aa3ced: shutdown FollowerState
2019-10-23 22:22:28,928 [Thread-2593] INFO  impl.RaftServerImpl (RaftServerImpl.java:setRole(184)) - aed1b97f-105e-4684-b087-4b6333aa3ced@group-F043E0AED0ED: changes role from  FOLLOWER to CANDIDATE at term 391 for changeToCandidate
2019-10-23 22:22:28,928 [Thread-2593] INFO  impl.RoleInfo (RoleInfo.java:updateAndGet(143)) - aed1b97f-105e-4684-b087-4b6333aa3ced: start LeaderElection
2019-10-23 22:22:28,942 [aed1b97f-105e-4684-b087-4b6333aa3ced@group-F043E0AED0ED-LeaderElection350] INFO  impl.LeaderElection (LeaderElection.java:askForVotes(178)) - aed1b97f-105e-4684-b087-4b6333aa3ced@group-F043E0AED0ED-LeaderElection350: begin an election at term 392 for -1: [aed1b97f-105e-4684-b087-4b6333aa3ced:192.168.157.195:34943, 1c51b35f-55cb-4636-a00c-83d34bf2d9d4:192.168.157.195:34693, d21ee1f1-33f6-483c-a18b-27782ce1915a:192.168.157.195:46462], old=null
2019-10-23 22:22:28,943 [grpc-default-executor-5] INFO  impl.RaftServerImpl (RaftServerImpl.java:setRole(184)) - 1c51b35f-55cb-4636-a00c-83d34bf2d9d4@group-F043E0AED0ED: changes role from  FOLLOWER to FOLLOWER at term 392 for recognizeCandidate:aed1b97f-105e-4684-b087-4b6333aa3ced
2019-10-23 22:22:28,944 [grpc-default-executor-5] INFO  impl.RoleInfo (RoleInfo.java:shutdownFollowerState(121)) - 1c51b35f-55cb-4636-a00c-83d34bf2d9d4: shutdown FollowerState
2019-10-23 22:22:28,943 [grpc-default-executor-3] INFO  impl.RaftServerImpl (RaftServerImpl.java:setRole(184)) - d21ee1f1-33f6-483c-a18b-27782ce1915a@group-F043E0AED0ED: changes role from  FOLLOWER to FOLLOWER at term 392 for recognizeCandidate:aed1b97f-105e-4684-b087-4b6333aa3ced
2019-10-23 22:22:28,944 [grpc-default-executor-3] INFO  impl.RoleInfo (RoleInfo.java:shutdownFollowerState(121)) - d21ee1f1-33f6-483c-a18b-27782ce1915a: shutdown FollowerState
2019-10-23 22:22:28,944 [Thread-2592] INFO  impl.FollowerState (FollowerState.java:run(117)) - 1c51b35f-55cb-4636-a00c-83d34bf2d9d4@group-F043E0AED0ED-FollowerState was interrupted: java.lang.InterruptedException: sleep interrupted
2019-10-23 22:22:28,944 [Thread-2591] INFO  impl.FollowerState (FollowerState.java:run(117)) - d21ee1f1-33f6-483c-a18b-27782ce1915a@group-F043E0AED0ED-FollowerState was interrupted: java.lang.InterruptedException: sleep interrupted
2019-10-23 22:22:28,944 [grpc-default-executor-5] INFO  impl.RoleInfo (RoleInfo.java:updateAndGet(143)) - 1c51b35f-55cb-4636-a00c-83d34bf2d9d4: start FollowerState
2019-10-23 22:22:28,944 [grpc-default-executor-3] INFO  impl.RoleInfo (RoleInfo.java:updateAndGet(143)) - d21ee1f1-33f6-483c-a18b-27782ce1915a: start FollowerState
2019-10-23 22:22:28,958 [aed1b97f-105e-4684-b087-4b6333aa3ced@group-F043E0AED0ED-LeaderElection350] INFO  impl.LeaderElection (LeaderElection.java:logAndReturn(56)) - aed1b97f-105e-4684-b087-4b6333aa3ced@group-F043E0AED0ED-LeaderElection350: Election REJECTED; received 2 response(s) [aed1b97f-105e-4684-b087-4b6333aa3ced<-1c51b35f-55cb-4636-a00c-83d34bf2d9d4#0:FAIL-t392, aed1b97f-105e-4684-b087-4b6333aa3ced<-d21ee1f1-33f6-483c-a18b-27782ce1915a#0:FAIL-t392] and 0 exception(s); aed1b97f-105e-4684-b087-4b6333aa3ced@group-F043E0AED0ED:t392, leader=null, voted=aed1b97f-105e-4684-b087-4b6333aa3ced, raftlog=aed1b97f-105e-4684-b087-4b6333aa3ced@group-F043E0AED0ED-SegmentedRaftLog:OPENED:c-1,f-1,i0, conf=-1: [aed1b97f-105e-4684-b087-4b6333aa3ced:192.168.157.195:34943, 1c51b35f-55cb-4636-a00c-83d34bf2d9d4:192.168.157.195:34693, d21ee1f1-33f6-483c-a18b-27782ce1915a:192.168.157.195:46462], old=null
2019-10-23 22:22:28,959 [aed1b97f-105e-4684-b087-4b6333aa3ced@group-F043E0AED0ED-LeaderElection350] INFO  impl.RaftServerImpl (RaftServerImpl.java:setRole(184)) - aed1b97f-105e-4684-b087-4b6333aa3ced@group-F043E0AED0ED: changes role from CANDIDATE to FOLLOWER at term 392 for DISCOVERED_A_NEW_TERM
2019-10-23 22:22:28,959 [aed1b97f-105e-4684-b087-4b6333aa3ced@group-F043E0AED0ED-LeaderElection350] INFO  impl.RoleInfo (RoleInfo.java:shutdownLeaderElection(134)) - aed1b97f-105e-4684-b087-4b6333aa3ced: shutdown LeaderElection
2019-10-23 22:22:28,959 [aed1b97f-105e-4684-b087-4b6333aa3ced@group-F043E0AED0ED-LeaderElection350] INFO  impl.RoleInfo (RoleInfo.java:updateAndGet(143)) - aed1b97f-105e-4684-b087-4b6333aa3ced: start FollowerState
2019-10-23 22:22:29,062 [Thread-2599] INFO  impl.FollowerState (FollowerState.java:run(108)) - aed1b97f-105e-4684-b087-4b6333aa3ced@group-F043E0AED0ED-FollowerState: change to CANDIDATE, lastRpcTime:103ms, electionTimeout:103ms
2019-10-23 22:22:29,063 [Thread-2599] INFO  impl.RoleInfo (RoleInfo.java:shutdownFollowerState(121)) - aed1b97f-105e-4684-b087-4b6333aa3ced: shutdown FollowerState
2019-10-23 22:22:29,063 [Thread-2599] INFO  impl.RaftServerImpl (RaftServerImpl.java:setRole(184)) - aed1b97f-105e-4684-b087-4b6333aa3ced@group-F043E0AED0ED: changes role from  FOLLOWER to CANDIDATE at term 392 for changeToCandidate
2019-10-23 22:22:29,063 [Thread-2599] INFO  impl.RoleInfo (RoleInfo.java:updateAndGet(143)) - aed1b97f-105e-4684-b087-4b6333aa3ced: start LeaderElection
2019-10-23 22:22:29,091 [aed1b97f-105e-4684-b087-4b6333aa3ced@group-F043E0AED0ED-LeaderElection351] INFO  impl.LeaderElection (LeaderElection.java:askForVotes(178)) - aed1b97f-105e-4684-b087-4b6333aa3ced@group-F043E0AED0ED-LeaderElection351: begin an election at term 393 for -1: [aed1b97f-105e-4684-b087-4b6333aa3ced:192.168.157.195:34943, 1c51b35f-55cb-4636-a00c-83d34bf2d9d4:192.168.157.195:34693, d21ee1f1-33f6-483c-a18b-27782ce1915a:192.168.157.195:46462], old=null
2019-10-23 22:22:29,093 [grpc-default-executor-3] INFO  impl.RaftServerImpl (RaftServerImpl.java:setRole(184)) - d21ee1f1-33f6-483c-a18b-27782ce1915a@group-F043E0AED0ED: changes role from  FOLLOWER to FOLLOWER at term 393 for recognizeCandidate:aed1b97f-105e-4684-b087-4b6333aa3ced
2019-10-23 22:22:29,093 [grpc-default-executor-5] INFO  impl.RaftServerImpl (RaftServerImpl.java:setRole(184)) - 1c51b35f-55cb-4636-a00c-83d34bf2d9d4@group-F043E0AED0ED: changes role from  FOLLOWER to FOLLOWER at term 393 for recognizeCandidate:aed1b97f-105e-4684-b087-4b6333aa3ced
2019-10-23 22:22:29,093 [grpc-default-executor-3] INFO  impl.RoleInfo (RoleInfo.java:shutdownFollowerState(121)) - d21ee1f1-33f6-483c-a18b-27782ce1915a: shutdown FollowerState
2019-10-23 22:22:29,094 [grpc-default-executor-5] INFO  impl.RoleInfo (RoleInfo.java:shutdownFollowerState(121)) - 1c51b35f-55cb-4636-a00c-83d34bf2d9d4: shutdown FollowerState
2019-10-23 22:22:29,094 [Thread-2598] INFO  impl.FollowerState (FollowerState.java:run(117)) - d21ee1f1-33f6-483c-a18b-27782ce1915a@group-F043E0AED0ED-FollowerState was interrupted: java.lang.InterruptedException: sleep interrupted
2019-10-23 22:22:29,094 [grpc-default-executor-3] INFO  impl.RoleInfo (RoleInfo.java:updateAndGet(143)) - d21ee1f1-33f6-483c-a18b-27782ce1915a: start FollowerState
2019-10-23 22:22:29,094 [Thread-2597] INFO  impl.FollowerState (FollowerState.java:run(117)) - 1c51b35f-55cb-4636-a00c-83d34bf2d9d4@group-F043E0AED0ED-FollowerState was interrupted: java.lang.InterruptedException: sleep interrupted
2019-10-23 22:22:29,094 [grpc-default-executor-5] INFO  impl.RoleInfo (RoleInfo.java:updateAndGet(143)) - 1c51b35f-55cb-4636-a00c-83d34bf2d9d4: start FollowerState
2019-10-23 22:22:29,112 [aed1b97f-105e-4684-b087-4b6333aa3ced@group-F043E0AED0ED-LeaderElection351] INFO  impl.LeaderElection (LeaderElection.java:logAndReturn(56)) - aed1b97f-105e-4684-b087-4b6333aa3ced@group-F043E0AED0ED-LeaderElection351: Election REJECTED; received 2 response(s) [aed1b97f-105e-4684-b087-4b6333aa3ced<-1c51b35f-55cb-4636-a00c-83d34bf2d9d4#0:FAIL-t393, aed1b97f-105e-4684-b087-4b6333aa3ced<-d21ee1f1-33f6-483c-a18b-27782ce1915a#0:FAIL-t393] and 0 exception(s); aed1b97f-105e-4684-b087-4b6333aa3ced@group-F043E0AED0ED:t393, leader=null, voted=aed1b97f-105e-4684-b087-4b6333aa3ced, raftlog=aed1b97f-105e-4684-b087-4b6333aa3ced@group-F043E0AED0ED-SegmentedRaftLog:OPENED:c-1,f-1,i0, conf=-1: [aed1b97f-105e-4684-b087-4b6333aa3ced:192.168.157.195:34943, 1c51b35f-55cb-4636-a00c-83d34bf2d9d4:192.168.157.195:34693, d21ee1f1-33f6-483c-a18b-27782ce1915a:192.168.157.195:46462], old=null
2019-10-23 22:22:29,113 [aed1b97f-105e-4684-b087-4b6333aa3ced@group-F043E0AED0ED-LeaderElection351] INFO  impl.RaftServerImpl (RaftServerImpl.java:setRole(184)) - aed1b97f-105e-4684-b087-4b6333aa3ced@group-F043E0AED0ED: changes role from CANDIDATE to FOLLOWER at term 393 for DISCOVERED_A_NEW_TERM
2019-10-23 22:22:29,113 [aed1b97f-105e-4684-b087-4b6333aa3ced@group-F043E0AED0ED-LeaderElection351] INFO  impl.RoleInfo (RoleInfo.java:shutdownLeaderElection(134)) - aed1b97f-105e-4684-b087-4b6333aa3ced: shutdown LeaderElection
2019-10-23 22:22:29,113 [aed1b97f-105e-4684-b087-4b6333aa3ced@group-F043E0AED0ED-LeaderElection351] INFO  impl.RoleInfo (RoleInfo.java:updateAndGet(143)) - aed1b97f-105e-4684-b087-4b6333aa3ced: start FollowerState
2019-10-23 22:22:29,290 [Thread-2605] INFO  impl.FollowerState (FollowerState.java:run(108)) - aed1b97f-105e-4684-b087-4b6333aa3ced@group-F043E0AED0ED-FollowerState: change to CANDIDATE, lastRpcTime:177ms, electionTimeout:177ms
2019-10-23 22:22:29,290 [Thread-2605] INFO  impl.RoleInfo (RoleInfo.java:shutdownFollowerState(121)) - aed1b97f-105e-4684-b087-4b6333aa3ced: shutdown FollowerState
2019-10-23 22:22:29,291 [Thread-2605] INFO  impl.RaftServerImpl (RaftServerImpl.java:setRole(184)) - aed1b97f-105e-4684-b087-4b6333aa3ced@group-F043E0AED0ED: changes role from  FOLLOWER to CANDIDATE at term 393 for changeToCandidate
2019-10-23 22:22:29,291 [Thread-2605] INFO  impl.RoleInfo (RoleInfo.java:updateAndGet(143)) - aed1b97f-105e-4684-b087-4b6333aa3ced: start LeaderElection
2019-10-23 22:22:29,306 [aed1b97f-105e-4684-b087-4b6333aa3ced@group-F043E0AED0ED-LeaderElection352] INFO  impl.LeaderElection (LeaderElection.java:askForVotes(178)) - aed1b97f-105e-4684-b087-4b6333aa3ced@group-F043E0AED0ED-LeaderElection352: begin an election at term 394 for -1: [aed1b97f-105e-4684-b087-4b6333aa3ced:192.168.157.195:34943, 1c51b35f-55cb-4636-a00c-83d34bf2d9d4:192.168.157.195:34693, d21ee1f1-33f6-483c-a18b-27782ce1915a:192.168.157.195:46462], old=null
2019-10-23 22:22:29,308 [grpc-default-executor-3] INFO  impl.RaftServerImpl (RaftServerImpl.java:setRole(184)) - d21ee1f1-33f6-483c-a18b-27782ce1915a@group-F043E0AED0ED: changes role from  FOLLOWER to FOLLOWER at term 394 for recognizeCandidate:aed1b97f-105e-4684-b087-4b6333aa3ced
2019-10-23 22:22:29,308 [grpc-default-executor-5] INFO  impl.RaftServerImpl (RaftServerImpl.java:setRole(184)) - 1c51b35f-55cb-4636-a00c-83d34bf2d9d4@group-F043E0AED0ED: changes role from  FOLLOWER to FOLLOWER at term 394 for recognizeCandidate:aed1b97f-105e-4684-b087-4b6333aa3ced
2019-10-23 22:22:29,308 [grpc-default-executor-5] INFO  impl.RoleInfo (RoleInfo.java:shutdownFollowerState(121)) - 1c51b35f-55cb-4636-a00c-83d34bf2d9d4: shutdown FollowerState
2019-10-23 22:22:29,308 [grpc-default-executor-3] INFO  impl.RoleInfo (RoleInfo.java:shutdownFollowerState(121)) - d21ee1f1-33f6-483c-a18b-27782ce1915a: shutdown FollowerState
2019-10-23 22:22:29,309 [Thread-2604] INFO  impl.FollowerState (FollowerState.java:run(117)) - 1c51b35f-55cb-4636-a00c-83d34bf2d9d4@group-F043E0AED0ED-FollowerState was interrupted: java.lang.InterruptedException: sleep interrupted
2019-10-23 22:22:29,309 [grpc-default-executor-5] INFO  impl.RoleInfo (RoleInfo.java:updateAndGet(143)) - 1c51b35f-55cb-4636-a00c-83d34bf2d9d4: start FollowerState
2019-10-23 22:22:29,309 [aed1b97f-105e-4684-b087-4b6333aa3ced@group-F043E0AED0ED-LeaderElection352] INFO  impl.LeaderElection (LeaderElection.java:logAndReturn(56)) - aed1b97f-105e-4684-b087-4b6333aa3ced@group-F043E0AED0ED-LeaderElection352: Election TIMEOUT; received 0 response(s) [] and 0 exception(s); aed1b97f-105e-4684-b087-4b6333aa3ced@group-F043E0AED0ED:t394, leader=null, voted=aed1b97f-105e-4684-b087-4b6333aa3ced, raftlog=aed1b97f-105e-4684-b087-4b6333aa3ced@group-F043E0AED0ED-SegmentedRaftLog:OPENED:c-1,f-1,i0, conf=-1: [aed1b97f-105e-4684-b087-4b6333aa3ced:192.168.157.195:34943, 1c51b35f-55cb-4636-a00c-83d34bf2d9d4:192.168.157.195:34693, d21ee1f1-33f6-483c-a18b-27782ce1915a:192.168.157.195:46462], old=null
2019-10-23 22:22:29,309 [Thread-2603] INFO  impl.FollowerState (FollowerState.java:run(117)) - d21ee1f1-33f6-483c-a18b-27782ce1915a@group-F043E0AED0ED-FollowerState was interrupted: java.lang.InterruptedException: sleep interrupted
2019-10-23 22:22:29,309 [grpc-default-executor-3] INFO  impl.RoleInfo (RoleInfo.java:updateAndGet(143)) - d21ee1f1-33f6-483c-a18b-27782ce1915a: start FollowerState
2019-10-23 22:22:29,323 [aed1b97f-105e-4684-b087-4b6333aa3ced@group-F043E0AED0ED-LeaderElection352] INFO  impl.LeaderElection (LeaderElection.java:askForVotes(178)) - aed1b97f-105e-4684-b087-4b6333aa3ced@group-F043E0AED0ED-LeaderElection352: begin an election at term 395 for -1: [aed1b97f-105e-4684-b087-4b6333aa3ced:192.168.157.195:34943, 1c51b35f-55cb-4636-a00c-83d34bf2d9d4:192.168.157.195:34693, d21ee1f1-33f6-483c-a18b-27782ce1915a:192.168.157.195:46462], old=null
2019-10-23 22:22:29,325 [grpc-default-executor-3] INFO  impl.RaftServerImpl (RaftServerImpl.java:setRole(184)) - 1c51b35f-55cb-4636-a00c-83d34bf2d9d4@group-F043E0AED0ED: changes role from  FOLLOWER to FOLLOWER at term 395 for recognizeCandidate:aed1b97f-105e-4684-b087-4b6333aa3ced
2019-10-23 22:22:29,325 [grpc-default-executor-5] INFO  impl.RaftServerImpl (RaftServerImpl.java:setRole(184)) - d21ee1f1-33f6-483c-a18b-27782ce1915a@group-F043E0AED0ED: changes role from  FOLLOWER to FOLLOWER at term 395 for recognizeCandidate:aed1b97f-105e-4684-b087-4b6333aa3ced
2019-10-23 22:22:29,325 [grpc-default-executor-5] INFO  impl.RoleInfo (RoleInfo.java:shutdownFollowerState(121)) - d21ee1f1-33f6-483c-a18b-27782ce1915a: shutdown FollowerState
2019-10-23 22:22:29,325 [grpc-default-executor-3] INFO  impl.RoleInfo (RoleInfo.java:shutdownFollowerState(121)) - 1c51b35f-55cb-4636-a00c-83d34bf2d9d4: shutdown FollowerState
2019-10-23 22:22:29,325 [Thread-2610] INFO  impl.FollowerState (FollowerState.java:run(117)) - d21ee1f1-33f6-483c-a18b-27782ce1915a@group-F043E0AED0ED-FollowerState was interrupted: java.lang.InterruptedException: sleep interrupted
2019-10-23 22:22:29,325 [grpc-default-executor-5] INFO  impl.RoleInfo (RoleInfo.java:updateAndGet(143)) - d21ee1f1-33f6-483c-a18b-27782ce1915a: start FollowerState
2019-10-23 22:22:29,325 [Thread-2609] INFO  impl.FollowerState (FollowerState.java:run(117)) - 1c51b35f-55cb-4636-a00c-83d34bf2d9d4@group-F043E0AED0ED-FollowerState was interrupted: java.lang.InterruptedException: sleep interrupted
2019-10-23 22:22:29,325 [grpc-default-executor-3] INFO  impl.RoleInfo (RoleInfo.java:updateAndGet(143)) - 1c51b35f-55cb-4636-a00c-83d34bf2d9d4: start FollowerState
2019-10-23 22:22:29,339 [aed1b97f-105e-4684-b087-4b6333aa3ced@group-F043E0AED0ED-LeaderElection352] INFO  impl.LeaderElection (LeaderElection.java:logAndReturn(56)) - aed1b97f-105e-4684-b087-4b6333aa3ced@group-F043E0AED0ED-LeaderElection352: Election REJECTED; received 2 response(s) [aed1b97f-105e-4684-b087-4b6333aa3ced<-1c51b35f-55cb-4636-a00c-83d34bf2d9d4#0:FAIL-t395, aed1b97f-105e-4684-b087-4b6333aa3ced<-d21ee1f1-33f6-483c-a18b-27782ce1915a#0:FAIL-t395] and 0 exception(s); aed1b97f-105e-4684-b087-4b6333aa3ced@group-F043E0AED0ED:t395, leader=null, voted=aed1b97f-105e-4684-b087-4b6333aa3ced, raftlog=aed1b97f-105e-4684-b087-4b6333aa3ced@group-F043E0AED0ED-SegmentedRaftLog:OPENED:c-1,f-1,i0, conf=-1: [aed1b97f-105e-4684-b087-4b6333aa3ced:192.168.157.195:34943, 1c51b35f-55cb-4636-a00c-83d34bf2d9d4:192.168.157.195:34693, d21ee1f1-33f6-483c-a18b-27782ce1915a:192.168.157.195:46462], old=null
2019-10-23 22:22:29,340 [aed1b97f-105e-4684-b087-4b6333aa3ced@group-F043E0AED0ED-LeaderElection352] INFO  impl.RaftServerImpl (RaftServerImpl.java:setRole(184)) - aed1b97f-105e-4684-b087-4b6333aa3ced@group-F043E0AED0ED: changes role from CANDIDATE to FOLLOWER at term 395 for DISCOVERED_A_NEW_TERM
2019-10-23 22:22:29,340 [aed1b97f-105e-4684-b087-4b6333aa3ced@group-F043E0AED0ED-LeaderElection352] INFO  impl.RoleInfo (RoleInfo.java:shutdownLeaderElection(134)) - aed1b97f-105e-4684-b087-4b6333aa3ced: shutdown LeaderElection
2019-10-23 22:22:29,340 [aed1b97f-105e-4684-b087-4b6333aa3ced@group-F043E0AED0ED-LeaderElection352] INFO  impl.RoleInfo (RoleInfo.java:updateAndGet(143)) - aed1b97f-105e-4684-b087-4b6333aa3ced: start FollowerState
2019-10-23 22:22:29,436 [Thread-2615] INFO  impl.FollowerState (FollowerState.java:run(108)) - aed1b97f-105e-4684-b087-4b6333aa3ced@group-F043E0AED0ED-FollowerState: change to CANDIDATE, lastRpcTime:96ms, electionTimeout:96ms
2019-10-23 22:22:29,436 [Thread-2615] INFO  impl.RoleInfo (RoleInfo.java:shutdownFollowerState(121)) - aed1b97f-105e-4684-b087-4b6333aa3ced: shutdown FollowerState
2019-10-23 22:22:29,436 [Thread-2615] INFO  impl.RaftServerImpl (RaftServerImpl.java:setRole(184)) - aed1b97f-105e-4684-b087-4b6333aa3ced@group-F043E0AED0ED: changes role from  FOLLOWER to CANDIDATE at term 395 for changeToCandidate
2019-10-23 22:22:29,436 [Thread-2615] INFO  impl.RoleInfo (RoleInfo.java:updateAndGet(143)) - aed1b97f-105e-4684-b087-4b6333aa3ced: start LeaderElection
2019-10-23 22:22:29,450 [aed1b97f-105e-4684-b087-4b6333aa3ced@group-F043E0AED0ED-LeaderElection353] INFO  impl.LeaderElection (LeaderElection.java:askForVotes(178)) - aed1b97f-105e-4684-b087-4b6333aa3ced@group-F043E0AED0ED-LeaderElection353: begin an election at term 396 for -1: [aed1b97f-105e-4684-b087-4b6333aa3ced:192.168.157.195:34943, 1c51b35f-55cb-4636-a00c-83d34bf2d9d4:192.168.157.195:34693, d21ee1f1-33f6-483c-a18b-27782ce1915a:192.168.157.195:46462], old=null
2019-10-23 22:22:29,452 [grpc-default-executor-3] INFO  impl.RaftServerImpl (RaftServerImpl.java:setRole(184)) - d21ee1f1-33f6-483c-a18b-27782ce1915a@group-F043E0AED0ED: changes role from  FOLLOWER to FOLLOWER at term 396 for recognizeCandidate:aed1b97f-105e-4684-b087-4b6333aa3ced
2019-10-23 22:22:29,452 [grpc-default-executor-5] INFO  impl.RaftServerImpl (RaftServerImpl.java:setRole(184)) - 1c51b35f-55cb-4636-a00c-83d34bf2d9d4@group-F043E0AED0ED: changes role from  FOLLOWER to FOLLOWER at term 396 for recognizeCandidate:aed1b97f-105e-4684-b087-4b6333aa3ced
2019-10-23 22:22:29,453 [grpc-default-executor-5] INFO  impl.RoleInfo (RoleInfo.java:shutdownFollowerState(121)) - 1c51b35f-55cb-4636-a00c-83d34bf2d9d4: shutdown FollowerState
2019-10-23 22:22:29,452 [grpc-default-executor-3] INFO  impl.RoleInfo (RoleInfo.java:shutdownFollowerState(121)) - d21ee1f1-33f6-483c-a18b-27782ce1915a: shutdown FollowerState
2019-10-23 22:22:29,453 [grpc-default-executor-5] INFO  impl.RoleInfo (RoleInfo.java:updateAndGet(143)) - 1c51b35f-55cb-4636-a00c-83d34bf2d9d4: start FollowerState
2019-10-23 22:22:29,453 [Thread-2614] INFO  impl.FollowerState (FollowerState.java:run(117)) - 1c51b35f-55cb-4636-a00c-83d34bf2d9d4@group-F043E0AED0ED-FollowerState was interrupted: java.lang.InterruptedException: sleep interrupted
2019-10-23 22:22:29,453 [Thread-2613] INFO  impl.FollowerState (FollowerState.java:run(117)) - d21ee1f1-33f6-483c-a18b-27782ce1915a@group-F043E0AED0ED-FollowerState was interrupted: java.lang.InterruptedException: sleep interrupted
2019-10-23 22:22:29,453 [grpc-default-executor-3] INFO  impl.RoleInfo (RoleInfo.java:updateAndGet(143)) - d21ee1f1-33f6-483c-a18b-27782ce1915a: start FollowerState
2019-10-23 22:22:29,468 [aed1b97f-105e-4684-b087-4b6333aa3ced@group-F043E0AED0ED-LeaderElection353] INFO  impl.LeaderElection (LeaderElection.java:logAndReturn(56)) - aed1b97f-105e-4684-b087-4b6333aa3ced@group-F043E0AED0ED-LeaderElection353: Election REJECTED; received 2 response(s) [aed1b97f-105e-4684-b087-4b6333aa3ced<-1c51b35f-55cb-4636-a00c-83d34bf2d9d4#0:FAIL-t396, aed1b97f-105e-4684-b087-4b6333aa3ced<-d21ee1f1-33f6-483c-a18b-27782ce1915a#0:FAIL-t396] and 0 exception(s); aed1b97f-105e-4684-b087-4b6333aa3ced@group-F043E0AED0ED:t396, leader=null, voted=aed1b97f-105e-4684-b087-4b6333aa3ced, raftlog=aed1b97f-105e-4684-b087-4b6333aa3ced@group-F043E0AED0ED-SegmentedRaftLog:OPENED:c-1,f-1,i0, conf=-1: [aed1b97f-105e-4684-b087-4b6333aa3ced:192.168.157.195:34943, 1c51b35f-55cb-4636-a00c-83d34bf2d9d4:192.168.157.195:34693, d21ee1f1-33f6-483c-a18b-27782ce1915a:192.168.157.195:46462], old=null
2019-10-23 22:22:29,468 [aed1b97f-105e-4684-b087-4b6333aa3ced@group-F043E0AED0ED-LeaderElection353] INFO  impl.RaftServerImpl (RaftServerImpl.java:setRole(184)) - aed1b97f-105e-4684-b087-4b6333aa3ced@group-F043E0AED0ED: changes role from CANDIDATE to FOLLOWER at term 396 for DISCOVERED_A_NEW_TERM
2019-10-23 22:22:29,468 [aed1b97f-105e-4684-b087-4b6333aa3ced@group-F043E0AED0ED-LeaderElection353] INFO  impl.RoleInfo (RoleInfo.java:shutdownLeaderElection(134)) - aed1b97f-105e-4684-b087-4b6333aa3ced: shutdown LeaderElection
2019-10-23 22:22:29,469 [aed1b97f-105e-4684-b087-4b6333aa3ced@group-F043E0AED0ED-LeaderElection353] INFO  impl.RoleInfo (RoleInfo.java:updateAndGet(143)) - aed1b97f-105e-4684-b087-4b6333aa3ced: start FollowerState
2019-10-23 22:22:29,533 [Thread-2621] INFO  impl.FollowerState (FollowerState.java:run(108)) - aed1b97f-105e-4684-b087-4b6333aa3ced@group-F043E0AED0ED-FollowerState: change to CANDIDATE, lastRpcTime:64ms, electionTimeout:64ms
2019-10-23 22:22:29,533 [Thread-2621] INFO  impl.RoleInfo (RoleInfo.java:shutdownFollowerState(121)) - aed1b97f-105e-4684-b087-4b6333aa3ced: shutdown FollowerState
2019-10-23 22:22:29,533 [Thread-2621] INFO  impl.RaftServerImpl (RaftServerImpl.java:setRole(184)) - aed1b97f-105e-4684-b087-4b6333aa3ced@group-F043E0AED0ED: changes role from  FOLLOWER to CANDIDATE at term 396 for changeToCandidate
2019-10-23 22:22:29,533 [Thread-2621] INFO  impl.RoleInfo (RoleInfo.java:updateAndGet(143)) - aed1b97f-105e-4684-b087-4b6333aa3ced: start LeaderElection
2019-10-23 22:22:29,547 [aed1b97f-105e-4684-b087-4b6333aa3ced@group-F043E0AED0ED-LeaderElection354] INFO  impl.LeaderElection (LeaderElection.java:askForVotes(178)) - aed1b97f-105e-4684-b087-4b6333aa3ced@group-F043E0AED0ED-LeaderElection354: begin an election at term 397 for -1: [aed1b97f-105e-4684-b087-4b6333aa3ced:192.168.157.195:34943, 1c51b35f-55cb-4636-a00c-83d34bf2d9d4:192.168.157.195:34693, d21ee1f1-33f6-483c-a18b-27782ce1915a:192.168.157.195:46462], old=null
2019-10-23 22:22:29,548 [grpc-default-executor-3] INFO  impl.RaftServerImpl (RaftServerImpl.java:setRole(184)) - 1c51b35f-55cb-4636-a00c-83d34bf2d9d4@group-F043E0AED0ED: changes role from  FOLLOWER to FOLLOWER at term 397 for recognizeCandidate:aed1b97f-105e-4684-b087-4b6333aa3ced
2019-10-23 22:22:29,548 [grpc-default-executor-5] INFO  impl.RaftServerImpl (RaftServerImpl.java:setRole(184)) - d21ee1f1-33f6-483c-a18b-27782ce1915a@group-F043E0AED0ED: changes role from  FOLLOWER to FOLLOWER at term 397 for recognizeCandidate:aed1b97f-105e-4684-b087-4b6333aa3ced
2019-10-23 22:22:29,549 [grpc-default-executor-5] INFO  impl.RoleInfo (RoleInfo.java:shutdownFollowerState(121)) - d21ee1f1-33f6-483c-a18b-27782ce1915a: shutdown FollowerState
2019-10-23 22:22:29,549 [grpc-default-executor-3] INFO  impl.RoleInfo (RoleInfo.java:shutdownFollowerState(121)) - 1c51b35f-55cb-4636-a00c-83d34bf2d9d4: shutdown FollowerState
2019-10-23 22:22:29,549 [Thread-2620] INFO  impl.FollowerState (FollowerState.java:run(117)) - d21ee1f1-33f6-483c-a18b-27782ce1915a@group-F043E0AED0ED-FollowerState was interrupted: java.lang.InterruptedException: sleep interrupted
2019-10-23 22:22:29,549 [grpc-default-executor-5] INFO  impl.RoleInfo (RoleInfo.java:updateAndGet(143)) - d21ee1f1-33f6-483c-a18b-27782ce1915a: start FollowerState
2019-10-23 22:22:29,549 [Thread-2619] INFO  impl.FollowerState (FollowerState.java:run(117)) - 1c51b35f-55cb-4636-a00c-83d34bf2d9d4@group-F043E0AED0ED-FollowerState was interrupted: java.lang.InterruptedException: sleep interrupted
2019-10-23 22:22:29,549 [grpc-default-executor-3] INFO  impl.RoleInfo (RoleInfo.java:updateAndGet(143)) - 1c51b35f-55cb-4636-a00c-83d34bf2d9d4: start FollowerState
2019-10-23 22:22:29,562 [aed1b97f-105e-4684-b087-4b6333aa3ced@group-F043E0AED0ED-LeaderElection354] INFO  impl.LeaderElection (LeaderElection.java:logAndReturn(56)) - aed1b97f-105e-4684-b087-4b6333aa3ced@group-F043E0AED0ED-LeaderElection354: Election REJECTED; received 2 response(s) [aed1b97f-105e-4684-b087-4b6333aa3ced<-1c51b35f-55cb-4636-a00c-83d34bf2d9d4#0:FAIL-t397, aed1b97f-105e-4684-b087-4b6333aa3ced<-d21ee1f1-33f6-483c-a18b-27782ce1915a#0:FAIL-t397] and 0 exception(s); aed1b97f-105e-4684-b087-4b6333aa3ced@group-F043E0AED0ED:t397, leader=null, voted=aed1b97f-105e-4684-b087-4b6333aa3ced, raftlog=aed1b97f-105e-4684-b087-4b6333aa3ced@group-F043E0AED0ED-SegmentedRaftLog:OPENED:c-1,f-1,i0, conf=-1: [aed1b97f-105e-4684-b087-4b6333aa3ced:192.168.157.195:34943, 1c51b35f-55cb-4636-a00c-83d34bf2d9d4:192.168.157.195:34693, d21ee1f1-33f6-483c-a18b-27782ce1915a:192.168.157.195:46462], old=null
2019-10-23 22:22:29,562 [aed1b97f-105e-4684-b087-4b6333aa3ced@group-F043E0AED0ED-LeaderElection354] INFO  impl.RaftServerImpl (RaftServerImpl.java:setRole(184)) - aed1b97f-105e-4684-b087-4b6333aa3ced@group-F043E0AED0ED: changes role from CANDIDATE to FOLLOWER at term 397 for DISCOVERED_A_NEW_TERM
2019-10-23 22:22:29,563 [aed1b97f-105e-4684-b087-4b6333aa3ced@group-F043E0AED0ED-LeaderElection354] INFO  impl.RoleInfo (RoleInfo.java:shutdownLeaderElection(134)) - aed1b97f-105e-4684-b087-4b6333aa3ced: shutdown LeaderElection
2019-10-23 22:22:29,563 [aed1b97f-105e-4684-b087-4b6333aa3ced@group-F043E0AED0ED-LeaderElection354] INFO  impl.RoleInfo (RoleInfo.java:updateAndGet(143)) - aed1b97f-105e-4684-b087-4b6333aa3ced: start FollowerState
2019-10-23 22:22:29,621 [Thread-2629] INFO  impl.FollowerState (FollowerState.java:run(108)) - aed1b97f-105e-4684-b087-4b6333aa3ced@group-F043E0AED0ED-FollowerState: change to CANDIDATE, lastRpcTime:58ms, electionTimeout:58ms
2019-10-23 22:22:29,621 [Thread-2629] INFO  impl.RoleInfo (RoleInfo.java:shutdownFollowerState(121)) - aed1b97f-105e-4684-b087-4b6333aa3ced: shutdown FollowerState
2019-10-23 22:22:29,621 [Thread-2629] INFO  impl.RaftServerImpl (RaftServerImpl.java:setRole(184)) - aed1b97f-105e-4684-b087-4b6333aa3ced@group-F043E0AED0ED: changes role from  FOLLOWER to CANDIDATE at term 397 for changeToCandidate
2019-10-23 22:22:29,621 [Thread-2629] INFO  impl.RoleInfo (RoleInfo.java:updateAndGet(143)) - aed1b97f-105e-4684-b087-4b6333aa3ced: start LeaderElection
2019-10-23 22:22:29,635 [aed1b97f-105e-4684-b087-4b6333aa3ced@group-F043E0AED0ED-LeaderElection355] INFO  impl.LeaderElection (LeaderElection.java:askForVotes(178)) - aed1b97f-105e-4684-b087-4b6333aa3ced@group-F043E0AED0ED-LeaderElection355: begin an election at term 398 for -1: [aed1b97f-105e-4684-b087-4b6333aa3ced:192.168.157.195:34943, 1c51b35f-55cb-4636-a00c-83d34bf2d9d4:192.168.157.195:34693, d21ee1f1-33f6-483c-a18b-27782ce1915a:192.168.157.195:46462], old=null
2019-10-23 22:22:29,636 [grpc-default-executor-3] INFO  impl.RaftServerImpl (RaftServerImpl.java:setRole(184)) - d21ee1f1-33f6-483c-a18b-27782ce1915a@group-F043E0AED0ED: changes role from  FOLLOWER to FOLLOWER at term 398 for recognizeCandidate:aed1b97f-105e-4684-b087-4b6333aa3ced
2019-10-23 22:22:29,637 [grpc-default-executor-5] INFO  impl.RaftServerImpl (RaftServerImpl.java:setRole(184)) - 1c51b35f-55cb-4636-a00c-83d34bf2d9d4@group-F043E0AED0ED: changes role from  FOLLOWER to FOLLOWER at term 398 for recognizeCandidate:aed1b97f-105e-4684-b087-4b6333aa3ced
2019-10-23 22:22:29,637 [grpc-default-executor-5] INFO  impl.RoleInfo (RoleInfo.java:shutdownFollowerState(121)) - 1c51b35f-55cb-4636-a00c-83d34bf2d9d4: shutdown FollowerState
2019-10-23 22:22:29,637 [grpc-default-executor-3] INFO  impl.RoleInfo (RoleInfo.java:shutdownFollowerState(121)) - d21ee1f1-33f6-483c-a18b-27782ce1915a: shutdown FollowerState
2019-10-23 22:22:29,637 [Thread-2625] INFO  impl.FollowerState (FollowerState.java:run(117)) - d21ee1f1-33f6-483c-a18b-27782ce1915a@group-F043E0AED0ED-FollowerState was interrupted: java.lang.InterruptedException: sleep interrupted
2019-10-23 22:22:29,637 [Thread-2626] INFO  impl.FollowerState (FollowerState.java:run(117)) - 1c51b35f-55cb-4636-a00c-83d34bf2d9d4@group-F043E0AED0ED-FollowerState was interrupted: java.lang.InterruptedException: sleep interrupted
2019-10-23 22:22:29,637 [grpc-default-executor-5] INFO  impl.RoleInfo (RoleInfo.java:updateAndGet(143)) - 1c51b35f-55cb-4636-a00c-83d34bf2d9d4: start FollowerState
2019-10-23 22:22:29,637 [grpc-default-executor-3] INFO  impl.RoleInfo (RoleInfo.java:updateAndGet(143)) - d21ee1f1-33f6-483c-a18b-27782ce1915a: start FollowerState
2019-10-23 22:22:29,652 [aed1b97f-105e-4684-b087-4b6333aa3ced@group-F043E0AED0ED-LeaderElection355] INFO  impl.LeaderElection (LeaderElection.java:logAndReturn(56)) - aed1b97f-105e-4684-b087-4b6333aa3ced@group-F043E0AED0ED-LeaderElection355: Election TIMEOUT; received 0 response(s) [] and 0 exception(s); aed1b97f-105e-4684-b087-4b6333aa3ced@group-F043E0AED0ED:t398, leader=null, voted=aed1b97f-105e-4684-b087-4b6333aa3ced, raftlog=aed1b97f-105e-4684-b087-4b6333aa3ced@group-F043E0AED0ED-SegmentedRaftLog:OPENED:c-1,f-1,i0, conf=-1: [aed1b97f-105e-4684-b087-4b6333aa3ced:192.168.157.195:34943, 1c51b35f-55cb-4636-a00c-83d34bf2d9d4:192.168.157.195:34693, d21ee1f1-33f6-483c-a18b-27782ce1915a:192.168.157.195:46462], old=null
2019-10-23 22:22:29,656 [aed1b97f-105e-4684-b087-4b6333aa3ced@group-F043E0AED0ED-LeaderElection355] INFO  impl.LeaderElection (LeaderElection.java:askForVotes(178)) - aed1b97f-105e-4684-b087-4b6333aa3ced@group-F043E0AED0ED-LeaderElection355: begin an election at term 399 for -1: [aed1b97f-105e-4684-b087-4b6333aa3ced:192.168.157.195:34943, 1c51b35f-55cb-4636-a00c-83d34bf2d9d4:192.168.157.195:34693, d21ee1f1-33f6-483c-a18b-27782ce1915a:192.168.157.195:46462], old=null
2019-10-23 22:22:29,658 [grpc-default-executor-3] INFO  impl.RaftServerImpl (RaftServerImpl.java:setRole(184)) - 1c51b35f-55cb-4636-a00c-83d34bf2d9d4@group-F043E0AED0ED: changes role from  FOLLOWER to FOLLOWER at term 399 for recognizeCandidate:aed1b97f-105e-4684-b087-4b6333aa3ced
2019-10-23 22:22:29,658 [grpc-default-executor-5] INFO  impl.RaftServerImpl (RaftServerImpl.java:setRole(184)) - d21ee1f1-33f6-483c-a18b-27782ce1915a@group-F043E0AED0ED: changes role from  FOLLOWER to FOLLOWER at term 399 for recognizeCandidate:aed1b97f-105e-4684-b087-4b6333aa3ced
2019-10-23 22:22:29,658 [grpc-default-executor-3] INFO  impl.RoleInfo (RoleInfo.java:shutdownFollowerState(121)) - 1c51b35f-55cb-4636-a00c-83d34bf2d9d4: shutdown FollowerState
2019-10-23 22:22:29,658 [grpc-default-executor-5] INFO  impl.RoleInfo (RoleInfo.java:shutdownFollowerState(121)) - d21ee1f1-33f6-483c-a18b-27782ce1915a: shutdown FollowerState
2019-10-23 22:22:29,658 [Thread-2633] INFO  impl.FollowerState (FollowerState.java:run(117)) - 1c51b35f-55cb-4636-a00c-83d34bf2d9d4@group-F043E0AED0ED-FollowerState was interrupted: java.lang.InterruptedException: sleep interrupted
2019-10-23 22:22:29,658 [grpc-default-executor-3] INFO  impl.RoleInfo (RoleInfo.java:updateAndGet(143)) - 1c51b35f-55cb-4636-a00c-83d34bf2d9d4: start FollowerState
2019-10-23 22:22:29,658 [Thread-2634] INFO  impl.FollowerState (FollowerState.java:run(117)) - d21ee1f1-33f6-483c-a18b-27782ce1915a@group-F043E0AED0ED-FollowerState was interrupted: java.lang.InterruptedException: sleep interrupted
2019-10-23 22:22:29,658 [grpc-default-executor-5] INFO  impl.RoleInfo (RoleInfo.java:updateAndGet(143)) - d21ee1f1-33f6-483c-a18b-27782ce1915a: start FollowerState
2019-10-23 22:22:29,667 [aed1b97f-105e-4684-b087-4b6333aa3ced@group-F043E0AED0ED-LeaderElection355] INFO  impl.LeaderElection (LeaderElection.java:logAndReturn(56)) - aed1b97f-105e-4684-b087-4b6333aa3ced@group-F043E0AED0ED-LeaderElection355: Election REJECTED; received 2 response(s) [aed1b97f-105e-4684-b087-4b6333aa3ced<-1c51b35f-55cb-4636-a00c-83d34bf2d9d4#0:FAIL-t399, aed1b97f-105e-4684-b087-4b6333aa3ced<-d21ee1f1-33f6-483c-a18b-27782ce1915a#0:FAIL-t399] and 0 exception(s); aed1b97f-105e-4684-b087-4b6333aa3ced@group-F043E0AED0ED:t399, leader=null, voted=aed1b97f-105e-4684-b087-4b6333aa3ced, raftlog=aed1b97f-105e-4684-b087-4b6333aa3ced@group-F043E0AED0ED-SegmentedRaftLog:OPENED:c-1,f-1,i0, conf=-1: [aed1b97f-105e-4684-b087-4b6333aa3ced:192.168.157.195:34943, 1c51b35f-55cb-4636-a00c-83d34bf2d9d4:192.168.157.195:34693, d21ee1f1-33f6-483c-a18b-27782ce1915a:192.168.157.195:46462], old=null
2019-10-23 22:22:29,667 [aed1b97f-105e-4684-b087-4b6333aa3ced@group-F043E0AED0ED-LeaderElection355] INFO  impl.RaftServerImpl (RaftServerImpl.java:setRole(184)) - aed1b97f-105e-4684-b087-4b6333aa3ced@group-F043E0AED0ED: changes role from CANDIDATE to FOLLOWER at term 399 for DISCOVERED_A_NEW_TERM
2019-10-23 22:22:29,667 [aed1b97f-105e-4684-b087-4b6333aa3ced@group-F043E0AED0ED-LeaderElection355] INFO  impl.RoleInfo (RoleInfo.java:shutdownLeaderElection(134)) - aed1b97f-105e-4684-b087-4b6333aa3ced: shutdown LeaderElection
2019-10-23 22:22:29,667 [aed1b97f-105e-4684-b087-4b6333aa3ced@group-F043E0AED0ED-LeaderElection355] INFO  impl.RoleInfo (RoleInfo.java:updateAndGet(143)) - aed1b97f-105e-4684-b087-4b6333aa3ced: start FollowerState
2019-10-23 22:22:29,715 [Thread-2639] INFO  impl.FollowerState (FollowerState.java:run(108)) - aed1b97f-105e-4684-b087-4b6333aa3ced@group-F043E0AED0ED-FollowerState: change to CANDIDATE, lastRpcTime:48ms, electionTimeout:48ms
2019-10-23 22:22:29,715 [Thread-2639] INFO  impl.RoleInfo (RoleInfo.java:shutdownFollowerState(121)) - aed1b97f-105e-4684-b087-4b6333aa3ced: shutdown FollowerState
2019-10-23 22:22:29,716 [Thread-2639] INFO  impl.RaftServerImpl (RaftServerImpl.java:setRole(184)) - aed1b97f-105e-4684-b087-4b6333aa3ced@group-F043E0AED0ED: changes role from  FOLLOWER to CANDIDATE at term 399 for changeToCandidate
2019-10-23 22:22:29,716 [Thread-2639] INFO  impl.RoleInfo (RoleInfo.java:updateAndGet(143)) - aed1b97f-105e-4684-b087-4b6333aa3ced: start LeaderElection
2019-10-23 22:22:29,741 [aed1b97f-105e-4684-b087-4b6333aa3ced@group-F043E0AED0ED-LeaderElection356] INFO  impl.LeaderElection (LeaderElection.java:askForVotes(178)) - aed1b97f-105e-4684-b087-4b6333aa3ced@group-F043E0AED0ED-LeaderElection356: begin an election at term 400 for -1: [aed1b97f-105e-4684-b087-4b6333aa3ced:192.168.157.195:34943, 1c51b35f-55cb-4636-a00c-83d34bf2d9d4:192.168.157.195:34693, d21ee1f1-33f6-483c-a18b-27782ce1915a:192.168.157.195:46462], old=null
2019-10-23 22:22:29,743 [grpc-default-executor-3] INFO  impl.RaftServerImpl (RaftServerImpl.java:setRole(184)) - 1c51b35f-55cb-4636-a00c-83d34bf2d9d4@group-F043E0AED0ED: changes role from  FOLLOWER to FOLLOWER at term 400 for recognizeCandidate:aed1b97f-105e-4684-b087-4b6333aa3ced
2019-10-23 22:22:29,743 [grpc-default-executor-3] INFO  impl.RoleInfo (RoleInfo.java:shutdownFollowerState(121)) - 1c51b35f-55cb-4636-a00c-83d34bf2d9d4: shutdown FollowerState
2019-10-23 22:22:29,743 [grpc-default-executor-5] INFO  impl.RaftServerImpl (RaftServerImpl.java:setRole(184)) - d21ee1f1-33f6-483c-a18b-27782ce1915a@group-F043E0AED0ED: changes role from  FOLLOWER to FOLLOWER at term 400 for recognizeCandidate:aed1b97f-105e-4684-b087-4b6333aa3ced
2019-10-23 22:22:29,743 [grpc-default-executor-5] INFO  impl.RoleInfo (RoleInfo.java:shutdownFollowerState(121)) - d21ee1f1-33f6-483c-a18b-27782ce1915a: shutdown FollowerState
2019-10-23 22:22:29,743 [Thread-2637] INFO  impl.FollowerState (FollowerState.java:run(117)) - 1c51b35f-55cb-4636-a00c-83d34bf2d9d4@group-F043E0AED0ED-FollowerState was interrupted: java.lang.InterruptedException: sleep interrupted
2019-10-23 22:22:29,743 [grpc-default-executor-3] INFO  impl.RoleInfo (RoleInfo.java:updateAndGet(143)) - 1c51b35f-55cb-4636-a00c-83d34bf2d9d4: start FollowerState
2019-10-23 22:22:29,744 [Thread-2638] INFO  impl.FollowerState (FollowerState.java:run(117)) - d21ee1f1-33f6-483c-a18b-27782ce1915a@group-F043E0AED0ED-FollowerState was interrupted: java.lang.InterruptedException: sleep interrupted
2019-10-23 22:22:29,744 [grpc-default-executor-5] INFO  impl.RoleInfo (RoleInfo.java:updateAndGet(143)) - d21ee1f1-33f6-483c-a18b-27782ce1915a: start FollowerState
2019-10-23 22:22:29,758 [aed1b97f-105e-4684-b087-4b6333aa3ced@group-F043E0AED0ED-LeaderElection356] INFO  impl.LeaderElection (LeaderElection.java:logAndReturn(56)) - aed1b97f-105e-4684-b087-4b6333aa3ced@group-F043E0AED0ED-LeaderElection356: Election TIMEOUT; received 1 response(s) [aed1b97f-105e-4684-b087-4b6333aa3ced<-d21ee1f1-33f6-483c-a18b-27782ce1915a#0:FAIL-t400] and 0 exception(s); aed1b97f-105e-4684-b087-4b6333aa3ced@group-F043E0AED0ED:t400, leader=null, voted=aed1b97f-105e-4684-b087-4b6333aa3ced, raftlog=aed1b97f-105e-4684-b087-4b6333aa3ced@group-F043E0AED0ED-SegmentedRaftLog:OPENED:c-1,f-1,i0, conf=-1: [aed1b97f-105e-4684-b087-4b6333aa3ced:192.168.157.195:34943, 1c51b35f-55cb-4636-a00c-83d34bf2d9d4:192.168.157.195:34693, d21ee1f1-33f6-483c-a18b-27782ce1915a:192.168.157.195:46462], old=null
2019-10-23 22:22:29,771 [aed1b97f-105e-4684-b087-4b6333aa3ced@group-F043E0AED0ED-LeaderElection356] INFO  impl.LeaderElection (LeaderElection.java:askForVotes(178)) - aed1b97f-105e-4684-b087-4b6333aa3ced@group-F043E0AED0ED-LeaderElection356: begin an election at term 401 for -1: [aed1b97f-105e-4684-b087-4b6333aa3ced:192.168.157.195:34943, 1c51b35f-55cb-4636-a00c-83d34bf2d9d4:192.168.157.195:34693, d21ee1f1-33f6-483c-a18b-27782ce1915a:192.168.157.195:46462], old=null
2019-10-23 22:22:29,773 [grpc-default-executor-3] INFO  impl.RaftServerImpl (RaftServerImpl.java:setRole(184)) - 1c51b35f-55cb-4636-a00c-83d34bf2d9d4@group-F043E0AED0ED: changes role from  FOLLOWER to FOLLOWER at term 401 for recognizeCandidate:aed1b97f-105e-4684-b087-4b6333aa3ced
2019-10-23 22:22:29,773 [grpc-default-executor-3] INFO  impl.RoleInfo (RoleInfo.java:shutdownFollowerState(121)) - 1c51b35f-55cb-4636-a00c-83d34bf2d9d4: shutdown FollowerState
2019-10-23 22:22:29,773 [grpc-default-executor-5] INFO  impl.RaftServerImpl (RaftServerImpl.java:setRole(184)) - d21ee1f1-33f6-483c-a18b-27782ce1915a@group-F043E0AED0ED: changes role from  FOLLOWER to FOLLOWER at term 401 for recognizeCandidate:aed1b97f-105e-4684-b087-4b6333aa3ced
2019-10-23 22:22:29,773 [grpc-default-executor-5] INFO  impl.RoleInfo (RoleInfo.java:shutdownFollowerState(121)) - d21ee1f1-33f6-483c-a18b-27782ce1915a: shutdown FollowerState
2019-10-23 22:22:29,773 [Thread-2643] INFO  impl.FollowerState (FollowerState.java:run(117)) - 1c51b35f-55cb-4636-a00c-83d34bf2d9d4@group-F043E0AED0ED-FollowerState was interrupted: java.lang.InterruptedException: sleep interrupted
2019-10-23 22:22:29,773 [grpc-default-executor-3] INFO  impl.RoleInfo (RoleInfo.java:updateAndGet(143)) - 1c51b35f-55cb-4636-a00c-83d34bf2d9d4: start FollowerState
2019-10-23 22:22:29,773 [grpc-default-executor-5] INFO  impl.RoleInfo (RoleInfo.java:updateAndGet(143)) - d21ee1f1-33f6-483c-a18b-27782ce1915a: start FollowerState
2019-10-23 22:22:29,773 [Thread-2644] INFO  impl.FollowerState (FollowerState.java:run(117)) - d21ee1f1-33f6-483c-a18b-27782ce1915a@group-F043E0AED0ED-FollowerState was interrupted: java.lang.InterruptedException: sleep interrupted
2019-10-23 22:22:29,788 [aed1b97f-105e-4684-b087-4b6333aa3ced@group-F043E0AED0ED-LeaderElection356] INFO  impl.LeaderElection (LeaderElection.java:logAndReturn(56)) - aed1b97f-105e-4684-b087-4b6333aa3ced@group-F043E0AED0ED-LeaderElection356: Election REJECTED; received 2 response(s) [aed1b97f-105e-4684-b087-4b6333aa3ced<-1c51b35f-55cb-4636-a00c-83d34bf2d9d4#0:FAIL-t401, aed1b97f-105e-4684-b087-4b6333aa3ced<-d21ee1f1-33f6-483c-a18b-27782ce1915a#0:FAIL-t401] and 0 exception(s); aed1b97f-105e-4684-b087-4b6333aa3ced@group-F043E0AED0ED:t401, leader=null, voted=aed1b97f-105e-4684-b087-4b6333aa3ced, raftlog=aed1b97f-105e-4684-b087-4b6333aa3ced@group-F043E0AED0ED-SegmentedRaftLog:OPENED:c-1,f-1,i0, conf=-1: [aed1b97f-105e-4684-b087-4b6333aa3ced:192.168.157.195:34943, 1c51b35f-55cb-4636-a00c-83d34bf2d9d4:192.168.157.195:34693, d21ee1f1-33f6-483c-a18b-27782ce1915a:192.168.157.195:46462], old=null
2019-10-23 22:22:29,788 [aed1b97f-105e-4684-b087-4b6333aa3ced@group-F043E0AED0ED-LeaderElection356] INFO  impl.RaftServerImpl (RaftServerImpl.java:setRole(184)) - aed1b97f-105e-4684-b087-4b6333aa3ced@group-F043E0AED0ED: changes role from CANDIDATE to FOLLOWER at term 401 for DISCOVERED_A_NEW_TERM
2019-10-23 22:22:29,788 [aed1b97f-105e-4684-b087-4b6333aa3ced@group-F043E0AED0ED-LeaderElection356] INFO  impl.RoleInfo (RoleInfo.java:shutdownLeaderElection(134)) - aed1b97f-105e-4684-b087-4b6333aa3ced: shutdown LeaderElection
2019-10-23 22:22:29,788 [aed1b97f-105e-4684-b087-4b6333aa3ced@group-F043E0AED0ED-LeaderElection356] INFO  impl.RoleInfo (RoleInfo.java:updateAndGet(143)) - aed1b97f-105e-4684-b087-4b6333aa3ced: start FollowerState
2019-10-23 22:22:29,920 [Thread-2649] INFO  impl.FollowerState (FollowerState.java:run(108)) - aed1b97f-105e-4684-b087-4b6333aa3ced@group-F043E0AED0ED-FollowerState: change to CANDIDATE, lastRpcTime:131ms, electionTimeout:131ms
2019-10-23 22:22:29,920 [Thread-2649] INFO  impl.RoleInfo (RoleInfo.java:shutdownFollowerState(121)) - aed1b97f-105e-4684-b087-4b6333aa3ced: shutdown FollowerState
2019-10-23 22:22:29,920 [Thread-2649] INFO  impl.RaftServerImpl (RaftServerImpl.java:setRole(184)) - aed1b97f-105e-4684-b087-4b6333aa3ced@group-F043E0AED0ED: changes role from  FOLLOWER to CANDIDATE at term 401 for changeToCandidate
2019-10-23 22:22:29,920 [Thread-2649] INFO  impl.RoleInfo (RoleInfo.java:updateAndGet(143)) - aed1b97f-105e-4684-b087-4b6333aa3ced: start LeaderElection
2019-10-23 22:22:29,934 [aed1b97f-105e-4684-b087-4b6333aa3ced@group-F043E0AED0ED-LeaderElection357] INFO  impl.LeaderElection (LeaderElection.java:askForVotes(178)) - aed1b97f-105e-4684-b087-4b6333aa3ced@group-F043E0AED0ED-LeaderElection357: begin an election at term 402 for -1: [aed1b97f-105e-4684-b087-4b6333aa3ced:192.168.157.195:34943, 1c51b35f-55cb-4636-a00c-83d34bf2d9d4:192.168.157.195:34693, d21ee1f1-33f6-483c-a18b-27782ce1915a:192.168.157.195:46462], old=null
2019-10-23 22:22:29,936 [grpc-default-executor-5] INFO  impl.RaftServerImpl (RaftServerImpl.java:setRole(184)) - 1c51b35f-55cb-4636-a00c-83d34bf2d9d4@group-F043E0AED0ED: changes role from  FOLLOWER to FOLLOWER at term 402 for recognizeCandidate:aed1b97f-105e-4684-b087-4b6333aa3ced
2019-10-23 22:22:29,936 [grpc-default-executor-3] INFO  impl.RaftServerImpl (RaftServerImpl.java:setRole(184)) - d21ee1f1-33f6-483c-a18b-27782ce1915a@group-F043E0AED0ED: changes role from  FOLLOWER to FOLLOWER at term 402 for recognizeCandidate:aed1b97f-105e-4684-b087-4b6333aa3ced
2019-10-23 22:22:29,936 [grpc-default-executor-5] INFO  impl.RoleInfo (RoleInfo.java:shutdownFollowerState(121)) - 1c51b35f-55cb-4636-a00c-83d34bf2d9d4: shutdown FollowerState
2019-10-23 22:22:29,936 [grpc-default-executor-3] INFO  impl.RoleInfo (RoleInfo.java:shutdownFollowerState(121)) - d21ee1f1-33f6-483c-a18b-27782ce1915a: shutdown FollowerState
2019-10-23 22:22:29,936 [Thread-2647] INFO  impl.FollowerState (FollowerState.java:run(117)) - 1c51b35f-55cb-4636-a00c-83d34bf2d9d4@group-F043E0AED0ED-FollowerState was interrupted: java.lang.InterruptedException: sleep interrupted
2019-10-23 22:22:29,936 [Thread-2648] INFO  impl.FollowerState (FollowerState.java:run(117)) - d21ee1f1-33f6-483c-a18b-27782ce1915a@group-F043E0AED0ED-FollowerState was interrupted: java.lang.InterruptedException: sleep interrupted
2019-10-23 22:22:29,936 [grpc-default-executor-5] INFO  impl.RoleInfo (RoleInfo.java:updateAndGet(143)) - 1c51b35f-55cb-4636-a00c-83d34bf2d9d4: start FollowerState
2019-10-23 22:22:29,936 [grpc-default-executor-3] INFO  impl.RoleInfo (RoleInfo.java:updateAndGet(143)) - d21ee1f1-33f6-483c-a18b-27782ce1915a: start FollowerState
2019-10-23 22:22:29,951 [aed1b97f-105e-4684-b087-4b6333aa3ced@group-F043E0AED0ED-LeaderElection357] INFO  impl.LeaderElection (LeaderElection.java:logAndReturn(56)) - aed1b97f-105e-4684-b087-4b6333aa3ced@group-F043E0AED0ED-LeaderElection357: Election REJECTED; received 2 response(s) [aed1b97f-105e-4684-b087-4b6333aa3ced<-1c51b35f-55cb-4636-a00c-83d34bf2d9d4#0:FAIL-t402, aed1b97f-105e-4684-b087-4b6333aa3ced<-d21ee1f1-33f6-483c-a18b-27782ce1915a#0:FAIL-t402] and 0 exception(s); aed1b97f-105e-4684-b087-4b6333aa3ced@group-F043E0AED0ED:t402, leader=null, voted=aed1b97f-105e-4684-b087-4b6333aa3ced, raftlog=aed1b97f-105e-4684-b087-4b6333aa3ced@group-F043E0AED0ED-SegmentedRaftLog:OPENED:c-1,f-1,i0, conf=-1: [aed1b97f-105e-4684-b087-4b6333aa3ced:192.168.157.195:34943, 1c51b35f-55cb-4636-a00c-83d34bf2d9d4:192.168.157.195:34693, d21ee1f1-33f6-483c-a18b-27782ce1915a:192.168.157.195:46462], old=null
2019-10-23 22:22:29,951 [aed1b97f-105e-4684-b087-4b6333aa3ced@group-F043E0AED0ED-LeaderElection357] INFO  impl.RaftServerImpl (RaftServerImpl.java:setRole(184)) - aed1b97f-105e-4684-b087-4b6333aa3ced@group-F043E0AED0ED: changes role from CANDIDATE to FOLLOWER at term 402 for DISCOVERED_A_NEW_TERM
2019-10-23 22:22:29,951 [aed1b97f-105e-4684-b087-4b6333aa3ced@group-F043E0AED0ED-LeaderElection357] INFO  impl.RoleInfo (RoleInfo.java:shutdownLeaderElection(134)) - aed1b97f-105e-4684-b087-4b6333aa3ced: shutdown LeaderElection
2019-10-23 22:22:29,951 [aed1b97f-105e-4684-b087-4b6333aa3ced@group-F043E0AED0ED-LeaderElection357] INFO  impl.RoleInfo (RoleInfo.java:updateAndGet(143)) - aed1b97f-105e-4684-b087-4b6333aa3ced: start FollowerState
2019-10-23 22:22:30,014 [Thread-2655] INFO  impl.FollowerState (FollowerState.java:run(108)) - aed1b97f-105e-4684-b087-4b6333aa3ced@group-F043E0AED0ED-FollowerState: change to CANDIDATE, lastRpcTime:62ms, electionTimeout:62ms
2019-10-23 22:22:30,014 [Thread-2655] INFO  impl.RoleInfo (RoleInfo.java:shutdownFollowerState(121)) - aed1b97f-105e-4684-b087-4b6333aa3ced: shutdown FollowerState
2019-10-23 22:22:30,014 [Thread-2655] INFO  impl.RaftServerImpl (RaftServerImpl.java:setRole(184)) - aed1b97f-105e-4684-b087-4b6333aa3ced@group-F043E0AED0ED: changes role from  FOLLOWER to CANDIDATE at term 402 for changeToCandidate
2019-10-23 22:22:30,014 [Thread-2655] INFO  impl.RoleInfo (RoleInfo.java:updateAndGet(143)) - aed1b97f-105e-4684-b087-4b6333aa3ced: start LeaderElection
2019-10-23 22:22:30,027 [aed1b97f-105e-4684-b087-4b6333aa3ced@group-F043E0AED0ED-LeaderElection358] INFO  impl.LeaderElection (LeaderElection.java:askForVotes(178)) - aed1b97f-105e-4684-b087-4b6333aa3ced@group-F043E0AED0ED-LeaderElection358: begin an election at term 403 for -1: [aed1b97f-105e-4684-b087-4b6333aa3ced:192.168.157.195:34943, 1c51b35f-55cb-4636-a00c-83d34bf2d9d4:192.168.157.195:34693, d21ee1f1-33f6-483c-a18b-27782ce1915a:192.168.157.195:46462], old=null
2019-10-23 22:22:30,029 [grpc-default-executor-5] INFO  impl.RaftServerImpl (RaftServerImpl.java:setRole(184)) - 1c51b35f-55cb-4636-a00c-83d34bf2d9d4@group-F043E0AED0ED: changes role from  FOLLOWER to FOLLOWER at term 403 for recognizeCandidate:aed1b97f-105e-4684-b087-4b6333aa3ced
2019-10-23 22:22:30,029 [grpc-default-executor-5] INFO  impl.RoleInfo (RoleInfo.java:shutdownFollowerState(121)) - 1c51b35f-55cb-4636-a00c-83d34bf2d9d4: shutdown FollowerState
2019-10-23 22:22:30,029 [grpc-default-executor-5] INFO  impl.RoleInfo (RoleInfo.java:updateAndGet(143)) - 1c51b35f-55cb-4636-a00c-83d34bf2d9d4: start FollowerState
2019-10-23 22:22:30,029 [grpc-default-executor-3] INFO  impl.RaftServerImpl (RaftServerImpl.java:setRole(184)) - d21ee1f1-33f6-483c-a18b-27782ce1915a@group-F043E0AED0ED: changes role from  FOLLOWER to FOLLOWER at term 403 for recognizeCandidate:aed1b97f-105e-4684-b087-4b6333aa3ced
2019-10-23 22:22:30,029 [grpc-default-executor-3] INFO  impl.RoleInfo (RoleInfo.java:shutdownFollowerState(121)) - d21ee1f1-33f6-483c-a18b-27782ce1915a: shutdown FollowerState
2019-10-23 22:22:30,029 [Thread-2653] INFO  impl.FollowerState (FollowerState.java:run(117)) - 1c51b35f-55cb-4636-a00c-83d34bf2d9d4@group-F043E0AED0ED-FollowerState was interrupted: java.lang.InterruptedException: sleep interrupted
2019-10-23 22:22:30,029 [grpc-default-executor-3] INFO  impl.RoleInfo (RoleInfo.java:updateAndGet(143)) - d21ee1f1-33f6-483c-a18b-27782ce1915a: start FollowerState
2019-10-23 22:22:30,029 [Thread-2654] INFO  impl.FollowerState (FollowerState.java:run(117)) - d21ee1f1-33f6-483c-a18b-27782ce1915a@group-F043E0AED0ED-FollowerState was interrupted: java.lang.InterruptedException: sleep interrupted
2019-10-23 22:22:30,043 [aed1b97f-105e-4684-b087-4b6333aa3ced@group-F043E0AED0ED-LeaderElection358] INFO  impl.LeaderElection (LeaderElection.java:logAndReturn(56)) - aed1b97f-105e-4684-b087-4b6333aa3ced@group-F043E0AED0ED-LeaderElection358: Election REJECTED; received 2 response(s) [aed1b97f-105e-4684-b087-4b6333aa3ced<-1c51b35f-55cb-4636-a00c-83d34bf2d9d4#0:FAIL-t403, aed1b97f-105e-4684-b087-4b6333aa3ced<-d21ee1f1-33f6-483c-a18b-27782ce1915a#0:FAIL-t403] and 0 exception(s); aed1b97f-105e-4684-b087-4b6333aa3ced@group-F043E0AED0ED:t403, leader=null, voted=aed1b97f-105e-4684-b087-4b6333aa3ced, raftlog=aed1b97f-105e-4684-b087-4b6333aa3ced@group-F043E0AED0ED-SegmentedRaftLog:OPENED:c-1,f-1,i0, conf=-1: [aed1b97f-105e-4684-b087-4b6333aa3ced:192.168.157.195:34943, 1c51b35f-55cb-4636-a00c-83d34bf2d9d4:192.168.157.195:34693, d21ee1f1-33f6-483c-a18b-27782ce1915a:192.168.157.195:46462], old=null
2019-10-23 22:22:30,043 [aed1b97f-105e-4684-b087-4b6333aa3ced@group-F043E0AED0ED-LeaderElection358] INFO  impl.RaftServerImpl (RaftServerImpl.java:setRole(184)) - aed1b97f-105e-4684-b087-4b6333aa3ced@group-F043E0AED0ED: changes role from CANDIDATE to FOLLOWER at term 403 for DISCOVERED_A_NEW_TERM
2019-10-23 22:22:30,043 [aed1b97f-105e-4684-b087-4b6333aa3ced@group-F043E0AED0ED-LeaderElection358] INFO  impl.RoleInfo (RoleInfo.java:shutdownLeaderElection(134)) - aed1b97f-105e-4684-b087-4b6333aa3ced: shutdown LeaderElection
2019-10-23 22:22:30,043 [aed1b97f-105e-4684-b087-4b6333aa3ced@group-F043E0AED0ED-LeaderElection358] INFO  impl.RoleInfo (RoleInfo.java:updateAndGet(143)) - aed1b97f-105e-4684-b087-4b6333aa3ced: start FollowerState
2019-10-23 22:22:30,178 [Thread-2661] INFO  impl.FollowerState (FollowerState.java:run(108)) - aed1b97f-105e-4684-b087-4b6333aa3ced@group-F043E0AED0ED-FollowerState: change to CANDIDATE, lastRpcTime:135ms, electionTimeout:135ms
2019-10-23 22:22:30,179 [Thread-2661] INFO  impl.RoleInfo (RoleInfo.java:shutdownFollowerState(121)) - aed1b97f-105e-4684-b087-4b6333aa3ced: shutdown FollowerState
2019-10-23 22:22:30,179 [Thread-2661] INFO  impl.RaftServerImpl (RaftServerImpl.java:setRole(184)) - aed1b97f-105e-4684-b087-4b6333aa3ced@group-F043E0AED0ED: changes role from  FOLLOWER to CANDIDATE at term 403 for changeToCandidate
2019-10-23 22:22:30,179 [Thread-2661] INFO  impl.RoleInfo (RoleInfo.java:updateAndGet(143)) - aed1b97f-105e-4684-b087-4b6333aa3ced: start LeaderElection
2019-10-23 22:22:30,214 [aed1b97f-105e-4684-b087-4b6333aa3ced@group-F043E0AED0ED-LeaderElection359] INFO  impl.LeaderElection (LeaderElection.java:askForVotes(178)) - aed1b97f-105e-4684-b087-4b6333aa3ced@group-F043E0AED0ED-LeaderElection359: begin an election at term 404 for -1: [aed1b97f-105e-4684-b087-4b6333aa3ced:192.168.157.195:34943, 1c51b35f-55cb-4636-a00c-83d34bf2d9d4:192.168.157.195:34693, d21ee1f1-33f6-483c-a18b-27782ce1915a:192.168.157.195:46462], old=null
2019-10-23 22:22:30,215 [grpc-default-executor-3] INFO  impl.RaftServerImpl (RaftServerImpl.java:setRole(184)) - 1c51b35f-55cb-4636-a00c-83d34bf2d9d4@group-F043E0AED0ED: changes role from  FOLLOWER to FOLLOWER at term 404 for recognizeCandidate:aed1b97f-105e-4684-b087-4b6333aa3ced
2019-10-23 22:22:30,215 [grpc-default-executor-3] INFO  impl.RoleInfo (RoleInfo.java:shutdownFollowerState(121)) - 1c51b35f-55cb-4636-a00c-83d34bf2d9d4: shutdown FollowerState
2019-10-23 22:22:30,215 [grpc-default-executor-5] INFO  impl.RaftServerImpl (RaftServerImpl.java:setRole(184)) - d21ee1f1-33f6-483c-a18b-27782ce1915a@group-F043E0AED0ED: changes role from  FOLLOWER to FOLLOWER at term 404 for recognizeCandidate:aed1b97f-105e-4684-b087-4b6333aa3ced
2019-10-23 22:22:30,216 [grpc-default-executor-5] INFO  impl.RoleInfo (RoleInfo.java:shutdownFollowerState(121)) - d21ee1f1-33f6-483c-a18b-27782ce1915a: shutdown FollowerState
2019-10-23 22:22:30,216 [Thread-2659] INFO  impl.FollowerState (FollowerState.java:run(117)) - 1c51b35f-55cb-4636-a00c-83d34bf2d9d4@group-F043E0AED0ED-FollowerState was interrupted: java.lang.InterruptedException: sleep interrupted
2019-10-23 22:22:30,215 [grpc-default-executor-3] INFO  impl.RoleInfo (RoleInfo.java:updateAndGet(143)) - 1c51b35f-55cb-4636-a00c-83d34bf2d9d4: start FollowerState
2019-10-23 22:22:30,216 [grpc-default-executor-5] INFO  impl.RoleInfo (RoleInfo.java:updateAndGet(143)) - d21ee1f1-33f6-483c-a18b-27782ce1915a: start FollowerState
2019-10-23 22:22:30,216 [Thread-2660] INFO  impl.FollowerState (FollowerState.java:run(117)) - d21ee1f1-33f6-483c-a18b-27782ce1915a@group-F043E0AED0ED-FollowerState was interrupted: java.lang.InterruptedException: sleep interrupted
2019-10-23 22:22:30,242 [aed1b97f-105e-4684-b087-4b6333aa3ced@group-F043E0AED0ED-LeaderElection359] INFO  impl.LeaderElection (LeaderElection.java:logAndReturn(56)) - aed1b97f-105e-4684-b087-4b6333aa3ced@group-F043E0AED0ED-LeaderElection359: Election REJECTED; received 2 response(s) [aed1b97f-105e-4684-b087-4b6333aa3ced<-1c51b35f-55cb-4636-a00c-83d34bf2d9d4#0:FAIL-t404, aed1b97f-105e-4684-b087-4b6333aa3ced<-d21ee1f1-33f6-483c-a18b-27782ce1915a#0:FAIL-t404] and 0 exception(s); aed1b97f-105e-4684-b087-4b6333aa3ced@group-F043E0AED0ED:t404, leader=null, voted=aed1b97f-105e-4684-b087-4b6333aa3ced, raftlog=aed1b97f-105e-4684-b087-4b6333aa3ced@group-F043E0AED0ED-SegmentedRaftLog:OPENED:c-1,f-1,i0, conf=-1: [aed1b97f-105e-4684-b087-4b6333aa3ced:192.168.157.195:34943, 1c51b35f-55cb-4636-a00c-83d34bf2d9d4:192.168.157.195:34693, d21ee1f1-33f6-483c-a18b-27782ce1915a:192.168.157.195:46462], old=null
2019-10-23 22:22:30,242 [aed1b97f-105e-4684-b087-4b6333aa3ced@group-F043E0AED0ED-LeaderElection359] INFO  impl.RaftServerImpl (RaftServerImpl.java:setRole(184)) - aed1b97f-105e-4684-b087-4b6333aa3ced@group-F043E0AED0ED: changes role from CANDIDATE to FOLLOWER at term 404 for DISCOVERED_A_NEW_TERM
2019-10-23 22:22:30,242 [aed1b97f-105e-4684-b087-4b6333aa3ced@group-F043E0AED0ED-LeaderElection359] INFO  impl.RoleInfo (RoleInfo.java:shutdownLeaderElection(134)) - aed1b97f-105e-4684-b087-4b6333aa3ced: shutdown LeaderElection
2019-10-23 22:22:30,242 [aed1b97f-105e-4684-b087-4b6333aa3ced@group-F043E0AED0ED-LeaderElection359] INFO  impl.RoleInfo (RoleInfo.java:updateAndGet(143)) - aed1b97f-105e-4684-b087-4b6333aa3ced: start FollowerState
2019-10-23 22:22:30,291 [Thread-2667] INFO  impl.FollowerState (FollowerState.java:run(108)) - aed1b97f-105e-4684-b087-4b6333aa3ced@group-F043E0AED0ED-FollowerState: change to CANDIDATE, lastRpcTime:48ms, electionTimeout:48ms
2019-10-23 22:22:30,291 [Thread-2667] INFO  impl.RoleInfo (RoleInfo.java:shutdownFollowerState(121)) - aed1b97f-105e-4684-b087-4b6333aa3ced: shutdown FollowerState
2019-10-23 22:22:30,291 [Thread-2667] INFO  impl.RaftServerImpl (RaftServerImpl.java:setRole(184)) - aed1b97f-105e-4684-b087-4b6333aa3ced@group-F043E0AED0ED: changes role from  FOLLOWER to CANDIDATE at term 404 for changeToCandidate
2019-10-23 22:22:30,291 [Thread-2667] INFO  impl.RoleInfo (RoleInfo.java:updateAndGet(143)) - aed1b97f-105e-4684-b087-4b6333aa3ced: start LeaderElection
2019-10-23 22:22:30,305 [aed1b97f-105e-4684-b087-4b6333aa3ced@group-F043E0AED0ED-LeaderElection360] INFO  impl.LeaderElection (LeaderElection.java:askForVotes(178)) - aed1b97f-105e-4684-b087-4b6333aa3ced@group-F043E0AED0ED-LeaderElection360: begin an election at term 405 for -1: [aed1b97f-105e-4684-b087-4b6333aa3ced:192.168.157.195:34943, 1c51b35f-55cb-4636-a00c-83d34bf2d9d4:192.168.157.195:34693, d21ee1f1-33f6-483c-a18b-27782ce1915a:192.168.157.195:46462], old=null
2019-10-23 22:22:30,306 [grpc-default-executor-3] INFO  impl.RaftServerImpl (RaftServerImpl.java:setRole(184)) - 1c51b35f-55cb-4636-a00c-83d34bf2d9d4@group-F043E0AED0ED: changes role from  FOLLOWER to FOLLOWER at term 405 for recognizeCandidate:aed1b97f-105e-4684-b087-4b6333aa3ced
2019-10-23 22:22:30,306 [grpc-default-executor-3] INFO  impl.RoleInfo (RoleInfo.java:shutdownFollowerState(121)) - 1c51b35f-55cb-4636-a00c-83d34bf2d9d4: shutdown FollowerState
2019-10-23 22:22:30,306 [grpc-default-executor-5] INFO  impl.RaftServerImpl (RaftServerImpl.java:setRole(184)) - d21ee1f1-33f6-483c-a18b-27782ce1915a@group-F043E0AED0ED: changes role from  FOLLOWER to FOLLOWER at term 405 for recognizeCandidate:aed1b97f-105e-4684-b087-4b6333aa3ced
2019-10-23 22:22:30,307 [grpc-default-executor-5] INFO  impl.RoleInfo (RoleInfo.java:shutdownFollowerState(121)) - d21ee1f1-33f6-483c-a18b-27782ce1915a: shutdown FollowerState
2019-10-23 22:22:30,306 [Thread-2665] INFO  impl.FollowerState (FollowerState.java:run(117)) - 1c51b35f-55cb-4636-a00c-83d34bf2d9d4@group-F043E0AED0ED-FollowerState was interrupted: java.lang.InterruptedException: sleep interrupted
2019-10-23 22:22:30,307 [Thread-2666] INFO  impl.FollowerState (FollowerState.java:run(117)) - d21ee1f1-33f6-483c-a18b-27782ce1915a@group-F043E0AED0ED-FollowerState was interrupted: java.lang.InterruptedException: sleep interrupted
2019-10-23 22:22:30,306 [grpc-default-executor-3] INFO  impl.RoleInfo (RoleInfo.java:updateAndGet(143)) - 1c51b35f-55cb-4636-a00c-83d34bf2d9d4: start FollowerState
2019-10-23 22:22:30,307 [grpc-default-executor-5] INFO  impl.RoleInfo (RoleInfo.java:updateAndGet(143)) - d21ee1f1-33f6-483c-a18b-27782ce1915a: start FollowerState
2019-10-23 22:22:30,321 [aed1b97f-105e-4684-b087-4b6333aa3ced@group-F043E0AED0ED-LeaderElection360] INFO  impl.LeaderElection (LeaderElection.java:logAndReturn(56)) - aed1b97f-105e-4684-b087-4b6333aa3ced@group-F043E0AED0ED-LeaderElection360: Election REJECTED; received 2 response(s) [aed1b97f-105e-4684-b087-4b6333aa3ced<-1c51b35f-55cb-4636-a00c-83d34bf2d9d4#0:FAIL-t405, aed1b97f-105e-4684-b087-4b6333aa3ced<-d21ee1f1-33f6-483c-a18b-27782ce1915a#0:FAIL-t405] and 0 exception(s); aed1b97f-105e-4684-b087-4b6333aa3ced@group-F043E0AED0ED:t405, leader=null, voted=aed1b97f-105e-4684-b087-4b6333aa3ced, raftlog=aed1b97f-105e-4684-b087-4b6333aa3ced@group-F043E0AED0ED-SegmentedRaftLog:OPENED:c-1,f-1,i0, conf=-1: [aed1b97f-105e-4684-b087-4b6333aa3ced:192.168.157.195:34943, 1c51b35f-55cb-4636-a00c-83d34bf2d9d4:192.168.157.195:34693, d21ee1f1-33f6-483c-a18b-27782ce1915a:192.168.157.195:46462], old=null
2019-10-23 22:22:30,321 [aed1b97f-105e-4684-b087-4b6333aa3ced@group-F043E0AED0ED-LeaderElection360] INFO  impl.RaftServerImpl (RaftServerImpl.java:setRole(184)) - aed1b97f-105e-4684-b087-4b6333aa3ced@group-F043E0AED0ED: changes role from CANDIDATE to FOLLOWER at term 405 for DISCOVERED_A_NEW_TERM
2019-10-23 22:22:30,321 [aed1b97f-105e-4684-b087-4b6333aa3ced@group-F043E0AED0ED-LeaderElection360] INFO  impl.RoleInfo (RoleInfo.java:shutdownLeaderElection(134)) - aed1b97f-105e-4684-b087-4b6333aa3ced: shutdown LeaderElection
2019-10-23 22:22:30,322 [aed1b97f-105e-4684-b087-4b6333aa3ced@group-F043E0AED0ED-LeaderElection360] INFO  impl.RoleInfo (RoleInfo.java:updateAndGet(143)) - aed1b97f-105e-4684-b087-4b6333aa3ced: start FollowerState
2019-10-23 22:22:30,393 [Thread-2673] INFO  impl.FollowerState (FollowerState.java:run(108)) - aed1b97f-105e-4684-b087-4b6333aa3ced@group-F043E0AED0ED-FollowerState: change to CANDIDATE, lastRpcTime:71ms, electionTimeout:71ms
2019-10-23 22:22:30,393 [Thread-2673] INFO  impl.RoleInfo (RoleInfo.java:shutdownFollowerState(121)) - aed1b97f-105e-4684-b087-4b6333aa3ced: shutdown FollowerState
2019-10-23 22:22:30,393 [Thread-2673] INFO  impl.RaftServerImpl (RaftServerImpl.java:setRole(184)) - aed1b97f-105e-4684-b087-4b6333aa3ced@group-F043E0AED0ED: changes role from  FOLLOWER to CANDIDATE at term 405 for changeToCandidate
2019-10-23 22:22:30,393 [Thread-2673] INFO  impl.RoleInfo (RoleInfo.java:updateAndGet(143)) - aed1b97f-105e-4684-b087-4b6333aa3ced: start LeaderElection
2019-10-23 22:22:30,408 [aed1b97f-105e-4684-b087-4b6333aa3ced@group-F043E0AED0ED-LeaderElection361] INFO  impl.LeaderElection (LeaderElection.java:askForVotes(178)) - aed1b97f-105e-4684-b087-4b6333aa3ced@group-F043E0AED0ED-LeaderElection361: begin an election at term 406 for -1: [aed1b97f-105e-4684-b087-4b6333aa3ced:192.168.157.195:34943, 1c51b35f-55cb-4636-a00c-83d34bf2d9d4:192.168.157.195:34693, d21ee1f1-33f6-483c-a18b-27782ce1915a:192.168.157.195:46462], old=null
2019-10-23 22:22:30,410 [grpc-default-executor-3] INFO  impl.RaftServerImpl (RaftServerImpl.java:setRole(184)) - 1c51b35f-55cb-4636-a00c-83d34bf2d9d4@group-F043E0AED0ED: changes role from  FOLLOWER to FOLLOWER at term 406 for recognizeCandidate:aed1b97f-105e-4684-b087-4b6333aa3ced
2019-10-23 22:22:30,410 [grpc-default-executor-3] INFO  impl.RoleInfo (RoleInfo.java:shutdownFollowerState(121)) - 1c51b35f-55cb-4636-a00c-83d34bf2d9d4: shutdown FollowerState
2019-10-23 22:22:30,410 [grpc-default-executor-5] INFO  impl.RaftServerImpl (RaftServerImpl.java:setRole(184)) - d21ee1f1-33f6-483c-a18b-27782ce1915a@group-F043E0AED0ED: changes role from  FOLLOWER to FOLLOWER at term 406 for recognizeCandidate:aed1b97f-105e-4684-b087-4b6333aa3ced
2019-10-23 22:22:30,410 [grpc-default-executor-5] INFO  impl.RoleInfo (RoleInfo.java:shutdownFollowerState(121)) - d21ee1f1-33f6-483c-a18b-27782ce1915a: shutdown FollowerState
2019-10-23 22:22:30,410 [Thread-2671] INFO  impl.FollowerState (FollowerState.java:run(117)) - 1c51b35f-55cb-4636-a00c-83d34bf2d9d4@group-F043E0AED0ED-FollowerState was interrupted: java.lang.InterruptedException: sleep interrupted
2019-10-23 22:22:30,410 [Thread-2672] INFO  impl.FollowerState (FollowerState.java:run(117)) - d21ee1f1-33f6-483c-a18b-27782ce1915a@group-F043E0AED0ED-FollowerState was interrupted: java.lang.InterruptedException: sleep interrupted
2019-10-23 22:22:30,410 [grpc-default-executor-3] INFO  impl.RoleInfo (RoleInfo.java:updateAndGet(143)) - 1c51b35f-55cb-4636-a00c-83d34bf2d9d4: start FollowerState
2019-10-23 22:22:30,410 [grpc-default-executor-5] INFO  impl.RoleInfo (RoleInfo.java:updateAndGet(143)) - d21ee1f1-33f6-483c-a18b-27782ce1915a: start FollowerState
2019-10-23 22:22:30,425 [aed1b97f-105e-4684-b087-4b6333aa3ced@group-F043E0AED0ED-LeaderElection361] INFO  impl.LeaderElection (LeaderElection.java:logAndReturn(56)) - aed1b97f-105e-4684-b087-4b6333aa3ced@group-F043E0AED0ED-LeaderElection361: Election REJECTED; received 2 response(s) [aed1b97f-105e-4684-b087-4b6333aa3ced<-1c51b35f-55cb-4636-a00c-83d34bf2d9d4#0:FAIL-t406, aed1b97f-105e-4684-b087-4b6333aa3ced<-d21ee1f1-33f6-483c-a18b-27782ce1915a#0:FAIL-t406] and 0 exception(s); aed1b97f-105e-4684-b087-4b6333aa3ced@group-F043E0AED0ED:t406, leader=null, voted=aed1b97f-105e-4684-b087-4b6333aa3ced, raftlog=aed1b97f-105e-4684-b087-4b6333aa3ced@group-F043E0AED0ED-SegmentedRaftLog:OPENED:c-1,f-1,i0, conf=-1: [aed1b97f-105e-4684-b087-4b6333aa3ced:192.168.157.195:34943, 1c51b35f-55cb-4636-a00c-83d34bf2d9d4:192.168.157.195:34693, d21ee1f1-33f6-483c-a18b-27782ce1915a:192.168.157.195:46462], old=null
2019-10-23 22:22:30,425 [aed1b97f-105e-4684-b087-4b6333aa3ced@group-F043E0AED0ED-LeaderElection361] INFO  impl.RaftServerImpl (RaftServerImpl.java:setRole(184)) - aed1b97f-105e-4684-b087-4b6333aa3ced@group-F043E0AED0ED: changes role from CANDIDATE to FOLLOWER at term 406 for DISCOVERED_A_NEW_TERM
2019-10-23 22:22:30,425 [aed1b97f-105e-4684-b087-4b6333aa3ced@group-F043E0AED0ED-LeaderElection361] INFO  impl.RoleInfo (RoleInfo.java:shutdownLeaderElection(134)) - aed1b97f-105e-4684-b087-4b6333aa3ced: shutdown LeaderElection
2019-10-23 22:22:30,425 [aed1b97f-105e-4684-b087-4b6333aa3ced@group-F043E0AED0ED-LeaderElection361] INFO  impl.RoleInfo (RoleInfo.java:updateAndGet(143)) - aed1b97f-105e-4684-b087-4b6333aa3ced: start FollowerState
2019-10-23 22:22:30,443 [Thread-2679] INFO  impl.FollowerState (FollowerState.java:run(108)) - aed1b97f-105e-4684-b087-4b6333aa3ced@group-F043E0AED0ED-FollowerState: change to CANDIDATE, lastRpcTime:17ms, electionTimeout:17ms
2019-10-23 22:22:30,443 [Thread-2679] INFO  impl.RoleInfo (RoleInfo.java:shutdownFollowerState(121)) - aed1b97f-105e-4684-b087-4b6333aa3ced: shutdown FollowerState
2019-10-23 22:22:30,443 [Thread-2679] INFO  impl.RaftServerImpl (RaftServerImpl.java:setRole(184)) - aed1b97f-105e-4684-b087-4b6333aa3ced@group-F043E0AED0ED: changes role from  FOLLOWER to CANDIDATE at term 406 for changeToCandidate
2019-10-23 22:22:30,443 [Thread-2679] INFO  impl.RoleInfo (RoleInfo.java:updateAndGet(143)) - aed1b97f-105e-4684-b087-4b6333aa3ced: start LeaderElection
2019-10-23 22:22:30,469 [aed1b97f-105e-4684-b087-4b6333aa3ced@group-F043E0AED0ED-LeaderElection362] INFO  impl.LeaderElection (LeaderElection.java:askForVotes(178)) - aed1b97f-105e-4684-b087-4b6333aa3ced@group-F043E0AED0ED-LeaderElection362: begin an election at term 407 for -1: [aed1b97f-105e-4684-b087-4b6333aa3ced:192.168.157.195:34943, 1c51b35f-55cb-4636-a00c-83d34bf2d9d4:192.168.157.195:34693, d21ee1f1-33f6-483c-a18b-27782ce1915a:192.168.157.195:46462], old=null
2019-10-23 22:22:30,470 [grpc-default-executor-5] INFO  impl.RaftServerImpl (RaftServerImpl.java:setRole(184)) - 1c51b35f-55cb-4636-a00c-83d34bf2d9d4@group-F043E0AED0ED: changes role from  FOLLOWER to FOLLOWER at term 407 for recognizeCandidate:aed1b97f-105e-4684-b087-4b6333aa3ced
2019-10-23 22:22:30,470 [grpc-default-executor-5] INFO  impl.RoleInfo (RoleInfo.java:shutdownFollowerState(121)) - 1c51b35f-55cb-4636-a00c-83d34bf2d9d4: shutdown FollowerState
2019-10-23 22:22:30,470 [grpc-default-executor-3] INFO  impl.RaftServerImpl (RaftServerImpl.java:setRole(184)) - d21ee1f1-33f6-483c-a18b-27782ce1915a@group-F043E0AED0ED: changes role from  FOLLOWER to FOLLOWER at term 407 for recognizeCandidate:aed1b97f-105e-4684-b087-4b6333aa3ced
2019-10-23 22:22:30,470 [grpc-default-executor-3] INFO  impl.RoleInfo (RoleInfo.java:shutdownFollowerState(121)) - d21ee1f1-33f6-483c-a18b-27782ce1915a: shutdown FollowerState
2019-10-23 22:22:30,470 [grpc-default-executor-5] INFO  impl.RoleInfo (RoleInfo.java:updateAndGet(143)) - 1c51b35f-55cb-4636-a00c-83d34bf2d9d4: start FollowerState
2019-10-23 22:22:30,470 [Thread-2677] INFO  impl.FollowerState (FollowerState.java:run(117)) - 1c51b35f-55cb-4636-a00c-83d34bf2d9d4@group-F043E0AED0ED-FollowerState was interrupted: java.lang.InterruptedException: sleep interrupted
2019-10-23 22:22:30,471 [Thread-2678] INFO  impl.FollowerState (FollowerState.java:run(117)) - d21ee1f1-33f6-483c-a18b-27782ce1915a@group-F043E0AED0ED-FollowerState was interrupted: java.lang.InterruptedException: sleep interrupted
2019-10-23 22:22:30,471 [grpc-default-executor-3] INFO  impl.RoleInfo (RoleInfo.java:updateAndGet(143)) - d21ee1f1-33f6-483c-a18b-27782ce1915a: start FollowerState
2019-10-23 22:22:30,485 [aed1b97f-105e-4684-b087-4b6333aa3ced@group-F043E0AED0ED-LeaderElection362] INFO  impl.LeaderElection (LeaderElection.java:logAndReturn(56)) - aed1b97f-105e-4684-b087-4b6333aa3ced@group-F043E0AED0ED-LeaderElection362: Election REJECTED; received 2 response(s) [aed1b97f-105e-4684-b087-4b6333aa3ced<-1c51b35f-55cb-4636-a00c-83d34bf2d9d4#0:FAIL-t407, aed1b97f-105e-4684-b087-4b6333aa3ced<-d21ee1f1-33f6-483c-a18b-27782ce1915a#0:FAIL-t407] and 0 exception(s); aed1b97f-105e-4684-b087-4b6333aa3ced@group-F043E0AED0ED:t407, leader=null, voted=aed1b97f-105e-4684-b087-4b6333aa3ced, raftlog=aed1b97f-105e-4684-b087-4b6333aa3ced@group-F043E0AED0ED-SegmentedRaftLog:OPENED:c-1,f-1,i0, conf=-1: [aed1b97f-105e-4684-b087-4b6333aa3ced:192.168.157.195:34943, 1c51b35f-55cb-4636-a00c-83d34bf2d9d4:192.168.157.195:34693, d21ee1f1-33f6-483c-a18b-27782ce1915a:192.168.157.195:46462], old=null
2019-10-23 22:22:30,485 [aed1b97f-105e-4684-b087-4b6333aa3ced@group-F043E0AED0ED-LeaderElection362] INFO  impl.RaftServerImpl (RaftServerImpl.java:setRole(184)) - aed1b97f-105e-4684-b087-4b6333aa3ced@group-F043E0AED0ED: changes role from CANDIDATE to FOLLOWER at term 407 for DISCOVERED_A_NEW_TERM
2019-10-23 22:22:30,486 [aed1b97f-105e-4684-b087-4b6333aa3ced@group-F043E0AED0ED-LeaderElection362] INFO  impl.RoleInfo (RoleInfo.java:shutdownLeaderElection(134)) - aed1b97f-105e-4684-b087-4b6333aa3ced: shutdown LeaderElection
2019-10-23 22:22:30,486 [aed1b97f-105e-4684-b087-4b6333aa3ced@group-F043E0AED0ED-LeaderElection362] INFO  impl.RoleInfo (RoleInfo.java:updateAndGet(143)) - aed1b97f-105e-4684-b087-4b6333aa3ced: start FollowerState
2019-10-23 22:22:30,519 [Thread-2685] INFO  impl.FollowerState (FollowerState.java:run(108)) - aed1b97f-105e-4684-b087-4b6333aa3ced@group-F043E0AED0ED-FollowerState: change to CANDIDATE, lastRpcTime:33ms, electionTimeout:33ms
2019-10-23 22:22:30,519 [Thread-2685] INFO  impl.RoleInfo (RoleInfo.java:shutdownFollowerState(121)) - aed1b97f-105e-4684-b087-4b6333aa3ced: shutdown FollowerState
2019-10-23 22:22:30,519 [Thread-2685] INFO  impl.RaftServerImpl (RaftServerImpl.java:setRole(184)) - aed1b97f-105e-4684-b087-4b6333aa3ced@group-F043E0AED0ED: changes role from  FOLLOWER to CANDIDATE at term 407 for changeToCandidate
2019-10-23 22:22:30,519 [Thread-2685] INFO  impl.RoleInfo (RoleInfo.java:updateAndGet(143)) - aed1b97f-105e-4684-b087-4b6333aa3ced: start LeaderElection
2019-10-23 22:22:30,533 [aed1b97f-105e-4684-b087-4b6333aa3ced@group-F043E0AED0ED-LeaderElection363] INFO  impl.LeaderElection (LeaderElection.java:askForVotes(178)) - aed1b97f-105e-4684-b087-4b6333aa3ced@group-F043E0AED0ED-LeaderElection363: begin an election at term 408 for -1: [aed1b97f-105e-4684-b087-4b6333aa3ced:192.168.157.195:34943, 1c51b35f-55cb-4636-a00c-83d34bf2d9d4:192.168.157.195:34693, d21ee1f1-33f6-483c-a18b-27782ce1915a:192.168.157.195:46462], old=null
2019-10-23 22:22:30,534 [grpc-default-executor-5] INFO  impl.RaftServerImpl (RaftServerImpl.java:setRole(184)) - 1c51b35f-55cb-4636-a00c-83d34bf2d9d4@group-F043E0AED0ED: changes role from  FOLLOWER to FOLLOWER at term 408 for recognizeCandidate:aed1b97f-105e-4684-b087-4b6333aa3ced
2019-10-23 22:22:30,534 [grpc-default-executor-3] INFO  impl.RaftServerImpl (RaftServerImpl.java:setRole(184)) - d21ee1f1-33f6-483c-a18b-27782ce1915a@group-F043E0AED0ED: changes role from  FOLLOWER to FOLLOWER at term 408 for recognizeCandidate:aed1b97f-105e-4684-b087-4b6333aa3ced
2019-10-23 22:22:30,535 [grpc-default-executor-3] INFO  impl.RoleInfo (RoleInfo.java:shutdownFollowerState(121)) - d21ee1f1-33f6-483c-a18b-27782ce1915a: shutdown FollowerState
2019-10-23 22:22:30,534 [grpc-default-executor-5] INFO  impl.RoleInfo (RoleInfo.java:shutdownFollowerState(121)) - 1c51b35f-55cb-4636-a00c-83d34bf2d9d4: shutdown FollowerState
2019-10-23 22:22:30,535 [Thread-2684] INFO  impl.FollowerState (FollowerState.java:run(117)) - d21ee1f1-33f6-483c-a18b-27782ce1915a@group-F043E0AED0ED-FollowerState was interrupted: java.lang.InterruptedException: sleep interrupted
2019-10-23 22:22:30,535 [Thread-2683] INFO  impl.FollowerState (FollowerState.java:run(117)) - 1c51b35f-55cb-4636-a00c-83d34bf2d9d4@group-F043E0AED0ED-FollowerState was interrupted: java.lang.InterruptedException: sleep interrupted
2019-10-23 22:22:30,535 [grpc-default-executor-3] INFO  impl.RoleInfo (RoleInfo.java:updateAndGet(143)) - d21ee1f1-33f6-483c-a18b-27782ce1915a: start FollowerState
2019-10-23 22:22:30,535 [grpc-default-executor-5] INFO  impl.RoleInfo (RoleInfo.java:updateAndGet(143)) - 1c51b35f-55cb-4636-a00c-83d34bf2d9d4: start FollowerState
2019-10-23 22:22:30,549 [aed1b97f-105e-4684-b087-4b6333aa3ced@group-F043E0AED0ED-LeaderElection363] INFO  impl.LeaderElection (LeaderElection.java:logAndReturn(56)) - aed1b97f-105e-4684-b087-4b6333aa3ced@group-F043E0AED0ED-LeaderElection363: Election REJECTED; received 2 response(s) [aed1b97f-105e-4684-b087-4b6333aa3ced<-1c51b35f-55cb-4636-a00c-83d34bf2d9d4#0:FAIL-t408, aed1b97f-105e-4684-b087-4b6333aa3ced<-d21ee1f1-33f6-483c-a18b-27782ce1915a#0:FAIL-t408] and 0 exception(s); aed1b97f-105e-4684-b087-4b6333aa3ced@group-F043E0AED0ED:t408, leader=null, voted=aed1b97f-105e-4684-b087-4b6333aa3ced, raftlog=aed1b97f-105e-4684-b087-4b6333aa3ced@group-F043E0AED0ED-SegmentedRaftLog:OPENED:c-1,f-1,i0, conf=-1: [aed1b97f-105e-4684-b087-4b6333aa3ced:192.168.157.195:34943, 1c51b35f-55cb-4636-a00c-83d34bf2d9d4:192.168.157.195:34693, d21ee1f1-33f6-483c-a18b-27782ce1915a:192.168.157.195:46462], old=null
2019-10-23 22:22:30,549 [aed1b97f-105e-4684-b087-4b6333aa3ced@group-F043E0AED0ED-LeaderElection363] INFO  impl.RaftServerImpl (RaftServerImpl.java:setRole(184)) - aed1b97f-105e-4684-b087-4b6333aa3ced@group-F043E0AED0ED: changes role from CANDIDATE to FOLLOWER at term 408 for DISCOVERED_A_NEW_TERM
2019-10-23 22:22:30,549 [aed1b97f-105e-4684-b087-4b6333aa3ced@group-F043E0AED0ED-LeaderElection363] INFO  impl.RoleInfo (RoleInfo.java:shutdownLeaderElection(134)) - aed1b97f-105e-4684-b087-4b6333aa3ced: shutdown LeaderElection
2019-10-23 22:22:30,549 [aed1b97f-105e-4684-b087-4b6333aa3ced@group-F043E0AED0ED-LeaderElection363] INFO  impl.RoleInfo (RoleInfo.java:updateAndGet(143)) - aed1b97f-105e-4684-b087-4b6333aa3ced: start FollowerState
2019-10-23 22:22:30,719 [Thread-2691] INFO  impl.FollowerState (FollowerState.java:run(108)) - aed1b97f-105e-4684-b087-4b6333aa3ced@group-F043E0AED0ED-FollowerState: change to CANDIDATE, lastRpcTime:169ms, electionTimeout:169ms
2019-10-23 22:22:30,719 [Thread-2691] INFO  impl.RoleInfo (RoleInfo.java:shutdownFollowerState(121)) - aed1b97f-105e-4684-b087-4b6333aa3ced: shutdown FollowerState
2019-10-23 22:22:30,719 [Thread-2691] INFO  impl.RaftServerImpl (RaftServerImpl.java:setRole(184)) - aed1b97f-105e-4684-b087-4b6333aa3ced@group-F043E0AED0ED: changes role from  FOLLOWER to CANDIDATE at term 408 for changeToCandidate
2019-10-23 22:22:30,719 [Thread-2691] INFO  impl.RoleInfo (RoleInfo.java:updateAndGet(143)) - aed1b97f-105e-4684-b087-4b6333aa3ced: start LeaderElection
2019-10-23 22:22:30,734 [aed1b97f-105e-4684-b087-4b6333aa3ced@group-F043E0AED0ED-LeaderElection364] INFO  impl.LeaderElection (LeaderElection.java:askForVotes(178)) - aed1b97f-105e-4684-b087-4b6333aa3ced@group-F043E0AED0ED-LeaderElection364: begin an election at term 409 for -1: [aed1b97f-105e-4684-b087-4b6333aa3ced:192.168.157.195:34943, 1c51b35f-55cb-4636-a00c-83d34bf2d9d4:192.168.157.195:34693, d21ee1f1-33f6-483c-a18b-27782ce1915a:192.168.157.195:46462], old=null
2019-10-23 22:22:30,737 [grpc-default-executor-5] INFO  impl.RaftServerImpl (RaftServerImpl.java:setRole(184)) - 1c51b35f-55cb-4636-a00c-83d34bf2d9d4@group-F043E0AED0ED: changes role from  FOLLOWER to FOLLOWER at term 409 for recognizeCandidate:aed1b97f-105e-4684-b087-4b6333aa3ced
2019-10-23 22:22:30,737 [grpc-default-executor-5] INFO  impl.RoleInfo (RoleInfo.java:shutdownFollowerState(121)) - 1c51b35f-55cb-4636-a00c-83d34bf2d9d4: shutdown FollowerState
2019-10-23 22:22:30,737 [grpc-default-executor-5] INFO  impl.RoleInfo (RoleInfo.java:updateAndGet(143)) - 1c51b35f-55cb-4636-a00c-83d34bf2d9d4: start FollowerState
2019-10-23 22:22:30,737 [Thread-2690] INFO  impl.FollowerState (FollowerState.java:run(117)) - 1c51b35f-55cb-4636-a00c-83d34bf2d9d4@group-F043E0AED0ED-FollowerState was interrupted: java.lang.InterruptedException: sleep interrupted
2019-10-23 22:22:30,737 [grpc-default-executor-3] INFO  impl.RaftServerImpl (RaftServerImpl.java:setRole(184)) - d21ee1f1-33f6-483c-a18b-27782ce1915a@group-F043E0AED0ED: changes role from  FOLLOWER to FOLLOWER at term 409 for recognizeCandidate:aed1b97f-105e-4684-b087-4b6333aa3ced
2019-10-23 22:22:30,737 [grpc-default-executor-3] INFO  impl.RoleInfo (RoleInfo.java:shutdownFollowerState(121)) - d21ee1f1-33f6-483c-a18b-27782ce1915a: shutdown FollowerState
2019-10-23 22:22:30,738 [grpc-default-executor-3] INFO  impl.RoleInfo (RoleInfo.java:updateAndGet(143)) - d21ee1f1-33f6-483c-a18b-27782ce1915a: start FollowerState
2019-10-23 22:22:30,738 [Thread-2689] INFO  impl.FollowerState (FollowerState.java:run(117)) - d21ee1f1-33f6-483c-a18b-27782ce1915a@group-F043E0AED0ED-FollowerState was interrupted: java.lang.InterruptedException: sleep interrupted
2019-10-23 22:22:30,749 [aed1b97f-105e-4684-b087-4b6333aa3ced@group-F043E0AED0ED-LeaderElection364] INFO  impl.LeaderElection (LeaderElection.java:logAndReturn(56)) - aed1b97f-105e-4684-b087-4b6333aa3ced@group-F043E0AED0ED-LeaderElection364: Election TIMEOUT; received 0 response(s) [] and 0 exception(s); aed1b97f-105e-4684-b087-4b6333aa3ced@group-F043E0AED0ED:t409, leader=null, voted=aed1b97f-105e-4684-b087-4b6333aa3ced, raftlog=aed1b97f-105e-4684-b087-4b6333aa3ced@group-F043E0AED0ED-SegmentedRaftLog:OPENED:c-1,f-1,i0, conf=-1: [aed1b97f-105e-4684-b087-4b6333aa3ced:192.168.157.195:34943, 1c51b35f-55cb-4636-a00c-83d34bf2d9d4:192.168.157.195:34693, d21ee1f1-33f6-483c-a18b-27782ce1915a:192.168.157.195:46462], old=null
2019-10-23 22:22:30,755 [aed1b97f-105e-4684-b087-4b6333aa3ced@group-F043E0AED0ED-LeaderElection364] INFO  impl.LeaderElection (LeaderElection.java:askForVotes(178)) - aed1b97f-105e-4684-b087-4b6333aa3ced@group-F043E0AED0ED-LeaderElection364: begin an election at term 410 for -1: [aed1b97f-105e-4684-b087-4b6333aa3ced:192.168.157.195:34943, 1c51b35f-55cb-4636-a00c-83d34bf2d9d4:192.168.157.195:34693, d21ee1f1-33f6-483c-a18b-27782ce1915a:192.168.157.195:46462], old=null
2019-10-23 22:22:30,756 [grpc-default-executor-3] INFO  impl.RaftServerImpl (RaftServerImpl.java:setRole(184)) - 1c51b35f-55cb-4636-a00c-83d34bf2d9d4@group-F043E0AED0ED: changes role from  FOLLOWER to FOLLOWER at term 410 for recognizeCandidate:aed1b97f-105e-4684-b087-4b6333aa3ced
2019-10-23 22:22:30,757 [grpc-default-executor-3] INFO  impl.RoleInfo (RoleInfo.java:shutdownFollowerState(121)) - 1c51b35f-55cb-4636-a00c-83d34bf2d9d4: shutdown FollowerState
2019-10-23 22:22:30,757 [grpc-default-executor-5] INFO  impl.RaftServerImpl (RaftServerImpl.java:setRole(184)) - d21ee1f1-33f6-483c-a18b-27782ce1915a@group-F043E0AED0ED: changes role from  FOLLOWER to FOLLOWER at term 410 for recognizeCandidate:aed1b97f-105e-4684-b087-4b6333aa3ced
2019-10-23 22:22:30,757 [grpc-default-executor-5] INFO  impl.RoleInfo (RoleInfo.java:shutdownFollowerState(121)) - d21ee1f1-33f6-483c-a18b-27782ce1915a: shutdown FollowerState
2019-10-23 22:22:30,757 [Thread-2697] INFO  impl.FollowerState (FollowerState.java:run(117)) - 1c51b35f-55cb-4636-a00c-83d34bf2d9d4@group-F043E0AED0ED-FollowerState was interrupted: java.lang.InterruptedException: sleep interrupted
2019-10-23 22:22:30,757 [grpc-default-executor-3] INFO  impl.RoleInfo (RoleInfo.java:updateAndGet(143)) - 1c51b35f-55cb-4636-a00c-83d34bf2d9d4: start FollowerState
2019-10-23 22:22:30,757 [Thread-2698] INFO  impl.FollowerState (FollowerState.java:run(117)) - d21ee1f1-33f6-483c-a18b-27782ce1915a@group-F043E0AED0ED-FollowerState was interrupted: java.lang.InterruptedException: sleep interrupted
2019-10-23 22:22:30,757 [grpc-default-executor-5] INFO  impl.RoleInfo (RoleInfo.java:updateAndGet(143)) - d21ee1f1-33f6-483c-a18b-27782ce1915a: start FollowerState
2019-10-23 22:22:30,768 [aed1b97f-105e-4684-b087-4b6333aa3ced@group-F043E0AED0ED-LeaderElection364] INFO  impl.LeaderElection (LeaderElection.java:logAndReturn(56)) - aed1b97f-105e-4684-b087-4b6333aa3ced@group-F043E0AED0ED-LeaderElection364: Election REJECTED; received 2 response(s) [aed1b97f-105e-4684-b087-4b6333aa3ced<-1c51b35f-55cb-4636-a00c-83d34bf2d9d4#0:FAIL-t410, aed1b97f-105e-4684-b087-4b6333aa3ced<-d21ee1f1-33f6-483c-a18b-27782ce1915a#0:FAIL-t410] and 0 exception(s); aed1b97f-105e-4684-b087-4b6333aa3ced@group-F043E0AED0ED:t410, leader=null, voted=aed1b97f-105e-4684-b087-4b6333aa3ced, raftlog=aed1b97f-105e-4684-b087-4b6333aa3ced@group-F043E0AED0ED-SegmentedRaftLog:OPENED:c-1,f-1,i0, conf=-1: [aed1b97f-105e-4684-b087-4b6333aa3ced:192.168.157.195:34943, 1c51b35f-55cb-4636-a00c-83d34bf2d9d4:192.168.157.195:34693, d21ee1f1-33f6-483c-a18b-27782ce1915a:192.168.157.195:46462], old=null
2019-10-23 22:22:30,768 [aed1b97f-105e-4684-b087-4b6333aa3ced@group-F043E0AED0ED-LeaderElection364] INFO  impl.RaftServerImpl (RaftServerImpl.java:setRole(184)) - aed1b97f-105e-4684-b087-4b6333aa3ced@group-F043E0AED0ED: changes role from CANDIDATE to FOLLOWER at term 410 for DISCOVERED_A_NEW_TERM
2019-10-23 22:22:30,768 [aed1b97f-105e-4684-b087-4b6333aa3ced@group-F043E0AED0ED-LeaderElection364] INFO  impl.RoleInfo (RoleInfo.java:shutdownLeaderElection(134)) - aed1b97f-105e-4684-b087-4b6333aa3ced: shutdown LeaderElection
2019-10-23 22:22:30,768 [aed1b97f-105e-4684-b087-4b6333aa3ced@group-F043E0AED0ED-LeaderElection364] INFO  impl.RoleInfo (RoleInfo.java:updateAndGet(143)) - aed1b97f-105e-4684-b087-4b6333aa3ced: start FollowerState
2019-10-23 22:22:30,946 [Thread-2703] INFO  impl.FollowerState (FollowerState.java:run(108)) - aed1b97f-105e-4684-b087-4b6333aa3ced@group-F043E0AED0ED-FollowerState: change to CANDIDATE, lastRpcTime:177ms, electionTimeout:177ms
2019-10-23 22:22:30,946 [Thread-2703] INFO  impl.RoleInfo (RoleInfo.java:shutdownFollowerState(121)) - aed1b97f-105e-4684-b087-4b6333aa3ced: shutdown FollowerState
2019-10-23 22:22:30,946 [Thread-2703] INFO  impl.RaftServerImpl (RaftServerImpl.java:setRole(184)) - aed1b97f-105e-4684-b087-4b6333aa3ced@group-F043E0AED0ED: changes role from  FOLLOWER to CANDIDATE at term 410 for changeToCandidate
2019-10-23 22:22:30,946 [Thread-2703] INFO  impl.RoleInfo (RoleInfo.java:updateAndGet(143)) - aed1b97f-105e-4684-b087-4b6333aa3ced: start LeaderElection
2019-10-23 22:22:30,960 [aed1b97f-105e-4684-b087-4b6333aa3ced@group-F043E0AED0ED-LeaderElection365] INFO  impl.LeaderElection (LeaderElection.java:askForVotes(178)) - aed1b97f-105e-4684-b087-4b6333aa3ced@group-F043E0AED0ED-LeaderElection365: begin an election at term 411 for -1: [aed1b97f-105e-4684-b087-4b6333aa3ced:192.168.157.195:34943, 1c51b35f-55cb-4636-a00c-83d34bf2d9d4:192.168.157.195:34693, d21ee1f1-33f6-483c-a18b-27782ce1915a:192.168.157.195:46462], old=null
2019-10-23 22:22:30,962 [grpc-default-executor-5] INFO  impl.RaftServerImpl (RaftServerImpl.java:setRole(184)) - 1c51b35f-55cb-4636-a00c-83d34bf2d9d4@group-F043E0AED0ED: changes role from  FOLLOWER to FOLLOWER at term 411 for recognizeCandidate:aed1b97f-105e-4684-b087-4b6333aa3ced
2019-10-23 22:22:30,962 [grpc-default-executor-5] INFO  impl.RoleInfo (RoleInfo.java:shutdownFollowerState(121)) - 1c51b35f-55cb-4636-a00c-83d34bf2d9d4: shutdown FollowerState
2019-10-23 22:22:30,962 [grpc-default-executor-5] INFO  impl.RoleInfo (RoleInfo.java:updateAndGet(143)) - 1c51b35f-55cb-4636-a00c-83d34bf2d9d4: start FollowerState
2019-10-23 22:22:30,962 [Thread-2701] INFO  impl.FollowerState (FollowerState.java:run(117)) - 1c51b35f-55cb-4636-a00c-83d34bf2d9d4@group-F043E0AED0ED-FollowerState was interrupted: java.lang.InterruptedException: sleep interrupted
2019-10-23 22:22:30,962 [grpc-default-executor-3] INFO  impl.RaftServerImpl (RaftServerImpl.java:setRole(184)) - d21ee1f1-33f6-483c-a18b-27782ce1915a@group-F043E0AED0ED: changes role from  FOLLOWER to FOLLOWER at term 411 for recognizeCandidate:aed1b97f-105e-4684-b087-4b6333aa3ced
2019-10-23 22:22:30,963 [grpc-default-executor-3] INFO  impl.RoleInfo (RoleInfo.java:shutdownFollowerState(121)) - d21ee1f1-33f6-483c-a18b-27782ce1915a: shutdown FollowerState
2019-10-23 22:22:30,963 [grpc-default-executor-3] INFO  impl.RoleInfo (RoleInfo.java:updateAndGet(143)) - d21ee1f1-33f6-483c-a18b-27782ce1915a: start FollowerState
2019-10-23 22:22:30,963 [Thread-2702] INFO  impl.FollowerState (FollowerState.java:run(117)) - d21ee1f1-33f6-483c-a18b-27782ce1915a@group-F043E0AED0ED-FollowerState was interrupted: java.lang.InterruptedException: sleep interrupted
2019-10-23 22:22:30,976 [aed1b97f-105e-4684-b087-4b6333aa3ced@group-F043E0AED0ED-LeaderElection365] INFO  impl.LeaderElection (LeaderElection.java:logAndReturn(56)) - aed1b97f-105e-4684-b087-4b6333aa3ced@group-F043E0AED0ED-LeaderElection365: Election REJECTED; received 2 response(s) [aed1b97f-105e-4684-b087-4b6333aa3ced<-1c51b35f-55cb-4636-a00c-83d34bf2d9d4#0:FAIL-t411, aed1b97f-105e-4684-b087-4b6333aa3ced<-d21ee1f1-33f6-483c-a18b-27782ce1915a#0:FAIL-t411] and 0 exception(s); aed1b97f-105e-4684-b087-4b6333aa3ced@group-F043E0AED0ED:t411, leader=null, voted=aed1b97f-105e-4684-b087-4b6333aa3ced, raftlog=aed1b97f-105e-4684-b087-4b6333aa3ced@group-F043E0AED0ED-SegmentedRaftLog:OPENED:c-1,f-1,i0, conf=-1: [aed1b97f-105e-4684-b087-4b6333aa3ced:192.168.157.195:34943, 1c51b35f-55cb-4636-a00c-83d34bf2d9d4:192.168.157.195:34693, d21ee1f1-33f6-483c-a18b-27782ce1915a:192.168.157.195:46462], old=null
2019-10-23 22:22:30,977 [aed1b97f-105e-4684-b087-4b6333aa3ced@group-F043E0AED0ED-LeaderElection365] INFO  impl.RaftServerImpl (RaftServerImpl.java:setRole(184)) - aed1b97f-105e-4684-b087-4b6333aa3ced@group-F043E0AED0ED: changes role from CANDIDATE to FOLLOWER at term 411 for DISCOVERED_A_NEW_TERM
2019-10-23 22:22:30,977 [aed1b97f-105e-4684-b087-4b6333aa3ced@group-F043E0AED0ED-LeaderElection365] INFO  impl.RoleInfo (RoleInfo.java:shutdownLeaderElection(134)) - aed1b97f-105e-4684-b087-4b6333aa3ced: shutdown LeaderElection
2019-10-23 22:22:30,977 [aed1b97f-105e-4684-b087-4b6333aa3ced@group-F043E0AED0ED-LeaderElection365] INFO  impl.RoleInfo (RoleInfo.java:updateAndGet(143)) - aed1b97f-105e-4684-b087-4b6333aa3ced: start FollowerState
2019-10-23 22:22:31,161 [Thread-2709] INFO  impl.FollowerState (FollowerState.java:run(108)) - aed1b97f-105e-4684-b087-4b6333aa3ced@group-F043E0AED0ED-FollowerState: change to CANDIDATE, lastRpcTime:184ms, electionTimeout:184ms
2019-10-23 22:22:31,162 [Thread-2709] INFO  impl.RoleInfo (RoleInfo.java:shutdownFollowerState(121)) - aed1b97f-105e-4684-b087-4b6333aa3ced: shutdown FollowerState
2019-10-23 22:22:31,162 [Thread-2709] INFO  impl.RaftServerImpl (RaftServerImpl.java:setRole(184)) - aed1b97f-105e-4684-b087-4b6333aa3ced@group-F043E0AED0ED: changes role from  FOLLOWER to CANDIDATE at term 411 for changeToCandidate
2019-10-23 22:22:31,162 [Thread-2709] INFO  impl.RoleInfo (RoleInfo.java:updateAndGet(143)) - aed1b97f-105e-4684-b087-4b6333aa3ced: start LeaderElection
2019-10-23 22:22:31,175 [aed1b97f-105e-4684-b087-4b6333aa3ced@group-F043E0AED0ED-LeaderElection366] INFO  impl.LeaderElection (LeaderElection.java:askForVotes(178)) - aed1b97f-105e-4684-b087-4b6333aa3ced@group-F043E0AED0ED-LeaderElection366: begin an election at term 412 for -1: [aed1b97f-105e-4684-b087-4b6333aa3ced:192.168.157.195:34943, 1c51b35f-55cb-4636-a00c-83d34bf2d9d4:192.168.157.195:34693, d21ee1f1-33f6-483c-a18b-27782ce1915a:192.168.157.195:46462], old=null
2019-10-23 22:22:31,177 [grpc-default-executor-5] INFO  impl.RaftServerImpl (RaftServerImpl.java:setRole(184)) - 1c51b35f-55cb-4636-a00c-83d34bf2d9d4@group-F043E0AED0ED: changes role from  FOLLOWER to FOLLOWER at term 412 for recognizeCandidate:aed1b97f-105e-4684-b087-4b6333aa3ced
2019-10-23 22:22:31,177 [grpc-default-executor-3] INFO  impl.RaftServerImpl (RaftServerImpl.java:setRole(184)) - d21ee1f1-33f6-483c-a18b-27782ce1915a@group-F043E0AED0ED: changes role from  FOLLOWER to FOLLOWER at term 412 for recognizeCandidate:aed1b97f-105e-4684-b087-4b6333aa3ced
2019-10-23 22:22:31,177 [grpc-default-executor-3] INFO  impl.RoleInfo (RoleInfo.java:shutdownFollowerState(121)) - d21ee1f1-33f6-483c-a18b-27782ce1915a: shutdown FollowerState
2019-10-23 22:22:31,177 [grpc-default-executor-5] INFO  impl.RoleInfo (RoleInfo.java:shutdownFollowerState(121)) - 1c51b35f-55cb-4636-a00c-83d34bf2d9d4: shutdown FollowerState
2019-10-23 22:22:31,178 [grpc-default-executor-3] INFO  impl.RoleInfo (RoleInfo.java:updateAndGet(143)) - d21ee1f1-33f6-483c-a18b-27782ce1915a: start FollowerState
2019-10-23 22:22:31,178 [Thread-2708] INFO  impl.FollowerState (FollowerState.java:run(117)) - d21ee1f1-33f6-483c-a18b-27782ce1915a@group-F043E0AED0ED-FollowerState was interrupted: java.lang.InterruptedException: sleep interrupted
2019-10-23 22:22:31,178 [grpc-default-executor-5] INFO  impl.RoleInfo (RoleInfo.java:updateAndGet(143)) - 1c51b35f-55cb-4636-a00c-83d34bf2d9d4: start FollowerState
2019-10-23 22:22:31,178 [Thread-2707] INFO  impl.FollowerState (FollowerState.java:run(117)) - 1c51b35f-55cb-4636-a00c-83d34bf2d9d4@group-F043E0AED0ED-FollowerState was interrupted: java.lang.InterruptedException: sleep interrupted
2019-10-23 22:22:31,192 [aed1b97f-105e-4684-b087-4b6333aa3ced@group-F043E0AED0ED-LeaderElection366] INFO  impl.LeaderElection (LeaderElection.java:logAndReturn(56)) - aed1b97f-105e-4684-b087-4b6333aa3ced@group-F043E0AED0ED-LeaderElection366: Election REJECTED; received 2 response(s) [aed1b97f-105e-4684-b087-4b6333aa3ced<-1c51b35f-55cb-4636-a00c-83d34bf2d9d4#0:FAIL-t412, aed1b97f-105e-4684-b087-4b6333aa3ced<-d21ee1f1-33f6-483c-a18b-27782ce1915a#0:FAIL-t412] and 0 exception(s); aed1b97f-105e-4684-b087-4b6333aa3ced@group-F043E0AED0ED:t412, leader=null, voted=aed1b97f-105e-4684-b087-4b6333aa3ced, raftlog=aed1b97f-105e-4684-b087-4b6333aa3ced@group-F043E0AED0ED-SegmentedRaftLog:OPENED:c-1,f-1,i0, conf=-1: [aed1b97f-105e-4684-b087-4b6333aa3ced:192.168.157.195:34943, 1c51b35f-55cb-4636-a00c-83d34bf2d9d4:192.168.157.195:34693, d21ee1f1-33f6-483c-a18b-27782ce1915a:192.168.157.195:46462], old=null
2019-10-23 22:22:31,192 [aed1b97f-105e-4684-b087-4b6333aa3ced@group-F043E0AED0ED-LeaderElection366] INFO  impl.RaftServerImpl (RaftServerImpl.java:setRole(184)) - aed1b97f-105e-4684-b087-4b6333aa3ced@group-F043E0AED0ED: changes role from CANDIDATE to FOLLOWER at term 412 for DISCOVERED_A_NEW_TERM
2019-10-23 22:22:31,192 [aed1b97f-105e-4684-b087-4b6333aa3ced@group-F043E0AED0ED-LeaderElection366] INFO  impl.RoleInfo (RoleInfo.java:shutdownLeaderElection(134)) - aed1b97f-105e-4684-b087-4b6333aa3ced: shutdown LeaderElection
2019-10-23 22:22:31,192 [aed1b97f-105e-4684-b087-4b6333aa3ced@group-F043E0AED0ED-LeaderElection366] INFO  impl.RoleInfo (RoleInfo.java:updateAndGet(143)) - aed1b97f-105e-4684-b087-4b6333aa3ced: start FollowerState
2019-10-23 22:22:31,267 [Thread-2715] INFO  impl.FollowerState (FollowerState.java:run(108)) - aed1b97f-105e-4684-b087-4b6333aa3ced@group-F043E0AED0ED-FollowerState: change to CANDIDATE, lastRpcTime:74ms, electionTimeout:74ms
2019-10-23 22:22:31,267 [Thread-2715] INFO  impl.RoleInfo (RoleInfo.java:shutdownFollowerState(121)) - aed1b97f-105e-4684-b087-4b6333aa3ced: shutdown FollowerState
2019-10-23 22:22:31,267 [Thread-2715] INFO  impl.RaftServerImpl (RaftServerImpl.java:setRole(184)) - aed1b97f-105e-4684-b087-4b6333aa3ced@group-F043E0AED0ED: changes role from  FOLLOWER to CANDIDATE at term 412 for changeToCandidate
2019-10-23 22:22:31,267 [Thread-2715] INFO  impl.RoleInfo (RoleInfo.java:updateAndGet(143)) - aed1b97f-105e-4684-b087-4b6333aa3ced: start LeaderElection
2019-10-23 22:22:31,281 [aed1b97f-105e-4684-b087-4b6333aa3ced@group-F043E0AED0ED-LeaderElection367] INFO  impl.LeaderElection (LeaderElection.java:askForVotes(178)) - aed1b97f-105e-4684-b087-4b6333aa3ced@group-F043E0AED0ED-LeaderElection367: begin an election at term 413 for -1: [aed1b97f-105e-4684-b087-4b6333aa3ced:192.168.157.195:34943, 1c51b35f-55cb-4636-a00c-83d34bf2d9d4:192.168.157.195:34693, d21ee1f1-33f6-483c-a18b-27782ce1915a:192.168.157.195:46462], old=null
2019-10-23 22:22:31,283 [grpc-default-executor-5] INFO  impl.RaftServerImpl (RaftServerImpl.java:setRole(184)) - d21ee1f1-33f6-483c-a18b-27782ce1915a@group-F043E0AED0ED: changes role from  FOLLOWER to FOLLOWER at term 413 for recognizeCandidate:aed1b97f-105e-4684-b087-4b6333aa3ced
2019-10-23 22:22:31,283 [grpc-default-executor-3] INFO  impl.RaftServerImpl (RaftServerImpl.java:setRole(184)) - 1c51b35f-55cb-4636-a00c-83d34bf2d9d4@group-F043E0AED0ED: changes role from  FOLLOWER to FOLLOWER at term 413 for recognizeCandidate:aed1b97f-105e-4684-b087-4b6333aa3ced
2019-10-23 22:22:31,283 [grpc-default-executor-3] INFO  impl.RoleInfo (RoleInfo.java:shutdownFollowerState(121)) - 1c51b35f-55cb-4636-a00c-83d34bf2d9d4: shutdown FollowerState
2019-10-23 22:22:31,283 [grpc-default-executor-5] INFO  impl.RoleInfo (RoleInfo.java:shutdownFollowerState(121)) - d21ee1f1-33f6-483c-a18b-27782ce1915a: shutdown FollowerState
2019-10-23 22:22:31,283 [Thread-2714] INFO  impl.FollowerState (FollowerState.java:run(117)) - 1c51b35f-55cb-4636-a00c-83d34bf2d9d4@group-F043E0AED0ED-FollowerState was interrupted: java.lang.InterruptedException: sleep interrupted
2019-10-23 22:22:31,283 [grpc-default-executor-3] INFO  impl.RoleInfo (RoleInfo.java:updateAndGet(143)) - 1c51b35f-55cb-4636-a00c-83d34bf2d9d4: start FollowerState
2019-10-23 22:22:31,283 [Thread-2713] INFO  impl.FollowerState (FollowerState.java:run(117)) - d21ee1f1-33f6-483c-a18b-27782ce1915a@group-F043E0AED0ED-FollowerState was interrupted: java.lang.InterruptedException: sleep interrupted
2019-10-23 22:22:31,283 [grpc-default-executor-5] INFO  impl.RoleInfo (RoleInfo.java:updateAndGet(143)) - d21ee1f1-33f6-483c-a18b-27782ce1915a: start FollowerState
2019-10-23 22:22:31,296 [aed1b97f-105e-4684-b087-4b6333aa3ced@group-F043E0AED0ED-LeaderElection367] INFO  impl.LeaderElection (LeaderElection.java:logAndReturn(56)) - aed1b97f-105e-4684-b087-4b6333aa3ced@group-F043E0AED0ED-LeaderElection367: Election REJECTED; received 2 response(s) [aed1b97f-105e-4684-b087-4b6333aa3ced<-1c51b35f-55cb-4636-a00c-83d34bf2d9d4#0:FAIL-t413, aed1b97f-105e-4684-b087-4b6333aa3ced<-d21ee1f1-33f6-483c-a18b-27782ce1915a#0:FAIL-t413] and 0 exception(s); aed1b97f-105e-4684-b087-4b6333aa3ced@group-F043E0AED0ED:t413, leader=null, voted=aed1b97f-105e-4684-b087-4b6333aa3ced, raftlog=aed1b97f-105e-4684-b087-4b6333aa3ced@group-F043E0AED0ED-SegmentedRaftLog:OPENED:c-1,f-1,i0, conf=-1: [aed1b97f-105e-4684-b087-4b6333aa3ced:192.168.157.195:34943, 1c51b35f-55cb-4636-a00c-83d34bf2d9d4:192.168.157.195:34693, d21ee1f1-33f6-483c-a18b-27782ce1915a:192.168.157.195:46462], old=null
2019-10-23 22:22:31,296 [aed1b97f-105e-4684-b087-4b6333aa3ced@group-F043E0AED0ED-LeaderElection367] INFO  impl.RaftServerImpl (RaftServerImpl.java:setRole(184)) - aed1b97f-105e-4684-b087-4b6333aa3ced@group-F043E0AED0ED: changes role from CANDIDATE to FOLLOWER at term 413 for DISCOVERED_A_NEW_TERM
2019-10-23 22:22:31,296 [aed1b97f-105e-4684-b087-4b6333aa3ced@group-F043E0AED0ED-LeaderElection367] INFO  impl.RoleInfo (RoleInfo.java:shutdownLeaderElection(134)) - aed1b97f-105e-4684-b087-4b6333aa3ced: shutdown LeaderElection
2019-10-23 22:22:31,296 [aed1b97f-105e-4684-b087-4b6333aa3ced@group-F043E0AED0ED-LeaderElection367] INFO  impl.RoleInfo (RoleInfo.java:updateAndGet(143)) - aed1b97f-105e-4684-b087-4b6333aa3ced: start FollowerState
2019-10-23 22:22:31,436 [Thread-2721] INFO  impl.FollowerState (FollowerState.java:run(108)) - aed1b97f-105e-4684-b087-4b6333aa3ced@group-F043E0AED0ED-FollowerState: change to CANDIDATE, lastRpcTime:140ms, electionTimeout:140ms
2019-10-23 22:22:31,436 [Thread-2721] INFO  impl.RoleInfo (RoleInfo.java:shutdownFollowerState(121)) - aed1b97f-105e-4684-b087-4b6333aa3ced: shutdown FollowerState
2019-10-23 22:22:31,436 [Thread-2721] INFO  impl.RaftServerImpl (RaftServerImpl.java:setRole(184)) - aed1b97f-105e-4684-b087-4b6333aa3ced@group-F043E0AED0ED: changes role from  FOLLOWER to CANDIDATE at term 413 for changeToCandidate
2019-10-23 22:22:31,437 [Thread-2721] INFO  impl.RoleInfo (RoleInfo.java:updateAndGet(143)) - aed1b97f-105e-4684-b087-4b6333aa3ced: start LeaderElection
2019-10-23 22:22:31,461 [aed1b97f-105e-4684-b087-4b6333aa3ced@group-F043E0AED0ED-LeaderElection368] INFO  impl.LeaderElection (LeaderElection.java:askForVotes(178)) - aed1b97f-105e-4684-b087-4b6333aa3ced@group-F043E0AED0ED-LeaderElection368: begin an election at term 414 for -1: [aed1b97f-105e-4684-b087-4b6333aa3ced:192.168.157.195:34943, 1c51b35f-55cb-4636-a00c-83d34bf2d9d4:192.168.157.195:34693, d21ee1f1-33f6-483c-a18b-27782ce1915a:192.168.157.195:46462], old=null
2019-10-23 22:22:31,463 [grpc-default-executor-5] INFO  impl.RaftServerImpl (RaftServerImpl.java:setRole(184)) - d21ee1f1-33f6-483c-a18b-27782ce1915a@group-F043E0AED0ED: changes role from  FOLLOWER to FOLLOWER at term 414 for recognizeCandidate:aed1b97f-105e-4684-b087-4b6333aa3ced
2019-10-23 22:22:31,463 [grpc-default-executor-3] INFO  impl.RaftServerImpl (RaftServerImpl.java:setRole(184)) - 1c51b35f-55cb-4636-a00c-83d34bf2d9d4@group-F043E0AED0ED: changes role from  FOLLOWER to FOLLOWER at term 414 for recognizeCandidate:aed1b97f-105e-4684-b087-4b6333aa3ced
2019-10-23 22:22:31,463 [grpc-default-executor-5] INFO  impl.RoleInfo (RoleInfo.java:shutdownFollowerState(121)) - d21ee1f1-33f6-483c-a18b-27782ce1915a: shutdown FollowerState
2019-10-23 22:22:31,463 [grpc-default-executor-3] INFO  impl.RoleInfo (RoleInfo.java:shutdownFollowerState(121)) - 1c51b35f-55cb-4636-a00c-83d34bf2d9d4: shutdown FollowerState
2019-10-23 22:22:31,464 [Thread-2720] INFO  impl.FollowerState (FollowerState.java:run(117)) - d21ee1f1-33f6-483c-a18b-27782ce1915a@group-F043E0AED0ED-FollowerState was interrupted: java.lang.InterruptedException: sleep interrupted
2019-10-23 22:22:31,464 [Thread-2719] INFO  impl.FollowerState (FollowerState.java:run(117)) - 1c51b35f-55cb-4636-a00c-83d34bf2d9d4@group-F043E0AED0ED-FollowerState was interrupted: java.lang.InterruptedException: sleep interrupted
2019-10-23 22:22:31,464 [grpc-default-executor-5] INFO  impl.RoleInfo (RoleInfo.java:updateAndGet(143)) - d21ee1f1-33f6-483c-a18b-27782ce1915a: start FollowerState
2019-10-23 22:22:31,464 [grpc-default-executor-3] INFO  impl.RoleInfo (RoleInfo.java:updateAndGet(143)) - 1c51b35f-55cb-4636-a00c-83d34bf2d9d4: start FollowerState
2019-10-23 22:22:31,478 [aed1b97f-105e-4684-b087-4b6333aa3ced@group-F043E0AED0ED-LeaderElection368] INFO  impl.LeaderElection (LeaderElection.java:logAndReturn(56)) - aed1b97f-105e-4684-b087-4b6333aa3ced@group-F043E0AED0ED-LeaderElection368: Election REJECTED; received 2 response(s) [aed1b97f-105e-4684-b087-4b6333aa3ced<-1c51b35f-55cb-4636-a00c-83d34bf2d9d4#0:FAIL-t414, aed1b97f-105e-4684-b087-4b6333aa3ced<-d21ee1f1-33f6-483c-a18b-27782ce1915a#0:FAIL-t414] and 0 exception(s); aed1b97f-105e-4684-b087-4b6333aa3ced@group-F043E0AED0ED:t414, leader=null, voted=aed1b97f-105e-4684-b087-4b6333aa3ced, raftlog=aed1b97f-105e-4684-b087-4b6333aa3ced@group-F043E0AED0ED-SegmentedRaftLog:OPENED:c-1,f-1,i0, conf=-1: [aed1b97f-105e-4684-b087-4b6333aa3ced:192.168.157.195:34943, 1c51b35f-55cb-4636-a00c-83d34bf2d9d4:192.168.157.195:34693, d21ee1f1-33f6-483c-a18b-27782ce1915a:192.168.157.195:46462], old=null
2019-10-23 22:22:31,478 [aed1b97f-105e-4684-b087-4b6333aa3ced@group-F043E0AED0ED-LeaderElection368] INFO  impl.RaftServerImpl (RaftServerImpl.java:setRole(184)) - aed1b97f-105e-4684-b087-4b6333aa3ced@group-F043E0AED0ED: changes role from CANDIDATE to FOLLOWER at term 414 for DISCOVERED_A_NEW_TERM
2019-10-23 22:22:31,478 [aed1b97f-105e-4684-b087-4b6333aa3ced@group-F043E0AED0ED-LeaderElection368] INFO  impl.RoleInfo (RoleInfo.java:shutdownLeaderElection(134)) - aed1b97f-105e-4684-b087-4b6333aa3ced: shutdown LeaderElection
2019-10-23 22:22:31,478 [aed1b97f-105e-4684-b087-4b6333aa3ced@group-F043E0AED0ED-LeaderElection368] INFO  impl.RoleInfo (RoleInfo.java:updateAndGet(143)) - aed1b97f-105e-4684-b087-4b6333aa3ced: start FollowerState
2019-10-23 22:22:31,596 [Thread-2727] INFO  impl.FollowerState (FollowerState.java:run(108)) - aed1b97f-105e-4684-b087-4b6333aa3ced@group-F043E0AED0ED-FollowerState: change to CANDIDATE, lastRpcTime:117ms, electionTimeout:117ms
2019-10-23 22:22:31,596 [Thread-2727] INFO  impl.RoleInfo (RoleInfo.java:shutdownFollowerState(121)) - aed1b97f-105e-4684-b087-4b6333aa3ced: shutdown FollowerState
2019-10-23 22:22:31,596 [Thread-2727] INFO  impl.RaftServerImpl (RaftServerImpl.java:setRole(184)) - aed1b97f-105e-4684-b087-4b6333aa3ced@group-F043E0AED0ED: changes role from  FOLLOWER to CANDIDATE at term 414 for changeToCandidate
2019-10-23 22:22:31,596 [Thread-2727] INFO  impl.RoleInfo (RoleInfo.java:updateAndGet(143)) - aed1b97f-105e-4684-b087-4b6333aa3ced: start LeaderElection
2019-10-23 22:22:31,610 [aed1b97f-105e-4684-b087-4b6333aa3ced@group-F043E0AED0ED-LeaderElection369] INFO  impl.LeaderElection (LeaderElection.java:askForVotes(178)) - aed1b97f-105e-4684-b087-4b6333aa3ced@group-F043E0AED0ED-LeaderElection369: begin an election at term 415 for -1: [aed1b97f-105e-4684-b087-4b6333aa3ced:192.168.157.195:34943, 1c51b35f-55cb-4636-a00c-83d34bf2d9d4:192.168.157.195:34693, d21ee1f1-33f6-483c-a18b-27782ce1915a:192.168.157.195:46462], old=null
2019-10-23 22:22:31,612 [grpc-default-executor-3] INFO  impl.RaftServerImpl (RaftServerImpl.java:setRole(184)) - d21ee1f1-33f6-483c-a18b-27782ce1915a@group-F043E0AED0ED: changes role from  FOLLOWER to FOLLOWER at term 415 for recognizeCandidate:aed1b97f-105e-4684-b087-4b6333aa3ced
2019-10-23 22:22:31,612 [grpc-default-executor-3] INFO  impl.RoleInfo (RoleInfo.java:shutdownFollowerState(121)) - d21ee1f1-33f6-483c-a18b-27782ce1915a: shutdown FollowerState
2019-10-23 22:22:31,612 [grpc-default-executor-5] INFO  impl.RaftServerImpl (RaftServerImpl.java:setRole(184)) - 1c51b35f-55cb-4636-a00c-83d34bf2d9d4@group-F043E0AED0ED: changes role from  FOLLOWER to FOLLOWER at term 415 for recognizeCandidate:aed1b97f-105e-4684-b087-4b6333aa3ced
2019-10-23 22:22:31,612 [Thread-2725] INFO  impl.FollowerState (FollowerState.java:run(117)) - d21ee1f1-33f6-483c-a18b-27782ce1915a@group-F043E0AED0ED-FollowerState was interrupted: java.lang.InterruptedException: sleep interrupted
2019-10-23 22:22:31,612 [grpc-default-executor-3] INFO  impl.RoleInfo (RoleInfo.java:updateAndGet(143)) - d21ee1f1-33f6-483c-a18b-27782ce1915a: start FollowerState
2019-10-23 22:22:31,612 [grpc-default-executor-5] INFO  impl.RoleInfo (RoleInfo.java:shutdownFollowerState(121)) - 1c51b35f-55cb-4636-a00c-83d34bf2d9d4: shutdown FollowerState
2019-10-23 22:22:31,613 [grpc-default-executor-5] INFO  impl.RoleInfo (RoleInfo.java:updateAndGet(143)) - 1c51b35f-55cb-4636-a00c-83d34bf2d9d4: start FollowerState
2019-10-23 22:22:31,613 [Thread-2726] INFO  impl.FollowerState (FollowerState.java:run(117)) - 1c51b35f-55cb-4636-a00c-83d34bf2d9d4@group-F043E0AED0ED-FollowerState was interrupted: java.lang.InterruptedException: sleep interrupted
2019-10-23 22:22:31,627 [aed1b97f-105e-4684-b087-4b6333aa3ced@group-F043E0AED0ED-LeaderElection369] INFO  impl.LeaderElection (LeaderElection.java:logAndReturn(56)) - aed1b97f-105e-4684-b087-4b6333aa3ced@group-F043E0AED0ED-LeaderElection369: Election REJECTED; received 2 response(s) [aed1b97f-105e-4684-b087-4b6333aa3ced<-1c51b35f-55cb-4636-a00c-83d34bf2d9d4#0:FAIL-t415, aed1b97f-105e-4684-b087-4b6333aa3ced<-d21ee1f1-33f6-483c-a18b-27782ce1915a#0:FAIL-t415] and 0 exception(s); aed1b97f-105e-4684-b087-4b6333aa3ced@group-F043E0AED0ED:t415, leader=null, voted=aed1b97f-105e-4684-b087-4b6333aa3ced, raftlog=aed1b97f-105e-4684-b087-4b6333aa3ced@group-F043E0AED0ED-SegmentedRaftLog:OPENED:c-1,f-1,i0, conf=-1: [aed1b97f-105e-4684-b087-4b6333aa3ced:192.168.157.195:34943, 1c51b35f-55cb-4636-a00c-83d34bf2d9d4:192.168.157.195:34693, d21ee1f1-33f6-483c-a18b-27782ce1915a:192.168.157.195:46462], old=null
2019-10-23 22:22:31,627 [aed1b97f-105e-4684-b087-4b6333aa3ced@group-F043E0AED0ED-LeaderElection369] INFO  impl.RaftServerImpl (RaftServerImpl.java:setRole(184)) - aed1b97f-105e-4684-b087-4b6333aa3ced@group-F043E0AED0ED: changes role from CANDIDATE to FOLLOWER at term 415 for DISCOVERED_A_NEW_TERM
2019-10-23 22:22:31,627 [aed1b97f-105e-4684-b087-4b6333aa3ced@group-F043E0AED0ED-LeaderElection369] INFO  impl.RoleInfo (RoleInfo.java:shutdownLeaderElection(134)) - aed1b97f-105e-4684-b087-4b6333aa3ced: shutdown LeaderElection
2019-10-23 22:22:31,627 [aed1b97f-105e-4684-b087-4b6333aa3ced@group-F043E0AED0ED-LeaderElection369] INFO  impl.RoleInfo (RoleInfo.java:updateAndGet(143)) - aed1b97f-105e-4684-b087-4b6333aa3ced: start FollowerState
2019-10-23 22:22:31,804 [Thread-2735] INFO  impl.FollowerState (FollowerState.java:run(108)) - aed1b97f-105e-4684-b087-4b6333aa3ced@group-F043E0AED0ED-FollowerState: change to CANDIDATE, lastRpcTime:176ms, electionTimeout:176ms
2019-10-23 22:22:31,804 [Thread-2735] INFO  impl.RoleInfo (RoleInfo.java:shutdownFollowerState(121)) - aed1b97f-105e-4684-b087-4b6333aa3ced: shutdown FollowerState
2019-10-23 22:22:31,804 [Thread-2735] INFO  impl.RaftServerImpl (RaftServerImpl.java:setRole(184)) - aed1b97f-105e-4684-b087-4b6333aa3ced@group-F043E0AED0ED: changes role from  FOLLOWER to CANDIDATE at term 415 for changeToCandidate
2019-10-23 22:22:31,804 [Thread-2735] INFO  impl.RoleInfo (RoleInfo.java:updateAndGet(143)) - aed1b97f-105e-4684-b087-4b6333aa3ced: start LeaderElection
2019-10-23 22:22:31,818 [aed1b97f-105e-4684-b087-4b6333aa3ced@group-F043E0AED0ED-LeaderElection370] INFO  impl.LeaderElection (LeaderElection.java:askForVotes(178)) - aed1b97f-105e-4684-b087-4b6333aa3ced@group-F043E0AED0ED-LeaderElection370: begin an election at term 416 for -1: [aed1b97f-105e-4684-b087-4b6333aa3ced:192.168.157.195:34943, 1c51b35f-55cb-4636-a00c-83d34bf2d9d4:192.168.157.195:34693, d21ee1f1-33f6-483c-a18b-27782ce1915a:192.168.157.195:46462], old=null
2019-10-23 22:22:31,820 [grpc-default-executor-5] INFO  impl.RaftServerImpl (RaftServerImpl.java:setRole(184)) - 1c51b35f-55cb-4636-a00c-83d34bf2d9d4@group-F043E0AED0ED: changes role from  FOLLOWER to FOLLOWER at term 416 for recognizeCandidate:aed1b97f-105e-4684-b087-4b6333aa3ced
2019-10-23 22:22:31,820 [grpc-default-executor-3] INFO  impl.RaftServerImpl (RaftServerImpl.java:setRole(184)) - d21ee1f1-33f6-483c-a18b-27782ce1915a@group-F043E0AED0ED: changes role from  FOLLOWER to FOLLOWER at term 416 for recognizeCandidate:aed1b97f-105e-4684-b087-4b6333aa3ced
2019-10-23 22:22:31,820 [grpc-default-executor-3] INFO  impl.RoleInfo (RoleInfo.java:shutdownFollowerState(121)) - d21ee1f1-33f6-483c-a18b-27782ce1915a: shutdown FollowerState
2019-10-23 22:22:31,820 [grpc-default-executor-5] INFO  impl.RoleInfo (RoleInfo.java:shutdownFollowerState(121)) - 1c51b35f-55cb-4636-a00c-83d34bf2d9d4: shutdown FollowerState
2019-10-23 22:22:31,821 [Thread-2733] INFO  impl.FollowerState (FollowerState.java:run(117)) - d21ee1f1-33f6-483c-a18b-27782ce1915a@group-F043E0AED0ED-FollowerState was interrupted: java.lang.InterruptedException: sleep interrupted
2019-10-23 22:22:31,820 [grpc-default-executor-3] INFO  impl.RoleInfo (RoleInfo.java:updateAndGet(143)) - d21ee1f1-33f6-483c-a18b-27782ce1915a: start FollowerState
2019-10-23 22:22:31,821 [Thread-2734] INFO  impl.FollowerState (FollowerState.java:run(117)) - 1c51b35f-55cb-4636-a00c-83d34bf2d9d4@group-F043E0AED0ED-FollowerState was interrupted: java.lang.InterruptedException: sleep interrupted
2019-10-23 22:22:31,821 [grpc-default-executor-5] INFO  impl.RoleInfo (RoleInfo.java:updateAndGet(143)) - 1c51b35f-55cb-4636-a00c-83d34bf2d9d4: start FollowerState
2019-10-23 22:22:31,857 [aed1b97f-105e-4684-b087-4b6333aa3ced@group-F043E0AED0ED-LeaderElection370] INFO  impl.LeaderElection (LeaderElection.java:logAndReturn(56)) - aed1b97f-105e-4684-b087-4b6333aa3ced@group-F043E0AED0ED-LeaderElection370: Election REJECTED; received 2 response(s) [aed1b97f-105e-4684-b087-4b6333aa3ced<-1c51b35f-55cb-4636-a00c-83d34bf2d9d4#0:FAIL-t416, aed1b97f-105e-4684-b087-4b6333aa3ced<-d21ee1f1-33f6-483c-a18b-27782ce1915a#0:FAIL-t416] and 0 exception(s); aed1b97f-105e-4684-b087-4b6333aa3ced@group-F043E0AED0ED:t416, leader=null, voted=aed1b97f-105e-4684-b087-4b6333aa3ced, raftlog=aed1b97f-105e-4684-b087-4b6333aa3ced@group-F043E0AED0ED-SegmentedRaftLog:OPENED:c-1,f-1,i0, conf=-1: [aed1b97f-105e-4684-b087-4b6333aa3ced:192.168.157.195:34943, 1c51b35f-55cb-4636-a00c-83d34bf2d9d4:192.168.157.195:34693, d21ee1f1-33f6-483c-a18b-27782ce1915a:192.168.157.195:46462], old=null
2019-10-23 22:22:31,857 [aed1b97f-105e-4684-b087-4b6333aa3ced@group-F043E0AED0ED-LeaderElection370] INFO  impl.RaftServerImpl (RaftServerImpl.java:setRole(184)) - aed1b97f-105e-4684-b087-4b6333aa3ced@group-F043E0AED0ED: changes role from CANDIDATE to FOLLOWER at term 416 for DISCOVERED_A_NEW_TERM
2019-10-23 22:22:31,857 [aed1b97f-105e-4684-b087-4b6333aa3ced@group-F043E0AED0ED-LeaderElection370] INFO  impl.RoleInfo (RoleInfo.java:shutdownLeaderElection(134)) - aed1b97f-105e-4684-b087-4b6333aa3ced: shutdown LeaderElection
2019-10-23 22:22:31,858 [aed1b97f-105e-4684-b087-4b6333aa3ced@group-F043E0AED0ED-LeaderElection370] INFO  impl.RoleInfo (RoleInfo.java:updateAndGet(143)) - aed1b97f-105e-4684-b087-4b6333aa3ced: start FollowerState
2019-10-23 22:22:32,010 [Thread-2741] INFO  impl.FollowerState (FollowerState.java:run(108)) - aed1b97f-105e-4684-b087-4b6333aa3ced@group-F043E0AED0ED-FollowerState: change to CANDIDATE, lastRpcTime:152ms, electionTimeout:152ms
2019-10-23 22:22:32,010 [Thread-2741] INFO  impl.RoleInfo (RoleInfo.java:shutdownFollowerState(121)) - aed1b97f-105e-4684-b087-4b6333aa3ced: shutdown FollowerState
2019-10-23 22:22:32,010 [Thread-2741] INFO  impl.RaftServerImpl (RaftServerImpl.java:setRole(184)) - aed1b97f-105e-4684-b087-4b6333aa3ced@group-F043E0AED0ED: changes role from  FOLLOWER to CANDIDATE at term 416 for changeToCandidate
2019-10-23 22:22:32,010 [Thread-2741] INFO  impl.RoleInfo (RoleInfo.java:updateAndGet(143)) - aed1b97f-105e-4684-b087-4b6333aa3ced: start LeaderElection
2019-10-23 22:22:32,031 [aed1b97f-105e-4684-b087-4b6333aa3ced@group-F043E0AED0ED-LeaderElection371] INFO  impl.LeaderElection (LeaderElection.java:askForVotes(178)) - aed1b97f-105e-4684-b087-4b6333aa3ced@group-F043E0AED0ED-LeaderElection371: begin an election at term 417 for -1: [aed1b97f-105e-4684-b087-4b6333aa3ced:192.168.157.195:34943, 1c51b35f-55cb-4636-a00c-83d34bf2d9d4:192.168.157.195:34693, d21ee1f1-33f6-483c-a18b-27782ce1915a:192.168.157.195:46462], old=null
2019-10-23 22:22:32,033 [grpc-default-executor-5] INFO  impl.RaftServerImpl (RaftServerImpl.java:setRole(184)) - 1c51b35f-55cb-4636-a00c-83d34bf2d9d4@group-F043E0AED0ED: changes role from  FOLLOWER to FOLLOWER at term 417 for recognizeCandidate:aed1b97f-105e-4684-b087-4b6333aa3ced
2019-10-23 22:22:32,033 [grpc-default-executor-3] INFO  impl.RaftServerImpl (RaftServerImpl.java:setRole(184)) - d21ee1f1-33f6-483c-a18b-27782ce1915a@group-F043E0AED0ED: changes role from  FOLLOWER to FOLLOWER at term 417 for recognizeCandidate:aed1b97f-105e-4684-b087-4b6333aa3ced
2019-10-23 22:22:32,033 [grpc-default-executor-3] INFO  impl.RoleInfo (RoleInfo.java:shutdownFollowerState(121)) - d21ee1f1-33f6-483c-a18b-27782ce1915a: shutdown FollowerState
2019-10-23 22:22:32,033 [grpc-default-executor-5] INFO  impl.RoleInfo (RoleInfo.java:shutdownFollowerState(121)) - 1c51b35f-55cb-4636-a00c-83d34bf2d9d4: shutdown FollowerState
2019-10-23 22:22:32,033 [Thread-2739] INFO  impl.FollowerState (FollowerState.java:run(117)) - d21ee1f1-33f6-483c-a18b-27782ce1915a@group-F043E0AED0ED-FollowerState was interrupted: java.lang.InterruptedException: sleep interrupted
2019-10-23 22:22:32,034 [Thread-2740] INFO  impl.FollowerState (FollowerState.java:run(117)) - 1c51b35f-55cb-4636-a00c-83d34bf2d9d4@group-F043E0AED0ED-FollowerState was interrupted: java.lang.InterruptedException: sleep interrupted
2019-10-23 22:22:32,033 [grpc-default-executor-3] INFO  impl.RoleInfo (RoleInfo.java:updateAndGet(143)) - d21ee1f1-33f6-483c-a18b-27782ce1915a: start FollowerState
2019-10-23 22:22:32,034 [grpc-default-executor-5] INFO  impl.RoleInfo (RoleInfo.java:updateAndGet(143)) - 1c51b35f-55cb-4636-a00c-83d34bf2d9d4: start FollowerState
2019-10-23 22:22:32,048 [aed1b97f-105e-4684-b087-4b6333aa3ced@group-F043E0AED0ED-LeaderElection371] INFO  impl.LeaderElection (LeaderElection.java:logAndReturn(56)) - aed1b97f-105e-4684-b087-4b6333aa3ced@group-F043E0AED0ED-LeaderElection371: Election REJECTED; received 2 response(s) [aed1b97f-105e-4684-b087-4b6333aa3ced<-1c51b35f-55cb-4636-a00c-83d34bf2d9d4#0:FAIL-t417, aed1b97f-105e-4684-b087-4b6333aa3ced<-d21ee1f1-33f6-483c-a18b-27782ce1915a#0:FAIL-t417] and 0 exception(s); aed1b97f-105e-4684-b087-4b6333aa3ced@group-F043E0AED0ED:t417, leader=null, voted=aed1b97f-105e-4684-b087-4b6333aa3ced, raftlog=aed1b97f-105e-4684-b087-4b6333aa3ced@group-F043E0AED0ED-SegmentedRaftLog:OPENED:c-1,f-1,i0, conf=-1: [aed1b97f-105e-4684-b087-4b6333aa3ced:192.168.157.195:34943, 1c51b35f-55cb-4636-a00c-83d34bf2d9d4:192.168.157.195:34693, d21ee1f1-33f6-483c-a18b-27782ce1915a:192.168.157.195:46462], old=null
2019-10-23 22:22:32,049 [aed1b97f-105e-4684-b087-4b6333aa3ced@group-F043E0AED0ED-LeaderElection371] INFO  impl.RaftServerImpl (RaftServerImpl.java:setRole(184)) - aed1b97f-105e-4684-b087-4b6333aa3ced@group-F043E0AED0ED: changes role from CANDIDATE to FOLLOWER at term 417 for DISCOVERED_A_NEW_TERM
2019-10-23 22:22:32,049 [aed1b97f-105e-4684-b087-4b6333aa3ced@group-F043E0AED0ED-LeaderElection371] INFO  impl.RoleInfo (RoleInfo.java:shutdownLeaderElection(134)) - aed1b97f-105e-4684-b087-4b6333aa3ced: shutdown LeaderElection
2019-10-23 22:22:32,049 [aed1b97f-105e-4684-b087-4b6333aa3ced@group-F043E0AED0ED-LeaderElection371] INFO  impl.RoleInfo (RoleInfo.java:updateAndGet(143)) - aed1b97f-105e-4684-b087-4b6333aa3ced: start FollowerState
2019-10-23 22:22:32,188 [Thread-2747] INFO  impl.FollowerState (FollowerState.java:run(108)) - aed1b97f-105e-4684-b087-4b6333aa3ced@group-F043E0AED0ED-FollowerState: change to CANDIDATE, lastRpcTime:139ms, electionTimeout:139ms
2019-10-23 22:22:32,188 [Thread-2747] INFO  impl.RoleInfo (RoleInfo.java:shutdownFollowerState(121)) - aed1b97f-105e-4684-b087-4b6333aa3ced: shutdown FollowerState
2019-10-23 22:22:32,188 [Thread-2747] INFO  impl.RaftServerImpl (RaftServerImpl.java:setRole(184)) - aed1b97f-105e-4684-b087-4b6333aa3ced@group-F043E0AED0ED: changes role from  FOLLOWER to CANDIDATE at term 417 for changeToCandidate
2019-10-23 22:22:32,188 [Thread-2747] INFO  impl.RoleInfo (RoleInfo.java:updateAndGet(143)) - aed1b97f-105e-4684-b087-4b6333aa3ced: start LeaderElection
2019-10-23 22:22:32,202 [aed1b97f-105e-4684-b087-4b6333aa3ced@group-F043E0AED0ED-LeaderElection372] INFO  impl.LeaderElection (LeaderElection.java:askForVotes(178)) - aed1b97f-105e-4684-b087-4b6333aa3ced@group-F043E0AED0ED-LeaderElection372: begin an election at term 418 for -1: [aed1b97f-105e-4684-b087-4b6333aa3ced:192.168.157.195:34943, 1c51b35f-55cb-4636-a00c-83d34bf2d9d4:192.168.157.195:34693, d21ee1f1-33f6-483c-a18b-27782ce1915a:192.168.157.195:46462], old=null
2019-10-23 22:22:32,203 [grpc-default-executor-5] INFO  impl.RaftServerImpl (RaftServerImpl.java:setRole(184)) - 1c51b35f-55cb-4636-a00c-83d34bf2d9d4@group-F043E0AED0ED: changes role from  FOLLOWER to FOLLOWER at term 418 for recognizeCandidate:aed1b97f-105e-4684-b087-4b6333aa3ced
2019-10-23 22:22:32,203 [grpc-default-executor-5] INFO  impl.RoleInfo (RoleInfo.java:shutdownFollowerState(121)) - 1c51b35f-55cb-4636-a00c-83d34bf2d9d4: shutdown FollowerState
2019-10-23 22:22:32,203 [grpc-default-executor-3] INFO  impl.RaftServerImpl (RaftServerImpl.java:setRole(184)) - d21ee1f1-33f6-483c-a18b-27782ce1915a@group-F043E0AED0ED: changes role from  FOLLOWER to FOLLOWER at term 418 for recognizeCandidate:aed1b97f-105e-4684-b087-4b6333aa3ced
2019-10-23 22:22:32,204 [grpc-default-executor-3] INFO  impl.RoleInfo (RoleInfo.java:shutdownFollowerState(121)) - d21ee1f1-33f6-483c-a18b-27782ce1915a: shutdown FollowerState
2019-10-23 22:22:32,204 [Thread-2746] INFO  impl.FollowerState (FollowerState.java:run(117)) - 1c51b35f-55cb-4636-a00c-83d34bf2d9d4@group-F043E0AED0ED-FollowerState was interrupted: java.lang.InterruptedException: sleep interrupted
2019-10-23 22:22:32,204 [Thread-2745] INFO  impl.FollowerState (FollowerState.java:run(117)) - d21ee1f1-33f6-483c-a18b-27782ce1915a@group-F043E0AED0ED-FollowerState was interrupted: java.lang.InterruptedException: sleep interrupted
2019-10-23 22:22:32,204 [grpc-default-executor-5] INFO  impl.RoleInfo (RoleInfo.java:updateAndGet(143)) - 1c51b35f-55cb-4636-a00c-83d34bf2d9d4: start FollowerState
2019-10-23 22:22:32,204 [grpc-default-executor-3] INFO  impl.RoleInfo (RoleInfo.java:updateAndGet(143)) - d21ee1f1-33f6-483c-a18b-27782ce1915a: start FollowerState
2019-10-23 22:22:32,218 [aed1b97f-105e-4684-b087-4b6333aa3ced@group-F043E0AED0ED-LeaderElection372] INFO  impl.LeaderElection (LeaderElection.java:logAndReturn(56)) - aed1b97f-105e-4684-b087-4b6333aa3ced@group-F043E0AED0ED-LeaderElection372: Election REJECTED; received 2 response(s) [aed1b97f-105e-4684-b087-4b6333aa3ced<-1c51b35f-55cb-4636-a00c-83d34bf2d9d4#0:FAIL-t418, aed1b97f-105e-4684-b087-4b6333aa3ced<-d21ee1f1-33f6-483c-a18b-27782ce1915a#0:FAIL-t418] and 0 exception(s); aed1b97f-105e-4684-b087-4b6333aa3ced@group-F043E0AED0ED:t418, leader=null, voted=aed1b97f-105e-4684-b087-4b6333aa3ced, raftlog=aed1b97f-105e-4684-b087-4b6333aa3ced@group-F043E0AED0ED-SegmentedRaftLog:OPENED:c-1,f-1,i0, conf=-1: [aed1b97f-105e-4684-b087-4b6333aa3ced:192.168.157.195:34943, 1c51b35f-55cb-4636-a00c-83d34bf2d9d4:192.168.157.195:34693, d21ee1f1-33f6-483c-a18b-27782ce1915a:192.168.157.195:46462], old=null
2019-10-23 22:22:32,218 [aed1b97f-105e-4684-b087-4b6333aa3ced@group-F043E0AED0ED-LeaderElection372] INFO  impl.RaftServerImpl (RaftServerImpl.java:setRole(184)) - aed1b97f-105e-4684-b087-4b6333aa3ced@group-F043E0AED0ED: changes role from CANDIDATE to FOLLOWER at term 418 for DISCOVERED_A_NEW_TERM
2019-10-23 22:22:32,218 [aed1b97f-105e-4684-b087-4b6333aa3ced@group-F043E0AED0ED-LeaderElection372] INFO  impl.RoleInfo (RoleInfo.java:shutdownLeaderElection(134)) - aed1b97f-105e-4684-b087-4b6333aa3ced: shutdown LeaderElection
2019-10-23 22:22:32,219 [aed1b97f-105e-4684-b087-4b6333aa3ced@group-F043E0AED0ED-LeaderElection372] INFO  impl.RoleInfo (RoleInfo.java:updateAndGet(143)) - aed1b97f-105e-4684-b087-4b6333aa3ced: start FollowerState
2019-10-23 22:22:32,231 [Thread-2753] INFO  impl.FollowerState (FollowerState.java:run(108)) - aed1b97f-105e-4684-b087-4b6333aa3ced@group-F043E0AED0ED-FollowerState: change to CANDIDATE, lastRpcTime:12ms, electionTimeout:12ms
2019-10-23 22:22:32,231 [Thread-2753] INFO  impl.RoleInfo (RoleInfo.java:shutdownFollowerState(121)) - aed1b97f-105e-4684-b087-4b6333aa3ced: shutdown FollowerState
2019-10-23 22:22:32,231 [Thread-2753] INFO  impl.RaftServerImpl (RaftServerImpl.java:setRole(184)) - aed1b97f-105e-4684-b087-4b6333aa3ced@group-F043E0AED0ED: changes role from  FOLLOWER to CANDIDATE at term 418 for changeToCandidate
2019-10-23 22:22:32,231 [Thread-2753] INFO  impl.RoleInfo (RoleInfo.java:updateAndGet(143)) - aed1b97f-105e-4684-b087-4b6333aa3ced: start LeaderElection
2019-10-23 22:22:32,257 [aed1b97f-105e-4684-b087-4b6333aa3ced@group-F043E0AED0ED-LeaderElection373] INFO  impl.LeaderElection (LeaderElection.java:askForVotes(178)) - aed1b97f-105e-4684-b087-4b6333aa3ced@group-F043E0AED0ED-LeaderElection373: begin an election at term 419 for -1: [aed1b97f-105e-4684-b087-4b6333aa3ced:192.168.157.195:34943, 1c51b35f-55cb-4636-a00c-83d34bf2d9d4:192.168.157.195:34693, d21ee1f1-33f6-483c-a18b-27782ce1915a:192.168.157.195:46462], old=null
2019-10-23 22:22:32,259 [grpc-default-executor-5] INFO  impl.RaftServerImpl (RaftServerImpl.java:setRole(184)) - 1c51b35f-55cb-4636-a00c-83d34bf2d9d4@group-F043E0AED0ED: changes role from  FOLLOWER to FOLLOWER at term 419 for recognizeCandidate:aed1b97f-105e-4684-b087-4b6333aa3ced
2019-10-23 22:22:32,259 [grpc-default-executor-5] INFO  impl.RoleInfo (RoleInfo.java:shutdownFollowerState(121)) - 1c51b35f-55cb-4636-a00c-83d34bf2d9d4: shutdown FollowerState
2019-10-23 22:22:32,259 [grpc-default-executor-3] INFO  impl.RaftServerImpl (RaftServerImpl.java:setRole(184)) - d21ee1f1-33f6-483c-a18b-27782ce1915a@group-F043E0AED0ED: changes role from  FOLLOWER to FOLLOWER at term 419 for recognizeCandidate:aed1b97f-105e-4684-b087-4b6333aa3ced
2019-10-23 22:22:32,259 [grpc-default-executor-3] INFO  impl.RoleInfo (RoleInfo.java:shutdownFollowerState(121)) - d21ee1f1-33f6-483c-a18b-27782ce1915a: shutdown FollowerState
2019-10-23 22:22:32,259 [Thread-2751] INFO  impl.FollowerState (FollowerState.java:run(117)) - 1c51b35f-55cb-4636-a00c-83d34bf2d9d4@group-F043E0AED0ED-FollowerState was interrupted: java.lang.InterruptedException: sleep interrupted
2019-10-23 22:22:32,259 [Thread-2752] INFO  impl.FollowerState (FollowerState.java:run(117)) - d21ee1f1-33f6-483c-a18b-27782ce1915a@group-F043E0AED0ED-FollowerState was interrupted: java.lang.InterruptedException: sleep interrupted
2019-10-23 22:22:32,259 [grpc-default-executor-5] INFO  impl.RoleInfo (RoleInfo.java:updateAndGet(143)) - 1c51b35f-55cb-4636-a00c-83d34bf2d9d4: start FollowerState
2019-10-23 22:22:32,259 [grpc-default-executor-3] INFO  impl.RoleInfo (RoleInfo.java:updateAndGet(143)) - d21ee1f1-33f6-483c-a18b-27782ce1915a: start FollowerState
2019-10-23 22:22:32,273 [aed1b97f-105e-4684-b087-4b6333aa3ced@group-F043E0AED0ED-LeaderElection373] INFO  impl.LeaderElection (LeaderElection.java:logAndReturn(56)) - aed1b97f-105e-4684-b087-4b6333aa3ced@group-F043E0AED0ED-LeaderElection373: Election REJECTED; received 2 response(s) [aed1b97f-105e-4684-b087-4b6333aa3ced<-1c51b35f-55cb-4636-a00c-83d34bf2d9d4#0:FAIL-t419, aed1b97f-105e-4684-b087-4b6333aa3ced<-d21ee1f1-33f6-483c-a18b-27782ce1915a#0:FAIL-t419] and 0 exception(s); aed1b97f-105e-4684-b087-4b6333aa3ced@group-F043E0AED0ED:t419, leader=null, voted=aed1b97f-105e-4684-b087-4b6333aa3ced, raftlog=aed1b97f-105e-4684-b087-4b6333aa3ced@group-F043E0AED0ED-SegmentedRaftLog:OPENED:c-1,f-1,i0, conf=-1: [aed1b97f-105e-4684-b087-4b6333aa3ced:192.168.157.195:34943, 1c51b35f-55cb-4636-a00c-83d34bf2d9d4:192.168.157.195:34693, d21ee1f1-33f6-483c-a18b-27782ce1915a:192.168.157.195:46462], old=null
2019-10-23 22:22:32,274 [aed1b97f-105e-4684-b087-4b6333aa3ced@group-F043E0AED0ED-LeaderElection373] INFO  impl.RaftServerImpl (RaftServerImpl.java:setRole(184)) - aed1b97f-105e-4684-b087-4b6333aa3ced@group-F043E0AED0ED: changes role from CANDIDATE to FOLLOWER at term 419 for DISCOVERED_A_NEW_TERM
2019-10-23 22:22:32,274 [aed1b97f-105e-4684-b087-4b6333aa3ced@group-F043E0AED0ED-LeaderElection373] INFO  impl.RoleInfo (RoleInfo.java:shutdownLeaderElection(134)) - aed1b97f-105e-4684-b087-4b6333aa3ced: shutdown LeaderElection
2019-10-23 22:22:32,274 [aed1b97f-105e-4684-b087-4b6333aa3ced@group-F043E0AED0ED-LeaderElection373] INFO  impl.RoleInfo (RoleInfo.java:updateAndGet(143)) - aed1b97f-105e-4684-b087-4b6333aa3ced: start FollowerState
2019-10-23 22:22:32,474 [Thread-2759] INFO  impl.FollowerState (FollowerState.java:run(108)) - aed1b97f-105e-4684-b087-4b6333aa3ced@group-F043E0AED0ED-FollowerState: change to CANDIDATE, lastRpcTime:200ms, electionTimeout:200ms
2019-10-23 22:22:32,474 [Thread-2759] INFO  impl.RoleInfo (RoleInfo.java:shutdownFollowerState(121)) - aed1b97f-105e-4684-b087-4b6333aa3ced: shutdown FollowerState
2019-10-23 22:22:32,474 [Thread-2759] INFO  impl.RaftServerImpl (RaftServerImpl.java:setRole(184)) - aed1b97f-105e-4684-b087-4b6333aa3ced@group-F043E0AED0ED: changes role from  FOLLOWER to CANDIDATE at term 419 for changeToCandidate
2019-10-23 22:22:32,474 [Thread-2759] INFO  impl.RoleInfo (RoleInfo.java:updateAndGet(143)) - aed1b97f-105e-4684-b087-4b6333aa3ced: start LeaderElection
2019-10-23 22:22:32,499 [aed1b97f-105e-4684-b087-4b6333aa3ced@group-F043E0AED0ED-LeaderElection374] INFO  impl.LeaderElection (LeaderElection.java:askForVotes(178)) - aed1b97f-105e-4684-b087-4b6333aa3ced@group-F043E0AED0ED-LeaderElection374: begin an election at term 420 for -1: [aed1b97f-105e-4684-b087-4b6333aa3ced:192.168.157.195:34943, 1c51b35f-55cb-4636-a00c-83d34bf2d9d4:192.168.157.195:34693, d21ee1f1-33f6-483c-a18b-27782ce1915a:192.168.157.195:46462], old=null
2019-10-23 22:22:32,501 [grpc-default-executor-5] INFO  impl.RaftServerImpl (RaftServerImpl.java:setRole(184)) - 1c51b35f-55cb-4636-a00c-83d34bf2d9d4@group-F043E0AED0ED: changes role from  FOLLOWER to FOLLOWER at term 420 for recognizeCandidate:aed1b97f-105e-4684-b087-4b6333aa3ced
2019-10-23 22:22:32,501 [grpc-default-executor-3] INFO  impl.RaftServerImpl (RaftServerImpl.java:setRole(184)) - d21ee1f1-33f6-483c-a18b-27782ce1915a@group-F043E0AED0ED: changes role from  FOLLOWER to FOLLOWER at term 420 for recognizeCandidate:aed1b97f-105e-4684-b087-4b6333aa3ced
2019-10-23 22:22:32,501 [grpc-default-executor-3] INFO  impl.RoleInfo (RoleInfo.java:shutdownFollowerState(121)) - d21ee1f1-33f6-483c-a18b-27782ce1915a: shutdown FollowerState
2019-10-23 22:22:32,501 [grpc-default-executor-5] INFO  impl.RoleInfo (RoleInfo.java:shutdownFollowerState(121)) - 1c51b35f-55cb-4636-a00c-83d34bf2d9d4: shutdown FollowerState
2019-10-23 22:22:32,502 [Thread-2758] INFO  impl.FollowerState (FollowerState.java:run(117)) - d21ee1f1-33f6-483c-a18b-27782ce1915a@group-F043E0AED0ED-FollowerState was interrupted: java.lang.InterruptedException: sleep interrupted
2019-10-23 22:22:32,502 [grpc-default-executor-3] INFO  impl.RoleInfo (RoleInfo.java:updateAndGet(143)) - d21ee1f1-33f6-483c-a18b-27782ce1915a: start FollowerState
2019-10-23 22:22:32,502 [Thread-2757] INFO  impl.FollowerState (FollowerState.java:run(117)) - 1c51b35f-55cb-4636-a00c-83d34bf2d9d4@group-F043E0AED0ED-FollowerState was interrupted: java.lang.InterruptedException: sleep interrupted
2019-10-23 22:22:32,502 [grpc-default-executor-5] INFO  impl.RoleInfo (RoleInfo.java:updateAndGet(143)) - 1c51b35f-55cb-4636-a00c-83d34bf2d9d4: start FollowerState
2019-10-23 22:22:32,516 [aed1b97f-105e-4684-b087-4b6333aa3ced@group-F043E0AED0ED-LeaderElection374] INFO  impl.LeaderElection (LeaderElection.java:logAndReturn(56)) - aed1b97f-105e-4684-b087-4b6333aa3ced@group-F043E0AED0ED-LeaderElection374: Election TIMEOUT; received 0 response(s) [] and 0 exception(s); aed1b97f-105e-4684-b087-4b6333aa3ced@group-F043E0AED0ED:t420, leader=null, voted=aed1b97f-105e-4684-b087-4b6333aa3ced, raftlog=aed1b97f-105e-4684-b087-4b6333aa3ced@group-F043E0AED0ED-SegmentedRaftLog:OPENED:c-1,f-1,i0, conf=-1: [aed1b97f-105e-4684-b087-4b6333aa3ced:192.168.157.195:34943, 1c51b35f-55cb-4636-a00c-83d34bf2d9d4:192.168.157.195:34693, d21ee1f1-33f6-483c-a18b-27782ce1915a:192.168.157.195:46462], old=null
2019-10-23 22:22:32,529 [aed1b97f-105e-4684-b087-4b6333aa3ced@group-F043E0AED0ED-LeaderElection374] INFO  impl.LeaderElection (LeaderElection.java:askForVotes(178)) - aed1b97f-105e-4684-b087-4b6333aa3ced@group-F043E0AED0ED-LeaderElection374: begin an election at term 421 for -1: [aed1b97f-105e-4684-b087-4b6333aa3ced:192.168.157.195:34943, 1c51b35f-55cb-4636-a00c-83d34bf2d9d4:192.168.157.195:34693, d21ee1f1-33f6-483c-a18b-27782ce1915a:192.168.157.195:46462], old=null
2019-10-23 22:22:32,530 [grpc-default-executor-5] INFO  impl.RaftServerImpl (RaftServerImpl.java:setRole(184)) - 1c51b35f-55cb-4636-a00c-83d34bf2d9d4@group-F043E0AED0ED: changes role from  FOLLOWER to FOLLOWER at term 421 for recognizeCandidate:aed1b97f-105e-4684-b087-4b6333aa3ced
2019-10-23 22:22:32,531 [grpc-default-executor-5] INFO  impl.RoleInfo (RoleInfo.java:shutdownFollowerState(121)) - 1c51b35f-55cb-4636-a00c-83d34bf2d9d4: shutdown FollowerState
2019-10-23 22:22:32,530 [grpc-default-executor-3] INFO  impl.RaftServerImpl (RaftServerImpl.java:setRole(184)) - d21ee1f1-33f6-483c-a18b-27782ce1915a@group-F043E0AED0ED: changes role from  FOLLOWER to FOLLOWER at term 421 for recognizeCandidate:aed1b97f-105e-4684-b087-4b6333aa3ced
2019-10-23 22:22:32,531 [Thread-2764] INFO  impl.FollowerState (FollowerState.java:run(117)) - 1c51b35f-55cb-4636-a00c-83d34bf2d9d4@group-F043E0AED0ED-FollowerState was interrupted: java.lang.InterruptedException: sleep interrupted
2019-10-23 22:22:32,531 [grpc-default-executor-5] INFO  impl.RoleInfo (RoleInfo.java:updateAndGet(143)) - 1c51b35f-55cb-4636-a00c-83d34bf2d9d4: start FollowerState
2019-10-23 22:22:32,531 [grpc-default-executor-3] INFO  impl.RoleInfo (RoleInfo.java:shutdownFollowerState(121)) - d21ee1f1-33f6-483c-a18b-27782ce1915a: shutdown FollowerState
2019-10-23 22:22:32,531 [grpc-default-executor-3] INFO  impl.RoleInfo (RoleInfo.java:updateAndGet(143)) - d21ee1f1-33f6-483c-a18b-27782ce1915a: start FollowerState
2019-10-23 22:22:32,531 [Thread-2763] INFO  impl.FollowerState (FollowerState.java:run(117)) - d21ee1f1-33f6-483c-a18b-27782ce1915a@group-F043E0AED0ED-FollowerState was interrupted: java.lang.InterruptedException: sleep interrupted
2019-10-23 22:22:32,557 [aed1b97f-105e-4684-b087-4b6333aa3ced@group-F043E0AED0ED-LeaderElection374] INFO  impl.LeaderElection (LeaderElection.java:logAndReturn(56)) - aed1b97f-105e-4684-b087-4b6333aa3ced@group-F043E0AED0ED-LeaderElection374: Election REJECTED; received 2 response(s) [aed1b97f-105e-4684-b087-4b6333aa3ced<-1c51b35f-55cb-4636-a00c-83d34bf2d9d4#0:FAIL-t421, aed1b97f-105e-4684-b087-4b6333aa3ced<-d21ee1f1-33f6-483c-a18b-27782ce1915a#0:FAIL-t421] and 0 exception(s); aed1b97f-105e-4684-b087-4b6333aa3ced@group-F043E0AED0ED:t421, leader=null, voted=aed1b97f-105e-4684-b087-4b6333aa3ced, raftlog=aed1b97f-105e-4684-b087-4b6333aa3ced@group-F043E0AED0ED-SegmentedRaftLog:OPENED:c-1,f-1,i0, conf=-1: [aed1b97f-105e-4684-b087-4b6333aa3ced:192.168.157.195:34943, 1c51b35f-55cb-4636-a00c-83d34bf2d9d4:192.168.157.195:34693, d21ee1f1-33f6-483c-a18b-27782ce1915a:192.168.157.195:46462], old=null
2019-10-23 22:22:32,557 [aed1b97f-105e-4684-b087-4b6333aa3ced@group-F043E0AED0ED-LeaderElection374] INFO  impl.RaftServerImpl (RaftServerImpl.java:setRole(184)) - aed1b97f-105e-4684-b087-4b6333aa3ced@group-F043E0AED0ED: changes role from CANDIDATE to FOLLOWER at term 421 for DISCOVERED_A_NEW_TERM
2019-10-23 22:22:32,557 [aed1b97f-105e-4684-b087-4b6333aa3ced@group-F043E0AED0ED-LeaderElection374] INFO  impl.RoleInfo (RoleInfo.java:shutdownLeaderElection(134)) - aed1b97f-105e-4684-b087-4b6333aa3ced: shutdown LeaderElection
2019-10-23 22:22:32,557 [aed1b97f-105e-4684-b087-4b6333aa3ced@group-F043E0AED0ED-LeaderElection374] INFO  impl.RoleInfo (RoleInfo.java:updateAndGet(143)) - aed1b97f-105e-4684-b087-4b6333aa3ced: start FollowerState
2019-10-23 22:22:32,573 [Thread-2769] INFO  impl.FollowerState (FollowerState.java:run(108)) - aed1b97f-105e-4684-b087-4b6333aa3ced@group-F043E0AED0ED-FollowerState: change to CANDIDATE, lastRpcTime:15ms, electionTimeout:15ms
2019-10-23 22:22:32,573 [Thread-2769] INFO  impl.RoleInfo (RoleInfo.java:shutdownFollowerState(121)) - aed1b97f-105e-4684-b087-4b6333aa3ced: shutdown FollowerState
2019-10-23 22:22:32,573 [Thread-2769] INFO  impl.RaftServerImpl (RaftServerImpl.java:setRole(184)) - aed1b97f-105e-4684-b087-4b6333aa3ced@group-F043E0AED0ED: changes role from  FOLLOWER to CANDIDATE at term 421 for changeToCandidate
2019-10-23 22:22:32,573 [Thread-2769] INFO  impl.RoleInfo (RoleInfo.java:updateAndGet(143)) - aed1b97f-105e-4684-b087-4b6333aa3ced: start LeaderElection
2019-10-23 22:22:32,586 [aed1b97f-105e-4684-b087-4b6333aa3ced@group-F043E0AED0ED-LeaderElection375] INFO  impl.LeaderElection (LeaderElection.java:askForVotes(178)) - aed1b97f-105e-4684-b087-4b6333aa3ced@group-F043E0AED0ED-LeaderElection375: begin an election at term 422 for -1: [aed1b97f-105e-4684-b087-4b6333aa3ced:192.168.157.195:34943, 1c51b35f-55cb-4636-a00c-83d34bf2d9d4:192.168.157.195:34693, d21ee1f1-33f6-483c-a18b-27782ce1915a:192.168.157.195:46462], old=null
2019-10-23 22:22:32,587 [grpc-default-executor-5] INFO  impl.RaftServerImpl (RaftServerImpl.java:setRole(184)) - 1c51b35f-55cb-4636-a00c-83d34bf2d9d4@group-F043E0AED0ED: changes role from  FOLLOWER to FOLLOWER at term 422 for recognizeCandidate:aed1b97f-105e-4684-b087-4b6333aa3ced
2019-10-23 22:22:32,588 [grpc-default-executor-5] INFO  impl.RoleInfo (RoleInfo.java:shutdownFollowerState(121)) - 1c51b35f-55cb-4636-a00c-83d34bf2d9d4: shutdown FollowerState
2019-10-23 22:22:32,588 [grpc-default-executor-3] INFO  impl.RaftServerImpl (RaftServerImpl.java:setRole(184)) - d21ee1f1-33f6-483c-a18b-27782ce1915a@group-F043E0AED0ED: changes role from  FOLLOWER to FOLLOWER at term 422 for recognizeCandidate:aed1b97f-105e-4684-b087-4b6333aa3ced
2019-10-23 22:22:32,588 [grpc-default-executor-3] INFO  impl.RoleInfo (RoleInfo.java:shutdownFollowerState(121)) - d21ee1f1-33f6-483c-a18b-27782ce1915a: shutdown FollowerState
2019-10-23 22:22:32,588 [Thread-2767] INFO  impl.FollowerState (FollowerState.java:run(117)) - 1c51b35f-55cb-4636-a00c-83d34bf2d9d4@group-F043E0AED0ED-FollowerState was interrupted: java.lang.InterruptedException: sleep interrupted
2019-10-23 22:22:32,588 [grpc-default-executor-5] INFO  impl.RoleInfo (RoleInfo.java:updateAndGet(143)) - 1c51b35f-55cb-4636-a00c-83d34bf2d9d4: start FollowerState
2019-10-23 22:22:32,588 [grpc-default-executor-3] INFO  impl.RoleInfo (RoleInfo.java:updateAndGet(143)) - d21ee1f1-33f6-483c-a18b-27782ce1915a: start FollowerState
2019-10-23 22:22:32,588 [Thread-2768] INFO  impl.FollowerState (FollowerState.java:run(117)) - d21ee1f1-33f6-483c-a18b-27782ce1915a@group-F043E0AED0ED-FollowerState was interrupted: java.lang.InterruptedException: sleep interrupted
2019-10-23 22:22:32,602 [aed1b97f-105e-4684-b087-4b6333aa3ced@group-F043E0AED0ED-LeaderElection375] INFO  impl.LeaderElection (LeaderElection.java:logAndReturn(56)) - aed1b97f-105e-4684-b087-4b6333aa3ced@group-F043E0AED0ED-LeaderElection375: Election REJECTED; received 2 response(s) [aed1b97f-105e-4684-b087-4b6333aa3ced<-1c51b35f-55cb-4636-a00c-83d34bf2d9d4#0:FAIL-t422, aed1b97f-105e-4684-b087-4b6333aa3ced<-d21ee1f1-33f6-483c-a18b-27782ce1915a#0:FAIL-t422] and 0 exception(s); aed1b97f-105e-4684-b087-4b6333aa3ced@group-F043E0AED0ED:t422, leader=null, voted=aed1b97f-105e-4684-b087-4b6333aa3ced, raftlog=aed1b97f-105e-4684-b087-4b6333aa3ced@group-F043E0AED0ED-SegmentedRaftLog:OPENED:c-1,f-1,i0, conf=-1: [aed1b97f-105e-4684-b087-4b6333aa3ced:192.168.157.195:34943, 1c51b35f-55cb-4636-a00c-83d34bf2d9d4:192.168.157.195:34693, d21ee1f1-33f6-483c-a18b-27782ce1915a:192.168.157.195:46462], old=null
2019-10-23 22:22:32,602 [aed1b97f-105e-4684-b087-4b6333aa3ced@group-F043E0AED0ED-LeaderElection375] INFO  impl.RaftServerImpl (RaftServerImpl.java:setRole(184)) - aed1b97f-105e-4684-b087-4b6333aa3ced@group-F043E0AED0ED: changes role from CANDIDATE to FOLLOWER at term 422 for DISCOVERED_A_NEW_TERM
2019-10-23 22:22:32,602 [aed1b97f-105e-4684-b087-4b6333aa3ced@group-F043E0AED0ED-LeaderElection375] INFO  impl.RoleInfo (RoleInfo.java:shutdownLeaderElection(134)) - aed1b97f-105e-4684-b087-4b6333aa3ced: shutdown LeaderElection
2019-10-23 22:22:32,603 [aed1b97f-105e-4684-b087-4b6333aa3ced@group-F043E0AED0ED-LeaderElection375] INFO  impl.RoleInfo (RoleInfo.java:updateAndGet(143)) - aed1b97f-105e-4684-b087-4b6333aa3ced: start FollowerState
2019-10-23 22:22:32,761 [Thread-2777] INFO  impl.FollowerState (FollowerState.java:run(108)) - aed1b97f-105e-4684-b087-4b6333aa3ced@group-F043E0AED0ED-FollowerState: change to CANDIDATE, lastRpcTime:158ms, electionTimeout:158ms
2019-10-23 22:22:32,761 [Thread-2777] INFO  impl.RoleInfo (RoleInfo.java:shutdownFollowerState(121)) - aed1b97f-105e-4684-b087-4b6333aa3ced: shutdown FollowerState
2019-10-23 22:22:32,761 [Thread-2777] INFO  impl.RaftServerImpl (RaftServerImpl.java:setRole(184)) - aed1b97f-105e-4684-b087-4b6333aa3ced@group-F043E0AED0ED: changes role from  FOLLOWER to CANDIDATE at term 422 for changeToCandidate
2019-10-23 22:22:32,761 [Thread-2777] INFO  impl.RoleInfo (RoleInfo.java:updateAndGet(143)) - aed1b97f-105e-4684-b087-4b6333aa3ced: start LeaderElection
2019-10-23 22:22:32,775 [aed1b97f-105e-4684-b087-4b6333aa3ced@group-F043E0AED0ED-LeaderElection376] INFO  impl.LeaderElection (LeaderElection.java:askForVotes(178)) - aed1b97f-105e-4684-b087-4b6333aa3ced@group-F043E0AED0ED-LeaderElection376: begin an election at term 423 for -1: [aed1b97f-105e-4684-b087-4b6333aa3ced:192.168.157.195:34943, 1c51b35f-55cb-4636-a00c-83d34bf2d9d4:192.168.157.195:34693, d21ee1f1-33f6-483c-a18b-27782ce1915a:192.168.157.195:46462], old=null
2019-10-23 22:22:32,777 [grpc-default-executor-3] INFO  impl.RaftServerImpl (RaftServerImpl.java:setRole(184)) - 1c51b35f-55cb-4636-a00c-83d34bf2d9d4@group-F043E0AED0ED: changes role from  FOLLOWER to FOLLOWER at term 423 for recognizeCandidate:aed1b97f-105e-4684-b087-4b6333aa3ced
2019-10-23 22:22:32,777 [grpc-default-executor-3] INFO  impl.RoleInfo (RoleInfo.java:shutdownFollowerState(121)) - 1c51b35f-55cb-4636-a00c-83d34bf2d9d4: shutdown FollowerState
2019-10-23 22:22:32,777 [grpc-default-executor-5] INFO  impl.RaftServerImpl (RaftServerImpl.java:setRole(184)) - d21ee1f1-33f6-483c-a18b-27782ce1915a@group-F043E0AED0ED: changes role from  FOLLOWER to FOLLOWER at term 423 for recognizeCandidate:aed1b97f-105e-4684-b087-4b6333aa3ced
2019-10-23 22:22:32,778 [grpc-default-executor-5] INFO  impl.RoleInfo (RoleInfo.java:shutdownFollowerState(121)) - d21ee1f1-33f6-483c-a18b-27782ce1915a: shutdown FollowerState
2019-10-23 22:22:32,777 [Thread-2775] INFO  impl.FollowerState (FollowerState.java:run(117)) - 1c51b35f-55cb-4636-a00c-83d34bf2d9d4@group-F043E0AED0ED-FollowerState was interrupted: java.lang.InterruptedException: sleep interrupted
2019-10-23 22:22:32,778 [Thread-2776] INFO  impl.FollowerState (FollowerState.java:run(117)) - d21ee1f1-33f6-483c-a18b-27782ce1915a@group-F043E0AED0ED-FollowerState was interrupted: java.lang.InterruptedException: sleep interrupted
2019-10-23 22:22:32,777 [grpc-default-executor-3] INFO  impl.RoleInfo (RoleInfo.java:updateAndGet(143)) - 1c51b35f-55cb-4636-a00c-83d34bf2d9d4: start FollowerState
2019-10-23 22:22:32,778 [grpc-default-executor-5] INFO  impl.RoleInfo (RoleInfo.java:updateAndGet(143)) - d21ee1f1-33f6-483c-a18b-27782ce1915a: start FollowerState
2019-10-23 22:22:32,792 [aed1b97f-105e-4684-b087-4b6333aa3ced@group-F043E0AED0ED-LeaderElection376] INFO  impl.LeaderElection (LeaderElection.java:logAndReturn(56)) - aed1b97f-105e-4684-b087-4b6333aa3ced@group-F043E0AED0ED-LeaderElection376: Election REJECTED; received 2 response(s) [aed1b97f-105e-4684-b087-4b6333aa3ced<-1c51b35f-55cb-4636-a00c-83d34bf2d9d4#0:FAIL-t423, aed1b97f-105e-4684-b087-4b6333aa3ced<-d21ee1f1-33f6-483c-a18b-27782ce1915a#0:FAIL-t423] and 0 exception(s); aed1b97f-105e-4684-b087-4b6333aa3ced@group-F043E0AED0ED:t423, leader=null, voted=aed1b97f-105e-4684-b087-4b6333aa3ced, raftlog=aed1b97f-105e-4684-b087-4b6333aa3ced@group-F043E0AED0ED-SegmentedRaftLog:OPENED:c-1,f-1,i0, conf=-1: [aed1b97f-105e-4684-b087-4b6333aa3ced:192.168.157.195:34943, 1c51b35f-55cb-4636-a00c-83d34bf2d9d4:192.168.157.195:34693, d21ee1f1-33f6-483c-a18b-27782ce1915a:192.168.157.195:46462], old=null
2019-10-23 22:22:32,792 [aed1b97f-105e-4684-b087-4b6333aa3ced@group-F043E0AED0ED-LeaderElection376] INFO  impl.RaftServerImpl (RaftServerImpl.java:setRole(184)) - aed1b97f-105e-4684-b087-4b6333aa3ced@group-F043E0AED0ED: changes role from CANDIDATE to FOLLOWER at term 423 for DISCOVERED_A_NEW_TERM
2019-10-23 22:22:32,793 [aed1b97f-105e-4684-b087-4b6333aa3ced@group-F043E0AED0ED-LeaderElection376] INFO  impl.RoleInfo (RoleInfo.java:shutdownLeaderElection(134)) - aed1b97f-105e-4684-b087-4b6333aa3ced: shutdown LeaderElection
2019-10-23 22:22:32,793 [aed1b97f-105e-4684-b087-4b6333aa3ced@group-F043E0AED0ED-LeaderElection376] INFO  impl.RoleInfo (RoleInfo.java:updateAndGet(143)) - aed1b97f-105e-4684-b087-4b6333aa3ced: start FollowerState
2019-10-23 22:22:32,837 [Thread-2783] INFO  impl.FollowerState (FollowerState.java:run(108)) - aed1b97f-105e-4684-b087-4b6333aa3ced@group-F043E0AED0ED-FollowerState: change to CANDIDATE, lastRpcTime:44ms, electionTimeout:44ms
2019-10-23 22:22:32,837 [Thread-2783] INFO  impl.RoleInfo (RoleInfo.java:shutdownFollowerState(121)) - aed1b97f-105e-4684-b087-4b6333aa3ced: shutdown FollowerState
2019-10-23 22:22:32,837 [Thread-2783] INFO  impl.RaftServerImpl (RaftServerImpl.java:setRole(184)) - aed1b97f-105e-4684-b087-4b6333aa3ced@group-F043E0AED0ED: changes role from  FOLLOWER to CANDIDATE at term 423 for changeToCandidate
2019-10-23 22:22:32,837 [Thread-2783] INFO  impl.RoleInfo (RoleInfo.java:updateAndGet(143)) - aed1b97f-105e-4684-b087-4b6333aa3ced: start LeaderElection
2019-10-23 22:22:32,852 [aed1b97f-105e-4684-b087-4b6333aa3ced@group-F043E0AED0ED-LeaderElection377] INFO  impl.LeaderElection (LeaderElection.java:askForVotes(178)) - aed1b97f-105e-4684-b087-4b6333aa3ced@group-F043E0AED0ED-LeaderElection377: begin an election at term 424 for -1: [aed1b97f-105e-4684-b087-4b6333aa3ced:192.168.157.195:34943, 1c51b35f-55cb-4636-a00c-83d34bf2d9d4:192.168.157.195:34693, d21ee1f1-33f6-483c-a18b-27782ce1915a:192.168.157.195:46462], old=null
2019-10-23 22:22:32,854 [grpc-default-executor-3] INFO  impl.RaftServerImpl (RaftServerImpl.java:setRole(184)) - 1c51b35f-55cb-4636-a00c-83d34bf2d9d4@group-F043E0AED0ED: changes role from  FOLLOWER to FOLLOWER at term 424 for recognizeCandidate:aed1b97f-105e-4684-b087-4b6333aa3ced
2019-10-23 22:22:32,854 [grpc-default-executor-5] INFO  impl.RaftServerImpl (RaftServerImpl.java:setRole(184)) - d21ee1f1-33f6-483c-a18b-27782ce1915a@group-F043E0AED0ED: changes role from  FOLLOWER to FOLLOWER at term 424 for recognizeCandidate:aed1b97f-105e-4684-b087-4b6333aa3ced
2019-10-23 22:22:32,854 [grpc-default-executor-3] INFO  impl.RoleInfo (RoleInfo.java:shutdownFollowerState(121)) - 1c51b35f-55cb-4636-a00c-83d34bf2d9d4: shutdown FollowerState
2019-10-23 22:22:32,854 [grpc-default-executor-5] INFO  impl.RoleInfo (RoleInfo.java:shutdownFollowerState(121)) - d21ee1f1-33f6-483c-a18b-27782ce1915a: shutdown FollowerState
2019-10-23 22:22:32,854 [Thread-2781] INFO  impl.FollowerState (FollowerState.java:run(117)) - 1c51b35f-55cb-4636-a00c-83d34bf2d9d4@group-F043E0AED0ED-FollowerState was interrupted: java.lang.InterruptedException: sleep interrupted
2019-10-23 22:22:32,854 [grpc-default-executor-3] INFO  impl.RoleInfo (RoleInfo.java:updateAndGet(143)) - 1c51b35f-55cb-4636-a00c-83d34bf2d9d4: start FollowerState
2019-10-23 22:22:32,855 [Thread-2782] INFO  impl.FollowerState (FollowerState.java:run(117)) - d21ee1f1-33f6-483c-a18b-27782ce1915a@group-F043E0AED0ED-FollowerState was interrupted: java.lang.InterruptedException: sleep interrupted
2019-10-23 22:22:32,854 [grpc-default-executor-5] INFO  impl.RoleInfo (RoleInfo.java:updateAndGet(143)) - d21ee1f1-33f6-483c-a18b-27782ce1915a: start FollowerState
2019-10-23 22:22:32,869 [aed1b97f-105e-4684-b087-4b6333aa3ced@group-F043E0AED0ED-LeaderElection377] INFO  impl.LeaderElection (LeaderElection.java:logAndReturn(56)) - aed1b97f-105e-4684-b087-4b6333aa3ced@group-F043E0AED0ED-LeaderElection377: Election REJECTED; received 2 response(s) [aed1b97f-105e-4684-b087-4b6333aa3ced<-1c51b35f-55cb-4636-a00c-83d34bf2d9d4#0:FAIL-t424, aed1b97f-105e-4684-b087-4b6333aa3ced<-d21ee1f1-33f6-483c-a18b-27782ce1915a#0:FAIL-t424] and 0 exception(s); aed1b97f-105e-4684-b087-4b6333aa3ced@group-F043E0AED0ED:t424, leader=null, voted=aed1b97f-105e-4684-b087-4b6333aa3ced, raftlog=aed1b97f-105e-4684-b087-4b6333aa3ced@group-F043E0AED0ED-SegmentedRaftLog:OPENED:c-1,f-1,i0, conf=-1: [aed1b97f-105e-4684-b087-4b6333aa3ced:192.168.157.195:34943, 1c51b35f-55cb-4636-a00c-83d34bf2d9d4:192.168.157.195:34693, d21ee1f1-33f6-483c-a18b-27782ce1915a:192.168.157.195:46462], old=null
2019-10-23 22:22:32,870 [aed1b97f-105e-4684-b087-4b6333aa3ced@group-F043E0AED0ED-LeaderElection377] INFO  impl.RaftServerImpl (RaftServerImpl.java:setRole(184)) - aed1b97f-105e-4684-b087-4b6333aa3ced@group-F043E0AED0ED: changes role from CANDIDATE to FOLLOWER at term 424 for DISCOVERED_A_NEW_TERM
2019-10-23 22:22:32,870 [aed1b97f-105e-4684-b087-4b6333aa3ced@group-F043E0AED0ED-LeaderElection377] INFO  impl.RoleInfo (RoleInfo.java:shutdownLeaderElection(134)) - aed1b97f-105e-4684-b087-4b6333aa3ced: shutdown LeaderElection
2019-10-23 22:22:32,870 [aed1b97f-105e-4684-b087-4b6333aa3ced@group-F043E0AED0ED-LeaderElection377] INFO  impl.RoleInfo (RoleInfo.java:updateAndGet(143)) - aed1b97f-105e-4684-b087-4b6333aa3ced: start FollowerState
2019-10-23 22:22:33,018 [Thread-2789] INFO  impl.FollowerState (FollowerState.java:run(108)) - aed1b97f-105e-4684-b087-4b6333aa3ced@group-F043E0AED0ED-FollowerState: change to CANDIDATE, lastRpcTime:148ms, electionTimeout:148ms
2019-10-23 22:22:33,019 [Thread-2789] INFO  impl.RoleInfo (RoleInfo.java:shutdownFollowerState(121)) - aed1b97f-105e-4684-b087-4b6333aa3ced: shutdown FollowerState
2019-10-23 22:22:33,019 [Thread-2789] INFO  impl.RaftServerImpl (RaftServerImpl.java:setRole(184)) - aed1b97f-105e-4684-b087-4b6333aa3ced@group-F043E0AED0ED: changes role from  FOLLOWER to CANDIDATE at term 424 for changeToCandidate
2019-10-23 22:22:33,019 [Thread-2789] INFO  impl.RoleInfo (RoleInfo.java:updateAndGet(143)) - aed1b97f-105e-4684-b087-4b6333aa3ced: start LeaderElection
2019-10-23 22:22:33,034 [aed1b97f-105e-4684-b087-4b6333aa3ced@group-F043E0AED0ED-LeaderElection378] INFO  impl.LeaderElection (LeaderElection.java:askForVotes(178)) - aed1b97f-105e-4684-b087-4b6333aa3ced@group-F043E0AED0ED-LeaderElection378: begin an election at term 425 for -1: [aed1b97f-105e-4684-b087-4b6333aa3ced:192.168.157.195:34943, 1c51b35f-55cb-4636-a00c-83d34bf2d9d4:192.168.157.195:34693, d21ee1f1-33f6-483c-a18b-27782ce1915a:192.168.157.195:46462], old=null
2019-10-23 22:22:33,035 [grpc-default-executor-3] INFO  impl.RaftServerImpl (RaftServerImpl.java:setRole(184)) - d21ee1f1-33f6-483c-a18b-27782ce1915a@group-F043E0AED0ED: changes role from  FOLLOWER to FOLLOWER at term 425 for recognizeCandidate:aed1b97f-105e-4684-b087-4b6333aa3ced
2019-10-23 22:22:33,035 [grpc-default-executor-5] INFO  impl.RaftServerImpl (RaftServerImpl.java:setRole(184)) - 1c51b35f-55cb-4636-a00c-83d34bf2d9d4@group-F043E0AED0ED: changes role from  FOLLOWER to FOLLOWER at term 425 for recognizeCandidate:aed1b97f-105e-4684-b087-4b6333aa3ced
2019-10-23 22:22:33,035 [grpc-default-executor-3] INFO  impl.RoleInfo (RoleInfo.java:shutdownFollowerState(121)) - d21ee1f1-33f6-483c-a18b-27782ce1915a: shutdown FollowerState
2019-10-23 22:22:33,035 [grpc-default-executor-5] INFO  impl.RoleInfo (RoleInfo.java:shutdownFollowerState(121)) - 1c51b35f-55cb-4636-a00c-83d34bf2d9d4: shutdown FollowerState
2019-10-23 22:22:33,036 [Thread-2788] INFO  impl.FollowerState (FollowerState.java:run(117)) - d21ee1f1-33f6-483c-a18b-27782ce1915a@group-F043E0AED0ED-FollowerState was interrupted: java.lang.InterruptedException: sleep interrupted
2019-10-23 22:22:33,036 [grpc-default-executor-3] INFO  impl.RoleInfo (RoleInfo.java:updateAndGet(143)) - d21ee1f1-33f6-483c-a18b-27782ce1915a: start FollowerState
2019-10-23 22:22:33,036 [Thread-2787] INFO  impl.FollowerState (FollowerState.java:run(117)) - 1c51b35f-55cb-4636-a00c-83d34bf2d9d4@group-F043E0AED0ED-FollowerState was interrupted: java.lang.InterruptedException: sleep interrupted
2019-10-23 22:22:33,036 [grpc-default-executor-5] INFO  impl.RoleInfo (RoleInfo.java:updateAndGet(143)) - 1c51b35f-55cb-4636-a00c-83d34bf2d9d4: start FollowerState
2019-10-23 22:22:33,050 [aed1b97f-105e-4684-b087-4b6333aa3ced@group-F043E0AED0ED-LeaderElection378] INFO  impl.LeaderElection (LeaderElection.java:logAndReturn(56)) - aed1b97f-105e-4684-b087-4b6333aa3ced@group-F043E0AED0ED-LeaderElection378: Election REJECTED; received 2 response(s) [aed1b97f-105e-4684-b087-4b6333aa3ced<-1c51b35f-55cb-4636-a00c-83d34bf2d9d4#0:FAIL-t425, aed1b97f-105e-4684-b087-4b6333aa3ced<-d21ee1f1-33f6-483c-a18b-27782ce1915a#0:FAIL-t425] and 0 exception(s); aed1b97f-105e-4684-b087-4b6333aa3ced@group-F043E0AED0ED:t425, leader=null, voted=aed1b97f-105e-4684-b087-4b6333aa3ced, raftlog=aed1b97f-105e-4684-b087-4b6333aa3ced@group-F043E0AED0ED-SegmentedRaftLog:OPENED:c-1,f-1,i0, conf=-1: [aed1b97f-105e-4684-b087-4b6333aa3ced:192.168.157.195:34943, 1c51b35f-55cb-4636-a00c-83d34bf2d9d4:192.168.157.195:34693, d21ee1f1-33f6-483c-a18b-27782ce1915a:192.168.157.195:46462], old=null
2019-10-23 22:22:33,051 [aed1b97f-105e-4684-b087-4b6333aa3ced@group-F043E0AED0ED-LeaderElection378] INFO  impl.RaftServerImpl (RaftServerImpl.java:setRole(184)) - aed1b97f-105e-4684-b087-4b6333aa3ced@group-F043E0AED0ED: changes role from CANDIDATE to FOLLOWER at term 425 for DISCOVERED_A_NEW_TERM
2019-10-23 22:22:33,051 [aed1b97f-105e-4684-b087-4b6333aa3ced@group-F043E0AED0ED-LeaderElection378] INFO  impl.RoleInfo (RoleInfo.java:shutdownLeaderElection(134)) - aed1b97f-105e-4684-b087-4b6333aa3ced: shutdown LeaderElection
2019-10-23 22:22:33,051 [aed1b97f-105e-4684-b087-4b6333aa3ced@group-F043E0AED0ED-LeaderElection378] INFO  impl.RoleInfo (RoleInfo.java:updateAndGet(143)) - aed1b97f-105e-4684-b087-4b6333aa3ced: start FollowerState
2019-10-23 22:22:33,094 [Thread-2795] INFO  impl.FollowerState (FollowerState.java:run(108)) - aed1b97f-105e-4684-b087-4b6333aa3ced@group-F043E0AED0ED-FollowerState: change to CANDIDATE, lastRpcTime:43ms, electionTimeout:43ms
2019-10-23 22:22:33,094 [Thread-2795] INFO  impl.RoleInfo (RoleInfo.java:shutdownFollowerState(121)) - aed1b97f-105e-4684-b087-4b6333aa3ced: shutdown FollowerState
2019-10-23 22:22:33,094 [Thread-2795] INFO  impl.RaftServerImpl (RaftServerImpl.java:setRole(184)) - aed1b97f-105e-4684-b087-4b6333aa3ced@group-F043E0AED0ED: changes role from  FOLLOWER to CANDIDATE at term 425 for changeToCandidate
2019-10-23 22:22:33,095 [Thread-2795] INFO  impl.RoleInfo (RoleInfo.java:updateAndGet(143)) - aed1b97f-105e-4684-b087-4b6333aa3ced: start LeaderElection
2019-10-23 22:22:33,108 [aed1b97f-105e-4684-b087-4b6333aa3ced@group-F043E0AED0ED-LeaderElection379] INFO  impl.LeaderElection (LeaderElection.java:askForVotes(178)) - aed1b97f-105e-4684-b087-4b6333aa3ced@group-F043E0AED0ED-LeaderElection379: begin an election at term 426 for -1: [aed1b97f-105e-4684-b087-4b6333aa3ced:192.168.157.195:34943, 1c51b35f-55cb-4636-a00c-83d34bf2d9d4:192.168.157.195:34693, d21ee1f1-33f6-483c-a18b-27782ce1915a:192.168.157.195:46462], old=null
2019-10-23 22:22:33,111 [grpc-default-executor-5] INFO  impl.RaftServerImpl (RaftServerImpl.java:setRole(184)) - 1c51b35f-55cb-4636-a00c-83d34bf2d9d4@group-F043E0AED0ED: changes role from  FOLLOWER to FOLLOWER at term 426 for recognizeCandidate:aed1b97f-105e-4684-b087-4b6333aa3ced
2019-10-23 22:22:33,111 [grpc-default-executor-5] INFO  impl.RoleInfo (RoleInfo.java:shutdownFollowerState(121)) - 1c51b35f-55cb-4636-a00c-83d34bf2d9d4: shutdown FollowerState
2019-10-23 22:22:33,111 [grpc-default-executor-3] INFO  impl.RaftServerImpl (RaftServerImpl.java:setRole(184)) - d21ee1f1-33f6-483c-a18b-27782ce1915a@group-F043E0AED0ED: changes role from  FOLLOWER to FOLLOWER at term 426 for recognizeCandidate:aed1b97f-105e-4684-b087-4b6333aa3ced
2019-10-23 22:22:33,111 [grpc-default-executor-3] INFO  impl.RoleInfo (RoleInfo.java:shutdownFollowerState(121)) - d21ee1f1-33f6-483c-a18b-27782ce1915a: shutdown FollowerState
2019-10-23 22:22:33,111 [Thread-2794] INFO  impl.FollowerState (FollowerState.java:run(117)) - 1c51b35f-55cb-4636-a00c-83d34bf2d9d4@group-F043E0AED0ED-FollowerState was interrupted: java.lang.InterruptedException: sleep interrupted
2019-10-23 22:22:33,111 [grpc-default-executor-5] INFO  impl.RoleInfo (RoleInfo.java:updateAndGet(143)) - 1c51b35f-55cb-4636-a00c-83d34bf2d9d4: start FollowerState
2019-10-23 22:22:33,112 [Thread-2793] INFO  impl.FollowerState (FollowerState.java:run(117)) - d21ee1f1-33f6-483c-a18b-27782ce1915a@group-F043E0AED0ED-FollowerState was interrupted: java.lang.InterruptedException: sleep interrupted
2019-10-23 22:22:33,111 [grpc-default-executor-3] INFO  impl.RoleInfo (RoleInfo.java:updateAndGet(143)) - d21ee1f1-33f6-483c-a18b-27782ce1915a: start FollowerState
2019-10-23 22:22:33,126 [aed1b97f-105e-4684-b087-4b6333aa3ced@group-F043E0AED0ED-LeaderElection379] INFO  impl.LeaderElection (LeaderElection.java:logAndReturn(56)) - aed1b97f-105e-4684-b087-4b6333aa3ced@group-F043E0AED0ED-LeaderElection379: Election REJECTED; received 2 response(s) [aed1b97f-105e-4684-b087-4b6333aa3ced<-1c51b35f-55cb-4636-a00c-83d34bf2d9d4#0:FAIL-t426, aed1b97f-105e-4684-b087-4b6333aa3ced<-d21ee1f1-33f6-483c-a18b-27782ce1915a#0:FAIL-t426] and 0 exception(s); aed1b97f-105e-4684-b087-4b6333aa3ced@group-F043E0AED0ED:t426, leader=null, voted=aed1b97f-105e-4684-b087-4b6333aa3ced, raftlog=aed1b97f-105e-4684-b087-4b6333aa3ced@group-F043E0AED0ED-SegmentedRaftLog:OPENED:c-1,f-1,i0, conf=-1: [aed1b97f-105e-4684-b087-4b6333aa3ced:192.168.157.195:34943, 1c51b35f-55cb-4636-a00c-83d34bf2d9d4:192.168.157.195:34693, d21ee1f1-33f6-483c-a18b-27782ce1915a:192.168.157.195:46462], old=null
2019-10-23 22:22:33,126 [aed1b97f-105e-4684-b087-4b6333aa3ced@group-F043E0AED0ED-LeaderElection379] INFO  impl.RaftServerImpl (RaftServerImpl.java:setRole(184)) - aed1b97f-105e-4684-b087-4b6333aa3ced@group-F043E0AED0ED: changes role from CANDIDATE to FOLLOWER at term 426 for DISCOVERED_A_NEW_TERM
2019-10-23 22:22:33,126 [aed1b97f-105e-4684-b087-4b6333aa3ced@group-F043E0AED0ED-LeaderElection379] INFO  impl.RoleInfo (RoleInfo.java:shutdownLeaderElection(134)) - aed1b97f-105e-4684-b087-4b6333aa3ced: shutdown LeaderElection
2019-10-23 22:22:33,127 [aed1b97f-105e-4684-b087-4b6333aa3ced@group-F043E0AED0ED-LeaderElection379] INFO  impl.RoleInfo (RoleInfo.java:updateAndGet(143)) - aed1b97f-105e-4684-b087-4b6333aa3ced: start FollowerState
2019-10-23 22:22:33,215 [Thread-2801] INFO  impl.FollowerState (FollowerState.java:run(108)) - aed1b97f-105e-4684-b087-4b6333aa3ced@group-F043E0AED0ED-FollowerState: change to CANDIDATE, lastRpcTime:88ms, electionTimeout:88ms
2019-10-23 22:22:33,215 [Thread-2801] INFO  impl.RoleInfo (RoleInfo.java:shutdownFollowerState(121)) - aed1b97f-105e-4684-b087-4b6333aa3ced: shutdown FollowerState
2019-10-23 22:22:33,215 [Thread-2801] INFO  impl.RaftServerImpl (RaftServerImpl.java:setRole(184)) - aed1b97f-105e-4684-b087-4b6333aa3ced@group-F043E0AED0ED: changes role from  FOLLOWER to CANDIDATE at term 426 for changeToCandidate
2019-10-23 22:22:33,215 [Thread-2801] INFO  impl.RoleInfo (RoleInfo.java:updateAndGet(143)) - aed1b97f-105e-4684-b087-4b6333aa3ced: start LeaderElection
2019-10-23 22:22:33,229 [aed1b97f-105e-4684-b087-4b6333aa3ced@group-F043E0AED0ED-LeaderElection380] INFO  impl.LeaderElection (LeaderElection.java:askForVotes(178)) - aed1b97f-105e-4684-b087-4b6333aa3ced@group-F043E0AED0ED-LeaderElection380: begin an election at term 427 for -1: [aed1b97f-105e-4684-b087-4b6333aa3ced:192.168.157.195:34943, 1c51b35f-55cb-4636-a00c-83d34bf2d9d4:192.168.157.195:34693, d21ee1f1-33f6-483c-a18b-27782ce1915a:192.168.157.195:46462], old=null
2019-10-23 22:22:33,230 [grpc-default-executor-3] INFO  impl.RaftServerImpl (RaftServerImpl.java:setRole(184)) - 1c51b35f-55cb-4636-a00c-83d34bf2d9d4@group-F043E0AED0ED: changes role from  FOLLOWER to FOLLOWER at term 427 for recognizeCandidate:aed1b97f-105e-4684-b087-4b6333aa3ced
2019-10-23 22:22:33,231 [grpc-default-executor-5] INFO  impl.RaftServerImpl (RaftServerImpl.java:setRole(184)) - d21ee1f1-33f6-483c-a18b-27782ce1915a@group-F043E0AED0ED: changes role from  FOLLOWER to FOLLOWER at term 427 for recognizeCandidate:aed1b97f-105e-4684-b087-4b6333aa3ced
2019-10-23 22:22:33,231 [grpc-default-executor-5] INFO  impl.RoleInfo (RoleInfo.java:shutdownFollowerState(121)) - d21ee1f1-33f6-483c-a18b-27782ce1915a: shutdown FollowerState
2019-10-23 22:22:33,231 [grpc-default-executor-3] INFO  impl.RoleInfo (RoleInfo.java:shutdownFollowerState(121)) - 1c51b35f-55cb-4636-a00c-83d34bf2d9d4: shutdown FollowerState
2019-10-23 22:22:33,231 [Thread-2800] INFO  impl.FollowerState (FollowerState.java:run(117)) - d21ee1f1-33f6-483c-a18b-27782ce1915a@group-F043E0AED0ED-FollowerState was interrupted: java.lang.InterruptedException: sleep interrupted
2019-10-23 22:22:33,231 [grpc-default-executor-5] INFO  impl.RoleInfo (RoleInfo.java:updateAndGet(143)) - d21ee1f1-33f6-483c-a18b-27782ce1915a: start FollowerState
2019-10-23 22:22:33,231 [Thread-2799] INFO  impl.FollowerState (FollowerState.java:run(117)) - 1c51b35f-55cb-4636-a00c-83d34bf2d9d4@group-F043E0AED0ED-FollowerState was interrupted: java.lang.InterruptedException: sleep interrupted
2019-10-23 22:22:33,231 [grpc-default-executor-3] INFO  impl.RoleInfo (RoleInfo.java:updateAndGet(143)) - 1c51b35f-55cb-4636-a00c-83d34bf2d9d4: start FollowerState
2019-10-23 22:22:33,251 [aed1b97f-105e-4684-b087-4b6333aa3ced@group-F043E0AED0ED-LeaderElection380] INFO  impl.LeaderElection (LeaderElection.java:logAndReturn(56)) - aed1b97f-105e-4684-b087-4b6333aa3ced@group-F043E0AED0ED-LeaderElection380: Election REJECTED; received 2 response(s) [aed1b97f-105e-4684-b087-4b6333aa3ced<-1c51b35f-55cb-4636-a00c-83d34bf2d9d4#0:FAIL-t427, aed1b97f-105e-4684-b087-4b6333aa3ced<-d21ee1f1-33f6-483c-a18b-27782ce1915a#0:FAIL-t427] and 0 exception(s); aed1b97f-105e-4684-b087-4b6333aa3ced@group-F043E0AED0ED:t427, leader=null, voted=aed1b97f-105e-4684-b087-4b6333aa3ced, raftlog=aed1b97f-105e-4684-b087-4b6333aa3ced@group-F043E0AED0ED-SegmentedRaftLog:OPENED:c-1,f-1,i0, conf=-1: [aed1b97f-105e-4684-b087-4b6333aa3ced:192.168.157.195:34943, 1c51b35f-55cb-4636-a00c-83d34bf2d9d4:192.168.157.195:34693, d21ee1f1-33f6-483c-a18b-27782ce1915a:192.168.157.195:46462], old=null
2019-10-23 22:22:33,251 [aed1b97f-105e-4684-b087-4b6333aa3ced@group-F043E0AED0ED-LeaderElection380] INFO  impl.RaftServerImpl (RaftServerImpl.java:setRole(184)) - aed1b97f-105e-4684-b087-4b6333aa3ced@group-F043E0AED0ED: changes role from CANDIDATE to FOLLOWER at term 427 for DISCOVERED_A_NEW_TERM
2019-10-23 22:22:33,251 [aed1b97f-105e-4684-b087-4b6333aa3ced@group-F043E0AED0ED-LeaderElection380] INFO  impl.RoleInfo (RoleInfo.java:shutdownLeaderElection(134)) - aed1b97f-105e-4684-b087-4b6333aa3ced: shutdown LeaderElection
2019-10-23 22:22:33,251 [aed1b97f-105e-4684-b087-4b6333aa3ced@group-F043E0AED0ED-LeaderElection380] INFO  impl.RoleInfo (RoleInfo.java:updateAndGet(143)) - aed1b97f-105e-4684-b087-4b6333aa3ced: start FollowerState
2019-10-23 22:22:33,330 [Thread-2807] INFO  impl.FollowerState (FollowerState.java:run(108)) - aed1b97f-105e-4684-b087-4b6333aa3ced@group-F043E0AED0ED-FollowerState: change to CANDIDATE, lastRpcTime:78ms, electionTimeout:78ms
2019-10-23 22:22:33,330 [Thread-2807] INFO  impl.RoleInfo (RoleInfo.java:shutdownFollowerState(121)) - aed1b97f-105e-4684-b087-4b6333aa3ced: shutdown FollowerState
2019-10-23 22:22:33,330 [Thread-2807] INFO  impl.RaftServerImpl (RaftServerImpl.java:setRole(184)) - aed1b97f-105e-4684-b087-4b6333aa3ced@group-F043E0AED0ED: changes role from  FOLLOWER to CANDIDATE at term 427 for changeToCandidate
2019-10-23 22:22:33,330 [Thread-2807] INFO  impl.RoleInfo (RoleInfo.java:updateAndGet(143)) - aed1b97f-105e-4684-b087-4b6333aa3ced: start LeaderElection
2019-10-23 22:22:33,344 [aed1b97f-105e-4684-b087-4b6333aa3ced@group-F043E0AED0ED-LeaderElection381] INFO  impl.LeaderElection (LeaderElection.java:askForVotes(178)) - aed1b97f-105e-4684-b087-4b6333aa3ced@group-F043E0AED0ED-LeaderElection381: begin an election at term 428 for -1: [aed1b97f-105e-4684-b087-4b6333aa3ced:192.168.157.195:34943, 1c51b35f-55cb-4636-a00c-83d34bf2d9d4:192.168.157.195:34693, d21ee1f1-33f6-483c-a18b-27782ce1915a:192.168.157.195:46462], old=null
2019-10-23 22:22:33,345 [grpc-default-executor-5] INFO  impl.RaftServerImpl (RaftServerImpl.java:setRole(184)) - 1c51b35f-55cb-4636-a00c-83d34bf2d9d4@group-F043E0AED0ED: changes role from  FOLLOWER to FOLLOWER at term 428 for recognizeCandidate:aed1b97f-105e-4684-b087-4b6333aa3ced
2019-10-23 22:22:33,345 [grpc-default-executor-5] INFO  impl.RoleInfo (RoleInfo.java:shutdownFollowerState(121)) - 1c51b35f-55cb-4636-a00c-83d34bf2d9d4: shutdown FollowerState
2019-10-23 22:22:33,345 [grpc-default-executor-3] INFO  impl.RaftServerImpl (RaftServerImpl.java:setRole(184)) - d21ee1f1-33f6-483c-a18b-27782ce1915a@group-F043E0AED0ED: changes role from  FOLLOWER to FOLLOWER at term 428 for recognizeCandidate:aed1b97f-105e-4684-b087-4b6333aa3ced
2019-10-23 22:22:33,346 [grpc-default-executor-3] INFO  impl.RoleInfo (RoleInfo.java:shutdownFollowerState(121)) - d21ee1f1-33f6-483c-a18b-27782ce1915a: shutdown FollowerState
2019-10-23 22:22:33,345 [Thread-2806] INFO  impl.FollowerState (FollowerState.java:run(117)) - 1c51b35f-55cb-4636-a00c-83d34bf2d9d4@group-F043E0AED0ED-FollowerState was interrupted: java.lang.InterruptedException: sleep interrupted
2019-10-23 22:22:33,345 [grpc-default-executor-5] INFO  impl.RoleInfo (RoleInfo.java:updateAndGet(143)) - 1c51b35f-55cb-4636-a00c-83d34bf2d9d4: start FollowerState
2019-10-23 22:22:33,346 [grpc-default-executor-3] INFO  impl.RoleInfo (RoleInfo.java:updateAndGet(143)) - d21ee1f1-33f6-483c-a18b-27782ce1915a: start FollowerState
2019-10-23 22:22:33,346 [Thread-2805] INFO  impl.FollowerState (FollowerState.java:run(117)) - d21ee1f1-33f6-483c-a18b-27782ce1915a@group-F043E0AED0ED-FollowerState was interrupted: java.lang.InterruptedException: sleep interrupted
2019-10-23 22:22:33,360 [aed1b97f-105e-4684-b087-4b6333aa3ced@group-F043E0AED0ED-LeaderElection381] INFO  impl.LeaderElection (LeaderElection.java:logAndReturn(56)) - aed1b97f-105e-4684-b087-4b6333aa3ced@group-F043E0AED0ED-LeaderElection381: Election REJECTED; received 2 response(s) [aed1b97f-105e-4684-b087-4b6333aa3ced<-1c51b35f-55cb-4636-a00c-83d34bf2d9d4#0:FAIL-t428, aed1b97f-105e-4684-b087-4b6333aa3ced<-d21ee1f1-33f6-483c-a18b-27782ce1915a#0:FAIL-t428] and 0 exception(s); aed1b97f-105e-4684-b087-4b6333aa3ced@group-F043E0AED0ED:t428, leader=null, voted=aed1b97f-105e-4684-b087-4b6333aa3ced, raftlog=aed1b97f-105e-4684-b087-4b6333aa3ced@group-F043E0AED0ED-SegmentedRaftLog:OPENED:c-1,f-1,i0, conf=-1: [aed1b97f-105e-4684-b087-4b6333aa3ced:192.168.157.195:34943, 1c51b35f-55cb-4636-a00c-83d34bf2d9d4:192.168.157.195:34693, d21ee1f1-33f6-483c-a18b-27782ce1915a:192.168.157.195:46462], old=null
2019-10-23 22:22:33,360 [aed1b97f-105e-4684-b087-4b6333aa3ced@group-F043E0AED0ED-LeaderElection381] INFO  impl.RaftServerImpl (RaftServerImpl.java:setRole(184)) - aed1b97f-105e-4684-b087-4b6333aa3ced@group-F043E0AED0ED: changes role from CANDIDATE to FOLLOWER at term 428 for DISCOVERED_A_NEW_TERM
2019-10-23 22:22:33,360 [aed1b97f-105e-4684-b087-4b6333aa3ced@group-F043E0AED0ED-LeaderElection381] INFO  impl.RoleInfo (RoleInfo.java:shutdownLeaderElection(134)) - aed1b97f-105e-4684-b087-4b6333aa3ced: shutdown LeaderElection
2019-10-23 22:22:33,360 [aed1b97f-105e-4684-b087-4b6333aa3ced@group-F043E0AED0ED-LeaderElection381] INFO  impl.RoleInfo (RoleInfo.java:updateAndGet(143)) - aed1b97f-105e-4684-b087-4b6333aa3ced: start FollowerState
2019-10-23 22:22:33,404 [Thread-2813] INFO  impl.FollowerState (FollowerState.java:run(108)) - aed1b97f-105e-4684-b087-4b6333aa3ced@group-F043E0AED0ED-FollowerState: change to CANDIDATE, lastRpcTime:43ms, electionTimeout:43ms
2019-10-23 22:22:33,404 [Thread-2813] INFO  impl.RoleInfo (RoleInfo.java:shutdownFollowerState(121)) - aed1b97f-105e-4684-b087-4b6333aa3ced: shutdown FollowerState
2019-10-23 22:22:33,404 [Thread-2813] INFO  impl.RaftServerImpl (RaftServerImpl.java:setRole(184)) - aed1b97f-105e-4684-b087-4b6333aa3ced@group-F043E0AED0ED: changes role from  FOLLOWER to CANDIDATE at term 428 for changeToCandidate
2019-10-23 22:22:33,404 [Thread-2813] INFO  impl.RoleInfo (RoleInfo.java:updateAndGet(143)) - aed1b97f-105e-4684-b087-4b6333aa3ced: start LeaderElection
2019-10-23 22:22:33,417 [aed1b97f-105e-4684-b087-4b6333aa3ced@group-F043E0AED0ED-LeaderElection382] INFO  impl.LeaderElection (LeaderElection.java:askForVotes(178)) - aed1b97f-105e-4684-b087-4b6333aa3ced@group-F043E0AED0ED-LeaderElection382: begin an election at term 429 for -1: [aed1b97f-105e-4684-b087-4b6333aa3ced:192.168.157.195:34943, 1c51b35f-55cb-4636-a00c-83d34bf2d9d4:192.168.157.195:34693, d21ee1f1-33f6-483c-a18b-27782ce1915a:192.168.157.195:46462], old=null
2019-10-23 22:22:33,418 [grpc-default-executor-5] INFO  impl.RaftServerImpl (RaftServerImpl.java:setRole(184)) - 1c51b35f-55cb-4636-a00c-83d34bf2d9d4@group-F043E0AED0ED: changes role from  FOLLOWER to FOLLOWER at term 429 for recognizeCandidate:aed1b97f-105e-4684-b087-4b6333aa3ced
2019-10-23 22:22:33,419 [grpc-default-executor-5] INFO  impl.RoleInfo (RoleInfo.java:shutdownFollowerState(121)) - 1c51b35f-55cb-4636-a00c-83d34bf2d9d4: shutdown FollowerState
2019-10-23 22:22:33,419 [grpc-default-executor-5] INFO  impl.RoleInfo (RoleInfo.java:updateAndGet(143)) - 1c51b35f-55cb-4636-a00c-83d34bf2d9d4: start FollowerState
2019-10-23 22:22:33,419 [grpc-default-executor-3] INFO  impl.RaftServerImpl (RaftServerImpl.java:setRole(184)) - d21ee1f1-33f6-483c-a18b-27782ce1915a@group-F043E0AED0ED: changes role from  FOLLOWER to FOLLOWER at term 429 for recognizeCandidate:aed1b97f-105e-4684-b087-4b6333aa3ced
2019-10-23 22:22:33,419 [grpc-default-executor-3] INFO  impl.RoleInfo (RoleInfo.java:shutdownFollowerState(121)) - d21ee1f1-33f6-483c-a18b-27782ce1915a: shutdown FollowerState
2019-10-23 22:22:33,419 [Thread-2811] INFO  impl.FollowerState (FollowerState.java:run(117)) - 1c51b35f-55cb-4636-a00c-83d34bf2d9d4@group-F043E0AED0ED-FollowerState was interrupted: java.lang.InterruptedException: sleep interrupted
2019-10-23 22:22:33,419 [Thread-2812] INFO  impl.FollowerState (FollowerState.java:run(117)) - d21ee1f1-33f6-483c-a18b-27782ce1915a@group-F043E0AED0ED-FollowerState was interrupted: java.lang.InterruptedException: sleep interrupted
2019-10-23 22:22:33,419 [grpc-default-executor-3] INFO  impl.RoleInfo (RoleInfo.java:updateAndGet(143)) - d21ee1f1-33f6-483c-a18b-27782ce1915a: start FollowerState
2019-10-23 22:22:33,433 [aed1b97f-105e-4684-b087-4b6333aa3ced@group-F043E0AED0ED-LeaderElection382] INFO  impl.LeaderElection (LeaderElection.java:logAndReturn(56)) - aed1b97f-105e-4684-b087-4b6333aa3ced@group-F043E0AED0ED-LeaderElection382: Election REJECTED; received 2 response(s) [aed1b97f-105e-4684-b087-4b6333aa3ced<-1c51b35f-55cb-4636-a00c-83d34bf2d9d4#0:FAIL-t429, aed1b97f-105e-4684-b087-4b6333aa3ced<-d21ee1f1-33f6-483c-a18b-27782ce1915a#0:FAIL-t429] and 0 exception(s); aed1b97f-105e-4684-b087-4b6333aa3ced@group-F043E0AED0ED:t429, leader=null, voted=aed1b97f-105e-4684-b087-4b6333aa3ced, raftlog=aed1b97f-105e-4684-b087-4b6333aa3ced@group-F043E0AED0ED-SegmentedRaftLog:OPENED:c-1,f-1,i0, conf=-1: [aed1b97f-105e-4684-b087-4b6333aa3ced:192.168.157.195:34943, 1c51b35f-55cb-4636-a00c-83d34bf2d9d4:192.168.157.195:34693, d21ee1f1-33f6-483c-a18b-27782ce1915a:192.168.157.195:46462], old=null
2019-10-23 22:22:33,433 [aed1b97f-105e-4684-b087-4b6333aa3ced@group-F043E0AED0ED-LeaderElection382] INFO  impl.RaftServerImpl (RaftServerImpl.java:setRole(184)) - aed1b97f-105e-4684-b087-4b6333aa3ced@group-F043E0AED0ED: changes role from CANDIDATE to FOLLOWER at term 429 for DISCOVERED_A_NEW_TERM
2019-10-23 22:22:33,433 [aed1b97f-105e-4684-b087-4b6333aa3ced@group-F043E0AED0ED-LeaderElection382] INFO  impl.RoleInfo (RoleInfo.java:shutdownLeaderElection(134)) - aed1b97f-105e-4684-b087-4b6333aa3ced: shutdown LeaderElection
2019-10-23 22:22:33,433 [aed1b97f-105e-4684-b087-4b6333aa3ced@group-F043E0AED0ED-LeaderElection382] INFO  impl.RoleInfo (RoleInfo.java:updateAndGet(143)) - aed1b97f-105e-4684-b087-4b6333aa3ced: start FollowerState
2019-10-23 22:22:33,533 [Thread-2819] INFO  impl.FollowerState (FollowerState.java:run(108)) - aed1b97f-105e-4684-b087-4b6333aa3ced@group-F043E0AED0ED-FollowerState: change to CANDIDATE, lastRpcTime:100ms, electionTimeout:100ms
2019-10-23 22:22:33,534 [Thread-2819] INFO  impl.RoleInfo (RoleInfo.java:shutdownFollowerState(121)) - aed1b97f-105e-4684-b087-4b6333aa3ced: shutdown FollowerState
2019-10-23 22:22:33,534 [Thread-2819] INFO  impl.RaftServerImpl (RaftServerImpl.java:setRole(184)) - aed1b97f-105e-4684-b087-4b6333aa3ced@group-F043E0AED0ED: changes role from  FOLLOWER to CANDIDATE at term 429 for changeToCandidate
2019-10-23 22:22:33,534 [Thread-2819] INFO  impl.RoleInfo (RoleInfo.java:updateAndGet(143)) - aed1b97f-105e-4684-b087-4b6333aa3ced: start LeaderElection
2019-10-23 22:22:33,552 [aed1b97f-105e-4684-b087-4b6333aa3ced@group-F043E0AED0ED-LeaderElection383] INFO  impl.LeaderElection (LeaderElection.java:askForVotes(178)) - aed1b97f-105e-4684-b087-4b6333aa3ced@group-F043E0AED0ED-LeaderElection383: begin an election at term 430 for -1: [aed1b97f-105e-4684-b087-4b6333aa3ced:192.168.157.195:34943, 1c51b35f-55cb-4636-a00c-83d34bf2d9d4:192.168.157.195:34693, d21ee1f1-33f6-483c-a18b-27782ce1915a:192.168.157.195:46462], old=null
2019-10-23 22:22:33,554 [grpc-default-executor-5] INFO  impl.RaftServerImpl (RaftServerImpl.java:setRole(184)) - d21ee1f1-33f6-483c-a18b-27782ce1915a@group-F043E0AED0ED: changes role from  FOLLOWER to FOLLOWER at term 430 for recognizeCandidate:aed1b97f-105e-4684-b087-4b6333aa3ced
2019-10-23 22:22:33,554 [grpc-default-executor-5] INFO  impl.RoleInfo (RoleInfo.java:shutdownFollowerState(121)) - d21ee1f1-33f6-483c-a18b-27782ce1915a: shutdown FollowerState
2019-10-23 22:22:33,554 [grpc-default-executor-3] INFO  impl.RaftServerImpl (RaftServerImpl.java:setRole(184)) - 1c51b35f-55cb-4636-a00c-83d34bf2d9d4@group-F043E0AED0ED: changes role from  FOLLOWER to FOLLOWER at term 430 for recognizeCandidate:aed1b97f-105e-4684-b087-4b6333aa3ced
2019-10-23 22:22:33,555 [grpc-default-executor-3] INFO  impl.RoleInfo (RoleInfo.java:shutdownFollowerState(121)) - 1c51b35f-55cb-4636-a00c-83d34bf2d9d4: shutdown FollowerState
2019-10-23 22:22:33,555 [Thread-2818] INFO  impl.FollowerState (FollowerState.java:run(117)) - d21ee1f1-33f6-483c-a18b-27782ce1915a@group-F043E0AED0ED-FollowerState was interrupted: java.lang.InterruptedException: sleep interrupted
2019-10-23 22:22:33,555 [grpc-default-executor-5] INFO  impl.RoleInfo (RoleInfo.java:updateAndGet(143)) - d21ee1f1-33f6-483c-a18b-27782ce1915a: start FollowerState
2019-10-23 22:22:33,555 [Thread-2817] INFO  impl.FollowerState (FollowerState.java:run(117)) - 1c51b35f-55cb-4636-a00c-83d34bf2d9d4@group-F043E0AED0ED-FollowerState was interrupted: java.lang.InterruptedException: sleep interrupted
2019-10-23 22:22:33,555 [grpc-default-executor-3] INFO  impl.RoleInfo (RoleInfo.java:updateAndGet(143)) - 1c51b35f-55cb-4636-a00c-83d34bf2d9d4: start FollowerState
2019-10-23 22:22:33,569 [aed1b97f-105e-4684-b087-4b6333aa3ced@group-F043E0AED0ED-LeaderElection383] INFO  impl.LeaderElection (LeaderElection.java:logAndReturn(56)) - aed1b97f-105e-4684-b087-4b6333aa3ced@group-F043E0AED0ED-LeaderElection383: Election REJECTED; received 2 response(s) [aed1b97f-105e-4684-b087-4b6333aa3ced<-1c51b35f-55cb-4636-a00c-83d34bf2d9d4#0:FAIL-t430, aed1b97f-105e-4684-b087-4b6333aa3ced<-d21ee1f1-33f6-483c-a18b-27782ce1915a#0:FAIL-t430] and 0 exception(s); aed1b97f-105e-4684-b087-4b6333aa3ced@group-F043E0AED0ED:t430, leader=null, voted=aed1b97f-105e-4684-b087-4b6333aa3ced, raftlog=aed1b97f-105e-4684-b087-4b6333aa3ced@group-F043E0AED0ED-SegmentedRaftLog:OPENED:c-1,f-1,i0, conf=-1: [aed1b97f-105e-4684-b087-4b6333aa3ced:192.168.157.195:34943, 1c51b35f-55cb-4636-a00c-83d34bf2d9d4:192.168.157.195:34693, d21ee1f1-33f6-483c-a18b-27782ce1915a:192.168.157.195:46462], old=null
2019-10-23 22:22:33,569 [aed1b97f-105e-4684-b087-4b6333aa3ced@group-F043E0AED0ED-LeaderElection383] INFO  impl.RaftServerImpl (RaftServerImpl.java:setRole(184)) - aed1b97f-105e-4684-b087-4b6333aa3ced@group-F043E0AED0ED: changes role from CANDIDATE to FOLLOWER at term 430 for DISCOVERED_A_NEW_TERM
2019-10-23 22:22:33,569 [aed1b97f-105e-4684-b087-4b6333aa3ced@group-F043E0AED0ED-LeaderElection383] INFO  impl.RoleInfo (RoleInfo.java:shutdownLeaderElection(134)) - aed1b97f-105e-4684-b087-4b6333aa3ced: shutdown LeaderElection
2019-10-23 22:22:33,570 [aed1b97f-105e-4684-b087-4b6333aa3ced@group-F043E0AED0ED-LeaderElection383] INFO  impl.RoleInfo (RoleInfo.java:updateAndGet(143)) - aed1b97f-105e-4684-b087-4b6333aa3ced: start FollowerState
2019-10-23 22:22:33,631 [Thread-2825] INFO  impl.FollowerState (FollowerState.java:run(108)) - aed1b97f-105e-4684-b087-4b6333aa3ced@group-F043E0AED0ED-FollowerState: change to CANDIDATE, lastRpcTime:61ms, electionTimeout:61ms
2019-10-23 22:22:33,631 [Thread-2825] INFO  impl.RoleInfo (RoleInfo.java:shutdownFollowerState(121)) - aed1b97f-105e-4684-b087-4b6333aa3ced: shutdown FollowerState
2019-10-23 22:22:33,631 [Thread-2825] INFO  impl.RaftServerImpl (RaftServerImpl.java:setRole(184)) - aed1b97f-105e-4684-b087-4b6333aa3ced@group-F043E0AED0ED: changes role from  FOLLOWER to CANDIDATE at term 430 for changeToCandidate
2019-10-23 22:22:33,631 [Thread-2825] INFO  impl.RoleInfo (RoleInfo.java:updateAndGet(143)) - aed1b97f-105e-4684-b087-4b6333aa3ced: start LeaderElection
2019-10-23 22:22:33,645 [aed1b97f-105e-4684-b087-4b6333aa3ced@group-F043E0AED0ED-LeaderElection384] INFO  impl.LeaderElection (LeaderElection.java:askForVotes(178)) - aed1b97f-105e-4684-b087-4b6333aa3ced@group-F043E0AED0ED-LeaderElection384: begin an election at term 431 for -1: [aed1b97f-105e-4684-b087-4b6333aa3ced:192.168.157.195:34943, 1c51b35f-55cb-4636-a00c-83d34bf2d9d4:192.168.157.195:34693, d21ee1f1-33f6-483c-a18b-27782ce1915a:192.168.157.195:46462], old=null
2019-10-23 22:22:33,646 [grpc-default-executor-3] INFO  impl.RaftServerImpl (RaftServerImpl.java:setRole(184)) - 1c51b35f-55cb-4636-a00c-83d34bf2d9d4@group-F043E0AED0ED: changes role from  FOLLOWER to FOLLOWER at term 431 for recognizeCandidate:aed1b97f-105e-4684-b087-4b6333aa3ced
2019-10-23 22:22:33,646 [grpc-default-executor-3] INFO  impl.RoleInfo (RoleInfo.java:shutdownFollowerState(121)) - 1c51b35f-55cb-4636-a00c-83d34bf2d9d4: shutdown FollowerState
2019-10-23 22:22:33,646 [grpc-default-executor-5] INFO  impl.RaftServerImpl (RaftServerImpl.java:setRole(184)) - d21ee1f1-33f6-483c-a18b-27782ce1915a@group-F043E0AED0ED: changes role from  FOLLOWER to FOLLOWER at term 431 for recognizeCandidate:aed1b97f-105e-4684-b087-4b6333aa3ced
2019-10-23 22:22:33,646 [grpc-default-executor-5] INFO  impl.RoleInfo (RoleInfo.java:shutdownFollowerState(121)) - d21ee1f1-33f6-483c-a18b-27782ce1915a: shutdown FollowerState
2019-10-23 22:22:33,646 [Thread-2824] INFO  impl.FollowerState (FollowerState.java:run(117)) - 1c51b35f-55cb-4636-a00c-83d34bf2d9d4@group-F043E0AED0ED-FollowerState was interrupted: java.lang.InterruptedException: sleep interrupted
2019-10-23 22:22:33,646 [grpc-default-executor-3] INFO  impl.RoleInfo (RoleInfo.java:updateAndGet(143)) - 1c51b35f-55cb-4636-a00c-83d34bf2d9d4: start FollowerState
2019-10-23 22:22:33,646 [Thread-2823] INFO  impl.FollowerState (FollowerState.java:run(117)) - d21ee1f1-33f6-483c-a18b-27782ce1915a@group-F043E0AED0ED-FollowerState was interrupted: java.lang.InterruptedException: sleep interrupted
2019-10-23 22:22:33,646 [grpc-default-executor-5] INFO  impl.RoleInfo (RoleInfo.java:updateAndGet(143)) - d21ee1f1-33f6-483c-a18b-27782ce1915a: start FollowerState
2019-10-23 22:22:33,661 [aed1b97f-105e-4684-b087-4b6333aa3ced@group-F043E0AED0ED-LeaderElection384] INFO  impl.LeaderElection (LeaderElection.java:logAndReturn(56)) - aed1b97f-105e-4684-b087-4b6333aa3ced@group-F043E0AED0ED-LeaderElection384: Election REJECTED; received 2 response(s) [aed1b97f-105e-4684-b087-4b6333aa3ced<-1c51b35f-55cb-4636-a00c-83d34bf2d9d4#0:FAIL-t431, aed1b97f-105e-4684-b087-4b6333aa3ced<-d21ee1f1-33f6-483c-a18b-27782ce1915a#0:FAIL-t431] and 0 exception(s); aed1b97f-105e-4684-b087-4b6333aa3ced@group-F043E0AED0ED:t431, leader=null, voted=aed1b97f-105e-4684-b087-4b6333aa3ced, raftlog=aed1b97f-105e-4684-b087-4b6333aa3ced@group-F043E0AED0ED-SegmentedRaftLog:OPENED:c-1,f-1,i0, conf=-1: [aed1b97f-105e-4684-b087-4b6333aa3ced:192.168.157.195:34943, 1c51b35f-55cb-4636-a00c-83d34bf2d9d4:192.168.157.195:34693, d21ee1f1-33f6-483c-a18b-27782ce1915a:192.168.157.195:46462], old=null
2019-10-23 22:22:33,661 [aed1b97f-105e-4684-b087-4b6333aa3ced@group-F043E0AED0ED-LeaderElection384] INFO  impl.RaftServerImpl (RaftServerImpl.java:setRole(184)) - aed1b97f-105e-4684-b087-4b6333aa3ced@group-F043E0AED0ED: changes role from CANDIDATE to FOLLOWER at term 431 for DISCOVERED_A_NEW_TERM
2019-10-23 22:22:33,661 [aed1b97f-105e-4684-b087-4b6333aa3ced@group-F043E0AED0ED-LeaderElection384] INFO  impl.RoleInfo (RoleInfo.java:shutdownLeaderElection(134)) - aed1b97f-105e-4684-b087-4b6333aa3ced: shutdown LeaderElection
2019-10-23 22:22:33,661 [aed1b97f-105e-4684-b087-4b6333aa3ced@group-F043E0AED0ED-LeaderElection384] INFO  impl.RoleInfo (RoleInfo.java:updateAndGet(143)) - aed1b97f-105e-4684-b087-4b6333aa3ced: start FollowerState
2019-10-23 22:22:33,719 [Thread-2833] INFO  impl.FollowerState (FollowerState.java:run(108)) - aed1b97f-105e-4684-b087-4b6333aa3ced@group-F043E0AED0ED-FollowerState: change to CANDIDATE, lastRpcTime:57ms, electionTimeout:57ms
2019-10-23 22:22:33,719 [Thread-2833] INFO  impl.RoleInfo (RoleInfo.java:shutdownFollowerState(121)) - aed1b97f-105e-4684-b087-4b6333aa3ced: shutdown FollowerState
2019-10-23 22:22:33,719 [Thread-2833] INFO  impl.RaftServerImpl (RaftServerImpl.java:setRole(184)) - aed1b97f-105e-4684-b087-4b6333aa3ced@group-F043E0AED0ED: changes role from  FOLLOWER to CANDIDATE at term 431 for changeToCandidate
2019-10-23 22:22:33,719 [Thread-2833] INFO  impl.RoleInfo (RoleInfo.java:updateAndGet(143)) - aed1b97f-105e-4684-b087-4b6333aa3ced: start LeaderElection
2019-10-23 22:22:33,732 [aed1b97f-105e-4684-b087-4b6333aa3ced@group-F043E0AED0ED-LeaderElection385] INFO  impl.LeaderElection (LeaderElection.java:askForVotes(178)) - aed1b97f-105e-4684-b087-4b6333aa3ced@group-F043E0AED0ED-LeaderElection385: begin an election at term 432 for -1: [aed1b97f-105e-4684-b087-4b6333aa3ced:192.168.157.195:34943, 1c51b35f-55cb-4636-a00c-83d34bf2d9d4:192.168.157.195:34693, d21ee1f1-33f6-483c-a18b-27782ce1915a:192.168.157.195:46462], old=null
2019-10-23 22:22:33,734 [grpc-default-executor-5] INFO  impl.RaftServerImpl (RaftServerImpl.java:setRole(184)) - 1c51b35f-55cb-4636-a00c-83d34bf2d9d4@group-F043E0AED0ED: changes role from  FOLLOWER to FOLLOWER at term 432 for recognizeCandidate:aed1b97f-105e-4684-b087-4b6333aa3ced
2019-10-23 22:22:33,734 [grpc-default-executor-5] INFO  impl.RoleInfo (RoleInfo.java:shutdownFollowerState(121)) - 1c51b35f-55cb-4636-a00c-83d34bf2d9d4: shutdown FollowerState
2019-10-23 22:22:33,734 [grpc-default-executor-3] INFO  impl.RaftServerImpl (RaftServerImpl.java:setRole(184)) - d21ee1f1-33f6-483c-a18b-27782ce1915a@group-F043E0AED0ED: changes role from  FOLLOWER to FOLLOWER at term 432 for recognizeCandidate:aed1b97f-105e-4684-b087-4b6333aa3ced
2019-10-23 22:22:33,734 [grpc-default-executor-3] INFO  impl.RoleInfo (RoleInfo.java:shutdownFollowerState(121)) - d21ee1f1-33f6-483c-a18b-27782ce1915a: shutdown FollowerState
2019-10-23 22:22:33,734 [grpc-default-executor-5] INFO  impl.RoleInfo (RoleInfo.java:updateAndGet(143)) - 1c51b35f-55cb-4636-a00c-83d34bf2d9d4: start FollowerState
2019-10-23 22:22:33,734 [Thread-2831] INFO  impl.FollowerState (FollowerState.java:run(117)) - 1c51b35f-55cb-4636-a00c-83d34bf2d9d4@group-F043E0AED0ED-FollowerState was interrupted: java.lang.InterruptedException: sleep interrupted
2019-10-23 22:22:33,734 [Thread-2832] INFO  impl.FollowerState (FollowerState.java:run(117)) - d21ee1f1-33f6-483c-a18b-27782ce1915a@group-F043E0AED0ED-FollowerState was interrupted: java.lang.InterruptedException: sleep interrupted
2019-10-23 22:22:33,734 [grpc-default-executor-3] INFO  impl.RoleInfo (RoleInfo.java:updateAndGet(143)) - d21ee1f1-33f6-483c-a18b-27782ce1915a: start FollowerState
2019-10-23 22:22:33,750 [aed1b97f-105e-4684-b087-4b6333aa3ced@group-F043E0AED0ED-LeaderElection385] INFO  impl.LeaderElection (LeaderElection.java:logAndReturn(56)) - aed1b97f-105e-4684-b087-4b6333aa3ced@group-F043E0AED0ED-LeaderElection385: Election REJECTED; received 2 response(s) [aed1b97f-105e-4684-b087-4b6333aa3ced<-1c51b35f-55cb-4636-a00c-83d34bf2d9d4#0:FAIL-t432, aed1b97f-105e-4684-b087-4b6333aa3ced<-d21ee1f1-33f6-483c-a18b-27782ce1915a#0:FAIL-t432] and 0 exception(s); aed1b97f-105e-4684-b087-4b6333aa3ced@group-F043E0AED0ED:t432, leader=null, voted=aed1b97f-105e-4684-b087-4b6333aa3ced, raftlog=aed1b97f-105e-4684-b087-4b6333aa3ced@group-F043E0AED0ED-SegmentedRaftLog:OPENED:c-1,f-1,i0, conf=-1: [aed1b97f-105e-4684-b087-4b6333aa3ced:192.168.157.195:34943, 1c51b35f-55cb-4636-a00c-83d34bf2d9d4:192.168.157.195:34693, d21ee1f1-33f6-483c-a18b-27782ce1915a:192.168.157.195:46462], old=null
2019-10-23 22:22:33,750 [aed1b97f-105e-4684-b087-4b6333aa3ced@group-F043E0AED0ED-LeaderElection385] INFO  impl.RaftServerImpl (RaftServerImpl.java:setRole(184)) - aed1b97f-105e-4684-b087-4b6333aa3ced@group-F043E0AED0ED: changes role from CANDIDATE to FOLLOWER at term 432 for DISCOVERED_A_NEW_TERM
2019-10-23 22:22:33,750 [aed1b97f-105e-4684-b087-4b6333aa3ced@group-F043E0AED0ED-LeaderElection385] INFO  impl.RoleInfo (RoleInfo.java:shutdownLeaderElection(134)) - aed1b97f-105e-4684-b087-4b6333aa3ced: shutdown LeaderElection
2019-10-23 22:22:33,750 [aed1b97f-105e-4684-b087-4b6333aa3ced@group-F043E0AED0ED-LeaderElection385] INFO  impl.RoleInfo (RoleInfo.java:updateAndGet(143)) - aed1b97f-105e-4684-b087-4b6333aa3ced: start FollowerState
2019-10-23 22:22:33,847 [Thread-2840] INFO  impl.FollowerState (FollowerState.java:run(108)) - aed1b97f-105e-4684-b087-4b6333aa3ced@group-F043E0AED0ED-FollowerState: change to CANDIDATE, lastRpcTime:97ms, electionTimeout:97ms
2019-10-23 22:22:33,848 [Thread-2840] INFO  impl.RoleInfo (RoleInfo.java:shutdownFollowerState(121)) - aed1b97f-105e-4684-b087-4b6333aa3ced: shutdown FollowerState
2019-10-23 22:22:33,848 [Thread-2840] INFO  impl.RaftServerImpl (RaftServerImpl.java:setRole(184)) - aed1b97f-105e-4684-b087-4b6333aa3ced@group-F043E0AED0ED: changes role from  FOLLOWER to CANDIDATE at term 432 for changeToCandidate
2019-10-23 22:22:33,848 [Thread-2840] INFO  impl.RoleInfo (RoleInfo.java:updateAndGet(143)) - aed1b97f-105e-4684-b087-4b6333aa3ced: start LeaderElection
2019-10-23 22:22:33,861 [aed1b97f-105e-4684-b087-4b6333aa3ced@group-F043E0AED0ED-LeaderElection386] INFO  impl.LeaderElection (LeaderElection.java:askForVotes(178)) - aed1b97f-105e-4684-b087-4b6333aa3ced@group-F043E0AED0ED-LeaderElection386: begin an election at term 433 for -1: [aed1b97f-105e-4684-b087-4b6333aa3ced:192.168.157.195:34943, 1c51b35f-55cb-4636-a00c-83d34bf2d9d4:192.168.157.195:34693, d21ee1f1-33f6-483c-a18b-27782ce1915a:192.168.157.195:46462], old=null
2019-10-23 22:22:33,863 [grpc-default-executor-5] INFO  impl.RaftServerImpl (RaftServerImpl.java:setRole(184)) - 1c51b35f-55cb-4636-a00c-83d34bf2d9d4@group-F043E0AED0ED: changes role from  FOLLOWER to FOLLOWER at term 433 for recognizeCandidate:aed1b97f-105e-4684-b087-4b6333aa3ced
2019-10-23 22:22:33,863 [grpc-default-executor-3] INFO  impl.RaftServerImpl (RaftServerImpl.java:setRole(184)) - d21ee1f1-33f6-483c-a18b-27782ce1915a@group-F043E0AED0ED: changes role from  FOLLOWER to FOLLOWER at term 433 for recognizeCandidate:aed1b97f-105e-4684-b087-4b6333aa3ced
2019-10-23 22:22:33,863 [grpc-default-executor-3] INFO  impl.RoleInfo (RoleInfo.java:shutdownFollowerState(121)) - d21ee1f1-33f6-483c-a18b-27782ce1915a: shutdown FollowerState
2019-10-23 22:22:33,863 [grpc-default-executor-5] INFO  impl.RoleInfo (RoleInfo.java:shutdownFollowerState(121)) - 1c51b35f-55cb-4636-a00c-83d34bf2d9d4: shutdown FollowerState
2019-10-23 22:22:33,863 [Thread-2838] INFO  impl.FollowerState (FollowerState.java:run(117)) - d21ee1f1-33f6-483c-a18b-27782ce1915a@group-F043E0AED0ED-FollowerState was interrupted: java.lang.InterruptedException: sleep interrupted
2019-10-23 22:22:33,863 [grpc-default-executor-3] INFO  impl.RoleInfo (RoleInfo.java:updateAndGet(143)) - d21ee1f1-33f6-483c-a18b-27782ce1915a: start FollowerState
2019-10-23 22:22:33,863 [Thread-2837] INFO  impl.FollowerState (FollowerState.java:run(117)) - 1c51b35f-55cb-4636-a00c-83d34bf2d9d4@group-F043E0AED0ED-FollowerState was interrupted: java.lang.InterruptedException: sleep interrupted
2019-10-23 22:22:33,863 [grpc-default-executor-5] INFO  impl.RoleInfo (RoleInfo.java:updateAndGet(143)) - 1c51b35f-55cb-4636-a00c-83d34bf2d9d4: start FollowerState
2019-10-23 22:22:33,879 [aed1b97f-105e-4684-b087-4b6333aa3ced@group-F043E0AED0ED-LeaderElection386] INFO  impl.LeaderElection (LeaderElection.java:logAndReturn(56)) - aed1b97f-105e-4684-b087-4b6333aa3ced@group-F043E0AED0ED-LeaderElection386: Election REJECTED; received 2 response(s) [aed1b97f-105e-4684-b087-4b6333aa3ced<-1c51b35f-55cb-4636-a00c-83d34bf2d9d4#0:FAIL-t433, aed1b97f-105e-4684-b087-4b6333aa3ced<-d21ee1f1-33f6-483c-a18b-27782ce1915a#0:FAIL-t433] and 0 exception(s); aed1b97f-105e-4684-b087-4b6333aa3ced@group-F043E0AED0ED:t433, leader=null, voted=aed1b97f-105e-4684-b087-4b6333aa3ced, raftlog=aed1b97f-105e-4684-b087-4b6333aa3ced@group-F043E0AED0ED-SegmentedRaftLog:OPENED:c-1,f-1,i0, conf=-1: [aed1b97f-105e-4684-b087-4b6333aa3ced:192.168.157.195:34943, 1c51b35f-55cb-4636-a00c-83d34bf2d9d4:192.168.157.195:34693, d21ee1f1-33f6-483c-a18b-27782ce1915a:192.168.157.195:46462], old=null
2019-10-23 22:22:33,879 [aed1b97f-105e-4684-b087-4b6333aa3ced@group-F043E0AED0ED-LeaderElection386] INFO  impl.RaftServerImpl (RaftServerImpl.java:setRole(184)) - aed1b97f-105e-4684-b087-4b6333aa3ced@group-F043E0AED0ED: changes role from CANDIDATE to FOLLOWER at term 433 for DISCOVERED_A_NEW_TERM
2019-10-23 22:22:33,879 [aed1b97f-105e-4684-b087-4b6333aa3ced@group-F043E0AED0ED-LeaderElection386] INFO  impl.RoleInfo (RoleInfo.java:shutdownLeaderElection(134)) - aed1b97f-105e-4684-b087-4b6333aa3ced: shutdown LeaderElection
2019-10-23 22:22:33,879 [aed1b97f-105e-4684-b087-4b6333aa3ced@group-F043E0AED0ED-LeaderElection386] INFO  impl.RoleInfo (RoleInfo.java:updateAndGet(143)) - aed1b97f-105e-4684-b087-4b6333aa3ced: start FollowerState
2019-10-23 22:22:34,042 [Thread-2846] INFO  impl.FollowerState (FollowerState.java:run(108)) - aed1b97f-105e-4684-b087-4b6333aa3ced@group-F043E0AED0ED-FollowerState: change to CANDIDATE, lastRpcTime:162ms, electionTimeout:162ms
2019-10-23 22:22:34,042 [Thread-2846] INFO  impl.RoleInfo (RoleInfo.java:shutdownFollowerState(121)) - aed1b97f-105e-4684-b087-4b6333aa3ced: shutdown FollowerState
2019-10-23 22:22:34,042 [Thread-2846] INFO  impl.RaftServerImpl (RaftServerImpl.java:setRole(184)) - aed1b97f-105e-4684-b087-4b6333aa3ced@group-F043E0AED0ED: changes role from  FOLLOWER to CANDIDATE at term 433 for changeToCandidate
2019-10-23 22:22:34,042 [Thread-2846] INFO  impl.RoleInfo (RoleInfo.java:updateAndGet(143)) - aed1b97f-105e-4684-b087-4b6333aa3ced: start LeaderElection
2019-10-23 22:22:34,056 [aed1b97f-105e-4684-b087-4b6333aa3ced@group-F043E0AED0ED-LeaderElection387] INFO  impl.LeaderElection (LeaderElection.java:askForVotes(178)) - aed1b97f-105e-4684-b087-4b6333aa3ced@group-F043E0AED0ED-LeaderElection387: begin an election at term 434 for -1: [aed1b97f-105e-4684-b087-4b6333aa3ced:192.168.157.195:34943, 1c51b35f-55cb-4636-a00c-83d34bf2d9d4:192.168.157.195:34693, d21ee1f1-33f6-483c-a18b-27782ce1915a:192.168.157.195:46462], old=null
2019-10-23 22:22:34,057 [grpc-default-executor-5] INFO  impl.RaftServerImpl (RaftServerImpl.java:setRole(184)) - 1c51b35f-55cb-4636-a00c-83d34bf2d9d4@group-F043E0AED0ED: changes role from  FOLLOWER to FOLLOWER at term 434 for recognizeCandidate:aed1b97f-105e-4684-b087-4b6333aa3ced
2019-10-23 22:22:34,057 [grpc-default-executor-3] INFO  impl.RaftServerImpl (RaftServerImpl.java:setRole(184)) - d21ee1f1-33f6-483c-a18b-27782ce1915a@group-F043E0AED0ED: changes role from  FOLLOWER to FOLLOWER at term 434 for recognizeCandidate:aed1b97f-105e-4684-b087-4b6333aa3ced
2019-10-23 22:22:34,058 [grpc-default-executor-3] INFO  impl.RoleInfo (RoleInfo.java:shutdownFollowerState(121)) - d21ee1f1-33f6-483c-a18b-27782ce1915a: shutdown FollowerState
2019-10-23 22:22:34,058 [grpc-default-executor-5] INFO  impl.RoleInfo (RoleInfo.java:shutdownFollowerState(121)) - 1c51b35f-55cb-4636-a00c-83d34bf2d9d4: shutdown FollowerState
2019-10-23 22:22:34,058 [Thread-2844] INFO  impl.FollowerState (FollowerState.java:run(117)) - d21ee1f1-33f6-483c-a18b-27782ce1915a@group-F043E0AED0ED-FollowerState was interrupted: java.lang.InterruptedException: sleep interrupted
2019-10-23 22:22:34,058 [grpc-default-executor-3] INFO  impl.RoleInfo (RoleInfo.java:updateAndGet(143)) - d21ee1f1-33f6-483c-a18b-27782ce1915a: start FollowerState
2019-10-23 22:22:34,058 [grpc-default-executor-5] INFO  impl.RoleInfo (RoleInfo.java:updateAndGet(143)) - 1c51b35f-55cb-4636-a00c-83d34bf2d9d4: start FollowerState
2019-10-23 22:22:34,058 [Thread-2845] INFO  impl.FollowerState (FollowerState.java:run(117)) - 1c51b35f-55cb-4636-a00c-83d34bf2d9d4@group-F043E0AED0ED-FollowerState was interrupted: java.lang.InterruptedException: sleep interrupted
2019-10-23 22:22:34,063 [aed1b97f-105e-4684-b087-4b6333aa3ced@group-F043E0AED0ED-LeaderElection387] INFO  impl.LeaderElection (LeaderElection.java:logAndReturn(56)) - aed1b97f-105e-4684-b087-4b6333aa3ced@group-F043E0AED0ED-LeaderElection387: Election REJECTED; received 2 response(s) [aed1b97f-105e-4684-b087-4b6333aa3ced<-1c51b35f-55cb-4636-a00c-83d34bf2d9d4#0:FAIL-t434, aed1b97f-105e-4684-b087-4b6333aa3ced<-d21ee1f1-33f6-483c-a18b-27782ce1915a#0:FAIL-t434] and 0 exception(s); aed1b97f-105e-4684-b087-4b6333aa3ced@group-F043E0AED0ED:t434, leader=null, voted=aed1b97f-105e-4684-b087-4b6333aa3ced, raftlog=aed1b97f-105e-4684-b087-4b6333aa3ced@group-F043E0AED0ED-SegmentedRaftLog:OPENED:c-1,f-1,i0, conf=-1: [aed1b97f-105e-4684-b087-4b6333aa3ced:192.168.157.195:34943, 1c51b35f-55cb-4636-a00c-83d34bf2d9d4:192.168.157.195:34693, d21ee1f1-33f6-483c-a18b-27782ce1915a:192.168.157.195:46462], old=null
2019-10-23 22:22:34,064 [aed1b97f-105e-4684-b087-4b6333aa3ced@group-F043E0AED0ED-LeaderElection387] INFO  impl.RaftServerImpl (RaftServerImpl.java:setRole(184)) - aed1b97f-105e-4684-b087-4b6333aa3ced@group-F043E0AED0ED: changes role from CANDIDATE to FOLLOWER at term 434 for DISCOVERED_A_NEW_TERM
2019-10-23 22:22:34,064 [aed1b97f-105e-4684-b087-4b6333aa3ced@group-F043E0AED0ED-LeaderElection387] INFO  impl.RoleInfo (RoleInfo.java:shutdownLeaderElection(134)) - aed1b97f-105e-4684-b087-4b6333aa3ced: shutdown LeaderElection
2019-10-23 22:22:34,064 [aed1b97f-105e-4684-b087-4b6333aa3ced@group-F043E0AED0ED-LeaderElection387] INFO  impl.RoleInfo (RoleInfo.java:updateAndGet(143)) - aed1b97f-105e-4684-b087-4b6333aa3ced: start FollowerState
2019-10-23 22:22:34,074 [Thread-2853] INFO  impl.FollowerState (FollowerState.java:run(108)) - aed1b97f-105e-4684-b087-4b6333aa3ced@group-F043E0AED0ED-FollowerState: change to CANDIDATE, lastRpcTime:10ms, electionTimeout:10ms
2019-10-23 22:22:34,074 [Thread-2853] INFO  impl.RoleInfo (RoleInfo.java:shutdownFollowerState(121)) - aed1b97f-105e-4684-b087-4b6333aa3ced: shutdown FollowerState
2019-10-23 22:22:34,074 [Thread-2853] INFO  impl.RaftServerImpl (RaftServerImpl.java:setRole(184)) - aed1b97f-105e-4684-b087-4b6333aa3ced@group-F043E0AED0ED: changes role from  FOLLOWER to CANDIDATE at term 434 for changeToCandidate
2019-10-23 22:22:34,074 [Thread-2853] INFO  impl.RoleInfo (RoleInfo.java:updateAndGet(143)) - aed1b97f-105e-4684-b087-4b6333aa3ced: start LeaderElection
2019-10-23 22:22:34,087 [aed1b97f-105e-4684-b087-4b6333aa3ced@group-F043E0AED0ED-LeaderElection388] INFO  impl.LeaderElection (LeaderElection.java:askForVotes(178)) - aed1b97f-105e-4684-b087-4b6333aa3ced@group-F043E0AED0ED-LeaderElection388: begin an election at term 435 for -1: [aed1b97f-105e-4684-b087-4b6333aa3ced:192.168.157.195:34943, 1c51b35f-55cb-4636-a00c-83d34bf2d9d4:192.168.157.195:34693, d21ee1f1-33f6-483c-a18b-27782ce1915a:192.168.157.195:46462], old=null
2019-10-23 22:22:34,089 [grpc-default-executor-3] INFO  impl.RaftServerImpl (RaftServerImpl.java:setRole(184)) - 1c51b35f-55cb-4636-a00c-83d34bf2d9d4@group-F043E0AED0ED: changes role from  FOLLOWER to FOLLOWER at term 435 for recognizeCandidate:aed1b97f-105e-4684-b087-4b6333aa3ced
2019-10-23 22:22:34,089 [grpc-default-executor-3] INFO  impl.RoleInfo (RoleInfo.java:shutdownFollowerState(121)) - 1c51b35f-55cb-4636-a00c-83d34bf2d9d4: shutdown FollowerState
2019-10-23 22:22:34,089 [grpc-default-executor-5] INFO  impl.RaftServerImpl (RaftServerImpl.java:setRole(184)) - d21ee1f1-33f6-483c-a18b-27782ce1915a@group-F043E0AED0ED: changes role from  FOLLOWER to FOLLOWER at term 435 for recognizeCandidate:aed1b97f-105e-4684-b087-4b6333aa3ced
2019-10-23 22:22:34,089 [grpc-default-executor-5] INFO  impl.RoleInfo (RoleInfo.java:shutdownFollowerState(121)) - d21ee1f1-33f6-483c-a18b-27782ce1915a: shutdown FollowerState
2019-10-23 22:22:34,089 [Thread-2852] INFO  impl.FollowerState (FollowerState.java:run(117)) - 1c51b35f-55cb-4636-a00c-83d34bf2d9d4@group-F043E0AED0ED-FollowerState was interrupted: java.lang.InterruptedException: sleep interrupted
2019-10-23 22:22:34,089 [grpc-default-executor-3] INFO  impl.RoleInfo (RoleInfo.java:updateAndGet(143)) - 1c51b35f-55cb-4636-a00c-83d34bf2d9d4: start FollowerState
2019-10-23 22:22:34,089 [Thread-2851] INFO  impl.FollowerState (FollowerState.java:run(117)) - d21ee1f1-33f6-483c-a18b-27782ce1915a@group-F043E0AED0ED-FollowerState was interrupted: java.lang.InterruptedException: sleep interrupted
2019-10-23 22:22:34,089 [grpc-default-executor-5] INFO  impl.RoleInfo (RoleInfo.java:updateAndGet(143)) - d21ee1f1-33f6-483c-a18b-27782ce1915a: start FollowerState
2019-10-23 22:22:34,103 [aed1b97f-105e-4684-b087-4b6333aa3ced@group-F043E0AED0ED-LeaderElection388] INFO  impl.LeaderElection (LeaderElection.java:logAndReturn(56)) - aed1b97f-105e-4684-b087-4b6333aa3ced@group-F043E0AED0ED-LeaderElection388: Election REJECTED; received 2 response(s) [aed1b97f-105e-4684-b087-4b6333aa3ced<-1c51b35f-55cb-4636-a00c-83d34bf2d9d4#0:FAIL-t435, aed1b97f-105e-4684-b087-4b6333aa3ced<-d21ee1f1-33f6-483c-a18b-27782ce1915a#0:FAIL-t435] and 0 exception(s); aed1b97f-105e-4684-b087-4b6333aa3ced@group-F043E0AED0ED:t435, leader=null, voted=aed1b97f-105e-4684-b087-4b6333aa3ced, raftlog=aed1b97f-105e-4684-b087-4b6333aa3ced@group-F043E0AED0ED-SegmentedRaftLog:OPENED:c-1,f-1,i0, conf=-1: [aed1b97f-105e-4684-b087-4b6333aa3ced:192.168.157.195:34943, 1c51b35f-55cb-4636-a00c-83d34bf2d9d4:192.168.157.195:34693, d21ee1f1-33f6-483c-a18b-27782ce1915a:192.168.157.195:46462], old=null
2019-10-23 22:22:34,103 [aed1b97f-105e-4684-b087-4b6333aa3ced@group-F043E0AED0ED-LeaderElection388] INFO  impl.RaftServerImpl (RaftServerImpl.java:setRole(184)) - aed1b97f-105e-4684-b087-4b6333aa3ced@group-F043E0AED0ED: changes role from CANDIDATE to FOLLOWER at term 435 for DISCOVERED_A_NEW_TERM
2019-10-23 22:22:34,103 [aed1b97f-105e-4684-b087-4b6333aa3ced@group-F043E0AED0ED-LeaderElection388] INFO  impl.RoleInfo (RoleInfo.java:shutdownLeaderElection(134)) - aed1b97f-105e-4684-b087-4b6333aa3ced: shutdown LeaderElection
2019-10-23 22:22:34,103 [aed1b97f-105e-4684-b087-4b6333aa3ced@group-F043E0AED0ED-LeaderElection388] INFO  impl.RoleInfo (RoleInfo.java:updateAndGet(143)) - aed1b97f-105e-4684-b087-4b6333aa3ced: start FollowerState
2019-10-23 22:22:34,144 [Thread-2859] INFO  impl.FollowerState (FollowerState.java:run(108)) - aed1b97f-105e-4684-b087-4b6333aa3ced@group-F043E0AED0ED-FollowerState: change to CANDIDATE, lastRpcTime:40ms, electionTimeout:40ms
2019-10-23 22:22:34,144 [Thread-2859] INFO  impl.RoleInfo (RoleInfo.java:shutdownFollowerState(121)) - aed1b97f-105e-4684-b087-4b6333aa3ced: shutdown FollowerState
2019-10-23 22:22:34,144 [Thread-2859] INFO  impl.RaftServerImpl (RaftServerImpl.java:setRole(184)) - aed1b97f-105e-4684-b087-4b6333aa3ced@group-F043E0AED0ED: changes role from  FOLLOWER to CANDIDATE at term 435 for changeToCandidate
2019-10-23 22:22:34,144 [Thread-2859] INFO  impl.RoleInfo (RoleInfo.java:updateAndGet(143)) - aed1b97f-105e-4684-b087-4b6333aa3ced: start LeaderElection
2019-10-23 22:22:34,157 [aed1b97f-105e-4684-b087-4b6333aa3ced@group-F043E0AED0ED-LeaderElection389] INFO  impl.LeaderElection (LeaderElection.java:askForVotes(178)) - aed1b97f-105e-4684-b087-4b6333aa3ced@group-F043E0AED0ED-LeaderElection389: begin an election at term 436 for -1: [aed1b97f-105e-4684-b087-4b6333aa3ced:192.168.157.195:34943, 1c51b35f-55cb-4636-a00c-83d34bf2d9d4:192.168.157.195:34693, d21ee1f1-33f6-483c-a18b-27782ce1915a:192.168.157.195:46462], old=null
2019-10-23 22:22:34,159 [grpc-default-executor-5] INFO  impl.RaftServerImpl (RaftServerImpl.java:setRole(184)) - 1c51b35f-55cb-4636-a00c-83d34bf2d9d4@group-F043E0AED0ED: changes role from  FOLLOWER to FOLLOWER at term 436 for recognizeCandidate:aed1b97f-105e-4684-b087-4b6333aa3ced
2019-10-23 22:22:34,159 [grpc-default-executor-5] INFO  impl.RoleInfo (RoleInfo.java:shutdownFollowerState(121)) - 1c51b35f-55cb-4636-a00c-83d34bf2d9d4: shutdown FollowerState
2019-10-23 22:22:34,159 [grpc-default-executor-3] INFO  impl.RaftServerImpl (RaftServerImpl.java:setRole(184)) - d21ee1f1-33f6-483c-a18b-27782ce1915a@group-F043E0AED0ED: changes role from  FOLLOWER to FOLLOWER at term 436 for recognizeCandidate:aed1b97f-105e-4684-b087-4b6333aa3ced
2019-10-23 22:22:34,159 [grpc-default-executor-3] INFO  impl.RoleInfo (RoleInfo.java:shutdownFollowerState(121)) - d21ee1f1-33f6-483c-a18b-27782ce1915a: shutdown FollowerState
2019-10-23 22:22:34,159 [Thread-2857] INFO  impl.FollowerState (FollowerState.java:run(117)) - 1c51b35f-55cb-4636-a00c-83d34bf2d9d4@group-F043E0AED0ED-FollowerState was interrupted: java.lang.InterruptedException: sleep interrupted
2019-10-23 22:22:34,159 [Thread-2858] INFO  impl.FollowerState (FollowerState.java:run(117)) - d21ee1f1-33f6-483c-a18b-27782ce1915a@group-F043E0AED0ED-FollowerState was interrupted: java.lang.InterruptedException: sleep interrupted
2019-10-23 22:22:34,159 [grpc-default-executor-5] INFO  impl.RoleInfo (RoleInfo.java:updateAndGet(143)) - 1c51b35f-55cb-4636-a00c-83d34bf2d9d4: start FollowerState
2019-10-23 22:22:34,159 [grpc-default-executor-3] INFO  impl.RoleInfo (RoleInfo.java:updateAndGet(143)) - d21ee1f1-33f6-483c-a18b-27782ce1915a: start FollowerState
2019-10-23 22:22:34,174 [aed1b97f-105e-4684-b087-4b6333aa3ced@group-F043E0AED0ED-LeaderElection389] INFO  impl.LeaderElection (LeaderElection.java:logAndReturn(56)) - aed1b97f-105e-4684-b087-4b6333aa3ced@group-F043E0AED0ED-LeaderElection389: Election REJECTED; received 2 response(s) [aed1b97f-105e-4684-b087-4b6333aa3ced<-1c51b35f-55cb-4636-a00c-83d34bf2d9d4#0:FAIL-t436, aed1b97f-105e-4684-b087-4b6333aa3ced<-d21ee1f1-33f6-483c-a18b-27782ce1915a#0:FAIL-t436] and 0 exception(s); aed1b97f-105e-4684-b087-4b6333aa3ced@group-F043E0AED0ED:t436, leader=null, voted=aed1b97f-105e-4684-b087-4b6333aa3ced, raftlog=aed1b97f-105e-4684-b087-4b6333aa3ced@group-F043E0AED0ED-SegmentedRaftLog:OPENED:c-1,f-1,i0, conf=-1: [aed1b97f-105e-4684-b087-4b6333aa3ced:192.168.157.195:34943, 1c51b35f-55cb-4636-a00c-83d34bf2d9d4:192.168.157.195:34693, d21ee1f1-33f6-483c-a18b-27782ce1915a:192.168.157.195:46462], old=null
2019-10-23 22:22:34,174 [aed1b97f-105e-4684-b087-4b6333aa3ced@group-F043E0AED0ED-LeaderElection389] INFO  impl.RaftServerImpl (RaftServerImpl.java:setRole(184)) - aed1b97f-105e-4684-b087-4b6333aa3ced@group-F043E0AED0ED: changes role from CANDIDATE to FOLLOWER at term 436 for DISCOVERED_A_NEW_TERM
2019-10-23 22:22:34,174 [aed1b97f-105e-4684-b087-4b6333aa3ced@group-F043E0AED0ED-LeaderElection389] INFO  impl.RoleInfo (RoleInfo.java:shutdownLeaderElection(134)) - aed1b97f-105e-4684-b087-4b6333aa3ced: shutdown LeaderElection
2019-10-23 22:22:34,174 [aed1b97f-105e-4684-b087-4b6333aa3ced@group-F043E0AED0ED-LeaderElection389] INFO  impl.RoleInfo (RoleInfo.java:updateAndGet(143)) - aed1b97f-105e-4684-b087-4b6333aa3ced: start FollowerState
2019-10-23 22:22:34,235 [Thread-2865] INFO  impl.FollowerState (FollowerState.java:run(108)) - aed1b97f-105e-4684-b087-4b6333aa3ced@group-F043E0AED0ED-FollowerState: change to CANDIDATE, lastRpcTime:60ms, electionTimeout:60ms
2019-10-23 22:22:34,235 [Thread-2865] INFO  impl.RoleInfo (RoleInfo.java:shutdownFollowerState(121)) - aed1b97f-105e-4684-b087-4b6333aa3ced: shutdown FollowerState
2019-10-23 22:22:34,235 [Thread-2865] INFO  impl.RaftServerImpl (RaftServerImpl.java:setRole(184)) - aed1b97f-105e-4684-b087-4b6333aa3ced@group-F043E0AED0ED: changes role from  FOLLOWER to CANDIDATE at term 436 for changeToCandidate
2019-10-23 22:22:34,235 [Thread-2865] INFO  impl.RoleInfo (RoleInfo.java:updateAndGet(143)) - aed1b97f-105e-4684-b087-4b6333aa3ced: start LeaderElection
2019-10-23 22:22:34,248 [aed1b97f-105e-4684-b087-4b6333aa3ced@group-F043E0AED0ED-LeaderElection390] INFO  impl.LeaderElection (LeaderElection.java:askForVotes(178)) - aed1b97f-105e-4684-b087-4b6333aa3ced@group-F043E0AED0ED-LeaderElection390: begin an election at term 437 for -1: [aed1b97f-105e-4684-b087-4b6333aa3ced:192.168.157.195:34943, 1c51b35f-55cb-4636-a00c-83d34bf2d9d4:192.168.157.195:34693, d21ee1f1-33f6-483c-a18b-27782ce1915a:192.168.157.195:46462], old=null
2019-10-23 22:22:34,250 [grpc-default-executor-3] INFO  impl.RaftServerImpl (RaftServerImpl.java:setRole(184)) - 1c51b35f-55cb-4636-a00c-83d34bf2d9d4@group-F043E0AED0ED: changes role from  FOLLOWER to FOLLOWER at term 437 for recognizeCandidate:aed1b97f-105e-4684-b087-4b6333aa3ced
2019-10-23 22:22:34,250 [grpc-default-executor-3] INFO  impl.RoleInfo (RoleInfo.java:shutdownFollowerState(121)) - 1c51b35f-55cb-4636-a00c-83d34bf2d9d4: shutdown FollowerState
2019-10-23 22:22:34,250 [grpc-default-executor-5] INFO  impl.RaftServerImpl (RaftServerImpl.java:setRole(184)) - d21ee1f1-33f6-483c-a18b-27782ce1915a@group-F043E0AED0ED: changes role from  FOLLOWER to FOLLOWER at term 437 for recognizeCandidate:aed1b97f-105e-4684-b087-4b6333aa3ced
2019-10-23 22:22:34,250 [grpc-default-executor-5] INFO  impl.RoleInfo (RoleInfo.java:shutdownFollowerState(121)) - d21ee1f1-33f6-483c-a18b-27782ce1915a: shutdown FollowerState
2019-10-23 22:22:34,250 [Thread-2863] INFO  impl.FollowerState (FollowerState.java:run(117)) - 1c51b35f-55cb-4636-a00c-83d34bf2d9d4@group-F043E0AED0ED-FollowerState was interrupted: java.lang.InterruptedException: sleep interrupted
2019-10-23 22:22:34,250 [Thread-2864] INFO  impl.FollowerState (FollowerState.java:run(117)) - d21ee1f1-33f6-483c-a18b-27782ce1915a@group-F043E0AED0ED-FollowerState was interrupted: java.lang.InterruptedException: sleep interrupted
2019-10-23 22:22:34,250 [grpc-default-executor-3] INFO  impl.RoleInfo (RoleInfo.java:updateAndGet(143)) - 1c51b35f-55cb-4636-a00c-83d34bf2d9d4: start FollowerState
2019-10-23 22:22:34,250 [grpc-default-executor-5] INFO  impl.RoleInfo (RoleInfo.java:updateAndGet(143)) - d21ee1f1-33f6-483c-a18b-27782ce1915a: start FollowerState
2019-10-23 22:22:34,265 [aed1b97f-105e-4684-b087-4b6333aa3ced@group-F043E0AED0ED-LeaderElection390] INFO  impl.LeaderElection (LeaderElection.java:logAndReturn(56)) - aed1b97f-105e-4684-b087-4b6333aa3ced@group-F043E0AED0ED-LeaderElection390: Election REJECTED; received 2 response(s) [aed1b97f-105e-4684-b087-4b6333aa3ced<-1c51b35f-55cb-4636-a00c-83d34bf2d9d4#0:FAIL-t437, aed1b97f-105e-4684-b087-4b6333aa3ced<-d21ee1f1-33f6-483c-a18b-27782ce1915a#0:FAIL-t437] and 0 exception(s); aed1b97f-105e-4684-b087-4b6333aa3ced@group-F043E0AED0ED:t437, leader=null, voted=aed1b97f-105e-4684-b087-4b6333aa3ced, raftlog=aed1b97f-105e-4684-b087-4b6333aa3ced@group-F043E0AED0ED-SegmentedRaftLog:OPENED:c-1,f-1,i0, conf=-1: [aed1b97f-105e-4684-b087-4b6333aa3ced:192.168.157.195:34943, 1c51b35f-55cb-4636-a00c-83d34bf2d9d4:192.168.157.195:34693, d21ee1f1-33f6-483c-a18b-27782ce1915a:192.168.157.195:46462], old=null
2019-10-23 22:22:34,265 [aed1b97f-105e-4684-b087-4b6333aa3ced@group-F043E0AED0ED-LeaderElection390] INFO  impl.RaftServerImpl (RaftServerImpl.java:setRole(184)) - aed1b97f-105e-4684-b087-4b6333aa3ced@group-F043E0AED0ED: changes role from CANDIDATE to FOLLOWER at term 437 for DISCOVERED_A_NEW_TERM
2019-10-23 22:22:34,265 [aed1b97f-105e-4684-b087-4b6333aa3ced@group-F043E0AED0ED-LeaderElection390] INFO  impl.RoleInfo (RoleInfo.java:shutdownLeaderElection(134)) - aed1b97f-105e-4684-b087-4b6333aa3ced: shutdown LeaderElection
2019-10-23 22:22:34,265 [aed1b97f-105e-4684-b087-4b6333aa3ced@group-F043E0AED0ED-LeaderElection390] INFO  impl.RoleInfo (RoleInfo.java:updateAndGet(143)) - aed1b97f-105e-4684-b087-4b6333aa3ced: start FollowerState
2019-10-23 22:22:34,417 [Thread-2871] INFO  impl.FollowerState (FollowerState.java:run(108)) - aed1b97f-105e-4684-b087-4b6333aa3ced@group-F043E0AED0ED-FollowerState: change to CANDIDATE, lastRpcTime:151ms, electionTimeout:151ms
2019-10-23 22:22:34,417 [Thread-2871] INFO  impl.RoleInfo (RoleInfo.java:shutdownFollowerState(121)) - aed1b97f-105e-4684-b087-4b6333aa3ced: shutdown FollowerState
2019-10-23 22:22:34,417 [Thread-2871] INFO  impl.RaftServerImpl (RaftServerImpl.java:setRole(184)) - aed1b97f-105e-4684-b087-4b6333aa3ced@group-F043E0AED0ED: changes role from  FOLLOWER to CANDIDATE at term 437 for changeToCandidate
2019-10-23 22:22:34,417 [Thread-2871] INFO  impl.RoleInfo (RoleInfo.java:updateAndGet(143)) - aed1b97f-105e-4684-b087-4b6333aa3ced: start LeaderElection
2019-10-23 22:22:34,442 [aed1b97f-105e-4684-b087-4b6333aa3ced@group-F043E0AED0ED-LeaderElection391] INFO  impl.LeaderElection (LeaderElection.java:askForVotes(178)) - aed1b97f-105e-4684-b087-4b6333aa3ced@group-F043E0AED0ED-LeaderElection391: begin an election at term 438 for -1: [aed1b97f-105e-4684-b087-4b6333aa3ced:192.168.157.195:34943, 1c51b35f-55cb-4636-a00c-83d34bf2d9d4:192.168.157.195:34693, d21ee1f1-33f6-483c-a18b-27782ce1915a:192.168.157.195:46462], old=null
2019-10-23 22:22:34,444 [grpc-default-executor-5] INFO  impl.RaftServerImpl (RaftServerImpl.java:setRole(184)) - 1c51b35f-55cb-4636-a00c-83d34bf2d9d4@group-F043E0AED0ED: changes role from  FOLLOWER to FOLLOWER at term 438 for recognizeCandidate:aed1b97f-105e-4684-b087-4b6333aa3ced
2019-10-23 22:22:34,444 [grpc-default-executor-3] INFO  impl.RaftServerImpl (RaftServerImpl.java:setRole(184)) - d21ee1f1-33f6-483c-a18b-27782ce1915a@group-F043E0AED0ED: changes role from  FOLLOWER to FOLLOWER at term 438 for recognizeCandidate:aed1b97f-105e-4684-b087-4b6333aa3ced
2019-10-23 22:22:34,444 [grpc-default-executor-3] INFO  impl.RoleInfo (RoleInfo.java:shutdownFollowerState(121)) - d21ee1f1-33f6-483c-a18b-27782ce1915a: shutdown FollowerState
2019-10-23 22:22:34,444 [grpc-default-executor-5] INFO  impl.RoleInfo (RoleInfo.java:shutdownFollowerState(121)) - 1c51b35f-55cb-4636-a00c-83d34bf2d9d4: shutdown FollowerState
2019-10-23 22:22:34,444 [Thread-2870] INFO  impl.FollowerState (FollowerState.java:run(117)) - d21ee1f1-33f6-483c-a18b-27782ce1915a@group-F043E0AED0ED-FollowerState was interrupted: java.lang.InterruptedException: sleep interrupted
2019-10-23 22:22:34,444 [grpc-default-executor-3] INFO  impl.RoleInfo (RoleInfo.java:updateAndGet(143)) - d21ee1f1-33f6-483c-a18b-27782ce1915a: start FollowerState
2019-10-23 22:22:34,444 [Thread-2869] INFO  impl.FollowerState (FollowerState.java:run(117)) - 1c51b35f-55cb-4636-a00c-83d34bf2d9d4@group-F043E0AED0ED-FollowerState was interrupted: java.lang.InterruptedException: sleep interrupted
2019-10-23 22:22:34,444 [grpc-default-executor-5] INFO  impl.RoleInfo (RoleInfo.java:updateAndGet(143)) - 1c51b35f-55cb-4636-a00c-83d34bf2d9d4: start FollowerState
2019-10-23 22:22:34,458 [aed1b97f-105e-4684-b087-4b6333aa3ced@group-F043E0AED0ED-LeaderElection391] INFO  impl.LeaderElection (LeaderElection.java:logAndReturn(56)) - aed1b97f-105e-4684-b087-4b6333aa3ced@group-F043E0AED0ED-LeaderElection391: Election REJECTED; received 2 response(s) [aed1b97f-105e-4684-b087-4b6333aa3ced<-1c51b35f-55cb-4636-a00c-83d34bf2d9d4#0:FAIL-t438, aed1b97f-105e-4684-b087-4b6333aa3ced<-d21ee1f1-33f6-483c-a18b-27782ce1915a#0:FAIL-t438] and 0 exception(s); aed1b97f-105e-4684-b087-4b6333aa3ced@group-F043E0AED0ED:t438, leader=null, voted=aed1b97f-105e-4684-b087-4b6333aa3ced, raftlog=aed1b97f-105e-4684-b087-4b6333aa3ced@group-F043E0AED0ED-SegmentedRaftLog:OPENED:c-1,f-1,i0, conf=-1: [aed1b97f-105e-4684-b087-4b6333aa3ced:192.168.157.195:34943, 1c51b35f-55cb-4636-a00c-83d34bf2d9d4:192.168.157.195:34693, d21ee1f1-33f6-483c-a18b-27782ce1915a:192.168.157.195:46462], old=null
2019-10-23 22:22:34,458 [aed1b97f-105e-4684-b087-4b6333aa3ced@group-F043E0AED0ED-LeaderElection391] INFO  impl.RaftServerImpl (RaftServerImpl.java:setRole(184)) - aed1b97f-105e-4684-b087-4b6333aa3ced@group-F043E0AED0ED: changes role from CANDIDATE to FOLLOWER at term 438 for DISCOVERED_A_NEW_TERM
2019-10-23 22:22:34,458 [aed1b97f-105e-4684-b087-4b6333aa3ced@group-F043E0AED0ED-LeaderElection391] INFO  impl.RoleInfo (RoleInfo.java:shutdownLeaderElection(134)) - aed1b97f-105e-4684-b087-4b6333aa3ced: shutdown LeaderElection
2019-10-23 22:22:34,459 [aed1b97f-105e-4684-b087-4b6333aa3ced@group-F043E0AED0ED-LeaderElection391] INFO  impl.RoleInfo (RoleInfo.java:updateAndGet(143)) - aed1b97f-105e-4684-b087-4b6333aa3ced: start FollowerState
2019-10-23 22:22:34,565 [Thread-2877] INFO  impl.FollowerState (FollowerState.java:run(108)) - aed1b97f-105e-4684-b087-4b6333aa3ced@group-F043E0AED0ED-FollowerState: change to CANDIDATE, lastRpcTime:106ms, electionTimeout:106ms
2019-10-23 22:22:34,565 [Thread-2877] INFO  impl.RoleInfo (RoleInfo.java:shutdownFollowerState(121)) - aed1b97f-105e-4684-b087-4b6333aa3ced: shutdown FollowerState
2019-10-23 22:22:34,565 [Thread-2877] INFO  impl.RaftServerImpl (RaftServerImpl.java:setRole(184)) - aed1b97f-105e-4684-b087-4b6333aa3ced@group-F043E0AED0ED: changes role from  FOLLOWER to CANDIDATE at term 438 for changeToCandidate
2019-10-23 22:22:34,565 [Thread-2877] INFO  impl.RoleInfo (RoleInfo.java:updateAndGet(143)) - aed1b97f-105e-4684-b087-4b6333aa3ced: start LeaderElection
2019-10-23 22:22:34,578 [aed1b97f-105e-4684-b087-4b6333aa3ced@group-F043E0AED0ED-LeaderElection392] INFO  impl.LeaderElection (LeaderElection.java:askForVotes(178)) - aed1b97f-105e-4684-b087-4b6333aa3ced@group-F043E0AED0ED-LeaderElection392: begin an election at term 439 for -1: [aed1b97f-105e-4684-b087-4b6333aa3ced:192.168.157.195:34943, 1c51b35f-55cb-4636-a00c-83d34bf2d9d4:192.168.157.195:34693, d21ee1f1-33f6-483c-a18b-27782ce1915a:192.168.157.195:46462], old=null
2019-10-23 22:22:34,580 [grpc-default-executor-3] INFO  impl.RaftServerImpl (RaftServerImpl.java:setRole(184)) - 1c51b35f-55cb-4636-a00c-83d34bf2d9d4@group-F043E0AED0ED: changes role from  FOLLOWER to FOLLOWER at term 439 for recognizeCandidate:aed1b97f-105e-4684-b087-4b6333aa3ced
2019-10-23 22:22:34,580 [grpc-default-executor-3] INFO  impl.RoleInfo (RoleInfo.java:shutdownFollowerState(121)) - 1c51b35f-55cb-4636-a00c-83d34bf2d9d4: shutdown FollowerState
2019-10-23 22:22:34,580 [grpc-default-executor-5] INFO  impl.RaftServerImpl (RaftServerImpl.java:setRole(184)) - d21ee1f1-33f6-483c-a18b-27782ce1915a@group-F043E0AED0ED: changes role from  FOLLOWER to FOLLOWER at term 439 for recognizeCandidate:aed1b97f-105e-4684-b087-4b6333aa3ced
2019-10-23 22:22:34,580 [grpc-default-executor-5] INFO  impl.RoleInfo (RoleInfo.java:shutdownFollowerState(121)) - d21ee1f1-33f6-483c-a18b-27782ce1915a: shutdown FollowerState
2019-10-23 22:22:34,580 [grpc-default-executor-3] INFO  impl.RoleInfo (RoleInfo.java:updateAndGet(143)) - 1c51b35f-55cb-4636-a00c-83d34bf2d9d4: start FollowerState
2019-10-23 22:22:34,580 [Thread-2876] INFO  impl.FollowerState (FollowerState.java:run(117)) - 1c51b35f-55cb-4636-a00c-83d34bf2d9d4@group-F043E0AED0ED-FollowerState was interrupted: java.lang.InterruptedException: sleep interrupted
2019-10-23 22:22:34,580 [grpc-default-executor-5] INFO  impl.RoleInfo (RoleInfo.java:updateAndGet(143)) - d21ee1f1-33f6-483c-a18b-27782ce1915a: start FollowerState
2019-10-23 22:22:34,580 [Thread-2875] INFO  impl.FollowerState (FollowerState.java:run(117)) - d21ee1f1-33f6-483c-a18b-27782ce1915a@group-F043E0AED0ED-FollowerState was interrupted: java.lang.InterruptedException: sleep interrupted
2019-10-23 22:22:34,595 [aed1b97f-105e-4684-b087-4b6333aa3ced@group-F043E0AED0ED-LeaderElection392] INFO  impl.LeaderElection (LeaderElection.java:logAndReturn(56)) - aed1b97f-105e-4684-b087-4b6333aa3ced@group-F043E0AED0ED-LeaderElection392: Election REJECTED; received 2 response(s) [aed1b97f-105e-4684-b087-4b6333aa3ced<-1c51b35f-55cb-4636-a00c-83d34bf2d9d4#0:FAIL-t439, aed1b97f-105e-4684-b087-4b6333aa3ced<-d21ee1f1-33f6-483c-a18b-27782ce1915a#0:FAIL-t439] and 0 exception(s); aed1b97f-105e-4684-b087-4b6333aa3ced@group-F043E0AED0ED:t439, leader=null, voted=aed1b97f-105e-4684-b087-4b6333aa3ced, raftlog=aed1b97f-105e-4684-b087-4b6333aa3ced@group-F043E0AED0ED-SegmentedRaftLog:OPENED:c-1,f-1,i0, conf=-1: [aed1b97f-105e-4684-b087-4b6333aa3ced:192.168.157.195:34943, 1c51b35f-55cb-4636-a00c-83d34bf2d9d4:192.168.157.195:34693, d21ee1f1-33f6-483c-a18b-27782ce1915a:192.168.157.195:46462], old=null
2019-10-23 22:22:34,595 [aed1b97f-105e-4684-b087-4b6333aa3ced@group-F043E0AED0ED-LeaderElection392] INFO  impl.RaftServerImpl (RaftServerImpl.java:setRole(184)) - aed1b97f-105e-4684-b087-4b6333aa3ced@group-F043E0AED0ED: changes role from CANDIDATE to FOLLOWER at term 439 for DISCOVERED_A_NEW_TERM
2019-10-23 22:22:34,595 [aed1b97f-105e-4684-b087-4b6333aa3ced@group-F043E0AED0ED-LeaderElection392] INFO  impl.RoleInfo (RoleInfo.java:shutdownLeaderElection(134)) - aed1b97f-105e-4684-b087-4b6333aa3ced: shutdown LeaderElection
2019-10-23 22:22:34,595 [aed1b97f-105e-4684-b087-4b6333aa3ced@group-F043E0AED0ED-LeaderElection392] INFO  impl.RoleInfo (RoleInfo.java:updateAndGet(143)) - aed1b97f-105e-4684-b087-4b6333aa3ced: start FollowerState
2019-10-23 22:22:34,652 [Thread-2885] INFO  impl.FollowerState (FollowerState.java:run(108)) - aed1b97f-105e-4684-b087-4b6333aa3ced@group-F043E0AED0ED-FollowerState: change to CANDIDATE, lastRpcTime:56ms, electionTimeout:56ms
2019-10-23 22:22:34,652 [Thread-2885] INFO  impl.RoleInfo (RoleInfo.java:shutdownFollowerState(121)) - aed1b97f-105e-4684-b087-4b6333aa3ced: shutdown FollowerState
2019-10-23 22:22:34,652 [Thread-2885] INFO  impl.RaftServerImpl (RaftServerImpl.java:setRole(184)) - aed1b97f-105e-4684-b087-4b6333aa3ced@group-F043E0AED0ED: changes role from  FOLLOWER to CANDIDATE at term 439 for changeToCandidate
2019-10-23 22:22:34,652 [Thread-2885] INFO  impl.RoleInfo (RoleInfo.java:updateAndGet(143)) - aed1b97f-105e-4684-b087-4b6333aa3ced: start LeaderElection
2019-10-23 22:22:34,666 [aed1b97f-105e-4684-b087-4b6333aa3ced@group-F043E0AED0ED-LeaderElection393] INFO  impl.LeaderElection (LeaderElection.java:askForVotes(178)) - aed1b97f-105e-4684-b087-4b6333aa3ced@group-F043E0AED0ED-LeaderElection393: begin an election at term 440 for -1: [aed1b97f-105e-4684-b087-4b6333aa3ced:192.168.157.195:34943, 1c51b35f-55cb-4636-a00c-83d34bf2d9d4:192.168.157.195:34693, d21ee1f1-33f6-483c-a18b-27782ce1915a:192.168.157.195:46462], old=null
2019-10-23 22:22:34,667 [grpc-default-executor-5] INFO  impl.RaftServerImpl (RaftServerImpl.java:setRole(184)) - 1c51b35f-55cb-4636-a00c-83d34bf2d9d4@group-F043E0AED0ED: changes role from  FOLLOWER to FOLLOWER at term 440 for recognizeCandidate:aed1b97f-105e-4684-b087-4b6333aa3ced
2019-10-23 22:22:34,667 [grpc-default-executor-5] INFO  impl.RoleInfo (RoleInfo.java:shutdownFollowerState(121)) - 1c51b35f-55cb-4636-a00c-83d34bf2d9d4: shutdown FollowerState
2019-10-23 22:22:34,667 [grpc-default-executor-3] INFO  impl.RaftServerImpl (RaftServerImpl.java:setRole(184)) - d21ee1f1-33f6-483c-a18b-27782ce1915a@group-F043E0AED0ED: changes role from  FOLLOWER to FOLLOWER at term 440 for recognizeCandidate:aed1b97f-105e-4684-b087-4b6333aa3ced
2019-10-23 22:22:34,668 [grpc-default-executor-3] INFO  impl.RoleInfo (RoleInfo.java:shutdownFollowerState(121)) - d21ee1f1-33f6-483c-a18b-27782ce1915a: shutdown FollowerState
2019-10-23 22:22:34,667 [Thread-2881] INFO  impl.FollowerState (FollowerState.java:run(117)) - 1c51b35f-55cb-4636-a00c-83d34bf2d9d4@group-F043E0AED0ED-FollowerState was interrupted: java.lang.InterruptedException: sleep interrupted
2019-10-23 22:22:34,668 [Thread-2882] INFO  impl.FollowerState (FollowerState.java:run(117)) - d21ee1f1-33f6-483c-a18b-27782ce1915a@group-F043E0AED0ED-FollowerState was interrupted: java.lang.InterruptedException: sleep interrupted
2019-10-23 22:22:34,667 [grpc-default-executor-5] INFO  impl.RoleInfo (RoleInfo.java:updateAndGet(143)) - 1c51b35f-55cb-4636-a00c-83d34bf2d9d4: start FollowerState
2019-10-23 22:22:34,668 [grpc-default-executor-3] INFO  impl.RoleInfo (RoleInfo.java:updateAndGet(143)) - d21ee1f1-33f6-483c-a18b-27782ce1915a: start FollowerState
2019-10-23 22:22:34,687 [aed1b97f-105e-4684-b087-4b6333aa3ced@group-F043E0AED0ED-LeaderElection393] INFO  impl.LeaderElection (LeaderElection.java:logAndReturn(56)) - aed1b97f-105e-4684-b087-4b6333aa3ced@group-F043E0AED0ED-LeaderElection393: Election REJECTED; received 2 response(s) [aed1b97f-105e-4684-b087-4b6333aa3ced<-1c51b35f-55cb-4636-a00c-83d34bf2d9d4#0:FAIL-t440, aed1b97f-105e-4684-b087-4b6333aa3ced<-d21ee1f1-33f6-483c-a18b-27782ce1915a#0:FAIL-t440] and 0 exception(s); aed1b97f-105e-4684-b087-4b6333aa3ced@group-F043E0AED0ED:t440, leader=null, voted=aed1b97f-105e-4684-b087-4b6333aa3ced, raftlog=aed1b97f-105e-4684-b087-4b6333aa3ced@group-F043E0AED0ED-SegmentedRaftLog:OPENED:c-1,f-1,i0, conf=-1: [aed1b97f-105e-4684-b087-4b6333aa3ced:192.168.157.195:34943, 1c51b35f-55cb-4636-a00c-83d34bf2d9d4:192.168.157.195:34693, d21ee1f1-33f6-483c-a18b-27782ce1915a:192.168.157.195:46462], old=null
2019-10-23 22:22:34,687 [aed1b97f-105e-4684-b087-4b6333aa3ced@group-F043E0AED0ED-LeaderElection393] INFO  impl.RaftServerImpl (RaftServerImpl.java:setRole(184)) - aed1b97f-105e-4684-b087-4b6333aa3ced@group-F043E0AED0ED: changes role from CANDIDATE to FOLLOWER at term 440 for DISCOVERED_A_NEW_TERM
2019-10-23 22:22:34,688 [aed1b97f-105e-4684-b087-4b6333aa3ced@group-F043E0AED0ED-LeaderElection393] INFO  impl.RoleInfo (RoleInfo.java:shutdownLeaderElection(134)) - aed1b97f-105e-4684-b087-4b6333aa3ced: shutdown LeaderElection
2019-10-23 22:22:34,688 [aed1b97f-105e-4684-b087-4b6333aa3ced@group-F043E0AED0ED-LeaderElection393] INFO  impl.RoleInfo (RoleInfo.java:updateAndGet(143)) - aed1b97f-105e-4684-b087-4b6333aa3ced: start FollowerState
2019-10-23 22:22:34,700 [Thread-2891] INFO  impl.FollowerState (FollowerState.java:run(108)) - aed1b97f-105e-4684-b087-4b6333aa3ced@group-F043E0AED0ED-FollowerState: change to CANDIDATE, lastRpcTime:12ms, electionTimeout:12ms
2019-10-23 22:22:34,700 [Thread-2891] INFO  impl.RoleInfo (RoleInfo.java:shutdownFollowerState(121)) - aed1b97f-105e-4684-b087-4b6333aa3ced: shutdown FollowerState
2019-10-23 22:22:34,700 [Thread-2891] INFO  impl.RaftServerImpl (RaftServerImpl.java:setRole(184)) - aed1b97f-105e-4684-b087-4b6333aa3ced@group-F043E0AED0ED: changes role from  FOLLOWER to CANDIDATE at term 440 for changeToCandidate
2019-10-23 22:22:34,700 [Thread-2891] INFO  impl.RoleInfo (RoleInfo.java:updateAndGet(143)) - aed1b97f-105e-4684-b087-4b6333aa3ced: start LeaderElection
2019-10-23 22:22:34,726 [aed1b97f-105e-4684-b087-4b6333aa3ced@group-F043E0AED0ED-LeaderElection394] INFO  impl.LeaderElection (LeaderElection.java:askForVotes(178)) - aed1b97f-105e-4684-b087-4b6333aa3ced@group-F043E0AED0ED-LeaderElection394: begin an election at term 441 for -1: [aed1b97f-105e-4684-b087-4b6333aa3ced:192.168.157.195:34943, 1c51b35f-55cb-4636-a00c-83d34bf2d9d4:192.168.157.195:34693, d21ee1f1-33f6-483c-a18b-27782ce1915a:192.168.157.195:46462], old=null
2019-10-23 22:22:34,727 [grpc-default-executor-5] INFO  impl.RaftServerImpl (RaftServerImpl.java:setRole(184)) - 1c51b35f-55cb-4636-a00c-83d34bf2d9d4@group-F043E0AED0ED: changes role from  FOLLOWER to FOLLOWER at term 441 for recognizeCandidate:aed1b97f-105e-4684-b087-4b6333aa3ced
2019-10-23 22:22:34,728 [grpc-default-executor-5] INFO  impl.RoleInfo (RoleInfo.java:shutdownFollowerState(121)) - 1c51b35f-55cb-4636-a00c-83d34bf2d9d4: shutdown FollowerState
2019-10-23 22:22:34,728 [grpc-default-executor-3] INFO  impl.RaftServerImpl (RaftServerImpl.java:setRole(184)) - d21ee1f1-33f6-483c-a18b-27782ce1915a@group-F043E0AED0ED: changes role from  FOLLOWER to FOLLOWER at term 441 for recognizeCandidate:aed1b97f-105e-4684-b087-4b6333aa3ced
2019-10-23 22:22:34,728 [Thread-2889] INFO  impl.FollowerState (FollowerState.java:run(117)) - 1c51b35f-55cb-4636-a00c-83d34bf2d9d4@group-F043E0AED0ED-FollowerState was interrupted: java.lang.InterruptedException: sleep interrupted
2019-10-23 22:22:34,728 [grpc-default-executor-5] INFO  impl.RoleInfo (RoleInfo.java:updateAndGet(143)) - 1c51b35f-55cb-4636-a00c-83d34bf2d9d4: start FollowerState
2019-10-23 22:22:34,728 [grpc-default-executor-3] INFO  impl.RoleInfo (RoleInfo.java:shutdownFollowerState(121)) - d21ee1f1-33f6-483c-a18b-27782ce1915a: shutdown FollowerState
2019-10-23 22:22:34,728 [grpc-default-executor-3] INFO  impl.RoleInfo (RoleInfo.java:updateAndGet(143)) - d21ee1f1-33f6-483c-a18b-27782ce1915a: start FollowerState
2019-10-23 22:22:34,728 [Thread-2890] INFO  impl.FollowerState (FollowerState.java:run(117)) - d21ee1f1-33f6-483c-a18b-27782ce1915a@group-F043E0AED0ED-FollowerState was interrupted: java.lang.InterruptedException: sleep interrupted
2019-10-23 22:22:34,742 [aed1b97f-105e-4684-b087-4b6333aa3ced@group-F043E0AED0ED-LeaderElection394] INFO  impl.LeaderElection (LeaderElection.java:logAndReturn(56)) - aed1b97f-105e-4684-b087-4b6333aa3ced@group-F043E0AED0ED-LeaderElection394: Election REJECTED; received 2 response(s) [aed1b97f-105e-4684-b087-4b6333aa3ced<-1c51b35f-55cb-4636-a00c-83d34bf2d9d4#0:FAIL-t441, aed1b97f-105e-4684-b087-4b6333aa3ced<-d21ee1f1-33f6-483c-a18b-27782ce1915a#0:FAIL-t441] and 0 exception(s); aed1b97f-105e-4684-b087-4b6333aa3ced@group-F043E0AED0ED:t441, leader=null, voted=aed1b97f-105e-4684-b087-4b6333aa3ced, raftlog=aed1b97f-105e-4684-b087-4b6333aa3ced@group-F043E0AED0ED-SegmentedRaftLog:OPENED:c-1,f-1,i0, conf=-1: [aed1b97f-105e-4684-b087-4b6333aa3ced:192.168.157.195:34943, 1c51b35f-55cb-4636-a00c-83d34bf2d9d4:192.168.157.195:34693, d21ee1f1-33f6-483c-a18b-27782ce1915a:192.168.157.195:46462], old=null
2019-10-23 22:22:34,742 [aed1b97f-105e-4684-b087-4b6333aa3ced@group-F043E0AED0ED-LeaderElection394] INFO  impl.RaftServerImpl (RaftServerImpl.java:setRole(184)) - aed1b97f-105e-4684-b087-4b6333aa3ced@group-F043E0AED0ED: changes role from CANDIDATE to FOLLOWER at term 441 for DISCOVERED_A_NEW_TERM
2019-10-23 22:22:34,742 [aed1b97f-105e-4684-b087-4b6333aa3ced@group-F043E0AED0ED-LeaderElection394] INFO  impl.RoleInfo (RoleInfo.java:shutdownLeaderElection(134)) - aed1b97f-105e-4684-b087-4b6333aa3ced: shutdown LeaderElection
2019-10-23 22:22:34,742 [aed1b97f-105e-4684-b087-4b6333aa3ced@group-F043E0AED0ED-LeaderElection394] INFO  impl.RoleInfo (RoleInfo.java:updateAndGet(143)) - aed1b97f-105e-4684-b087-4b6333aa3ced: start FollowerState
2019-10-23 22:22:34,886 [Thread-2897] INFO  impl.FollowerState (FollowerState.java:run(108)) - aed1b97f-105e-4684-b087-4b6333aa3ced@group-F043E0AED0ED-FollowerState: change to CANDIDATE, lastRpcTime:143ms, electionTimeout:143ms
2019-10-23 22:22:34,886 [Thread-2897] INFO  impl.RoleInfo (RoleInfo.java:shutdownFollowerState(121)) - aed1b97f-105e-4684-b087-4b6333aa3ced: shutdown FollowerState
2019-10-23 22:22:34,886 [Thread-2897] INFO  impl.RaftServerImpl (RaftServerImpl.java:setRole(184)) - aed1b97f-105e-4684-b087-4b6333aa3ced@group-F043E0AED0ED: changes role from  FOLLOWER to CANDIDATE at term 441 for changeToCandidate
2019-10-23 22:22:34,886 [Thread-2897] INFO  impl.RoleInfo (RoleInfo.java:updateAndGet(143)) - aed1b97f-105e-4684-b087-4b6333aa3ced: start LeaderElection
2019-10-23 22:22:34,899 [aed1b97f-105e-4684-b087-4b6333aa3ced@group-F043E0AED0ED-LeaderElection395] INFO  impl.LeaderElection (LeaderElection.java:askForVotes(178)) - aed1b97f-105e-4684-b087-4b6333aa3ced@group-F043E0AED0ED-LeaderElection395: begin an election at term 442 for -1: [aed1b97f-105e-4684-b087-4b6333aa3ced:192.168.157.195:34943, 1c51b35f-55cb-4636-a00c-83d34bf2d9d4:192.168.157.195:34693, d21ee1f1-33f6-483c-a18b-27782ce1915a:192.168.157.195:46462], old=null
2019-10-23 22:22:34,901 [grpc-default-executor-3] INFO  impl.RaftServerImpl (RaftServerImpl.java:setRole(184)) - d21ee1f1-33f6-483c-a18b-27782ce1915a@group-F043E0AED0ED: changes role from  FOLLOWER to FOLLOWER at term 442 for recognizeCandidate:aed1b97f-105e-4684-b087-4b6333aa3ced
2019-10-23 22:22:34,901 [grpc-default-executor-3] INFO  impl.RoleInfo (RoleInfo.java:shutdownFollowerState(121)) - d21ee1f1-33f6-483c-a18b-27782ce1915a: shutdown FollowerState
2019-10-23 22:22:34,901 [grpc-default-executor-3] INFO  impl.RoleInfo (RoleInfo.java:updateAndGet(143)) - d21ee1f1-33f6-483c-a18b-27782ce1915a: start FollowerState
2019-10-23 22:22:34,901 [Thread-2896] INFO  impl.FollowerState (FollowerState.java:run(117)) - d21ee1f1-33f6-483c-a18b-27782ce1915a@group-F043E0AED0ED-FollowerState was interrupted: java.lang.InterruptedException: sleep interrupted
2019-10-23 22:22:34,901 [grpc-default-executor-5] INFO  impl.RaftServerImpl (RaftServerImpl.java:setRole(184)) - 1c51b35f-55cb-4636-a00c-83d34bf2d9d4@group-F043E0AED0ED: changes role from  FOLLOWER to FOLLOWER at term 442 for recognizeCandidate:aed1b97f-105e-4684-b087-4b6333aa3ced
2019-10-23 22:22:34,901 [grpc-default-executor-5] INFO  impl.RoleInfo (RoleInfo.java:shutdownFollowerState(121)) - 1c51b35f-55cb-4636-a00c-83d34bf2d9d4: shutdown FollowerState
2019-10-23 22:22:34,902 [grpc-default-executor-5] INFO  impl.RoleInfo (RoleInfo.java:updateAndGet(143)) - 1c51b35f-55cb-4636-a00c-83d34bf2d9d4: start FollowerState
2019-10-23 22:22:34,902 [Thread-2895] INFO  impl.FollowerState (FollowerState.java:run(117)) - 1c51b35f-55cb-4636-a00c-83d34bf2d9d4@group-F043E0AED0ED-FollowerState was interrupted: java.lang.InterruptedException: sleep interrupted
2019-10-23 22:22:34,915 [aed1b97f-105e-4684-b087-4b6333aa3ced@group-F043E0AED0ED-LeaderElection395] INFO  impl.LeaderElection (LeaderElection.java:logAndReturn(56)) - aed1b97f-105e-4684-b087-4b6333aa3ced@group-F043E0AED0ED-LeaderElection395: Election REJECTED; received 2 response(s) [aed1b97f-105e-4684-b087-4b6333aa3ced<-1c51b35f-55cb-4636-a00c-83d34bf2d9d4#0:FAIL-t442, aed1b97f-105e-4684-b087-4b6333aa3ced<-d21ee1f1-33f6-483c-a18b-27782ce1915a#0:FAIL-t442] and 0 exception(s); aed1b97f-105e-4684-b087-4b6333aa3ced@group-F043E0AED0ED:t442, leader=null, voted=aed1b97f-105e-4684-b087-4b6333aa3ced, raftlog=aed1b97f-105e-4684-b087-4b6333aa3ced@group-F043E0AED0ED-SegmentedRaftLog:OPENED:c-1,f-1,i0, conf=-1: [aed1b97f-105e-4684-b087-4b6333aa3ced:192.168.157.195:34943, 1c51b35f-55cb-4636-a00c-83d34bf2d9d4:192.168.157.195:34693, d21ee1f1-33f6-483c-a18b-27782ce1915a:192.168.157.195:46462], old=null
2019-10-23 22:22:34,915 [aed1b97f-105e-4684-b087-4b6333aa3ced@group-F043E0AED0ED-LeaderElection395] INFO  impl.RaftServerImpl (RaftServerImpl.java:setRole(184)) - aed1b97f-105e-4684-b087-4b6333aa3ced@group-F043E0AED0ED: changes role from CANDIDATE to FOLLOWER at term 442 for DISCOVERED_A_NEW_TERM
2019-10-23 22:22:34,915 [aed1b97f-105e-4684-b087-4b6333aa3ced@group-F043E0AED0ED-LeaderElection395] INFO  impl.RoleInfo (RoleInfo.java:shutdownLeaderElection(134)) - aed1b97f-105e-4684-b087-4b6333aa3ced: shutdown LeaderElection
2019-10-23 22:22:34,915 [aed1b97f-105e-4684-b087-4b6333aa3ced@group-F043E0AED0ED-LeaderElection395] INFO  impl.RoleInfo (RoleInfo.java:updateAndGet(143)) - aed1b97f-105e-4684-b087-4b6333aa3ced: start FollowerState
2019-10-23 22:22:34,946 [Thread-2903] INFO  impl.FollowerState (FollowerState.java:run(108)) - aed1b97f-105e-4684-b087-4b6333aa3ced@group-F043E0AED0ED-FollowerState: change to CANDIDATE, lastRpcTime:30ms, electionTimeout:30ms
2019-10-23 22:22:34,946 [Thread-2903] INFO  impl.RoleInfo (RoleInfo.java:shutdownFollowerState(121)) - aed1b97f-105e-4684-b087-4b6333aa3ced: shutdown FollowerState
2019-10-23 22:22:34,946 [Thread-2903] INFO  impl.RaftServerImpl (RaftServerImpl.java:setRole(184)) - aed1b97f-105e-4684-b087-4b6333aa3ced@group-F043E0AED0ED: changes role from  FOLLOWER to CANDIDATE at term 442 for changeToCandidate
2019-10-23 22:22:34,946 [Thread-2903] INFO  impl.RoleInfo (RoleInfo.java:updateAndGet(143)) - aed1b97f-105e-4684-b087-4b6333aa3ced: start LeaderElection
2019-10-23 22:22:34,956 [aed1b97f-105e-4684-b087-4b6333aa3ced@group-F043E0AED0ED-LeaderElection396] INFO  impl.LeaderElection (LeaderElection.java:askForVotes(178)) - aed1b97f-105e-4684-b087-4b6333aa3ced@group-F043E0AED0ED-LeaderElection396: begin an election at term 443 for -1: [aed1b97f-105e-4684-b087-4b6333aa3ced:192.168.157.195:34943, 1c51b35f-55cb-4636-a00c-83d34bf2d9d4:192.168.157.195:34693, d21ee1f1-33f6-483c-a18b-27782ce1915a:192.168.157.195:46462], old=null
2019-10-23 22:22:34,958 [grpc-default-executor-3] INFO  impl.RaftServerImpl (RaftServerImpl.java:setRole(184)) - 1c51b35f-55cb-4636-a00c-83d34bf2d9d4@group-F043E0AED0ED: changes role from  FOLLOWER to FOLLOWER at term 443 for recognizeCandidate:aed1b97f-105e-4684-b087-4b6333aa3ced
2019-10-23 22:22:34,958 [grpc-default-executor-3] INFO  impl.RoleInfo (RoleInfo.java:shutdownFollowerState(121)) - 1c51b35f-55cb-4636-a00c-83d34bf2d9d4: shutdown FollowerState
2019-10-23 22:22:34,958 [grpc-default-executor-3] INFO  impl.RoleInfo (RoleInfo.java:updateAndGet(143)) - 1c51b35f-55cb-4636-a00c-83d34bf2d9d4: start FollowerState
2019-10-23 22:22:34,958 [Thread-2902] INFO  impl.FollowerState (FollowerState.java:run(117)) - 1c51b35f-55cb-4636-a00c-83d34bf2d9d4@group-F043E0AED0ED-FollowerState was interrupted: java.lang.InterruptedException: sleep interrupted
2019-10-23 22:22:34,958 [grpc-default-executor-5] INFO  impl.RaftServerImpl (RaftServerImpl.java:setRole(184)) - d21ee1f1-33f6-483c-a18b-27782ce1915a@group-F043E0AED0ED: changes role from  FOLLOWER to FOLLOWER at term 443 for recognizeCandidate:aed1b97f-105e-4684-b087-4b6333aa3ced
2019-10-23 22:22:34,959 [grpc-default-executor-5] INFO  impl.RoleInfo (RoleInfo.java:shutdownFollowerState(121)) - d21ee1f1-33f6-483c-a18b-27782ce1915a: shutdown FollowerState
2019-10-23 22:22:34,959 [grpc-default-executor-5] INFO  impl.RoleInfo (RoleInfo.java:updateAndGet(143)) - d21ee1f1-33f6-483c-a18b-27782ce1915a: start FollowerState
2019-10-23 22:22:34,959 [Thread-2901] INFO  impl.FollowerState (FollowerState.java:run(117)) - d21ee1f1-33f6-483c-a18b-27782ce1915a@group-F043E0AED0ED-FollowerState was interrupted: java.lang.InterruptedException: sleep interrupted
2019-10-23 22:22:34,973 [aed1b97f-105e-4684-b087-4b6333aa3ced@group-F043E0AED0ED-LeaderElection396] INFO  impl.LeaderElection (LeaderElection.java:logAndReturn(56)) - aed1b97f-105e-4684-b087-4b6333aa3ced@group-F043E0AED0ED-LeaderElection396: Election REJECTED; received 2 response(s) [aed1b97f-105e-4684-b087-4b6333aa3ced<-1c51b35f-55cb-4636-a00c-83d34bf2d9d4#0:FAIL-t443, aed1b97f-105e-4684-b087-4b6333aa3ced<-d21ee1f1-33f6-483c-a18b-27782ce1915a#0:FAIL-t443] and 0 exception(s); aed1b97f-105e-4684-b087-4b6333aa3ced@group-F043E0AED0ED:t443, leader=null, voted=aed1b97f-105e-4684-b087-4b6333aa3ced, raftlog=aed1b97f-105e-4684-b087-4b6333aa3ced@group-F043E0AED0ED-SegmentedRaftLog:OPENED:c-1,f-1,i0, conf=-1: [aed1b97f-105e-4684-b087-4b6333aa3ced:192.168.157.195:34943, 1c51b35f-55cb-4636-a00c-83d34bf2d9d4:192.168.157.195:34693, d21ee1f1-33f6-483c-a18b-27782ce1915a:192.168.157.195:46462], old=null
2019-10-23 22:22:34,974 [aed1b97f-105e-4684-b087-4b6333aa3ced@group-F043E0AED0ED-LeaderElection396] INFO  impl.RaftServerImpl (RaftServerImpl.java:setRole(184)) - aed1b97f-105e-4684-b087-4b6333aa3ced@group-F043E0AED0ED: changes role from CANDIDATE to FOLLOWER at term 443 for DISCOVERED_A_NEW_TERM
2019-10-23 22:22:34,974 [aed1b97f-105e-4684-b087-4b6333aa3ced@group-F043E0AED0ED-LeaderElection396] INFO  impl.RoleInfo (RoleInfo.java:shutdownLeaderElection(134)) - aed1b97f-105e-4684-b087-4b6333aa3ced: shutdown LeaderElection
2019-10-23 22:22:34,974 [aed1b97f-105e-4684-b087-4b6333aa3ced@group-F043E0AED0ED-LeaderElection396] INFO  impl.RoleInfo (RoleInfo.java:updateAndGet(143)) - aed1b97f-105e-4684-b087-4b6333aa3ced: start FollowerState
2019-10-23 22:22:35,103 [Thread-2909] INFO  impl.FollowerState (FollowerState.java:run(108)) - aed1b97f-105e-4684-b087-4b6333aa3ced@group-F043E0AED0ED-FollowerState: change to CANDIDATE, lastRpcTime:129ms, electionTimeout:129ms
2019-10-23 22:22:35,103 [Thread-2909] INFO  impl.RoleInfo (RoleInfo.java:shutdownFollowerState(121)) - aed1b97f-105e-4684-b087-4b6333aa3ced: shutdown FollowerState
2019-10-23 22:22:35,103 [Thread-2909] INFO  impl.RaftServerImpl (RaftServerImpl.java:setRole(184)) - aed1b97f-105e-4684-b087-4b6333aa3ced@group-F043E0AED0ED: changes role from  FOLLOWER to CANDIDATE at term 443 for changeToCandidate
2019-10-23 22:22:35,104 [Thread-2909] INFO  impl.RoleInfo (RoleInfo.java:updateAndGet(143)) - aed1b97f-105e-4684-b087-4b6333aa3ced: start LeaderElection
2019-10-23 22:22:35,117 [aed1b97f-105e-4684-b087-4b6333aa3ced@group-F043E0AED0ED-LeaderElection397] INFO  impl.LeaderElection (LeaderElection.java:askForVotes(178)) - aed1b97f-105e-4684-b087-4b6333aa3ced@group-F043E0AED0ED-LeaderElection397: begin an election at term 444 for -1: [aed1b97f-105e-4684-b087-4b6333aa3ced:192.168.157.195:34943, 1c51b35f-55cb-4636-a00c-83d34bf2d9d4:192.168.157.195:34693, d21ee1f1-33f6-483c-a18b-27782ce1915a:192.168.157.195:46462], old=null
2019-10-23 22:22:35,119 [grpc-default-executor-3] INFO  impl.RaftServerImpl (RaftServerImpl.java:setRole(184)) - d21ee1f1-33f6-483c-a18b-27782ce1915a@group-F043E0AED0ED: changes role from  FOLLOWER to FOLLOWER at term 444 for recognizeCandidate:aed1b97f-105e-4684-b087-4b6333aa3ced
2019-10-23 22:22:35,119 [grpc-default-executor-5] INFO  impl.RaftServerImpl (RaftServerImpl.java:setRole(184)) - 1c51b35f-55cb-4636-a00c-83d34bf2d9d4@group-F043E0AED0ED: changes role from  FOLLOWER to FOLLOWER at term 444 for recognizeCandidate:aed1b97f-105e-4684-b087-4b6333aa3ced
2019-10-23 22:22:35,119 [grpc-default-executor-3] INFO  impl.RoleInfo (RoleInfo.java:shutdownFollowerState(121)) - d21ee1f1-33f6-483c-a18b-27782ce1915a: shutdown FollowerState
2019-10-23 22:22:35,119 [grpc-default-executor-5] INFO  impl.RoleInfo (RoleInfo.java:shutdownFollowerState(121)) - 1c51b35f-55cb-4636-a00c-83d34bf2d9d4: shutdown FollowerState
2019-10-23 22:22:35,119 [Thread-2908] INFO  impl.FollowerState (FollowerState.java:run(117)) - d21ee1f1-33f6-483c-a18b-27782ce1915a@group-F043E0AED0ED-FollowerState was interrupted: java.lang.InterruptedException: sleep interrupted
2019-10-23 22:22:35,119 [grpc-default-executor-3] INFO  impl.RoleInfo (RoleInfo.java:updateAndGet(143)) - d21ee1f1-33f6-483c-a18b-27782ce1915a: start FollowerState
2019-10-23 22:22:35,120 [Thread-2907] INFO  impl.FollowerState (FollowerState.java:run(117)) - 1c51b35f-55cb-4636-a00c-83d34bf2d9d4@group-F043E0AED0ED-FollowerState was interrupted: java.lang.InterruptedException: sleep interrupted
2019-10-23 22:22:35,119 [grpc-default-executor-5] INFO  impl.RoleInfo (RoleInfo.java:updateAndGet(143)) - 1c51b35f-55cb-4636-a00c-83d34bf2d9d4: start FollowerState
2019-10-23 22:22:35,134 [aed1b97f-105e-4684-b087-4b6333aa3ced@group-F043E0AED0ED-LeaderElection397] INFO  impl.LeaderElection (LeaderElection.java:logAndReturn(56)) - aed1b97f-105e-4684-b087-4b6333aa3ced@group-F043E0AED0ED-LeaderElection397: Election REJECTED; received 2 response(s) [aed1b97f-105e-4684-b087-4b6333aa3ced<-1c51b35f-55cb-4636-a00c-83d34bf2d9d4#0:FAIL-t444, aed1b97f-105e-4684-b087-4b6333aa3ced<-d21ee1f1-33f6-483c-a18b-27782ce1915a#0:FAIL-t444] and 0 exception(s); aed1b97f-105e-4684-b087-4b6333aa3ced@group-F043E0AED0ED:t444, leader=null, voted=aed1b97f-105e-4684-b087-4b6333aa3ced, raftlog=aed1b97f-105e-4684-b087-4b6333aa3ced@group-F043E0AED0ED-SegmentedRaftLog:OPENED:c-1,f-1,i0, conf=-1: [aed1b97f-105e-4684-b087-4b6333aa3ced:192.168.157.195:34943, 1c51b35f-55cb-4636-a00c-83d34bf2d9d4:192.168.157.195:34693, d21ee1f1-33f6-483c-a18b-27782ce1915a:192.168.157.195:46462], old=null
2019-10-23 22:22:35,134 [aed1b97f-105e-4684-b087-4b6333aa3ced@group-F043E0AED0ED-LeaderElection397] INFO  impl.RaftServerImpl (RaftServerImpl.java:setRole(184)) - aed1b97f-105e-4684-b087-4b6333aa3ced@group-F043E0AED0ED: changes role from CANDIDATE to FOLLOWER at term 444 for DISCOVERED_A_NEW_TERM
2019-10-23 22:22:35,134 [aed1b97f-105e-4684-b087-4b6333aa3ced@group-F043E0AED0ED-LeaderElection397] INFO  impl.RoleInfo (RoleInfo.java:shutdownLeaderElection(134)) - aed1b97f-105e-4684-b087-4b6333aa3ced: shutdown LeaderElection
2019-10-23 22:22:35,134 [aed1b97f-105e-4684-b087-4b6333aa3ced@group-F043E0AED0ED-LeaderElection397] INFO  impl.RoleInfo (RoleInfo.java:updateAndGet(143)) - aed1b97f-105e-4684-b087-4b6333aa3ced: start FollowerState
2019-10-23 22:22:35,257 [Thread-2915] INFO  impl.FollowerState (FollowerState.java:run(108)) - aed1b97f-105e-4684-b087-4b6333aa3ced@group-F043E0AED0ED-FollowerState: change to CANDIDATE, lastRpcTime:123ms, electionTimeout:123ms
2019-10-23 22:22:35,258 [Thread-2915] INFO  impl.RoleInfo (RoleInfo.java:shutdownFollowerState(121)) - aed1b97f-105e-4684-b087-4b6333aa3ced: shutdown FollowerState
2019-10-23 22:22:35,258 [Thread-2915] INFO  impl.RaftServerImpl (RaftServerImpl.java:setRole(184)) - aed1b97f-105e-4684-b087-4b6333aa3ced@group-F043E0AED0ED: changes role from  FOLLOWER to CANDIDATE at term 444 for changeToCandidate
2019-10-23 22:22:35,258 [Thread-2915] INFO  impl.RoleInfo (RoleInfo.java:updateAndGet(143)) - aed1b97f-105e-4684-b087-4b6333aa3ced: start LeaderElection
2019-10-23 22:22:35,272 [aed1b97f-105e-4684-b087-4b6333aa3ced@group-F043E0AED0ED-LeaderElection398] INFO  impl.LeaderElection (LeaderElection.java:askForVotes(178)) - aed1b97f-105e-4684-b087-4b6333aa3ced@group-F043E0AED0ED-LeaderElection398: begin an election at term 445 for -1: [aed1b97f-105e-4684-b087-4b6333aa3ced:192.168.157.195:34943, 1c51b35f-55cb-4636-a00c-83d34bf2d9d4:192.168.157.195:34693, d21ee1f1-33f6-483c-a18b-27782ce1915a:192.168.157.195:46462], old=null
2019-10-23 22:22:35,273 [grpc-default-executor-3] INFO  impl.RaftServerImpl (RaftServerImpl.java:setRole(184)) - 1c51b35f-55cb-4636-a00c-83d34bf2d9d4@group-F043E0AED0ED: changes role from  FOLLOWER to FOLLOWER at term 445 for recognizeCandidate:aed1b97f-105e-4684-b087-4b6333aa3ced
2019-10-23 22:22:35,273 [grpc-default-executor-5] INFO  impl.RaftServerImpl (RaftServerImpl.java:setRole(184)) - d21ee1f1-33f6-483c-a18b-27782ce1915a@group-F043E0AED0ED: changes role from  FOLLOWER to FOLLOWER at term 445 for recognizeCandidate:aed1b97f-105e-4684-b087-4b6333aa3ced
2019-10-23 22:22:35,274 [grpc-default-executor-5] INFO  impl.RoleInfo (RoleInfo.java:shutdownFollowerState(121)) - d21ee1f1-33f6-483c-a18b-27782ce1915a: shutdown FollowerState
2019-10-23 22:22:35,273 [grpc-default-executor-3] INFO  impl.RoleInfo (RoleInfo.java:shutdownFollowerState(121)) - 1c51b35f-55cb-4636-a00c-83d34bf2d9d4: shutdown FollowerState
2019-10-23 22:22:35,274 [Thread-2913] INFO  impl.FollowerState (FollowerState.java:run(117)) - d21ee1f1-33f6-483c-a18b-27782ce1915a@group-F043E0AED0ED-FollowerState was interrupted: java.lang.InterruptedException: sleep interrupted
2019-10-23 22:22:35,274 [Thread-2914] INFO  impl.FollowerState (FollowerState.java:run(117)) - 1c51b35f-55cb-4636-a00c-83d34bf2d9d4@group-F043E0AED0ED-FollowerState was interrupted: java.lang.InterruptedException: sleep interrupted
2019-10-23 22:22:35,274 [grpc-default-executor-5] INFO  impl.RoleInfo (RoleInfo.java:updateAndGet(143)) - d21ee1f1-33f6-483c-a18b-27782ce1915a: start FollowerState
2019-10-23 22:22:35,274 [grpc-default-executor-3] INFO  impl.RoleInfo (RoleInfo.java:updateAndGet(143)) - 1c51b35f-55cb-4636-a00c-83d34bf2d9d4: start FollowerState
2019-10-23 22:22:35,288 [aed1b97f-105e-4684-b087-4b6333aa3ced@group-F043E0AED0ED-LeaderElection398] INFO  impl.LeaderElection (LeaderElection.java:logAndReturn(56)) - aed1b97f-105e-4684-b087-4b6333aa3ced@group-F043E0AED0ED-LeaderElection398: Election REJECTED; received 2 response(s) [aed1b97f-105e-4684-b087-4b6333aa3ced<-1c51b35f-55cb-4636-a00c-83d34bf2d9d4#0:FAIL-t445, aed1b97f-105e-4684-b087-4b6333aa3ced<-d21ee1f1-33f6-483c-a18b-27782ce1915a#0:FAIL-t445] and 0 exception(s); aed1b97f-105e-4684-b087-4b6333aa3ced@group-F043E0AED0ED:t445, leader=null, voted=aed1b97f-105e-4684-b087-4b6333aa3ced, raftlog=aed1b97f-105e-4684-b087-4b6333aa3ced@group-F043E0AED0ED-SegmentedRaftLog:OPENED:c-1,f-1,i0, conf=-1: [aed1b97f-105e-4684-b087-4b6333aa3ced:192.168.157.195:34943, 1c51b35f-55cb-4636-a00c-83d34bf2d9d4:192.168.157.195:34693, d21ee1f1-33f6-483c-a18b-27782ce1915a:192.168.157.195:46462], old=null
2019-10-23 22:22:35,289 [aed1b97f-105e-4684-b087-4b6333aa3ced@group-F043E0AED0ED-LeaderElection398] INFO  impl.RaftServerImpl (RaftServerImpl.java:setRole(184)) - aed1b97f-105e-4684-b087-4b6333aa3ced@group-F043E0AED0ED: changes role from CANDIDATE to FOLLOWER at term 445 for DISCOVERED_A_NEW_TERM
2019-10-23 22:22:35,289 [aed1b97f-105e-4684-b087-4b6333aa3ced@group-F043E0AED0ED-LeaderElection398] INFO  impl.RoleInfo (RoleInfo.java:shutdownLeaderElection(134)) - aed1b97f-105e-4684-b087-4b6333aa3ced: shutdown LeaderElection
2019-10-23 22:22:35,289 [aed1b97f-105e-4684-b087-4b6333aa3ced@group-F043E0AED0ED-LeaderElection398] INFO  impl.RoleInfo (RoleInfo.java:updateAndGet(143)) - aed1b97f-105e-4684-b087-4b6333aa3ced: start FollowerState
2019-10-23 22:22:35,436 [Thread-2921] INFO  impl.FollowerState (FollowerState.java:run(108)) - aed1b97f-105e-4684-b087-4b6333aa3ced@group-F043E0AED0ED-FollowerState: change to CANDIDATE, lastRpcTime:147ms, electionTimeout:147ms
2019-10-23 22:22:35,436 [Thread-2921] INFO  impl.RoleInfo (RoleInfo.java:shutdownFollowerState(121)) - aed1b97f-105e-4684-b087-4b6333aa3ced: shutdown FollowerState
2019-10-23 22:22:35,436 [Thread-2921] INFO  impl.RaftServerImpl (RaftServerImpl.java:setRole(184)) - aed1b97f-105e-4684-b087-4b6333aa3ced@group-F043E0AED0ED: changes role from  FOLLOWER to CANDIDATE at term 445 for changeToCandidate
2019-10-23 22:22:35,437 [Thread-2921] INFO  impl.RoleInfo (RoleInfo.java:updateAndGet(143)) - aed1b97f-105e-4684-b087-4b6333aa3ced: start LeaderElection
2019-10-23 22:22:35,451 [aed1b97f-105e-4684-b087-4b6333aa3ced@group-F043E0AED0ED-LeaderElection399] INFO  impl.LeaderElection (LeaderElection.java:askForVotes(178)) - aed1b97f-105e-4684-b087-4b6333aa3ced@group-F043E0AED0ED-LeaderElection399: begin an election at term 446 for -1: [aed1b97f-105e-4684-b087-4b6333aa3ced:192.168.157.195:34943, 1c51b35f-55cb-4636-a00c-83d34bf2d9d4:192.168.157.195:34693, d21ee1f1-33f6-483c-a18b-27782ce1915a:192.168.157.195:46462], old=null
2019-10-23 22:22:35,452 [grpc-default-executor-3] INFO  impl.RaftServerImpl (RaftServerImpl.java:setRole(184)) - 1c51b35f-55cb-4636-a00c-83d34bf2d9d4@group-F043E0AED0ED: changes role from  FOLLOWER to FOLLOWER at term 446 for recognizeCandidate:aed1b97f-105e-4684-b087-4b6333aa3ced
2019-10-23 22:22:35,453 [grpc-default-executor-3] INFO  impl.RoleInfo (RoleInfo.java:shutdownFollowerState(121)) - 1c51b35f-55cb-4636-a00c-83d34bf2d9d4: shutdown FollowerState
2019-10-23 22:22:35,453 [grpc-default-executor-5] INFO  impl.RaftServerImpl (RaftServerImpl.java:setRole(184)) - d21ee1f1-33f6-483c-a18b-27782ce1915a@group-F043E0AED0ED: changes role from  FOLLOWER to FOLLOWER at term 446 for recognizeCandidate:aed1b97f-105e-4684-b087-4b6333aa3ced
2019-10-23 22:22:35,453 [grpc-default-executor-5] INFO  impl.RoleInfo (RoleInfo.java:shutdownFollowerState(121)) - d21ee1f1-33f6-483c-a18b-27782ce1915a: shutdown FollowerState
2019-10-23 22:22:35,453 [Thread-2920] INFO  impl.FollowerState (FollowerState.java:run(117)) - 1c51b35f-55cb-4636-a00c-83d34bf2d9d4@group-F043E0AED0ED-FollowerState was interrupted: java.lang.InterruptedException: sleep interrupted
2019-10-23 22:22:35,453 [Thread-2919] INFO  impl.FollowerState (FollowerState.java:run(117)) - d21ee1f1-33f6-483c-a18b-27782ce1915a@group-F043E0AED0ED-FollowerState was interrupted: java.lang.InterruptedException: sleep interrupted
2019-10-23 22:22:35,453 [grpc-default-executor-3] INFO  impl.RoleInfo (RoleInfo.java:updateAndGet(143)) - 1c51b35f-55cb-4636-a00c-83d34bf2d9d4: start FollowerState
2019-10-23 22:22:35,453 [grpc-default-executor-5] INFO  impl.RoleInfo (RoleInfo.java:updateAndGet(143)) - d21ee1f1-33f6-483c-a18b-27782ce1915a: start FollowerState
2019-10-23 22:22:35,480 [aed1b97f-105e-4684-b087-4b6333aa3ced@group-F043E0AED0ED-LeaderElection399] INFO  impl.LeaderElection (LeaderElection.java:logAndReturn(56)) - aed1b97f-105e-4684-b087-4b6333aa3ced@group-F043E0AED0ED-LeaderElection399: Election REJECTED; received 2 response(s) [aed1b97f-105e-4684-b087-4b6333aa3ced<-1c51b35f-55cb-4636-a00c-83d34bf2d9d4#0:FAIL-t446, aed1b97f-105e-4684-b087-4b6333aa3ced<-d21ee1f1-33f6-483c-a18b-27782ce1915a#0:FAIL-t446] and 0 exception(s); aed1b97f-105e-4684-b087-4b6333aa3ced@group-F043E0AED0ED:t446, leader=null, voted=aed1b97f-105e-4684-b087-4b6333aa3ced, raftlog=aed1b97f-105e-4684-b087-4b6333aa3ced@group-F043E0AED0ED-SegmentedRaftLog:OPENED:c-1,f-1,i0, conf=-1: [aed1b97f-105e-4684-b087-4b6333aa3ced:192.168.157.195:34943, 1c51b35f-55cb-4636-a00c-83d34bf2d9d4:192.168.157.195:34693, d21ee1f1-33f6-483c-a18b-27782ce1915a:192.168.157.195:46462], old=null
2019-10-23 22:22:35,481 [aed1b97f-105e-4684-b087-4b6333aa3ced@group-F043E0AED0ED-LeaderElection399] INFO  impl.RaftServerImpl (RaftServerImpl.java:setRole(184)) - aed1b97f-105e-4684-b087-4b6333aa3ced@group-F043E0AED0ED: changes role from CANDIDATE to FOLLOWER at term 446 for DISCOVERED_A_NEW_TERM
2019-10-23 22:22:35,481 [aed1b97f-105e-4684-b087-4b6333aa3ced@group-F043E0AED0ED-LeaderElection399] INFO  impl.RoleInfo (RoleInfo.java:shutdownLeaderElection(134)) - aed1b97f-105e-4684-b087-4b6333aa3ced: shutdown LeaderElection
2019-10-23 22:22:35,481 [aed1b97f-105e-4684-b087-4b6333aa3ced@group-F043E0AED0ED-LeaderElection399] INFO  impl.RoleInfo (RoleInfo.java:updateAndGet(143)) - aed1b97f-105e-4684-b087-4b6333aa3ced: start FollowerState
2019-10-23 22:22:35,485 [Thread-2927] INFO  impl.FollowerState (FollowerState.java:run(108)) - aed1b97f-105e-4684-b087-4b6333aa3ced@group-F043E0AED0ED-FollowerState: change to CANDIDATE, lastRpcTime:4ms, electionTimeout:4ms
2019-10-23 22:22:35,485 [Thread-2927] INFO  impl.RoleInfo (RoleInfo.java:shutdownFollowerState(121)) - aed1b97f-105e-4684-b087-4b6333aa3ced: shutdown FollowerState
2019-10-23 22:22:35,485 [Thread-2927] INFO  impl.RaftServerImpl (RaftServerImpl.java:setRole(184)) - aed1b97f-105e-4684-b087-4b6333aa3ced@group-F043E0AED0ED: changes role from  FOLLOWER to CANDIDATE at term 446 for changeToCandidate
2019-10-23 22:22:35,485 [Thread-2927] INFO  impl.RoleInfo (RoleInfo.java:updateAndGet(143)) - aed1b97f-105e-4684-b087-4b6333aa3ced: start LeaderElection
2019-10-23 22:22:35,508 [aed1b97f-105e-4684-b087-4b6333aa3ced@group-F043E0AED0ED-LeaderElection400] INFO  impl.LeaderElection (LeaderElection.java:askForVotes(178)) - aed1b97f-105e-4684-b087-4b6333aa3ced@group-F043E0AED0ED-LeaderElection400: begin an election at term 447 for -1: [aed1b97f-105e-4684-b087-4b6333aa3ced:192.168.157.195:34943, 1c51b35f-55cb-4636-a00c-83d34bf2d9d4:192.168.157.195:34693, d21ee1f1-33f6-483c-a18b-27782ce1915a:192.168.157.195:46462], old=null
2019-10-23 22:22:35,508 [aed1b97f-105e-4684-b087-4b6333aa3ced@group-F043E0AED0ED-LeaderElection400] INFO  impl.LeaderElection (LeaderElection.java:logAndReturn(56)) - aed1b97f-105e-4684-b087-4b6333aa3ced@group-F043E0AED0ED-LeaderElection400: Election TIMEOUT; received 0 response(s) [] and 0 exception(s); aed1b97f-105e-4684-b087-4b6333aa3ced@group-F043E0AED0ED:t447, leader=null, voted=aed1b97f-105e-4684-b087-4b6333aa3ced, raftlog=aed1b97f-105e-4684-b087-4b6333aa3ced@group-F043E0AED0ED-SegmentedRaftLog:OPENED:c-1,f-1,i0, conf=-1: [aed1b97f-105e-4684-b087-4b6333aa3ced:192.168.157.195:34943, 1c51b35f-55cb-4636-a00c-83d34bf2d9d4:192.168.157.195:34693, d21ee1f1-33f6-483c-a18b-27782ce1915a:192.168.157.195:46462], old=null
2019-10-23 22:22:35,509 [grpc-default-executor-3] INFO  impl.RaftServerImpl (RaftServerImpl.java:setRole(184)) - 1c51b35f-55cb-4636-a00c-83d34bf2d9d4@group-F043E0AED0ED: changes role from  FOLLOWER to FOLLOWER at term 447 for recognizeCandidate:aed1b97f-105e-4684-b087-4b6333aa3ced
2019-10-23 22:22:35,509 [grpc-default-executor-3] INFO  impl.RoleInfo (RoleInfo.java:shutdownFollowerState(121)) - 1c51b35f-55cb-4636-a00c-83d34bf2d9d4: shutdown FollowerState
2019-10-23 22:22:35,509 [grpc-default-executor-5] INFO  impl.RaftServerImpl (RaftServerImpl.java:setRole(184)) - d21ee1f1-33f6-483c-a18b-27782ce1915a@group-F043E0AED0ED: changes role from  FOLLOWER to FOLLOWER at term 447 for recognizeCandidate:aed1b97f-105e-4684-b087-4b6333aa3ced
2019-10-23 22:22:35,509 [Thread-2925] INFO  impl.FollowerState (FollowerState.java:run(117)) - 1c51b35f-55cb-4636-a00c-83d34bf2d9d4@group-F043E0AED0ED-FollowerState was interrupted: java.lang.InterruptedException: sleep interrupted
2019-10-23 22:22:35,509 [grpc-default-executor-3] INFO  impl.RoleInfo (RoleInfo.java:updateAndGet(143)) - 1c51b35f-55cb-4636-a00c-83d34bf2d9d4: start FollowerState
2019-10-23 22:22:35,509 [grpc-default-executor-5] INFO  impl.RoleInfo (RoleInfo.java:shutdownFollowerState(121)) - d21ee1f1-33f6-483c-a18b-27782ce1915a: shutdown FollowerState
2019-10-23 22:22:35,510 [grpc-default-executor-5] INFO  impl.RoleInfo (RoleInfo.java:updateAndGet(143)) - d21ee1f1-33f6-483c-a18b-27782ce1915a: start FollowerState
2019-10-23 22:22:35,510 [Thread-2926] INFO  impl.FollowerState (FollowerState.java:run(117)) - d21ee1f1-33f6-483c-a18b-27782ce1915a@group-F043E0AED0ED-FollowerState was interrupted: java.lang.InterruptedException: sleep interrupted
2019-10-23 22:22:35,533 [aed1b97f-105e-4684-b087-4b6333aa3ced@group-F043E0AED0ED-LeaderElection400] INFO  impl.LeaderElection (LeaderElection.java:askForVotes(178)) - aed1b97f-105e-4684-b087-4b6333aa3ced@group-F043E0AED0ED-LeaderElection400: begin an election at term 448 for -1: [aed1b97f-105e-4684-b087-4b6333aa3ced:192.168.157.195:34943, 1c51b35f-55cb-4636-a00c-83d34bf2d9d4:192.168.157.195:34693, d21ee1f1-33f6-483c-a18b-27782ce1915a:192.168.157.195:46462], old=null
2019-10-23 22:22:35,534 [grpc-default-executor-3] INFO  impl.RaftServerImpl (RaftServerImpl.java:setRole(184)) - 1c51b35f-55cb-4636-a00c-83d34bf2d9d4@group-F043E0AED0ED: changes role from  FOLLOWER to FOLLOWER at term 448 for recognizeCandidate:aed1b97f-105e-4684-b087-4b6333aa3ced
2019-10-23 22:22:35,535 [grpc-default-executor-3] INFO  impl.RoleInfo (RoleInfo.java:shutdownFollowerState(121)) - 1c51b35f-55cb-4636-a00c-83d34bf2d9d4: shutdown FollowerState
2019-10-23 22:22:35,535 [grpc-default-executor-3] INFO  impl.RoleInfo (RoleInfo.java:updateAndGet(143)) - 1c51b35f-55cb-4636-a00c-83d34bf2d9d4: start FollowerState
2019-10-23 22:22:35,535 [Thread-2931] INFO  impl.FollowerState (FollowerState.java:run(117)) - 1c51b35f-55cb-4636-a00c-83d34bf2d9d4@group-F043E0AED0ED-FollowerState was interrupted: java.lang.InterruptedException: sleep interrupted
2019-10-23 22:22:35,535 [grpc-default-executor-5] INFO  impl.RaftServerImpl (RaftServerImpl.java:setRole(184)) - d21ee1f1-33f6-483c-a18b-27782ce1915a@group-F043E0AED0ED: changes role from  FOLLOWER to FOLLOWER at term 448 for recognizeCandidate:aed1b97f-105e-4684-b087-4b6333aa3ced
2019-10-23 22:22:35,535 [grpc-default-executor-5] INFO  impl.RoleInfo (RoleInfo.java:shutdownFollowerState(121)) - d21ee1f1-33f6-483c-a18b-27782ce1915a: shutdown FollowerState
2019-10-23 22:22:35,535 [grpc-default-executor-5] INFO  impl.RoleInfo (RoleInfo.java:updateAndGet(143)) - d21ee1f1-33f6-483c-a18b-27782ce1915a: start FollowerState
2019-10-23 22:22:35,535 [Thread-2932] INFO  impl.FollowerState (FollowerState.java:run(117)) - d21ee1f1-33f6-483c-a18b-27782ce1915a@group-F043E0AED0ED-FollowerState was interrupted: java.lang.InterruptedException: sleep interrupted
2019-10-23 22:22:35,549 [aed1b97f-105e-4684-b087-4b6333aa3ced@group-F043E0AED0ED-LeaderElection400] INFO  impl.LeaderElection (LeaderElection.java:logAndReturn(56)) - aed1b97f-105e-4684-b087-4b6333aa3ced@group-F043E0AED0ED-LeaderElection400: Election REJECTED; received 2 response(s) [aed1b97f-105e-4684-b087-4b6333aa3ced<-1c51b35f-55cb-4636-a00c-83d34bf2d9d4#0:FAIL-t448, aed1b97f-105e-4684-b087-4b6333aa3ced<-d21ee1f1-33f6-483c-a18b-27782ce1915a#0:FAIL-t448] and 0 exception(s); aed1b97f-105e-4684-b087-4b6333aa3ced@group-F043E0AED0ED:t448, leader=null, voted=aed1b97f-105e-4684-b087-4b6333aa3ced, raftlog=aed1b97f-105e-4684-b087-4b6333aa3ced@group-F043E0AED0ED-SegmentedRaftLog:OPENED:c-1,f-1,i0, conf=-1: [aed1b97f-105e-4684-b087-4b6333aa3ced:192.168.157.195:34943, 1c51b35f-55cb-4636-a00c-83d34bf2d9d4:192.168.157.195:34693, d21ee1f1-33f6-483c-a18b-27782ce1915a:192.168.157.195:46462], old=null
2019-10-23 22:22:35,549 [aed1b97f-105e-4684-b087-4b6333aa3ced@group-F043E0AED0ED-LeaderElection400] INFO  impl.RaftServerImpl (RaftServerImpl.java:setRole(184)) - aed1b97f-105e-4684-b087-4b6333aa3ced@group-F043E0AED0ED: changes role from CANDIDATE to FOLLOWER at term 448 for DISCOVERED_A_NEW_TERM
2019-10-23 22:22:35,549 [aed1b97f-105e-4684-b087-4b6333aa3ced@group-F043E0AED0ED-LeaderElection400] INFO  impl.RoleInfo (RoleInfo.java:shutdownLeaderElection(134)) - aed1b97f-105e-4684-b087-4b6333aa3ced: shutdown LeaderElection
2019-10-23 22:22:35,549 [aed1b97f-105e-4684-b087-4b6333aa3ced@group-F043E0AED0ED-LeaderElection400] INFO  impl.RoleInfo (RoleInfo.java:updateAndGet(143)) - aed1b97f-105e-4684-b087-4b6333aa3ced: start FollowerState
2019-10-23 22:22:35,555 [Thread-2937] INFO  impl.FollowerState (FollowerState.java:run(108)) - aed1b97f-105e-4684-b087-4b6333aa3ced@group-F043E0AED0ED-FollowerState: change to CANDIDATE, lastRpcTime:6ms, electionTimeout:6ms
2019-10-23 22:22:35,556 [Thread-2937] INFO  impl.RoleInfo (RoleInfo.java:shutdownFollowerState(121)) - aed1b97f-105e-4684-b087-4b6333aa3ced: shutdown FollowerState
2019-10-23 22:22:35,556 [Thread-2937] INFO  impl.RaftServerImpl (RaftServerImpl.java:setRole(184)) - aed1b97f-105e-4684-b087-4b6333aa3ced@group-F043E0AED0ED: changes role from  FOLLOWER to CANDIDATE at term 448 for changeToCandidate
2019-10-23 22:22:35,556 [Thread-2937] INFO  impl.RoleInfo (RoleInfo.java:updateAndGet(143)) - aed1b97f-105e-4684-b087-4b6333aa3ced: start LeaderElection
2019-10-23 22:22:35,570 [aed1b97f-105e-4684-b087-4b6333aa3ced@group-F043E0AED0ED-LeaderElection401] INFO  impl.LeaderElection (LeaderElection.java:askForVotes(178)) - aed1b97f-105e-4684-b087-4b6333aa3ced@group-F043E0AED0ED-LeaderElection401: begin an election at term 449 for -1: [aed1b97f-105e-4684-b087-4b6333aa3ced:192.168.157.195:34943, 1c51b35f-55cb-4636-a00c-83d34bf2d9d4:192.168.157.195:34693, d21ee1f1-33f6-483c-a18b-27782ce1915a:192.168.157.195:46462], old=null
2019-10-23 22:22:35,571 [grpc-default-executor-5] INFO  impl.RaftServerImpl (RaftServerImpl.java:setRole(184)) - d21ee1f1-33f6-483c-a18b-27782ce1915a@group-F043E0AED0ED: changes role from  FOLLOWER to FOLLOWER at term 449 for recognizeCandidate:aed1b97f-105e-4684-b087-4b6333aa3ced
2019-10-23 22:22:35,571 [grpc-default-executor-5] INFO  impl.RoleInfo (RoleInfo.java:shutdownFollowerState(121)) - d21ee1f1-33f6-483c-a18b-27782ce1915a: shutdown FollowerState
2019-10-23 22:22:35,571 [grpc-default-executor-3] INFO  impl.RaftServerImpl (RaftServerImpl.java:setRole(184)) - 1c51b35f-55cb-4636-a00c-83d34bf2d9d4@group-F043E0AED0ED: changes role from  FOLLOWER to FOLLOWER at term 449 for recognizeCandidate:aed1b97f-105e-4684-b087-4b6333aa3ced
2019-10-23 22:22:35,572 [grpc-default-executor-3] INFO  impl.RoleInfo (RoleInfo.java:shutdownFollowerState(121)) - 1c51b35f-55cb-4636-a00c-83d34bf2d9d4: shutdown FollowerState
2019-10-23 22:22:35,572 [grpc-default-executor-3] INFO  impl.RoleInfo (RoleInfo.java:updateAndGet(143)) - 1c51b35f-55cb-4636-a00c-83d34bf2d9d4: start FollowerState
2019-10-23 22:22:35,572 [Thread-2936] INFO  impl.FollowerState (FollowerState.java:run(117)) - d21ee1f1-33f6-483c-a18b-27782ce1915a@group-F043E0AED0ED-FollowerState was interrupted: java.lang.InterruptedException: sleep interrupted
2019-10-23 22:22:35,572 [grpc-default-executor-5] INFO  impl.RoleInfo (RoleInfo.java:updateAndGet(143)) - d21ee1f1-33f6-483c-a18b-27782ce1915a: start FollowerState
2019-10-23 22:22:35,572 [Thread-2935] INFO  impl.FollowerState (FollowerState.java:run(117)) - 1c51b35f-55cb-4636-a00c-83d34bf2d9d4@group-F043E0AED0ED-FollowerState was interrupted: java.lang.InterruptedException: sleep interrupted
2019-10-23 22:22:35,586 [aed1b97f-105e-4684-b087-4b6333aa3ced@group-F043E0AED0ED-LeaderElection401] INFO  impl.LeaderElection (LeaderElection.java:logAndReturn(56)) - aed1b97f-105e-4684-b087-4b6333aa3ced@group-F043E0AED0ED-LeaderElection401: Election REJECTED; received 2 response(s) [aed1b97f-105e-4684-b087-4b6333aa3ced<-1c51b35f-55cb-4636-a00c-83d34bf2d9d4#0:FAIL-t449, aed1b97f-105e-4684-b087-4b6333aa3ced<-d21ee1f1-33f6-483c-a18b-27782ce1915a#0:FAIL-t449] and 0 exception(s); aed1b97f-105e-4684-b087-4b6333aa3ced@group-F043E0AED0ED:t449, leader=null, voted=aed1b97f-105e-4684-b087-4b6333aa3ced, raftlog=aed1b97f-105e-4684-b087-4b6333aa3ced@group-F043E0AED0ED-SegmentedRaftLog:OPENED:c-1,f-1,i0, conf=-1: [aed1b97f-105e-4684-b087-4b6333aa3ced:192.168.157.195:34943, 1c51b35f-55cb-4636-a00c-83d34bf2d9d4:192.168.157.195:34693, d21ee1f1-33f6-483c-a18b-27782ce1915a:192.168.157.195:46462], old=null
2019-10-23 22:22:35,586 [aed1b97f-105e-4684-b087-4b6333aa3ced@group-F043E0AED0ED-LeaderElection401] INFO  impl.RaftServerImpl (RaftServerImpl.java:setRole(184)) - aed1b97f-105e-4684-b087-4b6333aa3ced@group-F043E0AED0ED: changes role from CANDIDATE to FOLLOWER at term 449 for DISCOVERED_A_NEW_TERM
2019-10-23 22:22:35,586 [aed1b97f-105e-4684-b087-4b6333aa3ced@group-F043E0AED0ED-LeaderElection401] INFO  impl.RoleInfo (RoleInfo.java:shutdownLeaderElection(134)) - aed1b97f-105e-4684-b087-4b6333aa3ced: shutdown LeaderElection
2019-10-23 22:22:35,586 [aed1b97f-105e-4684-b087-4b6333aa3ced@group-F043E0AED0ED-LeaderElection401] INFO  impl.RoleInfo (RoleInfo.java:updateAndGet(143)) - aed1b97f-105e-4684-b087-4b6333aa3ced: start FollowerState
2019-10-23 22:22:35,760 [Thread-2943] INFO  impl.FollowerState (FollowerState.java:run(108)) - aed1b97f-105e-4684-b087-4b6333aa3ced@group-F043E0AED0ED-FollowerState: change to CANDIDATE, lastRpcTime:174ms, electionTimeout:174ms
2019-10-23 22:22:35,761 [Thread-2943] INFO  impl.RoleInfo (RoleInfo.java:shutdownFollowerState(121)) - aed1b97f-105e-4684-b087-4b6333aa3ced: shutdown FollowerState
2019-10-23 22:22:35,761 [Thread-2943] INFO  impl.RaftServerImpl (RaftServerImpl.java:setRole(184)) - aed1b97f-105e-4684-b087-4b6333aa3ced@group-F043E0AED0ED: changes role from  FOLLOWER to CANDIDATE at term 449 for changeToCandidate
2019-10-23 22:22:35,761 [Thread-2943] INFO  impl.RoleInfo (RoleInfo.java:updateAndGet(143)) - aed1b97f-105e-4684-b087-4b6333aa3ced: start LeaderElection
2019-10-23 22:22:35,775 [aed1b97f-105e-4684-b087-4b6333aa3ced@group-F043E0AED0ED-LeaderElection402] INFO  impl.LeaderElection (LeaderElection.java:askForVotes(178)) - aed1b97f-105e-4684-b087-4b6333aa3ced@group-F043E0AED0ED-LeaderElection402: begin an election at term 450 for -1: [aed1b97f-105e-4684-b087-4b6333aa3ced:192.168.157.195:34943, 1c51b35f-55cb-4636-a00c-83d34bf2d9d4:192.168.157.195:34693, d21ee1f1-33f6-483c-a18b-27782ce1915a:192.168.157.195:46462], old=null
2019-10-23 22:22:35,776 [grpc-default-executor-3] INFO  impl.RaftServerImpl (RaftServerImpl.java:setRole(184)) - 1c51b35f-55cb-4636-a00c-83d34bf2d9d4@group-F043E0AED0ED: changes role from  FOLLOWER to FOLLOWER at term 450 for recognizeCandidate:aed1b97f-105e-4684-b087-4b6333aa3ced
2019-10-23 22:22:35,776 [grpc-default-executor-3] INFO  impl.RoleInfo (RoleInfo.java:shutdownFollowerState(121)) - 1c51b35f-55cb-4636-a00c-83d34bf2d9d4: shutdown FollowerState
2019-10-23 22:22:35,776 [grpc-default-executor-5] INFO  impl.RaftServerImpl (RaftServerImpl.java:setRole(184)) - d21ee1f1-33f6-483c-a18b-27782ce1915a@group-F043E0AED0ED: changes role from  FOLLOWER to FOLLOWER at term 450 for recognizeCandidate:aed1b97f-105e-4684-b087-4b6333aa3ced
2019-10-23 22:22:35,776 [grpc-default-executor-5] INFO  impl.RoleInfo (RoleInfo.java:shutdownFollowerState(121)) - d21ee1f1-33f6-483c-a18b-27782ce1915a: shutdown FollowerState
2019-10-23 22:22:35,776 [Thread-2942] INFO  impl.FollowerState (FollowerState.java:run(117)) - 1c51b35f-55cb-4636-a00c-83d34bf2d9d4@group-F043E0AED0ED-FollowerState was interrupted: java.lang.InterruptedException: sleep interrupted
2019-10-23 22:22:35,777 [Thread-2941] INFO  impl.FollowerState (FollowerState.java:run(117)) - d21ee1f1-33f6-483c-a18b-27782ce1915a@group-F043E0AED0ED-FollowerState was interrupted: java.lang.InterruptedException: sleep interrupted
2019-10-23 22:22:35,777 [grpc-default-executor-5] INFO  impl.RoleInfo (RoleInfo.java:updateAndGet(143)) - d21ee1f1-33f6-483c-a18b-27782ce1915a: start FollowerState
2019-10-23 22:22:35,777 [grpc-default-executor-3] INFO  impl.RoleInfo (RoleInfo.java:updateAndGet(143)) - 1c51b35f-55cb-4636-a00c-83d34bf2d9d4: start FollowerState
2019-10-23 22:22:35,791 [aed1b97f-105e-4684-b087-4b6333aa3ced@group-F043E0AED0ED-LeaderElection402] INFO  impl.LeaderElection (LeaderElection.java:logAndReturn(56)) - aed1b97f-105e-4684-b087-4b6333aa3ced@group-F043E0AED0ED-LeaderElection402: Election REJECTED; received 2 response(s) [aed1b97f-105e-4684-b087-4b6333aa3ced<-1c51b35f-55cb-4636-a00c-83d34bf2d9d4#0:FAIL-t450, aed1b97f-105e-4684-b087-4b6333aa3ced<-d21ee1f1-33f6-483c-a18b-27782ce1915a#0:FAIL-t450] and 0 exception(s); aed1b97f-105e-4684-b087-4b6333aa3ced@group-F043E0AED0ED:t450, leader=null, voted=aed1b97f-105e-4684-b087-4b6333aa3ced, raftlog=aed1b97f-105e-4684-b087-4b6333aa3ced@group-F043E0AED0ED-SegmentedRaftLog:OPENED:c-1,f-1,i0, conf=-1: [aed1b97f-105e-4684-b087-4b6333aa3ced:192.168.157.195:34943, 1c51b35f-55cb-4636-a00c-83d34bf2d9d4:192.168.157.195:34693, d21ee1f1-33f6-483c-a18b-27782ce1915a:192.168.157.195:46462], old=null
2019-10-23 22:22:35,791 [aed1b97f-105e-4684-b087-4b6333aa3ced@group-F043E0AED0ED-LeaderElection402] INFO  impl.RaftServerImpl (RaftServerImpl.java:setRole(184)) - aed1b97f-105e-4684-b087-4b6333aa3ced@group-F043E0AED0ED: changes role from CANDIDATE to FOLLOWER at term 450 for DISCOVERED_A_NEW_TERM
2019-10-23 22:22:35,791 [aed1b97f-105e-4684-b087-4b6333aa3ced@group-F043E0AED0ED-LeaderElection402] INFO  impl.RoleInfo (RoleInfo.java:shutdownLeaderElection(134)) - aed1b97f-105e-4684-b087-4b6333aa3ced: shutdown LeaderElection
2019-10-23 22:22:35,791 [aed1b97f-105e-4684-b087-4b6333aa3ced@group-F043E0AED0ED-LeaderElection402] INFO  impl.RoleInfo (RoleInfo.java:updateAndGet(143)) - aed1b97f-105e-4684-b087-4b6333aa3ced: start FollowerState
2019-10-23 22:22:35,902 [Thread-2951] INFO  impl.FollowerState (FollowerState.java:run(108)) - aed1b97f-105e-4684-b087-4b6333aa3ced@group-F043E0AED0ED-FollowerState: change to CANDIDATE, lastRpcTime:110ms, electionTimeout:110ms
2019-10-23 22:22:35,902 [Thread-2951] INFO  impl.RoleInfo (RoleInfo.java:shutdownFollowerState(121)) - aed1b97f-105e-4684-b087-4b6333aa3ced: shutdown FollowerState
2019-10-23 22:22:35,902 [Thread-2951] INFO  impl.RaftServerImpl (RaftServerImpl.java:setRole(184)) - aed1b97f-105e-4684-b087-4b6333aa3ced@group-F043E0AED0ED: changes role from  FOLLOWER to CANDIDATE at term 450 for changeToCandidate
2019-10-23 22:22:35,902 [Thread-2951] INFO  impl.RoleInfo (RoleInfo.java:updateAndGet(143)) - aed1b97f-105e-4684-b087-4b6333aa3ced: start LeaderElection
2019-10-23 22:22:35,915 [aed1b97f-105e-4684-b087-4b6333aa3ced@group-F043E0AED0ED-LeaderElection403] INFO  impl.LeaderElection (LeaderElection.java:askForVotes(178)) - aed1b97f-105e-4684-b087-4b6333aa3ced@group-F043E0AED0ED-LeaderElection403: begin an election at term 451 for -1: [aed1b97f-105e-4684-b087-4b6333aa3ced:192.168.157.195:34943, 1c51b35f-55cb-4636-a00c-83d34bf2d9d4:192.168.157.195:34693, d21ee1f1-33f6-483c-a18b-27782ce1915a:192.168.157.195:46462], old=null
2019-10-23 22:22:35,916 [grpc-default-executor-3] INFO  impl.RaftServerImpl (RaftServerImpl.java:setRole(184)) - 1c51b35f-55cb-4636-a00c-83d34bf2d9d4@group-F043E0AED0ED: changes role from  FOLLOWER to FOLLOWER at term 451 for recognizeCandidate:aed1b97f-105e-4684-b087-4b6333aa3ced
2019-10-23 22:22:35,917 [grpc-default-executor-3] INFO  impl.RoleInfo (RoleInfo.java:shutdownFollowerState(121)) - 1c51b35f-55cb-4636-a00c-83d34bf2d9d4: shutdown FollowerState
2019-10-23 22:22:35,916 [grpc-default-executor-5] INFO  impl.RaftServerImpl (RaftServerImpl.java:setRole(184)) - d21ee1f1-33f6-483c-a18b-27782ce1915a@group-F043E0AED0ED: changes role from  FOLLOWER to FOLLOWER at term 451 for recognizeCandidate:aed1b97f-105e-4684-b087-4b6333aa3ced
2019-10-23 22:22:35,917 [grpc-default-executor-5] INFO  impl.RoleInfo (RoleInfo.java:shutdownFollowerState(121)) - d21ee1f1-33f6-483c-a18b-27782ce1915a: shutdown FollowerState
2019-10-23 22:22:35,917 [Thread-2949] INFO  impl.FollowerState (FollowerState.java:run(117)) - 1c51b35f-55cb-4636-a00c-83d34bf2d9d4@group-F043E0AED0ED-FollowerState was interrupted: java.lang.InterruptedException: sleep interrupted
2019-10-23 22:22:35,917 [grpc-default-executor-3] INFO  impl.RoleInfo (RoleInfo.java:updateAndGet(143)) - 1c51b35f-55cb-4636-a00c-83d34bf2d9d4: start FollowerState
2019-10-23 22:22:35,917 [Thread-2950] INFO  impl.FollowerState (FollowerState.java:run(117)) - d21ee1f1-33f6-483c-a18b-27782ce1915a@group-F043E0AED0ED-FollowerState was interrupted: java.lang.InterruptedException: sleep interrupted
2019-10-23 22:22:35,917 [grpc-default-executor-5] INFO  impl.RoleInfo (RoleInfo.java:updateAndGet(143)) - d21ee1f1-33f6-483c-a18b-27782ce1915a: start FollowerState
2019-10-23 22:22:35,932 [aed1b97f-105e-4684-b087-4b6333aa3ced@group-F043E0AED0ED-LeaderElection403] INFO  impl.LeaderElection (LeaderElection.java:logAndReturn(56)) - aed1b97f-105e-4684-b087-4b6333aa3ced@group-F043E0AED0ED-LeaderElection403: Election REJECTED; received 2 response(s) [aed1b97f-105e-4684-b087-4b6333aa3ced<-1c51b35f-55cb-4636-a00c-83d34bf2d9d4#0:FAIL-t451, aed1b97f-105e-4684-b087-4b6333aa3ced<-d21ee1f1-33f6-483c-a18b-27782ce1915a#0:FAIL-t451] and 0 exception(s); aed1b97f-105e-4684-b087-4b6333aa3ced@group-F043E0AED0ED:t451, leader=null, voted=aed1b97f-105e-4684-b087-4b6333aa3ced, raftlog=aed1b97f-105e-4684-b087-4b6333aa3ced@group-F043E0AED0ED-SegmentedRaftLog:OPENED:c-1,f-1,i0, conf=-1: [aed1b97f-105e-4684-b087-4b6333aa3ced:192.168.157.195:34943, 1c51b35f-55cb-4636-a00c-83d34bf2d9d4:192.168.157.195:34693, d21ee1f1-33f6-483c-a18b-27782ce1915a:192.168.157.195:46462], old=null
2019-10-23 22:22:35,932 [aed1b97f-105e-4684-b087-4b6333aa3ced@group-F043E0AED0ED-LeaderElection403] INFO  impl.RaftServerImpl (RaftServerImpl.java:setRole(184)) - aed1b97f-105e-4684-b087-4b6333aa3ced@group-F043E0AED0ED: changes role from CANDIDATE to FOLLOWER at term 451 for DISCOVERED_A_NEW_TERM
2019-10-23 22:22:35,932 [aed1b97f-105e-4684-b087-4b6333aa3ced@group-F043E0AED0ED-LeaderElection403] INFO  impl.RoleInfo (RoleInfo.java:shutdownLeaderElection(134)) - aed1b97f-105e-4684-b087-4b6333aa3ced: shutdown LeaderElection
2019-10-23 22:22:35,932 [aed1b97f-105e-4684-b087-4b6333aa3ced@group-F043E0AED0ED-LeaderElection403] INFO  impl.RoleInfo (RoleInfo.java:updateAndGet(143)) - aed1b97f-105e-4684-b087-4b6333aa3ced: start FollowerState
2019-10-23 22:22:36,107 [Thread-2960] INFO  impl.FollowerState (FollowerState.java:run(108)) - aed1b97f-105e-4684-b087-4b6333aa3ced@group-F043E0AED0ED-FollowerState: change to CANDIDATE, lastRpcTime:175ms, electionTimeout:175ms
2019-10-23 22:22:36,108 [Thread-2960] INFO  impl.RoleInfo (RoleInfo.java:shutdownFollowerState(121)) - aed1b97f-105e-4684-b087-4b6333aa3ced: shutdown FollowerState
2019-10-23 22:22:36,108 [Thread-2960] INFO  impl.RaftServerImpl (RaftServerImpl.java:setRole(184)) - aed1b97f-105e-4684-b087-4b6333aa3ced@group-F043E0AED0ED: changes role from  FOLLOWER to CANDIDATE at term 451 for changeToCandidate
2019-10-23 22:22:36,108 [Thread-2960] INFO  impl.RoleInfo (RoleInfo.java:updateAndGet(143)) - aed1b97f-105e-4684-b087-4b6333aa3ced: start LeaderElection
2019-10-23 22:22:36,122 [aed1b97f-105e-4684-b087-4b6333aa3ced@group-F043E0AED0ED-LeaderElection404] INFO  impl.LeaderElection (LeaderElection.java:askForVotes(178)) - aed1b97f-105e-4684-b087-4b6333aa3ced@group-F043E0AED0ED-LeaderElection404: begin an election at term 452 for -1: [aed1b97f-105e-4684-b087-4b6333aa3ced:192.168.157.195:34943, 1c51b35f-55cb-4636-a00c-83d34bf2d9d4:192.168.157.195:34693, d21ee1f1-33f6-483c-a18b-27782ce1915a:192.168.157.195:46462], old=null
2019-10-23 22:22:36,124 [grpc-default-executor-5] INFO  impl.RaftServerImpl (RaftServerImpl.java:setRole(184)) - 1c51b35f-55cb-4636-a00c-83d34bf2d9d4@group-F043E0AED0ED: changes role from  FOLLOWER to FOLLOWER at term 452 for recognizeCandidate:aed1b97f-105e-4684-b087-4b6333aa3ced
2019-10-23 22:22:36,124 [grpc-default-executor-5] INFO  impl.RoleInfo (RoleInfo.java:shutdownFollowerState(121)) - 1c51b35f-55cb-4636-a00c-83d34bf2d9d4: shutdown FollowerState
2019-10-23 22:22:36,124 [grpc-default-executor-3] INFO  impl.RaftServerImpl (RaftServerImpl.java:setRole(184)) - d21ee1f1-33f6-483c-a18b-27782ce1915a@group-F043E0AED0ED: changes role from  FOLLOWER to FOLLOWER at term 452 for recognizeCandidate:aed1b97f-105e-4684-b087-4b6333aa3ced
2019-10-23 22:22:36,125 [grpc-default-executor-3] INFO  impl.RoleInfo (RoleInfo.java:shutdownFollowerState(121)) - d21ee1f1-33f6-483c-a18b-27782ce1915a: shutdown FollowerState
2019-10-23 22:22:36,124 [Thread-2958] INFO  impl.FollowerState (FollowerState.java:run(117)) - 1c51b35f-55cb-4636-a00c-83d34bf2d9d4@group-F043E0AED0ED-FollowerState was interrupted: java.lang.InterruptedException: sleep interrupted
2019-10-23 22:22:36,125 [Thread-2959] INFO  impl.FollowerState (FollowerState.java:run(117)) - d21ee1f1-33f6-483c-a18b-27782ce1915a@group-F043E0AED0ED-FollowerState was interrupted: java.lang.InterruptedException: sleep interrupted
2019-10-23 22:22:36,124 [grpc-default-executor-5] INFO  impl.RoleInfo (RoleInfo.java:updateAndGet(143)) - 1c51b35f-55cb-4636-a00c-83d34bf2d9d4: start FollowerState
2019-10-23 22:22:36,125 [grpc-default-executor-3] INFO  impl.RoleInfo (RoleInfo.java:updateAndGet(143)) - d21ee1f1-33f6-483c-a18b-27782ce1915a: start FollowerState
2019-10-23 22:22:36,139 [aed1b97f-105e-4684-b087-4b6333aa3ced@group-F043E0AED0ED-LeaderElection404] INFO  impl.LeaderElection (LeaderElection.java:logAndReturn(56)) - aed1b97f-105e-4684-b087-4b6333aa3ced@group-F043E0AED0ED-LeaderElection404: Election REJECTED; received 2 response(s) [aed1b97f-105e-4684-b087-4b6333aa3ced<-1c51b35f-55cb-4636-a00c-83d34bf2d9d4#0:FAIL-t452, aed1b97f-105e-4684-b087-4b6333aa3ced<-d21ee1f1-33f6-483c-a18b-27782ce1915a#0:FAIL-t452] and 0 exception(s); aed1b97f-105e-4684-b087-4b6333aa3ced@group-F043E0AED0ED:t452, leader=null, voted=aed1b97f-105e-4684-b087-4b6333aa3ced, raftlog=aed1b97f-105e-4684-b087-4b6333aa3ced@group-F043E0AED0ED-SegmentedRaftLog:OPENED:c-1,f-1,i0, conf=-1: [aed1b97f-105e-4684-b087-4b6333aa3ced:192.168.157.195:34943, 1c51b35f-55cb-4636-a00c-83d34bf2d9d4:192.168.157.195:34693, d21ee1f1-33f6-483c-a18b-27782ce1915a:192.168.157.195:46462], old=null
2019-10-23 22:22:36,140 [aed1b97f-105e-4684-b087-4b6333aa3ced@group-F043E0AED0ED-LeaderElection404] INFO  impl.RaftServerImpl (RaftServerImpl.java:setRole(184)) - aed1b97f-105e-4684-b087-4b6333aa3ced@group-F043E0AED0ED: changes role from CANDIDATE to FOLLOWER at term 452 for DISCOVERED_A_NEW_TERM
2019-10-23 22:22:36,140 [aed1b97f-105e-4684-b087-4b6333aa3ced@group-F043E0AED0ED-LeaderElection404] INFO  impl.RoleInfo (RoleInfo.java:shutdownLeaderElection(134)) - aed1b97f-105e-4684-b087-4b6333aa3ced: shutdown LeaderElection
2019-10-23 22:22:36,140 [aed1b97f-105e-4684-b087-4b6333aa3ced@group-F043E0AED0ED-LeaderElection404] INFO  impl.RoleInfo (RoleInfo.java:updateAndGet(143)) - aed1b97f-105e-4684-b087-4b6333aa3ced: start FollowerState
2019-10-23 22:22:36,180 [Thread-2967] INFO  impl.FollowerState (FollowerState.java:run(108)) - aed1b97f-105e-4684-b087-4b6333aa3ced@group-F043E0AED0ED-FollowerState: change to CANDIDATE, lastRpcTime:40ms, electionTimeout:40ms
2019-10-23 22:22:36,180 [Thread-2967] INFO  impl.RoleInfo (RoleInfo.java:shutdownFollowerState(121)) - aed1b97f-105e-4684-b087-4b6333aa3ced: shutdown FollowerState
2019-10-23 22:22:36,180 [Thread-2967] INFO  impl.RaftServerImpl (RaftServerImpl.java:setRole(184)) - aed1b97f-105e-4684-b087-4b6333aa3ced@group-F043E0AED0ED: changes role from  FOLLOWER to CANDIDATE at term 452 for changeToCandidate
2019-10-23 22:22:36,180 [Thread-2967] INFO  impl.RoleInfo (RoleInfo.java:updateAndGet(143)) - aed1b97f-105e-4684-b087-4b6333aa3ced: start LeaderElection
2019-10-23 22:22:36,205 [aed1b97f-105e-4684-b087-4b6333aa3ced@group-F043E0AED0ED-LeaderElection405] INFO  impl.LeaderElection (LeaderElection.java:askForVotes(178)) - aed1b97f-105e-4684-b087-4b6333aa3ced@group-F043E0AED0ED-LeaderElection405: begin an election at term 453 for -1: [aed1b97f-105e-4684-b087-4b6333aa3ced:192.168.157.195:34943, 1c51b35f-55cb-4636-a00c-83d34bf2d9d4:192.168.157.195:34693, d21ee1f1-33f6-483c-a18b-27782ce1915a:192.168.157.195:46462], old=null
2019-10-23 22:22:36,207 [grpc-default-executor-3] INFO  impl.RaftServerImpl (RaftServerImpl.java:setRole(184)) - 1c51b35f-55cb-4636-a00c-83d34bf2d9d4@group-F043E0AED0ED: changes role from  FOLLOWER to FOLLOWER at term 453 for recognizeCandidate:aed1b97f-105e-4684-b087-4b6333aa3ced
2019-10-23 22:22:36,207 [grpc-default-executor-3] INFO  impl.RoleInfo (RoleInfo.java:shutdownFollowerState(121)) - 1c51b35f-55cb-4636-a00c-83d34bf2d9d4: shutdown FollowerState
2019-10-23 22:22:36,207 [grpc-default-executor-5] INFO  impl.RaftServerImpl (RaftServerImpl.java:setRole(184)) - d21ee1f1-33f6-483c-a18b-27782ce1915a@group-F043E0AED0ED: changes role from  FOLLOWER to FOLLOWER at term 453 for recognizeCandidate:aed1b97f-105e-4684-b087-4b6333aa3ced
2019-10-23 22:22:36,207 [grpc-default-executor-5] INFO  impl.RoleInfo (RoleInfo.java:shutdownFollowerState(121)) - d21ee1f1-33f6-483c-a18b-27782ce1915a: shutdown FollowerState
2019-10-23 22:22:36,207 [Thread-2965] INFO  impl.FollowerState (FollowerState.java:run(117)) - 1c51b35f-55cb-4636-a00c-83d34bf2d9d4@group-F043E0AED0ED-FollowerState was interrupted: java.lang.InterruptedException: sleep interrupted
2019-10-23 22:22:36,207 [grpc-default-executor-3] INFO  impl.RoleInfo (RoleInfo.java:updateAndGet(143)) - 1c51b35f-55cb-4636-a00c-83d34bf2d9d4: start FollowerState
2019-10-23 22:22:36,207 [Thread-2966] INFO  impl.FollowerState (FollowerState.java:run(117)) - d21ee1f1-33f6-483c-a18b-27782ce1915a@group-F043E0AED0ED-FollowerState was interrupted: java.lang.InterruptedException: sleep interrupted
2019-10-23 22:22:36,207 [grpc-default-executor-5] INFO  impl.RoleInfo (RoleInfo.java:updateAndGet(143)) - d21ee1f1-33f6-483c-a18b-27782ce1915a: start FollowerState
2019-10-23 22:22:36,221 [aed1b97f-105e-4684-b087-4b6333aa3ced@group-F043E0AED0ED-LeaderElection405] INFO  impl.LeaderElection (LeaderElection.java:logAndReturn(56)) - aed1b97f-105e-4684-b087-4b6333aa3ced@group-F043E0AED0ED-LeaderElection405: Election REJECTED; received 2 response(s) [aed1b97f-105e-4684-b087-4b6333aa3ced<-1c51b35f-55cb-4636-a00c-83d34bf2d9d4#0:FAIL-t453, aed1b97f-105e-4684-b087-4b6333aa3ced<-d21ee1f1-33f6-483c-a18b-27782ce1915a#0:FAIL-t453] and 0 exception(s); aed1b97f-105e-4684-b087-4b6333aa3ced@group-F043E0AED0ED:t453, leader=null, voted=aed1b97f-105e-4684-b087-4b6333aa3ced, raftlog=aed1b97f-105e-4684-b087-4b6333aa3ced@group-F043E0AED0ED-SegmentedRaftLog:OPENED:c-1,f-1,i0, conf=-1: [aed1b97f-105e-4684-b087-4b6333aa3ced:192.168.157.195:34943, 1c51b35f-55cb-4636-a00c-83d34bf2d9d4:192.168.157.195:34693, d21ee1f1-33f6-483c-a18b-27782ce1915a:192.168.157.195:46462], old=null
2019-10-23 22:22:36,222 [aed1b97f-105e-4684-b087-4b6333aa3ced@group-F043E0AED0ED-LeaderElection405] INFO  impl.RaftServerImpl (RaftServerImpl.java:setRole(184)) - aed1b97f-105e-4684-b087-4b6333aa3ced@group-F043E0AED0ED: changes role from CANDIDATE to FOLLOWER at term 453 for DISCOVERED_A_NEW_TERM
2019-10-23 22:22:36,222 [aed1b97f-105e-4684-b087-4b6333aa3ced@group-F043E0AED0ED-LeaderElection405] INFO  impl.RoleInfo (RoleInfo.java:shutdownLeaderElection(134)) - aed1b97f-105e-4684-b087-4b6333aa3ced: shutdown LeaderElection
2019-10-23 22:22:36,222 [aed1b97f-105e-4684-b087-4b6333aa3ced@group-F043E0AED0ED-LeaderElection405] INFO  impl.RoleInfo (RoleInfo.java:updateAndGet(143)) - aed1b97f-105e-4684-b087-4b6333aa3ced: start FollowerState
2019-10-23 22:22:36,272 [Thread-2973] INFO  impl.FollowerState (FollowerState.java:run(108)) - aed1b97f-105e-4684-b087-4b6333aa3ced@group-F043E0AED0ED-FollowerState: change to CANDIDATE, lastRpcTime:50ms, electionTimeout:50ms
2019-10-23 22:22:36,272 [Thread-2973] INFO  impl.RoleInfo (RoleInfo.java:shutdownFollowerState(121)) - aed1b97f-105e-4684-b087-4b6333aa3ced: shutdown FollowerState
2019-10-23 22:22:36,272 [Thread-2973] INFO  impl.RaftServerImpl (RaftServerImpl.java:setRole(184)) - aed1b97f-105e-4684-b087-4b6333aa3ced@group-F043E0AED0ED: changes role from  FOLLOWER to CANDIDATE at term 453 for changeToCandidate
2019-10-23 22:22:36,272 [Thread-2973] INFO  impl.RoleInfo (RoleInfo.java:updateAndGet(143)) - aed1b97f-105e-4684-b087-4b6333aa3ced: start LeaderElection
2019-10-23 22:22:36,285 [aed1b97f-105e-4684-b087-4b6333aa3ced@group-F043E0AED0ED-LeaderElection406] INFO  impl.LeaderElection (LeaderElection.java:askForVotes(178)) - aed1b97f-105e-4684-b087-4b6333aa3ced@group-F043E0AED0ED-LeaderElection406: begin an election at term 454 for -1: [aed1b97f-105e-4684-b087-4b6333aa3ced:192.168.157.195:34943, 1c51b35f-55cb-4636-a00c-83d34bf2d9d4:192.168.157.195:34693, d21ee1f1-33f6-483c-a18b-27782ce1915a:192.168.157.195:46462], old=null
2019-10-23 22:22:36,286 [grpc-default-executor-5] INFO  impl.RaftServerImpl (RaftServerImpl.java:setRole(184)) - 1c51b35f-55cb-4636-a00c-83d34bf2d9d4@group-F043E0AED0ED: changes role from  FOLLOWER to FOLLOWER at term 454 for recognizeCandidate:aed1b97f-105e-4684-b087-4b6333aa3ced
2019-10-23 22:22:36,287 [grpc-default-executor-3] INFO  impl.RaftServerImpl (RaftServerImpl.java:setRole(184)) - d21ee1f1-33f6-483c-a18b-27782ce1915a@group-F043E0AED0ED: changes role from  FOLLOWER to FOLLOWER at term 454 for recognizeCandidate:aed1b97f-105e-4684-b087-4b6333aa3ced
2019-10-23 22:22:36,287 [grpc-default-executor-3] INFO  impl.RoleInfo (RoleInfo.java:shutdownFollowerState(121)) - d21ee1f1-33f6-483c-a18b-27782ce1915a: shutdown FollowerState
2019-10-23 22:22:36,287 [grpc-default-executor-5] INFO  impl.RoleInfo (RoleInfo.java:shutdownFollowerState(121)) - 1c51b35f-55cb-4636-a00c-83d34bf2d9d4: shutdown FollowerState
2019-10-23 22:22:36,287 [Thread-2972] INFO  impl.FollowerState (FollowerState.java:run(117)) - d21ee1f1-33f6-483c-a18b-27782ce1915a@group-F043E0AED0ED-FollowerState was interrupted: java.lang.InterruptedException: sleep interrupted
2019-10-23 22:22:36,287 [Thread-2971] INFO  impl.FollowerState (FollowerState.java:run(117)) - 1c51b35f-55cb-4636-a00c-83d34bf2d9d4@group-F043E0AED0ED-FollowerState was interrupted: java.lang.InterruptedException: sleep interrupted
2019-10-23 22:22:36,287 [grpc-default-executor-3] INFO  impl.RoleInfo (RoleInfo.java:updateAndGet(143)) - d21ee1f1-33f6-483c-a18b-27782ce1915a: start FollowerState
2019-10-23 22:22:36,287 [grpc-default-executor-5] INFO  impl.RoleInfo (RoleInfo.java:updateAndGet(143)) - 1c51b35f-55cb-4636-a00c-83d34bf2d9d4: start FollowerState
2019-10-23 22:22:36,309 [aed1b97f-105e-4684-b087-4b6333aa3ced@group-F043E0AED0ED-LeaderElection406] INFO  impl.LeaderElection (LeaderElection.java:logAndReturn(56)) - aed1b97f-105e-4684-b087-4b6333aa3ced@group-F043E0AED0ED-LeaderElection406: Election REJECTED; received 2 response(s) [aed1b97f-105e-4684-b087-4b6333aa3ced<-1c51b35f-55cb-4636-a00c-83d34bf2d9d4#0:FAIL-t454, aed1b97f-105e-4684-b087-4b6333aa3ced<-d21ee1f1-33f6-483c-a18b-27782ce1915a#0:FAIL-t454] and 0 exception(s); aed1b97f-105e-4684-b087-4b6333aa3ced@group-F043E0AED0ED:t454, leader=null, voted=aed1b97f-105e-4684-b087-4b6333aa3ced, raftlog=aed1b97f-105e-4684-b087-4b6333aa3ced@group-F043E0AED0ED-SegmentedRaftLog:OPENED:c-1,f-1,i0, conf=-1: [aed1b97f-105e-4684-b087-4b6333aa3ced:192.168.157.195:34943, 1c51b35f-55cb-4636-a00c-83d34bf2d9d4:192.168.157.195:34693, d21ee1f1-33f6-483c-a18b-27782ce1915a:192.168.157.195:46462], old=null
2019-10-23 22:22:36,309 [aed1b97f-105e-4684-b087-4b6333aa3ced@group-F043E0AED0ED-LeaderElection406] INFO  impl.RaftServerImpl (RaftServerImpl.java:setRole(184)) - aed1b97f-105e-4684-b087-4b6333aa3ced@group-F043E0AED0ED: changes role from CANDIDATE to FOLLOWER at term 454 for DISCOVERED_A_NEW_TERM
2019-10-23 22:22:36,309 [aed1b97f-105e-4684-b087-4b6333aa3ced@group-F043E0AED0ED-LeaderElection406] INFO  impl.RoleInfo (RoleInfo.java:shutdownLeaderElection(134)) - aed1b97f-105e-4684-b087-4b6333aa3ced: shutdown LeaderElection
2019-10-23 22:22:36,309 [aed1b97f-105e-4684-b087-4b6333aa3ced@group-F043E0AED0ED-LeaderElection406] INFO  impl.RoleInfo (RoleInfo.java:updateAndGet(143)) - aed1b97f-105e-4684-b087-4b6333aa3ced: start FollowerState
2019-10-23 22:22:36,412 [Thread-2979] INFO  impl.FollowerState (FollowerState.java:run(108)) - aed1b97f-105e-4684-b087-4b6333aa3ced@group-F043E0AED0ED-FollowerState: change to CANDIDATE, lastRpcTime:102ms, electionTimeout:102ms
2019-10-23 22:22:36,412 [Thread-2979] INFO  impl.RoleInfo (RoleInfo.java:shutdownFollowerState(121)) - aed1b97f-105e-4684-b087-4b6333aa3ced: shutdown FollowerState
2019-10-23 22:22:36,412 [Thread-2979] INFO  impl.RaftServerImpl (RaftServerImpl.java:setRole(184)) - aed1b97f-105e-4684-b087-4b6333aa3ced@group-F043E0AED0ED: changes role from  FOLLOWER to CANDIDATE at term 454 for changeToCandidate
2019-10-23 22:22:36,412 [Thread-2979] INFO  impl.RoleInfo (RoleInfo.java:updateAndGet(143)) - aed1b97f-105e-4684-b087-4b6333aa3ced: start LeaderElection
2019-10-23 22:22:36,425 [aed1b97f-105e-4684-b087-4b6333aa3ced@group-F043E0AED0ED-LeaderElection407] INFO  impl.LeaderElection (LeaderElection.java:askForVotes(178)) - aed1b97f-105e-4684-b087-4b6333aa3ced@group-F043E0AED0ED-LeaderElection407: begin an election at term 455 for -1: [aed1b97f-105e-4684-b087-4b6333aa3ced:192.168.157.195:34943, 1c51b35f-55cb-4636-a00c-83d34bf2d9d4:192.168.157.195:34693, d21ee1f1-33f6-483c-a18b-27782ce1915a:192.168.157.195:46462], old=null
2019-10-23 22:22:36,427 [grpc-default-executor-3] INFO  impl.RaftServerImpl (RaftServerImpl.java:setRole(184)) - 1c51b35f-55cb-4636-a00c-83d34bf2d9d4@group-F043E0AED0ED: changes role from  FOLLOWER to FOLLOWER at term 455 for recognizeCandidate:aed1b97f-105e-4684-b087-4b6333aa3ced
2019-10-23 22:22:36,427 [grpc-default-executor-3] INFO  impl.RoleInfo (RoleInfo.java:shutdownFollowerState(121)) - 1c51b35f-55cb-4636-a00c-83d34bf2d9d4: shutdown FollowerState
2019-10-23 22:22:36,427 [grpc-default-executor-5] INFO  impl.RaftServerImpl (RaftServerImpl.java:setRole(184)) - d21ee1f1-33f6-483c-a18b-27782ce1915a@group-F043E0AED0ED: changes role from  FOLLOWER to FOLLOWER at term 455 for recognizeCandidate:aed1b97f-105e-4684-b087-4b6333aa3ced
2019-10-23 22:22:36,427 [grpc-default-executor-5] INFO  impl.RoleInfo (RoleInfo.java:shutdownFollowerState(121)) - d21ee1f1-33f6-483c-a18b-27782ce1915a: shutdown FollowerState
2019-10-23 22:22:36,427 [Thread-2978] INFO  impl.FollowerState (FollowerState.java:run(117)) - 1c51b35f-55cb-4636-a00c-83d34bf2d9d4@group-F043E0AED0ED-FollowerState was interrupted: java.lang.InterruptedException: sleep interrupted
2019-10-23 22:22:36,427 [Thread-2977] INFO  impl.FollowerState (FollowerState.java:run(117)) - d21ee1f1-33f6-483c-a18b-27782ce1915a@group-F043E0AED0ED-FollowerState was interrupted: java.lang.InterruptedException: sleep interrupted
2019-10-23 22:22:36,427 [grpc-default-executor-3] INFO  impl.RoleInfo (RoleInfo.java:updateAndGet(143)) - 1c51b35f-55cb-4636-a00c-83d34bf2d9d4: start FollowerState
2019-10-23 22:22:36,427 [grpc-default-executor-5] INFO  impl.RoleInfo (RoleInfo.java:updateAndGet(143)) - d21ee1f1-33f6-483c-a18b-27782ce1915a: start FollowerState
2019-10-23 22:22:36,453 [aed1b97f-105e-4684-b087-4b6333aa3ced@group-F043E0AED0ED-LeaderElection407] INFO  impl.LeaderElection (LeaderElection.java:logAndReturn(56)) - aed1b97f-105e-4684-b087-4b6333aa3ced@group-F043E0AED0ED-LeaderElection407: Election REJECTED; received 2 response(s) [aed1b97f-105e-4684-b087-4b6333aa3ced<-1c51b35f-55cb-4636-a00c-83d34bf2d9d4#0:FAIL-t455, aed1b97f-105e-4684-b087-4b6333aa3ced<-d21ee1f1-33f6-483c-a18b-27782ce1915a#0:FAIL-t455] and 0 exception(s); aed1b97f-105e-4684-b087-4b6333aa3ced@group-F043E0AED0ED:t455, leader=null, voted=aed1b97f-105e-4684-b087-4b6333aa3ced, raftlog=aed1b97f-105e-4684-b087-4b6333aa3ced@group-F043E0AED0ED-SegmentedRaftLog:OPENED:c-1,f-1,i0, conf=-1: [aed1b97f-105e-4684-b087-4b6333aa3ced:192.168.157.195:34943, 1c51b35f-55cb-4636-a00c-83d34bf2d9d4:192.168.157.195:34693, d21ee1f1-33f6-483c-a18b-27782ce1915a:192.168.157.195:46462], old=null
2019-10-23 22:22:36,454 [aed1b97f-105e-4684-b087-4b6333aa3ced@group-F043E0AED0ED-LeaderElection407] INFO  impl.RaftServerImpl (RaftServerImpl.java:setRole(184)) - aed1b97f-105e-4684-b087-4b6333aa3ced@group-F043E0AED0ED: changes role from CANDIDATE to FOLLOWER at term 455 for DISCOVERED_A_NEW_TERM
2019-10-23 22:22:36,454 [aed1b97f-105e-4684-b087-4b6333aa3ced@group-F043E0AED0ED-LeaderElection407] INFO  impl.RoleInfo (RoleInfo.java:shutdownLeaderElection(134)) - aed1b97f-105e-4684-b087-4b6333aa3ced: shutdown LeaderElection
2019-10-23 22:22:36,454 [aed1b97f-105e-4684-b087-4b6333aa3ced@group-F043E0AED0ED-LeaderElection407] INFO  impl.RoleInfo (RoleInfo.java:updateAndGet(143)) - aed1b97f-105e-4684-b087-4b6333aa3ced: start FollowerState
2019-10-23 22:22:36,621 [Thread-2985] INFO  impl.FollowerState (FollowerState.java:run(108)) - aed1b97f-105e-4684-b087-4b6333aa3ced@group-F043E0AED0ED-FollowerState: change to CANDIDATE, lastRpcTime:167ms, electionTimeout:167ms
2019-10-23 22:22:36,621 [Thread-2985] INFO  impl.RoleInfo (RoleInfo.java:shutdownFollowerState(121)) - aed1b97f-105e-4684-b087-4b6333aa3ced: shutdown FollowerState
2019-10-23 22:22:36,621 [Thread-2985] INFO  impl.RaftServerImpl (RaftServerImpl.java:setRole(184)) - aed1b97f-105e-4684-b087-4b6333aa3ced@group-F043E0AED0ED: changes role from  FOLLOWER to CANDIDATE at term 455 for changeToCandidate
2019-10-23 22:22:36,622 [Thread-2985] INFO  impl.RoleInfo (RoleInfo.java:updateAndGet(143)) - aed1b97f-105e-4684-b087-4b6333aa3ced: start LeaderElection
2019-10-23 22:22:36,648 [aed1b97f-105e-4684-b087-4b6333aa3ced@group-F043E0AED0ED-LeaderElection408] INFO  impl.LeaderElection (LeaderElection.java:askForVotes(178)) - aed1b97f-105e-4684-b087-4b6333aa3ced@group-F043E0AED0ED-LeaderElection408: begin an election at term 456 for -1: [aed1b97f-105e-4684-b087-4b6333aa3ced:192.168.157.195:34943, 1c51b35f-55cb-4636-a00c-83d34bf2d9d4:192.168.157.195:34693, d21ee1f1-33f6-483c-a18b-27782ce1915a:192.168.157.195:46462], old=null
2019-10-23 22:22:36,649 [grpc-default-executor-5] INFO  impl.RaftServerImpl (RaftServerImpl.java:setRole(184)) - 1c51b35f-55cb-4636-a00c-83d34bf2d9d4@group-F043E0AED0ED: changes role from  FOLLOWER to FOLLOWER at term 456 for recognizeCandidate:aed1b97f-105e-4684-b087-4b6333aa3ced
2019-10-23 22:22:36,649 [grpc-default-executor-5] INFO  impl.RoleInfo (RoleInfo.java:shutdownFollowerState(121)) - 1c51b35f-55cb-4636-a00c-83d34bf2d9d4: shutdown FollowerState
2019-10-23 22:22:36,650 [grpc-default-executor-3] INFO  impl.RaftServerImpl (RaftServerImpl.java:setRole(184)) - d21ee1f1-33f6-483c-a18b-27782ce1915a@group-F043E0AED0ED: changes role from  FOLLOWER to FOLLOWER at term 456 for recognizeCandidate:aed1b97f-105e-4684-b087-4b6333aa3ced
2019-10-23 22:22:36,650 [grpc-default-executor-3] INFO  impl.RoleInfo (RoleInfo.java:shutdownFollowerState(121)) - d21ee1f1-33f6-483c-a18b-27782ce1915a: shutdown FollowerState
2019-10-23 22:22:36,650 [Thread-2983] INFO  impl.FollowerState (FollowerState.java:run(117)) - 1c51b35f-55cb-4636-a00c-83d34bf2d9d4@group-F043E0AED0ED-FollowerState was interrupted: java.lang.InterruptedException: sleep interrupted
2019-10-23 22:22:36,650 [grpc-default-executor-5] INFO  impl.RoleInfo (RoleInfo.java:updateAndGet(143)) - 1c51b35f-55cb-4636-a00c-83d34bf2d9d4: start FollowerState
2019-10-23 22:22:36,650 [Thread-2984] INFO  impl.FollowerState (FollowerState.java:run(117)) - d21ee1f1-33f6-483c-a18b-27782ce1915a@group-F043E0AED0ED-FollowerState was interrupted: java.lang.InterruptedException: sleep interrupted
2019-10-23 22:22:36,650 [grpc-default-executor-3] INFO  impl.RoleInfo (RoleInfo.java:updateAndGet(143)) - d21ee1f1-33f6-483c-a18b-27782ce1915a: start FollowerState
2019-10-23 22:22:36,676 [aed1b97f-105e-4684-b087-4b6333aa3ced@group-F043E0AED0ED-LeaderElection408] INFO  impl.LeaderElection (LeaderElection.java:logAndReturn(56)) - aed1b97f-105e-4684-b087-4b6333aa3ced@group-F043E0AED0ED-LeaderElection408: Election REJECTED; received 2 response(s) [aed1b97f-105e-4684-b087-4b6333aa3ced<-1c51b35f-55cb-4636-a00c-83d34bf2d9d4#0:FAIL-t456, aed1b97f-105e-4684-b087-4b6333aa3ced<-d21ee1f1-33f6-483c-a18b-27782ce1915a#0:FAIL-t456] and 0 exception(s); aed1b97f-105e-4684-b087-4b6333aa3ced@group-F043E0AED0ED:t456, leader=null, voted=aed1b97f-105e-4684-b087-4b6333aa3ced, raftlog=aed1b97f-105e-4684-b087-4b6333aa3ced@group-F043E0AED0ED-SegmentedRaftLog:OPENED:c-1,f-1,i0, conf=-1: [aed1b97f-105e-4684-b087-4b6333aa3ced:192.168.157.195:34943, 1c51b35f-55cb-4636-a00c-83d34bf2d9d4:192.168.157.195:34693, d21ee1f1-33f6-483c-a18b-27782ce1915a:192.168.157.195:46462], old=null
2019-10-23 22:22:36,676 [aed1b97f-105e-4684-b087-4b6333aa3ced@group-F043E0AED0ED-LeaderElection408] INFO  impl.RaftServerImpl (RaftServerImpl.java:setRole(184)) - aed1b97f-105e-4684-b087-4b6333aa3ced@group-F043E0AED0ED: changes role from CANDIDATE to FOLLOWER at term 456 for DISCOVERED_A_NEW_TERM
2019-10-23 22:22:36,676 [aed1b97f-105e-4684-b087-4b6333aa3ced@group-F043E0AED0ED-LeaderElection408] INFO  impl.RoleInfo (RoleInfo.java:shutdownLeaderElection(134)) - aed1b97f-105e-4684-b087-4b6333aa3ced: shutdown LeaderElection
2019-10-23 22:22:36,676 [aed1b97f-105e-4684-b087-4b6333aa3ced@group-F043E0AED0ED-LeaderElection408] INFO  impl.RoleInfo (RoleInfo.java:updateAndGet(143)) - aed1b97f-105e-4684-b087-4b6333aa3ced: start FollowerState
2019-10-23 22:22:36,754 [Thread-2993] INFO  impl.FollowerState (FollowerState.java:run(108)) - aed1b97f-105e-4684-b087-4b6333aa3ced@group-F043E0AED0ED-FollowerState: change to CANDIDATE, lastRpcTime:77ms, electionTimeout:77ms
2019-10-23 22:22:36,754 [Thread-2993] INFO  impl.RoleInfo (RoleInfo.java:shutdownFollowerState(121)) - aed1b97f-105e-4684-b087-4b6333aa3ced: shutdown FollowerState
2019-10-23 22:22:36,754 [Thread-2993] INFO  impl.RaftServerImpl (RaftServerImpl.java:setRole(184)) - aed1b97f-105e-4684-b087-4b6333aa3ced@group-F043E0AED0ED: changes role from  FOLLOWER to CANDIDATE at term 456 for changeToCandidate
2019-10-23 22:22:36,754 [Thread-2993] INFO  impl.RoleInfo (RoleInfo.java:updateAndGet(143)) - aed1b97f-105e-4684-b087-4b6333aa3ced: start LeaderElection
2019-10-23 22:22:36,769 [aed1b97f-105e-4684-b087-4b6333aa3ced@group-F043E0AED0ED-LeaderElection409] INFO  impl.LeaderElection (LeaderElection.java:askForVotes(178)) - aed1b97f-105e-4684-b087-4b6333aa3ced@group-F043E0AED0ED-LeaderElection409: begin an election at term 457 for -1: [aed1b97f-105e-4684-b087-4b6333aa3ced:192.168.157.195:34943, 1c51b35f-55cb-4636-a00c-83d34bf2d9d4:192.168.157.195:34693, d21ee1f1-33f6-483c-a18b-27782ce1915a:192.168.157.195:46462], old=null
2019-10-23 22:22:36,771 [grpc-default-executor-5] INFO  impl.RaftServerImpl (RaftServerImpl.java:setRole(184)) - d21ee1f1-33f6-483c-a18b-27782ce1915a@group-F043E0AED0ED: changes role from  FOLLOWER to FOLLOWER at term 457 for recognizeCandidate:aed1b97f-105e-4684-b087-4b6333aa3ced
2019-10-23 22:22:36,771 [grpc-default-executor-5] INFO  impl.RoleInfo (RoleInfo.java:shutdownFollowerState(121)) - d21ee1f1-33f6-483c-a18b-27782ce1915a: shutdown FollowerState
2019-10-23 22:22:36,771 [grpc-default-executor-3] INFO  impl.RaftServerImpl (RaftServerImpl.java:setRole(184)) - 1c51b35f-55cb-4636-a00c-83d34bf2d9d4@group-F043E0AED0ED: changes role from  FOLLOWER to FOLLOWER at term 457 for recognizeCandidate:aed1b97f-105e-4684-b087-4b6333aa3ced
2019-10-23 22:22:36,771 [grpc-default-executor-3] INFO  impl.RoleInfo (RoleInfo.java:shutdownFollowerState(121)) - 1c51b35f-55cb-4636-a00c-83d34bf2d9d4: shutdown FollowerState
2019-10-23 22:22:36,771 [Thread-2992] INFO  impl.FollowerState (FollowerState.java:run(117)) - d21ee1f1-33f6-483c-a18b-27782ce1915a@group-F043E0AED0ED-FollowerState was interrupted: java.lang.InterruptedException: sleep interrupted
2019-10-23 22:22:36,771 [grpc-default-executor-5] INFO  impl.RoleInfo (RoleInfo.java:updateAndGet(143)) - d21ee1f1-33f6-483c-a18b-27782ce1915a: start FollowerState
2019-10-23 22:22:36,771 [Thread-2991] INFO  impl.FollowerState (FollowerState.java:run(117)) - 1c51b35f-55cb-4636-a00c-83d34bf2d9d4@group-F043E0AED0ED-FollowerState was interrupted: java.lang.InterruptedException: sleep interrupted
2019-10-23 22:22:36,771 [grpc-default-executor-3] INFO  impl.RoleInfo (RoleInfo.java:updateAndGet(143)) - 1c51b35f-55cb-4636-a00c-83d34bf2d9d4: start FollowerState
2019-10-23 22:22:36,787 [aed1b97f-105e-4684-b087-4b6333aa3ced@group-F043E0AED0ED-LeaderElection409] INFO  impl.LeaderElection (LeaderElection.java:logAndReturn(56)) - aed1b97f-105e-4684-b087-4b6333aa3ced@group-F043E0AED0ED-LeaderElection409: Election REJECTED; received 2 response(s) [aed1b97f-105e-4684-b087-4b6333aa3ced<-1c51b35f-55cb-4636-a00c-83d34bf2d9d4#0:FAIL-t457, aed1b97f-105e-4684-b087-4b6333aa3ced<-d21ee1f1-33f6-483c-a18b-27782ce1915a#0:FAIL-t457] and 0 exception(s); aed1b97f-105e-4684-b087-4b6333aa3ced@group-F043E0AED0ED:t457, leader=null, voted=aed1b97f-105e-4684-b087-4b6333aa3ced, raftlog=aed1b97f-105e-4684-b087-4b6333aa3ced@group-F043E0AED0ED-SegmentedRaftLog:OPENED:c-1,f-1,i0, conf=-1: [aed1b97f-105e-4684-b087-4b6333aa3ced:192.168.157.195:34943, 1c51b35f-55cb-4636-a00c-83d34bf2d9d4:192.168.157.195:34693, d21ee1f1-33f6-483c-a18b-27782ce1915a:192.168.157.195:46462], old=null
2019-10-23 22:22:36,787 [aed1b97f-105e-4684-b087-4b6333aa3ced@group-F043E0AED0ED-LeaderElection409] INFO  impl.RaftServerImpl (RaftServerImpl.java:setRole(184)) - aed1b97f-105e-4684-b087-4b6333aa3ced@group-F043E0AED0ED: changes role from CANDIDATE to FOLLOWER at term 457 for DISCOVERED_A_NEW_TERM
2019-10-23 22:22:36,787 [aed1b97f-105e-4684-b087-4b6333aa3ced@group-F043E0AED0ED-LeaderElection409] INFO  impl.RoleInfo (RoleInfo.java:shutdownLeaderElection(134)) - aed1b97f-105e-4684-b087-4b6333aa3ced: shutdown LeaderElection
2019-10-23 22:22:36,787 [aed1b97f-105e-4684-b087-4b6333aa3ced@group-F043E0AED0ED-LeaderElection409] INFO  impl.RoleInfo (RoleInfo.java:updateAndGet(143)) - aed1b97f-105e-4684-b087-4b6333aa3ced: start FollowerState
2019-10-23 22:22:36,798 [Thread-2999] INFO  impl.FollowerState (FollowerState.java:run(108)) - aed1b97f-105e-4684-b087-4b6333aa3ced@group-F043E0AED0ED-FollowerState: change to CANDIDATE, lastRpcTime:10ms, electionTimeout:10ms
2019-10-23 22:22:36,798 [Thread-2999] INFO  impl.RoleInfo (RoleInfo.java:shutdownFollowerState(121)) - aed1b97f-105e-4684-b087-4b6333aa3ced: shutdown FollowerState
2019-10-23 22:22:36,798 [Thread-2999] INFO  impl.RaftServerImpl (RaftServerImpl.java:setRole(184)) - aed1b97f-105e-4684-b087-4b6333aa3ced@group-F043E0AED0ED: changes role from  FOLLOWER to CANDIDATE at term 457 for changeToCandidate
2019-10-23 22:22:36,798 [Thread-2999] INFO  impl.RoleInfo (RoleInfo.java:updateAndGet(143)) - aed1b97f-105e-4684-b087-4b6333aa3ced: start LeaderElection
2019-10-23 22:22:36,813 [aed1b97f-105e-4684-b087-4b6333aa3ced@group-F043E0AED0ED-LeaderElection410] INFO  impl.LeaderElection (LeaderElection.java:askForVotes(178)) - aed1b97f-105e-4684-b087-4b6333aa3ced@group-F043E0AED0ED-LeaderElection410: begin an election at term 458 for -1: [aed1b97f-105e-4684-b087-4b6333aa3ced:192.168.157.195:34943, 1c51b35f-55cb-4636-a00c-83d34bf2d9d4:192.168.157.195:34693, d21ee1f1-33f6-483c-a18b-27782ce1915a:192.168.157.195:46462], old=null
2019-10-23 22:22:36,815 [grpc-default-executor-3] INFO  impl.RaftServerImpl (RaftServerImpl.java:setRole(184)) - 1c51b35f-55cb-4636-a00c-83d34bf2d9d4@group-F043E0AED0ED: changes role from  FOLLOWER to FOLLOWER at term 458 for recognizeCandidate:aed1b97f-105e-4684-b087-4b6333aa3ced
2019-10-23 22:22:36,815 [grpc-default-executor-3] INFO  impl.RoleInfo (RoleInfo.java:shutdownFollowerState(121)) - 1c51b35f-55cb-4636-a00c-83d34bf2d9d4: shutdown FollowerState
2019-10-23 22:22:36,815 [grpc-default-executor-5] INFO  impl.RaftServerImpl (RaftServerImpl.java:setRole(184)) - d21ee1f1-33f6-483c-a18b-27782ce1915a@group-F043E0AED0ED: changes role from  FOLLOWER to FOLLOWER at term 458 for recognizeCandidate:aed1b97f-105e-4684-b087-4b6333aa3ced
2019-10-23 22:22:36,815 [grpc-default-executor-5] INFO  impl.RoleInfo (RoleInfo.java:shutdownFollowerState(121)) - d21ee1f1-33f6-483c-a18b-27782ce1915a: shutdown FollowerState
2019-10-23 22:22:36,815 [Thread-2998] INFO  impl.FollowerState (FollowerState.java:run(117)) - 1c51b35f-55cb-4636-a00c-83d34bf2d9d4@group-F043E0AED0ED-FollowerState was interrupted: java.lang.InterruptedException: sleep interrupted
2019-10-23 22:22:36,815 [grpc-default-executor-3] INFO  impl.RoleInfo (RoleInfo.java:updateAndGet(143)) - 1c51b35f-55cb-4636-a00c-83d34bf2d9d4: start FollowerState
2019-10-23 22:22:36,815 [Thread-2997] INFO  impl.FollowerState (FollowerState.java:run(117)) - d21ee1f1-33f6-483c-a18b-27782ce1915a@group-F043E0AED0ED-FollowerState was interrupted: java.lang.InterruptedException: sleep interrupted
2019-10-23 22:22:36,815 [grpc-default-executor-5] INFO  impl.RoleInfo (RoleInfo.java:updateAndGet(143)) - d21ee1f1-33f6-483c-a18b-27782ce1915a: start FollowerState
2019-10-23 22:22:36,831 [aed1b97f-105e-4684-b087-4b6333aa3ced@group-F043E0AED0ED-LeaderElection410] INFO  impl.LeaderElection (LeaderElection.java:logAndReturn(56)) - aed1b97f-105e-4684-b087-4b6333aa3ced@group-F043E0AED0ED-LeaderElection410: Election REJECTED; received 2 response(s) [aed1b97f-105e-4684-b087-4b6333aa3ced<-1c51b35f-55cb-4636-a00c-83d34bf2d9d4#0:FAIL-t458, aed1b97f-105e-4684-b087-4b6333aa3ced<-d21ee1f1-33f6-483c-a18b-27782ce1915a#0:FAIL-t458] and 0 exception(s); aed1b97f-105e-4684-b087-4b6333aa3ced@group-F043E0AED0ED:t458, leader=null, voted=aed1b97f-105e-4684-b087-4b6333aa3ced, raftlog=aed1b97f-105e-4684-b087-4b6333aa3ced@group-F043E0AED0ED-SegmentedRaftLog:OPENED:c-1,f-1,i0, conf=-1: [aed1b97f-105e-4684-b087-4b6333aa3ced:192.168.157.195:34943, 1c51b35f-55cb-4636-a00c-83d34bf2d9d4:192.168.157.195:34693, d21ee1f1-33f6-483c-a18b-27782ce1915a:192.168.157.195:46462], old=null
2019-10-23 22:22:36,831 [aed1b97f-105e-4684-b087-4b6333aa3ced@group-F043E0AED0ED-LeaderElection410] INFO  impl.RaftServerImpl (RaftServerImpl.java:setRole(184)) - aed1b97f-105e-4684-b087-4b6333aa3ced@group-F043E0AED0ED: changes role from CANDIDATE to FOLLOWER at term 458 for DISCOVERED_A_NEW_TERM
2019-10-23 22:22:36,831 [aed1b97f-105e-4684-b087-4b6333aa3ced@group-F043E0AED0ED-LeaderElection410] INFO  impl.RoleInfo (RoleInfo.java:shutdownLeaderElection(134)) - aed1b97f-105e-4684-b087-4b6333aa3ced: shutdown LeaderElection
2019-10-23 22:22:36,831 [aed1b97f-105e-4684-b087-4b6333aa3ced@group-F043E0AED0ED-LeaderElection410] INFO  impl.RoleInfo (RoleInfo.java:updateAndGet(143)) - aed1b97f-105e-4684-b087-4b6333aa3ced: start FollowerState
2019-10-23 22:22:37,003 [Thread-3005] INFO  impl.FollowerState (FollowerState.java:run(108)) - aed1b97f-105e-4684-b087-4b6333aa3ced@group-F043E0AED0ED-FollowerState: change to CANDIDATE, lastRpcTime:172ms, electionTimeout:172ms
2019-10-23 22:22:37,004 [Thread-3005] INFO  impl.RoleInfo (RoleInfo.java:shutdownFollowerState(121)) - aed1b97f-105e-4684-b087-4b6333aa3ced: shutdown FollowerState
2019-10-23 22:22:37,004 [Thread-3005] INFO  impl.RaftServerImpl (RaftServerImpl.java:setRole(184)) - aed1b97f-105e-4684-b087-4b6333aa3ced@group-F043E0AED0ED: changes role from  FOLLOWER to CANDIDATE at term 458 for changeToCandidate
2019-10-23 22:22:37,004 [Thread-3005] INFO  impl.RoleInfo (RoleInfo.java:updateAndGet(143)) - aed1b97f-105e-4684-b087-4b6333aa3ced: start LeaderElection
2019-10-23 22:22:37,029 [aed1b97f-105e-4684-b087-4b6333aa3ced@group-F043E0AED0ED-LeaderElection411] INFO  impl.LeaderElection (LeaderElection.java:askForVotes(178)) - aed1b97f-105e-4684-b087-4b6333aa3ced@group-F043E0AED0ED-LeaderElection411: begin an election at term 459 for -1: [aed1b97f-105e-4684-b087-4b6333aa3ced:192.168.157.195:34943, 1c51b35f-55cb-4636-a00c-83d34bf2d9d4:192.168.157.195:34693, d21ee1f1-33f6-483c-a18b-27782ce1915a:192.168.157.195:46462], old=null
2019-10-23 22:22:37,031 [grpc-default-executor-3] INFO  impl.RaftServerImpl (RaftServerImpl.java:setRole(184)) - 1c51b35f-55cb-4636-a00c-83d34bf2d9d4@group-F043E0AED0ED: changes role from  FOLLOWER to FOLLOWER at term 459 for recognizeCandidate:aed1b97f-105e-4684-b087-4b6333aa3ced
2019-10-23 22:22:37,031 [grpc-default-executor-5] INFO  impl.RaftServerImpl (RaftServerImpl.java:setRole(184)) - d21ee1f1-33f6-483c-a18b-27782ce1915a@group-F043E0AED0ED: changes role from  FOLLOWER to FOLLOWER at term 459 for recognizeCandidate:aed1b97f-105e-4684-b087-4b6333aa3ced
2019-10-23 22:22:37,031 [grpc-default-executor-3] INFO  impl.RoleInfo (RoleInfo.java:shutdownFollowerState(121)) - 1c51b35f-55cb-4636-a00c-83d34bf2d9d4: shutdown FollowerState
2019-10-23 22:22:37,031 [grpc-default-executor-5] INFO  impl.RoleInfo (RoleInfo.java:shutdownFollowerState(121)) - d21ee1f1-33f6-483c-a18b-27782ce1915a: shutdown FollowerState
2019-10-23 22:22:37,031 [Thread-3003] INFO  impl.FollowerState (FollowerState.java:run(117)) - 1c51b35f-55cb-4636-a00c-83d34bf2d9d4@group-F043E0AED0ED-FollowerState was interrupted: java.lang.InterruptedException: sleep interrupted
2019-10-23 22:22:37,031 [grpc-default-executor-3] INFO  impl.RoleInfo (RoleInfo.java:updateAndGet(143)) - 1c51b35f-55cb-4636-a00c-83d34bf2d9d4: start FollowerState
2019-10-23 22:22:37,032 [Thread-3004] INFO  impl.FollowerState (FollowerState.java:run(117)) - d21ee1f1-33f6-483c-a18b-27782ce1915a@group-F043E0AED0ED-FollowerState was interrupted: java.lang.InterruptedException: sleep interrupted
2019-10-23 22:22:37,032 [grpc-default-executor-5] INFO  impl.RoleInfo (RoleInfo.java:updateAndGet(143)) - d21ee1f1-33f6-483c-a18b-27782ce1915a: start FollowerState
2019-10-23 22:22:37,058 [aed1b97f-105e-4684-b087-4b6333aa3ced@group-F043E0AED0ED-LeaderElection411] INFO  impl.LeaderElection (LeaderElection.java:logAndReturn(56)) - aed1b97f-105e-4684-b087-4b6333aa3ced@group-F043E0AED0ED-LeaderElection411: Election REJECTED; received 2 response(s) [aed1b97f-105e-4684-b087-4b6333aa3ced<-1c51b35f-55cb-4636-a00c-83d34bf2d9d4#0:FAIL-t459, aed1b97f-105e-4684-b087-4b6333aa3ced<-d21ee1f1-33f6-483c-a18b-27782ce1915a#0:FAIL-t459] and 0 exception(s); aed1b97f-105e-4684-b087-4b6333aa3ced@group-F043E0AED0ED:t459, leader=null, voted=aed1b97f-105e-4684-b087-4b6333aa3ced, raftlog=aed1b97f-105e-4684-b087-4b6333aa3ced@group-F043E0AED0ED-SegmentedRaftLog:OPENED:c-1,f-1,i0, conf=-1: [aed1b97f-105e-4684-b087-4b6333aa3ced:192.168.157.195:34943, 1c51b35f-55cb-4636-a00c-83d34bf2d9d4:192.168.157.195:34693, d21ee1f1-33f6-483c-a18b-27782ce1915a:192.168.157.195:46462], old=null
2019-10-23 22:22:37,058 [aed1b97f-105e-4684-b087-4b6333aa3ced@group-F043E0AED0ED-LeaderElection411] INFO  impl.RaftServerImpl (RaftServerImpl.java:setRole(184)) - aed1b97f-105e-4684-b087-4b6333aa3ced@group-F043E0AED0ED: changes role from CANDIDATE to FOLLOWER at term 459 for DISCOVERED_A_NEW_TERM
2019-10-23 22:22:37,058 [aed1b97f-105e-4684-b087-4b6333aa3ced@group-F043E0AED0ED-LeaderElection411] INFO  impl.RoleInfo (RoleInfo.java:shutdownLeaderElection(134)) - aed1b97f-105e-4684-b087-4b6333aa3ced: shutdown LeaderElection
2019-10-23 22:22:37,058 [aed1b97f-105e-4684-b087-4b6333aa3ced@group-F043E0AED0ED-LeaderElection411] INFO  impl.RoleInfo (RoleInfo.java:updateAndGet(143)) - aed1b97f-105e-4684-b087-4b6333aa3ced: start FollowerState
2019-10-23 22:22:37,113 [Thread-3011] INFO  impl.FollowerState (FollowerState.java:run(108)) - aed1b97f-105e-4684-b087-4b6333aa3ced@group-F043E0AED0ED-FollowerState: change to CANDIDATE, lastRpcTime:55ms, electionTimeout:55ms
2019-10-23 22:22:37,114 [Thread-3011] INFO  impl.RoleInfo (RoleInfo.java:shutdownFollowerState(121)) - aed1b97f-105e-4684-b087-4b6333aa3ced: shutdown FollowerState
2019-10-23 22:22:37,114 [Thread-3011] INFO  impl.RaftServerImpl (RaftServerImpl.java:setRole(184)) - aed1b97f-105e-4684-b087-4b6333aa3ced@group-F043E0AED0ED: changes role from  FOLLOWER to CANDIDATE at term 459 for changeToCandidate
2019-10-23 22:22:37,114 [Thread-3011] INFO  impl.RoleInfo (RoleInfo.java:updateAndGet(143)) - aed1b97f-105e-4684-b087-4b6333aa3ced: start LeaderElection
2019-10-23 22:22:37,127 [aed1b97f-105e-4684-b087-4b6333aa3ced@group-F043E0AED0ED-LeaderElection412] INFO  impl.LeaderElection (LeaderElection.java:askForVotes(178)) - aed1b97f-105e-4684-b087-4b6333aa3ced@group-F043E0AED0ED-LeaderElection412: begin an election at term 460 for -1: [aed1b97f-105e-4684-b087-4b6333aa3ced:192.168.157.195:34943, 1c51b35f-55cb-4636-a00c-83d34bf2d9d4:192.168.157.195:34693, d21ee1f1-33f6-483c-a18b-27782ce1915a:192.168.157.195:46462], old=null
2019-10-23 22:22:37,129 [grpc-default-executor-3] INFO  impl.RaftServerImpl (RaftServerImpl.java:setRole(184)) - d21ee1f1-33f6-483c-a18b-27782ce1915a@group-F043E0AED0ED: changes role from  FOLLOWER to FOLLOWER at term 460 for recognizeCandidate:aed1b97f-105e-4684-b087-4b6333aa3ced
2019-10-23 22:22:37,129 [grpc-default-executor-3] INFO  impl.RoleInfo (RoleInfo.java:shutdownFollowerState(121)) - d21ee1f1-33f6-483c-a18b-27782ce1915a: shutdown FollowerState
2019-10-23 22:22:37,129 [grpc-default-executor-5] INFO  impl.RaftServerImpl (RaftServerImpl.java:setRole(184)) - 1c51b35f-55cb-4636-a00c-83d34bf2d9d4@group-F043E0AED0ED: changes role from  FOLLOWER to FOLLOWER at term 460 for recognizeCandidate:aed1b97f-105e-4684-b087-4b6333aa3ced
2019-10-23 22:22:37,129 [grpc-default-executor-5] INFO  impl.RoleInfo (RoleInfo.java:shutdownFollowerState(121)) - 1c51b35f-55cb-4636-a00c-83d34bf2d9d4: shutdown FollowerState
2019-10-23 22:22:37,129 [Thread-3010] INFO  impl.FollowerState (FollowerState.java:run(117)) - d21ee1f1-33f6-483c-a18b-27782ce1915a@group-F043E0AED0ED-FollowerState was interrupted: java.lang.InterruptedException: sleep interrupted
2019-10-23 22:22:37,129 [grpc-default-executor-3] INFO  impl.RoleInfo (RoleInfo.java:updateAndGet(143)) - d21ee1f1-33f6-483c-a18b-27782ce1915a: start FollowerState
2019-10-23 22:22:37,129 [grpc-default-executor-5] INFO  impl.RoleInfo (RoleInfo.java:updateAndGet(143)) - 1c51b35f-55cb-4636-a00c-83d34bf2d9d4: start FollowerState
2019-10-23 22:22:37,129 [Thread-3009] INFO  impl.FollowerState (FollowerState.java:run(117)) - 1c51b35f-55cb-4636-a00c-83d34bf2d9d4@group-F043E0AED0ED-FollowerState was interrupted: java.lang.InterruptedException: sleep interrupted
2019-10-23 22:22:37,147 [aed1b97f-105e-4684-b087-4b6333aa3ced@group-F043E0AED0ED-LeaderElection412] INFO  impl.LeaderElection (LeaderElection.java:logAndReturn(56)) - aed1b97f-105e-4684-b087-4b6333aa3ced@group-F043E0AED0ED-LeaderElection412: Election REJECTED; received 2 response(s) [aed1b97f-105e-4684-b087-4b6333aa3ced<-1c51b35f-55cb-4636-a00c-83d34bf2d9d4#0:FAIL-t460, aed1b97f-105e-4684-b087-4b6333aa3ced<-d21ee1f1-33f6-483c-a18b-27782ce1915a#0:FAIL-t460] and 0 exception(s); aed1b97f-105e-4684-b087-4b6333aa3ced@group-F043E0AED0ED:t460, leader=null, voted=aed1b97f-105e-4684-b087-4b6333aa3ced, raftlog=aed1b97f-105e-4684-b087-4b6333aa3ced@group-F043E0AED0ED-SegmentedRaftLog:OPENED:c-1,f-1,i0, conf=-1: [aed1b97f-105e-4684-b087-4b6333aa3ced:192.168.157.195:34943, 1c51b35f-55cb-4636-a00c-83d34bf2d9d4:192.168.157.195:34693, d21ee1f1-33f6-483c-a18b-27782ce1915a:192.168.157.195:46462], old=null
2019-10-23 22:22:37,147 [aed1b97f-105e-4684-b087-4b6333aa3ced@group-F043E0AED0ED-LeaderElection412] INFO  impl.RaftServerImpl (RaftServerImpl.java:setRole(184)) - aed1b97f-105e-4684-b087-4b6333aa3ced@group-F043E0AED0ED: changes role from CANDIDATE to FOLLOWER at term 460 for DISCOVERED_A_NEW_TERM
2019-10-23 22:22:37,147 [aed1b97f-105e-4684-b087-4b6333aa3ced@group-F043E0AED0ED-LeaderElection412] INFO  impl.RoleInfo (RoleInfo.java:shutdownLeaderElection(134)) - aed1b97f-105e-4684-b087-4b6333aa3ced: shutdown LeaderElection
2019-10-23 22:22:37,147 [aed1b97f-105e-4684-b087-4b6333aa3ced@group-F043E0AED0ED-LeaderElection412] INFO  impl.RoleInfo (RoleInfo.java:updateAndGet(143)) - aed1b97f-105e-4684-b087-4b6333aa3ced: start FollowerState
2019-10-23 22:22:37,163 [Thread-3017] INFO  impl.FollowerState (FollowerState.java:run(108)) - aed1b97f-105e-4684-b087-4b6333aa3ced@group-F043E0AED0ED-FollowerState: change to CANDIDATE, lastRpcTime:15ms, electionTimeout:15ms
2019-10-23 22:22:37,163 [Thread-3017] INFO  impl.RoleInfo (RoleInfo.java:shutdownFollowerState(121)) - aed1b97f-105e-4684-b087-4b6333aa3ced: shutdown FollowerState
2019-10-23 22:22:37,163 [Thread-3017] INFO  impl.RaftServerImpl (RaftServerImpl.java:setRole(184)) - aed1b97f-105e-4684-b087-4b6333aa3ced@group-F043E0AED0ED: changes role from  FOLLOWER to CANDIDATE at term 460 for changeToCandidate
2019-10-23 22:22:37,163 [Thread-3017] INFO  impl.RoleInfo (RoleInfo.java:updateAndGet(143)) - aed1b97f-105e-4684-b087-4b6333aa3ced: start LeaderElection
2019-10-23 22:22:37,177 [aed1b97f-105e-4684-b087-4b6333aa3ced@group-F043E0AED0ED-LeaderElection413] INFO  impl.LeaderElection (LeaderElection.java:askForVotes(178)) - aed1b97f-105e-4684-b087-4b6333aa3ced@group-F043E0AED0ED-LeaderElection413: begin an election at term 461 for -1: [aed1b97f-105e-4684-b087-4b6333aa3ced:192.168.157.195:34943, 1c51b35f-55cb-4636-a00c-83d34bf2d9d4:192.168.157.195:34693, d21ee1f1-33f6-483c-a18b-27782ce1915a:192.168.157.195:46462], old=null
2019-10-23 22:22:37,178 [grpc-default-executor-3] INFO  impl.RaftServerImpl (RaftServerImpl.java:setRole(184)) - 1c51b35f-55cb-4636-a00c-83d34bf2d9d4@group-F043E0AED0ED: changes role from  FOLLOWER to FOLLOWER at term 461 for recognizeCandidate:aed1b97f-105e-4684-b087-4b6333aa3ced
2019-10-23 22:22:37,178 [grpc-default-executor-3] INFO  impl.RoleInfo (RoleInfo.java:shutdownFollowerState(121)) - 1c51b35f-55cb-4636-a00c-83d34bf2d9d4: shutdown FollowerState
2019-10-23 22:22:37,178 [grpc-default-executor-5] INFO  impl.RaftServerImpl (RaftServerImpl.java:setRole(184)) - d21ee1f1-33f6-483c-a18b-27782ce1915a@group-F043E0AED0ED: changes role from  FOLLOWER to FOLLOWER at term 461 for recognizeCandidate:aed1b97f-105e-4684-b087-4b6333aa3ced
2019-10-23 22:22:37,179 [Thread-3016] INFO  impl.FollowerState (FollowerState.java:run(117)) - 1c51b35f-55cb-4636-a00c-83d34bf2d9d4@group-F043E0AED0ED-FollowerState was interrupted: java.lang.InterruptedException: sleep interrupted
2019-10-23 22:22:37,178 [grpc-default-executor-3] INFO  impl.RoleInfo (RoleInfo.java:updateAndGet(143)) - 1c51b35f-55cb-4636-a00c-83d34bf2d9d4: start FollowerState
2019-10-23 22:22:37,179 [grpc-default-executor-5] INFO  impl.RoleInfo (RoleInfo.java:shutdownFollowerState(121)) - d21ee1f1-33f6-483c-a18b-27782ce1915a: shutdown FollowerState
2019-10-23 22:22:37,179 [Thread-3015] INFO  impl.FollowerState (FollowerState.java:run(117)) - d21ee1f1-33f6-483c-a18b-27782ce1915a@group-F043E0AED0ED-FollowerState was interrupted: java.lang.InterruptedException: sleep interrupted
2019-10-23 22:22:37,179 [grpc-default-executor-5] INFO  impl.RoleInfo (RoleInfo.java:updateAndGet(143)) - d21ee1f1-33f6-483c-a18b-27782ce1915a: start FollowerState
2019-10-23 22:22:37,193 [aed1b97f-105e-4684-b087-4b6333aa3ced@group-F043E0AED0ED-LeaderElection413] INFO  impl.LeaderElection (LeaderElection.java:logAndReturn(56)) - aed1b97f-105e-4684-b087-4b6333aa3ced@group-F043E0AED0ED-LeaderElection413: Election REJECTED; received 2 response(s) [aed1b97f-105e-4684-b087-4b6333aa3ced<-1c51b35f-55cb-4636-a00c-83d34bf2d9d4#0:FAIL-t461, aed1b97f-105e-4684-b087-4b6333aa3ced<-d21ee1f1-33f6-483c-a18b-27782ce1915a#0:FAIL-t461] and 0 exception(s); aed1b97f-105e-4684-b087-4b6333aa3ced@group-F043E0AED0ED:t461, leader=null, voted=aed1b97f-105e-4684-b087-4b6333aa3ced, raftlog=aed1b97f-105e-4684-b087-4b6333aa3ced@group-F043E0AED0ED-SegmentedRaftLog:OPENED:c-1,f-1,i0, conf=-1: [aed1b97f-105e-4684-b087-4b6333aa3ced:192.168.157.195:34943, 1c51b35f-55cb-4636-a00c-83d34bf2d9d4:192.168.157.195:34693, d21ee1f1-33f6-483c-a18b-27782ce1915a:192.168.157.195:46462], old=null
2019-10-23 22:22:37,193 [aed1b97f-105e-4684-b087-4b6333aa3ced@group-F043E0AED0ED-LeaderElection413] INFO  impl.RaftServerImpl (RaftServerImpl.java:setRole(184)) - aed1b97f-105e-4684-b087-4b6333aa3ced@group-F043E0AED0ED: changes role from CANDIDATE to FOLLOWER at term 461 for DISCOVERED_A_NEW_TERM
2019-10-23 22:22:37,193 [aed1b97f-105e-4684-b087-4b6333aa3ced@group-F043E0AED0ED-LeaderElection413] INFO  impl.RoleInfo (RoleInfo.java:shutdownLeaderElection(134)) - aed1b97f-105e-4684-b087-4b6333aa3ced: shutdown LeaderElection
2019-10-23 22:22:37,193 [aed1b97f-105e-4684-b087-4b6333aa3ced@group-F043E0AED0ED-LeaderElection413] INFO  impl.RoleInfo (RoleInfo.java:updateAndGet(143)) - aed1b97f-105e-4684-b087-4b6333aa3ced: start FollowerState
2019-10-23 22:22:37,276 [Thread-3023] INFO  impl.FollowerState (FollowerState.java:run(108)) - aed1b97f-105e-4684-b087-4b6333aa3ced@group-F043E0AED0ED-FollowerState: change to CANDIDATE, lastRpcTime:82ms, electionTimeout:82ms
2019-10-23 22:22:37,276 [Thread-3023] INFO  impl.RoleInfo (RoleInfo.java:shutdownFollowerState(121)) - aed1b97f-105e-4684-b087-4b6333aa3ced: shutdown FollowerState
2019-10-23 22:22:37,276 [Thread-3023] INFO  impl.RaftServerImpl (RaftServerImpl.java:setRole(184)) - aed1b97f-105e-4684-b087-4b6333aa3ced@group-F043E0AED0ED: changes role from  FOLLOWER to CANDIDATE at term 461 for changeToCandidate
2019-10-23 22:22:37,276 [Thread-3023] INFO  impl.RoleInfo (RoleInfo.java:updateAndGet(143)) - aed1b97f-105e-4684-b087-4b6333aa3ced: start LeaderElection
2019-10-23 22:22:37,292 [aed1b97f-105e-4684-b087-4b6333aa3ced@group-F043E0AED0ED-LeaderElection414] INFO  impl.LeaderElection (LeaderElection.java:askForVotes(178)) - aed1b97f-105e-4684-b087-4b6333aa3ced@group-F043E0AED0ED-LeaderElection414: begin an election at term 462 for -1: [aed1b97f-105e-4684-b087-4b6333aa3ced:192.168.157.195:34943, 1c51b35f-55cb-4636-a00c-83d34bf2d9d4:192.168.157.195:34693, d21ee1f1-33f6-483c-a18b-27782ce1915a:192.168.157.195:46462], old=null
2019-10-23 22:22:37,293 [grpc-default-executor-5] INFO  impl.RaftServerImpl (RaftServerImpl.java:setRole(184)) - d21ee1f1-33f6-483c-a18b-27782ce1915a@group-F043E0AED0ED: changes role from  FOLLOWER to FOLLOWER at term 462 for recognizeCandidate:aed1b97f-105e-4684-b087-4b6333aa3ced
2019-10-23 22:22:37,293 [grpc-default-executor-5] INFO  impl.RoleInfo (RoleInfo.java:shutdownFollowerState(121)) - d21ee1f1-33f6-483c-a18b-27782ce1915a: shutdown FollowerState
2019-10-23 22:22:37,293 [grpc-default-executor-3] INFO  impl.RaftServerImpl (RaftServerImpl.java:setRole(184)) - 1c51b35f-55cb-4636-a00c-83d34bf2d9d4@group-F043E0AED0ED: changes role from  FOLLOWER to FOLLOWER at term 462 for recognizeCandidate:aed1b97f-105e-4684-b087-4b6333aa3ced
2019-10-23 22:22:37,294 [grpc-default-executor-3] INFO  impl.RoleInfo (RoleInfo.java:shutdownFollowerState(121)) - 1c51b35f-55cb-4636-a00c-83d34bf2d9d4: shutdown FollowerState
2019-10-23 22:22:37,294 [Thread-3022] INFO  impl.FollowerState (FollowerState.java:run(117)) - d21ee1f1-33f6-483c-a18b-27782ce1915a@group-F043E0AED0ED-FollowerState was interrupted: java.lang.InterruptedException: sleep interrupted
2019-10-23 22:22:37,294 [Thread-3021] INFO  impl.FollowerState (FollowerState.java:run(117)) - 1c51b35f-55cb-4636-a00c-83d34bf2d9d4@group-F043E0AED0ED-FollowerState was interrupted: java.lang.InterruptedException: sleep interrupted
2019-10-23 22:22:37,294 [grpc-default-executor-5] INFO  impl.RoleInfo (RoleInfo.java:updateAndGet(143)) - d21ee1f1-33f6-483c-a18b-27782ce1915a: start FollowerState
2019-10-23 22:22:37,294 [grpc-default-executor-3] INFO  impl.RoleInfo (RoleInfo.java:updateAndGet(143)) - 1c51b35f-55cb-4636-a00c-83d34bf2d9d4: start FollowerState
2019-10-23 22:22:37,309 [aed1b97f-105e-4684-b087-4b6333aa3ced@group-F043E0AED0ED-LeaderElection414] INFO  impl.LeaderElection (LeaderElection.java:logAndReturn(56)) - aed1b97f-105e-4684-b087-4b6333aa3ced@group-F043E0AED0ED-LeaderElection414: Election REJECTED; received 2 response(s) [aed1b97f-105e-4684-b087-4b6333aa3ced<-1c51b35f-55cb-4636-a00c-83d34bf2d9d4#0:FAIL-t462, aed1b97f-105e-4684-b087-4b6333aa3ced<-d21ee1f1-33f6-483c-a18b-27782ce1915a#0:FAIL-t462] and 0 exception(s); aed1b97f-105e-4684-b087-4b6333aa3ced@group-F043E0AED0ED:t462, leader=null, voted=aed1b97f-105e-4684-b087-4b6333aa3ced, raftlog=aed1b97f-105e-4684-b087-4b6333aa3ced@group-F043E0AED0ED-SegmentedRaftLog:OPENED:c-1,f-1,i0, conf=-1: [aed1b97f-105e-4684-b087-4b6333aa3ced:192.168.157.195:34943, 1c51b35f-55cb-4636-a00c-83d34bf2d9d4:192.168.157.195:34693, d21ee1f1-33f6-483c-a18b-27782ce1915a:192.168.157.195:46462], old=null
2019-10-23 22:22:37,309 [aed1b97f-105e-4684-b087-4b6333aa3ced@group-F043E0AED0ED-LeaderElection414] INFO  impl.RaftServerImpl (RaftServerImpl.java:setRole(184)) - aed1b97f-105e-4684-b087-4b6333aa3ced@group-F043E0AED0ED: changes role from CANDIDATE to FOLLOWER at term 462 for DISCOVERED_A_NEW_TERM
2019-10-23 22:22:37,309 [aed1b97f-105e-4684-b087-4b6333aa3ced@group-F043E0AED0ED-LeaderElection414] INFO  impl.RoleInfo (RoleInfo.java:shutdownLeaderElection(134)) - aed1b97f-105e-4684-b087-4b6333aa3ced: shutdown LeaderElection
2019-10-23 22:22:37,309 [aed1b97f-105e-4684-b087-4b6333aa3ced@group-F043E0AED0ED-LeaderElection414] INFO  impl.RoleInfo (RoleInfo.java:updateAndGet(143)) - aed1b97f-105e-4684-b087-4b6333aa3ced: start FollowerState
2019-10-23 22:22:37,500 [Thread-3029] INFO  impl.FollowerState (FollowerState.java:run(108)) - aed1b97f-105e-4684-b087-4b6333aa3ced@group-F043E0AED0ED-FollowerState: change to CANDIDATE, lastRpcTime:191ms, electionTimeout:191ms
2019-10-23 22:22:37,501 [Thread-3029] INFO  impl.RoleInfo (RoleInfo.java:shutdownFollowerState(121)) - aed1b97f-105e-4684-b087-4b6333aa3ced: shutdown FollowerState
2019-10-23 22:22:37,501 [Thread-3029] INFO  impl.RaftServerImpl (RaftServerImpl.java:setRole(184)) - aed1b97f-105e-4684-b087-4b6333aa3ced@group-F043E0AED0ED: changes role from  FOLLOWER to CANDIDATE at term 462 for changeToCandidate
2019-10-23 22:22:37,501 [Thread-3029] INFO  impl.RoleInfo (RoleInfo.java:updateAndGet(143)) - aed1b97f-105e-4684-b087-4b6333aa3ced: start LeaderElection
2019-10-23 22:22:37,514 [aed1b97f-105e-4684-b087-4b6333aa3ced@group-F043E0AED0ED-LeaderElection415] INFO  impl.LeaderElection (LeaderElection.java:askForVotes(178)) - aed1b97f-105e-4684-b087-4b6333aa3ced@group-F043E0AED0ED-LeaderElection415: begin an election at term 463 for -1: [aed1b97f-105e-4684-b087-4b6333aa3ced:192.168.157.195:34943, 1c51b35f-55cb-4636-a00c-83d34bf2d9d4:192.168.157.195:34693, d21ee1f1-33f6-483c-a18b-27782ce1915a:192.168.157.195:46462], old=null
2019-10-23 22:22:37,516 [grpc-default-executor-5] INFO  impl.RaftServerImpl (RaftServerImpl.java:setRole(184)) - 1c51b35f-55cb-4636-a00c-83d34bf2d9d4@group-F043E0AED0ED: changes role from  FOLLOWER to FOLLOWER at term 463 for recognizeCandidate:aed1b97f-105e-4684-b087-4b6333aa3ced
2019-10-23 22:22:37,516 [grpc-default-executor-5] INFO  impl.RoleInfo (RoleInfo.java:shutdownFollowerState(121)) - 1c51b35f-55cb-4636-a00c-83d34bf2d9d4: shutdown FollowerState
2019-10-23 22:22:37,516 [grpc-default-executor-3] INFO  impl.RaftServerImpl (RaftServerImpl.java:setRole(184)) - d21ee1f1-33f6-483c-a18b-27782ce1915a@group-F043E0AED0ED: changes role from  FOLLOWER to FOLLOWER at term 463 for recognizeCandidate:aed1b97f-105e-4684-b087-4b6333aa3ced
2019-10-23 22:22:37,516 [grpc-default-executor-3] INFO  impl.RoleInfo (RoleInfo.java:shutdownFollowerState(121)) - d21ee1f1-33f6-483c-a18b-27782ce1915a: shutdown FollowerState
2019-10-23 22:22:37,517 [grpc-default-executor-3] INFO  impl.RoleInfo (RoleInfo.java:updateAndGet(143)) - d21ee1f1-33f6-483c-a18b-27782ce1915a: start FollowerState
2019-10-23 22:22:37,516 [Thread-3028] INFO  impl.FollowerState (FollowerState.java:run(117)) - 1c51b35f-55cb-4636-a00c-83d34bf2d9d4@group-F043E0AED0ED-FollowerState was interrupted: java.lang.InterruptedException: sleep interrupted
2019-10-23 22:22:37,516 [grpc-default-executor-5] INFO  impl.RoleInfo (RoleInfo.java:updateAndGet(143)) - 1c51b35f-55cb-4636-a00c-83d34bf2d9d4: start FollowerState
2019-10-23 22:22:37,517 [Thread-3027] INFO  impl.FollowerState (FollowerState.java:run(117)) - d21ee1f1-33f6-483c-a18b-27782ce1915a@group-F043E0AED0ED-FollowerState was interrupted: java.lang.InterruptedException: sleep interrupted
2019-10-23 22:22:37,543 [aed1b97f-105e-4684-b087-4b6333aa3ced@group-F043E0AED0ED-LeaderElection415] INFO  impl.LeaderElection (LeaderElection.java:logAndReturn(56)) - aed1b97f-105e-4684-b087-4b6333aa3ced@group-F043E0AED0ED-LeaderElection415: Election REJECTED; received 2 response(s) [aed1b97f-105e-4684-b087-4b6333aa3ced<-1c51b35f-55cb-4636-a00c-83d34bf2d9d4#0:FAIL-t463, aed1b97f-105e-4684-b087-4b6333aa3ced<-d21ee1f1-33f6-483c-a18b-27782ce1915a#0:FAIL-t463] and 0 exception(s); aed1b97f-105e-4684-b087-4b6333aa3ced@group-F043E0AED0ED:t463, leader=null, voted=aed1b97f-105e-4684-b087-4b6333aa3ced, raftlog=aed1b97f-105e-4684-b087-4b6333aa3ced@group-F043E0AED0ED-SegmentedRaftLog:OPENED:c-1,f-1,i0, conf=-1: [aed1b97f-105e-4684-b087-4b6333aa3ced:192.168.157.195:34943, 1c51b35f-55cb-4636-a00c-83d34bf2d9d4:192.168.157.195:34693, d21ee1f1-33f6-483c-a18b-27782ce1915a:192.168.157.195:46462], old=null
2019-10-23 22:22:37,543 [aed1b97f-105e-4684-b087-4b6333aa3ced@group-F043E0AED0ED-LeaderElection415] INFO  impl.RaftServerImpl (RaftServerImpl.java:setRole(184)) - aed1b97f-105e-4684-b087-4b6333aa3ced@group-F043E0AED0ED: changes role from CANDIDATE to FOLLOWER at term 463 for DISCOVERED_A_NEW_TERM
2019-10-23 22:22:37,543 [aed1b97f-105e-4684-b087-4b6333aa3ced@group-F043E0AED0ED-LeaderElection415] INFO  impl.RoleInfo (RoleInfo.java:shutdownLeaderElection(134)) - aed1b97f-105e-4684-b087-4b6333aa3ced: shutdown LeaderElection
2019-10-23 22:22:37,543 [aed1b97f-105e-4684-b087-4b6333aa3ced@group-F043E0AED0ED-LeaderElection415] INFO  impl.RoleInfo (RoleInfo.java:updateAndGet(143)) - aed1b97f-105e-4684-b087-4b6333aa3ced: start FollowerState
2019-10-23 22:22:37,631 [Thread-3035] INFO  impl.FollowerState (FollowerState.java:run(108)) - aed1b97f-105e-4684-b087-4b6333aa3ced@group-F043E0AED0ED-FollowerState: change to CANDIDATE, lastRpcTime:87ms, electionTimeout:87ms
2019-10-23 22:22:37,631 [Thread-3035] INFO  impl.RoleInfo (RoleInfo.java:shutdownFollowerState(121)) - aed1b97f-105e-4684-b087-4b6333aa3ced: shutdown FollowerState
2019-10-23 22:22:37,631 [Thread-3035] INFO  impl.RaftServerImpl (RaftServerImpl.java:setRole(184)) - aed1b97f-105e-4684-b087-4b6333aa3ced@group-F043E0AED0ED: changes role from  FOLLOWER to CANDIDATE at term 463 for changeToCandidate
2019-10-23 22:22:37,631 [Thread-3035] INFO  impl.RoleInfo (RoleInfo.java:updateAndGet(143)) - aed1b97f-105e-4684-b087-4b6333aa3ced: start LeaderElection
2019-10-23 22:22:37,644 [aed1b97f-105e-4684-b087-4b6333aa3ced@group-F043E0AED0ED-LeaderElection416] INFO  impl.LeaderElection (LeaderElection.java:askForVotes(178)) - aed1b97f-105e-4684-b087-4b6333aa3ced@group-F043E0AED0ED-LeaderElection416: begin an election at term 464 for -1: [aed1b97f-105e-4684-b087-4b6333aa3ced:192.168.157.195:34943, 1c51b35f-55cb-4636-a00c-83d34bf2d9d4:192.168.157.195:34693, d21ee1f1-33f6-483c-a18b-27782ce1915a:192.168.157.195:46462], old=null
2019-10-23 22:22:37,645 [grpc-default-executor-3] INFO  impl.RaftServerImpl (RaftServerImpl.java:setRole(184)) - 1c51b35f-55cb-4636-a00c-83d34bf2d9d4@group-F043E0AED0ED: changes role from  FOLLOWER to FOLLOWER at term 464 for recognizeCandidate:aed1b97f-105e-4684-b087-4b6333aa3ced
2019-10-23 22:22:37,646 [grpc-default-executor-3] INFO  impl.RoleInfo (RoleInfo.java:shutdownFollowerState(121)) - 1c51b35f-55cb-4636-a00c-83d34bf2d9d4: shutdown FollowerState
2019-10-23 22:22:37,646 [grpc-default-executor-5] INFO  impl.RaftServerImpl (RaftServerImpl.java:setRole(184)) - d21ee1f1-33f6-483c-a18b-27782ce1915a@group-F043E0AED0ED: changes role from  FOLLOWER to FOLLOWER at term 464 for recognizeCandidate:aed1b97f-105e-4684-b087-4b6333aa3ced
2019-10-23 22:22:37,646 [grpc-default-executor-5] INFO  impl.RoleInfo (RoleInfo.java:shutdownFollowerState(121)) - d21ee1f1-33f6-483c-a18b-27782ce1915a: shutdown FollowerState
2019-10-23 22:22:37,646 [Thread-3033] INFO  impl.FollowerState (FollowerState.java:run(117)) - 1c51b35f-55cb-4636-a00c-83d34bf2d9d4@group-F043E0AED0ED-FollowerState was interrupted: java.lang.InterruptedException: sleep interrupted
2019-10-23 22:22:37,646 [grpc-default-executor-3] INFO  impl.RoleInfo (RoleInfo.java:updateAndGet(143)) - 1c51b35f-55cb-4636-a00c-83d34bf2d9d4: start FollowerState
2019-10-23 22:22:37,646 [Thread-3034] INFO  impl.FollowerState (FollowerState.java:run(117)) - d21ee1f1-33f6-483c-a18b-27782ce1915a@group-F043E0AED0ED-FollowerState was interrupted: java.lang.InterruptedException: sleep interrupted
2019-10-23 22:22:37,646 [grpc-default-executor-5] INFO  impl.RoleInfo (RoleInfo.java:updateAndGet(143)) - d21ee1f1-33f6-483c-a18b-27782ce1915a: start FollowerState
2019-10-23 22:22:37,663 [aed1b97f-105e-4684-b087-4b6333aa3ced@group-F043E0AED0ED-LeaderElection416] INFO  impl.LeaderElection (LeaderElection.java:logAndReturn(56)) - aed1b97f-105e-4684-b087-4b6333aa3ced@group-F043E0AED0ED-LeaderElection416: Election REJECTED; received 2 response(s) [aed1b97f-105e-4684-b087-4b6333aa3ced<-1c51b35f-55cb-4636-a00c-83d34bf2d9d4#0:FAIL-t464, aed1b97f-105e-4684-b087-4b6333aa3ced<-d21ee1f1-33f6-483c-a18b-27782ce1915a#0:FAIL-t464] and 0 exception(s); aed1b97f-105e-4684-b087-4b6333aa3ced@group-F043E0AED0ED:t464, leader=null, voted=aed1b97f-105e-4684-b087-4b6333aa3ced, raftlog=aed1b97f-105e-4684-b087-4b6333aa3ced@group-F043E0AED0ED-SegmentedRaftLog:OPENED:c-1,f-1,i0, conf=-1: [aed1b97f-105e-4684-b087-4b6333aa3ced:192.168.157.195:34943, 1c51b35f-55cb-4636-a00c-83d34bf2d9d4:192.168.157.195:34693, d21ee1f1-33f6-483c-a18b-27782ce1915a:192.168.157.195:46462], old=null
2019-10-23 22:22:37,664 [aed1b97f-105e-4684-b087-4b6333aa3ced@group-F043E0AED0ED-LeaderElection416] INFO  impl.RaftServerImpl (RaftServerImpl.java:setRole(184)) - aed1b97f-105e-4684-b087-4b6333aa3ced@group-F043E0AED0ED: changes role from CANDIDATE to FOLLOWER at term 464 for DISCOVERED_A_NEW_TERM
2019-10-23 22:22:37,664 [aed1b97f-105e-4684-b087-4b6333aa3ced@group-F043E0AED0ED-LeaderElection416] INFO  impl.RoleInfo (RoleInfo.java:shutdownLeaderElection(134)) - aed1b97f-105e-4684-b087-4b6333aa3ced: shutdown LeaderElection
2019-10-23 22:22:37,664 [aed1b97f-105e-4684-b087-4b6333aa3ced@group-F043E0AED0ED-LeaderElection416] INFO  impl.RoleInfo (RoleInfo.java:updateAndGet(143)) - aed1b97f-105e-4684-b087-4b6333aa3ced: start FollowerState
2019-10-23 22:22:37,695 [Thread-3043] INFO  impl.FollowerState (FollowerState.java:run(108)) - aed1b97f-105e-4684-b087-4b6333aa3ced@group-F043E0AED0ED-FollowerState: change to CANDIDATE, lastRpcTime:31ms, electionTimeout:31ms
2019-10-23 22:22:37,695 [Thread-3043] INFO  impl.RoleInfo (RoleInfo.java:shutdownFollowerState(121)) - aed1b97f-105e-4684-b087-4b6333aa3ced: shutdown FollowerState
2019-10-23 22:22:37,695 [Thread-3043] INFO  impl.RaftServerImpl (RaftServerImpl.java:setRole(184)) - aed1b97f-105e-4684-b087-4b6333aa3ced@group-F043E0AED0ED: changes role from  FOLLOWER to CANDIDATE at term 464 for changeToCandidate
2019-10-23 22:22:37,695 [Thread-3043] INFO  impl.RoleInfo (RoleInfo.java:updateAndGet(143)) - aed1b97f-105e-4684-b087-4b6333aa3ced: start LeaderElection
2019-10-23 22:22:37,721 [aed1b97f-105e-4684-b087-4b6333aa3ced@group-F043E0AED0ED-LeaderElection417] INFO  impl.LeaderElection (LeaderElection.java:askForVotes(178)) - aed1b97f-105e-4684-b087-4b6333aa3ced@group-F043E0AED0ED-LeaderElection417: begin an election at term 465 for -1: [aed1b97f-105e-4684-b087-4b6333aa3ced:192.168.157.195:34943, 1c51b35f-55cb-4636-a00c-83d34bf2d9d4:192.168.157.195:34693, d21ee1f1-33f6-483c-a18b-27782ce1915a:192.168.157.195:46462], old=null
2019-10-23 22:22:37,722 [grpc-default-executor-5] INFO  impl.RaftServerImpl (RaftServerImpl.java:setRole(184)) - 1c51b35f-55cb-4636-a00c-83d34bf2d9d4@group-F043E0AED0ED: changes role from  FOLLOWER to FOLLOWER at term 465 for recognizeCandidate:aed1b97f-105e-4684-b087-4b6333aa3ced
2019-10-23 22:22:37,723 [grpc-default-executor-3] INFO  impl.RaftServerImpl (RaftServerImpl.java:setRole(184)) - d21ee1f1-33f6-483c-a18b-27782ce1915a@group-F043E0AED0ED: changes role from  FOLLOWER to FOLLOWER at term 465 for recognizeCandidate:aed1b97f-105e-4684-b087-4b6333aa3ced
2019-10-23 22:22:37,723 [grpc-default-executor-5] INFO  impl.RoleInfo (RoleInfo.java:shutdownFollowerState(121)) - 1c51b35f-55cb-4636-a00c-83d34bf2d9d4: shutdown FollowerState
2019-10-23 22:22:37,723 [grpc-default-executor-3] INFO  impl.RoleInfo (RoleInfo.java:shutdownFollowerState(121)) - d21ee1f1-33f6-483c-a18b-27782ce1915a: shutdown FollowerState
2019-10-23 22:22:37,723 [Thread-3041] INFO  impl.FollowerState (FollowerState.java:run(117)) - 1c51b35f-55cb-4636-a00c-83d34bf2d9d4@group-F043E0AED0ED-FollowerState was interrupted: java.lang.InterruptedException: sleep interrupted
2019-10-23 22:22:37,723 [grpc-default-executor-5] INFO  impl.RoleInfo (RoleInfo.java:updateAndGet(143)) - 1c51b35f-55cb-4636-a00c-83d34bf2d9d4: start FollowerState
2019-10-23 22:22:37,723 [Thread-3042] INFO  impl.FollowerState (FollowerState.java:run(117)) - d21ee1f1-33f6-483c-a18b-27782ce1915a@group-F043E0AED0ED-FollowerState was interrupted: java.lang.InterruptedException: sleep interrupted
2019-10-23 22:22:37,723 [grpc-default-executor-3] INFO  impl.RoleInfo (RoleInfo.java:updateAndGet(143)) - d21ee1f1-33f6-483c-a18b-27782ce1915a: start FollowerState
2019-10-23 22:22:37,748 [aed1b97f-105e-4684-b087-4b6333aa3ced@group-F043E0AED0ED-LeaderElection417] INFO  impl.LeaderElection (LeaderElection.java:logAndReturn(56)) - aed1b97f-105e-4684-b087-4b6333aa3ced@group-F043E0AED0ED-LeaderElection417: Election REJECTED; received 2 response(s) [aed1b97f-105e-4684-b087-4b6333aa3ced<-1c51b35f-55cb-4636-a00c-83d34bf2d9d4#0:FAIL-t465, aed1b97f-105e-4684-b087-4b6333aa3ced<-d21ee1f1-33f6-483c-a18b-27782ce1915a#0:FAIL-t465] and 0 exception(s); aed1b97f-105e-4684-b087-4b6333aa3ced@group-F043E0AED0ED:t465, leader=null, voted=aed1b97f-105e-4684-b087-4b6333aa3ced, raftlog=aed1b97f-105e-4684-b087-4b6333aa3ced@group-F043E0AED0ED-SegmentedRaftLog:OPENED:c-1,f-1,i0, conf=-1: [aed1b97f-105e-4684-b087-4b6333aa3ced:192.168.157.195:34943, 1c51b35f-55cb-4636-a00c-83d34bf2d9d4:192.168.157.195:34693, d21ee1f1-33f6-483c-a18b-27782ce1915a:192.168.157.195:46462], old=null
2019-10-23 22:22:37,748 [aed1b97f-105e-4684-b087-4b6333aa3ced@group-F043E0AED0ED-LeaderElection417] INFO  impl.RaftServerImpl (RaftServerImpl.java:setRole(184)) - aed1b97f-105e-4684-b087-4b6333aa3ced@group-F043E0AED0ED: changes role from CANDIDATE to FOLLOWER at term 465 for DISCOVERED_A_NEW_TERM
2019-10-23 22:22:37,749 [aed1b97f-105e-4684-b087-4b6333aa3ced@group-F043E0AED0ED-LeaderElection417] INFO  impl.RoleInfo (RoleInfo.java:shutdownLeaderElection(134)) - aed1b97f-105e-4684-b087-4b6333aa3ced: shutdown LeaderElection
2019-10-23 22:22:37,749 [aed1b97f-105e-4684-b087-4b6333aa3ced@group-F043E0AED0ED-LeaderElection417] INFO  impl.RoleInfo (RoleInfo.java:updateAndGet(143)) - aed1b97f-105e-4684-b087-4b6333aa3ced: start FollowerState
2019-10-23 22:22:37,844 [Thread-3049] INFO  impl.FollowerState (FollowerState.java:run(108)) - aed1b97f-105e-4684-b087-4b6333aa3ced@group-F043E0AED0ED-FollowerState: change to CANDIDATE, lastRpcTime:95ms, electionTimeout:95ms
2019-10-23 22:22:37,844 [Thread-3049] INFO  impl.RoleInfo (RoleInfo.java:shutdownFollowerState(121)) - aed1b97f-105e-4684-b087-4b6333aa3ced: shutdown FollowerState
2019-10-23 22:22:37,844 [Thread-3049] INFO  impl.RaftServerImpl (RaftServerImpl.java:setRole(184)) - aed1b97f-105e-4684-b087-4b6333aa3ced@group-F043E0AED0ED: changes role from  FOLLOWER to CANDIDATE at term 465 for changeToCandidate
2019-10-23 22:22:37,844 [Thread-3049] INFO  impl.RoleInfo (RoleInfo.java:updateAndGet(143)) - aed1b97f-105e-4684-b087-4b6333aa3ced: start LeaderElection
2019-10-23 22:22:37,858 [aed1b97f-105e-4684-b087-4b6333aa3ced@group-F043E0AED0ED-LeaderElection418] INFO  impl.LeaderElection (LeaderElection.java:askForVotes(178)) - aed1b97f-105e-4684-b087-4b6333aa3ced@group-F043E0AED0ED-LeaderElection418: begin an election at term 466 for -1: [aed1b97f-105e-4684-b087-4b6333aa3ced:192.168.157.195:34943, 1c51b35f-55cb-4636-a00c-83d34bf2d9d4:192.168.157.195:34693, d21ee1f1-33f6-483c-a18b-27782ce1915a:192.168.157.195:46462], old=null
2019-10-23 22:22:37,860 [grpc-default-executor-3] INFO  impl.RaftServerImpl (RaftServerImpl.java:setRole(184)) - 1c51b35f-55cb-4636-a00c-83d34bf2d9d4@group-F043E0AED0ED: changes role from  FOLLOWER to FOLLOWER at term 466 for recognizeCandidate:aed1b97f-105e-4684-b087-4b6333aa3ced
2019-10-23 22:22:37,860 [grpc-default-executor-3] INFO  impl.RoleInfo (RoleInfo.java:shutdownFollowerState(121)) - 1c51b35f-55cb-4636-a00c-83d34bf2d9d4: shutdown FollowerState
2019-10-23 22:22:37,860 [grpc-default-executor-5] INFO  impl.RaftServerImpl (RaftServerImpl.java:setRole(184)) - d21ee1f1-33f6-483c-a18b-27782ce1915a@group-F043E0AED0ED: changes role from  FOLLOWER to FOLLOWER at term 466 for recognizeCandidate:aed1b97f-105e-4684-b087-4b6333aa3ced
2019-10-23 22:22:37,860 [grpc-default-executor-5] INFO  impl.RoleInfo (RoleInfo.java:shutdownFollowerState(121)) - d21ee1f1-33f6-483c-a18b-27782ce1915a: shutdown FollowerState
2019-10-23 22:22:37,860 [Thread-3047] INFO  impl.FollowerState (FollowerState.java:run(117)) - 1c51b35f-55cb-4636-a00c-83d34bf2d9d4@group-F043E0AED0ED-FollowerState was interrupted: java.lang.InterruptedException: sleep interrupted
2019-10-23 22:22:37,860 [grpc-default-executor-3] INFO  impl.RoleInfo (RoleInfo.java:updateAndGet(143)) - 1c51b35f-55cb-4636-a00c-83d34bf2d9d4: start FollowerState
2019-10-23 22:22:37,861 [grpc-default-executor-5] INFO  impl.RoleInfo (RoleInfo.java:updateAndGet(143)) - d21ee1f1-33f6-483c-a18b-27782ce1915a: start FollowerState
2019-10-23 22:22:37,861 [Thread-3048] INFO  impl.FollowerState (FollowerState.java:run(117)) - d21ee1f1-33f6-483c-a18b-27782ce1915a@group-F043E0AED0ED-FollowerState was interrupted: java.lang.InterruptedException: sleep interrupted
2019-10-23 22:22:37,876 [aed1b97f-105e-4684-b087-4b6333aa3ced@group-F043E0AED0ED-LeaderElection418] INFO  impl.LeaderElection (LeaderElection.java:logAndReturn(56)) - aed1b97f-105e-4684-b087-4b6333aa3ced@group-F043E0AED0ED-LeaderElection418: Election REJECTED; received 2 response(s) [aed1b97f-105e-4684-b087-4b6333aa3ced<-1c51b35f-55cb-4636-a00c-83d34bf2d9d4#0:FAIL-t466, aed1b97f-105e-4684-b087-4b6333aa3ced<-d21ee1f1-33f6-483c-a18b-27782ce1915a#0:FAIL-t466] and 0 exception(s); aed1b97f-105e-4684-b087-4b6333aa3ced@group-F043E0AED0ED:t466, leader=null, voted=aed1b97f-105e-4684-b087-4b6333aa3ced, raftlog=aed1b97f-105e-4684-b087-4b6333aa3ced@group-F043E0AED0ED-SegmentedRaftLog:OPENED:c-1,f-1,i0, conf=-1: [aed1b97f-105e-4684-b087-4b6333aa3ced:192.168.157.195:34943, 1c51b35f-55cb-4636-a00c-83d34bf2d9d4:192.168.157.195:34693, d21ee1f1-33f6-483c-a18b-27782ce1915a:192.168.157.195:46462], old=null
2019-10-23 22:22:37,876 [aed1b97f-105e-4684-b087-4b6333aa3ced@group-F043E0AED0ED-LeaderElection418] INFO  impl.RaftServerImpl (RaftServerImpl.java:setRole(184)) - aed1b97f-105e-4684-b087-4b6333aa3ced@group-F043E0AED0ED: changes role from CANDIDATE to FOLLOWER at term 466 for DISCOVERED_A_NEW_TERM
2019-10-23 22:22:37,876 [aed1b97f-105e-4684-b087-4b6333aa3ced@group-F043E0AED0ED-LeaderElection418] INFO  impl.RoleInfo (RoleInfo.java:shutdownLeaderElection(134)) - aed1b97f-105e-4684-b087-4b6333aa3ced: shutdown LeaderElection
2019-10-23 22:22:37,877 [aed1b97f-105e-4684-b087-4b6333aa3ced@group-F043E0AED0ED-LeaderElection418] INFO  impl.RoleInfo (RoleInfo.java:updateAndGet(143)) - aed1b97f-105e-4684-b087-4b6333aa3ced: start FollowerState
2019-10-23 22:22:37,999 [Thread-3055] INFO  impl.FollowerState (FollowerState.java:run(108)) - aed1b97f-105e-4684-b087-4b6333aa3ced@group-F043E0AED0ED-FollowerState: change to CANDIDATE, lastRpcTime:122ms, electionTimeout:122ms
2019-10-23 22:22:37,999 [Thread-3055] INFO  impl.RoleInfo (RoleInfo.java:shutdownFollowerState(121)) - aed1b97f-105e-4684-b087-4b6333aa3ced: shutdown FollowerState
2019-10-23 22:22:37,999 [Thread-3055] INFO  impl.RaftServerImpl (RaftServerImpl.java:setRole(184)) - aed1b97f-105e-4684-b087-4b6333aa3ced@group-F043E0AED0ED: changes role from  FOLLOWER to CANDIDATE at term 466 for changeToCandidate
2019-10-23 22:22:37,999 [Thread-3055] INFO  impl.RoleInfo (RoleInfo.java:updateAndGet(143)) - aed1b97f-105e-4684-b087-4b6333aa3ced: start LeaderElection
2019-10-23 22:22:38,013 [aed1b97f-105e-4684-b087-4b6333aa3ced@group-F043E0AED0ED-LeaderElection419] INFO  impl.LeaderElection (LeaderElection.java:askForVotes(178)) - aed1b97f-105e-4684-b087-4b6333aa3ced@group-F043E0AED0ED-LeaderElection419: begin an election at term 467 for -1: [aed1b97f-105e-4684-b087-4b6333aa3ced:192.168.157.195:34943, 1c51b35f-55cb-4636-a00c-83d34bf2d9d4:192.168.157.195:34693, d21ee1f1-33f6-483c-a18b-27782ce1915a:192.168.157.195:46462], old=null
2019-10-23 22:22:38,014 [grpc-default-executor-5] INFO  impl.RaftServerImpl (RaftServerImpl.java:setRole(184)) - 1c51b35f-55cb-4636-a00c-83d34bf2d9d4@group-F043E0AED0ED: changes role from  FOLLOWER to FOLLOWER at term 467 for recognizeCandidate:aed1b97f-105e-4684-b087-4b6333aa3ced
2019-10-23 22:22:38,015 [grpc-default-executor-3] INFO  impl.RaftServerImpl (RaftServerImpl.java:setRole(184)) - d21ee1f1-33f6-483c-a18b-27782ce1915a@group-F043E0AED0ED: changes role from  FOLLOWER to FOLLOWER at term 467 for recognizeCandidate:aed1b97f-105e-4684-b087-4b6333aa3ced
2019-10-23 22:22:38,015 [grpc-default-executor-3] INFO  impl.RoleInfo (RoleInfo.java:shutdownFollowerState(121)) - d21ee1f1-33f6-483c-a18b-27782ce1915a: shutdown FollowerState
2019-10-23 22:22:38,015 [grpc-default-executor-5] INFO  impl.RoleInfo (RoleInfo.java:shutdownFollowerState(121)) - 1c51b35f-55cb-4636-a00c-83d34bf2d9d4: shutdown FollowerState
2019-10-23 22:22:38,015 [Thread-3054] INFO  impl.FollowerState (FollowerState.java:run(117)) - d21ee1f1-33f6-483c-a18b-27782ce1915a@group-F043E0AED0ED-FollowerState was interrupted: java.lang.InterruptedException: sleep interrupted
2019-10-23 22:22:38,015 [grpc-default-executor-3] INFO  impl.RoleInfo (RoleInfo.java:updateAndGet(143)) - d21ee1f1-33f6-483c-a18b-27782ce1915a: start FollowerState
2019-10-23 22:22:38,015 [Thread-3053] INFO  impl.FollowerState (FollowerState.java:run(117)) - 1c51b35f-55cb-4636-a00c-83d34bf2d9d4@group-F043E0AED0ED-FollowerState was interrupted: java.lang.InterruptedException: sleep interrupted
2019-10-23 22:22:38,015 [grpc-default-executor-5] INFO  impl.RoleInfo (RoleInfo.java:updateAndGet(143)) - 1c51b35f-55cb-4636-a00c-83d34bf2d9d4: start FollowerState
2019-10-23 22:22:38,029 [aed1b97f-105e-4684-b087-4b6333aa3ced@group-F043E0AED0ED-LeaderElection419] INFO  impl.LeaderElection (LeaderElection.java:logAndReturn(56)) - aed1b97f-105e-4684-b087-4b6333aa3ced@group-F043E0AED0ED-LeaderElection419: Election REJECTED; received 2 response(s) [aed1b97f-105e-4684-b087-4b6333aa3ced<-1c51b35f-55cb-4636-a00c-83d34bf2d9d4#0:FAIL-t467, aed1b97f-105e-4684-b087-4b6333aa3ced<-d21ee1f1-33f6-483c-a18b-27782ce1915a#0:FAIL-t467] and 0 exception(s); aed1b97f-105e-4684-b087-4b6333aa3ced@group-F043E0AED0ED:t467, leader=null, voted=aed1b97f-105e-4684-b087-4b6333aa3ced, raftlog=aed1b97f-105e-4684-b087-4b6333aa3ced@group-F043E0AED0ED-SegmentedRaftLog:OPENED:c-1,f-1,i0, conf=-1: [aed1b97f-105e-4684-b087-4b6333aa3ced:192.168.157.195:34943, 1c51b35f-55cb-4636-a00c-83d34bf2d9d4:192.168.157.195:34693, d21ee1f1-33f6-483c-a18b-27782ce1915a:192.168.157.195:46462], old=null
2019-10-23 22:22:38,029 [aed1b97f-105e-4684-b087-4b6333aa3ced@group-F043E0AED0ED-LeaderElection419] INFO  impl.RaftServerImpl (RaftServerImpl.java:setRole(184)) - aed1b97f-105e-4684-b087-4b6333aa3ced@group-F043E0AED0ED: changes role from CANDIDATE to FOLLOWER at term 467 for DISCOVERED_A_NEW_TERM
2019-10-23 22:22:38,029 [aed1b97f-105e-4684-b087-4b6333aa3ced@group-F043E0AED0ED-LeaderElection419] INFO  impl.RoleInfo (RoleInfo.java:shutdownLeaderElection(134)) - aed1b97f-105e-4684-b087-4b6333aa3ced: shutdown LeaderElection
2019-10-23 22:22:38,029 [aed1b97f-105e-4684-b087-4b6333aa3ced@group-F043E0AED0ED-LeaderElection419] INFO  impl.RoleInfo (RoleInfo.java:updateAndGet(143)) - aed1b97f-105e-4684-b087-4b6333aa3ced: start FollowerState
2019-10-23 22:22:38,167 [Thread-3061] INFO  impl.FollowerState (FollowerState.java:run(108)) - aed1b97f-105e-4684-b087-4b6333aa3ced@group-F043E0AED0ED-FollowerState: change to CANDIDATE, lastRpcTime:137ms, electionTimeout:137ms
2019-10-23 22:22:38,167 [Thread-3061] INFO  impl.RoleInfo (RoleInfo.java:shutdownFollowerState(121)) - aed1b97f-105e-4684-b087-4b6333aa3ced: shutdown FollowerState
2019-10-23 22:22:38,167 [Thread-3061] INFO  impl.RaftServerImpl (RaftServerImpl.java:setRole(184)) - aed1b97f-105e-4684-b087-4b6333aa3ced@group-F043E0AED0ED: changes role from  FOLLOWER to CANDIDATE at term 467 for changeToCandidate
2019-10-23 22:22:38,167 [Thread-3061] INFO  impl.RoleInfo (RoleInfo.java:updateAndGet(143)) - aed1b97f-105e-4684-b087-4b6333aa3ced: start LeaderElection
2019-10-23 22:22:38,193 [aed1b97f-105e-4684-b087-4b6333aa3ced@group-F043E0AED0ED-LeaderElection420] INFO  impl.LeaderElection (LeaderElection.java:askForVotes(178)) - aed1b97f-105e-4684-b087-4b6333aa3ced@group-F043E0AED0ED-LeaderElection420: begin an election at term 468 for -1: [aed1b97f-105e-4684-b087-4b6333aa3ced:192.168.157.195:34943, 1c51b35f-55cb-4636-a00c-83d34bf2d9d4:192.168.157.195:34693, d21ee1f1-33f6-483c-a18b-27782ce1915a:192.168.157.195:46462], old=null
2019-10-23 22:22:38,194 [grpc-default-executor-3] INFO  impl.RaftServerImpl (RaftServerImpl.java:setRole(184)) - 1c51b35f-55cb-4636-a00c-83d34bf2d9d4@group-F043E0AED0ED: changes role from  FOLLOWER to FOLLOWER at term 468 for recognizeCandidate:aed1b97f-105e-4684-b087-4b6333aa3ced
2019-10-23 22:22:38,194 [grpc-default-executor-3] INFO  impl.RoleInfo (RoleInfo.java:shutdownFollowerState(121)) - 1c51b35f-55cb-4636-a00c-83d34bf2d9d4: shutdown FollowerState
2019-10-23 22:22:38,194 [grpc-default-executor-5] INFO  impl.RaftServerImpl (RaftServerImpl.java:setRole(184)) - d21ee1f1-33f6-483c-a18b-27782ce1915a@group-F043E0AED0ED: changes role from  FOLLOWER to FOLLOWER at term 468 for recognizeCandidate:aed1b97f-105e-4684-b087-4b6333aa3ced
2019-10-23 22:22:38,195 [grpc-default-executor-5] INFO  impl.RoleInfo (RoleInfo.java:shutdownFollowerState(121)) - d21ee1f1-33f6-483c-a18b-27782ce1915a: shutdown FollowerState
2019-10-23 22:22:38,195 [Thread-3060] INFO  impl.FollowerState (FollowerState.java:run(117)) - 1c51b35f-55cb-4636-a00c-83d34bf2d9d4@group-F043E0AED0ED-FollowerState was interrupted: java.lang.InterruptedException: sleep interrupted
2019-10-23 22:22:38,195 [Thread-3059] INFO  impl.FollowerState (FollowerState.java:run(117)) - d21ee1f1-33f6-483c-a18b-27782ce1915a@group-F043E0AED0ED-FollowerState was interrupted: java.lang.InterruptedException: sleep interrupted
2019-10-23 22:22:38,195 [grpc-default-executor-3] INFO  impl.RoleInfo (RoleInfo.java:updateAndGet(143)) - 1c51b35f-55cb-4636-a00c-83d34bf2d9d4: start FollowerState
2019-10-23 22:22:38,195 [grpc-default-executor-5] INFO  impl.RoleInfo (RoleInfo.java:updateAndGet(143)) - d21ee1f1-33f6-483c-a18b-27782ce1915a: start FollowerState
2019-10-23 22:22:38,225 [aed1b97f-105e-4684-b087-4b6333aa3ced@group-F043E0AED0ED-LeaderElection420] INFO  impl.LeaderElection (LeaderElection.java:logAndReturn(56)) - aed1b97f-105e-4684-b087-4b6333aa3ced@group-F043E0AED0ED-LeaderElection420: Election REJECTED; received 2 response(s) [aed1b97f-105e-4684-b087-4b6333aa3ced<-1c51b35f-55cb-4636-a00c-83d34bf2d9d4#0:FAIL-t468, aed1b97f-105e-4684-b087-4b6333aa3ced<-d21ee1f1-33f6-483c-a18b-27782ce1915a#0:FAIL-t468] and 0 exception(s); aed1b97f-105e-4684-b087-4b6333aa3ced@group-F043E0AED0ED:t468, leader=null, voted=aed1b97f-105e-4684-b087-4b6333aa3ced, raftlog=aed1b97f-105e-4684-b087-4b6333aa3ced@group-F043E0AED0ED-SegmentedRaftLog:OPENED:c-1,f-1,i0, conf=-1: [aed1b97f-105e-4684-b087-4b6333aa3ced:192.168.157.195:34943, 1c51b35f-55cb-4636-a00c-83d34bf2d9d4:192.168.157.195:34693, d21ee1f1-33f6-483c-a18b-27782ce1915a:192.168.157.195:46462], old=null
2019-10-23 22:22:38,225 [aed1b97f-105e-4684-b087-4b6333aa3ced@group-F043E0AED0ED-LeaderElection420] INFO  impl.RaftServerImpl (RaftServerImpl.java:setRole(184)) - aed1b97f-105e-4684-b087-4b6333aa3ced@group-F043E0AED0ED: changes role from CANDIDATE to FOLLOWER at term 468 for DISCOVERED_A_NEW_TERM
2019-10-23 22:22:38,225 [aed1b97f-105e-4684-b087-4b6333aa3ced@group-F043E0AED0ED-LeaderElection420] INFO  impl.RoleInfo (RoleInfo.java:shutdownLeaderElection(134)) - aed1b97f-105e-4684-b087-4b6333aa3ced: shutdown LeaderElection
2019-10-23 22:22:38,226 [aed1b97f-105e-4684-b087-4b6333aa3ced@group-F043E0AED0ED-LeaderElection420] INFO  impl.RoleInfo (RoleInfo.java:updateAndGet(143)) - aed1b97f-105e-4684-b087-4b6333aa3ced: start FollowerState
2019-10-23 22:22:38,378 [Thread-3067] INFO  impl.FollowerState (FollowerState.java:run(108)) - aed1b97f-105e-4684-b087-4b6333aa3ced@group-F043E0AED0ED-FollowerState: change to CANDIDATE, lastRpcTime:152ms, electionTimeout:152ms
2019-10-23 22:22:38,378 [Thread-3067] INFO  impl.RoleInfo (RoleInfo.java:shutdownFollowerState(121)) - aed1b97f-105e-4684-b087-4b6333aa3ced: shutdown FollowerState
2019-10-23 22:22:38,378 [Thread-3067] INFO  impl.RaftServerImpl (RaftServerImpl.java:setRole(184)) - aed1b97f-105e-4684-b087-4b6333aa3ced@group-F043E0AED0ED: changes role from  FOLLOWER to CANDIDATE at term 468 for changeToCandidate
2019-10-23 22:22:38,378 [Thread-3067] INFO  impl.RoleInfo (RoleInfo.java:updateAndGet(143)) - aed1b97f-105e-4684-b087-4b6333aa3ced: start LeaderElection
2019-10-23 22:22:38,404 [aed1b97f-105e-4684-b087-4b6333aa3ced@group-F043E0AED0ED-LeaderElection421] INFO  impl.LeaderElection (LeaderElection.java:askForVotes(178)) - aed1b97f-105e-4684-b087-4b6333aa3ced@group-F043E0AED0ED-LeaderElection421: begin an election at term 469 for -1: [aed1b97f-105e-4684-b087-4b6333aa3ced:192.168.157.195:34943, 1c51b35f-55cb-4636-a00c-83d34bf2d9d4:192.168.157.195:34693, d21ee1f1-33f6-483c-a18b-27782ce1915a:192.168.157.195:46462], old=null
2019-10-23 22:22:38,406 [grpc-default-executor-5] INFO  impl.RaftServerImpl (RaftServerImpl.java:setRole(184)) - 1c51b35f-55cb-4636-a00c-83d34bf2d9d4@group-F043E0AED0ED: changes role from  FOLLOWER to FOLLOWER at term 469 for recognizeCandidate:aed1b97f-105e-4684-b087-4b6333aa3ced
2019-10-23 22:22:38,406 [grpc-default-executor-3] INFO  impl.RaftServerImpl (RaftServerImpl.java:setRole(184)) - d21ee1f1-33f6-483c-a18b-27782ce1915a@group-F043E0AED0ED: changes role from  FOLLOWER to FOLLOWER at term 469 for recognizeCandidate:aed1b97f-105e-4684-b087-4b6333aa3ced
2019-10-23 22:22:38,406 [grpc-default-executor-3] INFO  impl.RoleInfo (RoleInfo.java:shutdownFollowerState(121)) - d21ee1f1-33f6-483c-a18b-27782ce1915a: shutdown FollowerState
2019-10-23 22:22:38,406 [grpc-default-executor-5] INFO  impl.RoleInfo (RoleInfo.java:shutdownFollowerState(121)) - 1c51b35f-55cb-4636-a00c-83d34bf2d9d4: shutdown FollowerState
2019-10-23 22:22:38,406 [Thread-3066] INFO  impl.FollowerState (FollowerState.java:run(117)) - d21ee1f1-33f6-483c-a18b-27782ce1915a@group-F043E0AED0ED-FollowerState was interrupted: java.lang.InterruptedException: sleep interrupted
2019-10-23 22:22:38,406 [grpc-default-executor-3] INFO  impl.RoleInfo (RoleInfo.java:updateAndGet(143)) - d21ee1f1-33f6-483c-a18b-27782ce1915a: start FollowerState
2019-10-23 22:22:38,406 [Thread-3065] INFO  impl.FollowerState (FollowerState.java:run(117)) - 1c51b35f-55cb-4636-a00c-83d34bf2d9d4@group-F043E0AED0ED-FollowerState was interrupted: java.lang.InterruptedException: sleep interrupted
2019-10-23 22:22:38,406 [grpc-default-executor-5] INFO  impl.RoleInfo (RoleInfo.java:updateAndGet(143)) - 1c51b35f-55cb-4636-a00c-83d34bf2d9d4: start FollowerState
2019-10-23 22:22:38,421 [aed1b97f-105e-4684-b087-4b6333aa3ced@group-F043E0AED0ED-LeaderElection421] INFO  impl.LeaderElection (LeaderElection.java:logAndReturn(56)) - aed1b97f-105e-4684-b087-4b6333aa3ced@group-F043E0AED0ED-LeaderElection421: Election REJECTED; received 2 response(s) [aed1b97f-105e-4684-b087-4b6333aa3ced<-1c51b35f-55cb-4636-a00c-83d34bf2d9d4#0:FAIL-t469, aed1b97f-105e-4684-b087-4b6333aa3ced<-d21ee1f1-33f6-483c-a18b-27782ce1915a#0:FAIL-t469] and 0 exception(s); aed1b97f-105e-4684-b087-4b6333aa3ced@group-F043E0AED0ED:t469, leader=null, voted=aed1b97f-105e-4684-b087-4b6333aa3ced, raftlog=aed1b97f-105e-4684-b087-4b6333aa3ced@group-F043E0AED0ED-SegmentedRaftLog:OPENED:c-1,f-1,i0, conf=-1: [aed1b97f-105e-4684-b087-4b6333aa3ced:192.168.157.195:34943, 1c51b35f-55cb-4636-a00c-83d34bf2d9d4:192.168.157.195:34693, d21ee1f1-33f6-483c-a18b-27782ce1915a:192.168.157.195:46462], old=null
2019-10-23 22:22:38,421 [aed1b97f-105e-4684-b087-4b6333aa3ced@group-F043E0AED0ED-LeaderElection421] INFO  impl.RaftServerImpl (RaftServerImpl.java:setRole(184)) - aed1b97f-105e-4684-b087-4b6333aa3ced@group-F043E0AED0ED: changes role from CANDIDATE to FOLLOWER at term 469 for DISCOVERED_A_NEW_TERM
2019-10-23 22:22:38,421 [aed1b97f-105e-4684-b087-4b6333aa3ced@group-F043E0AED0ED-LeaderElection421] INFO  impl.RoleInfo (RoleInfo.java:shutdownLeaderElection(134)) - aed1b97f-105e-4684-b087-4b6333aa3ced: shutdown LeaderElection
2019-10-23 22:22:38,421 [aed1b97f-105e-4684-b087-4b6333aa3ced@group-F043E0AED0ED-LeaderElection421] INFO  impl.RoleInfo (RoleInfo.java:updateAndGet(143)) - aed1b97f-105e-4684-b087-4b6333aa3ced: start FollowerState
2019-10-23 22:22:38,563 [Thread-3073] INFO  impl.FollowerState (FollowerState.java:run(108)) - aed1b97f-105e-4684-b087-4b6333aa3ced@group-F043E0AED0ED-FollowerState: change to CANDIDATE, lastRpcTime:141ms, electionTimeout:141ms
2019-10-23 22:22:38,563 [Thread-3073] INFO  impl.RoleInfo (RoleInfo.java:shutdownFollowerState(121)) - aed1b97f-105e-4684-b087-4b6333aa3ced: shutdown FollowerState
2019-10-23 22:22:38,563 [Thread-3073] INFO  impl.RaftServerImpl (RaftServerImpl.java:setRole(184)) - aed1b97f-105e-4684-b087-4b6333aa3ced@group-F043E0AED0ED: changes role from  FOLLOWER to CANDIDATE at term 469 for changeToCandidate
2019-10-23 22:22:38,563 [Thread-3073] INFO  impl.RoleInfo (RoleInfo.java:updateAndGet(143)) - aed1b97f-105e-4684-b087-4b6333aa3ced: start LeaderElection
2019-10-23 22:22:38,589 [aed1b97f-105e-4684-b087-4b6333aa3ced@group-F043E0AED0ED-LeaderElection422] INFO  impl.LeaderElection (LeaderElection.java:askForVotes(178)) - aed1b97f-105e-4684-b087-4b6333aa3ced@group-F043E0AED0ED-LeaderElection422: begin an election at term 470 for -1: [aed1b97f-105e-4684-b087-4b6333aa3ced:192.168.157.195:34943, 1c51b35f-55cb-4636-a00c-83d34bf2d9d4:192.168.157.195:34693, d21ee1f1-33f6-483c-a18b-27782ce1915a:192.168.157.195:46462], old=null
2019-10-23 22:22:38,592 [grpc-default-executor-3] INFO  impl.RaftServerImpl (RaftServerImpl.java:setRole(184)) - 1c51b35f-55cb-4636-a00c-83d34bf2d9d4@group-F043E0AED0ED: changes role from  FOLLOWER to FOLLOWER at term 470 for recognizeCandidate:aed1b97f-105e-4684-b087-4b6333aa3ced
2019-10-23 22:22:38,592 [grpc-default-executor-5] INFO  impl.RaftServerImpl (RaftServerImpl.java:setRole(184)) - d21ee1f1-33f6-483c-a18b-27782ce1915a@group-F043E0AED0ED: changes role from  FOLLOWER to FOLLOWER at term 470 for recognizeCandidate:aed1b97f-105e-4684-b087-4b6333aa3ced
2019-10-23 22:22:38,592 [grpc-default-executor-5] INFO  impl.RoleInfo (RoleInfo.java:shutdownFollowerState(121)) - d21ee1f1-33f6-483c-a18b-27782ce1915a: shutdown FollowerState
2019-10-23 22:22:38,592 [grpc-default-executor-3] INFO  impl.RoleInfo (RoleInfo.java:shutdownFollowerState(121)) - 1c51b35f-55cb-4636-a00c-83d34bf2d9d4: shutdown FollowerState
2019-10-23 22:22:38,592 [Thread-3071] INFO  impl.FollowerState (FollowerState.java:run(117)) - d21ee1f1-33f6-483c-a18b-27782ce1915a@group-F043E0AED0ED-FollowerState was interrupted: java.lang.InterruptedException: sleep interrupted
2019-10-23 22:22:38,592 [grpc-default-executor-5] INFO  impl.RoleInfo (RoleInfo.java:updateAndGet(143)) - d21ee1f1-33f6-483c-a18b-27782ce1915a: start FollowerState
2019-10-23 22:22:38,593 [Thread-3072] INFO  impl.FollowerState (FollowerState.java:run(117)) - 1c51b35f-55cb-4636-a00c-83d34bf2d9d4@group-F043E0AED0ED-FollowerState was interrupted: java.lang.InterruptedException: sleep interrupted
2019-10-23 22:22:38,593 [grpc-default-executor-3] INFO  impl.RoleInfo (RoleInfo.java:updateAndGet(143)) - 1c51b35f-55cb-4636-a00c-83d34bf2d9d4: start FollowerState
2019-10-23 22:22:38,620 [aed1b97f-105e-4684-b087-4b6333aa3ced@group-F043E0AED0ED-LeaderElection422] INFO  impl.LeaderElection (LeaderElection.java:logAndReturn(56)) - aed1b97f-105e-4684-b087-4b6333aa3ced@group-F043E0AED0ED-LeaderElection422: Election REJECTED; received 2 response(s) [aed1b97f-105e-4684-b087-4b6333aa3ced<-1c51b35f-55cb-4636-a00c-83d34bf2d9d4#0:FAIL-t470, aed1b97f-105e-4684-b087-4b6333aa3ced<-d21ee1f1-33f6-483c-a18b-27782ce1915a#0:FAIL-t470] and 0 exception(s); aed1b97f-105e-4684-b087-4b6333aa3ced@group-F043E0AED0ED:t470, leader=null, voted=aed1b97f-105e-4684-b087-4b6333aa3ced, raftlog=aed1b97f-105e-4684-b087-4b6333aa3ced@group-F043E0AED0ED-SegmentedRaftLog:OPENED:c-1,f-1,i0, conf=-1: [aed1b97f-105e-4684-b087-4b6333aa3ced:192.168.157.195:34943, 1c51b35f-55cb-4636-a00c-83d34bf2d9d4:192.168.157.195:34693, d21ee1f1-33f6-483c-a18b-27782ce1915a:192.168.157.195:46462], old=null
2019-10-23 22:22:38,620 [aed1b97f-105e-4684-b087-4b6333aa3ced@group-F043E0AED0ED-LeaderElection422] INFO  impl.RaftServerImpl (RaftServerImpl.java:setRole(184)) - aed1b97f-105e-4684-b087-4b6333aa3ced@group-F043E0AED0ED: changes role from CANDIDATE to FOLLOWER at term 470 for DISCOVERED_A_NEW_TERM
2019-10-23 22:22:38,620 [aed1b97f-105e-4684-b087-4b6333aa3ced@group-F043E0AED0ED-LeaderElection422] INFO  impl.RoleInfo (RoleInfo.java:shutdownLeaderElection(134)) - aed1b97f-105e-4684-b087-4b6333aa3ced: shutdown LeaderElection
2019-10-23 22:22:38,620 [aed1b97f-105e-4684-b087-4b6333aa3ced@group-F043E0AED0ED-LeaderElection422] INFO  impl.RoleInfo (RoleInfo.java:updateAndGet(143)) - aed1b97f-105e-4684-b087-4b6333aa3ced: start FollowerState
2019-10-23 22:22:38,707 [Thread-3081] INFO  impl.FollowerState (FollowerState.java:run(108)) - aed1b97f-105e-4684-b087-4b6333aa3ced@group-F043E0AED0ED-FollowerState: change to CANDIDATE, lastRpcTime:86ms, electionTimeout:86ms
2019-10-23 22:22:38,707 [Thread-3081] INFO  impl.RoleInfo (RoleInfo.java:shutdownFollowerState(121)) - aed1b97f-105e-4684-b087-4b6333aa3ced: shutdown FollowerState
2019-10-23 22:22:38,707 [Thread-3081] INFO  impl.RaftServerImpl (RaftServerImpl.java:setRole(184)) - aed1b97f-105e-4684-b087-4b6333aa3ced@group-F043E0AED0ED: changes role from  FOLLOWER to CANDIDATE at term 470 for changeToCandidate
2019-10-23 22:22:38,707 [Thread-3081] INFO  impl.RoleInfo (RoleInfo.java:updateAndGet(143)) - aed1b97f-105e-4684-b087-4b6333aa3ced: start LeaderElection
2019-10-23 22:22:38,733 [aed1b97f-105e-4684-b087-4b6333aa3ced@group-F043E0AED0ED-LeaderElection423] INFO  impl.LeaderElection (LeaderElection.java:askForVotes(178)) - aed1b97f-105e-4684-b087-4b6333aa3ced@group-F043E0AED0ED-LeaderElection423: begin an election at term 471 for -1: [aed1b97f-105e-4684-b087-4b6333aa3ced:192.168.157.195:34943, 1c51b35f-55cb-4636-a00c-83d34bf2d9d4:192.168.157.195:34693, d21ee1f1-33f6-483c-a18b-27782ce1915a:192.168.157.195:46462], old=null
2019-10-23 22:22:38,735 [grpc-default-executor-5] INFO  impl.RaftServerImpl (RaftServerImpl.java:setRole(184)) - 1c51b35f-55cb-4636-a00c-83d34bf2d9d4@group-F043E0AED0ED: changes role from  FOLLOWER to FOLLOWER at term 471 for recognizeCandidate:aed1b97f-105e-4684-b087-4b6333aa3ced
2019-10-23 22:22:38,736 [grpc-default-executor-5] INFO  impl.RoleInfo (RoleInfo.java:shutdownFollowerState(121)) - 1c51b35f-55cb-4636-a00c-83d34bf2d9d4: shutdown FollowerState
2019-10-23 22:22:38,736 [grpc-default-executor-3] INFO  impl.RaftServerImpl (RaftServerImpl.java:setRole(184)) - d21ee1f1-33f6-483c-a18b-27782ce1915a@group-F043E0AED0ED: changes role from  FOLLOWER to FOLLOWER at term 471 for recognizeCandidate:aed1b97f-105e-4684-b087-4b6333aa3ced
2019-10-23 22:22:38,736 [Thread-3078] INFO  impl.FollowerState (FollowerState.java:run(117)) - 1c51b35f-55cb-4636-a00c-83d34bf2d9d4@group-F043E0AED0ED-FollowerState was interrupted: java.lang.InterruptedException: sleep interrupted
2019-10-23 22:22:38,736 [grpc-default-executor-5] INFO  impl.RoleInfo (RoleInfo.java:updateAndGet(143)) - 1c51b35f-55cb-4636-a00c-83d34bf2d9d4: start FollowerState
2019-10-23 22:22:38,736 [grpc-default-executor-3] INFO  impl.RoleInfo (RoleInfo.java:shutdownFollowerState(121)) - d21ee1f1-33f6-483c-a18b-27782ce1915a: shutdown FollowerState
2019-10-23 22:22:38,736 [grpc-default-executor-3] INFO  impl.RoleInfo (RoleInfo.java:updateAndGet(143)) - d21ee1f1-33f6-483c-a18b-27782ce1915a: start FollowerState
2019-10-23 22:22:38,736 [Thread-3077] INFO  impl.FollowerState (FollowerState.java:run(117)) - d21ee1f1-33f6-483c-a18b-27782ce1915a@group-F043E0AED0ED-FollowerState was interrupted: java.lang.InterruptedException: sleep interrupted
2019-10-23 22:22:38,751 [aed1b97f-105e-4684-b087-4b6333aa3ced@group-F043E0AED0ED-LeaderElection423] INFO  impl.LeaderElection (LeaderElection.java:logAndReturn(56)) - aed1b97f-105e-4684-b087-4b6333aa3ced@group-F043E0AED0ED-LeaderElection423: Election REJECTED; received 2 response(s) [aed1b97f-105e-4684-b087-4b6333aa3ced<-1c51b35f-55cb-4636-a00c-83d34bf2d9d4#0:FAIL-t471, aed1b97f-105e-4684-b087-4b6333aa3ced<-d21ee1f1-33f6-483c-a18b-27782ce1915a#0:FAIL-t471] and 0 exception(s); aed1b97f-105e-4684-b087-4b6333aa3ced@group-F043E0AED0ED:t471, leader=null, voted=aed1b97f-105e-4684-b087-4b6333aa3ced, raftlog=aed1b97f-105e-4684-b087-4b6333aa3ced@group-F043E0AED0ED-SegmentedRaftLog:OPENED:c-1,f-1,i0, conf=-1: [aed1b97f-105e-4684-b087-4b6333aa3ced:192.168.157.195:34943, 1c51b35f-55cb-4636-a00c-83d34bf2d9d4:192.168.157.195:34693, d21ee1f1-33f6-483c-a18b-27782ce1915a:192.168.157.195:46462], old=null
2019-10-23 22:22:38,751 [aed1b97f-105e-4684-b087-4b6333aa3ced@group-F043E0AED0ED-LeaderElection423] INFO  impl.RaftServerImpl (RaftServerImpl.java:setRole(184)) - aed1b97f-105e-4684-b087-4b6333aa3ced@group-F043E0AED0ED: changes role from CANDIDATE to FOLLOWER at term 471 for DISCOVERED_A_NEW_TERM
2019-10-23 22:22:38,751 [aed1b97f-105e-4684-b087-4b6333aa3ced@group-F043E0AED0ED-LeaderElection423] INFO  impl.RoleInfo (RoleInfo.java:shutdownLeaderElection(134)) - aed1b97f-105e-4684-b087-4b6333aa3ced: shutdown LeaderElection
2019-10-23 22:22:38,751 [aed1b97f-105e-4684-b087-4b6333aa3ced@group-F043E0AED0ED-LeaderElection423] INFO  impl.RoleInfo (RoleInfo.java:updateAndGet(143)) - aed1b97f-105e-4684-b087-4b6333aa3ced: start FollowerState
2019-10-23 22:22:38,768 [Thread-3087] INFO  impl.FollowerState (FollowerState.java:run(108)) - aed1b97f-105e-4684-b087-4b6333aa3ced@group-F043E0AED0ED-FollowerState: change to CANDIDATE, lastRpcTime:16ms, electionTimeout:16ms
2019-10-23 22:22:38,768 [Thread-3087] INFO  impl.RoleInfo (RoleInfo.java:shutdownFollowerState(121)) - aed1b97f-105e-4684-b087-4b6333aa3ced: shutdown FollowerState
2019-10-23 22:22:38,768 [Thread-3087] INFO  impl.RaftServerImpl (RaftServerImpl.java:setRole(184)) - aed1b97f-105e-4684-b087-4b6333aa3ced@group-F043E0AED0ED: changes role from  FOLLOWER to CANDIDATE at term 471 for changeToCandidate
2019-10-23 22:22:38,768 [Thread-3087] INFO  impl.RoleInfo (RoleInfo.java:updateAndGet(143)) - aed1b97f-105e-4684-b087-4b6333aa3ced: start LeaderElection
2019-10-23 22:22:38,781 [aed1b97f-105e-4684-b087-4b6333aa3ced@group-F043E0AED0ED-LeaderElection424] INFO  impl.LeaderElection (LeaderElection.java:askForVotes(178)) - aed1b97f-105e-4684-b087-4b6333aa3ced@group-F043E0AED0ED-LeaderElection424: begin an election at term 472 for -1: [aed1b97f-105e-4684-b087-4b6333aa3ced:192.168.157.195:34943, 1c51b35f-55cb-4636-a00c-83d34bf2d9d4:192.168.157.195:34693, d21ee1f1-33f6-483c-a18b-27782ce1915a:192.168.157.195:46462], old=null
2019-10-23 22:22:38,783 [grpc-default-executor-5] INFO  impl.RaftServerImpl (RaftServerImpl.java:setRole(184)) - 1c51b35f-55cb-4636-a00c-83d34bf2d9d4@group-F043E0AED0ED: changes role from  FOLLOWER to FOLLOWER at term 472 for recognizeCandidate:aed1b97f-105e-4684-b087-4b6333aa3ced
2019-10-23 22:22:38,783 [grpc-default-executor-5] INFO  impl.RoleInfo (RoleInfo.java:shutdownFollowerState(121)) - 1c51b35f-55cb-4636-a00c-83d34bf2d9d4: shutdown FollowerState
2019-10-23 22:22:38,783 [grpc-default-executor-5] INFO  impl.RoleInfo (RoleInfo.java:updateAndGet(143)) - 1c51b35f-55cb-4636-a00c-83d34bf2d9d4: start FollowerState
2019-10-23 22:22:38,783 [Thread-3085] INFO  impl.FollowerState (FollowerState.java:run(117)) - 1c51b35f-55cb-4636-a00c-83d34bf2d9d4@group-F043E0AED0ED-FollowerState was interrupted: java.lang.InterruptedException: sleep interrupted
2019-10-23 22:22:38,783 [grpc-default-executor-3] INFO  impl.RaftServerImpl (RaftServerImpl.java:setRole(184)) - d21ee1f1-33f6-483c-a18b-27782ce1915a@group-F043E0AED0ED: changes role from  FOLLOWER to FOLLOWER at term 472 for recognizeCandidate:aed1b97f-105e-4684-b087-4b6333aa3ced
2019-10-23 22:22:38,784 [grpc-default-executor-3] INFO  impl.RoleInfo (RoleInfo.java:shutdownFollowerState(121)) - d21ee1f1-33f6-483c-a18b-27782ce1915a: shutdown FollowerState
2019-10-23 22:22:38,784 [grpc-default-executor-3] INFO  impl.RoleInfo (RoleInfo.java:updateAndGet(143)) - d21ee1f1-33f6-483c-a18b-27782ce1915a: start FollowerState
2019-10-23 22:22:38,784 [Thread-3086] INFO  impl.FollowerState (FollowerState.java:run(117)) - d21ee1f1-33f6-483c-a18b-27782ce1915a@group-F043E0AED0ED-FollowerState was interrupted: java.lang.InterruptedException: sleep interrupted
2019-10-23 22:22:38,788 [aed1b97f-105e-4684-b087-4b6333aa3ced@group-F043E0AED0ED-LeaderElection424] INFO  impl.LeaderElection (LeaderElection.java:logAndReturn(56)) - aed1b97f-105e-4684-b087-4b6333aa3ced@group-F043E0AED0ED-LeaderElection424: Election TIMEOUT; received 0 response(s) [] and 0 exception(s); aed1b97f-105e-4684-b087-4b6333aa3ced@group-F043E0AED0ED:t472, leader=null, voted=aed1b97f-105e-4684-b087-4b6333aa3ced, raftlog=aed1b97f-105e-4684-b087-4b6333aa3ced@group-F043E0AED0ED-SegmentedRaftLog:OPENED:c-1,f-1,i0, conf=-1: [aed1b97f-105e-4684-b087-4b6333aa3ced:192.168.157.195:34943, 1c51b35f-55cb-4636-a00c-83d34bf2d9d4:192.168.157.195:34693, d21ee1f1-33f6-483c-a18b-27782ce1915a:192.168.157.195:46462], old=null
2019-10-23 22:22:38,810 [aed1b97f-105e-4684-b087-4b6333aa3ced@group-F043E0AED0ED-LeaderElection424] INFO  impl.LeaderElection (LeaderElection.java:askForVotes(178)) - aed1b97f-105e-4684-b087-4b6333aa3ced@group-F043E0AED0ED-LeaderElection424: begin an election at term 473 for -1: [aed1b97f-105e-4684-b087-4b6333aa3ced:192.168.157.195:34943, 1c51b35f-55cb-4636-a00c-83d34bf2d9d4:192.168.157.195:34693, d21ee1f1-33f6-483c-a18b-27782ce1915a:192.168.157.195:46462], old=null
2019-10-23 22:22:38,812 [grpc-default-executor-3] INFO  impl.RaftServerImpl (RaftServerImpl.java:setRole(184)) - 1c51b35f-55cb-4636-a00c-83d34bf2d9d4@group-F043E0AED0ED: changes role from  FOLLOWER to FOLLOWER at term 473 for recognizeCandidate:aed1b97f-105e-4684-b087-4b6333aa3ced
2019-10-23 22:22:38,813 [grpc-default-executor-3] INFO  impl.RoleInfo (RoleInfo.java:shutdownFollowerState(121)) - 1c51b35f-55cb-4636-a00c-83d34bf2d9d4: shutdown FollowerState
2019-10-23 22:22:38,813 [grpc-default-executor-3] INFO  impl.RoleInfo (RoleInfo.java:updateAndGet(143)) - 1c51b35f-55cb-4636-a00c-83d34bf2d9d4: start FollowerState
2019-10-23 22:22:38,813 [Thread-3091] INFO  impl.FollowerState (FollowerState.java:run(117)) - 1c51b35f-55cb-4636-a00c-83d34bf2d9d4@group-F043E0AED0ED-FollowerState was interrupted: java.lang.InterruptedException: sleep interrupted
2019-10-23 22:22:38,813 [grpc-default-executor-5] INFO  impl.RaftServerImpl (RaftServerImpl.java:setRole(184)) - d21ee1f1-33f6-483c-a18b-27782ce1915a@group-F043E0AED0ED: changes role from  FOLLOWER to FOLLOWER at term 473 for recognizeCandidate:aed1b97f-105e-4684-b087-4b6333aa3ced
2019-10-23 22:22:38,813 [grpc-default-executor-5] INFO  impl.RoleInfo (RoleInfo.java:shutdownFollowerState(121)) - d21ee1f1-33f6-483c-a18b-27782ce1915a: shutdown FollowerState
2019-10-23 22:22:38,813 [grpc-default-executor-5] INFO  impl.RoleInfo (RoleInfo.java:updateAndGet(143)) - d21ee1f1-33f6-483c-a18b-27782ce1915a: start FollowerState
2019-10-23 22:22:38,813 [Thread-3092] INFO  impl.FollowerState (FollowerState.java:run(117)) - d21ee1f1-33f6-483c-a18b-27782ce1915a@group-F043E0AED0ED-FollowerState was interrupted: java.lang.InterruptedException: sleep interrupted
2019-10-23 22:22:38,839 [aed1b97f-105e-4684-b087-4b6333aa3ced@group-F043E0AED0ED-LeaderElection424] INFO  impl.LeaderElection (LeaderElection.java:logAndReturn(56)) - aed1b97f-105e-4684-b087-4b6333aa3ced@group-F043E0AED0ED-LeaderElection424: Election REJECTED; received 2 response(s) [aed1b97f-105e-4684-b087-4b6333aa3ced<-1c51b35f-55cb-4636-a00c-83d34bf2d9d4#0:FAIL-t473, aed1b97f-105e-4684-b087-4b6333aa3ced<-d21ee1f1-33f6-483c-a18b-27782ce1915a#0:FAIL-t473] and 0 exception(s); aed1b97f-105e-4684-b087-4b6333aa3ced@group-F043E0AED0ED:t473, leader=null, voted=aed1b97f-105e-4684-b087-4b6333aa3ced, raftlog=aed1b97f-105e-4684-b087-4b6333aa3ced@group-F043E0AED0ED-SegmentedRaftLog:OPENED:c-1,f-1,i0, conf=-1: [aed1b97f-105e-4684-b087-4b6333aa3ced:192.168.157.195:34943, 1c51b35f-55cb-4636-a00c-83d34bf2d9d4:192.168.157.195:34693, d21ee1f1-33f6-483c-a18b-27782ce1915a:192.168.157.195:46462], old=null
2019-10-23 22:22:38,839 [aed1b97f-105e-4684-b087-4b6333aa3ced@group-F043E0AED0ED-LeaderElection424] INFO  impl.RaftServerImpl (RaftServerImpl.java:setRole(184)) - aed1b97f-105e-4684-b087-4b6333aa3ced@group-F043E0AED0ED: changes role from CANDIDATE to FOLLOWER at term 473 for DISCOVERED_A_NEW_TERM
2019-10-23 22:22:38,839 [aed1b97f-105e-4684-b087-4b6333aa3ced@group-F043E0AED0ED-LeaderElection424] INFO  impl.RoleInfo (RoleInfo.java:shutdownLeaderElection(134)) - aed1b97f-105e-4684-b087-4b6333aa3ced: shutdown LeaderElection
2019-10-23 22:22:38,840 [aed1b97f-105e-4684-b087-4b6333aa3ced@group-F043E0AED0ED-LeaderElection424] INFO  impl.RoleInfo (RoleInfo.java:updateAndGet(143)) - aed1b97f-105e-4684-b087-4b6333aa3ced: start FollowerState
2019-10-23 22:22:38,875 [Thread-3097] INFO  impl.FollowerState (FollowerState.java:run(108)) - aed1b97f-105e-4684-b087-4b6333aa3ced@group-F043E0AED0ED-FollowerState: change to CANDIDATE, lastRpcTime:35ms, electionTimeout:35ms
2019-10-23 22:22:38,875 [Thread-3097] INFO  impl.RoleInfo (RoleInfo.java:shutdownFollowerState(121)) - aed1b97f-105e-4684-b087-4b6333aa3ced: shutdown FollowerState
2019-10-23 22:22:38,875 [Thread-3097] INFO  impl.RaftServerImpl (RaftServerImpl.java:setRole(184)) - aed1b97f-105e-4684-b087-4b6333aa3ced@group-F043E0AED0ED: changes role from  FOLLOWER to CANDIDATE at term 473 for changeToCandidate
2019-10-23 22:22:38,875 [Thread-3097] INFO  impl.RoleInfo (RoleInfo.java:updateAndGet(143)) - aed1b97f-105e-4684-b087-4b6333aa3ced: start LeaderElection
2019-10-23 22:22:38,889 [aed1b97f-105e-4684-b087-4b6333aa3ced@group-F043E0AED0ED-LeaderElection425] INFO  impl.LeaderElection (LeaderElection.java:askForVotes(178)) - aed1b97f-105e-4684-b087-4b6333aa3ced@group-F043E0AED0ED-LeaderElection425: begin an election at term 474 for -1: [aed1b97f-105e-4684-b087-4b6333aa3ced:192.168.157.195:34943, 1c51b35f-55cb-4636-a00c-83d34bf2d9d4:192.168.157.195:34693, d21ee1f1-33f6-483c-a18b-27782ce1915a:192.168.157.195:46462], old=null
2019-10-23 22:22:38,890 [grpc-default-executor-5] INFO  impl.RaftServerImpl (RaftServerImpl.java:setRole(184)) - 1c51b35f-55cb-4636-a00c-83d34bf2d9d4@group-F043E0AED0ED: changes role from  FOLLOWER to FOLLOWER at term 474 for recognizeCandidate:aed1b97f-105e-4684-b087-4b6333aa3ced
2019-10-23 22:22:38,890 [grpc-default-executor-3] INFO  impl.RaftServerImpl (RaftServerImpl.java:setRole(184)) - d21ee1f1-33f6-483c-a18b-27782ce1915a@group-F043E0AED0ED: changes role from  FOLLOWER to FOLLOWER at term 474 for recognizeCandidate:aed1b97f-105e-4684-b087-4b6333aa3ced
2019-10-23 22:22:38,890 [grpc-default-executor-5] INFO  impl.RoleInfo (RoleInfo.java:shutdownFollowerState(121)) - 1c51b35f-55cb-4636-a00c-83d34bf2d9d4: shutdown FollowerState
2019-10-23 22:22:38,890 [grpc-default-executor-3] INFO  impl.RoleInfo (RoleInfo.java:shutdownFollowerState(121)) - d21ee1f1-33f6-483c-a18b-27782ce1915a: shutdown FollowerState
2019-10-23 22:22:38,890 [Thread-3095] INFO  impl.FollowerState (FollowerState.java:run(117)) - 1c51b35f-55cb-4636-a00c-83d34bf2d9d4@group-F043E0AED0ED-FollowerState was interrupted: java.lang.InterruptedException: sleep interrupted
2019-10-23 22:22:38,890 [grpc-default-executor-5] INFO  impl.RoleInfo (RoleInfo.java:updateAndGet(143)) - 1c51b35f-55cb-4636-a00c-83d34bf2d9d4: start FollowerState
2019-10-23 22:22:38,891 [Thread-3096] INFO  impl.FollowerState (FollowerState.java:run(117)) - d21ee1f1-33f6-483c-a18b-27782ce1915a@group-F043E0AED0ED-FollowerState was interrupted: java.lang.InterruptedException: sleep interrupted
2019-10-23 22:22:38,891 [grpc-default-executor-3] INFO  impl.RoleInfo (RoleInfo.java:updateAndGet(143)) - d21ee1f1-33f6-483c-a18b-27782ce1915a: start FollowerState
2019-10-23 22:22:38,897 [aed1b97f-105e-4684-b087-4b6333aa3ced@group-F043E0AED0ED-LeaderElection425] INFO  impl.LeaderElection (LeaderElection.java:logAndReturn(56)) - aed1b97f-105e-4684-b087-4b6333aa3ced@group-F043E0AED0ED-LeaderElection425: Election REJECTED; received 2 response(s) [aed1b97f-105e-4684-b087-4b6333aa3ced<-1c51b35f-55cb-4636-a00c-83d34bf2d9d4#0:FAIL-t474, aed1b97f-105e-4684-b087-4b6333aa3ced<-d21ee1f1-33f6-483c-a18b-27782ce1915a#0:FAIL-t474] and 0 exception(s); aed1b97f-105e-4684-b087-4b6333aa3ced@group-F043E0AED0ED:t474, leader=null, voted=aed1b97f-105e-4684-b087-4b6333aa3ced, raftlog=aed1b97f-105e-4684-b087-4b6333aa3ced@group-F043E0AED0ED-SegmentedRaftLog:OPENED:c-1,f-1,i0, conf=-1: [aed1b97f-105e-4684-b087-4b6333aa3ced:192.168.157.195:34943, 1c51b35f-55cb-4636-a00c-83d34bf2d9d4:192.168.157.195:34693, d21ee1f1-33f6-483c-a18b-27782ce1915a:192.168.157.195:46462], old=null
2019-10-23 22:22:38,897 [aed1b97f-105e-4684-b087-4b6333aa3ced@group-F043E0AED0ED-LeaderElection425] INFO  impl.RaftServerImpl (RaftServerImpl.java:setRole(184)) - aed1b97f-105e-4684-b087-4b6333aa3ced@group-F043E0AED0ED: changes role from CANDIDATE to FOLLOWER at term 474 for DISCOVERED_A_NEW_TERM
2019-10-23 22:22:38,898 [aed1b97f-105e-4684-b087-4b6333aa3ced@group-F043E0AED0ED-LeaderElection425] INFO  impl.RoleInfo (RoleInfo.java:shutdownLeaderElection(134)) - aed1b97f-105e-4684-b087-4b6333aa3ced: shutdown LeaderElection
2019-10-23 22:22:38,898 [aed1b97f-105e-4684-b087-4b6333aa3ced@group-F043E0AED0ED-LeaderElection425] INFO  impl.RoleInfo (RoleInfo.java:updateAndGet(143)) - aed1b97f-105e-4684-b087-4b6333aa3ced: start FollowerState
2019-10-23 22:22:38,918 [Thread-3103] INFO  impl.FollowerState (FollowerState.java:run(108)) - aed1b97f-105e-4684-b087-4b6333aa3ced@group-F043E0AED0ED-FollowerState: change to CANDIDATE, lastRpcTime:20ms, electionTimeout:20ms
2019-10-23 22:22:38,918 [Thread-3103] INFO  impl.RoleInfo (RoleInfo.java:shutdownFollowerState(121)) - aed1b97f-105e-4684-b087-4b6333aa3ced: shutdown FollowerState
2019-10-23 22:22:38,918 [Thread-3103] INFO  impl.RaftServerImpl (RaftServerImpl.java:setRole(184)) - aed1b97f-105e-4684-b087-4b6333aa3ced@group-F043E0AED0ED: changes role from  FOLLOWER to CANDIDATE at term 474 for changeToCandidate
2019-10-23 22:22:38,918 [Thread-3103] INFO  impl.RoleInfo (RoleInfo.java:updateAndGet(143)) - aed1b97f-105e-4684-b087-4b6333aa3ced: start LeaderElection
2019-10-23 22:22:38,931 [aed1b97f-105e-4684-b087-4b6333aa3ced@group-F043E0AED0ED-LeaderElection426] INFO  impl.LeaderElection (LeaderElection.java:askForVotes(178)) - aed1b97f-105e-4684-b087-4b6333aa3ced@group-F043E0AED0ED-LeaderElection426: begin an election at term 475 for -1: [aed1b97f-105e-4684-b087-4b6333aa3ced:192.168.157.195:34943, 1c51b35f-55cb-4636-a00c-83d34bf2d9d4:192.168.157.195:34693, d21ee1f1-33f6-483c-a18b-27782ce1915a:192.168.157.195:46462], old=null
2019-10-23 22:22:38,932 [grpc-default-executor-3] INFO  impl.RaftServerImpl (RaftServerImpl.java:setRole(184)) - 1c51b35f-55cb-4636-a00c-83d34bf2d9d4@group-F043E0AED0ED: changes role from  FOLLOWER to FOLLOWER at term 475 for recognizeCandidate:aed1b97f-105e-4684-b087-4b6333aa3ced
2019-10-23 22:22:38,932 [grpc-default-executor-3] INFO  impl.RoleInfo (RoleInfo.java:shutdownFollowerState(121)) - 1c51b35f-55cb-4636-a00c-83d34bf2d9d4: shutdown FollowerState
2019-10-23 22:22:38,932 [grpc-default-executor-3] INFO  impl.RoleInfo (RoleInfo.java:updateAndGet(143)) - 1c51b35f-55cb-4636-a00c-83d34bf2d9d4: start FollowerState
2019-10-23 22:22:38,932 [Thread-3101] INFO  impl.FollowerState (FollowerState.java:run(117)) - 1c51b35f-55cb-4636-a00c-83d34bf2d9d4@group-F043E0AED0ED-FollowerState was interrupted: java.lang.InterruptedException: sleep interrupted
2019-10-23 22:22:38,933 [grpc-default-executor-5] INFO  impl.RaftServerImpl (RaftServerImpl.java:setRole(184)) - d21ee1f1-33f6-483c-a18b-27782ce1915a@group-F043E0AED0ED: changes role from  FOLLOWER to FOLLOWER at term 475 for recognizeCandidate:aed1b97f-105e-4684-b087-4b6333aa3ced
2019-10-23 22:22:38,933 [grpc-default-executor-5] INFO  impl.RoleInfo (RoleInfo.java:shutdownFollowerState(121)) - d21ee1f1-33f6-483c-a18b-27782ce1915a: shutdown FollowerState
2019-10-23 22:22:38,933 [grpc-default-executor-5] INFO  impl.RoleInfo (RoleInfo.java:updateAndGet(143)) - d21ee1f1-33f6-483c-a18b-27782ce1915a: start FollowerState
2019-10-23 22:22:38,933 [Thread-3102] INFO  impl.FollowerState (FollowerState.java:run(117)) - d21ee1f1-33f6-483c-a18b-27782ce1915a@group-F043E0AED0ED-FollowerState was interrupted: java.lang.InterruptedException: sleep interrupted
2019-10-23 22:22:38,962 [aed1b97f-105e-4684-b087-4b6333aa3ced@group-F043E0AED0ED-LeaderElection426] INFO  impl.LeaderElection (LeaderElection.java:logAndReturn(56)) - aed1b97f-105e-4684-b087-4b6333aa3ced@group-F043E0AED0ED-LeaderElection426: Election TIMEOUT; received 0 response(s) [] and 0 exception(s); aed1b97f-105e-4684-b087-4b6333aa3ced@group-F043E0AED0ED:t475, leader=null, voted=aed1b97f-105e-4684-b087-4b6333aa3ced, raftlog=aed1b97f-105e-4684-b087-4b6333aa3ced@group-F043E0AED0ED-SegmentedRaftLog:OPENED:c-1,f-1,i0, conf=-1: [aed1b97f-105e-4684-b087-4b6333aa3ced:192.168.157.195:34943, 1c51b35f-55cb-4636-a00c-83d34bf2d9d4:192.168.157.195:34693, d21ee1f1-33f6-483c-a18b-27782ce1915a:192.168.157.195:46462], old=null
2019-10-23 22:22:38,968 [aed1b97f-105e-4684-b087-4b6333aa3ced@group-F043E0AED0ED-LeaderElection426] INFO  impl.LeaderElection (LeaderElection.java:askForVotes(178)) - aed1b97f-105e-4684-b087-4b6333aa3ced@group-F043E0AED0ED-LeaderElection426: begin an election at term 476 for -1: [aed1b97f-105e-4684-b087-4b6333aa3ced:192.168.157.195:34943, 1c51b35f-55cb-4636-a00c-83d34bf2d9d4:192.168.157.195:34693, d21ee1f1-33f6-483c-a18b-27782ce1915a:192.168.157.195:46462], old=null
2019-10-23 22:22:38,970 [grpc-default-executor-5] INFO  impl.RaftServerImpl (RaftServerImpl.java:setRole(184)) - 1c51b35f-55cb-4636-a00c-83d34bf2d9d4@group-F043E0AED0ED: changes role from  FOLLOWER to FOLLOWER at term 476 for recognizeCandidate:aed1b97f-105e-4684-b087-4b6333aa3ced
2019-10-23 22:22:38,970 [grpc-default-executor-5] INFO  impl.RoleInfo (RoleInfo.java:shutdownFollowerState(121)) - 1c51b35f-55cb-4636-a00c-83d34bf2d9d4: shutdown FollowerState
2019-10-23 22:22:38,970 [grpc-default-executor-5] INFO  impl.RoleInfo (RoleInfo.java:updateAndGet(143)) - 1c51b35f-55cb-4636-a00c-83d34bf2d9d4: start FollowerState
2019-10-23 22:22:38,970 [Thread-3107] INFO  impl.FollowerState (FollowerState.java:run(117)) - 1c51b35f-55cb-4636-a00c-83d34bf2d9d4@group-F043E0AED0ED-FollowerState was interrupted: java.lang.InterruptedException: sleep interrupted
2019-10-23 22:22:38,970 [grpc-default-executor-3] INFO  impl.RaftServerImpl (RaftServerImpl.java:setRole(184)) - d21ee1f1-33f6-483c-a18b-27782ce1915a@group-F043E0AED0ED: changes role from  FOLLOWER to FOLLOWER at term 476 for recognizeCandidate:aed1b97f-105e-4684-b087-4b6333aa3ced
2019-10-23 22:22:38,971 [grpc-default-executor-3] INFO  impl.RoleInfo (RoleInfo.java:shutdownFollowerState(121)) - d21ee1f1-33f6-483c-a18b-27782ce1915a: shutdown FollowerState
2019-10-23 22:22:38,971 [grpc-default-executor-3] INFO  impl.RoleInfo (RoleInfo.java:updateAndGet(143)) - d21ee1f1-33f6-483c-a18b-27782ce1915a: start FollowerState
2019-10-23 22:22:38,971 [Thread-3108] INFO  impl.FollowerState (FollowerState.java:run(117)) - d21ee1f1-33f6-483c-a18b-27782ce1915a@group-F043E0AED0ED-FollowerState was interrupted: java.lang.InterruptedException: sleep interrupted
2019-10-23 22:22:38,985 [aed1b97f-105e-4684-b087-4b6333aa3ced@group-F043E0AED0ED-LeaderElection426] INFO  impl.LeaderElection (LeaderElection.java:logAndReturn(56)) - aed1b97f-105e-4684-b087-4b6333aa3ced@group-F043E0AED0ED-LeaderElection426: Election REJECTED; received 2 response(s) [aed1b97f-105e-4684-b087-4b6333aa3ced<-1c51b35f-55cb-4636-a00c-83d34bf2d9d4#0:FAIL-t476, aed1b97f-105e-4684-b087-4b6333aa3ced<-d21ee1f1-33f6-483c-a18b-27782ce1915a#0:FAIL-t476] and 0 exception(s); aed1b97f-105e-4684-b087-4b6333aa3ced@group-F043E0AED0ED:t476, leader=null, voted=aed1b97f-105e-4684-b087-4b6333aa3ced, raftlog=aed1b97f-105e-4684-b087-4b6333aa3ced@group-F043E0AED0ED-SegmentedRaftLog:OPENED:c-1,f-1,i0, conf=-1: [aed1b97f-105e-4684-b087-4b6333aa3ced:192.168.157.195:34943, 1c51b35f-55cb-4636-a00c-83d34bf2d9d4:192.168.157.195:34693, d21ee1f1-33f6-483c-a18b-27782ce1915a:192.168.157.195:46462], old=null
2019-10-23 22:22:38,985 [aed1b97f-105e-4684-b087-4b6333aa3ced@group-F043E0AED0ED-LeaderElection426] INFO  impl.RaftServerImpl (RaftServerImpl.java:setRole(184)) - aed1b97f-105e-4684-b087-4b6333aa3ced@group-F043E0AED0ED: changes role from CANDIDATE to FOLLOWER at term 476 for DISCOVERED_A_NEW_TERM
2019-10-23 22:22:38,986 [aed1b97f-105e-4684-b087-4b6333aa3ced@group-F043E0AED0ED-LeaderElection426] INFO  impl.RoleInfo (RoleInfo.java:shutdownLeaderElection(134)) - aed1b97f-105e-4684-b087-4b6333aa3ced: shutdown LeaderElection
2019-10-23 22:22:38,986 [aed1b97f-105e-4684-b087-4b6333aa3ced@group-F043E0AED0ED-LeaderElection426] INFO  impl.RoleInfo (RoleInfo.java:updateAndGet(143)) - aed1b97f-105e-4684-b087-4b6333aa3ced: start FollowerState
2019-10-23 22:22:38,987 [Thread-3113] INFO  impl.FollowerState (FollowerState.java:run(108)) - aed1b97f-105e-4684-b087-4b6333aa3ced@group-F043E0AED0ED-FollowerState: change to CANDIDATE, lastRpcTime:1ms, electionTimeout:1ms
2019-10-23 22:22:38,987 [Thread-3113] INFO  impl.RoleInfo (RoleInfo.java:shutdownFollowerState(121)) - aed1b97f-105e-4684-b087-4b6333aa3ced: shutdown FollowerState
2019-10-23 22:22:38,987 [Thread-3113] INFO  impl.RaftServerImpl (RaftServerImpl.java:setRole(184)) - aed1b97f-105e-4684-b087-4b6333aa3ced@group-F043E0AED0ED: changes role from  FOLLOWER to CANDIDATE at term 476 for changeToCandidate
2019-10-23 22:22:38,987 [Thread-3113] INFO  impl.RoleInfo (RoleInfo.java:updateAndGet(143)) - aed1b97f-105e-4684-b087-4b6333aa3ced: start LeaderElection
2019-10-23 22:22:39,001 [aed1b97f-105e-4684-b087-4b6333aa3ced@group-F043E0AED0ED-LeaderElection427] INFO  impl.LeaderElection (LeaderElection.java:askForVotes(178)) - aed1b97f-105e-4684-b087-4b6333aa3ced@group-F043E0AED0ED-LeaderElection427: begin an election at term 477 for -1: [aed1b97f-105e-4684-b087-4b6333aa3ced:192.168.157.195:34943, 1c51b35f-55cb-4636-a00c-83d34bf2d9d4:192.168.157.195:34693, d21ee1f1-33f6-483c-a18b-27782ce1915a:192.168.157.195:46462], old=null
2019-10-23 22:22:39,003 [grpc-default-executor-5] INFO  impl.RaftServerImpl (RaftServerImpl.java:setRole(184)) - 1c51b35f-55cb-4636-a00c-83d34bf2d9d4@group-F043E0AED0ED: changes role from  FOLLOWER to FOLLOWER at term 477 for recognizeCandidate:aed1b97f-105e-4684-b087-4b6333aa3ced
2019-10-23 22:22:39,003 [grpc-default-executor-5] INFO  impl.RoleInfo (RoleInfo.java:shutdownFollowerState(121)) - 1c51b35f-55cb-4636-a00c-83d34bf2d9d4: shutdown FollowerState
2019-10-23 22:22:39,003 [grpc-default-executor-5] INFO  impl.RoleInfo (RoleInfo.java:updateAndGet(143)) - 1c51b35f-55cb-4636-a00c-83d34bf2d9d4: start FollowerState
2019-10-23 22:22:39,003 [Thread-3111] INFO  impl.FollowerState (FollowerState.java:run(117)) - 1c51b35f-55cb-4636-a00c-83d34bf2d9d4@group-F043E0AED0ED-FollowerState was interrupted: java.lang.InterruptedException: sleep interrupted
2019-10-23 22:22:39,003 [grpc-default-executor-3] INFO  impl.RaftServerImpl (RaftServerImpl.java:setRole(184)) - d21ee1f1-33f6-483c-a18b-27782ce1915a@group-F043E0AED0ED: changes role from  FOLLOWER to FOLLOWER at term 477 for recognizeCandidate:aed1b97f-105e-4684-b087-4b6333aa3ced
2019-10-23 22:22:39,003 [grpc-default-executor-3] INFO  impl.RoleInfo (RoleInfo.java:shutdownFollowerState(121)) - d21ee1f1-33f6-483c-a18b-27782ce1915a: shutdown FollowerState
2019-10-23 22:22:39,003 [grpc-default-executor-3] INFO  impl.RoleInfo (RoleInfo.java:updateAndGet(143)) - d21ee1f1-33f6-483c-a18b-27782ce1915a: start FollowerState
2019-10-23 22:22:39,004 [Thread-3112] INFO  impl.FollowerState (FollowerState.java:run(117)) - d21ee1f1-33f6-483c-a18b-27782ce1915a@group-F043E0AED0ED-FollowerState was interrupted: java.lang.InterruptedException: sleep interrupted
2019-10-23 22:22:39,029 [aed1b97f-105e-4684-b087-4b6333aa3ced@group-F043E0AED0ED-LeaderElection427] INFO  impl.LeaderElection (LeaderElection.java:logAndReturn(56)) - aed1b97f-105e-4684-b087-4b6333aa3ced@group-F043E0AED0ED-LeaderElection427: Election REJECTED; received 2 response(s) [aed1b97f-105e-4684-b087-4b6333aa3ced<-1c51b35f-55cb-4636-a00c-83d34bf2d9d4#0:FAIL-t477, aed1b97f-105e-4684-b087-4b6333aa3ced<-d21ee1f1-33f6-483c-a18b-27782ce1915a#0:FAIL-t477] and 0 exception(s); aed1b97f-105e-4684-b087-4b6333aa3ced@group-F043E0AED0ED:t477, leader=null, voted=aed1b97f-105e-4684-b087-4b6333aa3ced, raftlog=aed1b97f-105e-4684-b087-4b6333aa3ced@group-F043E0AED0ED-SegmentedRaftLog:OPENED:c-1,f-1,i0, conf=-1: [aed1b97f-105e-4684-b087-4b6333aa3ced:192.168.157.195:34943, 1c51b35f-55cb-4636-a00c-83d34bf2d9d4:192.168.157.195:34693, d21ee1f1-33f6-483c-a18b-27782ce1915a:192.168.157.195:46462], old=null
2019-10-23 22:22:39,029 [aed1b97f-105e-4684-b087-4b6333aa3ced@group-F043E0AED0ED-LeaderElection427] INFO  impl.RaftServerImpl (RaftServerImpl.java:setRole(184)) - aed1b97f-105e-4684-b087-4b6333aa3ced@group-F043E0AED0ED: changes role from CANDIDATE to FOLLOWER at term 477 for DISCOVERED_A_NEW_TERM
2019-10-23 22:22:39,030 [aed1b97f-105e-4684-b087-4b6333aa3ced@group-F043E0AED0ED-LeaderElection427] INFO  impl.RoleInfo (RoleInfo.java:shutdownLeaderElection(134)) - aed1b97f-105e-4684-b087-4b6333aa3ced: shutdown LeaderElection
2019-10-23 22:22:39,030 [aed1b97f-105e-4684-b087-4b6333aa3ced@group-F043E0AED0ED-LeaderElection427] INFO  impl.RoleInfo (RoleInfo.java:updateAndGet(143)) - aed1b97f-105e-4684-b087-4b6333aa3ced: start FollowerState
2019-10-23 22:22:39,030 [Thread-3119] INFO  impl.FollowerState (FollowerState.java:run(108)) - aed1b97f-105e-4684-b087-4b6333aa3ced@group-F043E0AED0ED-FollowerState: change to CANDIDATE, lastRpcTime:0ms, electionTimeout:0ms
2019-10-23 22:22:39,030 [Thread-3119] INFO  impl.RoleInfo (RoleInfo.java:shutdownFollowerState(121)) - aed1b97f-105e-4684-b087-4b6333aa3ced: shutdown FollowerState
2019-10-23 22:22:39,030 [Thread-3119] INFO  impl.RaftServerImpl (RaftServerImpl.java:setRole(184)) - aed1b97f-105e-4684-b087-4b6333aa3ced@group-F043E0AED0ED: changes role from  FOLLOWER to CANDIDATE at term 477 for changeToCandidate
2019-10-23 22:22:39,030 [Thread-3119] INFO  impl.RoleInfo (RoleInfo.java:updateAndGet(143)) - aed1b97f-105e-4684-b087-4b6333aa3ced: start LeaderElection
2019-10-23 22:22:39,045 [aed1b97f-105e-4684-b087-4b6333aa3ced@group-F043E0AED0ED-LeaderElection428] INFO  impl.LeaderElection (LeaderElection.java:askForVotes(178)) - aed1b97f-105e-4684-b087-4b6333aa3ced@group-F043E0AED0ED-LeaderElection428: begin an election at term 478 for -1: [aed1b97f-105e-4684-b087-4b6333aa3ced:192.168.157.195:34943, 1c51b35f-55cb-4636-a00c-83d34bf2d9d4:192.168.157.195:34693, d21ee1f1-33f6-483c-a18b-27782ce1915a:192.168.157.195:46462], old=null
2019-10-23 22:22:39,046 [grpc-default-executor-5] INFO  impl.RaftServerImpl (RaftServerImpl.java:setRole(184)) - 1c51b35f-55cb-4636-a00c-83d34bf2d9d4@group-F043E0AED0ED: changes role from  FOLLOWER to FOLLOWER at term 478 for recognizeCandidate:aed1b97f-105e-4684-b087-4b6333aa3ced
2019-10-23 22:22:39,047 [grpc-default-executor-5] INFO  impl.RoleInfo (RoleInfo.java:shutdownFollowerState(121)) - 1c51b35f-55cb-4636-a00c-83d34bf2d9d4: shutdown FollowerState
2019-10-23 22:22:39,047 [grpc-default-executor-5] INFO  impl.RoleInfo (RoleInfo.java:updateAndGet(143)) - 1c51b35f-55cb-4636-a00c-83d34bf2d9d4: start FollowerState
2019-10-23 22:22:39,047 [Thread-3117] INFO  impl.FollowerState (FollowerState.java:run(117)) - 1c51b35f-55cb-4636-a00c-83d34bf2d9d4@group-F043E0AED0ED-FollowerState was interrupted: java.lang.InterruptedException: sleep interrupted
2019-10-23 22:22:39,047 [grpc-default-executor-3] INFO  impl.RaftServerImpl (RaftServerImpl.java:setRole(184)) - d21ee1f1-33f6-483c-a18b-27782ce1915a@group-F043E0AED0ED: changes role from  FOLLOWER to FOLLOWER at term 478 for recognizeCandidate:aed1b97f-105e-4684-b087-4b6333aa3ced
2019-10-23 22:22:39,047 [grpc-default-executor-3] INFO  impl.RoleInfo (RoleInfo.java:shutdownFollowerState(121)) - d21ee1f1-33f6-483c-a18b-27782ce1915a: shutdown FollowerState
2019-10-23 22:22:39,047 [grpc-default-executor-3] INFO  impl.RoleInfo (RoleInfo.java:updateAndGet(143)) - d21ee1f1-33f6-483c-a18b-27782ce1915a: start FollowerState
2019-10-23 22:22:39,047 [Thread-3118] INFO  impl.FollowerState (FollowerState.java:run(117)) - d21ee1f1-33f6-483c-a18b-27782ce1915a@group-F043E0AED0ED-FollowerState was interrupted: java.lang.InterruptedException: sleep interrupted
2019-10-23 22:22:39,075 [aed1b97f-105e-4684-b087-4b6333aa3ced@group-F043E0AED0ED-LeaderElection428] INFO  impl.LeaderElection (LeaderElection.java:logAndReturn(56)) - aed1b97f-105e-4684-b087-4b6333aa3ced@group-F043E0AED0ED-LeaderElection428: Election REJECTED; received 2 response(s) [aed1b97f-105e-4684-b087-4b6333aa3ced<-1c51b35f-55cb-4636-a00c-83d34bf2d9d4#0:FAIL-t478, aed1b97f-105e-4684-b087-4b6333aa3ced<-d21ee1f1-33f6-483c-a18b-27782ce1915a#0:FAIL-t478] and 0 exception(s); aed1b97f-105e-4684-b087-4b6333aa3ced@group-F043E0AED0ED:t478, leader=null, voted=aed1b97f-105e-4684-b087-4b6333aa3ced, raftlog=aed1b97f-105e-4684-b087-4b6333aa3ced@group-F043E0AED0ED-SegmentedRaftLog:OPENED:c-1,f-1,i0, conf=-1: [aed1b97f-105e-4684-b087-4b6333aa3ced:192.168.157.195:34943, 1c51b35f-55cb-4636-a00c-83d34bf2d9d4:192.168.157.195:34693, d21ee1f1-33f6-483c-a18b-27782ce1915a:192.168.157.195:46462], old=null
2019-10-23 22:22:39,075 [aed1b97f-105e-4684-b087-4b6333aa3ced@group-F043E0AED0ED-LeaderElection428] INFO  impl.RaftServerImpl (RaftServerImpl.java:setRole(184)) - aed1b97f-105e-4684-b087-4b6333aa3ced@group-F043E0AED0ED: changes role from CANDIDATE to FOLLOWER at term 478 for DISCOVERED_A_NEW_TERM
2019-10-23 22:22:39,075 [aed1b97f-105e-4684-b087-4b6333aa3ced@group-F043E0AED0ED-LeaderElection428] INFO  impl.RoleInfo (RoleInfo.java:shutdownLeaderElection(134)) - aed1b97f-105e-4684-b087-4b6333aa3ced: shutdown LeaderElection
2019-10-23 22:22:39,075 [aed1b97f-105e-4684-b087-4b6333aa3ced@group-F043E0AED0ED-LeaderElection428] INFO  impl.RoleInfo (RoleInfo.java:updateAndGet(143)) - aed1b97f-105e-4684-b087-4b6333aa3ced: start FollowerState
2019-10-23 22:22:39,216 [Thread-3125] INFO  impl.FollowerState (FollowerState.java:run(108)) - aed1b97f-105e-4684-b087-4b6333aa3ced@group-F043E0AED0ED-FollowerState: change to CANDIDATE, lastRpcTime:140ms, electionTimeout:139ms
2019-10-23 22:22:39,216 [Thread-3125] INFO  impl.RoleInfo (RoleInfo.java:shutdownFollowerState(121)) - aed1b97f-105e-4684-b087-4b6333aa3ced: shutdown FollowerState
2019-10-23 22:22:39,216 [Thread-3125] INFO  impl.RaftServerImpl (RaftServerImpl.java:setRole(184)) - aed1b97f-105e-4684-b087-4b6333aa3ced@group-F043E0AED0ED: changes role from  FOLLOWER to CANDIDATE at term 478 for changeToCandidate
2019-10-23 22:22:39,217 [Thread-3125] INFO  impl.RoleInfo (RoleInfo.java:updateAndGet(143)) - aed1b97f-105e-4684-b087-4b6333aa3ced: start LeaderElection
2019-10-23 22:22:39,230 [aed1b97f-105e-4684-b087-4b6333aa3ced@group-F043E0AED0ED-LeaderElection429] INFO  impl.LeaderElection (LeaderElection.java:askForVotes(178)) - aed1b97f-105e-4684-b087-4b6333aa3ced@group-F043E0AED0ED-LeaderElection429: begin an election at term 479 for -1: [aed1b97f-105e-4684-b087-4b6333aa3ced:192.168.157.195:34943, 1c51b35f-55cb-4636-a00c-83d34bf2d9d4:192.168.157.195:34693, d21ee1f1-33f6-483c-a18b-27782ce1915a:192.168.157.195:46462], old=null
2019-10-23 22:22:39,232 [grpc-default-executor-5] INFO  impl.RaftServerImpl (RaftServerImpl.java:setRole(184)) - d21ee1f1-33f6-483c-a18b-27782ce1915a@group-F043E0AED0ED: changes role from  FOLLOWER to FOLLOWER at term 479 for recognizeCandidate:aed1b97f-105e-4684-b087-4b6333aa3ced
2019-10-23 22:22:39,232 [grpc-default-executor-5] INFO  impl.RoleInfo (RoleInfo.java:shutdownFollowerState(121)) - d21ee1f1-33f6-483c-a18b-27782ce1915a: shutdown FollowerState
2019-10-23 22:22:39,232 [grpc-default-executor-5] INFO  impl.RoleInfo (RoleInfo.java:updateAndGet(143)) - d21ee1f1-33f6-483c-a18b-27782ce1915a: start FollowerState
2019-10-23 22:22:39,232 [grpc-default-executor-3] INFO  impl.RaftServerImpl (RaftServerImpl.java:setRole(184)) - 1c51b35f-55cb-4636-a00c-83d34bf2d9d4@group-F043E0AED0ED: changes role from  FOLLOWER to FOLLOWER at term 479 for recognizeCandidate:aed1b97f-105e-4684-b087-4b6333aa3ced
2019-10-23 22:22:39,233 [grpc-default-executor-3] INFO  impl.RoleInfo (RoleInfo.java:shutdownFollowerState(121)) - 1c51b35f-55cb-4636-a00c-83d34bf2d9d4: shutdown FollowerState
2019-10-23 22:22:39,232 [Thread-3124] INFO  impl.FollowerState (FollowerState.java:run(117)) - d21ee1f1-33f6-483c-a18b-27782ce1915a@group-F043E0AED0ED-FollowerState was interrupted: java.lang.InterruptedException: sleep interrupted
2019-10-23 22:22:39,233 [Thread-3123] INFO  impl.FollowerState (FollowerState.java:run(117)) - 1c51b35f-55cb-4636-a00c-83d34bf2d9d4@group-F043E0AED0ED-FollowerState was interrupted: java.lang.InterruptedException: sleep interrupted
2019-10-23 22:22:39,233 [grpc-default-executor-3] INFO  impl.RoleInfo (RoleInfo.java:updateAndGet(143)) - 1c51b35f-55cb-4636-a00c-83d34bf2d9d4: start FollowerState
2019-10-23 22:22:39,251 [aed1b97f-105e-4684-b087-4b6333aa3ced@group-F043E0AED0ED-LeaderElection429] INFO  impl.LeaderElection (LeaderElection.java:logAndReturn(56)) - aed1b97f-105e-4684-b087-4b6333aa3ced@group-F043E0AED0ED-LeaderElection429: Election TIMEOUT; received 0 response(s) [] and 0 exception(s); aed1b97f-105e-4684-b087-4b6333aa3ced@group-F043E0AED0ED:t479, leader=null, voted=aed1b97f-105e-4684-b087-4b6333aa3ced, raftlog=aed1b97f-105e-4684-b087-4b6333aa3ced@group-F043E0AED0ED-SegmentedRaftLog:OPENED:c-1,f-1,i0, conf=-1: [aed1b97f-105e-4684-b087-4b6333aa3ced:192.168.157.195:34943, 1c51b35f-55cb-4636-a00c-83d34bf2d9d4:192.168.157.195:34693, d21ee1f1-33f6-483c-a18b-27782ce1915a:192.168.157.195:46462], old=null
2019-10-23 22:22:39,272 [aed1b97f-105e-4684-b087-4b6333aa3ced@group-F043E0AED0ED-LeaderElection429] INFO  impl.LeaderElection (LeaderElection.java:askForVotes(178)) - aed1b97f-105e-4684-b087-4b6333aa3ced@group-F043E0AED0ED-LeaderElection429: begin an election at term 480 for -1: [aed1b97f-105e-4684-b087-4b6333aa3ced:192.168.157.195:34943, 1c51b35f-55cb-4636-a00c-83d34bf2d9d4:192.168.157.195:34693, d21ee1f1-33f6-483c-a18b-27782ce1915a:192.168.157.195:46462], old=null
2019-10-23 22:22:39,273 [grpc-default-executor-3] INFO  impl.RaftServerImpl (RaftServerImpl.java:setRole(184)) - 1c51b35f-55cb-4636-a00c-83d34bf2d9d4@group-F043E0AED0ED: changes role from  FOLLOWER to FOLLOWER at term 480 for recognizeCandidate:aed1b97f-105e-4684-b087-4b6333aa3ced
2019-10-23 22:22:39,273 [grpc-default-executor-3] INFO  impl.RoleInfo (RoleInfo.java:shutdownFollowerState(121)) - 1c51b35f-55cb-4636-a00c-83d34bf2d9d4: shutdown FollowerState
2019-10-23 22:22:39,273 [grpc-default-executor-5] INFO  impl.RaftServerImpl (RaftServerImpl.java:setRole(184)) - d21ee1f1-33f6-483c-a18b-27782ce1915a@group-F043E0AED0ED: changes role from  FOLLOWER to FOLLOWER at term 480 for recognizeCandidate:aed1b97f-105e-4684-b087-4b6333aa3ced
2019-10-23 22:22:39,274 [Thread-3130] INFO  impl.FollowerState (FollowerState.java:run(117)) - 1c51b35f-55cb-4636-a00c-83d34bf2d9d4@group-F043E0AED0ED-FollowerState was interrupted: java.lang.InterruptedException: sleep interrupted
2019-10-23 22:22:39,274 [grpc-default-executor-3] INFO  impl.RoleInfo (RoleInfo.java:updateAndGet(143)) - 1c51b35f-55cb-4636-a00c-83d34bf2d9d4: start FollowerState
2019-10-23 22:22:39,274 [grpc-default-executor-5] INFO  impl.RoleInfo (RoleInfo.java:shutdownFollowerState(121)) - d21ee1f1-33f6-483c-a18b-27782ce1915a: shutdown FollowerState
2019-10-23 22:22:39,274 [grpc-default-executor-5] INFO  impl.RoleInfo (RoleInfo.java:updateAndGet(143)) - d21ee1f1-33f6-483c-a18b-27782ce1915a: start FollowerState
2019-10-23 22:22:39,274 [Thread-3129] INFO  impl.FollowerState (FollowerState.java:run(117)) - d21ee1f1-33f6-483c-a18b-27782ce1915a@group-F043E0AED0ED-FollowerState was interrupted: java.lang.InterruptedException: sleep interrupted
2019-10-23 22:22:39,277 [aed1b97f-105e-4684-b087-4b6333aa3ced@group-F043E0AED0ED-LeaderElection429] INFO  impl.LeaderElection (LeaderElection.java:logAndReturn(56)) - aed1b97f-105e-4684-b087-4b6333aa3ced@group-F043E0AED0ED-LeaderElection429: Election TIMEOUT; received 0 response(s) [] and 0 exception(s); aed1b97f-105e-4684-b087-4b6333aa3ced@group-F043E0AED0ED:t480, leader=null, voted=aed1b97f-105e-4684-b087-4b6333aa3ced, raftlog=aed1b97f-105e-4684-b087-4b6333aa3ced@group-F043E0AED0ED-SegmentedRaftLog:OPENED:c-1,f-1,i0, conf=-1: [aed1b97f-105e-4684-b087-4b6333aa3ced:192.168.157.195:34943, 1c51b35f-55cb-4636-a00c-83d34bf2d9d4:192.168.157.195:34693, d21ee1f1-33f6-483c-a18b-27782ce1915a:192.168.157.195:46462], old=null
2019-10-23 22:22:39,296 [aed1b97f-105e-4684-b087-4b6333aa3ced@group-F043E0AED0ED-LeaderElection429] INFO  impl.LeaderElection (LeaderElection.java:askForVotes(178)) - aed1b97f-105e-4684-b087-4b6333aa3ced@group-F043E0AED0ED-LeaderElection429: begin an election at term 481 for -1: [aed1b97f-105e-4684-b087-4b6333aa3ced:192.168.157.195:34943, 1c51b35f-55cb-4636-a00c-83d34bf2d9d4:192.168.157.195:34693, d21ee1f1-33f6-483c-a18b-27782ce1915a:192.168.157.195:46462], old=null
2019-10-23 22:22:39,298 [grpc-default-executor-5] INFO  impl.RaftServerImpl (RaftServerImpl.java:setRole(184)) - 1c51b35f-55cb-4636-a00c-83d34bf2d9d4@group-F043E0AED0ED: changes role from  FOLLOWER to FOLLOWER at term 481 for recognizeCandidate:aed1b97f-105e-4684-b087-4b6333aa3ced
2019-10-23 22:22:39,298 [grpc-default-executor-5] INFO  impl.RoleInfo (RoleInfo.java:shutdownFollowerState(121)) - 1c51b35f-55cb-4636-a00c-83d34bf2d9d4: shutdown FollowerState
2019-10-23 22:22:39,298 [grpc-default-executor-5] INFO  impl.RoleInfo (RoleInfo.java:updateAndGet(143)) - 1c51b35f-55cb-4636-a00c-83d34bf2d9d4: start FollowerState
2019-10-23 22:22:39,298 [Thread-3133] INFO  impl.FollowerState (FollowerState.java:run(117)) - 1c51b35f-55cb-4636-a00c-83d34bf2d9d4@group-F043E0AED0ED-FollowerState was interrupted: java.lang.InterruptedException: sleep interrupted
2019-10-23 22:22:39,298 [grpc-default-executor-3] INFO  impl.RaftServerImpl (RaftServerImpl.java:setRole(184)) - d21ee1f1-33f6-483c-a18b-27782ce1915a@group-F043E0AED0ED: changes role from  FOLLOWER to FOLLOWER at term 481 for recognizeCandidate:aed1b97f-105e-4684-b087-4b6333aa3ced
2019-10-23 22:22:39,298 [grpc-default-executor-3] INFO  impl.RoleInfo (RoleInfo.java:shutdownFollowerState(121)) - d21ee1f1-33f6-483c-a18b-27782ce1915a: shutdown FollowerState
2019-10-23 22:22:39,299 [grpc-default-executor-3] INFO  impl.RoleInfo (RoleInfo.java:updateAndGet(143)) - d21ee1f1-33f6-483c-a18b-27782ce1915a: start FollowerState
2019-10-23 22:22:39,299 [Thread-3134] INFO  impl.FollowerState (FollowerState.java:run(117)) - d21ee1f1-33f6-483c-a18b-27782ce1915a@group-F043E0AED0ED-FollowerState was interrupted: java.lang.InterruptedException: sleep interrupted
2019-10-23 22:22:39,312 [aed1b97f-105e-4684-b087-4b6333aa3ced@group-F043E0AED0ED-LeaderElection429] INFO  impl.LeaderElection (LeaderElection.java:logAndReturn(56)) - aed1b97f-105e-4684-b087-4b6333aa3ced@group-F043E0AED0ED-LeaderElection429: Election REJECTED; received 2 response(s) [aed1b97f-105e-4684-b087-4b6333aa3ced<-1c51b35f-55cb-4636-a00c-83d34bf2d9d4#0:FAIL-t481, aed1b97f-105e-4684-b087-4b6333aa3ced<-d21ee1f1-33f6-483c-a18b-27782ce1915a#0:FAIL-t481] and 0 exception(s); aed1b97f-105e-4684-b087-4b6333aa3ced@group-F043E0AED0ED:t481, leader=null, voted=aed1b97f-105e-4684-b087-4b6333aa3ced, raftlog=aed1b97f-105e-4684-b087-4b6333aa3ced@group-F043E0AED0ED-SegmentedRaftLog:OPENED:c-1,f-1,i0, conf=-1: [aed1b97f-105e-4684-b087-4b6333aa3ced:192.168.157.195:34943, 1c51b35f-55cb-4636-a00c-83d34bf2d9d4:192.168.157.195:34693, d21ee1f1-33f6-483c-a18b-27782ce1915a:192.168.157.195:46462], old=null
2019-10-23 22:22:39,312 [aed1b97f-105e-4684-b087-4b6333aa3ced@group-F043E0AED0ED-LeaderElection429] INFO  impl.RaftServerImpl (RaftServerImpl.java:setRole(184)) - aed1b97f-105e-4684-b087-4b6333aa3ced@group-F043E0AED0ED: changes role from CANDIDATE to FOLLOWER at term 481 for DISCOVERED_A_NEW_TERM
2019-10-23 22:22:39,312 [aed1b97f-105e-4684-b087-4b6333aa3ced@group-F043E0AED0ED-LeaderElection429] INFO  impl.RoleInfo (RoleInfo.java:shutdownLeaderElection(134)) - aed1b97f-105e-4684-b087-4b6333aa3ced: shutdown LeaderElection
2019-10-23 22:22:39,312 [aed1b97f-105e-4684-b087-4b6333aa3ced@group-F043E0AED0ED-LeaderElection429] INFO  impl.RoleInfo (RoleInfo.java:updateAndGet(143)) - aed1b97f-105e-4684-b087-4b6333aa3ced: start FollowerState
2019-10-23 22:22:39,497 [Thread-3139] INFO  impl.FollowerState (FollowerState.java:run(108)) - aed1b97f-105e-4684-b087-4b6333aa3ced@group-F043E0AED0ED-FollowerState: change to CANDIDATE, lastRpcTime:184ms, electionTimeout:184ms
2019-10-23 22:22:39,497 [Thread-3139] INFO  impl.RoleInfo (RoleInfo.java:shutdownFollowerState(121)) - aed1b97f-105e-4684-b087-4b6333aa3ced: shutdown FollowerState
2019-10-23 22:22:39,497 [Thread-3139] INFO  impl.RaftServerImpl (RaftServerImpl.java:setRole(184)) - aed1b97f-105e-4684-b087-4b6333aa3ced@group-F043E0AED0ED: changes role from  FOLLOWER to CANDIDATE at term 481 for changeToCandidate
2019-10-23 22:22:39,497 [Thread-3139] INFO  impl.RoleInfo (RoleInfo.java:updateAndGet(143)) - aed1b97f-105e-4684-b087-4b6333aa3ced: start LeaderElection
2019-10-23 22:22:39,523 [aed1b97f-105e-4684-b087-4b6333aa3ced@group-F043E0AED0ED-LeaderElection430] INFO  impl.LeaderElection (LeaderElection.java:askForVotes(178)) - aed1b97f-105e-4684-b087-4b6333aa3ced@group-F043E0AED0ED-LeaderElection430: begin an election at term 482 for -1: [aed1b97f-105e-4684-b087-4b6333aa3ced:192.168.157.195:34943, 1c51b35f-55cb-4636-a00c-83d34bf2d9d4:192.168.157.195:34693, d21ee1f1-33f6-483c-a18b-27782ce1915a:192.168.157.195:46462], old=null
2019-10-23 22:22:39,525 [grpc-default-executor-3] INFO  impl.RaftServerImpl (RaftServerImpl.java:setRole(184)) - 1c51b35f-55cb-4636-a00c-83d34bf2d9d4@group-F043E0AED0ED: changes role from  FOLLOWER to FOLLOWER at term 482 for recognizeCandidate:aed1b97f-105e-4684-b087-4b6333aa3ced
2019-10-23 22:22:39,525 [grpc-default-executor-3] INFO  impl.RoleInfo (RoleInfo.java:shutdownFollowerState(121)) - 1c51b35f-55cb-4636-a00c-83d34bf2d9d4: shutdown FollowerState
2019-10-23 22:22:39,525 [grpc-default-executor-3] INFO  impl.RoleInfo (RoleInfo.java:updateAndGet(143)) - 1c51b35f-55cb-4636-a00c-83d34bf2d9d4: start FollowerState
2019-10-23 22:22:39,525 [Thread-3137] INFO  impl.FollowerState (FollowerState.java:run(117)) - 1c51b35f-55cb-4636-a00c-83d34bf2d9d4@group-F043E0AED0ED-FollowerState was interrupted: java.lang.InterruptedException: sleep interrupted
2019-10-23 22:22:39,526 [grpc-default-executor-5] INFO  impl.RaftServerImpl (RaftServerImpl.java:setRole(184)) - d21ee1f1-33f6-483c-a18b-27782ce1915a@group-F043E0AED0ED: changes role from  FOLLOWER to FOLLOWER at term 482 for recognizeCandidate:aed1b97f-105e-4684-b087-4b6333aa3ced
2019-10-23 22:22:39,526 [grpc-default-executor-5] INFO  impl.RoleInfo (RoleInfo.java:shutdownFollowerState(121)) - d21ee1f1-33f6-483c-a18b-27782ce1915a: shutdown FollowerState
2019-10-23 22:22:39,526 [grpc-default-executor-5] INFO  impl.RoleInfo (RoleInfo.java:updateAndGet(143)) - d21ee1f1-33f6-483c-a18b-27782ce1915a: start FollowerState
2019-10-23 22:22:39,526 [Thread-3138] INFO  impl.FollowerState (FollowerState.java:run(117)) - d21ee1f1-33f6-483c-a18b-27782ce1915a@group-F043E0AED0ED-FollowerState was interrupted: java.lang.InterruptedException: sleep interrupted
2019-10-23 22:22:39,551 [aed1b97f-105e-4684-b087-4b6333aa3ced@group-F043E0AED0ED-LeaderElection430] INFO  impl.LeaderElection (LeaderElection.java:logAndReturn(56)) - aed1b97f-105e-4684-b087-4b6333aa3ced@group-F043E0AED0ED-LeaderElection430: Election REJECTED; received 2 response(s) [aed1b97f-105e-4684-b087-4b6333aa3ced<-1c51b35f-55cb-4636-a00c-83d34bf2d9d4#0:FAIL-t482, aed1b97f-105e-4684-b087-4b6333aa3ced<-d21ee1f1-33f6-483c-a18b-27782ce1915a#0:FAIL-t482] and 0 exception(s); aed1b97f-105e-4684-b087-4b6333aa3ced@group-F043E0AED0ED:t482, leader=null, voted=aed1b97f-105e-4684-b087-4b6333aa3ced, raftlog=aed1b97f-105e-4684-b087-4b6333aa3ced@group-F043E0AED0ED-SegmentedRaftLog:OPENED:c-1,f-1,i0, conf=-1: [aed1b97f-105e-4684-b087-4b6333aa3ced:192.168.157.195:34943, 1c51b35f-55cb-4636-a00c-83d34bf2d9d4:192.168.157.195:34693, d21ee1f1-33f6-483c-a18b-27782ce1915a:192.168.157.195:46462], old=null
2019-10-23 22:22:39,552 [aed1b97f-105e-4684-b087-4b6333aa3ced@group-F043E0AED0ED-LeaderElection430] INFO  impl.RaftServerImpl (RaftServerImpl.java:setRole(184)) - aed1b97f-105e-4684-b087-4b6333aa3ced@group-F043E0AED0ED: changes role from CANDIDATE to FOLLOWER at term 482 for DISCOVERED_A_NEW_TERM
2019-10-23 22:22:39,552 [aed1b97f-105e-4684-b087-4b6333aa3ced@group-F043E0AED0ED-LeaderElection430] INFO  impl.RoleInfo (RoleInfo.java:shutdownLeaderElection(134)) - aed1b97f-105e-4684-b087-4b6333aa3ced: shutdown LeaderElection
2019-10-23 22:22:39,552 [aed1b97f-105e-4684-b087-4b6333aa3ced@group-F043E0AED0ED-LeaderElection430] INFO  impl.RoleInfo (RoleInfo.java:updateAndGet(143)) - aed1b97f-105e-4684-b087-4b6333aa3ced: start FollowerState
2019-10-23 22:22:39,553 [Thread-3145] INFO  impl.FollowerState (FollowerState.java:run(108)) - aed1b97f-105e-4684-b087-4b6333aa3ced@group-F043E0AED0ED-FollowerState: change to CANDIDATE, lastRpcTime:1ms, electionTimeout:1ms
2019-10-23 22:22:39,553 [Thread-3145] INFO  impl.RoleInfo (RoleInfo.java:shutdownFollowerState(121)) - aed1b97f-105e-4684-b087-4b6333aa3ced: shutdown FollowerState
2019-10-23 22:22:39,553 [Thread-3145] INFO  impl.RaftServerImpl (RaftServerImpl.java:setRole(184)) - aed1b97f-105e-4684-b087-4b6333aa3ced@group-F043E0AED0ED: changes role from  FOLLOWER to CANDIDATE at term 482 for changeToCandidate
2019-10-23 22:22:39,553 [Thread-3145] INFO  impl.RoleInfo (RoleInfo.java:updateAndGet(143)) - aed1b97f-105e-4684-b087-4b6333aa3ced: start LeaderElection
2019-10-23 22:22:39,566 [aed1b97f-105e-4684-b087-4b6333aa3ced@group-F043E0AED0ED-LeaderElection431] INFO  impl.LeaderElection (LeaderElection.java:askForVotes(178)) - aed1b97f-105e-4684-b087-4b6333aa3ced@group-F043E0AED0ED-LeaderElection431: begin an election at term 483 for -1: [aed1b97f-105e-4684-b087-4b6333aa3ced:192.168.157.195:34943, 1c51b35f-55cb-4636-a00c-83d34bf2d9d4:192.168.157.195:34693, d21ee1f1-33f6-483c-a18b-27782ce1915a:192.168.157.195:46462], old=null
2019-10-23 22:22:39,568 [grpc-default-executor-5] INFO  impl.RaftServerImpl (RaftServerImpl.java:setRole(184)) - 1c51b35f-55cb-4636-a00c-83d34bf2d9d4@group-F043E0AED0ED: changes role from  FOLLOWER to FOLLOWER at term 483 for recognizeCandidate:aed1b97f-105e-4684-b087-4b6333aa3ced
2019-10-23 22:22:39,568 [grpc-default-executor-5] INFO  impl.RoleInfo (RoleInfo.java:shutdownFollowerState(121)) - 1c51b35f-55cb-4636-a00c-83d34bf2d9d4: shutdown FollowerState
2019-10-23 22:22:39,568 [grpc-default-executor-5] INFO  impl.RoleInfo (RoleInfo.java:updateAndGet(143)) - 1c51b35f-55cb-4636-a00c-83d34bf2d9d4: start FollowerState
2019-10-23 22:22:39,568 [Thread-3143] INFO  impl.FollowerState (FollowerState.java:run(117)) - 1c51b35f-55cb-4636-a00c-83d34bf2d9d4@group-F043E0AED0ED-FollowerState was interrupted: java.lang.InterruptedException: sleep interrupted
2019-10-23 22:22:39,568 [grpc-default-executor-3] INFO  impl.RaftServerImpl (RaftServerImpl.java:setRole(184)) - d21ee1f1-33f6-483c-a18b-27782ce1915a@group-F043E0AED0ED: changes role from  FOLLOWER to FOLLOWER at term 483 for recognizeCandidate:aed1b97f-105e-4684-b087-4b6333aa3ced
2019-10-23 22:22:39,569 [grpc-default-executor-3] INFO  impl.RoleInfo (RoleInfo.java:shutdownFollowerState(121)) - d21ee1f1-33f6-483c-a18b-27782ce1915a: shutdown FollowerState
2019-10-23 22:22:39,569 [grpc-default-executor-3] INFO  impl.RoleInfo (RoleInfo.java:updateAndGet(143)) - d21ee1f1-33f6-483c-a18b-27782ce1915a: start FollowerState
2019-10-23 22:22:39,569 [Thread-3144] INFO  impl.FollowerState (FollowerState.java:run(117)) - d21ee1f1-33f6-483c-a18b-27782ce1915a@group-F043E0AED0ED-FollowerState was interrupted: java.lang.InterruptedException: sleep interrupted
2019-10-23 22:22:39,583 [aed1b97f-105e-4684-b087-4b6333aa3ced@group-F043E0AED0ED-LeaderElection431] INFO  impl.LeaderElection (LeaderElection.java:logAndReturn(56)) - aed1b97f-105e-4684-b087-4b6333aa3ced@group-F043E0AED0ED-LeaderElection431: Election REJECTED; received 2 response(s) [aed1b97f-105e-4684-b087-4b6333aa3ced<-1c51b35f-55cb-4636-a00c-83d34bf2d9d4#0:FAIL-t483, aed1b97f-105e-4684-b087-4b6333aa3ced<-d21ee1f1-33f6-483c-a18b-27782ce1915a#0:FAIL-t483] and 0 exception(s); aed1b97f-105e-4684-b087-4b6333aa3ced@group-F043E0AED0ED:t483, leader=null, voted=aed1b97f-105e-4684-b087-4b6333aa3ced, raftlog=aed1b97f-105e-4684-b087-4b6333aa3ced@group-F043E0AED0ED-SegmentedRaftLog:OPENED:c-1,f-1,i0, conf=-1: [aed1b97f-105e-4684-b087-4b6333aa3ced:192.168.157.195:34943, 1c51b35f-55cb-4636-a00c-83d34bf2d9d4:192.168.157.195:34693, d21ee1f1-33f6-483c-a18b-27782ce1915a:192.168.157.195:46462], old=null
2019-10-23 22:22:39,584 [aed1b97f-105e-4684-b087-4b6333aa3ced@group-F043E0AED0ED-LeaderElection431] INFO  impl.RaftServerImpl (RaftServerImpl.java:setRole(184)) - aed1b97f-105e-4684-b087-4b6333aa3ced@group-F043E0AED0ED: changes role from CANDIDATE to FOLLOWER at term 483 for DISCOVERED_A_NEW_TERM
2019-10-23 22:22:39,584 [aed1b97f-105e-4684-b087-4b6333aa3ced@group-F043E0AED0ED-LeaderElection431] INFO  impl.RoleInfo (RoleInfo.java:shutdownLeaderElection(134)) - aed1b97f-105e-4684-b087-4b6333aa3ced: shutdown LeaderElection
2019-10-23 22:22:39,584 [aed1b97f-105e-4684-b087-4b6333aa3ced@group-F043E0AED0ED-LeaderElection431] INFO  impl.RoleInfo (RoleInfo.java:updateAndGet(143)) - aed1b97f-105e-4684-b087-4b6333aa3ced: start FollowerState
2019-10-23 22:22:39,600 [Thread-3151] INFO  impl.FollowerState (FollowerState.java:run(108)) - aed1b97f-105e-4684-b087-4b6333aa3ced@group-F043E0AED0ED-FollowerState: change to CANDIDATE, lastRpcTime:16ms, electionTimeout:16ms
2019-10-23 22:22:39,600 [Thread-3151] INFO  impl.RoleInfo (RoleInfo.java:shutdownFollowerState(121)) - aed1b97f-105e-4684-b087-4b6333aa3ced: shutdown FollowerState
2019-10-23 22:22:39,600 [Thread-3151] INFO  impl.RaftServerImpl (RaftServerImpl.java:setRole(184)) - aed1b97f-105e-4684-b087-4b6333aa3ced@group-F043E0AED0ED: changes role from  FOLLOWER to CANDIDATE at term 483 for changeToCandidate
2019-10-23 22:22:39,600 [Thread-3151] INFO  impl.RoleInfo (RoleInfo.java:updateAndGet(143)) - aed1b97f-105e-4684-b087-4b6333aa3ced: start LeaderElection
2019-10-23 22:22:39,613 [aed1b97f-105e-4684-b087-4b6333aa3ced@group-F043E0AED0ED-LeaderElection432] INFO  impl.LeaderElection (LeaderElection.java:askForVotes(178)) - aed1b97f-105e-4684-b087-4b6333aa3ced@group-F043E0AED0ED-LeaderElection432: begin an election at term 484 for -1: [aed1b97f-105e-4684-b087-4b6333aa3ced:192.168.157.195:34943, 1c51b35f-55cb-4636-a00c-83d34bf2d9d4:192.168.157.195:34693, d21ee1f1-33f6-483c-a18b-27782ce1915a:192.168.157.195:46462], old=null
2019-10-23 22:22:39,615 [grpc-default-executor-3] INFO  impl.RaftServerImpl (RaftServerImpl.java:setRole(184)) - 1c51b35f-55cb-4636-a00c-83d34bf2d9d4@group-F043E0AED0ED: changes role from  FOLLOWER to FOLLOWER at term 484 for recognizeCandidate:aed1b97f-105e-4684-b087-4b6333aa3ced
2019-10-23 22:22:39,615 [grpc-default-executor-3] INFO  impl.RoleInfo (RoleInfo.java:shutdownFollowerState(121)) - 1c51b35f-55cb-4636-a00c-83d34bf2d9d4: shutdown FollowerState
2019-10-23 22:22:39,615 [grpc-default-executor-3] INFO  impl.RoleInfo (RoleInfo.java:updateAndGet(143)) - 1c51b35f-55cb-4636-a00c-83d34bf2d9d4: start FollowerState
2019-10-23 22:22:39,615 [Thread-3149] INFO  impl.FollowerState (FollowerState.java:run(117)) - 1c51b35f-55cb-4636-a00c-83d34bf2d9d4@group-F043E0AED0ED-FollowerState was interrupted: java.lang.InterruptedException: sleep interrupted
2019-10-23 22:22:39,615 [grpc-default-executor-5] INFO  impl.RaftServerImpl (RaftServerImpl.java:setRole(184)) - d21ee1f1-33f6-483c-a18b-27782ce1915a@group-F043E0AED0ED: changes role from  FOLLOWER to FOLLOWER at term 484 for recognizeCandidate:aed1b97f-105e-4684-b087-4b6333aa3ced
2019-10-23 22:22:39,616 [grpc-default-executor-5] INFO  impl.RoleInfo (RoleInfo.java:shutdownFollowerState(121)) - d21ee1f1-33f6-483c-a18b-27782ce1915a: shutdown FollowerState
2019-10-23 22:22:39,616 [grpc-default-executor-5] INFO  impl.RoleInfo (RoleInfo.java:updateAndGet(143)) - d21ee1f1-33f6-483c-a18b-27782ce1915a: start FollowerState
2019-10-23 22:22:39,616 [Thread-3150] INFO  impl.FollowerState (FollowerState.java:run(117)) - d21ee1f1-33f6-483c-a18b-27782ce1915a@group-F043E0AED0ED-FollowerState was interrupted: java.lang.InterruptedException: sleep interrupted
2019-10-23 22:22:39,629 [aed1b97f-105e-4684-b087-4b6333aa3ced@group-F043E0AED0ED-LeaderElection432] INFO  impl.LeaderElection (LeaderElection.java:logAndReturn(56)) - aed1b97f-105e-4684-b087-4b6333aa3ced@group-F043E0AED0ED-LeaderElection432: Election TIMEOUT; received 0 response(s) [] and 0 exception(s); aed1b97f-105e-4684-b087-4b6333aa3ced@group-F043E0AED0ED:t484, leader=null, voted=aed1b97f-105e-4684-b087-4b6333aa3ced, raftlog=aed1b97f-105e-4684-b087-4b6333aa3ced@group-F043E0AED0ED-SegmentedRaftLog:OPENED:c-1,f-1,i0, conf=-1: [aed1b97f-105e-4684-b087-4b6333aa3ced:192.168.157.195:34943, 1c51b35f-55cb-4636-a00c-83d34bf2d9d4:192.168.157.195:34693, d21ee1f1-33f6-483c-a18b-27782ce1915a:192.168.157.195:46462], old=null
2019-10-23 22:22:39,645 [aed1b97f-105e-4684-b087-4b6333aa3ced@group-F043E0AED0ED-LeaderElection432] INFO  impl.LeaderElection (LeaderElection.java:askForVotes(178)) - aed1b97f-105e-4684-b087-4b6333aa3ced@group-F043E0AED0ED-LeaderElection432: begin an election at term 485 for -1: [aed1b97f-105e-4684-b087-4b6333aa3ced:192.168.157.195:34943, 1c51b35f-55cb-4636-a00c-83d34bf2d9d4:192.168.157.195:34693, d21ee1f1-33f6-483c-a18b-27782ce1915a:192.168.157.195:46462], old=null
2019-10-23 22:22:39,647 [grpc-default-executor-5] INFO  impl.RaftServerImpl (RaftServerImpl.java:setRole(184)) - 1c51b35f-55cb-4636-a00c-83d34bf2d9d4@group-F043E0AED0ED: changes role from  FOLLOWER to FOLLOWER at term 485 for recognizeCandidate:aed1b97f-105e-4684-b087-4b6333aa3ced
2019-10-23 22:22:39,647 [grpc-default-executor-5] INFO  impl.RoleInfo (RoleInfo.java:shutdownFollowerState(121)) - 1c51b35f-55cb-4636-a00c-83d34bf2d9d4: shutdown FollowerState
2019-10-23 22:22:39,647 [grpc-default-executor-3] INFO  impl.RaftServerImpl (RaftServerImpl.java:setRole(184)) - d21ee1f1-33f6-483c-a18b-27782ce1915a@group-F043E0AED0ED: changes role from  FOLLOWER to FOLLOWER at term 485 for recognizeCandidate:aed1b97f-105e-4684-b087-4b6333aa3ced
2019-10-23 22:22:39,647 [grpc-default-executor-3] INFO  impl.RoleInfo (RoleInfo.java:shutdownFollowerState(121)) - d21ee1f1-33f6-483c-a18b-27782ce1915a: shutdown FollowerState
2019-10-23 22:22:39,647 [grpc-default-executor-5] INFO  impl.RoleInfo (RoleInfo.java:updateAndGet(143)) - 1c51b35f-55cb-4636-a00c-83d34bf2d9d4: start FollowerState
2019-10-23 22:22:39,647 [Thread-3155] INFO  impl.FollowerState (FollowerState.java:run(117)) - 1c51b35f-55cb-4636-a00c-83d34bf2d9d4@group-F043E0AED0ED-FollowerState was interrupted: java.lang.InterruptedException: sleep interrupted
2019-10-23 22:22:39,647 [Thread-3156] INFO  impl.FollowerState (FollowerState.java:run(117)) - d21ee1f1-33f6-483c-a18b-27782ce1915a@group-F043E0AED0ED-FollowerState was interrupted: java.lang.InterruptedException: sleep interrupted
2019-10-23 22:22:39,647 [grpc-default-executor-3] INFO  impl.RoleInfo (RoleInfo.java:updateAndGet(143)) - d21ee1f1-33f6-483c-a18b-27782ce1915a: start FollowerState
2019-10-23 22:22:39,663 [aed1b97f-105e-4684-b087-4b6333aa3ced@group-F043E0AED0ED-LeaderElection432] INFO  impl.LeaderElection (LeaderElection.java:logAndReturn(56)) - aed1b97f-105e-4684-b087-4b6333aa3ced@group-F043E0AED0ED-LeaderElection432: Election REJECTED; received 2 response(s) [aed1b97f-105e-4684-b087-4b6333aa3ced<-1c51b35f-55cb-4636-a00c-83d34bf2d9d4#0:FAIL-t485, aed1b97f-105e-4684-b087-4b6333aa3ced<-d21ee1f1-33f6-483c-a18b-27782ce1915a#0:FAIL-t485] and 0 exception(s); aed1b97f-105e-4684-b087-4b6333aa3ced@group-F043E0AED0ED:t485, leader=null, voted=aed1b97f-105e-4684-b087-4b6333aa3ced, raftlog=aed1b97f-105e-4684-b087-4b6333aa3ced@group-F043E0AED0ED-SegmentedRaftLog:OPENED:c-1,f-1,i0, conf=-1: [aed1b97f-105e-4684-b087-4b6333aa3ced:192.168.157.195:34943, 1c51b35f-55cb-4636-a00c-83d34bf2d9d4:192.168.157.195:34693, d21ee1f1-33f6-483c-a18b-27782ce1915a:192.168.157.195:46462], old=null
2019-10-23 22:22:39,664 [aed1b97f-105e-4684-b087-4b6333aa3ced@group-F043E0AED0ED-LeaderElection432] INFO  impl.RaftServerImpl (RaftServerImpl.java:setRole(184)) - aed1b97f-105e-4684-b087-4b6333aa3ced@group-F043E0AED0ED: changes role from CANDIDATE to FOLLOWER at term 485 for DISCOVERED_A_NEW_TERM
2019-10-23 22:22:39,664 [aed1b97f-105e-4684-b087-4b6333aa3ced@group-F043E0AED0ED-LeaderElection432] INFO  impl.RoleInfo (RoleInfo.java:shutdownLeaderElection(134)) - aed1b97f-105e-4684-b087-4b6333aa3ced: shutdown LeaderElection
2019-10-23 22:22:39,664 [aed1b97f-105e-4684-b087-4b6333aa3ced@group-F043E0AED0ED-LeaderElection432] INFO  impl.RoleInfo (RoleInfo.java:updateAndGet(143)) - aed1b97f-105e-4684-b087-4b6333aa3ced: start FollowerState
2019-10-23 22:22:39,824 [Thread-3163] INFO  impl.FollowerState (FollowerState.java:run(108)) - aed1b97f-105e-4684-b087-4b6333aa3ced@group-F043E0AED0ED-FollowerState: change to CANDIDATE, lastRpcTime:160ms, electionTimeout:160ms
2019-10-23 22:22:39,825 [Thread-3163] INFO  impl.RoleInfo (RoleInfo.java:shutdownFollowerState(121)) - aed1b97f-105e-4684-b087-4b6333aa3ced: shutdown FollowerState
2019-10-23 22:22:39,825 [Thread-3163] INFO  impl.RaftServerImpl (RaftServerImpl.java:setRole(184)) - aed1b97f-105e-4684-b087-4b6333aa3ced@group-F043E0AED0ED: changes role from  FOLLOWER to CANDIDATE at term 485 for changeToCandidate
2019-10-23 22:22:39,825 [Thread-3163] INFO  impl.RoleInfo (RoleInfo.java:updateAndGet(143)) - aed1b97f-105e-4684-b087-4b6333aa3ced: start LeaderElection
2019-10-23 22:22:39,847 [aed1b97f-105e-4684-b087-4b6333aa3ced@group-F043E0AED0ED-LeaderElection433] INFO  impl.LeaderElection (LeaderElection.java:askForVotes(178)) - aed1b97f-105e-4684-b087-4b6333aa3ced@group-F043E0AED0ED-LeaderElection433: begin an election at term 486 for -1: [aed1b97f-105e-4684-b087-4b6333aa3ced:192.168.157.195:34943, 1c51b35f-55cb-4636-a00c-83d34bf2d9d4:192.168.157.195:34693, d21ee1f1-33f6-483c-a18b-27782ce1915a:192.168.157.195:46462], old=null
2019-10-23 22:22:39,849 [grpc-default-executor-5] INFO  impl.RaftServerImpl (RaftServerImpl.java:setRole(184)) - 1c51b35f-55cb-4636-a00c-83d34bf2d9d4@group-F043E0AED0ED: changes role from  FOLLOWER to FOLLOWER at term 486 for recognizeCandidate:aed1b97f-105e-4684-b087-4b6333aa3ced
2019-10-23 22:22:39,849 [grpc-default-executor-3] INFO  impl.RaftServerImpl (RaftServerImpl.java:setRole(184)) - d21ee1f1-33f6-483c-a18b-27782ce1915a@group-F043E0AED0ED: changes role from  FOLLOWER to FOLLOWER at term 486 for recognizeCandidate:aed1b97f-105e-4684-b087-4b6333aa3ced
2019-10-23 22:22:39,850 [grpc-default-executor-3] INFO  impl.RoleInfo (RoleInfo.java:shutdownFollowerState(121)) - d21ee1f1-33f6-483c-a18b-27782ce1915a: shutdown FollowerState
2019-10-23 22:22:39,849 [grpc-default-executor-5] INFO  impl.RoleInfo (RoleInfo.java:shutdownFollowerState(121)) - 1c51b35f-55cb-4636-a00c-83d34bf2d9d4: shutdown FollowerState
2019-10-23 22:22:39,850 [Thread-3162] INFO  impl.FollowerState (FollowerState.java:run(117)) - d21ee1f1-33f6-483c-a18b-27782ce1915a@group-F043E0AED0ED-FollowerState was interrupted: java.lang.InterruptedException: sleep interrupted
2019-10-23 22:22:39,850 [grpc-default-executor-3] INFO  impl.RoleInfo (RoleInfo.java:updateAndGet(143)) - d21ee1f1-33f6-483c-a18b-27782ce1915a: start FollowerState
2019-10-23 22:22:39,850 [Thread-3161] INFO  impl.FollowerState (FollowerState.java:run(117)) - 1c51b35f-55cb-4636-a00c-83d34bf2d9d4@group-F043E0AED0ED-FollowerState was interrupted: java.lang.InterruptedException: sleep interrupted
2019-10-23 22:22:39,850 [grpc-default-executor-5] INFO  impl.RoleInfo (RoleInfo.java:updateAndGet(143)) - 1c51b35f-55cb-4636-a00c-83d34bf2d9d4: start FollowerState
2019-10-23 22:22:39,876 [aed1b97f-105e-4684-b087-4b6333aa3ced@group-F043E0AED0ED-LeaderElection433] INFO  impl.LeaderElection (LeaderElection.java:logAndReturn(56)) - aed1b97f-105e-4684-b087-4b6333aa3ced@group-F043E0AED0ED-LeaderElection433: Election REJECTED; received 2 response(s) [aed1b97f-105e-4684-b087-4b6333aa3ced<-1c51b35f-55cb-4636-a00c-83d34bf2d9d4#0:FAIL-t486, aed1b97f-105e-4684-b087-4b6333aa3ced<-d21ee1f1-33f6-483c-a18b-27782ce1915a#0:FAIL-t486] and 0 exception(s); aed1b97f-105e-4684-b087-4b6333aa3ced@group-F043E0AED0ED:t486, leader=null, voted=aed1b97f-105e-4684-b087-4b6333aa3ced, raftlog=aed1b97f-105e-4684-b087-4b6333aa3ced@group-F043E0AED0ED-SegmentedRaftLog:OPENED:c-1,f-1,i0, conf=-1: [aed1b97f-105e-4684-b087-4b6333aa3ced:192.168.157.195:34943, 1c51b35f-55cb-4636-a00c-83d34bf2d9d4:192.168.157.195:34693, d21ee1f1-33f6-483c-a18b-27782ce1915a:192.168.157.195:46462], old=null
2019-10-23 22:22:39,876 [aed1b97f-105e-4684-b087-4b6333aa3ced@group-F043E0AED0ED-LeaderElection433] INFO  impl.RaftServerImpl (RaftServerImpl.java:setRole(184)) - aed1b97f-105e-4684-b087-4b6333aa3ced@group-F043E0AED0ED: changes role from CANDIDATE to FOLLOWER at term 486 for DISCOVERED_A_NEW_TERM
2019-10-23 22:22:39,876 [aed1b97f-105e-4684-b087-4b6333aa3ced@group-F043E0AED0ED-LeaderElection433] INFO  impl.RoleInfo (RoleInfo.java:shutdownLeaderElection(134)) - aed1b97f-105e-4684-b087-4b6333aa3ced: shutdown LeaderElection
2019-10-23 22:22:39,876 [aed1b97f-105e-4684-b087-4b6333aa3ced@group-F043E0AED0ED-LeaderElection433] INFO  impl.RoleInfo (RoleInfo.java:updateAndGet(143)) - aed1b97f-105e-4684-b087-4b6333aa3ced: start FollowerState
2019-10-23 22:22:40,067 [Thread-3169] INFO  impl.FollowerState (FollowerState.java:run(108)) - aed1b97f-105e-4684-b087-4b6333aa3ced@group-F043E0AED0ED-FollowerState: change to CANDIDATE, lastRpcTime:190ms, electionTimeout:190ms
2019-10-23 22:22:40,067 [Thread-3169] INFO  impl.RoleInfo (RoleInfo.java:shutdownFollowerState(121)) - aed1b97f-105e-4684-b087-4b6333aa3ced: shutdown FollowerState
2019-10-23 22:22:40,067 [Thread-3169] INFO  impl.RaftServerImpl (RaftServerImpl.java:setRole(184)) - aed1b97f-105e-4684-b087-4b6333aa3ced@group-F043E0AED0ED: changes role from  FOLLOWER to CANDIDATE at term 486 for changeToCandidate
2019-10-23 22:22:40,067 [Thread-3169] INFO  impl.RoleInfo (RoleInfo.java:updateAndGet(143)) - aed1b97f-105e-4684-b087-4b6333aa3ced: start LeaderElection
2019-10-23 22:22:40,092 [aed1b97f-105e-4684-b087-4b6333aa3ced@group-F043E0AED0ED-LeaderElection434] INFO  impl.LeaderElection (LeaderElection.java:askForVotes(178)) - aed1b97f-105e-4684-b087-4b6333aa3ced@group-F043E0AED0ED-LeaderElection434: begin an election at term 487 for -1: [aed1b97f-105e-4684-b087-4b6333aa3ced:192.168.157.195:34943, 1c51b35f-55cb-4636-a00c-83d34bf2d9d4:192.168.157.195:34693, d21ee1f1-33f6-483c-a18b-27782ce1915a:192.168.157.195:46462], old=null
2019-10-23 22:22:40,095 [grpc-default-executor-5] INFO  impl.RaftServerImpl (RaftServerImpl.java:setRole(184)) - 1c51b35f-55cb-4636-a00c-83d34bf2d9d4@group-F043E0AED0ED: changes role from  FOLLOWER to FOLLOWER at term 487 for recognizeCandidate:aed1b97f-105e-4684-b087-4b6333aa3ced
2019-10-23 22:22:40,095 [grpc-default-executor-5] INFO  impl.RoleInfo (RoleInfo.java:shutdownFollowerState(121)) - 1c51b35f-55cb-4636-a00c-83d34bf2d9d4: shutdown FollowerState
2019-10-23 22:22:40,095 [grpc-default-executor-5] INFO  impl.RoleInfo (RoleInfo.java:updateAndGet(143)) - 1c51b35f-55cb-4636-a00c-83d34bf2d9d4: start FollowerState
2019-10-23 22:22:40,095 [grpc-default-executor-3] INFO  impl.RaftServerImpl (RaftServerImpl.java:setRole(184)) - d21ee1f1-33f6-483c-a18b-27782ce1915a@group-F043E0AED0ED: changes role from  FOLLOWER to FOLLOWER at term 487 for recognizeCandidate:aed1b97f-105e-4684-b087-4b6333aa3ced
2019-10-23 22:22:40,095 [grpc-default-executor-3] INFO  impl.RoleInfo (RoleInfo.java:shutdownFollowerState(121)) - d21ee1f1-33f6-483c-a18b-27782ce1915a: shutdown FollowerState
2019-10-23 22:22:40,095 [Thread-3168] INFO  impl.FollowerState (FollowerState.java:run(117)) - 1c51b35f-55cb-4636-a00c-83d34bf2d9d4@group-F043E0AED0ED-FollowerState was interrupted: java.lang.InterruptedException: sleep interrupted
2019-10-23 22:22:40,095 [Thread-3167] INFO  impl.FollowerState (FollowerState.java:run(117)) - d21ee1f1-33f6-483c-a18b-27782ce1915a@group-F043E0AED0ED-FollowerState was interrupted: java.lang.InterruptedException: sleep interrupted
2019-10-23 22:22:40,095 [grpc-default-executor-3] INFO  impl.RoleInfo (RoleInfo.java:updateAndGet(143)) - d21ee1f1-33f6-483c-a18b-27782ce1915a: start FollowerState
2019-10-23 22:22:40,113 [aed1b97f-105e-4684-b087-4b6333aa3ced@group-F043E0AED0ED-LeaderElection434] INFO  impl.LeaderElection (LeaderElection.java:logAndReturn(56)) - aed1b97f-105e-4684-b087-4b6333aa3ced@group-F043E0AED0ED-LeaderElection434: Election REJECTED; received 2 response(s) [aed1b97f-105e-4684-b087-4b6333aa3ced<-1c51b35f-55cb-4636-a00c-83d34bf2d9d4#0:FAIL-t487, aed1b97f-105e-4684-b087-4b6333aa3ced<-d21ee1f1-33f6-483c-a18b-27782ce1915a#0:FAIL-t487] and 0 exception(s); aed1b97f-105e-4684-b087-4b6333aa3ced@group-F043E0AED0ED:t487, leader=null, voted=aed1b97f-105e-4684-b087-4b6333aa3ced, raftlog=aed1b97f-105e-4684-b087-4b6333aa3ced@group-F043E0AED0ED-SegmentedRaftLog:OPENED:c-1,f-1,i0, conf=-1: [aed1b97f-105e-4684-b087-4b6333aa3ced:192.168.157.195:34943, 1c51b35f-55cb-4636-a00c-83d34bf2d9d4:192.168.157.195:34693, d21ee1f1-33f6-483c-a18b-27782ce1915a:192.168.157.195:46462], old=null
2019-10-23 22:22:40,113 [aed1b97f-105e-4684-b087-4b6333aa3ced@group-F043E0AED0ED-LeaderElection434] INFO  impl.RaftServerImpl (RaftServerImpl.java:setRole(184)) - aed1b97f-105e-4684-b087-4b6333aa3ced@group-F043E0AED0ED: changes role from CANDIDATE to FOLLOWER at term 487 for DISCOVERED_A_NEW_TERM
2019-10-23 22:22:40,113 [aed1b97f-105e-4684-b087-4b6333aa3ced@group-F043E0AED0ED-LeaderElection434] INFO  impl.RoleInfo (RoleInfo.java:shutdownLeaderElection(134)) - aed1b97f-105e-4684-b087-4b6333aa3ced: shutdown LeaderElection
2019-10-23 22:22:40,113 [aed1b97f-105e-4684-b087-4b6333aa3ced@group-F043E0AED0ED-LeaderElection434] INFO  impl.RoleInfo (RoleInfo.java:updateAndGet(143)) - aed1b97f-105e-4684-b087-4b6333aa3ced: start FollowerState
2019-10-23 22:22:40,131 [main] INFO  ozone.MiniOzoneClusterImpl (MiniOzoneClusterImpl.java:shutdown(314)) - Shutting down the Mini Ozone Cluster
2019-10-23 22:22:40,132 [main] INFO  ozone.MiniOzoneClusterImpl (MiniOzoneClusterImpl.java:stop(330)) - Stopping the Mini Ozone Cluster
2019-10-23 22:22:40,132 [main] INFO  ozone.MiniOzoneClusterImpl (MiniOzoneClusterImpl.java:stopOM(400)) - Stopping the OzoneManager
2019-10-23 22:22:40,132 [main] INFO  ipc.Server (Server.java:stop(3082)) - Stopping server on 44238
2019-10-23 22:22:40,139 [IPC Server listener on 44238] INFO  ipc.Server (Server.java:run(1185)) - Stopping IPC Server listener on 44238
2019-10-23 22:22:40,140 [IPC Server Responder] INFO  ipc.Server (Server.java:run(1319)) - Stopping IPC Server Responder
2019-10-23 22:22:40,148 [main] INFO  impl.RaftServerProxy (RaftServerProxy.java:lambda$close$4(314)) - 31cea77f-fbb4-449a-b19d-16a887ffa45f: close
2019-10-23 22:22:40,160 [main] INFO  impl.RaftServerImpl (RaftServerImpl.java:lambda$shutdown$3(261)) - 31cea77f-fbb4-449a-b19d-16a887ffa45f@group-C5BA1605619E: shutdown
2019-10-23 22:22:40,160 [main] INFO  util.JmxRegister (JmxRegister.java:unregister(73)) - Successfully un-registered JMX Bean with object name Ratis:service=RaftServer,group=group-C5BA1605619E,id=31cea77f-fbb4-449a-b19d-16a887ffa45f
2019-10-23 22:22:40,160 [main] INFO  impl.RoleInfo (RoleInfo.java:shutdownLeaderState(104)) - 31cea77f-fbb4-449a-b19d-16a887ffa45f: shutdown LeaderState
2019-10-23 22:22:40,161 [main] INFO  impl.PendingRequests (PendingRequests.java:sendNotLeaderResponses(202)) - 31cea77f-fbb4-449a-b19d-16a887ffa45f@group-C5BA1605619E-PendingRequests: sendNotLeaderResponses
2019-10-23 22:22:40,165 [main] INFO  impl.StateMachineUpdater (StateMachineUpdater.java:stopAndJoin(136)) - 31cea77f-fbb4-449a-b19d-16a887ffa45f@group-C5BA1605619E-StateMachineUpdater: set stopIndex = 6
2019-10-23 22:22:40,165 [31cea77f-fbb4-449a-b19d-16a887ffa45f@group-C5BA1605619E-StateMachineUpdater] INFO  ratis.OzoneManagerStateMachine (OzoneManagerStateMachine.java:takeSnapshot(254)) - Saving Ratis snapshot on the OM.
2019-10-23 22:22:40,176 [31cea77f-fbb4-449a-b19d-16a887ffa45f@group-C5BA1605619E-StateMachineUpdater] INFO  ratis.OMRatisSnapshotInfo (OMRatisSnapshotInfo.java:saveRatisSnapshotToDisk(107)) - Saved Ratis Snapshot on the OM with snapshotIndex 5
2019-10-23 22:22:40,178 [31cea77f-fbb4-449a-b19d-16a887ffa45f@group-C5BA1605619E-StateMachineUpdater] INFO  impl.StateMachineUpdater (StateMachineUpdater.java:takeSnapshot(269)) - 31cea77f-fbb4-449a-b19d-16a887ffa45f@group-C5BA1605619E-StateMachineUpdater: Took a snapshot at index 5
2019-10-23 22:22:40,179 [31cea77f-fbb4-449a-b19d-16a887ffa45f@group-C5BA1605619E-StateMachineUpdater] INFO  impl.StateMachineUpdater (StateMachineUpdater.java:lambda$new$0(84)) - 31cea77f-fbb4-449a-b19d-16a887ffa45f@group-C5BA1605619E-StateMachineUpdater: snapshotIndex: updateIncreasingly -1 -> 5
2019-10-23 22:22:40,184 [31cea77f-fbb4-449a-b19d-16a887ffa45f@group-C5BA1605619E-StateMachineUpdater] INFO  ratis.OzoneManagerStateMachine (OzoneManagerStateMachine.java:takeSnapshot(254)) - Saving Ratis snapshot on the OM.
2019-10-23 22:22:40,185 [31cea77f-fbb4-449a-b19d-16a887ffa45f@group-C5BA1605619E-StateMachineUpdater] INFO  ratis.OMRatisSnapshotInfo (OMRatisSnapshotInfo.java:saveRatisSnapshotToDisk(107)) - Saved Ratis Snapshot on the OM with snapshotIndex 5
2019-10-23 22:22:40,185 [31cea77f-fbb4-449a-b19d-16a887ffa45f@group-C5BA1605619E-StateMachineUpdater] INFO  impl.StateMachineUpdater (StateMachineUpdater.java:takeSnapshot(269)) - 31cea77f-fbb4-449a-b19d-16a887ffa45f@group-C5BA1605619E-StateMachineUpdater: Took a snapshot at index 5
2019-10-23 22:22:40,185 [31cea77f-fbb4-449a-b19d-16a887ffa45f@group-C5BA1605619E-StateMachineUpdater] INFO  impl.StateMachineUpdater (StateMachineUpdater.java:lambda$new$0(84)) - 31cea77f-fbb4-449a-b19d-16a887ffa45f@group-C5BA1605619E-StateMachineUpdater: snapshotIndex: updateIncreasingly 5 -> 5
2019-10-23 22:22:40,186 [main] INFO  impl.RaftServerImpl (ServerState.java:close(388)) - 31cea77f-fbb4-449a-b19d-16a887ffa45f@group-C5BA1605619E: closes. applyIndex: 6
2019-10-23 22:22:40,188 [31cea77f-fbb4-449a-b19d-16a887ffa45f@group-C5BA1605619E-SegmentedRaftLogWorker] INFO  segmented.SegmentedRaftLogWorker (SegmentedRaftLogWorker.java:run(316)) - 31cea77f-fbb4-449a-b19d-16a887ffa45f@group-C5BA1605619E-SegmentedRaftLogWorker was interrupted, exiting. There are 0 tasks remaining in the queue.
2019-10-23 22:22:40,189 [main] INFO  segmented.SegmentedRaftLogWorker (SegmentedRaftLogWorker.java:close(224)) - 31cea77f-fbb4-449a-b19d-16a887ffa45f@group-C5BA1605619E-SegmentedRaftLogWorker close()
2019-10-23 22:22:40,191 [main] INFO  server.GrpcService (GrpcService.java:closeImpl(164)) - 31cea77f-fbb4-449a-b19d-16a887ffa45f: shutdown server with port 9872 now
2019-10-23 22:22:40,193 [main] INFO  server.GrpcService (GrpcService.java:closeImpl(172)) - 31cea77f-fbb4-449a-b19d-16a887ffa45f: shutdown server with port 9872 successfully
2019-10-23 22:22:40,193 [main] INFO  ratis.OzoneManagerDoubleBuffer (OzoneManagerDoubleBuffer.java:stop(250)) - Stopping OMDoubleBuffer flush thread
2019-10-23 22:22:40,193 [OMDoubleBufferFlushThread] INFO  ratis.OzoneManagerDoubleBuffer (OzoneManagerDoubleBuffer.java:flushTransactions(193)) - OMDoubleBuffer flush thread OMDoubleBufferFlushThread is interrupted and will exit. OMDoubleBufferFlushThread
2019-10-23 22:22:40,195 [main] INFO  utils.BackgroundService (BackgroundService.java:shutdown(151)) - Shutting down service KeyDeletingService
2019-10-23 22:22:40,198 [main] INFO  handler.ContextHandler (ContextHandler.java:doStop(910)) - Stopped o.e.j.w.WebAppContext@6ba30587{/,null,UNAVAILABLE}{/ozoneManager}
2019-10-23 22:22:40,204 [main] INFO  server.AbstractConnector (AbstractConnector.java:doStop(318)) - Stopped ServerConnector@35764bef{HTTP/1.1,[http/1.1]}{0.0.0.0:0}
2019-10-23 22:22:40,204 [main] INFO  handler.ContextHandler (ContextHandler.java:doStop(910)) - Stopped o.e.j.s.ServletContextHandler@5fe7f967{/static,file:///workdir/hadoop-ozone/integration-test/target/test-classes/webapps/static,UNAVAILABLE}
2019-10-23 22:22:40,205 [main] INFO  handler.ContextHandler (ContextHandler.java:doStop(910)) - Stopped o.e.j.s.ServletContextHandler@4867ab9f{/logs,file:///workdir/hadoop-ozone/integration-test/target/log,UNAVAILABLE}
2019-10-23 22:22:40,209 [main] INFO  ozone.MiniOzoneClusterImpl (MiniOzoneClusterImpl.java:stopDatanodes(377)) - Stopping the HddsDatanodes
2019-10-23 22:22:40,276 [Thread-3175] INFO  impl.FollowerState (FollowerState.java:run(108)) - aed1b97f-105e-4684-b087-4b6333aa3ced@group-F043E0AED0ED-FollowerState: change to CANDIDATE, lastRpcTime:163ms, electionTimeout:163ms
2019-10-23 22:22:40,277 [Thread-3175] INFO  impl.RoleInfo (RoleInfo.java:shutdownFollowerState(121)) - aed1b97f-105e-4684-b087-4b6333aa3ced: shutdown FollowerState
2019-10-23 22:22:40,277 [Thread-3175] INFO  impl.RaftServerImpl (RaftServerImpl.java:setRole(184)) - aed1b97f-105e-4684-b087-4b6333aa3ced@group-F043E0AED0ED: changes role from  FOLLOWER to CANDIDATE at term 487 for changeToCandidate
2019-10-23 22:22:40,277 [Thread-3175] INFO  impl.RoleInfo (RoleInfo.java:updateAndGet(143)) - aed1b97f-105e-4684-b087-4b6333aa3ced: start LeaderElection
2019-10-23 22:22:40,292 [aed1b97f-105e-4684-b087-4b6333aa3ced@group-F043E0AED0ED-LeaderElection435] INFO  impl.LeaderElection (LeaderElection.java:askForVotes(178)) - aed1b97f-105e-4684-b087-4b6333aa3ced@group-F043E0AED0ED-LeaderElection435: begin an election at term 488 for -1: [aed1b97f-105e-4684-b087-4b6333aa3ced:192.168.157.195:34943, 1c51b35f-55cb-4636-a00c-83d34bf2d9d4:192.168.157.195:34693, d21ee1f1-33f6-483c-a18b-27782ce1915a:192.168.157.195:46462], old=null
2019-10-23 22:22:40,294 [grpc-default-executor-3] INFO  impl.RaftServerImpl (RaftServerImpl.java:setRole(184)) - 1c51b35f-55cb-4636-a00c-83d34bf2d9d4@group-F043E0AED0ED: changes role from  FOLLOWER to FOLLOWER at term 488 for recognizeCandidate:aed1b97f-105e-4684-b087-4b6333aa3ced
2019-10-23 22:22:40,294 [grpc-default-executor-3] INFO  impl.RoleInfo (RoleInfo.java:shutdownFollowerState(121)) - 1c51b35f-55cb-4636-a00c-83d34bf2d9d4: shutdown FollowerState
2019-10-23 22:22:40,295 [grpc-default-executor-3] INFO  impl.RoleInfo (RoleInfo.java:updateAndGet(143)) - 1c51b35f-55cb-4636-a00c-83d34bf2d9d4: start FollowerState
2019-10-23 22:22:40,295 [Thread-3173] INFO  impl.FollowerState (FollowerState.java:run(117)) - 1c51b35f-55cb-4636-a00c-83d34bf2d9d4@group-F043E0AED0ED-FollowerState was interrupted: java.lang.InterruptedException: sleep interrupted
2019-10-23 22:22:40,295 [grpc-default-executor-5] INFO  impl.RaftServerImpl (RaftServerImpl.java:setRole(184)) - d21ee1f1-33f6-483c-a18b-27782ce1915a@group-F043E0AED0ED: changes role from  FOLLOWER to FOLLOWER at term 488 for recognizeCandidate:aed1b97f-105e-4684-b087-4b6333aa3ced
2019-10-23 22:22:40,295 [grpc-default-executor-5] INFO  impl.RoleInfo (RoleInfo.java:shutdownFollowerState(121)) - d21ee1f1-33f6-483c-a18b-27782ce1915a: shutdown FollowerState
2019-10-23 22:22:40,295 [grpc-default-executor-5] INFO  impl.RoleInfo (RoleInfo.java:updateAndGet(143)) - d21ee1f1-33f6-483c-a18b-27782ce1915a: start FollowerState
2019-10-23 22:22:40,295 [Thread-3174] INFO  impl.FollowerState (FollowerState.java:run(117)) - d21ee1f1-33f6-483c-a18b-27782ce1915a@group-F043E0AED0ED-FollowerState was interrupted: java.lang.InterruptedException: sleep interrupted
2019-10-23 22:22:40,321 [aed1b97f-105e-4684-b087-4b6333aa3ced@group-F043E0AED0ED-LeaderElection435] INFO  impl.LeaderElection (LeaderElection.java:logAndReturn(56)) - aed1b97f-105e-4684-b087-4b6333aa3ced@group-F043E0AED0ED-LeaderElection435: Election REJECTED; received 2 response(s) [aed1b97f-105e-4684-b087-4b6333aa3ced<-1c51b35f-55cb-4636-a00c-83d34bf2d9d4#0:FAIL-t488, aed1b97f-105e-4684-b087-4b6333aa3ced<-d21ee1f1-33f6-483c-a18b-27782ce1915a#0:FAIL-t488] and 0 exception(s); aed1b97f-105e-4684-b087-4b6333aa3ced@group-F043E0AED0ED:t488, leader=null, voted=aed1b97f-105e-4684-b087-4b6333aa3ced, raftlog=aed1b97f-105e-4684-b087-4b6333aa3ced@group-F043E0AED0ED-SegmentedRaftLog:OPENED:c-1,f-1,i0, conf=-1: [aed1b97f-105e-4684-b087-4b6333aa3ced:192.168.157.195:34943, 1c51b35f-55cb-4636-a00c-83d34bf2d9d4:192.168.157.195:34693, d21ee1f1-33f6-483c-a18b-27782ce1915a:192.168.157.195:46462], old=null
2019-10-23 22:22:40,321 [aed1b97f-105e-4684-b087-4b6333aa3ced@group-F043E0AED0ED-LeaderElection435] INFO  impl.RaftServerImpl (RaftServerImpl.java:setRole(184)) - aed1b97f-105e-4684-b087-4b6333aa3ced@group-F043E0AED0ED: changes role from CANDIDATE to FOLLOWER at term 488 for DISCOVERED_A_NEW_TERM
2019-10-23 22:22:40,321 [aed1b97f-105e-4684-b087-4b6333aa3ced@group-F043E0AED0ED-LeaderElection435] INFO  impl.RoleInfo (RoleInfo.java:shutdownLeaderElection(134)) - aed1b97f-105e-4684-b087-4b6333aa3ced: shutdown LeaderElection
2019-10-23 22:22:40,321 [aed1b97f-105e-4684-b087-4b6333aa3ced@group-F043E0AED0ED-LeaderElection435] INFO  impl.RoleInfo (RoleInfo.java:updateAndGet(143)) - aed1b97f-105e-4684-b087-4b6333aa3ced: start FollowerState
2019-10-23 22:22:40,460 [Thread-3182] INFO  impl.FollowerState (FollowerState.java:run(108)) - aed1b97f-105e-4684-b087-4b6333aa3ced@group-F043E0AED0ED-FollowerState: change to CANDIDATE, lastRpcTime:138ms, electionTimeout:138ms
2019-10-23 22:22:40,460 [Thread-3182] INFO  impl.RoleInfo (RoleInfo.java:shutdownFollowerState(121)) - aed1b97f-105e-4684-b087-4b6333aa3ced: shutdown FollowerState
2019-10-23 22:22:40,460 [Thread-3182] INFO  impl.RaftServerImpl (RaftServerImpl.java:setRole(184)) - aed1b97f-105e-4684-b087-4b6333aa3ced@group-F043E0AED0ED: changes role from  FOLLOWER to CANDIDATE at term 488 for changeToCandidate
2019-10-23 22:22:40,460 [Thread-3182] INFO  impl.RoleInfo (RoleInfo.java:updateAndGet(143)) - aed1b97f-105e-4684-b087-4b6333aa3ced: start LeaderElection
2019-10-23 22:22:40,474 [aed1b97f-105e-4684-b087-4b6333aa3ced@group-F043E0AED0ED-LeaderElection436] INFO  impl.LeaderElection (LeaderElection.java:askForVotes(178)) - aed1b97f-105e-4684-b087-4b6333aa3ced@group-F043E0AED0ED-LeaderElection436: begin an election at term 489 for -1: [aed1b97f-105e-4684-b087-4b6333aa3ced:192.168.157.195:34943, 1c51b35f-55cb-4636-a00c-83d34bf2d9d4:192.168.157.195:34693, d21ee1f1-33f6-483c-a18b-27782ce1915a:192.168.157.195:46462], old=null
2019-10-23 22:22:40,476 [grpc-default-executor-5] INFO  impl.RaftServerImpl (RaftServerImpl.java:setRole(184)) - 1c51b35f-55cb-4636-a00c-83d34bf2d9d4@group-F043E0AED0ED: changes role from  FOLLOWER to FOLLOWER at term 489 for recognizeCandidate:aed1b97f-105e-4684-b087-4b6333aa3ced
2019-10-23 22:22:40,476 [grpc-default-executor-3] INFO  impl.RaftServerImpl (RaftServerImpl.java:setRole(184)) - d21ee1f1-33f6-483c-a18b-27782ce1915a@group-F043E0AED0ED: changes role from  FOLLOWER to FOLLOWER at term 489 for recognizeCandidate:aed1b97f-105e-4684-b087-4b6333aa3ced
2019-10-23 22:22:40,476 [grpc-default-executor-5] INFO  impl.RoleInfo (RoleInfo.java:shutdownFollowerState(121)) - 1c51b35f-55cb-4636-a00c-83d34bf2d9d4: shutdown FollowerState
2019-10-23 22:22:40,476 [grpc-default-executor-3] INFO  impl.RoleInfo (RoleInfo.java:shutdownFollowerState(121)) - d21ee1f1-33f6-483c-a18b-27782ce1915a: shutdown FollowerState
2019-10-23 22:22:40,476 [grpc-default-executor-5] INFO  impl.RoleInfo (RoleInfo.java:updateAndGet(143)) - 1c51b35f-55cb-4636-a00c-83d34bf2d9d4: start FollowerState
2019-10-23 22:22:40,476 [Thread-3180] INFO  impl.FollowerState (FollowerState.java:run(117)) - 1c51b35f-55cb-4636-a00c-83d34bf2d9d4@group-F043E0AED0ED-FollowerState was interrupted: java.lang.InterruptedException: sleep interrupted
2019-10-23 22:22:40,476 [Thread-3181] INFO  impl.FollowerState (FollowerState.java:run(117)) - d21ee1f1-33f6-483c-a18b-27782ce1915a@group-F043E0AED0ED-FollowerState was interrupted: java.lang.InterruptedException: sleep interrupted
2019-10-23 22:22:40,476 [grpc-default-executor-3] INFO  impl.RoleInfo (RoleInfo.java:updateAndGet(143)) - d21ee1f1-33f6-483c-a18b-27782ce1915a: start FollowerState
2019-10-23 22:22:40,489 [aed1b97f-105e-4684-b087-4b6333aa3ced@group-F043E0AED0ED-LeaderElection436] INFO  impl.LeaderElection (LeaderElection.java:logAndReturn(56)) - aed1b97f-105e-4684-b087-4b6333aa3ced@group-F043E0AED0ED-LeaderElection436: Election TIMEOUT; received 0 response(s) [] and 0 exception(s); aed1b97f-105e-4684-b087-4b6333aa3ced@group-F043E0AED0ED:t489, leader=null, voted=aed1b97f-105e-4684-b087-4b6333aa3ced, raftlog=aed1b97f-105e-4684-b087-4b6333aa3ced@group-F043E0AED0ED-SegmentedRaftLog:OPENED:c-1,f-1,i0, conf=-1: [aed1b97f-105e-4684-b087-4b6333aa3ced:192.168.157.195:34943, 1c51b35f-55cb-4636-a00c-83d34bf2d9d4:192.168.157.195:34693, d21ee1f1-33f6-483c-a18b-27782ce1915a:192.168.157.195:46462], old=null
2019-10-23 22:22:40,505 [aed1b97f-105e-4684-b087-4b6333aa3ced@group-F043E0AED0ED-LeaderElection436] INFO  impl.LeaderElection (LeaderElection.java:askForVotes(178)) - aed1b97f-105e-4684-b087-4b6333aa3ced@group-F043E0AED0ED-LeaderElection436: begin an election at term 490 for -1: [aed1b97f-105e-4684-b087-4b6333aa3ced:192.168.157.195:34943, 1c51b35f-55cb-4636-a00c-83d34bf2d9d4:192.168.157.195:34693, d21ee1f1-33f6-483c-a18b-27782ce1915a:192.168.157.195:46462], old=null
2019-10-23 22:22:40,507 [grpc-default-executor-3] INFO  impl.RaftServerImpl (RaftServerImpl.java:setRole(184)) - 1c51b35f-55cb-4636-a00c-83d34bf2d9d4@group-F043E0AED0ED: changes role from  FOLLOWER to FOLLOWER at term 490 for recognizeCandidate:aed1b97f-105e-4684-b087-4b6333aa3ced
2019-10-23 22:22:40,507 [grpc-default-executor-5] INFO  impl.RaftServerImpl (RaftServerImpl.java:setRole(184)) - d21ee1f1-33f6-483c-a18b-27782ce1915a@group-F043E0AED0ED: changes role from  FOLLOWER to FOLLOWER at term 490 for recognizeCandidate:aed1b97f-105e-4684-b087-4b6333aa3ced
2019-10-23 22:22:40,507 [grpc-default-executor-5] INFO  impl.RoleInfo (RoleInfo.java:shutdownFollowerState(121)) - d21ee1f1-33f6-483c-a18b-27782ce1915a: shutdown FollowerState
2019-10-23 22:22:40,507 [grpc-default-executor-3] INFO  impl.RoleInfo (RoleInfo.java:shutdownFollowerState(121)) - 1c51b35f-55cb-4636-a00c-83d34bf2d9d4: shutdown FollowerState
2019-10-23 22:22:40,507 [Thread-3187] INFO  impl.FollowerState (FollowerState.java:run(117)) - d21ee1f1-33f6-483c-a18b-27782ce1915a@group-F043E0AED0ED-FollowerState was interrupted: java.lang.InterruptedException: sleep interrupted
2019-10-23 22:22:40,507 [grpc-default-executor-5] INFO  impl.RoleInfo (RoleInfo.java:updateAndGet(143)) - d21ee1f1-33f6-483c-a18b-27782ce1915a: start FollowerState
2019-10-23 22:22:40,507 [Thread-3186] INFO  impl.FollowerState (FollowerState.java:run(117)) - 1c51b35f-55cb-4636-a00c-83d34bf2d9d4@group-F043E0AED0ED-FollowerState was interrupted: java.lang.InterruptedException: sleep interrupted
2019-10-23 22:22:40,507 [grpc-default-executor-3] INFO  impl.RoleInfo (RoleInfo.java:updateAndGet(143)) - 1c51b35f-55cb-4636-a00c-83d34bf2d9d4: start FollowerState
2019-10-23 22:22:40,533 [aed1b97f-105e-4684-b087-4b6333aa3ced@group-F043E0AED0ED-LeaderElection436] INFO  impl.LeaderElection (LeaderElection.java:logAndReturn(56)) - aed1b97f-105e-4684-b087-4b6333aa3ced@group-F043E0AED0ED-LeaderElection436: Election REJECTED; received 2 response(s) [aed1b97f-105e-4684-b087-4b6333aa3ced<-1c51b35f-55cb-4636-a00c-83d34bf2d9d4#0:FAIL-t490, aed1b97f-105e-4684-b087-4b6333aa3ced<-d21ee1f1-33f6-483c-a18b-27782ce1915a#0:FAIL-t490] and 0 exception(s); aed1b97f-105e-4684-b087-4b6333aa3ced@group-F043E0AED0ED:t490, leader=null, voted=aed1b97f-105e-4684-b087-4b6333aa3ced, raftlog=aed1b97f-105e-4684-b087-4b6333aa3ced@group-F043E0AED0ED-SegmentedRaftLog:OPENED:c-1,f-1,i0, conf=-1: [aed1b97f-105e-4684-b087-4b6333aa3ced:192.168.157.195:34943, 1c51b35f-55cb-4636-a00c-83d34bf2d9d4:192.168.157.195:34693, d21ee1f1-33f6-483c-a18b-27782ce1915a:192.168.157.195:46462], old=null
2019-10-23 22:22:40,533 [aed1b97f-105e-4684-b087-4b6333aa3ced@group-F043E0AED0ED-LeaderElection436] INFO  impl.RaftServerImpl (RaftServerImpl.java:setRole(184)) - aed1b97f-105e-4684-b087-4b6333aa3ced@group-F043E0AED0ED: changes role from CANDIDATE to FOLLOWER at term 490 for DISCOVERED_A_NEW_TERM
2019-10-23 22:22:40,534 [aed1b97f-105e-4684-b087-4b6333aa3ced@group-F043E0AED0ED-LeaderElection436] INFO  impl.RoleInfo (RoleInfo.java:shutdownLeaderElection(134)) - aed1b97f-105e-4684-b087-4b6333aa3ced: shutdown LeaderElection
2019-10-23 22:22:40,534 [aed1b97f-105e-4684-b087-4b6333aa3ced@group-F043E0AED0ED-LeaderElection436] INFO  impl.RoleInfo (RoleInfo.java:updateAndGet(143)) - aed1b97f-105e-4684-b087-4b6333aa3ced: start FollowerState
2019-10-23 22:22:40,651 [Thread-3192] INFO  impl.FollowerState (FollowerState.java:run(108)) - aed1b97f-105e-4684-b087-4b6333aa3ced@group-F043E0AED0ED-FollowerState: change to CANDIDATE, lastRpcTime:117ms, electionTimeout:117ms
2019-10-23 22:22:40,651 [Thread-3192] INFO  impl.RoleInfo (RoleInfo.java:shutdownFollowerState(121)) - aed1b97f-105e-4684-b087-4b6333aa3ced: shutdown FollowerState
2019-10-23 22:22:40,651 [Thread-3192] INFO  impl.RaftServerImpl (RaftServerImpl.java:setRole(184)) - aed1b97f-105e-4684-b087-4b6333aa3ced@group-F043E0AED0ED: changes role from  FOLLOWER to CANDIDATE at term 490 for changeToCandidate
2019-10-23 22:22:40,651 [Thread-3192] INFO  impl.RoleInfo (RoleInfo.java:updateAndGet(143)) - aed1b97f-105e-4684-b087-4b6333aa3ced: start LeaderElection
2019-10-23 22:22:40,677 [aed1b97f-105e-4684-b087-4b6333aa3ced@group-F043E0AED0ED-LeaderElection437] INFO  impl.LeaderElection (LeaderElection.java:askForVotes(178)) - aed1b97f-105e-4684-b087-4b6333aa3ced@group-F043E0AED0ED-LeaderElection437: begin an election at term 491 for -1: [aed1b97f-105e-4684-b087-4b6333aa3ced:192.168.157.195:34943, 1c51b35f-55cb-4636-a00c-83d34bf2d9d4:192.168.157.195:34693, d21ee1f1-33f6-483c-a18b-27782ce1915a:192.168.157.195:46462], old=null
2019-10-23 22:22:40,680 [grpc-default-executor-3] INFO  impl.RaftServerImpl (RaftServerImpl.java:setRole(184)) - 1c51b35f-55cb-4636-a00c-83d34bf2d9d4@group-F043E0AED0ED: changes role from  FOLLOWER to FOLLOWER at term 491 for recognizeCandidate:aed1b97f-105e-4684-b087-4b6333aa3ced
2019-10-23 22:22:40,680 [grpc-default-executor-3] INFO  impl.RoleInfo (RoleInfo.java:shutdownFollowerState(121)) - 1c51b35f-55cb-4636-a00c-83d34bf2d9d4: shutdown FollowerState
2019-10-23 22:22:40,680 [grpc-default-executor-5] INFO  impl.RaftServerImpl (RaftServerImpl.java:setRole(184)) - d21ee1f1-33f6-483c-a18b-27782ce1915a@group-F043E0AED0ED: changes role from  FOLLOWER to FOLLOWER at term 491 for recognizeCandidate:aed1b97f-105e-4684-b087-4b6333aa3ced
2019-10-23 22:22:40,680 [grpc-default-executor-5] INFO  impl.RoleInfo (RoleInfo.java:shutdownFollowerState(121)) - d21ee1f1-33f6-483c-a18b-27782ce1915a: shutdown FollowerState
2019-10-23 22:22:40,685 [grpc-default-executor-5] INFO  impl.RoleInfo (RoleInfo.java:updateAndGet(143)) - d21ee1f1-33f6-483c-a18b-27782ce1915a: start FollowerState
2019-10-23 22:22:40,685 [grpc-default-executor-3] INFO  impl.RoleInfo (RoleInfo.java:updateAndGet(143)) - 1c51b35f-55cb-4636-a00c-83d34bf2d9d4: start FollowerState
2019-10-23 22:22:40,685 [Thread-3191] INFO  impl.FollowerState (FollowerState.java:run(117)) - 1c51b35f-55cb-4636-a00c-83d34bf2d9d4@group-F043E0AED0ED-FollowerState was interrupted: java.lang.InterruptedException: sleep interrupted
2019-10-23 22:22:40,685 [Thread-3190] INFO  impl.FollowerState (FollowerState.java:run(117)) - d21ee1f1-33f6-483c-a18b-27782ce1915a@group-F043E0AED0ED-FollowerState was interrupted: java.lang.InterruptedException: sleep interrupted
2019-10-23 22:22:40,689 [aed1b97f-105e-4684-b087-4b6333aa3ced@group-F043E0AED0ED-LeaderElection437] INFO  impl.LeaderElection (LeaderElection.java:logAndReturn(56)) - aed1b97f-105e-4684-b087-4b6333aa3ced@group-F043E0AED0ED-LeaderElection437: Election TIMEOUT; received 0 response(s) [] and 0 exception(s); aed1b97f-105e-4684-b087-4b6333aa3ced@group-F043E0AED0ED:t491, leader=null, voted=aed1b97f-105e-4684-b087-4b6333aa3ced, raftlog=aed1b97f-105e-4684-b087-4b6333aa3ced@group-F043E0AED0ED-SegmentedRaftLog:OPENED:c-1,f-1,i0, conf=-1: [aed1b97f-105e-4684-b087-4b6333aa3ced:192.168.157.195:34943, 1c51b35f-55cb-4636-a00c-83d34bf2d9d4:192.168.157.195:34693, d21ee1f1-33f6-483c-a18b-27782ce1915a:192.168.157.195:46462], old=null
2019-10-23 22:22:40,699 [aed1b97f-105e-4684-b087-4b6333aa3ced@group-F043E0AED0ED-LeaderElection437] INFO  impl.LeaderElection (LeaderElection.java:askForVotes(178)) - aed1b97f-105e-4684-b087-4b6333aa3ced@group-F043E0AED0ED-LeaderElection437: begin an election at term 492 for -1: [aed1b97f-105e-4684-b087-4b6333aa3ced:192.168.157.195:34943, 1c51b35f-55cb-4636-a00c-83d34bf2d9d4:192.168.157.195:34693, d21ee1f1-33f6-483c-a18b-27782ce1915a:192.168.157.195:46462], old=null
2019-10-23 22:22:40,701 [grpc-default-executor-5] INFO  impl.RaftServerImpl (RaftServerImpl.java:setRole(184)) - 1c51b35f-55cb-4636-a00c-83d34bf2d9d4@group-F043E0AED0ED: changes role from  FOLLOWER to FOLLOWER at term 492 for recognizeCandidate:aed1b97f-105e-4684-b087-4b6333aa3ced
2019-10-23 22:22:40,701 [grpc-default-executor-5] INFO  impl.RoleInfo (RoleInfo.java:shutdownFollowerState(121)) - 1c51b35f-55cb-4636-a00c-83d34bf2d9d4: shutdown FollowerState
2019-10-23 22:22:40,701 [grpc-default-executor-5] INFO  impl.RoleInfo (RoleInfo.java:updateAndGet(143)) - 1c51b35f-55cb-4636-a00c-83d34bf2d9d4: start FollowerState
2019-10-23 22:22:40,701 [grpc-default-executor-3] INFO  impl.RaftServerImpl (RaftServerImpl.java:setRole(184)) - d21ee1f1-33f6-483c-a18b-27782ce1915a@group-F043E0AED0ED: changes role from  FOLLOWER to FOLLOWER at term 492 for recognizeCandidate:aed1b97f-105e-4684-b087-4b6333aa3ced
2019-10-23 22:22:40,702 [grpc-default-executor-3] INFO  impl.RoleInfo (RoleInfo.java:shutdownFollowerState(121)) - d21ee1f1-33f6-483c-a18b-27782ce1915a: shutdown FollowerState
2019-10-23 22:22:40,701 [Thread-3199] INFO  impl.FollowerState (FollowerState.java:run(117)) - 1c51b35f-55cb-4636-a00c-83d34bf2d9d4@group-F043E0AED0ED-FollowerState was interrupted: java.lang.InterruptedException: sleep interrupted
2019-10-23 22:22:40,702 [Thread-3198] INFO  impl.FollowerState (FollowerState.java:run(117)) - d21ee1f1-33f6-483c-a18b-27782ce1915a@group-F043E0AED0ED-FollowerState was interrupted: java.lang.InterruptedException: sleep interrupted
2019-10-23 22:22:40,702 [grpc-default-executor-3] INFO  impl.RoleInfo (RoleInfo.java:updateAndGet(143)) - d21ee1f1-33f6-483c-a18b-27782ce1915a: start FollowerState
2019-10-23 22:22:40,727 [aed1b97f-105e-4684-b087-4b6333aa3ced@group-F043E0AED0ED-LeaderElection437] INFO  impl.LeaderElection (LeaderElection.java:logAndReturn(56)) - aed1b97f-105e-4684-b087-4b6333aa3ced@group-F043E0AED0ED-LeaderElection437: Election REJECTED; received 2 response(s) [aed1b97f-105e-4684-b087-4b6333aa3ced<-1c51b35f-55cb-4636-a00c-83d34bf2d9d4#0:FAIL-t492, aed1b97f-105e-4684-b087-4b6333aa3ced<-d21ee1f1-33f6-483c-a18b-27782ce1915a#0:FAIL-t492] and 0 exception(s); aed1b97f-105e-4684-b087-4b6333aa3ced@group-F043E0AED0ED:t492, leader=null, voted=aed1b97f-105e-4684-b087-4b6333aa3ced, raftlog=aed1b97f-105e-4684-b087-4b6333aa3ced@group-F043E0AED0ED-SegmentedRaftLog:OPENED:c-1,f-1,i0, conf=-1: [aed1b97f-105e-4684-b087-4b6333aa3ced:192.168.157.195:34943, 1c51b35f-55cb-4636-a00c-83d34bf2d9d4:192.168.157.195:34693, d21ee1f1-33f6-483c-a18b-27782ce1915a:192.168.157.195:46462], old=null
2019-10-23 22:22:40,727 [aed1b97f-105e-4684-b087-4b6333aa3ced@group-F043E0AED0ED-LeaderElection437] INFO  impl.RaftServerImpl (RaftServerImpl.java:setRole(184)) - aed1b97f-105e-4684-b087-4b6333aa3ced@group-F043E0AED0ED: changes role from CANDIDATE to FOLLOWER at term 492 for DISCOVERED_A_NEW_TERM
2019-10-23 22:22:40,727 [aed1b97f-105e-4684-b087-4b6333aa3ced@group-F043E0AED0ED-LeaderElection437] INFO  impl.RoleInfo (RoleInfo.java:shutdownLeaderElection(134)) - aed1b97f-105e-4684-b087-4b6333aa3ced: shutdown LeaderElection
2019-10-23 22:22:40,727 [aed1b97f-105e-4684-b087-4b6333aa3ced@group-F043E0AED0ED-LeaderElection437] INFO  impl.RoleInfo (RoleInfo.java:updateAndGet(143)) - aed1b97f-105e-4684-b087-4b6333aa3ced: start FollowerState
2019-10-23 22:22:40,861 [Thread-3204] INFO  impl.FollowerState (FollowerState.java:run(108)) - aed1b97f-105e-4684-b087-4b6333aa3ced@group-F043E0AED0ED-FollowerState: change to CANDIDATE, lastRpcTime:134ms, electionTimeout:134ms
2019-10-23 22:22:40,862 [Thread-3204] INFO  impl.RoleInfo (RoleInfo.java:shutdownFollowerState(121)) - aed1b97f-105e-4684-b087-4b6333aa3ced: shutdown FollowerState
2019-10-23 22:22:40,862 [Thread-3204] INFO  impl.RaftServerImpl (RaftServerImpl.java:setRole(184)) - aed1b97f-105e-4684-b087-4b6333aa3ced@group-F043E0AED0ED: changes role from  FOLLOWER to CANDIDATE at term 492 for changeToCandidate
2019-10-23 22:22:40,862 [Thread-3204] INFO  impl.RoleInfo (RoleInfo.java:updateAndGet(143)) - aed1b97f-105e-4684-b087-4b6333aa3ced: start LeaderElection
2019-10-23 22:22:40,875 [aed1b97f-105e-4684-b087-4b6333aa3ced@group-F043E0AED0ED-LeaderElection438] INFO  impl.LeaderElection (LeaderElection.java:askForVotes(178)) - aed1b97f-105e-4684-b087-4b6333aa3ced@group-F043E0AED0ED-LeaderElection438: begin an election at term 493 for -1: [aed1b97f-105e-4684-b087-4b6333aa3ced:192.168.157.195:34943, 1c51b35f-55cb-4636-a00c-83d34bf2d9d4:192.168.157.195:34693, d21ee1f1-33f6-483c-a18b-27782ce1915a:192.168.157.195:46462], old=null
2019-10-23 22:22:40,877 [grpc-default-executor-5] INFO  impl.RaftServerImpl (RaftServerImpl.java:setRole(184)) - 1c51b35f-55cb-4636-a00c-83d34bf2d9d4@group-F043E0AED0ED: changes role from  FOLLOWER to FOLLOWER at term 493 for recognizeCandidate:aed1b97f-105e-4684-b087-4b6333aa3ced
2019-10-23 22:22:40,877 [grpc-default-executor-5] INFO  impl.RoleInfo (RoleInfo.java:shutdownFollowerState(121)) - 1c51b35f-55cb-4636-a00c-83d34bf2d9d4: shutdown FollowerState
2019-10-23 22:22:40,877 [grpc-default-executor-3] INFO  impl.RaftServerImpl (RaftServerImpl.java:setRole(184)) - d21ee1f1-33f6-483c-a18b-27782ce1915a@group-F043E0AED0ED: changes role from  FOLLOWER to FOLLOWER at term 493 for recognizeCandidate:aed1b97f-105e-4684-b087-4b6333aa3ced
2019-10-23 22:22:40,877 [grpc-default-executor-3] INFO  impl.RoleInfo (RoleInfo.java:shutdownFollowerState(121)) - d21ee1f1-33f6-483c-a18b-27782ce1915a: shutdown FollowerState
2019-10-23 22:22:40,877 [Thread-3202] INFO  impl.FollowerState (FollowerState.java:run(117)) - 1c51b35f-55cb-4636-a00c-83d34bf2d9d4@group-F043E0AED0ED-FollowerState was interrupted: java.lang.InterruptedException: sleep interrupted
2019-10-23 22:22:40,878 [Thread-3203] INFO  impl.FollowerState (FollowerState.java:run(117)) - d21ee1f1-33f6-483c-a18b-27782ce1915a@group-F043E0AED0ED-FollowerState was interrupted: java.lang.InterruptedException: sleep interrupted
2019-10-23 22:22:40,877 [grpc-default-executor-5] INFO  impl.RoleInfo (RoleInfo.java:updateAndGet(143)) - 1c51b35f-55cb-4636-a00c-83d34bf2d9d4: start FollowerState
2019-10-23 22:22:40,878 [grpc-default-executor-3] INFO  impl.RoleInfo (RoleInfo.java:updateAndGet(143)) - d21ee1f1-33f6-483c-a18b-27782ce1915a: start FollowerState
2019-10-23 22:22:40,897 [aed1b97f-105e-4684-b087-4b6333aa3ced@group-F043E0AED0ED-LeaderElection438] INFO  impl.LeaderElection (LeaderElection.java:logAndReturn(56)) - aed1b97f-105e-4684-b087-4b6333aa3ced@group-F043E0AED0ED-LeaderElection438: Election REJECTED; received 2 response(s) [aed1b97f-105e-4684-b087-4b6333aa3ced<-1c51b35f-55cb-4636-a00c-83d34bf2d9d4#0:FAIL-t493, aed1b97f-105e-4684-b087-4b6333aa3ced<-d21ee1f1-33f6-483c-a18b-27782ce1915a#0:FAIL-t493] and 0 exception(s); aed1b97f-105e-4684-b087-4b6333aa3ced@group-F043E0AED0ED:t493, leader=null, voted=aed1b97f-105e-4684-b087-4b6333aa3ced, raftlog=aed1b97f-105e-4684-b087-4b6333aa3ced@group-F043E0AED0ED-SegmentedRaftLog:OPENED:c-1,f-1,i0, conf=-1: [aed1b97f-105e-4684-b087-4b6333aa3ced:192.168.157.195:34943, 1c51b35f-55cb-4636-a00c-83d34bf2d9d4:192.168.157.195:34693, d21ee1f1-33f6-483c-a18b-27782ce1915a:192.168.157.195:46462], old=null
2019-10-23 22:22:40,897 [aed1b97f-105e-4684-b087-4b6333aa3ced@group-F043E0AED0ED-LeaderElection438] INFO  impl.RaftServerImpl (RaftServerImpl.java:setRole(184)) - aed1b97f-105e-4684-b087-4b6333aa3ced@group-F043E0AED0ED: changes role from CANDIDATE to FOLLOWER at term 493 for DISCOVERED_A_NEW_TERM
2019-10-23 22:22:40,898 [aed1b97f-105e-4684-b087-4b6333aa3ced@group-F043E0AED0ED-LeaderElection438] INFO  impl.RoleInfo (RoleInfo.java:shutdownLeaderElection(134)) - aed1b97f-105e-4684-b087-4b6333aa3ced: shutdown LeaderElection
2019-10-23 22:22:40,898 [aed1b97f-105e-4684-b087-4b6333aa3ced@group-F043E0AED0ED-LeaderElection438] INFO  impl.RoleInfo (RoleInfo.java:updateAndGet(143)) - aed1b97f-105e-4684-b087-4b6333aa3ced: start FollowerState
2019-10-23 22:22:40,947 [Datanode State Machine Thread - 0] INFO  statemachine.DatanodeStateMachine (DatanodeStateMachine.java:lambda$startDaemon$0(350)) - Ozone container server started.
2019-10-23 22:22:40,951 [Datanode State Machine Thread - 0] INFO  statemachine.DatanodeStateMachine (DatanodeStateMachine.java:lambda$startDaemon$0(350)) - Ozone container server started.
2019-10-23 22:22:40,958 [Thread-3210] INFO  impl.FollowerState (FollowerState.java:run(108)) - aed1b97f-105e-4684-b087-4b6333aa3ced@group-F043E0AED0ED-FollowerState: change to CANDIDATE, lastRpcTime:60ms, electionTimeout:60ms
2019-10-23 22:22:40,958 [Thread-3210] INFO  impl.RoleInfo (RoleInfo.java:shutdownFollowerState(121)) - aed1b97f-105e-4684-b087-4b6333aa3ced: shutdown FollowerState
2019-10-23 22:22:40,958 [Thread-3210] INFO  impl.RaftServerImpl (RaftServerImpl.java:setRole(184)) - aed1b97f-105e-4684-b087-4b6333aa3ced@group-F043E0AED0ED: changes role from  FOLLOWER to CANDIDATE at term 493 for changeToCandidate
2019-10-23 22:22:40,958 [Thread-3210] INFO  impl.RoleInfo (RoleInfo.java:updateAndGet(143)) - aed1b97f-105e-4684-b087-4b6333aa3ced: start LeaderElection
2019-10-23 22:22:40,971 [aed1b97f-105e-4684-b087-4b6333aa3ced@group-F043E0AED0ED-LeaderElection439] INFO  impl.LeaderElection (LeaderElection.java:askForVotes(178)) - aed1b97f-105e-4684-b087-4b6333aa3ced@group-F043E0AED0ED-LeaderElection439: begin an election at term 494 for -1: [aed1b97f-105e-4684-b087-4b6333aa3ced:192.168.157.195:34943, 1c51b35f-55cb-4636-a00c-83d34bf2d9d4:192.168.157.195:34693, d21ee1f1-33f6-483c-a18b-27782ce1915a:192.168.157.195:46462], old=null
2019-10-23 22:22:40,973 [grpc-default-executor-5] INFO  impl.RaftServerImpl (RaftServerImpl.java:setRole(184)) - 1c51b35f-55cb-4636-a00c-83d34bf2d9d4@group-F043E0AED0ED: changes role from  FOLLOWER to FOLLOWER at term 494 for recognizeCandidate:aed1b97f-105e-4684-b087-4b6333aa3ced
2019-10-23 22:22:40,973 [grpc-default-executor-5] INFO  impl.RoleInfo (RoleInfo.java:shutdownFollowerState(121)) - 1c51b35f-55cb-4636-a00c-83d34bf2d9d4: shutdown FollowerState
2019-10-23 22:22:40,973 [grpc-default-executor-3] INFO  impl.RaftServerImpl (RaftServerImpl.java:setRole(184)) - d21ee1f1-33f6-483c-a18b-27782ce1915a@group-F043E0AED0ED: changes role from  FOLLOWER to FOLLOWER at term 494 for recognizeCandidate:aed1b97f-105e-4684-b087-4b6333aa3ced
2019-10-23 22:22:40,973 [Thread-3208] INFO  impl.FollowerState (FollowerState.java:run(117)) - 1c51b35f-55cb-4636-a00c-83d34bf2d9d4@group-F043E0AED0ED-FollowerState was interrupted: java.lang.InterruptedException: sleep interrupted
2019-10-23 22:22:40,973 [grpc-default-executor-3] INFO  impl.RoleInfo (RoleInfo.java:shutdownFollowerState(121)) - d21ee1f1-33f6-483c-a18b-27782ce1915a: shutdown FollowerState
2019-10-23 22:22:40,973 [grpc-default-executor-5] INFO  impl.RoleInfo (RoleInfo.java:updateAndGet(143)) - 1c51b35f-55cb-4636-a00c-83d34bf2d9d4: start FollowerState
2019-10-23 22:22:40,974 [Thread-3209] INFO  impl.FollowerState (FollowerState.java:run(117)) - d21ee1f1-33f6-483c-a18b-27782ce1915a@group-F043E0AED0ED-FollowerState was interrupted: java.lang.InterruptedException: sleep interrupted
2019-10-23 22:22:40,974 [grpc-default-executor-3] INFO  impl.RoleInfo (RoleInfo.java:updateAndGet(143)) - d21ee1f1-33f6-483c-a18b-27782ce1915a: start FollowerState
2019-10-23 22:22:41,000 [aed1b97f-105e-4684-b087-4b6333aa3ced@group-F043E0AED0ED-LeaderElection439] INFO  impl.LeaderElection (LeaderElection.java:logAndReturn(56)) - aed1b97f-105e-4684-b087-4b6333aa3ced@group-F043E0AED0ED-LeaderElection439: Election REJECTED; received 2 response(s) [aed1b97f-105e-4684-b087-4b6333aa3ced<-1c51b35f-55cb-4636-a00c-83d34bf2d9d4#0:FAIL-t494, aed1b97f-105e-4684-b087-4b6333aa3ced<-d21ee1f1-33f6-483c-a18b-27782ce1915a#0:FAIL-t494] and 0 exception(s); aed1b97f-105e-4684-b087-4b6333aa3ced@group-F043E0AED0ED:t494, leader=null, voted=aed1b97f-105e-4684-b087-4b6333aa3ced, raftlog=aed1b97f-105e-4684-b087-4b6333aa3ced@group-F043E0AED0ED-SegmentedRaftLog:OPENED:c-1,f-1,i0, conf=-1: [aed1b97f-105e-4684-b087-4b6333aa3ced:192.168.157.195:34943, 1c51b35f-55cb-4636-a00c-83d34bf2d9d4:192.168.157.195:34693, d21ee1f1-33f6-483c-a18b-27782ce1915a:192.168.157.195:46462], old=null
2019-10-23 22:22:41,001 [aed1b97f-105e-4684-b087-4b6333aa3ced@group-F043E0AED0ED-LeaderElection439] INFO  impl.RaftServerImpl (RaftServerImpl.java:setRole(184)) - aed1b97f-105e-4684-b087-4b6333aa3ced@group-F043E0AED0ED: changes role from CANDIDATE to FOLLOWER at term 494 for DISCOVERED_A_NEW_TERM
2019-10-23 22:22:41,001 [aed1b97f-105e-4684-b087-4b6333aa3ced@group-F043E0AED0ED-LeaderElection439] INFO  impl.RoleInfo (RoleInfo.java:shutdownLeaderElection(134)) - aed1b97f-105e-4684-b087-4b6333aa3ced: shutdown LeaderElection
2019-10-23 22:22:41,001 [aed1b97f-105e-4684-b087-4b6333aa3ced@group-F043E0AED0ED-LeaderElection439] INFO  impl.RoleInfo (RoleInfo.java:updateAndGet(143)) - aed1b97f-105e-4684-b087-4b6333aa3ced: start FollowerState
2019-10-23 22:22:41,130 [Thread-3216] INFO  impl.FollowerState (FollowerState.java:run(108)) - aed1b97f-105e-4684-b087-4b6333aa3ced@group-F043E0AED0ED-FollowerState: change to CANDIDATE, lastRpcTime:129ms, electionTimeout:129ms
2019-10-23 22:22:41,131 [Thread-3216] INFO  impl.RoleInfo (RoleInfo.java:shutdownFollowerState(121)) - aed1b97f-105e-4684-b087-4b6333aa3ced: shutdown FollowerState
2019-10-23 22:22:41,131 [Thread-3216] INFO  impl.RaftServerImpl (RaftServerImpl.java:setRole(184)) - aed1b97f-105e-4684-b087-4b6333aa3ced@group-F043E0AED0ED: changes role from  FOLLOWER to CANDIDATE at term 494 for changeToCandidate
2019-10-23 22:22:41,131 [Thread-3216] INFO  impl.RoleInfo (RoleInfo.java:updateAndGet(143)) - aed1b97f-105e-4684-b087-4b6333aa3ced: start LeaderElection
2019-10-23 22:22:41,165 [aed1b97f-105e-4684-b087-4b6333aa3ced@group-F043E0AED0ED-LeaderElection440] INFO  impl.LeaderElection (LeaderElection.java:askForVotes(178)) - aed1b97f-105e-4684-b087-4b6333aa3ced@group-F043E0AED0ED-LeaderElection440: begin an election at term 495 for -1: [aed1b97f-105e-4684-b087-4b6333aa3ced:192.168.157.195:34943, 1c51b35f-55cb-4636-a00c-83d34bf2d9d4:192.168.157.195:34693, d21ee1f1-33f6-483c-a18b-27782ce1915a:192.168.157.195:46462], old=null
2019-10-23 22:22:41,167 [grpc-default-executor-5] INFO  impl.RaftServerImpl (RaftServerImpl.java:setRole(184)) - 1c51b35f-55cb-4636-a00c-83d34bf2d9d4@group-F043E0AED0ED: changes role from  FOLLOWER to FOLLOWER at term 495 for recognizeCandidate:aed1b97f-105e-4684-b087-4b6333aa3ced
2019-10-23 22:22:41,167 [grpc-default-executor-3] INFO  impl.RaftServerImpl (RaftServerImpl.java:setRole(184)) - d21ee1f1-33f6-483c-a18b-27782ce1915a@group-F043E0AED0ED: changes role from  FOLLOWER to FOLLOWER at term 495 for recognizeCandidate:aed1b97f-105e-4684-b087-4b6333aa3ced
2019-10-23 22:22:41,168 [grpc-default-executor-3] INFO  impl.RoleInfo (RoleInfo.java:shutdownFollowerState(121)) - d21ee1f1-33f6-483c-a18b-27782ce1915a: shutdown FollowerState
2019-10-23 22:22:41,167 [grpc-default-executor-5] INFO  impl.RoleInfo (RoleInfo.java:shutdownFollowerState(121)) - 1c51b35f-55cb-4636-a00c-83d34bf2d9d4: shutdown FollowerState
2019-10-23 22:22:41,168 [Thread-3215] INFO  impl.FollowerState (FollowerState.java:run(117)) - d21ee1f1-33f6-483c-a18b-27782ce1915a@group-F043E0AED0ED-FollowerState was interrupted: java.lang.InterruptedException: sleep interrupted
2019-10-23 22:22:41,168 [grpc-default-executor-3] INFO  impl.RoleInfo (RoleInfo.java:updateAndGet(143)) - d21ee1f1-33f6-483c-a18b-27782ce1915a: start FollowerState
2019-10-23 22:22:41,168 [Thread-3214] INFO  impl.FollowerState (FollowerState.java:run(117)) - 1c51b35f-55cb-4636-a00c-83d34bf2d9d4@group-F043E0AED0ED-FollowerState was interrupted: java.lang.InterruptedException: sleep interrupted
2019-10-23 22:22:41,168 [grpc-default-executor-5] INFO  impl.RoleInfo (RoleInfo.java:updateAndGet(143)) - 1c51b35f-55cb-4636-a00c-83d34bf2d9d4: start FollowerState
2019-10-23 22:22:41,183 [aed1b97f-105e-4684-b087-4b6333aa3ced@group-F043E0AED0ED-LeaderElection440] INFO  impl.LeaderElection (LeaderElection.java:logAndReturn(56)) - aed1b97f-105e-4684-b087-4b6333aa3ced@group-F043E0AED0ED-LeaderElection440: Election REJECTED; received 2 response(s) [aed1b97f-105e-4684-b087-4b6333aa3ced<-1c51b35f-55cb-4636-a00c-83d34bf2d9d4#0:FAIL-t495, aed1b97f-105e-4684-b087-4b6333aa3ced<-d21ee1f1-33f6-483c-a18b-27782ce1915a#0:FAIL-t495] and 0 exception(s); aed1b97f-105e-4684-b087-4b6333aa3ced@group-F043E0AED0ED:t495, leader=null, voted=aed1b97f-105e-4684-b087-4b6333aa3ced, raftlog=aed1b97f-105e-4684-b087-4b6333aa3ced@group-F043E0AED0ED-SegmentedRaftLog:OPENED:c-1,f-1,i0, conf=-1: [aed1b97f-105e-4684-b087-4b6333aa3ced:192.168.157.195:34943, 1c51b35f-55cb-4636-a00c-83d34bf2d9d4:192.168.157.195:34693, d21ee1f1-33f6-483c-a18b-27782ce1915a:192.168.157.195:46462], old=null
2019-10-23 22:22:41,183 [aed1b97f-105e-4684-b087-4b6333aa3ced@group-F043E0AED0ED-LeaderElection440] INFO  impl.RaftServerImpl (RaftServerImpl.java:setRole(184)) - aed1b97f-105e-4684-b087-4b6333aa3ced@group-F043E0AED0ED: changes role from CANDIDATE to FOLLOWER at term 495 for DISCOVERED_A_NEW_TERM
2019-10-23 22:22:41,183 [aed1b97f-105e-4684-b087-4b6333aa3ced@group-F043E0AED0ED-LeaderElection440] INFO  impl.RoleInfo (RoleInfo.java:shutdownLeaderElection(134)) - aed1b97f-105e-4684-b087-4b6333aa3ced: shutdown LeaderElection
2019-10-23 22:22:41,183 [aed1b97f-105e-4684-b087-4b6333aa3ced@group-F043E0AED0ED-LeaderElection440] INFO  impl.RoleInfo (RoleInfo.java:updateAndGet(143)) - aed1b97f-105e-4684-b087-4b6333aa3ced: start FollowerState
2019-10-23 22:22:41,370 [Thread-3222] INFO  impl.FollowerState (FollowerState.java:run(108)) - aed1b97f-105e-4684-b087-4b6333aa3ced@group-F043E0AED0ED-FollowerState: change to CANDIDATE, lastRpcTime:186ms, electionTimeout:186ms
2019-10-23 22:22:41,370 [Thread-3222] INFO  impl.RoleInfo (RoleInfo.java:shutdownFollowerState(121)) - aed1b97f-105e-4684-b087-4b6333aa3ced: shutdown FollowerState
2019-10-23 22:22:41,370 [Thread-3222] INFO  impl.RaftServerImpl (RaftServerImpl.java:setRole(184)) - aed1b97f-105e-4684-b087-4b6333aa3ced@group-F043E0AED0ED: changes role from  FOLLOWER to CANDIDATE at term 495 for changeToCandidate
2019-10-23 22:22:41,370 [Thread-3222] INFO  impl.RoleInfo (RoleInfo.java:updateAndGet(143)) - aed1b97f-105e-4684-b087-4b6333aa3ced: start LeaderElection
2019-10-23 22:22:41,385 [aed1b97f-105e-4684-b087-4b6333aa3ced@group-F043E0AED0ED-LeaderElection441] INFO  impl.LeaderElection (LeaderElection.java:askForVotes(178)) - aed1b97f-105e-4684-b087-4b6333aa3ced@group-F043E0AED0ED-LeaderElection441: begin an election at term 496 for -1: [aed1b97f-105e-4684-b087-4b6333aa3ced:192.168.157.195:34943, 1c51b35f-55cb-4636-a00c-83d34bf2d9d4:192.168.157.195:34693, d21ee1f1-33f6-483c-a18b-27782ce1915a:192.168.157.195:46462], old=null
2019-10-23 22:22:41,387 [grpc-default-executor-3] INFO  impl.RaftServerImpl (RaftServerImpl.java:setRole(184)) - 1c51b35f-55cb-4636-a00c-83d34bf2d9d4@group-F043E0AED0ED: changes role from  FOLLOWER to FOLLOWER at term 496 for recognizeCandidate:aed1b97f-105e-4684-b087-4b6333aa3ced
2019-10-23 22:22:41,387 [grpc-default-executor-5] INFO  impl.RaftServerImpl (RaftServerImpl.java:setRole(184)) - d21ee1f1-33f6-483c-a18b-27782ce1915a@group-F043E0AED0ED: changes role from  FOLLOWER to FOLLOWER at term 496 for recognizeCandidate:aed1b97f-105e-4684-b087-4b6333aa3ced
2019-10-23 22:22:41,387 [grpc-default-executor-5] INFO  impl.RoleInfo (RoleInfo.java:shutdownFollowerState(121)) - d21ee1f1-33f6-483c-a18b-27782ce1915a: shutdown FollowerState
2019-10-23 22:22:41,387 [grpc-default-executor-3] INFO  impl.RoleInfo (RoleInfo.java:shutdownFollowerState(121)) - 1c51b35f-55cb-4636-a00c-83d34bf2d9d4: shutdown FollowerState
2019-10-23 22:22:41,387 [Thread-3220] INFO  impl.FollowerState (FollowerState.java:run(117)) - d21ee1f1-33f6-483c-a18b-27782ce1915a@group-F043E0AED0ED-FollowerState was interrupted: java.lang.InterruptedException: sleep interrupted
2019-10-23 22:22:41,387 [grpc-default-executor-5] INFO  impl.RoleInfo (RoleInfo.java:updateAndGet(143)) - d21ee1f1-33f6-483c-a18b-27782ce1915a: start FollowerState
2019-10-23 22:22:41,387 [Thread-3221] INFO  impl.FollowerState (FollowerState.java:run(117)) - 1c51b35f-55cb-4636-a00c-83d34bf2d9d4@group-F043E0AED0ED-FollowerState was interrupted: java.lang.InterruptedException: sleep interrupted
2019-10-23 22:22:41,387 [grpc-default-executor-3] INFO  impl.RoleInfo (RoleInfo.java:updateAndGet(143)) - 1c51b35f-55cb-4636-a00c-83d34bf2d9d4: start FollowerState
2019-10-23 22:22:41,406 [aed1b97f-105e-4684-b087-4b6333aa3ced@group-F043E0AED0ED-LeaderElection441] INFO  impl.LeaderElection (LeaderElection.java:logAndReturn(56)) - aed1b97f-105e-4684-b087-4b6333aa3ced@group-F043E0AED0ED-LeaderElection441: Election REJECTED; received 2 response(s) [aed1b97f-105e-4684-b087-4b6333aa3ced<-1c51b35f-55cb-4636-a00c-83d34bf2d9d4#0:FAIL-t496, aed1b97f-105e-4684-b087-4b6333aa3ced<-d21ee1f1-33f6-483c-a18b-27782ce1915a#0:FAIL-t496] and 0 exception(s); aed1b97f-105e-4684-b087-4b6333aa3ced@group-F043E0AED0ED:t496, leader=null, voted=aed1b97f-105e-4684-b087-4b6333aa3ced, raftlog=aed1b97f-105e-4684-b087-4b6333aa3ced@group-F043E0AED0ED-SegmentedRaftLog:OPENED:c-1,f-1,i0, conf=-1: [aed1b97f-105e-4684-b087-4b6333aa3ced:192.168.157.195:34943, 1c51b35f-55cb-4636-a00c-83d34bf2d9d4:192.168.157.195:34693, d21ee1f1-33f6-483c-a18b-27782ce1915a:192.168.157.195:46462], old=null
2019-10-23 22:22:41,407 [aed1b97f-105e-4684-b087-4b6333aa3ced@group-F043E0AED0ED-LeaderElection441] INFO  impl.RaftServerImpl (RaftServerImpl.java:setRole(184)) - aed1b97f-105e-4684-b087-4b6333aa3ced@group-F043E0AED0ED: changes role from CANDIDATE to FOLLOWER at term 496 for DISCOVERED_A_NEW_TERM
2019-10-23 22:22:41,407 [aed1b97f-105e-4684-b087-4b6333aa3ced@group-F043E0AED0ED-LeaderElection441] INFO  impl.RoleInfo (RoleInfo.java:shutdownLeaderElection(134)) - aed1b97f-105e-4684-b087-4b6333aa3ced: shutdown LeaderElection
2019-10-23 22:22:41,407 [aed1b97f-105e-4684-b087-4b6333aa3ced@group-F043E0AED0ED-LeaderElection441] INFO  impl.RoleInfo (RoleInfo.java:updateAndGet(143)) - aed1b97f-105e-4684-b087-4b6333aa3ced: start FollowerState
2019-10-23 22:22:41,540 [Thread-3228] INFO  impl.FollowerState (FollowerState.java:run(108)) - aed1b97f-105e-4684-b087-4b6333aa3ced@group-F043E0AED0ED-FollowerState: change to CANDIDATE, lastRpcTime:133ms, electionTimeout:133ms
2019-10-23 22:22:41,540 [Thread-3228] INFO  impl.RoleInfo (RoleInfo.java:shutdownFollowerState(121)) - aed1b97f-105e-4684-b087-4b6333aa3ced: shutdown FollowerState
2019-10-23 22:22:41,540 [Thread-3228] INFO  impl.RaftServerImpl (RaftServerImpl.java:setRole(184)) - aed1b97f-105e-4684-b087-4b6333aa3ced@group-F043E0AED0ED: changes role from  FOLLOWER to CANDIDATE at term 496 for changeToCandidate
2019-10-23 22:22:41,540 [Thread-3228] INFO  impl.RoleInfo (RoleInfo.java:updateAndGet(143)) - aed1b97f-105e-4684-b087-4b6333aa3ced: start LeaderElection
2019-10-23 22:22:41,554 [aed1b97f-105e-4684-b087-4b6333aa3ced@group-F043E0AED0ED-LeaderElection442] INFO  impl.LeaderElection (LeaderElection.java:askForVotes(178)) - aed1b97f-105e-4684-b087-4b6333aa3ced@group-F043E0AED0ED-LeaderElection442: begin an election at term 497 for -1: [aed1b97f-105e-4684-b087-4b6333aa3ced:192.168.157.195:34943, 1c51b35f-55cb-4636-a00c-83d34bf2d9d4:192.168.157.195:34693, d21ee1f1-33f6-483c-a18b-27782ce1915a:192.168.157.195:46462], old=null
2019-10-23 22:22:41,556 [grpc-default-executor-5] INFO  impl.RaftServerImpl (RaftServerImpl.java:setRole(184)) - 1c51b35f-55cb-4636-a00c-83d34bf2d9d4@group-F043E0AED0ED: changes role from  FOLLOWER to FOLLOWER at term 497 for recognizeCandidate:aed1b97f-105e-4684-b087-4b6333aa3ced
2019-10-23 22:22:41,557 [grpc-default-executor-5] INFO  impl.RoleInfo (RoleInfo.java:shutdownFollowerState(121)) - 1c51b35f-55cb-4636-a00c-83d34bf2d9d4: shutdown FollowerState
2019-10-23 22:22:41,557 [grpc-default-executor-5] INFO  impl.RoleInfo (RoleInfo.java:updateAndGet(143)) - 1c51b35f-55cb-4636-a00c-83d34bf2d9d4: start FollowerState
2019-10-23 22:22:41,557 [Thread-3227] INFO  impl.FollowerState (FollowerState.java:run(117)) - 1c51b35f-55cb-4636-a00c-83d34bf2d9d4@group-F043E0AED0ED-FollowerState was interrupted: java.lang.InterruptedException: sleep interrupted
2019-10-23 22:22:41,557 [grpc-default-executor-3] INFO  impl.RaftServerImpl (RaftServerImpl.java:setRole(184)) - d21ee1f1-33f6-483c-a18b-27782ce1915a@group-F043E0AED0ED: changes role from  FOLLOWER to FOLLOWER at term 497 for recognizeCandidate:aed1b97f-105e-4684-b087-4b6333aa3ced
2019-10-23 22:22:41,557 [grpc-default-executor-3] INFO  impl.RoleInfo (RoleInfo.java:shutdownFollowerState(121)) - d21ee1f1-33f6-483c-a18b-27782ce1915a: shutdown FollowerState
2019-10-23 22:22:41,558 [grpc-default-executor-3] INFO  impl.RoleInfo (RoleInfo.java:updateAndGet(143)) - d21ee1f1-33f6-483c-a18b-27782ce1915a: start FollowerState
2019-10-23 22:22:41,558 [Thread-3226] INFO  impl.FollowerState (FollowerState.java:run(117)) - d21ee1f1-33f6-483c-a18b-27782ce1915a@group-F043E0AED0ED-FollowerState was interrupted: java.lang.InterruptedException: sleep interrupted
2019-10-23 22:22:41,585 [aed1b97f-105e-4684-b087-4b6333aa3ced@group-F043E0AED0ED-LeaderElection442] INFO  impl.LeaderElection (LeaderElection.java:logAndReturn(56)) - aed1b97f-105e-4684-b087-4b6333aa3ced@group-F043E0AED0ED-LeaderElection442: Election REJECTED; received 2 response(s) [aed1b97f-105e-4684-b087-4b6333aa3ced<-1c51b35f-55cb-4636-a00c-83d34bf2d9d4#0:FAIL-t497, aed1b97f-105e-4684-b087-4b6333aa3ced<-d21ee1f1-33f6-483c-a18b-27782ce1915a#0:FAIL-t497] and 0 exception(s); aed1b97f-105e-4684-b087-4b6333aa3ced@group-F043E0AED0ED:t497, leader=null, voted=aed1b97f-105e-4684-b087-4b6333aa3ced, raftlog=aed1b97f-105e-4684-b087-4b6333aa3ced@group-F043E0AED0ED-SegmentedRaftLog:OPENED:c-1,f-1,i0, conf=-1: [aed1b97f-105e-4684-b087-4b6333aa3ced:192.168.157.195:34943, 1c51b35f-55cb-4636-a00c-83d34bf2d9d4:192.168.157.195:34693, d21ee1f1-33f6-483c-a18b-27782ce1915a:192.168.157.195:46462], old=null
2019-10-23 22:22:41,585 [aed1b97f-105e-4684-b087-4b6333aa3ced@group-F043E0AED0ED-LeaderElection442] INFO  impl.RaftServerImpl (RaftServerImpl.java:setRole(184)) - aed1b97f-105e-4684-b087-4b6333aa3ced@group-F043E0AED0ED: changes role from CANDIDATE to FOLLOWER at term 497 for DISCOVERED_A_NEW_TERM
2019-10-23 22:22:41,585 [aed1b97f-105e-4684-b087-4b6333aa3ced@group-F043E0AED0ED-LeaderElection442] INFO  impl.RoleInfo (RoleInfo.java:shutdownLeaderElection(134)) - aed1b97f-105e-4684-b087-4b6333aa3ced: shutdown LeaderElection
2019-10-23 22:22:41,585 [aed1b97f-105e-4684-b087-4b6333aa3ced@group-F043E0AED0ED-LeaderElection442] INFO  impl.RoleInfo (RoleInfo.java:updateAndGet(143)) - aed1b97f-105e-4684-b087-4b6333aa3ced: start FollowerState
2019-10-23 22:22:41,674 [Thread-3234] INFO  impl.FollowerState (FollowerState.java:run(108)) - aed1b97f-105e-4684-b087-4b6333aa3ced@group-F043E0AED0ED-FollowerState: change to CANDIDATE, lastRpcTime:88ms, electionTimeout:88ms
2019-10-23 22:22:41,674 [Thread-3234] INFO  impl.RoleInfo (RoleInfo.java:shutdownFollowerState(121)) - aed1b97f-105e-4684-b087-4b6333aa3ced: shutdown FollowerState
2019-10-23 22:22:41,674 [Thread-3234] INFO  impl.RaftServerImpl (RaftServerImpl.java:setRole(184)) - aed1b97f-105e-4684-b087-4b6333aa3ced@group-F043E0AED0ED: changes role from  FOLLOWER to CANDIDATE at term 497 for changeToCandidate
2019-10-23 22:22:41,674 [Thread-3234] INFO  impl.RoleInfo (RoleInfo.java:updateAndGet(143)) - aed1b97f-105e-4684-b087-4b6333aa3ced: start LeaderElection
2019-10-23 22:22:41,694 [aed1b97f-105e-4684-b087-4b6333aa3ced@group-F043E0AED0ED-LeaderElection443] INFO  impl.LeaderElection (LeaderElection.java:askForVotes(178)) - aed1b97f-105e-4684-b087-4b6333aa3ced@group-F043E0AED0ED-LeaderElection443: begin an election at term 498 for -1: [aed1b97f-105e-4684-b087-4b6333aa3ced:192.168.157.195:34943, 1c51b35f-55cb-4636-a00c-83d34bf2d9d4:192.168.157.195:34693, d21ee1f1-33f6-483c-a18b-27782ce1915a:192.168.157.195:46462], old=null
2019-10-23 22:22:41,696 [grpc-default-executor-3] INFO  impl.RaftServerImpl (RaftServerImpl.java:setRole(184)) - 1c51b35f-55cb-4636-a00c-83d34bf2d9d4@group-F043E0AED0ED: changes role from  FOLLOWER to FOLLOWER at term 498 for recognizeCandidate:aed1b97f-105e-4684-b087-4b6333aa3ced
2019-10-23 22:22:41,697 [grpc-default-executor-3] INFO  impl.RoleInfo (RoleInfo.java:shutdownFollowerState(121)) - 1c51b35f-55cb-4636-a00c-83d34bf2d9d4: shutdown FollowerState
2019-10-23 22:22:41,697 [grpc-default-executor-5] INFO  impl.RaftServerImpl (RaftServerImpl.java:setRole(184)) - d21ee1f1-33f6-483c-a18b-27782ce1915a@group-F043E0AED0ED: changes role from  FOLLOWER to FOLLOWER at term 498 for recognizeCandidate:aed1b97f-105e-4684-b087-4b6333aa3ced
2019-10-23 22:22:41,697 [grpc-default-executor-5] INFO  impl.RoleInfo (RoleInfo.java:shutdownFollowerState(121)) - d21ee1f1-33f6-483c-a18b-27782ce1915a: shutdown FollowerState
2019-10-23 22:22:41,697 [Thread-3232] INFO  impl.FollowerState (FollowerState.java:run(117)) - 1c51b35f-55cb-4636-a00c-83d34bf2d9d4@group-F043E0AED0ED-FollowerState was interrupted: java.lang.InterruptedException: sleep interrupted
2019-10-23 22:22:41,697 [grpc-default-executor-3] INFO  impl.RoleInfo (RoleInfo.java:updateAndGet(143)) - 1c51b35f-55cb-4636-a00c-83d34bf2d9d4: start FollowerState
2019-10-23 22:22:41,697 [Thread-3233] INFO  impl.FollowerState (FollowerState.java:run(117)) - d21ee1f1-33f6-483c-a18b-27782ce1915a@group-F043E0AED0ED-FollowerState was interrupted: java.lang.InterruptedException: sleep interrupted
2019-10-23 22:22:41,697 [grpc-default-executor-5] INFO  impl.RoleInfo (RoleInfo.java:updateAndGet(143)) - d21ee1f1-33f6-483c-a18b-27782ce1915a: start FollowerState
2019-10-23 22:22:41,711 [aed1b97f-105e-4684-b087-4b6333aa3ced@group-F043E0AED0ED-LeaderElection443] INFO  impl.LeaderElection (LeaderElection.java:logAndReturn(56)) - aed1b97f-105e-4684-b087-4b6333aa3ced@group-F043E0AED0ED-LeaderElection443: Election REJECTED; received 2 response(s) [aed1b97f-105e-4684-b087-4b6333aa3ced<-1c51b35f-55cb-4636-a00c-83d34bf2d9d4#0:FAIL-t498, aed1b97f-105e-4684-b087-4b6333aa3ced<-d21ee1f1-33f6-483c-a18b-27782ce1915a#0:FAIL-t498] and 0 exception(s); aed1b97f-105e-4684-b087-4b6333aa3ced@group-F043E0AED0ED:t498, leader=null, voted=aed1b97f-105e-4684-b087-4b6333aa3ced, raftlog=aed1b97f-105e-4684-b087-4b6333aa3ced@group-F043E0AED0ED-SegmentedRaftLog:OPENED:c-1,f-1,i0, conf=-1: [aed1b97f-105e-4684-b087-4b6333aa3ced:192.168.157.195:34943, 1c51b35f-55cb-4636-a00c-83d34bf2d9d4:192.168.157.195:34693, d21ee1f1-33f6-483c-a18b-27782ce1915a:192.168.157.195:46462], old=null
2019-10-23 22:22:41,712 [aed1b97f-105e-4684-b087-4b6333aa3ced@group-F043E0AED0ED-LeaderElection443] INFO  impl.RaftServerImpl (RaftServerImpl.java:setRole(184)) - aed1b97f-105e-4684-b087-4b6333aa3ced@group-F043E0AED0ED: changes role from CANDIDATE to FOLLOWER at term 498 for DISCOVERED_A_NEW_TERM
2019-10-23 22:22:41,712 [aed1b97f-105e-4684-b087-4b6333aa3ced@group-F043E0AED0ED-LeaderElection443] INFO  impl.RoleInfo (RoleInfo.java:shutdownLeaderElection(134)) - aed1b97f-105e-4684-b087-4b6333aa3ced: shutdown LeaderElection
2019-10-23 22:22:41,712 [aed1b97f-105e-4684-b087-4b6333aa3ced@group-F043E0AED0ED-LeaderElection443] INFO  impl.RoleInfo (RoleInfo.java:updateAndGet(143)) - aed1b97f-105e-4684-b087-4b6333aa3ced: start FollowerState
2019-10-23 22:22:41,729 [Thread-3242] INFO  impl.FollowerState (FollowerState.java:run(108)) - aed1b97f-105e-4684-b087-4b6333aa3ced@group-F043E0AED0ED-FollowerState: change to CANDIDATE, lastRpcTime:17ms, electionTimeout:17ms
2019-10-23 22:22:41,730 [Thread-3242] INFO  impl.RoleInfo (RoleInfo.java:shutdownFollowerState(121)) - aed1b97f-105e-4684-b087-4b6333aa3ced: shutdown FollowerState
2019-10-23 22:22:41,730 [Thread-3242] INFO  impl.RaftServerImpl (RaftServerImpl.java:setRole(184)) - aed1b97f-105e-4684-b087-4b6333aa3ced@group-F043E0AED0ED: changes role from  FOLLOWER to CANDIDATE at term 498 for changeToCandidate
2019-10-23 22:22:41,730 [Thread-3242] INFO  impl.RoleInfo (RoleInfo.java:updateAndGet(143)) - aed1b97f-105e-4684-b087-4b6333aa3ced: start LeaderElection
2019-10-23 22:22:41,743 [aed1b97f-105e-4684-b087-4b6333aa3ced@group-F043E0AED0ED-LeaderElection444] INFO  impl.LeaderElection (LeaderElection.java:askForVotes(178)) - aed1b97f-105e-4684-b087-4b6333aa3ced@group-F043E0AED0ED-LeaderElection444: begin an election at term 499 for -1: [aed1b97f-105e-4684-b087-4b6333aa3ced:192.168.157.195:34943, 1c51b35f-55cb-4636-a00c-83d34bf2d9d4:192.168.157.195:34693, d21ee1f1-33f6-483c-a18b-27782ce1915a:192.168.157.195:46462], old=null
2019-10-23 22:22:41,745 [grpc-default-executor-5] INFO  impl.RaftServerImpl (RaftServerImpl.java:setRole(184)) - 1c51b35f-55cb-4636-a00c-83d34bf2d9d4@group-F043E0AED0ED: changes role from  FOLLOWER to FOLLOWER at term 499 for recognizeCandidate:aed1b97f-105e-4684-b087-4b6333aa3ced
2019-10-23 22:22:41,745 [grpc-default-executor-5] INFO  impl.RoleInfo (RoleInfo.java:shutdownFollowerState(121)) - 1c51b35f-55cb-4636-a00c-83d34bf2d9d4: shutdown FollowerState
2019-10-23 22:22:41,745 [grpc-default-executor-5] INFO  impl.RoleInfo (RoleInfo.java:updateAndGet(143)) - 1c51b35f-55cb-4636-a00c-83d34bf2d9d4: start FollowerState
2019-10-23 22:22:41,745 [Thread-3240] INFO  impl.FollowerState (FollowerState.java:run(117)) - 1c51b35f-55cb-4636-a00c-83d34bf2d9d4@group-F043E0AED0ED-FollowerState was interrupted: java.lang.InterruptedException: sleep interrupted
2019-10-23 22:22:41,745 [grpc-default-executor-3] INFO  impl.RaftServerImpl (RaftServerImpl.java:setRole(184)) - d21ee1f1-33f6-483c-a18b-27782ce1915a@group-F043E0AED0ED: changes role from  FOLLOWER to FOLLOWER at term 499 for recognizeCandidate:aed1b97f-105e-4684-b087-4b6333aa3ced
2019-10-23 22:22:41,746 [grpc-default-executor-3] INFO  impl.RoleInfo (RoleInfo.java:shutdownFollowerState(121)) - d21ee1f1-33f6-483c-a18b-27782ce1915a: shutdown FollowerState
2019-10-23 22:22:41,746 [grpc-default-executor-3] INFO  impl.RoleInfo (RoleInfo.java:updateAndGet(143)) - d21ee1f1-33f6-483c-a18b-27782ce1915a: start FollowerState
2019-10-23 22:22:41,746 [Thread-3241] INFO  impl.FollowerState (FollowerState.java:run(117)) - d21ee1f1-33f6-483c-a18b-27782ce1915a@group-F043E0AED0ED-FollowerState was interrupted: java.lang.InterruptedException: sleep interrupted
2019-10-23 22:22:41,771 [aed1b97f-105e-4684-b087-4b6333aa3ced@group-F043E0AED0ED-LeaderElection444] INFO  impl.LeaderElection (LeaderElection.java:logAndReturn(56)) - aed1b97f-105e-4684-b087-4b6333aa3ced@group-F043E0AED0ED-LeaderElection444: Election REJECTED; received 2 response(s) [aed1b97f-105e-4684-b087-4b6333aa3ced<-1c51b35f-55cb-4636-a00c-83d34bf2d9d4#0:FAIL-t499, aed1b97f-105e-4684-b087-4b6333aa3ced<-d21ee1f1-33f6-483c-a18b-27782ce1915a#0:FAIL-t499] and 0 exception(s); aed1b97f-105e-4684-b087-4b6333aa3ced@group-F043E0AED0ED:t499, leader=null, voted=aed1b97f-105e-4684-b087-4b6333aa3ced, raftlog=aed1b97f-105e-4684-b087-4b6333aa3ced@group-F043E0AED0ED-SegmentedRaftLog:OPENED:c-1,f-1,i0, conf=-1: [aed1b97f-105e-4684-b087-4b6333aa3ced:192.168.157.195:34943, 1c51b35f-55cb-4636-a00c-83d34bf2d9d4:192.168.157.195:34693, d21ee1f1-33f6-483c-a18b-27782ce1915a:192.168.157.195:46462], old=null
2019-10-23 22:22:41,771 [aed1b97f-105e-4684-b087-4b6333aa3ced@group-F043E0AED0ED-LeaderElection444] INFO  impl.RaftServerImpl (RaftServerImpl.java:setRole(184)) - aed1b97f-105e-4684-b087-4b6333aa3ced@group-F043E0AED0ED: changes role from CANDIDATE to FOLLOWER at term 499 for DISCOVERED_A_NEW_TERM
2019-10-23 22:22:41,771 [aed1b97f-105e-4684-b087-4b6333aa3ced@group-F043E0AED0ED-LeaderElection444] INFO  impl.RoleInfo (RoleInfo.java:shutdownLeaderElection(134)) - aed1b97f-105e-4684-b087-4b6333aa3ced: shutdown LeaderElection
2019-10-23 22:22:41,771 [aed1b97f-105e-4684-b087-4b6333aa3ced@group-F043E0AED0ED-LeaderElection444] INFO  impl.RoleInfo (RoleInfo.java:updateAndGet(143)) - aed1b97f-105e-4684-b087-4b6333aa3ced: start FollowerState
2019-10-23 22:22:41,941 [Thread-3248] INFO  impl.FollowerState (FollowerState.java:run(108)) - aed1b97f-105e-4684-b087-4b6333aa3ced@group-F043E0AED0ED-FollowerState: change to CANDIDATE, lastRpcTime:169ms, electionTimeout:169ms
2019-10-23 22:22:41,941 [Thread-3248] INFO  impl.RoleInfo (RoleInfo.java:shutdownFollowerState(121)) - aed1b97f-105e-4684-b087-4b6333aa3ced: shutdown FollowerState
2019-10-23 22:22:41,941 [Thread-3248] INFO  impl.RaftServerImpl (RaftServerImpl.java:setRole(184)) - aed1b97f-105e-4684-b087-4b6333aa3ced@group-F043E0AED0ED: changes role from  FOLLOWER to CANDIDATE at term 499 for changeToCandidate
2019-10-23 22:22:41,941 [Thread-3248] INFO  impl.RoleInfo (RoleInfo.java:updateAndGet(143)) - aed1b97f-105e-4684-b087-4b6333aa3ced: start LeaderElection
2019-10-23 22:22:41,955 [aed1b97f-105e-4684-b087-4b6333aa3ced@group-F043E0AED0ED-LeaderElection445] INFO  impl.LeaderElection (LeaderElection.java:askForVotes(178)) - aed1b97f-105e-4684-b087-4b6333aa3ced@group-F043E0AED0ED-LeaderElection445: begin an election at term 500 for -1: [aed1b97f-105e-4684-b087-4b6333aa3ced:192.168.157.195:34943, 1c51b35f-55cb-4636-a00c-83d34bf2d9d4:192.168.157.195:34693, d21ee1f1-33f6-483c-a18b-27782ce1915a:192.168.157.195:46462], old=null
2019-10-23 22:22:41,957 [grpc-default-executor-5] INFO  impl.RaftServerImpl (RaftServerImpl.java:setRole(184)) - 1c51b35f-55cb-4636-a00c-83d34bf2d9d4@group-F043E0AED0ED: changes role from  FOLLOWER to FOLLOWER at term 500 for recognizeCandidate:aed1b97f-105e-4684-b087-4b6333aa3ced
2019-10-23 22:22:41,957 [grpc-default-executor-3] INFO  impl.RaftServerImpl (RaftServerImpl.java:setRole(184)) - d21ee1f1-33f6-483c-a18b-27782ce1915a@group-F043E0AED0ED: changes role from  FOLLOWER to FOLLOWER at term 500 for recognizeCandidate:aed1b97f-105e-4684-b087-4b6333aa3ced
2019-10-23 22:22:41,957 [grpc-default-executor-5] INFO  impl.RoleInfo (RoleInfo.java:shutdownFollowerState(121)) - 1c51b35f-55cb-4636-a00c-83d34bf2d9d4: shutdown FollowerState
2019-10-23 22:22:41,957 [grpc-default-executor-3] INFO  impl.RoleInfo (RoleInfo.java:shutdownFollowerState(121)) - d21ee1f1-33f6-483c-a18b-27782ce1915a: shutdown FollowerState
2019-10-23 22:22:41,958 [Thread-3246] INFO  impl.FollowerState (FollowerState.java:run(117)) - 1c51b35f-55cb-4636-a00c-83d34bf2d9d4@group-F043E0AED0ED-FollowerState was interrupted: java.lang.InterruptedException: sleep interrupted
2019-10-23 22:22:41,958 [Thread-3247] INFO  impl.FollowerState (FollowerState.java:run(117)) - d21ee1f1-33f6-483c-a18b-27782ce1915a@group-F043E0AED0ED-FollowerState was interrupted: java.lang.InterruptedException: sleep interrupted
2019-10-23 22:22:41,958 [grpc-default-executor-5] INFO  impl.RoleInfo (RoleInfo.java:updateAndGet(143)) - 1c51b35f-55cb-4636-a00c-83d34bf2d9d4: start FollowerState
2019-10-23 22:22:41,958 [grpc-default-executor-3] INFO  impl.RoleInfo (RoleInfo.java:updateAndGet(143)) - d21ee1f1-33f6-483c-a18b-27782ce1915a: start FollowerState
2019-10-23 22:22:41,967 [aed1b97f-105e-4684-b087-4b6333aa3ced@group-F043E0AED0ED-LeaderElection445] INFO  impl.LeaderElection (LeaderElection.java:logAndReturn(56)) - aed1b97f-105e-4684-b087-4b6333aa3ced@group-F043E0AED0ED-LeaderElection445: Election REJECTED; received 2 response(s) [aed1b97f-105e-4684-b087-4b6333aa3ced<-1c51b35f-55cb-4636-a00c-83d34bf2d9d4#0:FAIL-t500, aed1b97f-105e-4684-b087-4b6333aa3ced<-d21ee1f1-33f6-483c-a18b-27782ce1915a#0:FAIL-t500] and 0 exception(s); aed1b97f-105e-4684-b087-4b6333aa3ced@group-F043E0AED0ED:t500, leader=null, voted=aed1b97f-105e-4684-b087-4b6333aa3ced, raftlog=aed1b97f-105e-4684-b087-4b6333aa3ced@group-F043E0AED0ED-SegmentedRaftLog:OPENED:c-1,f-1,i0, conf=-1: [aed1b97f-105e-4684-b087-4b6333aa3ced:192.168.157.195:34943, 1c51b35f-55cb-4636-a00c-83d34bf2d9d4:192.168.157.195:34693, d21ee1f1-33f6-483c-a18b-27782ce1915a:192.168.157.195:46462], old=null
2019-10-23 22:22:41,968 [aed1b97f-105e-4684-b087-4b6333aa3ced@group-F043E0AED0ED-LeaderElection445] INFO  impl.RaftServerImpl (RaftServerImpl.java:setRole(184)) - aed1b97f-105e-4684-b087-4b6333aa3ced@group-F043E0AED0ED: changes role from CANDIDATE to FOLLOWER at term 500 for DISCOVERED_A_NEW_TERM
2019-10-23 22:22:41,968 [aed1b97f-105e-4684-b087-4b6333aa3ced@group-F043E0AED0ED-LeaderElection445] INFO  impl.RoleInfo (RoleInfo.java:shutdownLeaderElection(134)) - aed1b97f-105e-4684-b087-4b6333aa3ced: shutdown LeaderElection
2019-10-23 22:22:41,968 [aed1b97f-105e-4684-b087-4b6333aa3ced@group-F043E0AED0ED-LeaderElection445] INFO  impl.RoleInfo (RoleInfo.java:updateAndGet(143)) - aed1b97f-105e-4684-b087-4b6333aa3ced: start FollowerState
2019-10-23 22:22:42,048 [Thread-3254] INFO  impl.FollowerState (FollowerState.java:run(108)) - aed1b97f-105e-4684-b087-4b6333aa3ced@group-F043E0AED0ED-FollowerState: change to CANDIDATE, lastRpcTime:80ms, electionTimeout:80ms
2019-10-23 22:22:42,048 [Thread-3254] INFO  impl.RoleInfo (RoleInfo.java:shutdownFollowerState(121)) - aed1b97f-105e-4684-b087-4b6333aa3ced: shutdown FollowerState
2019-10-23 22:22:42,049 [Thread-3254] INFO  impl.RaftServerImpl (RaftServerImpl.java:setRole(184)) - aed1b97f-105e-4684-b087-4b6333aa3ced@group-F043E0AED0ED: changes role from  FOLLOWER to CANDIDATE at term 500 for changeToCandidate
2019-10-23 22:22:42,049 [Thread-3254] INFO  impl.RoleInfo (RoleInfo.java:updateAndGet(143)) - aed1b97f-105e-4684-b087-4b6333aa3ced: start LeaderElection
2019-10-23 22:22:42,062 [aed1b97f-105e-4684-b087-4b6333aa3ced@group-F043E0AED0ED-LeaderElection446] INFO  impl.LeaderElection (LeaderElection.java:askForVotes(178)) - aed1b97f-105e-4684-b087-4b6333aa3ced@group-F043E0AED0ED-LeaderElection446: begin an election at term 501 for -1: [aed1b97f-105e-4684-b087-4b6333aa3ced:192.168.157.195:34943, 1c51b35f-55cb-4636-a00c-83d34bf2d9d4:192.168.157.195:34693, d21ee1f1-33f6-483c-a18b-27782ce1915a:192.168.157.195:46462], old=null
2019-10-23 22:22:42,064 [grpc-default-executor-3] INFO  impl.RaftServerImpl (RaftServerImpl.java:setRole(184)) - 1c51b35f-55cb-4636-a00c-83d34bf2d9d4@group-F043E0AED0ED: changes role from  FOLLOWER to FOLLOWER at term 501 for recognizeCandidate:aed1b97f-105e-4684-b087-4b6333aa3ced
2019-10-23 22:22:42,064 [grpc-default-executor-3] INFO  impl.RoleInfo (RoleInfo.java:shutdownFollowerState(121)) - 1c51b35f-55cb-4636-a00c-83d34bf2d9d4: shutdown FollowerState
2019-10-23 22:22:42,065 [grpc-default-executor-3] INFO  impl.RoleInfo (RoleInfo.java:updateAndGet(143)) - 1c51b35f-55cb-4636-a00c-83d34bf2d9d4: start FollowerState
2019-10-23 22:22:42,065 [Thread-3252] INFO  impl.FollowerState (FollowerState.java:run(117)) - 1c51b35f-55cb-4636-a00c-83d34bf2d9d4@group-F043E0AED0ED-FollowerState was interrupted: java.lang.InterruptedException: sleep interrupted
2019-10-23 22:22:42,065 [grpc-default-executor-5] INFO  impl.RaftServerImpl (RaftServerImpl.java:setRole(184)) - d21ee1f1-33f6-483c-a18b-27782ce1915a@group-F043E0AED0ED: changes role from  FOLLOWER to FOLLOWER at term 501 for recognizeCandidate:aed1b97f-105e-4684-b087-4b6333aa3ced
2019-10-23 22:22:42,065 [grpc-default-executor-5] INFO  impl.RoleInfo (RoleInfo.java:shutdownFollowerState(121)) - d21ee1f1-33f6-483c-a18b-27782ce1915a: shutdown FollowerState
2019-10-23 22:22:42,065 [grpc-default-executor-5] INFO  impl.RoleInfo (RoleInfo.java:updateAndGet(143)) - d21ee1f1-33f6-483c-a18b-27782ce1915a: start FollowerState
2019-10-23 22:22:42,065 [Thread-3253] INFO  impl.FollowerState (FollowerState.java:run(117)) - d21ee1f1-33f6-483c-a18b-27782ce1915a@group-F043E0AED0ED-FollowerState was interrupted: java.lang.InterruptedException: sleep interrupted
2019-10-23 22:22:42,079 [aed1b97f-105e-4684-b087-4b6333aa3ced@group-F043E0AED0ED-LeaderElection446] INFO  impl.LeaderElection (LeaderElection.java:logAndReturn(56)) - aed1b97f-105e-4684-b087-4b6333aa3ced@group-F043E0AED0ED-LeaderElection446: Election REJECTED; received 2 response(s) [aed1b97f-105e-4684-b087-4b6333aa3ced<-1c51b35f-55cb-4636-a00c-83d34bf2d9d4#0:FAIL-t501, aed1b97f-105e-4684-b087-4b6333aa3ced<-d21ee1f1-33f6-483c-a18b-27782ce1915a#0:FAIL-t501] and 0 exception(s); aed1b97f-105e-4684-b087-4b6333aa3ced@group-F043E0AED0ED:t501, leader=null, voted=aed1b97f-105e-4684-b087-4b6333aa3ced, raftlog=aed1b97f-105e-4684-b087-4b6333aa3ced@group-F043E0AED0ED-SegmentedRaftLog:OPENED:c-1,f-1,i0, conf=-1: [aed1b97f-105e-4684-b087-4b6333aa3ced:192.168.157.195:34943, 1c51b35f-55cb-4636-a00c-83d34bf2d9d4:192.168.157.195:34693, d21ee1f1-33f6-483c-a18b-27782ce1915a:192.168.157.195:46462], old=null
2019-10-23 22:22:42,079 [aed1b97f-105e-4684-b087-4b6333aa3ced@group-F043E0AED0ED-LeaderElection446] INFO  impl.RaftServerImpl (RaftServerImpl.java:setRole(184)) - aed1b97f-105e-4684-b087-4b6333aa3ced@group-F043E0AED0ED: changes role from CANDIDATE to FOLLOWER at term 501 for DISCOVERED_A_NEW_TERM
2019-10-23 22:22:42,079 [aed1b97f-105e-4684-b087-4b6333aa3ced@group-F043E0AED0ED-LeaderElection446] INFO  impl.RoleInfo (RoleInfo.java:shutdownLeaderElection(134)) - aed1b97f-105e-4684-b087-4b6333aa3ced: shutdown LeaderElection
2019-10-23 22:22:42,079 [aed1b97f-105e-4684-b087-4b6333aa3ced@group-F043E0AED0ED-LeaderElection446] INFO  impl.RoleInfo (RoleInfo.java:updateAndGet(143)) - aed1b97f-105e-4684-b087-4b6333aa3ced: start FollowerState
2019-10-23 22:22:42,139 [Thread-3260] INFO  impl.FollowerState (FollowerState.java:run(108)) - aed1b97f-105e-4684-b087-4b6333aa3ced@group-F043E0AED0ED-FollowerState: change to CANDIDATE, lastRpcTime:59ms, electionTimeout:59ms
2019-10-23 22:22:42,139 [Thread-3260] INFO  impl.RoleInfo (RoleInfo.java:shutdownFollowerState(121)) - aed1b97f-105e-4684-b087-4b6333aa3ced: shutdown FollowerState
2019-10-23 22:22:42,139 [Thread-3260] INFO  impl.RaftServerImpl (RaftServerImpl.java:setRole(184)) - aed1b97f-105e-4684-b087-4b6333aa3ced@group-F043E0AED0ED: changes role from  FOLLOWER to CANDIDATE at term 501 for changeToCandidate
2019-10-23 22:22:42,139 [Thread-3260] INFO  impl.RoleInfo (RoleInfo.java:updateAndGet(143)) - aed1b97f-105e-4684-b087-4b6333aa3ced: start LeaderElection
2019-10-23 22:22:42,152 [aed1b97f-105e-4684-b087-4b6333aa3ced@group-F043E0AED0ED-LeaderElection447] INFO  impl.LeaderElection (LeaderElection.java:askForVotes(178)) - aed1b97f-105e-4684-b087-4b6333aa3ced@group-F043E0AED0ED-LeaderElection447: begin an election at term 502 for -1: [aed1b97f-105e-4684-b087-4b6333aa3ced:192.168.157.195:34943, 1c51b35f-55cb-4636-a00c-83d34bf2d9d4:192.168.157.195:34693, d21ee1f1-33f6-483c-a18b-27782ce1915a:192.168.157.195:46462], old=null
2019-10-23 22:22:42,154 [grpc-default-executor-3] INFO  impl.RaftServerImpl (RaftServerImpl.java:setRole(184)) - 1c51b35f-55cb-4636-a00c-83d34bf2d9d4@group-F043E0AED0ED: changes role from  FOLLOWER to FOLLOWER at term 502 for recognizeCandidate:aed1b97f-105e-4684-b087-4b6333aa3ced
2019-10-23 22:22:42,154 [grpc-default-executor-3] INFO  impl.RoleInfo (RoleInfo.java:shutdownFollowerState(121)) - 1c51b35f-55cb-4636-a00c-83d34bf2d9d4: shutdown FollowerState
2019-10-23 22:22:42,155 [grpc-default-executor-5] INFO  impl.RaftServerImpl (RaftServerImpl.java:setRole(184)) - d21ee1f1-33f6-483c-a18b-27782ce1915a@group-F043E0AED0ED: changes role from  FOLLOWER to FOLLOWER at term 502 for recognizeCandidate:aed1b97f-105e-4684-b087-4b6333aa3ced
2019-10-23 22:22:42,155 [grpc-default-executor-5] INFO  impl.RoleInfo (RoleInfo.java:shutdownFollowerState(121)) - d21ee1f1-33f6-483c-a18b-27782ce1915a: shutdown FollowerState
2019-10-23 22:22:42,155 [Thread-3258] INFO  impl.FollowerState (FollowerState.java:run(117)) - 1c51b35f-55cb-4636-a00c-83d34bf2d9d4@group-F043E0AED0ED-FollowerState was interrupted: java.lang.InterruptedException: sleep interrupted
2019-10-23 22:22:42,155 [grpc-default-executor-3] INFO  impl.RoleInfo (RoleInfo.java:updateAndGet(143)) - 1c51b35f-55cb-4636-a00c-83d34bf2d9d4: start FollowerState
2019-10-23 22:22:42,155 [Thread-3259] INFO  impl.FollowerState (FollowerState.java:run(117)) - d21ee1f1-33f6-483c-a18b-27782ce1915a@group-F043E0AED0ED-FollowerState was interrupted: java.lang.InterruptedException: sleep interrupted
2019-10-23 22:22:42,155 [grpc-default-executor-5] INFO  impl.RoleInfo (RoleInfo.java:updateAndGet(143)) - d21ee1f1-33f6-483c-a18b-27782ce1915a: start FollowerState
2019-10-23 22:22:42,180 [aed1b97f-105e-4684-b087-4b6333aa3ced@group-F043E0AED0ED-LeaderElection447] INFO  impl.LeaderElection (LeaderElection.java:logAndReturn(56)) - aed1b97f-105e-4684-b087-4b6333aa3ced@group-F043E0AED0ED-LeaderElection447: Election REJECTED; received 2 response(s) [aed1b97f-105e-4684-b087-4b6333aa3ced<-1c51b35f-55cb-4636-a00c-83d34bf2d9d4#0:FAIL-t502, aed1b97f-105e-4684-b087-4b6333aa3ced<-d21ee1f1-33f6-483c-a18b-27782ce1915a#0:FAIL-t502] and 0 exception(s); aed1b97f-105e-4684-b087-4b6333aa3ced@group-F043E0AED0ED:t502, leader=null, voted=aed1b97f-105e-4684-b087-4b6333aa3ced, raftlog=aed1b97f-105e-4684-b087-4b6333aa3ced@group-F043E0AED0ED-SegmentedRaftLog:OPENED:c-1,f-1,i0, conf=-1: [aed1b97f-105e-4684-b087-4b6333aa3ced:192.168.157.195:34943, 1c51b35f-55cb-4636-a00c-83d34bf2d9d4:192.168.157.195:34693, d21ee1f1-33f6-483c-a18b-27782ce1915a:192.168.157.195:46462], old=null
2019-10-23 22:22:42,180 [aed1b97f-105e-4684-b087-4b6333aa3ced@group-F043E0AED0ED-LeaderElection447] INFO  impl.RaftServerImpl (RaftServerImpl.java:setRole(184)) - aed1b97f-105e-4684-b087-4b6333aa3ced@group-F043E0AED0ED: changes role from CANDIDATE to FOLLOWER at term 502 for DISCOVERED_A_NEW_TERM
2019-10-23 22:22:42,180 [aed1b97f-105e-4684-b087-4b6333aa3ced@group-F043E0AED0ED-LeaderElection447] INFO  impl.RoleInfo (RoleInfo.java:shutdownLeaderElection(134)) - aed1b97f-105e-4684-b087-4b6333aa3ced: shutdown LeaderElection
2019-10-23 22:22:42,180 [aed1b97f-105e-4684-b087-4b6333aa3ced@group-F043E0AED0ED-LeaderElection447] INFO  impl.RoleInfo (RoleInfo.java:updateAndGet(143)) - aed1b97f-105e-4684-b087-4b6333aa3ced: start FollowerState
2019-10-23 22:22:42,310 [Thread-3266] INFO  impl.FollowerState (FollowerState.java:run(108)) - aed1b97f-105e-4684-b087-4b6333aa3ced@group-F043E0AED0ED-FollowerState: change to CANDIDATE, lastRpcTime:129ms, electionTimeout:129ms
2019-10-23 22:22:42,310 [Thread-3266] INFO  impl.RoleInfo (RoleInfo.java:shutdownFollowerState(121)) - aed1b97f-105e-4684-b087-4b6333aa3ced: shutdown FollowerState
2019-10-23 22:22:42,310 [Thread-3266] INFO  impl.RaftServerImpl (RaftServerImpl.java:setRole(184)) - aed1b97f-105e-4684-b087-4b6333aa3ced@group-F043E0AED0ED: changes role from  FOLLOWER to CANDIDATE at term 502 for changeToCandidate
2019-10-23 22:22:42,310 [Thread-3266] INFO  impl.RoleInfo (RoleInfo.java:updateAndGet(143)) - aed1b97f-105e-4684-b087-4b6333aa3ced: start LeaderElection
2019-10-23 22:22:42,336 [aed1b97f-105e-4684-b087-4b6333aa3ced@group-F043E0AED0ED-LeaderElection448] INFO  impl.LeaderElection (LeaderElection.java:askForVotes(178)) - aed1b97f-105e-4684-b087-4b6333aa3ced@group-F043E0AED0ED-LeaderElection448: begin an election at term 503 for -1: [aed1b97f-105e-4684-b087-4b6333aa3ced:192.168.157.195:34943, 1c51b35f-55cb-4636-a00c-83d34bf2d9d4:192.168.157.195:34693, d21ee1f1-33f6-483c-a18b-27782ce1915a:192.168.157.195:46462], old=null
2019-10-23 22:22:42,338 [grpc-default-executor-5] INFO  impl.RaftServerImpl (RaftServerImpl.java:setRole(184)) - 1c51b35f-55cb-4636-a00c-83d34bf2d9d4@group-F043E0AED0ED: changes role from  FOLLOWER to FOLLOWER at term 503 for recognizeCandidate:aed1b97f-105e-4684-b087-4b6333aa3ced
2019-10-23 22:22:42,338 [grpc-default-executor-5] INFO  impl.RoleInfo (RoleInfo.java:shutdownFollowerState(121)) - 1c51b35f-55cb-4636-a00c-83d34bf2d9d4: shutdown FollowerState
2019-10-23 22:22:42,338 [grpc-default-executor-3] INFO  impl.RaftServerImpl (RaftServerImpl.java:setRole(184)) - d21ee1f1-33f6-483c-a18b-27782ce1915a@group-F043E0AED0ED: changes role from  FOLLOWER to FOLLOWER at term 503 for recognizeCandidate:aed1b97f-105e-4684-b087-4b6333aa3ced
2019-10-23 22:22:42,338 [grpc-default-executor-3] INFO  impl.RoleInfo (RoleInfo.java:shutdownFollowerState(121)) - d21ee1f1-33f6-483c-a18b-27782ce1915a: shutdown FollowerState
2019-10-23 22:22:42,338 [Thread-3264] INFO  impl.FollowerState (FollowerState.java:run(117)) - 1c51b35f-55cb-4636-a00c-83d34bf2d9d4@group-F043E0AED0ED-FollowerState was interrupted: java.lang.InterruptedException: sleep interrupted
2019-10-23 22:22:42,338 [grpc-default-executor-5] INFO  impl.RoleInfo (RoleInfo.java:updateAndGet(143)) - 1c51b35f-55cb-4636-a00c-83d34bf2d9d4: start FollowerState
2019-10-23 22:22:42,338 [Thread-3265] INFO  impl.FollowerState (FollowerState.java:run(117)) - d21ee1f1-33f6-483c-a18b-27782ce1915a@group-F043E0AED0ED-FollowerState was interrupted: java.lang.InterruptedException: sleep interrupted
2019-10-23 22:22:42,338 [grpc-default-executor-3] INFO  impl.RoleInfo (RoleInfo.java:updateAndGet(143)) - d21ee1f1-33f6-483c-a18b-27782ce1915a: start FollowerState
2019-10-23 22:22:42,353 [aed1b97f-105e-4684-b087-4b6333aa3ced@group-F043E0AED0ED-LeaderElection448] INFO  impl.LeaderElection (LeaderElection.java:logAndReturn(56)) - aed1b97f-105e-4684-b087-4b6333aa3ced@group-F043E0AED0ED-LeaderElection448: Election REJECTED; received 2 response(s) [aed1b97f-105e-4684-b087-4b6333aa3ced<-1c51b35f-55cb-4636-a00c-83d34bf2d9d4#0:FAIL-t503, aed1b97f-105e-4684-b087-4b6333aa3ced<-d21ee1f1-33f6-483c-a18b-27782ce1915a#0:FAIL-t503] and 0 exception(s); aed1b97f-105e-4684-b087-4b6333aa3ced@group-F043E0AED0ED:t503, leader=null, voted=aed1b97f-105e-4684-b087-4b6333aa3ced, raftlog=aed1b97f-105e-4684-b087-4b6333aa3ced@group-F043E0AED0ED-SegmentedRaftLog:OPENED:c-1,f-1,i0, conf=-1: [aed1b97f-105e-4684-b087-4b6333aa3ced:192.168.157.195:34943, 1c51b35f-55cb-4636-a00c-83d34bf2d9d4:192.168.157.195:34693, d21ee1f1-33f6-483c-a18b-27782ce1915a:192.168.157.195:46462], old=null
2019-10-23 22:22:42,353 [aed1b97f-105e-4684-b087-4b6333aa3ced@group-F043E0AED0ED-LeaderElection448] INFO  impl.RaftServerImpl (RaftServerImpl.java:setRole(184)) - aed1b97f-105e-4684-b087-4b6333aa3ced@group-F043E0AED0ED: changes role from CANDIDATE to FOLLOWER at term 503 for DISCOVERED_A_NEW_TERM
2019-10-23 22:22:42,353 [aed1b97f-105e-4684-b087-4b6333aa3ced@group-F043E0AED0ED-LeaderElection448] INFO  impl.RoleInfo (RoleInfo.java:shutdownLeaderElection(134)) - aed1b97f-105e-4684-b087-4b6333aa3ced: shutdown LeaderElection
2019-10-23 22:22:42,353 [aed1b97f-105e-4684-b087-4b6333aa3ced@group-F043E0AED0ED-LeaderElection448] INFO  impl.RoleInfo (RoleInfo.java:updateAndGet(143)) - aed1b97f-105e-4684-b087-4b6333aa3ced: start FollowerState
2019-10-23 22:22:42,397 [Thread-3272] INFO  impl.FollowerState (FollowerState.java:run(108)) - aed1b97f-105e-4684-b087-4b6333aa3ced@group-F043E0AED0ED-FollowerState: change to CANDIDATE, lastRpcTime:43ms, electionTimeout:43ms
2019-10-23 22:22:42,397 [Thread-3272] INFO  impl.RoleInfo (RoleInfo.java:shutdownFollowerState(121)) - aed1b97f-105e-4684-b087-4b6333aa3ced: shutdown FollowerState
2019-10-23 22:22:42,397 [Thread-3272] INFO  impl.RaftServerImpl (RaftServerImpl.java:setRole(184)) - aed1b97f-105e-4684-b087-4b6333aa3ced@group-F043E0AED0ED: changes role from  FOLLOWER to CANDIDATE at term 503 for changeToCandidate
2019-10-23 22:22:42,397 [Thread-3272] INFO  impl.RoleInfo (RoleInfo.java:updateAndGet(143)) - aed1b97f-105e-4684-b087-4b6333aa3ced: start LeaderElection
2019-10-23 22:22:42,410 [aed1b97f-105e-4684-b087-4b6333aa3ced@group-F043E0AED0ED-LeaderElection449] INFO  impl.LeaderElection (LeaderElection.java:askForVotes(178)) - aed1b97f-105e-4684-b087-4b6333aa3ced@group-F043E0AED0ED-LeaderElection449: begin an election at term 504 for -1: [aed1b97f-105e-4684-b087-4b6333aa3ced:192.168.157.195:34943, 1c51b35f-55cb-4636-a00c-83d34bf2d9d4:192.168.157.195:34693, d21ee1f1-33f6-483c-a18b-27782ce1915a:192.168.157.195:46462], old=null
2019-10-23 22:22:42,412 [grpc-default-executor-5] INFO  impl.RaftServerImpl (RaftServerImpl.java:setRole(184)) - 1c51b35f-55cb-4636-a00c-83d34bf2d9d4@group-F043E0AED0ED: changes role from  FOLLOWER to FOLLOWER at term 504 for recognizeCandidate:aed1b97f-105e-4684-b087-4b6333aa3ced
2019-10-23 22:22:42,412 [grpc-default-executor-5] INFO  impl.RoleInfo (RoleInfo.java:shutdownFollowerState(121)) - 1c51b35f-55cb-4636-a00c-83d34bf2d9d4: shutdown FollowerState
2019-10-23 22:22:42,412 [grpc-default-executor-3] INFO  impl.RaftServerImpl (RaftServerImpl.java:setRole(184)) - d21ee1f1-33f6-483c-a18b-27782ce1915a@group-F043E0AED0ED: changes role from  FOLLOWER to FOLLOWER at term 504 for recognizeCandidate:aed1b97f-105e-4684-b087-4b6333aa3ced
2019-10-23 22:22:42,413 [Thread-3270] INFO  impl.FollowerState (FollowerState.java:run(117)) - 1c51b35f-55cb-4636-a00c-83d34bf2d9d4@group-F043E0AED0ED-FollowerState was interrupted: java.lang.InterruptedException: sleep interrupted
2019-10-23 22:22:42,413 [grpc-default-executor-5] INFO  impl.RoleInfo (RoleInfo.java:updateAndGet(143)) - 1c51b35f-55cb-4636-a00c-83d34bf2d9d4: start FollowerState
2019-10-23 22:22:42,413 [grpc-default-executor-3] INFO  impl.RoleInfo (RoleInfo.java:shutdownFollowerState(121)) - d21ee1f1-33f6-483c-a18b-27782ce1915a: shutdown FollowerState
2019-10-23 22:22:42,413 [grpc-default-executor-3] INFO  impl.RoleInfo (RoleInfo.java:updateAndGet(143)) - d21ee1f1-33f6-483c-a18b-27782ce1915a: start FollowerState
2019-10-23 22:22:42,413 [Thread-3271] INFO  impl.FollowerState (FollowerState.java:run(117)) - d21ee1f1-33f6-483c-a18b-27782ce1915a@group-F043E0AED0ED-FollowerState was interrupted: java.lang.InterruptedException: sleep interrupted
2019-10-23 22:22:42,429 [aed1b97f-105e-4684-b087-4b6333aa3ced@group-F043E0AED0ED-LeaderElection449] INFO  impl.LeaderElection (LeaderElection.java:logAndReturn(56)) - aed1b97f-105e-4684-b087-4b6333aa3ced@group-F043E0AED0ED-LeaderElection449: Election REJECTED; received 2 response(s) [aed1b97f-105e-4684-b087-4b6333aa3ced<-1c51b35f-55cb-4636-a00c-83d34bf2d9d4#0:FAIL-t504, aed1b97f-105e-4684-b087-4b6333aa3ced<-d21ee1f1-33f6-483c-a18b-27782ce1915a#0:FAIL-t504] and 0 exception(s); aed1b97f-105e-4684-b087-4b6333aa3ced@group-F043E0AED0ED:t504, leader=null, voted=aed1b97f-105e-4684-b087-4b6333aa3ced, raftlog=aed1b97f-105e-4684-b087-4b6333aa3ced@group-F043E0AED0ED-SegmentedRaftLog:OPENED:c-1,f-1,i0, conf=-1: [aed1b97f-105e-4684-b087-4b6333aa3ced:192.168.157.195:34943, 1c51b35f-55cb-4636-a00c-83d34bf2d9d4:192.168.157.195:34693, d21ee1f1-33f6-483c-a18b-27782ce1915a:192.168.157.195:46462], old=null
2019-10-23 22:22:42,429 [aed1b97f-105e-4684-b087-4b6333aa3ced@group-F043E0AED0ED-LeaderElection449] INFO  impl.RaftServerImpl (RaftServerImpl.java:setRole(184)) - aed1b97f-105e-4684-b087-4b6333aa3ced@group-F043E0AED0ED: changes role from CANDIDATE to FOLLOWER at term 504 for DISCOVERED_A_NEW_TERM
2019-10-23 22:22:42,429 [aed1b97f-105e-4684-b087-4b6333aa3ced@group-F043E0AED0ED-LeaderElection449] INFO  impl.RoleInfo (RoleInfo.java:shutdownLeaderElection(134)) - aed1b97f-105e-4684-b087-4b6333aa3ced: shutdown LeaderElection
2019-10-23 22:22:42,429 [aed1b97f-105e-4684-b087-4b6333aa3ced@group-F043E0AED0ED-LeaderElection449] INFO  impl.RoleInfo (RoleInfo.java:updateAndGet(143)) - aed1b97f-105e-4684-b087-4b6333aa3ced: start FollowerState
2019-10-23 22:22:42,532 [Thread-3278] INFO  impl.FollowerState (FollowerState.java:run(108)) - aed1b97f-105e-4684-b087-4b6333aa3ced@group-F043E0AED0ED-FollowerState: change to CANDIDATE, lastRpcTime:102ms, electionTimeout:102ms
2019-10-23 22:22:42,532 [Thread-3278] INFO  impl.RoleInfo (RoleInfo.java:shutdownFollowerState(121)) - aed1b97f-105e-4684-b087-4b6333aa3ced: shutdown FollowerState
2019-10-23 22:22:42,532 [Thread-3278] INFO  impl.RaftServerImpl (RaftServerImpl.java:setRole(184)) - aed1b97f-105e-4684-b087-4b6333aa3ced@group-F043E0AED0ED: changes role from  FOLLOWER to CANDIDATE at term 504 for changeToCandidate
2019-10-23 22:22:42,532 [Thread-3278] INFO  impl.RoleInfo (RoleInfo.java:updateAndGet(143)) - aed1b97f-105e-4684-b087-4b6333aa3ced: start LeaderElection
2019-10-23 22:22:42,557 [aed1b97f-105e-4684-b087-4b6333aa3ced@group-F043E0AED0ED-LeaderElection450] INFO  impl.LeaderElection (LeaderElection.java:askForVotes(178)) - aed1b97f-105e-4684-b087-4b6333aa3ced@group-F043E0AED0ED-LeaderElection450: begin an election at term 505 for -1: [aed1b97f-105e-4684-b087-4b6333aa3ced:192.168.157.195:34943, 1c51b35f-55cb-4636-a00c-83d34bf2d9d4:192.168.157.195:34693, d21ee1f1-33f6-483c-a18b-27782ce1915a:192.168.157.195:46462], old=null
2019-10-23 22:22:42,559 [grpc-default-executor-5] INFO  impl.RaftServerImpl (RaftServerImpl.java:setRole(184)) - 1c51b35f-55cb-4636-a00c-83d34bf2d9d4@group-F043E0AED0ED: changes role from  FOLLOWER to FOLLOWER at term 505 for recognizeCandidate:aed1b97f-105e-4684-b087-4b6333aa3ced
2019-10-23 22:22:42,559 [grpc-default-executor-5] INFO  impl.RoleInfo (RoleInfo.java:shutdownFollowerState(121)) - 1c51b35f-55cb-4636-a00c-83d34bf2d9d4: shutdown FollowerState
2019-10-23 22:22:42,559 [grpc-default-executor-3] INFO  impl.RaftServerImpl (RaftServerImpl.java:setRole(184)) - d21ee1f1-33f6-483c-a18b-27782ce1915a@group-F043E0AED0ED: changes role from  FOLLOWER to FOLLOWER at term 505 for recognizeCandidate:aed1b97f-105e-4684-b087-4b6333aa3ced
2019-10-23 22:22:42,559 [grpc-default-executor-3] INFO  impl.RoleInfo (RoleInfo.java:shutdownFollowerState(121)) - d21ee1f1-33f6-483c-a18b-27782ce1915a: shutdown FollowerState
2019-10-23 22:22:42,559 [Thread-3276] INFO  impl.FollowerState (FollowerState.java:run(117)) - 1c51b35f-55cb-4636-a00c-83d34bf2d9d4@group-F043E0AED0ED-FollowerState was interrupted: java.lang.InterruptedException: sleep interrupted
2019-10-23 22:22:42,559 [grpc-default-executor-5] INFO  impl.RoleInfo (RoleInfo.java:updateAndGet(143)) - 1c51b35f-55cb-4636-a00c-83d34bf2d9d4: start FollowerState
2019-10-23 22:22:42,559 [Thread-3277] INFO  impl.FollowerState (FollowerState.java:run(117)) - d21ee1f1-33f6-483c-a18b-27782ce1915a@group-F043E0AED0ED-FollowerState was interrupted: java.lang.InterruptedException: sleep interrupted
2019-10-23 22:22:42,559 [grpc-default-executor-3] INFO  impl.RoleInfo (RoleInfo.java:updateAndGet(143)) - d21ee1f1-33f6-483c-a18b-27782ce1915a: start FollowerState
2019-10-23 22:22:42,574 [aed1b97f-105e-4684-b087-4b6333aa3ced@group-F043E0AED0ED-LeaderElection450] INFO  impl.LeaderElection (LeaderElection.java:logAndReturn(56)) - aed1b97f-105e-4684-b087-4b6333aa3ced@group-F043E0AED0ED-LeaderElection450: Election REJECTED; received 2 response(s) [aed1b97f-105e-4684-b087-4b6333aa3ced<-1c51b35f-55cb-4636-a00c-83d34bf2d9d4#0:FAIL-t505, aed1b97f-105e-4684-b087-4b6333aa3ced<-d21ee1f1-33f6-483c-a18b-27782ce1915a#0:FAIL-t505] and 0 exception(s); aed1b97f-105e-4684-b087-4b6333aa3ced@group-F043E0AED0ED:t505, leader=null, voted=aed1b97f-105e-4684-b087-4b6333aa3ced, raftlog=aed1b97f-105e-4684-b087-4b6333aa3ced@group-F043E0AED0ED-SegmentedRaftLog:OPENED:c-1,f-1,i0, conf=-1: [aed1b97f-105e-4684-b087-4b6333aa3ced:192.168.157.195:34943, 1c51b35f-55cb-4636-a00c-83d34bf2d9d4:192.168.157.195:34693, d21ee1f1-33f6-483c-a18b-27782ce1915a:192.168.157.195:46462], old=null
2019-10-23 22:22:42,574 [aed1b97f-105e-4684-b087-4b6333aa3ced@group-F043E0AED0ED-LeaderElection450] INFO  impl.RaftServerImpl (RaftServerImpl.java:setRole(184)) - aed1b97f-105e-4684-b087-4b6333aa3ced@group-F043E0AED0ED: changes role from CANDIDATE to FOLLOWER at term 505 for DISCOVERED_A_NEW_TERM
2019-10-23 22:22:42,574 [aed1b97f-105e-4684-b087-4b6333aa3ced@group-F043E0AED0ED-LeaderElection450] INFO  impl.RoleInfo (RoleInfo.java:shutdownLeaderElection(134)) - aed1b97f-105e-4684-b087-4b6333aa3ced: shutdown LeaderElection
2019-10-23 22:22:42,575 [aed1b97f-105e-4684-b087-4b6333aa3ced@group-F043E0AED0ED-LeaderElection450] INFO  impl.RoleInfo (RoleInfo.java:updateAndGet(143)) - aed1b97f-105e-4684-b087-4b6333aa3ced: start FollowerState
2019-10-23 22:22:42,621 [Thread-3284] INFO  impl.FollowerState (FollowerState.java:run(108)) - aed1b97f-105e-4684-b087-4b6333aa3ced@group-F043E0AED0ED-FollowerState: change to CANDIDATE, lastRpcTime:46ms, electionTimeout:46ms
2019-10-23 22:22:42,621 [Thread-3284] INFO  impl.RoleInfo (RoleInfo.java:shutdownFollowerState(121)) - aed1b97f-105e-4684-b087-4b6333aa3ced: shutdown FollowerState
2019-10-23 22:22:42,621 [Thread-3284] INFO  impl.RaftServerImpl (RaftServerImpl.java:setRole(184)) - aed1b97f-105e-4684-b087-4b6333aa3ced@group-F043E0AED0ED: changes role from  FOLLOWER to CANDIDATE at term 505 for changeToCandidate
2019-10-23 22:22:42,621 [Thread-3284] INFO  impl.RoleInfo (RoleInfo.java:updateAndGet(143)) - aed1b97f-105e-4684-b087-4b6333aa3ced: start LeaderElection
2019-10-23 22:22:42,647 [aed1b97f-105e-4684-b087-4b6333aa3ced@group-F043E0AED0ED-LeaderElection451] INFO  impl.LeaderElection (LeaderElection.java:askForVotes(178)) - aed1b97f-105e-4684-b087-4b6333aa3ced@group-F043E0AED0ED-LeaderElection451: begin an election at term 506 for -1: [aed1b97f-105e-4684-b087-4b6333aa3ced:192.168.157.195:34943, 1c51b35f-55cb-4636-a00c-83d34bf2d9d4:192.168.157.195:34693, d21ee1f1-33f6-483c-a18b-27782ce1915a:192.168.157.195:46462], old=null
2019-10-23 22:22:42,648 [grpc-default-executor-5] INFO  impl.RaftServerImpl (RaftServerImpl.java:setRole(184)) - 1c51b35f-55cb-4636-a00c-83d34bf2d9d4@group-F043E0AED0ED: changes role from  FOLLOWER to FOLLOWER at term 506 for recognizeCandidate:aed1b97f-105e-4684-b087-4b6333aa3ced
2019-10-23 22:22:42,648 [grpc-default-executor-5] INFO  impl.RoleInfo (RoleInfo.java:shutdownFollowerState(121)) - 1c51b35f-55cb-4636-a00c-83d34bf2d9d4: shutdown FollowerState
2019-10-23 22:22:42,648 [grpc-default-executor-3] INFO  impl.RaftServerImpl (RaftServerImpl.java:setRole(184)) - d21ee1f1-33f6-483c-a18b-27782ce1915a@group-F043E0AED0ED: changes role from  FOLLOWER to FOLLOWER at term 506 for recognizeCandidate:aed1b97f-105e-4684-b087-4b6333aa3ced
2019-10-23 22:22:42,649 [grpc-default-executor-3] INFO  impl.RoleInfo (RoleInfo.java:shutdownFollowerState(121)) - d21ee1f1-33f6-483c-a18b-27782ce1915a: shutdown FollowerState
2019-10-23 22:22:42,649 [Thread-3282] INFO  impl.FollowerState (FollowerState.java:run(117)) - 1c51b35f-55cb-4636-a00c-83d34bf2d9d4@group-F043E0AED0ED-FollowerState was interrupted: java.lang.InterruptedException: sleep interrupted
2019-10-23 22:22:42,649 [grpc-default-executor-5] INFO  impl.RoleInfo (RoleInfo.java:updateAndGet(143)) - 1c51b35f-55cb-4636-a00c-83d34bf2d9d4: start FollowerState
2019-10-23 22:22:42,649 [Thread-3283] INFO  impl.FollowerState (FollowerState.java:run(117)) - d21ee1f1-33f6-483c-a18b-27782ce1915a@group-F043E0AED0ED-FollowerState was interrupted: java.lang.InterruptedException: sleep interrupted
2019-10-23 22:22:42,649 [grpc-default-executor-3] INFO  impl.RoleInfo (RoleInfo.java:updateAndGet(143)) - d21ee1f1-33f6-483c-a18b-27782ce1915a: start FollowerState
2019-10-23 22:22:42,675 [aed1b97f-105e-4684-b087-4b6333aa3ced@group-F043E0AED0ED-LeaderElection451] INFO  impl.LeaderElection (LeaderElection.java:logAndReturn(56)) - aed1b97f-105e-4684-b087-4b6333aa3ced@group-F043E0AED0ED-LeaderElection451: Election REJECTED; received 2 response(s) [aed1b97f-105e-4684-b087-4b6333aa3ced<-1c51b35f-55cb-4636-a00c-83d34bf2d9d4#0:FAIL-t506, aed1b97f-105e-4684-b087-4b6333aa3ced<-d21ee1f1-33f6-483c-a18b-27782ce1915a#0:FAIL-t506] and 0 exception(s); aed1b97f-105e-4684-b087-4b6333aa3ced@group-F043E0AED0ED:t506, leader=null, voted=aed1b97f-105e-4684-b087-4b6333aa3ced, raftlog=aed1b97f-105e-4684-b087-4b6333aa3ced@group-F043E0AED0ED-SegmentedRaftLog:OPENED:c-1,f-1,i0, conf=-1: [aed1b97f-105e-4684-b087-4b6333aa3ced:192.168.157.195:34943, 1c51b35f-55cb-4636-a00c-83d34bf2d9d4:192.168.157.195:34693, d21ee1f1-33f6-483c-a18b-27782ce1915a:192.168.157.195:46462], old=null
2019-10-23 22:22:42,676 [aed1b97f-105e-4684-b087-4b6333aa3ced@group-F043E0AED0ED-LeaderElection451] INFO  impl.RaftServerImpl (RaftServerImpl.java:setRole(184)) - aed1b97f-105e-4684-b087-4b6333aa3ced@group-F043E0AED0ED: changes role from CANDIDATE to FOLLOWER at term 506 for DISCOVERED_A_NEW_TERM
2019-10-23 22:22:42,676 [aed1b97f-105e-4684-b087-4b6333aa3ced@group-F043E0AED0ED-LeaderElection451] INFO  impl.RoleInfo (RoleInfo.java:shutdownLeaderElection(134)) - aed1b97f-105e-4684-b087-4b6333aa3ced: shutdown LeaderElection
2019-10-23 22:22:42,676 [aed1b97f-105e-4684-b087-4b6333aa3ced@group-F043E0AED0ED-LeaderElection451] INFO  impl.RoleInfo (RoleInfo.java:updateAndGet(143)) - aed1b97f-105e-4684-b087-4b6333aa3ced: start FollowerState
2019-10-23 22:22:42,684 [Thread-3292] INFO  impl.FollowerState (FollowerState.java:run(108)) - aed1b97f-105e-4684-b087-4b6333aa3ced@group-F043E0AED0ED-FollowerState: change to CANDIDATE, lastRpcTime:8ms, electionTimeout:8ms
2019-10-23 22:22:42,684 [Thread-3292] INFO  impl.RoleInfo (RoleInfo.java:shutdownFollowerState(121)) - aed1b97f-105e-4684-b087-4b6333aa3ced: shutdown FollowerState
2019-10-23 22:22:42,684 [Thread-3292] INFO  impl.RaftServerImpl (RaftServerImpl.java:setRole(184)) - aed1b97f-105e-4684-b087-4b6333aa3ced@group-F043E0AED0ED: changes role from  FOLLOWER to CANDIDATE at term 506 for changeToCandidate
2019-10-23 22:22:42,685 [Thread-3292] INFO  impl.RoleInfo (RoleInfo.java:updateAndGet(143)) - aed1b97f-105e-4684-b087-4b6333aa3ced: start LeaderElection
2019-10-23 22:22:42,698 [aed1b97f-105e-4684-b087-4b6333aa3ced@group-F043E0AED0ED-LeaderElection452] INFO  impl.LeaderElection (LeaderElection.java:askForVotes(178)) - aed1b97f-105e-4684-b087-4b6333aa3ced@group-F043E0AED0ED-LeaderElection452: begin an election at term 507 for -1: [aed1b97f-105e-4684-b087-4b6333aa3ced:192.168.157.195:34943, 1c51b35f-55cb-4636-a00c-83d34bf2d9d4:192.168.157.195:34693, d21ee1f1-33f6-483c-a18b-27782ce1915a:192.168.157.195:46462], old=null
2019-10-23 22:22:42,699 [grpc-default-executor-3] INFO  impl.RaftServerImpl (RaftServerImpl.java:setRole(184)) - 1c51b35f-55cb-4636-a00c-83d34bf2d9d4@group-F043E0AED0ED: changes role from  FOLLOWER to FOLLOWER at term 507 for recognizeCandidate:aed1b97f-105e-4684-b087-4b6333aa3ced
2019-10-23 22:22:42,699 [grpc-default-executor-3] INFO  impl.RoleInfo (RoleInfo.java:shutdownFollowerState(121)) - 1c51b35f-55cb-4636-a00c-83d34bf2d9d4: shutdown FollowerState
2019-10-23 22:22:42,699 [grpc-default-executor-5] INFO  impl.RaftServerImpl (RaftServerImpl.java:setRole(184)) - d21ee1f1-33f6-483c-a18b-27782ce1915a@group-F043E0AED0ED: changes role from  FOLLOWER to FOLLOWER at term 507 for recognizeCandidate:aed1b97f-105e-4684-b087-4b6333aa3ced
2019-10-23 22:22:42,700 [grpc-default-executor-5] INFO  impl.RoleInfo (RoleInfo.java:shutdownFollowerState(121)) - d21ee1f1-33f6-483c-a18b-27782ce1915a: shutdown FollowerState
2019-10-23 22:22:42,700 [Thread-3290] INFO  impl.FollowerState (FollowerState.java:run(117)) - 1c51b35f-55cb-4636-a00c-83d34bf2d9d4@group-F043E0AED0ED-FollowerState was interrupted: java.lang.InterruptedException: sleep interrupted
2019-10-23 22:22:42,700 [grpc-default-executor-3] INFO  impl.RoleInfo (RoleInfo.java:updateAndGet(143)) - 1c51b35f-55cb-4636-a00c-83d34bf2d9d4: start FollowerState
2019-10-23 22:22:42,700 [Thread-3291] INFO  impl.FollowerState (FollowerState.java:run(117)) - d21ee1f1-33f6-483c-a18b-27782ce1915a@group-F043E0AED0ED-FollowerState was interrupted: java.lang.InterruptedException: sleep interrupted
2019-10-23 22:22:42,700 [grpc-default-executor-5] INFO  impl.RoleInfo (RoleInfo.java:updateAndGet(143)) - d21ee1f1-33f6-483c-a18b-27782ce1915a: start FollowerState
2019-10-23 22:22:42,726 [aed1b97f-105e-4684-b087-4b6333aa3ced@group-F043E0AED0ED-LeaderElection452] INFO  impl.LeaderElection (LeaderElection.java:logAndReturn(56)) - aed1b97f-105e-4684-b087-4b6333aa3ced@group-F043E0AED0ED-LeaderElection452: Election REJECTED; received 2 response(s) [aed1b97f-105e-4684-b087-4b6333aa3ced<-1c51b35f-55cb-4636-a00c-83d34bf2d9d4#0:FAIL-t507, aed1b97f-105e-4684-b087-4b6333aa3ced<-d21ee1f1-33f6-483c-a18b-27782ce1915a#0:FAIL-t507] and 0 exception(s); aed1b97f-105e-4684-b087-4b6333aa3ced@group-F043E0AED0ED:t507, leader=null, voted=aed1b97f-105e-4684-b087-4b6333aa3ced, raftlog=aed1b97f-105e-4684-b087-4b6333aa3ced@group-F043E0AED0ED-SegmentedRaftLog:OPENED:c-1,f-1,i0, conf=-1: [aed1b97f-105e-4684-b087-4b6333aa3ced:192.168.157.195:34943, 1c51b35f-55cb-4636-a00c-83d34bf2d9d4:192.168.157.195:34693, d21ee1f1-33f6-483c-a18b-27782ce1915a:192.168.157.195:46462], old=null
2019-10-23 22:22:42,726 [aed1b97f-105e-4684-b087-4b6333aa3ced@group-F043E0AED0ED-LeaderElection452] INFO  impl.RaftServerImpl (RaftServerImpl.java:setRole(184)) - aed1b97f-105e-4684-b087-4b6333aa3ced@group-F043E0AED0ED: changes role from CANDIDATE to FOLLOWER at term 507 for DISCOVERED_A_NEW_TERM
2019-10-23 22:22:42,726 [aed1b97f-105e-4684-b087-4b6333aa3ced@group-F043E0AED0ED-LeaderElection452] INFO  impl.RoleInfo (RoleInfo.java:shutdownLeaderElection(134)) - aed1b97f-105e-4684-b087-4b6333aa3ced: shutdown LeaderElection
2019-10-23 22:22:42,726 [aed1b97f-105e-4684-b087-4b6333aa3ced@group-F043E0AED0ED-LeaderElection452] INFO  impl.RoleInfo (RoleInfo.java:updateAndGet(143)) - aed1b97f-105e-4684-b087-4b6333aa3ced: start FollowerState
2019-10-23 22:22:42,730 [Thread-3298] INFO  impl.FollowerState (FollowerState.java:run(108)) - aed1b97f-105e-4684-b087-4b6333aa3ced@group-F043E0AED0ED-FollowerState: change to CANDIDATE, lastRpcTime:3ms, electionTimeout:3ms
2019-10-23 22:22:42,730 [Thread-3298] INFO  impl.RoleInfo (RoleInfo.java:shutdownFollowerState(121)) - aed1b97f-105e-4684-b087-4b6333aa3ced: shutdown FollowerState
2019-10-23 22:22:42,730 [Thread-3298] INFO  impl.RaftServerImpl (RaftServerImpl.java:setRole(184)) - aed1b97f-105e-4684-b087-4b6333aa3ced@group-F043E0AED0ED: changes role from  FOLLOWER to CANDIDATE at term 507 for changeToCandidate
2019-10-23 22:22:42,730 [Thread-3298] INFO  impl.RoleInfo (RoleInfo.java:updateAndGet(143)) - aed1b97f-105e-4684-b087-4b6333aa3ced: start LeaderElection
2019-10-23 22:22:42,742 [aed1b97f-105e-4684-b087-4b6333aa3ced@group-F043E0AED0ED-LeaderElection453] INFO  impl.LeaderElection (LeaderElection.java:askForVotes(178)) - aed1b97f-105e-4684-b087-4b6333aa3ced@group-F043E0AED0ED-LeaderElection453: begin an election at term 508 for -1: [aed1b97f-105e-4684-b087-4b6333aa3ced:192.168.157.195:34943, 1c51b35f-55cb-4636-a00c-83d34bf2d9d4:192.168.157.195:34693, d21ee1f1-33f6-483c-a18b-27782ce1915a:192.168.157.195:46462], old=null
2019-10-23 22:22:42,743 [grpc-default-executor-5] INFO  impl.RaftServerImpl (RaftServerImpl.java:setRole(184)) - 1c51b35f-55cb-4636-a00c-83d34bf2d9d4@group-F043E0AED0ED: changes role from  FOLLOWER to FOLLOWER at term 508 for recognizeCandidate:aed1b97f-105e-4684-b087-4b6333aa3ced
2019-10-23 22:22:42,744 [grpc-default-executor-5] INFO  impl.RoleInfo (RoleInfo.java:shutdownFollowerState(121)) - 1c51b35f-55cb-4636-a00c-83d34bf2d9d4: shutdown FollowerState
2019-10-23 22:22:42,744 [grpc-default-executor-3] INFO  impl.RaftServerImpl (RaftServerImpl.java:setRole(184)) - d21ee1f1-33f6-483c-a18b-27782ce1915a@group-F043E0AED0ED: changes role from  FOLLOWER to FOLLOWER at term 508 for recognizeCandidate:aed1b97f-105e-4684-b087-4b6333aa3ced
2019-10-23 22:22:42,744 [grpc-default-executor-3] INFO  impl.RoleInfo (RoleInfo.java:shutdownFollowerState(121)) - d21ee1f1-33f6-483c-a18b-27782ce1915a: shutdown FollowerState
2019-10-23 22:22:42,744 [Thread-3296] INFO  impl.FollowerState (FollowerState.java:run(117)) - 1c51b35f-55cb-4636-a00c-83d34bf2d9d4@group-F043E0AED0ED-FollowerState was interrupted: java.lang.InterruptedException: sleep interrupted
2019-10-23 22:22:42,744 [Thread-3297] INFO  impl.FollowerState (FollowerState.java:run(117)) - d21ee1f1-33f6-483c-a18b-27782ce1915a@group-F043E0AED0ED-FollowerState was interrupted: java.lang.InterruptedException: sleep interrupted
2019-10-23 22:22:42,744 [grpc-default-executor-5] INFO  impl.RoleInfo (RoleInfo.java:updateAndGet(143)) - 1c51b35f-55cb-4636-a00c-83d34bf2d9d4: start FollowerState
2019-10-23 22:22:42,744 [grpc-default-executor-3] INFO  impl.RoleInfo (RoleInfo.java:updateAndGet(143)) - d21ee1f1-33f6-483c-a18b-27782ce1915a: start FollowerState
2019-10-23 22:22:42,761 [aed1b97f-105e-4684-b087-4b6333aa3ced@group-F043E0AED0ED-LeaderElection453] INFO  impl.LeaderElection (LeaderElection.java:logAndReturn(56)) - aed1b97f-105e-4684-b087-4b6333aa3ced@group-F043E0AED0ED-LeaderElection453: Election REJECTED; received 2 response(s) [aed1b97f-105e-4684-b087-4b6333aa3ced<-1c51b35f-55cb-4636-a00c-83d34bf2d9d4#0:FAIL-t508, aed1b97f-105e-4684-b087-4b6333aa3ced<-d21ee1f1-33f6-483c-a18b-27782ce1915a#0:FAIL-t508] and 0 exception(s); aed1b97f-105e-4684-b087-4b6333aa3ced@group-F043E0AED0ED:t508, leader=null, voted=aed1b97f-105e-4684-b087-4b6333aa3ced, raftlog=aed1b97f-105e-4684-b087-4b6333aa3ced@group-F043E0AED0ED-SegmentedRaftLog:OPENED:c-1,f-1,i0, conf=-1: [aed1b97f-105e-4684-b087-4b6333aa3ced:192.168.157.195:34943, 1c51b35f-55cb-4636-a00c-83d34bf2d9d4:192.168.157.195:34693, d21ee1f1-33f6-483c-a18b-27782ce1915a:192.168.157.195:46462], old=null
2019-10-23 22:22:42,761 [aed1b97f-105e-4684-b087-4b6333aa3ced@group-F043E0AED0ED-LeaderElection453] INFO  impl.RaftServerImpl (RaftServerImpl.java:setRole(184)) - aed1b97f-105e-4684-b087-4b6333aa3ced@group-F043E0AED0ED: changes role from CANDIDATE to FOLLOWER at term 508 for DISCOVERED_A_NEW_TERM
2019-10-23 22:22:42,761 [aed1b97f-105e-4684-b087-4b6333aa3ced@group-F043E0AED0ED-LeaderElection453] INFO  impl.RoleInfo (RoleInfo.java:shutdownLeaderElection(134)) - aed1b97f-105e-4684-b087-4b6333aa3ced: shutdown LeaderElection
2019-10-23 22:22:42,761 [aed1b97f-105e-4684-b087-4b6333aa3ced@group-F043E0AED0ED-LeaderElection453] INFO  impl.RoleInfo (RoleInfo.java:updateAndGet(143)) - aed1b97f-105e-4684-b087-4b6333aa3ced: start FollowerState
2019-10-23 22:22:42,846 [Thread-3304] INFO  impl.FollowerState (FollowerState.java:run(108)) - aed1b97f-105e-4684-b087-4b6333aa3ced@group-F043E0AED0ED-FollowerState: change to CANDIDATE, lastRpcTime:85ms, electionTimeout:85ms
2019-10-23 22:22:42,847 [Thread-3304] INFO  impl.RoleInfo (RoleInfo.java:shutdownFollowerState(121)) - aed1b97f-105e-4684-b087-4b6333aa3ced: shutdown FollowerState
2019-10-23 22:22:42,847 [Thread-3304] INFO  impl.RaftServerImpl (RaftServerImpl.java:setRole(184)) - aed1b97f-105e-4684-b087-4b6333aa3ced@group-F043E0AED0ED: changes role from  FOLLOWER to CANDIDATE at term 508 for changeToCandidate
2019-10-23 22:22:42,847 [Thread-3304] INFO  impl.RoleInfo (RoleInfo.java:updateAndGet(143)) - aed1b97f-105e-4684-b087-4b6333aa3ced: start LeaderElection
2019-10-23 22:22:42,872 [aed1b97f-105e-4684-b087-4b6333aa3ced@group-F043E0AED0ED-LeaderElection454] INFO  impl.LeaderElection (LeaderElection.java:askForVotes(178)) - aed1b97f-105e-4684-b087-4b6333aa3ced@group-F043E0AED0ED-LeaderElection454: begin an election at term 509 for -1: [aed1b97f-105e-4684-b087-4b6333aa3ced:192.168.157.195:34943, 1c51b35f-55cb-4636-a00c-83d34bf2d9d4:192.168.157.195:34693, d21ee1f1-33f6-483c-a18b-27782ce1915a:192.168.157.195:46462], old=null
2019-10-23 22:22:42,874 [grpc-default-executor-5] INFO  impl.RaftServerImpl (RaftServerImpl.java:setRole(184)) - 1c51b35f-55cb-4636-a00c-83d34bf2d9d4@group-F043E0AED0ED: changes role from  FOLLOWER to FOLLOWER at term 509 for recognizeCandidate:aed1b97f-105e-4684-b087-4b6333aa3ced
2019-10-23 22:22:42,874 [grpc-default-executor-5] INFO  impl.RoleInfo (RoleInfo.java:shutdownFollowerState(121)) - 1c51b35f-55cb-4636-a00c-83d34bf2d9d4: shutdown FollowerState
2019-10-23 22:22:42,874 [grpc-default-executor-3] INFO  impl.RaftServerImpl (RaftServerImpl.java:setRole(184)) - d21ee1f1-33f6-483c-a18b-27782ce1915a@group-F043E0AED0ED: changes role from  FOLLOWER to FOLLOWER at term 509 for recognizeCandidate:aed1b97f-105e-4684-b087-4b6333aa3ced
2019-10-23 22:22:42,874 [grpc-default-executor-3] INFO  impl.RoleInfo (RoleInfo.java:shutdownFollowerState(121)) - d21ee1f1-33f6-483c-a18b-27782ce1915a: shutdown FollowerState
2019-10-23 22:22:42,874 [Thread-3302] INFO  impl.FollowerState (FollowerState.java:run(117)) - 1c51b35f-55cb-4636-a00c-83d34bf2d9d4@group-F043E0AED0ED-FollowerState was interrupted: java.lang.InterruptedException: sleep interrupted
2019-10-23 22:22:42,874 [Thread-3303] INFO  impl.FollowerState (FollowerState.java:run(117)) - d21ee1f1-33f6-483c-a18b-27782ce1915a@group-F043E0AED0ED-FollowerState was interrupted: java.lang.InterruptedException: sleep interrupted
2019-10-23 22:22:42,874 [grpc-default-executor-5] INFO  impl.RoleInfo (RoleInfo.java:updateAndGet(143)) - 1c51b35f-55cb-4636-a00c-83d34bf2d9d4: start FollowerState
2019-10-23 22:22:42,874 [grpc-default-executor-3] INFO  impl.RoleInfo (RoleInfo.java:updateAndGet(143)) - d21ee1f1-33f6-483c-a18b-27782ce1915a: start FollowerState
2019-10-23 22:22:42,892 [aed1b97f-105e-4684-b087-4b6333aa3ced@group-F043E0AED0ED-LeaderElection454] INFO  impl.LeaderElection (LeaderElection.java:logAndReturn(56)) - aed1b97f-105e-4684-b087-4b6333aa3ced@group-F043E0AED0ED-LeaderElection454: Election REJECTED; received 2 response(s) [aed1b97f-105e-4684-b087-4b6333aa3ced<-1c51b35f-55cb-4636-a00c-83d34bf2d9d4#0:FAIL-t509, aed1b97f-105e-4684-b087-4b6333aa3ced<-d21ee1f1-33f6-483c-a18b-27782ce1915a#0:FAIL-t509] and 0 exception(s); aed1b97f-105e-4684-b087-4b6333aa3ced@group-F043E0AED0ED:t509, leader=null, voted=aed1b97f-105e-4684-b087-4b6333aa3ced, raftlog=aed1b97f-105e-4684-b087-4b6333aa3ced@group-F043E0AED0ED-SegmentedRaftLog:OPENED:c-1,f-1,i0, conf=-1: [aed1b97f-105e-4684-b087-4b6333aa3ced:192.168.157.195:34943, 1c51b35f-55cb-4636-a00c-83d34bf2d9d4:192.168.157.195:34693, d21ee1f1-33f6-483c-a18b-27782ce1915a:192.168.157.195:46462], old=null
2019-10-23 22:22:42,892 [aed1b97f-105e-4684-b087-4b6333aa3ced@group-F043E0AED0ED-LeaderElection454] INFO  impl.RaftServerImpl (RaftServerImpl.java:setRole(184)) - aed1b97f-105e-4684-b087-4b6333aa3ced@group-F043E0AED0ED: changes role from CANDIDATE to FOLLOWER at term 509 for DISCOVERED_A_NEW_TERM
2019-10-23 22:22:42,892 [aed1b97f-105e-4684-b087-4b6333aa3ced@group-F043E0AED0ED-LeaderElection454] INFO  impl.RoleInfo (RoleInfo.java:shutdownLeaderElection(134)) - aed1b97f-105e-4684-b087-4b6333aa3ced: shutdown LeaderElection
2019-10-23 22:22:42,892 [aed1b97f-105e-4684-b087-4b6333aa3ced@group-F043E0AED0ED-LeaderElection454] INFO  impl.RoleInfo (RoleInfo.java:updateAndGet(143)) - aed1b97f-105e-4684-b087-4b6333aa3ced: start FollowerState
2019-10-23 22:22:43,093 [Thread-3310] INFO  impl.FollowerState (FollowerState.java:run(108)) - aed1b97f-105e-4684-b087-4b6333aa3ced@group-F043E0AED0ED-FollowerState: change to CANDIDATE, lastRpcTime:200ms, electionTimeout:200ms
2019-10-23 22:22:43,093 [Thread-3310] INFO  impl.RoleInfo (RoleInfo.java:shutdownFollowerState(121)) - aed1b97f-105e-4684-b087-4b6333aa3ced: shutdown FollowerState
2019-10-23 22:22:43,093 [Thread-3310] INFO  impl.RaftServerImpl (RaftServerImpl.java:setRole(184)) - aed1b97f-105e-4684-b087-4b6333aa3ced@group-F043E0AED0ED: changes role from  FOLLOWER to CANDIDATE at term 509 for changeToCandidate
2019-10-23 22:22:43,093 [Thread-3310] INFO  impl.RoleInfo (RoleInfo.java:updateAndGet(143)) - aed1b97f-105e-4684-b087-4b6333aa3ced: start LeaderElection
2019-10-23 22:22:43,107 [aed1b97f-105e-4684-b087-4b6333aa3ced@group-F043E0AED0ED-LeaderElection455] INFO  impl.LeaderElection (LeaderElection.java:askForVotes(178)) - aed1b97f-105e-4684-b087-4b6333aa3ced@group-F043E0AED0ED-LeaderElection455: begin an election at term 510 for -1: [aed1b97f-105e-4684-b087-4b6333aa3ced:192.168.157.195:34943, 1c51b35f-55cb-4636-a00c-83d34bf2d9d4:192.168.157.195:34693, d21ee1f1-33f6-483c-a18b-27782ce1915a:192.168.157.195:46462], old=null
2019-10-23 22:22:43,109 [grpc-default-executor-3] INFO  impl.RaftServerImpl (RaftServerImpl.java:setRole(184)) - d21ee1f1-33f6-483c-a18b-27782ce1915a@group-F043E0AED0ED: changes role from  FOLLOWER to FOLLOWER at term 510 for recognizeCandidate:aed1b97f-105e-4684-b087-4b6333aa3ced
2019-10-23 22:22:43,109 [grpc-default-executor-5] INFO  impl.RaftServerImpl (RaftServerImpl.java:setRole(184)) - 1c51b35f-55cb-4636-a00c-83d34bf2d9d4@group-F043E0AED0ED: changes role from  FOLLOWER to FOLLOWER at term 510 for recognizeCandidate:aed1b97f-105e-4684-b087-4b6333aa3ced
2019-10-23 22:22:43,109 [grpc-default-executor-3] INFO  impl.RoleInfo (RoleInfo.java:shutdownFollowerState(121)) - d21ee1f1-33f6-483c-a18b-27782ce1915a: shutdown FollowerState
2019-10-23 22:22:43,109 [grpc-default-executor-5] INFO  impl.RoleInfo (RoleInfo.java:shutdownFollowerState(121)) - 1c51b35f-55cb-4636-a00c-83d34bf2d9d4: shutdown FollowerState
2019-10-23 22:22:43,110 [Thread-3309] INFO  impl.FollowerState (FollowerState.java:run(117)) - d21ee1f1-33f6-483c-a18b-27782ce1915a@group-F043E0AED0ED-FollowerState was interrupted: java.lang.InterruptedException: sleep interrupted
2019-10-23 22:22:43,110 [Thread-3308] INFO  impl.FollowerState (FollowerState.java:run(117)) - 1c51b35f-55cb-4636-a00c-83d34bf2d9d4@group-F043E0AED0ED-FollowerState was interrupted: java.lang.InterruptedException: sleep interrupted
2019-10-23 22:22:43,110 [grpc-default-executor-3] INFO  impl.RoleInfo (RoleInfo.java:updateAndGet(143)) - d21ee1f1-33f6-483c-a18b-27782ce1915a: start FollowerState
2019-10-23 22:22:43,110 [grpc-default-executor-5] INFO  impl.RoleInfo (RoleInfo.java:updateAndGet(143)) - 1c51b35f-55cb-4636-a00c-83d34bf2d9d4: start FollowerState
2019-10-23 22:22:43,134 [aed1b97f-105e-4684-b087-4b6333aa3ced@group-F043E0AED0ED-LeaderElection455] INFO  impl.LeaderElection (LeaderElection.java:logAndReturn(56)) - aed1b97f-105e-4684-b087-4b6333aa3ced@group-F043E0AED0ED-LeaderElection455: Election REJECTED; received 2 response(s) [aed1b97f-105e-4684-b087-4b6333aa3ced<-1c51b35f-55cb-4636-a00c-83d34bf2d9d4#0:FAIL-t510, aed1b97f-105e-4684-b087-4b6333aa3ced<-d21ee1f1-33f6-483c-a18b-27782ce1915a#0:FAIL-t510] and 0 exception(s); aed1b97f-105e-4684-b087-4b6333aa3ced@group-F043E0AED0ED:t510, leader=null, voted=aed1b97f-105e-4684-b087-4b6333aa3ced, raftlog=aed1b97f-105e-4684-b087-4b6333aa3ced@group-F043E0AED0ED-SegmentedRaftLog:OPENED:c-1,f-1,i0, conf=-1: [aed1b97f-105e-4684-b087-4b6333aa3ced:192.168.157.195:34943, 1c51b35f-55cb-4636-a00c-83d34bf2d9d4:192.168.157.195:34693, d21ee1f1-33f6-483c-a18b-27782ce1915a:192.168.157.195:46462], old=null
2019-10-23 22:22:43,135 [aed1b97f-105e-4684-b087-4b6333aa3ced@group-F043E0AED0ED-LeaderElection455] INFO  impl.RaftServerImpl (RaftServerImpl.java:setRole(184)) - aed1b97f-105e-4684-b087-4b6333aa3ced@group-F043E0AED0ED: changes role from CANDIDATE to FOLLOWER at term 510 for DISCOVERED_A_NEW_TERM
2019-10-23 22:22:43,135 [aed1b97f-105e-4684-b087-4b6333aa3ced@group-F043E0AED0ED-LeaderElection455] INFO  impl.RoleInfo (RoleInfo.java:shutdownLeaderElection(134)) - aed1b97f-105e-4684-b087-4b6333aa3ced: shutdown LeaderElection
2019-10-23 22:22:43,135 [aed1b97f-105e-4684-b087-4b6333aa3ced@group-F043E0AED0ED-LeaderElection455] INFO  impl.RoleInfo (RoleInfo.java:updateAndGet(143)) - aed1b97f-105e-4684-b087-4b6333aa3ced: start FollowerState
2019-10-23 22:22:43,302 [Thread-3316] INFO  impl.FollowerState (FollowerState.java:run(108)) - aed1b97f-105e-4684-b087-4b6333aa3ced@group-F043E0AED0ED-FollowerState: change to CANDIDATE, lastRpcTime:167ms, electionTimeout:167ms
2019-10-23 22:22:43,303 [Thread-3316] INFO  impl.RoleInfo (RoleInfo.java:shutdownFollowerState(121)) - aed1b97f-105e-4684-b087-4b6333aa3ced: shutdown FollowerState
2019-10-23 22:22:43,303 [Thread-3316] INFO  impl.RaftServerImpl (RaftServerImpl.java:setRole(184)) - aed1b97f-105e-4684-b087-4b6333aa3ced@group-F043E0AED0ED: changes role from  FOLLOWER to CANDIDATE at term 510 for changeToCandidate
2019-10-23 22:22:43,303 [Thread-3316] INFO  impl.RoleInfo (RoleInfo.java:updateAndGet(143)) - aed1b97f-105e-4684-b087-4b6333aa3ced: start LeaderElection
2019-10-23 22:22:43,327 [aed1b97f-105e-4684-b087-4b6333aa3ced@group-F043E0AED0ED-LeaderElection456] INFO  impl.LeaderElection (LeaderElection.java:askForVotes(178)) - aed1b97f-105e-4684-b087-4b6333aa3ced@group-F043E0AED0ED-LeaderElection456: begin an election at term 511 for -1: [aed1b97f-105e-4684-b087-4b6333aa3ced:192.168.157.195:34943, 1c51b35f-55cb-4636-a00c-83d34bf2d9d4:192.168.157.195:34693, d21ee1f1-33f6-483c-a18b-27782ce1915a:192.168.157.195:46462], old=null
2019-10-23 22:22:43,329 [grpc-default-executor-3] INFO  impl.RaftServerImpl (RaftServerImpl.java:setRole(184)) - d21ee1f1-33f6-483c-a18b-27782ce1915a@group-F043E0AED0ED: changes role from  FOLLOWER to FOLLOWER at term 511 for recognizeCandidate:aed1b97f-105e-4684-b087-4b6333aa3ced
2019-10-23 22:22:43,329 [grpc-default-executor-5] INFO  impl.RaftServerImpl (RaftServerImpl.java:setRole(184)) - 1c51b35f-55cb-4636-a00c-83d34bf2d9d4@group-F043E0AED0ED: changes role from  FOLLOWER to FOLLOWER at term 511 for recognizeCandidate:aed1b97f-105e-4684-b087-4b6333aa3ced
2019-10-23 22:22:43,329 [grpc-default-executor-3] INFO  impl.RoleInfo (RoleInfo.java:shutdownFollowerState(121)) - d21ee1f1-33f6-483c-a18b-27782ce1915a: shutdown FollowerState
2019-10-23 22:22:43,329 [grpc-default-executor-5] INFO  impl.RoleInfo (RoleInfo.java:shutdownFollowerState(121)) - 1c51b35f-55cb-4636-a00c-83d34bf2d9d4: shutdown FollowerState
2019-10-23 22:22:43,329 [Thread-3314] INFO  impl.FollowerState (FollowerState.java:run(117)) - d21ee1f1-33f6-483c-a18b-27782ce1915a@group-F043E0AED0ED-FollowerState was interrupted: java.lang.InterruptedException: sleep interrupted
2019-10-23 22:22:43,329 [grpc-default-executor-3] INFO  impl.RoleInfo (RoleInfo.java:updateAndGet(143)) - d21ee1f1-33f6-483c-a18b-27782ce1915a: start FollowerState
2019-10-23 22:22:43,329 [Thread-3315] INFO  impl.FollowerState (FollowerState.java:run(117)) - 1c51b35f-55cb-4636-a00c-83d34bf2d9d4@group-F043E0AED0ED-FollowerState was interrupted: java.lang.InterruptedException: sleep interrupted
2019-10-23 22:22:43,329 [grpc-default-executor-5] INFO  impl.RoleInfo (RoleInfo.java:updateAndGet(143)) - 1c51b35f-55cb-4636-a00c-83d34bf2d9d4: start FollowerState
2019-10-23 22:22:43,344 [aed1b97f-105e-4684-b087-4b6333aa3ced@group-F043E0AED0ED-LeaderElection456] INFO  impl.LeaderElection (LeaderElection.java:logAndReturn(56)) - aed1b97f-105e-4684-b087-4b6333aa3ced@group-F043E0AED0ED-LeaderElection456: Election REJECTED; received 2 response(s) [aed1b97f-105e-4684-b087-4b6333aa3ced<-1c51b35f-55cb-4636-a00c-83d34bf2d9d4#0:FAIL-t511, aed1b97f-105e-4684-b087-4b6333aa3ced<-d21ee1f1-33f6-483c-a18b-27782ce1915a#0:FAIL-t511] and 0 exception(s); aed1b97f-105e-4684-b087-4b6333aa3ced@group-F043E0AED0ED:t511, leader=null, voted=aed1b97f-105e-4684-b087-4b6333aa3ced, raftlog=aed1b97f-105e-4684-b087-4b6333aa3ced@group-F043E0AED0ED-SegmentedRaftLog:OPENED:c-1,f-1,i0, conf=-1: [aed1b97f-105e-4684-b087-4b6333aa3ced:192.168.157.195:34943, 1c51b35f-55cb-4636-a00c-83d34bf2d9d4:192.168.157.195:34693, d21ee1f1-33f6-483c-a18b-27782ce1915a:192.168.157.195:46462], old=null
2019-10-23 22:22:43,344 [aed1b97f-105e-4684-b087-4b6333aa3ced@group-F043E0AED0ED-LeaderElection456] INFO  impl.RaftServerImpl (RaftServerImpl.java:setRole(184)) - aed1b97f-105e-4684-b087-4b6333aa3ced@group-F043E0AED0ED: changes role from CANDIDATE to FOLLOWER at term 511 for DISCOVERED_A_NEW_TERM
2019-10-23 22:22:43,344 [aed1b97f-105e-4684-b087-4b6333aa3ced@group-F043E0AED0ED-LeaderElection456] INFO  impl.RoleInfo (RoleInfo.java:shutdownLeaderElection(134)) - aed1b97f-105e-4684-b087-4b6333aa3ced: shutdown LeaderElection
2019-10-23 22:22:43,344 [aed1b97f-105e-4684-b087-4b6333aa3ced@group-F043E0AED0ED-LeaderElection456] INFO  impl.RoleInfo (RoleInfo.java:updateAndGet(143)) - aed1b97f-105e-4684-b087-4b6333aa3ced: start FollowerState
2019-10-23 22:22:43,424 [Thread-3322] INFO  impl.FollowerState (FollowerState.java:run(108)) - aed1b97f-105e-4684-b087-4b6333aa3ced@group-F043E0AED0ED-FollowerState: change to CANDIDATE, lastRpcTime:79ms, electionTimeout:79ms
2019-10-23 22:22:43,424 [Thread-3322] INFO  impl.RoleInfo (RoleInfo.java:shutdownFollowerState(121)) - aed1b97f-105e-4684-b087-4b6333aa3ced: shutdown FollowerState
2019-10-23 22:22:43,424 [Thread-3322] INFO  impl.RaftServerImpl (RaftServerImpl.java:setRole(184)) - aed1b97f-105e-4684-b087-4b6333aa3ced@group-F043E0AED0ED: changes role from  FOLLOWER to CANDIDATE at term 511 for changeToCandidate
2019-10-23 22:22:43,424 [Thread-3322] INFO  impl.RoleInfo (RoleInfo.java:updateAndGet(143)) - aed1b97f-105e-4684-b087-4b6333aa3ced: start LeaderElection
2019-10-23 22:22:43,450 [aed1b97f-105e-4684-b087-4b6333aa3ced@group-F043E0AED0ED-LeaderElection457] INFO  impl.LeaderElection (LeaderElection.java:askForVotes(178)) - aed1b97f-105e-4684-b087-4b6333aa3ced@group-F043E0AED0ED-LeaderElection457: begin an election at term 512 for -1: [aed1b97f-105e-4684-b087-4b6333aa3ced:192.168.157.195:34943, 1c51b35f-55cb-4636-a00c-83d34bf2d9d4:192.168.157.195:34693, d21ee1f1-33f6-483c-a18b-27782ce1915a:192.168.157.195:46462], old=null
2019-10-23 22:22:43,451 [grpc-default-executor-3] INFO  impl.RaftServerImpl (RaftServerImpl.java:setRole(184)) - 1c51b35f-55cb-4636-a00c-83d34bf2d9d4@group-F043E0AED0ED: changes role from  FOLLOWER to FOLLOWER at term 512 for recognizeCandidate:aed1b97f-105e-4684-b087-4b6333aa3ced
2019-10-23 22:22:43,452 [grpc-default-executor-3] INFO  impl.RoleInfo (RoleInfo.java:shutdownFollowerState(121)) - 1c51b35f-55cb-4636-a00c-83d34bf2d9d4: shutdown FollowerState
2019-10-23 22:22:43,452 [grpc-default-executor-5] INFO  impl.RaftServerImpl (RaftServerImpl.java:setRole(184)) - d21ee1f1-33f6-483c-a18b-27782ce1915a@group-F043E0AED0ED: changes role from  FOLLOWER to FOLLOWER at term 512 for recognizeCandidate:aed1b97f-105e-4684-b087-4b6333aa3ced
2019-10-23 22:22:43,452 [grpc-default-executor-5] INFO  impl.RoleInfo (RoleInfo.java:shutdownFollowerState(121)) - d21ee1f1-33f6-483c-a18b-27782ce1915a: shutdown FollowerState
2019-10-23 22:22:43,452 [grpc-default-executor-3] INFO  impl.RoleInfo (RoleInfo.java:updateAndGet(143)) - 1c51b35f-55cb-4636-a00c-83d34bf2d9d4: start FollowerState
2019-10-23 22:22:43,452 [Thread-3321] INFO  impl.FollowerState (FollowerState.java:run(117)) - 1c51b35f-55cb-4636-a00c-83d34bf2d9d4@group-F043E0AED0ED-FollowerState was interrupted: java.lang.InterruptedException: sleep interrupted
2019-10-23 22:22:43,452 [Thread-3320] INFO  impl.FollowerState (FollowerState.java:run(117)) - d21ee1f1-33f6-483c-a18b-27782ce1915a@group-F043E0AED0ED-FollowerState was interrupted: java.lang.InterruptedException: sleep interrupted
2019-10-23 22:22:43,452 [grpc-default-executor-5] INFO  impl.RoleInfo (RoleInfo.java:updateAndGet(143)) - d21ee1f1-33f6-483c-a18b-27782ce1915a: start FollowerState
2019-10-23 22:22:43,478 [aed1b97f-105e-4684-b087-4b6333aa3ced@group-F043E0AED0ED-LeaderElection457] INFO  impl.LeaderElection (LeaderElection.java:logAndReturn(56)) - aed1b97f-105e-4684-b087-4b6333aa3ced@group-F043E0AED0ED-LeaderElection457: Election REJECTED; received 2 response(s) [aed1b97f-105e-4684-b087-4b6333aa3ced<-1c51b35f-55cb-4636-a00c-83d34bf2d9d4#0:FAIL-t512, aed1b97f-105e-4684-b087-4b6333aa3ced<-d21ee1f1-33f6-483c-a18b-27782ce1915a#0:FAIL-t512] and 0 exception(s); aed1b97f-105e-4684-b087-4b6333aa3ced@group-F043E0AED0ED:t512, leader=null, voted=aed1b97f-105e-4684-b087-4b6333aa3ced, raftlog=aed1b97f-105e-4684-b087-4b6333aa3ced@group-F043E0AED0ED-SegmentedRaftLog:OPENED:c-1,f-1,i0, conf=-1: [aed1b97f-105e-4684-b087-4b6333aa3ced:192.168.157.195:34943, 1c51b35f-55cb-4636-a00c-83d34bf2d9d4:192.168.157.195:34693, d21ee1f1-33f6-483c-a18b-27782ce1915a:192.168.157.195:46462], old=null
2019-10-23 22:22:43,478 [aed1b97f-105e-4684-b087-4b6333aa3ced@group-F043E0AED0ED-LeaderElection457] INFO  impl.RaftServerImpl (RaftServerImpl.java:setRole(184)) - aed1b97f-105e-4684-b087-4b6333aa3ced@group-F043E0AED0ED: changes role from CANDIDATE to FOLLOWER at term 512 for DISCOVERED_A_NEW_TERM
2019-10-23 22:22:43,479 [aed1b97f-105e-4684-b087-4b6333aa3ced@group-F043E0AED0ED-LeaderElection457] INFO  impl.RoleInfo (RoleInfo.java:shutdownLeaderElection(134)) - aed1b97f-105e-4684-b087-4b6333aa3ced: shutdown LeaderElection
2019-10-23 22:22:43,479 [aed1b97f-105e-4684-b087-4b6333aa3ced@group-F043E0AED0ED-LeaderElection457] INFO  impl.RoleInfo (RoleInfo.java:updateAndGet(143)) - aed1b97f-105e-4684-b087-4b6333aa3ced: start FollowerState
2019-10-23 22:22:43,620 [Thread-3328] INFO  impl.FollowerState (FollowerState.java:run(108)) - aed1b97f-105e-4684-b087-4b6333aa3ced@group-F043E0AED0ED-FollowerState: change to CANDIDATE, lastRpcTime:141ms, electionTimeout:141ms
2019-10-23 22:22:43,620 [Thread-3328] INFO  impl.RoleInfo (RoleInfo.java:shutdownFollowerState(121)) - aed1b97f-105e-4684-b087-4b6333aa3ced: shutdown FollowerState
2019-10-23 22:22:43,620 [Thread-3328] INFO  impl.RaftServerImpl (RaftServerImpl.java:setRole(184)) - aed1b97f-105e-4684-b087-4b6333aa3ced@group-F043E0AED0ED: changes role from  FOLLOWER to CANDIDATE at term 512 for changeToCandidate
2019-10-23 22:22:43,621 [Thread-3328] INFO  impl.RoleInfo (RoleInfo.java:updateAndGet(143)) - aed1b97f-105e-4684-b087-4b6333aa3ced: start LeaderElection
2019-10-23 22:22:43,636 [aed1b97f-105e-4684-b087-4b6333aa3ced@group-F043E0AED0ED-LeaderElection458] INFO  impl.LeaderElection (LeaderElection.java:askForVotes(178)) - aed1b97f-105e-4684-b087-4b6333aa3ced@group-F043E0AED0ED-LeaderElection458: begin an election at term 513 for -1: [aed1b97f-105e-4684-b087-4b6333aa3ced:192.168.157.195:34943, 1c51b35f-55cb-4636-a00c-83d34bf2d9d4:192.168.157.195:34693, d21ee1f1-33f6-483c-a18b-27782ce1915a:192.168.157.195:46462], old=null
2019-10-23 22:22:43,637 [grpc-default-executor-5] INFO  impl.RaftServerImpl (RaftServerImpl.java:setRole(184)) - 1c51b35f-55cb-4636-a00c-83d34bf2d9d4@group-F043E0AED0ED: changes role from  FOLLOWER to FOLLOWER at term 513 for recognizeCandidate:aed1b97f-105e-4684-b087-4b6333aa3ced
2019-10-23 22:22:43,637 [grpc-default-executor-5] INFO  impl.RoleInfo (RoleInfo.java:shutdownFollowerState(121)) - 1c51b35f-55cb-4636-a00c-83d34bf2d9d4: shutdown FollowerState
2019-10-23 22:22:43,637 [grpc-default-executor-3] INFO  impl.RaftServerImpl (RaftServerImpl.java:setRole(184)) - d21ee1f1-33f6-483c-a18b-27782ce1915a@group-F043E0AED0ED: changes role from  FOLLOWER to FOLLOWER at term 513 for recognizeCandidate:aed1b97f-105e-4684-b087-4b6333aa3ced
2019-10-23 22:22:43,638 [grpc-default-executor-5] INFO  impl.RoleInfo (RoleInfo.java:updateAndGet(143)) - 1c51b35f-55cb-4636-a00c-83d34bf2d9d4: start FollowerState
2019-10-23 22:22:43,638 [Thread-3326] INFO  impl.FollowerState (FollowerState.java:run(117)) - 1c51b35f-55cb-4636-a00c-83d34bf2d9d4@group-F043E0AED0ED-FollowerState was interrupted: java.lang.InterruptedException: sleep interrupted
2019-10-23 22:22:43,638 [grpc-default-executor-3] INFO  impl.RoleInfo (RoleInfo.java:shutdownFollowerState(121)) - d21ee1f1-33f6-483c-a18b-27782ce1915a: shutdown FollowerState
2019-10-23 22:22:43,638 [grpc-default-executor-3] INFO  impl.RoleInfo (RoleInfo.java:updateAndGet(143)) - d21ee1f1-33f6-483c-a18b-27782ce1915a: start FollowerState
2019-10-23 22:22:43,638 [Thread-3327] INFO  impl.FollowerState (FollowerState.java:run(117)) - d21ee1f1-33f6-483c-a18b-27782ce1915a@group-F043E0AED0ED-FollowerState was interrupted: java.lang.InterruptedException: sleep interrupted
2019-10-23 22:22:43,661 [aed1b97f-105e-4684-b087-4b6333aa3ced@group-F043E0AED0ED-LeaderElection458] INFO  impl.LeaderElection (LeaderElection.java:logAndReturn(56)) - aed1b97f-105e-4684-b087-4b6333aa3ced@group-F043E0AED0ED-LeaderElection458: Election REJECTED; received 2 response(s) [aed1b97f-105e-4684-b087-4b6333aa3ced<-1c51b35f-55cb-4636-a00c-83d34bf2d9d4#0:FAIL-t513, aed1b97f-105e-4684-b087-4b6333aa3ced<-d21ee1f1-33f6-483c-a18b-27782ce1915a#0:FAIL-t513] and 0 exception(s); aed1b97f-105e-4684-b087-4b6333aa3ced@group-F043E0AED0ED:t513, leader=null, voted=aed1b97f-105e-4684-b087-4b6333aa3ced, raftlog=aed1b97f-105e-4684-b087-4b6333aa3ced@group-F043E0AED0ED-SegmentedRaftLog:OPENED:c-1,f-1,i0, conf=-1: [aed1b97f-105e-4684-b087-4b6333aa3ced:192.168.157.195:34943, 1c51b35f-55cb-4636-a00c-83d34bf2d9d4:192.168.157.195:34693, d21ee1f1-33f6-483c-a18b-27782ce1915a:192.168.157.195:46462], old=null
2019-10-23 22:22:43,661 [aed1b97f-105e-4684-b087-4b6333aa3ced@group-F043E0AED0ED-LeaderElection458] INFO  impl.RaftServerImpl (RaftServerImpl.java:setRole(184)) - aed1b97f-105e-4684-b087-4b6333aa3ced@group-F043E0AED0ED: changes role from CANDIDATE to FOLLOWER at term 513 for DISCOVERED_A_NEW_TERM
2019-10-23 22:22:43,661 [aed1b97f-105e-4684-b087-4b6333aa3ced@group-F043E0AED0ED-LeaderElection458] INFO  impl.RoleInfo (RoleInfo.java:shutdownLeaderElection(134)) - aed1b97f-105e-4684-b087-4b6333aa3ced: shutdown LeaderElection
2019-10-23 22:22:43,661 [aed1b97f-105e-4684-b087-4b6333aa3ced@group-F043E0AED0ED-LeaderElection458] INFO  impl.RoleInfo (RoleInfo.java:updateAndGet(143)) - aed1b97f-105e-4684-b087-4b6333aa3ced: start FollowerState
2019-10-23 22:22:43,780 [Thread-3336] INFO  impl.FollowerState (FollowerState.java:run(108)) - aed1b97f-105e-4684-b087-4b6333aa3ced@group-F043E0AED0ED-FollowerState: change to CANDIDATE, lastRpcTime:118ms, electionTimeout:118ms
2019-10-23 22:22:43,780 [Thread-3336] INFO  impl.RoleInfo (RoleInfo.java:shutdownFollowerState(121)) - aed1b97f-105e-4684-b087-4b6333aa3ced: shutdown FollowerState
2019-10-23 22:22:43,780 [Thread-3336] INFO  impl.RaftServerImpl (RaftServerImpl.java:setRole(184)) - aed1b97f-105e-4684-b087-4b6333aa3ced@group-F043E0AED0ED: changes role from  FOLLOWER to CANDIDATE at term 513 for changeToCandidate
2019-10-23 22:22:43,780 [Thread-3336] INFO  impl.RoleInfo (RoleInfo.java:updateAndGet(143)) - aed1b97f-105e-4684-b087-4b6333aa3ced: start LeaderElection
2019-10-23 22:22:43,806 [aed1b97f-105e-4684-b087-4b6333aa3ced@group-F043E0AED0ED-LeaderElection459] INFO  impl.LeaderElection (LeaderElection.java:askForVotes(178)) - aed1b97f-105e-4684-b087-4b6333aa3ced@group-F043E0AED0ED-LeaderElection459: begin an election at term 514 for -1: [aed1b97f-105e-4684-b087-4b6333aa3ced:192.168.157.195:34943, 1c51b35f-55cb-4636-a00c-83d34bf2d9d4:192.168.157.195:34693, d21ee1f1-33f6-483c-a18b-27782ce1915a:192.168.157.195:46462], old=null
2019-10-23 22:22:43,808 [grpc-default-executor-5] INFO  impl.RaftServerImpl (RaftServerImpl.java:setRole(184)) - 1c51b35f-55cb-4636-a00c-83d34bf2d9d4@group-F043E0AED0ED: changes role from  FOLLOWER to FOLLOWER at term 514 for recognizeCandidate:aed1b97f-105e-4684-b087-4b6333aa3ced
2019-10-23 22:22:43,808 [grpc-default-executor-5] INFO  impl.RoleInfo (RoleInfo.java:shutdownFollowerState(121)) - 1c51b35f-55cb-4636-a00c-83d34bf2d9d4: shutdown FollowerState
2019-10-23 22:22:43,808 [grpc-default-executor-3] INFO  impl.RaftServerImpl (RaftServerImpl.java:setRole(184)) - d21ee1f1-33f6-483c-a18b-27782ce1915a@group-F043E0AED0ED: changes role from  FOLLOWER to FOLLOWER at term 514 for recognizeCandidate:aed1b97f-105e-4684-b087-4b6333aa3ced
2019-10-23 22:22:43,809 [grpc-default-executor-3] INFO  impl.RoleInfo (RoleInfo.java:shutdownFollowerState(121)) - d21ee1f1-33f6-483c-a18b-27782ce1915a: shutdown FollowerState
2019-10-23 22:22:43,809 [Thread-3332] INFO  impl.FollowerState (FollowerState.java:run(117)) - 1c51b35f-55cb-4636-a00c-83d34bf2d9d4@group-F043E0AED0ED-FollowerState was interrupted: java.lang.InterruptedException: sleep interrupted
2019-10-23 22:22:43,809 [Thread-3333] INFO  impl.FollowerState (FollowerState.java:run(117)) - d21ee1f1-33f6-483c-a18b-27782ce1915a@group-F043E0AED0ED-FollowerState was interrupted: java.lang.InterruptedException: sleep interrupted
2019-10-23 22:22:43,809 [grpc-default-executor-5] INFO  impl.RoleInfo (RoleInfo.java:updateAndGet(143)) - 1c51b35f-55cb-4636-a00c-83d34bf2d9d4: start FollowerState
2019-10-23 22:22:43,809 [grpc-default-executor-3] INFO  impl.RoleInfo (RoleInfo.java:updateAndGet(143)) - d21ee1f1-33f6-483c-a18b-27782ce1915a: start FollowerState
2019-10-23 22:22:43,823 [aed1b97f-105e-4684-b087-4b6333aa3ced@group-F043E0AED0ED-LeaderElection459] INFO  impl.LeaderElection (LeaderElection.java:logAndReturn(56)) - aed1b97f-105e-4684-b087-4b6333aa3ced@group-F043E0AED0ED-LeaderElection459: Election REJECTED; received 2 response(s) [aed1b97f-105e-4684-b087-4b6333aa3ced<-1c51b35f-55cb-4636-a00c-83d34bf2d9d4#0:FAIL-t514, aed1b97f-105e-4684-b087-4b6333aa3ced<-d21ee1f1-33f6-483c-a18b-27782ce1915a#0:FAIL-t514] and 0 exception(s); aed1b97f-105e-4684-b087-4b6333aa3ced@group-F043E0AED0ED:t514, leader=null, voted=aed1b97f-105e-4684-b087-4b6333aa3ced, raftlog=aed1b97f-105e-4684-b087-4b6333aa3ced@group-F043E0AED0ED-SegmentedRaftLog:OPENED:c-1,f-1,i0, conf=-1: [aed1b97f-105e-4684-b087-4b6333aa3ced:192.168.157.195:34943, 1c51b35f-55cb-4636-a00c-83d34bf2d9d4:192.168.157.195:34693, d21ee1f1-33f6-483c-a18b-27782ce1915a:192.168.157.195:46462], old=null
2019-10-23 22:22:43,823 [aed1b97f-105e-4684-b087-4b6333aa3ced@group-F043E0AED0ED-LeaderElection459] INFO  impl.RaftServerImpl (RaftServerImpl.java:setRole(184)) - aed1b97f-105e-4684-b087-4b6333aa3ced@group-F043E0AED0ED: changes role from CANDIDATE to FOLLOWER at term 514 for DISCOVERED_A_NEW_TERM
2019-10-23 22:22:43,824 [aed1b97f-105e-4684-b087-4b6333aa3ced@group-F043E0AED0ED-LeaderElection459] INFO  impl.RoleInfo (RoleInfo.java:shutdownLeaderElection(134)) - aed1b97f-105e-4684-b087-4b6333aa3ced: shutdown LeaderElection
2019-10-23 22:22:43,824 [aed1b97f-105e-4684-b087-4b6333aa3ced@group-F043E0AED0ED-LeaderElection459] INFO  impl.RoleInfo (RoleInfo.java:updateAndGet(143)) - aed1b97f-105e-4684-b087-4b6333aa3ced: start FollowerState
2019-10-23 22:22:43,881 [Thread-3342] INFO  impl.FollowerState (FollowerState.java:run(108)) - aed1b97f-105e-4684-b087-4b6333aa3ced@group-F043E0AED0ED-FollowerState: change to CANDIDATE, lastRpcTime:57ms, electionTimeout:57ms
2019-10-23 22:22:43,881 [Thread-3342] INFO  impl.RoleInfo (RoleInfo.java:shutdownFollowerState(121)) - aed1b97f-105e-4684-b087-4b6333aa3ced: shutdown FollowerState
2019-10-23 22:22:43,882 [Thread-3342] INFO  impl.RaftServerImpl (RaftServerImpl.java:setRole(184)) - aed1b97f-105e-4684-b087-4b6333aa3ced@group-F043E0AED0ED: changes role from  FOLLOWER to CANDIDATE at term 514 for changeToCandidate
2019-10-23 22:22:43,882 [Thread-3342] INFO  impl.RoleInfo (RoleInfo.java:updateAndGet(143)) - aed1b97f-105e-4684-b087-4b6333aa3ced: start LeaderElection
2019-10-23 22:22:43,907 [aed1b97f-105e-4684-b087-4b6333aa3ced@group-F043E0AED0ED-LeaderElection460] INFO  impl.LeaderElection (LeaderElection.java:askForVotes(178)) - aed1b97f-105e-4684-b087-4b6333aa3ced@group-F043E0AED0ED-LeaderElection460: begin an election at term 515 for -1: [aed1b97f-105e-4684-b087-4b6333aa3ced:192.168.157.195:34943, 1c51b35f-55cb-4636-a00c-83d34bf2d9d4:192.168.157.195:34693, d21ee1f1-33f6-483c-a18b-27782ce1915a:192.168.157.195:46462], old=null
2019-10-23 22:22:43,909 [grpc-default-executor-5] INFO  impl.RaftServerImpl (RaftServerImpl.java:setRole(184)) - 1c51b35f-55cb-4636-a00c-83d34bf2d9d4@group-F043E0AED0ED: changes role from  FOLLOWER to FOLLOWER at term 515 for recognizeCandidate:aed1b97f-105e-4684-b087-4b6333aa3ced
2019-10-23 22:22:43,909 [grpc-default-executor-3] INFO  impl.RaftServerImpl (RaftServerImpl.java:setRole(184)) - d21ee1f1-33f6-483c-a18b-27782ce1915a@group-F043E0AED0ED: changes role from  FOLLOWER to FOLLOWER at term 515 for recognizeCandidate:aed1b97f-105e-4684-b087-4b6333aa3ced
2019-10-23 22:22:43,909 [grpc-default-executor-5] INFO  impl.RoleInfo (RoleInfo.java:shutdownFollowerState(121)) - 1c51b35f-55cb-4636-a00c-83d34bf2d9d4: shutdown FollowerState
2019-10-23 22:22:43,909 [grpc-default-executor-3] INFO  impl.RoleInfo (RoleInfo.java:shutdownFollowerState(121)) - d21ee1f1-33f6-483c-a18b-27782ce1915a: shutdown FollowerState
2019-10-23 22:22:43,910 [Thread-3340] INFO  impl.FollowerState (FollowerState.java:run(117)) - 1c51b35f-55cb-4636-a00c-83d34bf2d9d4@group-F043E0AED0ED-FollowerState was interrupted: java.lang.InterruptedException: sleep interrupted
2019-10-23 22:22:43,910 [grpc-default-executor-5] INFO  impl.RoleInfo (RoleInfo.java:updateAndGet(143)) - 1c51b35f-55cb-4636-a00c-83d34bf2d9d4: start FollowerState
2019-10-23 22:22:43,910 [Thread-3341] INFO  impl.FollowerState (FollowerState.java:run(117)) - d21ee1f1-33f6-483c-a18b-27782ce1915a@group-F043E0AED0ED-FollowerState was interrupted: java.lang.InterruptedException: sleep interrupted
2019-10-23 22:22:43,910 [grpc-default-executor-3] INFO  impl.RoleInfo (RoleInfo.java:updateAndGet(143)) - d21ee1f1-33f6-483c-a18b-27782ce1915a: start FollowerState
2019-10-23 22:22:43,929 [aed1b97f-105e-4684-b087-4b6333aa3ced@group-F043E0AED0ED-LeaderElection460] INFO  impl.LeaderElection (LeaderElection.java:logAndReturn(56)) - aed1b97f-105e-4684-b087-4b6333aa3ced@group-F043E0AED0ED-LeaderElection460: Election REJECTED; received 2 response(s) [aed1b97f-105e-4684-b087-4b6333aa3ced<-1c51b35f-55cb-4636-a00c-83d34bf2d9d4#0:FAIL-t515, aed1b97f-105e-4684-b087-4b6333aa3ced<-d21ee1f1-33f6-483c-a18b-27782ce1915a#0:FAIL-t515] and 0 exception(s); aed1b97f-105e-4684-b087-4b6333aa3ced@group-F043E0AED0ED:t515, leader=null, voted=aed1b97f-105e-4684-b087-4b6333aa3ced, raftlog=aed1b97f-105e-4684-b087-4b6333aa3ced@group-F043E0AED0ED-SegmentedRaftLog:OPENED:c-1,f-1,i0, conf=-1: [aed1b97f-105e-4684-b087-4b6333aa3ced:192.168.157.195:34943, 1c51b35f-55cb-4636-a00c-83d34bf2d9d4:192.168.157.195:34693, d21ee1f1-33f6-483c-a18b-27782ce1915a:192.168.157.195:46462], old=null
2019-10-23 22:22:43,929 [aed1b97f-105e-4684-b087-4b6333aa3ced@group-F043E0AED0ED-LeaderElection460] INFO  impl.RaftServerImpl (RaftServerImpl.java:setRole(184)) - aed1b97f-105e-4684-b087-4b6333aa3ced@group-F043E0AED0ED: changes role from CANDIDATE to FOLLOWER at term 515 for DISCOVERED_A_NEW_TERM
2019-10-23 22:22:43,929 [aed1b97f-105e-4684-b087-4b6333aa3ced@group-F043E0AED0ED-LeaderElection460] INFO  impl.RoleInfo (RoleInfo.java:shutdownLeaderElection(134)) - aed1b97f-105e-4684-b087-4b6333aa3ced: shutdown LeaderElection
2019-10-23 22:22:43,930 [aed1b97f-105e-4684-b087-4b6333aa3ced@group-F043E0AED0ED-LeaderElection460] INFO  impl.RoleInfo (RoleInfo.java:updateAndGet(143)) - aed1b97f-105e-4684-b087-4b6333aa3ced: start FollowerState
2019-10-23 22:22:44,057 [Thread-3348] INFO  impl.FollowerState (FollowerState.java:run(108)) - aed1b97f-105e-4684-b087-4b6333aa3ced@group-F043E0AED0ED-FollowerState: change to CANDIDATE, lastRpcTime:127ms, electionTimeout:127ms
2019-10-23 22:22:44,057 [Thread-3348] INFO  impl.RoleInfo (RoleInfo.java:shutdownFollowerState(121)) - aed1b97f-105e-4684-b087-4b6333aa3ced: shutdown FollowerState
2019-10-23 22:22:44,057 [Thread-3348] INFO  impl.RaftServerImpl (RaftServerImpl.java:setRole(184)) - aed1b97f-105e-4684-b087-4b6333aa3ced@group-F043E0AED0ED: changes role from  FOLLOWER to CANDIDATE at term 515 for changeToCandidate
2019-10-23 22:22:44,057 [Thread-3348] INFO  impl.RoleInfo (RoleInfo.java:updateAndGet(143)) - aed1b97f-105e-4684-b087-4b6333aa3ced: start LeaderElection
2019-10-23 22:22:44,072 [aed1b97f-105e-4684-b087-4b6333aa3ced@group-F043E0AED0ED-LeaderElection461] INFO  impl.LeaderElection (LeaderElection.java:askForVotes(178)) - aed1b97f-105e-4684-b087-4b6333aa3ced@group-F043E0AED0ED-LeaderElection461: begin an election at term 516 for -1: [aed1b97f-105e-4684-b087-4b6333aa3ced:192.168.157.195:34943, 1c51b35f-55cb-4636-a00c-83d34bf2d9d4:192.168.157.195:34693, d21ee1f1-33f6-483c-a18b-27782ce1915a:192.168.157.195:46462], old=null
2019-10-23 22:22:44,074 [grpc-default-executor-5] INFO  impl.RaftServerImpl (RaftServerImpl.java:setRole(184)) - 1c51b35f-55cb-4636-a00c-83d34bf2d9d4@group-F043E0AED0ED: changes role from  FOLLOWER to FOLLOWER at term 516 for recognizeCandidate:aed1b97f-105e-4684-b087-4b6333aa3ced
2019-10-23 22:22:44,074 [grpc-default-executor-3] INFO  impl.RaftServerImpl (RaftServerImpl.java:setRole(184)) - d21ee1f1-33f6-483c-a18b-27782ce1915a@group-F043E0AED0ED: changes role from  FOLLOWER to FOLLOWER at term 516 for recognizeCandidate:aed1b97f-105e-4684-b087-4b6333aa3ced
2019-10-23 22:22:44,074 [grpc-default-executor-3] INFO  impl.RoleInfo (RoleInfo.java:shutdownFollowerState(121)) - d21ee1f1-33f6-483c-a18b-27782ce1915a: shutdown FollowerState
2019-10-23 22:22:44,074 [grpc-default-executor-5] INFO  impl.RoleInfo (RoleInfo.java:shutdownFollowerState(121)) - 1c51b35f-55cb-4636-a00c-83d34bf2d9d4: shutdown FollowerState
2019-10-23 22:22:44,074 [Thread-3347] INFO  impl.FollowerState (FollowerState.java:run(117)) - d21ee1f1-33f6-483c-a18b-27782ce1915a@group-F043E0AED0ED-FollowerState was interrupted: java.lang.InterruptedException: sleep interrupted
2019-10-23 22:22:44,074 [Thread-3346] INFO  impl.FollowerState (FollowerState.java:run(117)) - 1c51b35f-55cb-4636-a00c-83d34bf2d9d4@group-F043E0AED0ED-FollowerState was interrupted: java.lang.InterruptedException: sleep interrupted
2019-10-23 22:22:44,074 [grpc-default-executor-3] INFO  impl.RoleInfo (RoleInfo.java:updateAndGet(143)) - d21ee1f1-33f6-483c-a18b-27782ce1915a: start FollowerState
2019-10-23 22:22:44,074 [grpc-default-executor-5] INFO  impl.RoleInfo (RoleInfo.java:updateAndGet(143)) - 1c51b35f-55cb-4636-a00c-83d34bf2d9d4: start FollowerState
2019-10-23 22:22:44,089 [aed1b97f-105e-4684-b087-4b6333aa3ced@group-F043E0AED0ED-LeaderElection461] INFO  impl.LeaderElection (LeaderElection.java:logAndReturn(56)) - aed1b97f-105e-4684-b087-4b6333aa3ced@group-F043E0AED0ED-LeaderElection461: Election REJECTED; received 2 response(s) [aed1b97f-105e-4684-b087-4b6333aa3ced<-1c51b35f-55cb-4636-a00c-83d34bf2d9d4#0:FAIL-t516, aed1b97f-105e-4684-b087-4b6333aa3ced<-d21ee1f1-33f6-483c-a18b-27782ce1915a#0:FAIL-t516] and 0 exception(s); aed1b97f-105e-4684-b087-4b6333aa3ced@group-F043E0AED0ED:t516, leader=null, voted=aed1b97f-105e-4684-b087-4b6333aa3ced, raftlog=aed1b97f-105e-4684-b087-4b6333aa3ced@group-F043E0AED0ED-SegmentedRaftLog:OPENED:c-1,f-1,i0, conf=-1: [aed1b97f-105e-4684-b087-4b6333aa3ced:192.168.157.195:34943, 1c51b35f-55cb-4636-a00c-83d34bf2d9d4:192.168.157.195:34693, d21ee1f1-33f6-483c-a18b-27782ce1915a:192.168.157.195:46462], old=null
2019-10-23 22:22:44,089 [aed1b97f-105e-4684-b087-4b6333aa3ced@group-F043E0AED0ED-LeaderElection461] INFO  impl.RaftServerImpl (RaftServerImpl.java:setRole(184)) - aed1b97f-105e-4684-b087-4b6333aa3ced@group-F043E0AED0ED: changes role from CANDIDATE to FOLLOWER at term 516 for DISCOVERED_A_NEW_TERM
2019-10-23 22:22:44,089 [aed1b97f-105e-4684-b087-4b6333aa3ced@group-F043E0AED0ED-LeaderElection461] INFO  impl.RoleInfo (RoleInfo.java:shutdownLeaderElection(134)) - aed1b97f-105e-4684-b087-4b6333aa3ced: shutdown LeaderElection
2019-10-23 22:22:44,089 [aed1b97f-105e-4684-b087-4b6333aa3ced@group-F043E0AED0ED-LeaderElection461] INFO  impl.RoleInfo (RoleInfo.java:updateAndGet(143)) - aed1b97f-105e-4684-b087-4b6333aa3ced: start FollowerState
2019-10-23 22:22:44,229 [Thread-3354] INFO  impl.FollowerState (FollowerState.java:run(108)) - aed1b97f-105e-4684-b087-4b6333aa3ced@group-F043E0AED0ED-FollowerState: change to CANDIDATE, lastRpcTime:140ms, electionTimeout:140ms
2019-10-23 22:22:44,229 [Thread-3354] INFO  impl.RoleInfo (RoleInfo.java:shutdownFollowerState(121)) - aed1b97f-105e-4684-b087-4b6333aa3ced: shutdown FollowerState
2019-10-23 22:22:44,230 [Thread-3354] INFO  impl.RaftServerImpl (RaftServerImpl.java:setRole(184)) - aed1b97f-105e-4684-b087-4b6333aa3ced@group-F043E0AED0ED: changes role from  FOLLOWER to CANDIDATE at term 516 for changeToCandidate
2019-10-23 22:22:44,230 [Thread-3354] INFO  impl.RoleInfo (RoleInfo.java:updateAndGet(143)) - aed1b97f-105e-4684-b087-4b6333aa3ced: start LeaderElection
2019-10-23 22:22:44,255 [aed1b97f-105e-4684-b087-4b6333aa3ced@group-F043E0AED0ED-LeaderElection462] INFO  impl.LeaderElection (LeaderElection.java:askForVotes(178)) - aed1b97f-105e-4684-b087-4b6333aa3ced@group-F043E0AED0ED-LeaderElection462: begin an election at term 517 for -1: [aed1b97f-105e-4684-b087-4b6333aa3ced:192.168.157.195:34943, 1c51b35f-55cb-4636-a00c-83d34bf2d9d4:192.168.157.195:34693, d21ee1f1-33f6-483c-a18b-27782ce1915a:192.168.157.195:46462], old=null
2019-10-23 22:22:44,257 [grpc-default-executor-3] INFO  impl.RaftServerImpl (RaftServerImpl.java:setRole(184)) - 1c51b35f-55cb-4636-a00c-83d34bf2d9d4@group-F043E0AED0ED: changes role from  FOLLOWER to FOLLOWER at term 517 for recognizeCandidate:aed1b97f-105e-4684-b087-4b6333aa3ced
2019-10-23 22:22:44,257 [grpc-default-executor-3] INFO  impl.RoleInfo (RoleInfo.java:shutdownFollowerState(121)) - 1c51b35f-55cb-4636-a00c-83d34bf2d9d4: shutdown FollowerState
2019-10-23 22:22:44,257 [grpc-default-executor-5] INFO  impl.RaftServerImpl (RaftServerImpl.java:setRole(184)) - d21ee1f1-33f6-483c-a18b-27782ce1915a@group-F043E0AED0ED: changes role from  FOLLOWER to FOLLOWER at term 517 for recognizeCandidate:aed1b97f-105e-4684-b087-4b6333aa3ced
2019-10-23 22:22:44,258 [grpc-default-executor-5] INFO  impl.RoleInfo (RoleInfo.java:shutdownFollowerState(121)) - d21ee1f1-33f6-483c-a18b-27782ce1915a: shutdown FollowerState
2019-10-23 22:22:44,258 [Thread-3353] INFO  impl.FollowerState (FollowerState.java:run(117)) - 1c51b35f-55cb-4636-a00c-83d34bf2d9d4@group-F043E0AED0ED-FollowerState was interrupted: java.lang.InterruptedException: sleep interrupted
2019-10-23 22:22:44,257 [grpc-default-executor-3] INFO  impl.RoleInfo (RoleInfo.java:updateAndGet(143)) - 1c51b35f-55cb-4636-a00c-83d34bf2d9d4: start FollowerState
2019-10-23 22:22:44,258 [Thread-3352] INFO  impl.FollowerState (FollowerState.java:run(117)) - d21ee1f1-33f6-483c-a18b-27782ce1915a@group-F043E0AED0ED-FollowerState was interrupted: java.lang.InterruptedException: sleep interrupted
2019-10-23 22:22:44,258 [grpc-default-executor-5] INFO  impl.RoleInfo (RoleInfo.java:updateAndGet(143)) - d21ee1f1-33f6-483c-a18b-27782ce1915a: start FollowerState
2019-10-23 22:22:44,284 [aed1b97f-105e-4684-b087-4b6333aa3ced@group-F043E0AED0ED-LeaderElection462] INFO  impl.LeaderElection (LeaderElection.java:logAndReturn(56)) - aed1b97f-105e-4684-b087-4b6333aa3ced@group-F043E0AED0ED-LeaderElection462: Election REJECTED; received 2 response(s) [aed1b97f-105e-4684-b087-4b6333aa3ced<-1c51b35f-55cb-4636-a00c-83d34bf2d9d4#0:FAIL-t517, aed1b97f-105e-4684-b087-4b6333aa3ced<-d21ee1f1-33f6-483c-a18b-27782ce1915a#0:FAIL-t517] and 0 exception(s); aed1b97f-105e-4684-b087-4b6333aa3ced@group-F043E0AED0ED:t517, leader=null, voted=aed1b97f-105e-4684-b087-4b6333aa3ced, raftlog=aed1b97f-105e-4684-b087-4b6333aa3ced@group-F043E0AED0ED-SegmentedRaftLog:OPENED:c-1,f-1,i0, conf=-1: [aed1b97f-105e-4684-b087-4b6333aa3ced:192.168.157.195:34943, 1c51b35f-55cb-4636-a00c-83d34bf2d9d4:192.168.157.195:34693, d21ee1f1-33f6-483c-a18b-27782ce1915a:192.168.157.195:46462], old=null
2019-10-23 22:22:44,284 [aed1b97f-105e-4684-b087-4b6333aa3ced@group-F043E0AED0ED-LeaderElection462] INFO  impl.RaftServerImpl (RaftServerImpl.java:setRole(184)) - aed1b97f-105e-4684-b087-4b6333aa3ced@group-F043E0AED0ED: changes role from CANDIDATE to FOLLOWER at term 517 for DISCOVERED_A_NEW_TERM
2019-10-23 22:22:44,285 [aed1b97f-105e-4684-b087-4b6333aa3ced@group-F043E0AED0ED-LeaderElection462] INFO  impl.RoleInfo (RoleInfo.java:shutdownLeaderElection(134)) - aed1b97f-105e-4684-b087-4b6333aa3ced: shutdown LeaderElection
2019-10-23 22:22:44,285 [aed1b97f-105e-4684-b087-4b6333aa3ced@group-F043E0AED0ED-LeaderElection462] INFO  impl.RoleInfo (RoleInfo.java:updateAndGet(143)) - aed1b97f-105e-4684-b087-4b6333aa3ced: start FollowerState
2019-10-23 22:22:44,399 [Thread-3360] INFO  impl.FollowerState (FollowerState.java:run(108)) - aed1b97f-105e-4684-b087-4b6333aa3ced@group-F043E0AED0ED-FollowerState: change to CANDIDATE, lastRpcTime:114ms, electionTimeout:114ms
2019-10-23 22:22:44,399 [Thread-3360] INFO  impl.RoleInfo (RoleInfo.java:shutdownFollowerState(121)) - aed1b97f-105e-4684-b087-4b6333aa3ced: shutdown FollowerState
2019-10-23 22:22:44,399 [Thread-3360] INFO  impl.RaftServerImpl (RaftServerImpl.java:setRole(184)) - aed1b97f-105e-4684-b087-4b6333aa3ced@group-F043E0AED0ED: changes role from  FOLLOWER to CANDIDATE at term 517 for changeToCandidate
2019-10-23 22:22:44,399 [Thread-3360] INFO  impl.RoleInfo (RoleInfo.java:updateAndGet(143)) - aed1b97f-105e-4684-b087-4b6333aa3ced: start LeaderElection
2019-10-23 22:22:44,414 [aed1b97f-105e-4684-b087-4b6333aa3ced@group-F043E0AED0ED-LeaderElection463] INFO  impl.LeaderElection (LeaderElection.java:askForVotes(178)) - aed1b97f-105e-4684-b087-4b6333aa3ced@group-F043E0AED0ED-LeaderElection463: begin an election at term 518 for -1: [aed1b97f-105e-4684-b087-4b6333aa3ced:192.168.157.195:34943, 1c51b35f-55cb-4636-a00c-83d34bf2d9d4:192.168.157.195:34693, d21ee1f1-33f6-483c-a18b-27782ce1915a:192.168.157.195:46462], old=null
2019-10-23 22:22:44,415 [grpc-default-executor-5] INFO  impl.RaftServerImpl (RaftServerImpl.java:setRole(184)) - 1c51b35f-55cb-4636-a00c-83d34bf2d9d4@group-F043E0AED0ED: changes role from  FOLLOWER to FOLLOWER at term 518 for recognizeCandidate:aed1b97f-105e-4684-b087-4b6333aa3ced
2019-10-23 22:22:44,415 [grpc-default-executor-5] INFO  impl.RoleInfo (RoleInfo.java:shutdownFollowerState(121)) - 1c51b35f-55cb-4636-a00c-83d34bf2d9d4: shutdown FollowerState
2019-10-23 22:22:44,416 [grpc-default-executor-5] INFO  impl.RoleInfo (RoleInfo.java:updateAndGet(143)) - 1c51b35f-55cb-4636-a00c-83d34bf2d9d4: start FollowerState
2019-10-23 22:22:44,416 [Thread-3358] INFO  impl.FollowerState (FollowerState.java:run(117)) - 1c51b35f-55cb-4636-a00c-83d34bf2d9d4@group-F043E0AED0ED-FollowerState was interrupted: java.lang.InterruptedException: sleep interrupted
2019-10-23 22:22:44,416 [grpc-default-executor-3] INFO  impl.RaftServerImpl (RaftServerImpl.java:setRole(184)) - d21ee1f1-33f6-483c-a18b-27782ce1915a@group-F043E0AED0ED: changes role from  FOLLOWER to FOLLOWER at term 518 for recognizeCandidate:aed1b97f-105e-4684-b087-4b6333aa3ced
2019-10-23 22:22:44,416 [grpc-default-executor-3] INFO  impl.RoleInfo (RoleInfo.java:shutdownFollowerState(121)) - d21ee1f1-33f6-483c-a18b-27782ce1915a: shutdown FollowerState
2019-10-23 22:22:44,416 [grpc-default-executor-3] INFO  impl.RoleInfo (RoleInfo.java:updateAndGet(143)) - d21ee1f1-33f6-483c-a18b-27782ce1915a: start FollowerState
2019-10-23 22:22:44,416 [Thread-3359] INFO  impl.FollowerState (FollowerState.java:run(117)) - d21ee1f1-33f6-483c-a18b-27782ce1915a@group-F043E0AED0ED-FollowerState was interrupted: java.lang.InterruptedException: sleep interrupted
2019-10-23 22:22:44,442 [aed1b97f-105e-4684-b087-4b6333aa3ced@group-F043E0AED0ED-LeaderElection463] INFO  impl.LeaderElection (LeaderElection.java:logAndReturn(56)) - aed1b97f-105e-4684-b087-4b6333aa3ced@group-F043E0AED0ED-LeaderElection463: Election REJECTED; received 2 response(s) [aed1b97f-105e-4684-b087-4b6333aa3ced<-1c51b35f-55cb-4636-a00c-83d34bf2d9d4#0:FAIL-t518, aed1b97f-105e-4684-b087-4b6333aa3ced<-d21ee1f1-33f6-483c-a18b-27782ce1915a#0:FAIL-t518] and 0 exception(s); aed1b97f-105e-4684-b087-4b6333aa3ced@group-F043E0AED0ED:t518, leader=null, voted=aed1b97f-105e-4684-b087-4b6333aa3ced, raftlog=aed1b97f-105e-4684-b087-4b6333aa3ced@group-F043E0AED0ED-SegmentedRaftLog:OPENED:c-1,f-1,i0, conf=-1: [aed1b97f-105e-4684-b087-4b6333aa3ced:192.168.157.195:34943, 1c51b35f-55cb-4636-a00c-83d34bf2d9d4:192.168.157.195:34693, d21ee1f1-33f6-483c-a18b-27782ce1915a:192.168.157.195:46462], old=null
2019-10-23 22:22:44,442 [aed1b97f-105e-4684-b087-4b6333aa3ced@group-F043E0AED0ED-LeaderElection463] INFO  impl.RaftServerImpl (RaftServerImpl.java:setRole(184)) - aed1b97f-105e-4684-b087-4b6333aa3ced@group-F043E0AED0ED: changes role from CANDIDATE to FOLLOWER at term 518 for DISCOVERED_A_NEW_TERM
2019-10-23 22:22:44,442 [aed1b97f-105e-4684-b087-4b6333aa3ced@group-F043E0AED0ED-LeaderElection463] INFO  impl.RoleInfo (RoleInfo.java:shutdownLeaderElection(134)) - aed1b97f-105e-4684-b087-4b6333aa3ced: shutdown LeaderElection
2019-10-23 22:22:44,443 [aed1b97f-105e-4684-b087-4b6333aa3ced@group-F043E0AED0ED-LeaderElection463] INFO  impl.RoleInfo (RoleInfo.java:updateAndGet(143)) - aed1b97f-105e-4684-b087-4b6333aa3ced: start FollowerState
2019-10-23 22:22:44,574 [Thread-3366] INFO  impl.FollowerState (FollowerState.java:run(108)) - aed1b97f-105e-4684-b087-4b6333aa3ced@group-F043E0AED0ED-FollowerState: change to CANDIDATE, lastRpcTime:131ms, electionTimeout:131ms
2019-10-23 22:22:44,574 [Thread-3366] INFO  impl.RoleInfo (RoleInfo.java:shutdownFollowerState(121)) - aed1b97f-105e-4684-b087-4b6333aa3ced: shutdown FollowerState
2019-10-23 22:22:44,574 [Thread-3366] INFO  impl.RaftServerImpl (RaftServerImpl.java:setRole(184)) - aed1b97f-105e-4684-b087-4b6333aa3ced@group-F043E0AED0ED: changes role from  FOLLOWER to CANDIDATE at term 518 for changeToCandidate
2019-10-23 22:22:44,574 [Thread-3366] INFO  impl.RoleInfo (RoleInfo.java:updateAndGet(143)) - aed1b97f-105e-4684-b087-4b6333aa3ced: start LeaderElection
2019-10-23 22:22:44,589 [aed1b97f-105e-4684-b087-4b6333aa3ced@group-F043E0AED0ED-LeaderElection464] INFO  impl.LeaderElection (LeaderElection.java:askForVotes(178)) - aed1b97f-105e-4684-b087-4b6333aa3ced@group-F043E0AED0ED-LeaderElection464: begin an election at term 519 for -1: [aed1b97f-105e-4684-b087-4b6333aa3ced:192.168.157.195:34943, 1c51b35f-55cb-4636-a00c-83d34bf2d9d4:192.168.157.195:34693, d21ee1f1-33f6-483c-a18b-27782ce1915a:192.168.157.195:46462], old=null
2019-10-23 22:22:44,593 [grpc-default-executor-5] INFO  impl.RaftServerImpl (RaftServerImpl.java:setRole(184)) - 1c51b35f-55cb-4636-a00c-83d34bf2d9d4@group-F043E0AED0ED: changes role from  FOLLOWER to FOLLOWER at term 519 for recognizeCandidate:aed1b97f-105e-4684-b087-4b6333aa3ced
2019-10-23 22:22:44,593 [grpc-default-executor-5] INFO  impl.RoleInfo (RoleInfo.java:shutdownFollowerState(121)) - 1c51b35f-55cb-4636-a00c-83d34bf2d9d4: shutdown FollowerState
2019-10-23 22:22:44,593 [grpc-default-executor-3] INFO  impl.RaftServerImpl (RaftServerImpl.java:setRole(184)) - d21ee1f1-33f6-483c-a18b-27782ce1915a@group-F043E0AED0ED: changes role from  FOLLOWER to FOLLOWER at term 519 for recognizeCandidate:aed1b97f-105e-4684-b087-4b6333aa3ced
2019-10-23 22:22:44,593 [grpc-default-executor-3] INFO  impl.RoleInfo (RoleInfo.java:shutdownFollowerState(121)) - d21ee1f1-33f6-483c-a18b-27782ce1915a: shutdown FollowerState
2019-10-23 22:22:44,593 [Thread-3364] INFO  impl.FollowerState (FollowerState.java:run(117)) - 1c51b35f-55cb-4636-a00c-83d34bf2d9d4@group-F043E0AED0ED-FollowerState was interrupted: java.lang.InterruptedException: sleep interrupted
2019-10-23 22:22:44,593 [Thread-3365] INFO  impl.FollowerState (FollowerState.java:run(117)) - d21ee1f1-33f6-483c-a18b-27782ce1915a@group-F043E0AED0ED-FollowerState was interrupted: java.lang.InterruptedException: sleep interrupted
2019-10-23 22:22:44,593 [grpc-default-executor-5] INFO  impl.RoleInfo (RoleInfo.java:updateAndGet(143)) - 1c51b35f-55cb-4636-a00c-83d34bf2d9d4: start FollowerState
2019-10-23 22:22:44,593 [grpc-default-executor-3] INFO  impl.RoleInfo (RoleInfo.java:updateAndGet(143)) - d21ee1f1-33f6-483c-a18b-27782ce1915a: start FollowerState
2019-10-23 22:22:44,608 [aed1b97f-105e-4684-b087-4b6333aa3ced@group-F043E0AED0ED-LeaderElection464] INFO  impl.LeaderElection (LeaderElection.java:logAndReturn(56)) - aed1b97f-105e-4684-b087-4b6333aa3ced@group-F043E0AED0ED-LeaderElection464: Election REJECTED; received 2 response(s) [aed1b97f-105e-4684-b087-4b6333aa3ced<-1c51b35f-55cb-4636-a00c-83d34bf2d9d4#0:FAIL-t519, aed1b97f-105e-4684-b087-4b6333aa3ced<-d21ee1f1-33f6-483c-a18b-27782ce1915a#0:FAIL-t519] and 0 exception(s); aed1b97f-105e-4684-b087-4b6333aa3ced@group-F043E0AED0ED:t519, leader=null, voted=aed1b97f-105e-4684-b087-4b6333aa3ced, raftlog=aed1b97f-105e-4684-b087-4b6333aa3ced@group-F043E0AED0ED-SegmentedRaftLog:OPENED:c-1,f-1,i0, conf=-1: [aed1b97f-105e-4684-b087-4b6333aa3ced:192.168.157.195:34943, 1c51b35f-55cb-4636-a00c-83d34bf2d9d4:192.168.157.195:34693, d21ee1f1-33f6-483c-a18b-27782ce1915a:192.168.157.195:46462], old=null
2019-10-23 22:22:44,609 [aed1b97f-105e-4684-b087-4b6333aa3ced@group-F043E0AED0ED-LeaderElection464] INFO  impl.RaftServerImpl (RaftServerImpl.java:setRole(184)) - aed1b97f-105e-4684-b087-4b6333aa3ced@group-F043E0AED0ED: changes role from CANDIDATE to FOLLOWER at term 519 for DISCOVERED_A_NEW_TERM
2019-10-23 22:22:44,609 [aed1b97f-105e-4684-b087-4b6333aa3ced@group-F043E0AED0ED-LeaderElection464] INFO  impl.RoleInfo (RoleInfo.java:shutdownLeaderElection(134)) - aed1b97f-105e-4684-b087-4b6333aa3ced: shutdown LeaderElection
2019-10-23 22:22:44,609 [aed1b97f-105e-4684-b087-4b6333aa3ced@group-F043E0AED0ED-LeaderElection464] INFO  impl.RoleInfo (RoleInfo.java:updateAndGet(143)) - aed1b97f-105e-4684-b087-4b6333aa3ced: start FollowerState
2019-10-23 22:22:44,655 [Thread-3372] INFO  impl.FollowerState (FollowerState.java:run(108)) - aed1b97f-105e-4684-b087-4b6333aa3ced@group-F043E0AED0ED-FollowerState: change to CANDIDATE, lastRpcTime:46ms, electionTimeout:46ms
2019-10-23 22:22:44,655 [Thread-3372] INFO  impl.RoleInfo (RoleInfo.java:shutdownFollowerState(121)) - aed1b97f-105e-4684-b087-4b6333aa3ced: shutdown FollowerState
2019-10-23 22:22:44,655 [Thread-3372] INFO  impl.RaftServerImpl (RaftServerImpl.java:setRole(184)) - aed1b97f-105e-4684-b087-4b6333aa3ced@group-F043E0AED0ED: changes role from  FOLLOWER to CANDIDATE at term 519 for changeToCandidate
2019-10-23 22:22:44,656 [Thread-3372] INFO  impl.RoleInfo (RoleInfo.java:updateAndGet(143)) - aed1b97f-105e-4684-b087-4b6333aa3ced: start LeaderElection
2019-10-23 22:22:44,668 [aed1b97f-105e-4684-b087-4b6333aa3ced@group-F043E0AED0ED-LeaderElection465] INFO  impl.LeaderElection (LeaderElection.java:askForVotes(178)) - aed1b97f-105e-4684-b087-4b6333aa3ced@group-F043E0AED0ED-LeaderElection465: begin an election at term 520 for -1: [aed1b97f-105e-4684-b087-4b6333aa3ced:192.168.157.195:34943, 1c51b35f-55cb-4636-a00c-83d34bf2d9d4:192.168.157.195:34693, d21ee1f1-33f6-483c-a18b-27782ce1915a:192.168.157.195:46462], old=null
2019-10-23 22:22:44,670 [grpc-default-executor-5] INFO  impl.RaftServerImpl (RaftServerImpl.java:setRole(184)) - 1c51b35f-55cb-4636-a00c-83d34bf2d9d4@group-F043E0AED0ED: changes role from  FOLLOWER to FOLLOWER at term 520 for recognizeCandidate:aed1b97f-105e-4684-b087-4b6333aa3ced
2019-10-23 22:22:44,670 [grpc-default-executor-5] INFO  impl.RoleInfo (RoleInfo.java:shutdownFollowerState(121)) - 1c51b35f-55cb-4636-a00c-83d34bf2d9d4: shutdown FollowerState
2019-10-23 22:22:44,670 [grpc-default-executor-3] INFO  impl.RaftServerImpl (RaftServerImpl.java:setRole(184)) - d21ee1f1-33f6-483c-a18b-27782ce1915a@group-F043E0AED0ED: changes role from  FOLLOWER to FOLLOWER at term 520 for recognizeCandidate:aed1b97f-105e-4684-b087-4b6333aa3ced
2019-10-23 22:22:44,670 [grpc-default-executor-3] INFO  impl.RoleInfo (RoleInfo.java:shutdownFollowerState(121)) - d21ee1f1-33f6-483c-a18b-27782ce1915a: shutdown FollowerState
2019-10-23 22:22:44,670 [Thread-3370] INFO  impl.FollowerState (FollowerState.java:run(117)) - 1c51b35f-55cb-4636-a00c-83d34bf2d9d4@group-F043E0AED0ED-FollowerState was interrupted: java.lang.InterruptedException: sleep interrupted
2019-10-23 22:22:44,670 [grpc-default-executor-5] INFO  impl.RoleInfo (RoleInfo.java:updateAndGet(143)) - 1c51b35f-55cb-4636-a00c-83d34bf2d9d4: start FollowerState
2019-10-23 22:22:44,670 [Thread-3371] INFO  impl.FollowerState (FollowerState.java:run(117)) - d21ee1f1-33f6-483c-a18b-27782ce1915a@group-F043E0AED0ED-FollowerState was interrupted: java.lang.InterruptedException: sleep interrupted
2019-10-23 22:22:44,670 [grpc-default-executor-3] INFO  impl.RoleInfo (RoleInfo.java:updateAndGet(143)) - d21ee1f1-33f6-483c-a18b-27782ce1915a: start FollowerState
2019-10-23 22:22:44,683 [aed1b97f-105e-4684-b087-4b6333aa3ced@group-F043E0AED0ED-LeaderElection465] INFO  impl.LeaderElection (LeaderElection.java:logAndReturn(56)) - aed1b97f-105e-4684-b087-4b6333aa3ced@group-F043E0AED0ED-LeaderElection465: Election REJECTED; received 2 response(s) [aed1b97f-105e-4684-b087-4b6333aa3ced<-1c51b35f-55cb-4636-a00c-83d34bf2d9d4#0:FAIL-t520, aed1b97f-105e-4684-b087-4b6333aa3ced<-d21ee1f1-33f6-483c-a18b-27782ce1915a#0:FAIL-t520] and 0 exception(s); aed1b97f-105e-4684-b087-4b6333aa3ced@group-F043E0AED0ED:t520, leader=null, voted=aed1b97f-105e-4684-b087-4b6333aa3ced, raftlog=aed1b97f-105e-4684-b087-4b6333aa3ced@group-F043E0AED0ED-SegmentedRaftLog:OPENED:c-1,f-1,i0, conf=-1: [aed1b97f-105e-4684-b087-4b6333aa3ced:192.168.157.195:34943, 1c51b35f-55cb-4636-a00c-83d34bf2d9d4:192.168.157.195:34693, d21ee1f1-33f6-483c-a18b-27782ce1915a:192.168.157.195:46462], old=null
2019-10-23 22:22:44,683 [aed1b97f-105e-4684-b087-4b6333aa3ced@group-F043E0AED0ED-LeaderElection465] INFO  impl.RaftServerImpl (RaftServerImpl.java:setRole(184)) - aed1b97f-105e-4684-b087-4b6333aa3ced@group-F043E0AED0ED: changes role from CANDIDATE to FOLLOWER at term 520 for DISCOVERED_A_NEW_TERM
2019-10-23 22:22:44,683 [aed1b97f-105e-4684-b087-4b6333aa3ced@group-F043E0AED0ED-LeaderElection465] INFO  impl.RoleInfo (RoleInfo.java:shutdownLeaderElection(134)) - aed1b97f-105e-4684-b087-4b6333aa3ced: shutdown LeaderElection
2019-10-23 22:22:44,683 [aed1b97f-105e-4684-b087-4b6333aa3ced@group-F043E0AED0ED-LeaderElection465] INFO  impl.RoleInfo (RoleInfo.java:updateAndGet(143)) - aed1b97f-105e-4684-b087-4b6333aa3ced: start FollowerState
2019-10-23 22:22:44,741 [Thread-3380] INFO  impl.FollowerState (FollowerState.java:run(108)) - aed1b97f-105e-4684-b087-4b6333aa3ced@group-F043E0AED0ED-FollowerState: change to CANDIDATE, lastRpcTime:58ms, electionTimeout:58ms
2019-10-23 22:22:44,742 [Thread-3380] INFO  impl.RoleInfo (RoleInfo.java:shutdownFollowerState(121)) - aed1b97f-105e-4684-b087-4b6333aa3ced: shutdown FollowerState
2019-10-23 22:22:44,742 [Thread-3380] INFO  impl.RaftServerImpl (RaftServerImpl.java:setRole(184)) - aed1b97f-105e-4684-b087-4b6333aa3ced@group-F043E0AED0ED: changes role from  FOLLOWER to CANDIDATE at term 520 for changeToCandidate
2019-10-23 22:22:44,742 [Thread-3380] INFO  impl.RoleInfo (RoleInfo.java:updateAndGet(143)) - aed1b97f-105e-4684-b087-4b6333aa3ced: start LeaderElection
2019-10-23 22:22:44,755 [aed1b97f-105e-4684-b087-4b6333aa3ced@group-F043E0AED0ED-LeaderElection466] INFO  impl.LeaderElection (LeaderElection.java:askForVotes(178)) - aed1b97f-105e-4684-b087-4b6333aa3ced@group-F043E0AED0ED-LeaderElection466: begin an election at term 521 for -1: [aed1b97f-105e-4684-b087-4b6333aa3ced:192.168.157.195:34943, 1c51b35f-55cb-4636-a00c-83d34bf2d9d4:192.168.157.195:34693, d21ee1f1-33f6-483c-a18b-27782ce1915a:192.168.157.195:46462], old=null
2019-10-23 22:22:44,757 [grpc-default-executor-3] INFO  impl.RaftServerImpl (RaftServerImpl.java:setRole(184)) - 1c51b35f-55cb-4636-a00c-83d34bf2d9d4@group-F043E0AED0ED: changes role from  FOLLOWER to FOLLOWER at term 521 for recognizeCandidate:aed1b97f-105e-4684-b087-4b6333aa3ced
2019-10-23 22:22:44,757 [grpc-default-executor-5] INFO  impl.RaftServerImpl (RaftServerImpl.java:setRole(184)) - d21ee1f1-33f6-483c-a18b-27782ce1915a@group-F043E0AED0ED: changes role from  FOLLOWER to FOLLOWER at term 521 for recognizeCandidate:aed1b97f-105e-4684-b087-4b6333aa3ced
2019-10-23 22:22:44,757 [grpc-default-executor-5] INFO  impl.RoleInfo (RoleInfo.java:shutdownFollowerState(121)) - d21ee1f1-33f6-483c-a18b-27782ce1915a: shutdown FollowerState
2019-10-23 22:22:44,757 [grpc-default-executor-3] INFO  impl.RoleInfo (RoleInfo.java:shutdownFollowerState(121)) - 1c51b35f-55cb-4636-a00c-83d34bf2d9d4: shutdown FollowerState
2019-10-23 22:22:44,757 [Thread-3379] INFO  impl.FollowerState (FollowerState.java:run(117)) - d21ee1f1-33f6-483c-a18b-27782ce1915a@group-F043E0AED0ED-FollowerState was interrupted: java.lang.InterruptedException: sleep interrupted
2019-10-23 22:22:44,758 [Thread-3378] INFO  impl.FollowerState (FollowerState.java:run(117)) - 1c51b35f-55cb-4636-a00c-83d34bf2d9d4@group-F043E0AED0ED-FollowerState was interrupted: java.lang.InterruptedException: sleep interrupted
2019-10-23 22:22:44,757 [grpc-default-executor-5] INFO  impl.RoleInfo (RoleInfo.java:updateAndGet(143)) - d21ee1f1-33f6-483c-a18b-27782ce1915a: start FollowerState
2019-10-23 22:22:44,757 [grpc-default-executor-3] INFO  impl.RoleInfo (RoleInfo.java:updateAndGet(143)) - 1c51b35f-55cb-4636-a00c-83d34bf2d9d4: start FollowerState
2019-10-23 22:22:44,784 [aed1b97f-105e-4684-b087-4b6333aa3ced@group-F043E0AED0ED-LeaderElection466] INFO  impl.LeaderElection (LeaderElection.java:logAndReturn(56)) - aed1b97f-105e-4684-b087-4b6333aa3ced@group-F043E0AED0ED-LeaderElection466: Election REJECTED; received 2 response(s) [aed1b97f-105e-4684-b087-4b6333aa3ced<-1c51b35f-55cb-4636-a00c-83d34bf2d9d4#0:FAIL-t521, aed1b97f-105e-4684-b087-4b6333aa3ced<-d21ee1f1-33f6-483c-a18b-27782ce1915a#0:FAIL-t521] and 0 exception(s); aed1b97f-105e-4684-b087-4b6333aa3ced@group-F043E0AED0ED:t521, leader=null, voted=aed1b97f-105e-4684-b087-4b6333aa3ced, raftlog=aed1b97f-105e-4684-b087-4b6333aa3ced@group-F043E0AED0ED-SegmentedRaftLog:OPENED:c-1,f-1,i0, conf=-1: [aed1b97f-105e-4684-b087-4b6333aa3ced:192.168.157.195:34943, 1c51b35f-55cb-4636-a00c-83d34bf2d9d4:192.168.157.195:34693, d21ee1f1-33f6-483c-a18b-27782ce1915a:192.168.157.195:46462], old=null
2019-10-23 22:22:44,784 [aed1b97f-105e-4684-b087-4b6333aa3ced@group-F043E0AED0ED-LeaderElection466] INFO  impl.RaftServerImpl (RaftServerImpl.java:setRole(184)) - aed1b97f-105e-4684-b087-4b6333aa3ced@group-F043E0AED0ED: changes role from CANDIDATE to FOLLOWER at term 521 for DISCOVERED_A_NEW_TERM
2019-10-23 22:22:44,785 [aed1b97f-105e-4684-b087-4b6333aa3ced@group-F043E0AED0ED-LeaderElection466] INFO  impl.RoleInfo (RoleInfo.java:shutdownLeaderElection(134)) - aed1b97f-105e-4684-b087-4b6333aa3ced: shutdown LeaderElection
2019-10-23 22:22:44,785 [aed1b97f-105e-4684-b087-4b6333aa3ced@group-F043E0AED0ED-LeaderElection466] INFO  impl.RoleInfo (RoleInfo.java:updateAndGet(143)) - aed1b97f-105e-4684-b087-4b6333aa3ced: start FollowerState
2019-10-23 22:22:44,911 [Thread-3386] INFO  impl.FollowerState (FollowerState.java:run(108)) - aed1b97f-105e-4684-b087-4b6333aa3ced@group-F043E0AED0ED-FollowerState: change to CANDIDATE, lastRpcTime:126ms, electionTimeout:126ms
2019-10-23 22:22:44,911 [Thread-3386] INFO  impl.RoleInfo (RoleInfo.java:shutdownFollowerState(121)) - aed1b97f-105e-4684-b087-4b6333aa3ced: shutdown FollowerState
2019-10-23 22:22:44,911 [Thread-3386] INFO  impl.RaftServerImpl (RaftServerImpl.java:setRole(184)) - aed1b97f-105e-4684-b087-4b6333aa3ced@group-F043E0AED0ED: changes role from  FOLLOWER to CANDIDATE at term 521 for changeToCandidate
2019-10-23 22:22:44,911 [Thread-3386] INFO  impl.RoleInfo (RoleInfo.java:updateAndGet(143)) - aed1b97f-105e-4684-b087-4b6333aa3ced: start LeaderElection
2019-10-23 22:22:44,924 [aed1b97f-105e-4684-b087-4b6333aa3ced@group-F043E0AED0ED-LeaderElection467] INFO  impl.LeaderElection (LeaderElection.java:askForVotes(178)) - aed1b97f-105e-4684-b087-4b6333aa3ced@group-F043E0AED0ED-LeaderElection467: begin an election at term 522 for -1: [aed1b97f-105e-4684-b087-4b6333aa3ced:192.168.157.195:34943, 1c51b35f-55cb-4636-a00c-83d34bf2d9d4:192.168.157.195:34693, d21ee1f1-33f6-483c-a18b-27782ce1915a:192.168.157.195:46462], old=null
2019-10-23 22:22:44,926 [grpc-default-executor-3] INFO  impl.RaftServerImpl (RaftServerImpl.java:setRole(184)) - 1c51b35f-55cb-4636-a00c-83d34bf2d9d4@group-F043E0AED0ED: changes role from  FOLLOWER to FOLLOWER at term 522 for recognizeCandidate:aed1b97f-105e-4684-b087-4b6333aa3ced
2019-10-23 22:22:44,926 [grpc-default-executor-5] INFO  impl.RaftServerImpl (RaftServerImpl.java:setRole(184)) - d21ee1f1-33f6-483c-a18b-27782ce1915a@group-F043E0AED0ED: changes role from  FOLLOWER to FOLLOWER at term 522 for recognizeCandidate:aed1b97f-105e-4684-b087-4b6333aa3ced
2019-10-23 22:22:44,926 [grpc-default-executor-5] INFO  impl.RoleInfo (RoleInfo.java:shutdownFollowerState(121)) - d21ee1f1-33f6-483c-a18b-27782ce1915a: shutdown FollowerState
2019-10-23 22:22:44,926 [grpc-default-executor-3] INFO  impl.RoleInfo (RoleInfo.java:shutdownFollowerState(121)) - 1c51b35f-55cb-4636-a00c-83d34bf2d9d4: shutdown FollowerState
2019-10-23 22:22:44,926 [Thread-3384] INFO  impl.FollowerState (FollowerState.java:run(117)) - d21ee1f1-33f6-483c-a18b-27782ce1915a@group-F043E0AED0ED-FollowerState was interrupted: java.lang.InterruptedException: sleep interrupted
2019-10-23 22:22:44,926 [Thread-3385] INFO  impl.FollowerState (FollowerState.java:run(117)) - 1c51b35f-55cb-4636-a00c-83d34bf2d9d4@group-F043E0AED0ED-FollowerState was interrupted: java.lang.InterruptedException: sleep interrupted
2019-10-23 22:22:44,926 [grpc-default-executor-5] INFO  impl.RoleInfo (RoleInfo.java:updateAndGet(143)) - d21ee1f1-33f6-483c-a18b-27782ce1915a: start FollowerState
2019-10-23 22:22:44,926 [grpc-default-executor-3] INFO  impl.RoleInfo (RoleInfo.java:updateAndGet(143)) - 1c51b35f-55cb-4636-a00c-83d34bf2d9d4: start FollowerState
2019-10-23 22:22:44,941 [aed1b97f-105e-4684-b087-4b6333aa3ced@group-F043E0AED0ED-LeaderElection467] INFO  impl.LeaderElection (LeaderElection.java:logAndReturn(56)) - aed1b97f-105e-4684-b087-4b6333aa3ced@group-F043E0AED0ED-LeaderElection467: Election REJECTED; received 2 response(s) [aed1b97f-105e-4684-b087-4b6333aa3ced<-1c51b35f-55cb-4636-a00c-83d34bf2d9d4#0:FAIL-t522, aed1b97f-105e-4684-b087-4b6333aa3ced<-d21ee1f1-33f6-483c-a18b-27782ce1915a#0:FAIL-t522] and 0 exception(s); aed1b97f-105e-4684-b087-4b6333aa3ced@group-F043E0AED0ED:t522, leader=null, voted=aed1b97f-105e-4684-b087-4b6333aa3ced, raftlog=aed1b97f-105e-4684-b087-4b6333aa3ced@group-F043E0AED0ED-SegmentedRaftLog:OPENED:c-1,f-1,i0, conf=-1: [aed1b97f-105e-4684-b087-4b6333aa3ced:192.168.157.195:34943, 1c51b35f-55cb-4636-a00c-83d34bf2d9d4:192.168.157.195:34693, d21ee1f1-33f6-483c-a18b-27782ce1915a:192.168.157.195:46462], old=null
2019-10-23 22:22:44,942 [aed1b97f-105e-4684-b087-4b6333aa3ced@group-F043E0AED0ED-LeaderElection467] INFO  impl.RaftServerImpl (RaftServerImpl.java:setRole(184)) - aed1b97f-105e-4684-b087-4b6333aa3ced@group-F043E0AED0ED: changes role from CANDIDATE to FOLLOWER at term 522 for DISCOVERED_A_NEW_TERM
2019-10-23 22:22:44,942 [aed1b97f-105e-4684-b087-4b6333aa3ced@group-F043E0AED0ED-LeaderElection467] INFO  impl.RoleInfo (RoleInfo.java:shutdownLeaderElection(134)) - aed1b97f-105e-4684-b087-4b6333aa3ced: shutdown LeaderElection
2019-10-23 22:22:44,942 [aed1b97f-105e-4684-b087-4b6333aa3ced@group-F043E0AED0ED-LeaderElection467] INFO  impl.RoleInfo (RoleInfo.java:updateAndGet(143)) - aed1b97f-105e-4684-b087-4b6333aa3ced: start FollowerState
2019-10-23 22:22:45,132 [Thread-3392] INFO  impl.FollowerState (FollowerState.java:run(108)) - aed1b97f-105e-4684-b087-4b6333aa3ced@group-F043E0AED0ED-FollowerState: change to CANDIDATE, lastRpcTime:190ms, electionTimeout:190ms
2019-10-23 22:22:45,134 [Thread-3392] INFO  impl.RoleInfo (RoleInfo.java:shutdownFollowerState(121)) - aed1b97f-105e-4684-b087-4b6333aa3ced: shutdown FollowerState
2019-10-23 22:22:45,134 [Thread-3392] INFO  impl.RaftServerImpl (RaftServerImpl.java:setRole(184)) - aed1b97f-105e-4684-b087-4b6333aa3ced@group-F043E0AED0ED: changes role from  FOLLOWER to CANDIDATE at term 522 for changeToCandidate
2019-10-23 22:22:45,134 [Thread-3392] INFO  impl.RoleInfo (RoleInfo.java:updateAndGet(143)) - aed1b97f-105e-4684-b087-4b6333aa3ced: start LeaderElection
2019-10-23 22:22:45,150 [aed1b97f-105e-4684-b087-4b6333aa3ced@group-F043E0AED0ED-LeaderElection468] INFO  impl.LeaderElection (LeaderElection.java:askForVotes(178)) - aed1b97f-105e-4684-b087-4b6333aa3ced@group-F043E0AED0ED-LeaderElection468: begin an election at term 523 for -1: [aed1b97f-105e-4684-b087-4b6333aa3ced:192.168.157.195:34943, 1c51b35f-55cb-4636-a00c-83d34bf2d9d4:192.168.157.195:34693, d21ee1f1-33f6-483c-a18b-27782ce1915a:192.168.157.195:46462], old=null
2019-10-23 22:22:45,157 [grpc-default-executor-3] INFO  impl.RaftServerImpl (RaftServerImpl.java:setRole(184)) - d21ee1f1-33f6-483c-a18b-27782ce1915a@group-F043E0AED0ED: changes role from  FOLLOWER to FOLLOWER at term 523 for recognizeCandidate:aed1b97f-105e-4684-b087-4b6333aa3ced
2019-10-23 22:22:45,157 [grpc-default-executor-5] INFO  impl.RaftServerImpl (RaftServerImpl.java:setRole(184)) - 1c51b35f-55cb-4636-a00c-83d34bf2d9d4@group-F043E0AED0ED: changes role from  FOLLOWER to FOLLOWER at term 523 for recognizeCandidate:aed1b97f-105e-4684-b087-4b6333aa3ced
2019-10-23 22:22:45,157 [grpc-default-executor-3] INFO  impl.RoleInfo (RoleInfo.java:shutdownFollowerState(121)) - d21ee1f1-33f6-483c-a18b-27782ce1915a: shutdown FollowerState
2019-10-23 22:22:45,157 [grpc-default-executor-5] INFO  impl.RoleInfo (RoleInfo.java:shutdownFollowerState(121)) - 1c51b35f-55cb-4636-a00c-83d34bf2d9d4: shutdown FollowerState
2019-10-23 22:22:45,157 [grpc-default-executor-3] INFO  impl.RoleInfo (RoleInfo.java:updateAndGet(143)) - d21ee1f1-33f6-483c-a18b-27782ce1915a: start FollowerState
2019-10-23 22:22:45,157 [grpc-default-executor-5] INFO  impl.RoleInfo (RoleInfo.java:updateAndGet(143)) - 1c51b35f-55cb-4636-a00c-83d34bf2d9d4: start FollowerState
2019-10-23 22:22:45,157 [Thread-3390] INFO  impl.FollowerState (FollowerState.java:run(117)) - d21ee1f1-33f6-483c-a18b-27782ce1915a@group-F043E0AED0ED-FollowerState was interrupted: java.lang.InterruptedException: sleep interrupted
2019-10-23 22:22:45,157 [Thread-3391] INFO  impl.FollowerState (FollowerState.java:run(117)) - 1c51b35f-55cb-4636-a00c-83d34bf2d9d4@group-F043E0AED0ED-FollowerState was interrupted: java.lang.InterruptedException: sleep interrupted
2019-10-23 22:22:45,173 [aed1b97f-105e-4684-b087-4b6333aa3ced@group-F043E0AED0ED-LeaderElection468] INFO  impl.LeaderElection (LeaderElection.java:logAndReturn(56)) - aed1b97f-105e-4684-b087-4b6333aa3ced@group-F043E0AED0ED-LeaderElection468: Election REJECTED; received 2 response(s) [aed1b97f-105e-4684-b087-4b6333aa3ced<-1c51b35f-55cb-4636-a00c-83d34bf2d9d4#0:FAIL-t523, aed1b97f-105e-4684-b087-4b6333aa3ced<-d21ee1f1-33f6-483c-a18b-27782ce1915a#0:FAIL-t523] and 0 exception(s); aed1b97f-105e-4684-b087-4b6333aa3ced@group-F043E0AED0ED:t523, leader=null, voted=aed1b97f-105e-4684-b087-4b6333aa3ced, raftlog=aed1b97f-105e-4684-b087-4b6333aa3ced@group-F043E0AED0ED-SegmentedRaftLog:OPENED:c-1,f-1,i0, conf=-1: [aed1b97f-105e-4684-b087-4b6333aa3ced:192.168.157.195:34943, 1c51b35f-55cb-4636-a00c-83d34bf2d9d4:192.168.157.195:34693, d21ee1f1-33f6-483c-a18b-27782ce1915a:192.168.157.195:46462], old=null
2019-10-23 22:22:45,173 [aed1b97f-105e-4684-b087-4b6333aa3ced@group-F043E0AED0ED-LeaderElection468] INFO  impl.RaftServerImpl (RaftServerImpl.java:setRole(184)) - aed1b97f-105e-4684-b087-4b6333aa3ced@group-F043E0AED0ED: changes role from CANDIDATE to FOLLOWER at term 523 for DISCOVERED_A_NEW_TERM
2019-10-23 22:22:45,173 [aed1b97f-105e-4684-b087-4b6333aa3ced@group-F043E0AED0ED-LeaderElection468] INFO  impl.RoleInfo (RoleInfo.java:shutdownLeaderElection(134)) - aed1b97f-105e-4684-b087-4b6333aa3ced: shutdown LeaderElection
2019-10-23 22:22:45,173 [aed1b97f-105e-4684-b087-4b6333aa3ced@group-F043E0AED0ED-LeaderElection468] INFO  impl.RoleInfo (RoleInfo.java:updateAndGet(143)) - aed1b97f-105e-4684-b087-4b6333aa3ced: start FollowerState
2019-10-23 22:22:45,215 [main] INFO  ozoneimpl.OzoneContainer (OzoneContainer.java:stop(227)) - Attempting to stop container services.
2019-10-23 22:22:45,215 [ForkJoinPool.commonPool-worker-0] INFO  ozoneimpl.OzoneContainer (OzoneContainer.java:stop(227)) - Attempting to stop container services.
2019-10-23 22:22:45,217 [main] INFO  impl.RaftServerProxy (RaftServerProxy.java:lambda$close$4(314)) - d21ee1f1-33f6-483c-a18b-27782ce1915a: close
2019-10-23 22:22:45,217 [ForkJoinPool.commonPool-worker-0] INFO  impl.RaftServerProxy (RaftServerProxy.java:lambda$close$4(314)) - aed1b97f-105e-4684-b087-4b6333aa3ced: close
2019-10-23 22:22:45,218 [ForkJoinPool.commonPool-worker-0] INFO  impl.RaftServerImpl (RaftServerImpl.java:lambda$shutdown$3(261)) - aed1b97f-105e-4684-b087-4b6333aa3ced@group-CA02B0D7E474: shutdown
2019-10-23 22:22:45,218 [main] INFO  impl.RaftServerImpl (RaftServerImpl.java:lambda$shutdown$3(261)) - d21ee1f1-33f6-483c-a18b-27782ce1915a@group-F043E0AED0ED: shutdown
2019-10-23 22:22:45,219 [ForkJoinPool.commonPool-worker-0] INFO  util.JmxRegister (JmxRegister.java:unregister(73)) - Successfully un-registered JMX Bean with object name Ratis:service=RaftServer,group=group-CA02B0D7E474,id=aed1b97f-105e-4684-b087-4b6333aa3ced
2019-10-23 22:22:45,219 [main] INFO  util.JmxRegister (JmxRegister.java:unregister(73)) - Successfully un-registered JMX Bean with object name Ratis:service=RaftServer,group=group-F043E0AED0ED,id=d21ee1f1-33f6-483c-a18b-27782ce1915a
2019-10-23 22:22:45,219 [main] INFO  impl.RoleInfo (RoleInfo.java:shutdownFollowerState(121)) - d21ee1f1-33f6-483c-a18b-27782ce1915a: shutdown FollowerState
2019-10-23 22:22:45,219 [ForkJoinPool.commonPool-worker-0] INFO  impl.RoleInfo (RoleInfo.java:shutdownLeaderState(104)) - aed1b97f-105e-4684-b087-4b6333aa3ced: shutdown LeaderState
2019-10-23 22:22:45,220 [main] INFO  impl.StateMachineUpdater (StateMachineUpdater.java:stopAndJoin(136)) - d21ee1f1-33f6-483c-a18b-27782ce1915a@group-F043E0AED0ED-StateMachineUpdater: set stopIndex = -1
2019-10-23 22:22:45,220 [Thread-3396] INFO  impl.FollowerState (FollowerState.java:run(117)) - d21ee1f1-33f6-483c-a18b-27782ce1915a@group-F043E0AED0ED-FollowerState was interrupted: java.lang.InterruptedException: sleep interrupted
2019-10-23 22:22:45,221 [main] INFO  impl.RaftServerImpl (ServerState.java:close(388)) - d21ee1f1-33f6-483c-a18b-27782ce1915a@group-F043E0AED0ED: closes. applyIndex: -1
2019-10-23 22:22:45,220 [ForkJoinPool.commonPool-worker-0] INFO  impl.PendingRequests (PendingRequests.java:sendNotLeaderResponses(202)) - aed1b97f-105e-4684-b087-4b6333aa3ced@group-CA02B0D7E474-PendingRequests: sendNotLeaderResponses
2019-10-23 22:22:45,222 [d21ee1f1-33f6-483c-a18b-27782ce1915a@group-F043E0AED0ED-SegmentedRaftLogWorker] INFO  segmented.SegmentedRaftLogWorker (SegmentedRaftLogWorker.java:run(316)) - d21ee1f1-33f6-483c-a18b-27782ce1915a@group-F043E0AED0ED-SegmentedRaftLogWorker was interrupted, exiting. There are 0 tasks remaining in the queue.
2019-10-23 22:22:45,222 [ForkJoinPool.commonPool-worker-0] INFO  impl.StateMachineUpdater (StateMachineUpdater.java:stopAndJoin(136)) - aed1b97f-105e-4684-b087-4b6333aa3ced@group-CA02B0D7E474-StateMachineUpdater: set stopIndex = 0
2019-10-23 22:22:45,226 [main] INFO  segmented.SegmentedRaftLogWorker (SegmentedRaftLogWorker.java:close(224)) - d21ee1f1-33f6-483c-a18b-27782ce1915a@group-F043E0AED0ED-SegmentedRaftLogWorker close()
2019-10-23 22:22:45,228 [ForkJoinPool.commonPool-worker-0] INFO  impl.RaftServerImpl (ServerState.java:close(388)) - aed1b97f-105e-4684-b087-4b6333aa3ced@group-CA02B0D7E474: closes. applyIndex: 0
2019-10-23 22:22:45,228 [main] INFO  impl.RaftServerImpl (RaftServerImpl.java:lambda$shutdown$3(261)) - d21ee1f1-33f6-483c-a18b-27782ce1915a@group-4CECC1A3431D: shutdown
2019-10-23 22:22:45,229 [aed1b97f-105e-4684-b087-4b6333aa3ced@group-CA02B0D7E474-SegmentedRaftLogWorker] INFO  segmented.SegmentedRaftLogWorker (SegmentedRaftLogWorker.java:run(316)) - aed1b97f-105e-4684-b087-4b6333aa3ced@group-CA02B0D7E474-SegmentedRaftLogWorker was interrupted, exiting. There are 0 tasks remaining in the queue.
2019-10-23 22:22:45,229 [main] INFO  util.JmxRegister (JmxRegister.java:unregister(73)) - Successfully un-registered JMX Bean with object name Ratis:service=RaftServer,group=group-4CECC1A3431D,id=d21ee1f1-33f6-483c-a18b-27782ce1915a
2019-10-23 22:22:45,230 [ForkJoinPool.commonPool-worker-0] INFO  segmented.SegmentedRaftLogWorker (SegmentedRaftLogWorker.java:close(224)) - aed1b97f-105e-4684-b087-4b6333aa3ced@group-CA02B0D7E474-SegmentedRaftLogWorker close()
2019-10-23 22:22:45,230 [main] INFO  impl.RoleInfo (RoleInfo.java:shutdownLeaderState(104)) - d21ee1f1-33f6-483c-a18b-27782ce1915a: shutdown LeaderState
2019-10-23 22:22:45,232 [ForkJoinPool.commonPool-worker-0] INFO  impl.RaftServerImpl (RaftServerImpl.java:lambda$shutdown$3(261)) - aed1b97f-105e-4684-b087-4b6333aa3ced@group-F043E0AED0ED: shutdown
2019-10-23 22:22:45,232 [main] INFO  impl.PendingRequests (PendingRequests.java:sendNotLeaderResponses(202)) - d21ee1f1-33f6-483c-a18b-27782ce1915a@group-4CECC1A3431D-PendingRequests: sendNotLeaderResponses
2019-10-23 22:22:45,233 [ForkJoinPool.commonPool-worker-0] INFO  util.JmxRegister (JmxRegister.java:unregister(73)) - Successfully un-registered JMX Bean with object name Ratis:service=RaftServer,group=group-F043E0AED0ED,id=aed1b97f-105e-4684-b087-4b6333aa3ced
2019-10-23 22:22:45,233 [main] INFO  impl.StateMachineUpdater (StateMachineUpdater.java:stopAndJoin(136)) - d21ee1f1-33f6-483c-a18b-27782ce1915a@group-4CECC1A3431D-StateMachineUpdater: set stopIndex = 0
2019-10-23 22:22:45,233 [ForkJoinPool.commonPool-worker-0] INFO  impl.RoleInfo (RoleInfo.java:shutdownFollowerState(121)) - aed1b97f-105e-4684-b087-4b6333aa3ced: shutdown FollowerState
2019-10-23 22:22:45,233 [main] INFO  impl.RaftServerImpl (ServerState.java:close(388)) - d21ee1f1-33f6-483c-a18b-27782ce1915a@group-4CECC1A3431D: closes. applyIndex: 0
2019-10-23 22:22:45,234 [Thread-3398] INFO  impl.FollowerState (FollowerState.java:run(117)) - aed1b97f-105e-4684-b087-4b6333aa3ced@group-F043E0AED0ED-FollowerState was interrupted: java.lang.InterruptedException: sleep interrupted
2019-10-23 22:22:45,233 [ForkJoinPool.commonPool-worker-0] INFO  impl.StateMachineUpdater (StateMachineUpdater.java:stopAndJoin(136)) - aed1b97f-105e-4684-b087-4b6333aa3ced@group-F043E0AED0ED-StateMachineUpdater: set stopIndex = -1
2019-10-23 22:22:45,234 [ForkJoinPool.commonPool-worker-0] INFO  impl.RaftServerImpl (ServerState.java:close(388)) - aed1b97f-105e-4684-b087-4b6333aa3ced@group-F043E0AED0ED: closes. applyIndex: -1
2019-10-23 22:22:45,234 [d21ee1f1-33f6-483c-a18b-27782ce1915a@group-4CECC1A3431D-SegmentedRaftLogWorker] INFO  segmented.SegmentedRaftLogWorker (SegmentedRaftLogWorker.java:run(316)) - d21ee1f1-33f6-483c-a18b-27782ce1915a@group-4CECC1A3431D-SegmentedRaftLogWorker was interrupted, exiting. There are 0 tasks remaining in the queue.
2019-10-23 22:22:45,235 [main] INFO  segmented.SegmentedRaftLogWorker (SegmentedRaftLogWorker.java:close(224)) - d21ee1f1-33f6-483c-a18b-27782ce1915a@group-4CECC1A3431D-SegmentedRaftLogWorker close()
2019-10-23 22:22:45,237 [aed1b97f-105e-4684-b087-4b6333aa3ced@group-F043E0AED0ED-SegmentedRaftLogWorker] INFO  segmented.SegmentedRaftLogWorker (SegmentedRaftLogWorker.java:run(316)) - aed1b97f-105e-4684-b087-4b6333aa3ced@group-F043E0AED0ED-SegmentedRaftLogWorker was interrupted, exiting. There are 0 tasks remaining in the queue.
2019-10-23 22:22:45,237 [main] INFO  server.GrpcService (GrpcService.java:closeImpl(164)) - d21ee1f1-33f6-483c-a18b-27782ce1915a: shutdown server with port 46462 now
2019-10-23 22:22:45,237 [ForkJoinPool.commonPool-worker-0] INFO  segmented.SegmentedRaftLogWorker (SegmentedRaftLogWorker.java:close(224)) - aed1b97f-105e-4684-b087-4b6333aa3ced@group-F043E0AED0ED-SegmentedRaftLogWorker close()
2019-10-23 22:22:45,247 [ForkJoinPool.commonPool-worker-0] INFO  server.GrpcService (GrpcService.java:closeImpl(164)) - aed1b97f-105e-4684-b087-4b6333aa3ced: shutdown server with port 34943 now
2019-10-23 22:22:45,247 [main] INFO  server.GrpcService (GrpcService.java:closeImpl(172)) - d21ee1f1-33f6-483c-a18b-27782ce1915a: shutdown server with port 46462 successfully
2019-10-23 22:22:45,252 [ForkJoinPool.commonPool-worker-0] INFO  server.GrpcService (GrpcService.java:closeImpl(172)) - aed1b97f-105e-4684-b087-4b6333aa3ced: shutdown server with port 34943 successfully
2019-10-23 22:22:45,256 [refreshUsed-/workdir/hadoop-ozone/integration-test/target/test-dir/MiniOzoneClusterImpl-1227f15e-0d15-49c5-99be-ea5deb396080/datanode-2/data/containers] WARN  fs.CachingGetSpaceUsed (CachingGetSpaceUsed.java:run(183)) - Thread Interrupted waiting to refresh disk information: sleep interrupted
2019-10-23 22:22:45,257 [refreshUsed-/workdir/hadoop-ozone/integration-test/target/test-dir/MiniOzoneClusterImpl-1227f15e-0d15-49c5-99be-ea5deb396080/datanode-1/data/containers] WARN  fs.CachingGetSpaceUsed (CachingGetSpaceUsed.java:run(183)) - Thread Interrupted waiting to refresh disk information: sleep interrupted
2019-10-23 22:22:45,286 [main] INFO  utils.BackgroundService (BackgroundService.java:shutdown(151)) - Shutting down service BlockDeletingService
2019-10-23 22:22:45,286 [ForkJoinPool.commonPool-worker-0] INFO  utils.BackgroundService (BackgroundService.java:shutdown(151)) - Shutting down service BlockDeletingService
2019-10-23 22:22:45,289 [ForkJoinPool.commonPool-worker-0] INFO  statemachine.DatanodeStateMachine (DatanodeStateMachine.java:stopDaemon(395)) - Ozone container server stopped.
2019-10-23 22:22:45,289 [main] INFO  statemachine.DatanodeStateMachine (DatanodeStateMachine.java:stopDaemon(395)) - Ozone container server stopped.
2019-10-23 22:22:45,294 [ForkJoinPool.commonPool-worker-0] INFO  handler.ContextHandler (ContextHandler.java:doStop(910)) - Stopped o.e.j.w.WebAppContext@56cfe111{/,null,UNAVAILABLE}{/hddsDatanode}
2019-10-23 22:22:45,294 [main] INFO  handler.ContextHandler (ContextHandler.java:doStop(910)) - Stopped o.e.j.w.WebAppContext@3722c145{/,null,UNAVAILABLE}{/hddsDatanode}
2019-10-23 22:22:45,296 [ForkJoinPool.commonPool-worker-0] INFO  server.AbstractConnector (AbstractConnector.java:doStop(318)) - Stopped ServerConnector@7e446d92{HTTP/1.1,[http/1.1]}{0.0.0.0:0}
2019-10-23 22:22:45,296 [main] INFO  server.AbstractConnector (AbstractConnector.java:doStop(318)) - Stopped ServerConnector@4cbc2e3b{HTTP/1.1,[http/1.1]}{0.0.0.0:0}
2019-10-23 22:22:45,297 [ForkJoinPool.commonPool-worker-0] INFO  handler.ContextHandler (ContextHandler.java:doStop(910)) - Stopped o.e.j.s.ServletContextHandler@2da3b078{/static,jar:file:/home/user/.m2/repository/org/apache/hadoop/hadoop-hdds-container-service/0.5.0-SNAPSHOT/hadoop-hdds-container-service-0.5.0-SNAPSHOT.jar!/webapps/static,UNAVAILABLE}
2019-10-23 22:22:45,297 [main] INFO  handler.ContextHandler (ContextHandler.java:doStop(910)) - Stopped o.e.j.s.ServletContextHandler@1caa9eb6{/static,jar:file:/home/user/.m2/repository/org/apache/hadoop/hadoop-hdds-container-service/0.5.0-SNAPSHOT/hadoop-hdds-container-service-0.5.0-SNAPSHOT.jar!/webapps/static,UNAVAILABLE}
2019-10-23 22:22:45,298 [ForkJoinPool.commonPool-worker-0] INFO  handler.ContextHandler (ContextHandler.java:doStop(910)) - Stopped o.e.j.s.ServletContextHandler@19a64eae{/logs,file:///workdir/hadoop-ozone/integration-test/target/log,UNAVAILABLE}
2019-10-23 22:22:45,298 [main] INFO  handler.ContextHandler (ContextHandler.java:doStop(910)) - Stopped o.e.j.s.ServletContextHandler@51ec2856{/logs,file:///workdir/hadoop-ozone/integration-test/target/log,UNAVAILABLE}
2019-10-23 22:22:45,962 [Datanode State Machine Thread - 0] INFO  statemachine.DatanodeStateMachine (DatanodeStateMachine.java:lambda$startDaemon$0(350)) - Ozone container server started.
2019-10-23 22:22:45,971 [Datanode State Machine Thread - 0] INFO  statemachine.DatanodeStateMachine (DatanodeStateMachine.java:lambda$startDaemon$0(350)) - Ozone container server started.
2019-10-23 22:22:50,182 [Thread-3397] INFO  impl.FollowerState (FollowerState.java:run(108)) - 1c51b35f-55cb-4636-a00c-83d34bf2d9d4@group-F043E0AED0ED-FollowerState: change to CANDIDATE, lastRpcTime:5024ms, electionTimeout:5024ms
2019-10-23 22:22:50,182 [Thread-3397] INFO  impl.RoleInfo (RoleInfo.java:shutdownFollowerState(121)) - 1c51b35f-55cb-4636-a00c-83d34bf2d9d4: shutdown FollowerState
2019-10-23 22:22:50,183 [Thread-3397] INFO  impl.RaftServerImpl (RaftServerImpl.java:setRole(184)) - 1c51b35f-55cb-4636-a00c-83d34bf2d9d4@group-F043E0AED0ED: changes role from  FOLLOWER to CANDIDATE at term 523 for changeToCandidate
2019-10-23 22:22:50,183 [Thread-3397] INFO  impl.RoleInfo (RoleInfo.java:updateAndGet(143)) - 1c51b35f-55cb-4636-a00c-83d34bf2d9d4: start LeaderElection
2019-10-23 22:22:50,198 [1c51b35f-55cb-4636-a00c-83d34bf2d9d4@group-F043E0AED0ED-LeaderElection469] INFO  impl.LeaderElection (LeaderElection.java:askForVotes(178)) - 1c51b35f-55cb-4636-a00c-83d34bf2d9d4@group-F043E0AED0ED-LeaderElection469: begin an election at term 524 for 0: [aed1b97f-105e-4684-b087-4b6333aa3ced:192.168.157.195:34943, 1c51b35f-55cb-4636-a00c-83d34bf2d9d4:192.168.157.195:34693, d21ee1f1-33f6-483c-a18b-27782ce1915a:192.168.157.195:46462], old=null
2019-10-23 22:22:50,213 [1c51b35f-55cb-4636-a00c-83d34bf2d9d4@group-F043E0AED0ED-LeaderElection469] INFO  impl.LeaderElection (LogUtils.java:infoOrTrace(149)) - 1c51b35f-55cb-4636-a00c-83d34bf2d9d4@group-F043E0AED0ED-LeaderElection469 got exception when requesting votes: {}
java.util.concurrent.ExecutionException: org.apache.ratis.thirdparty.io.grpc.StatusRuntimeException: UNAVAILABLE: io exception
	at java.util.concurrent.FutureTask.report(FutureTask.java:122)
	at java.util.concurrent.FutureTask.get(FutureTask.java:192)
	at org.apache.ratis.server.impl.LeaderElection.waitForResults(LeaderElection.java:259)
	at org.apache.ratis.server.impl.LeaderElection.askForVotes(LeaderElection.java:197)
	at org.apache.ratis.server.impl.LeaderElection.run(LeaderElection.java:133)
	at java.lang.Thread.run(Thread.java:748)
Caused by: org.apache.ratis.thirdparty.io.grpc.StatusRuntimeException: UNAVAILABLE: io exception
	at org.apache.ratis.thirdparty.io.grpc.stub.ClientCalls.toStatusRuntimeException(ClientCalls.java:233)
	at org.apache.ratis.thirdparty.io.grpc.stub.ClientCalls.getUnchecked(ClientCalls.java:214)
	at org.apache.ratis.thirdparty.io.grpc.stub.ClientCalls.blockingUnaryCall(ClientCalls.java:139)
	at org.apache.ratis.proto.grpc.RaftServerProtocolServiceGrpc$RaftServerProtocolServiceBlockingStub.requestVote(RaftServerProtocolServiceGrpc.java:265)
	at org.apache.ratis.grpc.server.GrpcServerProtocolClient.requestVote(GrpcServerProtocolClient.java:99)
	at org.apache.ratis.grpc.server.GrpcService.requestVote(GrpcService.java:204)
	at org.apache.ratis.server.impl.LeaderElection.lambda$submitRequests$1(LeaderElection.java:234)
	at java.util.concurrent.FutureTask.run(FutureTask.java:266)
	at java.util.concurrent.Executors$RunnableAdapter.call(Executors.java:511)
	at java.util.concurrent.FutureTask.run(FutureTask.java:266)
	at java.util.concurrent.ThreadPoolExecutor.runWorker(ThreadPoolExecutor.java:1149)
	at java.util.concurrent.ThreadPoolExecutor$Worker.run(ThreadPoolExecutor.java:624)
	... 1 more
Caused by: org.apache.ratis.thirdparty.io.netty.channel.AbstractChannel$AnnotatedConnectException: Connection refused: /192.168.157.195:46462
	at sun.nio.ch.SocketChannelImpl.checkConnect(Native Method)
	at sun.nio.ch.SocketChannelImpl.finishConnect(SocketChannelImpl.java:717)
	at org.apache.ratis.thirdparty.io.netty.channel.socket.nio.NioSocketChannel.doFinishConnect(NioSocketChannel.java:327)
	at org.apache.ratis.thirdparty.io.netty.channel.nio.AbstractNioChannel$AbstractNioUnsafe.finishConnect(AbstractNioChannel.java:340)
	at org.apache.ratis.thirdparty.io.netty.channel.nio.NioEventLoop.processSelectedKey(NioEventLoop.java:632)
	at org.apache.ratis.thirdparty.io.netty.channel.nio.NioEventLoop.processSelectedKeysOptimized(NioEventLoop.java:579)
	at org.apache.ratis.thirdparty.io.netty.channel.nio.NioEventLoop.processSelectedKeys(NioEventLoop.java:496)
	at org.apache.ratis.thirdparty.io.netty.channel.nio.NioEventLoop.run(NioEventLoop.java:458)
	at org.apache.ratis.thirdparty.io.netty.util.concurrent.SingleThreadEventExecutor$5.run(SingleThreadEventExecutor.java:897)
	at org.apache.ratis.thirdparty.io.netty.util.concurrent.FastThreadLocalRunnable.run(FastThreadLocalRunnable.java:30)
	... 1 more
Caused by: java.net.ConnectException: Connection refused
	... 11 more
2019-10-23 22:22:50,218 [1c51b35f-55cb-4636-a00c-83d34bf2d9d4@group-F043E0AED0ED-LeaderElection469] INFO  impl.LeaderElection (LogUtils.java:infoOrTrace(149)) - 1c51b35f-55cb-4636-a00c-83d34bf2d9d4@group-F043E0AED0ED-LeaderElection469 got exception when requesting votes: {}
java.util.concurrent.ExecutionException: org.apache.ratis.thirdparty.io.grpc.StatusRuntimeException: UNAVAILABLE: io exception
	at java.util.concurrent.FutureTask.report(FutureTask.java:122)
	at java.util.concurrent.FutureTask.get(FutureTask.java:192)
	at org.apache.ratis.server.impl.LeaderElection.waitForResults(LeaderElection.java:259)
	at org.apache.ratis.server.impl.LeaderElection.askForVotes(LeaderElection.java:197)
	at org.apache.ratis.server.impl.LeaderElection.run(LeaderElection.java:133)
	at java.lang.Thread.run(Thread.java:748)
Caused by: org.apache.ratis.thirdparty.io.grpc.StatusRuntimeException: UNAVAILABLE: io exception
	at org.apache.ratis.thirdparty.io.grpc.stub.ClientCalls.toStatusRuntimeException(ClientCalls.java:233)
	at org.apache.ratis.thirdparty.io.grpc.stub.ClientCalls.getUnchecked(ClientCalls.java:214)
	at org.apache.ratis.thirdparty.io.grpc.stub.ClientCalls.blockingUnaryCall(ClientCalls.java:139)
	at org.apache.ratis.proto.grpc.RaftServerProtocolServiceGrpc$RaftServerProtocolServiceBlockingStub.requestVote(RaftServerProtocolServiceGrpc.java:265)
	at org.apache.ratis.grpc.server.GrpcServerProtocolClient.requestVote(GrpcServerProtocolClient.java:99)
	at org.apache.ratis.grpc.server.GrpcService.requestVote(GrpcService.java:204)
	at org.apache.ratis.server.impl.LeaderElection.lambda$submitRequests$1(LeaderElection.java:234)
	at java.util.concurrent.FutureTask.run(FutureTask.java:266)
	at java.util.concurrent.Executors$RunnableAdapter.call(Executors.java:511)
	at java.util.concurrent.FutureTask.run(FutureTask.java:266)
	at java.util.concurrent.ThreadPoolExecutor.runWorker(ThreadPoolExecutor.java:1149)
	at java.util.concurrent.ThreadPoolExecutor$Worker.run(ThreadPoolExecutor.java:624)
	... 1 more
Caused by: org.apache.ratis.thirdparty.io.netty.channel.AbstractChannel$AnnotatedConnectException: Connection refused: /192.168.157.195:34943
	at sun.nio.ch.SocketChannelImpl.checkConnect(Native Method)
	at sun.nio.ch.SocketChannelImpl.finishConnect(SocketChannelImpl.java:717)
	at org.apache.ratis.thirdparty.io.netty.channel.socket.nio.NioSocketChannel.doFinishConnect(NioSocketChannel.java:327)
	at org.apache.ratis.thirdparty.io.netty.channel.nio.AbstractNioChannel$AbstractNioUnsafe.finishConnect(AbstractNioChannel.java:340)
	at org.apache.ratis.thirdparty.io.netty.channel.nio.NioEventLoop.processSelectedKey(NioEventLoop.java:632)
	at org.apache.ratis.thirdparty.io.netty.channel.nio.NioEventLoop.processSelectedKeysOptimized(NioEventLoop.java:579)
	at org.apache.ratis.thirdparty.io.netty.channel.nio.NioEventLoop.processSelectedKeys(NioEventLoop.java:496)
	at org.apache.ratis.thirdparty.io.netty.channel.nio.NioEventLoop.run(NioEventLoop.java:458)
	at org.apache.ratis.thirdparty.io.netty.util.concurrent.SingleThreadEventExecutor$5.run(SingleThreadEventExecutor.java:897)
	at org.apache.ratis.thirdparty.io.netty.util.concurrent.FastThreadLocalRunnable.run(FastThreadLocalRunnable.java:30)
	... 1 more
Caused by: java.net.ConnectException: Connection refused
	... 11 more
2019-10-23 22:22:50,220 [1c51b35f-55cb-4636-a00c-83d34bf2d9d4@group-F043E0AED0ED-LeaderElection469] INFO  impl.LeaderElection (LeaderElection.java:logAndReturn(56)) - 1c51b35f-55cb-4636-a00c-83d34bf2d9d4@group-F043E0AED0ED-LeaderElection469: Election REJECTED; received 0 response(s) [] and 2 exception(s); 1c51b35f-55cb-4636-a00c-83d34bf2d9d4@group-F043E0AED0ED:t524, leader=null, voted=1c51b35f-55cb-4636-a00c-83d34bf2d9d4, raftlog=1c51b35f-55cb-4636-a00c-83d34bf2d9d4@group-F043E0AED0ED-SegmentedRaftLog:OPENED:c-1,f0,i0, conf=0: [aed1b97f-105e-4684-b087-4b6333aa3ced:192.168.157.195:34943, 1c51b35f-55cb-4636-a00c-83d34bf2d9d4:192.168.157.195:34693, d21ee1f1-33f6-483c-a18b-27782ce1915a:192.168.157.195:46462], old=null
2019-10-23 22:22:50,220 [1c51b35f-55cb-4636-a00c-83d34bf2d9d4@group-F043E0AED0ED-LeaderElection469] INFO  impl.LeaderElection (LogUtils.java:infoOrTrace(149)) -   Exception 0: {}
java.util.concurrent.ExecutionException: org.apache.ratis.thirdparty.io.grpc.StatusRuntimeException: UNAVAILABLE: io exception
	at java.util.concurrent.FutureTask.report(FutureTask.java:122)
	at java.util.concurrent.FutureTask.get(FutureTask.java:192)
	at org.apache.ratis.server.impl.LeaderElection.waitForResults(LeaderElection.java:259)
	at org.apache.ratis.server.impl.LeaderElection.askForVotes(LeaderElection.java:197)
	at org.apache.ratis.server.impl.LeaderElection.run(LeaderElection.java:133)
	at java.lang.Thread.run(Thread.java:748)
Caused by: org.apache.ratis.thirdparty.io.grpc.StatusRuntimeException: UNAVAILABLE: io exception
	at org.apache.ratis.thirdparty.io.grpc.stub.ClientCalls.toStatusRuntimeException(ClientCalls.java:233)
	at org.apache.ratis.thirdparty.io.grpc.stub.ClientCalls.getUnchecked(ClientCalls.java:214)
	at org.apache.ratis.thirdparty.io.grpc.stub.ClientCalls.blockingUnaryCall(ClientCalls.java:139)
	at org.apache.ratis.proto.grpc.RaftServerProtocolServiceGrpc$RaftServerProtocolServiceBlockingStub.requestVote(RaftServerProtocolServiceGrpc.java:265)
	at org.apache.ratis.grpc.server.GrpcServerProtocolClient.requestVote(GrpcServerProtocolClient.java:99)
	at org.apache.ratis.grpc.server.GrpcService.requestVote(GrpcService.java:204)
	at org.apache.ratis.server.impl.LeaderElection.lambda$submitRequests$1(LeaderElection.java:234)
	at java.util.concurrent.FutureTask.run(FutureTask.java:266)
	at java.util.concurrent.Executors$RunnableAdapter.call(Executors.java:511)
	at java.util.concurrent.FutureTask.run(FutureTask.java:266)
	at java.util.concurrent.ThreadPoolExecutor.runWorker(ThreadPoolExecutor.java:1149)
	at java.util.concurrent.ThreadPoolExecutor$Worker.run(ThreadPoolExecutor.java:624)
	... 1 more
Caused by: org.apache.ratis.thirdparty.io.netty.channel.AbstractChannel$AnnotatedConnectException: Connection refused: /192.168.157.195:46462
	at sun.nio.ch.SocketChannelImpl.checkConnect(Native Method)
	at sun.nio.ch.SocketChannelImpl.finishConnect(SocketChannelImpl.java:717)
	at org.apache.ratis.thirdparty.io.netty.channel.socket.nio.NioSocketChannel.doFinishConnect(NioSocketChannel.java:327)
	at org.apache.ratis.thirdparty.io.netty.channel.nio.AbstractNioChannel$AbstractNioUnsafe.finishConnect(AbstractNioChannel.java:340)
	at org.apache.ratis.thirdparty.io.netty.channel.nio.NioEventLoop.processSelectedKey(NioEventLoop.java:632)
	at org.apache.ratis.thirdparty.io.netty.channel.nio.NioEventLoop.processSelectedKeysOptimized(NioEventLoop.java:579)
	at org.apache.ratis.thirdparty.io.netty.channel.nio.NioEventLoop.processSelectedKeys(NioEventLoop.java:496)
	at org.apache.ratis.thirdparty.io.netty.channel.nio.NioEventLoop.run(NioEventLoop.java:458)
	at org.apache.ratis.thirdparty.io.netty.util.concurrent.SingleThreadEventExecutor$5.run(SingleThreadEventExecutor.java:897)
	at org.apache.ratis.thirdparty.io.netty.util.concurrent.FastThreadLocalRunnable.run(FastThreadLocalRunnable.java:30)
	... 1 more
Caused by: java.net.ConnectException: Connection refused
	... 11 more
2019-10-23 22:22:50,221 [1c51b35f-55cb-4636-a00c-83d34bf2d9d4@group-F043E0AED0ED-LeaderElection469] INFO  impl.LeaderElection (LogUtils.java:infoOrTrace(149)) -   Exception 1: {}
java.util.concurrent.ExecutionException: org.apache.ratis.thirdparty.io.grpc.StatusRuntimeException: UNAVAILABLE: io exception
	at java.util.concurrent.FutureTask.report(FutureTask.java:122)
	at java.util.concurrent.FutureTask.get(FutureTask.java:192)
	at org.apache.ratis.server.impl.LeaderElection.waitForResults(LeaderElection.java:259)
	at org.apache.ratis.server.impl.LeaderElection.askForVotes(LeaderElection.java:197)
	at org.apache.ratis.server.impl.LeaderElection.run(LeaderElection.java:133)
	at java.lang.Thread.run(Thread.java:748)
Caused by: org.apache.ratis.thirdparty.io.grpc.StatusRuntimeException: UNAVAILABLE: io exception
	at org.apache.ratis.thirdparty.io.grpc.stub.ClientCalls.toStatusRuntimeException(ClientCalls.java:233)
	at org.apache.ratis.thirdparty.io.grpc.stub.ClientCalls.getUnchecked(ClientCalls.java:214)
	at org.apache.ratis.thirdparty.io.grpc.stub.ClientCalls.blockingUnaryCall(ClientCalls.java:139)
	at org.apache.ratis.proto.grpc.RaftServerProtocolServiceGrpc$RaftServerProtocolServiceBlockingStub.requestVote(RaftServerProtocolServiceGrpc.java:265)
	at org.apache.ratis.grpc.server.GrpcServerProtocolClient.requestVote(GrpcServerProtocolClient.java:99)
	at org.apache.ratis.grpc.server.GrpcService.requestVote(GrpcService.java:204)
	at org.apache.ratis.server.impl.LeaderElection.lambda$submitRequests$1(LeaderElection.java:234)
	at java.util.concurrent.FutureTask.run(FutureTask.java:266)
	at java.util.concurrent.Executors$RunnableAdapter.call(Executors.java:511)
	at java.util.concurrent.FutureTask.run(FutureTask.java:266)
	at java.util.concurrent.ThreadPoolExecutor.runWorker(ThreadPoolExecutor.java:1149)
	at java.util.concurrent.ThreadPoolExecutor$Worker.run(ThreadPoolExecutor.java:624)
	... 1 more
Caused by: org.apache.ratis.thirdparty.io.netty.channel.AbstractChannel$AnnotatedConnectException: Connection refused: /192.168.157.195:34943
	at sun.nio.ch.SocketChannelImpl.checkConnect(Native Method)
	at sun.nio.ch.SocketChannelImpl.finishConnect(SocketChannelImpl.java:717)
	at org.apache.ratis.thirdparty.io.netty.channel.socket.nio.NioSocketChannel.doFinishConnect(NioSocketChannel.java:327)
	at org.apache.ratis.thirdparty.io.netty.channel.nio.AbstractNioChannel$AbstractNioUnsafe.finishConnect(AbstractNioChannel.java:340)
	at org.apache.ratis.thirdparty.io.netty.channel.nio.NioEventLoop.processSelectedKey(NioEventLoop.java:632)
	at org.apache.ratis.thirdparty.io.netty.channel.nio.NioEventLoop.processSelectedKeysOptimized(NioEventLoop.java:579)
	at org.apache.ratis.thirdparty.io.netty.channel.nio.NioEventLoop.processSelectedKeys(NioEventLoop.java:496)
	at org.apache.ratis.thirdparty.io.netty.channel.nio.NioEventLoop.run(NioEventLoop.java:458)
	at org.apache.ratis.thirdparty.io.netty.util.concurrent.SingleThreadEventExecutor$5.run(SingleThreadEventExecutor.java:897)
	at org.apache.ratis.thirdparty.io.netty.util.concurrent.FastThreadLocalRunnable.run(FastThreadLocalRunnable.java:30)
	... 1 more
Caused by: java.net.ConnectException: Connection refused
	... 11 more
2019-10-23 22:22:50,221 [1c51b35f-55cb-4636-a00c-83d34bf2d9d4@group-F043E0AED0ED-LeaderElection469] INFO  impl.RaftServerImpl (RaftServerImpl.java:setRole(184)) - 1c51b35f-55cb-4636-a00c-83d34bf2d9d4@group-F043E0AED0ED: changes role from CANDIDATE to FOLLOWER at term 524 for DISCOVERED_A_NEW_TERM
2019-10-23 22:22:50,222 [1c51b35f-55cb-4636-a00c-83d34bf2d9d4@group-F043E0AED0ED-LeaderElection469] INFO  impl.RoleInfo (RoleInfo.java:shutdownLeaderElection(134)) - 1c51b35f-55cb-4636-a00c-83d34bf2d9d4: shutdown LeaderElection
2019-10-23 22:22:50,222 [1c51b35f-55cb-4636-a00c-83d34bf2d9d4@group-F043E0AED0ED-LeaderElection469] INFO  impl.RoleInfo (RoleInfo.java:updateAndGet(143)) - 1c51b35f-55cb-4636-a00c-83d34bf2d9d4: start FollowerState
2019-10-23 22:22:50,302 [ForkJoinPool.commonPool-worker-0] INFO  ozoneimpl.OzoneContainer (OzoneContainer.java:stop(227)) - Attempting to stop container services.
2019-10-23 22:22:50,302 [main] INFO  ozoneimpl.OzoneContainer (OzoneContainer.java:stop(227)) - Attempting to stop container services.
2019-10-23 22:22:50,303 [ForkJoinPool.commonPool-worker-0] INFO  impl.RaftServerProxy (RaftServerProxy.java:lambda$close$4(314)) - 4c744090-1cfe-4f86-9296-37bd3e673e8f: close
2019-10-23 22:22:50,304 [main] INFO  impl.RaftServerProxy (RaftServerProxy.java:lambda$close$4(314)) - 1c51b35f-55cb-4636-a00c-83d34bf2d9d4: close
2019-10-23 22:22:50,304 [ForkJoinPool.commonPool-worker-0] INFO  impl.RaftServerImpl (RaftServerImpl.java:lambda$shutdown$3(261)) - 4c744090-1cfe-4f86-9296-37bd3e673e8f@group-ADE618DC7640: shutdown
2019-10-23 22:22:50,305 [main] INFO  impl.RaftServerImpl (RaftServerImpl.java:lambda$shutdown$3(261)) - 1c51b35f-55cb-4636-a00c-83d34bf2d9d4@group-F043E0AED0ED: shutdown
2019-10-23 22:22:50,305 [ForkJoinPool.commonPool-worker-0] INFO  util.JmxRegister (JmxRegister.java:unregister(73)) - Successfully un-registered JMX Bean with object name Ratis:service=RaftServer,group=group-ADE618DC7640,id=4c744090-1cfe-4f86-9296-37bd3e673e8f
2019-10-23 22:22:50,305 [main] INFO  util.JmxRegister (JmxRegister.java:unregister(73)) - Successfully un-registered JMX Bean with object name Ratis:service=RaftServer,group=group-F043E0AED0ED,id=1c51b35f-55cb-4636-a00c-83d34bf2d9d4
2019-10-23 22:22:50,306 [ForkJoinPool.commonPool-worker-0] INFO  impl.RoleInfo (RoleInfo.java:shutdownLeaderState(104)) - 4c744090-1cfe-4f86-9296-37bd3e673e8f: shutdown LeaderState
2019-10-23 22:22:50,306 [main] INFO  impl.RoleInfo (RoleInfo.java:shutdownFollowerState(121)) - 1c51b35f-55cb-4636-a00c-83d34bf2d9d4: shutdown FollowerState
2019-10-23 22:22:50,307 [ForkJoinPool.commonPool-worker-0] INFO  impl.PendingRequests (PendingRequests.java:sendNotLeaderResponses(202)) - 4c744090-1cfe-4f86-9296-37bd3e673e8f@group-ADE618DC7640-PendingRequests: sendNotLeaderResponses
2019-10-23 22:22:50,307 [Thread-3410] INFO  impl.FollowerState (FollowerState.java:run(117)) - 1c51b35f-55cb-4636-a00c-83d34bf2d9d4@group-F043E0AED0ED-FollowerState was interrupted: java.lang.InterruptedException: sleep interrupted
2019-10-23 22:22:50,307 [main] INFO  impl.StateMachineUpdater (StateMachineUpdater.java:stopAndJoin(136)) - 1c51b35f-55cb-4636-a00c-83d34bf2d9d4@group-F043E0AED0ED-StateMachineUpdater: set stopIndex = -1
2019-10-23 22:22:50,308 [ForkJoinPool.commonPool-worker-0] INFO  impl.StateMachineUpdater (StateMachineUpdater.java:stopAndJoin(136)) - 4c744090-1cfe-4f86-9296-37bd3e673e8f@group-ADE618DC7640-StateMachineUpdater: set stopIndex = 0
2019-10-23 22:22:50,310 [main] INFO  impl.RaftServerImpl (ServerState.java:close(388)) - 1c51b35f-55cb-4636-a00c-83d34bf2d9d4@group-F043E0AED0ED: closes. applyIndex: -1
2019-10-23 22:22:50,310 [ForkJoinPool.commonPool-worker-0] INFO  impl.RaftServerImpl (ServerState.java:close(388)) - 4c744090-1cfe-4f86-9296-37bd3e673e8f@group-ADE618DC7640: closes. applyIndex: 0
2019-10-23 22:22:50,311 [4c744090-1cfe-4f86-9296-37bd3e673e8f@group-ADE618DC7640-SegmentedRaftLogWorker] INFO  segmented.SegmentedRaftLogWorker (SegmentedRaftLogWorker.java:run(316)) - 4c744090-1cfe-4f86-9296-37bd3e673e8f@group-ADE618DC7640-SegmentedRaftLogWorker was interrupted, exiting. There are 0 tasks remaining in the queue.
2019-10-23 22:22:50,311 [1c51b35f-55cb-4636-a00c-83d34bf2d9d4@group-F043E0AED0ED-SegmentedRaftLogWorker] INFO  segmented.SegmentedRaftLogWorker (SegmentedRaftLogWorker.java:run(316)) - 1c51b35f-55cb-4636-a00c-83d34bf2d9d4@group-F043E0AED0ED-SegmentedRaftLogWorker was interrupted, exiting. There are 0 tasks remaining in the queue.
2019-10-23 22:22:50,312 [ForkJoinPool.commonPool-worker-0] INFO  segmented.SegmentedRaftLogWorker (SegmentedRaftLogWorker.java:close(224)) - 4c744090-1cfe-4f86-9296-37bd3e673e8f@group-ADE618DC7640-SegmentedRaftLogWorker close()
2019-10-23 22:22:50,312 [main] INFO  segmented.SegmentedRaftLogWorker (SegmentedRaftLogWorker.java:close(224)) - 1c51b35f-55cb-4636-a00c-83d34bf2d9d4@group-F043E0AED0ED-SegmentedRaftLogWorker close()
2019-10-23 22:22:50,314 [ForkJoinPool.commonPool-worker-0] INFO  server.GrpcService (GrpcService.java:closeImpl(164)) - 4c744090-1cfe-4f86-9296-37bd3e673e8f: shutdown server with port 46194 now
2019-10-23 22:22:50,315 [main] INFO  impl.RaftServerImpl (RaftServerImpl.java:lambda$shutdown$3(261)) - 1c51b35f-55cb-4636-a00c-83d34bf2d9d4@group-C8FB175AE10A: shutdown
2019-10-23 22:22:50,316 [ForkJoinPool.commonPool-worker-0] INFO  server.GrpcService (GrpcService.java:closeImpl(172)) - 4c744090-1cfe-4f86-9296-37bd3e673e8f: shutdown server with port 46194 successfully
2019-10-23 22:22:50,316 [main] INFO  util.JmxRegister (JmxRegister.java:unregister(73)) - Successfully un-registered JMX Bean with object name Ratis:service=RaftServer,group=group-C8FB175AE10A,id=1c51b35f-55cb-4636-a00c-83d34bf2d9d4
2019-10-23 22:22:50,317 [main] INFO  impl.RoleInfo (RoleInfo.java:shutdownLeaderState(104)) - 1c51b35f-55cb-4636-a00c-83d34bf2d9d4: shutdown LeaderState
2019-10-23 22:22:50,318 [main] INFO  impl.PendingRequests (PendingRequests.java:sendNotLeaderResponses(202)) - 1c51b35f-55cb-4636-a00c-83d34bf2d9d4@group-C8FB175AE10A-PendingRequests: sendNotLeaderResponses
2019-10-23 22:22:50,318 [main] INFO  impl.StateMachineUpdater (StateMachineUpdater.java:stopAndJoin(136)) - 1c51b35f-55cb-4636-a00c-83d34bf2d9d4@group-C8FB175AE10A-StateMachineUpdater: set stopIndex = 0
2019-10-23 22:22:50,318 [main] INFO  impl.RaftServerImpl (ServerState.java:close(388)) - 1c51b35f-55cb-4636-a00c-83d34bf2d9d4@group-C8FB175AE10A: closes. applyIndex: 0
2019-10-23 22:22:50,319 [1c51b35f-55cb-4636-a00c-83d34bf2d9d4@group-C8FB175AE10A-SegmentedRaftLogWorker] INFO  segmented.SegmentedRaftLogWorker (SegmentedRaftLogWorker.java:run(316)) - 1c51b35f-55cb-4636-a00c-83d34bf2d9d4@group-C8FB175AE10A-SegmentedRaftLogWorker was interrupted, exiting. There are 0 tasks remaining in the queue.
2019-10-23 22:22:50,319 [refreshUsed-/workdir/hadoop-ozone/integration-test/target/test-dir/MiniOzoneClusterImpl-1227f15e-0d15-49c5-99be-ea5deb396080/datanode-0/data/containers] WARN  fs.CachingGetSpaceUsed (CachingGetSpaceUsed.java:run(183)) - Thread Interrupted waiting to refresh disk information: sleep interrupted
2019-10-23 22:22:50,320 [main] INFO  segmented.SegmentedRaftLogWorker (SegmentedRaftLogWorker.java:close(224)) - 1c51b35f-55cb-4636-a00c-83d34bf2d9d4@group-C8FB175AE10A-SegmentedRaftLogWorker close()
2019-10-23 22:22:50,322 [main] INFO  server.GrpcService (GrpcService.java:closeImpl(164)) - 1c51b35f-55cb-4636-a00c-83d34bf2d9d4: shutdown server with port 34693 now
2019-10-23 22:22:50,323 [main] INFO  server.GrpcService (GrpcService.java:closeImpl(172)) - 1c51b35f-55cb-4636-a00c-83d34bf2d9d4: shutdown server with port 34693 successfully
2019-10-23 22:22:50,331 [refreshUsed-/workdir/hadoop-ozone/integration-test/target/test-dir/MiniOzoneClusterImpl-1227f15e-0d15-49c5-99be-ea5deb396080/datanode-3/data/containers] WARN  fs.CachingGetSpaceUsed (CachingGetSpaceUsed.java:run(183)) - Thread Interrupted waiting to refresh disk information: sleep interrupted
2019-10-23 22:22:50,349 [ForkJoinPool.commonPool-worker-0] INFO  utils.BackgroundService (BackgroundService.java:shutdown(151)) - Shutting down service BlockDeletingService
2019-10-23 22:22:50,349 [main] INFO  utils.BackgroundService (BackgroundService.java:shutdown(151)) - Shutting down service BlockDeletingService
2019-10-23 22:22:50,351 [ForkJoinPool.commonPool-worker-0] INFO  statemachine.DatanodeStateMachine (DatanodeStateMachine.java:stopDaemon(395)) - Ozone container server stopped.
2019-10-23 22:22:50,352 [main] INFO  statemachine.DatanodeStateMachine (DatanodeStateMachine.java:stopDaemon(395)) - Ozone container server stopped.
2019-10-23 22:22:50,355 [main] INFO  handler.ContextHandler (ContextHandler.java:doStop(910)) - Stopped o.e.j.w.WebAppContext@4aa21f9d{/,null,UNAVAILABLE}{/hddsDatanode}
2019-10-23 22:22:50,355 [ForkJoinPool.commonPool-worker-0] INFO  handler.ContextHandler (ContextHandler.java:doStop(910)) - Stopped o.e.j.w.WebAppContext@57272109{/,null,UNAVAILABLE}{/hddsDatanode}
2019-10-23 22:22:50,355 [main] INFO  server.AbstractConnector (AbstractConnector.java:doStop(318)) - Stopped ServerConnector@71c17a57{HTTP/1.1,[http/1.1]}{0.0.0.0:0}
2019-10-23 22:22:50,355 [ForkJoinPool.commonPool-worker-0] INFO  server.AbstractConnector (AbstractConnector.java:doStop(318)) - Stopped ServerConnector@59696551{HTTP/1.1,[http/1.1]}{0.0.0.0:0}
2019-10-23 22:22:50,356 [main] INFO  handler.ContextHandler (ContextHandler.java:doStop(910)) - Stopped o.e.j.s.ServletContextHandler@77049094{/static,jar:file:/home/user/.m2/repository/org/apache/hadoop/hadoop-hdds-container-service/0.5.0-SNAPSHOT/hadoop-hdds-container-service-0.5.0-SNAPSHOT.jar!/webapps/static,UNAVAILABLE}
2019-10-23 22:22:50,356 [ForkJoinPool.commonPool-worker-0] INFO  handler.ContextHandler (ContextHandler.java:doStop(910)) - Stopped o.e.j.s.ServletContextHandler@6edf29c1{/static,jar:file:/home/user/.m2/repository/org/apache/hadoop/hadoop-hdds-container-service/0.5.0-SNAPSHOT/hadoop-hdds-container-service-0.5.0-SNAPSHOT.jar!/webapps/static,UNAVAILABLE}
2019-10-23 22:22:50,357 [main] INFO  handler.ContextHandler (ContextHandler.java:doStop(910)) - Stopped o.e.j.s.ServletContextHandler@6fa13e6{/logs,file:///workdir/hadoop-ozone/integration-test/target/log,UNAVAILABLE}
2019-10-23 22:22:50,357 [ForkJoinPool.commonPool-worker-0] INFO  handler.ContextHandler (ContextHandler.java:doStop(910)) - Stopped o.e.j.s.ServletContextHandler@7c8c70d6{/logs,file:///workdir/hadoop-ozone/integration-test/target/log,UNAVAILABLE}
2019-10-23 22:22:50,358 [main] INFO  ozone.MiniOzoneClusterImpl (MiniOzoneClusterImpl.java:stopSCM(392)) - Stopping the StorageContainerManager
2019-10-23 22:22:50,359 [main] INFO  server.StorageContainerManager (StorageContainerManager.java:stop(810)) - Stopping Replication Manager Service.
2019-10-23 22:22:50,359 [main] INFO  container.ReplicationManager (ReplicationManager.java:stop(203)) - Stopping Replication Monitor Thread.
2019-10-23 22:22:50,359 [main] INFO  server.StorageContainerManager (StorageContainerManager.java:stop(817)) - Stopping Lease Manager of the command watchers
2019-10-23 22:22:50,359 [main] INFO  server.StorageContainerManager (StorageContainerManager.java:stop(824)) - Stopping datanode service RPC server
2019-10-23 22:22:50,360 [main] INFO  server.SCMDatanodeProtocolServer (SCMDatanodeProtocolServer.java:stop(346)) - Stopping the RPC server for DataNodes
2019-10-23 22:22:50,360 [main] INFO  ipc.Server (Server.java:stop(3082)) - Stopping server on 44292
2019-10-23 22:22:50,361 [IPC Server listener on 44292] INFO  ipc.Server (Server.java:run(1185)) - Stopping IPC Server listener on 44292
2019-10-23 22:22:50,361 [IPC Server Responder] INFO  ipc.Server (Server.java:run(1319)) - Stopping IPC Server Responder
2019-10-23 22:22:50,446 [SCM Heartbeat Processing Thread - 0] WARN  node.NodeStateManager (NodeStateManager.java:scheduleNextHealthCheck(646)) - Current Thread is interrupted, shutting down HB processing thread for Node Manager.
2019-10-23 22:22:50,446 [main] INFO  server.StorageContainerManager (StorageContainerManager.java:stop(832)) - Stopping block service RPC server
2019-10-23 22:22:50,446 [main] INFO  server.SCMBlockProtocolServer (SCMBlockProtocolServer.java:stop(155)) - Stopping the RPC server for Block Protocol
2019-10-23 22:22:50,447 [main] INFO  ipc.Server (Server.java:stop(3082)) - Stopping server on 44675
2019-10-23 22:22:50,448 [IPC Server listener on 44675] INFO  ipc.Server (Server.java:run(1185)) - Stopping IPC Server listener on 44675
2019-10-23 22:22:50,448 [main] INFO  server.StorageContainerManager (StorageContainerManager.java:stop(839)) - Stopping the StorageContainerLocationProtocol RPC server
2019-10-23 22:22:50,449 [IPC Server Responder] INFO  ipc.Server (Server.java:run(1319)) - Stopping IPC Server Responder
2019-10-23 22:22:50,450 [main] INFO  server.SCMClientProtocolServer (SCMClientProtocolServer.java:stop(168)) - Stopping the RPC server for Client Protocol
2019-10-23 22:22:50,450 [main] INFO  ipc.Server (Server.java:stop(3082)) - Stopping server on 37542
2019-10-23 22:22:50,452 [IPC Server listener on 37542] INFO  ipc.Server (Server.java:run(1185)) - Stopping IPC Server listener on 37542
2019-10-23 22:22:50,452 [main] INFO  server.StorageContainerManager (StorageContainerManager.java:stop(846)) - Stopping Storage Container Manager HTTP server.
2019-10-23 22:22:50,452 [IPC Server Responder] INFO  ipc.Server (Server.java:run(1319)) - Stopping IPC Server Responder
2019-10-23 22:22:50,454 [main] INFO  handler.ContextHandler (ContextHandler.java:doStop(910)) - Stopped o.e.j.w.WebAppContext@7fb9f71f{/,null,UNAVAILABLE}{/scm}
2019-10-23 22:22:50,455 [main] INFO  server.AbstractConnector (AbstractConnector.java:doStop(318)) - Stopped ServerConnector@407cf41{HTTP/1.1,[http/1.1]}{0.0.0.0:0}
2019-10-23 22:22:50,455 [main] INFO  handler.ContextHandler (ContextHandler.java:doStop(910)) - Stopped o.e.j.s.ServletContextHandler@424ebba3{/static,file:///workdir/hadoop-ozone/integration-test/target/test-classes/webapps/static,UNAVAILABLE}
2019-10-23 22:22:50,456 [main] INFO  handler.ContextHandler (ContextHandler.java:doStop(910)) - Stopped o.e.j.s.ServletContextHandler@a43ce46{/logs,file:///workdir/hadoop-ozone/integration-test/target/log,UNAVAILABLE}
2019-10-23 22:22:50,457 [main] INFO  server.StorageContainerManager (StorageContainerManager.java:stop(857)) - Stopping Block Manager Service.
2019-10-23 22:22:50,457 [main] INFO  utils.BackgroundService (BackgroundService.java:shutdown(151)) - Shutting down service SCMBlockDeletingService
2019-10-23 22:22:50,458 [main] INFO  utils.BackgroundService (BackgroundService.java:shutdown(151)) - Shutting down service SCMBlockDeletingService
2019-10-23 22:22:50,458 [main] INFO  server.StorageContainerManager (StorageContainerManager.java:stop(879)) - Stopping SCM Event Queue.
2019-10-23 22:22:50,468 [main] INFO  impl.MetricsSystemImpl (MetricsSystemImpl.java:stop(210)) - Stopping XceiverClientMetrics metrics system...
2019-10-23 22:22:50,479 [prometheus] INFO  impl.MetricsSinkAdapter (MetricsSinkAdapter.java:publishMetricsFromQueue(141)) - prometheus thread interrupted.
2019-10-23 22:22:50,479 [main] INFO  impl.MetricsSystemImpl (MetricsSystemImpl.java:stop(216)) - XceiverClientMetrics metrics system stopped.
]]></system-out>
    <system-err><![CDATA[ERROR StatusLogger No Log4j 2 configuration file found. Using default configuration (logging only errors to the console), or user programmatically provided configurations. Set system property 'log4j2.debug' to show Log4j 2 internal initialization logging. See https://logging.apache.org/log4j/2.x/manual/configuration.html for instructions on how to configure Log4j 2
]]></system-err>
  </testcase>
</testsuite>