<?xml version="1.0" encoding="UTF-8"?>
<testsuite xmlns:xsi="http://www.w3.org/2001/XMLSchema-instance" xsi:noNamespaceSchemaLocation="https://maven.apache.org/surefire/maven-surefire-plugin/xsd/surefire-test-report.xsd" name="org.apache.hadoop.ozone.freon.TestFreonWithPipelineDestroy" time="47.438" tests="1" errors="1" skipped="0" failures="0">
  <properties>
    <property name="awt.toolkit" value="sun.awt.X11.XToolkit"/>
    <property name="file.encoding.pkg" value="sun.io"/>
    <property name="java.specification.version" value="1.8"/>
    <property name="sun.cpu.isalist" value=""/>
    <property name="sun.jnu.encoding" value="ANSI_X3.4-1968"/>
    <property name="java.class.path" value="/workdir/hadoop-ozone/tools/target/test-classes:/workdir/hadoop-ozone/tools/target/classes:/home/user/.m2/repository/org/apache/hadoop/hadoop-ozone-ozone-manager/0.5.0-SNAPSHOT/hadoop-ozone-ozone-manager-0.5.0-SNAPSHOT.jar:/home/user/.m2/repository/org/apache/hadoop/hadoop-hdds-docs/0.5.0-SNAPSHOT/hadoop-hdds-docs-0.5.0-SNAPSHOT.jar:/home/user/.m2/repository/org/bouncycastle/bcprov-jdk15on/1.60/bcprov-jdk15on-1.60.jar:/home/user/.m2/repository/org/apache/hadoop/hadoop-ozone-common/0.5.0-SNAPSHOT/hadoop-ozone-common-0.5.0-SNAPSHOT.jar:/home/user/.m2/repository/org/apache/commons/commons-compress/1.4.1/commons-compress-1.4.1.jar:/home/user/.m2/repository/org/tukaani/xz/1.0/xz-1.0.jar:/home/user/.m2/repository/org/apache/hadoop/hadoop-hdfs-client/3.2.0/hadoop-hdfs-client-3.2.0.jar:/home/user/.m2/repository/com/fasterxml/jackson/core/jackson-annotations/2.9.9/jackson-annotations-2.9.9.jar:/home/user/.m2/repository/org/apache/hadoop/hadoop-hdds-common/0.5.0-SNAPSHOT/hadoop-hdds-common-0.5.0-SNAPSHOT.jar:/home/user/.m2/repository/org/apache/hadoop/hadoop-hdds-config/0.5.0-SNAPSHOT/hadoop-hdds-config-0.5.0-SNAPSHOT.jar:/home/user/.m2/repository/javax/annotation/javax.annotation-api/1.2/javax.annotation-api-1.2.jar:/home/user/.m2/repository/org/apache/ratis/ratis-server/0.5.0-d6d58d0-SNAPSHOT/ratis-server-0.5.0-d6d58d0-SNAPSHOT.jar:/home/user/.m2/repository/org/apache/ratis/ratis-thirdparty-misc/0.2.0/ratis-thirdparty-misc-0.2.0.jar:/home/user/.m2/repository/org/apache/ratis/ratis-proto/0.5.0-d6d58d0-SNAPSHOT/ratis-proto-0.5.0-d6d58d0-SNAPSHOT.jar:/home/user/.m2/repository/org/apache/ratis/ratis-common/0.5.0-d6d58d0-SNAPSHOT/ratis-common-0.5.0-d6d58d0-SNAPSHOT.jar:/home/user/.m2/repository/org/apache/ratis/ratis-client/0.5.0-d6d58d0-SNAPSHOT/ratis-client-0.5.0-d6d58d0-SNAPSHOT.jar:/home/user/.m2/repository/org/apache/ratis/ratis-metrics/0.5.0-d6d58d0-SNAPSHOT/ratis-metrics-0.5.0-d6d58d0-SNAPSHOT.jar:/home/user/.m2/repository/org/apache/ratis/ratis-netty/0.5.0-d6d58d0-SNAPSHOT/ratis-netty-0.5.0-d6d58d0-SNAPSHOT.jar:/home/user/.m2/repository/org/apache/ratis/ratis-grpc/0.5.0-d6d58d0-SNAPSHOT/ratis-grpc-0.5.0-d6d58d0-SNAPSHOT.jar:/home/user/.m2/repository/org/rocksdb/rocksdbjni/6.0.1/rocksdbjni-6.0.1.jar:/home/user/.m2/repository/org/apache/logging/log4j/log4j-api/2.11.0/log4j-api-2.11.0.jar:/home/user/.m2/repository/org/apache/logging/log4j/log4j-core/2.11.0/log4j-core-2.11.0.jar:/home/user/.m2/repository/com/lmax/disruptor/3.4.2/disruptor-3.4.2.jar:/home/user/.m2/repository/org/apache/commons/commons-pool2/2.6.0/commons-pool2-2.6.0.jar:/home/user/.m2/repository/org/bouncycastle/bcpkix-jdk15on/1.60/bcpkix-jdk15on-1.60.jar:/home/user/.m2/repository/commons-validator/commons-validator/1.6/commons-validator-1.6.jar:/home/user/.m2/repository/commons-digester/commons-digester/1.8.1/commons-digester-1.8.1.jar:/home/user/.m2/repository/io/jaegertracing/jaeger-client/0.34.0/jaeger-client-0.34.0.jar:/home/user/.m2/repository/io/jaegertracing/jaeger-thrift/0.34.0/jaeger-thrift-0.34.0.jar:/home/user/.m2/repository/org/apache/thrift/libthrift/0.12.0/libthrift-0.12.0.jar:/home/user/.m2/repository/com/squareup/okhttp3/okhttp/3.9.0/okhttp-3.9.0.jar:/home/user/.m2/repository/com/squareup/okio/okio/1.13.0/okio-1.13.0.jar:/home/user/.m2/repository/io/jaegertracing/jaeger-core/0.34.0/jaeger-core-0.34.0.jar:/home/user/.m2/repository/io/jaegertracing/jaeger-tracerresolver/0.34.0/jaeger-tracerresolver-0.34.0.jar:/home/user/.m2/repository/io/opentracing/contrib/opentracing-tracerresolver/0.1.5/opentracing-tracerresolver-0.1.5.jar:/home/user/.m2/repository/io/opentracing/opentracing-util/0.31.0/opentracing-util-0.31.0.jar:/home/user/.m2/repository/io/opentracing/opentracing-api/0.31.0/opentracing-api-0.31.0.jar:/home/user/.m2/repository/io/opentracing/opentracing-noop/0.31.0/opentracing-noop-0.31.0.jar:/home/user/.m2/repository/org/yaml/snakeyaml/1.16/snakeyaml-1.16.jar:/home/user/.m2/repository/org/apache/hadoop/hadoop-hdds-container-service/0.5.0-SNAPSHOT/hadoop-hdds-container-service-0.5.0-SNAPSHOT.jar:/home/user/.m2/repository/org/apache/hadoop/hadoop-hdds-client/0.5.0-SNAPSHOT/hadoop-hdds-client-0.5.0-SNAPSHOT.jar:/home/user/.m2/repository/org/apache/hadoop/hadoop-hdds-tools/0.5.0-SNAPSHOT/hadoop-hdds-tools-0.5.0-SNAPSHOT.jar:/home/user/.m2/repository/org/xerial/sqlite-jdbc/3.25.2/sqlite-jdbc-3.25.2.jar:/home/user/.m2/repository/org/apache/hadoop/hadoop-hdds-server-scm/0.5.0-SNAPSHOT/hadoop-hdds-server-scm-0.5.0-SNAPSHOT.jar:/home/user/.m2/repository/org/hamcrest/hamcrest-all/1.3/hamcrest-all-1.3.jar:/home/user/.m2/repository/info/picocli/picocli/3.9.6/picocli-3.9.6.jar:/home/user/.m2/repository/com/google/protobuf/protobuf-java/2.5.0/protobuf-java-2.5.0.jar:/home/user/.m2/repository/com/google/guava/guava/11.0.2/guava-11.0.2.jar:/home/user/.m2/repository/org/apache/hadoop/hadoop-ozone-client/0.5.0-SNAPSHOT/hadoop-ozone-client-0.5.0-SNAPSHOT.jar:/workdir/hadoop-ozone/ozonefs/target/classes:/home/user/.m2/repository/org/apache/httpcomponents/httpclient/4.5.2/httpclient-4.5.2.jar:/home/user/.m2/repository/org/apache/httpcomponents/httpcore/4.4.4/httpcore-4.4.4.jar:/home/user/.m2/repository/org/apache/hadoop/hadoop-hdds-server-framework/0.5.0-SNAPSHOT/hadoop-hdds-server-framework-0.5.0-SNAPSHOT.jar:/home/user/.m2/repository/org/apache/hadoop/hadoop-common/3.2.0/hadoop-common-3.2.0.jar:/home/user/.m2/repository/org/apache/hadoop/hadoop-annotations/3.2.0/hadoop-annotations-3.2.0.jar:/usr/lib/jvm/java-1.8.0-openjdk-1.8.0.222.b10-1.el7_7.x86_64/jre/../lib/tools.jar:/home/user/.m2/repository/commons-cli/commons-cli/1.2/commons-cli-1.2.jar:/home/user/.m2/repository/org/apache/commons/commons-math3/3.1.1/commons-math3-3.1.1.jar:/home/user/.m2/repository/commons-codec/commons-codec/1.11/commons-codec-1.11.jar:/home/user/.m2/repository/commons-io/commons-io/2.5/commons-io-2.5.jar:/home/user/.m2/repository/commons-net/commons-net/3.6/commons-net-3.6.jar:/home/user/.m2/repository/commons-collections/commons-collections/3.2.2/commons-collections-3.2.2.jar:/home/user/.m2/repository/javax/servlet/javax.servlet-api/3.1.0/javax.servlet-api-3.1.0.jar:/home/user/.m2/repository/org/eclipse/jetty/jetty-server/9.3.25.v20180904/jetty-server-9.3.25.v20180904.jar:/home/user/.m2/repository/org/eclipse/jetty/jetty-http/9.3.25.v20180904/jetty-http-9.3.25.v20180904.jar:/home/user/.m2/repository/org/eclipse/jetty/jetty-io/9.3.25.v20180904/jetty-io-9.3.25.v20180904.jar:/home/user/.m2/repository/org/eclipse/jetty/jetty-util/9.3.25.v20180904/jetty-util-9.3.25.v20180904.jar:/home/user/.m2/repository/org/eclipse/jetty/jetty-servlet/9.3.25.v20180904/jetty-servlet-9.3.25.v20180904.jar:/home/user/.m2/repository/org/eclipse/jetty/jetty-security/9.3.25.v20180904/jetty-security-9.3.25.v20180904.jar:/home/user/.m2/repository/org/eclipse/jetty/jetty-webapp/9.3.25.v20180904/jetty-webapp-9.3.25.v20180904.jar:/home/user/.m2/repository/org/eclipse/jetty/jetty-xml/9.3.25.v20180904/jetty-xml-9.3.25.v20180904.jar:/home/user/.m2/repository/javax/servlet/jsp/jsp-api/2.1/jsp-api-2.1.jar:/home/user/.m2/repository/com/sun/jersey/jersey-core/1.19/jersey-core-1.19.jar:/home/user/.m2/repository/javax/ws/rs/jsr311-api/1.1.1/jsr311-api-1.1.1.jar:/home/user/.m2/repository/com/sun/jersey/jersey-servlet/1.19/jersey-servlet-1.19.jar:/home/user/.m2/repository/com/sun/jersey/jersey-json/1.19/jersey-json-1.19.jar:/home/user/.m2/repository/org/codehaus/jettison/jettison/1.1/jettison-1.1.jar:/home/user/.m2/repository/com/sun/xml/bind/jaxb-impl/2.3.0.1/jaxb-impl-2.3.0.1.jar:/home/user/.m2/repository/org/codehaus/jackson/jackson-core-asl/1.9.13/jackson-core-asl-1.9.13.jar:/home/user/.m2/repository/org/codehaus/jackson/jackson-mapper-asl/1.9.13/jackson-mapper-asl-1.9.13.jar:/home/user/.m2/repository/org/codehaus/jackson/jackson-jaxrs/1.9.13/jackson-jaxrs-1.9.13.jar:/home/user/.m2/repository/org/codehaus/jackson/jackson-xc/1.9.13/jackson-xc-1.9.13.jar:/home/user/.m2/repository/com/sun/jersey/jersey-server/1.19/jersey-server-1.19.jar:/home/user/.m2/repository/commons-logging/commons-logging/1.1.3/commons-logging-1.1.3.jar:/home/user/.m2/repository/log4j/log4j/1.2.17/log4j-1.2.17.jar:/home/user/.m2/repository/commons-beanutils/commons-beanutils/1.9.4/commons-beanutils-1.9.4.jar:/home/user/.m2/repository/org/apache/commons/commons-configuration2/2.1.1/commons-configuration2-2.1.1.jar:/home/user/.m2/repository/org/apache/commons/commons-lang3/3.7/commons-lang3-3.7.jar:/home/user/.m2/repository/org/apache/commons/commons-text/1.4/commons-text-1.4.jar:/home/user/.m2/repository/org/slf4j/slf4j-api/1.7.25/slf4j-api-1.7.25.jar:/home/user/.m2/repository/org/slf4j/slf4j-log4j12/1.7.25/slf4j-log4j12-1.7.25.jar:/home/user/.m2/repository/org/apache/avro/avro/1.7.7/avro-1.7.7.jar:/home/user/.m2/repository/com/thoughtworks/paranamer/paranamer/2.3/paranamer-2.3.jar:/home/user/.m2/repository/org/xerial/snappy/snappy-java/1.0.5/snappy-java-1.0.5.jar:/home/user/.m2/repository/com/google/re2j/re2j/1.1/re2j-1.1.jar:/home/user/.m2/repository/com/google/code/gson/gson/2.2.4/gson-2.2.4.jar:/home/user/.m2/repository/org/apache/hadoop/hadoop-auth/3.2.0/hadoop-auth-3.2.0.jar:/home/user/.m2/repository/com/nimbusds/nimbus-jose-jwt/4.41.1/nimbus-jose-jwt-4.41.1.jar:/home/user/.m2/repository/com/github/stephenc/jcip/jcip-annotations/1.0-1/jcip-annotations-1.0-1.jar:/home/user/.m2/repository/net/minidev/json-smart/2.3/json-smart-2.3.jar:/home/user/.m2/repository/net/minidev/accessors-smart/1.2/accessors-smart-1.2.jar:/home/user/.m2/repository/org/apache/curator/curator-framework/2.12.0/curator-framework-2.12.0.jar:/home/user/.m2/repository/com/jcraft/jsch/0.1.54/jsch-0.1.54.jar:/home/user/.m2/repository/org/apache/curator/curator-client/2.12.0/curator-client-2.12.0.jar:/home/user/.m2/repository/org/apache/curator/curator-recipes/2.12.0/curator-recipes-2.12.0.jar:/home/user/.m2/repository/com/google/code/findbugs/jsr305/3.0.0/jsr305-3.0.0.jar:/home/user/.m2/repository/org/apache/htrace/htrace-core4/4.1.0-incubating/htrace-core4-4.1.0-incubating.jar:/home/user/.m2/repository/org/apache/zookeeper/zookeeper/3.4.13/zookeeper-3.4.13.jar:/home/user/.m2/repository/jline/jline/0.9.94/jline-0.9.94.jar:/home/user/.m2/repository/org/apache/yetus/audience-annotations/0.5.0/audience-annotations-0.5.0.jar:/home/user/.m2/repository/org/apache/kerby/kerb-simplekdc/1.0.1/kerb-simplekdc-1.0.1.jar:/home/user/.m2/repository/org/apache/kerby/kerb-client/1.0.1/kerb-client-1.0.1.jar:/home/user/.m2/repository/org/apache/kerby/kerby-config/1.0.1/kerby-config-1.0.1.jar:/home/user/.m2/repository/org/apache/kerby/kerb-core/1.0.1/kerb-core-1.0.1.jar:/home/user/.m2/repository/org/apache/kerby/kerby-pkix/1.0.1/kerby-pkix-1.0.1.jar:/home/user/.m2/repository/org/apache/kerby/kerby-asn1/1.0.1/kerby-asn1-1.0.1.jar:/home/user/.m2/repository/org/apache/kerby/kerby-util/1.0.1/kerby-util-1.0.1.jar:/home/user/.m2/repository/org/apache/kerby/kerb-common/1.0.1/kerb-common-1.0.1.jar:/home/user/.m2/repository/org/apache/kerby/kerb-crypto/1.0.1/kerb-crypto-1.0.1.jar:/home/user/.m2/repository/org/apache/kerby/kerb-util/1.0.1/kerb-util-1.0.1.jar:/home/user/.m2/repository/org/apache/kerby/token-provider/1.0.1/token-provider-1.0.1.jar:/home/user/.m2/repository/org/apache/kerby/kerb-admin/1.0.1/kerb-admin-1.0.1.jar:/home/user/.m2/repository/org/apache/kerby/kerb-server/1.0.1/kerb-server-1.0.1.jar:/home/user/.m2/repository/org/apache/kerby/kerb-identity/1.0.1/kerb-identity-1.0.1.jar:/home/user/.m2/repository/org/apache/kerby/kerby-xdr/1.0.1/kerby-xdr-1.0.1.jar:/home/user/.m2/repository/com/fasterxml/jackson/core/jackson-databind/2.9.9/jackson-databind-2.9.9.jar:/home/user/.m2/repository/com/fasterxml/jackson/core/jackson-core/2.9.9/jackson-core-2.9.9.jar:/home/user/.m2/repository/org/codehaus/woodstox/stax2-api/3.1.4/stax2-api-3.1.4.jar:/home/user/.m2/repository/com/fasterxml/woodstox/woodstox-core/5.0.3/woodstox-core-5.0.3.jar:/home/user/.m2/repository/dnsjava/dnsjava/2.1.7/dnsjava-2.1.7.jar:/home/user/.m2/repository/org/apache/hadoop/hadoop-hdfs/3.2.0/hadoop-hdfs-3.2.0.jar:/home/user/.m2/repository/org/eclipse/jetty/jetty-util-ajax/9.3.25.v20180904/jetty-util-ajax-9.3.25.v20180904.jar:/home/user/.m2/repository/commons-daemon/commons-daemon/1.0.13/commons-daemon-1.0.13.jar:/home/user/.m2/repository/io/netty/netty/3.10.5.Final/netty-3.10.5.Final.jar:/home/user/.m2/repository/io/netty/netty-all/4.0.52.Final/netty-all-4.0.52.Final.jar:/home/user/.m2/repository/org/fusesource/leveldbjni/leveldbjni-all/1.8/leveldbjni-all-1.8.jar:/home/user/.m2/repository/com/sun/xml/bind/jaxb-core/2.3.0.1/jaxb-core-2.3.0.1.jar:/home/user/.m2/repository/javax/xml/bind/jaxb-api/2.3.0/jaxb-api-2.3.0.jar:/home/user/.m2/repository/javax/activation/activation/1.1.1/activation-1.1.1.jar:/home/user/.m2/repository/org/openjdk/jmh/jmh-core/1.19/jmh-core-1.19.jar:/home/user/.m2/repository/net/sf/jopt-simple/jopt-simple/4.6/jopt-simple-4.6.jar:/home/user/.m2/repository/org/openjdk/jmh/jmh-generator-annprocess/1.19/jmh-generator-annprocess-1.19.jar:/home/user/.m2/repository/io/dropwizard/metrics/metrics-core/3.2.4/metrics-core-3.2.4.jar:/home/user/.m2/repository/com/amazonaws/aws-java-sdk-s3/1.11.615/aws-java-sdk-s3-1.11.615.jar:/home/user/.m2/repository/com/amazonaws/aws-java-sdk-kms/1.11.615/aws-java-sdk-kms-1.11.615.jar:/home/user/.m2/repository/com/amazonaws/aws-java-sdk-core/1.11.615/aws-java-sdk-core-1.11.615.jar:/home/user/.m2/repository/software/amazon/ion/ion-java/1.0.2/ion-java-1.0.2.jar:/home/user/.m2/repository/com/fasterxml/jackson/dataformat/jackson-dataformat-cbor/2.9.9/jackson-dataformat-cbor-2.9.9.jar:/home/user/.m2/repository/joda-time/joda-time/2.9.9/joda-time-2.9.9.jar:/home/user/.m2/repository/com/amazonaws/jmespath-java/1.11.615/jmespath-java-1.11.615.jar:/home/user/.m2/repository/com/github/spotbugs/spotbugs/3.1.12/spotbugs-3.1.12.jar:/home/user/.m2/repository/org/ow2/asm/asm/5.0.4/asm-5.0.4.jar:/home/user/.m2/repository/org/ow2/asm/asm-analysis/7.0/asm-analysis-7.0.jar:/home/user/.m2/repository/org/ow2/asm/asm-commons/7.0/asm-commons-7.0.jar:/home/user/.m2/repository/org/ow2/asm/asm-tree/7.0/asm-tree-7.0.jar:/home/user/.m2/repository/org/ow2/asm/asm-util/7.0/asm-util-7.0.jar:/home/user/.m2/repository/org/apache/bcel/bcel/6.3/bcel-6.3.jar:/home/user/.m2/repository/net/jcip/jcip-annotations/1.0/jcip-annotations-1.0.jar:/home/user/.m2/repository/org/dom4j/dom4j/2.1.1/dom4j-2.1.1.jar:/home/user/.m2/repository/jaxen/jaxen/1.1.6/jaxen-1.1.6.jar:/home/user/.m2/repository/commons-lang/commons-lang/2.6/commons-lang-2.6.jar:/home/user/.m2/repository/com/github/spotbugs/spotbugs-annotations/3.1.12/spotbugs-annotations-3.1.12.jar:/home/user/.m2/repository/junit/junit/4.11/junit-4.11.jar:/home/user/.m2/repository/org/hamcrest/hamcrest-core/1.3/hamcrest-core-1.3.jar:/home/user/.m2/repository/org/apache/hadoop/hadoop-common/3.2.0/hadoop-common-3.2.0-tests.jar:/workdir/hadoop-ozone/integration-test/target/test-classes:/home/user/.m2/repository/org/apache/hadoop/hadoop-ozone-s3gateway/0.5.0-SNAPSHOT/hadoop-ozone-s3gateway-0.5.0-SNAPSHOT.jar:/home/user/.m2/repository/org/jboss/weld/servlet/weld-servlet/2.4.7.Final/weld-servlet-2.4.7.Final.jar:/home/user/.m2/repository/org/glassfish/jersey/containers/jersey-container-servlet-core/2.27/jersey-container-servlet-core-2.27.jar:/home/user/.m2/repository/org/glassfish/hk2/external/javax.inject/2.5.0-b42/javax.inject-2.5.0-b42.jar:/home/user/.m2/repository/org/glassfish/jersey/core/jersey-common/2.27/jersey-common-2.27.jar:/home/user/.m2/repository/org/glassfish/hk2/osgi-resource-locator/1.0.1/osgi-resource-locator-1.0.1.jar:/home/user/.m2/repository/javax/ws/rs/javax.ws.rs-api/2.1/javax.ws.rs-api-2.1.jar:/home/user/.m2/repository/org/glassfish/jersey/ext/cdi/jersey-cdi1x/2.27/jersey-cdi1x-2.27.jar:/home/user/.m2/repository/org/glassfish/jersey/inject/jersey-hk2/2.27/jersey-hk2-2.27.jar:/home/user/.m2/repository/org/glassfish/hk2/hk2-locator/2.5.0-b42/hk2-locator-2.5.0-b42.jar:/home/user/.m2/repository/org/javassist/javassist/3.22.0-CR2/javassist-3.22.0-CR2.jar:/home/user/.m2/repository/org/glassfish/hk2/hk2-api/2.5.0/hk2-api-2.5.0.jar:/home/user/.m2/repository/org/glassfish/hk2/external/jakarta.inject/2.5.0/jakarta.inject-2.5.0.jar:/home/user/.m2/repository/org/glassfish/hk2/hk2-utils/2.5.0/hk2-utils-2.5.0.jar:/home/user/.m2/repository/jakarta/annotation/jakarta.annotation-api/1.3.4/jakarta.annotation-api-1.3.4.jar:/home/user/.m2/repository/org/glassfish/hk2/external/aopalliance-repackaged/2.5.0/aopalliance-repackaged-2.5.0.jar:/home/user/.m2/repository/com/fasterxml/jackson/dataformat/jackson-dataformat-xml/2.9.0/jackson-dataformat-xml-2.9.0.jar:/home/user/.m2/repository/com/fasterxml/jackson/module/jackson-module-jaxb-annotations/2.9.9/jackson-module-jaxb-annotations-2.9.9.jar:/home/user/.m2/repository/javax/enterprise/cdi-api/1.2/cdi-api-1.2.jar:/home/user/.m2/repository/javax/el/javax.el-api/3.0.0/javax.el-api-3.0.0.jar:/home/user/.m2/repository/javax/interceptor/javax.interceptor-api/1.2/javax.interceptor-api-1.2.jar:/home/user/.m2/repository/javax/inject/javax.inject/1/javax.inject-1.jar:/home/user/.m2/repository/org/apache/hadoop/hadoop-ozone-csi/0.5.0-SNAPSHOT/hadoop-ozone-csi-0.5.0-SNAPSHOT.jar:/home/user/.m2/repository/com/google/protobuf/protobuf-java-util/3.5.1/protobuf-java-util-3.5.1.jar:/home/user/.m2/repository/io/grpc/grpc-netty/1.17.1/grpc-netty-1.17.1.jar:/home/user/.m2/repository/io/grpc/grpc-core/1.17.1/grpc-core-1.17.1.jar:/home/user/.m2/repository/io/grpc/grpc-context/1.17.1/grpc-context-1.17.1.jar:/home/user/.m2/repository/com/google/errorprone/error_prone_annotations/2.2.0/error_prone_annotations-2.2.0.jar:/home/user/.m2/repository/org/codehaus/mojo/animal-sniffer-annotations/1.17/animal-sniffer-annotations-1.17.jar:/home/user/.m2/repository/io/opencensus/opencensus-api/0.17.0/opencensus-api-0.17.0.jar:/home/user/.m2/repository/io/opencensus/opencensus-contrib-grpc-metrics/0.17.0/opencensus-contrib-grpc-metrics-0.17.0.jar:/home/user/.m2/repository/io/netty/netty-codec-http2/4.1.30.Final/netty-codec-http2-4.1.30.Final.jar:/home/user/.m2/repository/io/netty/netty-codec-http/4.1.30.Final/netty-codec-http-4.1.30.Final.jar:/home/user/.m2/repository/io/netty/netty-codec/4.1.30.Final/netty-codec-4.1.30.Final.jar:/home/user/.m2/repository/io/netty/netty-handler/4.1.30.Final/netty-handler-4.1.30.Final.jar:/home/user/.m2/repository/io/netty/netty-handler-proxy/4.1.30.Final/netty-handler-proxy-4.1.30.Final.jar:/home/user/.m2/repository/io/netty/netty-codec-socks/4.1.30.Final/netty-codec-socks-4.1.30.Final.jar:/home/user/.m2/repository/io/netty/netty-transport-native-epoll/4.1.30.Final/netty-transport-native-epoll-4.1.30.Final.jar:/home/user/.m2/repository/io/netty/netty-common/4.1.30.Final/netty-common-4.1.30.Final.jar:/home/user/.m2/repository/io/netty/netty-buffer/4.1.30.Final/netty-buffer-4.1.30.Final.jar:/home/user/.m2/repository/io/netty/netty-transport/4.1.30.Final/netty-transport-4.1.30.Final.jar:/home/user/.m2/repository/io/netty/netty-resolver/4.1.30.Final/netty-resolver-4.1.30.Final.jar:/home/user/.m2/repository/io/netty/netty-transport-native-unix-common/4.1.30.Final/netty-transport-native-unix-common-4.1.30.Final.jar:/home/user/.m2/repository/io/grpc/grpc-protobuf/1.17.1/grpc-protobuf-1.17.1.jar:/home/user/.m2/repository/com/google/api/grpc/proto-google-common-protos/1.0.0/proto-google-common-protos-1.0.0.jar:/home/user/.m2/repository/io/grpc/grpc-protobuf-lite/1.17.1/grpc-protobuf-lite-1.17.1.jar:/home/user/.m2/repository/io/grpc/grpc-stub/1.17.1/grpc-stub-1.17.1.jar:/home/user/.m2/repository/org/apache/hadoop/hadoop-ozone-recon/0.5.0-SNAPSHOT/hadoop-ozone-recon-0.5.0-SNAPSHOT.jar:/home/user/.m2/repository/org/apache/hadoop/hadoop-ozone-reconcodegen/0.5.0-SNAPSHOT/hadoop-ozone-reconcodegen-0.5.0-SNAPSHOT.jar:/home/user/.m2/repository/com/google/inject/extensions/guice-multibindings/4.0/guice-multibindings-4.0.jar:/home/user/.m2/repository/com/google/inject/guice/4.0/guice-4.0.jar:/home/user/.m2/repository/aopalliance/aopalliance/1.0/aopalliance-1.0.jar:/home/user/.m2/repository/com/google/inject/extensions/guice-servlet/4.0/guice-servlet-4.0.jar:/home/user/.m2/repository/org/glassfish/jersey/containers/jersey-container-servlet/2.27/jersey-container-servlet-2.27.jar:/home/user/.m2/repository/org/glassfish/hk2/guice-bridge/2.5.0/guice-bridge-2.5.0.jar:/home/user/.m2/repository/org/glassfish/jersey/core/jersey-server/2.27/jersey-server-2.27.jar:/home/user/.m2/repository/org/glassfish/jersey/core/jersey-client/2.27/jersey-client-2.27.jar:/home/user/.m2/repository/org/glassfish/jersey/media/jersey-media-jaxb/2.27/jersey-media-jaxb-2.27.jar:/home/user/.m2/repository/javax/validation/validation-api/1.1.0.Final/validation-api-1.1.0.Final.jar:/home/user/.m2/repository/org/glassfish/jersey/media/jersey-media-json-jackson/2.27/jersey-media-json-jackson-2.27.jar:/home/user/.m2/repository/org/glassfish/jersey/ext/jersey-entity-filtering/2.27/jersey-entity-filtering-2.27.jar:/home/user/.m2/repository/com/google/inject/extensions/guice-assistedinject/4.0/guice-assistedinject-4.0.jar:/home/user/.m2/repository/org/jooq/jooq/3.11.10/jooq-3.11.10.jar:/home/user/.m2/repository/org/jooq/jooq-meta/3.11.10/jooq-meta-3.11.10.jar:/home/user/.m2/repository/org/jooq/jooq-codegen/3.11.10/jooq-codegen-3.11.10.jar:/home/user/.m2/repository/com/jolbox/bonecp/0.8.0.RELEASE/bonecp-0.8.0.RELEASE.jar:/home/user/.m2/repository/org/springframework/spring-jdbc/5.1.3.RELEASE/spring-jdbc-5.1.3.RELEASE.jar:/home/user/.m2/repository/org/springframework/spring-beans/5.1.3.RELEASE/spring-beans-5.1.3.RELEASE.jar:/home/user/.m2/repository/org/springframework/spring-core/5.1.3.RELEASE/spring-core-5.1.3.RELEASE.jar:/home/user/.m2/repository/org/springframework/spring-jcl/5.1.3.RELEASE/spring-jcl-5.1.3.RELEASE.jar:/home/user/.m2/repository/org/springframework/spring-tx/5.1.3.RELEASE/spring-tx-5.1.3.RELEASE.jar:/home/user/.m2/repository/org/mockito/mockito-core/2.15.0/mockito-core-2.15.0.jar:/home/user/.m2/repository/net/bytebuddy/byte-buddy/1.7.9/byte-buddy-1.7.9.jar:/home/user/.m2/repository/net/bytebuddy/byte-buddy-agent/1.7.9/byte-buddy-agent-1.7.9.jar:/home/user/.m2/repository/org/objenesis/objenesis/1.0/objenesis-1.0.jar:"/>
    <property name="java.vm.vendor" value="Oracle Corporation"/>
    <property name="sun.arch.data.model" value="64"/>
    <property name="test.build.dir" value="/workdir/hadoop-ozone/tools/target/test-dir"/>
    <property name="test.cache.data" value=""/>
    <property name="java.vendor.url" value="http://java.oracle.com/"/>
    <property name="user.timezone" value=""/>
    <property name="java.vm.specification.version" value="1.8"/>
    <property name="os.name" value="Linux"/>
    <property name="test.build.data" value="/workdir/hadoop-ozone/tools/target/test-dir"/>
    <property name="user.country" value="US"/>
    <property name="sun.java.launcher" value="SUN_STANDARD"/>
    <property name="sun.boot.library.path" value="/usr/lib/jvm/java-1.8.0-openjdk-1.8.0.222.b10-1.el7_7.x86_64/jre/lib/amd64"/>
    <property name="sun.java.command" value="/workdir/hadoop-ozone/tools/target/surefire/surefirebooter7583315507279210707.jar /workdir/hadoop-ozone/tools/target/surefire 2019-11-14T12-53-44_197-jvmRun1 surefire124145898520577208tmp surefire_1024940558547191886796tmp"/>
    <property name="surefire.test.class.path" value="/workdir/hadoop-ozone/tools/target/test-classes:/workdir/hadoop-ozone/tools/target/classes:/home/user/.m2/repository/org/apache/hadoop/hadoop-ozone-ozone-manager/0.5.0-SNAPSHOT/hadoop-ozone-ozone-manager-0.5.0-SNAPSHOT.jar:/home/user/.m2/repository/org/apache/hadoop/hadoop-hdds-docs/0.5.0-SNAPSHOT/hadoop-hdds-docs-0.5.0-SNAPSHOT.jar:/home/user/.m2/repository/org/bouncycastle/bcprov-jdk15on/1.60/bcprov-jdk15on-1.60.jar:/home/user/.m2/repository/org/apache/hadoop/hadoop-ozone-common/0.5.0-SNAPSHOT/hadoop-ozone-common-0.5.0-SNAPSHOT.jar:/home/user/.m2/repository/org/apache/commons/commons-compress/1.4.1/commons-compress-1.4.1.jar:/home/user/.m2/repository/org/tukaani/xz/1.0/xz-1.0.jar:/home/user/.m2/repository/org/apache/hadoop/hadoop-hdfs-client/3.2.0/hadoop-hdfs-client-3.2.0.jar:/home/user/.m2/repository/com/fasterxml/jackson/core/jackson-annotations/2.9.9/jackson-annotations-2.9.9.jar:/home/user/.m2/repository/org/apache/hadoop/hadoop-hdds-common/0.5.0-SNAPSHOT/hadoop-hdds-common-0.5.0-SNAPSHOT.jar:/home/user/.m2/repository/org/apache/hadoop/hadoop-hdds-config/0.5.0-SNAPSHOT/hadoop-hdds-config-0.5.0-SNAPSHOT.jar:/home/user/.m2/repository/javax/annotation/javax.annotation-api/1.2/javax.annotation-api-1.2.jar:/home/user/.m2/repository/org/apache/ratis/ratis-server/0.5.0-d6d58d0-SNAPSHOT/ratis-server-0.5.0-d6d58d0-SNAPSHOT.jar:/home/user/.m2/repository/org/apache/ratis/ratis-thirdparty-misc/0.2.0/ratis-thirdparty-misc-0.2.0.jar:/home/user/.m2/repository/org/apache/ratis/ratis-proto/0.5.0-d6d58d0-SNAPSHOT/ratis-proto-0.5.0-d6d58d0-SNAPSHOT.jar:/home/user/.m2/repository/org/apache/ratis/ratis-common/0.5.0-d6d58d0-SNAPSHOT/ratis-common-0.5.0-d6d58d0-SNAPSHOT.jar:/home/user/.m2/repository/org/apache/ratis/ratis-client/0.5.0-d6d58d0-SNAPSHOT/ratis-client-0.5.0-d6d58d0-SNAPSHOT.jar:/home/user/.m2/repository/org/apache/ratis/ratis-metrics/0.5.0-d6d58d0-SNAPSHOT/ratis-metrics-0.5.0-d6d58d0-SNAPSHOT.jar:/home/user/.m2/repository/org/apache/ratis/ratis-netty/0.5.0-d6d58d0-SNAPSHOT/ratis-netty-0.5.0-d6d58d0-SNAPSHOT.jar:/home/user/.m2/repository/org/apache/ratis/ratis-grpc/0.5.0-d6d58d0-SNAPSHOT/ratis-grpc-0.5.0-d6d58d0-SNAPSHOT.jar:/home/user/.m2/repository/org/rocksdb/rocksdbjni/6.0.1/rocksdbjni-6.0.1.jar:/home/user/.m2/repository/org/apache/logging/log4j/log4j-api/2.11.0/log4j-api-2.11.0.jar:/home/user/.m2/repository/org/apache/logging/log4j/log4j-core/2.11.0/log4j-core-2.11.0.jar:/home/user/.m2/repository/com/lmax/disruptor/3.4.2/disruptor-3.4.2.jar:/home/user/.m2/repository/org/apache/commons/commons-pool2/2.6.0/commons-pool2-2.6.0.jar:/home/user/.m2/repository/org/bouncycastle/bcpkix-jdk15on/1.60/bcpkix-jdk15on-1.60.jar:/home/user/.m2/repository/commons-validator/commons-validator/1.6/commons-validator-1.6.jar:/home/user/.m2/repository/commons-digester/commons-digester/1.8.1/commons-digester-1.8.1.jar:/home/user/.m2/repository/io/jaegertracing/jaeger-client/0.34.0/jaeger-client-0.34.0.jar:/home/user/.m2/repository/io/jaegertracing/jaeger-thrift/0.34.0/jaeger-thrift-0.34.0.jar:/home/user/.m2/repository/org/apache/thrift/libthrift/0.12.0/libthrift-0.12.0.jar:/home/user/.m2/repository/com/squareup/okhttp3/okhttp/3.9.0/okhttp-3.9.0.jar:/home/user/.m2/repository/com/squareup/okio/okio/1.13.0/okio-1.13.0.jar:/home/user/.m2/repository/io/jaegertracing/jaeger-core/0.34.0/jaeger-core-0.34.0.jar:/home/user/.m2/repository/io/jaegertracing/jaeger-tracerresolver/0.34.0/jaeger-tracerresolver-0.34.0.jar:/home/user/.m2/repository/io/opentracing/contrib/opentracing-tracerresolver/0.1.5/opentracing-tracerresolver-0.1.5.jar:/home/user/.m2/repository/io/opentracing/opentracing-util/0.31.0/opentracing-util-0.31.0.jar:/home/user/.m2/repository/io/opentracing/opentracing-api/0.31.0/opentracing-api-0.31.0.jar:/home/user/.m2/repository/io/opentracing/opentracing-noop/0.31.0/opentracing-noop-0.31.0.jar:/home/user/.m2/repository/org/yaml/snakeyaml/1.16/snakeyaml-1.16.jar:/home/user/.m2/repository/org/apache/hadoop/hadoop-hdds-container-service/0.5.0-SNAPSHOT/hadoop-hdds-container-service-0.5.0-SNAPSHOT.jar:/home/user/.m2/repository/org/apache/hadoop/hadoop-hdds-client/0.5.0-SNAPSHOT/hadoop-hdds-client-0.5.0-SNAPSHOT.jar:/home/user/.m2/repository/org/apache/hadoop/hadoop-hdds-tools/0.5.0-SNAPSHOT/hadoop-hdds-tools-0.5.0-SNAPSHOT.jar:/home/user/.m2/repository/org/xerial/sqlite-jdbc/3.25.2/sqlite-jdbc-3.25.2.jar:/home/user/.m2/repository/org/apache/hadoop/hadoop-hdds-server-scm/0.5.0-SNAPSHOT/hadoop-hdds-server-scm-0.5.0-SNAPSHOT.jar:/home/user/.m2/repository/org/hamcrest/hamcrest-all/1.3/hamcrest-all-1.3.jar:/home/user/.m2/repository/info/picocli/picocli/3.9.6/picocli-3.9.6.jar:/home/user/.m2/repository/com/google/protobuf/protobuf-java/2.5.0/protobuf-java-2.5.0.jar:/home/user/.m2/repository/com/google/guava/guava/11.0.2/guava-11.0.2.jar:/home/user/.m2/repository/org/apache/hadoop/hadoop-ozone-client/0.5.0-SNAPSHOT/hadoop-ozone-client-0.5.0-SNAPSHOT.jar:/workdir/hadoop-ozone/ozonefs/target/classes:/home/user/.m2/repository/org/apache/httpcomponents/httpclient/4.5.2/httpclient-4.5.2.jar:/home/user/.m2/repository/org/apache/httpcomponents/httpcore/4.4.4/httpcore-4.4.4.jar:/home/user/.m2/repository/org/apache/hadoop/hadoop-hdds-server-framework/0.5.0-SNAPSHOT/hadoop-hdds-server-framework-0.5.0-SNAPSHOT.jar:/home/user/.m2/repository/org/apache/hadoop/hadoop-common/3.2.0/hadoop-common-3.2.0.jar:/home/user/.m2/repository/org/apache/hadoop/hadoop-annotations/3.2.0/hadoop-annotations-3.2.0.jar:/usr/lib/jvm/java-1.8.0-openjdk-1.8.0.222.b10-1.el7_7.x86_64/jre/../lib/tools.jar:/home/user/.m2/repository/commons-cli/commons-cli/1.2/commons-cli-1.2.jar:/home/user/.m2/repository/org/apache/commons/commons-math3/3.1.1/commons-math3-3.1.1.jar:/home/user/.m2/repository/commons-codec/commons-codec/1.11/commons-codec-1.11.jar:/home/user/.m2/repository/commons-io/commons-io/2.5/commons-io-2.5.jar:/home/user/.m2/repository/commons-net/commons-net/3.6/commons-net-3.6.jar:/home/user/.m2/repository/commons-collections/commons-collections/3.2.2/commons-collections-3.2.2.jar:/home/user/.m2/repository/javax/servlet/javax.servlet-api/3.1.0/javax.servlet-api-3.1.0.jar:/home/user/.m2/repository/org/eclipse/jetty/jetty-server/9.3.25.v20180904/jetty-server-9.3.25.v20180904.jar:/home/user/.m2/repository/org/eclipse/jetty/jetty-http/9.3.25.v20180904/jetty-http-9.3.25.v20180904.jar:/home/user/.m2/repository/org/eclipse/jetty/jetty-io/9.3.25.v20180904/jetty-io-9.3.25.v20180904.jar:/home/user/.m2/repository/org/eclipse/jetty/jetty-util/9.3.25.v20180904/jetty-util-9.3.25.v20180904.jar:/home/user/.m2/repository/org/eclipse/jetty/jetty-servlet/9.3.25.v20180904/jetty-servlet-9.3.25.v20180904.jar:/home/user/.m2/repository/org/eclipse/jetty/jetty-security/9.3.25.v20180904/jetty-security-9.3.25.v20180904.jar:/home/user/.m2/repository/org/eclipse/jetty/jetty-webapp/9.3.25.v20180904/jetty-webapp-9.3.25.v20180904.jar:/home/user/.m2/repository/org/eclipse/jetty/jetty-xml/9.3.25.v20180904/jetty-xml-9.3.25.v20180904.jar:/home/user/.m2/repository/javax/servlet/jsp/jsp-api/2.1/jsp-api-2.1.jar:/home/user/.m2/repository/com/sun/jersey/jersey-core/1.19/jersey-core-1.19.jar:/home/user/.m2/repository/javax/ws/rs/jsr311-api/1.1.1/jsr311-api-1.1.1.jar:/home/user/.m2/repository/com/sun/jersey/jersey-servlet/1.19/jersey-servlet-1.19.jar:/home/user/.m2/repository/com/sun/jersey/jersey-json/1.19/jersey-json-1.19.jar:/home/user/.m2/repository/org/codehaus/jettison/jettison/1.1/jettison-1.1.jar:/home/user/.m2/repository/com/sun/xml/bind/jaxb-impl/2.3.0.1/jaxb-impl-2.3.0.1.jar:/home/user/.m2/repository/org/codehaus/jackson/jackson-core-asl/1.9.13/jackson-core-asl-1.9.13.jar:/home/user/.m2/repository/org/codehaus/jackson/jackson-mapper-asl/1.9.13/jackson-mapper-asl-1.9.13.jar:/home/user/.m2/repository/org/codehaus/jackson/jackson-jaxrs/1.9.13/jackson-jaxrs-1.9.13.jar:/home/user/.m2/repository/org/codehaus/jackson/jackson-xc/1.9.13/jackson-xc-1.9.13.jar:/home/user/.m2/repository/com/sun/jersey/jersey-server/1.19/jersey-server-1.19.jar:/home/user/.m2/repository/commons-logging/commons-logging/1.1.3/commons-logging-1.1.3.jar:/home/user/.m2/repository/log4j/log4j/1.2.17/log4j-1.2.17.jar:/home/user/.m2/repository/commons-beanutils/commons-beanutils/1.9.4/commons-beanutils-1.9.4.jar:/home/user/.m2/repository/org/apache/commons/commons-configuration2/2.1.1/commons-configuration2-2.1.1.jar:/home/user/.m2/repository/org/apache/commons/commons-lang3/3.7/commons-lang3-3.7.jar:/home/user/.m2/repository/org/apache/commons/commons-text/1.4/commons-text-1.4.jar:/home/user/.m2/repository/org/slf4j/slf4j-api/1.7.25/slf4j-api-1.7.25.jar:/home/user/.m2/repository/org/slf4j/slf4j-log4j12/1.7.25/slf4j-log4j12-1.7.25.jar:/home/user/.m2/repository/org/apache/avro/avro/1.7.7/avro-1.7.7.jar:/home/user/.m2/repository/com/thoughtworks/paranamer/paranamer/2.3/paranamer-2.3.jar:/home/user/.m2/repository/org/xerial/snappy/snappy-java/1.0.5/snappy-java-1.0.5.jar:/home/user/.m2/repository/com/google/re2j/re2j/1.1/re2j-1.1.jar:/home/user/.m2/repository/com/google/code/gson/gson/2.2.4/gson-2.2.4.jar:/home/user/.m2/repository/org/apache/hadoop/hadoop-auth/3.2.0/hadoop-auth-3.2.0.jar:/home/user/.m2/repository/com/nimbusds/nimbus-jose-jwt/4.41.1/nimbus-jose-jwt-4.41.1.jar:/home/user/.m2/repository/com/github/stephenc/jcip/jcip-annotations/1.0-1/jcip-annotations-1.0-1.jar:/home/user/.m2/repository/net/minidev/json-smart/2.3/json-smart-2.3.jar:/home/user/.m2/repository/net/minidev/accessors-smart/1.2/accessors-smart-1.2.jar:/home/user/.m2/repository/org/apache/curator/curator-framework/2.12.0/curator-framework-2.12.0.jar:/home/user/.m2/repository/com/jcraft/jsch/0.1.54/jsch-0.1.54.jar:/home/user/.m2/repository/org/apache/curator/curator-client/2.12.0/curator-client-2.12.0.jar:/home/user/.m2/repository/org/apache/curator/curator-recipes/2.12.0/curator-recipes-2.12.0.jar:/home/user/.m2/repository/com/google/code/findbugs/jsr305/3.0.0/jsr305-3.0.0.jar:/home/user/.m2/repository/org/apache/htrace/htrace-core4/4.1.0-incubating/htrace-core4-4.1.0-incubating.jar:/home/user/.m2/repository/org/apache/zookeeper/zookeeper/3.4.13/zookeeper-3.4.13.jar:/home/user/.m2/repository/jline/jline/0.9.94/jline-0.9.94.jar:/home/user/.m2/repository/org/apache/yetus/audience-annotations/0.5.0/audience-annotations-0.5.0.jar:/home/user/.m2/repository/org/apache/kerby/kerb-simplekdc/1.0.1/kerb-simplekdc-1.0.1.jar:/home/user/.m2/repository/org/apache/kerby/kerb-client/1.0.1/kerb-client-1.0.1.jar:/home/user/.m2/repository/org/apache/kerby/kerby-config/1.0.1/kerby-config-1.0.1.jar:/home/user/.m2/repository/org/apache/kerby/kerb-core/1.0.1/kerb-core-1.0.1.jar:/home/user/.m2/repository/org/apache/kerby/kerby-pkix/1.0.1/kerby-pkix-1.0.1.jar:/home/user/.m2/repository/org/apache/kerby/kerby-asn1/1.0.1/kerby-asn1-1.0.1.jar:/home/user/.m2/repository/org/apache/kerby/kerby-util/1.0.1/kerby-util-1.0.1.jar:/home/user/.m2/repository/org/apache/kerby/kerb-common/1.0.1/kerb-common-1.0.1.jar:/home/user/.m2/repository/org/apache/kerby/kerb-crypto/1.0.1/kerb-crypto-1.0.1.jar:/home/user/.m2/repository/org/apache/kerby/kerb-util/1.0.1/kerb-util-1.0.1.jar:/home/user/.m2/repository/org/apache/kerby/token-provider/1.0.1/token-provider-1.0.1.jar:/home/user/.m2/repository/org/apache/kerby/kerb-admin/1.0.1/kerb-admin-1.0.1.jar:/home/user/.m2/repository/org/apache/kerby/kerb-server/1.0.1/kerb-server-1.0.1.jar:/home/user/.m2/repository/org/apache/kerby/kerb-identity/1.0.1/kerb-identity-1.0.1.jar:/home/user/.m2/repository/org/apache/kerby/kerby-xdr/1.0.1/kerby-xdr-1.0.1.jar:/home/user/.m2/repository/com/fasterxml/jackson/core/jackson-databind/2.9.9/jackson-databind-2.9.9.jar:/home/user/.m2/repository/com/fasterxml/jackson/core/jackson-core/2.9.9/jackson-core-2.9.9.jar:/home/user/.m2/repository/org/codehaus/woodstox/stax2-api/3.1.4/stax2-api-3.1.4.jar:/home/user/.m2/repository/com/fasterxml/woodstox/woodstox-core/5.0.3/woodstox-core-5.0.3.jar:/home/user/.m2/repository/dnsjava/dnsjava/2.1.7/dnsjava-2.1.7.jar:/home/user/.m2/repository/org/apache/hadoop/hadoop-hdfs/3.2.0/hadoop-hdfs-3.2.0.jar:/home/user/.m2/repository/org/eclipse/jetty/jetty-util-ajax/9.3.25.v20180904/jetty-util-ajax-9.3.25.v20180904.jar:/home/user/.m2/repository/commons-daemon/commons-daemon/1.0.13/commons-daemon-1.0.13.jar:/home/user/.m2/repository/io/netty/netty/3.10.5.Final/netty-3.10.5.Final.jar:/home/user/.m2/repository/io/netty/netty-all/4.0.52.Final/netty-all-4.0.52.Final.jar:/home/user/.m2/repository/org/fusesource/leveldbjni/leveldbjni-all/1.8/leveldbjni-all-1.8.jar:/home/user/.m2/repository/com/sun/xml/bind/jaxb-core/2.3.0.1/jaxb-core-2.3.0.1.jar:/home/user/.m2/repository/javax/xml/bind/jaxb-api/2.3.0/jaxb-api-2.3.0.jar:/home/user/.m2/repository/javax/activation/activation/1.1.1/activation-1.1.1.jar:/home/user/.m2/repository/org/openjdk/jmh/jmh-core/1.19/jmh-core-1.19.jar:/home/user/.m2/repository/net/sf/jopt-simple/jopt-simple/4.6/jopt-simple-4.6.jar:/home/user/.m2/repository/org/openjdk/jmh/jmh-generator-annprocess/1.19/jmh-generator-annprocess-1.19.jar:/home/user/.m2/repository/io/dropwizard/metrics/metrics-core/3.2.4/metrics-core-3.2.4.jar:/home/user/.m2/repository/com/amazonaws/aws-java-sdk-s3/1.11.615/aws-java-sdk-s3-1.11.615.jar:/home/user/.m2/repository/com/amazonaws/aws-java-sdk-kms/1.11.615/aws-java-sdk-kms-1.11.615.jar:/home/user/.m2/repository/com/amazonaws/aws-java-sdk-core/1.11.615/aws-java-sdk-core-1.11.615.jar:/home/user/.m2/repository/software/amazon/ion/ion-java/1.0.2/ion-java-1.0.2.jar:/home/user/.m2/repository/com/fasterxml/jackson/dataformat/jackson-dataformat-cbor/2.9.9/jackson-dataformat-cbor-2.9.9.jar:/home/user/.m2/repository/joda-time/joda-time/2.9.9/joda-time-2.9.9.jar:/home/user/.m2/repository/com/amazonaws/jmespath-java/1.11.615/jmespath-java-1.11.615.jar:/home/user/.m2/repository/com/github/spotbugs/spotbugs/3.1.12/spotbugs-3.1.12.jar:/home/user/.m2/repository/org/ow2/asm/asm/5.0.4/asm-5.0.4.jar:/home/user/.m2/repository/org/ow2/asm/asm-analysis/7.0/asm-analysis-7.0.jar:/home/user/.m2/repository/org/ow2/asm/asm-commons/7.0/asm-commons-7.0.jar:/home/user/.m2/repository/org/ow2/asm/asm-tree/7.0/asm-tree-7.0.jar:/home/user/.m2/repository/org/ow2/asm/asm-util/7.0/asm-util-7.0.jar:/home/user/.m2/repository/org/apache/bcel/bcel/6.3/bcel-6.3.jar:/home/user/.m2/repository/net/jcip/jcip-annotations/1.0/jcip-annotations-1.0.jar:/home/user/.m2/repository/org/dom4j/dom4j/2.1.1/dom4j-2.1.1.jar:/home/user/.m2/repository/jaxen/jaxen/1.1.6/jaxen-1.1.6.jar:/home/user/.m2/repository/commons-lang/commons-lang/2.6/commons-lang-2.6.jar:/home/user/.m2/repository/com/github/spotbugs/spotbugs-annotations/3.1.12/spotbugs-annotations-3.1.12.jar:/home/user/.m2/repository/junit/junit/4.11/junit-4.11.jar:/home/user/.m2/repository/org/hamcrest/hamcrest-core/1.3/hamcrest-core-1.3.jar:/home/user/.m2/repository/org/apache/hadoop/hadoop-common/3.2.0/hadoop-common-3.2.0-tests.jar:/workdir/hadoop-ozone/integration-test/target/test-classes:/home/user/.m2/repository/org/apache/hadoop/hadoop-ozone-s3gateway/0.5.0-SNAPSHOT/hadoop-ozone-s3gateway-0.5.0-SNAPSHOT.jar:/home/user/.m2/repository/org/jboss/weld/servlet/weld-servlet/2.4.7.Final/weld-servlet-2.4.7.Final.jar:/home/user/.m2/repository/org/glassfish/jersey/containers/jersey-container-servlet-core/2.27/jersey-container-servlet-core-2.27.jar:/home/user/.m2/repository/org/glassfish/hk2/external/javax.inject/2.5.0-b42/javax.inject-2.5.0-b42.jar:/home/user/.m2/repository/org/glassfish/jersey/core/jersey-common/2.27/jersey-common-2.27.jar:/home/user/.m2/repository/org/glassfish/hk2/osgi-resource-locator/1.0.1/osgi-resource-locator-1.0.1.jar:/home/user/.m2/repository/javax/ws/rs/javax.ws.rs-api/2.1/javax.ws.rs-api-2.1.jar:/home/user/.m2/repository/org/glassfish/jersey/ext/cdi/jersey-cdi1x/2.27/jersey-cdi1x-2.27.jar:/home/user/.m2/repository/org/glassfish/jersey/inject/jersey-hk2/2.27/jersey-hk2-2.27.jar:/home/user/.m2/repository/org/glassfish/hk2/hk2-locator/2.5.0-b42/hk2-locator-2.5.0-b42.jar:/home/user/.m2/repository/org/javassist/javassist/3.22.0-CR2/javassist-3.22.0-CR2.jar:/home/user/.m2/repository/org/glassfish/hk2/hk2-api/2.5.0/hk2-api-2.5.0.jar:/home/user/.m2/repository/org/glassfish/hk2/external/jakarta.inject/2.5.0/jakarta.inject-2.5.0.jar:/home/user/.m2/repository/org/glassfish/hk2/hk2-utils/2.5.0/hk2-utils-2.5.0.jar:/home/user/.m2/repository/jakarta/annotation/jakarta.annotation-api/1.3.4/jakarta.annotation-api-1.3.4.jar:/home/user/.m2/repository/org/glassfish/hk2/external/aopalliance-repackaged/2.5.0/aopalliance-repackaged-2.5.0.jar:/home/user/.m2/repository/com/fasterxml/jackson/dataformat/jackson-dataformat-xml/2.9.0/jackson-dataformat-xml-2.9.0.jar:/home/user/.m2/repository/com/fasterxml/jackson/module/jackson-module-jaxb-annotations/2.9.9/jackson-module-jaxb-annotations-2.9.9.jar:/home/user/.m2/repository/javax/enterprise/cdi-api/1.2/cdi-api-1.2.jar:/home/user/.m2/repository/javax/el/javax.el-api/3.0.0/javax.el-api-3.0.0.jar:/home/user/.m2/repository/javax/interceptor/javax.interceptor-api/1.2/javax.interceptor-api-1.2.jar:/home/user/.m2/repository/javax/inject/javax.inject/1/javax.inject-1.jar:/home/user/.m2/repository/org/apache/hadoop/hadoop-ozone-csi/0.5.0-SNAPSHOT/hadoop-ozone-csi-0.5.0-SNAPSHOT.jar:/home/user/.m2/repository/com/google/protobuf/protobuf-java-util/3.5.1/protobuf-java-util-3.5.1.jar:/home/user/.m2/repository/io/grpc/grpc-netty/1.17.1/grpc-netty-1.17.1.jar:/home/user/.m2/repository/io/grpc/grpc-core/1.17.1/grpc-core-1.17.1.jar:/home/user/.m2/repository/io/grpc/grpc-context/1.17.1/grpc-context-1.17.1.jar:/home/user/.m2/repository/com/google/errorprone/error_prone_annotations/2.2.0/error_prone_annotations-2.2.0.jar:/home/user/.m2/repository/org/codehaus/mojo/animal-sniffer-annotations/1.17/animal-sniffer-annotations-1.17.jar:/home/user/.m2/repository/io/opencensus/opencensus-api/0.17.0/opencensus-api-0.17.0.jar:/home/user/.m2/repository/io/opencensus/opencensus-contrib-grpc-metrics/0.17.0/opencensus-contrib-grpc-metrics-0.17.0.jar:/home/user/.m2/repository/io/netty/netty-codec-http2/4.1.30.Final/netty-codec-http2-4.1.30.Final.jar:/home/user/.m2/repository/io/netty/netty-codec-http/4.1.30.Final/netty-codec-http-4.1.30.Final.jar:/home/user/.m2/repository/io/netty/netty-codec/4.1.30.Final/netty-codec-4.1.30.Final.jar:/home/user/.m2/repository/io/netty/netty-handler/4.1.30.Final/netty-handler-4.1.30.Final.jar:/home/user/.m2/repository/io/netty/netty-handler-proxy/4.1.30.Final/netty-handler-proxy-4.1.30.Final.jar:/home/user/.m2/repository/io/netty/netty-codec-socks/4.1.30.Final/netty-codec-socks-4.1.30.Final.jar:/home/user/.m2/repository/io/netty/netty-transport-native-epoll/4.1.30.Final/netty-transport-native-epoll-4.1.30.Final.jar:/home/user/.m2/repository/io/netty/netty-common/4.1.30.Final/netty-common-4.1.30.Final.jar:/home/user/.m2/repository/io/netty/netty-buffer/4.1.30.Final/netty-buffer-4.1.30.Final.jar:/home/user/.m2/repository/io/netty/netty-transport/4.1.30.Final/netty-transport-4.1.30.Final.jar:/home/user/.m2/repository/io/netty/netty-resolver/4.1.30.Final/netty-resolver-4.1.30.Final.jar:/home/user/.m2/repository/io/netty/netty-transport-native-unix-common/4.1.30.Final/netty-transport-native-unix-common-4.1.30.Final.jar:/home/user/.m2/repository/io/grpc/grpc-protobuf/1.17.1/grpc-protobuf-1.17.1.jar:/home/user/.m2/repository/com/google/api/grpc/proto-google-common-protos/1.0.0/proto-google-common-protos-1.0.0.jar:/home/user/.m2/repository/io/grpc/grpc-protobuf-lite/1.17.1/grpc-protobuf-lite-1.17.1.jar:/home/user/.m2/repository/io/grpc/grpc-stub/1.17.1/grpc-stub-1.17.1.jar:/home/user/.m2/repository/org/apache/hadoop/hadoop-ozone-recon/0.5.0-SNAPSHOT/hadoop-ozone-recon-0.5.0-SNAPSHOT.jar:/home/user/.m2/repository/org/apache/hadoop/hadoop-ozone-reconcodegen/0.5.0-SNAPSHOT/hadoop-ozone-reconcodegen-0.5.0-SNAPSHOT.jar:/home/user/.m2/repository/com/google/inject/extensions/guice-multibindings/4.0/guice-multibindings-4.0.jar:/home/user/.m2/repository/com/google/inject/guice/4.0/guice-4.0.jar:/home/user/.m2/repository/aopalliance/aopalliance/1.0/aopalliance-1.0.jar:/home/user/.m2/repository/com/google/inject/extensions/guice-servlet/4.0/guice-servlet-4.0.jar:/home/user/.m2/repository/org/glassfish/jersey/containers/jersey-container-servlet/2.27/jersey-container-servlet-2.27.jar:/home/user/.m2/repository/org/glassfish/hk2/guice-bridge/2.5.0/guice-bridge-2.5.0.jar:/home/user/.m2/repository/org/glassfish/jersey/core/jersey-server/2.27/jersey-server-2.27.jar:/home/user/.m2/repository/org/glassfish/jersey/core/jersey-client/2.27/jersey-client-2.27.jar:/home/user/.m2/repository/org/glassfish/jersey/media/jersey-media-jaxb/2.27/jersey-media-jaxb-2.27.jar:/home/user/.m2/repository/javax/validation/validation-api/1.1.0.Final/validation-api-1.1.0.Final.jar:/home/user/.m2/repository/org/glassfish/jersey/media/jersey-media-json-jackson/2.27/jersey-media-json-jackson-2.27.jar:/home/user/.m2/repository/org/glassfish/jersey/ext/jersey-entity-filtering/2.27/jersey-entity-filtering-2.27.jar:/home/user/.m2/repository/com/google/inject/extensions/guice-assistedinject/4.0/guice-assistedinject-4.0.jar:/home/user/.m2/repository/org/jooq/jooq/3.11.10/jooq-3.11.10.jar:/home/user/.m2/repository/org/jooq/jooq-meta/3.11.10/jooq-meta-3.11.10.jar:/home/user/.m2/repository/org/jooq/jooq-codegen/3.11.10/jooq-codegen-3.11.10.jar:/home/user/.m2/repository/com/jolbox/bonecp/0.8.0.RELEASE/bonecp-0.8.0.RELEASE.jar:/home/user/.m2/repository/org/springframework/spring-jdbc/5.1.3.RELEASE/spring-jdbc-5.1.3.RELEASE.jar:/home/user/.m2/repository/org/springframework/spring-beans/5.1.3.RELEASE/spring-beans-5.1.3.RELEASE.jar:/home/user/.m2/repository/org/springframework/spring-core/5.1.3.RELEASE/spring-core-5.1.3.RELEASE.jar:/home/user/.m2/repository/org/springframework/spring-jcl/5.1.3.RELEASE/spring-jcl-5.1.3.RELEASE.jar:/home/user/.m2/repository/org/springframework/spring-tx/5.1.3.RELEASE/spring-tx-5.1.3.RELEASE.jar:/home/user/.m2/repository/org/mockito/mockito-core/2.15.0/mockito-core-2.15.0.jar:/home/user/.m2/repository/net/bytebuddy/byte-buddy/1.7.9/byte-buddy-1.7.9.jar:/home/user/.m2/repository/net/bytebuddy/byte-buddy-agent/1.7.9/byte-buddy-agent-1.7.9.jar:/home/user/.m2/repository/org/objenesis/objenesis/1.0/objenesis-1.0.jar:"/>
    <property name="sun.cpu.endian" value="little"/>
    <property name="user.home" value="/home/user"/>
    <property name="user.language" value="en"/>
    <property name="java.specification.vendor" value="Oracle Corporation"/>
    <property name="java.home" value="/usr/lib/jvm/java-1.8.0-openjdk-1.8.0.222.b10-1.el7_7.x86_64/jre"/>
    <property name="surefire.excludesFile" value="/tools/ozone-bad-unit-tests"/>
    <property name="java.security.krb5.conf" value="/workdir/hadoop-ozone/tools/target/test-classes/krb5.conf"/>
    <property name="basedir" value="/workdir/hadoop-ozone/tools"/>
    <property name="file.separator" value="/"/>
    <property name="line.separator" value="&#10;"/>
    <property name="java.vm.specification.vendor" value="Oracle Corporation"/>
    <property name="java.specification.name" value="Java Platform API Specification"/>
    <property name="java.awt.graphicsenv" value="sun.awt.X11GraphicsEnvironment"/>
    <property name="surefire.real.class.path" value="/workdir/hadoop-ozone/tools/target/surefire/surefirebooter7583315507279210707.jar"/>
    <property name="hadoop.log.dir" value="/workdir/hadoop-ozone/tools/target/log"/>
    <property name="sun.boot.class.path" value="/usr/lib/jvm/java-1.8.0-openjdk-1.8.0.222.b10-1.el7_7.x86_64/jre/lib/resources.jar:/usr/lib/jvm/java-1.8.0-openjdk-1.8.0.222.b10-1.el7_7.x86_64/jre/lib/rt.jar:/usr/lib/jvm/java-1.8.0-openjdk-1.8.0.222.b10-1.el7_7.x86_64/jre/lib/sunrsasign.jar:/usr/lib/jvm/java-1.8.0-openjdk-1.8.0.222.b10-1.el7_7.x86_64/jre/lib/jsse.jar:/usr/lib/jvm/java-1.8.0-openjdk-1.8.0.222.b10-1.el7_7.x86_64/jre/lib/jce.jar:/usr/lib/jvm/java-1.8.0-openjdk-1.8.0.222.b10-1.el7_7.x86_64/jre/lib/charsets.jar:/usr/lib/jvm/java-1.8.0-openjdk-1.8.0.222.b10-1.el7_7.x86_64/jre/lib/jfr.jar:/usr/lib/jvm/java-1.8.0-openjdk-1.8.0.222.b10-1.el7_7.x86_64/jre/classes"/>
    <property name="sun.management.compiler" value="HotSpot 64-Bit Tiered Compilers"/>
    <property name="java.runtime.version" value="1.8.0_222-b10"/>
    <property name="java.net.preferIPv4Stack" value="true"/>
    <property name="user.name" value="jenkins1000"/>
    <property name="path.separator" value=":"/>
    <property name="java.security.egd" value="file:///dev/urandom"/>
    <property name="os.version" value="3.10.0-957.12.2.el7.x86_64"/>
    <property name="java.endorsed.dirs" value="/usr/lib/jvm/java-1.8.0-openjdk-1.8.0.222.b10-1.el7_7.x86_64/jre/lib/endorsed"/>
    <property name="java.runtime.name" value="OpenJDK Runtime Environment"/>
    <property name="file.encoding" value="ANSI_X3.4-1968"/>
    <property name="java.vm.name" value="OpenJDK 64-Bit Server VM"/>
    <property name="test.build.webapps" value=""/>
    <property name="localRepository" value="/home/user/.m2/repository"/>
    <property name="java.vendor.url.bug" value="http://bugreport.sun.com/bugreport/"/>
    <property name="java.io.tmpdir" value="/tmp"/>
    <property name="require.test.libhadoop" value=""/>
    <property name="java.version" value="1.8.0_222"/>
    <property name="user.dir" value="/workdir/hadoop-ozone/tools"/>
    <property name="os.arch" value="amd64"/>
    <property name="java.vm.specification.name" value="Java Virtual Machine Specification"/>
    <property name="test.build.classes" value="/workdir/hadoop-ozone/tools/target/test-classes"/>
    <property name="java.awt.printerjob" value="sun.print.PSPrinterJob"/>
    <property name="sun.os.patch.level" value="unknown"/>
    <property name="hadoop.tmp.dir" value="/workdir/hadoop-ozone/tools/target/tmp"/>
    <property name="java.library.path" value="/usr/lib:/workdir/hadoop-ozone/tools/target/native/target/usr/local/lib:/workdir/hadoop-ozone/tools/../../hadoop-common-project/hadoop-common/target/native/target/usr/local/lib:/usr/java/packages/lib/amd64:/usr/lib64:/lib64:/lib:/usr/lib"/>
    <property name="java.vm.info" value="mixed mode"/>
    <property name="java.vendor" value="Oracle Corporation"/>
    <property name="java.vm.version" value="25.222-b10"/>
    <property name="java.ext.dirs" value="/usr/lib/jvm/java-1.8.0-openjdk-1.8.0.222.b10-1.el7_7.x86_64/jre/lib/ext:/usr/java/packages/lib/ext"/>
    <property name="sun.io.unicode.encoding" value="UnicodeLittle"/>
    <property name="java.class.version" value="52.0"/>
  </properties>
  <testcase name="testRestart" classname="org.apache.hadoop.ozone.freon.TestFreonWithPipelineDestroy" time="19.176">
    <error message="INTERNAL_ERROR org.apache.hadoop.ozone.om.exceptions.OMException: Allocated 0 blocks. Requested 5 blocks" type="java.lang.RuntimeException">java.lang.RuntimeException: INTERNAL_ERROR org.apache.hadoop.ozone.om.exceptions.OMException: Allocated 0 blocks. Requested 5 blocks
	at org.apache.hadoop.ozone.freon.RandomKeyGenerator.call(RandomKeyGenerator.java:341)
	at org.apache.hadoop.ozone.freon.TestFreonWithPipelineDestroy.startFreon(TestFreonWithPipelineDestroy.java:87)
	at org.apache.hadoop.ozone.freon.TestFreonWithPipelineDestroy.testRestart(TestFreonWithPipelineDestroy.java:74)
	at sun.reflect.NativeMethodAccessorImpl.invoke0(Native Method)
	at sun.reflect.NativeMethodAccessorImpl.invoke(NativeMethodAccessorImpl.java:62)
	at sun.reflect.DelegatingMethodAccessorImpl.invoke(DelegatingMethodAccessorImpl.java:43)
	at java.lang.reflect.Method.invoke(Method.java:498)
	at org.junit.runners.model.FrameworkMethod$1.runReflectiveCall(FrameworkMethod.java:47)
	at org.junit.internal.runners.model.ReflectiveCallable.run(ReflectiveCallable.java:12)
	at org.junit.runners.model.FrameworkMethod.invokeExplosively(FrameworkMethod.java:44)
	at org.junit.internal.runners.statements.InvokeMethod.evaluate(InvokeMethod.java:17)
	at org.junit.runners.ParentRunner.runLeaf(ParentRunner.java:271)
	at org.junit.runners.BlockJUnit4ClassRunner.runChild(BlockJUnit4ClassRunner.java:70)
	at org.junit.runners.BlockJUnit4ClassRunner.runChild(BlockJUnit4ClassRunner.java:50)
	at org.junit.runners.ParentRunner$3.run(ParentRunner.java:238)
	at org.junit.runners.ParentRunner$1.schedule(ParentRunner.java:63)
	at org.junit.runners.ParentRunner.runChildren(ParentRunner.java:236)
	at org.junit.runners.ParentRunner.access$000(ParentRunner.java:53)
	at org.junit.runners.ParentRunner$2.evaluate(ParentRunner.java:229)
	at org.junit.internal.runners.statements.RunBefores.evaluate(RunBefores.java:26)
	at org.junit.internal.runners.statements.RunAfters.evaluate(RunAfters.java:27)
	at org.junit.runners.ParentRunner.run(ParentRunner.java:309)
	at org.apache.maven.surefire.junit4.JUnit4Provider.execute(JUnit4Provider.java:365)
	at org.apache.maven.surefire.junit4.JUnit4Provider.executeWithRerun(JUnit4Provider.java:273)
	at org.apache.maven.surefire.junit4.JUnit4Provider.executeTestSet(JUnit4Provider.java:238)
	at org.apache.maven.surefire.junit4.JUnit4Provider.invoke(JUnit4Provider.java:159)
	at org.apache.maven.surefire.booter.ForkedBooter.invokeProviderInSameClassLoader(ForkedBooter.java:384)
	at org.apache.maven.surefire.booter.ForkedBooter.runSuitesInProcess(ForkedBooter.java:345)
	at org.apache.maven.surefire.booter.ForkedBooter.execute(ForkedBooter.java:126)
	at org.apache.maven.surefire.booter.ForkedBooter.main(ForkedBooter.java:418)
Caused by: INTERNAL_ERROR org.apache.hadoop.ozone.om.exceptions.OMException: Allocated 0 blocks. Requested 5 blocks
	at org.apache.hadoop.ozone.om.protocolPB.OzoneManagerProtocolClientSideTranslatorPB.handleError(OzoneManagerProtocolClientSideTranslatorPB.java:761)
	at org.apache.hadoop.ozone.om.protocolPB.OzoneManagerProtocolClientSideTranslatorPB.openKey(OzoneManagerProtocolClientSideTranslatorPB.java:752)
	at sun.reflect.NativeMethodAccessorImpl.invoke0(Native Method)
	at sun.reflect.NativeMethodAccessorImpl.invoke(NativeMethodAccessorImpl.java:62)
	at sun.reflect.DelegatingMethodAccessorImpl.invoke(DelegatingMethodAccessorImpl.java:43)
	at java.lang.reflect.Method.invoke(Method.java:498)
	at org.apache.hadoop.hdds.tracing.TraceAllMethod.invoke(TraceAllMethod.java:66)
	at com.sun.proxy.$Proxy37.openKey(Unknown Source)
	at org.apache.hadoop.ozone.client.rpc.RpcClient.createKey(RpcClient.java:633)
	at org.apache.hadoop.ozone.client.OzoneBucket.createKey(OzoneBucket.java:325)
	at org.apache.hadoop.ozone.freon.RandomKeyGenerator.createKey(RandomKeyGenerator.java:697)
	at org.apache.hadoop.ozone.freon.RandomKeyGenerator.access$1100(RandomKeyGenerator.java:88)
	at org.apache.hadoop.ozone.freon.RandomKeyGenerator$ObjectCreator.run(RandomKeyGenerator.java:615)
	at java.util.concurrent.Executors$RunnableAdapter.call(Executors.java:511)
	at java.util.concurrent.FutureTask.run(FutureTask.java:266)
	at java.util.concurrent.ThreadPoolExecutor.runWorker(ThreadPoolExecutor.java:1149)
	at java.util.concurrent.ThreadPoolExecutor$Worker.run(ThreadPoolExecutor.java:624)
	at java.lang.Thread.run(Thread.java:748)
</error>
    <system-out><![CDATA[2019-11-14 14:54:04,712 [main] WARN  server.ServerUtils (ServerUtils.java:getScmDbDir(145)) - ozone.scm.db.dirs is not configured. We recommend adding this setting. Falling back to ozone.metadata.dirs instead.
2019-11-14 14:54:04,876 [main] WARN  server.ServerUtils (ServerUtils.java:getScmDbDir(145)) - ozone.scm.db.dirs is not configured. We recommend adding this setting. Falling back to ozone.metadata.dirs instead.
2019-11-14 14:54:04,880 [main] WARN  server.ServerUtils (ServerUtils.java:getScmDbDir(145)) - ozone.scm.db.dirs is not configured. We recommend adding this setting. Falling back to ozone.metadata.dirs instead.
2019-11-14 14:54:04,911 [main] INFO  util.log (Log.java:initialized(192)) - Logging initialized @903ms
2019-11-14 14:54:05,023 [main] INFO  db.DBStoreBuilder (DBStoreBuilder.java:addTable(127)) - using custom profile for table: deletedBlocks
2019-11-14 14:54:05,023 [main] INFO  db.DBStoreBuilder (DBStoreBuilder.java:processTables(183)) - Using default column profile:DBProfile.DISK for Table:deletedBlocks
2019-11-14 14:54:05,024 [main] INFO  db.DBStoreBuilder (DBStoreBuilder.java:addTable(127)) - using custom profile for table: validCerts
2019-11-14 14:54:05,024 [main] INFO  db.DBStoreBuilder (DBStoreBuilder.java:processTables(183)) - Using default column profile:DBProfile.DISK for Table:validCerts
2019-11-14 14:54:05,024 [main] INFO  db.DBStoreBuilder (DBStoreBuilder.java:addTable(127)) - using custom profile for table: revokedCerts
2019-11-14 14:54:05,024 [main] INFO  db.DBStoreBuilder (DBStoreBuilder.java:processTables(183)) - Using default column profile:DBProfile.DISK for Table:revokedCerts
2019-11-14 14:54:05,037 [main] INFO  db.DBStoreBuilder (DBStoreBuilder.java:addTable(127)) - using custom profile for table: default
2019-11-14 14:54:05,037 [main] INFO  db.DBStoreBuilder (DBStoreBuilder.java:processTables(189)) - Using default column profile:DBProfile.DISK for Table:default
2019-11-14 14:54:05,038 [main] INFO  db.DBStoreBuilder (DBStoreBuilder.java:getDbProfile(220)) - Using default options. DBProfile.DISK
2019-11-14 14:54:05,363 [main] INFO  net.NodeSchemaLoader (NodeSchemaLoader.java:loadSchemaFromFile(125)) - Loading file from sun.misc.CompoundEnumeration@5e0e82ae
2019-11-14 14:54:05,365 [main] INFO  net.NodeSchemaLoader (NodeSchemaLoader.java:loadSchema(171)) - Loading network topology layer schema file
2019-11-14 14:54:05,427 [main] INFO  node.SCMNodeManager (SCMNodeManager.java:<init>(116)) - Entering startup safe mode.
2019-11-14 14:54:05,491 [main] INFO  algorithms.ContainerPlacementPolicyFactory (ContainerPlacementPolicyFactory.java:getPolicy(57)) - Create container placement policy of type org.apache.hadoop.hdds.scm.container.placement.algorithms.SCMContainerPlacementRandom
2019-11-14 14:54:05,504 [main] WARN  server.ServerUtils (ServerUtils.java:getScmDbDir(145)) - ozone.scm.db.dirs is not configured. We recommend adding this setting. Falling back to ozone.metadata.dirs instead.
2019-11-14 14:54:05,620 [main] INFO  pipeline.SCMPipelineManager (SCMPipelineManager.java:initializePipelineState(132)) - No pipeline exists in current db
2019-11-14 14:54:05,622 [main] WARN  server.ServerUtils (ServerUtils.java:getScmDbDir(145)) - ozone.scm.db.dirs is not configured. We recommend adding this setting. Falling back to ozone.metadata.dirs instead.
2019-11-14 14:54:05,774 [main] WARN  events.EventQueue (EventQueue.java:fireEvent(183)) - No event handler registered for event TypedEvent{payloadType=SafeModeStatus, name='SafeModeStatus'}
2019-11-14 14:54:06,097 [main] INFO  ipc.CallQueueManager (CallQueueManager.java:<init>(84)) - Using callQueue: class java.util.concurrent.LinkedBlockingQueue, queueCapacity: 2000, scheduler: class org.apache.hadoop.ipc.DefaultRpcScheduler, ipcBackoff: false.
2019-11-14 14:54:06,121 [Socket Reader #1 for port 34453] INFO  ipc.Server (Server.java:run(1074)) - Starting Socket Reader #1 for port 34453
2019-11-14 14:54:06,246 [main] INFO  ipc.CallQueueManager (CallQueueManager.java:<init>(84)) - Using callQueue: class java.util.concurrent.LinkedBlockingQueue, queueCapacity: 2000, scheduler: class org.apache.hadoop.ipc.DefaultRpcScheduler, ipcBackoff: false.
2019-11-14 14:54:06,248 [Socket Reader #1 for port 41926] INFO  ipc.Server (Server.java:run(1074)) - Starting Socket Reader #1 for port 41926
2019-11-14 14:54:06,258 [main] INFO  ipc.CallQueueManager (CallQueueManager.java:<init>(84)) - Using callQueue: class java.util.concurrent.LinkedBlockingQueue, queueCapacity: 2000, scheduler: class org.apache.hadoop.ipc.DefaultRpcScheduler, ipcBackoff: false.
2019-11-14 14:54:06,259 [Socket Reader #1 for port 41710] INFO  ipc.Server (Server.java:run(1074)) - Starting Socket Reader #1 for port 41710
2019-11-14 14:54:06,286 [main] INFO  hdfs.DFSUtil (DFSUtil.java:httpServerTemplateForNNAndJN(1641)) - Starting Web-server for scm at: http://0.0.0.0:0
2019-11-14 14:54:06,432 [main] INFO  server.AuthenticationFilter (AuthenticationFilter.java:constructSecretProvider(240)) - Unable to initialize FileSignerSecretProvider, falling back to use random secrets.
2019-11-14 14:54:06,447 [main] WARN  http.HttpRequestLog (HttpRequestLog.java:getRequestLog(97)) - Jetty request log can only be enabled using Log4j
2019-11-14 14:54:06,456 [main] INFO  http.HttpServer2 (HttpServer2.java:addGlobalFilter(975)) - Added global filter 'safety' (class=org.apache.hadoop.http.HttpServer2$QuotingInputFilter)
2019-11-14 14:54:06,459 [main] INFO  http.HttpServer2 (HttpServer2.java:addFilter(948)) - Added filter static_user_filter (class=org.apache.hadoop.http.lib.StaticUserWebFilter$StaticUserFilter) to context scm
2019-11-14 14:54:06,459 [main] INFO  http.HttpServer2 (HttpServer2.java:addFilter(958)) - Added filter static_user_filter (class=org.apache.hadoop.http.lib.StaticUserWebFilter$StaticUserFilter) to context static
2019-11-14 14:54:06,459 [main] INFO  http.HttpServer2 (HttpServer2.java:addFilter(958)) - Added filter static_user_filter (class=org.apache.hadoop.http.lib.StaticUserWebFilter$StaticUserFilter) to context logs
2019-11-14 14:54:06,485 [main] INFO  server.StorageContainerManager (StorageContainerManager.java:start(766)) - StorageContainerLocationProtocol RPC server is listening at /0.0.0.0:41710
2019-11-14 14:54:06,535 [main] WARN  impl.MetricsConfig (MetricsConfig.java:loadFirst(134)) - Cannot locate configuration: tried hadoop-metrics2-storagecontainermanager.properties,hadoop-metrics2.properties
2019-11-14 14:54:06,548 [main] INFO  impl.MetricsSystemImpl (MetricsSystemImpl.java:startTimer(374)) - Scheduled Metric snapshot period at 10 second(s).
2019-11-14 14:54:06,548 [main] INFO  impl.MetricsSystemImpl (MetricsSystemImpl.java:start(191)) - StorageContainerManager metrics system started
2019-11-14 14:54:06,762 [main] INFO  server.SCMClientProtocolServer (SCMClientProtocolServer.java:start(160)) - RPC server for Client  is listening at /0.0.0.0:41710
2019-11-14 14:54:06,762 [IPC Server Responder] INFO  ipc.Server (Server.java:run(1314)) - IPC Server Responder: starting
2019-11-14 14:54:06,763 [IPC Server listener on 41710] INFO  ipc.Server (Server.java:run(1153)) - IPC Server listener on 41710: starting
2019-11-14 14:54:06,766 [main] INFO  server.StorageContainerManager (StorageContainerManager.java:start(776)) - ScmBlockLocationProtocol RPC server is listening at /0.0.0.0:41926
2019-11-14 14:54:06,767 [main] INFO  server.SCMBlockProtocolServer (SCMBlockProtocolServer.java:start(146)) - RPC server for Block Protocol is listening at /0.0.0.0:41926
2019-11-14 14:54:06,767 [IPC Server Responder] INFO  ipc.Server (Server.java:run(1314)) - IPC Server Responder: starting
2019-11-14 14:54:06,767 [IPC Server listener on 41926] INFO  ipc.Server (Server.java:run(1153)) - IPC Server listener on 41926: starting
2019-11-14 14:54:06,770 [main] INFO  server.StorageContainerManager (StorageContainerManager.java:start(780)) - ScmDatanodeProtocl RPC server is listening at /0.0.0.0:34453
2019-11-14 14:54:06,770 [main] INFO  server.SCMDatanodeProtocolServer (SCMDatanodeProtocolServer.java:start(169)) - RPC server for DataNodes is listening at /0.0.0.0:34453
2019-11-14 14:54:06,771 [IPC Server Responder] INFO  ipc.Server (Server.java:run(1314)) - IPC Server Responder: starting
2019-11-14 14:54:06,771 [IPC Server listener on 34453] INFO  ipc.Server (Server.java:run(1153)) - IPC Server listener on 34453: starting
2019-11-14 14:54:06,775 [main] INFO  http.HttpServer2 (HttpServer2.java:bindListener(1191)) - Jetty bound to port 43727
2019-11-14 14:54:06,777 [main] INFO  server.Server (Server.java:doStart(351)) - jetty-9.3.25.v20180904, build timestamp: 2018-09-04T21:11:46Z, git hash: 3ce520221d0240229c862b122d2b06c12a625732
2019-11-14 14:54:06,818 [main] INFO  handler.ContextHandler (ContextHandler.java:doStart(781)) - Started o.e.j.s.ServletContextHandler@56e8b606{/logs,file:///workdir/hadoop-ozone/tools/target/log,AVAILABLE}
2019-11-14 14:54:06,819 [main] INFO  handler.ContextHandler (ContextHandler.java:doStart(781)) - Started o.e.j.s.ServletContextHandler@40dff0b7{/static,jar:file:/home/user/.m2/repository/org/apache/hadoop/hadoop-hdds-server-scm/0.5.0-SNAPSHOT/hadoop-hdds-server-scm-0.5.0-SNAPSHOT.jar!/webapps/static,AVAILABLE}
2019-11-14 14:54:06,894 [main] INFO  handler.ContextHandler (ContextHandler.java:doStart(781)) - Started o.e.j.w.WebAppContext@5aceec94{/,file:///tmp/jetty-0.0.0.0-43727-scm-_-any-9042735740930438668.dir/webapp/,AVAILABLE}{/scm}
2019-11-14 14:54:06,899 [main] INFO  server.AbstractConnector (AbstractConnector.java:doStart(278)) - Started ServerConnector@733c423e{HTTP/1.1,[http/1.1]}{0.0.0.0:43727}
2019-11-14 14:54:06,899 [main] INFO  server.Server (Server.java:doStart(419)) - Started @2892ms
2019-11-14 14:54:06,901 [main] INFO  impl.MetricsSinkAdapter (MetricsSinkAdapter.java:start(204)) - Sink prometheus started
2019-11-14 14:54:06,901 [main] INFO  impl.MetricsSystemImpl (MetricsSystemImpl.java:registerSink(301)) - Registered sink prometheus
2019-11-14 14:54:06,903 [main] INFO  server.BaseHttpServer (BaseHttpServer.java:updateConnectorAddress(215)) - HTTP server of SCM is listening at http://0.0.0.0:43727
2019-11-14 14:54:06,911 [org.apache.hadoop.util.JvmPauseMonitor$Monitor@1b5bc39d] INFO  util.JvmPauseMonitor (JvmPauseMonitor.java:run(188)) - Starting JVM pause monitor
2019-11-14 14:54:06,916 [main] WARN  server.ServerUtils (ServerUtils.java:getDBPath(222)) - ozone.om.db.dirs is not configured. We recommend adding this setting. Falling back to ozone.metadata.dirs instead.
2019-11-14 14:54:07,024 [main] INFO  ha.OMHANodeDetails (OMHANodeDetails.java:loadOMHAConfig(190)) - Configuration either no ozone.om.address set. Falling back to the default OM address /127.0.0.1:0
2019-11-14 14:54:07,024 [main] INFO  ha.OMHANodeDetails (OMHANodeDetails.java:getOMNodeDetails(220)) - OM Service ID is not set. Setting it to the default ID: omServiceIdDefault
2019-11-14 14:54:07,026 [main] WARN  server.ServerUtils (ServerUtils.java:getDBPath(222)) - ozone.om.db.dirs is not configured. We recommend adding this setting. Falling back to ozone.metadata.dirs instead.
2019-11-14 14:54:07,027 [main] WARN  server.ServerUtils (ServerUtils.java:getDBPath(222)) - ozone.om.db.dirs is not configured. We recommend adding this setting. Falling back to ozone.metadata.dirs instead.
2019-11-14 14:54:07,643 [main] WARN  server.ServerUtils (ServerUtils.java:getDBPath(222)) - ozone.om.db.dirs is not configured. We recommend adding this setting. Falling back to ozone.metadata.dirs instead.
2019-11-14 14:54:07,652 [main] INFO  db.DBStoreBuilder (DBStoreBuilder.java:addTable(127)) - using custom profile for table: userTable
2019-11-14 14:54:07,652 [main] INFO  db.DBStoreBuilder (DBStoreBuilder.java:processTables(183)) - Using default column profile:DBProfile.DISK for Table:userTable
2019-11-14 14:54:07,652 [main] INFO  db.DBStoreBuilder (DBStoreBuilder.java:addTable(127)) - using custom profile for table: volumeTable
2019-11-14 14:54:07,652 [main] INFO  db.DBStoreBuilder (DBStoreBuilder.java:processTables(183)) - Using default column profile:DBProfile.DISK for Table:volumeTable
2019-11-14 14:54:07,653 [main] INFO  db.DBStoreBuilder (DBStoreBuilder.java:addTable(127)) - using custom profile for table: bucketTable
2019-11-14 14:54:07,653 [main] INFO  db.DBStoreBuilder (DBStoreBuilder.java:processTables(183)) - Using default column profile:DBProfile.DISK for Table:bucketTable
2019-11-14 14:54:07,653 [main] INFO  db.DBStoreBuilder (DBStoreBuilder.java:addTable(127)) - using custom profile for table: keyTable
2019-11-14 14:54:07,653 [main] INFO  db.DBStoreBuilder (DBStoreBuilder.java:processTables(183)) - Using default column profile:DBProfile.DISK for Table:keyTable
2019-11-14 14:54:07,654 [main] INFO  db.DBStoreBuilder (DBStoreBuilder.java:addTable(127)) - using custom profile for table: deletedTable
2019-11-14 14:54:07,654 [main] INFO  db.DBStoreBuilder (DBStoreBuilder.java:processTables(183)) - Using default column profile:DBProfile.DISK for Table:deletedTable
2019-11-14 14:54:07,654 [main] INFO  db.DBStoreBuilder (DBStoreBuilder.java:addTable(127)) - using custom profile for table: openKeyTable
2019-11-14 14:54:07,654 [main] INFO  db.DBStoreBuilder (DBStoreBuilder.java:processTables(183)) - Using default column profile:DBProfile.DISK for Table:openKeyTable
2019-11-14 14:54:07,654 [main] INFO  db.DBStoreBuilder (DBStoreBuilder.java:addTable(127)) - using custom profile for table: s3Table
2019-11-14 14:54:07,655 [main] INFO  db.DBStoreBuilder (DBStoreBuilder.java:processTables(183)) - Using default column profile:DBProfile.DISK for Table:s3Table
2019-11-14 14:54:07,655 [main] INFO  db.DBStoreBuilder (DBStoreBuilder.java:addTable(127)) - using custom profile for table: multipartInfoTable
2019-11-14 14:54:07,655 [main] INFO  db.DBStoreBuilder (DBStoreBuilder.java:processTables(183)) - Using default column profile:DBProfile.DISK for Table:multipartInfoTable
2019-11-14 14:54:07,655 [main] INFO  db.DBStoreBuilder (DBStoreBuilder.java:addTable(127)) - using custom profile for table: dTokenTable
2019-11-14 14:54:07,655 [main] INFO  db.DBStoreBuilder (DBStoreBuilder.java:processTables(183)) - Using default column profile:DBProfile.DISK for Table:dTokenTable
2019-11-14 14:54:07,656 [main] INFO  db.DBStoreBuilder (DBStoreBuilder.java:addTable(127)) - using custom profile for table: s3SecretTable
2019-11-14 14:54:07,656 [main] INFO  db.DBStoreBuilder (DBStoreBuilder.java:processTables(183)) - Using default column profile:DBProfile.DISK for Table:s3SecretTable
2019-11-14 14:54:07,656 [main] INFO  db.DBStoreBuilder (DBStoreBuilder.java:addTable(127)) - using custom profile for table: prefixTable
2019-11-14 14:54:07,656 [main] INFO  db.DBStoreBuilder (DBStoreBuilder.java:processTables(183)) - Using default column profile:DBProfile.DISK for Table:prefixTable
2019-11-14 14:54:07,657 [main] INFO  db.DBStoreBuilder (DBStoreBuilder.java:addTable(127)) - using custom profile for table: default
2019-11-14 14:54:07,657 [main] INFO  db.DBStoreBuilder (DBStoreBuilder.java:processTables(189)) - Using default column profile:DBProfile.DISK for Table:default
2019-11-14 14:54:07,657 [main] INFO  db.DBStoreBuilder (DBStoreBuilder.java:getDbProfile(220)) - Using default options. DBProfile.DISK
2019-11-14 14:54:08,175 [main] INFO  ipc.CallQueueManager (CallQueueManager.java:<init>(84)) - Using callQueue: class java.util.concurrent.LinkedBlockingQueue, queueCapacity: 2000, scheduler: class org.apache.hadoop.ipc.DefaultRpcScheduler, ipcBackoff: false.
2019-11-14 14:54:08,176 [Socket Reader #1 for port 34322] INFO  ipc.Server (Server.java:run(1074)) - Starting Socket Reader #1 for port 34322
2019-11-14 14:54:08,198 [main] INFO  om.OzoneManager (OzoneManager.java:start(1077)) - OzoneManager RPC server is listening at localhost/127.0.0.1:34322
2019-11-14 14:54:08,199 [main] INFO  impl.MetricsSystemImpl (MetricsSystemImpl.java:init(158)) - OzoneManager metrics system started (again)
2019-11-14 14:54:08,206 [IPC Server listener on 34322] INFO  ipc.Server (Server.java:run(1153)) - IPC Server listener on 34322: starting
2019-11-14 14:54:08,207 [IPC Server Responder] INFO  ipc.Server (Server.java:run(1314)) - IPC Server Responder: starting
2019-11-14 14:54:08,211 [main] INFO  hdfs.DFSUtil (DFSUtil.java:httpServerTemplateForNNAndJN(1641)) - Starting Web-server for ozoneManager at: http://0.0.0.0:0
2019-11-14 14:54:08,213 [main] INFO  server.AuthenticationFilter (AuthenticationFilter.java:constructSecretProvider(240)) - Unable to initialize FileSignerSecretProvider, falling back to use random secrets.
2019-11-14 14:54:08,214 [main] WARN  http.HttpRequestLog (HttpRequestLog.java:getRequestLog(97)) - Jetty request log can only be enabled using Log4j
2019-11-14 14:54:08,215 [main] INFO  http.HttpServer2 (HttpServer2.java:addGlobalFilter(975)) - Added global filter 'safety' (class=org.apache.hadoop.http.HttpServer2$QuotingInputFilter)
2019-11-14 14:54:08,216 [main] INFO  http.HttpServer2 (HttpServer2.java:addFilter(948)) - Added filter static_user_filter (class=org.apache.hadoop.http.lib.StaticUserWebFilter$StaticUserFilter) to context ozoneManager
2019-11-14 14:54:08,216 [main] INFO  http.HttpServer2 (HttpServer2.java:addFilter(958)) - Added filter static_user_filter (class=org.apache.hadoop.http.lib.StaticUserWebFilter$StaticUserFilter) to context static
2019-11-14 14:54:08,216 [main] INFO  http.HttpServer2 (HttpServer2.java:addFilter(958)) - Added filter static_user_filter (class=org.apache.hadoop.http.lib.StaticUserWebFilter$StaticUserFilter) to context logs
2019-11-14 14:54:08,218 [main] INFO  http.HttpServer2 (HttpServer2.java:bindListener(1191)) - Jetty bound to port 36035
2019-11-14 14:54:08,219 [main] INFO  server.Server (Server.java:doStart(351)) - jetty-9.3.25.v20180904, build timestamp: 2018-09-04T21:11:46Z, git hash: 3ce520221d0240229c862b122d2b06c12a625732
2019-11-14 14:54:08,220 [main] INFO  handler.ContextHandler (ContextHandler.java:doStart(781)) - Started o.e.j.s.ServletContextHandler@340b7ef6{/logs,file:///workdir/hadoop-ozone/tools/target/log,AVAILABLE}
2019-11-14 14:54:08,221 [main] INFO  handler.ContextHandler (ContextHandler.java:doStart(781)) - Started o.e.j.s.ServletContextHandler@6050462a{/static,jar:file:/home/user/.m2/repository/org/apache/hadoop/hadoop-ozone-ozone-manager/0.5.0-SNAPSHOT/hadoop-ozone-ozone-manager-0.5.0-SNAPSHOT.jar!/webapps/static,AVAILABLE}
2019-11-14 14:54:08,272 [main] INFO  handler.ContextHandler (ContextHandler.java:doStart(781)) - Started o.e.j.w.WebAppContext@425d5d46{/,file:///tmp/jetty-0.0.0.0-36035-ozoneManager-_-any-7927144309689343115.dir/webapp/,AVAILABLE}{/ozoneManager}
2019-11-14 14:54:08,272 [main] INFO  server.AbstractConnector (AbstractConnector.java:doStart(278)) - Started ServerConnector@198ef2ce{HTTP/1.1,[http/1.1]}{0.0.0.0:36035}
2019-11-14 14:54:08,273 [main] INFO  server.Server (Server.java:doStart(419)) - Started @4266ms
2019-11-14 14:54:08,273 [main] WARN  impl.MetricsSystemImpl (MetricsSystemImpl.java:register(276)) - Sink prometheus already exists!
2019-11-14 14:54:08,275 [main] INFO  server.BaseHttpServer (BaseHttpServer.java:updateConnectorAddress(215)) - HTTP server of OZONEMANAGER is listening at http://0.0.0.0:36035
2019-11-14 14:54:08,514 [main] INFO  impl.MetricsSystemImpl (MetricsSystemImpl.java:init(158)) - HddsDatanode metrics system started (again)
2019-11-14 14:54:08,558 [main] INFO  ozone.HddsDatanodeService (HddsDatanodeService.java:start(186)) - HddsDatanodeService host:pr-hdds-2468-gmfm6-3729483342 ip:192.168.69.121
2019-11-14 14:54:08,593 [main] INFO  volume.HddsVolume (HddsVolume.java:<init>(176)) - Creating Volume: /workdir/hadoop-ozone/tools/target/test-dir/MiniOzoneClusterImpl-24c23126-5e63-45a6-b3fa-6fd9e19bf9ea/datanode-0/data/containers/hdds of  storage type : DISK and capacity : 1482555576320
2019-11-14 14:54:08,596 [main] INFO  volume.VolumeSet (VolumeSet.java:initializeVolumeSet(170)) - Added Volume : /workdir/hadoop-ozone/tools/target/test-dir/MiniOzoneClusterImpl-24c23126-5e63-45a6-b3fa-6fd9e19bf9ea/datanode-0/data/containers/hdds to VolumeSet
2019-11-14 14:54:08,600 [main] INFO  volume.ThrottledAsyncChecker (ThrottledAsyncChecker.java:schedule(141)) - Scheduling a check for /workdir/hadoop-ozone/tools/target/test-dir/MiniOzoneClusterImpl-24c23126-5e63-45a6-b3fa-6fd9e19bf9ea/datanode-0/data/containers/hdds
2019-11-14 14:54:08,621 [main] INFO  volume.HddsVolumeChecker (HddsVolumeChecker.java:checkAllVolumes(204)) - Scheduled health check for volume /workdir/hadoop-ozone/tools/target/test-dir/MiniOzoneClusterImpl-24c23126-5e63-45a6-b3fa-6fd9e19bf9ea/datanode-0/data/containers/hdds
2019-11-14 14:54:08,746 [main] INFO  impl.RaftServerProxy (ConfUtils.java:logGet(43)) - raft.rpc.type = GRPC (default)
2019-11-14 14:54:08,824 [main] INFO  grpc.GrpcFactory (GrpcFactory.java:checkPooledByteBufAllocatorUseCacheForAllThreads(45)) - PERFORMANCE WARNING: useCacheForAllThreads is true that may cause Netty to create a lot garbage objects and, as a result, trigger GC.
	It is recommended to disable useCacheForAllThreads by setting -Dorg.apache.ratis.thirdparty.io.netty.allocator.useCacheForAllThreads=false in command line.
2019-11-14 14:54:08,829 [main] INFO  grpc.GrpcConfigKeys$Server (ConfUtils.java:logGet(43)) - raft.grpc.server.port = 0 (default)
2019-11-14 14:54:08,830 [main] INFO  server.GrpcService (ConfUtils.java:logGet(43)) - raft.grpc.message.size.max = 33570816 (custom)
2019-11-14 14:54:08,832 [main] INFO  server.RaftServerConfigKeys (ConfUtils.java:logGet(43)) - raft.server.log.appender.buffer.byte-limit = 33554432 (custom)
2019-11-14 14:54:08,833 [main] INFO  server.GrpcService (ConfUtils.java:logGet(43)) - raft.grpc.flow.control.window = 1MB (=1048576) (default)
2019-11-14 14:54:08,833 [main] INFO  server.RaftServerConfigKeys (ConfUtils.java:logGet(43)) - raft.server.rpc.request.timeout = 3000ms (default)
2019-11-14 14:54:08,998 [main] INFO  server.RaftServerConfigKeys (ConfUtils.java:logGet(43)) - raft.server.storage.dir = [/workdir/hadoop-ozone/tools/target/test-dir/MiniOzoneClusterImpl-24c23126-5e63-45a6-b3fa-6fd9e19bf9ea/datanode-0/data/ratis] (custom)
2019-11-14 14:54:09,049 [main] INFO  hdfs.DFSUtil (DFSUtil.java:httpServerTemplateForNNAndJN(1641)) - Starting Web-server for hddsDatanode at: http://0.0.0.0:0
2019-11-14 14:54:09,052 [main] INFO  server.AuthenticationFilter (AuthenticationFilter.java:constructSecretProvider(240)) - Unable to initialize FileSignerSecretProvider, falling back to use random secrets.
2019-11-14 14:54:09,054 [main] WARN  http.HttpRequestLog (HttpRequestLog.java:getRequestLog(97)) - Jetty request log can only be enabled using Log4j
2019-11-14 14:54:09,058 [main] INFO  http.HttpServer2 (HttpServer2.java:addGlobalFilter(975)) - Added global filter 'safety' (class=org.apache.hadoop.http.HttpServer2$QuotingInputFilter)
2019-11-14 14:54:09,059 [main] INFO  http.HttpServer2 (HttpServer2.java:addFilter(948)) - Added filter static_user_filter (class=org.apache.hadoop.http.lib.StaticUserWebFilter$StaticUserFilter) to context hddsDatanode
2019-11-14 14:54:09,060 [main] INFO  http.HttpServer2 (HttpServer2.java:addFilter(958)) - Added filter static_user_filter (class=org.apache.hadoop.http.lib.StaticUserWebFilter$StaticUserFilter) to context static
2019-11-14 14:54:09,060 [main] INFO  http.HttpServer2 (HttpServer2.java:addFilter(958)) - Added filter static_user_filter (class=org.apache.hadoop.http.lib.StaticUserWebFilter$StaticUserFilter) to context logs
2019-11-14 14:54:09,062 [main] INFO  http.HttpServer2 (HttpServer2.java:bindListener(1191)) - Jetty bound to port 44429
2019-11-14 14:54:09,063 [main] INFO  server.Server (Server.java:doStart(351)) - jetty-9.3.25.v20180904, build timestamp: 2018-09-04T21:11:46Z, git hash: 3ce520221d0240229c862b122d2b06c12a625732
2019-11-14 14:54:09,071 [main] INFO  handler.ContextHandler (ContextHandler.java:doStart(781)) - Started o.e.j.s.ServletContextHandler@1bc0d349{/logs,file:///workdir/hadoop-ozone/tools/target/log,AVAILABLE}
2019-11-14 14:54:09,072 [main] INFO  handler.ContextHandler (ContextHandler.java:doStart(781)) - Started o.e.j.s.ServletContextHandler@5292ceca{/static,jar:file:/home/user/.m2/repository/org/apache/hadoop/hadoop-hdds-container-service/0.5.0-SNAPSHOT/hadoop-hdds-container-service-0.5.0-SNAPSHOT.jar!/webapps/static,AVAILABLE}
2019-11-14 14:54:09,116 [main] INFO  handler.ContextHandler (ContextHandler.java:doStart(781)) - Started o.e.j.w.WebAppContext@62db3891{/,file:///tmp/jetty-0.0.0.0-44429-hddsDatanode-_-any-4633113605884113190.dir/webapp/,AVAILABLE}{/hddsDatanode}
2019-11-14 14:54:09,118 [main] INFO  server.AbstractConnector (AbstractConnector.java:doStart(278)) - Started ServerConnector@61cd1c71{HTTP/1.1,[http/1.1]}{0.0.0.0:44429}
2019-11-14 14:54:09,118 [main] INFO  server.Server (Server.java:doStart(419)) - Started @5111ms
2019-11-14 14:54:09,118 [main] WARN  impl.MetricsSystemImpl (MetricsSystemImpl.java:register(276)) - Sink prometheus already exists!
2019-11-14 14:54:09,119 [main] INFO  server.BaseHttpServer (BaseHttpServer.java:updateConnectorAddress(215)) - HTTP server of HDDSDATANODE is listening at http://0.0.0.0:44429
2019-11-14 14:54:09,121 [main] INFO  impl.MetricsSystemImpl (MetricsSystemImpl.java:init(158)) - HddsDatanode metrics system started (again)
2019-11-14 14:54:09,123 [main] INFO  ozone.HddsDatanodeService (HddsDatanodeService.java:start(186)) - HddsDatanodeService host:pr-hdds-2468-gmfm6-3729483342 ip:192.168.69.121
2019-11-14 14:54:09,124 [org.apache.hadoop.util.JvmPauseMonitor$Monitor@18e50fb2] INFO  util.JvmPauseMonitor (JvmPauseMonitor.java:run(188)) - Starting JVM pause monitor
2019-11-14 14:54:09,130 [main] INFO  volume.HddsVolume (HddsVolume.java:<init>(176)) - Creating Volume: /workdir/hadoop-ozone/tools/target/test-dir/MiniOzoneClusterImpl-24c23126-5e63-45a6-b3fa-6fd9e19bf9ea/datanode-1/data/containers/hdds of  storage type : DISK and capacity : 1482555576320
2019-11-14 14:54:09,130 [main] INFO  volume.VolumeSet (VolumeSet.java:initializeVolumeSet(170)) - Added Volume : /workdir/hadoop-ozone/tools/target/test-dir/MiniOzoneClusterImpl-24c23126-5e63-45a6-b3fa-6fd9e19bf9ea/datanode-1/data/containers/hdds to VolumeSet
2019-11-14 14:54:09,131 [main] INFO  volume.ThrottledAsyncChecker (ThrottledAsyncChecker.java:schedule(141)) - Scheduling a check for /workdir/hadoop-ozone/tools/target/test-dir/MiniOzoneClusterImpl-24c23126-5e63-45a6-b3fa-6fd9e19bf9ea/datanode-1/data/containers/hdds
2019-11-14 14:54:09,131 [main] INFO  volume.HddsVolumeChecker (HddsVolumeChecker.java:checkAllVolumes(204)) - Scheduled health check for volume /workdir/hadoop-ozone/tools/target/test-dir/MiniOzoneClusterImpl-24c23126-5e63-45a6-b3fa-6fd9e19bf9ea/datanode-1/data/containers/hdds
2019-11-14 14:54:09,148 [main] INFO  impl.RaftServerProxy (ConfUtils.java:logGet(43)) - raft.rpc.type = GRPC (default)
2019-11-14 14:54:09,149 [main] INFO  grpc.GrpcFactory (GrpcFactory.java:checkPooledByteBufAllocatorUseCacheForAllThreads(45)) - PERFORMANCE WARNING: useCacheForAllThreads is true that may cause Netty to create a lot garbage objects and, as a result, trigger GC.
	It is recommended to disable useCacheForAllThreads by setting -Dorg.apache.ratis.thirdparty.io.netty.allocator.useCacheForAllThreads=false in command line.
2019-11-14 14:54:09,150 [main] INFO  grpc.GrpcConfigKeys$Server (ConfUtils.java:logGet(43)) - raft.grpc.server.port = 0 (default)
2019-11-14 14:54:09,150 [main] INFO  server.GrpcService (ConfUtils.java:logGet(43)) - raft.grpc.message.size.max = 33570816 (custom)
2019-11-14 14:54:09,150 [main] INFO  server.RaftServerConfigKeys (ConfUtils.java:logGet(43)) - raft.server.log.appender.buffer.byte-limit = 33554432 (custom)
2019-11-14 14:54:09,150 [main] INFO  server.GrpcService (ConfUtils.java:logGet(43)) - raft.grpc.flow.control.window = 1MB (=1048576) (default)
2019-11-14 14:54:09,151 [main] INFO  server.RaftServerConfigKeys (ConfUtils.java:logGet(43)) - raft.server.rpc.request.timeout = 3000ms (default)
2019-11-14 14:54:09,151 [main] INFO  server.RaftServerConfigKeys (ConfUtils.java:logGet(43)) - raft.server.storage.dir = [/workdir/hadoop-ozone/tools/target/test-dir/MiniOzoneClusterImpl-24c23126-5e63-45a6-b3fa-6fd9e19bf9ea/datanode-1/data/ratis] (custom)
2019-11-14 14:54:09,154 [main] INFO  hdfs.DFSUtil (DFSUtil.java:httpServerTemplateForNNAndJN(1641)) - Starting Web-server for hddsDatanode at: http://0.0.0.0:0
2019-11-14 14:54:09,155 [main] INFO  server.AuthenticationFilter (AuthenticationFilter.java:constructSecretProvider(240)) - Unable to initialize FileSignerSecretProvider, falling back to use random secrets.
2019-11-14 14:54:09,156 [main] WARN  http.HttpRequestLog (HttpRequestLog.java:getRequestLog(97)) - Jetty request log can only be enabled using Log4j
2019-11-14 14:54:09,157 [main] INFO  http.HttpServer2 (HttpServer2.java:addGlobalFilter(975)) - Added global filter 'safety' (class=org.apache.hadoop.http.HttpServer2$QuotingInputFilter)
2019-11-14 14:54:09,158 [main] INFO  http.HttpServer2 (HttpServer2.java:addFilter(948)) - Added filter static_user_filter (class=org.apache.hadoop.http.lib.StaticUserWebFilter$StaticUserFilter) to context hddsDatanode
2019-11-14 14:54:09,158 [main] INFO  http.HttpServer2 (HttpServer2.java:addFilter(958)) - Added filter static_user_filter (class=org.apache.hadoop.http.lib.StaticUserWebFilter$StaticUserFilter) to context static
2019-11-14 14:54:09,158 [main] INFO  http.HttpServer2 (HttpServer2.java:addFilter(958)) - Added filter static_user_filter (class=org.apache.hadoop.http.lib.StaticUserWebFilter$StaticUserFilter) to context logs
2019-11-14 14:54:09,159 [main] INFO  http.HttpServer2 (HttpServer2.java:bindListener(1191)) - Jetty bound to port 40341
2019-11-14 14:54:09,159 [main] INFO  server.Server (Server.java:doStart(351)) - jetty-9.3.25.v20180904, build timestamp: 2018-09-04T21:11:46Z, git hash: 3ce520221d0240229c862b122d2b06c12a625732
2019-11-14 14:54:09,162 [main] INFO  handler.ContextHandler (ContextHandler.java:doStart(781)) - Started o.e.j.s.ServletContextHandler@fab35b1{/logs,file:///workdir/hadoop-ozone/tools/target/log,AVAILABLE}
2019-11-14 14:54:09,162 [main] INFO  handler.ContextHandler (ContextHandler.java:doStart(781)) - Started o.e.j.s.ServletContextHandler@65bdd558{/static,jar:file:/home/user/.m2/repository/org/apache/hadoop/hadoop-hdds-container-service/0.5.0-SNAPSHOT/hadoop-hdds-container-service-0.5.0-SNAPSHOT.jar!/webapps/static,AVAILABLE}
2019-11-14 14:54:09,198 [main] INFO  handler.ContextHandler (ContextHandler.java:doStart(781)) - Started o.e.j.w.WebAppContext@17f2dd85{/,file:///tmp/jetty-0.0.0.0-40341-hddsDatanode-_-any-8381770580015868046.dir/webapp/,AVAILABLE}{/hddsDatanode}
2019-11-14 14:54:09,199 [main] INFO  server.AbstractConnector (AbstractConnector.java:doStart(278)) - Started ServerConnector@1e58512c{HTTP/1.1,[http/1.1]}{0.0.0.0:40341}
2019-11-14 14:54:09,200 [main] INFO  server.Server (Server.java:doStart(419)) - Started @5192ms
2019-11-14 14:54:09,200 [main] WARN  impl.MetricsSystemImpl (MetricsSystemImpl.java:register(276)) - Sink prometheus already exists!
2019-11-14 14:54:09,201 [main] INFO  server.BaseHttpServer (BaseHttpServer.java:updateConnectorAddress(215)) - HTTP server of HDDSDATANODE is listening at http://0.0.0.0:40341
2019-11-14 14:54:09,201 [main] INFO  impl.MetricsSystemImpl (MetricsSystemImpl.java:init(158)) - HddsDatanode metrics system started (again)
2019-11-14 14:54:09,203 [org.apache.hadoop.util.JvmPauseMonitor$Monitor@165bc22d] INFO  util.JvmPauseMonitor (JvmPauseMonitor.java:run(188)) - Starting JVM pause monitor
2019-11-14 14:54:09,204 [main] INFO  ozone.HddsDatanodeService (HddsDatanodeService.java:start(186)) - HddsDatanodeService host:pr-hdds-2468-gmfm6-3729483342 ip:192.168.69.121
2019-11-14 14:54:09,210 [main] INFO  volume.HddsVolume (HddsVolume.java:<init>(176)) - Creating Volume: /workdir/hadoop-ozone/tools/target/test-dir/MiniOzoneClusterImpl-24c23126-5e63-45a6-b3fa-6fd9e19bf9ea/datanode-2/data/containers/hdds of  storage type : DISK and capacity : 1482555576320
2019-11-14 14:54:09,211 [main] INFO  volume.VolumeSet (VolumeSet.java:initializeVolumeSet(170)) - Added Volume : /workdir/hadoop-ozone/tools/target/test-dir/MiniOzoneClusterImpl-24c23126-5e63-45a6-b3fa-6fd9e19bf9ea/datanode-2/data/containers/hdds to VolumeSet
2019-11-14 14:54:09,211 [main] INFO  volume.ThrottledAsyncChecker (ThrottledAsyncChecker.java:schedule(141)) - Scheduling a check for /workdir/hadoop-ozone/tools/target/test-dir/MiniOzoneClusterImpl-24c23126-5e63-45a6-b3fa-6fd9e19bf9ea/datanode-2/data/containers/hdds
2019-11-14 14:54:09,211 [main] INFO  volume.HddsVolumeChecker (HddsVolumeChecker.java:checkAllVolumes(204)) - Scheduled health check for volume /workdir/hadoop-ozone/tools/target/test-dir/MiniOzoneClusterImpl-24c23126-5e63-45a6-b3fa-6fd9e19bf9ea/datanode-2/data/containers/hdds
2019-11-14 14:54:09,219 [Datanode State Machine Thread - 0] INFO  datanode.InitDatanodeState (InitDatanodeState.java:persistContainerDatanodeDetails(140)) - DatanodeDetails is persisted to /workdir/hadoop-ozone/tools/target/test-dir/MiniOzoneClusterImpl-24c23126-5e63-45a6-b3fa-6fd9e19bf9ea/datanode-0/meta/datanode.id
2019-11-14 14:54:09,222 [Datanode State Machine Thread - 0] INFO  datanode.InitDatanodeState (InitDatanodeState.java:persistContainerDatanodeDetails(140)) - DatanodeDetails is persisted to /workdir/hadoop-ozone/tools/target/test-dir/MiniOzoneClusterImpl-24c23126-5e63-45a6-b3fa-6fd9e19bf9ea/datanode-1/meta/datanode.id
2019-11-14 14:54:09,226 [main] INFO  impl.RaftServerProxy (ConfUtils.java:logGet(43)) - raft.rpc.type = GRPC (default)
2019-11-14 14:54:09,227 [main] INFO  grpc.GrpcFactory (GrpcFactory.java:checkPooledByteBufAllocatorUseCacheForAllThreads(45)) - PERFORMANCE WARNING: useCacheForAllThreads is true that may cause Netty to create a lot garbage objects and, as a result, trigger GC.
	It is recommended to disable useCacheForAllThreads by setting -Dorg.apache.ratis.thirdparty.io.netty.allocator.useCacheForAllThreads=false in command line.
2019-11-14 14:54:09,227 [main] INFO  grpc.GrpcConfigKeys$Server (ConfUtils.java:logGet(43)) - raft.grpc.server.port = 0 (default)
2019-11-14 14:54:09,227 [main] INFO  server.GrpcService (ConfUtils.java:logGet(43)) - raft.grpc.message.size.max = 33570816 (custom)
2019-11-14 14:54:09,227 [main] INFO  server.RaftServerConfigKeys (ConfUtils.java:logGet(43)) - raft.server.log.appender.buffer.byte-limit = 33554432 (custom)
2019-11-14 14:54:09,227 [main] INFO  server.GrpcService (ConfUtils.java:logGet(43)) - raft.grpc.flow.control.window = 1MB (=1048576) (default)
2019-11-14 14:54:09,228 [main] INFO  server.RaftServerConfigKeys (ConfUtils.java:logGet(43)) - raft.server.rpc.request.timeout = 3000ms (default)
2019-11-14 14:54:09,228 [main] INFO  server.RaftServerConfigKeys (ConfUtils.java:logGet(43)) - raft.server.storage.dir = [/workdir/hadoop-ozone/tools/target/test-dir/MiniOzoneClusterImpl-24c23126-5e63-45a6-b3fa-6fd9e19bf9ea/datanode-2/data/ratis] (custom)
2019-11-14 14:54:09,230 [main] INFO  hdfs.DFSUtil (DFSUtil.java:httpServerTemplateForNNAndJN(1641)) - Starting Web-server for hddsDatanode at: http://0.0.0.0:0
2019-11-14 14:54:09,232 [main] INFO  server.AuthenticationFilter (AuthenticationFilter.java:constructSecretProvider(240)) - Unable to initialize FileSignerSecretProvider, falling back to use random secrets.
2019-11-14 14:54:09,232 [main] WARN  http.HttpRequestLog (HttpRequestLog.java:getRequestLog(97)) - Jetty request log can only be enabled using Log4j
2019-11-14 14:54:09,233 [main] INFO  http.HttpServer2 (HttpServer2.java:addGlobalFilter(975)) - Added global filter 'safety' (class=org.apache.hadoop.http.HttpServer2$QuotingInputFilter)
2019-11-14 14:54:09,234 [main] INFO  http.HttpServer2 (HttpServer2.java:addFilter(948)) - Added filter static_user_filter (class=org.apache.hadoop.http.lib.StaticUserWebFilter$StaticUserFilter) to context hddsDatanode
2019-11-14 14:54:09,234 [main] INFO  http.HttpServer2 (HttpServer2.java:addFilter(958)) - Added filter static_user_filter (class=org.apache.hadoop.http.lib.StaticUserWebFilter$StaticUserFilter) to context logs
2019-11-14 14:54:09,234 [main] INFO  http.HttpServer2 (HttpServer2.java:addFilter(958)) - Added filter static_user_filter (class=org.apache.hadoop.http.lib.StaticUserWebFilter$StaticUserFilter) to context static
2019-11-14 14:54:09,235 [main] INFO  http.HttpServer2 (HttpServer2.java:bindListener(1191)) - Jetty bound to port 39896
2019-11-14 14:54:09,235 [main] INFO  server.Server (Server.java:doStart(351)) - jetty-9.3.25.v20180904, build timestamp: 2018-09-04T21:11:46Z, git hash: 3ce520221d0240229c862b122d2b06c12a625732
2019-11-14 14:54:09,237 [main] INFO  handler.ContextHandler (ContextHandler.java:doStart(781)) - Started o.e.j.s.ServletContextHandler@767a014e{/logs,file:///workdir/hadoop-ozone/tools/target/log,AVAILABLE}
2019-11-14 14:54:09,237 [main] INFO  handler.ContextHandler (ContextHandler.java:doStart(781)) - Started o.e.j.s.ServletContextHandler@3968bc60{/static,jar:file:/home/user/.m2/repository/org/apache/hadoop/hadoop-hdds-container-service/0.5.0-SNAPSHOT/hadoop-hdds-container-service-0.5.0-SNAPSHOT.jar!/webapps/static,AVAILABLE}
2019-11-14 14:54:09,275 [main] INFO  handler.ContextHandler (ContextHandler.java:doStart(781)) - Started o.e.j.w.WebAppContext@6edcad64{/,file:///tmp/jetty-0.0.0.0-39896-hddsDatanode-_-any-6749925034788525863.dir/webapp/,AVAILABLE}{/hddsDatanode}
2019-11-14 14:54:09,277 [main] INFO  server.AbstractConnector (AbstractConnector.java:doStart(278)) - Started ServerConnector@4c6007fb{HTTP/1.1,[http/1.1]}{0.0.0.0:39896}
2019-11-14 14:54:09,278 [main] INFO  server.Server (Server.java:doStart(419)) - Started @5270ms
2019-11-14 14:54:09,278 [main] WARN  impl.MetricsSystemImpl (MetricsSystemImpl.java:register(276)) - Sink prometheus already exists!
2019-11-14 14:54:09,282 [main] INFO  server.BaseHttpServer (BaseHttpServer.java:updateConnectorAddress(215)) - HTTP server of HDDSDATANODE is listening at http://0.0.0.0:39896
2019-11-14 14:54:09,284 [main] INFO  ozone.MiniOzoneClusterImpl (MiniOzoneClusterImpl.java:lambda$waitForClusterToBeReady$2(171)) - Waiting for cluster to be ready. Got 0 of 3 DN Heartbeats.
2019-11-14 14:54:09,285 [org.apache.hadoop.util.JvmPauseMonitor$Monitor@513e9406] INFO  util.JvmPauseMonitor (JvmPauseMonitor.java:run(188)) - Starting JVM pause monitor
2019-11-14 14:54:09,287 [Datanode State Machine Thread - 0] INFO  datanode.InitDatanodeState (InitDatanodeState.java:persistContainerDatanodeDetails(140)) - DatanodeDetails is persisted to /workdir/hadoop-ozone/tools/target/test-dir/MiniOzoneClusterImpl-24c23126-5e63-45a6-b3fa-6fd9e19bf9ea/datanode-2/meta/datanode.id
2019-11-14 14:54:10,285 [main] INFO  ozone.MiniOzoneClusterImpl (MiniOzoneClusterImpl.java:lambda$waitForClusterToBeReady$2(171)) - Waiting for cluster to be ready. Got 0 of 3 DN Heartbeats.
2019-11-14 14:54:11,195 [Datanode State Machine Thread - 0] INFO  ozoneimpl.OzoneContainer (OzoneContainer.java:start(230)) - Attempting to start container services.
2019-11-14 14:54:11,199 [Datanode State Machine Thread - 0] INFO  ozoneimpl.OzoneContainer (OzoneContainer.java:startContainerScrub(194)) - Background container scanner has been disabled.
2019-11-14 14:54:11,199 [Datanode State Machine Thread - 0] INFO  ratis.XceiverServerRatis (XceiverServerRatis.java:start(421)) - Starting XceiverServerRatis cc403737-7a4a-422c-8c81-76863d71ad14 at port 0
2019-11-14 14:54:11,220 [Datanode State Machine Thread - 0] INFO  impl.RaftServerProxy (RaftServerProxy.java:lambda$start$3(299)) - cc403737-7a4a-422c-8c81-76863d71ad14: start RPC server
2019-11-14 14:54:11,230 [Datanode State Machine Thread - 0] INFO  ozoneimpl.OzoneContainer (OzoneContainer.java:start(230)) - Attempting to start container services.
2019-11-14 14:54:11,233 [Datanode State Machine Thread - 0] INFO  ozoneimpl.OzoneContainer (OzoneContainer.java:startContainerScrub(194)) - Background container scanner has been disabled.
2019-11-14 14:54:11,233 [Datanode State Machine Thread - 0] INFO  ratis.XceiverServerRatis (XceiverServerRatis.java:start(421)) - Starting XceiverServerRatis 2e95d3a3-d467-4987-95b1-fa55b4c7c518 at port 0
2019-11-14 14:54:11,239 [Datanode State Machine Thread - 0] INFO  impl.RaftServerProxy (RaftServerProxy.java:lambda$start$3(299)) - 2e95d3a3-d467-4987-95b1-fa55b4c7c518: start RPC server
2019-11-14 14:54:11,286 [main] INFO  ozone.MiniOzoneClusterImpl (MiniOzoneClusterImpl.java:lambda$waitForClusterToBeReady$2(171)) - Waiting for cluster to be ready. Got 0 of 3 DN Heartbeats.
2019-11-14 14:54:11,301 [Datanode State Machine Thread - 0] INFO  ozoneimpl.OzoneContainer (OzoneContainer.java:start(230)) - Attempting to start container services.
2019-11-14 14:54:11,302 [Datanode State Machine Thread - 0] INFO  ozoneimpl.OzoneContainer (OzoneContainer.java:startContainerScrub(194)) - Background container scanner has been disabled.
2019-11-14 14:54:11,302 [Datanode State Machine Thread - 0] INFO  ratis.XceiverServerRatis (XceiverServerRatis.java:start(421)) - Starting XceiverServerRatis 076e1090-de6d-40ae-86bb-403df74e7a08 at port 0
2019-11-14 14:54:11,308 [Datanode State Machine Thread - 0] INFO  impl.RaftServerProxy (RaftServerProxy.java:lambda$start$3(299)) - 076e1090-de6d-40ae-86bb-403df74e7a08: start RPC server
2019-11-14 14:54:11,355 [Datanode State Machine Thread - 0] INFO  server.GrpcService (GrpcService.java:startImpl(158)) - cc403737-7a4a-422c-8c81-76863d71ad14: GrpcService started, listening on 0.0.0.0/0.0.0.0:41411
2019-11-14 14:54:11,354 [Datanode State Machine Thread - 0] INFO  server.GrpcService (GrpcService.java:startImpl(158)) - 2e95d3a3-d467-4987-95b1-fa55b4c7c518: GrpcService started, listening on 0.0.0.0/0.0.0.0:36295
2019-11-14 14:54:11,354 [Datanode State Machine Thread - 0] INFO  server.GrpcService (GrpcService.java:startImpl(158)) - 076e1090-de6d-40ae-86bb-403df74e7a08: GrpcService started, listening on 0.0.0.0/0.0.0.0:46244
2019-11-14 14:54:11,355 [Datanode State Machine Thread - 0] INFO  ratis.XceiverServerRatis (XceiverServerRatis.java:start(431)) - XceiverServerRatis 2e95d3a3-d467-4987-95b1-fa55b4c7c518 is started using port 36295
2019-11-14 14:54:11,355 [Datanode State Machine Thread - 0] INFO  ratis.XceiverServerRatis (XceiverServerRatis.java:start(431)) - XceiverServerRatis cc403737-7a4a-422c-8c81-76863d71ad14 is started using port 41411
2019-11-14 14:54:11,355 [Datanode State Machine Thread - 0] INFO  ratis.XceiverServerRatis (XceiverServerRatis.java:start(431)) - XceiverServerRatis 076e1090-de6d-40ae-86bb-403df74e7a08 is started using port 46244
2019-11-14 14:54:11,362 [Datanode State Machine Thread - 0] INFO  server.XceiverServerGrpc (XceiverServerGrpc.java:start(145)) - XceiverServerGrpc 076e1090-de6d-40ae-86bb-403df74e7a08 is started using port 38730
2019-11-14 14:54:11,362 [Datanode State Machine Thread - 0] INFO  server.XceiverServerGrpc (XceiverServerGrpc.java:start(145)) - XceiverServerGrpc 2e95d3a3-d467-4987-95b1-fa55b4c7c518 is started using port 39109
2019-11-14 14:54:11,362 [Datanode State Machine Thread - 0] INFO  server.XceiverServerGrpc (XceiverServerGrpc.java:start(145)) - XceiverServerGrpc cc403737-7a4a-422c-8c81-76863d71ad14 is started using port 33617
2019-11-14 14:54:12,286 [main] INFO  ozone.MiniOzoneClusterImpl (MiniOzoneClusterImpl.java:lambda$waitForClusterToBeReady$2(171)) - Waiting for cluster to be ready. Got 0 of 3 DN Heartbeats.
2019-11-14 14:54:13,149 [IPC Server handler 0 on 34453] INFO  net.NetworkTopology (NetworkTopologyImpl.java:add(111)) - Added a new node: /default-rack/cc403737-7a4a-422c-8c81-76863d71ad14
2019-11-14 14:54:13,149 [IPC Server handler 0 on 34453] INFO  node.SCMNodeManager (SCMNodeManager.java:register(267)) - Registered Data node : cc403737-7a4a-422c-8c81-76863d71ad14{ip: 192.168.69.121, host: pr-hdds-2468-gmfm6-3729483342, networkLocation: /default-rack, certSerialId: null}
2019-11-14 14:54:13,152 [EventQueue-NodeRegistrationContainerReportForDataNodeSafeModeRule] INFO  safemode.SCMSafeModeManager (DataNodeSafeModeRule.java:process(71)) - SCM in safe mode. 1 DataNodes registered, 1 required.
2019-11-14 14:54:13,152 [EventQueue-NodeRegistrationContainerReportForDataNodeSafeModeRule] INFO  safemode.SCMSafeModeManager (SCMSafeModeManager.java:validateSafeModeExitRules(177)) - ScmSafeModeManager, all rules are successfully validated
2019-11-14 14:54:13,152 [EventQueue-NodeRegistrationContainerReportForDataNodeSafeModeRule] INFO  safemode.SCMSafeModeManager (SCMSafeModeManager.java:exitSafeMode(193)) - SCM exiting safe mode.
2019-11-14 14:54:13,206 [IPC Server handler 1 on 34453] INFO  net.NetworkTopology (NetworkTopologyImpl.java:add(111)) - Added a new node: /default-rack/2e95d3a3-d467-4987-95b1-fa55b4c7c518
2019-11-14 14:54:13,206 [IPC Server handler 1 on 34453] INFO  node.SCMNodeManager (SCMNodeManager.java:register(267)) - Registered Data node : 2e95d3a3-d467-4987-95b1-fa55b4c7c518{ip: 192.168.69.121, host: pr-hdds-2468-gmfm6-3729483342, networkLocation: /default-rack, certSerialId: null}
2019-11-14 14:54:13,287 [IPC Server handler 2 on 34453] INFO  net.NetworkTopology (NetworkTopologyImpl.java:add(111)) - Added a new node: /default-rack/076e1090-de6d-40ae-86bb-403df74e7a08
2019-11-14 14:54:13,288 [IPC Server handler 2 on 34453] INFO  node.SCMNodeManager (SCMNodeManager.java:register(267)) - Registered Data node : 076e1090-de6d-40ae-86bb-403df74e7a08{ip: 192.168.69.121, host: pr-hdds-2468-gmfm6-3729483342, networkLocation: /default-rack, certSerialId: null}
2019-11-14 14:54:13,579 [grpc-default-executor-0] INFO  impl.RaftServerProxy (RaftServerProxy.java:addNew(89)) - cc403737-7a4a-422c-8c81-76863d71ad14: addNew group-5F014584DF01:[cc403737-7a4a-422c-8c81-76863d71ad14:192.168.69.121:41411] returns group-5F014584DF01:java.util.concurrent.CompletableFuture@1843ad6f[Not completed]
2019-11-14 14:54:13,587 [pool-27-thread-1] INFO  impl.RaftServerImpl (RaftServerImpl.java:<init>(98)) - cc403737-7a4a-422c-8c81-76863d71ad14: new RaftServerImpl for group-5F014584DF01:[cc403737-7a4a-422c-8c81-76863d71ad14:192.168.69.121:41411] with ContainerStateMachine:uninitialized
2019-11-14 14:54:13,589 [pool-27-thread-1] INFO  server.RaftServerConfigKeys (ConfUtils.java:logGet(43)) - raft.server.rpc.timeout.min = 5s (custom)
2019-11-14 14:54:13,590 [pool-27-thread-1] INFO  server.RaftServerConfigKeys (ConfUtils.java:logGet(43)) - raft.server.rpc.timeout.max = 5200ms (custom)
2019-11-14 14:54:13,590 [pool-27-thread-1] INFO  server.RaftServerConfigKeys (ConfUtils.java:logGet(43)) - raft.server.rpcslowness.timeout = 120s (custom)
2019-11-14 14:54:13,591 [pool-27-thread-1] INFO  server.RaftServerConfigKeys (ConfUtils.java:logGet(43)) - raft.server.sleep.deviation.threshold = 300 (default)
2019-11-14 14:54:13,591 [pool-27-thread-1] INFO  server.RaftServerConfigKeys (ConfUtils.java:logGet(43)) - raft.server.log.appender.install.snapshot.enabled = false (custom)
2019-11-14 14:54:13,598 [pool-27-thread-1] INFO  impl.RaftServerImpl (ServerState.java:<init>(103)) - cc403737-7a4a-422c-8c81-76863d71ad14@group-5F014584DF01: ConfigurationManager, init=-1: [cc403737-7a4a-422c-8c81-76863d71ad14:192.168.69.121:41411], old=null, confs=<EMPTY_MAP>
2019-11-14 14:54:13,598 [pool-27-thread-1] INFO  server.RaftServerConfigKeys (ConfUtils.java:logGet(43)) - raft.server.storage.dir = [/workdir/hadoop-ozone/tools/target/test-dir/MiniOzoneClusterImpl-24c23126-5e63-45a6-b3fa-6fd9e19bf9ea/datanode-0/data/ratis] (custom)
2019-11-14 14:54:13,602 [pool-27-thread-1] INFO  server.RaftServerConfigKeys (ConfUtils.java:logGet(43)) - raft.server.log.corruption.policy = EXCEPTION (default)
2019-11-14 14:54:13,604 [pool-27-thread-1] INFO  storage.RaftStorageDirectory (RaftStorageDirectory.java:analyzeStorage(246)) - The storage directory /workdir/hadoop-ozone/tools/target/test-dir/MiniOzoneClusterImpl-24c23126-5e63-45a6-b3fa-6fd9e19bf9ea/datanode-0/data/ratis/dc0e600f-5ec3-4324-97ed-5f014584df01 does not exist. Creating ...
2019-11-14 14:54:13,630 [pool-27-thread-1] INFO  storage.RaftStorageDirectory (RaftStorageDirectory.java:tryLock(328)) - Lock on /workdir/hadoop-ozone/tools/target/test-dir/MiniOzoneClusterImpl-24c23126-5e63-45a6-b3fa-6fd9e19bf9ea/datanode-0/data/ratis/dc0e600f-5ec3-4324-97ed-5f014584df01/in_use.lock acquired by nodename 31746@pr-hdds-2468-gmfm6-3729483342
2019-11-14 14:54:13,655 [pool-27-thread-1] INFO  storage.RaftStorage (RaftStorage.java:format(84)) - Storage directory /workdir/hadoop-ozone/tools/target/test-dir/MiniOzoneClusterImpl-24c23126-5e63-45a6-b3fa-6fd9e19bf9ea/datanode-0/data/ratis/dc0e600f-5ec3-4324-97ed-5f014584df01 has been successfully formatted.
2019-11-14 14:54:13,657 [pool-27-thread-1] INFO  ratis.ContainerStateMachine (ContainerStateMachine.java:loadSnapshot(223)) - group-5F014584DF01: The snapshot info is null. Setting the last applied indexto:(t:0, i:~)
2019-11-14 14:54:13,657 [pool-27-thread-1] INFO  server.RaftServerConfigKeys (ConfUtils.java:logGet(43)) - raft.server.notification.no-leader.timeout = 120s (custom)
2019-11-14 14:54:13,659 [pool-27-thread-1] INFO  server.RaftServerConfigKeys (ConfUtils.java:logGet(43)) - raft.server.log.use.memory = false (default)
2019-11-14 14:54:13,664 [pool-27-thread-1] INFO  server.RaftServerConfigKeys (ConfUtils.java:logGet(43)) - raft.server.log.purge.gap = 1000000 (custom)
2019-11-14 14:54:13,664 [pool-27-thread-1] INFO  server.RaftServerConfigKeys (ConfUtils.java:logGet(43)) - raft.server.log.appender.buffer.byte-limit = 33554432 (custom)
2019-11-14 14:54:13,667 [pool-27-thread-1] INFO  server.RaftServerConfigKeys (ConfUtils.java:logGet(43)) - raft.server.log.segment.size.max = 1048576 (custom)
2019-11-14 14:54:13,672 [pool-27-thread-1] INFO  metrics.MetricRegistries (MetricRegistriesLoader.java:load(64)) - Loaded MetricRegistries class org.apache.ratis.metrics.impl.MetricRegistriesImpl
2019-11-14 14:54:13,676 [pool-27-thread-1] WARN  impl.MetricRegistriesImpl (MetricRegistriesImpl.java:lambda$create$1(61)) - First MetricRegistry has been created without registering reporters. You may need to call MetricRegistries.global().addReportRegistration(...) before.
2019-11-14 14:54:13,681 [pool-27-thread-1] INFO  server.RaftServerConfigKeys (ConfUtils.java:logGet(43)) - raft.server.log.segment.cache.num.max = 2 (custom)
2019-11-14 14:54:13,685 [pool-27-thread-1] INFO  segmented.SegmentedRaftLogWorker (SegmentedRaftLogWorker.java:<init>(173)) - new cc403737-7a4a-422c-8c81-76863d71ad14@group-5F014584DF01-SegmentedRaftLogWorker for RaftStorage:Storage Directory /workdir/hadoop-ozone/tools/target/test-dir/MiniOzoneClusterImpl-24c23126-5e63-45a6-b3fa-6fd9e19bf9ea/datanode-0/data/ratis/dc0e600f-5ec3-4324-97ed-5f014584df01
2019-11-14 14:54:13,686 [pool-27-thread-1] INFO  server.RaftServerConfigKeys (ConfUtils.java:logGet(43)) - raft.server.log.queue.byte-limit = 2147483647 (custom)
2019-11-14 14:54:13,686 [pool-27-thread-1] INFO  server.RaftServerConfigKeys (ConfUtils.java:logGet(43)) - raft.server.log.queue.element-limit = 1024 (custom)
2019-11-14 14:54:13,688 [pool-27-thread-1] INFO  server.RaftServerConfigKeys (ConfUtils.java:logGet(43)) - raft.server.log.segment.size.max = 1048576 (custom)
2019-11-14 14:54:13,688 [pool-27-thread-1] INFO  server.RaftServerConfigKeys (ConfUtils.java:logGet(43)) - raft.server.log.preallocated.size = 16384 (custom)
2019-11-14 14:54:13,688 [pool-27-thread-1] INFO  server.RaftServerConfigKeys (ConfUtils.java:logGet(43)) - raft.server.log.write.buffer.size = 33554432 (custom)
2019-11-14 14:54:13,689 [pool-27-thread-1] INFO  server.RaftServerConfigKeys (ConfUtils.java:logGet(43)) - raft.server.log.force.sync.num = 128 (default)
2019-11-14 14:54:13,690 [pool-27-thread-1] INFO  server.RaftServerConfigKeys (ConfUtils.java:logGet(43)) - raft.server.log.statemachine.data.sync = true (default)
2019-11-14 14:54:13,691 [pool-27-thread-1] INFO  server.RaftServerConfigKeys (ConfUtils.java:logGet(43)) - raft.server.log.statemachine.data.sync.timeout = 10s (default)
2019-11-14 14:54:13,691 [pool-27-thread-1] INFO  server.RaftServerConfigKeys (ConfUtils.java:logGet(43)) - raft.server.log.statemachine.data.sync.timeout.retry = -1 (default)
2019-11-14 14:54:13,703 [pool-27-thread-1] INFO  server.RaftServerConfigKeys (ConfUtils.java:logGet(43)) - raft.server.log.statemachine.data.caching.enabled = true (custom)
2019-11-14 14:54:13,707 [pool-27-thread-1] INFO  segmented.SegmentedRaftLogWorker (SegmentedRaftLogWorker.java:lambda$new$0(128)) - cc403737-7a4a-422c-8c81-76863d71ad14@group-5F014584DF01-SegmentedRaftLogWorker: flushIndex: setUnconditionally 0 -> -1
2019-11-14 14:54:13,711 [pool-27-thread-1] INFO  server.RaftServerConfigKeys (ConfUtils.java:logGet(43)) - raft.server.snapshot.auto.trigger.enabled = true (custom)
2019-11-14 14:54:13,712 [pool-27-thread-1] INFO  server.RaftServerConfigKeys (ConfUtils.java:logGet(43)) - raft.server.snapshot.auto.trigger.threshold = 10000 (custom)
2019-11-14 14:54:13,712 [pool-27-thread-1] INFO  server.RaftServerConfigKeys (ConfUtils.java:logGet(43)) - raft.server.snapshot.retention.file.num = 5 (custom)
2019-11-14 14:54:13,713 [pool-27-thread-1] INFO  server.RaftServerConfigKeys (ConfUtils.java:logGet(43)) - raft.server.retrycache.expirytime = 600000ms (custom)
2019-11-14 14:54:13,729 [pool-27-thread-1] WARN  impl.MetricRegistriesImpl (MetricRegistriesImpl.java:lambda$create$1(61)) - First MetricRegistry has been created without registering reporters. You may need to call MetricRegistries.global().addReportRegistration(...) before.
2019-11-14 14:54:13,731 [pool-27-thread-1] WARN  impl.MetricRegistriesImpl (MetricRegistriesImpl.java:lambda$create$1(61)) - First MetricRegistry has been created without registering reporters. You may need to call MetricRegistries.global().addReportRegistration(...) before.
2019-11-14 14:54:13,732 [pool-27-thread-1] INFO  impl.RaftServerImpl (RaftServerImpl.java:start(184)) - cc403737-7a4a-422c-8c81-76863d71ad14@group-5F014584DF01: start as a follower, conf=-1: [cc403737-7a4a-422c-8c81-76863d71ad14:192.168.69.121:41411], old=null
2019-11-14 14:54:13,733 [pool-27-thread-1] INFO  impl.RaftServerImpl (RaftServerImpl.java:setRole(173)) - cc403737-7a4a-422c-8c81-76863d71ad14@group-5F014584DF01: changes role from      null to FOLLOWER at term 0 for startAsFollower
2019-11-14 14:54:13,734 [pool-27-thread-1] INFO  impl.RoleInfo (RoleInfo.java:updateAndGet(143)) - cc403737-7a4a-422c-8c81-76863d71ad14: start FollowerState
2019-11-14 14:54:13,736 [pool-27-thread-1] INFO  util.JmxRegister (JmxRegister.java:tryRegister(44)) - Successfully registered JMX Bean with object name Ratis:service=RaftServer,group=group-5F014584DF01,id=cc403737-7a4a-422c-8c81-76863d71ad14
2019-11-14 14:54:13,737 [pool-27-thread-1] WARN  impl.MetricRegistriesImpl (MetricRegistriesImpl.java:lambda$create$1(61)) - First MetricRegistry has been created without registering reporters. You may need to call MetricRegistries.global().addReportRegistration(...) before.
2019-11-14 14:54:13,803 [RatisPipelineUtilsThread] INFO  pipeline.PipelineStateManager (PipelineStateManager.java:addPipeline(55)) - Created pipeline Pipeline[ Id: dc0e600f-5ec3-4324-97ed-5f014584df01, Nodes: cc403737-7a4a-422c-8c81-76863d71ad14{ip: 192.168.69.121, host: pr-hdds-2468-gmfm6-3729483342, networkLocation: /default-rack, certSerialId: null}, Type:RATIS, Factor:ONE, State:ALLOCATED]
2019-11-14 14:54:13,820 [grpc-default-executor-0] INFO  impl.RaftServerProxy (RaftServerProxy.java:addNew(89)) - 2e95d3a3-d467-4987-95b1-fa55b4c7c518: addNew group-B3AB4CDB0D9E:[2e95d3a3-d467-4987-95b1-fa55b4c7c518:192.168.69.121:36295] returns group-B3AB4CDB0D9E:java.util.concurrent.CompletableFuture@58d78bce[Not completed]
2019-11-14 14:54:13,835 [pool-37-thread-1] INFO  impl.RaftServerImpl (RaftServerImpl.java:<init>(98)) - 2e95d3a3-d467-4987-95b1-fa55b4c7c518: new RaftServerImpl for group-B3AB4CDB0D9E:[2e95d3a3-d467-4987-95b1-fa55b4c7c518:192.168.69.121:36295] with ContainerStateMachine:uninitialized
2019-11-14 14:54:13,836 [pool-37-thread-1] INFO  server.RaftServerConfigKeys (ConfUtils.java:logGet(43)) - raft.server.rpc.timeout.min = 5s (custom)
2019-11-14 14:54:13,837 [pool-37-thread-1] INFO  server.RaftServerConfigKeys (ConfUtils.java:logGet(43)) - raft.server.rpc.timeout.max = 5200ms (custom)
2019-11-14 14:54:13,837 [pool-37-thread-1] INFO  server.RaftServerConfigKeys (ConfUtils.java:logGet(43)) - raft.server.rpcslowness.timeout = 120s (custom)
2019-11-14 14:54:13,837 [pool-37-thread-1] INFO  server.RaftServerConfigKeys (ConfUtils.java:logGet(43)) - raft.server.sleep.deviation.threshold = 300 (default)
2019-11-14 14:54:13,837 [pool-37-thread-1] INFO  server.RaftServerConfigKeys (ConfUtils.java:logGet(43)) - raft.server.log.appender.install.snapshot.enabled = false (custom)
2019-11-14 14:54:13,837 [pool-37-thread-1] INFO  impl.RaftServerImpl (ServerState.java:<init>(103)) - 2e95d3a3-d467-4987-95b1-fa55b4c7c518@group-B3AB4CDB0D9E: ConfigurationManager, init=-1: [2e95d3a3-d467-4987-95b1-fa55b4c7c518:192.168.69.121:36295], old=null, confs=<EMPTY_MAP>
2019-11-14 14:54:13,838 [pool-37-thread-1] INFO  server.RaftServerConfigKeys (ConfUtils.java:logGet(43)) - raft.server.storage.dir = [/workdir/hadoop-ozone/tools/target/test-dir/MiniOzoneClusterImpl-24c23126-5e63-45a6-b3fa-6fd9e19bf9ea/datanode-1/data/ratis] (custom)
2019-11-14 14:54:13,838 [pool-37-thread-1] INFO  server.RaftServerConfigKeys (ConfUtils.java:logGet(43)) - raft.server.log.corruption.policy = EXCEPTION (default)
2019-11-14 14:54:13,838 [pool-37-thread-1] INFO  storage.RaftStorageDirectory (RaftStorageDirectory.java:analyzeStorage(246)) - The storage directory /workdir/hadoop-ozone/tools/target/test-dir/MiniOzoneClusterImpl-24c23126-5e63-45a6-b3fa-6fd9e19bf9ea/datanode-1/data/ratis/4734f285-231e-4ac6-93c4-b3ab4cdb0d9e does not exist. Creating ...
2019-11-14 14:54:13,861 [pool-37-thread-1] INFO  storage.RaftStorageDirectory (RaftStorageDirectory.java:tryLock(328)) - Lock on /workdir/hadoop-ozone/tools/target/test-dir/MiniOzoneClusterImpl-24c23126-5e63-45a6-b3fa-6fd9e19bf9ea/datanode-1/data/ratis/4734f285-231e-4ac6-93c4-b3ab4cdb0d9e/in_use.lock acquired by nodename 31746@pr-hdds-2468-gmfm6-3729483342
2019-11-14 14:54:13,877 [pool-37-thread-1] INFO  storage.RaftStorage (RaftStorage.java:format(84)) - Storage directory /workdir/hadoop-ozone/tools/target/test-dir/MiniOzoneClusterImpl-24c23126-5e63-45a6-b3fa-6fd9e19bf9ea/datanode-1/data/ratis/4734f285-231e-4ac6-93c4-b3ab4cdb0d9e has been successfully formatted.
2019-11-14 14:54:13,878 [pool-37-thread-1] INFO  ratis.ContainerStateMachine (ContainerStateMachine.java:loadSnapshot(223)) - group-B3AB4CDB0D9E: The snapshot info is null. Setting the last applied indexto:(t:0, i:~)
2019-11-14 14:54:13,879 [pool-37-thread-1] INFO  server.RaftServerConfigKeys (ConfUtils.java:logGet(43)) - raft.server.notification.no-leader.timeout = 120s (custom)
2019-11-14 14:54:13,879 [pool-37-thread-1] INFO  server.RaftServerConfigKeys (ConfUtils.java:logGet(43)) - raft.server.log.use.memory = false (default)
2019-11-14 14:54:13,879 [pool-37-thread-1] INFO  server.RaftServerConfigKeys (ConfUtils.java:logGet(43)) - raft.server.log.purge.gap = 1000000 (custom)
2019-11-14 14:54:13,879 [pool-37-thread-1] INFO  server.RaftServerConfigKeys (ConfUtils.java:logGet(43)) - raft.server.log.appender.buffer.byte-limit = 33554432 (custom)
2019-11-14 14:54:13,879 [pool-37-thread-1] INFO  server.RaftServerConfigKeys (ConfUtils.java:logGet(43)) - raft.server.log.segment.size.max = 1048576 (custom)
2019-11-14 14:54:13,880 [pool-37-thread-1] WARN  impl.MetricRegistriesImpl (MetricRegistriesImpl.java:lambda$create$1(61)) - First MetricRegistry has been created without registering reporters. You may need to call MetricRegistries.global().addReportRegistration(...) before.
2019-11-14 14:54:13,880 [pool-37-thread-1] INFO  server.RaftServerConfigKeys (ConfUtils.java:logGet(43)) - raft.server.log.segment.cache.num.max = 2 (custom)
2019-11-14 14:54:13,880 [pool-37-thread-1] INFO  segmented.SegmentedRaftLogWorker (SegmentedRaftLogWorker.java:<init>(173)) - new 2e95d3a3-d467-4987-95b1-fa55b4c7c518@group-B3AB4CDB0D9E-SegmentedRaftLogWorker for RaftStorage:Storage Directory /workdir/hadoop-ozone/tools/target/test-dir/MiniOzoneClusterImpl-24c23126-5e63-45a6-b3fa-6fd9e19bf9ea/datanode-1/data/ratis/4734f285-231e-4ac6-93c4-b3ab4cdb0d9e
2019-11-14 14:54:13,881 [pool-37-thread-1] INFO  server.RaftServerConfigKeys (ConfUtils.java:logGet(43)) - raft.server.log.queue.byte-limit = 2147483647 (custom)
2019-11-14 14:54:13,881 [pool-37-thread-1] INFO  server.RaftServerConfigKeys (ConfUtils.java:logGet(43)) - raft.server.log.queue.element-limit = 1024 (custom)
2019-11-14 14:54:13,881 [pool-37-thread-1] INFO  server.RaftServerConfigKeys (ConfUtils.java:logGet(43)) - raft.server.log.segment.size.max = 1048576 (custom)
2019-11-14 14:54:13,881 [pool-37-thread-1] INFO  server.RaftServerConfigKeys (ConfUtils.java:logGet(43)) - raft.server.log.preallocated.size = 16384 (custom)
2019-11-14 14:54:13,882 [pool-37-thread-1] INFO  server.RaftServerConfigKeys (ConfUtils.java:logGet(43)) - raft.server.log.write.buffer.size = 33554432 (custom)
2019-11-14 14:54:13,882 [pool-37-thread-1] INFO  server.RaftServerConfigKeys (ConfUtils.java:logGet(43)) - raft.server.log.force.sync.num = 128 (default)
2019-11-14 14:54:13,882 [pool-37-thread-1] INFO  server.RaftServerConfigKeys (ConfUtils.java:logGet(43)) - raft.server.log.statemachine.data.sync = true (default)
2019-11-14 14:54:13,882 [pool-37-thread-1] INFO  server.RaftServerConfigKeys (ConfUtils.java:logGet(43)) - raft.server.log.statemachine.data.sync.timeout = 10s (default)
2019-11-14 14:54:13,882 [pool-37-thread-1] INFO  server.RaftServerConfigKeys (ConfUtils.java:logGet(43)) - raft.server.log.statemachine.data.sync.timeout.retry = -1 (default)
2019-11-14 14:54:13,883 [pool-37-thread-1] INFO  server.RaftServerConfigKeys (ConfUtils.java:logGet(43)) - raft.server.log.statemachine.data.caching.enabled = true (custom)
2019-11-14 14:54:13,883 [pool-37-thread-1] INFO  segmented.SegmentedRaftLogWorker (SegmentedRaftLogWorker.java:lambda$new$0(128)) - 2e95d3a3-d467-4987-95b1-fa55b4c7c518@group-B3AB4CDB0D9E-SegmentedRaftLogWorker: flushIndex: setUnconditionally 0 -> -1
2019-11-14 14:54:13,884 [pool-37-thread-1] INFO  server.RaftServerConfigKeys (ConfUtils.java:logGet(43)) - raft.server.snapshot.auto.trigger.enabled = true (custom)
2019-11-14 14:54:13,884 [pool-37-thread-1] INFO  server.RaftServerConfigKeys (ConfUtils.java:logGet(43)) - raft.server.snapshot.auto.trigger.threshold = 10000 (custom)
2019-11-14 14:54:13,884 [pool-37-thread-1] INFO  server.RaftServerConfigKeys (ConfUtils.java:logGet(43)) - raft.server.snapshot.retention.file.num = 5 (custom)
2019-11-14 14:54:13,884 [pool-37-thread-1] INFO  server.RaftServerConfigKeys (ConfUtils.java:logGet(43)) - raft.server.retrycache.expirytime = 600000ms (custom)
2019-11-14 14:54:13,884 [pool-37-thread-1] WARN  impl.MetricRegistriesImpl (MetricRegistriesImpl.java:lambda$create$1(61)) - First MetricRegistry has been created without registering reporters. You may need to call MetricRegistries.global().addReportRegistration(...) before.
2019-11-14 14:54:13,885 [pool-37-thread-1] WARN  impl.MetricRegistriesImpl (MetricRegistriesImpl.java:lambda$create$1(61)) - First MetricRegistry has been created without registering reporters. You may need to call MetricRegistries.global().addReportRegistration(...) before.
2019-11-14 14:54:13,885 [pool-37-thread-1] INFO  impl.RaftServerImpl (RaftServerImpl.java:start(184)) - 2e95d3a3-d467-4987-95b1-fa55b4c7c518@group-B3AB4CDB0D9E: start as a follower, conf=-1: [2e95d3a3-d467-4987-95b1-fa55b4c7c518:192.168.69.121:36295], old=null
2019-11-14 14:54:13,885 [pool-37-thread-1] INFO  impl.RaftServerImpl (RaftServerImpl.java:setRole(173)) - 2e95d3a3-d467-4987-95b1-fa55b4c7c518@group-B3AB4CDB0D9E: changes role from      null to FOLLOWER at term 0 for startAsFollower
2019-11-14 14:54:13,885 [pool-37-thread-1] INFO  impl.RoleInfo (RoleInfo.java:updateAndGet(143)) - 2e95d3a3-d467-4987-95b1-fa55b4c7c518: start FollowerState
2019-11-14 14:54:13,886 [pool-37-thread-1] INFO  util.JmxRegister (JmxRegister.java:tryRegister(44)) - Successfully registered JMX Bean with object name Ratis:service=RaftServer,group=group-B3AB4CDB0D9E,id=2e95d3a3-d467-4987-95b1-fa55b4c7c518
2019-11-14 14:54:13,887 [pool-37-thread-1] WARN  impl.MetricRegistriesImpl (MetricRegistriesImpl.java:lambda$create$1(61)) - First MetricRegistry has been created without registering reporters. You may need to call MetricRegistries.global().addReportRegistration(...) before.
2019-11-14 14:54:13,900 [RatisPipelineUtilsThread] INFO  pipeline.PipelineStateManager (PipelineStateManager.java:addPipeline(55)) - Created pipeline Pipeline[ Id: 4734f285-231e-4ac6-93c4-b3ab4cdb0d9e, Nodes: 2e95d3a3-d467-4987-95b1-fa55b4c7c518{ip: 192.168.69.121, host: pr-hdds-2468-gmfm6-3729483342, networkLocation: /default-rack, certSerialId: null}, Type:RATIS, Factor:ONE, State:ALLOCATED]
2019-11-14 14:54:13,916 [grpc-default-executor-0] INFO  impl.RaftServerProxy (RaftServerProxy.java:addNew(89)) - 076e1090-de6d-40ae-86bb-403df74e7a08: addNew group-B11C72311CD9:[076e1090-de6d-40ae-86bb-403df74e7a08:192.168.69.121:46244] returns group-B11C72311CD9:java.util.concurrent.CompletableFuture@3e8426d4[Not completed]
2019-11-14 14:54:13,926 [pool-47-thread-1] INFO  impl.RaftServerImpl (RaftServerImpl.java:<init>(98)) - 076e1090-de6d-40ae-86bb-403df74e7a08: new RaftServerImpl for group-B11C72311CD9:[076e1090-de6d-40ae-86bb-403df74e7a08:192.168.69.121:46244] with ContainerStateMachine:uninitialized
2019-11-14 14:54:13,926 [pool-47-thread-1] INFO  server.RaftServerConfigKeys (ConfUtils.java:logGet(43)) - raft.server.rpc.timeout.min = 5s (custom)
2019-11-14 14:54:13,927 [pool-47-thread-1] INFO  server.RaftServerConfigKeys (ConfUtils.java:logGet(43)) - raft.server.rpc.timeout.max = 5200ms (custom)
2019-11-14 14:54:13,927 [pool-47-thread-1] INFO  server.RaftServerConfigKeys (ConfUtils.java:logGet(43)) - raft.server.rpcslowness.timeout = 120s (custom)
2019-11-14 14:54:13,927 [pool-47-thread-1] INFO  server.RaftServerConfigKeys (ConfUtils.java:logGet(43)) - raft.server.sleep.deviation.threshold = 300 (default)
2019-11-14 14:54:13,927 [pool-47-thread-1] INFO  server.RaftServerConfigKeys (ConfUtils.java:logGet(43)) - raft.server.log.appender.install.snapshot.enabled = false (custom)
2019-11-14 14:54:13,927 [pool-47-thread-1] INFO  impl.RaftServerImpl (ServerState.java:<init>(103)) - 076e1090-de6d-40ae-86bb-403df74e7a08@group-B11C72311CD9: ConfigurationManager, init=-1: [076e1090-de6d-40ae-86bb-403df74e7a08:192.168.69.121:46244], old=null, confs=<EMPTY_MAP>
2019-11-14 14:54:13,928 [pool-47-thread-1] INFO  server.RaftServerConfigKeys (ConfUtils.java:logGet(43)) - raft.server.storage.dir = [/workdir/hadoop-ozone/tools/target/test-dir/MiniOzoneClusterImpl-24c23126-5e63-45a6-b3fa-6fd9e19bf9ea/datanode-2/data/ratis] (custom)
2019-11-14 14:54:13,928 [pool-47-thread-1] INFO  server.RaftServerConfigKeys (ConfUtils.java:logGet(43)) - raft.server.log.corruption.policy = EXCEPTION (default)
2019-11-14 14:54:13,928 [pool-47-thread-1] INFO  storage.RaftStorageDirectory (RaftStorageDirectory.java:analyzeStorage(246)) - The storage directory /workdir/hadoop-ozone/tools/target/test-dir/MiniOzoneClusterImpl-24c23126-5e63-45a6-b3fa-6fd9e19bf9ea/datanode-2/data/ratis/b818c480-7447-4b1c-bebb-b11c72311cd9 does not exist. Creating ...
2019-11-14 14:54:13,951 [pool-47-thread-1] INFO  storage.RaftStorageDirectory (RaftStorageDirectory.java:tryLock(328)) - Lock on /workdir/hadoop-ozone/tools/target/test-dir/MiniOzoneClusterImpl-24c23126-5e63-45a6-b3fa-6fd9e19bf9ea/datanode-2/data/ratis/b818c480-7447-4b1c-bebb-b11c72311cd9/in_use.lock acquired by nodename 31746@pr-hdds-2468-gmfm6-3729483342
2019-11-14 14:54:13,977 [pool-47-thread-1] INFO  storage.RaftStorage (RaftStorage.java:format(84)) - Storage directory /workdir/hadoop-ozone/tools/target/test-dir/MiniOzoneClusterImpl-24c23126-5e63-45a6-b3fa-6fd9e19bf9ea/datanode-2/data/ratis/b818c480-7447-4b1c-bebb-b11c72311cd9 has been successfully formatted.
2019-11-14 14:54:13,978 [pool-47-thread-1] INFO  ratis.ContainerStateMachine (ContainerStateMachine.java:loadSnapshot(223)) - group-B11C72311CD9: The snapshot info is null. Setting the last applied indexto:(t:0, i:~)
2019-11-14 14:54:13,979 [pool-47-thread-1] INFO  server.RaftServerConfigKeys (ConfUtils.java:logGet(43)) - raft.server.notification.no-leader.timeout = 120s (custom)
2019-11-14 14:54:13,979 [pool-47-thread-1] INFO  server.RaftServerConfigKeys (ConfUtils.java:logGet(43)) - raft.server.log.use.memory = false (default)
2019-11-14 14:54:13,979 [pool-47-thread-1] INFO  server.RaftServerConfigKeys (ConfUtils.java:logGet(43)) - raft.server.log.purge.gap = 1000000 (custom)
2019-11-14 14:54:13,979 [pool-47-thread-1] INFO  server.RaftServerConfigKeys (ConfUtils.java:logGet(43)) - raft.server.log.appender.buffer.byte-limit = 33554432 (custom)
2019-11-14 14:54:13,979 [pool-47-thread-1] INFO  server.RaftServerConfigKeys (ConfUtils.java:logGet(43)) - raft.server.log.segment.size.max = 1048576 (custom)
2019-11-14 14:54:13,980 [pool-47-thread-1] WARN  impl.MetricRegistriesImpl (MetricRegistriesImpl.java:lambda$create$1(61)) - First MetricRegistry has been created without registering reporters. You may need to call MetricRegistries.global().addReportRegistration(...) before.
2019-11-14 14:54:13,980 [pool-47-thread-1] INFO  server.RaftServerConfigKeys (ConfUtils.java:logGet(43)) - raft.server.log.segment.cache.num.max = 2 (custom)
2019-11-14 14:54:13,980 [pool-47-thread-1] INFO  segmented.SegmentedRaftLogWorker (SegmentedRaftLogWorker.java:<init>(173)) - new 076e1090-de6d-40ae-86bb-403df74e7a08@group-B11C72311CD9-SegmentedRaftLogWorker for RaftStorage:Storage Directory /workdir/hadoop-ozone/tools/target/test-dir/MiniOzoneClusterImpl-24c23126-5e63-45a6-b3fa-6fd9e19bf9ea/datanode-2/data/ratis/b818c480-7447-4b1c-bebb-b11c72311cd9
2019-11-14 14:54:13,980 [pool-47-thread-1] INFO  server.RaftServerConfigKeys (ConfUtils.java:logGet(43)) - raft.server.log.queue.byte-limit = 2147483647 (custom)
2019-11-14 14:54:13,980 [pool-47-thread-1] INFO  server.RaftServerConfigKeys (ConfUtils.java:logGet(43)) - raft.server.log.queue.element-limit = 1024 (custom)
2019-11-14 14:54:13,980 [pool-47-thread-1] INFO  server.RaftServerConfigKeys (ConfUtils.java:logGet(43)) - raft.server.log.segment.size.max = 1048576 (custom)
2019-11-14 14:54:13,981 [pool-47-thread-1] INFO  server.RaftServerConfigKeys (ConfUtils.java:logGet(43)) - raft.server.log.preallocated.size = 16384 (custom)
2019-11-14 14:54:13,981 [pool-47-thread-1] INFO  server.RaftServerConfigKeys (ConfUtils.java:logGet(43)) - raft.server.log.write.buffer.size = 33554432 (custom)
2019-11-14 14:54:13,981 [pool-47-thread-1] INFO  server.RaftServerConfigKeys (ConfUtils.java:logGet(43)) - raft.server.log.force.sync.num = 128 (default)
2019-11-14 14:54:13,981 [pool-47-thread-1] INFO  server.RaftServerConfigKeys (ConfUtils.java:logGet(43)) - raft.server.log.statemachine.data.sync = true (default)
2019-11-14 14:54:13,981 [pool-47-thread-1] INFO  server.RaftServerConfigKeys (ConfUtils.java:logGet(43)) - raft.server.log.statemachine.data.sync.timeout = 10s (default)
2019-11-14 14:54:13,981 [pool-47-thread-1] INFO  server.RaftServerConfigKeys (ConfUtils.java:logGet(43)) - raft.server.log.statemachine.data.sync.timeout.retry = -1 (default)
2019-11-14 14:54:13,982 [pool-47-thread-1] INFO  server.RaftServerConfigKeys (ConfUtils.java:logGet(43)) - raft.server.log.statemachine.data.caching.enabled = true (custom)
2019-11-14 14:54:13,983 [pool-47-thread-1] INFO  segmented.SegmentedRaftLogWorker (SegmentedRaftLogWorker.java:lambda$new$0(128)) - 076e1090-de6d-40ae-86bb-403df74e7a08@group-B11C72311CD9-SegmentedRaftLogWorker: flushIndex: setUnconditionally 0 -> -1
2019-11-14 14:54:13,983 [pool-47-thread-1] INFO  server.RaftServerConfigKeys (ConfUtils.java:logGet(43)) - raft.server.snapshot.auto.trigger.enabled = true (custom)
2019-11-14 14:54:13,984 [pool-47-thread-1] INFO  server.RaftServerConfigKeys (ConfUtils.java:logGet(43)) - raft.server.snapshot.auto.trigger.threshold = 10000 (custom)
2019-11-14 14:54:13,984 [pool-47-thread-1] INFO  server.RaftServerConfigKeys (ConfUtils.java:logGet(43)) - raft.server.snapshot.retention.file.num = 5 (custom)
2019-11-14 14:54:13,984 [pool-47-thread-1] INFO  server.RaftServerConfigKeys (ConfUtils.java:logGet(43)) - raft.server.retrycache.expirytime = 600000ms (custom)
2019-11-14 14:54:13,984 [pool-47-thread-1] WARN  impl.MetricRegistriesImpl (MetricRegistriesImpl.java:lambda$create$1(61)) - First MetricRegistry has been created without registering reporters. You may need to call MetricRegistries.global().addReportRegistration(...) before.
2019-11-14 14:54:13,984 [pool-47-thread-1] WARN  impl.MetricRegistriesImpl (MetricRegistriesImpl.java:lambda$create$1(61)) - First MetricRegistry has been created without registering reporters. You may need to call MetricRegistries.global().addReportRegistration(...) before.
2019-11-14 14:54:13,985 [pool-47-thread-1] INFO  impl.RaftServerImpl (RaftServerImpl.java:start(184)) - 076e1090-de6d-40ae-86bb-403df74e7a08@group-B11C72311CD9: start as a follower, conf=-1: [076e1090-de6d-40ae-86bb-403df74e7a08:192.168.69.121:46244], old=null
2019-11-14 14:54:13,985 [pool-47-thread-1] INFO  impl.RaftServerImpl (RaftServerImpl.java:setRole(173)) - 076e1090-de6d-40ae-86bb-403df74e7a08@group-B11C72311CD9: changes role from      null to FOLLOWER at term 0 for startAsFollower
2019-11-14 14:54:13,986 [pool-47-thread-1] INFO  impl.RoleInfo (RoleInfo.java:updateAndGet(143)) - 076e1090-de6d-40ae-86bb-403df74e7a08: start FollowerState
2019-11-14 14:54:13,987 [pool-47-thread-1] INFO  util.JmxRegister (JmxRegister.java:tryRegister(44)) - Successfully registered JMX Bean with object name Ratis:service=RaftServer,group=group-B11C72311CD9,id=076e1090-de6d-40ae-86bb-403df74e7a08
2019-11-14 14:54:13,987 [pool-47-thread-1] WARN  impl.MetricRegistriesImpl (MetricRegistriesImpl.java:lambda$create$1(61)) - First MetricRegistry has been created without registering reporters. You may need to call MetricRegistries.global().addReportRegistration(...) before.
2019-11-14 14:54:14,004 [RatisPipelineUtilsThread] INFO  pipeline.PipelineStateManager (PipelineStateManager.java:addPipeline(55)) - Created pipeline Pipeline[ Id: b818c480-7447-4b1c-bebb-b11c72311cd9, Nodes: 076e1090-de6d-40ae-86bb-403df74e7a08{ip: 192.168.69.121, host: pr-hdds-2468-gmfm6-3729483342, networkLocation: /default-rack, certSerialId: null}, Type:RATIS, Factor:ONE, State:ALLOCATED]
2019-11-14 14:54:14,035 [grpc-default-executor-2] INFO  impl.RaftServerProxy (RaftServerProxy.java:addNew(89)) - cc403737-7a4a-422c-8c81-76863d71ad14: addNew group-705F68F67384:[076e1090-de6d-40ae-86bb-403df74e7a08:192.168.69.121:46244, cc403737-7a4a-422c-8c81-76863d71ad14:192.168.69.121:41411, 2e95d3a3-d467-4987-95b1-fa55b4c7c518:192.168.69.121:36295] returns group-705F68F67384:java.util.concurrent.CompletableFuture@1284ccaf[Not completed]
2019-11-14 14:54:14,039 [grpc-default-executor-2] INFO  impl.RaftServerProxy (RaftServerProxy.java:addNew(89)) - 2e95d3a3-d467-4987-95b1-fa55b4c7c518: addNew group-705F68F67384:[076e1090-de6d-40ae-86bb-403df74e7a08:192.168.69.121:46244, cc403737-7a4a-422c-8c81-76863d71ad14:192.168.69.121:41411, 2e95d3a3-d467-4987-95b1-fa55b4c7c518:192.168.69.121:36295] returns group-705F68F67384:java.util.concurrent.CompletableFuture@3eccd1cf[Not completed]
2019-11-14 14:54:14,040 [grpc-default-executor-1] INFO  impl.RaftServerProxy (RaftServerProxy.java:addNew(89)) - 076e1090-de6d-40ae-86bb-403df74e7a08: addNew group-705F68F67384:[076e1090-de6d-40ae-86bb-403df74e7a08:192.168.69.121:46244, cc403737-7a4a-422c-8c81-76863d71ad14:192.168.69.121:41411, 2e95d3a3-d467-4987-95b1-fa55b4c7c518:192.168.69.121:36295] returns group-705F68F67384:java.util.concurrent.CompletableFuture@bccc8db[Not completed]
2019-11-14 14:54:14,040 [pool-27-thread-1] INFO  impl.RaftServerImpl (RaftServerImpl.java:<init>(98)) - cc403737-7a4a-422c-8c81-76863d71ad14: new RaftServerImpl for group-705F68F67384:[076e1090-de6d-40ae-86bb-403df74e7a08:192.168.69.121:46244, cc403737-7a4a-422c-8c81-76863d71ad14:192.168.69.121:41411, 2e95d3a3-d467-4987-95b1-fa55b4c7c518:192.168.69.121:36295] with ContainerStateMachine:uninitialized
2019-11-14 14:54:14,040 [pool-27-thread-1] INFO  server.RaftServerConfigKeys (ConfUtils.java:logGet(43)) - raft.server.rpc.timeout.min = 5s (custom)
2019-11-14 14:54:14,041 [pool-27-thread-1] INFO  server.RaftServerConfigKeys (ConfUtils.java:logGet(43)) - raft.server.rpc.timeout.max = 5200ms (custom)
2019-11-14 14:54:14,041 [pool-27-thread-1] INFO  server.RaftServerConfigKeys (ConfUtils.java:logGet(43)) - raft.server.rpcslowness.timeout = 120s (custom)
2019-11-14 14:54:14,041 [pool-27-thread-1] INFO  server.RaftServerConfigKeys (ConfUtils.java:logGet(43)) - raft.server.sleep.deviation.threshold = 300 (default)
2019-11-14 14:54:14,041 [pool-27-thread-1] INFO  server.RaftServerConfigKeys (ConfUtils.java:logGet(43)) - raft.server.log.appender.install.snapshot.enabled = false (custom)
2019-11-14 14:54:14,041 [pool-37-thread-1] INFO  impl.RaftServerImpl (RaftServerImpl.java:<init>(98)) - 2e95d3a3-d467-4987-95b1-fa55b4c7c518: new RaftServerImpl for group-705F68F67384:[076e1090-de6d-40ae-86bb-403df74e7a08:192.168.69.121:46244, cc403737-7a4a-422c-8c81-76863d71ad14:192.168.69.121:41411, 2e95d3a3-d467-4987-95b1-fa55b4c7c518:192.168.69.121:36295] with ContainerStateMachine:uninitialized
2019-11-14 14:54:14,041 [pool-27-thread-1] INFO  impl.RaftServerImpl (ServerState.java:<init>(103)) - cc403737-7a4a-422c-8c81-76863d71ad14@group-705F68F67384: ConfigurationManager, init=-1: [076e1090-de6d-40ae-86bb-403df74e7a08:192.168.69.121:46244, cc403737-7a4a-422c-8c81-76863d71ad14:192.168.69.121:41411, 2e95d3a3-d467-4987-95b1-fa55b4c7c518:192.168.69.121:36295], old=null, confs=<EMPTY_MAP>
2019-11-14 14:54:14,042 [pool-37-thread-1] INFO  server.RaftServerConfigKeys (ConfUtils.java:logGet(43)) - raft.server.rpc.timeout.min = 5s (custom)
2019-11-14 14:54:14,042 [pool-27-thread-1] INFO  server.RaftServerConfigKeys (ConfUtils.java:logGet(43)) - raft.server.storage.dir = [/workdir/hadoop-ozone/tools/target/test-dir/MiniOzoneClusterImpl-24c23126-5e63-45a6-b3fa-6fd9e19bf9ea/datanode-0/data/ratis] (custom)
2019-11-14 14:54:14,042 [pool-37-thread-1] INFO  server.RaftServerConfigKeys (ConfUtils.java:logGet(43)) - raft.server.rpc.timeout.max = 5200ms (custom)
2019-11-14 14:54:14,042 [pool-47-thread-1] INFO  impl.RaftServerImpl (RaftServerImpl.java:<init>(98)) - 076e1090-de6d-40ae-86bb-403df74e7a08: new RaftServerImpl for group-705F68F67384:[076e1090-de6d-40ae-86bb-403df74e7a08:192.168.69.121:46244, cc403737-7a4a-422c-8c81-76863d71ad14:192.168.69.121:41411, 2e95d3a3-d467-4987-95b1-fa55b4c7c518:192.168.69.121:36295] with ContainerStateMachine:uninitialized
2019-11-14 14:54:14,042 [pool-37-thread-1] INFO  server.RaftServerConfigKeys (ConfUtils.java:logGet(43)) - raft.server.rpcslowness.timeout = 120s (custom)
2019-11-14 14:54:14,042 [pool-27-thread-1] INFO  server.RaftServerConfigKeys (ConfUtils.java:logGet(43)) - raft.server.log.corruption.policy = EXCEPTION (default)
2019-11-14 14:54:14,042 [pool-47-thread-1] INFO  server.RaftServerConfigKeys (ConfUtils.java:logGet(43)) - raft.server.rpc.timeout.min = 5s (custom)
2019-11-14 14:54:14,043 [pool-37-thread-1] INFO  server.RaftServerConfigKeys (ConfUtils.java:logGet(43)) - raft.server.sleep.deviation.threshold = 300 (default)
2019-11-14 14:54:14,043 [pool-47-thread-1] INFO  server.RaftServerConfigKeys (ConfUtils.java:logGet(43)) - raft.server.rpc.timeout.max = 5200ms (custom)
2019-11-14 14:54:14,043 [pool-27-thread-1] INFO  storage.RaftStorageDirectory (RaftStorageDirectory.java:analyzeStorage(246)) - The storage directory /workdir/hadoop-ozone/tools/target/test-dir/MiniOzoneClusterImpl-24c23126-5e63-45a6-b3fa-6fd9e19bf9ea/datanode-0/data/ratis/0fb7eaee-05c4-41c5-8b1f-705f68f67384 does not exist. Creating ...
2019-11-14 14:54:14,043 [pool-47-thread-1] INFO  server.RaftServerConfigKeys (ConfUtils.java:logGet(43)) - raft.server.rpcslowness.timeout = 120s (custom)
2019-11-14 14:54:14,043 [pool-37-thread-1] INFO  server.RaftServerConfigKeys (ConfUtils.java:logGet(43)) - raft.server.log.appender.install.snapshot.enabled = false (custom)
2019-11-14 14:54:14,043 [pool-47-thread-1] INFO  server.RaftServerConfigKeys (ConfUtils.java:logGet(43)) - raft.server.sleep.deviation.threshold = 300 (default)
2019-11-14 14:54:14,044 [pool-37-thread-1] INFO  impl.RaftServerImpl (ServerState.java:<init>(103)) - 2e95d3a3-d467-4987-95b1-fa55b4c7c518@group-705F68F67384: ConfigurationManager, init=-1: [076e1090-de6d-40ae-86bb-403df74e7a08:192.168.69.121:46244, cc403737-7a4a-422c-8c81-76863d71ad14:192.168.69.121:41411, 2e95d3a3-d467-4987-95b1-fa55b4c7c518:192.168.69.121:36295], old=null, confs=<EMPTY_MAP>
2019-11-14 14:54:14,044 [pool-47-thread-1] INFO  server.RaftServerConfigKeys (ConfUtils.java:logGet(43)) - raft.server.log.appender.install.snapshot.enabled = false (custom)
2019-11-14 14:54:14,044 [pool-47-thread-1] INFO  impl.RaftServerImpl (ServerState.java:<init>(103)) - 076e1090-de6d-40ae-86bb-403df74e7a08@group-705F68F67384: ConfigurationManager, init=-1: [076e1090-de6d-40ae-86bb-403df74e7a08:192.168.69.121:46244, cc403737-7a4a-422c-8c81-76863d71ad14:192.168.69.121:41411, 2e95d3a3-d467-4987-95b1-fa55b4c7c518:192.168.69.121:36295], old=null, confs=<EMPTY_MAP>
2019-11-14 14:54:14,044 [pool-37-thread-1] INFO  server.RaftServerConfigKeys (ConfUtils.java:logGet(43)) - raft.server.storage.dir = [/workdir/hadoop-ozone/tools/target/test-dir/MiniOzoneClusterImpl-24c23126-5e63-45a6-b3fa-6fd9e19bf9ea/datanode-1/data/ratis] (custom)
2019-11-14 14:54:14,044 [pool-47-thread-1] INFO  server.RaftServerConfigKeys (ConfUtils.java:logGet(43)) - raft.server.storage.dir = [/workdir/hadoop-ozone/tools/target/test-dir/MiniOzoneClusterImpl-24c23126-5e63-45a6-b3fa-6fd9e19bf9ea/datanode-2/data/ratis] (custom)
2019-11-14 14:54:14,044 [pool-37-thread-1] INFO  server.RaftServerConfigKeys (ConfUtils.java:logGet(43)) - raft.server.log.corruption.policy = EXCEPTION (default)
2019-11-14 14:54:14,045 [pool-47-thread-1] INFO  server.RaftServerConfigKeys (ConfUtils.java:logGet(43)) - raft.server.log.corruption.policy = EXCEPTION (default)
2019-11-14 14:54:14,045 [pool-37-thread-1] INFO  storage.RaftStorageDirectory (RaftStorageDirectory.java:analyzeStorage(246)) - The storage directory /workdir/hadoop-ozone/tools/target/test-dir/MiniOzoneClusterImpl-24c23126-5e63-45a6-b3fa-6fd9e19bf9ea/datanode-1/data/ratis/0fb7eaee-05c4-41c5-8b1f-705f68f67384 does not exist. Creating ...
2019-11-14 14:54:14,045 [pool-47-thread-1] INFO  storage.RaftStorageDirectory (RaftStorageDirectory.java:analyzeStorage(246)) - The storage directory /workdir/hadoop-ozone/tools/target/test-dir/MiniOzoneClusterImpl-24c23126-5e63-45a6-b3fa-6fd9e19bf9ea/datanode-2/data/ratis/0fb7eaee-05c4-41c5-8b1f-705f68f67384 does not exist. Creating ...
2019-11-14 14:54:14,067 [pool-47-thread-1] INFO  storage.RaftStorageDirectory (RaftStorageDirectory.java:tryLock(328)) - Lock on /workdir/hadoop-ozone/tools/target/test-dir/MiniOzoneClusterImpl-24c23126-5e63-45a6-b3fa-6fd9e19bf9ea/datanode-2/data/ratis/0fb7eaee-05c4-41c5-8b1f-705f68f67384/in_use.lock acquired by nodename 31746@pr-hdds-2468-gmfm6-3729483342
2019-11-14 14:54:14,067 [pool-27-thread-1] INFO  storage.RaftStorageDirectory (RaftStorageDirectory.java:tryLock(328)) - Lock on /workdir/hadoop-ozone/tools/target/test-dir/MiniOzoneClusterImpl-24c23126-5e63-45a6-b3fa-6fd9e19bf9ea/datanode-0/data/ratis/0fb7eaee-05c4-41c5-8b1f-705f68f67384/in_use.lock acquired by nodename 31746@pr-hdds-2468-gmfm6-3729483342
2019-11-14 14:54:14,067 [pool-37-thread-1] INFO  storage.RaftStorageDirectory (RaftStorageDirectory.java:tryLock(328)) - Lock on /workdir/hadoop-ozone/tools/target/test-dir/MiniOzoneClusterImpl-24c23126-5e63-45a6-b3fa-6fd9e19bf9ea/datanode-1/data/ratis/0fb7eaee-05c4-41c5-8b1f-705f68f67384/in_use.lock acquired by nodename 31746@pr-hdds-2468-gmfm6-3729483342
2019-11-14 14:54:14,091 [pool-47-thread-1] INFO  storage.RaftStorage (RaftStorage.java:format(84)) - Storage directory /workdir/hadoop-ozone/tools/target/test-dir/MiniOzoneClusterImpl-24c23126-5e63-45a6-b3fa-6fd9e19bf9ea/datanode-2/data/ratis/0fb7eaee-05c4-41c5-8b1f-705f68f67384 has been successfully formatted.
2019-11-14 14:54:14,091 [pool-27-thread-1] INFO  storage.RaftStorage (RaftStorage.java:format(84)) - Storage directory /workdir/hadoop-ozone/tools/target/test-dir/MiniOzoneClusterImpl-24c23126-5e63-45a6-b3fa-6fd9e19bf9ea/datanode-0/data/ratis/0fb7eaee-05c4-41c5-8b1f-705f68f67384 has been successfully formatted.
2019-11-14 14:54:14,091 [pool-37-thread-1] INFO  storage.RaftStorage (RaftStorage.java:format(84)) - Storage directory /workdir/hadoop-ozone/tools/target/test-dir/MiniOzoneClusterImpl-24c23126-5e63-45a6-b3fa-6fd9e19bf9ea/datanode-1/data/ratis/0fb7eaee-05c4-41c5-8b1f-705f68f67384 has been successfully formatted.
2019-11-14 14:54:14,091 [pool-47-thread-1] INFO  ratis.ContainerStateMachine (ContainerStateMachine.java:loadSnapshot(223)) - group-705F68F67384: The snapshot info is null. Setting the last applied indexto:(t:0, i:~)
2019-11-14 14:54:14,091 [pool-27-thread-1] INFO  ratis.ContainerStateMachine (ContainerStateMachine.java:loadSnapshot(223)) - group-705F68F67384: The snapshot info is null. Setting the last applied indexto:(t:0, i:~)
2019-11-14 14:54:14,091 [pool-37-thread-1] INFO  ratis.ContainerStateMachine (ContainerStateMachine.java:loadSnapshot(223)) - group-705F68F67384: The snapshot info is null. Setting the last applied indexto:(t:0, i:~)
2019-11-14 14:54:14,091 [pool-47-thread-1] INFO  server.RaftServerConfigKeys (ConfUtils.java:logGet(43)) - raft.server.notification.no-leader.timeout = 120s (custom)
2019-11-14 14:54:14,092 [pool-37-thread-1] INFO  server.RaftServerConfigKeys (ConfUtils.java:logGet(43)) - raft.server.notification.no-leader.timeout = 120s (custom)
2019-11-14 14:54:14,092 [pool-27-thread-1] INFO  server.RaftServerConfigKeys (ConfUtils.java:logGet(43)) - raft.server.notification.no-leader.timeout = 120s (custom)
2019-11-14 14:54:14,092 [pool-37-thread-1] INFO  server.RaftServerConfigKeys (ConfUtils.java:logGet(43)) - raft.server.log.use.memory = false (default)
2019-11-14 14:54:14,092 [pool-47-thread-1] INFO  server.RaftServerConfigKeys (ConfUtils.java:logGet(43)) - raft.server.log.use.memory = false (default)
2019-11-14 14:54:14,093 [pool-37-thread-1] INFO  server.RaftServerConfigKeys (ConfUtils.java:logGet(43)) - raft.server.log.purge.gap = 1000000 (custom)
2019-11-14 14:54:14,092 [pool-27-thread-1] INFO  server.RaftServerConfigKeys (ConfUtils.java:logGet(43)) - raft.server.log.use.memory = false (default)
2019-11-14 14:54:14,093 [pool-37-thread-1] INFO  server.RaftServerConfigKeys (ConfUtils.java:logGet(43)) - raft.server.log.appender.buffer.byte-limit = 33554432 (custom)
2019-11-14 14:54:14,093 [pool-47-thread-1] INFO  server.RaftServerConfigKeys (ConfUtils.java:logGet(43)) - raft.server.log.purge.gap = 1000000 (custom)
2019-11-14 14:54:14,093 [pool-37-thread-1] INFO  server.RaftServerConfigKeys (ConfUtils.java:logGet(43)) - raft.server.log.segment.size.max = 1048576 (custom)
2019-11-14 14:54:14,093 [pool-27-thread-1] INFO  server.RaftServerConfigKeys (ConfUtils.java:logGet(43)) - raft.server.log.purge.gap = 1000000 (custom)
2019-11-14 14:54:14,094 [pool-37-thread-1] INFO  server.RaftServerConfigKeys (ConfUtils.java:logGet(43)) - raft.server.log.segment.cache.num.max = 2 (custom)
2019-11-14 14:54:14,093 [pool-47-thread-1] INFO  server.RaftServerConfigKeys (ConfUtils.java:logGet(43)) - raft.server.log.appender.buffer.byte-limit = 33554432 (custom)
2019-11-14 14:54:14,094 [pool-37-thread-1] INFO  segmented.SegmentedRaftLogWorker (SegmentedRaftLogWorker.java:<init>(173)) - new 2e95d3a3-d467-4987-95b1-fa55b4c7c518@group-705F68F67384-SegmentedRaftLogWorker for RaftStorage:Storage Directory /workdir/hadoop-ozone/tools/target/test-dir/MiniOzoneClusterImpl-24c23126-5e63-45a6-b3fa-6fd9e19bf9ea/datanode-1/data/ratis/0fb7eaee-05c4-41c5-8b1f-705f68f67384
2019-11-14 14:54:14,094 [pool-27-thread-1] INFO  server.RaftServerConfigKeys (ConfUtils.java:logGet(43)) - raft.server.log.appender.buffer.byte-limit = 33554432 (custom)
2019-11-14 14:54:14,094 [pool-37-thread-1] INFO  server.RaftServerConfigKeys (ConfUtils.java:logGet(43)) - raft.server.log.queue.byte-limit = 2147483647 (custom)
2019-11-14 14:54:14,094 [pool-47-thread-1] INFO  server.RaftServerConfigKeys (ConfUtils.java:logGet(43)) - raft.server.log.segment.size.max = 1048576 (custom)
2019-11-14 14:54:14,095 [pool-37-thread-1] INFO  server.RaftServerConfigKeys (ConfUtils.java:logGet(43)) - raft.server.log.queue.element-limit = 1024 (custom)
2019-11-14 14:54:14,095 [pool-27-thread-1] INFO  server.RaftServerConfigKeys (ConfUtils.java:logGet(43)) - raft.server.log.segment.size.max = 1048576 (custom)
2019-11-14 14:54:14,095 [pool-37-thread-1] INFO  server.RaftServerConfigKeys (ConfUtils.java:logGet(43)) - raft.server.log.segment.size.max = 1048576 (custom)
2019-11-14 14:54:14,095 [pool-47-thread-1] INFO  server.RaftServerConfigKeys (ConfUtils.java:logGet(43)) - raft.server.log.segment.cache.num.max = 2 (custom)
2019-11-14 14:54:14,095 [pool-37-thread-1] INFO  server.RaftServerConfigKeys (ConfUtils.java:logGet(43)) - raft.server.log.preallocated.size = 16384 (custom)
2019-11-14 14:54:14,095 [pool-27-thread-1] INFO  server.RaftServerConfigKeys (ConfUtils.java:logGet(43)) - raft.server.log.segment.cache.num.max = 2 (custom)
2019-11-14 14:54:14,096 [pool-37-thread-1] INFO  server.RaftServerConfigKeys (ConfUtils.java:logGet(43)) - raft.server.log.write.buffer.size = 33554432 (custom)
2019-11-14 14:54:14,095 [pool-47-thread-1] INFO  segmented.SegmentedRaftLogWorker (SegmentedRaftLogWorker.java:<init>(173)) - new 076e1090-de6d-40ae-86bb-403df74e7a08@group-705F68F67384-SegmentedRaftLogWorker for RaftStorage:Storage Directory /workdir/hadoop-ozone/tools/target/test-dir/MiniOzoneClusterImpl-24c23126-5e63-45a6-b3fa-6fd9e19bf9ea/datanode-2/data/ratis/0fb7eaee-05c4-41c5-8b1f-705f68f67384
2019-11-14 14:54:14,096 [pool-37-thread-1] INFO  server.RaftServerConfigKeys (ConfUtils.java:logGet(43)) - raft.server.log.force.sync.num = 128 (default)
2019-11-14 14:54:14,096 [pool-27-thread-1] INFO  segmented.SegmentedRaftLogWorker (SegmentedRaftLogWorker.java:<init>(173)) - new cc403737-7a4a-422c-8c81-76863d71ad14@group-705F68F67384-SegmentedRaftLogWorker for RaftStorage:Storage Directory /workdir/hadoop-ozone/tools/target/test-dir/MiniOzoneClusterImpl-24c23126-5e63-45a6-b3fa-6fd9e19bf9ea/datanode-0/data/ratis/0fb7eaee-05c4-41c5-8b1f-705f68f67384
2019-11-14 14:54:14,096 [pool-37-thread-1] INFO  server.RaftServerConfigKeys (ConfUtils.java:logGet(43)) - raft.server.log.statemachine.data.sync = true (default)
2019-11-14 14:54:14,096 [pool-47-thread-1] INFO  server.RaftServerConfigKeys (ConfUtils.java:logGet(43)) - raft.server.log.queue.byte-limit = 2147483647 (custom)
2019-11-14 14:54:14,097 [pool-37-thread-1] INFO  server.RaftServerConfigKeys (ConfUtils.java:logGet(43)) - raft.server.log.statemachine.data.sync.timeout = 10s (default)
2019-11-14 14:54:14,096 [pool-27-thread-1] INFO  server.RaftServerConfigKeys (ConfUtils.java:logGet(43)) - raft.server.log.queue.byte-limit = 2147483647 (custom)
2019-11-14 14:54:14,097 [pool-37-thread-1] INFO  server.RaftServerConfigKeys (ConfUtils.java:logGet(43)) - raft.server.log.statemachine.data.sync.timeout.retry = -1 (default)
2019-11-14 14:54:14,097 [pool-47-thread-1] INFO  server.RaftServerConfigKeys (ConfUtils.java:logGet(43)) - raft.server.log.queue.element-limit = 1024 (custom)
2019-11-14 14:54:14,097 [pool-27-thread-1] INFO  server.RaftServerConfigKeys (ConfUtils.java:logGet(43)) - raft.server.log.queue.element-limit = 1024 (custom)
2019-11-14 14:54:14,098 [pool-47-thread-1] INFO  server.RaftServerConfigKeys (ConfUtils.java:logGet(43)) - raft.server.log.segment.size.max = 1048576 (custom)
2019-11-14 14:54:14,097 [pool-37-thread-1] INFO  server.RaftServerConfigKeys (ConfUtils.java:logGet(43)) - raft.server.log.statemachine.data.caching.enabled = true (custom)
2019-11-14 14:54:14,098 [pool-47-thread-1] INFO  server.RaftServerConfigKeys (ConfUtils.java:logGet(43)) - raft.server.log.preallocated.size = 16384 (custom)
2019-11-14 14:54:14,098 [pool-27-thread-1] INFO  server.RaftServerConfigKeys (ConfUtils.java:logGet(43)) - raft.server.log.segment.size.max = 1048576 (custom)
2019-11-14 14:54:14,098 [pool-47-thread-1] INFO  server.RaftServerConfigKeys (ConfUtils.java:logGet(43)) - raft.server.log.write.buffer.size = 33554432 (custom)
2019-11-14 14:54:14,098 [pool-27-thread-1] INFO  server.RaftServerConfigKeys (ConfUtils.java:logGet(43)) - raft.server.log.preallocated.size = 16384 (custom)
2019-11-14 14:54:14,098 [pool-37-thread-1] INFO  segmented.SegmentedRaftLogWorker (SegmentedRaftLogWorker.java:lambda$new$0(128)) - 2e95d3a3-d467-4987-95b1-fa55b4c7c518@group-705F68F67384-SegmentedRaftLogWorker: flushIndex: setUnconditionally 0 -> -1
2019-11-14 14:54:14,099 [pool-27-thread-1] INFO  server.RaftServerConfigKeys (ConfUtils.java:logGet(43)) - raft.server.log.write.buffer.size = 33554432 (custom)
2019-11-14 14:54:14,098 [pool-47-thread-1] INFO  server.RaftServerConfigKeys (ConfUtils.java:logGet(43)) - raft.server.log.force.sync.num = 128 (default)
2019-11-14 14:54:14,099 [pool-37-thread-1] INFO  server.RaftServerConfigKeys (ConfUtils.java:logGet(43)) - raft.server.snapshot.auto.trigger.enabled = true (custom)
2019-11-14 14:54:14,099 [pool-47-thread-1] INFO  server.RaftServerConfigKeys (ConfUtils.java:logGet(43)) - raft.server.log.statemachine.data.sync = true (default)
2019-11-14 14:54:14,099 [pool-37-thread-1] INFO  server.RaftServerConfigKeys (ConfUtils.java:logGet(43)) - raft.server.snapshot.auto.trigger.threshold = 10000 (custom)
2019-11-14 14:54:14,099 [pool-27-thread-1] INFO  server.RaftServerConfigKeys (ConfUtils.java:logGet(43)) - raft.server.log.force.sync.num = 128 (default)
2019-11-14 14:54:14,099 [pool-37-thread-1] INFO  server.RaftServerConfigKeys (ConfUtils.java:logGet(43)) - raft.server.snapshot.retention.file.num = 5 (custom)
2019-11-14 14:54:14,099 [pool-47-thread-1] INFO  server.RaftServerConfigKeys (ConfUtils.java:logGet(43)) - raft.server.log.statemachine.data.sync.timeout = 10s (default)
2019-11-14 14:54:14,100 [pool-27-thread-1] INFO  server.RaftServerConfigKeys (ConfUtils.java:logGet(43)) - raft.server.log.statemachine.data.sync = true (default)
2019-11-14 14:54:14,100 [pool-37-thread-1] INFO  server.RaftServerConfigKeys (ConfUtils.java:logGet(43)) - raft.server.retrycache.expirytime = 600000ms (custom)
2019-11-14 14:54:14,100 [pool-47-thread-1] INFO  server.RaftServerConfigKeys (ConfUtils.java:logGet(43)) - raft.server.log.statemachine.data.sync.timeout.retry = -1 (default)
2019-11-14 14:54:14,100 [pool-37-thread-1] WARN  impl.MetricRegistriesImpl (MetricRegistriesImpl.java:lambda$create$1(61)) - First MetricRegistry has been created without registering reporters. You may need to call MetricRegistries.global().addReportRegistration(...) before.
2019-11-14 14:54:14,100 [pool-27-thread-1] INFO  server.RaftServerConfigKeys (ConfUtils.java:logGet(43)) - raft.server.log.statemachine.data.sync.timeout = 10s (default)
2019-11-14 14:54:14,101 [pool-37-thread-1] WARN  impl.MetricRegistriesImpl (MetricRegistriesImpl.java:lambda$create$1(61)) - First MetricRegistry has been created without registering reporters. You may need to call MetricRegistries.global().addReportRegistration(...) before.
2019-11-14 14:54:14,100 [pool-47-thread-1] INFO  server.RaftServerConfigKeys (ConfUtils.java:logGet(43)) - raft.server.log.statemachine.data.caching.enabled = true (custom)
2019-11-14 14:54:14,101 [pool-27-thread-1] INFO  server.RaftServerConfigKeys (ConfUtils.java:logGet(43)) - raft.server.log.statemachine.data.sync.timeout.retry = -1 (default)
2019-11-14 14:54:14,101 [pool-37-thread-1] INFO  impl.RaftServerImpl (RaftServerImpl.java:start(184)) - 2e95d3a3-d467-4987-95b1-fa55b4c7c518@group-705F68F67384: start as a follower, conf=-1: [076e1090-de6d-40ae-86bb-403df74e7a08:192.168.69.121:46244, cc403737-7a4a-422c-8c81-76863d71ad14:192.168.69.121:41411, 2e95d3a3-d467-4987-95b1-fa55b4c7c518:192.168.69.121:36295], old=null
2019-11-14 14:54:14,101 [pool-47-thread-1] INFO  segmented.SegmentedRaftLogWorker (SegmentedRaftLogWorker.java:lambda$new$0(128)) - 076e1090-de6d-40ae-86bb-403df74e7a08@group-705F68F67384-SegmentedRaftLogWorker: flushIndex: setUnconditionally 0 -> -1
2019-11-14 14:54:14,101 [pool-37-thread-1] INFO  impl.RaftServerImpl (RaftServerImpl.java:setRole(173)) - 2e95d3a3-d467-4987-95b1-fa55b4c7c518@group-705F68F67384: changes role from      null to FOLLOWER at term 0 for startAsFollower
2019-11-14 14:54:14,101 [pool-27-thread-1] INFO  server.RaftServerConfigKeys (ConfUtils.java:logGet(43)) - raft.server.log.statemachine.data.caching.enabled = true (custom)
2019-11-14 14:54:14,102 [pool-37-thread-1] INFO  impl.RoleInfo (RoleInfo.java:updateAndGet(143)) - 2e95d3a3-d467-4987-95b1-fa55b4c7c518: start FollowerState
2019-11-14 14:54:14,102 [pool-47-thread-1] INFO  server.RaftServerConfigKeys (ConfUtils.java:logGet(43)) - raft.server.snapshot.auto.trigger.enabled = true (custom)
2019-11-14 14:54:14,102 [pool-47-thread-1] INFO  server.RaftServerConfigKeys (ConfUtils.java:logGet(43)) - raft.server.snapshot.auto.trigger.threshold = 10000 (custom)
2019-11-14 14:54:14,102 [pool-27-thread-1] INFO  segmented.SegmentedRaftLogWorker (SegmentedRaftLogWorker.java:lambda$new$0(128)) - cc403737-7a4a-422c-8c81-76863d71ad14@group-705F68F67384-SegmentedRaftLogWorker: flushIndex: setUnconditionally 0 -> -1
2019-11-14 14:54:14,102 [pool-47-thread-1] INFO  server.RaftServerConfigKeys (ConfUtils.java:logGet(43)) - raft.server.snapshot.retention.file.num = 5 (custom)
2019-11-14 14:54:14,102 [pool-37-thread-1] INFO  util.JmxRegister (JmxRegister.java:tryRegister(44)) - Successfully registered JMX Bean with object name Ratis:service=RaftServer,group=group-705F68F67384,id=2e95d3a3-d467-4987-95b1-fa55b4c7c518
2019-11-14 14:54:14,103 [pool-27-thread-1] INFO  server.RaftServerConfigKeys (ConfUtils.java:logGet(43)) - raft.server.snapshot.auto.trigger.enabled = true (custom)
2019-11-14 14:54:14,103 [pool-47-thread-1] INFO  server.RaftServerConfigKeys (ConfUtils.java:logGet(43)) - raft.server.retrycache.expirytime = 600000ms (custom)
2019-11-14 14:54:14,103 [pool-27-thread-1] INFO  server.RaftServerConfigKeys (ConfUtils.java:logGet(43)) - raft.server.snapshot.auto.trigger.threshold = 10000 (custom)
2019-11-14 14:54:14,103 [pool-37-thread-1] WARN  impl.MetricRegistriesImpl (MetricRegistriesImpl.java:lambda$create$1(61)) - First MetricRegistry has been created without registering reporters. You may need to call MetricRegistries.global().addReportRegistration(...) before.
2019-11-14 14:54:14,103 [pool-27-thread-1] INFO  server.RaftServerConfigKeys (ConfUtils.java:logGet(43)) - raft.server.snapshot.retention.file.num = 5 (custom)
2019-11-14 14:54:14,103 [pool-47-thread-1] WARN  impl.MetricRegistriesImpl (MetricRegistriesImpl.java:lambda$create$1(61)) - First MetricRegistry has been created without registering reporters. You may need to call MetricRegistries.global().addReportRegistration(...) before.
2019-11-14 14:54:14,104 [pool-27-thread-1] INFO  server.RaftServerConfigKeys (ConfUtils.java:logGet(43)) - raft.server.retrycache.expirytime = 600000ms (custom)
2019-11-14 14:54:14,104 [pool-47-thread-1] WARN  impl.MetricRegistriesImpl (MetricRegistriesImpl.java:lambda$create$1(61)) - First MetricRegistry has been created without registering reporters. You may need to call MetricRegistries.global().addReportRegistration(...) before.
2019-11-14 14:54:14,104 [pool-27-thread-1] WARN  impl.MetricRegistriesImpl (MetricRegistriesImpl.java:lambda$create$1(61)) - First MetricRegistry has been created without registering reporters. You may need to call MetricRegistries.global().addReportRegistration(...) before.
2019-11-14 14:54:14,104 [pool-47-thread-1] INFO  impl.RaftServerImpl (RaftServerImpl.java:start(184)) - 076e1090-de6d-40ae-86bb-403df74e7a08@group-705F68F67384: start as a follower, conf=-1: [076e1090-de6d-40ae-86bb-403df74e7a08:192.168.69.121:46244, cc403737-7a4a-422c-8c81-76863d71ad14:192.168.69.121:41411, 2e95d3a3-d467-4987-95b1-fa55b4c7c518:192.168.69.121:36295], old=null
2019-11-14 14:54:14,104 [pool-27-thread-1] WARN  impl.MetricRegistriesImpl (MetricRegistriesImpl.java:lambda$create$1(61)) - First MetricRegistry has been created without registering reporters. You may need to call MetricRegistries.global().addReportRegistration(...) before.
2019-11-14 14:54:14,104 [pool-47-thread-1] INFO  impl.RaftServerImpl (RaftServerImpl.java:setRole(173)) - 076e1090-de6d-40ae-86bb-403df74e7a08@group-705F68F67384: changes role from      null to FOLLOWER at term 0 for startAsFollower
2019-11-14 14:54:14,106 [pool-27-thread-1] INFO  impl.RaftServerImpl (RaftServerImpl.java:start(184)) - cc403737-7a4a-422c-8c81-76863d71ad14@group-705F68F67384: start as a follower, conf=-1: [076e1090-de6d-40ae-86bb-403df74e7a08:192.168.69.121:46244, cc403737-7a4a-422c-8c81-76863d71ad14:192.168.69.121:41411, 2e95d3a3-d467-4987-95b1-fa55b4c7c518:192.168.69.121:36295], old=null
2019-11-14 14:54:14,106 [pool-47-thread-1] INFO  impl.RoleInfo (RoleInfo.java:updateAndGet(143)) - 076e1090-de6d-40ae-86bb-403df74e7a08: start FollowerState
2019-11-14 14:54:14,106 [pool-27-thread-1] INFO  impl.RaftServerImpl (RaftServerImpl.java:setRole(173)) - cc403737-7a4a-422c-8c81-76863d71ad14@group-705F68F67384: changes role from      null to FOLLOWER at term 0 for startAsFollower
2019-11-14 14:54:14,107 [pool-27-thread-1] INFO  impl.RoleInfo (RoleInfo.java:updateAndGet(143)) - cc403737-7a4a-422c-8c81-76863d71ad14: start FollowerState
2019-11-14 14:54:14,107 [pool-47-thread-1] INFO  util.JmxRegister (JmxRegister.java:tryRegister(44)) - Successfully registered JMX Bean with object name Ratis:service=RaftServer,group=group-705F68F67384,id=076e1090-de6d-40ae-86bb-403df74e7a08
2019-11-14 14:54:14,107 [pool-47-thread-1] WARN  impl.MetricRegistriesImpl (MetricRegistriesImpl.java:lambda$create$1(61)) - First MetricRegistry has been created without registering reporters. You may need to call MetricRegistries.global().addReportRegistration(...) before.
2019-11-14 14:54:14,107 [pool-27-thread-1] INFO  util.JmxRegister (JmxRegister.java:tryRegister(44)) - Successfully registered JMX Bean with object name Ratis:service=RaftServer,group=group-705F68F67384,id=cc403737-7a4a-422c-8c81-76863d71ad14
2019-11-14 14:54:14,108 [pool-27-thread-1] WARN  impl.MetricRegistriesImpl (MetricRegistriesImpl.java:lambda$create$1(61)) - First MetricRegistry has been created without registering reporters. You may need to call MetricRegistries.global().addReportRegistration(...) before.
2019-11-14 14:54:14,123 [RatisPipelineUtilsThread] INFO  pipeline.PipelineStateManager (PipelineStateManager.java:addPipeline(55)) - Created pipeline Pipeline[ Id: 0fb7eaee-05c4-41c5-8b1f-705f68f67384, Nodes: cc403737-7a4a-422c-8c81-76863d71ad14{ip: 192.168.69.121, host: pr-hdds-2468-gmfm6-3729483342, networkLocation: /default-rack, certSerialId: null}2e95d3a3-d467-4987-95b1-fa55b4c7c518{ip: 192.168.69.121, host: pr-hdds-2468-gmfm6-3729483342, networkLocation: /default-rack, certSerialId: null}076e1090-de6d-40ae-86bb-403df74e7a08{ip: 192.168.69.121, host: pr-hdds-2468-gmfm6-3729483342, networkLocation: /default-rack, certSerialId: null}, Type:RATIS, Factor:THREE, State:ALLOCATED]
2019-11-14 14:54:14,126 [main] INFO  ozone.MiniOzoneClusterImpl (MiniOzoneClusterImpl.java:lambda$waitForClusterToBeReady$2(163)) - Waiting for 4 number of pipelines out of 4, to report a leader.
2019-11-14 14:54:15,127 [main] INFO  ozone.MiniOzoneClusterImpl (MiniOzoneClusterImpl.java:lambda$waitForClusterToBeReady$2(163)) - Waiting for 4 number of pipelines out of 4, to report a leader.
2019-11-14 14:54:16,128 [main] INFO  ozone.MiniOzoneClusterImpl (MiniOzoneClusterImpl.java:lambda$waitForClusterToBeReady$2(163)) - Waiting for 4 number of pipelines out of 4, to report a leader.
2019-11-14 14:54:16,159 [Thread-178] INFO  container.ReplicationManager (ReplicationManager.java:start(162)) - Starting Replication Monitor Thread.
2019-11-14 14:54:16,163 [Thread-178] INFO  pipeline.SCMPipelineManager (SCMPipelineManager.java:finalizeAndDestroyPipeline(315)) - destroying pipeline:Pipeline[ Id: 4734f285-231e-4ac6-93c4-b3ab4cdb0d9e, Nodes: 2e95d3a3-d467-4987-95b1-fa55b4c7c518{ip: 192.168.69.121, host: pr-hdds-2468-gmfm6-3729483342, networkLocation: /default-rack, certSerialId: null}, Type:RATIS, Factor:ONE, State:ALLOCATED]
2019-11-14 14:54:16,163 [ReplicationMonitor] INFO  container.ReplicationManager (ReplicationManager.java:run(225)) - Replication Monitor Thread took 0 milliseconds for processing 0 containers.
2019-11-14 14:54:16,164 [Thread-178] INFO  pipeline.PipelineStateManager (PipelineStateManager.java:finalizePipeline(121)) - Pipeline Pipeline[ Id: 4734f285-231e-4ac6-93c4-b3ab4cdb0d9e, Nodes: 2e95d3a3-d467-4987-95b1-fa55b4c7c518{ip: 192.168.69.121, host: pr-hdds-2468-gmfm6-3729483342, networkLocation: /default-rack, certSerialId: null}, Type:RATIS, Factor:ONE, State:CLOSED] moved to CLOSED state
2019-11-14 14:54:16,188 [grpc-default-executor-2] INFO  impl.RaftServerProxy (RaftServerProxy.java:remove(95)) - 2e95d3a3-d467-4987-95b1-fa55b4c7c518: remove  FOLLOWER 2e95d3a3-d467-4987-95b1-fa55b4c7c518@group-B3AB4CDB0D9E:t0, leader=null, voted=null, raftlog=2e95d3a3-d467-4987-95b1-fa55b4c7c518@group-B3AB4CDB0D9E-SegmentedRaftLog:OPENED:c-1,f-1,i0, conf=-1: [2e95d3a3-d467-4987-95b1-fa55b4c7c518:192.168.69.121:36295], old=null RUNNING
2019-11-14 14:54:16,191 [grpc-default-executor-2] INFO  impl.RaftServerImpl (RaftServerImpl.java:lambda$shutdown$3(250)) - 2e95d3a3-d467-4987-95b1-fa55b4c7c518@group-B3AB4CDB0D9E: shutdown
2019-11-14 14:54:16,192 [grpc-default-executor-2] INFO  util.JmxRegister (JmxRegister.java:unregister(73)) - Successfully un-registered JMX Bean with object name Ratis:service=RaftServer,group=group-B3AB4CDB0D9E,id=2e95d3a3-d467-4987-95b1-fa55b4c7c518
2019-11-14 14:54:16,192 [grpc-default-executor-2] INFO  impl.RoleInfo (RoleInfo.java:shutdownFollowerState(121)) - 2e95d3a3-d467-4987-95b1-fa55b4c7c518: shutdown FollowerState
2019-11-14 14:54:16,192 [grpc-default-executor-2] INFO  impl.StateMachineUpdater (StateMachineUpdater.java:stopAndJoin(136)) - 2e95d3a3-d467-4987-95b1-fa55b4c7c518@group-B3AB4CDB0D9E-StateMachineUpdater: set stopIndex = -1
2019-11-14 14:54:16,192 [Thread-183] INFO  impl.FollowerState (FollowerState.java:run(120)) - 2e95d3a3-d467-4987-95b1-fa55b4c7c518@group-B3AB4CDB0D9E-FollowerState was interrupted: java.lang.InterruptedException: sleep interrupted
2019-11-14 14:54:16,194 [grpc-default-executor-2] INFO  impl.RaftServerImpl (ServerState.java:close(387)) - 2e95d3a3-d467-4987-95b1-fa55b4c7c518@group-B3AB4CDB0D9E: closes. applyIndex: -1
2019-11-14 14:54:16,199 [2e95d3a3-d467-4987-95b1-fa55b4c7c518@group-B3AB4CDB0D9E-SegmentedRaftLogWorker] INFO  segmented.SegmentedRaftLogWorker (SegmentedRaftLogWorker.java:run(316)) - 2e95d3a3-d467-4987-95b1-fa55b4c7c518@group-B3AB4CDB0D9E-SegmentedRaftLogWorker was interrupted, exiting. There are 0 tasks remaining in the queue.
2019-11-14 14:54:16,201 [grpc-default-executor-2] INFO  segmented.SegmentedRaftLogWorker (SegmentedRaftLogWorker.java:close(224)) - 2e95d3a3-d467-4987-95b1-fa55b4c7c518@group-B3AB4CDB0D9E-SegmentedRaftLogWorker close()
2019-11-14 14:54:16,216 [Thread-178] INFO  pipeline.PipelineStateManager (PipelineStateManager.java:removePipeline(106)) - Pipeline Pipeline[ Id: 4734f285-231e-4ac6-93c4-b3ab4cdb0d9e, Nodes: 2e95d3a3-d467-4987-95b1-fa55b4c7c518{ip: 192.168.69.121, host: pr-hdds-2468-gmfm6-3729483342, networkLocation: /default-rack, certSerialId: null}, Type:RATIS, Factor:ONE, State:CLOSED] removed from db
2019-11-14 14:54:16,217 [Thread-178] INFO  pipeline.SCMPipelineManager (SCMPipelineManager.java:finalizeAndDestroyPipeline(315)) - destroying pipeline:Pipeline[ Id: 0fb7eaee-05c4-41c5-8b1f-705f68f67384, Nodes: cc403737-7a4a-422c-8c81-76863d71ad14{ip: 192.168.69.121, host: pr-hdds-2468-gmfm6-3729483342, networkLocation: /default-rack, certSerialId: null}2e95d3a3-d467-4987-95b1-fa55b4c7c518{ip: 192.168.69.121, host: pr-hdds-2468-gmfm6-3729483342, networkLocation: /default-rack, certSerialId: null}076e1090-de6d-40ae-86bb-403df74e7a08{ip: 192.168.69.121, host: pr-hdds-2468-gmfm6-3729483342, networkLocation: /default-rack, certSerialId: null}, Type:RATIS, Factor:THREE, State:ALLOCATED]
2019-11-14 14:54:16,226 [grpc-default-executor-1] INFO  impl.RaftServerProxy (RaftServerProxy.java:addNew(89)) - 2e95d3a3-d467-4987-95b1-fa55b4c7c518: addNew group-A25B5ABBAFF5:[2e95d3a3-d467-4987-95b1-fa55b4c7c518:192.168.69.121:36295] returns group-A25B5ABBAFF5:java.util.concurrent.CompletableFuture@ff34d7a[Not completed]
2019-11-14 14:54:16,229 [pool-37-thread-1] INFO  impl.RaftServerImpl (RaftServerImpl.java:<init>(98)) - 2e95d3a3-d467-4987-95b1-fa55b4c7c518: new RaftServerImpl for group-A25B5ABBAFF5:[2e95d3a3-d467-4987-95b1-fa55b4c7c518:192.168.69.121:36295] with ContainerStateMachine:uninitialized
2019-11-14 14:54:16,229 [pool-37-thread-1] INFO  server.RaftServerConfigKeys (ConfUtils.java:logGet(43)) - raft.server.rpc.timeout.min = 5s (custom)
2019-11-14 14:54:16,229 [pool-37-thread-1] INFO  server.RaftServerConfigKeys (ConfUtils.java:logGet(43)) - raft.server.rpc.timeout.max = 5200ms (custom)
2019-11-14 14:54:16,230 [pool-37-thread-1] INFO  server.RaftServerConfigKeys (ConfUtils.java:logGet(43)) - raft.server.rpcslowness.timeout = 120s (custom)
2019-11-14 14:54:16,230 [pool-37-thread-1] INFO  server.RaftServerConfigKeys (ConfUtils.java:logGet(43)) - raft.server.sleep.deviation.threshold = 300 (default)
2019-11-14 14:54:16,230 [pool-37-thread-1] INFO  server.RaftServerConfigKeys (ConfUtils.java:logGet(43)) - raft.server.log.appender.install.snapshot.enabled = false (custom)
2019-11-14 14:54:16,230 [pool-37-thread-1] INFO  impl.RaftServerImpl (ServerState.java:<init>(103)) - 2e95d3a3-d467-4987-95b1-fa55b4c7c518@group-A25B5ABBAFF5: ConfigurationManager, init=-1: [2e95d3a3-d467-4987-95b1-fa55b4c7c518:192.168.69.121:36295], old=null, confs=<EMPTY_MAP>
2019-11-14 14:54:16,230 [pool-37-thread-1] INFO  server.RaftServerConfigKeys (ConfUtils.java:logGet(43)) - raft.server.storage.dir = [/workdir/hadoop-ozone/tools/target/test-dir/MiniOzoneClusterImpl-24c23126-5e63-45a6-b3fa-6fd9e19bf9ea/datanode-1/data/ratis] (custom)
2019-11-14 14:54:16,231 [pool-37-thread-1] INFO  server.RaftServerConfigKeys (ConfUtils.java:logGet(43)) - raft.server.log.corruption.policy = EXCEPTION (default)
2019-11-14 14:54:16,231 [pool-37-thread-1] INFO  storage.RaftStorageDirectory (RaftStorageDirectory.java:analyzeStorage(246)) - The storage directory /workdir/hadoop-ozone/tools/target/test-dir/MiniOzoneClusterImpl-24c23126-5e63-45a6-b3fa-6fd9e19bf9ea/datanode-1/data/ratis/a2f62a09-6bb1-424c-9b6b-a25b5abbaff5 does not exist. Creating ...
2019-11-14 14:54:16,255 [pool-37-thread-1] INFO  storage.RaftStorageDirectory (RaftStorageDirectory.java:tryLock(328)) - Lock on /workdir/hadoop-ozone/tools/target/test-dir/MiniOzoneClusterImpl-24c23126-5e63-45a6-b3fa-6fd9e19bf9ea/datanode-1/data/ratis/a2f62a09-6bb1-424c-9b6b-a25b5abbaff5/in_use.lock acquired by nodename 31746@pr-hdds-2468-gmfm6-3729483342
2019-11-14 14:54:16,279 [pool-37-thread-1] INFO  storage.RaftStorage (RaftStorage.java:format(84)) - Storage directory /workdir/hadoop-ozone/tools/target/test-dir/MiniOzoneClusterImpl-24c23126-5e63-45a6-b3fa-6fd9e19bf9ea/datanode-1/data/ratis/a2f62a09-6bb1-424c-9b6b-a25b5abbaff5 has been successfully formatted.
2019-11-14 14:54:16,280 [pool-37-thread-1] INFO  ratis.ContainerStateMachine (ContainerStateMachine.java:loadSnapshot(223)) - group-A25B5ABBAFF5: The snapshot info is null. Setting the last applied indexto:(t:0, i:~)
2019-11-14 14:54:16,280 [pool-37-thread-1] INFO  server.RaftServerConfigKeys (ConfUtils.java:logGet(43)) - raft.server.notification.no-leader.timeout = 120s (custom)
2019-11-14 14:54:16,280 [pool-37-thread-1] INFO  server.RaftServerConfigKeys (ConfUtils.java:logGet(43)) - raft.server.log.use.memory = false (default)
2019-11-14 14:54:16,280 [pool-37-thread-1] INFO  server.RaftServerConfigKeys (ConfUtils.java:logGet(43)) - raft.server.log.purge.gap = 1000000 (custom)
2019-11-14 14:54:16,280 [pool-37-thread-1] INFO  server.RaftServerConfigKeys (ConfUtils.java:logGet(43)) - raft.server.log.appender.buffer.byte-limit = 33554432 (custom)
2019-11-14 14:54:16,281 [pool-37-thread-1] INFO  server.RaftServerConfigKeys (ConfUtils.java:logGet(43)) - raft.server.log.segment.size.max = 1048576 (custom)
2019-11-14 14:54:16,281 [pool-37-thread-1] INFO  server.RaftServerConfigKeys (ConfUtils.java:logGet(43)) - raft.server.log.segment.cache.num.max = 2 (custom)
2019-11-14 14:54:16,281 [pool-37-thread-1] INFO  segmented.SegmentedRaftLogWorker (SegmentedRaftLogWorker.java:<init>(173)) - new 2e95d3a3-d467-4987-95b1-fa55b4c7c518@group-A25B5ABBAFF5-SegmentedRaftLogWorker for RaftStorage:Storage Directory /workdir/hadoop-ozone/tools/target/test-dir/MiniOzoneClusterImpl-24c23126-5e63-45a6-b3fa-6fd9e19bf9ea/datanode-1/data/ratis/a2f62a09-6bb1-424c-9b6b-a25b5abbaff5
2019-11-14 14:54:16,281 [pool-37-thread-1] INFO  server.RaftServerConfigKeys (ConfUtils.java:logGet(43)) - raft.server.log.queue.byte-limit = 2147483647 (custom)
2019-11-14 14:54:16,281 [pool-37-thread-1] INFO  server.RaftServerConfigKeys (ConfUtils.java:logGet(43)) - raft.server.log.queue.element-limit = 1024 (custom)
2019-11-14 14:54:16,281 [pool-37-thread-1] INFO  server.RaftServerConfigKeys (ConfUtils.java:logGet(43)) - raft.server.log.segment.size.max = 1048576 (custom)
2019-11-14 14:54:16,281 [pool-37-thread-1] INFO  server.RaftServerConfigKeys (ConfUtils.java:logGet(43)) - raft.server.log.preallocated.size = 16384 (custom)
2019-11-14 14:54:16,281 [pool-37-thread-1] INFO  server.RaftServerConfigKeys (ConfUtils.java:logGet(43)) - raft.server.log.write.buffer.size = 33554432 (custom)
2019-11-14 14:54:16,282 [pool-37-thread-1] INFO  server.RaftServerConfigKeys (ConfUtils.java:logGet(43)) - raft.server.log.force.sync.num = 128 (default)
2019-11-14 14:54:16,282 [pool-37-thread-1] INFO  server.RaftServerConfigKeys (ConfUtils.java:logGet(43)) - raft.server.log.statemachine.data.sync = true (default)
2019-11-14 14:54:16,282 [pool-37-thread-1] INFO  server.RaftServerConfigKeys (ConfUtils.java:logGet(43)) - raft.server.log.statemachine.data.sync.timeout = 10s (default)
2019-11-14 14:54:16,282 [pool-37-thread-1] INFO  server.RaftServerConfigKeys (ConfUtils.java:logGet(43)) - raft.server.log.statemachine.data.sync.timeout.retry = -1 (default)
2019-11-14 14:54:16,282 [pool-37-thread-1] INFO  server.RaftServerConfigKeys (ConfUtils.java:logGet(43)) - raft.server.log.statemachine.data.caching.enabled = true (custom)
2019-11-14 14:54:16,282 [pool-37-thread-1] INFO  segmented.SegmentedRaftLogWorker (SegmentedRaftLogWorker.java:lambda$new$0(128)) - 2e95d3a3-d467-4987-95b1-fa55b4c7c518@group-A25B5ABBAFF5-SegmentedRaftLogWorker: flushIndex: setUnconditionally 0 -> -1
2019-11-14 14:54:16,283 [pool-37-thread-1] INFO  server.RaftServerConfigKeys (ConfUtils.java:logGet(43)) - raft.server.snapshot.auto.trigger.enabled = true (custom)
2019-11-14 14:54:16,283 [pool-37-thread-1] INFO  server.RaftServerConfigKeys (ConfUtils.java:logGet(43)) - raft.server.snapshot.auto.trigger.threshold = 10000 (custom)
2019-11-14 14:54:16,283 [pool-37-thread-1] INFO  server.RaftServerConfigKeys (ConfUtils.java:logGet(43)) - raft.server.snapshot.retention.file.num = 5 (custom)
2019-11-14 14:54:16,283 [pool-37-thread-1] INFO  server.RaftServerConfigKeys (ConfUtils.java:logGet(43)) - raft.server.retrycache.expirytime = 600000ms (custom)
2019-11-14 14:54:16,283 [pool-37-thread-1] WARN  impl.MetricRegistriesImpl (MetricRegistriesImpl.java:lambda$create$1(61)) - First MetricRegistry has been created without registering reporters. You may need to call MetricRegistries.global().addReportRegistration(...) before.
2019-11-14 14:54:16,284 [pool-37-thread-1] WARN  impl.MetricRegistriesImpl (MetricRegistriesImpl.java:lambda$create$1(61)) - First MetricRegistry has been created without registering reporters. You may need to call MetricRegistries.global().addReportRegistration(...) before.
2019-11-14 14:54:16,284 [pool-37-thread-1] INFO  impl.RaftServerImpl (RaftServerImpl.java:start(184)) - 2e95d3a3-d467-4987-95b1-fa55b4c7c518@group-A25B5ABBAFF5: start as a follower, conf=-1: [2e95d3a3-d467-4987-95b1-fa55b4c7c518:192.168.69.121:36295], old=null
2019-11-14 14:54:16,284 [pool-37-thread-1] INFO  impl.RaftServerImpl (RaftServerImpl.java:setRole(173)) - 2e95d3a3-d467-4987-95b1-fa55b4c7c518@group-A25B5ABBAFF5: changes role from      null to FOLLOWER at term 0 for startAsFollower
2019-11-14 14:54:16,284 [pool-37-thread-1] INFO  impl.RoleInfo (RoleInfo.java:updateAndGet(143)) - 2e95d3a3-d467-4987-95b1-fa55b4c7c518: start FollowerState
2019-11-14 14:54:16,284 [pool-37-thread-1] INFO  util.JmxRegister (JmxRegister.java:tryRegister(44)) - Successfully registered JMX Bean with object name Ratis:service=RaftServer,group=group-A25B5ABBAFF5,id=2e95d3a3-d467-4987-95b1-fa55b4c7c518
2019-11-14 14:54:16,285 [pool-37-thread-1] WARN  impl.MetricRegistriesImpl (MetricRegistriesImpl.java:lambda$create$1(61)) - First MetricRegistry has been created without registering reporters. You may need to call MetricRegistries.global().addReportRegistration(...) before.
2019-11-14 14:54:16,293 [RatisPipelineUtilsThread] INFO  pipeline.PipelineStateManager (PipelineStateManager.java:addPipeline(55)) - Created pipeline Pipeline[ Id: a2f62a09-6bb1-424c-9b6b-a25b5abbaff5, Nodes: 2e95d3a3-d467-4987-95b1-fa55b4c7c518{ip: 192.168.69.121, host: pr-hdds-2468-gmfm6-3729483342, networkLocation: /default-rack, certSerialId: null}, Type:RATIS, Factor:ONE, State:ALLOCATED]
2019-11-14 14:54:16,294 [Thread-178] INFO  pipeline.PipelineStateManager (PipelineStateManager.java:finalizePipeline(121)) - Pipeline Pipeline[ Id: 0fb7eaee-05c4-41c5-8b1f-705f68f67384, Nodes: cc403737-7a4a-422c-8c81-76863d71ad14{ip: 192.168.69.121, host: pr-hdds-2468-gmfm6-3729483342, networkLocation: /default-rack, certSerialId: null}2e95d3a3-d467-4987-95b1-fa55b4c7c518{ip: 192.168.69.121, host: pr-hdds-2468-gmfm6-3729483342, networkLocation: /default-rack, certSerialId: null}076e1090-de6d-40ae-86bb-403df74e7a08{ip: 192.168.69.121, host: pr-hdds-2468-gmfm6-3729483342, networkLocation: /default-rack, certSerialId: null}, Type:RATIS, Factor:THREE, State:CLOSED] moved to CLOSED state
2019-11-14 14:54:16,310 [grpc-default-executor-1] INFO  impl.RaftServerProxy (RaftServerProxy.java:remove(95)) - cc403737-7a4a-422c-8c81-76863d71ad14: remove  FOLLOWER cc403737-7a4a-422c-8c81-76863d71ad14@group-705F68F67384:t0, leader=null, voted=null, raftlog=cc403737-7a4a-422c-8c81-76863d71ad14@group-705F68F67384-SegmentedRaftLog:OPENED:c-1,f-1,i0, conf=-1: [076e1090-de6d-40ae-86bb-403df74e7a08:192.168.69.121:46244, cc403737-7a4a-422c-8c81-76863d71ad14:192.168.69.121:41411, 2e95d3a3-d467-4987-95b1-fa55b4c7c518:192.168.69.121:36295], old=null RUNNING
2019-11-14 14:54:16,310 [grpc-default-executor-1] INFO  impl.RaftServerImpl (RaftServerImpl.java:lambda$shutdown$3(250)) - cc403737-7a4a-422c-8c81-76863d71ad14@group-705F68F67384: shutdown
2019-11-14 14:54:16,310 [grpc-default-executor-1] INFO  util.JmxRegister (JmxRegister.java:unregister(73)) - Successfully un-registered JMX Bean with object name Ratis:service=RaftServer,group=group-705F68F67384,id=cc403737-7a4a-422c-8c81-76863d71ad14
2019-11-14 14:54:16,311 [grpc-default-executor-1] INFO  impl.RoleInfo (RoleInfo.java:shutdownFollowerState(121)) - cc403737-7a4a-422c-8c81-76863d71ad14: shutdown FollowerState
2019-11-14 14:54:16,311 [grpc-default-executor-1] INFO  impl.StateMachineUpdater (StateMachineUpdater.java:stopAndJoin(136)) - cc403737-7a4a-422c-8c81-76863d71ad14@group-705F68F67384-StateMachineUpdater: set stopIndex = -1
2019-11-14 14:54:16,311 [Thread-194] INFO  impl.FollowerState (FollowerState.java:run(120)) - cc403737-7a4a-422c-8c81-76863d71ad14@group-705F68F67384-FollowerState was interrupted: java.lang.InterruptedException: sleep interrupted
2019-11-14 14:54:16,312 [grpc-default-executor-1] INFO  impl.RaftServerImpl (ServerState.java:close(387)) - cc403737-7a4a-422c-8c81-76863d71ad14@group-705F68F67384: closes. applyIndex: -1
2019-11-14 14:54:16,314 [cc403737-7a4a-422c-8c81-76863d71ad14@group-705F68F67384-SegmentedRaftLogWorker] INFO  segmented.SegmentedRaftLogWorker (SegmentedRaftLogWorker.java:run(316)) - cc403737-7a4a-422c-8c81-76863d71ad14@group-705F68F67384-SegmentedRaftLogWorker was interrupted, exiting. There are 0 tasks remaining in the queue.
2019-11-14 14:54:16,314 [grpc-default-executor-1] INFO  segmented.SegmentedRaftLogWorker (SegmentedRaftLogWorker.java:close(224)) - cc403737-7a4a-422c-8c81-76863d71ad14@group-705F68F67384-SegmentedRaftLogWorker close()
2019-11-14 14:54:16,328 [grpc-default-executor-1] INFO  impl.RaftServerProxy (RaftServerProxy.java:remove(95)) - 2e95d3a3-d467-4987-95b1-fa55b4c7c518: remove  FOLLOWER 2e95d3a3-d467-4987-95b1-fa55b4c7c518@group-705F68F67384:t0, leader=null, voted=null, raftlog=2e95d3a3-d467-4987-95b1-fa55b4c7c518@group-705F68F67384-SegmentedRaftLog:OPENED:c-1,f-1,i0, conf=-1: [076e1090-de6d-40ae-86bb-403df74e7a08:192.168.69.121:46244, cc403737-7a4a-422c-8c81-76863d71ad14:192.168.69.121:41411, 2e95d3a3-d467-4987-95b1-fa55b4c7c518:192.168.69.121:36295], old=null RUNNING
2019-11-14 14:54:16,328 [grpc-default-executor-1] INFO  impl.RaftServerImpl (RaftServerImpl.java:lambda$shutdown$3(250)) - 2e95d3a3-d467-4987-95b1-fa55b4c7c518@group-705F68F67384: shutdown
2019-11-14 14:54:16,329 [grpc-default-executor-1] INFO  util.JmxRegister (JmxRegister.java:unregister(73)) - Successfully un-registered JMX Bean with object name Ratis:service=RaftServer,group=group-705F68F67384,id=2e95d3a3-d467-4987-95b1-fa55b4c7c518
2019-11-14 14:54:16,329 [grpc-default-executor-1] INFO  impl.RoleInfo (RoleInfo.java:shutdownFollowerState(121)) - 2e95d3a3-d467-4987-95b1-fa55b4c7c518: shutdown FollowerState
2019-11-14 14:54:16,329 [grpc-default-executor-1] INFO  impl.StateMachineUpdater (StateMachineUpdater.java:stopAndJoin(136)) - 2e95d3a3-d467-4987-95b1-fa55b4c7c518@group-705F68F67384-StateMachineUpdater: set stopIndex = -1
2019-11-14 14:54:16,329 [Thread-189] INFO  impl.FollowerState (FollowerState.java:run(120)) - 2e95d3a3-d467-4987-95b1-fa55b4c7c518@group-705F68F67384-FollowerState was interrupted: java.lang.InterruptedException: sleep interrupted
2019-11-14 14:54:16,330 [grpc-default-executor-1] INFO  impl.RaftServerImpl (ServerState.java:close(387)) - 2e95d3a3-d467-4987-95b1-fa55b4c7c518@group-705F68F67384: closes. applyIndex: -1
2019-11-14 14:54:16,330 [2e95d3a3-d467-4987-95b1-fa55b4c7c518@group-705F68F67384-SegmentedRaftLogWorker] INFO  segmented.SegmentedRaftLogWorker (SegmentedRaftLogWorker.java:run(316)) - 2e95d3a3-d467-4987-95b1-fa55b4c7c518@group-705F68F67384-SegmentedRaftLogWorker was interrupted, exiting. There are 0 tasks remaining in the queue.
2019-11-14 14:54:16,331 [grpc-default-executor-1] INFO  segmented.SegmentedRaftLogWorker (SegmentedRaftLogWorker.java:close(224)) - 2e95d3a3-d467-4987-95b1-fa55b4c7c518@group-705F68F67384-SegmentedRaftLogWorker close()
2019-11-14 14:54:16,344 [grpc-default-executor-1] INFO  impl.RaftServerProxy (RaftServerProxy.java:remove(95)) - 076e1090-de6d-40ae-86bb-403df74e7a08: remove  FOLLOWER 076e1090-de6d-40ae-86bb-403df74e7a08@group-705F68F67384:t0, leader=null, voted=null, raftlog=076e1090-de6d-40ae-86bb-403df74e7a08@group-705F68F67384-SegmentedRaftLog:OPENED:c-1,f-1,i0, conf=-1: [076e1090-de6d-40ae-86bb-403df74e7a08:192.168.69.121:46244, cc403737-7a4a-422c-8c81-76863d71ad14:192.168.69.121:41411, 2e95d3a3-d467-4987-95b1-fa55b4c7c518:192.168.69.121:36295], old=null RUNNING
2019-11-14 14:54:16,344 [grpc-default-executor-1] INFO  impl.RaftServerImpl (RaftServerImpl.java:lambda$shutdown$3(250)) - 076e1090-de6d-40ae-86bb-403df74e7a08@group-705F68F67384: shutdown
2019-11-14 14:54:16,344 [grpc-default-executor-1] INFO  util.JmxRegister (JmxRegister.java:unregister(73)) - Successfully un-registered JMX Bean with object name Ratis:service=RaftServer,group=group-705F68F67384,id=076e1090-de6d-40ae-86bb-403df74e7a08
2019-11-14 14:54:16,344 [grpc-default-executor-1] INFO  impl.RoleInfo (RoleInfo.java:shutdownFollowerState(121)) - 076e1090-de6d-40ae-86bb-403df74e7a08: shutdown FollowerState
2019-11-14 14:54:16,344 [grpc-default-executor-1] INFO  impl.StateMachineUpdater (StateMachineUpdater.java:stopAndJoin(136)) - 076e1090-de6d-40ae-86bb-403df74e7a08@group-705F68F67384-StateMachineUpdater: set stopIndex = -1
2019-11-14 14:54:16,344 [Thread-193] INFO  impl.FollowerState (FollowerState.java:run(120)) - 076e1090-de6d-40ae-86bb-403df74e7a08@group-705F68F67384-FollowerState was interrupted: java.lang.InterruptedException: sleep interrupted
2019-11-14 14:54:16,345 [grpc-default-executor-1] INFO  impl.RaftServerImpl (ServerState.java:close(387)) - 076e1090-de6d-40ae-86bb-403df74e7a08@group-705F68F67384: closes. applyIndex: -1
2019-11-14 14:54:16,346 [076e1090-de6d-40ae-86bb-403df74e7a08@group-705F68F67384-SegmentedRaftLogWorker] INFO  segmented.SegmentedRaftLogWorker (SegmentedRaftLogWorker.java:run(316)) - 076e1090-de6d-40ae-86bb-403df74e7a08@group-705F68F67384-SegmentedRaftLogWorker was interrupted, exiting. There are 0 tasks remaining in the queue.
2019-11-14 14:54:16,346 [grpc-default-executor-1] INFO  segmented.SegmentedRaftLogWorker (SegmentedRaftLogWorker.java:close(224)) - 076e1090-de6d-40ae-86bb-403df74e7a08@group-705F68F67384-SegmentedRaftLogWorker close()
2019-11-14 14:54:16,352 [Thread-178] INFO  pipeline.PipelineStateManager (PipelineStateManager.java:removePipeline(106)) - Pipeline Pipeline[ Id: 0fb7eaee-05c4-41c5-8b1f-705f68f67384, Nodes: cc403737-7a4a-422c-8c81-76863d71ad14{ip: 192.168.69.121, host: pr-hdds-2468-gmfm6-3729483342, networkLocation: /default-rack, certSerialId: null}2e95d3a3-d467-4987-95b1-fa55b4c7c518{ip: 192.168.69.121, host: pr-hdds-2468-gmfm6-3729483342, networkLocation: /default-rack, certSerialId: null}076e1090-de6d-40ae-86bb-403df74e7a08{ip: 192.168.69.121, host: pr-hdds-2468-gmfm6-3729483342, networkLocation: /default-rack, certSerialId: null}, Type:RATIS, Factor:THREE, State:CLOSED] removed from db
2019-11-14 14:54:16,352 [Thread-178] INFO  pipeline.SCMPipelineManager (SCMPipelineManager.java:finalizeAndDestroyPipeline(315)) - destroying pipeline:Pipeline[ Id: b818c480-7447-4b1c-bebb-b11c72311cd9, Nodes: 076e1090-de6d-40ae-86bb-403df74e7a08{ip: 192.168.69.121, host: pr-hdds-2468-gmfm6-3729483342, networkLocation: /default-rack, certSerialId: null}, Type:RATIS, Factor:ONE, State:ALLOCATED]
2019-11-14 14:54:16,362 [grpc-default-executor-2] INFO  impl.RaftServerProxy (RaftServerProxy.java:addNew(89)) - cc403737-7a4a-422c-8c81-76863d71ad14: addNew group-0902231AA6D0:[076e1090-de6d-40ae-86bb-403df74e7a08:192.168.69.121:46244, cc403737-7a4a-422c-8c81-76863d71ad14:192.168.69.121:41411, 2e95d3a3-d467-4987-95b1-fa55b4c7c518:192.168.69.121:36295] returns group-0902231AA6D0:java.util.concurrent.CompletableFuture@6779dc46[Not completed]
2019-11-14 14:54:16,363 [grpc-default-executor-1] INFO  impl.RaftServerProxy (RaftServerProxy.java:addNew(89)) - 076e1090-de6d-40ae-86bb-403df74e7a08: addNew group-0902231AA6D0:[076e1090-de6d-40ae-86bb-403df74e7a08:192.168.69.121:46244, cc403737-7a4a-422c-8c81-76863d71ad14:192.168.69.121:41411, 2e95d3a3-d467-4987-95b1-fa55b4c7c518:192.168.69.121:36295] returns group-0902231AA6D0:java.util.concurrent.CompletableFuture@7b285e26[Not completed]
2019-11-14 14:54:16,364 [grpc-default-executor-1] INFO  impl.RaftServerProxy (RaftServerProxy.java:addNew(89)) - 2e95d3a3-d467-4987-95b1-fa55b4c7c518: addNew group-0902231AA6D0:[076e1090-de6d-40ae-86bb-403df74e7a08:192.168.69.121:46244, cc403737-7a4a-422c-8c81-76863d71ad14:192.168.69.121:41411, 2e95d3a3-d467-4987-95b1-fa55b4c7c518:192.168.69.121:36295] returns group-0902231AA6D0:java.util.concurrent.CompletableFuture@75f89b95[Not completed]
2019-11-14 14:54:16,365 [pool-27-thread-1] INFO  impl.RaftServerImpl (RaftServerImpl.java:<init>(98)) - cc403737-7a4a-422c-8c81-76863d71ad14: new RaftServerImpl for group-0902231AA6D0:[076e1090-de6d-40ae-86bb-403df74e7a08:192.168.69.121:46244, cc403737-7a4a-422c-8c81-76863d71ad14:192.168.69.121:41411, 2e95d3a3-d467-4987-95b1-fa55b4c7c518:192.168.69.121:36295] with ContainerStateMachine:uninitialized
2019-11-14 14:54:16,365 [pool-27-thread-1] INFO  server.RaftServerConfigKeys (ConfUtils.java:logGet(43)) - raft.server.rpc.timeout.min = 5s (custom)
2019-11-14 14:54:16,365 [pool-27-thread-1] INFO  server.RaftServerConfigKeys (ConfUtils.java:logGet(43)) - raft.server.rpc.timeout.max = 5200ms (custom)
2019-11-14 14:54:16,365 [pool-27-thread-1] INFO  server.RaftServerConfigKeys (ConfUtils.java:logGet(43)) - raft.server.rpcslowness.timeout = 120s (custom)
2019-11-14 14:54:16,365 [pool-27-thread-1] INFO  server.RaftServerConfigKeys (ConfUtils.java:logGet(43)) - raft.server.sleep.deviation.threshold = 300 (default)
2019-11-14 14:54:16,365 [pool-27-thread-1] INFO  server.RaftServerConfigKeys (ConfUtils.java:logGet(43)) - raft.server.log.appender.install.snapshot.enabled = false (custom)
2019-11-14 14:54:16,365 [pool-27-thread-1] INFO  impl.RaftServerImpl (ServerState.java:<init>(103)) - cc403737-7a4a-422c-8c81-76863d71ad14@group-0902231AA6D0: ConfigurationManager, init=-1: [076e1090-de6d-40ae-86bb-403df74e7a08:192.168.69.121:46244, cc403737-7a4a-422c-8c81-76863d71ad14:192.168.69.121:41411, 2e95d3a3-d467-4987-95b1-fa55b4c7c518:192.168.69.121:36295], old=null, confs=<EMPTY_MAP>
2019-11-14 14:54:16,365 [pool-27-thread-1] INFO  server.RaftServerConfigKeys (ConfUtils.java:logGet(43)) - raft.server.storage.dir = [/workdir/hadoop-ozone/tools/target/test-dir/MiniOzoneClusterImpl-24c23126-5e63-45a6-b3fa-6fd9e19bf9ea/datanode-0/data/ratis] (custom)
2019-11-14 14:54:16,366 [pool-37-thread-1] INFO  impl.RaftServerImpl (RaftServerImpl.java:<init>(98)) - 2e95d3a3-d467-4987-95b1-fa55b4c7c518: new RaftServerImpl for group-0902231AA6D0:[076e1090-de6d-40ae-86bb-403df74e7a08:192.168.69.121:46244, cc403737-7a4a-422c-8c81-76863d71ad14:192.168.69.121:41411, 2e95d3a3-d467-4987-95b1-fa55b4c7c518:192.168.69.121:36295] with ContainerStateMachine:uninitialized
2019-11-14 14:54:16,366 [pool-27-thread-1] INFO  server.RaftServerConfigKeys (ConfUtils.java:logGet(43)) - raft.server.log.corruption.policy = EXCEPTION (default)
2019-11-14 14:54:16,366 [pool-37-thread-1] INFO  server.RaftServerConfigKeys (ConfUtils.java:logGet(43)) - raft.server.rpc.timeout.min = 5s (custom)
2019-11-14 14:54:16,366 [pool-27-thread-1] INFO  storage.RaftStorageDirectory (RaftStorageDirectory.java:analyzeStorage(246)) - The storage directory /workdir/hadoop-ozone/tools/target/test-dir/MiniOzoneClusterImpl-24c23126-5e63-45a6-b3fa-6fd9e19bf9ea/datanode-0/data/ratis/69a45096-8800-4198-8466-0902231aa6d0 does not exist. Creating ...
2019-11-14 14:54:16,366 [pool-37-thread-1] INFO  server.RaftServerConfigKeys (ConfUtils.java:logGet(43)) - raft.server.rpc.timeout.max = 5200ms (custom)
2019-11-14 14:54:16,366 [pool-37-thread-1] INFO  server.RaftServerConfigKeys (ConfUtils.java:logGet(43)) - raft.server.rpcslowness.timeout = 120s (custom)
2019-11-14 14:54:16,366 [pool-37-thread-1] INFO  server.RaftServerConfigKeys (ConfUtils.java:logGet(43)) - raft.server.sleep.deviation.threshold = 300 (default)
2019-11-14 14:54:16,366 [pool-37-thread-1] INFO  server.RaftServerConfigKeys (ConfUtils.java:logGet(43)) - raft.server.log.appender.install.snapshot.enabled = false (custom)
2019-11-14 14:54:16,366 [pool-37-thread-1] INFO  impl.RaftServerImpl (ServerState.java:<init>(103)) - 2e95d3a3-d467-4987-95b1-fa55b4c7c518@group-0902231AA6D0: ConfigurationManager, init=-1: [076e1090-de6d-40ae-86bb-403df74e7a08:192.168.69.121:46244, cc403737-7a4a-422c-8c81-76863d71ad14:192.168.69.121:41411, 2e95d3a3-d467-4987-95b1-fa55b4c7c518:192.168.69.121:36295], old=null, confs=<EMPTY_MAP>
2019-11-14 14:54:16,367 [pool-37-thread-1] INFO  server.RaftServerConfigKeys (ConfUtils.java:logGet(43)) - raft.server.storage.dir = [/workdir/hadoop-ozone/tools/target/test-dir/MiniOzoneClusterImpl-24c23126-5e63-45a6-b3fa-6fd9e19bf9ea/datanode-1/data/ratis] (custom)
2019-11-14 14:54:16,367 [pool-37-thread-1] INFO  server.RaftServerConfigKeys (ConfUtils.java:logGet(43)) - raft.server.log.corruption.policy = EXCEPTION (default)
2019-11-14 14:54:16,367 [pool-47-thread-1] INFO  impl.RaftServerImpl (RaftServerImpl.java:<init>(98)) - 076e1090-de6d-40ae-86bb-403df74e7a08: new RaftServerImpl for group-0902231AA6D0:[076e1090-de6d-40ae-86bb-403df74e7a08:192.168.69.121:46244, cc403737-7a4a-422c-8c81-76863d71ad14:192.168.69.121:41411, 2e95d3a3-d467-4987-95b1-fa55b4c7c518:192.168.69.121:36295] with ContainerStateMachine:uninitialized
2019-11-14 14:54:16,367 [pool-37-thread-1] INFO  storage.RaftStorageDirectory (RaftStorageDirectory.java:analyzeStorage(246)) - The storage directory /workdir/hadoop-ozone/tools/target/test-dir/MiniOzoneClusterImpl-24c23126-5e63-45a6-b3fa-6fd9e19bf9ea/datanode-1/data/ratis/69a45096-8800-4198-8466-0902231aa6d0 does not exist. Creating ...
2019-11-14 14:54:16,367 [pool-47-thread-1] INFO  server.RaftServerConfigKeys (ConfUtils.java:logGet(43)) - raft.server.rpc.timeout.min = 5s (custom)
2019-11-14 14:54:16,367 [pool-47-thread-1] INFO  server.RaftServerConfigKeys (ConfUtils.java:logGet(43)) - raft.server.rpc.timeout.max = 5200ms (custom)
2019-11-14 14:54:16,368 [pool-47-thread-1] INFO  server.RaftServerConfigKeys (ConfUtils.java:logGet(43)) - raft.server.rpcslowness.timeout = 120s (custom)
2019-11-14 14:54:16,368 [pool-47-thread-1] INFO  server.RaftServerConfigKeys (ConfUtils.java:logGet(43)) - raft.server.sleep.deviation.threshold = 300 (default)
2019-11-14 14:54:16,368 [pool-47-thread-1] INFO  server.RaftServerConfigKeys (ConfUtils.java:logGet(43)) - raft.server.log.appender.install.snapshot.enabled = false (custom)
2019-11-14 14:54:16,368 [pool-47-thread-1] INFO  impl.RaftServerImpl (ServerState.java:<init>(103)) - 076e1090-de6d-40ae-86bb-403df74e7a08@group-0902231AA6D0: ConfigurationManager, init=-1: [076e1090-de6d-40ae-86bb-403df74e7a08:192.168.69.121:46244, cc403737-7a4a-422c-8c81-76863d71ad14:192.168.69.121:41411, 2e95d3a3-d467-4987-95b1-fa55b4c7c518:192.168.69.121:36295], old=null, confs=<EMPTY_MAP>
2019-11-14 14:54:16,368 [pool-47-thread-1] INFO  server.RaftServerConfigKeys (ConfUtils.java:logGet(43)) - raft.server.storage.dir = [/workdir/hadoop-ozone/tools/target/test-dir/MiniOzoneClusterImpl-24c23126-5e63-45a6-b3fa-6fd9e19bf9ea/datanode-2/data/ratis] (custom)
2019-11-14 14:54:16,369 [pool-47-thread-1] INFO  server.RaftServerConfigKeys (ConfUtils.java:logGet(43)) - raft.server.log.corruption.policy = EXCEPTION (default)
2019-11-14 14:54:16,369 [pool-47-thread-1] INFO  storage.RaftStorageDirectory (RaftStorageDirectory.java:analyzeStorage(246)) - The storage directory /workdir/hadoop-ozone/tools/target/test-dir/MiniOzoneClusterImpl-24c23126-5e63-45a6-b3fa-6fd9e19bf9ea/datanode-2/data/ratis/69a45096-8800-4198-8466-0902231aa6d0 does not exist. Creating ...
2019-11-14 14:54:16,389 [pool-47-thread-1] INFO  storage.RaftStorageDirectory (RaftStorageDirectory.java:tryLock(328)) - Lock on /workdir/hadoop-ozone/tools/target/test-dir/MiniOzoneClusterImpl-24c23126-5e63-45a6-b3fa-6fd9e19bf9ea/datanode-2/data/ratis/69a45096-8800-4198-8466-0902231aa6d0/in_use.lock acquired by nodename 31746@pr-hdds-2468-gmfm6-3729483342
2019-11-14 14:54:16,389 [pool-27-thread-1] INFO  storage.RaftStorageDirectory (RaftStorageDirectory.java:tryLock(328)) - Lock on /workdir/hadoop-ozone/tools/target/test-dir/MiniOzoneClusterImpl-24c23126-5e63-45a6-b3fa-6fd9e19bf9ea/datanode-0/data/ratis/69a45096-8800-4198-8466-0902231aa6d0/in_use.lock acquired by nodename 31746@pr-hdds-2468-gmfm6-3729483342
2019-11-14 14:54:16,389 [pool-37-thread-1] INFO  storage.RaftStorageDirectory (RaftStorageDirectory.java:tryLock(328)) - Lock on /workdir/hadoop-ozone/tools/target/test-dir/MiniOzoneClusterImpl-24c23126-5e63-45a6-b3fa-6fd9e19bf9ea/datanode-1/data/ratis/69a45096-8800-4198-8466-0902231aa6d0/in_use.lock acquired by nodename 31746@pr-hdds-2468-gmfm6-3729483342
2019-11-14 14:54:16,412 [pool-37-thread-1] INFO  storage.RaftStorage (RaftStorage.java:format(84)) - Storage directory /workdir/hadoop-ozone/tools/target/test-dir/MiniOzoneClusterImpl-24c23126-5e63-45a6-b3fa-6fd9e19bf9ea/datanode-1/data/ratis/69a45096-8800-4198-8466-0902231aa6d0 has been successfully formatted.
2019-11-14 14:54:16,412 [pool-47-thread-1] INFO  storage.RaftStorage (RaftStorage.java:format(84)) - Storage directory /workdir/hadoop-ozone/tools/target/test-dir/MiniOzoneClusterImpl-24c23126-5e63-45a6-b3fa-6fd9e19bf9ea/datanode-2/data/ratis/69a45096-8800-4198-8466-0902231aa6d0 has been successfully formatted.
2019-11-14 14:54:16,412 [pool-27-thread-1] INFO  storage.RaftStorage (RaftStorage.java:format(84)) - Storage directory /workdir/hadoop-ozone/tools/target/test-dir/MiniOzoneClusterImpl-24c23126-5e63-45a6-b3fa-6fd9e19bf9ea/datanode-0/data/ratis/69a45096-8800-4198-8466-0902231aa6d0 has been successfully formatted.
2019-11-14 14:54:16,413 [pool-47-thread-1] INFO  ratis.ContainerStateMachine (ContainerStateMachine.java:loadSnapshot(223)) - group-0902231AA6D0: The snapshot info is null. Setting the last applied indexto:(t:0, i:~)
2019-11-14 14:54:16,413 [pool-37-thread-1] INFO  ratis.ContainerStateMachine (ContainerStateMachine.java:loadSnapshot(223)) - group-0902231AA6D0: The snapshot info is null. Setting the last applied indexto:(t:0, i:~)
2019-11-14 14:54:16,413 [pool-47-thread-1] INFO  server.RaftServerConfigKeys (ConfUtils.java:logGet(43)) - raft.server.notification.no-leader.timeout = 120s (custom)
2019-11-14 14:54:16,413 [pool-37-thread-1] INFO  server.RaftServerConfigKeys (ConfUtils.java:logGet(43)) - raft.server.notification.no-leader.timeout = 120s (custom)
2019-11-14 14:54:16,413 [pool-27-thread-1] INFO  ratis.ContainerStateMachine (ContainerStateMachine.java:loadSnapshot(223)) - group-0902231AA6D0: The snapshot info is null. Setting the last applied indexto:(t:0, i:~)
2019-11-14 14:54:16,413 [pool-37-thread-1] INFO  server.RaftServerConfigKeys (ConfUtils.java:logGet(43)) - raft.server.log.use.memory = false (default)
2019-11-14 14:54:16,413 [pool-27-thread-1] INFO  server.RaftServerConfigKeys (ConfUtils.java:logGet(43)) - raft.server.notification.no-leader.timeout = 120s (custom)
2019-11-14 14:54:16,413 [pool-47-thread-1] INFO  server.RaftServerConfigKeys (ConfUtils.java:logGet(43)) - raft.server.log.use.memory = false (default)
2019-11-14 14:54:16,414 [pool-27-thread-1] INFO  server.RaftServerConfigKeys (ConfUtils.java:logGet(43)) - raft.server.log.use.memory = false (default)
2019-11-14 14:54:16,413 [pool-37-thread-1] INFO  server.RaftServerConfigKeys (ConfUtils.java:logGet(43)) - raft.server.log.purge.gap = 1000000 (custom)
2019-11-14 14:54:16,414 [pool-47-thread-1] INFO  server.RaftServerConfigKeys (ConfUtils.java:logGet(43)) - raft.server.log.purge.gap = 1000000 (custom)
2019-11-14 14:54:16,414 [pool-27-thread-1] INFO  server.RaftServerConfigKeys (ConfUtils.java:logGet(43)) - raft.server.log.purge.gap = 1000000 (custom)
2019-11-14 14:54:16,414 [pool-37-thread-1] INFO  server.RaftServerConfigKeys (ConfUtils.java:logGet(43)) - raft.server.log.appender.buffer.byte-limit = 33554432 (custom)
2019-11-14 14:54:16,414 [pool-27-thread-1] INFO  server.RaftServerConfigKeys (ConfUtils.java:logGet(43)) - raft.server.log.appender.buffer.byte-limit = 33554432 (custom)
2019-11-14 14:54:16,414 [pool-47-thread-1] INFO  server.RaftServerConfigKeys (ConfUtils.java:logGet(43)) - raft.server.log.appender.buffer.byte-limit = 33554432 (custom)
2019-11-14 14:54:16,414 [pool-27-thread-1] INFO  server.RaftServerConfigKeys (ConfUtils.java:logGet(43)) - raft.server.log.segment.size.max = 1048576 (custom)
2019-11-14 14:54:16,414 [pool-37-thread-1] INFO  server.RaftServerConfigKeys (ConfUtils.java:logGet(43)) - raft.server.log.segment.size.max = 1048576 (custom)
2019-11-14 14:54:16,414 [pool-47-thread-1] INFO  server.RaftServerConfigKeys (ConfUtils.java:logGet(43)) - raft.server.log.segment.size.max = 1048576 (custom)
2019-11-14 14:54:16,415 [pool-37-thread-1] INFO  server.RaftServerConfigKeys (ConfUtils.java:logGet(43)) - raft.server.log.segment.cache.num.max = 2 (custom)
2019-11-14 14:54:16,415 [pool-47-thread-1] INFO  server.RaftServerConfigKeys (ConfUtils.java:logGet(43)) - raft.server.log.segment.cache.num.max = 2 (custom)
2019-11-14 14:54:16,415 [pool-27-thread-1] INFO  server.RaftServerConfigKeys (ConfUtils.java:logGet(43)) - raft.server.log.segment.cache.num.max = 2 (custom)
2019-11-14 14:54:16,415 [pool-47-thread-1] INFO  segmented.SegmentedRaftLogWorker (SegmentedRaftLogWorker.java:<init>(173)) - new 076e1090-de6d-40ae-86bb-403df74e7a08@group-0902231AA6D0-SegmentedRaftLogWorker for RaftStorage:Storage Directory /workdir/hadoop-ozone/tools/target/test-dir/MiniOzoneClusterImpl-24c23126-5e63-45a6-b3fa-6fd9e19bf9ea/datanode-2/data/ratis/69a45096-8800-4198-8466-0902231aa6d0
2019-11-14 14:54:16,415 [pool-37-thread-1] INFO  segmented.SegmentedRaftLogWorker (SegmentedRaftLogWorker.java:<init>(173)) - new 2e95d3a3-d467-4987-95b1-fa55b4c7c518@group-0902231AA6D0-SegmentedRaftLogWorker for RaftStorage:Storage Directory /workdir/hadoop-ozone/tools/target/test-dir/MiniOzoneClusterImpl-24c23126-5e63-45a6-b3fa-6fd9e19bf9ea/datanode-1/data/ratis/69a45096-8800-4198-8466-0902231aa6d0
2019-11-14 14:54:16,415 [pool-47-thread-1] INFO  server.RaftServerConfigKeys (ConfUtils.java:logGet(43)) - raft.server.log.queue.byte-limit = 2147483647 (custom)
2019-11-14 14:54:16,415 [pool-27-thread-1] INFO  segmented.SegmentedRaftLogWorker (SegmentedRaftLogWorker.java:<init>(173)) - new cc403737-7a4a-422c-8c81-76863d71ad14@group-0902231AA6D0-SegmentedRaftLogWorker for RaftStorage:Storage Directory /workdir/hadoop-ozone/tools/target/test-dir/MiniOzoneClusterImpl-24c23126-5e63-45a6-b3fa-6fd9e19bf9ea/datanode-0/data/ratis/69a45096-8800-4198-8466-0902231aa6d0
2019-11-14 14:54:16,415 [pool-47-thread-1] INFO  server.RaftServerConfigKeys (ConfUtils.java:logGet(43)) - raft.server.log.queue.element-limit = 1024 (custom)
2019-11-14 14:54:16,415 [pool-37-thread-1] INFO  server.RaftServerConfigKeys (ConfUtils.java:logGet(43)) - raft.server.log.queue.byte-limit = 2147483647 (custom)
2019-11-14 14:54:16,416 [pool-47-thread-1] INFO  server.RaftServerConfigKeys (ConfUtils.java:logGet(43)) - raft.server.log.segment.size.max = 1048576 (custom)
2019-11-14 14:54:16,416 [pool-27-thread-1] INFO  server.RaftServerConfigKeys (ConfUtils.java:logGet(43)) - raft.server.log.queue.byte-limit = 2147483647 (custom)
2019-11-14 14:54:16,416 [pool-47-thread-1] INFO  server.RaftServerConfigKeys (ConfUtils.java:logGet(43)) - raft.server.log.preallocated.size = 16384 (custom)
2019-11-14 14:54:16,416 [pool-37-thread-1] INFO  server.RaftServerConfigKeys (ConfUtils.java:logGet(43)) - raft.server.log.queue.element-limit = 1024 (custom)
2019-11-14 14:54:16,416 [pool-47-thread-1] INFO  server.RaftServerConfigKeys (ConfUtils.java:logGet(43)) - raft.server.log.write.buffer.size = 33554432 (custom)
2019-11-14 14:54:16,416 [pool-27-thread-1] INFO  server.RaftServerConfigKeys (ConfUtils.java:logGet(43)) - raft.server.log.queue.element-limit = 1024 (custom)
2019-11-14 14:54:16,416 [pool-47-thread-1] INFO  server.RaftServerConfigKeys (ConfUtils.java:logGet(43)) - raft.server.log.force.sync.num = 128 (default)
2019-11-14 14:54:16,416 [pool-37-thread-1] INFO  server.RaftServerConfigKeys (ConfUtils.java:logGet(43)) - raft.server.log.segment.size.max = 1048576 (custom)
2019-11-14 14:54:16,416 [pool-47-thread-1] INFO  server.RaftServerConfigKeys (ConfUtils.java:logGet(43)) - raft.server.log.statemachine.data.sync = true (default)
2019-11-14 14:54:16,416 [pool-27-thread-1] INFO  server.RaftServerConfigKeys (ConfUtils.java:logGet(43)) - raft.server.log.segment.size.max = 1048576 (custom)
2019-11-14 14:54:16,417 [pool-47-thread-1] INFO  server.RaftServerConfigKeys (ConfUtils.java:logGet(43)) - raft.server.log.statemachine.data.sync.timeout = 10s (default)
2019-11-14 14:54:16,417 [pool-37-thread-1] INFO  server.RaftServerConfigKeys (ConfUtils.java:logGet(43)) - raft.server.log.preallocated.size = 16384 (custom)
2019-11-14 14:54:16,417 [pool-47-thread-1] INFO  server.RaftServerConfigKeys (ConfUtils.java:logGet(43)) - raft.server.log.statemachine.data.sync.timeout.retry = -1 (default)
2019-11-14 14:54:16,417 [pool-27-thread-1] INFO  server.RaftServerConfigKeys (ConfUtils.java:logGet(43)) - raft.server.log.preallocated.size = 16384 (custom)
2019-11-14 14:54:16,417 [pool-37-thread-1] INFO  server.RaftServerConfigKeys (ConfUtils.java:logGet(43)) - raft.server.log.write.buffer.size = 33554432 (custom)
2019-11-14 14:54:16,417 [pool-27-thread-1] INFO  server.RaftServerConfigKeys (ConfUtils.java:logGet(43)) - raft.server.log.write.buffer.size = 33554432 (custom)
2019-11-14 14:54:16,417 [pool-47-thread-1] INFO  server.RaftServerConfigKeys (ConfUtils.java:logGet(43)) - raft.server.log.statemachine.data.caching.enabled = true (custom)
2019-11-14 14:54:16,417 [pool-27-thread-1] INFO  server.RaftServerConfigKeys (ConfUtils.java:logGet(43)) - raft.server.log.force.sync.num = 128 (default)
2019-11-14 14:54:16,417 [pool-37-thread-1] INFO  server.RaftServerConfigKeys (ConfUtils.java:logGet(43)) - raft.server.log.force.sync.num = 128 (default)
2019-11-14 14:54:16,418 [pool-27-thread-1] INFO  server.RaftServerConfigKeys (ConfUtils.java:logGet(43)) - raft.server.log.statemachine.data.sync = true (default)
2019-11-14 14:54:16,418 [pool-47-thread-1] INFO  segmented.SegmentedRaftLogWorker (SegmentedRaftLogWorker.java:lambda$new$0(128)) - 076e1090-de6d-40ae-86bb-403df74e7a08@group-0902231AA6D0-SegmentedRaftLogWorker: flushIndex: setUnconditionally 0 -> -1
2019-11-14 14:54:16,418 [pool-37-thread-1] INFO  server.RaftServerConfigKeys (ConfUtils.java:logGet(43)) - raft.server.log.statemachine.data.sync = true (default)
2019-11-14 14:54:16,418 [pool-27-thread-1] INFO  server.RaftServerConfigKeys (ConfUtils.java:logGet(43)) - raft.server.log.statemachine.data.sync.timeout = 10s (default)
2019-11-14 14:54:16,418 [pool-47-thread-1] INFO  server.RaftServerConfigKeys (ConfUtils.java:logGet(43)) - raft.server.snapshot.auto.trigger.enabled = true (custom)
2019-11-14 14:54:16,418 [pool-37-thread-1] INFO  server.RaftServerConfigKeys (ConfUtils.java:logGet(43)) - raft.server.log.statemachine.data.sync.timeout = 10s (default)
2019-11-14 14:54:16,418 [pool-47-thread-1] INFO  server.RaftServerConfigKeys (ConfUtils.java:logGet(43)) - raft.server.snapshot.auto.trigger.threshold = 10000 (custom)
2019-11-14 14:54:16,418 [pool-27-thread-1] INFO  server.RaftServerConfigKeys (ConfUtils.java:logGet(43)) - raft.server.log.statemachine.data.sync.timeout.retry = -1 (default)
2019-11-14 14:54:16,418 [pool-47-thread-1] INFO  server.RaftServerConfigKeys (ConfUtils.java:logGet(43)) - raft.server.snapshot.retention.file.num = 5 (custom)
2019-11-14 14:54:16,418 [pool-37-thread-1] INFO  server.RaftServerConfigKeys (ConfUtils.java:logGet(43)) - raft.server.log.statemachine.data.sync.timeout.retry = -1 (default)
2019-11-14 14:54:16,419 [pool-27-thread-1] INFO  server.RaftServerConfigKeys (ConfUtils.java:logGet(43)) - raft.server.log.statemachine.data.caching.enabled = true (custom)
2019-11-14 14:54:16,419 [pool-47-thread-1] INFO  server.RaftServerConfigKeys (ConfUtils.java:logGet(43)) - raft.server.retrycache.expirytime = 600000ms (custom)
2019-11-14 14:54:16,419 [pool-37-thread-1] INFO  server.RaftServerConfigKeys (ConfUtils.java:logGet(43)) - raft.server.log.statemachine.data.caching.enabled = true (custom)
2019-11-14 14:54:16,419 [pool-47-thread-1] WARN  impl.MetricRegistriesImpl (MetricRegistriesImpl.java:lambda$create$1(61)) - First MetricRegistry has been created without registering reporters. You may need to call MetricRegistries.global().addReportRegistration(...) before.
2019-11-14 14:54:16,419 [pool-27-thread-1] INFO  segmented.SegmentedRaftLogWorker (SegmentedRaftLogWorker.java:lambda$new$0(128)) - cc403737-7a4a-422c-8c81-76863d71ad14@group-0902231AA6D0-SegmentedRaftLogWorker: flushIndex: setUnconditionally 0 -> -1
2019-11-14 14:54:16,419 [pool-37-thread-1] INFO  segmented.SegmentedRaftLogWorker (SegmentedRaftLogWorker.java:lambda$new$0(128)) - 2e95d3a3-d467-4987-95b1-fa55b4c7c518@group-0902231AA6D0-SegmentedRaftLogWorker: flushIndex: setUnconditionally 0 -> -1
2019-11-14 14:54:16,419 [pool-47-thread-1] WARN  impl.MetricRegistriesImpl (MetricRegistriesImpl.java:lambda$create$1(61)) - First MetricRegistry has been created without registering reporters. You may need to call MetricRegistries.global().addReportRegistration(...) before.
2019-11-14 14:54:16,419 [pool-27-thread-1] INFO  server.RaftServerConfigKeys (ConfUtils.java:logGet(43)) - raft.server.snapshot.auto.trigger.enabled = true (custom)
2019-11-14 14:54:16,419 [pool-37-thread-1] INFO  server.RaftServerConfigKeys (ConfUtils.java:logGet(43)) - raft.server.snapshot.auto.trigger.enabled = true (custom)
2019-11-14 14:54:16,419 [pool-27-thread-1] INFO  server.RaftServerConfigKeys (ConfUtils.java:logGet(43)) - raft.server.snapshot.auto.trigger.threshold = 10000 (custom)
2019-11-14 14:54:16,419 [pool-47-thread-1] INFO  impl.RaftServerImpl (RaftServerImpl.java:start(184)) - 076e1090-de6d-40ae-86bb-403df74e7a08@group-0902231AA6D0: start as a follower, conf=-1: [076e1090-de6d-40ae-86bb-403df74e7a08:192.168.69.121:46244, cc403737-7a4a-422c-8c81-76863d71ad14:192.168.69.121:41411, 2e95d3a3-d467-4987-95b1-fa55b4c7c518:192.168.69.121:36295], old=null
2019-11-14 14:54:16,420 [pool-27-thread-1] INFO  server.RaftServerConfigKeys (ConfUtils.java:logGet(43)) - raft.server.snapshot.retention.file.num = 5 (custom)
2019-11-14 14:54:16,420 [pool-37-thread-1] INFO  server.RaftServerConfigKeys (ConfUtils.java:logGet(43)) - raft.server.snapshot.auto.trigger.threshold = 10000 (custom)
2019-11-14 14:54:16,420 [pool-47-thread-1] INFO  impl.RaftServerImpl (RaftServerImpl.java:setRole(173)) - 076e1090-de6d-40ae-86bb-403df74e7a08@group-0902231AA6D0: changes role from      null to FOLLOWER at term 0 for startAsFollower
2019-11-14 14:54:16,420 [pool-27-thread-1] INFO  server.RaftServerConfigKeys (ConfUtils.java:logGet(43)) - raft.server.retrycache.expirytime = 600000ms (custom)
2019-11-14 14:54:16,420 [pool-37-thread-1] INFO  server.RaftServerConfigKeys (ConfUtils.java:logGet(43)) - raft.server.snapshot.retention.file.num = 5 (custom)
2019-11-14 14:54:16,420 [pool-27-thread-1] WARN  impl.MetricRegistriesImpl (MetricRegistriesImpl.java:lambda$create$1(61)) - First MetricRegistry has been created without registering reporters. You may need to call MetricRegistries.global().addReportRegistration(...) before.
2019-11-14 14:54:16,420 [pool-47-thread-1] INFO  impl.RoleInfo (RoleInfo.java:updateAndGet(143)) - 076e1090-de6d-40ae-86bb-403df74e7a08: start FollowerState
2019-11-14 14:54:16,420 [pool-27-thread-1] WARN  impl.MetricRegistriesImpl (MetricRegistriesImpl.java:lambda$create$1(61)) - First MetricRegistry has been created without registering reporters. You may need to call MetricRegistries.global().addReportRegistration(...) before.
2019-11-14 14:54:16,420 [pool-37-thread-1] INFO  server.RaftServerConfigKeys (ConfUtils.java:logGet(43)) - raft.server.retrycache.expirytime = 600000ms (custom)
2019-11-14 14:54:16,421 [pool-27-thread-1] INFO  impl.RaftServerImpl (RaftServerImpl.java:start(184)) - cc403737-7a4a-422c-8c81-76863d71ad14@group-0902231AA6D0: start as a follower, conf=-1: [076e1090-de6d-40ae-86bb-403df74e7a08:192.168.69.121:46244, cc403737-7a4a-422c-8c81-76863d71ad14:192.168.69.121:41411, 2e95d3a3-d467-4987-95b1-fa55b4c7c518:192.168.69.121:36295], old=null
2019-11-14 14:54:16,421 [pool-37-thread-1] WARN  impl.MetricRegistriesImpl (MetricRegistriesImpl.java:lambda$create$1(61)) - First MetricRegistry has been created without registering reporters. You may need to call MetricRegistries.global().addReportRegistration(...) before.
2019-11-14 14:54:16,421 [pool-27-thread-1] INFO  impl.RaftServerImpl (RaftServerImpl.java:setRole(173)) - cc403737-7a4a-422c-8c81-76863d71ad14@group-0902231AA6D0: changes role from      null to FOLLOWER at term 0 for startAsFollower
2019-11-14 14:54:16,421 [pool-47-thread-1] INFO  util.JmxRegister (JmxRegister.java:tryRegister(44)) - Successfully registered JMX Bean with object name Ratis:service=RaftServer,group=group-0902231AA6D0,id=076e1090-de6d-40ae-86bb-403df74e7a08
2019-11-14 14:54:16,421 [pool-37-thread-1] WARN  impl.MetricRegistriesImpl (MetricRegistriesImpl.java:lambda$create$1(61)) - First MetricRegistry has been created without registering reporters. You may need to call MetricRegistries.global().addReportRegistration(...) before.
2019-11-14 14:54:16,421 [pool-47-thread-1] WARN  impl.MetricRegistriesImpl (MetricRegistriesImpl.java:lambda$create$1(61)) - First MetricRegistry has been created without registering reporters. You may need to call MetricRegistries.global().addReportRegistration(...) before.
2019-11-14 14:54:16,421 [pool-27-thread-1] INFO  impl.RoleInfo (RoleInfo.java:updateAndGet(143)) - cc403737-7a4a-422c-8c81-76863d71ad14: start FollowerState
2019-11-14 14:54:16,423 [pool-37-thread-1] INFO  impl.RaftServerImpl (RaftServerImpl.java:start(184)) - 2e95d3a3-d467-4987-95b1-fa55b4c7c518@group-0902231AA6D0: start as a follower, conf=-1: [076e1090-de6d-40ae-86bb-403df74e7a08:192.168.69.121:46244, cc403737-7a4a-422c-8c81-76863d71ad14:192.168.69.121:41411, 2e95d3a3-d467-4987-95b1-fa55b4c7c518:192.168.69.121:36295], old=null
2019-11-14 14:54:16,423 [pool-37-thread-1] INFO  impl.RaftServerImpl (RaftServerImpl.java:setRole(173)) - 2e95d3a3-d467-4987-95b1-fa55b4c7c518@group-0902231AA6D0: changes role from      null to FOLLOWER at term 0 for startAsFollower
2019-11-14 14:54:16,423 [pool-27-thread-1] INFO  util.JmxRegister (JmxRegister.java:tryRegister(44)) - Successfully registered JMX Bean with object name Ratis:service=RaftServer,group=group-0902231AA6D0,id=cc403737-7a4a-422c-8c81-76863d71ad14
2019-11-14 14:54:16,424 [pool-27-thread-1] WARN  impl.MetricRegistriesImpl (MetricRegistriesImpl.java:lambda$create$1(61)) - First MetricRegistry has been created without registering reporters. You may need to call MetricRegistries.global().addReportRegistration(...) before.
2019-11-14 14:54:16,424 [pool-37-thread-1] INFO  impl.RoleInfo (RoleInfo.java:updateAndGet(143)) - 2e95d3a3-d467-4987-95b1-fa55b4c7c518: start FollowerState
2019-11-14 14:54:16,424 [pool-37-thread-1] INFO  util.JmxRegister (JmxRegister.java:tryRegister(44)) - Successfully registered JMX Bean with object name Ratis:service=RaftServer,group=group-0902231AA6D0,id=2e95d3a3-d467-4987-95b1-fa55b4c7c518
2019-11-14 14:54:16,424 [pool-37-thread-1] WARN  impl.MetricRegistriesImpl (MetricRegistriesImpl.java:lambda$create$1(61)) - First MetricRegistry has been created without registering reporters. You may need to call MetricRegistries.global().addReportRegistration(...) before.
2019-11-14 14:54:16,438 [RatisPipelineUtilsThread] INFO  pipeline.PipelineStateManager (PipelineStateManager.java:addPipeline(55)) - Created pipeline Pipeline[ Id: 69a45096-8800-4198-8466-0902231aa6d0, Nodes: cc403737-7a4a-422c-8c81-76863d71ad14{ip: 192.168.69.121, host: pr-hdds-2468-gmfm6-3729483342, networkLocation: /default-rack, certSerialId: null}2e95d3a3-d467-4987-95b1-fa55b4c7c518{ip: 192.168.69.121, host: pr-hdds-2468-gmfm6-3729483342, networkLocation: /default-rack, certSerialId: null}076e1090-de6d-40ae-86bb-403df74e7a08{ip: 192.168.69.121, host: pr-hdds-2468-gmfm6-3729483342, networkLocation: /default-rack, certSerialId: null}, Type:RATIS, Factor:THREE, State:ALLOCATED]
2019-11-14 14:54:16,439 [Thread-178] INFO  pipeline.PipelineStateManager (PipelineStateManager.java:finalizePipeline(121)) - Pipeline Pipeline[ Id: b818c480-7447-4b1c-bebb-b11c72311cd9, Nodes: 076e1090-de6d-40ae-86bb-403df74e7a08{ip: 192.168.69.121, host: pr-hdds-2468-gmfm6-3729483342, networkLocation: /default-rack, certSerialId: null}, Type:RATIS, Factor:ONE, State:CLOSED] moved to CLOSED state
2019-11-14 14:54:16,449 [grpc-default-executor-2] INFO  impl.RaftServerProxy (RaftServerProxy.java:remove(95)) - 076e1090-de6d-40ae-86bb-403df74e7a08: remove  FOLLOWER 076e1090-de6d-40ae-86bb-403df74e7a08@group-B11C72311CD9:t0, leader=null, voted=null, raftlog=076e1090-de6d-40ae-86bb-403df74e7a08@group-B11C72311CD9-SegmentedRaftLog:OPENED:c-1,f-1,i0, conf=-1: [076e1090-de6d-40ae-86bb-403df74e7a08:192.168.69.121:46244], old=null RUNNING
2019-11-14 14:54:16,450 [grpc-default-executor-2] INFO  impl.RaftServerImpl (RaftServerImpl.java:lambda$shutdown$3(250)) - 076e1090-de6d-40ae-86bb-403df74e7a08@group-B11C72311CD9: shutdown
2019-11-14 14:54:16,450 [grpc-default-executor-2] INFO  util.JmxRegister (JmxRegister.java:unregister(73)) - Successfully un-registered JMX Bean with object name Ratis:service=RaftServer,group=group-B11C72311CD9,id=076e1090-de6d-40ae-86bb-403df74e7a08
2019-11-14 14:54:16,450 [grpc-default-executor-2] INFO  impl.RoleInfo (RoleInfo.java:shutdownFollowerState(121)) - 076e1090-de6d-40ae-86bb-403df74e7a08: shutdown FollowerState
2019-11-14 14:54:16,450 [grpc-default-executor-2] INFO  impl.StateMachineUpdater (StateMachineUpdater.java:stopAndJoin(136)) - 076e1090-de6d-40ae-86bb-403df74e7a08@group-B11C72311CD9-StateMachineUpdater: set stopIndex = -1
2019-11-14 14:54:16,450 [Thread-186] INFO  impl.FollowerState (FollowerState.java:run(120)) - 076e1090-de6d-40ae-86bb-403df74e7a08@group-B11C72311CD9-FollowerState was interrupted: java.lang.InterruptedException: sleep interrupted
2019-11-14 14:54:16,452 [grpc-default-executor-2] INFO  impl.RaftServerImpl (ServerState.java:close(387)) - 076e1090-de6d-40ae-86bb-403df74e7a08@group-B11C72311CD9: closes. applyIndex: -1
2019-11-14 14:54:16,452 [076e1090-de6d-40ae-86bb-403df74e7a08@group-B11C72311CD9-SegmentedRaftLogWorker] INFO  segmented.SegmentedRaftLogWorker (SegmentedRaftLogWorker.java:run(316)) - 076e1090-de6d-40ae-86bb-403df74e7a08@group-B11C72311CD9-SegmentedRaftLogWorker was interrupted, exiting. There are 0 tasks remaining in the queue.
2019-11-14 14:54:16,452 [grpc-default-executor-2] INFO  segmented.SegmentedRaftLogWorker (SegmentedRaftLogWorker.java:close(224)) - 076e1090-de6d-40ae-86bb-403df74e7a08@group-B11C72311CD9-SegmentedRaftLogWorker close()
2019-11-14 14:54:16,460 [Thread-178] INFO  pipeline.PipelineStateManager (PipelineStateManager.java:removePipeline(106)) - Pipeline Pipeline[ Id: b818c480-7447-4b1c-bebb-b11c72311cd9, Nodes: 076e1090-de6d-40ae-86bb-403df74e7a08{ip: 192.168.69.121, host: pr-hdds-2468-gmfm6-3729483342, networkLocation: /default-rack, certSerialId: null}, Type:RATIS, Factor:ONE, State:CLOSED] removed from db
2019-11-14 14:54:16,461 [Thread-178] INFO  pipeline.SCMPipelineManager (SCMPipelineManager.java:finalizeAndDestroyPipeline(315)) - destroying pipeline:Pipeline[ Id: dc0e600f-5ec3-4324-97ed-5f014584df01, Nodes: cc403737-7a4a-422c-8c81-76863d71ad14{ip: 192.168.69.121, host: pr-hdds-2468-gmfm6-3729483342, networkLocation: /default-rack, certSerialId: null}, Type:RATIS, Factor:ONE, State:ALLOCATED]
2019-11-14 14:54:16,470 [grpc-default-executor-2] INFO  impl.RaftServerProxy (RaftServerProxy.java:addNew(89)) - 076e1090-de6d-40ae-86bb-403df74e7a08: addNew group-9BCFEE72B1AB:[076e1090-de6d-40ae-86bb-403df74e7a08:192.168.69.121:46244] returns group-9BCFEE72B1AB:java.util.concurrent.CompletableFuture@30818b6f[Not completed]
2019-11-14 14:54:16,472 [pool-47-thread-1] INFO  impl.RaftServerImpl (RaftServerImpl.java:<init>(98)) - 076e1090-de6d-40ae-86bb-403df74e7a08: new RaftServerImpl for group-9BCFEE72B1AB:[076e1090-de6d-40ae-86bb-403df74e7a08:192.168.69.121:46244] with ContainerStateMachine:uninitialized
2019-11-14 14:54:16,473 [pool-47-thread-1] INFO  server.RaftServerConfigKeys (ConfUtils.java:logGet(43)) - raft.server.rpc.timeout.min = 5s (custom)
2019-11-14 14:54:16,473 [pool-47-thread-1] INFO  server.RaftServerConfigKeys (ConfUtils.java:logGet(43)) - raft.server.rpc.timeout.max = 5200ms (custom)
2019-11-14 14:54:16,473 [pool-47-thread-1] INFO  server.RaftServerConfigKeys (ConfUtils.java:logGet(43)) - raft.server.rpcslowness.timeout = 120s (custom)
2019-11-14 14:54:16,473 [pool-47-thread-1] INFO  server.RaftServerConfigKeys (ConfUtils.java:logGet(43)) - raft.server.sleep.deviation.threshold = 300 (default)
2019-11-14 14:54:16,473 [pool-47-thread-1] INFO  server.RaftServerConfigKeys (ConfUtils.java:logGet(43)) - raft.server.log.appender.install.snapshot.enabled = false (custom)
2019-11-14 14:54:16,473 [pool-47-thread-1] INFO  impl.RaftServerImpl (ServerState.java:<init>(103)) - 076e1090-de6d-40ae-86bb-403df74e7a08@group-9BCFEE72B1AB: ConfigurationManager, init=-1: [076e1090-de6d-40ae-86bb-403df74e7a08:192.168.69.121:46244], old=null, confs=<EMPTY_MAP>
2019-11-14 14:54:16,474 [pool-47-thread-1] INFO  server.RaftServerConfigKeys (ConfUtils.java:logGet(43)) - raft.server.storage.dir = [/workdir/hadoop-ozone/tools/target/test-dir/MiniOzoneClusterImpl-24c23126-5e63-45a6-b3fa-6fd9e19bf9ea/datanode-2/data/ratis] (custom)
2019-11-14 14:54:16,474 [pool-47-thread-1] INFO  server.RaftServerConfigKeys (ConfUtils.java:logGet(43)) - raft.server.log.corruption.policy = EXCEPTION (default)
2019-11-14 14:54:16,475 [pool-47-thread-1] INFO  storage.RaftStorageDirectory (RaftStorageDirectory.java:analyzeStorage(246)) - The storage directory /workdir/hadoop-ozone/tools/target/test-dir/MiniOzoneClusterImpl-24c23126-5e63-45a6-b3fa-6fd9e19bf9ea/datanode-2/data/ratis/d2728757-c0f2-4e70-9e0f-9bcfee72b1ab does not exist. Creating ...
2019-11-14 14:54:16,499 [pool-47-thread-1] INFO  storage.RaftStorageDirectory (RaftStorageDirectory.java:tryLock(328)) - Lock on /workdir/hadoop-ozone/tools/target/test-dir/MiniOzoneClusterImpl-24c23126-5e63-45a6-b3fa-6fd9e19bf9ea/datanode-2/data/ratis/d2728757-c0f2-4e70-9e0f-9bcfee72b1ab/in_use.lock acquired by nodename 31746@pr-hdds-2468-gmfm6-3729483342
2019-11-14 14:54:16,547 [pool-47-thread-1] INFO  storage.RaftStorage (RaftStorage.java:format(84)) - Storage directory /workdir/hadoop-ozone/tools/target/test-dir/MiniOzoneClusterImpl-24c23126-5e63-45a6-b3fa-6fd9e19bf9ea/datanode-2/data/ratis/d2728757-c0f2-4e70-9e0f-9bcfee72b1ab has been successfully formatted.
2019-11-14 14:54:16,548 [pool-47-thread-1] INFO  ratis.ContainerStateMachine (ContainerStateMachine.java:loadSnapshot(223)) - group-9BCFEE72B1AB: The snapshot info is null. Setting the last applied indexto:(t:0, i:~)
2019-11-14 14:54:16,548 [pool-47-thread-1] INFO  server.RaftServerConfigKeys (ConfUtils.java:logGet(43)) - raft.server.notification.no-leader.timeout = 120s (custom)
2019-11-14 14:54:16,548 [pool-47-thread-1] INFO  server.RaftServerConfigKeys (ConfUtils.java:logGet(43)) - raft.server.log.use.memory = false (default)
2019-11-14 14:54:16,548 [pool-47-thread-1] INFO  server.RaftServerConfigKeys (ConfUtils.java:logGet(43)) - raft.server.log.purge.gap = 1000000 (custom)
2019-11-14 14:54:16,549 [pool-47-thread-1] INFO  server.RaftServerConfigKeys (ConfUtils.java:logGet(43)) - raft.server.log.appender.buffer.byte-limit = 33554432 (custom)
2019-11-14 14:54:16,549 [pool-47-thread-1] INFO  server.RaftServerConfigKeys (ConfUtils.java:logGet(43)) - raft.server.log.segment.size.max = 1048576 (custom)
2019-11-14 14:54:16,549 [pool-47-thread-1] INFO  server.RaftServerConfigKeys (ConfUtils.java:logGet(43)) - raft.server.log.segment.cache.num.max = 2 (custom)
2019-11-14 14:54:16,549 [pool-47-thread-1] INFO  segmented.SegmentedRaftLogWorker (SegmentedRaftLogWorker.java:<init>(173)) - new 076e1090-de6d-40ae-86bb-403df74e7a08@group-9BCFEE72B1AB-SegmentedRaftLogWorker for RaftStorage:Storage Directory /workdir/hadoop-ozone/tools/target/test-dir/MiniOzoneClusterImpl-24c23126-5e63-45a6-b3fa-6fd9e19bf9ea/datanode-2/data/ratis/d2728757-c0f2-4e70-9e0f-9bcfee72b1ab
2019-11-14 14:54:16,549 [pool-47-thread-1] INFO  server.RaftServerConfigKeys (ConfUtils.java:logGet(43)) - raft.server.log.queue.byte-limit = 2147483647 (custom)
2019-11-14 14:54:16,549 [pool-47-thread-1] INFO  server.RaftServerConfigKeys (ConfUtils.java:logGet(43)) - raft.server.log.queue.element-limit = 1024 (custom)
2019-11-14 14:54:16,550 [pool-47-thread-1] INFO  server.RaftServerConfigKeys (ConfUtils.java:logGet(43)) - raft.server.log.segment.size.max = 1048576 (custom)
2019-11-14 14:54:16,550 [pool-47-thread-1] INFO  server.RaftServerConfigKeys (ConfUtils.java:logGet(43)) - raft.server.log.preallocated.size = 16384 (custom)
2019-11-14 14:54:16,550 [pool-47-thread-1] INFO  server.RaftServerConfigKeys (ConfUtils.java:logGet(43)) - raft.server.log.write.buffer.size = 33554432 (custom)
2019-11-14 14:54:16,550 [pool-47-thread-1] INFO  server.RaftServerConfigKeys (ConfUtils.java:logGet(43)) - raft.server.log.force.sync.num = 128 (default)
2019-11-14 14:54:16,553 [pool-47-thread-1] INFO  server.RaftServerConfigKeys (ConfUtils.java:logGet(43)) - raft.server.log.statemachine.data.sync = true (default)
2019-11-14 14:54:16,553 [pool-47-thread-1] INFO  server.RaftServerConfigKeys (ConfUtils.java:logGet(43)) - raft.server.log.statemachine.data.sync.timeout = 10s (default)
2019-11-14 14:54:16,553 [pool-47-thread-1] INFO  server.RaftServerConfigKeys (ConfUtils.java:logGet(43)) - raft.server.log.statemachine.data.sync.timeout.retry = -1 (default)
2019-11-14 14:54:16,553 [pool-47-thread-1] INFO  server.RaftServerConfigKeys (ConfUtils.java:logGet(43)) - raft.server.log.statemachine.data.caching.enabled = true (custom)
2019-11-14 14:54:16,554 [pool-47-thread-1] INFO  segmented.SegmentedRaftLogWorker (SegmentedRaftLogWorker.java:lambda$new$0(128)) - 076e1090-de6d-40ae-86bb-403df74e7a08@group-9BCFEE72B1AB-SegmentedRaftLogWorker: flushIndex: setUnconditionally 0 -> -1
2019-11-14 14:54:16,554 [pool-47-thread-1] INFO  server.RaftServerConfigKeys (ConfUtils.java:logGet(43)) - raft.server.snapshot.auto.trigger.enabled = true (custom)
2019-11-14 14:54:16,554 [pool-47-thread-1] INFO  server.RaftServerConfigKeys (ConfUtils.java:logGet(43)) - raft.server.snapshot.auto.trigger.threshold = 10000 (custom)
2019-11-14 14:54:16,555 [pool-47-thread-1] INFO  server.RaftServerConfigKeys (ConfUtils.java:logGet(43)) - raft.server.snapshot.retention.file.num = 5 (custom)
2019-11-14 14:54:16,555 [pool-47-thread-1] INFO  server.RaftServerConfigKeys (ConfUtils.java:logGet(43)) - raft.server.retrycache.expirytime = 600000ms (custom)
2019-11-14 14:54:16,555 [pool-47-thread-1] WARN  impl.MetricRegistriesImpl (MetricRegistriesImpl.java:lambda$create$1(61)) - First MetricRegistry has been created without registering reporters. You may need to call MetricRegistries.global().addReportRegistration(...) before.
2019-11-14 14:54:16,555 [pool-47-thread-1] WARN  impl.MetricRegistriesImpl (MetricRegistriesImpl.java:lambda$create$1(61)) - First MetricRegistry has been created without registering reporters. You may need to call MetricRegistries.global().addReportRegistration(...) before.
2019-11-14 14:54:16,556 [pool-47-thread-1] INFO  impl.RaftServerImpl (RaftServerImpl.java:start(184)) - 076e1090-de6d-40ae-86bb-403df74e7a08@group-9BCFEE72B1AB: start as a follower, conf=-1: [076e1090-de6d-40ae-86bb-403df74e7a08:192.168.69.121:46244], old=null
2019-11-14 14:54:16,556 [pool-47-thread-1] INFO  impl.RaftServerImpl (RaftServerImpl.java:setRole(173)) - 076e1090-de6d-40ae-86bb-403df74e7a08@group-9BCFEE72B1AB: changes role from      null to FOLLOWER at term 0 for startAsFollower
2019-11-14 14:54:16,556 [pool-47-thread-1] INFO  impl.RoleInfo (RoleInfo.java:updateAndGet(143)) - 076e1090-de6d-40ae-86bb-403df74e7a08: start FollowerState
2019-11-14 14:54:16,557 [pool-47-thread-1] INFO  util.JmxRegister (JmxRegister.java:tryRegister(44)) - Successfully registered JMX Bean with object name Ratis:service=RaftServer,group=group-9BCFEE72B1AB,id=076e1090-de6d-40ae-86bb-403df74e7a08
2019-11-14 14:54:16,557 [pool-47-thread-1] WARN  impl.MetricRegistriesImpl (MetricRegistriesImpl.java:lambda$create$1(61)) - First MetricRegistry has been created without registering reporters. You may need to call MetricRegistries.global().addReportRegistration(...) before.
2019-11-14 14:54:16,562 [RatisPipelineUtilsThread] INFO  pipeline.PipelineStateManager (PipelineStateManager.java:addPipeline(55)) - Created pipeline Pipeline[ Id: d2728757-c0f2-4e70-9e0f-9bcfee72b1ab, Nodes: 076e1090-de6d-40ae-86bb-403df74e7a08{ip: 192.168.69.121, host: pr-hdds-2468-gmfm6-3729483342, networkLocation: /default-rack, certSerialId: null}, Type:RATIS, Factor:ONE, State:ALLOCATED]
2019-11-14 14:54:16,563 [Thread-178] INFO  pipeline.PipelineStateManager (PipelineStateManager.java:finalizePipeline(121)) - Pipeline Pipeline[ Id: dc0e600f-5ec3-4324-97ed-5f014584df01, Nodes: cc403737-7a4a-422c-8c81-76863d71ad14{ip: 192.168.69.121, host: pr-hdds-2468-gmfm6-3729483342, networkLocation: /default-rack, certSerialId: null}, Type:RATIS, Factor:ONE, State:CLOSED] moved to CLOSED state
2019-11-14 14:54:16,583 [grpc-default-executor-2] INFO  impl.RaftServerProxy (RaftServerProxy.java:remove(95)) - cc403737-7a4a-422c-8c81-76863d71ad14: remove  FOLLOWER cc403737-7a4a-422c-8c81-76863d71ad14@group-5F014584DF01:t0, leader=null, voted=null, raftlog=cc403737-7a4a-422c-8c81-76863d71ad14@group-5F014584DF01-SegmentedRaftLog:OPENED:c-1,f-1,i0, conf=-1: [cc403737-7a4a-422c-8c81-76863d71ad14:192.168.69.121:41411], old=null RUNNING
2019-11-14 14:54:16,583 [grpc-default-executor-2] INFO  impl.RaftServerImpl (RaftServerImpl.java:lambda$shutdown$3(250)) - cc403737-7a4a-422c-8c81-76863d71ad14@group-5F014584DF01: shutdown
2019-11-14 14:54:16,587 [grpc-default-executor-2] INFO  util.JmxRegister (JmxRegister.java:unregister(73)) - Successfully un-registered JMX Bean with object name Ratis:service=RaftServer,group=group-5F014584DF01,id=cc403737-7a4a-422c-8c81-76863d71ad14
2019-11-14 14:54:16,592 [grpc-default-executor-2] INFO  impl.RoleInfo (RoleInfo.java:shutdownFollowerState(121)) - cc403737-7a4a-422c-8c81-76863d71ad14: shutdown FollowerState
2019-11-14 14:54:16,592 [grpc-default-executor-2] INFO  impl.StateMachineUpdater (StateMachineUpdater.java:stopAndJoin(136)) - cc403737-7a4a-422c-8c81-76863d71ad14@group-5F014584DF01-StateMachineUpdater: set stopIndex = -1
2019-11-14 14:54:16,592 [Thread-180] INFO  impl.FollowerState (FollowerState.java:run(120)) - cc403737-7a4a-422c-8c81-76863d71ad14@group-5F014584DF01-FollowerState was interrupted: java.lang.InterruptedException: sleep interrupted
2019-11-14 14:54:16,596 [grpc-default-executor-2] INFO  impl.RaftServerImpl (ServerState.java:close(387)) - cc403737-7a4a-422c-8c81-76863d71ad14@group-5F014584DF01: closes. applyIndex: -1
2019-11-14 14:54:16,596 [cc403737-7a4a-422c-8c81-76863d71ad14@group-5F014584DF01-SegmentedRaftLogWorker] INFO  segmented.SegmentedRaftLogWorker (SegmentedRaftLogWorker.java:run(316)) - cc403737-7a4a-422c-8c81-76863d71ad14@group-5F014584DF01-SegmentedRaftLogWorker was interrupted, exiting. There are 0 tasks remaining in the queue.
2019-11-14 14:54:16,596 [grpc-default-executor-2] INFO  segmented.SegmentedRaftLogWorker (SegmentedRaftLogWorker.java:close(224)) - cc403737-7a4a-422c-8c81-76863d71ad14@group-5F014584DF01-SegmentedRaftLogWorker close()
2019-11-14 14:54:16,609 [Thread-178] INFO  pipeline.PipelineStateManager (PipelineStateManager.java:removePipeline(106)) - Pipeline Pipeline[ Id: dc0e600f-5ec3-4324-97ed-5f014584df01, Nodes: cc403737-7a4a-422c-8c81-76863d71ad14{ip: 192.168.69.121, host: pr-hdds-2468-gmfm6-3729483342, networkLocation: /default-rack, certSerialId: null}, Type:RATIS, Factor:ONE, State:CLOSED] removed from db
2019-11-14 14:54:16,617 [grpc-default-executor-2] INFO  impl.RaftServerProxy (RaftServerProxy.java:addNew(89)) - cc403737-7a4a-422c-8c81-76863d71ad14: addNew group-C5863BA76DF4:[cc403737-7a4a-422c-8c81-76863d71ad14:192.168.69.121:41411] returns group-C5863BA76DF4:java.util.concurrent.CompletableFuture@394eccd3[Not completed]
2019-11-14 14:54:16,618 [pool-27-thread-1] INFO  impl.RaftServerImpl (RaftServerImpl.java:<init>(98)) - cc403737-7a4a-422c-8c81-76863d71ad14: new RaftServerImpl for group-C5863BA76DF4:[cc403737-7a4a-422c-8c81-76863d71ad14:192.168.69.121:41411] with ContainerStateMachine:uninitialized
2019-11-14 14:54:16,618 [pool-27-thread-1] INFO  server.RaftServerConfigKeys (ConfUtils.java:logGet(43)) - raft.server.rpc.timeout.min = 5s (custom)
2019-11-14 14:54:16,618 [pool-27-thread-1] INFO  server.RaftServerConfigKeys (ConfUtils.java:logGet(43)) - raft.server.rpc.timeout.max = 5200ms (custom)
2019-11-14 14:54:16,619 [pool-27-thread-1] INFO  server.RaftServerConfigKeys (ConfUtils.java:logGet(43)) - raft.server.rpcslowness.timeout = 120s (custom)
2019-11-14 14:54:16,619 [pool-27-thread-1] INFO  server.RaftServerConfigKeys (ConfUtils.java:logGet(43)) - raft.server.sleep.deviation.threshold = 300 (default)
2019-11-14 14:54:16,619 [pool-27-thread-1] INFO  server.RaftServerConfigKeys (ConfUtils.java:logGet(43)) - raft.server.log.appender.install.snapshot.enabled = false (custom)
2019-11-14 14:54:16,619 [pool-27-thread-1] INFO  impl.RaftServerImpl (ServerState.java:<init>(103)) - cc403737-7a4a-422c-8c81-76863d71ad14@group-C5863BA76DF4: ConfigurationManager, init=-1: [cc403737-7a4a-422c-8c81-76863d71ad14:192.168.69.121:41411], old=null, confs=<EMPTY_MAP>
2019-11-14 14:54:16,619 [pool-27-thread-1] INFO  server.RaftServerConfigKeys (ConfUtils.java:logGet(43)) - raft.server.storage.dir = [/workdir/hadoop-ozone/tools/target/test-dir/MiniOzoneClusterImpl-24c23126-5e63-45a6-b3fa-6fd9e19bf9ea/datanode-0/data/ratis] (custom)
2019-11-14 14:54:16,619 [pool-27-thread-1] INFO  server.RaftServerConfigKeys (ConfUtils.java:logGet(43)) - raft.server.log.corruption.policy = EXCEPTION (default)
2019-11-14 14:54:16,619 [pool-27-thread-1] INFO  storage.RaftStorageDirectory (RaftStorageDirectory.java:analyzeStorage(246)) - The storage directory /workdir/hadoop-ozone/tools/target/test-dir/MiniOzoneClusterImpl-24c23126-5e63-45a6-b3fa-6fd9e19bf9ea/datanode-0/data/ratis/fc8b7bbd-7c07-4cb8-8d12-c5863ba76df4 does not exist. Creating ...
2019-11-14 14:54:16,643 [pool-27-thread-1] INFO  storage.RaftStorageDirectory (RaftStorageDirectory.java:tryLock(328)) - Lock on /workdir/hadoop-ozone/tools/target/test-dir/MiniOzoneClusterImpl-24c23126-5e63-45a6-b3fa-6fd9e19bf9ea/datanode-0/data/ratis/fc8b7bbd-7c07-4cb8-8d12-c5863ba76df4/in_use.lock acquired by nodename 31746@pr-hdds-2468-gmfm6-3729483342
2019-11-14 14:54:16,678 [pool-27-thread-1] INFO  storage.RaftStorage (RaftStorage.java:format(84)) - Storage directory /workdir/hadoop-ozone/tools/target/test-dir/MiniOzoneClusterImpl-24c23126-5e63-45a6-b3fa-6fd9e19bf9ea/datanode-0/data/ratis/fc8b7bbd-7c07-4cb8-8d12-c5863ba76df4 has been successfully formatted.
2019-11-14 14:54:16,679 [pool-27-thread-1] INFO  ratis.ContainerStateMachine (ContainerStateMachine.java:loadSnapshot(223)) - group-C5863BA76DF4: The snapshot info is null. Setting the last applied indexto:(t:0, i:~)
2019-11-14 14:54:16,679 [pool-27-thread-1] INFO  server.RaftServerConfigKeys (ConfUtils.java:logGet(43)) - raft.server.notification.no-leader.timeout = 120s (custom)
2019-11-14 14:54:16,679 [pool-27-thread-1] INFO  server.RaftServerConfigKeys (ConfUtils.java:logGet(43)) - raft.server.log.use.memory = false (default)
2019-11-14 14:54:16,679 [pool-27-thread-1] INFO  server.RaftServerConfigKeys (ConfUtils.java:logGet(43)) - raft.server.log.purge.gap = 1000000 (custom)
2019-11-14 14:54:16,679 [pool-27-thread-1] INFO  server.RaftServerConfigKeys (ConfUtils.java:logGet(43)) - raft.server.log.appender.buffer.byte-limit = 33554432 (custom)
2019-11-14 14:54:16,680 [pool-27-thread-1] INFO  server.RaftServerConfigKeys (ConfUtils.java:logGet(43)) - raft.server.log.segment.size.max = 1048576 (custom)
2019-11-14 14:54:16,680 [pool-27-thread-1] INFO  server.RaftServerConfigKeys (ConfUtils.java:logGet(43)) - raft.server.log.segment.cache.num.max = 2 (custom)
2019-11-14 14:54:16,680 [pool-27-thread-1] INFO  segmented.SegmentedRaftLogWorker (SegmentedRaftLogWorker.java:<init>(173)) - new cc403737-7a4a-422c-8c81-76863d71ad14@group-C5863BA76DF4-SegmentedRaftLogWorker for RaftStorage:Storage Directory /workdir/hadoop-ozone/tools/target/test-dir/MiniOzoneClusterImpl-24c23126-5e63-45a6-b3fa-6fd9e19bf9ea/datanode-0/data/ratis/fc8b7bbd-7c07-4cb8-8d12-c5863ba76df4
2019-11-14 14:54:16,680 [pool-27-thread-1] INFO  server.RaftServerConfigKeys (ConfUtils.java:logGet(43)) - raft.server.log.queue.byte-limit = 2147483647 (custom)
2019-11-14 14:54:16,680 [pool-27-thread-1] INFO  server.RaftServerConfigKeys (ConfUtils.java:logGet(43)) - raft.server.log.queue.element-limit = 1024 (custom)
2019-11-14 14:54:16,680 [pool-27-thread-1] INFO  server.RaftServerConfigKeys (ConfUtils.java:logGet(43)) - raft.server.log.segment.size.max = 1048576 (custom)
2019-11-14 14:54:16,680 [pool-27-thread-1] INFO  server.RaftServerConfigKeys (ConfUtils.java:logGet(43)) - raft.server.log.preallocated.size = 16384 (custom)
2019-11-14 14:54:16,681 [pool-27-thread-1] INFO  server.RaftServerConfigKeys (ConfUtils.java:logGet(43)) - raft.server.log.write.buffer.size = 33554432 (custom)
2019-11-14 14:54:16,681 [pool-27-thread-1] INFO  server.RaftServerConfigKeys (ConfUtils.java:logGet(43)) - raft.server.log.force.sync.num = 128 (default)
2019-11-14 14:54:16,681 [pool-27-thread-1] INFO  server.RaftServerConfigKeys (ConfUtils.java:logGet(43)) - raft.server.log.statemachine.data.sync = true (default)
2019-11-14 14:54:16,681 [pool-27-thread-1] INFO  server.RaftServerConfigKeys (ConfUtils.java:logGet(43)) - raft.server.log.statemachine.data.sync.timeout = 10s (default)
2019-11-14 14:54:16,681 [pool-27-thread-1] INFO  server.RaftServerConfigKeys (ConfUtils.java:logGet(43)) - raft.server.log.statemachine.data.sync.timeout.retry = -1 (default)
2019-11-14 14:54:16,681 [pool-27-thread-1] INFO  server.RaftServerConfigKeys (ConfUtils.java:logGet(43)) - raft.server.log.statemachine.data.caching.enabled = true (custom)
2019-11-14 14:54:16,682 [pool-27-thread-1] INFO  segmented.SegmentedRaftLogWorker (SegmentedRaftLogWorker.java:lambda$new$0(128)) - cc403737-7a4a-422c-8c81-76863d71ad14@group-C5863BA76DF4-SegmentedRaftLogWorker: flushIndex: setUnconditionally 0 -> -1
2019-11-14 14:54:16,682 [pool-27-thread-1] INFO  server.RaftServerConfigKeys (ConfUtils.java:logGet(43)) - raft.server.snapshot.auto.trigger.enabled = true (custom)
2019-11-14 14:54:16,682 [pool-27-thread-1] INFO  server.RaftServerConfigKeys (ConfUtils.java:logGet(43)) - raft.server.snapshot.auto.trigger.threshold = 10000 (custom)
2019-11-14 14:54:16,682 [pool-27-thread-1] INFO  server.RaftServerConfigKeys (ConfUtils.java:logGet(43)) - raft.server.snapshot.retention.file.num = 5 (custom)
2019-11-14 14:54:16,682 [pool-27-thread-1] INFO  server.RaftServerConfigKeys (ConfUtils.java:logGet(43)) - raft.server.retrycache.expirytime = 600000ms (custom)
2019-11-14 14:54:16,683 [pool-27-thread-1] WARN  impl.MetricRegistriesImpl (MetricRegistriesImpl.java:lambda$create$1(61)) - First MetricRegistry has been created without registering reporters. You may need to call MetricRegistries.global().addReportRegistration(...) before.
2019-11-14 14:54:16,683 [pool-27-thread-1] WARN  impl.MetricRegistriesImpl (MetricRegistriesImpl.java:lambda$create$1(61)) - First MetricRegistry has been created without registering reporters. You may need to call MetricRegistries.global().addReportRegistration(...) before.
2019-11-14 14:54:16,683 [pool-27-thread-1] INFO  impl.RaftServerImpl (RaftServerImpl.java:start(184)) - cc403737-7a4a-422c-8c81-76863d71ad14@group-C5863BA76DF4: start as a follower, conf=-1: [cc403737-7a4a-422c-8c81-76863d71ad14:192.168.69.121:41411], old=null
2019-11-14 14:54:16,683 [pool-27-thread-1] INFO  impl.RaftServerImpl (RaftServerImpl.java:setRole(173)) - cc403737-7a4a-422c-8c81-76863d71ad14@group-C5863BA76DF4: changes role from      null to FOLLOWER at term 0 for startAsFollower
2019-11-14 14:54:16,683 [pool-27-thread-1] INFO  impl.RoleInfo (RoleInfo.java:updateAndGet(143)) - cc403737-7a4a-422c-8c81-76863d71ad14: start FollowerState
2019-11-14 14:54:16,684 [pool-27-thread-1] INFO  util.JmxRegister (JmxRegister.java:tryRegister(44)) - Successfully registered JMX Bean with object name Ratis:service=RaftServer,group=group-C5863BA76DF4,id=cc403737-7a4a-422c-8c81-76863d71ad14
2019-11-14 14:54:16,684 [pool-27-thread-1] WARN  impl.MetricRegistriesImpl (MetricRegistriesImpl.java:lambda$create$1(61)) - First MetricRegistry has been created without registering reporters. You may need to call MetricRegistries.global().addReportRegistration(...) before.
2019-11-14 14:54:16,689 [RatisPipelineUtilsThread] INFO  pipeline.PipelineStateManager (PipelineStateManager.java:addPipeline(55)) - Created pipeline Pipeline[ Id: fc8b7bbd-7c07-4cb8-8d12-c5863ba76df4, Nodes: cc403737-7a4a-422c-8c81-76863d71ad14{ip: 192.168.69.121, host: pr-hdds-2468-gmfm6-3729483342, networkLocation: /default-rack, certSerialId: null}, Type:RATIS, Factor:ONE, State:ALLOCATED]
2019-11-14 14:54:17,129 [main] INFO  ozone.MiniOzoneClusterImpl (MiniOzoneClusterImpl.java:lambda$waitForClusterToBeReady$2(163)) - Waiting for 4 number of pipelines out of 4, to report a leader.
2019-11-14 14:54:18,129 [main] INFO  ozone.MiniOzoneClusterImpl (MiniOzoneClusterImpl.java:lambda$waitForClusterToBeReady$2(163)) - Waiting for 4 number of pipelines out of 4, to report a leader.
2019-11-14 14:54:19,130 [main] INFO  ozone.MiniOzoneClusterImpl (MiniOzoneClusterImpl.java:lambda$waitForClusterToBeReady$2(163)) - Waiting for 4 number of pipelines out of 4, to report a leader.
2019-11-14 14:54:20,130 [main] INFO  ozone.MiniOzoneClusterImpl (MiniOzoneClusterImpl.java:lambda$waitForClusterToBeReady$2(163)) - Waiting for 4 number of pipelines out of 4, to report a leader.
2019-11-14 14:54:21,131 [main] INFO  ozone.MiniOzoneClusterImpl (MiniOzoneClusterImpl.java:lambda$waitForClusterToBeReady$2(163)) - Waiting for 4 number of pipelines out of 4, to report a leader.
2019-11-14 14:54:21,429 [Thread-200] INFO  impl.FollowerState (FollowerState.java:run(111)) - 2e95d3a3-d467-4987-95b1-fa55b4c7c518@group-A25B5ABBAFF5-FollowerState: change to CANDIDATE, lastRpcTime:5144ms, electionTimeout:5144ms
2019-11-14 14:54:21,431 [Thread-200] INFO  impl.RoleInfo (RoleInfo.java:shutdownFollowerState(121)) - 2e95d3a3-d467-4987-95b1-fa55b4c7c518: shutdown FollowerState
2019-11-14 14:54:21,432 [Thread-200] INFO  impl.RaftServerImpl (RaftServerImpl.java:setRole(173)) - 2e95d3a3-d467-4987-95b1-fa55b4c7c518@group-A25B5ABBAFF5: changes role from  FOLLOWER to CANDIDATE at term 0 for changeToCandidate
2019-11-14 14:54:21,438 [Thread-200] INFO  impl.RoleInfo (RoleInfo.java:updateAndGet(143)) - 2e95d3a3-d467-4987-95b1-fa55b4c7c518: start LeaderElection
2019-11-14 14:54:21,456 [2e95d3a3-d467-4987-95b1-fa55b4c7c518@group-A25B5ABBAFF5-LeaderElection1] INFO  impl.LeaderElection (LeaderElection.java:askForVotes(178)) - 2e95d3a3-d467-4987-95b1-fa55b4c7c518@group-A25B5ABBAFF5-LeaderElection1: begin an election at term 1 for -1: [2e95d3a3-d467-4987-95b1-fa55b4c7c518:192.168.69.121:36295], old=null
2019-11-14 14:54:21,457 [2e95d3a3-d467-4987-95b1-fa55b4c7c518@group-A25B5ABBAFF5-LeaderElection1] INFO  impl.RoleInfo (RoleInfo.java:shutdownLeaderElection(134)) - 2e95d3a3-d467-4987-95b1-fa55b4c7c518: shutdown LeaderElection
2019-11-14 14:54:21,457 [2e95d3a3-d467-4987-95b1-fa55b4c7c518@group-A25B5ABBAFF5-LeaderElection1] INFO  impl.RaftServerImpl (RaftServerImpl.java:setRole(173)) - 2e95d3a3-d467-4987-95b1-fa55b4c7c518@group-A25B5ABBAFF5: changes role from CANDIDATE to LEADER at term 1 for changeToLeader
2019-11-14 14:54:21,457 [2e95d3a3-d467-4987-95b1-fa55b4c7c518@group-A25B5ABBAFF5-LeaderElection1] INFO  ratis.XceiverServerRatis (XceiverServerRatis.java:handleLeaderChangedNotification(697)) - Leader change notification received for group: group-A25B5ABBAFF5 with new leaderId: 2e95d3a3-d467-4987-95b1-fa55b4c7c518
2019-11-14 14:54:21,460 [2e95d3a3-d467-4987-95b1-fa55b4c7c518@group-A25B5ABBAFF5-LeaderElection1] INFO  impl.RaftServerImpl (ServerState.java:setLeader(255)) - 2e95d3a3-d467-4987-95b1-fa55b4c7c518@group-A25B5ABBAFF5: change Leader from null to 2e95d3a3-d467-4987-95b1-fa55b4c7c518 at term 1 for becomeLeader, leader elected after 5177ms
2019-11-14 14:54:21,464 [2e95d3a3-d467-4987-95b1-fa55b4c7c518@group-A25B5ABBAFF5-LeaderElection1] INFO  server.RaftServerConfigKeys (ConfUtils.java:logGet(43)) - raft.server.staging.catchup.gap = 1000 (default)
2019-11-14 14:54:21,464 [2e95d3a3-d467-4987-95b1-fa55b4c7c518@group-A25B5ABBAFF5-LeaderElection1] INFO  server.RaftServerConfigKeys (ConfUtils.java:logGet(43)) - raft.server.rpc.sleep.time = 25ms (default)
2019-11-14 14:54:21,468 [2e95d3a3-d467-4987-95b1-fa55b4c7c518@group-A25B5ABBAFF5-LeaderElection1] INFO  server.RaftServerConfigKeys (ConfUtils.java:logGet(43)) - raft.server.write.element-limit = 4096 (default)
2019-11-14 14:54:21,471 [2e95d3a3-d467-4987-95b1-fa55b4c7c518@group-A25B5ABBAFF5-LeaderElection1] INFO  server.RaftServerConfigKeys (ConfUtils.java:logGet(43)) - raft.server.watch.timeout = 10s (default)
2019-11-14 14:54:21,471 [2e95d3a3-d467-4987-95b1-fa55b4c7c518@group-A25B5ABBAFF5-LeaderElection1] INFO  server.RaftServerConfigKeys (ConfUtils.java:logGet(43)) - raft.server.watch.timeout.denomination = 1s (default)
2019-11-14 14:54:21,473 [2e95d3a3-d467-4987-95b1-fa55b4c7c518@group-A25B5ABBAFF5-LeaderElection1] INFO  server.RaftServerConfigKeys (ConfUtils.java:logGet(43)) - raft.server.watch.element-limit = 65536 (default)
2019-11-14 14:54:21,474 [EventQueue-PipelineReportForPipelineReportHandler] INFO  pipeline.PipelineStateManager (PipelineStateManager.java:openPipeline(134)) - Pipeline Pipeline[ Id: a2f62a09-6bb1-424c-9b6b-a25b5abbaff5, Nodes: 2e95d3a3-d467-4987-95b1-fa55b4c7c518{ip: 192.168.69.121, host: pr-hdds-2468-gmfm6-3729483342, networkLocation: /default-rack, certSerialId: null}, Type:RATIS, Factor:ONE, State:OPEN] moved to OPEN state
2019-11-14 14:54:21,482 [2e95d3a3-d467-4987-95b1-fa55b4c7c518@group-A25B5ABBAFF5-LeaderElection1] INFO  impl.RoleInfo (RoleInfo.java:updateAndGet(143)) - 2e95d3a3-d467-4987-95b1-fa55b4c7c518: start LeaderState
2019-11-14 14:54:21,502 [2e95d3a3-d467-4987-95b1-fa55b4c7c518@group-A25B5ABBAFF5-LeaderElection1] INFO  segmented.SegmentedRaftLogWorker (SegmentedRaftLogWorker.java:startLogSegment(385)) - 2e95d3a3-d467-4987-95b1-fa55b4c7c518@group-A25B5ABBAFF5-SegmentedRaftLogWorker: Starting segment from index:0
2019-11-14 14:54:21,503 [Thread-211] INFO  impl.FollowerState (FollowerState.java:run(111)) - 2e95d3a3-d467-4987-95b1-fa55b4c7c518@group-0902231AA6D0-FollowerState: change to CANDIDATE, lastRpcTime:5079ms, electionTimeout:5079ms
2019-11-14 14:54:21,503 [Thread-211] INFO  impl.RoleInfo (RoleInfo.java:shutdownFollowerState(121)) - 2e95d3a3-d467-4987-95b1-fa55b4c7c518: shutdown FollowerState
2019-11-14 14:54:21,504 [Thread-211] INFO  impl.RaftServerImpl (RaftServerImpl.java:setRole(173)) - 2e95d3a3-d467-4987-95b1-fa55b4c7c518@group-0902231AA6D0: changes role from  FOLLOWER to CANDIDATE at term 0 for changeToCandidate
2019-11-14 14:54:21,504 [Thread-211] INFO  impl.RoleInfo (RoleInfo.java:updateAndGet(143)) - 2e95d3a3-d467-4987-95b1-fa55b4c7c518: start LeaderElection
2019-11-14 14:54:21,514 [2e95d3a3-d467-4987-95b1-fa55b4c7c518@group-A25B5ABBAFF5-LeaderElection1] INFO  impl.RaftServerImpl (ServerState.java:setRaftConf(356)) - 2e95d3a3-d467-4987-95b1-fa55b4c7c518@group-A25B5ABBAFF5: set configuration 0: [2e95d3a3-d467-4987-95b1-fa55b4c7c518:192.168.69.121:36295], old=null at 0
2019-11-14 14:54:21,530 [2e95d3a3-d467-4987-95b1-fa55b4c7c518@group-0902231AA6D0-LeaderElection2] INFO  impl.LeaderElection (LeaderElection.java:askForVotes(178)) - 2e95d3a3-d467-4987-95b1-fa55b4c7c518@group-0902231AA6D0-LeaderElection2: begin an election at term 1 for -1: [076e1090-de6d-40ae-86bb-403df74e7a08:192.168.69.121:46244, cc403737-7a4a-422c-8c81-76863d71ad14:192.168.69.121:41411, 2e95d3a3-d467-4987-95b1-fa55b4c7c518:192.168.69.121:36295], old=null
2019-11-14 14:54:21,547 [Thread-207] INFO  impl.FollowerState (FollowerState.java:run(111)) - 076e1090-de6d-40ae-86bb-403df74e7a08@group-0902231AA6D0-FollowerState: change to CANDIDATE, lastRpcTime:5126ms, electionTimeout:5126ms
2019-11-14 14:54:21,547 [Thread-207] INFO  impl.RoleInfo (RoleInfo.java:shutdownFollowerState(121)) - 076e1090-de6d-40ae-86bb-403df74e7a08: shutdown FollowerState
2019-11-14 14:54:21,547 [Thread-207] INFO  impl.RaftServerImpl (RaftServerImpl.java:setRole(173)) - 076e1090-de6d-40ae-86bb-403df74e7a08@group-0902231AA6D0: changes role from  FOLLOWER to CANDIDATE at term 0 for changeToCandidate
2019-11-14 14:54:21,547 [Thread-207] INFO  impl.RoleInfo (RoleInfo.java:updateAndGet(143)) - 076e1090-de6d-40ae-86bb-403df74e7a08: start LeaderElection
2019-11-14 14:54:21,556 [grpc-default-executor-2] INFO  impl.RaftServerImpl (RaftServerImpl.java:setRole(173)) - cc403737-7a4a-422c-8c81-76863d71ad14@group-0902231AA6D0: changes role from  FOLLOWER to FOLLOWER at term 1 for recognizeCandidate:2e95d3a3-d467-4987-95b1-fa55b4c7c518
2019-11-14 14:54:21,556 [grpc-default-executor-2] INFO  impl.RoleInfo (RoleInfo.java:shutdownFollowerState(121)) - cc403737-7a4a-422c-8c81-76863d71ad14: shutdown FollowerState
2019-11-14 14:54:21,556 [Thread-209] INFO  impl.FollowerState (FollowerState.java:run(120)) - cc403737-7a4a-422c-8c81-76863d71ad14@group-0902231AA6D0-FollowerState was interrupted: java.lang.InterruptedException: sleep interrupted
2019-11-14 14:54:21,556 [grpc-default-executor-2] INFO  impl.RoleInfo (RoleInfo.java:updateAndGet(143)) - cc403737-7a4a-422c-8c81-76863d71ad14: start FollowerState
2019-11-14 14:54:21,567 [076e1090-de6d-40ae-86bb-403df74e7a08@group-0902231AA6D0-LeaderElection3] INFO  impl.LeaderElection (LeaderElection.java:askForVotes(178)) - 076e1090-de6d-40ae-86bb-403df74e7a08@group-0902231AA6D0-LeaderElection3: begin an election at term 1 for -1: [076e1090-de6d-40ae-86bb-403df74e7a08:192.168.69.121:46244, cc403737-7a4a-422c-8c81-76863d71ad14:192.168.69.121:41411, 2e95d3a3-d467-4987-95b1-fa55b4c7c518:192.168.69.121:36295], old=null
2019-11-14 14:54:21,587 [2e95d3a3-d467-4987-95b1-fa55b4c7c518@group-0902231AA6D0-LeaderElection2] INFO  impl.LeaderElection (LeaderElection.java:logAndReturn(56)) - 2e95d3a3-d467-4987-95b1-fa55b4c7c518@group-0902231AA6D0-LeaderElection2: Election PASSED; received 2 response(s) [2e95d3a3-d467-4987-95b1-fa55b4c7c518<-076e1090-de6d-40ae-86bb-403df74e7a08#0:FAIL-t1, 2e95d3a3-d467-4987-95b1-fa55b4c7c518<-cc403737-7a4a-422c-8c81-76863d71ad14#0:OK-t1] and 0 exception(s); 2e95d3a3-d467-4987-95b1-fa55b4c7c518@group-0902231AA6D0:t1, leader=null, voted=2e95d3a3-d467-4987-95b1-fa55b4c7c518, raftlog=2e95d3a3-d467-4987-95b1-fa55b4c7c518@group-0902231AA6D0-SegmentedRaftLog:OPENED:c-1,f-1,i0, conf=-1: [076e1090-de6d-40ae-86bb-403df74e7a08:192.168.69.121:46244, cc403737-7a4a-422c-8c81-76863d71ad14:192.168.69.121:41411, 2e95d3a3-d467-4987-95b1-fa55b4c7c518:192.168.69.121:36295], old=null
2019-11-14 14:54:21,587 [2e95d3a3-d467-4987-95b1-fa55b4c7c518@group-0902231AA6D0-LeaderElection2] INFO  impl.RoleInfo (RoleInfo.java:shutdownLeaderElection(134)) - 2e95d3a3-d467-4987-95b1-fa55b4c7c518: shutdown LeaderElection
2019-11-14 14:54:21,588 [2e95d3a3-d467-4987-95b1-fa55b4c7c518@group-0902231AA6D0-LeaderElection2] INFO  impl.RaftServerImpl (RaftServerImpl.java:setRole(173)) - 2e95d3a3-d467-4987-95b1-fa55b4c7c518@group-0902231AA6D0: changes role from CANDIDATE to LEADER at term 1 for changeToLeader
2019-11-14 14:54:21,588 [2e95d3a3-d467-4987-95b1-fa55b4c7c518@group-0902231AA6D0-LeaderElection2] INFO  ratis.XceiverServerRatis (XceiverServerRatis.java:handleLeaderChangedNotification(697)) - Leader change notification received for group: group-0902231AA6D0 with new leaderId: 2e95d3a3-d467-4987-95b1-fa55b4c7c518
2019-11-14 14:54:21,588 [2e95d3a3-d467-4987-95b1-fa55b4c7c518@group-0902231AA6D0-LeaderElection2] INFO  impl.RaftServerImpl (ServerState.java:setLeader(255)) - 2e95d3a3-d467-4987-95b1-fa55b4c7c518@group-0902231AA6D0: change Leader from null to 2e95d3a3-d467-4987-95b1-fa55b4c7c518 at term 1 for becomeLeader, leader elected after 5175ms
2019-11-14 14:54:21,588 [2e95d3a3-d467-4987-95b1-fa55b4c7c518@group-0902231AA6D0-LeaderElection2] INFO  server.RaftServerConfigKeys (ConfUtils.java:logGet(43)) - raft.server.staging.catchup.gap = 1000 (default)
2019-11-14 14:54:21,589 [2e95d3a3-d467-4987-95b1-fa55b4c7c518@group-0902231AA6D0-LeaderElection2] INFO  server.RaftServerConfigKeys (ConfUtils.java:logGet(43)) - raft.server.rpc.sleep.time = 25ms (default)
2019-11-14 14:54:21,589 [2e95d3a3-d467-4987-95b1-fa55b4c7c518@group-0902231AA6D0-LeaderElection2] INFO  server.RaftServerConfigKeys (ConfUtils.java:logGet(43)) - raft.server.write.element-limit = 4096 (default)
2019-11-14 14:54:21,589 [2e95d3a3-d467-4987-95b1-fa55b4c7c518@group-0902231AA6D0-LeaderElection2] INFO  server.RaftServerConfigKeys (ConfUtils.java:logGet(43)) - raft.server.watch.timeout = 10s (default)
2019-11-14 14:54:21,590 [2e95d3a3-d467-4987-95b1-fa55b4c7c518@group-0902231AA6D0-LeaderElection2] INFO  server.RaftServerConfigKeys (ConfUtils.java:logGet(43)) - raft.server.watch.timeout.denomination = 1s (default)
2019-11-14 14:54:21,590 [2e95d3a3-d467-4987-95b1-fa55b4c7c518@group-0902231AA6D0-LeaderElection2] INFO  server.RaftServerConfigKeys (ConfUtils.java:logGet(43)) - raft.server.watch.element-limit = 65536 (default)
2019-11-14 14:54:21,591 [EventQueue-PipelineReportForPipelineReportHandler] INFO  pipeline.PipelineStateManager (PipelineStateManager.java:openPipeline(134)) - Pipeline Pipeline[ Id: 69a45096-8800-4198-8466-0902231aa6d0, Nodes: cc403737-7a4a-422c-8c81-76863d71ad14{ip: 192.168.69.121, host: pr-hdds-2468-gmfm6-3729483342, networkLocation: /default-rack, certSerialId: null}2e95d3a3-d467-4987-95b1-fa55b4c7c518{ip: 192.168.69.121, host: pr-hdds-2468-gmfm6-3729483342, networkLocation: /default-rack, certSerialId: null}076e1090-de6d-40ae-86bb-403df74e7a08{ip: 192.168.69.121, host: pr-hdds-2468-gmfm6-3729483342, networkLocation: /default-rack, certSerialId: null}, Type:RATIS, Factor:THREE, State:OPEN] moved to OPEN state
2019-11-14 14:54:21,594 [2e95d3a3-d467-4987-95b1-fa55b4c7c518@group-0902231AA6D0-LeaderElection2] INFO  server.RaftServerConfigKeys (ConfUtils.java:logGet(43)) - raft.server.log.appender.snapshot.chunk.size.max = 16MB (=16777216) (default)
2019-11-14 14:54:21,594 [2e95d3a3-d467-4987-95b1-fa55b4c7c518@group-0902231AA6D0-LeaderElection2] INFO  server.RaftServerConfigKeys (ConfUtils.java:logGet(43)) - raft.server.log.appender.buffer.byte-limit = 33554432 (custom)
2019-11-14 14:54:21,595 [2e95d3a3-d467-4987-95b1-fa55b4c7c518@group-0902231AA6D0-LeaderElection2] INFO  server.RaftServerConfigKeys (ConfUtils.java:logGet(43)) - raft.server.log.appender.buffer.element-limit = 1 (custom)
2019-11-14 14:54:21,598 [2e95d3a3-d467-4987-95b1-fa55b4c7c518@group-0902231AA6D0-LeaderElection2] INFO  grpc.GrpcConfigKeys$Server (ConfUtils.java:logGet(43)) - raft.grpc.server.leader.outstanding.appends.max = 128 (default)
2019-11-14 14:54:21,598 [2e95d3a3-d467-4987-95b1-fa55b4c7c518@group-0902231AA6D0-LeaderElection2] INFO  server.RaftServerConfigKeys (ConfUtils.java:logGet(43)) - raft.server.rpc.request.timeout = 3000ms (default)
2019-11-14 14:54:21,598 [2e95d3a3-d467-4987-95b1-fa55b4c7c518@group-0902231AA6D0-LeaderElection2] INFO  server.RaftServerConfigKeys (ConfUtils.java:logGet(43)) - raft.server.log.appender.install.snapshot.enabled = false (custom)
2019-11-14 14:54:21,599 [2e95d3a3-d467-4987-95b1-fa55b4c7c518@group-0902231AA6D0-LeaderElection2] WARN  impl.MetricRegistriesImpl (MetricRegistriesImpl.java:lambda$create$1(61)) - First MetricRegistry has been created without registering reporters. You may need to call MetricRegistries.global().addReportRegistration(...) before.
2019-11-14 14:54:21,600 [2e95d3a3-d467-4987-95b1-fa55b4c7c518@group-0902231AA6D0-LeaderElection2] INFO  server.RaftServerConfigKeys (ConfUtils.java:logGet(43)) - raft.server.log.appender.snapshot.chunk.size.max = 16MB (=16777216) (default)
2019-11-14 14:54:21,600 [2e95d3a3-d467-4987-95b1-fa55b4c7c518@group-0902231AA6D0-LeaderElection2] INFO  server.RaftServerConfigKeys (ConfUtils.java:logGet(43)) - raft.server.log.appender.buffer.byte-limit = 33554432 (custom)
2019-11-14 14:54:21,600 [2e95d3a3-d467-4987-95b1-fa55b4c7c518@group-0902231AA6D0-LeaderElection2] INFO  server.RaftServerConfigKeys (ConfUtils.java:logGet(43)) - raft.server.log.appender.buffer.element-limit = 1 (custom)
2019-11-14 14:54:21,601 [2e95d3a3-d467-4987-95b1-fa55b4c7c518@group-0902231AA6D0-LeaderElection2] INFO  grpc.GrpcConfigKeys$Server (ConfUtils.java:logGet(43)) - raft.grpc.server.leader.outstanding.appends.max = 128 (default)
2019-11-14 14:54:21,601 [2e95d3a3-d467-4987-95b1-fa55b4c7c518@group-0902231AA6D0-LeaderElection2] INFO  server.RaftServerConfigKeys (ConfUtils.java:logGet(43)) - raft.server.rpc.request.timeout = 3000ms (default)
2019-11-14 14:54:21,601 [2e95d3a3-d467-4987-95b1-fa55b4c7c518@group-0902231AA6D0-LeaderElection2] INFO  server.RaftServerConfigKeys (ConfUtils.java:logGet(43)) - raft.server.log.appender.install.snapshot.enabled = false (custom)
2019-11-14 14:54:21,603 [2e95d3a3-d467-4987-95b1-fa55b4c7c518@group-0902231AA6D0-LeaderElection2] INFO  impl.RoleInfo (RoleInfo.java:updateAndGet(143)) - 2e95d3a3-d467-4987-95b1-fa55b4c7c518: start LeaderState
2019-11-14 14:54:21,604 [2e95d3a3-d467-4987-95b1-fa55b4c7c518@group-0902231AA6D0-LeaderElection2] INFO  segmented.SegmentedRaftLogWorker (SegmentedRaftLogWorker.java:startLogSegment(385)) - 2e95d3a3-d467-4987-95b1-fa55b4c7c518@group-0902231AA6D0-SegmentedRaftLogWorker: Starting segment from index:0
2019-11-14 14:54:21,604 [2e95d3a3-d467-4987-95b1-fa55b4c7c518@group-0902231AA6D0-LeaderElection2] INFO  impl.RaftServerImpl (ServerState.java:setRaftConf(356)) - 2e95d3a3-d467-4987-95b1-fa55b4c7c518@group-0902231AA6D0: set configuration 0: [076e1090-de6d-40ae-86bb-403df74e7a08:192.168.69.121:46244, cc403737-7a4a-422c-8c81-76863d71ad14:192.168.69.121:41411, 2e95d3a3-d467-4987-95b1-fa55b4c7c518:192.168.69.121:36295], old=null at 0
2019-11-14 14:54:21,605 [grpc-default-executor-2] INFO  impl.RaftServerImpl (RaftServerImpl.java:requestVote(776)) - 2e95d3a3-d467-4987-95b1-fa55b4c7c518@group-0902231AA6D0-   LEADER: Withhold vote from candidate 076e1090-de6d-40ae-86bb-403df74e7a08 with term 1. State: leader=2e95d3a3-d467-4987-95b1-fa55b4c7c518, term=1, lastRpcElapsed=null
2019-11-14 14:54:21,608 [076e1090-de6d-40ae-86bb-403df74e7a08@group-0902231AA6D0-LeaderElection3] INFO  impl.LeaderElection (LeaderElection.java:logAndReturn(56)) - 076e1090-de6d-40ae-86bb-403df74e7a08@group-0902231AA6D0-LeaderElection3: Election REJECTED; received 2 response(s) [076e1090-de6d-40ae-86bb-403df74e7a08<-cc403737-7a4a-422c-8c81-76863d71ad14#0:FAIL-t1, 076e1090-de6d-40ae-86bb-403df74e7a08<-2e95d3a3-d467-4987-95b1-fa55b4c7c518#0:FAIL-t1] and 0 exception(s); 076e1090-de6d-40ae-86bb-403df74e7a08@group-0902231AA6D0:t1, leader=null, voted=076e1090-de6d-40ae-86bb-403df74e7a08, raftlog=076e1090-de6d-40ae-86bb-403df74e7a08@group-0902231AA6D0-SegmentedRaftLog:OPENED:c-1,f-1,i0, conf=-1: [076e1090-de6d-40ae-86bb-403df74e7a08:192.168.69.121:46244, cc403737-7a4a-422c-8c81-76863d71ad14:192.168.69.121:41411, 2e95d3a3-d467-4987-95b1-fa55b4c7c518:192.168.69.121:36295], old=null
2019-11-14 14:54:21,609 [076e1090-de6d-40ae-86bb-403df74e7a08@group-0902231AA6D0-LeaderElection3] INFO  impl.RaftServerImpl (RaftServerImpl.java:setRole(173)) - 076e1090-de6d-40ae-86bb-403df74e7a08@group-0902231AA6D0: changes role from CANDIDATE to FOLLOWER at term 1 for DISCOVERED_A_NEW_TERM
2019-11-14 14:54:21,609 [076e1090-de6d-40ae-86bb-403df74e7a08@group-0902231AA6D0-LeaderElection3] INFO  impl.RoleInfo (RoleInfo.java:shutdownLeaderElection(134)) - 076e1090-de6d-40ae-86bb-403df74e7a08: shutdown LeaderElection
2019-11-14 14:54:21,611 [076e1090-de6d-40ae-86bb-403df74e7a08@group-0902231AA6D0-LeaderElection3] INFO  impl.RoleInfo (RoleInfo.java:updateAndGet(143)) - 076e1090-de6d-40ae-86bb-403df74e7a08: start FollowerState
2019-11-14 14:54:21,624 [grpc-default-executor-1] INFO  ratis.XceiverServerRatis (XceiverServerRatis.java:handleLeaderChangedNotification(697)) - Leader change notification received for group: group-0902231AA6D0 with new leaderId: 2e95d3a3-d467-4987-95b1-fa55b4c7c518
2019-11-14 14:54:21,624 [grpc-default-executor-2] INFO  ratis.XceiverServerRatis (XceiverServerRatis.java:handleLeaderChangedNotification(697)) - Leader change notification received for group: group-0902231AA6D0 with new leaderId: 2e95d3a3-d467-4987-95b1-fa55b4c7c518
2019-11-14 14:54:21,625 [grpc-default-executor-1] INFO  impl.RaftServerImpl (ServerState.java:setLeader(255)) - cc403737-7a4a-422c-8c81-76863d71ad14@group-0902231AA6D0: change Leader from null to 2e95d3a3-d467-4987-95b1-fa55b4c7c518 at term 1 for appendEntries, leader elected after 5211ms
2019-11-14 14:54:21,625 [grpc-default-executor-2] INFO  impl.RaftServerImpl (ServerState.java:setLeader(255)) - 076e1090-de6d-40ae-86bb-403df74e7a08@group-0902231AA6D0: change Leader from null to 2e95d3a3-d467-4987-95b1-fa55b4c7c518 at term 1 for appendEntries, leader elected after 5211ms
2019-11-14 14:54:21,648 [grpc-default-executor-2] INFO  impl.RaftServerImpl (ServerState.java:setRaftConf(356)) - cc403737-7a4a-422c-8c81-76863d71ad14@group-0902231AA6D0: set configuration 0: [076e1090-de6d-40ae-86bb-403df74e7a08:192.168.69.121:46244, cc403737-7a4a-422c-8c81-76863d71ad14:192.168.69.121:41411, 2e95d3a3-d467-4987-95b1-fa55b4c7c518:192.168.69.121:36295], old=null at 0
2019-11-14 14:54:21,648 [grpc-default-executor-1] INFO  impl.RaftServerImpl (ServerState.java:setRaftConf(356)) - 076e1090-de6d-40ae-86bb-403df74e7a08@group-0902231AA6D0: set configuration 0: [076e1090-de6d-40ae-86bb-403df74e7a08:192.168.69.121:46244, cc403737-7a4a-422c-8c81-76863d71ad14:192.168.69.121:41411, 2e95d3a3-d467-4987-95b1-fa55b4c7c518:192.168.69.121:36295], old=null at 0
2019-11-14 14:54:21,648 [grpc-default-executor-2] INFO  segmented.SegmentedRaftLogWorker (SegmentedRaftLogWorker.java:startLogSegment(385)) - cc403737-7a4a-422c-8c81-76863d71ad14@group-0902231AA6D0-SegmentedRaftLogWorker: Starting segment from index:0
2019-11-14 14:54:21,649 [grpc-default-executor-1] INFO  segmented.SegmentedRaftLogWorker (SegmentedRaftLogWorker.java:startLogSegment(385)) - 076e1090-de6d-40ae-86bb-403df74e7a08@group-0902231AA6D0-SegmentedRaftLogWorker: Starting segment from index:0
2019-11-14 14:54:21,701 [Thread-220] INFO  impl.FollowerState (FollowerState.java:run(111)) - cc403737-7a4a-422c-8c81-76863d71ad14@group-C5863BA76DF4-FollowerState: change to CANDIDATE, lastRpcTime:5017ms, electionTimeout:5017ms
2019-11-14 14:54:21,701 [Thread-220] INFO  impl.RoleInfo (RoleInfo.java:shutdownFollowerState(121)) - cc403737-7a4a-422c-8c81-76863d71ad14: shutdown FollowerState
2019-11-14 14:54:21,701 [Thread-220] INFO  impl.RaftServerImpl (RaftServerImpl.java:setRole(173)) - cc403737-7a4a-422c-8c81-76863d71ad14@group-C5863BA76DF4: changes role from  FOLLOWER to CANDIDATE at term 0 for changeToCandidate
2019-11-14 14:54:21,701 [Thread-220] INFO  impl.RoleInfo (RoleInfo.java:updateAndGet(143)) - cc403737-7a4a-422c-8c81-76863d71ad14: start LeaderElection
2019-11-14 14:54:21,713 [2e95d3a3-d467-4987-95b1-fa55b4c7c518@group-A25B5ABBAFF5-SegmentedRaftLogWorker] INFO  segmented.SegmentedRaftLogWorker (SegmentedRaftLogWorker.java:execute(576)) - 2e95d3a3-d467-4987-95b1-fa55b4c7c518@group-A25B5ABBAFF5-SegmentedRaftLogWorker: created new log segment /workdir/hadoop-ozone/tools/target/test-dir/MiniOzoneClusterImpl-24c23126-5e63-45a6-b3fa-6fd9e19bf9ea/datanode-1/data/ratis/a2f62a09-6bb1-424c-9b6b-a25b5abbaff5/current/log_inprogress_0
2019-11-14 14:54:21,713 [2e95d3a3-d467-4987-95b1-fa55b4c7c518@group-0902231AA6D0-SegmentedRaftLogWorker] INFO  segmented.SegmentedRaftLogWorker (SegmentedRaftLogWorker.java:execute(576)) - 2e95d3a3-d467-4987-95b1-fa55b4c7c518@group-0902231AA6D0-SegmentedRaftLogWorker: created new log segment /workdir/hadoop-ozone/tools/target/test-dir/MiniOzoneClusterImpl-24c23126-5e63-45a6-b3fa-6fd9e19bf9ea/datanode-1/data/ratis/69a45096-8800-4198-8466-0902231aa6d0/current/log_inprogress_0
2019-11-14 14:54:21,713 [cc403737-7a4a-422c-8c81-76863d71ad14@group-0902231AA6D0-SegmentedRaftLogWorker] INFO  segmented.SegmentedRaftLogWorker (SegmentedRaftLogWorker.java:execute(576)) - cc403737-7a4a-422c-8c81-76863d71ad14@group-0902231AA6D0-SegmentedRaftLogWorker: created new log segment /workdir/hadoop-ozone/tools/target/test-dir/MiniOzoneClusterImpl-24c23126-5e63-45a6-b3fa-6fd9e19bf9ea/datanode-0/data/ratis/69a45096-8800-4198-8466-0902231aa6d0/current/log_inprogress_0
2019-11-14 14:54:21,713 [076e1090-de6d-40ae-86bb-403df74e7a08@group-0902231AA6D0-SegmentedRaftLogWorker] INFO  segmented.SegmentedRaftLogWorker (SegmentedRaftLogWorker.java:execute(576)) - 076e1090-de6d-40ae-86bb-403df74e7a08@group-0902231AA6D0-SegmentedRaftLogWorker: created new log segment /workdir/hadoop-ozone/tools/target/test-dir/MiniOzoneClusterImpl-24c23126-5e63-45a6-b3fa-6fd9e19bf9ea/datanode-2/data/ratis/69a45096-8800-4198-8466-0902231aa6d0/current/log_inprogress_0
2019-11-14 14:54:21,729 [Thread-216] INFO  impl.FollowerState (FollowerState.java:run(111)) - 076e1090-de6d-40ae-86bb-403df74e7a08@group-9BCFEE72B1AB-FollowerState: change to CANDIDATE, lastRpcTime:5173ms, electionTimeout:5173ms
2019-11-14 14:54:21,730 [Thread-216] INFO  impl.RoleInfo (RoleInfo.java:shutdownFollowerState(121)) - 076e1090-de6d-40ae-86bb-403df74e7a08: shutdown FollowerState
2019-11-14 14:54:21,730 [Thread-216] INFO  impl.RaftServerImpl (RaftServerImpl.java:setRole(173)) - 076e1090-de6d-40ae-86bb-403df74e7a08@group-9BCFEE72B1AB: changes role from  FOLLOWER to CANDIDATE at term 0 for changeToCandidate
2019-11-14 14:54:21,730 [Thread-216] INFO  impl.RoleInfo (RoleInfo.java:updateAndGet(143)) - 076e1090-de6d-40ae-86bb-403df74e7a08: start LeaderElection
2019-11-14 14:54:21,735 [cc403737-7a4a-422c-8c81-76863d71ad14@group-C5863BA76DF4-LeaderElection4] INFO  impl.LeaderElection (LeaderElection.java:askForVotes(178)) - cc403737-7a4a-422c-8c81-76863d71ad14@group-C5863BA76DF4-LeaderElection4: begin an election at term 1 for -1: [cc403737-7a4a-422c-8c81-76863d71ad14:192.168.69.121:41411], old=null
2019-11-14 14:54:21,736 [cc403737-7a4a-422c-8c81-76863d71ad14@group-C5863BA76DF4-LeaderElection4] INFO  impl.RoleInfo (RoleInfo.java:shutdownLeaderElection(134)) - cc403737-7a4a-422c-8c81-76863d71ad14: shutdown LeaderElection
2019-11-14 14:54:21,736 [cc403737-7a4a-422c-8c81-76863d71ad14@group-C5863BA76DF4-LeaderElection4] INFO  impl.RaftServerImpl (RaftServerImpl.java:setRole(173)) - cc403737-7a4a-422c-8c81-76863d71ad14@group-C5863BA76DF4: changes role from CANDIDATE to LEADER at term 1 for changeToLeader
2019-11-14 14:54:21,736 [cc403737-7a4a-422c-8c81-76863d71ad14@group-C5863BA76DF4-LeaderElection4] INFO  ratis.XceiverServerRatis (XceiverServerRatis.java:handleLeaderChangedNotification(697)) - Leader change notification received for group: group-C5863BA76DF4 with new leaderId: cc403737-7a4a-422c-8c81-76863d71ad14
2019-11-14 14:54:21,737 [cc403737-7a4a-422c-8c81-76863d71ad14@group-C5863BA76DF4-LeaderElection4] INFO  impl.RaftServerImpl (ServerState.java:setLeader(255)) - cc403737-7a4a-422c-8c81-76863d71ad14@group-C5863BA76DF4: change Leader from null to cc403737-7a4a-422c-8c81-76863d71ad14 at term 1 for becomeLeader, leader elected after 5056ms
2019-11-14 14:54:21,737 [cc403737-7a4a-422c-8c81-76863d71ad14@group-C5863BA76DF4-LeaderElection4] INFO  server.RaftServerConfigKeys (ConfUtils.java:logGet(43)) - raft.server.staging.catchup.gap = 1000 (default)
2019-11-14 14:54:21,737 [cc403737-7a4a-422c-8c81-76863d71ad14@group-C5863BA76DF4-LeaderElection4] INFO  server.RaftServerConfigKeys (ConfUtils.java:logGet(43)) - raft.server.rpc.sleep.time = 25ms (default)
2019-11-14 14:54:21,737 [cc403737-7a4a-422c-8c81-76863d71ad14@group-C5863BA76DF4-LeaderElection4] INFO  server.RaftServerConfigKeys (ConfUtils.java:logGet(43)) - raft.server.write.element-limit = 4096 (default)
2019-11-14 14:54:21,738 [cc403737-7a4a-422c-8c81-76863d71ad14@group-C5863BA76DF4-LeaderElection4] INFO  server.RaftServerConfigKeys (ConfUtils.java:logGet(43)) - raft.server.watch.timeout = 10s (default)
2019-11-14 14:54:21,738 [cc403737-7a4a-422c-8c81-76863d71ad14@group-C5863BA76DF4-LeaderElection4] INFO  server.RaftServerConfigKeys (ConfUtils.java:logGet(43)) - raft.server.watch.timeout.denomination = 1s (default)
2019-11-14 14:54:21,739 [cc403737-7a4a-422c-8c81-76863d71ad14@group-C5863BA76DF4-LeaderElection4] INFO  server.RaftServerConfigKeys (ConfUtils.java:logGet(43)) - raft.server.watch.element-limit = 65536 (default)
2019-11-14 14:54:21,739 [cc403737-7a4a-422c-8c81-76863d71ad14@group-C5863BA76DF4-LeaderElection4] INFO  impl.RoleInfo (RoleInfo.java:updateAndGet(143)) - cc403737-7a4a-422c-8c81-76863d71ad14: start LeaderState
2019-11-14 14:54:21,739 [EventQueue-PipelineReportForPipelineReportHandler] INFO  pipeline.PipelineStateManager (PipelineStateManager.java:openPipeline(134)) - Pipeline Pipeline[ Id: fc8b7bbd-7c07-4cb8-8d12-c5863ba76df4, Nodes: cc403737-7a4a-422c-8c81-76863d71ad14{ip: 192.168.69.121, host: pr-hdds-2468-gmfm6-3729483342, networkLocation: /default-rack, certSerialId: null}, Type:RATIS, Factor:ONE, State:OPEN] moved to OPEN state
2019-11-14 14:54:21,739 [cc403737-7a4a-422c-8c81-76863d71ad14@group-C5863BA76DF4-LeaderElection4] INFO  segmented.SegmentedRaftLogWorker (SegmentedRaftLogWorker.java:startLogSegment(385)) - cc403737-7a4a-422c-8c81-76863d71ad14@group-C5863BA76DF4-SegmentedRaftLogWorker: Starting segment from index:0
2019-11-14 14:54:21,740 [cc403737-7a4a-422c-8c81-76863d71ad14@group-C5863BA76DF4-LeaderElection4] INFO  impl.RaftServerImpl (ServerState.java:setRaftConf(356)) - cc403737-7a4a-422c-8c81-76863d71ad14@group-C5863BA76DF4: set configuration 0: [cc403737-7a4a-422c-8c81-76863d71ad14:192.168.69.121:41411], old=null at 0
2019-11-14 14:54:21,764 [076e1090-de6d-40ae-86bb-403df74e7a08@group-9BCFEE72B1AB-LeaderElection5] INFO  impl.LeaderElection (LeaderElection.java:askForVotes(178)) - 076e1090-de6d-40ae-86bb-403df74e7a08@group-9BCFEE72B1AB-LeaderElection5: begin an election at term 1 for -1: [076e1090-de6d-40ae-86bb-403df74e7a08:192.168.69.121:46244], old=null
2019-11-14 14:54:21,764 [076e1090-de6d-40ae-86bb-403df74e7a08@group-9BCFEE72B1AB-LeaderElection5] INFO  impl.RoleInfo (RoleInfo.java:shutdownLeaderElection(134)) - 076e1090-de6d-40ae-86bb-403df74e7a08: shutdown LeaderElection
2019-11-14 14:54:21,764 [076e1090-de6d-40ae-86bb-403df74e7a08@group-9BCFEE72B1AB-LeaderElection5] INFO  impl.RaftServerImpl (RaftServerImpl.java:setRole(173)) - 076e1090-de6d-40ae-86bb-403df74e7a08@group-9BCFEE72B1AB: changes role from CANDIDATE to LEADER at term 1 for changeToLeader
2019-11-14 14:54:21,764 [076e1090-de6d-40ae-86bb-403df74e7a08@group-9BCFEE72B1AB-LeaderElection5] INFO  ratis.XceiverServerRatis (XceiverServerRatis.java:handleLeaderChangedNotification(697)) - Leader change notification received for group: group-9BCFEE72B1AB with new leaderId: 076e1090-de6d-40ae-86bb-403df74e7a08
2019-11-14 14:54:21,765 [076e1090-de6d-40ae-86bb-403df74e7a08@group-9BCFEE72B1AB-LeaderElection5] INFO  impl.RaftServerImpl (ServerState.java:setLeader(255)) - 076e1090-de6d-40ae-86bb-403df74e7a08@group-9BCFEE72B1AB: change Leader from null to 076e1090-de6d-40ae-86bb-403df74e7a08 at term 1 for becomeLeader, leader elected after 5216ms
2019-11-14 14:54:21,765 [076e1090-de6d-40ae-86bb-403df74e7a08@group-9BCFEE72B1AB-LeaderElection5] INFO  server.RaftServerConfigKeys (ConfUtils.java:logGet(43)) - raft.server.staging.catchup.gap = 1000 (default)
2019-11-14 14:54:21,766 [076e1090-de6d-40ae-86bb-403df74e7a08@group-9BCFEE72B1AB-LeaderElection5] INFO  server.RaftServerConfigKeys (ConfUtils.java:logGet(43)) - raft.server.rpc.sleep.time = 25ms (default)
2019-11-14 14:54:21,766 [076e1090-de6d-40ae-86bb-403df74e7a08@group-9BCFEE72B1AB-LeaderElection5] INFO  server.RaftServerConfigKeys (ConfUtils.java:logGet(43)) - raft.server.write.element-limit = 4096 (default)
2019-11-14 14:54:21,766 [076e1090-de6d-40ae-86bb-403df74e7a08@group-9BCFEE72B1AB-LeaderElection5] INFO  server.RaftServerConfigKeys (ConfUtils.java:logGet(43)) - raft.server.watch.timeout = 10s (default)
2019-11-14 14:54:21,767 [076e1090-de6d-40ae-86bb-403df74e7a08@group-9BCFEE72B1AB-LeaderElection5] INFO  server.RaftServerConfigKeys (ConfUtils.java:logGet(43)) - raft.server.watch.timeout.denomination = 1s (default)
2019-11-14 14:54:21,767 [076e1090-de6d-40ae-86bb-403df74e7a08@group-9BCFEE72B1AB-LeaderElection5] INFO  server.RaftServerConfigKeys (ConfUtils.java:logGet(43)) - raft.server.watch.element-limit = 65536 (default)
2019-11-14 14:54:21,768 [076e1090-de6d-40ae-86bb-403df74e7a08@group-9BCFEE72B1AB-LeaderElection5] INFO  impl.RoleInfo (RoleInfo.java:updateAndGet(143)) - 076e1090-de6d-40ae-86bb-403df74e7a08: start LeaderState
2019-11-14 14:54:21,768 [076e1090-de6d-40ae-86bb-403df74e7a08@group-9BCFEE72B1AB-LeaderElection5] INFO  segmented.SegmentedRaftLogWorker (SegmentedRaftLogWorker.java:startLogSegment(385)) - 076e1090-de6d-40ae-86bb-403df74e7a08@group-9BCFEE72B1AB-SegmentedRaftLogWorker: Starting segment from index:0
2019-11-14 14:54:21,768 [EventQueue-PipelineReportForPipelineReportHandler] INFO  pipeline.PipelineStateManager (PipelineStateManager.java:openPipeline(134)) - Pipeline Pipeline[ Id: d2728757-c0f2-4e70-9e0f-9bcfee72b1ab, Nodes: 076e1090-de6d-40ae-86bb-403df74e7a08{ip: 192.168.69.121, host: pr-hdds-2468-gmfm6-3729483342, networkLocation: /default-rack, certSerialId: null}, Type:RATIS, Factor:ONE, State:OPEN] moved to OPEN state
2019-11-14 14:54:21,769 [076e1090-de6d-40ae-86bb-403df74e7a08@group-9BCFEE72B1AB-LeaderElection5] INFO  impl.RaftServerImpl (ServerState.java:setRaftConf(356)) - 076e1090-de6d-40ae-86bb-403df74e7a08@group-9BCFEE72B1AB: set configuration 0: [076e1090-de6d-40ae-86bb-403df74e7a08:192.168.69.121:46244], old=null at 0
2019-11-14 14:54:21,794 [cc403737-7a4a-422c-8c81-76863d71ad14@group-C5863BA76DF4-SegmentedRaftLogWorker] INFO  segmented.SegmentedRaftLogWorker (SegmentedRaftLogWorker.java:execute(576)) - cc403737-7a4a-422c-8c81-76863d71ad14@group-C5863BA76DF4-SegmentedRaftLogWorker: created new log segment /workdir/hadoop-ozone/tools/target/test-dir/MiniOzoneClusterImpl-24c23126-5e63-45a6-b3fa-6fd9e19bf9ea/datanode-0/data/ratis/fc8b7bbd-7c07-4cb8-8d12-c5863ba76df4/current/log_inprogress_0
2019-11-14 14:54:21,817 [076e1090-de6d-40ae-86bb-403df74e7a08@group-9BCFEE72B1AB-SegmentedRaftLogWorker] INFO  segmented.SegmentedRaftLogWorker (SegmentedRaftLogWorker.java:execute(576)) - 076e1090-de6d-40ae-86bb-403df74e7a08@group-9BCFEE72B1AB-SegmentedRaftLogWorker: created new log segment /workdir/hadoop-ozone/tools/target/test-dir/MiniOzoneClusterImpl-24c23126-5e63-45a6-b3fa-6fd9e19bf9ea/datanode-2/data/ratis/d2728757-c0f2-4e70-9e0f-9bcfee72b1ab/current/log_inprogress_0
2019-11-14 14:54:22,132 [main] INFO  ozone.MiniOzoneClusterImpl (MiniOzoneClusterImpl.java:lambda$waitForClusterToBeReady$2(171)) - Cluster is ready. Got 3 of 3 DN Heartbeats.
2019-11-14 14:54:22,901 [main] INFO  freon.RandomKeyGenerator (RandomKeyGenerator.java:call(283)) - Number of Threads: 10
2019-11-14 14:54:22,902 [main] INFO  freon.RandomKeyGenerator (RandomKeyGenerator.java:call(288)) - Number of Volumes: 1.
2019-11-14 14:54:22,902 [main] INFO  freon.RandomKeyGenerator (RandomKeyGenerator.java:call(289)) - Number of Buckets per Volume: 1.
2019-11-14 14:54:22,902 [main] INFO  freon.RandomKeyGenerator (RandomKeyGenerator.java:call(290)) - Number of Keys per Bucket: 1.
2019-11-14 14:54:22,903 [main] INFO  freon.RandomKeyGenerator (RandomKeyGenerator.java:call(291)) - Key size: 20971520 bytes
2019-11-14 14:54:22,903 [main] INFO  freon.RandomKeyGenerator (RandomKeyGenerator.java:call(292)) - Buffer size: 4096 bytes
2019-11-14 14:54:22,903 [main] INFO  freon.RandomKeyGenerator (RandomKeyGenerator.java:call(293)) - validateWrites : true
2019-11-14 14:54:22,906 [main] INFO  freon.RandomKeyGenerator (RandomKeyGenerator.java:call(307)) - Data validation is enabled.
2019-11-14 14:54:22,907 [main] INFO  freon.RandomKeyGenerator (RandomKeyGenerator.java:call(313)) - Starting progress bar Thread.

 0.00% |?                                                                                                    |  0/1 Time: 0:00:002019-11-14 14:54:22,928 [pool-53-thread-2] INFO  rpc.RpcClient (RpcClient.java:createVolume(292)) - Creating Volume: vol-0-26217, with jenkins1000 as owner.
2019-11-14 14:54:22,965 [IPC Server handler 3 on 34322] INFO  volume.OMVolumeCreateRequest (OMVolumeCreateRequest.java:validateAndUpdateCache(193)) - created volume:vol-0-26217 for user:jenkins1000
2019-11-14 14:54:23,008 [pool-53-thread-1] INFO  rpc.RpcClient (RpcClient.java:createBucket(431)) - Creating Bucket: vol-0-26217/bucket-0-28962, with Versioning false and Storage Type set to DISK and Encryption set to false 
2019-11-14 14:54:23,170 [pool-53-thread-3] INFO  impl.MetricsSystemImpl (MetricsSystemImpl.java:init(158)) - XceiverClientMetrics metrics system started (again)
 0.00% |?                                                                                                    |  0/1 Time: 0:00:01 0.00% |?                                                                                                    |  0/1 Time: 0:00:02 100.00% |?????????????????????????????????????????????????????????????????????????????????????????????????????|  1/1 Time: 0:00:03
2019-11-14 14:54:30,479 [main] INFO  pipeline.SCMPipelineManager (SCMPipelineManager.java:finalizeAndDestroyPipeline(315)) - destroying pipeline:Pipeline[ Id: 69a45096-8800-4198-8466-0902231aa6d0, Nodes: cc403737-7a4a-422c-8c81-76863d71ad14{ip: 192.168.69.121, host: pr-hdds-2468-gmfm6-3729483342, networkLocation: /default-rack, certSerialId: null}2e95d3a3-d467-4987-95b1-fa55b4c7c518{ip: 192.168.69.121, host: pr-hdds-2468-gmfm6-3729483342, networkLocation: /default-rack, certSerialId: null}076e1090-de6d-40ae-86bb-403df74e7a08{ip: 192.168.69.121, host: pr-hdds-2468-gmfm6-3729483342, networkLocation: /default-rack, certSerialId: null}, Type:RATIS, Factor:THREE, State:OPEN]
2019-11-14 14:54:30,479 [main] INFO  pipeline.PipelineStateManager (PipelineStateManager.java:finalizePipeline(121)) - Pipeline Pipeline[ Id: 69a45096-8800-4198-8466-0902231aa6d0, Nodes: cc403737-7a4a-422c-8c81-76863d71ad14{ip: 192.168.69.121, host: pr-hdds-2468-gmfm6-3729483342, networkLocation: /default-rack, certSerialId: null}2e95d3a3-d467-4987-95b1-fa55b4c7c518{ip: 192.168.69.121, host: pr-hdds-2468-gmfm6-3729483342, networkLocation: /default-rack, certSerialId: null}076e1090-de6d-40ae-86bb-403df74e7a08{ip: 192.168.69.121, host: pr-hdds-2468-gmfm6-3729483342, networkLocation: /default-rack, certSerialId: null}, Type:RATIS, Factor:THREE, State:CLOSED] moved to CLOSED state
2019-11-14 14:54:30,480 [EventQueue-CloseContainerForCloseContainerEventHandler] INFO  container.CloseContainerEventHandler (CloseContainerEventHandler.java:onMessage(61)) - Close container Event triggered for container : #1
2019-11-14 14:54:30,486 [EventQueue-CloseContainerForCloseContainerEventHandler] INFO  container.CloseContainerEventHandler (CloseContainerEventHandler.java:onMessage(61)) - Close container Event triggered for container : #2
2019-11-14 14:54:30,490 [grpc-default-executor-2] INFO  impl.RaftServerProxy (RaftServerProxy.java:remove(95)) - cc403737-7a4a-422c-8c81-76863d71ad14: remove  FOLLOWER cc403737-7a4a-422c-8c81-76863d71ad14@group-0902231AA6D0:t1, leader=2e95d3a3-d467-4987-95b1-fa55b4c7c518, voted=2e95d3a3-d467-4987-95b1-fa55b4c7c518, raftlog=cc403737-7a4a-422c-8c81-76863d71ad14@group-0902231AA6D0-SegmentedRaftLog:OPENED:c73,f73,i73, conf=0: [076e1090-de6d-40ae-86bb-403df74e7a08:192.168.69.121:46244, cc403737-7a4a-422c-8c81-76863d71ad14:192.168.69.121:41411, 2e95d3a3-d467-4987-95b1-fa55b4c7c518:192.168.69.121:36295], old=null RUNNING
2019-11-14 14:54:30,491 [grpc-default-executor-2] INFO  impl.RaftServerImpl (RaftServerImpl.java:lambda$shutdown$3(250)) - cc403737-7a4a-422c-8c81-76863d71ad14@group-0902231AA6D0: shutdown
2019-11-14 14:54:30,491 [grpc-default-executor-2] INFO  util.JmxRegister (JmxRegister.java:unregister(73)) - Successfully un-registered JMX Bean with object name Ratis:service=RaftServer,group=group-0902231AA6D0,id=cc403737-7a4a-422c-8c81-76863d71ad14
2019-11-14 14:54:30,491 [grpc-default-executor-2] INFO  impl.RoleInfo (RoleInfo.java:shutdownFollowerState(121)) - cc403737-7a4a-422c-8c81-76863d71ad14: shutdown FollowerState
2019-11-14 14:54:30,492 [grpc-default-executor-2] INFO  impl.StateMachineUpdater (StateMachineUpdater.java:stopAndJoin(136)) - cc403737-7a4a-422c-8c81-76863d71ad14@group-0902231AA6D0-StateMachineUpdater: set stopIndex = 73
2019-11-14 14:54:30,492 [Thread-228] INFO  impl.FollowerState (FollowerState.java:run(120)) - cc403737-7a4a-422c-8c81-76863d71ad14@group-0902231AA6D0-FollowerState was interrupted: java.lang.InterruptedException: sleep interrupted
2019-11-14 14:54:30,493 [cc403737-7a4a-422c-8c81-76863d71ad14@group-0902231AA6D0-StateMachineUpdater] INFO  ratis.ContainerStateMachine (ContainerStateMachine.java:takeSnapshot(285)) - group-0902231AA6D0: Taking a snapshot at:(t:1, i:71) file /workdir/hadoop-ozone/tools/target/test-dir/MiniOzoneClusterImpl-24c23126-5e63-45a6-b3fa-6fd9e19bf9ea/datanode-0/data/ratis/69a45096-8800-4198-8466-0902231aa6d0/sm/snapshot.1_71
2019-11-14 14:54:30,494 [EventQueue-CloseContainerForCloseContainerEventHandler] INFO  container.CloseContainerEventHandler (CloseContainerEventHandler.java:onMessage(61)) - Close container Event triggered for container : #3
2019-11-14 14:54:30,537 [cc403737-7a4a-422c-8c81-76863d71ad14@group-0902231AA6D0-StateMachineUpdater] INFO  ratis.ContainerStateMachine (ContainerStateMachine.java:takeSnapshot(296)) - group-0902231AA6D0: Finished taking a snapshot at:(t:1, i:71) file:/workdir/hadoop-ozone/tools/target/test-dir/MiniOzoneClusterImpl-24c23126-5e63-45a6-b3fa-6fd9e19bf9ea/datanode-0/data/ratis/69a45096-8800-4198-8466-0902231aa6d0/sm/snapshot.1_71 time:46
2019-11-14 14:54:30,539 [cc403737-7a4a-422c-8c81-76863d71ad14@group-0902231AA6D0-StateMachineUpdater] INFO  impl.StateMachineUpdater (StateMachineUpdater.java:takeSnapshot(269)) - cc403737-7a4a-422c-8c81-76863d71ad14@group-0902231AA6D0-StateMachineUpdater: Took a snapshot at index 71
2019-11-14 14:54:30,539 [cc403737-7a4a-422c-8c81-76863d71ad14@group-0902231AA6D0-StateMachineUpdater] INFO  impl.StateMachineUpdater (StateMachineUpdater.java:lambda$new$0(84)) - cc403737-7a4a-422c-8c81-76863d71ad14@group-0902231AA6D0-StateMachineUpdater: snapshotIndex: updateIncreasingly -1 -> 71
2019-11-14 14:54:30,545 [cc403737-7a4a-422c-8c81-76863d71ad14@group-0902231AA6D0-StateMachineUpdater] INFO  ratis.ContainerStateMachine (ContainerStateMachine.java:takeSnapshot(285)) - group-0902231AA6D0: Taking a snapshot at:(t:1, i:71) file /workdir/hadoop-ozone/tools/target/test-dir/MiniOzoneClusterImpl-24c23126-5e63-45a6-b3fa-6fd9e19bf9ea/datanode-0/data/ratis/69a45096-8800-4198-8466-0902231aa6d0/sm/snapshot.1_71
2019-11-14 14:54:30,569 [cc403737-7a4a-422c-8c81-76863d71ad14@group-0902231AA6D0-StateMachineUpdater] INFO  ratis.ContainerStateMachine (ContainerStateMachine.java:takeSnapshot(296)) - group-0902231AA6D0: Finished taking a snapshot at:(t:1, i:71) file:/workdir/hadoop-ozone/tools/target/test-dir/MiniOzoneClusterImpl-24c23126-5e63-45a6-b3fa-6fd9e19bf9ea/datanode-0/data/ratis/69a45096-8800-4198-8466-0902231aa6d0/sm/snapshot.1_71 time:23
2019-11-14 14:54:30,569 [cc403737-7a4a-422c-8c81-76863d71ad14@group-0902231AA6D0-StateMachineUpdater] INFO  impl.StateMachineUpdater (StateMachineUpdater.java:takeSnapshot(269)) - cc403737-7a4a-422c-8c81-76863d71ad14@group-0902231AA6D0-StateMachineUpdater: Took a snapshot at index 71
2019-11-14 14:54:30,569 [cc403737-7a4a-422c-8c81-76863d71ad14@group-0902231AA6D0-StateMachineUpdater] INFO  impl.StateMachineUpdater (StateMachineUpdater.java:lambda$new$0(84)) - cc403737-7a4a-422c-8c81-76863d71ad14@group-0902231AA6D0-StateMachineUpdater: snapshotIndex: updateIncreasingly 71 -> 71
2019-11-14 14:54:30,570 [grpc-default-executor-2] INFO  impl.RaftServerImpl (ServerState.java:close(387)) - cc403737-7a4a-422c-8c81-76863d71ad14@group-0902231AA6D0: closes. applyIndex: 73
2019-11-14 14:54:30,571 [cc403737-7a4a-422c-8c81-76863d71ad14@group-0902231AA6D0-SegmentedRaftLogWorker] INFO  segmented.SegmentedRaftLogWorker (SegmentedRaftLogWorker.java:run(316)) - cc403737-7a4a-422c-8c81-76863d71ad14@group-0902231AA6D0-SegmentedRaftLogWorker was interrupted, exiting. There are 0 tasks remaining in the queue.
2019-11-14 14:54:30,574 [grpc-default-executor-2] INFO  segmented.SegmentedRaftLogWorker (SegmentedRaftLogWorker.java:close(224)) - cc403737-7a4a-422c-8c81-76863d71ad14@group-0902231AA6D0-SegmentedRaftLogWorker close()
2019-11-14 14:54:30,618 [grpc-default-executor-2] INFO  interfaces.Container (KeyValueContainer.java:flushAndSyncDB(400)) - Container 1 is synced with bcsId 55.
2019-11-14 14:54:30,619 [grpc-default-executor-2] INFO  interfaces.Container (KeyValueContainer.java:flushAndSyncDB(400)) - Container 1 is synced with bcsId 55.
2019-11-14 14:54:30,642 [EventQueue-IncrementalContainerReportForIncrementalContainerReportHandler] INFO  container.IncrementalContainerReportHandler (AbstractContainerReportHandler.java:updateContainerState(171)) - Moving container #1 to QUASI_CLOSED state, datanode cc403737-7a4a-422c-8c81-76863d71ad14{ip: 192.168.69.121, host: pr-hdds-2468-gmfm6-3729483342, networkLocation: /default-rack, certSerialId: null} reported QUASI_CLOSED replica.
2019-11-14 14:54:30,684 [grpc-default-executor-2] INFO  interfaces.Container (KeyValueContainer.java:flushAndSyncDB(400)) - Container 2 is synced with bcsId 71.
2019-11-14 14:54:30,684 [grpc-default-executor-2] INFO  interfaces.Container (KeyValueContainer.java:flushAndSyncDB(400)) - Container 2 is synced with bcsId 71.
2019-11-14 14:54:30,711 [EventQueue-IncrementalContainerReportForIncrementalContainerReportHandler] INFO  container.IncrementalContainerReportHandler (AbstractContainerReportHandler.java:updateContainerState(171)) - Moving container #2 to QUASI_CLOSED state, datanode cc403737-7a4a-422c-8c81-76863d71ad14{ip: 192.168.69.121, host: pr-hdds-2468-gmfm6-3729483342, networkLocation: /default-rack, certSerialId: null} reported QUASI_CLOSED replica.
2019-11-14 14:54:30,755 [grpc-default-executor-2] INFO  interfaces.Container (KeyValueContainer.java:flushAndSyncDB(400)) - Container 3 is synced with bcsId 37.
2019-11-14 14:54:30,755 [grpc-default-executor-2] INFO  interfaces.Container (KeyValueContainer.java:flushAndSyncDB(400)) - Container 3 is synced with bcsId 37.
2019-11-14 14:54:30,782 [EventQueue-IncrementalContainerReportForIncrementalContainerReportHandler] INFO  container.IncrementalContainerReportHandler (AbstractContainerReportHandler.java:updateContainerState(171)) - Moving container #3 to QUASI_CLOSED state, datanode cc403737-7a4a-422c-8c81-76863d71ad14{ip: 192.168.69.121, host: pr-hdds-2468-gmfm6-3729483342, networkLocation: /default-rack, certSerialId: null} reported QUASI_CLOSED replica.
2019-11-14 14:54:30,794 [grpc-default-executor-2] INFO  impl.RaftServerProxy (RaftServerProxy.java:remove(95)) - 2e95d3a3-d467-4987-95b1-fa55b4c7c518: remove    LEADER 2e95d3a3-d467-4987-95b1-fa55b4c7c518@group-0902231AA6D0:t1, leader=2e95d3a3-d467-4987-95b1-fa55b4c7c518, voted=2e95d3a3-d467-4987-95b1-fa55b4c7c518, raftlog=2e95d3a3-d467-4987-95b1-fa55b4c7c518@group-0902231AA6D0-SegmentedRaftLog:OPENED:c73,f73,i73, conf=0: [076e1090-de6d-40ae-86bb-403df74e7a08:192.168.69.121:46244, cc403737-7a4a-422c-8c81-76863d71ad14:192.168.69.121:41411, 2e95d3a3-d467-4987-95b1-fa55b4c7c518:192.168.69.121:36295], old=null RUNNING
2019-11-14 14:54:30,794 [grpc-default-executor-2] INFO  impl.RaftServerImpl (RaftServerImpl.java:lambda$shutdown$3(250)) - 2e95d3a3-d467-4987-95b1-fa55b4c7c518@group-0902231AA6D0: shutdown
2019-11-14 14:54:30,794 [grpc-default-executor-2] INFO  util.JmxRegister (JmxRegister.java:unregister(73)) - Successfully un-registered JMX Bean with object name Ratis:service=RaftServer,group=group-0902231AA6D0,id=2e95d3a3-d467-4987-95b1-fa55b4c7c518
2019-11-14 14:54:30,795 [grpc-default-executor-2] INFO  impl.RoleInfo (RoleInfo.java:shutdownLeaderState(104)) - 2e95d3a3-d467-4987-95b1-fa55b4c7c518: shutdown LeaderState
2019-11-14 14:54:30,797 [org.apache.ratis.server.impl.LogAppender$AppenderDaemon$$Lambda$388/1412514490@451bfca5] WARN  server.GrpcLogAppender (GrpcLogAppender.java:mayWait(151)) - 2e95d3a3-d467-4987-95b1-fa55b4c7c518@group-0902231AA6D0->cc403737-7a4a-422c-8c81-76863d71ad14-GrpcLogAppender: Wait interrupted by java.lang.InterruptedException
2019-11-14 14:54:30,798 [grpc-default-executor-2] INFO  impl.PendingRequests (PendingRequests.java:sendNotLeaderResponses(206)) - 2e95d3a3-d467-4987-95b1-fa55b4c7c518@group-0902231AA6D0-PendingRequests: sendNotLeaderResponses
2019-11-14 14:54:30,798 [org.apache.ratis.server.impl.LogAppender$AppenderDaemon$$Lambda$388/1412514490@57c62591] WARN  server.GrpcLogAppender (GrpcLogAppender.java:mayWait(151)) - 2e95d3a3-d467-4987-95b1-fa55b4c7c518@group-0902231AA6D0->076e1090-de6d-40ae-86bb-403df74e7a08-GrpcLogAppender: Wait interrupted by java.lang.InterruptedException
2019-11-14 14:54:30,812 [grpc-default-executor-2] INFO  impl.StateMachineUpdater (StateMachineUpdater.java:stopAndJoin(136)) - 2e95d3a3-d467-4987-95b1-fa55b4c7c518@group-0902231AA6D0-StateMachineUpdater: set stopIndex = 73
2019-11-14 14:54:30,812 [2e95d3a3-d467-4987-95b1-fa55b4c7c518@group-0902231AA6D0-StateMachineUpdater] INFO  ratis.ContainerStateMachine (ContainerStateMachine.java:takeSnapshot(285)) - group-0902231AA6D0: Taking a snapshot at:(t:1, i:71) file /workdir/hadoop-ozone/tools/target/test-dir/MiniOzoneClusterImpl-24c23126-5e63-45a6-b3fa-6fd9e19bf9ea/datanode-1/data/ratis/69a45096-8800-4198-8466-0902231aa6d0/sm/snapshot.1_71
2019-11-14 14:54:30,812 [grpc-default-executor-3] INFO  server.GrpcServerProtocolService (GrpcServerProtocolService.java:onCompleted(113)) - cc403737-7a4a-422c-8c81-76863d71ad14: Completed APPEND_ENTRIES, lastRequest: 2e95d3a3-d467-4987-95b1-fa55b4c7c518->cc403737-7a4a-422c-8c81-76863d71ad14#76-t1, previous=(t:1, i:73), leaderCommit=73, initializing? false, entries: <empty>
2019-11-14 14:54:30,812 [grpc-default-executor-0] INFO  server.GrpcServerProtocolService (GrpcServerProtocolService.java:onCompleted(113)) - 076e1090-de6d-40ae-86bb-403df74e7a08: Completed APPEND_ENTRIES, lastRequest: 2e95d3a3-d467-4987-95b1-fa55b4c7c518->076e1090-de6d-40ae-86bb-403df74e7a08#76-t1, previous=(t:1, i:73), leaderCommit=73, initializing? false, entries: <empty>
2019-11-14 14:54:30,814 [grpc-default-executor-1] INFO  server.GrpcLogAppender (GrpcLogAppender.java:onCompleted(308)) - 2e95d3a3-d467-4987-95b1-fa55b4c7c518@group-0902231AA6D0->cc403737-7a4a-422c-8c81-76863d71ad14-AppendLogResponseHandler: follower responses appendEntries COMPLETED
2019-11-14 14:54:30,814 [grpc-default-executor-0] INFO  server.GrpcLogAppender (GrpcLogAppender.java:onCompleted(308)) - 2e95d3a3-d467-4987-95b1-fa55b4c7c518@group-0902231AA6D0->076e1090-de6d-40ae-86bb-403df74e7a08-AppendLogResponseHandler: follower responses appendEntries COMPLETED
2019-11-14 14:54:30,818 [grpc-default-executor-1] INFO  impl.FollowerInfo (FollowerInfo.java:lambda$new$0(51)) - 2e95d3a3-d467-4987-95b1-fa55b4c7c518@group-0902231AA6D0->cc403737-7a4a-422c-8c81-76863d71ad14: nextIndex: updateUnconditionally 74 -> 73
2019-11-14 14:54:30,818 [grpc-default-executor-0] INFO  impl.FollowerInfo (FollowerInfo.java:lambda$new$0(51)) - 2e95d3a3-d467-4987-95b1-fa55b4c7c518@group-0902231AA6D0->076e1090-de6d-40ae-86bb-403df74e7a08: nextIndex: updateUnconditionally 74 -> 73
2019-11-14 14:54:30,836 [2e95d3a3-d467-4987-95b1-fa55b4c7c518@group-0902231AA6D0-StateMachineUpdater] INFO  ratis.ContainerStateMachine (ContainerStateMachine.java:takeSnapshot(296)) - group-0902231AA6D0: Finished taking a snapshot at:(t:1, i:71) file:/workdir/hadoop-ozone/tools/target/test-dir/MiniOzoneClusterImpl-24c23126-5e63-45a6-b3fa-6fd9e19bf9ea/datanode-1/data/ratis/69a45096-8800-4198-8466-0902231aa6d0/sm/snapshot.1_71 time:24
2019-11-14 14:54:30,836 [2e95d3a3-d467-4987-95b1-fa55b4c7c518@group-0902231AA6D0-StateMachineUpdater] INFO  impl.StateMachineUpdater (StateMachineUpdater.java:takeSnapshot(269)) - 2e95d3a3-d467-4987-95b1-fa55b4c7c518@group-0902231AA6D0-StateMachineUpdater: Took a snapshot at index 71
2019-11-14 14:54:30,837 [2e95d3a3-d467-4987-95b1-fa55b4c7c518@group-0902231AA6D0-StateMachineUpdater] INFO  impl.StateMachineUpdater (StateMachineUpdater.java:lambda$new$0(84)) - 2e95d3a3-d467-4987-95b1-fa55b4c7c518@group-0902231AA6D0-StateMachineUpdater: snapshotIndex: updateIncreasingly -1 -> 71
2019-11-14 14:54:30,837 [2e95d3a3-d467-4987-95b1-fa55b4c7c518@group-0902231AA6D0-StateMachineUpdater] INFO  ratis.ContainerStateMachine (ContainerStateMachine.java:takeSnapshot(285)) - group-0902231AA6D0: Taking a snapshot at:(t:1, i:71) file /workdir/hadoop-ozone/tools/target/test-dir/MiniOzoneClusterImpl-24c23126-5e63-45a6-b3fa-6fd9e19bf9ea/datanode-1/data/ratis/69a45096-8800-4198-8466-0902231aa6d0/sm/snapshot.1_71
2019-11-14 14:54:30,860 [2e95d3a3-d467-4987-95b1-fa55b4c7c518@group-0902231AA6D0-StateMachineUpdater] INFO  ratis.ContainerStateMachine (ContainerStateMachine.java:takeSnapshot(296)) - group-0902231AA6D0: Finished taking a snapshot at:(t:1, i:71) file:/workdir/hadoop-ozone/tools/target/test-dir/MiniOzoneClusterImpl-24c23126-5e63-45a6-b3fa-6fd9e19bf9ea/datanode-1/data/ratis/69a45096-8800-4198-8466-0902231aa6d0/sm/snapshot.1_71 time:24
2019-11-14 14:54:30,860 [2e95d3a3-d467-4987-95b1-fa55b4c7c518@group-0902231AA6D0-StateMachineUpdater] INFO  impl.StateMachineUpdater (StateMachineUpdater.java:takeSnapshot(269)) - 2e95d3a3-d467-4987-95b1-fa55b4c7c518@group-0902231AA6D0-StateMachineUpdater: Took a snapshot at index 71
2019-11-14 14:54:30,860 [2e95d3a3-d467-4987-95b1-fa55b4c7c518@group-0902231AA6D0-StateMachineUpdater] INFO  impl.StateMachineUpdater (StateMachineUpdater.java:lambda$new$0(84)) - 2e95d3a3-d467-4987-95b1-fa55b4c7c518@group-0902231AA6D0-StateMachineUpdater: snapshotIndex: updateIncreasingly 71 -> 71
2019-11-14 14:54:30,861 [grpc-default-executor-2] INFO  impl.RaftServerImpl (ServerState.java:close(387)) - 2e95d3a3-d467-4987-95b1-fa55b4c7c518@group-0902231AA6D0: closes. applyIndex: 73
2019-11-14 14:54:30,862 [2e95d3a3-d467-4987-95b1-fa55b4c7c518@group-0902231AA6D0-SegmentedRaftLogWorker] INFO  segmented.SegmentedRaftLogWorker (SegmentedRaftLogWorker.java:run(316)) - 2e95d3a3-d467-4987-95b1-fa55b4c7c518@group-0902231AA6D0-SegmentedRaftLogWorker was interrupted, exiting. There are 0 tasks remaining in the queue.
2019-11-14 14:54:30,864 [grpc-default-executor-2] INFO  segmented.SegmentedRaftLogWorker (SegmentedRaftLogWorker.java:close(224)) - 2e95d3a3-d467-4987-95b1-fa55b4c7c518@group-0902231AA6D0-SegmentedRaftLogWorker close()
2019-11-14 14:54:30,893 [grpc-default-executor-2] INFO  interfaces.Container (KeyValueContainer.java:flushAndSyncDB(400)) - Container 1 is synced with bcsId 55.
2019-11-14 14:54:30,893 [grpc-default-executor-2] INFO  interfaces.Container (KeyValueContainer.java:flushAndSyncDB(400)) - Container 1 is synced with bcsId 55.
2019-11-14 14:54:30,925 [grpc-default-executor-2] INFO  interfaces.Container (KeyValueContainer.java:flushAndSyncDB(400)) - Container 2 is synced with bcsId 71.
2019-11-14 14:54:30,925 [grpc-default-executor-2] INFO  interfaces.Container (KeyValueContainer.java:flushAndSyncDB(400)) - Container 2 is synced with bcsId 71.
2019-11-14 14:54:30,956 [grpc-default-executor-2] INFO  interfaces.Container (KeyValueContainer.java:flushAndSyncDB(400)) - Container 3 is synced with bcsId 37.
2019-11-14 14:54:30,957 [grpc-default-executor-2] INFO  interfaces.Container (KeyValueContainer.java:flushAndSyncDB(400)) - Container 3 is synced with bcsId 37.
2019-11-14 14:54:30,977 [grpc-default-executor-2] INFO  impl.RaftServerProxy (RaftServerProxy.java:remove(95)) - 076e1090-de6d-40ae-86bb-403df74e7a08: remove  FOLLOWER 076e1090-de6d-40ae-86bb-403df74e7a08@group-0902231AA6D0:t1, leader=2e95d3a3-d467-4987-95b1-fa55b4c7c518, voted=076e1090-de6d-40ae-86bb-403df74e7a08, raftlog=076e1090-de6d-40ae-86bb-403df74e7a08@group-0902231AA6D0-SegmentedRaftLog:OPENED:c73,f73,i73, conf=0: [076e1090-de6d-40ae-86bb-403df74e7a08:192.168.69.121:46244, cc403737-7a4a-422c-8c81-76863d71ad14:192.168.69.121:41411, 2e95d3a3-d467-4987-95b1-fa55b4c7c518:192.168.69.121:36295], old=null RUNNING
2019-11-14 14:54:30,978 [grpc-default-executor-2] INFO  impl.RaftServerImpl (RaftServerImpl.java:lambda$shutdown$3(250)) - 076e1090-de6d-40ae-86bb-403df74e7a08@group-0902231AA6D0: shutdown
2019-11-14 14:54:30,978 [grpc-default-executor-2] INFO  util.JmxRegister (JmxRegister.java:unregister(73)) - Successfully un-registered JMX Bean with object name Ratis:service=RaftServer,group=group-0902231AA6D0,id=076e1090-de6d-40ae-86bb-403df74e7a08
2019-11-14 14:54:30,978 [grpc-default-executor-2] INFO  impl.RoleInfo (RoleInfo.java:shutdownFollowerState(121)) - 076e1090-de6d-40ae-86bb-403df74e7a08: shutdown FollowerState
2019-11-14 14:54:30,978 [grpc-default-executor-2] INFO  impl.StateMachineUpdater (StateMachineUpdater.java:stopAndJoin(136)) - 076e1090-de6d-40ae-86bb-403df74e7a08@group-0902231AA6D0-StateMachineUpdater: set stopIndex = 73
2019-11-14 14:54:30,978 [076e1090-de6d-40ae-86bb-403df74e7a08@group-0902231AA6D0-StateMachineUpdater] INFO  ratis.ContainerStateMachine (ContainerStateMachine.java:takeSnapshot(285)) - group-0902231AA6D0: Taking a snapshot at:(t:1, i:71) file /workdir/hadoop-ozone/tools/target/test-dir/MiniOzoneClusterImpl-24c23126-5e63-45a6-b3fa-6fd9e19bf9ea/datanode-2/data/ratis/69a45096-8800-4198-8466-0902231aa6d0/sm/snapshot.1_71
2019-11-14 14:54:30,979 [Thread-234] INFO  impl.FollowerState (FollowerState.java:run(120)) - 076e1090-de6d-40ae-86bb-403df74e7a08@group-0902231AA6D0-FollowerState was interrupted: java.lang.InterruptedException: sleep interrupted
2019-11-14 14:54:30,994 [076e1090-de6d-40ae-86bb-403df74e7a08@group-0902231AA6D0-StateMachineUpdater] INFO  ratis.ContainerStateMachine (ContainerStateMachine.java:takeSnapshot(296)) - group-0902231AA6D0: Finished taking a snapshot at:(t:1, i:71) file:/workdir/hadoop-ozone/tools/target/test-dir/MiniOzoneClusterImpl-24c23126-5e63-45a6-b3fa-6fd9e19bf9ea/datanode-2/data/ratis/69a45096-8800-4198-8466-0902231aa6d0/sm/snapshot.1_71 time:16
2019-11-14 14:54:30,994 [076e1090-de6d-40ae-86bb-403df74e7a08@group-0902231AA6D0-StateMachineUpdater] INFO  impl.StateMachineUpdater (StateMachineUpdater.java:takeSnapshot(269)) - 076e1090-de6d-40ae-86bb-403df74e7a08@group-0902231AA6D0-StateMachineUpdater: Took a snapshot at index 71
2019-11-14 14:54:30,995 [076e1090-de6d-40ae-86bb-403df74e7a08@group-0902231AA6D0-StateMachineUpdater] INFO  impl.StateMachineUpdater (StateMachineUpdater.java:lambda$new$0(84)) - 076e1090-de6d-40ae-86bb-403df74e7a08@group-0902231AA6D0-StateMachineUpdater: snapshotIndex: updateIncreasingly -1 -> 71
2019-11-14 14:54:30,995 [076e1090-de6d-40ae-86bb-403df74e7a08@group-0902231AA6D0-StateMachineUpdater] INFO  ratis.ContainerStateMachine (ContainerStateMachine.java:takeSnapshot(285)) - group-0902231AA6D0: Taking a snapshot at:(t:1, i:71) file /workdir/hadoop-ozone/tools/target/test-dir/MiniOzoneClusterImpl-24c23126-5e63-45a6-b3fa-6fd9e19bf9ea/datanode-2/data/ratis/69a45096-8800-4198-8466-0902231aa6d0/sm/snapshot.1_71
2019-11-14 14:54:31,022 [076e1090-de6d-40ae-86bb-403df74e7a08@group-0902231AA6D0-StateMachineUpdater] INFO  ratis.ContainerStateMachine (ContainerStateMachine.java:takeSnapshot(296)) - group-0902231AA6D0: Finished taking a snapshot at:(t:1, i:71) file:/workdir/hadoop-ozone/tools/target/test-dir/MiniOzoneClusterImpl-24c23126-5e63-45a6-b3fa-6fd9e19bf9ea/datanode-2/data/ratis/69a45096-8800-4198-8466-0902231aa6d0/sm/snapshot.1_71 time:27
2019-11-14 14:54:31,022 [076e1090-de6d-40ae-86bb-403df74e7a08@group-0902231AA6D0-StateMachineUpdater] INFO  impl.StateMachineUpdater (StateMachineUpdater.java:takeSnapshot(269)) - 076e1090-de6d-40ae-86bb-403df74e7a08@group-0902231AA6D0-StateMachineUpdater: Took a snapshot at index 71
2019-11-14 14:54:31,022 [076e1090-de6d-40ae-86bb-403df74e7a08@group-0902231AA6D0-StateMachineUpdater] INFO  impl.StateMachineUpdater (StateMachineUpdater.java:lambda$new$0(84)) - 076e1090-de6d-40ae-86bb-403df74e7a08@group-0902231AA6D0-StateMachineUpdater: snapshotIndex: updateIncreasingly 71 -> 71
2019-11-14 14:54:31,023 [grpc-default-executor-2] INFO  impl.RaftServerImpl (ServerState.java:close(387)) - 076e1090-de6d-40ae-86bb-403df74e7a08@group-0902231AA6D0: closes. applyIndex: 73
2019-11-14 14:54:31,024 [076e1090-de6d-40ae-86bb-403df74e7a08@group-0902231AA6D0-SegmentedRaftLogWorker] INFO  segmented.SegmentedRaftLogWorker (SegmentedRaftLogWorker.java:run(316)) - 076e1090-de6d-40ae-86bb-403df74e7a08@group-0902231AA6D0-SegmentedRaftLogWorker was interrupted, exiting. There are 0 tasks remaining in the queue.
2019-11-14 14:54:31,025 [grpc-default-executor-2] INFO  segmented.SegmentedRaftLogWorker (SegmentedRaftLogWorker.java:close(224)) - 076e1090-de6d-40ae-86bb-403df74e7a08@group-0902231AA6D0-SegmentedRaftLogWorker close()
2019-11-14 14:54:31,055 [grpc-default-executor-2] INFO  interfaces.Container (KeyValueContainer.java:flushAndSyncDB(400)) - Container 1 is synced with bcsId 55.
2019-11-14 14:54:31,055 [grpc-default-executor-2] INFO  interfaces.Container (KeyValueContainer.java:flushAndSyncDB(400)) - Container 1 is synced with bcsId 55.
2019-11-14 14:54:31,105 [grpc-default-executor-2] INFO  interfaces.Container (KeyValueContainer.java:flushAndSyncDB(400)) - Container 2 is synced with bcsId 71.
2019-11-14 14:54:31,106 [grpc-default-executor-2] INFO  interfaces.Container (KeyValueContainer.java:flushAndSyncDB(400)) - Container 2 is synced with bcsId 71.
2019-11-14 14:54:31,163 [grpc-default-executor-2] INFO  interfaces.Container (KeyValueContainer.java:flushAndSyncDB(400)) - Container 3 is synced with bcsId 37.
2019-11-14 14:54:31,163 [grpc-default-executor-2] INFO  interfaces.Container (KeyValueContainer.java:flushAndSyncDB(400)) - Container 3 is synced with bcsId 37.
2019-11-14 14:54:31,193 [main] INFO  pipeline.PipelineStateManager (PipelineStateManager.java:removePipeline(106)) - Pipeline Pipeline[ Id: 69a45096-8800-4198-8466-0902231aa6d0, Nodes: cc403737-7a4a-422c-8c81-76863d71ad14{ip: 192.168.69.121, host: pr-hdds-2468-gmfm6-3729483342, networkLocation: /default-rack, certSerialId: null}2e95d3a3-d467-4987-95b1-fa55b4c7c518{ip: 192.168.69.121, host: pr-hdds-2468-gmfm6-3729483342, networkLocation: /default-rack, certSerialId: null}076e1090-de6d-40ae-86bb-403df74e7a08{ip: 192.168.69.121, host: pr-hdds-2468-gmfm6-3729483342, networkLocation: /default-rack, certSerialId: null}, Type:RATIS, Factor:THREE, State:CLOSED] removed from db
2019-11-14 14:54:31,210 [grpc-default-executor-0] INFO  impl.RaftServerProxy (RaftServerProxy.java:addNew(89)) - 2e95d3a3-d467-4987-95b1-fa55b4c7c518: addNew group-59A10C74F5B2:[076e1090-de6d-40ae-86bb-403df74e7a08:192.168.69.121:46244, cc403737-7a4a-422c-8c81-76863d71ad14:192.168.69.121:41411, 2e95d3a3-d467-4987-95b1-fa55b4c7c518:192.168.69.121:36295] returns group-59A10C74F5B2:java.util.concurrent.CompletableFuture@556284b5[Not completed]
2019-11-14 14:54:31,210 [grpc-default-executor-2] INFO  impl.RaftServerProxy (RaftServerProxy.java:addNew(89)) - 076e1090-de6d-40ae-86bb-403df74e7a08: addNew group-59A10C74F5B2:[076e1090-de6d-40ae-86bb-403df74e7a08:192.168.69.121:46244, cc403737-7a4a-422c-8c81-76863d71ad14:192.168.69.121:41411, 2e95d3a3-d467-4987-95b1-fa55b4c7c518:192.168.69.121:36295] returns group-59A10C74F5B2:java.util.concurrent.CompletableFuture@25a811ee[Not completed]
2019-11-14 14:54:31,210 [grpc-default-executor-1] INFO  impl.RaftServerProxy (RaftServerProxy.java:addNew(89)) - cc403737-7a4a-422c-8c81-76863d71ad14: addNew group-59A10C74F5B2:[076e1090-de6d-40ae-86bb-403df74e7a08:192.168.69.121:46244, cc403737-7a4a-422c-8c81-76863d71ad14:192.168.69.121:41411, 2e95d3a3-d467-4987-95b1-fa55b4c7c518:192.168.69.121:36295] returns group-59A10C74F5B2:java.util.concurrent.CompletableFuture@2977c071[Not completed]
2019-11-14 14:54:31,213 [pool-37-thread-1] INFO  impl.RaftServerImpl (RaftServerImpl.java:<init>(98)) - 2e95d3a3-d467-4987-95b1-fa55b4c7c518: new RaftServerImpl for group-59A10C74F5B2:[076e1090-de6d-40ae-86bb-403df74e7a08:192.168.69.121:46244, cc403737-7a4a-422c-8c81-76863d71ad14:192.168.69.121:41411, 2e95d3a3-d467-4987-95b1-fa55b4c7c518:192.168.69.121:36295] with ContainerStateMachine:uninitialized
2019-11-14 14:54:31,214 [pool-37-thread-1] INFO  server.RaftServerConfigKeys (ConfUtils.java:logGet(43)) - raft.server.rpc.timeout.min = 5s (custom)
2019-11-14 14:54:31,214 [pool-37-thread-1] INFO  server.RaftServerConfigKeys (ConfUtils.java:logGet(43)) - raft.server.rpc.timeout.max = 5200ms (custom)
2019-11-14 14:54:31,214 [pool-37-thread-1] INFO  server.RaftServerConfigKeys (ConfUtils.java:logGet(43)) - raft.server.rpcslowness.timeout = 120s (custom)
2019-11-14 14:54:31,214 [pool-37-thread-1] INFO  server.RaftServerConfigKeys (ConfUtils.java:logGet(43)) - raft.server.sleep.deviation.threshold = 300 (default)
2019-11-14 14:54:31,214 [pool-37-thread-1] INFO  server.RaftServerConfigKeys (ConfUtils.java:logGet(43)) - raft.server.log.appender.install.snapshot.enabled = false (custom)
2019-11-14 14:54:31,214 [pool-37-thread-1] INFO  impl.RaftServerImpl (ServerState.java:<init>(103)) - 2e95d3a3-d467-4987-95b1-fa55b4c7c518@group-59A10C74F5B2: ConfigurationManager, init=-1: [076e1090-de6d-40ae-86bb-403df74e7a08:192.168.69.121:46244, cc403737-7a4a-422c-8c81-76863d71ad14:192.168.69.121:41411, 2e95d3a3-d467-4987-95b1-fa55b4c7c518:192.168.69.121:36295], old=null, confs=<EMPTY_MAP>
2019-11-14 14:54:31,214 [pool-37-thread-1] INFO  server.RaftServerConfigKeys (ConfUtils.java:logGet(43)) - raft.server.storage.dir = [/workdir/hadoop-ozone/tools/target/test-dir/MiniOzoneClusterImpl-24c23126-5e63-45a6-b3fa-6fd9e19bf9ea/datanode-1/data/ratis] (custom)
2019-11-14 14:54:31,215 [pool-37-thread-1] INFO  server.RaftServerConfigKeys (ConfUtils.java:logGet(43)) - raft.server.log.corruption.policy = EXCEPTION (default)
2019-11-14 14:54:31,215 [pool-37-thread-1] INFO  storage.RaftStorageDirectory (RaftStorageDirectory.java:analyzeStorage(246)) - The storage directory /workdir/hadoop-ozone/tools/target/test-dir/MiniOzoneClusterImpl-24c23126-5e63-45a6-b3fa-6fd9e19bf9ea/datanode-1/data/ratis/55ad7cf5-2871-4fd7-b646-59a10c74f5b2 does not exist. Creating ...
2019-11-14 14:54:31,216 [pool-27-thread-1] INFO  impl.RaftServerImpl (RaftServerImpl.java:<init>(98)) - cc403737-7a4a-422c-8c81-76863d71ad14: new RaftServerImpl for group-59A10C74F5B2:[076e1090-de6d-40ae-86bb-403df74e7a08:192.168.69.121:46244, cc403737-7a4a-422c-8c81-76863d71ad14:192.168.69.121:41411, 2e95d3a3-d467-4987-95b1-fa55b4c7c518:192.168.69.121:36295] with ContainerStateMachine:uninitialized
2019-11-14 14:54:31,216 [pool-27-thread-1] INFO  server.RaftServerConfigKeys (ConfUtils.java:logGet(43)) - raft.server.rpc.timeout.min = 5s (custom)
2019-11-14 14:54:31,216 [pool-27-thread-1] INFO  server.RaftServerConfigKeys (ConfUtils.java:logGet(43)) - raft.server.rpc.timeout.max = 5200ms (custom)
2019-11-14 14:54:31,216 [pool-47-thread-1] INFO  impl.RaftServerImpl (RaftServerImpl.java:<init>(98)) - 076e1090-de6d-40ae-86bb-403df74e7a08: new RaftServerImpl for group-59A10C74F5B2:[076e1090-de6d-40ae-86bb-403df74e7a08:192.168.69.121:46244, cc403737-7a4a-422c-8c81-76863d71ad14:192.168.69.121:41411, 2e95d3a3-d467-4987-95b1-fa55b4c7c518:192.168.69.121:36295] with ContainerStateMachine:uninitialized
2019-11-14 14:54:31,216 [pool-27-thread-1] INFO  server.RaftServerConfigKeys (ConfUtils.java:logGet(43)) - raft.server.rpcslowness.timeout = 120s (custom)
2019-11-14 14:54:31,217 [pool-47-thread-1] INFO  server.RaftServerConfigKeys (ConfUtils.java:logGet(43)) - raft.server.rpc.timeout.min = 5s (custom)
2019-11-14 14:54:31,217 [pool-27-thread-1] INFO  server.RaftServerConfigKeys (ConfUtils.java:logGet(43)) - raft.server.sleep.deviation.threshold = 300 (default)
2019-11-14 14:54:31,217 [pool-47-thread-1] INFO  server.RaftServerConfigKeys (ConfUtils.java:logGet(43)) - raft.server.rpc.timeout.max = 5200ms (custom)
2019-11-14 14:54:31,217 [pool-27-thread-1] INFO  server.RaftServerConfigKeys (ConfUtils.java:logGet(43)) - raft.server.log.appender.install.snapshot.enabled = false (custom)
2019-11-14 14:54:31,217 [pool-47-thread-1] INFO  server.RaftServerConfigKeys (ConfUtils.java:logGet(43)) - raft.server.rpcslowness.timeout = 120s (custom)
2019-11-14 14:54:31,217 [pool-47-thread-1] INFO  server.RaftServerConfigKeys (ConfUtils.java:logGet(43)) - raft.server.sleep.deviation.threshold = 300 (default)
2019-11-14 14:54:31,217 [pool-27-thread-1] INFO  impl.RaftServerImpl (ServerState.java:<init>(103)) - cc403737-7a4a-422c-8c81-76863d71ad14@group-59A10C74F5B2: ConfigurationManager, init=-1: [076e1090-de6d-40ae-86bb-403df74e7a08:192.168.69.121:46244, cc403737-7a4a-422c-8c81-76863d71ad14:192.168.69.121:41411, 2e95d3a3-d467-4987-95b1-fa55b4c7c518:192.168.69.121:36295], old=null, confs=<EMPTY_MAP>
2019-11-14 14:54:31,217 [pool-47-thread-1] INFO  server.RaftServerConfigKeys (ConfUtils.java:logGet(43)) - raft.server.log.appender.install.snapshot.enabled = false (custom)
2019-11-14 14:54:31,218 [pool-47-thread-1] INFO  impl.RaftServerImpl (ServerState.java:<init>(103)) - 076e1090-de6d-40ae-86bb-403df74e7a08@group-59A10C74F5B2: ConfigurationManager, init=-1: [076e1090-de6d-40ae-86bb-403df74e7a08:192.168.69.121:46244, cc403737-7a4a-422c-8c81-76863d71ad14:192.168.69.121:41411, 2e95d3a3-d467-4987-95b1-fa55b4c7c518:192.168.69.121:36295], old=null, confs=<EMPTY_MAP>
2019-11-14 14:54:31,218 [pool-27-thread-1] INFO  server.RaftServerConfigKeys (ConfUtils.java:logGet(43)) - raft.server.storage.dir = [/workdir/hadoop-ozone/tools/target/test-dir/MiniOzoneClusterImpl-24c23126-5e63-45a6-b3fa-6fd9e19bf9ea/datanode-0/data/ratis] (custom)
2019-11-14 14:54:31,218 [pool-47-thread-1] INFO  server.RaftServerConfigKeys (ConfUtils.java:logGet(43)) - raft.server.storage.dir = [/workdir/hadoop-ozone/tools/target/test-dir/MiniOzoneClusterImpl-24c23126-5e63-45a6-b3fa-6fd9e19bf9ea/datanode-2/data/ratis] (custom)
2019-11-14 14:54:31,218 [pool-27-thread-1] INFO  server.RaftServerConfigKeys (ConfUtils.java:logGet(43)) - raft.server.log.corruption.policy = EXCEPTION (default)
2019-11-14 14:54:31,218 [pool-27-thread-1] INFO  storage.RaftStorageDirectory (RaftStorageDirectory.java:analyzeStorage(246)) - The storage directory /workdir/hadoop-ozone/tools/target/test-dir/MiniOzoneClusterImpl-24c23126-5e63-45a6-b3fa-6fd9e19bf9ea/datanode-0/data/ratis/55ad7cf5-2871-4fd7-b646-59a10c74f5b2 does not exist. Creating ...
2019-11-14 14:54:31,219 [pool-47-thread-1] INFO  server.RaftServerConfigKeys (ConfUtils.java:logGet(43)) - raft.server.log.corruption.policy = EXCEPTION (default)
2019-11-14 14:54:31,219 [pool-47-thread-1] INFO  storage.RaftStorageDirectory (RaftStorageDirectory.java:analyzeStorage(246)) - The storage directory /workdir/hadoop-ozone/tools/target/test-dir/MiniOzoneClusterImpl-24c23126-5e63-45a6-b3fa-6fd9e19bf9ea/datanode-2/data/ratis/55ad7cf5-2871-4fd7-b646-59a10c74f5b2 does not exist. Creating ...
2019-11-14 14:54:31,219 [pool-37-thread-1] INFO  storage.RaftStorageDirectory (RaftStorageDirectory.java:tryLock(328)) - Lock on /workdir/hadoop-ozone/tools/target/test-dir/MiniOzoneClusterImpl-24c23126-5e63-45a6-b3fa-6fd9e19bf9ea/datanode-1/data/ratis/55ad7cf5-2871-4fd7-b646-59a10c74f5b2/in_use.lock acquired by nodename 31746@pr-hdds-2468-gmfm6-3729483342
2019-11-14 14:54:31,233 [pool-47-thread-1] INFO  storage.RaftStorageDirectory (RaftStorageDirectory.java:tryLock(328)) - Lock on /workdir/hadoop-ozone/tools/target/test-dir/MiniOzoneClusterImpl-24c23126-5e63-45a6-b3fa-6fd9e19bf9ea/datanode-2/data/ratis/55ad7cf5-2871-4fd7-b646-59a10c74f5b2/in_use.lock acquired by nodename 31746@pr-hdds-2468-gmfm6-3729483342
2019-11-14 14:54:31,233 [pool-37-thread-1] INFO  storage.RaftStorage (RaftStorage.java:format(84)) - Storage directory /workdir/hadoop-ozone/tools/target/test-dir/MiniOzoneClusterImpl-24c23126-5e63-45a6-b3fa-6fd9e19bf9ea/datanode-1/data/ratis/55ad7cf5-2871-4fd7-b646-59a10c74f5b2 has been successfully formatted.
2019-11-14 14:54:31,233 [pool-27-thread-1] INFO  storage.RaftStorageDirectory (RaftStorageDirectory.java:tryLock(328)) - Lock on /workdir/hadoop-ozone/tools/target/test-dir/MiniOzoneClusterImpl-24c23126-5e63-45a6-b3fa-6fd9e19bf9ea/datanode-0/data/ratis/55ad7cf5-2871-4fd7-b646-59a10c74f5b2/in_use.lock acquired by nodename 31746@pr-hdds-2468-gmfm6-3729483342
2019-11-14 14:54:31,233 [pool-37-thread-1] INFO  ratis.ContainerStateMachine (ContainerStateMachine.java:loadSnapshot(223)) - group-59A10C74F5B2: The snapshot info is null. Setting the last applied indexto:(t:0, i:~)
2019-11-14 14:54:31,233 [pool-37-thread-1] INFO  server.RaftServerConfigKeys (ConfUtils.java:logGet(43)) - raft.server.notification.no-leader.timeout = 120s (custom)
2019-11-14 14:54:31,233 [pool-37-thread-1] INFO  server.RaftServerConfigKeys (ConfUtils.java:logGet(43)) - raft.server.log.use.memory = false (default)
2019-11-14 14:54:31,234 [pool-37-thread-1] INFO  server.RaftServerConfigKeys (ConfUtils.java:logGet(43)) - raft.server.log.purge.gap = 1000000 (custom)
2019-11-14 14:54:31,234 [pool-37-thread-1] INFO  server.RaftServerConfigKeys (ConfUtils.java:logGet(43)) - raft.server.log.appender.buffer.byte-limit = 33554432 (custom)
2019-11-14 14:54:31,234 [pool-37-thread-1] INFO  server.RaftServerConfigKeys (ConfUtils.java:logGet(43)) - raft.server.log.segment.size.max = 1048576 (custom)
2019-11-14 14:54:31,234 [pool-37-thread-1] INFO  server.RaftServerConfigKeys (ConfUtils.java:logGet(43)) - raft.server.log.segment.cache.num.max = 2 (custom)
2019-11-14 14:54:31,234 [pool-37-thread-1] INFO  segmented.SegmentedRaftLogWorker (SegmentedRaftLogWorker.java:<init>(173)) - new 2e95d3a3-d467-4987-95b1-fa55b4c7c518@group-59A10C74F5B2-SegmentedRaftLogWorker for RaftStorage:Storage Directory /workdir/hadoop-ozone/tools/target/test-dir/MiniOzoneClusterImpl-24c23126-5e63-45a6-b3fa-6fd9e19bf9ea/datanode-1/data/ratis/55ad7cf5-2871-4fd7-b646-59a10c74f5b2
2019-11-14 14:54:31,234 [pool-37-thread-1] INFO  server.RaftServerConfigKeys (ConfUtils.java:logGet(43)) - raft.server.log.queue.byte-limit = 2147483647 (custom)
2019-11-14 14:54:31,234 [pool-37-thread-1] INFO  server.RaftServerConfigKeys (ConfUtils.java:logGet(43)) - raft.server.log.queue.element-limit = 1024 (custom)
2019-11-14 14:54:31,234 [pool-37-thread-1] INFO  server.RaftServerConfigKeys (ConfUtils.java:logGet(43)) - raft.server.log.segment.size.max = 1048576 (custom)
2019-11-14 14:54:31,235 [pool-37-thread-1] INFO  server.RaftServerConfigKeys (ConfUtils.java:logGet(43)) - raft.server.log.preallocated.size = 16384 (custom)
2019-11-14 14:54:31,235 [pool-37-thread-1] INFO  server.RaftServerConfigKeys (ConfUtils.java:logGet(43)) - raft.server.log.write.buffer.size = 33554432 (custom)
2019-11-14 14:54:31,235 [pool-37-thread-1] INFO  server.RaftServerConfigKeys (ConfUtils.java:logGet(43)) - raft.server.log.force.sync.num = 128 (default)
2019-11-14 14:54:31,235 [pool-37-thread-1] INFO  server.RaftServerConfigKeys (ConfUtils.java:logGet(43)) - raft.server.log.statemachine.data.sync = true (default)
2019-11-14 14:54:31,235 [pool-37-thread-1] INFO  server.RaftServerConfigKeys (ConfUtils.java:logGet(43)) - raft.server.log.statemachine.data.sync.timeout = 10s (default)
2019-11-14 14:54:31,235 [pool-37-thread-1] INFO  server.RaftServerConfigKeys (ConfUtils.java:logGet(43)) - raft.server.log.statemachine.data.sync.timeout.retry = -1 (default)
2019-11-14 14:54:31,235 [pool-37-thread-1] INFO  server.RaftServerConfigKeys (ConfUtils.java:logGet(43)) - raft.server.log.statemachine.data.caching.enabled = true (custom)
2019-11-14 14:54:31,236 [pool-37-thread-1] INFO  segmented.SegmentedRaftLogWorker (SegmentedRaftLogWorker.java:lambda$new$0(128)) - 2e95d3a3-d467-4987-95b1-fa55b4c7c518@group-59A10C74F5B2-SegmentedRaftLogWorker: flushIndex: setUnconditionally 0 -> -1
2019-11-14 14:54:31,236 [pool-37-thread-1] INFO  server.RaftServerConfigKeys (ConfUtils.java:logGet(43)) - raft.server.snapshot.auto.trigger.enabled = true (custom)
2019-11-14 14:54:31,236 [pool-37-thread-1] INFO  server.RaftServerConfigKeys (ConfUtils.java:logGet(43)) - raft.server.snapshot.auto.trigger.threshold = 10000 (custom)
2019-11-14 14:54:31,236 [pool-37-thread-1] INFO  server.RaftServerConfigKeys (ConfUtils.java:logGet(43)) - raft.server.snapshot.retention.file.num = 5 (custom)
2019-11-14 14:54:31,236 [pool-37-thread-1] INFO  server.RaftServerConfigKeys (ConfUtils.java:logGet(43)) - raft.server.retrycache.expirytime = 600000ms (custom)
2019-11-14 14:54:31,237 [pool-37-thread-1] WARN  impl.MetricRegistriesImpl (MetricRegistriesImpl.java:lambda$create$1(61)) - First MetricRegistry has been created without registering reporters. You may need to call MetricRegistries.global().addReportRegistration(...) before.
2019-11-14 14:54:31,237 [pool-37-thread-1] WARN  impl.MetricRegistriesImpl (MetricRegistriesImpl.java:lambda$create$1(61)) - First MetricRegistry has been created without registering reporters. You may need to call MetricRegistries.global().addReportRegistration(...) before.
2019-11-14 14:54:31,238 [pool-37-thread-1] INFO  impl.RaftServerImpl (RaftServerImpl.java:start(184)) - 2e95d3a3-d467-4987-95b1-fa55b4c7c518@group-59A10C74F5B2: start as a follower, conf=-1: [076e1090-de6d-40ae-86bb-403df74e7a08:192.168.69.121:46244, cc403737-7a4a-422c-8c81-76863d71ad14:192.168.69.121:41411, 2e95d3a3-d467-4987-95b1-fa55b4c7c518:192.168.69.121:36295], old=null
2019-11-14 14:54:31,238 [pool-37-thread-1] INFO  impl.RaftServerImpl (RaftServerImpl.java:setRole(173)) - 2e95d3a3-d467-4987-95b1-fa55b4c7c518@group-59A10C74F5B2: changes role from      null to FOLLOWER at term 0 for startAsFollower
2019-11-14 14:54:31,238 [pool-37-thread-1] INFO  impl.RoleInfo (RoleInfo.java:updateAndGet(143)) - 2e95d3a3-d467-4987-95b1-fa55b4c7c518: start FollowerState
2019-11-14 14:54:31,238 [pool-37-thread-1] INFO  util.JmxRegister (JmxRegister.java:tryRegister(44)) - Successfully registered JMX Bean with object name Ratis:service=RaftServer,group=group-59A10C74F5B2,id=2e95d3a3-d467-4987-95b1-fa55b4c7c518
2019-11-14 14:54:31,239 [pool-37-thread-1] WARN  impl.MetricRegistriesImpl (MetricRegistriesImpl.java:lambda$create$1(61)) - First MetricRegistry has been created without registering reporters. You may need to call MetricRegistries.global().addReportRegistration(...) before.
2019-11-14 14:54:31,247 [pool-27-thread-1] INFO  storage.RaftStorage (RaftStorage.java:format(84)) - Storage directory /workdir/hadoop-ozone/tools/target/test-dir/MiniOzoneClusterImpl-24c23126-5e63-45a6-b3fa-6fd9e19bf9ea/datanode-0/data/ratis/55ad7cf5-2871-4fd7-b646-59a10c74f5b2 has been successfully formatted.
2019-11-14 14:54:31,247 [pool-47-thread-1] INFO  storage.RaftStorage (RaftStorage.java:format(84)) - Storage directory /workdir/hadoop-ozone/tools/target/test-dir/MiniOzoneClusterImpl-24c23126-5e63-45a6-b3fa-6fd9e19bf9ea/datanode-2/data/ratis/55ad7cf5-2871-4fd7-b646-59a10c74f5b2 has been successfully formatted.
2019-11-14 14:54:31,248 [pool-27-thread-1] INFO  ratis.ContainerStateMachine (ContainerStateMachine.java:loadSnapshot(223)) - group-59A10C74F5B2: The snapshot info is null. Setting the last applied indexto:(t:0, i:~)
2019-11-14 14:54:31,248 [pool-47-thread-1] INFO  ratis.ContainerStateMachine (ContainerStateMachine.java:loadSnapshot(223)) - group-59A10C74F5B2: The snapshot info is null. Setting the last applied indexto:(t:0, i:~)
2019-11-14 14:54:31,248 [pool-27-thread-1] INFO  server.RaftServerConfigKeys (ConfUtils.java:logGet(43)) - raft.server.notification.no-leader.timeout = 120s (custom)
2019-11-14 14:54:31,248 [pool-47-thread-1] INFO  server.RaftServerConfigKeys (ConfUtils.java:logGet(43)) - raft.server.notification.no-leader.timeout = 120s (custom)
2019-11-14 14:54:31,248 [pool-27-thread-1] INFO  server.RaftServerConfigKeys (ConfUtils.java:logGet(43)) - raft.server.log.use.memory = false (default)
2019-11-14 14:54:31,248 [pool-47-thread-1] INFO  server.RaftServerConfigKeys (ConfUtils.java:logGet(43)) - raft.server.log.use.memory = false (default)
2019-11-14 14:54:31,248 [pool-27-thread-1] INFO  server.RaftServerConfigKeys (ConfUtils.java:logGet(43)) - raft.server.log.purge.gap = 1000000 (custom)
2019-11-14 14:54:31,248 [pool-47-thread-1] INFO  server.RaftServerConfigKeys (ConfUtils.java:logGet(43)) - raft.server.log.purge.gap = 1000000 (custom)
2019-11-14 14:54:31,248 [pool-27-thread-1] INFO  server.RaftServerConfigKeys (ConfUtils.java:logGet(43)) - raft.server.log.appender.buffer.byte-limit = 33554432 (custom)
2019-11-14 14:54:31,249 [pool-47-thread-1] INFO  server.RaftServerConfigKeys (ConfUtils.java:logGet(43)) - raft.server.log.appender.buffer.byte-limit = 33554432 (custom)
2019-11-14 14:54:31,249 [pool-27-thread-1] INFO  server.RaftServerConfigKeys (ConfUtils.java:logGet(43)) - raft.server.log.segment.size.max = 1048576 (custom)
2019-11-14 14:54:31,249 [pool-47-thread-1] INFO  server.RaftServerConfigKeys (ConfUtils.java:logGet(43)) - raft.server.log.segment.size.max = 1048576 (custom)
2019-11-14 14:54:31,249 [pool-27-thread-1] INFO  server.RaftServerConfigKeys (ConfUtils.java:logGet(43)) - raft.server.log.segment.cache.num.max = 2 (custom)
2019-11-14 14:54:31,249 [pool-47-thread-1] INFO  server.RaftServerConfigKeys (ConfUtils.java:logGet(43)) - raft.server.log.segment.cache.num.max = 2 (custom)
2019-11-14 14:54:31,249 [pool-27-thread-1] INFO  segmented.SegmentedRaftLogWorker (SegmentedRaftLogWorker.java:<init>(173)) - new cc403737-7a4a-422c-8c81-76863d71ad14@group-59A10C74F5B2-SegmentedRaftLogWorker for RaftStorage:Storage Directory /workdir/hadoop-ozone/tools/target/test-dir/MiniOzoneClusterImpl-24c23126-5e63-45a6-b3fa-6fd9e19bf9ea/datanode-0/data/ratis/55ad7cf5-2871-4fd7-b646-59a10c74f5b2
2019-11-14 14:54:31,249 [pool-47-thread-1] INFO  segmented.SegmentedRaftLogWorker (SegmentedRaftLogWorker.java:<init>(173)) - new 076e1090-de6d-40ae-86bb-403df74e7a08@group-59A10C74F5B2-SegmentedRaftLogWorker for RaftStorage:Storage Directory /workdir/hadoop-ozone/tools/target/test-dir/MiniOzoneClusterImpl-24c23126-5e63-45a6-b3fa-6fd9e19bf9ea/datanode-2/data/ratis/55ad7cf5-2871-4fd7-b646-59a10c74f5b2
2019-11-14 14:54:31,249 [pool-27-thread-1] INFO  server.RaftServerConfigKeys (ConfUtils.java:logGet(43)) - raft.server.log.queue.byte-limit = 2147483647 (custom)
2019-11-14 14:54:31,249 [pool-47-thread-1] INFO  server.RaftServerConfigKeys (ConfUtils.java:logGet(43)) - raft.server.log.queue.byte-limit = 2147483647 (custom)
2019-11-14 14:54:31,249 [pool-27-thread-1] INFO  server.RaftServerConfigKeys (ConfUtils.java:logGet(43)) - raft.server.log.queue.element-limit = 1024 (custom)
2019-11-14 14:54:31,250 [pool-47-thread-1] INFO  server.RaftServerConfigKeys (ConfUtils.java:logGet(43)) - raft.server.log.queue.element-limit = 1024 (custom)
2019-11-14 14:54:31,250 [pool-27-thread-1] INFO  server.RaftServerConfigKeys (ConfUtils.java:logGet(43)) - raft.server.log.segment.size.max = 1048576 (custom)
2019-11-14 14:54:31,250 [pool-47-thread-1] INFO  server.RaftServerConfigKeys (ConfUtils.java:logGet(43)) - raft.server.log.segment.size.max = 1048576 (custom)
2019-11-14 14:54:31,250 [pool-27-thread-1] INFO  server.RaftServerConfigKeys (ConfUtils.java:logGet(43)) - raft.server.log.preallocated.size = 16384 (custom)
2019-11-14 14:54:31,250 [pool-47-thread-1] INFO  server.RaftServerConfigKeys (ConfUtils.java:logGet(43)) - raft.server.log.preallocated.size = 16384 (custom)
2019-11-14 14:54:31,250 [pool-27-thread-1] INFO  server.RaftServerConfigKeys (ConfUtils.java:logGet(43)) - raft.server.log.write.buffer.size = 33554432 (custom)
2019-11-14 14:54:31,250 [pool-47-thread-1] INFO  server.RaftServerConfigKeys (ConfUtils.java:logGet(43)) - raft.server.log.write.buffer.size = 33554432 (custom)
2019-11-14 14:54:31,250 [pool-27-thread-1] INFO  server.RaftServerConfigKeys (ConfUtils.java:logGet(43)) - raft.server.log.force.sync.num = 128 (default)
2019-11-14 14:54:31,250 [pool-47-thread-1] INFO  server.RaftServerConfigKeys (ConfUtils.java:logGet(43)) - raft.server.log.force.sync.num = 128 (default)
2019-11-14 14:54:31,250 [pool-27-thread-1] INFO  server.RaftServerConfigKeys (ConfUtils.java:logGet(43)) - raft.server.log.statemachine.data.sync = true (default)
2019-11-14 14:54:31,251 [pool-47-thread-1] INFO  server.RaftServerConfigKeys (ConfUtils.java:logGet(43)) - raft.server.log.statemachine.data.sync = true (default)
2019-11-14 14:54:31,251 [pool-27-thread-1] INFO  server.RaftServerConfigKeys (ConfUtils.java:logGet(43)) - raft.server.log.statemachine.data.sync.timeout = 10s (default)
2019-11-14 14:54:31,251 [pool-47-thread-1] INFO  server.RaftServerConfigKeys (ConfUtils.java:logGet(43)) - raft.server.log.statemachine.data.sync.timeout = 10s (default)
2019-11-14 14:54:31,251 [pool-27-thread-1] INFO  server.RaftServerConfigKeys (ConfUtils.java:logGet(43)) - raft.server.log.statemachine.data.sync.timeout.retry = -1 (default)
2019-11-14 14:54:31,251 [pool-47-thread-1] INFO  server.RaftServerConfigKeys (ConfUtils.java:logGet(43)) - raft.server.log.statemachine.data.sync.timeout.retry = -1 (default)
2019-11-14 14:54:31,251 [pool-27-thread-1] INFO  server.RaftServerConfigKeys (ConfUtils.java:logGet(43)) - raft.server.log.statemachine.data.caching.enabled = true (custom)
2019-11-14 14:54:31,251 [pool-47-thread-1] INFO  server.RaftServerConfigKeys (ConfUtils.java:logGet(43)) - raft.server.log.statemachine.data.caching.enabled = true (custom)
2019-11-14 14:54:31,251 [pool-27-thread-1] INFO  segmented.SegmentedRaftLogWorker (SegmentedRaftLogWorker.java:lambda$new$0(128)) - cc403737-7a4a-422c-8c81-76863d71ad14@group-59A10C74F5B2-SegmentedRaftLogWorker: flushIndex: setUnconditionally 0 -> -1
2019-11-14 14:54:31,251 [pool-47-thread-1] INFO  segmented.SegmentedRaftLogWorker (SegmentedRaftLogWorker.java:lambda$new$0(128)) - 076e1090-de6d-40ae-86bb-403df74e7a08@group-59A10C74F5B2-SegmentedRaftLogWorker: flushIndex: setUnconditionally 0 -> -1
2019-11-14 14:54:31,252 [pool-27-thread-1] INFO  server.RaftServerConfigKeys (ConfUtils.java:logGet(43)) - raft.server.snapshot.auto.trigger.enabled = true (custom)
2019-11-14 14:54:31,252 [pool-47-thread-1] INFO  server.RaftServerConfigKeys (ConfUtils.java:logGet(43)) - raft.server.snapshot.auto.trigger.enabled = true (custom)
2019-11-14 14:54:31,252 [pool-27-thread-1] INFO  server.RaftServerConfigKeys (ConfUtils.java:logGet(43)) - raft.server.snapshot.auto.trigger.threshold = 10000 (custom)
2019-11-14 14:54:31,252 [pool-47-thread-1] INFO  server.RaftServerConfigKeys (ConfUtils.java:logGet(43)) - raft.server.snapshot.auto.trigger.threshold = 10000 (custom)
2019-11-14 14:54:31,252 [pool-27-thread-1] INFO  server.RaftServerConfigKeys (ConfUtils.java:logGet(43)) - raft.server.snapshot.retention.file.num = 5 (custom)
2019-11-14 14:54:31,252 [pool-47-thread-1] INFO  server.RaftServerConfigKeys (ConfUtils.java:logGet(43)) - raft.server.snapshot.retention.file.num = 5 (custom)
2019-11-14 14:54:31,252 [pool-27-thread-1] INFO  server.RaftServerConfigKeys (ConfUtils.java:logGet(43)) - raft.server.retrycache.expirytime = 600000ms (custom)
2019-11-14 14:54:31,252 [pool-47-thread-1] INFO  server.RaftServerConfigKeys (ConfUtils.java:logGet(43)) - raft.server.retrycache.expirytime = 600000ms (custom)
2019-11-14 14:54:31,252 [pool-27-thread-1] WARN  impl.MetricRegistriesImpl (MetricRegistriesImpl.java:lambda$create$1(61)) - First MetricRegistry has been created without registering reporters. You may need to call MetricRegistries.global().addReportRegistration(...) before.
2019-11-14 14:54:31,252 [pool-47-thread-1] WARN  impl.MetricRegistriesImpl (MetricRegistriesImpl.java:lambda$create$1(61)) - First MetricRegistry has been created without registering reporters. You may need to call MetricRegistries.global().addReportRegistration(...) before.
2019-11-14 14:54:31,252 [pool-27-thread-1] WARN  impl.MetricRegistriesImpl (MetricRegistriesImpl.java:lambda$create$1(61)) - First MetricRegistry has been created without registering reporters. You may need to call MetricRegistries.global().addReportRegistration(...) before.
2019-11-14 14:54:31,252 [pool-47-thread-1] WARN  impl.MetricRegistriesImpl (MetricRegistriesImpl.java:lambda$create$1(61)) - First MetricRegistry has been created without registering reporters. You may need to call MetricRegistries.global().addReportRegistration(...) before.
2019-11-14 14:54:31,253 [pool-27-thread-1] INFO  impl.RaftServerImpl (RaftServerImpl.java:start(184)) - cc403737-7a4a-422c-8c81-76863d71ad14@group-59A10C74F5B2: start as a follower, conf=-1: [076e1090-de6d-40ae-86bb-403df74e7a08:192.168.69.121:46244, cc403737-7a4a-422c-8c81-76863d71ad14:192.168.69.121:41411, 2e95d3a3-d467-4987-95b1-fa55b4c7c518:192.168.69.121:36295], old=null
2019-11-14 14:54:31,253 [pool-47-thread-1] INFO  impl.RaftServerImpl (RaftServerImpl.java:start(184)) - 076e1090-de6d-40ae-86bb-403df74e7a08@group-59A10C74F5B2: start as a follower, conf=-1: [076e1090-de6d-40ae-86bb-403df74e7a08:192.168.69.121:46244, cc403737-7a4a-422c-8c81-76863d71ad14:192.168.69.121:41411, 2e95d3a3-d467-4987-95b1-fa55b4c7c518:192.168.69.121:36295], old=null
2019-11-14 14:54:31,253 [pool-27-thread-1] INFO  impl.RaftServerImpl (RaftServerImpl.java:setRole(173)) - cc403737-7a4a-422c-8c81-76863d71ad14@group-59A10C74F5B2: changes role from      null to FOLLOWER at term 0 for startAsFollower
2019-11-14 14:54:31,253 [pool-47-thread-1] INFO  impl.RaftServerImpl (RaftServerImpl.java:setRole(173)) - 076e1090-de6d-40ae-86bb-403df74e7a08@group-59A10C74F5B2: changes role from      null to FOLLOWER at term 0 for startAsFollower
2019-11-14 14:54:31,253 [pool-27-thread-1] INFO  impl.RoleInfo (RoleInfo.java:updateAndGet(143)) - cc403737-7a4a-422c-8c81-76863d71ad14: start FollowerState
2019-11-14 14:54:31,253 [pool-47-thread-1] INFO  impl.RoleInfo (RoleInfo.java:updateAndGet(143)) - 076e1090-de6d-40ae-86bb-403df74e7a08: start FollowerState
2019-11-14 14:54:31,253 [pool-27-thread-1] INFO  util.JmxRegister (JmxRegister.java:tryRegister(44)) - Successfully registered JMX Bean with object name Ratis:service=RaftServer,group=group-59A10C74F5B2,id=cc403737-7a4a-422c-8c81-76863d71ad14
2019-11-14 14:54:31,253 [pool-47-thread-1] INFO  util.JmxRegister (JmxRegister.java:tryRegister(44)) - Successfully registered JMX Bean with object name Ratis:service=RaftServer,group=group-59A10C74F5B2,id=076e1090-de6d-40ae-86bb-403df74e7a08
2019-11-14 14:54:31,253 [pool-27-thread-1] WARN  impl.MetricRegistriesImpl (MetricRegistriesImpl.java:lambda$create$1(61)) - First MetricRegistry has been created without registering reporters. You may need to call MetricRegistries.global().addReportRegistration(...) before.
2019-11-14 14:54:31,253 [pool-47-thread-1] WARN  impl.MetricRegistriesImpl (MetricRegistriesImpl.java:lambda$create$1(61)) - First MetricRegistry has been created without registering reporters. You may need to call MetricRegistries.global().addReportRegistration(...) before.
2019-11-14 14:54:31,260 [RatisPipelineUtilsThread] INFO  pipeline.PipelineStateManager (PipelineStateManager.java:addPipeline(55)) - Created pipeline Pipeline[ Id: 55ad7cf5-2871-4fd7-b646-59a10c74f5b2, Nodes: cc403737-7a4a-422c-8c81-76863d71ad14{ip: 192.168.69.121, host: pr-hdds-2468-gmfm6-3729483342, networkLocation: /default-rack, certSerialId: null}2e95d3a3-d467-4987-95b1-fa55b4c7c518{ip: 192.168.69.121, host: pr-hdds-2468-gmfm6-3729483342, networkLocation: /default-rack, certSerialId: null}076e1090-de6d-40ae-86bb-403df74e7a08{ip: 192.168.69.121, host: pr-hdds-2468-gmfm6-3729483342, networkLocation: /default-rack, certSerialId: null}, Type:RATIS, Factor:THREE, State:ALLOCATED]
2019-11-14 14:54:31,296 [main] INFO  freon.RandomKeyGenerator (RandomKeyGenerator.java:call(283)) - Number of Threads: 10
2019-11-14 14:54:31,296 [main] INFO  freon.RandomKeyGenerator (RandomKeyGenerator.java:call(288)) - Number of Volumes: 1.
2019-11-14 14:54:31,296 [main] INFO  freon.RandomKeyGenerator (RandomKeyGenerator.java:call(289)) - Number of Buckets per Volume: 1.
2019-11-14 14:54:31,296 [main] INFO  freon.RandomKeyGenerator (RandomKeyGenerator.java:call(290)) - Number of Keys per Bucket: 1.
2019-11-14 14:54:31,296 [main] INFO  freon.RandomKeyGenerator (RandomKeyGenerator.java:call(291)) - Key size: 20971520 bytes
2019-11-14 14:54:31,296 [main] INFO  freon.RandomKeyGenerator (RandomKeyGenerator.java:call(292)) - Buffer size: 4096 bytes
2019-11-14 14:54:31,296 [main] INFO  freon.RandomKeyGenerator (RandomKeyGenerator.java:call(293)) - validateWrites : true
2019-11-14 14:54:31,298 [main] INFO  freon.RandomKeyGenerator (RandomKeyGenerator.java:call(307)) - Data validation is enabled.
2019-11-14 14:54:31,298 [main] INFO  freon.RandomKeyGenerator (RandomKeyGenerator.java:call(313)) - Starting progress bar Thread.

 0.00% |?                                                                                                    |  0/1 Time: 0:00:002019-11-14 14:54:31,298 [pool-59-thread-1] INFO  rpc.RpcClient (RpcClient.java:createVolume(292)) - Creating Volume: vol-0-66716, with jenkins1000 as owner.
2019-11-14 14:54:31,303 [IPC Server handler 0 on 34322] INFO  volume.OMVolumeCreateRequest (OMVolumeCreateRequest.java:validateAndUpdateCache(193)) - created volume:vol-0-66716 for user:jenkins1000
2019-11-14 14:54:31,327 [pool-59-thread-2] INFO  rpc.RpcClient (RpcClient.java:createBucket(431)) - Creating Bucket: vol-0-66716/bucket-0-98852, with Versioning false and Storage Type set to DISK and Encryption set to false 
2019-11-14 14:54:31,351 [IPC Server handler 2 on 41926] WARN  block.BlockManagerImpl (BlockManagerImpl.java:allocateBlock(200)) - Pipeline creation failed for type:RATIS factor:THREE. Retrying get pipelines call once.
org.apache.hadoop.hdds.scm.pipeline.InsufficientDatanodesException: Cannot create pipeline of factor 3 using 0 nodes.
	at org.apache.hadoop.hdds.scm.pipeline.RatisPipelineProvider.create(RatisPipelineProvider.java:153)
	at org.apache.hadoop.hdds.scm.pipeline.PipelineFactory.create(PipelineFactory.java:58)
	at org.apache.hadoop.hdds.scm.pipeline.SCMPipelineManager.createPipeline(SCMPipelineManager.java:155)
	at org.apache.hadoop.hdds.scm.block.BlockManagerImpl.allocateBlock(BlockManagerImpl.java:198)
	at org.apache.hadoop.hdds.scm.server.SCMBlockProtocolServer.allocateBlock(SCMBlockProtocolServer.java:187)
	at org.apache.hadoop.hdds.scm.protocol.ScmBlockLocationProtocolServerSideTranslatorPB.allocateScmBlock(ScmBlockLocationProtocolServerSideTranslatorPB.java:159)
	at org.apache.hadoop.hdds.scm.protocol.ScmBlockLocationProtocolServerSideTranslatorPB.processMessage(ScmBlockLocationProtocolServerSideTranslatorPB.java:117)
	at org.apache.hadoop.hdds.server.OzoneProtocolMessageDispatcher.processRequest(OzoneProtocolMessageDispatcher.java:72)
	at org.apache.hadoop.hdds.scm.protocol.ScmBlockLocationProtocolServerSideTranslatorPB.send(ScmBlockLocationProtocolServerSideTranslatorPB.java:98)
	at org.apache.hadoop.hdds.protocol.proto.ScmBlockLocationProtocolProtos$ScmBlockLocationProtocolService$2.callBlockingMethod(ScmBlockLocationProtocolProtos.java:13157)
	at org.apache.hadoop.ipc.ProtobufRpcEngine$Server$ProtoBufRpcInvoker.call(ProtobufRpcEngine.java:524)
	at org.apache.hadoop.ipc.RPC$Server.call(RPC.java:1025)
	at org.apache.hadoop.ipc.Server$RpcCall.run(Server.java:876)
	at org.apache.hadoop.ipc.Server$RpcCall.run(Server.java:822)
	at java.security.AccessController.doPrivileged(Native Method)
	at javax.security.auth.Subject.doAs(Subject.java:422)
	at org.apache.hadoop.security.UserGroupInformation.doAs(UserGroupInformation.java:1730)
	at org.apache.hadoop.ipc.Server$Handler.run(Server.java:2682)
2019-11-14 14:54:31,353 [IPC Server handler 2 on 41926] INFO  block.BlockManagerImpl (BlockManagerImpl.java:allocateBlock(212)) - Could not find available pipeline of type:RATIS and factor:THREE even after retrying
2019-11-14 14:54:31,353 [IPC Server handler 2 on 41926] ERROR block.BlockManagerImpl (BlockManagerImpl.java:allocateBlock(236)) - Unable to allocate a block for the size: 4194304, type: RATIS, factor: THREE
2019-11-14 14:54:31,354 [IPC Server handler 2 on 41926] WARN  block.BlockManagerImpl (BlockManagerImpl.java:allocateBlock(200)) - Pipeline creation failed for type:RATIS factor:THREE. Retrying get pipelines call once.
org.apache.hadoop.hdds.scm.pipeline.InsufficientDatanodesException: Cannot create pipeline of factor 3 using 0 nodes.
	at org.apache.hadoop.hdds.scm.pipeline.RatisPipelineProvider.create(RatisPipelineProvider.java:153)
	at org.apache.hadoop.hdds.scm.pipeline.PipelineFactory.create(PipelineFactory.java:58)
	at org.apache.hadoop.hdds.scm.pipeline.SCMPipelineManager.createPipeline(SCMPipelineManager.java:155)
	at org.apache.hadoop.hdds.scm.block.BlockManagerImpl.allocateBlock(BlockManagerImpl.java:198)
	at org.apache.hadoop.hdds.scm.server.SCMBlockProtocolServer.allocateBlock(SCMBlockProtocolServer.java:187)
	at org.apache.hadoop.hdds.scm.protocol.ScmBlockLocationProtocolServerSideTranslatorPB.allocateScmBlock(ScmBlockLocationProtocolServerSideTranslatorPB.java:159)
	at org.apache.hadoop.hdds.scm.protocol.ScmBlockLocationProtocolServerSideTranslatorPB.processMessage(ScmBlockLocationProtocolServerSideTranslatorPB.java:117)
	at org.apache.hadoop.hdds.server.OzoneProtocolMessageDispatcher.processRequest(OzoneProtocolMessageDispatcher.java:72)
	at org.apache.hadoop.hdds.scm.protocol.ScmBlockLocationProtocolServerSideTranslatorPB.send(ScmBlockLocationProtocolServerSideTranslatorPB.java:98)
	at org.apache.hadoop.hdds.protocol.proto.ScmBlockLocationProtocolProtos$ScmBlockLocationProtocolService$2.callBlockingMethod(ScmBlockLocationProtocolProtos.java:13157)
	at org.apache.hadoop.ipc.ProtobufRpcEngine$Server$ProtoBufRpcInvoker.call(ProtobufRpcEngine.java:524)
	at org.apache.hadoop.ipc.RPC$Server.call(RPC.java:1025)
	at org.apache.hadoop.ipc.Server$RpcCall.run(Server.java:876)
	at org.apache.hadoop.ipc.Server$RpcCall.run(Server.java:822)
	at java.security.AccessController.doPrivileged(Native Method)
	at javax.security.auth.Subject.doAs(Subject.java:422)
	at org.apache.hadoop.security.UserGroupInformation.doAs(UserGroupInformation.java:1730)
	at org.apache.hadoop.ipc.Server$Handler.run(Server.java:2682)
2019-11-14 14:54:31,354 [IPC Server handler 2 on 41926] INFO  block.BlockManagerImpl (BlockManagerImpl.java:allocateBlock(212)) - Could not find available pipeline of type:RATIS and factor:THREE even after retrying
2019-11-14 14:54:31,354 [IPC Server handler 2 on 41926] ERROR block.BlockManagerImpl (BlockManagerImpl.java:allocateBlock(236)) - Unable to allocate a block for the size: 4194304, type: RATIS, factor: THREE
2019-11-14 14:54:31,355 [IPC Server handler 2 on 41926] WARN  block.BlockManagerImpl (BlockManagerImpl.java:allocateBlock(200)) - Pipeline creation failed for type:RATIS factor:THREE. Retrying get pipelines call once.
org.apache.hadoop.hdds.scm.pipeline.InsufficientDatanodesException: Cannot create pipeline of factor 3 using 0 nodes.
	at org.apache.hadoop.hdds.scm.pipeline.RatisPipelineProvider.create(RatisPipelineProvider.java:153)
	at org.apache.hadoop.hdds.scm.pipeline.PipelineFactory.create(PipelineFactory.java:58)
	at org.apache.hadoop.hdds.scm.pipeline.SCMPipelineManager.createPipeline(SCMPipelineManager.java:155)
	at org.apache.hadoop.hdds.scm.block.BlockManagerImpl.allocateBlock(BlockManagerImpl.java:198)
	at org.apache.hadoop.hdds.scm.server.SCMBlockProtocolServer.allocateBlock(SCMBlockProtocolServer.java:187)
	at org.apache.hadoop.hdds.scm.protocol.ScmBlockLocationProtocolServerSideTranslatorPB.allocateScmBlock(ScmBlockLocationProtocolServerSideTranslatorPB.java:159)
	at org.apache.hadoop.hdds.scm.protocol.ScmBlockLocationProtocolServerSideTranslatorPB.processMessage(ScmBlockLocationProtocolServerSideTranslatorPB.java:117)
	at org.apache.hadoop.hdds.server.OzoneProtocolMessageDispatcher.processRequest(OzoneProtocolMessageDispatcher.java:72)
	at org.apache.hadoop.hdds.scm.protocol.ScmBlockLocationProtocolServerSideTranslatorPB.send(ScmBlockLocationProtocolServerSideTranslatorPB.java:98)
	at org.apache.hadoop.hdds.protocol.proto.ScmBlockLocationProtocolProtos$ScmBlockLocationProtocolService$2.callBlockingMethod(ScmBlockLocationProtocolProtos.java:13157)
	at org.apache.hadoop.ipc.ProtobufRpcEngine$Server$ProtoBufRpcInvoker.call(ProtobufRpcEngine.java:524)
	at org.apache.hadoop.ipc.RPC$Server.call(RPC.java:1025)
	at org.apache.hadoop.ipc.Server$RpcCall.run(Server.java:876)
	at org.apache.hadoop.ipc.Server$RpcCall.run(Server.java:822)
	at java.security.AccessController.doPrivileged(Native Method)
	at javax.security.auth.Subject.doAs(Subject.java:422)
	at org.apache.hadoop.security.UserGroupInformation.doAs(UserGroupInformation.java:1730)
	at org.apache.hadoop.ipc.Server$Handler.run(Server.java:2682)
2019-11-14 14:54:31,355 [IPC Server handler 2 on 41926] INFO  block.BlockManagerImpl (BlockManagerImpl.java:allocateBlock(212)) - Could not find available pipeline of type:RATIS and factor:THREE even after retrying
2019-11-14 14:54:31,355 [IPC Server handler 2 on 41926] ERROR block.BlockManagerImpl (BlockManagerImpl.java:allocateBlock(236)) - Unable to allocate a block for the size: 4194304, type: RATIS, factor: THREE
2019-11-14 14:54:31,358 [IPC Server handler 2 on 41926] WARN  block.BlockManagerImpl (BlockManagerImpl.java:allocateBlock(200)) - Pipeline creation failed for type:RATIS factor:THREE. Retrying get pipelines call once.
org.apache.hadoop.hdds.scm.pipeline.InsufficientDatanodesException: Cannot create pipeline of factor 3 using 0 nodes.
	at org.apache.hadoop.hdds.scm.pipeline.RatisPipelineProvider.create(RatisPipelineProvider.java:153)
	at org.apache.hadoop.hdds.scm.pipeline.PipelineFactory.create(PipelineFactory.java:58)
	at org.apache.hadoop.hdds.scm.pipeline.SCMPipelineManager.createPipeline(SCMPipelineManager.java:155)
	at org.apache.hadoop.hdds.scm.block.BlockManagerImpl.allocateBlock(BlockManagerImpl.java:198)
	at org.apache.hadoop.hdds.scm.server.SCMBlockProtocolServer.allocateBlock(SCMBlockProtocolServer.java:187)
	at org.apache.hadoop.hdds.scm.protocol.ScmBlockLocationProtocolServerSideTranslatorPB.allocateScmBlock(ScmBlockLocationProtocolServerSideTranslatorPB.java:159)
	at org.apache.hadoop.hdds.scm.protocol.ScmBlockLocationProtocolServerSideTranslatorPB.processMessage(ScmBlockLocationProtocolServerSideTranslatorPB.java:117)
	at org.apache.hadoop.hdds.server.OzoneProtocolMessageDispatcher.processRequest(OzoneProtocolMessageDispatcher.java:72)
	at org.apache.hadoop.hdds.scm.protocol.ScmBlockLocationProtocolServerSideTranslatorPB.send(ScmBlockLocationProtocolServerSideTranslatorPB.java:98)
	at org.apache.hadoop.hdds.protocol.proto.ScmBlockLocationProtocolProtos$ScmBlockLocationProtocolService$2.callBlockingMethod(ScmBlockLocationProtocolProtos.java:13157)
	at org.apache.hadoop.ipc.ProtobufRpcEngine$Server$ProtoBufRpcInvoker.call(ProtobufRpcEngine.java:524)
	at org.apache.hadoop.ipc.RPC$Server.call(RPC.java:1025)
	at org.apache.hadoop.ipc.Server$RpcCall.run(Server.java:876)
	at org.apache.hadoop.ipc.Server$RpcCall.run(Server.java:822)
	at java.security.AccessController.doPrivileged(Native Method)
	at javax.security.auth.Subject.doAs(Subject.java:422)
	at org.apache.hadoop.security.UserGroupInformation.doAs(UserGroupInformation.java:1730)
	at org.apache.hadoop.ipc.Server$Handler.run(Server.java:2682)
2019-11-14 14:54:31,359 [IPC Server handler 2 on 41926] INFO  block.BlockManagerImpl (BlockManagerImpl.java:allocateBlock(212)) - Could not find available pipeline of type:RATIS and factor:THREE even after retrying
2019-11-14 14:54:31,359 [IPC Server handler 2 on 41926] ERROR block.BlockManagerImpl (BlockManagerImpl.java:allocateBlock(236)) - Unable to allocate a block for the size: 4194304, type: RATIS, factor: THREE
2019-11-14 14:54:31,359 [IPC Server handler 2 on 41926] WARN  block.BlockManagerImpl (BlockManagerImpl.java:allocateBlock(200)) - Pipeline creation failed for type:RATIS factor:THREE. Retrying get pipelines call once.
org.apache.hadoop.hdds.scm.pipeline.InsufficientDatanodesException: Cannot create pipeline of factor 3 using 0 nodes.
	at org.apache.hadoop.hdds.scm.pipeline.RatisPipelineProvider.create(RatisPipelineProvider.java:153)
	at org.apache.hadoop.hdds.scm.pipeline.PipelineFactory.create(PipelineFactory.java:58)
	at org.apache.hadoop.hdds.scm.pipeline.SCMPipelineManager.createPipeline(SCMPipelineManager.java:155)
	at org.apache.hadoop.hdds.scm.block.BlockManagerImpl.allocateBlock(BlockManagerImpl.java:198)
	at org.apache.hadoop.hdds.scm.server.SCMBlockProtocolServer.allocateBlock(SCMBlockProtocolServer.java:187)
	at org.apache.hadoop.hdds.scm.protocol.ScmBlockLocationProtocolServerSideTranslatorPB.allocateScmBlock(ScmBlockLocationProtocolServerSideTranslatorPB.java:159)
	at org.apache.hadoop.hdds.scm.protocol.ScmBlockLocationProtocolServerSideTranslatorPB.processMessage(ScmBlockLocationProtocolServerSideTranslatorPB.java:117)
	at org.apache.hadoop.hdds.server.OzoneProtocolMessageDispatcher.processRequest(OzoneProtocolMessageDispatcher.java:72)
	at org.apache.hadoop.hdds.scm.protocol.ScmBlockLocationProtocolServerSideTranslatorPB.send(ScmBlockLocationProtocolServerSideTranslatorPB.java:98)
	at org.apache.hadoop.hdds.protocol.proto.ScmBlockLocationProtocolProtos$ScmBlockLocationProtocolService$2.callBlockingMethod(ScmBlockLocationProtocolProtos.java:13157)
	at org.apache.hadoop.ipc.ProtobufRpcEngine$Server$ProtoBufRpcInvoker.call(ProtobufRpcEngine.java:524)
	at org.apache.hadoop.ipc.RPC$Server.call(RPC.java:1025)
	at org.apache.hadoop.ipc.Server$RpcCall.run(Server.java:876)
	at org.apache.hadoop.ipc.Server$RpcCall.run(Server.java:822)
	at java.security.AccessController.doPrivileged(Native Method)
	at javax.security.auth.Subject.doAs(Subject.java:422)
	at org.apache.hadoop.security.UserGroupInformation.doAs(UserGroupInformation.java:1730)
	at org.apache.hadoop.ipc.Server$Handler.run(Server.java:2682)
2019-11-14 14:54:31,359 [IPC Server handler 2 on 41926] INFO  block.BlockManagerImpl (BlockManagerImpl.java:allocateBlock(212)) - Could not find available pipeline of type:RATIS and factor:THREE even after retrying
2019-11-14 14:54:31,359 [IPC Server handler 2 on 41926] ERROR block.BlockManagerImpl (BlockManagerImpl.java:allocateBlock(236)) - Unable to allocate a block for the size: 4194304, type: RATIS, factor: THREE
2019-11-14 14:54:31,363 [pool-59-thread-3] ERROR freon.RandomKeyGenerator (RandomKeyGenerator.java:createKey(735)) - Exception while adding key: key-0-82349 in bucket: bucket-0-98852 of volume: vol-0-66716.
INTERNAL_ERROR org.apache.hadoop.ozone.om.exceptions.OMException: Allocated 0 blocks. Requested 5 blocks
	at org.apache.hadoop.ozone.om.protocolPB.OzoneManagerProtocolClientSideTranslatorPB.handleError(OzoneManagerProtocolClientSideTranslatorPB.java:761)
	at org.apache.hadoop.ozone.om.protocolPB.OzoneManagerProtocolClientSideTranslatorPB.openKey(OzoneManagerProtocolClientSideTranslatorPB.java:752)
	at sun.reflect.NativeMethodAccessorImpl.invoke0(Native Method)
	at sun.reflect.NativeMethodAccessorImpl.invoke(NativeMethodAccessorImpl.java:62)
	at sun.reflect.DelegatingMethodAccessorImpl.invoke(DelegatingMethodAccessorImpl.java:43)
	at java.lang.reflect.Method.invoke(Method.java:498)
	at org.apache.hadoop.hdds.tracing.TraceAllMethod.invoke(TraceAllMethod.java:66)
	at com.sun.proxy.$Proxy37.openKey(Unknown Source)
	at org.apache.hadoop.ozone.client.rpc.RpcClient.createKey(RpcClient.java:633)
	at org.apache.hadoop.ozone.client.OzoneBucket.createKey(OzoneBucket.java:325)
	at org.apache.hadoop.ozone.freon.RandomKeyGenerator.createKey(RandomKeyGenerator.java:697)
	at org.apache.hadoop.ozone.freon.RandomKeyGenerator.access$1100(RandomKeyGenerator.java:88)
	at org.apache.hadoop.ozone.freon.RandomKeyGenerator$ObjectCreator.run(RandomKeyGenerator.java:615)
	at java.util.concurrent.Executors$RunnableAdapter.call(Executors.java:511)
	at java.util.concurrent.FutureTask.run(FutureTask.java:266)
	at java.util.concurrent.ThreadPoolExecutor.runWorker(ThreadPoolExecutor.java:1149)
	at java.util.concurrent.ThreadPoolExecutor$Worker.run(ThreadPoolExecutor.java:624)
	at java.lang.Thread.run(Thread.java:748)
 0.00% |?                                                                                                    |  0/1 Time: 0:00:01 0.00% |?                                                                                                    |  0/1 Time: 0:00:02 0.00% |?                                                                                                    |  0/1 Time: 0:00:03 0.00% |?                                                                                                    |  0/1 Time: 0:00:042019-11-14 14:54:36,270 [Thread-482] INFO  impl.FollowerState (FollowerState.java:run(111)) - cc403737-7a4a-422c-8c81-76863d71ad14@group-59A10C74F5B2-FollowerState: change to CANDIDATE, lastRpcTime:5016ms, electionTimeout:5016ms
2019-11-14 14:54:36,270 [Thread-482] INFO  impl.RoleInfo (RoleInfo.java:shutdownFollowerState(121)) - cc403737-7a4a-422c-8c81-76863d71ad14: shutdown FollowerState
2019-11-14 14:54:36,271 [Thread-482] INFO  impl.RaftServerImpl (RaftServerImpl.java:setRole(173)) - cc403737-7a4a-422c-8c81-76863d71ad14@group-59A10C74F5B2: changes role from  FOLLOWER to CANDIDATE at term 0 for changeToCandidate
2019-11-14 14:54:36,271 [Thread-482] INFO  impl.RoleInfo (RoleInfo.java:updateAndGet(143)) - cc403737-7a4a-422c-8c81-76863d71ad14: start LeaderElection
2019-11-14 14:54:36,298 [cc403737-7a4a-422c-8c81-76863d71ad14@group-59A10C74F5B2-LeaderElection6] INFO  impl.LeaderElection (LeaderElection.java:askForVotes(178)) - cc403737-7a4a-422c-8c81-76863d71ad14@group-59A10C74F5B2-LeaderElection6: begin an election at term 1 for -1: [076e1090-de6d-40ae-86bb-403df74e7a08:192.168.69.121:46244, cc403737-7a4a-422c-8c81-76863d71ad14:192.168.69.121:41411, 2e95d3a3-d467-4987-95b1-fa55b4c7c518:192.168.69.121:36295], old=null
 100.00% |?????????????????????????????????????????????????????????????????????????????????????????????????????|  1/1 Time: 0:00:05
2019-11-14 14:54:36,308 [grpc-default-executor-1] INFO  impl.RaftServerImpl (RaftServerImpl.java:setRole(173)) - 076e1090-de6d-40ae-86bb-403df74e7a08@group-59A10C74F5B2: changes role from  FOLLOWER to FOLLOWER at term 1 for recognizeCandidate:cc403737-7a4a-422c-8c81-76863d71ad14
2019-11-14 14:54:36,308 [grpc-default-executor-2] INFO  impl.RaftServerImpl (RaftServerImpl.java:setRole(173)) - 2e95d3a3-d467-4987-95b1-fa55b4c7c518@group-59A10C74F5B2: changes role from  FOLLOWER to FOLLOWER at term 1 for recognizeCandidate:cc403737-7a4a-422c-8c81-76863d71ad14
2019-11-14 14:54:36,308 [grpc-default-executor-1] INFO  impl.RoleInfo (RoleInfo.java:shutdownFollowerState(121)) - 076e1090-de6d-40ae-86bb-403df74e7a08: shutdown FollowerState
2019-11-14 14:54:36,309 [grpc-default-executor-2] INFO  impl.RoleInfo (RoleInfo.java:shutdownFollowerState(121)) - 2e95d3a3-d467-4987-95b1-fa55b4c7c518: shutdown FollowerState
2019-11-14 14:54:36,309 [Thread-483] INFO  impl.FollowerState (FollowerState.java:run(120)) - 076e1090-de6d-40ae-86bb-403df74e7a08@group-59A10C74F5B2-FollowerState was interrupted: java.lang.InterruptedException: sleep interrupted
2019-11-14 14:54:36,309 [grpc-default-executor-2] INFO  impl.RoleInfo (RoleInfo.java:updateAndGet(143)) - 2e95d3a3-d467-4987-95b1-fa55b4c7c518: start FollowerState
2019-11-14 14:54:36,309 [grpc-default-executor-1] INFO  impl.RoleInfo (RoleInfo.java:updateAndGet(143)) - 076e1090-de6d-40ae-86bb-403df74e7a08: start FollowerState
2019-11-14 14:54:36,309 [Thread-478] INFO  impl.FollowerState (FollowerState.java:run(120)) - 2e95d3a3-d467-4987-95b1-fa55b4c7c518@group-59A10C74F5B2-FollowerState was interrupted: java.lang.InterruptedException: sleep interrupted
2019-11-14 14:54:36,335 [cc403737-7a4a-422c-8c81-76863d71ad14@group-59A10C74F5B2-LeaderElection6] INFO  impl.LeaderElection (LeaderElection.java:logAndReturn(56)) - cc403737-7a4a-422c-8c81-76863d71ad14@group-59A10C74F5B2-LeaderElection6: Election PASSED; received 1 response(s) [cc403737-7a4a-422c-8c81-76863d71ad14<-2e95d3a3-d467-4987-95b1-fa55b4c7c518#0:OK-t1] and 0 exception(s); cc403737-7a4a-422c-8c81-76863d71ad14@group-59A10C74F5B2:t1, leader=null, voted=cc403737-7a4a-422c-8c81-76863d71ad14, raftlog=cc403737-7a4a-422c-8c81-76863d71ad14@group-59A10C74F5B2-SegmentedRaftLog:OPENED:c-1,f-1,i0, conf=-1: [076e1090-de6d-40ae-86bb-403df74e7a08:192.168.69.121:46244, cc403737-7a4a-422c-8c81-76863d71ad14:192.168.69.121:41411, 2e95d3a3-d467-4987-95b1-fa55b4c7c518:192.168.69.121:36295], old=null
2019-11-14 14:54:36,336 [cc403737-7a4a-422c-8c81-76863d71ad14@group-59A10C74F5B2-LeaderElection6] INFO  impl.RoleInfo (RoleInfo.java:shutdownLeaderElection(134)) - cc403737-7a4a-422c-8c81-76863d71ad14: shutdown LeaderElection
2019-11-14 14:54:36,336 [cc403737-7a4a-422c-8c81-76863d71ad14@group-59A10C74F5B2-LeaderElection6] INFO  impl.RaftServerImpl (RaftServerImpl.java:setRole(173)) - cc403737-7a4a-422c-8c81-76863d71ad14@group-59A10C74F5B2: changes role from CANDIDATE to LEADER at term 1 for changeToLeader
2019-11-14 14:54:36,336 [cc403737-7a4a-422c-8c81-76863d71ad14@group-59A10C74F5B2-LeaderElection6] INFO  ratis.XceiverServerRatis (XceiverServerRatis.java:handleLeaderChangedNotification(697)) - Leader change notification received for group: group-59A10C74F5B2 with new leaderId: cc403737-7a4a-422c-8c81-76863d71ad14
2019-11-14 14:54:36,337 [cc403737-7a4a-422c-8c81-76863d71ad14@group-59A10C74F5B2-LeaderElection6] INFO  impl.RaftServerImpl (ServerState.java:setLeader(255)) - cc403737-7a4a-422c-8c81-76863d71ad14@group-59A10C74F5B2: change Leader from null to cc403737-7a4a-422c-8c81-76863d71ad14 at term 1 for becomeLeader, leader elected after 5088ms
2019-11-14 14:54:36,337 [cc403737-7a4a-422c-8c81-76863d71ad14@group-59A10C74F5B2-LeaderElection6] INFO  server.RaftServerConfigKeys (ConfUtils.java:logGet(43)) - raft.server.staging.catchup.gap = 1000 (default)
2019-11-14 14:54:36,337 [cc403737-7a4a-422c-8c81-76863d71ad14@group-59A10C74F5B2-LeaderElection6] INFO  server.RaftServerConfigKeys (ConfUtils.java:logGet(43)) - raft.server.rpc.sleep.time = 25ms (default)
2019-11-14 14:54:36,338 [cc403737-7a4a-422c-8c81-76863d71ad14@group-59A10C74F5B2-LeaderElection6] INFO  server.RaftServerConfigKeys (ConfUtils.java:logGet(43)) - raft.server.write.element-limit = 4096 (default)
2019-11-14 14:54:36,338 [cc403737-7a4a-422c-8c81-76863d71ad14@group-59A10C74F5B2-LeaderElection6] INFO  server.RaftServerConfigKeys (ConfUtils.java:logGet(43)) - raft.server.watch.timeout = 10s (default)
2019-11-14 14:54:36,338 [cc403737-7a4a-422c-8c81-76863d71ad14@group-59A10C74F5B2-LeaderElection6] INFO  server.RaftServerConfigKeys (ConfUtils.java:logGet(43)) - raft.server.watch.timeout.denomination = 1s (default)
2019-11-14 14:54:36,338 [cc403737-7a4a-422c-8c81-76863d71ad14@group-59A10C74F5B2-LeaderElection6] INFO  server.RaftServerConfigKeys (ConfUtils.java:logGet(43)) - raft.server.watch.element-limit = 65536 (default)
2019-11-14 14:54:36,338 [cc403737-7a4a-422c-8c81-76863d71ad14@group-59A10C74F5B2-LeaderElection6] INFO  server.RaftServerConfigKeys (ConfUtils.java:logGet(43)) - raft.server.log.appender.snapshot.chunk.size.max = 16MB (=16777216) (default)
2019-11-14 14:54:36,339 [EventQueue-PipelineReportForPipelineReportHandler] INFO  pipeline.PipelineStateManager (PipelineStateManager.java:openPipeline(134)) - Pipeline Pipeline[ Id: 55ad7cf5-2871-4fd7-b646-59a10c74f5b2, Nodes: cc403737-7a4a-422c-8c81-76863d71ad14{ip: 192.168.69.121, host: pr-hdds-2468-gmfm6-3729483342, networkLocation: /default-rack, certSerialId: null}2e95d3a3-d467-4987-95b1-fa55b4c7c518{ip: 192.168.69.121, host: pr-hdds-2468-gmfm6-3729483342, networkLocation: /default-rack, certSerialId: null}076e1090-de6d-40ae-86bb-403df74e7a08{ip: 192.168.69.121, host: pr-hdds-2468-gmfm6-3729483342, networkLocation: /default-rack, certSerialId: null}, Type:RATIS, Factor:THREE, State:OPEN] moved to OPEN state
2019-11-14 14:54:36,339 [cc403737-7a4a-422c-8c81-76863d71ad14@group-59A10C74F5B2-LeaderElection6] INFO  server.RaftServerConfigKeys (ConfUtils.java:logGet(43)) - raft.server.log.appender.buffer.byte-limit = 33554432 (custom)
2019-11-14 14:54:36,340 [cc403737-7a4a-422c-8c81-76863d71ad14@group-59A10C74F5B2-LeaderElection6] INFO  server.RaftServerConfigKeys (ConfUtils.java:logGet(43)) - raft.server.log.appender.buffer.element-limit = 1 (custom)
2019-11-14 14:54:36,340 [cc403737-7a4a-422c-8c81-76863d71ad14@group-59A10C74F5B2-LeaderElection6] INFO  grpc.GrpcConfigKeys$Server (ConfUtils.java:logGet(43)) - raft.grpc.server.leader.outstanding.appends.max = 128 (default)
2019-11-14 14:54:36,341 [cc403737-7a4a-422c-8c81-76863d71ad14@group-59A10C74F5B2-LeaderElection6] INFO  server.RaftServerConfigKeys (ConfUtils.java:logGet(43)) - raft.server.rpc.request.timeout = 3000ms (default)
2019-11-14 14:54:36,341 [cc403737-7a4a-422c-8c81-76863d71ad14@group-59A10C74F5B2-LeaderElection6] INFO  server.RaftServerConfigKeys (ConfUtils.java:logGet(43)) - raft.server.log.appender.install.snapshot.enabled = false (custom)
2019-11-14 14:54:36,341 [cc403737-7a4a-422c-8c81-76863d71ad14@group-59A10C74F5B2-LeaderElection6] WARN  impl.MetricRegistriesImpl (MetricRegistriesImpl.java:lambda$create$1(61)) - First MetricRegistry has been created without registering reporters. You may need to call MetricRegistries.global().addReportRegistration(...) before.
2019-11-14 14:54:36,342 [cc403737-7a4a-422c-8c81-76863d71ad14@group-59A10C74F5B2-LeaderElection6] INFO  server.RaftServerConfigKeys (ConfUtils.java:logGet(43)) - raft.server.log.appender.snapshot.chunk.size.max = 16MB (=16777216) (default)
2019-11-14 14:54:36,342 [cc403737-7a4a-422c-8c81-76863d71ad14@group-59A10C74F5B2-LeaderElection6] INFO  server.RaftServerConfigKeys (ConfUtils.java:logGet(43)) - raft.server.log.appender.buffer.byte-limit = 33554432 (custom)
2019-11-14 14:54:36,342 [cc403737-7a4a-422c-8c81-76863d71ad14@group-59A10C74F5B2-LeaderElection6] INFO  server.RaftServerConfigKeys (ConfUtils.java:logGet(43)) - raft.server.log.appender.buffer.element-limit = 1 (custom)
2019-11-14 14:54:36,342 [cc403737-7a4a-422c-8c81-76863d71ad14@group-59A10C74F5B2-LeaderElection6] INFO  grpc.GrpcConfigKeys$Server (ConfUtils.java:logGet(43)) - raft.grpc.server.leader.outstanding.appends.max = 128 (default)
2019-11-14 14:54:36,342 [cc403737-7a4a-422c-8c81-76863d71ad14@group-59A10C74F5B2-LeaderElection6] INFO  server.RaftServerConfigKeys (ConfUtils.java:logGet(43)) - raft.server.rpc.request.timeout = 3000ms (default)
2019-11-14 14:54:36,343 [cc403737-7a4a-422c-8c81-76863d71ad14@group-59A10C74F5B2-LeaderElection6] INFO  server.RaftServerConfigKeys (ConfUtils.java:logGet(43)) - raft.server.log.appender.install.snapshot.enabled = false (custom)
2019-11-14 14:54:36,343 [cc403737-7a4a-422c-8c81-76863d71ad14@group-59A10C74F5B2-LeaderElection6] INFO  impl.RoleInfo (RoleInfo.java:updateAndGet(143)) - cc403737-7a4a-422c-8c81-76863d71ad14: start LeaderState
2019-11-14 14:54:36,343 [cc403737-7a4a-422c-8c81-76863d71ad14@group-59A10C74F5B2-LeaderElection6] INFO  segmented.SegmentedRaftLogWorker (SegmentedRaftLogWorker.java:startLogSegment(385)) - cc403737-7a4a-422c-8c81-76863d71ad14@group-59A10C74F5B2-SegmentedRaftLogWorker: Starting segment from index:0
2019-11-14 14:54:36,344 [cc403737-7a4a-422c-8c81-76863d71ad14@group-59A10C74F5B2-LeaderElection6] INFO  impl.RaftServerImpl (ServerState.java:setRaftConf(356)) - cc403737-7a4a-422c-8c81-76863d71ad14@group-59A10C74F5B2: set configuration 0: [076e1090-de6d-40ae-86bb-403df74e7a08:192.168.69.121:46244, cc403737-7a4a-422c-8c81-76863d71ad14:192.168.69.121:41411, 2e95d3a3-d467-4987-95b1-fa55b4c7c518:192.168.69.121:36295], old=null at 0
2019-11-14 14:54:36,370 [grpc-default-executor-1] INFO  ratis.XceiverServerRatis (XceiverServerRatis.java:handleLeaderChangedNotification(697)) - Leader change notification received for group: group-59A10C74F5B2 with new leaderId: cc403737-7a4a-422c-8c81-76863d71ad14
2019-11-14 14:54:36,370 [grpc-default-executor-2] INFO  ratis.XceiverServerRatis (XceiverServerRatis.java:handleLeaderChangedNotification(697)) - Leader change notification received for group: group-59A10C74F5B2 with new leaderId: cc403737-7a4a-422c-8c81-76863d71ad14
2019-11-14 14:54:36,371 [grpc-default-executor-1] INFO  impl.RaftServerImpl (ServerState.java:setLeader(255)) - 076e1090-de6d-40ae-86bb-403df74e7a08@group-59A10C74F5B2: change Leader from null to cc403737-7a4a-422c-8c81-76863d71ad14 at term 1 for appendEntries, leader elected after 5122ms
2019-11-14 14:54:36,371 [grpc-default-executor-2] INFO  impl.RaftServerImpl (ServerState.java:setLeader(255)) - 2e95d3a3-d467-4987-95b1-fa55b4c7c518@group-59A10C74F5B2: change Leader from null to cc403737-7a4a-422c-8c81-76863d71ad14 at term 1 for appendEntries, leader elected after 5136ms
2019-11-14 14:54:36,375 [grpc-default-executor-2] INFO  impl.RaftServerImpl (ServerState.java:setRaftConf(356)) - 2e95d3a3-d467-4987-95b1-fa55b4c7c518@group-59A10C74F5B2: set configuration 0: [076e1090-de6d-40ae-86bb-403df74e7a08:192.168.69.121:46244, cc403737-7a4a-422c-8c81-76863d71ad14:192.168.69.121:41411, 2e95d3a3-d467-4987-95b1-fa55b4c7c518:192.168.69.121:36295], old=null at 0
2019-11-14 14:54:36,375 [grpc-default-executor-2] INFO  segmented.SegmentedRaftLogWorker (SegmentedRaftLogWorker.java:startLogSegment(385)) - 2e95d3a3-d467-4987-95b1-fa55b4c7c518@group-59A10C74F5B2-SegmentedRaftLogWorker: Starting segment from index:0
2019-11-14 14:54:36,375 [grpc-default-executor-1] INFO  impl.RaftServerImpl (ServerState.java:setRaftConf(356)) - 076e1090-de6d-40ae-86bb-403df74e7a08@group-59A10C74F5B2: set configuration 0: [076e1090-de6d-40ae-86bb-403df74e7a08:192.168.69.121:46244, cc403737-7a4a-422c-8c81-76863d71ad14:192.168.69.121:41411, 2e95d3a3-d467-4987-95b1-fa55b4c7c518:192.168.69.121:36295], old=null at 0
2019-11-14 14:54:36,375 [grpc-default-executor-1] INFO  segmented.SegmentedRaftLogWorker (SegmentedRaftLogWorker.java:startLogSegment(385)) - 076e1090-de6d-40ae-86bb-403df74e7a08@group-59A10C74F5B2-SegmentedRaftLogWorker: Starting segment from index:0
2019-11-14 14:54:36,390 [cc403737-7a4a-422c-8c81-76863d71ad14@group-59A10C74F5B2-SegmentedRaftLogWorker] INFO  segmented.SegmentedRaftLogWorker (SegmentedRaftLogWorker.java:execute(576)) - cc403737-7a4a-422c-8c81-76863d71ad14@group-59A10C74F5B2-SegmentedRaftLogWorker: created new log segment /workdir/hadoop-ozone/tools/target/test-dir/MiniOzoneClusterImpl-24c23126-5e63-45a6-b3fa-6fd9e19bf9ea/datanode-0/data/ratis/55ad7cf5-2871-4fd7-b646-59a10c74f5b2/current/log_inprogress_0
2019-11-14 14:54:36,412 [076e1090-de6d-40ae-86bb-403df74e7a08@group-59A10C74F5B2-SegmentedRaftLogWorker] INFO  segmented.SegmentedRaftLogWorker (SegmentedRaftLogWorker.java:execute(576)) - 076e1090-de6d-40ae-86bb-403df74e7a08@group-59A10C74F5B2-SegmentedRaftLogWorker: created new log segment /workdir/hadoop-ozone/tools/target/test-dir/MiniOzoneClusterImpl-24c23126-5e63-45a6-b3fa-6fd9e19bf9ea/datanode-2/data/ratis/55ad7cf5-2871-4fd7-b646-59a10c74f5b2/current/log_inprogress_0
2019-11-14 14:54:36,425 [2e95d3a3-d467-4987-95b1-fa55b4c7c518@group-59A10C74F5B2-SegmentedRaftLogWorker] INFO  segmented.SegmentedRaftLogWorker (SegmentedRaftLogWorker.java:execute(576)) - 2e95d3a3-d467-4987-95b1-fa55b4c7c518@group-59A10C74F5B2-SegmentedRaftLogWorker: created new log segment /workdir/hadoop-ozone/tools/target/test-dir/MiniOzoneClusterImpl-24c23126-5e63-45a6-b3fa-6fd9e19bf9ea/datanode-1/data/ratis/55ad7cf5-2871-4fd7-b646-59a10c74f5b2/current/log_inprogress_0
]]></system-out>
    <system-err><![CDATA[ERROR StatusLogger No Log4j 2 configuration file found. Using default configuration (logging only errors to the console), or user programmatically provided configurations. Set system property 'log4j2.debug' to show Log4j 2 internal initialization logging. See https://logging.apache.org/log4j/2.x/manual/configuration.html for instructions on how to configure Log4j 2
]]></system-err>
  </testcase>
</testsuite>