<?xml version="1.0" encoding="UTF-8"?>
<testsuite xmlns:xsi="http://www.w3.org/2001/XMLSchema-instance" xsi:noNamespaceSchemaLocation="https://maven.apache.org/surefire/maven-surefire-plugin/xsd/surefire-test-report.xsd" name="org.apache.hadoop.ozone.scm.node.TestSCMNodeMetrics" time="110.953" tests="5" errors="0" skipped="0" failures="2">
  <properties>
    <property name="awt.toolkit" value="sun.awt.X11.XToolkit"/>
    <property name="file.encoding.pkg" value="sun.io"/>
    <property name="java.specification.version" value="1.8"/>
    <property name="sun.cpu.isalist" value=""/>
    <property name="sun.jnu.encoding" value="ANSI_X3.4-1968"/>
    <property name="java.class.path" value="/workdir/hadoop-ozone/integration-test/target/test-classes:/workdir/hadoop-ozone/integration-test/target/classes:/home/user/.m2/repository/org/apache/hadoop/hadoop-ozone-common/0.5.0-SNAPSHOT/hadoop-ozone-common-0.5.0-SNAPSHOT.jar:/home/user/.m2/repository/org/apache/commons/commons-compress/1.4.1/commons-compress-1.4.1.jar:/home/user/.m2/repository/org/tukaani/xz/1.0/xz-1.0.jar:/home/user/.m2/repository/org/apache/hadoop/hadoop-common/3.2.0/hadoop-common-3.2.0.jar:/home/user/.m2/repository/org/apache/hadoop/hadoop-hdfs/3.2.0/hadoop-hdfs-3.2.0.jar:/home/user/.m2/repository/org/apache/hadoop/hadoop-hdfs-client/3.2.0/hadoop-hdfs-client-3.2.0.jar:/home/user/.m2/repository/com/fasterxml/jackson/core/jackson-annotations/2.9.9/jackson-annotations-2.9.9.jar:/home/user/.m2/repository/org/apache/hadoop/hadoop-hdds-common/0.5.0-SNAPSHOT/hadoop-hdds-common-0.5.0-SNAPSHOT.jar:/home/user/.m2/repository/javax/annotation/javax.annotation-api/1.2/javax.annotation-api-1.2.jar:/home/user/.m2/repository/org/apache/ratis/ratis-server/0.5.0-d6d58d0-SNAPSHOT/ratis-server-0.5.0-d6d58d0-SNAPSHOT.jar:/home/user/.m2/repository/org/apache/ratis/ratis-thirdparty-misc/0.2.0/ratis-thirdparty-misc-0.2.0.jar:/home/user/.m2/repository/org/apache/ratis/ratis-proto/0.5.0-d6d58d0-SNAPSHOT/ratis-proto-0.5.0-d6d58d0-SNAPSHOT.jar:/home/user/.m2/repository/org/apache/ratis/ratis-common/0.5.0-d6d58d0-SNAPSHOT/ratis-common-0.5.0-d6d58d0-SNAPSHOT.jar:/home/user/.m2/repository/org/apache/ratis/ratis-client/0.5.0-d6d58d0-SNAPSHOT/ratis-client-0.5.0-d6d58d0-SNAPSHOT.jar:/home/user/.m2/repository/org/apache/ratis/ratis-metrics/0.5.0-d6d58d0-SNAPSHOT/ratis-metrics-0.5.0-d6d58d0-SNAPSHOT.jar:/home/user/.m2/repository/org/apache/ratis/ratis-netty/0.5.0-d6d58d0-SNAPSHOT/ratis-netty-0.5.0-d6d58d0-SNAPSHOT.jar:/home/user/.m2/repository/org/apache/ratis/ratis-grpc/0.5.0-d6d58d0-SNAPSHOT/ratis-grpc-0.5.0-d6d58d0-SNAPSHOT.jar:/home/user/.m2/repository/org/rocksdb/rocksdbjni/6.0.1/rocksdbjni-6.0.1.jar:/home/user/.m2/repository/org/apache/logging/log4j/log4j-api/2.11.0/log4j-api-2.11.0.jar:/home/user/.m2/repository/org/apache/logging/log4j/log4j-core/2.11.0/log4j-core-2.11.0.jar:/home/user/.m2/repository/com/lmax/disruptor/3.4.2/disruptor-3.4.2.jar:/home/user/.m2/repository/org/apache/commons/commons-pool2/2.6.0/commons-pool2-2.6.0.jar:/home/user/.m2/repository/org/bouncycastle/bcpkix-jdk15on/1.60/bcpkix-jdk15on-1.60.jar:/home/user/.m2/repository/commons-validator/commons-validator/1.6/commons-validator-1.6.jar:/home/user/.m2/repository/commons-digester/commons-digester/1.8.1/commons-digester-1.8.1.jar:/home/user/.m2/repository/io/jaegertracing/jaeger-client/0.34.0/jaeger-client-0.34.0.jar:/home/user/.m2/repository/io/jaegertracing/jaeger-thrift/0.34.0/jaeger-thrift-0.34.0.jar:/home/user/.m2/repository/org/apache/thrift/libthrift/0.12.0/libthrift-0.12.0.jar:/home/user/.m2/repository/com/squareup/okhttp3/okhttp/3.9.0/okhttp-3.9.0.jar:/home/user/.m2/repository/com/squareup/okio/okio/1.13.0/okio-1.13.0.jar:/home/user/.m2/repository/io/jaegertracing/jaeger-core/0.34.0/jaeger-core-0.34.0.jar:/home/user/.m2/repository/io/jaegertracing/jaeger-tracerresolver/0.34.0/jaeger-tracerresolver-0.34.0.jar:/home/user/.m2/repository/io/opentracing/contrib/opentracing-tracerresolver/0.1.5/opentracing-tracerresolver-0.1.5.jar:/home/user/.m2/repository/io/opentracing/opentracing-util/0.31.0/opentracing-util-0.31.0.jar:/home/user/.m2/repository/io/opentracing/opentracing-api/0.31.0/opentracing-api-0.31.0.jar:/home/user/.m2/repository/io/opentracing/opentracing-noop/0.31.0/opentracing-noop-0.31.0.jar:/home/user/.m2/repository/org/apache/hadoop/hadoop-hdds-server-framework/0.5.0-SNAPSHOT/hadoop-hdds-server-framework-0.5.0-SNAPSHOT.jar:/home/user/.m2/repository/org/apache/hadoop/hadoop-hdds-container-service/0.5.0-SNAPSHOT/hadoop-hdds-container-service-0.5.0-SNAPSHOT.jar:/home/user/.m2/repository/org/apache/hadoop/hadoop-hdds-client/0.5.0-SNAPSHOT/hadoop-hdds-client-0.5.0-SNAPSHOT.jar:/home/user/.m2/repository/org/apache/hadoop/hadoop-hdds-tools/0.5.0-SNAPSHOT/hadoop-hdds-tools-0.5.0-SNAPSHOT.jar:/home/user/.m2/repository/org/apache/hadoop/hadoop-hdds-server-scm/0.5.0-SNAPSHOT/hadoop-hdds-server-scm-0.5.0-SNAPSHOT.jar:/home/user/.m2/repository/org/apache/hadoop/hadoop-hdds-docs/0.5.0-SNAPSHOT/hadoop-hdds-docs-0.5.0-SNAPSHOT.jar:/home/user/.m2/repository/io/dropwizard/metrics/metrics-core/3.2.4/metrics-core-3.2.4.jar:/home/user/.m2/repository/org/hamcrest/hamcrest-all/1.3/hamcrest-all-1.3.jar:/home/user/.m2/repository/org/bouncycastle/bcprov-jdk15on/1.60/bcprov-jdk15on-1.60.jar:/home/user/.m2/repository/info/picocli/picocli/3.9.6/picocli-3.9.6.jar:/home/user/.m2/repository/com/google/protobuf/protobuf-java/2.5.0/protobuf-java-2.5.0.jar:/home/user/.m2/repository/com/google/guava/guava/11.0.2/guava-11.0.2.jar:/home/user/.m2/repository/org/apache/hadoop/hadoop-ozone-ozone-manager/0.5.0-SNAPSHOT/hadoop-ozone-ozone-manager-0.5.0-SNAPSHOT.jar:/home/user/.m2/repository/org/apache/hadoop/hadoop-minikdc/3.2.0/hadoop-minikdc-3.2.0.jar:/home/user/.m2/repository/commons-io/commons-io/2.5/commons-io-2.5.jar:/home/user/.m2/repository/org/apache/kerby/kerb-simplekdc/1.0.1/kerb-simplekdc-1.0.1.jar:/home/user/.m2/repository/org/apache/kerby/kerb-client/1.0.1/kerb-client-1.0.1.jar:/home/user/.m2/repository/org/apache/kerby/kerby-config/1.0.1/kerby-config-1.0.1.jar:/home/user/.m2/repository/org/apache/kerby/kerb-core/1.0.1/kerb-core-1.0.1.jar:/home/user/.m2/repository/org/apache/kerby/kerby-pkix/1.0.1/kerby-pkix-1.0.1.jar:/home/user/.m2/repository/org/apache/kerby/kerby-asn1/1.0.1/kerby-asn1-1.0.1.jar:/home/user/.m2/repository/org/apache/kerby/kerby-util/1.0.1/kerby-util-1.0.1.jar:/home/user/.m2/repository/org/apache/kerby/kerb-common/1.0.1/kerb-common-1.0.1.jar:/home/user/.m2/repository/org/apache/kerby/kerb-crypto/1.0.1/kerb-crypto-1.0.1.jar:/home/user/.m2/repository/org/apache/kerby/kerb-util/1.0.1/kerb-util-1.0.1.jar:/home/user/.m2/repository/org/apache/kerby/token-provider/1.0.1/token-provider-1.0.1.jar:/home/user/.m2/repository/org/apache/kerby/kerb-admin/1.0.1/kerb-admin-1.0.1.jar:/home/user/.m2/repository/org/apache/kerby/kerb-server/1.0.1/kerb-server-1.0.1.jar:/home/user/.m2/repository/org/apache/kerby/kerb-identity/1.0.1/kerb-identity-1.0.1.jar:/home/user/.m2/repository/org/apache/kerby/kerby-xdr/1.0.1/kerby-xdr-1.0.1.jar:/home/user/.m2/repository/org/slf4j/slf4j-log4j12/1.7.25/slf4j-log4j12-1.7.25.jar:/home/user/.m2/repository/org/apache/hadoop/hadoop-ozone-s3gateway/0.5.0-SNAPSHOT/hadoop-ozone-s3gateway-0.5.0-SNAPSHOT.jar:/home/user/.m2/repository/org/jboss/weld/servlet/weld-servlet/2.4.7.Final/weld-servlet-2.4.7.Final.jar:/home/user/.m2/repository/org/glassfish/jersey/containers/jersey-container-servlet-core/2.27/jersey-container-servlet-core-2.27.jar:/home/user/.m2/repository/org/glassfish/hk2/external/javax.inject/2.5.0-b42/javax.inject-2.5.0-b42.jar:/home/user/.m2/repository/org/glassfish/jersey/core/jersey-common/2.27/jersey-common-2.27.jar:/home/user/.m2/repository/org/glassfish/hk2/osgi-resource-locator/1.0.1/osgi-resource-locator-1.0.1.jar:/home/user/.m2/repository/javax/ws/rs/javax.ws.rs-api/2.1/javax.ws.rs-api-2.1.jar:/home/user/.m2/repository/org/glassfish/jersey/ext/cdi/jersey-cdi1x/2.27/jersey-cdi1x-2.27.jar:/home/user/.m2/repository/org/glassfish/jersey/inject/jersey-hk2/2.27/jersey-hk2-2.27.jar:/home/user/.m2/repository/org/glassfish/hk2/hk2-locator/2.5.0-b42/hk2-locator-2.5.0-b42.jar:/home/user/.m2/repository/org/javassist/javassist/3.22.0-CR2/javassist-3.22.0-CR2.jar:/home/user/.m2/repository/org/glassfish/hk2/hk2-api/2.5.0/hk2-api-2.5.0.jar:/home/user/.m2/repository/org/glassfish/hk2/external/jakarta.inject/2.5.0/jakarta.inject-2.5.0.jar:/home/user/.m2/repository/org/glassfish/hk2/hk2-utils/2.5.0/hk2-utils-2.5.0.jar:/home/user/.m2/repository/jakarta/annotation/jakarta.annotation-api/1.3.4/jakarta.annotation-api-1.3.4.jar:/home/user/.m2/repository/org/glassfish/hk2/external/aopalliance-repackaged/2.5.0/aopalliance-repackaged-2.5.0.jar:/home/user/.m2/repository/com/fasterxml/jackson/dataformat/jackson-dataformat-xml/2.9.0/jackson-dataformat-xml-2.9.0.jar:/home/user/.m2/repository/com/fasterxml/jackson/core/jackson-core/2.9.9/jackson-core-2.9.9.jar:/home/user/.m2/repository/com/fasterxml/jackson/module/jackson-module-jaxb-annotations/2.9.9/jackson-module-jaxb-annotations-2.9.9.jar:/home/user/.m2/repository/javax/enterprise/cdi-api/1.2/cdi-api-1.2.jar:/home/user/.m2/repository/javax/el/javax.el-api/3.0.0/javax.el-api-3.0.0.jar:/home/user/.m2/repository/javax/interceptor/javax.interceptor-api/1.2/javax.interceptor-api-1.2.jar:/home/user/.m2/repository/javax/inject/javax.inject/1/javax.inject-1.jar:/home/user/.m2/repository/com/sun/xml/bind/jaxb-impl/2.3.0.1/jaxb-impl-2.3.0.1.jar:/home/user/.m2/repository/com/sun/xml/bind/jaxb-core/2.3.0.1/jaxb-core-2.3.0.1.jar:/home/user/.m2/repository/javax/xml/bind/jaxb-api/2.3.0/jaxb-api-2.3.0.jar:/home/user/.m2/repository/javax/activation/activation/1.1.1/activation-1.1.1.jar:/home/user/.m2/repository/org/apache/hadoop/hadoop-ozone-csi/0.5.0-SNAPSHOT/hadoop-ozone-csi-0.5.0-SNAPSHOT.jar:/home/user/.m2/repository/com/google/protobuf/protobuf-java-util/3.5.1/protobuf-java-util-3.5.1.jar:/home/user/.m2/repository/org/apache/hadoop/hadoop-hdds-config/0.5.0-SNAPSHOT/hadoop-hdds-config-0.5.0-SNAPSHOT.jar:/home/user/.m2/repository/io/grpc/grpc-netty/1.17.1/grpc-netty-1.17.1.jar:/home/user/.m2/repository/io/grpc/grpc-core/1.17.1/grpc-core-1.17.1.jar:/home/user/.m2/repository/io/grpc/grpc-context/1.17.1/grpc-context-1.17.1.jar:/home/user/.m2/repository/com/google/errorprone/error_prone_annotations/2.2.0/error_prone_annotations-2.2.0.jar:/home/user/.m2/repository/org/codehaus/mojo/animal-sniffer-annotations/1.17/animal-sniffer-annotations-1.17.jar:/home/user/.m2/repository/io/opencensus/opencensus-api/0.17.0/opencensus-api-0.17.0.jar:/home/user/.m2/repository/io/opencensus/opencensus-contrib-grpc-metrics/0.17.0/opencensus-contrib-grpc-metrics-0.17.0.jar:/home/user/.m2/repository/io/netty/netty-codec-http2/4.1.30.Final/netty-codec-http2-4.1.30.Final.jar:/home/user/.m2/repository/io/netty/netty-codec-http/4.1.30.Final/netty-codec-http-4.1.30.Final.jar:/home/user/.m2/repository/io/netty/netty-codec/4.1.30.Final/netty-codec-4.1.30.Final.jar:/home/user/.m2/repository/io/netty/netty-handler/4.1.30.Final/netty-handler-4.1.30.Final.jar:/home/user/.m2/repository/io/netty/netty-handler-proxy/4.1.30.Final/netty-handler-proxy-4.1.30.Final.jar:/home/user/.m2/repository/io/netty/netty-codec-socks/4.1.30.Final/netty-codec-socks-4.1.30.Final.jar:/home/user/.m2/repository/io/netty/netty-transport-native-epoll/4.1.30.Final/netty-transport-native-epoll-4.1.30.Final.jar:/home/user/.m2/repository/io/netty/netty-common/4.1.30.Final/netty-common-4.1.30.Final.jar:/home/user/.m2/repository/io/netty/netty-buffer/4.1.30.Final/netty-buffer-4.1.30.Final.jar:/home/user/.m2/repository/io/netty/netty-transport/4.1.30.Final/netty-transport-4.1.30.Final.jar:/home/user/.m2/repository/io/netty/netty-resolver/4.1.30.Final/netty-resolver-4.1.30.Final.jar:/home/user/.m2/repository/io/netty/netty-transport-native-unix-common/4.1.30.Final/netty-transport-native-unix-common-4.1.30.Final.jar:/home/user/.m2/repository/io/grpc/grpc-protobuf/1.17.1/grpc-protobuf-1.17.1.jar:/home/user/.m2/repository/com/google/api/grpc/proto-google-common-protos/1.0.0/proto-google-common-protos-1.0.0.jar:/home/user/.m2/repository/io/grpc/grpc-protobuf-lite/1.17.1/grpc-protobuf-lite-1.17.1.jar:/home/user/.m2/repository/io/grpc/grpc-stub/1.17.1/grpc-stub-1.17.1.jar:/home/user/.m2/repository/org/apache/hadoop/hadoop-ozone-recon/0.5.0-SNAPSHOT/hadoop-ozone-recon-0.5.0-SNAPSHOT.jar:/home/user/.m2/repository/org/apache/hadoop/hadoop-ozone-reconcodegen/0.5.0-SNAPSHOT/hadoop-ozone-reconcodegen-0.5.0-SNAPSHOT.jar:/home/user/.m2/repository/com/google/inject/extensions/guice-multibindings/4.0/guice-multibindings-4.0.jar:/home/user/.m2/repository/com/google/inject/guice/4.0/guice-4.0.jar:/home/user/.m2/repository/aopalliance/aopalliance/1.0/aopalliance-1.0.jar:/home/user/.m2/repository/com/google/inject/extensions/guice-servlet/4.0/guice-servlet-4.0.jar:/home/user/.m2/repository/org/glassfish/jersey/containers/jersey-container-servlet/2.27/jersey-container-servlet-2.27.jar:/home/user/.m2/repository/org/glassfish/hk2/guice-bridge/2.5.0/guice-bridge-2.5.0.jar:/home/user/.m2/repository/org/glassfish/jersey/core/jersey-server/2.27/jersey-server-2.27.jar:/home/user/.m2/repository/org/glassfish/jersey/core/jersey-client/2.27/jersey-client-2.27.jar:/home/user/.m2/repository/org/glassfish/jersey/media/jersey-media-jaxb/2.27/jersey-media-jaxb-2.27.jar:/home/user/.m2/repository/javax/validation/validation-api/1.1.0.Final/validation-api-1.1.0.Final.jar:/home/user/.m2/repository/org/glassfish/jersey/media/jersey-media-json-jackson/2.27/jersey-media-json-jackson-2.27.jar:/home/user/.m2/repository/org/glassfish/jersey/ext/jersey-entity-filtering/2.27/jersey-entity-filtering-2.27.jar:/home/user/.m2/repository/com/google/inject/extensions/guice-assistedinject/4.0/guice-assistedinject-4.0.jar:/home/user/.m2/repository/org/jooq/jooq/3.11.10/jooq-3.11.10.jar:/home/user/.m2/repository/org/jooq/jooq-meta/3.11.10/jooq-meta-3.11.10.jar:/home/user/.m2/repository/org/jooq/jooq-codegen/3.11.10/jooq-codegen-3.11.10.jar:/home/user/.m2/repository/com/jolbox/bonecp/0.8.0.RELEASE/bonecp-0.8.0.RELEASE.jar:/home/user/.m2/repository/org/xerial/sqlite-jdbc/3.25.2/sqlite-jdbc-3.25.2.jar:/home/user/.m2/repository/org/springframework/spring-jdbc/5.1.3.RELEASE/spring-jdbc-5.1.3.RELEASE.jar:/home/user/.m2/repository/org/springframework/spring-beans/5.1.3.RELEASE/spring-beans-5.1.3.RELEASE.jar:/home/user/.m2/repository/org/springframework/spring-core/5.1.3.RELEASE/spring-core-5.1.3.RELEASE.jar:/home/user/.m2/repository/org/springframework/spring-jcl/5.1.3.RELEASE/spring-jcl-5.1.3.RELEASE.jar:/home/user/.m2/repository/org/springframework/spring-tx/5.1.3.RELEASE/spring-tx-5.1.3.RELEASE.jar:/home/user/.m2/repository/org/apache/hadoop/hadoop-ozone-client/0.5.0-SNAPSHOT/hadoop-ozone-client-0.5.0-SNAPSHOT.jar:/home/user/.m2/repository/commons-lang/commons-lang/2.6/commons-lang-2.6.jar:/home/user/.m2/repository/org/apache/hadoop/hadoop-ozone-ozone-manager/0.5.0-SNAPSHOT/hadoop-ozone-ozone-manager-0.5.0-SNAPSHOT-tests.jar:/home/user/.m2/repository/junit/junit/4.11/junit-4.11.jar:/home/user/.m2/repository/org/hamcrest/hamcrest-core/1.3/hamcrest-core-1.3.jar:/home/user/.m2/repository/org/openjdk/jmh/jmh-core/1.19/jmh-core-1.19.jar:/home/user/.m2/repository/net/sf/jopt-simple/jopt-simple/4.6/jopt-simple-4.6.jar:/home/user/.m2/repository/org/apache/commons/commons-math3/3.1.1/commons-math3-3.1.1.jar:/home/user/.m2/repository/org/openjdk/jmh/jmh-generator-annprocess/1.19/jmh-generator-annprocess-1.19.jar:/home/user/.m2/repository/org/mockito/mockito-all/1.8.5/mockito-all-1.8.5.jar:/home/user/.m2/repository/org/apache/hadoop/hadoop-kms/3.2.0/hadoop-kms-3.2.0.jar:/home/user/.m2/repository/org/apache/hadoop/hadoop-auth/3.2.0/hadoop-auth-3.2.0.jar:/home/user/.m2/repository/com/nimbusds/nimbus-jose-jwt/4.41.1/nimbus-jose-jwt-4.41.1.jar:/home/user/.m2/repository/com/github/stephenc/jcip/jcip-annotations/1.0-1/jcip-annotations-1.0-1.jar:/home/user/.m2/repository/net/minidev/json-smart/2.3/json-smart-2.3.jar:/home/user/.m2/repository/net/minidev/accessors-smart/1.2/accessors-smart-1.2.jar:/home/user/.m2/repository/org/ow2/asm/asm/5.0.4/asm-5.0.4.jar:/home/user/.m2/repository/org/apache/curator/curator-framework/2.12.0/curator-framework-2.12.0.jar:/home/user/.m2/repository/com/sun/jersey/jersey-core/1.19/jersey-core-1.19.jar:/home/user/.m2/repository/javax/ws/rs/jsr311-api/1.1.1/jsr311-api-1.1.1.jar:/home/user/.m2/repository/com/sun/jersey/jersey-server/1.19/jersey-server-1.19.jar:/home/user/.m2/repository/javax/servlet/javax.servlet-api/3.1.0/javax.servlet-api-3.1.0.jar:/home/user/.m2/repository/org/eclipse/jetty/jetty-server/9.3.25.v20180904/jetty-server-9.3.25.v20180904.jar:/home/user/.m2/repository/org/eclipse/jetty/jetty-http/9.3.25.v20180904/jetty-http-9.3.25.v20180904.jar:/home/user/.m2/repository/org/eclipse/jetty/jetty-io/9.3.25.v20180904/jetty-io-9.3.25.v20180904.jar:/home/user/.m2/repository/org/eclipse/jetty/jetty-webapp/9.3.25.v20180904/jetty-webapp-9.3.25.v20180904.jar:/home/user/.m2/repository/org/eclipse/jetty/jetty-xml/9.3.25.v20180904/jetty-xml-9.3.25.v20180904.jar:/home/user/.m2/repository/log4j/log4j/1.2.17/log4j-1.2.17.jar:/home/user/.m2/repository/org/slf4j/slf4j-api/1.7.25/slf4j-api-1.7.25.jar:/home/user/.m2/repository/org/slf4j/jul-to-slf4j/1.7.25/jul-to-slf4j-1.7.25.jar:/home/user/.m2/repository/org/eclipse/jetty/jetty-util/9.3.25.v20180904/jetty-util-9.3.25.v20180904.jar:/home/user/.m2/repository/com/fasterxml/jackson/core/jackson-databind/2.9.9/jackson-databind-2.9.9.jar:/home/user/.m2/repository/org/apache/hadoop/hadoop-kms/3.2.0/hadoop-kms-3.2.0-tests.jar:/home/user/.m2/repository/org/apache/hadoop/hadoop-hdds-server-scm/0.5.0-SNAPSHOT/hadoop-hdds-server-scm-0.5.0-SNAPSHOT-tests.jar:/home/user/.m2/repository/org/apache/hadoop/hadoop-hdds-container-service/0.5.0-SNAPSHOT/hadoop-hdds-container-service-0.5.0-SNAPSHOT-tests.jar:/home/user/.m2/repository/org/yaml/snakeyaml/1.16/snakeyaml-1.16.jar:/home/user/.m2/repository/org/apache/hadoop/hadoop-common/3.2.0/hadoop-common-3.2.0-tests.jar:/home/user/.m2/repository/org/apache/hadoop/hadoop-annotations/3.2.0/hadoop-annotations-3.2.0.jar:/usr/lib/jvm/java-1.8.0-openjdk-1.8.0.222.b10-1.el7_7.x86_64/jre/../lib/tools.jar:/home/user/.m2/repository/commons-cli/commons-cli/1.2/commons-cli-1.2.jar:/home/user/.m2/repository/org/apache/httpcomponents/httpclient/4.5.2/httpclient-4.5.2.jar:/home/user/.m2/repository/org/apache/httpcomponents/httpcore/4.4.4/httpcore-4.4.4.jar:/home/user/.m2/repository/commons-codec/commons-codec/1.11/commons-codec-1.11.jar:/home/user/.m2/repository/commons-net/commons-net/3.6/commons-net-3.6.jar:/home/user/.m2/repository/commons-collections/commons-collections/3.2.2/commons-collections-3.2.2.jar:/home/user/.m2/repository/org/eclipse/jetty/jetty-servlet/9.3.25.v20180904/jetty-servlet-9.3.25.v20180904.jar:/home/user/.m2/repository/org/eclipse/jetty/jetty-security/9.3.25.v20180904/jetty-security-9.3.25.v20180904.jar:/home/user/.m2/repository/javax/servlet/jsp/jsp-api/2.1/jsp-api-2.1.jar:/home/user/.m2/repository/com/sun/jersey/jersey-servlet/1.19/jersey-servlet-1.19.jar:/home/user/.m2/repository/com/sun/jersey/jersey-json/1.19/jersey-json-1.19.jar:/home/user/.m2/repository/org/codehaus/jettison/jettison/1.1/jettison-1.1.jar:/home/user/.m2/repository/org/codehaus/jackson/jackson-core-asl/1.9.13/jackson-core-asl-1.9.13.jar:/home/user/.m2/repository/org/codehaus/jackson/jackson-mapper-asl/1.9.13/jackson-mapper-asl-1.9.13.jar:/home/user/.m2/repository/org/codehaus/jackson/jackson-jaxrs/1.9.13/jackson-jaxrs-1.9.13.jar:/home/user/.m2/repository/org/codehaus/jackson/jackson-xc/1.9.13/jackson-xc-1.9.13.jar:/home/user/.m2/repository/commons-logging/commons-logging/1.1.3/commons-logging-1.1.3.jar:/home/user/.m2/repository/commons-beanutils/commons-beanutils/1.9.4/commons-beanutils-1.9.4.jar:/home/user/.m2/repository/org/apache/commons/commons-configuration2/2.1.1/commons-configuration2-2.1.1.jar:/home/user/.m2/repository/org/apache/commons/commons-lang3/3.7/commons-lang3-3.7.jar:/home/user/.m2/repository/org/apache/commons/commons-text/1.4/commons-text-1.4.jar:/home/user/.m2/repository/org/apache/avro/avro/1.7.7/avro-1.7.7.jar:/home/user/.m2/repository/com/thoughtworks/paranamer/paranamer/2.3/paranamer-2.3.jar:/home/user/.m2/repository/org/xerial/snappy/snappy-java/1.0.5/snappy-java-1.0.5.jar:/home/user/.m2/repository/com/google/re2j/re2j/1.1/re2j-1.1.jar:/home/user/.m2/repository/com/google/code/gson/gson/2.2.4/gson-2.2.4.jar:/home/user/.m2/repository/com/jcraft/jsch/0.1.54/jsch-0.1.54.jar:/home/user/.m2/repository/org/apache/curator/curator-client/2.12.0/curator-client-2.12.0.jar:/home/user/.m2/repository/org/apache/curator/curator-recipes/2.12.0/curator-recipes-2.12.0.jar:/home/user/.m2/repository/com/google/code/findbugs/jsr305/3.0.0/jsr305-3.0.0.jar:/home/user/.m2/repository/org/apache/htrace/htrace-core4/4.1.0-incubating/htrace-core4-4.1.0-incubating.jar:/home/user/.m2/repository/org/apache/zookeeper/zookeeper/3.4.13/zookeeper-3.4.13.jar:/home/user/.m2/repository/jline/jline/0.9.94/jline-0.9.94.jar:/home/user/.m2/repository/org/apache/yetus/audience-annotations/0.5.0/audience-annotations-0.5.0.jar:/home/user/.m2/repository/org/codehaus/woodstox/stax2-api/3.1.4/stax2-api-3.1.4.jar:/home/user/.m2/repository/com/fasterxml/woodstox/woodstox-core/5.0.3/woodstox-core-5.0.3.jar:/home/user/.m2/repository/dnsjava/dnsjava/2.1.7/dnsjava-2.1.7.jar:/home/user/.m2/repository/org/apache/hadoop/hadoop-hdfs/3.2.0/hadoop-hdfs-3.2.0-tests.jar:/home/user/.m2/repository/org/eclipse/jetty/jetty-util-ajax/9.3.25.v20180904/jetty-util-ajax-9.3.25.v20180904.jar:/home/user/.m2/repository/commons-daemon/commons-daemon/1.0.13/commons-daemon-1.0.13.jar:/home/user/.m2/repository/io/netty/netty/3.10.5.Final/netty-3.10.5.Final.jar:/home/user/.m2/repository/io/netty/netty-all/4.0.52.Final/netty-all-4.0.52.Final.jar:/home/user/.m2/repository/org/fusesource/leveldbjni/leveldbjni-all/1.8/leveldbjni-all-1.8.jar:"/>
    <property name="java.vm.vendor" value="Oracle Corporation"/>
    <property name="sun.arch.data.model" value="64"/>
    <property name="test.build.dir" value="/workdir/hadoop-ozone/integration-test/target/test-dir"/>
    <property name="test.cache.data" value=""/>
    <property name="java.vendor.url" value="http://java.oracle.com/"/>
    <property name="user.timezone" value=""/>
    <property name="java.vm.specification.version" value="1.8"/>
    <property name="os.name" value="Linux"/>
    <property name="test.build.data" value="/workdir/hadoop-ozone/integration-test/target/test-dir"/>
    <property name="user.country" value="US"/>
    <property name="sun.java.launcher" value="SUN_STANDARD"/>
    <property name="sun.boot.library.path" value="/usr/lib/jvm/java-1.8.0-openjdk-1.8.0.222.b10-1.el7_7.x86_64/jre/lib/amd64"/>
    <property name="sun.java.command" value="/workdir/hadoop-ozone/integration-test/target/surefire/surefirebooter5224928430328068354.jar /workdir/hadoop-ozone/integration-test/target/surefire 2019-10-29T15-40-22_246-jvmRun1 surefire1554821942126958869tmp surefire_645559734620699335680tmp"/>
    <property name="surefire.test.class.path" value="/workdir/hadoop-ozone/integration-test/target/test-classes:/workdir/hadoop-ozone/integration-test/target/classes:/home/user/.m2/repository/org/apache/hadoop/hadoop-ozone-common/0.5.0-SNAPSHOT/hadoop-ozone-common-0.5.0-SNAPSHOT.jar:/home/user/.m2/repository/org/apache/commons/commons-compress/1.4.1/commons-compress-1.4.1.jar:/home/user/.m2/repository/org/tukaani/xz/1.0/xz-1.0.jar:/home/user/.m2/repository/org/apache/hadoop/hadoop-common/3.2.0/hadoop-common-3.2.0.jar:/home/user/.m2/repository/org/apache/hadoop/hadoop-hdfs/3.2.0/hadoop-hdfs-3.2.0.jar:/home/user/.m2/repository/org/apache/hadoop/hadoop-hdfs-client/3.2.0/hadoop-hdfs-client-3.2.0.jar:/home/user/.m2/repository/com/fasterxml/jackson/core/jackson-annotations/2.9.9/jackson-annotations-2.9.9.jar:/home/user/.m2/repository/org/apache/hadoop/hadoop-hdds-common/0.5.0-SNAPSHOT/hadoop-hdds-common-0.5.0-SNAPSHOT.jar:/home/user/.m2/repository/javax/annotation/javax.annotation-api/1.2/javax.annotation-api-1.2.jar:/home/user/.m2/repository/org/apache/ratis/ratis-server/0.5.0-d6d58d0-SNAPSHOT/ratis-server-0.5.0-d6d58d0-SNAPSHOT.jar:/home/user/.m2/repository/org/apache/ratis/ratis-thirdparty-misc/0.2.0/ratis-thirdparty-misc-0.2.0.jar:/home/user/.m2/repository/org/apache/ratis/ratis-proto/0.5.0-d6d58d0-SNAPSHOT/ratis-proto-0.5.0-d6d58d0-SNAPSHOT.jar:/home/user/.m2/repository/org/apache/ratis/ratis-common/0.5.0-d6d58d0-SNAPSHOT/ratis-common-0.5.0-d6d58d0-SNAPSHOT.jar:/home/user/.m2/repository/org/apache/ratis/ratis-client/0.5.0-d6d58d0-SNAPSHOT/ratis-client-0.5.0-d6d58d0-SNAPSHOT.jar:/home/user/.m2/repository/org/apache/ratis/ratis-metrics/0.5.0-d6d58d0-SNAPSHOT/ratis-metrics-0.5.0-d6d58d0-SNAPSHOT.jar:/home/user/.m2/repository/org/apache/ratis/ratis-netty/0.5.0-d6d58d0-SNAPSHOT/ratis-netty-0.5.0-d6d58d0-SNAPSHOT.jar:/home/user/.m2/repository/org/apache/ratis/ratis-grpc/0.5.0-d6d58d0-SNAPSHOT/ratis-grpc-0.5.0-d6d58d0-SNAPSHOT.jar:/home/user/.m2/repository/org/rocksdb/rocksdbjni/6.0.1/rocksdbjni-6.0.1.jar:/home/user/.m2/repository/org/apache/logging/log4j/log4j-api/2.11.0/log4j-api-2.11.0.jar:/home/user/.m2/repository/org/apache/logging/log4j/log4j-core/2.11.0/log4j-core-2.11.0.jar:/home/user/.m2/repository/com/lmax/disruptor/3.4.2/disruptor-3.4.2.jar:/home/user/.m2/repository/org/apache/commons/commons-pool2/2.6.0/commons-pool2-2.6.0.jar:/home/user/.m2/repository/org/bouncycastle/bcpkix-jdk15on/1.60/bcpkix-jdk15on-1.60.jar:/home/user/.m2/repository/commons-validator/commons-validator/1.6/commons-validator-1.6.jar:/home/user/.m2/repository/commons-digester/commons-digester/1.8.1/commons-digester-1.8.1.jar:/home/user/.m2/repository/io/jaegertracing/jaeger-client/0.34.0/jaeger-client-0.34.0.jar:/home/user/.m2/repository/io/jaegertracing/jaeger-thrift/0.34.0/jaeger-thrift-0.34.0.jar:/home/user/.m2/repository/org/apache/thrift/libthrift/0.12.0/libthrift-0.12.0.jar:/home/user/.m2/repository/com/squareup/okhttp3/okhttp/3.9.0/okhttp-3.9.0.jar:/home/user/.m2/repository/com/squareup/okio/okio/1.13.0/okio-1.13.0.jar:/home/user/.m2/repository/io/jaegertracing/jaeger-core/0.34.0/jaeger-core-0.34.0.jar:/home/user/.m2/repository/io/jaegertracing/jaeger-tracerresolver/0.34.0/jaeger-tracerresolver-0.34.0.jar:/home/user/.m2/repository/io/opentracing/contrib/opentracing-tracerresolver/0.1.5/opentracing-tracerresolver-0.1.5.jar:/home/user/.m2/repository/io/opentracing/opentracing-util/0.31.0/opentracing-util-0.31.0.jar:/home/user/.m2/repository/io/opentracing/opentracing-api/0.31.0/opentracing-api-0.31.0.jar:/home/user/.m2/repository/io/opentracing/opentracing-noop/0.31.0/opentracing-noop-0.31.0.jar:/home/user/.m2/repository/org/apache/hadoop/hadoop-hdds-server-framework/0.5.0-SNAPSHOT/hadoop-hdds-server-framework-0.5.0-SNAPSHOT.jar:/home/user/.m2/repository/org/apache/hadoop/hadoop-hdds-container-service/0.5.0-SNAPSHOT/hadoop-hdds-container-service-0.5.0-SNAPSHOT.jar:/home/user/.m2/repository/org/apache/hadoop/hadoop-hdds-client/0.5.0-SNAPSHOT/hadoop-hdds-client-0.5.0-SNAPSHOT.jar:/home/user/.m2/repository/org/apache/hadoop/hadoop-hdds-tools/0.5.0-SNAPSHOT/hadoop-hdds-tools-0.5.0-SNAPSHOT.jar:/home/user/.m2/repository/org/apache/hadoop/hadoop-hdds-server-scm/0.5.0-SNAPSHOT/hadoop-hdds-server-scm-0.5.0-SNAPSHOT.jar:/home/user/.m2/repository/org/apache/hadoop/hadoop-hdds-docs/0.5.0-SNAPSHOT/hadoop-hdds-docs-0.5.0-SNAPSHOT.jar:/home/user/.m2/repository/io/dropwizard/metrics/metrics-core/3.2.4/metrics-core-3.2.4.jar:/home/user/.m2/repository/org/hamcrest/hamcrest-all/1.3/hamcrest-all-1.3.jar:/home/user/.m2/repository/org/bouncycastle/bcprov-jdk15on/1.60/bcprov-jdk15on-1.60.jar:/home/user/.m2/repository/info/picocli/picocli/3.9.6/picocli-3.9.6.jar:/home/user/.m2/repository/com/google/protobuf/protobuf-java/2.5.0/protobuf-java-2.5.0.jar:/home/user/.m2/repository/com/google/guava/guava/11.0.2/guava-11.0.2.jar:/home/user/.m2/repository/org/apache/hadoop/hadoop-ozone-ozone-manager/0.5.0-SNAPSHOT/hadoop-ozone-ozone-manager-0.5.0-SNAPSHOT.jar:/home/user/.m2/repository/org/apache/hadoop/hadoop-minikdc/3.2.0/hadoop-minikdc-3.2.0.jar:/home/user/.m2/repository/commons-io/commons-io/2.5/commons-io-2.5.jar:/home/user/.m2/repository/org/apache/kerby/kerb-simplekdc/1.0.1/kerb-simplekdc-1.0.1.jar:/home/user/.m2/repository/org/apache/kerby/kerb-client/1.0.1/kerb-client-1.0.1.jar:/home/user/.m2/repository/org/apache/kerby/kerby-config/1.0.1/kerby-config-1.0.1.jar:/home/user/.m2/repository/org/apache/kerby/kerb-core/1.0.1/kerb-core-1.0.1.jar:/home/user/.m2/repository/org/apache/kerby/kerby-pkix/1.0.1/kerby-pkix-1.0.1.jar:/home/user/.m2/repository/org/apache/kerby/kerby-asn1/1.0.1/kerby-asn1-1.0.1.jar:/home/user/.m2/repository/org/apache/kerby/kerby-util/1.0.1/kerby-util-1.0.1.jar:/home/user/.m2/repository/org/apache/kerby/kerb-common/1.0.1/kerb-common-1.0.1.jar:/home/user/.m2/repository/org/apache/kerby/kerb-crypto/1.0.1/kerb-crypto-1.0.1.jar:/home/user/.m2/repository/org/apache/kerby/kerb-util/1.0.1/kerb-util-1.0.1.jar:/home/user/.m2/repository/org/apache/kerby/token-provider/1.0.1/token-provider-1.0.1.jar:/home/user/.m2/repository/org/apache/kerby/kerb-admin/1.0.1/kerb-admin-1.0.1.jar:/home/user/.m2/repository/org/apache/kerby/kerb-server/1.0.1/kerb-server-1.0.1.jar:/home/user/.m2/repository/org/apache/kerby/kerb-identity/1.0.1/kerb-identity-1.0.1.jar:/home/user/.m2/repository/org/apache/kerby/kerby-xdr/1.0.1/kerby-xdr-1.0.1.jar:/home/user/.m2/repository/org/slf4j/slf4j-log4j12/1.7.25/slf4j-log4j12-1.7.25.jar:/home/user/.m2/repository/org/apache/hadoop/hadoop-ozone-s3gateway/0.5.0-SNAPSHOT/hadoop-ozone-s3gateway-0.5.0-SNAPSHOT.jar:/home/user/.m2/repository/org/jboss/weld/servlet/weld-servlet/2.4.7.Final/weld-servlet-2.4.7.Final.jar:/home/user/.m2/repository/org/glassfish/jersey/containers/jersey-container-servlet-core/2.27/jersey-container-servlet-core-2.27.jar:/home/user/.m2/repository/org/glassfish/hk2/external/javax.inject/2.5.0-b42/javax.inject-2.5.0-b42.jar:/home/user/.m2/repository/org/glassfish/jersey/core/jersey-common/2.27/jersey-common-2.27.jar:/home/user/.m2/repository/org/glassfish/hk2/osgi-resource-locator/1.0.1/osgi-resource-locator-1.0.1.jar:/home/user/.m2/repository/javax/ws/rs/javax.ws.rs-api/2.1/javax.ws.rs-api-2.1.jar:/home/user/.m2/repository/org/glassfish/jersey/ext/cdi/jersey-cdi1x/2.27/jersey-cdi1x-2.27.jar:/home/user/.m2/repository/org/glassfish/jersey/inject/jersey-hk2/2.27/jersey-hk2-2.27.jar:/home/user/.m2/repository/org/glassfish/hk2/hk2-locator/2.5.0-b42/hk2-locator-2.5.0-b42.jar:/home/user/.m2/repository/org/javassist/javassist/3.22.0-CR2/javassist-3.22.0-CR2.jar:/home/user/.m2/repository/org/glassfish/hk2/hk2-api/2.5.0/hk2-api-2.5.0.jar:/home/user/.m2/repository/org/glassfish/hk2/external/jakarta.inject/2.5.0/jakarta.inject-2.5.0.jar:/home/user/.m2/repository/org/glassfish/hk2/hk2-utils/2.5.0/hk2-utils-2.5.0.jar:/home/user/.m2/repository/jakarta/annotation/jakarta.annotation-api/1.3.4/jakarta.annotation-api-1.3.4.jar:/home/user/.m2/repository/org/glassfish/hk2/external/aopalliance-repackaged/2.5.0/aopalliance-repackaged-2.5.0.jar:/home/user/.m2/repository/com/fasterxml/jackson/dataformat/jackson-dataformat-xml/2.9.0/jackson-dataformat-xml-2.9.0.jar:/home/user/.m2/repository/com/fasterxml/jackson/core/jackson-core/2.9.9/jackson-core-2.9.9.jar:/home/user/.m2/repository/com/fasterxml/jackson/module/jackson-module-jaxb-annotations/2.9.9/jackson-module-jaxb-annotations-2.9.9.jar:/home/user/.m2/repository/javax/enterprise/cdi-api/1.2/cdi-api-1.2.jar:/home/user/.m2/repository/javax/el/javax.el-api/3.0.0/javax.el-api-3.0.0.jar:/home/user/.m2/repository/javax/interceptor/javax.interceptor-api/1.2/javax.interceptor-api-1.2.jar:/home/user/.m2/repository/javax/inject/javax.inject/1/javax.inject-1.jar:/home/user/.m2/repository/com/sun/xml/bind/jaxb-impl/2.3.0.1/jaxb-impl-2.3.0.1.jar:/home/user/.m2/repository/com/sun/xml/bind/jaxb-core/2.3.0.1/jaxb-core-2.3.0.1.jar:/home/user/.m2/repository/javax/xml/bind/jaxb-api/2.3.0/jaxb-api-2.3.0.jar:/home/user/.m2/repository/javax/activation/activation/1.1.1/activation-1.1.1.jar:/home/user/.m2/repository/org/apache/hadoop/hadoop-ozone-csi/0.5.0-SNAPSHOT/hadoop-ozone-csi-0.5.0-SNAPSHOT.jar:/home/user/.m2/repository/com/google/protobuf/protobuf-java-util/3.5.1/protobuf-java-util-3.5.1.jar:/home/user/.m2/repository/org/apache/hadoop/hadoop-hdds-config/0.5.0-SNAPSHOT/hadoop-hdds-config-0.5.0-SNAPSHOT.jar:/home/user/.m2/repository/io/grpc/grpc-netty/1.17.1/grpc-netty-1.17.1.jar:/home/user/.m2/repository/io/grpc/grpc-core/1.17.1/grpc-core-1.17.1.jar:/home/user/.m2/repository/io/grpc/grpc-context/1.17.1/grpc-context-1.17.1.jar:/home/user/.m2/repository/com/google/errorprone/error_prone_annotations/2.2.0/error_prone_annotations-2.2.0.jar:/home/user/.m2/repository/org/codehaus/mojo/animal-sniffer-annotations/1.17/animal-sniffer-annotations-1.17.jar:/home/user/.m2/repository/io/opencensus/opencensus-api/0.17.0/opencensus-api-0.17.0.jar:/home/user/.m2/repository/io/opencensus/opencensus-contrib-grpc-metrics/0.17.0/opencensus-contrib-grpc-metrics-0.17.0.jar:/home/user/.m2/repository/io/netty/netty-codec-http2/4.1.30.Final/netty-codec-http2-4.1.30.Final.jar:/home/user/.m2/repository/io/netty/netty-codec-http/4.1.30.Final/netty-codec-http-4.1.30.Final.jar:/home/user/.m2/repository/io/netty/netty-codec/4.1.30.Final/netty-codec-4.1.30.Final.jar:/home/user/.m2/repository/io/netty/netty-handler/4.1.30.Final/netty-handler-4.1.30.Final.jar:/home/user/.m2/repository/io/netty/netty-handler-proxy/4.1.30.Final/netty-handler-proxy-4.1.30.Final.jar:/home/user/.m2/repository/io/netty/netty-codec-socks/4.1.30.Final/netty-codec-socks-4.1.30.Final.jar:/home/user/.m2/repository/io/netty/netty-transport-native-epoll/4.1.30.Final/netty-transport-native-epoll-4.1.30.Final.jar:/home/user/.m2/repository/io/netty/netty-common/4.1.30.Final/netty-common-4.1.30.Final.jar:/home/user/.m2/repository/io/netty/netty-buffer/4.1.30.Final/netty-buffer-4.1.30.Final.jar:/home/user/.m2/repository/io/netty/netty-transport/4.1.30.Final/netty-transport-4.1.30.Final.jar:/home/user/.m2/repository/io/netty/netty-resolver/4.1.30.Final/netty-resolver-4.1.30.Final.jar:/home/user/.m2/repository/io/netty/netty-transport-native-unix-common/4.1.30.Final/netty-transport-native-unix-common-4.1.30.Final.jar:/home/user/.m2/repository/io/grpc/grpc-protobuf/1.17.1/grpc-protobuf-1.17.1.jar:/home/user/.m2/repository/com/google/api/grpc/proto-google-common-protos/1.0.0/proto-google-common-protos-1.0.0.jar:/home/user/.m2/repository/io/grpc/grpc-protobuf-lite/1.17.1/grpc-protobuf-lite-1.17.1.jar:/home/user/.m2/repository/io/grpc/grpc-stub/1.17.1/grpc-stub-1.17.1.jar:/home/user/.m2/repository/org/apache/hadoop/hadoop-ozone-recon/0.5.0-SNAPSHOT/hadoop-ozone-recon-0.5.0-SNAPSHOT.jar:/home/user/.m2/repository/org/apache/hadoop/hadoop-ozone-reconcodegen/0.5.0-SNAPSHOT/hadoop-ozone-reconcodegen-0.5.0-SNAPSHOT.jar:/home/user/.m2/repository/com/google/inject/extensions/guice-multibindings/4.0/guice-multibindings-4.0.jar:/home/user/.m2/repository/com/google/inject/guice/4.0/guice-4.0.jar:/home/user/.m2/repository/aopalliance/aopalliance/1.0/aopalliance-1.0.jar:/home/user/.m2/repository/com/google/inject/extensions/guice-servlet/4.0/guice-servlet-4.0.jar:/home/user/.m2/repository/org/glassfish/jersey/containers/jersey-container-servlet/2.27/jersey-container-servlet-2.27.jar:/home/user/.m2/repository/org/glassfish/hk2/guice-bridge/2.5.0/guice-bridge-2.5.0.jar:/home/user/.m2/repository/org/glassfish/jersey/core/jersey-server/2.27/jersey-server-2.27.jar:/home/user/.m2/repository/org/glassfish/jersey/core/jersey-client/2.27/jersey-client-2.27.jar:/home/user/.m2/repository/org/glassfish/jersey/media/jersey-media-jaxb/2.27/jersey-media-jaxb-2.27.jar:/home/user/.m2/repository/javax/validation/validation-api/1.1.0.Final/validation-api-1.1.0.Final.jar:/home/user/.m2/repository/org/glassfish/jersey/media/jersey-media-json-jackson/2.27/jersey-media-json-jackson-2.27.jar:/home/user/.m2/repository/org/glassfish/jersey/ext/jersey-entity-filtering/2.27/jersey-entity-filtering-2.27.jar:/home/user/.m2/repository/com/google/inject/extensions/guice-assistedinject/4.0/guice-assistedinject-4.0.jar:/home/user/.m2/repository/org/jooq/jooq/3.11.10/jooq-3.11.10.jar:/home/user/.m2/repository/org/jooq/jooq-meta/3.11.10/jooq-meta-3.11.10.jar:/home/user/.m2/repository/org/jooq/jooq-codegen/3.11.10/jooq-codegen-3.11.10.jar:/home/user/.m2/repository/com/jolbox/bonecp/0.8.0.RELEASE/bonecp-0.8.0.RELEASE.jar:/home/user/.m2/repository/org/xerial/sqlite-jdbc/3.25.2/sqlite-jdbc-3.25.2.jar:/home/user/.m2/repository/org/springframework/spring-jdbc/5.1.3.RELEASE/spring-jdbc-5.1.3.RELEASE.jar:/home/user/.m2/repository/org/springframework/spring-beans/5.1.3.RELEASE/spring-beans-5.1.3.RELEASE.jar:/home/user/.m2/repository/org/springframework/spring-core/5.1.3.RELEASE/spring-core-5.1.3.RELEASE.jar:/home/user/.m2/repository/org/springframework/spring-jcl/5.1.3.RELEASE/spring-jcl-5.1.3.RELEASE.jar:/home/user/.m2/repository/org/springframework/spring-tx/5.1.3.RELEASE/spring-tx-5.1.3.RELEASE.jar:/home/user/.m2/repository/org/apache/hadoop/hadoop-ozone-client/0.5.0-SNAPSHOT/hadoop-ozone-client-0.5.0-SNAPSHOT.jar:/home/user/.m2/repository/commons-lang/commons-lang/2.6/commons-lang-2.6.jar:/home/user/.m2/repository/org/apache/hadoop/hadoop-ozone-ozone-manager/0.5.0-SNAPSHOT/hadoop-ozone-ozone-manager-0.5.0-SNAPSHOT-tests.jar:/home/user/.m2/repository/junit/junit/4.11/junit-4.11.jar:/home/user/.m2/repository/org/hamcrest/hamcrest-core/1.3/hamcrest-core-1.3.jar:/home/user/.m2/repository/org/openjdk/jmh/jmh-core/1.19/jmh-core-1.19.jar:/home/user/.m2/repository/net/sf/jopt-simple/jopt-simple/4.6/jopt-simple-4.6.jar:/home/user/.m2/repository/org/apache/commons/commons-math3/3.1.1/commons-math3-3.1.1.jar:/home/user/.m2/repository/org/openjdk/jmh/jmh-generator-annprocess/1.19/jmh-generator-annprocess-1.19.jar:/home/user/.m2/repository/org/mockito/mockito-all/1.8.5/mockito-all-1.8.5.jar:/home/user/.m2/repository/org/apache/hadoop/hadoop-kms/3.2.0/hadoop-kms-3.2.0.jar:/home/user/.m2/repository/org/apache/hadoop/hadoop-auth/3.2.0/hadoop-auth-3.2.0.jar:/home/user/.m2/repository/com/nimbusds/nimbus-jose-jwt/4.41.1/nimbus-jose-jwt-4.41.1.jar:/home/user/.m2/repository/com/github/stephenc/jcip/jcip-annotations/1.0-1/jcip-annotations-1.0-1.jar:/home/user/.m2/repository/net/minidev/json-smart/2.3/json-smart-2.3.jar:/home/user/.m2/repository/net/minidev/accessors-smart/1.2/accessors-smart-1.2.jar:/home/user/.m2/repository/org/ow2/asm/asm/5.0.4/asm-5.0.4.jar:/home/user/.m2/repository/org/apache/curator/curator-framework/2.12.0/curator-framework-2.12.0.jar:/home/user/.m2/repository/com/sun/jersey/jersey-core/1.19/jersey-core-1.19.jar:/home/user/.m2/repository/javax/ws/rs/jsr311-api/1.1.1/jsr311-api-1.1.1.jar:/home/user/.m2/repository/com/sun/jersey/jersey-server/1.19/jersey-server-1.19.jar:/home/user/.m2/repository/javax/servlet/javax.servlet-api/3.1.0/javax.servlet-api-3.1.0.jar:/home/user/.m2/repository/org/eclipse/jetty/jetty-server/9.3.25.v20180904/jetty-server-9.3.25.v20180904.jar:/home/user/.m2/repository/org/eclipse/jetty/jetty-http/9.3.25.v20180904/jetty-http-9.3.25.v20180904.jar:/home/user/.m2/repository/org/eclipse/jetty/jetty-io/9.3.25.v20180904/jetty-io-9.3.25.v20180904.jar:/home/user/.m2/repository/org/eclipse/jetty/jetty-webapp/9.3.25.v20180904/jetty-webapp-9.3.25.v20180904.jar:/home/user/.m2/repository/org/eclipse/jetty/jetty-xml/9.3.25.v20180904/jetty-xml-9.3.25.v20180904.jar:/home/user/.m2/repository/log4j/log4j/1.2.17/log4j-1.2.17.jar:/home/user/.m2/repository/org/slf4j/slf4j-api/1.7.25/slf4j-api-1.7.25.jar:/home/user/.m2/repository/org/slf4j/jul-to-slf4j/1.7.25/jul-to-slf4j-1.7.25.jar:/home/user/.m2/repository/org/eclipse/jetty/jetty-util/9.3.25.v20180904/jetty-util-9.3.25.v20180904.jar:/home/user/.m2/repository/com/fasterxml/jackson/core/jackson-databind/2.9.9/jackson-databind-2.9.9.jar:/home/user/.m2/repository/org/apache/hadoop/hadoop-kms/3.2.0/hadoop-kms-3.2.0-tests.jar:/home/user/.m2/repository/org/apache/hadoop/hadoop-hdds-server-scm/0.5.0-SNAPSHOT/hadoop-hdds-server-scm-0.5.0-SNAPSHOT-tests.jar:/home/user/.m2/repository/org/apache/hadoop/hadoop-hdds-container-service/0.5.0-SNAPSHOT/hadoop-hdds-container-service-0.5.0-SNAPSHOT-tests.jar:/home/user/.m2/repository/org/yaml/snakeyaml/1.16/snakeyaml-1.16.jar:/home/user/.m2/repository/org/apache/hadoop/hadoop-common/3.2.0/hadoop-common-3.2.0-tests.jar:/home/user/.m2/repository/org/apache/hadoop/hadoop-annotations/3.2.0/hadoop-annotations-3.2.0.jar:/usr/lib/jvm/java-1.8.0-openjdk-1.8.0.222.b10-1.el7_7.x86_64/jre/../lib/tools.jar:/home/user/.m2/repository/commons-cli/commons-cli/1.2/commons-cli-1.2.jar:/home/user/.m2/repository/org/apache/httpcomponents/httpclient/4.5.2/httpclient-4.5.2.jar:/home/user/.m2/repository/org/apache/httpcomponents/httpcore/4.4.4/httpcore-4.4.4.jar:/home/user/.m2/repository/commons-codec/commons-codec/1.11/commons-codec-1.11.jar:/home/user/.m2/repository/commons-net/commons-net/3.6/commons-net-3.6.jar:/home/user/.m2/repository/commons-collections/commons-collections/3.2.2/commons-collections-3.2.2.jar:/home/user/.m2/repository/org/eclipse/jetty/jetty-servlet/9.3.25.v20180904/jetty-servlet-9.3.25.v20180904.jar:/home/user/.m2/repository/org/eclipse/jetty/jetty-security/9.3.25.v20180904/jetty-security-9.3.25.v20180904.jar:/home/user/.m2/repository/javax/servlet/jsp/jsp-api/2.1/jsp-api-2.1.jar:/home/user/.m2/repository/com/sun/jersey/jersey-servlet/1.19/jersey-servlet-1.19.jar:/home/user/.m2/repository/com/sun/jersey/jersey-json/1.19/jersey-json-1.19.jar:/home/user/.m2/repository/org/codehaus/jettison/jettison/1.1/jettison-1.1.jar:/home/user/.m2/repository/org/codehaus/jackson/jackson-core-asl/1.9.13/jackson-core-asl-1.9.13.jar:/home/user/.m2/repository/org/codehaus/jackson/jackson-mapper-asl/1.9.13/jackson-mapper-asl-1.9.13.jar:/home/user/.m2/repository/org/codehaus/jackson/jackson-jaxrs/1.9.13/jackson-jaxrs-1.9.13.jar:/home/user/.m2/repository/org/codehaus/jackson/jackson-xc/1.9.13/jackson-xc-1.9.13.jar:/home/user/.m2/repository/commons-logging/commons-logging/1.1.3/commons-logging-1.1.3.jar:/home/user/.m2/repository/commons-beanutils/commons-beanutils/1.9.4/commons-beanutils-1.9.4.jar:/home/user/.m2/repository/org/apache/commons/commons-configuration2/2.1.1/commons-configuration2-2.1.1.jar:/home/user/.m2/repository/org/apache/commons/commons-lang3/3.7/commons-lang3-3.7.jar:/home/user/.m2/repository/org/apache/commons/commons-text/1.4/commons-text-1.4.jar:/home/user/.m2/repository/org/apache/avro/avro/1.7.7/avro-1.7.7.jar:/home/user/.m2/repository/com/thoughtworks/paranamer/paranamer/2.3/paranamer-2.3.jar:/home/user/.m2/repository/org/xerial/snappy/snappy-java/1.0.5/snappy-java-1.0.5.jar:/home/user/.m2/repository/com/google/re2j/re2j/1.1/re2j-1.1.jar:/home/user/.m2/repository/com/google/code/gson/gson/2.2.4/gson-2.2.4.jar:/home/user/.m2/repository/com/jcraft/jsch/0.1.54/jsch-0.1.54.jar:/home/user/.m2/repository/org/apache/curator/curator-client/2.12.0/curator-client-2.12.0.jar:/home/user/.m2/repository/org/apache/curator/curator-recipes/2.12.0/curator-recipes-2.12.0.jar:/home/user/.m2/repository/com/google/code/findbugs/jsr305/3.0.0/jsr305-3.0.0.jar:/home/user/.m2/repository/org/apache/htrace/htrace-core4/4.1.0-incubating/htrace-core4-4.1.0-incubating.jar:/home/user/.m2/repository/org/apache/zookeeper/zookeeper/3.4.13/zookeeper-3.4.13.jar:/home/user/.m2/repository/jline/jline/0.9.94/jline-0.9.94.jar:/home/user/.m2/repository/org/apache/yetus/audience-annotations/0.5.0/audience-annotations-0.5.0.jar:/home/user/.m2/repository/org/codehaus/woodstox/stax2-api/3.1.4/stax2-api-3.1.4.jar:/home/user/.m2/repository/com/fasterxml/woodstox/woodstox-core/5.0.3/woodstox-core-5.0.3.jar:/home/user/.m2/repository/dnsjava/dnsjava/2.1.7/dnsjava-2.1.7.jar:/home/user/.m2/repository/org/apache/hadoop/hadoop-hdfs/3.2.0/hadoop-hdfs-3.2.0-tests.jar:/home/user/.m2/repository/org/eclipse/jetty/jetty-util-ajax/9.3.25.v20180904/jetty-util-ajax-9.3.25.v20180904.jar:/home/user/.m2/repository/commons-daemon/commons-daemon/1.0.13/commons-daemon-1.0.13.jar:/home/user/.m2/repository/io/netty/netty/3.10.5.Final/netty-3.10.5.Final.jar:/home/user/.m2/repository/io/netty/netty-all/4.0.52.Final/netty-all-4.0.52.Final.jar:/home/user/.m2/repository/org/fusesource/leveldbjni/leveldbjni-all/1.8/leveldbjni-all-1.8.jar:"/>
    <property name="sun.cpu.endian" value="little"/>
    <property name="user.home" value="/home/user"/>
    <property name="user.language" value="en"/>
    <property name="java.specification.vendor" value="Oracle Corporation"/>
    <property name="java.home" value="/usr/lib/jvm/java-1.8.0-openjdk-1.8.0.222.b10-1.el7_7.x86_64/jre"/>
    <property name="surefire.excludesFile" value="/tools/ozone-bad-unit-tests"/>
    <property name="java.security.krb5.conf" value="/workdir/hadoop-ozone/integration-test/target/test-classes/krb5.conf"/>
    <property name="basedir" value="/workdir/hadoop-ozone/integration-test"/>
    <property name="file.separator" value="/"/>
    <property name="line.separator" value="&#10;"/>
    <property name="java.vm.specification.vendor" value="Oracle Corporation"/>
    <property name="java.specification.name" value="Java Platform API Specification"/>
    <property name="java.awt.graphicsenv" value="sun.awt.X11GraphicsEnvironment"/>
    <property name="surefire.real.class.path" value="/workdir/hadoop-ozone/integration-test/target/surefire/surefirebooter5224928430328068354.jar"/>
    <property name="hadoop.log.dir" value="/workdir/hadoop-ozone/integration-test/target/log"/>
    <property name="sun.boot.class.path" value="/usr/lib/jvm/java-1.8.0-openjdk-1.8.0.222.b10-1.el7_7.x86_64/jre/lib/resources.jar:/usr/lib/jvm/java-1.8.0-openjdk-1.8.0.222.b10-1.el7_7.x86_64/jre/lib/rt.jar:/usr/lib/jvm/java-1.8.0-openjdk-1.8.0.222.b10-1.el7_7.x86_64/jre/lib/sunrsasign.jar:/usr/lib/jvm/java-1.8.0-openjdk-1.8.0.222.b10-1.el7_7.x86_64/jre/lib/jsse.jar:/usr/lib/jvm/java-1.8.0-openjdk-1.8.0.222.b10-1.el7_7.x86_64/jre/lib/jce.jar:/usr/lib/jvm/java-1.8.0-openjdk-1.8.0.222.b10-1.el7_7.x86_64/jre/lib/charsets.jar:/usr/lib/jvm/java-1.8.0-openjdk-1.8.0.222.b10-1.el7_7.x86_64/jre/lib/jfr.jar:/usr/lib/jvm/java-1.8.0-openjdk-1.8.0.222.b10-1.el7_7.x86_64/jre/classes"/>
    <property name="sun.management.compiler" value="HotSpot 64-Bit Tiered Compilers"/>
    <property name="java.runtime.version" value="1.8.0_222-b10"/>
    <property name="java.net.preferIPv4Stack" value="true"/>
    <property name="user.name" value="jenkins1000"/>
    <property name="path.separator" value=":"/>
    <property name="java.security.egd" value="file:///dev/urandom"/>
    <property name="os.version" value="3.10.0-957.12.2.el7.x86_64"/>
    <property name="java.endorsed.dirs" value="/usr/lib/jvm/java-1.8.0-openjdk-1.8.0.222.b10-1.el7_7.x86_64/jre/lib/endorsed"/>
    <property name="java.runtime.name" value="OpenJDK Runtime Environment"/>
    <property name="file.encoding" value="ANSI_X3.4-1968"/>
    <property name="java.vm.name" value="OpenJDK 64-Bit Server VM"/>
    <property name="test.build.webapps" value=""/>
    <property name="localRepository" value="/home/user/.m2/repository"/>
    <property name="java.vendor.url.bug" value="http://bugreport.sun.com/bugreport/"/>
    <property name="java.io.tmpdir" value="/tmp"/>
    <property name="require.test.libhadoop" value=""/>
    <property name="java.version" value="1.8.0_222"/>
    <property name="user.dir" value="/workdir/hadoop-ozone/integration-test"/>
    <property name="os.arch" value="amd64"/>
    <property name="java.vm.specification.name" value="Java Virtual Machine Specification"/>
    <property name="test.build.classes" value="/workdir/hadoop-ozone/integration-test/target/test-classes"/>
    <property name="java.awt.printerjob" value="sun.print.PSPrinterJob"/>
    <property name="sun.os.patch.level" value="unknown"/>
    <property name="hadoop.tmp.dir" value="/workdir/hadoop-ozone/integration-test/target/tmp"/>
    <property name="java.library.path" value="/usr/lib:/workdir/hadoop-ozone/integration-test/target/native/target/usr/local/lib:/workdir/hadoop-ozone/integration-test/../../hadoop-common-project/hadoop-common/target/native/target/usr/local/lib:/usr/java/packages/lib/amd64:/usr/lib64:/lib64:/lib:/usr/lib"/>
    <property name="java.vm.info" value="mixed mode"/>
    <property name="java.vendor" value="Oracle Corporation"/>
    <property name="java.vm.version" value="25.222-b10"/>
    <property name="java.ext.dirs" value="/usr/lib/jvm/java-1.8.0-openjdk-1.8.0.222.b10-1.el7_7.x86_64/jre/lib/ext:/usr/java/packages/lib/ext"/>
    <property name="sun.io.unicode.encoding" value="UnicodeLittle"/>
    <property name="java.class.version" value="52.0"/>
  </properties>
  <testcase name="testNodeCountAndInfoMetricsReported" classname="org.apache.hadoop.ozone.scm.node.TestSCMNodeMetrics" time="25.944">
    <failure message="Bad value for metric HealthyNodes expected:&lt;1&gt; but was:&lt;3&gt;" type="java.lang.AssertionError"><![CDATA[java.lang.AssertionError: Bad value for metric HealthyNodes expected:<1> but was:<3>
	at org.junit.Assert.fail(Assert.java:88)
	at org.junit.Assert.failNotEquals(Assert.java:743)
	at org.junit.Assert.assertEquals(Assert.java:118)
	at org.junit.Assert.assertEquals(Assert.java:555)
	at org.apache.hadoop.test.MetricsAsserts.assertGauge(MetricsAsserts.java:150)
	at org.apache.hadoop.ozone.scm.node.TestSCMNodeMetrics.testNodeCountAndInfoMetricsReported(TestSCMNodeMetrics.java:146)
	at sun.reflect.NativeMethodAccessorImpl.invoke0(Native Method)
	at sun.reflect.NativeMethodAccessorImpl.invoke(NativeMethodAccessorImpl.java:62)
	at sun.reflect.DelegatingMethodAccessorImpl.invoke(DelegatingMethodAccessorImpl.java:43)
	at java.lang.reflect.Method.invoke(Method.java:498)
	at org.junit.runners.model.FrameworkMethod$1.runReflectiveCall(FrameworkMethod.java:47)
	at org.junit.internal.runners.model.ReflectiveCallable.run(ReflectiveCallable.java:12)
	at org.junit.runners.model.FrameworkMethod.invokeExplosively(FrameworkMethod.java:44)
	at org.junit.internal.runners.statements.InvokeMethod.evaluate(InvokeMethod.java:17)
	at org.junit.internal.runners.statements.RunBefores.evaluate(RunBefores.java:26)
	at org.junit.internal.runners.statements.RunAfters.evaluate(RunAfters.java:27)
	at org.junit.runners.ParentRunner.runLeaf(ParentRunner.java:271)
	at org.junit.runners.BlockJUnit4ClassRunner.runChild(BlockJUnit4ClassRunner.java:70)
	at org.junit.runners.BlockJUnit4ClassRunner.runChild(BlockJUnit4ClassRunner.java:50)
	at org.junit.runners.ParentRunner$3.run(ParentRunner.java:238)
	at org.junit.runners.ParentRunner$1.schedule(ParentRunner.java:63)
	at org.junit.runners.ParentRunner.runChildren(ParentRunner.java:236)
	at org.junit.runners.ParentRunner.access$000(ParentRunner.java:53)
	at org.junit.runners.ParentRunner$2.evaluate(ParentRunner.java:229)
	at org.junit.runners.ParentRunner.run(ParentRunner.java:309)
	at org.apache.maven.surefire.junit4.JUnit4Provider.execute(JUnit4Provider.java:365)
	at org.apache.maven.surefire.junit4.JUnit4Provider.executeWithRerun(JUnit4Provider.java:273)
	at org.apache.maven.surefire.junit4.JUnit4Provider.executeTestSet(JUnit4Provider.java:238)
	at org.apache.maven.surefire.junit4.JUnit4Provider.invoke(JUnit4Provider.java:159)
	at org.apache.maven.surefire.booter.ForkedBooter.invokeProviderInSameClassLoader(ForkedBooter.java:384)
	at org.apache.maven.surefire.booter.ForkedBooter.runSuitesInProcess(ForkedBooter.java:345)
	at org.apache.maven.surefire.booter.ForkedBooter.execute(ForkedBooter.java:126)
	at org.apache.maven.surefire.booter.ForkedBooter.main(ForkedBooter.java:418)
]]></failure>
    <system-out><![CDATA[2019-10-29 16:59:52,118 [main] WARN  server.ServerUtils (ServerUtils.java:getScmDbDir(145)) - ozone.scm.db.dirs is not configured. We recommend adding this setting. Falling back to ozone.metadata.dirs instead.
2019-10-29 16:59:52,223 [main] WARN  server.ServerUtils (ServerUtils.java:getScmDbDir(145)) - ozone.scm.db.dirs is not configured. We recommend adding this setting. Falling back to ozone.metadata.dirs instead.
2019-10-29 16:59:52,226 [main] WARN  server.ServerUtils (ServerUtils.java:getScmDbDir(145)) - ozone.scm.db.dirs is not configured. We recommend adding this setting. Falling back to ozone.metadata.dirs instead.
2019-10-29 16:59:52,250 [main] INFO  util.log (Log.java:initialized(192)) - Logging initialized @878ms
2019-10-29 16:59:52,345 [main] INFO  db.DBStoreBuilder (DBStoreBuilder.java:addTable(127)) - using custom profile for table: deletedBlocks
2019-10-29 16:59:52,346 [main] INFO  db.DBStoreBuilder (DBStoreBuilder.java:processTables(183)) - Using default column profile:DBProfile.DISK for Table:deletedBlocks
2019-10-29 16:59:52,346 [main] INFO  db.DBStoreBuilder (DBStoreBuilder.java:addTable(127)) - using custom profile for table: validCerts
2019-10-29 16:59:52,346 [main] INFO  db.DBStoreBuilder (DBStoreBuilder.java:processTables(183)) - Using default column profile:DBProfile.DISK for Table:validCerts
2019-10-29 16:59:52,347 [main] INFO  db.DBStoreBuilder (DBStoreBuilder.java:addTable(127)) - using custom profile for table: revokedCerts
2019-10-29 16:59:52,347 [main] INFO  db.DBStoreBuilder (DBStoreBuilder.java:processTables(183)) - Using default column profile:DBProfile.DISK for Table:revokedCerts
2019-10-29 16:59:52,358 [main] INFO  db.DBStoreBuilder (DBStoreBuilder.java:addTable(127)) - using custom profile for table: default
2019-10-29 16:59:52,358 [main] INFO  db.DBStoreBuilder (DBStoreBuilder.java:processTables(189)) - Using default column profile:DBProfile.DISK for Table:default
2019-10-29 16:59:52,359 [main] INFO  db.DBStoreBuilder (DBStoreBuilder.java:getDbProfile(220)) - Using default options. DBProfile.DISK
2019-10-29 16:59:52,588 [main] INFO  net.NodeSchemaLoader (NodeSchemaLoader.java:loadSchemaFromFile(125)) - Loading file from sun.misc.CompoundEnumeration@41d477ed
2019-10-29 16:59:52,590 [main] INFO  net.NodeSchemaLoader (NodeSchemaLoader.java:loadSchema(171)) - Loading network topology layer schema file
2019-10-29 16:59:52,647 [main] WARN  server.ServerUtils (ServerUtils.java:sanitizeUserArgs(70)) - ozone.scm.stale.node.interval value = 300000 is larger than max = 100000 based on the key value of ozone.scm.heartbeat.thread.interval, reset to the max value 100000.
2019-10-29 16:59:52,649 [main] WARN  server.ServerUtils (ServerUtils.java:sanitizeUserArgs(70)) - ozone.scm.stale.node.interval value = 300000 is larger than max = 100000 based on the key value of ozone.scm.heartbeat.thread.interval, reset to the max value 100000.
2019-10-29 16:59:52,651 [main] INFO  node.SCMNodeManager (SCMNodeManager.java:<init>(116)) - Entering startup safe mode.
2019-10-29 16:59:52,713 [main] INFO  algorithms.ContainerPlacementPolicyFactory (ContainerPlacementPolicyFactory.java:getPolicy(57)) - Create container placement policy of type org.apache.hadoop.hdds.scm.container.placement.algorithms.SCMContainerPlacementRandom
2019-10-29 16:59:52,726 [main] WARN  server.ServerUtils (ServerUtils.java:getScmDbDir(145)) - ozone.scm.db.dirs is not configured. We recommend adding this setting. Falling back to ozone.metadata.dirs instead.
2019-10-29 16:59:52,785 [main] INFO  pipeline.SCMPipelineManager (SCMPipelineManager.java:initializePipelineState(136)) - No pipeline exists in current db
2019-10-29 16:59:52,788 [main] WARN  server.ServerUtils (ServerUtils.java:getScmDbDir(145)) - ozone.scm.db.dirs is not configured. We recommend adding this setting. Falling back to ozone.metadata.dirs instead.
2019-10-29 16:59:52,911 [main] INFO  safemode.HealthyPipelineSafeModeRule (HealthyPipelineSafeModeRule.java:<init>(91)) -  Total pipeline count is 0, healthy pipeline threshold count is 1
2019-10-29 16:59:52,916 [main] INFO  safemode.OneReplicaPipelineSafeModeRule (OneReplicaPipelineSafeModeRule.java:<init>(79)) - Total pipeline count is 0, pipeline's with at least one datanode reported threshold count is 0
2019-10-29 16:59:52,916 [main] WARN  events.EventQueue (EventQueue.java:fireEvent(183)) - No event handler registered for event TypedEvent{payloadType=SafeModeStatus, name='SafeModeStatus'}
2019-10-29 16:59:53,296 [main] INFO  ipc.CallQueueManager (CallQueueManager.java:<init>(84)) - Using callQueue: class java.util.concurrent.LinkedBlockingQueue, queueCapacity: 2000, scheduler: class org.apache.hadoop.ipc.DefaultRpcScheduler, ipcBackoff: false.
2019-10-29 16:59:53,407 [Socket Reader #1 for port 42509] INFO  ipc.Server (Server.java:run(1074)) - Starting Socket Reader #1 for port 42509
2019-10-29 16:59:53,441 [main] INFO  ipc.CallQueueManager (CallQueueManager.java:<init>(84)) - Using callQueue: class java.util.concurrent.LinkedBlockingQueue, queueCapacity: 2000, scheduler: class org.apache.hadoop.ipc.DefaultRpcScheduler, ipcBackoff: false.
2019-10-29 16:59:53,442 [Socket Reader #1 for port 38774] INFO  ipc.Server (Server.java:run(1074)) - Starting Socket Reader #1 for port 38774
2019-10-29 16:59:53,451 [main] INFO  ipc.CallQueueManager (CallQueueManager.java:<init>(84)) - Using callQueue: class java.util.concurrent.LinkedBlockingQueue, queueCapacity: 2000, scheduler: class org.apache.hadoop.ipc.DefaultRpcScheduler, ipcBackoff: false.
2019-10-29 16:59:53,452 [Socket Reader #1 for port 39925] INFO  ipc.Server (Server.java:run(1074)) - Starting Socket Reader #1 for port 39925
2019-10-29 16:59:53,478 [main] INFO  hdfs.DFSUtil (DFSUtil.java:httpServerTemplateForNNAndJN(1641)) - Starting Web-server for scm at: http://0.0.0.0:0
2019-10-29 16:59:53,645 [main] INFO  server.AuthenticationFilter (AuthenticationFilter.java:constructSecretProvider(240)) - Unable to initialize FileSignerSecretProvider, falling back to use random secrets.
2019-10-29 16:59:53,654 [main] WARN  http.HttpRequestLog (HttpRequestLog.java:getRequestLog(97)) - Jetty request log can only be enabled using Log4j
2019-10-29 16:59:53,663 [main] INFO  http.HttpServer2 (HttpServer2.java:addGlobalFilter(975)) - Added global filter 'safety' (class=org.apache.hadoop.http.HttpServer2$QuotingInputFilter)
2019-10-29 16:59:53,665 [main] INFO  http.HttpServer2 (HttpServer2.java:addFilter(948)) - Added filter static_user_filter (class=org.apache.hadoop.http.lib.StaticUserWebFilter$StaticUserFilter) to context scm
2019-10-29 16:59:53,666 [main] INFO  http.HttpServer2 (HttpServer2.java:addFilter(958)) - Added filter static_user_filter (class=org.apache.hadoop.http.lib.StaticUserWebFilter$StaticUserFilter) to context logs
2019-10-29 16:59:53,666 [main] INFO  http.HttpServer2 (HttpServer2.java:addFilter(958)) - Added filter static_user_filter (class=org.apache.hadoop.http.lib.StaticUserWebFilter$StaticUserFilter) to context static
2019-10-29 16:59:53,696 [main] INFO  server.StorageContainerManager (StorageContainerManager.java:start(771)) - StorageContainerLocationProtocol RPC server is listening at /0.0.0.0:39925
2019-10-29 16:59:53,761 [main] WARN  impl.MetricsConfig (MetricsConfig.java:loadFirst(134)) - Cannot locate configuration: tried hadoop-metrics2-storagecontainermanager.properties,hadoop-metrics2.properties
2019-10-29 16:59:53,775 [main] INFO  impl.MetricsSystemImpl (MetricsSystemImpl.java:startTimer(374)) - Scheduled Metric snapshot period at 10 second(s).
2019-10-29 16:59:53,775 [main] INFO  impl.MetricsSystemImpl (MetricsSystemImpl.java:start(191)) - StorageContainerManager metrics system started
2019-10-29 16:59:53,999 [main] INFO  server.SCMClientProtocolServer (SCMClientProtocolServer.java:start(159)) - RPC server for Client  is listening at /0.0.0.0:39925
2019-10-29 16:59:54,000 [IPC Server Responder] INFO  ipc.Server (Server.java:run(1314)) - IPC Server Responder: starting
2019-10-29 16:59:54,000 [IPC Server listener on 39925] INFO  ipc.Server (Server.java:run(1153)) - IPC Server listener on 39925: starting
2019-10-29 16:59:54,003 [main] INFO  server.StorageContainerManager (StorageContainerManager.java:start(781)) - ScmBlockLocationProtocol RPC server is listening at /0.0.0.0:38774
2019-10-29 16:59:54,004 [main] INFO  server.SCMBlockProtocolServer (SCMBlockProtocolServer.java:start(146)) - RPC server for Block Protocol is listening at /0.0.0.0:38774
2019-10-29 16:59:54,004 [IPC Server Responder] INFO  ipc.Server (Server.java:run(1314)) - IPC Server Responder: starting
2019-10-29 16:59:54,004 [IPC Server listener on 38774] INFO  ipc.Server (Server.java:run(1153)) - IPC Server listener on 38774: starting
2019-10-29 16:59:54,007 [main] INFO  server.StorageContainerManager (StorageContainerManager.java:start(785)) - ScmDatanodeProtocl RPC server is listening at /0.0.0.0:42509
2019-10-29 16:59:54,007 [main] INFO  server.SCMDatanodeProtocolServer (SCMDatanodeProtocolServer.java:start(177)) - RPC server for DataNodes is listening at /0.0.0.0:42509
2019-10-29 16:59:54,008 [IPC Server Responder] INFO  ipc.Server (Server.java:run(1314)) - IPC Server Responder: starting
2019-10-29 16:59:54,008 [IPC Server listener on 42509] INFO  ipc.Server (Server.java:run(1153)) - IPC Server listener on 42509: starting
2019-10-29 16:59:54,012 [main] INFO  http.HttpServer2 (HttpServer2.java:bindListener(1191)) - Jetty bound to port 36994
2019-10-29 16:59:54,013 [main] INFO  server.Server (Server.java:doStart(351)) - jetty-9.3.25.v20180904, build timestamp: 2018-09-04T21:11:46Z, git hash: 3ce520221d0240229c862b122d2b06c12a625732
2019-10-29 16:59:54,049 [main] INFO  handler.ContextHandler (ContextHandler.java:doStart(781)) - Started o.e.j.s.ServletContextHandler@4d722ac9{/logs,file:///workdir/hadoop-ozone/integration-test/target/log,AVAILABLE}
2019-10-29 16:59:54,050 [main] INFO  handler.ContextHandler (ContextHandler.java:doStart(781)) - Started o.e.j.s.ServletContextHandler@77a7cf58{/static,file:///workdir/hadoop-ozone/integration-test/target/test-classes/webapps/static,AVAILABLE}
2019-10-29 16:59:54,082 [main] INFO  handler.ContextHandler (ContextHandler.java:doStart(781)) - Started o.e.j.w.WebAppContext@617fe9e1{/,file:///workdir/hadoop-ozone/integration-test/target/test-classes/webapps/scm/,AVAILABLE}{/scm}
2019-10-29 16:59:54,087 [main] INFO  server.AbstractConnector (AbstractConnector.java:doStart(278)) - Started ServerConnector@5aceec94{HTTP/1.1,[http/1.1]}{0.0.0.0:36994}
2019-10-29 16:59:54,088 [main] INFO  server.Server (Server.java:doStart(419)) - Started @2716ms
2019-10-29 16:59:54,090 [main] INFO  impl.MetricsSinkAdapter (MetricsSinkAdapter.java:start(204)) - Sink prometheus started
2019-10-29 16:59:54,090 [main] INFO  impl.MetricsSystemImpl (MetricsSystemImpl.java:registerSink(301)) - Registered sink prometheus
2019-10-29 16:59:54,092 [main] INFO  server.BaseHttpServer (BaseHttpServer.java:updateConnectorAddress(215)) - HTTP server of SCM is listening at http://0.0.0.0:36994
2019-10-29 16:59:54,100 [org.apache.hadoop.util.JvmPauseMonitor$Monitor@3deb2326] INFO  util.JvmPauseMonitor (JvmPauseMonitor.java:run(188)) - Starting JVM pause monitor
2019-10-29 16:59:54,109 [main] WARN  server.ServerUtils (ServerUtils.java:getDBPath(222)) - ozone.om.db.dirs is not configured. We recommend adding this setting. Falling back to ozone.metadata.dirs instead.
2019-10-29 16:59:54,244 [main] INFO  ha.OMHANodeDetails (OMHANodeDetails.java:loadOMHAConfig(190)) - Configuration either no ozone.om.address set. Falling back to the default OM address /127.0.0.1:0
2019-10-29 16:59:54,244 [main] INFO  ha.OMHANodeDetails (OMHANodeDetails.java:getOMNodeDetails(220)) - OM Service ID is not set. Setting it to the default ID: omServiceIdDefault
2019-10-29 16:59:54,247 [main] WARN  server.ServerUtils (ServerUtils.java:getDBPath(222)) - ozone.om.db.dirs is not configured. We recommend adding this setting. Falling back to ozone.metadata.dirs instead.
2019-10-29 16:59:54,248 [main] WARN  server.ServerUtils (ServerUtils.java:getDBPath(222)) - ozone.om.db.dirs is not configured. We recommend adding this setting. Falling back to ozone.metadata.dirs instead.
2019-10-29 16:59:54,868 [main] WARN  server.ServerUtils (ServerUtils.java:getDBPath(222)) - ozone.om.db.dirs is not configured. We recommend adding this setting. Falling back to ozone.metadata.dirs instead.
2019-10-29 16:59:54,876 [main] INFO  db.DBStoreBuilder (DBStoreBuilder.java:addTable(127)) - using custom profile for table: userTable
2019-10-29 16:59:54,876 [main] INFO  db.DBStoreBuilder (DBStoreBuilder.java:processTables(183)) - Using default column profile:DBProfile.DISK for Table:userTable
2019-10-29 16:59:54,876 [main] INFO  db.DBStoreBuilder (DBStoreBuilder.java:addTable(127)) - using custom profile for table: volumeTable
2019-10-29 16:59:54,876 [main] INFO  db.DBStoreBuilder (DBStoreBuilder.java:processTables(183)) - Using default column profile:DBProfile.DISK for Table:volumeTable
2019-10-29 16:59:54,877 [main] INFO  db.DBStoreBuilder (DBStoreBuilder.java:addTable(127)) - using custom profile for table: bucketTable
2019-10-29 16:59:54,877 [main] INFO  db.DBStoreBuilder (DBStoreBuilder.java:processTables(183)) - Using default column profile:DBProfile.DISK for Table:bucketTable
2019-10-29 16:59:54,877 [main] INFO  db.DBStoreBuilder (DBStoreBuilder.java:addTable(127)) - using custom profile for table: keyTable
2019-10-29 16:59:54,877 [main] INFO  db.DBStoreBuilder (DBStoreBuilder.java:processTables(183)) - Using default column profile:DBProfile.DISK for Table:keyTable
2019-10-29 16:59:54,878 [main] INFO  db.DBStoreBuilder (DBStoreBuilder.java:addTable(127)) - using custom profile for table: deletedTable
2019-10-29 16:59:54,878 [main] INFO  db.DBStoreBuilder (DBStoreBuilder.java:processTables(183)) - Using default column profile:DBProfile.DISK for Table:deletedTable
2019-10-29 16:59:54,878 [main] INFO  db.DBStoreBuilder (DBStoreBuilder.java:addTable(127)) - using custom profile for table: openKeyTable
2019-10-29 16:59:54,878 [main] INFO  db.DBStoreBuilder (DBStoreBuilder.java:processTables(183)) - Using default column profile:DBProfile.DISK for Table:openKeyTable
2019-10-29 16:59:54,878 [main] INFO  db.DBStoreBuilder (DBStoreBuilder.java:addTable(127)) - using custom profile for table: s3Table
2019-10-29 16:59:54,879 [main] INFO  db.DBStoreBuilder (DBStoreBuilder.java:processTables(183)) - Using default column profile:DBProfile.DISK for Table:s3Table
2019-10-29 16:59:54,879 [main] INFO  db.DBStoreBuilder (DBStoreBuilder.java:addTable(127)) - using custom profile for table: multipartInfoTable
2019-10-29 16:59:54,879 [main] INFO  db.DBStoreBuilder (DBStoreBuilder.java:processTables(183)) - Using default column profile:DBProfile.DISK for Table:multipartInfoTable
2019-10-29 16:59:54,879 [main] INFO  db.DBStoreBuilder (DBStoreBuilder.java:addTable(127)) - using custom profile for table: dTokenTable
2019-10-29 16:59:54,879 [main] INFO  db.DBStoreBuilder (DBStoreBuilder.java:processTables(183)) - Using default column profile:DBProfile.DISK for Table:dTokenTable
2019-10-29 16:59:54,880 [main] INFO  db.DBStoreBuilder (DBStoreBuilder.java:addTable(127)) - using custom profile for table: s3SecretTable
2019-10-29 16:59:54,880 [main] INFO  db.DBStoreBuilder (DBStoreBuilder.java:processTables(183)) - Using default column profile:DBProfile.DISK for Table:s3SecretTable
2019-10-29 16:59:54,880 [main] INFO  db.DBStoreBuilder (DBStoreBuilder.java:addTable(127)) - using custom profile for table: prefixTable
2019-10-29 16:59:54,880 [main] INFO  db.DBStoreBuilder (DBStoreBuilder.java:processTables(183)) - Using default column profile:DBProfile.DISK for Table:prefixTable
2019-10-29 16:59:54,881 [main] INFO  db.DBStoreBuilder (DBStoreBuilder.java:addTable(127)) - using custom profile for table: default
2019-10-29 16:59:54,881 [main] INFO  db.DBStoreBuilder (DBStoreBuilder.java:processTables(189)) - Using default column profile:DBProfile.DISK for Table:default
2019-10-29 16:59:54,881 [main] INFO  db.DBStoreBuilder (DBStoreBuilder.java:getDbProfile(220)) - Using default options. DBProfile.DISK
2019-10-29 16:59:55,070 [main] INFO  ipc.CallQueueManager (CallQueueManager.java:<init>(84)) - Using callQueue: class java.util.concurrent.LinkedBlockingQueue, queueCapacity: 2000, scheduler: class org.apache.hadoop.ipc.DefaultRpcScheduler, ipcBackoff: false.
2019-10-29 16:59:55,071 [Socket Reader #1 for port 43141] INFO  ipc.Server (Server.java:run(1074)) - Starting Socket Reader #1 for port 43141
2019-10-29 16:59:55,088 [main] INFO  om.OzoneManager (OzoneManager.java:start(1074)) - OzoneManager RPC server is listening at localhost/127.0.0.1:43141
2019-10-29 16:59:55,088 [main] INFO  impl.MetricsSystemImpl (MetricsSystemImpl.java:init(158)) - OzoneManager metrics system started (again)
2019-10-29 16:59:55,094 [IPC Server Responder] INFO  ipc.Server (Server.java:run(1314)) - IPC Server Responder: starting
2019-10-29 16:59:55,094 [IPC Server listener on 43141] INFO  ipc.Server (Server.java:run(1153)) - IPC Server listener on 43141: starting
2019-10-29 16:59:55,099 [main] INFO  hdfs.DFSUtil (DFSUtil.java:httpServerTemplateForNNAndJN(1641)) - Starting Web-server for ozoneManager at: http://0.0.0.0:0
2019-10-29 16:59:55,101 [main] INFO  server.AuthenticationFilter (AuthenticationFilter.java:constructSecretProvider(240)) - Unable to initialize FileSignerSecretProvider, falling back to use random secrets.
2019-10-29 16:59:55,102 [main] WARN  http.HttpRequestLog (HttpRequestLog.java:getRequestLog(97)) - Jetty request log can only be enabled using Log4j
2019-10-29 16:59:55,105 [main] INFO  http.HttpServer2 (HttpServer2.java:addGlobalFilter(975)) - Added global filter 'safety' (class=org.apache.hadoop.http.HttpServer2$QuotingInputFilter)
2019-10-29 16:59:55,106 [main] INFO  http.HttpServer2 (HttpServer2.java:addFilter(948)) - Added filter static_user_filter (class=org.apache.hadoop.http.lib.StaticUserWebFilter$StaticUserFilter) to context ozoneManager
2019-10-29 16:59:55,107 [main] INFO  http.HttpServer2 (HttpServer2.java:addFilter(958)) - Added filter static_user_filter (class=org.apache.hadoop.http.lib.StaticUserWebFilter$StaticUserFilter) to context logs
2019-10-29 16:59:55,107 [main] INFO  http.HttpServer2 (HttpServer2.java:addFilter(958)) - Added filter static_user_filter (class=org.apache.hadoop.http.lib.StaticUserWebFilter$StaticUserFilter) to context static
2019-10-29 16:59:55,110 [main] INFO  http.HttpServer2 (HttpServer2.java:bindListener(1191)) - Jetty bound to port 35108
2019-10-29 16:59:55,110 [main] INFO  server.Server (Server.java:doStart(351)) - jetty-9.3.25.v20180904, build timestamp: 2018-09-04T21:11:46Z, git hash: 3ce520221d0240229c862b122d2b06c12a625732
2019-10-29 16:59:55,112 [main] INFO  handler.ContextHandler (ContextHandler.java:doStart(781)) - Started o.e.j.s.ServletContextHandler@6b63d445{/logs,file:///workdir/hadoop-ozone/integration-test/target/log,AVAILABLE}
2019-10-29 16:59:55,113 [main] INFO  handler.ContextHandler (ContextHandler.java:doStart(781)) - Started o.e.j.s.ServletContextHandler@30b2b76f{/static,file:///workdir/hadoop-ozone/integration-test/target/test-classes/webapps/static,AVAILABLE}
2019-10-29 16:59:55,119 [main] INFO  handler.ContextHandler (ContextHandler.java:doStart(781)) - Started o.e.j.w.WebAppContext@12db3386{/,file:///workdir/hadoop-ozone/integration-test/target/test-classes/webapps/ozoneManager/,AVAILABLE}{/ozoneManager}
2019-10-29 16:59:55,120 [main] INFO  server.AbstractConnector (AbstractConnector.java:doStart(278)) - Started ServerConnector@4078695f{HTTP/1.1,[http/1.1]}{0.0.0.0:35108}
2019-10-29 16:59:55,120 [main] INFO  server.Server (Server.java:doStart(419)) - Started @3749ms
2019-10-29 16:59:55,121 [main] WARN  impl.MetricsSystemImpl (MetricsSystemImpl.java:register(276)) - Sink prometheus already exists!
2019-10-29 16:59:55,122 [main] INFO  server.BaseHttpServer (BaseHttpServer.java:updateConnectorAddress(215)) - HTTP server of OZONEMANAGER is listening at http://0.0.0.0:35108
2019-10-29 16:59:55,394 [main] INFO  impl.MetricsSystemImpl (MetricsSystemImpl.java:init(158)) - HddsDatanode metrics system started (again)
2019-10-29 16:59:55,433 [main] INFO  ozone.HddsDatanodeService (HddsDatanodeService.java:start(184)) - HddsDatanodeService host:pr-hdds-2034-76npd-2451761435 ip:192.168.164.217
2019-10-29 16:59:55,458 [main] INFO  volume.HddsVolume (HddsVolume.java:<init>(176)) - Creating Volume: /workdir/hadoop-ozone/integration-test/target/test-dir/MiniOzoneClusterImpl-91c7dd85-16c7-46e4-98b7-e0cdfed06566/datanode-0/data/containers/hdds of  storage type : DISK and capacity : 1482555576320
2019-10-29 16:59:55,459 [main] INFO  volume.VolumeSet (VolumeSet.java:initializeVolumeSet(170)) - Added Volume : /workdir/hadoop-ozone/integration-test/target/test-dir/MiniOzoneClusterImpl-91c7dd85-16c7-46e4-98b7-e0cdfed06566/datanode-0/data/containers/hdds to VolumeSet
2019-10-29 16:59:55,461 [main] INFO  volume.ThrottledAsyncChecker (ThrottledAsyncChecker.java:schedule(141)) - Scheduling a check for /workdir/hadoop-ozone/integration-test/target/test-dir/MiniOzoneClusterImpl-91c7dd85-16c7-46e4-98b7-e0cdfed06566/datanode-0/data/containers/hdds
2019-10-29 16:59:55,475 [main] INFO  volume.HddsVolumeChecker (HddsVolumeChecker.java:checkAllVolumes(204)) - Scheduled health check for volume /workdir/hadoop-ozone/integration-test/target/test-dir/MiniOzoneClusterImpl-91c7dd85-16c7-46e4-98b7-e0cdfed06566/datanode-0/data/containers/hdds
2019-10-29 16:59:55,578 [main] INFO  impl.RaftServerProxy (ConfUtils.java:logGet(43)) - raft.rpc.type = GRPC (default)
2019-10-29 16:59:55,647 [main] INFO  grpc.GrpcFactory (GrpcFactory.java:checkPooledByteBufAllocatorUseCacheForAllThreads(45)) - PERFORMANCE WARNING: useCacheForAllThreads is true that may cause Netty to create a lot garbage objects and, as a result, trigger GC.
	It is recommended to disable useCacheForAllThreads by setting -Dorg.apache.ratis.thirdparty.io.netty.allocator.useCacheForAllThreads=false in command line.
2019-10-29 16:59:55,655 [main] INFO  grpc.GrpcConfigKeys$Server (ConfUtils.java:logGet(43)) - raft.grpc.server.port = 0 (default)
2019-10-29 16:59:55,657 [main] INFO  server.GrpcService (ConfUtils.java:logGet(43)) - raft.grpc.message.size.max = 33570816 (custom)
2019-10-29 16:59:55,660 [main] INFO  server.RaftServerConfigKeys (ConfUtils.java:logGet(43)) - raft.server.log.appender.buffer.byte-limit = 33554432 (custom)
2019-10-29 16:59:55,661 [main] INFO  server.GrpcService (ConfUtils.java:logGet(43)) - raft.grpc.flow.control.window = 1MB (=1048576) (default)
2019-10-29 16:59:55,663 [main] INFO  server.RaftServerConfigKeys (ConfUtils.java:logGet(43)) - raft.server.rpc.request.timeout = 3000ms (default)
2019-10-29 16:59:55,882 [main] INFO  server.RaftServerConfigKeys (ConfUtils.java:logGet(43)) - raft.server.storage.dir = [/workdir/hadoop-ozone/integration-test/target/test-dir/MiniOzoneClusterImpl-91c7dd85-16c7-46e4-98b7-e0cdfed06566/datanode-0/data/ratis] (custom)
2019-10-29 16:59:55,939 [main] INFO  hdfs.DFSUtil (DFSUtil.java:httpServerTemplateForNNAndJN(1641)) - Starting Web-server for hddsDatanode at: http://0.0.0.0:0
2019-10-29 16:59:55,942 [main] INFO  server.AuthenticationFilter (AuthenticationFilter.java:constructSecretProvider(240)) - Unable to initialize FileSignerSecretProvider, falling back to use random secrets.
2019-10-29 16:59:55,943 [main] WARN  http.HttpRequestLog (HttpRequestLog.java:getRequestLog(97)) - Jetty request log can only be enabled using Log4j
2019-10-29 16:59:55,946 [main] INFO  http.HttpServer2 (HttpServer2.java:addGlobalFilter(975)) - Added global filter 'safety' (class=org.apache.hadoop.http.HttpServer2$QuotingInputFilter)
2019-10-29 16:59:55,947 [main] INFO  http.HttpServer2 (HttpServer2.java:addFilter(948)) - Added filter static_user_filter (class=org.apache.hadoop.http.lib.StaticUserWebFilter$StaticUserFilter) to context hddsDatanode
2019-10-29 16:59:55,948 [main] INFO  http.HttpServer2 (HttpServer2.java:addFilter(958)) - Added filter static_user_filter (class=org.apache.hadoop.http.lib.StaticUserWebFilter$StaticUserFilter) to context logs
2019-10-29 16:59:55,948 [main] INFO  http.HttpServer2 (HttpServer2.java:addFilter(958)) - Added filter static_user_filter (class=org.apache.hadoop.http.lib.StaticUserWebFilter$StaticUserFilter) to context static
2019-10-29 16:59:55,949 [main] INFO  http.HttpServer2 (HttpServer2.java:bindListener(1191)) - Jetty bound to port 36842
2019-10-29 16:59:55,950 [main] INFO  server.Server (Server.java:doStart(351)) - jetty-9.3.25.v20180904, build timestamp: 2018-09-04T21:11:46Z, git hash: 3ce520221d0240229c862b122d2b06c12a625732
2019-10-29 16:59:55,953 [main] INFO  handler.ContextHandler (ContextHandler.java:doStart(781)) - Started o.e.j.s.ServletContextHandler@472a11ae{/logs,file:///workdir/hadoop-ozone/integration-test/target/log,AVAILABLE}
2019-10-29 16:59:55,954 [main] INFO  handler.ContextHandler (ContextHandler.java:doStart(781)) - Started o.e.j.s.ServletContextHandler@30e9ca13{/static,jar:file:/home/user/.m2/repository/org/apache/hadoop/hadoop-hdds-container-service/0.5.0-SNAPSHOT/hadoop-hdds-container-service-0.5.0-SNAPSHOT.jar!/webapps/static,AVAILABLE}
2019-10-29 16:59:55,999 [main] INFO  handler.ContextHandler (ContextHandler.java:doStart(781)) - Started o.e.j.w.WebAppContext@78e22d35{/,file:///tmp/jetty-0.0.0.0-36842-hddsDatanode-_-any-293011812142837400.dir/webapp/,AVAILABLE}{/hddsDatanode}
2019-10-29 16:59:56,000 [main] INFO  server.AbstractConnector (AbstractConnector.java:doStart(278)) - Started ServerConnector@2e8a1ab4{HTTP/1.1,[http/1.1]}{0.0.0.0:36842}
2019-10-29 16:59:56,001 [main] INFO  server.Server (Server.java:doStart(419)) - Started @4629ms
2019-10-29 16:59:56,002 [main] WARN  impl.MetricsSystemImpl (MetricsSystemImpl.java:register(276)) - Sink prometheus already exists!
2019-10-29 16:59:56,003 [main] INFO  server.BaseHttpServer (BaseHttpServer.java:updateConnectorAddress(215)) - HTTP server of HDDSDATANODE is listening at http://0.0.0.0:36842
2019-10-29 16:59:56,004 [main] INFO  impl.MetricsSystemImpl (MetricsSystemImpl.java:init(158)) - HddsDatanode metrics system started (again)
2019-10-29 16:59:56,007 [main] INFO  ozone.HddsDatanodeService (HddsDatanodeService.java:start(184)) - HddsDatanodeService host:pr-hdds-2034-76npd-2451761435 ip:192.168.164.217
2019-10-29 16:59:56,010 [org.apache.hadoop.util.JvmPauseMonitor$Monitor@12fd5533] INFO  util.JvmPauseMonitor (JvmPauseMonitor.java:run(188)) - Starting JVM pause monitor
2019-10-29 16:59:56,016 [main] INFO  volume.HddsVolume (HddsVolume.java:<init>(176)) - Creating Volume: /workdir/hadoop-ozone/integration-test/target/test-dir/MiniOzoneClusterImpl-91c7dd85-16c7-46e4-98b7-e0cdfed06566/datanode-1/data/containers/hdds of  storage type : DISK and capacity : 1482555576320
2019-10-29 16:59:56,017 [main] INFO  volume.VolumeSet (VolumeSet.java:initializeVolumeSet(170)) - Added Volume : /workdir/hadoop-ozone/integration-test/target/test-dir/MiniOzoneClusterImpl-91c7dd85-16c7-46e4-98b7-e0cdfed06566/datanode-1/data/containers/hdds to VolumeSet
2019-10-29 16:59:56,017 [main] INFO  volume.ThrottledAsyncChecker (ThrottledAsyncChecker.java:schedule(141)) - Scheduling a check for /workdir/hadoop-ozone/integration-test/target/test-dir/MiniOzoneClusterImpl-91c7dd85-16c7-46e4-98b7-e0cdfed06566/datanode-1/data/containers/hdds
2019-10-29 16:59:56,019 [main] INFO  volume.HddsVolumeChecker (HddsVolumeChecker.java:checkAllVolumes(204)) - Scheduled health check for volume /workdir/hadoop-ozone/integration-test/target/test-dir/MiniOzoneClusterImpl-91c7dd85-16c7-46e4-98b7-e0cdfed06566/datanode-1/data/containers/hdds
2019-10-29 16:59:56,041 [main] INFO  impl.RaftServerProxy (ConfUtils.java:logGet(43)) - raft.rpc.type = GRPC (default)
2019-10-29 16:59:56,041 [main] INFO  grpc.GrpcFactory (GrpcFactory.java:checkPooledByteBufAllocatorUseCacheForAllThreads(45)) - PERFORMANCE WARNING: useCacheForAllThreads is true that may cause Netty to create a lot garbage objects and, as a result, trigger GC.
	It is recommended to disable useCacheForAllThreads by setting -Dorg.apache.ratis.thirdparty.io.netty.allocator.useCacheForAllThreads=false in command line.
2019-10-29 16:59:56,042 [main] INFO  grpc.GrpcConfigKeys$Server (ConfUtils.java:logGet(43)) - raft.grpc.server.port = 0 (default)
2019-10-29 16:59:56,042 [main] INFO  server.GrpcService (ConfUtils.java:logGet(43)) - raft.grpc.message.size.max = 33570816 (custom)
2019-10-29 16:59:56,042 [main] INFO  server.RaftServerConfigKeys (ConfUtils.java:logGet(43)) - raft.server.log.appender.buffer.byte-limit = 33554432 (custom)
2019-10-29 16:59:56,043 [main] INFO  server.GrpcService (ConfUtils.java:logGet(43)) - raft.grpc.flow.control.window = 1MB (=1048576) (default)
2019-10-29 16:59:56,043 [main] INFO  server.RaftServerConfigKeys (ConfUtils.java:logGet(43)) - raft.server.rpc.request.timeout = 3000ms (default)
2019-10-29 16:59:56,044 [main] INFO  server.RaftServerConfigKeys (ConfUtils.java:logGet(43)) - raft.server.storage.dir = [/workdir/hadoop-ozone/integration-test/target/test-dir/MiniOzoneClusterImpl-91c7dd85-16c7-46e4-98b7-e0cdfed06566/datanode-1/data/ratis] (custom)
2019-10-29 16:59:56,046 [main] INFO  hdfs.DFSUtil (DFSUtil.java:httpServerTemplateForNNAndJN(1641)) - Starting Web-server for hddsDatanode at: http://0.0.0.0:0
2019-10-29 16:59:56,049 [main] INFO  server.AuthenticationFilter (AuthenticationFilter.java:constructSecretProvider(240)) - Unable to initialize FileSignerSecretProvider, falling back to use random secrets.
2019-10-29 16:59:56,049 [main] WARN  http.HttpRequestLog (HttpRequestLog.java:getRequestLog(97)) - Jetty request log can only be enabled using Log4j
2019-10-29 16:59:56,052 [main] INFO  http.HttpServer2 (HttpServer2.java:addGlobalFilter(975)) - Added global filter 'safety' (class=org.apache.hadoop.http.HttpServer2$QuotingInputFilter)
2019-10-29 16:59:56,054 [main] INFO  http.HttpServer2 (HttpServer2.java:addFilter(948)) - Added filter static_user_filter (class=org.apache.hadoop.http.lib.StaticUserWebFilter$StaticUserFilter) to context hddsDatanode
2019-10-29 16:59:56,054 [main] INFO  http.HttpServer2 (HttpServer2.java:addFilter(958)) - Added filter static_user_filter (class=org.apache.hadoop.http.lib.StaticUserWebFilter$StaticUserFilter) to context static
2019-10-29 16:59:56,054 [main] INFO  http.HttpServer2 (HttpServer2.java:addFilter(958)) - Added filter static_user_filter (class=org.apache.hadoop.http.lib.StaticUserWebFilter$StaticUserFilter) to context logs
2019-10-29 16:59:56,056 [main] INFO  http.HttpServer2 (HttpServer2.java:bindListener(1191)) - Jetty bound to port 45342
2019-10-29 16:59:56,056 [main] INFO  server.Server (Server.java:doStart(351)) - jetty-9.3.25.v20180904, build timestamp: 2018-09-04T21:11:46Z, git hash: 3ce520221d0240229c862b122d2b06c12a625732
2019-10-29 16:59:56,059 [main] INFO  handler.ContextHandler (ContextHandler.java:doStart(781)) - Started o.e.j.s.ServletContextHandler@71904469{/logs,file:///workdir/hadoop-ozone/integration-test/target/log,AVAILABLE}
2019-10-29 16:59:56,060 [main] INFO  handler.ContextHandler (ContextHandler.java:doStart(781)) - Started o.e.j.s.ServletContextHandler@761e788f{/static,jar:file:/home/user/.m2/repository/org/apache/hadoop/hadoop-hdds-container-service/0.5.0-SNAPSHOT/hadoop-hdds-container-service-0.5.0-SNAPSHOT.jar!/webapps/static,AVAILABLE}
2019-10-29 16:59:56,107 [main] INFO  handler.ContextHandler (ContextHandler.java:doStart(781)) - Started o.e.j.w.WebAppContext@48d293ee{/,file:///tmp/jetty-0.0.0.0-45342-hddsDatanode-_-any-5326197616371133234.dir/webapp/,AVAILABLE}{/hddsDatanode}
2019-10-29 16:59:56,107 [main] INFO  server.AbstractConnector (AbstractConnector.java:doStart(278)) - Started ServerConnector@146dcfe6{HTTP/1.1,[http/1.1]}{0.0.0.0:45342}
2019-10-29 16:59:56,109 [main] INFO  server.Server (Server.java:doStart(419)) - Started @4737ms
2019-10-29 16:59:56,109 [main] WARN  impl.MetricsSystemImpl (MetricsSystemImpl.java:register(276)) - Sink prometheus already exists!
2019-10-29 16:59:56,110 [main] INFO  server.BaseHttpServer (BaseHttpServer.java:updateConnectorAddress(215)) - HTTP server of HDDSDATANODE is listening at http://0.0.0.0:45342
2019-10-29 16:59:56,111 [main] INFO  impl.MetricsSystemImpl (MetricsSystemImpl.java:init(158)) - HddsDatanode metrics system started (again)
2019-10-29 16:59:56,113 [main] INFO  ozone.HddsDatanodeService (HddsDatanodeService.java:start(184)) - HddsDatanodeService host:pr-hdds-2034-76npd-2451761435 ip:192.168.164.217
2019-10-29 16:59:56,114 [org.apache.hadoop.util.JvmPauseMonitor$Monitor@6c344aba] INFO  util.JvmPauseMonitor (JvmPauseMonitor.java:run(188)) - Starting JVM pause monitor
2019-10-29 16:59:56,124 [main] INFO  volume.HddsVolume (HddsVolume.java:<init>(176)) - Creating Volume: /workdir/hadoop-ozone/integration-test/target/test-dir/MiniOzoneClusterImpl-91c7dd85-16c7-46e4-98b7-e0cdfed06566/datanode-2/data/containers/hdds of  storage type : DISK and capacity : 1482555576320
2019-10-29 16:59:56,124 [main] INFO  volume.VolumeSet (VolumeSet.java:initializeVolumeSet(170)) - Added Volume : /workdir/hadoop-ozone/integration-test/target/test-dir/MiniOzoneClusterImpl-91c7dd85-16c7-46e4-98b7-e0cdfed06566/datanode-2/data/containers/hdds to VolumeSet
2019-10-29 16:59:56,124 [main] INFO  volume.ThrottledAsyncChecker (ThrottledAsyncChecker.java:schedule(141)) - Scheduling a check for /workdir/hadoop-ozone/integration-test/target/test-dir/MiniOzoneClusterImpl-91c7dd85-16c7-46e4-98b7-e0cdfed06566/datanode-2/data/containers/hdds
2019-10-29 16:59:56,125 [main] INFO  volume.HddsVolumeChecker (HddsVolumeChecker.java:checkAllVolumes(204)) - Scheduled health check for volume /workdir/hadoop-ozone/integration-test/target/test-dir/MiniOzoneClusterImpl-91c7dd85-16c7-46e4-98b7-e0cdfed06566/datanode-2/data/containers/hdds
2019-10-29 16:59:56,135 [Datanode State Machine Thread - 0] INFO  datanode.InitDatanodeState (InitDatanodeState.java:persistContainerDatanodeDetails(140)) - DatanodeDetails is persisted to /workdir/hadoop-ozone/integration-test/target/test-dir/MiniOzoneClusterImpl-91c7dd85-16c7-46e4-98b7-e0cdfed06566/datanode-0/meta/datanode.id
2019-10-29 16:59:56,139 [Datanode State Machine Thread - 0] INFO  datanode.InitDatanodeState (InitDatanodeState.java:persistContainerDatanodeDetails(140)) - DatanodeDetails is persisted to /workdir/hadoop-ozone/integration-test/target/test-dir/MiniOzoneClusterImpl-91c7dd85-16c7-46e4-98b7-e0cdfed06566/datanode-1/meta/datanode.id
2019-10-29 16:59:56,142 [main] INFO  impl.RaftServerProxy (ConfUtils.java:logGet(43)) - raft.rpc.type = GRPC (default)
2019-10-29 16:59:56,142 [main] INFO  grpc.GrpcFactory (GrpcFactory.java:checkPooledByteBufAllocatorUseCacheForAllThreads(45)) - PERFORMANCE WARNING: useCacheForAllThreads is true that may cause Netty to create a lot garbage objects and, as a result, trigger GC.
	It is recommended to disable useCacheForAllThreads by setting -Dorg.apache.ratis.thirdparty.io.netty.allocator.useCacheForAllThreads=false in command line.
2019-10-29 16:59:56,143 [main] INFO  grpc.GrpcConfigKeys$Server (ConfUtils.java:logGet(43)) - raft.grpc.server.port = 0 (default)
2019-10-29 16:59:56,143 [main] INFO  server.GrpcService (ConfUtils.java:logGet(43)) - raft.grpc.message.size.max = 33570816 (custom)
2019-10-29 16:59:56,143 [main] INFO  server.RaftServerConfigKeys (ConfUtils.java:logGet(43)) - raft.server.log.appender.buffer.byte-limit = 33554432 (custom)
2019-10-29 16:59:56,143 [main] INFO  server.GrpcService (ConfUtils.java:logGet(43)) - raft.grpc.flow.control.window = 1MB (=1048576) (default)
2019-10-29 16:59:56,144 [main] INFO  server.RaftServerConfigKeys (ConfUtils.java:logGet(43)) - raft.server.rpc.request.timeout = 3000ms (default)
2019-10-29 16:59:56,144 [main] INFO  server.RaftServerConfigKeys (ConfUtils.java:logGet(43)) - raft.server.storage.dir = [/workdir/hadoop-ozone/integration-test/target/test-dir/MiniOzoneClusterImpl-91c7dd85-16c7-46e4-98b7-e0cdfed06566/datanode-2/data/ratis] (custom)
2019-10-29 16:59:56,147 [main] INFO  hdfs.DFSUtil (DFSUtil.java:httpServerTemplateForNNAndJN(1641)) - Starting Web-server for hddsDatanode at: http://0.0.0.0:0
2019-10-29 16:59:56,149 [main] INFO  server.AuthenticationFilter (AuthenticationFilter.java:constructSecretProvider(240)) - Unable to initialize FileSignerSecretProvider, falling back to use random secrets.
2019-10-29 16:59:56,149 [main] WARN  http.HttpRequestLog (HttpRequestLog.java:getRequestLog(97)) - Jetty request log can only be enabled using Log4j
2019-10-29 16:59:56,152 [main] INFO  http.HttpServer2 (HttpServer2.java:addGlobalFilter(975)) - Added global filter 'safety' (class=org.apache.hadoop.http.HttpServer2$QuotingInputFilter)
2019-10-29 16:59:56,153 [main] INFO  http.HttpServer2 (HttpServer2.java:addFilter(948)) - Added filter static_user_filter (class=org.apache.hadoop.http.lib.StaticUserWebFilter$StaticUserFilter) to context hddsDatanode
2019-10-29 16:59:56,154 [main] INFO  http.HttpServer2 (HttpServer2.java:addFilter(958)) - Added filter static_user_filter (class=org.apache.hadoop.http.lib.StaticUserWebFilter$StaticUserFilter) to context static
2019-10-29 16:59:56,154 [main] INFO  http.HttpServer2 (HttpServer2.java:addFilter(958)) - Added filter static_user_filter (class=org.apache.hadoop.http.lib.StaticUserWebFilter$StaticUserFilter) to context logs
2019-10-29 16:59:56,155 [main] INFO  http.HttpServer2 (HttpServer2.java:bindListener(1191)) - Jetty bound to port 37643
2019-10-29 16:59:56,156 [main] INFO  server.Server (Server.java:doStart(351)) - jetty-9.3.25.v20180904, build timestamp: 2018-09-04T21:11:46Z, git hash: 3ce520221d0240229c862b122d2b06c12a625732
2019-10-29 16:59:56,160 [main] INFO  handler.ContextHandler (ContextHandler.java:doStart(781)) - Started o.e.j.s.ServletContextHandler@31ee2fdb{/logs,file:///workdir/hadoop-ozone/integration-test/target/log,AVAILABLE}
2019-10-29 16:59:56,161 [main] INFO  handler.ContextHandler (ContextHandler.java:doStart(781)) - Started o.e.j.s.ServletContextHandler@1effd53c{/static,jar:file:/home/user/.m2/repository/org/apache/hadoop/hadoop-hdds-container-service/0.5.0-SNAPSHOT/hadoop-hdds-container-service-0.5.0-SNAPSHOT.jar!/webapps/static,AVAILABLE}
2019-10-29 16:59:56,204 [main] INFO  handler.ContextHandler (ContextHandler.java:doStart(781)) - Started o.e.j.w.WebAppContext@60bbacfc{/,file:///tmp/jetty-0.0.0.0-37643-hddsDatanode-_-any-3374363602389565294.dir/webapp/,AVAILABLE}{/hddsDatanode}
2019-10-29 16:59:56,205 [main] INFO  server.AbstractConnector (AbstractConnector.java:doStart(278)) - Started ServerConnector@65b97f47{HTTP/1.1,[http/1.1]}{0.0.0.0:37643}
2019-10-29 16:59:56,206 [main] INFO  server.Server (Server.java:doStart(419)) - Started @4834ms
2019-10-29 16:59:56,206 [main] WARN  impl.MetricsSystemImpl (MetricsSystemImpl.java:register(276)) - Sink prometheus already exists!
2019-10-29 16:59:56,207 [main] INFO  server.BaseHttpServer (BaseHttpServer.java:updateConnectorAddress(215)) - HTTP server of HDDSDATANODE is listening at http://0.0.0.0:37643
2019-10-29 16:59:56,208 [main] INFO  ozone.MiniOzoneClusterImpl (MiniOzoneClusterImpl.java:lambda$waitForClusterToBeReady$0(149)) - Waiting for nodes to be ready. Got 0 of 3 DN Heartbeats.
2019-10-29 16:59:56,208 [main] INFO  ozone.MiniOzoneClusterImpl (MiniOzoneClusterImpl.java:lambda$waitForClusterToBeReady$0(152)) - Waiting for cluster to exit safe mode
2019-10-29 16:59:56,209 [org.apache.hadoop.util.JvmPauseMonitor$Monitor@37552439] INFO  util.JvmPauseMonitor (JvmPauseMonitor.java:run(188)) - Starting JVM pause monitor
2019-10-29 16:59:56,211 [Datanode State Machine Thread - 0] INFO  datanode.InitDatanodeState (InitDatanodeState.java:persistContainerDatanodeDetails(140)) - DatanodeDetails is persisted to /workdir/hadoop-ozone/integration-test/target/test-dir/MiniOzoneClusterImpl-91c7dd85-16c7-46e4-98b7-e0cdfed06566/datanode-2/meta/datanode.id
2019-10-29 16:59:57,209 [main] INFO  ozone.MiniOzoneClusterImpl (MiniOzoneClusterImpl.java:lambda$waitForClusterToBeReady$0(149)) - Waiting for nodes to be ready. Got 0 of 3 DN Heartbeats.
2019-10-29 16:59:57,209 [main] INFO  ozone.MiniOzoneClusterImpl (MiniOzoneClusterImpl.java:lambda$waitForClusterToBeReady$0(152)) - Waiting for cluster to exit safe mode
2019-10-29 16:59:58,099 [Datanode State Machine Thread - 0] INFO  ozoneimpl.OzoneContainer (OzoneContainer.java:start(213)) - Attempting to start container services.
2019-10-29 16:59:58,102 [Datanode State Machine Thread - 0] INFO  ozoneimpl.OzoneContainer (OzoneContainer.java:startContainerScrub(177)) - Background container scanner has been disabled.
2019-10-29 16:59:58,102 [Datanode State Machine Thread - 0] INFO  ratis.XceiverServerRatis (XceiverServerRatis.java:start(419)) - Starting XceiverServerRatis 1af067e9-5d8b-4781-8606-882f77d13ba4 at port 0
2019-10-29 16:59:58,130 [Datanode State Machine Thread - 0] INFO  impl.RaftServerProxy (RaftServerProxy.java:lambda$start$3(299)) - 1af067e9-5d8b-4781-8606-882f77d13ba4: start RPC server
2019-10-29 16:59:58,135 [Datanode State Machine Thread - 0] INFO  ozoneimpl.OzoneContainer (OzoneContainer.java:start(213)) - Attempting to start container services.
2019-10-29 16:59:58,140 [Datanode State Machine Thread - 0] INFO  ozoneimpl.OzoneContainer (OzoneContainer.java:startContainerScrub(177)) - Background container scanner has been disabled.
2019-10-29 16:59:58,140 [Datanode State Machine Thread - 0] INFO  ratis.XceiverServerRatis (XceiverServerRatis.java:start(419)) - Starting XceiverServerRatis 0e75b48c-d7aa-4e03-80ae-8a3dbbfa9a5f at port 0
2019-10-29 16:59:58,162 [Datanode State Machine Thread - 0] INFO  impl.RaftServerProxy (RaftServerProxy.java:lambda$start$3(299)) - 0e75b48c-d7aa-4e03-80ae-8a3dbbfa9a5f: start RPC server
2019-10-29 16:59:58,210 [main] INFO  ozone.MiniOzoneClusterImpl (MiniOzoneClusterImpl.java:lambda$waitForClusterToBeReady$0(149)) - Waiting for nodes to be ready. Got 0 of 3 DN Heartbeats.
2019-10-29 16:59:58,210 [main] INFO  ozone.MiniOzoneClusterImpl (MiniOzoneClusterImpl.java:lambda$waitForClusterToBeReady$0(152)) - Waiting for cluster to exit safe mode
2019-10-29 16:59:58,226 [Datanode State Machine Thread - 0] INFO  ozoneimpl.OzoneContainer (OzoneContainer.java:start(213)) - Attempting to start container services.
2019-10-29 16:59:58,227 [Datanode State Machine Thread - 0] INFO  ozoneimpl.OzoneContainer (OzoneContainer.java:startContainerScrub(177)) - Background container scanner has been disabled.
2019-10-29 16:59:58,228 [Datanode State Machine Thread - 0] INFO  ratis.XceiverServerRatis (XceiverServerRatis.java:start(419)) - Starting XceiverServerRatis 232051d8-5931-42a0-96bb-6f6ade3885cb at port 0
2019-10-29 16:59:58,240 [Datanode State Machine Thread - 0] INFO  impl.RaftServerProxy (RaftServerProxy.java:lambda$start$3(299)) - 232051d8-5931-42a0-96bb-6f6ade3885cb: start RPC server
2019-10-29 16:59:58,289 [Datanode State Machine Thread - 0] INFO  server.GrpcService (GrpcService.java:startImpl(158)) - 232051d8-5931-42a0-96bb-6f6ade3885cb: GrpcService started, listening on 0.0.0.0/0.0.0.0:38775
2019-10-29 16:59:58,289 [Datanode State Machine Thread - 0] INFO  server.GrpcService (GrpcService.java:startImpl(158)) - 0e75b48c-d7aa-4e03-80ae-8a3dbbfa9a5f: GrpcService started, listening on 0.0.0.0/0.0.0.0:44576
2019-10-29 16:59:58,289 [Datanode State Machine Thread - 0] INFO  server.GrpcService (GrpcService.java:startImpl(158)) - 1af067e9-5d8b-4781-8606-882f77d13ba4: GrpcService started, listening on 0.0.0.0/0.0.0.0:40841
2019-10-29 16:59:58,290 [Datanode State Machine Thread - 0] INFO  ratis.XceiverServerRatis (XceiverServerRatis.java:start(429)) - XceiverServerRatis 0e75b48c-d7aa-4e03-80ae-8a3dbbfa9a5f is started using port 44576
2019-10-29 16:59:58,290 [Datanode State Machine Thread - 0] INFO  ratis.XceiverServerRatis (XceiverServerRatis.java:start(429)) - XceiverServerRatis 232051d8-5931-42a0-96bb-6f6ade3885cb is started using port 38775
2019-10-29 16:59:58,290 [Datanode State Machine Thread - 0] INFO  ratis.XceiverServerRatis (XceiverServerRatis.java:start(429)) - XceiverServerRatis 1af067e9-5d8b-4781-8606-882f77d13ba4 is started using port 40841
2019-10-29 16:59:58,296 [Datanode State Machine Thread - 0] INFO  server.XceiverServerGrpc (XceiverServerGrpc.java:start(149)) - XceiverServerGrpc 1af067e9-5d8b-4781-8606-882f77d13ba4 is started using port 36409
2019-10-29 16:59:58,296 [Datanode State Machine Thread - 0] INFO  server.XceiverServerGrpc (XceiverServerGrpc.java:start(149)) - XceiverServerGrpc 0e75b48c-d7aa-4e03-80ae-8a3dbbfa9a5f is started using port 37803
2019-10-29 16:59:58,296 [Datanode State Machine Thread - 0] INFO  server.XceiverServerGrpc (XceiverServerGrpc.java:start(149)) - XceiverServerGrpc 232051d8-5931-42a0-96bb-6f6ade3885cb is started using port 38106
2019-10-29 16:59:59,210 [main] INFO  ozone.MiniOzoneClusterImpl (MiniOzoneClusterImpl.java:lambda$waitForClusterToBeReady$0(149)) - Waiting for nodes to be ready. Got 0 of 3 DN Heartbeats.
2019-10-29 16:59:59,211 [main] INFO  ozone.MiniOzoneClusterImpl (MiniOzoneClusterImpl.java:lambda$waitForClusterToBeReady$0(152)) - Waiting for cluster to exit safe mode
2019-10-29 17:00:00,055 [IPC Server handler 0 on 42509] INFO  net.NetworkTopology (NetworkTopologyImpl.java:add(111)) - Added a new node: /default-rack/1af067e9-5d8b-4781-8606-882f77d13ba4
2019-10-29 17:00:00,056 [IPC Server handler 0 on 42509] INFO  node.SCMNodeManager (SCMNodeManager.java:register(267)) - Registered Data node : 1af067e9-5d8b-4781-8606-882f77d13ba4{ip: 192.168.164.217, host: pr-hdds-2034-76npd-2451761435, networkLocation: /default-rack, certSerialId: null}
2019-10-29 17:00:00,059 [EventQueue-NodeRegistrationContainerReportForDataNodeSafeModeRule] INFO  safemode.SCMSafeModeManager (DataNodeSafeModeRule.java:process(71)) - SCM in safe mode. 1 DataNodes registered, 1 required.
2019-10-29 17:00:00,060 [EventQueue-NodeRegistrationContainerReportForContainerSafeModeRule] INFO  safemode.SCMSafeModeManager (SCMSafeModeManager.java:validateSafeModeExitRules(176)) - ContainerSafeModeRule rule is successfully validated
2019-10-29 17:00:00,060 [EventQueue-NodeRegistrationContainerReportForDataNodeSafeModeRule] INFO  safemode.SCMSafeModeManager (SCMSafeModeManager.java:validateSafeModeExitRules(176)) - DataNodeSafeModeRule rule is successfully validated
2019-10-29 17:00:00,064 [RatisPipelineUtilsThread] INFO  pipeline.RatisPipelineProvider (RatisPipelineProvider.java:lambda$create$4(163)) - Send pipeline:PipelineID=6f401cdb-c70a-49d9-8f09-12d4d8a854aa create command to datanode 1af067e9-5d8b-4781-8606-882f77d13ba4
2019-10-29 17:00:00,116 [IPC Server handler 1 on 42509] INFO  net.NetworkTopology (NetworkTopologyImpl.java:add(111)) - Added a new node: /default-rack/0e75b48c-d7aa-4e03-80ae-8a3dbbfa9a5f
2019-10-29 17:00:00,117 [IPC Server handler 1 on 42509] INFO  node.SCMNodeManager (SCMNodeManager.java:register(267)) - Registered Data node : 0e75b48c-d7aa-4e03-80ae-8a3dbbfa9a5f{ip: 192.168.164.217, host: pr-hdds-2034-76npd-2451761435, networkLocation: /default-rack, certSerialId: null}
2019-10-29 17:00:00,117 [EventQueue-NodeRegistrationContainerReportForDataNodeSafeModeRule] INFO  safemode.SCMSafeModeManager (SCMSafeModeManager.java:validateSafeModeExitRules(176)) - DataNodeSafeModeRule rule is successfully validated
2019-10-29 17:00:00,117 [EventQueue-NodeRegistrationContainerReportForContainerSafeModeRule] INFO  safemode.SCMSafeModeManager (SCMSafeModeManager.java:validateSafeModeExitRules(176)) - ContainerSafeModeRule rule is successfully validated
2019-10-29 17:00:00,119 [RatisPipelineUtilsThread] INFO  pipeline.RatisPipelineProvider (RatisPipelineProvider.java:lambda$create$4(163)) - Send pipeline:PipelineID=c8d9ca7a-9fbe-4d4b-8ebf-d785ee2b86f3 create command to datanode 0e75b48c-d7aa-4e03-80ae-8a3dbbfa9a5f
2019-10-29 17:00:00,211 [IPC Server handler 3 on 42509] INFO  net.NetworkTopology (NetworkTopologyImpl.java:add(111)) - Added a new node: /default-rack/232051d8-5931-42a0-96bb-6f6ade3885cb
2019-10-29 17:00:00,212 [main] INFO  ozone.MiniOzoneClusterImpl (MiniOzoneClusterImpl.java:lambda$waitForClusterToBeReady$0(149)) - Nodes are ready. Got 3 of 3 DN Heartbeats.
2019-10-29 17:00:00,212 [IPC Server handler 3 on 42509] INFO  node.SCMNodeManager (SCMNodeManager.java:register(267)) - Registered Data node : 232051d8-5931-42a0-96bb-6f6ade3885cb{ip: 192.168.164.217, host: pr-hdds-2034-76npd-2451761435, networkLocation: /default-rack, certSerialId: null}
2019-10-29 17:00:00,213 [RatisPipelineUtilsThread] INFO  pipeline.RatisPipelineProvider (RatisPipelineProvider.java:lambda$create$4(163)) - Send pipeline:PipelineID=95e40222-bf4d-418a-a32c-7008e341c953 create command to datanode 232051d8-5931-42a0-96bb-6f6ade3885cb
2019-10-29 17:00:00,213 [main] INFO  ozone.MiniOzoneClusterImpl (MiniOzoneClusterImpl.java:lambda$waitForClusterToBeReady$0(152)) - Waiting for cluster to exit safe mode
2019-10-29 17:00:00,213 [EventQueue-NodeRegistrationContainerReportForContainerSafeModeRule] INFO  safemode.SCMSafeModeManager (SCMSafeModeManager.java:validateSafeModeExitRules(176)) - ContainerSafeModeRule rule is successfully validated
2019-10-29 17:00:00,214 [EventQueue-NodeRegistrationContainerReportForDataNodeSafeModeRule] INFO  safemode.SCMSafeModeManager (SCMSafeModeManager.java:validateSafeModeExitRules(176)) - DataNodeSafeModeRule rule is successfully validated
2019-10-29 17:00:00,215 [RatisPipelineUtilsThread] INFO  pipeline.RatisPipelineProvider (RatisPipelineProvider.java:lambda$create$4(163)) - Send pipeline:PipelineID=fd2f00bf-22b3-4e2f-b9e5-d9f9b50746ff create command to datanode 0e75b48c-d7aa-4e03-80ae-8a3dbbfa9a5f
2019-10-29 17:00:00,215 [RatisPipelineUtilsThread] INFO  pipeline.RatisPipelineProvider (RatisPipelineProvider.java:lambda$create$4(163)) - Send pipeline:PipelineID=fd2f00bf-22b3-4e2f-b9e5-d9f9b50746ff create command to datanode 232051d8-5931-42a0-96bb-6f6ade3885cb
2019-10-29 17:00:00,216 [RatisPipelineUtilsThread] INFO  pipeline.RatisPipelineProvider (RatisPipelineProvider.java:lambda$create$4(163)) - Send pipeline:PipelineID=fd2f00bf-22b3-4e2f-b9e5-d9f9b50746ff create command to datanode 1af067e9-5d8b-4781-8606-882f77d13ba4
2019-10-29 17:00:01,214 [main] INFO  ozone.MiniOzoneClusterImpl (MiniOzoneClusterImpl.java:lambda$waitForClusterToBeReady$0(149)) - Nodes are ready. Got 3 of 3 DN Heartbeats.
2019-10-29 17:00:01,214 [main] INFO  ozone.MiniOzoneClusterImpl (MiniOzoneClusterImpl.java:lambda$waitForClusterToBeReady$0(152)) - Waiting for cluster to exit safe mode
2019-10-29 17:00:02,215 [main] INFO  ozone.MiniOzoneClusterImpl (MiniOzoneClusterImpl.java:lambda$waitForClusterToBeReady$0(149)) - Nodes are ready. Got 3 of 3 DN Heartbeats.
2019-10-29 17:00:02,215 [main] INFO  ozone.MiniOzoneClusterImpl (MiniOzoneClusterImpl.java:lambda$waitForClusterToBeReady$0(152)) - Waiting for cluster to exit safe mode
2019-10-29 17:00:03,058 [Command processor thread] INFO  impl.RaftServerProxy (RaftServerProxy.java:addNew(89)) - 1af067e9-5d8b-4781-8606-882f77d13ba4: addNew group-12D4D8A854AA:[1af067e9-5d8b-4781-8606-882f77d13ba4:192.168.164.217:40841] returns group-12D4D8A854AA:java.util.concurrent.CompletableFuture@34856227[Not completed]
2019-10-29 17:00:03,084 [pool-27-thread-1] INFO  impl.RaftServerImpl (RaftServerImpl.java:<init>(98)) - 1af067e9-5d8b-4781-8606-882f77d13ba4: new RaftServerImpl for group-12D4D8A854AA:[1af067e9-5d8b-4781-8606-882f77d13ba4:192.168.164.217:40841] with ContainerStateMachine:uninitialized
2019-10-29 17:00:03,087 [pool-27-thread-1] INFO  server.RaftServerConfigKeys (ConfUtils.java:logGet(43)) - raft.server.rpc.timeout.min = 5s (custom)
2019-10-29 17:00:03,088 [pool-27-thread-1] INFO  server.RaftServerConfigKeys (ConfUtils.java:logGet(43)) - raft.server.rpc.timeout.max = 5200ms (custom)
2019-10-29 17:00:03,089 [pool-27-thread-1] INFO  server.RaftServerConfigKeys (ConfUtils.java:logGet(43)) - raft.server.rpcslowness.timeout = 120s (custom)
2019-10-29 17:00:03,090 [pool-27-thread-1] INFO  server.RaftServerConfigKeys (ConfUtils.java:logGet(43)) - raft.server.sleep.deviation.threshold = 300 (default)
2019-10-29 17:00:03,092 [pool-27-thread-1] INFO  server.RaftServerConfigKeys (ConfUtils.java:logGet(43)) - raft.server.log.appender.install.snapshot.enabled = false (custom)
2019-10-29 17:00:03,102 [pool-27-thread-1] INFO  impl.RaftServerImpl (ServerState.java:<init>(103)) - 1af067e9-5d8b-4781-8606-882f77d13ba4@group-12D4D8A854AA: ConfigurationManager, init=-1: [1af067e9-5d8b-4781-8606-882f77d13ba4:192.168.164.217:40841], old=null, confs=<EMPTY_MAP>
2019-10-29 17:00:03,103 [pool-27-thread-1] INFO  server.RaftServerConfigKeys (ConfUtils.java:logGet(43)) - raft.server.storage.dir = [/workdir/hadoop-ozone/integration-test/target/test-dir/MiniOzoneClusterImpl-91c7dd85-16c7-46e4-98b7-e0cdfed06566/datanode-0/data/ratis] (custom)
2019-10-29 17:00:03,111 [pool-27-thread-1] INFO  server.RaftServerConfigKeys (ConfUtils.java:logGet(43)) - raft.server.log.corruption.policy = EXCEPTION (default)
2019-10-29 17:00:03,113 [pool-27-thread-1] INFO  storage.RaftStorageDirectory (RaftStorageDirectory.java:analyzeStorage(246)) - The storage directory /workdir/hadoop-ozone/integration-test/target/test-dir/MiniOzoneClusterImpl-91c7dd85-16c7-46e4-98b7-e0cdfed06566/datanode-0/data/ratis/6f401cdb-c70a-49d9-8f09-12d4d8a854aa does not exist. Creating ...
2019-10-29 17:00:03,116 [Command processor thread] INFO  impl.RaftServerProxy (RaftServerProxy.java:addNew(89)) - 0e75b48c-d7aa-4e03-80ae-8a3dbbfa9a5f: addNew group-D785EE2B86F3:[0e75b48c-d7aa-4e03-80ae-8a3dbbfa9a5f:192.168.164.217:44576] returns group-D785EE2B86F3:java.util.concurrent.CompletableFuture@1b0a8997[Not completed]
2019-10-29 17:00:03,142 [pool-37-thread-1] INFO  impl.RaftServerImpl (RaftServerImpl.java:<init>(98)) - 0e75b48c-d7aa-4e03-80ae-8a3dbbfa9a5f: new RaftServerImpl for group-D785EE2B86F3:[0e75b48c-d7aa-4e03-80ae-8a3dbbfa9a5f:192.168.164.217:44576] with ContainerStateMachine:uninitialized
2019-10-29 17:00:03,144 [pool-37-thread-1] INFO  server.RaftServerConfigKeys (ConfUtils.java:logGet(43)) - raft.server.rpc.timeout.min = 5s (custom)
2019-10-29 17:00:03,144 [pool-37-thread-1] INFO  server.RaftServerConfigKeys (ConfUtils.java:logGet(43)) - raft.server.rpc.timeout.max = 5200ms (custom)
2019-10-29 17:00:03,145 [pool-37-thread-1] INFO  server.RaftServerConfigKeys (ConfUtils.java:logGet(43)) - raft.server.rpcslowness.timeout = 120s (custom)
2019-10-29 17:00:03,145 [pool-37-thread-1] INFO  server.RaftServerConfigKeys (ConfUtils.java:logGet(43)) - raft.server.sleep.deviation.threshold = 300 (default)
2019-10-29 17:00:03,145 [pool-37-thread-1] INFO  server.RaftServerConfigKeys (ConfUtils.java:logGet(43)) - raft.server.log.appender.install.snapshot.enabled = false (custom)
2019-10-29 17:00:03,145 [pool-37-thread-1] INFO  impl.RaftServerImpl (ServerState.java:<init>(103)) - 0e75b48c-d7aa-4e03-80ae-8a3dbbfa9a5f@group-D785EE2B86F3: ConfigurationManager, init=-1: [0e75b48c-d7aa-4e03-80ae-8a3dbbfa9a5f:192.168.164.217:44576], old=null, confs=<EMPTY_MAP>
2019-10-29 17:00:03,146 [pool-37-thread-1] INFO  server.RaftServerConfigKeys (ConfUtils.java:logGet(43)) - raft.server.storage.dir = [/workdir/hadoop-ozone/integration-test/target/test-dir/MiniOzoneClusterImpl-91c7dd85-16c7-46e4-98b7-e0cdfed06566/datanode-1/data/ratis] (custom)
2019-10-29 17:00:03,146 [pool-37-thread-1] INFO  server.RaftServerConfigKeys (ConfUtils.java:logGet(43)) - raft.server.log.corruption.policy = EXCEPTION (default)
2019-10-29 17:00:03,146 [pool-37-thread-1] INFO  storage.RaftStorageDirectory (RaftStorageDirectory.java:analyzeStorage(246)) - The storage directory /workdir/hadoop-ozone/integration-test/target/test-dir/MiniOzoneClusterImpl-91c7dd85-16c7-46e4-98b7-e0cdfed06566/datanode-1/data/ratis/c8d9ca7a-9fbe-4d4b-8ebf-d785ee2b86f3 does not exist. Creating ...
2019-10-29 17:00:03,167 [pool-27-thread-1] INFO  storage.RaftStorageDirectory (RaftStorageDirectory.java:tryLock(328)) - Lock on /workdir/hadoop-ozone/integration-test/target/test-dir/MiniOzoneClusterImpl-91c7dd85-16c7-46e4-98b7-e0cdfed06566/datanode-0/data/ratis/6f401cdb-c70a-49d9-8f09-12d4d8a854aa/in_use.lock acquired by nodename 24299@pr-hdds-2034-76npd-2451761435
2019-10-29 17:00:03,167 [pool-37-thread-1] INFO  storage.RaftStorageDirectory (RaftStorageDirectory.java:tryLock(328)) - Lock on /workdir/hadoop-ozone/integration-test/target/test-dir/MiniOzoneClusterImpl-91c7dd85-16c7-46e4-98b7-e0cdfed06566/datanode-1/data/ratis/c8d9ca7a-9fbe-4d4b-8ebf-d785ee2b86f3/in_use.lock acquired by nodename 24299@pr-hdds-2034-76npd-2451761435
2019-10-29 17:00:03,185 [pool-37-thread-1] INFO  storage.RaftStorage (RaftStorage.java:format(84)) - Storage directory /workdir/hadoop-ozone/integration-test/target/test-dir/MiniOzoneClusterImpl-91c7dd85-16c7-46e4-98b7-e0cdfed06566/datanode-1/data/ratis/c8d9ca7a-9fbe-4d4b-8ebf-d785ee2b86f3 has been successfully formatted.
2019-10-29 17:00:03,185 [pool-27-thread-1] INFO  storage.RaftStorage (RaftStorage.java:format(84)) - Storage directory /workdir/hadoop-ozone/integration-test/target/test-dir/MiniOzoneClusterImpl-91c7dd85-16c7-46e4-98b7-e0cdfed06566/datanode-0/data/ratis/6f401cdb-c70a-49d9-8f09-12d4d8a854aa has been successfully formatted.
2019-10-29 17:00:03,190 [pool-37-thread-1] INFO  ratis.ContainerStateMachine (ContainerStateMachine.java:loadSnapshot(231)) - group-D785EE2B86F3: The snapshot info is null. Setting the last applied indexto:(t:0, i:~)
2019-10-29 17:00:03,190 [pool-27-thread-1] INFO  ratis.ContainerStateMachine (ContainerStateMachine.java:loadSnapshot(231)) - group-12D4D8A854AA: The snapshot info is null. Setting the last applied indexto:(t:0, i:~)
2019-10-29 17:00:03,191 [pool-37-thread-1] INFO  server.RaftServerConfigKeys (ConfUtils.java:logGet(43)) - raft.server.notification.no-leader.timeout = 120s (custom)
2019-10-29 17:00:03,191 [pool-27-thread-1] INFO  server.RaftServerConfigKeys (ConfUtils.java:logGet(43)) - raft.server.notification.no-leader.timeout = 120s (custom)
2019-10-29 17:00:03,195 [pool-37-thread-1] INFO  server.RaftServerConfigKeys (ConfUtils.java:logGet(43)) - raft.server.log.use.memory = false (default)
2019-10-29 17:00:03,195 [pool-27-thread-1] INFO  server.RaftServerConfigKeys (ConfUtils.java:logGet(43)) - raft.server.log.use.memory = false (default)
2019-10-29 17:00:03,203 [pool-27-thread-1] INFO  server.RaftServerConfigKeys (ConfUtils.java:logGet(43)) - raft.server.log.purge.gap = 1000000 (custom)
2019-10-29 17:00:03,203 [pool-37-thread-1] INFO  server.RaftServerConfigKeys (ConfUtils.java:logGet(43)) - raft.server.log.purge.gap = 1000000 (custom)
2019-10-29 17:00:03,203 [pool-27-thread-1] INFO  server.RaftServerConfigKeys (ConfUtils.java:logGet(43)) - raft.server.log.appender.buffer.byte-limit = 33554432 (custom)
2019-10-29 17:00:03,203 [pool-37-thread-1] INFO  server.RaftServerConfigKeys (ConfUtils.java:logGet(43)) - raft.server.log.appender.buffer.byte-limit = 33554432 (custom)
2019-10-29 17:00:03,205 [pool-27-thread-1] INFO  server.RaftServerConfigKeys (ConfUtils.java:logGet(43)) - raft.server.log.segment.size.max = 1048576 (custom)
2019-10-29 17:00:03,205 [pool-37-thread-1] INFO  server.RaftServerConfigKeys (ConfUtils.java:logGet(43)) - raft.server.log.segment.size.max = 1048576 (custom)
2019-10-29 17:00:03,211 [Command processor thread] INFO  impl.RaftServerProxy (RaftServerProxy.java:addNew(89)) - 232051d8-5931-42a0-96bb-6f6ade3885cb: addNew group-7008E341C953:[232051d8-5931-42a0-96bb-6f6ade3885cb:192.168.164.217:38775] returns group-7008E341C953:java.util.concurrent.CompletableFuture@3ae47369[Not completed]
2019-10-29 17:00:03,220 [main] INFO  ozone.MiniOzoneClusterImpl (MiniOzoneClusterImpl.java:lambda$waitForClusterToBeReady$0(149)) - Nodes are ready. Got 3 of 3 DN Heartbeats.
2019-10-29 17:00:03,229 [main] INFO  ozone.MiniOzoneClusterImpl (MiniOzoneClusterImpl.java:lambda$waitForClusterToBeReady$0(152)) - Waiting for cluster to exit safe mode
2019-10-29 17:00:03,230 [pool-47-thread-1] INFO  impl.RaftServerImpl (RaftServerImpl.java:<init>(98)) - 232051d8-5931-42a0-96bb-6f6ade3885cb: new RaftServerImpl for group-7008E341C953:[232051d8-5931-42a0-96bb-6f6ade3885cb:192.168.164.217:38775] with ContainerStateMachine:uninitialized
2019-10-29 17:00:03,231 [pool-47-thread-1] INFO  server.RaftServerConfigKeys (ConfUtils.java:logGet(43)) - raft.server.rpc.timeout.min = 5s (custom)
2019-10-29 17:00:03,232 [pool-47-thread-1] INFO  server.RaftServerConfigKeys (ConfUtils.java:logGet(43)) - raft.server.rpc.timeout.max = 5200ms (custom)
2019-10-29 17:00:03,232 [pool-27-thread-1] INFO  metrics.MetricRegistries (MetricRegistriesLoader.java:load(64)) - Loaded MetricRegistries class org.apache.ratis.metrics.impl.MetricRegistriesImpl
2019-10-29 17:00:03,232 [pool-47-thread-1] INFO  server.RaftServerConfigKeys (ConfUtils.java:logGet(43)) - raft.server.rpcslowness.timeout = 120s (custom)
2019-10-29 17:00:03,232 [pool-47-thread-1] INFO  server.RaftServerConfigKeys (ConfUtils.java:logGet(43)) - raft.server.sleep.deviation.threshold = 300 (default)
2019-10-29 17:00:03,233 [pool-47-thread-1] INFO  server.RaftServerConfigKeys (ConfUtils.java:logGet(43)) - raft.server.log.appender.install.snapshot.enabled = false (custom)
2019-10-29 17:00:03,233 [pool-47-thread-1] INFO  impl.RaftServerImpl (ServerState.java:<init>(103)) - 232051d8-5931-42a0-96bb-6f6ade3885cb@group-7008E341C953: ConfigurationManager, init=-1: [232051d8-5931-42a0-96bb-6f6ade3885cb:192.168.164.217:38775], old=null, confs=<EMPTY_MAP>
2019-10-29 17:00:03,233 [pool-47-thread-1] INFO  server.RaftServerConfigKeys (ConfUtils.java:logGet(43)) - raft.server.storage.dir = [/workdir/hadoop-ozone/integration-test/target/test-dir/MiniOzoneClusterImpl-91c7dd85-16c7-46e4-98b7-e0cdfed06566/datanode-2/data/ratis] (custom)
2019-10-29 17:00:03,234 [pool-47-thread-1] INFO  server.RaftServerConfigKeys (ConfUtils.java:logGet(43)) - raft.server.log.corruption.policy = EXCEPTION (default)
2019-10-29 17:00:03,234 [pool-47-thread-1] INFO  storage.RaftStorageDirectory (RaftStorageDirectory.java:analyzeStorage(246)) - The storage directory /workdir/hadoop-ozone/integration-test/target/test-dir/MiniOzoneClusterImpl-91c7dd85-16c7-46e4-98b7-e0cdfed06566/datanode-2/data/ratis/95e40222-bf4d-418a-a32c-7008e341c953 does not exist. Creating ...
2019-10-29 17:00:03,236 [pool-27-thread-1] WARN  impl.MetricRegistriesImpl (MetricRegistriesImpl.java:lambda$create$1(61)) - First MetricRegistry has been created without registering reporters. You may need to call MetricRegistries.global().addReportRegistration(...) before.
2019-10-29 17:00:03,236 [pool-37-thread-1] WARN  impl.MetricRegistriesImpl (MetricRegistriesImpl.java:lambda$create$1(61)) - First MetricRegistry has been created without registering reporters. You may need to call MetricRegistries.global().addReportRegistration(...) before.
2019-10-29 17:00:03,244 [pool-27-thread-1] INFO  server.RaftServerConfigKeys (ConfUtils.java:logGet(43)) - raft.server.log.segment.cache.num.max = 2 (custom)
2019-10-29 17:00:03,244 [pool-37-thread-1] INFO  server.RaftServerConfigKeys (ConfUtils.java:logGet(43)) - raft.server.log.segment.cache.num.max = 2 (custom)
2019-10-29 17:00:03,247 [pool-47-thread-1] INFO  storage.RaftStorageDirectory (RaftStorageDirectory.java:tryLock(328)) - Lock on /workdir/hadoop-ozone/integration-test/target/test-dir/MiniOzoneClusterImpl-91c7dd85-16c7-46e4-98b7-e0cdfed06566/datanode-2/data/ratis/95e40222-bf4d-418a-a32c-7008e341c953/in_use.lock acquired by nodename 24299@pr-hdds-2034-76npd-2451761435
2019-10-29 17:00:03,249 [pool-27-thread-1] INFO  segmented.SegmentedRaftLogWorker (SegmentedRaftLogWorker.java:<init>(173)) - new 1af067e9-5d8b-4781-8606-882f77d13ba4@group-12D4D8A854AA-SegmentedRaftLogWorker for RaftStorage:Storage Directory /workdir/hadoop-ozone/integration-test/target/test-dir/MiniOzoneClusterImpl-91c7dd85-16c7-46e4-98b7-e0cdfed06566/datanode-0/data/ratis/6f401cdb-c70a-49d9-8f09-12d4d8a854aa
2019-10-29 17:00:03,249 [pool-37-thread-1] INFO  segmented.SegmentedRaftLogWorker (SegmentedRaftLogWorker.java:<init>(173)) - new 0e75b48c-d7aa-4e03-80ae-8a3dbbfa9a5f@group-D785EE2B86F3-SegmentedRaftLogWorker for RaftStorage:Storage Directory /workdir/hadoop-ozone/integration-test/target/test-dir/MiniOzoneClusterImpl-91c7dd85-16c7-46e4-98b7-e0cdfed06566/datanode-1/data/ratis/c8d9ca7a-9fbe-4d4b-8ebf-d785ee2b86f3
2019-10-29 17:00:03,250 [pool-27-thread-1] INFO  server.RaftServerConfigKeys (ConfUtils.java:logGet(43)) - raft.server.log.queue.byte-limit = 2147483647 (custom)
2019-10-29 17:00:03,250 [pool-37-thread-1] INFO  server.RaftServerConfigKeys (ConfUtils.java:logGet(43)) - raft.server.log.queue.byte-limit = 2147483647 (custom)
2019-10-29 17:00:03,251 [pool-27-thread-1] INFO  server.RaftServerConfigKeys (ConfUtils.java:logGet(43)) - raft.server.log.queue.element-limit = 1024 (custom)
2019-10-29 17:00:03,251 [pool-37-thread-1] INFO  server.RaftServerConfigKeys (ConfUtils.java:logGet(43)) - raft.server.log.queue.element-limit = 1024 (custom)
2019-10-29 17:00:03,252 [pool-27-thread-1] INFO  server.RaftServerConfigKeys (ConfUtils.java:logGet(43)) - raft.server.log.segment.size.max = 1048576 (custom)
2019-10-29 17:00:03,252 [pool-37-thread-1] INFO  server.RaftServerConfigKeys (ConfUtils.java:logGet(43)) - raft.server.log.segment.size.max = 1048576 (custom)
2019-10-29 17:00:03,253 [pool-27-thread-1] INFO  server.RaftServerConfigKeys (ConfUtils.java:logGet(43)) - raft.server.log.preallocated.size = 16384 (custom)
2019-10-29 17:00:03,253 [pool-37-thread-1] INFO  server.RaftServerConfigKeys (ConfUtils.java:logGet(43)) - raft.server.log.preallocated.size = 16384 (custom)
2019-10-29 17:00:03,253 [pool-27-thread-1] INFO  server.RaftServerConfigKeys (ConfUtils.java:logGet(43)) - raft.server.log.write.buffer.size = 33554432 (custom)
2019-10-29 17:00:03,254 [pool-37-thread-1] INFO  server.RaftServerConfigKeys (ConfUtils.java:logGet(43)) - raft.server.log.write.buffer.size = 33554432 (custom)
2019-10-29 17:00:03,254 [pool-27-thread-1] INFO  server.RaftServerConfigKeys (ConfUtils.java:logGet(43)) - raft.server.log.force.sync.num = 128 (default)
2019-10-29 17:00:03,254 [pool-37-thread-1] INFO  server.RaftServerConfigKeys (ConfUtils.java:logGet(43)) - raft.server.log.force.sync.num = 128 (default)
2019-10-29 17:00:03,255 [pool-27-thread-1] INFO  server.RaftServerConfigKeys (ConfUtils.java:logGet(43)) - raft.server.log.statemachine.data.sync = true (default)
2019-10-29 17:00:03,255 [pool-37-thread-1] INFO  server.RaftServerConfigKeys (ConfUtils.java:logGet(43)) - raft.server.log.statemachine.data.sync = true (default)
2019-10-29 17:00:03,255 [pool-27-thread-1] INFO  server.RaftServerConfigKeys (ConfUtils.java:logGet(43)) - raft.server.log.statemachine.data.sync.timeout = 10s (default)
2019-10-29 17:00:03,256 [pool-37-thread-1] INFO  server.RaftServerConfigKeys (ConfUtils.java:logGet(43)) - raft.server.log.statemachine.data.sync.timeout = 10s (default)
2019-10-29 17:00:03,256 [pool-27-thread-1] INFO  server.RaftServerConfigKeys (ConfUtils.java:logGet(43)) - raft.server.log.statemachine.data.sync.timeout.retry = -1 (default)
2019-10-29 17:00:03,256 [pool-37-thread-1] INFO  server.RaftServerConfigKeys (ConfUtils.java:logGet(43)) - raft.server.log.statemachine.data.sync.timeout.retry = -1 (default)
2019-10-29 17:00:03,260 [pool-47-thread-1] INFO  storage.RaftStorage (RaftStorage.java:format(84)) - Storage directory /workdir/hadoop-ozone/integration-test/target/test-dir/MiniOzoneClusterImpl-91c7dd85-16c7-46e4-98b7-e0cdfed06566/datanode-2/data/ratis/95e40222-bf4d-418a-a32c-7008e341c953 has been successfully formatted.
2019-10-29 17:00:03,260 [pool-47-thread-1] INFO  ratis.ContainerStateMachine (ContainerStateMachine.java:loadSnapshot(231)) - group-7008E341C953: The snapshot info is null. Setting the last applied indexto:(t:0, i:~)
2019-10-29 17:00:03,260 [pool-47-thread-1] INFO  server.RaftServerConfigKeys (ConfUtils.java:logGet(43)) - raft.server.notification.no-leader.timeout = 120s (custom)
2019-10-29 17:00:03,261 [pool-47-thread-1] INFO  server.RaftServerConfigKeys (ConfUtils.java:logGet(43)) - raft.server.log.use.memory = false (default)
2019-10-29 17:00:03,261 [pool-47-thread-1] INFO  server.RaftServerConfigKeys (ConfUtils.java:logGet(43)) - raft.server.log.purge.gap = 1000000 (custom)
2019-10-29 17:00:03,261 [pool-47-thread-1] INFO  server.RaftServerConfigKeys (ConfUtils.java:logGet(43)) - raft.server.log.appender.buffer.byte-limit = 33554432 (custom)
2019-10-29 17:00:03,261 [pool-47-thread-1] INFO  server.RaftServerConfigKeys (ConfUtils.java:logGet(43)) - raft.server.log.segment.size.max = 1048576 (custom)
2019-10-29 17:00:03,261 [pool-47-thread-1] WARN  impl.MetricRegistriesImpl (MetricRegistriesImpl.java:lambda$create$1(61)) - First MetricRegistry has been created without registering reporters. You may need to call MetricRegistries.global().addReportRegistration(...) before.
2019-10-29 17:00:03,262 [pool-47-thread-1] INFO  server.RaftServerConfigKeys (ConfUtils.java:logGet(43)) - raft.server.log.segment.cache.num.max = 2 (custom)
2019-10-29 17:00:03,262 [pool-47-thread-1] INFO  segmented.SegmentedRaftLogWorker (SegmentedRaftLogWorker.java:<init>(173)) - new 232051d8-5931-42a0-96bb-6f6ade3885cb@group-7008E341C953-SegmentedRaftLogWorker for RaftStorage:Storage Directory /workdir/hadoop-ozone/integration-test/target/test-dir/MiniOzoneClusterImpl-91c7dd85-16c7-46e4-98b7-e0cdfed06566/datanode-2/data/ratis/95e40222-bf4d-418a-a32c-7008e341c953
2019-10-29 17:00:03,262 [pool-47-thread-1] INFO  server.RaftServerConfigKeys (ConfUtils.java:logGet(43)) - raft.server.log.queue.byte-limit = 2147483647 (custom)
2019-10-29 17:00:03,262 [pool-47-thread-1] INFO  server.RaftServerConfigKeys (ConfUtils.java:logGet(43)) - raft.server.log.queue.element-limit = 1024 (custom)
2019-10-29 17:00:03,263 [pool-47-thread-1] INFO  server.RaftServerConfigKeys (ConfUtils.java:logGet(43)) - raft.server.log.segment.size.max = 1048576 (custom)
2019-10-29 17:00:03,263 [pool-47-thread-1] INFO  server.RaftServerConfigKeys (ConfUtils.java:logGet(43)) - raft.server.log.preallocated.size = 16384 (custom)
2019-10-29 17:00:03,263 [pool-47-thread-1] INFO  server.RaftServerConfigKeys (ConfUtils.java:logGet(43)) - raft.server.log.write.buffer.size = 33554432 (custom)
2019-10-29 17:00:03,263 [pool-47-thread-1] INFO  server.RaftServerConfigKeys (ConfUtils.java:logGet(43)) - raft.server.log.force.sync.num = 128 (default)
2019-10-29 17:00:03,263 [pool-47-thread-1] INFO  server.RaftServerConfigKeys (ConfUtils.java:logGet(43)) - raft.server.log.statemachine.data.sync = true (default)
2019-10-29 17:00:03,264 [pool-47-thread-1] INFO  server.RaftServerConfigKeys (ConfUtils.java:logGet(43)) - raft.server.log.statemachine.data.sync.timeout = 10s (default)
2019-10-29 17:00:03,264 [pool-47-thread-1] INFO  server.RaftServerConfigKeys (ConfUtils.java:logGet(43)) - raft.server.log.statemachine.data.sync.timeout.retry = -1 (default)
2019-10-29 17:00:03,269 [pool-27-thread-1] INFO  server.RaftServerConfigKeys (ConfUtils.java:logGet(43)) - raft.server.log.statemachine.data.caching.enabled = true (custom)
2019-10-29 17:00:03,269 [pool-47-thread-1] INFO  server.RaftServerConfigKeys (ConfUtils.java:logGet(43)) - raft.server.log.statemachine.data.caching.enabled = true (custom)
2019-10-29 17:00:03,269 [pool-37-thread-1] INFO  server.RaftServerConfigKeys (ConfUtils.java:logGet(43)) - raft.server.log.statemachine.data.caching.enabled = true (custom)
2019-10-29 17:00:03,279 [pool-37-thread-1] INFO  segmented.SegmentedRaftLogWorker (SegmentedRaftLogWorker.java:lambda$new$0(128)) - 0e75b48c-d7aa-4e03-80ae-8a3dbbfa9a5f@group-D785EE2B86F3-SegmentedRaftLogWorker: flushIndex: setUnconditionally 0 -> -1
2019-10-29 17:00:03,279 [pool-47-thread-1] INFO  segmented.SegmentedRaftLogWorker (SegmentedRaftLogWorker.java:lambda$new$0(128)) - 232051d8-5931-42a0-96bb-6f6ade3885cb@group-7008E341C953-SegmentedRaftLogWorker: flushIndex: setUnconditionally 0 -> -1
2019-10-29 17:00:03,279 [pool-27-thread-1] INFO  segmented.SegmentedRaftLogWorker (SegmentedRaftLogWorker.java:lambda$new$0(128)) - 1af067e9-5d8b-4781-8606-882f77d13ba4@group-12D4D8A854AA-SegmentedRaftLogWorker: flushIndex: setUnconditionally 0 -> -1
2019-10-29 17:00:03,287 [pool-37-thread-1] INFO  server.RaftServerConfigKeys (ConfUtils.java:logGet(43)) - raft.server.snapshot.auto.trigger.enabled = true (custom)
2019-10-29 17:00:03,287 [pool-47-thread-1] INFO  server.RaftServerConfigKeys (ConfUtils.java:logGet(43)) - raft.server.snapshot.auto.trigger.enabled = true (custom)
2019-10-29 17:00:03,287 [pool-27-thread-1] INFO  server.RaftServerConfigKeys (ConfUtils.java:logGet(43)) - raft.server.snapshot.auto.trigger.enabled = true (custom)
2019-10-29 17:00:03,288 [pool-37-thread-1] INFO  server.RaftServerConfigKeys (ConfUtils.java:logGet(43)) - raft.server.snapshot.auto.trigger.threshold = 10000 (custom)
2019-10-29 17:00:03,288 [pool-47-thread-1] INFO  server.RaftServerConfigKeys (ConfUtils.java:logGet(43)) - raft.server.snapshot.auto.trigger.threshold = 10000 (custom)
2019-10-29 17:00:03,288 [pool-27-thread-1] INFO  server.RaftServerConfigKeys (ConfUtils.java:logGet(43)) - raft.server.snapshot.auto.trigger.threshold = 10000 (custom)
2019-10-29 17:00:03,289 [pool-37-thread-1] INFO  server.RaftServerConfigKeys (ConfUtils.java:logGet(43)) - raft.server.snapshot.retention.file.num = 5 (custom)
2019-10-29 17:00:03,289 [pool-47-thread-1] INFO  server.RaftServerConfigKeys (ConfUtils.java:logGet(43)) - raft.server.snapshot.retention.file.num = 5 (custom)
2019-10-29 17:00:03,289 [pool-27-thread-1] INFO  server.RaftServerConfigKeys (ConfUtils.java:logGet(43)) - raft.server.snapshot.retention.file.num = 5 (custom)
2019-10-29 17:00:03,290 [pool-37-thread-1] INFO  server.RaftServerConfigKeys (ConfUtils.java:logGet(43)) - raft.server.retrycache.expirytime = 600000ms (custom)
2019-10-29 17:00:03,290 [pool-27-thread-1] INFO  server.RaftServerConfigKeys (ConfUtils.java:logGet(43)) - raft.server.retrycache.expirytime = 600000ms (custom)
2019-10-29 17:00:03,290 [pool-47-thread-1] INFO  server.RaftServerConfigKeys (ConfUtils.java:logGet(43)) - raft.server.retrycache.expirytime = 600000ms (custom)
2019-10-29 17:00:03,312 [pool-47-thread-1] WARN  impl.MetricRegistriesImpl (MetricRegistriesImpl.java:lambda$create$1(61)) - First MetricRegistry has been created without registering reporters. You may need to call MetricRegistries.global().addReportRegistration(...) before.
2019-10-29 17:00:03,312 [pool-37-thread-1] WARN  impl.MetricRegistriesImpl (MetricRegistriesImpl.java:lambda$create$1(61)) - First MetricRegistry has been created without registering reporters. You may need to call MetricRegistries.global().addReportRegistration(...) before.
2019-10-29 17:00:03,312 [pool-27-thread-1] WARN  impl.MetricRegistriesImpl (MetricRegistriesImpl.java:lambda$create$1(61)) - First MetricRegistry has been created without registering reporters. You may need to call MetricRegistries.global().addReportRegistration(...) before.
2019-10-29 17:00:03,314 [pool-37-thread-1] WARN  impl.MetricRegistriesImpl (MetricRegistriesImpl.java:lambda$create$1(61)) - First MetricRegistry has been created without registering reporters. You may need to call MetricRegistries.global().addReportRegistration(...) before.
2019-10-29 17:00:03,314 [pool-47-thread-1] WARN  impl.MetricRegistriesImpl (MetricRegistriesImpl.java:lambda$create$1(61)) - First MetricRegistry has been created without registering reporters. You may need to call MetricRegistries.global().addReportRegistration(...) before.
2019-10-29 17:00:03,314 [pool-27-thread-1] WARN  impl.MetricRegistriesImpl (MetricRegistriesImpl.java:lambda$create$1(61)) - First MetricRegistry has been created without registering reporters. You may need to call MetricRegistries.global().addReportRegistration(...) before.
2019-10-29 17:00:03,317 [pool-37-thread-1] INFO  impl.RaftServerImpl (RaftServerImpl.java:start(184)) - 0e75b48c-d7aa-4e03-80ae-8a3dbbfa9a5f@group-D785EE2B86F3: start as a follower, conf=-1: [0e75b48c-d7aa-4e03-80ae-8a3dbbfa9a5f:192.168.164.217:44576], old=null
2019-10-29 17:00:03,317 [pool-27-thread-1] INFO  impl.RaftServerImpl (RaftServerImpl.java:start(184)) - 1af067e9-5d8b-4781-8606-882f77d13ba4@group-12D4D8A854AA: start as a follower, conf=-1: [1af067e9-5d8b-4781-8606-882f77d13ba4:192.168.164.217:40841], old=null
2019-10-29 17:00:03,317 [pool-47-thread-1] INFO  impl.RaftServerImpl (RaftServerImpl.java:start(184)) - 232051d8-5931-42a0-96bb-6f6ade3885cb@group-7008E341C953: start as a follower, conf=-1: [232051d8-5931-42a0-96bb-6f6ade3885cb:192.168.164.217:38775], old=null
2019-10-29 17:00:03,318 [pool-27-thread-1] INFO  impl.RaftServerImpl (RaftServerImpl.java:setRole(173)) - 1af067e9-5d8b-4781-8606-882f77d13ba4@group-12D4D8A854AA: changes role from      null to FOLLOWER at term 0 for startAsFollower
2019-10-29 17:00:03,318 [pool-47-thread-1] INFO  impl.RaftServerImpl (RaftServerImpl.java:setRole(173)) - 232051d8-5931-42a0-96bb-6f6ade3885cb@group-7008E341C953: changes role from      null to FOLLOWER at term 0 for startAsFollower
2019-10-29 17:00:03,318 [pool-37-thread-1] INFO  impl.RaftServerImpl (RaftServerImpl.java:setRole(173)) - 0e75b48c-d7aa-4e03-80ae-8a3dbbfa9a5f@group-D785EE2B86F3: changes role from      null to FOLLOWER at term 0 for startAsFollower
2019-10-29 17:00:03,319 [pool-27-thread-1] INFO  impl.RoleInfo (RoleInfo.java:updateAndGet(143)) - 1af067e9-5d8b-4781-8606-882f77d13ba4: start FollowerState
2019-10-29 17:00:03,319 [pool-37-thread-1] INFO  impl.RoleInfo (RoleInfo.java:updateAndGet(143)) - 0e75b48c-d7aa-4e03-80ae-8a3dbbfa9a5f: start FollowerState
2019-10-29 17:00:03,319 [pool-47-thread-1] INFO  impl.RoleInfo (RoleInfo.java:updateAndGet(143)) - 232051d8-5931-42a0-96bb-6f6ade3885cb: start FollowerState
2019-10-29 17:00:03,323 [pool-27-thread-1] INFO  util.JmxRegister (JmxRegister.java:tryRegister(44)) - Successfully registered JMX Bean with object name Ratis:service=RaftServer,group=group-12D4D8A854AA,id=1af067e9-5d8b-4781-8606-882f77d13ba4
2019-10-29 17:00:03,323 [pool-37-thread-1] INFO  util.JmxRegister (JmxRegister.java:tryRegister(44)) - Successfully registered JMX Bean with object name Ratis:service=RaftServer,group=group-D785EE2B86F3,id=0e75b48c-d7aa-4e03-80ae-8a3dbbfa9a5f
2019-10-29 17:00:03,323 [pool-47-thread-1] INFO  util.JmxRegister (JmxRegister.java:tryRegister(44)) - Successfully registered JMX Bean with object name Ratis:service=RaftServer,group=group-7008E341C953,id=232051d8-5931-42a0-96bb-6f6ade3885cb
2019-10-29 17:00:03,325 [pool-37-thread-1] WARN  impl.MetricRegistriesImpl (MetricRegistriesImpl.java:lambda$create$1(61)) - First MetricRegistry has been created without registering reporters. You may need to call MetricRegistries.global().addReportRegistration(...) before.
2019-10-29 17:00:03,325 [pool-47-thread-1] WARN  impl.MetricRegistriesImpl (MetricRegistriesImpl.java:lambda$create$1(61)) - First MetricRegistry has been created without registering reporters. You may need to call MetricRegistries.global().addReportRegistration(...) before.
2019-10-29 17:00:03,325 [pool-27-thread-1] WARN  impl.MetricRegistriesImpl (MetricRegistriesImpl.java:lambda$create$1(61)) - First MetricRegistry has been created without registering reporters. You may need to call MetricRegistries.global().addReportRegistration(...) before.
2019-10-29 17:00:03,339 [Command processor thread] INFO  commandhandler.CreatePipelineCommandHandler (CreatePipelineCommandHandler.java:handle(86)) - Create Pipeline RATIS ONE #id: "6f401cdb-c70a-49d9-8f09-12d4d8a854aa"
 command succeed on datanode 1af067e9-5d8b-4781-8606-882f77d13ba4.
2019-10-29 17:00:03,339 [Command processor thread] INFO  commandhandler.CreatePipelineCommandHandler (CreatePipelineCommandHandler.java:handle(86)) - Create Pipeline RATIS ONE #id: "c8d9ca7a-9fbe-4d4b-8ebf-d785ee2b86f3"
 command succeed on datanode 0e75b48c-d7aa-4e03-80ae-8a3dbbfa9a5f.
2019-10-29 17:00:03,339 [Command processor thread] INFO  commandhandler.CreatePipelineCommandHandler (CreatePipelineCommandHandler.java:handle(86)) - Create Pipeline RATIS ONE #id: "95e40222-bf4d-418a-a32c-7008e341c953"
 command succeed on datanode 232051d8-5931-42a0-96bb-6f6ade3885cb.
2019-10-29 17:00:03,346 [Command processor thread] INFO  impl.RaftServerProxy (RaftServerProxy.java:addNew(89)) - 1af067e9-5d8b-4781-8606-882f77d13ba4: addNew group-D9F9B50746FF:[0e75b48c-d7aa-4e03-80ae-8a3dbbfa9a5f:192.168.164.217:44576, 1af067e9-5d8b-4781-8606-882f77d13ba4:192.168.164.217:40841, 232051d8-5931-42a0-96bb-6f6ade3885cb:192.168.164.217:38775] returns group-D9F9B50746FF:java.util.concurrent.CompletableFuture@2325012d[Not completed]
2019-10-29 17:00:03,346 [Command processor thread] INFO  impl.RaftServerProxy (RaftServerProxy.java:addNew(89)) - 232051d8-5931-42a0-96bb-6f6ade3885cb: addNew group-D9F9B50746FF:[0e75b48c-d7aa-4e03-80ae-8a3dbbfa9a5f:192.168.164.217:44576, 1af067e9-5d8b-4781-8606-882f77d13ba4:192.168.164.217:40841, 232051d8-5931-42a0-96bb-6f6ade3885cb:192.168.164.217:38775] returns group-D9F9B50746FF:java.util.concurrent.CompletableFuture@3edbe0ed[Not completed]
2019-10-29 17:00:03,346 [Command processor thread] INFO  impl.RaftServerProxy (RaftServerProxy.java:addNew(89)) - 0e75b48c-d7aa-4e03-80ae-8a3dbbfa9a5f: addNew group-D9F9B50746FF:[0e75b48c-d7aa-4e03-80ae-8a3dbbfa9a5f:192.168.164.217:44576, 1af067e9-5d8b-4781-8606-882f77d13ba4:192.168.164.217:40841, 232051d8-5931-42a0-96bb-6f6ade3885cb:192.168.164.217:38775] returns group-D9F9B50746FF:java.util.concurrent.CompletableFuture@1f351e2e[Not completed]
2019-10-29 17:00:03,349 [pool-27-thread-1] INFO  impl.RaftServerImpl (RaftServerImpl.java:<init>(98)) - 1af067e9-5d8b-4781-8606-882f77d13ba4: new RaftServerImpl for group-D9F9B50746FF:[0e75b48c-d7aa-4e03-80ae-8a3dbbfa9a5f:192.168.164.217:44576, 1af067e9-5d8b-4781-8606-882f77d13ba4:192.168.164.217:40841, 232051d8-5931-42a0-96bb-6f6ade3885cb:192.168.164.217:38775] with ContainerStateMachine:uninitialized
2019-10-29 17:00:03,349 [pool-27-thread-1] INFO  server.RaftServerConfigKeys (ConfUtils.java:logGet(43)) - raft.server.rpc.timeout.min = 5s (custom)
2019-10-29 17:00:03,350 [pool-27-thread-1] INFO  server.RaftServerConfigKeys (ConfUtils.java:logGet(43)) - raft.server.rpc.timeout.max = 5200ms (custom)
2019-10-29 17:00:03,350 [pool-27-thread-1] INFO  server.RaftServerConfigKeys (ConfUtils.java:logGet(43)) - raft.server.rpcslowness.timeout = 120s (custom)
2019-10-29 17:00:03,350 [pool-27-thread-1] INFO  server.RaftServerConfigKeys (ConfUtils.java:logGet(43)) - raft.server.sleep.deviation.threshold = 300 (default)
2019-10-29 17:00:03,350 [pool-27-thread-1] INFO  server.RaftServerConfigKeys (ConfUtils.java:logGet(43)) - raft.server.log.appender.install.snapshot.enabled = false (custom)
2019-10-29 17:00:03,350 [pool-27-thread-1] INFO  impl.RaftServerImpl (ServerState.java:<init>(103)) - 1af067e9-5d8b-4781-8606-882f77d13ba4@group-D9F9B50746FF: ConfigurationManager, init=-1: [0e75b48c-d7aa-4e03-80ae-8a3dbbfa9a5f:192.168.164.217:44576, 1af067e9-5d8b-4781-8606-882f77d13ba4:192.168.164.217:40841, 232051d8-5931-42a0-96bb-6f6ade3885cb:192.168.164.217:38775], old=null, confs=<EMPTY_MAP>
2019-10-29 17:00:03,350 [pool-27-thread-1] INFO  server.RaftServerConfigKeys (ConfUtils.java:logGet(43)) - raft.server.storage.dir = [/workdir/hadoop-ozone/integration-test/target/test-dir/MiniOzoneClusterImpl-91c7dd85-16c7-46e4-98b7-e0cdfed06566/datanode-0/data/ratis] (custom)
2019-10-29 17:00:03,350 [pool-47-thread-1] INFO  impl.RaftServerImpl (RaftServerImpl.java:<init>(98)) - 232051d8-5931-42a0-96bb-6f6ade3885cb: new RaftServerImpl for group-D9F9B50746FF:[0e75b48c-d7aa-4e03-80ae-8a3dbbfa9a5f:192.168.164.217:44576, 1af067e9-5d8b-4781-8606-882f77d13ba4:192.168.164.217:40841, 232051d8-5931-42a0-96bb-6f6ade3885cb:192.168.164.217:38775] with ContainerStateMachine:uninitialized
2019-10-29 17:00:03,351 [pool-27-thread-1] INFO  server.RaftServerConfigKeys (ConfUtils.java:logGet(43)) - raft.server.log.corruption.policy = EXCEPTION (default)
2019-10-29 17:00:03,351 [pool-47-thread-1] INFO  server.RaftServerConfigKeys (ConfUtils.java:logGet(43)) - raft.server.rpc.timeout.min = 5s (custom)
2019-10-29 17:00:03,351 [pool-27-thread-1] INFO  storage.RaftStorageDirectory (RaftStorageDirectory.java:analyzeStorage(246)) - The storage directory /workdir/hadoop-ozone/integration-test/target/test-dir/MiniOzoneClusterImpl-91c7dd85-16c7-46e4-98b7-e0cdfed06566/datanode-0/data/ratis/fd2f00bf-22b3-4e2f-b9e5-d9f9b50746ff does not exist. Creating ...
2019-10-29 17:00:03,351 [pool-47-thread-1] INFO  server.RaftServerConfigKeys (ConfUtils.java:logGet(43)) - raft.server.rpc.timeout.max = 5200ms (custom)
2019-10-29 17:00:03,351 [pool-47-thread-1] INFO  server.RaftServerConfigKeys (ConfUtils.java:logGet(43)) - raft.server.rpcslowness.timeout = 120s (custom)
2019-10-29 17:00:03,351 [pool-37-thread-1] INFO  impl.RaftServerImpl (RaftServerImpl.java:<init>(98)) - 0e75b48c-d7aa-4e03-80ae-8a3dbbfa9a5f: new RaftServerImpl for group-D9F9B50746FF:[0e75b48c-d7aa-4e03-80ae-8a3dbbfa9a5f:192.168.164.217:44576, 1af067e9-5d8b-4781-8606-882f77d13ba4:192.168.164.217:40841, 232051d8-5931-42a0-96bb-6f6ade3885cb:192.168.164.217:38775] with ContainerStateMachine:uninitialized
2019-10-29 17:00:03,351 [pool-47-thread-1] INFO  server.RaftServerConfigKeys (ConfUtils.java:logGet(43)) - raft.server.sleep.deviation.threshold = 300 (default)
2019-10-29 17:00:03,352 [pool-37-thread-1] INFO  server.RaftServerConfigKeys (ConfUtils.java:logGet(43)) - raft.server.rpc.timeout.min = 5s (custom)
2019-10-29 17:00:03,352 [pool-47-thread-1] INFO  server.RaftServerConfigKeys (ConfUtils.java:logGet(43)) - raft.server.log.appender.install.snapshot.enabled = false (custom)
2019-10-29 17:00:03,352 [pool-37-thread-1] INFO  server.RaftServerConfigKeys (ConfUtils.java:logGet(43)) - raft.server.rpc.timeout.max = 5200ms (custom)
2019-10-29 17:00:03,352 [pool-47-thread-1] INFO  impl.RaftServerImpl (ServerState.java:<init>(103)) - 232051d8-5931-42a0-96bb-6f6ade3885cb@group-D9F9B50746FF: ConfigurationManager, init=-1: [0e75b48c-d7aa-4e03-80ae-8a3dbbfa9a5f:192.168.164.217:44576, 1af067e9-5d8b-4781-8606-882f77d13ba4:192.168.164.217:40841, 232051d8-5931-42a0-96bb-6f6ade3885cb:192.168.164.217:38775], old=null, confs=<EMPTY_MAP>
2019-10-29 17:00:03,352 [pool-37-thread-1] INFO  server.RaftServerConfigKeys (ConfUtils.java:logGet(43)) - raft.server.rpcslowness.timeout = 120s (custom)
2019-10-29 17:00:03,352 [pool-37-thread-1] INFO  server.RaftServerConfigKeys (ConfUtils.java:logGet(43)) - raft.server.sleep.deviation.threshold = 300 (default)
2019-10-29 17:00:03,352 [pool-47-thread-1] INFO  server.RaftServerConfigKeys (ConfUtils.java:logGet(43)) - raft.server.storage.dir = [/workdir/hadoop-ozone/integration-test/target/test-dir/MiniOzoneClusterImpl-91c7dd85-16c7-46e4-98b7-e0cdfed06566/datanode-2/data/ratis] (custom)
2019-10-29 17:00:03,352 [pool-37-thread-1] INFO  server.RaftServerConfigKeys (ConfUtils.java:logGet(43)) - raft.server.log.appender.install.snapshot.enabled = false (custom)
2019-10-29 17:00:03,353 [pool-37-thread-1] INFO  impl.RaftServerImpl (ServerState.java:<init>(103)) - 0e75b48c-d7aa-4e03-80ae-8a3dbbfa9a5f@group-D9F9B50746FF: ConfigurationManager, init=-1: [0e75b48c-d7aa-4e03-80ae-8a3dbbfa9a5f:192.168.164.217:44576, 1af067e9-5d8b-4781-8606-882f77d13ba4:192.168.164.217:40841, 232051d8-5931-42a0-96bb-6f6ade3885cb:192.168.164.217:38775], old=null, confs=<EMPTY_MAP>
2019-10-29 17:00:03,353 [pool-47-thread-1] INFO  server.RaftServerConfigKeys (ConfUtils.java:logGet(43)) - raft.server.log.corruption.policy = EXCEPTION (default)
2019-10-29 17:00:03,353 [pool-37-thread-1] INFO  server.RaftServerConfigKeys (ConfUtils.java:logGet(43)) - raft.server.storage.dir = [/workdir/hadoop-ozone/integration-test/target/test-dir/MiniOzoneClusterImpl-91c7dd85-16c7-46e4-98b7-e0cdfed06566/datanode-1/data/ratis] (custom)
2019-10-29 17:00:03,353 [pool-47-thread-1] INFO  storage.RaftStorageDirectory (RaftStorageDirectory.java:analyzeStorage(246)) - The storage directory /workdir/hadoop-ozone/integration-test/target/test-dir/MiniOzoneClusterImpl-91c7dd85-16c7-46e4-98b7-e0cdfed06566/datanode-2/data/ratis/fd2f00bf-22b3-4e2f-b9e5-d9f9b50746ff does not exist. Creating ...
2019-10-29 17:00:03,353 [pool-37-thread-1] INFO  server.RaftServerConfigKeys (ConfUtils.java:logGet(43)) - raft.server.log.corruption.policy = EXCEPTION (default)
2019-10-29 17:00:03,353 [pool-37-thread-1] INFO  storage.RaftStorageDirectory (RaftStorageDirectory.java:analyzeStorage(246)) - The storage directory /workdir/hadoop-ozone/integration-test/target/test-dir/MiniOzoneClusterImpl-91c7dd85-16c7-46e4-98b7-e0cdfed06566/datanode-1/data/ratis/fd2f00bf-22b3-4e2f-b9e5-d9f9b50746ff does not exist. Creating ...
2019-10-29 17:00:03,360 [EventQueue-PipelineReportForPipelineReportHandler] INFO  pipeline.PipelineReportHandler (PipelineReportHandler.java:processPipelineReport(104)) - Pipeline ONE PipelineID=95e40222-bf4d-418a-a32c-7008e341c953 reported by 232051d8-5931-42a0-96bb-6f6ade3885cb{ip: 192.168.164.217, host: pr-hdds-2034-76npd-2451761435, networkLocation: /default-rack, certSerialId: null}
2019-10-29 17:00:03,361 [EventQueue-PipelineReportForPipelineReportHandler] INFO  pipeline.PipelineStateManager (PipelineStateManager.java:openPipeline(134)) - Pipeline Pipeline[ Id: 95e40222-bf4d-418a-a32c-7008e341c953, Nodes: 232051d8-5931-42a0-96bb-6f6ade3885cb{ip: 192.168.164.217, host: pr-hdds-2034-76npd-2451761435, networkLocation: /default-rack, certSerialId: null}, Type:RATIS, Factor:ONE, State:ALLOCATED] moved to OPEN state
2019-10-29 17:00:03,364 [EventQueue-OpenPipelineForHealthyPipelineSafeModeRule] INFO  safemode.SCMSafeModeManager (HealthyPipelineSafeModeRule.java:process(125)) - SCM in safe mode. Healthy pipelines reported count is 0, required healthy pipeline reported count is 1
2019-10-29 17:00:03,364 [EventQueue-PipelineReportForPipelineReportHandler] INFO  pipeline.PipelineReportHandler (PipelineReportHandler.java:processPipelineReport(104)) - Pipeline ONE PipelineID=6f401cdb-c70a-49d9-8f09-12d4d8a854aa reported by 1af067e9-5d8b-4781-8606-882f77d13ba4{ip: 192.168.164.217, host: pr-hdds-2034-76npd-2451761435, networkLocation: /default-rack, certSerialId: null}
2019-10-29 17:00:03,364 [EventQueue-OpenPipelineForOneReplicaPipelineSafeModeRule] INFO  safemode.SCMSafeModeManager (SCMSafeModeManager.java:validateSafeModeExitRules(176)) - AtleastOneDatanodeReportedRule rule is successfully validated
2019-10-29 17:00:03,364 [EventQueue-PipelineReportForPipelineReportHandler] INFO  pipeline.PipelineStateManager (PipelineStateManager.java:openPipeline(134)) - Pipeline Pipeline[ Id: 6f401cdb-c70a-49d9-8f09-12d4d8a854aa, Nodes: 1af067e9-5d8b-4781-8606-882f77d13ba4{ip: 192.168.164.217, host: pr-hdds-2034-76npd-2451761435, networkLocation: /default-rack, certSerialId: null}, Type:RATIS, Factor:ONE, State:ALLOCATED] moved to OPEN state
2019-10-29 17:00:03,365 [pool-47-thread-1] INFO  storage.RaftStorageDirectory (RaftStorageDirectory.java:tryLock(328)) - Lock on /workdir/hadoop-ozone/integration-test/target/test-dir/MiniOzoneClusterImpl-91c7dd85-16c7-46e4-98b7-e0cdfed06566/datanode-2/data/ratis/fd2f00bf-22b3-4e2f-b9e5-d9f9b50746ff/in_use.lock acquired by nodename 24299@pr-hdds-2034-76npd-2451761435
2019-10-29 17:00:03,365 [EventQueue-PipelineReportForPipelineReportHandler] INFO  pipeline.PipelineReportHandler (PipelineReportHandler.java:processPipelineReport(104)) - Pipeline ONE PipelineID=c8d9ca7a-9fbe-4d4b-8ebf-d785ee2b86f3 reported by 0e75b48c-d7aa-4e03-80ae-8a3dbbfa9a5f{ip: 192.168.164.217, host: pr-hdds-2034-76npd-2451761435, networkLocation: /default-rack, certSerialId: null}
2019-10-29 17:00:03,365 [EventQueue-OpenPipelineForOneReplicaPipelineSafeModeRule] INFO  safemode.SCMSafeModeManager (SCMSafeModeManager.java:validateSafeModeExitRules(176)) - AtleastOneDatanodeReportedRule rule is successfully validated
2019-10-29 17:00:03,365 [EventQueue-OpenPipelineForHealthyPipelineSafeModeRule] INFO  safemode.SCMSafeModeManager (HealthyPipelineSafeModeRule.java:process(125)) - SCM in safe mode. Healthy pipelines reported count is 0, required healthy pipeline reported count is 1
2019-10-29 17:00:03,365 [pool-37-thread-1] INFO  storage.RaftStorageDirectory (RaftStorageDirectory.java:tryLock(328)) - Lock on /workdir/hadoop-ozone/integration-test/target/test-dir/MiniOzoneClusterImpl-91c7dd85-16c7-46e4-98b7-e0cdfed06566/datanode-1/data/ratis/fd2f00bf-22b3-4e2f-b9e5-d9f9b50746ff/in_use.lock acquired by nodename 24299@pr-hdds-2034-76npd-2451761435
2019-10-29 17:00:03,365 [pool-27-thread-1] INFO  storage.RaftStorageDirectory (RaftStorageDirectory.java:tryLock(328)) - Lock on /workdir/hadoop-ozone/integration-test/target/test-dir/MiniOzoneClusterImpl-91c7dd85-16c7-46e4-98b7-e0cdfed06566/datanode-0/data/ratis/fd2f00bf-22b3-4e2f-b9e5-d9f9b50746ff/in_use.lock acquired by nodename 24299@pr-hdds-2034-76npd-2451761435
2019-10-29 17:00:03,365 [EventQueue-PipelineReportForPipelineReportHandler] INFO  pipeline.PipelineStateManager (PipelineStateManager.java:openPipeline(134)) - Pipeline Pipeline[ Id: c8d9ca7a-9fbe-4d4b-8ebf-d785ee2b86f3, Nodes: 0e75b48c-d7aa-4e03-80ae-8a3dbbfa9a5f{ip: 192.168.164.217, host: pr-hdds-2034-76npd-2451761435, networkLocation: /default-rack, certSerialId: null}, Type:RATIS, Factor:ONE, State:ALLOCATED] moved to OPEN state
2019-10-29 17:00:03,366 [EventQueue-OpenPipelineForOneReplicaPipelineSafeModeRule] INFO  safemode.SCMSafeModeManager (SCMSafeModeManager.java:validateSafeModeExitRules(176)) - AtleastOneDatanodeReportedRule rule is successfully validated
2019-10-29 17:00:03,366 [EventQueue-OpenPipelineForHealthyPipelineSafeModeRule] INFO  safemode.SCMSafeModeManager (HealthyPipelineSafeModeRule.java:process(125)) - SCM in safe mode. Healthy pipelines reported count is 0, required healthy pipeline reported count is 1
2019-10-29 17:00:03,370 [pool-37-thread-1] INFO  storage.RaftStorage (RaftStorage.java:format(84)) - Storage directory /workdir/hadoop-ozone/integration-test/target/test-dir/MiniOzoneClusterImpl-91c7dd85-16c7-46e4-98b7-e0cdfed06566/datanode-1/data/ratis/fd2f00bf-22b3-4e2f-b9e5-d9f9b50746ff has been successfully formatted.
2019-10-29 17:00:03,370 [pool-47-thread-1] INFO  storage.RaftStorage (RaftStorage.java:format(84)) - Storage directory /workdir/hadoop-ozone/integration-test/target/test-dir/MiniOzoneClusterImpl-91c7dd85-16c7-46e4-98b7-e0cdfed06566/datanode-2/data/ratis/fd2f00bf-22b3-4e2f-b9e5-d9f9b50746ff has been successfully formatted.
2019-10-29 17:00:03,370 [pool-37-thread-1] INFO  ratis.ContainerStateMachine (ContainerStateMachine.java:loadSnapshot(231)) - group-D9F9B50746FF: The snapshot info is null. Setting the last applied indexto:(t:0, i:~)
2019-10-29 17:00:03,370 [pool-27-thread-1] INFO  storage.RaftStorage (RaftStorage.java:format(84)) - Storage directory /workdir/hadoop-ozone/integration-test/target/test-dir/MiniOzoneClusterImpl-91c7dd85-16c7-46e4-98b7-e0cdfed06566/datanode-0/data/ratis/fd2f00bf-22b3-4e2f-b9e5-d9f9b50746ff has been successfully formatted.
2019-10-29 17:00:03,370 [pool-37-thread-1] INFO  server.RaftServerConfigKeys (ConfUtils.java:logGet(43)) - raft.server.notification.no-leader.timeout = 120s (custom)
2019-10-29 17:00:03,370 [pool-47-thread-1] INFO  ratis.ContainerStateMachine (ContainerStateMachine.java:loadSnapshot(231)) - group-D9F9B50746FF: The snapshot info is null. Setting the last applied indexto:(t:0, i:~)
2019-10-29 17:00:03,370 [pool-27-thread-1] INFO  ratis.ContainerStateMachine (ContainerStateMachine.java:loadSnapshot(231)) - group-D9F9B50746FF: The snapshot info is null. Setting the last applied indexto:(t:0, i:~)
2019-10-29 17:00:03,370 [pool-37-thread-1] INFO  server.RaftServerConfigKeys (ConfUtils.java:logGet(43)) - raft.server.log.use.memory = false (default)
2019-10-29 17:00:03,371 [pool-27-thread-1] INFO  server.RaftServerConfigKeys (ConfUtils.java:logGet(43)) - raft.server.notification.no-leader.timeout = 120s (custom)
2019-10-29 17:00:03,371 [pool-47-thread-1] INFO  server.RaftServerConfigKeys (ConfUtils.java:logGet(43)) - raft.server.notification.no-leader.timeout = 120s (custom)
2019-10-29 17:00:03,371 [pool-27-thread-1] INFO  server.RaftServerConfigKeys (ConfUtils.java:logGet(43)) - raft.server.log.use.memory = false (default)
2019-10-29 17:00:03,371 [pool-37-thread-1] INFO  server.RaftServerConfigKeys (ConfUtils.java:logGet(43)) - raft.server.log.purge.gap = 1000000 (custom)
2019-10-29 17:00:03,371 [pool-27-thread-1] INFO  server.RaftServerConfigKeys (ConfUtils.java:logGet(43)) - raft.server.log.purge.gap = 1000000 (custom)
2019-10-29 17:00:03,371 [pool-47-thread-1] INFO  server.RaftServerConfigKeys (ConfUtils.java:logGet(43)) - raft.server.log.use.memory = false (default)
2019-10-29 17:00:03,371 [pool-27-thread-1] INFO  server.RaftServerConfigKeys (ConfUtils.java:logGet(43)) - raft.server.log.appender.buffer.byte-limit = 33554432 (custom)
2019-10-29 17:00:03,371 [pool-37-thread-1] INFO  server.RaftServerConfigKeys (ConfUtils.java:logGet(43)) - raft.server.log.appender.buffer.byte-limit = 33554432 (custom)
2019-10-29 17:00:03,372 [pool-47-thread-1] INFO  server.RaftServerConfigKeys (ConfUtils.java:logGet(43)) - raft.server.log.purge.gap = 1000000 (custom)
2019-10-29 17:00:03,372 [pool-27-thread-1] INFO  server.RaftServerConfigKeys (ConfUtils.java:logGet(43)) - raft.server.log.segment.size.max = 1048576 (custom)
2019-10-29 17:00:03,372 [pool-47-thread-1] INFO  server.RaftServerConfigKeys (ConfUtils.java:logGet(43)) - raft.server.log.appender.buffer.byte-limit = 33554432 (custom)
2019-10-29 17:00:03,372 [pool-37-thread-1] INFO  server.RaftServerConfigKeys (ConfUtils.java:logGet(43)) - raft.server.log.segment.size.max = 1048576 (custom)
2019-10-29 17:00:03,372 [pool-27-thread-1] INFO  server.RaftServerConfigKeys (ConfUtils.java:logGet(43)) - raft.server.log.segment.cache.num.max = 2 (custom)
2019-10-29 17:00:03,372 [pool-47-thread-1] INFO  server.RaftServerConfigKeys (ConfUtils.java:logGet(43)) - raft.server.log.segment.size.max = 1048576 (custom)
2019-10-29 17:00:03,372 [pool-37-thread-1] INFO  server.RaftServerConfigKeys (ConfUtils.java:logGet(43)) - raft.server.log.segment.cache.num.max = 2 (custom)
2019-10-29 17:00:03,372 [pool-27-thread-1] INFO  segmented.SegmentedRaftLogWorker (SegmentedRaftLogWorker.java:<init>(173)) - new 1af067e9-5d8b-4781-8606-882f77d13ba4@group-D9F9B50746FF-SegmentedRaftLogWorker for RaftStorage:Storage Directory /workdir/hadoop-ozone/integration-test/target/test-dir/MiniOzoneClusterImpl-91c7dd85-16c7-46e4-98b7-e0cdfed06566/datanode-0/data/ratis/fd2f00bf-22b3-4e2f-b9e5-d9f9b50746ff
2019-10-29 17:00:03,373 [pool-37-thread-1] INFO  segmented.SegmentedRaftLogWorker (SegmentedRaftLogWorker.java:<init>(173)) - new 0e75b48c-d7aa-4e03-80ae-8a3dbbfa9a5f@group-D9F9B50746FF-SegmentedRaftLogWorker for RaftStorage:Storage Directory /workdir/hadoop-ozone/integration-test/target/test-dir/MiniOzoneClusterImpl-91c7dd85-16c7-46e4-98b7-e0cdfed06566/datanode-1/data/ratis/fd2f00bf-22b3-4e2f-b9e5-d9f9b50746ff
2019-10-29 17:00:03,373 [pool-47-thread-1] INFO  server.RaftServerConfigKeys (ConfUtils.java:logGet(43)) - raft.server.log.segment.cache.num.max = 2 (custom)
2019-10-29 17:00:03,373 [pool-37-thread-1] INFO  server.RaftServerConfigKeys (ConfUtils.java:logGet(43)) - raft.server.log.queue.byte-limit = 2147483647 (custom)
2019-10-29 17:00:03,373 [pool-27-thread-1] INFO  server.RaftServerConfigKeys (ConfUtils.java:logGet(43)) - raft.server.log.queue.byte-limit = 2147483647 (custom)
2019-10-29 17:00:03,373 [pool-37-thread-1] INFO  server.RaftServerConfigKeys (ConfUtils.java:logGet(43)) - raft.server.log.queue.element-limit = 1024 (custom)
2019-10-29 17:00:03,373 [pool-47-thread-1] INFO  segmented.SegmentedRaftLogWorker (SegmentedRaftLogWorker.java:<init>(173)) - new 232051d8-5931-42a0-96bb-6f6ade3885cb@group-D9F9B50746FF-SegmentedRaftLogWorker for RaftStorage:Storage Directory /workdir/hadoop-ozone/integration-test/target/test-dir/MiniOzoneClusterImpl-91c7dd85-16c7-46e4-98b7-e0cdfed06566/datanode-2/data/ratis/fd2f00bf-22b3-4e2f-b9e5-d9f9b50746ff
2019-10-29 17:00:03,373 [pool-37-thread-1] INFO  server.RaftServerConfigKeys (ConfUtils.java:logGet(43)) - raft.server.log.segment.size.max = 1048576 (custom)
2019-10-29 17:00:03,373 [pool-27-thread-1] INFO  server.RaftServerConfigKeys (ConfUtils.java:logGet(43)) - raft.server.log.queue.element-limit = 1024 (custom)
2019-10-29 17:00:03,373 [pool-37-thread-1] INFO  server.RaftServerConfigKeys (ConfUtils.java:logGet(43)) - raft.server.log.preallocated.size = 16384 (custom)
2019-10-29 17:00:03,373 [pool-47-thread-1] INFO  server.RaftServerConfigKeys (ConfUtils.java:logGet(43)) - raft.server.log.queue.byte-limit = 2147483647 (custom)
2019-10-29 17:00:03,374 [pool-37-thread-1] INFO  server.RaftServerConfigKeys (ConfUtils.java:logGet(43)) - raft.server.log.write.buffer.size = 33554432 (custom)
2019-10-29 17:00:03,374 [pool-27-thread-1] INFO  server.RaftServerConfigKeys (ConfUtils.java:logGet(43)) - raft.server.log.segment.size.max = 1048576 (custom)
2019-10-29 17:00:03,374 [pool-37-thread-1] INFO  server.RaftServerConfigKeys (ConfUtils.java:logGet(43)) - raft.server.log.force.sync.num = 128 (default)
2019-10-29 17:00:03,374 [pool-47-thread-1] INFO  server.RaftServerConfigKeys (ConfUtils.java:logGet(43)) - raft.server.log.queue.element-limit = 1024 (custom)
2019-10-29 17:00:03,374 [pool-37-thread-1] INFO  server.RaftServerConfigKeys (ConfUtils.java:logGet(43)) - raft.server.log.statemachine.data.sync = true (default)
2019-10-29 17:00:03,374 [pool-27-thread-1] INFO  server.RaftServerConfigKeys (ConfUtils.java:logGet(43)) - raft.server.log.preallocated.size = 16384 (custom)
2019-10-29 17:00:03,374 [pool-37-thread-1] INFO  server.RaftServerConfigKeys (ConfUtils.java:logGet(43)) - raft.server.log.statemachine.data.sync.timeout = 10s (default)
2019-10-29 17:00:03,374 [pool-47-thread-1] INFO  server.RaftServerConfigKeys (ConfUtils.java:logGet(43)) - raft.server.log.segment.size.max = 1048576 (custom)
2019-10-29 17:00:03,375 [pool-37-thread-1] INFO  server.RaftServerConfigKeys (ConfUtils.java:logGet(43)) - raft.server.log.statemachine.data.sync.timeout.retry = -1 (default)
2019-10-29 17:00:03,375 [pool-27-thread-1] INFO  server.RaftServerConfigKeys (ConfUtils.java:logGet(43)) - raft.server.log.write.buffer.size = 33554432 (custom)
2019-10-29 17:00:03,375 [pool-37-thread-1] INFO  server.RaftServerConfigKeys (ConfUtils.java:logGet(43)) - raft.server.log.statemachine.data.caching.enabled = true (custom)
2019-10-29 17:00:03,375 [pool-47-thread-1] INFO  server.RaftServerConfigKeys (ConfUtils.java:logGet(43)) - raft.server.log.preallocated.size = 16384 (custom)
2019-10-29 17:00:03,375 [pool-27-thread-1] INFO  server.RaftServerConfigKeys (ConfUtils.java:logGet(43)) - raft.server.log.force.sync.num = 128 (default)
2019-10-29 17:00:03,375 [pool-47-thread-1] INFO  server.RaftServerConfigKeys (ConfUtils.java:logGet(43)) - raft.server.log.write.buffer.size = 33554432 (custom)
2019-10-29 17:00:03,375 [pool-37-thread-1] INFO  segmented.SegmentedRaftLogWorker (SegmentedRaftLogWorker.java:lambda$new$0(128)) - 0e75b48c-d7aa-4e03-80ae-8a3dbbfa9a5f@group-D9F9B50746FF-SegmentedRaftLogWorker: flushIndex: setUnconditionally 0 -> -1
2019-10-29 17:00:03,376 [pool-47-thread-1] INFO  server.RaftServerConfigKeys (ConfUtils.java:logGet(43)) - raft.server.log.force.sync.num = 128 (default)
2019-10-29 17:00:03,375 [pool-27-thread-1] INFO  server.RaftServerConfigKeys (ConfUtils.java:logGet(43)) - raft.server.log.statemachine.data.sync = true (default)
2019-10-29 17:00:03,376 [pool-37-thread-1] INFO  server.RaftServerConfigKeys (ConfUtils.java:logGet(43)) - raft.server.snapshot.auto.trigger.enabled = true (custom)
2019-10-29 17:00:03,376 [pool-47-thread-1] INFO  server.RaftServerConfigKeys (ConfUtils.java:logGet(43)) - raft.server.log.statemachine.data.sync = true (default)
2019-10-29 17:00:03,376 [pool-37-thread-1] INFO  server.RaftServerConfigKeys (ConfUtils.java:logGet(43)) - raft.server.snapshot.auto.trigger.threshold = 10000 (custom)
2019-10-29 17:00:03,376 [pool-27-thread-1] INFO  server.RaftServerConfigKeys (ConfUtils.java:logGet(43)) - raft.server.log.statemachine.data.sync.timeout = 10s (default)
2019-10-29 17:00:03,376 [pool-37-thread-1] INFO  server.RaftServerConfigKeys (ConfUtils.java:logGet(43)) - raft.server.snapshot.retention.file.num = 5 (custom)
2019-10-29 17:00:03,376 [pool-47-thread-1] INFO  server.RaftServerConfigKeys (ConfUtils.java:logGet(43)) - raft.server.log.statemachine.data.sync.timeout = 10s (default)
2019-10-29 17:00:03,377 [pool-37-thread-1] INFO  server.RaftServerConfigKeys (ConfUtils.java:logGet(43)) - raft.server.retrycache.expirytime = 600000ms (custom)
2019-10-29 17:00:03,377 [pool-47-thread-1] INFO  server.RaftServerConfigKeys (ConfUtils.java:logGet(43)) - raft.server.log.statemachine.data.sync.timeout.retry = -1 (default)
2019-10-29 17:00:03,376 [pool-27-thread-1] INFO  server.RaftServerConfigKeys (ConfUtils.java:logGet(43)) - raft.server.log.statemachine.data.sync.timeout.retry = -1 (default)
2019-10-29 17:00:03,377 [pool-37-thread-1] WARN  impl.MetricRegistriesImpl (MetricRegistriesImpl.java:lambda$create$1(61)) - First MetricRegistry has been created without registering reporters. You may need to call MetricRegistries.global().addReportRegistration(...) before.
2019-10-29 17:00:03,377 [pool-27-thread-1] INFO  server.RaftServerConfigKeys (ConfUtils.java:logGet(43)) - raft.server.log.statemachine.data.caching.enabled = true (custom)
2019-10-29 17:00:03,377 [pool-47-thread-1] INFO  server.RaftServerConfigKeys (ConfUtils.java:logGet(43)) - raft.server.log.statemachine.data.caching.enabled = true (custom)
2019-10-29 17:00:03,377 [pool-37-thread-1] WARN  impl.MetricRegistriesImpl (MetricRegistriesImpl.java:lambda$create$1(61)) - First MetricRegistry has been created without registering reporters. You may need to call MetricRegistries.global().addReportRegistration(...) before.
2019-10-29 17:00:03,378 [pool-27-thread-1] INFO  segmented.SegmentedRaftLogWorker (SegmentedRaftLogWorker.java:lambda$new$0(128)) - 1af067e9-5d8b-4781-8606-882f77d13ba4@group-D9F9B50746FF-SegmentedRaftLogWorker: flushIndex: setUnconditionally 0 -> -1
2019-10-29 17:00:03,378 [pool-37-thread-1] INFO  impl.RaftServerImpl (RaftServerImpl.java:start(184)) - 0e75b48c-d7aa-4e03-80ae-8a3dbbfa9a5f@group-D9F9B50746FF: start as a follower, conf=-1: [0e75b48c-d7aa-4e03-80ae-8a3dbbfa9a5f:192.168.164.217:44576, 1af067e9-5d8b-4781-8606-882f77d13ba4:192.168.164.217:40841, 232051d8-5931-42a0-96bb-6f6ade3885cb:192.168.164.217:38775], old=null
2019-10-29 17:00:03,378 [pool-47-thread-1] INFO  segmented.SegmentedRaftLogWorker (SegmentedRaftLogWorker.java:lambda$new$0(128)) - 232051d8-5931-42a0-96bb-6f6ade3885cb@group-D9F9B50746FF-SegmentedRaftLogWorker: flushIndex: setUnconditionally 0 -> -1
2019-10-29 17:00:03,378 [pool-27-thread-1] INFO  server.RaftServerConfigKeys (ConfUtils.java:logGet(43)) - raft.server.snapshot.auto.trigger.enabled = true (custom)
2019-10-29 17:00:03,378 [pool-37-thread-1] INFO  impl.RaftServerImpl (RaftServerImpl.java:setRole(173)) - 0e75b48c-d7aa-4e03-80ae-8a3dbbfa9a5f@group-D9F9B50746FF: changes role from      null to FOLLOWER at term 0 for startAsFollower
2019-10-29 17:00:03,378 [pool-27-thread-1] INFO  server.RaftServerConfigKeys (ConfUtils.java:logGet(43)) - raft.server.snapshot.auto.trigger.threshold = 10000 (custom)
2019-10-29 17:00:03,378 [pool-37-thread-1] INFO  impl.RoleInfo (RoleInfo.java:updateAndGet(143)) - 0e75b48c-d7aa-4e03-80ae-8a3dbbfa9a5f: start FollowerState
2019-10-29 17:00:03,378 [pool-47-thread-1] INFO  server.RaftServerConfigKeys (ConfUtils.java:logGet(43)) - raft.server.snapshot.auto.trigger.enabled = true (custom)
2019-10-29 17:00:03,379 [pool-27-thread-1] INFO  server.RaftServerConfigKeys (ConfUtils.java:logGet(43)) - raft.server.snapshot.retention.file.num = 5 (custom)
2019-10-29 17:00:03,379 [pool-47-thread-1] INFO  server.RaftServerConfigKeys (ConfUtils.java:logGet(43)) - raft.server.snapshot.auto.trigger.threshold = 10000 (custom)
2019-10-29 17:00:03,379 [pool-37-thread-1] INFO  util.JmxRegister (JmxRegister.java:tryRegister(44)) - Successfully registered JMX Bean with object name Ratis:service=RaftServer,group=group-D9F9B50746FF,id=0e75b48c-d7aa-4e03-80ae-8a3dbbfa9a5f
2019-10-29 17:00:03,379 [pool-27-thread-1] INFO  server.RaftServerConfigKeys (ConfUtils.java:logGet(43)) - raft.server.retrycache.expirytime = 600000ms (custom)
2019-10-29 17:00:03,379 [pool-37-thread-1] WARN  impl.MetricRegistriesImpl (MetricRegistriesImpl.java:lambda$create$1(61)) - First MetricRegistry has been created without registering reporters. You may need to call MetricRegistries.global().addReportRegistration(...) before.
2019-10-29 17:00:03,379 [pool-47-thread-1] INFO  server.RaftServerConfigKeys (ConfUtils.java:logGet(43)) - raft.server.snapshot.retention.file.num = 5 (custom)
2019-10-29 17:00:03,379 [pool-27-thread-1] WARN  impl.MetricRegistriesImpl (MetricRegistriesImpl.java:lambda$create$1(61)) - First MetricRegistry has been created without registering reporters. You may need to call MetricRegistries.global().addReportRegistration(...) before.
2019-10-29 17:00:03,380 [pool-47-thread-1] INFO  server.RaftServerConfigKeys (ConfUtils.java:logGet(43)) - raft.server.retrycache.expirytime = 600000ms (custom)
2019-10-29 17:00:03,380 [pool-27-thread-1] WARN  impl.MetricRegistriesImpl (MetricRegistriesImpl.java:lambda$create$1(61)) - First MetricRegistry has been created without registering reporters. You may need to call MetricRegistries.global().addReportRegistration(...) before.
2019-10-29 17:00:03,380 [pool-47-thread-1] WARN  impl.MetricRegistriesImpl (MetricRegistriesImpl.java:lambda$create$1(61)) - First MetricRegistry has been created without registering reporters. You may need to call MetricRegistries.global().addReportRegistration(...) before.
2019-10-29 17:00:03,380 [Command processor thread] INFO  commandhandler.CreatePipelineCommandHandler (CreatePipelineCommandHandler.java:handle(86)) - Create Pipeline RATIS THREE #id: "fd2f00bf-22b3-4e2f-b9e5-d9f9b50746ff"
 command succeed on datanode 0e75b48c-d7aa-4e03-80ae-8a3dbbfa9a5f.
2019-10-29 17:00:03,380 [pool-47-thread-1] WARN  impl.MetricRegistriesImpl (MetricRegistriesImpl.java:lambda$create$1(61)) - First MetricRegistry has been created without registering reporters. You may need to call MetricRegistries.global().addReportRegistration(...) before.
2019-10-29 17:00:03,380 [pool-27-thread-1] INFO  impl.RaftServerImpl (RaftServerImpl.java:start(184)) - 1af067e9-5d8b-4781-8606-882f77d13ba4@group-D9F9B50746FF: start as a follower, conf=-1: [0e75b48c-d7aa-4e03-80ae-8a3dbbfa9a5f:192.168.164.217:44576, 1af067e9-5d8b-4781-8606-882f77d13ba4:192.168.164.217:40841, 232051d8-5931-42a0-96bb-6f6ade3885cb:192.168.164.217:38775], old=null
2019-10-29 17:00:03,380 [pool-27-thread-1] INFO  impl.RaftServerImpl (RaftServerImpl.java:setRole(173)) - 1af067e9-5d8b-4781-8606-882f77d13ba4@group-D9F9B50746FF: changes role from      null to FOLLOWER at term 0 for startAsFollower
2019-10-29 17:00:03,380 [pool-47-thread-1] INFO  impl.RaftServerImpl (RaftServerImpl.java:start(184)) - 232051d8-5931-42a0-96bb-6f6ade3885cb@group-D9F9B50746FF: start as a follower, conf=-1: [0e75b48c-d7aa-4e03-80ae-8a3dbbfa9a5f:192.168.164.217:44576, 1af067e9-5d8b-4781-8606-882f77d13ba4:192.168.164.217:40841, 232051d8-5931-42a0-96bb-6f6ade3885cb:192.168.164.217:38775], old=null
2019-10-29 17:00:03,381 [pool-27-thread-1] INFO  impl.RoleInfo (RoleInfo.java:updateAndGet(143)) - 1af067e9-5d8b-4781-8606-882f77d13ba4: start FollowerState
2019-10-29 17:00:03,381 [pool-47-thread-1] INFO  impl.RaftServerImpl (RaftServerImpl.java:setRole(173)) - 232051d8-5931-42a0-96bb-6f6ade3885cb@group-D9F9B50746FF: changes role from      null to FOLLOWER at term 0 for startAsFollower
2019-10-29 17:00:03,382 [pool-47-thread-1] INFO  impl.RoleInfo (RoleInfo.java:updateAndGet(143)) - 232051d8-5931-42a0-96bb-6f6ade3885cb: start FollowerState
2019-10-29 17:00:03,382 [pool-27-thread-1] INFO  util.JmxRegister (JmxRegister.java:tryRegister(44)) - Successfully registered JMX Bean with object name Ratis:service=RaftServer,group=group-D9F9B50746FF,id=1af067e9-5d8b-4781-8606-882f77d13ba4
2019-10-29 17:00:03,382 [pool-27-thread-1] WARN  impl.MetricRegistriesImpl (MetricRegistriesImpl.java:lambda$create$1(61)) - First MetricRegistry has been created without registering reporters. You may need to call MetricRegistries.global().addReportRegistration(...) before.
2019-10-29 17:00:03,382 [pool-47-thread-1] INFO  util.JmxRegister (JmxRegister.java:tryRegister(44)) - Successfully registered JMX Bean with object name Ratis:service=RaftServer,group=group-D9F9B50746FF,id=232051d8-5931-42a0-96bb-6f6ade3885cb
2019-10-29 17:00:03,382 [Command processor thread] INFO  commandhandler.CreatePipelineCommandHandler (CreatePipelineCommandHandler.java:handle(86)) - Create Pipeline RATIS THREE #id: "fd2f00bf-22b3-4e2f-b9e5-d9f9b50746ff"
 command succeed on datanode 1af067e9-5d8b-4781-8606-882f77d13ba4.
2019-10-29 17:00:03,382 [pool-47-thread-1] WARN  impl.MetricRegistriesImpl (MetricRegistriesImpl.java:lambda$create$1(61)) - First MetricRegistry has been created without registering reporters. You may need to call MetricRegistries.global().addReportRegistration(...) before.
2019-10-29 17:00:03,382 [EventQueue-PipelineReportForPipelineReportHandler] INFO  pipeline.PipelineReportHandler (PipelineReportHandler.java:processPipelineReport(104)) - Pipeline THREE PipelineID=fd2f00bf-22b3-4e2f-b9e5-d9f9b50746ff reported by 0e75b48c-d7aa-4e03-80ae-8a3dbbfa9a5f{ip: 192.168.164.217, host: pr-hdds-2034-76npd-2451761435, networkLocation: /default-rack, certSerialId: null}
2019-10-29 17:00:03,383 [EventQueue-OpenPipelineForOneReplicaPipelineSafeModeRule] INFO  safemode.SCMSafeModeManager (SCMSafeModeManager.java:validateSafeModeExitRules(176)) - AtleastOneDatanodeReportedRule rule is successfully validated
2019-10-29 17:00:03,383 [EventQueue-OpenPipelineForHealthyPipelineSafeModeRule] INFO  safemode.SCMSafeModeManager (HealthyPipelineSafeModeRule.java:process(125)) - SCM in safe mode. Healthy pipelines reported count is 1, required healthy pipeline reported count is 1
2019-10-29 17:00:03,384 [EventQueue-OpenPipelineForHealthyPipelineSafeModeRule] INFO  safemode.SCMSafeModeManager (SCMSafeModeManager.java:validateSafeModeExitRules(176)) - HealthyPipelineSafeModeRule rule is successfully validated
2019-10-29 17:00:03,384 [EventQueue-OpenPipelineForHealthyPipelineSafeModeRule] INFO  safemode.SCMSafeModeManager (SCMSafeModeManager.java:validateSafeModeExitRules(185)) - ScmSafeModeManager, all rules are successfully validated
2019-10-29 17:00:03,384 [Command processor thread] INFO  commandhandler.CreatePipelineCommandHandler (CreatePipelineCommandHandler.java:handle(86)) - Create Pipeline RATIS THREE #id: "fd2f00bf-22b3-4e2f-b9e5-d9f9b50746ff"
 command succeed on datanode 232051d8-5931-42a0-96bb-6f6ade3885cb.
2019-10-29 17:00:03,384 [EventQueue-OpenPipelineForHealthyPipelineSafeModeRule] INFO  safemode.SCMSafeModeManager (SCMSafeModeManager.java:exitSafeMode(201)) - SCM exiting safe mode.
2019-10-29 17:00:03,384 [EventQueue-PipelineReportForPipelineReportHandler] INFO  pipeline.PipelineReportHandler (PipelineReportHandler.java:processPipelineReport(104)) - Pipeline THREE PipelineID=fd2f00bf-22b3-4e2f-b9e5-d9f9b50746ff reported by 1af067e9-5d8b-4781-8606-882f77d13ba4{ip: 192.168.164.217, host: pr-hdds-2034-76npd-2451761435, networkLocation: /default-rack, certSerialId: null}
2019-10-29 17:00:03,386 [EventQueue-PipelineReportForPipelineReportHandler] INFO  pipeline.PipelineReportHandler (PipelineReportHandler.java:processPipelineReport(104)) - Pipeline THREE PipelineID=fd2f00bf-22b3-4e2f-b9e5-d9f9b50746ff reported by 232051d8-5931-42a0-96bb-6f6ade3885cb{ip: 192.168.164.217, host: pr-hdds-2034-76npd-2451761435, networkLocation: /default-rack, certSerialId: null}
2019-10-29 17:00:03,386 [EventQueue-PipelineReportForPipelineReportHandler] INFO  pipeline.PipelineStateManager (PipelineStateManager.java:openPipeline(134)) - Pipeline Pipeline[ Id: fd2f00bf-22b3-4e2f-b9e5-d9f9b50746ff, Nodes: 0e75b48c-d7aa-4e03-80ae-8a3dbbfa9a5f{ip: 192.168.164.217, host: pr-hdds-2034-76npd-2451761435, networkLocation: /default-rack, certSerialId: null}232051d8-5931-42a0-96bb-6f6ade3885cb{ip: 192.168.164.217, host: pr-hdds-2034-76npd-2451761435, networkLocation: /default-rack, certSerialId: null}1af067e9-5d8b-4781-8606-882f77d13ba4{ip: 192.168.164.217, host: pr-hdds-2034-76npd-2451761435, networkLocation: /default-rack, certSerialId: null}, Type:RATIS, Factor:THREE, State:ALLOCATED] moved to OPEN state
2019-10-29 17:00:04,230 [main] INFO  ozone.MiniOzoneClusterImpl (MiniOzoneClusterImpl.java:lambda$waitForClusterToBeReady$0(149)) - Nodes are ready. Got 3 of 3 DN Heartbeats.
2019-10-29 17:00:04,231 [main] INFO  ozone.MiniOzoneClusterImpl (MiniOzoneClusterImpl.java:lambda$waitForClusterToBeReady$0(152)) - Cluster exits safe mode
2019-10-29 17:00:06,398 [Thread-193] INFO  container.ReplicationManager (ReplicationManager.java:start(162)) - Starting Replication Monitor Thread.
2019-10-29 17:00:06,403 [ReplicationMonitor] INFO  container.ReplicationManager (ReplicationManager.java:run(225)) - Replication Monitor Thread took 2 milliseconds for processing 0 containers.
2019-10-29 17:00:07,386 [main] INFO  ozone.MiniOzoneClusterImpl (MiniOzoneClusterImpl.java:shutdown(338)) - Shutting down the Mini Ozone Cluster
2019-10-29 17:00:07,387 [main] INFO  ozone.MiniOzoneClusterImpl (MiniOzoneClusterImpl.java:stop(354)) - Stopping the Mini Ozone Cluster
2019-10-29 17:00:07,387 [main] INFO  ozone.MiniOzoneClusterImpl (MiniOzoneClusterImpl.java:stopOM(424)) - Stopping the OzoneManager
2019-10-29 17:00:07,387 [main] INFO  ipc.Server (Server.java:stop(3082)) - Stopping server on 43141
2019-10-29 17:00:07,390 [IPC Server listener on 43141] INFO  ipc.Server (Server.java:run(1185)) - Stopping IPC Server listener on 43141
2019-10-29 17:00:07,390 [IPC Server Responder] INFO  ipc.Server (Server.java:run(1319)) - Stopping IPC Server Responder
2019-10-29 17:00:07,390 [main] INFO  ratis.OzoneManagerDoubleBuffer (OzoneManagerDoubleBuffer.java:stop(255)) - Stopping OMDoubleBuffer flush thread
2019-10-29 17:00:07,391 [OMDoubleBufferFlushThread] INFO  ratis.OzoneManagerDoubleBuffer (OzoneManagerDoubleBuffer.java:flushTransactions(198)) - OMDoubleBuffer flush thread OMDoubleBufferFlushThread is interrupted and will exit. OMDoubleBufferFlushThread
2019-10-29 17:00:07,391 [main] INFO  utils.BackgroundService (BackgroundService.java:shutdown(151)) - Shutting down service KeyDeletingService
2019-10-29 17:00:07,395 [main] INFO  handler.ContextHandler (ContextHandler.java:doStop(910)) - Stopped o.e.j.w.WebAppContext@12db3386{/,null,UNAVAILABLE}{/ozoneManager}
2019-10-29 17:00:07,401 [main] INFO  server.AbstractConnector (AbstractConnector.java:doStop(318)) - Stopped ServerConnector@4078695f{HTTP/1.1,[http/1.1]}{0.0.0.0:0}
2019-10-29 17:00:07,401 [main] INFO  handler.ContextHandler (ContextHandler.java:doStop(910)) - Stopped o.e.j.s.ServletContextHandler@30b2b76f{/static,file:///workdir/hadoop-ozone/integration-test/target/test-classes/webapps/static,UNAVAILABLE}
2019-10-29 17:00:07,401 [main] INFO  handler.ContextHandler (ContextHandler.java:doStop(910)) - Stopped o.e.j.s.ServletContextHandler@6b63d445{/logs,file:///workdir/hadoop-ozone/integration-test/target/log,UNAVAILABLE}
2019-10-29 17:00:07,405 [main] INFO  ozone.MiniOzoneClusterImpl (MiniOzoneClusterImpl.java:stopDatanodes(401)) - Stopping the HddsDatanodes
2019-10-29 17:00:08,367 [Thread-183] INFO  impl.FollowerState (FollowerState.java:run(111)) - 232051d8-5931-42a0-96bb-6f6ade3885cb@group-7008E341C953-FollowerState: change to CANDIDATE, lastRpcTime:5048ms, electionTimeout:5046ms
2019-10-29 17:00:08,368 [Thread-183] INFO  impl.RoleInfo (RoleInfo.java:shutdownFollowerState(121)) - 232051d8-5931-42a0-96bb-6f6ade3885cb: shutdown FollowerState
2019-10-29 17:00:08,368 [Thread-183] INFO  impl.RaftServerImpl (RaftServerImpl.java:setRole(173)) - 232051d8-5931-42a0-96bb-6f6ade3885cb@group-7008E341C953: changes role from  FOLLOWER to CANDIDATE at term 0 for changeToCandidate
2019-10-29 17:00:08,372 [Thread-183] INFO  impl.RoleInfo (RoleInfo.java:updateAndGet(143)) - 232051d8-5931-42a0-96bb-6f6ade3885cb: start LeaderElection
2019-10-29 17:00:08,375 [Thread-182] INFO  impl.FollowerState (FollowerState.java:run(111)) - 0e75b48c-d7aa-4e03-80ae-8a3dbbfa9a5f@group-D785EE2B86F3-FollowerState: change to CANDIDATE, lastRpcTime:5056ms, electionTimeout:5054ms
2019-10-29 17:00:08,376 [Thread-182] INFO  impl.RoleInfo (RoleInfo.java:shutdownFollowerState(121)) - 0e75b48c-d7aa-4e03-80ae-8a3dbbfa9a5f: shutdown FollowerState
2019-10-29 17:00:08,376 [Thread-182] INFO  impl.RaftServerImpl (RaftServerImpl.java:setRole(173)) - 0e75b48c-d7aa-4e03-80ae-8a3dbbfa9a5f@group-D785EE2B86F3: changes role from  FOLLOWER to CANDIDATE at term 0 for changeToCandidate
2019-10-29 17:00:08,376 [Thread-182] INFO  impl.RoleInfo (RoleInfo.java:updateAndGet(143)) - 0e75b48c-d7aa-4e03-80ae-8a3dbbfa9a5f: start LeaderElection
2019-10-29 17:00:08,381 [Datanode State Machine Thread - 0] INFO  statemachine.DatanodeStateMachine (DatanodeStateMachine.java:lambda$startDaemon$0(356)) - Ozone container server started.
2019-10-29 17:00:08,384 [Datanode State Machine Thread - 0] INFO  statemachine.DatanodeStateMachine (DatanodeStateMachine.java:lambda$startDaemon$0(356)) - Ozone container server started.
2019-10-29 17:00:08,399 [232051d8-5931-42a0-96bb-6f6ade3885cb@group-7008E341C953-LeaderElection1] INFO  impl.LeaderElection (LeaderElection.java:askForVotes(178)) - 232051d8-5931-42a0-96bb-6f6ade3885cb@group-7008E341C953-LeaderElection1: begin an election at term 1 for -1: [232051d8-5931-42a0-96bb-6f6ade3885cb:192.168.164.217:38775], old=null
2019-10-29 17:00:08,399 [0e75b48c-d7aa-4e03-80ae-8a3dbbfa9a5f@group-D785EE2B86F3-LeaderElection2] INFO  impl.LeaderElection (LeaderElection.java:askForVotes(178)) - 0e75b48c-d7aa-4e03-80ae-8a3dbbfa9a5f@group-D785EE2B86F3-LeaderElection2: begin an election at term 1 for -1: [0e75b48c-d7aa-4e03-80ae-8a3dbbfa9a5f:192.168.164.217:44576], old=null
2019-10-29 17:00:08,402 [0e75b48c-d7aa-4e03-80ae-8a3dbbfa9a5f@group-D785EE2B86F3-LeaderElection2] INFO  impl.RoleInfo (RoleInfo.java:shutdownLeaderElection(134)) - 0e75b48c-d7aa-4e03-80ae-8a3dbbfa9a5f: shutdown LeaderElection
2019-10-29 17:00:08,402 [232051d8-5931-42a0-96bb-6f6ade3885cb@group-7008E341C953-LeaderElection1] INFO  impl.RoleInfo (RoleInfo.java:shutdownLeaderElection(134)) - 232051d8-5931-42a0-96bb-6f6ade3885cb: shutdown LeaderElection
2019-10-29 17:00:08,403 [0e75b48c-d7aa-4e03-80ae-8a3dbbfa9a5f@group-D785EE2B86F3-LeaderElection2] INFO  impl.RaftServerImpl (RaftServerImpl.java:setRole(173)) - 0e75b48c-d7aa-4e03-80ae-8a3dbbfa9a5f@group-D785EE2B86F3: changes role from CANDIDATE to LEADER at term 1 for changeToLeader
2019-10-29 17:00:08,403 [232051d8-5931-42a0-96bb-6f6ade3885cb@group-7008E341C953-LeaderElection1] INFO  impl.RaftServerImpl (RaftServerImpl.java:setRole(173)) - 232051d8-5931-42a0-96bb-6f6ade3885cb@group-7008E341C953: changes role from CANDIDATE to LEADER at term 1 for changeToLeader
2019-10-29 17:00:08,403 [0e75b48c-d7aa-4e03-80ae-8a3dbbfa9a5f@group-D785EE2B86F3-LeaderElection2] INFO  impl.RaftServerImpl (ServerState.java:setLeader(255)) - 0e75b48c-d7aa-4e03-80ae-8a3dbbfa9a5f@group-D785EE2B86F3: change Leader from null to 0e75b48c-d7aa-4e03-80ae-8a3dbbfa9a5f at term 1 for becomeLeader, leader elected after 5212ms
2019-10-29 17:00:08,403 [232051d8-5931-42a0-96bb-6f6ade3885cb@group-7008E341C953-LeaderElection1] INFO  impl.RaftServerImpl (ServerState.java:setLeader(255)) - 232051d8-5931-42a0-96bb-6f6ade3885cb@group-7008E341C953: change Leader from null to 232051d8-5931-42a0-96bb-6f6ade3885cb at term 1 for becomeLeader, leader elected after 5143ms
2019-10-29 17:00:08,408 [Thread-191] INFO  impl.FollowerState (FollowerState.java:run(111)) - 232051d8-5931-42a0-96bb-6f6ade3885cb@group-D9F9B50746FF-FollowerState: change to CANDIDATE, lastRpcTime:5026ms, electionTimeout:5026ms
2019-10-29 17:00:08,408 [Thread-191] INFO  impl.RoleInfo (RoleInfo.java:shutdownFollowerState(121)) - 232051d8-5931-42a0-96bb-6f6ade3885cb: shutdown FollowerState
2019-10-29 17:00:08,409 [Thread-191] INFO  impl.RaftServerImpl (RaftServerImpl.java:setRole(173)) - 232051d8-5931-42a0-96bb-6f6ade3885cb@group-D9F9B50746FF: changes role from  FOLLOWER to CANDIDATE at term 0 for changeToCandidate
2019-10-29 17:00:08,409 [Thread-181] INFO  impl.FollowerState (FollowerState.java:run(111)) - 1af067e9-5d8b-4781-8606-882f77d13ba4@group-12D4D8A854AA-FollowerState: change to CANDIDATE, lastRpcTime:5090ms, electionTimeout:5088ms
2019-10-29 17:00:08,409 [Thread-191] INFO  impl.RoleInfo (RoleInfo.java:updateAndGet(143)) - 232051d8-5931-42a0-96bb-6f6ade3885cb: start LeaderElection
2019-10-29 17:00:08,409 [Thread-181] INFO  impl.RoleInfo (RoleInfo.java:shutdownFollowerState(121)) - 1af067e9-5d8b-4781-8606-882f77d13ba4: shutdown FollowerState
2019-10-29 17:00:08,409 [Thread-181] INFO  impl.RaftServerImpl (RaftServerImpl.java:setRole(173)) - 1af067e9-5d8b-4781-8606-882f77d13ba4@group-12D4D8A854AA: changes role from  FOLLOWER to CANDIDATE at term 0 for changeToCandidate
2019-10-29 17:00:08,411 [Thread-181] INFO  impl.RoleInfo (RoleInfo.java:updateAndGet(143)) - 1af067e9-5d8b-4781-8606-882f77d13ba4: start LeaderElection
2019-10-29 17:00:08,416 [232051d8-5931-42a0-96bb-6f6ade3885cb@group-7008E341C953-LeaderElection1] INFO  server.RaftServerConfigKeys (ConfUtils.java:logGet(43)) - raft.server.staging.catchup.gap = 1000 (default)
2019-10-29 17:00:08,416 [0e75b48c-d7aa-4e03-80ae-8a3dbbfa9a5f@group-D785EE2B86F3-LeaderElection2] INFO  server.RaftServerConfigKeys (ConfUtils.java:logGet(43)) - raft.server.staging.catchup.gap = 1000 (default)
2019-10-29 17:00:08,416 [232051d8-5931-42a0-96bb-6f6ade3885cb@group-7008E341C953-LeaderElection1] INFO  server.RaftServerConfigKeys (ConfUtils.java:logGet(43)) - raft.server.rpc.sleep.time = 25ms (default)
2019-10-29 17:00:08,416 [0e75b48c-d7aa-4e03-80ae-8a3dbbfa9a5f@group-D785EE2B86F3-LeaderElection2] INFO  server.RaftServerConfigKeys (ConfUtils.java:logGet(43)) - raft.server.rpc.sleep.time = 25ms (default)
2019-10-29 17:00:08,419 [232051d8-5931-42a0-96bb-6f6ade3885cb@group-D9F9B50746FF-LeaderElection3] INFO  impl.LeaderElection (LeaderElection.java:askForVotes(178)) - 232051d8-5931-42a0-96bb-6f6ade3885cb@group-D9F9B50746FF-LeaderElection3: begin an election at term 1 for -1: [0e75b48c-d7aa-4e03-80ae-8a3dbbfa9a5f:192.168.164.217:44576, 1af067e9-5d8b-4781-8606-882f77d13ba4:192.168.164.217:40841, 232051d8-5931-42a0-96bb-6f6ade3885cb:192.168.164.217:38775], old=null
2019-10-29 17:00:08,419 [1af067e9-5d8b-4781-8606-882f77d13ba4@group-12D4D8A854AA-LeaderElection4] INFO  impl.LeaderElection (LeaderElection.java:askForVotes(178)) - 1af067e9-5d8b-4781-8606-882f77d13ba4@group-12D4D8A854AA-LeaderElection4: begin an election at term 1 for -1: [1af067e9-5d8b-4781-8606-882f77d13ba4:192.168.164.217:40841], old=null
2019-10-29 17:00:08,419 [1af067e9-5d8b-4781-8606-882f77d13ba4@group-12D4D8A854AA-LeaderElection4] INFO  impl.RoleInfo (RoleInfo.java:shutdownLeaderElection(134)) - 1af067e9-5d8b-4781-8606-882f77d13ba4: shutdown LeaderElection
2019-10-29 17:00:08,419 [1af067e9-5d8b-4781-8606-882f77d13ba4@group-12D4D8A854AA-LeaderElection4] INFO  impl.RaftServerImpl (RaftServerImpl.java:setRole(173)) - 1af067e9-5d8b-4781-8606-882f77d13ba4@group-12D4D8A854AA: changes role from CANDIDATE to LEADER at term 1 for changeToLeader
2019-10-29 17:00:08,419 [1af067e9-5d8b-4781-8606-882f77d13ba4@group-12D4D8A854AA-LeaderElection4] INFO  impl.RaftServerImpl (ServerState.java:setLeader(255)) - 1af067e9-5d8b-4781-8606-882f77d13ba4@group-12D4D8A854AA: change Leader from null to 1af067e9-5d8b-4781-8606-882f77d13ba4 at term 1 for becomeLeader, leader elected after 5228ms
2019-10-29 17:00:08,420 [1af067e9-5d8b-4781-8606-882f77d13ba4@group-12D4D8A854AA-LeaderElection4] INFO  server.RaftServerConfigKeys (ConfUtils.java:logGet(43)) - raft.server.staging.catchup.gap = 1000 (default)
2019-10-29 17:00:08,420 [1af067e9-5d8b-4781-8606-882f77d13ba4@group-12D4D8A854AA-LeaderElection4] INFO  server.RaftServerConfigKeys (ConfUtils.java:logGet(43)) - raft.server.rpc.sleep.time = 25ms (default)
2019-10-29 17:00:08,422 [0e75b48c-d7aa-4e03-80ae-8a3dbbfa9a5f@group-D785EE2B86F3-LeaderElection2] INFO  server.RaftServerConfigKeys (ConfUtils.java:logGet(43)) - raft.server.write.element-limit = 4096 (default)
2019-10-29 17:00:08,422 [1af067e9-5d8b-4781-8606-882f77d13ba4@group-12D4D8A854AA-LeaderElection4] INFO  server.RaftServerConfigKeys (ConfUtils.java:logGet(43)) - raft.server.write.element-limit = 4096 (default)
2019-10-29 17:00:08,422 [232051d8-5931-42a0-96bb-6f6ade3885cb@group-7008E341C953-LeaderElection1] INFO  server.RaftServerConfigKeys (ConfUtils.java:logGet(43)) - raft.server.write.element-limit = 4096 (default)
2019-10-29 17:00:08,432 [0e75b48c-d7aa-4e03-80ae-8a3dbbfa9a5f@group-D785EE2B86F3-LeaderElection2] INFO  server.RaftServerConfigKeys (ConfUtils.java:logGet(43)) - raft.server.watch.timeout = 10s (default)
2019-10-29 17:00:08,432 [1af067e9-5d8b-4781-8606-882f77d13ba4@group-12D4D8A854AA-LeaderElection4] INFO  server.RaftServerConfigKeys (ConfUtils.java:logGet(43)) - raft.server.watch.timeout = 10s (default)
2019-10-29 17:00:08,432 [0e75b48c-d7aa-4e03-80ae-8a3dbbfa9a5f@group-D785EE2B86F3-LeaderElection2] INFO  server.RaftServerConfigKeys (ConfUtils.java:logGet(43)) - raft.server.watch.timeout.denomination = 1s (default)
2019-10-29 17:00:08,432 [232051d8-5931-42a0-96bb-6f6ade3885cb@group-7008E341C953-LeaderElection1] INFO  server.RaftServerConfigKeys (ConfUtils.java:logGet(43)) - raft.server.watch.timeout = 10s (default)
2019-10-29 17:00:08,432 [1af067e9-5d8b-4781-8606-882f77d13ba4@group-12D4D8A854AA-LeaderElection4] INFO  server.RaftServerConfigKeys (ConfUtils.java:logGet(43)) - raft.server.watch.timeout.denomination = 1s (default)
2019-10-29 17:00:08,433 [232051d8-5931-42a0-96bb-6f6ade3885cb@group-7008E341C953-LeaderElection1] INFO  server.RaftServerConfigKeys (ConfUtils.java:logGet(43)) - raft.server.watch.timeout.denomination = 1s (default)
2019-10-29 17:00:08,433 [0e75b48c-d7aa-4e03-80ae-8a3dbbfa9a5f@group-D785EE2B86F3-LeaderElection2] INFO  server.RaftServerConfigKeys (ConfUtils.java:logGet(43)) - raft.server.watch.element-limit = 65536 (default)
2019-10-29 17:00:08,433 [232051d8-5931-42a0-96bb-6f6ade3885cb@group-7008E341C953-LeaderElection1] INFO  server.RaftServerConfigKeys (ConfUtils.java:logGet(43)) - raft.server.watch.element-limit = 65536 (default)
2019-10-29 17:00:08,433 [1af067e9-5d8b-4781-8606-882f77d13ba4@group-12D4D8A854AA-LeaderElection4] INFO  server.RaftServerConfigKeys (ConfUtils.java:logGet(43)) - raft.server.watch.element-limit = 65536 (default)
2019-10-29 17:00:08,444 [Thread-190] INFO  impl.FollowerState (FollowerState.java:run(111)) - 1af067e9-5d8b-4781-8606-882f77d13ba4@group-D9F9B50746FF-FollowerState: change to CANDIDATE, lastRpcTime:5062ms, electionTimeout:5061ms
2019-10-29 17:00:08,444 [Thread-190] INFO  impl.RoleInfo (RoleInfo.java:shutdownFollowerState(121)) - 1af067e9-5d8b-4781-8606-882f77d13ba4: shutdown FollowerState
2019-10-29 17:00:08,444 [Thread-190] INFO  impl.RaftServerImpl (RaftServerImpl.java:setRole(173)) - 1af067e9-5d8b-4781-8606-882f77d13ba4@group-D9F9B50746FF: changes role from  FOLLOWER to CANDIDATE at term 0 for changeToCandidate
2019-10-29 17:00:08,444 [Thread-190] INFO  impl.RoleInfo (RoleInfo.java:updateAndGet(143)) - 1af067e9-5d8b-4781-8606-882f77d13ba4: start LeaderElection
2019-10-29 17:00:08,448 [0e75b48c-d7aa-4e03-80ae-8a3dbbfa9a5f@group-D785EE2B86F3-LeaderElection2] INFO  impl.RoleInfo (RoleInfo.java:updateAndGet(143)) - 0e75b48c-d7aa-4e03-80ae-8a3dbbfa9a5f: start LeaderState
2019-10-29 17:00:08,448 [232051d8-5931-42a0-96bb-6f6ade3885cb@group-7008E341C953-LeaderElection1] INFO  impl.RoleInfo (RoleInfo.java:updateAndGet(143)) - 232051d8-5931-42a0-96bb-6f6ade3885cb: start LeaderState
2019-10-29 17:00:08,448 [1af067e9-5d8b-4781-8606-882f77d13ba4@group-12D4D8A854AA-LeaderElection4] INFO  impl.RoleInfo (RoleInfo.java:updateAndGet(143)) - 1af067e9-5d8b-4781-8606-882f77d13ba4: start LeaderState
2019-10-29 17:00:08,452 [1af067e9-5d8b-4781-8606-882f77d13ba4@group-D9F9B50746FF-LeaderElection5] INFO  impl.LeaderElection (LeaderElection.java:askForVotes(178)) - 1af067e9-5d8b-4781-8606-882f77d13ba4@group-D9F9B50746FF-LeaderElection5: begin an election at term 1 for -1: [0e75b48c-d7aa-4e03-80ae-8a3dbbfa9a5f:192.168.164.217:44576, 1af067e9-5d8b-4781-8606-882f77d13ba4:192.168.164.217:40841, 232051d8-5931-42a0-96bb-6f6ade3885cb:192.168.164.217:38775], old=null
2019-10-29 17:00:08,474 [0e75b48c-d7aa-4e03-80ae-8a3dbbfa9a5f@group-D785EE2B86F3-LeaderElection2] INFO  segmented.SegmentedRaftLogWorker (SegmentedRaftLogWorker.java:startLogSegment(385)) - 0e75b48c-d7aa-4e03-80ae-8a3dbbfa9a5f@group-D785EE2B86F3-SegmentedRaftLogWorker: Starting segment from index:0
2019-10-29 17:00:08,474 [232051d8-5931-42a0-96bb-6f6ade3885cb@group-7008E341C953-LeaderElection1] INFO  segmented.SegmentedRaftLogWorker (SegmentedRaftLogWorker.java:startLogSegment(385)) - 232051d8-5931-42a0-96bb-6f6ade3885cb@group-7008E341C953-SegmentedRaftLogWorker: Starting segment from index:0
2019-10-29 17:00:08,474 [1af067e9-5d8b-4781-8606-882f77d13ba4@group-12D4D8A854AA-LeaderElection4] INFO  segmented.SegmentedRaftLogWorker (SegmentedRaftLogWorker.java:startLogSegment(385)) - 1af067e9-5d8b-4781-8606-882f77d13ba4@group-12D4D8A854AA-SegmentedRaftLogWorker: Starting segment from index:0
2019-10-29 17:00:08,485 [Thread-187] INFO  impl.FollowerState (FollowerState.java:run(111)) - 0e75b48c-d7aa-4e03-80ae-8a3dbbfa9a5f@group-D9F9B50746FF-FollowerState: change to CANDIDATE, lastRpcTime:5106ms, electionTimeout:5106ms
2019-10-29 17:00:08,485 [Thread-187] INFO  impl.RoleInfo (RoleInfo.java:shutdownFollowerState(121)) - 0e75b48c-d7aa-4e03-80ae-8a3dbbfa9a5f: shutdown FollowerState
2019-10-29 17:00:08,485 [Thread-187] INFO  impl.RaftServerImpl (RaftServerImpl.java:setRole(173)) - 0e75b48c-d7aa-4e03-80ae-8a3dbbfa9a5f@group-D9F9B50746FF: changes role from  FOLLOWER to CANDIDATE at term 0 for changeToCandidate
2019-10-29 17:00:08,486 [Thread-187] INFO  impl.RoleInfo (RoleInfo.java:updateAndGet(143)) - 0e75b48c-d7aa-4e03-80ae-8a3dbbfa9a5f: start LeaderElection
2019-10-29 17:00:08,494 [0e75b48c-d7aa-4e03-80ae-8a3dbbfa9a5f@group-D9F9B50746FF-LeaderElection6] INFO  impl.LeaderElection (LeaderElection.java:askForVotes(178)) - 0e75b48c-d7aa-4e03-80ae-8a3dbbfa9a5f@group-D9F9B50746FF-LeaderElection6: begin an election at term 1 for -1: [0e75b48c-d7aa-4e03-80ae-8a3dbbfa9a5f:192.168.164.217:44576, 1af067e9-5d8b-4781-8606-882f77d13ba4:192.168.164.217:40841, 232051d8-5931-42a0-96bb-6f6ade3885cb:192.168.164.217:38775], old=null
2019-10-29 17:00:08,499 [0e75b48c-d7aa-4e03-80ae-8a3dbbfa9a5f@group-D785EE2B86F3-LeaderElection2] INFO  impl.RaftServerImpl (ServerState.java:setRaftConf(356)) - 0e75b48c-d7aa-4e03-80ae-8a3dbbfa9a5f@group-D785EE2B86F3: set configuration 0: [0e75b48c-d7aa-4e03-80ae-8a3dbbfa9a5f:192.168.164.217:44576], old=null at 0
2019-10-29 17:00:08,499 [1af067e9-5d8b-4781-8606-882f77d13ba4@group-12D4D8A854AA-LeaderElection4] INFO  impl.RaftServerImpl (ServerState.java:setRaftConf(356)) - 1af067e9-5d8b-4781-8606-882f77d13ba4@group-12D4D8A854AA: set configuration 0: [1af067e9-5d8b-4781-8606-882f77d13ba4:192.168.164.217:40841], old=null at 0
2019-10-29 17:00:08,499 [232051d8-5931-42a0-96bb-6f6ade3885cb@group-7008E341C953-LeaderElection1] INFO  impl.RaftServerImpl (ServerState.java:setRaftConf(356)) - 232051d8-5931-42a0-96bb-6f6ade3885cb@group-7008E341C953: set configuration 0: [232051d8-5931-42a0-96bb-6f6ade3885cb:192.168.164.217:38775], old=null at 0
2019-10-29 17:00:08,645 [0e75b48c-d7aa-4e03-80ae-8a3dbbfa9a5f@group-D785EE2B86F3-SegmentedRaftLogWorker] INFO  segmented.SegmentedRaftLogWorker (SegmentedRaftLogWorker.java:execute(576)) - 0e75b48c-d7aa-4e03-80ae-8a3dbbfa9a5f@group-D785EE2B86F3-SegmentedRaftLogWorker: created new log segment /workdir/hadoop-ozone/integration-test/target/test-dir/MiniOzoneClusterImpl-91c7dd85-16c7-46e4-98b7-e0cdfed06566/datanode-1/data/ratis/c8d9ca7a-9fbe-4d4b-8ebf-d785ee2b86f3/current/log_inprogress_0
2019-10-29 17:00:08,645 [1af067e9-5d8b-4781-8606-882f77d13ba4@group-12D4D8A854AA-SegmentedRaftLogWorker] INFO  segmented.SegmentedRaftLogWorker (SegmentedRaftLogWorker.java:execute(576)) - 1af067e9-5d8b-4781-8606-882f77d13ba4@group-12D4D8A854AA-SegmentedRaftLogWorker: created new log segment /workdir/hadoop-ozone/integration-test/target/test-dir/MiniOzoneClusterImpl-91c7dd85-16c7-46e4-98b7-e0cdfed06566/datanode-0/data/ratis/6f401cdb-c70a-49d9-8f09-12d4d8a854aa/current/log_inprogress_0
2019-10-29 17:00:08,647 [232051d8-5931-42a0-96bb-6f6ade3885cb@group-7008E341C953-SegmentedRaftLogWorker] INFO  segmented.SegmentedRaftLogWorker (SegmentedRaftLogWorker.java:execute(576)) - 232051d8-5931-42a0-96bb-6f6ade3885cb@group-7008E341C953-SegmentedRaftLogWorker: created new log segment /workdir/hadoop-ozone/integration-test/target/test-dir/MiniOzoneClusterImpl-91c7dd85-16c7-46e4-98b7-e0cdfed06566/datanode-2/data/ratis/95e40222-bf4d-418a-a32c-7008e341c953/current/log_inprogress_0
2019-10-29 17:00:08,900 [0e75b48c-d7aa-4e03-80ae-8a3dbbfa9a5f@group-D9F9B50746FF-LeaderElection6] INFO  impl.LeaderElection (LeaderElection.java:logAndReturn(56)) - 0e75b48c-d7aa-4e03-80ae-8a3dbbfa9a5f@group-D9F9B50746FF-LeaderElection6: Election REJECTED; received 2 response(s) [0e75b48c-d7aa-4e03-80ae-8a3dbbfa9a5f<-1af067e9-5d8b-4781-8606-882f77d13ba4#0:FAIL-t1, 0e75b48c-d7aa-4e03-80ae-8a3dbbfa9a5f<-232051d8-5931-42a0-96bb-6f6ade3885cb#0:FAIL-t1] and 0 exception(s); 0e75b48c-d7aa-4e03-80ae-8a3dbbfa9a5f@group-D9F9B50746FF:t1, leader=null, voted=0e75b48c-d7aa-4e03-80ae-8a3dbbfa9a5f, raftlog=0e75b48c-d7aa-4e03-80ae-8a3dbbfa9a5f@group-D9F9B50746FF-SegmentedRaftLog:OPENED:c-1,f-1,i0, conf=-1: [0e75b48c-d7aa-4e03-80ae-8a3dbbfa9a5f:192.168.164.217:44576, 1af067e9-5d8b-4781-8606-882f77d13ba4:192.168.164.217:40841, 232051d8-5931-42a0-96bb-6f6ade3885cb:192.168.164.217:38775], old=null
2019-10-29 17:00:08,900 [1af067e9-5d8b-4781-8606-882f77d13ba4@group-D9F9B50746FF-LeaderElection5] INFO  impl.LeaderElection (LeaderElection.java:logAndReturn(56)) - 1af067e9-5d8b-4781-8606-882f77d13ba4@group-D9F9B50746FF-LeaderElection5: Election REJECTED; received 2 response(s) [1af067e9-5d8b-4781-8606-882f77d13ba4<-0e75b48c-d7aa-4e03-80ae-8a3dbbfa9a5f#0:FAIL-t1, 1af067e9-5d8b-4781-8606-882f77d13ba4<-232051d8-5931-42a0-96bb-6f6ade3885cb#0:FAIL-t1] and 0 exception(s); 1af067e9-5d8b-4781-8606-882f77d13ba4@group-D9F9B50746FF:t1, leader=null, voted=1af067e9-5d8b-4781-8606-882f77d13ba4, raftlog=1af067e9-5d8b-4781-8606-882f77d13ba4@group-D9F9B50746FF-SegmentedRaftLog:OPENED:c-1,f-1,i0, conf=-1: [0e75b48c-d7aa-4e03-80ae-8a3dbbfa9a5f:192.168.164.217:44576, 1af067e9-5d8b-4781-8606-882f77d13ba4:192.168.164.217:40841, 232051d8-5931-42a0-96bb-6f6ade3885cb:192.168.164.217:38775], old=null
2019-10-29 17:00:08,900 [232051d8-5931-42a0-96bb-6f6ade3885cb@group-D9F9B50746FF-LeaderElection3] INFO  impl.LeaderElection (LeaderElection.java:logAndReturn(56)) - 232051d8-5931-42a0-96bb-6f6ade3885cb@group-D9F9B50746FF-LeaderElection3: Election REJECTED; received 2 response(s) [232051d8-5931-42a0-96bb-6f6ade3885cb<-0e75b48c-d7aa-4e03-80ae-8a3dbbfa9a5f#0:FAIL-t1, 232051d8-5931-42a0-96bb-6f6ade3885cb<-1af067e9-5d8b-4781-8606-882f77d13ba4#0:FAIL-t1] and 0 exception(s); 232051d8-5931-42a0-96bb-6f6ade3885cb@group-D9F9B50746FF:t1, leader=null, voted=232051d8-5931-42a0-96bb-6f6ade3885cb, raftlog=232051d8-5931-42a0-96bb-6f6ade3885cb@group-D9F9B50746FF-SegmentedRaftLog:OPENED:c-1,f-1,i0, conf=-1: [0e75b48c-d7aa-4e03-80ae-8a3dbbfa9a5f:192.168.164.217:44576, 1af067e9-5d8b-4781-8606-882f77d13ba4:192.168.164.217:40841, 232051d8-5931-42a0-96bb-6f6ade3885cb:192.168.164.217:38775], old=null
2019-10-29 17:00:08,902 [0e75b48c-d7aa-4e03-80ae-8a3dbbfa9a5f@group-D9F9B50746FF-LeaderElection6] INFO  impl.RaftServerImpl (RaftServerImpl.java:setRole(173)) - 0e75b48c-d7aa-4e03-80ae-8a3dbbfa9a5f@group-D9F9B50746FF: changes role from CANDIDATE to FOLLOWER at term 1 for DISCOVERED_A_NEW_TERM
2019-10-29 17:00:08,903 [1af067e9-5d8b-4781-8606-882f77d13ba4@group-D9F9B50746FF-LeaderElection5] INFO  impl.RaftServerImpl (RaftServerImpl.java:setRole(173)) - 1af067e9-5d8b-4781-8606-882f77d13ba4@group-D9F9B50746FF: changes role from CANDIDATE to FOLLOWER at term 1 for DISCOVERED_A_NEW_TERM
2019-10-29 17:00:08,904 [232051d8-5931-42a0-96bb-6f6ade3885cb@group-D9F9B50746FF-LeaderElection3] INFO  impl.RaftServerImpl (RaftServerImpl.java:setRole(173)) - 232051d8-5931-42a0-96bb-6f6ade3885cb@group-D9F9B50746FF: changes role from CANDIDATE to FOLLOWER at term 1 for DISCOVERED_A_NEW_TERM
2019-10-29 17:00:08,903 [0e75b48c-d7aa-4e03-80ae-8a3dbbfa9a5f@group-D9F9B50746FF-LeaderElection6] INFO  impl.RoleInfo (RoleInfo.java:shutdownLeaderElection(134)) - 0e75b48c-d7aa-4e03-80ae-8a3dbbfa9a5f: shutdown LeaderElection
2019-10-29 17:00:08,905 [232051d8-5931-42a0-96bb-6f6ade3885cb@group-D9F9B50746FF-LeaderElection3] INFO  impl.RoleInfo (RoleInfo.java:shutdownLeaderElection(134)) - 232051d8-5931-42a0-96bb-6f6ade3885cb: shutdown LeaderElection
2019-10-29 17:00:08,905 [0e75b48c-d7aa-4e03-80ae-8a3dbbfa9a5f@group-D9F9B50746FF-LeaderElection6] INFO  impl.RoleInfo (RoleInfo.java:updateAndGet(143)) - 0e75b48c-d7aa-4e03-80ae-8a3dbbfa9a5f: start FollowerState
2019-10-29 17:00:08,904 [1af067e9-5d8b-4781-8606-882f77d13ba4@group-D9F9B50746FF-LeaderElection5] INFO  impl.RoleInfo (RoleInfo.java:shutdownLeaderElection(134)) - 1af067e9-5d8b-4781-8606-882f77d13ba4: shutdown LeaderElection
2019-10-29 17:00:08,905 [232051d8-5931-42a0-96bb-6f6ade3885cb@group-D9F9B50746FF-LeaderElection3] INFO  impl.RoleInfo (RoleInfo.java:updateAndGet(143)) - 232051d8-5931-42a0-96bb-6f6ade3885cb: start FollowerState
2019-10-29 17:00:08,906 [1af067e9-5d8b-4781-8606-882f77d13ba4@group-D9F9B50746FF-LeaderElection5] INFO  impl.RoleInfo (RoleInfo.java:updateAndGet(143)) - 1af067e9-5d8b-4781-8606-882f77d13ba4: start FollowerState
2019-10-29 17:00:12,409 [main] INFO  ozoneimpl.OzoneContainer (OzoneContainer.java:stop(227)) - Attempting to stop container services.
2019-10-29 17:00:12,409 [ForkJoinPool.commonPool-worker-0] INFO  ozoneimpl.OzoneContainer (OzoneContainer.java:stop(227)) - Attempting to stop container services.
2019-10-29 17:00:12,412 [main] INFO  impl.RaftServerProxy (RaftServerProxy.java:lambda$close$4(314)) - 0e75b48c-d7aa-4e03-80ae-8a3dbbfa9a5f: close
2019-10-29 17:00:12,412 [ForkJoinPool.commonPool-worker-0] INFO  impl.RaftServerProxy (RaftServerProxy.java:lambda$close$4(314)) - 1af067e9-5d8b-4781-8606-882f77d13ba4: close
2019-10-29 17:00:12,414 [main] INFO  impl.RaftServerImpl (RaftServerImpl.java:lambda$shutdown$3(250)) - 0e75b48c-d7aa-4e03-80ae-8a3dbbfa9a5f@group-D785EE2B86F3: shutdown
2019-10-29 17:00:12,414 [ForkJoinPool.commonPool-worker-0] INFO  impl.RaftServerImpl (RaftServerImpl.java:lambda$shutdown$3(250)) - 1af067e9-5d8b-4781-8606-882f77d13ba4@group-12D4D8A854AA: shutdown
2019-10-29 17:00:12,415 [main] INFO  util.JmxRegister (JmxRegister.java:unregister(73)) - Successfully un-registered JMX Bean with object name Ratis:service=RaftServer,group=group-D785EE2B86F3,id=0e75b48c-d7aa-4e03-80ae-8a3dbbfa9a5f
2019-10-29 17:00:12,415 [ForkJoinPool.commonPool-worker-0] INFO  util.JmxRegister (JmxRegister.java:unregister(73)) - Successfully un-registered JMX Bean with object name Ratis:service=RaftServer,group=group-12D4D8A854AA,id=1af067e9-5d8b-4781-8606-882f77d13ba4
2019-10-29 17:00:12,415 [main] INFO  impl.RoleInfo (RoleInfo.java:shutdownLeaderState(104)) - 0e75b48c-d7aa-4e03-80ae-8a3dbbfa9a5f: shutdown LeaderState
2019-10-29 17:00:12,415 [ForkJoinPool.commonPool-worker-0] INFO  impl.RoleInfo (RoleInfo.java:shutdownLeaderState(104)) - 1af067e9-5d8b-4781-8606-882f77d13ba4: shutdown LeaderState
2019-10-29 17:00:12,417 [main] INFO  impl.PendingRequests (PendingRequests.java:sendNotLeaderResponses(206)) - 0e75b48c-d7aa-4e03-80ae-8a3dbbfa9a5f@group-D785EE2B86F3-PendingRequests: sendNotLeaderResponses
2019-10-29 17:00:12,417 [ForkJoinPool.commonPool-worker-0] INFO  impl.PendingRequests (PendingRequests.java:sendNotLeaderResponses(206)) - 1af067e9-5d8b-4781-8606-882f77d13ba4@group-12D4D8A854AA-PendingRequests: sendNotLeaderResponses
2019-10-29 17:00:12,420 [main] INFO  impl.StateMachineUpdater (StateMachineUpdater.java:stopAndJoin(136)) - 0e75b48c-d7aa-4e03-80ae-8a3dbbfa9a5f@group-D785EE2B86F3-StateMachineUpdater: set stopIndex = 0
2019-10-29 17:00:12,420 [ForkJoinPool.commonPool-worker-0] INFO  impl.StateMachineUpdater (StateMachineUpdater.java:stopAndJoin(136)) - 1af067e9-5d8b-4781-8606-882f77d13ba4@group-12D4D8A854AA-StateMachineUpdater: set stopIndex = 0
2019-10-29 17:00:12,422 [main] INFO  impl.RaftServerImpl (ServerState.java:close(387)) - 0e75b48c-d7aa-4e03-80ae-8a3dbbfa9a5f@group-D785EE2B86F3: closes. applyIndex: 0
2019-10-29 17:00:12,422 [ForkJoinPool.commonPool-worker-0] INFO  impl.RaftServerImpl (ServerState.java:close(387)) - 1af067e9-5d8b-4781-8606-882f77d13ba4@group-12D4D8A854AA: closes. applyIndex: 0
2019-10-29 17:00:12,425 [0e75b48c-d7aa-4e03-80ae-8a3dbbfa9a5f@group-D785EE2B86F3-SegmentedRaftLogWorker] INFO  segmented.SegmentedRaftLogWorker (SegmentedRaftLogWorker.java:run(316)) - 0e75b48c-d7aa-4e03-80ae-8a3dbbfa9a5f@group-D785EE2B86F3-SegmentedRaftLogWorker was interrupted, exiting. There are 0 tasks remaining in the queue.
2019-10-29 17:00:12,425 [1af067e9-5d8b-4781-8606-882f77d13ba4@group-12D4D8A854AA-SegmentedRaftLogWorker] INFO  segmented.SegmentedRaftLogWorker (SegmentedRaftLogWorker.java:run(316)) - 1af067e9-5d8b-4781-8606-882f77d13ba4@group-12D4D8A854AA-SegmentedRaftLogWorker was interrupted, exiting. There are 0 tasks remaining in the queue.
2019-10-29 17:00:12,427 [main] INFO  segmented.SegmentedRaftLogWorker (SegmentedRaftLogWorker.java:close(224)) - 0e75b48c-d7aa-4e03-80ae-8a3dbbfa9a5f@group-D785EE2B86F3-SegmentedRaftLogWorker close()
2019-10-29 17:00:12,427 [ForkJoinPool.commonPool-worker-0] INFO  segmented.SegmentedRaftLogWorker (SegmentedRaftLogWorker.java:close(224)) - 1af067e9-5d8b-4781-8606-882f77d13ba4@group-12D4D8A854AA-SegmentedRaftLogWorker close()
2019-10-29 17:00:12,430 [main] INFO  impl.RaftServerImpl (RaftServerImpl.java:lambda$shutdown$3(250)) - 0e75b48c-d7aa-4e03-80ae-8a3dbbfa9a5f@group-D9F9B50746FF: shutdown
2019-10-29 17:00:12,433 [ForkJoinPool.commonPool-worker-0] INFO  impl.RaftServerImpl (RaftServerImpl.java:lambda$shutdown$3(250)) - 1af067e9-5d8b-4781-8606-882f77d13ba4@group-D9F9B50746FF: shutdown
2019-10-29 17:00:12,434 [main] INFO  util.JmxRegister (JmxRegister.java:unregister(73)) - Successfully un-registered JMX Bean with object name Ratis:service=RaftServer,group=group-D9F9B50746FF,id=0e75b48c-d7aa-4e03-80ae-8a3dbbfa9a5f
2019-10-29 17:00:12,434 [ForkJoinPool.commonPool-worker-0] INFO  util.JmxRegister (JmxRegister.java:unregister(73)) - Successfully un-registered JMX Bean with object name Ratis:service=RaftServer,group=group-D9F9B50746FF,id=1af067e9-5d8b-4781-8606-882f77d13ba4
2019-10-29 17:00:12,434 [main] INFO  impl.RoleInfo (RoleInfo.java:shutdownFollowerState(121)) - 0e75b48c-d7aa-4e03-80ae-8a3dbbfa9a5f: shutdown FollowerState
2019-10-29 17:00:12,435 [ForkJoinPool.commonPool-worker-0] INFO  impl.RoleInfo (RoleInfo.java:shutdownFollowerState(121)) - 1af067e9-5d8b-4781-8606-882f77d13ba4: shutdown FollowerState
2019-10-29 17:00:12,435 [Thread-211] INFO  impl.FollowerState (FollowerState.java:run(120)) - 0e75b48c-d7aa-4e03-80ae-8a3dbbfa9a5f@group-D9F9B50746FF-FollowerState was interrupted: java.lang.InterruptedException: sleep interrupted
2019-10-29 17:00:12,436 [Thread-213] INFO  impl.FollowerState (FollowerState.java:run(120)) - 1af067e9-5d8b-4781-8606-882f77d13ba4@group-D9F9B50746FF-FollowerState was interrupted: java.lang.InterruptedException: sleep interrupted
2019-10-29 17:00:12,435 [main] INFO  impl.StateMachineUpdater (StateMachineUpdater.java:stopAndJoin(136)) - 0e75b48c-d7aa-4e03-80ae-8a3dbbfa9a5f@group-D9F9B50746FF-StateMachineUpdater: set stopIndex = -1
2019-10-29 17:00:12,435 [ForkJoinPool.commonPool-worker-0] INFO  impl.StateMachineUpdater (StateMachineUpdater.java:stopAndJoin(136)) - 1af067e9-5d8b-4781-8606-882f77d13ba4@group-D9F9B50746FF-StateMachineUpdater: set stopIndex = -1
2019-10-29 17:00:12,440 [main] INFO  impl.RaftServerImpl (ServerState.java:close(387)) - 0e75b48c-d7aa-4e03-80ae-8a3dbbfa9a5f@group-D9F9B50746FF: closes. applyIndex: -1
2019-10-29 17:00:12,440 [ForkJoinPool.commonPool-worker-0] INFO  impl.RaftServerImpl (ServerState.java:close(387)) - 1af067e9-5d8b-4781-8606-882f77d13ba4@group-D9F9B50746FF: closes. applyIndex: -1
2019-10-29 17:00:12,442 [0e75b48c-d7aa-4e03-80ae-8a3dbbfa9a5f@group-D9F9B50746FF-SegmentedRaftLogWorker] INFO  segmented.SegmentedRaftLogWorker (SegmentedRaftLogWorker.java:run(316)) - 0e75b48c-d7aa-4e03-80ae-8a3dbbfa9a5f@group-D9F9B50746FF-SegmentedRaftLogWorker was interrupted, exiting. There are 0 tasks remaining in the queue.
2019-10-29 17:00:12,443 [1af067e9-5d8b-4781-8606-882f77d13ba4@group-D9F9B50746FF-SegmentedRaftLogWorker] INFO  segmented.SegmentedRaftLogWorker (SegmentedRaftLogWorker.java:run(316)) - 1af067e9-5d8b-4781-8606-882f77d13ba4@group-D9F9B50746FF-SegmentedRaftLogWorker was interrupted, exiting. There are 0 tasks remaining in the queue.
2019-10-29 17:00:12,443 [main] INFO  segmented.SegmentedRaftLogWorker (SegmentedRaftLogWorker.java:close(224)) - 0e75b48c-d7aa-4e03-80ae-8a3dbbfa9a5f@group-D9F9B50746FF-SegmentedRaftLogWorker close()
2019-10-29 17:00:12,443 [ForkJoinPool.commonPool-worker-0] INFO  segmented.SegmentedRaftLogWorker (SegmentedRaftLogWorker.java:close(224)) - 1af067e9-5d8b-4781-8606-882f77d13ba4@group-D9F9B50746FF-SegmentedRaftLogWorker close()
2019-10-29 17:00:12,446 [ForkJoinPool.commonPool-worker-0] INFO  server.GrpcService (GrpcService.java:closeImpl(164)) - 1af067e9-5d8b-4781-8606-882f77d13ba4: shutdown server with port 40841 now
2019-10-29 17:00:12,446 [main] INFO  server.GrpcService (GrpcService.java:closeImpl(164)) - 0e75b48c-d7aa-4e03-80ae-8a3dbbfa9a5f: shutdown server with port 44576 now
2019-10-29 17:00:12,458 [main] INFO  server.GrpcService (GrpcService.java:closeImpl(172)) - 0e75b48c-d7aa-4e03-80ae-8a3dbbfa9a5f: shutdown server with port 44576 successfully
2019-10-29 17:00:12,459 [ForkJoinPool.commonPool-worker-0] INFO  server.GrpcService (GrpcService.java:closeImpl(172)) - 1af067e9-5d8b-4781-8606-882f77d13ba4: shutdown server with port 40841 successfully
2019-10-29 17:00:12,469 [refreshUsed-/workdir/hadoop-ozone/integration-test/target/test-dir/MiniOzoneClusterImpl-91c7dd85-16c7-46e4-98b7-e0cdfed06566/datanode-1/data/containers] WARN  fs.CachingGetSpaceUsed (CachingGetSpaceUsed.java:run(183)) - Thread Interrupted waiting to refresh disk information: sleep interrupted
2019-10-29 17:00:12,473 [refreshUsed-/workdir/hadoop-ozone/integration-test/target/test-dir/MiniOzoneClusterImpl-91c7dd85-16c7-46e4-98b7-e0cdfed06566/datanode-0/data/containers] WARN  fs.CachingGetSpaceUsed (CachingGetSpaceUsed.java:run(183)) - Thread Interrupted waiting to refresh disk information: sleep interrupted
2019-10-29 17:00:12,489 [main] INFO  utils.BackgroundService (BackgroundService.java:shutdown(151)) - Shutting down service BlockDeletingService
2019-10-29 17:00:12,492 [main] INFO  statemachine.DatanodeStateMachine (DatanodeStateMachine.java:stopDaemon(401)) - Ozone container server stopped.
2019-10-29 17:00:12,492 [ForkJoinPool.commonPool-worker-0] INFO  utils.BackgroundService (BackgroundService.java:shutdown(151)) - Shutting down service BlockDeletingService
2019-10-29 17:00:12,492 [main] INFO  handler.ContextHandler (ContextHandler.java:doStop(910)) - Stopped o.e.j.w.WebAppContext@48d293ee{/,null,UNAVAILABLE}{/hddsDatanode}
2019-10-29 17:00:12,494 [ForkJoinPool.commonPool-worker-0] INFO  statemachine.DatanodeStateMachine (DatanodeStateMachine.java:stopDaemon(401)) - Ozone container server stopped.
2019-10-29 17:00:12,495 [main] INFO  server.AbstractConnector (AbstractConnector.java:doStop(318)) - Stopped ServerConnector@146dcfe6{HTTP/1.1,[http/1.1]}{0.0.0.0:0}
2019-10-29 17:00:12,495 [main] INFO  handler.ContextHandler (ContextHandler.java:doStop(910)) - Stopped o.e.j.s.ServletContextHandler@761e788f{/static,jar:file:/home/user/.m2/repository/org/apache/hadoop/hadoop-hdds-container-service/0.5.0-SNAPSHOT/hadoop-hdds-container-service-0.5.0-SNAPSHOT.jar!/webapps/static,UNAVAILABLE}
2019-10-29 17:00:12,496 [ForkJoinPool.commonPool-worker-0] INFO  handler.ContextHandler (ContextHandler.java:doStop(910)) - Stopped o.e.j.w.WebAppContext@78e22d35{/,null,UNAVAILABLE}{/hddsDatanode}
2019-10-29 17:00:12,496 [main] INFO  handler.ContextHandler (ContextHandler.java:doStop(910)) - Stopped o.e.j.s.ServletContextHandler@71904469{/logs,file:///workdir/hadoop-ozone/integration-test/target/log,UNAVAILABLE}
2019-10-29 17:00:12,497 [ForkJoinPool.commonPool-worker-0] INFO  server.AbstractConnector (AbstractConnector.java:doStop(318)) - Stopped ServerConnector@2e8a1ab4{HTTP/1.1,[http/1.1]}{0.0.0.0:0}
2019-10-29 17:00:12,498 [ForkJoinPool.commonPool-worker-0] INFO  handler.ContextHandler (ContextHandler.java:doStop(910)) - Stopped o.e.j.s.ServletContextHandler@30e9ca13{/static,jar:file:/home/user/.m2/repository/org/apache/hadoop/hadoop-hdds-container-service/0.5.0-SNAPSHOT/hadoop-hdds-container-service-0.5.0-SNAPSHOT.jar!/webapps/static,UNAVAILABLE}
2019-10-29 17:00:12,498 [ForkJoinPool.commonPool-worker-0] INFO  handler.ContextHandler (ContextHandler.java:doStop(910)) - Stopped o.e.j.s.ServletContextHandler@472a11ae{/logs,file:///workdir/hadoop-ozone/integration-test/target/log,UNAVAILABLE}
2019-10-29 17:00:13,389 [Datanode State Machine Thread - 0] INFO  statemachine.DatanodeStateMachine (DatanodeStateMachine.java:lambda$startDaemon$0(356)) - Ozone container server started.
2019-10-29 17:00:14,038 [Thread-212] INFO  impl.FollowerState (FollowerState.java:run(111)) - 232051d8-5931-42a0-96bb-6f6ade3885cb@group-D9F9B50746FF-FollowerState: change to CANDIDATE, lastRpcTime:5132ms, electionTimeout:5131ms
2019-10-29 17:00:14,038 [Thread-212] INFO  impl.RoleInfo (RoleInfo.java:shutdownFollowerState(121)) - 232051d8-5931-42a0-96bb-6f6ade3885cb: shutdown FollowerState
2019-10-29 17:00:14,038 [Thread-212] INFO  impl.RaftServerImpl (RaftServerImpl.java:setRole(173)) - 232051d8-5931-42a0-96bb-6f6ade3885cb@group-D9F9B50746FF: changes role from  FOLLOWER to CANDIDATE at term 1 for changeToCandidate
2019-10-29 17:00:14,038 [Thread-212] INFO  impl.RoleInfo (RoleInfo.java:updateAndGet(143)) - 232051d8-5931-42a0-96bb-6f6ade3885cb: start LeaderElection
2019-10-29 17:00:14,055 [232051d8-5931-42a0-96bb-6f6ade3885cb@group-D9F9B50746FF-LeaderElection7] INFO  impl.LeaderElection (LeaderElection.java:askForVotes(178)) - 232051d8-5931-42a0-96bb-6f6ade3885cb@group-D9F9B50746FF-LeaderElection7: begin an election at term 2 for -1: [0e75b48c-d7aa-4e03-80ae-8a3dbbfa9a5f:192.168.164.217:44576, 1af067e9-5d8b-4781-8606-882f77d13ba4:192.168.164.217:40841, 232051d8-5931-42a0-96bb-6f6ade3885cb:192.168.164.217:38775], old=null
2019-10-29 17:00:14,076 [232051d8-5931-42a0-96bb-6f6ade3885cb@group-D9F9B50746FF-LeaderElection7] INFO  impl.LeaderElection (LogUtils.java:infoOrTrace(149)) - 232051d8-5931-42a0-96bb-6f6ade3885cb@group-D9F9B50746FF-LeaderElection7 got exception when requesting votes: {}
java.util.concurrent.ExecutionException: org.apache.ratis.thirdparty.io.grpc.StatusRuntimeException: UNAVAILABLE: io exception
	at java.util.concurrent.FutureTask.report(FutureTask.java:122)
	at java.util.concurrent.FutureTask.get(FutureTask.java:192)
	at org.apache.ratis.server.impl.LeaderElection.waitForResults(LeaderElection.java:259)
	at org.apache.ratis.server.impl.LeaderElection.askForVotes(LeaderElection.java:197)
	at org.apache.ratis.server.impl.LeaderElection.run(LeaderElection.java:133)
	at java.lang.Thread.run(Thread.java:748)
Caused by: org.apache.ratis.thirdparty.io.grpc.StatusRuntimeException: UNAVAILABLE: io exception
	at org.apache.ratis.thirdparty.io.grpc.stub.ClientCalls.toStatusRuntimeException(ClientCalls.java:233)
	at org.apache.ratis.thirdparty.io.grpc.stub.ClientCalls.getUnchecked(ClientCalls.java:214)
	at org.apache.ratis.thirdparty.io.grpc.stub.ClientCalls.blockingUnaryCall(ClientCalls.java:139)
	at org.apache.ratis.proto.grpc.RaftServerProtocolServiceGrpc$RaftServerProtocolServiceBlockingStub.requestVote(RaftServerProtocolServiceGrpc.java:265)
	at org.apache.ratis.grpc.server.GrpcServerProtocolClient.requestVote(GrpcServerProtocolClient.java:99)
	at org.apache.ratis.grpc.server.GrpcService.requestVote(GrpcService.java:204)
	at org.apache.ratis.server.impl.LeaderElection.lambda$submitRequests$1(LeaderElection.java:234)
	at java.util.concurrent.FutureTask.run(FutureTask.java:266)
	at java.util.concurrent.Executors$RunnableAdapter.call(Executors.java:511)
	at java.util.concurrent.FutureTask.run(FutureTask.java:266)
	at java.util.concurrent.ThreadPoolExecutor.runWorker(ThreadPoolExecutor.java:1149)
	at java.util.concurrent.ThreadPoolExecutor$Worker.run(ThreadPoolExecutor.java:624)
	... 1 more
Caused by: org.apache.ratis.thirdparty.io.netty.channel.AbstractChannel$AnnotatedConnectException: Connection refused: /192.168.164.217:40841
	at sun.nio.ch.SocketChannelImpl.checkConnect(Native Method)
	at sun.nio.ch.SocketChannelImpl.finishConnect(SocketChannelImpl.java:717)
	at org.apache.ratis.thirdparty.io.netty.channel.socket.nio.NioSocketChannel.doFinishConnect(NioSocketChannel.java:327)
	at org.apache.ratis.thirdparty.io.netty.channel.nio.AbstractNioChannel$AbstractNioUnsafe.finishConnect(AbstractNioChannel.java:340)
	at org.apache.ratis.thirdparty.io.netty.channel.nio.NioEventLoop.processSelectedKey(NioEventLoop.java:632)
	at org.apache.ratis.thirdparty.io.netty.channel.nio.NioEventLoop.processSelectedKeysOptimized(NioEventLoop.java:579)
	at org.apache.ratis.thirdparty.io.netty.channel.nio.NioEventLoop.processSelectedKeys(NioEventLoop.java:496)
	at org.apache.ratis.thirdparty.io.netty.channel.nio.NioEventLoop.run(NioEventLoop.java:458)
	at org.apache.ratis.thirdparty.io.netty.util.concurrent.SingleThreadEventExecutor$5.run(SingleThreadEventExecutor.java:897)
	at org.apache.ratis.thirdparty.io.netty.util.concurrent.FastThreadLocalRunnable.run(FastThreadLocalRunnable.java:30)
	... 1 more
Caused by: java.net.ConnectException: Connection refused
	... 11 more
2019-10-29 17:00:14,080 [232051d8-5931-42a0-96bb-6f6ade3885cb@group-D9F9B50746FF-LeaderElection7] INFO  impl.LeaderElection (LogUtils.java:infoOrTrace(149)) - 232051d8-5931-42a0-96bb-6f6ade3885cb@group-D9F9B50746FF-LeaderElection7 got exception when requesting votes: {}
java.util.concurrent.ExecutionException: org.apache.ratis.thirdparty.io.grpc.StatusRuntimeException: UNAVAILABLE: io exception
	at java.util.concurrent.FutureTask.report(FutureTask.java:122)
	at java.util.concurrent.FutureTask.get(FutureTask.java:192)
	at org.apache.ratis.server.impl.LeaderElection.waitForResults(LeaderElection.java:259)
	at org.apache.ratis.server.impl.LeaderElection.askForVotes(LeaderElection.java:197)
	at org.apache.ratis.server.impl.LeaderElection.run(LeaderElection.java:133)
	at java.lang.Thread.run(Thread.java:748)
Caused by: org.apache.ratis.thirdparty.io.grpc.StatusRuntimeException: UNAVAILABLE: io exception
	at org.apache.ratis.thirdparty.io.grpc.stub.ClientCalls.toStatusRuntimeException(ClientCalls.java:233)
	at org.apache.ratis.thirdparty.io.grpc.stub.ClientCalls.getUnchecked(ClientCalls.java:214)
	at org.apache.ratis.thirdparty.io.grpc.stub.ClientCalls.blockingUnaryCall(ClientCalls.java:139)
	at org.apache.ratis.proto.grpc.RaftServerProtocolServiceGrpc$RaftServerProtocolServiceBlockingStub.requestVote(RaftServerProtocolServiceGrpc.java:265)
	at org.apache.ratis.grpc.server.GrpcServerProtocolClient.requestVote(GrpcServerProtocolClient.java:99)
	at org.apache.ratis.grpc.server.GrpcService.requestVote(GrpcService.java:204)
	at org.apache.ratis.server.impl.LeaderElection.lambda$submitRequests$1(LeaderElection.java:234)
	at java.util.concurrent.FutureTask.run(FutureTask.java:266)
	at java.util.concurrent.Executors$RunnableAdapter.call(Executors.java:511)
	at java.util.concurrent.FutureTask.run(FutureTask.java:266)
	at java.util.concurrent.ThreadPoolExecutor.runWorker(ThreadPoolExecutor.java:1149)
	at java.util.concurrent.ThreadPoolExecutor$Worker.run(ThreadPoolExecutor.java:624)
	... 1 more
Caused by: org.apache.ratis.thirdparty.io.netty.channel.AbstractChannel$AnnotatedConnectException: Connection refused: /192.168.164.217:44576
	at sun.nio.ch.SocketChannelImpl.checkConnect(Native Method)
	at sun.nio.ch.SocketChannelImpl.finishConnect(SocketChannelImpl.java:717)
	at org.apache.ratis.thirdparty.io.netty.channel.socket.nio.NioSocketChannel.doFinishConnect(NioSocketChannel.java:327)
	at org.apache.ratis.thirdparty.io.netty.channel.nio.AbstractNioChannel$AbstractNioUnsafe.finishConnect(AbstractNioChannel.java:340)
	at org.apache.ratis.thirdparty.io.netty.channel.nio.NioEventLoop.processSelectedKey(NioEventLoop.java:632)
	at org.apache.ratis.thirdparty.io.netty.channel.nio.NioEventLoop.processSelectedKeysOptimized(NioEventLoop.java:579)
	at org.apache.ratis.thirdparty.io.netty.channel.nio.NioEventLoop.processSelectedKeys(NioEventLoop.java:496)
	at org.apache.ratis.thirdparty.io.netty.channel.nio.NioEventLoop.run(NioEventLoop.java:458)
	at org.apache.ratis.thirdparty.io.netty.util.concurrent.SingleThreadEventExecutor$5.run(SingleThreadEventExecutor.java:897)
	at org.apache.ratis.thirdparty.io.netty.util.concurrent.FastThreadLocalRunnable.run(FastThreadLocalRunnable.java:30)
	... 1 more
Caused by: java.net.ConnectException: Connection refused
	... 11 more
2019-10-29 17:00:14,081 [232051d8-5931-42a0-96bb-6f6ade3885cb@group-D9F9B50746FF-LeaderElection7] INFO  impl.LeaderElection (LeaderElection.java:logAndReturn(56)) - 232051d8-5931-42a0-96bb-6f6ade3885cb@group-D9F9B50746FF-LeaderElection7: Election REJECTED; received 0 response(s) [] and 2 exception(s); 232051d8-5931-42a0-96bb-6f6ade3885cb@group-D9F9B50746FF:t2, leader=null, voted=232051d8-5931-42a0-96bb-6f6ade3885cb, raftlog=232051d8-5931-42a0-96bb-6f6ade3885cb@group-D9F9B50746FF-SegmentedRaftLog:OPENED:c-1,f-1,i0, conf=-1: [0e75b48c-d7aa-4e03-80ae-8a3dbbfa9a5f:192.168.164.217:44576, 1af067e9-5d8b-4781-8606-882f77d13ba4:192.168.164.217:40841, 232051d8-5931-42a0-96bb-6f6ade3885cb:192.168.164.217:38775], old=null
2019-10-29 17:00:14,082 [232051d8-5931-42a0-96bb-6f6ade3885cb@group-D9F9B50746FF-LeaderElection7] INFO  impl.LeaderElection (LogUtils.java:infoOrTrace(149)) -   Exception 0: {}
java.util.concurrent.ExecutionException: org.apache.ratis.thirdparty.io.grpc.StatusRuntimeException: UNAVAILABLE: io exception
	at java.util.concurrent.FutureTask.report(FutureTask.java:122)
	at java.util.concurrent.FutureTask.get(FutureTask.java:192)
	at org.apache.ratis.server.impl.LeaderElection.waitForResults(LeaderElection.java:259)
	at org.apache.ratis.server.impl.LeaderElection.askForVotes(LeaderElection.java:197)
	at org.apache.ratis.server.impl.LeaderElection.run(LeaderElection.java:133)
	at java.lang.Thread.run(Thread.java:748)
Caused by: org.apache.ratis.thirdparty.io.grpc.StatusRuntimeException: UNAVAILABLE: io exception
	at org.apache.ratis.thirdparty.io.grpc.stub.ClientCalls.toStatusRuntimeException(ClientCalls.java:233)
	at org.apache.ratis.thirdparty.io.grpc.stub.ClientCalls.getUnchecked(ClientCalls.java:214)
	at org.apache.ratis.thirdparty.io.grpc.stub.ClientCalls.blockingUnaryCall(ClientCalls.java:139)
	at org.apache.ratis.proto.grpc.RaftServerProtocolServiceGrpc$RaftServerProtocolServiceBlockingStub.requestVote(RaftServerProtocolServiceGrpc.java:265)
	at org.apache.ratis.grpc.server.GrpcServerProtocolClient.requestVote(GrpcServerProtocolClient.java:99)
	at org.apache.ratis.grpc.server.GrpcService.requestVote(GrpcService.java:204)
	at org.apache.ratis.server.impl.LeaderElection.lambda$submitRequests$1(LeaderElection.java:234)
	at java.util.concurrent.FutureTask.run(FutureTask.java:266)
	at java.util.concurrent.Executors$RunnableAdapter.call(Executors.java:511)
	at java.util.concurrent.FutureTask.run(FutureTask.java:266)
	at java.util.concurrent.ThreadPoolExecutor.runWorker(ThreadPoolExecutor.java:1149)
	at java.util.concurrent.ThreadPoolExecutor$Worker.run(ThreadPoolExecutor.java:624)
	... 1 more
Caused by: org.apache.ratis.thirdparty.io.netty.channel.AbstractChannel$AnnotatedConnectException: Connection refused: /192.168.164.217:40841
	at sun.nio.ch.SocketChannelImpl.checkConnect(Native Method)
	at sun.nio.ch.SocketChannelImpl.finishConnect(SocketChannelImpl.java:717)
	at org.apache.ratis.thirdparty.io.netty.channel.socket.nio.NioSocketChannel.doFinishConnect(NioSocketChannel.java:327)
	at org.apache.ratis.thirdparty.io.netty.channel.nio.AbstractNioChannel$AbstractNioUnsafe.finishConnect(AbstractNioChannel.java:340)
	at org.apache.ratis.thirdparty.io.netty.channel.nio.NioEventLoop.processSelectedKey(NioEventLoop.java:632)
	at org.apache.ratis.thirdparty.io.netty.channel.nio.NioEventLoop.processSelectedKeysOptimized(NioEventLoop.java:579)
	at org.apache.ratis.thirdparty.io.netty.channel.nio.NioEventLoop.processSelectedKeys(NioEventLoop.java:496)
	at org.apache.ratis.thirdparty.io.netty.channel.nio.NioEventLoop.run(NioEventLoop.java:458)
	at org.apache.ratis.thirdparty.io.netty.util.concurrent.SingleThreadEventExecutor$5.run(SingleThreadEventExecutor.java:897)
	at org.apache.ratis.thirdparty.io.netty.util.concurrent.FastThreadLocalRunnable.run(FastThreadLocalRunnable.java:30)
	... 1 more
Caused by: java.net.ConnectException: Connection refused
	... 11 more
2019-10-29 17:00:14,082 [232051d8-5931-42a0-96bb-6f6ade3885cb@group-D9F9B50746FF-LeaderElection7] INFO  impl.LeaderElection (LogUtils.java:infoOrTrace(149)) -   Exception 1: {}
java.util.concurrent.ExecutionException: org.apache.ratis.thirdparty.io.grpc.StatusRuntimeException: UNAVAILABLE: io exception
	at java.util.concurrent.FutureTask.report(FutureTask.java:122)
	at java.util.concurrent.FutureTask.get(FutureTask.java:192)
	at org.apache.ratis.server.impl.LeaderElection.waitForResults(LeaderElection.java:259)
	at org.apache.ratis.server.impl.LeaderElection.askForVotes(LeaderElection.java:197)
	at org.apache.ratis.server.impl.LeaderElection.run(LeaderElection.java:133)
	at java.lang.Thread.run(Thread.java:748)
Caused by: org.apache.ratis.thirdparty.io.grpc.StatusRuntimeException: UNAVAILABLE: io exception
	at org.apache.ratis.thirdparty.io.grpc.stub.ClientCalls.toStatusRuntimeException(ClientCalls.java:233)
	at org.apache.ratis.thirdparty.io.grpc.stub.ClientCalls.getUnchecked(ClientCalls.java:214)
	at org.apache.ratis.thirdparty.io.grpc.stub.ClientCalls.blockingUnaryCall(ClientCalls.java:139)
	at org.apache.ratis.proto.grpc.RaftServerProtocolServiceGrpc$RaftServerProtocolServiceBlockingStub.requestVote(RaftServerProtocolServiceGrpc.java:265)
	at org.apache.ratis.grpc.server.GrpcServerProtocolClient.requestVote(GrpcServerProtocolClient.java:99)
	at org.apache.ratis.grpc.server.GrpcService.requestVote(GrpcService.java:204)
	at org.apache.ratis.server.impl.LeaderElection.lambda$submitRequests$1(LeaderElection.java:234)
	at java.util.concurrent.FutureTask.run(FutureTask.java:266)
	at java.util.concurrent.Executors$RunnableAdapter.call(Executors.java:511)
	at java.util.concurrent.FutureTask.run(FutureTask.java:266)
	at java.util.concurrent.ThreadPoolExecutor.runWorker(ThreadPoolExecutor.java:1149)
	at java.util.concurrent.ThreadPoolExecutor$Worker.run(ThreadPoolExecutor.java:624)
	... 1 more
Caused by: org.apache.ratis.thirdparty.io.netty.channel.AbstractChannel$AnnotatedConnectException: Connection refused: /192.168.164.217:44576
	at sun.nio.ch.SocketChannelImpl.checkConnect(Native Method)
	at sun.nio.ch.SocketChannelImpl.finishConnect(SocketChannelImpl.java:717)
	at org.apache.ratis.thirdparty.io.netty.channel.socket.nio.NioSocketChannel.doFinishConnect(NioSocketChannel.java:327)
	at org.apache.ratis.thirdparty.io.netty.channel.nio.AbstractNioChannel$AbstractNioUnsafe.finishConnect(AbstractNioChannel.java:340)
	at org.apache.ratis.thirdparty.io.netty.channel.nio.NioEventLoop.processSelectedKey(NioEventLoop.java:632)
	at org.apache.ratis.thirdparty.io.netty.channel.nio.NioEventLoop.processSelectedKeysOptimized(NioEventLoop.java:579)
	at org.apache.ratis.thirdparty.io.netty.channel.nio.NioEventLoop.processSelectedKeys(NioEventLoop.java:496)
	at org.apache.ratis.thirdparty.io.netty.channel.nio.NioEventLoop.run(NioEventLoop.java:458)
	at org.apache.ratis.thirdparty.io.netty.util.concurrent.SingleThreadEventExecutor$5.run(SingleThreadEventExecutor.java:897)
	at org.apache.ratis.thirdparty.io.netty.util.concurrent.FastThreadLocalRunnable.run(FastThreadLocalRunnable.java:30)
	... 1 more
Caused by: java.net.ConnectException: Connection refused
	... 11 more
2019-10-29 17:00:14,083 [232051d8-5931-42a0-96bb-6f6ade3885cb@group-D9F9B50746FF-LeaderElection7] INFO  impl.RaftServerImpl (RaftServerImpl.java:setRole(173)) - 232051d8-5931-42a0-96bb-6f6ade3885cb@group-D9F9B50746FF: changes role from CANDIDATE to FOLLOWER at term 2 for DISCOVERED_A_NEW_TERM
2019-10-29 17:00:14,084 [232051d8-5931-42a0-96bb-6f6ade3885cb@group-D9F9B50746FF-LeaderElection7] INFO  impl.RoleInfo (RoleInfo.java:shutdownLeaderElection(134)) - 232051d8-5931-42a0-96bb-6f6ade3885cb: shutdown LeaderElection
2019-10-29 17:00:14,085 [232051d8-5931-42a0-96bb-6f6ade3885cb@group-D9F9B50746FF-LeaderElection7] INFO  impl.RoleInfo (RoleInfo.java:updateAndGet(143)) - 232051d8-5931-42a0-96bb-6f6ade3885cb: start FollowerState
2019-10-29 17:00:17,498 [main] INFO  ozoneimpl.OzoneContainer (OzoneContainer.java:stop(227)) - Attempting to stop container services.
2019-10-29 17:00:17,500 [main] INFO  impl.RaftServerProxy (RaftServerProxy.java:lambda$close$4(314)) - 232051d8-5931-42a0-96bb-6f6ade3885cb: close
2019-10-29 17:00:17,501 [main] INFO  impl.RaftServerImpl (RaftServerImpl.java:lambda$shutdown$3(250)) - 232051d8-5931-42a0-96bb-6f6ade3885cb@group-7008E341C953: shutdown
2019-10-29 17:00:17,501 [ForkJoinPool.commonPool-worker-1] INFO  impl.RaftServerImpl (RaftServerImpl.java:lambda$shutdown$3(250)) - 232051d8-5931-42a0-96bb-6f6ade3885cb@group-D9F9B50746FF: shutdown
2019-10-29 17:00:17,501 [main] INFO  util.JmxRegister (JmxRegister.java:unregister(73)) - Successfully un-registered JMX Bean with object name Ratis:service=RaftServer,group=group-7008E341C953,id=232051d8-5931-42a0-96bb-6f6ade3885cb
2019-10-29 17:00:17,501 [ForkJoinPool.commonPool-worker-1] INFO  util.JmxRegister (JmxRegister.java:unregister(73)) - Successfully un-registered JMX Bean with object name Ratis:service=RaftServer,group=group-D9F9B50746FF,id=232051d8-5931-42a0-96bb-6f6ade3885cb
2019-10-29 17:00:17,502 [main] INFO  impl.RoleInfo (RoleInfo.java:shutdownLeaderState(104)) - 232051d8-5931-42a0-96bb-6f6ade3885cb: shutdown LeaderState
2019-10-29 17:00:17,502 [ForkJoinPool.commonPool-worker-1] INFO  impl.RoleInfo (RoleInfo.java:shutdownFollowerState(121)) - 232051d8-5931-42a0-96bb-6f6ade3885cb: shutdown FollowerState
2019-10-29 17:00:17,502 [main] INFO  impl.PendingRequests (PendingRequests.java:sendNotLeaderResponses(206)) - 232051d8-5931-42a0-96bb-6f6ade3885cb@group-7008E341C953-PendingRequests: sendNotLeaderResponses
2019-10-29 17:00:17,503 [Thread-217] INFO  impl.FollowerState (FollowerState.java:run(120)) - 232051d8-5931-42a0-96bb-6f6ade3885cb@group-D9F9B50746FF-FollowerState was interrupted: java.lang.InterruptedException: sleep interrupted
2019-10-29 17:00:17,503 [ForkJoinPool.commonPool-worker-1] INFO  impl.StateMachineUpdater (StateMachineUpdater.java:stopAndJoin(136)) - 232051d8-5931-42a0-96bb-6f6ade3885cb@group-D9F9B50746FF-StateMachineUpdater: set stopIndex = -1
2019-10-29 17:00:17,505 [main] INFO  impl.StateMachineUpdater (StateMachineUpdater.java:stopAndJoin(136)) - 232051d8-5931-42a0-96bb-6f6ade3885cb@group-7008E341C953-StateMachineUpdater: set stopIndex = 0
2019-10-29 17:00:17,506 [ForkJoinPool.commonPool-worker-1] INFO  impl.RaftServerImpl (ServerState.java:close(387)) - 232051d8-5931-42a0-96bb-6f6ade3885cb@group-D9F9B50746FF: closes. applyIndex: -1
2019-10-29 17:00:17,507 [main] INFO  impl.RaftServerImpl (ServerState.java:close(387)) - 232051d8-5931-42a0-96bb-6f6ade3885cb@group-7008E341C953: closes. applyIndex: 0
2019-10-29 17:00:17,507 [232051d8-5931-42a0-96bb-6f6ade3885cb@group-D9F9B50746FF-SegmentedRaftLogWorker] INFO  segmented.SegmentedRaftLogWorker (SegmentedRaftLogWorker.java:run(316)) - 232051d8-5931-42a0-96bb-6f6ade3885cb@group-D9F9B50746FF-SegmentedRaftLogWorker was interrupted, exiting. There are 0 tasks remaining in the queue.
2019-10-29 17:00:17,507 [232051d8-5931-42a0-96bb-6f6ade3885cb@group-7008E341C953-SegmentedRaftLogWorker] INFO  segmented.SegmentedRaftLogWorker (SegmentedRaftLogWorker.java:run(316)) - 232051d8-5931-42a0-96bb-6f6ade3885cb@group-7008E341C953-SegmentedRaftLogWorker was interrupted, exiting. There are 0 tasks remaining in the queue.
2019-10-29 17:00:17,507 [ForkJoinPool.commonPool-worker-1] INFO  segmented.SegmentedRaftLogWorker (SegmentedRaftLogWorker.java:close(224)) - 232051d8-5931-42a0-96bb-6f6ade3885cb@group-D9F9B50746FF-SegmentedRaftLogWorker close()
2019-10-29 17:00:17,509 [main] INFO  segmented.SegmentedRaftLogWorker (SegmentedRaftLogWorker.java:close(224)) - 232051d8-5931-42a0-96bb-6f6ade3885cb@group-7008E341C953-SegmentedRaftLogWorker close()
2019-10-29 17:00:17,510 [main] INFO  server.GrpcService (GrpcService.java:closeImpl(164)) - 232051d8-5931-42a0-96bb-6f6ade3885cb: shutdown server with port 38775 now
2019-10-29 17:00:17,514 [main] INFO  server.GrpcService (GrpcService.java:closeImpl(172)) - 232051d8-5931-42a0-96bb-6f6ade3885cb: shutdown server with port 38775 successfully
2019-10-29 17:00:17,524 [refreshUsed-/workdir/hadoop-ozone/integration-test/target/test-dir/MiniOzoneClusterImpl-91c7dd85-16c7-46e4-98b7-e0cdfed06566/datanode-2/data/containers] WARN  fs.CachingGetSpaceUsed (CachingGetSpaceUsed.java:run(183)) - Thread Interrupted waiting to refresh disk information: sleep interrupted
2019-10-29 17:00:17,540 [main] INFO  utils.BackgroundService (BackgroundService.java:shutdown(151)) - Shutting down service BlockDeletingService
2019-10-29 17:00:17,542 [main] INFO  statemachine.DatanodeStateMachine (DatanodeStateMachine.java:stopDaemon(401)) - Ozone container server stopped.
2019-10-29 17:00:17,543 [main] INFO  handler.ContextHandler (ContextHandler.java:doStop(910)) - Stopped o.e.j.w.WebAppContext@60bbacfc{/,null,UNAVAILABLE}{/hddsDatanode}
2019-10-29 17:00:17,544 [main] INFO  server.AbstractConnector (AbstractConnector.java:doStop(318)) - Stopped ServerConnector@65b97f47{HTTP/1.1,[http/1.1]}{0.0.0.0:0}
2019-10-29 17:00:17,544 [main] INFO  handler.ContextHandler (ContextHandler.java:doStop(910)) - Stopped o.e.j.s.ServletContextHandler@1effd53c{/static,jar:file:/home/user/.m2/repository/org/apache/hadoop/hadoop-hdds-container-service/0.5.0-SNAPSHOT/hadoop-hdds-container-service-0.5.0-SNAPSHOT.jar!/webapps/static,UNAVAILABLE}
2019-10-29 17:00:17,545 [main] INFO  handler.ContextHandler (ContextHandler.java:doStop(910)) - Stopped o.e.j.s.ServletContextHandler@31ee2fdb{/logs,file:///workdir/hadoop-ozone/integration-test/target/log,UNAVAILABLE}
2019-10-29 17:00:17,546 [main] INFO  ozone.MiniOzoneClusterImpl (MiniOzoneClusterImpl.java:stopSCM(416)) - Stopping the StorageContainerManager
2019-10-29 17:00:17,546 [main] INFO  server.StorageContainerManager (StorageContainerManager.java:stop(809)) - Stopping Replication Manager Service.
2019-10-29 17:00:17,546 [main] INFO  container.ReplicationManager (ReplicationManager.java:stop(203)) - Stopping Replication Monitor Thread.
2019-10-29 17:00:17,546 [main] INFO  server.StorageContainerManager (StorageContainerManager.java:stop(816)) - Stopping Lease Manager of the command watchers
2019-10-29 17:00:17,546 [main] INFO  server.StorageContainerManager (StorageContainerManager.java:stop(823)) - Stopping datanode service RPC server
2019-10-29 17:00:17,547 [main] INFO  server.SCMDatanodeProtocolServer (SCMDatanodeProtocolServer.java:stop(366)) - Stopping the RPC server for DataNodes
2019-10-29 17:00:17,547 [main] INFO  ipc.Server (Server.java:stop(3082)) - Stopping server on 42509
2019-10-29 17:00:17,548 [IPC Server listener on 42509] INFO  ipc.Server (Server.java:run(1185)) - Stopping IPC Server listener on 42509
2019-10-29 17:00:17,549 [IPC Server Responder] INFO  ipc.Server (Server.java:run(1319)) - Stopping IPC Server Responder
2019-10-29 17:00:17,626 [SCM Heartbeat Processing Thread - 0] WARN  node.NodeStateManager (NodeStateManager.java:scheduleNextHealthCheck(646)) - Current Thread is interrupted, shutting down HB processing thread for Node Manager.
2019-10-29 17:00:17,626 [main] INFO  server.StorageContainerManager (StorageContainerManager.java:stop(831)) - Stopping block service RPC server
2019-10-29 17:00:17,627 [main] INFO  server.SCMBlockProtocolServer (SCMBlockProtocolServer.java:stop(155)) - Stopping the RPC server for Block Protocol
2019-10-29 17:00:17,627 [main] INFO  ipc.Server (Server.java:stop(3082)) - Stopping server on 38774
2019-10-29 17:00:17,627 [IPC Server listener on 38774] INFO  ipc.Server (Server.java:run(1185)) - Stopping IPC Server listener on 38774
2019-10-29 17:00:17,628 [main] INFO  server.StorageContainerManager (StorageContainerManager.java:stop(838)) - Stopping the StorageContainerLocationProtocol RPC server
2019-10-29 17:00:17,628 [main] INFO  server.SCMClientProtocolServer (SCMClientProtocolServer.java:stop(168)) - Stopping the RPC server for Client Protocol
2019-10-29 17:00:17,628 [IPC Server Responder] INFO  ipc.Server (Server.java:run(1319)) - Stopping IPC Server Responder
2019-10-29 17:00:17,629 [main] INFO  ipc.Server (Server.java:stop(3082)) - Stopping server on 39925
2019-10-29 17:00:17,631 [IPC Server listener on 39925] INFO  ipc.Server (Server.java:run(1185)) - Stopping IPC Server listener on 39925
2019-10-29 17:00:17,631 [main] INFO  server.StorageContainerManager (StorageContainerManager.java:stop(845)) - Stopping Storage Container Manager HTTP server.
2019-10-29 17:00:17,631 [IPC Server Responder] INFO  ipc.Server (Server.java:run(1319)) - Stopping IPC Server Responder
2019-10-29 17:00:17,632 [main] INFO  handler.ContextHandler (ContextHandler.java:doStop(910)) - Stopped o.e.j.w.WebAppContext@617fe9e1{/,null,UNAVAILABLE}{/scm}
2019-10-29 17:00:17,633 [main] INFO  server.AbstractConnector (AbstractConnector.java:doStop(318)) - Stopped ServerConnector@5aceec94{HTTP/1.1,[http/1.1]}{0.0.0.0:0}
2019-10-29 17:00:17,633 [main] INFO  handler.ContextHandler (ContextHandler.java:doStop(910)) - Stopped o.e.j.s.ServletContextHandler@77a7cf58{/static,file:///workdir/hadoop-ozone/integration-test/target/test-classes/webapps/static,UNAVAILABLE}
2019-10-29 17:00:17,634 [main] INFO  handler.ContextHandler (ContextHandler.java:doStop(910)) - Stopped o.e.j.s.ServletContextHandler@4d722ac9{/logs,file:///workdir/hadoop-ozone/integration-test/target/log,UNAVAILABLE}
2019-10-29 17:00:17,635 [main] INFO  server.StorageContainerManager (StorageContainerManager.java:stop(856)) - Stopping Block Manager Service.
2019-10-29 17:00:17,635 [main] INFO  utils.BackgroundService (BackgroundService.java:shutdown(151)) - Shutting down service SCMBlockDeletingService
2019-10-29 17:00:17,636 [main] INFO  utils.BackgroundService (BackgroundService.java:shutdown(151)) - Shutting down service SCMBlockDeletingService
2019-10-29 17:00:17,637 [main] INFO  server.StorageContainerManager (StorageContainerManager.java:stop(878)) - Stopping SCM Event Queue.
2019-10-29 17:00:17,644 [main] INFO  impl.MetricsSystemImpl (MetricsSystemImpl.java:stop(210)) - Stopping HddsDatanode metrics system...
2019-10-29 17:00:17,648 [prometheus] INFO  impl.MetricsSinkAdapter (MetricsSinkAdapter.java:publishMetricsFromQueue(141)) - prometheus thread interrupted.
2019-10-29 17:00:17,648 [main] INFO  impl.MetricsSystemImpl (MetricsSystemImpl.java:stop(216)) - HddsDatanode metrics system stopped.
]]></system-out>
    <system-err><![CDATA[ERROR StatusLogger No Log4j 2 configuration file found. Using default configuration (logging only errors to the console), or user programmatically provided configurations. Set system property 'log4j2.debug' to show Log4j 2 internal initialization logging. See https://logging.apache.org/log4j/2.x/manual/configuration.html for instructions on how to configure Log4j 2
]]></system-err>
  </testcase>
  <testcase name="testHBProcessingFailure" classname="org.apache.hadoop.ozone.scm.node.TestSCMNodeMetrics" time="21.393"/>
  <testcase name="testHBProcessing" classname="org.apache.hadoop.ozone.scm.node.TestSCMNodeMetrics" time="21.169">
    <failure message="Bad value for metric NumHBProcessed expected:&lt;21&gt; but was:&lt;22&gt;" type="java.lang.AssertionError"><![CDATA[java.lang.AssertionError: Bad value for metric NumHBProcessed expected:<21> but was:<22>
	at org.junit.Assert.fail(Assert.java:88)
	at org.junit.Assert.failNotEquals(Assert.java:743)
	at org.junit.Assert.assertEquals(Assert.java:118)
	at org.junit.Assert.assertEquals(Assert.java:555)
	at org.apache.hadoop.test.MetricsAsserts.assertCounter(MetricsAsserts.java:227)
	at org.apache.hadoop.ozone.scm.node.TestSCMNodeMetrics.testHBProcessing(TestSCMNodeMetrics.java:70)
	at sun.reflect.NativeMethodAccessorImpl.invoke0(Native Method)
	at sun.reflect.NativeMethodAccessorImpl.invoke(NativeMethodAccessorImpl.java:62)
	at sun.reflect.DelegatingMethodAccessorImpl.invoke(DelegatingMethodAccessorImpl.java:43)
	at java.lang.reflect.Method.invoke(Method.java:498)
	at org.junit.runners.model.FrameworkMethod$1.runReflectiveCall(FrameworkMethod.java:47)
	at org.junit.internal.runners.model.ReflectiveCallable.run(ReflectiveCallable.java:12)
	at org.junit.runners.model.FrameworkMethod.invokeExplosively(FrameworkMethod.java:44)
	at org.junit.internal.runners.statements.InvokeMethod.evaluate(InvokeMethod.java:17)
	at org.junit.internal.runners.statements.RunBefores.evaluate(RunBefores.java:26)
	at org.junit.internal.runners.statements.RunAfters.evaluate(RunAfters.java:27)
	at org.junit.runners.ParentRunner.runLeaf(ParentRunner.java:271)
	at org.junit.runners.BlockJUnit4ClassRunner.runChild(BlockJUnit4ClassRunner.java:70)
	at org.junit.runners.BlockJUnit4ClassRunner.runChild(BlockJUnit4ClassRunner.java:50)
	at org.junit.runners.ParentRunner$3.run(ParentRunner.java:238)
	at org.junit.runners.ParentRunner$1.schedule(ParentRunner.java:63)
	at org.junit.runners.ParentRunner.runChildren(ParentRunner.java:236)
	at org.junit.runners.ParentRunner.access$000(ParentRunner.java:53)
	at org.junit.runners.ParentRunner$2.evaluate(ParentRunner.java:229)
	at org.junit.runners.ParentRunner.run(ParentRunner.java:309)
	at org.apache.maven.surefire.junit4.JUnit4Provider.execute(JUnit4Provider.java:365)
	at org.apache.maven.surefire.junit4.JUnit4Provider.executeWithRerun(JUnit4Provider.java:273)
	at org.apache.maven.surefire.junit4.JUnit4Provider.executeTestSet(JUnit4Provider.java:238)
	at org.apache.maven.surefire.junit4.JUnit4Provider.invoke(JUnit4Provider.java:159)
	at org.apache.maven.surefire.booter.ForkedBooter.invokeProviderInSameClassLoader(ForkedBooter.java:384)
	at org.apache.maven.surefire.booter.ForkedBooter.runSuitesInProcess(ForkedBooter.java:345)
	at org.apache.maven.surefire.booter.ForkedBooter.execute(ForkedBooter.java:126)
	at org.apache.maven.surefire.booter.ForkedBooter.main(ForkedBooter.java:418)
]]></failure>
    <system-out><![CDATA[2019-10-29 17:00:39,099 [main] WARN  server.ServerUtils (ServerUtils.java:getScmDbDir(145)) - ozone.scm.db.dirs is not configured. We recommend adding this setting. Falling back to ozone.metadata.dirs instead.
2019-10-29 17:00:39,122 [main] WARN  server.ServerUtils (ServerUtils.java:getScmDbDir(145)) - ozone.scm.db.dirs is not configured. We recommend adding this setting. Falling back to ozone.metadata.dirs instead.
2019-10-29 17:00:39,122 [main] WARN  server.ServerUtils (ServerUtils.java:getScmDbDir(145)) - ozone.scm.db.dirs is not configured. We recommend adding this setting. Falling back to ozone.metadata.dirs instead.
2019-10-29 17:00:39,123 [main] INFO  db.DBStoreBuilder (DBStoreBuilder.java:addTable(127)) - using custom profile for table: deletedBlocks
2019-10-29 17:00:39,123 [main] INFO  db.DBStoreBuilder (DBStoreBuilder.java:processTables(183)) - Using default column profile:DBProfile.DISK for Table:deletedBlocks
2019-10-29 17:00:39,124 [main] INFO  db.DBStoreBuilder (DBStoreBuilder.java:addTable(127)) - using custom profile for table: validCerts
2019-10-29 17:00:39,124 [main] INFO  db.DBStoreBuilder (DBStoreBuilder.java:processTables(183)) - Using default column profile:DBProfile.DISK for Table:validCerts
2019-10-29 17:00:39,124 [main] INFO  db.DBStoreBuilder (DBStoreBuilder.java:addTable(127)) - using custom profile for table: revokedCerts
2019-10-29 17:00:39,124 [main] INFO  db.DBStoreBuilder (DBStoreBuilder.java:processTables(183)) - Using default column profile:DBProfile.DISK for Table:revokedCerts
2019-10-29 17:00:39,125 [main] INFO  db.DBStoreBuilder (DBStoreBuilder.java:addTable(127)) - using custom profile for table: default
2019-10-29 17:00:39,125 [main] INFO  db.DBStoreBuilder (DBStoreBuilder.java:processTables(189)) - Using default column profile:DBProfile.DISK for Table:default
2019-10-29 17:00:39,125 [main] INFO  db.DBStoreBuilder (DBStoreBuilder.java:getDbProfile(220)) - Using default options. DBProfile.DISK
2019-10-29 17:00:39,185 [main] INFO  net.NodeSchemaLoader (NodeSchemaLoader.java:loadSchemaFromFile(125)) - Loading file from sun.misc.CompoundEnumeration@2ab26378
2019-10-29 17:00:39,185 [main] INFO  net.NodeSchemaLoader (NodeSchemaLoader.java:loadSchema(171)) - Loading network topology layer schema file
2019-10-29 17:00:39,190 [main] WARN  server.ServerUtils (ServerUtils.java:sanitizeUserArgs(70)) - ozone.scm.stale.node.interval value = 300000 is larger than max = 100000 based on the key value of ozone.scm.heartbeat.thread.interval, reset to the max value 100000.
2019-10-29 17:00:39,190 [main] WARN  server.ServerUtils (ServerUtils.java:sanitizeUserArgs(70)) - ozone.scm.stale.node.interval value = 300000 is larger than max = 100000 based on the key value of ozone.scm.heartbeat.thread.interval, reset to the max value 100000.
2019-10-29 17:00:39,190 [main] INFO  node.SCMNodeManager (SCMNodeManager.java:<init>(116)) - Entering startup safe mode.
2019-10-29 17:00:39,191 [main] INFO  algorithms.ContainerPlacementPolicyFactory (ContainerPlacementPolicyFactory.java:getPolicy(57)) - Create container placement policy of type org.apache.hadoop.hdds.scm.container.placement.algorithms.SCMContainerPlacementRandom
2019-10-29 17:00:39,192 [main] WARN  server.ServerUtils (ServerUtils.java:getScmDbDir(145)) - ozone.scm.db.dirs is not configured. We recommend adding this setting. Falling back to ozone.metadata.dirs instead.
2019-10-29 17:00:39,214 [main] INFO  pipeline.SCMPipelineManager (SCMPipelineManager.java:initializePipelineState(136)) - No pipeline exists in current db
2019-10-29 17:00:39,214 [main] WARN  server.ServerUtils (ServerUtils.java:getScmDbDir(145)) - ozone.scm.db.dirs is not configured. We recommend adding this setting. Falling back to ozone.metadata.dirs instead.
2019-10-29 17:00:39,237 [main] INFO  safemode.HealthyPipelineSafeModeRule (HealthyPipelineSafeModeRule.java:<init>(91)) -  Total pipeline count is 0, healthy pipeline threshold count is 1
2019-10-29 17:00:39,238 [main] INFO  safemode.OneReplicaPipelineSafeModeRule (OneReplicaPipelineSafeModeRule.java:<init>(79)) - Total pipeline count is 0, pipeline's with at least one datanode reported threshold count is 0
2019-10-29 17:00:39,238 [main] WARN  events.EventQueue (EventQueue.java:fireEvent(183)) - No event handler registered for event TypedEvent{payloadType=SafeModeStatus, name='SafeModeStatus'}
2019-10-29 17:00:39,240 [main] INFO  ipc.CallQueueManager (CallQueueManager.java:<init>(84)) - Using callQueue: class java.util.concurrent.LinkedBlockingQueue, queueCapacity: 2000, scheduler: class org.apache.hadoop.ipc.DefaultRpcScheduler, ipcBackoff: false.
2019-10-29 17:00:39,241 [Socket Reader #1 for port 45538] INFO  ipc.Server (Server.java:run(1074)) - Starting Socket Reader #1 for port 45538
2019-10-29 17:00:39,242 [main] INFO  ipc.CallQueueManager (CallQueueManager.java:<init>(84)) - Using callQueue: class java.util.concurrent.LinkedBlockingQueue, queueCapacity: 2000, scheduler: class org.apache.hadoop.ipc.DefaultRpcScheduler, ipcBackoff: false.
2019-10-29 17:00:39,243 [Socket Reader #1 for port 34282] INFO  ipc.Server (Server.java:run(1074)) - Starting Socket Reader #1 for port 34282
2019-10-29 17:00:39,244 [main] INFO  ipc.CallQueueManager (CallQueueManager.java:<init>(84)) - Using callQueue: class java.util.concurrent.LinkedBlockingQueue, queueCapacity: 2000, scheduler: class org.apache.hadoop.ipc.DefaultRpcScheduler, ipcBackoff: false.
2019-10-29 17:00:39,244 [Socket Reader #1 for port 44649] INFO  ipc.Server (Server.java:run(1074)) - Starting Socket Reader #1 for port 44649
2019-10-29 17:00:39,247 [main] INFO  hdfs.DFSUtil (DFSUtil.java:httpServerTemplateForNNAndJN(1641)) - Starting Web-server for scm at: http://0.0.0.0:0
2019-10-29 17:00:39,250 [main] INFO  server.AuthenticationFilter (AuthenticationFilter.java:constructSecretProvider(240)) - Unable to initialize FileSignerSecretProvider, falling back to use random secrets.
2019-10-29 17:00:39,251 [main] WARN  http.HttpRequestLog (HttpRequestLog.java:getRequestLog(97)) - Jetty request log can only be enabled using Log4j
2019-10-29 17:00:39,254 [main] INFO  http.HttpServer2 (HttpServer2.java:addGlobalFilter(975)) - Added global filter 'safety' (class=org.apache.hadoop.http.HttpServer2$QuotingInputFilter)
2019-10-29 17:00:39,255 [main] INFO  http.HttpServer2 (HttpServer2.java:addFilter(948)) - Added filter static_user_filter (class=org.apache.hadoop.http.lib.StaticUserWebFilter$StaticUserFilter) to context scm
2019-10-29 17:00:39,256 [main] INFO  http.HttpServer2 (HttpServer2.java:addFilter(958)) - Added filter static_user_filter (class=org.apache.hadoop.http.lib.StaticUserWebFilter$StaticUserFilter) to context static
2019-10-29 17:00:39,256 [main] INFO  http.HttpServer2 (HttpServer2.java:addFilter(958)) - Added filter static_user_filter (class=org.apache.hadoop.http.lib.StaticUserWebFilter$StaticUserFilter) to context logs
2019-10-29 17:00:39,261 [main] INFO  server.StorageContainerManager (StorageContainerManager.java:start(771)) - StorageContainerLocationProtocol RPC server is listening at /0.0.0.0:44649
2019-10-29 17:00:39,264 [main] WARN  impl.MetricsConfig (MetricsConfig.java:loadFirst(134)) - Cannot locate configuration: tried hadoop-metrics2-storagecontainermanager.properties,hadoop-metrics2.properties
2019-10-29 17:00:39,265 [main] INFO  impl.MetricsSystemImpl (MetricsSystemImpl.java:startTimer(374)) - Scheduled Metric snapshot period at 10 second(s).
2019-10-29 17:00:39,265 [main] INFO  impl.MetricsSystemImpl (MetricsSystemImpl.java:start(191)) - StorageContainerManager metrics system started
2019-10-29 17:00:39,285 [main] WARN  impl.MetricsSystemImpl (MetricsSystemImpl.java:register(276)) - Sink prometheus already exists!
2019-10-29 17:00:39,296 [main] INFO  server.SCMClientProtocolServer (SCMClientProtocolServer.java:start(159)) - RPC server for Client  is listening at /0.0.0.0:44649
2019-10-29 17:00:39,297 [IPC Server listener on 44649] INFO  ipc.Server (Server.java:run(1153)) - IPC Server listener on 44649: starting
2019-10-29 17:00:39,297 [IPC Server Responder] INFO  ipc.Server (Server.java:run(1314)) - IPC Server Responder: starting
2019-10-29 17:00:39,300 [main] INFO  server.StorageContainerManager (StorageContainerManager.java:start(781)) - ScmBlockLocationProtocol RPC server is listening at /0.0.0.0:34282
2019-10-29 17:00:39,301 [main] INFO  server.SCMBlockProtocolServer (SCMBlockProtocolServer.java:start(146)) - RPC server for Block Protocol is listening at /0.0.0.0:34282
2019-10-29 17:00:39,301 [IPC Server Responder] INFO  ipc.Server (Server.java:run(1314)) - IPC Server Responder: starting
2019-10-29 17:00:39,301 [IPC Server listener on 34282] INFO  ipc.Server (Server.java:run(1153)) - IPC Server listener on 34282: starting
2019-10-29 17:00:39,304 [main] INFO  server.StorageContainerManager (StorageContainerManager.java:start(785)) - ScmDatanodeProtocl RPC server is listening at /0.0.0.0:45538
2019-10-29 17:00:39,304 [main] INFO  server.SCMDatanodeProtocolServer (SCMDatanodeProtocolServer.java:start(177)) - RPC server for DataNodes is listening at /0.0.0.0:45538
2019-10-29 17:00:39,305 [IPC Server Responder] INFO  ipc.Server (Server.java:run(1314)) - IPC Server Responder: starting
2019-10-29 17:00:39,306 [IPC Server listener on 45538] INFO  ipc.Server (Server.java:run(1153)) - IPC Server listener on 45538: starting
2019-10-29 17:00:39,308 [main] INFO  http.HttpServer2 (HttpServer2.java:bindListener(1191)) - Jetty bound to port 42281
2019-10-29 17:00:39,308 [main] INFO  server.Server (Server.java:doStart(351)) - jetty-9.3.25.v20180904, build timestamp: 2018-09-04T21:11:46Z, git hash: 3ce520221d0240229c862b122d2b06c12a625732
2019-10-29 17:00:39,310 [main] INFO  handler.ContextHandler (ContextHandler.java:doStart(781)) - Started o.e.j.s.ServletContextHandler@6d074b14{/logs,file:///workdir/hadoop-ozone/integration-test/target/log,AVAILABLE}
2019-10-29 17:00:39,311 [main] INFO  handler.ContextHandler (ContextHandler.java:doStart(781)) - Started o.e.j.s.ServletContextHandler@559cedee{/static,file:///workdir/hadoop-ozone/integration-test/target/test-classes/webapps/static,AVAILABLE}
2019-10-29 17:00:39,315 [main] INFO  handler.ContextHandler (ContextHandler.java:doStart(781)) - Started o.e.j.w.WebAppContext@3456558{/,file:///workdir/hadoop-ozone/integration-test/target/test-classes/webapps/scm/,AVAILABLE}{/scm}
2019-10-29 17:00:39,316 [main] INFO  server.AbstractConnector (AbstractConnector.java:doStart(278)) - Started ServerConnector@2dfb885e{HTTP/1.1,[http/1.1]}{0.0.0.0:42281}
2019-10-29 17:00:39,316 [main] INFO  server.Server (Server.java:doStart(419)) - Started @47945ms
2019-10-29 17:00:39,316 [main] WARN  impl.MetricsSystemImpl (MetricsSystemImpl.java:register(276)) - Sink prometheus already exists!
2019-10-29 17:00:39,317 [main] INFO  server.BaseHttpServer (BaseHttpServer.java:updateConnectorAddress(215)) - HTTP server of SCM is listening at http://0.0.0.0:42281
2019-10-29 17:00:39,318 [main] WARN  server.ServerUtils (ServerUtils.java:getDBPath(222)) - ozone.om.db.dirs is not configured. We recommend adding this setting. Falling back to ozone.metadata.dirs instead.
2019-10-29 17:00:39,318 [org.apache.hadoop.util.JvmPauseMonitor$Monitor@1e3e1014] INFO  util.JvmPauseMonitor (JvmPauseMonitor.java:run(188)) - Starting JVM pause monitor
2019-10-29 17:00:39,325 [main] INFO  ha.OMHANodeDetails (OMHANodeDetails.java:loadOMHAConfig(190)) - Configuration either no ozone.om.address set. Falling back to the default OM address /127.0.0.1:0
2019-10-29 17:00:39,325 [main] INFO  ha.OMHANodeDetails (OMHANodeDetails.java:getOMNodeDetails(220)) - OM Service ID is not set. Setting it to the default ID: omServiceIdDefault
2019-10-29 17:00:39,326 [main] WARN  server.ServerUtils (ServerUtils.java:getDBPath(222)) - ozone.om.db.dirs is not configured. We recommend adding this setting. Falling back to ozone.metadata.dirs instead.
2019-10-29 17:00:39,326 [main] WARN  server.ServerUtils (ServerUtils.java:getDBPath(222)) - ozone.om.db.dirs is not configured. We recommend adding this setting. Falling back to ozone.metadata.dirs instead.
2019-10-29 17:00:39,335 [main] WARN  server.ServerUtils (ServerUtils.java:getDBPath(222)) - ozone.om.db.dirs is not configured. We recommend adding this setting. Falling back to ozone.metadata.dirs instead.
2019-10-29 17:00:39,336 [main] INFO  db.DBStoreBuilder (DBStoreBuilder.java:addTable(127)) - using custom profile for table: userTable
2019-10-29 17:00:39,336 [main] INFO  db.DBStoreBuilder (DBStoreBuilder.java:processTables(183)) - Using default column profile:DBProfile.DISK for Table:userTable
2019-10-29 17:00:39,336 [main] INFO  db.DBStoreBuilder (DBStoreBuilder.java:addTable(127)) - using custom profile for table: volumeTable
2019-10-29 17:00:39,336 [main] INFO  db.DBStoreBuilder (DBStoreBuilder.java:processTables(183)) - Using default column profile:DBProfile.DISK for Table:volumeTable
2019-10-29 17:00:39,337 [main] INFO  db.DBStoreBuilder (DBStoreBuilder.java:addTable(127)) - using custom profile for table: bucketTable
2019-10-29 17:00:39,337 [main] INFO  db.DBStoreBuilder (DBStoreBuilder.java:processTables(183)) - Using default column profile:DBProfile.DISK for Table:bucketTable
2019-10-29 17:00:39,337 [main] INFO  db.DBStoreBuilder (DBStoreBuilder.java:addTable(127)) - using custom profile for table: keyTable
2019-10-29 17:00:39,338 [main] INFO  db.DBStoreBuilder (DBStoreBuilder.java:processTables(183)) - Using default column profile:DBProfile.DISK for Table:keyTable
2019-10-29 17:00:39,338 [main] INFO  db.DBStoreBuilder (DBStoreBuilder.java:addTable(127)) - using custom profile for table: deletedTable
2019-10-29 17:00:39,338 [main] INFO  db.DBStoreBuilder (DBStoreBuilder.java:processTables(183)) - Using default column profile:DBProfile.DISK for Table:deletedTable
2019-10-29 17:00:39,338 [main] INFO  db.DBStoreBuilder (DBStoreBuilder.java:addTable(127)) - using custom profile for table: openKeyTable
2019-10-29 17:00:39,339 [main] INFO  db.DBStoreBuilder (DBStoreBuilder.java:processTables(183)) - Using default column profile:DBProfile.DISK for Table:openKeyTable
2019-10-29 17:00:39,339 [main] INFO  db.DBStoreBuilder (DBStoreBuilder.java:addTable(127)) - using custom profile for table: s3Table
2019-10-29 17:00:39,339 [main] INFO  db.DBStoreBuilder (DBStoreBuilder.java:processTables(183)) - Using default column profile:DBProfile.DISK for Table:s3Table
2019-10-29 17:00:39,339 [main] INFO  db.DBStoreBuilder (DBStoreBuilder.java:addTable(127)) - using custom profile for table: multipartInfoTable
2019-10-29 17:00:39,340 [main] INFO  db.DBStoreBuilder (DBStoreBuilder.java:processTables(183)) - Using default column profile:DBProfile.DISK for Table:multipartInfoTable
2019-10-29 17:00:39,340 [main] INFO  db.DBStoreBuilder (DBStoreBuilder.java:addTable(127)) - using custom profile for table: dTokenTable
2019-10-29 17:00:39,340 [main] INFO  db.DBStoreBuilder (DBStoreBuilder.java:processTables(183)) - Using default column profile:DBProfile.DISK for Table:dTokenTable
2019-10-29 17:00:39,341 [main] INFO  db.DBStoreBuilder (DBStoreBuilder.java:addTable(127)) - using custom profile for table: s3SecretTable
2019-10-29 17:00:39,341 [main] INFO  db.DBStoreBuilder (DBStoreBuilder.java:processTables(183)) - Using default column profile:DBProfile.DISK for Table:s3SecretTable
2019-10-29 17:00:39,341 [main] INFO  db.DBStoreBuilder (DBStoreBuilder.java:addTable(127)) - using custom profile for table: prefixTable
2019-10-29 17:00:39,341 [main] INFO  db.DBStoreBuilder (DBStoreBuilder.java:processTables(183)) - Using default column profile:DBProfile.DISK for Table:prefixTable
2019-10-29 17:00:39,341 [main] INFO  db.DBStoreBuilder (DBStoreBuilder.java:addTable(127)) - using custom profile for table: default
2019-10-29 17:00:39,342 [main] INFO  db.DBStoreBuilder (DBStoreBuilder.java:processTables(189)) - Using default column profile:DBProfile.DISK for Table:default
2019-10-29 17:00:39,342 [main] INFO  db.DBStoreBuilder (DBStoreBuilder.java:getDbProfile(220)) - Using default options. DBProfile.DISK
2019-10-29 17:00:39,634 [main] INFO  ipc.CallQueueManager (CallQueueManager.java:<init>(84)) - Using callQueue: class java.util.concurrent.LinkedBlockingQueue, queueCapacity: 2000, scheduler: class org.apache.hadoop.ipc.DefaultRpcScheduler, ipcBackoff: false.
2019-10-29 17:00:39,635 [Socket Reader #1 for port 44366] INFO  ipc.Server (Server.java:run(1074)) - Starting Socket Reader #1 for port 44366
2019-10-29 17:00:39,651 [main] INFO  om.OzoneManager (OzoneManager.java:start(1074)) - OzoneManager RPC server is listening at localhost/127.0.0.1:44366
2019-10-29 17:00:39,651 [main] INFO  impl.MetricsSystemImpl (MetricsSystemImpl.java:init(158)) - OzoneManager metrics system started (again)
2019-10-29 17:00:39,652 [IPC Server Responder] INFO  ipc.Server (Server.java:run(1314)) - IPC Server Responder: starting
2019-10-29 17:00:39,653 [IPC Server listener on 44366] INFO  ipc.Server (Server.java:run(1153)) - IPC Server listener on 44366: starting
2019-10-29 17:00:39,658 [main] INFO  hdfs.DFSUtil (DFSUtil.java:httpServerTemplateForNNAndJN(1641)) - Starting Web-server for ozoneManager at: http://0.0.0.0:0
2019-10-29 17:00:39,661 [main] INFO  server.AuthenticationFilter (AuthenticationFilter.java:constructSecretProvider(240)) - Unable to initialize FileSignerSecretProvider, falling back to use random secrets.
2019-10-29 17:00:39,661 [main] WARN  http.HttpRequestLog (HttpRequestLog.java:getRequestLog(97)) - Jetty request log can only be enabled using Log4j
2019-10-29 17:00:39,664 [main] INFO  http.HttpServer2 (HttpServer2.java:addGlobalFilter(975)) - Added global filter 'safety' (class=org.apache.hadoop.http.HttpServer2$QuotingInputFilter)
2019-10-29 17:00:39,666 [main] INFO  http.HttpServer2 (HttpServer2.java:addFilter(948)) - Added filter static_user_filter (class=org.apache.hadoop.http.lib.StaticUserWebFilter$StaticUserFilter) to context ozoneManager
2019-10-29 17:00:39,666 [main] INFO  http.HttpServer2 (HttpServer2.java:addFilter(958)) - Added filter static_user_filter (class=org.apache.hadoop.http.lib.StaticUserWebFilter$StaticUserFilter) to context logs
2019-10-29 17:00:39,666 [main] INFO  http.HttpServer2 (HttpServer2.java:addFilter(958)) - Added filter static_user_filter (class=org.apache.hadoop.http.lib.StaticUserWebFilter$StaticUserFilter) to context static
2019-10-29 17:00:39,667 [main] INFO  http.HttpServer2 (HttpServer2.java:bindListener(1191)) - Jetty bound to port 37253
2019-10-29 17:00:39,667 [main] INFO  server.Server (Server.java:doStart(351)) - jetty-9.3.25.v20180904, build timestamp: 2018-09-04T21:11:46Z, git hash: 3ce520221d0240229c862b122d2b06c12a625732
2019-10-29 17:00:39,670 [main] INFO  handler.ContextHandler (ContextHandler.java:doStart(781)) - Started o.e.j.s.ServletContextHandler@30c4e352{/logs,file:///workdir/hadoop-ozone/integration-test/target/log,AVAILABLE}
2019-10-29 17:00:39,670 [main] INFO  handler.ContextHandler (ContextHandler.java:doStart(781)) - Started o.e.j.s.ServletContextHandler@73809e7{/static,file:///workdir/hadoop-ozone/integration-test/target/test-classes/webapps/static,AVAILABLE}
2019-10-29 17:00:39,676 [main] INFO  handler.ContextHandler (ContextHandler.java:doStart(781)) - Started o.e.j.w.WebAppContext@656f62dc{/,file:///workdir/hadoop-ozone/integration-test/target/test-classes/webapps/ozoneManager/,AVAILABLE}{/ozoneManager}
2019-10-29 17:00:39,677 [main] INFO  server.AbstractConnector (AbstractConnector.java:doStart(278)) - Started ServerConnector@49d30c6f{HTTP/1.1,[http/1.1]}{0.0.0.0:37253}
2019-10-29 17:00:39,678 [main] INFO  server.Server (Server.java:doStart(419)) - Started @48306ms
2019-10-29 17:00:39,678 [main] WARN  impl.MetricsSystemImpl (MetricsSystemImpl.java:register(276)) - Sink prometheus already exists!
2019-10-29 17:00:39,679 [main] INFO  server.BaseHttpServer (BaseHttpServer.java:updateConnectorAddress(215)) - HTTP server of OZONEMANAGER is listening at http://0.0.0.0:37253
2019-10-29 17:00:39,688 [main] INFO  impl.MetricsSystemImpl (MetricsSystemImpl.java:init(158)) - HddsDatanode metrics system started (again)
2019-10-29 17:00:39,690 [main] INFO  ozone.HddsDatanodeService (HddsDatanodeService.java:start(184)) - HddsDatanodeService host:pr-hdds-2034-76npd-2451761435 ip:192.168.164.217
2019-10-29 17:00:39,697 [main] INFO  volume.HddsVolume (HddsVolume.java:<init>(176)) - Creating Volume: /workdir/hadoop-ozone/integration-test/target/test-dir/MiniOzoneClusterImpl-aab27e9b-3d67-49de-9494-0bd40dea1365/datanode-0/data/containers/hdds of  storage type : DISK and capacity : 1482555576320
2019-10-29 17:00:39,697 [main] INFO  volume.VolumeSet (VolumeSet.java:initializeVolumeSet(170)) - Added Volume : /workdir/hadoop-ozone/integration-test/target/test-dir/MiniOzoneClusterImpl-aab27e9b-3d67-49de-9494-0bd40dea1365/datanode-0/data/containers/hdds to VolumeSet
2019-10-29 17:00:39,698 [main] INFO  volume.ThrottledAsyncChecker (ThrottledAsyncChecker.java:schedule(141)) - Scheduling a check for /workdir/hadoop-ozone/integration-test/target/test-dir/MiniOzoneClusterImpl-aab27e9b-3d67-49de-9494-0bd40dea1365/datanode-0/data/containers/hdds
2019-10-29 17:00:39,698 [main] INFO  volume.HddsVolumeChecker (HddsVolumeChecker.java:checkAllVolumes(204)) - Scheduled health check for volume /workdir/hadoop-ozone/integration-test/target/test-dir/MiniOzoneClusterImpl-aab27e9b-3d67-49de-9494-0bd40dea1365/datanode-0/data/containers/hdds
2019-10-29 17:00:39,713 [main] INFO  impl.RaftServerProxy (ConfUtils.java:logGet(43)) - raft.rpc.type = GRPC (default)
2019-10-29 17:00:39,713 [main] INFO  grpc.GrpcFactory (GrpcFactory.java:checkPooledByteBufAllocatorUseCacheForAllThreads(45)) - PERFORMANCE WARNING: useCacheForAllThreads is true that may cause Netty to create a lot garbage objects and, as a result, trigger GC.
	It is recommended to disable useCacheForAllThreads by setting -Dorg.apache.ratis.thirdparty.io.netty.allocator.useCacheForAllThreads=false in command line.
2019-10-29 17:00:39,714 [main] INFO  grpc.GrpcConfigKeys$Server (ConfUtils.java:logGet(43)) - raft.grpc.server.port = 0 (default)
2019-10-29 17:00:39,714 [main] INFO  server.GrpcService (ConfUtils.java:logGet(43)) - raft.grpc.message.size.max = 33570816 (custom)
2019-10-29 17:00:39,714 [main] INFO  server.RaftServerConfigKeys (ConfUtils.java:logGet(43)) - raft.server.log.appender.buffer.byte-limit = 33554432 (custom)
2019-10-29 17:00:39,714 [main] INFO  server.GrpcService (ConfUtils.java:logGet(43)) - raft.grpc.flow.control.window = 1MB (=1048576) (default)
2019-10-29 17:00:39,714 [main] INFO  server.RaftServerConfigKeys (ConfUtils.java:logGet(43)) - raft.server.rpc.request.timeout = 3000ms (default)
2019-10-29 17:00:39,715 [main] INFO  server.RaftServerConfigKeys (ConfUtils.java:logGet(43)) - raft.server.storage.dir = [/workdir/hadoop-ozone/integration-test/target/test-dir/MiniOzoneClusterImpl-aab27e9b-3d67-49de-9494-0bd40dea1365/datanode-0/data/ratis] (custom)
2019-10-29 17:00:39,717 [main] INFO  hdfs.DFSUtil (DFSUtil.java:httpServerTemplateForNNAndJN(1641)) - Starting Web-server for hddsDatanode at: http://0.0.0.0:0
2019-10-29 17:00:39,718 [main] INFO  server.AuthenticationFilter (AuthenticationFilter.java:constructSecretProvider(240)) - Unable to initialize FileSignerSecretProvider, falling back to use random secrets.
2019-10-29 17:00:39,719 [main] WARN  http.HttpRequestLog (HttpRequestLog.java:getRequestLog(97)) - Jetty request log can only be enabled using Log4j
2019-10-29 17:00:39,720 [main] INFO  http.HttpServer2 (HttpServer2.java:addGlobalFilter(975)) - Added global filter 'safety' (class=org.apache.hadoop.http.HttpServer2$QuotingInputFilter)
2019-10-29 17:00:39,721 [main] INFO  http.HttpServer2 (HttpServer2.java:addFilter(948)) - Added filter static_user_filter (class=org.apache.hadoop.http.lib.StaticUserWebFilter$StaticUserFilter) to context hddsDatanode
2019-10-29 17:00:39,721 [main] INFO  http.HttpServer2 (HttpServer2.java:addFilter(958)) - Added filter static_user_filter (class=org.apache.hadoop.http.lib.StaticUserWebFilter$StaticUserFilter) to context static
2019-10-29 17:00:39,721 [main] INFO  http.HttpServer2 (HttpServer2.java:addFilter(958)) - Added filter static_user_filter (class=org.apache.hadoop.http.lib.StaticUserWebFilter$StaticUserFilter) to context logs
2019-10-29 17:00:39,721 [main] INFO  http.HttpServer2 (HttpServer2.java:bindListener(1191)) - Jetty bound to port 37840
2019-10-29 17:00:39,722 [main] INFO  server.Server (Server.java:doStart(351)) - jetty-9.3.25.v20180904, build timestamp: 2018-09-04T21:11:46Z, git hash: 3ce520221d0240229c862b122d2b06c12a625732
2019-10-29 17:00:39,724 [main] INFO  handler.ContextHandler (ContextHandler.java:doStart(781)) - Started o.e.j.s.ServletContextHandler@66f28a1f{/logs,file:///workdir/hadoop-ozone/integration-test/target/log,AVAILABLE}
2019-10-29 17:00:39,724 [main] INFO  handler.ContextHandler (ContextHandler.java:doStart(781)) - Started o.e.j.s.ServletContextHandler@44a085e5{/static,jar:file:/home/user/.m2/repository/org/apache/hadoop/hadoop-hdds-container-service/0.5.0-SNAPSHOT/hadoop-hdds-container-service-0.5.0-SNAPSHOT.jar!/webapps/static,AVAILABLE}
2019-10-29 17:00:39,755 [main] INFO  handler.ContextHandler (ContextHandler.java:doStart(781)) - Started o.e.j.w.WebAppContext@6b63e6ad{/,file:///tmp/jetty-0.0.0.0-37840-hddsDatanode-_-any-6372730971415167428.dir/webapp/,AVAILABLE}{/hddsDatanode}
2019-10-29 17:00:39,756 [main] INFO  server.AbstractConnector (AbstractConnector.java:doStart(278)) - Started ServerConnector@7beae796{HTTP/1.1,[http/1.1]}{0.0.0.0:37840}
2019-10-29 17:00:39,756 [main] INFO  server.Server (Server.java:doStart(419)) - Started @48385ms
2019-10-29 17:00:39,756 [main] WARN  impl.MetricsSystemImpl (MetricsSystemImpl.java:register(276)) - Sink prometheus already exists!
2019-10-29 17:00:39,757 [main] INFO  server.BaseHttpServer (BaseHttpServer.java:updateConnectorAddress(215)) - HTTP server of HDDSDATANODE is listening at http://0.0.0.0:37840
2019-10-29 17:00:39,758 [main] INFO  impl.MetricsSystemImpl (MetricsSystemImpl.java:init(158)) - HddsDatanode metrics system started (again)
2019-10-29 17:00:39,761 [org.apache.hadoop.util.JvmPauseMonitor$Monitor@65275435] INFO  util.JvmPauseMonitor (JvmPauseMonitor.java:run(188)) - Starting JVM pause monitor
2019-10-29 17:00:39,761 [main] INFO  ozone.HddsDatanodeService (HddsDatanodeService.java:start(184)) - HddsDatanodeService host:pr-hdds-2034-76npd-2451761435 ip:192.168.164.217
2019-10-29 17:00:39,764 [Datanode State Machine Thread - 0] INFO  datanode.InitDatanodeState (InitDatanodeState.java:persistContainerDatanodeDetails(140)) - DatanodeDetails is persisted to /workdir/hadoop-ozone/integration-test/target/test-dir/MiniOzoneClusterImpl-aab27e9b-3d67-49de-9494-0bd40dea1365/datanode-0/meta/datanode.id
2019-10-29 17:00:39,768 [main] INFO  volume.HddsVolume (HddsVolume.java:<init>(176)) - Creating Volume: /workdir/hadoop-ozone/integration-test/target/test-dir/MiniOzoneClusterImpl-aab27e9b-3d67-49de-9494-0bd40dea1365/datanode-1/data/containers/hdds of  storage type : DISK and capacity : 1482555576320
2019-10-29 17:00:39,768 [main] INFO  volume.VolumeSet (VolumeSet.java:initializeVolumeSet(170)) - Added Volume : /workdir/hadoop-ozone/integration-test/target/test-dir/MiniOzoneClusterImpl-aab27e9b-3d67-49de-9494-0bd40dea1365/datanode-1/data/containers/hdds to VolumeSet
2019-10-29 17:00:39,768 [main] INFO  volume.ThrottledAsyncChecker (ThrottledAsyncChecker.java:schedule(141)) - Scheduling a check for /workdir/hadoop-ozone/integration-test/target/test-dir/MiniOzoneClusterImpl-aab27e9b-3d67-49de-9494-0bd40dea1365/datanode-1/data/containers/hdds
2019-10-29 17:00:39,769 [main] INFO  volume.HddsVolumeChecker (HddsVolumeChecker.java:checkAllVolumes(204)) - Scheduled health check for volume /workdir/hadoop-ozone/integration-test/target/test-dir/MiniOzoneClusterImpl-aab27e9b-3d67-49de-9494-0bd40dea1365/datanode-1/data/containers/hdds
2019-10-29 17:00:39,785 [main] INFO  impl.RaftServerProxy (ConfUtils.java:logGet(43)) - raft.rpc.type = GRPC (default)
2019-10-29 17:00:39,785 [main] INFO  grpc.GrpcFactory (GrpcFactory.java:checkPooledByteBufAllocatorUseCacheForAllThreads(45)) - PERFORMANCE WARNING: useCacheForAllThreads is true that may cause Netty to create a lot garbage objects and, as a result, trigger GC.
	It is recommended to disable useCacheForAllThreads by setting -Dorg.apache.ratis.thirdparty.io.netty.allocator.useCacheForAllThreads=false in command line.
2019-10-29 17:00:39,785 [main] INFO  grpc.GrpcConfigKeys$Server (ConfUtils.java:logGet(43)) - raft.grpc.server.port = 0 (default)
2019-10-29 17:00:39,785 [main] INFO  server.GrpcService (ConfUtils.java:logGet(43)) - raft.grpc.message.size.max = 33570816 (custom)
2019-10-29 17:00:39,785 [main] INFO  server.RaftServerConfigKeys (ConfUtils.java:logGet(43)) - raft.server.log.appender.buffer.byte-limit = 33554432 (custom)
2019-10-29 17:00:39,786 [main] INFO  server.GrpcService (ConfUtils.java:logGet(43)) - raft.grpc.flow.control.window = 1MB (=1048576) (default)
2019-10-29 17:00:39,786 [main] INFO  server.RaftServerConfigKeys (ConfUtils.java:logGet(43)) - raft.server.rpc.request.timeout = 3000ms (default)
2019-10-29 17:00:39,786 [main] INFO  server.RaftServerConfigKeys (ConfUtils.java:logGet(43)) - raft.server.storage.dir = [/workdir/hadoop-ozone/integration-test/target/test-dir/MiniOzoneClusterImpl-aab27e9b-3d67-49de-9494-0bd40dea1365/datanode-1/data/ratis] (custom)
2019-10-29 17:00:39,788 [main] INFO  hdfs.DFSUtil (DFSUtil.java:httpServerTemplateForNNAndJN(1641)) - Starting Web-server for hddsDatanode at: http://0.0.0.0:0
2019-10-29 17:00:39,789 [main] INFO  server.AuthenticationFilter (AuthenticationFilter.java:constructSecretProvider(240)) - Unable to initialize FileSignerSecretProvider, falling back to use random secrets.
2019-10-29 17:00:39,789 [main] WARN  http.HttpRequestLog (HttpRequestLog.java:getRequestLog(97)) - Jetty request log can only be enabled using Log4j
2019-10-29 17:00:39,791 [main] INFO  http.HttpServer2 (HttpServer2.java:addGlobalFilter(975)) - Added global filter 'safety' (class=org.apache.hadoop.http.HttpServer2$QuotingInputFilter)
2019-10-29 17:00:39,792 [main] INFO  http.HttpServer2 (HttpServer2.java:addFilter(948)) - Added filter static_user_filter (class=org.apache.hadoop.http.lib.StaticUserWebFilter$StaticUserFilter) to context hddsDatanode
2019-10-29 17:00:39,792 [main] INFO  http.HttpServer2 (HttpServer2.java:addFilter(958)) - Added filter static_user_filter (class=org.apache.hadoop.http.lib.StaticUserWebFilter$StaticUserFilter) to context static
2019-10-29 17:00:39,792 [main] INFO  http.HttpServer2 (HttpServer2.java:addFilter(958)) - Added filter static_user_filter (class=org.apache.hadoop.http.lib.StaticUserWebFilter$StaticUserFilter) to context logs
2019-10-29 17:00:39,793 [main] INFO  http.HttpServer2 (HttpServer2.java:bindListener(1191)) - Jetty bound to port 46360
2019-10-29 17:00:39,793 [main] INFO  server.Server (Server.java:doStart(351)) - jetty-9.3.25.v20180904, build timestamp: 2018-09-04T21:11:46Z, git hash: 3ce520221d0240229c862b122d2b06c12a625732
2019-10-29 17:00:39,795 [main] INFO  handler.ContextHandler (ContextHandler.java:doStart(781)) - Started o.e.j.s.ServletContextHandler@15c487a8{/logs,file:///workdir/hadoop-ozone/integration-test/target/log,AVAILABLE}
2019-10-29 17:00:39,795 [main] INFO  handler.ContextHandler (ContextHandler.java:doStart(781)) - Started o.e.j.s.ServletContextHandler@7c011174{/static,jar:file:/home/user/.m2/repository/org/apache/hadoop/hadoop-hdds-container-service/0.5.0-SNAPSHOT/hadoop-hdds-container-service-0.5.0-SNAPSHOT.jar!/webapps/static,AVAILABLE}
2019-10-29 17:00:39,827 [main] INFO  handler.ContextHandler (ContextHandler.java:doStart(781)) - Started o.e.j.w.WebAppContext@ceddaf8{/,file:///tmp/jetty-0.0.0.0-46360-hddsDatanode-_-any-2321448375962258218.dir/webapp/,AVAILABLE}{/hddsDatanode}
2019-10-29 17:00:39,827 [main] INFO  server.AbstractConnector (AbstractConnector.java:doStart(278)) - Started ServerConnector@3d90eeb3{HTTP/1.1,[http/1.1]}{0.0.0.0:46360}
2019-10-29 17:00:39,828 [main] INFO  server.Server (Server.java:doStart(419)) - Started @48457ms
2019-10-29 17:00:39,828 [main] WARN  impl.MetricsSystemImpl (MetricsSystemImpl.java:register(276)) - Sink prometheus already exists!
2019-10-29 17:00:39,829 [main] INFO  server.BaseHttpServer (BaseHttpServer.java:updateConnectorAddress(215)) - HTTP server of HDDSDATANODE is listening at http://0.0.0.0:46360
2019-10-29 17:00:39,830 [main] INFO  impl.MetricsSystemImpl (MetricsSystemImpl.java:init(158)) - HddsDatanode metrics system started (again)
2019-10-29 17:00:39,833 [org.apache.hadoop.util.JvmPauseMonitor$Monitor@7dfc5303] INFO  util.JvmPauseMonitor (JvmPauseMonitor.java:run(188)) - Starting JVM pause monitor
2019-10-29 17:00:39,833 [main] INFO  ozone.HddsDatanodeService (HddsDatanodeService.java:start(184)) - HddsDatanodeService host:pr-hdds-2034-76npd-2451761435 ip:192.168.164.217
2019-10-29 17:00:39,836 [Datanode State Machine Thread - 0] INFO  datanode.InitDatanodeState (InitDatanodeState.java:persistContainerDatanodeDetails(140)) - DatanodeDetails is persisted to /workdir/hadoop-ozone/integration-test/target/test-dir/MiniOzoneClusterImpl-aab27e9b-3d67-49de-9494-0bd40dea1365/datanode-1/meta/datanode.id
2019-10-29 17:00:39,840 [main] INFO  volume.HddsVolume (HddsVolume.java:<init>(176)) - Creating Volume: /workdir/hadoop-ozone/integration-test/target/test-dir/MiniOzoneClusterImpl-aab27e9b-3d67-49de-9494-0bd40dea1365/datanode-2/data/containers/hdds of  storage type : DISK and capacity : 1482555576320
2019-10-29 17:00:39,840 [main] INFO  volume.VolumeSet (VolumeSet.java:initializeVolumeSet(170)) - Added Volume : /workdir/hadoop-ozone/integration-test/target/test-dir/MiniOzoneClusterImpl-aab27e9b-3d67-49de-9494-0bd40dea1365/datanode-2/data/containers/hdds to VolumeSet
2019-10-29 17:00:39,840 [main] INFO  volume.ThrottledAsyncChecker (ThrottledAsyncChecker.java:schedule(141)) - Scheduling a check for /workdir/hadoop-ozone/integration-test/target/test-dir/MiniOzoneClusterImpl-aab27e9b-3d67-49de-9494-0bd40dea1365/datanode-2/data/containers/hdds
2019-10-29 17:00:39,841 [main] INFO  volume.HddsVolumeChecker (HddsVolumeChecker.java:checkAllVolumes(204)) - Scheduled health check for volume /workdir/hadoop-ozone/integration-test/target/test-dir/MiniOzoneClusterImpl-aab27e9b-3d67-49de-9494-0bd40dea1365/datanode-2/data/containers/hdds
2019-10-29 17:00:39,855 [main] INFO  impl.RaftServerProxy (ConfUtils.java:logGet(43)) - raft.rpc.type = GRPC (default)
2019-10-29 17:00:39,855 [main] INFO  grpc.GrpcFactory (GrpcFactory.java:checkPooledByteBufAllocatorUseCacheForAllThreads(45)) - PERFORMANCE WARNING: useCacheForAllThreads is true that may cause Netty to create a lot garbage objects and, as a result, trigger GC.
	It is recommended to disable useCacheForAllThreads by setting -Dorg.apache.ratis.thirdparty.io.netty.allocator.useCacheForAllThreads=false in command line.
2019-10-29 17:00:39,856 [main] INFO  grpc.GrpcConfigKeys$Server (ConfUtils.java:logGet(43)) - raft.grpc.server.port = 0 (default)
2019-10-29 17:00:39,856 [main] INFO  server.GrpcService (ConfUtils.java:logGet(43)) - raft.grpc.message.size.max = 33570816 (custom)
2019-10-29 17:00:39,856 [main] INFO  server.RaftServerConfigKeys (ConfUtils.java:logGet(43)) - raft.server.log.appender.buffer.byte-limit = 33554432 (custom)
2019-10-29 17:00:39,856 [main] INFO  server.GrpcService (ConfUtils.java:logGet(43)) - raft.grpc.flow.control.window = 1MB (=1048576) (default)
2019-10-29 17:00:39,857 [main] INFO  server.RaftServerConfigKeys (ConfUtils.java:logGet(43)) - raft.server.rpc.request.timeout = 3000ms (default)
2019-10-29 17:00:39,858 [main] INFO  server.RaftServerConfigKeys (ConfUtils.java:logGet(43)) - raft.server.storage.dir = [/workdir/hadoop-ozone/integration-test/target/test-dir/MiniOzoneClusterImpl-aab27e9b-3d67-49de-9494-0bd40dea1365/datanode-2/data/ratis] (custom)
2019-10-29 17:00:39,860 [main] INFO  hdfs.DFSUtil (DFSUtil.java:httpServerTemplateForNNAndJN(1641)) - Starting Web-server for hddsDatanode at: http://0.0.0.0:0
2019-10-29 17:00:39,862 [main] INFO  server.AuthenticationFilter (AuthenticationFilter.java:constructSecretProvider(240)) - Unable to initialize FileSignerSecretProvider, falling back to use random secrets.
2019-10-29 17:00:39,862 [main] WARN  http.HttpRequestLog (HttpRequestLog.java:getRequestLog(97)) - Jetty request log can only be enabled using Log4j
2019-10-29 17:00:39,863 [main] INFO  http.HttpServer2 (HttpServer2.java:addGlobalFilter(975)) - Added global filter 'safety' (class=org.apache.hadoop.http.HttpServer2$QuotingInputFilter)
2019-10-29 17:00:39,864 [main] INFO  http.HttpServer2 (HttpServer2.java:addFilter(948)) - Added filter static_user_filter (class=org.apache.hadoop.http.lib.StaticUserWebFilter$StaticUserFilter) to context hddsDatanode
2019-10-29 17:00:39,864 [main] INFO  http.HttpServer2 (HttpServer2.java:addFilter(958)) - Added filter static_user_filter (class=org.apache.hadoop.http.lib.StaticUserWebFilter$StaticUserFilter) to context static
2019-10-29 17:00:39,864 [main] INFO  http.HttpServer2 (HttpServer2.java:addFilter(958)) - Added filter static_user_filter (class=org.apache.hadoop.http.lib.StaticUserWebFilter$StaticUserFilter) to context logs
2019-10-29 17:00:39,865 [main] INFO  http.HttpServer2 (HttpServer2.java:bindListener(1191)) - Jetty bound to port 41437
2019-10-29 17:00:39,865 [main] INFO  server.Server (Server.java:doStart(351)) - jetty-9.3.25.v20180904, build timestamp: 2018-09-04T21:11:46Z, git hash: 3ce520221d0240229c862b122d2b06c12a625732
2019-10-29 17:00:39,867 [main] INFO  handler.ContextHandler (ContextHandler.java:doStart(781)) - Started o.e.j.s.ServletContextHandler@5e5aafc6{/logs,file:///workdir/hadoop-ozone/integration-test/target/log,AVAILABLE}
2019-10-29 17:00:39,867 [main] INFO  handler.ContextHandler (ContextHandler.java:doStart(781)) - Started o.e.j.s.ServletContextHandler@5583098b{/static,jar:file:/home/user/.m2/repository/org/apache/hadoop/hadoop-hdds-container-service/0.5.0-SNAPSHOT/hadoop-hdds-container-service-0.5.0-SNAPSHOT.jar!/webapps/static,AVAILABLE}
2019-10-29 17:00:39,898 [main] INFO  handler.ContextHandler (ContextHandler.java:doStart(781)) - Started o.e.j.w.WebAppContext@3e0fbeb5{/,file:///tmp/jetty-0.0.0.0-41437-hddsDatanode-_-any-3576679627963204955.dir/webapp/,AVAILABLE}{/hddsDatanode}
2019-10-29 17:00:39,898 [main] INFO  server.AbstractConnector (AbstractConnector.java:doStart(278)) - Started ServerConnector@3976ebfa{HTTP/1.1,[http/1.1]}{0.0.0.0:41437}
2019-10-29 17:00:39,899 [main] INFO  server.Server (Server.java:doStart(419)) - Started @48528ms
2019-10-29 17:00:39,899 [main] WARN  impl.MetricsSystemImpl (MetricsSystemImpl.java:register(276)) - Sink prometheus already exists!
2019-10-29 17:00:39,900 [main] INFO  server.BaseHttpServer (BaseHttpServer.java:updateConnectorAddress(215)) - HTTP server of HDDSDATANODE is listening at http://0.0.0.0:41437
2019-10-29 17:00:39,901 [main] INFO  ozone.MiniOzoneClusterImpl (MiniOzoneClusterImpl.java:lambda$waitForClusterToBeReady$0(149)) - Waiting for nodes to be ready. Got 0 of 3 DN Heartbeats.
2019-10-29 17:00:39,901 [main] INFO  ozone.MiniOzoneClusterImpl (MiniOzoneClusterImpl.java:lambda$waitForClusterToBeReady$0(152)) - Waiting for cluster to exit safe mode
2019-10-29 17:00:39,903 [org.apache.hadoop.util.JvmPauseMonitor$Monitor@51ca7f93] INFO  util.JvmPauseMonitor (JvmPauseMonitor.java:run(188)) - Starting JVM pause monitor
2019-10-29 17:00:39,906 [Datanode State Machine Thread - 0] INFO  datanode.InitDatanodeState (InitDatanodeState.java:persistContainerDatanodeDetails(140)) - DatanodeDetails is persisted to /workdir/hadoop-ozone/integration-test/target/test-dir/MiniOzoneClusterImpl-aab27e9b-3d67-49de-9494-0bd40dea1365/datanode-2/meta/datanode.id
2019-10-29 17:00:40,902 [main] INFO  ozone.MiniOzoneClusterImpl (MiniOzoneClusterImpl.java:lambda$waitForClusterToBeReady$0(149)) - Waiting for nodes to be ready. Got 0 of 3 DN Heartbeats.
2019-10-29 17:00:40,903 [main] INFO  ozone.MiniOzoneClusterImpl (MiniOzoneClusterImpl.java:lambda$waitForClusterToBeReady$0(152)) - Waiting for cluster to exit safe mode
2019-10-29 17:00:41,782 [Datanode State Machine Thread - 0] INFO  ozoneimpl.OzoneContainer (OzoneContainer.java:start(213)) - Attempting to start container services.
2019-10-29 17:00:41,784 [Datanode State Machine Thread - 0] INFO  ozoneimpl.OzoneContainer (OzoneContainer.java:startContainerScrub(177)) - Background container scanner has been disabled.
2019-10-29 17:00:41,784 [Datanode State Machine Thread - 0] INFO  ratis.XceiverServerRatis (XceiverServerRatis.java:start(419)) - Starting XceiverServerRatis 762a8ef4-06aa-49b5-9be5-e8c25d63ffd4 at port 0
2019-10-29 17:00:41,792 [Datanode State Machine Thread - 0] INFO  impl.RaftServerProxy (RaftServerProxy.java:lambda$start$3(299)) - 762a8ef4-06aa-49b5-9be5-e8c25d63ffd4: start RPC server
2019-10-29 17:00:41,796 [Datanode State Machine Thread - 0] INFO  server.GrpcService (GrpcService.java:startImpl(158)) - 762a8ef4-06aa-49b5-9be5-e8c25d63ffd4: GrpcService started, listening on 0.0.0.0/0.0.0.0:39454
2019-10-29 17:00:41,797 [Datanode State Machine Thread - 0] INFO  ratis.XceiverServerRatis (XceiverServerRatis.java:start(429)) - XceiverServerRatis 762a8ef4-06aa-49b5-9be5-e8c25d63ffd4 is started using port 39454
2019-10-29 17:00:41,798 [Datanode State Machine Thread - 0] INFO  server.XceiverServerGrpc (XceiverServerGrpc.java:start(149)) - XceiverServerGrpc 762a8ef4-06aa-49b5-9be5-e8c25d63ffd4 is started using port 37788
2019-10-29 17:00:41,849 [Datanode State Machine Thread - 0] INFO  ozoneimpl.OzoneContainer (OzoneContainer.java:start(213)) - Attempting to start container services.
2019-10-29 17:00:41,850 [Datanode State Machine Thread - 0] INFO  ozoneimpl.OzoneContainer (OzoneContainer.java:startContainerScrub(177)) - Background container scanner has been disabled.
2019-10-29 17:00:41,851 [Datanode State Machine Thread - 0] INFO  ratis.XceiverServerRatis (XceiverServerRatis.java:start(419)) - Starting XceiverServerRatis b24b64b0-64c5-44da-9f86-e95754209149 at port 0
2019-10-29 17:00:41,858 [Datanode State Machine Thread - 0] INFO  impl.RaftServerProxy (RaftServerProxy.java:lambda$start$3(299)) - b24b64b0-64c5-44da-9f86-e95754209149: start RPC server
2019-10-29 17:00:41,859 [Datanode State Machine Thread - 0] INFO  server.GrpcService (GrpcService.java:startImpl(158)) - b24b64b0-64c5-44da-9f86-e95754209149: GrpcService started, listening on 0.0.0.0/0.0.0.0:41155
2019-10-29 17:00:41,859 [Datanode State Machine Thread - 0] INFO  ratis.XceiverServerRatis (XceiverServerRatis.java:start(429)) - XceiverServerRatis b24b64b0-64c5-44da-9f86-e95754209149 is started using port 41155
2019-10-29 17:00:41,861 [Datanode State Machine Thread - 0] INFO  server.XceiverServerGrpc (XceiverServerGrpc.java:start(149)) - XceiverServerGrpc b24b64b0-64c5-44da-9f86-e95754209149 is started using port 41530
2019-10-29 17:00:41,903 [main] INFO  ozone.MiniOzoneClusterImpl (MiniOzoneClusterImpl.java:lambda$waitForClusterToBeReady$0(149)) - Waiting for nodes to be ready. Got 0 of 3 DN Heartbeats.
2019-10-29 17:00:41,904 [main] INFO  ozone.MiniOzoneClusterImpl (MiniOzoneClusterImpl.java:lambda$waitForClusterToBeReady$0(152)) - Waiting for cluster to exit safe mode
2019-10-29 17:00:41,918 [Datanode State Machine Thread - 0] INFO  ozoneimpl.OzoneContainer (OzoneContainer.java:start(213)) - Attempting to start container services.
2019-10-29 17:00:41,921 [Datanode State Machine Thread - 0] INFO  ozoneimpl.OzoneContainer (OzoneContainer.java:startContainerScrub(177)) - Background container scanner has been disabled.
2019-10-29 17:00:41,921 [Datanode State Machine Thread - 0] INFO  ratis.XceiverServerRatis (XceiverServerRatis.java:start(419)) - Starting XceiverServerRatis 6e20113d-da41-468f-989c-79f394900631 at port 0
2019-10-29 17:00:41,929 [Datanode State Machine Thread - 0] INFO  impl.RaftServerProxy (RaftServerProxy.java:lambda$start$3(299)) - 6e20113d-da41-468f-989c-79f394900631: start RPC server
2019-10-29 17:00:41,931 [Datanode State Machine Thread - 0] INFO  server.GrpcService (GrpcService.java:startImpl(158)) - 6e20113d-da41-468f-989c-79f394900631: GrpcService started, listening on 0.0.0.0/0.0.0.0:41733
2019-10-29 17:00:41,931 [Datanode State Machine Thread - 0] INFO  ratis.XceiverServerRatis (XceiverServerRatis.java:start(429)) - XceiverServerRatis 6e20113d-da41-468f-989c-79f394900631 is started using port 41733
2019-10-29 17:00:41,933 [Datanode State Machine Thread - 0] INFO  server.XceiverServerGrpc (XceiverServerGrpc.java:start(149)) - XceiverServerGrpc 6e20113d-da41-468f-989c-79f394900631 is started using port 33812
2019-10-29 17:00:42,904 [main] INFO  ozone.MiniOzoneClusterImpl (MiniOzoneClusterImpl.java:lambda$waitForClusterToBeReady$0(149)) - Waiting for nodes to be ready. Got 0 of 3 DN Heartbeats.
2019-10-29 17:00:42,906 [main] INFO  ozone.MiniOzoneClusterImpl (MiniOzoneClusterImpl.java:lambda$waitForClusterToBeReady$0(152)) - Waiting for cluster to exit safe mode
2019-10-29 17:00:43,770 [IPC Server handler 0 on 45538] INFO  net.NetworkTopology (NetworkTopologyImpl.java:add(111)) - Added a new node: /default-rack/762a8ef4-06aa-49b5-9be5-e8c25d63ffd4
2019-10-29 17:00:43,771 [IPC Server handler 0 on 45538] INFO  node.SCMNodeManager (SCMNodeManager.java:register(267)) - Registered Data node : 762a8ef4-06aa-49b5-9be5-e8c25d63ffd4{ip: 192.168.164.217, host: pr-hdds-2034-76npd-2451761435, networkLocation: /default-rack, certSerialId: null}
2019-10-29 17:00:43,772 [EventQueue-NodeRegistrationContainerReportForContainerSafeModeRule] INFO  safemode.SCMSafeModeManager (SCMSafeModeManager.java:validateSafeModeExitRules(176)) - ContainerSafeModeRule rule is successfully validated
2019-10-29 17:00:43,773 [RatisPipelineUtilsThread] INFO  pipeline.RatisPipelineProvider (RatisPipelineProvider.java:lambda$create$4(163)) - Send pipeline:PipelineID=e01fb839-8725-480b-ac43-0c7dccd7dd9b create command to datanode 762a8ef4-06aa-49b5-9be5-e8c25d63ffd4
2019-10-29 17:00:43,772 [EventQueue-NodeRegistrationContainerReportForDataNodeSafeModeRule] INFO  safemode.SCMSafeModeManager (DataNodeSafeModeRule.java:process(71)) - SCM in safe mode. 1 DataNodes registered, 1 required.
2019-10-29 17:00:43,775 [EventQueue-NodeRegistrationContainerReportForDataNodeSafeModeRule] INFO  safemode.SCMSafeModeManager (SCMSafeModeManager.java:validateSafeModeExitRules(176)) - DataNodeSafeModeRule rule is successfully validated
2019-10-29 17:00:43,835 [IPC Server handler 2 on 45538] INFO  net.NetworkTopology (NetworkTopologyImpl.java:add(111)) - Added a new node: /default-rack/b24b64b0-64c5-44da-9f86-e95754209149
2019-10-29 17:00:43,836 [IPC Server handler 2 on 45538] INFO  node.SCMNodeManager (SCMNodeManager.java:register(267)) - Registered Data node : b24b64b0-64c5-44da-9f86-e95754209149{ip: 192.168.164.217, host: pr-hdds-2034-76npd-2451761435, networkLocation: /default-rack, certSerialId: null}
2019-10-29 17:00:43,836 [EventQueue-NodeRegistrationContainerReportForDataNodeSafeModeRule] INFO  safemode.SCMSafeModeManager (SCMSafeModeManager.java:validateSafeModeExitRules(176)) - DataNodeSafeModeRule rule is successfully validated
2019-10-29 17:00:43,836 [EventQueue-NodeRegistrationContainerReportForContainerSafeModeRule] INFO  safemode.SCMSafeModeManager (SCMSafeModeManager.java:validateSafeModeExitRules(176)) - ContainerSafeModeRule rule is successfully validated
2019-10-29 17:00:43,836 [RatisPipelineUtilsThread] INFO  pipeline.RatisPipelineProvider (RatisPipelineProvider.java:lambda$create$4(163)) - Send pipeline:PipelineID=1f0e193c-a76f-4651-83e7-39782c293771 create command to datanode b24b64b0-64c5-44da-9f86-e95754209149
2019-10-29 17:00:43,905 [IPC Server handler 3 on 45538] INFO  net.NetworkTopology (NetworkTopologyImpl.java:add(111)) - Added a new node: /default-rack/6e20113d-da41-468f-989c-79f394900631
2019-10-29 17:00:43,905 [IPC Server handler 3 on 45538] INFO  node.SCMNodeManager (SCMNodeManager.java:register(267)) - Registered Data node : 6e20113d-da41-468f-989c-79f394900631{ip: 192.168.164.217, host: pr-hdds-2034-76npd-2451761435, networkLocation: /default-rack, certSerialId: null}
2019-10-29 17:00:43,905 [EventQueue-NodeRegistrationContainerReportForDataNodeSafeModeRule] INFO  safemode.SCMSafeModeManager (SCMSafeModeManager.java:validateSafeModeExitRules(176)) - DataNodeSafeModeRule rule is successfully validated
2019-10-29 17:00:43,906 [main] INFO  ozone.MiniOzoneClusterImpl (MiniOzoneClusterImpl.java:lambda$waitForClusterToBeReady$0(149)) - Nodes are ready. Got 3 of 3 DN Heartbeats.
2019-10-29 17:00:43,906 [RatisPipelineUtilsThread] INFO  pipeline.RatisPipelineProvider (RatisPipelineProvider.java:lambda$create$4(163)) - Send pipeline:PipelineID=5036b6ab-9f85-430b-bd70-86ee70437bf9 create command to datanode 6e20113d-da41-468f-989c-79f394900631
2019-10-29 17:00:43,906 [main] INFO  ozone.MiniOzoneClusterImpl (MiniOzoneClusterImpl.java:lambda$waitForClusterToBeReady$0(152)) - Waiting for cluster to exit safe mode
2019-10-29 17:00:43,906 [EventQueue-NodeRegistrationContainerReportForContainerSafeModeRule] INFO  safemode.SCMSafeModeManager (SCMSafeModeManager.java:validateSafeModeExitRules(176)) - ContainerSafeModeRule rule is successfully validated
2019-10-29 17:00:43,908 [RatisPipelineUtilsThread] INFO  pipeline.RatisPipelineProvider (RatisPipelineProvider.java:lambda$create$4(163)) - Send pipeline:PipelineID=c84b7f19-3612-4469-acba-fe0f54e81b5e create command to datanode 762a8ef4-06aa-49b5-9be5-e8c25d63ffd4
2019-10-29 17:00:43,908 [RatisPipelineUtilsThread] INFO  pipeline.RatisPipelineProvider (RatisPipelineProvider.java:lambda$create$4(163)) - Send pipeline:PipelineID=c84b7f19-3612-4469-acba-fe0f54e81b5e create command to datanode b24b64b0-64c5-44da-9f86-e95754209149
2019-10-29 17:00:43,908 [RatisPipelineUtilsThread] INFO  pipeline.RatisPipelineProvider (RatisPipelineProvider.java:lambda$create$4(163)) - Send pipeline:PipelineID=c84b7f19-3612-4469-acba-fe0f54e81b5e create command to datanode 6e20113d-da41-468f-989c-79f394900631
2019-10-29 17:00:44,907 [main] INFO  ozone.MiniOzoneClusterImpl (MiniOzoneClusterImpl.java:lambda$waitForClusterToBeReady$0(149)) - Nodes are ready. Got 3 of 3 DN Heartbeats.
2019-10-29 17:00:44,908 [main] INFO  ozone.MiniOzoneClusterImpl (MiniOzoneClusterImpl.java:lambda$waitForClusterToBeReady$0(152)) - Waiting for cluster to exit safe mode
2019-10-29 17:00:45,908 [main] INFO  ozone.MiniOzoneClusterImpl (MiniOzoneClusterImpl.java:lambda$waitForClusterToBeReady$0(149)) - Nodes are ready. Got 3 of 3 DN Heartbeats.
2019-10-29 17:00:45,909 [main] INFO  ozone.MiniOzoneClusterImpl (MiniOzoneClusterImpl.java:lambda$waitForClusterToBeReady$0(152)) - Waiting for cluster to exit safe mode
2019-10-29 17:00:46,770 [Command processor thread] INFO  impl.RaftServerProxy (RaftServerProxy.java:addNew(89)) - 762a8ef4-06aa-49b5-9be5-e8c25d63ffd4: addNew group-0C7DCCD7DD9B:[762a8ef4-06aa-49b5-9be5-e8c25d63ffd4:192.168.164.217:39454] returns group-0C7DCCD7DD9B:java.util.concurrent.CompletableFuture@755f6c83[Not completed]
2019-10-29 17:00:46,776 [pool-127-thread-1] INFO  impl.RaftServerImpl (RaftServerImpl.java:<init>(98)) - 762a8ef4-06aa-49b5-9be5-e8c25d63ffd4: new RaftServerImpl for group-0C7DCCD7DD9B:[762a8ef4-06aa-49b5-9be5-e8c25d63ffd4:192.168.164.217:39454] with ContainerStateMachine:uninitialized
2019-10-29 17:00:46,776 [pool-127-thread-1] INFO  server.RaftServerConfigKeys (ConfUtils.java:logGet(43)) - raft.server.rpc.timeout.min = 5s (custom)
2019-10-29 17:00:46,776 [pool-127-thread-1] INFO  server.RaftServerConfigKeys (ConfUtils.java:logGet(43)) - raft.server.rpc.timeout.max = 5200ms (custom)
2019-10-29 17:00:46,777 [pool-127-thread-1] INFO  server.RaftServerConfigKeys (ConfUtils.java:logGet(43)) - raft.server.rpcslowness.timeout = 120s (custom)
2019-10-29 17:00:46,777 [pool-127-thread-1] INFO  server.RaftServerConfigKeys (ConfUtils.java:logGet(43)) - raft.server.sleep.deviation.threshold = 300 (default)
2019-10-29 17:00:46,777 [pool-127-thread-1] INFO  server.RaftServerConfigKeys (ConfUtils.java:logGet(43)) - raft.server.log.appender.install.snapshot.enabled = false (custom)
2019-10-29 17:00:46,777 [pool-127-thread-1] INFO  impl.RaftServerImpl (ServerState.java:<init>(103)) - 762a8ef4-06aa-49b5-9be5-e8c25d63ffd4@group-0C7DCCD7DD9B: ConfigurationManager, init=-1: [762a8ef4-06aa-49b5-9be5-e8c25d63ffd4:192.168.164.217:39454], old=null, confs=<EMPTY_MAP>
2019-10-29 17:00:46,778 [pool-127-thread-1] INFO  server.RaftServerConfigKeys (ConfUtils.java:logGet(43)) - raft.server.storage.dir = [/workdir/hadoop-ozone/integration-test/target/test-dir/MiniOzoneClusterImpl-aab27e9b-3d67-49de-9494-0bd40dea1365/datanode-0/data/ratis] (custom)
2019-10-29 17:00:46,778 [pool-127-thread-1] INFO  server.RaftServerConfigKeys (ConfUtils.java:logGet(43)) - raft.server.log.corruption.policy = EXCEPTION (default)
2019-10-29 17:00:46,778 [pool-127-thread-1] INFO  storage.RaftStorageDirectory (RaftStorageDirectory.java:analyzeStorage(246)) - The storage directory /workdir/hadoop-ozone/integration-test/target/test-dir/MiniOzoneClusterImpl-aab27e9b-3d67-49de-9494-0bd40dea1365/datanode-0/data/ratis/e01fb839-8725-480b-ac43-0c7dccd7dd9b does not exist. Creating ...
2019-10-29 17:00:46,801 [pool-127-thread-1] INFO  storage.RaftStorageDirectory (RaftStorageDirectory.java:tryLock(328)) - Lock on /workdir/hadoop-ozone/integration-test/target/test-dir/MiniOzoneClusterImpl-aab27e9b-3d67-49de-9494-0bd40dea1365/datanode-0/data/ratis/e01fb839-8725-480b-ac43-0c7dccd7dd9b/in_use.lock acquired by nodename 24299@pr-hdds-2034-76npd-2451761435
2019-10-29 17:00:46,814 [pool-127-thread-1] INFO  storage.RaftStorage (RaftStorage.java:format(84)) - Storage directory /workdir/hadoop-ozone/integration-test/target/test-dir/MiniOzoneClusterImpl-aab27e9b-3d67-49de-9494-0bd40dea1365/datanode-0/data/ratis/e01fb839-8725-480b-ac43-0c7dccd7dd9b has been successfully formatted.
2019-10-29 17:00:46,815 [pool-127-thread-1] INFO  ratis.ContainerStateMachine (ContainerStateMachine.java:loadSnapshot(231)) - group-0C7DCCD7DD9B: The snapshot info is null. Setting the last applied indexto:(t:0, i:~)
2019-10-29 17:00:46,815 [pool-127-thread-1] INFO  server.RaftServerConfigKeys (ConfUtils.java:logGet(43)) - raft.server.notification.no-leader.timeout = 120s (custom)
2019-10-29 17:00:46,815 [pool-127-thread-1] INFO  server.RaftServerConfigKeys (ConfUtils.java:logGet(43)) - raft.server.log.use.memory = false (default)
2019-10-29 17:00:46,815 [pool-127-thread-1] INFO  server.RaftServerConfigKeys (ConfUtils.java:logGet(43)) - raft.server.log.purge.gap = 1000000 (custom)
2019-10-29 17:00:46,815 [pool-127-thread-1] INFO  server.RaftServerConfigKeys (ConfUtils.java:logGet(43)) - raft.server.log.appender.buffer.byte-limit = 33554432 (custom)
2019-10-29 17:00:46,816 [pool-127-thread-1] INFO  server.RaftServerConfigKeys (ConfUtils.java:logGet(43)) - raft.server.log.segment.size.max = 1048576 (custom)
2019-10-29 17:00:46,816 [pool-127-thread-1] WARN  impl.MetricRegistriesImpl (MetricRegistriesImpl.java:lambda$create$1(61)) - First MetricRegistry has been created without registering reporters. You may need to call MetricRegistries.global().addReportRegistration(...) before.
2019-10-29 17:00:46,816 [pool-127-thread-1] INFO  server.RaftServerConfigKeys (ConfUtils.java:logGet(43)) - raft.server.log.segment.cache.num.max = 2 (custom)
2019-10-29 17:00:46,816 [pool-127-thread-1] INFO  segmented.SegmentedRaftLogWorker (SegmentedRaftLogWorker.java:<init>(173)) - new 762a8ef4-06aa-49b5-9be5-e8c25d63ffd4@group-0C7DCCD7DD9B-SegmentedRaftLogWorker for RaftStorage:Storage Directory /workdir/hadoop-ozone/integration-test/target/test-dir/MiniOzoneClusterImpl-aab27e9b-3d67-49de-9494-0bd40dea1365/datanode-0/data/ratis/e01fb839-8725-480b-ac43-0c7dccd7dd9b
2019-10-29 17:00:46,816 [pool-127-thread-1] INFO  server.RaftServerConfigKeys (ConfUtils.java:logGet(43)) - raft.server.log.queue.byte-limit = 2147483647 (custom)
2019-10-29 17:00:46,817 [pool-127-thread-1] INFO  server.RaftServerConfigKeys (ConfUtils.java:logGet(43)) - raft.server.log.queue.element-limit = 1024 (custom)
2019-10-29 17:00:46,817 [pool-127-thread-1] INFO  server.RaftServerConfigKeys (ConfUtils.java:logGet(43)) - raft.server.log.segment.size.max = 1048576 (custom)
2019-10-29 17:00:46,817 [pool-127-thread-1] INFO  server.RaftServerConfigKeys (ConfUtils.java:logGet(43)) - raft.server.log.preallocated.size = 16384 (custom)
2019-10-29 17:00:46,817 [pool-127-thread-1] INFO  server.RaftServerConfigKeys (ConfUtils.java:logGet(43)) - raft.server.log.write.buffer.size = 33554432 (custom)
2019-10-29 17:00:46,817 [pool-127-thread-1] INFO  server.RaftServerConfigKeys (ConfUtils.java:logGet(43)) - raft.server.log.force.sync.num = 128 (default)
2019-10-29 17:00:46,817 [pool-127-thread-1] INFO  server.RaftServerConfigKeys (ConfUtils.java:logGet(43)) - raft.server.log.statemachine.data.sync = true (default)
2019-10-29 17:00:46,818 [pool-127-thread-1] INFO  server.RaftServerConfigKeys (ConfUtils.java:logGet(43)) - raft.server.log.statemachine.data.sync.timeout = 10s (default)
2019-10-29 17:00:46,818 [pool-127-thread-1] INFO  server.RaftServerConfigKeys (ConfUtils.java:logGet(43)) - raft.server.log.statemachine.data.sync.timeout.retry = -1 (default)
2019-10-29 17:00:46,818 [pool-127-thread-1] INFO  server.RaftServerConfigKeys (ConfUtils.java:logGet(43)) - raft.server.log.statemachine.data.caching.enabled = true (custom)
2019-10-29 17:00:46,819 [pool-127-thread-1] INFO  segmented.SegmentedRaftLogWorker (SegmentedRaftLogWorker.java:lambda$new$0(128)) - 762a8ef4-06aa-49b5-9be5-e8c25d63ffd4@group-0C7DCCD7DD9B-SegmentedRaftLogWorker: flushIndex: setUnconditionally 0 -> -1
2019-10-29 17:00:46,819 [pool-127-thread-1] INFO  server.RaftServerConfigKeys (ConfUtils.java:logGet(43)) - raft.server.snapshot.auto.trigger.enabled = true (custom)
2019-10-29 17:00:46,819 [pool-127-thread-1] INFO  server.RaftServerConfigKeys (ConfUtils.java:logGet(43)) - raft.server.snapshot.auto.trigger.threshold = 10000 (custom)
2019-10-29 17:00:46,820 [pool-127-thread-1] INFO  server.RaftServerConfigKeys (ConfUtils.java:logGet(43)) - raft.server.snapshot.retention.file.num = 5 (custom)
2019-10-29 17:00:46,820 [pool-127-thread-1] INFO  server.RaftServerConfigKeys (ConfUtils.java:logGet(43)) - raft.server.retrycache.expirytime = 600000ms (custom)
2019-10-29 17:00:46,820 [pool-127-thread-1] WARN  impl.MetricRegistriesImpl (MetricRegistriesImpl.java:lambda$create$1(61)) - First MetricRegistry has been created without registering reporters. You may need to call MetricRegistries.global().addReportRegistration(...) before.
2019-10-29 17:00:46,820 [pool-127-thread-1] WARN  impl.MetricRegistriesImpl (MetricRegistriesImpl.java:lambda$create$1(61)) - First MetricRegistry has been created without registering reporters. You may need to call MetricRegistries.global().addReportRegistration(...) before.
2019-10-29 17:00:46,821 [pool-127-thread-1] INFO  impl.RaftServerImpl (RaftServerImpl.java:start(184)) - 762a8ef4-06aa-49b5-9be5-e8c25d63ffd4@group-0C7DCCD7DD9B: start as a follower, conf=-1: [762a8ef4-06aa-49b5-9be5-e8c25d63ffd4:192.168.164.217:39454], old=null
2019-10-29 17:00:46,821 [pool-127-thread-1] INFO  impl.RaftServerImpl (RaftServerImpl.java:setRole(173)) - 762a8ef4-06aa-49b5-9be5-e8c25d63ffd4@group-0C7DCCD7DD9B: changes role from      null to FOLLOWER at term 0 for startAsFollower
2019-10-29 17:00:46,821 [pool-127-thread-1] INFO  impl.RoleInfo (RoleInfo.java:updateAndGet(143)) - 762a8ef4-06aa-49b5-9be5-e8c25d63ffd4: start FollowerState
2019-10-29 17:00:46,822 [pool-127-thread-1] INFO  util.JmxRegister (JmxRegister.java:tryRegister(44)) - Successfully registered JMX Bean with object name Ratis:service=RaftServer,group=group-0C7DCCD7DD9B,id=762a8ef4-06aa-49b5-9be5-e8c25d63ffd4
2019-10-29 17:00:46,822 [pool-127-thread-1] WARN  impl.MetricRegistriesImpl (MetricRegistriesImpl.java:lambda$create$1(61)) - First MetricRegistry has been created without registering reporters. You may need to call MetricRegistries.global().addReportRegistration(...) before.
2019-10-29 17:00:46,823 [Command processor thread] INFO  commandhandler.CreatePipelineCommandHandler (CreatePipelineCommandHandler.java:handle(86)) - Create Pipeline RATIS ONE #id: "e01fb839-8725-480b-ac43-0c7dccd7dd9b"
 command succeed on datanode 762a8ef4-06aa-49b5-9be5-e8c25d63ffd4.
2019-10-29 17:00:46,825 [Command processor thread] INFO  impl.RaftServerProxy (RaftServerProxy.java:addNew(89)) - 762a8ef4-06aa-49b5-9be5-e8c25d63ffd4: addNew group-FE0F54E81B5E:[b24b64b0-64c5-44da-9f86-e95754209149:192.168.164.217:41155, 762a8ef4-06aa-49b5-9be5-e8c25d63ffd4:192.168.164.217:39454, 6e20113d-da41-468f-989c-79f394900631:192.168.164.217:41733] returns group-FE0F54E81B5E:java.util.concurrent.CompletableFuture@7160f6f0[Not completed]
2019-10-29 17:00:46,827 [EventQueue-PipelineReportForPipelineReportHandler] INFO  pipeline.PipelineReportHandler (PipelineReportHandler.java:processPipelineReport(104)) - Pipeline ONE PipelineID=e01fb839-8725-480b-ac43-0c7dccd7dd9b reported by 762a8ef4-06aa-49b5-9be5-e8c25d63ffd4{ip: 192.168.164.217, host: pr-hdds-2034-76npd-2451761435, networkLocation: /default-rack, certSerialId: null}
2019-10-29 17:00:46,827 [pool-127-thread-1] INFO  impl.RaftServerImpl (RaftServerImpl.java:<init>(98)) - 762a8ef4-06aa-49b5-9be5-e8c25d63ffd4: new RaftServerImpl for group-FE0F54E81B5E:[b24b64b0-64c5-44da-9f86-e95754209149:192.168.164.217:41155, 762a8ef4-06aa-49b5-9be5-e8c25d63ffd4:192.168.164.217:39454, 6e20113d-da41-468f-989c-79f394900631:192.168.164.217:41733] with ContainerStateMachine:uninitialized
2019-10-29 17:00:46,827 [EventQueue-PipelineReportForPipelineReportHandler] INFO  pipeline.PipelineStateManager (PipelineStateManager.java:openPipeline(134)) - Pipeline Pipeline[ Id: e01fb839-8725-480b-ac43-0c7dccd7dd9b, Nodes: 762a8ef4-06aa-49b5-9be5-e8c25d63ffd4{ip: 192.168.164.217, host: pr-hdds-2034-76npd-2451761435, networkLocation: /default-rack, certSerialId: null}, Type:RATIS, Factor:ONE, State:ALLOCATED] moved to OPEN state
2019-10-29 17:00:46,827 [pool-127-thread-1] INFO  server.RaftServerConfigKeys (ConfUtils.java:logGet(43)) - raft.server.rpc.timeout.min = 5s (custom)
2019-10-29 17:00:46,827 [pool-127-thread-1] INFO  server.RaftServerConfigKeys (ConfUtils.java:logGet(43)) - raft.server.rpc.timeout.max = 5200ms (custom)
2019-10-29 17:00:46,828 [pool-127-thread-1] INFO  server.RaftServerConfigKeys (ConfUtils.java:logGet(43)) - raft.server.rpcslowness.timeout = 120s (custom)
2019-10-29 17:00:46,829 [pool-127-thread-1] INFO  server.RaftServerConfigKeys (ConfUtils.java:logGet(43)) - raft.server.sleep.deviation.threshold = 300 (default)
2019-10-29 17:00:46,829 [pool-127-thread-1] INFO  server.RaftServerConfigKeys (ConfUtils.java:logGet(43)) - raft.server.log.appender.install.snapshot.enabled = false (custom)
2019-10-29 17:00:46,829 [pool-127-thread-1] INFO  impl.RaftServerImpl (ServerState.java:<init>(103)) - 762a8ef4-06aa-49b5-9be5-e8c25d63ffd4@group-FE0F54E81B5E: ConfigurationManager, init=-1: [b24b64b0-64c5-44da-9f86-e95754209149:192.168.164.217:41155, 762a8ef4-06aa-49b5-9be5-e8c25d63ffd4:192.168.164.217:39454, 6e20113d-da41-468f-989c-79f394900631:192.168.164.217:41733], old=null, confs=<EMPTY_MAP>
2019-10-29 17:00:46,829 [EventQueue-OpenPipelineForOneReplicaPipelineSafeModeRule] INFO  safemode.SCMSafeModeManager (SCMSafeModeManager.java:validateSafeModeExitRules(176)) - AtleastOneDatanodeReportedRule rule is successfully validated
2019-10-29 17:00:46,829 [EventQueue-OpenPipelineForHealthyPipelineSafeModeRule] INFO  safemode.SCMSafeModeManager (HealthyPipelineSafeModeRule.java:process(125)) - SCM in safe mode. Healthy pipelines reported count is 0, required healthy pipeline reported count is 1
2019-10-29 17:00:46,829 [pool-127-thread-1] INFO  server.RaftServerConfigKeys (ConfUtils.java:logGet(43)) - raft.server.storage.dir = [/workdir/hadoop-ozone/integration-test/target/test-dir/MiniOzoneClusterImpl-aab27e9b-3d67-49de-9494-0bd40dea1365/datanode-0/data/ratis] (custom)
2019-10-29 17:00:46,830 [pool-127-thread-1] INFO  server.RaftServerConfigKeys (ConfUtils.java:logGet(43)) - raft.server.log.corruption.policy = EXCEPTION (default)
2019-10-29 17:00:46,830 [pool-127-thread-1] INFO  storage.RaftStorageDirectory (RaftStorageDirectory.java:analyzeStorage(246)) - The storage directory /workdir/hadoop-ozone/integration-test/target/test-dir/MiniOzoneClusterImpl-aab27e9b-3d67-49de-9494-0bd40dea1365/datanode-0/data/ratis/c84b7f19-3612-4469-acba-fe0f54e81b5e does not exist. Creating ...
2019-10-29 17:00:46,835 [Command processor thread] INFO  impl.RaftServerProxy (RaftServerProxy.java:addNew(89)) - b24b64b0-64c5-44da-9f86-e95754209149: addNew group-39782C293771:[b24b64b0-64c5-44da-9f86-e95754209149:192.168.164.217:41155] returns group-39782C293771:java.util.concurrent.CompletableFuture@7e947c37[Not completed]
2019-10-29 17:00:46,837 [pool-137-thread-1] INFO  impl.RaftServerImpl (RaftServerImpl.java:<init>(98)) - b24b64b0-64c5-44da-9f86-e95754209149: new RaftServerImpl for group-39782C293771:[b24b64b0-64c5-44da-9f86-e95754209149:192.168.164.217:41155] with ContainerStateMachine:uninitialized
2019-10-29 17:00:46,837 [pool-137-thread-1] INFO  server.RaftServerConfigKeys (ConfUtils.java:logGet(43)) - raft.server.rpc.timeout.min = 5s (custom)
2019-10-29 17:00:46,837 [pool-137-thread-1] INFO  server.RaftServerConfigKeys (ConfUtils.java:logGet(43)) - raft.server.rpc.timeout.max = 5200ms (custom)
2019-10-29 17:00:46,837 [pool-137-thread-1] INFO  server.RaftServerConfigKeys (ConfUtils.java:logGet(43)) - raft.server.rpcslowness.timeout = 120s (custom)
2019-10-29 17:00:46,837 [pool-137-thread-1] INFO  server.RaftServerConfigKeys (ConfUtils.java:logGet(43)) - raft.server.sleep.deviation.threshold = 300 (default)
2019-10-29 17:00:46,837 [pool-137-thread-1] INFO  server.RaftServerConfigKeys (ConfUtils.java:logGet(43)) - raft.server.log.appender.install.snapshot.enabled = false (custom)
2019-10-29 17:00:46,838 [pool-137-thread-1] INFO  impl.RaftServerImpl (ServerState.java:<init>(103)) - b24b64b0-64c5-44da-9f86-e95754209149@group-39782C293771: ConfigurationManager, init=-1: [b24b64b0-64c5-44da-9f86-e95754209149:192.168.164.217:41155], old=null, confs=<EMPTY_MAP>
2019-10-29 17:00:46,838 [pool-137-thread-1] INFO  server.RaftServerConfigKeys (ConfUtils.java:logGet(43)) - raft.server.storage.dir = [/workdir/hadoop-ozone/integration-test/target/test-dir/MiniOzoneClusterImpl-aab27e9b-3d67-49de-9494-0bd40dea1365/datanode-1/data/ratis] (custom)
2019-10-29 17:00:46,838 [pool-137-thread-1] INFO  server.RaftServerConfigKeys (ConfUtils.java:logGet(43)) - raft.server.log.corruption.policy = EXCEPTION (default)
2019-10-29 17:00:46,838 [pool-137-thread-1] INFO  storage.RaftStorageDirectory (RaftStorageDirectory.java:analyzeStorage(246)) - The storage directory /workdir/hadoop-ozone/integration-test/target/test-dir/MiniOzoneClusterImpl-aab27e9b-3d67-49de-9494-0bd40dea1365/datanode-1/data/ratis/1f0e193c-a76f-4651-83e7-39782c293771 does not exist. Creating ...
2019-10-29 17:00:46,843 [pool-137-thread-1] INFO  storage.RaftStorageDirectory (RaftStorageDirectory.java:tryLock(328)) - Lock on /workdir/hadoop-ozone/integration-test/target/test-dir/MiniOzoneClusterImpl-aab27e9b-3d67-49de-9494-0bd40dea1365/datanode-1/data/ratis/1f0e193c-a76f-4651-83e7-39782c293771/in_use.lock acquired by nodename 24299@pr-hdds-2034-76npd-2451761435
2019-10-29 17:00:46,843 [pool-127-thread-1] INFO  storage.RaftStorageDirectory (RaftStorageDirectory.java:tryLock(328)) - Lock on /workdir/hadoop-ozone/integration-test/target/test-dir/MiniOzoneClusterImpl-aab27e9b-3d67-49de-9494-0bd40dea1365/datanode-0/data/ratis/c84b7f19-3612-4469-acba-fe0f54e81b5e/in_use.lock acquired by nodename 24299@pr-hdds-2034-76npd-2451761435
2019-10-29 17:00:46,848 [pool-127-thread-1] INFO  storage.RaftStorage (RaftStorage.java:format(84)) - Storage directory /workdir/hadoop-ozone/integration-test/target/test-dir/MiniOzoneClusterImpl-aab27e9b-3d67-49de-9494-0bd40dea1365/datanode-0/data/ratis/c84b7f19-3612-4469-acba-fe0f54e81b5e has been successfully formatted.
2019-10-29 17:00:46,848 [pool-137-thread-1] INFO  storage.RaftStorage (RaftStorage.java:format(84)) - Storage directory /workdir/hadoop-ozone/integration-test/target/test-dir/MiniOzoneClusterImpl-aab27e9b-3d67-49de-9494-0bd40dea1365/datanode-1/data/ratis/1f0e193c-a76f-4651-83e7-39782c293771 has been successfully formatted.
2019-10-29 17:00:46,848 [pool-127-thread-1] INFO  ratis.ContainerStateMachine (ContainerStateMachine.java:loadSnapshot(231)) - group-FE0F54E81B5E: The snapshot info is null. Setting the last applied indexto:(t:0, i:~)
2019-10-29 17:00:46,848 [pool-127-thread-1] INFO  server.RaftServerConfigKeys (ConfUtils.java:logGet(43)) - raft.server.notification.no-leader.timeout = 120s (custom)
2019-10-29 17:00:46,848 [pool-137-thread-1] INFO  ratis.ContainerStateMachine (ContainerStateMachine.java:loadSnapshot(231)) - group-39782C293771: The snapshot info is null. Setting the last applied indexto:(t:0, i:~)
2019-10-29 17:00:46,848 [pool-127-thread-1] INFO  server.RaftServerConfigKeys (ConfUtils.java:logGet(43)) - raft.server.log.use.memory = false (default)
2019-10-29 17:00:46,849 [pool-137-thread-1] INFO  server.RaftServerConfigKeys (ConfUtils.java:logGet(43)) - raft.server.notification.no-leader.timeout = 120s (custom)
2019-10-29 17:00:46,849 [pool-127-thread-1] INFO  server.RaftServerConfigKeys (ConfUtils.java:logGet(43)) - raft.server.log.purge.gap = 1000000 (custom)
2019-10-29 17:00:46,849 [pool-137-thread-1] INFO  server.RaftServerConfigKeys (ConfUtils.java:logGet(43)) - raft.server.log.use.memory = false (default)
2019-10-29 17:00:46,849 [pool-127-thread-1] INFO  server.RaftServerConfigKeys (ConfUtils.java:logGet(43)) - raft.server.log.appender.buffer.byte-limit = 33554432 (custom)
2019-10-29 17:00:46,849 [pool-137-thread-1] INFO  server.RaftServerConfigKeys (ConfUtils.java:logGet(43)) - raft.server.log.purge.gap = 1000000 (custom)
2019-10-29 17:00:46,849 [pool-127-thread-1] INFO  server.RaftServerConfigKeys (ConfUtils.java:logGet(43)) - raft.server.log.segment.size.max = 1048576 (custom)
2019-10-29 17:00:46,849 [pool-137-thread-1] INFO  server.RaftServerConfigKeys (ConfUtils.java:logGet(43)) - raft.server.log.appender.buffer.byte-limit = 33554432 (custom)
2019-10-29 17:00:46,849 [pool-127-thread-1] INFO  server.RaftServerConfigKeys (ConfUtils.java:logGet(43)) - raft.server.log.segment.cache.num.max = 2 (custom)
2019-10-29 17:00:46,850 [pool-137-thread-1] INFO  server.RaftServerConfigKeys (ConfUtils.java:logGet(43)) - raft.server.log.segment.size.max = 1048576 (custom)
2019-10-29 17:00:46,850 [pool-127-thread-1] INFO  segmented.SegmentedRaftLogWorker (SegmentedRaftLogWorker.java:<init>(173)) - new 762a8ef4-06aa-49b5-9be5-e8c25d63ffd4@group-FE0F54E81B5E-SegmentedRaftLogWorker for RaftStorage:Storage Directory /workdir/hadoop-ozone/integration-test/target/test-dir/MiniOzoneClusterImpl-aab27e9b-3d67-49de-9494-0bd40dea1365/datanode-0/data/ratis/c84b7f19-3612-4469-acba-fe0f54e81b5e
2019-10-29 17:00:46,850 [pool-137-thread-1] WARN  impl.MetricRegistriesImpl (MetricRegistriesImpl.java:lambda$create$1(61)) - First MetricRegistry has been created without registering reporters. You may need to call MetricRegistries.global().addReportRegistration(...) before.
2019-10-29 17:00:46,850 [pool-127-thread-1] INFO  server.RaftServerConfigKeys (ConfUtils.java:logGet(43)) - raft.server.log.queue.byte-limit = 2147483647 (custom)
2019-10-29 17:00:46,850 [pool-127-thread-1] INFO  server.RaftServerConfigKeys (ConfUtils.java:logGet(43)) - raft.server.log.queue.element-limit = 1024 (custom)
2019-10-29 17:00:46,850 [pool-127-thread-1] INFO  server.RaftServerConfigKeys (ConfUtils.java:logGet(43)) - raft.server.log.segment.size.max = 1048576 (custom)
2019-10-29 17:00:46,850 [pool-137-thread-1] INFO  server.RaftServerConfigKeys (ConfUtils.java:logGet(43)) - raft.server.log.segment.cache.num.max = 2 (custom)
2019-10-29 17:00:46,850 [pool-127-thread-1] INFO  server.RaftServerConfigKeys (ConfUtils.java:logGet(43)) - raft.server.log.preallocated.size = 16384 (custom)
2019-10-29 17:00:46,851 [pool-137-thread-1] INFO  segmented.SegmentedRaftLogWorker (SegmentedRaftLogWorker.java:<init>(173)) - new b24b64b0-64c5-44da-9f86-e95754209149@group-39782C293771-SegmentedRaftLogWorker for RaftStorage:Storage Directory /workdir/hadoop-ozone/integration-test/target/test-dir/MiniOzoneClusterImpl-aab27e9b-3d67-49de-9494-0bd40dea1365/datanode-1/data/ratis/1f0e193c-a76f-4651-83e7-39782c293771
2019-10-29 17:00:46,851 [pool-127-thread-1] INFO  server.RaftServerConfigKeys (ConfUtils.java:logGet(43)) - raft.server.log.write.buffer.size = 33554432 (custom)
2019-10-29 17:00:46,851 [pool-137-thread-1] INFO  server.RaftServerConfigKeys (ConfUtils.java:logGet(43)) - raft.server.log.queue.byte-limit = 2147483647 (custom)
2019-10-29 17:00:46,851 [pool-127-thread-1] INFO  server.RaftServerConfigKeys (ConfUtils.java:logGet(43)) - raft.server.log.force.sync.num = 128 (default)
2019-10-29 17:00:46,851 [pool-137-thread-1] INFO  server.RaftServerConfigKeys (ConfUtils.java:logGet(43)) - raft.server.log.queue.element-limit = 1024 (custom)
2019-10-29 17:00:46,851 [pool-127-thread-1] INFO  server.RaftServerConfigKeys (ConfUtils.java:logGet(43)) - raft.server.log.statemachine.data.sync = true (default)
2019-10-29 17:00:46,851 [pool-137-thread-1] INFO  server.RaftServerConfigKeys (ConfUtils.java:logGet(43)) - raft.server.log.segment.size.max = 1048576 (custom)
2019-10-29 17:00:46,851 [pool-127-thread-1] INFO  server.RaftServerConfigKeys (ConfUtils.java:logGet(43)) - raft.server.log.statemachine.data.sync.timeout = 10s (default)
2019-10-29 17:00:46,852 [pool-137-thread-1] INFO  server.RaftServerConfigKeys (ConfUtils.java:logGet(43)) - raft.server.log.preallocated.size = 16384 (custom)
2019-10-29 17:00:46,852 [pool-127-thread-1] INFO  server.RaftServerConfigKeys (ConfUtils.java:logGet(43)) - raft.server.log.statemachine.data.sync.timeout.retry = -1 (default)
2019-10-29 17:00:46,852 [pool-137-thread-1] INFO  server.RaftServerConfigKeys (ConfUtils.java:logGet(43)) - raft.server.log.write.buffer.size = 33554432 (custom)
2019-10-29 17:00:46,852 [pool-127-thread-1] INFO  server.RaftServerConfigKeys (ConfUtils.java:logGet(43)) - raft.server.log.statemachine.data.caching.enabled = true (custom)
2019-10-29 17:00:46,852 [pool-137-thread-1] INFO  server.RaftServerConfigKeys (ConfUtils.java:logGet(43)) - raft.server.log.force.sync.num = 128 (default)
2019-10-29 17:00:46,852 [pool-137-thread-1] INFO  server.RaftServerConfigKeys (ConfUtils.java:logGet(43)) - raft.server.log.statemachine.data.sync = true (default)
2019-10-29 17:00:46,852 [pool-127-thread-1] INFO  segmented.SegmentedRaftLogWorker (SegmentedRaftLogWorker.java:lambda$new$0(128)) - 762a8ef4-06aa-49b5-9be5-e8c25d63ffd4@group-FE0F54E81B5E-SegmentedRaftLogWorker: flushIndex: setUnconditionally 0 -> -1
2019-10-29 17:00:46,852 [pool-137-thread-1] INFO  server.RaftServerConfigKeys (ConfUtils.java:logGet(43)) - raft.server.log.statemachine.data.sync.timeout = 10s (default)
2019-10-29 17:00:46,853 [pool-137-thread-1] INFO  server.RaftServerConfigKeys (ConfUtils.java:logGet(43)) - raft.server.log.statemachine.data.sync.timeout.retry = -1 (default)
2019-10-29 17:00:46,853 [pool-127-thread-1] INFO  server.RaftServerConfigKeys (ConfUtils.java:logGet(43)) - raft.server.snapshot.auto.trigger.enabled = true (custom)
2019-10-29 17:00:46,853 [pool-127-thread-1] INFO  server.RaftServerConfigKeys (ConfUtils.java:logGet(43)) - raft.server.snapshot.auto.trigger.threshold = 10000 (custom)
2019-10-29 17:00:46,853 [pool-127-thread-1] INFO  server.RaftServerConfigKeys (ConfUtils.java:logGet(43)) - raft.server.snapshot.retention.file.num = 5 (custom)
2019-10-29 17:00:46,853 [pool-137-thread-1] INFO  server.RaftServerConfigKeys (ConfUtils.java:logGet(43)) - raft.server.log.statemachine.data.caching.enabled = true (custom)
2019-10-29 17:00:46,853 [pool-127-thread-1] INFO  server.RaftServerConfigKeys (ConfUtils.java:logGet(43)) - raft.server.retrycache.expirytime = 600000ms (custom)
2019-10-29 17:00:46,853 [pool-127-thread-1] WARN  impl.MetricRegistriesImpl (MetricRegistriesImpl.java:lambda$create$1(61)) - First MetricRegistry has been created without registering reporters. You may need to call MetricRegistries.global().addReportRegistration(...) before.
2019-10-29 17:00:46,854 [pool-127-thread-1] WARN  impl.MetricRegistriesImpl (MetricRegistriesImpl.java:lambda$create$1(61)) - First MetricRegistry has been created without registering reporters. You may need to call MetricRegistries.global().addReportRegistration(...) before.
2019-10-29 17:00:46,854 [pool-137-thread-1] INFO  segmented.SegmentedRaftLogWorker (SegmentedRaftLogWorker.java:lambda$new$0(128)) - b24b64b0-64c5-44da-9f86-e95754209149@group-39782C293771-SegmentedRaftLogWorker: flushIndex: setUnconditionally 0 -> -1
2019-10-29 17:00:46,854 [pool-127-thread-1] INFO  impl.RaftServerImpl (RaftServerImpl.java:start(184)) - 762a8ef4-06aa-49b5-9be5-e8c25d63ffd4@group-FE0F54E81B5E: start as a follower, conf=-1: [b24b64b0-64c5-44da-9f86-e95754209149:192.168.164.217:41155, 762a8ef4-06aa-49b5-9be5-e8c25d63ffd4:192.168.164.217:39454, 6e20113d-da41-468f-989c-79f394900631:192.168.164.217:41733], old=null
2019-10-29 17:00:46,854 [pool-127-thread-1] INFO  impl.RaftServerImpl (RaftServerImpl.java:setRole(173)) - 762a8ef4-06aa-49b5-9be5-e8c25d63ffd4@group-FE0F54E81B5E: changes role from      null to FOLLOWER at term 0 for startAsFollower
2019-10-29 17:00:46,854 [pool-127-thread-1] INFO  impl.RoleInfo (RoleInfo.java:updateAndGet(143)) - 762a8ef4-06aa-49b5-9be5-e8c25d63ffd4: start FollowerState
2019-10-29 17:00:46,854 [pool-137-thread-1] INFO  server.RaftServerConfigKeys (ConfUtils.java:logGet(43)) - raft.server.snapshot.auto.trigger.enabled = true (custom)
2019-10-29 17:00:46,854 [pool-137-thread-1] INFO  server.RaftServerConfigKeys (ConfUtils.java:logGet(43)) - raft.server.snapshot.auto.trigger.threshold = 10000 (custom)
2019-10-29 17:00:46,855 [pool-127-thread-1] INFO  util.JmxRegister (JmxRegister.java:tryRegister(44)) - Successfully registered JMX Bean with object name Ratis:service=RaftServer,group=group-FE0F54E81B5E,id=762a8ef4-06aa-49b5-9be5-e8c25d63ffd4
2019-10-29 17:00:46,855 [pool-137-thread-1] INFO  server.RaftServerConfigKeys (ConfUtils.java:logGet(43)) - raft.server.snapshot.retention.file.num = 5 (custom)
2019-10-29 17:00:46,855 [pool-127-thread-1] WARN  impl.MetricRegistriesImpl (MetricRegistriesImpl.java:lambda$create$1(61)) - First MetricRegistry has been created without registering reporters. You may need to call MetricRegistries.global().addReportRegistration(...) before.
2019-10-29 17:00:46,855 [pool-137-thread-1] INFO  server.RaftServerConfigKeys (ConfUtils.java:logGet(43)) - raft.server.retrycache.expirytime = 600000ms (custom)
2019-10-29 17:00:46,855 [pool-137-thread-1] WARN  impl.MetricRegistriesImpl (MetricRegistriesImpl.java:lambda$create$1(61)) - First MetricRegistry has been created without registering reporters. You may need to call MetricRegistries.global().addReportRegistration(...) before.
2019-10-29 17:00:46,855 [pool-137-thread-1] WARN  impl.MetricRegistriesImpl (MetricRegistriesImpl.java:lambda$create$1(61)) - First MetricRegistry has been created without registering reporters. You may need to call MetricRegistries.global().addReportRegistration(...) before.
2019-10-29 17:00:46,855 [Command processor thread] INFO  commandhandler.CreatePipelineCommandHandler (CreatePipelineCommandHandler.java:handle(86)) - Create Pipeline RATIS THREE #id: "c84b7f19-3612-4469-acba-fe0f54e81b5e"
 command succeed on datanode 762a8ef4-06aa-49b5-9be5-e8c25d63ffd4.
2019-10-29 17:00:46,856 [pool-137-thread-1] INFO  impl.RaftServerImpl (RaftServerImpl.java:start(184)) - b24b64b0-64c5-44da-9f86-e95754209149@group-39782C293771: start as a follower, conf=-1: [b24b64b0-64c5-44da-9f86-e95754209149:192.168.164.217:41155], old=null
2019-10-29 17:00:46,856 [pool-137-thread-1] INFO  impl.RaftServerImpl (RaftServerImpl.java:setRole(173)) - b24b64b0-64c5-44da-9f86-e95754209149@group-39782C293771: changes role from      null to FOLLOWER at term 0 for startAsFollower
2019-10-29 17:00:46,856 [pool-137-thread-1] INFO  impl.RoleInfo (RoleInfo.java:updateAndGet(143)) - b24b64b0-64c5-44da-9f86-e95754209149: start FollowerState
2019-10-29 17:00:46,857 [pool-137-thread-1] INFO  util.JmxRegister (JmxRegister.java:tryRegister(44)) - Successfully registered JMX Bean with object name Ratis:service=RaftServer,group=group-39782C293771,id=b24b64b0-64c5-44da-9f86-e95754209149
2019-10-29 17:00:46,857 [pool-137-thread-1] WARN  impl.MetricRegistriesImpl (MetricRegistriesImpl.java:lambda$create$1(61)) - First MetricRegistry has been created without registering reporters. You may need to call MetricRegistries.global().addReportRegistration(...) before.
2019-10-29 17:00:46,857 [EventQueue-PipelineReportForPipelineReportHandler] INFO  pipeline.PipelineReportHandler (PipelineReportHandler.java:processPipelineReport(104)) - Pipeline THREE PipelineID=c84b7f19-3612-4469-acba-fe0f54e81b5e reported by 762a8ef4-06aa-49b5-9be5-e8c25d63ffd4{ip: 192.168.164.217, host: pr-hdds-2034-76npd-2451761435, networkLocation: /default-rack, certSerialId: null}
2019-10-29 17:00:46,858 [EventQueue-OpenPipelineForOneReplicaPipelineSafeModeRule] INFO  safemode.SCMSafeModeManager (SCMSafeModeManager.java:validateSafeModeExitRules(176)) - AtleastOneDatanodeReportedRule rule is successfully validated
2019-10-29 17:00:46,858 [EventQueue-OpenPipelineForHealthyPipelineSafeModeRule] INFO  safemode.SCMSafeModeManager (HealthyPipelineSafeModeRule.java:process(125)) - SCM in safe mode. Healthy pipelines reported count is 1, required healthy pipeline reported count is 1
2019-10-29 17:00:46,858 [EventQueue-OpenPipelineForHealthyPipelineSafeModeRule] INFO  safemode.SCMSafeModeManager (SCMSafeModeManager.java:validateSafeModeExitRules(176)) - HealthyPipelineSafeModeRule rule is successfully validated
2019-10-29 17:00:46,858 [EventQueue-OpenPipelineForHealthyPipelineSafeModeRule] INFO  safemode.SCMSafeModeManager (SCMSafeModeManager.java:validateSafeModeExitRules(185)) - ScmSafeModeManager, all rules are successfully validated
2019-10-29 17:00:46,858 [EventQueue-OpenPipelineForHealthyPipelineSafeModeRule] INFO  safemode.SCMSafeModeManager (SCMSafeModeManager.java:exitSafeMode(201)) - SCM exiting safe mode.
2019-10-29 17:00:46,858 [Command processor thread] INFO  commandhandler.CreatePipelineCommandHandler (CreatePipelineCommandHandler.java:handle(86)) - Create Pipeline RATIS ONE #id: "1f0e193c-a76f-4651-83e7-39782c293771"
 command succeed on datanode b24b64b0-64c5-44da-9f86-e95754209149.
2019-10-29 17:00:46,861 [Command processor thread] INFO  impl.RaftServerProxy (RaftServerProxy.java:addNew(89)) - b24b64b0-64c5-44da-9f86-e95754209149: addNew group-FE0F54E81B5E:[b24b64b0-64c5-44da-9f86-e95754209149:192.168.164.217:41155, 762a8ef4-06aa-49b5-9be5-e8c25d63ffd4:192.168.164.217:39454, 6e20113d-da41-468f-989c-79f394900631:192.168.164.217:41733] returns group-FE0F54E81B5E:java.util.concurrent.CompletableFuture@7aabe73d[Not completed]
2019-10-29 17:00:46,861 [EventQueue-PipelineReportForPipelineReportHandler] INFO  pipeline.PipelineReportHandler (PipelineReportHandler.java:processPipelineReport(104)) - Pipeline ONE PipelineID=1f0e193c-a76f-4651-83e7-39782c293771 reported by b24b64b0-64c5-44da-9f86-e95754209149{ip: 192.168.164.217, host: pr-hdds-2034-76npd-2451761435, networkLocation: /default-rack, certSerialId: null}
2019-10-29 17:00:46,862 [EventQueue-PipelineReportForPipelineReportHandler] INFO  pipeline.PipelineStateManager (PipelineStateManager.java:openPipeline(134)) - Pipeline Pipeline[ Id: 1f0e193c-a76f-4651-83e7-39782c293771, Nodes: b24b64b0-64c5-44da-9f86-e95754209149{ip: 192.168.164.217, host: pr-hdds-2034-76npd-2451761435, networkLocation: /default-rack, certSerialId: null}, Type:RATIS, Factor:ONE, State:ALLOCATED] moved to OPEN state
2019-10-29 17:00:46,862 [pool-137-thread-1] INFO  impl.RaftServerImpl (RaftServerImpl.java:<init>(98)) - b24b64b0-64c5-44da-9f86-e95754209149: new RaftServerImpl for group-FE0F54E81B5E:[b24b64b0-64c5-44da-9f86-e95754209149:192.168.164.217:41155, 762a8ef4-06aa-49b5-9be5-e8c25d63ffd4:192.168.164.217:39454, 6e20113d-da41-468f-989c-79f394900631:192.168.164.217:41733] with ContainerStateMachine:uninitialized
2019-10-29 17:00:46,863 [pool-137-thread-1] INFO  server.RaftServerConfigKeys (ConfUtils.java:logGet(43)) - raft.server.rpc.timeout.min = 5s (custom)
2019-10-29 17:00:46,863 [pool-137-thread-1] INFO  server.RaftServerConfigKeys (ConfUtils.java:logGet(43)) - raft.server.rpc.timeout.max = 5200ms (custom)
2019-10-29 17:00:46,863 [pool-137-thread-1] INFO  server.RaftServerConfigKeys (ConfUtils.java:logGet(43)) - raft.server.rpcslowness.timeout = 120s (custom)
2019-10-29 17:00:46,863 [pool-137-thread-1] INFO  server.RaftServerConfigKeys (ConfUtils.java:logGet(43)) - raft.server.sleep.deviation.threshold = 300 (default)
2019-10-29 17:00:46,863 [pool-137-thread-1] INFO  server.RaftServerConfigKeys (ConfUtils.java:logGet(43)) - raft.server.log.appender.install.snapshot.enabled = false (custom)
2019-10-29 17:00:46,863 [pool-137-thread-1] INFO  impl.RaftServerImpl (ServerState.java:<init>(103)) - b24b64b0-64c5-44da-9f86-e95754209149@group-FE0F54E81B5E: ConfigurationManager, init=-1: [b24b64b0-64c5-44da-9f86-e95754209149:192.168.164.217:41155, 762a8ef4-06aa-49b5-9be5-e8c25d63ffd4:192.168.164.217:39454, 6e20113d-da41-468f-989c-79f394900631:192.168.164.217:41733], old=null, confs=<EMPTY_MAP>
2019-10-29 17:00:46,864 [pool-137-thread-1] INFO  server.RaftServerConfigKeys (ConfUtils.java:logGet(43)) - raft.server.storage.dir = [/workdir/hadoop-ozone/integration-test/target/test-dir/MiniOzoneClusterImpl-aab27e9b-3d67-49de-9494-0bd40dea1365/datanode-1/data/ratis] (custom)
2019-10-29 17:00:46,864 [pool-137-thread-1] INFO  server.RaftServerConfigKeys (ConfUtils.java:logGet(43)) - raft.server.log.corruption.policy = EXCEPTION (default)
2019-10-29 17:00:46,864 [pool-137-thread-1] INFO  storage.RaftStorageDirectory (RaftStorageDirectory.java:analyzeStorage(246)) - The storage directory /workdir/hadoop-ozone/integration-test/target/test-dir/MiniOzoneClusterImpl-aab27e9b-3d67-49de-9494-0bd40dea1365/datanode-1/data/ratis/c84b7f19-3612-4469-acba-fe0f54e81b5e does not exist. Creating ...
2019-10-29 17:00:46,869 [pool-137-thread-1] INFO  storage.RaftStorageDirectory (RaftStorageDirectory.java:tryLock(328)) - Lock on /workdir/hadoop-ozone/integration-test/target/test-dir/MiniOzoneClusterImpl-aab27e9b-3d67-49de-9494-0bd40dea1365/datanode-1/data/ratis/c84b7f19-3612-4469-acba-fe0f54e81b5e/in_use.lock acquired by nodename 24299@pr-hdds-2034-76npd-2451761435
2019-10-29 17:00:46,872 [pool-137-thread-1] INFO  storage.RaftStorage (RaftStorage.java:format(84)) - Storage directory /workdir/hadoop-ozone/integration-test/target/test-dir/MiniOzoneClusterImpl-aab27e9b-3d67-49de-9494-0bd40dea1365/datanode-1/data/ratis/c84b7f19-3612-4469-acba-fe0f54e81b5e has been successfully formatted.
2019-10-29 17:00:46,873 [pool-137-thread-1] INFO  ratis.ContainerStateMachine (ContainerStateMachine.java:loadSnapshot(231)) - group-FE0F54E81B5E: The snapshot info is null. Setting the last applied indexto:(t:0, i:~)
2019-10-29 17:00:46,873 [pool-137-thread-1] INFO  server.RaftServerConfigKeys (ConfUtils.java:logGet(43)) - raft.server.notification.no-leader.timeout = 120s (custom)
2019-10-29 17:00:46,873 [pool-137-thread-1] INFO  server.RaftServerConfigKeys (ConfUtils.java:logGet(43)) - raft.server.log.use.memory = false (default)
2019-10-29 17:00:46,873 [pool-137-thread-1] INFO  server.RaftServerConfigKeys (ConfUtils.java:logGet(43)) - raft.server.log.purge.gap = 1000000 (custom)
2019-10-29 17:00:46,873 [pool-137-thread-1] INFO  server.RaftServerConfigKeys (ConfUtils.java:logGet(43)) - raft.server.log.appender.buffer.byte-limit = 33554432 (custom)
2019-10-29 17:00:46,873 [pool-137-thread-1] INFO  server.RaftServerConfigKeys (ConfUtils.java:logGet(43)) - raft.server.log.segment.size.max = 1048576 (custom)
2019-10-29 17:00:46,874 [pool-137-thread-1] INFO  server.RaftServerConfigKeys (ConfUtils.java:logGet(43)) - raft.server.log.segment.cache.num.max = 2 (custom)
2019-10-29 17:00:46,874 [pool-137-thread-1] INFO  segmented.SegmentedRaftLogWorker (SegmentedRaftLogWorker.java:<init>(173)) - new b24b64b0-64c5-44da-9f86-e95754209149@group-FE0F54E81B5E-SegmentedRaftLogWorker for RaftStorage:Storage Directory /workdir/hadoop-ozone/integration-test/target/test-dir/MiniOzoneClusterImpl-aab27e9b-3d67-49de-9494-0bd40dea1365/datanode-1/data/ratis/c84b7f19-3612-4469-acba-fe0f54e81b5e
2019-10-29 17:00:46,874 [pool-137-thread-1] INFO  server.RaftServerConfigKeys (ConfUtils.java:logGet(43)) - raft.server.log.queue.byte-limit = 2147483647 (custom)
2019-10-29 17:00:46,874 [pool-137-thread-1] INFO  server.RaftServerConfigKeys (ConfUtils.java:logGet(43)) - raft.server.log.queue.element-limit = 1024 (custom)
2019-10-29 17:00:46,874 [pool-137-thread-1] INFO  server.RaftServerConfigKeys (ConfUtils.java:logGet(43)) - raft.server.log.segment.size.max = 1048576 (custom)
2019-10-29 17:00:46,874 [pool-137-thread-1] INFO  server.RaftServerConfigKeys (ConfUtils.java:logGet(43)) - raft.server.log.preallocated.size = 16384 (custom)
2019-10-29 17:00:46,874 [pool-137-thread-1] INFO  server.RaftServerConfigKeys (ConfUtils.java:logGet(43)) - raft.server.log.write.buffer.size = 33554432 (custom)
2019-10-29 17:00:46,875 [pool-137-thread-1] INFO  server.RaftServerConfigKeys (ConfUtils.java:logGet(43)) - raft.server.log.force.sync.num = 128 (default)
2019-10-29 17:00:46,875 [pool-137-thread-1] INFO  server.RaftServerConfigKeys (ConfUtils.java:logGet(43)) - raft.server.log.statemachine.data.sync = true (default)
2019-10-29 17:00:46,875 [pool-137-thread-1] INFO  server.RaftServerConfigKeys (ConfUtils.java:logGet(43)) - raft.server.log.statemachine.data.sync.timeout = 10s (default)
2019-10-29 17:00:46,875 [pool-137-thread-1] INFO  server.RaftServerConfigKeys (ConfUtils.java:logGet(43)) - raft.server.log.statemachine.data.sync.timeout.retry = -1 (default)
2019-10-29 17:00:46,875 [pool-137-thread-1] INFO  server.RaftServerConfigKeys (ConfUtils.java:logGet(43)) - raft.server.log.statemachine.data.caching.enabled = true (custom)
2019-10-29 17:00:46,876 [pool-137-thread-1] INFO  segmented.SegmentedRaftLogWorker (SegmentedRaftLogWorker.java:lambda$new$0(128)) - b24b64b0-64c5-44da-9f86-e95754209149@group-FE0F54E81B5E-SegmentedRaftLogWorker: flushIndex: setUnconditionally 0 -> -1
2019-10-29 17:00:46,876 [pool-137-thread-1] INFO  server.RaftServerConfigKeys (ConfUtils.java:logGet(43)) - raft.server.snapshot.auto.trigger.enabled = true (custom)
2019-10-29 17:00:46,876 [pool-137-thread-1] INFO  server.RaftServerConfigKeys (ConfUtils.java:logGet(43)) - raft.server.snapshot.auto.trigger.threshold = 10000 (custom)
2019-10-29 17:00:46,876 [pool-137-thread-1] INFO  server.RaftServerConfigKeys (ConfUtils.java:logGet(43)) - raft.server.snapshot.retention.file.num = 5 (custom)
2019-10-29 17:00:46,876 [pool-137-thread-1] INFO  server.RaftServerConfigKeys (ConfUtils.java:logGet(43)) - raft.server.retrycache.expirytime = 600000ms (custom)
2019-10-29 17:00:46,877 [pool-137-thread-1] WARN  impl.MetricRegistriesImpl (MetricRegistriesImpl.java:lambda$create$1(61)) - First MetricRegistry has been created without registering reporters. You may need to call MetricRegistries.global().addReportRegistration(...) before.
2019-10-29 17:00:46,877 [pool-137-thread-1] WARN  impl.MetricRegistriesImpl (MetricRegistriesImpl.java:lambda$create$1(61)) - First MetricRegistry has been created without registering reporters. You may need to call MetricRegistries.global().addReportRegistration(...) before.
2019-10-29 17:00:46,877 [pool-137-thread-1] INFO  impl.RaftServerImpl (RaftServerImpl.java:start(184)) - b24b64b0-64c5-44da-9f86-e95754209149@group-FE0F54E81B5E: start as a follower, conf=-1: [b24b64b0-64c5-44da-9f86-e95754209149:192.168.164.217:41155, 762a8ef4-06aa-49b5-9be5-e8c25d63ffd4:192.168.164.217:39454, 6e20113d-da41-468f-989c-79f394900631:192.168.164.217:41733], old=null
2019-10-29 17:00:46,877 [pool-137-thread-1] INFO  impl.RaftServerImpl (RaftServerImpl.java:setRole(173)) - b24b64b0-64c5-44da-9f86-e95754209149@group-FE0F54E81B5E: changes role from      null to FOLLOWER at term 0 for startAsFollower
2019-10-29 17:00:46,877 [pool-137-thread-1] INFO  impl.RoleInfo (RoleInfo.java:updateAndGet(143)) - b24b64b0-64c5-44da-9f86-e95754209149: start FollowerState
2019-10-29 17:00:46,878 [pool-137-thread-1] INFO  util.JmxRegister (JmxRegister.java:tryRegister(44)) - Successfully registered JMX Bean with object name Ratis:service=RaftServer,group=group-FE0F54E81B5E,id=b24b64b0-64c5-44da-9f86-e95754209149
2019-10-29 17:00:46,878 [pool-137-thread-1] WARN  impl.MetricRegistriesImpl (MetricRegistriesImpl.java:lambda$create$1(61)) - First MetricRegistry has been created without registering reporters. You may need to call MetricRegistries.global().addReportRegistration(...) before.
2019-10-29 17:00:46,879 [Command processor thread] INFO  commandhandler.CreatePipelineCommandHandler (CreatePipelineCommandHandler.java:handle(86)) - Create Pipeline RATIS THREE #id: "c84b7f19-3612-4469-acba-fe0f54e81b5e"
 command succeed on datanode b24b64b0-64c5-44da-9f86-e95754209149.
2019-10-29 17:00:46,881 [EventQueue-PipelineReportForPipelineReportHandler] INFO  pipeline.PipelineReportHandler (PipelineReportHandler.java:processPipelineReport(104)) - Pipeline THREE PipelineID=c84b7f19-3612-4469-acba-fe0f54e81b5e reported by b24b64b0-64c5-44da-9f86-e95754209149{ip: 192.168.164.217, host: pr-hdds-2034-76npd-2451761435, networkLocation: /default-rack, certSerialId: null}
2019-10-29 17:00:46,905 [Command processor thread] INFO  impl.RaftServerProxy (RaftServerProxy.java:addNew(89)) - 6e20113d-da41-468f-989c-79f394900631: addNew group-86EE70437BF9:[6e20113d-da41-468f-989c-79f394900631:192.168.164.217:41733] returns group-86EE70437BF9:java.util.concurrent.CompletableFuture@35cfa1e4[Not completed]
2019-10-29 17:00:46,907 [pool-147-thread-1] INFO  impl.RaftServerImpl (RaftServerImpl.java:<init>(98)) - 6e20113d-da41-468f-989c-79f394900631: new RaftServerImpl for group-86EE70437BF9:[6e20113d-da41-468f-989c-79f394900631:192.168.164.217:41733] with ContainerStateMachine:uninitialized
2019-10-29 17:00:46,907 [pool-147-thread-1] INFO  server.RaftServerConfigKeys (ConfUtils.java:logGet(43)) - raft.server.rpc.timeout.min = 5s (custom)
2019-10-29 17:00:46,907 [pool-147-thread-1] INFO  server.RaftServerConfigKeys (ConfUtils.java:logGet(43)) - raft.server.rpc.timeout.max = 5200ms (custom)
2019-10-29 17:00:46,907 [pool-147-thread-1] INFO  server.RaftServerConfigKeys (ConfUtils.java:logGet(43)) - raft.server.rpcslowness.timeout = 120s (custom)
2019-10-29 17:00:46,907 [pool-147-thread-1] INFO  server.RaftServerConfigKeys (ConfUtils.java:logGet(43)) - raft.server.sleep.deviation.threshold = 300 (default)
2019-10-29 17:00:46,907 [pool-147-thread-1] INFO  server.RaftServerConfigKeys (ConfUtils.java:logGet(43)) - raft.server.log.appender.install.snapshot.enabled = false (custom)
2019-10-29 17:00:46,908 [pool-147-thread-1] INFO  impl.RaftServerImpl (ServerState.java:<init>(103)) - 6e20113d-da41-468f-989c-79f394900631@group-86EE70437BF9: ConfigurationManager, init=-1: [6e20113d-da41-468f-989c-79f394900631:192.168.164.217:41733], old=null, confs=<EMPTY_MAP>
2019-10-29 17:00:46,908 [pool-147-thread-1] INFO  server.RaftServerConfigKeys (ConfUtils.java:logGet(43)) - raft.server.storage.dir = [/workdir/hadoop-ozone/integration-test/target/test-dir/MiniOzoneClusterImpl-aab27e9b-3d67-49de-9494-0bd40dea1365/datanode-2/data/ratis] (custom)
2019-10-29 17:00:46,908 [pool-147-thread-1] INFO  server.RaftServerConfigKeys (ConfUtils.java:logGet(43)) - raft.server.log.corruption.policy = EXCEPTION (default)
2019-10-29 17:00:46,908 [pool-147-thread-1] INFO  storage.RaftStorageDirectory (RaftStorageDirectory.java:analyzeStorage(246)) - The storage directory /workdir/hadoop-ozone/integration-test/target/test-dir/MiniOzoneClusterImpl-aab27e9b-3d67-49de-9494-0bd40dea1365/datanode-2/data/ratis/5036b6ab-9f85-430b-bd70-86ee70437bf9 does not exist. Creating ...
2019-10-29 17:00:46,909 [main] INFO  ozone.MiniOzoneClusterImpl (MiniOzoneClusterImpl.java:lambda$waitForClusterToBeReady$0(149)) - Nodes are ready. Got 3 of 3 DN Heartbeats.
2019-10-29 17:00:46,910 [main] INFO  ozone.MiniOzoneClusterImpl (MiniOzoneClusterImpl.java:lambda$waitForClusterToBeReady$0(152)) - Cluster exits safe mode
2019-10-29 17:00:46,912 [pool-147-thread-1] INFO  storage.RaftStorageDirectory (RaftStorageDirectory.java:tryLock(328)) - Lock on /workdir/hadoop-ozone/integration-test/target/test-dir/MiniOzoneClusterImpl-aab27e9b-3d67-49de-9494-0bd40dea1365/datanode-2/data/ratis/5036b6ab-9f85-430b-bd70-86ee70437bf9/in_use.lock acquired by nodename 24299@pr-hdds-2034-76npd-2451761435
2019-10-29 17:00:46,916 [pool-147-thread-1] INFO  storage.RaftStorage (RaftStorage.java:format(84)) - Storage directory /workdir/hadoop-ozone/integration-test/target/test-dir/MiniOzoneClusterImpl-aab27e9b-3d67-49de-9494-0bd40dea1365/datanode-2/data/ratis/5036b6ab-9f85-430b-bd70-86ee70437bf9 has been successfully formatted.
2019-10-29 17:00:46,916 [pool-147-thread-1] INFO  ratis.ContainerStateMachine (ContainerStateMachine.java:loadSnapshot(231)) - group-86EE70437BF9: The snapshot info is null. Setting the last applied indexto:(t:0, i:~)
2019-10-29 17:00:46,916 [pool-147-thread-1] INFO  server.RaftServerConfigKeys (ConfUtils.java:logGet(43)) - raft.server.notification.no-leader.timeout = 120s (custom)
2019-10-29 17:00:46,916 [pool-147-thread-1] INFO  server.RaftServerConfigKeys (ConfUtils.java:logGet(43)) - raft.server.log.use.memory = false (default)
2019-10-29 17:00:46,916 [pool-147-thread-1] INFO  server.RaftServerConfigKeys (ConfUtils.java:logGet(43)) - raft.server.log.purge.gap = 1000000 (custom)
2019-10-29 17:00:46,917 [pool-147-thread-1] INFO  server.RaftServerConfigKeys (ConfUtils.java:logGet(43)) - raft.server.log.appender.buffer.byte-limit = 33554432 (custom)
2019-10-29 17:00:46,917 [pool-147-thread-1] INFO  server.RaftServerConfigKeys (ConfUtils.java:logGet(43)) - raft.server.log.segment.size.max = 1048576 (custom)
2019-10-29 17:00:46,917 [pool-147-thread-1] WARN  impl.MetricRegistriesImpl (MetricRegistriesImpl.java:lambda$create$1(61)) - First MetricRegistry has been created without registering reporters. You may need to call MetricRegistries.global().addReportRegistration(...) before.
2019-10-29 17:00:46,917 [pool-147-thread-1] INFO  server.RaftServerConfigKeys (ConfUtils.java:logGet(43)) - raft.server.log.segment.cache.num.max = 2 (custom)
2019-10-29 17:00:46,917 [pool-147-thread-1] INFO  segmented.SegmentedRaftLogWorker (SegmentedRaftLogWorker.java:<init>(173)) - new 6e20113d-da41-468f-989c-79f394900631@group-86EE70437BF9-SegmentedRaftLogWorker for RaftStorage:Storage Directory /workdir/hadoop-ozone/integration-test/target/test-dir/MiniOzoneClusterImpl-aab27e9b-3d67-49de-9494-0bd40dea1365/datanode-2/data/ratis/5036b6ab-9f85-430b-bd70-86ee70437bf9
2019-10-29 17:00:46,917 [pool-147-thread-1] INFO  server.RaftServerConfigKeys (ConfUtils.java:logGet(43)) - raft.server.log.queue.byte-limit = 2147483647 (custom)
2019-10-29 17:00:46,917 [pool-147-thread-1] INFO  server.RaftServerConfigKeys (ConfUtils.java:logGet(43)) - raft.server.log.queue.element-limit = 1024 (custom)
2019-10-29 17:00:46,917 [pool-147-thread-1] INFO  server.RaftServerConfigKeys (ConfUtils.java:logGet(43)) - raft.server.log.segment.size.max = 1048576 (custom)
2019-10-29 17:00:46,918 [pool-147-thread-1] INFO  server.RaftServerConfigKeys (ConfUtils.java:logGet(43)) - raft.server.log.preallocated.size = 16384 (custom)
2019-10-29 17:00:46,918 [pool-147-thread-1] INFO  server.RaftServerConfigKeys (ConfUtils.java:logGet(43)) - raft.server.log.write.buffer.size = 33554432 (custom)
2019-10-29 17:00:46,918 [pool-147-thread-1] INFO  server.RaftServerConfigKeys (ConfUtils.java:logGet(43)) - raft.server.log.force.sync.num = 128 (default)
2019-10-29 17:00:46,918 [pool-147-thread-1] INFO  server.RaftServerConfigKeys (ConfUtils.java:logGet(43)) - raft.server.log.statemachine.data.sync = true (default)
2019-10-29 17:00:46,918 [pool-147-thread-1] INFO  server.RaftServerConfigKeys (ConfUtils.java:logGet(43)) - raft.server.log.statemachine.data.sync.timeout = 10s (default)
2019-10-29 17:00:46,918 [pool-147-thread-1] INFO  server.RaftServerConfigKeys (ConfUtils.java:logGet(43)) - raft.server.log.statemachine.data.sync.timeout.retry = -1 (default)
2019-10-29 17:00:46,918 [pool-147-thread-1] INFO  server.RaftServerConfigKeys (ConfUtils.java:logGet(43)) - raft.server.log.statemachine.data.caching.enabled = true (custom)
2019-10-29 17:00:46,919 [pool-147-thread-1] INFO  segmented.SegmentedRaftLogWorker (SegmentedRaftLogWorker.java:lambda$new$0(128)) - 6e20113d-da41-468f-989c-79f394900631@group-86EE70437BF9-SegmentedRaftLogWorker: flushIndex: setUnconditionally 0 -> -1
2019-10-29 17:00:46,919 [pool-147-thread-1] INFO  server.RaftServerConfigKeys (ConfUtils.java:logGet(43)) - raft.server.snapshot.auto.trigger.enabled = true (custom)
2019-10-29 17:00:46,919 [pool-147-thread-1] INFO  server.RaftServerConfigKeys (ConfUtils.java:logGet(43)) - raft.server.snapshot.auto.trigger.threshold = 10000 (custom)
2019-10-29 17:00:46,919 [pool-147-thread-1] INFO  server.RaftServerConfigKeys (ConfUtils.java:logGet(43)) - raft.server.snapshot.retention.file.num = 5 (custom)
2019-10-29 17:00:46,919 [pool-147-thread-1] INFO  server.RaftServerConfigKeys (ConfUtils.java:logGet(43)) - raft.server.retrycache.expirytime = 600000ms (custom)
2019-10-29 17:00:46,920 [pool-147-thread-1] WARN  impl.MetricRegistriesImpl (MetricRegistriesImpl.java:lambda$create$1(61)) - First MetricRegistry has been created without registering reporters. You may need to call MetricRegistries.global().addReportRegistration(...) before.
2019-10-29 17:00:46,920 [pool-147-thread-1] WARN  impl.MetricRegistriesImpl (MetricRegistriesImpl.java:lambda$create$1(61)) - First MetricRegistry has been created without registering reporters. You may need to call MetricRegistries.global().addReportRegistration(...) before.
2019-10-29 17:00:46,920 [pool-147-thread-1] INFO  impl.RaftServerImpl (RaftServerImpl.java:start(184)) - 6e20113d-da41-468f-989c-79f394900631@group-86EE70437BF9: start as a follower, conf=-1: [6e20113d-da41-468f-989c-79f394900631:192.168.164.217:41733], old=null
2019-10-29 17:00:46,920 [pool-147-thread-1] INFO  impl.RaftServerImpl (RaftServerImpl.java:setRole(173)) - 6e20113d-da41-468f-989c-79f394900631@group-86EE70437BF9: changes role from      null to FOLLOWER at term 0 for startAsFollower
2019-10-29 17:00:46,920 [pool-147-thread-1] INFO  impl.RoleInfo (RoleInfo.java:updateAndGet(143)) - 6e20113d-da41-468f-989c-79f394900631: start FollowerState
2019-10-29 17:00:46,921 [pool-147-thread-1] INFO  util.JmxRegister (JmxRegister.java:tryRegister(44)) - Successfully registered JMX Bean with object name Ratis:service=RaftServer,group=group-86EE70437BF9,id=6e20113d-da41-468f-989c-79f394900631
2019-10-29 17:00:46,921 [pool-147-thread-1] WARN  impl.MetricRegistriesImpl (MetricRegistriesImpl.java:lambda$create$1(61)) - First MetricRegistry has been created without registering reporters. You may need to call MetricRegistries.global().addReportRegistration(...) before.
2019-10-29 17:00:46,921 [Command processor thread] INFO  commandhandler.CreatePipelineCommandHandler (CreatePipelineCommandHandler.java:handle(86)) - Create Pipeline RATIS ONE #id: "5036b6ab-9f85-430b-bd70-86ee70437bf9"
 command succeed on datanode 6e20113d-da41-468f-989c-79f394900631.
2019-10-29 17:00:46,923 [Command processor thread] INFO  impl.RaftServerProxy (RaftServerProxy.java:addNew(89)) - 6e20113d-da41-468f-989c-79f394900631: addNew group-FE0F54E81B5E:[b24b64b0-64c5-44da-9f86-e95754209149:192.168.164.217:41155, 762a8ef4-06aa-49b5-9be5-e8c25d63ffd4:192.168.164.217:39454, 6e20113d-da41-468f-989c-79f394900631:192.168.164.217:41733] returns group-FE0F54E81B5E:java.util.concurrent.CompletableFuture@31f02385[Not completed]
2019-10-29 17:00:46,924 [EventQueue-PipelineReportForPipelineReportHandler] INFO  pipeline.PipelineReportHandler (PipelineReportHandler.java:processPipelineReport(104)) - Pipeline ONE PipelineID=5036b6ab-9f85-430b-bd70-86ee70437bf9 reported by 6e20113d-da41-468f-989c-79f394900631{ip: 192.168.164.217, host: pr-hdds-2034-76npd-2451761435, networkLocation: /default-rack, certSerialId: null}
2019-10-29 17:00:46,924 [EventQueue-PipelineReportForPipelineReportHandler] INFO  pipeline.PipelineStateManager (PipelineStateManager.java:openPipeline(134)) - Pipeline Pipeline[ Id: 5036b6ab-9f85-430b-bd70-86ee70437bf9, Nodes: 6e20113d-da41-468f-989c-79f394900631{ip: 192.168.164.217, host: pr-hdds-2034-76npd-2451761435, networkLocation: /default-rack, certSerialId: null}, Type:RATIS, Factor:ONE, State:ALLOCATED] moved to OPEN state
2019-10-29 17:00:46,925 [pool-147-thread-1] INFO  impl.RaftServerImpl (RaftServerImpl.java:<init>(98)) - 6e20113d-da41-468f-989c-79f394900631: new RaftServerImpl for group-FE0F54E81B5E:[b24b64b0-64c5-44da-9f86-e95754209149:192.168.164.217:41155, 762a8ef4-06aa-49b5-9be5-e8c25d63ffd4:192.168.164.217:39454, 6e20113d-da41-468f-989c-79f394900631:192.168.164.217:41733] with ContainerStateMachine:uninitialized
2019-10-29 17:00:46,925 [pool-147-thread-1] INFO  server.RaftServerConfigKeys (ConfUtils.java:logGet(43)) - raft.server.rpc.timeout.min = 5s (custom)
2019-10-29 17:00:46,925 [pool-147-thread-1] INFO  server.RaftServerConfigKeys (ConfUtils.java:logGet(43)) - raft.server.rpc.timeout.max = 5200ms (custom)
2019-10-29 17:00:46,925 [pool-147-thread-1] INFO  server.RaftServerConfigKeys (ConfUtils.java:logGet(43)) - raft.server.rpcslowness.timeout = 120s (custom)
2019-10-29 17:00:46,925 [pool-147-thread-1] INFO  server.RaftServerConfigKeys (ConfUtils.java:logGet(43)) - raft.server.sleep.deviation.threshold = 300 (default)
2019-10-29 17:00:46,925 [pool-147-thread-1] INFO  server.RaftServerConfigKeys (ConfUtils.java:logGet(43)) - raft.server.log.appender.install.snapshot.enabled = false (custom)
2019-10-29 17:00:46,925 [pool-147-thread-1] INFO  impl.RaftServerImpl (ServerState.java:<init>(103)) - 6e20113d-da41-468f-989c-79f394900631@group-FE0F54E81B5E: ConfigurationManager, init=-1: [b24b64b0-64c5-44da-9f86-e95754209149:192.168.164.217:41155, 762a8ef4-06aa-49b5-9be5-e8c25d63ffd4:192.168.164.217:39454, 6e20113d-da41-468f-989c-79f394900631:192.168.164.217:41733], old=null, confs=<EMPTY_MAP>
2019-10-29 17:00:46,925 [pool-147-thread-1] INFO  server.RaftServerConfigKeys (ConfUtils.java:logGet(43)) - raft.server.storage.dir = [/workdir/hadoop-ozone/integration-test/target/test-dir/MiniOzoneClusterImpl-aab27e9b-3d67-49de-9494-0bd40dea1365/datanode-2/data/ratis] (custom)
2019-10-29 17:00:46,926 [pool-147-thread-1] INFO  server.RaftServerConfigKeys (ConfUtils.java:logGet(43)) - raft.server.log.corruption.policy = EXCEPTION (default)
2019-10-29 17:00:46,926 [pool-147-thread-1] INFO  storage.RaftStorageDirectory (RaftStorageDirectory.java:analyzeStorage(246)) - The storage directory /workdir/hadoop-ozone/integration-test/target/test-dir/MiniOzoneClusterImpl-aab27e9b-3d67-49de-9494-0bd40dea1365/datanode-2/data/ratis/c84b7f19-3612-4469-acba-fe0f54e81b5e does not exist. Creating ...
2019-10-29 17:00:46,929 [pool-147-thread-1] INFO  storage.RaftStorageDirectory (RaftStorageDirectory.java:tryLock(328)) - Lock on /workdir/hadoop-ozone/integration-test/target/test-dir/MiniOzoneClusterImpl-aab27e9b-3d67-49de-9494-0bd40dea1365/datanode-2/data/ratis/c84b7f19-3612-4469-acba-fe0f54e81b5e/in_use.lock acquired by nodename 24299@pr-hdds-2034-76npd-2451761435
2019-10-29 17:00:46,932 [pool-147-thread-1] INFO  storage.RaftStorage (RaftStorage.java:format(84)) - Storage directory /workdir/hadoop-ozone/integration-test/target/test-dir/MiniOzoneClusterImpl-aab27e9b-3d67-49de-9494-0bd40dea1365/datanode-2/data/ratis/c84b7f19-3612-4469-acba-fe0f54e81b5e has been successfully formatted.
2019-10-29 17:00:46,932 [pool-147-thread-1] INFO  ratis.ContainerStateMachine (ContainerStateMachine.java:loadSnapshot(231)) - group-FE0F54E81B5E: The snapshot info is null. Setting the last applied indexto:(t:0, i:~)
2019-10-29 17:00:46,932 [pool-147-thread-1] INFO  server.RaftServerConfigKeys (ConfUtils.java:logGet(43)) - raft.server.notification.no-leader.timeout = 120s (custom)
2019-10-29 17:00:46,932 [pool-147-thread-1] INFO  server.RaftServerConfigKeys (ConfUtils.java:logGet(43)) - raft.server.log.use.memory = false (default)
2019-10-29 17:00:46,933 [pool-147-thread-1] INFO  server.RaftServerConfigKeys (ConfUtils.java:logGet(43)) - raft.server.log.purge.gap = 1000000 (custom)
2019-10-29 17:00:46,933 [pool-147-thread-1] INFO  server.RaftServerConfigKeys (ConfUtils.java:logGet(43)) - raft.server.log.appender.buffer.byte-limit = 33554432 (custom)
2019-10-29 17:00:46,933 [pool-147-thread-1] INFO  server.RaftServerConfigKeys (ConfUtils.java:logGet(43)) - raft.server.log.segment.size.max = 1048576 (custom)
2019-10-29 17:00:46,933 [pool-147-thread-1] INFO  server.RaftServerConfigKeys (ConfUtils.java:logGet(43)) - raft.server.log.segment.cache.num.max = 2 (custom)
2019-10-29 17:00:46,933 [pool-147-thread-1] INFO  segmented.SegmentedRaftLogWorker (SegmentedRaftLogWorker.java:<init>(173)) - new 6e20113d-da41-468f-989c-79f394900631@group-FE0F54E81B5E-SegmentedRaftLogWorker for RaftStorage:Storage Directory /workdir/hadoop-ozone/integration-test/target/test-dir/MiniOzoneClusterImpl-aab27e9b-3d67-49de-9494-0bd40dea1365/datanode-2/data/ratis/c84b7f19-3612-4469-acba-fe0f54e81b5e
2019-10-29 17:00:46,933 [pool-147-thread-1] INFO  server.RaftServerConfigKeys (ConfUtils.java:logGet(43)) - raft.server.log.queue.byte-limit = 2147483647 (custom)
2019-10-29 17:00:46,933 [pool-147-thread-1] INFO  server.RaftServerConfigKeys (ConfUtils.java:logGet(43)) - raft.server.log.queue.element-limit = 1024 (custom)
2019-10-29 17:00:46,933 [pool-147-thread-1] INFO  server.RaftServerConfigKeys (ConfUtils.java:logGet(43)) - raft.server.log.segment.size.max = 1048576 (custom)
2019-10-29 17:00:46,933 [pool-147-thread-1] INFO  server.RaftServerConfigKeys (ConfUtils.java:logGet(43)) - raft.server.log.preallocated.size = 16384 (custom)
2019-10-29 17:00:46,933 [pool-147-thread-1] INFO  server.RaftServerConfigKeys (ConfUtils.java:logGet(43)) - raft.server.log.write.buffer.size = 33554432 (custom)
2019-10-29 17:00:46,934 [pool-147-thread-1] INFO  server.RaftServerConfigKeys (ConfUtils.java:logGet(43)) - raft.server.log.force.sync.num = 128 (default)
2019-10-29 17:00:46,934 [pool-147-thread-1] INFO  server.RaftServerConfigKeys (ConfUtils.java:logGet(43)) - raft.server.log.statemachine.data.sync = true (default)
2019-10-29 17:00:46,934 [pool-147-thread-1] INFO  server.RaftServerConfigKeys (ConfUtils.java:logGet(43)) - raft.server.log.statemachine.data.sync.timeout = 10s (default)
2019-10-29 17:00:46,934 [pool-147-thread-1] INFO  server.RaftServerConfigKeys (ConfUtils.java:logGet(43)) - raft.server.log.statemachine.data.sync.timeout.retry = -1 (default)
2019-10-29 17:00:46,934 [pool-147-thread-1] INFO  server.RaftServerConfigKeys (ConfUtils.java:logGet(43)) - raft.server.log.statemachine.data.caching.enabled = true (custom)
2019-10-29 17:00:46,934 [pool-147-thread-1] INFO  segmented.SegmentedRaftLogWorker (SegmentedRaftLogWorker.java:lambda$new$0(128)) - 6e20113d-da41-468f-989c-79f394900631@group-FE0F54E81B5E-SegmentedRaftLogWorker: flushIndex: setUnconditionally 0 -> -1
2019-10-29 17:00:46,934 [pool-147-thread-1] INFO  server.RaftServerConfigKeys (ConfUtils.java:logGet(43)) - raft.server.snapshot.auto.trigger.enabled = true (custom)
2019-10-29 17:00:46,935 [pool-147-thread-1] INFO  server.RaftServerConfigKeys (ConfUtils.java:logGet(43)) - raft.server.snapshot.auto.trigger.threshold = 10000 (custom)
2019-10-29 17:00:46,935 [pool-147-thread-1] INFO  server.RaftServerConfigKeys (ConfUtils.java:logGet(43)) - raft.server.snapshot.retention.file.num = 5 (custom)
2019-10-29 17:00:46,935 [pool-147-thread-1] INFO  server.RaftServerConfigKeys (ConfUtils.java:logGet(43)) - raft.server.retrycache.expirytime = 600000ms (custom)
2019-10-29 17:00:46,935 [pool-147-thread-1] WARN  impl.MetricRegistriesImpl (MetricRegistriesImpl.java:lambda$create$1(61)) - First MetricRegistry has been created without registering reporters. You may need to call MetricRegistries.global().addReportRegistration(...) before.
2019-10-29 17:00:46,935 [pool-147-thread-1] WARN  impl.MetricRegistriesImpl (MetricRegistriesImpl.java:lambda$create$1(61)) - First MetricRegistry has been created without registering reporters. You may need to call MetricRegistries.global().addReportRegistration(...) before.
2019-10-29 17:00:46,935 [pool-147-thread-1] INFO  impl.RaftServerImpl (RaftServerImpl.java:start(184)) - 6e20113d-da41-468f-989c-79f394900631@group-FE0F54E81B5E: start as a follower, conf=-1: [b24b64b0-64c5-44da-9f86-e95754209149:192.168.164.217:41155, 762a8ef4-06aa-49b5-9be5-e8c25d63ffd4:192.168.164.217:39454, 6e20113d-da41-468f-989c-79f394900631:192.168.164.217:41733], old=null
2019-10-29 17:00:46,935 [pool-147-thread-1] INFO  impl.RaftServerImpl (RaftServerImpl.java:setRole(173)) - 6e20113d-da41-468f-989c-79f394900631@group-FE0F54E81B5E: changes role from      null to FOLLOWER at term 0 for startAsFollower
2019-10-29 17:00:46,935 [pool-147-thread-1] INFO  impl.RoleInfo (RoleInfo.java:updateAndGet(143)) - 6e20113d-da41-468f-989c-79f394900631: start FollowerState
2019-10-29 17:00:46,936 [pool-147-thread-1] INFO  util.JmxRegister (JmxRegister.java:tryRegister(44)) - Successfully registered JMX Bean with object name Ratis:service=RaftServer,group=group-FE0F54E81B5E,id=6e20113d-da41-468f-989c-79f394900631
2019-10-29 17:00:46,936 [pool-147-thread-1] WARN  impl.MetricRegistriesImpl (MetricRegistriesImpl.java:lambda$create$1(61)) - First MetricRegistry has been created without registering reporters. You may need to call MetricRegistries.global().addReportRegistration(...) before.
2019-10-29 17:00:46,936 [Command processor thread] INFO  commandhandler.CreatePipelineCommandHandler (CreatePipelineCommandHandler.java:handle(86)) - Create Pipeline RATIS THREE #id: "c84b7f19-3612-4469-acba-fe0f54e81b5e"
 command succeed on datanode 6e20113d-da41-468f-989c-79f394900631.
2019-10-29 17:00:46,938 [EventQueue-PipelineReportForPipelineReportHandler] INFO  pipeline.PipelineReportHandler (PipelineReportHandler.java:processPipelineReport(104)) - Pipeline THREE PipelineID=c84b7f19-3612-4469-acba-fe0f54e81b5e reported by 6e20113d-da41-468f-989c-79f394900631{ip: 192.168.164.217, host: pr-hdds-2034-76npd-2451761435, networkLocation: /default-rack, certSerialId: null}
2019-10-29 17:00:46,938 [EventQueue-PipelineReportForPipelineReportHandler] INFO  pipeline.PipelineStateManager (PipelineStateManager.java:openPipeline(134)) - Pipeline Pipeline[ Id: c84b7f19-3612-4469-acba-fe0f54e81b5e, Nodes: 762a8ef4-06aa-49b5-9be5-e8c25d63ffd4{ip: 192.168.164.217, host: pr-hdds-2034-76npd-2451761435, networkLocation: /default-rack, certSerialId: null}b24b64b0-64c5-44da-9f86-e95754209149{ip: 192.168.164.217, host: pr-hdds-2034-76npd-2451761435, networkLocation: /default-rack, certSerialId: null}6e20113d-da41-468f-989c-79f394900631{ip: 192.168.164.217, host: pr-hdds-2034-76npd-2451761435, networkLocation: /default-rack, certSerialId: null}, Type:RATIS, Factor:THREE, State:ALLOCATED] moved to OPEN state
2019-10-29 17:00:49,862 [Thread-610] INFO  container.ReplicationManager (ReplicationManager.java:start(162)) - Starting Replication Monitor Thread.
2019-10-29 17:00:49,865 [ReplicationMonitor] INFO  container.ReplicationManager (ReplicationManager.java:run(225)) - Replication Monitor Thread took 0 milliseconds for processing 0 containers.
2019-10-29 17:00:50,023 [main] INFO  ozone.MiniOzoneClusterImpl (MiniOzoneClusterImpl.java:shutdown(338)) - Shutting down the Mini Ozone Cluster
2019-10-29 17:00:50,023 [main] INFO  ozone.MiniOzoneClusterImpl (MiniOzoneClusterImpl.java:stop(354)) - Stopping the Mini Ozone Cluster
2019-10-29 17:00:50,023 [main] INFO  ozone.MiniOzoneClusterImpl (MiniOzoneClusterImpl.java:stopOM(424)) - Stopping the OzoneManager
2019-10-29 17:00:50,024 [main] INFO  ipc.Server (Server.java:stop(3082)) - Stopping server on 44366
2019-10-29 17:00:50,035 [IPC Server listener on 44366] INFO  ipc.Server (Server.java:run(1185)) - Stopping IPC Server listener on 44366
2019-10-29 17:00:50,036 [main] INFO  ratis.OzoneManagerDoubleBuffer (OzoneManagerDoubleBuffer.java:stop(255)) - Stopping OMDoubleBuffer flush thread
2019-10-29 17:00:50,038 [IPC Server Responder] INFO  ipc.Server (Server.java:run(1319)) - Stopping IPC Server Responder
2019-10-29 17:00:50,045 [OMDoubleBufferFlushThread] INFO  ratis.OzoneManagerDoubleBuffer (OzoneManagerDoubleBuffer.java:flushTransactions(198)) - OMDoubleBuffer flush thread OMDoubleBufferFlushThread is interrupted and will exit. OMDoubleBufferFlushThread
2019-10-29 17:00:50,045 [main] INFO  utils.BackgroundService (BackgroundService.java:shutdown(151)) - Shutting down service KeyDeletingService
2019-10-29 17:00:50,047 [main] INFO  handler.ContextHandler (ContextHandler.java:doStop(910)) - Stopped o.e.j.w.WebAppContext@656f62dc{/,null,UNAVAILABLE}{/ozoneManager}
2019-10-29 17:00:50,049 [main] INFO  server.AbstractConnector (AbstractConnector.java:doStop(318)) - Stopped ServerConnector@49d30c6f{HTTP/1.1,[http/1.1]}{0.0.0.0:0}
2019-10-29 17:00:50,049 [main] INFO  handler.ContextHandler (ContextHandler.java:doStop(910)) - Stopped o.e.j.s.ServletContextHandler@73809e7{/static,file:///workdir/hadoop-ozone/integration-test/target/test-classes/webapps/static,UNAVAILABLE}
2019-10-29 17:00:50,049 [main] INFO  handler.ContextHandler (ContextHandler.java:doStop(910)) - Stopped o.e.j.s.ServletContextHandler@30c4e352{/logs,file:///workdir/hadoop-ozone/integration-test/target/log,UNAVAILABLE}
2019-10-29 17:00:50,053 [main] INFO  ozone.MiniOzoneClusterImpl (MiniOzoneClusterImpl.java:stopDatanodes(401)) - Stopping the HddsDatanodes
2019-10-29 17:00:50,879 [Datanode State Machine Thread - 0] INFO  statemachine.DatanodeStateMachine (DatanodeStateMachine.java:lambda$startDaemon$0(356)) - Ozone container server started.
2019-10-29 17:00:50,918 [Datanode State Machine Thread - 0] INFO  statemachine.DatanodeStateMachine (DatanodeStateMachine.java:lambda$startDaemon$0(356)) - Ozone container server started.
2019-10-29 17:00:51,894 [Thread-608] INFO  impl.FollowerState (FollowerState.java:run(111)) - b24b64b0-64c5-44da-9f86-e95754209149@group-39782C293771-FollowerState: change to CANDIDATE, lastRpcTime:5037ms, electionTimeout:5037ms
2019-10-29 17:00:51,894 [Thread-608] INFO  impl.RoleInfo (RoleInfo.java:shutdownFollowerState(121)) - b24b64b0-64c5-44da-9f86-e95754209149: shutdown FollowerState
2019-10-29 17:00:51,895 [Thread-608] INFO  impl.RaftServerImpl (RaftServerImpl.java:setRole(173)) - b24b64b0-64c5-44da-9f86-e95754209149@group-39782C293771: changes role from  FOLLOWER to CANDIDATE at term 0 for changeToCandidate
2019-10-29 17:00:51,895 [Thread-608] INFO  impl.RoleInfo (RoleInfo.java:updateAndGet(143)) - b24b64b0-64c5-44da-9f86-e95754209149: start LeaderElection
2019-10-29 17:00:51,911 [b24b64b0-64c5-44da-9f86-e95754209149@group-39782C293771-LeaderElection13] INFO  impl.LeaderElection (LeaderElection.java:askForVotes(178)) - b24b64b0-64c5-44da-9f86-e95754209149@group-39782C293771-LeaderElection13: begin an election at term 1 for -1: [b24b64b0-64c5-44da-9f86-e95754209149:192.168.164.217:41155], old=null
2019-10-29 17:00:51,912 [b24b64b0-64c5-44da-9f86-e95754209149@group-39782C293771-LeaderElection13] INFO  impl.RoleInfo (RoleInfo.java:shutdownLeaderElection(134)) - b24b64b0-64c5-44da-9f86-e95754209149: shutdown LeaderElection
2019-10-29 17:00:51,912 [b24b64b0-64c5-44da-9f86-e95754209149@group-39782C293771-LeaderElection13] INFO  impl.RaftServerImpl (RaftServerImpl.java:setRole(173)) - b24b64b0-64c5-44da-9f86-e95754209149@group-39782C293771: changes role from CANDIDATE to LEADER at term 1 for changeToLeader
2019-10-29 17:00:51,912 [b24b64b0-64c5-44da-9f86-e95754209149@group-39782C293771-LeaderElection13] INFO  impl.RaftServerImpl (ServerState.java:setLeader(255)) - b24b64b0-64c5-44da-9f86-e95754209149@group-39782C293771: change Leader from null to b24b64b0-64c5-44da-9f86-e95754209149 at term 1 for becomeLeader, leader elected after 5063ms
2019-10-29 17:00:51,913 [b24b64b0-64c5-44da-9f86-e95754209149@group-39782C293771-LeaderElection13] INFO  server.RaftServerConfigKeys (ConfUtils.java:logGet(43)) - raft.server.staging.catchup.gap = 1000 (default)
2019-10-29 17:00:51,913 [b24b64b0-64c5-44da-9f86-e95754209149@group-39782C293771-LeaderElection13] INFO  server.RaftServerConfigKeys (ConfUtils.java:logGet(43)) - raft.server.rpc.sleep.time = 25ms (default)
2019-10-29 17:00:51,913 [b24b64b0-64c5-44da-9f86-e95754209149@group-39782C293771-LeaderElection13] INFO  server.RaftServerConfigKeys (ConfUtils.java:logGet(43)) - raft.server.write.element-limit = 4096 (default)
2019-10-29 17:00:51,914 [b24b64b0-64c5-44da-9f86-e95754209149@group-39782C293771-LeaderElection13] INFO  server.RaftServerConfigKeys (ConfUtils.java:logGet(43)) - raft.server.watch.timeout = 10s (default)
2019-10-29 17:00:51,914 [b24b64b0-64c5-44da-9f86-e95754209149@group-39782C293771-LeaderElection13] INFO  server.RaftServerConfigKeys (ConfUtils.java:logGet(43)) - raft.server.watch.timeout.denomination = 1s (default)
2019-10-29 17:00:51,914 [b24b64b0-64c5-44da-9f86-e95754209149@group-39782C293771-LeaderElection13] INFO  server.RaftServerConfigKeys (ConfUtils.java:logGet(43)) - raft.server.watch.element-limit = 65536 (default)
2019-10-29 17:00:51,915 [b24b64b0-64c5-44da-9f86-e95754209149@group-39782C293771-LeaderElection13] INFO  impl.RoleInfo (RoleInfo.java:updateAndGet(143)) - b24b64b0-64c5-44da-9f86-e95754209149: start LeaderState
2019-10-29 17:00:51,916 [b24b64b0-64c5-44da-9f86-e95754209149@group-39782C293771-LeaderElection13] INFO  segmented.SegmentedRaftLogWorker (SegmentedRaftLogWorker.java:startLogSegment(385)) - b24b64b0-64c5-44da-9f86-e95754209149@group-39782C293771-SegmentedRaftLogWorker: Starting segment from index:0
2019-10-29 17:00:51,917 [b24b64b0-64c5-44da-9f86-e95754209149@group-39782C293771-LeaderElection13] INFO  impl.RaftServerImpl (ServerState.java:setRaftConf(356)) - b24b64b0-64c5-44da-9f86-e95754209149@group-39782C293771: set configuration 0: [b24b64b0-64c5-44da-9f86-e95754209149:192.168.164.217:41155], old=null at 0
2019-10-29 17:00:51,960 [b24b64b0-64c5-44da-9f86-e95754209149@group-39782C293771-SegmentedRaftLogWorker] INFO  segmented.SegmentedRaftLogWorker (SegmentedRaftLogWorker.java:execute(576)) - b24b64b0-64c5-44da-9f86-e95754209149@group-39782C293771-SegmentedRaftLogWorker: created new log segment /workdir/hadoop-ozone/integration-test/target/test-dir/MiniOzoneClusterImpl-aab27e9b-3d67-49de-9494-0bd40dea1365/datanode-1/data/ratis/1f0e193c-a76f-4651-83e7-39782c293771/current/log_inprogress_0
2019-10-29 17:00:51,981 [Thread-616] INFO  impl.FollowerState (FollowerState.java:run(111)) - 6e20113d-da41-468f-989c-79f394900631@group-FE0F54E81B5E-FollowerState: change to CANDIDATE, lastRpcTime:5045ms, electionTimeout:5045ms
2019-10-29 17:00:51,981 [Thread-616] INFO  impl.RoleInfo (RoleInfo.java:shutdownFollowerState(121)) - 6e20113d-da41-468f-989c-79f394900631: shutdown FollowerState
2019-10-29 17:00:51,981 [Thread-616] INFO  impl.RaftServerImpl (RaftServerImpl.java:setRole(173)) - 6e20113d-da41-468f-989c-79f394900631@group-FE0F54E81B5E: changes role from  FOLLOWER to CANDIDATE at term 0 for changeToCandidate
2019-10-29 17:00:51,981 [Thread-616] INFO  impl.RoleInfo (RoleInfo.java:updateAndGet(143)) - 6e20113d-da41-468f-989c-79f394900631: start LeaderElection
2019-10-29 17:00:51,999 [6e20113d-da41-468f-989c-79f394900631@group-FE0F54E81B5E-LeaderElection14] INFO  impl.LeaderElection (LeaderElection.java:askForVotes(178)) - 6e20113d-da41-468f-989c-79f394900631@group-FE0F54E81B5E-LeaderElection14: begin an election at term 1 for -1: [b24b64b0-64c5-44da-9f86-e95754209149:192.168.164.217:41155, 762a8ef4-06aa-49b5-9be5-e8c25d63ffd4:192.168.164.217:39454, 6e20113d-da41-468f-989c-79f394900631:192.168.164.217:41733], old=null
2019-10-29 17:00:52,000 [Thread-606] INFO  impl.FollowerState (FollowerState.java:run(111)) - 762a8ef4-06aa-49b5-9be5-e8c25d63ffd4@group-FE0F54E81B5E-FollowerState: change to CANDIDATE, lastRpcTime:5145ms, electionTimeout:5145ms
2019-10-29 17:00:52,000 [Thread-606] INFO  impl.RoleInfo (RoleInfo.java:shutdownFollowerState(121)) - 762a8ef4-06aa-49b5-9be5-e8c25d63ffd4: shutdown FollowerState
2019-10-29 17:00:52,000 [Thread-606] INFO  impl.RaftServerImpl (RaftServerImpl.java:setRole(173)) - 762a8ef4-06aa-49b5-9be5-e8c25d63ffd4@group-FE0F54E81B5E: changes role from  FOLLOWER to CANDIDATE at term 0 for changeToCandidate
2019-10-29 17:00:52,001 [Thread-606] INFO  impl.RoleInfo (RoleInfo.java:updateAndGet(143)) - 762a8ef4-06aa-49b5-9be5-e8c25d63ffd4: start LeaderElection
2019-10-29 17:00:52,009 [Thread-602] INFO  impl.FollowerState (FollowerState.java:run(111)) - 762a8ef4-06aa-49b5-9be5-e8c25d63ffd4@group-0C7DCCD7DD9B-FollowerState: change to CANDIDATE, lastRpcTime:5187ms, electionTimeout:5187ms
2019-10-29 17:00:52,009 [Thread-602] INFO  impl.RoleInfo (RoleInfo.java:shutdownFollowerState(121)) - 762a8ef4-06aa-49b5-9be5-e8c25d63ffd4: shutdown FollowerState
2019-10-29 17:00:52,009 [Thread-602] INFO  impl.RaftServerImpl (RaftServerImpl.java:setRole(173)) - 762a8ef4-06aa-49b5-9be5-e8c25d63ffd4@group-0C7DCCD7DD9B: changes role from  FOLLOWER to CANDIDATE at term 0 for changeToCandidate
2019-10-29 17:00:52,009 [Thread-602] INFO  impl.RoleInfo (RoleInfo.java:updateAndGet(143)) - 762a8ef4-06aa-49b5-9be5-e8c25d63ffd4: start LeaderElection
2019-10-29 17:00:52,015 [Thread-614] INFO  impl.FollowerState (FollowerState.java:run(111)) - 6e20113d-da41-468f-989c-79f394900631@group-86EE70437BF9-FollowerState: change to CANDIDATE, lastRpcTime:5094ms, electionTimeout:5094ms
2019-10-29 17:00:52,015 [Thread-614] INFO  impl.RoleInfo (RoleInfo.java:shutdownFollowerState(121)) - 6e20113d-da41-468f-989c-79f394900631: shutdown FollowerState
2019-10-29 17:00:52,015 [Thread-614] INFO  impl.RaftServerImpl (RaftServerImpl.java:setRole(173)) - 6e20113d-da41-468f-989c-79f394900631@group-86EE70437BF9: changes role from  FOLLOWER to CANDIDATE at term 0 for changeToCandidate
2019-10-29 17:00:52,015 [Thread-614] INFO  impl.RoleInfo (RoleInfo.java:updateAndGet(143)) - 6e20113d-da41-468f-989c-79f394900631: start LeaderElection
2019-10-29 17:00:52,018 [762a8ef4-06aa-49b5-9be5-e8c25d63ffd4@group-0C7DCCD7DD9B-LeaderElection16] INFO  impl.LeaderElection (LeaderElection.java:askForVotes(178)) - 762a8ef4-06aa-49b5-9be5-e8c25d63ffd4@group-0C7DCCD7DD9B-LeaderElection16: begin an election at term 1 for -1: [762a8ef4-06aa-49b5-9be5-e8c25d63ffd4:192.168.164.217:39454], old=null
2019-10-29 17:00:52,018 [762a8ef4-06aa-49b5-9be5-e8c25d63ffd4@group-FE0F54E81B5E-LeaderElection15] INFO  impl.LeaderElection (LeaderElection.java:askForVotes(178)) - 762a8ef4-06aa-49b5-9be5-e8c25d63ffd4@group-FE0F54E81B5E-LeaderElection15: begin an election at term 1 for -1: [b24b64b0-64c5-44da-9f86-e95754209149:192.168.164.217:41155, 762a8ef4-06aa-49b5-9be5-e8c25d63ffd4:192.168.164.217:39454, 6e20113d-da41-468f-989c-79f394900631:192.168.164.217:41733], old=null
2019-10-29 17:00:52,018 [762a8ef4-06aa-49b5-9be5-e8c25d63ffd4@group-0C7DCCD7DD9B-LeaderElection16] INFO  impl.RoleInfo (RoleInfo.java:shutdownLeaderElection(134)) - 762a8ef4-06aa-49b5-9be5-e8c25d63ffd4: shutdown LeaderElection
2019-10-29 17:00:52,018 [762a8ef4-06aa-49b5-9be5-e8c25d63ffd4@group-0C7DCCD7DD9B-LeaderElection16] INFO  impl.RaftServerImpl (RaftServerImpl.java:setRole(173)) - 762a8ef4-06aa-49b5-9be5-e8c25d63ffd4@group-0C7DCCD7DD9B: changes role from CANDIDATE to LEADER at term 1 for changeToLeader
2019-10-29 17:00:52,018 [762a8ef4-06aa-49b5-9be5-e8c25d63ffd4@group-0C7DCCD7DD9B-LeaderElection16] INFO  impl.RaftServerImpl (ServerState.java:setLeader(255)) - 762a8ef4-06aa-49b5-9be5-e8c25d63ffd4@group-0C7DCCD7DD9B: change Leader from null to 762a8ef4-06aa-49b5-9be5-e8c25d63ffd4 at term 1 for becomeLeader, leader elected after 5203ms
2019-10-29 17:00:52,019 [762a8ef4-06aa-49b5-9be5-e8c25d63ffd4@group-0C7DCCD7DD9B-LeaderElection16] INFO  server.RaftServerConfigKeys (ConfUtils.java:logGet(43)) - raft.server.staging.catchup.gap = 1000 (default)
2019-10-29 17:00:52,019 [762a8ef4-06aa-49b5-9be5-e8c25d63ffd4@group-0C7DCCD7DD9B-LeaderElection16] INFO  server.RaftServerConfigKeys (ConfUtils.java:logGet(43)) - raft.server.rpc.sleep.time = 25ms (default)
2019-10-29 17:00:52,019 [762a8ef4-06aa-49b5-9be5-e8c25d63ffd4@group-0C7DCCD7DD9B-LeaderElection16] INFO  server.RaftServerConfigKeys (ConfUtils.java:logGet(43)) - raft.server.write.element-limit = 4096 (default)
2019-10-29 17:00:52,019 [762a8ef4-06aa-49b5-9be5-e8c25d63ffd4@group-0C7DCCD7DD9B-LeaderElection16] INFO  server.RaftServerConfigKeys (ConfUtils.java:logGet(43)) - raft.server.watch.timeout = 10s (default)
2019-10-29 17:00:52,020 [762a8ef4-06aa-49b5-9be5-e8c25d63ffd4@group-0C7DCCD7DD9B-LeaderElection16] INFO  server.RaftServerConfigKeys (ConfUtils.java:logGet(43)) - raft.server.watch.timeout.denomination = 1s (default)
2019-10-29 17:00:52,020 [762a8ef4-06aa-49b5-9be5-e8c25d63ffd4@group-0C7DCCD7DD9B-LeaderElection16] INFO  server.RaftServerConfigKeys (ConfUtils.java:logGet(43)) - raft.server.watch.element-limit = 65536 (default)
2019-10-29 17:00:52,021 [762a8ef4-06aa-49b5-9be5-e8c25d63ffd4@group-0C7DCCD7DD9B-LeaderElection16] INFO  impl.RoleInfo (RoleInfo.java:updateAndGet(143)) - 762a8ef4-06aa-49b5-9be5-e8c25d63ffd4: start LeaderState
2019-10-29 17:00:52,022 [762a8ef4-06aa-49b5-9be5-e8c25d63ffd4@group-0C7DCCD7DD9B-LeaderElection16] INFO  segmented.SegmentedRaftLogWorker (SegmentedRaftLogWorker.java:startLogSegment(385)) - 762a8ef4-06aa-49b5-9be5-e8c25d63ffd4@group-0C7DCCD7DD9B-SegmentedRaftLogWorker: Starting segment from index:0
2019-10-29 17:00:52,024 [762a8ef4-06aa-49b5-9be5-e8c25d63ffd4@group-0C7DCCD7DD9B-LeaderElection16] INFO  impl.RaftServerImpl (ServerState.java:setRaftConf(356)) - 762a8ef4-06aa-49b5-9be5-e8c25d63ffd4@group-0C7DCCD7DD9B: set configuration 0: [762a8ef4-06aa-49b5-9be5-e8c25d63ffd4:192.168.164.217:39454], old=null at 0
2019-10-29 17:00:52,058 [Thread-612] INFO  impl.FollowerState (FollowerState.java:run(111)) - b24b64b0-64c5-44da-9f86-e95754209149@group-FE0F54E81B5E-FollowerState: change to CANDIDATE, lastRpcTime:5181ms, electionTimeout:5177ms
2019-10-29 17:00:52,059 [6e20113d-da41-468f-989c-79f394900631@group-86EE70437BF9-LeaderElection17] INFO  impl.LeaderElection (LeaderElection.java:askForVotes(178)) - 6e20113d-da41-468f-989c-79f394900631@group-86EE70437BF9-LeaderElection17: begin an election at term 1 for -1: [6e20113d-da41-468f-989c-79f394900631:192.168.164.217:41733], old=null
2019-10-29 17:00:52,059 [Thread-612] INFO  impl.RoleInfo (RoleInfo.java:shutdownFollowerState(121)) - b24b64b0-64c5-44da-9f86-e95754209149: shutdown FollowerState
2019-10-29 17:00:52,059 [6e20113d-da41-468f-989c-79f394900631@group-86EE70437BF9-LeaderElection17] INFO  impl.RoleInfo (RoleInfo.java:shutdownLeaderElection(134)) - 6e20113d-da41-468f-989c-79f394900631: shutdown LeaderElection
2019-10-29 17:00:52,059 [Thread-612] INFO  impl.RaftServerImpl (RaftServerImpl.java:setRole(173)) - b24b64b0-64c5-44da-9f86-e95754209149@group-FE0F54E81B5E: changes role from  FOLLOWER to CANDIDATE at term 0 for changeToCandidate
2019-10-29 17:00:52,059 [6e20113d-da41-468f-989c-79f394900631@group-86EE70437BF9-LeaderElection17] INFO  impl.RaftServerImpl (RaftServerImpl.java:setRole(173)) - 6e20113d-da41-468f-989c-79f394900631@group-86EE70437BF9: changes role from CANDIDATE to LEADER at term 1 for changeToLeader
2019-10-29 17:00:52,061 [Thread-612] INFO  impl.RoleInfo (RoleInfo.java:updateAndGet(143)) - b24b64b0-64c5-44da-9f86-e95754209149: start LeaderElection
2019-10-29 17:00:52,061 [6e20113d-da41-468f-989c-79f394900631@group-86EE70437BF9-LeaderElection17] INFO  impl.RaftServerImpl (ServerState.java:setLeader(255)) - 6e20113d-da41-468f-989c-79f394900631@group-86EE70437BF9: change Leader from null to 6e20113d-da41-468f-989c-79f394900631 at term 1 for becomeLeader, leader elected after 5144ms
2019-10-29 17:00:52,062 [762a8ef4-06aa-49b5-9be5-e8c25d63ffd4@group-0C7DCCD7DD9B-SegmentedRaftLogWorker] INFO  segmented.SegmentedRaftLogWorker (SegmentedRaftLogWorker.java:execute(576)) - 762a8ef4-06aa-49b5-9be5-e8c25d63ffd4@group-0C7DCCD7DD9B-SegmentedRaftLogWorker: created new log segment /workdir/hadoop-ozone/integration-test/target/test-dir/MiniOzoneClusterImpl-aab27e9b-3d67-49de-9494-0bd40dea1365/datanode-0/data/ratis/e01fb839-8725-480b-ac43-0c7dccd7dd9b/current/log_inprogress_0
2019-10-29 17:00:52,063 [6e20113d-da41-468f-989c-79f394900631@group-86EE70437BF9-LeaderElection17] INFO  server.RaftServerConfigKeys (ConfUtils.java:logGet(43)) - raft.server.staging.catchup.gap = 1000 (default)
2019-10-29 17:00:52,064 [6e20113d-da41-468f-989c-79f394900631@group-86EE70437BF9-LeaderElection17] INFO  server.RaftServerConfigKeys (ConfUtils.java:logGet(43)) - raft.server.rpc.sleep.time = 25ms (default)
2019-10-29 17:00:52,064 [6e20113d-da41-468f-989c-79f394900631@group-86EE70437BF9-LeaderElection17] INFO  server.RaftServerConfigKeys (ConfUtils.java:logGet(43)) - raft.server.write.element-limit = 4096 (default)
2019-10-29 17:00:52,064 [6e20113d-da41-468f-989c-79f394900631@group-86EE70437BF9-LeaderElection17] INFO  server.RaftServerConfigKeys (ConfUtils.java:logGet(43)) - raft.server.watch.timeout = 10s (default)
2019-10-29 17:00:52,064 [6e20113d-da41-468f-989c-79f394900631@group-86EE70437BF9-LeaderElection17] INFO  server.RaftServerConfigKeys (ConfUtils.java:logGet(43)) - raft.server.watch.timeout.denomination = 1s (default)
2019-10-29 17:00:52,065 [6e20113d-da41-468f-989c-79f394900631@group-86EE70437BF9-LeaderElection17] INFO  server.RaftServerConfigKeys (ConfUtils.java:logGet(43)) - raft.server.watch.element-limit = 65536 (default)
2019-10-29 17:00:52,066 [6e20113d-da41-468f-989c-79f394900631@group-86EE70437BF9-LeaderElection17] INFO  impl.RoleInfo (RoleInfo.java:updateAndGet(143)) - 6e20113d-da41-468f-989c-79f394900631: start LeaderState
2019-10-29 17:00:52,067 [6e20113d-da41-468f-989c-79f394900631@group-86EE70437BF9-LeaderElection17] INFO  segmented.SegmentedRaftLogWorker (SegmentedRaftLogWorker.java:startLogSegment(385)) - 6e20113d-da41-468f-989c-79f394900631@group-86EE70437BF9-SegmentedRaftLogWorker: Starting segment from index:0
2019-10-29 17:00:52,067 [b24b64b0-64c5-44da-9f86-e95754209149@group-FE0F54E81B5E-LeaderElection18] INFO  impl.LeaderElection (LeaderElection.java:askForVotes(178)) - b24b64b0-64c5-44da-9f86-e95754209149@group-FE0F54E81B5E-LeaderElection18: begin an election at term 1 for -1: [b24b64b0-64c5-44da-9f86-e95754209149:192.168.164.217:41155, 762a8ef4-06aa-49b5-9be5-e8c25d63ffd4:192.168.164.217:39454, 6e20113d-da41-468f-989c-79f394900631:192.168.164.217:41733], old=null
2019-10-29 17:00:52,067 [6e20113d-da41-468f-989c-79f394900631@group-86EE70437BF9-LeaderElection17] INFO  impl.RaftServerImpl (ServerState.java:setRaftConf(356)) - 6e20113d-da41-468f-989c-79f394900631@group-86EE70437BF9: set configuration 0: [6e20113d-da41-468f-989c-79f394900631:192.168.164.217:41733], old=null at 0
2019-10-29 17:00:52,099 [6e20113d-da41-468f-989c-79f394900631@group-86EE70437BF9-SegmentedRaftLogWorker] INFO  segmented.SegmentedRaftLogWorker (SegmentedRaftLogWorker.java:execute(576)) - 6e20113d-da41-468f-989c-79f394900631@group-86EE70437BF9-SegmentedRaftLogWorker: created new log segment /workdir/hadoop-ozone/integration-test/target/test-dir/MiniOzoneClusterImpl-aab27e9b-3d67-49de-9494-0bd40dea1365/datanode-2/data/ratis/5036b6ab-9f85-430b-bd70-86ee70437bf9/current/log_inprogress_0
2019-10-29 17:00:52,117 [6e20113d-da41-468f-989c-79f394900631@group-FE0F54E81B5E-LeaderElection14] INFO  impl.LeaderElection (LeaderElection.java:logAndReturn(56)) - 6e20113d-da41-468f-989c-79f394900631@group-FE0F54E81B5E-LeaderElection14: Election REJECTED; received 2 response(s) [6e20113d-da41-468f-989c-79f394900631<-b24b64b0-64c5-44da-9f86-e95754209149#0:FAIL-t1, 6e20113d-da41-468f-989c-79f394900631<-762a8ef4-06aa-49b5-9be5-e8c25d63ffd4#0:FAIL-t1] and 0 exception(s); 6e20113d-da41-468f-989c-79f394900631@group-FE0F54E81B5E:t1, leader=null, voted=6e20113d-da41-468f-989c-79f394900631, raftlog=6e20113d-da41-468f-989c-79f394900631@group-FE0F54E81B5E-SegmentedRaftLog:OPENED:c-1,f-1,i0, conf=-1: [b24b64b0-64c5-44da-9f86-e95754209149:192.168.164.217:41155, 762a8ef4-06aa-49b5-9be5-e8c25d63ffd4:192.168.164.217:39454, 6e20113d-da41-468f-989c-79f394900631:192.168.164.217:41733], old=null
2019-10-29 17:00:52,120 [6e20113d-da41-468f-989c-79f394900631@group-FE0F54E81B5E-LeaderElection14] INFO  impl.RaftServerImpl (RaftServerImpl.java:setRole(173)) - 6e20113d-da41-468f-989c-79f394900631@group-FE0F54E81B5E: changes role from CANDIDATE to FOLLOWER at term 1 for DISCOVERED_A_NEW_TERM
2019-10-29 17:00:52,121 [6e20113d-da41-468f-989c-79f394900631@group-FE0F54E81B5E-LeaderElection14] INFO  impl.RoleInfo (RoleInfo.java:shutdownLeaderElection(134)) - 6e20113d-da41-468f-989c-79f394900631: shutdown LeaderElection
2019-10-29 17:00:52,121 [6e20113d-da41-468f-989c-79f394900631@group-FE0F54E81B5E-LeaderElection14] INFO  impl.RoleInfo (RoleInfo.java:updateAndGet(143)) - 6e20113d-da41-468f-989c-79f394900631: start FollowerState
2019-10-29 17:00:52,130 [762a8ef4-06aa-49b5-9be5-e8c25d63ffd4@group-FE0F54E81B5E-LeaderElection15] INFO  impl.LeaderElection (LeaderElection.java:logAndReturn(56)) - 762a8ef4-06aa-49b5-9be5-e8c25d63ffd4@group-FE0F54E81B5E-LeaderElection15: Election REJECTED; received 2 response(s) [762a8ef4-06aa-49b5-9be5-e8c25d63ffd4<-b24b64b0-64c5-44da-9f86-e95754209149#0:FAIL-t1, 762a8ef4-06aa-49b5-9be5-e8c25d63ffd4<-6e20113d-da41-468f-989c-79f394900631#0:FAIL-t1] and 0 exception(s); 762a8ef4-06aa-49b5-9be5-e8c25d63ffd4@group-FE0F54E81B5E:t1, leader=null, voted=762a8ef4-06aa-49b5-9be5-e8c25d63ffd4, raftlog=762a8ef4-06aa-49b5-9be5-e8c25d63ffd4@group-FE0F54E81B5E-SegmentedRaftLog:OPENED:c-1,f-1,i0, conf=-1: [b24b64b0-64c5-44da-9f86-e95754209149:192.168.164.217:41155, 762a8ef4-06aa-49b5-9be5-e8c25d63ffd4:192.168.164.217:39454, 6e20113d-da41-468f-989c-79f394900631:192.168.164.217:41733], old=null
2019-10-29 17:00:52,131 [762a8ef4-06aa-49b5-9be5-e8c25d63ffd4@group-FE0F54E81B5E-LeaderElection15] INFO  impl.RaftServerImpl (RaftServerImpl.java:setRole(173)) - 762a8ef4-06aa-49b5-9be5-e8c25d63ffd4@group-FE0F54E81B5E: changes role from CANDIDATE to FOLLOWER at term 1 for DISCOVERED_A_NEW_TERM
2019-10-29 17:00:52,134 [762a8ef4-06aa-49b5-9be5-e8c25d63ffd4@group-FE0F54E81B5E-LeaderElection15] INFO  impl.RoleInfo (RoleInfo.java:shutdownLeaderElection(134)) - 762a8ef4-06aa-49b5-9be5-e8c25d63ffd4: shutdown LeaderElection
2019-10-29 17:00:52,135 [762a8ef4-06aa-49b5-9be5-e8c25d63ffd4@group-FE0F54E81B5E-LeaderElection15] INFO  impl.RoleInfo (RoleInfo.java:updateAndGet(143)) - 762a8ef4-06aa-49b5-9be5-e8c25d63ffd4: start FollowerState
2019-10-29 17:00:52,141 [b24b64b0-64c5-44da-9f86-e95754209149@group-FE0F54E81B5E-LeaderElection18] INFO  impl.LeaderElection (LeaderElection.java:logAndReturn(56)) - b24b64b0-64c5-44da-9f86-e95754209149@group-FE0F54E81B5E-LeaderElection18: Election REJECTED; received 2 response(s) [b24b64b0-64c5-44da-9f86-e95754209149<-762a8ef4-06aa-49b5-9be5-e8c25d63ffd4#0:FAIL-t1, b24b64b0-64c5-44da-9f86-e95754209149<-6e20113d-da41-468f-989c-79f394900631#0:FAIL-t1] and 0 exception(s); b24b64b0-64c5-44da-9f86-e95754209149@group-FE0F54E81B5E:t1, leader=null, voted=b24b64b0-64c5-44da-9f86-e95754209149, raftlog=b24b64b0-64c5-44da-9f86-e95754209149@group-FE0F54E81B5E-SegmentedRaftLog:OPENED:c-1,f-1,i0, conf=-1: [b24b64b0-64c5-44da-9f86-e95754209149:192.168.164.217:41155, 762a8ef4-06aa-49b5-9be5-e8c25d63ffd4:192.168.164.217:39454, 6e20113d-da41-468f-989c-79f394900631:192.168.164.217:41733], old=null
2019-10-29 17:00:52,142 [b24b64b0-64c5-44da-9f86-e95754209149@group-FE0F54E81B5E-LeaderElection18] INFO  impl.RaftServerImpl (RaftServerImpl.java:setRole(173)) - b24b64b0-64c5-44da-9f86-e95754209149@group-FE0F54E81B5E: changes role from CANDIDATE to FOLLOWER at term 1 for DISCOVERED_A_NEW_TERM
2019-10-29 17:00:52,143 [b24b64b0-64c5-44da-9f86-e95754209149@group-FE0F54E81B5E-LeaderElection18] INFO  impl.RoleInfo (RoleInfo.java:shutdownLeaderElection(134)) - b24b64b0-64c5-44da-9f86-e95754209149: shutdown LeaderElection
2019-10-29 17:00:52,143 [b24b64b0-64c5-44da-9f86-e95754209149@group-FE0F54E81B5E-LeaderElection18] INFO  impl.RoleInfo (RoleInfo.java:updateAndGet(143)) - b24b64b0-64c5-44da-9f86-e95754209149: start FollowerState
2019-10-29 17:00:55,055 [ForkJoinPool.commonPool-worker-1] INFO  ozoneimpl.OzoneContainer (OzoneContainer.java:stop(227)) - Attempting to stop container services.
2019-10-29 17:00:55,055 [main] INFO  ozoneimpl.OzoneContainer (OzoneContainer.java:stop(227)) - Attempting to stop container services.
2019-10-29 17:00:55,060 [ForkJoinPool.commonPool-worker-1] INFO  impl.RaftServerProxy (RaftServerProxy.java:lambda$close$4(314)) - 762a8ef4-06aa-49b5-9be5-e8c25d63ffd4: close
2019-10-29 17:00:55,061 [main] INFO  impl.RaftServerProxy (RaftServerProxy.java:lambda$close$4(314)) - b24b64b0-64c5-44da-9f86-e95754209149: close
2019-10-29 17:00:55,061 [ForkJoinPool.commonPool-worker-1] INFO  impl.RaftServerImpl (RaftServerImpl.java:lambda$shutdown$3(250)) - 762a8ef4-06aa-49b5-9be5-e8c25d63ffd4@group-0C7DCCD7DD9B: shutdown
2019-10-29 17:00:55,061 [main] INFO  impl.RaftServerImpl (RaftServerImpl.java:lambda$shutdown$3(250)) - b24b64b0-64c5-44da-9f86-e95754209149@group-FE0F54E81B5E: shutdown
2019-10-29 17:00:55,062 [ForkJoinPool.commonPool-worker-1] INFO  util.JmxRegister (JmxRegister.java:unregister(73)) - Successfully un-registered JMX Bean with object name Ratis:service=RaftServer,group=group-0C7DCCD7DD9B,id=762a8ef4-06aa-49b5-9be5-e8c25d63ffd4
2019-10-29 17:00:55,062 [main] INFO  util.JmxRegister (JmxRegister.java:unregister(73)) - Successfully un-registered JMX Bean with object name Ratis:service=RaftServer,group=group-FE0F54E81B5E,id=b24b64b0-64c5-44da-9f86-e95754209149
2019-10-29 17:00:55,062 [ForkJoinPool.commonPool-worker-1] INFO  impl.RoleInfo (RoleInfo.java:shutdownLeaderState(104)) - 762a8ef4-06aa-49b5-9be5-e8c25d63ffd4: shutdown LeaderState
2019-10-29 17:00:55,063 [main] INFO  impl.RoleInfo (RoleInfo.java:shutdownFollowerState(121)) - b24b64b0-64c5-44da-9f86-e95754209149: shutdown FollowerState
2019-10-29 17:00:55,063 [ForkJoinPool.commonPool-worker-1] INFO  impl.PendingRequests (PendingRequests.java:sendNotLeaderResponses(206)) - 762a8ef4-06aa-49b5-9be5-e8c25d63ffd4@group-0C7DCCD7DD9B-PendingRequests: sendNotLeaderResponses
2019-10-29 17:00:55,063 [main] INFO  impl.StateMachineUpdater (StateMachineUpdater.java:stopAndJoin(136)) - b24b64b0-64c5-44da-9f86-e95754209149@group-FE0F54E81B5E-StateMachineUpdater: set stopIndex = -1
2019-10-29 17:00:55,065 [ForkJoinPool.commonPool-worker-1] INFO  impl.StateMachineUpdater (StateMachineUpdater.java:stopAndJoin(136)) - 762a8ef4-06aa-49b5-9be5-e8c25d63ffd4@group-0C7DCCD7DD9B-StateMachineUpdater: set stopIndex = 0
2019-10-29 17:00:55,063 [Thread-635] INFO  impl.FollowerState (FollowerState.java:run(120)) - b24b64b0-64c5-44da-9f86-e95754209149@group-FE0F54E81B5E-FollowerState was interrupted: java.lang.InterruptedException: sleep interrupted
2019-10-29 17:00:55,065 [main] INFO  impl.RaftServerImpl (ServerState.java:close(387)) - b24b64b0-64c5-44da-9f86-e95754209149@group-FE0F54E81B5E: closes. applyIndex: -1
2019-10-29 17:00:55,067 [ForkJoinPool.commonPool-worker-1] INFO  impl.RaftServerImpl (ServerState.java:close(387)) - 762a8ef4-06aa-49b5-9be5-e8c25d63ffd4@group-0C7DCCD7DD9B: closes. applyIndex: 0
2019-10-29 17:00:55,068 [b24b64b0-64c5-44da-9f86-e95754209149@group-FE0F54E81B5E-SegmentedRaftLogWorker] INFO  segmented.SegmentedRaftLogWorker (SegmentedRaftLogWorker.java:run(316)) - b24b64b0-64c5-44da-9f86-e95754209149@group-FE0F54E81B5E-SegmentedRaftLogWorker was interrupted, exiting. There are 0 tasks remaining in the queue.
2019-10-29 17:00:55,068 [762a8ef4-06aa-49b5-9be5-e8c25d63ffd4@group-0C7DCCD7DD9B-SegmentedRaftLogWorker] INFO  segmented.SegmentedRaftLogWorker (SegmentedRaftLogWorker.java:run(316)) - 762a8ef4-06aa-49b5-9be5-e8c25d63ffd4@group-0C7DCCD7DD9B-SegmentedRaftLogWorker was interrupted, exiting. There are 0 tasks remaining in the queue.
2019-10-29 17:00:55,068 [main] INFO  segmented.SegmentedRaftLogWorker (SegmentedRaftLogWorker.java:close(224)) - b24b64b0-64c5-44da-9f86-e95754209149@group-FE0F54E81B5E-SegmentedRaftLogWorker close()
2019-10-29 17:00:55,069 [ForkJoinPool.commonPool-worker-1] INFO  segmented.SegmentedRaftLogWorker (SegmentedRaftLogWorker.java:close(224)) - 762a8ef4-06aa-49b5-9be5-e8c25d63ffd4@group-0C7DCCD7DD9B-SegmentedRaftLogWorker close()
2019-10-29 17:00:55,071 [main] INFO  impl.RaftServerImpl (RaftServerImpl.java:lambda$shutdown$3(250)) - b24b64b0-64c5-44da-9f86-e95754209149@group-39782C293771: shutdown
2019-10-29 17:00:55,072 [ForkJoinPool.commonPool-worker-1] INFO  impl.RaftServerImpl (RaftServerImpl.java:lambda$shutdown$3(250)) - 762a8ef4-06aa-49b5-9be5-e8c25d63ffd4@group-FE0F54E81B5E: shutdown
2019-10-29 17:00:55,073 [main] INFO  util.JmxRegister (JmxRegister.java:unregister(73)) - Successfully un-registered JMX Bean with object name Ratis:service=RaftServer,group=group-39782C293771,id=b24b64b0-64c5-44da-9f86-e95754209149
2019-10-29 17:00:55,073 [ForkJoinPool.commonPool-worker-1] INFO  util.JmxRegister (JmxRegister.java:unregister(73)) - Successfully un-registered JMX Bean with object name Ratis:service=RaftServer,group=group-FE0F54E81B5E,id=762a8ef4-06aa-49b5-9be5-e8c25d63ffd4
2019-10-29 17:00:55,073 [main] INFO  impl.RoleInfo (RoleInfo.java:shutdownLeaderState(104)) - b24b64b0-64c5-44da-9f86-e95754209149: shutdown LeaderState
2019-10-29 17:00:55,074 [ForkJoinPool.commonPool-worker-1] INFO  impl.RoleInfo (RoleInfo.java:shutdownFollowerState(121)) - 762a8ef4-06aa-49b5-9be5-e8c25d63ffd4: shutdown FollowerState
2019-10-29 17:00:55,074 [main] INFO  impl.PendingRequests (PendingRequests.java:sendNotLeaderResponses(206)) - b24b64b0-64c5-44da-9f86-e95754209149@group-39782C293771-PendingRequests: sendNotLeaderResponses
2019-10-29 17:00:55,074 [Thread-634] INFO  impl.FollowerState (FollowerState.java:run(120)) - 762a8ef4-06aa-49b5-9be5-e8c25d63ffd4@group-FE0F54E81B5E-FollowerState was interrupted: java.lang.InterruptedException: sleep interrupted
2019-10-29 17:00:55,074 [ForkJoinPool.commonPool-worker-1] INFO  impl.StateMachineUpdater (StateMachineUpdater.java:stopAndJoin(136)) - 762a8ef4-06aa-49b5-9be5-e8c25d63ffd4@group-FE0F54E81B5E-StateMachineUpdater: set stopIndex = -1
2019-10-29 17:00:55,075 [main] INFO  impl.StateMachineUpdater (StateMachineUpdater.java:stopAndJoin(136)) - b24b64b0-64c5-44da-9f86-e95754209149@group-39782C293771-StateMachineUpdater: set stopIndex = 0
2019-10-29 17:00:55,076 [ForkJoinPool.commonPool-worker-1] INFO  impl.RaftServerImpl (ServerState.java:close(387)) - 762a8ef4-06aa-49b5-9be5-e8c25d63ffd4@group-FE0F54E81B5E: closes. applyIndex: -1
2019-10-29 17:00:55,078 [main] INFO  impl.RaftServerImpl (ServerState.java:close(387)) - b24b64b0-64c5-44da-9f86-e95754209149@group-39782C293771: closes. applyIndex: 0
2019-10-29 17:00:55,078 [762a8ef4-06aa-49b5-9be5-e8c25d63ffd4@group-FE0F54E81B5E-SegmentedRaftLogWorker] INFO  segmented.SegmentedRaftLogWorker (SegmentedRaftLogWorker.java:run(316)) - 762a8ef4-06aa-49b5-9be5-e8c25d63ffd4@group-FE0F54E81B5E-SegmentedRaftLogWorker was interrupted, exiting. There are 0 tasks remaining in the queue.
2019-10-29 17:00:55,078 [ForkJoinPool.commonPool-worker-1] INFO  segmented.SegmentedRaftLogWorker (SegmentedRaftLogWorker.java:close(224)) - 762a8ef4-06aa-49b5-9be5-e8c25d63ffd4@group-FE0F54E81B5E-SegmentedRaftLogWorker close()
2019-10-29 17:00:55,078 [b24b64b0-64c5-44da-9f86-e95754209149@group-39782C293771-SegmentedRaftLogWorker] INFO  segmented.SegmentedRaftLogWorker (SegmentedRaftLogWorker.java:run(316)) - b24b64b0-64c5-44da-9f86-e95754209149@group-39782C293771-SegmentedRaftLogWorker was interrupted, exiting. There are 0 tasks remaining in the queue.
2019-10-29 17:00:55,080 [ForkJoinPool.commonPool-worker-1] INFO  server.GrpcService (GrpcService.java:closeImpl(164)) - 762a8ef4-06aa-49b5-9be5-e8c25d63ffd4: shutdown server with port 39454 now
2019-10-29 17:00:55,081 [main] INFO  segmented.SegmentedRaftLogWorker (SegmentedRaftLogWorker.java:close(224)) - b24b64b0-64c5-44da-9f86-e95754209149@group-39782C293771-SegmentedRaftLogWorker close()
2019-10-29 17:00:55,083 [main] INFO  server.GrpcService (GrpcService.java:closeImpl(164)) - b24b64b0-64c5-44da-9f86-e95754209149: shutdown server with port 41155 now
2019-10-29 17:00:55,093 [ForkJoinPool.commonPool-worker-1] INFO  server.GrpcService (GrpcService.java:closeImpl(172)) - 762a8ef4-06aa-49b5-9be5-e8c25d63ffd4: shutdown server with port 39454 successfully
2019-10-29 17:00:55,097 [main] INFO  server.GrpcService (GrpcService.java:closeImpl(172)) - b24b64b0-64c5-44da-9f86-e95754209149: shutdown server with port 41155 successfully
2019-10-29 17:00:55,102 [refreshUsed-/workdir/hadoop-ozone/integration-test/target/test-dir/MiniOzoneClusterImpl-aab27e9b-3d67-49de-9494-0bd40dea1365/datanode-0/data/containers] WARN  fs.CachingGetSpaceUsed (CachingGetSpaceUsed.java:run(183)) - Thread Interrupted waiting to refresh disk information: sleep interrupted
2019-10-29 17:00:55,108 [refreshUsed-/workdir/hadoop-ozone/integration-test/target/test-dir/MiniOzoneClusterImpl-aab27e9b-3d67-49de-9494-0bd40dea1365/datanode-1/data/containers] WARN  fs.CachingGetSpaceUsed (CachingGetSpaceUsed.java:run(183)) - Thread Interrupted waiting to refresh disk information: sleep interrupted
2019-10-29 17:00:55,127 [main] INFO  utils.BackgroundService (BackgroundService.java:shutdown(151)) - Shutting down service BlockDeletingService
2019-10-29 17:00:55,127 [ForkJoinPool.commonPool-worker-1] INFO  utils.BackgroundService (BackgroundService.java:shutdown(151)) - Shutting down service BlockDeletingService
2019-10-29 17:00:55,131 [main] INFO  statemachine.DatanodeStateMachine (DatanodeStateMachine.java:stopDaemon(401)) - Ozone container server stopped.
2019-10-29 17:00:55,131 [ForkJoinPool.commonPool-worker-1] INFO  statemachine.DatanodeStateMachine (DatanodeStateMachine.java:stopDaemon(401)) - Ozone container server stopped.
2019-10-29 17:00:55,135 [ForkJoinPool.commonPool-worker-1] INFO  handler.ContextHandler (ContextHandler.java:doStop(910)) - Stopped o.e.j.w.WebAppContext@6b63e6ad{/,null,UNAVAILABLE}{/hddsDatanode}
2019-10-29 17:00:55,135 [main] INFO  handler.ContextHandler (ContextHandler.java:doStop(910)) - Stopped o.e.j.w.WebAppContext@ceddaf8{/,null,UNAVAILABLE}{/hddsDatanode}
2019-10-29 17:00:55,136 [ForkJoinPool.commonPool-worker-1] INFO  server.AbstractConnector (AbstractConnector.java:doStop(318)) - Stopped ServerConnector@7beae796{HTTP/1.1,[http/1.1]}{0.0.0.0:0}
2019-10-29 17:00:55,136 [main] INFO  server.AbstractConnector (AbstractConnector.java:doStop(318)) - Stopped ServerConnector@3d90eeb3{HTTP/1.1,[http/1.1]}{0.0.0.0:0}
2019-10-29 17:00:55,137 [ForkJoinPool.commonPool-worker-1] INFO  handler.ContextHandler (ContextHandler.java:doStop(910)) - Stopped o.e.j.s.ServletContextHandler@44a085e5{/static,jar:file:/home/user/.m2/repository/org/apache/hadoop/hadoop-hdds-container-service/0.5.0-SNAPSHOT/hadoop-hdds-container-service-0.5.0-SNAPSHOT.jar!/webapps/static,UNAVAILABLE}
2019-10-29 17:00:55,137 [main] INFO  handler.ContextHandler (ContextHandler.java:doStop(910)) - Stopped o.e.j.s.ServletContextHandler@7c011174{/static,jar:file:/home/user/.m2/repository/org/apache/hadoop/hadoop-hdds-container-service/0.5.0-SNAPSHOT/hadoop-hdds-container-service-0.5.0-SNAPSHOT.jar!/webapps/static,UNAVAILABLE}
2019-10-29 17:00:55,138 [ForkJoinPool.commonPool-worker-1] INFO  handler.ContextHandler (ContextHandler.java:doStop(910)) - Stopped o.e.j.s.ServletContextHandler@66f28a1f{/logs,file:///workdir/hadoop-ozone/integration-test/target/log,UNAVAILABLE}
2019-10-29 17:00:55,138 [main] INFO  handler.ContextHandler (ContextHandler.java:doStop(910)) - Stopped o.e.j.s.ServletContextHandler@15c487a8{/logs,file:///workdir/hadoop-ozone/integration-test/target/log,UNAVAILABLE}
2019-10-29 17:00:55,949 [Datanode State Machine Thread - 0] INFO  statemachine.DatanodeStateMachine (DatanodeStateMachine.java:lambda$startDaemon$0(356)) - Ozone container server started.
2019-10-29 17:00:57,126 [Thread-633] INFO  impl.FollowerState (FollowerState.java:run(111)) - 6e20113d-da41-468f-989c-79f394900631@group-FE0F54E81B5E-FollowerState: change to CANDIDATE, lastRpcTime:5004ms, electionTimeout:5003ms
2019-10-29 17:00:57,126 [Thread-633] INFO  impl.RoleInfo (RoleInfo.java:shutdownFollowerState(121)) - 6e20113d-da41-468f-989c-79f394900631: shutdown FollowerState
2019-10-29 17:00:57,127 [Thread-633] INFO  impl.RaftServerImpl (RaftServerImpl.java:setRole(173)) - 6e20113d-da41-468f-989c-79f394900631@group-FE0F54E81B5E: changes role from  FOLLOWER to CANDIDATE at term 1 for changeToCandidate
2019-10-29 17:00:57,127 [Thread-633] INFO  impl.RoleInfo (RoleInfo.java:updateAndGet(143)) - 6e20113d-da41-468f-989c-79f394900631: start LeaderElection
2019-10-29 17:00:57,143 [6e20113d-da41-468f-989c-79f394900631@group-FE0F54E81B5E-LeaderElection19] INFO  impl.LeaderElection (LeaderElection.java:askForVotes(178)) - 6e20113d-da41-468f-989c-79f394900631@group-FE0F54E81B5E-LeaderElection19: begin an election at term 2 for -1: [b24b64b0-64c5-44da-9f86-e95754209149:192.168.164.217:41155, 762a8ef4-06aa-49b5-9be5-e8c25d63ffd4:192.168.164.217:39454, 6e20113d-da41-468f-989c-79f394900631:192.168.164.217:41733], old=null
2019-10-29 17:00:57,151 [6e20113d-da41-468f-989c-79f394900631@group-FE0F54E81B5E-LeaderElection19] INFO  impl.LeaderElection (LogUtils.java:infoOrTrace(149)) - 6e20113d-da41-468f-989c-79f394900631@group-FE0F54E81B5E-LeaderElection19 got exception when requesting votes: {}
java.util.concurrent.ExecutionException: org.apache.ratis.thirdparty.io.grpc.StatusRuntimeException: UNAVAILABLE: io exception
	at java.util.concurrent.FutureTask.report(FutureTask.java:122)
	at java.util.concurrent.FutureTask.get(FutureTask.java:192)
	at org.apache.ratis.server.impl.LeaderElection.waitForResults(LeaderElection.java:259)
	at org.apache.ratis.server.impl.LeaderElection.askForVotes(LeaderElection.java:197)
	at org.apache.ratis.server.impl.LeaderElection.run(LeaderElection.java:133)
	at java.lang.Thread.run(Thread.java:748)
Caused by: org.apache.ratis.thirdparty.io.grpc.StatusRuntimeException: UNAVAILABLE: io exception
	at org.apache.ratis.thirdparty.io.grpc.stub.ClientCalls.toStatusRuntimeException(ClientCalls.java:233)
	at org.apache.ratis.thirdparty.io.grpc.stub.ClientCalls.getUnchecked(ClientCalls.java:214)
	at org.apache.ratis.thirdparty.io.grpc.stub.ClientCalls.blockingUnaryCall(ClientCalls.java:139)
	at org.apache.ratis.proto.grpc.RaftServerProtocolServiceGrpc$RaftServerProtocolServiceBlockingStub.requestVote(RaftServerProtocolServiceGrpc.java:265)
	at org.apache.ratis.grpc.server.GrpcServerProtocolClient.requestVote(GrpcServerProtocolClient.java:99)
	at org.apache.ratis.grpc.server.GrpcService.requestVote(GrpcService.java:204)
	at org.apache.ratis.server.impl.LeaderElection.lambda$submitRequests$1(LeaderElection.java:234)
	at java.util.concurrent.FutureTask.run(FutureTask.java:266)
	at java.util.concurrent.Executors$RunnableAdapter.call(Executors.java:511)
	at java.util.concurrent.FutureTask.run(FutureTask.java:266)
	at java.util.concurrent.ThreadPoolExecutor.runWorker(ThreadPoolExecutor.java:1149)
	at java.util.concurrent.ThreadPoolExecutor$Worker.run(ThreadPoolExecutor.java:624)
	... 1 more
Caused by: org.apache.ratis.thirdparty.io.netty.channel.AbstractChannel$AnnotatedConnectException: Connection refused: /192.168.164.217:39454
	at sun.nio.ch.SocketChannelImpl.checkConnect(Native Method)
	at sun.nio.ch.SocketChannelImpl.finishConnect(SocketChannelImpl.java:717)
	at org.apache.ratis.thirdparty.io.netty.channel.socket.nio.NioSocketChannel.doFinishConnect(NioSocketChannel.java:327)
	at org.apache.ratis.thirdparty.io.netty.channel.nio.AbstractNioChannel$AbstractNioUnsafe.finishConnect(AbstractNioChannel.java:340)
	at org.apache.ratis.thirdparty.io.netty.channel.nio.NioEventLoop.processSelectedKey(NioEventLoop.java:632)
	at org.apache.ratis.thirdparty.io.netty.channel.nio.NioEventLoop.processSelectedKeysOptimized(NioEventLoop.java:579)
	at org.apache.ratis.thirdparty.io.netty.channel.nio.NioEventLoop.processSelectedKeys(NioEventLoop.java:496)
	at org.apache.ratis.thirdparty.io.netty.channel.nio.NioEventLoop.run(NioEventLoop.java:458)
	at org.apache.ratis.thirdparty.io.netty.util.concurrent.SingleThreadEventExecutor$5.run(SingleThreadEventExecutor.java:897)
	at org.apache.ratis.thirdparty.io.netty.util.concurrent.FastThreadLocalRunnable.run(FastThreadLocalRunnable.java:30)
	... 1 more
Caused by: java.net.ConnectException: Connection refused
	... 11 more
2019-10-29 17:00:57,153 [6e20113d-da41-468f-989c-79f394900631@group-FE0F54E81B5E-LeaderElection19] INFO  impl.LeaderElection (LogUtils.java:infoOrTrace(149)) - 6e20113d-da41-468f-989c-79f394900631@group-FE0F54E81B5E-LeaderElection19 got exception when requesting votes: {}
java.util.concurrent.ExecutionException: org.apache.ratis.thirdparty.io.grpc.StatusRuntimeException: UNAVAILABLE: io exception
	at java.util.concurrent.FutureTask.report(FutureTask.java:122)
	at java.util.concurrent.FutureTask.get(FutureTask.java:192)
	at org.apache.ratis.server.impl.LeaderElection.waitForResults(LeaderElection.java:259)
	at org.apache.ratis.server.impl.LeaderElection.askForVotes(LeaderElection.java:197)
	at org.apache.ratis.server.impl.LeaderElection.run(LeaderElection.java:133)
	at java.lang.Thread.run(Thread.java:748)
Caused by: org.apache.ratis.thirdparty.io.grpc.StatusRuntimeException: UNAVAILABLE: io exception
	at org.apache.ratis.thirdparty.io.grpc.stub.ClientCalls.toStatusRuntimeException(ClientCalls.java:233)
	at org.apache.ratis.thirdparty.io.grpc.stub.ClientCalls.getUnchecked(ClientCalls.java:214)
	at org.apache.ratis.thirdparty.io.grpc.stub.ClientCalls.blockingUnaryCall(ClientCalls.java:139)
	at org.apache.ratis.proto.grpc.RaftServerProtocolServiceGrpc$RaftServerProtocolServiceBlockingStub.requestVote(RaftServerProtocolServiceGrpc.java:265)
	at org.apache.ratis.grpc.server.GrpcServerProtocolClient.requestVote(GrpcServerProtocolClient.java:99)
	at org.apache.ratis.grpc.server.GrpcService.requestVote(GrpcService.java:204)
	at org.apache.ratis.server.impl.LeaderElection.lambda$submitRequests$1(LeaderElection.java:234)
	at java.util.concurrent.FutureTask.run(FutureTask.java:266)
	at java.util.concurrent.Executors$RunnableAdapter.call(Executors.java:511)
	at java.util.concurrent.FutureTask.run(FutureTask.java:266)
	at java.util.concurrent.ThreadPoolExecutor.runWorker(ThreadPoolExecutor.java:1149)
	at java.util.concurrent.ThreadPoolExecutor$Worker.run(ThreadPoolExecutor.java:624)
	... 1 more
Caused by: org.apache.ratis.thirdparty.io.netty.channel.AbstractChannel$AnnotatedConnectException: Connection refused: /192.168.164.217:41155
	at sun.nio.ch.SocketChannelImpl.checkConnect(Native Method)
	at sun.nio.ch.SocketChannelImpl.finishConnect(SocketChannelImpl.java:717)
	at org.apache.ratis.thirdparty.io.netty.channel.socket.nio.NioSocketChannel.doFinishConnect(NioSocketChannel.java:327)
	at org.apache.ratis.thirdparty.io.netty.channel.nio.AbstractNioChannel$AbstractNioUnsafe.finishConnect(AbstractNioChannel.java:340)
	at org.apache.ratis.thirdparty.io.netty.channel.nio.NioEventLoop.processSelectedKey(NioEventLoop.java:632)
	at org.apache.ratis.thirdparty.io.netty.channel.nio.NioEventLoop.processSelectedKeysOptimized(NioEventLoop.java:579)
	at org.apache.ratis.thirdparty.io.netty.channel.nio.NioEventLoop.processSelectedKeys(NioEventLoop.java:496)
	at org.apache.ratis.thirdparty.io.netty.channel.nio.NioEventLoop.run(NioEventLoop.java:458)
	at org.apache.ratis.thirdparty.io.netty.util.concurrent.SingleThreadEventExecutor$5.run(SingleThreadEventExecutor.java:897)
	at org.apache.ratis.thirdparty.io.netty.util.concurrent.FastThreadLocalRunnable.run(FastThreadLocalRunnable.java:30)
	... 1 more
Caused by: java.net.ConnectException: Connection refused
	... 11 more
2019-10-29 17:00:57,154 [6e20113d-da41-468f-989c-79f394900631@group-FE0F54E81B5E-LeaderElection19] INFO  impl.LeaderElection (LeaderElection.java:logAndReturn(56)) - 6e20113d-da41-468f-989c-79f394900631@group-FE0F54E81B5E-LeaderElection19: Election REJECTED; received 0 response(s) [] and 2 exception(s); 6e20113d-da41-468f-989c-79f394900631@group-FE0F54E81B5E:t2, leader=null, voted=6e20113d-da41-468f-989c-79f394900631, raftlog=6e20113d-da41-468f-989c-79f394900631@group-FE0F54E81B5E-SegmentedRaftLog:OPENED:c-1,f-1,i0, conf=-1: [b24b64b0-64c5-44da-9f86-e95754209149:192.168.164.217:41155, 762a8ef4-06aa-49b5-9be5-e8c25d63ffd4:192.168.164.217:39454, 6e20113d-da41-468f-989c-79f394900631:192.168.164.217:41733], old=null
2019-10-29 17:00:57,154 [6e20113d-da41-468f-989c-79f394900631@group-FE0F54E81B5E-LeaderElection19] INFO  impl.LeaderElection (LogUtils.java:infoOrTrace(149)) -   Exception 0: {}
java.util.concurrent.ExecutionException: org.apache.ratis.thirdparty.io.grpc.StatusRuntimeException: UNAVAILABLE: io exception
	at java.util.concurrent.FutureTask.report(FutureTask.java:122)
	at java.util.concurrent.FutureTask.get(FutureTask.java:192)
	at org.apache.ratis.server.impl.LeaderElection.waitForResults(LeaderElection.java:259)
	at org.apache.ratis.server.impl.LeaderElection.askForVotes(LeaderElection.java:197)
	at org.apache.ratis.server.impl.LeaderElection.run(LeaderElection.java:133)
	at java.lang.Thread.run(Thread.java:748)
Caused by: org.apache.ratis.thirdparty.io.grpc.StatusRuntimeException: UNAVAILABLE: io exception
	at org.apache.ratis.thirdparty.io.grpc.stub.ClientCalls.toStatusRuntimeException(ClientCalls.java:233)
	at org.apache.ratis.thirdparty.io.grpc.stub.ClientCalls.getUnchecked(ClientCalls.java:214)
	at org.apache.ratis.thirdparty.io.grpc.stub.ClientCalls.blockingUnaryCall(ClientCalls.java:139)
	at org.apache.ratis.proto.grpc.RaftServerProtocolServiceGrpc$RaftServerProtocolServiceBlockingStub.requestVote(RaftServerProtocolServiceGrpc.java:265)
	at org.apache.ratis.grpc.server.GrpcServerProtocolClient.requestVote(GrpcServerProtocolClient.java:99)
	at org.apache.ratis.grpc.server.GrpcService.requestVote(GrpcService.java:204)
	at org.apache.ratis.server.impl.LeaderElection.lambda$submitRequests$1(LeaderElection.java:234)
	at java.util.concurrent.FutureTask.run(FutureTask.java:266)
	at java.util.concurrent.Executors$RunnableAdapter.call(Executors.java:511)
	at java.util.concurrent.FutureTask.run(FutureTask.java:266)
	at java.util.concurrent.ThreadPoolExecutor.runWorker(ThreadPoolExecutor.java:1149)
	at java.util.concurrent.ThreadPoolExecutor$Worker.run(ThreadPoolExecutor.java:624)
	... 1 more
Caused by: org.apache.ratis.thirdparty.io.netty.channel.AbstractChannel$AnnotatedConnectException: Connection refused: /192.168.164.217:39454
	at sun.nio.ch.SocketChannelImpl.checkConnect(Native Method)
	at sun.nio.ch.SocketChannelImpl.finishConnect(SocketChannelImpl.java:717)
	at org.apache.ratis.thirdparty.io.netty.channel.socket.nio.NioSocketChannel.doFinishConnect(NioSocketChannel.java:327)
	at org.apache.ratis.thirdparty.io.netty.channel.nio.AbstractNioChannel$AbstractNioUnsafe.finishConnect(AbstractNioChannel.java:340)
	at org.apache.ratis.thirdparty.io.netty.channel.nio.NioEventLoop.processSelectedKey(NioEventLoop.java:632)
	at org.apache.ratis.thirdparty.io.netty.channel.nio.NioEventLoop.processSelectedKeysOptimized(NioEventLoop.java:579)
	at org.apache.ratis.thirdparty.io.netty.channel.nio.NioEventLoop.processSelectedKeys(NioEventLoop.java:496)
	at org.apache.ratis.thirdparty.io.netty.channel.nio.NioEventLoop.run(NioEventLoop.java:458)
	at org.apache.ratis.thirdparty.io.netty.util.concurrent.SingleThreadEventExecutor$5.run(SingleThreadEventExecutor.java:897)
	at org.apache.ratis.thirdparty.io.netty.util.concurrent.FastThreadLocalRunnable.run(FastThreadLocalRunnable.java:30)
	... 1 more
Caused by: java.net.ConnectException: Connection refused
	... 11 more
2019-10-29 17:00:57,155 [6e20113d-da41-468f-989c-79f394900631@group-FE0F54E81B5E-LeaderElection19] INFO  impl.LeaderElection (LogUtils.java:infoOrTrace(149)) -   Exception 1: {}
java.util.concurrent.ExecutionException: org.apache.ratis.thirdparty.io.grpc.StatusRuntimeException: UNAVAILABLE: io exception
	at java.util.concurrent.FutureTask.report(FutureTask.java:122)
	at java.util.concurrent.FutureTask.get(FutureTask.java:192)
	at org.apache.ratis.server.impl.LeaderElection.waitForResults(LeaderElection.java:259)
	at org.apache.ratis.server.impl.LeaderElection.askForVotes(LeaderElection.java:197)
	at org.apache.ratis.server.impl.LeaderElection.run(LeaderElection.java:133)
	at java.lang.Thread.run(Thread.java:748)
Caused by: org.apache.ratis.thirdparty.io.grpc.StatusRuntimeException: UNAVAILABLE: io exception
	at org.apache.ratis.thirdparty.io.grpc.stub.ClientCalls.toStatusRuntimeException(ClientCalls.java:233)
	at org.apache.ratis.thirdparty.io.grpc.stub.ClientCalls.getUnchecked(ClientCalls.java:214)
	at org.apache.ratis.thirdparty.io.grpc.stub.ClientCalls.blockingUnaryCall(ClientCalls.java:139)
	at org.apache.ratis.proto.grpc.RaftServerProtocolServiceGrpc$RaftServerProtocolServiceBlockingStub.requestVote(RaftServerProtocolServiceGrpc.java:265)
	at org.apache.ratis.grpc.server.GrpcServerProtocolClient.requestVote(GrpcServerProtocolClient.java:99)
	at org.apache.ratis.grpc.server.GrpcService.requestVote(GrpcService.java:204)
	at org.apache.ratis.server.impl.LeaderElection.lambda$submitRequests$1(LeaderElection.java:234)
	at java.util.concurrent.FutureTask.run(FutureTask.java:266)
	at java.util.concurrent.Executors$RunnableAdapter.call(Executors.java:511)
	at java.util.concurrent.FutureTask.run(FutureTask.java:266)
	at java.util.concurrent.ThreadPoolExecutor.runWorker(ThreadPoolExecutor.java:1149)
	at java.util.concurrent.ThreadPoolExecutor$Worker.run(ThreadPoolExecutor.java:624)
	... 1 more
Caused by: org.apache.ratis.thirdparty.io.netty.channel.AbstractChannel$AnnotatedConnectException: Connection refused: /192.168.164.217:41155
	at sun.nio.ch.SocketChannelImpl.checkConnect(Native Method)
	at sun.nio.ch.SocketChannelImpl.finishConnect(SocketChannelImpl.java:717)
	at org.apache.ratis.thirdparty.io.netty.channel.socket.nio.NioSocketChannel.doFinishConnect(NioSocketChannel.java:327)
	at org.apache.ratis.thirdparty.io.netty.channel.nio.AbstractNioChannel$AbstractNioUnsafe.finishConnect(AbstractNioChannel.java:340)
	at org.apache.ratis.thirdparty.io.netty.channel.nio.NioEventLoop.processSelectedKey(NioEventLoop.java:632)
	at org.apache.ratis.thirdparty.io.netty.channel.nio.NioEventLoop.processSelectedKeysOptimized(NioEventLoop.java:579)
	at org.apache.ratis.thirdparty.io.netty.channel.nio.NioEventLoop.processSelectedKeys(NioEventLoop.java:496)
	at org.apache.ratis.thirdparty.io.netty.channel.nio.NioEventLoop.run(NioEventLoop.java:458)
	at org.apache.ratis.thirdparty.io.netty.util.concurrent.SingleThreadEventExecutor$5.run(SingleThreadEventExecutor.java:897)
	at org.apache.ratis.thirdparty.io.netty.util.concurrent.FastThreadLocalRunnable.run(FastThreadLocalRunnable.java:30)
	... 1 more
Caused by: java.net.ConnectException: Connection refused
	... 11 more
2019-10-29 17:00:57,155 [6e20113d-da41-468f-989c-79f394900631@group-FE0F54E81B5E-LeaderElection19] INFO  impl.RaftServerImpl (RaftServerImpl.java:setRole(173)) - 6e20113d-da41-468f-989c-79f394900631@group-FE0F54E81B5E: changes role from CANDIDATE to FOLLOWER at term 2 for DISCOVERED_A_NEW_TERM
2019-10-29 17:00:57,156 [6e20113d-da41-468f-989c-79f394900631@group-FE0F54E81B5E-LeaderElection19] INFO  impl.RoleInfo (RoleInfo.java:shutdownLeaderElection(134)) - 6e20113d-da41-468f-989c-79f394900631: shutdown LeaderElection
2019-10-29 17:00:57,156 [6e20113d-da41-468f-989c-79f394900631@group-FE0F54E81B5E-LeaderElection19] INFO  impl.RoleInfo (RoleInfo.java:updateAndGet(143)) - 6e20113d-da41-468f-989c-79f394900631: start FollowerState
2019-10-29 17:01:00,142 [ForkJoinPool.commonPool-worker-1] INFO  ozoneimpl.OzoneContainer (OzoneContainer.java:stop(227)) - Attempting to stop container services.
2019-10-29 17:01:00,145 [ForkJoinPool.commonPool-worker-1] INFO  impl.RaftServerProxy (RaftServerProxy.java:lambda$close$4(314)) - 6e20113d-da41-468f-989c-79f394900631: close
2019-10-29 17:01:00,145 [ForkJoinPool.commonPool-worker-1] INFO  impl.RaftServerImpl (RaftServerImpl.java:lambda$shutdown$3(250)) - 6e20113d-da41-468f-989c-79f394900631@group-86EE70437BF9: shutdown
2019-10-29 17:01:00,146 [ForkJoinPool.commonPool-worker-1] INFO  util.JmxRegister (JmxRegister.java:unregister(73)) - Successfully un-registered JMX Bean with object name Ratis:service=RaftServer,group=group-86EE70437BF9,id=6e20113d-da41-468f-989c-79f394900631
2019-10-29 17:01:00,147 [ForkJoinPool.commonPool-worker-1] INFO  impl.RoleInfo (RoleInfo.java:shutdownLeaderState(104)) - 6e20113d-da41-468f-989c-79f394900631: shutdown LeaderState
2019-10-29 17:01:00,148 [ForkJoinPool.commonPool-worker-1] INFO  impl.PendingRequests (PendingRequests.java:sendNotLeaderResponses(206)) - 6e20113d-da41-468f-989c-79f394900631@group-86EE70437BF9-PendingRequests: sendNotLeaderResponses
2019-10-29 17:01:00,149 [ForkJoinPool.commonPool-worker-1] INFO  impl.StateMachineUpdater (StateMachineUpdater.java:stopAndJoin(136)) - 6e20113d-da41-468f-989c-79f394900631@group-86EE70437BF9-StateMachineUpdater: set stopIndex = 0
2019-10-29 17:01:00,154 [ForkJoinPool.commonPool-worker-1] INFO  impl.RaftServerImpl (ServerState.java:close(387)) - 6e20113d-da41-468f-989c-79f394900631@group-86EE70437BF9: closes. applyIndex: 0
2019-10-29 17:01:00,154 [6e20113d-da41-468f-989c-79f394900631@group-86EE70437BF9-SegmentedRaftLogWorker] INFO  segmented.SegmentedRaftLogWorker (SegmentedRaftLogWorker.java:run(316)) - 6e20113d-da41-468f-989c-79f394900631@group-86EE70437BF9-SegmentedRaftLogWorker was interrupted, exiting. There are 0 tasks remaining in the queue.
2019-10-29 17:01:00,155 [ForkJoinPool.commonPool-worker-1] INFO  segmented.SegmentedRaftLogWorker (SegmentedRaftLogWorker.java:close(224)) - 6e20113d-da41-468f-989c-79f394900631@group-86EE70437BF9-SegmentedRaftLogWorker close()
2019-10-29 17:01:00,157 [ForkJoinPool.commonPool-worker-1] INFO  impl.RaftServerImpl (RaftServerImpl.java:lambda$shutdown$3(250)) - 6e20113d-da41-468f-989c-79f394900631@group-FE0F54E81B5E: shutdown
2019-10-29 17:01:00,157 [ForkJoinPool.commonPool-worker-1] INFO  util.JmxRegister (JmxRegister.java:unregister(73)) - Successfully un-registered JMX Bean with object name Ratis:service=RaftServer,group=group-FE0F54E81B5E,id=6e20113d-da41-468f-989c-79f394900631
2019-10-29 17:01:00,158 [ForkJoinPool.commonPool-worker-1] INFO  impl.RoleInfo (RoleInfo.java:shutdownFollowerState(121)) - 6e20113d-da41-468f-989c-79f394900631: shutdown FollowerState
2019-10-29 17:01:00,158 [ForkJoinPool.commonPool-worker-1] INFO  impl.StateMachineUpdater (StateMachineUpdater.java:stopAndJoin(136)) - 6e20113d-da41-468f-989c-79f394900631@group-FE0F54E81B5E-StateMachineUpdater: set stopIndex = -1
2019-10-29 17:01:00,158 [Thread-639] INFO  impl.FollowerState (FollowerState.java:run(120)) - 6e20113d-da41-468f-989c-79f394900631@group-FE0F54E81B5E-FollowerState was interrupted: java.lang.InterruptedException: sleep interrupted
2019-10-29 17:01:00,159 [ForkJoinPool.commonPool-worker-1] INFO  impl.RaftServerImpl (ServerState.java:close(387)) - 6e20113d-da41-468f-989c-79f394900631@group-FE0F54E81B5E: closes. applyIndex: -1
2019-10-29 17:01:00,160 [6e20113d-da41-468f-989c-79f394900631@group-FE0F54E81B5E-SegmentedRaftLogWorker] INFO  segmented.SegmentedRaftLogWorker (SegmentedRaftLogWorker.java:run(316)) - 6e20113d-da41-468f-989c-79f394900631@group-FE0F54E81B5E-SegmentedRaftLogWorker was interrupted, exiting. There are 0 tasks remaining in the queue.
2019-10-29 17:01:00,160 [ForkJoinPool.commonPool-worker-1] INFO  segmented.SegmentedRaftLogWorker (SegmentedRaftLogWorker.java:close(224)) - 6e20113d-da41-468f-989c-79f394900631@group-FE0F54E81B5E-SegmentedRaftLogWorker close()
2019-10-29 17:01:00,162 [ForkJoinPool.commonPool-worker-1] INFO  server.GrpcService (GrpcService.java:closeImpl(164)) - 6e20113d-da41-468f-989c-79f394900631: shutdown server with port 41733 now
2019-10-29 17:01:00,167 [ForkJoinPool.commonPool-worker-1] INFO  server.GrpcService (GrpcService.java:closeImpl(172)) - 6e20113d-da41-468f-989c-79f394900631: shutdown server with port 41733 successfully
2019-10-29 17:01:00,172 [refreshUsed-/workdir/hadoop-ozone/integration-test/target/test-dir/MiniOzoneClusterImpl-aab27e9b-3d67-49de-9494-0bd40dea1365/datanode-2/data/containers] WARN  fs.CachingGetSpaceUsed (CachingGetSpaceUsed.java:run(183)) - Thread Interrupted waiting to refresh disk information: sleep interrupted
2019-10-29 17:01:00,202 [ForkJoinPool.commonPool-worker-1] INFO  utils.BackgroundService (BackgroundService.java:shutdown(151)) - Shutting down service BlockDeletingService
2019-10-29 17:01:00,204 [ForkJoinPool.commonPool-worker-1] INFO  statemachine.DatanodeStateMachine (DatanodeStateMachine.java:stopDaemon(401)) - Ozone container server stopped.
2019-10-29 17:01:00,207 [ForkJoinPool.commonPool-worker-1] INFO  handler.ContextHandler (ContextHandler.java:doStop(910)) - Stopped o.e.j.w.WebAppContext@3e0fbeb5{/,null,UNAVAILABLE}{/hddsDatanode}
2019-10-29 17:01:00,208 [ForkJoinPool.commonPool-worker-1] INFO  server.AbstractConnector (AbstractConnector.java:doStop(318)) - Stopped ServerConnector@3976ebfa{HTTP/1.1,[http/1.1]}{0.0.0.0:0}
2019-10-29 17:01:00,209 [ForkJoinPool.commonPool-worker-1] INFO  handler.ContextHandler (ContextHandler.java:doStop(910)) - Stopped o.e.j.s.ServletContextHandler@5583098b{/static,jar:file:/home/user/.m2/repository/org/apache/hadoop/hadoop-hdds-container-service/0.5.0-SNAPSHOT/hadoop-hdds-container-service-0.5.0-SNAPSHOT.jar!/webapps/static,UNAVAILABLE}
2019-10-29 17:01:00,210 [ForkJoinPool.commonPool-worker-1] INFO  handler.ContextHandler (ContextHandler.java:doStop(910)) - Stopped o.e.j.s.ServletContextHandler@5e5aafc6{/logs,file:///workdir/hadoop-ozone/integration-test/target/log,UNAVAILABLE}
2019-10-29 17:01:00,212 [main] INFO  ozone.MiniOzoneClusterImpl (MiniOzoneClusterImpl.java:stopSCM(416)) - Stopping the StorageContainerManager
2019-10-29 17:01:00,212 [main] INFO  server.StorageContainerManager (StorageContainerManager.java:stop(809)) - Stopping Replication Manager Service.
2019-10-29 17:01:00,212 [main] INFO  container.ReplicationManager (ReplicationManager.java:stop(203)) - Stopping Replication Monitor Thread.
2019-10-29 17:01:00,212 [main] INFO  server.StorageContainerManager (StorageContainerManager.java:stop(816)) - Stopping Lease Manager of the command watchers
2019-10-29 17:01:00,213 [main] INFO  server.StorageContainerManager (StorageContainerManager.java:stop(823)) - Stopping datanode service RPC server
2019-10-29 17:01:00,213 [main] INFO  server.SCMDatanodeProtocolServer (SCMDatanodeProtocolServer.java:stop(366)) - Stopping the RPC server for DataNodes
2019-10-29 17:01:00,213 [main] INFO  ipc.Server (Server.java:stop(3082)) - Stopping server on 45538
2019-10-29 17:01:00,215 [IPC Server listener on 45538] INFO  ipc.Server (Server.java:run(1185)) - Stopping IPC Server listener on 45538
2019-10-29 17:01:00,216 [IPC Server Responder] INFO  ipc.Server (Server.java:run(1319)) - Stopping IPC Server Responder
2019-10-29 17:01:00,222 [SCM Heartbeat Processing Thread - 0] WARN  node.NodeStateManager (NodeStateManager.java:scheduleNextHealthCheck(646)) - Current Thread is interrupted, shutting down HB processing thread for Node Manager.
2019-10-29 17:01:00,222 [main] INFO  server.StorageContainerManager (StorageContainerManager.java:stop(831)) - Stopping block service RPC server
2019-10-29 17:01:00,223 [main] INFO  server.SCMBlockProtocolServer (SCMBlockProtocolServer.java:stop(155)) - Stopping the RPC server for Block Protocol
2019-10-29 17:01:00,223 [main] INFO  ipc.Server (Server.java:stop(3082)) - Stopping server on 34282
2019-10-29 17:01:00,224 [main] INFO  server.StorageContainerManager (StorageContainerManager.java:stop(838)) - Stopping the StorageContainerLocationProtocol RPC server
2019-10-29 17:01:00,224 [IPC Server listener on 34282] INFO  ipc.Server (Server.java:run(1185)) - Stopping IPC Server listener on 34282
2019-10-29 17:01:00,225 [IPC Server Responder] INFO  ipc.Server (Server.java:run(1319)) - Stopping IPC Server Responder
2019-10-29 17:01:00,225 [main] INFO  server.SCMClientProtocolServer (SCMClientProtocolServer.java:stop(168)) - Stopping the RPC server for Client Protocol
2019-10-29 17:01:00,226 [main] INFO  ipc.Server (Server.java:stop(3082)) - Stopping server on 44649
2019-10-29 17:01:00,227 [IPC Server listener on 44649] INFO  ipc.Server (Server.java:run(1185)) - Stopping IPC Server listener on 44649
2019-10-29 17:01:00,228 [main] INFO  server.StorageContainerManager (StorageContainerManager.java:stop(845)) - Stopping Storage Container Manager HTTP server.
2019-10-29 17:01:00,228 [IPC Server Responder] INFO  ipc.Server (Server.java:run(1319)) - Stopping IPC Server Responder
2019-10-29 17:01:00,230 [main] INFO  handler.ContextHandler (ContextHandler.java:doStop(910)) - Stopped o.e.j.w.WebAppContext@3456558{/,null,UNAVAILABLE}{/scm}
2019-10-29 17:01:00,231 [main] INFO  server.AbstractConnector (AbstractConnector.java:doStop(318)) - Stopped ServerConnector@2dfb885e{HTTP/1.1,[http/1.1]}{0.0.0.0:0}
2019-10-29 17:01:00,231 [main] INFO  handler.ContextHandler (ContextHandler.java:doStop(910)) - Stopped o.e.j.s.ServletContextHandler@559cedee{/static,file:///workdir/hadoop-ozone/integration-test/target/test-classes/webapps/static,UNAVAILABLE}
2019-10-29 17:01:00,232 [main] INFO  handler.ContextHandler (ContextHandler.java:doStop(910)) - Stopped o.e.j.s.ServletContextHandler@6d074b14{/logs,file:///workdir/hadoop-ozone/integration-test/target/log,UNAVAILABLE}
2019-10-29 17:01:00,233 [main] INFO  server.StorageContainerManager (StorageContainerManager.java:stop(856)) - Stopping Block Manager Service.
2019-10-29 17:01:00,233 [main] INFO  utils.BackgroundService (BackgroundService.java:shutdown(151)) - Shutting down service SCMBlockDeletingService
2019-10-29 17:01:00,233 [main] INFO  utils.BackgroundService (BackgroundService.java:shutdown(151)) - Shutting down service SCMBlockDeletingService
2019-10-29 17:01:00,234 [main] INFO  server.StorageContainerManager (StorageContainerManager.java:stop(878)) - Stopping SCM Event Queue.
2019-10-29 17:01:00,239 [main] INFO  impl.MetricsSystemImpl (MetricsSystemImpl.java:stop(210)) - Stopping HddsDatanode metrics system...
2019-10-29 17:01:00,243 [main] INFO  impl.MetricsSystemImpl (MetricsSystemImpl.java:stop(216)) - HddsDatanode metrics system stopped.
]]></system-out>
  </testcase>
  <testcase name="testNodeReportProcessing" classname="org.apache.hadoop.ozone.scm.node.TestSCMNodeMetrics" time="21.237"/>
  <testcase name="testNodeReportProcessingFailure" classname="org.apache.hadoop.ozone.scm.node.TestSCMNodeMetrics" time="21.151"/>
</testsuite>