<?xml version="1.0" encoding="UTF-8"?>
<testsuite xmlns:xsi="http://www.w3.org/2001/XMLSchema-instance" xsi:noNamespaceSchemaLocation="https://maven.apache.org/surefire/maven-surefire-plugin/xsd/surefire-test-report.xsd" name="org.apache.hadoop.ozone.container.common.statemachine.commandhandler.TestCloseContainerHandler" time="28.275" tests="1" errors="1" skipped="0" failures="0">
  <properties>
    <property name="awt.toolkit" value="sun.awt.X11.XToolkit"/>
    <property name="file.encoding.pkg" value="sun.io"/>
    <property name="java.specification.version" value="1.8"/>
    <property name="sun.cpu.isalist" value=""/>
    <property name="sun.jnu.encoding" value="ANSI_X3.4-1968"/>
    <property name="java.class.path" value="/workdir/hadoop-ozone/integration-test/target/test-classes:/workdir/hadoop-ozone/integration-test/target/classes:/home/user/.m2/repository/org/apache/hadoop/hadoop-ozone-common/0.5.0-SNAPSHOT/hadoop-ozone-common-0.5.0-SNAPSHOT.jar:/home/user/.m2/repository/org/apache/commons/commons-compress/1.4.1/commons-compress-1.4.1.jar:/home/user/.m2/repository/org/tukaani/xz/1.0/xz-1.0.jar:/home/user/.m2/repository/org/apache/hadoop/hadoop-common/3.2.0/hadoop-common-3.2.0.jar:/home/user/.m2/repository/org/apache/hadoop/hadoop-hdfs/3.2.0/hadoop-hdfs-3.2.0.jar:/home/user/.m2/repository/org/apache/hadoop/hadoop-hdfs-client/3.2.0/hadoop-hdfs-client-3.2.0.jar:/home/user/.m2/repository/com/fasterxml/jackson/core/jackson-annotations/2.9.9/jackson-annotations-2.9.9.jar:/home/user/.m2/repository/org/apache/hadoop/hadoop-hdds-common/0.5.0-SNAPSHOT/hadoop-hdds-common-0.5.0-SNAPSHOT.jar:/home/user/.m2/repository/javax/annotation/javax.annotation-api/1.2/javax.annotation-api-1.2.jar:/home/user/.m2/repository/org/apache/ratis/ratis-server/0.5.0-d6d58d0-SNAPSHOT/ratis-server-0.5.0-d6d58d0-SNAPSHOT.jar:/home/user/.m2/repository/org/apache/ratis/ratis-thirdparty-misc/0.2.0/ratis-thirdparty-misc-0.2.0.jar:/home/user/.m2/repository/org/apache/ratis/ratis-proto/0.5.0-d6d58d0-SNAPSHOT/ratis-proto-0.5.0-d6d58d0-SNAPSHOT.jar:/home/user/.m2/repository/org/apache/ratis/ratis-common/0.5.0-d6d58d0-SNAPSHOT/ratis-common-0.5.0-d6d58d0-SNAPSHOT.jar:/home/user/.m2/repository/org/apache/ratis/ratis-client/0.5.0-d6d58d0-SNAPSHOT/ratis-client-0.5.0-d6d58d0-SNAPSHOT.jar:/home/user/.m2/repository/org/apache/ratis/ratis-metrics/0.5.0-d6d58d0-SNAPSHOT/ratis-metrics-0.5.0-d6d58d0-SNAPSHOT.jar:/home/user/.m2/repository/org/apache/ratis/ratis-netty/0.5.0-d6d58d0-SNAPSHOT/ratis-netty-0.5.0-d6d58d0-SNAPSHOT.jar:/home/user/.m2/repository/org/apache/ratis/ratis-grpc/0.5.0-d6d58d0-SNAPSHOT/ratis-grpc-0.5.0-d6d58d0-SNAPSHOT.jar:/home/user/.m2/repository/org/rocksdb/rocksdbjni/6.0.1/rocksdbjni-6.0.1.jar:/home/user/.m2/repository/org/apache/logging/log4j/log4j-api/2.11.0/log4j-api-2.11.0.jar:/home/user/.m2/repository/org/apache/logging/log4j/log4j-core/2.11.0/log4j-core-2.11.0.jar:/home/user/.m2/repository/com/lmax/disruptor/3.4.2/disruptor-3.4.2.jar:/home/user/.m2/repository/org/apache/commons/commons-pool2/2.6.0/commons-pool2-2.6.0.jar:/home/user/.m2/repository/org/bouncycastle/bcpkix-jdk15on/1.60/bcpkix-jdk15on-1.60.jar:/home/user/.m2/repository/commons-validator/commons-validator/1.6/commons-validator-1.6.jar:/home/user/.m2/repository/commons-digester/commons-digester/1.8.1/commons-digester-1.8.1.jar:/home/user/.m2/repository/io/jaegertracing/jaeger-client/0.34.0/jaeger-client-0.34.0.jar:/home/user/.m2/repository/io/jaegertracing/jaeger-thrift/0.34.0/jaeger-thrift-0.34.0.jar:/home/user/.m2/repository/org/apache/thrift/libthrift/0.12.0/libthrift-0.12.0.jar:/home/user/.m2/repository/com/squareup/okhttp3/okhttp/3.9.0/okhttp-3.9.0.jar:/home/user/.m2/repository/com/squareup/okio/okio/1.13.0/okio-1.13.0.jar:/home/user/.m2/repository/io/jaegertracing/jaeger-core/0.34.0/jaeger-core-0.34.0.jar:/home/user/.m2/repository/io/jaegertracing/jaeger-tracerresolver/0.34.0/jaeger-tracerresolver-0.34.0.jar:/home/user/.m2/repository/io/opentracing/contrib/opentracing-tracerresolver/0.1.5/opentracing-tracerresolver-0.1.5.jar:/home/user/.m2/repository/io/opentracing/opentracing-util/0.31.0/opentracing-util-0.31.0.jar:/home/user/.m2/repository/io/opentracing/opentracing-api/0.31.0/opentracing-api-0.31.0.jar:/home/user/.m2/repository/io/opentracing/opentracing-noop/0.31.0/opentracing-noop-0.31.0.jar:/home/user/.m2/repository/org/apache/hadoop/hadoop-hdds-server-framework/0.5.0-SNAPSHOT/hadoop-hdds-server-framework-0.5.0-SNAPSHOT.jar:/home/user/.m2/repository/org/apache/hadoop/hadoop-hdds-container-service/0.5.0-SNAPSHOT/hadoop-hdds-container-service-0.5.0-SNAPSHOT.jar:/home/user/.m2/repository/org/apache/hadoop/hadoop-hdds-client/0.5.0-SNAPSHOT/hadoop-hdds-client-0.5.0-SNAPSHOT.jar:/home/user/.m2/repository/org/apache/hadoop/hadoop-hdds-tools/0.5.0-SNAPSHOT/hadoop-hdds-tools-0.5.0-SNAPSHOT.jar:/home/user/.m2/repository/org/apache/hadoop/hadoop-hdds-server-scm/0.5.0-SNAPSHOT/hadoop-hdds-server-scm-0.5.0-SNAPSHOT.jar:/home/user/.m2/repository/org/apache/hadoop/hadoop-hdds-docs/0.5.0-SNAPSHOT/hadoop-hdds-docs-0.5.0-SNAPSHOT.jar:/home/user/.m2/repository/io/dropwizard/metrics/metrics-core/3.2.4/metrics-core-3.2.4.jar:/home/user/.m2/repository/org/hamcrest/hamcrest-all/1.3/hamcrest-all-1.3.jar:/home/user/.m2/repository/org/bouncycastle/bcprov-jdk15on/1.60/bcprov-jdk15on-1.60.jar:/home/user/.m2/repository/info/picocli/picocli/3.9.6/picocli-3.9.6.jar:/home/user/.m2/repository/com/google/protobuf/protobuf-java/2.5.0/protobuf-java-2.5.0.jar:/home/user/.m2/repository/com/google/guava/guava/11.0.2/guava-11.0.2.jar:/home/user/.m2/repository/org/apache/hadoop/hadoop-ozone-ozone-manager/0.5.0-SNAPSHOT/hadoop-ozone-ozone-manager-0.5.0-SNAPSHOT.jar:/home/user/.m2/repository/org/apache/hadoop/hadoop-minikdc/3.2.0/hadoop-minikdc-3.2.0.jar:/home/user/.m2/repository/commons-io/commons-io/2.5/commons-io-2.5.jar:/home/user/.m2/repository/org/apache/kerby/kerb-simplekdc/1.0.1/kerb-simplekdc-1.0.1.jar:/home/user/.m2/repository/org/apache/kerby/kerb-client/1.0.1/kerb-client-1.0.1.jar:/home/user/.m2/repository/org/apache/kerby/kerby-config/1.0.1/kerby-config-1.0.1.jar:/home/user/.m2/repository/org/apache/kerby/kerb-core/1.0.1/kerb-core-1.0.1.jar:/home/user/.m2/repository/org/apache/kerby/kerby-pkix/1.0.1/kerby-pkix-1.0.1.jar:/home/user/.m2/repository/org/apache/kerby/kerby-asn1/1.0.1/kerby-asn1-1.0.1.jar:/home/user/.m2/repository/org/apache/kerby/kerby-util/1.0.1/kerby-util-1.0.1.jar:/home/user/.m2/repository/org/apache/kerby/kerb-common/1.0.1/kerb-common-1.0.1.jar:/home/user/.m2/repository/org/apache/kerby/kerb-crypto/1.0.1/kerb-crypto-1.0.1.jar:/home/user/.m2/repository/org/apache/kerby/kerb-util/1.0.1/kerb-util-1.0.1.jar:/home/user/.m2/repository/org/apache/kerby/token-provider/1.0.1/token-provider-1.0.1.jar:/home/user/.m2/repository/org/apache/kerby/kerb-admin/1.0.1/kerb-admin-1.0.1.jar:/home/user/.m2/repository/org/apache/kerby/kerb-server/1.0.1/kerb-server-1.0.1.jar:/home/user/.m2/repository/org/apache/kerby/kerb-identity/1.0.1/kerb-identity-1.0.1.jar:/home/user/.m2/repository/org/apache/kerby/kerby-xdr/1.0.1/kerby-xdr-1.0.1.jar:/home/user/.m2/repository/org/slf4j/slf4j-log4j12/1.7.25/slf4j-log4j12-1.7.25.jar:/home/user/.m2/repository/org/apache/hadoop/hadoop-ozone-s3gateway/0.5.0-SNAPSHOT/hadoop-ozone-s3gateway-0.5.0-SNAPSHOT.jar:/home/user/.m2/repository/org/jboss/weld/servlet/weld-servlet/2.4.7.Final/weld-servlet-2.4.7.Final.jar:/home/user/.m2/repository/org/glassfish/jersey/containers/jersey-container-servlet-core/2.27/jersey-container-servlet-core-2.27.jar:/home/user/.m2/repository/org/glassfish/hk2/external/javax.inject/2.5.0-b42/javax.inject-2.5.0-b42.jar:/home/user/.m2/repository/org/glassfish/jersey/core/jersey-common/2.27/jersey-common-2.27.jar:/home/user/.m2/repository/org/glassfish/hk2/osgi-resource-locator/1.0.1/osgi-resource-locator-1.0.1.jar:/home/user/.m2/repository/javax/ws/rs/javax.ws.rs-api/2.1/javax.ws.rs-api-2.1.jar:/home/user/.m2/repository/org/glassfish/jersey/ext/cdi/jersey-cdi1x/2.27/jersey-cdi1x-2.27.jar:/home/user/.m2/repository/org/glassfish/jersey/inject/jersey-hk2/2.27/jersey-hk2-2.27.jar:/home/user/.m2/repository/org/glassfish/hk2/hk2-locator/2.5.0-b42/hk2-locator-2.5.0-b42.jar:/home/user/.m2/repository/org/javassist/javassist/3.22.0-CR2/javassist-3.22.0-CR2.jar:/home/user/.m2/repository/org/glassfish/hk2/hk2-api/2.5.0/hk2-api-2.5.0.jar:/home/user/.m2/repository/org/glassfish/hk2/external/jakarta.inject/2.5.0/jakarta.inject-2.5.0.jar:/home/user/.m2/repository/org/glassfish/hk2/hk2-utils/2.5.0/hk2-utils-2.5.0.jar:/home/user/.m2/repository/jakarta/annotation/jakarta.annotation-api/1.3.4/jakarta.annotation-api-1.3.4.jar:/home/user/.m2/repository/org/glassfish/hk2/external/aopalliance-repackaged/2.5.0/aopalliance-repackaged-2.5.0.jar:/home/user/.m2/repository/com/fasterxml/jackson/dataformat/jackson-dataformat-xml/2.9.0/jackson-dataformat-xml-2.9.0.jar:/home/user/.m2/repository/com/fasterxml/jackson/core/jackson-core/2.9.9/jackson-core-2.9.9.jar:/home/user/.m2/repository/com/fasterxml/jackson/module/jackson-module-jaxb-annotations/2.9.9/jackson-module-jaxb-annotations-2.9.9.jar:/home/user/.m2/repository/javax/enterprise/cdi-api/1.2/cdi-api-1.2.jar:/home/user/.m2/repository/javax/el/javax.el-api/3.0.0/javax.el-api-3.0.0.jar:/home/user/.m2/repository/javax/interceptor/javax.interceptor-api/1.2/javax.interceptor-api-1.2.jar:/home/user/.m2/repository/javax/inject/javax.inject/1/javax.inject-1.jar:/home/user/.m2/repository/com/sun/xml/bind/jaxb-impl/2.3.0.1/jaxb-impl-2.3.0.1.jar:/home/user/.m2/repository/com/sun/xml/bind/jaxb-core/2.3.0.1/jaxb-core-2.3.0.1.jar:/home/user/.m2/repository/javax/xml/bind/jaxb-api/2.3.0/jaxb-api-2.3.0.jar:/home/user/.m2/repository/javax/activation/activation/1.1.1/activation-1.1.1.jar:/home/user/.m2/repository/org/apache/hadoop/hadoop-ozone-csi/0.5.0-SNAPSHOT/hadoop-ozone-csi-0.5.0-SNAPSHOT.jar:/home/user/.m2/repository/com/google/protobuf/protobuf-java-util/3.5.1/protobuf-java-util-3.5.1.jar:/home/user/.m2/repository/org/apache/hadoop/hadoop-hdds-config/0.5.0-SNAPSHOT/hadoop-hdds-config-0.5.0-SNAPSHOT.jar:/home/user/.m2/repository/io/grpc/grpc-netty/1.17.1/grpc-netty-1.17.1.jar:/home/user/.m2/repository/io/grpc/grpc-core/1.17.1/grpc-core-1.17.1.jar:/home/user/.m2/repository/io/grpc/grpc-context/1.17.1/grpc-context-1.17.1.jar:/home/user/.m2/repository/com/google/errorprone/error_prone_annotations/2.2.0/error_prone_annotations-2.2.0.jar:/home/user/.m2/repository/org/codehaus/mojo/animal-sniffer-annotations/1.17/animal-sniffer-annotations-1.17.jar:/home/user/.m2/repository/io/opencensus/opencensus-api/0.17.0/opencensus-api-0.17.0.jar:/home/user/.m2/repository/io/opencensus/opencensus-contrib-grpc-metrics/0.17.0/opencensus-contrib-grpc-metrics-0.17.0.jar:/home/user/.m2/repository/io/netty/netty-codec-http2/4.1.30.Final/netty-codec-http2-4.1.30.Final.jar:/home/user/.m2/repository/io/netty/netty-codec-http/4.1.30.Final/netty-codec-http-4.1.30.Final.jar:/home/user/.m2/repository/io/netty/netty-codec/4.1.30.Final/netty-codec-4.1.30.Final.jar:/home/user/.m2/repository/io/netty/netty-handler/4.1.30.Final/netty-handler-4.1.30.Final.jar:/home/user/.m2/repository/io/netty/netty-handler-proxy/4.1.30.Final/netty-handler-proxy-4.1.30.Final.jar:/home/user/.m2/repository/io/netty/netty-codec-socks/4.1.30.Final/netty-codec-socks-4.1.30.Final.jar:/home/user/.m2/repository/io/netty/netty-transport-native-epoll/4.1.30.Final/netty-transport-native-epoll-4.1.30.Final.jar:/home/user/.m2/repository/io/netty/netty-common/4.1.30.Final/netty-common-4.1.30.Final.jar:/home/user/.m2/repository/io/netty/netty-buffer/4.1.30.Final/netty-buffer-4.1.30.Final.jar:/home/user/.m2/repository/io/netty/netty-transport/4.1.30.Final/netty-transport-4.1.30.Final.jar:/home/user/.m2/repository/io/netty/netty-resolver/4.1.30.Final/netty-resolver-4.1.30.Final.jar:/home/user/.m2/repository/io/netty/netty-transport-native-unix-common/4.1.30.Final/netty-transport-native-unix-common-4.1.30.Final.jar:/home/user/.m2/repository/io/grpc/grpc-protobuf/1.17.1/grpc-protobuf-1.17.1.jar:/home/user/.m2/repository/com/google/api/grpc/proto-google-common-protos/1.0.0/proto-google-common-protos-1.0.0.jar:/home/user/.m2/repository/io/grpc/grpc-protobuf-lite/1.17.1/grpc-protobuf-lite-1.17.1.jar:/home/user/.m2/repository/io/grpc/grpc-stub/1.17.1/grpc-stub-1.17.1.jar:/home/user/.m2/repository/org/apache/hadoop/hadoop-ozone-recon/0.5.0-SNAPSHOT/hadoop-ozone-recon-0.5.0-SNAPSHOT.jar:/home/user/.m2/repository/org/apache/hadoop/hadoop-ozone-reconcodegen/0.5.0-SNAPSHOT/hadoop-ozone-reconcodegen-0.5.0-SNAPSHOT.jar:/home/user/.m2/repository/com/google/inject/extensions/guice-multibindings/4.0/guice-multibindings-4.0.jar:/home/user/.m2/repository/com/google/inject/guice/4.0/guice-4.0.jar:/home/user/.m2/repository/aopalliance/aopalliance/1.0/aopalliance-1.0.jar:/home/user/.m2/repository/com/google/inject/extensions/guice-servlet/4.0/guice-servlet-4.0.jar:/home/user/.m2/repository/org/glassfish/jersey/containers/jersey-container-servlet/2.27/jersey-container-servlet-2.27.jar:/home/user/.m2/repository/org/glassfish/hk2/guice-bridge/2.5.0/guice-bridge-2.5.0.jar:/home/user/.m2/repository/org/glassfish/jersey/core/jersey-server/2.27/jersey-server-2.27.jar:/home/user/.m2/repository/org/glassfish/jersey/core/jersey-client/2.27/jersey-client-2.27.jar:/home/user/.m2/repository/org/glassfish/jersey/media/jersey-media-jaxb/2.27/jersey-media-jaxb-2.27.jar:/home/user/.m2/repository/javax/validation/validation-api/1.1.0.Final/validation-api-1.1.0.Final.jar:/home/user/.m2/repository/org/glassfish/jersey/media/jersey-media-json-jackson/2.27/jersey-media-json-jackson-2.27.jar:/home/user/.m2/repository/org/glassfish/jersey/ext/jersey-entity-filtering/2.27/jersey-entity-filtering-2.27.jar:/home/user/.m2/repository/com/google/inject/extensions/guice-assistedinject/4.0/guice-assistedinject-4.0.jar:/home/user/.m2/repository/org/jooq/jooq/3.11.10/jooq-3.11.10.jar:/home/user/.m2/repository/org/jooq/jooq-meta/3.11.10/jooq-meta-3.11.10.jar:/home/user/.m2/repository/org/jooq/jooq-codegen/3.11.10/jooq-codegen-3.11.10.jar:/home/user/.m2/repository/com/jolbox/bonecp/0.8.0.RELEASE/bonecp-0.8.0.RELEASE.jar:/home/user/.m2/repository/org/xerial/sqlite-jdbc/3.25.2/sqlite-jdbc-3.25.2.jar:/home/user/.m2/repository/org/springframework/spring-jdbc/5.1.3.RELEASE/spring-jdbc-5.1.3.RELEASE.jar:/home/user/.m2/repository/org/springframework/spring-beans/5.1.3.RELEASE/spring-beans-5.1.3.RELEASE.jar:/home/user/.m2/repository/org/springframework/spring-core/5.1.3.RELEASE/spring-core-5.1.3.RELEASE.jar:/home/user/.m2/repository/org/springframework/spring-jcl/5.1.3.RELEASE/spring-jcl-5.1.3.RELEASE.jar:/home/user/.m2/repository/org/springframework/spring-tx/5.1.3.RELEASE/spring-tx-5.1.3.RELEASE.jar:/home/user/.m2/repository/org/apache/hadoop/hadoop-ozone-client/0.5.0-SNAPSHOT/hadoop-ozone-client-0.5.0-SNAPSHOT.jar:/home/user/.m2/repository/commons-lang/commons-lang/2.6/commons-lang-2.6.jar:/home/user/.m2/repository/org/apache/hadoop/hadoop-ozone-ozone-manager/0.5.0-SNAPSHOT/hadoop-ozone-ozone-manager-0.5.0-SNAPSHOT-tests.jar:/home/user/.m2/repository/junit/junit/4.11/junit-4.11.jar:/home/user/.m2/repository/org/hamcrest/hamcrest-core/1.3/hamcrest-core-1.3.jar:/home/user/.m2/repository/org/openjdk/jmh/jmh-core/1.19/jmh-core-1.19.jar:/home/user/.m2/repository/net/sf/jopt-simple/jopt-simple/4.6/jopt-simple-4.6.jar:/home/user/.m2/repository/org/apache/commons/commons-math3/3.1.1/commons-math3-3.1.1.jar:/home/user/.m2/repository/org/openjdk/jmh/jmh-generator-annprocess/1.19/jmh-generator-annprocess-1.19.jar:/home/user/.m2/repository/org/mockito/mockito-all/1.8.5/mockito-all-1.8.5.jar:/home/user/.m2/repository/org/apache/hadoop/hadoop-kms/3.2.0/hadoop-kms-3.2.0.jar:/home/user/.m2/repository/org/apache/hadoop/hadoop-auth/3.2.0/hadoop-auth-3.2.0.jar:/home/user/.m2/repository/com/nimbusds/nimbus-jose-jwt/4.41.1/nimbus-jose-jwt-4.41.1.jar:/home/user/.m2/repository/com/github/stephenc/jcip/jcip-annotations/1.0-1/jcip-annotations-1.0-1.jar:/home/user/.m2/repository/net/minidev/json-smart/2.3/json-smart-2.3.jar:/home/user/.m2/repository/net/minidev/accessors-smart/1.2/accessors-smart-1.2.jar:/home/user/.m2/repository/org/ow2/asm/asm/5.0.4/asm-5.0.4.jar:/home/user/.m2/repository/org/apache/curator/curator-framework/2.12.0/curator-framework-2.12.0.jar:/home/user/.m2/repository/com/sun/jersey/jersey-core/1.19/jersey-core-1.19.jar:/home/user/.m2/repository/javax/ws/rs/jsr311-api/1.1.1/jsr311-api-1.1.1.jar:/home/user/.m2/repository/com/sun/jersey/jersey-server/1.19/jersey-server-1.19.jar:/home/user/.m2/repository/javax/servlet/javax.servlet-api/3.1.0/javax.servlet-api-3.1.0.jar:/home/user/.m2/repository/org/eclipse/jetty/jetty-server/9.3.25.v20180904/jetty-server-9.3.25.v20180904.jar:/home/user/.m2/repository/org/eclipse/jetty/jetty-http/9.3.25.v20180904/jetty-http-9.3.25.v20180904.jar:/home/user/.m2/repository/org/eclipse/jetty/jetty-io/9.3.25.v20180904/jetty-io-9.3.25.v20180904.jar:/home/user/.m2/repository/org/eclipse/jetty/jetty-webapp/9.3.25.v20180904/jetty-webapp-9.3.25.v20180904.jar:/home/user/.m2/repository/org/eclipse/jetty/jetty-xml/9.3.25.v20180904/jetty-xml-9.3.25.v20180904.jar:/home/user/.m2/repository/log4j/log4j/1.2.17/log4j-1.2.17.jar:/home/user/.m2/repository/org/slf4j/slf4j-api/1.7.25/slf4j-api-1.7.25.jar:/home/user/.m2/repository/org/slf4j/jul-to-slf4j/1.7.25/jul-to-slf4j-1.7.25.jar:/home/user/.m2/repository/org/eclipse/jetty/jetty-util/9.3.25.v20180904/jetty-util-9.3.25.v20180904.jar:/home/user/.m2/repository/com/fasterxml/jackson/core/jackson-databind/2.9.9/jackson-databind-2.9.9.jar:/home/user/.m2/repository/org/apache/hadoop/hadoop-kms/3.2.0/hadoop-kms-3.2.0-tests.jar:/home/user/.m2/repository/org/apache/hadoop/hadoop-hdds-server-scm/0.5.0-SNAPSHOT/hadoop-hdds-server-scm-0.5.0-SNAPSHOT-tests.jar:/home/user/.m2/repository/org/apache/hadoop/hadoop-hdds-container-service/0.5.0-SNAPSHOT/hadoop-hdds-container-service-0.5.0-SNAPSHOT-tests.jar:/home/user/.m2/repository/org/yaml/snakeyaml/1.16/snakeyaml-1.16.jar:/home/user/.m2/repository/org/apache/hadoop/hadoop-common/3.2.0/hadoop-common-3.2.0-tests.jar:/home/user/.m2/repository/org/apache/hadoop/hadoop-annotations/3.2.0/hadoop-annotations-3.2.0.jar:/usr/lib/jvm/java-1.8.0-openjdk-1.8.0.222.b10-1.el7_7.x86_64/jre/../lib/tools.jar:/home/user/.m2/repository/commons-cli/commons-cli/1.2/commons-cli-1.2.jar:/home/user/.m2/repository/org/apache/httpcomponents/httpclient/4.5.2/httpclient-4.5.2.jar:/home/user/.m2/repository/org/apache/httpcomponents/httpcore/4.4.4/httpcore-4.4.4.jar:/home/user/.m2/repository/commons-codec/commons-codec/1.11/commons-codec-1.11.jar:/home/user/.m2/repository/commons-net/commons-net/3.6/commons-net-3.6.jar:/home/user/.m2/repository/commons-collections/commons-collections/3.2.2/commons-collections-3.2.2.jar:/home/user/.m2/repository/org/eclipse/jetty/jetty-servlet/9.3.25.v20180904/jetty-servlet-9.3.25.v20180904.jar:/home/user/.m2/repository/org/eclipse/jetty/jetty-security/9.3.25.v20180904/jetty-security-9.3.25.v20180904.jar:/home/user/.m2/repository/javax/servlet/jsp/jsp-api/2.1/jsp-api-2.1.jar:/home/user/.m2/repository/com/sun/jersey/jersey-servlet/1.19/jersey-servlet-1.19.jar:/home/user/.m2/repository/com/sun/jersey/jersey-json/1.19/jersey-json-1.19.jar:/home/user/.m2/repository/org/codehaus/jettison/jettison/1.1/jettison-1.1.jar:/home/user/.m2/repository/org/codehaus/jackson/jackson-core-asl/1.9.13/jackson-core-asl-1.9.13.jar:/home/user/.m2/repository/org/codehaus/jackson/jackson-mapper-asl/1.9.13/jackson-mapper-asl-1.9.13.jar:/home/user/.m2/repository/org/codehaus/jackson/jackson-jaxrs/1.9.13/jackson-jaxrs-1.9.13.jar:/home/user/.m2/repository/org/codehaus/jackson/jackson-xc/1.9.13/jackson-xc-1.9.13.jar:/home/user/.m2/repository/commons-logging/commons-logging/1.1.3/commons-logging-1.1.3.jar:/home/user/.m2/repository/commons-beanutils/commons-beanutils/1.9.4/commons-beanutils-1.9.4.jar:/home/user/.m2/repository/org/apache/commons/commons-configuration2/2.1.1/commons-configuration2-2.1.1.jar:/home/user/.m2/repository/org/apache/commons/commons-lang3/3.7/commons-lang3-3.7.jar:/home/user/.m2/repository/org/apache/commons/commons-text/1.4/commons-text-1.4.jar:/home/user/.m2/repository/org/apache/avro/avro/1.7.7/avro-1.7.7.jar:/home/user/.m2/repository/com/thoughtworks/paranamer/paranamer/2.3/paranamer-2.3.jar:/home/user/.m2/repository/org/xerial/snappy/snappy-java/1.0.5/snappy-java-1.0.5.jar:/home/user/.m2/repository/com/google/re2j/re2j/1.1/re2j-1.1.jar:/home/user/.m2/repository/com/google/code/gson/gson/2.2.4/gson-2.2.4.jar:/home/user/.m2/repository/com/jcraft/jsch/0.1.54/jsch-0.1.54.jar:/home/user/.m2/repository/org/apache/curator/curator-client/2.12.0/curator-client-2.12.0.jar:/home/user/.m2/repository/org/apache/curator/curator-recipes/2.12.0/curator-recipes-2.12.0.jar:/home/user/.m2/repository/com/google/code/findbugs/jsr305/3.0.0/jsr305-3.0.0.jar:/home/user/.m2/repository/org/apache/htrace/htrace-core4/4.1.0-incubating/htrace-core4-4.1.0-incubating.jar:/home/user/.m2/repository/org/apache/zookeeper/zookeeper/3.4.13/zookeeper-3.4.13.jar:/home/user/.m2/repository/jline/jline/0.9.94/jline-0.9.94.jar:/home/user/.m2/repository/org/apache/yetus/audience-annotations/0.5.0/audience-annotations-0.5.0.jar:/home/user/.m2/repository/org/codehaus/woodstox/stax2-api/3.1.4/stax2-api-3.1.4.jar:/home/user/.m2/repository/com/fasterxml/woodstox/woodstox-core/5.0.3/woodstox-core-5.0.3.jar:/home/user/.m2/repository/dnsjava/dnsjava/2.1.7/dnsjava-2.1.7.jar:/home/user/.m2/repository/org/apache/hadoop/hadoop-hdfs/3.2.0/hadoop-hdfs-3.2.0-tests.jar:/home/user/.m2/repository/org/eclipse/jetty/jetty-util-ajax/9.3.25.v20180904/jetty-util-ajax-9.3.25.v20180904.jar:/home/user/.m2/repository/commons-daemon/commons-daemon/1.0.13/commons-daemon-1.0.13.jar:/home/user/.m2/repository/io/netty/netty/3.10.5.Final/netty-3.10.5.Final.jar:/home/user/.m2/repository/io/netty/netty-all/4.0.52.Final/netty-all-4.0.52.Final.jar:/home/user/.m2/repository/org/fusesource/leveldbjni/leveldbjni-all/1.8/leveldbjni-all-1.8.jar:"/>
    <property name="java.vm.vendor" value="Oracle Corporation"/>
    <property name="sun.arch.data.model" value="64"/>
    <property name="test.build.dir" value="/workdir/hadoop-ozone/integration-test/target/test-dir"/>
    <property name="test.cache.data" value=""/>
    <property name="java.vendor.url" value="http://java.oracle.com/"/>
    <property name="user.timezone" value=""/>
    <property name="java.vm.specification.version" value="1.8"/>
    <property name="os.name" value="Linux"/>
    <property name="test.build.data" value="/workdir/hadoop-ozone/integration-test/target/test-dir"/>
    <property name="user.country" value="US"/>
    <property name="sun.java.launcher" value="SUN_STANDARD"/>
    <property name="sun.boot.library.path" value="/usr/lib/jvm/java-1.8.0-openjdk-1.8.0.222.b10-1.el7_7.x86_64/jre/lib/amd64"/>
    <property name="sun.java.command" value="/workdir/hadoop-ozone/integration-test/target/surefire/surefirebooter7840809855954250819.jar /workdir/hadoop-ozone/integration-test/target/surefire 2019-10-29T15-40-22_246-jvmRun1 surefire2723280897032846548tmp surefire_147257651782594921058tmp"/>
    <property name="surefire.test.class.path" value="/workdir/hadoop-ozone/integration-test/target/test-classes:/workdir/hadoop-ozone/integration-test/target/classes:/home/user/.m2/repository/org/apache/hadoop/hadoop-ozone-common/0.5.0-SNAPSHOT/hadoop-ozone-common-0.5.0-SNAPSHOT.jar:/home/user/.m2/repository/org/apache/commons/commons-compress/1.4.1/commons-compress-1.4.1.jar:/home/user/.m2/repository/org/tukaani/xz/1.0/xz-1.0.jar:/home/user/.m2/repository/org/apache/hadoop/hadoop-common/3.2.0/hadoop-common-3.2.0.jar:/home/user/.m2/repository/org/apache/hadoop/hadoop-hdfs/3.2.0/hadoop-hdfs-3.2.0.jar:/home/user/.m2/repository/org/apache/hadoop/hadoop-hdfs-client/3.2.0/hadoop-hdfs-client-3.2.0.jar:/home/user/.m2/repository/com/fasterxml/jackson/core/jackson-annotations/2.9.9/jackson-annotations-2.9.9.jar:/home/user/.m2/repository/org/apache/hadoop/hadoop-hdds-common/0.5.0-SNAPSHOT/hadoop-hdds-common-0.5.0-SNAPSHOT.jar:/home/user/.m2/repository/javax/annotation/javax.annotation-api/1.2/javax.annotation-api-1.2.jar:/home/user/.m2/repository/org/apache/ratis/ratis-server/0.5.0-d6d58d0-SNAPSHOT/ratis-server-0.5.0-d6d58d0-SNAPSHOT.jar:/home/user/.m2/repository/org/apache/ratis/ratis-thirdparty-misc/0.2.0/ratis-thirdparty-misc-0.2.0.jar:/home/user/.m2/repository/org/apache/ratis/ratis-proto/0.5.0-d6d58d0-SNAPSHOT/ratis-proto-0.5.0-d6d58d0-SNAPSHOT.jar:/home/user/.m2/repository/org/apache/ratis/ratis-common/0.5.0-d6d58d0-SNAPSHOT/ratis-common-0.5.0-d6d58d0-SNAPSHOT.jar:/home/user/.m2/repository/org/apache/ratis/ratis-client/0.5.0-d6d58d0-SNAPSHOT/ratis-client-0.5.0-d6d58d0-SNAPSHOT.jar:/home/user/.m2/repository/org/apache/ratis/ratis-metrics/0.5.0-d6d58d0-SNAPSHOT/ratis-metrics-0.5.0-d6d58d0-SNAPSHOT.jar:/home/user/.m2/repository/org/apache/ratis/ratis-netty/0.5.0-d6d58d0-SNAPSHOT/ratis-netty-0.5.0-d6d58d0-SNAPSHOT.jar:/home/user/.m2/repository/org/apache/ratis/ratis-grpc/0.5.0-d6d58d0-SNAPSHOT/ratis-grpc-0.5.0-d6d58d0-SNAPSHOT.jar:/home/user/.m2/repository/org/rocksdb/rocksdbjni/6.0.1/rocksdbjni-6.0.1.jar:/home/user/.m2/repository/org/apache/logging/log4j/log4j-api/2.11.0/log4j-api-2.11.0.jar:/home/user/.m2/repository/org/apache/logging/log4j/log4j-core/2.11.0/log4j-core-2.11.0.jar:/home/user/.m2/repository/com/lmax/disruptor/3.4.2/disruptor-3.4.2.jar:/home/user/.m2/repository/org/apache/commons/commons-pool2/2.6.0/commons-pool2-2.6.0.jar:/home/user/.m2/repository/org/bouncycastle/bcpkix-jdk15on/1.60/bcpkix-jdk15on-1.60.jar:/home/user/.m2/repository/commons-validator/commons-validator/1.6/commons-validator-1.6.jar:/home/user/.m2/repository/commons-digester/commons-digester/1.8.1/commons-digester-1.8.1.jar:/home/user/.m2/repository/io/jaegertracing/jaeger-client/0.34.0/jaeger-client-0.34.0.jar:/home/user/.m2/repository/io/jaegertracing/jaeger-thrift/0.34.0/jaeger-thrift-0.34.0.jar:/home/user/.m2/repository/org/apache/thrift/libthrift/0.12.0/libthrift-0.12.0.jar:/home/user/.m2/repository/com/squareup/okhttp3/okhttp/3.9.0/okhttp-3.9.0.jar:/home/user/.m2/repository/com/squareup/okio/okio/1.13.0/okio-1.13.0.jar:/home/user/.m2/repository/io/jaegertracing/jaeger-core/0.34.0/jaeger-core-0.34.0.jar:/home/user/.m2/repository/io/jaegertracing/jaeger-tracerresolver/0.34.0/jaeger-tracerresolver-0.34.0.jar:/home/user/.m2/repository/io/opentracing/contrib/opentracing-tracerresolver/0.1.5/opentracing-tracerresolver-0.1.5.jar:/home/user/.m2/repository/io/opentracing/opentracing-util/0.31.0/opentracing-util-0.31.0.jar:/home/user/.m2/repository/io/opentracing/opentracing-api/0.31.0/opentracing-api-0.31.0.jar:/home/user/.m2/repository/io/opentracing/opentracing-noop/0.31.0/opentracing-noop-0.31.0.jar:/home/user/.m2/repository/org/apache/hadoop/hadoop-hdds-server-framework/0.5.0-SNAPSHOT/hadoop-hdds-server-framework-0.5.0-SNAPSHOT.jar:/home/user/.m2/repository/org/apache/hadoop/hadoop-hdds-container-service/0.5.0-SNAPSHOT/hadoop-hdds-container-service-0.5.0-SNAPSHOT.jar:/home/user/.m2/repository/org/apache/hadoop/hadoop-hdds-client/0.5.0-SNAPSHOT/hadoop-hdds-client-0.5.0-SNAPSHOT.jar:/home/user/.m2/repository/org/apache/hadoop/hadoop-hdds-tools/0.5.0-SNAPSHOT/hadoop-hdds-tools-0.5.0-SNAPSHOT.jar:/home/user/.m2/repository/org/apache/hadoop/hadoop-hdds-server-scm/0.5.0-SNAPSHOT/hadoop-hdds-server-scm-0.5.0-SNAPSHOT.jar:/home/user/.m2/repository/org/apache/hadoop/hadoop-hdds-docs/0.5.0-SNAPSHOT/hadoop-hdds-docs-0.5.0-SNAPSHOT.jar:/home/user/.m2/repository/io/dropwizard/metrics/metrics-core/3.2.4/metrics-core-3.2.4.jar:/home/user/.m2/repository/org/hamcrest/hamcrest-all/1.3/hamcrest-all-1.3.jar:/home/user/.m2/repository/org/bouncycastle/bcprov-jdk15on/1.60/bcprov-jdk15on-1.60.jar:/home/user/.m2/repository/info/picocli/picocli/3.9.6/picocli-3.9.6.jar:/home/user/.m2/repository/com/google/protobuf/protobuf-java/2.5.0/protobuf-java-2.5.0.jar:/home/user/.m2/repository/com/google/guava/guava/11.0.2/guava-11.0.2.jar:/home/user/.m2/repository/org/apache/hadoop/hadoop-ozone-ozone-manager/0.5.0-SNAPSHOT/hadoop-ozone-ozone-manager-0.5.0-SNAPSHOT.jar:/home/user/.m2/repository/org/apache/hadoop/hadoop-minikdc/3.2.0/hadoop-minikdc-3.2.0.jar:/home/user/.m2/repository/commons-io/commons-io/2.5/commons-io-2.5.jar:/home/user/.m2/repository/org/apache/kerby/kerb-simplekdc/1.0.1/kerb-simplekdc-1.0.1.jar:/home/user/.m2/repository/org/apache/kerby/kerb-client/1.0.1/kerb-client-1.0.1.jar:/home/user/.m2/repository/org/apache/kerby/kerby-config/1.0.1/kerby-config-1.0.1.jar:/home/user/.m2/repository/org/apache/kerby/kerb-core/1.0.1/kerb-core-1.0.1.jar:/home/user/.m2/repository/org/apache/kerby/kerby-pkix/1.0.1/kerby-pkix-1.0.1.jar:/home/user/.m2/repository/org/apache/kerby/kerby-asn1/1.0.1/kerby-asn1-1.0.1.jar:/home/user/.m2/repository/org/apache/kerby/kerby-util/1.0.1/kerby-util-1.0.1.jar:/home/user/.m2/repository/org/apache/kerby/kerb-common/1.0.1/kerb-common-1.0.1.jar:/home/user/.m2/repository/org/apache/kerby/kerb-crypto/1.0.1/kerb-crypto-1.0.1.jar:/home/user/.m2/repository/org/apache/kerby/kerb-util/1.0.1/kerb-util-1.0.1.jar:/home/user/.m2/repository/org/apache/kerby/token-provider/1.0.1/token-provider-1.0.1.jar:/home/user/.m2/repository/org/apache/kerby/kerb-admin/1.0.1/kerb-admin-1.0.1.jar:/home/user/.m2/repository/org/apache/kerby/kerb-server/1.0.1/kerb-server-1.0.1.jar:/home/user/.m2/repository/org/apache/kerby/kerb-identity/1.0.1/kerb-identity-1.0.1.jar:/home/user/.m2/repository/org/apache/kerby/kerby-xdr/1.0.1/kerby-xdr-1.0.1.jar:/home/user/.m2/repository/org/slf4j/slf4j-log4j12/1.7.25/slf4j-log4j12-1.7.25.jar:/home/user/.m2/repository/org/apache/hadoop/hadoop-ozone-s3gateway/0.5.0-SNAPSHOT/hadoop-ozone-s3gateway-0.5.0-SNAPSHOT.jar:/home/user/.m2/repository/org/jboss/weld/servlet/weld-servlet/2.4.7.Final/weld-servlet-2.4.7.Final.jar:/home/user/.m2/repository/org/glassfish/jersey/containers/jersey-container-servlet-core/2.27/jersey-container-servlet-core-2.27.jar:/home/user/.m2/repository/org/glassfish/hk2/external/javax.inject/2.5.0-b42/javax.inject-2.5.0-b42.jar:/home/user/.m2/repository/org/glassfish/jersey/core/jersey-common/2.27/jersey-common-2.27.jar:/home/user/.m2/repository/org/glassfish/hk2/osgi-resource-locator/1.0.1/osgi-resource-locator-1.0.1.jar:/home/user/.m2/repository/javax/ws/rs/javax.ws.rs-api/2.1/javax.ws.rs-api-2.1.jar:/home/user/.m2/repository/org/glassfish/jersey/ext/cdi/jersey-cdi1x/2.27/jersey-cdi1x-2.27.jar:/home/user/.m2/repository/org/glassfish/jersey/inject/jersey-hk2/2.27/jersey-hk2-2.27.jar:/home/user/.m2/repository/org/glassfish/hk2/hk2-locator/2.5.0-b42/hk2-locator-2.5.0-b42.jar:/home/user/.m2/repository/org/javassist/javassist/3.22.0-CR2/javassist-3.22.0-CR2.jar:/home/user/.m2/repository/org/glassfish/hk2/hk2-api/2.5.0/hk2-api-2.5.0.jar:/home/user/.m2/repository/org/glassfish/hk2/external/jakarta.inject/2.5.0/jakarta.inject-2.5.0.jar:/home/user/.m2/repository/org/glassfish/hk2/hk2-utils/2.5.0/hk2-utils-2.5.0.jar:/home/user/.m2/repository/jakarta/annotation/jakarta.annotation-api/1.3.4/jakarta.annotation-api-1.3.4.jar:/home/user/.m2/repository/org/glassfish/hk2/external/aopalliance-repackaged/2.5.0/aopalliance-repackaged-2.5.0.jar:/home/user/.m2/repository/com/fasterxml/jackson/dataformat/jackson-dataformat-xml/2.9.0/jackson-dataformat-xml-2.9.0.jar:/home/user/.m2/repository/com/fasterxml/jackson/core/jackson-core/2.9.9/jackson-core-2.9.9.jar:/home/user/.m2/repository/com/fasterxml/jackson/module/jackson-module-jaxb-annotations/2.9.9/jackson-module-jaxb-annotations-2.9.9.jar:/home/user/.m2/repository/javax/enterprise/cdi-api/1.2/cdi-api-1.2.jar:/home/user/.m2/repository/javax/el/javax.el-api/3.0.0/javax.el-api-3.0.0.jar:/home/user/.m2/repository/javax/interceptor/javax.interceptor-api/1.2/javax.interceptor-api-1.2.jar:/home/user/.m2/repository/javax/inject/javax.inject/1/javax.inject-1.jar:/home/user/.m2/repository/com/sun/xml/bind/jaxb-impl/2.3.0.1/jaxb-impl-2.3.0.1.jar:/home/user/.m2/repository/com/sun/xml/bind/jaxb-core/2.3.0.1/jaxb-core-2.3.0.1.jar:/home/user/.m2/repository/javax/xml/bind/jaxb-api/2.3.0/jaxb-api-2.3.0.jar:/home/user/.m2/repository/javax/activation/activation/1.1.1/activation-1.1.1.jar:/home/user/.m2/repository/org/apache/hadoop/hadoop-ozone-csi/0.5.0-SNAPSHOT/hadoop-ozone-csi-0.5.0-SNAPSHOT.jar:/home/user/.m2/repository/com/google/protobuf/protobuf-java-util/3.5.1/protobuf-java-util-3.5.1.jar:/home/user/.m2/repository/org/apache/hadoop/hadoop-hdds-config/0.5.0-SNAPSHOT/hadoop-hdds-config-0.5.0-SNAPSHOT.jar:/home/user/.m2/repository/io/grpc/grpc-netty/1.17.1/grpc-netty-1.17.1.jar:/home/user/.m2/repository/io/grpc/grpc-core/1.17.1/grpc-core-1.17.1.jar:/home/user/.m2/repository/io/grpc/grpc-context/1.17.1/grpc-context-1.17.1.jar:/home/user/.m2/repository/com/google/errorprone/error_prone_annotations/2.2.0/error_prone_annotations-2.2.0.jar:/home/user/.m2/repository/org/codehaus/mojo/animal-sniffer-annotations/1.17/animal-sniffer-annotations-1.17.jar:/home/user/.m2/repository/io/opencensus/opencensus-api/0.17.0/opencensus-api-0.17.0.jar:/home/user/.m2/repository/io/opencensus/opencensus-contrib-grpc-metrics/0.17.0/opencensus-contrib-grpc-metrics-0.17.0.jar:/home/user/.m2/repository/io/netty/netty-codec-http2/4.1.30.Final/netty-codec-http2-4.1.30.Final.jar:/home/user/.m2/repository/io/netty/netty-codec-http/4.1.30.Final/netty-codec-http-4.1.30.Final.jar:/home/user/.m2/repository/io/netty/netty-codec/4.1.30.Final/netty-codec-4.1.30.Final.jar:/home/user/.m2/repository/io/netty/netty-handler/4.1.30.Final/netty-handler-4.1.30.Final.jar:/home/user/.m2/repository/io/netty/netty-handler-proxy/4.1.30.Final/netty-handler-proxy-4.1.30.Final.jar:/home/user/.m2/repository/io/netty/netty-codec-socks/4.1.30.Final/netty-codec-socks-4.1.30.Final.jar:/home/user/.m2/repository/io/netty/netty-transport-native-epoll/4.1.30.Final/netty-transport-native-epoll-4.1.30.Final.jar:/home/user/.m2/repository/io/netty/netty-common/4.1.30.Final/netty-common-4.1.30.Final.jar:/home/user/.m2/repository/io/netty/netty-buffer/4.1.30.Final/netty-buffer-4.1.30.Final.jar:/home/user/.m2/repository/io/netty/netty-transport/4.1.30.Final/netty-transport-4.1.30.Final.jar:/home/user/.m2/repository/io/netty/netty-resolver/4.1.30.Final/netty-resolver-4.1.30.Final.jar:/home/user/.m2/repository/io/netty/netty-transport-native-unix-common/4.1.30.Final/netty-transport-native-unix-common-4.1.30.Final.jar:/home/user/.m2/repository/io/grpc/grpc-protobuf/1.17.1/grpc-protobuf-1.17.1.jar:/home/user/.m2/repository/com/google/api/grpc/proto-google-common-protos/1.0.0/proto-google-common-protos-1.0.0.jar:/home/user/.m2/repository/io/grpc/grpc-protobuf-lite/1.17.1/grpc-protobuf-lite-1.17.1.jar:/home/user/.m2/repository/io/grpc/grpc-stub/1.17.1/grpc-stub-1.17.1.jar:/home/user/.m2/repository/org/apache/hadoop/hadoop-ozone-recon/0.5.0-SNAPSHOT/hadoop-ozone-recon-0.5.0-SNAPSHOT.jar:/home/user/.m2/repository/org/apache/hadoop/hadoop-ozone-reconcodegen/0.5.0-SNAPSHOT/hadoop-ozone-reconcodegen-0.5.0-SNAPSHOT.jar:/home/user/.m2/repository/com/google/inject/extensions/guice-multibindings/4.0/guice-multibindings-4.0.jar:/home/user/.m2/repository/com/google/inject/guice/4.0/guice-4.0.jar:/home/user/.m2/repository/aopalliance/aopalliance/1.0/aopalliance-1.0.jar:/home/user/.m2/repository/com/google/inject/extensions/guice-servlet/4.0/guice-servlet-4.0.jar:/home/user/.m2/repository/org/glassfish/jersey/containers/jersey-container-servlet/2.27/jersey-container-servlet-2.27.jar:/home/user/.m2/repository/org/glassfish/hk2/guice-bridge/2.5.0/guice-bridge-2.5.0.jar:/home/user/.m2/repository/org/glassfish/jersey/core/jersey-server/2.27/jersey-server-2.27.jar:/home/user/.m2/repository/org/glassfish/jersey/core/jersey-client/2.27/jersey-client-2.27.jar:/home/user/.m2/repository/org/glassfish/jersey/media/jersey-media-jaxb/2.27/jersey-media-jaxb-2.27.jar:/home/user/.m2/repository/javax/validation/validation-api/1.1.0.Final/validation-api-1.1.0.Final.jar:/home/user/.m2/repository/org/glassfish/jersey/media/jersey-media-json-jackson/2.27/jersey-media-json-jackson-2.27.jar:/home/user/.m2/repository/org/glassfish/jersey/ext/jersey-entity-filtering/2.27/jersey-entity-filtering-2.27.jar:/home/user/.m2/repository/com/google/inject/extensions/guice-assistedinject/4.0/guice-assistedinject-4.0.jar:/home/user/.m2/repository/org/jooq/jooq/3.11.10/jooq-3.11.10.jar:/home/user/.m2/repository/org/jooq/jooq-meta/3.11.10/jooq-meta-3.11.10.jar:/home/user/.m2/repository/org/jooq/jooq-codegen/3.11.10/jooq-codegen-3.11.10.jar:/home/user/.m2/repository/com/jolbox/bonecp/0.8.0.RELEASE/bonecp-0.8.0.RELEASE.jar:/home/user/.m2/repository/org/xerial/sqlite-jdbc/3.25.2/sqlite-jdbc-3.25.2.jar:/home/user/.m2/repository/org/springframework/spring-jdbc/5.1.3.RELEASE/spring-jdbc-5.1.3.RELEASE.jar:/home/user/.m2/repository/org/springframework/spring-beans/5.1.3.RELEASE/spring-beans-5.1.3.RELEASE.jar:/home/user/.m2/repository/org/springframework/spring-core/5.1.3.RELEASE/spring-core-5.1.3.RELEASE.jar:/home/user/.m2/repository/org/springframework/spring-jcl/5.1.3.RELEASE/spring-jcl-5.1.3.RELEASE.jar:/home/user/.m2/repository/org/springframework/spring-tx/5.1.3.RELEASE/spring-tx-5.1.3.RELEASE.jar:/home/user/.m2/repository/org/apache/hadoop/hadoop-ozone-client/0.5.0-SNAPSHOT/hadoop-ozone-client-0.5.0-SNAPSHOT.jar:/home/user/.m2/repository/commons-lang/commons-lang/2.6/commons-lang-2.6.jar:/home/user/.m2/repository/org/apache/hadoop/hadoop-ozone-ozone-manager/0.5.0-SNAPSHOT/hadoop-ozone-ozone-manager-0.5.0-SNAPSHOT-tests.jar:/home/user/.m2/repository/junit/junit/4.11/junit-4.11.jar:/home/user/.m2/repository/org/hamcrest/hamcrest-core/1.3/hamcrest-core-1.3.jar:/home/user/.m2/repository/org/openjdk/jmh/jmh-core/1.19/jmh-core-1.19.jar:/home/user/.m2/repository/net/sf/jopt-simple/jopt-simple/4.6/jopt-simple-4.6.jar:/home/user/.m2/repository/org/apache/commons/commons-math3/3.1.1/commons-math3-3.1.1.jar:/home/user/.m2/repository/org/openjdk/jmh/jmh-generator-annprocess/1.19/jmh-generator-annprocess-1.19.jar:/home/user/.m2/repository/org/mockito/mockito-all/1.8.5/mockito-all-1.8.5.jar:/home/user/.m2/repository/org/apache/hadoop/hadoop-kms/3.2.0/hadoop-kms-3.2.0.jar:/home/user/.m2/repository/org/apache/hadoop/hadoop-auth/3.2.0/hadoop-auth-3.2.0.jar:/home/user/.m2/repository/com/nimbusds/nimbus-jose-jwt/4.41.1/nimbus-jose-jwt-4.41.1.jar:/home/user/.m2/repository/com/github/stephenc/jcip/jcip-annotations/1.0-1/jcip-annotations-1.0-1.jar:/home/user/.m2/repository/net/minidev/json-smart/2.3/json-smart-2.3.jar:/home/user/.m2/repository/net/minidev/accessors-smart/1.2/accessors-smart-1.2.jar:/home/user/.m2/repository/org/ow2/asm/asm/5.0.4/asm-5.0.4.jar:/home/user/.m2/repository/org/apache/curator/curator-framework/2.12.0/curator-framework-2.12.0.jar:/home/user/.m2/repository/com/sun/jersey/jersey-core/1.19/jersey-core-1.19.jar:/home/user/.m2/repository/javax/ws/rs/jsr311-api/1.1.1/jsr311-api-1.1.1.jar:/home/user/.m2/repository/com/sun/jersey/jersey-server/1.19/jersey-server-1.19.jar:/home/user/.m2/repository/javax/servlet/javax.servlet-api/3.1.0/javax.servlet-api-3.1.0.jar:/home/user/.m2/repository/org/eclipse/jetty/jetty-server/9.3.25.v20180904/jetty-server-9.3.25.v20180904.jar:/home/user/.m2/repository/org/eclipse/jetty/jetty-http/9.3.25.v20180904/jetty-http-9.3.25.v20180904.jar:/home/user/.m2/repository/org/eclipse/jetty/jetty-io/9.3.25.v20180904/jetty-io-9.3.25.v20180904.jar:/home/user/.m2/repository/org/eclipse/jetty/jetty-webapp/9.3.25.v20180904/jetty-webapp-9.3.25.v20180904.jar:/home/user/.m2/repository/org/eclipse/jetty/jetty-xml/9.3.25.v20180904/jetty-xml-9.3.25.v20180904.jar:/home/user/.m2/repository/log4j/log4j/1.2.17/log4j-1.2.17.jar:/home/user/.m2/repository/org/slf4j/slf4j-api/1.7.25/slf4j-api-1.7.25.jar:/home/user/.m2/repository/org/slf4j/jul-to-slf4j/1.7.25/jul-to-slf4j-1.7.25.jar:/home/user/.m2/repository/org/eclipse/jetty/jetty-util/9.3.25.v20180904/jetty-util-9.3.25.v20180904.jar:/home/user/.m2/repository/com/fasterxml/jackson/core/jackson-databind/2.9.9/jackson-databind-2.9.9.jar:/home/user/.m2/repository/org/apache/hadoop/hadoop-kms/3.2.0/hadoop-kms-3.2.0-tests.jar:/home/user/.m2/repository/org/apache/hadoop/hadoop-hdds-server-scm/0.5.0-SNAPSHOT/hadoop-hdds-server-scm-0.5.0-SNAPSHOT-tests.jar:/home/user/.m2/repository/org/apache/hadoop/hadoop-hdds-container-service/0.5.0-SNAPSHOT/hadoop-hdds-container-service-0.5.0-SNAPSHOT-tests.jar:/home/user/.m2/repository/org/yaml/snakeyaml/1.16/snakeyaml-1.16.jar:/home/user/.m2/repository/org/apache/hadoop/hadoop-common/3.2.0/hadoop-common-3.2.0-tests.jar:/home/user/.m2/repository/org/apache/hadoop/hadoop-annotations/3.2.0/hadoop-annotations-3.2.0.jar:/usr/lib/jvm/java-1.8.0-openjdk-1.8.0.222.b10-1.el7_7.x86_64/jre/../lib/tools.jar:/home/user/.m2/repository/commons-cli/commons-cli/1.2/commons-cli-1.2.jar:/home/user/.m2/repository/org/apache/httpcomponents/httpclient/4.5.2/httpclient-4.5.2.jar:/home/user/.m2/repository/org/apache/httpcomponents/httpcore/4.4.4/httpcore-4.4.4.jar:/home/user/.m2/repository/commons-codec/commons-codec/1.11/commons-codec-1.11.jar:/home/user/.m2/repository/commons-net/commons-net/3.6/commons-net-3.6.jar:/home/user/.m2/repository/commons-collections/commons-collections/3.2.2/commons-collections-3.2.2.jar:/home/user/.m2/repository/org/eclipse/jetty/jetty-servlet/9.3.25.v20180904/jetty-servlet-9.3.25.v20180904.jar:/home/user/.m2/repository/org/eclipse/jetty/jetty-security/9.3.25.v20180904/jetty-security-9.3.25.v20180904.jar:/home/user/.m2/repository/javax/servlet/jsp/jsp-api/2.1/jsp-api-2.1.jar:/home/user/.m2/repository/com/sun/jersey/jersey-servlet/1.19/jersey-servlet-1.19.jar:/home/user/.m2/repository/com/sun/jersey/jersey-json/1.19/jersey-json-1.19.jar:/home/user/.m2/repository/org/codehaus/jettison/jettison/1.1/jettison-1.1.jar:/home/user/.m2/repository/org/codehaus/jackson/jackson-core-asl/1.9.13/jackson-core-asl-1.9.13.jar:/home/user/.m2/repository/org/codehaus/jackson/jackson-mapper-asl/1.9.13/jackson-mapper-asl-1.9.13.jar:/home/user/.m2/repository/org/codehaus/jackson/jackson-jaxrs/1.9.13/jackson-jaxrs-1.9.13.jar:/home/user/.m2/repository/org/codehaus/jackson/jackson-xc/1.9.13/jackson-xc-1.9.13.jar:/home/user/.m2/repository/commons-logging/commons-logging/1.1.3/commons-logging-1.1.3.jar:/home/user/.m2/repository/commons-beanutils/commons-beanutils/1.9.4/commons-beanutils-1.9.4.jar:/home/user/.m2/repository/org/apache/commons/commons-configuration2/2.1.1/commons-configuration2-2.1.1.jar:/home/user/.m2/repository/org/apache/commons/commons-lang3/3.7/commons-lang3-3.7.jar:/home/user/.m2/repository/org/apache/commons/commons-text/1.4/commons-text-1.4.jar:/home/user/.m2/repository/org/apache/avro/avro/1.7.7/avro-1.7.7.jar:/home/user/.m2/repository/com/thoughtworks/paranamer/paranamer/2.3/paranamer-2.3.jar:/home/user/.m2/repository/org/xerial/snappy/snappy-java/1.0.5/snappy-java-1.0.5.jar:/home/user/.m2/repository/com/google/re2j/re2j/1.1/re2j-1.1.jar:/home/user/.m2/repository/com/google/code/gson/gson/2.2.4/gson-2.2.4.jar:/home/user/.m2/repository/com/jcraft/jsch/0.1.54/jsch-0.1.54.jar:/home/user/.m2/repository/org/apache/curator/curator-client/2.12.0/curator-client-2.12.0.jar:/home/user/.m2/repository/org/apache/curator/curator-recipes/2.12.0/curator-recipes-2.12.0.jar:/home/user/.m2/repository/com/google/code/findbugs/jsr305/3.0.0/jsr305-3.0.0.jar:/home/user/.m2/repository/org/apache/htrace/htrace-core4/4.1.0-incubating/htrace-core4-4.1.0-incubating.jar:/home/user/.m2/repository/org/apache/zookeeper/zookeeper/3.4.13/zookeeper-3.4.13.jar:/home/user/.m2/repository/jline/jline/0.9.94/jline-0.9.94.jar:/home/user/.m2/repository/org/apache/yetus/audience-annotations/0.5.0/audience-annotations-0.5.0.jar:/home/user/.m2/repository/org/codehaus/woodstox/stax2-api/3.1.4/stax2-api-3.1.4.jar:/home/user/.m2/repository/com/fasterxml/woodstox/woodstox-core/5.0.3/woodstox-core-5.0.3.jar:/home/user/.m2/repository/dnsjava/dnsjava/2.1.7/dnsjava-2.1.7.jar:/home/user/.m2/repository/org/apache/hadoop/hadoop-hdfs/3.2.0/hadoop-hdfs-3.2.0-tests.jar:/home/user/.m2/repository/org/eclipse/jetty/jetty-util-ajax/9.3.25.v20180904/jetty-util-ajax-9.3.25.v20180904.jar:/home/user/.m2/repository/commons-daemon/commons-daemon/1.0.13/commons-daemon-1.0.13.jar:/home/user/.m2/repository/io/netty/netty/3.10.5.Final/netty-3.10.5.Final.jar:/home/user/.m2/repository/io/netty/netty-all/4.0.52.Final/netty-all-4.0.52.Final.jar:/home/user/.m2/repository/org/fusesource/leveldbjni/leveldbjni-all/1.8/leveldbjni-all-1.8.jar:"/>
    <property name="sun.cpu.endian" value="little"/>
    <property name="user.home" value="/home/user"/>
    <property name="user.language" value="en"/>
    <property name="java.specification.vendor" value="Oracle Corporation"/>
    <property name="java.home" value="/usr/lib/jvm/java-1.8.0-openjdk-1.8.0.222.b10-1.el7_7.x86_64/jre"/>
    <property name="surefire.excludesFile" value="/tools/ozone-bad-unit-tests"/>
    <property name="java.security.krb5.conf" value="/workdir/hadoop-ozone/integration-test/target/test-classes/krb5.conf"/>
    <property name="basedir" value="/workdir/hadoop-ozone/integration-test"/>
    <property name="file.separator" value="/"/>
    <property name="line.separator" value="&#10;"/>
    <property name="java.vm.specification.vendor" value="Oracle Corporation"/>
    <property name="java.specification.name" value="Java Platform API Specification"/>
    <property name="java.awt.graphicsenv" value="sun.awt.X11GraphicsEnvironment"/>
    <property name="surefire.real.class.path" value="/workdir/hadoop-ozone/integration-test/target/surefire/surefirebooter7840809855954250819.jar"/>
    <property name="hadoop.log.dir" value="/workdir/hadoop-ozone/integration-test/target/log"/>
    <property name="sun.boot.class.path" value="/usr/lib/jvm/java-1.8.0-openjdk-1.8.0.222.b10-1.el7_7.x86_64/jre/lib/resources.jar:/usr/lib/jvm/java-1.8.0-openjdk-1.8.0.222.b10-1.el7_7.x86_64/jre/lib/rt.jar:/usr/lib/jvm/java-1.8.0-openjdk-1.8.0.222.b10-1.el7_7.x86_64/jre/lib/sunrsasign.jar:/usr/lib/jvm/java-1.8.0-openjdk-1.8.0.222.b10-1.el7_7.x86_64/jre/lib/jsse.jar:/usr/lib/jvm/java-1.8.0-openjdk-1.8.0.222.b10-1.el7_7.x86_64/jre/lib/jce.jar:/usr/lib/jvm/java-1.8.0-openjdk-1.8.0.222.b10-1.el7_7.x86_64/jre/lib/charsets.jar:/usr/lib/jvm/java-1.8.0-openjdk-1.8.0.222.b10-1.el7_7.x86_64/jre/lib/jfr.jar:/usr/lib/jvm/java-1.8.0-openjdk-1.8.0.222.b10-1.el7_7.x86_64/jre/classes"/>
    <property name="sun.management.compiler" value="HotSpot 64-Bit Tiered Compilers"/>
    <property name="java.runtime.version" value="1.8.0_222-b10"/>
    <property name="java.net.preferIPv4Stack" value="true"/>
    <property name="user.name" value="jenkins1000"/>
    <property name="path.separator" value=":"/>
    <property name="java.security.egd" value="file:///dev/urandom"/>
    <property name="os.version" value="3.10.0-957.12.2.el7.x86_64"/>
    <property name="java.endorsed.dirs" value="/usr/lib/jvm/java-1.8.0-openjdk-1.8.0.222.b10-1.el7_7.x86_64/jre/lib/endorsed"/>
    <property name="java.runtime.name" value="OpenJDK Runtime Environment"/>
    <property name="file.encoding" value="ANSI_X3.4-1968"/>
    <property name="java.vm.name" value="OpenJDK 64-Bit Server VM"/>
    <property name="test.build.webapps" value=""/>
    <property name="localRepository" value="/home/user/.m2/repository"/>
    <property name="java.vendor.url.bug" value="http://bugreport.sun.com/bugreport/"/>
    <property name="java.io.tmpdir" value="/tmp"/>
    <property name="require.test.libhadoop" value=""/>
    <property name="java.version" value="1.8.0_222"/>
    <property name="user.dir" value="/workdir/hadoop-ozone/integration-test"/>
    <property name="os.arch" value="amd64"/>
    <property name="java.vm.specification.name" value="Java Virtual Machine Specification"/>
    <property name="test.build.classes" value="/workdir/hadoop-ozone/integration-test/target/test-classes"/>
    <property name="java.awt.printerjob" value="sun.print.PSPrinterJob"/>
    <property name="sun.os.patch.level" value="unknown"/>
    <property name="hadoop.tmp.dir" value="/workdir/hadoop-ozone/integration-test/target/tmp"/>
    <property name="java.library.path" value="/usr/lib:/workdir/hadoop-ozone/integration-test/target/native/target/usr/local/lib:/workdir/hadoop-ozone/integration-test/../../hadoop-common-project/hadoop-common/target/native/target/usr/local/lib:/usr/java/packages/lib/amd64:/usr/lib64:/lib64:/lib:/usr/lib"/>
    <property name="java.vm.info" value="mixed mode"/>
    <property name="java.vendor" value="Oracle Corporation"/>
    <property name="java.vm.version" value="25.222-b10"/>
    <property name="java.ext.dirs" value="/usr/lib/jvm/java-1.8.0-openjdk-1.8.0.222.b10-1.el7_7.x86_64/jre/lib/ext:/usr/java/packages/lib/ext"/>
    <property name="sun.io.unicode.encoding" value="UnicodeLittle"/>
    <property name="java.class.version" value="52.0"/>
  </properties>
  <testcase name="test" classname="org.apache.hadoop.ozone.container.common.statemachine.commandhandler.TestCloseContainerHandler" time="28.215">
    <error type="java.lang.NullPointerException">java.lang.NullPointerException
	at org.apache.hadoop.ozone.container.common.statemachine.commandhandler.TestCloseContainerHandler.isContainerClosed(TestCloseContainerHandler.java:130)
	at org.apache.hadoop.ozone.container.common.statemachine.commandhandler.TestCloseContainerHandler.test(TestCloseContainerHandler.java:107)
	at sun.reflect.NativeMethodAccessorImpl.invoke0(Native Method)
	at sun.reflect.NativeMethodAccessorImpl.invoke(NativeMethodAccessorImpl.java:62)
	at sun.reflect.DelegatingMethodAccessorImpl.invoke(DelegatingMethodAccessorImpl.java:43)
	at java.lang.reflect.Method.invoke(Method.java:498)
	at org.junit.runners.model.FrameworkMethod$1.runReflectiveCall(FrameworkMethod.java:47)
	at org.junit.internal.runners.model.ReflectiveCallable.run(ReflectiveCallable.java:12)
	at org.junit.runners.model.FrameworkMethod.invokeExplosively(FrameworkMethod.java:44)
	at org.junit.internal.runners.statements.InvokeMethod.evaluate(InvokeMethod.java:17)
	at org.junit.internal.runners.statements.RunBefores.evaluate(RunBefores.java:26)
	at org.junit.internal.runners.statements.RunAfters.evaluate(RunAfters.java:27)
	at org.junit.runners.ParentRunner.runLeaf(ParentRunner.java:271)
	at org.junit.runners.BlockJUnit4ClassRunner.runChild(BlockJUnit4ClassRunner.java:70)
	at org.junit.runners.BlockJUnit4ClassRunner.runChild(BlockJUnit4ClassRunner.java:50)
	at org.junit.runners.ParentRunner$3.run(ParentRunner.java:238)
	at org.junit.runners.ParentRunner$1.schedule(ParentRunner.java:63)
	at org.junit.runners.ParentRunner.runChildren(ParentRunner.java:236)
	at org.junit.runners.ParentRunner.access$000(ParentRunner.java:53)
	at org.junit.runners.ParentRunner$2.evaluate(ParentRunner.java:229)
	at org.junit.runners.ParentRunner.run(ParentRunner.java:309)
	at org.apache.maven.surefire.junit4.JUnit4Provider.execute(JUnit4Provider.java:365)
	at org.apache.maven.surefire.junit4.JUnit4Provider.executeWithRerun(JUnit4Provider.java:273)
	at org.apache.maven.surefire.junit4.JUnit4Provider.executeTestSet(JUnit4Provider.java:238)
	at org.apache.maven.surefire.junit4.JUnit4Provider.invoke(JUnit4Provider.java:159)
	at org.apache.maven.surefire.booter.ForkedBooter.invokeProviderInSameClassLoader(ForkedBooter.java:384)
	at org.apache.maven.surefire.booter.ForkedBooter.runSuitesInProcess(ForkedBooter.java:345)
	at org.apache.maven.surefire.booter.ForkedBooter.execute(ForkedBooter.java:126)
	at org.apache.maven.surefire.booter.ForkedBooter.main(ForkedBooter.java:418)
</error>
    <system-out><![CDATA[2019-10-29 16:04:14,381 [main] WARN  server.ServerUtils (ServerUtils.java:getScmDbDir(145)) - ozone.scm.db.dirs is not configured. We recommend adding this setting. Falling back to ozone.metadata.dirs instead.
2019-10-29 16:04:14,489 [main] WARN  server.ServerUtils (ServerUtils.java:getScmDbDir(145)) - ozone.scm.db.dirs is not configured. We recommend adding this setting. Falling back to ozone.metadata.dirs instead.
2019-10-29 16:04:14,492 [main] WARN  server.ServerUtils (ServerUtils.java:getScmDbDir(145)) - ozone.scm.db.dirs is not configured. We recommend adding this setting. Falling back to ozone.metadata.dirs instead.
2019-10-29 16:04:14,516 [main] INFO  util.log (Log.java:initialized(192)) - Logging initialized @871ms
2019-10-29 16:04:14,613 [main] INFO  db.DBStoreBuilder (DBStoreBuilder.java:addTable(127)) - using custom profile for table: deletedBlocks
2019-10-29 16:04:14,613 [main] INFO  db.DBStoreBuilder (DBStoreBuilder.java:processTables(183)) - Using default column profile:DBProfile.DISK for Table:deletedBlocks
2019-10-29 16:04:14,614 [main] INFO  db.DBStoreBuilder (DBStoreBuilder.java:addTable(127)) - using custom profile for table: validCerts
2019-10-29 16:04:14,614 [main] INFO  db.DBStoreBuilder (DBStoreBuilder.java:processTables(183)) - Using default column profile:DBProfile.DISK for Table:validCerts
2019-10-29 16:04:14,614 [main] INFO  db.DBStoreBuilder (DBStoreBuilder.java:addTable(127)) - using custom profile for table: revokedCerts
2019-10-29 16:04:14,614 [main] INFO  db.DBStoreBuilder (DBStoreBuilder.java:processTables(183)) - Using default column profile:DBProfile.DISK for Table:revokedCerts
2019-10-29 16:04:14,625 [main] INFO  db.DBStoreBuilder (DBStoreBuilder.java:addTable(127)) - using custom profile for table: default
2019-10-29 16:04:14,625 [main] INFO  db.DBStoreBuilder (DBStoreBuilder.java:processTables(189)) - Using default column profile:DBProfile.DISK for Table:default
2019-10-29 16:04:14,627 [main] INFO  db.DBStoreBuilder (DBStoreBuilder.java:getDbProfile(220)) - Using default options. DBProfile.DISK
2019-10-29 16:04:14,863 [main] INFO  net.NodeSchemaLoader (NodeSchemaLoader.java:loadSchemaFromFile(125)) - Loading file from sun.misc.CompoundEnumeration@515c6049
2019-10-29 16:04:14,865 [main] INFO  net.NodeSchemaLoader (NodeSchemaLoader.java:loadSchema(171)) - Loading network topology layer schema file
2019-10-29 16:04:14,924 [main] WARN  server.ServerUtils (ServerUtils.java:sanitizeUserArgs(70)) - ozone.scm.stale.node.interval value = 300000 is larger than max = 100000 based on the key value of ozone.scm.heartbeat.thread.interval, reset to the max value 100000.
2019-10-29 16:04:14,926 [main] WARN  server.ServerUtils (ServerUtils.java:sanitizeUserArgs(70)) - ozone.scm.stale.node.interval value = 300000 is larger than max = 100000 based on the key value of ozone.scm.heartbeat.thread.interval, reset to the max value 100000.
2019-10-29 16:04:14,928 [main] INFO  node.SCMNodeManager (SCMNodeManager.java:<init>(116)) - Entering startup safe mode.
2019-10-29 16:04:15,015 [main] INFO  algorithms.ContainerPlacementPolicyFactory (ContainerPlacementPolicyFactory.java:getPolicy(57)) - Create container placement policy of type org.apache.hadoop.hdds.scm.container.placement.algorithms.SCMContainerPlacementRandom
2019-10-29 16:04:15,032 [main] WARN  server.ServerUtils (ServerUtils.java:getScmDbDir(145)) - ozone.scm.db.dirs is not configured. We recommend adding this setting. Falling back to ozone.metadata.dirs instead.
2019-10-29 16:04:15,094 [main] INFO  pipeline.SCMPipelineManager (SCMPipelineManager.java:initializePipelineState(136)) - No pipeline exists in current db
2019-10-29 16:04:15,098 [main] WARN  server.ServerUtils (ServerUtils.java:getScmDbDir(145)) - ozone.scm.db.dirs is not configured. We recommend adding this setting. Falling back to ozone.metadata.dirs instead.
2019-10-29 16:04:15,209 [main] INFO  safemode.HealthyPipelineSafeModeRule (HealthyPipelineSafeModeRule.java:<init>(91)) -  Total pipeline count is 0, healthy pipeline threshold count is 1
2019-10-29 16:04:15,214 [main] INFO  safemode.OneReplicaPipelineSafeModeRule (OneReplicaPipelineSafeModeRule.java:<init>(79)) - Total pipeline count is 0, pipeline's with at least one datanode reported threshold count is 0
2019-10-29 16:04:15,214 [main] WARN  events.EventQueue (EventQueue.java:fireEvent(183)) - No event handler registered for event TypedEvent{payloadType=SafeModeStatus, name='SafeModeStatus'}
2019-10-29 16:04:15,559 [main] INFO  ipc.CallQueueManager (CallQueueManager.java:<init>(84)) - Using callQueue: class java.util.concurrent.LinkedBlockingQueue, queueCapacity: 2000, scheduler: class org.apache.hadoop.ipc.DefaultRpcScheduler, ipcBackoff: false.
2019-10-29 16:04:15,686 [Socket Reader #1 for port 45880] INFO  ipc.Server (Server.java:run(1074)) - Starting Socket Reader #1 for port 45880
2019-10-29 16:04:15,721 [main] INFO  ipc.CallQueueManager (CallQueueManager.java:<init>(84)) - Using callQueue: class java.util.concurrent.LinkedBlockingQueue, queueCapacity: 2000, scheduler: class org.apache.hadoop.ipc.DefaultRpcScheduler, ipcBackoff: false.
2019-10-29 16:04:15,722 [Socket Reader #1 for port 45909] INFO  ipc.Server (Server.java:run(1074)) - Starting Socket Reader #1 for port 45909
2019-10-29 16:04:15,732 [main] INFO  ipc.CallQueueManager (CallQueueManager.java:<init>(84)) - Using callQueue: class java.util.concurrent.LinkedBlockingQueue, queueCapacity: 2000, scheduler: class org.apache.hadoop.ipc.DefaultRpcScheduler, ipcBackoff: false.
2019-10-29 16:04:15,733 [Socket Reader #1 for port 34472] INFO  ipc.Server (Server.java:run(1074)) - Starting Socket Reader #1 for port 34472
2019-10-29 16:04:15,757 [main] INFO  hdfs.DFSUtil (DFSUtil.java:httpServerTemplateForNNAndJN(1641)) - Starting Web-server for scm at: http://0.0.0.0:0
2019-10-29 16:04:15,956 [main] INFO  server.AuthenticationFilter (AuthenticationFilter.java:constructSecretProvider(240)) - Unable to initialize FileSignerSecretProvider, falling back to use random secrets.
2019-10-29 16:04:15,964 [main] WARN  http.HttpRequestLog (HttpRequestLog.java:getRequestLog(97)) - Jetty request log can only be enabled using Log4j
2019-10-29 16:04:15,973 [main] INFO  http.HttpServer2 (HttpServer2.java:addGlobalFilter(975)) - Added global filter 'safety' (class=org.apache.hadoop.http.HttpServer2$QuotingInputFilter)
2019-10-29 16:04:15,976 [main] INFO  http.HttpServer2 (HttpServer2.java:addFilter(948)) - Added filter static_user_filter (class=org.apache.hadoop.http.lib.StaticUserWebFilter$StaticUserFilter) to context scm
2019-10-29 16:04:15,976 [main] INFO  http.HttpServer2 (HttpServer2.java:addFilter(958)) - Added filter static_user_filter (class=org.apache.hadoop.http.lib.StaticUserWebFilter$StaticUserFilter) to context logs
2019-10-29 16:04:15,977 [main] INFO  http.HttpServer2 (HttpServer2.java:addFilter(958)) - Added filter static_user_filter (class=org.apache.hadoop.http.lib.StaticUserWebFilter$StaticUserFilter) to context static
2019-10-29 16:04:16,019 [main] INFO  server.StorageContainerManager (StorageContainerManager.java:start(771)) - StorageContainerLocationProtocol RPC server is listening at /0.0.0.0:34472
2019-10-29 16:04:16,095 [main] WARN  impl.MetricsConfig (MetricsConfig.java:loadFirst(134)) - Cannot locate configuration: tried hadoop-metrics2-storagecontainermanager.properties,hadoop-metrics2.properties
2019-10-29 16:04:16,111 [main] INFO  impl.MetricsSystemImpl (MetricsSystemImpl.java:startTimer(374)) - Scheduled Metric snapshot period at 10 second(s).
2019-10-29 16:04:16,111 [main] INFO  impl.MetricsSystemImpl (MetricsSystemImpl.java:start(191)) - StorageContainerManager metrics system started
2019-10-29 16:04:16,341 [main] INFO  server.SCMClientProtocolServer (SCMClientProtocolServer.java:start(159)) - RPC server for Client  is listening at /0.0.0.0:34472
2019-10-29 16:04:16,341 [IPC Server Responder] INFO  ipc.Server (Server.java:run(1314)) - IPC Server Responder: starting
2019-10-29 16:04:16,341 [IPC Server listener on 34472] INFO  ipc.Server (Server.java:run(1153)) - IPC Server listener on 34472: starting
2019-10-29 16:04:16,344 [main] INFO  server.StorageContainerManager (StorageContainerManager.java:start(781)) - ScmBlockLocationProtocol RPC server is listening at /0.0.0.0:45909
2019-10-29 16:04:16,345 [main] INFO  server.SCMBlockProtocolServer (SCMBlockProtocolServer.java:start(146)) - RPC server for Block Protocol is listening at /0.0.0.0:45909
2019-10-29 16:04:16,345 [IPC Server Responder] INFO  ipc.Server (Server.java:run(1314)) - IPC Server Responder: starting
2019-10-29 16:04:16,346 [IPC Server listener on 45909] INFO  ipc.Server (Server.java:run(1153)) - IPC Server listener on 45909: starting
2019-10-29 16:04:16,348 [main] INFO  server.StorageContainerManager (StorageContainerManager.java:start(785)) - ScmDatanodeProtocl RPC server is listening at /0.0.0.0:45880
2019-10-29 16:04:16,349 [main] INFO  server.SCMDatanodeProtocolServer (SCMDatanodeProtocolServer.java:start(177)) - RPC server for DataNodes is listening at /0.0.0.0:45880
2019-10-29 16:04:16,349 [IPC Server listener on 45880] INFO  ipc.Server (Server.java:run(1153)) - IPC Server listener on 45880: starting
2019-10-29 16:04:16,349 [IPC Server Responder] INFO  ipc.Server (Server.java:run(1314)) - IPC Server Responder: starting
2019-10-29 16:04:16,353 [main] INFO  http.HttpServer2 (HttpServer2.java:bindListener(1191)) - Jetty bound to port 45829
2019-10-29 16:04:16,355 [main] INFO  server.Server (Server.java:doStart(351)) - jetty-9.3.25.v20180904, build timestamp: 2018-09-04T21:11:46Z, git hash: 3ce520221d0240229c862b122d2b06c12a625732
2019-10-29 16:04:16,391 [main] INFO  handler.ContextHandler (ContextHandler.java:doStart(781)) - Started o.e.j.s.ServletContextHandler@424ebba3{/logs,file:///workdir/hadoop-ozone/integration-test/target/log,AVAILABLE}
2019-10-29 16:04:16,392 [main] INFO  handler.ContextHandler (ContextHandler.java:doStart(781)) - Started o.e.j.s.ServletContextHandler@2320fa6f{/static,file:///workdir/hadoop-ozone/integration-test/target/test-classes/webapps/static,AVAILABLE}
2019-10-29 16:04:16,425 [main] INFO  handler.ContextHandler (ContextHandler.java:doStart(781)) - Started o.e.j.w.WebAppContext@7fb9f71f{/,file:///workdir/hadoop-ozone/integration-test/target/test-classes/webapps/scm/,AVAILABLE}{/scm}
2019-10-29 16:04:16,431 [main] INFO  server.AbstractConnector (AbstractConnector.java:doStart(278)) - Started ServerConnector@407cf41{HTTP/1.1,[http/1.1]}{0.0.0.0:45829}
2019-10-29 16:04:16,431 [main] INFO  server.Server (Server.java:doStart(419)) - Started @2786ms
2019-10-29 16:04:16,433 [main] INFO  impl.MetricsSinkAdapter (MetricsSinkAdapter.java:start(204)) - Sink prometheus started
2019-10-29 16:04:16,433 [main] INFO  impl.MetricsSystemImpl (MetricsSystemImpl.java:registerSink(301)) - Registered sink prometheus
2019-10-29 16:04:16,435 [main] INFO  server.BaseHttpServer (BaseHttpServer.java:updateConnectorAddress(215)) - HTTP server of SCM is listening at http://0.0.0.0:45829
2019-10-29 16:04:16,443 [org.apache.hadoop.util.JvmPauseMonitor$Monitor@5922ae77] INFO  util.JvmPauseMonitor (JvmPauseMonitor.java:run(188)) - Starting JVM pause monitor
2019-10-29 16:04:16,447 [main] WARN  server.ServerUtils (ServerUtils.java:getDBPath(222)) - ozone.om.db.dirs is not configured. We recommend adding this setting. Falling back to ozone.metadata.dirs instead.
2019-10-29 16:04:16,560 [main] INFO  ha.OMHANodeDetails (OMHANodeDetails.java:loadOMHAConfig(190)) - Configuration either no ozone.om.address set. Falling back to the default OM address /127.0.0.1:0
2019-10-29 16:04:16,560 [main] INFO  ha.OMHANodeDetails (OMHANodeDetails.java:getOMNodeDetails(220)) - OM Service ID is not set. Setting it to the default ID: omServiceIdDefault
2019-10-29 16:04:16,562 [main] WARN  server.ServerUtils (ServerUtils.java:getDBPath(222)) - ozone.om.db.dirs is not configured. We recommend adding this setting. Falling back to ozone.metadata.dirs instead.
2019-10-29 16:04:16,563 [main] WARN  server.ServerUtils (ServerUtils.java:getDBPath(222)) - ozone.om.db.dirs is not configured. We recommend adding this setting. Falling back to ozone.metadata.dirs instead.
2019-10-29 16:04:17,313 [main] WARN  server.ServerUtils (ServerUtils.java:getDBPath(222)) - ozone.om.db.dirs is not configured. We recommend adding this setting. Falling back to ozone.metadata.dirs instead.
2019-10-29 16:04:17,321 [main] INFO  db.DBStoreBuilder (DBStoreBuilder.java:addTable(127)) - using custom profile for table: userTable
2019-10-29 16:04:17,321 [main] INFO  db.DBStoreBuilder (DBStoreBuilder.java:processTables(183)) - Using default column profile:DBProfile.DISK for Table:userTable
2019-10-29 16:04:17,322 [main] INFO  db.DBStoreBuilder (DBStoreBuilder.java:addTable(127)) - using custom profile for table: volumeTable
2019-10-29 16:04:17,322 [main] INFO  db.DBStoreBuilder (DBStoreBuilder.java:processTables(183)) - Using default column profile:DBProfile.DISK for Table:volumeTable
2019-10-29 16:04:17,322 [main] INFO  db.DBStoreBuilder (DBStoreBuilder.java:addTable(127)) - using custom profile for table: bucketTable
2019-10-29 16:04:17,322 [main] INFO  db.DBStoreBuilder (DBStoreBuilder.java:processTables(183)) - Using default column profile:DBProfile.DISK for Table:bucketTable
2019-10-29 16:04:17,322 [main] INFO  db.DBStoreBuilder (DBStoreBuilder.java:addTable(127)) - using custom profile for table: keyTable
2019-10-29 16:04:17,323 [main] INFO  db.DBStoreBuilder (DBStoreBuilder.java:processTables(183)) - Using default column profile:DBProfile.DISK for Table:keyTable
2019-10-29 16:04:17,323 [main] INFO  db.DBStoreBuilder (DBStoreBuilder.java:addTable(127)) - using custom profile for table: deletedTable
2019-10-29 16:04:17,323 [main] INFO  db.DBStoreBuilder (DBStoreBuilder.java:processTables(183)) - Using default column profile:DBProfile.DISK for Table:deletedTable
2019-10-29 16:04:17,323 [main] INFO  db.DBStoreBuilder (DBStoreBuilder.java:addTable(127)) - using custom profile for table: openKeyTable
2019-10-29 16:04:17,324 [main] INFO  db.DBStoreBuilder (DBStoreBuilder.java:processTables(183)) - Using default column profile:DBProfile.DISK for Table:openKeyTable
2019-10-29 16:04:17,324 [main] INFO  db.DBStoreBuilder (DBStoreBuilder.java:addTable(127)) - using custom profile for table: s3Table
2019-10-29 16:04:17,324 [main] INFO  db.DBStoreBuilder (DBStoreBuilder.java:processTables(183)) - Using default column profile:DBProfile.DISK for Table:s3Table
2019-10-29 16:04:17,324 [main] INFO  db.DBStoreBuilder (DBStoreBuilder.java:addTable(127)) - using custom profile for table: multipartInfoTable
2019-10-29 16:04:17,324 [main] INFO  db.DBStoreBuilder (DBStoreBuilder.java:processTables(183)) - Using default column profile:DBProfile.DISK for Table:multipartInfoTable
2019-10-29 16:04:17,325 [main] INFO  db.DBStoreBuilder (DBStoreBuilder.java:addTable(127)) - using custom profile for table: dTokenTable
2019-10-29 16:04:17,325 [main] INFO  db.DBStoreBuilder (DBStoreBuilder.java:processTables(183)) - Using default column profile:DBProfile.DISK for Table:dTokenTable
2019-10-29 16:04:17,325 [main] INFO  db.DBStoreBuilder (DBStoreBuilder.java:addTable(127)) - using custom profile for table: s3SecretTable
2019-10-29 16:04:17,325 [main] INFO  db.DBStoreBuilder (DBStoreBuilder.java:processTables(183)) - Using default column profile:DBProfile.DISK for Table:s3SecretTable
2019-10-29 16:04:17,326 [main] INFO  db.DBStoreBuilder (DBStoreBuilder.java:addTable(127)) - using custom profile for table: prefixTable
2019-10-29 16:04:17,326 [main] INFO  db.DBStoreBuilder (DBStoreBuilder.java:processTables(183)) - Using default column profile:DBProfile.DISK for Table:prefixTable
2019-10-29 16:04:17,326 [main] INFO  db.DBStoreBuilder (DBStoreBuilder.java:addTable(127)) - using custom profile for table: default
2019-10-29 16:04:17,326 [main] INFO  db.DBStoreBuilder (DBStoreBuilder.java:processTables(189)) - Using default column profile:DBProfile.DISK for Table:default
2019-10-29 16:04:17,327 [main] INFO  db.DBStoreBuilder (DBStoreBuilder.java:getDbProfile(220)) - Using default options. DBProfile.DISK
2019-10-29 16:04:17,781 [main] INFO  ipc.CallQueueManager (CallQueueManager.java:<init>(84)) - Using callQueue: class java.util.concurrent.LinkedBlockingQueue, queueCapacity: 2000, scheduler: class org.apache.hadoop.ipc.DefaultRpcScheduler, ipcBackoff: false.
2019-10-29 16:04:17,782 [Socket Reader #1 for port 34567] INFO  ipc.Server (Server.java:run(1074)) - Starting Socket Reader #1 for port 34567
2019-10-29 16:04:17,810 [main] INFO  om.OzoneManager (OzoneManager.java:start(1074)) - OzoneManager RPC server is listening at localhost/127.0.0.1:34567
2019-10-29 16:04:17,810 [main] INFO  impl.MetricsSystemImpl (MetricsSystemImpl.java:init(158)) - OzoneManager metrics system started (again)
2019-10-29 16:04:17,823 [IPC Server Responder] INFO  ipc.Server (Server.java:run(1314)) - IPC Server Responder: starting
2019-10-29 16:04:17,823 [IPC Server listener on 34567] INFO  ipc.Server (Server.java:run(1153)) - IPC Server listener on 34567: starting
2019-10-29 16:04:17,830 [main] INFO  hdfs.DFSUtil (DFSUtil.java:httpServerTemplateForNNAndJN(1641)) - Starting Web-server for ozoneManager at: http://0.0.0.0:0
2019-10-29 16:04:17,833 [main] INFO  server.AuthenticationFilter (AuthenticationFilter.java:constructSecretProvider(240)) - Unable to initialize FileSignerSecretProvider, falling back to use random secrets.
2019-10-29 16:04:17,834 [main] WARN  http.HttpRequestLog (HttpRequestLog.java:getRequestLog(97)) - Jetty request log can only be enabled using Log4j
2019-10-29 16:04:17,837 [main] INFO  http.HttpServer2 (HttpServer2.java:addGlobalFilter(975)) - Added global filter 'safety' (class=org.apache.hadoop.http.HttpServer2$QuotingInputFilter)
2019-10-29 16:04:17,838 [main] INFO  http.HttpServer2 (HttpServer2.java:addFilter(948)) - Added filter static_user_filter (class=org.apache.hadoop.http.lib.StaticUserWebFilter$StaticUserFilter) to context ozoneManager
2019-10-29 16:04:17,839 [main] INFO  http.HttpServer2 (HttpServer2.java:addFilter(958)) - Added filter static_user_filter (class=org.apache.hadoop.http.lib.StaticUserWebFilter$StaticUserFilter) to context static
2019-10-29 16:04:17,839 [main] INFO  http.HttpServer2 (HttpServer2.java:addFilter(958)) - Added filter static_user_filter (class=org.apache.hadoop.http.lib.StaticUserWebFilter$StaticUserFilter) to context logs
2019-10-29 16:04:17,842 [main] INFO  http.HttpServer2 (HttpServer2.java:bindListener(1191)) - Jetty bound to port 33507
2019-10-29 16:04:17,842 [main] INFO  server.Server (Server.java:doStart(351)) - jetty-9.3.25.v20180904, build timestamp: 2018-09-04T21:11:46Z, git hash: 3ce520221d0240229c862b122d2b06c12a625732
2019-10-29 16:04:17,846 [main] INFO  handler.ContextHandler (ContextHandler.java:doStart(781)) - Started o.e.j.s.ServletContextHandler@2eb79cbe{/logs,file:///workdir/hadoop-ozone/integration-test/target/log,AVAILABLE}
2019-10-29 16:04:17,846 [main] INFO  handler.ContextHandler (ContextHandler.java:doStart(781)) - Started o.e.j.s.ServletContextHandler@43826ec{/static,file:///workdir/hadoop-ozone/integration-test/target/test-classes/webapps/static,AVAILABLE}
2019-10-29 16:04:17,854 [main] INFO  handler.ContextHandler (ContextHandler.java:doStart(781)) - Started o.e.j.w.WebAppContext@6fca2a8f{/,file:///workdir/hadoop-ozone/integration-test/target/test-classes/webapps/ozoneManager/,AVAILABLE}{/ozoneManager}
2019-10-29 16:04:17,856 [main] INFO  server.AbstractConnector (AbstractConnector.java:doStart(278)) - Started ServerConnector@31fc71ab{HTTP/1.1,[http/1.1]}{0.0.0.0:33507}
2019-10-29 16:04:17,856 [main] INFO  server.Server (Server.java:doStart(419)) - Started @4212ms
2019-10-29 16:04:17,857 [main] WARN  impl.MetricsSystemImpl (MetricsSystemImpl.java:register(276)) - Sink prometheus already exists!
2019-10-29 16:04:17,858 [main] INFO  server.BaseHttpServer (BaseHttpServer.java:updateConnectorAddress(215)) - HTTP server of OZONEMANAGER is listening at http://0.0.0.0:33507
2019-10-29 16:04:18,147 [main] INFO  impl.MetricsSystemImpl (MetricsSystemImpl.java:init(158)) - HddsDatanode metrics system started (again)
2019-10-29 16:04:18,192 [main] INFO  ozone.HddsDatanodeService (HddsDatanodeService.java:start(184)) - HddsDatanodeService host:pr-hdds-2034-76npd-2451761435 ip:192.168.164.217
2019-10-29 16:04:18,222 [main] INFO  volume.HddsVolume (HddsVolume.java:<init>(176)) - Creating Volume: /workdir/hadoop-ozone/integration-test/target/test-dir/MiniOzoneClusterImpl-1caf861a-5b79-471e-86df-1b3013642f58/datanode-0/data/containers/hdds of  storage type : DISK and capacity : 1482555576320
2019-10-29 16:04:18,224 [main] INFO  volume.VolumeSet (VolumeSet.java:initializeVolumeSet(170)) - Added Volume : /workdir/hadoop-ozone/integration-test/target/test-dir/MiniOzoneClusterImpl-1caf861a-5b79-471e-86df-1b3013642f58/datanode-0/data/containers/hdds to VolumeSet
2019-10-29 16:04:18,227 [main] INFO  volume.ThrottledAsyncChecker (ThrottledAsyncChecker.java:schedule(141)) - Scheduling a check for /workdir/hadoop-ozone/integration-test/target/test-dir/MiniOzoneClusterImpl-1caf861a-5b79-471e-86df-1b3013642f58/datanode-0/data/containers/hdds
2019-10-29 16:04:18,242 [main] INFO  volume.HddsVolumeChecker (HddsVolumeChecker.java:checkAllVolumes(204)) - Scheduled health check for volume /workdir/hadoop-ozone/integration-test/target/test-dir/MiniOzoneClusterImpl-1caf861a-5b79-471e-86df-1b3013642f58/datanode-0/data/containers/hdds
2019-10-29 16:04:18,365 [main] INFO  impl.RaftServerProxy (ConfUtils.java:logGet(43)) - raft.rpc.type = GRPC (default)
2019-10-29 16:04:18,429 [main] INFO  grpc.GrpcFactory (GrpcFactory.java:checkPooledByteBufAllocatorUseCacheForAllThreads(45)) - PERFORMANCE WARNING: useCacheForAllThreads is true that may cause Netty to create a lot garbage objects and, as a result, trigger GC.
	It is recommended to disable useCacheForAllThreads by setting -Dorg.apache.ratis.thirdparty.io.netty.allocator.useCacheForAllThreads=false in command line.
2019-10-29 16:04:18,434 [main] INFO  grpc.GrpcConfigKeys$Server (ConfUtils.java:logGet(43)) - raft.grpc.server.port = 0 (default)
2019-10-29 16:04:18,435 [main] INFO  server.GrpcService (ConfUtils.java:logGet(43)) - raft.grpc.message.size.max = 33570816 (custom)
2019-10-29 16:04:18,437 [main] INFO  server.RaftServerConfigKeys (ConfUtils.java:logGet(43)) - raft.server.log.appender.buffer.byte-limit = 33554432 (custom)
2019-10-29 16:04:18,437 [main] INFO  server.GrpcService (ConfUtils.java:logGet(43)) - raft.grpc.flow.control.window = 1MB (=1048576) (default)
2019-10-29 16:04:18,438 [main] INFO  server.RaftServerConfigKeys (ConfUtils.java:logGet(43)) - raft.server.rpc.request.timeout = 3000ms (default)
2019-10-29 16:04:18,586 [main] INFO  server.RaftServerConfigKeys (ConfUtils.java:logGet(43)) - raft.server.storage.dir = [/workdir/hadoop-ozone/integration-test/target/test-dir/MiniOzoneClusterImpl-1caf861a-5b79-471e-86df-1b3013642f58/datanode-0/data/ratis] (custom)
2019-10-29 16:04:18,637 [main] INFO  hdfs.DFSUtil (DFSUtil.java:httpServerTemplateForNNAndJN(1641)) - Starting Web-server for hddsDatanode at: http://0.0.0.0:0
2019-10-29 16:04:18,639 [main] INFO  server.AuthenticationFilter (AuthenticationFilter.java:constructSecretProvider(240)) - Unable to initialize FileSignerSecretProvider, falling back to use random secrets.
2019-10-29 16:04:18,640 [main] WARN  http.HttpRequestLog (HttpRequestLog.java:getRequestLog(97)) - Jetty request log can only be enabled using Log4j
2019-10-29 16:04:18,643 [main] INFO  http.HttpServer2 (HttpServer2.java:addGlobalFilter(975)) - Added global filter 'safety' (class=org.apache.hadoop.http.HttpServer2$QuotingInputFilter)
2019-10-29 16:04:18,644 [main] INFO  http.HttpServer2 (HttpServer2.java:addFilter(948)) - Added filter static_user_filter (class=org.apache.hadoop.http.lib.StaticUserWebFilter$StaticUserFilter) to context hddsDatanode
2019-10-29 16:04:18,644 [main] INFO  http.HttpServer2 (HttpServer2.java:addFilter(958)) - Added filter static_user_filter (class=org.apache.hadoop.http.lib.StaticUserWebFilter$StaticUserFilter) to context logs
2019-10-29 16:04:18,644 [main] INFO  http.HttpServer2 (HttpServer2.java:addFilter(958)) - Added filter static_user_filter (class=org.apache.hadoop.http.lib.StaticUserWebFilter$StaticUserFilter) to context static
2019-10-29 16:04:18,646 [main] INFO  http.HttpServer2 (HttpServer2.java:bindListener(1191)) - Jetty bound to port 40516
2019-10-29 16:04:18,646 [main] INFO  server.Server (Server.java:doStart(351)) - jetty-9.3.25.v20180904, build timestamp: 2018-09-04T21:11:46Z, git hash: 3ce520221d0240229c862b122d2b06c12a625732
2019-10-29 16:04:18,649 [main] INFO  handler.ContextHandler (ContextHandler.java:doStart(781)) - Started o.e.j.s.ServletContextHandler@472a11ae{/logs,file:///workdir/hadoop-ozone/integration-test/target/log,AVAILABLE}
2019-10-29 16:04:18,649 [main] INFO  handler.ContextHandler (ContextHandler.java:doStart(781)) - Started o.e.j.s.ServletContextHandler@30e9ca13{/static,jar:file:/home/user/.m2/repository/org/apache/hadoop/hadoop-hdds-container-service/0.5.0-SNAPSHOT/hadoop-hdds-container-service-0.5.0-SNAPSHOT.jar!/webapps/static,AVAILABLE}
2019-10-29 16:04:18,689 [main] INFO  handler.ContextHandler (ContextHandler.java:doStart(781)) - Started o.e.j.w.WebAppContext@78e22d35{/,file:///tmp/jetty-0.0.0.0-40516-hddsDatanode-_-any-6337092428093162425.dir/webapp/,AVAILABLE}{/hddsDatanode}
2019-10-29 16:04:18,690 [main] INFO  server.AbstractConnector (AbstractConnector.java:doStart(278)) - Started ServerConnector@2e8a1ab4{HTTP/1.1,[http/1.1]}{0.0.0.0:40516}
2019-10-29 16:04:18,691 [main] INFO  server.Server (Server.java:doStart(419)) - Started @5046ms
2019-10-29 16:04:18,691 [main] WARN  impl.MetricsSystemImpl (MetricsSystemImpl.java:register(276)) - Sink prometheus already exists!
2019-10-29 16:04:18,693 [main] INFO  server.BaseHttpServer (BaseHttpServer.java:updateConnectorAddress(215)) - HTTP server of HDDSDATANODE is listening at http://0.0.0.0:40516
2019-10-29 16:04:18,695 [main] INFO  impl.MetricsSystemImpl (MetricsSystemImpl.java:init(158)) - HddsDatanode metrics system started (again)
2019-10-29 16:04:18,699 [main] INFO  ozone.HddsDatanodeService (HddsDatanodeService.java:start(184)) - HddsDatanodeService host:pr-hdds-2034-76npd-2451761435 ip:192.168.164.217
2019-10-29 16:04:18,700 [org.apache.hadoop.util.JvmPauseMonitor$Monitor@294a7ccc] INFO  util.JvmPauseMonitor (JvmPauseMonitor.java:run(188)) - Starting JVM pause monitor
2019-10-29 16:04:18,710 [main] INFO  volume.HddsVolume (HddsVolume.java:<init>(176)) - Creating Volume: /workdir/hadoop-ozone/integration-test/target/test-dir/MiniOzoneClusterImpl-1caf861a-5b79-471e-86df-1b3013642f58/datanode-1/data/containers/hdds of  storage type : DISK and capacity : 1482555576320
2019-10-29 16:04:18,711 [main] INFO  volume.VolumeSet (VolumeSet.java:initializeVolumeSet(170)) - Added Volume : /workdir/hadoop-ozone/integration-test/target/test-dir/MiniOzoneClusterImpl-1caf861a-5b79-471e-86df-1b3013642f58/datanode-1/data/containers/hdds to VolumeSet
2019-10-29 16:04:18,711 [main] INFO  volume.ThrottledAsyncChecker (ThrottledAsyncChecker.java:schedule(141)) - Scheduling a check for /workdir/hadoop-ozone/integration-test/target/test-dir/MiniOzoneClusterImpl-1caf861a-5b79-471e-86df-1b3013642f58/datanode-1/data/containers/hdds
2019-10-29 16:04:18,713 [main] INFO  volume.HddsVolumeChecker (HddsVolumeChecker.java:checkAllVolumes(204)) - Scheduled health check for volume /workdir/hadoop-ozone/integration-test/target/test-dir/MiniOzoneClusterImpl-1caf861a-5b79-471e-86df-1b3013642f58/datanode-1/data/containers/hdds
2019-10-29 16:04:18,737 [main] INFO  impl.RaftServerProxy (ConfUtils.java:logGet(43)) - raft.rpc.type = GRPC (default)
2019-10-29 16:04:18,737 [main] INFO  grpc.GrpcFactory (GrpcFactory.java:checkPooledByteBufAllocatorUseCacheForAllThreads(45)) - PERFORMANCE WARNING: useCacheForAllThreads is true that may cause Netty to create a lot garbage objects and, as a result, trigger GC.
	It is recommended to disable useCacheForAllThreads by setting -Dorg.apache.ratis.thirdparty.io.netty.allocator.useCacheForAllThreads=false in command line.
2019-10-29 16:04:18,738 [main] INFO  grpc.GrpcConfigKeys$Server (ConfUtils.java:logGet(43)) - raft.grpc.server.port = 0 (default)
2019-10-29 16:04:18,738 [main] INFO  server.GrpcService (ConfUtils.java:logGet(43)) - raft.grpc.message.size.max = 33570816 (custom)
2019-10-29 16:04:18,738 [main] INFO  server.RaftServerConfigKeys (ConfUtils.java:logGet(43)) - raft.server.log.appender.buffer.byte-limit = 33554432 (custom)
2019-10-29 16:04:18,739 [main] INFO  server.GrpcService (ConfUtils.java:logGet(43)) - raft.grpc.flow.control.window = 1MB (=1048576) (default)
2019-10-29 16:04:18,739 [main] INFO  server.RaftServerConfigKeys (ConfUtils.java:logGet(43)) - raft.server.rpc.request.timeout = 3000ms (default)
2019-10-29 16:04:18,740 [main] INFO  server.RaftServerConfigKeys (ConfUtils.java:logGet(43)) - raft.server.storage.dir = [/workdir/hadoop-ozone/integration-test/target/test-dir/MiniOzoneClusterImpl-1caf861a-5b79-471e-86df-1b3013642f58/datanode-1/data/ratis] (custom)
2019-10-29 16:04:18,742 [main] INFO  hdfs.DFSUtil (DFSUtil.java:httpServerTemplateForNNAndJN(1641)) - Starting Web-server for hddsDatanode at: http://0.0.0.0:0
2019-10-29 16:04:18,744 [main] INFO  server.AuthenticationFilter (AuthenticationFilter.java:constructSecretProvider(240)) - Unable to initialize FileSignerSecretProvider, falling back to use random secrets.
2019-10-29 16:04:18,744 [main] WARN  http.HttpRequestLog (HttpRequestLog.java:getRequestLog(97)) - Jetty request log can only be enabled using Log4j
2019-10-29 16:04:18,746 [main] INFO  http.HttpServer2 (HttpServer2.java:addGlobalFilter(975)) - Added global filter 'safety' (class=org.apache.hadoop.http.HttpServer2$QuotingInputFilter)
2019-10-29 16:04:18,747 [main] INFO  http.HttpServer2 (HttpServer2.java:addFilter(948)) - Added filter static_user_filter (class=org.apache.hadoop.http.lib.StaticUserWebFilter$StaticUserFilter) to context hddsDatanode
2019-10-29 16:04:18,747 [main] INFO  http.HttpServer2 (HttpServer2.java:addFilter(958)) - Added filter static_user_filter (class=org.apache.hadoop.http.lib.StaticUserWebFilter$StaticUserFilter) to context static
2019-10-29 16:04:18,747 [main] INFO  http.HttpServer2 (HttpServer2.java:addFilter(958)) - Added filter static_user_filter (class=org.apache.hadoop.http.lib.StaticUserWebFilter$StaticUserFilter) to context logs
2019-10-29 16:04:18,748 [main] INFO  http.HttpServer2 (HttpServer2.java:bindListener(1191)) - Jetty bound to port 46826
2019-10-29 16:04:18,748 [main] INFO  server.Server (Server.java:doStart(351)) - jetty-9.3.25.v20180904, build timestamp: 2018-09-04T21:11:46Z, git hash: 3ce520221d0240229c862b122d2b06c12a625732
2019-10-29 16:04:18,752 [main] INFO  handler.ContextHandler (ContextHandler.java:doStart(781)) - Started o.e.j.s.ServletContextHandler@71904469{/logs,file:///workdir/hadoop-ozone/integration-test/target/log,AVAILABLE}
2019-10-29 16:04:18,752 [main] INFO  handler.ContextHandler (ContextHandler.java:doStart(781)) - Started o.e.j.s.ServletContextHandler@761e788f{/static,jar:file:/home/user/.m2/repository/org/apache/hadoop/hadoop-hdds-container-service/0.5.0-SNAPSHOT/hadoop-hdds-container-service-0.5.0-SNAPSHOT.jar!/webapps/static,AVAILABLE}
2019-10-29 16:04:18,784 [main] INFO  handler.ContextHandler (ContextHandler.java:doStart(781)) - Started o.e.j.w.WebAppContext@48d293ee{/,file:///tmp/jetty-0.0.0.0-46826-hddsDatanode-_-any-8691387006639268469.dir/webapp/,AVAILABLE}{/hddsDatanode}
2019-10-29 16:04:18,785 [main] INFO  server.AbstractConnector (AbstractConnector.java:doStart(278)) - Started ServerConnector@146dcfe6{HTTP/1.1,[http/1.1]}{0.0.0.0:46826}
2019-10-29 16:04:18,785 [main] INFO  server.Server (Server.java:doStart(419)) - Started @5140ms
2019-10-29 16:04:18,786 [main] WARN  impl.MetricsSystemImpl (MetricsSystemImpl.java:register(276)) - Sink prometheus already exists!
2019-10-29 16:04:18,787 [main] INFO  server.BaseHttpServer (BaseHttpServer.java:updateConnectorAddress(215)) - HTTP server of HDDSDATANODE is listening at http://0.0.0.0:46826
2019-10-29 16:04:18,788 [main] INFO  impl.MetricsSystemImpl (MetricsSystemImpl.java:init(158)) - HddsDatanode metrics system started (again)
2019-10-29 16:04:18,791 [org.apache.hadoop.util.JvmPauseMonitor$Monitor@2e32dc0c] INFO  util.JvmPauseMonitor (JvmPauseMonitor.java:run(188)) - Starting JVM pause monitor
2019-10-29 16:04:18,793 [main] INFO  ozone.HddsDatanodeService (HddsDatanodeService.java:start(184)) - HddsDatanodeService host:pr-hdds-2034-76npd-2451761435 ip:192.168.164.217
2019-10-29 16:04:18,802 [main] INFO  volume.HddsVolume (HddsVolume.java:<init>(176)) - Creating Volume: /workdir/hadoop-ozone/integration-test/target/test-dir/MiniOzoneClusterImpl-1caf861a-5b79-471e-86df-1b3013642f58/datanode-2/data/containers/hdds of  storage type : DISK and capacity : 1482555576320
2019-10-29 16:04:18,803 [main] INFO  volume.VolumeSet (VolumeSet.java:initializeVolumeSet(170)) - Added Volume : /workdir/hadoop-ozone/integration-test/target/test-dir/MiniOzoneClusterImpl-1caf861a-5b79-471e-86df-1b3013642f58/datanode-2/data/containers/hdds to VolumeSet
2019-10-29 16:04:18,803 [main] INFO  volume.ThrottledAsyncChecker (ThrottledAsyncChecker.java:schedule(141)) - Scheduling a check for /workdir/hadoop-ozone/integration-test/target/test-dir/MiniOzoneClusterImpl-1caf861a-5b79-471e-86df-1b3013642f58/datanode-2/data/containers/hdds
2019-10-29 16:04:18,804 [main] INFO  volume.HddsVolumeChecker (HddsVolumeChecker.java:checkAllVolumes(204)) - Scheduled health check for volume /workdir/hadoop-ozone/integration-test/target/test-dir/MiniOzoneClusterImpl-1caf861a-5b79-471e-86df-1b3013642f58/datanode-2/data/containers/hdds
2019-10-29 16:04:18,824 [main] INFO  impl.RaftServerProxy (ConfUtils.java:logGet(43)) - raft.rpc.type = GRPC (default)
2019-10-29 16:04:18,824 [Datanode State Machine Thread - 0] INFO  datanode.InitDatanodeState (InitDatanodeState.java:persistContainerDatanodeDetails(140)) - DatanodeDetails is persisted to /workdir/hadoop-ozone/integration-test/target/test-dir/MiniOzoneClusterImpl-1caf861a-5b79-471e-86df-1b3013642f58/datanode-0/meta/datanode.id
2019-10-29 16:04:18,824 [main] INFO  grpc.GrpcFactory (GrpcFactory.java:checkPooledByteBufAllocatorUseCacheForAllThreads(45)) - PERFORMANCE WARNING: useCacheForAllThreads is true that may cause Netty to create a lot garbage objects and, as a result, trigger GC.
	It is recommended to disable useCacheForAllThreads by setting -Dorg.apache.ratis.thirdparty.io.netty.allocator.useCacheForAllThreads=false in command line.
2019-10-29 16:04:18,828 [main] INFO  grpc.GrpcConfigKeys$Server (ConfUtils.java:logGet(43)) - raft.grpc.server.port = 0 (default)
2019-10-29 16:04:18,828 [main] INFO  server.GrpcService (ConfUtils.java:logGet(43)) - raft.grpc.message.size.max = 33570816 (custom)
2019-10-29 16:04:18,828 [main] INFO  server.RaftServerConfigKeys (ConfUtils.java:logGet(43)) - raft.server.log.appender.buffer.byte-limit = 33554432 (custom)
2019-10-29 16:04:18,828 [Datanode State Machine Thread - 0] INFO  datanode.InitDatanodeState (InitDatanodeState.java:persistContainerDatanodeDetails(140)) - DatanodeDetails is persisted to /workdir/hadoop-ozone/integration-test/target/test-dir/MiniOzoneClusterImpl-1caf861a-5b79-471e-86df-1b3013642f58/datanode-1/meta/datanode.id
2019-10-29 16:04:18,829 [main] INFO  server.GrpcService (ConfUtils.java:logGet(43)) - raft.grpc.flow.control.window = 1MB (=1048576) (default)
2019-10-29 16:04:18,829 [main] INFO  server.RaftServerConfigKeys (ConfUtils.java:logGet(43)) - raft.server.rpc.request.timeout = 3000ms (default)
2019-10-29 16:04:18,830 [main] INFO  server.RaftServerConfigKeys (ConfUtils.java:logGet(43)) - raft.server.storage.dir = [/workdir/hadoop-ozone/integration-test/target/test-dir/MiniOzoneClusterImpl-1caf861a-5b79-471e-86df-1b3013642f58/datanode-2/data/ratis] (custom)
2019-10-29 16:04:18,833 [main] INFO  hdfs.DFSUtil (DFSUtil.java:httpServerTemplateForNNAndJN(1641)) - Starting Web-server for hddsDatanode at: http://0.0.0.0:0
2019-10-29 16:04:18,835 [main] INFO  server.AuthenticationFilter (AuthenticationFilter.java:constructSecretProvider(240)) - Unable to initialize FileSignerSecretProvider, falling back to use random secrets.
2019-10-29 16:04:18,835 [main] WARN  http.HttpRequestLog (HttpRequestLog.java:getRequestLog(97)) - Jetty request log can only be enabled using Log4j
2019-10-29 16:04:18,837 [main] INFO  http.HttpServer2 (HttpServer2.java:addGlobalFilter(975)) - Added global filter 'safety' (class=org.apache.hadoop.http.HttpServer2$QuotingInputFilter)
2019-10-29 16:04:18,838 [main] INFO  http.HttpServer2 (HttpServer2.java:addFilter(948)) - Added filter static_user_filter (class=org.apache.hadoop.http.lib.StaticUserWebFilter$StaticUserFilter) to context hddsDatanode
2019-10-29 16:04:18,838 [main] INFO  http.HttpServer2 (HttpServer2.java:addFilter(958)) - Added filter static_user_filter (class=org.apache.hadoop.http.lib.StaticUserWebFilter$StaticUserFilter) to context logs
2019-10-29 16:04:18,839 [main] INFO  http.HttpServer2 (HttpServer2.java:addFilter(958)) - Added filter static_user_filter (class=org.apache.hadoop.http.lib.StaticUserWebFilter$StaticUserFilter) to context static
2019-10-29 16:04:18,840 [main] INFO  http.HttpServer2 (HttpServer2.java:bindListener(1191)) - Jetty bound to port 41050
2019-10-29 16:04:18,840 [main] INFO  server.Server (Server.java:doStart(351)) - jetty-9.3.25.v20180904, build timestamp: 2018-09-04T21:11:46Z, git hash: 3ce520221d0240229c862b122d2b06c12a625732
2019-10-29 16:04:18,842 [main] INFO  handler.ContextHandler (ContextHandler.java:doStart(781)) - Started o.e.j.s.ServletContextHandler@262816a8{/logs,file:///workdir/hadoop-ozone/integration-test/target/log,AVAILABLE}
2019-10-29 16:04:18,843 [main] INFO  handler.ContextHandler (ContextHandler.java:doStart(781)) - Started o.e.j.s.ServletContextHandler@46c269e0{/static,jar:file:/home/user/.m2/repository/org/apache/hadoop/hadoop-hdds-container-service/0.5.0-SNAPSHOT/hadoop-hdds-container-service-0.5.0-SNAPSHOT.jar!/webapps/static,AVAILABLE}
2019-10-29 16:04:18,882 [main] INFO  handler.ContextHandler (ContextHandler.java:doStart(781)) - Started o.e.j.w.WebAppContext@65b97f47{/,file:///tmp/jetty-0.0.0.0-41050-hddsDatanode-_-any-3433123932005857349.dir/webapp/,AVAILABLE}{/hddsDatanode}
2019-10-29 16:04:18,883 [main] INFO  server.AbstractConnector (AbstractConnector.java:doStart(278)) - Started ServerConnector@255eaa6b{HTTP/1.1,[http/1.1]}{0.0.0.0:41050}
2019-10-29 16:04:18,884 [main] INFO  server.Server (Server.java:doStart(419)) - Started @5239ms
2019-10-29 16:04:18,884 [main] WARN  impl.MetricsSystemImpl (MetricsSystemImpl.java:register(276)) - Sink prometheus already exists!
2019-10-29 16:04:18,885 [main] INFO  server.BaseHttpServer (BaseHttpServer.java:updateConnectorAddress(215)) - HTTP server of HDDSDATANODE is listening at http://0.0.0.0:41050
2019-10-29 16:04:18,887 [main] INFO  ozone.MiniOzoneClusterImpl (MiniOzoneClusterImpl.java:lambda$waitForClusterToBeReady$0(149)) - Waiting for nodes to be ready. Got 0 of 3 DN Heartbeats.
2019-10-29 16:04:18,887 [main] INFO  ozone.MiniOzoneClusterImpl (MiniOzoneClusterImpl.java:lambda$waitForClusterToBeReady$0(152)) - Waiting for cluster to exit safe mode
2019-10-29 16:04:18,888 [org.apache.hadoop.util.JvmPauseMonitor$Monitor@f6f0cd7] INFO  util.JvmPauseMonitor (JvmPauseMonitor.java:run(188)) - Starting JVM pause monitor
2019-10-29 16:04:18,892 [Datanode State Machine Thread - 0] INFO  datanode.InitDatanodeState (InitDatanodeState.java:persistContainerDatanodeDetails(140)) - DatanodeDetails is persisted to /workdir/hadoop-ozone/integration-test/target/test-dir/MiniOzoneClusterImpl-1caf861a-5b79-471e-86df-1b3013642f58/datanode-2/meta/datanode.id
2019-10-29 16:04:19,887 [main] INFO  ozone.MiniOzoneClusterImpl (MiniOzoneClusterImpl.java:lambda$waitForClusterToBeReady$0(149)) - Waiting for nodes to be ready. Got 0 of 3 DN Heartbeats.
2019-10-29 16:04:19,888 [main] INFO  ozone.MiniOzoneClusterImpl (MiniOzoneClusterImpl.java:lambda$waitForClusterToBeReady$0(152)) - Waiting for cluster to exit safe mode
2019-10-29 16:04:20,786 [Datanode State Machine Thread - 0] INFO  ozoneimpl.OzoneContainer (OzoneContainer.java:start(213)) - Attempting to start container services.
2019-10-29 16:04:20,789 [Datanode State Machine Thread - 0] INFO  ozoneimpl.OzoneContainer (OzoneContainer.java:startContainerScrub(177)) - Background container scanner has been disabled.
2019-10-29 16:04:20,790 [Datanode State Machine Thread - 0] INFO  ratis.XceiverServerRatis (XceiverServerRatis.java:start(419)) - Starting XceiverServerRatis 51ff0cab-3f07-4fdc-be2e-0b88d9ae56d8 at port 0
2019-10-29 16:04:20,808 [Datanode State Machine Thread - 0] INFO  ozoneimpl.OzoneContainer (OzoneContainer.java:start(213)) - Attempting to start container services.
2019-10-29 16:04:20,816 [Datanode State Machine Thread - 0] INFO  ozoneimpl.OzoneContainer (OzoneContainer.java:startContainerScrub(177)) - Background container scanner has been disabled.
2019-10-29 16:04:20,816 [Datanode State Machine Thread - 0] INFO  ratis.XceiverServerRatis (XceiverServerRatis.java:start(419)) - Starting XceiverServerRatis 493bcf3e-18c5-4e2d-b119-bb4d9c9f7637 at port 0
2019-10-29 16:04:20,826 [Datanode State Machine Thread - 0] INFO  impl.RaftServerProxy (RaftServerProxy.java:lambda$start$3(299)) - 51ff0cab-3f07-4fdc-be2e-0b88d9ae56d8: start RPC server
2019-10-29 16:04:20,831 [Datanode State Machine Thread - 0] INFO  impl.RaftServerProxy (RaftServerProxy.java:lambda$start$3(299)) - 493bcf3e-18c5-4e2d-b119-bb4d9c9f7637: start RPC server
2019-10-29 16:04:20,888 [main] INFO  ozone.MiniOzoneClusterImpl (MiniOzoneClusterImpl.java:lambda$waitForClusterToBeReady$0(149)) - Waiting for nodes to be ready. Got 0 of 3 DN Heartbeats.
2019-10-29 16:04:20,889 [main] INFO  ozone.MiniOzoneClusterImpl (MiniOzoneClusterImpl.java:lambda$waitForClusterToBeReady$0(152)) - Waiting for cluster to exit safe mode
2019-10-29 16:04:20,905 [Datanode State Machine Thread - 0] INFO  ozoneimpl.OzoneContainer (OzoneContainer.java:start(213)) - Attempting to start container services.
2019-10-29 16:04:20,906 [Datanode State Machine Thread - 0] INFO  ozoneimpl.OzoneContainer (OzoneContainer.java:startContainerScrub(177)) - Background container scanner has been disabled.
2019-10-29 16:04:20,906 [Datanode State Machine Thread - 0] INFO  ratis.XceiverServerRatis (XceiverServerRatis.java:start(419)) - Starting XceiverServerRatis a34248b0-1a0e-489a-b66e-dead601c3bd5 at port 0
2019-10-29 16:04:20,917 [Datanode State Machine Thread - 0] INFO  impl.RaftServerProxy (RaftServerProxy.java:lambda$start$3(299)) - a34248b0-1a0e-489a-b66e-dead601c3bd5: start RPC server
2019-10-29 16:04:20,954 [Datanode State Machine Thread - 0] INFO  server.GrpcService (GrpcService.java:startImpl(158)) - a34248b0-1a0e-489a-b66e-dead601c3bd5: GrpcService started, listening on 0.0.0.0/0.0.0.0:43079
2019-10-29 16:04:20,954 [Datanode State Machine Thread - 0] INFO  server.GrpcService (GrpcService.java:startImpl(158)) - 493bcf3e-18c5-4e2d-b119-bb4d9c9f7637: GrpcService started, listening on 0.0.0.0/0.0.0.0:34451
2019-10-29 16:04:20,954 [Datanode State Machine Thread - 0] INFO  server.GrpcService (GrpcService.java:startImpl(158)) - 51ff0cab-3f07-4fdc-be2e-0b88d9ae56d8: GrpcService started, listening on 0.0.0.0/0.0.0.0:44021
2019-10-29 16:04:20,956 [Datanode State Machine Thread - 0] INFO  ratis.XceiverServerRatis (XceiverServerRatis.java:start(429)) - XceiverServerRatis 493bcf3e-18c5-4e2d-b119-bb4d9c9f7637 is started using port 34451
2019-10-29 16:04:20,955 [Datanode State Machine Thread - 0] INFO  ratis.XceiverServerRatis (XceiverServerRatis.java:start(429)) - XceiverServerRatis a34248b0-1a0e-489a-b66e-dead601c3bd5 is started using port 43079
2019-10-29 16:04:20,956 [Datanode State Machine Thread - 0] INFO  ratis.XceiverServerRatis (XceiverServerRatis.java:start(429)) - XceiverServerRatis 51ff0cab-3f07-4fdc-be2e-0b88d9ae56d8 is started using port 44021
2019-10-29 16:04:20,961 [Datanode State Machine Thread - 0] INFO  server.XceiverServerGrpc (XceiverServerGrpc.java:start(149)) - XceiverServerGrpc 51ff0cab-3f07-4fdc-be2e-0b88d9ae56d8 is started using port 44224
2019-10-29 16:04:20,961 [Datanode State Machine Thread - 0] INFO  server.XceiverServerGrpc (XceiverServerGrpc.java:start(149)) - XceiverServerGrpc a34248b0-1a0e-489a-b66e-dead601c3bd5 is started using port 41324
2019-10-29 16:04:20,961 [Datanode State Machine Thread - 0] INFO  server.XceiverServerGrpc (XceiverServerGrpc.java:start(149)) - XceiverServerGrpc 493bcf3e-18c5-4e2d-b119-bb4d9c9f7637 is started using port 38178
2019-10-29 16:04:21,889 [main] INFO  ozone.MiniOzoneClusterImpl (MiniOzoneClusterImpl.java:lambda$waitForClusterToBeReady$0(149)) - Waiting for nodes to be ready. Got 0 of 3 DN Heartbeats.
2019-10-29 16:04:21,889 [main] INFO  ozone.MiniOzoneClusterImpl (MiniOzoneClusterImpl.java:lambda$waitForClusterToBeReady$0(152)) - Waiting for cluster to exit safe mode
2019-10-29 16:04:22,742 [IPC Server handler 1 on 45880] INFO  net.NetworkTopology (NetworkTopologyImpl.java:add(111)) - Added a new node: /default-rack/51ff0cab-3f07-4fdc-be2e-0b88d9ae56d8
2019-10-29 16:04:22,743 [IPC Server handler 1 on 45880] INFO  node.SCMNodeManager (SCMNodeManager.java:register(267)) - Registered Data node : 51ff0cab-3f07-4fdc-be2e-0b88d9ae56d8{ip: 192.168.164.217, host: pr-hdds-2034-76npd-2451761435, networkLocation: /default-rack, certSerialId: null}
2019-10-29 16:04:22,745 [EventQueue-NodeRegistrationContainerReportForContainerSafeModeRule] INFO  safemode.SCMSafeModeManager (SCMSafeModeManager.java:validateSafeModeExitRules(176)) - ContainerSafeModeRule rule is successfully validated
2019-10-29 16:04:22,746 [EventQueue-NodeRegistrationContainerReportForDataNodeSafeModeRule] INFO  safemode.SCMSafeModeManager (DataNodeSafeModeRule.java:process(71)) - SCM in safe mode. 1 DataNodes registered, 1 required.
2019-10-29 16:04:22,746 [EventQueue-NodeRegistrationContainerReportForDataNodeSafeModeRule] INFO  safemode.SCMSafeModeManager (SCMSafeModeManager.java:validateSafeModeExitRules(176)) - DataNodeSafeModeRule rule is successfully validated
2019-10-29 16:04:22,750 [RatisPipelineUtilsThread] INFO  pipeline.RatisPipelineProvider (RatisPipelineProvider.java:lambda$create$4(163)) - Send pipeline:PipelineID=bbc8a677-c075-4454-b234-e880eed20b71 create command to datanode 51ff0cab-3f07-4fdc-be2e-0b88d9ae56d8
2019-10-29 16:04:22,794 [IPC Server handler 0 on 45880] INFO  net.NetworkTopology (NetworkTopologyImpl.java:add(111)) - Added a new node: /default-rack/493bcf3e-18c5-4e2d-b119-bb4d9c9f7637
2019-10-29 16:04:22,794 [IPC Server handler 0 on 45880] INFO  node.SCMNodeManager (SCMNodeManager.java:register(267)) - Registered Data node : 493bcf3e-18c5-4e2d-b119-bb4d9c9f7637{ip: 192.168.164.217, host: pr-hdds-2034-76npd-2451761435, networkLocation: /default-rack, certSerialId: null}
2019-10-29 16:04:22,795 [EventQueue-NodeRegistrationContainerReportForContainerSafeModeRule] INFO  safemode.SCMSafeModeManager (SCMSafeModeManager.java:validateSafeModeExitRules(176)) - ContainerSafeModeRule rule is successfully validated
2019-10-29 16:04:22,795 [EventQueue-NodeRegistrationContainerReportForDataNodeSafeModeRule] INFO  safemode.SCMSafeModeManager (SCMSafeModeManager.java:validateSafeModeExitRules(176)) - DataNodeSafeModeRule rule is successfully validated
2019-10-29 16:04:22,796 [RatisPipelineUtilsThread] INFO  pipeline.RatisPipelineProvider (RatisPipelineProvider.java:lambda$create$4(163)) - Send pipeline:PipelineID=554957f3-8669-4389-b5f5-d8574f06856e create command to datanode 493bcf3e-18c5-4e2d-b119-bb4d9c9f7637
2019-10-29 16:04:22,890 [main] INFO  ozone.MiniOzoneClusterImpl (MiniOzoneClusterImpl.java:lambda$waitForClusterToBeReady$0(149)) - Waiting for nodes to be ready. Got 2 of 3 DN Heartbeats.
2019-10-29 16:04:22,890 [main] INFO  ozone.MiniOzoneClusterImpl (MiniOzoneClusterImpl.java:lambda$waitForClusterToBeReady$0(152)) - Waiting for cluster to exit safe mode
2019-10-29 16:04:22,891 [IPC Server handler 2 on 45880] INFO  net.NetworkTopology (NetworkTopologyImpl.java:add(111)) - Added a new node: /default-rack/a34248b0-1a0e-489a-b66e-dead601c3bd5
2019-10-29 16:04:22,892 [IPC Server handler 2 on 45880] INFO  node.SCMNodeManager (SCMNodeManager.java:register(267)) - Registered Data node : a34248b0-1a0e-489a-b66e-dead601c3bd5{ip: 192.168.164.217, host: pr-hdds-2034-76npd-2451761435, networkLocation: /default-rack, certSerialId: null}
2019-10-29 16:04:22,892 [RatisPipelineUtilsThread] INFO  pipeline.RatisPipelineProvider (RatisPipelineProvider.java:lambda$create$4(163)) - Send pipeline:PipelineID=c304946e-959a-48d3-8d64-dd8f829a5952 create command to datanode a34248b0-1a0e-489a-b66e-dead601c3bd5
2019-10-29 16:04:22,892 [EventQueue-NodeRegistrationContainerReportForContainerSafeModeRule] INFO  safemode.SCMSafeModeManager (SCMSafeModeManager.java:validateSafeModeExitRules(176)) - ContainerSafeModeRule rule is successfully validated
2019-10-29 16:04:22,893 [EventQueue-NodeRegistrationContainerReportForDataNodeSafeModeRule] INFO  safemode.SCMSafeModeManager (SCMSafeModeManager.java:validateSafeModeExitRules(176)) - DataNodeSafeModeRule rule is successfully validated
2019-10-29 16:04:22,894 [RatisPipelineUtilsThread] INFO  pipeline.RatisPipelineProvider (RatisPipelineProvider.java:lambda$create$4(163)) - Send pipeline:PipelineID=b13717e5-6bef-4fc8-bdaa-e108e61d6979 create command to datanode 493bcf3e-18c5-4e2d-b119-bb4d9c9f7637
2019-10-29 16:04:22,894 [RatisPipelineUtilsThread] INFO  pipeline.RatisPipelineProvider (RatisPipelineProvider.java:lambda$create$4(163)) - Send pipeline:PipelineID=b13717e5-6bef-4fc8-bdaa-e108e61d6979 create command to datanode a34248b0-1a0e-489a-b66e-dead601c3bd5
2019-10-29 16:04:22,895 [RatisPipelineUtilsThread] INFO  pipeline.RatisPipelineProvider (RatisPipelineProvider.java:lambda$create$4(163)) - Send pipeline:PipelineID=b13717e5-6bef-4fc8-bdaa-e108e61d6979 create command to datanode 51ff0cab-3f07-4fdc-be2e-0b88d9ae56d8
2019-10-29 16:04:23,891 [main] INFO  ozone.MiniOzoneClusterImpl (MiniOzoneClusterImpl.java:lambda$waitForClusterToBeReady$0(149)) - Nodes are ready. Got 3 of 3 DN Heartbeats.
2019-10-29 16:04:23,891 [main] INFO  ozone.MiniOzoneClusterImpl (MiniOzoneClusterImpl.java:lambda$waitForClusterToBeReady$0(152)) - Waiting for cluster to exit safe mode
2019-10-29 16:04:24,892 [main] INFO  ozone.MiniOzoneClusterImpl (MiniOzoneClusterImpl.java:lambda$waitForClusterToBeReady$0(149)) - Nodes are ready. Got 3 of 3 DN Heartbeats.
2019-10-29 16:04:24,892 [main] INFO  ozone.MiniOzoneClusterImpl (MiniOzoneClusterImpl.java:lambda$waitForClusterToBeReady$0(152)) - Waiting for cluster to exit safe mode
2019-10-29 16:04:25,730 [Command processor thread] INFO  impl.RaftServerProxy (RaftServerProxy.java:addNew(89)) - 51ff0cab-3f07-4fdc-be2e-0b88d9ae56d8: addNew group-E880EED20B71:[51ff0cab-3f07-4fdc-be2e-0b88d9ae56d8:192.168.164.217:44021] returns group-E880EED20B71:java.util.concurrent.CompletableFuture@285f6b2e[Not completed]
2019-10-29 16:04:25,751 [pool-27-thread-1] INFO  impl.RaftServerImpl (RaftServerImpl.java:<init>(98)) - 51ff0cab-3f07-4fdc-be2e-0b88d9ae56d8: new RaftServerImpl for group-E880EED20B71:[51ff0cab-3f07-4fdc-be2e-0b88d9ae56d8:192.168.164.217:44021] with ContainerStateMachine:uninitialized
2019-10-29 16:04:25,754 [pool-27-thread-1] INFO  server.RaftServerConfigKeys (ConfUtils.java:logGet(43)) - raft.server.rpc.timeout.min = 5s (custom)
2019-10-29 16:04:25,754 [pool-27-thread-1] INFO  server.RaftServerConfigKeys (ConfUtils.java:logGet(43)) - raft.server.rpc.timeout.max = 5200ms (custom)
2019-10-29 16:04:25,755 [pool-27-thread-1] INFO  server.RaftServerConfigKeys (ConfUtils.java:logGet(43)) - raft.server.rpcslowness.timeout = 120s (custom)
2019-10-29 16:04:25,756 [pool-27-thread-1] INFO  server.RaftServerConfigKeys (ConfUtils.java:logGet(43)) - raft.server.sleep.deviation.threshold = 300 (default)
2019-10-29 16:04:25,757 [pool-27-thread-1] INFO  server.RaftServerConfigKeys (ConfUtils.java:logGet(43)) - raft.server.log.appender.install.snapshot.enabled = false (custom)
2019-10-29 16:04:25,766 [pool-27-thread-1] INFO  impl.RaftServerImpl (ServerState.java:<init>(103)) - 51ff0cab-3f07-4fdc-be2e-0b88d9ae56d8@group-E880EED20B71: ConfigurationManager, init=-1: [51ff0cab-3f07-4fdc-be2e-0b88d9ae56d8:192.168.164.217:44021], old=null, confs=<EMPTY_MAP>
2019-10-29 16:04:25,767 [pool-27-thread-1] INFO  server.RaftServerConfigKeys (ConfUtils.java:logGet(43)) - raft.server.storage.dir = [/workdir/hadoop-ozone/integration-test/target/test-dir/MiniOzoneClusterImpl-1caf861a-5b79-471e-86df-1b3013642f58/datanode-0/data/ratis] (custom)
2019-10-29 16:04:25,776 [pool-27-thread-1] INFO  server.RaftServerConfigKeys (ConfUtils.java:logGet(43)) - raft.server.log.corruption.policy = EXCEPTION (default)
2019-10-29 16:04:25,778 [pool-27-thread-1] INFO  storage.RaftStorageDirectory (RaftStorageDirectory.java:analyzeStorage(246)) - The storage directory /workdir/hadoop-ozone/integration-test/target/test-dir/MiniOzoneClusterImpl-1caf861a-5b79-471e-86df-1b3013642f58/datanode-0/data/ratis/bbc8a677-c075-4454-b234-e880eed20b71 does not exist. Creating ...
2019-10-29 16:04:25,792 [Command processor thread] INFO  impl.RaftServerProxy (RaftServerProxy.java:addNew(89)) - 493bcf3e-18c5-4e2d-b119-bb4d9c9f7637: addNew group-D8574F06856E:[493bcf3e-18c5-4e2d-b119-bb4d9c9f7637:192.168.164.217:34451] returns group-D8574F06856E:java.util.concurrent.CompletableFuture@96a575b[Not completed]
2019-10-29 16:04:25,798 [pool-27-thread-1] INFO  storage.RaftStorageDirectory (RaftStorageDirectory.java:tryLock(328)) - Lock on /workdir/hadoop-ozone/integration-test/target/test-dir/MiniOzoneClusterImpl-1caf861a-5b79-471e-86df-1b3013642f58/datanode-0/data/ratis/bbc8a677-c075-4454-b234-e880eed20b71/in_use.lock acquired by nodename 26032@pr-hdds-2034-76npd-2451761435
2019-10-29 16:04:25,817 [pool-37-thread-1] INFO  impl.RaftServerImpl (RaftServerImpl.java:<init>(98)) - 493bcf3e-18c5-4e2d-b119-bb4d9c9f7637: new RaftServerImpl for group-D8574F06856E:[493bcf3e-18c5-4e2d-b119-bb4d9c9f7637:192.168.164.217:34451] with ContainerStateMachine:uninitialized
2019-10-29 16:04:25,819 [pool-37-thread-1] INFO  server.RaftServerConfigKeys (ConfUtils.java:logGet(43)) - raft.server.rpc.timeout.min = 5s (custom)
2019-10-29 16:04:25,819 [pool-37-thread-1] INFO  server.RaftServerConfigKeys (ConfUtils.java:logGet(43)) - raft.server.rpc.timeout.max = 5200ms (custom)
2019-10-29 16:04:25,820 [pool-37-thread-1] INFO  server.RaftServerConfigKeys (ConfUtils.java:logGet(43)) - raft.server.rpcslowness.timeout = 120s (custom)
2019-10-29 16:04:25,820 [pool-37-thread-1] INFO  server.RaftServerConfigKeys (ConfUtils.java:logGet(43)) - raft.server.sleep.deviation.threshold = 300 (default)
2019-10-29 16:04:25,820 [pool-37-thread-1] INFO  server.RaftServerConfigKeys (ConfUtils.java:logGet(43)) - raft.server.log.appender.install.snapshot.enabled = false (custom)
2019-10-29 16:04:25,820 [pool-37-thread-1] INFO  impl.RaftServerImpl (ServerState.java:<init>(103)) - 493bcf3e-18c5-4e2d-b119-bb4d9c9f7637@group-D8574F06856E: ConfigurationManager, init=-1: [493bcf3e-18c5-4e2d-b119-bb4d9c9f7637:192.168.164.217:34451], old=null, confs=<EMPTY_MAP>
2019-10-29 16:04:25,820 [pool-37-thread-1] INFO  server.RaftServerConfigKeys (ConfUtils.java:logGet(43)) - raft.server.storage.dir = [/workdir/hadoop-ozone/integration-test/target/test-dir/MiniOzoneClusterImpl-1caf861a-5b79-471e-86df-1b3013642f58/datanode-1/data/ratis] (custom)
2019-10-29 16:04:25,821 [pool-37-thread-1] INFO  server.RaftServerConfigKeys (ConfUtils.java:logGet(43)) - raft.server.log.corruption.policy = EXCEPTION (default)
2019-10-29 16:04:25,821 [pool-37-thread-1] INFO  storage.RaftStorageDirectory (RaftStorageDirectory.java:analyzeStorage(246)) - The storage directory /workdir/hadoop-ozone/integration-test/target/test-dir/MiniOzoneClusterImpl-1caf861a-5b79-471e-86df-1b3013642f58/datanode-1/data/ratis/554957f3-8669-4389-b5f5-d8574f06856e does not exist. Creating ...
2019-10-29 16:04:25,833 [pool-37-thread-1] INFO  storage.RaftStorageDirectory (RaftStorageDirectory.java:tryLock(328)) - Lock on /workdir/hadoop-ozone/integration-test/target/test-dir/MiniOzoneClusterImpl-1caf861a-5b79-471e-86df-1b3013642f58/datanode-1/data/ratis/554957f3-8669-4389-b5f5-d8574f06856e/in_use.lock acquired by nodename 26032@pr-hdds-2034-76npd-2451761435
2019-10-29 16:04:25,833 [pool-27-thread-1] INFO  storage.RaftStorage (RaftStorage.java:format(84)) - Storage directory /workdir/hadoop-ozone/integration-test/target/test-dir/MiniOzoneClusterImpl-1caf861a-5b79-471e-86df-1b3013642f58/datanode-0/data/ratis/bbc8a677-c075-4454-b234-e880eed20b71 has been successfully formatted.
2019-10-29 16:04:25,836 [pool-27-thread-1] INFO  ratis.ContainerStateMachine (ContainerStateMachine.java:loadSnapshot(231)) - group-E880EED20B71: The snapshot info is null. Setting the last applied indexto:(t:0, i:~)
2019-10-29 16:04:25,837 [pool-27-thread-1] INFO  server.RaftServerConfigKeys (ConfUtils.java:logGet(43)) - raft.server.notification.no-leader.timeout = 120s (custom)
2019-10-29 16:04:25,839 [pool-27-thread-1] INFO  server.RaftServerConfigKeys (ConfUtils.java:logGet(43)) - raft.server.log.use.memory = false (default)
2019-10-29 16:04:25,845 [pool-27-thread-1] INFO  server.RaftServerConfigKeys (ConfUtils.java:logGet(43)) - raft.server.log.purge.gap = 1000000 (custom)
2019-10-29 16:04:25,846 [pool-27-thread-1] INFO  server.RaftServerConfigKeys (ConfUtils.java:logGet(43)) - raft.server.log.appender.buffer.byte-limit = 33554432 (custom)
2019-10-29 16:04:25,846 [pool-37-thread-1] INFO  storage.RaftStorage (RaftStorage.java:format(84)) - Storage directory /workdir/hadoop-ozone/integration-test/target/test-dir/MiniOzoneClusterImpl-1caf861a-5b79-471e-86df-1b3013642f58/datanode-1/data/ratis/554957f3-8669-4389-b5f5-d8574f06856e has been successfully formatted.
2019-10-29 16:04:25,848 [pool-37-thread-1] INFO  ratis.ContainerStateMachine (ContainerStateMachine.java:loadSnapshot(231)) - group-D8574F06856E: The snapshot info is null. Setting the last applied indexto:(t:0, i:~)
2019-10-29 16:04:25,849 [pool-37-thread-1] INFO  server.RaftServerConfigKeys (ConfUtils.java:logGet(43)) - raft.server.notification.no-leader.timeout = 120s (custom)
2019-10-29 16:04:25,849 [pool-37-thread-1] INFO  server.RaftServerConfigKeys (ConfUtils.java:logGet(43)) - raft.server.log.use.memory = false (default)
2019-10-29 16:04:25,849 [pool-27-thread-1] INFO  server.RaftServerConfigKeys (ConfUtils.java:logGet(43)) - raft.server.log.segment.size.max = 1048576 (custom)
2019-10-29 16:04:25,849 [pool-37-thread-1] INFO  server.RaftServerConfigKeys (ConfUtils.java:logGet(43)) - raft.server.log.purge.gap = 1000000 (custom)
2019-10-29 16:04:25,850 [pool-37-thread-1] INFO  server.RaftServerConfigKeys (ConfUtils.java:logGet(43)) - raft.server.log.appender.buffer.byte-limit = 33554432 (custom)
2019-10-29 16:04:25,850 [pool-37-thread-1] INFO  server.RaftServerConfigKeys (ConfUtils.java:logGet(43)) - raft.server.log.segment.size.max = 1048576 (custom)
2019-10-29 16:04:25,855 [pool-27-thread-1] INFO  metrics.MetricRegistries (MetricRegistriesLoader.java:load(64)) - Loaded MetricRegistries class org.apache.ratis.metrics.impl.MetricRegistriesImpl
2019-10-29 16:04:25,861 [pool-27-thread-1] WARN  impl.MetricRegistriesImpl (MetricRegistriesImpl.java:lambda$create$1(61)) - First MetricRegistry has been created without registering reporters. You may need to call MetricRegistries.global().addReportRegistration(...) before.
2019-10-29 16:04:25,861 [pool-37-thread-1] WARN  impl.MetricRegistriesImpl (MetricRegistriesImpl.java:lambda$create$1(61)) - First MetricRegistry has been created without registering reporters. You may need to call MetricRegistries.global().addReportRegistration(...) before.
2019-10-29 16:04:25,868 [pool-27-thread-1] INFO  server.RaftServerConfigKeys (ConfUtils.java:logGet(43)) - raft.server.log.segment.cache.num.max = 2 (custom)
2019-10-29 16:04:25,868 [pool-37-thread-1] INFO  server.RaftServerConfigKeys (ConfUtils.java:logGet(43)) - raft.server.log.segment.cache.num.max = 2 (custom)
2019-10-29 16:04:25,874 [pool-27-thread-1] INFO  segmented.SegmentedRaftLogWorker (SegmentedRaftLogWorker.java:<init>(173)) - new 51ff0cab-3f07-4fdc-be2e-0b88d9ae56d8@group-E880EED20B71-SegmentedRaftLogWorker for RaftStorage:Storage Directory /workdir/hadoop-ozone/integration-test/target/test-dir/MiniOzoneClusterImpl-1caf861a-5b79-471e-86df-1b3013642f58/datanode-0/data/ratis/bbc8a677-c075-4454-b234-e880eed20b71
2019-10-29 16:04:25,874 [pool-37-thread-1] INFO  segmented.SegmentedRaftLogWorker (SegmentedRaftLogWorker.java:<init>(173)) - new 493bcf3e-18c5-4e2d-b119-bb4d9c9f7637@group-D8574F06856E-SegmentedRaftLogWorker for RaftStorage:Storage Directory /workdir/hadoop-ozone/integration-test/target/test-dir/MiniOzoneClusterImpl-1caf861a-5b79-471e-86df-1b3013642f58/datanode-1/data/ratis/554957f3-8669-4389-b5f5-d8574f06856e
2019-10-29 16:04:25,875 [pool-27-thread-1] INFO  server.RaftServerConfigKeys (ConfUtils.java:logGet(43)) - raft.server.log.queue.byte-limit = 2147483647 (custom)
2019-10-29 16:04:25,875 [pool-37-thread-1] INFO  server.RaftServerConfigKeys (ConfUtils.java:logGet(43)) - raft.server.log.queue.byte-limit = 2147483647 (custom)
2019-10-29 16:04:25,875 [pool-27-thread-1] INFO  server.RaftServerConfigKeys (ConfUtils.java:logGet(43)) - raft.server.log.queue.element-limit = 1024 (custom)
2019-10-29 16:04:25,875 [pool-37-thread-1] INFO  server.RaftServerConfigKeys (ConfUtils.java:logGet(43)) - raft.server.log.queue.element-limit = 1024 (custom)
2019-10-29 16:04:25,877 [pool-27-thread-1] INFO  server.RaftServerConfigKeys (ConfUtils.java:logGet(43)) - raft.server.log.segment.size.max = 1048576 (custom)
2019-10-29 16:04:25,877 [pool-37-thread-1] INFO  server.RaftServerConfigKeys (ConfUtils.java:logGet(43)) - raft.server.log.segment.size.max = 1048576 (custom)
2019-10-29 16:04:25,877 [pool-27-thread-1] INFO  server.RaftServerConfigKeys (ConfUtils.java:logGet(43)) - raft.server.log.preallocated.size = 16384 (custom)
2019-10-29 16:04:25,878 [pool-37-thread-1] INFO  server.RaftServerConfigKeys (ConfUtils.java:logGet(43)) - raft.server.log.preallocated.size = 16384 (custom)
2019-10-29 16:04:25,878 [pool-27-thread-1] INFO  server.RaftServerConfigKeys (ConfUtils.java:logGet(43)) - raft.server.log.write.buffer.size = 33554432 (custom)
2019-10-29 16:04:25,878 [pool-37-thread-1] INFO  server.RaftServerConfigKeys (ConfUtils.java:logGet(43)) - raft.server.log.write.buffer.size = 33554432 (custom)
2019-10-29 16:04:25,878 [pool-27-thread-1] INFO  server.RaftServerConfigKeys (ConfUtils.java:logGet(43)) - raft.server.log.force.sync.num = 128 (default)
2019-10-29 16:04:25,879 [pool-37-thread-1] INFO  server.RaftServerConfigKeys (ConfUtils.java:logGet(43)) - raft.server.log.force.sync.num = 128 (default)
2019-10-29 16:04:25,880 [pool-27-thread-1] INFO  server.RaftServerConfigKeys (ConfUtils.java:logGet(43)) - raft.server.log.statemachine.data.sync = true (default)
2019-10-29 16:04:25,880 [pool-37-thread-1] INFO  server.RaftServerConfigKeys (ConfUtils.java:logGet(43)) - raft.server.log.statemachine.data.sync = true (default)
2019-10-29 16:04:25,880 [pool-27-thread-1] INFO  server.RaftServerConfigKeys (ConfUtils.java:logGet(43)) - raft.server.log.statemachine.data.sync.timeout = 10s (default)
2019-10-29 16:04:25,880 [pool-37-thread-1] INFO  server.RaftServerConfigKeys (ConfUtils.java:logGet(43)) - raft.server.log.statemachine.data.sync.timeout = 10s (default)
2019-10-29 16:04:25,881 [pool-27-thread-1] INFO  server.RaftServerConfigKeys (ConfUtils.java:logGet(43)) - raft.server.log.statemachine.data.sync.timeout.retry = -1 (default)
2019-10-29 16:04:25,881 [pool-37-thread-1] INFO  server.RaftServerConfigKeys (ConfUtils.java:logGet(43)) - raft.server.log.statemachine.data.sync.timeout.retry = -1 (default)
2019-10-29 16:04:25,890 [Command processor thread] INFO  impl.RaftServerProxy (RaftServerProxy.java:addNew(89)) - a34248b0-1a0e-489a-b66e-dead601c3bd5: addNew group-DD8F829A5952:[a34248b0-1a0e-489a-b66e-dead601c3bd5:192.168.164.217:43079] returns group-DD8F829A5952:java.util.concurrent.CompletableFuture@4a7411ff[Not completed]
2019-10-29 16:04:25,894 [main] INFO  ozone.MiniOzoneClusterImpl (MiniOzoneClusterImpl.java:lambda$waitForClusterToBeReady$0(149)) - Nodes are ready. Got 3 of 3 DN Heartbeats.
2019-10-29 16:04:25,902 [main] INFO  ozone.MiniOzoneClusterImpl (MiniOzoneClusterImpl.java:lambda$waitForClusterToBeReady$0(152)) - Waiting for cluster to exit safe mode
2019-10-29 16:04:25,902 [pool-27-thread-1] INFO  server.RaftServerConfigKeys (ConfUtils.java:logGet(43)) - raft.server.log.statemachine.data.caching.enabled = true (custom)
2019-10-29 16:04:25,902 [pool-37-thread-1] INFO  server.RaftServerConfigKeys (ConfUtils.java:logGet(43)) - raft.server.log.statemachine.data.caching.enabled = true (custom)
2019-10-29 16:04:25,903 [pool-47-thread-1] INFO  impl.RaftServerImpl (RaftServerImpl.java:<init>(98)) - a34248b0-1a0e-489a-b66e-dead601c3bd5: new RaftServerImpl for group-DD8F829A5952:[a34248b0-1a0e-489a-b66e-dead601c3bd5:192.168.164.217:43079] with ContainerStateMachine:uninitialized
2019-10-29 16:04:25,904 [pool-47-thread-1] INFO  server.RaftServerConfigKeys (ConfUtils.java:logGet(43)) - raft.server.rpc.timeout.min = 5s (custom)
2019-10-29 16:04:25,904 [pool-47-thread-1] INFO  server.RaftServerConfigKeys (ConfUtils.java:logGet(43)) - raft.server.rpc.timeout.max = 5200ms (custom)
2019-10-29 16:04:25,904 [pool-47-thread-1] INFO  server.RaftServerConfigKeys (ConfUtils.java:logGet(43)) - raft.server.rpcslowness.timeout = 120s (custom)
2019-10-29 16:04:25,904 [pool-47-thread-1] INFO  server.RaftServerConfigKeys (ConfUtils.java:logGet(43)) - raft.server.sleep.deviation.threshold = 300 (default)
2019-10-29 16:04:25,904 [pool-47-thread-1] INFO  server.RaftServerConfigKeys (ConfUtils.java:logGet(43)) - raft.server.log.appender.install.snapshot.enabled = false (custom)
2019-10-29 16:04:25,905 [pool-47-thread-1] INFO  impl.RaftServerImpl (ServerState.java:<init>(103)) - a34248b0-1a0e-489a-b66e-dead601c3bd5@group-DD8F829A5952: ConfigurationManager, init=-1: [a34248b0-1a0e-489a-b66e-dead601c3bd5:192.168.164.217:43079], old=null, confs=<EMPTY_MAP>
2019-10-29 16:04:25,905 [pool-47-thread-1] INFO  server.RaftServerConfigKeys (ConfUtils.java:logGet(43)) - raft.server.storage.dir = [/workdir/hadoop-ozone/integration-test/target/test-dir/MiniOzoneClusterImpl-1caf861a-5b79-471e-86df-1b3013642f58/datanode-2/data/ratis] (custom)
2019-10-29 16:04:25,905 [pool-47-thread-1] INFO  server.RaftServerConfigKeys (ConfUtils.java:logGet(43)) - raft.server.log.corruption.policy = EXCEPTION (default)
2019-10-29 16:04:25,905 [pool-47-thread-1] INFO  storage.RaftStorageDirectory (RaftStorageDirectory.java:analyzeStorage(246)) - The storage directory /workdir/hadoop-ozone/integration-test/target/test-dir/MiniOzoneClusterImpl-1caf861a-5b79-471e-86df-1b3013642f58/datanode-2/data/ratis/c304946e-959a-48d3-8d64-dd8f829a5952 does not exist. Creating ...
2019-10-29 16:04:25,909 [pool-27-thread-1] INFO  segmented.SegmentedRaftLogWorker (SegmentedRaftLogWorker.java:lambda$new$0(128)) - 51ff0cab-3f07-4fdc-be2e-0b88d9ae56d8@group-E880EED20B71-SegmentedRaftLogWorker: flushIndex: setUnconditionally 0 -> -1
2019-10-29 16:04:25,909 [pool-37-thread-1] INFO  segmented.SegmentedRaftLogWorker (SegmentedRaftLogWorker.java:lambda$new$0(128)) - 493bcf3e-18c5-4e2d-b119-bb4d9c9f7637@group-D8574F06856E-SegmentedRaftLogWorker: flushIndex: setUnconditionally 0 -> -1
2019-10-29 16:04:25,913 [pool-27-thread-1] INFO  server.RaftServerConfigKeys (ConfUtils.java:logGet(43)) - raft.server.snapshot.auto.trigger.enabled = true (custom)
2019-10-29 16:04:25,913 [pool-37-thread-1] INFO  server.RaftServerConfigKeys (ConfUtils.java:logGet(43)) - raft.server.snapshot.auto.trigger.enabled = true (custom)
2019-10-29 16:04:25,914 [pool-27-thread-1] INFO  server.RaftServerConfigKeys (ConfUtils.java:logGet(43)) - raft.server.snapshot.auto.trigger.threshold = 10000 (custom)
2019-10-29 16:04:25,915 [pool-37-thread-1] INFO  server.RaftServerConfigKeys (ConfUtils.java:logGet(43)) - raft.server.snapshot.auto.trigger.threshold = 10000 (custom)
2019-10-29 16:04:25,915 [pool-27-thread-1] INFO  server.RaftServerConfigKeys (ConfUtils.java:logGet(43)) - raft.server.snapshot.retention.file.num = 5 (custom)
2019-10-29 16:04:25,915 [pool-37-thread-1] INFO  server.RaftServerConfigKeys (ConfUtils.java:logGet(43)) - raft.server.snapshot.retention.file.num = 5 (custom)
2019-10-29 16:04:25,915 [pool-37-thread-1] INFO  server.RaftServerConfigKeys (ConfUtils.java:logGet(43)) - raft.server.retrycache.expirytime = 600000ms (custom)
2019-10-29 16:04:25,915 [pool-27-thread-1] INFO  server.RaftServerConfigKeys (ConfUtils.java:logGet(43)) - raft.server.retrycache.expirytime = 600000ms (custom)
2019-10-29 16:04:25,918 [pool-47-thread-1] INFO  storage.RaftStorageDirectory (RaftStorageDirectory.java:tryLock(328)) - Lock on /workdir/hadoop-ozone/integration-test/target/test-dir/MiniOzoneClusterImpl-1caf861a-5b79-471e-86df-1b3013642f58/datanode-2/data/ratis/c304946e-959a-48d3-8d64-dd8f829a5952/in_use.lock acquired by nodename 26032@pr-hdds-2034-76npd-2451761435
2019-10-29 16:04:25,931 [pool-47-thread-1] INFO  storage.RaftStorage (RaftStorage.java:format(84)) - Storage directory /workdir/hadoop-ozone/integration-test/target/test-dir/MiniOzoneClusterImpl-1caf861a-5b79-471e-86df-1b3013642f58/datanode-2/data/ratis/c304946e-959a-48d3-8d64-dd8f829a5952 has been successfully formatted.
2019-10-29 16:04:25,932 [pool-47-thread-1] INFO  ratis.ContainerStateMachine (ContainerStateMachine.java:loadSnapshot(231)) - group-DD8F829A5952: The snapshot info is null. Setting the last applied indexto:(t:0, i:~)
2019-10-29 16:04:25,932 [pool-47-thread-1] INFO  server.RaftServerConfigKeys (ConfUtils.java:logGet(43)) - raft.server.notification.no-leader.timeout = 120s (custom)
2019-10-29 16:04:25,932 [pool-47-thread-1] INFO  server.RaftServerConfigKeys (ConfUtils.java:logGet(43)) - raft.server.log.use.memory = false (default)
2019-10-29 16:04:25,932 [pool-47-thread-1] INFO  server.RaftServerConfigKeys (ConfUtils.java:logGet(43)) - raft.server.log.purge.gap = 1000000 (custom)
2019-10-29 16:04:25,933 [pool-47-thread-1] INFO  server.RaftServerConfigKeys (ConfUtils.java:logGet(43)) - raft.server.log.appender.buffer.byte-limit = 33554432 (custom)
2019-10-29 16:04:25,933 [pool-47-thread-1] INFO  server.RaftServerConfigKeys (ConfUtils.java:logGet(43)) - raft.server.log.segment.size.max = 1048576 (custom)
2019-10-29 16:04:25,933 [pool-47-thread-1] WARN  impl.MetricRegistriesImpl (MetricRegistriesImpl.java:lambda$create$1(61)) - First MetricRegistry has been created without registering reporters. You may need to call MetricRegistries.global().addReportRegistration(...) before.
2019-10-29 16:04:25,933 [pool-47-thread-1] INFO  server.RaftServerConfigKeys (ConfUtils.java:logGet(43)) - raft.server.log.segment.cache.num.max = 2 (custom)
2019-10-29 16:04:25,933 [pool-47-thread-1] INFO  segmented.SegmentedRaftLogWorker (SegmentedRaftLogWorker.java:<init>(173)) - new a34248b0-1a0e-489a-b66e-dead601c3bd5@group-DD8F829A5952-SegmentedRaftLogWorker for RaftStorage:Storage Directory /workdir/hadoop-ozone/integration-test/target/test-dir/MiniOzoneClusterImpl-1caf861a-5b79-471e-86df-1b3013642f58/datanode-2/data/ratis/c304946e-959a-48d3-8d64-dd8f829a5952
2019-10-29 16:04:25,933 [pool-47-thread-1] INFO  server.RaftServerConfigKeys (ConfUtils.java:logGet(43)) - raft.server.log.queue.byte-limit = 2147483647 (custom)
2019-10-29 16:04:25,934 [pool-47-thread-1] INFO  server.RaftServerConfigKeys (ConfUtils.java:logGet(43)) - raft.server.log.queue.element-limit = 1024 (custom)
2019-10-29 16:04:25,934 [pool-47-thread-1] INFO  server.RaftServerConfigKeys (ConfUtils.java:logGet(43)) - raft.server.log.segment.size.max = 1048576 (custom)
2019-10-29 16:04:25,934 [pool-47-thread-1] INFO  server.RaftServerConfigKeys (ConfUtils.java:logGet(43)) - raft.server.log.preallocated.size = 16384 (custom)
2019-10-29 16:04:25,934 [pool-47-thread-1] INFO  server.RaftServerConfigKeys (ConfUtils.java:logGet(43)) - raft.server.log.write.buffer.size = 33554432 (custom)
2019-10-29 16:04:25,934 [pool-47-thread-1] INFO  server.RaftServerConfigKeys (ConfUtils.java:logGet(43)) - raft.server.log.force.sync.num = 128 (default)
2019-10-29 16:04:25,935 [pool-47-thread-1] INFO  server.RaftServerConfigKeys (ConfUtils.java:logGet(43)) - raft.server.log.statemachine.data.sync = true (default)
2019-10-29 16:04:25,935 [pool-47-thread-1] INFO  server.RaftServerConfigKeys (ConfUtils.java:logGet(43)) - raft.server.log.statemachine.data.sync.timeout = 10s (default)
2019-10-29 16:04:25,935 [pool-47-thread-1] INFO  server.RaftServerConfigKeys (ConfUtils.java:logGet(43)) - raft.server.log.statemachine.data.sync.timeout.retry = -1 (default)
2019-10-29 16:04:25,935 [pool-47-thread-1] INFO  server.RaftServerConfigKeys (ConfUtils.java:logGet(43)) - raft.server.log.statemachine.data.caching.enabled = true (custom)
2019-10-29 16:04:25,936 [pool-47-thread-1] INFO  segmented.SegmentedRaftLogWorker (SegmentedRaftLogWorker.java:lambda$new$0(128)) - a34248b0-1a0e-489a-b66e-dead601c3bd5@group-DD8F829A5952-SegmentedRaftLogWorker: flushIndex: setUnconditionally 0 -> -1
2019-10-29 16:04:25,936 [pool-47-thread-1] INFO  server.RaftServerConfigKeys (ConfUtils.java:logGet(43)) - raft.server.snapshot.auto.trigger.enabled = true (custom)
2019-10-29 16:04:25,936 [pool-47-thread-1] INFO  server.RaftServerConfigKeys (ConfUtils.java:logGet(43)) - raft.server.snapshot.auto.trigger.threshold = 10000 (custom)
2019-10-29 16:04:25,936 [pool-47-thread-1] INFO  server.RaftServerConfigKeys (ConfUtils.java:logGet(43)) - raft.server.snapshot.retention.file.num = 5 (custom)
2019-10-29 16:04:25,936 [pool-47-thread-1] INFO  server.RaftServerConfigKeys (ConfUtils.java:logGet(43)) - raft.server.retrycache.expirytime = 600000ms (custom)
2019-10-29 16:04:25,937 [pool-47-thread-1] WARN  impl.MetricRegistriesImpl (MetricRegistriesImpl.java:lambda$create$1(61)) - First MetricRegistry has been created without registering reporters. You may need to call MetricRegistries.global().addReportRegistration(...) before.
2019-10-29 16:04:25,937 [pool-27-thread-1] WARN  impl.MetricRegistriesImpl (MetricRegistriesImpl.java:lambda$create$1(61)) - First MetricRegistry has been created without registering reporters. You may need to call MetricRegistries.global().addReportRegistration(...) before.
2019-10-29 16:04:25,937 [pool-37-thread-1] WARN  impl.MetricRegistriesImpl (MetricRegistriesImpl.java:lambda$create$1(61)) - First MetricRegistry has been created without registering reporters. You may need to call MetricRegistries.global().addReportRegistration(...) before.
2019-10-29 16:04:25,939 [pool-27-thread-1] WARN  impl.MetricRegistriesImpl (MetricRegistriesImpl.java:lambda$create$1(61)) - First MetricRegistry has been created without registering reporters. You may need to call MetricRegistries.global().addReportRegistration(...) before.
2019-10-29 16:04:25,939 [pool-37-thread-1] WARN  impl.MetricRegistriesImpl (MetricRegistriesImpl.java:lambda$create$1(61)) - First MetricRegistry has been created without registering reporters. You may need to call MetricRegistries.global().addReportRegistration(...) before.
2019-10-29 16:04:25,939 [pool-47-thread-1] WARN  impl.MetricRegistriesImpl (MetricRegistriesImpl.java:lambda$create$1(61)) - First MetricRegistry has been created without registering reporters. You may need to call MetricRegistries.global().addReportRegistration(...) before.
2019-10-29 16:04:25,941 [pool-47-thread-1] INFO  impl.RaftServerImpl (RaftServerImpl.java:start(184)) - a34248b0-1a0e-489a-b66e-dead601c3bd5@group-DD8F829A5952: start as a follower, conf=-1: [a34248b0-1a0e-489a-b66e-dead601c3bd5:192.168.164.217:43079], old=null
2019-10-29 16:04:25,941 [pool-37-thread-1] INFO  impl.RaftServerImpl (RaftServerImpl.java:start(184)) - 493bcf3e-18c5-4e2d-b119-bb4d9c9f7637@group-D8574F06856E: start as a follower, conf=-1: [493bcf3e-18c5-4e2d-b119-bb4d9c9f7637:192.168.164.217:34451], old=null
2019-10-29 16:04:25,941 [pool-27-thread-1] INFO  impl.RaftServerImpl (RaftServerImpl.java:start(184)) - 51ff0cab-3f07-4fdc-be2e-0b88d9ae56d8@group-E880EED20B71: start as a follower, conf=-1: [51ff0cab-3f07-4fdc-be2e-0b88d9ae56d8:192.168.164.217:44021], old=null
2019-10-29 16:04:25,942 [pool-27-thread-1] INFO  impl.RaftServerImpl (RaftServerImpl.java:setRole(173)) - 51ff0cab-3f07-4fdc-be2e-0b88d9ae56d8@group-E880EED20B71: changes role from      null to FOLLOWER at term 0 for startAsFollower
2019-10-29 16:04:25,942 [pool-37-thread-1] INFO  impl.RaftServerImpl (RaftServerImpl.java:setRole(173)) - 493bcf3e-18c5-4e2d-b119-bb4d9c9f7637@group-D8574F06856E: changes role from      null to FOLLOWER at term 0 for startAsFollower
2019-10-29 16:04:25,942 [pool-47-thread-1] INFO  impl.RaftServerImpl (RaftServerImpl.java:setRole(173)) - a34248b0-1a0e-489a-b66e-dead601c3bd5@group-DD8F829A5952: changes role from      null to FOLLOWER at term 0 for startAsFollower
2019-10-29 16:04:25,943 [pool-27-thread-1] INFO  impl.RoleInfo (RoleInfo.java:updateAndGet(143)) - 51ff0cab-3f07-4fdc-be2e-0b88d9ae56d8: start FollowerState
2019-10-29 16:04:25,943 [pool-37-thread-1] INFO  impl.RoleInfo (RoleInfo.java:updateAndGet(143)) - 493bcf3e-18c5-4e2d-b119-bb4d9c9f7637: start FollowerState
2019-10-29 16:04:25,943 [pool-47-thread-1] INFO  impl.RoleInfo (RoleInfo.java:updateAndGet(143)) - a34248b0-1a0e-489a-b66e-dead601c3bd5: start FollowerState
2019-10-29 16:04:25,946 [pool-27-thread-1] INFO  util.JmxRegister (JmxRegister.java:tryRegister(44)) - Successfully registered JMX Bean with object name Ratis:service=RaftServer,group=group-E880EED20B71,id=51ff0cab-3f07-4fdc-be2e-0b88d9ae56d8
2019-10-29 16:04:25,946 [pool-47-thread-1] INFO  util.JmxRegister (JmxRegister.java:tryRegister(44)) - Successfully registered JMX Bean with object name Ratis:service=RaftServer,group=group-DD8F829A5952,id=a34248b0-1a0e-489a-b66e-dead601c3bd5
2019-10-29 16:04:25,946 [pool-37-thread-1] INFO  util.JmxRegister (JmxRegister.java:tryRegister(44)) - Successfully registered JMX Bean with object name Ratis:service=RaftServer,group=group-D8574F06856E,id=493bcf3e-18c5-4e2d-b119-bb4d9c9f7637
2019-10-29 16:04:25,950 [pool-27-thread-1] WARN  impl.MetricRegistriesImpl (MetricRegistriesImpl.java:lambda$create$1(61)) - First MetricRegistry has been created without registering reporters. You may need to call MetricRegistries.global().addReportRegistration(...) before.
2019-10-29 16:04:25,950 [pool-47-thread-1] WARN  impl.MetricRegistriesImpl (MetricRegistriesImpl.java:lambda$create$1(61)) - First MetricRegistry has been created without registering reporters. You may need to call MetricRegistries.global().addReportRegistration(...) before.
2019-10-29 16:04:25,950 [pool-37-thread-1] WARN  impl.MetricRegistriesImpl (MetricRegistriesImpl.java:lambda$create$1(61)) - First MetricRegistry has been created without registering reporters. You may need to call MetricRegistries.global().addReportRegistration(...) before.
2019-10-29 16:04:25,962 [Command processor thread] INFO  commandhandler.CreatePipelineCommandHandler (CreatePipelineCommandHandler.java:handle(86)) - Create Pipeline RATIS ONE #id: "bbc8a677-c075-4454-b234-e880eed20b71"
 command succeed on datanode 51ff0cab-3f07-4fdc-be2e-0b88d9ae56d8.
2019-10-29 16:04:25,963 [Command processor thread] INFO  commandhandler.CreatePipelineCommandHandler (CreatePipelineCommandHandler.java:handle(86)) - Create Pipeline RATIS ONE #id: "c304946e-959a-48d3-8d64-dd8f829a5952"
 command succeed on datanode a34248b0-1a0e-489a-b66e-dead601c3bd5.
2019-10-29 16:04:25,962 [Command processor thread] INFO  commandhandler.CreatePipelineCommandHandler (CreatePipelineCommandHandler.java:handle(86)) - Create Pipeline RATIS ONE #id: "554957f3-8669-4389-b5f5-d8574f06856e"
 command succeed on datanode 493bcf3e-18c5-4e2d-b119-bb4d9c9f7637.
2019-10-29 16:04:25,967 [Command processor thread] INFO  impl.RaftServerProxy (RaftServerProxy.java:addNew(89)) - a34248b0-1a0e-489a-b66e-dead601c3bd5: addNew group-E108E61D6979:[493bcf3e-18c5-4e2d-b119-bb4d9c9f7637:192.168.164.217:34451, a34248b0-1a0e-489a-b66e-dead601c3bd5:192.168.164.217:43079, 51ff0cab-3f07-4fdc-be2e-0b88d9ae56d8:192.168.164.217:44021] returns group-E108E61D6979:java.util.concurrent.CompletableFuture@4e4b8c69[Not completed]
2019-10-29 16:04:25,967 [Command processor thread] INFO  impl.RaftServerProxy (RaftServerProxy.java:addNew(89)) - 51ff0cab-3f07-4fdc-be2e-0b88d9ae56d8: addNew group-E108E61D6979:[493bcf3e-18c5-4e2d-b119-bb4d9c9f7637:192.168.164.217:34451, a34248b0-1a0e-489a-b66e-dead601c3bd5:192.168.164.217:43079, 51ff0cab-3f07-4fdc-be2e-0b88d9ae56d8:192.168.164.217:44021] returns group-E108E61D6979:java.util.concurrent.CompletableFuture@346e5e45[Not completed]
2019-10-29 16:04:25,967 [Command processor thread] INFO  impl.RaftServerProxy (RaftServerProxy.java:addNew(89)) - 493bcf3e-18c5-4e2d-b119-bb4d9c9f7637: addNew group-E108E61D6979:[493bcf3e-18c5-4e2d-b119-bb4d9c9f7637:192.168.164.217:34451, a34248b0-1a0e-489a-b66e-dead601c3bd5:192.168.164.217:43079, 51ff0cab-3f07-4fdc-be2e-0b88d9ae56d8:192.168.164.217:44021] returns group-E108E61D6979:java.util.concurrent.CompletableFuture@d55c2ae[Not completed]
2019-10-29 16:04:25,970 [pool-27-thread-1] INFO  impl.RaftServerImpl (RaftServerImpl.java:<init>(98)) - 51ff0cab-3f07-4fdc-be2e-0b88d9ae56d8: new RaftServerImpl for group-E108E61D6979:[493bcf3e-18c5-4e2d-b119-bb4d9c9f7637:192.168.164.217:34451, a34248b0-1a0e-489a-b66e-dead601c3bd5:192.168.164.217:43079, 51ff0cab-3f07-4fdc-be2e-0b88d9ae56d8:192.168.164.217:44021] with ContainerStateMachine:uninitialized
2019-10-29 16:04:25,970 [pool-27-thread-1] INFO  server.RaftServerConfigKeys (ConfUtils.java:logGet(43)) - raft.server.rpc.timeout.min = 5s (custom)
2019-10-29 16:04:25,970 [pool-27-thread-1] INFO  server.RaftServerConfigKeys (ConfUtils.java:logGet(43)) - raft.server.rpc.timeout.max = 5200ms (custom)
2019-10-29 16:04:25,970 [pool-27-thread-1] INFO  server.RaftServerConfigKeys (ConfUtils.java:logGet(43)) - raft.server.rpcslowness.timeout = 120s (custom)
2019-10-29 16:04:25,970 [pool-27-thread-1] INFO  server.RaftServerConfigKeys (ConfUtils.java:logGet(43)) - raft.server.sleep.deviation.threshold = 300 (default)
2019-10-29 16:04:25,970 [pool-27-thread-1] INFO  server.RaftServerConfigKeys (ConfUtils.java:logGet(43)) - raft.server.log.appender.install.snapshot.enabled = false (custom)
2019-10-29 16:04:25,970 [pool-27-thread-1] INFO  impl.RaftServerImpl (ServerState.java:<init>(103)) - 51ff0cab-3f07-4fdc-be2e-0b88d9ae56d8@group-E108E61D6979: ConfigurationManager, init=-1: [493bcf3e-18c5-4e2d-b119-bb4d9c9f7637:192.168.164.217:34451, a34248b0-1a0e-489a-b66e-dead601c3bd5:192.168.164.217:43079, 51ff0cab-3f07-4fdc-be2e-0b88d9ae56d8:192.168.164.217:44021], old=null, confs=<EMPTY_MAP>
2019-10-29 16:04:25,971 [pool-27-thread-1] INFO  server.RaftServerConfigKeys (ConfUtils.java:logGet(43)) - raft.server.storage.dir = [/workdir/hadoop-ozone/integration-test/target/test-dir/MiniOzoneClusterImpl-1caf861a-5b79-471e-86df-1b3013642f58/datanode-0/data/ratis] (custom)
2019-10-29 16:04:25,971 [pool-27-thread-1] INFO  server.RaftServerConfigKeys (ConfUtils.java:logGet(43)) - raft.server.log.corruption.policy = EXCEPTION (default)
2019-10-29 16:04:25,971 [pool-27-thread-1] INFO  storage.RaftStorageDirectory (RaftStorageDirectory.java:analyzeStorage(246)) - The storage directory /workdir/hadoop-ozone/integration-test/target/test-dir/MiniOzoneClusterImpl-1caf861a-5b79-471e-86df-1b3013642f58/datanode-0/data/ratis/b13717e5-6bef-4fc8-bdaa-e108e61d6979 does not exist. Creating ...
2019-10-29 16:04:25,971 [pool-37-thread-1] INFO  impl.RaftServerImpl (RaftServerImpl.java:<init>(98)) - 493bcf3e-18c5-4e2d-b119-bb4d9c9f7637: new RaftServerImpl for group-E108E61D6979:[493bcf3e-18c5-4e2d-b119-bb4d9c9f7637:192.168.164.217:34451, a34248b0-1a0e-489a-b66e-dead601c3bd5:192.168.164.217:43079, 51ff0cab-3f07-4fdc-be2e-0b88d9ae56d8:192.168.164.217:44021] with ContainerStateMachine:uninitialized
2019-10-29 16:04:25,971 [pool-37-thread-1] INFO  server.RaftServerConfigKeys (ConfUtils.java:logGet(43)) - raft.server.rpc.timeout.min = 5s (custom)
2019-10-29 16:04:25,972 [pool-37-thread-1] INFO  server.RaftServerConfigKeys (ConfUtils.java:logGet(43)) - raft.server.rpc.timeout.max = 5200ms (custom)
2019-10-29 16:04:25,972 [pool-37-thread-1] INFO  server.RaftServerConfigKeys (ConfUtils.java:logGet(43)) - raft.server.rpcslowness.timeout = 120s (custom)
2019-10-29 16:04:25,972 [pool-37-thread-1] INFO  server.RaftServerConfigKeys (ConfUtils.java:logGet(43)) - raft.server.sleep.deviation.threshold = 300 (default)
2019-10-29 16:04:25,972 [pool-47-thread-1] INFO  impl.RaftServerImpl (RaftServerImpl.java:<init>(98)) - a34248b0-1a0e-489a-b66e-dead601c3bd5: new RaftServerImpl for group-E108E61D6979:[493bcf3e-18c5-4e2d-b119-bb4d9c9f7637:192.168.164.217:34451, a34248b0-1a0e-489a-b66e-dead601c3bd5:192.168.164.217:43079, 51ff0cab-3f07-4fdc-be2e-0b88d9ae56d8:192.168.164.217:44021] with ContainerStateMachine:uninitialized
2019-10-29 16:04:25,972 [pool-37-thread-1] INFO  server.RaftServerConfigKeys (ConfUtils.java:logGet(43)) - raft.server.log.appender.install.snapshot.enabled = false (custom)
2019-10-29 16:04:25,972 [pool-47-thread-1] INFO  server.RaftServerConfigKeys (ConfUtils.java:logGet(43)) - raft.server.rpc.timeout.min = 5s (custom)
2019-10-29 16:04:25,972 [pool-37-thread-1] INFO  impl.RaftServerImpl (ServerState.java:<init>(103)) - 493bcf3e-18c5-4e2d-b119-bb4d9c9f7637@group-E108E61D6979: ConfigurationManager, init=-1: [493bcf3e-18c5-4e2d-b119-bb4d9c9f7637:192.168.164.217:34451, a34248b0-1a0e-489a-b66e-dead601c3bd5:192.168.164.217:43079, 51ff0cab-3f07-4fdc-be2e-0b88d9ae56d8:192.168.164.217:44021], old=null, confs=<EMPTY_MAP>
2019-10-29 16:04:25,973 [pool-47-thread-1] INFO  server.RaftServerConfigKeys (ConfUtils.java:logGet(43)) - raft.server.rpc.timeout.max = 5200ms (custom)
2019-10-29 16:04:25,973 [pool-37-thread-1] INFO  server.RaftServerConfigKeys (ConfUtils.java:logGet(43)) - raft.server.storage.dir = [/workdir/hadoop-ozone/integration-test/target/test-dir/MiniOzoneClusterImpl-1caf861a-5b79-471e-86df-1b3013642f58/datanode-1/data/ratis] (custom)
2019-10-29 16:04:25,973 [pool-47-thread-1] INFO  server.RaftServerConfigKeys (ConfUtils.java:logGet(43)) - raft.server.rpcslowness.timeout = 120s (custom)
2019-10-29 16:04:25,973 [pool-37-thread-1] INFO  server.RaftServerConfigKeys (ConfUtils.java:logGet(43)) - raft.server.log.corruption.policy = EXCEPTION (default)
2019-10-29 16:04:25,973 [pool-47-thread-1] INFO  server.RaftServerConfigKeys (ConfUtils.java:logGet(43)) - raft.server.sleep.deviation.threshold = 300 (default)
2019-10-29 16:04:25,974 [pool-47-thread-1] INFO  server.RaftServerConfigKeys (ConfUtils.java:logGet(43)) - raft.server.log.appender.install.snapshot.enabled = false (custom)
2019-10-29 16:04:25,974 [pool-37-thread-1] INFO  storage.RaftStorageDirectory (RaftStorageDirectory.java:analyzeStorage(246)) - The storage directory /workdir/hadoop-ozone/integration-test/target/test-dir/MiniOzoneClusterImpl-1caf861a-5b79-471e-86df-1b3013642f58/datanode-1/data/ratis/b13717e5-6bef-4fc8-bdaa-e108e61d6979 does not exist. Creating ...
2019-10-29 16:04:25,974 [pool-47-thread-1] INFO  impl.RaftServerImpl (ServerState.java:<init>(103)) - a34248b0-1a0e-489a-b66e-dead601c3bd5@group-E108E61D6979: ConfigurationManager, init=-1: [493bcf3e-18c5-4e2d-b119-bb4d9c9f7637:192.168.164.217:34451, a34248b0-1a0e-489a-b66e-dead601c3bd5:192.168.164.217:43079, 51ff0cab-3f07-4fdc-be2e-0b88d9ae56d8:192.168.164.217:44021], old=null, confs=<EMPTY_MAP>
2019-10-29 16:04:25,974 [pool-47-thread-1] INFO  server.RaftServerConfigKeys (ConfUtils.java:logGet(43)) - raft.server.storage.dir = [/workdir/hadoop-ozone/integration-test/target/test-dir/MiniOzoneClusterImpl-1caf861a-5b79-471e-86df-1b3013642f58/datanode-2/data/ratis] (custom)
2019-10-29 16:04:25,975 [pool-47-thread-1] INFO  server.RaftServerConfigKeys (ConfUtils.java:logGet(43)) - raft.server.log.corruption.policy = EXCEPTION (default)
2019-10-29 16:04:25,975 [pool-47-thread-1] INFO  storage.RaftStorageDirectory (RaftStorageDirectory.java:analyzeStorage(246)) - The storage directory /workdir/hadoop-ozone/integration-test/target/test-dir/MiniOzoneClusterImpl-1caf861a-5b79-471e-86df-1b3013642f58/datanode-2/data/ratis/b13717e5-6bef-4fc8-bdaa-e108e61d6979 does not exist. Creating ...
2019-10-29 16:04:25,978 [EventQueue-PipelineReportForPipelineReportHandler] INFO  pipeline.PipelineReportHandler (PipelineReportHandler.java:processPipelineReport(104)) - Pipeline ONE PipelineID=c304946e-959a-48d3-8d64-dd8f829a5952 reported by a34248b0-1a0e-489a-b66e-dead601c3bd5{ip: 192.168.164.217, host: pr-hdds-2034-76npd-2451761435, networkLocation: /default-rack, certSerialId: null}
2019-10-29 16:04:25,979 [EventQueue-PipelineReportForPipelineReportHandler] INFO  pipeline.PipelineStateManager (PipelineStateManager.java:openPipeline(134)) - Pipeline Pipeline[ Id: c304946e-959a-48d3-8d64-dd8f829a5952, Nodes: a34248b0-1a0e-489a-b66e-dead601c3bd5{ip: 192.168.164.217, host: pr-hdds-2034-76npd-2451761435, networkLocation: /default-rack, certSerialId: null}, Type:RATIS, Factor:ONE, State:ALLOCATED] moved to OPEN state
2019-10-29 16:04:25,981 [EventQueue-OpenPipelineForHealthyPipelineSafeModeRule] INFO  safemode.SCMSafeModeManager (HealthyPipelineSafeModeRule.java:process(125)) - SCM in safe mode. Healthy pipelines reported count is 0, required healthy pipeline reported count is 1
2019-10-29 16:04:25,981 [EventQueue-OpenPipelineForOneReplicaPipelineSafeModeRule] INFO  safemode.SCMSafeModeManager (SCMSafeModeManager.java:validateSafeModeExitRules(176)) - AtleastOneDatanodeReportedRule rule is successfully validated
2019-10-29 16:04:25,981 [EventQueue-PipelineReportForPipelineReportHandler] INFO  pipeline.PipelineReportHandler (PipelineReportHandler.java:processPipelineReport(104)) - Pipeline ONE PipelineID=bbc8a677-c075-4454-b234-e880eed20b71 reported by 51ff0cab-3f07-4fdc-be2e-0b88d9ae56d8{ip: 192.168.164.217, host: pr-hdds-2034-76npd-2451761435, networkLocation: /default-rack, certSerialId: null}
2019-10-29 16:04:25,981 [EventQueue-PipelineReportForPipelineReportHandler] INFO  pipeline.PipelineStateManager (PipelineStateManager.java:openPipeline(134)) - Pipeline Pipeline[ Id: bbc8a677-c075-4454-b234-e880eed20b71, Nodes: 51ff0cab-3f07-4fdc-be2e-0b88d9ae56d8{ip: 192.168.164.217, host: pr-hdds-2034-76npd-2451761435, networkLocation: /default-rack, certSerialId: null}, Type:RATIS, Factor:ONE, State:ALLOCATED] moved to OPEN state
2019-10-29 16:04:25,982 [EventQueue-OpenPipelineForHealthyPipelineSafeModeRule] INFO  safemode.SCMSafeModeManager (HealthyPipelineSafeModeRule.java:process(125)) - SCM in safe mode. Healthy pipelines reported count is 0, required healthy pipeline reported count is 1
2019-10-29 16:04:25,982 [EventQueue-PipelineReportForPipelineReportHandler] INFO  pipeline.PipelineReportHandler (PipelineReportHandler.java:processPipelineReport(104)) - Pipeline ONE PipelineID=554957f3-8669-4389-b5f5-d8574f06856e reported by 493bcf3e-18c5-4e2d-b119-bb4d9c9f7637{ip: 192.168.164.217, host: pr-hdds-2034-76npd-2451761435, networkLocation: /default-rack, certSerialId: null}
2019-10-29 16:04:25,982 [EventQueue-OpenPipelineForOneReplicaPipelineSafeModeRule] INFO  safemode.SCMSafeModeManager (SCMSafeModeManager.java:validateSafeModeExitRules(176)) - AtleastOneDatanodeReportedRule rule is successfully validated
2019-10-29 16:04:25,982 [EventQueue-PipelineReportForPipelineReportHandler] INFO  pipeline.PipelineStateManager (PipelineStateManager.java:openPipeline(134)) - Pipeline Pipeline[ Id: 554957f3-8669-4389-b5f5-d8574f06856e, Nodes: 493bcf3e-18c5-4e2d-b119-bb4d9c9f7637{ip: 192.168.164.217, host: pr-hdds-2034-76npd-2451761435, networkLocation: /default-rack, certSerialId: null}, Type:RATIS, Factor:ONE, State:ALLOCATED] moved to OPEN state
2019-10-29 16:04:25,982 [EventQueue-OpenPipelineForHealthyPipelineSafeModeRule] INFO  safemode.SCMSafeModeManager (HealthyPipelineSafeModeRule.java:process(125)) - SCM in safe mode. Healthy pipelines reported count is 0, required healthy pipeline reported count is 1
2019-10-29 16:04:25,982 [EventQueue-OpenPipelineForOneReplicaPipelineSafeModeRule] INFO  safemode.SCMSafeModeManager (SCMSafeModeManager.java:validateSafeModeExitRules(176)) - AtleastOneDatanodeReportedRule rule is successfully validated
2019-10-29 16:04:25,984 [pool-27-thread-1] INFO  storage.RaftStorageDirectory (RaftStorageDirectory.java:tryLock(328)) - Lock on /workdir/hadoop-ozone/integration-test/target/test-dir/MiniOzoneClusterImpl-1caf861a-5b79-471e-86df-1b3013642f58/datanode-0/data/ratis/b13717e5-6bef-4fc8-bdaa-e108e61d6979/in_use.lock acquired by nodename 26032@pr-hdds-2034-76npd-2451761435
2019-10-29 16:04:25,984 [pool-37-thread-1] INFO  storage.RaftStorageDirectory (RaftStorageDirectory.java:tryLock(328)) - Lock on /workdir/hadoop-ozone/integration-test/target/test-dir/MiniOzoneClusterImpl-1caf861a-5b79-471e-86df-1b3013642f58/datanode-1/data/ratis/b13717e5-6bef-4fc8-bdaa-e108e61d6979/in_use.lock acquired by nodename 26032@pr-hdds-2034-76npd-2451761435
2019-10-29 16:04:25,984 [pool-47-thread-1] INFO  storage.RaftStorageDirectory (RaftStorageDirectory.java:tryLock(328)) - Lock on /workdir/hadoop-ozone/integration-test/target/test-dir/MiniOzoneClusterImpl-1caf861a-5b79-471e-86df-1b3013642f58/datanode-2/data/ratis/b13717e5-6bef-4fc8-bdaa-e108e61d6979/in_use.lock acquired by nodename 26032@pr-hdds-2034-76npd-2451761435
2019-10-29 16:04:25,998 [pool-27-thread-1] INFO  storage.RaftStorage (RaftStorage.java:format(84)) - Storage directory /workdir/hadoop-ozone/integration-test/target/test-dir/MiniOzoneClusterImpl-1caf861a-5b79-471e-86df-1b3013642f58/datanode-0/data/ratis/b13717e5-6bef-4fc8-bdaa-e108e61d6979 has been successfully formatted.
2019-10-29 16:04:25,998 [pool-47-thread-1] INFO  storage.RaftStorage (RaftStorage.java:format(84)) - Storage directory /workdir/hadoop-ozone/integration-test/target/test-dir/MiniOzoneClusterImpl-1caf861a-5b79-471e-86df-1b3013642f58/datanode-2/data/ratis/b13717e5-6bef-4fc8-bdaa-e108e61d6979 has been successfully formatted.
2019-10-29 16:04:25,998 [pool-37-thread-1] INFO  storage.RaftStorage (RaftStorage.java:format(84)) - Storage directory /workdir/hadoop-ozone/integration-test/target/test-dir/MiniOzoneClusterImpl-1caf861a-5b79-471e-86df-1b3013642f58/datanode-1/data/ratis/b13717e5-6bef-4fc8-bdaa-e108e61d6979 has been successfully formatted.
2019-10-29 16:04:25,998 [pool-27-thread-1] INFO  ratis.ContainerStateMachine (ContainerStateMachine.java:loadSnapshot(231)) - group-E108E61D6979: The snapshot info is null. Setting the last applied indexto:(t:0, i:~)
2019-10-29 16:04:25,998 [pool-47-thread-1] INFO  ratis.ContainerStateMachine (ContainerStateMachine.java:loadSnapshot(231)) - group-E108E61D6979: The snapshot info is null. Setting the last applied indexto:(t:0, i:~)
2019-10-29 16:04:25,998 [pool-27-thread-1] INFO  server.RaftServerConfigKeys (ConfUtils.java:logGet(43)) - raft.server.notification.no-leader.timeout = 120s (custom)
2019-10-29 16:04:25,998 [pool-37-thread-1] INFO  ratis.ContainerStateMachine (ContainerStateMachine.java:loadSnapshot(231)) - group-E108E61D6979: The snapshot info is null. Setting the last applied indexto:(t:0, i:~)
2019-10-29 16:04:25,998 [pool-27-thread-1] INFO  server.RaftServerConfigKeys (ConfUtils.java:logGet(43)) - raft.server.log.use.memory = false (default)
2019-10-29 16:04:25,998 [pool-47-thread-1] INFO  server.RaftServerConfigKeys (ConfUtils.java:logGet(43)) - raft.server.notification.no-leader.timeout = 120s (custom)
2019-10-29 16:04:25,999 [pool-27-thread-1] INFO  server.RaftServerConfigKeys (ConfUtils.java:logGet(43)) - raft.server.log.purge.gap = 1000000 (custom)
2019-10-29 16:04:25,999 [pool-37-thread-1] INFO  server.RaftServerConfigKeys (ConfUtils.java:logGet(43)) - raft.server.notification.no-leader.timeout = 120s (custom)
2019-10-29 16:04:25,999 [pool-27-thread-1] INFO  server.RaftServerConfigKeys (ConfUtils.java:logGet(43)) - raft.server.log.appender.buffer.byte-limit = 33554432 (custom)
2019-10-29 16:04:25,999 [pool-47-thread-1] INFO  server.RaftServerConfigKeys (ConfUtils.java:logGet(43)) - raft.server.log.use.memory = false (default)
2019-10-29 16:04:25,999 [pool-27-thread-1] INFO  server.RaftServerConfigKeys (ConfUtils.java:logGet(43)) - raft.server.log.segment.size.max = 1048576 (custom)
2019-10-29 16:04:25,999 [pool-47-thread-1] INFO  server.RaftServerConfigKeys (ConfUtils.java:logGet(43)) - raft.server.log.purge.gap = 1000000 (custom)
2019-10-29 16:04:25,999 [pool-37-thread-1] INFO  server.RaftServerConfigKeys (ConfUtils.java:logGet(43)) - raft.server.log.use.memory = false (default)
2019-10-29 16:04:26,000 [pool-47-thread-1] INFO  server.RaftServerConfigKeys (ConfUtils.java:logGet(43)) - raft.server.log.appender.buffer.byte-limit = 33554432 (custom)
2019-10-29 16:04:25,999 [pool-27-thread-1] INFO  server.RaftServerConfigKeys (ConfUtils.java:logGet(43)) - raft.server.log.segment.cache.num.max = 2 (custom)
2019-10-29 16:04:26,000 [pool-47-thread-1] INFO  server.RaftServerConfigKeys (ConfUtils.java:logGet(43)) - raft.server.log.segment.size.max = 1048576 (custom)
2019-10-29 16:04:26,000 [pool-37-thread-1] INFO  server.RaftServerConfigKeys (ConfUtils.java:logGet(43)) - raft.server.log.purge.gap = 1000000 (custom)
2019-10-29 16:04:26,000 [pool-47-thread-1] INFO  server.RaftServerConfigKeys (ConfUtils.java:logGet(43)) - raft.server.log.segment.cache.num.max = 2 (custom)
2019-10-29 16:04:26,000 [pool-27-thread-1] INFO  segmented.SegmentedRaftLogWorker (SegmentedRaftLogWorker.java:<init>(173)) - new 51ff0cab-3f07-4fdc-be2e-0b88d9ae56d8@group-E108E61D6979-SegmentedRaftLogWorker for RaftStorage:Storage Directory /workdir/hadoop-ozone/integration-test/target/test-dir/MiniOzoneClusterImpl-1caf861a-5b79-471e-86df-1b3013642f58/datanode-0/data/ratis/b13717e5-6bef-4fc8-bdaa-e108e61d6979
2019-10-29 16:04:26,001 [pool-47-thread-1] INFO  segmented.SegmentedRaftLogWorker (SegmentedRaftLogWorker.java:<init>(173)) - new a34248b0-1a0e-489a-b66e-dead601c3bd5@group-E108E61D6979-SegmentedRaftLogWorker for RaftStorage:Storage Directory /workdir/hadoop-ozone/integration-test/target/test-dir/MiniOzoneClusterImpl-1caf861a-5b79-471e-86df-1b3013642f58/datanode-2/data/ratis/b13717e5-6bef-4fc8-bdaa-e108e61d6979
2019-10-29 16:04:26,000 [pool-37-thread-1] INFO  server.RaftServerConfigKeys (ConfUtils.java:logGet(43)) - raft.server.log.appender.buffer.byte-limit = 33554432 (custom)
2019-10-29 16:04:26,001 [pool-47-thread-1] INFO  server.RaftServerConfigKeys (ConfUtils.java:logGet(43)) - raft.server.log.queue.byte-limit = 2147483647 (custom)
2019-10-29 16:04:26,001 [pool-27-thread-1] INFO  server.RaftServerConfigKeys (ConfUtils.java:logGet(43)) - raft.server.log.queue.byte-limit = 2147483647 (custom)
2019-10-29 16:04:26,001 [pool-47-thread-1] INFO  server.RaftServerConfigKeys (ConfUtils.java:logGet(43)) - raft.server.log.queue.element-limit = 1024 (custom)
2019-10-29 16:04:26,001 [pool-37-thread-1] INFO  server.RaftServerConfigKeys (ConfUtils.java:logGet(43)) - raft.server.log.segment.size.max = 1048576 (custom)
2019-10-29 16:04:26,001 [pool-47-thread-1] INFO  server.RaftServerConfigKeys (ConfUtils.java:logGet(43)) - raft.server.log.segment.size.max = 1048576 (custom)
2019-10-29 16:04:26,001 [pool-27-thread-1] INFO  server.RaftServerConfigKeys (ConfUtils.java:logGet(43)) - raft.server.log.queue.element-limit = 1024 (custom)
2019-10-29 16:04:26,002 [pool-47-thread-1] INFO  server.RaftServerConfigKeys (ConfUtils.java:logGet(43)) - raft.server.log.preallocated.size = 16384 (custom)
2019-10-29 16:04:26,001 [pool-37-thread-1] INFO  server.RaftServerConfigKeys (ConfUtils.java:logGet(43)) - raft.server.log.segment.cache.num.max = 2 (custom)
2019-10-29 16:04:26,002 [pool-47-thread-1] INFO  server.RaftServerConfigKeys (ConfUtils.java:logGet(43)) - raft.server.log.write.buffer.size = 33554432 (custom)
2019-10-29 16:04:26,002 [pool-27-thread-1] INFO  server.RaftServerConfigKeys (ConfUtils.java:logGet(43)) - raft.server.log.segment.size.max = 1048576 (custom)
2019-10-29 16:04:26,002 [pool-47-thread-1] INFO  server.RaftServerConfigKeys (ConfUtils.java:logGet(43)) - raft.server.log.force.sync.num = 128 (default)
2019-10-29 16:04:26,002 [pool-37-thread-1] INFO  segmented.SegmentedRaftLogWorker (SegmentedRaftLogWorker.java:<init>(173)) - new 493bcf3e-18c5-4e2d-b119-bb4d9c9f7637@group-E108E61D6979-SegmentedRaftLogWorker for RaftStorage:Storage Directory /workdir/hadoop-ozone/integration-test/target/test-dir/MiniOzoneClusterImpl-1caf861a-5b79-471e-86df-1b3013642f58/datanode-1/data/ratis/b13717e5-6bef-4fc8-bdaa-e108e61d6979
2019-10-29 16:04:26,002 [pool-47-thread-1] INFO  server.RaftServerConfigKeys (ConfUtils.java:logGet(43)) - raft.server.log.statemachine.data.sync = true (default)
2019-10-29 16:04:26,002 [pool-27-thread-1] INFO  server.RaftServerConfigKeys (ConfUtils.java:logGet(43)) - raft.server.log.preallocated.size = 16384 (custom)
2019-10-29 16:04:26,003 [pool-37-thread-1] INFO  server.RaftServerConfigKeys (ConfUtils.java:logGet(43)) - raft.server.log.queue.byte-limit = 2147483647 (custom)
2019-10-29 16:04:26,003 [pool-27-thread-1] INFO  server.RaftServerConfigKeys (ConfUtils.java:logGet(43)) - raft.server.log.write.buffer.size = 33554432 (custom)
2019-10-29 16:04:26,003 [pool-47-thread-1] INFO  server.RaftServerConfigKeys (ConfUtils.java:logGet(43)) - raft.server.log.statemachine.data.sync.timeout = 10s (default)
2019-10-29 16:04:26,003 [pool-27-thread-1] INFO  server.RaftServerConfigKeys (ConfUtils.java:logGet(43)) - raft.server.log.force.sync.num = 128 (default)
2019-10-29 16:04:26,003 [pool-47-thread-1] INFO  server.RaftServerConfigKeys (ConfUtils.java:logGet(43)) - raft.server.log.statemachine.data.sync.timeout.retry = -1 (default)
2019-10-29 16:04:26,003 [pool-37-thread-1] INFO  server.RaftServerConfigKeys (ConfUtils.java:logGet(43)) - raft.server.log.queue.element-limit = 1024 (custom)
2019-10-29 16:04:26,003 [pool-27-thread-1] INFO  server.RaftServerConfigKeys (ConfUtils.java:logGet(43)) - raft.server.log.statemachine.data.sync = true (default)
2019-10-29 16:04:26,004 [pool-47-thread-1] INFO  server.RaftServerConfigKeys (ConfUtils.java:logGet(43)) - raft.server.log.statemachine.data.caching.enabled = true (custom)
2019-10-29 16:04:26,003 [pool-37-thread-1] INFO  server.RaftServerConfigKeys (ConfUtils.java:logGet(43)) - raft.server.log.segment.size.max = 1048576 (custom)
2019-10-29 16:04:26,004 [pool-27-thread-1] INFO  server.RaftServerConfigKeys (ConfUtils.java:logGet(43)) - raft.server.log.statemachine.data.sync.timeout = 10s (default)
2019-10-29 16:04:26,004 [pool-37-thread-1] INFO  server.RaftServerConfigKeys (ConfUtils.java:logGet(43)) - raft.server.log.preallocated.size = 16384 (custom)
2019-10-29 16:04:26,004 [pool-27-thread-1] INFO  server.RaftServerConfigKeys (ConfUtils.java:logGet(43)) - raft.server.log.statemachine.data.sync.timeout.retry = -1 (default)
2019-10-29 16:04:26,004 [pool-37-thread-1] INFO  server.RaftServerConfigKeys (ConfUtils.java:logGet(43)) - raft.server.log.write.buffer.size = 33554432 (custom)
2019-10-29 16:04:26,004 [pool-47-thread-1] INFO  segmented.SegmentedRaftLogWorker (SegmentedRaftLogWorker.java:lambda$new$0(128)) - a34248b0-1a0e-489a-b66e-dead601c3bd5@group-E108E61D6979-SegmentedRaftLogWorker: flushIndex: setUnconditionally 0 -> -1
2019-10-29 16:04:26,004 [pool-37-thread-1] INFO  server.RaftServerConfigKeys (ConfUtils.java:logGet(43)) - raft.server.log.force.sync.num = 128 (default)
2019-10-29 16:04:26,004 [pool-27-thread-1] INFO  server.RaftServerConfigKeys (ConfUtils.java:logGet(43)) - raft.server.log.statemachine.data.caching.enabled = true (custom)
2019-10-29 16:04:26,005 [pool-47-thread-1] INFO  server.RaftServerConfigKeys (ConfUtils.java:logGet(43)) - raft.server.snapshot.auto.trigger.enabled = true (custom)
2019-10-29 16:04:26,005 [pool-37-thread-1] INFO  server.RaftServerConfigKeys (ConfUtils.java:logGet(43)) - raft.server.log.statemachine.data.sync = true (default)
2019-10-29 16:04:26,005 [pool-47-thread-1] INFO  server.RaftServerConfigKeys (ConfUtils.java:logGet(43)) - raft.server.snapshot.auto.trigger.threshold = 10000 (custom)
2019-10-29 16:04:26,005 [pool-27-thread-1] INFO  segmented.SegmentedRaftLogWorker (SegmentedRaftLogWorker.java:lambda$new$0(128)) - 51ff0cab-3f07-4fdc-be2e-0b88d9ae56d8@group-E108E61D6979-SegmentedRaftLogWorker: flushIndex: setUnconditionally 0 -> -1
2019-10-29 16:04:26,005 [pool-47-thread-1] INFO  server.RaftServerConfigKeys (ConfUtils.java:logGet(43)) - raft.server.snapshot.retention.file.num = 5 (custom)
2019-10-29 16:04:26,005 [pool-37-thread-1] INFO  server.RaftServerConfigKeys (ConfUtils.java:logGet(43)) - raft.server.log.statemachine.data.sync.timeout = 10s (default)
2019-10-29 16:04:26,006 [pool-47-thread-1] INFO  server.RaftServerConfigKeys (ConfUtils.java:logGet(43)) - raft.server.retrycache.expirytime = 600000ms (custom)
2019-10-29 16:04:26,006 [pool-27-thread-1] INFO  server.RaftServerConfigKeys (ConfUtils.java:logGet(43)) - raft.server.snapshot.auto.trigger.enabled = true (custom)
2019-10-29 16:04:26,006 [pool-47-thread-1] WARN  impl.MetricRegistriesImpl (MetricRegistriesImpl.java:lambda$create$1(61)) - First MetricRegistry has been created without registering reporters. You may need to call MetricRegistries.global().addReportRegistration(...) before.
2019-10-29 16:04:26,006 [pool-37-thread-1] INFO  server.RaftServerConfigKeys (ConfUtils.java:logGet(43)) - raft.server.log.statemachine.data.sync.timeout.retry = -1 (default)
2019-10-29 16:04:26,006 [pool-47-thread-1] WARN  impl.MetricRegistriesImpl (MetricRegistriesImpl.java:lambda$create$1(61)) - First MetricRegistry has been created without registering reporters. You may need to call MetricRegistries.global().addReportRegistration(...) before.
2019-10-29 16:04:26,006 [pool-27-thread-1] INFO  server.RaftServerConfigKeys (ConfUtils.java:logGet(43)) - raft.server.snapshot.auto.trigger.threshold = 10000 (custom)
2019-10-29 16:04:26,007 [pool-37-thread-1] INFO  server.RaftServerConfigKeys (ConfUtils.java:logGet(43)) - raft.server.log.statemachine.data.caching.enabled = true (custom)
2019-10-29 16:04:26,007 [pool-47-thread-1] INFO  impl.RaftServerImpl (RaftServerImpl.java:start(184)) - a34248b0-1a0e-489a-b66e-dead601c3bd5@group-E108E61D6979: start as a follower, conf=-1: [493bcf3e-18c5-4e2d-b119-bb4d9c9f7637:192.168.164.217:34451, a34248b0-1a0e-489a-b66e-dead601c3bd5:192.168.164.217:43079, 51ff0cab-3f07-4fdc-be2e-0b88d9ae56d8:192.168.164.217:44021], old=null
2019-10-29 16:04:26,007 [pool-27-thread-1] INFO  server.RaftServerConfigKeys (ConfUtils.java:logGet(43)) - raft.server.snapshot.retention.file.num = 5 (custom)
2019-10-29 16:04:26,007 [pool-47-thread-1] INFO  impl.RaftServerImpl (RaftServerImpl.java:setRole(173)) - a34248b0-1a0e-489a-b66e-dead601c3bd5@group-E108E61D6979: changes role from      null to FOLLOWER at term 0 for startAsFollower
2019-10-29 16:04:26,007 [pool-37-thread-1] INFO  segmented.SegmentedRaftLogWorker (SegmentedRaftLogWorker.java:lambda$new$0(128)) - 493bcf3e-18c5-4e2d-b119-bb4d9c9f7637@group-E108E61D6979-SegmentedRaftLogWorker: flushIndex: setUnconditionally 0 -> -1
2019-10-29 16:04:26,007 [pool-27-thread-1] INFO  server.RaftServerConfigKeys (ConfUtils.java:logGet(43)) - raft.server.retrycache.expirytime = 600000ms (custom)
2019-10-29 16:04:26,007 [pool-47-thread-1] INFO  impl.RoleInfo (RoleInfo.java:updateAndGet(143)) - a34248b0-1a0e-489a-b66e-dead601c3bd5: start FollowerState
2019-10-29 16:04:26,008 [pool-27-thread-1] WARN  impl.MetricRegistriesImpl (MetricRegistriesImpl.java:lambda$create$1(61)) - First MetricRegistry has been created without registering reporters. You may need to call MetricRegistries.global().addReportRegistration(...) before.
2019-10-29 16:04:26,008 [pool-37-thread-1] INFO  server.RaftServerConfigKeys (ConfUtils.java:logGet(43)) - raft.server.snapshot.auto.trigger.enabled = true (custom)
2019-10-29 16:04:26,008 [pool-27-thread-1] WARN  impl.MetricRegistriesImpl (MetricRegistriesImpl.java:lambda$create$1(61)) - First MetricRegistry has been created without registering reporters. You may need to call MetricRegistries.global().addReportRegistration(...) before.
2019-10-29 16:04:26,008 [pool-37-thread-1] INFO  server.RaftServerConfigKeys (ConfUtils.java:logGet(43)) - raft.server.snapshot.auto.trigger.threshold = 10000 (custom)
2019-10-29 16:04:26,008 [pool-27-thread-1] INFO  impl.RaftServerImpl (RaftServerImpl.java:start(184)) - 51ff0cab-3f07-4fdc-be2e-0b88d9ae56d8@group-E108E61D6979: start as a follower, conf=-1: [493bcf3e-18c5-4e2d-b119-bb4d9c9f7637:192.168.164.217:34451, a34248b0-1a0e-489a-b66e-dead601c3bd5:192.168.164.217:43079, 51ff0cab-3f07-4fdc-be2e-0b88d9ae56d8:192.168.164.217:44021], old=null
2019-10-29 16:04:26,008 [pool-47-thread-1] INFO  util.JmxRegister (JmxRegister.java:tryRegister(44)) - Successfully registered JMX Bean with object name Ratis:service=RaftServer,group=group-E108E61D6979,id=a34248b0-1a0e-489a-b66e-dead601c3bd5
2019-10-29 16:04:26,008 [pool-27-thread-1] INFO  impl.RaftServerImpl (RaftServerImpl.java:setRole(173)) - 51ff0cab-3f07-4fdc-be2e-0b88d9ae56d8@group-E108E61D6979: changes role from      null to FOLLOWER at term 0 for startAsFollower
2019-10-29 16:04:26,008 [pool-37-thread-1] INFO  server.RaftServerConfigKeys (ConfUtils.java:logGet(43)) - raft.server.snapshot.retention.file.num = 5 (custom)
2019-10-29 16:04:26,009 [pool-27-thread-1] INFO  impl.RoleInfo (RoleInfo.java:updateAndGet(143)) - 51ff0cab-3f07-4fdc-be2e-0b88d9ae56d8: start FollowerState
2019-10-29 16:04:26,009 [pool-47-thread-1] WARN  impl.MetricRegistriesImpl (MetricRegistriesImpl.java:lambda$create$1(61)) - First MetricRegistry has been created without registering reporters. You may need to call MetricRegistries.global().addReportRegistration(...) before.
2019-10-29 16:04:26,009 [pool-37-thread-1] INFO  server.RaftServerConfigKeys (ConfUtils.java:logGet(43)) - raft.server.retrycache.expirytime = 600000ms (custom)
2019-10-29 16:04:26,009 [pool-27-thread-1] INFO  util.JmxRegister (JmxRegister.java:tryRegister(44)) - Successfully registered JMX Bean with object name Ratis:service=RaftServer,group=group-E108E61D6979,id=51ff0cab-3f07-4fdc-be2e-0b88d9ae56d8
2019-10-29 16:04:26,009 [pool-37-thread-1] WARN  impl.MetricRegistriesImpl (MetricRegistriesImpl.java:lambda$create$1(61)) - First MetricRegistry has been created without registering reporters. You may need to call MetricRegistries.global().addReportRegistration(...) before.
2019-10-29 16:04:26,009 [pool-27-thread-1] WARN  impl.MetricRegistriesImpl (MetricRegistriesImpl.java:lambda$create$1(61)) - First MetricRegistry has been created without registering reporters. You may need to call MetricRegistries.global().addReportRegistration(...) before.
2019-10-29 16:04:26,009 [pool-37-thread-1] WARN  impl.MetricRegistriesImpl (MetricRegistriesImpl.java:lambda$create$1(61)) - First MetricRegistry has been created without registering reporters. You may need to call MetricRegistries.global().addReportRegistration(...) before.
2019-10-29 16:04:26,010 [Command processor thread] INFO  commandhandler.CreatePipelineCommandHandler (CreatePipelineCommandHandler.java:handle(86)) - Create Pipeline RATIS THREE #id: "b13717e5-6bef-4fc8-bdaa-e108e61d6979"
 command succeed on datanode a34248b0-1a0e-489a-b66e-dead601c3bd5.
2019-10-29 16:04:26,010 [pool-37-thread-1] INFO  impl.RaftServerImpl (RaftServerImpl.java:start(184)) - 493bcf3e-18c5-4e2d-b119-bb4d9c9f7637@group-E108E61D6979: start as a follower, conf=-1: [493bcf3e-18c5-4e2d-b119-bb4d9c9f7637:192.168.164.217:34451, a34248b0-1a0e-489a-b66e-dead601c3bd5:192.168.164.217:43079, 51ff0cab-3f07-4fdc-be2e-0b88d9ae56d8:192.168.164.217:44021], old=null
2019-10-29 16:04:26,010 [Command processor thread] INFO  commandhandler.CreatePipelineCommandHandler (CreatePipelineCommandHandler.java:handle(86)) - Create Pipeline RATIS THREE #id: "b13717e5-6bef-4fc8-bdaa-e108e61d6979"
 command succeed on datanode 51ff0cab-3f07-4fdc-be2e-0b88d9ae56d8.
2019-10-29 16:04:26,010 [pool-37-thread-1] INFO  impl.RaftServerImpl (RaftServerImpl.java:setRole(173)) - 493bcf3e-18c5-4e2d-b119-bb4d9c9f7637@group-E108E61D6979: changes role from      null to FOLLOWER at term 0 for startAsFollower
2019-10-29 16:04:26,010 [pool-37-thread-1] INFO  impl.RoleInfo (RoleInfo.java:updateAndGet(143)) - 493bcf3e-18c5-4e2d-b119-bb4d9c9f7637: start FollowerState
2019-10-29 16:04:26,012 [pool-37-thread-1] INFO  util.JmxRegister (JmxRegister.java:tryRegister(44)) - Successfully registered JMX Bean with object name Ratis:service=RaftServer,group=group-E108E61D6979,id=493bcf3e-18c5-4e2d-b119-bb4d9c9f7637
2019-10-29 16:04:26,012 [pool-37-thread-1] WARN  impl.MetricRegistriesImpl (MetricRegistriesImpl.java:lambda$create$1(61)) - First MetricRegistry has been created without registering reporters. You may need to call MetricRegistries.global().addReportRegistration(...) before.
2019-10-29 16:04:26,013 [EventQueue-PipelineReportForPipelineReportHandler] INFO  pipeline.PipelineReportHandler (PipelineReportHandler.java:processPipelineReport(104)) - Pipeline THREE PipelineID=b13717e5-6bef-4fc8-bdaa-e108e61d6979 reported by a34248b0-1a0e-489a-b66e-dead601c3bd5{ip: 192.168.164.217, host: pr-hdds-2034-76npd-2451761435, networkLocation: /default-rack, certSerialId: null}
2019-10-29 16:04:26,013 [EventQueue-PipelineReportForPipelineReportHandler] INFO  pipeline.PipelineReportHandler (PipelineReportHandler.java:processPipelineReport(104)) - Pipeline THREE PipelineID=b13717e5-6bef-4fc8-bdaa-e108e61d6979 reported by 51ff0cab-3f07-4fdc-be2e-0b88d9ae56d8{ip: 192.168.164.217, host: pr-hdds-2034-76npd-2451761435, networkLocation: /default-rack, certSerialId: null}
2019-10-29 16:04:26,013 [EventQueue-OpenPipelineForHealthyPipelineSafeModeRule] INFO  safemode.SCMSafeModeManager (HealthyPipelineSafeModeRule.java:process(125)) - SCM in safe mode. Healthy pipelines reported count is 1, required healthy pipeline reported count is 1
2019-10-29 16:04:26,013 [Command processor thread] INFO  commandhandler.CreatePipelineCommandHandler (CreatePipelineCommandHandler.java:handle(86)) - Create Pipeline RATIS THREE #id: "b13717e5-6bef-4fc8-bdaa-e108e61d6979"
 command succeed on datanode 493bcf3e-18c5-4e2d-b119-bb4d9c9f7637.
2019-10-29 16:04:26,013 [EventQueue-OpenPipelineForOneReplicaPipelineSafeModeRule] INFO  safemode.SCMSafeModeManager (SCMSafeModeManager.java:validateSafeModeExitRules(176)) - AtleastOneDatanodeReportedRule rule is successfully validated
2019-10-29 16:04:26,013 [EventQueue-OpenPipelineForHealthyPipelineSafeModeRule] INFO  safemode.SCMSafeModeManager (SCMSafeModeManager.java:validateSafeModeExitRules(176)) - HealthyPipelineSafeModeRule rule is successfully validated
2019-10-29 16:04:26,014 [EventQueue-OpenPipelineForHealthyPipelineSafeModeRule] INFO  safemode.SCMSafeModeManager (SCMSafeModeManager.java:validateSafeModeExitRules(185)) - ScmSafeModeManager, all rules are successfully validated
2019-10-29 16:04:26,014 [EventQueue-OpenPipelineForHealthyPipelineSafeModeRule] INFO  safemode.SCMSafeModeManager (SCMSafeModeManager.java:exitSafeMode(201)) - SCM exiting safe mode.
2019-10-29 16:04:26,015 [EventQueue-OpenPipelineForOneReplicaPipelineSafeModeRule] INFO  safemode.SCMSafeModeManager (SCMSafeModeManager.java:validateSafeModeExitRules(176)) - AtleastOneDatanodeReportedRule rule is successfully validated
2019-10-29 16:04:26,015 [EventQueue-OpenPipelineForOneReplicaPipelineSafeModeRule] INFO  safemode.SCMSafeModeManager (SCMSafeModeManager.java:validateSafeModeExitRules(185)) - ScmSafeModeManager, all rules are successfully validated
2019-10-29 16:04:26,015 [EventQueue-OpenPipelineForOneReplicaPipelineSafeModeRule] INFO  safemode.SCMSafeModeManager (SCMSafeModeManager.java:exitSafeMode(201)) - SCM exiting safe mode.
2019-10-29 16:04:26,015 [EventQueue-PipelineReportForPipelineReportHandler] INFO  pipeline.PipelineReportHandler (PipelineReportHandler.java:processPipelineReport(104)) - Pipeline THREE PipelineID=b13717e5-6bef-4fc8-bdaa-e108e61d6979 reported by 493bcf3e-18c5-4e2d-b119-bb4d9c9f7637{ip: 192.168.164.217, host: pr-hdds-2034-76npd-2451761435, networkLocation: /default-rack, certSerialId: null}
2019-10-29 16:04:26,015 [EventQueue-PipelineReportForPipelineReportHandler] INFO  pipeline.PipelineStateManager (PipelineStateManager.java:openPipeline(134)) - Pipeline Pipeline[ Id: b13717e5-6bef-4fc8-bdaa-e108e61d6979, Nodes: 493bcf3e-18c5-4e2d-b119-bb4d9c9f7637{ip: 192.168.164.217, host: pr-hdds-2034-76npd-2451761435, networkLocation: /default-rack, certSerialId: null}a34248b0-1a0e-489a-b66e-dead601c3bd5{ip: 192.168.164.217, host: pr-hdds-2034-76npd-2451761435, networkLocation: /default-rack, certSerialId: null}51ff0cab-3f07-4fdc-be2e-0b88d9ae56d8{ip: 192.168.164.217, host: pr-hdds-2034-76npd-2451761435, networkLocation: /default-rack, certSerialId: null}, Type:RATIS, Factor:THREE, State:ALLOCATED] moved to OPEN state
2019-10-29 16:04:26,903 [main] INFO  ozone.MiniOzoneClusterImpl (MiniOzoneClusterImpl.java:lambda$waitForClusterToBeReady$0(149)) - Nodes are ready. Got 3 of 3 DN Heartbeats.
2019-10-29 16:04:26,904 [main] INFO  ozone.MiniOzoneClusterImpl (MiniOzoneClusterImpl.java:lambda$waitForClusterToBeReady$0(152)) - Cluster exits safe mode
2019-10-29 16:04:29,029 [Thread-193] INFO  container.ReplicationManager (ReplicationManager.java:start(162)) - Starting Replication Monitor Thread.
2019-10-29 16:04:29,032 [Thread-194] INFO  container.ReplicationManager (ReplicationManager.java:start(169)) - Replication Monitor Thread is already running.
2019-10-29 16:04:29,034 [ReplicationMonitor] INFO  container.ReplicationManager (ReplicationManager.java:run(225)) - Replication Monitor Thread took 1 milliseconds for processing 0 containers.
2019-10-29 16:04:30,450 [main] INFO  rpc.RpcClient (RpcClient.java:createVolume(272)) - Creating Volume: test, with jenkins1000 as owner.
2019-10-29 16:04:30,669 [IPC Server handler 2 on 34567] INFO  volume.OMVolumeCreateRequest (OMVolumeCreateRequest.java:validateAndUpdateCache(193)) - created volume:test for user:jenkins1000
2019-10-29 16:04:30,697 [main] INFO  rpc.RpcClient (RpcClient.java:createBucket(411)) - Creating Bucket: test/test, with Versioning false and Storage Type set to DISK and Encryption set to false 
2019-10-29 16:04:30,773 [IPC Server handler 0 on 45909] INFO  pipeline.PipelineStateManager (PipelineStateManager.java:addPipeline(56)) - Created pipeline Pipeline[ Id: 81dabd5c-f21c-46fc-9c53-9df77ffd4c82, Nodes: a34248b0-1a0e-489a-b66e-dead601c3bd5{ip: 192.168.164.217, host: pr-hdds-2034-76npd-2451761435, networkLocation: /default-rack, certSerialId: null}, Type:STAND_ALONE, Factor:ONE, State:OPEN]
2019-10-29 16:04:30,861 [main] INFO  impl.MetricsSystemImpl (MetricsSystemImpl.java:init(158)) - XceiverClientMetrics metrics system started (again)
2019-10-29 16:04:31,021 [Thread-191] INFO  impl.FollowerState (FollowerState.java:run(111)) - 493bcf3e-18c5-4e2d-b119-bb4d9c9f7637@group-E108E61D6979-FollowerState: change to CANDIDATE, lastRpcTime:5010ms, electionTimeout:5009ms
2019-10-29 16:04:31,023 [Thread-191] INFO  impl.RoleInfo (RoleInfo.java:shutdownFollowerState(121)) - 493bcf3e-18c5-4e2d-b119-bb4d9c9f7637: shutdown FollowerState
2019-10-29 16:04:31,023 [Thread-191] INFO  impl.RaftServerImpl (RaftServerImpl.java:setRole(173)) - 493bcf3e-18c5-4e2d-b119-bb4d9c9f7637@group-E108E61D6979: changes role from  FOLLOWER to CANDIDATE at term 0 for changeToCandidate
2019-10-29 16:04:31,026 [Thread-191] INFO  impl.RoleInfo (RoleInfo.java:updateAndGet(143)) - 493bcf3e-18c5-4e2d-b119-bb4d9c9f7637: start LeaderElection
2019-10-29 16:04:31,042 [493bcf3e-18c5-4e2d-b119-bb4d9c9f7637@group-E108E61D6979-LeaderElection1] INFO  impl.LeaderElection (LeaderElection.java:askForVotes(178)) - 493bcf3e-18c5-4e2d-b119-bb4d9c9f7637@group-E108E61D6979-LeaderElection1: begin an election at term 1 for -1: [493bcf3e-18c5-4e2d-b119-bb4d9c9f7637:192.168.164.217:34451, a34248b0-1a0e-489a-b66e-dead601c3bd5:192.168.164.217:43079, 51ff0cab-3f07-4fdc-be2e-0b88d9ae56d8:192.168.164.217:44021], old=null
2019-10-29 16:04:31,043 [Thread-189] INFO  impl.FollowerState (FollowerState.java:run(111)) - 51ff0cab-3f07-4fdc-be2e-0b88d9ae56d8@group-E108E61D6979-FollowerState: change to CANDIDATE, lastRpcTime:5034ms, electionTimeout:5034ms
2019-10-29 16:04:31,044 [Thread-189] INFO  impl.RoleInfo (RoleInfo.java:shutdownFollowerState(121)) - 51ff0cab-3f07-4fdc-be2e-0b88d9ae56d8: shutdown FollowerState
2019-10-29 16:04:31,044 [Thread-189] INFO  impl.RaftServerImpl (RaftServerImpl.java:setRole(173)) - 51ff0cab-3f07-4fdc-be2e-0b88d9ae56d8@group-E108E61D6979: changes role from  FOLLOWER to CANDIDATE at term 0 for changeToCandidate
2019-10-29 16:04:31,045 [Thread-189] INFO  impl.RoleInfo (RoleInfo.java:updateAndGet(143)) - 51ff0cab-3f07-4fdc-be2e-0b88d9ae56d8: start LeaderElection
2019-10-29 16:04:31,050 [Thread-182] INFO  impl.FollowerState (FollowerState.java:run(111)) - a34248b0-1a0e-489a-b66e-dead601c3bd5@group-DD8F829A5952-FollowerState: change to CANDIDATE, lastRpcTime:5107ms, electionTimeout:5105ms
2019-10-29 16:04:31,050 [Thread-182] INFO  impl.RoleInfo (RoleInfo.java:shutdownFollowerState(121)) - a34248b0-1a0e-489a-b66e-dead601c3bd5: shutdown FollowerState
2019-10-29 16:04:31,050 [Thread-182] INFO  impl.RaftServerImpl (RaftServerImpl.java:setRole(173)) - a34248b0-1a0e-489a-b66e-dead601c3bd5@group-DD8F829A5952: changes role from  FOLLOWER to CANDIDATE at term 0 for changeToCandidate
2019-10-29 16:04:31,050 [Thread-182] INFO  impl.RoleInfo (RoleInfo.java:updateAndGet(143)) - a34248b0-1a0e-489a-b66e-dead601c3bd5: start LeaderElection
2019-10-29 16:04:31,060 [a34248b0-1a0e-489a-b66e-dead601c3bd5@group-DD8F829A5952-LeaderElection3] INFO  impl.LeaderElection (LeaderElection.java:askForVotes(178)) - a34248b0-1a0e-489a-b66e-dead601c3bd5@group-DD8F829A5952-LeaderElection3: begin an election at term 1 for -1: [a34248b0-1a0e-489a-b66e-dead601c3bd5:192.168.164.217:43079], old=null
2019-10-29 16:04:31,060 [51ff0cab-3f07-4fdc-be2e-0b88d9ae56d8@group-E108E61D6979-LeaderElection2] INFO  impl.LeaderElection (LeaderElection.java:askForVotes(178)) - 51ff0cab-3f07-4fdc-be2e-0b88d9ae56d8@group-E108E61D6979-LeaderElection2: begin an election at term 1 for -1: [493bcf3e-18c5-4e2d-b119-bb4d9c9f7637:192.168.164.217:34451, a34248b0-1a0e-489a-b66e-dead601c3bd5:192.168.164.217:43079, 51ff0cab-3f07-4fdc-be2e-0b88d9ae56d8:192.168.164.217:44021], old=null
2019-10-29 16:04:31,062 [a34248b0-1a0e-489a-b66e-dead601c3bd5@group-DD8F829A5952-LeaderElection3] INFO  impl.RoleInfo (RoleInfo.java:shutdownLeaderElection(134)) - a34248b0-1a0e-489a-b66e-dead601c3bd5: shutdown LeaderElection
2019-10-29 16:04:31,063 [a34248b0-1a0e-489a-b66e-dead601c3bd5@group-DD8F829A5952-LeaderElection3] INFO  impl.RaftServerImpl (RaftServerImpl.java:setRole(173)) - a34248b0-1a0e-489a-b66e-dead601c3bd5@group-DD8F829A5952: changes role from CANDIDATE to LEADER at term 1 for changeToLeader
2019-10-29 16:04:31,063 [a34248b0-1a0e-489a-b66e-dead601c3bd5@group-DD8F829A5952-LeaderElection3] INFO  impl.RaftServerImpl (ServerState.java:setLeader(255)) - a34248b0-1a0e-489a-b66e-dead601c3bd5@group-DD8F829A5952: change Leader from null to a34248b0-1a0e-489a-b66e-dead601c3bd5 at term 1 for becomeLeader, leader elected after 5131ms
2019-10-29 16:04:31,329 [Thread-188] INFO  impl.FollowerState (FollowerState.java:run(111)) - a34248b0-1a0e-489a-b66e-dead601c3bd5@group-E108E61D6979-FollowerState: change to CANDIDATE, lastRpcTime:5321ms, electionTimeout:5137ms
2019-10-29 16:04:31,329 [Thread-181] INFO  impl.FollowerState (FollowerState.java:run(111)) - 51ff0cab-3f07-4fdc-be2e-0b88d9ae56d8@group-E880EED20B71-FollowerState: change to CANDIDATE, lastRpcTime:5385ms, electionTimeout:5173ms
2019-10-29 16:04:31,329 [Thread-188] INFO  impl.RoleInfo (RoleInfo.java:shutdownFollowerState(121)) - a34248b0-1a0e-489a-b66e-dead601c3bd5: shutdown FollowerState
2019-10-29 16:04:31,329 [Thread-183] INFO  impl.FollowerState (FollowerState.java:run(111)) - 493bcf3e-18c5-4e2d-b119-bb4d9c9f7637@group-D8574F06856E-FollowerState: change to CANDIDATE, lastRpcTime:5385ms, electionTimeout:5180ms
2019-10-29 16:04:31,329 [Thread-181] INFO  impl.RoleInfo (RoleInfo.java:shutdownFollowerState(121)) - 51ff0cab-3f07-4fdc-be2e-0b88d9ae56d8: shutdown FollowerState
2019-10-29 16:04:31,330 [Thread-183] INFO  impl.RoleInfo (RoleInfo.java:shutdownFollowerState(121)) - 493bcf3e-18c5-4e2d-b119-bb4d9c9f7637: shutdown FollowerState
2019-10-29 16:04:31,331 [Thread-181] INFO  impl.RaftServerImpl (RaftServerImpl.java:setRole(173)) - 51ff0cab-3f07-4fdc-be2e-0b88d9ae56d8@group-E880EED20B71: changes role from  FOLLOWER to CANDIDATE at term 0 for changeToCandidate
2019-10-29 16:04:31,331 [Thread-188] INFO  impl.RaftServerImpl (RaftServerImpl.java:setRole(173)) - a34248b0-1a0e-489a-b66e-dead601c3bd5@group-E108E61D6979: changes role from  FOLLOWER to CANDIDATE at term 0 for changeToCandidate
2019-10-29 16:04:31,331 [Thread-181] INFO  impl.RoleInfo (RoleInfo.java:updateAndGet(143)) - 51ff0cab-3f07-4fdc-be2e-0b88d9ae56d8: start LeaderElection
2019-10-29 16:04:31,331 [Thread-183] INFO  impl.RaftServerImpl (RaftServerImpl.java:setRole(173)) - 493bcf3e-18c5-4e2d-b119-bb4d9c9f7637@group-D8574F06856E: changes role from  FOLLOWER to CANDIDATE at term 0 for changeToCandidate
2019-10-29 16:04:31,331 [Thread-188] INFO  impl.RoleInfo (RoleInfo.java:updateAndGet(143)) - a34248b0-1a0e-489a-b66e-dead601c3bd5: start LeaderElection
2019-10-29 16:04:31,332 [Thread-183] INFO  impl.RoleInfo (RoleInfo.java:updateAndGet(143)) - 493bcf3e-18c5-4e2d-b119-bb4d9c9f7637: start LeaderElection
2019-10-29 16:04:31,341 [a34248b0-1a0e-489a-b66e-dead601c3bd5@group-DD8F829A5952-LeaderElection3] INFO  server.RaftServerConfigKeys (ConfUtils.java:logGet(43)) - raft.server.staging.catchup.gap = 1000 (default)
2019-10-29 16:04:31,341 [a34248b0-1a0e-489a-b66e-dead601c3bd5@group-DD8F829A5952-LeaderElection3] INFO  server.RaftServerConfigKeys (ConfUtils.java:logGet(43)) - raft.server.rpc.sleep.time = 25ms (default)
2019-10-29 16:04:31,349 [a34248b0-1a0e-489a-b66e-dead601c3bd5@group-DD8F829A5952-LeaderElection3] INFO  server.RaftServerConfigKeys (ConfUtils.java:logGet(43)) - raft.server.write.element-limit = 4096 (default)
2019-10-29 16:04:31,366 [51ff0cab-3f07-4fdc-be2e-0b88d9ae56d8@group-E880EED20B71-LeaderElection4] INFO  impl.LeaderElection (LeaderElection.java:askForVotes(178)) - 51ff0cab-3f07-4fdc-be2e-0b88d9ae56d8@group-E880EED20B71-LeaderElection4: begin an election at term 1 for -1: [51ff0cab-3f07-4fdc-be2e-0b88d9ae56d8:192.168.164.217:44021], old=null
2019-10-29 16:04:31,369 [493bcf3e-18c5-4e2d-b119-bb4d9c9f7637@group-D8574F06856E-LeaderElection6] INFO  impl.LeaderElection (LeaderElection.java:askForVotes(178)) - 493bcf3e-18c5-4e2d-b119-bb4d9c9f7637@group-D8574F06856E-LeaderElection6: begin an election at term 1 for -1: [493bcf3e-18c5-4e2d-b119-bb4d9c9f7637:192.168.164.217:34451], old=null
2019-10-29 16:04:31,369 [a34248b0-1a0e-489a-b66e-dead601c3bd5@group-E108E61D6979-LeaderElection5] INFO  impl.LeaderElection (LeaderElection.java:askForVotes(178)) - a34248b0-1a0e-489a-b66e-dead601c3bd5@group-E108E61D6979-LeaderElection5: begin an election at term 1 for -1: [493bcf3e-18c5-4e2d-b119-bb4d9c9f7637:192.168.164.217:34451, a34248b0-1a0e-489a-b66e-dead601c3bd5:192.168.164.217:43079, 51ff0cab-3f07-4fdc-be2e-0b88d9ae56d8:192.168.164.217:44021], old=null
2019-10-29 16:04:31,370 [493bcf3e-18c5-4e2d-b119-bb4d9c9f7637@group-D8574F06856E-LeaderElection6] INFO  impl.RoleInfo (RoleInfo.java:shutdownLeaderElection(134)) - 493bcf3e-18c5-4e2d-b119-bb4d9c9f7637: shutdown LeaderElection
2019-10-29 16:04:31,370 [51ff0cab-3f07-4fdc-be2e-0b88d9ae56d8@group-E880EED20B71-LeaderElection4] INFO  impl.RoleInfo (RoleInfo.java:shutdownLeaderElection(134)) - 51ff0cab-3f07-4fdc-be2e-0b88d9ae56d8: shutdown LeaderElection
2019-10-29 16:04:31,370 [493bcf3e-18c5-4e2d-b119-bb4d9c9f7637@group-D8574F06856E-LeaderElection6] INFO  impl.RaftServerImpl (RaftServerImpl.java:setRole(173)) - 493bcf3e-18c5-4e2d-b119-bb4d9c9f7637@group-D8574F06856E: changes role from CANDIDATE to LEADER at term 1 for changeToLeader
2019-10-29 16:04:31,370 [51ff0cab-3f07-4fdc-be2e-0b88d9ae56d8@group-E880EED20B71-LeaderElection4] INFO  impl.RaftServerImpl (RaftServerImpl.java:setRole(173)) - 51ff0cab-3f07-4fdc-be2e-0b88d9ae56d8@group-E880EED20B71: changes role from CANDIDATE to LEADER at term 1 for changeToLeader
2019-10-29 16:04:31,370 [493bcf3e-18c5-4e2d-b119-bb4d9c9f7637@group-D8574F06856E-LeaderElection6] INFO  impl.RaftServerImpl (ServerState.java:setLeader(255)) - 493bcf3e-18c5-4e2d-b119-bb4d9c9f7637@group-D8574F06856E: change Leader from null to 493bcf3e-18c5-4e2d-b119-bb4d9c9f7637 at term 1 for becomeLeader, leader elected after 5521ms
2019-10-29 16:04:31,370 [51ff0cab-3f07-4fdc-be2e-0b88d9ae56d8@group-E880EED20B71-LeaderElection4] INFO  impl.RaftServerImpl (ServerState.java:setLeader(255)) - 51ff0cab-3f07-4fdc-be2e-0b88d9ae56d8@group-E880EED20B71: change Leader from null to 51ff0cab-3f07-4fdc-be2e-0b88d9ae56d8 at term 1 for becomeLeader, leader elected after 5533ms
2019-10-29 16:04:31,371 [493bcf3e-18c5-4e2d-b119-bb4d9c9f7637@group-D8574F06856E-LeaderElection6] INFO  server.RaftServerConfigKeys (ConfUtils.java:logGet(43)) - raft.server.staging.catchup.gap = 1000 (default)
2019-10-29 16:04:31,371 [51ff0cab-3f07-4fdc-be2e-0b88d9ae56d8@group-E880EED20B71-LeaderElection4] INFO  server.RaftServerConfigKeys (ConfUtils.java:logGet(43)) - raft.server.staging.catchup.gap = 1000 (default)
2019-10-29 16:04:31,371 [493bcf3e-18c5-4e2d-b119-bb4d9c9f7637@group-D8574F06856E-LeaderElection6] INFO  server.RaftServerConfigKeys (ConfUtils.java:logGet(43)) - raft.server.rpc.sleep.time = 25ms (default)
2019-10-29 16:04:31,371 [51ff0cab-3f07-4fdc-be2e-0b88d9ae56d8@group-E880EED20B71-LeaderElection4] INFO  server.RaftServerConfigKeys (ConfUtils.java:logGet(43)) - raft.server.rpc.sleep.time = 25ms (default)
2019-10-29 16:04:31,371 [493bcf3e-18c5-4e2d-b119-bb4d9c9f7637@group-D8574F06856E-LeaderElection6] INFO  server.RaftServerConfigKeys (ConfUtils.java:logGet(43)) - raft.server.write.element-limit = 4096 (default)
2019-10-29 16:04:31,371 [51ff0cab-3f07-4fdc-be2e-0b88d9ae56d8@group-E880EED20B71-LeaderElection4] INFO  server.RaftServerConfigKeys (ConfUtils.java:logGet(43)) - raft.server.write.element-limit = 4096 (default)
2019-10-29 16:04:31,377 [a34248b0-1a0e-489a-b66e-dead601c3bd5@group-DD8F829A5952-LeaderElection3] INFO  server.RaftServerConfigKeys (ConfUtils.java:logGet(43)) - raft.server.watch.timeout = 10s (default)
2019-10-29 16:04:31,378 [493bcf3e-18c5-4e2d-b119-bb4d9c9f7637@group-D8574F06856E-LeaderElection6] INFO  server.RaftServerConfigKeys (ConfUtils.java:logGet(43)) - raft.server.watch.timeout = 10s (default)
2019-10-29 16:04:31,378 [a34248b0-1a0e-489a-b66e-dead601c3bd5@group-DD8F829A5952-LeaderElection3] INFO  server.RaftServerConfigKeys (ConfUtils.java:logGet(43)) - raft.server.watch.timeout.denomination = 1s (default)
2019-10-29 16:04:31,378 [51ff0cab-3f07-4fdc-be2e-0b88d9ae56d8@group-E880EED20B71-LeaderElection4] INFO  server.RaftServerConfigKeys (ConfUtils.java:logGet(43)) - raft.server.watch.timeout = 10s (default)
2019-10-29 16:04:31,378 [493bcf3e-18c5-4e2d-b119-bb4d9c9f7637@group-D8574F06856E-LeaderElection6] INFO  server.RaftServerConfigKeys (ConfUtils.java:logGet(43)) - raft.server.watch.timeout.denomination = 1s (default)
2019-10-29 16:04:31,379 [51ff0cab-3f07-4fdc-be2e-0b88d9ae56d8@group-E880EED20B71-LeaderElection4] INFO  server.RaftServerConfigKeys (ConfUtils.java:logGet(43)) - raft.server.watch.timeout.denomination = 1s (default)
2019-10-29 16:04:31,380 [51ff0cab-3f07-4fdc-be2e-0b88d9ae56d8@group-E880EED20B71-LeaderElection4] INFO  server.RaftServerConfigKeys (ConfUtils.java:logGet(43)) - raft.server.watch.element-limit = 65536 (default)
2019-10-29 16:04:31,380 [a34248b0-1a0e-489a-b66e-dead601c3bd5@group-DD8F829A5952-LeaderElection3] INFO  server.RaftServerConfigKeys (ConfUtils.java:logGet(43)) - raft.server.watch.element-limit = 65536 (default)
2019-10-29 16:04:31,380 [493bcf3e-18c5-4e2d-b119-bb4d9c9f7637@group-D8574F06856E-LeaderElection6] INFO  server.RaftServerConfigKeys (ConfUtils.java:logGet(43)) - raft.server.watch.element-limit = 65536 (default)
2019-10-29 16:04:31,391 [a34248b0-1a0e-489a-b66e-dead601c3bd5@group-DD8F829A5952-LeaderElection3] INFO  impl.RoleInfo (RoleInfo.java:updateAndGet(143)) - a34248b0-1a0e-489a-b66e-dead601c3bd5: start LeaderState
2019-10-29 16:04:31,391 [493bcf3e-18c5-4e2d-b119-bb4d9c9f7637@group-D8574F06856E-LeaderElection6] INFO  impl.RoleInfo (RoleInfo.java:updateAndGet(143)) - 493bcf3e-18c5-4e2d-b119-bb4d9c9f7637: start LeaderState
2019-10-29 16:04:31,391 [51ff0cab-3f07-4fdc-be2e-0b88d9ae56d8@group-E880EED20B71-LeaderElection4] INFO  impl.RoleInfo (RoleInfo.java:updateAndGet(143)) - 51ff0cab-3f07-4fdc-be2e-0b88d9ae56d8: start LeaderState
2019-10-29 16:04:31,409 [a34248b0-1a0e-489a-b66e-dead601c3bd5@group-DD8F829A5952-LeaderElection3] INFO  segmented.SegmentedRaftLogWorker (SegmentedRaftLogWorker.java:startLogSegment(385)) - a34248b0-1a0e-489a-b66e-dead601c3bd5@group-DD8F829A5952-SegmentedRaftLogWorker: Starting segment from index:0
2019-10-29 16:04:31,409 [493bcf3e-18c5-4e2d-b119-bb4d9c9f7637@group-D8574F06856E-LeaderElection6] INFO  segmented.SegmentedRaftLogWorker (SegmentedRaftLogWorker.java:startLogSegment(385)) - 493bcf3e-18c5-4e2d-b119-bb4d9c9f7637@group-D8574F06856E-SegmentedRaftLogWorker: Starting segment from index:0
2019-10-29 16:04:31,409 [51ff0cab-3f07-4fdc-be2e-0b88d9ae56d8@group-E880EED20B71-LeaderElection4] INFO  segmented.SegmentedRaftLogWorker (SegmentedRaftLogWorker.java:startLogSegment(385)) - 51ff0cab-3f07-4fdc-be2e-0b88d9ae56d8@group-E880EED20B71-SegmentedRaftLogWorker: Starting segment from index:0
2019-10-29 16:04:31,429 [a34248b0-1a0e-489a-b66e-dead601c3bd5@group-DD8F829A5952-LeaderElection3] INFO  impl.RaftServerImpl (ServerState.java:setRaftConf(356)) - a34248b0-1a0e-489a-b66e-dead601c3bd5@group-DD8F829A5952: set configuration 0: [a34248b0-1a0e-489a-b66e-dead601c3bd5:192.168.164.217:43079], old=null at 0
2019-10-29 16:04:31,429 [493bcf3e-18c5-4e2d-b119-bb4d9c9f7637@group-D8574F06856E-LeaderElection6] INFO  impl.RaftServerImpl (ServerState.java:setRaftConf(356)) - 493bcf3e-18c5-4e2d-b119-bb4d9c9f7637@group-D8574F06856E: set configuration 0: [493bcf3e-18c5-4e2d-b119-bb4d9c9f7637:192.168.164.217:34451], old=null at 0
2019-10-29 16:04:31,429 [51ff0cab-3f07-4fdc-be2e-0b88d9ae56d8@group-E880EED20B71-LeaderElection4] INFO  impl.RaftServerImpl (ServerState.java:setRaftConf(356)) - 51ff0cab-3f07-4fdc-be2e-0b88d9ae56d8@group-E880EED20B71: set configuration 0: [51ff0cab-3f07-4fdc-be2e-0b88d9ae56d8:192.168.164.217:44021], old=null at 0
2019-10-29 16:04:31,640 [493bcf3e-18c5-4e2d-b119-bb4d9c9f7637@group-D8574F06856E-SegmentedRaftLogWorker] INFO  segmented.SegmentedRaftLogWorker (SegmentedRaftLogWorker.java:execute(576)) - 493bcf3e-18c5-4e2d-b119-bb4d9c9f7637@group-D8574F06856E-SegmentedRaftLogWorker: created new log segment /workdir/hadoop-ozone/integration-test/target/test-dir/MiniOzoneClusterImpl-1caf861a-5b79-471e-86df-1b3013642f58/datanode-1/data/ratis/554957f3-8669-4389-b5f5-d8574f06856e/current/log_inprogress_0
2019-10-29 16:04:31,640 [a34248b0-1a0e-489a-b66e-dead601c3bd5@group-DD8F829A5952-SegmentedRaftLogWorker] INFO  segmented.SegmentedRaftLogWorker (SegmentedRaftLogWorker.java:execute(576)) - a34248b0-1a0e-489a-b66e-dead601c3bd5@group-DD8F829A5952-SegmentedRaftLogWorker: created new log segment /workdir/hadoop-ozone/integration-test/target/test-dir/MiniOzoneClusterImpl-1caf861a-5b79-471e-86df-1b3013642f58/datanode-2/data/ratis/c304946e-959a-48d3-8d64-dd8f829a5952/current/log_inprogress_0
2019-10-29 16:04:31,640 [51ff0cab-3f07-4fdc-be2e-0b88d9ae56d8@group-E880EED20B71-SegmentedRaftLogWorker] INFO  segmented.SegmentedRaftLogWorker (SegmentedRaftLogWorker.java:execute(576)) - 51ff0cab-3f07-4fdc-be2e-0b88d9ae56d8@group-E880EED20B71-SegmentedRaftLogWorker: created new log segment /workdir/hadoop-ozone/integration-test/target/test-dir/MiniOzoneClusterImpl-1caf861a-5b79-471e-86df-1b3013642f58/datanode-0/data/ratis/bbc8a677-c075-4454-b234-e880eed20b71/current/log_inprogress_0
2019-10-29 16:04:31,652 [51ff0cab-3f07-4fdc-be2e-0b88d9ae56d8@group-E108E61D6979-LeaderElection2] INFO  impl.LeaderElection (LeaderElection.java:logAndReturn(56)) - 51ff0cab-3f07-4fdc-be2e-0b88d9ae56d8@group-E108E61D6979-LeaderElection2: Election REJECTED; received 2 response(s) [51ff0cab-3f07-4fdc-be2e-0b88d9ae56d8<-493bcf3e-18c5-4e2d-b119-bb4d9c9f7637#0:FAIL-t1, 51ff0cab-3f07-4fdc-be2e-0b88d9ae56d8<-a34248b0-1a0e-489a-b66e-dead601c3bd5#0:FAIL-t1] and 0 exception(s); 51ff0cab-3f07-4fdc-be2e-0b88d9ae56d8@group-E108E61D6979:t1, leader=null, voted=51ff0cab-3f07-4fdc-be2e-0b88d9ae56d8, raftlog=51ff0cab-3f07-4fdc-be2e-0b88d9ae56d8@group-E108E61D6979-SegmentedRaftLog:OPENED:c-1,f-1,i0, conf=-1: [493bcf3e-18c5-4e2d-b119-bb4d9c9f7637:192.168.164.217:34451, a34248b0-1a0e-489a-b66e-dead601c3bd5:192.168.164.217:43079, 51ff0cab-3f07-4fdc-be2e-0b88d9ae56d8:192.168.164.217:44021], old=null
2019-10-29 16:04:31,652 [493bcf3e-18c5-4e2d-b119-bb4d9c9f7637@group-E108E61D6979-LeaderElection1] INFO  impl.LeaderElection (LeaderElection.java:logAndReturn(56)) - 493bcf3e-18c5-4e2d-b119-bb4d9c9f7637@group-E108E61D6979-LeaderElection1: Election REJECTED; received 2 response(s) [493bcf3e-18c5-4e2d-b119-bb4d9c9f7637<-a34248b0-1a0e-489a-b66e-dead601c3bd5#0:FAIL-t1, 493bcf3e-18c5-4e2d-b119-bb4d9c9f7637<-51ff0cab-3f07-4fdc-be2e-0b88d9ae56d8#0:FAIL-t1] and 0 exception(s); 493bcf3e-18c5-4e2d-b119-bb4d9c9f7637@group-E108E61D6979:t1, leader=null, voted=493bcf3e-18c5-4e2d-b119-bb4d9c9f7637, raftlog=493bcf3e-18c5-4e2d-b119-bb4d9c9f7637@group-E108E61D6979-SegmentedRaftLog:OPENED:c-1,f-1,i0, conf=-1: [493bcf3e-18c5-4e2d-b119-bb4d9c9f7637:192.168.164.217:34451, a34248b0-1a0e-489a-b66e-dead601c3bd5:192.168.164.217:43079, 51ff0cab-3f07-4fdc-be2e-0b88d9ae56d8:192.168.164.217:44021], old=null
2019-10-29 16:04:31,654 [51ff0cab-3f07-4fdc-be2e-0b88d9ae56d8@group-E108E61D6979-LeaderElection2] INFO  impl.RaftServerImpl (RaftServerImpl.java:setRole(173)) - 51ff0cab-3f07-4fdc-be2e-0b88d9ae56d8@group-E108E61D6979: changes role from CANDIDATE to FOLLOWER at term 1 for DISCOVERED_A_NEW_TERM
2019-10-29 16:04:31,655 [51ff0cab-3f07-4fdc-be2e-0b88d9ae56d8@group-E108E61D6979-LeaderElection2] INFO  impl.RoleInfo (RoleInfo.java:shutdownLeaderElection(134)) - 51ff0cab-3f07-4fdc-be2e-0b88d9ae56d8: shutdown LeaderElection
2019-10-29 16:04:31,655 [493bcf3e-18c5-4e2d-b119-bb4d9c9f7637@group-E108E61D6979-LeaderElection1] INFO  impl.RaftServerImpl (RaftServerImpl.java:setRole(173)) - 493bcf3e-18c5-4e2d-b119-bb4d9c9f7637@group-E108E61D6979: changes role from CANDIDATE to FOLLOWER at term 1 for DISCOVERED_A_NEW_TERM
2019-10-29 16:04:31,657 [a34248b0-1a0e-489a-b66e-dead601c3bd5@group-E108E61D6979-LeaderElection5] INFO  impl.LeaderElection (LeaderElection.java:logAndReturn(56)) - a34248b0-1a0e-489a-b66e-dead601c3bd5@group-E108E61D6979-LeaderElection5: Election REJECTED; received 2 response(s) [a34248b0-1a0e-489a-b66e-dead601c3bd5<-493bcf3e-18c5-4e2d-b119-bb4d9c9f7637#0:FAIL-t1, a34248b0-1a0e-489a-b66e-dead601c3bd5<-51ff0cab-3f07-4fdc-be2e-0b88d9ae56d8#0:FAIL-t1] and 0 exception(s); a34248b0-1a0e-489a-b66e-dead601c3bd5@group-E108E61D6979:t1, leader=null, voted=a34248b0-1a0e-489a-b66e-dead601c3bd5, raftlog=a34248b0-1a0e-489a-b66e-dead601c3bd5@group-E108E61D6979-SegmentedRaftLog:OPENED:c-1,f-1,i0, conf=-1: [493bcf3e-18c5-4e2d-b119-bb4d9c9f7637:192.168.164.217:34451, a34248b0-1a0e-489a-b66e-dead601c3bd5:192.168.164.217:43079, 51ff0cab-3f07-4fdc-be2e-0b88d9ae56d8:192.168.164.217:44021], old=null
2019-10-29 16:04:31,657 [51ff0cab-3f07-4fdc-be2e-0b88d9ae56d8@group-E108E61D6979-LeaderElection2] INFO  impl.RoleInfo (RoleInfo.java:updateAndGet(143)) - 51ff0cab-3f07-4fdc-be2e-0b88d9ae56d8: start FollowerState
2019-10-29 16:04:31,657 [a34248b0-1a0e-489a-b66e-dead601c3bd5@group-E108E61D6979-LeaderElection5] INFO  impl.RaftServerImpl (RaftServerImpl.java:setRole(173)) - a34248b0-1a0e-489a-b66e-dead601c3bd5@group-E108E61D6979: changes role from CANDIDATE to FOLLOWER at term 1 for DISCOVERED_A_NEW_TERM
2019-10-29 16:04:31,657 [493bcf3e-18c5-4e2d-b119-bb4d9c9f7637@group-E108E61D6979-LeaderElection1] INFO  impl.RoleInfo (RoleInfo.java:shutdownLeaderElection(134)) - 493bcf3e-18c5-4e2d-b119-bb4d9c9f7637: shutdown LeaderElection
2019-10-29 16:04:31,659 [a34248b0-1a0e-489a-b66e-dead601c3bd5@group-E108E61D6979-LeaderElection5] INFO  impl.RoleInfo (RoleInfo.java:shutdownLeaderElection(134)) - a34248b0-1a0e-489a-b66e-dead601c3bd5: shutdown LeaderElection
2019-10-29 16:04:31,659 [493bcf3e-18c5-4e2d-b119-bb4d9c9f7637@group-E108E61D6979-LeaderElection1] INFO  impl.RoleInfo (RoleInfo.java:updateAndGet(143)) - 493bcf3e-18c5-4e2d-b119-bb4d9c9f7637: start FollowerState
2019-10-29 16:04:31,660 [a34248b0-1a0e-489a-b66e-dead601c3bd5@group-E108E61D6979-LeaderElection5] INFO  impl.RoleInfo (RoleInfo.java:updateAndGet(143)) - a34248b0-1a0e-489a-b66e-dead601c3bd5: start FollowerState
2019-10-29 16:04:31,909 [main] INFO  ozone.MiniOzoneClusterImpl (MiniOzoneClusterImpl.java:shutdown(338)) - Shutting down the Mini Ozone Cluster
2019-10-29 16:04:31,910 [main] INFO  ozone.MiniOzoneClusterImpl (MiniOzoneClusterImpl.java:stop(354)) - Stopping the Mini Ozone Cluster
2019-10-29 16:04:31,910 [main] INFO  ozone.MiniOzoneClusterImpl (MiniOzoneClusterImpl.java:stopOM(424)) - Stopping the OzoneManager
2019-10-29 16:04:31,910 [main] INFO  ipc.Server (Server.java:stop(3082)) - Stopping server on 34567
2019-10-29 16:04:31,920 [IPC Server listener on 34567] INFO  ipc.Server (Server.java:run(1185)) - Stopping IPC Server listener on 34567
2019-10-29 16:04:31,921 [main] INFO  ratis.OzoneManagerDoubleBuffer (OzoneManagerDoubleBuffer.java:stop(255)) - Stopping OMDoubleBuffer flush thread
2019-10-29 16:04:31,922 [IPC Server Responder] INFO  ipc.Server (Server.java:run(1319)) - Stopping IPC Server Responder
2019-10-29 16:04:31,926 [OMDoubleBufferFlushThread] INFO  ratis.OzoneManagerDoubleBuffer (OzoneManagerDoubleBuffer.java:flushTransactions(198)) - OMDoubleBuffer flush thread OMDoubleBufferFlushThread is interrupted and will exit. OMDoubleBufferFlushThread
2019-10-29 16:04:31,927 [main] INFO  utils.BackgroundService (BackgroundService.java:shutdown(151)) - Shutting down service KeyDeletingService
2019-10-29 16:04:31,930 [main] INFO  handler.ContextHandler (ContextHandler.java:doStop(910)) - Stopped o.e.j.w.WebAppContext@6fca2a8f{/,null,UNAVAILABLE}{/ozoneManager}
2019-10-29 16:04:31,936 [main] INFO  server.AbstractConnector (AbstractConnector.java:doStop(318)) - Stopped ServerConnector@31fc71ab{HTTP/1.1,[http/1.1]}{0.0.0.0:0}
2019-10-29 16:04:31,937 [main] INFO  handler.ContextHandler (ContextHandler.java:doStop(910)) - Stopped o.e.j.s.ServletContextHandler@43826ec{/static,file:///workdir/hadoop-ozone/integration-test/target/test-classes/webapps/static,UNAVAILABLE}
2019-10-29 16:04:31,937 [main] INFO  handler.ContextHandler (ContextHandler.java:doStop(910)) - Stopped o.e.j.s.ServletContextHandler@2eb79cbe{/logs,file:///workdir/hadoop-ozone/integration-test/target/log,UNAVAILABLE}
2019-10-29 16:04:31,952 [main] INFO  ozone.MiniOzoneClusterImpl (MiniOzoneClusterImpl.java:stopDatanodes(401)) - Stopping the HddsDatanodes
2019-10-29 16:04:32,011 [Datanode State Machine Thread - 0] INFO  statemachine.DatanodeStateMachine (DatanodeStateMachine.java:lambda$startDaemon$0(356)) - Ozone container server started.
2019-10-29 16:04:32,020 [Datanode State Machine Thread - 0] INFO  statemachine.DatanodeStateMachine (DatanodeStateMachine.java:lambda$startDaemon$0(356)) - Ozone container server started.
2019-10-29 16:04:36,668 [Thread-215] INFO  impl.FollowerState (FollowerState.java:run(111)) - 51ff0cab-3f07-4fdc-be2e-0b88d9ae56d8@group-E108E61D6979-FollowerState: change to CANDIDATE, lastRpcTime:5011ms, electionTimeout:5009ms
2019-10-29 16:04:36,669 [Thread-215] INFO  impl.RoleInfo (RoleInfo.java:shutdownFollowerState(121)) - 51ff0cab-3f07-4fdc-be2e-0b88d9ae56d8: shutdown FollowerState
2019-10-29 16:04:36,669 [Thread-215] INFO  impl.RaftServerImpl (RaftServerImpl.java:setRole(173)) - 51ff0cab-3f07-4fdc-be2e-0b88d9ae56d8@group-E108E61D6979: changes role from  FOLLOWER to CANDIDATE at term 1 for changeToCandidate
2019-10-29 16:04:36,669 [Thread-215] INFO  impl.RoleInfo (RoleInfo.java:updateAndGet(143)) - 51ff0cab-3f07-4fdc-be2e-0b88d9ae56d8: start LeaderElection
2019-10-29 16:04:36,685 [51ff0cab-3f07-4fdc-be2e-0b88d9ae56d8@group-E108E61D6979-LeaderElection7] INFO  impl.LeaderElection (LeaderElection.java:askForVotes(178)) - 51ff0cab-3f07-4fdc-be2e-0b88d9ae56d8@group-E108E61D6979-LeaderElection7: begin an election at term 2 for -1: [493bcf3e-18c5-4e2d-b119-bb4d9c9f7637:192.168.164.217:34451, a34248b0-1a0e-489a-b66e-dead601c3bd5:192.168.164.217:43079, 51ff0cab-3f07-4fdc-be2e-0b88d9ae56d8:192.168.164.217:44021], old=null
2019-10-29 16:04:36,692 [grpc-default-executor-3] INFO  impl.RaftServerImpl (RaftServerImpl.java:setRole(173)) - 493bcf3e-18c5-4e2d-b119-bb4d9c9f7637@group-E108E61D6979: changes role from  FOLLOWER to FOLLOWER at term 2 for recognizeCandidate:51ff0cab-3f07-4fdc-be2e-0b88d9ae56d8
2019-10-29 16:04:36,692 [grpc-default-executor-3] INFO  impl.RoleInfo (RoleInfo.java:shutdownFollowerState(121)) - 493bcf3e-18c5-4e2d-b119-bb4d9c9f7637: shutdown FollowerState
2019-10-29 16:04:36,692 [grpc-default-executor-0] INFO  impl.RaftServerImpl (RaftServerImpl.java:setRole(173)) - a34248b0-1a0e-489a-b66e-dead601c3bd5@group-E108E61D6979: changes role from  FOLLOWER to FOLLOWER at term 2 for recognizeCandidate:51ff0cab-3f07-4fdc-be2e-0b88d9ae56d8
2019-10-29 16:04:36,693 [Thread-216] INFO  impl.FollowerState (FollowerState.java:run(120)) - 493bcf3e-18c5-4e2d-b119-bb4d9c9f7637@group-E108E61D6979-FollowerState was interrupted: java.lang.InterruptedException: sleep interrupted
2019-10-29 16:04:36,693 [grpc-default-executor-3] INFO  impl.RoleInfo (RoleInfo.java:updateAndGet(143)) - 493bcf3e-18c5-4e2d-b119-bb4d9c9f7637: start FollowerState
2019-10-29 16:04:36,693 [grpc-default-executor-0] INFO  impl.RoleInfo (RoleInfo.java:shutdownFollowerState(121)) - a34248b0-1a0e-489a-b66e-dead601c3bd5: shutdown FollowerState
2019-10-29 16:04:36,694 [Thread-217] INFO  impl.FollowerState (FollowerState.java:run(120)) - a34248b0-1a0e-489a-b66e-dead601c3bd5@group-E108E61D6979-FollowerState was interrupted: java.lang.InterruptedException: sleep interrupted
2019-10-29 16:04:36,694 [grpc-default-executor-0] INFO  impl.RoleInfo (RoleInfo.java:updateAndGet(143)) - a34248b0-1a0e-489a-b66e-dead601c3bd5: start FollowerState
2019-10-29 16:04:36,716 [51ff0cab-3f07-4fdc-be2e-0b88d9ae56d8@group-E108E61D6979-LeaderElection7] INFO  impl.LeaderElection (LeaderElection.java:logAndReturn(56)) - 51ff0cab-3f07-4fdc-be2e-0b88d9ae56d8@group-E108E61D6979-LeaderElection7: Election PASSED; received 1 response(s) [51ff0cab-3f07-4fdc-be2e-0b88d9ae56d8<-493bcf3e-18c5-4e2d-b119-bb4d9c9f7637#0:OK-t2] and 0 exception(s); 51ff0cab-3f07-4fdc-be2e-0b88d9ae56d8@group-E108E61D6979:t2, leader=null, voted=51ff0cab-3f07-4fdc-be2e-0b88d9ae56d8, raftlog=51ff0cab-3f07-4fdc-be2e-0b88d9ae56d8@group-E108E61D6979-SegmentedRaftLog:OPENED:c-1,f-1,i0, conf=-1: [493bcf3e-18c5-4e2d-b119-bb4d9c9f7637:192.168.164.217:34451, a34248b0-1a0e-489a-b66e-dead601c3bd5:192.168.164.217:43079, 51ff0cab-3f07-4fdc-be2e-0b88d9ae56d8:192.168.164.217:44021], old=null
2019-10-29 16:04:36,716 [51ff0cab-3f07-4fdc-be2e-0b88d9ae56d8@group-E108E61D6979-LeaderElection7] INFO  impl.RoleInfo (RoleInfo.java:shutdownLeaderElection(134)) - 51ff0cab-3f07-4fdc-be2e-0b88d9ae56d8: shutdown LeaderElection
2019-10-29 16:04:36,718 [51ff0cab-3f07-4fdc-be2e-0b88d9ae56d8@group-E108E61D6979-LeaderElection7] INFO  impl.RaftServerImpl (RaftServerImpl.java:setRole(173)) - 51ff0cab-3f07-4fdc-be2e-0b88d9ae56d8@group-E108E61D6979: changes role from CANDIDATE to LEADER at term 2 for changeToLeader
2019-10-29 16:04:36,718 [51ff0cab-3f07-4fdc-be2e-0b88d9ae56d8@group-E108E61D6979-LeaderElection7] INFO  impl.RaftServerImpl (ServerState.java:setLeader(255)) - 51ff0cab-3f07-4fdc-be2e-0b88d9ae56d8@group-E108E61D6979: change Leader from null to 51ff0cab-3f07-4fdc-be2e-0b88d9ae56d8 at term 2 for becomeLeader, leader elected after 10720ms
2019-10-29 16:04:36,718 [51ff0cab-3f07-4fdc-be2e-0b88d9ae56d8@group-E108E61D6979-LeaderElection7] INFO  server.RaftServerConfigKeys (ConfUtils.java:logGet(43)) - raft.server.staging.catchup.gap = 1000 (default)
2019-10-29 16:04:36,719 [51ff0cab-3f07-4fdc-be2e-0b88d9ae56d8@group-E108E61D6979-LeaderElection7] INFO  server.RaftServerConfigKeys (ConfUtils.java:logGet(43)) - raft.server.rpc.sleep.time = 25ms (default)
2019-10-29 16:04:36,719 [51ff0cab-3f07-4fdc-be2e-0b88d9ae56d8@group-E108E61D6979-LeaderElection7] INFO  server.RaftServerConfigKeys (ConfUtils.java:logGet(43)) - raft.server.write.element-limit = 4096 (default)
2019-10-29 16:04:36,719 [51ff0cab-3f07-4fdc-be2e-0b88d9ae56d8@group-E108E61D6979-LeaderElection7] INFO  server.RaftServerConfigKeys (ConfUtils.java:logGet(43)) - raft.server.watch.timeout = 10s (default)
2019-10-29 16:04:36,720 [51ff0cab-3f07-4fdc-be2e-0b88d9ae56d8@group-E108E61D6979-LeaderElection7] INFO  server.RaftServerConfigKeys (ConfUtils.java:logGet(43)) - raft.server.watch.timeout.denomination = 1s (default)
2019-10-29 16:04:36,720 [51ff0cab-3f07-4fdc-be2e-0b88d9ae56d8@group-E108E61D6979-LeaderElection7] INFO  server.RaftServerConfigKeys (ConfUtils.java:logGet(43)) - raft.server.watch.element-limit = 65536 (default)
2019-10-29 16:04:36,723 [51ff0cab-3f07-4fdc-be2e-0b88d9ae56d8@group-E108E61D6979-LeaderElection7] INFO  server.RaftServerConfigKeys (ConfUtils.java:logGet(43)) - raft.server.log.appender.snapshot.chunk.size.max = 16MB (=16777216) (default)
2019-10-29 16:04:36,724 [51ff0cab-3f07-4fdc-be2e-0b88d9ae56d8@group-E108E61D6979-LeaderElection7] INFO  server.RaftServerConfigKeys (ConfUtils.java:logGet(43)) - raft.server.log.appender.buffer.byte-limit = 33554432 (custom)
2019-10-29 16:04:36,725 [51ff0cab-3f07-4fdc-be2e-0b88d9ae56d8@group-E108E61D6979-LeaderElection7] INFO  server.RaftServerConfigKeys (ConfUtils.java:logGet(43)) - raft.server.log.appender.buffer.element-limit = 1 (custom)
2019-10-29 16:04:36,728 [51ff0cab-3f07-4fdc-be2e-0b88d9ae56d8@group-E108E61D6979-LeaderElection7] INFO  grpc.GrpcConfigKeys$Server (ConfUtils.java:logGet(43)) - raft.grpc.server.leader.outstanding.appends.max = 128 (default)
2019-10-29 16:04:36,728 [51ff0cab-3f07-4fdc-be2e-0b88d9ae56d8@group-E108E61D6979-LeaderElection7] INFO  server.RaftServerConfigKeys (ConfUtils.java:logGet(43)) - raft.server.rpc.request.timeout = 3000ms (default)
2019-10-29 16:04:36,728 [51ff0cab-3f07-4fdc-be2e-0b88d9ae56d8@group-E108E61D6979-LeaderElection7] INFO  server.RaftServerConfigKeys (ConfUtils.java:logGet(43)) - raft.server.log.appender.install.snapshot.enabled = false (custom)
2019-10-29 16:04:36,730 [51ff0cab-3f07-4fdc-be2e-0b88d9ae56d8@group-E108E61D6979-LeaderElection7] WARN  impl.MetricRegistriesImpl (MetricRegistriesImpl.java:lambda$create$1(61)) - First MetricRegistry has been created without registering reporters. You may need to call MetricRegistries.global().addReportRegistration(...) before.
2019-10-29 16:04:36,731 [51ff0cab-3f07-4fdc-be2e-0b88d9ae56d8@group-E108E61D6979-LeaderElection7] INFO  server.RaftServerConfigKeys (ConfUtils.java:logGet(43)) - raft.server.log.appender.snapshot.chunk.size.max = 16MB (=16777216) (default)
2019-10-29 16:04:36,731 [51ff0cab-3f07-4fdc-be2e-0b88d9ae56d8@group-E108E61D6979-LeaderElection7] INFO  server.RaftServerConfigKeys (ConfUtils.java:logGet(43)) - raft.server.log.appender.buffer.byte-limit = 33554432 (custom)
2019-10-29 16:04:36,731 [51ff0cab-3f07-4fdc-be2e-0b88d9ae56d8@group-E108E61D6979-LeaderElection7] INFO  server.RaftServerConfigKeys (ConfUtils.java:logGet(43)) - raft.server.log.appender.buffer.element-limit = 1 (custom)
2019-10-29 16:04:36,731 [51ff0cab-3f07-4fdc-be2e-0b88d9ae56d8@group-E108E61D6979-LeaderElection7] INFO  grpc.GrpcConfigKeys$Server (ConfUtils.java:logGet(43)) - raft.grpc.server.leader.outstanding.appends.max = 128 (default)
2019-10-29 16:04:36,731 [51ff0cab-3f07-4fdc-be2e-0b88d9ae56d8@group-E108E61D6979-LeaderElection7] INFO  server.RaftServerConfigKeys (ConfUtils.java:logGet(43)) - raft.server.rpc.request.timeout = 3000ms (default)
2019-10-29 16:04:36,732 [51ff0cab-3f07-4fdc-be2e-0b88d9ae56d8@group-E108E61D6979-LeaderElection7] INFO  server.RaftServerConfigKeys (ConfUtils.java:logGet(43)) - raft.server.log.appender.install.snapshot.enabled = false (custom)
2019-10-29 16:04:36,735 [51ff0cab-3f07-4fdc-be2e-0b88d9ae56d8@group-E108E61D6979-LeaderElection7] INFO  impl.RoleInfo (RoleInfo.java:updateAndGet(143)) - 51ff0cab-3f07-4fdc-be2e-0b88d9ae56d8: start LeaderState
2019-10-29 16:04:36,735 [51ff0cab-3f07-4fdc-be2e-0b88d9ae56d8@group-E108E61D6979-LeaderElection7] INFO  segmented.SegmentedRaftLogWorker (SegmentedRaftLogWorker.java:startLogSegment(385)) - 51ff0cab-3f07-4fdc-be2e-0b88d9ae56d8@group-E108E61D6979-SegmentedRaftLogWorker: Starting segment from index:0
2019-10-29 16:04:36,736 [51ff0cab-3f07-4fdc-be2e-0b88d9ae56d8@group-E108E61D6979-LeaderElection7] INFO  impl.RaftServerImpl (ServerState.java:setRaftConf(356)) - 51ff0cab-3f07-4fdc-be2e-0b88d9ae56d8@group-E108E61D6979: set configuration 0: [493bcf3e-18c5-4e2d-b119-bb4d9c9f7637:192.168.164.217:34451, a34248b0-1a0e-489a-b66e-dead601c3bd5:192.168.164.217:43079, 51ff0cab-3f07-4fdc-be2e-0b88d9ae56d8:192.168.164.217:44021], old=null at 0
2019-10-29 16:04:36,790 [51ff0cab-3f07-4fdc-be2e-0b88d9ae56d8@group-E108E61D6979-SegmentedRaftLogWorker] INFO  segmented.SegmentedRaftLogWorker (SegmentedRaftLogWorker.java:execute(576)) - 51ff0cab-3f07-4fdc-be2e-0b88d9ae56d8@group-E108E61D6979-SegmentedRaftLogWorker: created new log segment /workdir/hadoop-ozone/integration-test/target/test-dir/MiniOzoneClusterImpl-1caf861a-5b79-471e-86df-1b3013642f58/datanode-0/data/ratis/b13717e5-6bef-4fc8-bdaa-e108e61d6979/current/log_inprogress_0
2019-10-29 16:04:36,798 [grpc-default-executor-3] INFO  impl.RaftServerImpl (ServerState.java:setLeader(255)) - a34248b0-1a0e-489a-b66e-dead601c3bd5@group-E108E61D6979: change Leader from null to 51ff0cab-3f07-4fdc-be2e-0b88d9ae56d8 at term 2 for appendEntries, leader elected after 10799ms
2019-10-29 16:04:36,798 [grpc-default-executor-0] INFO  impl.RaftServerImpl (ServerState.java:setLeader(255)) - 493bcf3e-18c5-4e2d-b119-bb4d9c9f7637@group-E108E61D6979: change Leader from null to 51ff0cab-3f07-4fdc-be2e-0b88d9ae56d8 at term 2 for appendEntries, leader elected after 10799ms
2019-10-29 16:04:36,821 [grpc-default-executor-3] INFO  impl.RaftServerImpl (ServerState.java:setRaftConf(356)) - a34248b0-1a0e-489a-b66e-dead601c3bd5@group-E108E61D6979: set configuration 0: [493bcf3e-18c5-4e2d-b119-bb4d9c9f7637:192.168.164.217:34451, a34248b0-1a0e-489a-b66e-dead601c3bd5:192.168.164.217:43079, 51ff0cab-3f07-4fdc-be2e-0b88d9ae56d8:192.168.164.217:44021], old=null at 0
2019-10-29 16:04:36,821 [grpc-default-executor-0] INFO  impl.RaftServerImpl (ServerState.java:setRaftConf(356)) - 493bcf3e-18c5-4e2d-b119-bb4d9c9f7637@group-E108E61D6979: set configuration 0: [493bcf3e-18c5-4e2d-b119-bb4d9c9f7637:192.168.164.217:34451, a34248b0-1a0e-489a-b66e-dead601c3bd5:192.168.164.217:43079, 51ff0cab-3f07-4fdc-be2e-0b88d9ae56d8:192.168.164.217:44021], old=null at 0
2019-10-29 16:04:36,821 [grpc-default-executor-3] INFO  segmented.SegmentedRaftLogWorker (SegmentedRaftLogWorker.java:startLogSegment(385)) - a34248b0-1a0e-489a-b66e-dead601c3bd5@group-E108E61D6979-SegmentedRaftLogWorker: Starting segment from index:0
2019-10-29 16:04:36,821 [grpc-default-executor-0] INFO  segmented.SegmentedRaftLogWorker (SegmentedRaftLogWorker.java:startLogSegment(385)) - 493bcf3e-18c5-4e2d-b119-bb4d9c9f7637@group-E108E61D6979-SegmentedRaftLogWorker: Starting segment from index:0
2019-10-29 16:04:36,859 [a34248b0-1a0e-489a-b66e-dead601c3bd5@group-E108E61D6979-SegmentedRaftLogWorker] INFO  segmented.SegmentedRaftLogWorker (SegmentedRaftLogWorker.java:execute(576)) - a34248b0-1a0e-489a-b66e-dead601c3bd5@group-E108E61D6979-SegmentedRaftLogWorker: created new log segment /workdir/hadoop-ozone/integration-test/target/test-dir/MiniOzoneClusterImpl-1caf861a-5b79-471e-86df-1b3013642f58/datanode-2/data/ratis/b13717e5-6bef-4fc8-bdaa-e108e61d6979/current/log_inprogress_0
2019-10-29 16:04:36,859 [493bcf3e-18c5-4e2d-b119-bb4d9c9f7637@group-E108E61D6979-SegmentedRaftLogWorker] INFO  segmented.SegmentedRaftLogWorker (SegmentedRaftLogWorker.java:execute(576)) - 493bcf3e-18c5-4e2d-b119-bb4d9c9f7637@group-E108E61D6979-SegmentedRaftLogWorker: created new log segment /workdir/hadoop-ozone/integration-test/target/test-dir/MiniOzoneClusterImpl-1caf861a-5b79-471e-86df-1b3013642f58/datanode-1/data/ratis/b13717e5-6bef-4fc8-bdaa-e108e61d6979/current/log_inprogress_0
2019-10-29 16:04:36,955 [ForkJoinPool.commonPool-worker-0] INFO  ozoneimpl.OzoneContainer (OzoneContainer.java:stop(227)) - Attempting to stop container services.
2019-10-29 16:04:36,955 [main] INFO  ozoneimpl.OzoneContainer (OzoneContainer.java:stop(227)) - Attempting to stop container services.
2019-10-29 16:04:36,957 [main] INFO  impl.RaftServerProxy (RaftServerProxy.java:lambda$close$4(314)) - 493bcf3e-18c5-4e2d-b119-bb4d9c9f7637: close
2019-10-29 16:04:36,957 [ForkJoinPool.commonPool-worker-0] INFO  impl.RaftServerProxy (RaftServerProxy.java:lambda$close$4(314)) - 51ff0cab-3f07-4fdc-be2e-0b88d9ae56d8: close
2019-10-29 16:04:36,959 [main] INFO  impl.RaftServerImpl (RaftServerImpl.java:lambda$shutdown$3(250)) - 493bcf3e-18c5-4e2d-b119-bb4d9c9f7637@group-D8574F06856E: shutdown
2019-10-29 16:04:36,959 [ForkJoinPool.commonPool-worker-0] INFO  impl.RaftServerImpl (RaftServerImpl.java:lambda$shutdown$3(250)) - 51ff0cab-3f07-4fdc-be2e-0b88d9ae56d8@group-E108E61D6979: shutdown
2019-10-29 16:04:36,959 [main] INFO  util.JmxRegister (JmxRegister.java:unregister(73)) - Successfully un-registered JMX Bean with object name Ratis:service=RaftServer,group=group-D8574F06856E,id=493bcf3e-18c5-4e2d-b119-bb4d9c9f7637
2019-10-29 16:04:36,959 [ForkJoinPool.commonPool-worker-0] INFO  util.JmxRegister (JmxRegister.java:unregister(73)) - Successfully un-registered JMX Bean with object name Ratis:service=RaftServer,group=group-E108E61D6979,id=51ff0cab-3f07-4fdc-be2e-0b88d9ae56d8
2019-10-29 16:04:36,959 [main] INFO  impl.RoleInfo (RoleInfo.java:shutdownLeaderState(104)) - 493bcf3e-18c5-4e2d-b119-bb4d9c9f7637: shutdown LeaderState
2019-10-29 16:04:36,960 [ForkJoinPool.commonPool-worker-0] INFO  impl.RoleInfo (RoleInfo.java:shutdownLeaderState(104)) - 51ff0cab-3f07-4fdc-be2e-0b88d9ae56d8: shutdown LeaderState
2019-10-29 16:04:36,961 [main] INFO  impl.PendingRequests (PendingRequests.java:sendNotLeaderResponses(206)) - 493bcf3e-18c5-4e2d-b119-bb4d9c9f7637@group-D8574F06856E-PendingRequests: sendNotLeaderResponses
2019-10-29 16:04:36,962 [ForkJoinPool.commonPool-worker-0] INFO  impl.PendingRequests (PendingRequests.java:sendNotLeaderResponses(206)) - 51ff0cab-3f07-4fdc-be2e-0b88d9ae56d8@group-E108E61D6979-PendingRequests: sendNotLeaderResponses
2019-10-29 16:04:36,963 [org.apache.ratis.server.impl.LogAppender$AppenderDaemon$$Lambda$669/1131093057@7ab681e2] WARN  server.GrpcLogAppender (GrpcLogAppender.java:mayWait(151)) - 51ff0cab-3f07-4fdc-be2e-0b88d9ae56d8@group-E108E61D6979->493bcf3e-18c5-4e2d-b119-bb4d9c9f7637-GrpcLogAppender: Wait interrupted by java.lang.InterruptedException
2019-10-29 16:04:36,963 [org.apache.ratis.server.impl.LogAppender$AppenderDaemon$$Lambda$669/1131093057@6eeafd83] WARN  server.GrpcLogAppender (GrpcLogAppender.java:mayWait(151)) - 51ff0cab-3f07-4fdc-be2e-0b88d9ae56d8@group-E108E61D6979->a34248b0-1a0e-489a-b66e-dead601c3bd5-GrpcLogAppender: Wait interrupted by java.lang.InterruptedException
2019-10-29 16:04:36,965 [main] INFO  impl.StateMachineUpdater (StateMachineUpdater.java:stopAndJoin(136)) - 493bcf3e-18c5-4e2d-b119-bb4d9c9f7637@group-D8574F06856E-StateMachineUpdater: set stopIndex = 0
2019-10-29 16:04:36,966 [ForkJoinPool.commonPool-worker-0] INFO  impl.StateMachineUpdater (StateMachineUpdater.java:stopAndJoin(136)) - 51ff0cab-3f07-4fdc-be2e-0b88d9ae56d8@group-E108E61D6979-StateMachineUpdater: set stopIndex = 0
2019-10-29 16:04:36,968 [main] INFO  impl.RaftServerImpl (ServerState.java:close(387)) - 493bcf3e-18c5-4e2d-b119-bb4d9c9f7637@group-D8574F06856E: closes. applyIndex: 0
2019-10-29 16:04:36,968 [ForkJoinPool.commonPool-worker-0] INFO  impl.RaftServerImpl (ServerState.java:close(387)) - 51ff0cab-3f07-4fdc-be2e-0b88d9ae56d8@group-E108E61D6979: closes. applyIndex: 0
2019-10-29 16:04:36,970 [493bcf3e-18c5-4e2d-b119-bb4d9c9f7637@group-D8574F06856E-SegmentedRaftLogWorker] INFO  segmented.SegmentedRaftLogWorker (SegmentedRaftLogWorker.java:run(316)) - 493bcf3e-18c5-4e2d-b119-bb4d9c9f7637@group-D8574F06856E-SegmentedRaftLogWorker was interrupted, exiting. There are 0 tasks remaining in the queue.
2019-10-29 16:04:36,971 [grpc-default-executor-0] INFO  server.GrpcServerProtocolService (GrpcServerProtocolService.java:onCompleted(113)) - a34248b0-1a0e-489a-b66e-dead601c3bd5: Completed APPEND_ENTRIES, lastRequest: 51ff0cab-3f07-4fdc-be2e-0b88d9ae56d8->a34248b0-1a0e-489a-b66e-dead601c3bd5#1-t2, previous=(t:0, i:0), leaderCommit=0, initializing? false, entries: size=1, first=(t:2, i:0), CONFIGURATIONENTRY
2019-10-29 16:04:36,971 [grpc-default-executor-3] INFO  server.GrpcServerProtocolService (GrpcServerProtocolService.java:onCompleted(113)) - 493bcf3e-18c5-4e2d-b119-bb4d9c9f7637: Completed APPEND_ENTRIES, lastRequest: 51ff0cab-3f07-4fdc-be2e-0b88d9ae56d8->493bcf3e-18c5-4e2d-b119-bb4d9c9f7637#1-t2, previous=(t:0, i:0), leaderCommit=0, initializing? false, entries: size=1, first=(t:2, i:0), CONFIGURATIONENTRY
2019-10-29 16:04:36,970 [51ff0cab-3f07-4fdc-be2e-0b88d9ae56d8@group-E108E61D6979-SegmentedRaftLogWorker] INFO  segmented.SegmentedRaftLogWorker (SegmentedRaftLogWorker.java:run(316)) - 51ff0cab-3f07-4fdc-be2e-0b88d9ae56d8@group-E108E61D6979-SegmentedRaftLogWorker was interrupted, exiting. There are 0 tasks remaining in the queue.
2019-10-29 16:04:36,973 [main] INFO  segmented.SegmentedRaftLogWorker (SegmentedRaftLogWorker.java:close(224)) - 493bcf3e-18c5-4e2d-b119-bb4d9c9f7637@group-D8574F06856E-SegmentedRaftLogWorker close()
2019-10-29 16:04:36,974 [ForkJoinPool.commonPool-worker-0] INFO  segmented.SegmentedRaftLogWorker (SegmentedRaftLogWorker.java:close(224)) - 51ff0cab-3f07-4fdc-be2e-0b88d9ae56d8@group-E108E61D6979-SegmentedRaftLogWorker close()
2019-10-29 16:04:36,975 [main] INFO  impl.RaftServerImpl (RaftServerImpl.java:lambda$shutdown$3(250)) - 493bcf3e-18c5-4e2d-b119-bb4d9c9f7637@group-E108E61D6979: shutdown
2019-10-29 16:04:36,976 [ForkJoinPool.commonPool-worker-0] INFO  impl.RaftServerImpl (RaftServerImpl.java:lambda$shutdown$3(250)) - 51ff0cab-3f07-4fdc-be2e-0b88d9ae56d8@group-E880EED20B71: shutdown
2019-10-29 16:04:36,977 [main] INFO  util.JmxRegister (JmxRegister.java:unregister(73)) - Successfully un-registered JMX Bean with object name Ratis:service=RaftServer,group=group-E108E61D6979,id=493bcf3e-18c5-4e2d-b119-bb4d9c9f7637
2019-10-29 16:04:36,978 [ForkJoinPool.commonPool-worker-0] INFO  util.JmxRegister (JmxRegister.java:unregister(73)) - Successfully un-registered JMX Bean with object name Ratis:service=RaftServer,group=group-E880EED20B71,id=51ff0cab-3f07-4fdc-be2e-0b88d9ae56d8
2019-10-29 16:04:36,977 [grpc-default-executor-3] INFO  server.GrpcLogAppender (GrpcLogAppender.java:onCompleted(308)) - 51ff0cab-3f07-4fdc-be2e-0b88d9ae56d8@group-E108E61D6979->493bcf3e-18c5-4e2d-b119-bb4d9c9f7637-AppendLogResponseHandler: follower responses appendEntries COMPLETED
2019-10-29 16:04:36,978 [grpc-default-executor-0] INFO  server.GrpcLogAppender (GrpcLogAppender.java:onCompleted(308)) - 51ff0cab-3f07-4fdc-be2e-0b88d9ae56d8@group-E108E61D6979->a34248b0-1a0e-489a-b66e-dead601c3bd5-AppendLogResponseHandler: follower responses appendEntries COMPLETED
2019-10-29 16:04:36,978 [ForkJoinPool.commonPool-worker-0] INFO  impl.RoleInfo (RoleInfo.java:shutdownLeaderState(104)) - 51ff0cab-3f07-4fdc-be2e-0b88d9ae56d8: shutdown LeaderState
2019-10-29 16:04:36,978 [main] INFO  impl.RoleInfo (RoleInfo.java:shutdownFollowerState(121)) - 493bcf3e-18c5-4e2d-b119-bb4d9c9f7637: shutdown FollowerState
2019-10-29 16:04:36,980 [ForkJoinPool.commonPool-worker-0] INFO  impl.PendingRequests (PendingRequests.java:sendNotLeaderResponses(206)) - 51ff0cab-3f07-4fdc-be2e-0b88d9ae56d8@group-E880EED20B71-PendingRequests: sendNotLeaderResponses
2019-10-29 16:04:36,980 [Thread-222] INFO  impl.FollowerState (FollowerState.java:run(120)) - 493bcf3e-18c5-4e2d-b119-bb4d9c9f7637@group-E108E61D6979-FollowerState was interrupted: java.lang.InterruptedException: sleep interrupted
2019-10-29 16:04:36,980 [main] INFO  impl.StateMachineUpdater (StateMachineUpdater.java:stopAndJoin(136)) - 493bcf3e-18c5-4e2d-b119-bb4d9c9f7637@group-E108E61D6979-StateMachineUpdater: set stopIndex = 0
2019-10-29 16:04:36,981 [ForkJoinPool.commonPool-worker-0] INFO  impl.StateMachineUpdater (StateMachineUpdater.java:stopAndJoin(136)) - 51ff0cab-3f07-4fdc-be2e-0b88d9ae56d8@group-E880EED20B71-StateMachineUpdater: set stopIndex = 0
2019-10-29 16:04:36,984 [main] INFO  impl.RaftServerImpl (ServerState.java:close(387)) - 493bcf3e-18c5-4e2d-b119-bb4d9c9f7637@group-E108E61D6979: closes. applyIndex: 0
2019-10-29 16:04:36,985 [ForkJoinPool.commonPool-worker-0] INFO  impl.RaftServerImpl (ServerState.java:close(387)) - 51ff0cab-3f07-4fdc-be2e-0b88d9ae56d8@group-E880EED20B71: closes. applyIndex: 0
2019-10-29 16:04:36,985 [493bcf3e-18c5-4e2d-b119-bb4d9c9f7637@group-E108E61D6979-SegmentedRaftLogWorker] INFO  segmented.SegmentedRaftLogWorker (SegmentedRaftLogWorker.java:run(316)) - 493bcf3e-18c5-4e2d-b119-bb4d9c9f7637@group-E108E61D6979-SegmentedRaftLogWorker was interrupted, exiting. There are 0 tasks remaining in the queue.
2019-10-29 16:04:36,986 [51ff0cab-3f07-4fdc-be2e-0b88d9ae56d8@group-E880EED20B71-SegmentedRaftLogWorker] INFO  segmented.SegmentedRaftLogWorker (SegmentedRaftLogWorker.java:run(316)) - 51ff0cab-3f07-4fdc-be2e-0b88d9ae56d8@group-E880EED20B71-SegmentedRaftLogWorker was interrupted, exiting. There are 0 tasks remaining in the queue.
2019-10-29 16:04:36,988 [main] INFO  segmented.SegmentedRaftLogWorker (SegmentedRaftLogWorker.java:close(224)) - 493bcf3e-18c5-4e2d-b119-bb4d9c9f7637@group-E108E61D6979-SegmentedRaftLogWorker close()
2019-10-29 16:04:36,989 [ForkJoinPool.commonPool-worker-0] INFO  segmented.SegmentedRaftLogWorker (SegmentedRaftLogWorker.java:close(224)) - 51ff0cab-3f07-4fdc-be2e-0b88d9ae56d8@group-E880EED20B71-SegmentedRaftLogWorker close()
2019-10-29 16:04:36,992 [main] INFO  server.GrpcService (GrpcService.java:closeImpl(164)) - 493bcf3e-18c5-4e2d-b119-bb4d9c9f7637: shutdown server with port 34451 now
2019-10-29 16:04:36,992 [ForkJoinPool.commonPool-worker-0] INFO  server.GrpcService (GrpcService.java:closeImpl(164)) - 51ff0cab-3f07-4fdc-be2e-0b88d9ae56d8: shutdown server with port 44021 now
2019-10-29 16:04:36,998 [ForkJoinPool.commonPool-worker-0] INFO  server.GrpcService (GrpcService.java:closeImpl(172)) - 51ff0cab-3f07-4fdc-be2e-0b88d9ae56d8: shutdown server with port 44021 successfully
2019-10-29 16:04:37,001 [grpc-default-executor-0] INFO  impl.FollowerInfo (FollowerInfo.java:lambda$new$0(51)) - 51ff0cab-3f07-4fdc-be2e-0b88d9ae56d8@group-E108E61D6979->a34248b0-1a0e-489a-b66e-dead601c3bd5: nextIndex: updateUnconditionally 1 -> 0
2019-10-29 16:04:37,001 [grpc-default-executor-3] INFO  impl.FollowerInfo (FollowerInfo.java:lambda$new$0(51)) - 51ff0cab-3f07-4fdc-be2e-0b88d9ae56d8@group-E108E61D6979->493bcf3e-18c5-4e2d-b119-bb4d9c9f7637: nextIndex: updateUnconditionally 1 -> 0
2019-10-29 16:04:37,006 [refreshUsed-/workdir/hadoop-ozone/integration-test/target/test-dir/MiniOzoneClusterImpl-1caf861a-5b79-471e-86df-1b3013642f58/datanode-0/data/containers] WARN  fs.CachingGetSpaceUsed (CachingGetSpaceUsed.java:run(183)) - Thread Interrupted waiting to refresh disk information: sleep interrupted
2019-10-29 16:04:37,006 [main] INFO  server.GrpcService (GrpcService.java:closeImpl(172)) - 493bcf3e-18c5-4e2d-b119-bb4d9c9f7637: shutdown server with port 34451 successfully
2019-10-29 16:04:37,013 [refreshUsed-/workdir/hadoop-ozone/integration-test/target/test-dir/MiniOzoneClusterImpl-1caf861a-5b79-471e-86df-1b3013642f58/datanode-1/data/containers] WARN  fs.CachingGetSpaceUsed (CachingGetSpaceUsed.java:run(183)) - Thread Interrupted waiting to refresh disk information: sleep interrupted
2019-10-29 16:04:37,024 [main] INFO  utils.BackgroundService (BackgroundService.java:shutdown(151)) - Shutting down service BlockDeletingService
2019-10-29 16:04:37,026 [ForkJoinPool.commonPool-worker-0] INFO  utils.BackgroundService (BackgroundService.java:shutdown(151)) - Shutting down service BlockDeletingService
2019-10-29 16:04:37,026 [main] INFO  statemachine.DatanodeStateMachine (DatanodeStateMachine.java:stopDaemon(401)) - Ozone container server stopped.
2019-10-29 16:04:37,028 [ForkJoinPool.commonPool-worker-0] INFO  statemachine.DatanodeStateMachine (DatanodeStateMachine.java:stopDaemon(401)) - Ozone container server stopped.
2019-10-29 16:04:37,030 [main] INFO  handler.ContextHandler (ContextHandler.java:doStop(910)) - Stopped o.e.j.w.WebAppContext@48d293ee{/,null,UNAVAILABLE}{/hddsDatanode}
2019-10-29 16:04:37,030 [ForkJoinPool.commonPool-worker-0] INFO  handler.ContextHandler (ContextHandler.java:doStop(910)) - Stopped o.e.j.w.WebAppContext@78e22d35{/,null,UNAVAILABLE}{/hddsDatanode}
2019-10-29 16:04:37,031 [ForkJoinPool.commonPool-worker-0] INFO  server.AbstractConnector (AbstractConnector.java:doStop(318)) - Stopped ServerConnector@2e8a1ab4{HTTP/1.1,[http/1.1]}{0.0.0.0:0}
2019-10-29 16:04:37,031 [main] INFO  server.AbstractConnector (AbstractConnector.java:doStop(318)) - Stopped ServerConnector@146dcfe6{HTTP/1.1,[http/1.1]}{0.0.0.0:0}
2019-10-29 16:04:37,031 [ForkJoinPool.commonPool-worker-0] INFO  handler.ContextHandler (ContextHandler.java:doStop(910)) - Stopped o.e.j.s.ServletContextHandler@30e9ca13{/static,jar:file:/home/user/.m2/repository/org/apache/hadoop/hadoop-hdds-container-service/0.5.0-SNAPSHOT/hadoop-hdds-container-service-0.5.0-SNAPSHOT.jar!/webapps/static,UNAVAILABLE}
2019-10-29 16:04:37,031 [main] INFO  handler.ContextHandler (ContextHandler.java:doStop(910)) - Stopped o.e.j.s.ServletContextHandler@761e788f{/static,jar:file:/home/user/.m2/repository/org/apache/hadoop/hadoop-hdds-container-service/0.5.0-SNAPSHOT/hadoop-hdds-container-service-0.5.0-SNAPSHOT.jar!/webapps/static,UNAVAILABLE}
2019-10-29 16:04:37,032 [ForkJoinPool.commonPool-worker-0] INFO  handler.ContextHandler (ContextHandler.java:doStop(910)) - Stopped o.e.j.s.ServletContextHandler@472a11ae{/logs,file:///workdir/hadoop-ozone/integration-test/target/log,UNAVAILABLE}
2019-10-29 16:04:37,032 [main] INFO  handler.ContextHandler (ContextHandler.java:doStop(910)) - Stopped o.e.j.s.ServletContextHandler@71904469{/logs,file:///workdir/hadoop-ozone/integration-test/target/log,UNAVAILABLE}
2019-10-29 16:04:37,777 [Datanode State Machine Thread - 0] INFO  statemachine.DatanodeStateMachine (DatanodeStateMachine.java:lambda$startDaemon$0(356)) - Ozone container server started.
2019-10-29 16:04:42,034 [ForkJoinPool.commonPool-worker-0] INFO  ozoneimpl.OzoneContainer (OzoneContainer.java:stop(227)) - Attempting to stop container services.
2019-10-29 16:04:42,035 [ForkJoinPool.commonPool-worker-0] INFO  impl.RaftServerProxy (RaftServerProxy.java:lambda$close$4(314)) - a34248b0-1a0e-489a-b66e-dead601c3bd5: close
2019-10-29 16:04:42,035 [ForkJoinPool.commonPool-worker-0] INFO  impl.RaftServerImpl (RaftServerImpl.java:lambda$shutdown$3(250)) - a34248b0-1a0e-489a-b66e-dead601c3bd5@group-DD8F829A5952: shutdown
2019-10-29 16:04:42,036 [ForkJoinPool.commonPool-worker-0] INFO  util.JmxRegister (JmxRegister.java:unregister(73)) - Successfully un-registered JMX Bean with object name Ratis:service=RaftServer,group=group-DD8F829A5952,id=a34248b0-1a0e-489a-b66e-dead601c3bd5
2019-10-29 16:04:42,036 [ForkJoinPool.commonPool-worker-0] INFO  impl.RoleInfo (RoleInfo.java:shutdownLeaderState(104)) - a34248b0-1a0e-489a-b66e-dead601c3bd5: shutdown LeaderState
2019-10-29 16:04:42,036 [ForkJoinPool.commonPool-worker-0] INFO  impl.PendingRequests (PendingRequests.java:sendNotLeaderResponses(206)) - a34248b0-1a0e-489a-b66e-dead601c3bd5@group-DD8F829A5952-PendingRequests: sendNotLeaderResponses
2019-10-29 16:04:42,037 [ForkJoinPool.commonPool-worker-0] INFO  impl.StateMachineUpdater (StateMachineUpdater.java:stopAndJoin(136)) - a34248b0-1a0e-489a-b66e-dead601c3bd5@group-DD8F829A5952-StateMachineUpdater: set stopIndex = 0
2019-10-29 16:04:42,037 [ForkJoinPool.commonPool-worker-0] INFO  impl.RaftServerImpl (ServerState.java:close(387)) - a34248b0-1a0e-489a-b66e-dead601c3bd5@group-DD8F829A5952: closes. applyIndex: 0
2019-10-29 16:04:42,038 [a34248b0-1a0e-489a-b66e-dead601c3bd5@group-DD8F829A5952-SegmentedRaftLogWorker] INFO  segmented.SegmentedRaftLogWorker (SegmentedRaftLogWorker.java:run(316)) - a34248b0-1a0e-489a-b66e-dead601c3bd5@group-DD8F829A5952-SegmentedRaftLogWorker was interrupted, exiting. There are 0 tasks remaining in the queue.
2019-10-29 16:04:42,039 [ForkJoinPool.commonPool-worker-0] INFO  segmented.SegmentedRaftLogWorker (SegmentedRaftLogWorker.java:close(224)) - a34248b0-1a0e-489a-b66e-dead601c3bd5@group-DD8F829A5952-SegmentedRaftLogWorker close()
2019-10-29 16:04:42,040 [ForkJoinPool.commonPool-worker-0] INFO  impl.RaftServerImpl (RaftServerImpl.java:lambda$shutdown$3(250)) - a34248b0-1a0e-489a-b66e-dead601c3bd5@group-E108E61D6979: shutdown
2019-10-29 16:04:42,040 [ForkJoinPool.commonPool-worker-0] INFO  util.JmxRegister (JmxRegister.java:unregister(73)) - Successfully un-registered JMX Bean with object name Ratis:service=RaftServer,group=group-E108E61D6979,id=a34248b0-1a0e-489a-b66e-dead601c3bd5
2019-10-29 16:04:42,041 [ForkJoinPool.commonPool-worker-0] INFO  impl.RoleInfo (RoleInfo.java:shutdownFollowerState(121)) - a34248b0-1a0e-489a-b66e-dead601c3bd5: shutdown FollowerState
2019-10-29 16:04:42,041 [ForkJoinPool.commonPool-worker-0] INFO  impl.StateMachineUpdater (StateMachineUpdater.java:stopAndJoin(136)) - a34248b0-1a0e-489a-b66e-dead601c3bd5@group-E108E61D6979-StateMachineUpdater: set stopIndex = 0
2019-10-29 16:04:42,041 [Thread-223] INFO  impl.FollowerState (FollowerState.java:run(120)) - a34248b0-1a0e-489a-b66e-dead601c3bd5@group-E108E61D6979-FollowerState was interrupted: java.lang.InterruptedException: sleep interrupted
2019-10-29 16:04:42,042 [ForkJoinPool.commonPool-worker-0] INFO  impl.RaftServerImpl (ServerState.java:close(387)) - a34248b0-1a0e-489a-b66e-dead601c3bd5@group-E108E61D6979: closes. applyIndex: 0
2019-10-29 16:04:42,042 [a34248b0-1a0e-489a-b66e-dead601c3bd5@group-E108E61D6979-SegmentedRaftLogWorker] INFO  segmented.SegmentedRaftLogWorker (SegmentedRaftLogWorker.java:run(316)) - a34248b0-1a0e-489a-b66e-dead601c3bd5@group-E108E61D6979-SegmentedRaftLogWorker was interrupted, exiting. There are 0 tasks remaining in the queue.
2019-10-29 16:04:42,043 [ForkJoinPool.commonPool-worker-0] INFO  segmented.SegmentedRaftLogWorker (SegmentedRaftLogWorker.java:close(224)) - a34248b0-1a0e-489a-b66e-dead601c3bd5@group-E108E61D6979-SegmentedRaftLogWorker close()
2019-10-29 16:04:42,044 [ForkJoinPool.commonPool-worker-0] INFO  server.GrpcService (GrpcService.java:closeImpl(164)) - a34248b0-1a0e-489a-b66e-dead601c3bd5: shutdown server with port 43079 now
2019-10-29 16:04:42,046 [ForkJoinPool.commonPool-worker-0] INFO  server.GrpcService (GrpcService.java:closeImpl(172)) - a34248b0-1a0e-489a-b66e-dead601c3bd5: shutdown server with port 43079 successfully
2019-10-29 16:04:42,051 [refreshUsed-/workdir/hadoop-ozone/integration-test/target/test-dir/MiniOzoneClusterImpl-1caf861a-5b79-471e-86df-1b3013642f58/datanode-2/data/containers] WARN  fs.CachingGetSpaceUsed (CachingGetSpaceUsed.java:run(183)) - Thread Interrupted waiting to refresh disk information: sleep interrupted
2019-10-29 16:04:42,076 [ForkJoinPool.commonPool-worker-0] INFO  utils.BackgroundService (BackgroundService.java:shutdown(151)) - Shutting down service BlockDeletingService
2019-10-29 16:04:42,078 [ForkJoinPool.commonPool-worker-0] INFO  statemachine.DatanodeStateMachine (DatanodeStateMachine.java:stopDaemon(401)) - Ozone container server stopped.
2019-10-29 16:04:42,081 [ForkJoinPool.commonPool-worker-0] INFO  handler.ContextHandler (ContextHandler.java:doStop(910)) - Stopped o.e.j.w.WebAppContext@65b97f47{/,null,UNAVAILABLE}{/hddsDatanode}
2019-10-29 16:04:42,082 [ForkJoinPool.commonPool-worker-0] INFO  server.AbstractConnector (AbstractConnector.java:doStop(318)) - Stopped ServerConnector@255eaa6b{HTTP/1.1,[http/1.1]}{0.0.0.0:0}
2019-10-29 16:04:42,083 [ForkJoinPool.commonPool-worker-0] INFO  handler.ContextHandler (ContextHandler.java:doStop(910)) - Stopped o.e.j.s.ServletContextHandler@46c269e0{/static,jar:file:/home/user/.m2/repository/org/apache/hadoop/hadoop-hdds-container-service/0.5.0-SNAPSHOT/hadoop-hdds-container-service-0.5.0-SNAPSHOT.jar!/webapps/static,UNAVAILABLE}
2019-10-29 16:04:42,084 [ForkJoinPool.commonPool-worker-0] INFO  handler.ContextHandler (ContextHandler.java:doStop(910)) - Stopped o.e.j.s.ServletContextHandler@262816a8{/logs,file:///workdir/hadoop-ozone/integration-test/target/log,UNAVAILABLE}
2019-10-29 16:04:42,085 [main] INFO  ozone.MiniOzoneClusterImpl (MiniOzoneClusterImpl.java:stopSCM(416)) - Stopping the StorageContainerManager
2019-10-29 16:04:42,085 [main] INFO  server.StorageContainerManager (StorageContainerManager.java:stop(809)) - Stopping Replication Manager Service.
2019-10-29 16:04:42,085 [main] INFO  container.ReplicationManager (ReplicationManager.java:stop(203)) - Stopping Replication Monitor Thread.
2019-10-29 16:04:42,085 [main] INFO  server.StorageContainerManager (StorageContainerManager.java:stop(816)) - Stopping Lease Manager of the command watchers
2019-10-29 16:04:42,086 [main] INFO  server.StorageContainerManager (StorageContainerManager.java:stop(823)) - Stopping datanode service RPC server
2019-10-29 16:04:42,086 [main] INFO  server.SCMDatanodeProtocolServer (SCMDatanodeProtocolServer.java:stop(366)) - Stopping the RPC server for DataNodes
2019-10-29 16:04:42,086 [main] INFO  ipc.Server (Server.java:stop(3082)) - Stopping server on 45880
2019-10-29 16:04:42,087 [IPC Server listener on 45880] INFO  ipc.Server (Server.java:run(1185)) - Stopping IPC Server listener on 45880
2019-10-29 16:04:42,088 [IPC Server Responder] INFO  ipc.Server (Server.java:run(1319)) - Stopping IPC Server Responder
2019-10-29 16:04:42,188 [SCM Heartbeat Processing Thread - 0] WARN  node.NodeStateManager (NodeStateManager.java:scheduleNextHealthCheck(646)) - Current Thread is interrupted, shutting down HB processing thread for Node Manager.
2019-10-29 16:04:42,188 [main] INFO  server.StorageContainerManager (StorageContainerManager.java:stop(831)) - Stopping block service RPC server
2019-10-29 16:04:42,189 [main] INFO  server.SCMBlockProtocolServer (SCMBlockProtocolServer.java:stop(155)) - Stopping the RPC server for Block Protocol
2019-10-29 16:04:42,189 [main] INFO  ipc.Server (Server.java:stop(3082)) - Stopping server on 45909
2019-10-29 16:04:42,190 [IPC Server listener on 45909] INFO  ipc.Server (Server.java:run(1185)) - Stopping IPC Server listener on 45909
2019-10-29 16:04:42,190 [main] INFO  server.StorageContainerManager (StorageContainerManager.java:stop(838)) - Stopping the StorageContainerLocationProtocol RPC server
2019-10-29 16:04:42,191 [main] INFO  server.SCMClientProtocolServer (SCMClientProtocolServer.java:stop(168)) - Stopping the RPC server for Client Protocol
2019-10-29 16:04:42,191 [IPC Server Responder] INFO  ipc.Server (Server.java:run(1319)) - Stopping IPC Server Responder
2019-10-29 16:04:42,191 [main] INFO  ipc.Server (Server.java:stop(3082)) - Stopping server on 34472
2019-10-29 16:04:42,192 [IPC Server listener on 34472] INFO  ipc.Server (Server.java:run(1185)) - Stopping IPC Server listener on 34472
2019-10-29 16:04:42,192 [main] INFO  server.StorageContainerManager (StorageContainerManager.java:stop(845)) - Stopping Storage Container Manager HTTP server.
2019-10-29 16:04:42,193 [IPC Server Responder] INFO  ipc.Server (Server.java:run(1319)) - Stopping IPC Server Responder
2019-10-29 16:04:42,194 [main] INFO  handler.ContextHandler (ContextHandler.java:doStop(910)) - Stopped o.e.j.w.WebAppContext@7fb9f71f{/,null,UNAVAILABLE}{/scm}
2019-10-29 16:04:42,195 [main] INFO  server.AbstractConnector (AbstractConnector.java:doStop(318)) - Stopped ServerConnector@407cf41{HTTP/1.1,[http/1.1]}{0.0.0.0:0}
2019-10-29 16:04:42,196 [main] INFO  handler.ContextHandler (ContextHandler.java:doStop(910)) - Stopped o.e.j.s.ServletContextHandler@2320fa6f{/static,file:///workdir/hadoop-ozone/integration-test/target/test-classes/webapps/static,UNAVAILABLE}
2019-10-29 16:04:42,196 [main] INFO  handler.ContextHandler (ContextHandler.java:doStop(910)) - Stopped o.e.j.s.ServletContextHandler@424ebba3{/logs,file:///workdir/hadoop-ozone/integration-test/target/log,UNAVAILABLE}
2019-10-29 16:04:42,197 [main] INFO  server.StorageContainerManager (StorageContainerManager.java:stop(856)) - Stopping Block Manager Service.
2019-10-29 16:04:42,197 [main] INFO  utils.BackgroundService (BackgroundService.java:shutdown(151)) - Shutting down service SCMBlockDeletingService
2019-10-29 16:04:42,198 [main] INFO  utils.BackgroundService (BackgroundService.java:shutdown(151)) - Shutting down service SCMBlockDeletingService
2019-10-29 16:04:42,198 [main] INFO  server.StorageContainerManager (StorageContainerManager.java:stop(878)) - Stopping SCM Event Queue.
2019-10-29 16:04:42,207 [main] INFO  impl.MetricsSystemImpl (MetricsSystemImpl.java:stop(210)) - Stopping XceiverClientMetrics metrics system...
2019-10-29 16:04:42,211 [prometheus] INFO  impl.MetricsSinkAdapter (MetricsSinkAdapter.java:publishMetricsFromQueue(141)) - prometheus thread interrupted.
2019-10-29 16:04:42,211 [main] INFO  impl.MetricsSystemImpl (MetricsSystemImpl.java:stop(216)) - XceiverClientMetrics metrics system stopped.
]]></system-out>
    <system-err><![CDATA[ERROR StatusLogger No Log4j 2 configuration file found. Using default configuration (logging only errors to the console), or user programmatically provided configurations. Set system property 'log4j2.debug' to show Log4j 2 internal initialization logging. See https://logging.apache.org/log4j/2.x/manual/configuration.html for instructions on how to configure Log4j 2
]]></system-err>
  </testcase>
</testsuite>