<?xml version="1.0" encoding="UTF-8"?>
<testsuite xmlns:xsi="http://www.w3.org/2001/XMLSchema-instance" xsi:noNamespaceSchemaLocation="https://maven.apache.org/surefire/maven-surefire-plugin/xsd/surefire-test-report.xsd" name="org.apache.hadoop.ozone.client.rpc.TestContainerStateMachine" time="55.352" tests="2" errors="1" skipped="0" failures="1">
  <properties>
    <property name="awt.toolkit" value="sun.awt.X11.XToolkit"/>
    <property name="file.encoding.pkg" value="sun.io"/>
    <property name="java.specification.version" value="1.8"/>
    <property name="sun.cpu.isalist" value=""/>
    <property name="sun.jnu.encoding" value="ANSI_X3.4-1968"/>
    <property name="java.class.path" value="/workdir/hadoop-ozone/integration-test/target/test-classes:/workdir/hadoop-ozone/integration-test/target/classes:/home/user/.m2/repository/org/apache/hadoop/hadoop-ozone-common/0.5.0-SNAPSHOT/hadoop-ozone-common-0.5.0-SNAPSHOT.jar:/home/user/.m2/repository/org/apache/commons/commons-compress/1.4.1/commons-compress-1.4.1.jar:/home/user/.m2/repository/org/tukaani/xz/1.0/xz-1.0.jar:/home/user/.m2/repository/org/apache/hadoop/hadoop-common/3.2.0/hadoop-common-3.2.0.jar:/home/user/.m2/repository/org/apache/hadoop/hadoop-hdfs/3.2.0/hadoop-hdfs-3.2.0.jar:/home/user/.m2/repository/org/apache/hadoop/hadoop-hdfs-client/3.2.0/hadoop-hdfs-client-3.2.0.jar:/home/user/.m2/repository/com/fasterxml/jackson/core/jackson-annotations/2.9.9/jackson-annotations-2.9.9.jar:/home/user/.m2/repository/org/apache/hadoop/hadoop-hdds-common/0.5.0-SNAPSHOT/hadoop-hdds-common-0.5.0-SNAPSHOT.jar:/home/user/.m2/repository/javax/annotation/javax.annotation-api/1.2/javax.annotation-api-1.2.jar:/home/user/.m2/repository/org/apache/ratis/ratis-server/0.5.0-d6d58d0-SNAPSHOT/ratis-server-0.5.0-d6d58d0-SNAPSHOT.jar:/home/user/.m2/repository/org/apache/ratis/ratis-thirdparty-misc/0.2.0/ratis-thirdparty-misc-0.2.0.jar:/home/user/.m2/repository/org/apache/ratis/ratis-proto/0.5.0-d6d58d0-SNAPSHOT/ratis-proto-0.5.0-d6d58d0-SNAPSHOT.jar:/home/user/.m2/repository/org/apache/ratis/ratis-common/0.5.0-d6d58d0-SNAPSHOT/ratis-common-0.5.0-d6d58d0-SNAPSHOT.jar:/home/user/.m2/repository/org/apache/ratis/ratis-client/0.5.0-d6d58d0-SNAPSHOT/ratis-client-0.5.0-d6d58d0-SNAPSHOT.jar:/home/user/.m2/repository/org/apache/ratis/ratis-metrics/0.5.0-d6d58d0-SNAPSHOT/ratis-metrics-0.5.0-d6d58d0-SNAPSHOT.jar:/home/user/.m2/repository/org/apache/ratis/ratis-netty/0.5.0-d6d58d0-SNAPSHOT/ratis-netty-0.5.0-d6d58d0-SNAPSHOT.jar:/home/user/.m2/repository/org/apache/ratis/ratis-grpc/0.5.0-d6d58d0-SNAPSHOT/ratis-grpc-0.5.0-d6d58d0-SNAPSHOT.jar:/home/user/.m2/repository/org/rocksdb/rocksdbjni/6.0.1/rocksdbjni-6.0.1.jar:/home/user/.m2/repository/org/apache/logging/log4j/log4j-api/2.11.0/log4j-api-2.11.0.jar:/home/user/.m2/repository/org/apache/logging/log4j/log4j-core/2.11.0/log4j-core-2.11.0.jar:/home/user/.m2/repository/com/lmax/disruptor/3.4.2/disruptor-3.4.2.jar:/home/user/.m2/repository/org/apache/commons/commons-pool2/2.6.0/commons-pool2-2.6.0.jar:/home/user/.m2/repository/org/bouncycastle/bcpkix-jdk15on/1.60/bcpkix-jdk15on-1.60.jar:/home/user/.m2/repository/commons-validator/commons-validator/1.6/commons-validator-1.6.jar:/home/user/.m2/repository/commons-digester/commons-digester/1.8.1/commons-digester-1.8.1.jar:/home/user/.m2/repository/io/jaegertracing/jaeger-client/0.34.0/jaeger-client-0.34.0.jar:/home/user/.m2/repository/io/jaegertracing/jaeger-thrift/0.34.0/jaeger-thrift-0.34.0.jar:/home/user/.m2/repository/org/apache/thrift/libthrift/0.12.0/libthrift-0.12.0.jar:/home/user/.m2/repository/com/squareup/okhttp3/okhttp/3.9.0/okhttp-3.9.0.jar:/home/user/.m2/repository/com/squareup/okio/okio/1.13.0/okio-1.13.0.jar:/home/user/.m2/repository/io/jaegertracing/jaeger-core/0.34.0/jaeger-core-0.34.0.jar:/home/user/.m2/repository/io/jaegertracing/jaeger-tracerresolver/0.34.0/jaeger-tracerresolver-0.34.0.jar:/home/user/.m2/repository/io/opentracing/contrib/opentracing-tracerresolver/0.1.5/opentracing-tracerresolver-0.1.5.jar:/home/user/.m2/repository/io/opentracing/opentracing-util/0.31.0/opentracing-util-0.31.0.jar:/home/user/.m2/repository/io/opentracing/opentracing-api/0.31.0/opentracing-api-0.31.0.jar:/home/user/.m2/repository/io/opentracing/opentracing-noop/0.31.0/opentracing-noop-0.31.0.jar:/home/user/.m2/repository/org/apache/hadoop/hadoop-hdds-server-framework/0.5.0-SNAPSHOT/hadoop-hdds-server-framework-0.5.0-SNAPSHOT.jar:/home/user/.m2/repository/org/apache/hadoop/hadoop-hdds-container-service/0.5.0-SNAPSHOT/hadoop-hdds-container-service-0.5.0-SNAPSHOT.jar:/home/user/.m2/repository/org/apache/hadoop/hadoop-hdds-client/0.5.0-SNAPSHOT/hadoop-hdds-client-0.5.0-SNAPSHOT.jar:/home/user/.m2/repository/org/apache/hadoop/hadoop-hdds-tools/0.5.0-SNAPSHOT/hadoop-hdds-tools-0.5.0-SNAPSHOT.jar:/home/user/.m2/repository/org/apache/hadoop/hadoop-hdds-server-scm/0.5.0-SNAPSHOT/hadoop-hdds-server-scm-0.5.0-SNAPSHOT.jar:/home/user/.m2/repository/org/apache/hadoop/hadoop-hdds-docs/0.5.0-SNAPSHOT/hadoop-hdds-docs-0.5.0-SNAPSHOT.jar:/home/user/.m2/repository/io/dropwizard/metrics/metrics-core/3.2.4/metrics-core-3.2.4.jar:/home/user/.m2/repository/org/hamcrest/hamcrest-all/1.3/hamcrest-all-1.3.jar:/home/user/.m2/repository/org/bouncycastle/bcprov-jdk15on/1.60/bcprov-jdk15on-1.60.jar:/home/user/.m2/repository/info/picocli/picocli/3.9.6/picocli-3.9.6.jar:/home/user/.m2/repository/com/google/protobuf/protobuf-java/2.5.0/protobuf-java-2.5.0.jar:/home/user/.m2/repository/com/google/guava/guava/11.0.2/guava-11.0.2.jar:/home/user/.m2/repository/org/apache/hadoop/hadoop-ozone-ozone-manager/0.5.0-SNAPSHOT/hadoop-ozone-ozone-manager-0.5.0-SNAPSHOT.jar:/home/user/.m2/repository/org/apache/hadoop/hadoop-minikdc/3.2.0/hadoop-minikdc-3.2.0.jar:/home/user/.m2/repository/commons-io/commons-io/2.5/commons-io-2.5.jar:/home/user/.m2/repository/org/apache/kerby/kerb-simplekdc/1.0.1/kerb-simplekdc-1.0.1.jar:/home/user/.m2/repository/org/apache/kerby/kerb-client/1.0.1/kerb-client-1.0.1.jar:/home/user/.m2/repository/org/apache/kerby/kerby-config/1.0.1/kerby-config-1.0.1.jar:/home/user/.m2/repository/org/apache/kerby/kerb-core/1.0.1/kerb-core-1.0.1.jar:/home/user/.m2/repository/org/apache/kerby/kerby-pkix/1.0.1/kerby-pkix-1.0.1.jar:/home/user/.m2/repository/org/apache/kerby/kerby-asn1/1.0.1/kerby-asn1-1.0.1.jar:/home/user/.m2/repository/org/apache/kerby/kerby-util/1.0.1/kerby-util-1.0.1.jar:/home/user/.m2/repository/org/apache/kerby/kerb-common/1.0.1/kerb-common-1.0.1.jar:/home/user/.m2/repository/org/apache/kerby/kerb-crypto/1.0.1/kerb-crypto-1.0.1.jar:/home/user/.m2/repository/org/apache/kerby/kerb-util/1.0.1/kerb-util-1.0.1.jar:/home/user/.m2/repository/org/apache/kerby/token-provider/1.0.1/token-provider-1.0.1.jar:/home/user/.m2/repository/org/apache/kerby/kerb-admin/1.0.1/kerb-admin-1.0.1.jar:/home/user/.m2/repository/org/apache/kerby/kerb-server/1.0.1/kerb-server-1.0.1.jar:/home/user/.m2/repository/org/apache/kerby/kerb-identity/1.0.1/kerb-identity-1.0.1.jar:/home/user/.m2/repository/org/apache/kerby/kerby-xdr/1.0.1/kerby-xdr-1.0.1.jar:/home/user/.m2/repository/org/slf4j/slf4j-log4j12/1.7.25/slf4j-log4j12-1.7.25.jar:/home/user/.m2/repository/org/apache/hadoop/hadoop-ozone-s3gateway/0.5.0-SNAPSHOT/hadoop-ozone-s3gateway-0.5.0-SNAPSHOT.jar:/home/user/.m2/repository/org/jboss/weld/servlet/weld-servlet/2.4.7.Final/weld-servlet-2.4.7.Final.jar:/home/user/.m2/repository/org/glassfish/jersey/containers/jersey-container-servlet-core/2.27/jersey-container-servlet-core-2.27.jar:/home/user/.m2/repository/org/glassfish/hk2/external/javax.inject/2.5.0-b42/javax.inject-2.5.0-b42.jar:/home/user/.m2/repository/org/glassfish/jersey/core/jersey-common/2.27/jersey-common-2.27.jar:/home/user/.m2/repository/org/glassfish/hk2/osgi-resource-locator/1.0.1/osgi-resource-locator-1.0.1.jar:/home/user/.m2/repository/javax/ws/rs/javax.ws.rs-api/2.1/javax.ws.rs-api-2.1.jar:/home/user/.m2/repository/org/glassfish/jersey/ext/cdi/jersey-cdi1x/2.27/jersey-cdi1x-2.27.jar:/home/user/.m2/repository/org/glassfish/jersey/inject/jersey-hk2/2.27/jersey-hk2-2.27.jar:/home/user/.m2/repository/org/glassfish/hk2/hk2-locator/2.5.0-b42/hk2-locator-2.5.0-b42.jar:/home/user/.m2/repository/org/javassist/javassist/3.22.0-CR2/javassist-3.22.0-CR2.jar:/home/user/.m2/repository/org/glassfish/hk2/hk2-api/2.5.0/hk2-api-2.5.0.jar:/home/user/.m2/repository/org/glassfish/hk2/external/jakarta.inject/2.5.0/jakarta.inject-2.5.0.jar:/home/user/.m2/repository/org/glassfish/hk2/hk2-utils/2.5.0/hk2-utils-2.5.0.jar:/home/user/.m2/repository/jakarta/annotation/jakarta.annotation-api/1.3.4/jakarta.annotation-api-1.3.4.jar:/home/user/.m2/repository/org/glassfish/hk2/external/aopalliance-repackaged/2.5.0/aopalliance-repackaged-2.5.0.jar:/home/user/.m2/repository/com/fasterxml/jackson/dataformat/jackson-dataformat-xml/2.9.0/jackson-dataformat-xml-2.9.0.jar:/home/user/.m2/repository/com/fasterxml/jackson/core/jackson-core/2.9.9/jackson-core-2.9.9.jar:/home/user/.m2/repository/com/fasterxml/jackson/module/jackson-module-jaxb-annotations/2.9.9/jackson-module-jaxb-annotations-2.9.9.jar:/home/user/.m2/repository/javax/enterprise/cdi-api/1.2/cdi-api-1.2.jar:/home/user/.m2/repository/javax/el/javax.el-api/3.0.0/javax.el-api-3.0.0.jar:/home/user/.m2/repository/javax/interceptor/javax.interceptor-api/1.2/javax.interceptor-api-1.2.jar:/home/user/.m2/repository/javax/inject/javax.inject/1/javax.inject-1.jar:/home/user/.m2/repository/com/sun/xml/bind/jaxb-impl/2.3.0.1/jaxb-impl-2.3.0.1.jar:/home/user/.m2/repository/com/sun/xml/bind/jaxb-core/2.3.0.1/jaxb-core-2.3.0.1.jar:/home/user/.m2/repository/javax/xml/bind/jaxb-api/2.3.0/jaxb-api-2.3.0.jar:/home/user/.m2/repository/javax/activation/activation/1.1.1/activation-1.1.1.jar:/home/user/.m2/repository/org/apache/hadoop/hadoop-ozone-csi/0.5.0-SNAPSHOT/hadoop-ozone-csi-0.5.0-SNAPSHOT.jar:/home/user/.m2/repository/com/google/protobuf/protobuf-java-util/3.5.1/protobuf-java-util-3.5.1.jar:/home/user/.m2/repository/org/apache/hadoop/hadoop-hdds-config/0.5.0-SNAPSHOT/hadoop-hdds-config-0.5.0-SNAPSHOT.jar:/home/user/.m2/repository/io/grpc/grpc-netty/1.17.1/grpc-netty-1.17.1.jar:/home/user/.m2/repository/io/grpc/grpc-core/1.17.1/grpc-core-1.17.1.jar:/home/user/.m2/repository/io/grpc/grpc-context/1.17.1/grpc-context-1.17.1.jar:/home/user/.m2/repository/com/google/errorprone/error_prone_annotations/2.2.0/error_prone_annotations-2.2.0.jar:/home/user/.m2/repository/org/codehaus/mojo/animal-sniffer-annotations/1.17/animal-sniffer-annotations-1.17.jar:/home/user/.m2/repository/io/opencensus/opencensus-api/0.17.0/opencensus-api-0.17.0.jar:/home/user/.m2/repository/io/opencensus/opencensus-contrib-grpc-metrics/0.17.0/opencensus-contrib-grpc-metrics-0.17.0.jar:/home/user/.m2/repository/io/netty/netty-codec-http2/4.1.30.Final/netty-codec-http2-4.1.30.Final.jar:/home/user/.m2/repository/io/netty/netty-codec-http/4.1.30.Final/netty-codec-http-4.1.30.Final.jar:/home/user/.m2/repository/io/netty/netty-codec/4.1.30.Final/netty-codec-4.1.30.Final.jar:/home/user/.m2/repository/io/netty/netty-handler/4.1.30.Final/netty-handler-4.1.30.Final.jar:/home/user/.m2/repository/io/netty/netty-handler-proxy/4.1.30.Final/netty-handler-proxy-4.1.30.Final.jar:/home/user/.m2/repository/io/netty/netty-codec-socks/4.1.30.Final/netty-codec-socks-4.1.30.Final.jar:/home/user/.m2/repository/io/netty/netty-transport-native-epoll/4.1.30.Final/netty-transport-native-epoll-4.1.30.Final.jar:/home/user/.m2/repository/io/netty/netty-common/4.1.30.Final/netty-common-4.1.30.Final.jar:/home/user/.m2/repository/io/netty/netty-buffer/4.1.30.Final/netty-buffer-4.1.30.Final.jar:/home/user/.m2/repository/io/netty/netty-transport/4.1.30.Final/netty-transport-4.1.30.Final.jar:/home/user/.m2/repository/io/netty/netty-resolver/4.1.30.Final/netty-resolver-4.1.30.Final.jar:/home/user/.m2/repository/io/netty/netty-transport-native-unix-common/4.1.30.Final/netty-transport-native-unix-common-4.1.30.Final.jar:/home/user/.m2/repository/io/grpc/grpc-protobuf/1.17.1/grpc-protobuf-1.17.1.jar:/home/user/.m2/repository/com/google/api/grpc/proto-google-common-protos/1.0.0/proto-google-common-protos-1.0.0.jar:/home/user/.m2/repository/io/grpc/grpc-protobuf-lite/1.17.1/grpc-protobuf-lite-1.17.1.jar:/home/user/.m2/repository/io/grpc/grpc-stub/1.17.1/grpc-stub-1.17.1.jar:/home/user/.m2/repository/org/apache/hadoop/hadoop-ozone-recon/0.5.0-SNAPSHOT/hadoop-ozone-recon-0.5.0-SNAPSHOT.jar:/home/user/.m2/repository/org/apache/hadoop/hadoop-ozone-reconcodegen/0.5.0-SNAPSHOT/hadoop-ozone-reconcodegen-0.5.0-SNAPSHOT.jar:/home/user/.m2/repository/com/google/inject/extensions/guice-multibindings/4.0/guice-multibindings-4.0.jar:/home/user/.m2/repository/com/google/inject/guice/4.0/guice-4.0.jar:/home/user/.m2/repository/aopalliance/aopalliance/1.0/aopalliance-1.0.jar:/home/user/.m2/repository/com/google/inject/extensions/guice-servlet/4.0/guice-servlet-4.0.jar:/home/user/.m2/repository/org/glassfish/jersey/containers/jersey-container-servlet/2.27/jersey-container-servlet-2.27.jar:/home/user/.m2/repository/org/glassfish/hk2/guice-bridge/2.5.0/guice-bridge-2.5.0.jar:/home/user/.m2/repository/org/glassfish/jersey/core/jersey-server/2.27/jersey-server-2.27.jar:/home/user/.m2/repository/org/glassfish/jersey/core/jersey-client/2.27/jersey-client-2.27.jar:/home/user/.m2/repository/org/glassfish/jersey/media/jersey-media-jaxb/2.27/jersey-media-jaxb-2.27.jar:/home/user/.m2/repository/javax/validation/validation-api/1.1.0.Final/validation-api-1.1.0.Final.jar:/home/user/.m2/repository/org/glassfish/jersey/media/jersey-media-json-jackson/2.27/jersey-media-json-jackson-2.27.jar:/home/user/.m2/repository/org/glassfish/jersey/ext/jersey-entity-filtering/2.27/jersey-entity-filtering-2.27.jar:/home/user/.m2/repository/com/google/inject/extensions/guice-assistedinject/4.0/guice-assistedinject-4.0.jar:/home/user/.m2/repository/org/jooq/jooq/3.11.10/jooq-3.11.10.jar:/home/user/.m2/repository/org/jooq/jooq-meta/3.11.10/jooq-meta-3.11.10.jar:/home/user/.m2/repository/org/jooq/jooq-codegen/3.11.10/jooq-codegen-3.11.10.jar:/home/user/.m2/repository/com/jolbox/bonecp/0.8.0.RELEASE/bonecp-0.8.0.RELEASE.jar:/home/user/.m2/repository/org/xerial/sqlite-jdbc/3.25.2/sqlite-jdbc-3.25.2.jar:/home/user/.m2/repository/org/springframework/spring-jdbc/5.1.3.RELEASE/spring-jdbc-5.1.3.RELEASE.jar:/home/user/.m2/repository/org/springframework/spring-beans/5.1.3.RELEASE/spring-beans-5.1.3.RELEASE.jar:/home/user/.m2/repository/org/springframework/spring-core/5.1.3.RELEASE/spring-core-5.1.3.RELEASE.jar:/home/user/.m2/repository/org/springframework/spring-jcl/5.1.3.RELEASE/spring-jcl-5.1.3.RELEASE.jar:/home/user/.m2/repository/org/springframework/spring-tx/5.1.3.RELEASE/spring-tx-5.1.3.RELEASE.jar:/home/user/.m2/repository/org/apache/hadoop/hadoop-ozone-client/0.5.0-SNAPSHOT/hadoop-ozone-client-0.5.0-SNAPSHOT.jar:/home/user/.m2/repository/commons-lang/commons-lang/2.6/commons-lang-2.6.jar:/home/user/.m2/repository/org/apache/hadoop/hadoop-ozone-ozone-manager/0.5.0-SNAPSHOT/hadoop-ozone-ozone-manager-0.5.0-SNAPSHOT-tests.jar:/home/user/.m2/repository/junit/junit/4.11/junit-4.11.jar:/home/user/.m2/repository/org/hamcrest/hamcrest-core/1.3/hamcrest-core-1.3.jar:/home/user/.m2/repository/org/openjdk/jmh/jmh-core/1.19/jmh-core-1.19.jar:/home/user/.m2/repository/net/sf/jopt-simple/jopt-simple/4.6/jopt-simple-4.6.jar:/home/user/.m2/repository/org/apache/commons/commons-math3/3.1.1/commons-math3-3.1.1.jar:/home/user/.m2/repository/org/openjdk/jmh/jmh-generator-annprocess/1.19/jmh-generator-annprocess-1.19.jar:/home/user/.m2/repository/org/mockito/mockito-all/1.8.5/mockito-all-1.8.5.jar:/home/user/.m2/repository/org/apache/hadoop/hadoop-kms/3.2.0/hadoop-kms-3.2.0.jar:/home/user/.m2/repository/org/apache/hadoop/hadoop-auth/3.2.0/hadoop-auth-3.2.0.jar:/home/user/.m2/repository/com/nimbusds/nimbus-jose-jwt/4.41.1/nimbus-jose-jwt-4.41.1.jar:/home/user/.m2/repository/com/github/stephenc/jcip/jcip-annotations/1.0-1/jcip-annotations-1.0-1.jar:/home/user/.m2/repository/net/minidev/json-smart/2.3/json-smart-2.3.jar:/home/user/.m2/repository/net/minidev/accessors-smart/1.2/accessors-smart-1.2.jar:/home/user/.m2/repository/org/ow2/asm/asm/5.0.4/asm-5.0.4.jar:/home/user/.m2/repository/org/apache/curator/curator-framework/2.12.0/curator-framework-2.12.0.jar:/home/user/.m2/repository/com/sun/jersey/jersey-core/1.19/jersey-core-1.19.jar:/home/user/.m2/repository/javax/ws/rs/jsr311-api/1.1.1/jsr311-api-1.1.1.jar:/home/user/.m2/repository/com/sun/jersey/jersey-server/1.19/jersey-server-1.19.jar:/home/user/.m2/repository/javax/servlet/javax.servlet-api/3.1.0/javax.servlet-api-3.1.0.jar:/home/user/.m2/repository/org/eclipse/jetty/jetty-server/9.3.25.v20180904/jetty-server-9.3.25.v20180904.jar:/home/user/.m2/repository/org/eclipse/jetty/jetty-http/9.3.25.v20180904/jetty-http-9.3.25.v20180904.jar:/home/user/.m2/repository/org/eclipse/jetty/jetty-io/9.3.25.v20180904/jetty-io-9.3.25.v20180904.jar:/home/user/.m2/repository/org/eclipse/jetty/jetty-webapp/9.3.25.v20180904/jetty-webapp-9.3.25.v20180904.jar:/home/user/.m2/repository/org/eclipse/jetty/jetty-xml/9.3.25.v20180904/jetty-xml-9.3.25.v20180904.jar:/home/user/.m2/repository/log4j/log4j/1.2.17/log4j-1.2.17.jar:/home/user/.m2/repository/org/slf4j/slf4j-api/1.7.25/slf4j-api-1.7.25.jar:/home/user/.m2/repository/org/slf4j/jul-to-slf4j/1.7.25/jul-to-slf4j-1.7.25.jar:/home/user/.m2/repository/org/eclipse/jetty/jetty-util/9.3.25.v20180904/jetty-util-9.3.25.v20180904.jar:/home/user/.m2/repository/com/fasterxml/jackson/core/jackson-databind/2.9.9/jackson-databind-2.9.9.jar:/home/user/.m2/repository/org/apache/hadoop/hadoop-kms/3.2.0/hadoop-kms-3.2.0-tests.jar:/home/user/.m2/repository/org/apache/hadoop/hadoop-hdds-server-scm/0.5.0-SNAPSHOT/hadoop-hdds-server-scm-0.5.0-SNAPSHOT-tests.jar:/home/user/.m2/repository/org/apache/hadoop/hadoop-hdds-container-service/0.5.0-SNAPSHOT/hadoop-hdds-container-service-0.5.0-SNAPSHOT-tests.jar:/home/user/.m2/repository/org/yaml/snakeyaml/1.16/snakeyaml-1.16.jar:/home/user/.m2/repository/org/apache/hadoop/hadoop-common/3.2.0/hadoop-common-3.2.0-tests.jar:/home/user/.m2/repository/org/apache/hadoop/hadoop-annotations/3.2.0/hadoop-annotations-3.2.0.jar:/usr/lib/jvm/java-1.8.0-openjdk-1.8.0.222.b10-1.el7_7.x86_64/jre/../lib/tools.jar:/home/user/.m2/repository/commons-cli/commons-cli/1.2/commons-cli-1.2.jar:/home/user/.m2/repository/org/apache/httpcomponents/httpclient/4.5.2/httpclient-4.5.2.jar:/home/user/.m2/repository/org/apache/httpcomponents/httpcore/4.4.4/httpcore-4.4.4.jar:/home/user/.m2/repository/commons-codec/commons-codec/1.11/commons-codec-1.11.jar:/home/user/.m2/repository/commons-net/commons-net/3.6/commons-net-3.6.jar:/home/user/.m2/repository/commons-collections/commons-collections/3.2.2/commons-collections-3.2.2.jar:/home/user/.m2/repository/org/eclipse/jetty/jetty-servlet/9.3.25.v20180904/jetty-servlet-9.3.25.v20180904.jar:/home/user/.m2/repository/org/eclipse/jetty/jetty-security/9.3.25.v20180904/jetty-security-9.3.25.v20180904.jar:/home/user/.m2/repository/javax/servlet/jsp/jsp-api/2.1/jsp-api-2.1.jar:/home/user/.m2/repository/com/sun/jersey/jersey-servlet/1.19/jersey-servlet-1.19.jar:/home/user/.m2/repository/com/sun/jersey/jersey-json/1.19/jersey-json-1.19.jar:/home/user/.m2/repository/org/codehaus/jettison/jettison/1.1/jettison-1.1.jar:/home/user/.m2/repository/org/codehaus/jackson/jackson-core-asl/1.9.13/jackson-core-asl-1.9.13.jar:/home/user/.m2/repository/org/codehaus/jackson/jackson-mapper-asl/1.9.13/jackson-mapper-asl-1.9.13.jar:/home/user/.m2/repository/org/codehaus/jackson/jackson-jaxrs/1.9.13/jackson-jaxrs-1.9.13.jar:/home/user/.m2/repository/org/codehaus/jackson/jackson-xc/1.9.13/jackson-xc-1.9.13.jar:/home/user/.m2/repository/commons-logging/commons-logging/1.1.3/commons-logging-1.1.3.jar:/home/user/.m2/repository/commons-beanutils/commons-beanutils/1.9.4/commons-beanutils-1.9.4.jar:/home/user/.m2/repository/org/apache/commons/commons-configuration2/2.1.1/commons-configuration2-2.1.1.jar:/home/user/.m2/repository/org/apache/commons/commons-lang3/3.7/commons-lang3-3.7.jar:/home/user/.m2/repository/org/apache/commons/commons-text/1.4/commons-text-1.4.jar:/home/user/.m2/repository/org/apache/avro/avro/1.7.7/avro-1.7.7.jar:/home/user/.m2/repository/com/thoughtworks/paranamer/paranamer/2.3/paranamer-2.3.jar:/home/user/.m2/repository/org/xerial/snappy/snappy-java/1.0.5/snappy-java-1.0.5.jar:/home/user/.m2/repository/com/google/re2j/re2j/1.1/re2j-1.1.jar:/home/user/.m2/repository/com/google/code/gson/gson/2.2.4/gson-2.2.4.jar:/home/user/.m2/repository/com/jcraft/jsch/0.1.54/jsch-0.1.54.jar:/home/user/.m2/repository/org/apache/curator/curator-client/2.12.0/curator-client-2.12.0.jar:/home/user/.m2/repository/org/apache/curator/curator-recipes/2.12.0/curator-recipes-2.12.0.jar:/home/user/.m2/repository/com/google/code/findbugs/jsr305/3.0.0/jsr305-3.0.0.jar:/home/user/.m2/repository/org/apache/htrace/htrace-core4/4.1.0-incubating/htrace-core4-4.1.0-incubating.jar:/home/user/.m2/repository/org/apache/zookeeper/zookeeper/3.4.13/zookeeper-3.4.13.jar:/home/user/.m2/repository/jline/jline/0.9.94/jline-0.9.94.jar:/home/user/.m2/repository/org/apache/yetus/audience-annotations/0.5.0/audience-annotations-0.5.0.jar:/home/user/.m2/repository/org/codehaus/woodstox/stax2-api/3.1.4/stax2-api-3.1.4.jar:/home/user/.m2/repository/com/fasterxml/woodstox/woodstox-core/5.0.3/woodstox-core-5.0.3.jar:/home/user/.m2/repository/dnsjava/dnsjava/2.1.7/dnsjava-2.1.7.jar:/home/user/.m2/repository/org/apache/hadoop/hadoop-hdfs/3.2.0/hadoop-hdfs-3.2.0-tests.jar:/home/user/.m2/repository/org/eclipse/jetty/jetty-util-ajax/9.3.25.v20180904/jetty-util-ajax-9.3.25.v20180904.jar:/home/user/.m2/repository/commons-daemon/commons-daemon/1.0.13/commons-daemon-1.0.13.jar:/home/user/.m2/repository/io/netty/netty/3.10.5.Final/netty-3.10.5.Final.jar:/home/user/.m2/repository/io/netty/netty-all/4.0.52.Final/netty-all-4.0.52.Final.jar:/home/user/.m2/repository/org/fusesource/leveldbjni/leveldbjni-all/1.8/leveldbjni-all-1.8.jar:"/>
    <property name="java.vm.vendor" value="Oracle Corporation"/>
    <property name="sun.arch.data.model" value="64"/>
    <property name="test.build.dir" value="/workdir/hadoop-ozone/integration-test/target/test-dir"/>
    <property name="test.cache.data" value=""/>
    <property name="java.vendor.url" value="http://java.oracle.com/"/>
    <property name="user.timezone" value=""/>
    <property name="java.vm.specification.version" value="1.8"/>
    <property name="os.name" value="Linux"/>
    <property name="test.build.data" value="/workdir/hadoop-ozone/integration-test/target/test-dir"/>
    <property name="user.country" value="US"/>
    <property name="sun.java.launcher" value="SUN_STANDARD"/>
    <property name="sun.boot.library.path" value="/usr/lib/jvm/java-1.8.0-openjdk-1.8.0.222.b10-1.el7_7.x86_64/jre/lib/amd64"/>
    <property name="sun.java.command" value="/workdir/hadoop-ozone/integration-test/target/surefire/surefirebooter6590768952017303869.jar /workdir/hadoop-ozone/integration-test/target/surefire 2019-10-29T15-40-22_246-jvmRun1 surefire8951274590969283245tmp surefire_454098096075006639806tmp"/>
    <property name="surefire.test.class.path" value="/workdir/hadoop-ozone/integration-test/target/test-classes:/workdir/hadoop-ozone/integration-test/target/classes:/home/user/.m2/repository/org/apache/hadoop/hadoop-ozone-common/0.5.0-SNAPSHOT/hadoop-ozone-common-0.5.0-SNAPSHOT.jar:/home/user/.m2/repository/org/apache/commons/commons-compress/1.4.1/commons-compress-1.4.1.jar:/home/user/.m2/repository/org/tukaani/xz/1.0/xz-1.0.jar:/home/user/.m2/repository/org/apache/hadoop/hadoop-common/3.2.0/hadoop-common-3.2.0.jar:/home/user/.m2/repository/org/apache/hadoop/hadoop-hdfs/3.2.0/hadoop-hdfs-3.2.0.jar:/home/user/.m2/repository/org/apache/hadoop/hadoop-hdfs-client/3.2.0/hadoop-hdfs-client-3.2.0.jar:/home/user/.m2/repository/com/fasterxml/jackson/core/jackson-annotations/2.9.9/jackson-annotations-2.9.9.jar:/home/user/.m2/repository/org/apache/hadoop/hadoop-hdds-common/0.5.0-SNAPSHOT/hadoop-hdds-common-0.5.0-SNAPSHOT.jar:/home/user/.m2/repository/javax/annotation/javax.annotation-api/1.2/javax.annotation-api-1.2.jar:/home/user/.m2/repository/org/apache/ratis/ratis-server/0.5.0-d6d58d0-SNAPSHOT/ratis-server-0.5.0-d6d58d0-SNAPSHOT.jar:/home/user/.m2/repository/org/apache/ratis/ratis-thirdparty-misc/0.2.0/ratis-thirdparty-misc-0.2.0.jar:/home/user/.m2/repository/org/apache/ratis/ratis-proto/0.5.0-d6d58d0-SNAPSHOT/ratis-proto-0.5.0-d6d58d0-SNAPSHOT.jar:/home/user/.m2/repository/org/apache/ratis/ratis-common/0.5.0-d6d58d0-SNAPSHOT/ratis-common-0.5.0-d6d58d0-SNAPSHOT.jar:/home/user/.m2/repository/org/apache/ratis/ratis-client/0.5.0-d6d58d0-SNAPSHOT/ratis-client-0.5.0-d6d58d0-SNAPSHOT.jar:/home/user/.m2/repository/org/apache/ratis/ratis-metrics/0.5.0-d6d58d0-SNAPSHOT/ratis-metrics-0.5.0-d6d58d0-SNAPSHOT.jar:/home/user/.m2/repository/org/apache/ratis/ratis-netty/0.5.0-d6d58d0-SNAPSHOT/ratis-netty-0.5.0-d6d58d0-SNAPSHOT.jar:/home/user/.m2/repository/org/apache/ratis/ratis-grpc/0.5.0-d6d58d0-SNAPSHOT/ratis-grpc-0.5.0-d6d58d0-SNAPSHOT.jar:/home/user/.m2/repository/org/rocksdb/rocksdbjni/6.0.1/rocksdbjni-6.0.1.jar:/home/user/.m2/repository/org/apache/logging/log4j/log4j-api/2.11.0/log4j-api-2.11.0.jar:/home/user/.m2/repository/org/apache/logging/log4j/log4j-core/2.11.0/log4j-core-2.11.0.jar:/home/user/.m2/repository/com/lmax/disruptor/3.4.2/disruptor-3.4.2.jar:/home/user/.m2/repository/org/apache/commons/commons-pool2/2.6.0/commons-pool2-2.6.0.jar:/home/user/.m2/repository/org/bouncycastle/bcpkix-jdk15on/1.60/bcpkix-jdk15on-1.60.jar:/home/user/.m2/repository/commons-validator/commons-validator/1.6/commons-validator-1.6.jar:/home/user/.m2/repository/commons-digester/commons-digester/1.8.1/commons-digester-1.8.1.jar:/home/user/.m2/repository/io/jaegertracing/jaeger-client/0.34.0/jaeger-client-0.34.0.jar:/home/user/.m2/repository/io/jaegertracing/jaeger-thrift/0.34.0/jaeger-thrift-0.34.0.jar:/home/user/.m2/repository/org/apache/thrift/libthrift/0.12.0/libthrift-0.12.0.jar:/home/user/.m2/repository/com/squareup/okhttp3/okhttp/3.9.0/okhttp-3.9.0.jar:/home/user/.m2/repository/com/squareup/okio/okio/1.13.0/okio-1.13.0.jar:/home/user/.m2/repository/io/jaegertracing/jaeger-core/0.34.0/jaeger-core-0.34.0.jar:/home/user/.m2/repository/io/jaegertracing/jaeger-tracerresolver/0.34.0/jaeger-tracerresolver-0.34.0.jar:/home/user/.m2/repository/io/opentracing/contrib/opentracing-tracerresolver/0.1.5/opentracing-tracerresolver-0.1.5.jar:/home/user/.m2/repository/io/opentracing/opentracing-util/0.31.0/opentracing-util-0.31.0.jar:/home/user/.m2/repository/io/opentracing/opentracing-api/0.31.0/opentracing-api-0.31.0.jar:/home/user/.m2/repository/io/opentracing/opentracing-noop/0.31.0/opentracing-noop-0.31.0.jar:/home/user/.m2/repository/org/apache/hadoop/hadoop-hdds-server-framework/0.5.0-SNAPSHOT/hadoop-hdds-server-framework-0.5.0-SNAPSHOT.jar:/home/user/.m2/repository/org/apache/hadoop/hadoop-hdds-container-service/0.5.0-SNAPSHOT/hadoop-hdds-container-service-0.5.0-SNAPSHOT.jar:/home/user/.m2/repository/org/apache/hadoop/hadoop-hdds-client/0.5.0-SNAPSHOT/hadoop-hdds-client-0.5.0-SNAPSHOT.jar:/home/user/.m2/repository/org/apache/hadoop/hadoop-hdds-tools/0.5.0-SNAPSHOT/hadoop-hdds-tools-0.5.0-SNAPSHOT.jar:/home/user/.m2/repository/org/apache/hadoop/hadoop-hdds-server-scm/0.5.0-SNAPSHOT/hadoop-hdds-server-scm-0.5.0-SNAPSHOT.jar:/home/user/.m2/repository/org/apache/hadoop/hadoop-hdds-docs/0.5.0-SNAPSHOT/hadoop-hdds-docs-0.5.0-SNAPSHOT.jar:/home/user/.m2/repository/io/dropwizard/metrics/metrics-core/3.2.4/metrics-core-3.2.4.jar:/home/user/.m2/repository/org/hamcrest/hamcrest-all/1.3/hamcrest-all-1.3.jar:/home/user/.m2/repository/org/bouncycastle/bcprov-jdk15on/1.60/bcprov-jdk15on-1.60.jar:/home/user/.m2/repository/info/picocli/picocli/3.9.6/picocli-3.9.6.jar:/home/user/.m2/repository/com/google/protobuf/protobuf-java/2.5.0/protobuf-java-2.5.0.jar:/home/user/.m2/repository/com/google/guava/guava/11.0.2/guava-11.0.2.jar:/home/user/.m2/repository/org/apache/hadoop/hadoop-ozone-ozone-manager/0.5.0-SNAPSHOT/hadoop-ozone-ozone-manager-0.5.0-SNAPSHOT.jar:/home/user/.m2/repository/org/apache/hadoop/hadoop-minikdc/3.2.0/hadoop-minikdc-3.2.0.jar:/home/user/.m2/repository/commons-io/commons-io/2.5/commons-io-2.5.jar:/home/user/.m2/repository/org/apache/kerby/kerb-simplekdc/1.0.1/kerb-simplekdc-1.0.1.jar:/home/user/.m2/repository/org/apache/kerby/kerb-client/1.0.1/kerb-client-1.0.1.jar:/home/user/.m2/repository/org/apache/kerby/kerby-config/1.0.1/kerby-config-1.0.1.jar:/home/user/.m2/repository/org/apache/kerby/kerb-core/1.0.1/kerb-core-1.0.1.jar:/home/user/.m2/repository/org/apache/kerby/kerby-pkix/1.0.1/kerby-pkix-1.0.1.jar:/home/user/.m2/repository/org/apache/kerby/kerby-asn1/1.0.1/kerby-asn1-1.0.1.jar:/home/user/.m2/repository/org/apache/kerby/kerby-util/1.0.1/kerby-util-1.0.1.jar:/home/user/.m2/repository/org/apache/kerby/kerb-common/1.0.1/kerb-common-1.0.1.jar:/home/user/.m2/repository/org/apache/kerby/kerb-crypto/1.0.1/kerb-crypto-1.0.1.jar:/home/user/.m2/repository/org/apache/kerby/kerb-util/1.0.1/kerb-util-1.0.1.jar:/home/user/.m2/repository/org/apache/kerby/token-provider/1.0.1/token-provider-1.0.1.jar:/home/user/.m2/repository/org/apache/kerby/kerb-admin/1.0.1/kerb-admin-1.0.1.jar:/home/user/.m2/repository/org/apache/kerby/kerb-server/1.0.1/kerb-server-1.0.1.jar:/home/user/.m2/repository/org/apache/kerby/kerb-identity/1.0.1/kerb-identity-1.0.1.jar:/home/user/.m2/repository/org/apache/kerby/kerby-xdr/1.0.1/kerby-xdr-1.0.1.jar:/home/user/.m2/repository/org/slf4j/slf4j-log4j12/1.7.25/slf4j-log4j12-1.7.25.jar:/home/user/.m2/repository/org/apache/hadoop/hadoop-ozone-s3gateway/0.5.0-SNAPSHOT/hadoop-ozone-s3gateway-0.5.0-SNAPSHOT.jar:/home/user/.m2/repository/org/jboss/weld/servlet/weld-servlet/2.4.7.Final/weld-servlet-2.4.7.Final.jar:/home/user/.m2/repository/org/glassfish/jersey/containers/jersey-container-servlet-core/2.27/jersey-container-servlet-core-2.27.jar:/home/user/.m2/repository/org/glassfish/hk2/external/javax.inject/2.5.0-b42/javax.inject-2.5.0-b42.jar:/home/user/.m2/repository/org/glassfish/jersey/core/jersey-common/2.27/jersey-common-2.27.jar:/home/user/.m2/repository/org/glassfish/hk2/osgi-resource-locator/1.0.1/osgi-resource-locator-1.0.1.jar:/home/user/.m2/repository/javax/ws/rs/javax.ws.rs-api/2.1/javax.ws.rs-api-2.1.jar:/home/user/.m2/repository/org/glassfish/jersey/ext/cdi/jersey-cdi1x/2.27/jersey-cdi1x-2.27.jar:/home/user/.m2/repository/org/glassfish/jersey/inject/jersey-hk2/2.27/jersey-hk2-2.27.jar:/home/user/.m2/repository/org/glassfish/hk2/hk2-locator/2.5.0-b42/hk2-locator-2.5.0-b42.jar:/home/user/.m2/repository/org/javassist/javassist/3.22.0-CR2/javassist-3.22.0-CR2.jar:/home/user/.m2/repository/org/glassfish/hk2/hk2-api/2.5.0/hk2-api-2.5.0.jar:/home/user/.m2/repository/org/glassfish/hk2/external/jakarta.inject/2.5.0/jakarta.inject-2.5.0.jar:/home/user/.m2/repository/org/glassfish/hk2/hk2-utils/2.5.0/hk2-utils-2.5.0.jar:/home/user/.m2/repository/jakarta/annotation/jakarta.annotation-api/1.3.4/jakarta.annotation-api-1.3.4.jar:/home/user/.m2/repository/org/glassfish/hk2/external/aopalliance-repackaged/2.5.0/aopalliance-repackaged-2.5.0.jar:/home/user/.m2/repository/com/fasterxml/jackson/dataformat/jackson-dataformat-xml/2.9.0/jackson-dataformat-xml-2.9.0.jar:/home/user/.m2/repository/com/fasterxml/jackson/core/jackson-core/2.9.9/jackson-core-2.9.9.jar:/home/user/.m2/repository/com/fasterxml/jackson/module/jackson-module-jaxb-annotations/2.9.9/jackson-module-jaxb-annotations-2.9.9.jar:/home/user/.m2/repository/javax/enterprise/cdi-api/1.2/cdi-api-1.2.jar:/home/user/.m2/repository/javax/el/javax.el-api/3.0.0/javax.el-api-3.0.0.jar:/home/user/.m2/repository/javax/interceptor/javax.interceptor-api/1.2/javax.interceptor-api-1.2.jar:/home/user/.m2/repository/javax/inject/javax.inject/1/javax.inject-1.jar:/home/user/.m2/repository/com/sun/xml/bind/jaxb-impl/2.3.0.1/jaxb-impl-2.3.0.1.jar:/home/user/.m2/repository/com/sun/xml/bind/jaxb-core/2.3.0.1/jaxb-core-2.3.0.1.jar:/home/user/.m2/repository/javax/xml/bind/jaxb-api/2.3.0/jaxb-api-2.3.0.jar:/home/user/.m2/repository/javax/activation/activation/1.1.1/activation-1.1.1.jar:/home/user/.m2/repository/org/apache/hadoop/hadoop-ozone-csi/0.5.0-SNAPSHOT/hadoop-ozone-csi-0.5.0-SNAPSHOT.jar:/home/user/.m2/repository/com/google/protobuf/protobuf-java-util/3.5.1/protobuf-java-util-3.5.1.jar:/home/user/.m2/repository/org/apache/hadoop/hadoop-hdds-config/0.5.0-SNAPSHOT/hadoop-hdds-config-0.5.0-SNAPSHOT.jar:/home/user/.m2/repository/io/grpc/grpc-netty/1.17.1/grpc-netty-1.17.1.jar:/home/user/.m2/repository/io/grpc/grpc-core/1.17.1/grpc-core-1.17.1.jar:/home/user/.m2/repository/io/grpc/grpc-context/1.17.1/grpc-context-1.17.1.jar:/home/user/.m2/repository/com/google/errorprone/error_prone_annotations/2.2.0/error_prone_annotations-2.2.0.jar:/home/user/.m2/repository/org/codehaus/mojo/animal-sniffer-annotations/1.17/animal-sniffer-annotations-1.17.jar:/home/user/.m2/repository/io/opencensus/opencensus-api/0.17.0/opencensus-api-0.17.0.jar:/home/user/.m2/repository/io/opencensus/opencensus-contrib-grpc-metrics/0.17.0/opencensus-contrib-grpc-metrics-0.17.0.jar:/home/user/.m2/repository/io/netty/netty-codec-http2/4.1.30.Final/netty-codec-http2-4.1.30.Final.jar:/home/user/.m2/repository/io/netty/netty-codec-http/4.1.30.Final/netty-codec-http-4.1.30.Final.jar:/home/user/.m2/repository/io/netty/netty-codec/4.1.30.Final/netty-codec-4.1.30.Final.jar:/home/user/.m2/repository/io/netty/netty-handler/4.1.30.Final/netty-handler-4.1.30.Final.jar:/home/user/.m2/repository/io/netty/netty-handler-proxy/4.1.30.Final/netty-handler-proxy-4.1.30.Final.jar:/home/user/.m2/repository/io/netty/netty-codec-socks/4.1.30.Final/netty-codec-socks-4.1.30.Final.jar:/home/user/.m2/repository/io/netty/netty-transport-native-epoll/4.1.30.Final/netty-transport-native-epoll-4.1.30.Final.jar:/home/user/.m2/repository/io/netty/netty-common/4.1.30.Final/netty-common-4.1.30.Final.jar:/home/user/.m2/repository/io/netty/netty-buffer/4.1.30.Final/netty-buffer-4.1.30.Final.jar:/home/user/.m2/repository/io/netty/netty-transport/4.1.30.Final/netty-transport-4.1.30.Final.jar:/home/user/.m2/repository/io/netty/netty-resolver/4.1.30.Final/netty-resolver-4.1.30.Final.jar:/home/user/.m2/repository/io/netty/netty-transport-native-unix-common/4.1.30.Final/netty-transport-native-unix-common-4.1.30.Final.jar:/home/user/.m2/repository/io/grpc/grpc-protobuf/1.17.1/grpc-protobuf-1.17.1.jar:/home/user/.m2/repository/com/google/api/grpc/proto-google-common-protos/1.0.0/proto-google-common-protos-1.0.0.jar:/home/user/.m2/repository/io/grpc/grpc-protobuf-lite/1.17.1/grpc-protobuf-lite-1.17.1.jar:/home/user/.m2/repository/io/grpc/grpc-stub/1.17.1/grpc-stub-1.17.1.jar:/home/user/.m2/repository/org/apache/hadoop/hadoop-ozone-recon/0.5.0-SNAPSHOT/hadoop-ozone-recon-0.5.0-SNAPSHOT.jar:/home/user/.m2/repository/org/apache/hadoop/hadoop-ozone-reconcodegen/0.5.0-SNAPSHOT/hadoop-ozone-reconcodegen-0.5.0-SNAPSHOT.jar:/home/user/.m2/repository/com/google/inject/extensions/guice-multibindings/4.0/guice-multibindings-4.0.jar:/home/user/.m2/repository/com/google/inject/guice/4.0/guice-4.0.jar:/home/user/.m2/repository/aopalliance/aopalliance/1.0/aopalliance-1.0.jar:/home/user/.m2/repository/com/google/inject/extensions/guice-servlet/4.0/guice-servlet-4.0.jar:/home/user/.m2/repository/org/glassfish/jersey/containers/jersey-container-servlet/2.27/jersey-container-servlet-2.27.jar:/home/user/.m2/repository/org/glassfish/hk2/guice-bridge/2.5.0/guice-bridge-2.5.0.jar:/home/user/.m2/repository/org/glassfish/jersey/core/jersey-server/2.27/jersey-server-2.27.jar:/home/user/.m2/repository/org/glassfish/jersey/core/jersey-client/2.27/jersey-client-2.27.jar:/home/user/.m2/repository/org/glassfish/jersey/media/jersey-media-jaxb/2.27/jersey-media-jaxb-2.27.jar:/home/user/.m2/repository/javax/validation/validation-api/1.1.0.Final/validation-api-1.1.0.Final.jar:/home/user/.m2/repository/org/glassfish/jersey/media/jersey-media-json-jackson/2.27/jersey-media-json-jackson-2.27.jar:/home/user/.m2/repository/org/glassfish/jersey/ext/jersey-entity-filtering/2.27/jersey-entity-filtering-2.27.jar:/home/user/.m2/repository/com/google/inject/extensions/guice-assistedinject/4.0/guice-assistedinject-4.0.jar:/home/user/.m2/repository/org/jooq/jooq/3.11.10/jooq-3.11.10.jar:/home/user/.m2/repository/org/jooq/jooq-meta/3.11.10/jooq-meta-3.11.10.jar:/home/user/.m2/repository/org/jooq/jooq-codegen/3.11.10/jooq-codegen-3.11.10.jar:/home/user/.m2/repository/com/jolbox/bonecp/0.8.0.RELEASE/bonecp-0.8.0.RELEASE.jar:/home/user/.m2/repository/org/xerial/sqlite-jdbc/3.25.2/sqlite-jdbc-3.25.2.jar:/home/user/.m2/repository/org/springframework/spring-jdbc/5.1.3.RELEASE/spring-jdbc-5.1.3.RELEASE.jar:/home/user/.m2/repository/org/springframework/spring-beans/5.1.3.RELEASE/spring-beans-5.1.3.RELEASE.jar:/home/user/.m2/repository/org/springframework/spring-core/5.1.3.RELEASE/spring-core-5.1.3.RELEASE.jar:/home/user/.m2/repository/org/springframework/spring-jcl/5.1.3.RELEASE/spring-jcl-5.1.3.RELEASE.jar:/home/user/.m2/repository/org/springframework/spring-tx/5.1.3.RELEASE/spring-tx-5.1.3.RELEASE.jar:/home/user/.m2/repository/org/apache/hadoop/hadoop-ozone-client/0.5.0-SNAPSHOT/hadoop-ozone-client-0.5.0-SNAPSHOT.jar:/home/user/.m2/repository/commons-lang/commons-lang/2.6/commons-lang-2.6.jar:/home/user/.m2/repository/org/apache/hadoop/hadoop-ozone-ozone-manager/0.5.0-SNAPSHOT/hadoop-ozone-ozone-manager-0.5.0-SNAPSHOT-tests.jar:/home/user/.m2/repository/junit/junit/4.11/junit-4.11.jar:/home/user/.m2/repository/org/hamcrest/hamcrest-core/1.3/hamcrest-core-1.3.jar:/home/user/.m2/repository/org/openjdk/jmh/jmh-core/1.19/jmh-core-1.19.jar:/home/user/.m2/repository/net/sf/jopt-simple/jopt-simple/4.6/jopt-simple-4.6.jar:/home/user/.m2/repository/org/apache/commons/commons-math3/3.1.1/commons-math3-3.1.1.jar:/home/user/.m2/repository/org/openjdk/jmh/jmh-generator-annprocess/1.19/jmh-generator-annprocess-1.19.jar:/home/user/.m2/repository/org/mockito/mockito-all/1.8.5/mockito-all-1.8.5.jar:/home/user/.m2/repository/org/apache/hadoop/hadoop-kms/3.2.0/hadoop-kms-3.2.0.jar:/home/user/.m2/repository/org/apache/hadoop/hadoop-auth/3.2.0/hadoop-auth-3.2.0.jar:/home/user/.m2/repository/com/nimbusds/nimbus-jose-jwt/4.41.1/nimbus-jose-jwt-4.41.1.jar:/home/user/.m2/repository/com/github/stephenc/jcip/jcip-annotations/1.0-1/jcip-annotations-1.0-1.jar:/home/user/.m2/repository/net/minidev/json-smart/2.3/json-smart-2.3.jar:/home/user/.m2/repository/net/minidev/accessors-smart/1.2/accessors-smart-1.2.jar:/home/user/.m2/repository/org/ow2/asm/asm/5.0.4/asm-5.0.4.jar:/home/user/.m2/repository/org/apache/curator/curator-framework/2.12.0/curator-framework-2.12.0.jar:/home/user/.m2/repository/com/sun/jersey/jersey-core/1.19/jersey-core-1.19.jar:/home/user/.m2/repository/javax/ws/rs/jsr311-api/1.1.1/jsr311-api-1.1.1.jar:/home/user/.m2/repository/com/sun/jersey/jersey-server/1.19/jersey-server-1.19.jar:/home/user/.m2/repository/javax/servlet/javax.servlet-api/3.1.0/javax.servlet-api-3.1.0.jar:/home/user/.m2/repository/org/eclipse/jetty/jetty-server/9.3.25.v20180904/jetty-server-9.3.25.v20180904.jar:/home/user/.m2/repository/org/eclipse/jetty/jetty-http/9.3.25.v20180904/jetty-http-9.3.25.v20180904.jar:/home/user/.m2/repository/org/eclipse/jetty/jetty-io/9.3.25.v20180904/jetty-io-9.3.25.v20180904.jar:/home/user/.m2/repository/org/eclipse/jetty/jetty-webapp/9.3.25.v20180904/jetty-webapp-9.3.25.v20180904.jar:/home/user/.m2/repository/org/eclipse/jetty/jetty-xml/9.3.25.v20180904/jetty-xml-9.3.25.v20180904.jar:/home/user/.m2/repository/log4j/log4j/1.2.17/log4j-1.2.17.jar:/home/user/.m2/repository/org/slf4j/slf4j-api/1.7.25/slf4j-api-1.7.25.jar:/home/user/.m2/repository/org/slf4j/jul-to-slf4j/1.7.25/jul-to-slf4j-1.7.25.jar:/home/user/.m2/repository/org/eclipse/jetty/jetty-util/9.3.25.v20180904/jetty-util-9.3.25.v20180904.jar:/home/user/.m2/repository/com/fasterxml/jackson/core/jackson-databind/2.9.9/jackson-databind-2.9.9.jar:/home/user/.m2/repository/org/apache/hadoop/hadoop-kms/3.2.0/hadoop-kms-3.2.0-tests.jar:/home/user/.m2/repository/org/apache/hadoop/hadoop-hdds-server-scm/0.5.0-SNAPSHOT/hadoop-hdds-server-scm-0.5.0-SNAPSHOT-tests.jar:/home/user/.m2/repository/org/apache/hadoop/hadoop-hdds-container-service/0.5.0-SNAPSHOT/hadoop-hdds-container-service-0.5.0-SNAPSHOT-tests.jar:/home/user/.m2/repository/org/yaml/snakeyaml/1.16/snakeyaml-1.16.jar:/home/user/.m2/repository/org/apache/hadoop/hadoop-common/3.2.0/hadoop-common-3.2.0-tests.jar:/home/user/.m2/repository/org/apache/hadoop/hadoop-annotations/3.2.0/hadoop-annotations-3.2.0.jar:/usr/lib/jvm/java-1.8.0-openjdk-1.8.0.222.b10-1.el7_7.x86_64/jre/../lib/tools.jar:/home/user/.m2/repository/commons-cli/commons-cli/1.2/commons-cli-1.2.jar:/home/user/.m2/repository/org/apache/httpcomponents/httpclient/4.5.2/httpclient-4.5.2.jar:/home/user/.m2/repository/org/apache/httpcomponents/httpcore/4.4.4/httpcore-4.4.4.jar:/home/user/.m2/repository/commons-codec/commons-codec/1.11/commons-codec-1.11.jar:/home/user/.m2/repository/commons-net/commons-net/3.6/commons-net-3.6.jar:/home/user/.m2/repository/commons-collections/commons-collections/3.2.2/commons-collections-3.2.2.jar:/home/user/.m2/repository/org/eclipse/jetty/jetty-servlet/9.3.25.v20180904/jetty-servlet-9.3.25.v20180904.jar:/home/user/.m2/repository/org/eclipse/jetty/jetty-security/9.3.25.v20180904/jetty-security-9.3.25.v20180904.jar:/home/user/.m2/repository/javax/servlet/jsp/jsp-api/2.1/jsp-api-2.1.jar:/home/user/.m2/repository/com/sun/jersey/jersey-servlet/1.19/jersey-servlet-1.19.jar:/home/user/.m2/repository/com/sun/jersey/jersey-json/1.19/jersey-json-1.19.jar:/home/user/.m2/repository/org/codehaus/jettison/jettison/1.1/jettison-1.1.jar:/home/user/.m2/repository/org/codehaus/jackson/jackson-core-asl/1.9.13/jackson-core-asl-1.9.13.jar:/home/user/.m2/repository/org/codehaus/jackson/jackson-mapper-asl/1.9.13/jackson-mapper-asl-1.9.13.jar:/home/user/.m2/repository/org/codehaus/jackson/jackson-jaxrs/1.9.13/jackson-jaxrs-1.9.13.jar:/home/user/.m2/repository/org/codehaus/jackson/jackson-xc/1.9.13/jackson-xc-1.9.13.jar:/home/user/.m2/repository/commons-logging/commons-logging/1.1.3/commons-logging-1.1.3.jar:/home/user/.m2/repository/commons-beanutils/commons-beanutils/1.9.4/commons-beanutils-1.9.4.jar:/home/user/.m2/repository/org/apache/commons/commons-configuration2/2.1.1/commons-configuration2-2.1.1.jar:/home/user/.m2/repository/org/apache/commons/commons-lang3/3.7/commons-lang3-3.7.jar:/home/user/.m2/repository/org/apache/commons/commons-text/1.4/commons-text-1.4.jar:/home/user/.m2/repository/org/apache/avro/avro/1.7.7/avro-1.7.7.jar:/home/user/.m2/repository/com/thoughtworks/paranamer/paranamer/2.3/paranamer-2.3.jar:/home/user/.m2/repository/org/xerial/snappy/snappy-java/1.0.5/snappy-java-1.0.5.jar:/home/user/.m2/repository/com/google/re2j/re2j/1.1/re2j-1.1.jar:/home/user/.m2/repository/com/google/code/gson/gson/2.2.4/gson-2.2.4.jar:/home/user/.m2/repository/com/jcraft/jsch/0.1.54/jsch-0.1.54.jar:/home/user/.m2/repository/org/apache/curator/curator-client/2.12.0/curator-client-2.12.0.jar:/home/user/.m2/repository/org/apache/curator/curator-recipes/2.12.0/curator-recipes-2.12.0.jar:/home/user/.m2/repository/com/google/code/findbugs/jsr305/3.0.0/jsr305-3.0.0.jar:/home/user/.m2/repository/org/apache/htrace/htrace-core4/4.1.0-incubating/htrace-core4-4.1.0-incubating.jar:/home/user/.m2/repository/org/apache/zookeeper/zookeeper/3.4.13/zookeeper-3.4.13.jar:/home/user/.m2/repository/jline/jline/0.9.94/jline-0.9.94.jar:/home/user/.m2/repository/org/apache/yetus/audience-annotations/0.5.0/audience-annotations-0.5.0.jar:/home/user/.m2/repository/org/codehaus/woodstox/stax2-api/3.1.4/stax2-api-3.1.4.jar:/home/user/.m2/repository/com/fasterxml/woodstox/woodstox-core/5.0.3/woodstox-core-5.0.3.jar:/home/user/.m2/repository/dnsjava/dnsjava/2.1.7/dnsjava-2.1.7.jar:/home/user/.m2/repository/org/apache/hadoop/hadoop-hdfs/3.2.0/hadoop-hdfs-3.2.0-tests.jar:/home/user/.m2/repository/org/eclipse/jetty/jetty-util-ajax/9.3.25.v20180904/jetty-util-ajax-9.3.25.v20180904.jar:/home/user/.m2/repository/commons-daemon/commons-daemon/1.0.13/commons-daemon-1.0.13.jar:/home/user/.m2/repository/io/netty/netty/3.10.5.Final/netty-3.10.5.Final.jar:/home/user/.m2/repository/io/netty/netty-all/4.0.52.Final/netty-all-4.0.52.Final.jar:/home/user/.m2/repository/org/fusesource/leveldbjni/leveldbjni-all/1.8/leveldbjni-all-1.8.jar:"/>
    <property name="sun.cpu.endian" value="little"/>
    <property name="user.home" value="/home/user"/>
    <property name="user.language" value="en"/>
    <property name="java.specification.vendor" value="Oracle Corporation"/>
    <property name="java.home" value="/usr/lib/jvm/java-1.8.0-openjdk-1.8.0.222.b10-1.el7_7.x86_64/jre"/>
    <property name="surefire.excludesFile" value="/tools/ozone-bad-unit-tests"/>
    <property name="java.security.krb5.conf" value="/workdir/hadoop-ozone/integration-test/target/test-classes/krb5.conf"/>
    <property name="basedir" value="/workdir/hadoop-ozone/integration-test"/>
    <property name="file.separator" value="/"/>
    <property name="line.separator" value="&#10;"/>
    <property name="java.vm.specification.vendor" value="Oracle Corporation"/>
    <property name="java.specification.name" value="Java Platform API Specification"/>
    <property name="java.awt.graphicsenv" value="sun.awt.X11GraphicsEnvironment"/>
    <property name="surefire.real.class.path" value="/workdir/hadoop-ozone/integration-test/target/surefire/surefirebooter6590768952017303869.jar"/>
    <property name="hadoop.log.dir" value="/workdir/hadoop-ozone/integration-test/target/log"/>
    <property name="sun.boot.class.path" value="/usr/lib/jvm/java-1.8.0-openjdk-1.8.0.222.b10-1.el7_7.x86_64/jre/lib/resources.jar:/usr/lib/jvm/java-1.8.0-openjdk-1.8.0.222.b10-1.el7_7.x86_64/jre/lib/rt.jar:/usr/lib/jvm/java-1.8.0-openjdk-1.8.0.222.b10-1.el7_7.x86_64/jre/lib/sunrsasign.jar:/usr/lib/jvm/java-1.8.0-openjdk-1.8.0.222.b10-1.el7_7.x86_64/jre/lib/jsse.jar:/usr/lib/jvm/java-1.8.0-openjdk-1.8.0.222.b10-1.el7_7.x86_64/jre/lib/jce.jar:/usr/lib/jvm/java-1.8.0-openjdk-1.8.0.222.b10-1.el7_7.x86_64/jre/lib/charsets.jar:/usr/lib/jvm/java-1.8.0-openjdk-1.8.0.222.b10-1.el7_7.x86_64/jre/lib/jfr.jar:/usr/lib/jvm/java-1.8.0-openjdk-1.8.0.222.b10-1.el7_7.x86_64/jre/classes"/>
    <property name="sun.management.compiler" value="HotSpot 64-Bit Tiered Compilers"/>
    <property name="java.runtime.version" value="1.8.0_222-b10"/>
    <property name="java.net.preferIPv4Stack" value="true"/>
    <property name="user.name" value="jenkins1000"/>
    <property name="path.separator" value=":"/>
    <property name="java.security.egd" value="file:///dev/urandom"/>
    <property name="os.version" value="3.10.0-957.12.2.el7.x86_64"/>
    <property name="java.endorsed.dirs" value="/usr/lib/jvm/java-1.8.0-openjdk-1.8.0.222.b10-1.el7_7.x86_64/jre/lib/endorsed"/>
    <property name="java.runtime.name" value="OpenJDK Runtime Environment"/>
    <property name="file.encoding" value="ANSI_X3.4-1968"/>
    <property name="java.vm.name" value="OpenJDK 64-Bit Server VM"/>
    <property name="test.build.webapps" value=""/>
    <property name="localRepository" value="/home/user/.m2/repository"/>
    <property name="java.vendor.url.bug" value="http://bugreport.sun.com/bugreport/"/>
    <property name="java.io.tmpdir" value="/tmp"/>
    <property name="require.test.libhadoop" value=""/>
    <property name="java.version" value="1.8.0_222"/>
    <property name="user.dir" value="/workdir/hadoop-ozone/integration-test"/>
    <property name="os.arch" value="amd64"/>
    <property name="java.vm.specification.name" value="Java Virtual Machine Specification"/>
    <property name="test.build.classes" value="/workdir/hadoop-ozone/integration-test/target/test-classes"/>
    <property name="java.awt.printerjob" value="sun.print.PSPrinterJob"/>
    <property name="sun.os.patch.level" value="unknown"/>
    <property name="hadoop.tmp.dir" value="/workdir/hadoop-ozone/integration-test/target/tmp"/>
    <property name="java.library.path" value="/usr/lib:/workdir/hadoop-ozone/integration-test/target/native/target/usr/local/lib:/workdir/hadoop-ozone/integration-test/../../hadoop-common-project/hadoop-common/target/native/target/usr/local/lib:/usr/java/packages/lib/amd64:/usr/lib64:/lib64:/lib:/usr/lib"/>
    <property name="java.vm.info" value="mixed mode"/>
    <property name="java.vendor" value="Oracle Corporation"/>
    <property name="java.vm.version" value="25.222-b10"/>
    <property name="java.ext.dirs" value="/usr/lib/jvm/java-1.8.0-openjdk-1.8.0.222.b10-1.el7_7.x86_64/jre/lib/ext:/usr/java/packages/lib/ext"/>
    <property name="sun.io.unicode.encoding" value="UnicodeLittle"/>
    <property name="java.class.version" value="52.0"/>
  </properties>
  <testcase name="testRatisSnapshotRetention" classname="org.apache.hadoop.ozone.client.rpc.TestContainerStateMachine" time="29.039">
    <failure type="java.lang.AssertionError">java.lang.AssertionError
	at org.junit.Assert.fail(Assert.java:86)
	at org.junit.Assert.assertTrue(Assert.java:41)
	at org.junit.Assert.assertTrue(Assert.java:52)
	at org.apache.hadoop.ozone.client.rpc.TestContainerStateMachine.testRatisSnapshotRetention(TestContainerStateMachine.java:188)
	at sun.reflect.NativeMethodAccessorImpl.invoke0(Native Method)
	at sun.reflect.NativeMethodAccessorImpl.invoke(NativeMethodAccessorImpl.java:62)
	at sun.reflect.DelegatingMethodAccessorImpl.invoke(DelegatingMethodAccessorImpl.java:43)
	at java.lang.reflect.Method.invoke(Method.java:498)
	at org.junit.runners.model.FrameworkMethod$1.runReflectiveCall(FrameworkMethod.java:47)
	at org.junit.internal.runners.model.ReflectiveCallable.run(ReflectiveCallable.java:12)
	at org.junit.runners.model.FrameworkMethod.invokeExplosively(FrameworkMethod.java:44)
	at org.junit.internal.runners.statements.InvokeMethod.evaluate(InvokeMethod.java:17)
	at org.junit.internal.runners.statements.RunBefores.evaluate(RunBefores.java:26)
	at org.junit.internal.runners.statements.RunAfters.evaluate(RunAfters.java:27)
	at org.junit.runners.ParentRunner.runLeaf(ParentRunner.java:271)
	at org.junit.runners.BlockJUnit4ClassRunner.runChild(BlockJUnit4ClassRunner.java:70)
	at org.junit.runners.BlockJUnit4ClassRunner.runChild(BlockJUnit4ClassRunner.java:50)
	at org.junit.runners.ParentRunner$3.run(ParentRunner.java:238)
	at org.junit.runners.ParentRunner$1.schedule(ParentRunner.java:63)
	at org.junit.runners.ParentRunner.runChildren(ParentRunner.java:236)
	at org.junit.runners.ParentRunner.access$000(ParentRunner.java:53)
	at org.junit.runners.ParentRunner$2.evaluate(ParentRunner.java:229)
	at org.junit.runners.ParentRunner.run(ParentRunner.java:309)
	at org.apache.maven.surefire.junit4.JUnit4Provider.execute(JUnit4Provider.java:365)
	at org.apache.maven.surefire.junit4.JUnit4Provider.executeWithRerun(JUnit4Provider.java:273)
	at org.apache.maven.surefire.junit4.JUnit4Provider.executeTestSet(JUnit4Provider.java:238)
	at org.apache.maven.surefire.junit4.JUnit4Provider.invoke(JUnit4Provider.java:159)
	at org.apache.maven.surefire.booter.ForkedBooter.invokeProviderInSameClassLoader(ForkedBooter.java:384)
	at org.apache.maven.surefire.booter.ForkedBooter.runSuitesInProcess(ForkedBooter.java:345)
	at org.apache.maven.surefire.booter.ForkedBooter.execute(ForkedBooter.java:126)
	at org.apache.maven.surefire.booter.ForkedBooter.main(ForkedBooter.java:418)
</failure>
    <system-out><![CDATA[2019-10-29 16:37:19,489 [main] WARN  server.ServerUtils (ServerUtils.java:getScmDbDir(145)) - ozone.scm.db.dirs is not configured. We recommend adding this setting. Falling back to ozone.metadata.dirs instead.
2019-10-29 16:37:19,626 [main] WARN  server.ServerUtils (ServerUtils.java:getScmDbDir(145)) - ozone.scm.db.dirs is not configured. We recommend adding this setting. Falling back to ozone.metadata.dirs instead.
2019-10-29 16:37:19,630 [main] WARN  server.ServerUtils (ServerUtils.java:getScmDbDir(145)) - ozone.scm.db.dirs is not configured. We recommend adding this setting. Falling back to ozone.metadata.dirs instead.
2019-10-29 16:37:19,658 [main] INFO  util.log (Log.java:initialized(192)) - Logging initialized @2238ms
2019-10-29 16:37:19,756 [main] INFO  db.DBStoreBuilder (DBStoreBuilder.java:addTable(127)) - using custom profile for table: deletedBlocks
2019-10-29 16:37:19,756 [main] INFO  db.DBStoreBuilder (DBStoreBuilder.java:processTables(183)) - Using default column profile:DBProfile.DISK for Table:deletedBlocks
2019-10-29 16:37:19,757 [main] INFO  db.DBStoreBuilder (DBStoreBuilder.java:addTable(127)) - using custom profile for table: validCerts
2019-10-29 16:37:19,757 [main] INFO  db.DBStoreBuilder (DBStoreBuilder.java:processTables(183)) - Using default column profile:DBProfile.DISK for Table:validCerts
2019-10-29 16:37:19,757 [main] INFO  db.DBStoreBuilder (DBStoreBuilder.java:addTable(127)) - using custom profile for table: revokedCerts
2019-10-29 16:37:19,757 [main] INFO  db.DBStoreBuilder (DBStoreBuilder.java:processTables(183)) - Using default column profile:DBProfile.DISK for Table:revokedCerts
2019-10-29 16:37:19,770 [main] INFO  db.DBStoreBuilder (DBStoreBuilder.java:addTable(127)) - using custom profile for table: default
2019-10-29 16:37:19,770 [main] INFO  db.DBStoreBuilder (DBStoreBuilder.java:processTables(189)) - Using default column profile:DBProfile.DISK for Table:default
2019-10-29 16:37:19,771 [main] INFO  db.DBStoreBuilder (DBStoreBuilder.java:getDbProfile(220)) - Using default options. DBProfile.DISK
2019-10-29 16:37:20,050 [main] INFO  net.NodeSchemaLoader (NodeSchemaLoader.java:loadSchemaFromFile(125)) - Loading file from sun.misc.CompoundEnumeration@60a2630a
2019-10-29 16:37:20,052 [main] INFO  net.NodeSchemaLoader (NodeSchemaLoader.java:loadSchema(171)) - Loading network topology layer schema file
2019-10-29 16:37:20,109 [main] INFO  node.SCMNodeManager (SCMNodeManager.java:<init>(116)) - Entering startup safe mode.
2019-10-29 16:37:20,127 [main] INFO  algorithms.ContainerPlacementPolicyFactory (ContainerPlacementPolicyFactory.java:getPolicy(57)) - Create container placement policy of type org.apache.hadoop.hdds.scm.container.placement.algorithms.SCMContainerPlacementRandom
2019-10-29 16:37:20,140 [main] WARN  server.ServerUtils (ServerUtils.java:getScmDbDir(145)) - ozone.scm.db.dirs is not configured. We recommend adding this setting. Falling back to ozone.metadata.dirs instead.
2019-10-29 16:37:20,218 [main] INFO  pipeline.SCMPipelineManager (SCMPipelineManager.java:initializePipelineState(136)) - No pipeline exists in current db
2019-10-29 16:37:20,221 [main] WARN  server.ServerUtils (ServerUtils.java:getScmDbDir(145)) - ozone.scm.db.dirs is not configured. We recommend adding this setting. Falling back to ozone.metadata.dirs instead.
2019-10-29 16:37:20,321 [main] INFO  safemode.HealthyPipelineSafeModeRule (HealthyPipelineSafeModeRule.java:<init>(91)) -  Total pipeline count is 0, healthy pipeline threshold count is 1
2019-10-29 16:37:20,325 [main] INFO  safemode.OneReplicaPipelineSafeModeRule (OneReplicaPipelineSafeModeRule.java:<init>(79)) - Total pipeline count is 0, pipeline's with at least one datanode reported threshold count is 0
2019-10-29 16:37:20,325 [main] WARN  events.EventQueue (EventQueue.java:fireEvent(183)) - No event handler registered for event TypedEvent{payloadType=SafeModeStatus, name='SafeModeStatus'}
2019-10-29 16:37:20,454 [main] INFO  ipc.CallQueueManager (CallQueueManager.java:<init>(84)) - Using callQueue: class java.util.concurrent.LinkedBlockingQueue, queueCapacity: 2000, scheduler: class org.apache.hadoop.ipc.DefaultRpcScheduler, ipcBackoff: false.
2019-10-29 16:37:20,477 [Socket Reader #1 for port 42840] INFO  ipc.Server (Server.java:run(1074)) - Starting Socket Reader #1 for port 42840
2019-10-29 16:37:20,500 [main] INFO  ipc.CallQueueManager (CallQueueManager.java:<init>(84)) - Using callQueue: class java.util.concurrent.LinkedBlockingQueue, queueCapacity: 2000, scheduler: class org.apache.hadoop.ipc.DefaultRpcScheduler, ipcBackoff: false.
2019-10-29 16:37:20,501 [Socket Reader #1 for port 40092] INFO  ipc.Server (Server.java:run(1074)) - Starting Socket Reader #1 for port 40092
2019-10-29 16:37:20,508 [main] INFO  ipc.CallQueueManager (CallQueueManager.java:<init>(84)) - Using callQueue: class java.util.concurrent.LinkedBlockingQueue, queueCapacity: 2000, scheduler: class org.apache.hadoop.ipc.DefaultRpcScheduler, ipcBackoff: false.
2019-10-29 16:37:20,509 [Socket Reader #1 for port 33699] INFO  ipc.Server (Server.java:run(1074)) - Starting Socket Reader #1 for port 33699
2019-10-29 16:37:20,533 [main] INFO  hdfs.DFSUtil (DFSUtil.java:httpServerTemplateForNNAndJN(1641)) - Starting Web-server for scm at: http://0.0.0.0:0
2019-10-29 16:37:20,677 [main] INFO  server.AuthenticationFilter (AuthenticationFilter.java:constructSecretProvider(240)) - Unable to initialize FileSignerSecretProvider, falling back to use random secrets.
2019-10-29 16:37:20,685 [main] WARN  http.HttpRequestLog (HttpRequestLog.java:getRequestLog(97)) - Jetty request log can only be enabled using Log4j
2019-10-29 16:37:20,692 [main] INFO  http.HttpServer2 (HttpServer2.java:addGlobalFilter(975)) - Added global filter 'safety' (class=org.apache.hadoop.http.HttpServer2$QuotingInputFilter)
2019-10-29 16:37:20,694 [main] INFO  http.HttpServer2 (HttpServer2.java:addFilter(948)) - Added filter static_user_filter (class=org.apache.hadoop.http.lib.StaticUserWebFilter$StaticUserFilter) to context scm
2019-10-29 16:37:20,695 [main] INFO  http.HttpServer2 (HttpServer2.java:addFilter(958)) - Added filter static_user_filter (class=org.apache.hadoop.http.lib.StaticUserWebFilter$StaticUserFilter) to context static
2019-10-29 16:37:20,695 [main] INFO  http.HttpServer2 (HttpServer2.java:addFilter(958)) - Added filter static_user_filter (class=org.apache.hadoop.http.lib.StaticUserWebFilter$StaticUserFilter) to context logs
2019-10-29 16:37:20,747 [main] INFO  server.StorageContainerManager (StorageContainerManager.java:start(771)) - StorageContainerLocationProtocol RPC server is listening at /0.0.0.0:33699
2019-10-29 16:37:20,829 [main] WARN  impl.MetricsConfig (MetricsConfig.java:loadFirst(134)) - Cannot locate configuration: tried hadoop-metrics2-storagecontainermanager.properties,hadoop-metrics2.properties
2019-10-29 16:37:20,844 [main] INFO  impl.MetricsSystemImpl (MetricsSystemImpl.java:startTimer(374)) - Scheduled Metric snapshot period at 10 second(s).
2019-10-29 16:37:20,844 [main] INFO  impl.MetricsSystemImpl (MetricsSystemImpl.java:start(191)) - StorageContainerManager metrics system started
2019-10-29 16:37:20,900 [main] INFO  server.SCMClientProtocolServer (SCMClientProtocolServer.java:start(159)) - RPC server for Client  is listening at /0.0.0.0:33699
2019-10-29 16:37:20,901 [IPC Server Responder] INFO  ipc.Server (Server.java:run(1314)) - IPC Server Responder: starting
2019-10-29 16:37:20,902 [IPC Server listener on 33699] INFO  ipc.Server (Server.java:run(1153)) - IPC Server listener on 33699: starting
2019-10-29 16:37:20,904 [main] INFO  server.StorageContainerManager (StorageContainerManager.java:start(781)) - ScmBlockLocationProtocol RPC server is listening at /0.0.0.0:40092
2019-10-29 16:37:20,905 [main] INFO  server.SCMBlockProtocolServer (SCMBlockProtocolServer.java:start(146)) - RPC server for Block Protocol is listening at /0.0.0.0:40092
2019-10-29 16:37:20,905 [IPC Server Responder] INFO  ipc.Server (Server.java:run(1314)) - IPC Server Responder: starting
2019-10-29 16:37:20,905 [IPC Server listener on 40092] INFO  ipc.Server (Server.java:run(1153)) - IPC Server listener on 40092: starting
2019-10-29 16:37:20,908 [main] INFO  server.StorageContainerManager (StorageContainerManager.java:start(785)) - ScmDatanodeProtocl RPC server is listening at /0.0.0.0:42840
2019-10-29 16:37:20,908 [main] INFO  server.SCMDatanodeProtocolServer (SCMDatanodeProtocolServer.java:start(177)) - RPC server for DataNodes is listening at /0.0.0.0:42840
2019-10-29 16:37:20,909 [IPC Server Responder] INFO  ipc.Server (Server.java:run(1314)) - IPC Server Responder: starting
2019-10-29 16:37:20,910 [IPC Server listener on 42840] INFO  ipc.Server (Server.java:run(1153)) - IPC Server listener on 42840: starting
2019-10-29 16:37:20,918 [main] INFO  http.HttpServer2 (HttpServer2.java:bindListener(1191)) - Jetty bound to port 32922
2019-10-29 16:37:20,920 [main] INFO  server.Server (Server.java:doStart(351)) - jetty-9.3.25.v20180904, build timestamp: 2018-09-04T21:11:46Z, git hash: 3ce520221d0240229c862b122d2b06c12a625732
2019-10-29 16:37:20,960 [main] INFO  handler.ContextHandler (ContextHandler.java:doStart(781)) - Started o.e.j.s.ServletContextHandler@7bfc3126{/logs,file:///workdir/hadoop-ozone/integration-test/target/log,AVAILABLE}
2019-10-29 16:37:20,960 [main] INFO  handler.ContextHandler (ContextHandler.java:doStart(781)) - Started o.e.j.s.ServletContextHandler@53bc1328{/static,file:///workdir/hadoop-ozone/integration-test/target/test-classes/webapps/static,AVAILABLE}
2019-10-29 16:37:20,992 [main] INFO  handler.ContextHandler (ContextHandler.java:doStart(781)) - Started o.e.j.w.WebAppContext@1623bbe5{/,file:///workdir/hadoop-ozone/integration-test/target/test-classes/webapps/scm/,AVAILABLE}{/scm}
2019-10-29 16:37:20,998 [main] INFO  server.AbstractConnector (AbstractConnector.java:doStart(278)) - Started ServerConnector@2f6bcf87{HTTP/1.1,[http/1.1]}{0.0.0.0:32922}
2019-10-29 16:37:20,998 [main] INFO  server.Server (Server.java:doStart(419)) - Started @3578ms
2019-10-29 16:37:21,000 [main] INFO  impl.MetricsSinkAdapter (MetricsSinkAdapter.java:start(204)) - Sink prometheus started
2019-10-29 16:37:21,001 [main] INFO  impl.MetricsSystemImpl (MetricsSystemImpl.java:registerSink(301)) - Registered sink prometheus
2019-10-29 16:37:21,006 [main] INFO  server.BaseHttpServer (BaseHttpServer.java:updateConnectorAddress(215)) - HTTP server of SCM is listening at http://0.0.0.0:32922
2019-10-29 16:37:21,014 [org.apache.hadoop.util.JvmPauseMonitor$Monitor@2375b321] INFO  util.JvmPauseMonitor (JvmPauseMonitor.java:run(188)) - Starting JVM pause monitor
2019-10-29 16:37:21,016 [main] WARN  server.ServerUtils (ServerUtils.java:getDBPath(222)) - ozone.om.db.dirs is not configured. We recommend adding this setting. Falling back to ozone.metadata.dirs instead.
2019-10-29 16:37:21,033 [main] INFO  ha.OMHANodeDetails (OMHANodeDetails.java:loadOMHAConfig(190)) - Configuration either no ozone.om.address set. Falling back to the default OM address /127.0.0.1:0
2019-10-29 16:37:21,033 [main] INFO  ha.OMHANodeDetails (OMHANodeDetails.java:getOMNodeDetails(220)) - OM Service ID is not set. Setting it to the default ID: omServiceIdDefault
2019-10-29 16:37:21,035 [main] WARN  server.ServerUtils (ServerUtils.java:getDBPath(222)) - ozone.om.db.dirs is not configured. We recommend adding this setting. Falling back to ozone.metadata.dirs instead.
2019-10-29 16:37:21,035 [main] WARN  server.ServerUtils (ServerUtils.java:getDBPath(222)) - ozone.om.db.dirs is not configured. We recommend adding this setting. Falling back to ozone.metadata.dirs instead.
2019-10-29 16:37:21,127 [main] WARN  server.ServerUtils (ServerUtils.java:getDBPath(222)) - ozone.om.db.dirs is not configured. We recommend adding this setting. Falling back to ozone.metadata.dirs instead.
2019-10-29 16:37:21,136 [main] INFO  db.DBStoreBuilder (DBStoreBuilder.java:addTable(127)) - using custom profile for table: userTable
2019-10-29 16:37:21,136 [main] INFO  db.DBStoreBuilder (DBStoreBuilder.java:processTables(183)) - Using default column profile:DBProfile.DISK for Table:userTable
2019-10-29 16:37:21,136 [main] INFO  db.DBStoreBuilder (DBStoreBuilder.java:addTable(127)) - using custom profile for table: volumeTable
2019-10-29 16:37:21,136 [main] INFO  db.DBStoreBuilder (DBStoreBuilder.java:processTables(183)) - Using default column profile:DBProfile.DISK for Table:volumeTable
2019-10-29 16:37:21,137 [main] INFO  db.DBStoreBuilder (DBStoreBuilder.java:addTable(127)) - using custom profile for table: bucketTable
2019-10-29 16:37:21,137 [main] INFO  db.DBStoreBuilder (DBStoreBuilder.java:processTables(183)) - Using default column profile:DBProfile.DISK for Table:bucketTable
2019-10-29 16:37:21,137 [main] INFO  db.DBStoreBuilder (DBStoreBuilder.java:addTable(127)) - using custom profile for table: keyTable
2019-10-29 16:37:21,137 [main] INFO  db.DBStoreBuilder (DBStoreBuilder.java:processTables(183)) - Using default column profile:DBProfile.DISK for Table:keyTable
2019-10-29 16:37:21,138 [main] INFO  db.DBStoreBuilder (DBStoreBuilder.java:addTable(127)) - using custom profile for table: deletedTable
2019-10-29 16:37:21,138 [main] INFO  db.DBStoreBuilder (DBStoreBuilder.java:processTables(183)) - Using default column profile:DBProfile.DISK for Table:deletedTable
2019-10-29 16:37:21,138 [main] INFO  db.DBStoreBuilder (DBStoreBuilder.java:addTable(127)) - using custom profile for table: openKeyTable
2019-10-29 16:37:21,138 [main] INFO  db.DBStoreBuilder (DBStoreBuilder.java:processTables(183)) - Using default column profile:DBProfile.DISK for Table:openKeyTable
2019-10-29 16:37:21,139 [main] INFO  db.DBStoreBuilder (DBStoreBuilder.java:addTable(127)) - using custom profile for table: s3Table
2019-10-29 16:37:21,139 [main] INFO  db.DBStoreBuilder (DBStoreBuilder.java:processTables(183)) - Using default column profile:DBProfile.DISK for Table:s3Table
2019-10-29 16:37:21,139 [main] INFO  db.DBStoreBuilder (DBStoreBuilder.java:addTable(127)) - using custom profile for table: multipartInfoTable
2019-10-29 16:37:21,139 [main] INFO  db.DBStoreBuilder (DBStoreBuilder.java:processTables(183)) - Using default column profile:DBProfile.DISK for Table:multipartInfoTable
2019-10-29 16:37:21,140 [main] INFO  db.DBStoreBuilder (DBStoreBuilder.java:addTable(127)) - using custom profile for table: dTokenTable
2019-10-29 16:37:21,140 [main] INFO  db.DBStoreBuilder (DBStoreBuilder.java:processTables(183)) - Using default column profile:DBProfile.DISK for Table:dTokenTable
2019-10-29 16:37:21,140 [main] INFO  db.DBStoreBuilder (DBStoreBuilder.java:addTable(127)) - using custom profile for table: s3SecretTable
2019-10-29 16:37:21,140 [main] INFO  db.DBStoreBuilder (DBStoreBuilder.java:processTables(183)) - Using default column profile:DBProfile.DISK for Table:s3SecretTable
2019-10-29 16:37:21,141 [main] INFO  db.DBStoreBuilder (DBStoreBuilder.java:addTable(127)) - using custom profile for table: prefixTable
2019-10-29 16:37:21,141 [main] INFO  db.DBStoreBuilder (DBStoreBuilder.java:processTables(183)) - Using default column profile:DBProfile.DISK for Table:prefixTable
2019-10-29 16:37:21,141 [main] INFO  db.DBStoreBuilder (DBStoreBuilder.java:addTable(127)) - using custom profile for table: default
2019-10-29 16:37:21,141 [main] INFO  db.DBStoreBuilder (DBStoreBuilder.java:processTables(189)) - Using default column profile:DBProfile.DISK for Table:default
2019-10-29 16:37:21,142 [main] INFO  db.DBStoreBuilder (DBStoreBuilder.java:getDbProfile(220)) - Using default options. DBProfile.DISK
2019-10-29 16:37:21,528 [main] INFO  ipc.CallQueueManager (CallQueueManager.java:<init>(84)) - Using callQueue: class java.util.concurrent.LinkedBlockingQueue, queueCapacity: 2000, scheduler: class org.apache.hadoop.ipc.DefaultRpcScheduler, ipcBackoff: false.
2019-10-29 16:37:21,530 [Socket Reader #1 for port 34826] INFO  ipc.Server (Server.java:run(1074)) - Starting Socket Reader #1 for port 34826
2019-10-29 16:37:21,564 [main] INFO  om.OzoneManager (OzoneManager.java:start(1074)) - OzoneManager RPC server is listening at localhost/127.0.0.1:34826
2019-10-29 16:37:21,564 [main] INFO  impl.MetricsSystemImpl (MetricsSystemImpl.java:init(158)) - OzoneManager metrics system started (again)
2019-10-29 16:37:21,588 [IPC Server Responder] INFO  ipc.Server (Server.java:run(1314)) - IPC Server Responder: starting
2019-10-29 16:37:21,588 [IPC Server listener on 34826] INFO  ipc.Server (Server.java:run(1153)) - IPC Server listener on 34826: starting
2019-10-29 16:37:21,596 [main] INFO  hdfs.DFSUtil (DFSUtil.java:httpServerTemplateForNNAndJN(1641)) - Starting Web-server for ozoneManager at: http://0.0.0.0:0
2019-10-29 16:37:21,599 [main] INFO  server.AuthenticationFilter (AuthenticationFilter.java:constructSecretProvider(240)) - Unable to initialize FileSignerSecretProvider, falling back to use random secrets.
2019-10-29 16:37:21,600 [main] WARN  http.HttpRequestLog (HttpRequestLog.java:getRequestLog(97)) - Jetty request log can only be enabled using Log4j
2019-10-29 16:37:21,603 [main] INFO  http.HttpServer2 (HttpServer2.java:addGlobalFilter(975)) - Added global filter 'safety' (class=org.apache.hadoop.http.HttpServer2$QuotingInputFilter)
2019-10-29 16:37:21,605 [main] INFO  http.HttpServer2 (HttpServer2.java:addFilter(948)) - Added filter static_user_filter (class=org.apache.hadoop.http.lib.StaticUserWebFilter$StaticUserFilter) to context ozoneManager
2019-10-29 16:37:21,605 [main] INFO  http.HttpServer2 (HttpServer2.java:addFilter(958)) - Added filter static_user_filter (class=org.apache.hadoop.http.lib.StaticUserWebFilter$StaticUserFilter) to context logs
2019-10-29 16:37:21,605 [main] INFO  http.HttpServer2 (HttpServer2.java:addFilter(958)) - Added filter static_user_filter (class=org.apache.hadoop.http.lib.StaticUserWebFilter$StaticUserFilter) to context static
2019-10-29 16:37:21,609 [main] INFO  http.HttpServer2 (HttpServer2.java:bindListener(1191)) - Jetty bound to port 38032
2019-10-29 16:37:21,609 [main] INFO  server.Server (Server.java:doStart(351)) - jetty-9.3.25.v20180904, build timestamp: 2018-09-04T21:11:46Z, git hash: 3ce520221d0240229c862b122d2b06c12a625732
2019-10-29 16:37:21,613 [main] INFO  handler.ContextHandler (ContextHandler.java:doStart(781)) - Started o.e.j.s.ServletContextHandler@773dab28{/logs,file:///workdir/hadoop-ozone/integration-test/target/log,AVAILABLE}
2019-10-29 16:37:21,614 [main] INFO  handler.ContextHandler (ContextHandler.java:doStart(781)) - Started o.e.j.s.ServletContextHandler@1965539b{/static,file:///workdir/hadoop-ozone/integration-test/target/test-classes/webapps/static,AVAILABLE}
2019-10-29 16:37:21,621 [main] INFO  handler.ContextHandler (ContextHandler.java:doStart(781)) - Started o.e.j.w.WebAppContext@37fdfb05{/,file:///workdir/hadoop-ozone/integration-test/target/test-classes/webapps/ozoneManager/,AVAILABLE}{/ozoneManager}
2019-10-29 16:37:21,623 [main] INFO  server.AbstractConnector (AbstractConnector.java:doStart(278)) - Started ServerConnector@5e39850{HTTP/1.1,[http/1.1]}{0.0.0.0:38032}
2019-10-29 16:37:21,623 [main] INFO  server.Server (Server.java:doStart(419)) - Started @4203ms
2019-10-29 16:37:21,624 [main] WARN  impl.MetricsSystemImpl (MetricsSystemImpl.java:register(276)) - Sink prometheus already exists!
2019-10-29 16:37:21,625 [main] INFO  server.BaseHttpServer (BaseHttpServer.java:updateConnectorAddress(215)) - HTTP server of OZONEMANAGER is listening at http://0.0.0.0:38032
2019-10-29 16:37:21,860 [main] INFO  impl.MetricsSystemImpl (MetricsSystemImpl.java:init(158)) - HddsDatanode metrics system started (again)
2019-10-29 16:37:21,908 [main] INFO  ozone.HddsDatanodeService (HddsDatanodeService.java:start(184)) - HddsDatanodeService host:pr-hdds-2034-76npd-2451761435 ip:192.168.164.217
2019-10-29 16:37:21,952 [main] INFO  volume.HddsVolume (HddsVolume.java:<init>(176)) - Creating Volume: /workdir/hadoop-ozone/integration-test/target/test-dir/MiniOzoneClusterImpl-d556c113-5d1c-4045-92e1-df11e6e07413/datanode-0/data/containers/hdds of  storage type : DISK and capacity : 1482555576320
2019-10-29 16:37:21,954 [main] INFO  volume.VolumeSet (VolumeSet.java:initializeVolumeSet(170)) - Added Volume : /workdir/hadoop-ozone/integration-test/target/test-dir/MiniOzoneClusterImpl-d556c113-5d1c-4045-92e1-df11e6e07413/datanode-0/data/containers/hdds to VolumeSet
2019-10-29 16:37:21,957 [main] INFO  volume.ThrottledAsyncChecker (ThrottledAsyncChecker.java:schedule(141)) - Scheduling a check for /workdir/hadoop-ozone/integration-test/target/test-dir/MiniOzoneClusterImpl-d556c113-5d1c-4045-92e1-df11e6e07413/datanode-0/data/containers/hdds
2019-10-29 16:37:21,977 [main] INFO  volume.HddsVolumeChecker (HddsVolumeChecker.java:checkAllVolumes(204)) - Scheduled health check for volume /workdir/hadoop-ozone/integration-test/target/test-dir/MiniOzoneClusterImpl-d556c113-5d1c-4045-92e1-df11e6e07413/datanode-0/data/containers/hdds
2019-10-29 16:37:22,087 [main] INFO  impl.RaftServerProxy (ConfUtils.java:logGet(43)) - raft.rpc.type = GRPC (default)
2019-10-29 16:37:22,144 [main] INFO  grpc.GrpcFactory (GrpcFactory.java:checkPooledByteBufAllocatorUseCacheForAllThreads(45)) - PERFORMANCE WARNING: useCacheForAllThreads is true that may cause Netty to create a lot garbage objects and, as a result, trigger GC.
	It is recommended to disable useCacheForAllThreads by setting -Dorg.apache.ratis.thirdparty.io.netty.allocator.useCacheForAllThreads=false in command line.
2019-10-29 16:37:22,149 [main] INFO  grpc.GrpcConfigKeys$Server (ConfUtils.java:logGet(43)) - raft.grpc.server.port = 0 (default)
2019-10-29 16:37:22,150 [main] INFO  server.GrpcService (ConfUtils.java:logGet(43)) - raft.grpc.message.size.max = 33570816 (custom)
2019-10-29 16:37:22,152 [main] INFO  server.RaftServerConfigKeys (ConfUtils.java:logGet(43)) - raft.server.log.appender.buffer.byte-limit = 33554432 (custom)
2019-10-29 16:37:22,153 [main] INFO  server.GrpcService (ConfUtils.java:logGet(43)) - raft.grpc.flow.control.window = 1MB (=1048576) (default)
2019-10-29 16:37:22,153 [main] INFO  server.RaftServerConfigKeys (ConfUtils.java:logGet(43)) - raft.server.rpc.request.timeout = 3000ms (default)
2019-10-29 16:37:22,303 [main] INFO  server.RaftServerConfigKeys (ConfUtils.java:logGet(43)) - raft.server.storage.dir = [/workdir/hadoop-ozone/integration-test/target/test-dir/MiniOzoneClusterImpl-d556c113-5d1c-4045-92e1-df11e6e07413/datanode-0/data/ratis] (custom)
2019-10-29 16:37:22,350 [main] INFO  hdfs.DFSUtil (DFSUtil.java:httpServerTemplateForNNAndJN(1641)) - Starting Web-server for hddsDatanode at: http://0.0.0.0:0
2019-10-29 16:37:22,352 [main] INFO  server.AuthenticationFilter (AuthenticationFilter.java:constructSecretProvider(240)) - Unable to initialize FileSignerSecretProvider, falling back to use random secrets.
2019-10-29 16:37:22,352 [main] WARN  http.HttpRequestLog (HttpRequestLog.java:getRequestLog(97)) - Jetty request log can only be enabled using Log4j
2019-10-29 16:37:22,354 [main] INFO  http.HttpServer2 (HttpServer2.java:addGlobalFilter(975)) - Added global filter 'safety' (class=org.apache.hadoop.http.HttpServer2$QuotingInputFilter)
2019-10-29 16:37:22,355 [main] INFO  http.HttpServer2 (HttpServer2.java:addFilter(948)) - Added filter static_user_filter (class=org.apache.hadoop.http.lib.StaticUserWebFilter$StaticUserFilter) to context hddsDatanode
2019-10-29 16:37:22,355 [main] INFO  http.HttpServer2 (HttpServer2.java:addFilter(958)) - Added filter static_user_filter (class=org.apache.hadoop.http.lib.StaticUserWebFilter$StaticUserFilter) to context logs
2019-10-29 16:37:22,355 [main] INFO  http.HttpServer2 (HttpServer2.java:addFilter(958)) - Added filter static_user_filter (class=org.apache.hadoop.http.lib.StaticUserWebFilter$StaticUserFilter) to context static
2019-10-29 16:37:22,356 [main] INFO  http.HttpServer2 (HttpServer2.java:bindListener(1191)) - Jetty bound to port 41533
2019-10-29 16:37:22,356 [main] INFO  server.Server (Server.java:doStart(351)) - jetty-9.3.25.v20180904, build timestamp: 2018-09-04T21:11:46Z, git hash: 3ce520221d0240229c862b122d2b06c12a625732
2019-10-29 16:37:22,359 [main] INFO  handler.ContextHandler (ContextHandler.java:doStart(781)) - Started o.e.j.s.ServletContextHandler@6edcad64{/logs,file:///workdir/hadoop-ozone/integration-test/target/log,AVAILABLE}
2019-10-29 16:37:22,360 [main] INFO  handler.ContextHandler (ContextHandler.java:doStart(781)) - Started o.e.j.s.ServletContextHandler@3e33d73e{/static,jar:file:/home/user/.m2/repository/org/apache/hadoop/hadoop-hdds-container-service/0.5.0-SNAPSHOT/hadoop-hdds-container-service-0.5.0-SNAPSHOT.jar!/webapps/static,AVAILABLE}
2019-10-29 16:37:22,412 [main] INFO  handler.ContextHandler (ContextHandler.java:doStart(781)) - Started o.e.j.w.WebAppContext@6cd64ee8{/,file:///tmp/jetty-0.0.0.0-41533-hddsDatanode-_-any-525684677985475822.dir/webapp/,AVAILABLE}{/hddsDatanode}
2019-10-29 16:37:22,413 [main] INFO  server.AbstractConnector (AbstractConnector.java:doStart(278)) - Started ServerConnector@620c8641{HTTP/1.1,[http/1.1]}{0.0.0.0:41533}
2019-10-29 16:37:22,414 [main] INFO  server.Server (Server.java:doStart(419)) - Started @4994ms
2019-10-29 16:37:22,415 [main] WARN  impl.MetricsSystemImpl (MetricsSystemImpl.java:register(276)) - Sink prometheus already exists!
2019-10-29 16:37:22,416 [main] INFO  server.BaseHttpServer (BaseHttpServer.java:updateConnectorAddress(215)) - HTTP server of HDDSDATANODE is listening at http://0.0.0.0:41533
2019-10-29 16:37:22,417 [main] INFO  impl.MetricsSystemImpl (MetricsSystemImpl.java:init(158)) - HddsDatanode metrics system started (again)
2019-10-29 16:37:22,421 [main] INFO  ozone.HddsDatanodeService (HddsDatanodeService.java:start(184)) - HddsDatanodeService host:pr-hdds-2034-76npd-2451761435 ip:192.168.164.217
2019-10-29 16:37:22,424 [org.apache.hadoop.util.JvmPauseMonitor$Monitor@28e828e4] INFO  util.JvmPauseMonitor (JvmPauseMonitor.java:run(188)) - Starting JVM pause monitor
2019-10-29 16:37:22,433 [main] INFO  volume.HddsVolume (HddsVolume.java:<init>(176)) - Creating Volume: /workdir/hadoop-ozone/integration-test/target/test-dir/MiniOzoneClusterImpl-d556c113-5d1c-4045-92e1-df11e6e07413/datanode-1/data/containers/hdds of  storage type : DISK and capacity : 1482555576320
2019-10-29 16:37:22,434 [main] INFO  volume.VolumeSet (VolumeSet.java:initializeVolumeSet(170)) - Added Volume : /workdir/hadoop-ozone/integration-test/target/test-dir/MiniOzoneClusterImpl-d556c113-5d1c-4045-92e1-df11e6e07413/datanode-1/data/containers/hdds to VolumeSet
2019-10-29 16:37:22,434 [main] INFO  volume.ThrottledAsyncChecker (ThrottledAsyncChecker.java:schedule(141)) - Scheduling a check for /workdir/hadoop-ozone/integration-test/target/test-dir/MiniOzoneClusterImpl-d556c113-5d1c-4045-92e1-df11e6e07413/datanode-1/data/containers/hdds
2019-10-29 16:37:22,435 [main] INFO  volume.HddsVolumeChecker (HddsVolumeChecker.java:checkAllVolumes(204)) - Scheduled health check for volume /workdir/hadoop-ozone/integration-test/target/test-dir/MiniOzoneClusterImpl-d556c113-5d1c-4045-92e1-df11e6e07413/datanode-1/data/containers/hdds
2019-10-29 16:37:22,455 [main] INFO  impl.RaftServerProxy (ConfUtils.java:logGet(43)) - raft.rpc.type = GRPC (default)
2019-10-29 16:37:22,455 [main] INFO  grpc.GrpcFactory (GrpcFactory.java:checkPooledByteBufAllocatorUseCacheForAllThreads(45)) - PERFORMANCE WARNING: useCacheForAllThreads is true that may cause Netty to create a lot garbage objects and, as a result, trigger GC.
	It is recommended to disable useCacheForAllThreads by setting -Dorg.apache.ratis.thirdparty.io.netty.allocator.useCacheForAllThreads=false in command line.
2019-10-29 16:37:22,456 [main] INFO  grpc.GrpcConfigKeys$Server (ConfUtils.java:logGet(43)) - raft.grpc.server.port = 0 (default)
2019-10-29 16:37:22,456 [main] INFO  server.GrpcService (ConfUtils.java:logGet(43)) - raft.grpc.message.size.max = 33570816 (custom)
2019-10-29 16:37:22,457 [main] INFO  server.RaftServerConfigKeys (ConfUtils.java:logGet(43)) - raft.server.log.appender.buffer.byte-limit = 33554432 (custom)
2019-10-29 16:37:22,457 [main] INFO  server.GrpcService (ConfUtils.java:logGet(43)) - raft.grpc.flow.control.window = 1MB (=1048576) (default)
2019-10-29 16:37:22,457 [main] INFO  server.RaftServerConfigKeys (ConfUtils.java:logGet(43)) - raft.server.rpc.request.timeout = 3000ms (default)
2019-10-29 16:37:22,459 [main] INFO  server.RaftServerConfigKeys (ConfUtils.java:logGet(43)) - raft.server.storage.dir = [/workdir/hadoop-ozone/integration-test/target/test-dir/MiniOzoneClusterImpl-d556c113-5d1c-4045-92e1-df11e6e07413/datanode-1/data/ratis] (custom)
2019-10-29 16:37:22,461 [main] INFO  hdfs.DFSUtil (DFSUtil.java:httpServerTemplateForNNAndJN(1641)) - Starting Web-server for hddsDatanode at: http://0.0.0.0:0
2019-10-29 16:37:22,463 [main] INFO  server.AuthenticationFilter (AuthenticationFilter.java:constructSecretProvider(240)) - Unable to initialize FileSignerSecretProvider, falling back to use random secrets.
2019-10-29 16:37:22,464 [main] WARN  http.HttpRequestLog (HttpRequestLog.java:getRequestLog(97)) - Jetty request log can only be enabled using Log4j
2019-10-29 16:37:22,467 [main] INFO  http.HttpServer2 (HttpServer2.java:addGlobalFilter(975)) - Added global filter 'safety' (class=org.apache.hadoop.http.HttpServer2$QuotingInputFilter)
2019-10-29 16:37:22,468 [main] INFO  http.HttpServer2 (HttpServer2.java:addFilter(948)) - Added filter static_user_filter (class=org.apache.hadoop.http.lib.StaticUserWebFilter$StaticUserFilter) to context hddsDatanode
2019-10-29 16:37:22,468 [main] INFO  http.HttpServer2 (HttpServer2.java:addFilter(958)) - Added filter static_user_filter (class=org.apache.hadoop.http.lib.StaticUserWebFilter$StaticUserFilter) to context static
2019-10-29 16:37:22,468 [main] INFO  http.HttpServer2 (HttpServer2.java:addFilter(958)) - Added filter static_user_filter (class=org.apache.hadoop.http.lib.StaticUserWebFilter$StaticUserFilter) to context logs
2019-10-29 16:37:22,470 [main] INFO  http.HttpServer2 (HttpServer2.java:bindListener(1191)) - Jetty bound to port 38468
2019-10-29 16:37:22,470 [main] INFO  server.Server (Server.java:doStart(351)) - jetty-9.3.25.v20180904, build timestamp: 2018-09-04T21:11:46Z, git hash: 3ce520221d0240229c862b122d2b06c12a625732
2019-10-29 16:37:22,474 [main] INFO  handler.ContextHandler (ContextHandler.java:doStart(781)) - Started o.e.j.s.ServletContextHandler@2924f1d8{/logs,file:///workdir/hadoop-ozone/integration-test/target/log,AVAILABLE}
2019-10-29 16:37:22,475 [main] INFO  handler.ContextHandler (ContextHandler.java:doStart(781)) - Started o.e.j.s.ServletContextHandler@5b5e7036{/static,jar:file:/home/user/.m2/repository/org/apache/hadoop/hadoop-hdds-container-service/0.5.0-SNAPSHOT/hadoop-hdds-container-service-0.5.0-SNAPSHOT.jar!/webapps/static,AVAILABLE}
2019-10-29 16:37:22,523 [main] INFO  handler.ContextHandler (ContextHandler.java:doStart(781)) - Started o.e.j.w.WebAppContext@4d21c56e{/,file:///tmp/jetty-0.0.0.0-38468-hddsDatanode-_-any-7983115387609343315.dir/webapp/,AVAILABLE}{/hddsDatanode}
2019-10-29 16:37:22,523 [main] INFO  server.AbstractConnector (AbstractConnector.java:doStart(278)) - Started ServerConnector@726aa968{HTTP/1.1,[http/1.1]}{0.0.0.0:38468}
2019-10-29 16:37:22,525 [main] INFO  server.Server (Server.java:doStart(419)) - Started @5105ms
2019-10-29 16:37:22,526 [main] WARN  impl.MetricsSystemImpl (MetricsSystemImpl.java:register(276)) - Sink prometheus already exists!
2019-10-29 16:37:22,527 [main] INFO  server.BaseHttpServer (BaseHttpServer.java:updateConnectorAddress(215)) - HTTP server of HDDSDATANODE is listening at http://0.0.0.0:38468
2019-10-29 16:37:22,528 [main] INFO  impl.MetricsSystemImpl (MetricsSystemImpl.java:init(158)) - HddsDatanode metrics system started (again)
2019-10-29 16:37:22,532 [org.apache.hadoop.util.JvmPauseMonitor$Monitor@77d9d379] INFO  util.JvmPauseMonitor (JvmPauseMonitor.java:run(188)) - Starting JVM pause monitor
2019-10-29 16:37:22,532 [main] INFO  ozone.HddsDatanodeService (HddsDatanodeService.java:start(184)) - HddsDatanodeService host:pr-hdds-2034-76npd-2451761435 ip:192.168.164.217
2019-10-29 16:37:22,542 [main] INFO  volume.HddsVolume (HddsVolume.java:<init>(176)) - Creating Volume: /workdir/hadoop-ozone/integration-test/target/test-dir/MiniOzoneClusterImpl-d556c113-5d1c-4045-92e1-df11e6e07413/datanode-2/data/containers/hdds of  storage type : DISK and capacity : 1482555576320
2019-10-29 16:37:22,543 [main] INFO  volume.VolumeSet (VolumeSet.java:initializeVolumeSet(170)) - Added Volume : /workdir/hadoop-ozone/integration-test/target/test-dir/MiniOzoneClusterImpl-d556c113-5d1c-4045-92e1-df11e6e07413/datanode-2/data/containers/hdds to VolumeSet
2019-10-29 16:37:22,543 [main] INFO  volume.ThrottledAsyncChecker (ThrottledAsyncChecker.java:schedule(141)) - Scheduling a check for /workdir/hadoop-ozone/integration-test/target/test-dir/MiniOzoneClusterImpl-d556c113-5d1c-4045-92e1-df11e6e07413/datanode-2/data/containers/hdds
2019-10-29 16:37:22,544 [main] INFO  volume.HddsVolumeChecker (HddsVolumeChecker.java:checkAllVolumes(204)) - Scheduled health check for volume /workdir/hadoop-ozone/integration-test/target/test-dir/MiniOzoneClusterImpl-d556c113-5d1c-4045-92e1-df11e6e07413/datanode-2/data/containers/hdds
2019-10-29 16:37:22,551 [Datanode State Machine Thread - 0] INFO  datanode.InitDatanodeState (InitDatanodeState.java:persistContainerDatanodeDetails(140)) - DatanodeDetails is persisted to /workdir/hadoop-ozone/integration-test/target/test-dir/MiniOzoneClusterImpl-d556c113-5d1c-4045-92e1-df11e6e07413/datanode-0/meta/datanode.id
2019-10-29 16:37:22,556 [Datanode State Machine Thread - 0] INFO  datanode.InitDatanodeState (InitDatanodeState.java:persistContainerDatanodeDetails(140)) - DatanodeDetails is persisted to /workdir/hadoop-ozone/integration-test/target/test-dir/MiniOzoneClusterImpl-d556c113-5d1c-4045-92e1-df11e6e07413/datanode-1/meta/datanode.id
2019-10-29 16:37:22,562 [main] INFO  impl.RaftServerProxy (ConfUtils.java:logGet(43)) - raft.rpc.type = GRPC (default)
2019-10-29 16:37:22,563 [main] INFO  grpc.GrpcFactory (GrpcFactory.java:checkPooledByteBufAllocatorUseCacheForAllThreads(45)) - PERFORMANCE WARNING: useCacheForAllThreads is true that may cause Netty to create a lot garbage objects and, as a result, trigger GC.
	It is recommended to disable useCacheForAllThreads by setting -Dorg.apache.ratis.thirdparty.io.netty.allocator.useCacheForAllThreads=false in command line.
2019-10-29 16:37:22,563 [main] INFO  grpc.GrpcConfigKeys$Server (ConfUtils.java:logGet(43)) - raft.grpc.server.port = 0 (default)
2019-10-29 16:37:22,563 [main] INFO  server.GrpcService (ConfUtils.java:logGet(43)) - raft.grpc.message.size.max = 33570816 (custom)
2019-10-29 16:37:22,563 [main] INFO  server.RaftServerConfigKeys (ConfUtils.java:logGet(43)) - raft.server.log.appender.buffer.byte-limit = 33554432 (custom)
2019-10-29 16:37:22,564 [main] INFO  server.GrpcService (ConfUtils.java:logGet(43)) - raft.grpc.flow.control.window = 1MB (=1048576) (default)
2019-10-29 16:37:22,564 [main] INFO  server.RaftServerConfigKeys (ConfUtils.java:logGet(43)) - raft.server.rpc.request.timeout = 3000ms (default)
2019-10-29 16:37:22,565 [main] INFO  server.RaftServerConfigKeys (ConfUtils.java:logGet(43)) - raft.server.storage.dir = [/workdir/hadoop-ozone/integration-test/target/test-dir/MiniOzoneClusterImpl-d556c113-5d1c-4045-92e1-df11e6e07413/datanode-2/data/ratis] (custom)
2019-10-29 16:37:22,567 [main] INFO  hdfs.DFSUtil (DFSUtil.java:httpServerTemplateForNNAndJN(1641)) - Starting Web-server for hddsDatanode at: http://0.0.0.0:0
2019-10-29 16:37:22,569 [main] INFO  server.AuthenticationFilter (AuthenticationFilter.java:constructSecretProvider(240)) - Unable to initialize FileSignerSecretProvider, falling back to use random secrets.
2019-10-29 16:37:22,569 [main] WARN  http.HttpRequestLog (HttpRequestLog.java:getRequestLog(97)) - Jetty request log can only be enabled using Log4j
2019-10-29 16:37:22,571 [main] INFO  http.HttpServer2 (HttpServer2.java:addGlobalFilter(975)) - Added global filter 'safety' (class=org.apache.hadoop.http.HttpServer2$QuotingInputFilter)
2019-10-29 16:37:22,572 [main] INFO  http.HttpServer2 (HttpServer2.java:addFilter(948)) - Added filter static_user_filter (class=org.apache.hadoop.http.lib.StaticUserWebFilter$StaticUserFilter) to context hddsDatanode
2019-10-29 16:37:22,572 [main] INFO  http.HttpServer2 (HttpServer2.java:addFilter(958)) - Added filter static_user_filter (class=org.apache.hadoop.http.lib.StaticUserWebFilter$StaticUserFilter) to context logs
2019-10-29 16:37:22,572 [main] INFO  http.HttpServer2 (HttpServer2.java:addFilter(958)) - Added filter static_user_filter (class=org.apache.hadoop.http.lib.StaticUserWebFilter$StaticUserFilter) to context static
2019-10-29 16:37:22,573 [main] INFO  http.HttpServer2 (HttpServer2.java:bindListener(1191)) - Jetty bound to port 45947
2019-10-29 16:37:22,573 [main] INFO  server.Server (Server.java:doStart(351)) - jetty-9.3.25.v20180904, build timestamp: 2018-09-04T21:11:46Z, git hash: 3ce520221d0240229c862b122d2b06c12a625732
2019-10-29 16:37:22,575 [main] INFO  handler.ContextHandler (ContextHandler.java:doStart(781)) - Started o.e.j.s.ServletContextHandler@53f4c1e6{/logs,file:///workdir/hadoop-ozone/integration-test/target/log,AVAILABLE}
2019-10-29 16:37:22,576 [main] INFO  handler.ContextHandler (ContextHandler.java:doStart(781)) - Started o.e.j.s.ServletContextHandler@6342d610{/static,jar:file:/home/user/.m2/repository/org/apache/hadoop/hadoop-hdds-container-service/0.5.0-SNAPSHOT/hadoop-hdds-container-service-0.5.0-SNAPSHOT.jar!/webapps/static,AVAILABLE}
2019-10-29 16:37:22,610 [main] INFO  handler.ContextHandler (ContextHandler.java:doStart(781)) - Started o.e.j.w.WebAppContext@43af351a{/,file:///tmp/jetty-0.0.0.0-45947-hddsDatanode-_-any-2493457954896932634.dir/webapp/,AVAILABLE}{/hddsDatanode}
2019-10-29 16:37:22,610 [main] INFO  server.AbstractConnector (AbstractConnector.java:doStart(278)) - Started ServerConnector@1305c126{HTTP/1.1,[http/1.1]}{0.0.0.0:45947}
2019-10-29 16:37:22,611 [main] INFO  server.Server (Server.java:doStart(419)) - Started @5191ms
2019-10-29 16:37:22,611 [main] WARN  impl.MetricsSystemImpl (MetricsSystemImpl.java:register(276)) - Sink prometheus already exists!
2019-10-29 16:37:22,613 [main] INFO  server.BaseHttpServer (BaseHttpServer.java:updateConnectorAddress(215)) - HTTP server of HDDSDATANODE is listening at http://0.0.0.0:45947
2019-10-29 16:37:22,615 [main] INFO  ozone.MiniOzoneClusterImpl (MiniOzoneClusterImpl.java:lambda$waitForClusterToBeReady$0(149)) - Waiting for nodes to be ready. Got 0 of 3 DN Heartbeats.
2019-10-29 16:37:22,615 [main] INFO  ozone.MiniOzoneClusterImpl (MiniOzoneClusterImpl.java:lambda$waitForClusterToBeReady$0(152)) - Waiting for cluster to exit safe mode
2019-10-29 16:37:22,616 [org.apache.hadoop.util.JvmPauseMonitor$Monitor@57dcc043] INFO  util.JvmPauseMonitor (JvmPauseMonitor.java:run(188)) - Starting JVM pause monitor
2019-10-29 16:37:22,619 [Datanode State Machine Thread - 0] INFO  datanode.InitDatanodeState (InitDatanodeState.java:persistContainerDatanodeDetails(140)) - DatanodeDetails is persisted to /workdir/hadoop-ozone/integration-test/target/test-dir/MiniOzoneClusterImpl-d556c113-5d1c-4045-92e1-df11e6e07413/datanode-2/meta/datanode.id
2019-10-29 16:37:23,616 [main] INFO  ozone.MiniOzoneClusterImpl (MiniOzoneClusterImpl.java:lambda$waitForClusterToBeReady$0(149)) - Waiting for nodes to be ready. Got 0 of 3 DN Heartbeats.
2019-10-29 16:37:23,616 [main] INFO  ozone.MiniOzoneClusterImpl (MiniOzoneClusterImpl.java:lambda$waitForClusterToBeReady$0(152)) - Waiting for cluster to exit safe mode
2019-10-29 16:37:24,617 [main] INFO  ozone.MiniOzoneClusterImpl (MiniOzoneClusterImpl.java:lambda$waitForClusterToBeReady$0(149)) - Waiting for nodes to be ready. Got 0 of 3 DN Heartbeats.
2019-10-29 16:37:24,617 [main] INFO  ozone.MiniOzoneClusterImpl (MiniOzoneClusterImpl.java:lambda$waitForClusterToBeReady$0(152)) - Waiting for cluster to exit safe mode
2019-10-29 16:37:24,682 [Datanode State Machine Thread - 0] INFO  ozoneimpl.OzoneContainer (OzoneContainer.java:start(213)) - Attempting to start container services.
2019-10-29 16:37:24,682 [Datanode State Machine Thread - 0] INFO  ozoneimpl.OzoneContainer (OzoneContainer.java:start(213)) - Attempting to start container services.
2019-10-29 16:37:24,682 [Datanode State Machine Thread - 0] INFO  ozoneimpl.OzoneContainer (OzoneContainer.java:start(213)) - Attempting to start container services.
2019-10-29 16:37:24,688 [Datanode State Machine Thread - 0] INFO  ozoneimpl.OzoneContainer (OzoneContainer.java:startContainerScrub(177)) - Background container scanner has been disabled.
2019-10-29 16:37:24,688 [Datanode State Machine Thread - 0] INFO  ozoneimpl.OzoneContainer (OzoneContainer.java:startContainerScrub(177)) - Background container scanner has been disabled.
2019-10-29 16:37:24,688 [Datanode State Machine Thread - 0] INFO  ozoneimpl.OzoneContainer (OzoneContainer.java:startContainerScrub(177)) - Background container scanner has been disabled.
2019-10-29 16:37:24,689 [Datanode State Machine Thread - 0] INFO  ratis.XceiverServerRatis (XceiverServerRatis.java:start(419)) - Starting XceiverServerRatis d7cf113e-c8f7-43a7-a422-e2500e59f276 at port 0
2019-10-29 16:37:24,689 [Datanode State Machine Thread - 0] INFO  ratis.XceiverServerRatis (XceiverServerRatis.java:start(419)) - Starting XceiverServerRatis 401d187c-767f-4491-93ca-fa1e80ca4a34 at port 0
2019-10-29 16:37:24,689 [Datanode State Machine Thread - 0] INFO  ratis.XceiverServerRatis (XceiverServerRatis.java:start(419)) - Starting XceiverServerRatis 8703d4be-29d1-413c-a948-4626c5ffd2ef at port 0
2019-10-29 16:37:24,726 [Datanode State Machine Thread - 0] INFO  impl.RaftServerProxy (RaftServerProxy.java:lambda$start$3(299)) - 401d187c-767f-4491-93ca-fa1e80ca4a34: start RPC server
2019-10-29 16:37:24,726 [Datanode State Machine Thread - 0] INFO  impl.RaftServerProxy (RaftServerProxy.java:lambda$start$3(299)) - 8703d4be-29d1-413c-a948-4626c5ffd2ef: start RPC server
2019-10-29 16:37:24,726 [Datanode State Machine Thread - 0] INFO  impl.RaftServerProxy (RaftServerProxy.java:lambda$start$3(299)) - d7cf113e-c8f7-43a7-a422-e2500e59f276: start RPC server
2019-10-29 16:37:24,842 [Datanode State Machine Thread - 0] INFO  server.GrpcService (GrpcService.java:startImpl(158)) - d7cf113e-c8f7-43a7-a422-e2500e59f276: GrpcService started, listening on 0.0.0.0/0.0.0.0:43341
2019-10-29 16:37:24,842 [Datanode State Machine Thread - 0] INFO  server.GrpcService (GrpcService.java:startImpl(158)) - 8703d4be-29d1-413c-a948-4626c5ffd2ef: GrpcService started, listening on 0.0.0.0/0.0.0.0:44000
2019-10-29 16:37:24,842 [Datanode State Machine Thread - 0] INFO  server.GrpcService (GrpcService.java:startImpl(158)) - 401d187c-767f-4491-93ca-fa1e80ca4a34: GrpcService started, listening on 0.0.0.0/0.0.0.0:39932
2019-10-29 16:37:24,843 [Datanode State Machine Thread - 0] INFO  ratis.XceiverServerRatis (XceiverServerRatis.java:start(429)) - XceiverServerRatis 8703d4be-29d1-413c-a948-4626c5ffd2ef is started using port 44000
2019-10-29 16:37:24,843 [Datanode State Machine Thread - 0] INFO  ratis.XceiverServerRatis (XceiverServerRatis.java:start(429)) - XceiverServerRatis d7cf113e-c8f7-43a7-a422-e2500e59f276 is started using port 43341
2019-10-29 16:37:24,843 [Datanode State Machine Thread - 0] INFO  ratis.XceiverServerRatis (XceiverServerRatis.java:start(429)) - XceiverServerRatis 401d187c-767f-4491-93ca-fa1e80ca4a34 is started using port 39932
2019-10-29 16:37:24,848 [Datanode State Machine Thread - 0] INFO  server.XceiverServerGrpc (XceiverServerGrpc.java:start(149)) - XceiverServerGrpc 401d187c-767f-4491-93ca-fa1e80ca4a34 is started using port 44069
2019-10-29 16:37:24,848 [Datanode State Machine Thread - 0] INFO  server.XceiverServerGrpc (XceiverServerGrpc.java:start(149)) - XceiverServerGrpc 8703d4be-29d1-413c-a948-4626c5ffd2ef is started using port 37092
2019-10-29 16:37:24,848 [Datanode State Machine Thread - 0] INFO  server.XceiverServerGrpc (XceiverServerGrpc.java:start(149)) - XceiverServerGrpc d7cf113e-c8f7-43a7-a422-e2500e59f276 is started using port 43407
2019-10-29 16:37:25,618 [main] INFO  ozone.MiniOzoneClusterImpl (MiniOzoneClusterImpl.java:lambda$waitForClusterToBeReady$0(149)) - Waiting for nodes to be ready. Got 0 of 3 DN Heartbeats.
2019-10-29 16:37:25,618 [main] INFO  ozone.MiniOzoneClusterImpl (MiniOzoneClusterImpl.java:lambda$waitForClusterToBeReady$0(152)) - Waiting for cluster to exit safe mode
2019-10-29 16:37:26,462 [IPC Server handler 1 on 42840] INFO  net.NetworkTopology (NetworkTopologyImpl.java:add(111)) - Added a new node: /default-rack/401d187c-767f-4491-93ca-fa1e80ca4a34
2019-10-29 16:37:26,463 [IPC Server handler 1 on 42840] INFO  node.SCMNodeManager (SCMNodeManager.java:register(267)) - Registered Data node : 401d187c-767f-4491-93ca-fa1e80ca4a34{ip: 192.168.164.217, host: pr-hdds-2034-76npd-2451761435, networkLocation: /default-rack, certSerialId: null}
2019-10-29 16:37:26,467 [EventQueue-NodeRegistrationContainerReportForDataNodeSafeModeRule] INFO  safemode.SCMSafeModeManager (DataNodeSafeModeRule.java:process(71)) - SCM in safe mode. 1 DataNodes registered, 1 required.
2019-10-29 16:37:26,467 [EventQueue-NodeRegistrationContainerReportForContainerSafeModeRule] INFO  safemode.SCMSafeModeManager (SCMSafeModeManager.java:validateSafeModeExitRules(176)) - ContainerSafeModeRule rule is successfully validated
2019-10-29 16:37:26,468 [EventQueue-NodeRegistrationContainerReportForDataNodeSafeModeRule] INFO  safemode.SCMSafeModeManager (SCMSafeModeManager.java:validateSafeModeExitRules(176)) - DataNodeSafeModeRule rule is successfully validated
2019-10-29 16:37:26,471 [RatisPipelineUtilsThread] INFO  pipeline.RatisPipelineProvider (RatisPipelineProvider.java:lambda$create$4(163)) - Send pipeline:PipelineID=111c79c5-61ae-4478-a226-868d7a62957f create command to datanode 401d187c-767f-4491-93ca-fa1e80ca4a34
2019-10-29 16:37:26,535 [IPC Server handler 2 on 42840] INFO  net.NetworkTopology (NetworkTopologyImpl.java:add(111)) - Added a new node: /default-rack/8703d4be-29d1-413c-a948-4626c5ffd2ef
2019-10-29 16:37:26,535 [IPC Server handler 2 on 42840] INFO  node.SCMNodeManager (SCMNodeManager.java:register(267)) - Registered Data node : 8703d4be-29d1-413c-a948-4626c5ffd2ef{ip: 192.168.164.217, host: pr-hdds-2034-76npd-2451761435, networkLocation: /default-rack, certSerialId: null}
2019-10-29 16:37:26,536 [EventQueue-NodeRegistrationContainerReportForDataNodeSafeModeRule] INFO  safemode.SCMSafeModeManager (SCMSafeModeManager.java:validateSafeModeExitRules(176)) - DataNodeSafeModeRule rule is successfully validated
2019-10-29 16:37:26,536 [EventQueue-NodeRegistrationContainerReportForContainerSafeModeRule] INFO  safemode.SCMSafeModeManager (SCMSafeModeManager.java:validateSafeModeExitRules(176)) - ContainerSafeModeRule rule is successfully validated
2019-10-29 16:37:26,536 [RatisPipelineUtilsThread] INFO  pipeline.RatisPipelineProvider (RatisPipelineProvider.java:lambda$create$4(163)) - Send pipeline:PipelineID=f0a65081-e5ed-4330-aa5b-074fe1eb405b create command to datanode 8703d4be-29d1-413c-a948-4626c5ffd2ef
2019-10-29 16:37:26,619 [IPC Server handler 0 on 42840] INFO  net.NetworkTopology (NetworkTopologyImpl.java:add(111)) - Added a new node: /default-rack/d7cf113e-c8f7-43a7-a422-e2500e59f276
2019-10-29 16:37:26,619 [main] INFO  ozone.MiniOzoneClusterImpl (MiniOzoneClusterImpl.java:lambda$waitForClusterToBeReady$0(149)) - Nodes are ready. Got 3 of 3 DN Heartbeats.
2019-10-29 16:37:26,620 [main] INFO  ozone.MiniOzoneClusterImpl (MiniOzoneClusterImpl.java:lambda$waitForClusterToBeReady$0(152)) - Waiting for cluster to exit safe mode
2019-10-29 16:37:26,619 [RatisPipelineUtilsThread] INFO  pipeline.RatisPipelineProvider (RatisPipelineProvider.java:lambda$create$4(163)) - Send pipeline:PipelineID=6152416c-1f84-4b35-b369-92ce6b51814d create command to datanode d7cf113e-c8f7-43a7-a422-e2500e59f276
2019-10-29 16:37:26,619 [IPC Server handler 0 on 42840] INFO  node.SCMNodeManager (SCMNodeManager.java:register(267)) - Registered Data node : d7cf113e-c8f7-43a7-a422-e2500e59f276{ip: 192.168.164.217, host: pr-hdds-2034-76npd-2451761435, networkLocation: /default-rack, certSerialId: null}
2019-10-29 16:37:26,620 [EventQueue-NodeRegistrationContainerReportForContainerSafeModeRule] INFO  safemode.SCMSafeModeManager (SCMSafeModeManager.java:validateSafeModeExitRules(176)) - ContainerSafeModeRule rule is successfully validated
2019-10-29 16:37:26,621 [EventQueue-NodeRegistrationContainerReportForDataNodeSafeModeRule] INFO  safemode.SCMSafeModeManager (SCMSafeModeManager.java:validateSafeModeExitRules(176)) - DataNodeSafeModeRule rule is successfully validated
2019-10-29 16:37:26,622 [RatisPipelineUtilsThread] INFO  pipeline.RatisPipelineProvider (RatisPipelineProvider.java:lambda$create$4(163)) - Send pipeline:PipelineID=1db9e29b-1ebb-4ab7-b4af-993c6c1163b1 create command to datanode 401d187c-767f-4491-93ca-fa1e80ca4a34
2019-10-29 16:37:26,622 [RatisPipelineUtilsThread] INFO  pipeline.RatisPipelineProvider (RatisPipelineProvider.java:lambda$create$4(163)) - Send pipeline:PipelineID=1db9e29b-1ebb-4ab7-b4af-993c6c1163b1 create command to datanode d7cf113e-c8f7-43a7-a422-e2500e59f276
2019-10-29 16:37:26,622 [RatisPipelineUtilsThread] INFO  pipeline.RatisPipelineProvider (RatisPipelineProvider.java:lambda$create$4(163)) - Send pipeline:PipelineID=1db9e29b-1ebb-4ab7-b4af-993c6c1163b1 create command to datanode 8703d4be-29d1-413c-a948-4626c5ffd2ef
2019-10-29 16:37:27,620 [main] INFO  ozone.MiniOzoneClusterImpl (MiniOzoneClusterImpl.java:lambda$waitForClusterToBeReady$0(149)) - Nodes are ready. Got 3 of 3 DN Heartbeats.
2019-10-29 16:37:27,621 [main] INFO  ozone.MiniOzoneClusterImpl (MiniOzoneClusterImpl.java:lambda$waitForClusterToBeReady$0(152)) - Waiting for cluster to exit safe mode
2019-10-29 16:37:28,621 [main] INFO  ozone.MiniOzoneClusterImpl (MiniOzoneClusterImpl.java:lambda$waitForClusterToBeReady$0(149)) - Nodes are ready. Got 3 of 3 DN Heartbeats.
2019-10-29 16:37:28,621 [main] INFO  ozone.MiniOzoneClusterImpl (MiniOzoneClusterImpl.java:lambda$waitForClusterToBeReady$0(152)) - Waiting for cluster to exit safe mode
2019-10-29 16:37:29,455 [Command processor thread] INFO  impl.RaftServerProxy (RaftServerProxy.java:addNew(89)) - 401d187c-767f-4491-93ca-fa1e80ca4a34: addNew group-868D7A62957F:[401d187c-767f-4491-93ca-fa1e80ca4a34:192.168.164.217:39932] returns group-868D7A62957F:java.util.concurrent.CompletableFuture@3fdfc05e[Not completed]
2019-10-29 16:37:29,481 [pool-27-thread-1] INFO  impl.RaftServerImpl (RaftServerImpl.java:<init>(98)) - 401d187c-767f-4491-93ca-fa1e80ca4a34: new RaftServerImpl for group-868D7A62957F:[401d187c-767f-4491-93ca-fa1e80ca4a34:192.168.164.217:39932] with ContainerStateMachine:uninitialized
2019-10-29 16:37:29,484 [pool-27-thread-1] INFO  server.RaftServerConfigKeys (ConfUtils.java:logGet(43)) - raft.server.rpc.timeout.min = 5s (custom)
2019-10-29 16:37:29,485 [pool-27-thread-1] INFO  server.RaftServerConfigKeys (ConfUtils.java:logGet(43)) - raft.server.rpc.timeout.max = 5200ms (custom)
2019-10-29 16:37:29,485 [pool-27-thread-1] INFO  server.RaftServerConfigKeys (ConfUtils.java:logGet(43)) - raft.server.rpcslowness.timeout = 120s (custom)
2019-10-29 16:37:29,486 [pool-27-thread-1] INFO  server.RaftServerConfigKeys (ConfUtils.java:logGet(43)) - raft.server.sleep.deviation.threshold = 300 (default)
2019-10-29 16:37:29,487 [pool-27-thread-1] INFO  server.RaftServerConfigKeys (ConfUtils.java:logGet(43)) - raft.server.log.appender.install.snapshot.enabled = false (custom)
2019-10-29 16:37:29,498 [pool-27-thread-1] INFO  impl.RaftServerImpl (ServerState.java:<init>(103)) - 401d187c-767f-4491-93ca-fa1e80ca4a34@group-868D7A62957F: ConfigurationManager, init=-1: [401d187c-767f-4491-93ca-fa1e80ca4a34:192.168.164.217:39932], old=null, confs=<EMPTY_MAP>
2019-10-29 16:37:29,498 [pool-27-thread-1] INFO  server.RaftServerConfigKeys (ConfUtils.java:logGet(43)) - raft.server.storage.dir = [/workdir/hadoop-ozone/integration-test/target/test-dir/MiniOzoneClusterImpl-d556c113-5d1c-4045-92e1-df11e6e07413/datanode-0/data/ratis] (custom)
2019-10-29 16:37:29,506 [pool-27-thread-1] INFO  server.RaftServerConfigKeys (ConfUtils.java:logGet(43)) - raft.server.log.corruption.policy = EXCEPTION (default)
2019-10-29 16:37:29,509 [pool-27-thread-1] INFO  storage.RaftStorageDirectory (RaftStorageDirectory.java:analyzeStorage(246)) - The storage directory /workdir/hadoop-ozone/integration-test/target/test-dir/MiniOzoneClusterImpl-d556c113-5d1c-4045-92e1-df11e6e07413/datanode-0/data/ratis/111c79c5-61ae-4478-a226-868d7a62957f does not exist. Creating ...
2019-10-29 16:37:29,528 [pool-27-thread-1] INFO  storage.RaftStorageDirectory (RaftStorageDirectory.java:tryLock(328)) - Lock on /workdir/hadoop-ozone/integration-test/target/test-dir/MiniOzoneClusterImpl-d556c113-5d1c-4045-92e1-df11e6e07413/datanode-0/data/ratis/111c79c5-61ae-4478-a226-868d7a62957f/in_use.lock acquired by nodename 19005@pr-hdds-2034-76npd-2451761435
2019-10-29 16:37:29,533 [Command processor thread] INFO  impl.RaftServerProxy (RaftServerProxy.java:addNew(89)) - 8703d4be-29d1-413c-a948-4626c5ffd2ef: addNew group-074FE1EB405B:[8703d4be-29d1-413c-a948-4626c5ffd2ef:192.168.164.217:44000] returns group-074FE1EB405B:java.util.concurrent.CompletableFuture@7a936036[Not completed]
2019-10-29 16:37:29,546 [pool-27-thread-1] INFO  storage.RaftStorage (RaftStorage.java:format(84)) - Storage directory /workdir/hadoop-ozone/integration-test/target/test-dir/MiniOzoneClusterImpl-d556c113-5d1c-4045-92e1-df11e6e07413/datanode-0/data/ratis/111c79c5-61ae-4478-a226-868d7a62957f has been successfully formatted.
2019-10-29 16:37:29,559 [pool-37-thread-1] INFO  impl.RaftServerImpl (RaftServerImpl.java:<init>(98)) - 8703d4be-29d1-413c-a948-4626c5ffd2ef: new RaftServerImpl for group-074FE1EB405B:[8703d4be-29d1-413c-a948-4626c5ffd2ef:192.168.164.217:44000] with ContainerStateMachine:uninitialized
2019-10-29 16:37:29,561 [pool-37-thread-1] INFO  server.RaftServerConfigKeys (ConfUtils.java:logGet(43)) - raft.server.rpc.timeout.min = 5s (custom)
2019-10-29 16:37:29,561 [pool-27-thread-1] INFO  ratis.ContainerStateMachine (ContainerStateMachine.java:loadSnapshot(231)) - group-868D7A62957F: The snapshot info is null. Setting the last applied indexto:(t:0, i:~)
2019-10-29 16:37:29,561 [pool-37-thread-1] INFO  server.RaftServerConfigKeys (ConfUtils.java:logGet(43)) - raft.server.rpc.timeout.max = 5200ms (custom)
2019-10-29 16:37:29,561 [pool-27-thread-1] INFO  server.RaftServerConfigKeys (ConfUtils.java:logGet(43)) - raft.server.notification.no-leader.timeout = 120s (custom)
2019-10-29 16:37:29,561 [pool-37-thread-1] INFO  server.RaftServerConfigKeys (ConfUtils.java:logGet(43)) - raft.server.rpcslowness.timeout = 120s (custom)
2019-10-29 16:37:29,562 [pool-37-thread-1] INFO  server.RaftServerConfigKeys (ConfUtils.java:logGet(43)) - raft.server.sleep.deviation.threshold = 300 (default)
2019-10-29 16:37:29,562 [pool-37-thread-1] INFO  server.RaftServerConfigKeys (ConfUtils.java:logGet(43)) - raft.server.log.appender.install.snapshot.enabled = false (custom)
2019-10-29 16:37:29,562 [pool-37-thread-1] INFO  impl.RaftServerImpl (ServerState.java:<init>(103)) - 8703d4be-29d1-413c-a948-4626c5ffd2ef@group-074FE1EB405B: ConfigurationManager, init=-1: [8703d4be-29d1-413c-a948-4626c5ffd2ef:192.168.164.217:44000], old=null, confs=<EMPTY_MAP>
2019-10-29 16:37:29,563 [pool-37-thread-1] INFO  server.RaftServerConfigKeys (ConfUtils.java:logGet(43)) - raft.server.storage.dir = [/workdir/hadoop-ozone/integration-test/target/test-dir/MiniOzoneClusterImpl-d556c113-5d1c-4045-92e1-df11e6e07413/datanode-1/data/ratis] (custom)
2019-10-29 16:37:29,564 [pool-37-thread-1] INFO  server.RaftServerConfigKeys (ConfUtils.java:logGet(43)) - raft.server.log.corruption.policy = EXCEPTION (default)
2019-10-29 16:37:29,564 [pool-37-thread-1] INFO  storage.RaftStorageDirectory (RaftStorageDirectory.java:analyzeStorage(246)) - The storage directory /workdir/hadoop-ozone/integration-test/target/test-dir/MiniOzoneClusterImpl-d556c113-5d1c-4045-92e1-df11e6e07413/datanode-1/data/ratis/f0a65081-e5ed-4330-aa5b-074fe1eb405b does not exist. Creating ...
2019-10-29 16:37:29,564 [pool-27-thread-1] INFO  server.RaftServerConfigKeys (ConfUtils.java:logGet(43)) - raft.server.log.use.memory = false (default)
2019-10-29 16:37:29,571 [pool-27-thread-1] INFO  server.RaftServerConfigKeys (ConfUtils.java:logGet(43)) - raft.server.log.purge.gap = 1000000 (custom)
2019-10-29 16:37:29,571 [pool-27-thread-1] INFO  server.RaftServerConfigKeys (ConfUtils.java:logGet(43)) - raft.server.log.appender.buffer.byte-limit = 33554432 (custom)
2019-10-29 16:37:29,574 [pool-27-thread-1] INFO  server.RaftServerConfigKeys (ConfUtils.java:logGet(43)) - raft.server.log.segment.size.max = 1048576 (custom)
2019-10-29 16:37:29,578 [pool-37-thread-1] INFO  storage.RaftStorageDirectory (RaftStorageDirectory.java:tryLock(328)) - Lock on /workdir/hadoop-ozone/integration-test/target/test-dir/MiniOzoneClusterImpl-d556c113-5d1c-4045-92e1-df11e6e07413/datanode-1/data/ratis/f0a65081-e5ed-4330-aa5b-074fe1eb405b/in_use.lock acquired by nodename 19005@pr-hdds-2034-76npd-2451761435
2019-10-29 16:37:29,584 [pool-27-thread-1] INFO  metrics.MetricRegistries (MetricRegistriesLoader.java:load(64)) - Loaded MetricRegistries class org.apache.ratis.metrics.impl.MetricRegistriesImpl
2019-10-29 16:37:29,589 [pool-27-thread-1] WARN  impl.MetricRegistriesImpl (MetricRegistriesImpl.java:lambda$create$1(61)) - First MetricRegistry has been created without registering reporters. You may need to call MetricRegistries.global().addReportRegistration(...) before.
2019-10-29 16:37:29,592 [pool-37-thread-1] INFO  storage.RaftStorage (RaftStorage.java:format(84)) - Storage directory /workdir/hadoop-ozone/integration-test/target/test-dir/MiniOzoneClusterImpl-d556c113-5d1c-4045-92e1-df11e6e07413/datanode-1/data/ratis/f0a65081-e5ed-4330-aa5b-074fe1eb405b has been successfully formatted.
2019-10-29 16:37:29,593 [pool-37-thread-1] INFO  ratis.ContainerStateMachine (ContainerStateMachine.java:loadSnapshot(231)) - group-074FE1EB405B: The snapshot info is null. Setting the last applied indexto:(t:0, i:~)
2019-10-29 16:37:29,594 [pool-37-thread-1] INFO  server.RaftServerConfigKeys (ConfUtils.java:logGet(43)) - raft.server.notification.no-leader.timeout = 120s (custom)
2019-10-29 16:37:29,595 [pool-37-thread-1] INFO  server.RaftServerConfigKeys (ConfUtils.java:logGet(43)) - raft.server.log.use.memory = false (default)
2019-10-29 16:37:29,595 [pool-37-thread-1] INFO  server.RaftServerConfigKeys (ConfUtils.java:logGet(43)) - raft.server.log.purge.gap = 1000000 (custom)
2019-10-29 16:37:29,596 [pool-37-thread-1] INFO  server.RaftServerConfigKeys (ConfUtils.java:logGet(43)) - raft.server.log.appender.buffer.byte-limit = 33554432 (custom)
2019-10-29 16:37:29,596 [pool-37-thread-1] INFO  server.RaftServerConfigKeys (ConfUtils.java:logGet(43)) - raft.server.log.segment.size.max = 1048576 (custom)
2019-10-29 16:37:29,596 [pool-37-thread-1] WARN  impl.MetricRegistriesImpl (MetricRegistriesImpl.java:lambda$create$1(61)) - First MetricRegistry has been created without registering reporters. You may need to call MetricRegistries.global().addReportRegistration(...) before.
2019-10-29 16:37:29,599 [pool-27-thread-1] INFO  server.RaftServerConfigKeys (ConfUtils.java:logGet(43)) - raft.server.log.segment.cache.num.max = 2 (custom)
2019-10-29 16:37:29,599 [pool-37-thread-1] INFO  server.RaftServerConfigKeys (ConfUtils.java:logGet(43)) - raft.server.log.segment.cache.num.max = 2 (custom)
2019-10-29 16:37:29,607 [pool-27-thread-1] INFO  segmented.SegmentedRaftLogWorker (SegmentedRaftLogWorker.java:<init>(173)) - new 401d187c-767f-4491-93ca-fa1e80ca4a34@group-868D7A62957F-SegmentedRaftLogWorker for RaftStorage:Storage Directory /workdir/hadoop-ozone/integration-test/target/test-dir/MiniOzoneClusterImpl-d556c113-5d1c-4045-92e1-df11e6e07413/datanode-0/data/ratis/111c79c5-61ae-4478-a226-868d7a62957f
2019-10-29 16:37:29,607 [pool-37-thread-1] INFO  segmented.SegmentedRaftLogWorker (SegmentedRaftLogWorker.java:<init>(173)) - new 8703d4be-29d1-413c-a948-4626c5ffd2ef@group-074FE1EB405B-SegmentedRaftLogWorker for RaftStorage:Storage Directory /workdir/hadoop-ozone/integration-test/target/test-dir/MiniOzoneClusterImpl-d556c113-5d1c-4045-92e1-df11e6e07413/datanode-1/data/ratis/f0a65081-e5ed-4330-aa5b-074fe1eb405b
2019-10-29 16:37:29,611 [pool-27-thread-1] INFO  server.RaftServerConfigKeys (ConfUtils.java:logGet(43)) - raft.server.log.queue.byte-limit = 2147483647 (custom)
2019-10-29 16:37:29,611 [pool-37-thread-1] INFO  server.RaftServerConfigKeys (ConfUtils.java:logGet(43)) - raft.server.log.queue.byte-limit = 2147483647 (custom)
2019-10-29 16:37:29,612 [pool-27-thread-1] INFO  server.RaftServerConfigKeys (ConfUtils.java:logGet(43)) - raft.server.log.queue.element-limit = 1024 (custom)
2019-10-29 16:37:29,612 [pool-37-thread-1] INFO  server.RaftServerConfigKeys (ConfUtils.java:logGet(43)) - raft.server.log.queue.element-limit = 1024 (custom)
2019-10-29 16:37:29,613 [pool-27-thread-1] INFO  server.RaftServerConfigKeys (ConfUtils.java:logGet(43)) - raft.server.log.segment.size.max = 1048576 (custom)
2019-10-29 16:37:29,613 [pool-37-thread-1] INFO  server.RaftServerConfigKeys (ConfUtils.java:logGet(43)) - raft.server.log.segment.size.max = 1048576 (custom)
2019-10-29 16:37:29,614 [pool-27-thread-1] INFO  server.RaftServerConfigKeys (ConfUtils.java:logGet(43)) - raft.server.log.preallocated.size = 16384 (custom)
2019-10-29 16:37:29,614 [pool-37-thread-1] INFO  server.RaftServerConfigKeys (ConfUtils.java:logGet(43)) - raft.server.log.preallocated.size = 16384 (custom)
2019-10-29 16:37:29,615 [pool-27-thread-1] INFO  server.RaftServerConfigKeys (ConfUtils.java:logGet(43)) - raft.server.log.write.buffer.size = 33554432 (custom)
2019-10-29 16:37:29,615 [pool-37-thread-1] INFO  server.RaftServerConfigKeys (ConfUtils.java:logGet(43)) - raft.server.log.write.buffer.size = 33554432 (custom)
2019-10-29 16:37:29,616 [pool-27-thread-1] INFO  server.RaftServerConfigKeys (ConfUtils.java:logGet(43)) - raft.server.log.force.sync.num = 128 (default)
2019-10-29 16:37:29,616 [pool-37-thread-1] INFO  server.RaftServerConfigKeys (ConfUtils.java:logGet(43)) - raft.server.log.force.sync.num = 128 (default)
2019-10-29 16:37:29,618 [Command processor thread] INFO  impl.RaftServerProxy (RaftServerProxy.java:addNew(89)) - d7cf113e-c8f7-43a7-a422-e2500e59f276: addNew group-92CE6B51814D:[d7cf113e-c8f7-43a7-a422-e2500e59f276:192.168.164.217:43341] returns group-92CE6B51814D:java.util.concurrent.CompletableFuture@2aabbdf4[Not completed]
2019-10-29 16:37:29,618 [pool-27-thread-1] INFO  server.RaftServerConfigKeys (ConfUtils.java:logGet(43)) - raft.server.log.statemachine.data.sync = true (default)
2019-10-29 16:37:29,618 [pool-37-thread-1] INFO  server.RaftServerConfigKeys (ConfUtils.java:logGet(43)) - raft.server.log.statemachine.data.sync = true (default)
2019-10-29 16:37:29,619 [pool-27-thread-1] INFO  server.RaftServerConfigKeys (ConfUtils.java:logGet(43)) - raft.server.log.statemachine.data.sync.timeout = 10s (default)
2019-10-29 16:37:29,619 [pool-37-thread-1] INFO  server.RaftServerConfigKeys (ConfUtils.java:logGet(43)) - raft.server.log.statemachine.data.sync.timeout = 10s (default)
2019-10-29 16:37:29,619 [pool-27-thread-1] INFO  server.RaftServerConfigKeys (ConfUtils.java:logGet(43)) - raft.server.log.statemachine.data.sync.timeout.retry = -1 (default)
2019-10-29 16:37:29,620 [pool-37-thread-1] INFO  server.RaftServerConfigKeys (ConfUtils.java:logGet(43)) - raft.server.log.statemachine.data.sync.timeout.retry = -1 (default)
2019-10-29 16:37:29,628 [main] INFO  ozone.MiniOzoneClusterImpl (MiniOzoneClusterImpl.java:lambda$waitForClusterToBeReady$0(149)) - Nodes are ready. Got 3 of 3 DN Heartbeats.
2019-10-29 16:37:29,629 [main] INFO  ozone.MiniOzoneClusterImpl (MiniOzoneClusterImpl.java:lambda$waitForClusterToBeReady$0(152)) - Waiting for cluster to exit safe mode
2019-10-29 16:37:29,629 [pool-47-thread-1] INFO  impl.RaftServerImpl (RaftServerImpl.java:<init>(98)) - d7cf113e-c8f7-43a7-a422-e2500e59f276: new RaftServerImpl for group-92CE6B51814D:[d7cf113e-c8f7-43a7-a422-e2500e59f276:192.168.164.217:43341] with ContainerStateMachine:uninitialized
2019-10-29 16:37:29,630 [pool-47-thread-1] INFO  server.RaftServerConfigKeys (ConfUtils.java:logGet(43)) - raft.server.rpc.timeout.min = 5s (custom)
2019-10-29 16:37:29,630 [pool-47-thread-1] INFO  server.RaftServerConfigKeys (ConfUtils.java:logGet(43)) - raft.server.rpc.timeout.max = 5200ms (custom)
2019-10-29 16:37:29,630 [pool-47-thread-1] INFO  server.RaftServerConfigKeys (ConfUtils.java:logGet(43)) - raft.server.rpcslowness.timeout = 120s (custom)
2019-10-29 16:37:29,631 [pool-47-thread-1] INFO  server.RaftServerConfigKeys (ConfUtils.java:logGet(43)) - raft.server.sleep.deviation.threshold = 300 (default)
2019-10-29 16:37:29,631 [pool-47-thread-1] INFO  server.RaftServerConfigKeys (ConfUtils.java:logGet(43)) - raft.server.log.appender.install.snapshot.enabled = false (custom)
2019-10-29 16:37:29,631 [pool-47-thread-1] INFO  impl.RaftServerImpl (ServerState.java:<init>(103)) - d7cf113e-c8f7-43a7-a422-e2500e59f276@group-92CE6B51814D: ConfigurationManager, init=-1: [d7cf113e-c8f7-43a7-a422-e2500e59f276:192.168.164.217:43341], old=null, confs=<EMPTY_MAP>
2019-10-29 16:37:29,631 [pool-47-thread-1] INFO  server.RaftServerConfigKeys (ConfUtils.java:logGet(43)) - raft.server.storage.dir = [/workdir/hadoop-ozone/integration-test/target/test-dir/MiniOzoneClusterImpl-d556c113-5d1c-4045-92e1-df11e6e07413/datanode-2/data/ratis] (custom)
2019-10-29 16:37:29,631 [pool-47-thread-1] INFO  server.RaftServerConfigKeys (ConfUtils.java:logGet(43)) - raft.server.log.corruption.policy = EXCEPTION (default)
2019-10-29 16:37:29,632 [pool-47-thread-1] INFO  storage.RaftStorageDirectory (RaftStorageDirectory.java:analyzeStorage(246)) - The storage directory /workdir/hadoop-ozone/integration-test/target/test-dir/MiniOzoneClusterImpl-d556c113-5d1c-4045-92e1-df11e6e07413/datanode-2/data/ratis/6152416c-1f84-4b35-b369-92ce6b51814d does not exist. Creating ...
2019-10-29 16:37:29,644 [pool-47-thread-1] INFO  storage.RaftStorageDirectory (RaftStorageDirectory.java:tryLock(328)) - Lock on /workdir/hadoop-ozone/integration-test/target/test-dir/MiniOzoneClusterImpl-d556c113-5d1c-4045-92e1-df11e6e07413/datanode-2/data/ratis/6152416c-1f84-4b35-b369-92ce6b51814d/in_use.lock acquired by nodename 19005@pr-hdds-2034-76npd-2451761435
2019-10-29 16:37:29,645 [pool-37-thread-1] INFO  server.RaftServerConfigKeys (ConfUtils.java:logGet(43)) - raft.server.log.statemachine.data.caching.enabled = true (custom)
2019-10-29 16:37:29,645 [pool-27-thread-1] INFO  server.RaftServerConfigKeys (ConfUtils.java:logGet(43)) - raft.server.log.statemachine.data.caching.enabled = true (custom)
2019-10-29 16:37:29,653 [pool-27-thread-1] INFO  segmented.SegmentedRaftLogWorker (SegmentedRaftLogWorker.java:lambda$new$0(128)) - 401d187c-767f-4491-93ca-fa1e80ca4a34@group-868D7A62957F-SegmentedRaftLogWorker: flushIndex: setUnconditionally 0 -> -1
2019-10-29 16:37:29,654 [pool-37-thread-1] INFO  segmented.SegmentedRaftLogWorker (SegmentedRaftLogWorker.java:lambda$new$0(128)) - 8703d4be-29d1-413c-a948-4626c5ffd2ef@group-074FE1EB405B-SegmentedRaftLogWorker: flushIndex: setUnconditionally 0 -> -1
2019-10-29 16:37:29,657 [pool-47-thread-1] INFO  storage.RaftStorage (RaftStorage.java:format(84)) - Storage directory /workdir/hadoop-ozone/integration-test/target/test-dir/MiniOzoneClusterImpl-d556c113-5d1c-4045-92e1-df11e6e07413/datanode-2/data/ratis/6152416c-1f84-4b35-b369-92ce6b51814d has been successfully formatted.
2019-10-29 16:37:29,657 [pool-47-thread-1] INFO  ratis.ContainerStateMachine (ContainerStateMachine.java:loadSnapshot(231)) - group-92CE6B51814D: The snapshot info is null. Setting the last applied indexto:(t:0, i:~)
2019-10-29 16:37:29,657 [pool-47-thread-1] INFO  server.RaftServerConfigKeys (ConfUtils.java:logGet(43)) - raft.server.notification.no-leader.timeout = 120s (custom)
2019-10-29 16:37:29,657 [pool-47-thread-1] INFO  server.RaftServerConfigKeys (ConfUtils.java:logGet(43)) - raft.server.log.use.memory = false (default)
2019-10-29 16:37:29,658 [pool-47-thread-1] INFO  server.RaftServerConfigKeys (ConfUtils.java:logGet(43)) - raft.server.log.purge.gap = 1000000 (custom)
2019-10-29 16:37:29,658 [pool-47-thread-1] INFO  server.RaftServerConfigKeys (ConfUtils.java:logGet(43)) - raft.server.log.appender.buffer.byte-limit = 33554432 (custom)
2019-10-29 16:37:29,658 [pool-47-thread-1] INFO  server.RaftServerConfigKeys (ConfUtils.java:logGet(43)) - raft.server.log.segment.size.max = 1048576 (custom)
2019-10-29 16:37:29,658 [pool-47-thread-1] WARN  impl.MetricRegistriesImpl (MetricRegistriesImpl.java:lambda$create$1(61)) - First MetricRegistry has been created without registering reporters. You may need to call MetricRegistries.global().addReportRegistration(...) before.
2019-10-29 16:37:29,658 [pool-47-thread-1] INFO  server.RaftServerConfigKeys (ConfUtils.java:logGet(43)) - raft.server.log.segment.cache.num.max = 2 (custom)
2019-10-29 16:37:29,658 [pool-47-thread-1] INFO  segmented.SegmentedRaftLogWorker (SegmentedRaftLogWorker.java:<init>(173)) - new d7cf113e-c8f7-43a7-a422-e2500e59f276@group-92CE6B51814D-SegmentedRaftLogWorker for RaftStorage:Storage Directory /workdir/hadoop-ozone/integration-test/target/test-dir/MiniOzoneClusterImpl-d556c113-5d1c-4045-92e1-df11e6e07413/datanode-2/data/ratis/6152416c-1f84-4b35-b369-92ce6b51814d
2019-10-29 16:37:29,658 [pool-47-thread-1] INFO  server.RaftServerConfigKeys (ConfUtils.java:logGet(43)) - raft.server.log.queue.byte-limit = 2147483647 (custom)
2019-10-29 16:37:29,659 [pool-47-thread-1] INFO  server.RaftServerConfigKeys (ConfUtils.java:logGet(43)) - raft.server.log.queue.element-limit = 1024 (custom)
2019-10-29 16:37:29,659 [pool-47-thread-1] INFO  server.RaftServerConfigKeys (ConfUtils.java:logGet(43)) - raft.server.log.segment.size.max = 1048576 (custom)
2019-10-29 16:37:29,659 [pool-47-thread-1] INFO  server.RaftServerConfigKeys (ConfUtils.java:logGet(43)) - raft.server.log.preallocated.size = 16384 (custom)
2019-10-29 16:37:29,659 [pool-47-thread-1] INFO  server.RaftServerConfigKeys (ConfUtils.java:logGet(43)) - raft.server.log.write.buffer.size = 33554432 (custom)
2019-10-29 16:37:29,659 [pool-47-thread-1] INFO  server.RaftServerConfigKeys (ConfUtils.java:logGet(43)) - raft.server.log.force.sync.num = 128 (default)
2019-10-29 16:37:29,659 [pool-47-thread-1] INFO  server.RaftServerConfigKeys (ConfUtils.java:logGet(43)) - raft.server.log.statemachine.data.sync = true (default)
2019-10-29 16:37:29,659 [pool-27-thread-1] INFO  server.RaftServerConfigKeys (ConfUtils.java:logGet(43)) - raft.server.snapshot.auto.trigger.enabled = true (custom)
2019-10-29 16:37:29,659 [pool-47-thread-1] INFO  server.RaftServerConfigKeys (ConfUtils.java:logGet(43)) - raft.server.log.statemachine.data.sync.timeout = 10s (default)
2019-10-29 16:37:29,660 [pool-37-thread-1] INFO  server.RaftServerConfigKeys (ConfUtils.java:logGet(43)) - raft.server.snapshot.auto.trigger.enabled = true (custom)
2019-10-29 16:37:29,660 [pool-47-thread-1] INFO  server.RaftServerConfigKeys (ConfUtils.java:logGet(43)) - raft.server.log.statemachine.data.sync.timeout.retry = -1 (default)
2019-10-29 16:37:29,660 [pool-47-thread-1] INFO  server.RaftServerConfigKeys (ConfUtils.java:logGet(43)) - raft.server.log.statemachine.data.caching.enabled = true (custom)
2019-10-29 16:37:29,661 [pool-47-thread-1] INFO  segmented.SegmentedRaftLogWorker (SegmentedRaftLogWorker.java:lambda$new$0(128)) - d7cf113e-c8f7-43a7-a422-e2500e59f276@group-92CE6B51814D-SegmentedRaftLogWorker: flushIndex: setUnconditionally 0 -> -1
2019-10-29 16:37:29,661 [pool-27-thread-1] INFO  server.RaftServerConfigKeys (ConfUtils.java:logGet(43)) - raft.server.snapshot.auto.trigger.threshold = 1 (custom)
2019-10-29 16:37:29,661 [pool-47-thread-1] INFO  server.RaftServerConfigKeys (ConfUtils.java:logGet(43)) - raft.server.snapshot.auto.trigger.enabled = true (custom)
2019-10-29 16:37:29,662 [pool-37-thread-1] INFO  server.RaftServerConfigKeys (ConfUtils.java:logGet(43)) - raft.server.snapshot.auto.trigger.threshold = 1 (custom)
2019-10-29 16:37:29,662 [pool-47-thread-1] INFO  server.RaftServerConfigKeys (ConfUtils.java:logGet(43)) - raft.server.snapshot.auto.trigger.threshold = 1 (custom)
2019-10-29 16:37:29,662 [pool-27-thread-1] INFO  server.RaftServerConfigKeys (ConfUtils.java:logGet(43)) - raft.server.snapshot.retention.file.num = 5 (custom)
2019-10-29 16:37:29,662 [pool-47-thread-1] INFO  server.RaftServerConfigKeys (ConfUtils.java:logGet(43)) - raft.server.snapshot.retention.file.num = 5 (custom)
2019-10-29 16:37:29,662 [pool-37-thread-1] INFO  server.RaftServerConfigKeys (ConfUtils.java:logGet(43)) - raft.server.snapshot.retention.file.num = 5 (custom)
2019-10-29 16:37:29,663 [pool-47-thread-1] INFO  server.RaftServerConfigKeys (ConfUtils.java:logGet(43)) - raft.server.retrycache.expirytime = 600000ms (custom)
2019-10-29 16:37:29,663 [pool-27-thread-1] INFO  server.RaftServerConfigKeys (ConfUtils.java:logGet(43)) - raft.server.retrycache.expirytime = 600000ms (custom)
2019-10-29 16:37:29,663 [pool-37-thread-1] INFO  server.RaftServerConfigKeys (ConfUtils.java:logGet(43)) - raft.server.retrycache.expirytime = 600000ms (custom)
2019-10-29 16:37:29,683 [pool-47-thread-1] WARN  impl.MetricRegistriesImpl (MetricRegistriesImpl.java:lambda$create$1(61)) - First MetricRegistry has been created without registering reporters. You may need to call MetricRegistries.global().addReportRegistration(...) before.
2019-10-29 16:37:29,683 [pool-37-thread-1] WARN  impl.MetricRegistriesImpl (MetricRegistriesImpl.java:lambda$create$1(61)) - First MetricRegistry has been created without registering reporters. You may need to call MetricRegistries.global().addReportRegistration(...) before.
2019-10-29 16:37:29,683 [pool-27-thread-1] WARN  impl.MetricRegistriesImpl (MetricRegistriesImpl.java:lambda$create$1(61)) - First MetricRegistry has been created without registering reporters. You may need to call MetricRegistries.global().addReportRegistration(...) before.
2019-10-29 16:37:29,685 [pool-47-thread-1] WARN  impl.MetricRegistriesImpl (MetricRegistriesImpl.java:lambda$create$1(61)) - First MetricRegistry has been created without registering reporters. You may need to call MetricRegistries.global().addReportRegistration(...) before.
2019-10-29 16:37:29,685 [pool-37-thread-1] WARN  impl.MetricRegistriesImpl (MetricRegistriesImpl.java:lambda$create$1(61)) - First MetricRegistry has been created without registering reporters. You may need to call MetricRegistries.global().addReportRegistration(...) before.
2019-10-29 16:37:29,685 [pool-27-thread-1] WARN  impl.MetricRegistriesImpl (MetricRegistriesImpl.java:lambda$create$1(61)) - First MetricRegistry has been created without registering reporters. You may need to call MetricRegistries.global().addReportRegistration(...) before.
2019-10-29 16:37:29,687 [pool-47-thread-1] INFO  impl.RaftServerImpl (RaftServerImpl.java:start(184)) - d7cf113e-c8f7-43a7-a422-e2500e59f276@group-92CE6B51814D: start as a follower, conf=-1: [d7cf113e-c8f7-43a7-a422-e2500e59f276:192.168.164.217:43341], old=null
2019-10-29 16:37:29,687 [pool-27-thread-1] INFO  impl.RaftServerImpl (RaftServerImpl.java:start(184)) - 401d187c-767f-4491-93ca-fa1e80ca4a34@group-868D7A62957F: start as a follower, conf=-1: [401d187c-767f-4491-93ca-fa1e80ca4a34:192.168.164.217:39932], old=null
2019-10-29 16:37:29,687 [pool-37-thread-1] INFO  impl.RaftServerImpl (RaftServerImpl.java:start(184)) - 8703d4be-29d1-413c-a948-4626c5ffd2ef@group-074FE1EB405B: start as a follower, conf=-1: [8703d4be-29d1-413c-a948-4626c5ffd2ef:192.168.164.217:44000], old=null
2019-10-29 16:37:29,689 [pool-47-thread-1] INFO  impl.RaftServerImpl (RaftServerImpl.java:setRole(173)) - d7cf113e-c8f7-43a7-a422-e2500e59f276@group-92CE6B51814D: changes role from      null to FOLLOWER at term 0 for startAsFollower
2019-10-29 16:37:29,689 [pool-37-thread-1] INFO  impl.RaftServerImpl (RaftServerImpl.java:setRole(173)) - 8703d4be-29d1-413c-a948-4626c5ffd2ef@group-074FE1EB405B: changes role from      null to FOLLOWER at term 0 for startAsFollower
2019-10-29 16:37:29,689 [pool-27-thread-1] INFO  impl.RaftServerImpl (RaftServerImpl.java:setRole(173)) - 401d187c-767f-4491-93ca-fa1e80ca4a34@group-868D7A62957F: changes role from      null to FOLLOWER at term 0 for startAsFollower
2019-10-29 16:37:29,690 [pool-47-thread-1] INFO  impl.RoleInfo (RoleInfo.java:updateAndGet(143)) - d7cf113e-c8f7-43a7-a422-e2500e59f276: start FollowerState
2019-10-29 16:37:29,690 [pool-27-thread-1] INFO  impl.RoleInfo (RoleInfo.java:updateAndGet(143)) - 401d187c-767f-4491-93ca-fa1e80ca4a34: start FollowerState
2019-10-29 16:37:29,690 [pool-37-thread-1] INFO  impl.RoleInfo (RoleInfo.java:updateAndGet(143)) - 8703d4be-29d1-413c-a948-4626c5ffd2ef: start FollowerState
2019-10-29 16:37:29,693 [pool-47-thread-1] INFO  util.JmxRegister (JmxRegister.java:tryRegister(44)) - Successfully registered JMX Bean with object name Ratis:service=RaftServer,group=group-92CE6B51814D,id=d7cf113e-c8f7-43a7-a422-e2500e59f276
2019-10-29 16:37:29,693 [pool-37-thread-1] INFO  util.JmxRegister (JmxRegister.java:tryRegister(44)) - Successfully registered JMX Bean with object name Ratis:service=RaftServer,group=group-074FE1EB405B,id=8703d4be-29d1-413c-a948-4626c5ffd2ef
2019-10-29 16:37:29,693 [pool-27-thread-1] INFO  util.JmxRegister (JmxRegister.java:tryRegister(44)) - Successfully registered JMX Bean with object name Ratis:service=RaftServer,group=group-868D7A62957F,id=401d187c-767f-4491-93ca-fa1e80ca4a34
2019-10-29 16:37:29,695 [pool-47-thread-1] WARN  impl.MetricRegistriesImpl (MetricRegistriesImpl.java:lambda$create$1(61)) - First MetricRegistry has been created without registering reporters. You may need to call MetricRegistries.global().addReportRegistration(...) before.
2019-10-29 16:37:29,695 [pool-27-thread-1] WARN  impl.MetricRegistriesImpl (MetricRegistriesImpl.java:lambda$create$1(61)) - First MetricRegistry has been created without registering reporters. You may need to call MetricRegistries.global().addReportRegistration(...) before.
2019-10-29 16:37:29,695 [pool-37-thread-1] WARN  impl.MetricRegistriesImpl (MetricRegistriesImpl.java:lambda$create$1(61)) - First MetricRegistry has been created without registering reporters. You may need to call MetricRegistries.global().addReportRegistration(...) before.
2019-10-29 16:37:29,707 [Command processor thread] INFO  commandhandler.CreatePipelineCommandHandler (CreatePipelineCommandHandler.java:handle(86)) - Create Pipeline RATIS ONE #id: "f0a65081-e5ed-4330-aa5b-074fe1eb405b"
 command succeed on datanode 8703d4be-29d1-413c-a948-4626c5ffd2ef.
2019-10-29 16:37:29,707 [Command processor thread] INFO  commandhandler.CreatePipelineCommandHandler (CreatePipelineCommandHandler.java:handle(86)) - Create Pipeline RATIS ONE #id: "6152416c-1f84-4b35-b369-92ce6b51814d"
 command succeed on datanode d7cf113e-c8f7-43a7-a422-e2500e59f276.
2019-10-29 16:37:29,707 [Command processor thread] INFO  commandhandler.CreatePipelineCommandHandler (CreatePipelineCommandHandler.java:handle(86)) - Create Pipeline RATIS ONE #id: "111c79c5-61ae-4478-a226-868d7a62957f"
 command succeed on datanode 401d187c-767f-4491-93ca-fa1e80ca4a34.
2019-10-29 16:37:29,713 [Command processor thread] INFO  impl.RaftServerProxy (RaftServerProxy.java:addNew(89)) - 8703d4be-29d1-413c-a948-4626c5ffd2ef: addNew group-993C6C1163B1:[401d187c-767f-4491-93ca-fa1e80ca4a34:192.168.164.217:39932, d7cf113e-c8f7-43a7-a422-e2500e59f276:192.168.164.217:43341, 8703d4be-29d1-413c-a948-4626c5ffd2ef:192.168.164.217:44000] returns group-993C6C1163B1:java.util.concurrent.CompletableFuture@13377b2b[Not completed]
2019-10-29 16:37:29,713 [Command processor thread] INFO  impl.RaftServerProxy (RaftServerProxy.java:addNew(89)) - d7cf113e-c8f7-43a7-a422-e2500e59f276: addNew group-993C6C1163B1:[401d187c-767f-4491-93ca-fa1e80ca4a34:192.168.164.217:39932, d7cf113e-c8f7-43a7-a422-e2500e59f276:192.168.164.217:43341, 8703d4be-29d1-413c-a948-4626c5ffd2ef:192.168.164.217:44000] returns group-993C6C1163B1:java.util.concurrent.CompletableFuture@2e942c79[Not completed]
2019-10-29 16:37:29,713 [Command processor thread] INFO  impl.RaftServerProxy (RaftServerProxy.java:addNew(89)) - 401d187c-767f-4491-93ca-fa1e80ca4a34: addNew group-993C6C1163B1:[401d187c-767f-4491-93ca-fa1e80ca4a34:192.168.164.217:39932, d7cf113e-c8f7-43a7-a422-e2500e59f276:192.168.164.217:43341, 8703d4be-29d1-413c-a948-4626c5ffd2ef:192.168.164.217:44000] returns group-993C6C1163B1:java.util.concurrent.CompletableFuture@4d3ebefa[Not completed]
2019-10-29 16:37:29,716 [pool-47-thread-1] INFO  impl.RaftServerImpl (RaftServerImpl.java:<init>(98)) - d7cf113e-c8f7-43a7-a422-e2500e59f276: new RaftServerImpl for group-993C6C1163B1:[401d187c-767f-4491-93ca-fa1e80ca4a34:192.168.164.217:39932, d7cf113e-c8f7-43a7-a422-e2500e59f276:192.168.164.217:43341, 8703d4be-29d1-413c-a948-4626c5ffd2ef:192.168.164.217:44000] with ContainerStateMachine:uninitialized
2019-10-29 16:37:29,717 [pool-47-thread-1] INFO  server.RaftServerConfigKeys (ConfUtils.java:logGet(43)) - raft.server.rpc.timeout.min = 5s (custom)
2019-10-29 16:37:29,717 [pool-47-thread-1] INFO  server.RaftServerConfigKeys (ConfUtils.java:logGet(43)) - raft.server.rpc.timeout.max = 5200ms (custom)
2019-10-29 16:37:29,717 [pool-47-thread-1] INFO  server.RaftServerConfigKeys (ConfUtils.java:logGet(43)) - raft.server.rpcslowness.timeout = 120s (custom)
2019-10-29 16:37:29,717 [pool-47-thread-1] INFO  server.RaftServerConfigKeys (ConfUtils.java:logGet(43)) - raft.server.sleep.deviation.threshold = 300 (default)
2019-10-29 16:37:29,717 [EventQueue-PipelineReportForPipelineReportHandler] INFO  pipeline.PipelineReportHandler (PipelineReportHandler.java:processPipelineReport(104)) - Pipeline ONE PipelineID=111c79c5-61ae-4478-a226-868d7a62957f reported by 401d187c-767f-4491-93ca-fa1e80ca4a34{ip: 192.168.164.217, host: pr-hdds-2034-76npd-2451761435, networkLocation: /default-rack, certSerialId: null}
2019-10-29 16:37:29,717 [pool-47-thread-1] INFO  server.RaftServerConfigKeys (ConfUtils.java:logGet(43)) - raft.server.log.appender.install.snapshot.enabled = false (custom)
2019-10-29 16:37:29,717 [pool-47-thread-1] INFO  impl.RaftServerImpl (ServerState.java:<init>(103)) - d7cf113e-c8f7-43a7-a422-e2500e59f276@group-993C6C1163B1: ConfigurationManager, init=-1: [401d187c-767f-4491-93ca-fa1e80ca4a34:192.168.164.217:39932, d7cf113e-c8f7-43a7-a422-e2500e59f276:192.168.164.217:43341, 8703d4be-29d1-413c-a948-4626c5ffd2ef:192.168.164.217:44000], old=null, confs=<EMPTY_MAP>
2019-10-29 16:37:29,717 [pool-27-thread-1] INFO  impl.RaftServerImpl (RaftServerImpl.java:<init>(98)) - 401d187c-767f-4491-93ca-fa1e80ca4a34: new RaftServerImpl for group-993C6C1163B1:[401d187c-767f-4491-93ca-fa1e80ca4a34:192.168.164.217:39932, d7cf113e-c8f7-43a7-a422-e2500e59f276:192.168.164.217:43341, 8703d4be-29d1-413c-a948-4626c5ffd2ef:192.168.164.217:44000] with ContainerStateMachine:uninitialized
2019-10-29 16:37:29,717 [pool-47-thread-1] INFO  server.RaftServerConfigKeys (ConfUtils.java:logGet(43)) - raft.server.storage.dir = [/workdir/hadoop-ozone/integration-test/target/test-dir/MiniOzoneClusterImpl-d556c113-5d1c-4045-92e1-df11e6e07413/datanode-2/data/ratis] (custom)
2019-10-29 16:37:29,718 [pool-27-thread-1] INFO  server.RaftServerConfigKeys (ConfUtils.java:logGet(43)) - raft.server.rpc.timeout.min = 5s (custom)
2019-10-29 16:37:29,718 [pool-27-thread-1] INFO  server.RaftServerConfigKeys (ConfUtils.java:logGet(43)) - raft.server.rpc.timeout.max = 5200ms (custom)
2019-10-29 16:37:29,718 [pool-47-thread-1] INFO  server.RaftServerConfigKeys (ConfUtils.java:logGet(43)) - raft.server.log.corruption.policy = EXCEPTION (default)
2019-10-29 16:37:29,718 [pool-27-thread-1] INFO  server.RaftServerConfigKeys (ConfUtils.java:logGet(43)) - raft.server.rpcslowness.timeout = 120s (custom)
2019-10-29 16:37:29,718 [pool-47-thread-1] INFO  storage.RaftStorageDirectory (RaftStorageDirectory.java:analyzeStorage(246)) - The storage directory /workdir/hadoop-ozone/integration-test/target/test-dir/MiniOzoneClusterImpl-d556c113-5d1c-4045-92e1-df11e6e07413/datanode-2/data/ratis/1db9e29b-1ebb-4ab7-b4af-993c6c1163b1 does not exist. Creating ...
2019-10-29 16:37:29,718 [EventQueue-PipelineReportForPipelineReportHandler] INFO  pipeline.PipelineStateManager (PipelineStateManager.java:openPipeline(134)) - Pipeline Pipeline[ Id: 111c79c5-61ae-4478-a226-868d7a62957f, Nodes: 401d187c-767f-4491-93ca-fa1e80ca4a34{ip: 192.168.164.217, host: pr-hdds-2034-76npd-2451761435, networkLocation: /default-rack, certSerialId: null}, Type:RATIS, Factor:ONE, State:ALLOCATED] moved to OPEN state
2019-10-29 16:37:29,718 [pool-27-thread-1] INFO  server.RaftServerConfigKeys (ConfUtils.java:logGet(43)) - raft.server.sleep.deviation.threshold = 300 (default)
2019-10-29 16:37:29,719 [pool-27-thread-1] INFO  server.RaftServerConfigKeys (ConfUtils.java:logGet(43)) - raft.server.log.appender.install.snapshot.enabled = false (custom)
2019-10-29 16:37:29,719 [pool-37-thread-1] INFO  impl.RaftServerImpl (RaftServerImpl.java:<init>(98)) - 8703d4be-29d1-413c-a948-4626c5ffd2ef: new RaftServerImpl for group-993C6C1163B1:[401d187c-767f-4491-93ca-fa1e80ca4a34:192.168.164.217:39932, d7cf113e-c8f7-43a7-a422-e2500e59f276:192.168.164.217:43341, 8703d4be-29d1-413c-a948-4626c5ffd2ef:192.168.164.217:44000] with ContainerStateMachine:uninitialized
2019-10-29 16:37:29,719 [pool-27-thread-1] INFO  impl.RaftServerImpl (ServerState.java:<init>(103)) - 401d187c-767f-4491-93ca-fa1e80ca4a34@group-993C6C1163B1: ConfigurationManager, init=-1: [401d187c-767f-4491-93ca-fa1e80ca4a34:192.168.164.217:39932, d7cf113e-c8f7-43a7-a422-e2500e59f276:192.168.164.217:43341, 8703d4be-29d1-413c-a948-4626c5ffd2ef:192.168.164.217:44000], old=null, confs=<EMPTY_MAP>
2019-10-29 16:37:29,719 [pool-37-thread-1] INFO  server.RaftServerConfigKeys (ConfUtils.java:logGet(43)) - raft.server.rpc.timeout.min = 5s (custom)
2019-10-29 16:37:29,719 [pool-27-thread-1] INFO  server.RaftServerConfigKeys (ConfUtils.java:logGet(43)) - raft.server.storage.dir = [/workdir/hadoop-ozone/integration-test/target/test-dir/MiniOzoneClusterImpl-d556c113-5d1c-4045-92e1-df11e6e07413/datanode-0/data/ratis] (custom)
2019-10-29 16:37:29,719 [pool-37-thread-1] INFO  server.RaftServerConfigKeys (ConfUtils.java:logGet(43)) - raft.server.rpc.timeout.max = 5200ms (custom)
2019-10-29 16:37:29,719 [pool-27-thread-1] INFO  server.RaftServerConfigKeys (ConfUtils.java:logGet(43)) - raft.server.log.corruption.policy = EXCEPTION (default)
2019-10-29 16:37:29,720 [pool-37-thread-1] INFO  server.RaftServerConfigKeys (ConfUtils.java:logGet(43)) - raft.server.rpcslowness.timeout = 120s (custom)
2019-10-29 16:37:29,720 [pool-27-thread-1] INFO  storage.RaftStorageDirectory (RaftStorageDirectory.java:analyzeStorage(246)) - The storage directory /workdir/hadoop-ozone/integration-test/target/test-dir/MiniOzoneClusterImpl-d556c113-5d1c-4045-92e1-df11e6e07413/datanode-0/data/ratis/1db9e29b-1ebb-4ab7-b4af-993c6c1163b1 does not exist. Creating ...
2019-10-29 16:37:29,721 [pool-37-thread-1] INFO  server.RaftServerConfigKeys (ConfUtils.java:logGet(43)) - raft.server.sleep.deviation.threshold = 300 (default)
2019-10-29 16:37:29,721 [EventQueue-OpenPipelineForOneReplicaPipelineSafeModeRule] INFO  safemode.SCMSafeModeManager (SCMSafeModeManager.java:validateSafeModeExitRules(176)) - AtleastOneDatanodeReportedRule rule is successfully validated
2019-10-29 16:37:29,721 [EventQueue-PipelineReportForPipelineReportHandler] INFO  pipeline.PipelineReportHandler (PipelineReportHandler.java:processPipelineReport(104)) - Pipeline ONE PipelineID=6152416c-1f84-4b35-b369-92ce6b51814d reported by d7cf113e-c8f7-43a7-a422-e2500e59f276{ip: 192.168.164.217, host: pr-hdds-2034-76npd-2451761435, networkLocation: /default-rack, certSerialId: null}
2019-10-29 16:37:29,721 [pool-37-thread-1] INFO  server.RaftServerConfigKeys (ConfUtils.java:logGet(43)) - raft.server.log.appender.install.snapshot.enabled = false (custom)
2019-10-29 16:37:29,721 [EventQueue-PipelineReportForPipelineReportHandler] INFO  pipeline.PipelineStateManager (PipelineStateManager.java:openPipeline(134)) - Pipeline Pipeline[ Id: 6152416c-1f84-4b35-b369-92ce6b51814d, Nodes: d7cf113e-c8f7-43a7-a422-e2500e59f276{ip: 192.168.164.217, host: pr-hdds-2034-76npd-2451761435, networkLocation: /default-rack, certSerialId: null}, Type:RATIS, Factor:ONE, State:ALLOCATED] moved to OPEN state
2019-10-29 16:37:29,721 [EventQueue-OpenPipelineForHealthyPipelineSafeModeRule] INFO  safemode.SCMSafeModeManager (HealthyPipelineSafeModeRule.java:process(125)) - SCM in safe mode. Healthy pipelines reported count is 0, required healthy pipeline reported count is 1
2019-10-29 16:37:29,721 [pool-37-thread-1] INFO  impl.RaftServerImpl (ServerState.java:<init>(103)) - 8703d4be-29d1-413c-a948-4626c5ffd2ef@group-993C6C1163B1: ConfigurationManager, init=-1: [401d187c-767f-4491-93ca-fa1e80ca4a34:192.168.164.217:39932, d7cf113e-c8f7-43a7-a422-e2500e59f276:192.168.164.217:43341, 8703d4be-29d1-413c-a948-4626c5ffd2ef:192.168.164.217:44000], old=null, confs=<EMPTY_MAP>
2019-10-29 16:37:29,722 [EventQueue-PipelineReportForPipelineReportHandler] INFO  pipeline.PipelineReportHandler (PipelineReportHandler.java:processPipelineReport(104)) - Pipeline ONE PipelineID=f0a65081-e5ed-4330-aa5b-074fe1eb405b reported by 8703d4be-29d1-413c-a948-4626c5ffd2ef{ip: 192.168.164.217, host: pr-hdds-2034-76npd-2451761435, networkLocation: /default-rack, certSerialId: null}
2019-10-29 16:37:29,722 [EventQueue-OpenPipelineForOneReplicaPipelineSafeModeRule] INFO  safemode.SCMSafeModeManager (SCMSafeModeManager.java:validateSafeModeExitRules(176)) - AtleastOneDatanodeReportedRule rule is successfully validated
2019-10-29 16:37:29,722 [EventQueue-OpenPipelineForHealthyPipelineSafeModeRule] INFO  safemode.SCMSafeModeManager (HealthyPipelineSafeModeRule.java:process(125)) - SCM in safe mode. Healthy pipelines reported count is 0, required healthy pipeline reported count is 1
2019-10-29 16:37:29,722 [EventQueue-PipelineReportForPipelineReportHandler] INFO  pipeline.PipelineStateManager (PipelineStateManager.java:openPipeline(134)) - Pipeline Pipeline[ Id: f0a65081-e5ed-4330-aa5b-074fe1eb405b, Nodes: 8703d4be-29d1-413c-a948-4626c5ffd2ef{ip: 192.168.164.217, host: pr-hdds-2034-76npd-2451761435, networkLocation: /default-rack, certSerialId: null}, Type:RATIS, Factor:ONE, State:ALLOCATED] moved to OPEN state
2019-10-29 16:37:29,722 [pool-37-thread-1] INFO  server.RaftServerConfigKeys (ConfUtils.java:logGet(43)) - raft.server.storage.dir = [/workdir/hadoop-ozone/integration-test/target/test-dir/MiniOzoneClusterImpl-d556c113-5d1c-4045-92e1-df11e6e07413/datanode-1/data/ratis] (custom)
2019-10-29 16:37:29,723 [EventQueue-OpenPipelineForOneReplicaPipelineSafeModeRule] INFO  safemode.SCMSafeModeManager (SCMSafeModeManager.java:validateSafeModeExitRules(176)) - AtleastOneDatanodeReportedRule rule is successfully validated
2019-10-29 16:37:29,723 [EventQueue-OpenPipelineForHealthyPipelineSafeModeRule] INFO  safemode.SCMSafeModeManager (HealthyPipelineSafeModeRule.java:process(125)) - SCM in safe mode. Healthy pipelines reported count is 0, required healthy pipeline reported count is 1
2019-10-29 16:37:29,723 [pool-37-thread-1] INFO  server.RaftServerConfigKeys (ConfUtils.java:logGet(43)) - raft.server.log.corruption.policy = EXCEPTION (default)
2019-10-29 16:37:29,723 [pool-37-thread-1] INFO  storage.RaftStorageDirectory (RaftStorageDirectory.java:analyzeStorage(246)) - The storage directory /workdir/hadoop-ozone/integration-test/target/test-dir/MiniOzoneClusterImpl-d556c113-5d1c-4045-92e1-df11e6e07413/datanode-1/data/ratis/1db9e29b-1ebb-4ab7-b4af-993c6c1163b1 does not exist. Creating ...
2019-10-29 16:37:29,743 [pool-47-thread-1] INFO  storage.RaftStorageDirectory (RaftStorageDirectory.java:tryLock(328)) - Lock on /workdir/hadoop-ozone/integration-test/target/test-dir/MiniOzoneClusterImpl-d556c113-5d1c-4045-92e1-df11e6e07413/datanode-2/data/ratis/1db9e29b-1ebb-4ab7-b4af-993c6c1163b1/in_use.lock acquired by nodename 19005@pr-hdds-2034-76npd-2451761435
2019-10-29 16:37:29,743 [pool-37-thread-1] INFO  storage.RaftStorageDirectory (RaftStorageDirectory.java:tryLock(328)) - Lock on /workdir/hadoop-ozone/integration-test/target/test-dir/MiniOzoneClusterImpl-d556c113-5d1c-4045-92e1-df11e6e07413/datanode-1/data/ratis/1db9e29b-1ebb-4ab7-b4af-993c6c1163b1/in_use.lock acquired by nodename 19005@pr-hdds-2034-76npd-2451761435
2019-10-29 16:37:29,743 [pool-27-thread-1] INFO  storage.RaftStorageDirectory (RaftStorageDirectory.java:tryLock(328)) - Lock on /workdir/hadoop-ozone/integration-test/target/test-dir/MiniOzoneClusterImpl-d556c113-5d1c-4045-92e1-df11e6e07413/datanode-0/data/ratis/1db9e29b-1ebb-4ab7-b4af-993c6c1163b1/in_use.lock acquired by nodename 19005@pr-hdds-2034-76npd-2451761435
2019-10-29 16:37:29,748 [pool-47-thread-1] INFO  storage.RaftStorage (RaftStorage.java:format(84)) - Storage directory /workdir/hadoop-ozone/integration-test/target/test-dir/MiniOzoneClusterImpl-d556c113-5d1c-4045-92e1-df11e6e07413/datanode-2/data/ratis/1db9e29b-1ebb-4ab7-b4af-993c6c1163b1 has been successfully formatted.
2019-10-29 16:37:29,748 [pool-27-thread-1] INFO  storage.RaftStorage (RaftStorage.java:format(84)) - Storage directory /workdir/hadoop-ozone/integration-test/target/test-dir/MiniOzoneClusterImpl-d556c113-5d1c-4045-92e1-df11e6e07413/datanode-0/data/ratis/1db9e29b-1ebb-4ab7-b4af-993c6c1163b1 has been successfully formatted.
2019-10-29 16:37:29,748 [pool-47-thread-1] INFO  ratis.ContainerStateMachine (ContainerStateMachine.java:loadSnapshot(231)) - group-993C6C1163B1: The snapshot info is null. Setting the last applied indexto:(t:0, i:~)
2019-10-29 16:37:29,748 [pool-37-thread-1] INFO  storage.RaftStorage (RaftStorage.java:format(84)) - Storage directory /workdir/hadoop-ozone/integration-test/target/test-dir/MiniOzoneClusterImpl-d556c113-5d1c-4045-92e1-df11e6e07413/datanode-1/data/ratis/1db9e29b-1ebb-4ab7-b4af-993c6c1163b1 has been successfully formatted.
2019-10-29 16:37:29,749 [pool-27-thread-1] INFO  ratis.ContainerStateMachine (ContainerStateMachine.java:loadSnapshot(231)) - group-993C6C1163B1: The snapshot info is null. Setting the last applied indexto:(t:0, i:~)
2019-10-29 16:37:29,749 [pool-47-thread-1] INFO  server.RaftServerConfigKeys (ConfUtils.java:logGet(43)) - raft.server.notification.no-leader.timeout = 120s (custom)
2019-10-29 16:37:29,749 [pool-27-thread-1] INFO  server.RaftServerConfigKeys (ConfUtils.java:logGet(43)) - raft.server.notification.no-leader.timeout = 120s (custom)
2019-10-29 16:37:29,749 [pool-37-thread-1] INFO  ratis.ContainerStateMachine (ContainerStateMachine.java:loadSnapshot(231)) - group-993C6C1163B1: The snapshot info is null. Setting the last applied indexto:(t:0, i:~)
2019-10-29 16:37:29,749 [pool-27-thread-1] INFO  server.RaftServerConfigKeys (ConfUtils.java:logGet(43)) - raft.server.log.use.memory = false (default)
2019-10-29 16:37:29,749 [pool-47-thread-1] INFO  server.RaftServerConfigKeys (ConfUtils.java:logGet(43)) - raft.server.log.use.memory = false (default)
2019-10-29 16:37:29,749 [pool-27-thread-1] INFO  server.RaftServerConfigKeys (ConfUtils.java:logGet(43)) - raft.server.log.purge.gap = 1000000 (custom)
2019-10-29 16:37:29,749 [pool-37-thread-1] INFO  server.RaftServerConfigKeys (ConfUtils.java:logGet(43)) - raft.server.notification.no-leader.timeout = 120s (custom)
2019-10-29 16:37:29,750 [pool-27-thread-1] INFO  server.RaftServerConfigKeys (ConfUtils.java:logGet(43)) - raft.server.log.appender.buffer.byte-limit = 33554432 (custom)
2019-10-29 16:37:29,750 [pool-47-thread-1] INFO  server.RaftServerConfigKeys (ConfUtils.java:logGet(43)) - raft.server.log.purge.gap = 1000000 (custom)
2019-10-29 16:37:29,750 [pool-27-thread-1] INFO  server.RaftServerConfigKeys (ConfUtils.java:logGet(43)) - raft.server.log.segment.size.max = 1048576 (custom)
2019-10-29 16:37:29,750 [pool-37-thread-1] INFO  server.RaftServerConfigKeys (ConfUtils.java:logGet(43)) - raft.server.log.use.memory = false (default)
2019-10-29 16:37:29,750 [pool-27-thread-1] INFO  server.RaftServerConfigKeys (ConfUtils.java:logGet(43)) - raft.server.log.segment.cache.num.max = 2 (custom)
2019-10-29 16:37:29,750 [pool-47-thread-1] INFO  server.RaftServerConfigKeys (ConfUtils.java:logGet(43)) - raft.server.log.appender.buffer.byte-limit = 33554432 (custom)
2019-10-29 16:37:29,751 [pool-27-thread-1] INFO  segmented.SegmentedRaftLogWorker (SegmentedRaftLogWorker.java:<init>(173)) - new 401d187c-767f-4491-93ca-fa1e80ca4a34@group-993C6C1163B1-SegmentedRaftLogWorker for RaftStorage:Storage Directory /workdir/hadoop-ozone/integration-test/target/test-dir/MiniOzoneClusterImpl-d556c113-5d1c-4045-92e1-df11e6e07413/datanode-0/data/ratis/1db9e29b-1ebb-4ab7-b4af-993c6c1163b1
2019-10-29 16:37:29,750 [pool-37-thread-1] INFO  server.RaftServerConfigKeys (ConfUtils.java:logGet(43)) - raft.server.log.purge.gap = 1000000 (custom)
2019-10-29 16:37:29,751 [pool-27-thread-1] INFO  server.RaftServerConfigKeys (ConfUtils.java:logGet(43)) - raft.server.log.queue.byte-limit = 2147483647 (custom)
2019-10-29 16:37:29,751 [pool-47-thread-1] INFO  server.RaftServerConfigKeys (ConfUtils.java:logGet(43)) - raft.server.log.segment.size.max = 1048576 (custom)
2019-10-29 16:37:29,751 [pool-27-thread-1] INFO  server.RaftServerConfigKeys (ConfUtils.java:logGet(43)) - raft.server.log.queue.element-limit = 1024 (custom)
2019-10-29 16:37:29,751 [pool-37-thread-1] INFO  server.RaftServerConfigKeys (ConfUtils.java:logGet(43)) - raft.server.log.appender.buffer.byte-limit = 33554432 (custom)
2019-10-29 16:37:29,751 [pool-27-thread-1] INFO  server.RaftServerConfigKeys (ConfUtils.java:logGet(43)) - raft.server.log.segment.size.max = 1048576 (custom)
2019-10-29 16:37:29,751 [pool-47-thread-1] INFO  server.RaftServerConfigKeys (ConfUtils.java:logGet(43)) - raft.server.log.segment.cache.num.max = 2 (custom)
2019-10-29 16:37:29,752 [pool-27-thread-1] INFO  server.RaftServerConfigKeys (ConfUtils.java:logGet(43)) - raft.server.log.preallocated.size = 16384 (custom)
2019-10-29 16:37:29,752 [pool-37-thread-1] INFO  server.RaftServerConfigKeys (ConfUtils.java:logGet(43)) - raft.server.log.segment.size.max = 1048576 (custom)
2019-10-29 16:37:29,752 [pool-27-thread-1] INFO  server.RaftServerConfigKeys (ConfUtils.java:logGet(43)) - raft.server.log.write.buffer.size = 33554432 (custom)
2019-10-29 16:37:29,752 [pool-47-thread-1] INFO  segmented.SegmentedRaftLogWorker (SegmentedRaftLogWorker.java:<init>(173)) - new d7cf113e-c8f7-43a7-a422-e2500e59f276@group-993C6C1163B1-SegmentedRaftLogWorker for RaftStorage:Storage Directory /workdir/hadoop-ozone/integration-test/target/test-dir/MiniOzoneClusterImpl-d556c113-5d1c-4045-92e1-df11e6e07413/datanode-2/data/ratis/1db9e29b-1ebb-4ab7-b4af-993c6c1163b1
2019-10-29 16:37:29,752 [pool-27-thread-1] INFO  server.RaftServerConfigKeys (ConfUtils.java:logGet(43)) - raft.server.log.force.sync.num = 128 (default)
2019-10-29 16:37:29,752 [pool-37-thread-1] INFO  server.RaftServerConfigKeys (ConfUtils.java:logGet(43)) - raft.server.log.segment.cache.num.max = 2 (custom)
2019-10-29 16:37:29,752 [pool-27-thread-1] INFO  server.RaftServerConfigKeys (ConfUtils.java:logGet(43)) - raft.server.log.statemachine.data.sync = true (default)
2019-10-29 16:37:29,752 [pool-47-thread-1] INFO  server.RaftServerConfigKeys (ConfUtils.java:logGet(43)) - raft.server.log.queue.byte-limit = 2147483647 (custom)
2019-10-29 16:37:29,753 [pool-27-thread-1] INFO  server.RaftServerConfigKeys (ConfUtils.java:logGet(43)) - raft.server.log.statemachine.data.sync.timeout = 10s (default)
2019-10-29 16:37:29,753 [pool-37-thread-1] INFO  segmented.SegmentedRaftLogWorker (SegmentedRaftLogWorker.java:<init>(173)) - new 8703d4be-29d1-413c-a948-4626c5ffd2ef@group-993C6C1163B1-SegmentedRaftLogWorker for RaftStorage:Storage Directory /workdir/hadoop-ozone/integration-test/target/test-dir/MiniOzoneClusterImpl-d556c113-5d1c-4045-92e1-df11e6e07413/datanode-1/data/ratis/1db9e29b-1ebb-4ab7-b4af-993c6c1163b1
2019-10-29 16:37:29,753 [pool-27-thread-1] INFO  server.RaftServerConfigKeys (ConfUtils.java:logGet(43)) - raft.server.log.statemachine.data.sync.timeout.retry = -1 (default)
2019-10-29 16:37:29,753 [pool-47-thread-1] INFO  server.RaftServerConfigKeys (ConfUtils.java:logGet(43)) - raft.server.log.queue.element-limit = 1024 (custom)
2019-10-29 16:37:29,753 [pool-37-thread-1] INFO  server.RaftServerConfigKeys (ConfUtils.java:logGet(43)) - raft.server.log.queue.byte-limit = 2147483647 (custom)
2019-10-29 16:37:29,753 [pool-27-thread-1] INFO  server.RaftServerConfigKeys (ConfUtils.java:logGet(43)) - raft.server.log.statemachine.data.caching.enabled = true (custom)
2019-10-29 16:37:29,753 [pool-47-thread-1] INFO  server.RaftServerConfigKeys (ConfUtils.java:logGet(43)) - raft.server.log.segment.size.max = 1048576 (custom)
2019-10-29 16:37:29,754 [pool-37-thread-1] INFO  server.RaftServerConfigKeys (ConfUtils.java:logGet(43)) - raft.server.log.queue.element-limit = 1024 (custom)
2019-10-29 16:37:29,754 [pool-47-thread-1] INFO  server.RaftServerConfigKeys (ConfUtils.java:logGet(43)) - raft.server.log.preallocated.size = 16384 (custom)
2019-10-29 16:37:29,754 [pool-37-thread-1] INFO  server.RaftServerConfigKeys (ConfUtils.java:logGet(43)) - raft.server.log.segment.size.max = 1048576 (custom)
2019-10-29 16:37:29,754 [pool-27-thread-1] INFO  segmented.SegmentedRaftLogWorker (SegmentedRaftLogWorker.java:lambda$new$0(128)) - 401d187c-767f-4491-93ca-fa1e80ca4a34@group-993C6C1163B1-SegmentedRaftLogWorker: flushIndex: setUnconditionally 0 -> -1
2019-10-29 16:37:29,754 [pool-37-thread-1] INFO  server.RaftServerConfigKeys (ConfUtils.java:logGet(43)) - raft.server.log.preallocated.size = 16384 (custom)
2019-10-29 16:37:29,754 [pool-47-thread-1] INFO  server.RaftServerConfigKeys (ConfUtils.java:logGet(43)) - raft.server.log.write.buffer.size = 33554432 (custom)
2019-10-29 16:37:29,754 [pool-37-thread-1] INFO  server.RaftServerConfigKeys (ConfUtils.java:logGet(43)) - raft.server.log.write.buffer.size = 33554432 (custom)
2019-10-29 16:37:29,755 [pool-27-thread-1] INFO  server.RaftServerConfigKeys (ConfUtils.java:logGet(43)) - raft.server.snapshot.auto.trigger.enabled = true (custom)
2019-10-29 16:37:29,755 [pool-47-thread-1] INFO  server.RaftServerConfigKeys (ConfUtils.java:logGet(43)) - raft.server.log.force.sync.num = 128 (default)
2019-10-29 16:37:29,755 [pool-37-thread-1] INFO  server.RaftServerConfigKeys (ConfUtils.java:logGet(43)) - raft.server.log.force.sync.num = 128 (default)
2019-10-29 16:37:29,755 [pool-27-thread-1] INFO  server.RaftServerConfigKeys (ConfUtils.java:logGet(43)) - raft.server.snapshot.auto.trigger.threshold = 1 (custom)
2019-10-29 16:37:29,755 [pool-47-thread-1] INFO  server.RaftServerConfigKeys (ConfUtils.java:logGet(43)) - raft.server.log.statemachine.data.sync = true (default)
2019-10-29 16:37:29,755 [pool-27-thread-1] INFO  server.RaftServerConfigKeys (ConfUtils.java:logGet(43)) - raft.server.snapshot.retention.file.num = 5 (custom)
2019-10-29 16:37:29,755 [pool-37-thread-1] INFO  server.RaftServerConfigKeys (ConfUtils.java:logGet(43)) - raft.server.log.statemachine.data.sync = true (default)
2019-10-29 16:37:29,756 [pool-27-thread-1] INFO  server.RaftServerConfigKeys (ConfUtils.java:logGet(43)) - raft.server.retrycache.expirytime = 600000ms (custom)
2019-10-29 16:37:29,755 [pool-47-thread-1] INFO  server.RaftServerConfigKeys (ConfUtils.java:logGet(43)) - raft.server.log.statemachine.data.sync.timeout = 10s (default)
2019-10-29 16:37:29,756 [pool-27-thread-1] WARN  impl.MetricRegistriesImpl (MetricRegistriesImpl.java:lambda$create$1(61)) - First MetricRegistry has been created without registering reporters. You may need to call MetricRegistries.global().addReportRegistration(...) before.
2019-10-29 16:37:29,756 [pool-37-thread-1] INFO  server.RaftServerConfigKeys (ConfUtils.java:logGet(43)) - raft.server.log.statemachine.data.sync.timeout = 10s (default)
2019-10-29 16:37:29,756 [pool-27-thread-1] WARN  impl.MetricRegistriesImpl (MetricRegistriesImpl.java:lambda$create$1(61)) - First MetricRegistry has been created without registering reporters. You may need to call MetricRegistries.global().addReportRegistration(...) before.
2019-10-29 16:37:29,756 [pool-47-thread-1] INFO  server.RaftServerConfigKeys (ConfUtils.java:logGet(43)) - raft.server.log.statemachine.data.sync.timeout.retry = -1 (default)
2019-10-29 16:37:29,756 [pool-27-thread-1] INFO  impl.RaftServerImpl (RaftServerImpl.java:start(184)) - 401d187c-767f-4491-93ca-fa1e80ca4a34@group-993C6C1163B1: start as a follower, conf=-1: [401d187c-767f-4491-93ca-fa1e80ca4a34:192.168.164.217:39932, d7cf113e-c8f7-43a7-a422-e2500e59f276:192.168.164.217:43341, 8703d4be-29d1-413c-a948-4626c5ffd2ef:192.168.164.217:44000], old=null
2019-10-29 16:37:29,756 [pool-37-thread-1] INFO  server.RaftServerConfigKeys (ConfUtils.java:logGet(43)) - raft.server.log.statemachine.data.sync.timeout.retry = -1 (default)
2019-10-29 16:37:29,757 [pool-27-thread-1] INFO  impl.RaftServerImpl (RaftServerImpl.java:setRole(173)) - 401d187c-767f-4491-93ca-fa1e80ca4a34@group-993C6C1163B1: changes role from      null to FOLLOWER at term 0 for startAsFollower
2019-10-29 16:37:29,757 [pool-37-thread-1] INFO  server.RaftServerConfigKeys (ConfUtils.java:logGet(43)) - raft.server.log.statemachine.data.caching.enabled = true (custom)
2019-10-29 16:37:29,757 [pool-47-thread-1] INFO  server.RaftServerConfigKeys (ConfUtils.java:logGet(43)) - raft.server.log.statemachine.data.caching.enabled = true (custom)
2019-10-29 16:37:29,757 [pool-27-thread-1] INFO  impl.RoleInfo (RoleInfo.java:updateAndGet(143)) - 401d187c-767f-4491-93ca-fa1e80ca4a34: start FollowerState
2019-10-29 16:37:29,757 [pool-47-thread-1] INFO  segmented.SegmentedRaftLogWorker (SegmentedRaftLogWorker.java:lambda$new$0(128)) - d7cf113e-c8f7-43a7-a422-e2500e59f276@group-993C6C1163B1-SegmentedRaftLogWorker: flushIndex: setUnconditionally 0 -> -1
2019-10-29 16:37:29,757 [pool-37-thread-1] INFO  segmented.SegmentedRaftLogWorker (SegmentedRaftLogWorker.java:lambda$new$0(128)) - 8703d4be-29d1-413c-a948-4626c5ffd2ef@group-993C6C1163B1-SegmentedRaftLogWorker: flushIndex: setUnconditionally 0 -> -1
2019-10-29 16:37:29,758 [pool-47-thread-1] INFO  server.RaftServerConfigKeys (ConfUtils.java:logGet(43)) - raft.server.snapshot.auto.trigger.enabled = true (custom)
2019-10-29 16:37:29,758 [pool-47-thread-1] INFO  server.RaftServerConfigKeys (ConfUtils.java:logGet(43)) - raft.server.snapshot.auto.trigger.threshold = 1 (custom)
2019-10-29 16:37:29,758 [pool-27-thread-1] INFO  util.JmxRegister (JmxRegister.java:tryRegister(44)) - Successfully registered JMX Bean with object name Ratis:service=RaftServer,group=group-993C6C1163B1,id=401d187c-767f-4491-93ca-fa1e80ca4a34
2019-10-29 16:37:29,758 [pool-47-thread-1] INFO  server.RaftServerConfigKeys (ConfUtils.java:logGet(43)) - raft.server.snapshot.retention.file.num = 5 (custom)
2019-10-29 16:37:29,758 [pool-37-thread-1] INFO  server.RaftServerConfigKeys (ConfUtils.java:logGet(43)) - raft.server.snapshot.auto.trigger.enabled = true (custom)
2019-10-29 16:37:29,758 [pool-47-thread-1] INFO  server.RaftServerConfigKeys (ConfUtils.java:logGet(43)) - raft.server.retrycache.expirytime = 600000ms (custom)
2019-10-29 16:37:29,758 [pool-27-thread-1] WARN  impl.MetricRegistriesImpl (MetricRegistriesImpl.java:lambda$create$1(61)) - First MetricRegistry has been created without registering reporters. You may need to call MetricRegistries.global().addReportRegistration(...) before.
2019-10-29 16:37:29,759 [pool-47-thread-1] WARN  impl.MetricRegistriesImpl (MetricRegistriesImpl.java:lambda$create$1(61)) - First MetricRegistry has been created without registering reporters. You may need to call MetricRegistries.global().addReportRegistration(...) before.
2019-10-29 16:37:29,758 [pool-37-thread-1] INFO  server.RaftServerConfigKeys (ConfUtils.java:logGet(43)) - raft.server.snapshot.auto.trigger.threshold = 1 (custom)
2019-10-29 16:37:29,759 [pool-47-thread-1] WARN  impl.MetricRegistriesImpl (MetricRegistriesImpl.java:lambda$create$1(61)) - First MetricRegistry has been created without registering reporters. You may need to call MetricRegistries.global().addReportRegistration(...) before.
2019-10-29 16:37:29,759 [pool-37-thread-1] INFO  server.RaftServerConfigKeys (ConfUtils.java:logGet(43)) - raft.server.snapshot.retention.file.num = 5 (custom)
2019-10-29 16:37:29,759 [Command processor thread] INFO  commandhandler.CreatePipelineCommandHandler (CreatePipelineCommandHandler.java:handle(86)) - Create Pipeline RATIS THREE #id: "1db9e29b-1ebb-4ab7-b4af-993c6c1163b1"
 command succeed on datanode 401d187c-767f-4491-93ca-fa1e80ca4a34.
2019-10-29 16:37:29,759 [pool-37-thread-1] INFO  server.RaftServerConfigKeys (ConfUtils.java:logGet(43)) - raft.server.retrycache.expirytime = 600000ms (custom)
2019-10-29 16:37:29,759 [pool-47-thread-1] INFO  impl.RaftServerImpl (RaftServerImpl.java:start(184)) - d7cf113e-c8f7-43a7-a422-e2500e59f276@group-993C6C1163B1: start as a follower, conf=-1: [401d187c-767f-4491-93ca-fa1e80ca4a34:192.168.164.217:39932, d7cf113e-c8f7-43a7-a422-e2500e59f276:192.168.164.217:43341, 8703d4be-29d1-413c-a948-4626c5ffd2ef:192.168.164.217:44000], old=null
2019-10-29 16:37:29,760 [pool-37-thread-1] WARN  impl.MetricRegistriesImpl (MetricRegistriesImpl.java:lambda$create$1(61)) - First MetricRegistry has been created without registering reporters. You may need to call MetricRegistries.global().addReportRegistration(...) before.
2019-10-29 16:37:29,760 [pool-47-thread-1] INFO  impl.RaftServerImpl (RaftServerImpl.java:setRole(173)) - d7cf113e-c8f7-43a7-a422-e2500e59f276@group-993C6C1163B1: changes role from      null to FOLLOWER at term 0 for startAsFollower
2019-10-29 16:37:29,760 [pool-37-thread-1] WARN  impl.MetricRegistriesImpl (MetricRegistriesImpl.java:lambda$create$1(61)) - First MetricRegistry has been created without registering reporters. You may need to call MetricRegistries.global().addReportRegistration(...) before.
2019-10-29 16:37:29,760 [pool-47-thread-1] INFO  impl.RoleInfo (RoleInfo.java:updateAndGet(143)) - d7cf113e-c8f7-43a7-a422-e2500e59f276: start FollowerState
2019-10-29 16:37:29,760 [pool-37-thread-1] INFO  impl.RaftServerImpl (RaftServerImpl.java:start(184)) - 8703d4be-29d1-413c-a948-4626c5ffd2ef@group-993C6C1163B1: start as a follower, conf=-1: [401d187c-767f-4491-93ca-fa1e80ca4a34:192.168.164.217:39932, d7cf113e-c8f7-43a7-a422-e2500e59f276:192.168.164.217:43341, 8703d4be-29d1-413c-a948-4626c5ffd2ef:192.168.164.217:44000], old=null
2019-10-29 16:37:29,761 [pool-37-thread-1] INFO  impl.RaftServerImpl (RaftServerImpl.java:setRole(173)) - 8703d4be-29d1-413c-a948-4626c5ffd2ef@group-993C6C1163B1: changes role from      null to FOLLOWER at term 0 for startAsFollower
2019-10-29 16:37:29,761 [pool-47-thread-1] INFO  util.JmxRegister (JmxRegister.java:tryRegister(44)) - Successfully registered JMX Bean with object name Ratis:service=RaftServer,group=group-993C6C1163B1,id=d7cf113e-c8f7-43a7-a422-e2500e59f276
2019-10-29 16:37:29,761 [pool-37-thread-1] INFO  impl.RoleInfo (RoleInfo.java:updateAndGet(143)) - 8703d4be-29d1-413c-a948-4626c5ffd2ef: start FollowerState
2019-10-29 16:37:29,761 [pool-47-thread-1] WARN  impl.MetricRegistriesImpl (MetricRegistriesImpl.java:lambda$create$1(61)) - First MetricRegistry has been created without registering reporters. You may need to call MetricRegistries.global().addReportRegistration(...) before.
2019-10-29 16:37:29,762 [pool-37-thread-1] INFO  util.JmxRegister (JmxRegister.java:tryRegister(44)) - Successfully registered JMX Bean with object name Ratis:service=RaftServer,group=group-993C6C1163B1,id=8703d4be-29d1-413c-a948-4626c5ffd2ef
2019-10-29 16:37:29,762 [EventQueue-PipelineReportForPipelineReportHandler] INFO  pipeline.PipelineReportHandler (PipelineReportHandler.java:processPipelineReport(104)) - Pipeline THREE PipelineID=1db9e29b-1ebb-4ab7-b4af-993c6c1163b1 reported by 401d187c-767f-4491-93ca-fa1e80ca4a34{ip: 192.168.164.217, host: pr-hdds-2034-76npd-2451761435, networkLocation: /default-rack, certSerialId: null}
2019-10-29 16:37:29,762 [Command processor thread] INFO  commandhandler.CreatePipelineCommandHandler (CreatePipelineCommandHandler.java:handle(86)) - Create Pipeline RATIS THREE #id: "1db9e29b-1ebb-4ab7-b4af-993c6c1163b1"
 command succeed on datanode d7cf113e-c8f7-43a7-a422-e2500e59f276.
2019-10-29 16:37:29,762 [EventQueue-OpenPipelineForOneReplicaPipelineSafeModeRule] INFO  safemode.SCMSafeModeManager (SCMSafeModeManager.java:validateSafeModeExitRules(176)) - AtleastOneDatanodeReportedRule rule is successfully validated
2019-10-29 16:37:29,762 [pool-37-thread-1] WARN  impl.MetricRegistriesImpl (MetricRegistriesImpl.java:lambda$create$1(61)) - First MetricRegistry has been created without registering reporters. You may need to call MetricRegistries.global().addReportRegistration(...) before.
2019-10-29 16:37:29,762 [EventQueue-OpenPipelineForHealthyPipelineSafeModeRule] INFO  safemode.SCMSafeModeManager (HealthyPipelineSafeModeRule.java:process(125)) - SCM in safe mode. Healthy pipelines reported count is 1, required healthy pipeline reported count is 1
2019-10-29 16:37:29,763 [EventQueue-OpenPipelineForHealthyPipelineSafeModeRule] INFO  safemode.SCMSafeModeManager (SCMSafeModeManager.java:validateSafeModeExitRules(176)) - HealthyPipelineSafeModeRule rule is successfully validated
2019-10-29 16:37:29,764 [EventQueue-OpenPipelineForHealthyPipelineSafeModeRule] INFO  safemode.SCMSafeModeManager (SCMSafeModeManager.java:validateSafeModeExitRules(185)) - ScmSafeModeManager, all rules are successfully validated
2019-10-29 16:37:29,764 [Command processor thread] INFO  commandhandler.CreatePipelineCommandHandler (CreatePipelineCommandHandler.java:handle(86)) - Create Pipeline RATIS THREE #id: "1db9e29b-1ebb-4ab7-b4af-993c6c1163b1"
 command succeed on datanode 8703d4be-29d1-413c-a948-4626c5ffd2ef.
2019-10-29 16:37:29,764 [EventQueue-OpenPipelineForHealthyPipelineSafeModeRule] INFO  safemode.SCMSafeModeManager (SCMSafeModeManager.java:exitSafeMode(201)) - SCM exiting safe mode.
2019-10-29 16:37:29,764 [EventQueue-PipelineReportForPipelineReportHandler] INFO  pipeline.PipelineReportHandler (PipelineReportHandler.java:processPipelineReport(104)) - Pipeline THREE PipelineID=1db9e29b-1ebb-4ab7-b4af-993c6c1163b1 reported by d7cf113e-c8f7-43a7-a422-e2500e59f276{ip: 192.168.164.217, host: pr-hdds-2034-76npd-2451761435, networkLocation: /default-rack, certSerialId: null}
2019-10-29 16:37:29,767 [EventQueue-PipelineReportForPipelineReportHandler] INFO  pipeline.PipelineReportHandler (PipelineReportHandler.java:processPipelineReport(104)) - Pipeline THREE PipelineID=1db9e29b-1ebb-4ab7-b4af-993c6c1163b1 reported by 8703d4be-29d1-413c-a948-4626c5ffd2ef{ip: 192.168.164.217, host: pr-hdds-2034-76npd-2451761435, networkLocation: /default-rack, certSerialId: null}
2019-10-29 16:37:29,767 [EventQueue-PipelineReportForPipelineReportHandler] INFO  pipeline.PipelineStateManager (PipelineStateManager.java:openPipeline(134)) - Pipeline Pipeline[ Id: 1db9e29b-1ebb-4ab7-b4af-993c6c1163b1, Nodes: 401d187c-767f-4491-93ca-fa1e80ca4a34{ip: 192.168.164.217, host: pr-hdds-2034-76npd-2451761435, networkLocation: /default-rack, certSerialId: null}d7cf113e-c8f7-43a7-a422-e2500e59f276{ip: 192.168.164.217, host: pr-hdds-2034-76npd-2451761435, networkLocation: /default-rack, certSerialId: null}8703d4be-29d1-413c-a948-4626c5ffd2ef{ip: 192.168.164.217, host: pr-hdds-2034-76npd-2451761435, networkLocation: /default-rack, certSerialId: null}, Type:RATIS, Factor:THREE, State:ALLOCATED] moved to OPEN state
2019-10-29 16:37:30,629 [main] INFO  ozone.MiniOzoneClusterImpl (MiniOzoneClusterImpl.java:lambda$waitForClusterToBeReady$0(149)) - Nodes are ready. Got 3 of 3 DN Heartbeats.
2019-10-29 16:37:30,630 [main] INFO  ozone.MiniOzoneClusterImpl (MiniOzoneClusterImpl.java:lambda$waitForClusterToBeReady$0(152)) - Cluster exits safe mode
2019-10-29 16:37:32,771 [Thread-192] INFO  container.ReplicationManager (ReplicationManager.java:start(162)) - Starting Replication Monitor Thread.
2019-10-29 16:37:32,776 [ReplicationMonitor] INFO  container.ReplicationManager (ReplicationManager.java:run(225)) - Replication Monitor Thread took 1 milliseconds for processing 0 containers.
2019-10-29 16:37:33,631 [main] INFO  om.OzoneManager (OzoneManager.java:readKeyPair(716)) - Reading keypair and certificate from file system.
2019-10-29 16:37:33,631 [main] INFO  om.OzoneManager (OzoneManager.java:startSecretManager(682)) - Starting OM block token secret manager
2019-10-29 16:37:33,632 [main] INFO  security.OzoneBlockTokenSecretManager (OzoneSecretManager.java:updateCurrentKey(170)) - Updating the current master key for generating tokens
2019-10-29 16:37:34,116 [main] INFO  rpc.RpcClient (RpcClient.java:createVolume(272)) - Creating Volume: testcontainerstatemachinefailures, with jenkins1000 as owner.
2019-10-29 16:37:34,221 [IPC Server handler 2 on 34826] INFO  volume.OMVolumeCreateRequest (OMVolumeCreateRequest.java:validateAndUpdateCache(193)) - created volume:testcontainerstatemachinefailures for user:jenkins1000
2019-10-29 16:37:34,258 [main] INFO  rpc.RpcClient (RpcClient.java:createBucket(411)) - Creating Bucket: testcontainerstatemachinefailures/testcontainerstatemachinefailures, with Versioning false and Storage Type set to DISK and Encryption set to false 
2019-10-29 16:37:34,437 [main] INFO  impl.MetricsSystemImpl (MetricsSystemImpl.java:init(158)) - XceiverClientMetrics metrics system started (again)
2019-10-29 16:37:34,753 [Thread-182] INFO  impl.FollowerState (FollowerState.java:run(111)) - 8703d4be-29d1-413c-a948-4626c5ffd2ef@group-074FE1EB405B-FollowerState: change to CANDIDATE, lastRpcTime:5063ms, electionTimeout:5062ms
2019-10-29 16:37:34,754 [Thread-182] INFO  impl.RoleInfo (RoleInfo.java:shutdownFollowerState(121)) - 8703d4be-29d1-413c-a948-4626c5ffd2ef: shutdown FollowerState
2019-10-29 16:37:34,754 [Thread-182] INFO  impl.RaftServerImpl (RaftServerImpl.java:setRole(173)) - 8703d4be-29d1-413c-a948-4626c5ffd2ef@group-074FE1EB405B: changes role from  FOLLOWER to CANDIDATE at term 0 for changeToCandidate
2019-10-29 16:37:34,757 [Thread-182] INFO  impl.RoleInfo (RoleInfo.java:updateAndGet(143)) - 8703d4be-29d1-413c-a948-4626c5ffd2ef: start LeaderElection
2019-10-29 16:37:34,772 [8703d4be-29d1-413c-a948-4626c5ffd2ef@group-074FE1EB405B-LeaderElection1] INFO  impl.LeaderElection (LeaderElection.java:askForVotes(178)) - 8703d4be-29d1-413c-a948-4626c5ffd2ef@group-074FE1EB405B-LeaderElection1: begin an election at term 1 for -1: [8703d4be-29d1-413c-a948-4626c5ffd2ef:192.168.164.217:44000], old=null
2019-10-29 16:37:34,774 [8703d4be-29d1-413c-a948-4626c5ffd2ef@group-074FE1EB405B-LeaderElection1] INFO  impl.RoleInfo (RoleInfo.java:shutdownLeaderElection(134)) - 8703d4be-29d1-413c-a948-4626c5ffd2ef: shutdown LeaderElection
2019-10-29 16:37:34,774 [8703d4be-29d1-413c-a948-4626c5ffd2ef@group-074FE1EB405B-LeaderElection1] INFO  impl.RaftServerImpl (RaftServerImpl.java:setRole(173)) - 8703d4be-29d1-413c-a948-4626c5ffd2ef@group-074FE1EB405B: changes role from CANDIDATE to LEADER at term 1 for changeToLeader
2019-10-29 16:37:34,775 [8703d4be-29d1-413c-a948-4626c5ffd2ef@group-074FE1EB405B-LeaderElection1] INFO  impl.RaftServerImpl (ServerState.java:setLeader(255)) - 8703d4be-29d1-413c-a948-4626c5ffd2ef@group-074FE1EB405B: change Leader from null to 8703d4be-29d1-413c-a948-4626c5ffd2ef at term 1 for becomeLeader, leader elected after 5180ms
2019-10-29 16:37:34,779 [8703d4be-29d1-413c-a948-4626c5ffd2ef@group-074FE1EB405B-LeaderElection1] INFO  server.RaftServerConfigKeys (ConfUtils.java:logGet(43)) - raft.server.staging.catchup.gap = 1000 (default)
2019-10-29 16:37:34,779 [8703d4be-29d1-413c-a948-4626c5ffd2ef@group-074FE1EB405B-LeaderElection1] INFO  server.RaftServerConfigKeys (ConfUtils.java:logGet(43)) - raft.server.rpc.sleep.time = 25ms (default)
2019-10-29 16:37:34,782 [8703d4be-29d1-413c-a948-4626c5ffd2ef@group-074FE1EB405B-LeaderElection1] INFO  server.RaftServerConfigKeys (ConfUtils.java:logGet(43)) - raft.server.write.element-limit = 4096 (default)
2019-10-29 16:37:34,785 [8703d4be-29d1-413c-a948-4626c5ffd2ef@group-074FE1EB405B-LeaderElection1] INFO  server.RaftServerConfigKeys (ConfUtils.java:logGet(43)) - raft.server.watch.timeout = 10s (default)
2019-10-29 16:37:34,786 [8703d4be-29d1-413c-a948-4626c5ffd2ef@group-074FE1EB405B-LeaderElection1] INFO  server.RaftServerConfigKeys (ConfUtils.java:logGet(43)) - raft.server.watch.timeout.denomination = 1s (default)
2019-10-29 16:37:34,786 [8703d4be-29d1-413c-a948-4626c5ffd2ef@group-074FE1EB405B-LeaderElection1] INFO  server.RaftServerConfigKeys (ConfUtils.java:logGet(43)) - raft.server.watch.element-limit = 65536 (default)
2019-10-29 16:37:34,792 [8703d4be-29d1-413c-a948-4626c5ffd2ef@group-074FE1EB405B-LeaderElection1] INFO  impl.RoleInfo (RoleInfo.java:updateAndGet(143)) - 8703d4be-29d1-413c-a948-4626c5ffd2ef: start LeaderState
2019-10-29 16:37:34,804 [Thread-181] INFO  impl.FollowerState (FollowerState.java:run(111)) - 401d187c-767f-4491-93ca-fa1e80ca4a34@group-868D7A62957F-FollowerState: change to CANDIDATE, lastRpcTime:5114ms, electionTimeout:5113ms
2019-10-29 16:37:34,805 [Thread-181] INFO  impl.RoleInfo (RoleInfo.java:shutdownFollowerState(121)) - 401d187c-767f-4491-93ca-fa1e80ca4a34: shutdown FollowerState
2019-10-29 16:37:34,806 [Thread-181] INFO  impl.RaftServerImpl (RaftServerImpl.java:setRole(173)) - 401d187c-767f-4491-93ca-fa1e80ca4a34@group-868D7A62957F: changes role from  FOLLOWER to CANDIDATE at term 0 for changeToCandidate
2019-10-29 16:37:34,806 [Thread-181] INFO  impl.RoleInfo (RoleInfo.java:updateAndGet(143)) - 401d187c-767f-4491-93ca-fa1e80ca4a34: start LeaderElection
2019-10-29 16:37:34,814 [8703d4be-29d1-413c-a948-4626c5ffd2ef@group-074FE1EB405B-LeaderElection1] INFO  segmented.SegmentedRaftLogWorker (SegmentedRaftLogWorker.java:startLogSegment(385)) - 8703d4be-29d1-413c-a948-4626c5ffd2ef@group-074FE1EB405B-SegmentedRaftLogWorker: Starting segment from index:0
2019-10-29 16:37:34,830 [8703d4be-29d1-413c-a948-4626c5ffd2ef@group-074FE1EB405B-LeaderElection1] INFO  impl.RaftServerImpl (ServerState.java:setRaftConf(356)) - 8703d4be-29d1-413c-a948-4626c5ffd2ef@group-074FE1EB405B: set configuration 0: [8703d4be-29d1-413c-a948-4626c5ffd2ef:192.168.164.217:44000], old=null at 0
2019-10-29 16:37:34,833 [401d187c-767f-4491-93ca-fa1e80ca4a34@group-868D7A62957F-LeaderElection2] INFO  impl.LeaderElection (LeaderElection.java:askForVotes(178)) - 401d187c-767f-4491-93ca-fa1e80ca4a34@group-868D7A62957F-LeaderElection2: begin an election at term 1 for -1: [401d187c-767f-4491-93ca-fa1e80ca4a34:192.168.164.217:39932], old=null
2019-10-29 16:37:34,834 [401d187c-767f-4491-93ca-fa1e80ca4a34@group-868D7A62957F-LeaderElection2] INFO  impl.RoleInfo (RoleInfo.java:shutdownLeaderElection(134)) - 401d187c-767f-4491-93ca-fa1e80ca4a34: shutdown LeaderElection
2019-10-29 16:37:34,835 [401d187c-767f-4491-93ca-fa1e80ca4a34@group-868D7A62957F-LeaderElection2] INFO  impl.RaftServerImpl (RaftServerImpl.java:setRole(173)) - 401d187c-767f-4491-93ca-fa1e80ca4a34@group-868D7A62957F: changes role from CANDIDATE to LEADER at term 1 for changeToLeader
2019-10-29 16:37:34,835 [401d187c-767f-4491-93ca-fa1e80ca4a34@group-868D7A62957F-LeaderElection2] INFO  impl.RaftServerImpl (ServerState.java:setLeader(255)) - 401d187c-767f-4491-93ca-fa1e80ca4a34@group-868D7A62957F: change Leader from null to 401d187c-767f-4491-93ca-fa1e80ca4a34 at term 1 for becomeLeader, leader elected after 5273ms
2019-10-29 16:37:34,835 [401d187c-767f-4491-93ca-fa1e80ca4a34@group-868D7A62957F-LeaderElection2] INFO  server.RaftServerConfigKeys (ConfUtils.java:logGet(43)) - raft.server.staging.catchup.gap = 1000 (default)
2019-10-29 16:37:34,835 [401d187c-767f-4491-93ca-fa1e80ca4a34@group-868D7A62957F-LeaderElection2] INFO  server.RaftServerConfigKeys (ConfUtils.java:logGet(43)) - raft.server.rpc.sleep.time = 25ms (default)
2019-10-29 16:37:34,836 [401d187c-767f-4491-93ca-fa1e80ca4a34@group-868D7A62957F-LeaderElection2] INFO  server.RaftServerConfigKeys (ConfUtils.java:logGet(43)) - raft.server.write.element-limit = 4096 (default)
2019-10-29 16:37:34,836 [401d187c-767f-4491-93ca-fa1e80ca4a34@group-868D7A62957F-LeaderElection2] INFO  server.RaftServerConfigKeys (ConfUtils.java:logGet(43)) - raft.server.watch.timeout = 10s (default)
2019-10-29 16:37:34,836 [401d187c-767f-4491-93ca-fa1e80ca4a34@group-868D7A62957F-LeaderElection2] INFO  server.RaftServerConfigKeys (ConfUtils.java:logGet(43)) - raft.server.watch.timeout.denomination = 1s (default)
2019-10-29 16:37:34,836 [401d187c-767f-4491-93ca-fa1e80ca4a34@group-868D7A62957F-LeaderElection2] INFO  server.RaftServerConfigKeys (ConfUtils.java:logGet(43)) - raft.server.watch.element-limit = 65536 (default)
2019-10-29 16:37:34,836 [401d187c-767f-4491-93ca-fa1e80ca4a34@group-868D7A62957F-LeaderElection2] INFO  impl.RoleInfo (RoleInfo.java:updateAndGet(143)) - 401d187c-767f-4491-93ca-fa1e80ca4a34: start LeaderState
2019-10-29 16:37:34,837 [401d187c-767f-4491-93ca-fa1e80ca4a34@group-868D7A62957F-LeaderElection2] INFO  segmented.SegmentedRaftLogWorker (SegmentedRaftLogWorker.java:startLogSegment(385)) - 401d187c-767f-4491-93ca-fa1e80ca4a34@group-868D7A62957F-SegmentedRaftLogWorker: Starting segment from index:0
2019-10-29 16:37:34,837 [Thread-190] INFO  impl.FollowerState (FollowerState.java:run(111)) - 8703d4be-29d1-413c-a948-4626c5ffd2ef@group-993C6C1163B1-FollowerState: change to CANDIDATE, lastRpcTime:5075ms, electionTimeout:5075ms
2019-10-29 16:37:34,837 [Thread-190] INFO  impl.RoleInfo (RoleInfo.java:shutdownFollowerState(121)) - 8703d4be-29d1-413c-a948-4626c5ffd2ef: shutdown FollowerState
2019-10-29 16:37:34,838 [Thread-190] INFO  impl.RaftServerImpl (RaftServerImpl.java:setRole(173)) - 8703d4be-29d1-413c-a948-4626c5ffd2ef@group-993C6C1163B1: changes role from  FOLLOWER to CANDIDATE at term 0 for changeToCandidate
2019-10-29 16:37:34,838 [401d187c-767f-4491-93ca-fa1e80ca4a34@group-868D7A62957F-LeaderElection2] INFO  impl.RaftServerImpl (ServerState.java:setRaftConf(356)) - 401d187c-767f-4491-93ca-fa1e80ca4a34@group-868D7A62957F: set configuration 0: [401d187c-767f-4491-93ca-fa1e80ca4a34:192.168.164.217:39932], old=null at 0
2019-10-29 16:37:34,838 [Thread-190] INFO  impl.RoleInfo (RoleInfo.java:updateAndGet(143)) - 8703d4be-29d1-413c-a948-4626c5ffd2ef: start LeaderElection
2019-10-29 16:37:34,853 [8703d4be-29d1-413c-a948-4626c5ffd2ef@group-993C6C1163B1-LeaderElection3] INFO  impl.LeaderElection (LeaderElection.java:askForVotes(178)) - 8703d4be-29d1-413c-a948-4626c5ffd2ef@group-993C6C1163B1-LeaderElection3: begin an election at term 1 for -1: [401d187c-767f-4491-93ca-fa1e80ca4a34:192.168.164.217:39932, d7cf113e-c8f7-43a7-a422-e2500e59f276:192.168.164.217:43341, 8703d4be-29d1-413c-a948-4626c5ffd2ef:192.168.164.217:44000], old=null
2019-10-29 16:37:34,861 [Thread-189] INFO  impl.FollowerState (FollowerState.java:run(111)) - d7cf113e-c8f7-43a7-a422-e2500e59f276@group-993C6C1163B1-FollowerState: change to CANDIDATE, lastRpcTime:5101ms, electionTimeout:5100ms
2019-10-29 16:37:34,861 [Thread-189] INFO  impl.RoleInfo (RoleInfo.java:shutdownFollowerState(121)) - d7cf113e-c8f7-43a7-a422-e2500e59f276: shutdown FollowerState
2019-10-29 16:37:34,861 [Thread-189] INFO  impl.RaftServerImpl (RaftServerImpl.java:setRole(173)) - d7cf113e-c8f7-43a7-a422-e2500e59f276@group-993C6C1163B1: changes role from  FOLLOWER to CANDIDATE at term 0 for changeToCandidate
2019-10-29 16:37:34,862 [Thread-189] INFO  impl.RoleInfo (RoleInfo.java:updateAndGet(143)) - d7cf113e-c8f7-43a7-a422-e2500e59f276: start LeaderElection
2019-10-29 16:37:34,875 [Thread-180] INFO  impl.FollowerState (FollowerState.java:run(111)) - d7cf113e-c8f7-43a7-a422-e2500e59f276@group-92CE6B51814D-FollowerState: change to CANDIDATE, lastRpcTime:5185ms, electionTimeout:5184ms
2019-10-29 16:37:34,875 [Thread-180] INFO  impl.RoleInfo (RoleInfo.java:shutdownFollowerState(121)) - d7cf113e-c8f7-43a7-a422-e2500e59f276: shutdown FollowerState
2019-10-29 16:37:34,875 [Thread-180] INFO  impl.RaftServerImpl (RaftServerImpl.java:setRole(173)) - d7cf113e-c8f7-43a7-a422-e2500e59f276@group-92CE6B51814D: changes role from  FOLLOWER to CANDIDATE at term 0 for changeToCandidate
2019-10-29 16:37:34,875 [Thread-180] INFO  impl.RoleInfo (RoleInfo.java:updateAndGet(143)) - d7cf113e-c8f7-43a7-a422-e2500e59f276: start LeaderElection
2019-10-29 16:37:34,877 [d7cf113e-c8f7-43a7-a422-e2500e59f276@group-993C6C1163B1-LeaderElection4] INFO  impl.LeaderElection (LeaderElection.java:askForVotes(178)) - d7cf113e-c8f7-43a7-a422-e2500e59f276@group-993C6C1163B1-LeaderElection4: begin an election at term 1 for -1: [401d187c-767f-4491-93ca-fa1e80ca4a34:192.168.164.217:39932, d7cf113e-c8f7-43a7-a422-e2500e59f276:192.168.164.217:43341, 8703d4be-29d1-413c-a948-4626c5ffd2ef:192.168.164.217:44000], old=null
2019-10-29 16:37:34,892 [d7cf113e-c8f7-43a7-a422-e2500e59f276@group-92CE6B51814D-LeaderElection5] INFO  impl.LeaderElection (LeaderElection.java:askForVotes(178)) - d7cf113e-c8f7-43a7-a422-e2500e59f276@group-92CE6B51814D-LeaderElection5: begin an election at term 1 for -1: [d7cf113e-c8f7-43a7-a422-e2500e59f276:192.168.164.217:43341], old=null
2019-10-29 16:37:34,892 [d7cf113e-c8f7-43a7-a422-e2500e59f276@group-92CE6B51814D-LeaderElection5] INFO  impl.RoleInfo (RoleInfo.java:shutdownLeaderElection(134)) - d7cf113e-c8f7-43a7-a422-e2500e59f276: shutdown LeaderElection
2019-10-29 16:37:34,892 [d7cf113e-c8f7-43a7-a422-e2500e59f276@group-92CE6B51814D-LeaderElection5] INFO  impl.RaftServerImpl (RaftServerImpl.java:setRole(173)) - d7cf113e-c8f7-43a7-a422-e2500e59f276@group-92CE6B51814D: changes role from CANDIDATE to LEADER at term 1 for changeToLeader
2019-10-29 16:37:34,892 [d7cf113e-c8f7-43a7-a422-e2500e59f276@group-92CE6B51814D-LeaderElection5] INFO  impl.RaftServerImpl (ServerState.java:setLeader(255)) - d7cf113e-c8f7-43a7-a422-e2500e59f276@group-92CE6B51814D: change Leader from null to d7cf113e-c8f7-43a7-a422-e2500e59f276 at term 1 for becomeLeader, leader elected after 5234ms
2019-10-29 16:37:34,892 [d7cf113e-c8f7-43a7-a422-e2500e59f276@group-92CE6B51814D-LeaderElection5] INFO  server.RaftServerConfigKeys (ConfUtils.java:logGet(43)) - raft.server.staging.catchup.gap = 1000 (default)
2019-10-29 16:37:34,893 [d7cf113e-c8f7-43a7-a422-e2500e59f276@group-92CE6B51814D-LeaderElection5] INFO  server.RaftServerConfigKeys (ConfUtils.java:logGet(43)) - raft.server.rpc.sleep.time = 25ms (default)
2019-10-29 16:37:34,893 [d7cf113e-c8f7-43a7-a422-e2500e59f276@group-92CE6B51814D-LeaderElection5] INFO  server.RaftServerConfigKeys (ConfUtils.java:logGet(43)) - raft.server.write.element-limit = 4096 (default)
2019-10-29 16:37:34,893 [d7cf113e-c8f7-43a7-a422-e2500e59f276@group-92CE6B51814D-LeaderElection5] INFO  server.RaftServerConfigKeys (ConfUtils.java:logGet(43)) - raft.server.watch.timeout = 10s (default)
2019-10-29 16:37:34,893 [d7cf113e-c8f7-43a7-a422-e2500e59f276@group-92CE6B51814D-LeaderElection5] INFO  server.RaftServerConfigKeys (ConfUtils.java:logGet(43)) - raft.server.watch.timeout.denomination = 1s (default)
2019-10-29 16:37:34,893 [d7cf113e-c8f7-43a7-a422-e2500e59f276@group-92CE6B51814D-LeaderElection5] INFO  server.RaftServerConfigKeys (ConfUtils.java:logGet(43)) - raft.server.watch.element-limit = 65536 (default)
2019-10-29 16:37:34,894 [d7cf113e-c8f7-43a7-a422-e2500e59f276@group-92CE6B51814D-LeaderElection5] INFO  impl.RoleInfo (RoleInfo.java:updateAndGet(143)) - d7cf113e-c8f7-43a7-a422-e2500e59f276: start LeaderState
2019-10-29 16:37:34,894 [d7cf113e-c8f7-43a7-a422-e2500e59f276@group-92CE6B51814D-LeaderElection5] INFO  segmented.SegmentedRaftLogWorker (SegmentedRaftLogWorker.java:startLogSegment(385)) - d7cf113e-c8f7-43a7-a422-e2500e59f276@group-92CE6B51814D-SegmentedRaftLogWorker: Starting segment from index:0
2019-10-29 16:37:34,895 [d7cf113e-c8f7-43a7-a422-e2500e59f276@group-92CE6B51814D-LeaderElection5] INFO  impl.RaftServerImpl (ServerState.java:setRaftConf(356)) - d7cf113e-c8f7-43a7-a422-e2500e59f276@group-92CE6B51814D: set configuration 0: [d7cf113e-c8f7-43a7-a422-e2500e59f276:192.168.164.217:43341], old=null at 0
2019-10-29 16:37:34,920 [Thread-186] INFO  impl.FollowerState (FollowerState.java:run(111)) - 401d187c-767f-4491-93ca-fa1e80ca4a34@group-993C6C1163B1-FollowerState: change to CANDIDATE, lastRpcTime:5162ms, electionTimeout:5162ms
2019-10-29 16:37:34,920 [Thread-186] INFO  impl.RoleInfo (RoleInfo.java:shutdownFollowerState(121)) - 401d187c-767f-4491-93ca-fa1e80ca4a34: shutdown FollowerState
2019-10-29 16:37:34,920 [Thread-186] INFO  impl.RaftServerImpl (RaftServerImpl.java:setRole(173)) - 401d187c-767f-4491-93ca-fa1e80ca4a34@group-993C6C1163B1: changes role from  FOLLOWER to CANDIDATE at term 0 for changeToCandidate
2019-10-29 16:37:34,921 [Thread-186] INFO  impl.RoleInfo (RoleInfo.java:updateAndGet(143)) - 401d187c-767f-4491-93ca-fa1e80ca4a34: start LeaderElection
2019-10-29 16:37:34,937 [401d187c-767f-4491-93ca-fa1e80ca4a34@group-993C6C1163B1-LeaderElection6] INFO  impl.LeaderElection (LeaderElection.java:askForVotes(178)) - 401d187c-767f-4491-93ca-fa1e80ca4a34@group-993C6C1163B1-LeaderElection6: begin an election at term 1 for -1: [401d187c-767f-4491-93ca-fa1e80ca4a34:192.168.164.217:39932, d7cf113e-c8f7-43a7-a422-e2500e59f276:192.168.164.217:43341, 8703d4be-29d1-413c-a948-4626c5ffd2ef:192.168.164.217:44000], old=null
2019-10-29 16:37:35,088 [8703d4be-29d1-413c-a948-4626c5ffd2ef@group-074FE1EB405B-SegmentedRaftLogWorker] INFO  segmented.SegmentedRaftLogWorker (SegmentedRaftLogWorker.java:execute(576)) - 8703d4be-29d1-413c-a948-4626c5ffd2ef@group-074FE1EB405B-SegmentedRaftLogWorker: created new log segment /workdir/hadoop-ozone/integration-test/target/test-dir/MiniOzoneClusterImpl-d556c113-5d1c-4045-92e1-df11e6e07413/datanode-1/data/ratis/f0a65081-e5ed-4330-aa5b-074fe1eb405b/current/log_inprogress_0
2019-10-29 16:37:35,088 [401d187c-767f-4491-93ca-fa1e80ca4a34@group-868D7A62957F-SegmentedRaftLogWorker] INFO  segmented.SegmentedRaftLogWorker (SegmentedRaftLogWorker.java:execute(576)) - 401d187c-767f-4491-93ca-fa1e80ca4a34@group-868D7A62957F-SegmentedRaftLogWorker: created new log segment /workdir/hadoop-ozone/integration-test/target/test-dir/MiniOzoneClusterImpl-d556c113-5d1c-4045-92e1-df11e6e07413/datanode-0/data/ratis/111c79c5-61ae-4478-a226-868d7a62957f/current/log_inprogress_0
2019-10-29 16:37:35,088 [d7cf113e-c8f7-43a7-a422-e2500e59f276@group-92CE6B51814D-SegmentedRaftLogWorker] INFO  segmented.SegmentedRaftLogWorker (SegmentedRaftLogWorker.java:execute(576)) - d7cf113e-c8f7-43a7-a422-e2500e59f276@group-92CE6B51814D-SegmentedRaftLogWorker: created new log segment /workdir/hadoop-ozone/integration-test/target/test-dir/MiniOzoneClusterImpl-d556c113-5d1c-4045-92e1-df11e6e07413/datanode-2/data/ratis/6152416c-1f84-4b35-b369-92ce6b51814d/current/log_inprogress_0
2019-10-29 16:37:35,241 [8703d4be-29d1-413c-a948-4626c5ffd2ef@group-993C6C1163B1-LeaderElection3] INFO  impl.LeaderElection (LeaderElection.java:logAndReturn(56)) - 8703d4be-29d1-413c-a948-4626c5ffd2ef@group-993C6C1163B1-LeaderElection3: Election REJECTED; received 2 response(s) [8703d4be-29d1-413c-a948-4626c5ffd2ef<-401d187c-767f-4491-93ca-fa1e80ca4a34#0:FAIL-t1, 8703d4be-29d1-413c-a948-4626c5ffd2ef<-d7cf113e-c8f7-43a7-a422-e2500e59f276#0:FAIL-t1] and 0 exception(s); 8703d4be-29d1-413c-a948-4626c5ffd2ef@group-993C6C1163B1:t1, leader=null, voted=8703d4be-29d1-413c-a948-4626c5ffd2ef, raftlog=8703d4be-29d1-413c-a948-4626c5ffd2ef@group-993C6C1163B1-SegmentedRaftLog:OPENED:c-1,f-1,i0, conf=-1: [401d187c-767f-4491-93ca-fa1e80ca4a34:192.168.164.217:39932, d7cf113e-c8f7-43a7-a422-e2500e59f276:192.168.164.217:43341, 8703d4be-29d1-413c-a948-4626c5ffd2ef:192.168.164.217:44000], old=null
2019-10-29 16:37:35,241 [401d187c-767f-4491-93ca-fa1e80ca4a34@group-993C6C1163B1-LeaderElection6] INFO  impl.LeaderElection (LeaderElection.java:logAndReturn(56)) - 401d187c-767f-4491-93ca-fa1e80ca4a34@group-993C6C1163B1-LeaderElection6: Election REJECTED; received 2 response(s) [401d187c-767f-4491-93ca-fa1e80ca4a34<-8703d4be-29d1-413c-a948-4626c5ffd2ef#0:FAIL-t1, 401d187c-767f-4491-93ca-fa1e80ca4a34<-d7cf113e-c8f7-43a7-a422-e2500e59f276#0:FAIL-t1] and 0 exception(s); 401d187c-767f-4491-93ca-fa1e80ca4a34@group-993C6C1163B1:t1, leader=null, voted=401d187c-767f-4491-93ca-fa1e80ca4a34, raftlog=401d187c-767f-4491-93ca-fa1e80ca4a34@group-993C6C1163B1-SegmentedRaftLog:OPENED:c-1,f-1,i0, conf=-1: [401d187c-767f-4491-93ca-fa1e80ca4a34:192.168.164.217:39932, d7cf113e-c8f7-43a7-a422-e2500e59f276:192.168.164.217:43341, 8703d4be-29d1-413c-a948-4626c5ffd2ef:192.168.164.217:44000], old=null
2019-10-29 16:37:35,241 [d7cf113e-c8f7-43a7-a422-e2500e59f276@group-993C6C1163B1-LeaderElection4] INFO  impl.LeaderElection (LeaderElection.java:logAndReturn(56)) - d7cf113e-c8f7-43a7-a422-e2500e59f276@group-993C6C1163B1-LeaderElection4: Election REJECTED; received 2 response(s) [d7cf113e-c8f7-43a7-a422-e2500e59f276<-401d187c-767f-4491-93ca-fa1e80ca4a34#0:FAIL-t1, d7cf113e-c8f7-43a7-a422-e2500e59f276<-8703d4be-29d1-413c-a948-4626c5ffd2ef#0:FAIL-t1] and 0 exception(s); d7cf113e-c8f7-43a7-a422-e2500e59f276@group-993C6C1163B1:t1, leader=null, voted=d7cf113e-c8f7-43a7-a422-e2500e59f276, raftlog=d7cf113e-c8f7-43a7-a422-e2500e59f276@group-993C6C1163B1-SegmentedRaftLog:OPENED:c-1,f-1,i0, conf=-1: [401d187c-767f-4491-93ca-fa1e80ca4a34:192.168.164.217:39932, d7cf113e-c8f7-43a7-a422-e2500e59f276:192.168.164.217:43341, 8703d4be-29d1-413c-a948-4626c5ffd2ef:192.168.164.217:44000], old=null
2019-10-29 16:37:35,244 [8703d4be-29d1-413c-a948-4626c5ffd2ef@group-993C6C1163B1-LeaderElection3] INFO  impl.RaftServerImpl (RaftServerImpl.java:setRole(173)) - 8703d4be-29d1-413c-a948-4626c5ffd2ef@group-993C6C1163B1: changes role from CANDIDATE to FOLLOWER at term 1 for DISCOVERED_A_NEW_TERM
2019-10-29 16:37:35,245 [d7cf113e-c8f7-43a7-a422-e2500e59f276@group-993C6C1163B1-LeaderElection4] INFO  impl.RaftServerImpl (RaftServerImpl.java:setRole(173)) - d7cf113e-c8f7-43a7-a422-e2500e59f276@group-993C6C1163B1: changes role from CANDIDATE to FOLLOWER at term 1 for DISCOVERED_A_NEW_TERM
2019-10-29 16:37:35,245 [8703d4be-29d1-413c-a948-4626c5ffd2ef@group-993C6C1163B1-LeaderElection3] INFO  impl.RoleInfo (RoleInfo.java:shutdownLeaderElection(134)) - 8703d4be-29d1-413c-a948-4626c5ffd2ef: shutdown LeaderElection
2019-10-29 16:37:35,245 [401d187c-767f-4491-93ca-fa1e80ca4a34@group-993C6C1163B1-LeaderElection6] INFO  impl.RaftServerImpl (RaftServerImpl.java:setRole(173)) - 401d187c-767f-4491-93ca-fa1e80ca4a34@group-993C6C1163B1: changes role from CANDIDATE to FOLLOWER at term 1 for DISCOVERED_A_NEW_TERM
2019-10-29 16:37:35,248 [8703d4be-29d1-413c-a948-4626c5ffd2ef@group-993C6C1163B1-LeaderElection3] INFO  impl.RoleInfo (RoleInfo.java:updateAndGet(143)) - 8703d4be-29d1-413c-a948-4626c5ffd2ef: start FollowerState
2019-10-29 16:37:35,247 [d7cf113e-c8f7-43a7-a422-e2500e59f276@group-993C6C1163B1-LeaderElection4] INFO  impl.RoleInfo (RoleInfo.java:shutdownLeaderElection(134)) - d7cf113e-c8f7-43a7-a422-e2500e59f276: shutdown LeaderElection
2019-10-29 16:37:35,248 [401d187c-767f-4491-93ca-fa1e80ca4a34@group-993C6C1163B1-LeaderElection6] INFO  impl.RoleInfo (RoleInfo.java:shutdownLeaderElection(134)) - 401d187c-767f-4491-93ca-fa1e80ca4a34: shutdown LeaderElection
2019-10-29 16:37:35,249 [d7cf113e-c8f7-43a7-a422-e2500e59f276@group-993C6C1163B1-LeaderElection4] INFO  impl.RoleInfo (RoleInfo.java:updateAndGet(143)) - d7cf113e-c8f7-43a7-a422-e2500e59f276: start FollowerState
2019-10-29 16:37:35,249 [401d187c-767f-4491-93ca-fa1e80ca4a34@group-993C6C1163B1-LeaderElection6] INFO  impl.RoleInfo (RoleInfo.java:updateAndGet(143)) - 401d187c-767f-4491-93ca-fa1e80ca4a34: start FollowerState
2019-10-29 16:37:35,545 [8703d4be-29d1-413c-a948-4626c5ffd2ef@group-074FE1EB405B-StateMachineUpdater] INFO  ratis.ContainerStateMachine (ContainerStateMachine.java:takeSnapshot(294)) - group-074FE1EB405B: Taking a snapshot at:(t:1, i:1) file /workdir/hadoop-ozone/integration-test/target/test-dir/MiniOzoneClusterImpl-d556c113-5d1c-4045-92e1-df11e6e07413/datanode-1/data/ratis/f0a65081-e5ed-4330-aa5b-074fe1eb405b/sm/snapshot.1_1
2019-10-29 16:37:35,663 [8703d4be-29d1-413c-a948-4626c5ffd2ef@group-074FE1EB405B-StateMachineUpdater] INFO  ratis.ContainerStateMachine (ContainerStateMachine.java:takeSnapshot(305)) - group-074FE1EB405B: Finished taking a snapshot at:(t:1, i:1) file:/workdir/hadoop-ozone/integration-test/target/test-dir/MiniOzoneClusterImpl-d556c113-5d1c-4045-92e1-df11e6e07413/datanode-1/data/ratis/f0a65081-e5ed-4330-aa5b-074fe1eb405b/sm/snapshot.1_1 time:119
2019-10-29 16:37:35,666 [8703d4be-29d1-413c-a948-4626c5ffd2ef@group-074FE1EB405B-StateMachineUpdater] INFO  impl.StateMachineUpdater (StateMachineUpdater.java:takeSnapshot(269)) - 8703d4be-29d1-413c-a948-4626c5ffd2ef@group-074FE1EB405B-StateMachineUpdater: Took a snapshot at index 1
2019-10-29 16:37:35,666 [8703d4be-29d1-413c-a948-4626c5ffd2ef@group-074FE1EB405B-StateMachineUpdater] INFO  impl.StateMachineUpdater (StateMachineUpdater.java:lambda$new$0(84)) - 8703d4be-29d1-413c-a948-4626c5ffd2ef@group-074FE1EB405B-StateMachineUpdater: snapshotIndex: updateIncreasingly -1 -> 1
2019-10-29 16:37:35,671 [8703d4be-29d1-413c-a948-4626c5ffd2ef@group-074FE1EB405B-StateMachineUpdater] INFO  ratis.ContainerStateMachine (ContainerStateMachine.java:takeSnapshot(294)) - group-074FE1EB405B: Taking a snapshot at:(t:1, i:2) file /workdir/hadoop-ozone/integration-test/target/test-dir/MiniOzoneClusterImpl-d556c113-5d1c-4045-92e1-df11e6e07413/datanode-1/data/ratis/f0a65081-e5ed-4330-aa5b-074fe1eb405b/sm/snapshot.1_2
2019-10-29 16:37:35,677 [8703d4be-29d1-413c-a948-4626c5ffd2ef@group-074FE1EB405B-StateMachineUpdater] INFO  ratis.ContainerStateMachine (ContainerStateMachine.java:takeSnapshot(305)) - group-074FE1EB405B: Finished taking a snapshot at:(t:1, i:2) file:/workdir/hadoop-ozone/integration-test/target/test-dir/MiniOzoneClusterImpl-d556c113-5d1c-4045-92e1-df11e6e07413/datanode-1/data/ratis/f0a65081-e5ed-4330-aa5b-074fe1eb405b/sm/snapshot.1_2 time:7
2019-10-29 16:37:35,678 [8703d4be-29d1-413c-a948-4626c5ffd2ef@group-074FE1EB405B-StateMachineUpdater] INFO  impl.StateMachineUpdater (StateMachineUpdater.java:takeSnapshot(269)) - 8703d4be-29d1-413c-a948-4626c5ffd2ef@group-074FE1EB405B-StateMachineUpdater: Took a snapshot at index 2
2019-10-29 16:37:35,678 [8703d4be-29d1-413c-a948-4626c5ffd2ef@group-074FE1EB405B-StateMachineUpdater] INFO  impl.StateMachineUpdater (StateMachineUpdater.java:lambda$new$0(84)) - 8703d4be-29d1-413c-a948-4626c5ffd2ef@group-074FE1EB405B-StateMachineUpdater: snapshotIndex: updateIncreasingly 1 -> 2
2019-10-29 16:37:35,757 [d7cf113e-c8f7-43a7-a422-e2500e59f276@group-92CE6B51814D-StateMachineUpdater] INFO  ratis.ContainerStateMachine (ContainerStateMachine.java:takeSnapshot(294)) - group-92CE6B51814D: Taking a snapshot at:(t:1, i:2) file /workdir/hadoop-ozone/integration-test/target/test-dir/MiniOzoneClusterImpl-d556c113-5d1c-4045-92e1-df11e6e07413/datanode-2/data/ratis/6152416c-1f84-4b35-b369-92ce6b51814d/sm/snapshot.1_2
2019-10-29 16:37:35,760 [d7cf113e-c8f7-43a7-a422-e2500e59f276@group-92CE6B51814D-StateMachineUpdater] INFO  ratis.ContainerStateMachine (ContainerStateMachine.java:takeSnapshot(305)) - group-92CE6B51814D: Finished taking a snapshot at:(t:1, i:2) file:/workdir/hadoop-ozone/integration-test/target/test-dir/MiniOzoneClusterImpl-d556c113-5d1c-4045-92e1-df11e6e07413/datanode-2/data/ratis/6152416c-1f84-4b35-b369-92ce6b51814d/sm/snapshot.1_2 time:3
2019-10-29 16:37:35,761 [d7cf113e-c8f7-43a7-a422-e2500e59f276@group-92CE6B51814D-StateMachineUpdater] INFO  impl.StateMachineUpdater (StateMachineUpdater.java:takeSnapshot(269)) - d7cf113e-c8f7-43a7-a422-e2500e59f276@group-92CE6B51814D-StateMachineUpdater: Took a snapshot at index 2
2019-10-29 16:37:35,761 [d7cf113e-c8f7-43a7-a422-e2500e59f276@group-92CE6B51814D-StateMachineUpdater] INFO  impl.StateMachineUpdater (StateMachineUpdater.java:lambda$new$0(84)) - d7cf113e-c8f7-43a7-a422-e2500e59f276@group-92CE6B51814D-StateMachineUpdater: snapshotIndex: updateIncreasingly -1 -> 2
2019-10-29 16:37:35,762 [d7cf113e-c8f7-43a7-a422-e2500e59f276@group-92CE6B51814D-StateMachineUpdater] INFO  ratis.ContainerStateMachine (ContainerStateMachine.java:takeSnapshot(294)) - group-92CE6B51814D: Taking a snapshot at:(t:1, i:2) file /workdir/hadoop-ozone/integration-test/target/test-dir/MiniOzoneClusterImpl-d556c113-5d1c-4045-92e1-df11e6e07413/datanode-2/data/ratis/6152416c-1f84-4b35-b369-92ce6b51814d/sm/snapshot.1_2
2019-10-29 16:37:35,765 [d7cf113e-c8f7-43a7-a422-e2500e59f276@group-92CE6B51814D-StateMachineUpdater] INFO  ratis.ContainerStateMachine (ContainerStateMachine.java:takeSnapshot(305)) - group-92CE6B51814D: Finished taking a snapshot at:(t:1, i:2) file:/workdir/hadoop-ozone/integration-test/target/test-dir/MiniOzoneClusterImpl-d556c113-5d1c-4045-92e1-df11e6e07413/datanode-2/data/ratis/6152416c-1f84-4b35-b369-92ce6b51814d/sm/snapshot.1_2 time:3
2019-10-29 16:37:35,765 [d7cf113e-c8f7-43a7-a422-e2500e59f276@group-92CE6B51814D-StateMachineUpdater] INFO  impl.StateMachineUpdater (StateMachineUpdater.java:takeSnapshot(269)) - d7cf113e-c8f7-43a7-a422-e2500e59f276@group-92CE6B51814D-StateMachineUpdater: Took a snapshot at index 2
2019-10-29 16:37:35,765 [d7cf113e-c8f7-43a7-a422-e2500e59f276@group-92CE6B51814D-StateMachineUpdater] INFO  impl.StateMachineUpdater (StateMachineUpdater.java:lambda$new$0(84)) - d7cf113e-c8f7-43a7-a422-e2500e59f276@group-92CE6B51814D-StateMachineUpdater: snapshotIndex: updateIncreasingly 2 -> 2
2019-10-29 16:37:35,902 [8703d4be-29d1-413c-a948-4626c5ffd2ef@group-074FE1EB405B-StateMachineUpdater] INFO  ratis.ContainerStateMachine (ContainerStateMachine.java:takeSnapshot(294)) - group-074FE1EB405B: Taking a snapshot at:(t:1, i:5) file /workdir/hadoop-ozone/integration-test/target/test-dir/MiniOzoneClusterImpl-d556c113-5d1c-4045-92e1-df11e6e07413/datanode-1/data/ratis/f0a65081-e5ed-4330-aa5b-074fe1eb405b/sm/snapshot.1_5
2019-10-29 16:37:35,915 [8703d4be-29d1-413c-a948-4626c5ffd2ef@group-074FE1EB405B-StateMachineUpdater] INFO  ratis.ContainerStateMachine (ContainerStateMachine.java:takeSnapshot(305)) - group-074FE1EB405B: Finished taking a snapshot at:(t:1, i:5) file:/workdir/hadoop-ozone/integration-test/target/test-dir/MiniOzoneClusterImpl-d556c113-5d1c-4045-92e1-df11e6e07413/datanode-1/data/ratis/f0a65081-e5ed-4330-aa5b-074fe1eb405b/sm/snapshot.1_5 time:12
2019-10-29 16:37:35,916 [8703d4be-29d1-413c-a948-4626c5ffd2ef@group-074FE1EB405B-StateMachineUpdater] INFO  impl.StateMachineUpdater (StateMachineUpdater.java:takeSnapshot(269)) - 8703d4be-29d1-413c-a948-4626c5ffd2ef@group-074FE1EB405B-StateMachineUpdater: Took a snapshot at index 5
2019-10-29 16:37:35,916 [8703d4be-29d1-413c-a948-4626c5ffd2ef@group-074FE1EB405B-StateMachineUpdater] INFO  impl.StateMachineUpdater (StateMachineUpdater.java:lambda$new$0(84)) - 8703d4be-29d1-413c-a948-4626c5ffd2ef@group-074FE1EB405B-StateMachineUpdater: snapshotIndex: updateIncreasingly 2 -> 5
2019-10-29 16:37:35,916 [8703d4be-29d1-413c-a948-4626c5ffd2ef@group-074FE1EB405B-StateMachineUpdater] INFO  ratis.ContainerStateMachine (ContainerStateMachine.java:takeSnapshot(294)) - group-074FE1EB405B: Taking a snapshot at:(t:1, i:5) file /workdir/hadoop-ozone/integration-test/target/test-dir/MiniOzoneClusterImpl-d556c113-5d1c-4045-92e1-df11e6e07413/datanode-1/data/ratis/f0a65081-e5ed-4330-aa5b-074fe1eb405b/sm/snapshot.1_5
2019-10-29 16:37:35,929 [8703d4be-29d1-413c-a948-4626c5ffd2ef@group-074FE1EB405B-StateMachineUpdater] INFO  ratis.ContainerStateMachine (ContainerStateMachine.java:takeSnapshot(305)) - group-074FE1EB405B: Finished taking a snapshot at:(t:1, i:5) file:/workdir/hadoop-ozone/integration-test/target/test-dir/MiniOzoneClusterImpl-d556c113-5d1c-4045-92e1-df11e6e07413/datanode-1/data/ratis/f0a65081-e5ed-4330-aa5b-074fe1eb405b/sm/snapshot.1_5 time:12
2019-10-29 16:37:35,930 [8703d4be-29d1-413c-a948-4626c5ffd2ef@group-074FE1EB405B-StateMachineUpdater] INFO  impl.StateMachineUpdater (StateMachineUpdater.java:takeSnapshot(269)) - 8703d4be-29d1-413c-a948-4626c5ffd2ef@group-074FE1EB405B-StateMachineUpdater: Took a snapshot at index 5
2019-10-29 16:37:35,930 [8703d4be-29d1-413c-a948-4626c5ffd2ef@group-074FE1EB405B-StateMachineUpdater] INFO  impl.StateMachineUpdater (StateMachineUpdater.java:lambda$new$0(84)) - 8703d4be-29d1-413c-a948-4626c5ffd2ef@group-074FE1EB405B-StateMachineUpdater: snapshotIndex: updateIncreasingly 5 -> 5
2019-10-29 16:37:36,038 [8703d4be-29d1-413c-a948-4626c5ffd2ef@group-074FE1EB405B-StateMachineUpdater] INFO  ratis.ContainerStateMachine (ContainerStateMachine.java:takeSnapshot(294)) - group-074FE1EB405B: Taking a snapshot at:(t:1, i:8) file /workdir/hadoop-ozone/integration-test/target/test-dir/MiniOzoneClusterImpl-d556c113-5d1c-4045-92e1-df11e6e07413/datanode-1/data/ratis/f0a65081-e5ed-4330-aa5b-074fe1eb405b/sm/snapshot.1_8
2019-10-29 16:37:36,043 [8703d4be-29d1-413c-a948-4626c5ffd2ef@group-074FE1EB405B-StateMachineUpdater] INFO  ratis.ContainerStateMachine (ContainerStateMachine.java:takeSnapshot(305)) - group-074FE1EB405B: Finished taking a snapshot at:(t:1, i:8) file:/workdir/hadoop-ozone/integration-test/target/test-dir/MiniOzoneClusterImpl-d556c113-5d1c-4045-92e1-df11e6e07413/datanode-1/data/ratis/f0a65081-e5ed-4330-aa5b-074fe1eb405b/sm/snapshot.1_8 time:5
2019-10-29 16:37:36,044 [8703d4be-29d1-413c-a948-4626c5ffd2ef@group-074FE1EB405B-StateMachineUpdater] INFO  impl.StateMachineUpdater (StateMachineUpdater.java:takeSnapshot(269)) - 8703d4be-29d1-413c-a948-4626c5ffd2ef@group-074FE1EB405B-StateMachineUpdater: Took a snapshot at index 8
2019-10-29 16:37:36,044 [8703d4be-29d1-413c-a948-4626c5ffd2ef@group-074FE1EB405B-StateMachineUpdater] INFO  impl.StateMachineUpdater (StateMachineUpdater.java:lambda$new$0(84)) - 8703d4be-29d1-413c-a948-4626c5ffd2ef@group-074FE1EB405B-StateMachineUpdater: snapshotIndex: updateIncreasingly 5 -> 8
2019-10-29 16:37:36,044 [8703d4be-29d1-413c-a948-4626c5ffd2ef@group-074FE1EB405B-StateMachineUpdater] INFO  ratis.ContainerStateMachine (ContainerStateMachine.java:takeSnapshot(294)) - group-074FE1EB405B: Taking a snapshot at:(t:1, i:8) file /workdir/hadoop-ozone/integration-test/target/test-dir/MiniOzoneClusterImpl-d556c113-5d1c-4045-92e1-df11e6e07413/datanode-1/data/ratis/f0a65081-e5ed-4330-aa5b-074fe1eb405b/sm/snapshot.1_8
2019-10-29 16:37:36,047 [8703d4be-29d1-413c-a948-4626c5ffd2ef@group-074FE1EB405B-StateMachineUpdater] INFO  ratis.ContainerStateMachine (ContainerStateMachine.java:takeSnapshot(305)) - group-074FE1EB405B: Finished taking a snapshot at:(t:1, i:8) file:/workdir/hadoop-ozone/integration-test/target/test-dir/MiniOzoneClusterImpl-d556c113-5d1c-4045-92e1-df11e6e07413/datanode-1/data/ratis/f0a65081-e5ed-4330-aa5b-074fe1eb405b/sm/snapshot.1_8 time:3
2019-10-29 16:37:36,047 [8703d4be-29d1-413c-a948-4626c5ffd2ef@group-074FE1EB405B-StateMachineUpdater] INFO  impl.StateMachineUpdater (StateMachineUpdater.java:takeSnapshot(269)) - 8703d4be-29d1-413c-a948-4626c5ffd2ef@group-074FE1EB405B-StateMachineUpdater: Took a snapshot at index 8
2019-10-29 16:37:36,047 [8703d4be-29d1-413c-a948-4626c5ffd2ef@group-074FE1EB405B-StateMachineUpdater] INFO  impl.StateMachineUpdater (StateMachineUpdater.java:lambda$new$0(84)) - 8703d4be-29d1-413c-a948-4626c5ffd2ef@group-074FE1EB405B-StateMachineUpdater: snapshotIndex: updateIncreasingly 8 -> 8
2019-10-29 16:37:36,077 [8703d4be-29d1-413c-a948-4626c5ffd2ef@group-074FE1EB405B-StateMachineUpdater] INFO  ratis.ContainerStateMachine (ContainerStateMachine.java:takeSnapshot(294)) - group-074FE1EB405B: Taking a snapshot at:(t:1, i:11) file /workdir/hadoop-ozone/integration-test/target/test-dir/MiniOzoneClusterImpl-d556c113-5d1c-4045-92e1-df11e6e07413/datanode-1/data/ratis/f0a65081-e5ed-4330-aa5b-074fe1eb405b/sm/snapshot.1_11
2019-10-29 16:37:36,112 [8703d4be-29d1-413c-a948-4626c5ffd2ef@group-074FE1EB405B-StateMachineUpdater] INFO  ratis.ContainerStateMachine (ContainerStateMachine.java:takeSnapshot(305)) - group-074FE1EB405B: Finished taking a snapshot at:(t:1, i:11) file:/workdir/hadoop-ozone/integration-test/target/test-dir/MiniOzoneClusterImpl-d556c113-5d1c-4045-92e1-df11e6e07413/datanode-1/data/ratis/f0a65081-e5ed-4330-aa5b-074fe1eb405b/sm/snapshot.1_11 time:35
2019-10-29 16:37:36,113 [8703d4be-29d1-413c-a948-4626c5ffd2ef@group-074FE1EB405B-StateMachineUpdater] INFO  impl.StateMachineUpdater (StateMachineUpdater.java:takeSnapshot(269)) - 8703d4be-29d1-413c-a948-4626c5ffd2ef@group-074FE1EB405B-StateMachineUpdater: Took a snapshot at index 11
2019-10-29 16:37:36,113 [8703d4be-29d1-413c-a948-4626c5ffd2ef@group-074FE1EB405B-StateMachineUpdater] INFO  impl.StateMachineUpdater (StateMachineUpdater.java:lambda$new$0(84)) - 8703d4be-29d1-413c-a948-4626c5ffd2ef@group-074FE1EB405B-StateMachineUpdater: snapshotIndex: updateIncreasingly 8 -> 11
2019-10-29 16:37:36,113 [8703d4be-29d1-413c-a948-4626c5ffd2ef@group-074FE1EB405B-StateMachineUpdater] INFO  ratis.ContainerStateMachine (ContainerStateMachine.java:takeSnapshot(294)) - group-074FE1EB405B: Taking a snapshot at:(t:1, i:11) file /workdir/hadoop-ozone/integration-test/target/test-dir/MiniOzoneClusterImpl-d556c113-5d1c-4045-92e1-df11e6e07413/datanode-1/data/ratis/f0a65081-e5ed-4330-aa5b-074fe1eb405b/sm/snapshot.1_11
2019-10-29 16:37:36,116 [8703d4be-29d1-413c-a948-4626c5ffd2ef@group-074FE1EB405B-StateMachineUpdater] INFO  ratis.ContainerStateMachine (ContainerStateMachine.java:takeSnapshot(305)) - group-074FE1EB405B: Finished taking a snapshot at:(t:1, i:11) file:/workdir/hadoop-ozone/integration-test/target/test-dir/MiniOzoneClusterImpl-d556c113-5d1c-4045-92e1-df11e6e07413/datanode-1/data/ratis/f0a65081-e5ed-4330-aa5b-074fe1eb405b/sm/snapshot.1_11 time:3
2019-10-29 16:37:36,116 [8703d4be-29d1-413c-a948-4626c5ffd2ef@group-074FE1EB405B-StateMachineUpdater] INFO  impl.StateMachineUpdater (StateMachineUpdater.java:takeSnapshot(269)) - 8703d4be-29d1-413c-a948-4626c5ffd2ef@group-074FE1EB405B-StateMachineUpdater: Took a snapshot at index 11
2019-10-29 16:37:36,116 [8703d4be-29d1-413c-a948-4626c5ffd2ef@group-074FE1EB405B-StateMachineUpdater] INFO  impl.StateMachineUpdater (StateMachineUpdater.java:lambda$new$0(84)) - 8703d4be-29d1-413c-a948-4626c5ffd2ef@group-074FE1EB405B-StateMachineUpdater: snapshotIndex: updateIncreasingly 11 -> 11
2019-10-29 16:37:36,234 [d7cf113e-c8f7-43a7-a422-e2500e59f276@group-92CE6B51814D-StateMachineUpdater] INFO  ratis.ContainerStateMachine (ContainerStateMachine.java:takeSnapshot(294)) - group-92CE6B51814D: Taking a snapshot at:(t:1, i:5) file /workdir/hadoop-ozone/integration-test/target/test-dir/MiniOzoneClusterImpl-d556c113-5d1c-4045-92e1-df11e6e07413/datanode-2/data/ratis/6152416c-1f84-4b35-b369-92ce6b51814d/sm/snapshot.1_5
2019-10-29 16:37:36,247 [d7cf113e-c8f7-43a7-a422-e2500e59f276@group-92CE6B51814D-StateMachineUpdater] INFO  ratis.ContainerStateMachine (ContainerStateMachine.java:takeSnapshot(305)) - group-92CE6B51814D: Finished taking a snapshot at:(t:1, i:5) file:/workdir/hadoop-ozone/integration-test/target/test-dir/MiniOzoneClusterImpl-d556c113-5d1c-4045-92e1-df11e6e07413/datanode-2/data/ratis/6152416c-1f84-4b35-b369-92ce6b51814d/sm/snapshot.1_5 time:13
2019-10-29 16:37:36,248 [d7cf113e-c8f7-43a7-a422-e2500e59f276@group-92CE6B51814D-StateMachineUpdater] INFO  impl.StateMachineUpdater (StateMachineUpdater.java:takeSnapshot(269)) - d7cf113e-c8f7-43a7-a422-e2500e59f276@group-92CE6B51814D-StateMachineUpdater: Took a snapshot at index 5
2019-10-29 16:37:36,248 [d7cf113e-c8f7-43a7-a422-e2500e59f276@group-92CE6B51814D-StateMachineUpdater] INFO  impl.StateMachineUpdater (StateMachineUpdater.java:lambda$new$0(84)) - d7cf113e-c8f7-43a7-a422-e2500e59f276@group-92CE6B51814D-StateMachineUpdater: snapshotIndex: updateIncreasingly 2 -> 5
2019-10-29 16:37:36,248 [d7cf113e-c8f7-43a7-a422-e2500e59f276@group-92CE6B51814D-StateMachineUpdater] INFO  ratis.ContainerStateMachine (ContainerStateMachine.java:takeSnapshot(294)) - group-92CE6B51814D: Taking a snapshot at:(t:1, i:5) file /workdir/hadoop-ozone/integration-test/target/test-dir/MiniOzoneClusterImpl-d556c113-5d1c-4045-92e1-df11e6e07413/datanode-2/data/ratis/6152416c-1f84-4b35-b369-92ce6b51814d/sm/snapshot.1_5
2019-10-29 16:37:36,261 [d7cf113e-c8f7-43a7-a422-e2500e59f276@group-92CE6B51814D-StateMachineUpdater] INFO  ratis.ContainerStateMachine (ContainerStateMachine.java:takeSnapshot(305)) - group-92CE6B51814D: Finished taking a snapshot at:(t:1, i:5) file:/workdir/hadoop-ozone/integration-test/target/test-dir/MiniOzoneClusterImpl-d556c113-5d1c-4045-92e1-df11e6e07413/datanode-2/data/ratis/6152416c-1f84-4b35-b369-92ce6b51814d/sm/snapshot.1_5 time:13
2019-10-29 16:37:36,262 [d7cf113e-c8f7-43a7-a422-e2500e59f276@group-92CE6B51814D-StateMachineUpdater] INFO  impl.StateMachineUpdater (StateMachineUpdater.java:takeSnapshot(269)) - d7cf113e-c8f7-43a7-a422-e2500e59f276@group-92CE6B51814D-StateMachineUpdater: Took a snapshot at index 5
2019-10-29 16:37:36,262 [d7cf113e-c8f7-43a7-a422-e2500e59f276@group-92CE6B51814D-StateMachineUpdater] INFO  impl.StateMachineUpdater (StateMachineUpdater.java:lambda$new$0(84)) - d7cf113e-c8f7-43a7-a422-e2500e59f276@group-92CE6B51814D-StateMachineUpdater: snapshotIndex: updateIncreasingly 5 -> 5
2019-10-29 16:37:36,276 [8703d4be-29d1-413c-a948-4626c5ffd2ef@group-074FE1EB405B-StateMachineUpdater] INFO  ratis.ContainerStateMachine (ContainerStateMachine.java:takeSnapshot(294)) - group-074FE1EB405B: Taking a snapshot at:(t:1, i:14) file /workdir/hadoop-ozone/integration-test/target/test-dir/MiniOzoneClusterImpl-d556c113-5d1c-4045-92e1-df11e6e07413/datanode-1/data/ratis/f0a65081-e5ed-4330-aa5b-074fe1eb405b/sm/snapshot.1_14
2019-10-29 16:37:36,279 [8703d4be-29d1-413c-a948-4626c5ffd2ef@group-074FE1EB405B-StateMachineUpdater] INFO  ratis.ContainerStateMachine (ContainerStateMachine.java:takeSnapshot(305)) - group-074FE1EB405B: Finished taking a snapshot at:(t:1, i:14) file:/workdir/hadoop-ozone/integration-test/target/test-dir/MiniOzoneClusterImpl-d556c113-5d1c-4045-92e1-df11e6e07413/datanode-1/data/ratis/f0a65081-e5ed-4330-aa5b-074fe1eb405b/sm/snapshot.1_14 time:4
2019-10-29 16:37:36,281 [8703d4be-29d1-413c-a948-4626c5ffd2ef@group-074FE1EB405B-StateMachineUpdater] INFO  impl.SimpleStateMachineStorage (SimpleStateMachineStorage.java:cleanupOldSnapshots(99)) - Deleting old snapshot at /workdir/hadoop-ozone/integration-test/target/test-dir/MiniOzoneClusterImpl-d556c113-5d1c-4045-92e1-df11e6e07413/datanode-1/data/ratis/f0a65081-e5ed-4330-aa5b-074fe1eb405b/sm/snapshot.1_1
2019-10-29 16:37:36,282 [8703d4be-29d1-413c-a948-4626c5ffd2ef@group-074FE1EB405B-StateMachineUpdater] INFO  impl.StateMachineUpdater (StateMachineUpdater.java:takeSnapshot(269)) - 8703d4be-29d1-413c-a948-4626c5ffd2ef@group-074FE1EB405B-StateMachineUpdater: Took a snapshot at index 14
2019-10-29 16:37:36,282 [8703d4be-29d1-413c-a948-4626c5ffd2ef@group-074FE1EB405B-StateMachineUpdater] INFO  impl.StateMachineUpdater (StateMachineUpdater.java:lambda$new$0(84)) - 8703d4be-29d1-413c-a948-4626c5ffd2ef@group-074FE1EB405B-StateMachineUpdater: snapshotIndex: updateIncreasingly 11 -> 14
2019-10-29 16:37:36,282 [8703d4be-29d1-413c-a948-4626c5ffd2ef@group-074FE1EB405B-StateMachineUpdater] INFO  ratis.ContainerStateMachine (ContainerStateMachine.java:takeSnapshot(294)) - group-074FE1EB405B: Taking a snapshot at:(t:1, i:14) file /workdir/hadoop-ozone/integration-test/target/test-dir/MiniOzoneClusterImpl-d556c113-5d1c-4045-92e1-df11e6e07413/datanode-1/data/ratis/f0a65081-e5ed-4330-aa5b-074fe1eb405b/sm/snapshot.1_14
2019-10-29 16:37:36,285 [8703d4be-29d1-413c-a948-4626c5ffd2ef@group-074FE1EB405B-StateMachineUpdater] INFO  ratis.ContainerStateMachine (ContainerStateMachine.java:takeSnapshot(305)) - group-074FE1EB405B: Finished taking a snapshot at:(t:1, i:14) file:/workdir/hadoop-ozone/integration-test/target/test-dir/MiniOzoneClusterImpl-d556c113-5d1c-4045-92e1-df11e6e07413/datanode-1/data/ratis/f0a65081-e5ed-4330-aa5b-074fe1eb405b/sm/snapshot.1_14 time:2
2019-10-29 16:37:36,286 [8703d4be-29d1-413c-a948-4626c5ffd2ef@group-074FE1EB405B-StateMachineUpdater] INFO  impl.StateMachineUpdater (StateMachineUpdater.java:takeSnapshot(269)) - 8703d4be-29d1-413c-a948-4626c5ffd2ef@group-074FE1EB405B-StateMachineUpdater: Took a snapshot at index 14
2019-10-29 16:37:36,286 [8703d4be-29d1-413c-a948-4626c5ffd2ef@group-074FE1EB405B-StateMachineUpdater] INFO  impl.StateMachineUpdater (StateMachineUpdater.java:lambda$new$0(84)) - 8703d4be-29d1-413c-a948-4626c5ffd2ef@group-074FE1EB405B-StateMachineUpdater: snapshotIndex: updateIncreasingly 14 -> 14
2019-10-29 16:37:36,308 [8703d4be-29d1-413c-a948-4626c5ffd2ef@group-074FE1EB405B-StateMachineUpdater] INFO  ratis.ContainerStateMachine (ContainerStateMachine.java:takeSnapshot(294)) - group-074FE1EB405B: Taking a snapshot at:(t:1, i:16) file /workdir/hadoop-ozone/integration-test/target/test-dir/MiniOzoneClusterImpl-d556c113-5d1c-4045-92e1-df11e6e07413/datanode-1/data/ratis/f0a65081-e5ed-4330-aa5b-074fe1eb405b/sm/snapshot.1_16
2019-10-29 16:37:36,313 [8703d4be-29d1-413c-a948-4626c5ffd2ef@group-074FE1EB405B-StateMachineUpdater] INFO  ratis.ContainerStateMachine (ContainerStateMachine.java:takeSnapshot(305)) - group-074FE1EB405B: Finished taking a snapshot at:(t:1, i:16) file:/workdir/hadoop-ozone/integration-test/target/test-dir/MiniOzoneClusterImpl-d556c113-5d1c-4045-92e1-df11e6e07413/datanode-1/data/ratis/f0a65081-e5ed-4330-aa5b-074fe1eb405b/sm/snapshot.1_16 time:6
2019-10-29 16:37:36,314 [8703d4be-29d1-413c-a948-4626c5ffd2ef@group-074FE1EB405B-StateMachineUpdater] INFO  impl.SimpleStateMachineStorage (SimpleStateMachineStorage.java:cleanupOldSnapshots(99)) - Deleting old snapshot at /workdir/hadoop-ozone/integration-test/target/test-dir/MiniOzoneClusterImpl-d556c113-5d1c-4045-92e1-df11e6e07413/datanode-1/data/ratis/f0a65081-e5ed-4330-aa5b-074fe1eb405b/sm/snapshot.1_2
2019-10-29 16:37:36,314 [8703d4be-29d1-413c-a948-4626c5ffd2ef@group-074FE1EB405B-StateMachineUpdater] INFO  impl.StateMachineUpdater (StateMachineUpdater.java:takeSnapshot(269)) - 8703d4be-29d1-413c-a948-4626c5ffd2ef@group-074FE1EB405B-StateMachineUpdater: Took a snapshot at index 16
2019-10-29 16:37:36,314 [8703d4be-29d1-413c-a948-4626c5ffd2ef@group-074FE1EB405B-StateMachineUpdater] INFO  impl.StateMachineUpdater (StateMachineUpdater.java:lambda$new$0(84)) - 8703d4be-29d1-413c-a948-4626c5ffd2ef@group-074FE1EB405B-StateMachineUpdater: snapshotIndex: updateIncreasingly 14 -> 16
2019-10-29 16:37:36,316 [8703d4be-29d1-413c-a948-4626c5ffd2ef@group-074FE1EB405B-StateMachineUpdater] INFO  ratis.ContainerStateMachine (ContainerStateMachine.java:takeSnapshot(294)) - group-074FE1EB405B: Taking a snapshot at:(t:1, i:19) file /workdir/hadoop-ozone/integration-test/target/test-dir/MiniOzoneClusterImpl-d556c113-5d1c-4045-92e1-df11e6e07413/datanode-1/data/ratis/f0a65081-e5ed-4330-aa5b-074fe1eb405b/sm/snapshot.1_19
2019-10-29 16:37:36,319 [8703d4be-29d1-413c-a948-4626c5ffd2ef@group-074FE1EB405B-StateMachineUpdater] INFO  ratis.ContainerStateMachine (ContainerStateMachine.java:takeSnapshot(305)) - group-074FE1EB405B: Finished taking a snapshot at:(t:1, i:19) file:/workdir/hadoop-ozone/integration-test/target/test-dir/MiniOzoneClusterImpl-d556c113-5d1c-4045-92e1-df11e6e07413/datanode-1/data/ratis/f0a65081-e5ed-4330-aa5b-074fe1eb405b/sm/snapshot.1_19 time:4
2019-10-29 16:37:36,320 [8703d4be-29d1-413c-a948-4626c5ffd2ef@group-074FE1EB405B-StateMachineUpdater] INFO  impl.SimpleStateMachineStorage (SimpleStateMachineStorage.java:cleanupOldSnapshots(99)) - Deleting old snapshot at /workdir/hadoop-ozone/integration-test/target/test-dir/MiniOzoneClusterImpl-d556c113-5d1c-4045-92e1-df11e6e07413/datanode-1/data/ratis/f0a65081-e5ed-4330-aa5b-074fe1eb405b/sm/snapshot.1_5
2019-10-29 16:37:36,320 [8703d4be-29d1-413c-a948-4626c5ffd2ef@group-074FE1EB405B-StateMachineUpdater] INFO  impl.StateMachineUpdater (StateMachineUpdater.java:takeSnapshot(269)) - 8703d4be-29d1-413c-a948-4626c5ffd2ef@group-074FE1EB405B-StateMachineUpdater: Took a snapshot at index 19
2019-10-29 16:37:36,320 [8703d4be-29d1-413c-a948-4626c5ffd2ef@group-074FE1EB405B-StateMachineUpdater] INFO  impl.StateMachineUpdater (StateMachineUpdater.java:lambda$new$0(84)) - 8703d4be-29d1-413c-a948-4626c5ffd2ef@group-074FE1EB405B-StateMachineUpdater: snapshotIndex: updateIncreasingly 16 -> 19
2019-10-29 16:37:36,490 [401d187c-767f-4491-93ca-fa1e80ca4a34@group-868D7A62957F-StateMachineUpdater] INFO  ratis.ContainerStateMachine (ContainerStateMachine.java:takeSnapshot(294)) - group-868D7A62957F: Taking a snapshot at:(t:1, i:2) file /workdir/hadoop-ozone/integration-test/target/test-dir/MiniOzoneClusterImpl-d556c113-5d1c-4045-92e1-df11e6e07413/datanode-0/data/ratis/111c79c5-61ae-4478-a226-868d7a62957f/sm/snapshot.1_2
2019-10-29 16:37:36,492 [401d187c-767f-4491-93ca-fa1e80ca4a34@group-868D7A62957F-StateMachineUpdater] INFO  ratis.ContainerStateMachine (ContainerStateMachine.java:takeSnapshot(305)) - group-868D7A62957F: Finished taking a snapshot at:(t:1, i:2) file:/workdir/hadoop-ozone/integration-test/target/test-dir/MiniOzoneClusterImpl-d556c113-5d1c-4045-92e1-df11e6e07413/datanode-0/data/ratis/111c79c5-61ae-4478-a226-868d7a62957f/sm/snapshot.1_2 time:3
2019-10-29 16:37:36,493 [401d187c-767f-4491-93ca-fa1e80ca4a34@group-868D7A62957F-StateMachineUpdater] INFO  impl.StateMachineUpdater (StateMachineUpdater.java:takeSnapshot(269)) - 401d187c-767f-4491-93ca-fa1e80ca4a34@group-868D7A62957F-StateMachineUpdater: Took a snapshot at index 2
2019-10-29 16:37:36,493 [401d187c-767f-4491-93ca-fa1e80ca4a34@group-868D7A62957F-StateMachineUpdater] INFO  impl.StateMachineUpdater (StateMachineUpdater.java:lambda$new$0(84)) - 401d187c-767f-4491-93ca-fa1e80ca4a34@group-868D7A62957F-StateMachineUpdater: snapshotIndex: updateIncreasingly -1 -> 2
2019-10-29 16:37:36,493 [401d187c-767f-4491-93ca-fa1e80ca4a34@group-868D7A62957F-StateMachineUpdater] INFO  ratis.ContainerStateMachine (ContainerStateMachine.java:takeSnapshot(294)) - group-868D7A62957F: Taking a snapshot at:(t:1, i:2) file /workdir/hadoop-ozone/integration-test/target/test-dir/MiniOzoneClusterImpl-d556c113-5d1c-4045-92e1-df11e6e07413/datanode-0/data/ratis/111c79c5-61ae-4478-a226-868d7a62957f/sm/snapshot.1_2
2019-10-29 16:37:36,497 [401d187c-767f-4491-93ca-fa1e80ca4a34@group-868D7A62957F-StateMachineUpdater] INFO  ratis.ContainerStateMachine (ContainerStateMachine.java:takeSnapshot(305)) - group-868D7A62957F: Finished taking a snapshot at:(t:1, i:2) file:/workdir/hadoop-ozone/integration-test/target/test-dir/MiniOzoneClusterImpl-d556c113-5d1c-4045-92e1-df11e6e07413/datanode-0/data/ratis/111c79c5-61ae-4478-a226-868d7a62957f/sm/snapshot.1_2 time:4
2019-10-29 16:37:36,497 [401d187c-767f-4491-93ca-fa1e80ca4a34@group-868D7A62957F-StateMachineUpdater] INFO  impl.StateMachineUpdater (StateMachineUpdater.java:takeSnapshot(269)) - 401d187c-767f-4491-93ca-fa1e80ca4a34@group-868D7A62957F-StateMachineUpdater: Took a snapshot at index 2
2019-10-29 16:37:36,497 [401d187c-767f-4491-93ca-fa1e80ca4a34@group-868D7A62957F-StateMachineUpdater] INFO  impl.StateMachineUpdater (StateMachineUpdater.java:lambda$new$0(84)) - 401d187c-767f-4491-93ca-fa1e80ca4a34@group-868D7A62957F-StateMachineUpdater: snapshotIndex: updateIncreasingly 2 -> 2
2019-10-29 16:37:36,656 [d7cf113e-c8f7-43a7-a422-e2500e59f276@group-92CE6B51814D-StateMachineUpdater] INFO  ratis.ContainerStateMachine (ContainerStateMachine.java:takeSnapshot(294)) - group-92CE6B51814D: Taking a snapshot at:(t:1, i:8) file /workdir/hadoop-ozone/integration-test/target/test-dir/MiniOzoneClusterImpl-d556c113-5d1c-4045-92e1-df11e6e07413/datanode-2/data/ratis/6152416c-1f84-4b35-b369-92ce6b51814d/sm/snapshot.1_8
2019-10-29 16:37:36,662 [main] INFO  ozone.MiniOzoneClusterImpl (MiniOzoneClusterImpl.java:shutdown(338)) - Shutting down the Mini Ozone Cluster
2019-10-29 16:37:36,663 [main] INFO  ozone.MiniOzoneClusterImpl (MiniOzoneClusterImpl.java:stop(354)) - Stopping the Mini Ozone Cluster
2019-10-29 16:37:36,664 [main] INFO  ozone.MiniOzoneClusterImpl (MiniOzoneClusterImpl.java:stopOM(424)) - Stopping the OzoneManager
2019-10-29 16:37:36,664 [main] INFO  ipc.Server (Server.java:stop(3082)) - Stopping server on 34826
2019-10-29 16:37:36,671 [d7cf113e-c8f7-43a7-a422-e2500e59f276@group-92CE6B51814D-StateMachineUpdater] INFO  ratis.ContainerStateMachine (ContainerStateMachine.java:takeSnapshot(305)) - group-92CE6B51814D: Finished taking a snapshot at:(t:1, i:8) file:/workdir/hadoop-ozone/integration-test/target/test-dir/MiniOzoneClusterImpl-d556c113-5d1c-4045-92e1-df11e6e07413/datanode-2/data/ratis/6152416c-1f84-4b35-b369-92ce6b51814d/sm/snapshot.1_8 time:13
2019-10-29 16:37:36,675 [IPC Server listener on 34826] INFO  ipc.Server (Server.java:run(1185)) - Stopping IPC Server listener on 34826
2019-10-29 16:37:36,676 [main] INFO  ratis.OzoneManagerDoubleBuffer (OzoneManagerDoubleBuffer.java:stop(255)) - Stopping OMDoubleBuffer flush thread
2019-10-29 16:37:36,679 [OMDoubleBufferFlushThread] INFO  ratis.OzoneManagerDoubleBuffer (OzoneManagerDoubleBuffer.java:flushTransactions(198)) - OMDoubleBuffer flush thread OMDoubleBufferFlushThread is interrupted and will exit. OMDoubleBufferFlushThread
2019-10-29 16:37:36,680 [main] INFO  utils.BackgroundService (BackgroundService.java:shutdown(151)) - Shutting down service KeyDeletingService
2019-10-29 16:37:36,677 [IPC Server Responder] INFO  ipc.Server (Server.java:run(1319)) - Stopping IPC Server Responder
2019-10-29 16:37:36,675 [d7cf113e-c8f7-43a7-a422-e2500e59f276@group-92CE6B51814D-StateMachineUpdater] INFO  impl.StateMachineUpdater (StateMachineUpdater.java:takeSnapshot(269)) - d7cf113e-c8f7-43a7-a422-e2500e59f276@group-92CE6B51814D-StateMachineUpdater: Took a snapshot at index 8
2019-10-29 16:37:36,681 [d7cf113e-c8f7-43a7-a422-e2500e59f276@group-92CE6B51814D-StateMachineUpdater] INFO  impl.StateMachineUpdater (StateMachineUpdater.java:lambda$new$0(84)) - d7cf113e-c8f7-43a7-a422-e2500e59f276@group-92CE6B51814D-StateMachineUpdater: snapshotIndex: updateIncreasingly 5 -> 8
2019-10-29 16:37:36,681 [d7cf113e-c8f7-43a7-a422-e2500e59f276@group-92CE6B51814D-StateMachineUpdater] INFO  ratis.ContainerStateMachine (ContainerStateMachine.java:takeSnapshot(294)) - group-92CE6B51814D: Taking a snapshot at:(t:1, i:8) file /workdir/hadoop-ozone/integration-test/target/test-dir/MiniOzoneClusterImpl-d556c113-5d1c-4045-92e1-df11e6e07413/datanode-2/data/ratis/6152416c-1f84-4b35-b369-92ce6b51814d/sm/snapshot.1_8
2019-10-29 16:37:36,683 [main] INFO  om.OzoneManager (OzoneManager.java:stopSecretManager(654)) - Stopping OM block token manager.
2019-10-29 16:37:36,691 [main] INFO  handler.ContextHandler (ContextHandler.java:doStop(910)) - Stopped o.e.j.w.WebAppContext@37fdfb05{/,null,UNAVAILABLE}{/ozoneManager}
2019-10-29 16:37:36,699 [main] INFO  server.AbstractConnector (AbstractConnector.java:doStop(318)) - Stopped ServerConnector@5e39850{HTTP/1.1,[http/1.1]}{0.0.0.0:0}
2019-10-29 16:37:36,699 [main] INFO  handler.ContextHandler (ContextHandler.java:doStop(910)) - Stopped o.e.j.s.ServletContextHandler@1965539b{/static,file:///workdir/hadoop-ozone/integration-test/target/test-classes/webapps/static,UNAVAILABLE}
2019-10-29 16:37:36,700 [main] INFO  handler.ContextHandler (ContextHandler.java:doStop(910)) - Stopped o.e.j.s.ServletContextHandler@773dab28{/logs,file:///workdir/hadoop-ozone/integration-test/target/log,UNAVAILABLE}
2019-10-29 16:37:36,704 [main] INFO  ozone.MiniOzoneClusterImpl (MiniOzoneClusterImpl.java:stopDatanodes(401)) - Stopping the HddsDatanodes
2019-10-29 16:37:36,724 [d7cf113e-c8f7-43a7-a422-e2500e59f276@group-92CE6B51814D-StateMachineUpdater] INFO  ratis.ContainerStateMachine (ContainerStateMachine.java:takeSnapshot(305)) - group-92CE6B51814D: Finished taking a snapshot at:(t:1, i:8) file:/workdir/hadoop-ozone/integration-test/target/test-dir/MiniOzoneClusterImpl-d556c113-5d1c-4045-92e1-df11e6e07413/datanode-2/data/ratis/6152416c-1f84-4b35-b369-92ce6b51814d/sm/snapshot.1_8 time:44
2019-10-29 16:37:36,725 [d7cf113e-c8f7-43a7-a422-e2500e59f276@group-92CE6B51814D-StateMachineUpdater] INFO  impl.StateMachineUpdater (StateMachineUpdater.java:takeSnapshot(269)) - d7cf113e-c8f7-43a7-a422-e2500e59f276@group-92CE6B51814D-StateMachineUpdater: Took a snapshot at index 8
2019-10-29 16:37:36,725 [d7cf113e-c8f7-43a7-a422-e2500e59f276@group-92CE6B51814D-StateMachineUpdater] INFO  impl.StateMachineUpdater (StateMachineUpdater.java:lambda$new$0(84)) - d7cf113e-c8f7-43a7-a422-e2500e59f276@group-92CE6B51814D-StateMachineUpdater: snapshotIndex: updateIncreasingly 8 -> 8
2019-10-29 16:37:36,799 [Datanode State Machine Thread - 0] INFO  statemachine.DatanodeStateMachine (DatanodeStateMachine.java:lambda$startDaemon$0(356)) - Ozone container server started.
2019-10-29 16:37:36,823 [Datanode State Machine Thread - 0] INFO  statemachine.DatanodeStateMachine (DatanodeStateMachine.java:lambda$startDaemon$0(356)) - Ozone container server started.
2019-10-29 16:37:39,634 [EventQueue-StaleNodeForStaleNodeHandler] INFO  node.StaleNodeHandler (StaleNodeHandler.java:onMessage(58)) - Datanode 401d187c-767f-4491-93ca-fa1e80ca4a34{ip: 192.168.164.217, host: pr-hdds-2034-76npd-2451761435, networkLocation: /default-rack, certSerialId: null} moved to stale state. Finalizing its pipelines [PipelineID=111c79c5-61ae-4478-a226-868d7a62957f, PipelineID=1db9e29b-1ebb-4ab7-b4af-993c6c1163b1]
2019-10-29 16:37:39,635 [EventQueue-StaleNodeForStaleNodeHandler] INFO  pipeline.SCMPipelineManager (SCMPipelineManager.java:finalizeAndDestroyPipeline(333)) - destroying pipeline:Pipeline[ Id: 111c79c5-61ae-4478-a226-868d7a62957f, Nodes: 401d187c-767f-4491-93ca-fa1e80ca4a34{ip: 192.168.164.217, host: pr-hdds-2034-76npd-2451761435, networkLocation: /default-rack, certSerialId: null}, Type:RATIS, Factor:ONE, State:OPEN]
2019-10-29 16:37:39,635 [EventQueue-StaleNodeForStaleNodeHandler] INFO  pipeline.PipelineStateManager (PipelineStateManager.java:finalizePipeline(123)) - Pipeline Pipeline[ Id: 111c79c5-61ae-4478-a226-868d7a62957f, Nodes: 401d187c-767f-4491-93ca-fa1e80ca4a34{ip: 192.168.164.217, host: pr-hdds-2034-76npd-2451761435, networkLocation: /default-rack, certSerialId: null}, Type:RATIS, Factor:ONE, State:CLOSED] moved to CLOSED state
2019-10-29 16:37:39,636 [EventQueue-CloseContainerForCloseContainerEventHandler] INFO  container.CloseContainerEventHandler (CloseContainerEventHandler.java:onMessage(61)) - Close container Event triggered for container : #6
2019-10-29 16:37:39,638 [EventQueue-StaleNodeForStaleNodeHandler] INFO  pipeline.SCMPipelineManager (SCMPipelineManager.java:finalizeAndDestroyPipeline(333)) - destroying pipeline:Pipeline[ Id: 1db9e29b-1ebb-4ab7-b4af-993c6c1163b1, Nodes: 401d187c-767f-4491-93ca-fa1e80ca4a34{ip: 192.168.164.217, host: pr-hdds-2034-76npd-2451761435, networkLocation: /default-rack, certSerialId: null}d7cf113e-c8f7-43a7-a422-e2500e59f276{ip: 192.168.164.217, host: pr-hdds-2034-76npd-2451761435, networkLocation: /default-rack, certSerialId: null}8703d4be-29d1-413c-a948-4626c5ffd2ef{ip: 192.168.164.217, host: pr-hdds-2034-76npd-2451761435, networkLocation: /default-rack, certSerialId: null}, Type:RATIS, Factor:THREE, State:OPEN]
2019-10-29 16:37:39,638 [EventQueue-StaleNodeForStaleNodeHandler] INFO  pipeline.PipelineStateManager (PipelineStateManager.java:finalizePipeline(123)) - Pipeline Pipeline[ Id: 1db9e29b-1ebb-4ab7-b4af-993c6c1163b1, Nodes: 401d187c-767f-4491-93ca-fa1e80ca4a34{ip: 192.168.164.217, host: pr-hdds-2034-76npd-2451761435, networkLocation: /default-rack, certSerialId: null}d7cf113e-c8f7-43a7-a422-e2500e59f276{ip: 192.168.164.217, host: pr-hdds-2034-76npd-2451761435, networkLocation: /default-rack, certSerialId: null}8703d4be-29d1-413c-a948-4626c5ffd2ef{ip: 192.168.164.217, host: pr-hdds-2034-76npd-2451761435, networkLocation: /default-rack, certSerialId: null}, Type:RATIS, Factor:THREE, State:CLOSED] moved to CLOSED state
2019-10-29 16:37:39,639 [EventQueue-StaleNodeForStaleNodeHandler] INFO  node.StaleNodeHandler (StaleNodeHandler.java:onMessage(58)) - Datanode 8703d4be-29d1-413c-a948-4626c5ffd2ef{ip: 192.168.164.217, host: pr-hdds-2034-76npd-2451761435, networkLocation: /default-rack, certSerialId: null} moved to stale state. Finalizing its pipelines [PipelineID=1db9e29b-1ebb-4ab7-b4af-993c6c1163b1, PipelineID=f0a65081-e5ed-4330-aa5b-074fe1eb405b]
2019-10-29 16:37:39,639 [EventQueue-StaleNodeForStaleNodeHandler] INFO  pipeline.SCMPipelineManager (SCMPipelineManager.java:finalizeAndDestroyPipeline(333)) - destroying pipeline:Pipeline[ Id: 1db9e29b-1ebb-4ab7-b4af-993c6c1163b1, Nodes: 401d187c-767f-4491-93ca-fa1e80ca4a34{ip: 192.168.164.217, host: pr-hdds-2034-76npd-2451761435, networkLocation: /default-rack, certSerialId: null}d7cf113e-c8f7-43a7-a422-e2500e59f276{ip: 192.168.164.217, host: pr-hdds-2034-76npd-2451761435, networkLocation: /default-rack, certSerialId: null}8703d4be-29d1-413c-a948-4626c5ffd2ef{ip: 192.168.164.217, host: pr-hdds-2034-76npd-2451761435, networkLocation: /default-rack, certSerialId: null}, Type:RATIS, Factor:THREE, State:CLOSED]
2019-10-29 16:37:39,640 [EventQueue-StaleNodeForStaleNodeHandler] INFO  pipeline.SCMPipelineManager (SCMPipelineManager.java:finalizeAndDestroyPipeline(333)) - destroying pipeline:Pipeline[ Id: f0a65081-e5ed-4330-aa5b-074fe1eb405b, Nodes: 8703d4be-29d1-413c-a948-4626c5ffd2ef{ip: 192.168.164.217, host: pr-hdds-2034-76npd-2451761435, networkLocation: /default-rack, certSerialId: null}, Type:RATIS, Factor:ONE, State:OPEN]
2019-10-29 16:37:39,640 [EventQueue-StaleNodeForStaleNodeHandler] INFO  pipeline.PipelineStateManager (PipelineStateManager.java:finalizePipeline(123)) - Pipeline Pipeline[ Id: f0a65081-e5ed-4330-aa5b-074fe1eb405b, Nodes: 8703d4be-29d1-413c-a948-4626c5ffd2ef{ip: 192.168.164.217, host: pr-hdds-2034-76npd-2451761435, networkLocation: /default-rack, certSerialId: null}, Type:RATIS, Factor:ONE, State:CLOSED] moved to CLOSED state
2019-10-29 16:37:39,640 [EventQueue-CloseContainerForCloseContainerEventHandler] INFO  container.CloseContainerEventHandler (CloseContainerEventHandler.java:onMessage(61)) - Close container Event triggered for container : #1
2019-10-29 16:37:39,642 [EventQueue-CloseContainerForCloseContainerEventHandler] INFO  container.CloseContainerEventHandler (CloseContainerEventHandler.java:onMessage(61)) - Close container Event triggered for container : #3
2019-10-29 16:37:39,642 [EventQueue-CloseContainerForCloseContainerEventHandler] INFO  container.CloseContainerEventHandler (CloseContainerEventHandler.java:onMessage(61)) - Close container Event triggered for container : #4
2019-10-29 16:37:40,255 [Thread-217] INFO  impl.FollowerState (FollowerState.java:run(111)) - 401d187c-767f-4491-93ca-fa1e80ca4a34@group-993C6C1163B1-FollowerState: change to CANDIDATE, lastRpcTime:5006ms, electionTimeout:5004ms
2019-10-29 16:37:40,256 [Thread-217] INFO  impl.RoleInfo (RoleInfo.java:shutdownFollowerState(121)) - 401d187c-767f-4491-93ca-fa1e80ca4a34: shutdown FollowerState
2019-10-29 16:37:40,256 [Thread-217] INFO  impl.RaftServerImpl (RaftServerImpl.java:setRole(173)) - 401d187c-767f-4491-93ca-fa1e80ca4a34@group-993C6C1163B1: changes role from  FOLLOWER to CANDIDATE at term 1 for changeToCandidate
2019-10-29 16:37:40,256 [Thread-217] INFO  impl.RoleInfo (RoleInfo.java:updateAndGet(143)) - 401d187c-767f-4491-93ca-fa1e80ca4a34: start LeaderElection
2019-10-29 16:37:40,264 [Thread-215] INFO  impl.FollowerState (FollowerState.java:run(111)) - 8703d4be-29d1-413c-a948-4626c5ffd2ef@group-993C6C1163B1-FollowerState: change to CANDIDATE, lastRpcTime:5016ms, electionTimeout:5015ms
2019-10-29 16:37:40,264 [Thread-215] INFO  impl.RoleInfo (RoleInfo.java:shutdownFollowerState(121)) - 8703d4be-29d1-413c-a948-4626c5ffd2ef: shutdown FollowerState
2019-10-29 16:37:40,264 [Thread-215] INFO  impl.RaftServerImpl (RaftServerImpl.java:setRole(173)) - 8703d4be-29d1-413c-a948-4626c5ffd2ef@group-993C6C1163B1: changes role from  FOLLOWER to CANDIDATE at term 1 for changeToCandidate
2019-10-29 16:37:40,265 [Thread-215] INFO  impl.RoleInfo (RoleInfo.java:updateAndGet(143)) - 8703d4be-29d1-413c-a948-4626c5ffd2ef: start LeaderElection
2019-10-29 16:37:40,274 [401d187c-767f-4491-93ca-fa1e80ca4a34@group-993C6C1163B1-LeaderElection7] INFO  impl.LeaderElection (LeaderElection.java:askForVotes(178)) - 401d187c-767f-4491-93ca-fa1e80ca4a34@group-993C6C1163B1-LeaderElection7: begin an election at term 2 for -1: [401d187c-767f-4491-93ca-fa1e80ca4a34:192.168.164.217:39932, d7cf113e-c8f7-43a7-a422-e2500e59f276:192.168.164.217:43341, 8703d4be-29d1-413c-a948-4626c5ffd2ef:192.168.164.217:44000], old=null
2019-10-29 16:37:40,274 [8703d4be-29d1-413c-a948-4626c5ffd2ef@group-993C6C1163B1-LeaderElection8] INFO  impl.LeaderElection (LeaderElection.java:askForVotes(178)) - 8703d4be-29d1-413c-a948-4626c5ffd2ef@group-993C6C1163B1-LeaderElection8: begin an election at term 2 for -1: [401d187c-767f-4491-93ca-fa1e80ca4a34:192.168.164.217:39932, d7cf113e-c8f7-43a7-a422-e2500e59f276:192.168.164.217:43341, 8703d4be-29d1-413c-a948-4626c5ffd2ef:192.168.164.217:44000], old=null
2019-10-29 16:37:40,283 [grpc-default-executor-6] INFO  impl.RaftServerImpl (RaftServerImpl.java:setRole(173)) - d7cf113e-c8f7-43a7-a422-e2500e59f276@group-993C6C1163B1: changes role from  FOLLOWER to FOLLOWER at term 2 for recognizeCandidate:401d187c-767f-4491-93ca-fa1e80ca4a34
2019-10-29 16:37:40,284 [grpc-default-executor-6] INFO  impl.RoleInfo (RoleInfo.java:shutdownFollowerState(121)) - d7cf113e-c8f7-43a7-a422-e2500e59f276: shutdown FollowerState
2019-10-29 16:37:40,284 [grpc-default-executor-6] INFO  impl.RoleInfo (RoleInfo.java:updateAndGet(143)) - d7cf113e-c8f7-43a7-a422-e2500e59f276: start FollowerState
2019-10-29 16:37:40,284 [Thread-216] INFO  impl.FollowerState (FollowerState.java:run(120)) - d7cf113e-c8f7-43a7-a422-e2500e59f276@group-993C6C1163B1-FollowerState was interrupted: java.lang.InterruptedException: sleep interrupted
2019-10-29 16:37:40,314 [401d187c-767f-4491-93ca-fa1e80ca4a34@group-993C6C1163B1-LeaderElection7] INFO  impl.LeaderElection (LeaderElection.java:logAndReturn(56)) - 401d187c-767f-4491-93ca-fa1e80ca4a34@group-993C6C1163B1-LeaderElection7: Election PASSED; received 2 response(s) [401d187c-767f-4491-93ca-fa1e80ca4a34<-8703d4be-29d1-413c-a948-4626c5ffd2ef#0:FAIL-t2, 401d187c-767f-4491-93ca-fa1e80ca4a34<-d7cf113e-c8f7-43a7-a422-e2500e59f276#0:OK-t2] and 0 exception(s); 401d187c-767f-4491-93ca-fa1e80ca4a34@group-993C6C1163B1:t2, leader=null, voted=401d187c-767f-4491-93ca-fa1e80ca4a34, raftlog=401d187c-767f-4491-93ca-fa1e80ca4a34@group-993C6C1163B1-SegmentedRaftLog:OPENED:c-1,f-1,i0, conf=-1: [401d187c-767f-4491-93ca-fa1e80ca4a34:192.168.164.217:39932, d7cf113e-c8f7-43a7-a422-e2500e59f276:192.168.164.217:43341, 8703d4be-29d1-413c-a948-4626c5ffd2ef:192.168.164.217:44000], old=null
2019-10-29 16:37:40,314 [401d187c-767f-4491-93ca-fa1e80ca4a34@group-993C6C1163B1-LeaderElection7] INFO  impl.RoleInfo (RoleInfo.java:shutdownLeaderElection(134)) - 401d187c-767f-4491-93ca-fa1e80ca4a34: shutdown LeaderElection
2019-10-29 16:37:40,320 [401d187c-767f-4491-93ca-fa1e80ca4a34@group-993C6C1163B1-LeaderElection7] INFO  impl.RaftServerImpl (RaftServerImpl.java:setRole(173)) - 401d187c-767f-4491-93ca-fa1e80ca4a34@group-993C6C1163B1: changes role from CANDIDATE to LEADER at term 2 for changeToLeader
2019-10-29 16:37:40,322 [401d187c-767f-4491-93ca-fa1e80ca4a34@group-993C6C1163B1-LeaderElection7] INFO  impl.RaftServerImpl (ServerState.java:setLeader(255)) - 401d187c-767f-4491-93ca-fa1e80ca4a34@group-993C6C1163B1: change Leader from null to 401d187c-767f-4491-93ca-fa1e80ca4a34 at term 2 for becomeLeader, leader elected after 10573ms
2019-10-29 16:37:40,322 [8703d4be-29d1-413c-a948-4626c5ffd2ef@group-993C6C1163B1-LeaderElection8] INFO  impl.LeaderElection (LeaderElection.java:logAndReturn(56)) - 8703d4be-29d1-413c-a948-4626c5ffd2ef@group-993C6C1163B1-LeaderElection8: Election REJECTED; received 2 response(s) [8703d4be-29d1-413c-a948-4626c5ffd2ef<-401d187c-767f-4491-93ca-fa1e80ca4a34#0:FAIL-t2, 8703d4be-29d1-413c-a948-4626c5ffd2ef<-d7cf113e-c8f7-43a7-a422-e2500e59f276#0:FAIL-t2] and 0 exception(s); 8703d4be-29d1-413c-a948-4626c5ffd2ef@group-993C6C1163B1:t2, leader=null, voted=8703d4be-29d1-413c-a948-4626c5ffd2ef, raftlog=8703d4be-29d1-413c-a948-4626c5ffd2ef@group-993C6C1163B1-SegmentedRaftLog:OPENED:c-1,f-1,i0, conf=-1: [401d187c-767f-4491-93ca-fa1e80ca4a34:192.168.164.217:39932, d7cf113e-c8f7-43a7-a422-e2500e59f276:192.168.164.217:43341, 8703d4be-29d1-413c-a948-4626c5ffd2ef:192.168.164.217:44000], old=null
2019-10-29 16:37:40,323 [401d187c-767f-4491-93ca-fa1e80ca4a34@group-993C6C1163B1-LeaderElection7] INFO  server.RaftServerConfigKeys (ConfUtils.java:logGet(43)) - raft.server.staging.catchup.gap = 1000 (default)
2019-10-29 16:37:40,323 [8703d4be-29d1-413c-a948-4626c5ffd2ef@group-993C6C1163B1-LeaderElection8] INFO  impl.RaftServerImpl (RaftServerImpl.java:setRole(173)) - 8703d4be-29d1-413c-a948-4626c5ffd2ef@group-993C6C1163B1: changes role from CANDIDATE to FOLLOWER at term 2 for DISCOVERED_A_NEW_TERM
2019-10-29 16:37:40,324 [401d187c-767f-4491-93ca-fa1e80ca4a34@group-993C6C1163B1-LeaderElection7] INFO  server.RaftServerConfigKeys (ConfUtils.java:logGet(43)) - raft.server.rpc.sleep.time = 25ms (default)
2019-10-29 16:37:40,325 [8703d4be-29d1-413c-a948-4626c5ffd2ef@group-993C6C1163B1-LeaderElection8] INFO  impl.RoleInfo (RoleInfo.java:shutdownLeaderElection(134)) - 8703d4be-29d1-413c-a948-4626c5ffd2ef: shutdown LeaderElection
2019-10-29 16:37:40,325 [401d187c-767f-4491-93ca-fa1e80ca4a34@group-993C6C1163B1-LeaderElection7] INFO  server.RaftServerConfigKeys (ConfUtils.java:logGet(43)) - raft.server.write.element-limit = 4096 (default)
2019-10-29 16:37:40,326 [8703d4be-29d1-413c-a948-4626c5ffd2ef@group-993C6C1163B1-LeaderElection8] INFO  impl.RoleInfo (RoleInfo.java:updateAndGet(143)) - 8703d4be-29d1-413c-a948-4626c5ffd2ef: start FollowerState
2019-10-29 16:37:40,326 [401d187c-767f-4491-93ca-fa1e80ca4a34@group-993C6C1163B1-LeaderElection7] INFO  server.RaftServerConfigKeys (ConfUtils.java:logGet(43)) - raft.server.watch.timeout = 10s (default)
2019-10-29 16:37:40,326 [401d187c-767f-4491-93ca-fa1e80ca4a34@group-993C6C1163B1-LeaderElection7] INFO  server.RaftServerConfigKeys (ConfUtils.java:logGet(43)) - raft.server.watch.timeout.denomination = 1s (default)
2019-10-29 16:37:40,327 [401d187c-767f-4491-93ca-fa1e80ca4a34@group-993C6C1163B1-LeaderElection7] INFO  server.RaftServerConfigKeys (ConfUtils.java:logGet(43)) - raft.server.watch.element-limit = 65536 (default)
2019-10-29 16:37:40,330 [401d187c-767f-4491-93ca-fa1e80ca4a34@group-993C6C1163B1-LeaderElection7] INFO  server.RaftServerConfigKeys (ConfUtils.java:logGet(43)) - raft.server.log.appender.snapshot.chunk.size.max = 16MB (=16777216) (default)
2019-10-29 16:37:40,330 [401d187c-767f-4491-93ca-fa1e80ca4a34@group-993C6C1163B1-LeaderElection7] INFO  server.RaftServerConfigKeys (ConfUtils.java:logGet(43)) - raft.server.log.appender.buffer.byte-limit = 33554432 (custom)
2019-10-29 16:37:40,331 [401d187c-767f-4491-93ca-fa1e80ca4a34@group-993C6C1163B1-LeaderElection7] INFO  server.RaftServerConfigKeys (ConfUtils.java:logGet(43)) - raft.server.log.appender.buffer.element-limit = 1 (custom)
2019-10-29 16:37:40,334 [401d187c-767f-4491-93ca-fa1e80ca4a34@group-993C6C1163B1-LeaderElection7] INFO  grpc.GrpcConfigKeys$Server (ConfUtils.java:logGet(43)) - raft.grpc.server.leader.outstanding.appends.max = 128 (default)
2019-10-29 16:37:40,335 [401d187c-767f-4491-93ca-fa1e80ca4a34@group-993C6C1163B1-LeaderElection7] INFO  server.RaftServerConfigKeys (ConfUtils.java:logGet(43)) - raft.server.rpc.request.timeout = 3000ms (default)
2019-10-29 16:37:40,335 [401d187c-767f-4491-93ca-fa1e80ca4a34@group-993C6C1163B1-LeaderElection7] INFO  server.RaftServerConfigKeys (ConfUtils.java:logGet(43)) - raft.server.log.appender.install.snapshot.enabled = false (custom)
2019-10-29 16:37:40,336 [401d187c-767f-4491-93ca-fa1e80ca4a34@group-993C6C1163B1-LeaderElection7] WARN  impl.MetricRegistriesImpl (MetricRegistriesImpl.java:lambda$create$1(61)) - First MetricRegistry has been created without registering reporters. You may need to call MetricRegistries.global().addReportRegistration(...) before.
2019-10-29 16:37:40,337 [401d187c-767f-4491-93ca-fa1e80ca4a34@group-993C6C1163B1-LeaderElection7] INFO  server.RaftServerConfigKeys (ConfUtils.java:logGet(43)) - raft.server.log.appender.snapshot.chunk.size.max = 16MB (=16777216) (default)
2019-10-29 16:37:40,337 [401d187c-767f-4491-93ca-fa1e80ca4a34@group-993C6C1163B1-LeaderElection7] INFO  server.RaftServerConfigKeys (ConfUtils.java:logGet(43)) - raft.server.log.appender.buffer.byte-limit = 33554432 (custom)
2019-10-29 16:37:40,337 [401d187c-767f-4491-93ca-fa1e80ca4a34@group-993C6C1163B1-LeaderElection7] INFO  server.RaftServerConfigKeys (ConfUtils.java:logGet(43)) - raft.server.log.appender.buffer.element-limit = 1 (custom)
2019-10-29 16:37:40,338 [401d187c-767f-4491-93ca-fa1e80ca4a34@group-993C6C1163B1-LeaderElection7] INFO  grpc.GrpcConfigKeys$Server (ConfUtils.java:logGet(43)) - raft.grpc.server.leader.outstanding.appends.max = 128 (default)
2019-10-29 16:37:40,338 [401d187c-767f-4491-93ca-fa1e80ca4a34@group-993C6C1163B1-LeaderElection7] INFO  server.RaftServerConfigKeys (ConfUtils.java:logGet(43)) - raft.server.rpc.request.timeout = 3000ms (default)
2019-10-29 16:37:40,338 [401d187c-767f-4491-93ca-fa1e80ca4a34@group-993C6C1163B1-LeaderElection7] INFO  server.RaftServerConfigKeys (ConfUtils.java:logGet(43)) - raft.server.log.appender.install.snapshot.enabled = false (custom)
2019-10-29 16:37:40,340 [401d187c-767f-4491-93ca-fa1e80ca4a34@group-993C6C1163B1-LeaderElection7] INFO  impl.RoleInfo (RoleInfo.java:updateAndGet(143)) - 401d187c-767f-4491-93ca-fa1e80ca4a34: start LeaderState
2019-10-29 16:37:40,340 [401d187c-767f-4491-93ca-fa1e80ca4a34@group-993C6C1163B1-LeaderElection7] INFO  segmented.SegmentedRaftLogWorker (SegmentedRaftLogWorker.java:startLogSegment(385)) - 401d187c-767f-4491-93ca-fa1e80ca4a34@group-993C6C1163B1-SegmentedRaftLogWorker: Starting segment from index:0
2019-10-29 16:37:40,341 [401d187c-767f-4491-93ca-fa1e80ca4a34@group-993C6C1163B1-LeaderElection7] INFO  impl.RaftServerImpl (ServerState.java:setRaftConf(356)) - 401d187c-767f-4491-93ca-fa1e80ca4a34@group-993C6C1163B1: set configuration 0: [401d187c-767f-4491-93ca-fa1e80ca4a34:192.168.164.217:39932, d7cf113e-c8f7-43a7-a422-e2500e59f276:192.168.164.217:43341, 8703d4be-29d1-413c-a948-4626c5ffd2ef:192.168.164.217:44000], old=null at 0
2019-10-29 16:37:40,400 [401d187c-767f-4491-93ca-fa1e80ca4a34@group-993C6C1163B1-SegmentedRaftLogWorker] INFO  segmented.SegmentedRaftLogWorker (SegmentedRaftLogWorker.java:execute(576)) - 401d187c-767f-4491-93ca-fa1e80ca4a34@group-993C6C1163B1-SegmentedRaftLogWorker: created new log segment /workdir/hadoop-ozone/integration-test/target/test-dir/MiniOzoneClusterImpl-d556c113-5d1c-4045-92e1-df11e6e07413/datanode-0/data/ratis/1db9e29b-1ebb-4ab7-b4af-993c6c1163b1/current/log_inprogress_0
2019-10-29 16:37:40,403 [grpc-default-executor-6] INFO  impl.RaftServerImpl (ServerState.java:setLeader(255)) - 8703d4be-29d1-413c-a948-4626c5ffd2ef@group-993C6C1163B1: change Leader from null to 401d187c-767f-4491-93ca-fa1e80ca4a34 at term 2 for appendEntries, leader elected after 10653ms
2019-10-29 16:37:40,403 [grpc-default-executor-1] INFO  impl.RaftServerImpl (ServerState.java:setLeader(255)) - d7cf113e-c8f7-43a7-a422-e2500e59f276@group-993C6C1163B1: change Leader from null to 401d187c-767f-4491-93ca-fa1e80ca4a34 at term 2 for appendEntries, leader elected after 10654ms
2019-10-29 16:37:40,430 [grpc-default-executor-6] INFO  impl.RaftServerImpl (ServerState.java:setRaftConf(356)) - 8703d4be-29d1-413c-a948-4626c5ffd2ef@group-993C6C1163B1: set configuration 0: [401d187c-767f-4491-93ca-fa1e80ca4a34:192.168.164.217:39932, d7cf113e-c8f7-43a7-a422-e2500e59f276:192.168.164.217:43341, 8703d4be-29d1-413c-a948-4626c5ffd2ef:192.168.164.217:44000], old=null at 0
2019-10-29 16:37:40,430 [grpc-default-executor-1] INFO  impl.RaftServerImpl (ServerState.java:setRaftConf(356)) - d7cf113e-c8f7-43a7-a422-e2500e59f276@group-993C6C1163B1: set configuration 0: [401d187c-767f-4491-93ca-fa1e80ca4a34:192.168.164.217:39932, d7cf113e-c8f7-43a7-a422-e2500e59f276:192.168.164.217:43341, 8703d4be-29d1-413c-a948-4626c5ffd2ef:192.168.164.217:44000], old=null at 0
2019-10-29 16:37:40,431 [grpc-default-executor-6] INFO  segmented.SegmentedRaftLogWorker (SegmentedRaftLogWorker.java:startLogSegment(385)) - 8703d4be-29d1-413c-a948-4626c5ffd2ef@group-993C6C1163B1-SegmentedRaftLogWorker: Starting segment from index:0
2019-10-29 16:37:40,431 [grpc-default-executor-1] INFO  segmented.SegmentedRaftLogWorker (SegmentedRaftLogWorker.java:startLogSegment(385)) - d7cf113e-c8f7-43a7-a422-e2500e59f276@group-993C6C1163B1-SegmentedRaftLogWorker: Starting segment from index:0
2019-10-29 16:37:40,479 [d7cf113e-c8f7-43a7-a422-e2500e59f276@group-993C6C1163B1-SegmentedRaftLogWorker] INFO  segmented.SegmentedRaftLogWorker (SegmentedRaftLogWorker.java:execute(576)) - d7cf113e-c8f7-43a7-a422-e2500e59f276@group-993C6C1163B1-SegmentedRaftLogWorker: created new log segment /workdir/hadoop-ozone/integration-test/target/test-dir/MiniOzoneClusterImpl-d556c113-5d1c-4045-92e1-df11e6e07413/datanode-2/data/ratis/1db9e29b-1ebb-4ab7-b4af-993c6c1163b1/current/log_inprogress_0
2019-10-29 16:37:40,479 [8703d4be-29d1-413c-a948-4626c5ffd2ef@group-993C6C1163B1-SegmentedRaftLogWorker] INFO  segmented.SegmentedRaftLogWorker (SegmentedRaftLogWorker.java:execute(576)) - 8703d4be-29d1-413c-a948-4626c5ffd2ef@group-993C6C1163B1-SegmentedRaftLogWorker: created new log segment /workdir/hadoop-ozone/integration-test/target/test-dir/MiniOzoneClusterImpl-d556c113-5d1c-4045-92e1-df11e6e07413/datanode-1/data/ratis/1db9e29b-1ebb-4ab7-b4af-993c6c1163b1/current/log_inprogress_0
2019-10-29 16:37:41,707 [main] INFO  ozoneimpl.OzoneContainer (OzoneContainer.java:stop(227)) - Attempting to stop container services.
2019-10-29 16:37:41,707 [ForkJoinPool.commonPool-worker-0] INFO  ozoneimpl.OzoneContainer (OzoneContainer.java:stop(227)) - Attempting to stop container services.
2019-10-29 16:37:41,709 [main] INFO  impl.RaftServerProxy (RaftServerProxy.java:lambda$close$4(314)) - 8703d4be-29d1-413c-a948-4626c5ffd2ef: close
2019-10-29 16:37:41,709 [ForkJoinPool.commonPool-worker-0] INFO  impl.RaftServerProxy (RaftServerProxy.java:lambda$close$4(314)) - 401d187c-767f-4491-93ca-fa1e80ca4a34: close
2019-10-29 16:37:41,711 [main] INFO  impl.RaftServerImpl (RaftServerImpl.java:lambda$shutdown$3(250)) - 8703d4be-29d1-413c-a948-4626c5ffd2ef@group-993C6C1163B1: shutdown
2019-10-29 16:37:41,711 [ForkJoinPool.commonPool-worker-0] INFO  impl.RaftServerImpl (RaftServerImpl.java:lambda$shutdown$3(250)) - 401d187c-767f-4491-93ca-fa1e80ca4a34@group-868D7A62957F: shutdown
2019-10-29 16:37:41,712 [main] INFO  util.JmxRegister (JmxRegister.java:unregister(73)) - Successfully un-registered JMX Bean with object name Ratis:service=RaftServer,group=group-993C6C1163B1,id=8703d4be-29d1-413c-a948-4626c5ffd2ef
2019-10-29 16:37:41,712 [ForkJoinPool.commonPool-worker-0] INFO  util.JmxRegister (JmxRegister.java:unregister(73)) - Successfully un-registered JMX Bean with object name Ratis:service=RaftServer,group=group-868D7A62957F,id=401d187c-767f-4491-93ca-fa1e80ca4a34
2019-10-29 16:37:41,712 [main] INFO  impl.RoleInfo (RoleInfo.java:shutdownFollowerState(121)) - 8703d4be-29d1-413c-a948-4626c5ffd2ef: shutdown FollowerState
2019-10-29 16:37:41,713 [ForkJoinPool.commonPool-worker-0] INFO  impl.RoleInfo (RoleInfo.java:shutdownLeaderState(104)) - 401d187c-767f-4491-93ca-fa1e80ca4a34: shutdown LeaderState
2019-10-29 16:37:41,713 [Thread-258] INFO  impl.FollowerState (FollowerState.java:run(120)) - 8703d4be-29d1-413c-a948-4626c5ffd2ef@group-993C6C1163B1-FollowerState was interrupted: java.lang.InterruptedException: sleep interrupted
2019-10-29 16:37:41,713 [main] INFO  impl.StateMachineUpdater (StateMachineUpdater.java:stopAndJoin(136)) - 8703d4be-29d1-413c-a948-4626c5ffd2ef@group-993C6C1163B1-StateMachineUpdater: set stopIndex = 0
2019-10-29 16:37:41,716 [main] INFO  impl.RaftServerImpl (ServerState.java:close(387)) - 8703d4be-29d1-413c-a948-4626c5ffd2ef@group-993C6C1163B1: closes. applyIndex: 0
2019-10-29 16:37:41,716 [ForkJoinPool.commonPool-worker-0] INFO  impl.PendingRequests (PendingRequests.java:sendNotLeaderResponses(206)) - 401d187c-767f-4491-93ca-fa1e80ca4a34@group-868D7A62957F-PendingRequests: sendNotLeaderResponses
2019-10-29 16:37:41,719 [8703d4be-29d1-413c-a948-4626c5ffd2ef@group-993C6C1163B1-SegmentedRaftLogWorker] INFO  segmented.SegmentedRaftLogWorker (SegmentedRaftLogWorker.java:run(316)) - 8703d4be-29d1-413c-a948-4626c5ffd2ef@group-993C6C1163B1-SegmentedRaftLogWorker was interrupted, exiting. There are 0 tasks remaining in the queue.
2019-10-29 16:37:41,721 [main] INFO  segmented.SegmentedRaftLogWorker (SegmentedRaftLogWorker.java:close(224)) - 8703d4be-29d1-413c-a948-4626c5ffd2ef@group-993C6C1163B1-SegmentedRaftLogWorker close()
2019-10-29 16:37:41,723 [main] INFO  impl.RaftServerImpl (RaftServerImpl.java:lambda$shutdown$3(250)) - 8703d4be-29d1-413c-a948-4626c5ffd2ef@group-074FE1EB405B: shutdown
2019-10-29 16:37:41,724 [main] INFO  util.JmxRegister (JmxRegister.java:unregister(73)) - Successfully un-registered JMX Bean with object name Ratis:service=RaftServer,group=group-074FE1EB405B,id=8703d4be-29d1-413c-a948-4626c5ffd2ef
2019-10-29 16:37:41,724 [main] INFO  impl.RoleInfo (RoleInfo.java:shutdownLeaderState(104)) - 8703d4be-29d1-413c-a948-4626c5ffd2ef: shutdown LeaderState
2019-10-29 16:37:41,724 [main] INFO  impl.PendingRequests (PendingRequests.java:sendNotLeaderResponses(206)) - 8703d4be-29d1-413c-a948-4626c5ffd2ef@group-074FE1EB405B-PendingRequests: sendNotLeaderResponses
2019-10-29 16:37:41,731 [main] INFO  impl.StateMachineUpdater (StateMachineUpdater.java:stopAndJoin(136)) - 8703d4be-29d1-413c-a948-4626c5ffd2ef@group-074FE1EB405B-StateMachineUpdater: set stopIndex = 19
2019-10-29 16:37:41,731 [ForkJoinPool.commonPool-worker-0] INFO  impl.StateMachineUpdater (StateMachineUpdater.java:stopAndJoin(136)) - 401d187c-767f-4491-93ca-fa1e80ca4a34@group-868D7A62957F-StateMachineUpdater: set stopIndex = 3
2019-10-29 16:37:41,735 [main] INFO  impl.RaftServerImpl (ServerState.java:close(387)) - 8703d4be-29d1-413c-a948-4626c5ffd2ef@group-074FE1EB405B: closes. applyIndex: 19
2019-10-29 16:37:41,734 [401d187c-767f-4491-93ca-fa1e80ca4a34@group-868D7A62957F-StateMachineUpdater] INFO  ratis.ContainerStateMachine (ContainerStateMachine.java:takeSnapshot(294)) - group-868D7A62957F: Taking a snapshot at:(t:1, i:2) file /workdir/hadoop-ozone/integration-test/target/test-dir/MiniOzoneClusterImpl-d556c113-5d1c-4045-92e1-df11e6e07413/datanode-0/data/ratis/111c79c5-61ae-4478-a226-868d7a62957f/sm/snapshot.1_2
2019-10-29 16:37:41,735 [8703d4be-29d1-413c-a948-4626c5ffd2ef@group-074FE1EB405B-SegmentedRaftLogWorker] INFO  segmented.SegmentedRaftLogWorker (SegmentedRaftLogWorker.java:run(316)) - 8703d4be-29d1-413c-a948-4626c5ffd2ef@group-074FE1EB405B-SegmentedRaftLogWorker was interrupted, exiting. There are 0 tasks remaining in the queue.
2019-10-29 16:37:41,737 [main] INFO  segmented.SegmentedRaftLogWorker (SegmentedRaftLogWorker.java:close(224)) - 8703d4be-29d1-413c-a948-4626c5ffd2ef@group-074FE1EB405B-SegmentedRaftLogWorker close()
2019-10-29 16:37:41,739 [main] INFO  server.GrpcService (GrpcService.java:closeImpl(164)) - 8703d4be-29d1-413c-a948-4626c5ffd2ef: shutdown server with port 44000 now
2019-10-29 16:37:41,750 [main] INFO  server.GrpcService (GrpcService.java:closeImpl(172)) - 8703d4be-29d1-413c-a948-4626c5ffd2ef: shutdown server with port 44000 successfully
2019-10-29 16:37:41,754 [grpc-default-executor-1] WARN  server.GrpcServerProtocolService (LogUtils.java:warn(134)) - 8703d4be-29d1-413c-a948-4626c5ffd2ef: installSnapshot onError, lastRequest: 401d187c-767f-4491-93ca-fa1e80ca4a34->8703d4be-29d1-413c-a948-4626c5ffd2ef#1-t2, previous=(t:0, i:0), leaderCommit=0, initializing? false, entries: size=1, first=(t:2, i:0), CONFIGURATIONENTRY: org.apache.ratis.thirdparty.io.grpc.StatusRuntimeException: CANCELLED: cancelled before receiving half close
2019-10-29 16:37:41,758 [grpc-default-executor-6] WARN  server.GrpcLogAppender (LogUtils.java:warn(134)) - 401d187c-767f-4491-93ca-fa1e80ca4a34@group-993C6C1163B1->8703d4be-29d1-413c-a948-4626c5ffd2ef-AppendLogResponseHandler: Failed appendEntries: org.apache.ratis.thirdparty.io.grpc.StatusRuntimeException: CANCELLED: HTTP/2 error code: CANCEL
Received Rst Stream
2019-10-29 16:37:41,762 [401d187c-767f-4491-93ca-fa1e80ca4a34@group-868D7A62957F-StateMachineUpdater] INFO  ratis.ContainerStateMachine (ContainerStateMachine.java:takeSnapshot(305)) - group-868D7A62957F: Finished taking a snapshot at:(t:1, i:2) file:/workdir/hadoop-ozone/integration-test/target/test-dir/MiniOzoneClusterImpl-d556c113-5d1c-4045-92e1-df11e6e07413/datanode-0/data/ratis/111c79c5-61ae-4478-a226-868d7a62957f/sm/snapshot.1_2 time:31
2019-10-29 16:37:41,762 [grpc-default-executor-6] INFO  impl.FollowerInfo (FollowerInfo.java:lambda$new$0(51)) - 401d187c-767f-4491-93ca-fa1e80ca4a34@group-993C6C1163B1->8703d4be-29d1-413c-a948-4626c5ffd2ef: nextIndex: updateUnconditionally 1 -> 0
2019-10-29 16:37:41,762 [refreshUsed-/workdir/hadoop-ozone/integration-test/target/test-dir/MiniOzoneClusterImpl-d556c113-5d1c-4045-92e1-df11e6e07413/datanode-1/data/containers] WARN  fs.CachingGetSpaceUsed (CachingGetSpaceUsed.java:run(183)) - Thread Interrupted waiting to refresh disk information: sleep interrupted
2019-10-29 16:37:41,762 [401d187c-767f-4491-93ca-fa1e80ca4a34@group-868D7A62957F-StateMachineUpdater] INFO  impl.StateMachineUpdater (StateMachineUpdater.java:takeSnapshot(269)) - 401d187c-767f-4491-93ca-fa1e80ca4a34@group-868D7A62957F-StateMachineUpdater: Took a snapshot at index 2
2019-10-29 16:37:41,763 [401d187c-767f-4491-93ca-fa1e80ca4a34@group-868D7A62957F-StateMachineUpdater] INFO  impl.StateMachineUpdater (StateMachineUpdater.java:lambda$new$0(84)) - 401d187c-767f-4491-93ca-fa1e80ca4a34@group-868D7A62957F-StateMachineUpdater: snapshotIndex: updateIncreasingly 2 -> 2
2019-10-29 16:37:41,763 [401d187c-767f-4491-93ca-fa1e80ca4a34@group-868D7A62957F-StateMachineUpdater] INFO  ratis.ContainerStateMachine (ContainerStateMachine.java:takeSnapshot(294)) - group-868D7A62957F: Taking a snapshot at:(t:1, i:2) file /workdir/hadoop-ozone/integration-test/target/test-dir/MiniOzoneClusterImpl-d556c113-5d1c-4045-92e1-df11e6e07413/datanode-0/data/ratis/111c79c5-61ae-4478-a226-868d7a62957f/sm/snapshot.1_2
2019-10-29 16:37:41,775 [401d187c-767f-4491-93ca-fa1e80ca4a34@group-868D7A62957F-StateMachineUpdater] INFO  ratis.ContainerStateMachine (ContainerStateMachine.java:takeSnapshot(305)) - group-868D7A62957F: Finished taking a snapshot at:(t:1, i:2) file:/workdir/hadoop-ozone/integration-test/target/test-dir/MiniOzoneClusterImpl-d556c113-5d1c-4045-92e1-df11e6e07413/datanode-0/data/ratis/111c79c5-61ae-4478-a226-868d7a62957f/sm/snapshot.1_2 time:12
2019-10-29 16:37:41,776 [401d187c-767f-4491-93ca-fa1e80ca4a34@group-868D7A62957F-StateMachineUpdater] INFO  impl.StateMachineUpdater (StateMachineUpdater.java:takeSnapshot(269)) - 401d187c-767f-4491-93ca-fa1e80ca4a34@group-868D7A62957F-StateMachineUpdater: Took a snapshot at index 2
2019-10-29 16:37:41,776 [401d187c-767f-4491-93ca-fa1e80ca4a34@group-868D7A62957F-StateMachineUpdater] INFO  impl.StateMachineUpdater (StateMachineUpdater.java:lambda$new$0(84)) - 401d187c-767f-4491-93ca-fa1e80ca4a34@group-868D7A62957F-StateMachineUpdater: snapshotIndex: updateIncreasingly 2 -> 2
2019-10-29 16:37:41,777 [ForkJoinPool.commonPool-worker-0] INFO  impl.RaftServerImpl (ServerState.java:close(387)) - 401d187c-767f-4491-93ca-fa1e80ca4a34@group-868D7A62957F: closes. applyIndex: 3
2019-10-29 16:37:41,777 [401d187c-767f-4491-93ca-fa1e80ca4a34@group-868D7A62957F-SegmentedRaftLogWorker] INFO  segmented.SegmentedRaftLogWorker (SegmentedRaftLogWorker.java:run(316)) - 401d187c-767f-4491-93ca-fa1e80ca4a34@group-868D7A62957F-SegmentedRaftLogWorker was interrupted, exiting. There are 0 tasks remaining in the queue.
2019-10-29 16:37:41,778 [ForkJoinPool.commonPool-worker-0] INFO  segmented.SegmentedRaftLogWorker (SegmentedRaftLogWorker.java:close(224)) - 401d187c-767f-4491-93ca-fa1e80ca4a34@group-868D7A62957F-SegmentedRaftLogWorker close()
2019-10-29 16:37:41,779 [ForkJoinPool.commonPool-worker-0] INFO  impl.RaftServerImpl (RaftServerImpl.java:lambda$shutdown$3(250)) - 401d187c-767f-4491-93ca-fa1e80ca4a34@group-993C6C1163B1: shutdown
2019-10-29 16:37:41,780 [ForkJoinPool.commonPool-worker-0] INFO  util.JmxRegister (JmxRegister.java:unregister(73)) - Successfully un-registered JMX Bean with object name Ratis:service=RaftServer,group=group-993C6C1163B1,id=401d187c-767f-4491-93ca-fa1e80ca4a34
2019-10-29 16:37:41,780 [ForkJoinPool.commonPool-worker-0] INFO  impl.RoleInfo (RoleInfo.java:shutdownLeaderState(104)) - 401d187c-767f-4491-93ca-fa1e80ca4a34: shutdown LeaderState
2019-10-29 16:37:41,781 [ForkJoinPool.commonPool-worker-0] INFO  impl.PendingRequests (PendingRequests.java:sendNotLeaderResponses(206)) - 401d187c-767f-4491-93ca-fa1e80ca4a34@group-993C6C1163B1-PendingRequests: sendNotLeaderResponses
2019-10-29 16:37:41,781 [org.apache.ratis.server.impl.LogAppender$AppenderDaemon$$Lambda$716/86446629@140af96d] WARN  server.GrpcLogAppender (GrpcLogAppender.java:mayWait(151)) - 401d187c-767f-4491-93ca-fa1e80ca4a34@group-993C6C1163B1->8703d4be-29d1-413c-a948-4626c5ffd2ef-GrpcLogAppender: Wait interrupted by java.lang.InterruptedException
2019-10-29 16:37:41,782 [ForkJoinPool.commonPool-worker-0] INFO  impl.StateMachineUpdater (StateMachineUpdater.java:stopAndJoin(136)) - 401d187c-767f-4491-93ca-fa1e80ca4a34@group-993C6C1163B1-StateMachineUpdater: set stopIndex = 0
2019-10-29 16:37:41,782 [ForkJoinPool.commonPool-worker-0] INFO  impl.RaftServerImpl (ServerState.java:close(387)) - 401d187c-767f-4491-93ca-fa1e80ca4a34@group-993C6C1163B1: closes. applyIndex: 0
2019-10-29 16:37:41,781 [org.apache.ratis.server.impl.LogAppender$AppenderDaemon$$Lambda$716/86446629@623c33f] WARN  server.GrpcLogAppender (GrpcLogAppender.java:mayWait(151)) - 401d187c-767f-4491-93ca-fa1e80ca4a34@group-993C6C1163B1->d7cf113e-c8f7-43a7-a422-e2500e59f276-GrpcLogAppender: Wait interrupted by java.lang.InterruptedException
2019-10-29 16:37:41,782 [401d187c-767f-4491-93ca-fa1e80ca4a34@group-993C6C1163B1-SegmentedRaftLogWorker] INFO  segmented.SegmentedRaftLogWorker (SegmentedRaftLogWorker.java:run(316)) - 401d187c-767f-4491-93ca-fa1e80ca4a34@group-993C6C1163B1-SegmentedRaftLogWorker was interrupted, exiting. There are 0 tasks remaining in the queue.
2019-10-29 16:37:41,784 [ForkJoinPool.commonPool-worker-0] INFO  segmented.SegmentedRaftLogWorker (SegmentedRaftLogWorker.java:close(224)) - 401d187c-767f-4491-93ca-fa1e80ca4a34@group-993C6C1163B1-SegmentedRaftLogWorker close()
2019-10-29 16:37:41,786 [ForkJoinPool.commonPool-worker-0] INFO  server.GrpcService (GrpcService.java:closeImpl(164)) - 401d187c-767f-4491-93ca-fa1e80ca4a34: shutdown server with port 39932 now
2019-10-29 16:37:41,789 [grpc-default-executor-1] INFO  server.GrpcServerProtocolService (GrpcServerProtocolService.java:onCompleted(113)) - d7cf113e-c8f7-43a7-a422-e2500e59f276: Completed APPEND_ENTRIES, lastRequest: 401d187c-767f-4491-93ca-fa1e80ca4a34->d7cf113e-c8f7-43a7-a422-e2500e59f276#1-t2, previous=(t:0, i:0), leaderCommit=0, initializing? false, entries: size=1, first=(t:2, i:0), CONFIGURATIONENTRY
2019-10-29 16:37:41,790 [grpc-default-executor-6] INFO  server.GrpcLogAppender (GrpcLogAppender.java:onCompleted(308)) - 401d187c-767f-4491-93ca-fa1e80ca4a34@group-993C6C1163B1->d7cf113e-c8f7-43a7-a422-e2500e59f276-AppendLogResponseHandler: follower responses appendEntries COMPLETED
2019-10-29 16:37:41,790 [ForkJoinPool.commonPool-worker-0] INFO  server.GrpcService (GrpcService.java:closeImpl(172)) - 401d187c-767f-4491-93ca-fa1e80ca4a34: shutdown server with port 39932 successfully
2019-10-29 16:37:41,790 [grpc-default-executor-6] INFO  impl.FollowerInfo (FollowerInfo.java:lambda$new$0(51)) - 401d187c-767f-4491-93ca-fa1e80ca4a34@group-993C6C1163B1->d7cf113e-c8f7-43a7-a422-e2500e59f276: nextIndex: updateUnconditionally 1 -> 0
2019-10-29 16:37:41,791 [main] INFO  utils.BackgroundService (BackgroundService.java:shutdown(151)) - Shutting down service BlockDeletingService
2019-10-29 16:37:41,793 [refreshUsed-/workdir/hadoop-ozone/integration-test/target/test-dir/MiniOzoneClusterImpl-d556c113-5d1c-4045-92e1-df11e6e07413/datanode-0/data/containers] WARN  fs.CachingGetSpaceUsed (CachingGetSpaceUsed.java:run(183)) - Thread Interrupted waiting to refresh disk information: sleep interrupted
2019-10-29 16:37:41,795 [main] INFO  statemachine.DatanodeStateMachine (DatanodeStateMachine.java:stopDaemon(401)) - Ozone container server stopped.
2019-10-29 16:37:41,797 [main] INFO  handler.ContextHandler (ContextHandler.java:doStop(910)) - Stopped o.e.j.w.WebAppContext@4d21c56e{/,null,UNAVAILABLE}{/hddsDatanode}
2019-10-29 16:37:41,800 [main] INFO  server.AbstractConnector (AbstractConnector.java:doStop(318)) - Stopped ServerConnector@726aa968{HTTP/1.1,[http/1.1]}{0.0.0.0:0}
2019-10-29 16:37:41,801 [main] INFO  handler.ContextHandler (ContextHandler.java:doStop(910)) - Stopped o.e.j.s.ServletContextHandler@5b5e7036{/static,jar:file:/home/user/.m2/repository/org/apache/hadoop/hadoop-hdds-container-service/0.5.0-SNAPSHOT/hadoop-hdds-container-service-0.5.0-SNAPSHOT.jar!/webapps/static,UNAVAILABLE}
2019-10-29 16:37:41,801 [main] INFO  handler.ContextHandler (ContextHandler.java:doStop(910)) - Stopped o.e.j.s.ServletContextHandler@2924f1d8{/logs,file:///workdir/hadoop-ozone/integration-test/target/log,UNAVAILABLE}
2019-10-29 16:37:41,811 [ForkJoinPool.commonPool-worker-0] INFO  utils.BackgroundService (BackgroundService.java:shutdown(151)) - Shutting down service BlockDeletingService
2019-10-29 16:37:41,813 [ForkJoinPool.commonPool-worker-0] INFO  statemachine.DatanodeStateMachine (DatanodeStateMachine.java:stopDaemon(401)) - Ozone container server stopped.
2019-10-29 16:37:41,816 [ForkJoinPool.commonPool-worker-0] INFO  handler.ContextHandler (ContextHandler.java:doStop(910)) - Stopped o.e.j.w.WebAppContext@6cd64ee8{/,null,UNAVAILABLE}{/hddsDatanode}
2019-10-29 16:37:41,817 [ForkJoinPool.commonPool-worker-0] INFO  server.AbstractConnector (AbstractConnector.java:doStop(318)) - Stopped ServerConnector@620c8641{HTTP/1.1,[http/1.1]}{0.0.0.0:0}
2019-10-29 16:37:41,817 [ForkJoinPool.commonPool-worker-0] INFO  handler.ContextHandler (ContextHandler.java:doStop(910)) - Stopped o.e.j.s.ServletContextHandler@3e33d73e{/static,jar:file:/home/user/.m2/repository/org/apache/hadoop/hadoop-hdds-container-service/0.5.0-SNAPSHOT/hadoop-hdds-container-service-0.5.0-SNAPSHOT.jar!/webapps/static,UNAVAILABLE}
2019-10-29 16:37:41,818 [ForkJoinPool.commonPool-worker-0] INFO  handler.ContextHandler (ContextHandler.java:doStop(910)) - Stopped o.e.j.s.ServletContextHandler@6edcad64{/logs,file:///workdir/hadoop-ozone/integration-test/target/log,UNAVAILABLE}
2019-10-29 16:37:41,993 [Datanode State Machine Thread - 0] INFO  statemachine.DatanodeStateMachine (DatanodeStateMachine.java:lambda$startDaemon$0(356)) - Ozone container server started.
2019-10-29 16:37:44,844 [EventQueue-StaleNodeForStaleNodeHandler] INFO  node.StaleNodeHandler (StaleNodeHandler.java:onMessage(58)) - Datanode d7cf113e-c8f7-43a7-a422-e2500e59f276{ip: 192.168.164.217, host: pr-hdds-2034-76npd-2451761435, networkLocation: /default-rack, certSerialId: null} moved to stale state. Finalizing its pipelines [PipelineID=6152416c-1f84-4b35-b369-92ce6b51814d, PipelineID=1db9e29b-1ebb-4ab7-b4af-993c6c1163b1]
2019-10-29 16:37:44,844 [EventQueue-StaleNodeForStaleNodeHandler] INFO  pipeline.SCMPipelineManager (SCMPipelineManager.java:finalizeAndDestroyPipeline(333)) - destroying pipeline:Pipeline[ Id: 6152416c-1f84-4b35-b369-92ce6b51814d, Nodes: d7cf113e-c8f7-43a7-a422-e2500e59f276{ip: 192.168.164.217, host: pr-hdds-2034-76npd-2451761435, networkLocation: /default-rack, certSerialId: null}, Type:RATIS, Factor:ONE, State:OPEN]
2019-10-29 16:37:44,845 [EventQueue-StaleNodeForStaleNodeHandler] INFO  pipeline.PipelineStateManager (PipelineStateManager.java:finalizePipeline(123)) - Pipeline Pipeline[ Id: 6152416c-1f84-4b35-b369-92ce6b51814d, Nodes: d7cf113e-c8f7-43a7-a422-e2500e59f276{ip: 192.168.164.217, host: pr-hdds-2034-76npd-2451761435, networkLocation: /default-rack, certSerialId: null}, Type:RATIS, Factor:ONE, State:CLOSED] moved to CLOSED state
2019-10-29 16:37:44,845 [EventQueue-CloseContainerForCloseContainerEventHandler] INFO  container.CloseContainerEventHandler (CloseContainerEventHandler.java:onMessage(61)) - Close container Event triggered for container : #2
2019-10-29 16:37:44,845 [EventQueue-StaleNodeForStaleNodeHandler] INFO  pipeline.SCMPipelineManager (SCMPipelineManager.java:finalizeAndDestroyPipeline(333)) - destroying pipeline:Pipeline[ Id: 1db9e29b-1ebb-4ab7-b4af-993c6c1163b1, Nodes: 401d187c-767f-4491-93ca-fa1e80ca4a34{ip: 192.168.164.217, host: pr-hdds-2034-76npd-2451761435, networkLocation: /default-rack, certSerialId: null}d7cf113e-c8f7-43a7-a422-e2500e59f276{ip: 192.168.164.217, host: pr-hdds-2034-76npd-2451761435, networkLocation: /default-rack, certSerialId: null}8703d4be-29d1-413c-a948-4626c5ffd2ef{ip: 192.168.164.217, host: pr-hdds-2034-76npd-2451761435, networkLocation: /default-rack, certSerialId: null}, Type:RATIS, Factor:THREE, State:CLOSED]
2019-10-29 16:37:44,846 [EventQueue-CloseContainerForCloseContainerEventHandler] INFO  container.CloseContainerEventHandler (CloseContainerEventHandler.java:onMessage(61)) - Close container Event triggered for container : #5
2019-10-29 16:37:44,846 [EventQueue-CloseContainerForCloseContainerEventHandler] INFO  container.CloseContainerEventHandler (CloseContainerEventHandler.java:onMessage(61)) - Close container Event triggered for container : #7
2019-10-29 16:37:46,804 [main] INFO  ozoneimpl.OzoneContainer (OzoneContainer.java:stop(227)) - Attempting to stop container services.
2019-10-29 16:37:46,808 [main] INFO  impl.RaftServerProxy (RaftServerProxy.java:lambda$close$4(314)) - d7cf113e-c8f7-43a7-a422-e2500e59f276: close
2019-10-29 16:37:46,809 [main] INFO  impl.RaftServerImpl (RaftServerImpl.java:lambda$shutdown$3(250)) - d7cf113e-c8f7-43a7-a422-e2500e59f276@group-92CE6B51814D: shutdown
2019-10-29 16:37:46,809 [ForkJoinPool.commonPool-worker-1] INFO  impl.RaftServerImpl (RaftServerImpl.java:lambda$shutdown$3(250)) - d7cf113e-c8f7-43a7-a422-e2500e59f276@group-993C6C1163B1: shutdown
2019-10-29 16:37:46,809 [main] INFO  util.JmxRegister (JmxRegister.java:unregister(73)) - Successfully un-registered JMX Bean with object name Ratis:service=RaftServer,group=group-92CE6B51814D,id=d7cf113e-c8f7-43a7-a422-e2500e59f276
2019-10-29 16:37:46,810 [ForkJoinPool.commonPool-worker-1] INFO  util.JmxRegister (JmxRegister.java:unregister(73)) - Successfully un-registered JMX Bean with object name Ratis:service=RaftServer,group=group-993C6C1163B1,id=d7cf113e-c8f7-43a7-a422-e2500e59f276
2019-10-29 16:37:46,810 [main] INFO  impl.RoleInfo (RoleInfo.java:shutdownLeaderState(104)) - d7cf113e-c8f7-43a7-a422-e2500e59f276: shutdown LeaderState
2019-10-29 16:37:46,810 [ForkJoinPool.commonPool-worker-1] INFO  impl.RoleInfo (RoleInfo.java:shutdownFollowerState(121)) - d7cf113e-c8f7-43a7-a422-e2500e59f276: shutdown FollowerState
2019-10-29 16:37:46,811 [main] INFO  impl.PendingRequests (PendingRequests.java:sendNotLeaderResponses(206)) - d7cf113e-c8f7-43a7-a422-e2500e59f276@group-92CE6B51814D-PendingRequests: sendNotLeaderResponses
2019-10-29 16:37:46,811 [Thread-256] INFO  impl.FollowerState (FollowerState.java:run(120)) - d7cf113e-c8f7-43a7-a422-e2500e59f276@group-993C6C1163B1-FollowerState was interrupted: java.lang.InterruptedException: sleep interrupted
2019-10-29 16:37:46,811 [ForkJoinPool.commonPool-worker-1] INFO  impl.StateMachineUpdater (StateMachineUpdater.java:stopAndJoin(136)) - d7cf113e-c8f7-43a7-a422-e2500e59f276@group-993C6C1163B1-StateMachineUpdater: set stopIndex = 0
2019-10-29 16:37:46,815 [ForkJoinPool.commonPool-worker-1] INFO  impl.RaftServerImpl (ServerState.java:close(387)) - d7cf113e-c8f7-43a7-a422-e2500e59f276@group-993C6C1163B1: closes. applyIndex: 0
2019-10-29 16:37:46,816 [main] INFO  impl.StateMachineUpdater (StateMachineUpdater.java:stopAndJoin(136)) - d7cf113e-c8f7-43a7-a422-e2500e59f276@group-92CE6B51814D-StateMachineUpdater: set stopIndex = 9
2019-10-29 16:37:46,816 [d7cf113e-c8f7-43a7-a422-e2500e59f276@group-993C6C1163B1-SegmentedRaftLogWorker] INFO  segmented.SegmentedRaftLogWorker (SegmentedRaftLogWorker.java:run(316)) - d7cf113e-c8f7-43a7-a422-e2500e59f276@group-993C6C1163B1-SegmentedRaftLogWorker was interrupted, exiting. There are 0 tasks remaining in the queue.
2019-10-29 16:37:46,817 [d7cf113e-c8f7-43a7-a422-e2500e59f276@group-92CE6B51814D-StateMachineUpdater] INFO  ratis.ContainerStateMachine (ContainerStateMachine.java:takeSnapshot(294)) - group-92CE6B51814D: Taking a snapshot at:(t:1, i:8) file /workdir/hadoop-ozone/integration-test/target/test-dir/MiniOzoneClusterImpl-d556c113-5d1c-4045-92e1-df11e6e07413/datanode-2/data/ratis/6152416c-1f84-4b35-b369-92ce6b51814d/sm/snapshot.1_8
2019-10-29 16:37:46,828 [ForkJoinPool.commonPool-worker-1] INFO  segmented.SegmentedRaftLogWorker (SegmentedRaftLogWorker.java:close(224)) - d7cf113e-c8f7-43a7-a422-e2500e59f276@group-993C6C1163B1-SegmentedRaftLogWorker close()
2019-10-29 16:37:46,843 [d7cf113e-c8f7-43a7-a422-e2500e59f276@group-92CE6B51814D-StateMachineUpdater] INFO  ratis.ContainerStateMachine (ContainerStateMachine.java:takeSnapshot(305)) - group-92CE6B51814D: Finished taking a snapshot at:(t:1, i:8) file:/workdir/hadoop-ozone/integration-test/target/test-dir/MiniOzoneClusterImpl-d556c113-5d1c-4045-92e1-df11e6e07413/datanode-2/data/ratis/6152416c-1f84-4b35-b369-92ce6b51814d/sm/snapshot.1_8 time:26
2019-10-29 16:37:46,844 [d7cf113e-c8f7-43a7-a422-e2500e59f276@group-92CE6B51814D-StateMachineUpdater] INFO  impl.StateMachineUpdater (StateMachineUpdater.java:takeSnapshot(269)) - d7cf113e-c8f7-43a7-a422-e2500e59f276@group-92CE6B51814D-StateMachineUpdater: Took a snapshot at index 8
2019-10-29 16:37:46,844 [d7cf113e-c8f7-43a7-a422-e2500e59f276@group-92CE6B51814D-StateMachineUpdater] INFO  impl.StateMachineUpdater (StateMachineUpdater.java:lambda$new$0(84)) - d7cf113e-c8f7-43a7-a422-e2500e59f276@group-92CE6B51814D-StateMachineUpdater: snapshotIndex: updateIncreasingly 8 -> 8
2019-10-29 16:37:46,845 [d7cf113e-c8f7-43a7-a422-e2500e59f276@group-92CE6B51814D-StateMachineUpdater] INFO  ratis.ContainerStateMachine (ContainerStateMachine.java:takeSnapshot(294)) - group-92CE6B51814D: Taking a snapshot at:(t:1, i:8) file /workdir/hadoop-ozone/integration-test/target/test-dir/MiniOzoneClusterImpl-d556c113-5d1c-4045-92e1-df11e6e07413/datanode-2/data/ratis/6152416c-1f84-4b35-b369-92ce6b51814d/sm/snapshot.1_8
2019-10-29 16:37:46,859 [d7cf113e-c8f7-43a7-a422-e2500e59f276@group-92CE6B51814D-StateMachineUpdater] INFO  ratis.ContainerStateMachine (ContainerStateMachine.java:takeSnapshot(305)) - group-92CE6B51814D: Finished taking a snapshot at:(t:1, i:8) file:/workdir/hadoop-ozone/integration-test/target/test-dir/MiniOzoneClusterImpl-d556c113-5d1c-4045-92e1-df11e6e07413/datanode-2/data/ratis/6152416c-1f84-4b35-b369-92ce6b51814d/sm/snapshot.1_8 time:14
2019-10-29 16:37:46,860 [d7cf113e-c8f7-43a7-a422-e2500e59f276@group-92CE6B51814D-StateMachineUpdater] INFO  impl.StateMachineUpdater (StateMachineUpdater.java:takeSnapshot(269)) - d7cf113e-c8f7-43a7-a422-e2500e59f276@group-92CE6B51814D-StateMachineUpdater: Took a snapshot at index 8
2019-10-29 16:37:46,860 [d7cf113e-c8f7-43a7-a422-e2500e59f276@group-92CE6B51814D-StateMachineUpdater] INFO  impl.StateMachineUpdater (StateMachineUpdater.java:lambda$new$0(84)) - d7cf113e-c8f7-43a7-a422-e2500e59f276@group-92CE6B51814D-StateMachineUpdater: snapshotIndex: updateIncreasingly 8 -> 8
2019-10-29 16:37:46,860 [main] INFO  impl.RaftServerImpl (ServerState.java:close(387)) - d7cf113e-c8f7-43a7-a422-e2500e59f276@group-92CE6B51814D: closes. applyIndex: 9
2019-10-29 16:37:46,861 [d7cf113e-c8f7-43a7-a422-e2500e59f276@group-92CE6B51814D-SegmentedRaftLogWorker] INFO  segmented.SegmentedRaftLogWorker (SegmentedRaftLogWorker.java:run(316)) - d7cf113e-c8f7-43a7-a422-e2500e59f276@group-92CE6B51814D-SegmentedRaftLogWorker was interrupted, exiting. There are 0 tasks remaining in the queue.
2019-10-29 16:37:46,862 [main] INFO  segmented.SegmentedRaftLogWorker (SegmentedRaftLogWorker.java:close(224)) - d7cf113e-c8f7-43a7-a422-e2500e59f276@group-92CE6B51814D-SegmentedRaftLogWorker close()
2019-10-29 16:37:46,863 [main] INFO  server.GrpcService (GrpcService.java:closeImpl(164)) - d7cf113e-c8f7-43a7-a422-e2500e59f276: shutdown server with port 43341 now
2019-10-29 16:37:46,867 [main] INFO  server.GrpcService (GrpcService.java:closeImpl(172)) - d7cf113e-c8f7-43a7-a422-e2500e59f276: shutdown server with port 43341 successfully
2019-10-29 16:37:46,870 [refreshUsed-/workdir/hadoop-ozone/integration-test/target/test-dir/MiniOzoneClusterImpl-d556c113-5d1c-4045-92e1-df11e6e07413/datanode-2/data/containers] WARN  fs.CachingGetSpaceUsed (CachingGetSpaceUsed.java:run(183)) - Thread Interrupted waiting to refresh disk information: sleep interrupted
2019-10-29 16:37:46,894 [main] INFO  utils.BackgroundService (BackgroundService.java:shutdown(151)) - Shutting down service BlockDeletingService
2019-10-29 16:37:46,896 [main] INFO  statemachine.DatanodeStateMachine (DatanodeStateMachine.java:stopDaemon(401)) - Ozone container server stopped.
2019-10-29 16:37:46,898 [main] INFO  handler.ContextHandler (ContextHandler.java:doStop(910)) - Stopped o.e.j.w.WebAppContext@43af351a{/,null,UNAVAILABLE}{/hddsDatanode}
2019-10-29 16:37:46,899 [main] INFO  server.AbstractConnector (AbstractConnector.java:doStop(318)) - Stopped ServerConnector@1305c126{HTTP/1.1,[http/1.1]}{0.0.0.0:0}
2019-10-29 16:37:46,899 [main] INFO  handler.ContextHandler (ContextHandler.java:doStop(910)) - Stopped o.e.j.s.ServletContextHandler@6342d610{/static,jar:file:/home/user/.m2/repository/org/apache/hadoop/hadoop-hdds-container-service/0.5.0-SNAPSHOT/hadoop-hdds-container-service-0.5.0-SNAPSHOT.jar!/webapps/static,UNAVAILABLE}
2019-10-29 16:37:46,900 [main] INFO  handler.ContextHandler (ContextHandler.java:doStop(910)) - Stopped o.e.j.s.ServletContextHandler@53f4c1e6{/logs,file:///workdir/hadoop-ozone/integration-test/target/log,UNAVAILABLE}
2019-10-29 16:37:46,901 [main] INFO  ozone.MiniOzoneClusterImpl (MiniOzoneClusterImpl.java:stopSCM(416)) - Stopping the StorageContainerManager
2019-10-29 16:37:46,901 [main] INFO  server.StorageContainerManager (StorageContainerManager.java:stop(809)) - Stopping Replication Manager Service.
2019-10-29 16:37:46,901 [main] INFO  container.ReplicationManager (ReplicationManager.java:stop(203)) - Stopping Replication Monitor Thread.
2019-10-29 16:37:46,901 [main] INFO  server.StorageContainerManager (StorageContainerManager.java:stop(816)) - Stopping Lease Manager of the command watchers
2019-10-29 16:37:46,902 [main] INFO  server.StorageContainerManager (StorageContainerManager.java:stop(823)) - Stopping datanode service RPC server
2019-10-29 16:37:46,902 [main] INFO  server.SCMDatanodeProtocolServer (SCMDatanodeProtocolServer.java:stop(366)) - Stopping the RPC server for DataNodes
2019-10-29 16:37:46,902 [main] INFO  ipc.Server (Server.java:stop(3082)) - Stopping server on 42840
2019-10-29 16:37:46,903 [IPC Server listener on 42840] INFO  ipc.Server (Server.java:run(1185)) - Stopping IPC Server listener on 42840
2019-10-29 16:37:46,905 [IPC Server Responder] INFO  ipc.Server (Server.java:run(1319)) - Stopping IPC Server Responder
2019-10-29 16:37:46,948 [SCM Heartbeat Processing Thread - 0] WARN  node.NodeStateManager (NodeStateManager.java:scheduleNextHealthCheck(646)) - Current Thread is interrupted, shutting down HB processing thread for Node Manager.
2019-10-29 16:37:46,948 [main] INFO  server.StorageContainerManager (StorageContainerManager.java:stop(831)) - Stopping block service RPC server
2019-10-29 16:37:46,949 [main] INFO  server.SCMBlockProtocolServer (SCMBlockProtocolServer.java:stop(155)) - Stopping the RPC server for Block Protocol
2019-10-29 16:37:46,949 [main] INFO  ipc.Server (Server.java:stop(3082)) - Stopping server on 40092
2019-10-29 16:37:46,950 [main] INFO  server.StorageContainerManager (StorageContainerManager.java:stop(838)) - Stopping the StorageContainerLocationProtocol RPC server
2019-10-29 16:37:46,950 [IPC Server listener on 40092] INFO  ipc.Server (Server.java:run(1185)) - Stopping IPC Server listener on 40092
2019-10-29 16:37:46,951 [main] INFO  server.SCMClientProtocolServer (SCMClientProtocolServer.java:stop(168)) - Stopping the RPC server for Client Protocol
2019-10-29 16:37:46,951 [IPC Server Responder] INFO  ipc.Server (Server.java:run(1319)) - Stopping IPC Server Responder
2019-10-29 16:37:46,951 [main] INFO  ipc.Server (Server.java:stop(3082)) - Stopping server on 33699
2019-10-29 16:37:46,952 [IPC Server listener on 33699] INFO  ipc.Server (Server.java:run(1185)) - Stopping IPC Server listener on 33699
2019-10-29 16:37:46,952 [main] INFO  server.StorageContainerManager (StorageContainerManager.java:stop(845)) - Stopping Storage Container Manager HTTP server.
2019-10-29 16:37:46,953 [IPC Server Responder] INFO  ipc.Server (Server.java:run(1319)) - Stopping IPC Server Responder
2019-10-29 16:37:46,954 [main] INFO  handler.ContextHandler (ContextHandler.java:doStop(910)) - Stopped o.e.j.w.WebAppContext@1623bbe5{/,null,UNAVAILABLE}{/scm}
2019-10-29 16:37:46,955 [main] INFO  server.AbstractConnector (AbstractConnector.java:doStop(318)) - Stopped ServerConnector@2f6bcf87{HTTP/1.1,[http/1.1]}{0.0.0.0:0}
2019-10-29 16:37:46,955 [main] INFO  handler.ContextHandler (ContextHandler.java:doStop(910)) - Stopped o.e.j.s.ServletContextHandler@53bc1328{/static,file:///workdir/hadoop-ozone/integration-test/target/test-classes/webapps/static,UNAVAILABLE}
2019-10-29 16:37:46,955 [main] INFO  handler.ContextHandler (ContextHandler.java:doStop(910)) - Stopped o.e.j.s.ServletContextHandler@7bfc3126{/logs,file:///workdir/hadoop-ozone/integration-test/target/log,UNAVAILABLE}
2019-10-29 16:37:46,956 [main] INFO  server.StorageContainerManager (StorageContainerManager.java:stop(856)) - Stopping Block Manager Service.
2019-10-29 16:37:46,957 [main] INFO  utils.BackgroundService (BackgroundService.java:shutdown(151)) - Shutting down service SCMBlockDeletingService
2019-10-29 16:37:46,957 [main] INFO  utils.BackgroundService (BackgroundService.java:shutdown(151)) - Shutting down service SCMBlockDeletingService
2019-10-29 16:37:46,958 [main] INFO  server.StorageContainerManager (StorageContainerManager.java:stop(878)) - Stopping SCM Event Queue.
2019-10-29 16:37:46,965 [main] INFO  impl.MetricsSystemImpl (MetricsSystemImpl.java:stop(210)) - Stopping XceiverClientMetrics metrics system...
2019-10-29 16:37:46,968 [prometheus] INFO  impl.MetricsSinkAdapter (MetricsSinkAdapter.java:publishMetricsFromQueue(141)) - prometheus thread interrupted.
2019-10-29 16:37:46,968 [main] INFO  impl.MetricsSystemImpl (MetricsSystemImpl.java:stop(216)) - XceiverClientMetrics metrics system stopped.
]]></system-out>
    <system-err><![CDATA[ERROR StatusLogger No Log4j 2 configuration file found. Using default configuration (logging only errors to the console), or user programmatically provided configurations. Set system property 'log4j2.debug' to show Log4j 2 internal initialization logging. See https://logging.apache.org/log4j/2.x/manual/configuration.html for instructions on how to configure Log4j 2
Oct 29, 2019 4:37:41 PM org.apache.ratis.thirdparty.io.grpc.internal.SerializingExecutor run
SEVERE: Exception while executing runnable org.apache.ratis.thirdparty.io.grpc.internal.ServerImpl$JumpToApplicationThreadServerStreamListener$1Closed@601622b3
org.apache.ratis.thirdparty.io.grpc.StatusRuntimeException: CANCELLED: call already cancelled
	at org.apache.ratis.thirdparty.io.grpc.Status.asRuntimeException(Status.java:517)
	at org.apache.ratis.thirdparty.io.grpc.stub.ServerCalls$ServerCallStreamObserverImpl.onCompleted(ServerCalls.java:356)
	at org.apache.ratis.grpc.server.GrpcServerProtocolService$ServerRequestStreamObserver.onError(GrpcServerProtocolService.java:121)
	at org.apache.ratis.thirdparty.io.grpc.stub.ServerCalls$StreamingServerCallHandler$StreamingServerCallListener.onCancel(ServerCalls.java:269)
	at org.apache.ratis.thirdparty.io.grpc.internal.ServerCallImpl$ServerStreamListenerImpl.closed(ServerCallImpl.java:293)
	at org.apache.ratis.thirdparty.io.grpc.internal.ServerImpl$JumpToApplicationThreadServerStreamListener$1Closed.runInContext(ServerImpl.java:741)
	at org.apache.ratis.thirdparty.io.grpc.internal.ContextRunnable.run(ContextRunnable.java:37)
	at org.apache.ratis.thirdparty.io.grpc.internal.SerializingExecutor.run(SerializingExecutor.java:123)
	at java.util.concurrent.ThreadPoolExecutor.runWorker(ThreadPoolExecutor.java:1149)
	at java.util.concurrent.ThreadPoolExecutor$Worker.run(ThreadPoolExecutor.java:624)
	at java.lang.Thread.run(Thread.java:748)

]]></system-err>
  </testcase>
  <testcase name="testContainerStateMachineFailures" classname="org.apache.hadoop.ozone.client.rpc.TestContainerStateMachine" time="26.098">
    <error type="java.lang.NullPointerException">java.lang.NullPointerException
	at org.apache.hadoop.ozone.client.rpc.TestContainerStateMachine.testContainerStateMachineFailures(TestContainerStateMachine.java:146)
	at sun.reflect.NativeMethodAccessorImpl.invoke0(Native Method)
	at sun.reflect.NativeMethodAccessorImpl.invoke(NativeMethodAccessorImpl.java:62)
	at sun.reflect.DelegatingMethodAccessorImpl.invoke(DelegatingMethodAccessorImpl.java:43)
	at java.lang.reflect.Method.invoke(Method.java:498)
	at org.junit.runners.model.FrameworkMethod$1.runReflectiveCall(FrameworkMethod.java:47)
	at org.junit.internal.runners.model.ReflectiveCallable.run(ReflectiveCallable.java:12)
	at org.junit.runners.model.FrameworkMethod.invokeExplosively(FrameworkMethod.java:44)
	at org.junit.internal.runners.statements.InvokeMethod.evaluate(InvokeMethod.java:17)
	at org.junit.internal.runners.statements.RunBefores.evaluate(RunBefores.java:26)
	at org.junit.internal.runners.statements.RunAfters.evaluate(RunAfters.java:27)
	at org.junit.runners.ParentRunner.runLeaf(ParentRunner.java:271)
	at org.junit.runners.BlockJUnit4ClassRunner.runChild(BlockJUnit4ClassRunner.java:70)
	at org.junit.runners.BlockJUnit4ClassRunner.runChild(BlockJUnit4ClassRunner.java:50)
	at org.junit.runners.ParentRunner$3.run(ParentRunner.java:238)
	at org.junit.runners.ParentRunner$1.schedule(ParentRunner.java:63)
	at org.junit.runners.ParentRunner.runChildren(ParentRunner.java:236)
	at org.junit.runners.ParentRunner.access$000(ParentRunner.java:53)
	at org.junit.runners.ParentRunner$2.evaluate(ParentRunner.java:229)
	at org.junit.runners.ParentRunner.run(ParentRunner.java:309)
	at org.apache.maven.surefire.junit4.JUnit4Provider.execute(JUnit4Provider.java:365)
	at org.apache.maven.surefire.junit4.JUnit4Provider.executeWithRerun(JUnit4Provider.java:273)
	at org.apache.maven.surefire.junit4.JUnit4Provider.executeTestSet(JUnit4Provider.java:238)
	at org.apache.maven.surefire.junit4.JUnit4Provider.invoke(JUnit4Provider.java:159)
	at org.apache.maven.surefire.booter.ForkedBooter.invokeProviderInSameClassLoader(ForkedBooter.java:384)
	at org.apache.maven.surefire.booter.ForkedBooter.runSuitesInProcess(ForkedBooter.java:345)
	at org.apache.maven.surefire.booter.ForkedBooter.execute(ForkedBooter.java:126)
	at org.apache.maven.surefire.booter.ForkedBooter.main(ForkedBooter.java:418)
</error>
    <system-out><![CDATA[2019-10-29 16:37:47,437 [main] WARN  server.ServerUtils (ServerUtils.java:getScmDbDir(145)) - ozone.scm.db.dirs is not configured. We recommend adding this setting. Falling back to ozone.metadata.dirs instead.
2019-10-29 16:37:47,452 [main] WARN  server.ServerUtils (ServerUtils.java:getScmDbDir(145)) - ozone.scm.db.dirs is not configured. We recommend adding this setting. Falling back to ozone.metadata.dirs instead.
2019-10-29 16:37:47,452 [main] WARN  server.ServerUtils (ServerUtils.java:getScmDbDir(145)) - ozone.scm.db.dirs is not configured. We recommend adding this setting. Falling back to ozone.metadata.dirs instead.
2019-10-29 16:37:47,453 [main] INFO  db.DBStoreBuilder (DBStoreBuilder.java:addTable(127)) - using custom profile for table: deletedBlocks
2019-10-29 16:37:47,453 [main] INFO  db.DBStoreBuilder (DBStoreBuilder.java:processTables(183)) - Using default column profile:DBProfile.DISK for Table:deletedBlocks
2019-10-29 16:37:47,453 [main] INFO  db.DBStoreBuilder (DBStoreBuilder.java:addTable(127)) - using custom profile for table: validCerts
2019-10-29 16:37:47,453 [main] INFO  db.DBStoreBuilder (DBStoreBuilder.java:processTables(183)) - Using default column profile:DBProfile.DISK for Table:validCerts
2019-10-29 16:37:47,454 [main] INFO  db.DBStoreBuilder (DBStoreBuilder.java:addTable(127)) - using custom profile for table: revokedCerts
2019-10-29 16:37:47,454 [main] INFO  db.DBStoreBuilder (DBStoreBuilder.java:processTables(183)) - Using default column profile:DBProfile.DISK for Table:revokedCerts
2019-10-29 16:37:47,454 [main] INFO  db.DBStoreBuilder (DBStoreBuilder.java:addTable(127)) - using custom profile for table: default
2019-10-29 16:37:47,454 [main] INFO  db.DBStoreBuilder (DBStoreBuilder.java:processTables(189)) - Using default column profile:DBProfile.DISK for Table:default
2019-10-29 16:37:47,454 [main] INFO  db.DBStoreBuilder (DBStoreBuilder.java:getDbProfile(220)) - Using default options. DBProfile.DISK
2019-10-29 16:37:47,587 [main] INFO  net.NodeSchemaLoader (NodeSchemaLoader.java:loadSchemaFromFile(125)) - Loading file from sun.misc.CompoundEnumeration@6c479fdf
2019-10-29 16:37:47,587 [main] INFO  net.NodeSchemaLoader (NodeSchemaLoader.java:loadSchema(171)) - Loading network topology layer schema file
2019-10-29 16:37:47,592 [main] INFO  node.SCMNodeManager (SCMNodeManager.java:<init>(116)) - Entering startup safe mode.
2019-10-29 16:37:47,593 [main] INFO  algorithms.ContainerPlacementPolicyFactory (ContainerPlacementPolicyFactory.java:getPolicy(57)) - Create container placement policy of type org.apache.hadoop.hdds.scm.container.placement.algorithms.SCMContainerPlacementRandom
2019-10-29 16:37:47,593 [main] WARN  server.ServerUtils (ServerUtils.java:getScmDbDir(145)) - ozone.scm.db.dirs is not configured. We recommend adding this setting. Falling back to ozone.metadata.dirs instead.
2019-10-29 16:37:47,614 [main] INFO  pipeline.SCMPipelineManager (SCMPipelineManager.java:initializePipelineState(136)) - No pipeline exists in current db
2019-10-29 16:37:47,614 [main] WARN  server.ServerUtils (ServerUtils.java:getScmDbDir(145)) - ozone.scm.db.dirs is not configured. We recommend adding this setting. Falling back to ozone.metadata.dirs instead.
2019-10-29 16:37:47,637 [main] INFO  safemode.HealthyPipelineSafeModeRule (HealthyPipelineSafeModeRule.java:<init>(91)) -  Total pipeline count is 0, healthy pipeline threshold count is 1
2019-10-29 16:37:47,638 [main] INFO  safemode.OneReplicaPipelineSafeModeRule (OneReplicaPipelineSafeModeRule.java:<init>(79)) - Total pipeline count is 0, pipeline's with at least one datanode reported threshold count is 0
2019-10-29 16:37:47,638 [main] WARN  events.EventQueue (EventQueue.java:fireEvent(183)) - No event handler registered for event TypedEvent{payloadType=SafeModeStatus, name='SafeModeStatus'}
2019-10-29 16:37:47,640 [main] INFO  ipc.CallQueueManager (CallQueueManager.java:<init>(84)) - Using callQueue: class java.util.concurrent.LinkedBlockingQueue, queueCapacity: 2000, scheduler: class org.apache.hadoop.ipc.DefaultRpcScheduler, ipcBackoff: false.
2019-10-29 16:37:47,641 [Socket Reader #1 for port 37541] INFO  ipc.Server (Server.java:run(1074)) - Starting Socket Reader #1 for port 37541
2019-10-29 16:37:47,642 [main] INFO  ipc.CallQueueManager (CallQueueManager.java:<init>(84)) - Using callQueue: class java.util.concurrent.LinkedBlockingQueue, queueCapacity: 2000, scheduler: class org.apache.hadoop.ipc.DefaultRpcScheduler, ipcBackoff: false.
2019-10-29 16:37:47,643 [Socket Reader #1 for port 37856] INFO  ipc.Server (Server.java:run(1074)) - Starting Socket Reader #1 for port 37856
2019-10-29 16:37:47,644 [main] INFO  ipc.CallQueueManager (CallQueueManager.java:<init>(84)) - Using callQueue: class java.util.concurrent.LinkedBlockingQueue, queueCapacity: 2000, scheduler: class org.apache.hadoop.ipc.DefaultRpcScheduler, ipcBackoff: false.
2019-10-29 16:37:47,645 [Socket Reader #1 for port 39441] INFO  ipc.Server (Server.java:run(1074)) - Starting Socket Reader #1 for port 39441
2019-10-29 16:37:47,647 [main] INFO  hdfs.DFSUtil (DFSUtil.java:httpServerTemplateForNNAndJN(1641)) - Starting Web-server for scm at: http://0.0.0.0:0
2019-10-29 16:37:47,650 [main] INFO  server.AuthenticationFilter (AuthenticationFilter.java:constructSecretProvider(240)) - Unable to initialize FileSignerSecretProvider, falling back to use random secrets.
2019-10-29 16:37:47,651 [main] WARN  http.HttpRequestLog (HttpRequestLog.java:getRequestLog(97)) - Jetty request log can only be enabled using Log4j
2019-10-29 16:37:47,654 [main] INFO  http.HttpServer2 (HttpServer2.java:addGlobalFilter(975)) - Added global filter 'safety' (class=org.apache.hadoop.http.HttpServer2$QuotingInputFilter)
2019-10-29 16:37:47,655 [main] INFO  http.HttpServer2 (HttpServer2.java:addFilter(948)) - Added filter static_user_filter (class=org.apache.hadoop.http.lib.StaticUserWebFilter$StaticUserFilter) to context scm
2019-10-29 16:37:47,655 [main] INFO  http.HttpServer2 (HttpServer2.java:addFilter(958)) - Added filter static_user_filter (class=org.apache.hadoop.http.lib.StaticUserWebFilter$StaticUserFilter) to context logs
2019-10-29 16:37:47,655 [main] INFO  http.HttpServer2 (HttpServer2.java:addFilter(958)) - Added filter static_user_filter (class=org.apache.hadoop.http.lib.StaticUserWebFilter$StaticUserFilter) to context static
2019-10-29 16:37:47,659 [main] INFO  server.StorageContainerManager (StorageContainerManager.java:start(771)) - StorageContainerLocationProtocol RPC server is listening at /0.0.0.0:39441
2019-10-29 16:37:47,662 [main] WARN  impl.MetricsConfig (MetricsConfig.java:loadFirst(134)) - Cannot locate configuration: tried hadoop-metrics2-storagecontainermanager.properties,hadoop-metrics2.properties
2019-10-29 16:37:47,663 [main] INFO  impl.MetricsSystemImpl (MetricsSystemImpl.java:startTimer(374)) - Scheduled Metric snapshot period at 10 second(s).
2019-10-29 16:37:47,664 [main] INFO  impl.MetricsSystemImpl (MetricsSystemImpl.java:start(191)) - StorageContainerManager metrics system started
2019-10-29 16:37:47,687 [main] WARN  impl.MetricsSystemImpl (MetricsSystemImpl.java:register(276)) - Sink prometheus already exists!
2019-10-29 16:37:47,695 [main] INFO  server.SCMClientProtocolServer (SCMClientProtocolServer.java:start(159)) - RPC server for Client  is listening at /0.0.0.0:39441
2019-10-29 16:37:47,696 [IPC Server Responder] INFO  ipc.Server (Server.java:run(1314)) - IPC Server Responder: starting
2019-10-29 16:37:47,696 [IPC Server listener on 39441] INFO  ipc.Server (Server.java:run(1153)) - IPC Server listener on 39441: starting
2019-10-29 16:37:47,700 [main] INFO  server.StorageContainerManager (StorageContainerManager.java:start(781)) - ScmBlockLocationProtocol RPC server is listening at /0.0.0.0:37856
2019-10-29 16:37:47,700 [main] INFO  server.SCMBlockProtocolServer (SCMBlockProtocolServer.java:start(146)) - RPC server for Block Protocol is listening at /0.0.0.0:37856
2019-10-29 16:37:47,701 [IPC Server Responder] INFO  ipc.Server (Server.java:run(1314)) - IPC Server Responder: starting
2019-10-29 16:37:47,701 [IPC Server listener on 37856] INFO  ipc.Server (Server.java:run(1153)) - IPC Server listener on 37856: starting
2019-10-29 16:37:47,705 [main] INFO  server.StorageContainerManager (StorageContainerManager.java:start(785)) - ScmDatanodeProtocl RPC server is listening at /0.0.0.0:37541
2019-10-29 16:37:47,705 [main] INFO  server.SCMDatanodeProtocolServer (SCMDatanodeProtocolServer.java:start(177)) - RPC server for DataNodes is listening at /0.0.0.0:37541
2019-10-29 16:37:47,706 [IPC Server Responder] INFO  ipc.Server (Server.java:run(1314)) - IPC Server Responder: starting
2019-10-29 16:37:47,706 [IPC Server listener on 37541] INFO  ipc.Server (Server.java:run(1153)) - IPC Server listener on 37541: starting
2019-10-29 16:37:47,709 [main] INFO  http.HttpServer2 (HttpServer2.java:bindListener(1191)) - Jetty bound to port 39107
2019-10-29 16:37:47,710 [main] INFO  server.Server (Server.java:doStart(351)) - jetty-9.3.25.v20180904, build timestamp: 2018-09-04T21:11:46Z, git hash: 3ce520221d0240229c862b122d2b06c12a625732
2019-10-29 16:37:47,712 [main] INFO  handler.ContextHandler (ContextHandler.java:doStart(781)) - Started o.e.j.s.ServletContextHandler@68699afc{/logs,file:///workdir/hadoop-ozone/integration-test/target/log,AVAILABLE}
2019-10-29 16:37:47,712 [main] INFO  handler.ContextHandler (ContextHandler.java:doStart(781)) - Started o.e.j.s.ServletContextHandler@1823b9c4{/static,file:///workdir/hadoop-ozone/integration-test/target/test-classes/webapps/static,AVAILABLE}
2019-10-29 16:37:47,717 [main] INFO  handler.ContextHandler (ContextHandler.java:doStart(781)) - Started o.e.j.w.WebAppContext@6680f714{/,file:///workdir/hadoop-ozone/integration-test/target/test-classes/webapps/scm/,AVAILABLE}{/scm}
2019-10-29 16:37:47,718 [main] INFO  server.AbstractConnector (AbstractConnector.java:doStart(278)) - Started ServerConnector@53b1a3f8{HTTP/1.1,[http/1.1]}{0.0.0.0:39107}
2019-10-29 16:37:47,718 [main] INFO  server.Server (Server.java:doStart(419)) - Started @30298ms
2019-10-29 16:37:47,718 [main] WARN  impl.MetricsSystemImpl (MetricsSystemImpl.java:register(276)) - Sink prometheus already exists!
2019-10-29 16:37:47,720 [main] INFO  server.BaseHttpServer (BaseHttpServer.java:updateConnectorAddress(215)) - HTTP server of SCM is listening at http://0.0.0.0:39107
2019-10-29 16:37:47,721 [main] WARN  server.ServerUtils (ServerUtils.java:getDBPath(222)) - ozone.om.db.dirs is not configured. We recommend adding this setting. Falling back to ozone.metadata.dirs instead.
2019-10-29 16:37:47,721 [org.apache.hadoop.util.JvmPauseMonitor$Monitor@5a936e64] INFO  util.JvmPauseMonitor (JvmPauseMonitor.java:run(188)) - Starting JVM pause monitor
2019-10-29 16:37:47,740 [main] INFO  ha.OMHANodeDetails (OMHANodeDetails.java:loadOMHAConfig(190)) - Configuration either no ozone.om.address set. Falling back to the default OM address /127.0.0.1:0
2019-10-29 16:37:47,740 [main] INFO  ha.OMHANodeDetails (OMHANodeDetails.java:getOMNodeDetails(220)) - OM Service ID is not set. Setting it to the default ID: omServiceIdDefault
2019-10-29 16:37:47,741 [main] WARN  server.ServerUtils (ServerUtils.java:getDBPath(222)) - ozone.om.db.dirs is not configured. We recommend adding this setting. Falling back to ozone.metadata.dirs instead.
2019-10-29 16:37:47,741 [main] WARN  server.ServerUtils (ServerUtils.java:getDBPath(222)) - ozone.om.db.dirs is not configured. We recommend adding this setting. Falling back to ozone.metadata.dirs instead.
2019-10-29 16:37:47,744 [main] WARN  server.ServerUtils (ServerUtils.java:getDBPath(222)) - ozone.om.db.dirs is not configured. We recommend adding this setting. Falling back to ozone.metadata.dirs instead.
2019-10-29 16:37:47,745 [main] INFO  db.DBStoreBuilder (DBStoreBuilder.java:addTable(127)) - using custom profile for table: userTable
2019-10-29 16:37:47,745 [main] INFO  db.DBStoreBuilder (DBStoreBuilder.java:processTables(183)) - Using default column profile:DBProfile.DISK for Table:userTable
2019-10-29 16:37:47,746 [main] INFO  db.DBStoreBuilder (DBStoreBuilder.java:addTable(127)) - using custom profile for table: volumeTable
2019-10-29 16:37:47,746 [main] INFO  db.DBStoreBuilder (DBStoreBuilder.java:processTables(183)) - Using default column profile:DBProfile.DISK for Table:volumeTable
2019-10-29 16:37:47,746 [main] INFO  db.DBStoreBuilder (DBStoreBuilder.java:addTable(127)) - using custom profile for table: bucketTable
2019-10-29 16:37:47,746 [main] INFO  db.DBStoreBuilder (DBStoreBuilder.java:processTables(183)) - Using default column profile:DBProfile.DISK for Table:bucketTable
2019-10-29 16:37:47,747 [main] INFO  db.DBStoreBuilder (DBStoreBuilder.java:addTable(127)) - using custom profile for table: keyTable
2019-10-29 16:37:47,747 [main] INFO  db.DBStoreBuilder (DBStoreBuilder.java:processTables(183)) - Using default column profile:DBProfile.DISK for Table:keyTable
2019-10-29 16:37:47,747 [main] INFO  db.DBStoreBuilder (DBStoreBuilder.java:addTable(127)) - using custom profile for table: deletedTable
2019-10-29 16:37:47,747 [main] INFO  db.DBStoreBuilder (DBStoreBuilder.java:processTables(183)) - Using default column profile:DBProfile.DISK for Table:deletedTable
2019-10-29 16:37:47,748 [main] INFO  db.DBStoreBuilder (DBStoreBuilder.java:addTable(127)) - using custom profile for table: openKeyTable
2019-10-29 16:37:47,748 [main] INFO  db.DBStoreBuilder (DBStoreBuilder.java:processTables(183)) - Using default column profile:DBProfile.DISK for Table:openKeyTable
2019-10-29 16:37:47,748 [main] INFO  db.DBStoreBuilder (DBStoreBuilder.java:addTable(127)) - using custom profile for table: s3Table
2019-10-29 16:37:47,748 [main] INFO  db.DBStoreBuilder (DBStoreBuilder.java:processTables(183)) - Using default column profile:DBProfile.DISK for Table:s3Table
2019-10-29 16:37:47,749 [main] INFO  db.DBStoreBuilder (DBStoreBuilder.java:addTable(127)) - using custom profile for table: multipartInfoTable
2019-10-29 16:37:47,749 [main] INFO  db.DBStoreBuilder (DBStoreBuilder.java:processTables(183)) - Using default column profile:DBProfile.DISK for Table:multipartInfoTable
2019-10-29 16:37:47,749 [main] INFO  db.DBStoreBuilder (DBStoreBuilder.java:addTable(127)) - using custom profile for table: dTokenTable
2019-10-29 16:37:47,749 [main] INFO  db.DBStoreBuilder (DBStoreBuilder.java:processTables(183)) - Using default column profile:DBProfile.DISK for Table:dTokenTable
2019-10-29 16:37:47,750 [main] INFO  db.DBStoreBuilder (DBStoreBuilder.java:addTable(127)) - using custom profile for table: s3SecretTable
2019-10-29 16:37:47,750 [main] INFO  db.DBStoreBuilder (DBStoreBuilder.java:processTables(183)) - Using default column profile:DBProfile.DISK for Table:s3SecretTable
2019-10-29 16:37:47,750 [main] INFO  db.DBStoreBuilder (DBStoreBuilder.java:addTable(127)) - using custom profile for table: prefixTable
2019-10-29 16:37:47,750 [main] INFO  db.DBStoreBuilder (DBStoreBuilder.java:processTables(183)) - Using default column profile:DBProfile.DISK for Table:prefixTable
2019-10-29 16:37:47,751 [main] INFO  db.DBStoreBuilder (DBStoreBuilder.java:addTable(127)) - using custom profile for table: default
2019-10-29 16:37:47,751 [main] INFO  db.DBStoreBuilder (DBStoreBuilder.java:processTables(189)) - Using default column profile:DBProfile.DISK for Table:default
2019-10-29 16:37:47,751 [main] INFO  db.DBStoreBuilder (DBStoreBuilder.java:getDbProfile(220)) - Using default options. DBProfile.DISK
2019-10-29 16:37:48,112 [main] INFO  ipc.CallQueueManager (CallQueueManager.java:<init>(84)) - Using callQueue: class java.util.concurrent.LinkedBlockingQueue, queueCapacity: 2000, scheduler: class org.apache.hadoop.ipc.DefaultRpcScheduler, ipcBackoff: false.
2019-10-29 16:37:48,113 [Socket Reader #1 for port 34143] INFO  ipc.Server (Server.java:run(1074)) - Starting Socket Reader #1 for port 34143
2019-10-29 16:37:48,131 [main] INFO  om.OzoneManager (OzoneManager.java:start(1074)) - OzoneManager RPC server is listening at localhost/127.0.0.1:34143
2019-10-29 16:37:48,131 [main] INFO  impl.MetricsSystemImpl (MetricsSystemImpl.java:init(158)) - OzoneManager metrics system started (again)
2019-10-29 16:37:48,133 [IPC Server Responder] INFO  ipc.Server (Server.java:run(1314)) - IPC Server Responder: starting
2019-10-29 16:37:48,133 [IPC Server listener on 34143] INFO  ipc.Server (Server.java:run(1153)) - IPC Server listener on 34143: starting
2019-10-29 16:37:48,139 [main] INFO  hdfs.DFSUtil (DFSUtil.java:httpServerTemplateForNNAndJN(1641)) - Starting Web-server for ozoneManager at: http://0.0.0.0:0
2019-10-29 16:37:48,142 [main] INFO  server.AuthenticationFilter (AuthenticationFilter.java:constructSecretProvider(240)) - Unable to initialize FileSignerSecretProvider, falling back to use random secrets.
2019-10-29 16:37:48,142 [main] WARN  http.HttpRequestLog (HttpRequestLog.java:getRequestLog(97)) - Jetty request log can only be enabled using Log4j
2019-10-29 16:37:48,145 [main] INFO  http.HttpServer2 (HttpServer2.java:addGlobalFilter(975)) - Added global filter 'safety' (class=org.apache.hadoop.http.HttpServer2$QuotingInputFilter)
2019-10-29 16:37:48,147 [main] INFO  http.HttpServer2 (HttpServer2.java:addFilter(948)) - Added filter static_user_filter (class=org.apache.hadoop.http.lib.StaticUserWebFilter$StaticUserFilter) to context ozoneManager
2019-10-29 16:37:48,147 [main] INFO  http.HttpServer2 (HttpServer2.java:addFilter(958)) - Added filter static_user_filter (class=org.apache.hadoop.http.lib.StaticUserWebFilter$StaticUserFilter) to context logs
2019-10-29 16:37:48,147 [main] INFO  http.HttpServer2 (HttpServer2.java:addFilter(958)) - Added filter static_user_filter (class=org.apache.hadoop.http.lib.StaticUserWebFilter$StaticUserFilter) to context static
2019-10-29 16:37:48,149 [main] INFO  http.HttpServer2 (HttpServer2.java:bindListener(1191)) - Jetty bound to port 43763
2019-10-29 16:37:48,149 [main] INFO  server.Server (Server.java:doStart(351)) - jetty-9.3.25.v20180904, build timestamp: 2018-09-04T21:11:46Z, git hash: 3ce520221d0240229c862b122d2b06c12a625732
2019-10-29 16:37:48,151 [main] INFO  handler.ContextHandler (ContextHandler.java:doStart(781)) - Started o.e.j.s.ServletContextHandler@58253c57{/logs,file:///workdir/hadoop-ozone/integration-test/target/log,AVAILABLE}
2019-10-29 16:37:48,152 [main] INFO  handler.ContextHandler (ContextHandler.java:doStart(781)) - Started o.e.j.s.ServletContextHandler@1bf14704{/static,file:///workdir/hadoop-ozone/integration-test/target/test-classes/webapps/static,AVAILABLE}
2019-10-29 16:37:48,159 [main] INFO  handler.ContextHandler (ContextHandler.java:doStart(781)) - Started o.e.j.w.WebAppContext@7efa3f63{/,file:///workdir/hadoop-ozone/integration-test/target/test-classes/webapps/ozoneManager/,AVAILABLE}{/ozoneManager}
2019-10-29 16:37:48,160 [main] INFO  server.AbstractConnector (AbstractConnector.java:doStart(278)) - Started ServerConnector@7134b8a7{HTTP/1.1,[http/1.1]}{0.0.0.0:43763}
2019-10-29 16:37:48,160 [main] INFO  server.Server (Server.java:doStart(419)) - Started @30740ms
2019-10-29 16:37:48,161 [main] WARN  impl.MetricsSystemImpl (MetricsSystemImpl.java:register(276)) - Sink prometheus already exists!
2019-10-29 16:37:48,162 [main] INFO  server.BaseHttpServer (BaseHttpServer.java:updateConnectorAddress(215)) - HTTP server of OZONEMANAGER is listening at http://0.0.0.0:43763
2019-10-29 16:37:48,173 [main] INFO  impl.MetricsSystemImpl (MetricsSystemImpl.java:init(158)) - HddsDatanode metrics system started (again)
2019-10-29 16:37:48,174 [main] INFO  ozone.HddsDatanodeService (HddsDatanodeService.java:start(184)) - HddsDatanodeService host:pr-hdds-2034-76npd-2451761435 ip:192.168.164.217
2019-10-29 16:37:48,183 [main] INFO  volume.HddsVolume (HddsVolume.java:<init>(176)) - Creating Volume: /workdir/hadoop-ozone/integration-test/target/test-dir/MiniOzoneClusterImpl-0c2cafbc-a1cb-44bb-893b-18fc22efbaa6/datanode-0/data/containers/hdds of  storage type : DISK and capacity : 1482555576320
2019-10-29 16:37:48,183 [main] INFO  volume.VolumeSet (VolumeSet.java:initializeVolumeSet(170)) - Added Volume : /workdir/hadoop-ozone/integration-test/target/test-dir/MiniOzoneClusterImpl-0c2cafbc-a1cb-44bb-893b-18fc22efbaa6/datanode-0/data/containers/hdds to VolumeSet
2019-10-29 16:37:48,183 [main] INFO  volume.ThrottledAsyncChecker (ThrottledAsyncChecker.java:schedule(141)) - Scheduling a check for /workdir/hadoop-ozone/integration-test/target/test-dir/MiniOzoneClusterImpl-0c2cafbc-a1cb-44bb-893b-18fc22efbaa6/datanode-0/data/containers/hdds
2019-10-29 16:37:48,184 [main] INFO  volume.HddsVolumeChecker (HddsVolumeChecker.java:checkAllVolumes(204)) - Scheduled health check for volume /workdir/hadoop-ozone/integration-test/target/test-dir/MiniOzoneClusterImpl-0c2cafbc-a1cb-44bb-893b-18fc22efbaa6/datanode-0/data/containers/hdds
2019-10-29 16:37:48,199 [main] INFO  impl.RaftServerProxy (ConfUtils.java:logGet(43)) - raft.rpc.type = GRPC (default)
2019-10-29 16:37:48,199 [main] INFO  grpc.GrpcFactory (GrpcFactory.java:checkPooledByteBufAllocatorUseCacheForAllThreads(45)) - PERFORMANCE WARNING: useCacheForAllThreads is true that may cause Netty to create a lot garbage objects and, as a result, trigger GC.
	It is recommended to disable useCacheForAllThreads by setting -Dorg.apache.ratis.thirdparty.io.netty.allocator.useCacheForAllThreads=false in command line.
2019-10-29 16:37:48,199 [main] INFO  grpc.GrpcConfigKeys$Server (ConfUtils.java:logGet(43)) - raft.grpc.server.port = 0 (default)
2019-10-29 16:37:48,200 [main] INFO  server.GrpcService (ConfUtils.java:logGet(43)) - raft.grpc.message.size.max = 33570816 (custom)
2019-10-29 16:37:48,200 [main] INFO  server.RaftServerConfigKeys (ConfUtils.java:logGet(43)) - raft.server.log.appender.buffer.byte-limit = 33554432 (custom)
2019-10-29 16:37:48,200 [main] INFO  server.GrpcService (ConfUtils.java:logGet(43)) - raft.grpc.flow.control.window = 1MB (=1048576) (default)
2019-10-29 16:37:48,201 [main] INFO  server.RaftServerConfigKeys (ConfUtils.java:logGet(43)) - raft.server.rpc.request.timeout = 3000ms (default)
2019-10-29 16:37:48,201 [main] INFO  server.RaftServerConfigKeys (ConfUtils.java:logGet(43)) - raft.server.storage.dir = [/workdir/hadoop-ozone/integration-test/target/test-dir/MiniOzoneClusterImpl-0c2cafbc-a1cb-44bb-893b-18fc22efbaa6/datanode-0/data/ratis] (custom)
2019-10-29 16:37:48,203 [main] INFO  hdfs.DFSUtil (DFSUtil.java:httpServerTemplateForNNAndJN(1641)) - Starting Web-server for hddsDatanode at: http://0.0.0.0:0
2019-10-29 16:37:48,205 [main] INFO  server.AuthenticationFilter (AuthenticationFilter.java:constructSecretProvider(240)) - Unable to initialize FileSignerSecretProvider, falling back to use random secrets.
2019-10-29 16:37:48,206 [main] WARN  http.HttpRequestLog (HttpRequestLog.java:getRequestLog(97)) - Jetty request log can only be enabled using Log4j
2019-10-29 16:37:48,208 [main] INFO  http.HttpServer2 (HttpServer2.java:addGlobalFilter(975)) - Added global filter 'safety' (class=org.apache.hadoop.http.HttpServer2$QuotingInputFilter)
2019-10-29 16:37:48,209 [main] INFO  http.HttpServer2 (HttpServer2.java:addFilter(948)) - Added filter static_user_filter (class=org.apache.hadoop.http.lib.StaticUserWebFilter$StaticUserFilter) to context hddsDatanode
2019-10-29 16:37:48,209 [main] INFO  http.HttpServer2 (HttpServer2.java:addFilter(958)) - Added filter static_user_filter (class=org.apache.hadoop.http.lib.StaticUserWebFilter$StaticUserFilter) to context logs
2019-10-29 16:37:48,210 [main] INFO  http.HttpServer2 (HttpServer2.java:addFilter(958)) - Added filter static_user_filter (class=org.apache.hadoop.http.lib.StaticUserWebFilter$StaticUserFilter) to context static
2019-10-29 16:37:48,211 [main] INFO  http.HttpServer2 (HttpServer2.java:bindListener(1191)) - Jetty bound to port 40910
2019-10-29 16:37:48,211 [main] INFO  server.Server (Server.java:doStart(351)) - jetty-9.3.25.v20180904, build timestamp: 2018-09-04T21:11:46Z, git hash: 3ce520221d0240229c862b122d2b06c12a625732
2019-10-29 16:37:48,213 [main] INFO  handler.ContextHandler (ContextHandler.java:doStart(781)) - Started o.e.j.s.ServletContextHandler@5f05c8d6{/logs,file:///workdir/hadoop-ozone/integration-test/target/log,AVAILABLE}
2019-10-29 16:37:48,214 [main] INFO  handler.ContextHandler (ContextHandler.java:doStart(781)) - Started o.e.j.s.ServletContextHandler@64942607{/static,jar:file:/home/user/.m2/repository/org/apache/hadoop/hadoop-hdds-container-service/0.5.0-SNAPSHOT/hadoop-hdds-container-service-0.5.0-SNAPSHOT.jar!/webapps/static,AVAILABLE}
2019-10-29 16:37:48,254 [main] INFO  handler.ContextHandler (ContextHandler.java:doStart(781)) - Started o.e.j.w.WebAppContext@68dd39d2{/,file:///tmp/jetty-0.0.0.0-40910-hddsDatanode-_-any-503498240113596250.dir/webapp/,AVAILABLE}{/hddsDatanode}
2019-10-29 16:37:48,254 [main] INFO  server.AbstractConnector (AbstractConnector.java:doStart(278)) - Started ServerConnector@4a44cfc0{HTTP/1.1,[http/1.1]}{0.0.0.0:40910}
2019-10-29 16:37:48,255 [main] INFO  server.Server (Server.java:doStart(419)) - Started @30835ms
2019-10-29 16:37:48,255 [main] WARN  impl.MetricsSystemImpl (MetricsSystemImpl.java:register(276)) - Sink prometheus already exists!
2019-10-29 16:37:48,256 [main] INFO  server.BaseHttpServer (BaseHttpServer.java:updateConnectorAddress(215)) - HTTP server of HDDSDATANODE is listening at http://0.0.0.0:40910
2019-10-29 16:37:48,256 [main] INFO  impl.MetricsSystemImpl (MetricsSystemImpl.java:init(158)) - HddsDatanode metrics system started (again)
2019-10-29 16:37:48,260 [main] INFO  ozone.HddsDatanodeService (HddsDatanodeService.java:start(184)) - HddsDatanodeService host:pr-hdds-2034-76npd-2451761435 ip:192.168.164.217
2019-10-29 16:37:48,260 [org.apache.hadoop.util.JvmPauseMonitor$Monitor@156a06ab] INFO  util.JvmPauseMonitor (JvmPauseMonitor.java:run(188)) - Starting JVM pause monitor
2019-10-29 16:37:48,264 [Datanode State Machine Thread - 0] INFO  datanode.InitDatanodeState (InitDatanodeState.java:persistContainerDatanodeDetails(140)) - DatanodeDetails is persisted to /workdir/hadoop-ozone/integration-test/target/test-dir/MiniOzoneClusterImpl-0c2cafbc-a1cb-44bb-893b-18fc22efbaa6/datanode-0/meta/datanode.id
2019-10-29 16:37:48,269 [main] INFO  volume.HddsVolume (HddsVolume.java:<init>(176)) - Creating Volume: /workdir/hadoop-ozone/integration-test/target/test-dir/MiniOzoneClusterImpl-0c2cafbc-a1cb-44bb-893b-18fc22efbaa6/datanode-1/data/containers/hdds of  storage type : DISK and capacity : 1482555576320
2019-10-29 16:37:48,269 [main] INFO  volume.VolumeSet (VolumeSet.java:initializeVolumeSet(170)) - Added Volume : /workdir/hadoop-ozone/integration-test/target/test-dir/MiniOzoneClusterImpl-0c2cafbc-a1cb-44bb-893b-18fc22efbaa6/datanode-1/data/containers/hdds to VolumeSet
2019-10-29 16:37:48,269 [main] INFO  volume.ThrottledAsyncChecker (ThrottledAsyncChecker.java:schedule(141)) - Scheduling a check for /workdir/hadoop-ozone/integration-test/target/test-dir/MiniOzoneClusterImpl-0c2cafbc-a1cb-44bb-893b-18fc22efbaa6/datanode-1/data/containers/hdds
2019-10-29 16:37:48,270 [main] INFO  volume.HddsVolumeChecker (HddsVolumeChecker.java:checkAllVolumes(204)) - Scheduled health check for volume /workdir/hadoop-ozone/integration-test/target/test-dir/MiniOzoneClusterImpl-0c2cafbc-a1cb-44bb-893b-18fc22efbaa6/datanode-1/data/containers/hdds
2019-10-29 16:37:48,285 [main] INFO  impl.RaftServerProxy (ConfUtils.java:logGet(43)) - raft.rpc.type = GRPC (default)
2019-10-29 16:37:48,285 [main] INFO  grpc.GrpcFactory (GrpcFactory.java:checkPooledByteBufAllocatorUseCacheForAllThreads(45)) - PERFORMANCE WARNING: useCacheForAllThreads is true that may cause Netty to create a lot garbage objects and, as a result, trigger GC.
	It is recommended to disable useCacheForAllThreads by setting -Dorg.apache.ratis.thirdparty.io.netty.allocator.useCacheForAllThreads=false in command line.
2019-10-29 16:37:48,285 [main] INFO  grpc.GrpcConfigKeys$Server (ConfUtils.java:logGet(43)) - raft.grpc.server.port = 0 (default)
2019-10-29 16:37:48,285 [main] INFO  server.GrpcService (ConfUtils.java:logGet(43)) - raft.grpc.message.size.max = 33570816 (custom)
2019-10-29 16:37:48,286 [main] INFO  server.RaftServerConfigKeys (ConfUtils.java:logGet(43)) - raft.server.log.appender.buffer.byte-limit = 33554432 (custom)
2019-10-29 16:37:48,286 [main] INFO  server.GrpcService (ConfUtils.java:logGet(43)) - raft.grpc.flow.control.window = 1MB (=1048576) (default)
2019-10-29 16:37:48,286 [main] INFO  server.RaftServerConfigKeys (ConfUtils.java:logGet(43)) - raft.server.rpc.request.timeout = 3000ms (default)
2019-10-29 16:37:48,287 [main] INFO  server.RaftServerConfigKeys (ConfUtils.java:logGet(43)) - raft.server.storage.dir = [/workdir/hadoop-ozone/integration-test/target/test-dir/MiniOzoneClusterImpl-0c2cafbc-a1cb-44bb-893b-18fc22efbaa6/datanode-1/data/ratis] (custom)
2019-10-29 16:37:48,288 [main] INFO  hdfs.DFSUtil (DFSUtil.java:httpServerTemplateForNNAndJN(1641)) - Starting Web-server for hddsDatanode at: http://0.0.0.0:0
2019-10-29 16:37:48,290 [main] INFO  server.AuthenticationFilter (AuthenticationFilter.java:constructSecretProvider(240)) - Unable to initialize FileSignerSecretProvider, falling back to use random secrets.
2019-10-29 16:37:48,290 [main] WARN  http.HttpRequestLog (HttpRequestLog.java:getRequestLog(97)) - Jetty request log can only be enabled using Log4j
2019-10-29 16:37:48,292 [main] INFO  http.HttpServer2 (HttpServer2.java:addGlobalFilter(975)) - Added global filter 'safety' (class=org.apache.hadoop.http.HttpServer2$QuotingInputFilter)
2019-10-29 16:37:48,292 [main] INFO  http.HttpServer2 (HttpServer2.java:addFilter(948)) - Added filter static_user_filter (class=org.apache.hadoop.http.lib.StaticUserWebFilter$StaticUserFilter) to context hddsDatanode
2019-10-29 16:37:48,292 [main] INFO  http.HttpServer2 (HttpServer2.java:addFilter(958)) - Added filter static_user_filter (class=org.apache.hadoop.http.lib.StaticUserWebFilter$StaticUserFilter) to context logs
2019-10-29 16:37:48,293 [main] INFO  http.HttpServer2 (HttpServer2.java:addFilter(958)) - Added filter static_user_filter (class=org.apache.hadoop.http.lib.StaticUserWebFilter$StaticUserFilter) to context static
2019-10-29 16:37:48,293 [main] INFO  http.HttpServer2 (HttpServer2.java:bindListener(1191)) - Jetty bound to port 33616
2019-10-29 16:37:48,294 [main] INFO  server.Server (Server.java:doStart(351)) - jetty-9.3.25.v20180904, build timestamp: 2018-09-04T21:11:46Z, git hash: 3ce520221d0240229c862b122d2b06c12a625732
2019-10-29 16:37:48,295 [main] INFO  handler.ContextHandler (ContextHandler.java:doStart(781)) - Started o.e.j.s.ServletContextHandler@796f632b{/logs,file:///workdir/hadoop-ozone/integration-test/target/log,AVAILABLE}
2019-10-29 16:37:48,296 [main] INFO  handler.ContextHandler (ContextHandler.java:doStart(781)) - Started o.e.j.s.ServletContextHandler@cedee22{/static,jar:file:/home/user/.m2/repository/org/apache/hadoop/hadoop-hdds-container-service/0.5.0-SNAPSHOT/hadoop-hdds-container-service-0.5.0-SNAPSHOT.jar!/webapps/static,AVAILABLE}
2019-10-29 16:37:48,331 [main] INFO  handler.ContextHandler (ContextHandler.java:doStart(781)) - Started o.e.j.w.WebAppContext@759de304{/,file:///tmp/jetty-0.0.0.0-33616-hddsDatanode-_-any-807738535230549839.dir/webapp/,AVAILABLE}{/hddsDatanode}
2019-10-29 16:37:48,331 [main] INFO  server.AbstractConnector (AbstractConnector.java:doStart(278)) - Started ServerConnector@5649d11a{HTTP/1.1,[http/1.1]}{0.0.0.0:33616}
2019-10-29 16:37:48,332 [main] INFO  server.Server (Server.java:doStart(419)) - Started @30912ms
2019-10-29 16:37:48,332 [main] WARN  impl.MetricsSystemImpl (MetricsSystemImpl.java:register(276)) - Sink prometheus already exists!
2019-10-29 16:37:48,333 [main] INFO  server.BaseHttpServer (BaseHttpServer.java:updateConnectorAddress(215)) - HTTP server of HDDSDATANODE is listening at http://0.0.0.0:33616
2019-10-29 16:37:48,333 [main] INFO  impl.MetricsSystemImpl (MetricsSystemImpl.java:init(158)) - HddsDatanode metrics system started (again)
2019-10-29 16:37:48,336 [main] INFO  ozone.HddsDatanodeService (HddsDatanodeService.java:start(184)) - HddsDatanodeService host:pr-hdds-2034-76npd-2451761435 ip:192.168.164.217
2019-10-29 16:37:48,336 [org.apache.hadoop.util.JvmPauseMonitor$Monitor@6486e528] INFO  util.JvmPauseMonitor (JvmPauseMonitor.java:run(188)) - Starting JVM pause monitor
2019-10-29 16:37:48,338 [Datanode State Machine Thread - 0] INFO  datanode.InitDatanodeState (InitDatanodeState.java:persistContainerDatanodeDetails(140)) - DatanodeDetails is persisted to /workdir/hadoop-ozone/integration-test/target/test-dir/MiniOzoneClusterImpl-0c2cafbc-a1cb-44bb-893b-18fc22efbaa6/datanode-1/meta/datanode.id
2019-10-29 16:37:48,345 [main] INFO  volume.HddsVolume (HddsVolume.java:<init>(176)) - Creating Volume: /workdir/hadoop-ozone/integration-test/target/test-dir/MiniOzoneClusterImpl-0c2cafbc-a1cb-44bb-893b-18fc22efbaa6/datanode-2/data/containers/hdds of  storage type : DISK and capacity : 1482555576320
2019-10-29 16:37:48,345 [main] INFO  volume.VolumeSet (VolumeSet.java:initializeVolumeSet(170)) - Added Volume : /workdir/hadoop-ozone/integration-test/target/test-dir/MiniOzoneClusterImpl-0c2cafbc-a1cb-44bb-893b-18fc22efbaa6/datanode-2/data/containers/hdds to VolumeSet
2019-10-29 16:37:48,345 [main] INFO  volume.ThrottledAsyncChecker (ThrottledAsyncChecker.java:schedule(141)) - Scheduling a check for /workdir/hadoop-ozone/integration-test/target/test-dir/MiniOzoneClusterImpl-0c2cafbc-a1cb-44bb-893b-18fc22efbaa6/datanode-2/data/containers/hdds
2019-10-29 16:37:48,346 [main] INFO  volume.HddsVolumeChecker (HddsVolumeChecker.java:checkAllVolumes(204)) - Scheduled health check for volume /workdir/hadoop-ozone/integration-test/target/test-dir/MiniOzoneClusterImpl-0c2cafbc-a1cb-44bb-893b-18fc22efbaa6/datanode-2/data/containers/hdds
2019-10-29 16:37:48,360 [main] INFO  impl.RaftServerProxy (ConfUtils.java:logGet(43)) - raft.rpc.type = GRPC (default)
2019-10-29 16:37:48,360 [main] INFO  grpc.GrpcFactory (GrpcFactory.java:checkPooledByteBufAllocatorUseCacheForAllThreads(45)) - PERFORMANCE WARNING: useCacheForAllThreads is true that may cause Netty to create a lot garbage objects and, as a result, trigger GC.
	It is recommended to disable useCacheForAllThreads by setting -Dorg.apache.ratis.thirdparty.io.netty.allocator.useCacheForAllThreads=false in command line.
2019-10-29 16:37:48,360 [main] INFO  grpc.GrpcConfigKeys$Server (ConfUtils.java:logGet(43)) - raft.grpc.server.port = 0 (default)
2019-10-29 16:37:48,360 [main] INFO  server.GrpcService (ConfUtils.java:logGet(43)) - raft.grpc.message.size.max = 33570816 (custom)
2019-10-29 16:37:48,360 [main] INFO  server.RaftServerConfigKeys (ConfUtils.java:logGet(43)) - raft.server.log.appender.buffer.byte-limit = 33554432 (custom)
2019-10-29 16:37:48,361 [main] INFO  server.GrpcService (ConfUtils.java:logGet(43)) - raft.grpc.flow.control.window = 1MB (=1048576) (default)
2019-10-29 16:37:48,361 [main] INFO  server.RaftServerConfigKeys (ConfUtils.java:logGet(43)) - raft.server.rpc.request.timeout = 3000ms (default)
2019-10-29 16:37:48,361 [main] INFO  server.RaftServerConfigKeys (ConfUtils.java:logGet(43)) - raft.server.storage.dir = [/workdir/hadoop-ozone/integration-test/target/test-dir/MiniOzoneClusterImpl-0c2cafbc-a1cb-44bb-893b-18fc22efbaa6/datanode-2/data/ratis] (custom)
2019-10-29 16:37:48,363 [main] INFO  hdfs.DFSUtil (DFSUtil.java:httpServerTemplateForNNAndJN(1641)) - Starting Web-server for hddsDatanode at: http://0.0.0.0:0
2019-10-29 16:37:48,364 [main] INFO  server.AuthenticationFilter (AuthenticationFilter.java:constructSecretProvider(240)) - Unable to initialize FileSignerSecretProvider, falling back to use random secrets.
2019-10-29 16:37:48,364 [main] WARN  http.HttpRequestLog (HttpRequestLog.java:getRequestLog(97)) - Jetty request log can only be enabled using Log4j
2019-10-29 16:37:48,365 [main] INFO  http.HttpServer2 (HttpServer2.java:addGlobalFilter(975)) - Added global filter 'safety' (class=org.apache.hadoop.http.HttpServer2$QuotingInputFilter)
2019-10-29 16:37:48,366 [main] INFO  http.HttpServer2 (HttpServer2.java:addFilter(948)) - Added filter static_user_filter (class=org.apache.hadoop.http.lib.StaticUserWebFilter$StaticUserFilter) to context hddsDatanode
2019-10-29 16:37:48,366 [main] INFO  http.HttpServer2 (HttpServer2.java:addFilter(958)) - Added filter static_user_filter (class=org.apache.hadoop.http.lib.StaticUserWebFilter$StaticUserFilter) to context logs
2019-10-29 16:37:48,366 [main] INFO  http.HttpServer2 (HttpServer2.java:addFilter(958)) - Added filter static_user_filter (class=org.apache.hadoop.http.lib.StaticUserWebFilter$StaticUserFilter) to context static
2019-10-29 16:37:48,367 [main] INFO  http.HttpServer2 (HttpServer2.java:bindListener(1191)) - Jetty bound to port 44262
2019-10-29 16:37:48,367 [main] INFO  server.Server (Server.java:doStart(351)) - jetty-9.3.25.v20180904, build timestamp: 2018-09-04T21:11:46Z, git hash: 3ce520221d0240229c862b122d2b06c12a625732
2019-10-29 16:37:48,369 [main] INFO  handler.ContextHandler (ContextHandler.java:doStart(781)) - Started o.e.j.s.ServletContextHandler@659f226a{/logs,file:///workdir/hadoop-ozone/integration-test/target/log,AVAILABLE}
2019-10-29 16:37:48,369 [main] INFO  handler.ContextHandler (ContextHandler.java:doStart(781)) - Started o.e.j.s.ServletContextHandler@32ec9c90{/static,jar:file:/home/user/.m2/repository/org/apache/hadoop/hadoop-hdds-container-service/0.5.0-SNAPSHOT/hadoop-hdds-container-service-0.5.0-SNAPSHOT.jar!/webapps/static,AVAILABLE}
2019-10-29 16:37:48,399 [main] INFO  handler.ContextHandler (ContextHandler.java:doStart(781)) - Started o.e.j.w.WebAppContext@fe87ddd{/,file:///tmp/jetty-0.0.0.0-44262-hddsDatanode-_-any-2356504104229717741.dir/webapp/,AVAILABLE}{/hddsDatanode}
2019-10-29 16:37:48,399 [main] INFO  server.AbstractConnector (AbstractConnector.java:doStart(278)) - Started ServerConnector@4eea94a4{HTTP/1.1,[http/1.1]}{0.0.0.0:44262}
2019-10-29 16:37:48,400 [main] INFO  server.Server (Server.java:doStart(419)) - Started @30980ms
2019-10-29 16:37:48,400 [main] WARN  impl.MetricsSystemImpl (MetricsSystemImpl.java:register(276)) - Sink prometheus already exists!
2019-10-29 16:37:48,401 [main] INFO  server.BaseHttpServer (BaseHttpServer.java:updateConnectorAddress(215)) - HTTP server of HDDSDATANODE is listening at http://0.0.0.0:44262
2019-10-29 16:37:48,401 [main] INFO  ozone.MiniOzoneClusterImpl (MiniOzoneClusterImpl.java:lambda$waitForClusterToBeReady$0(149)) - Waiting for nodes to be ready. Got 0 of 3 DN Heartbeats.
2019-10-29 16:37:48,403 [main] INFO  ozone.MiniOzoneClusterImpl (MiniOzoneClusterImpl.java:lambda$waitForClusterToBeReady$0(152)) - Waiting for cluster to exit safe mode
2019-10-29 16:37:48,404 [org.apache.hadoop.util.JvmPauseMonitor$Monitor@36974898] INFO  util.JvmPauseMonitor (JvmPauseMonitor.java:run(188)) - Starting JVM pause monitor
2019-10-29 16:37:48,406 [Datanode State Machine Thread - 0] INFO  datanode.InitDatanodeState (InitDatanodeState.java:persistContainerDatanodeDetails(140)) - DatanodeDetails is persisted to /workdir/hadoop-ozone/integration-test/target/test-dir/MiniOzoneClusterImpl-0c2cafbc-a1cb-44bb-893b-18fc22efbaa6/datanode-2/meta/datanode.id
2019-10-29 16:37:49,403 [main] INFO  ozone.MiniOzoneClusterImpl (MiniOzoneClusterImpl.java:lambda$waitForClusterToBeReady$0(149)) - Waiting for nodes to be ready. Got 0 of 3 DN Heartbeats.
2019-10-29 16:37:49,403 [main] INFO  ozone.MiniOzoneClusterImpl (MiniOzoneClusterImpl.java:lambda$waitForClusterToBeReady$0(152)) - Waiting for cluster to exit safe mode
2019-10-29 16:37:50,294 [Datanode State Machine Thread - 0] INFO  ozoneimpl.OzoneContainer (OzoneContainer.java:start(213)) - Attempting to start container services.
2019-10-29 16:37:50,295 [Datanode State Machine Thread - 0] INFO  ozoneimpl.OzoneContainer (OzoneContainer.java:startContainerScrub(177)) - Background container scanner has been disabled.
2019-10-29 16:37:50,295 [Datanode State Machine Thread - 0] INFO  ratis.XceiverServerRatis (XceiverServerRatis.java:start(419)) - Starting XceiverServerRatis ca4d1033-c905-4eeb-87b4-1601b3c50e71 at port 0
2019-10-29 16:37:50,305 [Datanode State Machine Thread - 0] INFO  impl.RaftServerProxy (RaftServerProxy.java:lambda$start$3(299)) - ca4d1033-c905-4eeb-87b4-1601b3c50e71: start RPC server
2019-10-29 16:37:50,308 [Datanode State Machine Thread - 0] INFO  server.GrpcService (GrpcService.java:startImpl(158)) - ca4d1033-c905-4eeb-87b4-1601b3c50e71: GrpcService started, listening on 0.0.0.0/0.0.0.0:43765
2019-10-29 16:37:50,308 [Datanode State Machine Thread - 0] INFO  ratis.XceiverServerRatis (XceiverServerRatis.java:start(429)) - XceiverServerRatis ca4d1033-c905-4eeb-87b4-1601b3c50e71 is started using port 43765
2019-10-29 16:37:50,309 [Datanode State Machine Thread - 0] INFO  server.XceiverServerGrpc (XceiverServerGrpc.java:start(149)) - XceiverServerGrpc ca4d1033-c905-4eeb-87b4-1601b3c50e71 is started using port 37908
2019-10-29 16:37:50,352 [Datanode State Machine Thread - 0] INFO  ozoneimpl.OzoneContainer (OzoneContainer.java:start(213)) - Attempting to start container services.
2019-10-29 16:37:50,358 [Datanode State Machine Thread - 0] INFO  ozoneimpl.OzoneContainer (OzoneContainer.java:startContainerScrub(177)) - Background container scanner has been disabled.
2019-10-29 16:37:50,358 [Datanode State Machine Thread - 0] INFO  ratis.XceiverServerRatis (XceiverServerRatis.java:start(419)) - Starting XceiverServerRatis 35688c51-31e6-494a-bf84-40ad51252ac6 at port 0
2019-10-29 16:37:50,367 [Datanode State Machine Thread - 0] INFO  impl.RaftServerProxy (RaftServerProxy.java:lambda$start$3(299)) - 35688c51-31e6-494a-bf84-40ad51252ac6: start RPC server
2019-10-29 16:37:50,369 [Datanode State Machine Thread - 0] INFO  server.GrpcService (GrpcService.java:startImpl(158)) - 35688c51-31e6-494a-bf84-40ad51252ac6: GrpcService started, listening on 0.0.0.0/0.0.0.0:46836
2019-10-29 16:37:50,369 [Datanode State Machine Thread - 0] INFO  ratis.XceiverServerRatis (XceiverServerRatis.java:start(429)) - XceiverServerRatis 35688c51-31e6-494a-bf84-40ad51252ac6 is started using port 46836
2019-10-29 16:37:50,371 [Datanode State Machine Thread - 0] INFO  server.XceiverServerGrpc (XceiverServerGrpc.java:start(149)) - XceiverServerGrpc 35688c51-31e6-494a-bf84-40ad51252ac6 is started using port 42261
2019-10-29 16:37:50,404 [main] INFO  ozone.MiniOzoneClusterImpl (MiniOzoneClusterImpl.java:lambda$waitForClusterToBeReady$0(149)) - Waiting for nodes to be ready. Got 0 of 3 DN Heartbeats.
2019-10-29 16:37:50,404 [main] INFO  ozone.MiniOzoneClusterImpl (MiniOzoneClusterImpl.java:lambda$waitForClusterToBeReady$0(152)) - Waiting for cluster to exit safe mode
2019-10-29 16:37:50,418 [Datanode State Machine Thread - 0] INFO  ozoneimpl.OzoneContainer (OzoneContainer.java:start(213)) - Attempting to start container services.
2019-10-29 16:37:50,420 [Datanode State Machine Thread - 0] INFO  ozoneimpl.OzoneContainer (OzoneContainer.java:startContainerScrub(177)) - Background container scanner has been disabled.
2019-10-29 16:37:50,420 [Datanode State Machine Thread - 0] INFO  ratis.XceiverServerRatis (XceiverServerRatis.java:start(419)) - Starting XceiverServerRatis 7028d41f-b32c-4cbe-8813-363cc02bb03c at port 0
2019-10-29 16:37:50,428 [Datanode State Machine Thread - 0] INFO  impl.RaftServerProxy (RaftServerProxy.java:lambda$start$3(299)) - 7028d41f-b32c-4cbe-8813-363cc02bb03c: start RPC server
2019-10-29 16:37:50,430 [Datanode State Machine Thread - 0] INFO  server.GrpcService (GrpcService.java:startImpl(158)) - 7028d41f-b32c-4cbe-8813-363cc02bb03c: GrpcService started, listening on 0.0.0.0/0.0.0.0:33903
2019-10-29 16:37:50,430 [Datanode State Machine Thread - 0] INFO  ratis.XceiverServerRatis (XceiverServerRatis.java:start(429)) - XceiverServerRatis 7028d41f-b32c-4cbe-8813-363cc02bb03c is started using port 33903
2019-10-29 16:37:50,431 [Datanode State Machine Thread - 0] INFO  server.XceiverServerGrpc (XceiverServerGrpc.java:start(149)) - XceiverServerGrpc 7028d41f-b32c-4cbe-8813-363cc02bb03c is started using port 37317
2019-10-29 16:37:51,405 [main] INFO  ozone.MiniOzoneClusterImpl (MiniOzoneClusterImpl.java:lambda$waitForClusterToBeReady$0(149)) - Waiting for nodes to be ready. Got 0 of 3 DN Heartbeats.
2019-10-29 16:37:51,405 [main] INFO  ozone.MiniOzoneClusterImpl (MiniOzoneClusterImpl.java:lambda$waitForClusterToBeReady$0(152)) - Waiting for cluster to exit safe mode
2019-10-29 16:37:52,271 [IPC Server handler 0 on 37541] INFO  net.NetworkTopology (NetworkTopologyImpl.java:add(111)) - Added a new node: /default-rack/ca4d1033-c905-4eeb-87b4-1601b3c50e71
2019-10-29 16:37:52,272 [RatisPipelineUtilsThread] INFO  pipeline.RatisPipelineProvider (RatisPipelineProvider.java:lambda$create$4(163)) - Send pipeline:PipelineID=368ff0ec-4d0b-4fcc-b157-92a6021c3f22 create command to datanode ca4d1033-c905-4eeb-87b4-1601b3c50e71
2019-10-29 16:37:52,273 [IPC Server handler 0 on 37541] INFO  node.SCMNodeManager (SCMNodeManager.java:register(267)) - Registered Data node : ca4d1033-c905-4eeb-87b4-1601b3c50e71{ip: 192.168.164.217, host: pr-hdds-2034-76npd-2451761435, networkLocation: /default-rack, certSerialId: null}
2019-10-29 16:37:52,275 [EventQueue-NodeRegistrationContainerReportForContainerSafeModeRule] INFO  safemode.SCMSafeModeManager (SCMSafeModeManager.java:validateSafeModeExitRules(176)) - ContainerSafeModeRule rule is successfully validated
2019-10-29 16:37:52,275 [EventQueue-NodeRegistrationContainerReportForDataNodeSafeModeRule] INFO  safemode.SCMSafeModeManager (DataNodeSafeModeRule.java:process(71)) - SCM in safe mode. 1 DataNodes registered, 1 required.
2019-10-29 16:37:52,276 [EventQueue-NodeRegistrationContainerReportForDataNodeSafeModeRule] INFO  safemode.SCMSafeModeManager (SCMSafeModeManager.java:validateSafeModeExitRules(176)) - DataNodeSafeModeRule rule is successfully validated
2019-10-29 16:37:52,338 [IPC Server handler 2 on 37541] INFO  net.NetworkTopology (NetworkTopologyImpl.java:add(111)) - Added a new node: /default-rack/35688c51-31e6-494a-bf84-40ad51252ac6
2019-10-29 16:37:52,338 [IPC Server handler 2 on 37541] INFO  node.SCMNodeManager (SCMNodeManager.java:register(267)) - Registered Data node : 35688c51-31e6-494a-bf84-40ad51252ac6{ip: 192.168.164.217, host: pr-hdds-2034-76npd-2451761435, networkLocation: /default-rack, certSerialId: null}
2019-10-29 16:37:52,338 [EventQueue-NodeRegistrationContainerReportForContainerSafeModeRule] INFO  safemode.SCMSafeModeManager (SCMSafeModeManager.java:validateSafeModeExitRules(176)) - ContainerSafeModeRule rule is successfully validated
2019-10-29 16:37:52,339 [EventQueue-NodeRegistrationContainerReportForDataNodeSafeModeRule] INFO  safemode.SCMSafeModeManager (SCMSafeModeManager.java:validateSafeModeExitRules(176)) - DataNodeSafeModeRule rule is successfully validated
2019-10-29 16:37:52,339 [RatisPipelineUtilsThread] INFO  pipeline.RatisPipelineProvider (RatisPipelineProvider.java:lambda$create$4(163)) - Send pipeline:PipelineID=357a1622-b2cc-4775-977b-8e83244f153f create command to datanode 35688c51-31e6-494a-bf84-40ad51252ac6
2019-10-29 16:37:52,405 [IPC Server handler 3 on 37541] INFO  net.NetworkTopology (NetworkTopologyImpl.java:add(111)) - Added a new node: /default-rack/7028d41f-b32c-4cbe-8813-363cc02bb03c
2019-10-29 16:37:52,405 [IPC Server handler 3 on 37541] INFO  node.SCMNodeManager (SCMNodeManager.java:register(267)) - Registered Data node : 7028d41f-b32c-4cbe-8813-363cc02bb03c{ip: 192.168.164.217, host: pr-hdds-2034-76npd-2451761435, networkLocation: /default-rack, certSerialId: null}
2019-10-29 16:37:52,407 [main] INFO  ozone.MiniOzoneClusterImpl (MiniOzoneClusterImpl.java:lambda$waitForClusterToBeReady$0(149)) - Nodes are ready. Got 3 of 3 DN Heartbeats.
2019-10-29 16:37:52,408 [main] INFO  ozone.MiniOzoneClusterImpl (MiniOzoneClusterImpl.java:lambda$waitForClusterToBeReady$0(152)) - Waiting for cluster to exit safe mode
2019-10-29 16:37:52,407 [EventQueue-NodeRegistrationContainerReportForContainerSafeModeRule] INFO  safemode.SCMSafeModeManager (SCMSafeModeManager.java:validateSafeModeExitRules(176)) - ContainerSafeModeRule rule is successfully validated
2019-10-29 16:37:52,407 [RatisPipelineUtilsThread] INFO  pipeline.RatisPipelineProvider (RatisPipelineProvider.java:lambda$create$4(163)) - Send pipeline:PipelineID=04b62dd6-9643-4d7a-9bab-64cc800e6712 create command to datanode 7028d41f-b32c-4cbe-8813-363cc02bb03c
2019-10-29 16:37:52,408 [EventQueue-NodeRegistrationContainerReportForDataNodeSafeModeRule] INFO  safemode.SCMSafeModeManager (SCMSafeModeManager.java:validateSafeModeExitRules(176)) - DataNodeSafeModeRule rule is successfully validated
2019-10-29 16:37:52,410 [RatisPipelineUtilsThread] INFO  pipeline.RatisPipelineProvider (RatisPipelineProvider.java:lambda$create$4(163)) - Send pipeline:PipelineID=c89bf3f3-0aff-4544-ad7c-f91d8cf5b25c create command to datanode ca4d1033-c905-4eeb-87b4-1601b3c50e71
2019-10-29 16:37:52,410 [RatisPipelineUtilsThread] INFO  pipeline.RatisPipelineProvider (RatisPipelineProvider.java:lambda$create$4(163)) - Send pipeline:PipelineID=c89bf3f3-0aff-4544-ad7c-f91d8cf5b25c create command to datanode 7028d41f-b32c-4cbe-8813-363cc02bb03c
2019-10-29 16:37:52,411 [RatisPipelineUtilsThread] INFO  pipeline.RatisPipelineProvider (RatisPipelineProvider.java:lambda$create$4(163)) - Send pipeline:PipelineID=c89bf3f3-0aff-4544-ad7c-f91d8cf5b25c create command to datanode 35688c51-31e6-494a-bf84-40ad51252ac6
2019-10-29 16:37:53,408 [main] INFO  ozone.MiniOzoneClusterImpl (MiniOzoneClusterImpl.java:lambda$waitForClusterToBeReady$0(149)) - Nodes are ready. Got 3 of 3 DN Heartbeats.
2019-10-29 16:37:53,408 [main] INFO  ozone.MiniOzoneClusterImpl (MiniOzoneClusterImpl.java:lambda$waitForClusterToBeReady$0(152)) - Waiting for cluster to exit safe mode
2019-10-29 16:37:54,409 [main] INFO  ozone.MiniOzoneClusterImpl (MiniOzoneClusterImpl.java:lambda$waitForClusterToBeReady$0(149)) - Nodes are ready. Got 3 of 3 DN Heartbeats.
2019-10-29 16:37:54,409 [main] INFO  ozone.MiniOzoneClusterImpl (MiniOzoneClusterImpl.java:lambda$waitForClusterToBeReady$0(152)) - Waiting for cluster to exit safe mode
2019-10-29 16:37:55,262 [Command processor thread] INFO  impl.RaftServerProxy (RaftServerProxy.java:addNew(89)) - ca4d1033-c905-4eeb-87b4-1601b3c50e71: addNew group-92A6021C3F22:[ca4d1033-c905-4eeb-87b4-1601b3c50e71:192.168.164.217:43765] returns group-92A6021C3F22:java.util.concurrent.CompletableFuture@21f702b8[Not completed]
2019-10-29 16:37:55,269 [pool-87-thread-1] INFO  impl.RaftServerImpl (RaftServerImpl.java:<init>(98)) - ca4d1033-c905-4eeb-87b4-1601b3c50e71: new RaftServerImpl for group-92A6021C3F22:[ca4d1033-c905-4eeb-87b4-1601b3c50e71:192.168.164.217:43765] with ContainerStateMachine:uninitialized
2019-10-29 16:37:55,270 [pool-87-thread-1] INFO  server.RaftServerConfigKeys (ConfUtils.java:logGet(43)) - raft.server.rpc.timeout.min = 5s (custom)
2019-10-29 16:37:55,270 [pool-87-thread-1] INFO  server.RaftServerConfigKeys (ConfUtils.java:logGet(43)) - raft.server.rpc.timeout.max = 5200ms (custom)
2019-10-29 16:37:55,271 [pool-87-thread-1] INFO  server.RaftServerConfigKeys (ConfUtils.java:logGet(43)) - raft.server.rpcslowness.timeout = 120s (custom)
2019-10-29 16:37:55,271 [pool-87-thread-1] INFO  server.RaftServerConfigKeys (ConfUtils.java:logGet(43)) - raft.server.sleep.deviation.threshold = 300 (default)
2019-10-29 16:37:55,271 [pool-87-thread-1] INFO  server.RaftServerConfigKeys (ConfUtils.java:logGet(43)) - raft.server.log.appender.install.snapshot.enabled = false (custom)
2019-10-29 16:37:55,272 [pool-87-thread-1] INFO  impl.RaftServerImpl (ServerState.java:<init>(103)) - ca4d1033-c905-4eeb-87b4-1601b3c50e71@group-92A6021C3F22: ConfigurationManager, init=-1: [ca4d1033-c905-4eeb-87b4-1601b3c50e71:192.168.164.217:43765], old=null, confs=<EMPTY_MAP>
2019-10-29 16:37:55,272 [pool-87-thread-1] INFO  server.RaftServerConfigKeys (ConfUtils.java:logGet(43)) - raft.server.storage.dir = [/workdir/hadoop-ozone/integration-test/target/test-dir/MiniOzoneClusterImpl-0c2cafbc-a1cb-44bb-893b-18fc22efbaa6/datanode-0/data/ratis] (custom)
2019-10-29 16:37:55,273 [pool-87-thread-1] INFO  server.RaftServerConfigKeys (ConfUtils.java:logGet(43)) - raft.server.log.corruption.policy = EXCEPTION (default)
2019-10-29 16:37:55,273 [pool-87-thread-1] INFO  storage.RaftStorageDirectory (RaftStorageDirectory.java:analyzeStorage(246)) - The storage directory /workdir/hadoop-ozone/integration-test/target/test-dir/MiniOzoneClusterImpl-0c2cafbc-a1cb-44bb-893b-18fc22efbaa6/datanode-0/data/ratis/368ff0ec-4d0b-4fcc-b157-92a6021c3f22 does not exist. Creating ...
2019-10-29 16:37:55,287 [pool-87-thread-1] INFO  storage.RaftStorageDirectory (RaftStorageDirectory.java:tryLock(328)) - Lock on /workdir/hadoop-ozone/integration-test/target/test-dir/MiniOzoneClusterImpl-0c2cafbc-a1cb-44bb-893b-18fc22efbaa6/datanode-0/data/ratis/368ff0ec-4d0b-4fcc-b157-92a6021c3f22/in_use.lock acquired by nodename 19005@pr-hdds-2034-76npd-2451761435
2019-10-29 16:37:55,300 [pool-87-thread-1] INFO  storage.RaftStorage (RaftStorage.java:format(84)) - Storage directory /workdir/hadoop-ozone/integration-test/target/test-dir/MiniOzoneClusterImpl-0c2cafbc-a1cb-44bb-893b-18fc22efbaa6/datanode-0/data/ratis/368ff0ec-4d0b-4fcc-b157-92a6021c3f22 has been successfully formatted.
2019-10-29 16:37:55,300 [pool-87-thread-1] INFO  ratis.ContainerStateMachine (ContainerStateMachine.java:loadSnapshot(231)) - group-92A6021C3F22: The snapshot info is null. Setting the last applied indexto:(t:0, i:~)
2019-10-29 16:37:55,301 [pool-87-thread-1] INFO  server.RaftServerConfigKeys (ConfUtils.java:logGet(43)) - raft.server.notification.no-leader.timeout = 120s (custom)
2019-10-29 16:37:55,301 [pool-87-thread-1] INFO  server.RaftServerConfigKeys (ConfUtils.java:logGet(43)) - raft.server.log.use.memory = false (default)
2019-10-29 16:37:55,301 [pool-87-thread-1] INFO  server.RaftServerConfigKeys (ConfUtils.java:logGet(43)) - raft.server.log.purge.gap = 1000000 (custom)
2019-10-29 16:37:55,301 [pool-87-thread-1] INFO  server.RaftServerConfigKeys (ConfUtils.java:logGet(43)) - raft.server.log.appender.buffer.byte-limit = 33554432 (custom)
2019-10-29 16:37:55,302 [pool-87-thread-1] INFO  server.RaftServerConfigKeys (ConfUtils.java:logGet(43)) - raft.server.log.segment.size.max = 1048576 (custom)
2019-10-29 16:37:55,302 [pool-87-thread-1] WARN  impl.MetricRegistriesImpl (MetricRegistriesImpl.java:lambda$create$1(61)) - First MetricRegistry has been created without registering reporters. You may need to call MetricRegistries.global().addReportRegistration(...) before.
2019-10-29 16:37:55,302 [pool-87-thread-1] INFO  server.RaftServerConfigKeys (ConfUtils.java:logGet(43)) - raft.server.log.segment.cache.num.max = 2 (custom)
2019-10-29 16:37:55,303 [pool-87-thread-1] INFO  segmented.SegmentedRaftLogWorker (SegmentedRaftLogWorker.java:<init>(173)) - new ca4d1033-c905-4eeb-87b4-1601b3c50e71@group-92A6021C3F22-SegmentedRaftLogWorker for RaftStorage:Storage Directory /workdir/hadoop-ozone/integration-test/target/test-dir/MiniOzoneClusterImpl-0c2cafbc-a1cb-44bb-893b-18fc22efbaa6/datanode-0/data/ratis/368ff0ec-4d0b-4fcc-b157-92a6021c3f22
2019-10-29 16:37:55,303 [pool-87-thread-1] INFO  server.RaftServerConfigKeys (ConfUtils.java:logGet(43)) - raft.server.log.queue.byte-limit = 2147483647 (custom)
2019-10-29 16:37:55,303 [pool-87-thread-1] INFO  server.RaftServerConfigKeys (ConfUtils.java:logGet(43)) - raft.server.log.queue.element-limit = 1024 (custom)
2019-10-29 16:37:55,303 [pool-87-thread-1] INFO  server.RaftServerConfigKeys (ConfUtils.java:logGet(43)) - raft.server.log.segment.size.max = 1048576 (custom)
2019-10-29 16:37:55,303 [pool-87-thread-1] INFO  server.RaftServerConfigKeys (ConfUtils.java:logGet(43)) - raft.server.log.preallocated.size = 16384 (custom)
2019-10-29 16:37:55,304 [pool-87-thread-1] INFO  server.RaftServerConfigKeys (ConfUtils.java:logGet(43)) - raft.server.log.write.buffer.size = 33554432 (custom)
2019-10-29 16:37:55,304 [pool-87-thread-1] INFO  server.RaftServerConfigKeys (ConfUtils.java:logGet(43)) - raft.server.log.force.sync.num = 128 (default)
2019-10-29 16:37:55,304 [pool-87-thread-1] INFO  server.RaftServerConfigKeys (ConfUtils.java:logGet(43)) - raft.server.log.statemachine.data.sync = true (default)
2019-10-29 16:37:55,304 [pool-87-thread-1] INFO  server.RaftServerConfigKeys (ConfUtils.java:logGet(43)) - raft.server.log.statemachine.data.sync.timeout = 10s (default)
2019-10-29 16:37:55,305 [pool-87-thread-1] INFO  server.RaftServerConfigKeys (ConfUtils.java:logGet(43)) - raft.server.log.statemachine.data.sync.timeout.retry = -1 (default)
2019-10-29 16:37:55,305 [pool-87-thread-1] INFO  server.RaftServerConfigKeys (ConfUtils.java:logGet(43)) - raft.server.log.statemachine.data.caching.enabled = true (custom)
2019-10-29 16:37:55,306 [pool-87-thread-1] INFO  segmented.SegmentedRaftLogWorker (SegmentedRaftLogWorker.java:lambda$new$0(128)) - ca4d1033-c905-4eeb-87b4-1601b3c50e71@group-92A6021C3F22-SegmentedRaftLogWorker: flushIndex: setUnconditionally 0 -> -1
2019-10-29 16:37:55,307 [pool-87-thread-1] INFO  server.RaftServerConfigKeys (ConfUtils.java:logGet(43)) - raft.server.snapshot.auto.trigger.enabled = true (custom)
2019-10-29 16:37:55,307 [pool-87-thread-1] INFO  server.RaftServerConfigKeys (ConfUtils.java:logGet(43)) - raft.server.snapshot.auto.trigger.threshold = 1 (custom)
2019-10-29 16:37:55,307 [pool-87-thread-1] INFO  server.RaftServerConfigKeys (ConfUtils.java:logGet(43)) - raft.server.snapshot.retention.file.num = 5 (custom)
2019-10-29 16:37:55,307 [pool-87-thread-1] INFO  server.RaftServerConfigKeys (ConfUtils.java:logGet(43)) - raft.server.retrycache.expirytime = 600000ms (custom)
2019-10-29 16:37:55,308 [pool-87-thread-1] WARN  impl.MetricRegistriesImpl (MetricRegistriesImpl.java:lambda$create$1(61)) - First MetricRegistry has been created without registering reporters. You may need to call MetricRegistries.global().addReportRegistration(...) before.
2019-10-29 16:37:55,308 [pool-87-thread-1] WARN  impl.MetricRegistriesImpl (MetricRegistriesImpl.java:lambda$create$1(61)) - First MetricRegistry has been created without registering reporters. You may need to call MetricRegistries.global().addReportRegistration(...) before.
2019-10-29 16:37:55,309 [pool-87-thread-1] INFO  impl.RaftServerImpl (RaftServerImpl.java:start(184)) - ca4d1033-c905-4eeb-87b4-1601b3c50e71@group-92A6021C3F22: start as a follower, conf=-1: [ca4d1033-c905-4eeb-87b4-1601b3c50e71:192.168.164.217:43765], old=null
2019-10-29 16:37:55,309 [pool-87-thread-1] INFO  impl.RaftServerImpl (RaftServerImpl.java:setRole(173)) - ca4d1033-c905-4eeb-87b4-1601b3c50e71@group-92A6021C3F22: changes role from      null to FOLLOWER at term 0 for startAsFollower
2019-10-29 16:37:55,309 [pool-87-thread-1] INFO  impl.RoleInfo (RoleInfo.java:updateAndGet(143)) - ca4d1033-c905-4eeb-87b4-1601b3c50e71: start FollowerState
2019-10-29 16:37:55,310 [pool-87-thread-1] INFO  util.JmxRegister (JmxRegister.java:tryRegister(44)) - Successfully registered JMX Bean with object name Ratis:service=RaftServer,group=group-92A6021C3F22,id=ca4d1033-c905-4eeb-87b4-1601b3c50e71
2019-10-29 16:37:55,310 [pool-87-thread-1] WARN  impl.MetricRegistriesImpl (MetricRegistriesImpl.java:lambda$create$1(61)) - First MetricRegistry has been created without registering reporters. You may need to call MetricRegistries.global().addReportRegistration(...) before.
2019-10-29 16:37:55,311 [Command processor thread] INFO  commandhandler.CreatePipelineCommandHandler (CreatePipelineCommandHandler.java:handle(86)) - Create Pipeline RATIS ONE #id: "368ff0ec-4d0b-4fcc-b157-92a6021c3f22"
 command succeed on datanode ca4d1033-c905-4eeb-87b4-1601b3c50e71.
2019-10-29 16:37:55,312 [Command processor thread] INFO  impl.RaftServerProxy (RaftServerProxy.java:addNew(89)) - ca4d1033-c905-4eeb-87b4-1601b3c50e71: addNew group-F91D8CF5B25C:[ca4d1033-c905-4eeb-87b4-1601b3c50e71:192.168.164.217:43765, 7028d41f-b32c-4cbe-8813-363cc02bb03c:192.168.164.217:33903, 35688c51-31e6-494a-bf84-40ad51252ac6:192.168.164.217:46836] returns group-F91D8CF5B25C:java.util.concurrent.CompletableFuture@25c8825e[Not completed]
2019-10-29 16:37:55,313 [EventQueue-PipelineReportForPipelineReportHandler] INFO  pipeline.PipelineReportHandler (PipelineReportHandler.java:processPipelineReport(104)) - Pipeline ONE PipelineID=368ff0ec-4d0b-4fcc-b157-92a6021c3f22 reported by ca4d1033-c905-4eeb-87b4-1601b3c50e71{ip: 192.168.164.217, host: pr-hdds-2034-76npd-2451761435, networkLocation: /default-rack, certSerialId: null}
2019-10-29 16:37:55,314 [EventQueue-PipelineReportForPipelineReportHandler] INFO  pipeline.PipelineStateManager (PipelineStateManager.java:openPipeline(134)) - Pipeline Pipeline[ Id: 368ff0ec-4d0b-4fcc-b157-92a6021c3f22, Nodes: ca4d1033-c905-4eeb-87b4-1601b3c50e71{ip: 192.168.164.217, host: pr-hdds-2034-76npd-2451761435, networkLocation: /default-rack, certSerialId: null}, Type:RATIS, Factor:ONE, State:ALLOCATED] moved to OPEN state
2019-10-29 16:37:55,316 [pool-87-thread-1] INFO  impl.RaftServerImpl (RaftServerImpl.java:<init>(98)) - ca4d1033-c905-4eeb-87b4-1601b3c50e71: new RaftServerImpl for group-F91D8CF5B25C:[ca4d1033-c905-4eeb-87b4-1601b3c50e71:192.168.164.217:43765, 7028d41f-b32c-4cbe-8813-363cc02bb03c:192.168.164.217:33903, 35688c51-31e6-494a-bf84-40ad51252ac6:192.168.164.217:46836] with ContainerStateMachine:uninitialized
2019-10-29 16:37:55,316 [EventQueue-OpenPipelineForOneReplicaPipelineSafeModeRule] INFO  safemode.SCMSafeModeManager (SCMSafeModeManager.java:validateSafeModeExitRules(176)) - AtleastOneDatanodeReportedRule rule is successfully validated
2019-10-29 16:37:55,316 [EventQueue-OpenPipelineForHealthyPipelineSafeModeRule] INFO  safemode.SCMSafeModeManager (HealthyPipelineSafeModeRule.java:process(125)) - SCM in safe mode. Healthy pipelines reported count is 0, required healthy pipeline reported count is 1
2019-10-29 16:37:55,316 [pool-87-thread-1] INFO  server.RaftServerConfigKeys (ConfUtils.java:logGet(43)) - raft.server.rpc.timeout.min = 5s (custom)
2019-10-29 16:37:55,317 [pool-87-thread-1] INFO  server.RaftServerConfigKeys (ConfUtils.java:logGet(43)) - raft.server.rpc.timeout.max = 5200ms (custom)
2019-10-29 16:37:55,317 [pool-87-thread-1] INFO  server.RaftServerConfigKeys (ConfUtils.java:logGet(43)) - raft.server.rpcslowness.timeout = 120s (custom)
2019-10-29 16:37:55,317 [pool-87-thread-1] INFO  server.RaftServerConfigKeys (ConfUtils.java:logGet(43)) - raft.server.sleep.deviation.threshold = 300 (default)
2019-10-29 16:37:55,317 [pool-87-thread-1] INFO  server.RaftServerConfigKeys (ConfUtils.java:logGet(43)) - raft.server.log.appender.install.snapshot.enabled = false (custom)
2019-10-29 16:37:55,317 [pool-87-thread-1] INFO  impl.RaftServerImpl (ServerState.java:<init>(103)) - ca4d1033-c905-4eeb-87b4-1601b3c50e71@group-F91D8CF5B25C: ConfigurationManager, init=-1: [ca4d1033-c905-4eeb-87b4-1601b3c50e71:192.168.164.217:43765, 7028d41f-b32c-4cbe-8813-363cc02bb03c:192.168.164.217:33903, 35688c51-31e6-494a-bf84-40ad51252ac6:192.168.164.217:46836], old=null, confs=<EMPTY_MAP>
2019-10-29 16:37:55,318 [pool-87-thread-1] INFO  server.RaftServerConfigKeys (ConfUtils.java:logGet(43)) - raft.server.storage.dir = [/workdir/hadoop-ozone/integration-test/target/test-dir/MiniOzoneClusterImpl-0c2cafbc-a1cb-44bb-893b-18fc22efbaa6/datanode-0/data/ratis] (custom)
2019-10-29 16:37:55,318 [pool-87-thread-1] INFO  server.RaftServerConfigKeys (ConfUtils.java:logGet(43)) - raft.server.log.corruption.policy = EXCEPTION (default)
2019-10-29 16:37:55,318 [pool-87-thread-1] INFO  storage.RaftStorageDirectory (RaftStorageDirectory.java:analyzeStorage(246)) - The storage directory /workdir/hadoop-ozone/integration-test/target/test-dir/MiniOzoneClusterImpl-0c2cafbc-a1cb-44bb-893b-18fc22efbaa6/datanode-0/data/ratis/c89bf3f3-0aff-4544-ad7c-f91d8cf5b25c does not exist. Creating ...
2019-10-29 16:37:55,331 [pool-87-thread-1] INFO  storage.RaftStorageDirectory (RaftStorageDirectory.java:tryLock(328)) - Lock on /workdir/hadoop-ozone/integration-test/target/test-dir/MiniOzoneClusterImpl-0c2cafbc-a1cb-44bb-893b-18fc22efbaa6/datanode-0/data/ratis/c89bf3f3-0aff-4544-ad7c-f91d8cf5b25c/in_use.lock acquired by nodename 19005@pr-hdds-2034-76npd-2451761435
2019-10-29 16:37:55,338 [Command processor thread] INFO  impl.RaftServerProxy (RaftServerProxy.java:addNew(89)) - 35688c51-31e6-494a-bf84-40ad51252ac6: addNew group-8E83244F153F:[35688c51-31e6-494a-bf84-40ad51252ac6:192.168.164.217:46836] returns group-8E83244F153F:java.util.concurrent.CompletableFuture@4e7fe4c[Not completed]
2019-10-29 16:37:55,341 [pool-97-thread-1] INFO  impl.RaftServerImpl (RaftServerImpl.java:<init>(98)) - 35688c51-31e6-494a-bf84-40ad51252ac6: new RaftServerImpl for group-8E83244F153F:[35688c51-31e6-494a-bf84-40ad51252ac6:192.168.164.217:46836] with ContainerStateMachine:uninitialized
2019-10-29 16:37:55,342 [pool-97-thread-1] INFO  server.RaftServerConfigKeys (ConfUtils.java:logGet(43)) - raft.server.rpc.timeout.min = 5s (custom)
2019-10-29 16:37:55,342 [pool-97-thread-1] INFO  server.RaftServerConfigKeys (ConfUtils.java:logGet(43)) - raft.server.rpc.timeout.max = 5200ms (custom)
2019-10-29 16:37:55,342 [pool-97-thread-1] INFO  server.RaftServerConfigKeys (ConfUtils.java:logGet(43)) - raft.server.rpcslowness.timeout = 120s (custom)
2019-10-29 16:37:55,342 [pool-97-thread-1] INFO  server.RaftServerConfigKeys (ConfUtils.java:logGet(43)) - raft.server.sleep.deviation.threshold = 300 (default)
2019-10-29 16:37:55,343 [pool-97-thread-1] INFO  server.RaftServerConfigKeys (ConfUtils.java:logGet(43)) - raft.server.log.appender.install.snapshot.enabled = false (custom)
2019-10-29 16:37:55,343 [pool-97-thread-1] INFO  impl.RaftServerImpl (ServerState.java:<init>(103)) - 35688c51-31e6-494a-bf84-40ad51252ac6@group-8E83244F153F: ConfigurationManager, init=-1: [35688c51-31e6-494a-bf84-40ad51252ac6:192.168.164.217:46836], old=null, confs=<EMPTY_MAP>
2019-10-29 16:37:55,343 [pool-97-thread-1] INFO  server.RaftServerConfigKeys (ConfUtils.java:logGet(43)) - raft.server.storage.dir = [/workdir/hadoop-ozone/integration-test/target/test-dir/MiniOzoneClusterImpl-0c2cafbc-a1cb-44bb-893b-18fc22efbaa6/datanode-1/data/ratis] (custom)
2019-10-29 16:37:55,343 [pool-97-thread-1] INFO  server.RaftServerConfigKeys (ConfUtils.java:logGet(43)) - raft.server.log.corruption.policy = EXCEPTION (default)
2019-10-29 16:37:55,343 [pool-87-thread-1] INFO  storage.RaftStorage (RaftStorage.java:format(84)) - Storage directory /workdir/hadoop-ozone/integration-test/target/test-dir/MiniOzoneClusterImpl-0c2cafbc-a1cb-44bb-893b-18fc22efbaa6/datanode-0/data/ratis/c89bf3f3-0aff-4544-ad7c-f91d8cf5b25c has been successfully formatted.
2019-10-29 16:37:55,343 [pool-97-thread-1] INFO  storage.RaftStorageDirectory (RaftStorageDirectory.java:analyzeStorage(246)) - The storage directory /workdir/hadoop-ozone/integration-test/target/test-dir/MiniOzoneClusterImpl-0c2cafbc-a1cb-44bb-893b-18fc22efbaa6/datanode-1/data/ratis/357a1622-b2cc-4775-977b-8e83244f153f does not exist. Creating ...
2019-10-29 16:37:55,344 [pool-87-thread-1] INFO  ratis.ContainerStateMachine (ContainerStateMachine.java:loadSnapshot(231)) - group-F91D8CF5B25C: The snapshot info is null. Setting the last applied indexto:(t:0, i:~)
2019-10-29 16:37:55,344 [pool-87-thread-1] INFO  server.RaftServerConfigKeys (ConfUtils.java:logGet(43)) - raft.server.notification.no-leader.timeout = 120s (custom)
2019-10-29 16:37:55,344 [pool-87-thread-1] INFO  server.RaftServerConfigKeys (ConfUtils.java:logGet(43)) - raft.server.log.use.memory = false (default)
2019-10-29 16:37:55,344 [pool-87-thread-1] INFO  server.RaftServerConfigKeys (ConfUtils.java:logGet(43)) - raft.server.log.purge.gap = 1000000 (custom)
2019-10-29 16:37:55,345 [pool-87-thread-1] INFO  server.RaftServerConfigKeys (ConfUtils.java:logGet(43)) - raft.server.log.appender.buffer.byte-limit = 33554432 (custom)
2019-10-29 16:37:55,345 [pool-87-thread-1] INFO  server.RaftServerConfigKeys (ConfUtils.java:logGet(43)) - raft.server.log.segment.size.max = 1048576 (custom)
2019-10-29 16:37:55,345 [pool-87-thread-1] INFO  server.RaftServerConfigKeys (ConfUtils.java:logGet(43)) - raft.server.log.segment.cache.num.max = 2 (custom)
2019-10-29 16:37:55,345 [pool-87-thread-1] INFO  segmented.SegmentedRaftLogWorker (SegmentedRaftLogWorker.java:<init>(173)) - new ca4d1033-c905-4eeb-87b4-1601b3c50e71@group-F91D8CF5B25C-SegmentedRaftLogWorker for RaftStorage:Storage Directory /workdir/hadoop-ozone/integration-test/target/test-dir/MiniOzoneClusterImpl-0c2cafbc-a1cb-44bb-893b-18fc22efbaa6/datanode-0/data/ratis/c89bf3f3-0aff-4544-ad7c-f91d8cf5b25c
2019-10-29 16:37:55,345 [pool-87-thread-1] INFO  server.RaftServerConfigKeys (ConfUtils.java:logGet(43)) - raft.server.log.queue.byte-limit = 2147483647 (custom)
2019-10-29 16:37:55,345 [pool-87-thread-1] INFO  server.RaftServerConfigKeys (ConfUtils.java:logGet(43)) - raft.server.log.queue.element-limit = 1024 (custom)
2019-10-29 16:37:55,346 [pool-87-thread-1] INFO  server.RaftServerConfigKeys (ConfUtils.java:logGet(43)) - raft.server.log.segment.size.max = 1048576 (custom)
2019-10-29 16:37:55,346 [pool-87-thread-1] INFO  server.RaftServerConfigKeys (ConfUtils.java:logGet(43)) - raft.server.log.preallocated.size = 16384 (custom)
2019-10-29 16:37:55,346 [pool-87-thread-1] INFO  server.RaftServerConfigKeys (ConfUtils.java:logGet(43)) - raft.server.log.write.buffer.size = 33554432 (custom)
2019-10-29 16:37:55,346 [pool-87-thread-1] INFO  server.RaftServerConfigKeys (ConfUtils.java:logGet(43)) - raft.server.log.force.sync.num = 128 (default)
2019-10-29 16:37:55,346 [pool-87-thread-1] INFO  server.RaftServerConfigKeys (ConfUtils.java:logGet(43)) - raft.server.log.statemachine.data.sync = true (default)
2019-10-29 16:37:55,346 [pool-87-thread-1] INFO  server.RaftServerConfigKeys (ConfUtils.java:logGet(43)) - raft.server.log.statemachine.data.sync.timeout = 10s (default)
2019-10-29 16:37:55,346 [pool-87-thread-1] INFO  server.RaftServerConfigKeys (ConfUtils.java:logGet(43)) - raft.server.log.statemachine.data.sync.timeout.retry = -1 (default)
2019-10-29 16:37:55,347 [pool-87-thread-1] INFO  server.RaftServerConfigKeys (ConfUtils.java:logGet(43)) - raft.server.log.statemachine.data.caching.enabled = true (custom)
2019-10-29 16:37:55,347 [pool-87-thread-1] INFO  segmented.SegmentedRaftLogWorker (SegmentedRaftLogWorker.java:lambda$new$0(128)) - ca4d1033-c905-4eeb-87b4-1601b3c50e71@group-F91D8CF5B25C-SegmentedRaftLogWorker: flushIndex: setUnconditionally 0 -> -1
2019-10-29 16:37:55,347 [pool-87-thread-1] INFO  server.RaftServerConfigKeys (ConfUtils.java:logGet(43)) - raft.server.snapshot.auto.trigger.enabled = true (custom)
2019-10-29 16:37:55,347 [pool-87-thread-1] INFO  server.RaftServerConfigKeys (ConfUtils.java:logGet(43)) - raft.server.snapshot.auto.trigger.threshold = 1 (custom)
2019-10-29 16:37:55,348 [pool-87-thread-1] INFO  server.RaftServerConfigKeys (ConfUtils.java:logGet(43)) - raft.server.snapshot.retention.file.num = 5 (custom)
2019-10-29 16:37:55,348 [pool-87-thread-1] INFO  server.RaftServerConfigKeys (ConfUtils.java:logGet(43)) - raft.server.retrycache.expirytime = 600000ms (custom)
2019-10-29 16:37:55,348 [pool-87-thread-1] WARN  impl.MetricRegistriesImpl (MetricRegistriesImpl.java:lambda$create$1(61)) - First MetricRegistry has been created without registering reporters. You may need to call MetricRegistries.global().addReportRegistration(...) before.
2019-10-29 16:37:55,348 [pool-87-thread-1] WARN  impl.MetricRegistriesImpl (MetricRegistriesImpl.java:lambda$create$1(61)) - First MetricRegistry has been created without registering reporters. You may need to call MetricRegistries.global().addReportRegistration(...) before.
2019-10-29 16:37:55,348 [pool-87-thread-1] INFO  impl.RaftServerImpl (RaftServerImpl.java:start(184)) - ca4d1033-c905-4eeb-87b4-1601b3c50e71@group-F91D8CF5B25C: start as a follower, conf=-1: [ca4d1033-c905-4eeb-87b4-1601b3c50e71:192.168.164.217:43765, 7028d41f-b32c-4cbe-8813-363cc02bb03c:192.168.164.217:33903, 35688c51-31e6-494a-bf84-40ad51252ac6:192.168.164.217:46836], old=null
2019-10-29 16:37:55,349 [pool-87-thread-1] INFO  impl.RaftServerImpl (RaftServerImpl.java:setRole(173)) - ca4d1033-c905-4eeb-87b4-1601b3c50e71@group-F91D8CF5B25C: changes role from      null to FOLLOWER at term 0 for startAsFollower
2019-10-29 16:37:55,349 [pool-87-thread-1] INFO  impl.RoleInfo (RoleInfo.java:updateAndGet(143)) - ca4d1033-c905-4eeb-87b4-1601b3c50e71: start FollowerState
2019-10-29 16:37:55,349 [pool-87-thread-1] INFO  util.JmxRegister (JmxRegister.java:tryRegister(44)) - Successfully registered JMX Bean with object name Ratis:service=RaftServer,group=group-F91D8CF5B25C,id=ca4d1033-c905-4eeb-87b4-1601b3c50e71
2019-10-29 16:37:55,349 [pool-87-thread-1] WARN  impl.MetricRegistriesImpl (MetricRegistriesImpl.java:lambda$create$1(61)) - First MetricRegistry has been created without registering reporters. You may need to call MetricRegistries.global().addReportRegistration(...) before.
2019-10-29 16:37:55,350 [Command processor thread] INFO  commandhandler.CreatePipelineCommandHandler (CreatePipelineCommandHandler.java:handle(86)) - Create Pipeline RATIS THREE #id: "c89bf3f3-0aff-4544-ad7c-f91d8cf5b25c"
 command succeed on datanode ca4d1033-c905-4eeb-87b4-1601b3c50e71.
2019-10-29 16:37:55,352 [EventQueue-PipelineReportForPipelineReportHandler] INFO  pipeline.PipelineReportHandler (PipelineReportHandler.java:processPipelineReport(104)) - Pipeline THREE PipelineID=c89bf3f3-0aff-4544-ad7c-f91d8cf5b25c reported by ca4d1033-c905-4eeb-87b4-1601b3c50e71{ip: 192.168.164.217, host: pr-hdds-2034-76npd-2451761435, networkLocation: /default-rack, certSerialId: null}
2019-10-29 16:37:55,352 [EventQueue-OpenPipelineForOneReplicaPipelineSafeModeRule] INFO  safemode.SCMSafeModeManager (SCMSafeModeManager.java:validateSafeModeExitRules(176)) - AtleastOneDatanodeReportedRule rule is successfully validated
2019-10-29 16:37:55,352 [EventQueue-OpenPipelineForHealthyPipelineSafeModeRule] INFO  safemode.SCMSafeModeManager (HealthyPipelineSafeModeRule.java:process(125)) - SCM in safe mode. Healthy pipelines reported count is 1, required healthy pipeline reported count is 1
2019-10-29 16:37:55,352 [EventQueue-OpenPipelineForHealthyPipelineSafeModeRule] INFO  safemode.SCMSafeModeManager (SCMSafeModeManager.java:validateSafeModeExitRules(176)) - HealthyPipelineSafeModeRule rule is successfully validated
2019-10-29 16:37:55,352 [EventQueue-OpenPipelineForHealthyPipelineSafeModeRule] INFO  safemode.SCMSafeModeManager (SCMSafeModeManager.java:validateSafeModeExitRules(185)) - ScmSafeModeManager, all rules are successfully validated
2019-10-29 16:37:55,352 [EventQueue-OpenPipelineForHealthyPipelineSafeModeRule] INFO  safemode.SCMSafeModeManager (SCMSafeModeManager.java:exitSafeMode(201)) - SCM exiting safe mode.
2019-10-29 16:37:55,356 [pool-97-thread-1] INFO  storage.RaftStorageDirectory (RaftStorageDirectory.java:tryLock(328)) - Lock on /workdir/hadoop-ozone/integration-test/target/test-dir/MiniOzoneClusterImpl-0c2cafbc-a1cb-44bb-893b-18fc22efbaa6/datanode-1/data/ratis/357a1622-b2cc-4775-977b-8e83244f153f/in_use.lock acquired by nodename 19005@pr-hdds-2034-76npd-2451761435
2019-10-29 16:37:55,369 [pool-97-thread-1] INFO  storage.RaftStorage (RaftStorage.java:format(84)) - Storage directory /workdir/hadoop-ozone/integration-test/target/test-dir/MiniOzoneClusterImpl-0c2cafbc-a1cb-44bb-893b-18fc22efbaa6/datanode-1/data/ratis/357a1622-b2cc-4775-977b-8e83244f153f has been successfully formatted.
2019-10-29 16:37:55,369 [pool-97-thread-1] INFO  ratis.ContainerStateMachine (ContainerStateMachine.java:loadSnapshot(231)) - group-8E83244F153F: The snapshot info is null. Setting the last applied indexto:(t:0, i:~)
2019-10-29 16:37:55,369 [pool-97-thread-1] INFO  server.RaftServerConfigKeys (ConfUtils.java:logGet(43)) - raft.server.notification.no-leader.timeout = 120s (custom)
2019-10-29 16:37:55,369 [pool-97-thread-1] INFO  server.RaftServerConfigKeys (ConfUtils.java:logGet(43)) - raft.server.log.use.memory = false (default)
2019-10-29 16:37:55,369 [pool-97-thread-1] INFO  server.RaftServerConfigKeys (ConfUtils.java:logGet(43)) - raft.server.log.purge.gap = 1000000 (custom)
2019-10-29 16:37:55,370 [pool-97-thread-1] INFO  server.RaftServerConfigKeys (ConfUtils.java:logGet(43)) - raft.server.log.appender.buffer.byte-limit = 33554432 (custom)
2019-10-29 16:37:55,370 [pool-97-thread-1] INFO  server.RaftServerConfigKeys (ConfUtils.java:logGet(43)) - raft.server.log.segment.size.max = 1048576 (custom)
2019-10-29 16:37:55,370 [pool-97-thread-1] WARN  impl.MetricRegistriesImpl (MetricRegistriesImpl.java:lambda$create$1(61)) - First MetricRegistry has been created without registering reporters. You may need to call MetricRegistries.global().addReportRegistration(...) before.
2019-10-29 16:37:55,370 [pool-97-thread-1] INFO  server.RaftServerConfigKeys (ConfUtils.java:logGet(43)) - raft.server.log.segment.cache.num.max = 2 (custom)
2019-10-29 16:37:55,370 [pool-97-thread-1] INFO  segmented.SegmentedRaftLogWorker (SegmentedRaftLogWorker.java:<init>(173)) - new 35688c51-31e6-494a-bf84-40ad51252ac6@group-8E83244F153F-SegmentedRaftLogWorker for RaftStorage:Storage Directory /workdir/hadoop-ozone/integration-test/target/test-dir/MiniOzoneClusterImpl-0c2cafbc-a1cb-44bb-893b-18fc22efbaa6/datanode-1/data/ratis/357a1622-b2cc-4775-977b-8e83244f153f
2019-10-29 16:37:55,370 [pool-97-thread-1] INFO  server.RaftServerConfigKeys (ConfUtils.java:logGet(43)) - raft.server.log.queue.byte-limit = 2147483647 (custom)
2019-10-29 16:37:55,370 [pool-97-thread-1] INFO  server.RaftServerConfigKeys (ConfUtils.java:logGet(43)) - raft.server.log.queue.element-limit = 1024 (custom)
2019-10-29 16:37:55,371 [pool-97-thread-1] INFO  server.RaftServerConfigKeys (ConfUtils.java:logGet(43)) - raft.server.log.segment.size.max = 1048576 (custom)
2019-10-29 16:37:55,371 [pool-97-thread-1] INFO  server.RaftServerConfigKeys (ConfUtils.java:logGet(43)) - raft.server.log.preallocated.size = 16384 (custom)
2019-10-29 16:37:55,371 [pool-97-thread-1] INFO  server.RaftServerConfigKeys (ConfUtils.java:logGet(43)) - raft.server.log.write.buffer.size = 33554432 (custom)
2019-10-29 16:37:55,371 [pool-97-thread-1] INFO  server.RaftServerConfigKeys (ConfUtils.java:logGet(43)) - raft.server.log.force.sync.num = 128 (default)
2019-10-29 16:37:55,371 [pool-97-thread-1] INFO  server.RaftServerConfigKeys (ConfUtils.java:logGet(43)) - raft.server.log.statemachine.data.sync = true (default)
2019-10-29 16:37:55,371 [pool-97-thread-1] INFO  server.RaftServerConfigKeys (ConfUtils.java:logGet(43)) - raft.server.log.statemachine.data.sync.timeout = 10s (default)
2019-10-29 16:37:55,371 [pool-97-thread-1] INFO  server.RaftServerConfigKeys (ConfUtils.java:logGet(43)) - raft.server.log.statemachine.data.sync.timeout.retry = -1 (default)
2019-10-29 16:37:55,371 [pool-97-thread-1] INFO  server.RaftServerConfigKeys (ConfUtils.java:logGet(43)) - raft.server.log.statemachine.data.caching.enabled = true (custom)
2019-10-29 16:37:55,372 [pool-97-thread-1] INFO  segmented.SegmentedRaftLogWorker (SegmentedRaftLogWorker.java:lambda$new$0(128)) - 35688c51-31e6-494a-bf84-40ad51252ac6@group-8E83244F153F-SegmentedRaftLogWorker: flushIndex: setUnconditionally 0 -> -1
2019-10-29 16:37:55,372 [pool-97-thread-1] INFO  server.RaftServerConfigKeys (ConfUtils.java:logGet(43)) - raft.server.snapshot.auto.trigger.enabled = true (custom)
2019-10-29 16:37:55,372 [pool-97-thread-1] INFO  server.RaftServerConfigKeys (ConfUtils.java:logGet(43)) - raft.server.snapshot.auto.trigger.threshold = 1 (custom)
2019-10-29 16:37:55,372 [pool-97-thread-1] INFO  server.RaftServerConfigKeys (ConfUtils.java:logGet(43)) - raft.server.snapshot.retention.file.num = 5 (custom)
2019-10-29 16:37:55,372 [pool-97-thread-1] INFO  server.RaftServerConfigKeys (ConfUtils.java:logGet(43)) - raft.server.retrycache.expirytime = 600000ms (custom)
2019-10-29 16:37:55,373 [pool-97-thread-1] WARN  impl.MetricRegistriesImpl (MetricRegistriesImpl.java:lambda$create$1(61)) - First MetricRegistry has been created without registering reporters. You may need to call MetricRegistries.global().addReportRegistration(...) before.
2019-10-29 16:37:55,373 [pool-97-thread-1] WARN  impl.MetricRegistriesImpl (MetricRegistriesImpl.java:lambda$create$1(61)) - First MetricRegistry has been created without registering reporters. You may need to call MetricRegistries.global().addReportRegistration(...) before.
2019-10-29 16:37:55,373 [pool-97-thread-1] INFO  impl.RaftServerImpl (RaftServerImpl.java:start(184)) - 35688c51-31e6-494a-bf84-40ad51252ac6@group-8E83244F153F: start as a follower, conf=-1: [35688c51-31e6-494a-bf84-40ad51252ac6:192.168.164.217:46836], old=null
2019-10-29 16:37:55,373 [pool-97-thread-1] INFO  impl.RaftServerImpl (RaftServerImpl.java:setRole(173)) - 35688c51-31e6-494a-bf84-40ad51252ac6@group-8E83244F153F: changes role from      null to FOLLOWER at term 0 for startAsFollower
2019-10-29 16:37:55,373 [pool-97-thread-1] INFO  impl.RoleInfo (RoleInfo.java:updateAndGet(143)) - 35688c51-31e6-494a-bf84-40ad51252ac6: start FollowerState
2019-10-29 16:37:55,374 [pool-97-thread-1] INFO  util.JmxRegister (JmxRegister.java:tryRegister(44)) - Successfully registered JMX Bean with object name Ratis:service=RaftServer,group=group-8E83244F153F,id=35688c51-31e6-494a-bf84-40ad51252ac6
2019-10-29 16:37:55,374 [pool-97-thread-1] WARN  impl.MetricRegistriesImpl (MetricRegistriesImpl.java:lambda$create$1(61)) - First MetricRegistry has been created without registering reporters. You may need to call MetricRegistries.global().addReportRegistration(...) before.
2019-10-29 16:37:55,374 [Command processor thread] INFO  commandhandler.CreatePipelineCommandHandler (CreatePipelineCommandHandler.java:handle(86)) - Create Pipeline RATIS ONE #id: "357a1622-b2cc-4775-977b-8e83244f153f"
 command succeed on datanode 35688c51-31e6-494a-bf84-40ad51252ac6.
2019-10-29 16:37:55,375 [Command processor thread] INFO  impl.RaftServerProxy (RaftServerProxy.java:addNew(89)) - 35688c51-31e6-494a-bf84-40ad51252ac6: addNew group-F91D8CF5B25C:[ca4d1033-c905-4eeb-87b4-1601b3c50e71:192.168.164.217:43765, 7028d41f-b32c-4cbe-8813-363cc02bb03c:192.168.164.217:33903, 35688c51-31e6-494a-bf84-40ad51252ac6:192.168.164.217:46836] returns group-F91D8CF5B25C:java.util.concurrent.CompletableFuture@d86a08[Not completed]
2019-10-29 16:37:55,376 [EventQueue-PipelineReportForPipelineReportHandler] INFO  pipeline.PipelineReportHandler (PipelineReportHandler.java:processPipelineReport(104)) - Pipeline ONE PipelineID=357a1622-b2cc-4775-977b-8e83244f153f reported by 35688c51-31e6-494a-bf84-40ad51252ac6{ip: 192.168.164.217, host: pr-hdds-2034-76npd-2451761435, networkLocation: /default-rack, certSerialId: null}
2019-10-29 16:37:55,376 [EventQueue-PipelineReportForPipelineReportHandler] INFO  pipeline.PipelineStateManager (PipelineStateManager.java:openPipeline(134)) - Pipeline Pipeline[ Id: 357a1622-b2cc-4775-977b-8e83244f153f, Nodes: 35688c51-31e6-494a-bf84-40ad51252ac6{ip: 192.168.164.217, host: pr-hdds-2034-76npd-2451761435, networkLocation: /default-rack, certSerialId: null}, Type:RATIS, Factor:ONE, State:ALLOCATED] moved to OPEN state
2019-10-29 16:37:55,377 [pool-97-thread-1] INFO  impl.RaftServerImpl (RaftServerImpl.java:<init>(98)) - 35688c51-31e6-494a-bf84-40ad51252ac6: new RaftServerImpl for group-F91D8CF5B25C:[ca4d1033-c905-4eeb-87b4-1601b3c50e71:192.168.164.217:43765, 7028d41f-b32c-4cbe-8813-363cc02bb03c:192.168.164.217:33903, 35688c51-31e6-494a-bf84-40ad51252ac6:192.168.164.217:46836] with ContainerStateMachine:uninitialized
2019-10-29 16:37:55,377 [pool-97-thread-1] INFO  server.RaftServerConfigKeys (ConfUtils.java:logGet(43)) - raft.server.rpc.timeout.min = 5s (custom)
2019-10-29 16:37:55,377 [pool-97-thread-1] INFO  server.RaftServerConfigKeys (ConfUtils.java:logGet(43)) - raft.server.rpc.timeout.max = 5200ms (custom)
2019-10-29 16:37:55,378 [pool-97-thread-1] INFO  server.RaftServerConfigKeys (ConfUtils.java:logGet(43)) - raft.server.rpcslowness.timeout = 120s (custom)
2019-10-29 16:37:55,378 [pool-97-thread-1] INFO  server.RaftServerConfigKeys (ConfUtils.java:logGet(43)) - raft.server.sleep.deviation.threshold = 300 (default)
2019-10-29 16:37:55,378 [pool-97-thread-1] INFO  server.RaftServerConfigKeys (ConfUtils.java:logGet(43)) - raft.server.log.appender.install.snapshot.enabled = false (custom)
2019-10-29 16:37:55,378 [pool-97-thread-1] INFO  impl.RaftServerImpl (ServerState.java:<init>(103)) - 35688c51-31e6-494a-bf84-40ad51252ac6@group-F91D8CF5B25C: ConfigurationManager, init=-1: [ca4d1033-c905-4eeb-87b4-1601b3c50e71:192.168.164.217:43765, 7028d41f-b32c-4cbe-8813-363cc02bb03c:192.168.164.217:33903, 35688c51-31e6-494a-bf84-40ad51252ac6:192.168.164.217:46836], old=null, confs=<EMPTY_MAP>
2019-10-29 16:37:55,378 [pool-97-thread-1] INFO  server.RaftServerConfigKeys (ConfUtils.java:logGet(43)) - raft.server.storage.dir = [/workdir/hadoop-ozone/integration-test/target/test-dir/MiniOzoneClusterImpl-0c2cafbc-a1cb-44bb-893b-18fc22efbaa6/datanode-1/data/ratis] (custom)
2019-10-29 16:37:55,378 [pool-97-thread-1] INFO  server.RaftServerConfigKeys (ConfUtils.java:logGet(43)) - raft.server.log.corruption.policy = EXCEPTION (default)
2019-10-29 16:37:55,379 [pool-97-thread-1] INFO  storage.RaftStorageDirectory (RaftStorageDirectory.java:analyzeStorage(246)) - The storage directory /workdir/hadoop-ozone/integration-test/target/test-dir/MiniOzoneClusterImpl-0c2cafbc-a1cb-44bb-893b-18fc22efbaa6/datanode-1/data/ratis/c89bf3f3-0aff-4544-ad7c-f91d8cf5b25c does not exist. Creating ...
2019-10-29 16:37:55,392 [pool-97-thread-1] INFO  storage.RaftStorageDirectory (RaftStorageDirectory.java:tryLock(328)) - Lock on /workdir/hadoop-ozone/integration-test/target/test-dir/MiniOzoneClusterImpl-0c2cafbc-a1cb-44bb-893b-18fc22efbaa6/datanode-1/data/ratis/c89bf3f3-0aff-4544-ad7c-f91d8cf5b25c/in_use.lock acquired by nodename 19005@pr-hdds-2034-76npd-2451761435
2019-10-29 16:37:55,405 [pool-97-thread-1] INFO  storage.RaftStorage (RaftStorage.java:format(84)) - Storage directory /workdir/hadoop-ozone/integration-test/target/test-dir/MiniOzoneClusterImpl-0c2cafbc-a1cb-44bb-893b-18fc22efbaa6/datanode-1/data/ratis/c89bf3f3-0aff-4544-ad7c-f91d8cf5b25c has been successfully formatted.
2019-10-29 16:37:55,405 [pool-97-thread-1] INFO  ratis.ContainerStateMachine (ContainerStateMachine.java:loadSnapshot(231)) - group-F91D8CF5B25C: The snapshot info is null. Setting the last applied indexto:(t:0, i:~)
2019-10-29 16:37:55,405 [Command processor thread] INFO  impl.RaftServerProxy (RaftServerProxy.java:addNew(89)) - 7028d41f-b32c-4cbe-8813-363cc02bb03c: addNew group-64CC800E6712:[7028d41f-b32c-4cbe-8813-363cc02bb03c:192.168.164.217:33903] returns group-64CC800E6712:java.util.concurrent.CompletableFuture@6dc42744[Not completed]
2019-10-29 16:37:55,405 [pool-97-thread-1] INFO  server.RaftServerConfigKeys (ConfUtils.java:logGet(43)) - raft.server.notification.no-leader.timeout = 120s (custom)
2019-10-29 16:37:55,406 [pool-97-thread-1] INFO  server.RaftServerConfigKeys (ConfUtils.java:logGet(43)) - raft.server.log.use.memory = false (default)
2019-10-29 16:37:55,406 [pool-97-thread-1] INFO  server.RaftServerConfigKeys (ConfUtils.java:logGet(43)) - raft.server.log.purge.gap = 1000000 (custom)
2019-10-29 16:37:55,406 [pool-97-thread-1] INFO  server.RaftServerConfigKeys (ConfUtils.java:logGet(43)) - raft.server.log.appender.buffer.byte-limit = 33554432 (custom)
2019-10-29 16:37:55,406 [pool-97-thread-1] INFO  server.RaftServerConfigKeys (ConfUtils.java:logGet(43)) - raft.server.log.segment.size.max = 1048576 (custom)
2019-10-29 16:37:55,406 [pool-97-thread-1] INFO  server.RaftServerConfigKeys (ConfUtils.java:logGet(43)) - raft.server.log.segment.cache.num.max = 2 (custom)
2019-10-29 16:37:55,407 [pool-97-thread-1] INFO  segmented.SegmentedRaftLogWorker (SegmentedRaftLogWorker.java:<init>(173)) - new 35688c51-31e6-494a-bf84-40ad51252ac6@group-F91D8CF5B25C-SegmentedRaftLogWorker for RaftStorage:Storage Directory /workdir/hadoop-ozone/integration-test/target/test-dir/MiniOzoneClusterImpl-0c2cafbc-a1cb-44bb-893b-18fc22efbaa6/datanode-1/data/ratis/c89bf3f3-0aff-4544-ad7c-f91d8cf5b25c
2019-10-29 16:37:55,407 [pool-107-thread-1] INFO  impl.RaftServerImpl (RaftServerImpl.java:<init>(98)) - 7028d41f-b32c-4cbe-8813-363cc02bb03c: new RaftServerImpl for group-64CC800E6712:[7028d41f-b32c-4cbe-8813-363cc02bb03c:192.168.164.217:33903] with ContainerStateMachine:uninitialized
2019-10-29 16:37:55,407 [pool-97-thread-1] INFO  server.RaftServerConfigKeys (ConfUtils.java:logGet(43)) - raft.server.log.queue.byte-limit = 2147483647 (custom)
2019-10-29 16:37:55,408 [pool-107-thread-1] INFO  server.RaftServerConfigKeys (ConfUtils.java:logGet(43)) - raft.server.rpc.timeout.min = 5s (custom)
2019-10-29 16:37:55,408 [pool-97-thread-1] INFO  server.RaftServerConfigKeys (ConfUtils.java:logGet(43)) - raft.server.log.queue.element-limit = 1024 (custom)
2019-10-29 16:37:55,408 [pool-107-thread-1] INFO  server.RaftServerConfigKeys (ConfUtils.java:logGet(43)) - raft.server.rpc.timeout.max = 5200ms (custom)
2019-10-29 16:37:55,408 [pool-97-thread-1] INFO  server.RaftServerConfigKeys (ConfUtils.java:logGet(43)) - raft.server.log.segment.size.max = 1048576 (custom)
2019-10-29 16:37:55,408 [pool-107-thread-1] INFO  server.RaftServerConfigKeys (ConfUtils.java:logGet(43)) - raft.server.rpcslowness.timeout = 120s (custom)
2019-10-29 16:37:55,408 [pool-97-thread-1] INFO  server.RaftServerConfigKeys (ConfUtils.java:logGet(43)) - raft.server.log.preallocated.size = 16384 (custom)
2019-10-29 16:37:55,408 [pool-107-thread-1] INFO  server.RaftServerConfigKeys (ConfUtils.java:logGet(43)) - raft.server.sleep.deviation.threshold = 300 (default)
2019-10-29 16:37:55,409 [pool-97-thread-1] INFO  server.RaftServerConfigKeys (ConfUtils.java:logGet(43)) - raft.server.log.write.buffer.size = 33554432 (custom)
2019-10-29 16:37:55,409 [pool-107-thread-1] INFO  server.RaftServerConfigKeys (ConfUtils.java:logGet(43)) - raft.server.log.appender.install.snapshot.enabled = false (custom)
2019-10-29 16:37:55,409 [pool-97-thread-1] INFO  server.RaftServerConfigKeys (ConfUtils.java:logGet(43)) - raft.server.log.force.sync.num = 128 (default)
2019-10-29 16:37:55,409 [pool-107-thread-1] INFO  impl.RaftServerImpl (ServerState.java:<init>(103)) - 7028d41f-b32c-4cbe-8813-363cc02bb03c@group-64CC800E6712: ConfigurationManager, init=-1: [7028d41f-b32c-4cbe-8813-363cc02bb03c:192.168.164.217:33903], old=null, confs=<EMPTY_MAP>
2019-10-29 16:37:55,409 [pool-97-thread-1] INFO  server.RaftServerConfigKeys (ConfUtils.java:logGet(43)) - raft.server.log.statemachine.data.sync = true (default)
2019-10-29 16:37:55,409 [pool-107-thread-1] INFO  server.RaftServerConfigKeys (ConfUtils.java:logGet(43)) - raft.server.storage.dir = [/workdir/hadoop-ozone/integration-test/target/test-dir/MiniOzoneClusterImpl-0c2cafbc-a1cb-44bb-893b-18fc22efbaa6/datanode-2/data/ratis] (custom)
2019-10-29 16:37:55,409 [pool-97-thread-1] INFO  server.RaftServerConfigKeys (ConfUtils.java:logGet(43)) - raft.server.log.statemachine.data.sync.timeout = 10s (default)
2019-10-29 16:37:55,409 [pool-107-thread-1] INFO  server.RaftServerConfigKeys (ConfUtils.java:logGet(43)) - raft.server.log.corruption.policy = EXCEPTION (default)
2019-10-29 16:37:55,409 [pool-97-thread-1] INFO  server.RaftServerConfigKeys (ConfUtils.java:logGet(43)) - raft.server.log.statemachine.data.sync.timeout.retry = -1 (default)
2019-10-29 16:37:55,410 [pool-107-thread-1] INFO  storage.RaftStorageDirectory (RaftStorageDirectory.java:analyzeStorage(246)) - The storage directory /workdir/hadoop-ozone/integration-test/target/test-dir/MiniOzoneClusterImpl-0c2cafbc-a1cb-44bb-893b-18fc22efbaa6/datanode-2/data/ratis/04b62dd6-9643-4d7a-9bab-64cc800e6712 does not exist. Creating ...
2019-10-29 16:37:55,410 [pool-97-thread-1] INFO  server.RaftServerConfigKeys (ConfUtils.java:logGet(43)) - raft.server.log.statemachine.data.caching.enabled = true (custom)
2019-10-29 16:37:55,410 [main] INFO  ozone.MiniOzoneClusterImpl (MiniOzoneClusterImpl.java:lambda$waitForClusterToBeReady$0(149)) - Nodes are ready. Got 3 of 3 DN Heartbeats.
2019-10-29 16:37:55,410 [pool-97-thread-1] INFO  segmented.SegmentedRaftLogWorker (SegmentedRaftLogWorker.java:lambda$new$0(128)) - 35688c51-31e6-494a-bf84-40ad51252ac6@group-F91D8CF5B25C-SegmentedRaftLogWorker: flushIndex: setUnconditionally 0 -> -1
2019-10-29 16:37:55,410 [main] INFO  ozone.MiniOzoneClusterImpl (MiniOzoneClusterImpl.java:lambda$waitForClusterToBeReady$0(152)) - Cluster exits safe mode
2019-10-29 16:37:55,410 [pool-97-thread-1] INFO  server.RaftServerConfigKeys (ConfUtils.java:logGet(43)) - raft.server.snapshot.auto.trigger.enabled = true (custom)
2019-10-29 16:37:55,411 [pool-97-thread-1] INFO  server.RaftServerConfigKeys (ConfUtils.java:logGet(43)) - raft.server.snapshot.auto.trigger.threshold = 1 (custom)
2019-10-29 16:37:55,411 [pool-97-thread-1] INFO  server.RaftServerConfigKeys (ConfUtils.java:logGet(43)) - raft.server.snapshot.retention.file.num = 5 (custom)
2019-10-29 16:37:55,411 [pool-97-thread-1] INFO  server.RaftServerConfigKeys (ConfUtils.java:logGet(43)) - raft.server.retrycache.expirytime = 600000ms (custom)
2019-10-29 16:37:55,411 [pool-97-thread-1] WARN  impl.MetricRegistriesImpl (MetricRegistriesImpl.java:lambda$create$1(61)) - First MetricRegistry has been created without registering reporters. You may need to call MetricRegistries.global().addReportRegistration(...) before.
2019-10-29 16:37:55,411 [pool-97-thread-1] WARN  impl.MetricRegistriesImpl (MetricRegistriesImpl.java:lambda$create$1(61)) - First MetricRegistry has been created without registering reporters. You may need to call MetricRegistries.global().addReportRegistration(...) before.
2019-10-29 16:37:55,412 [pool-97-thread-1] INFO  impl.RaftServerImpl (RaftServerImpl.java:start(184)) - 35688c51-31e6-494a-bf84-40ad51252ac6@group-F91D8CF5B25C: start as a follower, conf=-1: [ca4d1033-c905-4eeb-87b4-1601b3c50e71:192.168.164.217:43765, 7028d41f-b32c-4cbe-8813-363cc02bb03c:192.168.164.217:33903, 35688c51-31e6-494a-bf84-40ad51252ac6:192.168.164.217:46836], old=null
2019-10-29 16:37:55,412 [pool-97-thread-1] INFO  impl.RaftServerImpl (RaftServerImpl.java:setRole(173)) - 35688c51-31e6-494a-bf84-40ad51252ac6@group-F91D8CF5B25C: changes role from      null to FOLLOWER at term 0 for startAsFollower
2019-10-29 16:37:55,412 [pool-97-thread-1] INFO  impl.RoleInfo (RoleInfo.java:updateAndGet(143)) - 35688c51-31e6-494a-bf84-40ad51252ac6: start FollowerState
2019-10-29 16:37:55,412 [pool-97-thread-1] INFO  util.JmxRegister (JmxRegister.java:tryRegister(44)) - Successfully registered JMX Bean with object name Ratis:service=RaftServer,group=group-F91D8CF5B25C,id=35688c51-31e6-494a-bf84-40ad51252ac6
2019-10-29 16:37:55,413 [pool-97-thread-1] WARN  impl.MetricRegistriesImpl (MetricRegistriesImpl.java:lambda$create$1(61)) - First MetricRegistry has been created without registering reporters. You may need to call MetricRegistries.global().addReportRegistration(...) before.
2019-10-29 16:37:55,413 [pool-107-thread-1] INFO  storage.RaftStorageDirectory (RaftStorageDirectory.java:tryLock(328)) - Lock on /workdir/hadoop-ozone/integration-test/target/test-dir/MiniOzoneClusterImpl-0c2cafbc-a1cb-44bb-893b-18fc22efbaa6/datanode-2/data/ratis/04b62dd6-9643-4d7a-9bab-64cc800e6712/in_use.lock acquired by nodename 19005@pr-hdds-2034-76npd-2451761435
2019-10-29 16:37:55,413 [Command processor thread] INFO  commandhandler.CreatePipelineCommandHandler (CreatePipelineCommandHandler.java:handle(86)) - Create Pipeline RATIS THREE #id: "c89bf3f3-0aff-4544-ad7c-f91d8cf5b25c"
 command succeed on datanode 35688c51-31e6-494a-bf84-40ad51252ac6.
2019-10-29 16:37:55,415 [EventQueue-PipelineReportForPipelineReportHandler] INFO  pipeline.PipelineReportHandler (PipelineReportHandler.java:processPipelineReport(104)) - Pipeline THREE PipelineID=c89bf3f3-0aff-4544-ad7c-f91d8cf5b25c reported by 35688c51-31e6-494a-bf84-40ad51252ac6{ip: 192.168.164.217, host: pr-hdds-2034-76npd-2451761435, networkLocation: /default-rack, certSerialId: null}
2019-10-29 16:37:55,416 [pool-107-thread-1] INFO  storage.RaftStorage (RaftStorage.java:format(84)) - Storage directory /workdir/hadoop-ozone/integration-test/target/test-dir/MiniOzoneClusterImpl-0c2cafbc-a1cb-44bb-893b-18fc22efbaa6/datanode-2/data/ratis/04b62dd6-9643-4d7a-9bab-64cc800e6712 has been successfully formatted.
2019-10-29 16:37:55,416 [pool-107-thread-1] INFO  ratis.ContainerStateMachine (ContainerStateMachine.java:loadSnapshot(231)) - group-64CC800E6712: The snapshot info is null. Setting the last applied indexto:(t:0, i:~)
2019-10-29 16:37:55,416 [pool-107-thread-1] INFO  server.RaftServerConfigKeys (ConfUtils.java:logGet(43)) - raft.server.notification.no-leader.timeout = 120s (custom)
2019-10-29 16:37:55,416 [pool-107-thread-1] INFO  server.RaftServerConfigKeys (ConfUtils.java:logGet(43)) - raft.server.log.use.memory = false (default)
2019-10-29 16:37:55,417 [pool-107-thread-1] INFO  server.RaftServerConfigKeys (ConfUtils.java:logGet(43)) - raft.server.log.purge.gap = 1000000 (custom)
2019-10-29 16:37:55,417 [pool-107-thread-1] INFO  server.RaftServerConfigKeys (ConfUtils.java:logGet(43)) - raft.server.log.appender.buffer.byte-limit = 33554432 (custom)
2019-10-29 16:37:55,417 [pool-107-thread-1] INFO  server.RaftServerConfigKeys (ConfUtils.java:logGet(43)) - raft.server.log.segment.size.max = 1048576 (custom)
2019-10-29 16:37:55,417 [pool-107-thread-1] WARN  impl.MetricRegistriesImpl (MetricRegistriesImpl.java:lambda$create$1(61)) - First MetricRegistry has been created without registering reporters. You may need to call MetricRegistries.global().addReportRegistration(...) before.
2019-10-29 16:37:55,417 [pool-107-thread-1] INFO  server.RaftServerConfigKeys (ConfUtils.java:logGet(43)) - raft.server.log.segment.cache.num.max = 2 (custom)
2019-10-29 16:37:55,417 [pool-107-thread-1] INFO  segmented.SegmentedRaftLogWorker (SegmentedRaftLogWorker.java:<init>(173)) - new 7028d41f-b32c-4cbe-8813-363cc02bb03c@group-64CC800E6712-SegmentedRaftLogWorker for RaftStorage:Storage Directory /workdir/hadoop-ozone/integration-test/target/test-dir/MiniOzoneClusterImpl-0c2cafbc-a1cb-44bb-893b-18fc22efbaa6/datanode-2/data/ratis/04b62dd6-9643-4d7a-9bab-64cc800e6712
2019-10-29 16:37:55,417 [pool-107-thread-1] INFO  server.RaftServerConfigKeys (ConfUtils.java:logGet(43)) - raft.server.log.queue.byte-limit = 2147483647 (custom)
2019-10-29 16:37:55,417 [pool-107-thread-1] INFO  server.RaftServerConfigKeys (ConfUtils.java:logGet(43)) - raft.server.log.queue.element-limit = 1024 (custom)
2019-10-29 16:37:55,417 [pool-107-thread-1] INFO  server.RaftServerConfigKeys (ConfUtils.java:logGet(43)) - raft.server.log.segment.size.max = 1048576 (custom)
2019-10-29 16:37:55,417 [pool-107-thread-1] INFO  server.RaftServerConfigKeys (ConfUtils.java:logGet(43)) - raft.server.log.preallocated.size = 16384 (custom)
2019-10-29 16:37:55,417 [pool-107-thread-1] INFO  server.RaftServerConfigKeys (ConfUtils.java:logGet(43)) - raft.server.log.write.buffer.size = 33554432 (custom)
2019-10-29 16:37:55,417 [pool-107-thread-1] INFO  server.RaftServerConfigKeys (ConfUtils.java:logGet(43)) - raft.server.log.force.sync.num = 128 (default)
2019-10-29 16:37:55,418 [pool-107-thread-1] INFO  server.RaftServerConfigKeys (ConfUtils.java:logGet(43)) - raft.server.log.statemachine.data.sync = true (default)
2019-10-29 16:37:55,418 [pool-107-thread-1] INFO  server.RaftServerConfigKeys (ConfUtils.java:logGet(43)) - raft.server.log.statemachine.data.sync.timeout = 10s (default)
2019-10-29 16:37:55,418 [pool-107-thread-1] INFO  server.RaftServerConfigKeys (ConfUtils.java:logGet(43)) - raft.server.log.statemachine.data.sync.timeout.retry = -1 (default)
2019-10-29 16:37:55,418 [pool-107-thread-1] INFO  server.RaftServerConfigKeys (ConfUtils.java:logGet(43)) - raft.server.log.statemachine.data.caching.enabled = true (custom)
2019-10-29 16:37:55,418 [pool-107-thread-1] INFO  segmented.SegmentedRaftLogWorker (SegmentedRaftLogWorker.java:lambda$new$0(128)) - 7028d41f-b32c-4cbe-8813-363cc02bb03c@group-64CC800E6712-SegmentedRaftLogWorker: flushIndex: setUnconditionally 0 -> -1
2019-10-29 16:37:55,418 [pool-107-thread-1] INFO  server.RaftServerConfigKeys (ConfUtils.java:logGet(43)) - raft.server.snapshot.auto.trigger.enabled = true (custom)
2019-10-29 16:37:55,418 [pool-107-thread-1] INFO  server.RaftServerConfigKeys (ConfUtils.java:logGet(43)) - raft.server.snapshot.auto.trigger.threshold = 1 (custom)
2019-10-29 16:37:55,418 [pool-107-thread-1] INFO  server.RaftServerConfigKeys (ConfUtils.java:logGet(43)) - raft.server.snapshot.retention.file.num = 5 (custom)
2019-10-29 16:37:55,419 [pool-107-thread-1] INFO  server.RaftServerConfigKeys (ConfUtils.java:logGet(43)) - raft.server.retrycache.expirytime = 600000ms (custom)
2019-10-29 16:37:55,419 [pool-107-thread-1] WARN  impl.MetricRegistriesImpl (MetricRegistriesImpl.java:lambda$create$1(61)) - First MetricRegistry has been created without registering reporters. You may need to call MetricRegistries.global().addReportRegistration(...) before.
2019-10-29 16:37:55,419 [pool-107-thread-1] WARN  impl.MetricRegistriesImpl (MetricRegistriesImpl.java:lambda$create$1(61)) - First MetricRegistry has been created without registering reporters. You may need to call MetricRegistries.global().addReportRegistration(...) before.
2019-10-29 16:37:55,419 [pool-107-thread-1] INFO  impl.RaftServerImpl (RaftServerImpl.java:start(184)) - 7028d41f-b32c-4cbe-8813-363cc02bb03c@group-64CC800E6712: start as a follower, conf=-1: [7028d41f-b32c-4cbe-8813-363cc02bb03c:192.168.164.217:33903], old=null
2019-10-29 16:37:55,419 [pool-107-thread-1] INFO  impl.RaftServerImpl (RaftServerImpl.java:setRole(173)) - 7028d41f-b32c-4cbe-8813-363cc02bb03c@group-64CC800E6712: changes role from      null to FOLLOWER at term 0 for startAsFollower
2019-10-29 16:37:55,419 [pool-107-thread-1] INFO  impl.RoleInfo (RoleInfo.java:updateAndGet(143)) - 7028d41f-b32c-4cbe-8813-363cc02bb03c: start FollowerState
2019-10-29 16:37:55,419 [pool-107-thread-1] INFO  util.JmxRegister (JmxRegister.java:tryRegister(44)) - Successfully registered JMX Bean with object name Ratis:service=RaftServer,group=group-64CC800E6712,id=7028d41f-b32c-4cbe-8813-363cc02bb03c
2019-10-29 16:37:55,419 [pool-107-thread-1] WARN  impl.MetricRegistriesImpl (MetricRegistriesImpl.java:lambda$create$1(61)) - First MetricRegistry has been created without registering reporters. You may need to call MetricRegistries.global().addReportRegistration(...) before.
2019-10-29 16:37:55,420 [Command processor thread] INFO  commandhandler.CreatePipelineCommandHandler (CreatePipelineCommandHandler.java:handle(86)) - Create Pipeline RATIS ONE #id: "04b62dd6-9643-4d7a-9bab-64cc800e6712"
 command succeed on datanode 7028d41f-b32c-4cbe-8813-363cc02bb03c.
2019-10-29 16:37:55,421 [Command processor thread] INFO  impl.RaftServerProxy (RaftServerProxy.java:addNew(89)) - 7028d41f-b32c-4cbe-8813-363cc02bb03c: addNew group-F91D8CF5B25C:[ca4d1033-c905-4eeb-87b4-1601b3c50e71:192.168.164.217:43765, 7028d41f-b32c-4cbe-8813-363cc02bb03c:192.168.164.217:33903, 35688c51-31e6-494a-bf84-40ad51252ac6:192.168.164.217:46836] returns group-F91D8CF5B25C:java.util.concurrent.CompletableFuture@69fbae24[Not completed]
2019-10-29 16:37:55,421 [pool-107-thread-1] INFO  impl.RaftServerImpl (RaftServerImpl.java:<init>(98)) - 7028d41f-b32c-4cbe-8813-363cc02bb03c: new RaftServerImpl for group-F91D8CF5B25C:[ca4d1033-c905-4eeb-87b4-1601b3c50e71:192.168.164.217:43765, 7028d41f-b32c-4cbe-8813-363cc02bb03c:192.168.164.217:33903, 35688c51-31e6-494a-bf84-40ad51252ac6:192.168.164.217:46836] with ContainerStateMachine:uninitialized
2019-10-29 16:37:55,421 [EventQueue-PipelineReportForPipelineReportHandler] INFO  pipeline.PipelineReportHandler (PipelineReportHandler.java:processPipelineReport(104)) - Pipeline ONE PipelineID=04b62dd6-9643-4d7a-9bab-64cc800e6712 reported by 7028d41f-b32c-4cbe-8813-363cc02bb03c{ip: 192.168.164.217, host: pr-hdds-2034-76npd-2451761435, networkLocation: /default-rack, certSerialId: null}
2019-10-29 16:37:55,421 [pool-107-thread-1] INFO  server.RaftServerConfigKeys (ConfUtils.java:logGet(43)) - raft.server.rpc.timeout.min = 5s (custom)
2019-10-29 16:37:55,422 [EventQueue-PipelineReportForPipelineReportHandler] INFO  pipeline.PipelineStateManager (PipelineStateManager.java:openPipeline(134)) - Pipeline Pipeline[ Id: 04b62dd6-9643-4d7a-9bab-64cc800e6712, Nodes: 7028d41f-b32c-4cbe-8813-363cc02bb03c{ip: 192.168.164.217, host: pr-hdds-2034-76npd-2451761435, networkLocation: /default-rack, certSerialId: null}, Type:RATIS, Factor:ONE, State:ALLOCATED] moved to OPEN state
2019-10-29 16:37:55,422 [pool-107-thread-1] INFO  server.RaftServerConfigKeys (ConfUtils.java:logGet(43)) - raft.server.rpc.timeout.max = 5200ms (custom)
2019-10-29 16:37:55,422 [pool-107-thread-1] INFO  server.RaftServerConfigKeys (ConfUtils.java:logGet(43)) - raft.server.rpcslowness.timeout = 120s (custom)
2019-10-29 16:37:55,422 [pool-107-thread-1] INFO  server.RaftServerConfigKeys (ConfUtils.java:logGet(43)) - raft.server.sleep.deviation.threshold = 300 (default)
2019-10-29 16:37:55,422 [pool-107-thread-1] INFO  server.RaftServerConfigKeys (ConfUtils.java:logGet(43)) - raft.server.log.appender.install.snapshot.enabled = false (custom)
2019-10-29 16:37:55,422 [pool-107-thread-1] INFO  impl.RaftServerImpl (ServerState.java:<init>(103)) - 7028d41f-b32c-4cbe-8813-363cc02bb03c@group-F91D8CF5B25C: ConfigurationManager, init=-1: [ca4d1033-c905-4eeb-87b4-1601b3c50e71:192.168.164.217:43765, 7028d41f-b32c-4cbe-8813-363cc02bb03c:192.168.164.217:33903, 35688c51-31e6-494a-bf84-40ad51252ac6:192.168.164.217:46836], old=null, confs=<EMPTY_MAP>
2019-10-29 16:37:55,422 [pool-107-thread-1] INFO  server.RaftServerConfigKeys (ConfUtils.java:logGet(43)) - raft.server.storage.dir = [/workdir/hadoop-ozone/integration-test/target/test-dir/MiniOzoneClusterImpl-0c2cafbc-a1cb-44bb-893b-18fc22efbaa6/datanode-2/data/ratis] (custom)
2019-10-29 16:37:55,422 [pool-107-thread-1] INFO  server.RaftServerConfigKeys (ConfUtils.java:logGet(43)) - raft.server.log.corruption.policy = EXCEPTION (default)
2019-10-29 16:37:55,422 [pool-107-thread-1] INFO  storage.RaftStorageDirectory (RaftStorageDirectory.java:analyzeStorage(246)) - The storage directory /workdir/hadoop-ozone/integration-test/target/test-dir/MiniOzoneClusterImpl-0c2cafbc-a1cb-44bb-893b-18fc22efbaa6/datanode-2/data/ratis/c89bf3f3-0aff-4544-ad7c-f91d8cf5b25c does not exist. Creating ...
2019-10-29 16:37:55,425 [pool-107-thread-1] INFO  storage.RaftStorageDirectory (RaftStorageDirectory.java:tryLock(328)) - Lock on /workdir/hadoop-ozone/integration-test/target/test-dir/MiniOzoneClusterImpl-0c2cafbc-a1cb-44bb-893b-18fc22efbaa6/datanode-2/data/ratis/c89bf3f3-0aff-4544-ad7c-f91d8cf5b25c/in_use.lock acquired by nodename 19005@pr-hdds-2034-76npd-2451761435
2019-10-29 16:37:55,431 [pool-107-thread-1] INFO  storage.RaftStorage (RaftStorage.java:format(84)) - Storage directory /workdir/hadoop-ozone/integration-test/target/test-dir/MiniOzoneClusterImpl-0c2cafbc-a1cb-44bb-893b-18fc22efbaa6/datanode-2/data/ratis/c89bf3f3-0aff-4544-ad7c-f91d8cf5b25c has been successfully formatted.
2019-10-29 16:37:55,432 [pool-107-thread-1] INFO  ratis.ContainerStateMachine (ContainerStateMachine.java:loadSnapshot(231)) - group-F91D8CF5B25C: The snapshot info is null. Setting the last applied indexto:(t:0, i:~)
2019-10-29 16:37:55,432 [pool-107-thread-1] INFO  server.RaftServerConfigKeys (ConfUtils.java:logGet(43)) - raft.server.notification.no-leader.timeout = 120s (custom)
2019-10-29 16:37:55,432 [pool-107-thread-1] INFO  server.RaftServerConfigKeys (ConfUtils.java:logGet(43)) - raft.server.log.use.memory = false (default)
2019-10-29 16:37:55,432 [pool-107-thread-1] INFO  server.RaftServerConfigKeys (ConfUtils.java:logGet(43)) - raft.server.log.purge.gap = 1000000 (custom)
2019-10-29 16:37:55,432 [pool-107-thread-1] INFO  server.RaftServerConfigKeys (ConfUtils.java:logGet(43)) - raft.server.log.appender.buffer.byte-limit = 33554432 (custom)
2019-10-29 16:37:55,433 [pool-107-thread-1] INFO  server.RaftServerConfigKeys (ConfUtils.java:logGet(43)) - raft.server.log.segment.size.max = 1048576 (custom)
2019-10-29 16:37:55,433 [pool-107-thread-1] INFO  server.RaftServerConfigKeys (ConfUtils.java:logGet(43)) - raft.server.log.segment.cache.num.max = 2 (custom)
2019-10-29 16:37:55,433 [pool-107-thread-1] INFO  segmented.SegmentedRaftLogWorker (SegmentedRaftLogWorker.java:<init>(173)) - new 7028d41f-b32c-4cbe-8813-363cc02bb03c@group-F91D8CF5B25C-SegmentedRaftLogWorker for RaftStorage:Storage Directory /workdir/hadoop-ozone/integration-test/target/test-dir/MiniOzoneClusterImpl-0c2cafbc-a1cb-44bb-893b-18fc22efbaa6/datanode-2/data/ratis/c89bf3f3-0aff-4544-ad7c-f91d8cf5b25c
2019-10-29 16:37:55,433 [pool-107-thread-1] INFO  server.RaftServerConfigKeys (ConfUtils.java:logGet(43)) - raft.server.log.queue.byte-limit = 2147483647 (custom)
2019-10-29 16:37:55,433 [pool-107-thread-1] INFO  server.RaftServerConfigKeys (ConfUtils.java:logGet(43)) - raft.server.log.queue.element-limit = 1024 (custom)
2019-10-29 16:37:55,433 [pool-107-thread-1] INFO  server.RaftServerConfigKeys (ConfUtils.java:logGet(43)) - raft.server.log.segment.size.max = 1048576 (custom)
2019-10-29 16:37:55,434 [pool-107-thread-1] INFO  server.RaftServerConfigKeys (ConfUtils.java:logGet(43)) - raft.server.log.preallocated.size = 16384 (custom)
2019-10-29 16:37:55,434 [pool-107-thread-1] INFO  server.RaftServerConfigKeys (ConfUtils.java:logGet(43)) - raft.server.log.write.buffer.size = 33554432 (custom)
2019-10-29 16:37:55,434 [pool-107-thread-1] INFO  server.RaftServerConfigKeys (ConfUtils.java:logGet(43)) - raft.server.log.force.sync.num = 128 (default)
2019-10-29 16:37:55,434 [pool-107-thread-1] INFO  server.RaftServerConfigKeys (ConfUtils.java:logGet(43)) - raft.server.log.statemachine.data.sync = true (default)
2019-10-29 16:37:55,434 [pool-107-thread-1] INFO  server.RaftServerConfigKeys (ConfUtils.java:logGet(43)) - raft.server.log.statemachine.data.sync.timeout = 10s (default)
2019-10-29 16:37:55,434 [pool-107-thread-1] INFO  server.RaftServerConfigKeys (ConfUtils.java:logGet(43)) - raft.server.log.statemachine.data.sync.timeout.retry = -1 (default)
2019-10-29 16:37:55,435 [pool-107-thread-1] INFO  server.RaftServerConfigKeys (ConfUtils.java:logGet(43)) - raft.server.log.statemachine.data.caching.enabled = true (custom)
2019-10-29 16:37:55,435 [pool-107-thread-1] INFO  segmented.SegmentedRaftLogWorker (SegmentedRaftLogWorker.java:lambda$new$0(128)) - 7028d41f-b32c-4cbe-8813-363cc02bb03c@group-F91D8CF5B25C-SegmentedRaftLogWorker: flushIndex: setUnconditionally 0 -> -1
2019-10-29 16:37:55,435 [pool-107-thread-1] INFO  server.RaftServerConfigKeys (ConfUtils.java:logGet(43)) - raft.server.snapshot.auto.trigger.enabled = true (custom)
2019-10-29 16:37:55,436 [pool-107-thread-1] INFO  server.RaftServerConfigKeys (ConfUtils.java:logGet(43)) - raft.server.snapshot.auto.trigger.threshold = 1 (custom)
2019-10-29 16:37:55,436 [pool-107-thread-1] INFO  server.RaftServerConfigKeys (ConfUtils.java:logGet(43)) - raft.server.snapshot.retention.file.num = 5 (custom)
2019-10-29 16:37:55,436 [pool-107-thread-1] INFO  server.RaftServerConfigKeys (ConfUtils.java:logGet(43)) - raft.server.retrycache.expirytime = 600000ms (custom)
2019-10-29 16:37:55,436 [pool-107-thread-1] WARN  impl.MetricRegistriesImpl (MetricRegistriesImpl.java:lambda$create$1(61)) - First MetricRegistry has been created without registering reporters. You may need to call MetricRegistries.global().addReportRegistration(...) before.
2019-10-29 16:37:55,436 [pool-107-thread-1] WARN  impl.MetricRegistriesImpl (MetricRegistriesImpl.java:lambda$create$1(61)) - First MetricRegistry has been created without registering reporters. You may need to call MetricRegistries.global().addReportRegistration(...) before.
2019-10-29 16:37:55,437 [pool-107-thread-1] INFO  impl.RaftServerImpl (RaftServerImpl.java:start(184)) - 7028d41f-b32c-4cbe-8813-363cc02bb03c@group-F91D8CF5B25C: start as a follower, conf=-1: [ca4d1033-c905-4eeb-87b4-1601b3c50e71:192.168.164.217:43765, 7028d41f-b32c-4cbe-8813-363cc02bb03c:192.168.164.217:33903, 35688c51-31e6-494a-bf84-40ad51252ac6:192.168.164.217:46836], old=null
2019-10-29 16:37:55,437 [pool-107-thread-1] INFO  impl.RaftServerImpl (RaftServerImpl.java:setRole(173)) - 7028d41f-b32c-4cbe-8813-363cc02bb03c@group-F91D8CF5B25C: changes role from      null to FOLLOWER at term 0 for startAsFollower
2019-10-29 16:37:55,437 [pool-107-thread-1] INFO  impl.RoleInfo (RoleInfo.java:updateAndGet(143)) - 7028d41f-b32c-4cbe-8813-363cc02bb03c: start FollowerState
2019-10-29 16:37:55,438 [pool-107-thread-1] INFO  util.JmxRegister (JmxRegister.java:tryRegister(44)) - Successfully registered JMX Bean with object name Ratis:service=RaftServer,group=group-F91D8CF5B25C,id=7028d41f-b32c-4cbe-8813-363cc02bb03c
2019-10-29 16:37:55,438 [pool-107-thread-1] WARN  impl.MetricRegistriesImpl (MetricRegistriesImpl.java:lambda$create$1(61)) - First MetricRegistry has been created without registering reporters. You may need to call MetricRegistries.global().addReportRegistration(...) before.
2019-10-29 16:37:55,438 [Command processor thread] INFO  commandhandler.CreatePipelineCommandHandler (CreatePipelineCommandHandler.java:handle(86)) - Create Pipeline RATIS THREE #id: "c89bf3f3-0aff-4544-ad7c-f91d8cf5b25c"
 command succeed on datanode 7028d41f-b32c-4cbe-8813-363cc02bb03c.
2019-10-29 16:37:55,441 [EventQueue-PipelineReportForPipelineReportHandler] INFO  pipeline.PipelineReportHandler (PipelineReportHandler.java:processPipelineReport(104)) - Pipeline THREE PipelineID=c89bf3f3-0aff-4544-ad7c-f91d8cf5b25c reported by 7028d41f-b32c-4cbe-8813-363cc02bb03c{ip: 192.168.164.217, host: pr-hdds-2034-76npd-2451761435, networkLocation: /default-rack, certSerialId: null}
2019-10-29 16:37:55,441 [EventQueue-PipelineReportForPipelineReportHandler] INFO  pipeline.PipelineStateManager (PipelineStateManager.java:openPipeline(134)) - Pipeline Pipeline[ Id: c89bf3f3-0aff-4544-ad7c-f91d8cf5b25c, Nodes: ca4d1033-c905-4eeb-87b4-1601b3c50e71{ip: 192.168.164.217, host: pr-hdds-2034-76npd-2451761435, networkLocation: /default-rack, certSerialId: null}7028d41f-b32c-4cbe-8813-363cc02bb03c{ip: 192.168.164.217, host: pr-hdds-2034-76npd-2451761435, networkLocation: /default-rack, certSerialId: null}35688c51-31e6-494a-bf84-40ad51252ac6{ip: 192.168.164.217, host: pr-hdds-2034-76npd-2451761435, networkLocation: /default-rack, certSerialId: null}, Type:RATIS, Factor:THREE, State:ALLOCATED] moved to OPEN state
2019-10-29 16:37:58,367 [Thread-442] INFO  container.ReplicationManager (ReplicationManager.java:start(162)) - Starting Replication Monitor Thread.
2019-10-29 16:37:58,370 [ReplicationMonitor] INFO  container.ReplicationManager (ReplicationManager.java:run(225)) - Replication Monitor Thread took 0 milliseconds for processing 0 containers.
2019-10-29 16:37:58,411 [main] INFO  om.OzoneManager (OzoneManager.java:readKeyPair(716)) - Reading keypair and certificate from file system.
2019-10-29 16:37:58,412 [main] INFO  om.OzoneManager (OzoneManager.java:startSecretManager(682)) - Starting OM block token secret manager
2019-10-29 16:37:58,412 [main] INFO  security.OzoneBlockTokenSecretManager (OzoneSecretManager.java:updateCurrentKey(170)) - Updating the current master key for generating tokens
2019-10-29 16:37:58,456 [main] INFO  rpc.RpcClient (RpcClient.java:createVolume(272)) - Creating Volume: testcontainerstatemachinefailures, with jenkins1000 as owner.
2019-10-29 16:37:58,461 [IPC Server handler 4 on 34143] INFO  volume.OMVolumeCreateRequest (OMVolumeCreateRequest.java:validateAndUpdateCache(193)) - created volume:testcontainerstatemachinefailures for user:jenkins1000
2019-10-29 16:37:58,481 [main] INFO  rpc.RpcClient (RpcClient.java:createBucket(411)) - Creating Bucket: testcontainerstatemachinefailures/testcontainerstatemachinefailures, with Versioning false and Storage Type set to DISK and Encryption set to false 
2019-10-29 16:38:00,357 [Thread-436] INFO  impl.FollowerState (FollowerState.java:run(111)) - ca4d1033-c905-4eeb-87b4-1601b3c50e71@group-92A6021C3F22-FollowerState: change to CANDIDATE, lastRpcTime:5047ms, electionTimeout:5047ms
2019-10-29 16:38:00,357 [Thread-436] INFO  impl.RoleInfo (RoleInfo.java:shutdownFollowerState(121)) - ca4d1033-c905-4eeb-87b4-1601b3c50e71: shutdown FollowerState
2019-10-29 16:38:00,357 [Thread-436] INFO  impl.RaftServerImpl (RaftServerImpl.java:setRole(173)) - ca4d1033-c905-4eeb-87b4-1601b3c50e71@group-92A6021C3F22: changes role from  FOLLOWER to CANDIDATE at term 0 for changeToCandidate
2019-10-29 16:38:00,358 [Thread-436] INFO  impl.RoleInfo (RoleInfo.java:updateAndGet(143)) - ca4d1033-c905-4eeb-87b4-1601b3c50e71: start LeaderElection
2019-10-29 16:38:00,375 [ca4d1033-c905-4eeb-87b4-1601b3c50e71@group-92A6021C3F22-LeaderElection9] INFO  impl.LeaderElection (LeaderElection.java:askForVotes(178)) - ca4d1033-c905-4eeb-87b4-1601b3c50e71@group-92A6021C3F22-LeaderElection9: begin an election at term 1 for -1: [ca4d1033-c905-4eeb-87b4-1601b3c50e71:192.168.164.217:43765], old=null
2019-10-29 16:38:00,375 [ca4d1033-c905-4eeb-87b4-1601b3c50e71@group-92A6021C3F22-LeaderElection9] INFO  impl.RoleInfo (RoleInfo.java:shutdownLeaderElection(134)) - ca4d1033-c905-4eeb-87b4-1601b3c50e71: shutdown LeaderElection
2019-10-29 16:38:00,375 [ca4d1033-c905-4eeb-87b4-1601b3c50e71@group-92A6021C3F22-LeaderElection9] INFO  impl.RaftServerImpl (RaftServerImpl.java:setRole(173)) - ca4d1033-c905-4eeb-87b4-1601b3c50e71@group-92A6021C3F22: changes role from CANDIDATE to LEADER at term 1 for changeToLeader
2019-10-29 16:38:00,375 [ca4d1033-c905-4eeb-87b4-1601b3c50e71@group-92A6021C3F22-LeaderElection9] INFO  impl.RaftServerImpl (ServerState.java:setLeader(255)) - ca4d1033-c905-4eeb-87b4-1601b3c50e71@group-92A6021C3F22: change Leader from null to ca4d1033-c905-4eeb-87b4-1601b3c50e71 at term 1 for becomeLeader, leader elected after 5074ms
2019-10-29 16:38:00,377 [ca4d1033-c905-4eeb-87b4-1601b3c50e71@group-92A6021C3F22-LeaderElection9] INFO  server.RaftServerConfigKeys (ConfUtils.java:logGet(43)) - raft.server.staging.catchup.gap = 1000 (default)
2019-10-29 16:38:00,377 [ca4d1033-c905-4eeb-87b4-1601b3c50e71@group-92A6021C3F22-LeaderElection9] INFO  server.RaftServerConfigKeys (ConfUtils.java:logGet(43)) - raft.server.rpc.sleep.time = 25ms (default)
2019-10-29 16:38:00,377 [ca4d1033-c905-4eeb-87b4-1601b3c50e71@group-92A6021C3F22-LeaderElection9] INFO  server.RaftServerConfigKeys (ConfUtils.java:logGet(43)) - raft.server.write.element-limit = 4096 (default)
2019-10-29 16:38:00,377 [ca4d1033-c905-4eeb-87b4-1601b3c50e71@group-92A6021C3F22-LeaderElection9] INFO  server.RaftServerConfigKeys (ConfUtils.java:logGet(43)) - raft.server.watch.timeout = 10s (default)
2019-10-29 16:38:00,378 [ca4d1033-c905-4eeb-87b4-1601b3c50e71@group-92A6021C3F22-LeaderElection9] INFO  server.RaftServerConfigKeys (ConfUtils.java:logGet(43)) - raft.server.watch.timeout.denomination = 1s (default)
2019-10-29 16:38:00,378 [ca4d1033-c905-4eeb-87b4-1601b3c50e71@group-92A6021C3F22-LeaderElection9] INFO  server.RaftServerConfigKeys (ConfUtils.java:logGet(43)) - raft.server.watch.element-limit = 65536 (default)
2019-10-29 16:38:00,378 [ca4d1033-c905-4eeb-87b4-1601b3c50e71@group-92A6021C3F22-LeaderElection9] INFO  impl.RoleInfo (RoleInfo.java:updateAndGet(143)) - ca4d1033-c905-4eeb-87b4-1601b3c50e71: start LeaderState
2019-10-29 16:38:00,379 [ca4d1033-c905-4eeb-87b4-1601b3c50e71@group-92A6021C3F22-LeaderElection9] INFO  segmented.SegmentedRaftLogWorker (SegmentedRaftLogWorker.java:startLogSegment(385)) - ca4d1033-c905-4eeb-87b4-1601b3c50e71@group-92A6021C3F22-SegmentedRaftLogWorker: Starting segment from index:0
2019-10-29 16:38:00,380 [ca4d1033-c905-4eeb-87b4-1601b3c50e71@group-92A6021C3F22-LeaderElection9] INFO  impl.RaftServerImpl (ServerState.java:setRaftConf(356)) - ca4d1033-c905-4eeb-87b4-1601b3c50e71@group-92A6021C3F22: set configuration 0: [ca4d1033-c905-4eeb-87b4-1601b3c50e71:192.168.164.217:43765], old=null at 0
2019-10-29 16:38:00,428 [ca4d1033-c905-4eeb-87b4-1601b3c50e71@group-92A6021C3F22-SegmentedRaftLogWorker] INFO  segmented.SegmentedRaftLogWorker (SegmentedRaftLogWorker.java:execute(576)) - ca4d1033-c905-4eeb-87b4-1601b3c50e71@group-92A6021C3F22-SegmentedRaftLogWorker: created new log segment /workdir/hadoop-ozone/integration-test/target/test-dir/MiniOzoneClusterImpl-0c2cafbc-a1cb-44bb-893b-18fc22efbaa6/datanode-0/data/ratis/368ff0ec-4d0b-4fcc-b157-92a6021c3f22/current/log_inprogress_0
2019-10-29 16:38:00,436 [Thread-440] INFO  impl.FollowerState (FollowerState.java:run(111)) - ca4d1033-c905-4eeb-87b4-1601b3c50e71@group-F91D8CF5B25C-FollowerState: change to CANDIDATE, lastRpcTime:5087ms, electionTimeout:5087ms
2019-10-29 16:38:00,437 [Thread-440] INFO  impl.RoleInfo (RoleInfo.java:shutdownFollowerState(121)) - ca4d1033-c905-4eeb-87b4-1601b3c50e71: shutdown FollowerState
2019-10-29 16:38:00,437 [Thread-440] INFO  impl.RaftServerImpl (RaftServerImpl.java:setRole(173)) - ca4d1033-c905-4eeb-87b4-1601b3c50e71@group-F91D8CF5B25C: changes role from  FOLLOWER to CANDIDATE at term 0 for changeToCandidate
2019-10-29 16:38:00,437 [Thread-440] INFO  impl.RoleInfo (RoleInfo.java:updateAndGet(143)) - ca4d1033-c905-4eeb-87b4-1601b3c50e71: start LeaderElection
2019-10-29 16:38:00,453 [ca4d1033-c905-4eeb-87b4-1601b3c50e71@group-F91D8CF5B25C-LeaderElection10] INFO  impl.LeaderElection (LeaderElection.java:askForVotes(178)) - ca4d1033-c905-4eeb-87b4-1601b3c50e71@group-F91D8CF5B25C-LeaderElection10: begin an election at term 1 for -1: [ca4d1033-c905-4eeb-87b4-1601b3c50e71:192.168.164.217:43765, 7028d41f-b32c-4cbe-8813-363cc02bb03c:192.168.164.217:33903, 35688c51-31e6-494a-bf84-40ad51252ac6:192.168.164.217:46836], old=null
2019-10-29 16:38:00,468 [grpc-default-executor-1] INFO  impl.RaftServerImpl (RaftServerImpl.java:setRole(173)) - 7028d41f-b32c-4cbe-8813-363cc02bb03c@group-F91D8CF5B25C: changes role from  FOLLOWER to FOLLOWER at term 1 for recognizeCandidate:ca4d1033-c905-4eeb-87b4-1601b3c50e71
2019-10-29 16:38:00,468 [grpc-default-executor-1] INFO  impl.RoleInfo (RoleInfo.java:shutdownFollowerState(121)) - 7028d41f-b32c-4cbe-8813-363cc02bb03c: shutdown FollowerState
2019-10-29 16:38:00,470 [grpc-default-executor-1] INFO  impl.RoleInfo (RoleInfo.java:updateAndGet(143)) - 7028d41f-b32c-4cbe-8813-363cc02bb03c: start FollowerState
2019-10-29 16:38:00,471 [Thread-450] INFO  impl.FollowerState (FollowerState.java:run(120)) - 7028d41f-b32c-4cbe-8813-363cc02bb03c@group-F91D8CF5B25C-FollowerState was interrupted: java.lang.InterruptedException: sleep interrupted
2019-10-29 16:38:00,471 [grpc-default-executor-6] INFO  impl.RaftServerImpl (RaftServerImpl.java:setRole(173)) - 35688c51-31e6-494a-bf84-40ad51252ac6@group-F91D8CF5B25C: changes role from  FOLLOWER to FOLLOWER at term 1 for recognizeCandidate:ca4d1033-c905-4eeb-87b4-1601b3c50e71
2019-10-29 16:38:00,472 [grpc-default-executor-6] INFO  impl.RoleInfo (RoleInfo.java:shutdownFollowerState(121)) - 35688c51-31e6-494a-bf84-40ad51252ac6: shutdown FollowerState
2019-10-29 16:38:00,472 [grpc-default-executor-6] INFO  impl.RoleInfo (RoleInfo.java:updateAndGet(143)) - 35688c51-31e6-494a-bf84-40ad51252ac6: start FollowerState
2019-10-29 16:38:00,472 [Thread-446] INFO  impl.FollowerState (FollowerState.java:run(120)) - 35688c51-31e6-494a-bf84-40ad51252ac6@group-F91D8CF5B25C-FollowerState was interrupted: java.lang.InterruptedException: sleep interrupted
2019-10-29 16:38:00,493 [ca4d1033-c905-4eeb-87b4-1601b3c50e71@group-F91D8CF5B25C-LeaderElection10] INFO  impl.LeaderElection (LeaderElection.java:logAndReturn(56)) - ca4d1033-c905-4eeb-87b4-1601b3c50e71@group-F91D8CF5B25C-LeaderElection10: Election PASSED; received 1 response(s) [ca4d1033-c905-4eeb-87b4-1601b3c50e71<-7028d41f-b32c-4cbe-8813-363cc02bb03c#0:OK-t1] and 0 exception(s); ca4d1033-c905-4eeb-87b4-1601b3c50e71@group-F91D8CF5B25C:t1, leader=null, voted=ca4d1033-c905-4eeb-87b4-1601b3c50e71, raftlog=ca4d1033-c905-4eeb-87b4-1601b3c50e71@group-F91D8CF5B25C-SegmentedRaftLog:OPENED:c-1,f-1,i0, conf=-1: [ca4d1033-c905-4eeb-87b4-1601b3c50e71:192.168.164.217:43765, 7028d41f-b32c-4cbe-8813-363cc02bb03c:192.168.164.217:33903, 35688c51-31e6-494a-bf84-40ad51252ac6:192.168.164.217:46836], old=null
2019-10-29 16:38:00,494 [ca4d1033-c905-4eeb-87b4-1601b3c50e71@group-F91D8CF5B25C-LeaderElection10] INFO  impl.RoleInfo (RoleInfo.java:shutdownLeaderElection(134)) - ca4d1033-c905-4eeb-87b4-1601b3c50e71: shutdown LeaderElection
2019-10-29 16:38:00,494 [ca4d1033-c905-4eeb-87b4-1601b3c50e71@group-F91D8CF5B25C-LeaderElection10] INFO  impl.RaftServerImpl (RaftServerImpl.java:setRole(173)) - ca4d1033-c905-4eeb-87b4-1601b3c50e71@group-F91D8CF5B25C: changes role from CANDIDATE to LEADER at term 1 for changeToLeader
2019-10-29 16:38:00,496 [ca4d1033-c905-4eeb-87b4-1601b3c50e71@group-F91D8CF5B25C-LeaderElection10] INFO  impl.RaftServerImpl (ServerState.java:setLeader(255)) - ca4d1033-c905-4eeb-87b4-1601b3c50e71@group-F91D8CF5B25C: change Leader from null to ca4d1033-c905-4eeb-87b4-1601b3c50e71 at term 1 for becomeLeader, leader elected after 5151ms
2019-10-29 16:38:00,496 [ca4d1033-c905-4eeb-87b4-1601b3c50e71@group-F91D8CF5B25C-LeaderElection10] INFO  server.RaftServerConfigKeys (ConfUtils.java:logGet(43)) - raft.server.staging.catchup.gap = 1000 (default)
2019-10-29 16:38:00,496 [ca4d1033-c905-4eeb-87b4-1601b3c50e71@group-F91D8CF5B25C-LeaderElection10] INFO  server.RaftServerConfigKeys (ConfUtils.java:logGet(43)) - raft.server.rpc.sleep.time = 25ms (default)
2019-10-29 16:38:00,496 [ca4d1033-c905-4eeb-87b4-1601b3c50e71@group-F91D8CF5B25C-LeaderElection10] INFO  server.RaftServerConfigKeys (ConfUtils.java:logGet(43)) - raft.server.write.element-limit = 4096 (default)
2019-10-29 16:38:00,496 [ca4d1033-c905-4eeb-87b4-1601b3c50e71@group-F91D8CF5B25C-LeaderElection10] INFO  server.RaftServerConfigKeys (ConfUtils.java:logGet(43)) - raft.server.watch.timeout = 10s (default)
2019-10-29 16:38:00,496 [ca4d1033-c905-4eeb-87b4-1601b3c50e71@group-F91D8CF5B25C-LeaderElection10] INFO  server.RaftServerConfigKeys (ConfUtils.java:logGet(43)) - raft.server.watch.timeout.denomination = 1s (default)
2019-10-29 16:38:00,496 [ca4d1033-c905-4eeb-87b4-1601b3c50e71@group-F91D8CF5B25C-LeaderElection10] INFO  server.RaftServerConfigKeys (ConfUtils.java:logGet(43)) - raft.server.watch.element-limit = 65536 (default)
2019-10-29 16:38:00,497 [ca4d1033-c905-4eeb-87b4-1601b3c50e71@group-F91D8CF5B25C-LeaderElection10] INFO  server.RaftServerConfigKeys (ConfUtils.java:logGet(43)) - raft.server.log.appender.snapshot.chunk.size.max = 16MB (=16777216) (default)
2019-10-29 16:38:00,497 [ca4d1033-c905-4eeb-87b4-1601b3c50e71@group-F91D8CF5B25C-LeaderElection10] INFO  server.RaftServerConfigKeys (ConfUtils.java:logGet(43)) - raft.server.log.appender.buffer.byte-limit = 33554432 (custom)
2019-10-29 16:38:00,497 [ca4d1033-c905-4eeb-87b4-1601b3c50e71@group-F91D8CF5B25C-LeaderElection10] INFO  server.RaftServerConfigKeys (ConfUtils.java:logGet(43)) - raft.server.log.appender.buffer.element-limit = 1 (custom)
2019-10-29 16:38:00,497 [ca4d1033-c905-4eeb-87b4-1601b3c50e71@group-F91D8CF5B25C-LeaderElection10] INFO  grpc.GrpcConfigKeys$Server (ConfUtils.java:logGet(43)) - raft.grpc.server.leader.outstanding.appends.max = 128 (default)
2019-10-29 16:38:00,497 [ca4d1033-c905-4eeb-87b4-1601b3c50e71@group-F91D8CF5B25C-LeaderElection10] INFO  server.RaftServerConfigKeys (ConfUtils.java:logGet(43)) - raft.server.rpc.request.timeout = 3000ms (default)
2019-10-29 16:38:00,498 [ca4d1033-c905-4eeb-87b4-1601b3c50e71@group-F91D8CF5B25C-LeaderElection10] INFO  server.RaftServerConfigKeys (ConfUtils.java:logGet(43)) - raft.server.log.appender.install.snapshot.enabled = false (custom)
2019-10-29 16:38:00,498 [ca4d1033-c905-4eeb-87b4-1601b3c50e71@group-F91D8CF5B25C-LeaderElection10] WARN  impl.MetricRegistriesImpl (MetricRegistriesImpl.java:lambda$create$1(61)) - First MetricRegistry has been created without registering reporters. You may need to call MetricRegistries.global().addReportRegistration(...) before.
2019-10-29 16:38:00,498 [ca4d1033-c905-4eeb-87b4-1601b3c50e71@group-F91D8CF5B25C-LeaderElection10] INFO  server.RaftServerConfigKeys (ConfUtils.java:logGet(43)) - raft.server.log.appender.snapshot.chunk.size.max = 16MB (=16777216) (default)
2019-10-29 16:38:00,498 [ca4d1033-c905-4eeb-87b4-1601b3c50e71@group-F91D8CF5B25C-LeaderElection10] INFO  server.RaftServerConfigKeys (ConfUtils.java:logGet(43)) - raft.server.log.appender.buffer.byte-limit = 33554432 (custom)
2019-10-29 16:38:00,498 [ca4d1033-c905-4eeb-87b4-1601b3c50e71@group-F91D8CF5B25C-LeaderElection10] INFO  server.RaftServerConfigKeys (ConfUtils.java:logGet(43)) - raft.server.log.appender.buffer.element-limit = 1 (custom)
2019-10-29 16:38:00,498 [ca4d1033-c905-4eeb-87b4-1601b3c50e71@group-F91D8CF5B25C-LeaderElection10] INFO  grpc.GrpcConfigKeys$Server (ConfUtils.java:logGet(43)) - raft.grpc.server.leader.outstanding.appends.max = 128 (default)
2019-10-29 16:38:00,499 [ca4d1033-c905-4eeb-87b4-1601b3c50e71@group-F91D8CF5B25C-LeaderElection10] INFO  server.RaftServerConfigKeys (ConfUtils.java:logGet(43)) - raft.server.rpc.request.timeout = 3000ms (default)
2019-10-29 16:38:00,499 [ca4d1033-c905-4eeb-87b4-1601b3c50e71@group-F91D8CF5B25C-LeaderElection10] INFO  server.RaftServerConfigKeys (ConfUtils.java:logGet(43)) - raft.server.log.appender.install.snapshot.enabled = false (custom)
2019-10-29 16:38:00,499 [ca4d1033-c905-4eeb-87b4-1601b3c50e71@group-F91D8CF5B25C-LeaderElection10] INFO  impl.RoleInfo (RoleInfo.java:updateAndGet(143)) - ca4d1033-c905-4eeb-87b4-1601b3c50e71: start LeaderState
2019-10-29 16:38:00,499 [ca4d1033-c905-4eeb-87b4-1601b3c50e71@group-F91D8CF5B25C-LeaderElection10] INFO  segmented.SegmentedRaftLogWorker (SegmentedRaftLogWorker.java:startLogSegment(385)) - ca4d1033-c905-4eeb-87b4-1601b3c50e71@group-F91D8CF5B25C-SegmentedRaftLogWorker: Starting segment from index:0
2019-10-29 16:38:00,500 [ca4d1033-c905-4eeb-87b4-1601b3c50e71@group-F91D8CF5B25C-LeaderElection10] INFO  impl.RaftServerImpl (ServerState.java:setRaftConf(356)) - ca4d1033-c905-4eeb-87b4-1601b3c50e71@group-F91D8CF5B25C: set configuration 0: [ca4d1033-c905-4eeb-87b4-1601b3c50e71:192.168.164.217:43765, 7028d41f-b32c-4cbe-8813-363cc02bb03c:192.168.164.217:33903, 35688c51-31e6-494a-bf84-40ad51252ac6:192.168.164.217:46836], old=null at 0
2019-10-29 16:38:00,526 [grpc-default-executor-1] INFO  impl.RaftServerImpl (ServerState.java:setLeader(255)) - 7028d41f-b32c-4cbe-8813-363cc02bb03c@group-F91D8CF5B25C: change Leader from null to ca4d1033-c905-4eeb-87b4-1601b3c50e71 at term 1 for appendEntries, leader elected after 5094ms
2019-10-29 16:38:00,528 [grpc-default-executor-6] INFO  impl.RaftServerImpl (ServerState.java:setLeader(255)) - 35688c51-31e6-494a-bf84-40ad51252ac6@group-F91D8CF5B25C: change Leader from null to ca4d1033-c905-4eeb-87b4-1601b3c50e71 at term 1 for appendEntries, leader elected after 5122ms
2019-10-29 16:38:00,535 [grpc-default-executor-6] INFO  impl.RaftServerImpl (ServerState.java:setRaftConf(356)) - 7028d41f-b32c-4cbe-8813-363cc02bb03c@group-F91D8CF5B25C: set configuration 0: [ca4d1033-c905-4eeb-87b4-1601b3c50e71:192.168.164.217:43765, 7028d41f-b32c-4cbe-8813-363cc02bb03c:192.168.164.217:33903, 35688c51-31e6-494a-bf84-40ad51252ac6:192.168.164.217:46836], old=null at 0
2019-10-29 16:38:00,535 [grpc-default-executor-6] INFO  segmented.SegmentedRaftLogWorker (SegmentedRaftLogWorker.java:startLogSegment(385)) - 7028d41f-b32c-4cbe-8813-363cc02bb03c@group-F91D8CF5B25C-SegmentedRaftLogWorker: Starting segment from index:0
2019-10-29 16:38:00,535 [grpc-default-executor-1] INFO  impl.RaftServerImpl (ServerState.java:setRaftConf(356)) - 35688c51-31e6-494a-bf84-40ad51252ac6@group-F91D8CF5B25C: set configuration 0: [ca4d1033-c905-4eeb-87b4-1601b3c50e71:192.168.164.217:43765, 7028d41f-b32c-4cbe-8813-363cc02bb03c:192.168.164.217:33903, 35688c51-31e6-494a-bf84-40ad51252ac6:192.168.164.217:46836], old=null at 0
2019-10-29 16:38:00,536 [grpc-default-executor-1] INFO  segmented.SegmentedRaftLogWorker (SegmentedRaftLogWorker.java:startLogSegment(385)) - 35688c51-31e6-494a-bf84-40ad51252ac6@group-F91D8CF5B25C-SegmentedRaftLogWorker: Starting segment from index:0
2019-10-29 16:38:00,537 [ca4d1033-c905-4eeb-87b4-1601b3c50e71@group-F91D8CF5B25C-SegmentedRaftLogWorker] INFO  segmented.SegmentedRaftLogWorker (SegmentedRaftLogWorker.java:execute(576)) - ca4d1033-c905-4eeb-87b4-1601b3c50e71@group-F91D8CF5B25C-SegmentedRaftLogWorker: created new log segment /workdir/hadoop-ozone/integration-test/target/test-dir/MiniOzoneClusterImpl-0c2cafbc-a1cb-44bb-893b-18fc22efbaa6/datanode-0/data/ratis/c89bf3f3-0aff-4544-ad7c-f91d8cf5b25c/current/log_inprogress_0
2019-10-29 16:38:00,567 [Thread-444] INFO  impl.FollowerState (FollowerState.java:run(111)) - 35688c51-31e6-494a-bf84-40ad51252ac6@group-8E83244F153F-FollowerState: change to CANDIDATE, lastRpcTime:5193ms, electionTimeout:5193ms
2019-10-29 16:38:00,567 [Thread-444] INFO  impl.RoleInfo (RoleInfo.java:shutdownFollowerState(121)) - 35688c51-31e6-494a-bf84-40ad51252ac6: shutdown FollowerState
2019-10-29 16:38:00,567 [Thread-444] INFO  impl.RaftServerImpl (RaftServerImpl.java:setRole(173)) - 35688c51-31e6-494a-bf84-40ad51252ac6@group-8E83244F153F: changes role from  FOLLOWER to CANDIDATE at term 0 for changeToCandidate
2019-10-29 16:38:00,567 [Thread-444] INFO  impl.RoleInfo (RoleInfo.java:updateAndGet(143)) - 35688c51-31e6-494a-bf84-40ad51252ac6: start LeaderElection
2019-10-29 16:38:00,579 [Thread-448] INFO  impl.FollowerState (FollowerState.java:run(111)) - 7028d41f-b32c-4cbe-8813-363cc02bb03c@group-64CC800E6712-FollowerState: change to CANDIDATE, lastRpcTime:5159ms, electionTimeout:5159ms
2019-10-29 16:38:00,579 [Thread-448] INFO  impl.RoleInfo (RoleInfo.java:shutdownFollowerState(121)) - 7028d41f-b32c-4cbe-8813-363cc02bb03c: shutdown FollowerState
2019-10-29 16:38:00,579 [Thread-448] INFO  impl.RaftServerImpl (RaftServerImpl.java:setRole(173)) - 7028d41f-b32c-4cbe-8813-363cc02bb03c@group-64CC800E6712: changes role from  FOLLOWER to CANDIDATE at term 0 for changeToCandidate
2019-10-29 16:38:00,579 [Thread-448] INFO  impl.RoleInfo (RoleInfo.java:updateAndGet(143)) - 7028d41f-b32c-4cbe-8813-363cc02bb03c: start LeaderElection
2019-10-29 16:38:00,579 [7028d41f-b32c-4cbe-8813-363cc02bb03c@group-F91D8CF5B25C-SegmentedRaftLogWorker] INFO  segmented.SegmentedRaftLogWorker (SegmentedRaftLogWorker.java:execute(576)) - 7028d41f-b32c-4cbe-8813-363cc02bb03c@group-F91D8CF5B25C-SegmentedRaftLogWorker: created new log segment /workdir/hadoop-ozone/integration-test/target/test-dir/MiniOzoneClusterImpl-0c2cafbc-a1cb-44bb-893b-18fc22efbaa6/datanode-2/data/ratis/c89bf3f3-0aff-4544-ad7c-f91d8cf5b25c/current/log_inprogress_0
2019-10-29 16:38:00,579 [35688c51-31e6-494a-bf84-40ad51252ac6@group-F91D8CF5B25C-SegmentedRaftLogWorker] INFO  segmented.SegmentedRaftLogWorker (SegmentedRaftLogWorker.java:execute(576)) - 35688c51-31e6-494a-bf84-40ad51252ac6@group-F91D8CF5B25C-SegmentedRaftLogWorker: created new log segment /workdir/hadoop-ozone/integration-test/target/test-dir/MiniOzoneClusterImpl-0c2cafbc-a1cb-44bb-893b-18fc22efbaa6/datanode-1/data/ratis/c89bf3f3-0aff-4544-ad7c-f91d8cf5b25c/current/log_inprogress_0
2019-10-29 16:38:00,580 [35688c51-31e6-494a-bf84-40ad51252ac6@group-8E83244F153F-LeaderElection11] INFO  impl.LeaderElection (LeaderElection.java:askForVotes(178)) - 35688c51-31e6-494a-bf84-40ad51252ac6@group-8E83244F153F-LeaderElection11: begin an election at term 1 for -1: [35688c51-31e6-494a-bf84-40ad51252ac6:192.168.164.217:46836], old=null
2019-10-29 16:38:00,581 [35688c51-31e6-494a-bf84-40ad51252ac6@group-8E83244F153F-LeaderElection11] INFO  impl.RoleInfo (RoleInfo.java:shutdownLeaderElection(134)) - 35688c51-31e6-494a-bf84-40ad51252ac6: shutdown LeaderElection
2019-10-29 16:38:00,582 [35688c51-31e6-494a-bf84-40ad51252ac6@group-8E83244F153F-LeaderElection11] INFO  impl.RaftServerImpl (RaftServerImpl.java:setRole(173)) - 35688c51-31e6-494a-bf84-40ad51252ac6@group-8E83244F153F: changes role from CANDIDATE to LEADER at term 1 for changeToLeader
2019-10-29 16:38:00,582 [35688c51-31e6-494a-bf84-40ad51252ac6@group-8E83244F153F-LeaderElection11] INFO  impl.RaftServerImpl (ServerState.java:setLeader(255)) - 35688c51-31e6-494a-bf84-40ad51252ac6@group-8E83244F153F: change Leader from null to 35688c51-31e6-494a-bf84-40ad51252ac6 at term 1 for becomeLeader, leader elected after 5212ms
2019-10-29 16:38:00,582 [35688c51-31e6-494a-bf84-40ad51252ac6@group-8E83244F153F-LeaderElection11] INFO  server.RaftServerConfigKeys (ConfUtils.java:logGet(43)) - raft.server.staging.catchup.gap = 1000 (default)
2019-10-29 16:38:00,582 [35688c51-31e6-494a-bf84-40ad51252ac6@group-8E83244F153F-LeaderElection11] INFO  server.RaftServerConfigKeys (ConfUtils.java:logGet(43)) - raft.server.rpc.sleep.time = 25ms (default)
2019-10-29 16:38:00,582 [35688c51-31e6-494a-bf84-40ad51252ac6@group-8E83244F153F-LeaderElection11] INFO  server.RaftServerConfigKeys (ConfUtils.java:logGet(43)) - raft.server.write.element-limit = 4096 (default)
2019-10-29 16:38:00,582 [35688c51-31e6-494a-bf84-40ad51252ac6@group-8E83244F153F-LeaderElection11] INFO  server.RaftServerConfigKeys (ConfUtils.java:logGet(43)) - raft.server.watch.timeout = 10s (default)
2019-10-29 16:38:00,583 [35688c51-31e6-494a-bf84-40ad51252ac6@group-8E83244F153F-LeaderElection11] INFO  server.RaftServerConfigKeys (ConfUtils.java:logGet(43)) - raft.server.watch.timeout.denomination = 1s (default)
2019-10-29 16:38:00,583 [35688c51-31e6-494a-bf84-40ad51252ac6@group-8E83244F153F-LeaderElection11] INFO  server.RaftServerConfigKeys (ConfUtils.java:logGet(43)) - raft.server.watch.element-limit = 65536 (default)
2019-10-29 16:38:00,583 [35688c51-31e6-494a-bf84-40ad51252ac6@group-8E83244F153F-LeaderElection11] INFO  impl.RoleInfo (RoleInfo.java:updateAndGet(143)) - 35688c51-31e6-494a-bf84-40ad51252ac6: start LeaderState
2019-10-29 16:38:00,583 [35688c51-31e6-494a-bf84-40ad51252ac6@group-8E83244F153F-LeaderElection11] INFO  segmented.SegmentedRaftLogWorker (SegmentedRaftLogWorker.java:startLogSegment(385)) - 35688c51-31e6-494a-bf84-40ad51252ac6@group-8E83244F153F-SegmentedRaftLogWorker: Starting segment from index:0
2019-10-29 16:38:00,584 [35688c51-31e6-494a-bf84-40ad51252ac6@group-8E83244F153F-LeaderElection11] INFO  impl.RaftServerImpl (ServerState.java:setRaftConf(356)) - 35688c51-31e6-494a-bf84-40ad51252ac6@group-8E83244F153F: set configuration 0: [35688c51-31e6-494a-bf84-40ad51252ac6:192.168.164.217:46836], old=null at 0
2019-10-29 16:38:00,615 [7028d41f-b32c-4cbe-8813-363cc02bb03c@group-64CC800E6712-LeaderElection12] INFO  impl.LeaderElection (LeaderElection.java:askForVotes(178)) - 7028d41f-b32c-4cbe-8813-363cc02bb03c@group-64CC800E6712-LeaderElection12: begin an election at term 1 for -1: [7028d41f-b32c-4cbe-8813-363cc02bb03c:192.168.164.217:33903], old=null
2019-10-29 16:38:00,616 [7028d41f-b32c-4cbe-8813-363cc02bb03c@group-64CC800E6712-LeaderElection12] INFO  impl.RoleInfo (RoleInfo.java:shutdownLeaderElection(134)) - 7028d41f-b32c-4cbe-8813-363cc02bb03c: shutdown LeaderElection
2019-10-29 16:38:00,617 [7028d41f-b32c-4cbe-8813-363cc02bb03c@group-64CC800E6712-LeaderElection12] INFO  impl.RaftServerImpl (RaftServerImpl.java:setRole(173)) - 7028d41f-b32c-4cbe-8813-363cc02bb03c@group-64CC800E6712: changes role from CANDIDATE to LEADER at term 1 for changeToLeader
2019-10-29 16:38:00,617 [7028d41f-b32c-4cbe-8813-363cc02bb03c@group-64CC800E6712-LeaderElection12] INFO  impl.RaftServerImpl (ServerState.java:setLeader(255)) - 7028d41f-b32c-4cbe-8813-363cc02bb03c@group-64CC800E6712: change Leader from null to 7028d41f-b32c-4cbe-8813-363cc02bb03c at term 1 for becomeLeader, leader elected after 5200ms
2019-10-29 16:38:00,617 [7028d41f-b32c-4cbe-8813-363cc02bb03c@group-64CC800E6712-LeaderElection12] INFO  server.RaftServerConfigKeys (ConfUtils.java:logGet(43)) - raft.server.staging.catchup.gap = 1000 (default)
2019-10-29 16:38:00,618 [7028d41f-b32c-4cbe-8813-363cc02bb03c@group-64CC800E6712-LeaderElection12] INFO  server.RaftServerConfigKeys (ConfUtils.java:logGet(43)) - raft.server.rpc.sleep.time = 25ms (default)
2019-10-29 16:38:00,618 [7028d41f-b32c-4cbe-8813-363cc02bb03c@group-64CC800E6712-LeaderElection12] INFO  server.RaftServerConfigKeys (ConfUtils.java:logGet(43)) - raft.server.write.element-limit = 4096 (default)
2019-10-29 16:38:00,619 [7028d41f-b32c-4cbe-8813-363cc02bb03c@group-64CC800E6712-LeaderElection12] INFO  server.RaftServerConfigKeys (ConfUtils.java:logGet(43)) - raft.server.watch.timeout = 10s (default)
2019-10-29 16:38:00,619 [7028d41f-b32c-4cbe-8813-363cc02bb03c@group-64CC800E6712-LeaderElection12] INFO  server.RaftServerConfigKeys (ConfUtils.java:logGet(43)) - raft.server.watch.timeout.denomination = 1s (default)
2019-10-29 16:38:00,620 [7028d41f-b32c-4cbe-8813-363cc02bb03c@group-64CC800E6712-LeaderElection12] INFO  server.RaftServerConfigKeys (ConfUtils.java:logGet(43)) - raft.server.watch.element-limit = 65536 (default)
2019-10-29 16:38:00,620 [7028d41f-b32c-4cbe-8813-363cc02bb03c@group-64CC800E6712-LeaderElection12] INFO  impl.RoleInfo (RoleInfo.java:updateAndGet(143)) - 7028d41f-b32c-4cbe-8813-363cc02bb03c: start LeaderState
2019-10-29 16:38:00,620 [7028d41f-b32c-4cbe-8813-363cc02bb03c@group-64CC800E6712-LeaderElection12] INFO  segmented.SegmentedRaftLogWorker (SegmentedRaftLogWorker.java:startLogSegment(385)) - 7028d41f-b32c-4cbe-8813-363cc02bb03c@group-64CC800E6712-SegmentedRaftLogWorker: Starting segment from index:0
2019-10-29 16:38:00,622 [7028d41f-b32c-4cbe-8813-363cc02bb03c@group-64CC800E6712-LeaderElection12] INFO  impl.RaftServerImpl (ServerState.java:setRaftConf(356)) - 7028d41f-b32c-4cbe-8813-363cc02bb03c@group-64CC800E6712: set configuration 0: [7028d41f-b32c-4cbe-8813-363cc02bb03c:192.168.164.217:33903], old=null at 0
2019-10-29 16:38:00,650 [35688c51-31e6-494a-bf84-40ad51252ac6@group-8E83244F153F-SegmentedRaftLogWorker] INFO  segmented.SegmentedRaftLogWorker (SegmentedRaftLogWorker.java:execute(576)) - 35688c51-31e6-494a-bf84-40ad51252ac6@group-8E83244F153F-SegmentedRaftLogWorker: created new log segment /workdir/hadoop-ozone/integration-test/target/test-dir/MiniOzoneClusterImpl-0c2cafbc-a1cb-44bb-893b-18fc22efbaa6/datanode-1/data/ratis/357a1622-b2cc-4775-977b-8e83244f153f/current/log_inprogress_0
2019-10-29 16:38:00,657 [7028d41f-b32c-4cbe-8813-363cc02bb03c@group-64CC800E6712-SegmentedRaftLogWorker] INFO  segmented.SegmentedRaftLogWorker (SegmentedRaftLogWorker.java:execute(576)) - 7028d41f-b32c-4cbe-8813-363cc02bb03c@group-64CC800E6712-SegmentedRaftLogWorker: created new log segment /workdir/hadoop-ozone/integration-test/target/test-dir/MiniOzoneClusterImpl-0c2cafbc-a1cb-44bb-893b-18fc22efbaa6/datanode-2/data/ratis/04b62dd6-9643-4d7a-9bab-64cc800e6712/current/log_inprogress_0
2019-10-29 16:38:02,834 [7028d41f-b32c-4cbe-8813-363cc02bb03c@group-64CC800E6712-StateMachineUpdater] INFO  ratis.ContainerStateMachine (ContainerStateMachine.java:takeSnapshot(294)) - group-64CC800E6712: Taking a snapshot at:(t:1, i:2) file /workdir/hadoop-ozone/integration-test/target/test-dir/MiniOzoneClusterImpl-0c2cafbc-a1cb-44bb-893b-18fc22efbaa6/datanode-2/data/ratis/04b62dd6-9643-4d7a-9bab-64cc800e6712/sm/snapshot.1_2
2019-10-29 16:38:02,836 [main] INFO  ozone.MiniOzoneClusterImpl (MiniOzoneClusterImpl.java:shutdown(338)) - Shutting down the Mini Ozone Cluster
2019-10-29 16:38:02,836 [main] INFO  ozone.MiniOzoneClusterImpl (MiniOzoneClusterImpl.java:stop(354)) - Stopping the Mini Ozone Cluster
2019-10-29 16:38:02,836 [main] INFO  ozone.MiniOzoneClusterImpl (MiniOzoneClusterImpl.java:stopOM(424)) - Stopping the OzoneManager
2019-10-29 16:38:02,837 [main] INFO  ipc.Server (Server.java:stop(3082)) - Stopping server on 34143
2019-10-29 16:38:02,837 [7028d41f-b32c-4cbe-8813-363cc02bb03c@group-64CC800E6712-StateMachineUpdater] INFO  ratis.ContainerStateMachine (ContainerStateMachine.java:takeSnapshot(305)) - group-64CC800E6712: Finished taking a snapshot at:(t:1, i:2) file:/workdir/hadoop-ozone/integration-test/target/test-dir/MiniOzoneClusterImpl-0c2cafbc-a1cb-44bb-893b-18fc22efbaa6/datanode-2/data/ratis/04b62dd6-9643-4d7a-9bab-64cc800e6712/sm/snapshot.1_2 time:3
2019-10-29 16:38:02,842 [7028d41f-b32c-4cbe-8813-363cc02bb03c@group-64CC800E6712-StateMachineUpdater] INFO  impl.StateMachineUpdater (StateMachineUpdater.java:takeSnapshot(269)) - 7028d41f-b32c-4cbe-8813-363cc02bb03c@group-64CC800E6712-StateMachineUpdater: Took a snapshot at index 2
2019-10-29 16:38:02,843 [IPC Server listener on 34143] INFO  ipc.Server (Server.java:run(1185)) - Stopping IPC Server listener on 34143
2019-10-29 16:38:02,845 [7028d41f-b32c-4cbe-8813-363cc02bb03c@group-64CC800E6712-StateMachineUpdater] INFO  impl.StateMachineUpdater (StateMachineUpdater.java:lambda$new$0(84)) - 7028d41f-b32c-4cbe-8813-363cc02bb03c@group-64CC800E6712-StateMachineUpdater: snapshotIndex: updateIncreasingly -1 -> 2
2019-10-29 16:38:02,845 [IPC Server Responder] INFO  ipc.Server (Server.java:run(1319)) - Stopping IPC Server Responder
2019-10-29 16:38:02,843 [main] INFO  ratis.OzoneManagerDoubleBuffer (OzoneManagerDoubleBuffer.java:stop(255)) - Stopping OMDoubleBuffer flush thread
2019-10-29 16:38:02,849 [7028d41f-b32c-4cbe-8813-363cc02bb03c@group-64CC800E6712-StateMachineUpdater] INFO  ratis.ContainerStateMachine (ContainerStateMachine.java:takeSnapshot(294)) - group-64CC800E6712: Taking a snapshot at:(t:1, i:2) file /workdir/hadoop-ozone/integration-test/target/test-dir/MiniOzoneClusterImpl-0c2cafbc-a1cb-44bb-893b-18fc22efbaa6/datanode-2/data/ratis/04b62dd6-9643-4d7a-9bab-64cc800e6712/sm/snapshot.1_2
2019-10-29 16:38:02,851 [OMDoubleBufferFlushThread] INFO  ratis.OzoneManagerDoubleBuffer (OzoneManagerDoubleBuffer.java:flushTransactions(198)) - OMDoubleBuffer flush thread OMDoubleBufferFlushThread is interrupted and will exit. OMDoubleBufferFlushThread
2019-10-29 16:38:02,855 [7028d41f-b32c-4cbe-8813-363cc02bb03c@group-64CC800E6712-StateMachineUpdater] INFO  ratis.ContainerStateMachine (ContainerStateMachine.java:takeSnapshot(305)) - group-64CC800E6712: Finished taking a snapshot at:(t:1, i:2) file:/workdir/hadoop-ozone/integration-test/target/test-dir/MiniOzoneClusterImpl-0c2cafbc-a1cb-44bb-893b-18fc22efbaa6/datanode-2/data/ratis/04b62dd6-9643-4d7a-9bab-64cc800e6712/sm/snapshot.1_2 time:7
2019-10-29 16:38:02,861 [main] INFO  utils.BackgroundService (BackgroundService.java:shutdown(151)) - Shutting down service KeyDeletingService
2019-10-29 16:38:02,862 [7028d41f-b32c-4cbe-8813-363cc02bb03c@group-64CC800E6712-StateMachineUpdater] INFO  impl.StateMachineUpdater (StateMachineUpdater.java:takeSnapshot(269)) - 7028d41f-b32c-4cbe-8813-363cc02bb03c@group-64CC800E6712-StateMachineUpdater: Took a snapshot at index 2
2019-10-29 16:38:02,862 [7028d41f-b32c-4cbe-8813-363cc02bb03c@group-64CC800E6712-StateMachineUpdater] INFO  impl.StateMachineUpdater (StateMachineUpdater.java:lambda$new$0(84)) - 7028d41f-b32c-4cbe-8813-363cc02bb03c@group-64CC800E6712-StateMachineUpdater: snapshotIndex: updateIncreasingly 2 -> 2
2019-10-29 16:38:02,862 [main] INFO  om.OzoneManager (OzoneManager.java:stopSecretManager(654)) - Stopping OM block token manager.
2019-10-29 16:38:02,863 [main] INFO  handler.ContextHandler (ContextHandler.java:doStop(910)) - Stopped o.e.j.w.WebAppContext@7efa3f63{/,null,UNAVAILABLE}{/ozoneManager}
2019-10-29 16:38:02,864 [main] INFO  server.AbstractConnector (AbstractConnector.java:doStop(318)) - Stopped ServerConnector@7134b8a7{HTTP/1.1,[http/1.1]}{0.0.0.0:0}
2019-10-29 16:38:02,865 [main] INFO  handler.ContextHandler (ContextHandler.java:doStop(910)) - Stopped o.e.j.s.ServletContextHandler@1bf14704{/static,file:///workdir/hadoop-ozone/integration-test/target/test-classes/webapps/static,UNAVAILABLE}
2019-10-29 16:38:02,865 [main] INFO  handler.ContextHandler (ContextHandler.java:doStop(910)) - Stopped o.e.j.s.ServletContextHandler@58253c57{/logs,file:///workdir/hadoop-ozone/integration-test/target/log,UNAVAILABLE}
2019-10-29 16:38:02,867 [main] INFO  ozone.MiniOzoneClusterImpl (MiniOzoneClusterImpl.java:stopDatanodes(401)) - Stopping the HddsDatanodes
2019-10-29 16:38:02,959 [Datanode State Machine Thread - 0] INFO  statemachine.DatanodeStateMachine (DatanodeStateMachine.java:lambda$startDaemon$0(356)) - Ozone container server started.
2019-10-29 16:38:03,017 [Datanode State Machine Thread - 0] INFO  statemachine.DatanodeStateMachine (DatanodeStateMachine.java:lambda$startDaemon$0(356)) - Ozone container server started.
2019-10-29 16:38:05,858 [EventQueue-StaleNodeForStaleNodeHandler] INFO  node.StaleNodeHandler (StaleNodeHandler.java:onMessage(58)) - Datanode ca4d1033-c905-4eeb-87b4-1601b3c50e71{ip: 192.168.164.217, host: pr-hdds-2034-76npd-2451761435, networkLocation: /default-rack, certSerialId: null} moved to stale state. Finalizing its pipelines [PipelineID=368ff0ec-4d0b-4fcc-b157-92a6021c3f22, PipelineID=c89bf3f3-0aff-4544-ad7c-f91d8cf5b25c]
2019-10-29 16:38:05,859 [EventQueue-StaleNodeForStaleNodeHandler] INFO  pipeline.SCMPipelineManager (SCMPipelineManager.java:finalizeAndDestroyPipeline(333)) - destroying pipeline:Pipeline[ Id: 368ff0ec-4d0b-4fcc-b157-92a6021c3f22, Nodes: ca4d1033-c905-4eeb-87b4-1601b3c50e71{ip: 192.168.164.217, host: pr-hdds-2034-76npd-2451761435, networkLocation: /default-rack, certSerialId: null}, Type:RATIS, Factor:ONE, State:OPEN]
2019-10-29 16:38:05,859 [EventQueue-StaleNodeForStaleNodeHandler] INFO  pipeline.PipelineStateManager (PipelineStateManager.java:finalizePipeline(123)) - Pipeline Pipeline[ Id: 368ff0ec-4d0b-4fcc-b157-92a6021c3f22, Nodes: ca4d1033-c905-4eeb-87b4-1601b3c50e71{ip: 192.168.164.217, host: pr-hdds-2034-76npd-2451761435, networkLocation: /default-rack, certSerialId: null}, Type:RATIS, Factor:ONE, State:CLOSED] moved to CLOSED state
2019-10-29 16:38:05,859 [EventQueue-StaleNodeForStaleNodeHandler] INFO  pipeline.SCMPipelineManager (SCMPipelineManager.java:finalizeAndDestroyPipeline(333)) - destroying pipeline:Pipeline[ Id: c89bf3f3-0aff-4544-ad7c-f91d8cf5b25c, Nodes: ca4d1033-c905-4eeb-87b4-1601b3c50e71{ip: 192.168.164.217, host: pr-hdds-2034-76npd-2451761435, networkLocation: /default-rack, certSerialId: null}7028d41f-b32c-4cbe-8813-363cc02bb03c{ip: 192.168.164.217, host: pr-hdds-2034-76npd-2451761435, networkLocation: /default-rack, certSerialId: null}35688c51-31e6-494a-bf84-40ad51252ac6{ip: 192.168.164.217, host: pr-hdds-2034-76npd-2451761435, networkLocation: /default-rack, certSerialId: null}, Type:RATIS, Factor:THREE, State:OPEN]
2019-10-29 16:38:05,860 [EventQueue-StaleNodeForStaleNodeHandler] INFO  pipeline.PipelineStateManager (PipelineStateManager.java:finalizePipeline(123)) - Pipeline Pipeline[ Id: c89bf3f3-0aff-4544-ad7c-f91d8cf5b25c, Nodes: ca4d1033-c905-4eeb-87b4-1601b3c50e71{ip: 192.168.164.217, host: pr-hdds-2034-76npd-2451761435, networkLocation: /default-rack, certSerialId: null}7028d41f-b32c-4cbe-8813-363cc02bb03c{ip: 192.168.164.217, host: pr-hdds-2034-76npd-2451761435, networkLocation: /default-rack, certSerialId: null}35688c51-31e6-494a-bf84-40ad51252ac6{ip: 192.168.164.217, host: pr-hdds-2034-76npd-2451761435, networkLocation: /default-rack, certSerialId: null}, Type:RATIS, Factor:THREE, State:CLOSED] moved to CLOSED state
2019-10-29 16:38:05,860 [EventQueue-StaleNodeForStaleNodeHandler] INFO  node.StaleNodeHandler (StaleNodeHandler.java:onMessage(58)) - Datanode 35688c51-31e6-494a-bf84-40ad51252ac6{ip: 192.168.164.217, host: pr-hdds-2034-76npd-2451761435, networkLocation: /default-rack, certSerialId: null} moved to stale state. Finalizing its pipelines [PipelineID=357a1622-b2cc-4775-977b-8e83244f153f, PipelineID=c89bf3f3-0aff-4544-ad7c-f91d8cf5b25c]
2019-10-29 16:38:05,860 [EventQueue-StaleNodeForStaleNodeHandler] INFO  pipeline.SCMPipelineManager (SCMPipelineManager.java:finalizeAndDestroyPipeline(333)) - destroying pipeline:Pipeline[ Id: 357a1622-b2cc-4775-977b-8e83244f153f, Nodes: 35688c51-31e6-494a-bf84-40ad51252ac6{ip: 192.168.164.217, host: pr-hdds-2034-76npd-2451761435, networkLocation: /default-rack, certSerialId: null}, Type:RATIS, Factor:ONE, State:OPEN]
2019-10-29 16:38:05,860 [EventQueue-StaleNodeForStaleNodeHandler] INFO  pipeline.PipelineStateManager (PipelineStateManager.java:finalizePipeline(123)) - Pipeline Pipeline[ Id: 357a1622-b2cc-4775-977b-8e83244f153f, Nodes: 35688c51-31e6-494a-bf84-40ad51252ac6{ip: 192.168.164.217, host: pr-hdds-2034-76npd-2451761435, networkLocation: /default-rack, certSerialId: null}, Type:RATIS, Factor:ONE, State:CLOSED] moved to CLOSED state
2019-10-29 16:38:05,860 [EventQueue-StaleNodeForStaleNodeHandler] INFO  pipeline.SCMPipelineManager (SCMPipelineManager.java:finalizeAndDestroyPipeline(333)) - destroying pipeline:Pipeline[ Id: c89bf3f3-0aff-4544-ad7c-f91d8cf5b25c, Nodes: ca4d1033-c905-4eeb-87b4-1601b3c50e71{ip: 192.168.164.217, host: pr-hdds-2034-76npd-2451761435, networkLocation: /default-rack, certSerialId: null}7028d41f-b32c-4cbe-8813-363cc02bb03c{ip: 192.168.164.217, host: pr-hdds-2034-76npd-2451761435, networkLocation: /default-rack, certSerialId: null}35688c51-31e6-494a-bf84-40ad51252ac6{ip: 192.168.164.217, host: pr-hdds-2034-76npd-2451761435, networkLocation: /default-rack, certSerialId: null}, Type:RATIS, Factor:THREE, State:CLOSED]
2019-10-29 16:38:07,869 [main] INFO  ozoneimpl.OzoneContainer (OzoneContainer.java:stop(227)) - Attempting to stop container services.
2019-10-29 16:38:07,869 [ForkJoinPool.commonPool-worker-1] INFO  ozoneimpl.OzoneContainer (OzoneContainer.java:stop(227)) - Attempting to stop container services.
2019-10-29 16:38:07,875 [main] INFO  impl.RaftServerProxy (RaftServerProxy.java:lambda$close$4(314)) - 35688c51-31e6-494a-bf84-40ad51252ac6: close
2019-10-29 16:38:07,875 [ForkJoinPool.commonPool-worker-1] INFO  impl.RaftServerProxy (RaftServerProxy.java:lambda$close$4(314)) - ca4d1033-c905-4eeb-87b4-1601b3c50e71: close
2019-10-29 16:38:07,875 [ForkJoinPool.commonPool-worker-1] INFO  impl.RaftServerImpl (RaftServerImpl.java:lambda$shutdown$3(250)) - ca4d1033-c905-4eeb-87b4-1601b3c50e71@group-92A6021C3F22: shutdown
2019-10-29 16:38:07,875 [main] INFO  impl.RaftServerImpl (RaftServerImpl.java:lambda$shutdown$3(250)) - 35688c51-31e6-494a-bf84-40ad51252ac6@group-8E83244F153F: shutdown
2019-10-29 16:38:07,876 [ForkJoinPool.commonPool-worker-1] INFO  util.JmxRegister (JmxRegister.java:unregister(73)) - Successfully un-registered JMX Bean with object name Ratis:service=RaftServer,group=group-92A6021C3F22,id=ca4d1033-c905-4eeb-87b4-1601b3c50e71
2019-10-29 16:38:07,876 [main] INFO  util.JmxRegister (JmxRegister.java:unregister(73)) - Successfully un-registered JMX Bean with object name Ratis:service=RaftServer,group=group-8E83244F153F,id=35688c51-31e6-494a-bf84-40ad51252ac6
2019-10-29 16:38:07,876 [ForkJoinPool.commonPool-worker-1] INFO  impl.RoleInfo (RoleInfo.java:shutdownLeaderState(104)) - ca4d1033-c905-4eeb-87b4-1601b3c50e71: shutdown LeaderState
2019-10-29 16:38:07,877 [main] INFO  impl.RoleInfo (RoleInfo.java:shutdownLeaderState(104)) - 35688c51-31e6-494a-bf84-40ad51252ac6: shutdown LeaderState
2019-10-29 16:38:07,877 [ForkJoinPool.commonPool-worker-1] INFO  impl.PendingRequests (PendingRequests.java:sendNotLeaderResponses(206)) - ca4d1033-c905-4eeb-87b4-1601b3c50e71@group-92A6021C3F22-PendingRequests: sendNotLeaderResponses
2019-10-29 16:38:07,877 [main] INFO  impl.PendingRequests (PendingRequests.java:sendNotLeaderResponses(206)) - 35688c51-31e6-494a-bf84-40ad51252ac6@group-8E83244F153F-PendingRequests: sendNotLeaderResponses
2019-10-29 16:38:07,878 [ForkJoinPool.commonPool-worker-1] INFO  impl.StateMachineUpdater (StateMachineUpdater.java:stopAndJoin(136)) - ca4d1033-c905-4eeb-87b4-1601b3c50e71@group-92A6021C3F22-StateMachineUpdater: set stopIndex = 0
2019-10-29 16:38:07,878 [main] INFO  impl.StateMachineUpdater (StateMachineUpdater.java:stopAndJoin(136)) - 35688c51-31e6-494a-bf84-40ad51252ac6@group-8E83244F153F-StateMachineUpdater: set stopIndex = 0
2019-10-29 16:38:07,881 [main] INFO  impl.RaftServerImpl (ServerState.java:close(387)) - 35688c51-31e6-494a-bf84-40ad51252ac6@group-8E83244F153F: closes. applyIndex: 0
2019-10-29 16:38:07,881 [ForkJoinPool.commonPool-worker-1] INFO  impl.RaftServerImpl (ServerState.java:close(387)) - ca4d1033-c905-4eeb-87b4-1601b3c50e71@group-92A6021C3F22: closes. applyIndex: 0
2019-10-29 16:38:07,881 [35688c51-31e6-494a-bf84-40ad51252ac6@group-8E83244F153F-SegmentedRaftLogWorker] INFO  segmented.SegmentedRaftLogWorker (SegmentedRaftLogWorker.java:run(316)) - 35688c51-31e6-494a-bf84-40ad51252ac6@group-8E83244F153F-SegmentedRaftLogWorker was interrupted, exiting. There are 0 tasks remaining in the queue.
2019-10-29 16:38:07,881 [ca4d1033-c905-4eeb-87b4-1601b3c50e71@group-92A6021C3F22-SegmentedRaftLogWorker] INFO  segmented.SegmentedRaftLogWorker (SegmentedRaftLogWorker.java:run(316)) - ca4d1033-c905-4eeb-87b4-1601b3c50e71@group-92A6021C3F22-SegmentedRaftLogWorker was interrupted, exiting. There are 0 tasks remaining in the queue.
2019-10-29 16:38:07,884 [main] INFO  segmented.SegmentedRaftLogWorker (SegmentedRaftLogWorker.java:close(224)) - 35688c51-31e6-494a-bf84-40ad51252ac6@group-8E83244F153F-SegmentedRaftLogWorker close()
2019-10-29 16:38:07,884 [ForkJoinPool.commonPool-worker-1] INFO  segmented.SegmentedRaftLogWorker (SegmentedRaftLogWorker.java:close(224)) - ca4d1033-c905-4eeb-87b4-1601b3c50e71@group-92A6021C3F22-SegmentedRaftLogWorker close()
2019-10-29 16:38:07,886 [main] INFO  impl.RaftServerImpl (RaftServerImpl.java:lambda$shutdown$3(250)) - 35688c51-31e6-494a-bf84-40ad51252ac6@group-F91D8CF5B25C: shutdown
2019-10-29 16:38:07,887 [ForkJoinPool.commonPool-worker-1] INFO  impl.RaftServerImpl (RaftServerImpl.java:lambda$shutdown$3(250)) - ca4d1033-c905-4eeb-87b4-1601b3c50e71@group-F91D8CF5B25C: shutdown
2019-10-29 16:38:07,888 [main] INFO  util.JmxRegister (JmxRegister.java:unregister(73)) - Successfully un-registered JMX Bean with object name Ratis:service=RaftServer,group=group-F91D8CF5B25C,id=35688c51-31e6-494a-bf84-40ad51252ac6
2019-10-29 16:38:07,888 [ForkJoinPool.commonPool-worker-1] INFO  util.JmxRegister (JmxRegister.java:unregister(73)) - Successfully un-registered JMX Bean with object name Ratis:service=RaftServer,group=group-F91D8CF5B25C,id=ca4d1033-c905-4eeb-87b4-1601b3c50e71
2019-10-29 16:38:07,888 [main] INFO  impl.RoleInfo (RoleInfo.java:shutdownFollowerState(121)) - 35688c51-31e6-494a-bf84-40ad51252ac6: shutdown FollowerState
2019-10-29 16:38:07,888 [ForkJoinPool.commonPool-worker-1] INFO  impl.RoleInfo (RoleInfo.java:shutdownLeaderState(104)) - ca4d1033-c905-4eeb-87b4-1601b3c50e71: shutdown LeaderState
2019-10-29 16:38:07,889 [Thread-463] INFO  impl.FollowerState (FollowerState.java:run(120)) - 35688c51-31e6-494a-bf84-40ad51252ac6@group-F91D8CF5B25C-FollowerState was interrupted: java.lang.InterruptedException: sleep interrupted
2019-10-29 16:38:07,889 [main] INFO  impl.StateMachineUpdater (StateMachineUpdater.java:stopAndJoin(136)) - 35688c51-31e6-494a-bf84-40ad51252ac6@group-F91D8CF5B25C-StateMachineUpdater: set stopIndex = 0
2019-10-29 16:38:07,892 [org.apache.ratis.server.impl.LogAppender$AppenderDaemon$$Lambda$716/86446629@2a6cb518] WARN  server.GrpcLogAppender (GrpcLogAppender.java:mayWait(151)) - ca4d1033-c905-4eeb-87b4-1601b3c50e71@group-F91D8CF5B25C->35688c51-31e6-494a-bf84-40ad51252ac6-GrpcLogAppender: Wait interrupted by java.lang.InterruptedException
2019-10-29 16:38:07,892 [org.apache.ratis.server.impl.LogAppender$AppenderDaemon$$Lambda$716/86446629@6f6e3691] WARN  server.GrpcLogAppender (GrpcLogAppender.java:mayWait(151)) - ca4d1033-c905-4eeb-87b4-1601b3c50e71@group-F91D8CF5B25C->7028d41f-b32c-4cbe-8813-363cc02bb03c-GrpcLogAppender: Wait interrupted by java.lang.InterruptedException
2019-10-29 16:38:07,891 [ForkJoinPool.commonPool-worker-1] INFO  impl.PendingRequests (PendingRequests.java:sendNotLeaderResponses(206)) - ca4d1033-c905-4eeb-87b4-1601b3c50e71@group-F91D8CF5B25C-PendingRequests: sendNotLeaderResponses
2019-10-29 16:38:07,892 [main] INFO  impl.RaftServerImpl (ServerState.java:close(387)) - 35688c51-31e6-494a-bf84-40ad51252ac6@group-F91D8CF5B25C: closes. applyIndex: 0
2019-10-29 16:38:07,894 [ForkJoinPool.commonPool-worker-1] INFO  impl.StateMachineUpdater (StateMachineUpdater.java:stopAndJoin(136)) - ca4d1033-c905-4eeb-87b4-1601b3c50e71@group-F91D8CF5B25C-StateMachineUpdater: set stopIndex = 0
2019-10-29 16:38:07,894 [35688c51-31e6-494a-bf84-40ad51252ac6@group-F91D8CF5B25C-SegmentedRaftLogWorker] INFO  segmented.SegmentedRaftLogWorker (SegmentedRaftLogWorker.java:run(316)) - 35688c51-31e6-494a-bf84-40ad51252ac6@group-F91D8CF5B25C-SegmentedRaftLogWorker was interrupted, exiting. There are 0 tasks remaining in the queue.
2019-10-29 16:38:07,897 [ForkJoinPool.commonPool-worker-1] INFO  impl.RaftServerImpl (ServerState.java:close(387)) - ca4d1033-c905-4eeb-87b4-1601b3c50e71@group-F91D8CF5B25C: closes. applyIndex: 0
2019-10-29 16:38:07,898 [ca4d1033-c905-4eeb-87b4-1601b3c50e71@group-F91D8CF5B25C-SegmentedRaftLogWorker] INFO  segmented.SegmentedRaftLogWorker (SegmentedRaftLogWorker.java:run(316)) - ca4d1033-c905-4eeb-87b4-1601b3c50e71@group-F91D8CF5B25C-SegmentedRaftLogWorker was interrupted, exiting. There are 0 tasks remaining in the queue.
2019-10-29 16:38:07,901 [grpc-default-executor-1] INFO  server.GrpcServerProtocolService (GrpcServerProtocolService.java:onCompleted(113)) - 7028d41f-b32c-4cbe-8813-363cc02bb03c: Completed APPEND_ENTRIES, lastRequest: ca4d1033-c905-4eeb-87b4-1601b3c50e71->7028d41f-b32c-4cbe-8813-363cc02bb03c#3-t1, previous=(t:1, i:0), leaderCommit=0, initializing? false, entries: <empty>
2019-10-29 16:38:07,901 [grpc-default-executor-6] INFO  server.GrpcServerProtocolService (GrpcServerProtocolService.java:onCompleted(113)) - 35688c51-31e6-494a-bf84-40ad51252ac6: Completed APPEND_ENTRIES, lastRequest: ca4d1033-c905-4eeb-87b4-1601b3c50e71->35688c51-31e6-494a-bf84-40ad51252ac6#3-t1, previous=(t:1, i:0), leaderCommit=0, initializing? false, entries: <empty>
2019-10-29 16:38:07,902 [ForkJoinPool.commonPool-worker-1] INFO  segmented.SegmentedRaftLogWorker (SegmentedRaftLogWorker.java:close(224)) - ca4d1033-c905-4eeb-87b4-1601b3c50e71@group-F91D8CF5B25C-SegmentedRaftLogWorker close()
2019-10-29 16:38:07,902 [main] INFO  segmented.SegmentedRaftLogWorker (SegmentedRaftLogWorker.java:close(224)) - 35688c51-31e6-494a-bf84-40ad51252ac6@group-F91D8CF5B25C-SegmentedRaftLogWorker close()
2019-10-29 16:38:07,905 [ForkJoinPool.commonPool-worker-1] INFO  server.GrpcService (GrpcService.java:closeImpl(164)) - ca4d1033-c905-4eeb-87b4-1601b3c50e71: shutdown server with port 43765 now
2019-10-29 16:38:07,914 [main] INFO  server.GrpcService (GrpcService.java:closeImpl(164)) - 35688c51-31e6-494a-bf84-40ad51252ac6: shutdown server with port 46836 now
2019-10-29 16:38:07,915 [grpc-default-executor-1] INFO  server.GrpcLogAppender (GrpcLogAppender.java:onCompleted(308)) - ca4d1033-c905-4eeb-87b4-1601b3c50e71@group-F91D8CF5B25C->7028d41f-b32c-4cbe-8813-363cc02bb03c-AppendLogResponseHandler: follower responses appendEntries COMPLETED
2019-10-29 16:38:07,915 [grpc-default-executor-6] INFO  server.GrpcLogAppender (GrpcLogAppender.java:onCompleted(308)) - ca4d1033-c905-4eeb-87b4-1601b3c50e71@group-F91D8CF5B25C->35688c51-31e6-494a-bf84-40ad51252ac6-AppendLogResponseHandler: follower responses appendEntries COMPLETED
2019-10-29 16:38:07,918 [main] INFO  server.GrpcService (GrpcService.java:closeImpl(172)) - 35688c51-31e6-494a-bf84-40ad51252ac6: shutdown server with port 46836 successfully
2019-10-29 16:38:07,918 [grpc-default-executor-1] INFO  impl.FollowerInfo (FollowerInfo.java:lambda$new$0(51)) - ca4d1033-c905-4eeb-87b4-1601b3c50e71@group-F91D8CF5B25C->7028d41f-b32c-4cbe-8813-363cc02bb03c: nextIndex: updateUnconditionally 1 -> 0
2019-10-29 16:38:07,920 [ForkJoinPool.commonPool-worker-1] INFO  server.GrpcService (GrpcService.java:closeImpl(172)) - ca4d1033-c905-4eeb-87b4-1601b3c50e71: shutdown server with port 43765 successfully
2019-10-29 16:38:07,921 [grpc-default-executor-6] INFO  impl.FollowerInfo (FollowerInfo.java:lambda$new$0(51)) - ca4d1033-c905-4eeb-87b4-1601b3c50e71@group-F91D8CF5B25C->35688c51-31e6-494a-bf84-40ad51252ac6: nextIndex: updateUnconditionally 1 -> 0
2019-10-29 16:38:07,924 [refreshUsed-/workdir/hadoop-ozone/integration-test/target/test-dir/MiniOzoneClusterImpl-0c2cafbc-a1cb-44bb-893b-18fc22efbaa6/datanode-1/data/containers] WARN  fs.CachingGetSpaceUsed (CachingGetSpaceUsed.java:run(183)) - Thread Interrupted waiting to refresh disk information: sleep interrupted
2019-10-29 16:38:07,925 [refreshUsed-/workdir/hadoop-ozone/integration-test/target/test-dir/MiniOzoneClusterImpl-0c2cafbc-a1cb-44bb-893b-18fc22efbaa6/datanode-0/data/containers] WARN  fs.CachingGetSpaceUsed (CachingGetSpaceUsed.java:run(183)) - Thread Interrupted waiting to refresh disk information: sleep interrupted
2019-10-29 16:38:07,949 [ForkJoinPool.commonPool-worker-1] INFO  utils.BackgroundService (BackgroundService.java:shutdown(151)) - Shutting down service BlockDeletingService
2019-10-29 16:38:07,953 [ForkJoinPool.commonPool-worker-1] INFO  statemachine.DatanodeStateMachine (DatanodeStateMachine.java:stopDaemon(401)) - Ozone container server stopped.
2019-10-29 16:38:07,956 [main] INFO  utils.BackgroundService (BackgroundService.java:shutdown(151)) - Shutting down service BlockDeletingService
2019-10-29 16:38:07,958 [main] INFO  statemachine.DatanodeStateMachine (DatanodeStateMachine.java:stopDaemon(401)) - Ozone container server stopped.
2019-10-29 16:38:07,960 [ForkJoinPool.commonPool-worker-1] INFO  handler.ContextHandler (ContextHandler.java:doStop(910)) - Stopped o.e.j.w.WebAppContext@68dd39d2{/,null,UNAVAILABLE}{/hddsDatanode}
2019-10-29 16:38:07,960 [main] INFO  handler.ContextHandler (ContextHandler.java:doStop(910)) - Stopped o.e.j.w.WebAppContext@759de304{/,null,UNAVAILABLE}{/hddsDatanode}
2019-10-29 16:38:07,961 [ForkJoinPool.commonPool-worker-1] INFO  server.AbstractConnector (AbstractConnector.java:doStop(318)) - Stopped ServerConnector@4a44cfc0{HTTP/1.1,[http/1.1]}{0.0.0.0:0}
2019-10-29 16:38:07,962 [ForkJoinPool.commonPool-worker-1] INFO  handler.ContextHandler (ContextHandler.java:doStop(910)) - Stopped o.e.j.s.ServletContextHandler@64942607{/static,jar:file:/home/user/.m2/repository/org/apache/hadoop/hadoop-hdds-container-service/0.5.0-SNAPSHOT/hadoop-hdds-container-service-0.5.0-SNAPSHOT.jar!/webapps/static,UNAVAILABLE}
2019-10-29 16:38:07,962 [main] INFO  server.AbstractConnector (AbstractConnector.java:doStop(318)) - Stopped ServerConnector@5649d11a{HTTP/1.1,[http/1.1]}{0.0.0.0:0}
2019-10-29 16:38:07,963 [ForkJoinPool.commonPool-worker-1] INFO  handler.ContextHandler (ContextHandler.java:doStop(910)) - Stopped o.e.j.s.ServletContextHandler@5f05c8d6{/logs,file:///workdir/hadoop-ozone/integration-test/target/log,UNAVAILABLE}
2019-10-29 16:38:07,963 [main] INFO  handler.ContextHandler (ContextHandler.java:doStop(910)) - Stopped o.e.j.s.ServletContextHandler@cedee22{/static,jar:file:/home/user/.m2/repository/org/apache/hadoop/hadoop-hdds-container-service/0.5.0-SNAPSHOT/hadoop-hdds-container-service-0.5.0-SNAPSHOT.jar!/webapps/static,UNAVAILABLE}
2019-10-29 16:38:07,964 [main] INFO  handler.ContextHandler (ContextHandler.java:doStop(910)) - Stopped o.e.j.s.ServletContextHandler@796f632b{/logs,file:///workdir/hadoop-ozone/integration-test/target/log,UNAVAILABLE}
2019-10-29 16:38:07,982 [Datanode State Machine Thread - 0] INFO  statemachine.DatanodeStateMachine (DatanodeStateMachine.java:lambda$startDaemon$0(356)) - Ozone container server started.
2019-10-29 16:38:10,868 [EventQueue-StaleNodeForStaleNodeHandler] INFO  node.StaleNodeHandler (StaleNodeHandler.java:onMessage(58)) - Datanode 7028d41f-b32c-4cbe-8813-363cc02bb03c{ip: 192.168.164.217, host: pr-hdds-2034-76npd-2451761435, networkLocation: /default-rack, certSerialId: null} moved to stale state. Finalizing its pipelines [PipelineID=04b62dd6-9643-4d7a-9bab-64cc800e6712, PipelineID=c89bf3f3-0aff-4544-ad7c-f91d8cf5b25c]
2019-10-29 16:38:10,868 [EventQueue-StaleNodeForStaleNodeHandler] INFO  pipeline.SCMPipelineManager (SCMPipelineManager.java:finalizeAndDestroyPipeline(333)) - destroying pipeline:Pipeline[ Id: 04b62dd6-9643-4d7a-9bab-64cc800e6712, Nodes: 7028d41f-b32c-4cbe-8813-363cc02bb03c{ip: 192.168.164.217, host: pr-hdds-2034-76npd-2451761435, networkLocation: /default-rack, certSerialId: null}, Type:RATIS, Factor:ONE, State:OPEN]
2019-10-29 16:38:10,869 [EventQueue-StaleNodeForStaleNodeHandler] INFO  pipeline.PipelineStateManager (PipelineStateManager.java:finalizePipeline(123)) - Pipeline Pipeline[ Id: 04b62dd6-9643-4d7a-9bab-64cc800e6712, Nodes: 7028d41f-b32c-4cbe-8813-363cc02bb03c{ip: 192.168.164.217, host: pr-hdds-2034-76npd-2451761435, networkLocation: /default-rack, certSerialId: null}, Type:RATIS, Factor:ONE, State:CLOSED] moved to CLOSED state
2019-10-29 16:38:10,869 [EventQueue-CloseContainerForCloseContainerEventHandler] INFO  container.CloseContainerEventHandler (CloseContainerEventHandler.java:onMessage(61)) - Close container Event triggered for container : #1
2019-10-29 16:38:10,869 [EventQueue-StaleNodeForStaleNodeHandler] INFO  pipeline.SCMPipelineManager (SCMPipelineManager.java:finalizeAndDestroyPipeline(333)) - destroying pipeline:Pipeline[ Id: c89bf3f3-0aff-4544-ad7c-f91d8cf5b25c, Nodes: ca4d1033-c905-4eeb-87b4-1601b3c50e71{ip: 192.168.164.217, host: pr-hdds-2034-76npd-2451761435, networkLocation: /default-rack, certSerialId: null}7028d41f-b32c-4cbe-8813-363cc02bb03c{ip: 192.168.164.217, host: pr-hdds-2034-76npd-2451761435, networkLocation: /default-rack, certSerialId: null}35688c51-31e6-494a-bf84-40ad51252ac6{ip: 192.168.164.217, host: pr-hdds-2034-76npd-2451761435, networkLocation: /default-rack, certSerialId: null}, Type:RATIS, Factor:THREE, State:CLOSED]
2019-10-29 16:38:12,966 [ForkJoinPool.commonPool-worker-1] INFO  ozoneimpl.OzoneContainer (OzoneContainer.java:stop(227)) - Attempting to stop container services.
2019-10-29 16:38:12,967 [ForkJoinPool.commonPool-worker-1] INFO  impl.RaftServerProxy (RaftServerProxy.java:lambda$close$4(314)) - 7028d41f-b32c-4cbe-8813-363cc02bb03c: close
2019-10-29 16:38:12,967 [ForkJoinPool.commonPool-worker-1] INFO  impl.RaftServerImpl (RaftServerImpl.java:lambda$shutdown$3(250)) - 7028d41f-b32c-4cbe-8813-363cc02bb03c@group-64CC800E6712: shutdown
2019-10-29 16:38:12,967 [ForkJoinPool.commonPool-worker-1] INFO  util.JmxRegister (JmxRegister.java:unregister(73)) - Successfully un-registered JMX Bean with object name Ratis:service=RaftServer,group=group-64CC800E6712,id=7028d41f-b32c-4cbe-8813-363cc02bb03c
2019-10-29 16:38:12,968 [ForkJoinPool.commonPool-worker-1] INFO  impl.RoleInfo (RoleInfo.java:shutdownLeaderState(104)) - 7028d41f-b32c-4cbe-8813-363cc02bb03c: shutdown LeaderState
2019-10-29 16:38:12,968 [ForkJoinPool.commonPool-worker-1] INFO  impl.PendingRequests (PendingRequests.java:sendNotLeaderResponses(206)) - 7028d41f-b32c-4cbe-8813-363cc02bb03c@group-64CC800E6712-PendingRequests: sendNotLeaderResponses
2019-10-29 16:38:12,973 [ForkJoinPool.commonPool-worker-1] INFO  impl.StateMachineUpdater (StateMachineUpdater.java:stopAndJoin(136)) - 7028d41f-b32c-4cbe-8813-363cc02bb03c@group-64CC800E6712-StateMachineUpdater: set stopIndex = 3
2019-10-29 16:38:12,974 [7028d41f-b32c-4cbe-8813-363cc02bb03c@group-64CC800E6712-StateMachineUpdater] INFO  ratis.ContainerStateMachine (ContainerStateMachine.java:takeSnapshot(294)) - group-64CC800E6712: Taking a snapshot at:(t:1, i:2) file /workdir/hadoop-ozone/integration-test/target/test-dir/MiniOzoneClusterImpl-0c2cafbc-a1cb-44bb-893b-18fc22efbaa6/datanode-2/data/ratis/04b62dd6-9643-4d7a-9bab-64cc800e6712/sm/snapshot.1_2
2019-10-29 16:38:12,989 [7028d41f-b32c-4cbe-8813-363cc02bb03c@group-64CC800E6712-StateMachineUpdater] INFO  ratis.ContainerStateMachine (ContainerStateMachine.java:takeSnapshot(305)) - group-64CC800E6712: Finished taking a snapshot at:(t:1, i:2) file:/workdir/hadoop-ozone/integration-test/target/test-dir/MiniOzoneClusterImpl-0c2cafbc-a1cb-44bb-893b-18fc22efbaa6/datanode-2/data/ratis/04b62dd6-9643-4d7a-9bab-64cc800e6712/sm/snapshot.1_2 time:16
2019-10-29 16:38:12,989 [7028d41f-b32c-4cbe-8813-363cc02bb03c@group-64CC800E6712-StateMachineUpdater] INFO  impl.StateMachineUpdater (StateMachineUpdater.java:takeSnapshot(269)) - 7028d41f-b32c-4cbe-8813-363cc02bb03c@group-64CC800E6712-StateMachineUpdater: Took a snapshot at index 2
2019-10-29 16:38:12,989 [7028d41f-b32c-4cbe-8813-363cc02bb03c@group-64CC800E6712-StateMachineUpdater] INFO  impl.StateMachineUpdater (StateMachineUpdater.java:lambda$new$0(84)) - 7028d41f-b32c-4cbe-8813-363cc02bb03c@group-64CC800E6712-StateMachineUpdater: snapshotIndex: updateIncreasingly 2 -> 2
2019-10-29 16:38:12,990 [7028d41f-b32c-4cbe-8813-363cc02bb03c@group-64CC800E6712-StateMachineUpdater] INFO  ratis.ContainerStateMachine (ContainerStateMachine.java:takeSnapshot(294)) - group-64CC800E6712: Taking a snapshot at:(t:1, i:2) file /workdir/hadoop-ozone/integration-test/target/test-dir/MiniOzoneClusterImpl-0c2cafbc-a1cb-44bb-893b-18fc22efbaa6/datanode-2/data/ratis/04b62dd6-9643-4d7a-9bab-64cc800e6712/sm/snapshot.1_2
2019-10-29 16:38:13,002 [7028d41f-b32c-4cbe-8813-363cc02bb03c@group-64CC800E6712-StateMachineUpdater] INFO  ratis.ContainerStateMachine (ContainerStateMachine.java:takeSnapshot(305)) - group-64CC800E6712: Finished taking a snapshot at:(t:1, i:2) file:/workdir/hadoop-ozone/integration-test/target/test-dir/MiniOzoneClusterImpl-0c2cafbc-a1cb-44bb-893b-18fc22efbaa6/datanode-2/data/ratis/04b62dd6-9643-4d7a-9bab-64cc800e6712/sm/snapshot.1_2 time:12
2019-10-29 16:38:13,002 [7028d41f-b32c-4cbe-8813-363cc02bb03c@group-64CC800E6712-StateMachineUpdater] INFO  impl.StateMachineUpdater (StateMachineUpdater.java:takeSnapshot(269)) - 7028d41f-b32c-4cbe-8813-363cc02bb03c@group-64CC800E6712-StateMachineUpdater: Took a snapshot at index 2
2019-10-29 16:38:13,002 [7028d41f-b32c-4cbe-8813-363cc02bb03c@group-64CC800E6712-StateMachineUpdater] INFO  impl.StateMachineUpdater (StateMachineUpdater.java:lambda$new$0(84)) - 7028d41f-b32c-4cbe-8813-363cc02bb03c@group-64CC800E6712-StateMachineUpdater: snapshotIndex: updateIncreasingly 2 -> 2
2019-10-29 16:38:13,003 [ForkJoinPool.commonPool-worker-1] INFO  impl.RaftServerImpl (ServerState.java:close(387)) - 7028d41f-b32c-4cbe-8813-363cc02bb03c@group-64CC800E6712: closes. applyIndex: 3
2019-10-29 16:38:13,003 [7028d41f-b32c-4cbe-8813-363cc02bb03c@group-64CC800E6712-SegmentedRaftLogWorker] INFO  segmented.SegmentedRaftLogWorker (SegmentedRaftLogWorker.java:run(316)) - 7028d41f-b32c-4cbe-8813-363cc02bb03c@group-64CC800E6712-SegmentedRaftLogWorker was interrupted, exiting. There are 0 tasks remaining in the queue.
2019-10-29 16:38:13,004 [ForkJoinPool.commonPool-worker-1] INFO  segmented.SegmentedRaftLogWorker (SegmentedRaftLogWorker.java:close(224)) - 7028d41f-b32c-4cbe-8813-363cc02bb03c@group-64CC800E6712-SegmentedRaftLogWorker close()
2019-10-29 16:38:13,005 [ForkJoinPool.commonPool-worker-1] INFO  impl.RaftServerImpl (RaftServerImpl.java:lambda$shutdown$3(250)) - 7028d41f-b32c-4cbe-8813-363cc02bb03c@group-F91D8CF5B25C: shutdown
2019-10-29 16:38:13,005 [ForkJoinPool.commonPool-worker-1] INFO  util.JmxRegister (JmxRegister.java:unregister(73)) - Successfully un-registered JMX Bean with object name Ratis:service=RaftServer,group=group-F91D8CF5B25C,id=7028d41f-b32c-4cbe-8813-363cc02bb03c
2019-10-29 16:38:13,006 [ForkJoinPool.commonPool-worker-1] INFO  impl.RoleInfo (RoleInfo.java:shutdownFollowerState(121)) - 7028d41f-b32c-4cbe-8813-363cc02bb03c: shutdown FollowerState
2019-10-29 16:38:13,006 [ForkJoinPool.commonPool-worker-1] INFO  impl.StateMachineUpdater (StateMachineUpdater.java:stopAndJoin(136)) - 7028d41f-b32c-4cbe-8813-363cc02bb03c@group-F91D8CF5B25C-StateMachineUpdater: set stopIndex = 0
2019-10-29 16:38:13,006 [Thread-462] INFO  impl.FollowerState (FollowerState.java:run(120)) - 7028d41f-b32c-4cbe-8813-363cc02bb03c@group-F91D8CF5B25C-FollowerState was interrupted: java.lang.InterruptedException: sleep interrupted
2019-10-29 16:38:13,008 [ForkJoinPool.commonPool-worker-1] INFO  impl.RaftServerImpl (ServerState.java:close(387)) - 7028d41f-b32c-4cbe-8813-363cc02bb03c@group-F91D8CF5B25C: closes. applyIndex: 0
2019-10-29 16:38:13,008 [7028d41f-b32c-4cbe-8813-363cc02bb03c@group-F91D8CF5B25C-SegmentedRaftLogWorker] INFO  segmented.SegmentedRaftLogWorker (SegmentedRaftLogWorker.java:run(316)) - 7028d41f-b32c-4cbe-8813-363cc02bb03c@group-F91D8CF5B25C-SegmentedRaftLogWorker was interrupted, exiting. There are 0 tasks remaining in the queue.
2019-10-29 16:38:13,008 [ForkJoinPool.commonPool-worker-1] INFO  segmented.SegmentedRaftLogWorker (SegmentedRaftLogWorker.java:close(224)) - 7028d41f-b32c-4cbe-8813-363cc02bb03c@group-F91D8CF5B25C-SegmentedRaftLogWorker close()
2019-10-29 16:38:13,010 [ForkJoinPool.commonPool-worker-1] INFO  server.GrpcService (GrpcService.java:closeImpl(164)) - 7028d41f-b32c-4cbe-8813-363cc02bb03c: shutdown server with port 33903 now
2019-10-29 16:38:13,011 [ForkJoinPool.commonPool-worker-1] INFO  server.GrpcService (GrpcService.java:closeImpl(172)) - 7028d41f-b32c-4cbe-8813-363cc02bb03c: shutdown server with port 33903 successfully
2019-10-29 16:38:13,016 [refreshUsed-/workdir/hadoop-ozone/integration-test/target/test-dir/MiniOzoneClusterImpl-0c2cafbc-a1cb-44bb-893b-18fc22efbaa6/datanode-2/data/containers] WARN  fs.CachingGetSpaceUsed (CachingGetSpaceUsed.java:run(183)) - Thread Interrupted waiting to refresh disk information: sleep interrupted
2019-10-29 16:38:13,033 [ForkJoinPool.commonPool-worker-1] INFO  utils.BackgroundService (BackgroundService.java:shutdown(151)) - Shutting down service BlockDeletingService
2019-10-29 16:38:13,035 [ForkJoinPool.commonPool-worker-1] INFO  statemachine.DatanodeStateMachine (DatanodeStateMachine.java:stopDaemon(401)) - Ozone container server stopped.
2019-10-29 16:38:13,037 [ForkJoinPool.commonPool-worker-1] INFO  handler.ContextHandler (ContextHandler.java:doStop(910)) - Stopped o.e.j.w.WebAppContext@fe87ddd{/,null,UNAVAILABLE}{/hddsDatanode}
2019-10-29 16:38:13,038 [ForkJoinPool.commonPool-worker-1] INFO  server.AbstractConnector (AbstractConnector.java:doStop(318)) - Stopped ServerConnector@4eea94a4{HTTP/1.1,[http/1.1]}{0.0.0.0:0}
2019-10-29 16:38:13,039 [ForkJoinPool.commonPool-worker-1] INFO  handler.ContextHandler (ContextHandler.java:doStop(910)) - Stopped o.e.j.s.ServletContextHandler@32ec9c90{/static,jar:file:/home/user/.m2/repository/org/apache/hadoop/hadoop-hdds-container-service/0.5.0-SNAPSHOT/hadoop-hdds-container-service-0.5.0-SNAPSHOT.jar!/webapps/static,UNAVAILABLE}
2019-10-29 16:38:13,040 [ForkJoinPool.commonPool-worker-1] INFO  handler.ContextHandler (ContextHandler.java:doStop(910)) - Stopped o.e.j.s.ServletContextHandler@659f226a{/logs,file:///workdir/hadoop-ozone/integration-test/target/log,UNAVAILABLE}
2019-10-29 16:38:13,041 [main] INFO  ozone.MiniOzoneClusterImpl (MiniOzoneClusterImpl.java:stopSCM(416)) - Stopping the StorageContainerManager
2019-10-29 16:38:13,041 [main] INFO  server.StorageContainerManager (StorageContainerManager.java:stop(809)) - Stopping Replication Manager Service.
2019-10-29 16:38:13,042 [main] INFO  container.ReplicationManager (ReplicationManager.java:stop(203)) - Stopping Replication Monitor Thread.
2019-10-29 16:38:13,042 [main] INFO  server.StorageContainerManager (StorageContainerManager.java:stop(816)) - Stopping Lease Manager of the command watchers
2019-10-29 16:38:13,042 [main] INFO  server.StorageContainerManager (StorageContainerManager.java:stop(823)) - Stopping datanode service RPC server
2019-10-29 16:38:13,042 [main] INFO  server.SCMDatanodeProtocolServer (SCMDatanodeProtocolServer.java:stop(366)) - Stopping the RPC server for DataNodes
2019-10-29 16:38:13,043 [main] INFO  ipc.Server (Server.java:stop(3082)) - Stopping server on 37541
2019-10-29 16:38:13,044 [IPC Server listener on 37541] INFO  ipc.Server (Server.java:run(1185)) - Stopping IPC Server listener on 37541
2019-10-29 16:38:13,045 [IPC Server Responder] INFO  ipc.Server (Server.java:run(1319)) - Stopping IPC Server Responder
2019-10-29 16:38:13,071 [SCM Heartbeat Processing Thread - 0] WARN  node.NodeStateManager (NodeStateManager.java:scheduleNextHealthCheck(646)) - Current Thread is interrupted, shutting down HB processing thread for Node Manager.
2019-10-29 16:38:13,071 [main] INFO  server.StorageContainerManager (StorageContainerManager.java:stop(831)) - Stopping block service RPC server
2019-10-29 16:38:13,072 [main] INFO  server.SCMBlockProtocolServer (SCMBlockProtocolServer.java:stop(155)) - Stopping the RPC server for Block Protocol
2019-10-29 16:38:13,072 [main] INFO  ipc.Server (Server.java:stop(3082)) - Stopping server on 37856
2019-10-29 16:38:13,073 [IPC Server listener on 37856] INFO  ipc.Server (Server.java:run(1185)) - Stopping IPC Server listener on 37856
2019-10-29 16:38:13,073 [main] INFO  server.StorageContainerManager (StorageContainerManager.java:stop(838)) - Stopping the StorageContainerLocationProtocol RPC server
2019-10-29 16:38:13,073 [IPC Server Responder] INFO  ipc.Server (Server.java:run(1319)) - Stopping IPC Server Responder
2019-10-29 16:38:13,075 [main] INFO  server.SCMClientProtocolServer (SCMClientProtocolServer.java:stop(168)) - Stopping the RPC server for Client Protocol
2019-10-29 16:38:13,075 [main] INFO  ipc.Server (Server.java:stop(3082)) - Stopping server on 39441
2019-10-29 16:38:13,076 [IPC Server listener on 39441] INFO  ipc.Server (Server.java:run(1185)) - Stopping IPC Server listener on 39441
2019-10-29 16:38:13,077 [main] INFO  server.StorageContainerManager (StorageContainerManager.java:stop(845)) - Stopping Storage Container Manager HTTP server.
2019-10-29 16:38:13,077 [IPC Server Responder] INFO  ipc.Server (Server.java:run(1319)) - Stopping IPC Server Responder
2019-10-29 16:38:13,078 [main] INFO  handler.ContextHandler (ContextHandler.java:doStop(910)) - Stopped o.e.j.w.WebAppContext@6680f714{/,null,UNAVAILABLE}{/scm}
2019-10-29 16:38:13,079 [main] INFO  server.AbstractConnector (AbstractConnector.java:doStop(318)) - Stopped ServerConnector@53b1a3f8{HTTP/1.1,[http/1.1]}{0.0.0.0:0}
2019-10-29 16:38:13,079 [main] INFO  handler.ContextHandler (ContextHandler.java:doStop(910)) - Stopped o.e.j.s.ServletContextHandler@1823b9c4{/static,file:///workdir/hadoop-ozone/integration-test/target/test-classes/webapps/static,UNAVAILABLE}
2019-10-29 16:38:13,080 [main] INFO  handler.ContextHandler (ContextHandler.java:doStop(910)) - Stopped o.e.j.s.ServletContextHandler@68699afc{/logs,file:///workdir/hadoop-ozone/integration-test/target/log,UNAVAILABLE}
2019-10-29 16:38:13,081 [main] INFO  server.StorageContainerManager (StorageContainerManager.java:stop(856)) - Stopping Block Manager Service.
2019-10-29 16:38:13,081 [main] INFO  utils.BackgroundService (BackgroundService.java:shutdown(151)) - Shutting down service SCMBlockDeletingService
2019-10-29 16:38:13,082 [main] INFO  utils.BackgroundService (BackgroundService.java:shutdown(151)) - Shutting down service SCMBlockDeletingService
2019-10-29 16:38:13,082 [main] INFO  server.StorageContainerManager (StorageContainerManager.java:stop(878)) - Stopping SCM Event Queue.
2019-10-29 16:38:13,087 [main] INFO  impl.MetricsSystemImpl (MetricsSystemImpl.java:stop(210)) - Stopping HddsDatanode metrics system...
2019-10-29 16:38:13,092 [main] INFO  impl.MetricsSystemImpl (MetricsSystemImpl.java:stop(216)) - HddsDatanode metrics system stopped.
]]></system-out>
  </testcase>
</testsuite>